<?xml version="1.0" encoding="UTF-8"?>
<testsuite xmlns:xsi="http://www.w3.org/2001/XMLSchema-instance" xsi:noNamespaceSchemaLocation="https://maven.apache.org/surefire/maven-surefire-plugin/xsd/surefire-test-report.xsd" name="org.apache.hadoop.ozone.client.rpc.TestFailureHandlingByClient" time="347.575" tests="5" errors="0" skipped="0" failures="1">
  <properties>
    <property name="awt.toolkit" value="sun.awt.X11.XToolkit"/>
    <property name="file.encoding.pkg" value="sun.io"/>
    <property name="java.specification.version" value="1.8"/>
    <property name="sun.cpu.isalist" value=""/>
    <property name="sun.jnu.encoding" value="UTF-8"/>
    <property name="java.class.path" value="/workdir/hadoop-ozone/integration-test/target/test-classes:/workdir/hadoop-ozone/integration-test/target/classes:/home/user/.m2/repository/org/apache/hadoop/hadoop-ozone-common/0.5.0-SNAPSHOT/hadoop-ozone-common-0.5.0-SNAPSHOT.jar:/home/user/.m2/repository/org/apache/commons/commons-compress/1.4.1/commons-compress-1.4.1.jar:/home/user/.m2/repository/org/tukaani/xz/1.0/xz-1.0.jar:/home/user/.m2/repository/org/apache/hadoop/hadoop-common/3.2.0/hadoop-common-3.2.0.jar:/home/user/.m2/repository/org/apache/hadoop/hadoop-hdfs/3.2.0/hadoop-hdfs-3.2.0.jar:/home/user/.m2/repository/org/apache/hadoop/hadoop-hdfs-client/3.2.0/hadoop-hdfs-client-3.2.0.jar:/home/user/.m2/repository/com/fasterxml/jackson/core/jackson-annotations/2.9.9/jackson-annotations-2.9.9.jar:/home/user/.m2/repository/org/apache/hadoop/hadoop-hdds-common/0.5.0-SNAPSHOT/hadoop-hdds-common-0.5.0-SNAPSHOT.jar:/home/user/.m2/repository/javax/annotation/javax.annotation-api/1.2/javax.annotation-api-1.2.jar:/home/user/.m2/repository/org/apache/ratis/ratis-server/0.5.0-201fc85-SNAPSHOT/ratis-server-0.5.0-201fc85-SNAPSHOT.jar:/home/user/.m2/repository/org/apache/ratis/ratis-thirdparty-misc/0.2.0/ratis-thirdparty-misc-0.2.0.jar:/home/user/.m2/repository/org/apache/ratis/ratis-proto/0.5.0-201fc85-SNAPSHOT/ratis-proto-0.5.0-201fc85-SNAPSHOT.jar:/home/user/.m2/repository/org/apache/ratis/ratis-common/0.5.0-201fc85-SNAPSHOT/ratis-common-0.5.0-201fc85-SNAPSHOT.jar:/home/user/.m2/repository/org/apache/ratis/ratis-client/0.5.0-201fc85-SNAPSHOT/ratis-client-0.5.0-201fc85-SNAPSHOT.jar:/home/user/.m2/repository/org/apache/ratis/ratis-metrics/0.5.0-201fc85-SNAPSHOT/ratis-metrics-0.5.0-201fc85-SNAPSHOT.jar:/home/user/.m2/repository/com/github/joshelser/dropwizard-metrics-hadoop-metrics2-reporter/0.1.2/dropwizard-metrics-hadoop-metrics2-reporter-0.1.2.jar:/home/user/.m2/repository/io/dropwizard/metrics/metrics-jvm/3.2.5/metrics-jvm-3.2.5.jar:/home/user/.m2/repository/io/dropwizard/metrics/metrics-ganglia/3.2.5/metrics-ganglia-3.2.5.jar:/home/user/.m2/repository/info/ganglia/gmetric4j/gmetric4j/1.0.7/gmetric4j-1.0.7.jar:/home/user/.m2/repository/org/apache/ratis/ratis-netty/0.5.0-201fc85-SNAPSHOT/ratis-netty-0.5.0-201fc85-SNAPSHOT.jar:/home/user/.m2/repository/org/apache/ratis/ratis-grpc/0.5.0-201fc85-SNAPSHOT/ratis-grpc-0.5.0-201fc85-SNAPSHOT.jar:/home/user/.m2/repository/org/rocksdb/rocksdbjni/6.0.1/rocksdbjni-6.0.1.jar:/home/user/.m2/repository/org/apache/logging/log4j/log4j-api/2.11.0/log4j-api-2.11.0.jar:/home/user/.m2/repository/org/apache/logging/log4j/log4j-core/2.11.0/log4j-core-2.11.0.jar:/home/user/.m2/repository/com/lmax/disruptor/3.4.2/disruptor-3.4.2.jar:/home/user/.m2/repository/org/apache/commons/commons-pool2/2.6.0/commons-pool2-2.6.0.jar:/home/user/.m2/repository/org/bouncycastle/bcpkix-jdk15on/1.60/bcpkix-jdk15on-1.60.jar:/home/user/.m2/repository/commons-validator/commons-validator/1.6/commons-validator-1.6.jar:/home/user/.m2/repository/commons-digester/commons-digester/1.8.1/commons-digester-1.8.1.jar:/home/user/.m2/repository/io/jaegertracing/jaeger-client/0.34.0/jaeger-client-0.34.0.jar:/home/user/.m2/repository/io/jaegertracing/jaeger-thrift/0.34.0/jaeger-thrift-0.34.0.jar:/home/user/.m2/repository/org/apache/thrift/libthrift/0.12.0/libthrift-0.12.0.jar:/home/user/.m2/repository/com/squareup/okhttp3/okhttp/3.9.0/okhttp-3.9.0.jar:/home/user/.m2/repository/com/squareup/okio/okio/1.13.0/okio-1.13.0.jar:/home/user/.m2/repository/io/jaegertracing/jaeger-core/0.34.0/jaeger-core-0.34.0.jar:/home/user/.m2/repository/io/jaegertracing/jaeger-tracerresolver/0.34.0/jaeger-tracerresolver-0.34.0.jar:/home/user/.m2/repository/io/opentracing/contrib/opentracing-tracerresolver/0.1.5/opentracing-tracerresolver-0.1.5.jar:/home/user/.m2/repository/io/opentracing/opentracing-util/0.31.0/opentracing-util-0.31.0.jar:/home/user/.m2/repository/io/opentracing/opentracing-api/0.31.0/opentracing-api-0.31.0.jar:/home/user/.m2/repository/io/opentracing/opentracing-noop/0.31.0/opentracing-noop-0.31.0.jar:/home/user/.m2/repository/org/apache/hadoop/hadoop-hdds-server-framework/0.5.0-SNAPSHOT/hadoop-hdds-server-framework-0.5.0-SNAPSHOT.jar:/home/user/.m2/repository/org/apache/hadoop/hadoop-hdds-container-service/0.5.0-SNAPSHOT/hadoop-hdds-container-service-0.5.0-SNAPSHOT.jar:/home/user/.m2/repository/org/apache/hadoop/hadoop-hdds-client/0.5.0-SNAPSHOT/hadoop-hdds-client-0.5.0-SNAPSHOT.jar:/home/user/.m2/repository/org/apache/hadoop/hadoop-hdds-tools/0.5.0-SNAPSHOT/hadoop-hdds-tools-0.5.0-SNAPSHOT.jar:/home/user/.m2/repository/org/apache/hadoop/hadoop-hdds-server-scm/0.5.0-SNAPSHOT/hadoop-hdds-server-scm-0.5.0-SNAPSHOT.jar:/home/user/.m2/repository/org/apache/hadoop/hadoop-hdds-docs/0.5.0-SNAPSHOT/hadoop-hdds-docs-0.5.0-SNAPSHOT.jar:/home/user/.m2/repository/io/dropwizard/metrics/metrics-core/3.2.4/metrics-core-3.2.4.jar:/home/user/.m2/repository/org/hamcrest/hamcrest-all/1.3/hamcrest-all-1.3.jar:/home/user/.m2/repository/org/bouncycastle/bcprov-jdk15on/1.60/bcprov-jdk15on-1.60.jar:/home/user/.m2/repository/info/picocli/picocli/3.9.6/picocli-3.9.6.jar:/home/user/.m2/repository/com/google/protobuf/protobuf-java/2.5.0/protobuf-java-2.5.0.jar:/home/user/.m2/repository/com/google/guava/guava/11.0.2/guava-11.0.2.jar:/home/user/.m2/repository/org/apache/hadoop/hadoop-ozone-ozone-manager/0.5.0-SNAPSHOT/hadoop-ozone-ozone-manager-0.5.0-SNAPSHOT.jar:/home/user/.m2/repository/org/apache/hadoop/hadoop-minikdc/3.2.0/hadoop-minikdc-3.2.0.jar:/home/user/.m2/repository/commons-io/commons-io/2.5/commons-io-2.5.jar:/home/user/.m2/repository/org/apache/kerby/kerb-simplekdc/1.0.1/kerb-simplekdc-1.0.1.jar:/home/user/.m2/repository/org/apache/kerby/kerb-client/1.0.1/kerb-client-1.0.1.jar:/home/user/.m2/repository/org/apache/kerby/kerby-config/1.0.1/kerby-config-1.0.1.jar:/home/user/.m2/repository/org/apache/kerby/kerb-core/1.0.1/kerb-core-1.0.1.jar:/home/user/.m2/repository/org/apache/kerby/kerby-pkix/1.0.1/kerby-pkix-1.0.1.jar:/home/user/.m2/repository/org/apache/kerby/kerby-asn1/1.0.1/kerby-asn1-1.0.1.jar:/home/user/.m2/repository/org/apache/kerby/kerby-util/1.0.1/kerby-util-1.0.1.jar:/home/user/.m2/repository/org/apache/kerby/kerb-common/1.0.1/kerb-common-1.0.1.jar:/home/user/.m2/repository/org/apache/kerby/kerb-crypto/1.0.1/kerb-crypto-1.0.1.jar:/home/user/.m2/repository/org/apache/kerby/kerb-util/1.0.1/kerb-util-1.0.1.jar:/home/user/.m2/repository/org/apache/kerby/token-provider/1.0.1/token-provider-1.0.1.jar:/home/user/.m2/repository/org/apache/kerby/kerb-admin/1.0.1/kerb-admin-1.0.1.jar:/home/user/.m2/repository/org/apache/kerby/kerb-server/1.0.1/kerb-server-1.0.1.jar:/home/user/.m2/repository/org/apache/kerby/kerb-identity/1.0.1/kerb-identity-1.0.1.jar:/home/user/.m2/repository/org/apache/kerby/kerby-xdr/1.0.1/kerby-xdr-1.0.1.jar:/home/user/.m2/repository/org/slf4j/slf4j-log4j12/1.7.25/slf4j-log4j12-1.7.25.jar:/home/user/.m2/repository/org/apache/hadoop/hadoop-ozone-s3gateway/0.5.0-SNAPSHOT/hadoop-ozone-s3gateway-0.5.0-SNAPSHOT.jar:/home/user/.m2/repository/org/jboss/weld/servlet/weld-servlet/2.4.7.Final/weld-servlet-2.4.7.Final.jar:/home/user/.m2/repository/org/glassfish/jersey/containers/jersey-container-servlet-core/2.27/jersey-container-servlet-core-2.27.jar:/home/user/.m2/repository/org/glassfish/hk2/external/javax.inject/2.5.0-b42/javax.inject-2.5.0-b42.jar:/home/user/.m2/repository/org/glassfish/jersey/core/jersey-common/2.27/jersey-common-2.27.jar:/home/user/.m2/repository/org/glassfish/hk2/osgi-resource-locator/1.0.1/osgi-resource-locator-1.0.1.jar:/home/user/.m2/repository/javax/ws/rs/javax.ws.rs-api/2.1/javax.ws.rs-api-2.1.jar:/home/user/.m2/repository/org/glassfish/jersey/ext/cdi/jersey-cdi1x/2.27/jersey-cdi1x-2.27.jar:/home/user/.m2/repository/org/glassfish/jersey/inject/jersey-hk2/2.27/jersey-hk2-2.27.jar:/home/user/.m2/repository/org/glassfish/hk2/hk2-locator/2.5.0-b42/hk2-locator-2.5.0-b42.jar:/home/user/.m2/repository/org/javassist/javassist/3.22.0-CR2/javassist-3.22.0-CR2.jar:/home/user/.m2/repository/org/glassfish/hk2/hk2-api/2.5.0/hk2-api-2.5.0.jar:/home/user/.m2/repository/org/glassfish/hk2/external/jakarta.inject/2.5.0/jakarta.inject-2.5.0.jar:/home/user/.m2/repository/org/glassfish/hk2/hk2-utils/2.5.0/hk2-utils-2.5.0.jar:/home/user/.m2/repository/jakarta/annotation/jakarta.annotation-api/1.3.4/jakarta.annotation-api-1.3.4.jar:/home/user/.m2/repository/org/glassfish/hk2/external/aopalliance-repackaged/2.5.0/aopalliance-repackaged-2.5.0.jar:/home/user/.m2/repository/com/fasterxml/jackson/dataformat/jackson-dataformat-xml/2.9.0/jackson-dataformat-xml-2.9.0.jar:/home/user/.m2/repository/com/fasterxml/jackson/core/jackson-core/2.9.9/jackson-core-2.9.9.jar:/home/user/.m2/repository/com/fasterxml/jackson/module/jackson-module-jaxb-annotations/2.9.9/jackson-module-jaxb-annotations-2.9.9.jar:/home/user/.m2/repository/javax/enterprise/cdi-api/1.2/cdi-api-1.2.jar:/home/user/.m2/repository/javax/el/javax.el-api/3.0.0/javax.el-api-3.0.0.jar:/home/user/.m2/repository/javax/interceptor/javax.interceptor-api/1.2/javax.interceptor-api-1.2.jar:/home/user/.m2/repository/javax/inject/javax.inject/1/javax.inject-1.jar:/home/user/.m2/repository/com/sun/xml/bind/jaxb-impl/2.3.0.1/jaxb-impl-2.3.0.1.jar:/home/user/.m2/repository/com/sun/xml/bind/jaxb-core/2.3.0.1/jaxb-core-2.3.0.1.jar:/home/user/.m2/repository/javax/xml/bind/jaxb-api/2.3.0/jaxb-api-2.3.0.jar:/home/user/.m2/repository/javax/activation/activation/1.1.1/activation-1.1.1.jar:/home/user/.m2/repository/org/apache/hadoop/hadoop-ozone-csi/0.5.0-SNAPSHOT/hadoop-ozone-csi-0.5.0-SNAPSHOT.jar:/home/user/.m2/repository/com/google/protobuf/protobuf-java-util/3.5.1/protobuf-java-util-3.5.1.jar:/home/user/.m2/repository/org/apache/hadoop/hadoop-hdds-config/0.5.0-SNAPSHOT/hadoop-hdds-config-0.5.0-SNAPSHOT.jar:/home/user/.m2/repository/io/grpc/grpc-netty/1.17.1/grpc-netty-1.17.1.jar:/home/user/.m2/repository/io/grpc/grpc-core/1.17.1/grpc-core-1.17.1.jar:/home/user/.m2/repository/io/grpc/grpc-context/1.17.1/grpc-context-1.17.1.jar:/home/user/.m2/repository/com/google/errorprone/error_prone_annotations/2.2.0/error_prone_annotations-2.2.0.jar:/home/user/.m2/repository/org/codehaus/mojo/animal-sniffer-annotations/1.17/animal-sniffer-annotations-1.17.jar:/home/user/.m2/repository/io/opencensus/opencensus-api/0.17.0/opencensus-api-0.17.0.jar:/home/user/.m2/repository/io/opencensus/opencensus-contrib-grpc-metrics/0.17.0/opencensus-contrib-grpc-metrics-0.17.0.jar:/home/user/.m2/repository/io/netty/netty-codec-http2/4.1.30.Final/netty-codec-http2-4.1.30.Final.jar:/home/user/.m2/repository/io/netty/netty-codec-http/4.1.30.Final/netty-codec-http-4.1.30.Final.jar:/home/user/.m2/repository/io/netty/netty-codec/4.1.30.Final/netty-codec-4.1.30.Final.jar:/home/user/.m2/repository/io/netty/netty-handler/4.1.30.Final/netty-handler-4.1.30.Final.jar:/home/user/.m2/repository/io/netty/netty-handler-proxy/4.1.30.Final/netty-handler-proxy-4.1.30.Final.jar:/home/user/.m2/repository/io/netty/netty-codec-socks/4.1.30.Final/netty-codec-socks-4.1.30.Final.jar:/home/user/.m2/repository/io/netty/netty-transport-native-epoll/4.1.30.Final/netty-transport-native-epoll-4.1.30.Final.jar:/home/user/.m2/repository/io/netty/netty-common/4.1.30.Final/netty-common-4.1.30.Final.jar:/home/user/.m2/repository/io/netty/netty-buffer/4.1.30.Final/netty-buffer-4.1.30.Final.jar:/home/user/.m2/repository/io/netty/netty-transport/4.1.30.Final/netty-transport-4.1.30.Final.jar:/home/user/.m2/repository/io/netty/netty-resolver/4.1.30.Final/netty-resolver-4.1.30.Final.jar:/home/user/.m2/repository/io/netty/netty-transport-native-unix-common/4.1.30.Final/netty-transport-native-unix-common-4.1.30.Final.jar:/home/user/.m2/repository/io/grpc/grpc-protobuf/1.17.1/grpc-protobuf-1.17.1.jar:/home/user/.m2/repository/com/google/api/grpc/proto-google-common-protos/1.0.0/proto-google-common-protos-1.0.0.jar:/home/user/.m2/repository/io/grpc/grpc-protobuf-lite/1.17.1/grpc-protobuf-lite-1.17.1.jar:/home/user/.m2/repository/io/grpc/grpc-stub/1.17.1/grpc-stub-1.17.1.jar:/home/user/.m2/repository/org/apache/hadoop/hadoop-ozone-recon/0.5.0-SNAPSHOT/hadoop-ozone-recon-0.5.0-SNAPSHOT.jar:/home/user/.m2/repository/org/apache/hadoop/hadoop-ozone-reconcodegen/0.5.0-SNAPSHOT/hadoop-ozone-reconcodegen-0.5.0-SNAPSHOT.jar:/home/user/.m2/repository/com/google/inject/extensions/guice-multibindings/4.0/guice-multibindings-4.0.jar:/home/user/.m2/repository/com/google/inject/guice/4.0/guice-4.0.jar:/home/user/.m2/repository/aopalliance/aopalliance/1.0/aopalliance-1.0.jar:/home/user/.m2/repository/com/google/inject/extensions/guice-servlet/4.0/guice-servlet-4.0.jar:/home/user/.m2/repository/org/glassfish/jersey/containers/jersey-container-servlet/2.27/jersey-container-servlet-2.27.jar:/home/user/.m2/repository/org/glassfish/hk2/guice-bridge/2.5.0/guice-bridge-2.5.0.jar:/home/user/.m2/repository/org/glassfish/jersey/core/jersey-server/2.27/jersey-server-2.27.jar:/home/user/.m2/repository/org/glassfish/jersey/core/jersey-client/2.27/jersey-client-2.27.jar:/home/user/.m2/repository/org/glassfish/jersey/media/jersey-media-jaxb/2.27/jersey-media-jaxb-2.27.jar:/home/user/.m2/repository/javax/validation/validation-api/1.1.0.Final/validation-api-1.1.0.Final.jar:/home/user/.m2/repository/org/glassfish/jersey/media/jersey-media-json-jackson/2.27/jersey-media-json-jackson-2.27.jar:/home/user/.m2/repository/org/glassfish/jersey/ext/jersey-entity-filtering/2.27/jersey-entity-filtering-2.27.jar:/home/user/.m2/repository/com/google/inject/extensions/guice-assistedinject/4.0/guice-assistedinject-4.0.jar:/home/user/.m2/repository/org/jooq/jooq/3.11.10/jooq-3.11.10.jar:/home/user/.m2/repository/org/jooq/jooq-meta/3.11.10/jooq-meta-3.11.10.jar:/home/user/.m2/repository/org/jooq/jooq-codegen/3.11.10/jooq-codegen-3.11.10.jar:/home/user/.m2/repository/com/jolbox/bonecp/0.8.0.RELEASE/bonecp-0.8.0.RELEASE.jar:/home/user/.m2/repository/org/xerial/sqlite-jdbc/3.25.2/sqlite-jdbc-3.25.2.jar:/home/user/.m2/repository/org/springframework/spring-jdbc/5.1.3.RELEASE/spring-jdbc-5.1.3.RELEASE.jar:/home/user/.m2/repository/org/springframework/spring-beans/5.1.3.RELEASE/spring-beans-5.1.3.RELEASE.jar:/home/user/.m2/repository/org/springframework/spring-core/5.1.3.RELEASE/spring-core-5.1.3.RELEASE.jar:/home/user/.m2/repository/org/springframework/spring-jcl/5.1.3.RELEASE/spring-jcl-5.1.3.RELEASE.jar:/home/user/.m2/repository/org/springframework/spring-tx/5.1.3.RELEASE/spring-tx-5.1.3.RELEASE.jar:/home/user/.m2/repository/org/apache/hadoop/hadoop-ozone-client/0.5.0-SNAPSHOT/hadoop-ozone-client-0.5.0-SNAPSHOT.jar:/home/user/.m2/repository/commons-lang/commons-lang/2.6/commons-lang-2.6.jar:/home/user/.m2/repository/org/apache/hadoop/hadoop-ozone-ozone-manager/0.5.0-SNAPSHOT/hadoop-ozone-ozone-manager-0.5.0-SNAPSHOT-tests.jar:/home/user/.m2/repository/junit/junit/4.11/junit-4.11.jar:/home/user/.m2/repository/org/hamcrest/hamcrest-core/1.3/hamcrest-core-1.3.jar:/home/user/.m2/repository/org/openjdk/jmh/jmh-core/1.19/jmh-core-1.19.jar:/home/user/.m2/repository/net/sf/jopt-simple/jopt-simple/4.6/jopt-simple-4.6.jar:/home/user/.m2/repository/org/apache/commons/commons-math3/3.1.1/commons-math3-3.1.1.jar:/home/user/.m2/repository/org/openjdk/jmh/jmh-generator-annprocess/1.19/jmh-generator-annprocess-1.19.jar:/home/user/.m2/repository/org/mockito/mockito-all/1.8.5/mockito-all-1.8.5.jar:/home/user/.m2/repository/org/apache/hadoop/hadoop-kms/3.2.0/hadoop-kms-3.2.0.jar:/home/user/.m2/repository/org/apache/hadoop/hadoop-auth/3.2.0/hadoop-auth-3.2.0.jar:/home/user/.m2/repository/com/nimbusds/nimbus-jose-jwt/4.41.1/nimbus-jose-jwt-4.41.1.jar:/home/user/.m2/repository/com/github/stephenc/jcip/jcip-annotations/1.0-1/jcip-annotations-1.0-1.jar:/home/user/.m2/repository/net/minidev/json-smart/2.3/json-smart-2.3.jar:/home/user/.m2/repository/net/minidev/accessors-smart/1.2/accessors-smart-1.2.jar:/home/user/.m2/repository/org/ow2/asm/asm/5.0.4/asm-5.0.4.jar:/home/user/.m2/repository/org/apache/curator/curator-framework/2.12.0/curator-framework-2.12.0.jar:/home/user/.m2/repository/com/sun/jersey/jersey-core/1.19/jersey-core-1.19.jar:/home/user/.m2/repository/javax/ws/rs/jsr311-api/1.1.1/jsr311-api-1.1.1.jar:/home/user/.m2/repository/com/sun/jersey/jersey-server/1.19/jersey-server-1.19.jar:/home/user/.m2/repository/javax/servlet/javax.servlet-api/3.1.0/javax.servlet-api-3.1.0.jar:/home/user/.m2/repository/org/eclipse/jetty/jetty-server/9.3.25.v20180904/jetty-server-9.3.25.v20180904.jar:/home/user/.m2/repository/org/eclipse/jetty/jetty-http/9.3.25.v20180904/jetty-http-9.3.25.v20180904.jar:/home/user/.m2/repository/org/eclipse/jetty/jetty-io/9.3.25.v20180904/jetty-io-9.3.25.v20180904.jar:/home/user/.m2/repository/org/eclipse/jetty/jetty-webapp/9.3.25.v20180904/jetty-webapp-9.3.25.v20180904.jar:/home/user/.m2/repository/org/eclipse/jetty/jetty-xml/9.3.25.v20180904/jetty-xml-9.3.25.v20180904.jar:/home/user/.m2/repository/log4j/log4j/1.2.17/log4j-1.2.17.jar:/home/user/.m2/repository/org/slf4j/slf4j-api/1.7.25/slf4j-api-1.7.25.jar:/home/user/.m2/repository/org/slf4j/jul-to-slf4j/1.7.25/jul-to-slf4j-1.7.25.jar:/home/user/.m2/repository/org/eclipse/jetty/jetty-util/9.3.25.v20180904/jetty-util-9.3.25.v20180904.jar:/home/user/.m2/repository/com/fasterxml/jackson/core/jackson-databind/2.9.9/jackson-databind-2.9.9.jar:/home/user/.m2/repository/org/apache/hadoop/hadoop-kms/3.2.0/hadoop-kms-3.2.0-tests.jar:/home/user/.m2/repository/org/apache/hadoop/hadoop-hdds-server-scm/0.5.0-SNAPSHOT/hadoop-hdds-server-scm-0.5.0-SNAPSHOT-tests.jar:/home/user/.m2/repository/org/apache/hadoop/hadoop-hdds-container-service/0.5.0-SNAPSHOT/hadoop-hdds-container-service-0.5.0-SNAPSHOT-tests.jar:/home/user/.m2/repository/org/yaml/snakeyaml/1.16/snakeyaml-1.16.jar:/home/user/.m2/repository/org/apache/hadoop/hadoop-common/3.2.0/hadoop-common-3.2.0-tests.jar:/home/user/.m2/repository/org/apache/hadoop/hadoop-annotations/3.2.0/hadoop-annotations-3.2.0.jar:/usr/lib/jvm/java-1.8-openjdk/jre/../lib/tools.jar:/home/user/.m2/repository/commons-cli/commons-cli/1.2/commons-cli-1.2.jar:/home/user/.m2/repository/org/apache/httpcomponents/httpclient/4.5.2/httpclient-4.5.2.jar:/home/user/.m2/repository/org/apache/httpcomponents/httpcore/4.4.4/httpcore-4.4.4.jar:/home/user/.m2/repository/commons-codec/commons-codec/1.11/commons-codec-1.11.jar:/home/user/.m2/repository/commons-net/commons-net/3.6/commons-net-3.6.jar:/home/user/.m2/repository/commons-collections/commons-collections/3.2.2/commons-collections-3.2.2.jar:/home/user/.m2/repository/org/eclipse/jetty/jetty-servlet/9.3.25.v20180904/jetty-servlet-9.3.25.v20180904.jar:/home/user/.m2/repository/org/eclipse/jetty/jetty-security/9.3.25.v20180904/jetty-security-9.3.25.v20180904.jar:/home/user/.m2/repository/javax/servlet/jsp/jsp-api/2.1/jsp-api-2.1.jar:/home/user/.m2/repository/com/sun/jersey/jersey-servlet/1.19/jersey-servlet-1.19.jar:/home/user/.m2/repository/com/sun/jersey/jersey-json/1.19/jersey-json-1.19.jar:/home/user/.m2/repository/org/codehaus/jettison/jettison/1.1/jettison-1.1.jar:/home/user/.m2/repository/org/codehaus/jackson/jackson-core-asl/1.9.13/jackson-core-asl-1.9.13.jar:/home/user/.m2/repository/org/codehaus/jackson/jackson-mapper-asl/1.9.13/jackson-mapper-asl-1.9.13.jar:/home/user/.m2/repository/org/codehaus/jackson/jackson-jaxrs/1.9.13/jackson-jaxrs-1.9.13.jar:/home/user/.m2/repository/org/codehaus/jackson/jackson-xc/1.9.13/jackson-xc-1.9.13.jar:/home/user/.m2/repository/commons-logging/commons-logging/1.1.3/commons-logging-1.1.3.jar:/home/user/.m2/repository/commons-beanutils/commons-beanutils/1.9.4/commons-beanutils-1.9.4.jar:/home/user/.m2/repository/org/apache/commons/commons-configuration2/2.1.1/commons-configuration2-2.1.1.jar:/home/user/.m2/repository/org/apache/commons/commons-lang3/3.7/commons-lang3-3.7.jar:/home/user/.m2/repository/org/apache/commons/commons-text/1.4/commons-text-1.4.jar:/home/user/.m2/repository/org/apache/avro/avro/1.7.7/avro-1.7.7.jar:/home/user/.m2/repository/com/thoughtworks/paranamer/paranamer/2.3/paranamer-2.3.jar:/home/user/.m2/repository/org/xerial/snappy/snappy-java/1.0.5/snappy-java-1.0.5.jar:/home/user/.m2/repository/com/google/re2j/re2j/1.1/re2j-1.1.jar:/home/user/.m2/repository/com/google/code/gson/gson/2.2.4/gson-2.2.4.jar:/home/user/.m2/repository/com/jcraft/jsch/0.1.54/jsch-0.1.54.jar:/home/user/.m2/repository/org/apache/curator/curator-client/2.12.0/curator-client-2.12.0.jar:/home/user/.m2/repository/org/apache/curator/curator-recipes/2.12.0/curator-recipes-2.12.0.jar:/home/user/.m2/repository/com/google/code/findbugs/jsr305/3.0.0/jsr305-3.0.0.jar:/home/user/.m2/repository/org/apache/htrace/htrace-core4/4.1.0-incubating/htrace-core4-4.1.0-incubating.jar:/home/user/.m2/repository/org/apache/zookeeper/zookeeper/3.4.13/zookeeper-3.4.13.jar:/home/user/.m2/repository/jline/jline/0.9.94/jline-0.9.94.jar:/home/user/.m2/repository/org/apache/yetus/audience-annotations/0.5.0/audience-annotations-0.5.0.jar:/home/user/.m2/repository/org/codehaus/woodstox/stax2-api/3.1.4/stax2-api-3.1.4.jar:/home/user/.m2/repository/com/fasterxml/woodstox/woodstox-core/5.0.3/woodstox-core-5.0.3.jar:/home/user/.m2/repository/dnsjava/dnsjava/2.1.7/dnsjava-2.1.7.jar:/home/user/.m2/repository/org/apache/hadoop/hadoop-hdfs/3.2.0/hadoop-hdfs-3.2.0-tests.jar:/home/user/.m2/repository/org/eclipse/jetty/jetty-util-ajax/9.3.25.v20180904/jetty-util-ajax-9.3.25.v20180904.jar:/home/user/.m2/repository/commons-daemon/commons-daemon/1.0.13/commons-daemon-1.0.13.jar:/home/user/.m2/repository/io/netty/netty/3.10.5.Final/netty-3.10.5.Final.jar:/home/user/.m2/repository/io/netty/netty-all/4.0.52.Final/netty-all-4.0.52.Final.jar:/home/user/.m2/repository/org/fusesource/leveldbjni/leveldbjni-all/1.8/leveldbjni-all-1.8.jar:"/>
    <property name="java.vm.vendor" value="IcedTea"/>
    <property name="sun.arch.data.model" value="64"/>
    <property name="test.build.dir" value="/workdir/hadoop-ozone/integration-test/target/test-dir"/>
    <property name="test.cache.data" value=""/>
    <property name="java.vendor.url" value="https://icedtea.classpath.org"/>
    <property name="user.timezone" value=""/>
    <property name="java.vm.specification.version" value="1.8"/>
    <property name="os.name" value="Linux"/>
    <property name="test.build.data" value="/workdir/hadoop-ozone/integration-test/target/test-dir"/>
    <property name="user.country" value="US"/>
    <property name="sun.java.launcher" value="SUN_STANDARD"/>
    <property name="sun.boot.library.path" value="/usr/lib/jvm/java-1.8-openjdk/jre/lib/amd64"/>
    <property name="sun.java.command" value="/workdir/hadoop-ozone/integration-test/target/surefire/surefirebooter6237040439041257783.jar /workdir/hadoop-ozone/integration-test/target/surefire 2019-10-07T11-06-07_216-jvmRun1 surefire8269438259267656842tmp surefire_512666997377366722311tmp"/>
    <property name="test" value="!TestMiniChaosOzoneCluster"/>
    <property name="surefire.test.class.path" value="/workdir/hadoop-ozone/integration-test/target/test-classes:/workdir/hadoop-ozone/integration-test/target/classes:/home/user/.m2/repository/org/apache/hadoop/hadoop-ozone-common/0.5.0-SNAPSHOT/hadoop-ozone-common-0.5.0-SNAPSHOT.jar:/home/user/.m2/repository/org/apache/commons/commons-compress/1.4.1/commons-compress-1.4.1.jar:/home/user/.m2/repository/org/tukaani/xz/1.0/xz-1.0.jar:/home/user/.m2/repository/org/apache/hadoop/hadoop-common/3.2.0/hadoop-common-3.2.0.jar:/home/user/.m2/repository/org/apache/hadoop/hadoop-hdfs/3.2.0/hadoop-hdfs-3.2.0.jar:/home/user/.m2/repository/org/apache/hadoop/hadoop-hdfs-client/3.2.0/hadoop-hdfs-client-3.2.0.jar:/home/user/.m2/repository/com/fasterxml/jackson/core/jackson-annotations/2.9.9/jackson-annotations-2.9.9.jar:/home/user/.m2/repository/org/apache/hadoop/hadoop-hdds-common/0.5.0-SNAPSHOT/hadoop-hdds-common-0.5.0-SNAPSHOT.jar:/home/user/.m2/repository/javax/annotation/javax.annotation-api/1.2/javax.annotation-api-1.2.jar:/home/user/.m2/repository/org/apache/ratis/ratis-server/0.5.0-201fc85-SNAPSHOT/ratis-server-0.5.0-201fc85-SNAPSHOT.jar:/home/user/.m2/repository/org/apache/ratis/ratis-thirdparty-misc/0.2.0/ratis-thirdparty-misc-0.2.0.jar:/home/user/.m2/repository/org/apache/ratis/ratis-proto/0.5.0-201fc85-SNAPSHOT/ratis-proto-0.5.0-201fc85-SNAPSHOT.jar:/home/user/.m2/repository/org/apache/ratis/ratis-common/0.5.0-201fc85-SNAPSHOT/ratis-common-0.5.0-201fc85-SNAPSHOT.jar:/home/user/.m2/repository/org/apache/ratis/ratis-client/0.5.0-201fc85-SNAPSHOT/ratis-client-0.5.0-201fc85-SNAPSHOT.jar:/home/user/.m2/repository/org/apache/ratis/ratis-metrics/0.5.0-201fc85-SNAPSHOT/ratis-metrics-0.5.0-201fc85-SNAPSHOT.jar:/home/user/.m2/repository/com/github/joshelser/dropwizard-metrics-hadoop-metrics2-reporter/0.1.2/dropwizard-metrics-hadoop-metrics2-reporter-0.1.2.jar:/home/user/.m2/repository/io/dropwizard/metrics/metrics-jvm/3.2.5/metrics-jvm-3.2.5.jar:/home/user/.m2/repository/io/dropwizard/metrics/metrics-ganglia/3.2.5/metrics-ganglia-3.2.5.jar:/home/user/.m2/repository/info/ganglia/gmetric4j/gmetric4j/1.0.7/gmetric4j-1.0.7.jar:/home/user/.m2/repository/org/apache/ratis/ratis-netty/0.5.0-201fc85-SNAPSHOT/ratis-netty-0.5.0-201fc85-SNAPSHOT.jar:/home/user/.m2/repository/org/apache/ratis/ratis-grpc/0.5.0-201fc85-SNAPSHOT/ratis-grpc-0.5.0-201fc85-SNAPSHOT.jar:/home/user/.m2/repository/org/rocksdb/rocksdbjni/6.0.1/rocksdbjni-6.0.1.jar:/home/user/.m2/repository/org/apache/logging/log4j/log4j-api/2.11.0/log4j-api-2.11.0.jar:/home/user/.m2/repository/org/apache/logging/log4j/log4j-core/2.11.0/log4j-core-2.11.0.jar:/home/user/.m2/repository/com/lmax/disruptor/3.4.2/disruptor-3.4.2.jar:/home/user/.m2/repository/org/apache/commons/commons-pool2/2.6.0/commons-pool2-2.6.0.jar:/home/user/.m2/repository/org/bouncycastle/bcpkix-jdk15on/1.60/bcpkix-jdk15on-1.60.jar:/home/user/.m2/repository/commons-validator/commons-validator/1.6/commons-validator-1.6.jar:/home/user/.m2/repository/commons-digester/commons-digester/1.8.1/commons-digester-1.8.1.jar:/home/user/.m2/repository/io/jaegertracing/jaeger-client/0.34.0/jaeger-client-0.34.0.jar:/home/user/.m2/repository/io/jaegertracing/jaeger-thrift/0.34.0/jaeger-thrift-0.34.0.jar:/home/user/.m2/repository/org/apache/thrift/libthrift/0.12.0/libthrift-0.12.0.jar:/home/user/.m2/repository/com/squareup/okhttp3/okhttp/3.9.0/okhttp-3.9.0.jar:/home/user/.m2/repository/com/squareup/okio/okio/1.13.0/okio-1.13.0.jar:/home/user/.m2/repository/io/jaegertracing/jaeger-core/0.34.0/jaeger-core-0.34.0.jar:/home/user/.m2/repository/io/jaegertracing/jaeger-tracerresolver/0.34.0/jaeger-tracerresolver-0.34.0.jar:/home/user/.m2/repository/io/opentracing/contrib/opentracing-tracerresolver/0.1.5/opentracing-tracerresolver-0.1.5.jar:/home/user/.m2/repository/io/opentracing/opentracing-util/0.31.0/opentracing-util-0.31.0.jar:/home/user/.m2/repository/io/opentracing/opentracing-api/0.31.0/opentracing-api-0.31.0.jar:/home/user/.m2/repository/io/opentracing/opentracing-noop/0.31.0/opentracing-noop-0.31.0.jar:/home/user/.m2/repository/org/apache/hadoop/hadoop-hdds-server-framework/0.5.0-SNAPSHOT/hadoop-hdds-server-framework-0.5.0-SNAPSHOT.jar:/home/user/.m2/repository/org/apache/hadoop/hadoop-hdds-container-service/0.5.0-SNAPSHOT/hadoop-hdds-container-service-0.5.0-SNAPSHOT.jar:/home/user/.m2/repository/org/apache/hadoop/hadoop-hdds-client/0.5.0-SNAPSHOT/hadoop-hdds-client-0.5.0-SNAPSHOT.jar:/home/user/.m2/repository/org/apache/hadoop/hadoop-hdds-tools/0.5.0-SNAPSHOT/hadoop-hdds-tools-0.5.0-SNAPSHOT.jar:/home/user/.m2/repository/org/apache/hadoop/hadoop-hdds-server-scm/0.5.0-SNAPSHOT/hadoop-hdds-server-scm-0.5.0-SNAPSHOT.jar:/home/user/.m2/repository/org/apache/hadoop/hadoop-hdds-docs/0.5.0-SNAPSHOT/hadoop-hdds-docs-0.5.0-SNAPSHOT.jar:/home/user/.m2/repository/io/dropwizard/metrics/metrics-core/3.2.4/metrics-core-3.2.4.jar:/home/user/.m2/repository/org/hamcrest/hamcrest-all/1.3/hamcrest-all-1.3.jar:/home/user/.m2/repository/org/bouncycastle/bcprov-jdk15on/1.60/bcprov-jdk15on-1.60.jar:/home/user/.m2/repository/info/picocli/picocli/3.9.6/picocli-3.9.6.jar:/home/user/.m2/repository/com/google/protobuf/protobuf-java/2.5.0/protobuf-java-2.5.0.jar:/home/user/.m2/repository/com/google/guava/guava/11.0.2/guava-11.0.2.jar:/home/user/.m2/repository/org/apache/hadoop/hadoop-ozone-ozone-manager/0.5.0-SNAPSHOT/hadoop-ozone-ozone-manager-0.5.0-SNAPSHOT.jar:/home/user/.m2/repository/org/apache/hadoop/hadoop-minikdc/3.2.0/hadoop-minikdc-3.2.0.jar:/home/user/.m2/repository/commons-io/commons-io/2.5/commons-io-2.5.jar:/home/user/.m2/repository/org/apache/kerby/kerb-simplekdc/1.0.1/kerb-simplekdc-1.0.1.jar:/home/user/.m2/repository/org/apache/kerby/kerb-client/1.0.1/kerb-client-1.0.1.jar:/home/user/.m2/repository/org/apache/kerby/kerby-config/1.0.1/kerby-config-1.0.1.jar:/home/user/.m2/repository/org/apache/kerby/kerb-core/1.0.1/kerb-core-1.0.1.jar:/home/user/.m2/repository/org/apache/kerby/kerby-pkix/1.0.1/kerby-pkix-1.0.1.jar:/home/user/.m2/repository/org/apache/kerby/kerby-asn1/1.0.1/kerby-asn1-1.0.1.jar:/home/user/.m2/repository/org/apache/kerby/kerby-util/1.0.1/kerby-util-1.0.1.jar:/home/user/.m2/repository/org/apache/kerby/kerb-common/1.0.1/kerb-common-1.0.1.jar:/home/user/.m2/repository/org/apache/kerby/kerb-crypto/1.0.1/kerb-crypto-1.0.1.jar:/home/user/.m2/repository/org/apache/kerby/kerb-util/1.0.1/kerb-util-1.0.1.jar:/home/user/.m2/repository/org/apache/kerby/token-provider/1.0.1/token-provider-1.0.1.jar:/home/user/.m2/repository/org/apache/kerby/kerb-admin/1.0.1/kerb-admin-1.0.1.jar:/home/user/.m2/repository/org/apache/kerby/kerb-server/1.0.1/kerb-server-1.0.1.jar:/home/user/.m2/repository/org/apache/kerby/kerb-identity/1.0.1/kerb-identity-1.0.1.jar:/home/user/.m2/repository/org/apache/kerby/kerby-xdr/1.0.1/kerby-xdr-1.0.1.jar:/home/user/.m2/repository/org/slf4j/slf4j-log4j12/1.7.25/slf4j-log4j12-1.7.25.jar:/home/user/.m2/repository/org/apache/hadoop/hadoop-ozone-s3gateway/0.5.0-SNAPSHOT/hadoop-ozone-s3gateway-0.5.0-SNAPSHOT.jar:/home/user/.m2/repository/org/jboss/weld/servlet/weld-servlet/2.4.7.Final/weld-servlet-2.4.7.Final.jar:/home/user/.m2/repository/org/glassfish/jersey/containers/jersey-container-servlet-core/2.27/jersey-container-servlet-core-2.27.jar:/home/user/.m2/repository/org/glassfish/hk2/external/javax.inject/2.5.0-b42/javax.inject-2.5.0-b42.jar:/home/user/.m2/repository/org/glassfish/jersey/core/jersey-common/2.27/jersey-common-2.27.jar:/home/user/.m2/repository/org/glassfish/hk2/osgi-resource-locator/1.0.1/osgi-resource-locator-1.0.1.jar:/home/user/.m2/repository/javax/ws/rs/javax.ws.rs-api/2.1/javax.ws.rs-api-2.1.jar:/home/user/.m2/repository/org/glassfish/jersey/ext/cdi/jersey-cdi1x/2.27/jersey-cdi1x-2.27.jar:/home/user/.m2/repository/org/glassfish/jersey/inject/jersey-hk2/2.27/jersey-hk2-2.27.jar:/home/user/.m2/repository/org/glassfish/hk2/hk2-locator/2.5.0-b42/hk2-locator-2.5.0-b42.jar:/home/user/.m2/repository/org/javassist/javassist/3.22.0-CR2/javassist-3.22.0-CR2.jar:/home/user/.m2/repository/org/glassfish/hk2/hk2-api/2.5.0/hk2-api-2.5.0.jar:/home/user/.m2/repository/org/glassfish/hk2/external/jakarta.inject/2.5.0/jakarta.inject-2.5.0.jar:/home/user/.m2/repository/org/glassfish/hk2/hk2-utils/2.5.0/hk2-utils-2.5.0.jar:/home/user/.m2/repository/jakarta/annotation/jakarta.annotation-api/1.3.4/jakarta.annotation-api-1.3.4.jar:/home/user/.m2/repository/org/glassfish/hk2/external/aopalliance-repackaged/2.5.0/aopalliance-repackaged-2.5.0.jar:/home/user/.m2/repository/com/fasterxml/jackson/dataformat/jackson-dataformat-xml/2.9.0/jackson-dataformat-xml-2.9.0.jar:/home/user/.m2/repository/com/fasterxml/jackson/core/jackson-core/2.9.9/jackson-core-2.9.9.jar:/home/user/.m2/repository/com/fasterxml/jackson/module/jackson-module-jaxb-annotations/2.9.9/jackson-module-jaxb-annotations-2.9.9.jar:/home/user/.m2/repository/javax/enterprise/cdi-api/1.2/cdi-api-1.2.jar:/home/user/.m2/repository/javax/el/javax.el-api/3.0.0/javax.el-api-3.0.0.jar:/home/user/.m2/repository/javax/interceptor/javax.interceptor-api/1.2/javax.interceptor-api-1.2.jar:/home/user/.m2/repository/javax/inject/javax.inject/1/javax.inject-1.jar:/home/user/.m2/repository/com/sun/xml/bind/jaxb-impl/2.3.0.1/jaxb-impl-2.3.0.1.jar:/home/user/.m2/repository/com/sun/xml/bind/jaxb-core/2.3.0.1/jaxb-core-2.3.0.1.jar:/home/user/.m2/repository/javax/xml/bind/jaxb-api/2.3.0/jaxb-api-2.3.0.jar:/home/user/.m2/repository/javax/activation/activation/1.1.1/activation-1.1.1.jar:/home/user/.m2/repository/org/apache/hadoop/hadoop-ozone-csi/0.5.0-SNAPSHOT/hadoop-ozone-csi-0.5.0-SNAPSHOT.jar:/home/user/.m2/repository/com/google/protobuf/protobuf-java-util/3.5.1/protobuf-java-util-3.5.1.jar:/home/user/.m2/repository/org/apache/hadoop/hadoop-hdds-config/0.5.0-SNAPSHOT/hadoop-hdds-config-0.5.0-SNAPSHOT.jar:/home/user/.m2/repository/io/grpc/grpc-netty/1.17.1/grpc-netty-1.17.1.jar:/home/user/.m2/repository/io/grpc/grpc-core/1.17.1/grpc-core-1.17.1.jar:/home/user/.m2/repository/io/grpc/grpc-context/1.17.1/grpc-context-1.17.1.jar:/home/user/.m2/repository/com/google/errorprone/error_prone_annotations/2.2.0/error_prone_annotations-2.2.0.jar:/home/user/.m2/repository/org/codehaus/mojo/animal-sniffer-annotations/1.17/animal-sniffer-annotations-1.17.jar:/home/user/.m2/repository/io/opencensus/opencensus-api/0.17.0/opencensus-api-0.17.0.jar:/home/user/.m2/repository/io/opencensus/opencensus-contrib-grpc-metrics/0.17.0/opencensus-contrib-grpc-metrics-0.17.0.jar:/home/user/.m2/repository/io/netty/netty-codec-http2/4.1.30.Final/netty-codec-http2-4.1.30.Final.jar:/home/user/.m2/repository/io/netty/netty-codec-http/4.1.30.Final/netty-codec-http-4.1.30.Final.jar:/home/user/.m2/repository/io/netty/netty-codec/4.1.30.Final/netty-codec-4.1.30.Final.jar:/home/user/.m2/repository/io/netty/netty-handler/4.1.30.Final/netty-handler-4.1.30.Final.jar:/home/user/.m2/repository/io/netty/netty-handler-proxy/4.1.30.Final/netty-handler-proxy-4.1.30.Final.jar:/home/user/.m2/repository/io/netty/netty-codec-socks/4.1.30.Final/netty-codec-socks-4.1.30.Final.jar:/home/user/.m2/repository/io/netty/netty-transport-native-epoll/4.1.30.Final/netty-transport-native-epoll-4.1.30.Final.jar:/home/user/.m2/repository/io/netty/netty-common/4.1.30.Final/netty-common-4.1.30.Final.jar:/home/user/.m2/repository/io/netty/netty-buffer/4.1.30.Final/netty-buffer-4.1.30.Final.jar:/home/user/.m2/repository/io/netty/netty-transport/4.1.30.Final/netty-transport-4.1.30.Final.jar:/home/user/.m2/repository/io/netty/netty-resolver/4.1.30.Final/netty-resolver-4.1.30.Final.jar:/home/user/.m2/repository/io/netty/netty-transport-native-unix-common/4.1.30.Final/netty-transport-native-unix-common-4.1.30.Final.jar:/home/user/.m2/repository/io/grpc/grpc-protobuf/1.17.1/grpc-protobuf-1.17.1.jar:/home/user/.m2/repository/com/google/api/grpc/proto-google-common-protos/1.0.0/proto-google-common-protos-1.0.0.jar:/home/user/.m2/repository/io/grpc/grpc-protobuf-lite/1.17.1/grpc-protobuf-lite-1.17.1.jar:/home/user/.m2/repository/io/grpc/grpc-stub/1.17.1/grpc-stub-1.17.1.jar:/home/user/.m2/repository/org/apache/hadoop/hadoop-ozone-recon/0.5.0-SNAPSHOT/hadoop-ozone-recon-0.5.0-SNAPSHOT.jar:/home/user/.m2/repository/org/apache/hadoop/hadoop-ozone-reconcodegen/0.5.0-SNAPSHOT/hadoop-ozone-reconcodegen-0.5.0-SNAPSHOT.jar:/home/user/.m2/repository/com/google/inject/extensions/guice-multibindings/4.0/guice-multibindings-4.0.jar:/home/user/.m2/repository/com/google/inject/guice/4.0/guice-4.0.jar:/home/user/.m2/repository/aopalliance/aopalliance/1.0/aopalliance-1.0.jar:/home/user/.m2/repository/com/google/inject/extensions/guice-servlet/4.0/guice-servlet-4.0.jar:/home/user/.m2/repository/org/glassfish/jersey/containers/jersey-container-servlet/2.27/jersey-container-servlet-2.27.jar:/home/user/.m2/repository/org/glassfish/hk2/guice-bridge/2.5.0/guice-bridge-2.5.0.jar:/home/user/.m2/repository/org/glassfish/jersey/core/jersey-server/2.27/jersey-server-2.27.jar:/home/user/.m2/repository/org/glassfish/jersey/core/jersey-client/2.27/jersey-client-2.27.jar:/home/user/.m2/repository/org/glassfish/jersey/media/jersey-media-jaxb/2.27/jersey-media-jaxb-2.27.jar:/home/user/.m2/repository/javax/validation/validation-api/1.1.0.Final/validation-api-1.1.0.Final.jar:/home/user/.m2/repository/org/glassfish/jersey/media/jersey-media-json-jackson/2.27/jersey-media-json-jackson-2.27.jar:/home/user/.m2/repository/org/glassfish/jersey/ext/jersey-entity-filtering/2.27/jersey-entity-filtering-2.27.jar:/home/user/.m2/repository/com/google/inject/extensions/guice-assistedinject/4.0/guice-assistedinject-4.0.jar:/home/user/.m2/repository/org/jooq/jooq/3.11.10/jooq-3.11.10.jar:/home/user/.m2/repository/org/jooq/jooq-meta/3.11.10/jooq-meta-3.11.10.jar:/home/user/.m2/repository/org/jooq/jooq-codegen/3.11.10/jooq-codegen-3.11.10.jar:/home/user/.m2/repository/com/jolbox/bonecp/0.8.0.RELEASE/bonecp-0.8.0.RELEASE.jar:/home/user/.m2/repository/org/xerial/sqlite-jdbc/3.25.2/sqlite-jdbc-3.25.2.jar:/home/user/.m2/repository/org/springframework/spring-jdbc/5.1.3.RELEASE/spring-jdbc-5.1.3.RELEASE.jar:/home/user/.m2/repository/org/springframework/spring-beans/5.1.3.RELEASE/spring-beans-5.1.3.RELEASE.jar:/home/user/.m2/repository/org/springframework/spring-core/5.1.3.RELEASE/spring-core-5.1.3.RELEASE.jar:/home/user/.m2/repository/org/springframework/spring-jcl/5.1.3.RELEASE/spring-jcl-5.1.3.RELEASE.jar:/home/user/.m2/repository/org/springframework/spring-tx/5.1.3.RELEASE/spring-tx-5.1.3.RELEASE.jar:/home/user/.m2/repository/org/apache/hadoop/hadoop-ozone-client/0.5.0-SNAPSHOT/hadoop-ozone-client-0.5.0-SNAPSHOT.jar:/home/user/.m2/repository/commons-lang/commons-lang/2.6/commons-lang-2.6.jar:/home/user/.m2/repository/org/apache/hadoop/hadoop-ozone-ozone-manager/0.5.0-SNAPSHOT/hadoop-ozone-ozone-manager-0.5.0-SNAPSHOT-tests.jar:/home/user/.m2/repository/junit/junit/4.11/junit-4.11.jar:/home/user/.m2/repository/org/hamcrest/hamcrest-core/1.3/hamcrest-core-1.3.jar:/home/user/.m2/repository/org/openjdk/jmh/jmh-core/1.19/jmh-core-1.19.jar:/home/user/.m2/repository/net/sf/jopt-simple/jopt-simple/4.6/jopt-simple-4.6.jar:/home/user/.m2/repository/org/apache/commons/commons-math3/3.1.1/commons-math3-3.1.1.jar:/home/user/.m2/repository/org/openjdk/jmh/jmh-generator-annprocess/1.19/jmh-generator-annprocess-1.19.jar:/home/user/.m2/repository/org/mockito/mockito-all/1.8.5/mockito-all-1.8.5.jar:/home/user/.m2/repository/org/apache/hadoop/hadoop-kms/3.2.0/hadoop-kms-3.2.0.jar:/home/user/.m2/repository/org/apache/hadoop/hadoop-auth/3.2.0/hadoop-auth-3.2.0.jar:/home/user/.m2/repository/com/nimbusds/nimbus-jose-jwt/4.41.1/nimbus-jose-jwt-4.41.1.jar:/home/user/.m2/repository/com/github/stephenc/jcip/jcip-annotations/1.0-1/jcip-annotations-1.0-1.jar:/home/user/.m2/repository/net/minidev/json-smart/2.3/json-smart-2.3.jar:/home/user/.m2/repository/net/minidev/accessors-smart/1.2/accessors-smart-1.2.jar:/home/user/.m2/repository/org/ow2/asm/asm/5.0.4/asm-5.0.4.jar:/home/user/.m2/repository/org/apache/curator/curator-framework/2.12.0/curator-framework-2.12.0.jar:/home/user/.m2/repository/com/sun/jersey/jersey-core/1.19/jersey-core-1.19.jar:/home/user/.m2/repository/javax/ws/rs/jsr311-api/1.1.1/jsr311-api-1.1.1.jar:/home/user/.m2/repository/com/sun/jersey/jersey-server/1.19/jersey-server-1.19.jar:/home/user/.m2/repository/javax/servlet/javax.servlet-api/3.1.0/javax.servlet-api-3.1.0.jar:/home/user/.m2/repository/org/eclipse/jetty/jetty-server/9.3.25.v20180904/jetty-server-9.3.25.v20180904.jar:/home/user/.m2/repository/org/eclipse/jetty/jetty-http/9.3.25.v20180904/jetty-http-9.3.25.v20180904.jar:/home/user/.m2/repository/org/eclipse/jetty/jetty-io/9.3.25.v20180904/jetty-io-9.3.25.v20180904.jar:/home/user/.m2/repository/org/eclipse/jetty/jetty-webapp/9.3.25.v20180904/jetty-webapp-9.3.25.v20180904.jar:/home/user/.m2/repository/org/eclipse/jetty/jetty-xml/9.3.25.v20180904/jetty-xml-9.3.25.v20180904.jar:/home/user/.m2/repository/log4j/log4j/1.2.17/log4j-1.2.17.jar:/home/user/.m2/repository/org/slf4j/slf4j-api/1.7.25/slf4j-api-1.7.25.jar:/home/user/.m2/repository/org/slf4j/jul-to-slf4j/1.7.25/jul-to-slf4j-1.7.25.jar:/home/user/.m2/repository/org/eclipse/jetty/jetty-util/9.3.25.v20180904/jetty-util-9.3.25.v20180904.jar:/home/user/.m2/repository/com/fasterxml/jackson/core/jackson-databind/2.9.9/jackson-databind-2.9.9.jar:/home/user/.m2/repository/org/apache/hadoop/hadoop-kms/3.2.0/hadoop-kms-3.2.0-tests.jar:/home/user/.m2/repository/org/apache/hadoop/hadoop-hdds-server-scm/0.5.0-SNAPSHOT/hadoop-hdds-server-scm-0.5.0-SNAPSHOT-tests.jar:/home/user/.m2/repository/org/apache/hadoop/hadoop-hdds-container-service/0.5.0-SNAPSHOT/hadoop-hdds-container-service-0.5.0-SNAPSHOT-tests.jar:/home/user/.m2/repository/org/yaml/snakeyaml/1.16/snakeyaml-1.16.jar:/home/user/.m2/repository/org/apache/hadoop/hadoop-common/3.2.0/hadoop-common-3.2.0-tests.jar:/home/user/.m2/repository/org/apache/hadoop/hadoop-annotations/3.2.0/hadoop-annotations-3.2.0.jar:/usr/lib/jvm/java-1.8-openjdk/jre/../lib/tools.jar:/home/user/.m2/repository/commons-cli/commons-cli/1.2/commons-cli-1.2.jar:/home/user/.m2/repository/org/apache/httpcomponents/httpclient/4.5.2/httpclient-4.5.2.jar:/home/user/.m2/repository/org/apache/httpcomponents/httpcore/4.4.4/httpcore-4.4.4.jar:/home/user/.m2/repository/commons-codec/commons-codec/1.11/commons-codec-1.11.jar:/home/user/.m2/repository/commons-net/commons-net/3.6/commons-net-3.6.jar:/home/user/.m2/repository/commons-collections/commons-collections/3.2.2/commons-collections-3.2.2.jar:/home/user/.m2/repository/org/eclipse/jetty/jetty-servlet/9.3.25.v20180904/jetty-servlet-9.3.25.v20180904.jar:/home/user/.m2/repository/org/eclipse/jetty/jetty-security/9.3.25.v20180904/jetty-security-9.3.25.v20180904.jar:/home/user/.m2/repository/javax/servlet/jsp/jsp-api/2.1/jsp-api-2.1.jar:/home/user/.m2/repository/com/sun/jersey/jersey-servlet/1.19/jersey-servlet-1.19.jar:/home/user/.m2/repository/com/sun/jersey/jersey-json/1.19/jersey-json-1.19.jar:/home/user/.m2/repository/org/codehaus/jettison/jettison/1.1/jettison-1.1.jar:/home/user/.m2/repository/org/codehaus/jackson/jackson-core-asl/1.9.13/jackson-core-asl-1.9.13.jar:/home/user/.m2/repository/org/codehaus/jackson/jackson-mapper-asl/1.9.13/jackson-mapper-asl-1.9.13.jar:/home/user/.m2/repository/org/codehaus/jackson/jackson-jaxrs/1.9.13/jackson-jaxrs-1.9.13.jar:/home/user/.m2/repository/org/codehaus/jackson/jackson-xc/1.9.13/jackson-xc-1.9.13.jar:/home/user/.m2/repository/commons-logging/commons-logging/1.1.3/commons-logging-1.1.3.jar:/home/user/.m2/repository/commons-beanutils/commons-beanutils/1.9.4/commons-beanutils-1.9.4.jar:/home/user/.m2/repository/org/apache/commons/commons-configuration2/2.1.1/commons-configuration2-2.1.1.jar:/home/user/.m2/repository/org/apache/commons/commons-lang3/3.7/commons-lang3-3.7.jar:/home/user/.m2/repository/org/apache/commons/commons-text/1.4/commons-text-1.4.jar:/home/user/.m2/repository/org/apache/avro/avro/1.7.7/avro-1.7.7.jar:/home/user/.m2/repository/com/thoughtworks/paranamer/paranamer/2.3/paranamer-2.3.jar:/home/user/.m2/repository/org/xerial/snappy/snappy-java/1.0.5/snappy-java-1.0.5.jar:/home/user/.m2/repository/com/google/re2j/re2j/1.1/re2j-1.1.jar:/home/user/.m2/repository/com/google/code/gson/gson/2.2.4/gson-2.2.4.jar:/home/user/.m2/repository/com/jcraft/jsch/0.1.54/jsch-0.1.54.jar:/home/user/.m2/repository/org/apache/curator/curator-client/2.12.0/curator-client-2.12.0.jar:/home/user/.m2/repository/org/apache/curator/curator-recipes/2.12.0/curator-recipes-2.12.0.jar:/home/user/.m2/repository/com/google/code/findbugs/jsr305/3.0.0/jsr305-3.0.0.jar:/home/user/.m2/repository/org/apache/htrace/htrace-core4/4.1.0-incubating/htrace-core4-4.1.0-incubating.jar:/home/user/.m2/repository/org/apache/zookeeper/zookeeper/3.4.13/zookeeper-3.4.13.jar:/home/user/.m2/repository/jline/jline/0.9.94/jline-0.9.94.jar:/home/user/.m2/repository/org/apache/yetus/audience-annotations/0.5.0/audience-annotations-0.5.0.jar:/home/user/.m2/repository/org/codehaus/woodstox/stax2-api/3.1.4/stax2-api-3.1.4.jar:/home/user/.m2/repository/com/fasterxml/woodstox/woodstox-core/5.0.3/woodstox-core-5.0.3.jar:/home/user/.m2/repository/dnsjava/dnsjava/2.1.7/dnsjava-2.1.7.jar:/home/user/.m2/repository/org/apache/hadoop/hadoop-hdfs/3.2.0/hadoop-hdfs-3.2.0-tests.jar:/home/user/.m2/repository/org/eclipse/jetty/jetty-util-ajax/9.3.25.v20180904/jetty-util-ajax-9.3.25.v20180904.jar:/home/user/.m2/repository/commons-daemon/commons-daemon/1.0.13/commons-daemon-1.0.13.jar:/home/user/.m2/repository/io/netty/netty/3.10.5.Final/netty-3.10.5.Final.jar:/home/user/.m2/repository/io/netty/netty-all/4.0.52.Final/netty-all-4.0.52.Final.jar:/home/user/.m2/repository/org/fusesource/leveldbjni/leveldbjni-all/1.8/leveldbjni-all-1.8.jar:"/>
    <property name="sun.cpu.endian" value="little"/>
    <property name="user.home" value="/home/user"/>
    <property name="user.language" value="en"/>
    <property name="java.specification.vendor" value="Oracle Corporation"/>
    <property name="java.home" value="/usr/lib/jvm/java-1.8-openjdk/jre"/>
    <property name="java.security.krb5.conf" value="/workdir/hadoop-ozone/integration-test/target/test-classes/krb5.conf"/>
    <property name="basedir" value="/workdir/hadoop-ozone/integration-test"/>
    <property name="file.separator" value="/"/>
    <property name="line.separator" value="&#10;"/>
    <property name="java.vm.specification.vendor" value="Oracle Corporation"/>
    <property name="java.specification.name" value="Java Platform API Specification"/>
    <property name="java.awt.graphicsenv" value="sun.awt.X11GraphicsEnvironment"/>
    <property name="surefire.real.class.path" value="/workdir/hadoop-ozone/integration-test/target/surefire/surefirebooter6237040439041257783.jar"/>
    <property name="hadoop.log.dir" value="/workdir/hadoop-ozone/integration-test/target/log"/>
    <property name="sun.boot.class.path" value="/usr/lib/jvm/java-1.8-openjdk/jre/lib/resources.jar:/usr/lib/jvm/java-1.8-openjdk/jre/lib/rt.jar:/usr/lib/jvm/java-1.8-openjdk/jre/lib/sunrsasign.jar:/usr/lib/jvm/java-1.8-openjdk/jre/lib/jsse.jar:/usr/lib/jvm/java-1.8-openjdk/jre/lib/jce.jar:/usr/lib/jvm/java-1.8-openjdk/jre/lib/charsets.jar:/usr/lib/jvm/java-1.8-openjdk/jre/lib/jfr.jar:/usr/lib/jvm/java-1.8-openjdk/jre/classes"/>
    <property name="sun.management.compiler" value="HotSpot 64-Bit Tiered Compilers"/>
    <property name="java.runtime.version" value="1.8.0_212-b04"/>
    <property name="java.net.preferIPv4Stack" value="true"/>
    <property name="user.name" value="jenkins1000"/>
    <property name="path.separator" value=":"/>
    <property name="java.security.egd" value="file:///dev/urandom"/>
    <property name="os.version" value="3.10.0-957.12.2.el7.x86_64"/>
    <property name="java.endorsed.dirs" value="/usr/lib/jvm/java-1.8-openjdk/jre/lib/endorsed"/>
    <property name="java.runtime.name" value="OpenJDK Runtime Environment"/>
    <property name="file.encoding" value="UTF-8"/>
    <property name="java.vm.name" value="OpenJDK 64-Bit Server VM"/>
    <property name="test.build.webapps" value=""/>
    <property name="localRepository" value="/home/user/.m2/repository"/>
    <property name="java.vendor.url.bug" value="https://icedtea.classpath.org/bugzilla"/>
    <property name="java.io.tmpdir" value="/tmp"/>
    <property name="require.test.libhadoop" value=""/>
    <property name="java.version" value="1.8.0_212"/>
    <property name="user.dir" value="/workdir/hadoop-ozone/integration-test"/>
    <property name="os.arch" value="amd64"/>
    <property name="java.vm.specification.name" value="Java Virtual Machine Specification"/>
    <property name="test.build.classes" value="/workdir/hadoop-ozone/integration-test/target/test-classes"/>
    <property name="java.awt.printerjob" value="sun.print.PSPrinterJob"/>
    <property name="sun.os.patch.level" value="unknown"/>
    <property name="hadoop.tmp.dir" value="/workdir/hadoop-ozone/integration-test/target/tmp"/>
    <property name="java.library.path" value="/usr/lib/jvm/java-1.8-openjdk/jre/lib/amd64/server:/usr/lib/jvm/java-1.8-openjdk/jre/lib/amd64:/usr/lib/jvm/java-1.8-openjdk/jre/../lib/amd64:/workdir/hadoop-ozone/integration-test/target/native/target/usr/local/lib:/workdir/hadoop-ozone/integration-test/../../hadoop-common-project/hadoop-common/target/native/target/usr/local/lib:/usr/java/packages/lib/amd64:/usr/lib64:/lib64:/lib:/usr/lib"/>
    <property name="java.vm.info" value="mixed mode"/>
    <property name="java.vendor" value="IcedTea"/>
    <property name="java.vm.version" value="25.212-b04"/>
    <property name="java.ext.dirs" value="/usr/lib/jvm/java-1.8-openjdk/jre/lib/ext:/usr/java/packages/lib/ext"/>
    <property name="sun.io.unicode.encoding" value="UnicodeLittle"/>
    <property name="java.class.version" value="52.0"/>
  </properties>
  <testcase name="testPipelineExclusionWithPipelineFailure" classname="org.apache.hadoop.ozone.client.rpc.TestFailureHandlingByClient" time="55.58"/>
  <testcase name="testContainerExclusionWithClosedContainerException" classname="org.apache.hadoop.ozone.client.rpc.TestFailureHandlingByClient" time="35.561"/>
  <testcase name="testWriteSmallFile" classname="org.apache.hadoop.ozone.client.rpc.TestFailureHandlingByClient" time="57.586"/>
  <testcase name="testBlockWritesWithDnFailures" classname="org.apache.hadoop.ozone.client.rpc.TestFailureHandlingByClient" time="141.094"/>
  <testcase name="testDatanodeExclusionWithMajorityCommit" classname="org.apache.hadoop.ozone.client.rpc.TestFailureHandlingByClient" time="57.687">
    <failure type="java.lang.AssertionError">java.lang.AssertionError
	at org.junit.Assert.fail(Assert.java:86)
	at org.junit.Assert.assertTrue(Assert.java:41)
	at org.junit.Assert.assertTrue(Assert.java:52)
	at org.apache.hadoop.ozone.client.rpc.TestFailureHandlingByClient.testDatanodeExclusionWithMajorityCommit(TestFailureHandlingByClient.java:322)
	at sun.reflect.NativeMethodAccessorImpl.invoke0(Native Method)
	at sun.reflect.NativeMethodAccessorImpl.invoke(NativeMethodAccessorImpl.java:62)
	at sun.reflect.DelegatingMethodAccessorImpl.invoke(DelegatingMethodAccessorImpl.java:43)
	at java.lang.reflect.Method.invoke(Method.java:498)
	at org.junit.runners.model.FrameworkMethod$1.runReflectiveCall(FrameworkMethod.java:47)
	at org.junit.internal.runners.model.ReflectiveCallable.run(ReflectiveCallable.java:12)
	at org.junit.runners.model.FrameworkMethod.invokeExplosively(FrameworkMethod.java:44)
	at org.junit.internal.runners.statements.InvokeMethod.evaluate(InvokeMethod.java:17)
	at org.junit.internal.runners.statements.RunAfters.evaluate(RunAfters.java:27)
	at org.junit.runners.ParentRunner.runLeaf(ParentRunner.java:271)
	at org.junit.runners.BlockJUnit4ClassRunner.runChild(BlockJUnit4ClassRunner.java:70)
	at org.junit.runners.BlockJUnit4ClassRunner.runChild(BlockJUnit4ClassRunner.java:50)
	at org.junit.runners.ParentRunner$3.run(ParentRunner.java:238)
	at org.junit.runners.ParentRunner$1.schedule(ParentRunner.java:63)
	at org.junit.runners.ParentRunner.runChildren(ParentRunner.java:236)
	at org.junit.runners.ParentRunner.access$000(ParentRunner.java:53)
	at org.junit.runners.ParentRunner$2.evaluate(ParentRunner.java:229)
	at org.junit.runners.ParentRunner.run(ParentRunner.java:309)
	at org.apache.maven.surefire.junit4.JUnit4Provider.execute(JUnit4Provider.java:365)
	at org.apache.maven.surefire.junit4.JUnit4Provider.executeWithRerun(JUnit4Provider.java:273)
	at org.apache.maven.surefire.junit4.JUnit4Provider.executeTestSet(JUnit4Provider.java:238)
	at org.apache.maven.surefire.junit4.JUnit4Provider.invoke(JUnit4Provider.java:159)
	at org.apache.maven.surefire.booter.ForkedBooter.invokeProviderInSameClassLoader(ForkedBooter.java:384)
	at org.apache.maven.surefire.booter.ForkedBooter.runSuitesInProcess(ForkedBooter.java:345)
	at org.apache.maven.surefire.booter.ForkedBooter.execute(ForkedBooter.java:126)
	at org.apache.maven.surefire.booter.ForkedBooter.main(ForkedBooter.java:418)
</failure>
    <system-out><![CDATA[2019-10-07 12:01:37,320 [main] WARN  server.ServerUtils (ServerUtils.java:getScmDbDir(145)) - ozone.scm.db.dirs is not configured. We recommend adding this setting. Falling back to ozone.metadata.dirs instead.
2019-10-07 12:01:37,358 [main] WARN  server.ServerUtils (ServerUtils.java:getScmDbDir(145)) - ozone.scm.db.dirs is not configured. We recommend adding this setting. Falling back to ozone.metadata.dirs instead.
2019-10-07 12:01:37,359 [main] WARN  server.ServerUtils (ServerUtils.java:getScmDbDir(145)) - ozone.scm.db.dirs is not configured. We recommend adding this setting. Falling back to ozone.metadata.dirs instead.
2019-10-07 12:01:37,359 [main] INFO  db.DBStoreBuilder (DBStoreBuilder.java:addTable(117)) - using custom profile for table: deletedBlocks
2019-10-07 12:01:37,360 [main] INFO  db.DBStoreBuilder (DBStoreBuilder.java:processTables(168)) - Using default column profile:DBProfile.DISK for Table:deletedBlocks
2019-10-07 12:01:37,360 [main] INFO  db.DBStoreBuilder (DBStoreBuilder.java:addTable(117)) - using custom profile for table: validCerts
2019-10-07 12:01:37,360 [main] INFO  db.DBStoreBuilder (DBStoreBuilder.java:processTables(168)) - Using default column profile:DBProfile.DISK for Table:validCerts
2019-10-07 12:01:37,360 [main] INFO  db.DBStoreBuilder (DBStoreBuilder.java:addTable(117)) - using custom profile for table: revokedCerts
2019-10-07 12:01:37,361 [main] INFO  db.DBStoreBuilder (DBStoreBuilder.java:processTables(168)) - Using default column profile:DBProfile.DISK for Table:revokedCerts
2019-10-07 12:01:37,361 [main] INFO  db.DBStoreBuilder (DBStoreBuilder.java:addTable(117)) - using custom profile for table: default
2019-10-07 12:01:37,361 [main] INFO  db.DBStoreBuilder (DBStoreBuilder.java:processTables(174)) - Using default column profile:DBProfile.DISK for Table:default
2019-10-07 12:01:37,361 [main] INFO  db.DBStoreBuilder (DBStoreBuilder.java:getDbProfile(205)) - Using default options. DBProfile.DISK
2019-10-07 12:01:37,517 [main] INFO  net.NodeSchemaLoader (NodeSchemaLoader.java:loadSchemaFromFile(125)) - Loading file from sun.misc.CompoundEnumeration@3de79067
2019-10-07 12:01:37,517 [main] INFO  net.NodeSchemaLoader (NodeSchemaLoader.java:loadSchema(171)) - Loading network topology layer schema file
2019-10-07 12:01:37,523 [main] INFO  node.SCMNodeManager (SCMNodeManager.java:<init>(116)) - Entering startup safe mode.
2019-10-07 12:01:37,524 [main] INFO  algorithms.ContainerPlacementPolicyFactory (ContainerPlacementPolicyFactory.java:getPolicy(57)) - Create container placement policy of type org.apache.hadoop.hdds.scm.container.placement.algorithms.SCMContainerPlacementRandom
2019-10-07 12:01:37,524 [main] WARN  server.ServerUtils (ServerUtils.java:getScmDbDir(145)) - ozone.scm.db.dirs is not configured. We recommend adding this setting. Falling back to ozone.metadata.dirs instead.
2019-10-07 12:01:37,586 [main] INFO  pipeline.SCMPipelineManager (SCMPipelineManager.java:initializePipelineState(132)) - No pipeline exists in current db
2019-10-07 12:01:37,587 [main] WARN  server.ServerUtils (ServerUtils.java:getScmDbDir(145)) - ozone.scm.db.dirs is not configured. We recommend adding this setting. Falling back to ozone.metadata.dirs instead.
2019-10-07 12:01:37,638 [main] WARN  events.EventQueue (EventQueue.java:fireEvent(183)) - No event handler registered for event TypedEvent{payloadType=SafeModeStatus, name='SafeModeStatus'}
2019-10-07 12:01:37,639 [main] INFO  ipc.CallQueueManager (CallQueueManager.java:<init>(84)) - Using callQueue: class java.util.concurrent.LinkedBlockingQueue, queueCapacity: 2000, scheduler: class org.apache.hadoop.ipc.DefaultRpcScheduler, ipcBackoff: false.
2019-10-07 12:01:37,640 [Socket Reader #1 for port 44254] INFO  ipc.Server (Server.java:run(1074)) - Starting Socket Reader #1 for port 44254
2019-10-07 12:01:37,642 [main] INFO  ipc.CallQueueManager (CallQueueManager.java:<init>(84)) - Using callQueue: class java.util.concurrent.LinkedBlockingQueue, queueCapacity: 2000, scheduler: class org.apache.hadoop.ipc.DefaultRpcScheduler, ipcBackoff: false.
2019-10-07 12:01:37,643 [Socket Reader #1 for port 37691] INFO  ipc.Server (Server.java:run(1074)) - Starting Socket Reader #1 for port 37691
2019-10-07 12:01:37,645 [main] INFO  ipc.CallQueueManager (CallQueueManager.java:<init>(84)) - Using callQueue: class java.util.concurrent.LinkedBlockingQueue, queueCapacity: 2000, scheduler: class org.apache.hadoop.ipc.DefaultRpcScheduler, ipcBackoff: false.
2019-10-07 12:01:37,645 [Socket Reader #1 for port 35695] INFO  ipc.Server (Server.java:run(1074)) - Starting Socket Reader #1 for port 35695
2019-10-07 12:01:37,647 [main] INFO  hdfs.DFSUtil (DFSUtil.java:httpServerTemplateForNNAndJN(1641)) - Starting Web-server for scm at: http://0.0.0.0:0
2019-10-07 12:01:37,649 [main] INFO  server.AuthenticationFilter (AuthenticationFilter.java:constructSecretProvider(240)) - Unable to initialize FileSignerSecretProvider, falling back to use random secrets.
2019-10-07 12:01:37,650 [main] WARN  http.HttpRequestLog (HttpRequestLog.java:getRequestLog(97)) - Jetty request log can only be enabled using Log4j
2019-10-07 12:01:37,651 [main] INFO  http.HttpServer2 (HttpServer2.java:addGlobalFilter(975)) - Added global filter 'safety' (class=org.apache.hadoop.http.HttpServer2$QuotingInputFilter)
2019-10-07 12:01:37,652 [main] INFO  http.HttpServer2 (HttpServer2.java:addFilter(948)) - Added filter static_user_filter (class=org.apache.hadoop.http.lib.StaticUserWebFilter$StaticUserFilter) to context scm
2019-10-07 12:01:37,652 [main] INFO  http.HttpServer2 (HttpServer2.java:addFilter(958)) - Added filter static_user_filter (class=org.apache.hadoop.http.lib.StaticUserWebFilter$StaticUserFilter) to context logs
2019-10-07 12:01:37,652 [main] INFO  http.HttpServer2 (HttpServer2.java:addFilter(958)) - Added filter static_user_filter (class=org.apache.hadoop.http.lib.StaticUserWebFilter$StaticUserFilter) to context static
2019-10-07 12:01:37,653 [main] INFO  server.StorageContainerManager (StorageContainerManager.java:start(770)) - StorageContainerLocationProtocol RPC server is listening at /0.0.0.0:35695
2019-10-07 12:01:37,656 [main] WARN  impl.MetricsConfig (MetricsConfig.java:loadFirst(134)) - Cannot locate configuration: tried hadoop-metrics2-storagecontainermanager.properties,hadoop-metrics2.properties
2019-10-07 12:01:37,656 [main] INFO  impl.MetricsSystemImpl (MetricsSystemImpl.java:startTimer(374)) - Scheduled Metric snapshot period at 10 second(s).
2019-10-07 12:01:37,657 [main] INFO  impl.MetricsSystemImpl (MetricsSystemImpl.java:start(191)) - StorageContainerManager metrics system started
2019-10-07 12:01:37,802 [main] WARN  impl.MetricsSystemImpl (MetricsSystemImpl.java:register(276)) - Sink prometheus already exists!
2019-10-07 12:01:37,874 [main] INFO  server.SCMClientProtocolServer (SCMClientProtocolServer.java:start(159)) - RPC server for Client  is listening at /0.0.0.0:35695
2019-10-07 12:01:37,875 [IPC Server Responder] INFO  ipc.Server (Server.java:run(1314)) - IPC Server Responder: starting
2019-10-07 12:01:37,875 [IPC Server listener on 35695] INFO  ipc.Server (Server.java:run(1153)) - IPC Server listener on 35695: starting
2019-10-07 12:01:37,880 [main] INFO  server.StorageContainerManager (StorageContainerManager.java:start(780)) - ScmBlockLocationProtocol RPC server is listening at /0.0.0.0:37691
2019-10-07 12:01:37,880 [main] INFO  server.SCMBlockProtocolServer (SCMBlockProtocolServer.java:start(146)) - RPC server for Block Protocol is listening at /0.0.0.0:37691
2019-10-07 12:01:37,880 [IPC Server listener on 37691] INFO  ipc.Server (Server.java:run(1153)) - IPC Server listener on 37691: starting
2019-10-07 12:01:37,880 [IPC Server Responder] INFO  ipc.Server (Server.java:run(1314)) - IPC Server Responder: starting
2019-10-07 12:01:37,884 [main] INFO  server.StorageContainerManager (StorageContainerManager.java:start(784)) - ScmDatanodeProtocl RPC server is listening at /0.0.0.0:44254
2019-10-07 12:01:37,884 [main] INFO  server.SCMDatanodeProtocolServer (SCMDatanodeProtocolServer.java:start(169)) - RPC server for DataNodes is listening at /0.0.0.0:44254
2019-10-07 12:01:37,884 [IPC Server Responder] INFO  ipc.Server (Server.java:run(1314)) - IPC Server Responder: starting
2019-10-07 12:01:37,886 [IPC Server listener on 44254] INFO  ipc.Server (Server.java:run(1153)) - IPC Server listener on 44254: starting
2019-10-07 12:01:37,889 [main] INFO  http.HttpServer2 (HttpServer2.java:bindListener(1191)) - Jetty bound to port 35269
2019-10-07 12:01:37,889 [main] INFO  server.Server (Server.java:doStart(351)) - jetty-9.3.25.v20180904, build timestamp: 2018-09-04T21:11:46Z, git hash: 3ce520221d0240229c862b122d2b06c12a625732
2019-10-07 12:01:37,891 [main] INFO  handler.ContextHandler (ContextHandler.java:doStart(781)) - Started o.e.j.s.ServletContextHandler@2fde9469{/logs,file:///workdir/hadoop-ozone/integration-test/target/log,AVAILABLE}
2019-10-07 12:01:37,892 [main] INFO  handler.ContextHandler (ContextHandler.java:doStart(781)) - Started o.e.j.s.ServletContextHandler@458031da{/static,file:///workdir/hadoop-ozone/integration-test/target/test-classes/webapps/static,AVAILABLE}
2019-10-07 12:01:37,897 [main] INFO  handler.ContextHandler (ContextHandler.java:doStart(781)) - Started o.e.j.w.WebAppContext@3be3e76c{/,file:///workdir/hadoop-ozone/integration-test/target/test-classes/webapps/scm/,AVAILABLE}{/scm}
2019-10-07 12:01:37,897 [main] INFO  server.AbstractConnector (AbstractConnector.java:doStart(278)) - Started ServerConnector@6c07ad6b{HTTP/1.1,[http/1.1]}{0.0.0.0:35269}
2019-10-07 12:01:37,899 [main] INFO  server.Server (Server.java:doStart(419)) - Started @290856ms
2019-10-07 12:01:37,899 [main] WARN  impl.MetricsSystemImpl (MetricsSystemImpl.java:register(276)) - Sink prometheus already exists!
2019-10-07 12:01:37,900 [main] INFO  server.BaseHttpServer (BaseHttpServer.java:updateConnectorAddress(215)) - HTTP server of SCM is listening at http://0.0.0.0:35269
2019-10-07 12:01:37,901 [main] WARN  server.ServerUtils (ServerUtils.java:getDBPath(222)) - ozone.om.db.dirs is not configured. We recommend adding this setting. Falling back to ozone.metadata.dirs instead.
2019-10-07 12:01:37,902 [org.apache.hadoop.util.JvmPauseMonitor$Monitor@76e4212] INFO  util.JvmPauseMonitor (JvmPauseMonitor.java:run(188)) - Starting JVM pause monitor
2019-10-07 12:01:37,915 [main] INFO  ha.OMHANodeDetails (OMHANodeDetails.java:loadOMHAConfig(190)) - Configuration either no ozone.om.address set. Falling back to the default OM address /127.0.0.1:0
2019-10-07 12:01:37,915 [main] INFO  ha.OMHANodeDetails (OMHANodeDetails.java:getOMNodeDetails(220)) - OM Service ID is not set. Setting it to the default ID: omServiceIdDefault
2019-10-07 12:01:37,915 [main] WARN  server.ServerUtils (ServerUtils.java:getDBPath(222)) - ozone.om.db.dirs is not configured. We recommend adding this setting. Falling back to ozone.metadata.dirs instead.
2019-10-07 12:01:37,916 [main] WARN  server.ServerUtils (ServerUtils.java:getDBPath(222)) - ozone.om.db.dirs is not configured. We recommend adding this setting. Falling back to ozone.metadata.dirs instead.
2019-10-07 12:01:37,922 [main] WARN  server.ServerUtils (ServerUtils.java:getDBPath(222)) - ozone.om.db.dirs is not configured. We recommend adding this setting. Falling back to ozone.metadata.dirs instead.
2019-10-07 12:01:37,923 [main] INFO  db.DBStoreBuilder (DBStoreBuilder.java:addTable(117)) - using custom profile for table: userTable
2019-10-07 12:01:37,923 [main] INFO  db.DBStoreBuilder (DBStoreBuilder.java:processTables(168)) - Using default column profile:DBProfile.DISK for Table:userTable
2019-10-07 12:01:37,923 [main] INFO  db.DBStoreBuilder (DBStoreBuilder.java:addTable(117)) - using custom profile for table: volumeTable
2019-10-07 12:01:37,923 [main] INFO  db.DBStoreBuilder (DBStoreBuilder.java:processTables(168)) - Using default column profile:DBProfile.DISK for Table:volumeTable
2019-10-07 12:01:37,923 [main] INFO  db.DBStoreBuilder (DBStoreBuilder.java:addTable(117)) - using custom profile for table: bucketTable
2019-10-07 12:01:37,923 [main] INFO  db.DBStoreBuilder (DBStoreBuilder.java:processTables(168)) - Using default column profile:DBProfile.DISK for Table:bucketTable
2019-10-07 12:01:37,924 [main] INFO  db.DBStoreBuilder (DBStoreBuilder.java:addTable(117)) - using custom profile for table: keyTable
2019-10-07 12:01:37,924 [main] INFO  db.DBStoreBuilder (DBStoreBuilder.java:processTables(168)) - Using default column profile:DBProfile.DISK for Table:keyTable
2019-10-07 12:01:37,924 [main] INFO  db.DBStoreBuilder (DBStoreBuilder.java:addTable(117)) - using custom profile for table: deletedTable
2019-10-07 12:01:37,924 [main] INFO  db.DBStoreBuilder (DBStoreBuilder.java:processTables(168)) - Using default column profile:DBProfile.DISK for Table:deletedTable
2019-10-07 12:01:37,924 [main] INFO  db.DBStoreBuilder (DBStoreBuilder.java:addTable(117)) - using custom profile for table: openKeyTable
2019-10-07 12:01:37,924 [main] INFO  db.DBStoreBuilder (DBStoreBuilder.java:processTables(168)) - Using default column profile:DBProfile.DISK for Table:openKeyTable
2019-10-07 12:01:37,925 [main] INFO  db.DBStoreBuilder (DBStoreBuilder.java:addTable(117)) - using custom profile for table: s3Table
2019-10-07 12:01:37,925 [main] INFO  db.DBStoreBuilder (DBStoreBuilder.java:processTables(168)) - Using default column profile:DBProfile.DISK for Table:s3Table
2019-10-07 12:01:37,925 [main] INFO  db.DBStoreBuilder (DBStoreBuilder.java:addTable(117)) - using custom profile for table: multipartInfoTable
2019-10-07 12:01:37,925 [main] INFO  db.DBStoreBuilder (DBStoreBuilder.java:processTables(168)) - Using default column profile:DBProfile.DISK for Table:multipartInfoTable
2019-10-07 12:01:37,925 [main] INFO  db.DBStoreBuilder (DBStoreBuilder.java:addTable(117)) - using custom profile for table: dTokenTable
2019-10-07 12:01:37,925 [main] INFO  db.DBStoreBuilder (DBStoreBuilder.java:processTables(168)) - Using default column profile:DBProfile.DISK for Table:dTokenTable
2019-10-07 12:01:37,926 [main] INFO  db.DBStoreBuilder (DBStoreBuilder.java:addTable(117)) - using custom profile for table: s3SecretTable
2019-10-07 12:01:37,926 [main] INFO  db.DBStoreBuilder (DBStoreBuilder.java:processTables(168)) - Using default column profile:DBProfile.DISK for Table:s3SecretTable
2019-10-07 12:01:37,926 [main] INFO  db.DBStoreBuilder (DBStoreBuilder.java:addTable(117)) - using custom profile for table: prefixTable
2019-10-07 12:01:37,926 [main] INFO  db.DBStoreBuilder (DBStoreBuilder.java:processTables(168)) - Using default column profile:DBProfile.DISK for Table:prefixTable
2019-10-07 12:01:37,926 [main] INFO  db.DBStoreBuilder (DBStoreBuilder.java:addTable(117)) - using custom profile for table: default
2019-10-07 12:01:37,926 [main] INFO  db.DBStoreBuilder (DBStoreBuilder.java:processTables(174)) - Using default column profile:DBProfile.DISK for Table:default
2019-10-07 12:01:37,926 [main] INFO  db.DBStoreBuilder (DBStoreBuilder.java:getDbProfile(205)) - Using default options. DBProfile.DISK
2019-10-07 12:01:38,373 [main] INFO  ipc.CallQueueManager (CallQueueManager.java:<init>(84)) - Using callQueue: class java.util.concurrent.LinkedBlockingQueue, queueCapacity: 2000, scheduler: class org.apache.hadoop.ipc.DefaultRpcScheduler, ipcBackoff: false.
2019-10-07 12:01:38,374 [Socket Reader #1 for port 39499] INFO  ipc.Server (Server.java:run(1074)) - Starting Socket Reader #1 for port 39499
2019-10-07 12:01:38,387 [main] INFO  om.OzoneManager (OzoneManager.java:start(1069)) - OzoneManager RPC server is listening at localhost/127.0.0.1:39499
2019-10-07 12:01:38,388 [main] INFO  impl.MetricsSystemImpl (MetricsSystemImpl.java:init(158)) - OzoneManager metrics system started (again)
2019-10-07 12:01:38,389 [IPC Server Responder] INFO  ipc.Server (Server.java:run(1314)) - IPC Server Responder: starting
2019-10-07 12:01:38,389 [IPC Server listener on 39499] INFO  ipc.Server (Server.java:run(1153)) - IPC Server listener on 39499: starting
2019-10-07 12:01:38,395 [main] INFO  hdfs.DFSUtil (DFSUtil.java:httpServerTemplateForNNAndJN(1641)) - Starting Web-server for ozoneManager at: http://0.0.0.0:0
2019-10-07 12:01:38,397 [main] INFO  server.AuthenticationFilter (AuthenticationFilter.java:constructSecretProvider(240)) - Unable to initialize FileSignerSecretProvider, falling back to use random secrets.
2019-10-07 12:01:38,397 [main] WARN  http.HttpRequestLog (HttpRequestLog.java:getRequestLog(97)) - Jetty request log can only be enabled using Log4j
2019-10-07 12:01:38,399 [main] INFO  http.HttpServer2 (HttpServer2.java:addGlobalFilter(975)) - Added global filter 'safety' (class=org.apache.hadoop.http.HttpServer2$QuotingInputFilter)
2019-10-07 12:01:38,400 [main] INFO  http.HttpServer2 (HttpServer2.java:addFilter(948)) - Added filter static_user_filter (class=org.apache.hadoop.http.lib.StaticUserWebFilter$StaticUserFilter) to context ozoneManager
2019-10-07 12:01:38,400 [main] INFO  http.HttpServer2 (HttpServer2.java:addFilter(958)) - Added filter static_user_filter (class=org.apache.hadoop.http.lib.StaticUserWebFilter$StaticUserFilter) to context logs
2019-10-07 12:01:38,400 [main] INFO  http.HttpServer2 (HttpServer2.java:addFilter(958)) - Added filter static_user_filter (class=org.apache.hadoop.http.lib.StaticUserWebFilter$StaticUserFilter) to context static
2019-10-07 12:01:38,401 [main] INFO  http.HttpServer2 (HttpServer2.java:bindListener(1191)) - Jetty bound to port 35249
2019-10-07 12:01:38,401 [main] INFO  server.Server (Server.java:doStart(351)) - jetty-9.3.25.v20180904, build timestamp: 2018-09-04T21:11:46Z, git hash: 3ce520221d0240229c862b122d2b06c12a625732
2019-10-07 12:01:38,403 [main] INFO  handler.ContextHandler (ContextHandler.java:doStart(781)) - Started o.e.j.s.ServletContextHandler@626c569b{/logs,file:///workdir/hadoop-ozone/integration-test/target/log,AVAILABLE}
2019-10-07 12:01:38,403 [main] INFO  handler.ContextHandler (ContextHandler.java:doStart(781)) - Started o.e.j.s.ServletContextHandler@65593327{/static,file:///workdir/hadoop-ozone/integration-test/target/test-classes/webapps/static,AVAILABLE}
2019-10-07 12:01:38,407 [main] INFO  handler.ContextHandler (ContextHandler.java:doStart(781)) - Started o.e.j.w.WebAppContext@165614f5{/,file:///workdir/hadoop-ozone/integration-test/target/test-classes/webapps/ozoneManager/,AVAILABLE}{/ozoneManager}
2019-10-07 12:01:38,408 [main] INFO  server.AbstractConnector (AbstractConnector.java:doStart(278)) - Started ServerConnector@6e685e6c{HTTP/1.1,[http/1.1]}{0.0.0.0:35249}
2019-10-07 12:01:38,410 [main] INFO  server.Server (Server.java:doStart(419)) - Started @291367ms
2019-10-07 12:01:38,410 [main] WARN  impl.MetricsSystemImpl (MetricsSystemImpl.java:register(276)) - Sink prometheus already exists!
2019-10-07 12:01:38,411 [main] INFO  server.BaseHttpServer (BaseHttpServer.java:updateConnectorAddress(215)) - HTTP server of OZONEMANAGER is listening at http://0.0.0.0:35249
2019-10-07 12:01:38,433 [main] INFO  impl.MetricsSystemImpl (MetricsSystemImpl.java:init(158)) - HddsDatanode metrics system started (again)
2019-10-07 12:01:38,438 [main] INFO  ozone.HddsDatanodeService (HddsDatanodeService.java:start(184)) - HddsDatanodeService host:pr-hdds-2071-fmvlq-2762171947 ip:192.168.30.26
2019-10-07 12:01:38,447 [main] INFO  volume.HddsVolume (HddsVolume.java:<init>(176)) - Creating Volume: /workdir/hadoop-ozone/integration-test/target/test-dir/MiniOzoneClusterImpl-3996cdb0-1c67-461d-8979-130917cb6d41/datanode-0/data/containers/hdds of  storage type : DISK and capacity : 1482555576320
2019-10-07 12:01:38,447 [main] INFO  volume.VolumeSet (VolumeSet.java:initializeVolumeSet(170)) - Added Volume : /workdir/hadoop-ozone/integration-test/target/test-dir/MiniOzoneClusterImpl-3996cdb0-1c67-461d-8979-130917cb6d41/datanode-0/data/containers/hdds to VolumeSet
2019-10-07 12:01:38,447 [main] INFO  volume.ThrottledAsyncChecker (ThrottledAsyncChecker.java:schedule(139)) - Scheduling a check for org.apache.hadoop.ozone.container.common.volume.HddsVolume@45d4421d
2019-10-07 12:01:38,447 [main] INFO  volume.HddsVolumeChecker (HddsVolumeChecker.java:checkAllVolumes(202)) - Scheduled health check for volume org.apache.hadoop.ozone.container.common.volume.HddsVolume@45d4421d
2019-10-07 12:01:38,460 [main] INFO  impl.RaftServerProxy (ConfUtils.java:logGet(43)) - raft.rpc.type = GRPC (default)
2019-10-07 12:01:38,461 [main] INFO  grpc.GrpcFactory (GrpcFactory.java:checkPooledByteBufAllocatorUseCacheForAllThreads(45)) - PERFORMANCE WARNING: useCacheForAllThreads is true that may cause Netty to create a lot garbage objects and, as a result, trigger GC.
	It is recommended to disable useCacheForAllThreads by setting -Dorg.apache.ratis.thirdparty.io.netty.allocator.useCacheForAllThreads=false in command line.
2019-10-07 12:01:38,461 [main] INFO  grpc.GrpcConfigKeys$Server (ConfUtils.java:logGet(43)) - raft.grpc.server.port = 0 (default)
2019-10-07 12:01:38,461 [main] INFO  server.GrpcService (ConfUtils.java:logGet(43)) - raft.grpc.message.size.max = 33570816 (custom)
2019-10-07 12:01:38,461 [main] INFO  server.RaftServerConfigKeys (ConfUtils.java:logGet(43)) - raft.server.log.appender.buffer.byte-limit = 33554432 (custom)
2019-10-07 12:01:38,461 [main] INFO  server.GrpcService (ConfUtils.java:logGet(43)) - raft.grpc.flow.control.window = 1MB (=1048576) (default)
2019-10-07 12:01:38,462 [main] INFO  server.RaftServerConfigKeys (ConfUtils.java:logGet(43)) - raft.server.rpc.request.timeout = 3000ms (default)
2019-10-07 12:01:38,462 [main] INFO  server.RaftServerConfigKeys (ConfUtils.java:logGet(43)) - raft.server.storage.dir = [/workdir/hadoop-ozone/integration-test/target/test-dir/MiniOzoneClusterImpl-3996cdb0-1c67-461d-8979-130917cb6d41/datanode-0/data/ratis] (custom)
2019-10-07 12:01:38,464 [main] INFO  hdfs.DFSUtil (DFSUtil.java:httpServerTemplateForNNAndJN(1641)) - Starting Web-server for hddsDatanode at: http://0.0.0.0:0
2019-10-07 12:01:38,466 [main] INFO  server.AuthenticationFilter (AuthenticationFilter.java:constructSecretProvider(240)) - Unable to initialize FileSignerSecretProvider, falling back to use random secrets.
2019-10-07 12:01:38,466 [main] WARN  http.HttpRequestLog (HttpRequestLog.java:getRequestLog(97)) - Jetty request log can only be enabled using Log4j
2019-10-07 12:01:38,468 [main] INFO  http.HttpServer2 (HttpServer2.java:addGlobalFilter(975)) - Added global filter 'safety' (class=org.apache.hadoop.http.HttpServer2$QuotingInputFilter)
2019-10-07 12:01:38,469 [main] INFO  http.HttpServer2 (HttpServer2.java:addFilter(948)) - Added filter static_user_filter (class=org.apache.hadoop.http.lib.StaticUserWebFilter$StaticUserFilter) to context hddsDatanode
2019-10-07 12:01:38,469 [main] INFO  http.HttpServer2 (HttpServer2.java:addFilter(958)) - Added filter static_user_filter (class=org.apache.hadoop.http.lib.StaticUserWebFilter$StaticUserFilter) to context static
2019-10-07 12:01:38,469 [main] INFO  http.HttpServer2 (HttpServer2.java:addFilter(958)) - Added filter static_user_filter (class=org.apache.hadoop.http.lib.StaticUserWebFilter$StaticUserFilter) to context logs
2019-10-07 12:01:38,470 [main] INFO  http.HttpServer2 (HttpServer2.java:bindListener(1191)) - Jetty bound to port 35968
2019-10-07 12:01:38,470 [main] INFO  server.Server (Server.java:doStart(351)) - jetty-9.3.25.v20180904, build timestamp: 2018-09-04T21:11:46Z, git hash: 3ce520221d0240229c862b122d2b06c12a625732
2019-10-07 12:01:38,472 [main] INFO  handler.ContextHandler (ContextHandler.java:doStart(781)) - Started o.e.j.s.ServletContextHandler@4c7d7430{/logs,file:///workdir/hadoop-ozone/integration-test/target/log,AVAILABLE}
2019-10-07 12:01:38,472 [main] INFO  handler.ContextHandler (ContextHandler.java:doStart(781)) - Started o.e.j.s.ServletContextHandler@74123110{/static,jar:file:/home/user/.m2/repository/org/apache/hadoop/hadoop-hdds-container-service/0.5.0-SNAPSHOT/hadoop-hdds-container-service-0.5.0-SNAPSHOT.jar!/webapps/static,AVAILABLE}
2019-10-07 12:01:38,508 [main] INFO  handler.ContextHandler (ContextHandler.java:doStart(781)) - Started o.e.j.w.WebAppContext@427308f8{/,file:///tmp/jetty-0.0.0.0-35968-hddsDatanode-_-any-1320581851547186710.dir/webapp/,AVAILABLE}{/hddsDatanode}
2019-10-07 12:01:38,508 [main] INFO  server.AbstractConnector (AbstractConnector.java:doStart(278)) - Started ServerConnector@54247647{HTTP/1.1,[http/1.1]}{0.0.0.0:35968}
2019-10-07 12:01:38,510 [main] INFO  server.Server (Server.java:doStart(419)) - Started @291467ms
2019-10-07 12:01:38,511 [main] WARN  impl.MetricsSystemImpl (MetricsSystemImpl.java:register(276)) - Sink prometheus already exists!
2019-10-07 12:01:38,511 [main] INFO  server.BaseHttpServer (BaseHttpServer.java:updateConnectorAddress(215)) - HTTP server of HDDSDATANODE is listening at http://0.0.0.0:35968
2019-10-07 12:01:38,511 [main] INFO  impl.MetricsSystemImpl (MetricsSystemImpl.java:init(158)) - HddsDatanode metrics system started (again)
2019-10-07 12:01:38,516 [org.apache.hadoop.util.JvmPauseMonitor$Monitor@524f6c4] INFO  util.JvmPauseMonitor (JvmPauseMonitor.java:run(188)) - Starting JVM pause monitor
2019-10-07 12:01:38,517 [main] INFO  ozone.HddsDatanodeService (HddsDatanodeService.java:start(184)) - HddsDatanodeService host:pr-hdds-2071-fmvlq-2762171947 ip:192.168.30.26
2019-10-07 12:01:38,518 [Datanode State Machine Thread - 0] INFO  datanode.InitDatanodeState (InitDatanodeState.java:persistContainerDatanodeDetails(140)) - DatanodeDetails is persisted to /workdir/hadoop-ozone/integration-test/target/test-dir/MiniOzoneClusterImpl-3996cdb0-1c67-461d-8979-130917cb6d41/datanode-0/meta/datanode.id
2019-10-07 12:01:38,523 [main] INFO  volume.HddsVolume (HddsVolume.java:<init>(176)) - Creating Volume: /workdir/hadoop-ozone/integration-test/target/test-dir/MiniOzoneClusterImpl-3996cdb0-1c67-461d-8979-130917cb6d41/datanode-1/data/containers/hdds of  storage type : DISK and capacity : 1482555576320
2019-10-07 12:01:38,524 [main] INFO  volume.VolumeSet (VolumeSet.java:initializeVolumeSet(170)) - Added Volume : /workdir/hadoop-ozone/integration-test/target/test-dir/MiniOzoneClusterImpl-3996cdb0-1c67-461d-8979-130917cb6d41/datanode-1/data/containers/hdds to VolumeSet
2019-10-07 12:01:38,524 [main] INFO  volume.ThrottledAsyncChecker (ThrottledAsyncChecker.java:schedule(139)) - Scheduling a check for org.apache.hadoop.ozone.container.common.volume.HddsVolume@3db6dd52
2019-10-07 12:01:38,524 [main] INFO  volume.HddsVolumeChecker (HddsVolumeChecker.java:checkAllVolumes(202)) - Scheduled health check for volume org.apache.hadoop.ozone.container.common.volume.HddsVolume@3db6dd52
2019-10-07 12:01:38,538 [main] INFO  impl.RaftServerProxy (ConfUtils.java:logGet(43)) - raft.rpc.type = GRPC (default)
2019-10-07 12:01:38,538 [main] INFO  grpc.GrpcFactory (GrpcFactory.java:checkPooledByteBufAllocatorUseCacheForAllThreads(45)) - PERFORMANCE WARNING: useCacheForAllThreads is true that may cause Netty to create a lot garbage objects and, as a result, trigger GC.
	It is recommended to disable useCacheForAllThreads by setting -Dorg.apache.ratis.thirdparty.io.netty.allocator.useCacheForAllThreads=false in command line.
2019-10-07 12:01:38,538 [main] INFO  grpc.GrpcConfigKeys$Server (ConfUtils.java:logGet(43)) - raft.grpc.server.port = 0 (default)
2019-10-07 12:01:38,538 [main] INFO  server.GrpcService (ConfUtils.java:logGet(43)) - raft.grpc.message.size.max = 33570816 (custom)
2019-10-07 12:01:38,539 [main] INFO  server.RaftServerConfigKeys (ConfUtils.java:logGet(43)) - raft.server.log.appender.buffer.byte-limit = 33554432 (custom)
2019-10-07 12:01:38,539 [main] INFO  server.GrpcService (ConfUtils.java:logGet(43)) - raft.grpc.flow.control.window = 1MB (=1048576) (default)
2019-10-07 12:01:38,539 [main] INFO  server.RaftServerConfigKeys (ConfUtils.java:logGet(43)) - raft.server.rpc.request.timeout = 3000ms (default)
2019-10-07 12:01:38,539 [main] INFO  server.RaftServerConfigKeys (ConfUtils.java:logGet(43)) - raft.server.storage.dir = [/workdir/hadoop-ozone/integration-test/target/test-dir/MiniOzoneClusterImpl-3996cdb0-1c67-461d-8979-130917cb6d41/datanode-1/data/ratis] (custom)
2019-10-07 12:01:38,541 [main] INFO  hdfs.DFSUtil (DFSUtil.java:httpServerTemplateForNNAndJN(1641)) - Starting Web-server for hddsDatanode at: http://0.0.0.0:0
2019-10-07 12:01:38,542 [main] INFO  server.AuthenticationFilter (AuthenticationFilter.java:constructSecretProvider(240)) - Unable to initialize FileSignerSecretProvider, falling back to use random secrets.
2019-10-07 12:01:38,542 [main] WARN  http.HttpRequestLog (HttpRequestLog.java:getRequestLog(97)) - Jetty request log can only be enabled using Log4j
2019-10-07 12:01:38,544 [main] INFO  http.HttpServer2 (HttpServer2.java:addGlobalFilter(975)) - Added global filter 'safety' (class=org.apache.hadoop.http.HttpServer2$QuotingInputFilter)
2019-10-07 12:01:38,544 [main] INFO  http.HttpServer2 (HttpServer2.java:addFilter(948)) - Added filter static_user_filter (class=org.apache.hadoop.http.lib.StaticUserWebFilter$StaticUserFilter) to context hddsDatanode
2019-10-07 12:01:38,544 [main] INFO  http.HttpServer2 (HttpServer2.java:addFilter(958)) - Added filter static_user_filter (class=org.apache.hadoop.http.lib.StaticUserWebFilter$StaticUserFilter) to context logs
2019-10-07 12:01:38,544 [main] INFO  http.HttpServer2 (HttpServer2.java:addFilter(958)) - Added filter static_user_filter (class=org.apache.hadoop.http.lib.StaticUserWebFilter$StaticUserFilter) to context static
2019-10-07 12:01:38,545 [main] INFO  http.HttpServer2 (HttpServer2.java:bindListener(1191)) - Jetty bound to port 46438
2019-10-07 12:01:38,545 [main] INFO  server.Server (Server.java:doStart(351)) - jetty-9.3.25.v20180904, build timestamp: 2018-09-04T21:11:46Z, git hash: 3ce520221d0240229c862b122d2b06c12a625732
2019-10-07 12:01:38,546 [main] INFO  handler.ContextHandler (ContextHandler.java:doStart(781)) - Started o.e.j.s.ServletContextHandler@6f96dd64{/logs,file:///workdir/hadoop-ozone/integration-test/target/log,AVAILABLE}
2019-10-07 12:01:38,547 [main] INFO  handler.ContextHandler (ContextHandler.java:doStart(781)) - Started o.e.j.s.ServletContextHandler@409732fb{/static,jar:file:/home/user/.m2/repository/org/apache/hadoop/hadoop-hdds-container-service/0.5.0-SNAPSHOT/hadoop-hdds-container-service-0.5.0-SNAPSHOT.jar!/webapps/static,AVAILABLE}
2019-10-07 12:01:38,575 [main] INFO  handler.ContextHandler (ContextHandler.java:doStart(781)) - Started o.e.j.w.WebAppContext@18c880ea{/,file:///tmp/jetty-0.0.0.0-46438-hddsDatanode-_-any-866156309228833706.dir/webapp/,AVAILABLE}{/hddsDatanode}
2019-10-07 12:01:38,576 [main] INFO  server.AbstractConnector (AbstractConnector.java:doStart(278)) - Started ServerConnector@5ac044ef{HTTP/1.1,[http/1.1]}{0.0.0.0:46438}
2019-10-07 12:01:38,578 [main] INFO  server.Server (Server.java:doStart(419)) - Started @291535ms
2019-10-07 12:01:38,578 [main] WARN  impl.MetricsSystemImpl (MetricsSystemImpl.java:register(276)) - Sink prometheus already exists!
2019-10-07 12:01:38,578 [main] INFO  server.BaseHttpServer (BaseHttpServer.java:updateConnectorAddress(215)) - HTTP server of HDDSDATANODE is listening at http://0.0.0.0:46438
2019-10-07 12:01:38,579 [main] INFO  impl.MetricsSystemImpl (MetricsSystemImpl.java:init(158)) - HddsDatanode metrics system started (again)
2019-10-07 12:01:38,584 [org.apache.hadoop.util.JvmPauseMonitor$Monitor@66e53825] INFO  util.JvmPauseMonitor (JvmPauseMonitor.java:run(188)) - Starting JVM pause monitor
2019-10-07 12:01:38,584 [main] INFO  ozone.HddsDatanodeService (HddsDatanodeService.java:start(184)) - HddsDatanodeService host:pr-hdds-2071-fmvlq-2762171947 ip:192.168.30.26
2019-10-07 12:01:38,585 [Datanode State Machine Thread - 0] INFO  datanode.InitDatanodeState (InitDatanodeState.java:persistContainerDatanodeDetails(140)) - DatanodeDetails is persisted to /workdir/hadoop-ozone/integration-test/target/test-dir/MiniOzoneClusterImpl-3996cdb0-1c67-461d-8979-130917cb6d41/datanode-1/meta/datanode.id
2019-10-07 12:01:38,591 [main] INFO  volume.HddsVolume (HddsVolume.java:<init>(176)) - Creating Volume: /workdir/hadoop-ozone/integration-test/target/test-dir/MiniOzoneClusterImpl-3996cdb0-1c67-461d-8979-130917cb6d41/datanode-2/data/containers/hdds of  storage type : DISK and capacity : 1482555576320
2019-10-07 12:01:38,591 [main] INFO  volume.VolumeSet (VolumeSet.java:initializeVolumeSet(170)) - Added Volume : /workdir/hadoop-ozone/integration-test/target/test-dir/MiniOzoneClusterImpl-3996cdb0-1c67-461d-8979-130917cb6d41/datanode-2/data/containers/hdds to VolumeSet
2019-10-07 12:01:38,591 [main] INFO  volume.ThrottledAsyncChecker (ThrottledAsyncChecker.java:schedule(139)) - Scheduling a check for org.apache.hadoop.ozone.container.common.volume.HddsVolume@167a21b
2019-10-07 12:01:38,592 [main] INFO  volume.HddsVolumeChecker (HddsVolumeChecker.java:checkAllVolumes(202)) - Scheduled health check for volume org.apache.hadoop.ozone.container.common.volume.HddsVolume@167a21b
2019-10-07 12:01:38,606 [main] INFO  impl.RaftServerProxy (ConfUtils.java:logGet(43)) - raft.rpc.type = GRPC (default)
2019-10-07 12:01:38,606 [main] INFO  grpc.GrpcFactory (GrpcFactory.java:checkPooledByteBufAllocatorUseCacheForAllThreads(45)) - PERFORMANCE WARNING: useCacheForAllThreads is true that may cause Netty to create a lot garbage objects and, as a result, trigger GC.
	It is recommended to disable useCacheForAllThreads by setting -Dorg.apache.ratis.thirdparty.io.netty.allocator.useCacheForAllThreads=false in command line.
2019-10-07 12:01:38,607 [main] INFO  grpc.GrpcConfigKeys$Server (ConfUtils.java:logGet(43)) - raft.grpc.server.port = 0 (default)
2019-10-07 12:01:38,607 [main] INFO  server.GrpcService (ConfUtils.java:logGet(43)) - raft.grpc.message.size.max = 33570816 (custom)
2019-10-07 12:01:38,607 [main] INFO  server.RaftServerConfigKeys (ConfUtils.java:logGet(43)) - raft.server.log.appender.buffer.byte-limit = 33554432 (custom)
2019-10-07 12:01:38,607 [main] INFO  server.GrpcService (ConfUtils.java:logGet(43)) - raft.grpc.flow.control.window = 1MB (=1048576) (default)
2019-10-07 12:01:38,607 [main] INFO  server.RaftServerConfigKeys (ConfUtils.java:logGet(43)) - raft.server.rpc.request.timeout = 3000ms (default)
2019-10-07 12:01:38,608 [main] INFO  server.RaftServerConfigKeys (ConfUtils.java:logGet(43)) - raft.server.storage.dir = [/workdir/hadoop-ozone/integration-test/target/test-dir/MiniOzoneClusterImpl-3996cdb0-1c67-461d-8979-130917cb6d41/datanode-2/data/ratis] (custom)
2019-10-07 12:01:38,609 [main] INFO  hdfs.DFSUtil (DFSUtil.java:httpServerTemplateForNNAndJN(1641)) - Starting Web-server for hddsDatanode at: http://0.0.0.0:0
2019-10-07 12:01:38,610 [main] INFO  server.AuthenticationFilter (AuthenticationFilter.java:constructSecretProvider(240)) - Unable to initialize FileSignerSecretProvider, falling back to use random secrets.
2019-10-07 12:01:38,611 [main] WARN  http.HttpRequestLog (HttpRequestLog.java:getRequestLog(97)) - Jetty request log can only be enabled using Log4j
2019-10-07 12:01:38,612 [main] INFO  http.HttpServer2 (HttpServer2.java:addGlobalFilter(975)) - Added global filter 'safety' (class=org.apache.hadoop.http.HttpServer2$QuotingInputFilter)
2019-10-07 12:01:38,613 [main] INFO  http.HttpServer2 (HttpServer2.java:addFilter(948)) - Added filter static_user_filter (class=org.apache.hadoop.http.lib.StaticUserWebFilter$StaticUserFilter) to context hddsDatanode
2019-10-07 12:01:38,613 [main] INFO  http.HttpServer2 (HttpServer2.java:addFilter(958)) - Added filter static_user_filter (class=org.apache.hadoop.http.lib.StaticUserWebFilter$StaticUserFilter) to context logs
2019-10-07 12:01:38,613 [main] INFO  http.HttpServer2 (HttpServer2.java:addFilter(958)) - Added filter static_user_filter (class=org.apache.hadoop.http.lib.StaticUserWebFilter$StaticUserFilter) to context static
2019-10-07 12:01:38,614 [main] INFO  http.HttpServer2 (HttpServer2.java:bindListener(1191)) - Jetty bound to port 41633
2019-10-07 12:01:38,614 [main] INFO  server.Server (Server.java:doStart(351)) - jetty-9.3.25.v20180904, build timestamp: 2018-09-04T21:11:46Z, git hash: 3ce520221d0240229c862b122d2b06c12a625732
2019-10-07 12:01:38,615 [main] INFO  handler.ContextHandler (ContextHandler.java:doStart(781)) - Started o.e.j.s.ServletContextHandler@3a109ff7{/logs,file:///workdir/hadoop-ozone/integration-test/target/log,AVAILABLE}
2019-10-07 12:01:38,616 [main] INFO  handler.ContextHandler (ContextHandler.java:doStart(781)) - Started o.e.j.s.ServletContextHandler@1a2773a8{/static,jar:file:/home/user/.m2/repository/org/apache/hadoop/hadoop-hdds-container-service/0.5.0-SNAPSHOT/hadoop-hdds-container-service-0.5.0-SNAPSHOT.jar!/webapps/static,AVAILABLE}
2019-10-07 12:01:38,644 [main] INFO  handler.ContextHandler (ContextHandler.java:doStart(781)) - Started o.e.j.w.WebAppContext@55c1ced9{/,file:///tmp/jetty-0.0.0.0-41633-hddsDatanode-_-any-6991758100299648785.dir/webapp/,AVAILABLE}{/hddsDatanode}
2019-10-07 12:01:38,645 [main] INFO  server.AbstractConnector (AbstractConnector.java:doStart(278)) - Started ServerConnector@49cc9b2a{HTTP/1.1,[http/1.1]}{0.0.0.0:41633}
2019-10-07 12:01:38,647 [main] INFO  server.Server (Server.java:doStart(419)) - Started @291604ms
2019-10-07 12:01:38,647 [main] WARN  impl.MetricsSystemImpl (MetricsSystemImpl.java:register(276)) - Sink prometheus already exists!
2019-10-07 12:01:38,648 [main] INFO  server.BaseHttpServer (BaseHttpServer.java:updateConnectorAddress(215)) - HTTP server of HDDSDATANODE is listening at http://0.0.0.0:41633
2019-10-07 12:01:38,648 [main] INFO  impl.MetricsSystemImpl (MetricsSystemImpl.java:init(158)) - HddsDatanode metrics system started (again)
2019-10-07 12:01:38,654 [org.apache.hadoop.util.JvmPauseMonitor$Monitor@b7b0e93] INFO  util.JvmPauseMonitor (JvmPauseMonitor.java:run(188)) - Starting JVM pause monitor
2019-10-07 12:01:38,654 [main] INFO  ozone.HddsDatanodeService (HddsDatanodeService.java:start(184)) - HddsDatanodeService host:pr-hdds-2071-fmvlq-2762171947 ip:192.168.30.26
2019-10-07 12:01:38,655 [Datanode State Machine Thread - 0] INFO  datanode.InitDatanodeState (InitDatanodeState.java:persistContainerDatanodeDetails(140)) - DatanodeDetails is persisted to /workdir/hadoop-ozone/integration-test/target/test-dir/MiniOzoneClusterImpl-3996cdb0-1c67-461d-8979-130917cb6d41/datanode-2/meta/datanode.id
2019-10-07 12:01:38,661 [main] INFO  volume.HddsVolume (HddsVolume.java:<init>(176)) - Creating Volume: /workdir/hadoop-ozone/integration-test/target/test-dir/MiniOzoneClusterImpl-3996cdb0-1c67-461d-8979-130917cb6d41/datanode-3/data/containers/hdds of  storage type : DISK and capacity : 1482555576320
2019-10-07 12:01:38,662 [main] INFO  volume.VolumeSet (VolumeSet.java:initializeVolumeSet(170)) - Added Volume : /workdir/hadoop-ozone/integration-test/target/test-dir/MiniOzoneClusterImpl-3996cdb0-1c67-461d-8979-130917cb6d41/datanode-3/data/containers/hdds to VolumeSet
2019-10-07 12:01:38,662 [main] INFO  volume.ThrottledAsyncChecker (ThrottledAsyncChecker.java:schedule(139)) - Scheduling a check for org.apache.hadoop.ozone.container.common.volume.HddsVolume@410fc508
2019-10-07 12:01:38,662 [main] INFO  volume.HddsVolumeChecker (HddsVolumeChecker.java:checkAllVolumes(202)) - Scheduled health check for volume org.apache.hadoop.ozone.container.common.volume.HddsVolume@410fc508
2019-10-07 12:01:38,675 [main] INFO  impl.RaftServerProxy (ConfUtils.java:logGet(43)) - raft.rpc.type = GRPC (default)
2019-10-07 12:01:38,675 [main] INFO  grpc.GrpcFactory (GrpcFactory.java:checkPooledByteBufAllocatorUseCacheForAllThreads(45)) - PERFORMANCE WARNING: useCacheForAllThreads is true that may cause Netty to create a lot garbage objects and, as a result, trigger GC.
	It is recommended to disable useCacheForAllThreads by setting -Dorg.apache.ratis.thirdparty.io.netty.allocator.useCacheForAllThreads=false in command line.
2019-10-07 12:01:38,676 [main] INFO  grpc.GrpcConfigKeys$Server (ConfUtils.java:logGet(43)) - raft.grpc.server.port = 0 (default)
2019-10-07 12:01:38,676 [main] INFO  server.GrpcService (ConfUtils.java:logGet(43)) - raft.grpc.message.size.max = 33570816 (custom)
2019-10-07 12:01:38,676 [main] INFO  server.RaftServerConfigKeys (ConfUtils.java:logGet(43)) - raft.server.log.appender.buffer.byte-limit = 33554432 (custom)
2019-10-07 12:01:38,676 [main] INFO  server.GrpcService (ConfUtils.java:logGet(43)) - raft.grpc.flow.control.window = 1MB (=1048576) (default)
2019-10-07 12:01:38,676 [main] INFO  server.RaftServerConfigKeys (ConfUtils.java:logGet(43)) - raft.server.rpc.request.timeout = 3000ms (default)
2019-10-07 12:01:38,677 [main] INFO  server.RaftServerConfigKeys (ConfUtils.java:logGet(43)) - raft.server.storage.dir = [/workdir/hadoop-ozone/integration-test/target/test-dir/MiniOzoneClusterImpl-3996cdb0-1c67-461d-8979-130917cb6d41/datanode-3/data/ratis] (custom)
2019-10-07 12:01:38,678 [main] INFO  hdfs.DFSUtil (DFSUtil.java:httpServerTemplateForNNAndJN(1641)) - Starting Web-server for hddsDatanode at: http://0.0.0.0:0
2019-10-07 12:01:38,679 [main] INFO  server.AuthenticationFilter (AuthenticationFilter.java:constructSecretProvider(240)) - Unable to initialize FileSignerSecretProvider, falling back to use random secrets.
2019-10-07 12:01:38,680 [main] WARN  http.HttpRequestLog (HttpRequestLog.java:getRequestLog(97)) - Jetty request log can only be enabled using Log4j
2019-10-07 12:01:38,681 [main] INFO  http.HttpServer2 (HttpServer2.java:addGlobalFilter(975)) - Added global filter 'safety' (class=org.apache.hadoop.http.HttpServer2$QuotingInputFilter)
2019-10-07 12:01:38,681 [main] INFO  http.HttpServer2 (HttpServer2.java:addFilter(948)) - Added filter static_user_filter (class=org.apache.hadoop.http.lib.StaticUserWebFilter$StaticUserFilter) to context hddsDatanode
2019-10-07 12:01:38,681 [main] INFO  http.HttpServer2 (HttpServer2.java:addFilter(958)) - Added filter static_user_filter (class=org.apache.hadoop.http.lib.StaticUserWebFilter$StaticUserFilter) to context logs
2019-10-07 12:01:38,682 [main] INFO  http.HttpServer2 (HttpServer2.java:addFilter(958)) - Added filter static_user_filter (class=org.apache.hadoop.http.lib.StaticUserWebFilter$StaticUserFilter) to context static
2019-10-07 12:01:38,682 [main] INFO  http.HttpServer2 (HttpServer2.java:bindListener(1191)) - Jetty bound to port 40188
2019-10-07 12:01:38,682 [main] INFO  server.Server (Server.java:doStart(351)) - jetty-9.3.25.v20180904, build timestamp: 2018-09-04T21:11:46Z, git hash: 3ce520221d0240229c862b122d2b06c12a625732
2019-10-07 12:01:38,684 [main] INFO  handler.ContextHandler (ContextHandler.java:doStart(781)) - Started o.e.j.s.ServletContextHandler@2a04ab05{/logs,file:///workdir/hadoop-ozone/integration-test/target/log,AVAILABLE}
2019-10-07 12:01:38,684 [main] INFO  handler.ContextHandler (ContextHandler.java:doStart(781)) - Started o.e.j.s.ServletContextHandler@a056b26{/static,jar:file:/home/user/.m2/repository/org/apache/hadoop/hadoop-hdds-container-service/0.5.0-SNAPSHOT/hadoop-hdds-container-service-0.5.0-SNAPSHOT.jar!/webapps/static,AVAILABLE}
2019-10-07 12:01:38,711 [main] INFO  handler.ContextHandler (ContextHandler.java:doStart(781)) - Started o.e.j.w.WebAppContext@5514579e{/,file:///tmp/jetty-0.0.0.0-40188-hddsDatanode-_-any-6326892277249846552.dir/webapp/,AVAILABLE}{/hddsDatanode}
2019-10-07 12:01:38,711 [main] INFO  server.AbstractConnector (AbstractConnector.java:doStart(278)) - Started ServerConnector@58c42c8c{HTTP/1.1,[http/1.1]}{0.0.0.0:40188}
2019-10-07 12:01:38,713 [main] INFO  server.Server (Server.java:doStart(419)) - Started @291670ms
2019-10-07 12:01:38,713 [main] WARN  impl.MetricsSystemImpl (MetricsSystemImpl.java:register(276)) - Sink prometheus already exists!
2019-10-07 12:01:38,714 [main] INFO  server.BaseHttpServer (BaseHttpServer.java:updateConnectorAddress(215)) - HTTP server of HDDSDATANODE is listening at http://0.0.0.0:40188
2019-10-07 12:01:38,714 [main] INFO  impl.MetricsSystemImpl (MetricsSystemImpl.java:init(158)) - HddsDatanode metrics system started (again)
2019-10-07 12:01:38,721 [org.apache.hadoop.util.JvmPauseMonitor$Monitor@3253233d] INFO  util.JvmPauseMonitor (JvmPauseMonitor.java:run(188)) - Starting JVM pause monitor
2019-10-07 12:01:38,722 [Datanode State Machine Thread - 0] INFO  datanode.InitDatanodeState (InitDatanodeState.java:persistContainerDatanodeDetails(140)) - DatanodeDetails is persisted to /workdir/hadoop-ozone/integration-test/target/test-dir/MiniOzoneClusterImpl-3996cdb0-1c67-461d-8979-130917cb6d41/datanode-3/meta/datanode.id
2019-10-07 12:01:38,723 [main] INFO  ozone.HddsDatanodeService (HddsDatanodeService.java:start(184)) - HddsDatanodeService host:pr-hdds-2071-fmvlq-2762171947 ip:192.168.30.26
2019-10-07 12:01:38,729 [main] INFO  volume.HddsVolume (HddsVolume.java:<init>(176)) - Creating Volume: /workdir/hadoop-ozone/integration-test/target/test-dir/MiniOzoneClusterImpl-3996cdb0-1c67-461d-8979-130917cb6d41/datanode-4/data/containers/hdds of  storage type : DISK and capacity : 1482555576320
2019-10-07 12:01:38,730 [main] INFO  volume.VolumeSet (VolumeSet.java:initializeVolumeSet(170)) - Added Volume : /workdir/hadoop-ozone/integration-test/target/test-dir/MiniOzoneClusterImpl-3996cdb0-1c67-461d-8979-130917cb6d41/datanode-4/data/containers/hdds to VolumeSet
2019-10-07 12:01:38,730 [main] INFO  volume.ThrottledAsyncChecker (ThrottledAsyncChecker.java:schedule(139)) - Scheduling a check for org.apache.hadoop.ozone.container.common.volume.HddsVolume@7f42b194
2019-10-07 12:01:38,731 [main] INFO  volume.HddsVolumeChecker (HddsVolumeChecker.java:checkAllVolumes(202)) - Scheduled health check for volume org.apache.hadoop.ozone.container.common.volume.HddsVolume@7f42b194
2019-10-07 12:01:38,747 [main] INFO  impl.RaftServerProxy (ConfUtils.java:logGet(43)) - raft.rpc.type = GRPC (default)
2019-10-07 12:01:38,747 [main] INFO  grpc.GrpcFactory (GrpcFactory.java:checkPooledByteBufAllocatorUseCacheForAllThreads(45)) - PERFORMANCE WARNING: useCacheForAllThreads is true that may cause Netty to create a lot garbage objects and, as a result, trigger GC.
	It is recommended to disable useCacheForAllThreads by setting -Dorg.apache.ratis.thirdparty.io.netty.allocator.useCacheForAllThreads=false in command line.
2019-10-07 12:01:38,747 [main] INFO  grpc.GrpcConfigKeys$Server (ConfUtils.java:logGet(43)) - raft.grpc.server.port = 0 (default)
2019-10-07 12:01:38,748 [main] INFO  server.GrpcService (ConfUtils.java:logGet(43)) - raft.grpc.message.size.max = 33570816 (custom)
2019-10-07 12:01:38,748 [main] INFO  server.RaftServerConfigKeys (ConfUtils.java:logGet(43)) - raft.server.log.appender.buffer.byte-limit = 33554432 (custom)
2019-10-07 12:01:38,748 [main] INFO  server.GrpcService (ConfUtils.java:logGet(43)) - raft.grpc.flow.control.window = 1MB (=1048576) (default)
2019-10-07 12:01:38,748 [main] INFO  server.RaftServerConfigKeys (ConfUtils.java:logGet(43)) - raft.server.rpc.request.timeout = 3000ms (default)
2019-10-07 12:01:38,749 [main] INFO  server.RaftServerConfigKeys (ConfUtils.java:logGet(43)) - raft.server.storage.dir = [/workdir/hadoop-ozone/integration-test/target/test-dir/MiniOzoneClusterImpl-3996cdb0-1c67-461d-8979-130917cb6d41/datanode-4/data/ratis] (custom)
2019-10-07 12:01:38,750 [main] INFO  hdfs.DFSUtil (DFSUtil.java:httpServerTemplateForNNAndJN(1641)) - Starting Web-server for hddsDatanode at: http://0.0.0.0:0
2019-10-07 12:01:38,751 [main] INFO  server.AuthenticationFilter (AuthenticationFilter.java:constructSecretProvider(240)) - Unable to initialize FileSignerSecretProvider, falling back to use random secrets.
2019-10-07 12:01:38,752 [main] WARN  http.HttpRequestLog (HttpRequestLog.java:getRequestLog(97)) - Jetty request log can only be enabled using Log4j
2019-10-07 12:01:38,753 [main] INFO  http.HttpServer2 (HttpServer2.java:addGlobalFilter(975)) - Added global filter 'safety' (class=org.apache.hadoop.http.HttpServer2$QuotingInputFilter)
2019-10-07 12:01:38,753 [main] INFO  http.HttpServer2 (HttpServer2.java:addFilter(948)) - Added filter static_user_filter (class=org.apache.hadoop.http.lib.StaticUserWebFilter$StaticUserFilter) to context hddsDatanode
2019-10-07 12:01:38,753 [main] INFO  http.HttpServer2 (HttpServer2.java:addFilter(958)) - Added filter static_user_filter (class=org.apache.hadoop.http.lib.StaticUserWebFilter$StaticUserFilter) to context static
2019-10-07 12:01:38,753 [main] INFO  http.HttpServer2 (HttpServer2.java:addFilter(958)) - Added filter static_user_filter (class=org.apache.hadoop.http.lib.StaticUserWebFilter$StaticUserFilter) to context logs
2019-10-07 12:01:38,754 [main] INFO  http.HttpServer2 (HttpServer2.java:bindListener(1191)) - Jetty bound to port 43300
2019-10-07 12:01:38,754 [main] INFO  server.Server (Server.java:doStart(351)) - jetty-9.3.25.v20180904, build timestamp: 2018-09-04T21:11:46Z, git hash: 3ce520221d0240229c862b122d2b06c12a625732
2019-10-07 12:01:38,755 [main] INFO  handler.ContextHandler (ContextHandler.java:doStart(781)) - Started o.e.j.s.ServletContextHandler@4861cca9{/logs,file:///workdir/hadoop-ozone/integration-test/target/log,AVAILABLE}
2019-10-07 12:01:38,756 [main] INFO  handler.ContextHandler (ContextHandler.java:doStart(781)) - Started o.e.j.s.ServletContextHandler@714e861f{/static,jar:file:/home/user/.m2/repository/org/apache/hadoop/hadoop-hdds-container-service/0.5.0-SNAPSHOT/hadoop-hdds-container-service-0.5.0-SNAPSHOT.jar!/webapps/static,AVAILABLE}
2019-10-07 12:01:38,783 [main] INFO  handler.ContextHandler (ContextHandler.java:doStart(781)) - Started o.e.j.w.WebAppContext@150d6eaf{/,file:///tmp/jetty-0.0.0.0-43300-hddsDatanode-_-any-4644998216157440806.dir/webapp/,AVAILABLE}{/hddsDatanode}
2019-10-07 12:01:38,784 [main] INFO  server.AbstractConnector (AbstractConnector.java:doStart(278)) - Started ServerConnector@63124022{HTTP/1.1,[http/1.1]}{0.0.0.0:43300}
2019-10-07 12:01:38,786 [main] INFO  server.Server (Server.java:doStart(419)) - Started @291742ms
2019-10-07 12:01:38,786 [main] WARN  impl.MetricsSystemImpl (MetricsSystemImpl.java:register(276)) - Sink prometheus already exists!
2019-10-07 12:01:38,786 [main] INFO  server.BaseHttpServer (BaseHttpServer.java:updateConnectorAddress(215)) - HTTP server of HDDSDATANODE is listening at http://0.0.0.0:43300
2019-10-07 12:01:38,786 [main] INFO  impl.MetricsSystemImpl (MetricsSystemImpl.java:init(158)) - HddsDatanode metrics system started (again)
2019-10-07 12:01:38,792 [org.apache.hadoop.util.JvmPauseMonitor$Monitor@7efb1271] INFO  util.JvmPauseMonitor (JvmPauseMonitor.java:run(188)) - Starting JVM pause monitor
2019-10-07 12:01:38,793 [main] INFO  ozone.HddsDatanodeService (HddsDatanodeService.java:start(184)) - HddsDatanodeService host:pr-hdds-2071-fmvlq-2762171947 ip:192.168.30.26
2019-10-07 12:01:38,793 [Datanode State Machine Thread - 0] INFO  datanode.InitDatanodeState (InitDatanodeState.java:persistContainerDatanodeDetails(140)) - DatanodeDetails is persisted to /workdir/hadoop-ozone/integration-test/target/test-dir/MiniOzoneClusterImpl-3996cdb0-1c67-461d-8979-130917cb6d41/datanode-4/meta/datanode.id
2019-10-07 12:01:38,798 [main] INFO  volume.HddsVolume (HddsVolume.java:<init>(176)) - Creating Volume: /workdir/hadoop-ozone/integration-test/target/test-dir/MiniOzoneClusterImpl-3996cdb0-1c67-461d-8979-130917cb6d41/datanode-5/data/containers/hdds of  storage type : DISK and capacity : 1482555576320
2019-10-07 12:01:38,799 [main] INFO  volume.VolumeSet (VolumeSet.java:initializeVolumeSet(170)) - Added Volume : /workdir/hadoop-ozone/integration-test/target/test-dir/MiniOzoneClusterImpl-3996cdb0-1c67-461d-8979-130917cb6d41/datanode-5/data/containers/hdds to VolumeSet
2019-10-07 12:01:38,799 [main] INFO  volume.ThrottledAsyncChecker (ThrottledAsyncChecker.java:schedule(139)) - Scheduling a check for org.apache.hadoop.ozone.container.common.volume.HddsVolume@7b5ac347
2019-10-07 12:01:38,799 [main] INFO  volume.HddsVolumeChecker (HddsVolumeChecker.java:checkAllVolumes(202)) - Scheduled health check for volume org.apache.hadoop.ozone.container.common.volume.HddsVolume@7b5ac347
2019-10-07 12:01:38,811 [main] INFO  impl.RaftServerProxy (ConfUtils.java:logGet(43)) - raft.rpc.type = GRPC (default)
2019-10-07 12:01:38,811 [main] INFO  grpc.GrpcFactory (GrpcFactory.java:checkPooledByteBufAllocatorUseCacheForAllThreads(45)) - PERFORMANCE WARNING: useCacheForAllThreads is true that may cause Netty to create a lot garbage objects and, as a result, trigger GC.
	It is recommended to disable useCacheForAllThreads by setting -Dorg.apache.ratis.thirdparty.io.netty.allocator.useCacheForAllThreads=false in command line.
2019-10-07 12:01:38,811 [main] INFO  grpc.GrpcConfigKeys$Server (ConfUtils.java:logGet(43)) - raft.grpc.server.port = 0 (default)
2019-10-07 12:01:38,812 [main] INFO  server.GrpcService (ConfUtils.java:logGet(43)) - raft.grpc.message.size.max = 33570816 (custom)
2019-10-07 12:01:38,812 [main] INFO  server.RaftServerConfigKeys (ConfUtils.java:logGet(43)) - raft.server.log.appender.buffer.byte-limit = 33554432 (custom)
2019-10-07 12:01:38,812 [main] INFO  server.GrpcService (ConfUtils.java:logGet(43)) - raft.grpc.flow.control.window = 1MB (=1048576) (default)
2019-10-07 12:01:38,812 [main] INFO  server.RaftServerConfigKeys (ConfUtils.java:logGet(43)) - raft.server.rpc.request.timeout = 3000ms (default)
2019-10-07 12:01:38,812 [main] INFO  server.RaftServerConfigKeys (ConfUtils.java:logGet(43)) - raft.server.storage.dir = [/workdir/hadoop-ozone/integration-test/target/test-dir/MiniOzoneClusterImpl-3996cdb0-1c67-461d-8979-130917cb6d41/datanode-5/data/ratis] (custom)
2019-10-07 12:01:38,814 [main] INFO  hdfs.DFSUtil (DFSUtil.java:httpServerTemplateForNNAndJN(1641)) - Starting Web-server for hddsDatanode at: http://0.0.0.0:0
2019-10-07 12:01:38,816 [main] INFO  server.AuthenticationFilter (AuthenticationFilter.java:constructSecretProvider(240)) - Unable to initialize FileSignerSecretProvider, falling back to use random secrets.
2019-10-07 12:01:38,817 [main] WARN  http.HttpRequestLog (HttpRequestLog.java:getRequestLog(97)) - Jetty request log can only be enabled using Log4j
2019-10-07 12:01:38,819 [main] INFO  http.HttpServer2 (HttpServer2.java:addGlobalFilter(975)) - Added global filter 'safety' (class=org.apache.hadoop.http.HttpServer2$QuotingInputFilter)
2019-10-07 12:01:38,820 [main] INFO  http.HttpServer2 (HttpServer2.java:addFilter(948)) - Added filter static_user_filter (class=org.apache.hadoop.http.lib.StaticUserWebFilter$StaticUserFilter) to context hddsDatanode
2019-10-07 12:01:38,820 [main] INFO  http.HttpServer2 (HttpServer2.java:addFilter(958)) - Added filter static_user_filter (class=org.apache.hadoop.http.lib.StaticUserWebFilter$StaticUserFilter) to context logs
2019-10-07 12:01:38,821 [main] INFO  http.HttpServer2 (HttpServer2.java:addFilter(958)) - Added filter static_user_filter (class=org.apache.hadoop.http.lib.StaticUserWebFilter$StaticUserFilter) to context static
2019-10-07 12:01:38,822 [main] INFO  http.HttpServer2 (HttpServer2.java:bindListener(1191)) - Jetty bound to port 41058
2019-10-07 12:01:38,822 [main] INFO  server.Server (Server.java:doStart(351)) - jetty-9.3.25.v20180904, build timestamp: 2018-09-04T21:11:46Z, git hash: 3ce520221d0240229c862b122d2b06c12a625732
2019-10-07 12:01:38,823 [main] INFO  handler.ContextHandler (ContextHandler.java:doStart(781)) - Started o.e.j.s.ServletContextHandler@3f866f50{/logs,file:///workdir/hadoop-ozone/integration-test/target/log,AVAILABLE}
2019-10-07 12:01:38,824 [main] INFO  handler.ContextHandler (ContextHandler.java:doStart(781)) - Started o.e.j.s.ServletContextHandler@1201769d{/static,jar:file:/home/user/.m2/repository/org/apache/hadoop/hadoop-hdds-container-service/0.5.0-SNAPSHOT/hadoop-hdds-container-service-0.5.0-SNAPSHOT.jar!/webapps/static,AVAILABLE}
2019-10-07 12:01:38,851 [main] INFO  handler.ContextHandler (ContextHandler.java:doStart(781)) - Started o.e.j.w.WebAppContext@46cf8c07{/,file:///tmp/jetty-0.0.0.0-41058-hddsDatanode-_-any-2943287803279852034.dir/webapp/,AVAILABLE}{/hddsDatanode}
2019-10-07 12:01:38,852 [main] INFO  server.AbstractConnector (AbstractConnector.java:doStart(278)) - Started ServerConnector@b56ec6c{HTTP/1.1,[http/1.1]}{0.0.0.0:41058}
2019-10-07 12:01:38,854 [main] INFO  server.Server (Server.java:doStart(419)) - Started @291811ms
2019-10-07 12:01:38,854 [main] WARN  impl.MetricsSystemImpl (MetricsSystemImpl.java:register(276)) - Sink prometheus already exists!
2019-10-07 12:01:38,855 [main] INFO  server.BaseHttpServer (BaseHttpServer.java:updateConnectorAddress(215)) - HTTP server of HDDSDATANODE is listening at http://0.0.0.0:41058
2019-10-07 12:01:38,856 [main] INFO  impl.MetricsSystemImpl (MetricsSystemImpl.java:init(158)) - HddsDatanode metrics system started (again)
2019-10-07 12:01:38,864 [org.apache.hadoop.util.JvmPauseMonitor$Monitor@43349b1] INFO  util.JvmPauseMonitor (JvmPauseMonitor.java:run(188)) - Starting JVM pause monitor
2019-10-07 12:01:38,866 [Datanode State Machine Thread - 0] INFO  datanode.InitDatanodeState (InitDatanodeState.java:persistContainerDatanodeDetails(140)) - DatanodeDetails is persisted to /workdir/hadoop-ozone/integration-test/target/test-dir/MiniOzoneClusterImpl-3996cdb0-1c67-461d-8979-130917cb6d41/datanode-5/meta/datanode.id
2019-10-07 12:01:38,866 [main] INFO  ozone.HddsDatanodeService (HddsDatanodeService.java:start(184)) - HddsDatanodeService host:pr-hdds-2071-fmvlq-2762171947 ip:192.168.30.26
2019-10-07 12:01:38,873 [main] INFO  volume.HddsVolume (HddsVolume.java:<init>(176)) - Creating Volume: /workdir/hadoop-ozone/integration-test/target/test-dir/MiniOzoneClusterImpl-3996cdb0-1c67-461d-8979-130917cb6d41/datanode-6/data/containers/hdds of  storage type : DISK and capacity : 1482555576320
2019-10-07 12:01:38,873 [main] INFO  volume.VolumeSet (VolumeSet.java:initializeVolumeSet(170)) - Added Volume : /workdir/hadoop-ozone/integration-test/target/test-dir/MiniOzoneClusterImpl-3996cdb0-1c67-461d-8979-130917cb6d41/datanode-6/data/containers/hdds to VolumeSet
2019-10-07 12:01:38,874 [main] INFO  volume.ThrottledAsyncChecker (ThrottledAsyncChecker.java:schedule(139)) - Scheduling a check for org.apache.hadoop.ozone.container.common.volume.HddsVolume@5da6b13d
2019-10-07 12:01:38,874 [main] INFO  volume.HddsVolumeChecker (HddsVolumeChecker.java:checkAllVolumes(202)) - Scheduled health check for volume org.apache.hadoop.ozone.container.common.volume.HddsVolume@5da6b13d
2019-10-07 12:01:38,894 [main] INFO  impl.RaftServerProxy (ConfUtils.java:logGet(43)) - raft.rpc.type = GRPC (default)
2019-10-07 12:01:38,895 [main] INFO  grpc.GrpcFactory (GrpcFactory.java:checkPooledByteBufAllocatorUseCacheForAllThreads(45)) - PERFORMANCE WARNING: useCacheForAllThreads is true that may cause Netty to create a lot garbage objects and, as a result, trigger GC.
	It is recommended to disable useCacheForAllThreads by setting -Dorg.apache.ratis.thirdparty.io.netty.allocator.useCacheForAllThreads=false in command line.
2019-10-07 12:01:38,895 [main] INFO  grpc.GrpcConfigKeys$Server (ConfUtils.java:logGet(43)) - raft.grpc.server.port = 0 (default)
2019-10-07 12:01:38,895 [main] INFO  server.GrpcService (ConfUtils.java:logGet(43)) - raft.grpc.message.size.max = 33570816 (custom)
2019-10-07 12:01:38,895 [main] INFO  server.RaftServerConfigKeys (ConfUtils.java:logGet(43)) - raft.server.log.appender.buffer.byte-limit = 33554432 (custom)
2019-10-07 12:01:38,896 [main] INFO  server.GrpcService (ConfUtils.java:logGet(43)) - raft.grpc.flow.control.window = 1MB (=1048576) (default)
2019-10-07 12:01:38,896 [main] INFO  server.RaftServerConfigKeys (ConfUtils.java:logGet(43)) - raft.server.rpc.request.timeout = 3000ms (default)
2019-10-07 12:01:38,896 [main] INFO  server.RaftServerConfigKeys (ConfUtils.java:logGet(43)) - raft.server.storage.dir = [/workdir/hadoop-ozone/integration-test/target/test-dir/MiniOzoneClusterImpl-3996cdb0-1c67-461d-8979-130917cb6d41/datanode-6/data/ratis] (custom)
2019-10-07 12:01:38,898 [main] INFO  hdfs.DFSUtil (DFSUtil.java:httpServerTemplateForNNAndJN(1641)) - Starting Web-server for hddsDatanode at: http://0.0.0.0:0
2019-10-07 12:01:38,899 [main] INFO  server.AuthenticationFilter (AuthenticationFilter.java:constructSecretProvider(240)) - Unable to initialize FileSignerSecretProvider, falling back to use random secrets.
2019-10-07 12:01:38,900 [main] WARN  http.HttpRequestLog (HttpRequestLog.java:getRequestLog(97)) - Jetty request log can only be enabled using Log4j
2019-10-07 12:01:38,901 [main] INFO  http.HttpServer2 (HttpServer2.java:addGlobalFilter(975)) - Added global filter 'safety' (class=org.apache.hadoop.http.HttpServer2$QuotingInputFilter)
2019-10-07 12:01:38,902 [main] INFO  http.HttpServer2 (HttpServer2.java:addFilter(948)) - Added filter static_user_filter (class=org.apache.hadoop.http.lib.StaticUserWebFilter$StaticUserFilter) to context hddsDatanode
2019-10-07 12:01:38,902 [main] INFO  http.HttpServer2 (HttpServer2.java:addFilter(958)) - Added filter static_user_filter (class=org.apache.hadoop.http.lib.StaticUserWebFilter$StaticUserFilter) to context static
2019-10-07 12:01:38,902 [main] INFO  http.HttpServer2 (HttpServer2.java:addFilter(958)) - Added filter static_user_filter (class=org.apache.hadoop.http.lib.StaticUserWebFilter$StaticUserFilter) to context logs
2019-10-07 12:01:38,903 [main] INFO  http.HttpServer2 (HttpServer2.java:bindListener(1191)) - Jetty bound to port 45574
2019-10-07 12:01:38,903 [main] INFO  server.Server (Server.java:doStart(351)) - jetty-9.3.25.v20180904, build timestamp: 2018-09-04T21:11:46Z, git hash: 3ce520221d0240229c862b122d2b06c12a625732
2019-10-07 12:01:38,905 [main] INFO  handler.ContextHandler (ContextHandler.java:doStart(781)) - Started o.e.j.s.ServletContextHandler@35ac9ebd{/logs,file:///workdir/hadoop-ozone/integration-test/target/log,AVAILABLE}
2019-10-07 12:01:38,905 [main] INFO  handler.ContextHandler (ContextHandler.java:doStart(781)) - Started o.e.j.s.ServletContextHandler@421ead7e{/static,jar:file:/home/user/.m2/repository/org/apache/hadoop/hadoop-hdds-container-service/0.5.0-SNAPSHOT/hadoop-hdds-container-service-0.5.0-SNAPSHOT.jar!/webapps/static,AVAILABLE}
2019-10-07 12:01:38,934 [main] INFO  handler.ContextHandler (ContextHandler.java:doStart(781)) - Started o.e.j.w.WebAppContext@2bcda694{/,file:///tmp/jetty-0.0.0.0-45574-hddsDatanode-_-any-6826230731318449116.dir/webapp/,AVAILABLE}{/hddsDatanode}
2019-10-07 12:01:38,934 [main] INFO  server.AbstractConnector (AbstractConnector.java:doStart(278)) - Started ServerConnector@2cc75b25{HTTP/1.1,[http/1.1]}{0.0.0.0:45574}
2019-10-07 12:01:38,937 [main] INFO  server.Server (Server.java:doStart(419)) - Started @291894ms
2019-10-07 12:01:38,937 [main] WARN  impl.MetricsSystemImpl (MetricsSystemImpl.java:register(276)) - Sink prometheus already exists!
2019-10-07 12:01:38,938 [main] INFO  server.BaseHttpServer (BaseHttpServer.java:updateConnectorAddress(215)) - HTTP server of HDDSDATANODE is listening at http://0.0.0.0:45574
2019-10-07 12:01:38,939 [main] INFO  impl.MetricsSystemImpl (MetricsSystemImpl.java:init(158)) - HddsDatanode metrics system started (again)
2019-10-07 12:01:38,946 [org.apache.hadoop.util.JvmPauseMonitor$Monitor@10b64c3b] INFO  util.JvmPauseMonitor (JvmPauseMonitor.java:run(188)) - Starting JVM pause monitor
2019-10-07 12:01:38,946 [Datanode State Machine Thread - 0] INFO  datanode.InitDatanodeState (InitDatanodeState.java:persistContainerDatanodeDetails(140)) - DatanodeDetails is persisted to /workdir/hadoop-ozone/integration-test/target/test-dir/MiniOzoneClusterImpl-3996cdb0-1c67-461d-8979-130917cb6d41/datanode-6/meta/datanode.id
2019-10-07 12:01:38,947 [main] INFO  ozone.HddsDatanodeService (HddsDatanodeService.java:start(184)) - HddsDatanodeService host:pr-hdds-2071-fmvlq-2762171947 ip:192.168.30.26
2019-10-07 12:01:38,953 [main] INFO  volume.HddsVolume (HddsVolume.java:<init>(176)) - Creating Volume: /workdir/hadoop-ozone/integration-test/target/test-dir/MiniOzoneClusterImpl-3996cdb0-1c67-461d-8979-130917cb6d41/datanode-7/data/containers/hdds of  storage type : DISK and capacity : 1482555576320
2019-10-07 12:01:38,953 [main] INFO  volume.VolumeSet (VolumeSet.java:initializeVolumeSet(170)) - Added Volume : /workdir/hadoop-ozone/integration-test/target/test-dir/MiniOzoneClusterImpl-3996cdb0-1c67-461d-8979-130917cb6d41/datanode-7/data/containers/hdds to VolumeSet
2019-10-07 12:01:38,954 [main] INFO  volume.ThrottledAsyncChecker (ThrottledAsyncChecker.java:schedule(139)) - Scheduling a check for org.apache.hadoop.ozone.container.common.volume.HddsVolume@237b2852
2019-10-07 12:01:38,954 [main] INFO  volume.HddsVolumeChecker (HddsVolumeChecker.java:checkAllVolumes(202)) - Scheduled health check for volume org.apache.hadoop.ozone.container.common.volume.HddsVolume@237b2852
2019-10-07 12:01:38,966 [main] INFO  impl.RaftServerProxy (ConfUtils.java:logGet(43)) - raft.rpc.type = GRPC (default)
2019-10-07 12:01:38,967 [main] INFO  grpc.GrpcFactory (GrpcFactory.java:checkPooledByteBufAllocatorUseCacheForAllThreads(45)) - PERFORMANCE WARNING: useCacheForAllThreads is true that may cause Netty to create a lot garbage objects and, as a result, trigger GC.
	It is recommended to disable useCacheForAllThreads by setting -Dorg.apache.ratis.thirdparty.io.netty.allocator.useCacheForAllThreads=false in command line.
2019-10-07 12:01:38,967 [main] INFO  grpc.GrpcConfigKeys$Server (ConfUtils.java:logGet(43)) - raft.grpc.server.port = 0 (default)
2019-10-07 12:01:38,967 [main] INFO  server.GrpcService (ConfUtils.java:logGet(43)) - raft.grpc.message.size.max = 33570816 (custom)
2019-10-07 12:01:38,967 [main] INFO  server.RaftServerConfigKeys (ConfUtils.java:logGet(43)) - raft.server.log.appender.buffer.byte-limit = 33554432 (custom)
2019-10-07 12:01:38,967 [main] INFO  server.GrpcService (ConfUtils.java:logGet(43)) - raft.grpc.flow.control.window = 1MB (=1048576) (default)
2019-10-07 12:01:38,967 [main] INFO  server.RaftServerConfigKeys (ConfUtils.java:logGet(43)) - raft.server.rpc.request.timeout = 3000ms (default)
2019-10-07 12:01:38,968 [main] INFO  server.RaftServerConfigKeys (ConfUtils.java:logGet(43)) - raft.server.storage.dir = [/workdir/hadoop-ozone/integration-test/target/test-dir/MiniOzoneClusterImpl-3996cdb0-1c67-461d-8979-130917cb6d41/datanode-7/data/ratis] (custom)
2019-10-07 12:01:38,969 [main] INFO  hdfs.DFSUtil (DFSUtil.java:httpServerTemplateForNNAndJN(1641)) - Starting Web-server for hddsDatanode at: http://0.0.0.0:0
2019-10-07 12:01:38,971 [main] INFO  server.AuthenticationFilter (AuthenticationFilter.java:constructSecretProvider(240)) - Unable to initialize FileSignerSecretProvider, falling back to use random secrets.
2019-10-07 12:01:38,971 [main] WARN  http.HttpRequestLog (HttpRequestLog.java:getRequestLog(97)) - Jetty request log can only be enabled using Log4j
2019-10-07 12:01:38,973 [main] INFO  http.HttpServer2 (HttpServer2.java:addGlobalFilter(975)) - Added global filter 'safety' (class=org.apache.hadoop.http.HttpServer2$QuotingInputFilter)
2019-10-07 12:01:38,974 [main] INFO  http.HttpServer2 (HttpServer2.java:addFilter(948)) - Added filter static_user_filter (class=org.apache.hadoop.http.lib.StaticUserWebFilter$StaticUserFilter) to context hddsDatanode
2019-10-07 12:01:38,974 [main] INFO  http.HttpServer2 (HttpServer2.java:addFilter(958)) - Added filter static_user_filter (class=org.apache.hadoop.http.lib.StaticUserWebFilter$StaticUserFilter) to context static
2019-10-07 12:01:38,975 [main] INFO  http.HttpServer2 (HttpServer2.java:addFilter(958)) - Added filter static_user_filter (class=org.apache.hadoop.http.lib.StaticUserWebFilter$StaticUserFilter) to context logs
2019-10-07 12:01:38,975 [main] INFO  http.HttpServer2 (HttpServer2.java:bindListener(1191)) - Jetty bound to port 39763
2019-10-07 12:01:38,976 [main] INFO  server.Server (Server.java:doStart(351)) - jetty-9.3.25.v20180904, build timestamp: 2018-09-04T21:11:46Z, git hash: 3ce520221d0240229c862b122d2b06c12a625732
2019-10-07 12:01:38,977 [main] INFO  handler.ContextHandler (ContextHandler.java:doStart(781)) - Started o.e.j.s.ServletContextHandler@2bdab835{/logs,file:///workdir/hadoop-ozone/integration-test/target/log,AVAILABLE}
2019-10-07 12:01:38,978 [main] INFO  handler.ContextHandler (ContextHandler.java:doStart(781)) - Started o.e.j.s.ServletContextHandler@55222ee9{/static,jar:file:/home/user/.m2/repository/org/apache/hadoop/hadoop-hdds-container-service/0.5.0-SNAPSHOT/hadoop-hdds-container-service-0.5.0-SNAPSHOT.jar!/webapps/static,AVAILABLE}
2019-10-07 12:01:39,011 [main] INFO  handler.ContextHandler (ContextHandler.java:doStart(781)) - Started o.e.j.w.WebAppContext@2f4d01b6{/,file:///tmp/jetty-0.0.0.0-39763-hddsDatanode-_-any-6110173932569122354.dir/webapp/,AVAILABLE}{/hddsDatanode}
2019-10-07 12:01:39,011 [main] INFO  server.AbstractConnector (AbstractConnector.java:doStart(278)) - Started ServerConnector@112c2930{HTTP/1.1,[http/1.1]}{0.0.0.0:39763}
2019-10-07 12:01:39,013 [main] INFO  server.Server (Server.java:doStart(419)) - Started @291970ms
2019-10-07 12:01:39,013 [main] WARN  impl.MetricsSystemImpl (MetricsSystemImpl.java:register(276)) - Sink prometheus already exists!
2019-10-07 12:01:39,014 [main] INFO  server.BaseHttpServer (BaseHttpServer.java:updateConnectorAddress(215)) - HTTP server of HDDSDATANODE is listening at http://0.0.0.0:39763
2019-10-07 12:01:39,014 [main] INFO  impl.MetricsSystemImpl (MetricsSystemImpl.java:init(158)) - HddsDatanode metrics system started (again)
2019-10-07 12:01:39,022 [org.apache.hadoop.util.JvmPauseMonitor$Monitor@35ddb532] INFO  util.JvmPauseMonitor (JvmPauseMonitor.java:run(188)) - Starting JVM pause monitor
2019-10-07 12:01:39,023 [Datanode State Machine Thread - 0] INFO  datanode.InitDatanodeState (InitDatanodeState.java:persistContainerDatanodeDetails(140)) - DatanodeDetails is persisted to /workdir/hadoop-ozone/integration-test/target/test-dir/MiniOzoneClusterImpl-3996cdb0-1c67-461d-8979-130917cb6d41/datanode-7/meta/datanode.id
2019-10-07 12:01:39,024 [main] INFO  ozone.HddsDatanodeService (HddsDatanodeService.java:start(184)) - HddsDatanodeService host:pr-hdds-2071-fmvlq-2762171947 ip:192.168.30.26
2019-10-07 12:01:39,030 [main] INFO  volume.HddsVolume (HddsVolume.java:<init>(176)) - Creating Volume: /workdir/hadoop-ozone/integration-test/target/test-dir/MiniOzoneClusterImpl-3996cdb0-1c67-461d-8979-130917cb6d41/datanode-8/data/containers/hdds of  storage type : DISK and capacity : 1482555576320
2019-10-07 12:01:39,031 [main] INFO  volume.VolumeSet (VolumeSet.java:initializeVolumeSet(170)) - Added Volume : /workdir/hadoop-ozone/integration-test/target/test-dir/MiniOzoneClusterImpl-3996cdb0-1c67-461d-8979-130917cb6d41/datanode-8/data/containers/hdds to VolumeSet
2019-10-07 12:01:39,031 [main] INFO  volume.ThrottledAsyncChecker (ThrottledAsyncChecker.java:schedule(139)) - Scheduling a check for org.apache.hadoop.ozone.container.common.volume.HddsVolume@5be4be74
2019-10-07 12:01:39,031 [main] INFO  volume.HddsVolumeChecker (HddsVolumeChecker.java:checkAllVolumes(202)) - Scheduled health check for volume org.apache.hadoop.ozone.container.common.volume.HddsVolume@5be4be74
2019-10-07 12:01:39,043 [main] INFO  impl.RaftServerProxy (ConfUtils.java:logGet(43)) - raft.rpc.type = GRPC (default)
2019-10-07 12:01:39,044 [main] INFO  grpc.GrpcFactory (GrpcFactory.java:checkPooledByteBufAllocatorUseCacheForAllThreads(45)) - PERFORMANCE WARNING: useCacheForAllThreads is true that may cause Netty to create a lot garbage objects and, as a result, trigger GC.
	It is recommended to disable useCacheForAllThreads by setting -Dorg.apache.ratis.thirdparty.io.netty.allocator.useCacheForAllThreads=false in command line.
2019-10-07 12:01:39,044 [main] INFO  grpc.GrpcConfigKeys$Server (ConfUtils.java:logGet(43)) - raft.grpc.server.port = 0 (default)
2019-10-07 12:01:39,044 [main] INFO  server.GrpcService (ConfUtils.java:logGet(43)) - raft.grpc.message.size.max = 33570816 (custom)
2019-10-07 12:01:39,044 [main] INFO  server.RaftServerConfigKeys (ConfUtils.java:logGet(43)) - raft.server.log.appender.buffer.byte-limit = 33554432 (custom)
2019-10-07 12:01:39,044 [main] INFO  server.GrpcService (ConfUtils.java:logGet(43)) - raft.grpc.flow.control.window = 1MB (=1048576) (default)
2019-10-07 12:01:39,045 [main] INFO  server.RaftServerConfigKeys (ConfUtils.java:logGet(43)) - raft.server.rpc.request.timeout = 3000ms (default)
2019-10-07 12:01:39,045 [main] INFO  server.RaftServerConfigKeys (ConfUtils.java:logGet(43)) - raft.server.storage.dir = [/workdir/hadoop-ozone/integration-test/target/test-dir/MiniOzoneClusterImpl-3996cdb0-1c67-461d-8979-130917cb6d41/datanode-8/data/ratis] (custom)
2019-10-07 12:01:39,046 [main] INFO  hdfs.DFSUtil (DFSUtil.java:httpServerTemplateForNNAndJN(1641)) - Starting Web-server for hddsDatanode at: http://0.0.0.0:0
2019-10-07 12:01:39,048 [main] INFO  server.AuthenticationFilter (AuthenticationFilter.java:constructSecretProvider(240)) - Unable to initialize FileSignerSecretProvider, falling back to use random secrets.
2019-10-07 12:01:39,049 [main] WARN  http.HttpRequestLog (HttpRequestLog.java:getRequestLog(97)) - Jetty request log can only be enabled using Log4j
2019-10-07 12:01:39,052 [main] INFO  http.HttpServer2 (HttpServer2.java:addGlobalFilter(975)) - Added global filter 'safety' (class=org.apache.hadoop.http.HttpServer2$QuotingInputFilter)
2019-10-07 12:01:39,053 [main] INFO  http.HttpServer2 (HttpServer2.java:addFilter(948)) - Added filter static_user_filter (class=org.apache.hadoop.http.lib.StaticUserWebFilter$StaticUserFilter) to context hddsDatanode
2019-10-07 12:01:39,053 [main] INFO  http.HttpServer2 (HttpServer2.java:addFilter(958)) - Added filter static_user_filter (class=org.apache.hadoop.http.lib.StaticUserWebFilter$StaticUserFilter) to context logs
2019-10-07 12:01:39,054 [main] INFO  http.HttpServer2 (HttpServer2.java:addFilter(958)) - Added filter static_user_filter (class=org.apache.hadoop.http.lib.StaticUserWebFilter$StaticUserFilter) to context static
2019-10-07 12:01:39,055 [main] INFO  http.HttpServer2 (HttpServer2.java:bindListener(1191)) - Jetty bound to port 40683
2019-10-07 12:01:39,055 [main] INFO  server.Server (Server.java:doStart(351)) - jetty-9.3.25.v20180904, build timestamp: 2018-09-04T21:11:46Z, git hash: 3ce520221d0240229c862b122d2b06c12a625732
2019-10-07 12:01:39,057 [main] INFO  handler.ContextHandler (ContextHandler.java:doStart(781)) - Started o.e.j.s.ServletContextHandler@f017dd0{/logs,file:///workdir/hadoop-ozone/integration-test/target/log,AVAILABLE}
2019-10-07 12:01:39,058 [main] INFO  handler.ContextHandler (ContextHandler.java:doStart(781)) - Started o.e.j.s.ServletContextHandler@7f51f588{/static,jar:file:/home/user/.m2/repository/org/apache/hadoop/hadoop-hdds-container-service/0.5.0-SNAPSHOT/hadoop-hdds-container-service-0.5.0-SNAPSHOT.jar!/webapps/static,AVAILABLE}
2019-10-07 12:01:39,085 [main] INFO  handler.ContextHandler (ContextHandler.java:doStart(781)) - Started o.e.j.w.WebAppContext@2ccc9681{/,file:///tmp/jetty-0.0.0.0-40683-hddsDatanode-_-any-4339990171571985216.dir/webapp/,AVAILABLE}{/hddsDatanode}
2019-10-07 12:01:39,085 [main] INFO  server.AbstractConnector (AbstractConnector.java:doStart(278)) - Started ServerConnector@7d401cdc{HTTP/1.1,[http/1.1]}{0.0.0.0:40683}
2019-10-07 12:01:39,085 [main] INFO  server.Server (Server.java:doStart(419)) - Started @292042ms
2019-10-07 12:01:39,087 [main] WARN  impl.MetricsSystemImpl (MetricsSystemImpl.java:register(276)) - Sink prometheus already exists!
2019-10-07 12:01:39,088 [main] INFO  server.BaseHttpServer (BaseHttpServer.java:updateConnectorAddress(215)) - HTTP server of HDDSDATANODE is listening at http://0.0.0.0:40683
2019-10-07 12:01:39,088 [main] INFO  impl.MetricsSystemImpl (MetricsSystemImpl.java:init(158)) - HddsDatanode metrics system started (again)
2019-10-07 12:01:39,089 [org.apache.hadoop.util.JvmPauseMonitor$Monitor@8df8ab6] INFO  util.JvmPauseMonitor (JvmPauseMonitor.java:run(188)) - Starting JVM pause monitor
2019-10-07 12:01:39,090 [Datanode State Machine Thread - 0] INFO  datanode.InitDatanodeState (InitDatanodeState.java:persistContainerDatanodeDetails(140)) - DatanodeDetails is persisted to /workdir/hadoop-ozone/integration-test/target/test-dir/MiniOzoneClusterImpl-3996cdb0-1c67-461d-8979-130917cb6d41/datanode-8/meta/datanode.id
2019-10-07 12:01:39,104 [main] INFO  ozone.HddsDatanodeService (HddsDatanodeService.java:start(184)) - HddsDatanodeService host:pr-hdds-2071-fmvlq-2762171947 ip:192.168.30.26
2019-10-07 12:01:39,112 [main] INFO  volume.HddsVolume (HddsVolume.java:<init>(176)) - Creating Volume: /workdir/hadoop-ozone/integration-test/target/test-dir/MiniOzoneClusterImpl-3996cdb0-1c67-461d-8979-130917cb6d41/datanode-9/data/containers/hdds of  storage type : DISK and capacity : 1482555576320
2019-10-07 12:01:39,113 [main] INFO  volume.VolumeSet (VolumeSet.java:initializeVolumeSet(170)) - Added Volume : /workdir/hadoop-ozone/integration-test/target/test-dir/MiniOzoneClusterImpl-3996cdb0-1c67-461d-8979-130917cb6d41/datanode-9/data/containers/hdds to VolumeSet
2019-10-07 12:01:39,113 [main] INFO  volume.ThrottledAsyncChecker (ThrottledAsyncChecker.java:schedule(139)) - Scheduling a check for org.apache.hadoop.ozone.container.common.volume.HddsVolume@730bea0
2019-10-07 12:01:39,115 [main] INFO  volume.HddsVolumeChecker (HddsVolumeChecker.java:checkAllVolumes(202)) - Scheduled health check for volume org.apache.hadoop.ozone.container.common.volume.HddsVolume@730bea0
2019-10-07 12:01:39,144 [main] INFO  impl.RaftServerProxy (ConfUtils.java:logGet(43)) - raft.rpc.type = GRPC (default)
2019-10-07 12:01:39,145 [main] INFO  grpc.GrpcFactory (GrpcFactory.java:checkPooledByteBufAllocatorUseCacheForAllThreads(45)) - PERFORMANCE WARNING: useCacheForAllThreads is true that may cause Netty to create a lot garbage objects and, as a result, trigger GC.
	It is recommended to disable useCacheForAllThreads by setting -Dorg.apache.ratis.thirdparty.io.netty.allocator.useCacheForAllThreads=false in command line.
2019-10-07 12:01:39,145 [main] INFO  grpc.GrpcConfigKeys$Server (ConfUtils.java:logGet(43)) - raft.grpc.server.port = 0 (default)
2019-10-07 12:01:39,146 [main] INFO  server.GrpcService (ConfUtils.java:logGet(43)) - raft.grpc.message.size.max = 33570816 (custom)
2019-10-07 12:01:39,146 [main] INFO  server.RaftServerConfigKeys (ConfUtils.java:logGet(43)) - raft.server.log.appender.buffer.byte-limit = 33554432 (custom)
2019-10-07 12:01:39,146 [main] INFO  server.GrpcService (ConfUtils.java:logGet(43)) - raft.grpc.flow.control.window = 1MB (=1048576) (default)
2019-10-07 12:01:39,147 [main] INFO  server.RaftServerConfigKeys (ConfUtils.java:logGet(43)) - raft.server.rpc.request.timeout = 3000ms (default)
2019-10-07 12:01:39,147 [main] INFO  server.RaftServerConfigKeys (ConfUtils.java:logGet(43)) - raft.server.storage.dir = [/workdir/hadoop-ozone/integration-test/target/test-dir/MiniOzoneClusterImpl-3996cdb0-1c67-461d-8979-130917cb6d41/datanode-9/data/ratis] (custom)
2019-10-07 12:01:39,149 [main] INFO  hdfs.DFSUtil (DFSUtil.java:httpServerTemplateForNNAndJN(1641)) - Starting Web-server for hddsDatanode at: http://0.0.0.0:0
2019-10-07 12:01:39,151 [main] INFO  server.AuthenticationFilter (AuthenticationFilter.java:constructSecretProvider(240)) - Unable to initialize FileSignerSecretProvider, falling back to use random secrets.
2019-10-07 12:01:39,152 [main] WARN  http.HttpRequestLog (HttpRequestLog.java:getRequestLog(97)) - Jetty request log can only be enabled using Log4j
2019-10-07 12:01:39,155 [main] INFO  http.HttpServer2 (HttpServer2.java:addGlobalFilter(975)) - Added global filter 'safety' (class=org.apache.hadoop.http.HttpServer2$QuotingInputFilter)
2019-10-07 12:01:39,156 [main] INFO  http.HttpServer2 (HttpServer2.java:addFilter(948)) - Added filter static_user_filter (class=org.apache.hadoop.http.lib.StaticUserWebFilter$StaticUserFilter) to context hddsDatanode
2019-10-07 12:01:39,156 [main] INFO  http.HttpServer2 (HttpServer2.java:addFilter(958)) - Added filter static_user_filter (class=org.apache.hadoop.http.lib.StaticUserWebFilter$StaticUserFilter) to context static
2019-10-07 12:01:39,157 [main] INFO  http.HttpServer2 (HttpServer2.java:addFilter(958)) - Added filter static_user_filter (class=org.apache.hadoop.http.lib.StaticUserWebFilter$StaticUserFilter) to context logs
2019-10-07 12:01:39,158 [main] INFO  http.HttpServer2 (HttpServer2.java:bindListener(1191)) - Jetty bound to port 39125
2019-10-07 12:01:39,158 [main] INFO  server.Server (Server.java:doStart(351)) - jetty-9.3.25.v20180904, build timestamp: 2018-09-04T21:11:46Z, git hash: 3ce520221d0240229c862b122d2b06c12a625732
2019-10-07 12:01:39,160 [main] INFO  handler.ContextHandler (ContextHandler.java:doStart(781)) - Started o.e.j.s.ServletContextHandler@5a3cf878{/logs,file:///workdir/hadoop-ozone/integration-test/target/log,AVAILABLE}
2019-10-07 12:01:39,161 [main] INFO  handler.ContextHandler (ContextHandler.java:doStart(781)) - Started o.e.j.s.ServletContextHandler@34cd65ac{/static,jar:file:/home/user/.m2/repository/org/apache/hadoop/hadoop-hdds-container-service/0.5.0-SNAPSHOT/hadoop-hdds-container-service-0.5.0-SNAPSHOT.jar!/webapps/static,AVAILABLE}
2019-10-07 12:01:39,205 [main] INFO  handler.ContextHandler (ContextHandler.java:doStart(781)) - Started o.e.j.w.WebAppContext@1c7cd434{/,file:///tmp/jetty-0.0.0.0-39125-hddsDatanode-_-any-5788074467263369918.dir/webapp/,AVAILABLE}{/hddsDatanode}
2019-10-07 12:01:39,205 [main] INFO  server.AbstractConnector (AbstractConnector.java:doStart(278)) - Started ServerConnector@13004dd8{HTTP/1.1,[http/1.1]}{0.0.0.0:39125}
2019-10-07 12:01:39,207 [main] INFO  server.Server (Server.java:doStart(419)) - Started @292164ms
2019-10-07 12:01:39,208 [main] WARN  impl.MetricsSystemImpl (MetricsSystemImpl.java:register(276)) - Sink prometheus already exists!
2019-10-07 12:01:39,209 [main] INFO  server.BaseHttpServer (BaseHttpServer.java:updateConnectorAddress(215)) - HTTP server of HDDSDATANODE is listening at http://0.0.0.0:39125
2019-10-07 12:01:39,209 [main] INFO  ozone.MiniOzoneClusterImpl (MiniOzoneClusterImpl.java:lambda$waitForClusterToBeReady$0(147)) - Waiting for cluster to be ready. Got 0 of 10 DN Heartbeats.
2019-10-07 12:01:39,210 [org.apache.hadoop.util.JvmPauseMonitor$Monitor@70fbcf19] INFO  util.JvmPauseMonitor (JvmPauseMonitor.java:run(188)) - Starting JVM pause monitor
2019-10-07 12:01:39,211 [Datanode State Machine Thread - 0] INFO  datanode.InitDatanodeState (InitDatanodeState.java:persistContainerDatanodeDetails(140)) - DatanodeDetails is persisted to /workdir/hadoop-ozone/integration-test/target/test-dir/MiniOzoneClusterImpl-3996cdb0-1c67-461d-8979-130917cb6d41/datanode-9/meta/datanode.id
2019-10-07 12:01:40,210 [main] INFO  ozone.MiniOzoneClusterImpl (MiniOzoneClusterImpl.java:lambda$waitForClusterToBeReady$0(147)) - Waiting for cluster to be ready. Got 0 of 10 DN Heartbeats.
2019-10-07 12:01:40,539 [Datanode State Machine Thread - 0] INFO  ozoneimpl.OzoneContainer (OzoneContainer.java:start(217)) - Attempting to start container services.
2019-10-07 12:01:40,539 [Datanode State Machine Thread - 0] INFO  ozoneimpl.OzoneContainer (OzoneContainer.java:startContainerScrub(179)) - Background container scanner has been disabled.
2019-10-07 12:01:40,539 [Datanode State Machine Thread - 0] INFO  ratis.XceiverServerRatis (XceiverServerRatis.java:start(418)) - Starting XceiverServerRatis 35b93ee3-cf43-44f7-b896-65b06618aa81 at port 0
2019-10-07 12:01:40,545 [Datanode State Machine Thread - 0] INFO  impl.RaftServerProxy (RaftServerProxy.java:lambda$start$3(299)) - 35b93ee3-cf43-44f7-b896-65b06618aa81: start RPC server
2019-10-07 12:01:40,546 [Datanode State Machine Thread - 0] INFO  server.GrpcService (GrpcService.java:startImpl(158)) - 35b93ee3-cf43-44f7-b896-65b06618aa81: GrpcService started, listening on 0.0.0.0/0.0.0.0:43657
2019-10-07 12:01:40,547 [Datanode State Machine Thread - 0] INFO  ratis.XceiverServerRatis (XceiverServerRatis.java:start(428)) - XceiverServerRatis 35b93ee3-cf43-44f7-b896-65b06618aa81 is started using port 43657
2019-10-07 12:01:40,547 [Datanode State Machine Thread - 0] INFO  server.XceiverServerGrpc (XceiverServerGrpc.java:start(149)) - XceiverServerGrpc 35b93ee3-cf43-44f7-b896-65b06618aa81 is started using port 39494
2019-10-07 12:01:40,607 [Datanode State Machine Thread - 0] INFO  ozoneimpl.OzoneContainer (OzoneContainer.java:start(217)) - Attempting to start container services.
2019-10-07 12:01:40,608 [Datanode State Machine Thread - 0] INFO  ozoneimpl.OzoneContainer (OzoneContainer.java:startContainerScrub(179)) - Background container scanner has been disabled.
2019-10-07 12:01:40,608 [Datanode State Machine Thread - 0] INFO  ratis.XceiverServerRatis (XceiverServerRatis.java:start(418)) - Starting XceiverServerRatis 5fb7ce83-242c-4a6f-a9ec-b211957cc825 at port 0
2019-10-07 12:01:40,613 [Datanode State Machine Thread - 0] INFO  impl.RaftServerProxy (RaftServerProxy.java:lambda$start$3(299)) - 5fb7ce83-242c-4a6f-a9ec-b211957cc825: start RPC server
2019-10-07 12:01:40,614 [Datanode State Machine Thread - 0] INFO  server.GrpcService (GrpcService.java:startImpl(158)) - 5fb7ce83-242c-4a6f-a9ec-b211957cc825: GrpcService started, listening on 0.0.0.0/0.0.0.0:42375
2019-10-07 12:01:40,614 [Datanode State Machine Thread - 0] INFO  ratis.XceiverServerRatis (XceiverServerRatis.java:start(428)) - XceiverServerRatis 5fb7ce83-242c-4a6f-a9ec-b211957cc825 is started using port 42375
2019-10-07 12:01:40,614 [Datanode State Machine Thread - 0] INFO  server.XceiverServerGrpc (XceiverServerGrpc.java:start(149)) - XceiverServerGrpc 5fb7ce83-242c-4a6f-a9ec-b211957cc825 is started using port 45938
2019-10-07 12:01:40,668 [Datanode State Machine Thread - 0] INFO  ozoneimpl.OzoneContainer (OzoneContainer.java:start(217)) - Attempting to start container services.
2019-10-07 12:01:40,668 [Datanode State Machine Thread - 0] INFO  ozoneimpl.OzoneContainer (OzoneContainer.java:startContainerScrub(179)) - Background container scanner has been disabled.
2019-10-07 12:01:40,668 [Datanode State Machine Thread - 0] INFO  ratis.XceiverServerRatis (XceiverServerRatis.java:start(418)) - Starting XceiverServerRatis 9e4f0239-5467-41fd-81e1-38f0f07fc00b at port 0
2019-10-07 12:01:40,672 [Datanode State Machine Thread - 0] INFO  impl.RaftServerProxy (RaftServerProxy.java:lambda$start$3(299)) - 9e4f0239-5467-41fd-81e1-38f0f07fc00b: start RPC server
2019-10-07 12:01:40,673 [Datanode State Machine Thread - 0] INFO  server.GrpcService (GrpcService.java:startImpl(158)) - 9e4f0239-5467-41fd-81e1-38f0f07fc00b: GrpcService started, listening on 0.0.0.0/0.0.0.0:36089
2019-10-07 12:01:40,673 [Datanode State Machine Thread - 0] INFO  ratis.XceiverServerRatis (XceiverServerRatis.java:start(428)) - XceiverServerRatis 9e4f0239-5467-41fd-81e1-38f0f07fc00b is started using port 36089
2019-10-07 12:01:40,674 [Datanode State Machine Thread - 0] INFO  server.XceiverServerGrpc (XceiverServerGrpc.java:start(149)) - XceiverServerGrpc 9e4f0239-5467-41fd-81e1-38f0f07fc00b is started using port 39965
2019-10-07 12:01:40,735 [Datanode State Machine Thread - 0] INFO  ozoneimpl.OzoneContainer (OzoneContainer.java:start(217)) - Attempting to start container services.
2019-10-07 12:01:40,735 [Datanode State Machine Thread - 0] INFO  ozoneimpl.OzoneContainer (OzoneContainer.java:startContainerScrub(179)) - Background container scanner has been disabled.
2019-10-07 12:01:40,735 [Datanode State Machine Thread - 0] INFO  ratis.XceiverServerRatis (XceiverServerRatis.java:start(418)) - Starting XceiverServerRatis 9968b69f-cbe4-4e66-9140-11f2884fa70f at port 0
2019-10-07 12:01:40,742 [Datanode State Machine Thread - 0] INFO  impl.RaftServerProxy (RaftServerProxy.java:lambda$start$3(299)) - 9968b69f-cbe4-4e66-9140-11f2884fa70f: start RPC server
2019-10-07 12:01:40,743 [Datanode State Machine Thread - 0] INFO  server.GrpcService (GrpcService.java:startImpl(158)) - 9968b69f-cbe4-4e66-9140-11f2884fa70f: GrpcService started, listening on 0.0.0.0/0.0.0.0:34238
2019-10-07 12:01:40,743 [Datanode State Machine Thread - 0] INFO  ratis.XceiverServerRatis (XceiverServerRatis.java:start(428)) - XceiverServerRatis 9968b69f-cbe4-4e66-9140-11f2884fa70f is started using port 34238
2019-10-07 12:01:40,743 [Datanode State Machine Thread - 0] INFO  server.XceiverServerGrpc (XceiverServerGrpc.java:start(149)) - XceiverServerGrpc 9968b69f-cbe4-4e66-9140-11f2884fa70f is started using port 42403
2019-10-07 12:01:40,806 [Datanode State Machine Thread - 0] INFO  ozoneimpl.OzoneContainer (OzoneContainer.java:start(217)) - Attempting to start container services.
2019-10-07 12:01:40,806 [Datanode State Machine Thread - 0] INFO  ozoneimpl.OzoneContainer (OzoneContainer.java:startContainerScrub(179)) - Background container scanner has been disabled.
2019-10-07 12:01:40,806 [Datanode State Machine Thread - 0] INFO  ratis.XceiverServerRatis (XceiverServerRatis.java:start(418)) - Starting XceiverServerRatis 7ea16973-9905-4da7-bb80-bd85639ef624 at port 0
2019-10-07 12:01:40,811 [Datanode State Machine Thread - 0] INFO  impl.RaftServerProxy (RaftServerProxy.java:lambda$start$3(299)) - 7ea16973-9905-4da7-bb80-bd85639ef624: start RPC server
2019-10-07 12:01:40,811 [Datanode State Machine Thread - 0] INFO  server.GrpcService (GrpcService.java:startImpl(158)) - 7ea16973-9905-4da7-bb80-bd85639ef624: GrpcService started, listening on 0.0.0.0/0.0.0.0:44736
2019-10-07 12:01:40,812 [Datanode State Machine Thread - 0] INFO  ratis.XceiverServerRatis (XceiverServerRatis.java:start(428)) - XceiverServerRatis 7ea16973-9905-4da7-bb80-bd85639ef624 is started using port 44736
2019-10-07 12:01:40,812 [Datanode State Machine Thread - 0] INFO  server.XceiverServerGrpc (XceiverServerGrpc.java:start(149)) - XceiverServerGrpc 7ea16973-9905-4da7-bb80-bd85639ef624 is started using port 37210
2019-10-07 12:01:40,878 [Datanode State Machine Thread - 0] INFO  ozoneimpl.OzoneContainer (OzoneContainer.java:start(217)) - Attempting to start container services.
2019-10-07 12:01:40,878 [Datanode State Machine Thread - 0] INFO  ozoneimpl.OzoneContainer (OzoneContainer.java:startContainerScrub(179)) - Background container scanner has been disabled.
2019-10-07 12:01:40,878 [Datanode State Machine Thread - 0] INFO  ratis.XceiverServerRatis (XceiverServerRatis.java:start(418)) - Starting XceiverServerRatis ea099ddf-fb2e-4ec3-b0a2-f19542a0ccf4 at port 0
2019-10-07 12:01:40,884 [Datanode State Machine Thread - 0] INFO  impl.RaftServerProxy (RaftServerProxy.java:lambda$start$3(299)) - ea099ddf-fb2e-4ec3-b0a2-f19542a0ccf4: start RPC server
2019-10-07 12:01:40,885 [Datanode State Machine Thread - 0] INFO  server.GrpcService (GrpcService.java:startImpl(158)) - ea099ddf-fb2e-4ec3-b0a2-f19542a0ccf4: GrpcService started, listening on 0.0.0.0/0.0.0.0:44361
2019-10-07 12:01:40,886 [Datanode State Machine Thread - 0] INFO  ratis.XceiverServerRatis (XceiverServerRatis.java:start(428)) - XceiverServerRatis ea099ddf-fb2e-4ec3-b0a2-f19542a0ccf4 is started using port 44361
2019-10-07 12:01:40,886 [Datanode State Machine Thread - 0] INFO  server.XceiverServerGrpc (XceiverServerGrpc.java:start(149)) - XceiverServerGrpc ea099ddf-fb2e-4ec3-b0a2-f19542a0ccf4 is started using port 36451
2019-10-07 12:01:40,958 [Datanode State Machine Thread - 0] INFO  ozoneimpl.OzoneContainer (OzoneContainer.java:start(217)) - Attempting to start container services.
2019-10-07 12:01:40,958 [Datanode State Machine Thread - 0] INFO  ozoneimpl.OzoneContainer (OzoneContainer.java:startContainerScrub(179)) - Background container scanner has been disabled.
2019-10-07 12:01:40,958 [Datanode State Machine Thread - 0] INFO  ratis.XceiverServerRatis (XceiverServerRatis.java:start(418)) - Starting XceiverServerRatis f273724d-798c-4ad2-8d41-52aa1480ea33 at port 0
2019-10-07 12:01:40,964 [Datanode State Machine Thread - 0] INFO  impl.RaftServerProxy (RaftServerProxy.java:lambda$start$3(299)) - f273724d-798c-4ad2-8d41-52aa1480ea33: start RPC server
2019-10-07 12:01:40,964 [Datanode State Machine Thread - 0] INFO  server.GrpcService (GrpcService.java:startImpl(158)) - f273724d-798c-4ad2-8d41-52aa1480ea33: GrpcService started, listening on 0.0.0.0/0.0.0.0:37581
2019-10-07 12:01:40,964 [Datanode State Machine Thread - 0] INFO  ratis.XceiverServerRatis (XceiverServerRatis.java:start(428)) - XceiverServerRatis f273724d-798c-4ad2-8d41-52aa1480ea33 is started using port 37581
2019-10-07 12:01:40,965 [Datanode State Machine Thread - 0] INFO  server.XceiverServerGrpc (XceiverServerGrpc.java:start(149)) - XceiverServerGrpc f273724d-798c-4ad2-8d41-52aa1480ea33 is started using port 45672
2019-10-07 12:01:41,036 [Datanode State Machine Thread - 0] INFO  ozoneimpl.OzoneContainer (OzoneContainer.java:start(217)) - Attempting to start container services.
2019-10-07 12:01:41,036 [Datanode State Machine Thread - 0] INFO  ozoneimpl.OzoneContainer (OzoneContainer.java:startContainerScrub(179)) - Background container scanner has been disabled.
2019-10-07 12:01:41,036 [Datanode State Machine Thread - 0] INFO  ratis.XceiverServerRatis (XceiverServerRatis.java:start(418)) - Starting XceiverServerRatis 36acb61b-05f2-4e48-b1a6-804a8e695824 at port 0
2019-10-07 12:01:41,042 [Datanode State Machine Thread - 0] INFO  impl.RaftServerProxy (RaftServerProxy.java:lambda$start$3(299)) - 36acb61b-05f2-4e48-b1a6-804a8e695824: start RPC server
2019-10-07 12:01:41,043 [Datanode State Machine Thread - 0] INFO  server.GrpcService (GrpcService.java:startImpl(158)) - 36acb61b-05f2-4e48-b1a6-804a8e695824: GrpcService started, listening on 0.0.0.0/0.0.0.0:33929
2019-10-07 12:01:41,043 [Datanode State Machine Thread - 0] INFO  ratis.XceiverServerRatis (XceiverServerRatis.java:start(428)) - XceiverServerRatis 36acb61b-05f2-4e48-b1a6-804a8e695824 is started using port 33929
2019-10-07 12:01:41,043 [Datanode State Machine Thread - 0] INFO  server.XceiverServerGrpc (XceiverServerGrpc.java:start(149)) - XceiverServerGrpc 36acb61b-05f2-4e48-b1a6-804a8e695824 is started using port 39596
2019-10-07 12:01:41,110 [Datanode State Machine Thread - 0] INFO  ozoneimpl.OzoneContainer (OzoneContainer.java:start(217)) - Attempting to start container services.
2019-10-07 12:01:41,110 [Datanode State Machine Thread - 0] INFO  ozoneimpl.OzoneContainer (OzoneContainer.java:startContainerScrub(179)) - Background container scanner has been disabled.
2019-10-07 12:01:41,110 [Datanode State Machine Thread - 0] INFO  ratis.XceiverServerRatis (XceiverServerRatis.java:start(418)) - Starting XceiverServerRatis dbe9d5b3-671c-49b9-b95c-28ee3dd5e12c at port 0
2019-10-07 12:01:41,115 [Datanode State Machine Thread - 0] INFO  impl.RaftServerProxy (RaftServerProxy.java:lambda$start$3(299)) - dbe9d5b3-671c-49b9-b95c-28ee3dd5e12c: start RPC server
2019-10-07 12:01:41,116 [Datanode State Machine Thread - 0] INFO  server.GrpcService (GrpcService.java:startImpl(158)) - dbe9d5b3-671c-49b9-b95c-28ee3dd5e12c: GrpcService started, listening on 0.0.0.0/0.0.0.0:38963
2019-10-07 12:01:41,116 [Datanode State Machine Thread - 0] INFO  ratis.XceiverServerRatis (XceiverServerRatis.java:start(428)) - XceiverServerRatis dbe9d5b3-671c-49b9-b95c-28ee3dd5e12c is started using port 38963
2019-10-07 12:01:41,116 [Datanode State Machine Thread - 0] INFO  server.XceiverServerGrpc (XceiverServerGrpc.java:start(149)) - XceiverServerGrpc dbe9d5b3-671c-49b9-b95c-28ee3dd5e12c is started using port 44510
2019-10-07 12:01:41,210 [main] INFO  ozone.MiniOzoneClusterImpl (MiniOzoneClusterImpl.java:lambda$waitForClusterToBeReady$0(147)) - Waiting for cluster to be ready. Got 0 of 10 DN Heartbeats.
2019-10-07 12:01:41,224 [Datanode State Machine Thread - 0] INFO  ozoneimpl.OzoneContainer (OzoneContainer.java:start(217)) - Attempting to start container services.
2019-10-07 12:01:41,225 [Datanode State Machine Thread - 0] INFO  ozoneimpl.OzoneContainer (OzoneContainer.java:startContainerScrub(179)) - Background container scanner has been disabled.
2019-10-07 12:01:41,225 [Datanode State Machine Thread - 0] INFO  ratis.XceiverServerRatis (XceiverServerRatis.java:start(418)) - Starting XceiverServerRatis 2448c0a4-60ab-445b-94bb-e14ef8250a87 at port 0
2019-10-07 12:01:41,229 [Datanode State Machine Thread - 0] INFO  impl.RaftServerProxy (RaftServerProxy.java:lambda$start$3(299)) - 2448c0a4-60ab-445b-94bb-e14ef8250a87: start RPC server
2019-10-07 12:01:41,230 [Datanode State Machine Thread - 0] INFO  server.GrpcService (GrpcService.java:startImpl(158)) - 2448c0a4-60ab-445b-94bb-e14ef8250a87: GrpcService started, listening on 0.0.0.0/0.0.0.0:33619
2019-10-07 12:01:41,230 [Datanode State Machine Thread - 0] INFO  ratis.XceiverServerRatis (XceiverServerRatis.java:start(428)) - XceiverServerRatis 2448c0a4-60ab-445b-94bb-e14ef8250a87 is started using port 33619
2019-10-07 12:01:41,230 [Datanode State Machine Thread - 0] INFO  server.XceiverServerGrpc (XceiverServerGrpc.java:start(149)) - XceiverServerGrpc 2448c0a4-60ab-445b-94bb-e14ef8250a87 is started using port 44837
2019-10-07 12:01:42,211 [main] INFO  ozone.MiniOzoneClusterImpl (MiniOzoneClusterImpl.java:lambda$waitForClusterToBeReady$0(147)) - Waiting for cluster to be ready. Got 0 of 10 DN Heartbeats.
2019-10-07 12:01:42,524 [IPC Server handler 4 on 44254] INFO  net.NetworkTopology (NetworkTopologyImpl.java:add(111)) - Added a new node: /rack1/35b93ee3-cf43-44f7-b896-65b06618aa81
2019-10-07 12:01:42,527 [IPC Server handler 4 on 44254] INFO  node.SCMNodeManager (SCMNodeManager.java:register(267)) - Registered Data node : 35b93ee3-cf43-44f7-b896-65b06618aa81{ip: 192.168.30.26, host: pr-hdds-2071-fmvlq-2762171947, networkLocation: /rack1, certSerialId: null}
2019-10-07 12:01:42,528 [EventQueue-NodeRegistrationContainerReportForDataNodeSafeModeRule] INFO  safemode.SCMSafeModeManager (DataNodeSafeModeRule.java:process(71)) - SCM in safe mode. 1 DataNodes registered, 1 required.
2019-10-07 12:01:42,532 [EventQueue-NodeRegistrationContainerReportForContainerSafeModeRule] INFO  safemode.SCMSafeModeManager (SCMSafeModeManager.java:validateSafeModeExitRules(177)) - ScmSafeModeManager, all rules are successfully validated
2019-10-07 12:01:42,532 [EventQueue-NodeRegistrationContainerReportForContainerSafeModeRule] INFO  safemode.SCMSafeModeManager (SCMSafeModeManager.java:exitSafeMode(193)) - SCM exiting safe mode.
2019-10-07 12:01:42,543 [grpc-default-executor-9] INFO  impl.RaftServerProxy (RaftServerProxy.java:addNew(89)) - 35b93ee3-cf43-44f7-b896-65b06618aa81: addNew group-41F3D5368F4D:[35b93ee3-cf43-44f7-b896-65b06618aa81:192.168.30.26:43657] returns group-41F3D5368F4D:java.util.concurrent.CompletableFuture@1db40444[Not completed]
2019-10-07 12:01:42,544 [pool-509-thread-1] INFO  impl.RaftServerImpl (RaftServerImpl.java:<init>(95)) - 35b93ee3-cf43-44f7-b896-65b06618aa81: new RaftServerImpl for group-41F3D5368F4D:[35b93ee3-cf43-44f7-b896-65b06618aa81:192.168.30.26:43657] with ContainerStateMachine:uninitialized
2019-10-07 12:01:42,544 [pool-509-thread-1] INFO  server.RaftServerConfigKeys (ConfUtils.java:logGet(43)) - raft.server.rpc.timeout.min = 1s (custom)
2019-10-07 12:01:42,545 [pool-509-thread-1] INFO  server.RaftServerConfigKeys (ConfUtils.java:logGet(43)) - raft.server.rpc.timeout.max = 1200ms (custom)
2019-10-07 12:01:42,545 [pool-509-thread-1] INFO  server.RaftServerConfigKeys (ConfUtils.java:logGet(43)) - raft.server.rpcslowness.timeout = 120s (custom)
2019-10-07 12:01:42,545 [pool-509-thread-1] INFO  server.RaftServerConfigKeys (ConfUtils.java:logGet(43)) - raft.server.sleep.deviation.threshold = 300 (default)
2019-10-07 12:01:42,545 [pool-509-thread-1] INFO  server.RaftServerConfigKeys (ConfUtils.java:logGet(43)) - raft.server.log.appender.install.snapshot.enabled = false (custom)
2019-10-07 12:01:42,545 [pool-509-thread-1] INFO  impl.RaftServerImpl (ServerState.java:<init>(103)) - 35b93ee3-cf43-44f7-b896-65b06618aa81@group-41F3D5368F4D: ConfigurationManager, init=-1: [35b93ee3-cf43-44f7-b896-65b06618aa81:192.168.30.26:43657], old=null, confs=<EMPTY_MAP>
2019-10-07 12:01:42,545 [pool-509-thread-1] INFO  server.RaftServerConfigKeys (ConfUtils.java:logGet(43)) - raft.server.storage.dir = [/workdir/hadoop-ozone/integration-test/target/test-dir/MiniOzoneClusterImpl-3996cdb0-1c67-461d-8979-130917cb6d41/datanode-0/data/ratis] (custom)
2019-10-07 12:01:42,546 [pool-509-thread-1] INFO  server.RaftServerConfigKeys (ConfUtils.java:logGet(43)) - raft.server.log.corruption.policy = EXCEPTION (default)
2019-10-07 12:01:42,546 [pool-509-thread-1] INFO  storage.RaftStorageDirectory (RaftStorageDirectory.java:analyzeStorage(246)) - The storage directory /workdir/hadoop-ozone/integration-test/target/test-dir/MiniOzoneClusterImpl-3996cdb0-1c67-461d-8979-130917cb6d41/datanode-0/data/ratis/a6cfdb29-468a-43ab-9cea-41f3d5368f4d does not exist. Creating ...
2019-10-07 12:01:42,559 [pool-509-thread-1] INFO  storage.RaftStorageDirectory (RaftStorageDirectory.java:tryLock(328)) - Lock on /workdir/hadoop-ozone/integration-test/target/test-dir/MiniOzoneClusterImpl-3996cdb0-1c67-461d-8979-130917cb6d41/datanode-0/data/ratis/a6cfdb29-468a-43ab-9cea-41f3d5368f4d/in_use.lock acquired by nodename 10124@pr-hdds-2071-fmvlq-2762171947
2019-10-07 12:01:42,573 [pool-509-thread-1] INFO  storage.RaftStorage (RaftStorage.java:format(84)) - Storage directory /workdir/hadoop-ozone/integration-test/target/test-dir/MiniOzoneClusterImpl-3996cdb0-1c67-461d-8979-130917cb6d41/datanode-0/data/ratis/a6cfdb29-468a-43ab-9cea-41f3d5368f4d has been successfully formatted.
2019-10-07 12:01:42,573 [pool-509-thread-1] INFO  ratis.ContainerStateMachine (ContainerStateMachine.java:loadSnapshot(231)) - group-41F3D5368F4D: The snapshot info is null. Setting the last applied indexto:(t:0, i:~)
2019-10-07 12:01:42,573 [pool-509-thread-1] INFO  server.RaftServerConfigKeys (ConfUtils.java:logGet(43)) - raft.server.notification.no-leader.timeout = 120s (custom)
2019-10-07 12:01:42,573 [pool-509-thread-1] INFO  server.RaftServerConfigKeys (ConfUtils.java:logGet(43)) - raft.server.log.use.memory = false (default)
2019-10-07 12:01:42,573 [pool-509-thread-1] INFO  server.RaftServerConfigKeys (ConfUtils.java:logGet(43)) - raft.server.log.purge.gap = 1000000 (custom)
2019-10-07 12:01:42,573 [pool-509-thread-1] INFO  server.RaftServerConfigKeys (ConfUtils.java:logGet(43)) - raft.server.log.appender.buffer.byte-limit = 33554432 (custom)
2019-10-07 12:01:42,574 [pool-509-thread-1] INFO  server.RaftServerConfigKeys (ConfUtils.java:logGet(43)) - raft.server.log.segment.size.max = 1048576 (custom)
2019-10-07 12:01:42,575 [pool-509-thread-1] INFO  server.RaftServerConfigKeys (ConfUtils.java:logGet(43)) - raft.server.log.segment.cache.num.max = 2 (custom)
2019-10-07 12:01:42,575 [pool-509-thread-1] INFO  segmented.SegmentedRaftLogWorker (SegmentedRaftLogWorker.java:<init>(173)) - new 35b93ee3-cf43-44f7-b896-65b06618aa81@group-41F3D5368F4D-SegmentedRaftLogWorker for RaftStorage:Storage Directory /workdir/hadoop-ozone/integration-test/target/test-dir/MiniOzoneClusterImpl-3996cdb0-1c67-461d-8979-130917cb6d41/datanode-0/data/ratis/a6cfdb29-468a-43ab-9cea-41f3d5368f4d
2019-10-07 12:01:42,575 [pool-509-thread-1] INFO  server.RaftServerConfigKeys (ConfUtils.java:logGet(43)) - raft.server.log.queue.byte-limit = 2147483647 (custom)
2019-10-07 12:01:42,575 [pool-509-thread-1] INFO  server.RaftServerConfigKeys (ConfUtils.java:logGet(43)) - raft.server.log.queue.element-limit = 1024 (custom)
2019-10-07 12:01:42,576 [pool-509-thread-1] INFO  server.RaftServerConfigKeys (ConfUtils.java:logGet(43)) - raft.server.log.segment.size.max = 1048576 (custom)
2019-10-07 12:01:42,576 [pool-509-thread-1] INFO  server.RaftServerConfigKeys (ConfUtils.java:logGet(43)) - raft.server.log.preallocated.size = 16384 (custom)
2019-10-07 12:01:42,576 [pool-509-thread-1] INFO  server.RaftServerConfigKeys (ConfUtils.java:logGet(43)) - raft.server.log.write.buffer.size = 33554432 (custom)
2019-10-07 12:01:42,576 [pool-509-thread-1] INFO  server.RaftServerConfigKeys (ConfUtils.java:logGet(43)) - raft.server.log.force.sync.num = 128 (default)
2019-10-07 12:01:42,576 [pool-509-thread-1] INFO  server.RaftServerConfigKeys (ConfUtils.java:logGet(43)) - raft.server.log.statemachine.data.sync = true (default)
2019-10-07 12:01:42,576 [pool-509-thread-1] INFO  server.RaftServerConfigKeys (ConfUtils.java:logGet(43)) - raft.server.log.statemachine.data.sync.timeout = 10s (default)
2019-10-07 12:01:42,576 [pool-509-thread-1] INFO  server.RaftServerConfigKeys (ConfUtils.java:logGet(43)) - raft.server.log.statemachine.data.sync.timeout.retry = -1 (default)
2019-10-07 12:01:42,577 [pool-509-thread-1] INFO  server.RaftServerConfigKeys (ConfUtils.java:logGet(43)) - raft.server.log.statemachine.data.caching.enabled = true (custom)
2019-10-07 12:01:42,577 [pool-509-thread-1] INFO  segmented.SegmentedRaftLogWorker (SegmentedRaftLogWorker.java:lambda$new$0(128)) - 35b93ee3-cf43-44f7-b896-65b06618aa81@group-41F3D5368F4D-SegmentedRaftLogWorker: flushIndex: setUnconditionally 0 -> -1
2019-10-07 12:01:42,577 [pool-509-thread-1] INFO  server.RaftServerConfigKeys (ConfUtils.java:logGet(43)) - raft.server.snapshot.auto.trigger.enabled = true (custom)
2019-10-07 12:01:42,577 [pool-509-thread-1] INFO  server.RaftServerConfigKeys (ConfUtils.java:logGet(43)) - raft.server.snapshot.auto.trigger.threshold = 10000 (custom)
2019-10-07 12:01:42,577 [pool-509-thread-1] INFO  server.RaftServerConfigKeys (ConfUtils.java:logGet(43)) - raft.server.snapshot.retention.file.num = 5 (custom)
2019-10-07 12:01:42,578 [pool-509-thread-1] INFO  server.RaftServerConfigKeys (ConfUtils.java:logGet(43)) - raft.server.retrycache.expirytime = 600000ms (custom)
2019-10-07 12:01:42,579 [pool-509-thread-1] INFO  impl.RaftServerImpl (RaftServerImpl.java:start(181)) - 35b93ee3-cf43-44f7-b896-65b06618aa81@group-41F3D5368F4D: start as a follower, conf=-1: [35b93ee3-cf43-44f7-b896-65b06618aa81:192.168.30.26:43657], old=null
2019-10-07 12:01:42,579 [pool-509-thread-1] INFO  impl.RaftServerImpl (RaftServerImpl.java:setRole(170)) - 35b93ee3-cf43-44f7-b896-65b06618aa81@group-41F3D5368F4D: changes role from      null to FOLLOWER at term 0 for startAsFollower
2019-10-07 12:01:42,579 [pool-509-thread-1] INFO  impl.RoleInfo (RoleInfo.java:updateAndGet(143)) - 35b93ee3-cf43-44f7-b896-65b06618aa81: start FollowerState
2019-10-07 12:01:42,580 [pool-509-thread-1] INFO  util.JmxRegister (JmxRegister.java:tryRegister(44)) - Successfully registered JMX Bean with object name Ratis:service=RaftServer,group=group-41F3D5368F4D,id=35b93ee3-cf43-44f7-b896-65b06618aa81
2019-10-07 12:01:42,584 [RatisPipelineUtilsThread] INFO  pipeline.PipelineStateManager (PipelineStateManager.java:addPipeline(56)) - Created pipeline Pipeline[ Id: a6cfdb29-468a-43ab-9cea-41f3d5368f4d, Nodes: 35b93ee3-cf43-44f7-b896-65b06618aa81{ip: 192.168.30.26, host: pr-hdds-2071-fmvlq-2762171947, networkLocation: /rack1, certSerialId: null}, Type:RATIS, Factor:ONE, State:OPEN]
2019-10-07 12:01:42,585 [IPC Server handler 5 on 44254] INFO  net.NetworkTopology (NetworkTopologyImpl.java:add(111)) - Added a new node: /rack1/5fb7ce83-242c-4a6f-a9ec-b211957cc825
2019-10-07 12:01:42,585 [IPC Server handler 5 on 44254] INFO  node.SCMNodeManager (SCMNodeManager.java:register(267)) - Registered Data node : 5fb7ce83-242c-4a6f-a9ec-b211957cc825{ip: 192.168.30.26, host: pr-hdds-2071-fmvlq-2762171947, networkLocation: /rack1, certSerialId: null}
2019-10-07 12:01:42,593 [grpc-default-executor-9] INFO  impl.RaftServerProxy (RaftServerProxy.java:addNew(89)) - 5fb7ce83-242c-4a6f-a9ec-b211957cc825: addNew group-9B1C711DF241:[5fb7ce83-242c-4a6f-a9ec-b211957cc825:192.168.30.26:42375] returns group-9B1C711DF241:java.util.concurrent.CompletableFuture@40b0417d[Not completed]
2019-10-07 12:01:42,594 [pool-519-thread-1] INFO  impl.RaftServerImpl (RaftServerImpl.java:<init>(95)) - 5fb7ce83-242c-4a6f-a9ec-b211957cc825: new RaftServerImpl for group-9B1C711DF241:[5fb7ce83-242c-4a6f-a9ec-b211957cc825:192.168.30.26:42375] with ContainerStateMachine:uninitialized
2019-10-07 12:01:42,594 [pool-519-thread-1] INFO  server.RaftServerConfigKeys (ConfUtils.java:logGet(43)) - raft.server.rpc.timeout.min = 1s (custom)
2019-10-07 12:01:42,594 [pool-519-thread-1] INFO  server.RaftServerConfigKeys (ConfUtils.java:logGet(43)) - raft.server.rpc.timeout.max = 1200ms (custom)
2019-10-07 12:01:42,594 [pool-519-thread-1] INFO  server.RaftServerConfigKeys (ConfUtils.java:logGet(43)) - raft.server.rpcslowness.timeout = 120s (custom)
2019-10-07 12:01:42,595 [pool-519-thread-1] INFO  server.RaftServerConfigKeys (ConfUtils.java:logGet(43)) - raft.server.sleep.deviation.threshold = 300 (default)
2019-10-07 12:01:42,595 [pool-519-thread-1] INFO  server.RaftServerConfigKeys (ConfUtils.java:logGet(43)) - raft.server.log.appender.install.snapshot.enabled = false (custom)
2019-10-07 12:01:42,595 [pool-519-thread-1] INFO  impl.RaftServerImpl (ServerState.java:<init>(103)) - 5fb7ce83-242c-4a6f-a9ec-b211957cc825@group-9B1C711DF241: ConfigurationManager, init=-1: [5fb7ce83-242c-4a6f-a9ec-b211957cc825:192.168.30.26:42375], old=null, confs=<EMPTY_MAP>
2019-10-07 12:01:42,595 [pool-519-thread-1] INFO  server.RaftServerConfigKeys (ConfUtils.java:logGet(43)) - raft.server.storage.dir = [/workdir/hadoop-ozone/integration-test/target/test-dir/MiniOzoneClusterImpl-3996cdb0-1c67-461d-8979-130917cb6d41/datanode-1/data/ratis] (custom)
2019-10-07 12:01:42,595 [pool-519-thread-1] INFO  server.RaftServerConfigKeys (ConfUtils.java:logGet(43)) - raft.server.log.corruption.policy = EXCEPTION (default)
2019-10-07 12:01:42,595 [pool-519-thread-1] INFO  storage.RaftStorageDirectory (RaftStorageDirectory.java:analyzeStorage(246)) - The storage directory /workdir/hadoop-ozone/integration-test/target/test-dir/MiniOzoneClusterImpl-3996cdb0-1c67-461d-8979-130917cb6d41/datanode-1/data/ratis/de76690e-531b-4c9d-b08e-9b1c711df241 does not exist. Creating ...
2019-10-07 12:01:42,608 [pool-519-thread-1] INFO  storage.RaftStorageDirectory (RaftStorageDirectory.java:tryLock(328)) - Lock on /workdir/hadoop-ozone/integration-test/target/test-dir/MiniOzoneClusterImpl-3996cdb0-1c67-461d-8979-130917cb6d41/datanode-1/data/ratis/de76690e-531b-4c9d-b08e-9b1c711df241/in_use.lock acquired by nodename 10124@pr-hdds-2071-fmvlq-2762171947
2019-10-07 12:01:42,621 [pool-519-thread-1] INFO  storage.RaftStorage (RaftStorage.java:format(84)) - Storage directory /workdir/hadoop-ozone/integration-test/target/test-dir/MiniOzoneClusterImpl-3996cdb0-1c67-461d-8979-130917cb6d41/datanode-1/data/ratis/de76690e-531b-4c9d-b08e-9b1c711df241 has been successfully formatted.
2019-10-07 12:01:42,621 [pool-519-thread-1] INFO  ratis.ContainerStateMachine (ContainerStateMachine.java:loadSnapshot(231)) - group-9B1C711DF241: The snapshot info is null. Setting the last applied indexto:(t:0, i:~)
2019-10-07 12:01:42,621 [pool-519-thread-1] INFO  server.RaftServerConfigKeys (ConfUtils.java:logGet(43)) - raft.server.notification.no-leader.timeout = 120s (custom)
2019-10-07 12:01:42,621 [pool-519-thread-1] INFO  server.RaftServerConfigKeys (ConfUtils.java:logGet(43)) - raft.server.log.use.memory = false (default)
2019-10-07 12:01:42,622 [pool-519-thread-1] INFO  server.RaftServerConfigKeys (ConfUtils.java:logGet(43)) - raft.server.log.purge.gap = 1000000 (custom)
2019-10-07 12:01:42,622 [pool-519-thread-1] INFO  server.RaftServerConfigKeys (ConfUtils.java:logGet(43)) - raft.server.log.appender.buffer.byte-limit = 33554432 (custom)
2019-10-07 12:01:42,622 [pool-519-thread-1] INFO  server.RaftServerConfigKeys (ConfUtils.java:logGet(43)) - raft.server.log.segment.size.max = 1048576 (custom)
2019-10-07 12:01:42,623 [pool-519-thread-1] INFO  server.RaftServerConfigKeys (ConfUtils.java:logGet(43)) - raft.server.log.segment.cache.num.max = 2 (custom)
2019-10-07 12:01:42,623 [pool-519-thread-1] INFO  segmented.SegmentedRaftLogWorker (SegmentedRaftLogWorker.java:<init>(173)) - new 5fb7ce83-242c-4a6f-a9ec-b211957cc825@group-9B1C711DF241-SegmentedRaftLogWorker for RaftStorage:Storage Directory /workdir/hadoop-ozone/integration-test/target/test-dir/MiniOzoneClusterImpl-3996cdb0-1c67-461d-8979-130917cb6d41/datanode-1/data/ratis/de76690e-531b-4c9d-b08e-9b1c711df241
2019-10-07 12:01:42,623 [pool-519-thread-1] INFO  server.RaftServerConfigKeys (ConfUtils.java:logGet(43)) - raft.server.log.queue.byte-limit = 2147483647 (custom)
2019-10-07 12:01:42,623 [pool-519-thread-1] INFO  server.RaftServerConfigKeys (ConfUtils.java:logGet(43)) - raft.server.log.queue.element-limit = 1024 (custom)
2019-10-07 12:01:42,624 [pool-519-thread-1] INFO  server.RaftServerConfigKeys (ConfUtils.java:logGet(43)) - raft.server.log.segment.size.max = 1048576 (custom)
2019-10-07 12:01:42,624 [pool-519-thread-1] INFO  server.RaftServerConfigKeys (ConfUtils.java:logGet(43)) - raft.server.log.preallocated.size = 16384 (custom)
2019-10-07 12:01:42,624 [pool-519-thread-1] INFO  server.RaftServerConfigKeys (ConfUtils.java:logGet(43)) - raft.server.log.write.buffer.size = 33554432 (custom)
2019-10-07 12:01:42,624 [pool-519-thread-1] INFO  server.RaftServerConfigKeys (ConfUtils.java:logGet(43)) - raft.server.log.force.sync.num = 128 (default)
2019-10-07 12:01:42,624 [pool-519-thread-1] INFO  server.RaftServerConfigKeys (ConfUtils.java:logGet(43)) - raft.server.log.statemachine.data.sync = true (default)
2019-10-07 12:01:42,624 [pool-519-thread-1] INFO  server.RaftServerConfigKeys (ConfUtils.java:logGet(43)) - raft.server.log.statemachine.data.sync.timeout = 10s (default)
2019-10-07 12:01:42,624 [pool-519-thread-1] INFO  server.RaftServerConfigKeys (ConfUtils.java:logGet(43)) - raft.server.log.statemachine.data.sync.timeout.retry = -1 (default)
2019-10-07 12:01:42,624 [pool-519-thread-1] INFO  server.RaftServerConfigKeys (ConfUtils.java:logGet(43)) - raft.server.log.statemachine.data.caching.enabled = true (custom)
2019-10-07 12:01:42,625 [pool-519-thread-1] INFO  segmented.SegmentedRaftLogWorker (SegmentedRaftLogWorker.java:lambda$new$0(128)) - 5fb7ce83-242c-4a6f-a9ec-b211957cc825@group-9B1C711DF241-SegmentedRaftLogWorker: flushIndex: setUnconditionally 0 -> -1
2019-10-07 12:01:42,625 [pool-519-thread-1] INFO  server.RaftServerConfigKeys (ConfUtils.java:logGet(43)) - raft.server.snapshot.auto.trigger.enabled = true (custom)
2019-10-07 12:01:42,625 [pool-519-thread-1] INFO  server.RaftServerConfigKeys (ConfUtils.java:logGet(43)) - raft.server.snapshot.auto.trigger.threshold = 10000 (custom)
2019-10-07 12:01:42,625 [pool-519-thread-1] INFO  server.RaftServerConfigKeys (ConfUtils.java:logGet(43)) - raft.server.snapshot.retention.file.num = 5 (custom)
2019-10-07 12:01:42,625 [pool-519-thread-1] INFO  server.RaftServerConfigKeys (ConfUtils.java:logGet(43)) - raft.server.retrycache.expirytime = 600000ms (custom)
2019-10-07 12:01:42,627 [pool-519-thread-1] INFO  impl.RaftServerImpl (RaftServerImpl.java:start(181)) - 5fb7ce83-242c-4a6f-a9ec-b211957cc825@group-9B1C711DF241: start as a follower, conf=-1: [5fb7ce83-242c-4a6f-a9ec-b211957cc825:192.168.30.26:42375], old=null
2019-10-07 12:01:42,627 [pool-519-thread-1] INFO  impl.RaftServerImpl (RaftServerImpl.java:setRole(170)) - 5fb7ce83-242c-4a6f-a9ec-b211957cc825@group-9B1C711DF241: changes role from      null to FOLLOWER at term 0 for startAsFollower
2019-10-07 12:01:42,627 [pool-519-thread-1] INFO  impl.RoleInfo (RoleInfo.java:updateAndGet(143)) - 5fb7ce83-242c-4a6f-a9ec-b211957cc825: start FollowerState
2019-10-07 12:01:42,627 [pool-519-thread-1] INFO  util.JmxRegister (JmxRegister.java:tryRegister(44)) - Successfully registered JMX Bean with object name Ratis:service=RaftServer,group=group-9B1C711DF241,id=5fb7ce83-242c-4a6f-a9ec-b211957cc825
2019-10-07 12:01:42,631 [RatisPipelineUtilsThread] INFO  pipeline.PipelineStateManager (PipelineStateManager.java:addPipeline(56)) - Created pipeline Pipeline[ Id: de76690e-531b-4c9d-b08e-9b1c711df241, Nodes: 5fb7ce83-242c-4a6f-a9ec-b211957cc825{ip: 192.168.30.26, host: pr-hdds-2071-fmvlq-2762171947, networkLocation: /rack1, certSerialId: null}, Type:RATIS, Factor:ONE, State:OPEN]
2019-10-07 12:01:42,655 [IPC Server handler 19 on 44254] INFO  net.NetworkTopology (NetworkTopologyImpl.java:add(111)) - Added a new node: /rack1/9e4f0239-5467-41fd-81e1-38f0f07fc00b
2019-10-07 12:01:42,655 [IPC Server handler 19 on 44254] INFO  node.SCMNodeManager (SCMNodeManager.java:register(267)) - Registered Data node : 9e4f0239-5467-41fd-81e1-38f0f07fc00b{ip: 192.168.30.26, host: pr-hdds-2071-fmvlq-2762171947, networkLocation: /rack1, certSerialId: null}
2019-10-07 12:01:42,663 [grpc-default-executor-9] INFO  impl.RaftServerProxy (RaftServerProxy.java:addNew(89)) - 9e4f0239-5467-41fd-81e1-38f0f07fc00b: addNew group-90FE08FC0EF6:[9e4f0239-5467-41fd-81e1-38f0f07fc00b:192.168.30.26:36089] returns group-90FE08FC0EF6:java.util.concurrent.CompletableFuture@19cd8802[Not completed]
2019-10-07 12:01:42,664 [pool-529-thread-1] INFO  impl.RaftServerImpl (RaftServerImpl.java:<init>(95)) - 9e4f0239-5467-41fd-81e1-38f0f07fc00b: new RaftServerImpl for group-90FE08FC0EF6:[9e4f0239-5467-41fd-81e1-38f0f07fc00b:192.168.30.26:36089] with ContainerStateMachine:uninitialized
2019-10-07 12:01:42,664 [pool-529-thread-1] INFO  server.RaftServerConfigKeys (ConfUtils.java:logGet(43)) - raft.server.rpc.timeout.min = 1s (custom)
2019-10-07 12:01:42,664 [pool-529-thread-1] INFO  server.RaftServerConfigKeys (ConfUtils.java:logGet(43)) - raft.server.rpc.timeout.max = 1200ms (custom)
2019-10-07 12:01:42,664 [pool-529-thread-1] INFO  server.RaftServerConfigKeys (ConfUtils.java:logGet(43)) - raft.server.rpcslowness.timeout = 120s (custom)
2019-10-07 12:01:42,664 [pool-529-thread-1] INFO  server.RaftServerConfigKeys (ConfUtils.java:logGet(43)) - raft.server.sleep.deviation.threshold = 300 (default)
2019-10-07 12:01:42,665 [pool-529-thread-1] INFO  server.RaftServerConfigKeys (ConfUtils.java:logGet(43)) - raft.server.log.appender.install.snapshot.enabled = false (custom)
2019-10-07 12:01:42,665 [pool-529-thread-1] INFO  impl.RaftServerImpl (ServerState.java:<init>(103)) - 9e4f0239-5467-41fd-81e1-38f0f07fc00b@group-90FE08FC0EF6: ConfigurationManager, init=-1: [9e4f0239-5467-41fd-81e1-38f0f07fc00b:192.168.30.26:36089], old=null, confs=<EMPTY_MAP>
2019-10-07 12:01:42,665 [pool-529-thread-1] INFO  server.RaftServerConfigKeys (ConfUtils.java:logGet(43)) - raft.server.storage.dir = [/workdir/hadoop-ozone/integration-test/target/test-dir/MiniOzoneClusterImpl-3996cdb0-1c67-461d-8979-130917cb6d41/datanode-2/data/ratis] (custom)
2019-10-07 12:01:42,665 [pool-529-thread-1] INFO  server.RaftServerConfigKeys (ConfUtils.java:logGet(43)) - raft.server.log.corruption.policy = EXCEPTION (default)
2019-10-07 12:01:42,665 [pool-529-thread-1] INFO  storage.RaftStorageDirectory (RaftStorageDirectory.java:analyzeStorage(246)) - The storage directory /workdir/hadoop-ozone/integration-test/target/test-dir/MiniOzoneClusterImpl-3996cdb0-1c67-461d-8979-130917cb6d41/datanode-2/data/ratis/ab995dfc-7237-4621-82bc-90fe08fc0ef6 does not exist. Creating ...
2019-10-07 12:01:42,678 [pool-529-thread-1] INFO  storage.RaftStorageDirectory (RaftStorageDirectory.java:tryLock(328)) - Lock on /workdir/hadoop-ozone/integration-test/target/test-dir/MiniOzoneClusterImpl-3996cdb0-1c67-461d-8979-130917cb6d41/datanode-2/data/ratis/ab995dfc-7237-4621-82bc-90fe08fc0ef6/in_use.lock acquired by nodename 10124@pr-hdds-2071-fmvlq-2762171947
2019-10-07 12:01:42,691 [pool-529-thread-1] INFO  storage.RaftStorage (RaftStorage.java:format(84)) - Storage directory /workdir/hadoop-ozone/integration-test/target/test-dir/MiniOzoneClusterImpl-3996cdb0-1c67-461d-8979-130917cb6d41/datanode-2/data/ratis/ab995dfc-7237-4621-82bc-90fe08fc0ef6 has been successfully formatted.
2019-10-07 12:01:42,692 [pool-529-thread-1] INFO  ratis.ContainerStateMachine (ContainerStateMachine.java:loadSnapshot(231)) - group-90FE08FC0EF6: The snapshot info is null. Setting the last applied indexto:(t:0, i:~)
2019-10-07 12:01:42,692 [pool-529-thread-1] INFO  server.RaftServerConfigKeys (ConfUtils.java:logGet(43)) - raft.server.notification.no-leader.timeout = 120s (custom)
2019-10-07 12:01:42,692 [pool-529-thread-1] INFO  server.RaftServerConfigKeys (ConfUtils.java:logGet(43)) - raft.server.log.use.memory = false (default)
2019-10-07 12:01:42,692 [pool-529-thread-1] INFO  server.RaftServerConfigKeys (ConfUtils.java:logGet(43)) - raft.server.log.purge.gap = 1000000 (custom)
2019-10-07 12:01:42,692 [pool-529-thread-1] INFO  server.RaftServerConfigKeys (ConfUtils.java:logGet(43)) - raft.server.log.appender.buffer.byte-limit = 33554432 (custom)
2019-10-07 12:01:42,692 [pool-529-thread-1] INFO  server.RaftServerConfigKeys (ConfUtils.java:logGet(43)) - raft.server.log.segment.size.max = 1048576 (custom)
2019-10-07 12:01:42,694 [pool-529-thread-1] INFO  server.RaftServerConfigKeys (ConfUtils.java:logGet(43)) - raft.server.log.segment.cache.num.max = 2 (custom)
2019-10-07 12:01:42,694 [pool-529-thread-1] INFO  segmented.SegmentedRaftLogWorker (SegmentedRaftLogWorker.java:<init>(173)) - new 9e4f0239-5467-41fd-81e1-38f0f07fc00b@group-90FE08FC0EF6-SegmentedRaftLogWorker for RaftStorage:Storage Directory /workdir/hadoop-ozone/integration-test/target/test-dir/MiniOzoneClusterImpl-3996cdb0-1c67-461d-8979-130917cb6d41/datanode-2/data/ratis/ab995dfc-7237-4621-82bc-90fe08fc0ef6
2019-10-07 12:01:42,694 [pool-529-thread-1] INFO  server.RaftServerConfigKeys (ConfUtils.java:logGet(43)) - raft.server.log.queue.byte-limit = 2147483647 (custom)
2019-10-07 12:01:42,694 [pool-529-thread-1] INFO  server.RaftServerConfigKeys (ConfUtils.java:logGet(43)) - raft.server.log.queue.element-limit = 1024 (custom)
2019-10-07 12:01:42,694 [pool-529-thread-1] INFO  server.RaftServerConfigKeys (ConfUtils.java:logGet(43)) - raft.server.log.segment.size.max = 1048576 (custom)
2019-10-07 12:01:42,694 [pool-529-thread-1] INFO  server.RaftServerConfigKeys (ConfUtils.java:logGet(43)) - raft.server.log.preallocated.size = 16384 (custom)
2019-10-07 12:01:42,694 [pool-529-thread-1] INFO  server.RaftServerConfigKeys (ConfUtils.java:logGet(43)) - raft.server.log.write.buffer.size = 33554432 (custom)
2019-10-07 12:01:42,694 [pool-529-thread-1] INFO  server.RaftServerConfigKeys (ConfUtils.java:logGet(43)) - raft.server.log.force.sync.num = 128 (default)
2019-10-07 12:01:42,694 [pool-529-thread-1] INFO  server.RaftServerConfigKeys (ConfUtils.java:logGet(43)) - raft.server.log.statemachine.data.sync = true (default)
2019-10-07 12:01:42,695 [pool-529-thread-1] INFO  server.RaftServerConfigKeys (ConfUtils.java:logGet(43)) - raft.server.log.statemachine.data.sync.timeout = 10s (default)
2019-10-07 12:01:42,695 [pool-529-thread-1] INFO  server.RaftServerConfigKeys (ConfUtils.java:logGet(43)) - raft.server.log.statemachine.data.sync.timeout.retry = -1 (default)
2019-10-07 12:01:42,695 [pool-529-thread-1] INFO  server.RaftServerConfigKeys (ConfUtils.java:logGet(43)) - raft.server.log.statemachine.data.caching.enabled = true (custom)
2019-10-07 12:01:42,695 [pool-529-thread-1] INFO  segmented.SegmentedRaftLogWorker (SegmentedRaftLogWorker.java:lambda$new$0(128)) - 9e4f0239-5467-41fd-81e1-38f0f07fc00b@group-90FE08FC0EF6-SegmentedRaftLogWorker: flushIndex: setUnconditionally 0 -> -1
2019-10-07 12:01:42,695 [pool-529-thread-1] INFO  server.RaftServerConfigKeys (ConfUtils.java:logGet(43)) - raft.server.snapshot.auto.trigger.enabled = true (custom)
2019-10-07 12:01:42,696 [pool-529-thread-1] INFO  server.RaftServerConfigKeys (ConfUtils.java:logGet(43)) - raft.server.snapshot.auto.trigger.threshold = 10000 (custom)
2019-10-07 12:01:42,696 [pool-529-thread-1] INFO  server.RaftServerConfigKeys (ConfUtils.java:logGet(43)) - raft.server.snapshot.retention.file.num = 5 (custom)
2019-10-07 12:01:42,696 [pool-529-thread-1] INFO  server.RaftServerConfigKeys (ConfUtils.java:logGet(43)) - raft.server.retrycache.expirytime = 600000ms (custom)
2019-10-07 12:01:42,697 [pool-529-thread-1] INFO  impl.RaftServerImpl (RaftServerImpl.java:start(181)) - 9e4f0239-5467-41fd-81e1-38f0f07fc00b@group-90FE08FC0EF6: start as a follower, conf=-1: [9e4f0239-5467-41fd-81e1-38f0f07fc00b:192.168.30.26:36089], old=null
2019-10-07 12:01:42,697 [pool-529-thread-1] INFO  impl.RaftServerImpl (RaftServerImpl.java:setRole(170)) - 9e4f0239-5467-41fd-81e1-38f0f07fc00b@group-90FE08FC0EF6: changes role from      null to FOLLOWER at term 0 for startAsFollower
2019-10-07 12:01:42,697 [pool-529-thread-1] INFO  impl.RoleInfo (RoleInfo.java:updateAndGet(143)) - 9e4f0239-5467-41fd-81e1-38f0f07fc00b: start FollowerState
2019-10-07 12:01:42,698 [pool-529-thread-1] INFO  util.JmxRegister (JmxRegister.java:tryRegister(44)) - Successfully registered JMX Bean with object name Ratis:service=RaftServer,group=group-90FE08FC0EF6,id=9e4f0239-5467-41fd-81e1-38f0f07fc00b
2019-10-07 12:01:42,701 [RatisPipelineUtilsThread] INFO  pipeline.PipelineStateManager (PipelineStateManager.java:addPipeline(56)) - Created pipeline Pipeline[ Id: ab995dfc-7237-4621-82bc-90fe08fc0ef6, Nodes: 9e4f0239-5467-41fd-81e1-38f0f07fc00b{ip: 192.168.30.26, host: pr-hdds-2071-fmvlq-2762171947, networkLocation: /rack1, certSerialId: null}, Type:RATIS, Factor:ONE, State:OPEN]
2019-10-07 12:01:42,725 [IPC Server handler 17 on 44254] INFO  net.NetworkTopology (NetworkTopologyImpl.java:add(111)) - Added a new node: /rack1/9968b69f-cbe4-4e66-9140-11f2884fa70f
2019-10-07 12:01:42,725 [IPC Server handler 17 on 44254] INFO  node.SCMNodeManager (SCMNodeManager.java:register(267)) - Registered Data node : 9968b69f-cbe4-4e66-9140-11f2884fa70f{ip: 192.168.30.26, host: pr-hdds-2071-fmvlq-2762171947, networkLocation: /rack1, certSerialId: null}
2019-10-07 12:01:42,731 [grpc-default-executor-10] INFO  impl.RaftServerProxy (RaftServerProxy.java:addNew(89)) - 5fb7ce83-242c-4a6f-a9ec-b211957cc825: addNew group-240EBE1C8FDE:[35b93ee3-cf43-44f7-b896-65b06618aa81:192.168.30.26:43657, 9e4f0239-5467-41fd-81e1-38f0f07fc00b:192.168.30.26:36089, 5fb7ce83-242c-4a6f-a9ec-b211957cc825:192.168.30.26:42375] returns group-240EBE1C8FDE:java.util.concurrent.CompletableFuture@33a46a46[Not completed]
2019-10-07 12:01:42,731 [grpc-default-executor-9] INFO  impl.RaftServerProxy (RaftServerProxy.java:addNew(89)) - 35b93ee3-cf43-44f7-b896-65b06618aa81: addNew group-240EBE1C8FDE:[35b93ee3-cf43-44f7-b896-65b06618aa81:192.168.30.26:43657, 9e4f0239-5467-41fd-81e1-38f0f07fc00b:192.168.30.26:36089, 5fb7ce83-242c-4a6f-a9ec-b211957cc825:192.168.30.26:42375] returns group-240EBE1C8FDE:java.util.concurrent.CompletableFuture@79d56231[Not completed]
2019-10-07 12:01:42,731 [grpc-default-executor-7] INFO  impl.RaftServerProxy (RaftServerProxy.java:addNew(89)) - 9e4f0239-5467-41fd-81e1-38f0f07fc00b: addNew group-240EBE1C8FDE:[35b93ee3-cf43-44f7-b896-65b06618aa81:192.168.30.26:43657, 9e4f0239-5467-41fd-81e1-38f0f07fc00b:192.168.30.26:36089, 5fb7ce83-242c-4a6f-a9ec-b211957cc825:192.168.30.26:42375] returns group-240EBE1C8FDE:java.util.concurrent.CompletableFuture@5d138356[Not completed]
2019-10-07 12:01:42,732 [pool-519-thread-1] INFO  impl.RaftServerImpl (RaftServerImpl.java:<init>(95)) - 5fb7ce83-242c-4a6f-a9ec-b211957cc825: new RaftServerImpl for group-240EBE1C8FDE:[35b93ee3-cf43-44f7-b896-65b06618aa81:192.168.30.26:43657, 9e4f0239-5467-41fd-81e1-38f0f07fc00b:192.168.30.26:36089, 5fb7ce83-242c-4a6f-a9ec-b211957cc825:192.168.30.26:42375] with ContainerStateMachine:uninitialized
2019-10-07 12:01:42,732 [pool-519-thread-1] INFO  server.RaftServerConfigKeys (ConfUtils.java:logGet(43)) - raft.server.rpc.timeout.min = 1s (custom)
2019-10-07 12:01:42,732 [pool-519-thread-1] INFO  server.RaftServerConfigKeys (ConfUtils.java:logGet(43)) - raft.server.rpc.timeout.max = 1200ms (custom)
2019-10-07 12:01:42,732 [pool-509-thread-1] INFO  impl.RaftServerImpl (RaftServerImpl.java:<init>(95)) - 35b93ee3-cf43-44f7-b896-65b06618aa81: new RaftServerImpl for group-240EBE1C8FDE:[35b93ee3-cf43-44f7-b896-65b06618aa81:192.168.30.26:43657, 9e4f0239-5467-41fd-81e1-38f0f07fc00b:192.168.30.26:36089, 5fb7ce83-242c-4a6f-a9ec-b211957cc825:192.168.30.26:42375] with ContainerStateMachine:uninitialized
2019-10-07 12:01:42,732 [pool-519-thread-1] INFO  server.RaftServerConfigKeys (ConfUtils.java:logGet(43)) - raft.server.rpcslowness.timeout = 120s (custom)
2019-10-07 12:01:42,732 [pool-509-thread-1] INFO  server.RaftServerConfigKeys (ConfUtils.java:logGet(43)) - raft.server.rpc.timeout.min = 1s (custom)
2019-10-07 12:01:42,732 [pool-519-thread-1] INFO  server.RaftServerConfigKeys (ConfUtils.java:logGet(43)) - raft.server.sleep.deviation.threshold = 300 (default)
2019-10-07 12:01:42,732 [pool-509-thread-1] INFO  server.RaftServerConfigKeys (ConfUtils.java:logGet(43)) - raft.server.rpc.timeout.max = 1200ms (custom)
2019-10-07 12:01:42,732 [pool-519-thread-1] INFO  server.RaftServerConfigKeys (ConfUtils.java:logGet(43)) - raft.server.log.appender.install.snapshot.enabled = false (custom)
2019-10-07 12:01:42,732 [pool-529-thread-1] INFO  impl.RaftServerImpl (RaftServerImpl.java:<init>(95)) - 9e4f0239-5467-41fd-81e1-38f0f07fc00b: new RaftServerImpl for group-240EBE1C8FDE:[35b93ee3-cf43-44f7-b896-65b06618aa81:192.168.30.26:43657, 9e4f0239-5467-41fd-81e1-38f0f07fc00b:192.168.30.26:36089, 5fb7ce83-242c-4a6f-a9ec-b211957cc825:192.168.30.26:42375] with ContainerStateMachine:uninitialized
2019-10-07 12:01:42,732 [pool-509-thread-1] INFO  server.RaftServerConfigKeys (ConfUtils.java:logGet(43)) - raft.server.rpcslowness.timeout = 120s (custom)
2019-10-07 12:01:42,733 [pool-529-thread-1] INFO  server.RaftServerConfigKeys (ConfUtils.java:logGet(43)) - raft.server.rpc.timeout.min = 1s (custom)
2019-10-07 12:01:42,733 [pool-519-thread-1] INFO  impl.RaftServerImpl (ServerState.java:<init>(103)) - 5fb7ce83-242c-4a6f-a9ec-b211957cc825@group-240EBE1C8FDE: ConfigurationManager, init=-1: [35b93ee3-cf43-44f7-b896-65b06618aa81:192.168.30.26:43657, 9e4f0239-5467-41fd-81e1-38f0f07fc00b:192.168.30.26:36089, 5fb7ce83-242c-4a6f-a9ec-b211957cc825:192.168.30.26:42375], old=null, confs=<EMPTY_MAP>
2019-10-07 12:01:42,733 [pool-529-thread-1] INFO  server.RaftServerConfigKeys (ConfUtils.java:logGet(43)) - raft.server.rpc.timeout.max = 1200ms (custom)
2019-10-07 12:01:42,733 [pool-509-thread-1] INFO  server.RaftServerConfigKeys (ConfUtils.java:logGet(43)) - raft.server.sleep.deviation.threshold = 300 (default)
2019-10-07 12:01:42,733 [pool-529-thread-1] INFO  server.RaftServerConfigKeys (ConfUtils.java:logGet(43)) - raft.server.rpcslowness.timeout = 120s (custom)
2019-10-07 12:01:42,733 [pool-519-thread-1] INFO  server.RaftServerConfigKeys (ConfUtils.java:logGet(43)) - raft.server.storage.dir = [/workdir/hadoop-ozone/integration-test/target/test-dir/MiniOzoneClusterImpl-3996cdb0-1c67-461d-8979-130917cb6d41/datanode-1/data/ratis] (custom)
2019-10-07 12:01:42,733 [pool-529-thread-1] INFO  server.RaftServerConfigKeys (ConfUtils.java:logGet(43)) - raft.server.sleep.deviation.threshold = 300 (default)
2019-10-07 12:01:42,733 [pool-509-thread-1] INFO  server.RaftServerConfigKeys (ConfUtils.java:logGet(43)) - raft.server.log.appender.install.snapshot.enabled = false (custom)
2019-10-07 12:01:42,733 [pool-519-thread-1] INFO  server.RaftServerConfigKeys (ConfUtils.java:logGet(43)) - raft.server.log.corruption.policy = EXCEPTION (default)
2019-10-07 12:01:42,733 [pool-529-thread-1] INFO  server.RaftServerConfigKeys (ConfUtils.java:logGet(43)) - raft.server.log.appender.install.snapshot.enabled = false (custom)
2019-10-07 12:01:42,734 [pool-519-thread-1] INFO  storage.RaftStorageDirectory (RaftStorageDirectory.java:analyzeStorage(246)) - The storage directory /workdir/hadoop-ozone/integration-test/target/test-dir/MiniOzoneClusterImpl-3996cdb0-1c67-461d-8979-130917cb6d41/datanode-1/data/ratis/72795b40-b455-49fe-9f44-240ebe1c8fde does not exist. Creating ...
2019-10-07 12:01:42,734 [pool-529-thread-1] INFO  impl.RaftServerImpl (ServerState.java:<init>(103)) - 9e4f0239-5467-41fd-81e1-38f0f07fc00b@group-240EBE1C8FDE: ConfigurationManager, init=-1: [35b93ee3-cf43-44f7-b896-65b06618aa81:192.168.30.26:43657, 9e4f0239-5467-41fd-81e1-38f0f07fc00b:192.168.30.26:36089, 5fb7ce83-242c-4a6f-a9ec-b211957cc825:192.168.30.26:42375], old=null, confs=<EMPTY_MAP>
2019-10-07 12:01:42,733 [pool-509-thread-1] INFO  impl.RaftServerImpl (ServerState.java:<init>(103)) - 35b93ee3-cf43-44f7-b896-65b06618aa81@group-240EBE1C8FDE: ConfigurationManager, init=-1: [35b93ee3-cf43-44f7-b896-65b06618aa81:192.168.30.26:43657, 9e4f0239-5467-41fd-81e1-38f0f07fc00b:192.168.30.26:36089, 5fb7ce83-242c-4a6f-a9ec-b211957cc825:192.168.30.26:42375], old=null, confs=<EMPTY_MAP>
2019-10-07 12:01:42,734 [pool-529-thread-1] INFO  server.RaftServerConfigKeys (ConfUtils.java:logGet(43)) - raft.server.storage.dir = [/workdir/hadoop-ozone/integration-test/target/test-dir/MiniOzoneClusterImpl-3996cdb0-1c67-461d-8979-130917cb6d41/datanode-2/data/ratis] (custom)
2019-10-07 12:01:42,734 [pool-509-thread-1] INFO  server.RaftServerConfigKeys (ConfUtils.java:logGet(43)) - raft.server.storage.dir = [/workdir/hadoop-ozone/integration-test/target/test-dir/MiniOzoneClusterImpl-3996cdb0-1c67-461d-8979-130917cb6d41/datanode-0/data/ratis] (custom)
2019-10-07 12:01:42,734 [pool-529-thread-1] INFO  server.RaftServerConfigKeys (ConfUtils.java:logGet(43)) - raft.server.log.corruption.policy = EXCEPTION (default)
2019-10-07 12:01:42,734 [pool-509-thread-1] INFO  server.RaftServerConfigKeys (ConfUtils.java:logGet(43)) - raft.server.log.corruption.policy = EXCEPTION (default)
2019-10-07 12:01:42,734 [pool-529-thread-1] INFO  storage.RaftStorageDirectory (RaftStorageDirectory.java:analyzeStorage(246)) - The storage directory /workdir/hadoop-ozone/integration-test/target/test-dir/MiniOzoneClusterImpl-3996cdb0-1c67-461d-8979-130917cb6d41/datanode-2/data/ratis/72795b40-b455-49fe-9f44-240ebe1c8fde does not exist. Creating ...
2019-10-07 12:01:42,734 [pool-509-thread-1] INFO  storage.RaftStorageDirectory (RaftStorageDirectory.java:analyzeStorage(246)) - The storage directory /workdir/hadoop-ozone/integration-test/target/test-dir/MiniOzoneClusterImpl-3996cdb0-1c67-461d-8979-130917cb6d41/datanode-0/data/ratis/72795b40-b455-49fe-9f44-240ebe1c8fde does not exist. Creating ...
2019-10-07 12:01:42,747 [pool-529-thread-1] INFO  storage.RaftStorageDirectory (RaftStorageDirectory.java:tryLock(328)) - Lock on /workdir/hadoop-ozone/integration-test/target/test-dir/MiniOzoneClusterImpl-3996cdb0-1c67-461d-8979-130917cb6d41/datanode-2/data/ratis/72795b40-b455-49fe-9f44-240ebe1c8fde/in_use.lock acquired by nodename 10124@pr-hdds-2071-fmvlq-2762171947
2019-10-07 12:01:42,747 [pool-509-thread-1] INFO  storage.RaftStorageDirectory (RaftStorageDirectory.java:tryLock(328)) - Lock on /workdir/hadoop-ozone/integration-test/target/test-dir/MiniOzoneClusterImpl-3996cdb0-1c67-461d-8979-130917cb6d41/datanode-0/data/ratis/72795b40-b455-49fe-9f44-240ebe1c8fde/in_use.lock acquired by nodename 10124@pr-hdds-2071-fmvlq-2762171947
2019-10-07 12:01:42,747 [pool-519-thread-1] INFO  storage.RaftStorageDirectory (RaftStorageDirectory.java:tryLock(328)) - Lock on /workdir/hadoop-ozone/integration-test/target/test-dir/MiniOzoneClusterImpl-3996cdb0-1c67-461d-8979-130917cb6d41/datanode-1/data/ratis/72795b40-b455-49fe-9f44-240ebe1c8fde/in_use.lock acquired by nodename 10124@pr-hdds-2071-fmvlq-2762171947
2019-10-07 12:01:42,765 [pool-509-thread-1] INFO  storage.RaftStorage (RaftStorage.java:format(84)) - Storage directory /workdir/hadoop-ozone/integration-test/target/test-dir/MiniOzoneClusterImpl-3996cdb0-1c67-461d-8979-130917cb6d41/datanode-0/data/ratis/72795b40-b455-49fe-9f44-240ebe1c8fde has been successfully formatted.
2019-10-07 12:01:42,765 [pool-529-thread-1] INFO  storage.RaftStorage (RaftStorage.java:format(84)) - Storage directory /workdir/hadoop-ozone/integration-test/target/test-dir/MiniOzoneClusterImpl-3996cdb0-1c67-461d-8979-130917cb6d41/datanode-2/data/ratis/72795b40-b455-49fe-9f44-240ebe1c8fde has been successfully formatted.
2019-10-07 12:01:42,765 [pool-519-thread-1] INFO  storage.RaftStorage (RaftStorage.java:format(84)) - Storage directory /workdir/hadoop-ozone/integration-test/target/test-dir/MiniOzoneClusterImpl-3996cdb0-1c67-461d-8979-130917cb6d41/datanode-1/data/ratis/72795b40-b455-49fe-9f44-240ebe1c8fde has been successfully formatted.
2019-10-07 12:01:42,765 [pool-529-thread-1] INFO  ratis.ContainerStateMachine (ContainerStateMachine.java:loadSnapshot(231)) - group-240EBE1C8FDE: The snapshot info is null. Setting the last applied indexto:(t:0, i:~)
2019-10-07 12:01:42,765 [pool-509-thread-1] INFO  ratis.ContainerStateMachine (ContainerStateMachine.java:loadSnapshot(231)) - group-240EBE1C8FDE: The snapshot info is null. Setting the last applied indexto:(t:0, i:~)
2019-10-07 12:01:42,765 [pool-529-thread-1] INFO  server.RaftServerConfigKeys (ConfUtils.java:logGet(43)) - raft.server.notification.no-leader.timeout = 120s (custom)
2019-10-07 12:01:42,765 [pool-519-thread-1] INFO  ratis.ContainerStateMachine (ContainerStateMachine.java:loadSnapshot(231)) - group-240EBE1C8FDE: The snapshot info is null. Setting the last applied indexto:(t:0, i:~)
2019-10-07 12:01:42,766 [pool-529-thread-1] INFO  server.RaftServerConfigKeys (ConfUtils.java:logGet(43)) - raft.server.log.use.memory = false (default)
2019-10-07 12:01:42,765 [pool-509-thread-1] INFO  server.RaftServerConfigKeys (ConfUtils.java:logGet(43)) - raft.server.notification.no-leader.timeout = 120s (custom)
2019-10-07 12:01:42,766 [pool-529-thread-1] INFO  server.RaftServerConfigKeys (ConfUtils.java:logGet(43)) - raft.server.log.purge.gap = 1000000 (custom)
2019-10-07 12:01:42,766 [pool-519-thread-1] INFO  server.RaftServerConfigKeys (ConfUtils.java:logGet(43)) - raft.server.notification.no-leader.timeout = 120s (custom)
2019-10-07 12:01:42,766 [pool-529-thread-1] INFO  server.RaftServerConfigKeys (ConfUtils.java:logGet(43)) - raft.server.log.appender.buffer.byte-limit = 33554432 (custom)
2019-10-07 12:01:42,766 [pool-509-thread-1] INFO  server.RaftServerConfigKeys (ConfUtils.java:logGet(43)) - raft.server.log.use.memory = false (default)
2019-10-07 12:01:42,766 [pool-529-thread-1] INFO  server.RaftServerConfigKeys (ConfUtils.java:logGet(43)) - raft.server.log.segment.size.max = 1048576 (custom)
2019-10-07 12:01:42,766 [pool-519-thread-1] INFO  server.RaftServerConfigKeys (ConfUtils.java:logGet(43)) - raft.server.log.use.memory = false (default)
2019-10-07 12:01:42,766 [pool-529-thread-1] INFO  server.RaftServerConfigKeys (ConfUtils.java:logGet(43)) - raft.server.log.segment.cache.num.max = 2 (custom)
2019-10-07 12:01:42,766 [pool-509-thread-1] INFO  server.RaftServerConfigKeys (ConfUtils.java:logGet(43)) - raft.server.log.purge.gap = 1000000 (custom)
2019-10-07 12:01:42,767 [pool-529-thread-1] INFO  segmented.SegmentedRaftLogWorker (SegmentedRaftLogWorker.java:<init>(173)) - new 9e4f0239-5467-41fd-81e1-38f0f07fc00b@group-240EBE1C8FDE-SegmentedRaftLogWorker for RaftStorage:Storage Directory /workdir/hadoop-ozone/integration-test/target/test-dir/MiniOzoneClusterImpl-3996cdb0-1c67-461d-8979-130917cb6d41/datanode-2/data/ratis/72795b40-b455-49fe-9f44-240ebe1c8fde
2019-10-07 12:01:42,766 [pool-519-thread-1] INFO  server.RaftServerConfigKeys (ConfUtils.java:logGet(43)) - raft.server.log.purge.gap = 1000000 (custom)
2019-10-07 12:01:42,767 [pool-529-thread-1] INFO  server.RaftServerConfigKeys (ConfUtils.java:logGet(43)) - raft.server.log.queue.byte-limit = 2147483647 (custom)
2019-10-07 12:01:42,767 [pool-509-thread-1] INFO  server.RaftServerConfigKeys (ConfUtils.java:logGet(43)) - raft.server.log.appender.buffer.byte-limit = 33554432 (custom)
2019-10-07 12:01:42,767 [pool-529-thread-1] INFO  server.RaftServerConfigKeys (ConfUtils.java:logGet(43)) - raft.server.log.queue.element-limit = 1024 (custom)
2019-10-07 12:01:42,767 [pool-519-thread-1] INFO  server.RaftServerConfigKeys (ConfUtils.java:logGet(43)) - raft.server.log.appender.buffer.byte-limit = 33554432 (custom)
2019-10-07 12:01:42,767 [pool-529-thread-1] INFO  server.RaftServerConfigKeys (ConfUtils.java:logGet(43)) - raft.server.log.segment.size.max = 1048576 (custom)
2019-10-07 12:01:42,767 [pool-509-thread-1] INFO  server.RaftServerConfigKeys (ConfUtils.java:logGet(43)) - raft.server.log.segment.size.max = 1048576 (custom)
2019-10-07 12:01:42,767 [pool-529-thread-1] INFO  server.RaftServerConfigKeys (ConfUtils.java:logGet(43)) - raft.server.log.preallocated.size = 16384 (custom)
2019-10-07 12:01:42,767 [pool-519-thread-1] INFO  server.RaftServerConfigKeys (ConfUtils.java:logGet(43)) - raft.server.log.segment.size.max = 1048576 (custom)
2019-10-07 12:01:42,768 [pool-529-thread-1] INFO  server.RaftServerConfigKeys (ConfUtils.java:logGet(43)) - raft.server.log.write.buffer.size = 33554432 (custom)
2019-10-07 12:01:42,767 [pool-509-thread-1] INFO  server.RaftServerConfigKeys (ConfUtils.java:logGet(43)) - raft.server.log.segment.cache.num.max = 2 (custom)
2019-10-07 12:01:42,768 [pool-529-thread-1] INFO  server.RaftServerConfigKeys (ConfUtils.java:logGet(43)) - raft.server.log.force.sync.num = 128 (default)
2019-10-07 12:01:42,768 [pool-519-thread-1] INFO  server.RaftServerConfigKeys (ConfUtils.java:logGet(43)) - raft.server.log.segment.cache.num.max = 2 (custom)
2019-10-07 12:01:42,768 [pool-529-thread-1] INFO  server.RaftServerConfigKeys (ConfUtils.java:logGet(43)) - raft.server.log.statemachine.data.sync = true (default)
2019-10-07 12:01:42,768 [pool-509-thread-1] INFO  segmented.SegmentedRaftLogWorker (SegmentedRaftLogWorker.java:<init>(173)) - new 35b93ee3-cf43-44f7-b896-65b06618aa81@group-240EBE1C8FDE-SegmentedRaftLogWorker for RaftStorage:Storage Directory /workdir/hadoop-ozone/integration-test/target/test-dir/MiniOzoneClusterImpl-3996cdb0-1c67-461d-8979-130917cb6d41/datanode-0/data/ratis/72795b40-b455-49fe-9f44-240ebe1c8fde
2019-10-07 12:01:42,768 [pool-529-thread-1] INFO  server.RaftServerConfigKeys (ConfUtils.java:logGet(43)) - raft.server.log.statemachine.data.sync.timeout = 10s (default)
2019-10-07 12:01:42,768 [pool-519-thread-1] INFO  segmented.SegmentedRaftLogWorker (SegmentedRaftLogWorker.java:<init>(173)) - new 5fb7ce83-242c-4a6f-a9ec-b211957cc825@group-240EBE1C8FDE-SegmentedRaftLogWorker for RaftStorage:Storage Directory /workdir/hadoop-ozone/integration-test/target/test-dir/MiniOzoneClusterImpl-3996cdb0-1c67-461d-8979-130917cb6d41/datanode-1/data/ratis/72795b40-b455-49fe-9f44-240ebe1c8fde
2019-10-07 12:01:42,768 [pool-529-thread-1] INFO  server.RaftServerConfigKeys (ConfUtils.java:logGet(43)) - raft.server.log.statemachine.data.sync.timeout.retry = -1 (default)
2019-10-07 12:01:42,768 [pool-509-thread-1] INFO  server.RaftServerConfigKeys (ConfUtils.java:logGet(43)) - raft.server.log.queue.byte-limit = 2147483647 (custom)
2019-10-07 12:01:42,769 [pool-529-thread-1] INFO  server.RaftServerConfigKeys (ConfUtils.java:logGet(43)) - raft.server.log.statemachine.data.caching.enabled = true (custom)
2019-10-07 12:01:42,768 [pool-519-thread-1] INFO  server.RaftServerConfigKeys (ConfUtils.java:logGet(43)) - raft.server.log.queue.byte-limit = 2147483647 (custom)
2019-10-07 12:01:42,769 [pool-509-thread-1] INFO  server.RaftServerConfigKeys (ConfUtils.java:logGet(43)) - raft.server.log.queue.element-limit = 1024 (custom)
2019-10-07 12:01:42,769 [pool-529-thread-1] INFO  segmented.SegmentedRaftLogWorker (SegmentedRaftLogWorker.java:lambda$new$0(128)) - 9e4f0239-5467-41fd-81e1-38f0f07fc00b@group-240EBE1C8FDE-SegmentedRaftLogWorker: flushIndex: setUnconditionally 0 -> -1
2019-10-07 12:01:42,769 [pool-519-thread-1] INFO  server.RaftServerConfigKeys (ConfUtils.java:logGet(43)) - raft.server.log.queue.element-limit = 1024 (custom)
2019-10-07 12:01:42,769 [pool-509-thread-1] INFO  server.RaftServerConfigKeys (ConfUtils.java:logGet(43)) - raft.server.log.segment.size.max = 1048576 (custom)
2019-10-07 12:01:42,769 [pool-529-thread-1] INFO  server.RaftServerConfigKeys (ConfUtils.java:logGet(43)) - raft.server.snapshot.auto.trigger.enabled = true (custom)
2019-10-07 12:01:42,769 [pool-519-thread-1] INFO  server.RaftServerConfigKeys (ConfUtils.java:logGet(43)) - raft.server.log.segment.size.max = 1048576 (custom)
2019-10-07 12:01:42,769 [pool-529-thread-1] INFO  server.RaftServerConfigKeys (ConfUtils.java:logGet(43)) - raft.server.snapshot.auto.trigger.threshold = 10000 (custom)
2019-10-07 12:01:42,769 [pool-509-thread-1] INFO  server.RaftServerConfigKeys (ConfUtils.java:logGet(43)) - raft.server.log.preallocated.size = 16384 (custom)
2019-10-07 12:01:42,770 [pool-529-thread-1] INFO  server.RaftServerConfigKeys (ConfUtils.java:logGet(43)) - raft.server.snapshot.retention.file.num = 5 (custom)
2019-10-07 12:01:42,770 [pool-519-thread-1] INFO  server.RaftServerConfigKeys (ConfUtils.java:logGet(43)) - raft.server.log.preallocated.size = 16384 (custom)
2019-10-07 12:01:42,770 [pool-529-thread-1] INFO  server.RaftServerConfigKeys (ConfUtils.java:logGet(43)) - raft.server.retrycache.expirytime = 600000ms (custom)
2019-10-07 12:01:42,770 [pool-509-thread-1] INFO  server.RaftServerConfigKeys (ConfUtils.java:logGet(43)) - raft.server.log.write.buffer.size = 33554432 (custom)
2019-10-07 12:01:42,770 [pool-519-thread-1] INFO  server.RaftServerConfigKeys (ConfUtils.java:logGet(43)) - raft.server.log.write.buffer.size = 33554432 (custom)
2019-10-07 12:01:42,770 [pool-509-thread-1] INFO  server.RaftServerConfigKeys (ConfUtils.java:logGet(43)) - raft.server.log.force.sync.num = 128 (default)
2019-10-07 12:01:42,770 [pool-519-thread-1] INFO  server.RaftServerConfigKeys (ConfUtils.java:logGet(43)) - raft.server.log.force.sync.num = 128 (default)
2019-10-07 12:01:42,770 [pool-509-thread-1] INFO  server.RaftServerConfigKeys (ConfUtils.java:logGet(43)) - raft.server.log.statemachine.data.sync = true (default)
2019-10-07 12:01:42,770 [pool-519-thread-1] INFO  server.RaftServerConfigKeys (ConfUtils.java:logGet(43)) - raft.server.log.statemachine.data.sync = true (default)
2019-10-07 12:01:42,771 [pool-509-thread-1] INFO  server.RaftServerConfigKeys (ConfUtils.java:logGet(43)) - raft.server.log.statemachine.data.sync.timeout = 10s (default)
2019-10-07 12:01:42,771 [pool-519-thread-1] INFO  server.RaftServerConfigKeys (ConfUtils.java:logGet(43)) - raft.server.log.statemachine.data.sync.timeout = 10s (default)
2019-10-07 12:01:42,771 [pool-509-thread-1] INFO  server.RaftServerConfigKeys (ConfUtils.java:logGet(43)) - raft.server.log.statemachine.data.sync.timeout.retry = -1 (default)
2019-10-07 12:01:42,771 [pool-519-thread-1] INFO  server.RaftServerConfigKeys (ConfUtils.java:logGet(43)) - raft.server.log.statemachine.data.sync.timeout.retry = -1 (default)
2019-10-07 12:01:42,771 [pool-509-thread-1] INFO  server.RaftServerConfigKeys (ConfUtils.java:logGet(43)) - raft.server.log.statemachine.data.caching.enabled = true (custom)
2019-10-07 12:01:42,771 [pool-519-thread-1] INFO  server.RaftServerConfigKeys (ConfUtils.java:logGet(43)) - raft.server.log.statemachine.data.caching.enabled = true (custom)
2019-10-07 12:01:42,771 [pool-509-thread-1] INFO  segmented.SegmentedRaftLogWorker (SegmentedRaftLogWorker.java:lambda$new$0(128)) - 35b93ee3-cf43-44f7-b896-65b06618aa81@group-240EBE1C8FDE-SegmentedRaftLogWorker: flushIndex: setUnconditionally 0 -> -1
2019-10-07 12:01:42,771 [pool-519-thread-1] INFO  segmented.SegmentedRaftLogWorker (SegmentedRaftLogWorker.java:lambda$new$0(128)) - 5fb7ce83-242c-4a6f-a9ec-b211957cc825@group-240EBE1C8FDE-SegmentedRaftLogWorker: flushIndex: setUnconditionally 0 -> -1
2019-10-07 12:01:42,771 [pool-509-thread-1] INFO  server.RaftServerConfigKeys (ConfUtils.java:logGet(43)) - raft.server.snapshot.auto.trigger.enabled = true (custom)
2019-10-07 12:01:42,771 [pool-529-thread-1] INFO  impl.RaftServerImpl (RaftServerImpl.java:start(181)) - 9e4f0239-5467-41fd-81e1-38f0f07fc00b@group-240EBE1C8FDE: start as a follower, conf=-1: [35b93ee3-cf43-44f7-b896-65b06618aa81:192.168.30.26:43657, 9e4f0239-5467-41fd-81e1-38f0f07fc00b:192.168.30.26:36089, 5fb7ce83-242c-4a6f-a9ec-b211957cc825:192.168.30.26:42375], old=null
2019-10-07 12:01:42,772 [pool-519-thread-1] INFO  server.RaftServerConfigKeys (ConfUtils.java:logGet(43)) - raft.server.snapshot.auto.trigger.enabled = true (custom)
2019-10-07 12:01:42,771 [pool-509-thread-1] INFO  server.RaftServerConfigKeys (ConfUtils.java:logGet(43)) - raft.server.snapshot.auto.trigger.threshold = 10000 (custom)
2019-10-07 12:01:42,772 [pool-519-thread-1] INFO  server.RaftServerConfigKeys (ConfUtils.java:logGet(43)) - raft.server.snapshot.auto.trigger.threshold = 10000 (custom)
2019-10-07 12:01:42,772 [pool-529-thread-1] INFO  impl.RaftServerImpl (RaftServerImpl.java:setRole(170)) - 9e4f0239-5467-41fd-81e1-38f0f07fc00b@group-240EBE1C8FDE: changes role from      null to FOLLOWER at term 0 for startAsFollower
2019-10-07 12:01:42,772 [pool-519-thread-1] INFO  server.RaftServerConfigKeys (ConfUtils.java:logGet(43)) - raft.server.snapshot.retention.file.num = 5 (custom)
2019-10-07 12:01:42,772 [pool-509-thread-1] INFO  server.RaftServerConfigKeys (ConfUtils.java:logGet(43)) - raft.server.snapshot.retention.file.num = 5 (custom)
2019-10-07 12:01:42,772 [pool-519-thread-1] INFO  server.RaftServerConfigKeys (ConfUtils.java:logGet(43)) - raft.server.retrycache.expirytime = 600000ms (custom)
2019-10-07 12:01:42,772 [pool-529-thread-1] INFO  impl.RoleInfo (RoleInfo.java:updateAndGet(143)) - 9e4f0239-5467-41fd-81e1-38f0f07fc00b: start FollowerState
2019-10-07 12:01:42,772 [pool-509-thread-1] INFO  server.RaftServerConfigKeys (ConfUtils.java:logGet(43)) - raft.server.retrycache.expirytime = 600000ms (custom)
2019-10-07 12:01:42,772 [pool-529-thread-1] INFO  util.JmxRegister (JmxRegister.java:tryRegister(44)) - Successfully registered JMX Bean with object name Ratis:service=RaftServer,group=group-240EBE1C8FDE,id=9e4f0239-5467-41fd-81e1-38f0f07fc00b
2019-10-07 12:01:42,775 [pool-519-thread-1] INFO  impl.RaftServerImpl (RaftServerImpl.java:start(181)) - 5fb7ce83-242c-4a6f-a9ec-b211957cc825@group-240EBE1C8FDE: start as a follower, conf=-1: [35b93ee3-cf43-44f7-b896-65b06618aa81:192.168.30.26:43657, 9e4f0239-5467-41fd-81e1-38f0f07fc00b:192.168.30.26:36089, 5fb7ce83-242c-4a6f-a9ec-b211957cc825:192.168.30.26:42375], old=null
2019-10-07 12:01:42,775 [pool-519-thread-1] INFO  impl.RaftServerImpl (RaftServerImpl.java:setRole(170)) - 5fb7ce83-242c-4a6f-a9ec-b211957cc825@group-240EBE1C8FDE: changes role from      null to FOLLOWER at term 0 for startAsFollower
2019-10-07 12:01:42,775 [pool-519-thread-1] INFO  impl.RoleInfo (RoleInfo.java:updateAndGet(143)) - 5fb7ce83-242c-4a6f-a9ec-b211957cc825: start FollowerState
2019-10-07 12:01:42,775 [pool-509-thread-1] INFO  impl.RaftServerImpl (RaftServerImpl.java:start(181)) - 35b93ee3-cf43-44f7-b896-65b06618aa81@group-240EBE1C8FDE: start as a follower, conf=-1: [35b93ee3-cf43-44f7-b896-65b06618aa81:192.168.30.26:43657, 9e4f0239-5467-41fd-81e1-38f0f07fc00b:192.168.30.26:36089, 5fb7ce83-242c-4a6f-a9ec-b211957cc825:192.168.30.26:42375], old=null
2019-10-07 12:01:42,775 [pool-509-thread-1] INFO  impl.RaftServerImpl (RaftServerImpl.java:setRole(170)) - 35b93ee3-cf43-44f7-b896-65b06618aa81@group-240EBE1C8FDE: changes role from      null to FOLLOWER at term 0 for startAsFollower
2019-10-07 12:01:42,775 [pool-519-thread-1] INFO  util.JmxRegister (JmxRegister.java:tryRegister(44)) - Successfully registered JMX Bean with object name Ratis:service=RaftServer,group=group-240EBE1C8FDE,id=5fb7ce83-242c-4a6f-a9ec-b211957cc825
2019-10-07 12:01:42,775 [pool-509-thread-1] INFO  impl.RoleInfo (RoleInfo.java:updateAndGet(143)) - 35b93ee3-cf43-44f7-b896-65b06618aa81: start FollowerState
2019-10-07 12:01:42,775 [pool-509-thread-1] INFO  util.JmxRegister (JmxRegister.java:tryRegister(44)) - Successfully registered JMX Bean with object name Ratis:service=RaftServer,group=group-240EBE1C8FDE,id=35b93ee3-cf43-44f7-b896-65b06618aa81
2019-10-07 12:01:42,779 [RatisPipelineUtilsThread] INFO  pipeline.PipelineStateManager (PipelineStateManager.java:addPipeline(56)) - Created pipeline Pipeline[ Id: 72795b40-b455-49fe-9f44-240ebe1c8fde, Nodes: 35b93ee3-cf43-44f7-b896-65b06618aa81{ip: 192.168.30.26, host: pr-hdds-2071-fmvlq-2762171947, networkLocation: /rack1, certSerialId: null}5fb7ce83-242c-4a6f-a9ec-b211957cc825{ip: 192.168.30.26, host: pr-hdds-2071-fmvlq-2762171947, networkLocation: /rack1, certSerialId: null}9e4f0239-5467-41fd-81e1-38f0f07fc00b{ip: 192.168.30.26, host: pr-hdds-2071-fmvlq-2762171947, networkLocation: /rack1, certSerialId: null}, Type:RATIS, Factor:THREE, State:OPEN]
2019-10-07 12:01:42,793 [IPC Server handler 16 on 44254] INFO  net.NetworkTopology (NetworkTopologyImpl.java:add(111)) - Added a new node: /rack1/7ea16973-9905-4da7-bb80-bd85639ef624
2019-10-07 12:01:42,799 [IPC Server handler 16 on 44254] INFO  node.SCMNodeManager (SCMNodeManager.java:register(267)) - Registered Data node : 7ea16973-9905-4da7-bb80-bd85639ef624{ip: 192.168.30.26, host: pr-hdds-2071-fmvlq-2762171947, networkLocation: /rack1, certSerialId: null}
2019-10-07 12:01:42,805 [grpc-default-executor-7] INFO  impl.RaftServerProxy (RaftServerProxy.java:addNew(89)) - 9968b69f-cbe4-4e66-9140-11f2884fa70f: addNew group-26D974B03AFC:[9968b69f-cbe4-4e66-9140-11f2884fa70f:192.168.30.26:34238] returns group-26D974B03AFC:java.util.concurrent.CompletableFuture@443eaa3e[Not completed]
2019-10-07 12:01:42,809 [pool-539-thread-1] INFO  impl.RaftServerImpl (RaftServerImpl.java:<init>(95)) - 9968b69f-cbe4-4e66-9140-11f2884fa70f: new RaftServerImpl for group-26D974B03AFC:[9968b69f-cbe4-4e66-9140-11f2884fa70f:192.168.30.26:34238] with ContainerStateMachine:uninitialized
2019-10-07 12:01:42,809 [pool-539-thread-1] INFO  server.RaftServerConfigKeys (ConfUtils.java:logGet(43)) - raft.server.rpc.timeout.min = 1s (custom)
2019-10-07 12:01:42,810 [pool-539-thread-1] INFO  server.RaftServerConfigKeys (ConfUtils.java:logGet(43)) - raft.server.rpc.timeout.max = 1200ms (custom)
2019-10-07 12:01:42,810 [pool-539-thread-1] INFO  server.RaftServerConfigKeys (ConfUtils.java:logGet(43)) - raft.server.rpcslowness.timeout = 120s (custom)
2019-10-07 12:01:42,810 [pool-539-thread-1] INFO  server.RaftServerConfigKeys (ConfUtils.java:logGet(43)) - raft.server.sleep.deviation.threshold = 300 (default)
2019-10-07 12:01:42,810 [pool-539-thread-1] INFO  server.RaftServerConfigKeys (ConfUtils.java:logGet(43)) - raft.server.log.appender.install.snapshot.enabled = false (custom)
2019-10-07 12:01:42,810 [pool-539-thread-1] INFO  impl.RaftServerImpl (ServerState.java:<init>(103)) - 9968b69f-cbe4-4e66-9140-11f2884fa70f@group-26D974B03AFC: ConfigurationManager, init=-1: [9968b69f-cbe4-4e66-9140-11f2884fa70f:192.168.30.26:34238], old=null, confs=<EMPTY_MAP>
2019-10-07 12:01:42,810 [pool-539-thread-1] INFO  server.RaftServerConfigKeys (ConfUtils.java:logGet(43)) - raft.server.storage.dir = [/workdir/hadoop-ozone/integration-test/target/test-dir/MiniOzoneClusterImpl-3996cdb0-1c67-461d-8979-130917cb6d41/datanode-3/data/ratis] (custom)
2019-10-07 12:01:42,810 [pool-539-thread-1] INFO  server.RaftServerConfigKeys (ConfUtils.java:logGet(43)) - raft.server.log.corruption.policy = EXCEPTION (default)
2019-10-07 12:01:42,811 [pool-539-thread-1] INFO  storage.RaftStorageDirectory (RaftStorageDirectory.java:analyzeStorage(246)) - The storage directory /workdir/hadoop-ozone/integration-test/target/test-dir/MiniOzoneClusterImpl-3996cdb0-1c67-461d-8979-130917cb6d41/datanode-3/data/ratis/63b776ca-2568-4891-a9b0-26d974b03afc does not exist. Creating ...
2019-10-07 12:01:42,824 [pool-539-thread-1] INFO  storage.RaftStorageDirectory (RaftStorageDirectory.java:tryLock(328)) - Lock on /workdir/hadoop-ozone/integration-test/target/test-dir/MiniOzoneClusterImpl-3996cdb0-1c67-461d-8979-130917cb6d41/datanode-3/data/ratis/63b776ca-2568-4891-a9b0-26d974b03afc/in_use.lock acquired by nodename 10124@pr-hdds-2071-fmvlq-2762171947
2019-10-07 12:01:42,837 [pool-539-thread-1] INFO  storage.RaftStorage (RaftStorage.java:format(84)) - Storage directory /workdir/hadoop-ozone/integration-test/target/test-dir/MiniOzoneClusterImpl-3996cdb0-1c67-461d-8979-130917cb6d41/datanode-3/data/ratis/63b776ca-2568-4891-a9b0-26d974b03afc has been successfully formatted.
2019-10-07 12:01:42,838 [pool-539-thread-1] INFO  ratis.ContainerStateMachine (ContainerStateMachine.java:loadSnapshot(231)) - group-26D974B03AFC: The snapshot info is null. Setting the last applied indexto:(t:0, i:~)
2019-10-07 12:01:42,838 [pool-539-thread-1] INFO  server.RaftServerConfigKeys (ConfUtils.java:logGet(43)) - raft.server.notification.no-leader.timeout = 120s (custom)
2019-10-07 12:01:42,838 [pool-539-thread-1] INFO  server.RaftServerConfigKeys (ConfUtils.java:logGet(43)) - raft.server.log.use.memory = false (default)
2019-10-07 12:01:42,838 [pool-539-thread-1] INFO  server.RaftServerConfigKeys (ConfUtils.java:logGet(43)) - raft.server.log.purge.gap = 1000000 (custom)
2019-10-07 12:01:42,838 [pool-539-thread-1] INFO  server.RaftServerConfigKeys (ConfUtils.java:logGet(43)) - raft.server.log.appender.buffer.byte-limit = 33554432 (custom)
2019-10-07 12:01:42,838 [pool-539-thread-1] INFO  server.RaftServerConfigKeys (ConfUtils.java:logGet(43)) - raft.server.log.segment.size.max = 1048576 (custom)
2019-10-07 12:01:42,839 [pool-539-thread-1] INFO  server.RaftServerConfigKeys (ConfUtils.java:logGet(43)) - raft.server.log.segment.cache.num.max = 2 (custom)
2019-10-07 12:01:42,840 [pool-539-thread-1] INFO  segmented.SegmentedRaftLogWorker (SegmentedRaftLogWorker.java:<init>(173)) - new 9968b69f-cbe4-4e66-9140-11f2884fa70f@group-26D974B03AFC-SegmentedRaftLogWorker for RaftStorage:Storage Directory /workdir/hadoop-ozone/integration-test/target/test-dir/MiniOzoneClusterImpl-3996cdb0-1c67-461d-8979-130917cb6d41/datanode-3/data/ratis/63b776ca-2568-4891-a9b0-26d974b03afc
2019-10-07 12:01:42,840 [pool-539-thread-1] INFO  server.RaftServerConfigKeys (ConfUtils.java:logGet(43)) - raft.server.log.queue.byte-limit = 2147483647 (custom)
2019-10-07 12:01:42,840 [pool-539-thread-1] INFO  server.RaftServerConfigKeys (ConfUtils.java:logGet(43)) - raft.server.log.queue.element-limit = 1024 (custom)
2019-10-07 12:01:42,840 [pool-539-thread-1] INFO  server.RaftServerConfigKeys (ConfUtils.java:logGet(43)) - raft.server.log.segment.size.max = 1048576 (custom)
2019-10-07 12:01:42,840 [pool-539-thread-1] INFO  server.RaftServerConfigKeys (ConfUtils.java:logGet(43)) - raft.server.log.preallocated.size = 16384 (custom)
2019-10-07 12:01:42,840 [pool-539-thread-1] INFO  server.RaftServerConfigKeys (ConfUtils.java:logGet(43)) - raft.server.log.write.buffer.size = 33554432 (custom)
2019-10-07 12:01:42,840 [pool-539-thread-1] INFO  server.RaftServerConfigKeys (ConfUtils.java:logGet(43)) - raft.server.log.force.sync.num = 128 (default)
2019-10-07 12:01:42,840 [pool-539-thread-1] INFO  server.RaftServerConfigKeys (ConfUtils.java:logGet(43)) - raft.server.log.statemachine.data.sync = true (default)
2019-10-07 12:01:42,840 [pool-539-thread-1] INFO  server.RaftServerConfigKeys (ConfUtils.java:logGet(43)) - raft.server.log.statemachine.data.sync.timeout = 10s (default)
2019-10-07 12:01:42,840 [pool-539-thread-1] INFO  server.RaftServerConfigKeys (ConfUtils.java:logGet(43)) - raft.server.log.statemachine.data.sync.timeout.retry = -1 (default)
2019-10-07 12:01:42,841 [pool-539-thread-1] INFO  server.RaftServerConfigKeys (ConfUtils.java:logGet(43)) - raft.server.log.statemachine.data.caching.enabled = true (custom)
2019-10-07 12:01:42,841 [pool-539-thread-1] INFO  segmented.SegmentedRaftLogWorker (SegmentedRaftLogWorker.java:lambda$new$0(128)) - 9968b69f-cbe4-4e66-9140-11f2884fa70f@group-26D974B03AFC-SegmentedRaftLogWorker: flushIndex: setUnconditionally 0 -> -1
2019-10-07 12:01:42,841 [pool-539-thread-1] INFO  server.RaftServerConfigKeys (ConfUtils.java:logGet(43)) - raft.server.snapshot.auto.trigger.enabled = true (custom)
2019-10-07 12:01:42,841 [pool-539-thread-1] INFO  server.RaftServerConfigKeys (ConfUtils.java:logGet(43)) - raft.server.snapshot.auto.trigger.threshold = 10000 (custom)
2019-10-07 12:01:42,841 [pool-539-thread-1] INFO  server.RaftServerConfigKeys (ConfUtils.java:logGet(43)) - raft.server.snapshot.retention.file.num = 5 (custom)
2019-10-07 12:01:42,842 [pool-539-thread-1] INFO  server.RaftServerConfigKeys (ConfUtils.java:logGet(43)) - raft.server.retrycache.expirytime = 600000ms (custom)
2019-10-07 12:01:42,843 [pool-539-thread-1] INFO  impl.RaftServerImpl (RaftServerImpl.java:start(181)) - 9968b69f-cbe4-4e66-9140-11f2884fa70f@group-26D974B03AFC: start as a follower, conf=-1: [9968b69f-cbe4-4e66-9140-11f2884fa70f:192.168.30.26:34238], old=null
2019-10-07 12:01:42,843 [pool-539-thread-1] INFO  impl.RaftServerImpl (RaftServerImpl.java:setRole(170)) - 9968b69f-cbe4-4e66-9140-11f2884fa70f@group-26D974B03AFC: changes role from      null to FOLLOWER at term 0 for startAsFollower
2019-10-07 12:01:42,843 [pool-539-thread-1] INFO  impl.RoleInfo (RoleInfo.java:updateAndGet(143)) - 9968b69f-cbe4-4e66-9140-11f2884fa70f: start FollowerState
2019-10-07 12:01:42,843 [pool-539-thread-1] INFO  util.JmxRegister (JmxRegister.java:tryRegister(44)) - Successfully registered JMX Bean with object name Ratis:service=RaftServer,group=group-26D974B03AFC,id=9968b69f-cbe4-4e66-9140-11f2884fa70f
2019-10-07 12:01:42,847 [RatisPipelineUtilsThread] INFO  pipeline.PipelineStateManager (PipelineStateManager.java:addPipeline(56)) - Created pipeline Pipeline[ Id: 63b776ca-2568-4891-a9b0-26d974b03afc, Nodes: 9968b69f-cbe4-4e66-9140-11f2884fa70f{ip: 192.168.30.26, host: pr-hdds-2071-fmvlq-2762171947, networkLocation: /rack1, certSerialId: null}, Type:RATIS, Factor:ONE, State:OPEN]
2019-10-07 12:01:42,855 [grpc-default-executor-7] INFO  impl.RaftServerProxy (RaftServerProxy.java:addNew(89)) - 7ea16973-9905-4da7-bb80-bd85639ef624: addNew group-B5F9B23D4E55:[7ea16973-9905-4da7-bb80-bd85639ef624:192.168.30.26:44736] returns group-B5F9B23D4E55:java.util.concurrent.CompletableFuture@1d96a9c4[Not completed]
2019-10-07 12:01:42,855 [pool-549-thread-1] INFO  impl.RaftServerImpl (RaftServerImpl.java:<init>(95)) - 7ea16973-9905-4da7-bb80-bd85639ef624: new RaftServerImpl for group-B5F9B23D4E55:[7ea16973-9905-4da7-bb80-bd85639ef624:192.168.30.26:44736] with ContainerStateMachine:uninitialized
2019-10-07 12:01:42,855 [pool-549-thread-1] INFO  server.RaftServerConfigKeys (ConfUtils.java:logGet(43)) - raft.server.rpc.timeout.min = 1s (custom)
2019-10-07 12:01:42,856 [pool-549-thread-1] INFO  server.RaftServerConfigKeys (ConfUtils.java:logGet(43)) - raft.server.rpc.timeout.max = 1200ms (custom)
2019-10-07 12:01:42,856 [pool-549-thread-1] INFO  server.RaftServerConfigKeys (ConfUtils.java:logGet(43)) - raft.server.rpcslowness.timeout = 120s (custom)
2019-10-07 12:01:42,856 [pool-549-thread-1] INFO  server.RaftServerConfigKeys (ConfUtils.java:logGet(43)) - raft.server.sleep.deviation.threshold = 300 (default)
2019-10-07 12:01:42,856 [pool-549-thread-1] INFO  server.RaftServerConfigKeys (ConfUtils.java:logGet(43)) - raft.server.log.appender.install.snapshot.enabled = false (custom)
2019-10-07 12:01:42,856 [pool-549-thread-1] INFO  impl.RaftServerImpl (ServerState.java:<init>(103)) - 7ea16973-9905-4da7-bb80-bd85639ef624@group-B5F9B23D4E55: ConfigurationManager, init=-1: [7ea16973-9905-4da7-bb80-bd85639ef624:192.168.30.26:44736], old=null, confs=<EMPTY_MAP>
2019-10-07 12:01:42,856 [pool-549-thread-1] INFO  server.RaftServerConfigKeys (ConfUtils.java:logGet(43)) - raft.server.storage.dir = [/workdir/hadoop-ozone/integration-test/target/test-dir/MiniOzoneClusterImpl-3996cdb0-1c67-461d-8979-130917cb6d41/datanode-4/data/ratis] (custom)
2019-10-07 12:01:42,856 [pool-549-thread-1] INFO  server.RaftServerConfigKeys (ConfUtils.java:logGet(43)) - raft.server.log.corruption.policy = EXCEPTION (default)
2019-10-07 12:01:42,856 [pool-549-thread-1] INFO  storage.RaftStorageDirectory (RaftStorageDirectory.java:analyzeStorage(246)) - The storage directory /workdir/hadoop-ozone/integration-test/target/test-dir/MiniOzoneClusterImpl-3996cdb0-1c67-461d-8979-130917cb6d41/datanode-4/data/ratis/2d416ef2-de2d-4c09-9b7d-b5f9b23d4e55 does not exist. Creating ...
2019-10-07 12:01:42,866 [IPC Server handler 15 on 44254] INFO  net.NetworkTopology (NetworkTopologyImpl.java:add(111)) - Added a new node: /rack1/ea099ddf-fb2e-4ec3-b0a2-f19542a0ccf4
2019-10-07 12:01:42,866 [IPC Server handler 15 on 44254] INFO  node.SCMNodeManager (SCMNodeManager.java:register(267)) - Registered Data node : ea099ddf-fb2e-4ec3-b0a2-f19542a0ccf4{ip: 192.168.30.26, host: pr-hdds-2071-fmvlq-2762171947, networkLocation: /rack1, certSerialId: null}
2019-10-07 12:01:42,869 [pool-549-thread-1] INFO  storage.RaftStorageDirectory (RaftStorageDirectory.java:tryLock(328)) - Lock on /workdir/hadoop-ozone/integration-test/target/test-dir/MiniOzoneClusterImpl-3996cdb0-1c67-461d-8979-130917cb6d41/datanode-4/data/ratis/2d416ef2-de2d-4c09-9b7d-b5f9b23d4e55/in_use.lock acquired by nodename 10124@pr-hdds-2071-fmvlq-2762171947
2019-10-07 12:01:42,882 [pool-549-thread-1] INFO  storage.RaftStorage (RaftStorage.java:format(84)) - Storage directory /workdir/hadoop-ozone/integration-test/target/test-dir/MiniOzoneClusterImpl-3996cdb0-1c67-461d-8979-130917cb6d41/datanode-4/data/ratis/2d416ef2-de2d-4c09-9b7d-b5f9b23d4e55 has been successfully formatted.
2019-10-07 12:01:42,883 [pool-549-thread-1] INFO  ratis.ContainerStateMachine (ContainerStateMachine.java:loadSnapshot(231)) - group-B5F9B23D4E55: The snapshot info is null. Setting the last applied indexto:(t:0, i:~)
2019-10-07 12:01:42,883 [pool-549-thread-1] INFO  server.RaftServerConfigKeys (ConfUtils.java:logGet(43)) - raft.server.notification.no-leader.timeout = 120s (custom)
2019-10-07 12:01:42,883 [pool-549-thread-1] INFO  server.RaftServerConfigKeys (ConfUtils.java:logGet(43)) - raft.server.log.use.memory = false (default)
2019-10-07 12:01:42,883 [pool-549-thread-1] INFO  server.RaftServerConfigKeys (ConfUtils.java:logGet(43)) - raft.server.log.purge.gap = 1000000 (custom)
2019-10-07 12:01:42,883 [pool-549-thread-1] INFO  server.RaftServerConfigKeys (ConfUtils.java:logGet(43)) - raft.server.log.appender.buffer.byte-limit = 33554432 (custom)
2019-10-07 12:01:42,883 [pool-549-thread-1] INFO  server.RaftServerConfigKeys (ConfUtils.java:logGet(43)) - raft.server.log.segment.size.max = 1048576 (custom)
2019-10-07 12:01:42,884 [pool-549-thread-1] INFO  server.RaftServerConfigKeys (ConfUtils.java:logGet(43)) - raft.server.log.segment.cache.num.max = 2 (custom)
2019-10-07 12:01:42,884 [pool-549-thread-1] INFO  segmented.SegmentedRaftLogWorker (SegmentedRaftLogWorker.java:<init>(173)) - new 7ea16973-9905-4da7-bb80-bd85639ef624@group-B5F9B23D4E55-SegmentedRaftLogWorker for RaftStorage:Storage Directory /workdir/hadoop-ozone/integration-test/target/test-dir/MiniOzoneClusterImpl-3996cdb0-1c67-461d-8979-130917cb6d41/datanode-4/data/ratis/2d416ef2-de2d-4c09-9b7d-b5f9b23d4e55
2019-10-07 12:01:42,884 [pool-549-thread-1] INFO  server.RaftServerConfigKeys (ConfUtils.java:logGet(43)) - raft.server.log.queue.byte-limit = 2147483647 (custom)
2019-10-07 12:01:42,884 [pool-549-thread-1] INFO  server.RaftServerConfigKeys (ConfUtils.java:logGet(43)) - raft.server.log.queue.element-limit = 1024 (custom)
2019-10-07 12:01:42,885 [pool-549-thread-1] INFO  server.RaftServerConfigKeys (ConfUtils.java:logGet(43)) - raft.server.log.segment.size.max = 1048576 (custom)
2019-10-07 12:01:42,885 [pool-549-thread-1] INFO  server.RaftServerConfigKeys (ConfUtils.java:logGet(43)) - raft.server.log.preallocated.size = 16384 (custom)
2019-10-07 12:01:42,885 [pool-549-thread-1] INFO  server.RaftServerConfigKeys (ConfUtils.java:logGet(43)) - raft.server.log.write.buffer.size = 33554432 (custom)
2019-10-07 12:01:42,885 [pool-549-thread-1] INFO  server.RaftServerConfigKeys (ConfUtils.java:logGet(43)) - raft.server.log.force.sync.num = 128 (default)
2019-10-07 12:01:42,885 [pool-549-thread-1] INFO  server.RaftServerConfigKeys (ConfUtils.java:logGet(43)) - raft.server.log.statemachine.data.sync = true (default)
2019-10-07 12:01:42,885 [pool-549-thread-1] INFO  server.RaftServerConfigKeys (ConfUtils.java:logGet(43)) - raft.server.log.statemachine.data.sync.timeout = 10s (default)
2019-10-07 12:01:42,885 [pool-549-thread-1] INFO  server.RaftServerConfigKeys (ConfUtils.java:logGet(43)) - raft.server.log.statemachine.data.sync.timeout.retry = -1 (default)
2019-10-07 12:01:42,886 [pool-549-thread-1] INFO  server.RaftServerConfigKeys (ConfUtils.java:logGet(43)) - raft.server.log.statemachine.data.caching.enabled = true (custom)
2019-10-07 12:01:42,886 [pool-549-thread-1] INFO  segmented.SegmentedRaftLogWorker (SegmentedRaftLogWorker.java:lambda$new$0(128)) - 7ea16973-9905-4da7-bb80-bd85639ef624@group-B5F9B23D4E55-SegmentedRaftLogWorker: flushIndex: setUnconditionally 0 -> -1
2019-10-07 12:01:42,886 [pool-549-thread-1] INFO  server.RaftServerConfigKeys (ConfUtils.java:logGet(43)) - raft.server.snapshot.auto.trigger.enabled = true (custom)
2019-10-07 12:01:42,886 [pool-549-thread-1] INFO  server.RaftServerConfigKeys (ConfUtils.java:logGet(43)) - raft.server.snapshot.auto.trigger.threshold = 10000 (custom)
2019-10-07 12:01:42,886 [pool-549-thread-1] INFO  server.RaftServerConfigKeys (ConfUtils.java:logGet(43)) - raft.server.snapshot.retention.file.num = 5 (custom)
2019-10-07 12:01:42,887 [pool-549-thread-1] INFO  server.RaftServerConfigKeys (ConfUtils.java:logGet(43)) - raft.server.retrycache.expirytime = 600000ms (custom)
2019-10-07 12:01:42,888 [pool-549-thread-1] INFO  impl.RaftServerImpl (RaftServerImpl.java:start(181)) - 7ea16973-9905-4da7-bb80-bd85639ef624@group-B5F9B23D4E55: start as a follower, conf=-1: [7ea16973-9905-4da7-bb80-bd85639ef624:192.168.30.26:44736], old=null
2019-10-07 12:01:42,888 [pool-549-thread-1] INFO  impl.RaftServerImpl (RaftServerImpl.java:setRole(170)) - 7ea16973-9905-4da7-bb80-bd85639ef624@group-B5F9B23D4E55: changes role from      null to FOLLOWER at term 0 for startAsFollower
2019-10-07 12:01:42,888 [pool-549-thread-1] INFO  impl.RoleInfo (RoleInfo.java:updateAndGet(143)) - 7ea16973-9905-4da7-bb80-bd85639ef624: start FollowerState
2019-10-07 12:01:42,889 [pool-549-thread-1] INFO  util.JmxRegister (JmxRegister.java:tryRegister(44)) - Successfully registered JMX Bean with object name Ratis:service=RaftServer,group=group-B5F9B23D4E55,id=7ea16973-9905-4da7-bb80-bd85639ef624
2019-10-07 12:01:42,892 [RatisPipelineUtilsThread] INFO  pipeline.PipelineStateManager (PipelineStateManager.java:addPipeline(56)) - Created pipeline Pipeline[ Id: 2d416ef2-de2d-4c09-9b7d-b5f9b23d4e55, Nodes: 7ea16973-9905-4da7-bb80-bd85639ef624{ip: 192.168.30.26, host: pr-hdds-2071-fmvlq-2762171947, networkLocation: /rack1, certSerialId: null}, Type:RATIS, Factor:ONE, State:OPEN]
2019-10-07 12:01:42,899 [grpc-default-executor-7] INFO  impl.RaftServerProxy (RaftServerProxy.java:addNew(89)) - ea099ddf-fb2e-4ec3-b0a2-f19542a0ccf4: addNew group-BC0A8B10AC35:[ea099ddf-fb2e-4ec3-b0a2-f19542a0ccf4:192.168.30.26:44361] returns group-BC0A8B10AC35:java.util.concurrent.CompletableFuture@12a9d8b5[Not completed]
2019-10-07 12:01:42,900 [pool-559-thread-1] INFO  impl.RaftServerImpl (RaftServerImpl.java:<init>(95)) - ea099ddf-fb2e-4ec3-b0a2-f19542a0ccf4: new RaftServerImpl for group-BC0A8B10AC35:[ea099ddf-fb2e-4ec3-b0a2-f19542a0ccf4:192.168.30.26:44361] with ContainerStateMachine:uninitialized
2019-10-07 12:01:42,900 [pool-559-thread-1] INFO  server.RaftServerConfigKeys (ConfUtils.java:logGet(43)) - raft.server.rpc.timeout.min = 1s (custom)
2019-10-07 12:01:42,901 [pool-559-thread-1] INFO  server.RaftServerConfigKeys (ConfUtils.java:logGet(43)) - raft.server.rpc.timeout.max = 1200ms (custom)
2019-10-07 12:01:42,901 [pool-559-thread-1] INFO  server.RaftServerConfigKeys (ConfUtils.java:logGet(43)) - raft.server.rpcslowness.timeout = 120s (custom)
2019-10-07 12:01:42,901 [pool-559-thread-1] INFO  server.RaftServerConfigKeys (ConfUtils.java:logGet(43)) - raft.server.sleep.deviation.threshold = 300 (default)
2019-10-07 12:01:42,901 [pool-559-thread-1] INFO  server.RaftServerConfigKeys (ConfUtils.java:logGet(43)) - raft.server.log.appender.install.snapshot.enabled = false (custom)
2019-10-07 12:01:42,901 [pool-559-thread-1] INFO  impl.RaftServerImpl (ServerState.java:<init>(103)) - ea099ddf-fb2e-4ec3-b0a2-f19542a0ccf4@group-BC0A8B10AC35: ConfigurationManager, init=-1: [ea099ddf-fb2e-4ec3-b0a2-f19542a0ccf4:192.168.30.26:44361], old=null, confs=<EMPTY_MAP>
2019-10-07 12:01:42,901 [pool-559-thread-1] INFO  server.RaftServerConfigKeys (ConfUtils.java:logGet(43)) - raft.server.storage.dir = [/workdir/hadoop-ozone/integration-test/target/test-dir/MiniOzoneClusterImpl-3996cdb0-1c67-461d-8979-130917cb6d41/datanode-5/data/ratis] (custom)
2019-10-07 12:01:42,901 [pool-559-thread-1] INFO  server.RaftServerConfigKeys (ConfUtils.java:logGet(43)) - raft.server.log.corruption.policy = EXCEPTION (default)
2019-10-07 12:01:42,902 [pool-559-thread-1] INFO  storage.RaftStorageDirectory (RaftStorageDirectory.java:analyzeStorage(246)) - The storage directory /workdir/hadoop-ozone/integration-test/target/test-dir/MiniOzoneClusterImpl-3996cdb0-1c67-461d-8979-130917cb6d41/datanode-5/data/ratis/6bfd3d48-5560-4f1c-a471-bc0a8b10ac35 does not exist. Creating ...
2019-10-07 12:01:42,915 [pool-559-thread-1] INFO  storage.RaftStorageDirectory (RaftStorageDirectory.java:tryLock(328)) - Lock on /workdir/hadoop-ozone/integration-test/target/test-dir/MiniOzoneClusterImpl-3996cdb0-1c67-461d-8979-130917cb6d41/datanode-5/data/ratis/6bfd3d48-5560-4f1c-a471-bc0a8b10ac35/in_use.lock acquired by nodename 10124@pr-hdds-2071-fmvlq-2762171947
2019-10-07 12:01:42,927 [pool-559-thread-1] INFO  storage.RaftStorage (RaftStorage.java:format(84)) - Storage directory /workdir/hadoop-ozone/integration-test/target/test-dir/MiniOzoneClusterImpl-3996cdb0-1c67-461d-8979-130917cb6d41/datanode-5/data/ratis/6bfd3d48-5560-4f1c-a471-bc0a8b10ac35 has been successfully formatted.
2019-10-07 12:01:42,928 [pool-559-thread-1] INFO  ratis.ContainerStateMachine (ContainerStateMachine.java:loadSnapshot(231)) - group-BC0A8B10AC35: The snapshot info is null. Setting the last applied indexto:(t:0, i:~)
2019-10-07 12:01:42,928 [pool-559-thread-1] INFO  server.RaftServerConfigKeys (ConfUtils.java:logGet(43)) - raft.server.notification.no-leader.timeout = 120s (custom)
2019-10-07 12:01:42,928 [pool-559-thread-1] INFO  server.RaftServerConfigKeys (ConfUtils.java:logGet(43)) - raft.server.log.use.memory = false (default)
2019-10-07 12:01:42,928 [pool-559-thread-1] INFO  server.RaftServerConfigKeys (ConfUtils.java:logGet(43)) - raft.server.log.purge.gap = 1000000 (custom)
2019-10-07 12:01:42,928 [pool-559-thread-1] INFO  server.RaftServerConfigKeys (ConfUtils.java:logGet(43)) - raft.server.log.appender.buffer.byte-limit = 33554432 (custom)
2019-10-07 12:01:42,928 [pool-559-thread-1] INFO  server.RaftServerConfigKeys (ConfUtils.java:logGet(43)) - raft.server.log.segment.size.max = 1048576 (custom)
2019-10-07 12:01:42,930 [pool-559-thread-1] INFO  server.RaftServerConfigKeys (ConfUtils.java:logGet(43)) - raft.server.log.segment.cache.num.max = 2 (custom)
2019-10-07 12:01:42,930 [pool-559-thread-1] INFO  segmented.SegmentedRaftLogWorker (SegmentedRaftLogWorker.java:<init>(173)) - new ea099ddf-fb2e-4ec3-b0a2-f19542a0ccf4@group-BC0A8B10AC35-SegmentedRaftLogWorker for RaftStorage:Storage Directory /workdir/hadoop-ozone/integration-test/target/test-dir/MiniOzoneClusterImpl-3996cdb0-1c67-461d-8979-130917cb6d41/datanode-5/data/ratis/6bfd3d48-5560-4f1c-a471-bc0a8b10ac35
2019-10-07 12:01:42,930 [pool-559-thread-1] INFO  server.RaftServerConfigKeys (ConfUtils.java:logGet(43)) - raft.server.log.queue.byte-limit = 2147483647 (custom)
2019-10-07 12:01:42,930 [pool-559-thread-1] INFO  server.RaftServerConfigKeys (ConfUtils.java:logGet(43)) - raft.server.log.queue.element-limit = 1024 (custom)
2019-10-07 12:01:42,930 [pool-559-thread-1] INFO  server.RaftServerConfigKeys (ConfUtils.java:logGet(43)) - raft.server.log.segment.size.max = 1048576 (custom)
2019-10-07 12:01:42,930 [pool-559-thread-1] INFO  server.RaftServerConfigKeys (ConfUtils.java:logGet(43)) - raft.server.log.preallocated.size = 16384 (custom)
2019-10-07 12:01:42,930 [pool-559-thread-1] INFO  server.RaftServerConfigKeys (ConfUtils.java:logGet(43)) - raft.server.log.write.buffer.size = 33554432 (custom)
2019-10-07 12:01:42,931 [pool-559-thread-1] INFO  server.RaftServerConfigKeys (ConfUtils.java:logGet(43)) - raft.server.log.force.sync.num = 128 (default)
2019-10-07 12:01:42,931 [pool-559-thread-1] INFO  server.RaftServerConfigKeys (ConfUtils.java:logGet(43)) - raft.server.log.statemachine.data.sync = true (default)
2019-10-07 12:01:42,931 [pool-559-thread-1] INFO  server.RaftServerConfigKeys (ConfUtils.java:logGet(43)) - raft.server.log.statemachine.data.sync.timeout = 10s (default)
2019-10-07 12:01:42,931 [pool-559-thread-1] INFO  server.RaftServerConfigKeys (ConfUtils.java:logGet(43)) - raft.server.log.statemachine.data.sync.timeout.retry = -1 (default)
2019-10-07 12:01:42,931 [pool-559-thread-1] INFO  server.RaftServerConfigKeys (ConfUtils.java:logGet(43)) - raft.server.log.statemachine.data.caching.enabled = true (custom)
2019-10-07 12:01:42,931 [pool-559-thread-1] INFO  segmented.SegmentedRaftLogWorker (SegmentedRaftLogWorker.java:lambda$new$0(128)) - ea099ddf-fb2e-4ec3-b0a2-f19542a0ccf4@group-BC0A8B10AC35-SegmentedRaftLogWorker: flushIndex: setUnconditionally 0 -> -1
2019-10-07 12:01:42,932 [pool-559-thread-1] INFO  server.RaftServerConfigKeys (ConfUtils.java:logGet(43)) - raft.server.snapshot.auto.trigger.enabled = true (custom)
2019-10-07 12:01:42,932 [pool-559-thread-1] INFO  server.RaftServerConfigKeys (ConfUtils.java:logGet(43)) - raft.server.snapshot.auto.trigger.threshold = 10000 (custom)
2019-10-07 12:01:42,932 [pool-559-thread-1] INFO  server.RaftServerConfigKeys (ConfUtils.java:logGet(43)) - raft.server.snapshot.retention.file.num = 5 (custom)
2019-10-07 12:01:42,932 [pool-559-thread-1] INFO  server.RaftServerConfigKeys (ConfUtils.java:logGet(43)) - raft.server.retrycache.expirytime = 600000ms (custom)
2019-10-07 12:01:42,933 [pool-559-thread-1] INFO  impl.RaftServerImpl (RaftServerImpl.java:start(181)) - ea099ddf-fb2e-4ec3-b0a2-f19542a0ccf4@group-BC0A8B10AC35: start as a follower, conf=-1: [ea099ddf-fb2e-4ec3-b0a2-f19542a0ccf4:192.168.30.26:44361], old=null
2019-10-07 12:01:42,933 [pool-559-thread-1] INFO  impl.RaftServerImpl (RaftServerImpl.java:setRole(170)) - ea099ddf-fb2e-4ec3-b0a2-f19542a0ccf4@group-BC0A8B10AC35: changes role from      null to FOLLOWER at term 0 for startAsFollower
2019-10-07 12:01:42,933 [pool-559-thread-1] INFO  impl.RoleInfo (RoleInfo.java:updateAndGet(143)) - ea099ddf-fb2e-4ec3-b0a2-f19542a0ccf4: start FollowerState
2019-10-07 12:01:42,934 [pool-559-thread-1] INFO  util.JmxRegister (JmxRegister.java:tryRegister(44)) - Successfully registered JMX Bean with object name Ratis:service=RaftServer,group=group-BC0A8B10AC35,id=ea099ddf-fb2e-4ec3-b0a2-f19542a0ccf4
2019-10-07 12:01:42,937 [RatisPipelineUtilsThread] INFO  pipeline.PipelineStateManager (PipelineStateManager.java:addPipeline(56)) - Created pipeline Pipeline[ Id: 6bfd3d48-5560-4f1c-a471-bc0a8b10ac35, Nodes: ea099ddf-fb2e-4ec3-b0a2-f19542a0ccf4{ip: 192.168.30.26, host: pr-hdds-2071-fmvlq-2762171947, networkLocation: /rack1, certSerialId: null}, Type:RATIS, Factor:ONE, State:OPEN]
2019-10-07 12:01:42,961 [IPC Server handler 2 on 44254] INFO  net.NetworkTopology (NetworkTopologyImpl.java:add(111)) - Added a new node: /rack1/f273724d-798c-4ad2-8d41-52aa1480ea33
2019-10-07 12:01:42,961 [IPC Server handler 2 on 44254] INFO  node.SCMNodeManager (SCMNodeManager.java:register(267)) - Registered Data node : f273724d-798c-4ad2-8d41-52aa1480ea33{ip: 192.168.30.26, host: pr-hdds-2071-fmvlq-2762171947, networkLocation: /rack1, certSerialId: null}
2019-10-07 12:01:42,966 [grpc-default-executor-9] INFO  impl.RaftServerProxy (RaftServerProxy.java:addNew(89)) - ea099ddf-fb2e-4ec3-b0a2-f19542a0ccf4: addNew group-28B4426542C7:[7ea16973-9905-4da7-bb80-bd85639ef624:192.168.30.26:44736, ea099ddf-fb2e-4ec3-b0a2-f19542a0ccf4:192.168.30.26:44361, 9968b69f-cbe4-4e66-9140-11f2884fa70f:192.168.30.26:34238] returns group-28B4426542C7:java.util.concurrent.CompletableFuture@7d0cc293[Not completed]
2019-10-07 12:01:42,967 [grpc-default-executor-7] INFO  impl.RaftServerProxy (RaftServerProxy.java:addNew(89)) - 9968b69f-cbe4-4e66-9140-11f2884fa70f: addNew group-28B4426542C7:[7ea16973-9905-4da7-bb80-bd85639ef624:192.168.30.26:44736, ea099ddf-fb2e-4ec3-b0a2-f19542a0ccf4:192.168.30.26:44361, 9968b69f-cbe4-4e66-9140-11f2884fa70f:192.168.30.26:34238] returns group-28B4426542C7:java.util.concurrent.CompletableFuture@528123eb[Not completed]
2019-10-07 12:01:42,967 [grpc-default-executor-10] INFO  impl.RaftServerProxy (RaftServerProxy.java:addNew(89)) - 7ea16973-9905-4da7-bb80-bd85639ef624: addNew group-28B4426542C7:[7ea16973-9905-4da7-bb80-bd85639ef624:192.168.30.26:44736, ea099ddf-fb2e-4ec3-b0a2-f19542a0ccf4:192.168.30.26:44361, 9968b69f-cbe4-4e66-9140-11f2884fa70f:192.168.30.26:34238] returns group-28B4426542C7:java.util.concurrent.CompletableFuture@62431497[Not completed]
2019-10-07 12:01:42,968 [pool-559-thread-1] INFO  impl.RaftServerImpl (RaftServerImpl.java:<init>(95)) - ea099ddf-fb2e-4ec3-b0a2-f19542a0ccf4: new RaftServerImpl for group-28B4426542C7:[7ea16973-9905-4da7-bb80-bd85639ef624:192.168.30.26:44736, ea099ddf-fb2e-4ec3-b0a2-f19542a0ccf4:192.168.30.26:44361, 9968b69f-cbe4-4e66-9140-11f2884fa70f:192.168.30.26:34238] with ContainerStateMachine:uninitialized
2019-10-07 12:01:42,968 [pool-559-thread-1] INFO  server.RaftServerConfigKeys (ConfUtils.java:logGet(43)) - raft.server.rpc.timeout.min = 1s (custom)
2019-10-07 12:01:42,968 [pool-559-thread-1] INFO  server.RaftServerConfigKeys (ConfUtils.java:logGet(43)) - raft.server.rpc.timeout.max = 1200ms (custom)
2019-10-07 12:01:42,968 [pool-559-thread-1] INFO  server.RaftServerConfigKeys (ConfUtils.java:logGet(43)) - raft.server.rpcslowness.timeout = 120s (custom)
2019-10-07 12:01:42,968 [pool-559-thread-1] INFO  server.RaftServerConfigKeys (ConfUtils.java:logGet(43)) - raft.server.sleep.deviation.threshold = 300 (default)
2019-10-07 12:01:42,968 [pool-539-thread-1] INFO  impl.RaftServerImpl (RaftServerImpl.java:<init>(95)) - 9968b69f-cbe4-4e66-9140-11f2884fa70f: new RaftServerImpl for group-28B4426542C7:[7ea16973-9905-4da7-bb80-bd85639ef624:192.168.30.26:44736, ea099ddf-fb2e-4ec3-b0a2-f19542a0ccf4:192.168.30.26:44361, 9968b69f-cbe4-4e66-9140-11f2884fa70f:192.168.30.26:34238] with ContainerStateMachine:uninitialized
2019-10-07 12:01:42,968 [pool-559-thread-1] INFO  server.RaftServerConfigKeys (ConfUtils.java:logGet(43)) - raft.server.log.appender.install.snapshot.enabled = false (custom)
2019-10-07 12:01:42,968 [pool-539-thread-1] INFO  server.RaftServerConfigKeys (ConfUtils.java:logGet(43)) - raft.server.rpc.timeout.min = 1s (custom)
2019-10-07 12:01:42,968 [pool-559-thread-1] INFO  impl.RaftServerImpl (ServerState.java:<init>(103)) - ea099ddf-fb2e-4ec3-b0a2-f19542a0ccf4@group-28B4426542C7: ConfigurationManager, init=-1: [7ea16973-9905-4da7-bb80-bd85639ef624:192.168.30.26:44736, ea099ddf-fb2e-4ec3-b0a2-f19542a0ccf4:192.168.30.26:44361, 9968b69f-cbe4-4e66-9140-11f2884fa70f:192.168.30.26:34238], old=null, confs=<EMPTY_MAP>
2019-10-07 12:01:42,969 [pool-549-thread-1] INFO  impl.RaftServerImpl (RaftServerImpl.java:<init>(95)) - 7ea16973-9905-4da7-bb80-bd85639ef624: new RaftServerImpl for group-28B4426542C7:[7ea16973-9905-4da7-bb80-bd85639ef624:192.168.30.26:44736, ea099ddf-fb2e-4ec3-b0a2-f19542a0ccf4:192.168.30.26:44361, 9968b69f-cbe4-4e66-9140-11f2884fa70f:192.168.30.26:34238] with ContainerStateMachine:uninitialized
2019-10-07 12:01:42,969 [pool-539-thread-1] INFO  server.RaftServerConfigKeys (ConfUtils.java:logGet(43)) - raft.server.rpc.timeout.max = 1200ms (custom)
2019-10-07 12:01:42,969 [pool-549-thread-1] INFO  server.RaftServerConfigKeys (ConfUtils.java:logGet(43)) - raft.server.rpc.timeout.min = 1s (custom)
2019-10-07 12:01:42,969 [pool-559-thread-1] INFO  server.RaftServerConfigKeys (ConfUtils.java:logGet(43)) - raft.server.storage.dir = [/workdir/hadoop-ozone/integration-test/target/test-dir/MiniOzoneClusterImpl-3996cdb0-1c67-461d-8979-130917cb6d41/datanode-5/data/ratis] (custom)
2019-10-07 12:01:42,969 [pool-549-thread-1] INFO  server.RaftServerConfigKeys (ConfUtils.java:logGet(43)) - raft.server.rpc.timeout.max = 1200ms (custom)
2019-10-07 12:01:42,969 [pool-539-thread-1] INFO  server.RaftServerConfigKeys (ConfUtils.java:logGet(43)) - raft.server.rpcslowness.timeout = 120s (custom)
2019-10-07 12:01:42,969 [pool-559-thread-1] INFO  server.RaftServerConfigKeys (ConfUtils.java:logGet(43)) - raft.server.log.corruption.policy = EXCEPTION (default)
2019-10-07 12:01:42,969 [pool-549-thread-1] INFO  server.RaftServerConfigKeys (ConfUtils.java:logGet(43)) - raft.server.rpcslowness.timeout = 120s (custom)
2019-10-07 12:01:42,969 [pool-559-thread-1] INFO  storage.RaftStorageDirectory (RaftStorageDirectory.java:analyzeStorage(246)) - The storage directory /workdir/hadoop-ozone/integration-test/target/test-dir/MiniOzoneClusterImpl-3996cdb0-1c67-461d-8979-130917cb6d41/datanode-5/data/ratis/650a230a-e428-411a-86f2-28b4426542c7 does not exist. Creating ...
2019-10-07 12:01:42,969 [pool-539-thread-1] INFO  server.RaftServerConfigKeys (ConfUtils.java:logGet(43)) - raft.server.sleep.deviation.threshold = 300 (default)
2019-10-07 12:01:42,969 [pool-549-thread-1] INFO  server.RaftServerConfigKeys (ConfUtils.java:logGet(43)) - raft.server.sleep.deviation.threshold = 300 (default)
2019-10-07 12:01:42,970 [pool-539-thread-1] INFO  server.RaftServerConfigKeys (ConfUtils.java:logGet(43)) - raft.server.log.appender.install.snapshot.enabled = false (custom)
2019-10-07 12:01:42,970 [pool-549-thread-1] INFO  server.RaftServerConfigKeys (ConfUtils.java:logGet(43)) - raft.server.log.appender.install.snapshot.enabled = false (custom)
2019-10-07 12:01:42,970 [pool-539-thread-1] INFO  impl.RaftServerImpl (ServerState.java:<init>(103)) - 9968b69f-cbe4-4e66-9140-11f2884fa70f@group-28B4426542C7: ConfigurationManager, init=-1: [7ea16973-9905-4da7-bb80-bd85639ef624:192.168.30.26:44736, ea099ddf-fb2e-4ec3-b0a2-f19542a0ccf4:192.168.30.26:44361, 9968b69f-cbe4-4e66-9140-11f2884fa70f:192.168.30.26:34238], old=null, confs=<EMPTY_MAP>
2019-10-07 12:01:42,970 [pool-549-thread-1] INFO  impl.RaftServerImpl (ServerState.java:<init>(103)) - 7ea16973-9905-4da7-bb80-bd85639ef624@group-28B4426542C7: ConfigurationManager, init=-1: [7ea16973-9905-4da7-bb80-bd85639ef624:192.168.30.26:44736, ea099ddf-fb2e-4ec3-b0a2-f19542a0ccf4:192.168.30.26:44361, 9968b69f-cbe4-4e66-9140-11f2884fa70f:192.168.30.26:34238], old=null, confs=<EMPTY_MAP>
2019-10-07 12:01:42,970 [pool-539-thread-1] INFO  server.RaftServerConfigKeys (ConfUtils.java:logGet(43)) - raft.server.storage.dir = [/workdir/hadoop-ozone/integration-test/target/test-dir/MiniOzoneClusterImpl-3996cdb0-1c67-461d-8979-130917cb6d41/datanode-3/data/ratis] (custom)
2019-10-07 12:01:42,970 [pool-549-thread-1] INFO  server.RaftServerConfigKeys (ConfUtils.java:logGet(43)) - raft.server.storage.dir = [/workdir/hadoop-ozone/integration-test/target/test-dir/MiniOzoneClusterImpl-3996cdb0-1c67-461d-8979-130917cb6d41/datanode-4/data/ratis] (custom)
2019-10-07 12:01:42,970 [pool-539-thread-1] INFO  server.RaftServerConfigKeys (ConfUtils.java:logGet(43)) - raft.server.log.corruption.policy = EXCEPTION (default)
2019-10-07 12:01:42,970 [pool-549-thread-1] INFO  server.RaftServerConfigKeys (ConfUtils.java:logGet(43)) - raft.server.log.corruption.policy = EXCEPTION (default)
2019-10-07 12:01:42,970 [pool-539-thread-1] INFO  storage.RaftStorageDirectory (RaftStorageDirectory.java:analyzeStorage(246)) - The storage directory /workdir/hadoop-ozone/integration-test/target/test-dir/MiniOzoneClusterImpl-3996cdb0-1c67-461d-8979-130917cb6d41/datanode-3/data/ratis/650a230a-e428-411a-86f2-28b4426542c7 does not exist. Creating ...
2019-10-07 12:01:42,970 [pool-549-thread-1] INFO  storage.RaftStorageDirectory (RaftStorageDirectory.java:analyzeStorage(246)) - The storage directory /workdir/hadoop-ozone/integration-test/target/test-dir/MiniOzoneClusterImpl-3996cdb0-1c67-461d-8979-130917cb6d41/datanode-4/data/ratis/650a230a-e428-411a-86f2-28b4426542c7 does not exist. Creating ...
2019-10-07 12:01:42,983 [pool-549-thread-1] INFO  storage.RaftStorageDirectory (RaftStorageDirectory.java:tryLock(328)) - Lock on /workdir/hadoop-ozone/integration-test/target/test-dir/MiniOzoneClusterImpl-3996cdb0-1c67-461d-8979-130917cb6d41/datanode-4/data/ratis/650a230a-e428-411a-86f2-28b4426542c7/in_use.lock acquired by nodename 10124@pr-hdds-2071-fmvlq-2762171947
2019-10-07 12:01:42,983 [pool-539-thread-1] INFO  storage.RaftStorageDirectory (RaftStorageDirectory.java:tryLock(328)) - Lock on /workdir/hadoop-ozone/integration-test/target/test-dir/MiniOzoneClusterImpl-3996cdb0-1c67-461d-8979-130917cb6d41/datanode-3/data/ratis/650a230a-e428-411a-86f2-28b4426542c7/in_use.lock acquired by nodename 10124@pr-hdds-2071-fmvlq-2762171947
2019-10-07 12:01:42,983 [pool-559-thread-1] INFO  storage.RaftStorageDirectory (RaftStorageDirectory.java:tryLock(328)) - Lock on /workdir/hadoop-ozone/integration-test/target/test-dir/MiniOzoneClusterImpl-3996cdb0-1c67-461d-8979-130917cb6d41/datanode-5/data/ratis/650a230a-e428-411a-86f2-28b4426542c7/in_use.lock acquired by nodename 10124@pr-hdds-2071-fmvlq-2762171947
2019-10-07 12:01:42,996 [pool-549-thread-1] INFO  storage.RaftStorage (RaftStorage.java:format(84)) - Storage directory /workdir/hadoop-ozone/integration-test/target/test-dir/MiniOzoneClusterImpl-3996cdb0-1c67-461d-8979-130917cb6d41/datanode-4/data/ratis/650a230a-e428-411a-86f2-28b4426542c7 has been successfully formatted.
2019-10-07 12:01:42,996 [pool-539-thread-1] INFO  storage.RaftStorage (RaftStorage.java:format(84)) - Storage directory /workdir/hadoop-ozone/integration-test/target/test-dir/MiniOzoneClusterImpl-3996cdb0-1c67-461d-8979-130917cb6d41/datanode-3/data/ratis/650a230a-e428-411a-86f2-28b4426542c7 has been successfully formatted.
2019-10-07 12:01:42,996 [pool-559-thread-1] INFO  storage.RaftStorage (RaftStorage.java:format(84)) - Storage directory /workdir/hadoop-ozone/integration-test/target/test-dir/MiniOzoneClusterImpl-3996cdb0-1c67-461d-8979-130917cb6d41/datanode-5/data/ratis/650a230a-e428-411a-86f2-28b4426542c7 has been successfully formatted.
2019-10-07 12:01:42,996 [pool-539-thread-1] INFO  ratis.ContainerStateMachine (ContainerStateMachine.java:loadSnapshot(231)) - group-28B4426542C7: The snapshot info is null. Setting the last applied indexto:(t:0, i:~)
2019-10-07 12:01:42,996 [pool-549-thread-1] INFO  ratis.ContainerStateMachine (ContainerStateMachine.java:loadSnapshot(231)) - group-28B4426542C7: The snapshot info is null. Setting the last applied indexto:(t:0, i:~)
2019-10-07 12:01:42,996 [pool-539-thread-1] INFO  server.RaftServerConfigKeys (ConfUtils.java:logGet(43)) - raft.server.notification.no-leader.timeout = 120s (custom)
2019-10-07 12:01:42,996 [pool-559-thread-1] INFO  ratis.ContainerStateMachine (ContainerStateMachine.java:loadSnapshot(231)) - group-28B4426542C7: The snapshot info is null. Setting the last applied indexto:(t:0, i:~)
2019-10-07 12:01:42,997 [pool-539-thread-1] INFO  server.RaftServerConfigKeys (ConfUtils.java:logGet(43)) - raft.server.log.use.memory = false (default)
2019-10-07 12:01:42,996 [pool-549-thread-1] INFO  server.RaftServerConfigKeys (ConfUtils.java:logGet(43)) - raft.server.notification.no-leader.timeout = 120s (custom)
2019-10-07 12:01:42,997 [pool-539-thread-1] INFO  server.RaftServerConfigKeys (ConfUtils.java:logGet(43)) - raft.server.log.purge.gap = 1000000 (custom)
2019-10-07 12:01:42,997 [pool-559-thread-1] INFO  server.RaftServerConfigKeys (ConfUtils.java:logGet(43)) - raft.server.notification.no-leader.timeout = 120s (custom)
2019-10-07 12:01:42,997 [pool-539-thread-1] INFO  server.RaftServerConfigKeys (ConfUtils.java:logGet(43)) - raft.server.log.appender.buffer.byte-limit = 33554432 (custom)
2019-10-07 12:01:42,997 [pool-549-thread-1] INFO  server.RaftServerConfigKeys (ConfUtils.java:logGet(43)) - raft.server.log.use.memory = false (default)
2019-10-07 12:01:42,997 [pool-539-thread-1] INFO  server.RaftServerConfigKeys (ConfUtils.java:logGet(43)) - raft.server.log.segment.size.max = 1048576 (custom)
2019-10-07 12:01:42,997 [pool-559-thread-1] INFO  server.RaftServerConfigKeys (ConfUtils.java:logGet(43)) - raft.server.log.use.memory = false (default)
2019-10-07 12:01:42,997 [pool-539-thread-1] INFO  server.RaftServerConfigKeys (ConfUtils.java:logGet(43)) - raft.server.log.segment.cache.num.max = 2 (custom)
2019-10-07 12:01:42,997 [pool-549-thread-1] INFO  server.RaftServerConfigKeys (ConfUtils.java:logGet(43)) - raft.server.log.purge.gap = 1000000 (custom)
2019-10-07 12:01:42,998 [pool-539-thread-1] INFO  segmented.SegmentedRaftLogWorker (SegmentedRaftLogWorker.java:<init>(173)) - new 9968b69f-cbe4-4e66-9140-11f2884fa70f@group-28B4426542C7-SegmentedRaftLogWorker for RaftStorage:Storage Directory /workdir/hadoop-ozone/integration-test/target/test-dir/MiniOzoneClusterImpl-3996cdb0-1c67-461d-8979-130917cb6d41/datanode-3/data/ratis/650a230a-e428-411a-86f2-28b4426542c7
2019-10-07 12:01:42,997 [pool-559-thread-1] INFO  server.RaftServerConfigKeys (ConfUtils.java:logGet(43)) - raft.server.log.purge.gap = 1000000 (custom)
2019-10-07 12:01:42,998 [pool-539-thread-1] INFO  server.RaftServerConfigKeys (ConfUtils.java:logGet(43)) - raft.server.log.queue.byte-limit = 2147483647 (custom)
2019-10-07 12:01:42,998 [pool-549-thread-1] INFO  server.RaftServerConfigKeys (ConfUtils.java:logGet(43)) - raft.server.log.appender.buffer.byte-limit = 33554432 (custom)
2019-10-07 12:01:42,998 [pool-539-thread-1] INFO  server.RaftServerConfigKeys (ConfUtils.java:logGet(43)) - raft.server.log.queue.element-limit = 1024 (custom)
2019-10-07 12:01:42,998 [pool-559-thread-1] INFO  server.RaftServerConfigKeys (ConfUtils.java:logGet(43)) - raft.server.log.appender.buffer.byte-limit = 33554432 (custom)
2019-10-07 12:01:42,998 [pool-539-thread-1] INFO  server.RaftServerConfigKeys (ConfUtils.java:logGet(43)) - raft.server.log.segment.size.max = 1048576 (custom)
2019-10-07 12:01:42,998 [pool-549-thread-1] INFO  server.RaftServerConfigKeys (ConfUtils.java:logGet(43)) - raft.server.log.segment.size.max = 1048576 (custom)
2019-10-07 12:01:42,998 [pool-539-thread-1] INFO  server.RaftServerConfigKeys (ConfUtils.java:logGet(43)) - raft.server.log.preallocated.size = 16384 (custom)
2019-10-07 12:01:42,998 [pool-559-thread-1] INFO  server.RaftServerConfigKeys (ConfUtils.java:logGet(43)) - raft.server.log.segment.size.max = 1048576 (custom)
2019-10-07 12:01:42,998 [pool-539-thread-1] INFO  server.RaftServerConfigKeys (ConfUtils.java:logGet(43)) - raft.server.log.write.buffer.size = 33554432 (custom)
2019-10-07 12:01:42,998 [pool-549-thread-1] INFO  server.RaftServerConfigKeys (ConfUtils.java:logGet(43)) - raft.server.log.segment.cache.num.max = 2 (custom)
2019-10-07 12:01:42,999 [pool-539-thread-1] INFO  server.RaftServerConfigKeys (ConfUtils.java:logGet(43)) - raft.server.log.force.sync.num = 128 (default)
2019-10-07 12:01:42,999 [pool-559-thread-1] INFO  server.RaftServerConfigKeys (ConfUtils.java:logGet(43)) - raft.server.log.segment.cache.num.max = 2 (custom)
2019-10-07 12:01:42,999 [pool-539-thread-1] INFO  server.RaftServerConfigKeys (ConfUtils.java:logGet(43)) - raft.server.log.statemachine.data.sync = true (default)
2019-10-07 12:01:42,999 [pool-549-thread-1] INFO  segmented.SegmentedRaftLogWorker (SegmentedRaftLogWorker.java:<init>(173)) - new 7ea16973-9905-4da7-bb80-bd85639ef624@group-28B4426542C7-SegmentedRaftLogWorker for RaftStorage:Storage Directory /workdir/hadoop-ozone/integration-test/target/test-dir/MiniOzoneClusterImpl-3996cdb0-1c67-461d-8979-130917cb6d41/datanode-4/data/ratis/650a230a-e428-411a-86f2-28b4426542c7
2019-10-07 12:01:42,999 [pool-539-thread-1] INFO  server.RaftServerConfigKeys (ConfUtils.java:logGet(43)) - raft.server.log.statemachine.data.sync.timeout = 10s (default)
2019-10-07 12:01:42,999 [pool-559-thread-1] INFO  segmented.SegmentedRaftLogWorker (SegmentedRaftLogWorker.java:<init>(173)) - new ea099ddf-fb2e-4ec3-b0a2-f19542a0ccf4@group-28B4426542C7-SegmentedRaftLogWorker for RaftStorage:Storage Directory /workdir/hadoop-ozone/integration-test/target/test-dir/MiniOzoneClusterImpl-3996cdb0-1c67-461d-8979-130917cb6d41/datanode-5/data/ratis/650a230a-e428-411a-86f2-28b4426542c7
2019-10-07 12:01:42,999 [pool-539-thread-1] INFO  server.RaftServerConfigKeys (ConfUtils.java:logGet(43)) - raft.server.log.statemachine.data.sync.timeout.retry = -1 (default)
2019-10-07 12:01:42,999 [pool-549-thread-1] INFO  server.RaftServerConfigKeys (ConfUtils.java:logGet(43)) - raft.server.log.queue.byte-limit = 2147483647 (custom)
2019-10-07 12:01:42,999 [pool-539-thread-1] INFO  server.RaftServerConfigKeys (ConfUtils.java:logGet(43)) - raft.server.log.statemachine.data.caching.enabled = true (custom)
2019-10-07 12:01:42,999 [pool-559-thread-1] INFO  server.RaftServerConfigKeys (ConfUtils.java:logGet(43)) - raft.server.log.queue.byte-limit = 2147483647 (custom)
2019-10-07 12:01:42,999 [pool-549-thread-1] INFO  server.RaftServerConfigKeys (ConfUtils.java:logGet(43)) - raft.server.log.queue.element-limit = 1024 (custom)
2019-10-07 12:01:43,000 [pool-559-thread-1] INFO  server.RaftServerConfigKeys (ConfUtils.java:logGet(43)) - raft.server.log.queue.element-limit = 1024 (custom)
2019-10-07 12:01:43,000 [pool-539-thread-1] INFO  segmented.SegmentedRaftLogWorker (SegmentedRaftLogWorker.java:lambda$new$0(128)) - 9968b69f-cbe4-4e66-9140-11f2884fa70f@group-28B4426542C7-SegmentedRaftLogWorker: flushIndex: setUnconditionally 0 -> -1
2019-10-07 12:01:43,000 [pool-559-thread-1] INFO  server.RaftServerConfigKeys (ConfUtils.java:logGet(43)) - raft.server.log.segment.size.max = 1048576 (custom)
2019-10-07 12:01:43,000 [pool-559-thread-1] INFO  server.RaftServerConfigKeys (ConfUtils.java:logGet(43)) - raft.server.log.preallocated.size = 16384 (custom)
2019-10-07 12:01:43,000 [pool-549-thread-1] INFO  server.RaftServerConfigKeys (ConfUtils.java:logGet(43)) - raft.server.log.segment.size.max = 1048576 (custom)
2019-10-07 12:01:43,000 [pool-559-thread-1] INFO  server.RaftServerConfigKeys (ConfUtils.java:logGet(43)) - raft.server.log.write.buffer.size = 33554432 (custom)
2019-10-07 12:01:43,000 [pool-539-thread-1] INFO  server.RaftServerConfigKeys (ConfUtils.java:logGet(43)) - raft.server.snapshot.auto.trigger.enabled = true (custom)
2019-10-07 12:01:43,000 [pool-559-thread-1] INFO  server.RaftServerConfigKeys (ConfUtils.java:logGet(43)) - raft.server.log.force.sync.num = 128 (default)
2019-10-07 12:01:43,000 [pool-549-thread-1] INFO  server.RaftServerConfigKeys (ConfUtils.java:logGet(43)) - raft.server.log.preallocated.size = 16384 (custom)
2019-10-07 12:01:43,001 [pool-559-thread-1] INFO  server.RaftServerConfigKeys (ConfUtils.java:logGet(43)) - raft.server.log.statemachine.data.sync = true (default)
2019-10-07 12:01:43,000 [pool-539-thread-1] INFO  server.RaftServerConfigKeys (ConfUtils.java:logGet(43)) - raft.server.snapshot.auto.trigger.threshold = 10000 (custom)
2019-10-07 12:01:43,001 [pool-559-thread-1] INFO  server.RaftServerConfigKeys (ConfUtils.java:logGet(43)) - raft.server.log.statemachine.data.sync.timeout = 10s (default)
2019-10-07 12:01:43,001 [pool-549-thread-1] INFO  server.RaftServerConfigKeys (ConfUtils.java:logGet(43)) - raft.server.log.write.buffer.size = 33554432 (custom)
2019-10-07 12:01:43,001 [pool-559-thread-1] INFO  server.RaftServerConfigKeys (ConfUtils.java:logGet(43)) - raft.server.log.statemachine.data.sync.timeout.retry = -1 (default)
2019-10-07 12:01:43,001 [pool-539-thread-1] INFO  server.RaftServerConfigKeys (ConfUtils.java:logGet(43)) - raft.server.snapshot.retention.file.num = 5 (custom)
2019-10-07 12:01:43,001 [pool-559-thread-1] INFO  server.RaftServerConfigKeys (ConfUtils.java:logGet(43)) - raft.server.log.statemachine.data.caching.enabled = true (custom)
2019-10-07 12:01:43,001 [pool-549-thread-1] INFO  server.RaftServerConfigKeys (ConfUtils.java:logGet(43)) - raft.server.log.force.sync.num = 128 (default)
2019-10-07 12:01:43,001 [pool-559-thread-1] INFO  segmented.SegmentedRaftLogWorker (SegmentedRaftLogWorker.java:lambda$new$0(128)) - ea099ddf-fb2e-4ec3-b0a2-f19542a0ccf4@group-28B4426542C7-SegmentedRaftLogWorker: flushIndex: setUnconditionally 0 -> -1
2019-10-07 12:01:43,001 [pool-539-thread-1] INFO  server.RaftServerConfigKeys (ConfUtils.java:logGet(43)) - raft.server.retrycache.expirytime = 600000ms (custom)
2019-10-07 12:01:43,001 [pool-549-thread-1] INFO  server.RaftServerConfigKeys (ConfUtils.java:logGet(43)) - raft.server.log.statemachine.data.sync = true (default)
2019-10-07 12:01:43,002 [pool-559-thread-1] INFO  server.RaftServerConfigKeys (ConfUtils.java:logGet(43)) - raft.server.snapshot.auto.trigger.enabled = true (custom)
2019-10-07 12:01:43,002 [pool-549-thread-1] INFO  server.RaftServerConfigKeys (ConfUtils.java:logGet(43)) - raft.server.log.statemachine.data.sync.timeout = 10s (default)
2019-10-07 12:01:43,002 [pool-559-thread-1] INFO  server.RaftServerConfigKeys (ConfUtils.java:logGet(43)) - raft.server.snapshot.auto.trigger.threshold = 10000 (custom)
2019-10-07 12:01:43,002 [pool-549-thread-1] INFO  server.RaftServerConfigKeys (ConfUtils.java:logGet(43)) - raft.server.log.statemachine.data.sync.timeout.retry = -1 (default)
2019-10-07 12:01:43,002 [pool-559-thread-1] INFO  server.RaftServerConfigKeys (ConfUtils.java:logGet(43)) - raft.server.snapshot.retention.file.num = 5 (custom)
2019-10-07 12:01:43,002 [pool-549-thread-1] INFO  server.RaftServerConfigKeys (ConfUtils.java:logGet(43)) - raft.server.log.statemachine.data.caching.enabled = true (custom)
2019-10-07 12:01:43,002 [pool-559-thread-1] INFO  server.RaftServerConfigKeys (ConfUtils.java:logGet(43)) - raft.server.retrycache.expirytime = 600000ms (custom)
2019-10-07 12:01:43,003 [pool-549-thread-1] INFO  segmented.SegmentedRaftLogWorker (SegmentedRaftLogWorker.java:lambda$new$0(128)) - 7ea16973-9905-4da7-bb80-bd85639ef624@group-28B4426542C7-SegmentedRaftLogWorker: flushIndex: setUnconditionally 0 -> -1
2019-10-07 12:01:43,003 [pool-549-thread-1] INFO  server.RaftServerConfigKeys (ConfUtils.java:logGet(43)) - raft.server.snapshot.auto.trigger.enabled = true (custom)
2019-10-07 12:01:43,003 [pool-549-thread-1] INFO  server.RaftServerConfigKeys (ConfUtils.java:logGet(43)) - raft.server.snapshot.auto.trigger.threshold = 10000 (custom)
2019-10-07 12:01:43,003 [pool-549-thread-1] INFO  server.RaftServerConfigKeys (ConfUtils.java:logGet(43)) - raft.server.snapshot.retention.file.num = 5 (custom)
2019-10-07 12:01:43,003 [pool-549-thread-1] INFO  server.RaftServerConfigKeys (ConfUtils.java:logGet(43)) - raft.server.retrycache.expirytime = 600000ms (custom)
2019-10-07 12:01:43,003 [pool-539-thread-1] INFO  impl.RaftServerImpl (RaftServerImpl.java:start(181)) - 9968b69f-cbe4-4e66-9140-11f2884fa70f@group-28B4426542C7: start as a follower, conf=-1: [7ea16973-9905-4da7-bb80-bd85639ef624:192.168.30.26:44736, ea099ddf-fb2e-4ec3-b0a2-f19542a0ccf4:192.168.30.26:44361, 9968b69f-cbe4-4e66-9140-11f2884fa70f:192.168.30.26:34238], old=null
2019-10-07 12:01:43,004 [pool-539-thread-1] INFO  impl.RaftServerImpl (RaftServerImpl.java:setRole(170)) - 9968b69f-cbe4-4e66-9140-11f2884fa70f@group-28B4426542C7: changes role from      null to FOLLOWER at term 0 for startAsFollower
2019-10-07 12:01:43,004 [pool-539-thread-1] INFO  impl.RoleInfo (RoleInfo.java:updateAndGet(143)) - 9968b69f-cbe4-4e66-9140-11f2884fa70f: start FollowerState
2019-10-07 12:01:43,004 [pool-539-thread-1] INFO  util.JmxRegister (JmxRegister.java:tryRegister(44)) - Successfully registered JMX Bean with object name Ratis:service=RaftServer,group=group-28B4426542C7,id=9968b69f-cbe4-4e66-9140-11f2884fa70f
2019-10-07 12:01:43,005 [pool-559-thread-1] INFO  impl.RaftServerImpl (RaftServerImpl.java:start(181)) - ea099ddf-fb2e-4ec3-b0a2-f19542a0ccf4@group-28B4426542C7: start as a follower, conf=-1: [7ea16973-9905-4da7-bb80-bd85639ef624:192.168.30.26:44736, ea099ddf-fb2e-4ec3-b0a2-f19542a0ccf4:192.168.30.26:44361, 9968b69f-cbe4-4e66-9140-11f2884fa70f:192.168.30.26:34238], old=null
2019-10-07 12:01:43,005 [pool-559-thread-1] INFO  impl.RaftServerImpl (RaftServerImpl.java:setRole(170)) - ea099ddf-fb2e-4ec3-b0a2-f19542a0ccf4@group-28B4426542C7: changes role from      null to FOLLOWER at term 0 for startAsFollower
2019-10-07 12:01:43,005 [pool-559-thread-1] INFO  impl.RoleInfo (RoleInfo.java:updateAndGet(143)) - ea099ddf-fb2e-4ec3-b0a2-f19542a0ccf4: start FollowerState
2019-10-07 12:01:43,005 [pool-559-thread-1] INFO  util.JmxRegister (JmxRegister.java:tryRegister(44)) - Successfully registered JMX Bean with object name Ratis:service=RaftServer,group=group-28B4426542C7,id=ea099ddf-fb2e-4ec3-b0a2-f19542a0ccf4
2019-10-07 12:01:43,005 [pool-549-thread-1] INFO  impl.RaftServerImpl (RaftServerImpl.java:start(181)) - 7ea16973-9905-4da7-bb80-bd85639ef624@group-28B4426542C7: start as a follower, conf=-1: [7ea16973-9905-4da7-bb80-bd85639ef624:192.168.30.26:44736, ea099ddf-fb2e-4ec3-b0a2-f19542a0ccf4:192.168.30.26:44361, 9968b69f-cbe4-4e66-9140-11f2884fa70f:192.168.30.26:34238], old=null
2019-10-07 12:01:43,006 [pool-549-thread-1] INFO  impl.RaftServerImpl (RaftServerImpl.java:setRole(170)) - 7ea16973-9905-4da7-bb80-bd85639ef624@group-28B4426542C7: changes role from      null to FOLLOWER at term 0 for startAsFollower
2019-10-07 12:01:43,006 [pool-549-thread-1] INFO  impl.RoleInfo (RoleInfo.java:updateAndGet(143)) - 7ea16973-9905-4da7-bb80-bd85639ef624: start FollowerState
2019-10-07 12:01:43,006 [pool-549-thread-1] INFO  util.JmxRegister (JmxRegister.java:tryRegister(44)) - Successfully registered JMX Bean with object name Ratis:service=RaftServer,group=group-28B4426542C7,id=7ea16973-9905-4da7-bb80-bd85639ef624
2019-10-07 12:01:43,009 [RatisPipelineUtilsThread] INFO  pipeline.PipelineStateManager (PipelineStateManager.java:addPipeline(56)) - Created pipeline Pipeline[ Id: 650a230a-e428-411a-86f2-28b4426542c7, Nodes: 9968b69f-cbe4-4e66-9140-11f2884fa70f{ip: 192.168.30.26, host: pr-hdds-2071-fmvlq-2762171947, networkLocation: /rack1, certSerialId: null}ea099ddf-fb2e-4ec3-b0a2-f19542a0ccf4{ip: 192.168.30.26, host: pr-hdds-2071-fmvlq-2762171947, networkLocation: /rack1, certSerialId: null}7ea16973-9905-4da7-bb80-bd85639ef624{ip: 192.168.30.26, host: pr-hdds-2071-fmvlq-2762171947, networkLocation: /rack1, certSerialId: null}, Type:RATIS, Factor:THREE, State:OPEN]
2019-10-07 12:01:43,023 [IPC Server handler 0 on 44254] INFO  net.NetworkTopology (NetworkTopologyImpl.java:add(111)) - Added a new node: /rack1/36acb61b-05f2-4e48-b1a6-804a8e695824
2019-10-07 12:01:43,024 [IPC Server handler 0 on 44254] INFO  node.SCMNodeManager (SCMNodeManager.java:register(267)) - Registered Data node : 36acb61b-05f2-4e48-b1a6-804a8e695824{ip: 192.168.30.26, host: pr-hdds-2071-fmvlq-2762171947, networkLocation: /rack1, certSerialId: null}
2019-10-07 12:01:43,029 [grpc-default-executor-10] INFO  impl.RaftServerProxy (RaftServerProxy.java:addNew(89)) - f273724d-798c-4ad2-8d41-52aa1480ea33: addNew group-29EB60817F72:[f273724d-798c-4ad2-8d41-52aa1480ea33:192.168.30.26:37581] returns group-29EB60817F72:java.util.concurrent.CompletableFuture@1c9052dc[Not completed]
2019-10-07 12:01:43,032 [pool-569-thread-1] INFO  impl.RaftServerImpl (RaftServerImpl.java:<init>(95)) - f273724d-798c-4ad2-8d41-52aa1480ea33: new RaftServerImpl for group-29EB60817F72:[f273724d-798c-4ad2-8d41-52aa1480ea33:192.168.30.26:37581] with ContainerStateMachine:uninitialized
2019-10-07 12:01:43,032 [pool-569-thread-1] INFO  server.RaftServerConfigKeys (ConfUtils.java:logGet(43)) - raft.server.rpc.timeout.min = 1s (custom)
2019-10-07 12:01:43,032 [pool-569-thread-1] INFO  server.RaftServerConfigKeys (ConfUtils.java:logGet(43)) - raft.server.rpc.timeout.max = 1200ms (custom)
2019-10-07 12:01:43,032 [pool-569-thread-1] INFO  server.RaftServerConfigKeys (ConfUtils.java:logGet(43)) - raft.server.rpcslowness.timeout = 120s (custom)
2019-10-07 12:01:43,033 [pool-569-thread-1] INFO  server.RaftServerConfigKeys (ConfUtils.java:logGet(43)) - raft.server.sleep.deviation.threshold = 300 (default)
2019-10-07 12:01:43,033 [pool-569-thread-1] INFO  server.RaftServerConfigKeys (ConfUtils.java:logGet(43)) - raft.server.log.appender.install.snapshot.enabled = false (custom)
2019-10-07 12:01:43,033 [pool-569-thread-1] INFO  impl.RaftServerImpl (ServerState.java:<init>(103)) - f273724d-798c-4ad2-8d41-52aa1480ea33@group-29EB60817F72: ConfigurationManager, init=-1: [f273724d-798c-4ad2-8d41-52aa1480ea33:192.168.30.26:37581], old=null, confs=<EMPTY_MAP>
2019-10-07 12:01:43,033 [pool-569-thread-1] INFO  server.RaftServerConfigKeys (ConfUtils.java:logGet(43)) - raft.server.storage.dir = [/workdir/hadoop-ozone/integration-test/target/test-dir/MiniOzoneClusterImpl-3996cdb0-1c67-461d-8979-130917cb6d41/datanode-6/data/ratis] (custom)
2019-10-07 12:01:43,033 [pool-569-thread-1] INFO  server.RaftServerConfigKeys (ConfUtils.java:logGet(43)) - raft.server.log.corruption.policy = EXCEPTION (default)
2019-10-07 12:01:43,033 [pool-569-thread-1] INFO  storage.RaftStorageDirectory (RaftStorageDirectory.java:analyzeStorage(246)) - The storage directory /workdir/hadoop-ozone/integration-test/target/test-dir/MiniOzoneClusterImpl-3996cdb0-1c67-461d-8979-130917cb6d41/datanode-6/data/ratis/45c7ae15-3b92-4691-af70-29eb60817f72 does not exist. Creating ...
2019-10-07 12:01:43,052 [pool-569-thread-1] INFO  storage.RaftStorageDirectory (RaftStorageDirectory.java:tryLock(328)) - Lock on /workdir/hadoop-ozone/integration-test/target/test-dir/MiniOzoneClusterImpl-3996cdb0-1c67-461d-8979-130917cb6d41/datanode-6/data/ratis/45c7ae15-3b92-4691-af70-29eb60817f72/in_use.lock acquired by nodename 10124@pr-hdds-2071-fmvlq-2762171947
2019-10-07 12:01:43,066 [pool-569-thread-1] INFO  storage.RaftStorage (RaftStorage.java:format(84)) - Storage directory /workdir/hadoop-ozone/integration-test/target/test-dir/MiniOzoneClusterImpl-3996cdb0-1c67-461d-8979-130917cb6d41/datanode-6/data/ratis/45c7ae15-3b92-4691-af70-29eb60817f72 has been successfully formatted.
2019-10-07 12:01:43,066 [pool-569-thread-1] INFO  ratis.ContainerStateMachine (ContainerStateMachine.java:loadSnapshot(231)) - group-29EB60817F72: The snapshot info is null. Setting the last applied indexto:(t:0, i:~)
2019-10-07 12:01:43,067 [pool-569-thread-1] INFO  server.RaftServerConfigKeys (ConfUtils.java:logGet(43)) - raft.server.notification.no-leader.timeout = 120s (custom)
2019-10-07 12:01:43,067 [pool-569-thread-1] INFO  server.RaftServerConfigKeys (ConfUtils.java:logGet(43)) - raft.server.log.use.memory = false (default)
2019-10-07 12:01:43,067 [pool-569-thread-1] INFO  server.RaftServerConfigKeys (ConfUtils.java:logGet(43)) - raft.server.log.purge.gap = 1000000 (custom)
2019-10-07 12:01:43,067 [pool-569-thread-1] INFO  server.RaftServerConfigKeys (ConfUtils.java:logGet(43)) - raft.server.log.appender.buffer.byte-limit = 33554432 (custom)
2019-10-07 12:01:43,067 [pool-569-thread-1] INFO  server.RaftServerConfigKeys (ConfUtils.java:logGet(43)) - raft.server.log.segment.size.max = 1048576 (custom)
2019-10-07 12:01:43,069 [pool-569-thread-1] INFO  server.RaftServerConfigKeys (ConfUtils.java:logGet(43)) - raft.server.log.segment.cache.num.max = 2 (custom)
2019-10-07 12:01:43,070 [pool-569-thread-1] INFO  segmented.SegmentedRaftLogWorker (SegmentedRaftLogWorker.java:<init>(173)) - new f273724d-798c-4ad2-8d41-52aa1480ea33@group-29EB60817F72-SegmentedRaftLogWorker for RaftStorage:Storage Directory /workdir/hadoop-ozone/integration-test/target/test-dir/MiniOzoneClusterImpl-3996cdb0-1c67-461d-8979-130917cb6d41/datanode-6/data/ratis/45c7ae15-3b92-4691-af70-29eb60817f72
2019-10-07 12:01:43,070 [pool-569-thread-1] INFO  server.RaftServerConfigKeys (ConfUtils.java:logGet(43)) - raft.server.log.queue.byte-limit = 2147483647 (custom)
2019-10-07 12:01:43,070 [pool-569-thread-1] INFO  server.RaftServerConfigKeys (ConfUtils.java:logGet(43)) - raft.server.log.queue.element-limit = 1024 (custom)
2019-10-07 12:01:43,070 [pool-569-thread-1] INFO  server.RaftServerConfigKeys (ConfUtils.java:logGet(43)) - raft.server.log.segment.size.max = 1048576 (custom)
2019-10-07 12:01:43,070 [pool-569-thread-1] INFO  server.RaftServerConfigKeys (ConfUtils.java:logGet(43)) - raft.server.log.preallocated.size = 16384 (custom)
2019-10-07 12:01:43,070 [pool-569-thread-1] INFO  server.RaftServerConfigKeys (ConfUtils.java:logGet(43)) - raft.server.log.write.buffer.size = 33554432 (custom)
2019-10-07 12:01:43,070 [pool-569-thread-1] INFO  server.RaftServerConfigKeys (ConfUtils.java:logGet(43)) - raft.server.log.force.sync.num = 128 (default)
2019-10-07 12:01:43,070 [pool-569-thread-1] INFO  server.RaftServerConfigKeys (ConfUtils.java:logGet(43)) - raft.server.log.statemachine.data.sync = true (default)
2019-10-07 12:01:43,071 [pool-569-thread-1] INFO  server.RaftServerConfigKeys (ConfUtils.java:logGet(43)) - raft.server.log.statemachine.data.sync.timeout = 10s (default)
2019-10-07 12:01:43,071 [pool-569-thread-1] INFO  server.RaftServerConfigKeys (ConfUtils.java:logGet(43)) - raft.server.log.statemachine.data.sync.timeout.retry = -1 (default)
2019-10-07 12:01:43,071 [pool-569-thread-1] INFO  server.RaftServerConfigKeys (ConfUtils.java:logGet(43)) - raft.server.log.statemachine.data.caching.enabled = true (custom)
2019-10-07 12:01:43,071 [pool-569-thread-1] INFO  segmented.SegmentedRaftLogWorker (SegmentedRaftLogWorker.java:lambda$new$0(128)) - f273724d-798c-4ad2-8d41-52aa1480ea33@group-29EB60817F72-SegmentedRaftLogWorker: flushIndex: setUnconditionally 0 -> -1
2019-10-07 12:01:43,072 [pool-569-thread-1] INFO  server.RaftServerConfigKeys (ConfUtils.java:logGet(43)) - raft.server.snapshot.auto.trigger.enabled = true (custom)
2019-10-07 12:01:43,072 [pool-569-thread-1] INFO  server.RaftServerConfigKeys (ConfUtils.java:logGet(43)) - raft.server.snapshot.auto.trigger.threshold = 10000 (custom)
2019-10-07 12:01:43,072 [pool-569-thread-1] INFO  server.RaftServerConfigKeys (ConfUtils.java:logGet(43)) - raft.server.snapshot.retention.file.num = 5 (custom)
2019-10-07 12:01:43,072 [pool-569-thread-1] INFO  server.RaftServerConfigKeys (ConfUtils.java:logGet(43)) - raft.server.retrycache.expirytime = 600000ms (custom)
2019-10-07 12:01:43,073 [pool-569-thread-1] INFO  impl.RaftServerImpl (RaftServerImpl.java:start(181)) - f273724d-798c-4ad2-8d41-52aa1480ea33@group-29EB60817F72: start as a follower, conf=-1: [f273724d-798c-4ad2-8d41-52aa1480ea33:192.168.30.26:37581], old=null
2019-10-07 12:01:43,074 [pool-569-thread-1] INFO  impl.RaftServerImpl (RaftServerImpl.java:setRole(170)) - f273724d-798c-4ad2-8d41-52aa1480ea33@group-29EB60817F72: changes role from      null to FOLLOWER at term 0 for startAsFollower
2019-10-07 12:01:43,074 [pool-569-thread-1] INFO  impl.RoleInfo (RoleInfo.java:updateAndGet(143)) - f273724d-798c-4ad2-8d41-52aa1480ea33: start FollowerState
2019-10-07 12:01:43,074 [pool-569-thread-1] INFO  util.JmxRegister (JmxRegister.java:tryRegister(44)) - Successfully registered JMX Bean with object name Ratis:service=RaftServer,group=group-29EB60817F72,id=f273724d-798c-4ad2-8d41-52aa1480ea33
2019-10-07 12:01:43,080 [RatisPipelineUtilsThread] INFO  pipeline.PipelineStateManager (PipelineStateManager.java:addPipeline(56)) - Created pipeline Pipeline[ Id: 45c7ae15-3b92-4691-af70-29eb60817f72, Nodes: f273724d-798c-4ad2-8d41-52aa1480ea33{ip: 192.168.30.26, host: pr-hdds-2071-fmvlq-2762171947, networkLocation: /rack1, certSerialId: null}, Type:RATIS, Factor:ONE, State:OPEN]
2019-10-07 12:01:43,089 [grpc-default-executor-10] INFO  impl.RaftServerProxy (RaftServerProxy.java:addNew(89)) - 36acb61b-05f2-4e48-b1a6-804a8e695824: addNew group-5092E214CC74:[36acb61b-05f2-4e48-b1a6-804a8e695824:192.168.30.26:33929] returns group-5092E214CC74:java.util.concurrent.CompletableFuture@43054a2d[Not completed]
2019-10-07 12:01:43,090 [pool-579-thread-1] INFO  impl.RaftServerImpl (RaftServerImpl.java:<init>(95)) - 36acb61b-05f2-4e48-b1a6-804a8e695824: new RaftServerImpl for group-5092E214CC74:[36acb61b-05f2-4e48-b1a6-804a8e695824:192.168.30.26:33929] with ContainerStateMachine:uninitialized
2019-10-07 12:01:43,090 [pool-579-thread-1] INFO  server.RaftServerConfigKeys (ConfUtils.java:logGet(43)) - raft.server.rpc.timeout.min = 1s (custom)
2019-10-07 12:01:43,090 [pool-579-thread-1] INFO  server.RaftServerConfigKeys (ConfUtils.java:logGet(43)) - raft.server.rpc.timeout.max = 1200ms (custom)
2019-10-07 12:01:43,090 [pool-579-thread-1] INFO  server.RaftServerConfigKeys (ConfUtils.java:logGet(43)) - raft.server.rpcslowness.timeout = 120s (custom)
2019-10-07 12:01:43,090 [pool-579-thread-1] INFO  server.RaftServerConfigKeys (ConfUtils.java:logGet(43)) - raft.server.sleep.deviation.threshold = 300 (default)
2019-10-07 12:01:43,090 [pool-579-thread-1] INFO  server.RaftServerConfigKeys (ConfUtils.java:logGet(43)) - raft.server.log.appender.install.snapshot.enabled = false (custom)
2019-10-07 12:01:43,090 [pool-579-thread-1] INFO  impl.RaftServerImpl (ServerState.java:<init>(103)) - 36acb61b-05f2-4e48-b1a6-804a8e695824@group-5092E214CC74: ConfigurationManager, init=-1: [36acb61b-05f2-4e48-b1a6-804a8e695824:192.168.30.26:33929], old=null, confs=<EMPTY_MAP>
2019-10-07 12:01:43,090 [pool-579-thread-1] INFO  server.RaftServerConfigKeys (ConfUtils.java:logGet(43)) - raft.server.storage.dir = [/workdir/hadoop-ozone/integration-test/target/test-dir/MiniOzoneClusterImpl-3996cdb0-1c67-461d-8979-130917cb6d41/datanode-7/data/ratis] (custom)
2019-10-07 12:01:43,091 [pool-579-thread-1] INFO  server.RaftServerConfigKeys (ConfUtils.java:logGet(43)) - raft.server.log.corruption.policy = EXCEPTION (default)
2019-10-07 12:01:43,091 [pool-579-thread-1] INFO  storage.RaftStorageDirectory (RaftStorageDirectory.java:analyzeStorage(246)) - The storage directory /workdir/hadoop-ozone/integration-test/target/test-dir/MiniOzoneClusterImpl-3996cdb0-1c67-461d-8979-130917cb6d41/datanode-7/data/ratis/ce3a536a-88af-41ad-add1-5092e214cc74 does not exist. Creating ...
2019-10-07 12:01:43,092 [IPC Server handler 3 on 44254] INFO  net.NetworkTopology (NetworkTopologyImpl.java:add(111)) - Added a new node: /rack1/dbe9d5b3-671c-49b9-b95c-28ee3dd5e12c
2019-10-07 12:01:43,092 [IPC Server handler 3 on 44254] INFO  node.SCMNodeManager (SCMNodeManager.java:register(267)) - Registered Data node : dbe9d5b3-671c-49b9-b95c-28ee3dd5e12c{ip: 192.168.30.26, host: pr-hdds-2071-fmvlq-2762171947, networkLocation: /rack1, certSerialId: null}
2019-10-07 12:01:43,104 [pool-579-thread-1] INFO  storage.RaftStorageDirectory (RaftStorageDirectory.java:tryLock(328)) - Lock on /workdir/hadoop-ozone/integration-test/target/test-dir/MiniOzoneClusterImpl-3996cdb0-1c67-461d-8979-130917cb6d41/datanode-7/data/ratis/ce3a536a-88af-41ad-add1-5092e214cc74/in_use.lock acquired by nodename 10124@pr-hdds-2071-fmvlq-2762171947
2019-10-07 12:01:43,117 [pool-579-thread-1] INFO  storage.RaftStorage (RaftStorage.java:format(84)) - Storage directory /workdir/hadoop-ozone/integration-test/target/test-dir/MiniOzoneClusterImpl-3996cdb0-1c67-461d-8979-130917cb6d41/datanode-7/data/ratis/ce3a536a-88af-41ad-add1-5092e214cc74 has been successfully formatted.
2019-10-07 12:01:43,117 [pool-579-thread-1] INFO  ratis.ContainerStateMachine (ContainerStateMachine.java:loadSnapshot(231)) - group-5092E214CC74: The snapshot info is null. Setting the last applied indexto:(t:0, i:~)
2019-10-07 12:01:43,118 [pool-579-thread-1] INFO  server.RaftServerConfigKeys (ConfUtils.java:logGet(43)) - raft.server.notification.no-leader.timeout = 120s (custom)
2019-10-07 12:01:43,118 [pool-579-thread-1] INFO  server.RaftServerConfigKeys (ConfUtils.java:logGet(43)) - raft.server.log.use.memory = false (default)
2019-10-07 12:01:43,118 [pool-579-thread-1] INFO  server.RaftServerConfigKeys (ConfUtils.java:logGet(43)) - raft.server.log.purge.gap = 1000000 (custom)
2019-10-07 12:01:43,118 [pool-579-thread-1] INFO  server.RaftServerConfigKeys (ConfUtils.java:logGet(43)) - raft.server.log.appender.buffer.byte-limit = 33554432 (custom)
2019-10-07 12:01:43,118 [pool-579-thread-1] INFO  server.RaftServerConfigKeys (ConfUtils.java:logGet(43)) - raft.server.log.segment.size.max = 1048576 (custom)
2019-10-07 12:01:43,119 [pool-579-thread-1] INFO  server.RaftServerConfigKeys (ConfUtils.java:logGet(43)) - raft.server.log.segment.cache.num.max = 2 (custom)
2019-10-07 12:01:43,119 [pool-579-thread-1] INFO  segmented.SegmentedRaftLogWorker (SegmentedRaftLogWorker.java:<init>(173)) - new 36acb61b-05f2-4e48-b1a6-804a8e695824@group-5092E214CC74-SegmentedRaftLogWorker for RaftStorage:Storage Directory /workdir/hadoop-ozone/integration-test/target/test-dir/MiniOzoneClusterImpl-3996cdb0-1c67-461d-8979-130917cb6d41/datanode-7/data/ratis/ce3a536a-88af-41ad-add1-5092e214cc74
2019-10-07 12:01:43,119 [pool-579-thread-1] INFO  server.RaftServerConfigKeys (ConfUtils.java:logGet(43)) - raft.server.log.queue.byte-limit = 2147483647 (custom)
2019-10-07 12:01:43,119 [pool-579-thread-1] INFO  server.RaftServerConfigKeys (ConfUtils.java:logGet(43)) - raft.server.log.queue.element-limit = 1024 (custom)
2019-10-07 12:01:43,120 [pool-579-thread-1] INFO  server.RaftServerConfigKeys (ConfUtils.java:logGet(43)) - raft.server.log.segment.size.max = 1048576 (custom)
2019-10-07 12:01:43,120 [pool-579-thread-1] INFO  server.RaftServerConfigKeys (ConfUtils.java:logGet(43)) - raft.server.log.preallocated.size = 16384 (custom)
2019-10-07 12:01:43,120 [pool-579-thread-1] INFO  server.RaftServerConfigKeys (ConfUtils.java:logGet(43)) - raft.server.log.write.buffer.size = 33554432 (custom)
2019-10-07 12:01:43,120 [pool-579-thread-1] INFO  server.RaftServerConfigKeys (ConfUtils.java:logGet(43)) - raft.server.log.force.sync.num = 128 (default)
2019-10-07 12:01:43,120 [pool-579-thread-1] INFO  server.RaftServerConfigKeys (ConfUtils.java:logGet(43)) - raft.server.log.statemachine.data.sync = true (default)
2019-10-07 12:01:43,120 [pool-579-thread-1] INFO  server.RaftServerConfigKeys (ConfUtils.java:logGet(43)) - raft.server.log.statemachine.data.sync.timeout = 10s (default)
2019-10-07 12:01:43,120 [pool-579-thread-1] INFO  server.RaftServerConfigKeys (ConfUtils.java:logGet(43)) - raft.server.log.statemachine.data.sync.timeout.retry = -1 (default)
2019-10-07 12:01:43,120 [pool-579-thread-1] INFO  server.RaftServerConfigKeys (ConfUtils.java:logGet(43)) - raft.server.log.statemachine.data.caching.enabled = true (custom)
2019-10-07 12:01:43,120 [pool-579-thread-1] INFO  segmented.SegmentedRaftLogWorker (SegmentedRaftLogWorker.java:lambda$new$0(128)) - 36acb61b-05f2-4e48-b1a6-804a8e695824@group-5092E214CC74-SegmentedRaftLogWorker: flushIndex: setUnconditionally 0 -> -1
2019-10-07 12:01:43,121 [pool-579-thread-1] INFO  server.RaftServerConfigKeys (ConfUtils.java:logGet(43)) - raft.server.snapshot.auto.trigger.enabled = true (custom)
2019-10-07 12:01:43,121 [pool-579-thread-1] INFO  server.RaftServerConfigKeys (ConfUtils.java:logGet(43)) - raft.server.snapshot.auto.trigger.threshold = 10000 (custom)
2019-10-07 12:01:43,121 [pool-579-thread-1] INFO  server.RaftServerConfigKeys (ConfUtils.java:logGet(43)) - raft.server.snapshot.retention.file.num = 5 (custom)
2019-10-07 12:01:43,121 [pool-579-thread-1] INFO  server.RaftServerConfigKeys (ConfUtils.java:logGet(43)) - raft.server.retrycache.expirytime = 600000ms (custom)
2019-10-07 12:01:43,122 [pool-579-thread-1] INFO  impl.RaftServerImpl (RaftServerImpl.java:start(181)) - 36acb61b-05f2-4e48-b1a6-804a8e695824@group-5092E214CC74: start as a follower, conf=-1: [36acb61b-05f2-4e48-b1a6-804a8e695824:192.168.30.26:33929], old=null
2019-10-07 12:01:43,122 [pool-579-thread-1] INFO  impl.RaftServerImpl (RaftServerImpl.java:setRole(170)) - 36acb61b-05f2-4e48-b1a6-804a8e695824@group-5092E214CC74: changes role from      null to FOLLOWER at term 0 for startAsFollower
2019-10-07 12:01:43,122 [pool-579-thread-1] INFO  impl.RoleInfo (RoleInfo.java:updateAndGet(143)) - 36acb61b-05f2-4e48-b1a6-804a8e695824: start FollowerState
2019-10-07 12:01:43,123 [pool-579-thread-1] INFO  util.JmxRegister (JmxRegister.java:tryRegister(44)) - Successfully registered JMX Bean with object name Ratis:service=RaftServer,group=group-5092E214CC74,id=36acb61b-05f2-4e48-b1a6-804a8e695824
2019-10-07 12:01:43,125 [RatisPipelineUtilsThread] INFO  pipeline.PipelineStateManager (PipelineStateManager.java:addPipeline(56)) - Created pipeline Pipeline[ Id: ce3a536a-88af-41ad-add1-5092e214cc74, Nodes: 36acb61b-05f2-4e48-b1a6-804a8e695824{ip: 192.168.30.26, host: pr-hdds-2071-fmvlq-2762171947, networkLocation: /rack1, certSerialId: null}, Type:RATIS, Factor:ONE, State:OPEN]
2019-10-07 12:01:43,142 [grpc-default-executor-10] INFO  impl.RaftServerProxy (RaftServerProxy.java:addNew(89)) - dbe9d5b3-671c-49b9-b95c-28ee3dd5e12c: addNew group-1FDA752794CC:[dbe9d5b3-671c-49b9-b95c-28ee3dd5e12c:192.168.30.26:38963] returns group-1FDA752794CC:java.util.concurrent.CompletableFuture@1c01f91d[Not completed]
2019-10-07 12:01:43,142 [pool-589-thread-1] INFO  impl.RaftServerImpl (RaftServerImpl.java:<init>(95)) - dbe9d5b3-671c-49b9-b95c-28ee3dd5e12c: new RaftServerImpl for group-1FDA752794CC:[dbe9d5b3-671c-49b9-b95c-28ee3dd5e12c:192.168.30.26:38963] with ContainerStateMachine:uninitialized
2019-10-07 12:01:43,143 [pool-589-thread-1] INFO  server.RaftServerConfigKeys (ConfUtils.java:logGet(43)) - raft.server.rpc.timeout.min = 1s (custom)
2019-10-07 12:01:43,143 [pool-589-thread-1] INFO  server.RaftServerConfigKeys (ConfUtils.java:logGet(43)) - raft.server.rpc.timeout.max = 1200ms (custom)
2019-10-07 12:01:43,143 [pool-589-thread-1] INFO  server.RaftServerConfigKeys (ConfUtils.java:logGet(43)) - raft.server.rpcslowness.timeout = 120s (custom)
2019-10-07 12:01:43,143 [pool-589-thread-1] INFO  server.RaftServerConfigKeys (ConfUtils.java:logGet(43)) - raft.server.sleep.deviation.threshold = 300 (default)
2019-10-07 12:01:43,143 [pool-589-thread-1] INFO  server.RaftServerConfigKeys (ConfUtils.java:logGet(43)) - raft.server.log.appender.install.snapshot.enabled = false (custom)
2019-10-07 12:01:43,143 [pool-589-thread-1] INFO  impl.RaftServerImpl (ServerState.java:<init>(103)) - dbe9d5b3-671c-49b9-b95c-28ee3dd5e12c@group-1FDA752794CC: ConfigurationManager, init=-1: [dbe9d5b3-671c-49b9-b95c-28ee3dd5e12c:192.168.30.26:38963], old=null, confs=<EMPTY_MAP>
2019-10-07 12:01:43,143 [pool-589-thread-1] INFO  server.RaftServerConfigKeys (ConfUtils.java:logGet(43)) - raft.server.storage.dir = [/workdir/hadoop-ozone/integration-test/target/test-dir/MiniOzoneClusterImpl-3996cdb0-1c67-461d-8979-130917cb6d41/datanode-8/data/ratis] (custom)
2019-10-07 12:01:43,143 [pool-589-thread-1] INFO  server.RaftServerConfigKeys (ConfUtils.java:logGet(43)) - raft.server.log.corruption.policy = EXCEPTION (default)
2019-10-07 12:01:43,143 [pool-589-thread-1] INFO  storage.RaftStorageDirectory (RaftStorageDirectory.java:analyzeStorage(246)) - The storage directory /workdir/hadoop-ozone/integration-test/target/test-dir/MiniOzoneClusterImpl-3996cdb0-1c67-461d-8979-130917cb6d41/datanode-8/data/ratis/eba2d6a9-df18-4249-8207-1fda752794cc does not exist. Creating ...
2019-10-07 12:01:43,156 [pool-589-thread-1] INFO  storage.RaftStorageDirectory (RaftStorageDirectory.java:tryLock(328)) - Lock on /workdir/hadoop-ozone/integration-test/target/test-dir/MiniOzoneClusterImpl-3996cdb0-1c67-461d-8979-130917cb6d41/datanode-8/data/ratis/eba2d6a9-df18-4249-8207-1fda752794cc/in_use.lock acquired by nodename 10124@pr-hdds-2071-fmvlq-2762171947
2019-10-07 12:01:43,169 [pool-589-thread-1] INFO  storage.RaftStorage (RaftStorage.java:format(84)) - Storage directory /workdir/hadoop-ozone/integration-test/target/test-dir/MiniOzoneClusterImpl-3996cdb0-1c67-461d-8979-130917cb6d41/datanode-8/data/ratis/eba2d6a9-df18-4249-8207-1fda752794cc has been successfully formatted.
2019-10-07 12:01:43,169 [pool-589-thread-1] INFO  ratis.ContainerStateMachine (ContainerStateMachine.java:loadSnapshot(231)) - group-1FDA752794CC: The snapshot info is null. Setting the last applied indexto:(t:0, i:~)
2019-10-07 12:01:43,169 [pool-589-thread-1] INFO  server.RaftServerConfigKeys (ConfUtils.java:logGet(43)) - raft.server.notification.no-leader.timeout = 120s (custom)
2019-10-07 12:01:43,169 [pool-589-thread-1] INFO  server.RaftServerConfigKeys (ConfUtils.java:logGet(43)) - raft.server.log.use.memory = false (default)
2019-10-07 12:01:43,170 [pool-589-thread-1] INFO  server.RaftServerConfigKeys (ConfUtils.java:logGet(43)) - raft.server.log.purge.gap = 1000000 (custom)
2019-10-07 12:01:43,170 [pool-589-thread-1] INFO  server.RaftServerConfigKeys (ConfUtils.java:logGet(43)) - raft.server.log.appender.buffer.byte-limit = 33554432 (custom)
2019-10-07 12:01:43,170 [pool-589-thread-1] INFO  server.RaftServerConfigKeys (ConfUtils.java:logGet(43)) - raft.server.log.segment.size.max = 1048576 (custom)
2019-10-07 12:01:43,171 [pool-589-thread-1] INFO  server.RaftServerConfigKeys (ConfUtils.java:logGet(43)) - raft.server.log.segment.cache.num.max = 2 (custom)
2019-10-07 12:01:43,172 [pool-589-thread-1] INFO  segmented.SegmentedRaftLogWorker (SegmentedRaftLogWorker.java:<init>(173)) - new dbe9d5b3-671c-49b9-b95c-28ee3dd5e12c@group-1FDA752794CC-SegmentedRaftLogWorker for RaftStorage:Storage Directory /workdir/hadoop-ozone/integration-test/target/test-dir/MiniOzoneClusterImpl-3996cdb0-1c67-461d-8979-130917cb6d41/datanode-8/data/ratis/eba2d6a9-df18-4249-8207-1fda752794cc
2019-10-07 12:01:43,172 [pool-589-thread-1] INFO  server.RaftServerConfigKeys (ConfUtils.java:logGet(43)) - raft.server.log.queue.byte-limit = 2147483647 (custom)
2019-10-07 12:01:43,172 [pool-589-thread-1] INFO  server.RaftServerConfigKeys (ConfUtils.java:logGet(43)) - raft.server.log.queue.element-limit = 1024 (custom)
2019-10-07 12:01:43,172 [pool-589-thread-1] INFO  server.RaftServerConfigKeys (ConfUtils.java:logGet(43)) - raft.server.log.segment.size.max = 1048576 (custom)
2019-10-07 12:01:43,172 [pool-589-thread-1] INFO  server.RaftServerConfigKeys (ConfUtils.java:logGet(43)) - raft.server.log.preallocated.size = 16384 (custom)
2019-10-07 12:01:43,172 [pool-589-thread-1] INFO  server.RaftServerConfigKeys (ConfUtils.java:logGet(43)) - raft.server.log.write.buffer.size = 33554432 (custom)
2019-10-07 12:01:43,172 [pool-589-thread-1] INFO  server.RaftServerConfigKeys (ConfUtils.java:logGet(43)) - raft.server.log.force.sync.num = 128 (default)
2019-10-07 12:01:43,172 [pool-589-thread-1] INFO  server.RaftServerConfigKeys (ConfUtils.java:logGet(43)) - raft.server.log.statemachine.data.sync = true (default)
2019-10-07 12:01:43,173 [pool-589-thread-1] INFO  server.RaftServerConfigKeys (ConfUtils.java:logGet(43)) - raft.server.log.statemachine.data.sync.timeout = 10s (default)
2019-10-07 12:01:43,173 [pool-589-thread-1] INFO  server.RaftServerConfigKeys (ConfUtils.java:logGet(43)) - raft.server.log.statemachine.data.sync.timeout.retry = -1 (default)
2019-10-07 12:01:43,173 [pool-589-thread-1] INFO  server.RaftServerConfigKeys (ConfUtils.java:logGet(43)) - raft.server.log.statemachine.data.caching.enabled = true (custom)
2019-10-07 12:01:43,173 [pool-589-thread-1] INFO  segmented.SegmentedRaftLogWorker (SegmentedRaftLogWorker.java:lambda$new$0(128)) - dbe9d5b3-671c-49b9-b95c-28ee3dd5e12c@group-1FDA752794CC-SegmentedRaftLogWorker: flushIndex: setUnconditionally 0 -> -1
2019-10-07 12:01:43,174 [pool-589-thread-1] INFO  server.RaftServerConfigKeys (ConfUtils.java:logGet(43)) - raft.server.snapshot.auto.trigger.enabled = true (custom)
2019-10-07 12:01:43,174 [pool-589-thread-1] INFO  server.RaftServerConfigKeys (ConfUtils.java:logGet(43)) - raft.server.snapshot.auto.trigger.threshold = 10000 (custom)
2019-10-07 12:01:43,174 [pool-589-thread-1] INFO  server.RaftServerConfigKeys (ConfUtils.java:logGet(43)) - raft.server.snapshot.retention.file.num = 5 (custom)
2019-10-07 12:01:43,174 [pool-589-thread-1] INFO  server.RaftServerConfigKeys (ConfUtils.java:logGet(43)) - raft.server.retrycache.expirytime = 600000ms (custom)
2019-10-07 12:01:43,175 [pool-589-thread-1] INFO  impl.RaftServerImpl (RaftServerImpl.java:start(181)) - dbe9d5b3-671c-49b9-b95c-28ee3dd5e12c@group-1FDA752794CC: start as a follower, conf=-1: [dbe9d5b3-671c-49b9-b95c-28ee3dd5e12c:192.168.30.26:38963], old=null
2019-10-07 12:01:43,175 [pool-589-thread-1] INFO  impl.RaftServerImpl (RaftServerImpl.java:setRole(170)) - dbe9d5b3-671c-49b9-b95c-28ee3dd5e12c@group-1FDA752794CC: changes role from      null to FOLLOWER at term 0 for startAsFollower
2019-10-07 12:01:43,176 [pool-589-thread-1] INFO  impl.RoleInfo (RoleInfo.java:updateAndGet(143)) - dbe9d5b3-671c-49b9-b95c-28ee3dd5e12c: start FollowerState
2019-10-07 12:01:43,176 [pool-589-thread-1] INFO  util.JmxRegister (JmxRegister.java:tryRegister(44)) - Successfully registered JMX Bean with object name Ratis:service=RaftServer,group=group-1FDA752794CC,id=dbe9d5b3-671c-49b9-b95c-28ee3dd5e12c
2019-10-07 12:01:43,179 [RatisPipelineUtilsThread] INFO  pipeline.PipelineStateManager (PipelineStateManager.java:addPipeline(56)) - Created pipeline Pipeline[ Id: eba2d6a9-df18-4249-8207-1fda752794cc, Nodes: dbe9d5b3-671c-49b9-b95c-28ee3dd5e12c{ip: 192.168.30.26, host: pr-hdds-2071-fmvlq-2762171947, networkLocation: /rack1, certSerialId: null}, Type:RATIS, Factor:ONE, State:OPEN]
2019-10-07 12:01:43,193 [grpc-default-executor-9] INFO  impl.RaftServerProxy (RaftServerProxy.java:addNew(89)) - f273724d-798c-4ad2-8d41-52aa1480ea33: addNew group-8EBE8B731ECD:[dbe9d5b3-671c-49b9-b95c-28ee3dd5e12c:192.168.30.26:38963, 36acb61b-05f2-4e48-b1a6-804a8e695824:192.168.30.26:33929, f273724d-798c-4ad2-8d41-52aa1480ea33:192.168.30.26:37581] returns group-8EBE8B731ECD:java.util.concurrent.CompletableFuture@501ef9b6[Not completed]
2019-10-07 12:01:43,195 [grpc-default-executor-7] INFO  impl.RaftServerProxy (RaftServerProxy.java:addNew(89)) - dbe9d5b3-671c-49b9-b95c-28ee3dd5e12c: addNew group-8EBE8B731ECD:[dbe9d5b3-671c-49b9-b95c-28ee3dd5e12c:192.168.30.26:38963, 36acb61b-05f2-4e48-b1a6-804a8e695824:192.168.30.26:33929, f273724d-798c-4ad2-8d41-52aa1480ea33:192.168.30.26:37581] returns group-8EBE8B731ECD:java.util.concurrent.CompletableFuture@59bed74a[Not completed]
2019-10-07 12:01:43,195 [grpc-default-executor-10] INFO  impl.RaftServerProxy (RaftServerProxy.java:addNew(89)) - 36acb61b-05f2-4e48-b1a6-804a8e695824: addNew group-8EBE8B731ECD:[dbe9d5b3-671c-49b9-b95c-28ee3dd5e12c:192.168.30.26:38963, 36acb61b-05f2-4e48-b1a6-804a8e695824:192.168.30.26:33929, f273724d-798c-4ad2-8d41-52aa1480ea33:192.168.30.26:37581] returns group-8EBE8B731ECD:java.util.concurrent.CompletableFuture@47a240f8[Not completed]
2019-10-07 12:01:43,196 [pool-569-thread-1] INFO  impl.RaftServerImpl (RaftServerImpl.java:<init>(95)) - f273724d-798c-4ad2-8d41-52aa1480ea33: new RaftServerImpl for group-8EBE8B731ECD:[dbe9d5b3-671c-49b9-b95c-28ee3dd5e12c:192.168.30.26:38963, 36acb61b-05f2-4e48-b1a6-804a8e695824:192.168.30.26:33929, f273724d-798c-4ad2-8d41-52aa1480ea33:192.168.30.26:37581] with ContainerStateMachine:uninitialized
2019-10-07 12:01:43,196 [pool-569-thread-1] INFO  server.RaftServerConfigKeys (ConfUtils.java:logGet(43)) - raft.server.rpc.timeout.min = 1s (custom)
2019-10-07 12:01:43,196 [pool-569-thread-1] INFO  server.RaftServerConfigKeys (ConfUtils.java:logGet(43)) - raft.server.rpc.timeout.max = 1200ms (custom)
2019-10-07 12:01:43,196 [pool-569-thread-1] INFO  server.RaftServerConfigKeys (ConfUtils.java:logGet(43)) - raft.server.rpcslowness.timeout = 120s (custom)
2019-10-07 12:01:43,197 [pool-579-thread-1] INFO  impl.RaftServerImpl (RaftServerImpl.java:<init>(95)) - 36acb61b-05f2-4e48-b1a6-804a8e695824: new RaftServerImpl for group-8EBE8B731ECD:[dbe9d5b3-671c-49b9-b95c-28ee3dd5e12c:192.168.30.26:38963, 36acb61b-05f2-4e48-b1a6-804a8e695824:192.168.30.26:33929, f273724d-798c-4ad2-8d41-52aa1480ea33:192.168.30.26:37581] with ContainerStateMachine:uninitialized
2019-10-07 12:01:43,197 [pool-569-thread-1] INFO  server.RaftServerConfigKeys (ConfUtils.java:logGet(43)) - raft.server.sleep.deviation.threshold = 300 (default)
2019-10-07 12:01:43,197 [pool-579-thread-1] INFO  server.RaftServerConfigKeys (ConfUtils.java:logGet(43)) - raft.server.rpc.timeout.min = 1s (custom)
2019-10-07 12:01:43,197 [pool-569-thread-1] INFO  server.RaftServerConfigKeys (ConfUtils.java:logGet(43)) - raft.server.log.appender.install.snapshot.enabled = false (custom)
2019-10-07 12:01:43,197 [pool-579-thread-1] INFO  server.RaftServerConfigKeys (ConfUtils.java:logGet(43)) - raft.server.rpc.timeout.max = 1200ms (custom)
2019-10-07 12:01:43,197 [pool-589-thread-1] INFO  impl.RaftServerImpl (RaftServerImpl.java:<init>(95)) - dbe9d5b3-671c-49b9-b95c-28ee3dd5e12c: new RaftServerImpl for group-8EBE8B731ECD:[dbe9d5b3-671c-49b9-b95c-28ee3dd5e12c:192.168.30.26:38963, 36acb61b-05f2-4e48-b1a6-804a8e695824:192.168.30.26:33929, f273724d-798c-4ad2-8d41-52aa1480ea33:192.168.30.26:37581] with ContainerStateMachine:uninitialized
2019-10-07 12:01:43,197 [pool-579-thread-1] INFO  server.RaftServerConfigKeys (ConfUtils.java:logGet(43)) - raft.server.rpcslowness.timeout = 120s (custom)
2019-10-07 12:01:43,197 [pool-569-thread-1] INFO  impl.RaftServerImpl (ServerState.java:<init>(103)) - f273724d-798c-4ad2-8d41-52aa1480ea33@group-8EBE8B731ECD: ConfigurationManager, init=-1: [dbe9d5b3-671c-49b9-b95c-28ee3dd5e12c:192.168.30.26:38963, 36acb61b-05f2-4e48-b1a6-804a8e695824:192.168.30.26:33929, f273724d-798c-4ad2-8d41-52aa1480ea33:192.168.30.26:37581], old=null, confs=<EMPTY_MAP>
2019-10-07 12:01:43,197 [pool-579-thread-1] INFO  server.RaftServerConfigKeys (ConfUtils.java:logGet(43)) - raft.server.sleep.deviation.threshold = 300 (default)
2019-10-07 12:01:43,197 [pool-589-thread-1] INFO  server.RaftServerConfigKeys (ConfUtils.java:logGet(43)) - raft.server.rpc.timeout.min = 1s (custom)
2019-10-07 12:01:43,198 [pool-579-thread-1] INFO  server.RaftServerConfigKeys (ConfUtils.java:logGet(43)) - raft.server.log.appender.install.snapshot.enabled = false (custom)
2019-10-07 12:01:43,197 [pool-569-thread-1] INFO  server.RaftServerConfigKeys (ConfUtils.java:logGet(43)) - raft.server.storage.dir = [/workdir/hadoop-ozone/integration-test/target/test-dir/MiniOzoneClusterImpl-3996cdb0-1c67-461d-8979-130917cb6d41/datanode-6/data/ratis] (custom)
2019-10-07 12:01:43,198 [pool-579-thread-1] INFO  impl.RaftServerImpl (ServerState.java:<init>(103)) - 36acb61b-05f2-4e48-b1a6-804a8e695824@group-8EBE8B731ECD: ConfigurationManager, init=-1: [dbe9d5b3-671c-49b9-b95c-28ee3dd5e12c:192.168.30.26:38963, 36acb61b-05f2-4e48-b1a6-804a8e695824:192.168.30.26:33929, f273724d-798c-4ad2-8d41-52aa1480ea33:192.168.30.26:37581], old=null, confs=<EMPTY_MAP>
2019-10-07 12:01:43,198 [pool-589-thread-1] INFO  server.RaftServerConfigKeys (ConfUtils.java:logGet(43)) - raft.server.rpc.timeout.max = 1200ms (custom)
2019-10-07 12:01:43,198 [pool-569-thread-1] INFO  server.RaftServerConfigKeys (ConfUtils.java:logGet(43)) - raft.server.log.corruption.policy = EXCEPTION (default)
2019-10-07 12:01:43,198 [pool-579-thread-1] INFO  server.RaftServerConfigKeys (ConfUtils.java:logGet(43)) - raft.server.storage.dir = [/workdir/hadoop-ozone/integration-test/target/test-dir/MiniOzoneClusterImpl-3996cdb0-1c67-461d-8979-130917cb6d41/datanode-7/data/ratis] (custom)
2019-10-07 12:01:43,198 [pool-569-thread-1] INFO  storage.RaftStorageDirectory (RaftStorageDirectory.java:analyzeStorage(246)) - The storage directory /workdir/hadoop-ozone/integration-test/target/test-dir/MiniOzoneClusterImpl-3996cdb0-1c67-461d-8979-130917cb6d41/datanode-6/data/ratis/21235522-6e20-4bf8-bbed-8ebe8b731ecd does not exist. Creating ...
2019-10-07 12:01:43,198 [pool-589-thread-1] INFO  server.RaftServerConfigKeys (ConfUtils.java:logGet(43)) - raft.server.rpcslowness.timeout = 120s (custom)
2019-10-07 12:01:43,198 [pool-579-thread-1] INFO  server.RaftServerConfigKeys (ConfUtils.java:logGet(43)) - raft.server.log.corruption.policy = EXCEPTION (default)
2019-10-07 12:01:43,198 [pool-589-thread-1] INFO  server.RaftServerConfigKeys (ConfUtils.java:logGet(43)) - raft.server.sleep.deviation.threshold = 300 (default)
2019-10-07 12:01:43,199 [pool-579-thread-1] INFO  storage.RaftStorageDirectory (RaftStorageDirectory.java:analyzeStorage(246)) - The storage directory /workdir/hadoop-ozone/integration-test/target/test-dir/MiniOzoneClusterImpl-3996cdb0-1c67-461d-8979-130917cb6d41/datanode-7/data/ratis/21235522-6e20-4bf8-bbed-8ebe8b731ecd does not exist. Creating ...
2019-10-07 12:01:43,199 [pool-589-thread-1] INFO  server.RaftServerConfigKeys (ConfUtils.java:logGet(43)) - raft.server.log.appender.install.snapshot.enabled = false (custom)
2019-10-07 12:01:43,199 [pool-589-thread-1] INFO  impl.RaftServerImpl (ServerState.java:<init>(103)) - dbe9d5b3-671c-49b9-b95c-28ee3dd5e12c@group-8EBE8B731ECD: ConfigurationManager, init=-1: [dbe9d5b3-671c-49b9-b95c-28ee3dd5e12c:192.168.30.26:38963, 36acb61b-05f2-4e48-b1a6-804a8e695824:192.168.30.26:33929, f273724d-798c-4ad2-8d41-52aa1480ea33:192.168.30.26:37581], old=null, confs=<EMPTY_MAP>
2019-10-07 12:01:43,199 [pool-589-thread-1] INFO  server.RaftServerConfigKeys (ConfUtils.java:logGet(43)) - raft.server.storage.dir = [/workdir/hadoop-ozone/integration-test/target/test-dir/MiniOzoneClusterImpl-3996cdb0-1c67-461d-8979-130917cb6d41/datanode-8/data/ratis] (custom)
2019-10-07 12:01:43,199 [pool-589-thread-1] INFO  server.RaftServerConfigKeys (ConfUtils.java:logGet(43)) - raft.server.log.corruption.policy = EXCEPTION (default)
2019-10-07 12:01:43,199 [pool-589-thread-1] INFO  storage.RaftStorageDirectory (RaftStorageDirectory.java:analyzeStorage(246)) - The storage directory /workdir/hadoop-ozone/integration-test/target/test-dir/MiniOzoneClusterImpl-3996cdb0-1c67-461d-8979-130917cb6d41/datanode-8/data/ratis/21235522-6e20-4bf8-bbed-8ebe8b731ecd does not exist. Creating ...
2019-10-07 12:01:43,210 [IPC Server handler 4 on 44254] INFO  net.NetworkTopology (NetworkTopologyImpl.java:add(111)) - Added a new node: /rack1/2448c0a4-60ab-445b-94bb-e14ef8250a87
2019-10-07 12:01:43,211 [IPC Server handler 4 on 44254] INFO  node.SCMNodeManager (SCMNodeManager.java:register(267)) - Registered Data node : 2448c0a4-60ab-445b-94bb-e14ef8250a87{ip: 192.168.30.26, host: pr-hdds-2071-fmvlq-2762171947, networkLocation: /rack1, certSerialId: null}
2019-10-07 12:01:43,211 [main] INFO  ozone.MiniOzoneClusterImpl (MiniOzoneClusterImpl.java:lambda$waitForClusterToBeReady$0(147)) - Cluster is ready. Got 10 of 10 DN Heartbeats.
2019-10-07 12:01:43,212 [pool-569-thread-1] INFO  storage.RaftStorageDirectory (RaftStorageDirectory.java:tryLock(328)) - Lock on /workdir/hadoop-ozone/integration-test/target/test-dir/MiniOzoneClusterImpl-3996cdb0-1c67-461d-8979-130917cb6d41/datanode-6/data/ratis/21235522-6e20-4bf8-bbed-8ebe8b731ecd/in_use.lock acquired by nodename 10124@pr-hdds-2071-fmvlq-2762171947
2019-10-07 12:01:43,212 [pool-579-thread-1] INFO  storage.RaftStorageDirectory (RaftStorageDirectory.java:tryLock(328)) - Lock on /workdir/hadoop-ozone/integration-test/target/test-dir/MiniOzoneClusterImpl-3996cdb0-1c67-461d-8979-130917cb6d41/datanode-7/data/ratis/21235522-6e20-4bf8-bbed-8ebe8b731ecd/in_use.lock acquired by nodename 10124@pr-hdds-2071-fmvlq-2762171947
2019-10-07 12:01:43,212 [pool-589-thread-1] INFO  storage.RaftStorageDirectory (RaftStorageDirectory.java:tryLock(328)) - Lock on /workdir/hadoop-ozone/integration-test/target/test-dir/MiniOzoneClusterImpl-3996cdb0-1c67-461d-8979-130917cb6d41/datanode-8/data/ratis/21235522-6e20-4bf8-bbed-8ebe8b731ecd/in_use.lock acquired by nodename 10124@pr-hdds-2071-fmvlq-2762171947
2019-10-07 12:01:43,219 [pool-569-thread-1] INFO  storage.RaftStorage (RaftStorage.java:format(84)) - Storage directory /workdir/hadoop-ozone/integration-test/target/test-dir/MiniOzoneClusterImpl-3996cdb0-1c67-461d-8979-130917cb6d41/datanode-6/data/ratis/21235522-6e20-4bf8-bbed-8ebe8b731ecd has been successfully formatted.
2019-10-07 12:01:43,221 [pool-589-thread-1] INFO  storage.RaftStorage (RaftStorage.java:format(84)) - Storage directory /workdir/hadoop-ozone/integration-test/target/test-dir/MiniOzoneClusterImpl-3996cdb0-1c67-461d-8979-130917cb6d41/datanode-8/data/ratis/21235522-6e20-4bf8-bbed-8ebe8b731ecd has been successfully formatted.
2019-10-07 12:01:43,221 [pool-579-thread-1] INFO  storage.RaftStorage (RaftStorage.java:format(84)) - Storage directory /workdir/hadoop-ozone/integration-test/target/test-dir/MiniOzoneClusterImpl-3996cdb0-1c67-461d-8979-130917cb6d41/datanode-7/data/ratis/21235522-6e20-4bf8-bbed-8ebe8b731ecd has been successfully formatted.
2019-10-07 12:01:43,221 [pool-589-thread-1] INFO  ratis.ContainerStateMachine (ContainerStateMachine.java:loadSnapshot(231)) - group-8EBE8B731ECD: The snapshot info is null. Setting the last applied indexto:(t:0, i:~)
2019-10-07 12:01:43,221 [pool-569-thread-1] INFO  ratis.ContainerStateMachine (ContainerStateMachine.java:loadSnapshot(231)) - group-8EBE8B731ECD: The snapshot info is null. Setting the last applied indexto:(t:0, i:~)
2019-10-07 12:01:43,221 [pool-589-thread-1] INFO  server.RaftServerConfigKeys (ConfUtils.java:logGet(43)) - raft.server.notification.no-leader.timeout = 120s (custom)
2019-10-07 12:01:43,221 [pool-579-thread-1] INFO  ratis.ContainerStateMachine (ContainerStateMachine.java:loadSnapshot(231)) - group-8EBE8B731ECD: The snapshot info is null. Setting the last applied indexto:(t:0, i:~)
2019-10-07 12:01:43,221 [pool-589-thread-1] INFO  server.RaftServerConfigKeys (ConfUtils.java:logGet(43)) - raft.server.log.use.memory = false (default)
2019-10-07 12:01:43,221 [pool-569-thread-1] INFO  server.RaftServerConfigKeys (ConfUtils.java:logGet(43)) - raft.server.notification.no-leader.timeout = 120s (custom)
2019-10-07 12:01:43,221 [pool-589-thread-1] INFO  server.RaftServerConfigKeys (ConfUtils.java:logGet(43)) - raft.server.log.purge.gap = 1000000 (custom)
2019-10-07 12:01:43,221 [pool-579-thread-1] INFO  server.RaftServerConfigKeys (ConfUtils.java:logGet(43)) - raft.server.notification.no-leader.timeout = 120s (custom)
2019-10-07 12:01:43,221 [pool-589-thread-1] INFO  server.RaftServerConfigKeys (ConfUtils.java:logGet(43)) - raft.server.log.appender.buffer.byte-limit = 33554432 (custom)
2019-10-07 12:01:43,221 [pool-569-thread-1] INFO  server.RaftServerConfigKeys (ConfUtils.java:logGet(43)) - raft.server.log.use.memory = false (default)
2019-10-07 12:01:43,222 [pool-589-thread-1] INFO  server.RaftServerConfigKeys (ConfUtils.java:logGet(43)) - raft.server.log.segment.size.max = 1048576 (custom)
2019-10-07 12:01:43,222 [pool-579-thread-1] INFO  server.RaftServerConfigKeys (ConfUtils.java:logGet(43)) - raft.server.log.use.memory = false (default)
2019-10-07 12:01:43,222 [pool-589-thread-1] INFO  server.RaftServerConfigKeys (ConfUtils.java:logGet(43)) - raft.server.log.segment.cache.num.max = 2 (custom)
2019-10-07 12:01:43,222 [pool-569-thread-1] INFO  server.RaftServerConfigKeys (ConfUtils.java:logGet(43)) - raft.server.log.purge.gap = 1000000 (custom)
2019-10-07 12:01:43,222 [pool-589-thread-1] INFO  segmented.SegmentedRaftLogWorker (SegmentedRaftLogWorker.java:<init>(173)) - new dbe9d5b3-671c-49b9-b95c-28ee3dd5e12c@group-8EBE8B731ECD-SegmentedRaftLogWorker for RaftStorage:Storage Directory /workdir/hadoop-ozone/integration-test/target/test-dir/MiniOzoneClusterImpl-3996cdb0-1c67-461d-8979-130917cb6d41/datanode-8/data/ratis/21235522-6e20-4bf8-bbed-8ebe8b731ecd
2019-10-07 12:01:43,222 [pool-579-thread-1] INFO  server.RaftServerConfigKeys (ConfUtils.java:logGet(43)) - raft.server.log.purge.gap = 1000000 (custom)
2019-10-07 12:01:43,222 [pool-589-thread-1] INFO  server.RaftServerConfigKeys (ConfUtils.java:logGet(43)) - raft.server.log.queue.byte-limit = 2147483647 (custom)
2019-10-07 12:01:43,222 [pool-569-thread-1] INFO  server.RaftServerConfigKeys (ConfUtils.java:logGet(43)) - raft.server.log.appender.buffer.byte-limit = 33554432 (custom)
2019-10-07 12:01:43,222 [pool-589-thread-1] INFO  server.RaftServerConfigKeys (ConfUtils.java:logGet(43)) - raft.server.log.queue.element-limit = 1024 (custom)
2019-10-07 12:01:43,222 [pool-579-thread-1] INFO  server.RaftServerConfigKeys (ConfUtils.java:logGet(43)) - raft.server.log.appender.buffer.byte-limit = 33554432 (custom)
2019-10-07 12:01:43,223 [pool-589-thread-1] INFO  server.RaftServerConfigKeys (ConfUtils.java:logGet(43)) - raft.server.log.segment.size.max = 1048576 (custom)
2019-10-07 12:01:43,222 [pool-569-thread-1] INFO  server.RaftServerConfigKeys (ConfUtils.java:logGet(43)) - raft.server.log.segment.size.max = 1048576 (custom)
2019-10-07 12:01:43,225 [pool-589-thread-1] INFO  server.RaftServerConfigKeys (ConfUtils.java:logGet(43)) - raft.server.log.preallocated.size = 16384 (custom)
2019-10-07 12:01:43,223 [pool-579-thread-1] INFO  server.RaftServerConfigKeys (ConfUtils.java:logGet(43)) - raft.server.log.segment.size.max = 1048576 (custom)
2019-10-07 12:01:43,225 [pool-589-thread-1] INFO  server.RaftServerConfigKeys (ConfUtils.java:logGet(43)) - raft.server.log.write.buffer.size = 33554432 (custom)
2019-10-07 12:01:43,225 [pool-569-thread-1] INFO  server.RaftServerConfigKeys (ConfUtils.java:logGet(43)) - raft.server.log.segment.cache.num.max = 2 (custom)
2019-10-07 12:01:43,225 [pool-589-thread-1] INFO  server.RaftServerConfigKeys (ConfUtils.java:logGet(43)) - raft.server.log.force.sync.num = 128 (default)
2019-10-07 12:01:43,225 [pool-579-thread-1] INFO  server.RaftServerConfigKeys (ConfUtils.java:logGet(43)) - raft.server.log.segment.cache.num.max = 2 (custom)
2019-10-07 12:01:43,225 [pool-589-thread-1] INFO  server.RaftServerConfigKeys (ConfUtils.java:logGet(43)) - raft.server.log.statemachine.data.sync = true (default)
2019-10-07 12:01:43,225 [pool-569-thread-1] INFO  segmented.SegmentedRaftLogWorker (SegmentedRaftLogWorker.java:<init>(173)) - new f273724d-798c-4ad2-8d41-52aa1480ea33@group-8EBE8B731ECD-SegmentedRaftLogWorker for RaftStorage:Storage Directory /workdir/hadoop-ozone/integration-test/target/test-dir/MiniOzoneClusterImpl-3996cdb0-1c67-461d-8979-130917cb6d41/datanode-6/data/ratis/21235522-6e20-4bf8-bbed-8ebe8b731ecd
2019-10-07 12:01:43,225 [pool-589-thread-1] INFO  server.RaftServerConfigKeys (ConfUtils.java:logGet(43)) - raft.server.log.statemachine.data.sync.timeout = 10s (default)
2019-10-07 12:01:43,225 [pool-579-thread-1] INFO  segmented.SegmentedRaftLogWorker (SegmentedRaftLogWorker.java:<init>(173)) - new 36acb61b-05f2-4e48-b1a6-804a8e695824@group-8EBE8B731ECD-SegmentedRaftLogWorker for RaftStorage:Storage Directory /workdir/hadoop-ozone/integration-test/target/test-dir/MiniOzoneClusterImpl-3996cdb0-1c67-461d-8979-130917cb6d41/datanode-7/data/ratis/21235522-6e20-4bf8-bbed-8ebe8b731ecd
2019-10-07 12:01:43,226 [pool-589-thread-1] INFO  server.RaftServerConfigKeys (ConfUtils.java:logGet(43)) - raft.server.log.statemachine.data.sync.timeout.retry = -1 (default)
2019-10-07 12:01:43,225 [pool-569-thread-1] INFO  server.RaftServerConfigKeys (ConfUtils.java:logGet(43)) - raft.server.log.queue.byte-limit = 2147483647 (custom)
2019-10-07 12:01:43,236 [pool-589-thread-1] INFO  server.RaftServerConfigKeys (ConfUtils.java:logGet(43)) - raft.server.log.statemachine.data.caching.enabled = true (custom)
2019-10-07 12:01:43,229 [pool-579-thread-1] INFO  server.RaftServerConfigKeys (ConfUtils.java:logGet(43)) - raft.server.log.queue.byte-limit = 2147483647 (custom)
2019-10-07 12:01:43,236 [pool-589-thread-1] INFO  segmented.SegmentedRaftLogWorker (SegmentedRaftLogWorker.java:lambda$new$0(128)) - dbe9d5b3-671c-49b9-b95c-28ee3dd5e12c@group-8EBE8B731ECD-SegmentedRaftLogWorker: flushIndex: setUnconditionally 0 -> -1
2019-10-07 12:01:43,236 [pool-569-thread-1] INFO  server.RaftServerConfigKeys (ConfUtils.java:logGet(43)) - raft.server.log.queue.element-limit = 1024 (custom)
2019-10-07 12:01:43,236 [pool-579-thread-1] INFO  server.RaftServerConfigKeys (ConfUtils.java:logGet(43)) - raft.server.log.queue.element-limit = 1024 (custom)
2019-10-07 12:01:43,237 [pool-569-thread-1] INFO  server.RaftServerConfigKeys (ConfUtils.java:logGet(43)) - raft.server.log.segment.size.max = 1048576 (custom)
2019-10-07 12:01:43,237 [pool-589-thread-1] INFO  server.RaftServerConfigKeys (ConfUtils.java:logGet(43)) - raft.server.snapshot.auto.trigger.enabled = true (custom)
2019-10-07 12:01:43,237 [pool-569-thread-1] INFO  server.RaftServerConfigKeys (ConfUtils.java:logGet(43)) - raft.server.log.preallocated.size = 16384 (custom)
2019-10-07 12:01:43,237 [pool-579-thread-1] INFO  server.RaftServerConfigKeys (ConfUtils.java:logGet(43)) - raft.server.log.segment.size.max = 1048576 (custom)
2019-10-07 12:01:43,237 [pool-569-thread-1] INFO  server.RaftServerConfigKeys (ConfUtils.java:logGet(43)) - raft.server.log.write.buffer.size = 33554432 (custom)
2019-10-07 12:01:43,237 [pool-589-thread-1] INFO  server.RaftServerConfigKeys (ConfUtils.java:logGet(43)) - raft.server.snapshot.auto.trigger.threshold = 10000 (custom)
2019-10-07 12:01:43,237 [pool-569-thread-1] INFO  server.RaftServerConfigKeys (ConfUtils.java:logGet(43)) - raft.server.log.force.sync.num = 128 (default)
2019-10-07 12:01:43,237 [pool-579-thread-1] INFO  server.RaftServerConfigKeys (ConfUtils.java:logGet(43)) - raft.server.log.preallocated.size = 16384 (custom)
2019-10-07 12:01:43,237 [pool-569-thread-1] INFO  server.RaftServerConfigKeys (ConfUtils.java:logGet(43)) - raft.server.log.statemachine.data.sync = true (default)
2019-10-07 12:01:43,237 [pool-589-thread-1] INFO  server.RaftServerConfigKeys (ConfUtils.java:logGet(43)) - raft.server.snapshot.retention.file.num = 5 (custom)
2019-10-07 12:01:43,238 [pool-569-thread-1] INFO  server.RaftServerConfigKeys (ConfUtils.java:logGet(43)) - raft.server.log.statemachine.data.sync.timeout = 10s (default)
2019-10-07 12:01:43,238 [pool-579-thread-1] INFO  server.RaftServerConfigKeys (ConfUtils.java:logGet(43)) - raft.server.log.write.buffer.size = 33554432 (custom)
2019-10-07 12:01:43,238 [pool-569-thread-1] INFO  server.RaftServerConfigKeys (ConfUtils.java:logGet(43)) - raft.server.log.statemachine.data.sync.timeout.retry = -1 (default)
2019-10-07 12:01:43,238 [pool-589-thread-1] INFO  server.RaftServerConfigKeys (ConfUtils.java:logGet(43)) - raft.server.retrycache.expirytime = 600000ms (custom)
2019-10-07 12:01:43,238 [pool-569-thread-1] INFO  server.RaftServerConfigKeys (ConfUtils.java:logGet(43)) - raft.server.log.statemachine.data.caching.enabled = true (custom)
2019-10-07 12:01:43,238 [pool-579-thread-1] INFO  server.RaftServerConfigKeys (ConfUtils.java:logGet(43)) - raft.server.log.force.sync.num = 128 (default)
2019-10-07 12:01:43,238 [pool-569-thread-1] INFO  segmented.SegmentedRaftLogWorker (SegmentedRaftLogWorker.java:lambda$new$0(128)) - f273724d-798c-4ad2-8d41-52aa1480ea33@group-8EBE8B731ECD-SegmentedRaftLogWorker: flushIndex: setUnconditionally 0 -> -1
2019-10-07 12:01:43,238 [pool-579-thread-1] INFO  server.RaftServerConfigKeys (ConfUtils.java:logGet(43)) - raft.server.log.statemachine.data.sync = true (default)
2019-10-07 12:01:43,239 [pool-579-thread-1] INFO  server.RaftServerConfigKeys (ConfUtils.java:logGet(43)) - raft.server.log.statemachine.data.sync.timeout = 10s (default)
2019-10-07 12:01:43,239 [pool-569-thread-1] INFO  server.RaftServerConfigKeys (ConfUtils.java:logGet(43)) - raft.server.snapshot.auto.trigger.enabled = true (custom)
2019-10-07 12:01:43,239 [pool-579-thread-1] INFO  server.RaftServerConfigKeys (ConfUtils.java:logGet(43)) - raft.server.log.statemachine.data.sync.timeout.retry = -1 (default)
2019-10-07 12:01:43,239 [pool-569-thread-1] INFO  server.RaftServerConfigKeys (ConfUtils.java:logGet(43)) - raft.server.snapshot.auto.trigger.threshold = 10000 (custom)
2019-10-07 12:01:43,239 [pool-579-thread-1] INFO  server.RaftServerConfigKeys (ConfUtils.java:logGet(43)) - raft.server.log.statemachine.data.caching.enabled = true (custom)
2019-10-07 12:01:43,239 [pool-569-thread-1] INFO  server.RaftServerConfigKeys (ConfUtils.java:logGet(43)) - raft.server.snapshot.retention.file.num = 5 (custom)
2019-10-07 12:01:43,241 [pool-569-thread-1] INFO  server.RaftServerConfigKeys (ConfUtils.java:logGet(43)) - raft.server.retrycache.expirytime = 600000ms (custom)
2019-10-07 12:01:43,241 [pool-579-thread-1] INFO  segmented.SegmentedRaftLogWorker (SegmentedRaftLogWorker.java:lambda$new$0(128)) - 36acb61b-05f2-4e48-b1a6-804a8e695824@group-8EBE8B731ECD-SegmentedRaftLogWorker: flushIndex: setUnconditionally 0 -> -1
2019-10-07 12:01:43,241 [pool-579-thread-1] INFO  server.RaftServerConfigKeys (ConfUtils.java:logGet(43)) - raft.server.snapshot.auto.trigger.enabled = true (custom)
2019-10-07 12:01:43,241 [pool-579-thread-1] INFO  server.RaftServerConfigKeys (ConfUtils.java:logGet(43)) - raft.server.snapshot.auto.trigger.threshold = 10000 (custom)
2019-10-07 12:01:43,241 [pool-579-thread-1] INFO  server.RaftServerConfigKeys (ConfUtils.java:logGet(43)) - raft.server.snapshot.retention.file.num = 5 (custom)
2019-10-07 12:01:43,242 [pool-579-thread-1] INFO  server.RaftServerConfigKeys (ConfUtils.java:logGet(43)) - raft.server.retrycache.expirytime = 600000ms (custom)
2019-10-07 12:01:43,242 [pool-589-thread-1] INFO  impl.RaftServerImpl (RaftServerImpl.java:start(181)) - dbe9d5b3-671c-49b9-b95c-28ee3dd5e12c@group-8EBE8B731ECD: start as a follower, conf=-1: [dbe9d5b3-671c-49b9-b95c-28ee3dd5e12c:192.168.30.26:38963, 36acb61b-05f2-4e48-b1a6-804a8e695824:192.168.30.26:33929, f273724d-798c-4ad2-8d41-52aa1480ea33:192.168.30.26:37581], old=null
2019-10-07 12:01:43,242 [pool-589-thread-1] INFO  impl.RaftServerImpl (RaftServerImpl.java:setRole(170)) - dbe9d5b3-671c-49b9-b95c-28ee3dd5e12c@group-8EBE8B731ECD: changes role from      null to FOLLOWER at term 0 for startAsFollower
2019-10-07 12:01:43,242 [pool-589-thread-1] INFO  impl.RoleInfo (RoleInfo.java:updateAndGet(143)) - dbe9d5b3-671c-49b9-b95c-28ee3dd5e12c: start FollowerState
2019-10-07 12:01:43,243 [pool-589-thread-1] INFO  util.JmxRegister (JmxRegister.java:tryRegister(44)) - Successfully registered JMX Bean with object name Ratis:service=RaftServer,group=group-8EBE8B731ECD,id=dbe9d5b3-671c-49b9-b95c-28ee3dd5e12c
2019-10-07 12:01:43,243 [main] INFO  rpc.RpcClient (RpcClient.java:createVolume(277)) - Creating Volume: datanodefailurehandlingtest, with jenkins1000 as owner.
2019-10-07 12:01:43,243 [pool-569-thread-1] INFO  impl.RaftServerImpl (RaftServerImpl.java:start(181)) - f273724d-798c-4ad2-8d41-52aa1480ea33@group-8EBE8B731ECD: start as a follower, conf=-1: [dbe9d5b3-671c-49b9-b95c-28ee3dd5e12c:192.168.30.26:38963, 36acb61b-05f2-4e48-b1a6-804a8e695824:192.168.30.26:33929, f273724d-798c-4ad2-8d41-52aa1480ea33:192.168.30.26:37581], old=null
2019-10-07 12:01:43,243 [pool-569-thread-1] INFO  impl.RaftServerImpl (RaftServerImpl.java:setRole(170)) - f273724d-798c-4ad2-8d41-52aa1480ea33@group-8EBE8B731ECD: changes role from      null to FOLLOWER at term 0 for startAsFollower
2019-10-07 12:01:43,244 [pool-569-thread-1] INFO  impl.RoleInfo (RoleInfo.java:updateAndGet(143)) - f273724d-798c-4ad2-8d41-52aa1480ea33: start FollowerState
2019-10-07 12:01:43,244 [pool-569-thread-1] INFO  util.JmxRegister (JmxRegister.java:tryRegister(44)) - Successfully registered JMX Bean with object name Ratis:service=RaftServer,group=group-8EBE8B731ECD,id=f273724d-798c-4ad2-8d41-52aa1480ea33
2019-10-07 12:01:43,244 [pool-579-thread-1] INFO  impl.RaftServerImpl (RaftServerImpl.java:start(181)) - 36acb61b-05f2-4e48-b1a6-804a8e695824@group-8EBE8B731ECD: start as a follower, conf=-1: [dbe9d5b3-671c-49b9-b95c-28ee3dd5e12c:192.168.30.26:38963, 36acb61b-05f2-4e48-b1a6-804a8e695824:192.168.30.26:33929, f273724d-798c-4ad2-8d41-52aa1480ea33:192.168.30.26:37581], old=null
2019-10-07 12:01:43,244 [pool-579-thread-1] INFO  impl.RaftServerImpl (RaftServerImpl.java:setRole(170)) - 36acb61b-05f2-4e48-b1a6-804a8e695824@group-8EBE8B731ECD: changes role from      null to FOLLOWER at term 0 for startAsFollower
2019-10-07 12:01:43,244 [pool-579-thread-1] INFO  impl.RoleInfo (RoleInfo.java:updateAndGet(143)) - 36acb61b-05f2-4e48-b1a6-804a8e695824: start FollowerState
2019-10-07 12:01:43,244 [pool-579-thread-1] INFO  util.JmxRegister (JmxRegister.java:tryRegister(44)) - Successfully registered JMX Bean with object name Ratis:service=RaftServer,group=group-8EBE8B731ECD,id=36acb61b-05f2-4e48-b1a6-804a8e695824
2019-10-07 12:01:43,246 [IPC Server handler 1 on 39499] INFO  volume.OMVolumeCreateRequest (OMVolumeCreateRequest.java:validateAndUpdateCache(193)) - created volume:datanodefailurehandlingtest for user:jenkins1000
2019-10-07 12:01:43,248 [RatisPipelineUtilsThread] INFO  pipeline.PipelineStateManager (PipelineStateManager.java:addPipeline(56)) - Created pipeline Pipeline[ Id: 21235522-6e20-4bf8-bbed-8ebe8b731ecd, Nodes: dbe9d5b3-671c-49b9-b95c-28ee3dd5e12c{ip: 192.168.30.26, host: pr-hdds-2071-fmvlq-2762171947, networkLocation: /rack1, certSerialId: null}f273724d-798c-4ad2-8d41-52aa1480ea33{ip: 192.168.30.26, host: pr-hdds-2071-fmvlq-2762171947, networkLocation: /rack1, certSerialId: null}36acb61b-05f2-4e48-b1a6-804a8e695824{ip: 192.168.30.26, host: pr-hdds-2071-fmvlq-2762171947, networkLocation: /rack1, certSerialId: null}, Type:RATIS, Factor:THREE, State:OPEN]
2019-10-07 12:01:43,261 [main] INFO  rpc.RpcClient (RpcClient.java:createBucket(416)) - Creating Bucket: datanodefailurehandlingtest/datanodefailurehandlingtest, with Versioning false and Storage Type set to DISK and Encryption set to false 
2019-10-07 12:01:43,723 [Thread-3485] INFO  impl.FollowerState (FollowerState.java:run(108)) - 35b93ee3-cf43-44f7-b896-65b06618aa81@group-41F3D5368F4D-FollowerState: change to CANDIDATE, lastRpcTime:1143ms, electionTimeout:1143ms
2019-10-07 12:01:43,726 [Thread-3485] INFO  impl.RoleInfo (RoleInfo.java:shutdownFollowerState(121)) - 35b93ee3-cf43-44f7-b896-65b06618aa81: shutdown FollowerState
2019-10-07 12:01:43,727 [Thread-3485] INFO  impl.RaftServerImpl (RaftServerImpl.java:setRole(170)) - 35b93ee3-cf43-44f7-b896-65b06618aa81@group-41F3D5368F4D: changes role from  FOLLOWER to CANDIDATE at term 0 for changeToCandidate
2019-10-07 12:01:43,727 [Thread-3485] INFO  impl.RoleInfo (RoleInfo.java:updateAndGet(143)) - 35b93ee3-cf43-44f7-b896-65b06618aa81: start LeaderElection
2019-10-07 12:01:43,738 [Thread-3488] INFO  impl.FollowerState (FollowerState.java:run(108)) - 5fb7ce83-242c-4a6f-a9ec-b211957cc825@group-9B1C711DF241-FollowerState: change to CANDIDATE, lastRpcTime:1111ms, electionTimeout:1111ms
2019-10-07 12:01:43,738 [Thread-3488] INFO  impl.RoleInfo (RoleInfo.java:shutdownFollowerState(121)) - 5fb7ce83-242c-4a6f-a9ec-b211957cc825: shutdown FollowerState
2019-10-07 12:01:43,738 [Thread-3488] INFO  impl.RaftServerImpl (RaftServerImpl.java:setRole(170)) - 5fb7ce83-242c-4a6f-a9ec-b211957cc825@group-9B1C711DF241: changes role from  FOLLOWER to CANDIDATE at term 0 for changeToCandidate
2019-10-07 12:01:43,739 [Thread-3488] INFO  impl.RoleInfo (RoleInfo.java:updateAndGet(143)) - 5fb7ce83-242c-4a6f-a9ec-b211957cc825: start LeaderElection
2019-10-07 12:01:43,747 [35b93ee3-cf43-44f7-b896-65b06618aa81@group-41F3D5368F4D-LeaderElection146] INFO  impl.LeaderElection (LeaderElection.java:askForVotes(178)) - 35b93ee3-cf43-44f7-b896-65b06618aa81@group-41F3D5368F4D-LeaderElection146: begin an election at term 1 for -1: [35b93ee3-cf43-44f7-b896-65b06618aa81:192.168.30.26:43657], old=null
2019-10-07 12:01:43,747 [35b93ee3-cf43-44f7-b896-65b06618aa81@group-41F3D5368F4D-LeaderElection146] INFO  impl.RoleInfo (RoleInfo.java:shutdownLeaderElection(134)) - 35b93ee3-cf43-44f7-b896-65b06618aa81: shutdown LeaderElection
2019-10-07 12:01:43,747 [35b93ee3-cf43-44f7-b896-65b06618aa81@group-41F3D5368F4D-LeaderElection146] INFO  impl.RaftServerImpl (RaftServerImpl.java:setRole(170)) - 35b93ee3-cf43-44f7-b896-65b06618aa81@group-41F3D5368F4D: changes role from CANDIDATE to LEADER at term 1 for changeToLeader
2019-10-07 12:01:43,747 [35b93ee3-cf43-44f7-b896-65b06618aa81@group-41F3D5368F4D-LeaderElection146] INFO  impl.RaftServerImpl (ServerState.java:setLeader(255)) - 35b93ee3-cf43-44f7-b896-65b06618aa81@group-41F3D5368F4D: change Leader from null to 35b93ee3-cf43-44f7-b896-65b06618aa81 at term 1 for becomeLeader, leader elected after 1174ms
2019-10-07 12:01:43,747 [35b93ee3-cf43-44f7-b896-65b06618aa81@group-41F3D5368F4D-LeaderElection146] INFO  server.RaftServerConfigKeys (ConfUtils.java:logGet(43)) - raft.server.staging.catchup.gap = 1000 (default)
2019-10-07 12:01:43,748 [35b93ee3-cf43-44f7-b896-65b06618aa81@group-41F3D5368F4D-LeaderElection146] INFO  server.RaftServerConfigKeys (ConfUtils.java:logGet(43)) - raft.server.rpc.sleep.time = 25ms (default)
2019-10-07 12:01:43,748 [35b93ee3-cf43-44f7-b896-65b06618aa81@group-41F3D5368F4D-LeaderElection146] INFO  server.RaftServerConfigKeys (ConfUtils.java:logGet(43)) - raft.server.write.element-limit = 4096 (default)
2019-10-07 12:01:43,748 [35b93ee3-cf43-44f7-b896-65b06618aa81@group-41F3D5368F4D-LeaderElection146] INFO  server.RaftServerConfigKeys (ConfUtils.java:logGet(43)) - raft.server.watch.timeout = 10s (default)
2019-10-07 12:01:43,748 [35b93ee3-cf43-44f7-b896-65b06618aa81@group-41F3D5368F4D-LeaderElection146] INFO  server.RaftServerConfigKeys (ConfUtils.java:logGet(43)) - raft.server.watch.timeout.denomination = 1s (default)
2019-10-07 12:01:43,748 [35b93ee3-cf43-44f7-b896-65b06618aa81@group-41F3D5368F4D-LeaderElection146] INFO  server.RaftServerConfigKeys (ConfUtils.java:logGet(43)) - raft.server.watch.element-limit = 65536 (default)
2019-10-07 12:01:43,749 [5fb7ce83-242c-4a6f-a9ec-b211957cc825@group-9B1C711DF241-LeaderElection147] INFO  impl.LeaderElection (LeaderElection.java:askForVotes(178)) - 5fb7ce83-242c-4a6f-a9ec-b211957cc825@group-9B1C711DF241-LeaderElection147: begin an election at term 1 for -1: [5fb7ce83-242c-4a6f-a9ec-b211957cc825:192.168.30.26:42375], old=null
2019-10-07 12:01:43,749 [5fb7ce83-242c-4a6f-a9ec-b211957cc825@group-9B1C711DF241-LeaderElection147] INFO  impl.RoleInfo (RoleInfo.java:shutdownLeaderElection(134)) - 5fb7ce83-242c-4a6f-a9ec-b211957cc825: shutdown LeaderElection
2019-10-07 12:01:43,749 [5fb7ce83-242c-4a6f-a9ec-b211957cc825@group-9B1C711DF241-LeaderElection147] INFO  impl.RaftServerImpl (RaftServerImpl.java:setRole(170)) - 5fb7ce83-242c-4a6f-a9ec-b211957cc825@group-9B1C711DF241: changes role from CANDIDATE to LEADER at term 1 for changeToLeader
2019-10-07 12:01:43,749 [5fb7ce83-242c-4a6f-a9ec-b211957cc825@group-9B1C711DF241-LeaderElection147] INFO  impl.RaftServerImpl (ServerState.java:setLeader(255)) - 5fb7ce83-242c-4a6f-a9ec-b211957cc825@group-9B1C711DF241: change Leader from null to 5fb7ce83-242c-4a6f-a9ec-b211957cc825 at term 1 for becomeLeader, leader elected after 1127ms
2019-10-07 12:01:43,749 [5fb7ce83-242c-4a6f-a9ec-b211957cc825@group-9B1C711DF241-LeaderElection147] INFO  server.RaftServerConfigKeys (ConfUtils.java:logGet(43)) - raft.server.staging.catchup.gap = 1000 (default)
2019-10-07 12:01:43,749 [5fb7ce83-242c-4a6f-a9ec-b211957cc825@group-9B1C711DF241-LeaderElection147] INFO  server.RaftServerConfigKeys (ConfUtils.java:logGet(43)) - raft.server.rpc.sleep.time = 25ms (default)
2019-10-07 12:01:43,750 [5fb7ce83-242c-4a6f-a9ec-b211957cc825@group-9B1C711DF241-LeaderElection147] INFO  server.RaftServerConfigKeys (ConfUtils.java:logGet(43)) - raft.server.write.element-limit = 4096 (default)
2019-10-07 12:01:43,750 [5fb7ce83-242c-4a6f-a9ec-b211957cc825@group-9B1C711DF241-LeaderElection147] INFO  server.RaftServerConfigKeys (ConfUtils.java:logGet(43)) - raft.server.watch.timeout = 10s (default)
2019-10-07 12:01:43,750 [5fb7ce83-242c-4a6f-a9ec-b211957cc825@group-9B1C711DF241-LeaderElection147] INFO  server.RaftServerConfigKeys (ConfUtils.java:logGet(43)) - raft.server.watch.timeout.denomination = 1s (default)
2019-10-07 12:01:43,750 [5fb7ce83-242c-4a6f-a9ec-b211957cc825@group-9B1C711DF241-LeaderElection147] INFO  server.RaftServerConfigKeys (ConfUtils.java:logGet(43)) - raft.server.watch.element-limit = 65536 (default)
2019-10-07 12:01:43,751 [35b93ee3-cf43-44f7-b896-65b06618aa81@group-41F3D5368F4D-LeaderElection146] INFO  impl.RoleInfo (RoleInfo.java:updateAndGet(143)) - 35b93ee3-cf43-44f7-b896-65b06618aa81: start LeaderState
2019-10-07 12:01:43,752 [5fb7ce83-242c-4a6f-a9ec-b211957cc825@group-9B1C711DF241-LeaderElection147] INFO  impl.RoleInfo (RoleInfo.java:updateAndGet(143)) - 5fb7ce83-242c-4a6f-a9ec-b211957cc825: start LeaderState
2019-10-07 12:01:43,752 [35b93ee3-cf43-44f7-b896-65b06618aa81@group-41F3D5368F4D-LeaderElection146] INFO  segmented.SegmentedRaftLogWorker (SegmentedRaftLogWorker.java:startLogSegment(385)) - 35b93ee3-cf43-44f7-b896-65b06618aa81@group-41F3D5368F4D-SegmentedRaftLogWorker: Starting segment from index:0
2019-10-07 12:01:43,752 [5fb7ce83-242c-4a6f-a9ec-b211957cc825@group-9B1C711DF241-LeaderElection147] INFO  segmented.SegmentedRaftLogWorker (SegmentedRaftLogWorker.java:startLogSegment(385)) - 5fb7ce83-242c-4a6f-a9ec-b211957cc825@group-9B1C711DF241-SegmentedRaftLogWorker: Starting segment from index:0
2019-10-07 12:01:43,753 [5fb7ce83-242c-4a6f-a9ec-b211957cc825@group-9B1C711DF241-LeaderElection147] INFO  impl.RaftServerImpl (ServerState.java:setRaftConf(356)) - 5fb7ce83-242c-4a6f-a9ec-b211957cc825@group-9B1C711DF241: set configuration 0: [5fb7ce83-242c-4a6f-a9ec-b211957cc825:192.168.30.26:42375], old=null at 0
2019-10-07 12:01:43,753 [35b93ee3-cf43-44f7-b896-65b06618aa81@group-41F3D5368F4D-LeaderElection146] INFO  impl.RaftServerImpl (ServerState.java:setRaftConf(356)) - 35b93ee3-cf43-44f7-b896-65b06618aa81@group-41F3D5368F4D: set configuration 0: [35b93ee3-cf43-44f7-b896-65b06618aa81:192.168.30.26:43657], old=null at 0
2019-10-07 12:01:43,773 [Thread-3491] INFO  impl.FollowerState (FollowerState.java:run(108)) - 9e4f0239-5467-41fd-81e1-38f0f07fc00b@group-90FE08FC0EF6-FollowerState: change to CANDIDATE, lastRpcTime:1075ms, electionTimeout:1075ms
2019-10-07 12:01:43,773 [Thread-3491] INFO  impl.RoleInfo (RoleInfo.java:shutdownFollowerState(121)) - 9e4f0239-5467-41fd-81e1-38f0f07fc00b: shutdown FollowerState
2019-10-07 12:01:43,773 [Thread-3491] INFO  impl.RaftServerImpl (RaftServerImpl.java:setRole(170)) - 9e4f0239-5467-41fd-81e1-38f0f07fc00b@group-90FE08FC0EF6: changes role from  FOLLOWER to CANDIDATE at term 0 for changeToCandidate
2019-10-07 12:01:43,773 [Thread-3491] INFO  impl.RoleInfo (RoleInfo.java:updateAndGet(143)) - 9e4f0239-5467-41fd-81e1-38f0f07fc00b: start LeaderElection
2019-10-07 12:01:43,803 [5fb7ce83-242c-4a6f-a9ec-b211957cc825@group-9B1C711DF241-SegmentedRaftLogWorker] INFO  segmented.SegmentedRaftLogWorker (SegmentedRaftLogWorker.java:execute(574)) - 5fb7ce83-242c-4a6f-a9ec-b211957cc825@group-9B1C711DF241-SegmentedRaftLogWorker: created new log segment /workdir/hadoop-ozone/integration-test/target/test-dir/MiniOzoneClusterImpl-3996cdb0-1c67-461d-8979-130917cb6d41/datanode-1/data/ratis/de76690e-531b-4c9d-b08e-9b1c711df241/current/log_inprogress_0
2019-10-07 12:01:43,803 [35b93ee3-cf43-44f7-b896-65b06618aa81@group-41F3D5368F4D-SegmentedRaftLogWorker] INFO  segmented.SegmentedRaftLogWorker (SegmentedRaftLogWorker.java:execute(574)) - 35b93ee3-cf43-44f7-b896-65b06618aa81@group-41F3D5368F4D-SegmentedRaftLogWorker: created new log segment /workdir/hadoop-ozone/integration-test/target/test-dir/MiniOzoneClusterImpl-3996cdb0-1c67-461d-8979-130917cb6d41/datanode-0/data/ratis/a6cfdb29-468a-43ab-9cea-41f3d5368f4d/current/log_inprogress_0
2019-10-07 12:01:43,803 [9e4f0239-5467-41fd-81e1-38f0f07fc00b@group-90FE08FC0EF6-LeaderElection148] INFO  impl.LeaderElection (LeaderElection.java:askForVotes(178)) - 9e4f0239-5467-41fd-81e1-38f0f07fc00b@group-90FE08FC0EF6-LeaderElection148: begin an election at term 1 for -1: [9e4f0239-5467-41fd-81e1-38f0f07fc00b:192.168.30.26:36089], old=null
2019-10-07 12:01:43,803 [9e4f0239-5467-41fd-81e1-38f0f07fc00b@group-90FE08FC0EF6-LeaderElection148] INFO  impl.RoleInfo (RoleInfo.java:shutdownLeaderElection(134)) - 9e4f0239-5467-41fd-81e1-38f0f07fc00b: shutdown LeaderElection
2019-10-07 12:01:43,803 [9e4f0239-5467-41fd-81e1-38f0f07fc00b@group-90FE08FC0EF6-LeaderElection148] INFO  impl.RaftServerImpl (RaftServerImpl.java:setRole(170)) - 9e4f0239-5467-41fd-81e1-38f0f07fc00b@group-90FE08FC0EF6: changes role from CANDIDATE to LEADER at term 1 for changeToLeader
2019-10-07 12:01:43,803 [9e4f0239-5467-41fd-81e1-38f0f07fc00b@group-90FE08FC0EF6-LeaderElection148] INFO  impl.RaftServerImpl (ServerState.java:setLeader(255)) - 9e4f0239-5467-41fd-81e1-38f0f07fc00b@group-90FE08FC0EF6: change Leader from null to 9e4f0239-5467-41fd-81e1-38f0f07fc00b at term 1 for becomeLeader, leader elected after 1111ms
2019-10-07 12:01:43,803 [9e4f0239-5467-41fd-81e1-38f0f07fc00b@group-90FE08FC0EF6-LeaderElection148] INFO  server.RaftServerConfigKeys (ConfUtils.java:logGet(43)) - raft.server.staging.catchup.gap = 1000 (default)
2019-10-07 12:01:43,804 [9e4f0239-5467-41fd-81e1-38f0f07fc00b@group-90FE08FC0EF6-LeaderElection148] INFO  server.RaftServerConfigKeys (ConfUtils.java:logGet(43)) - raft.server.rpc.sleep.time = 25ms (default)
2019-10-07 12:01:43,804 [9e4f0239-5467-41fd-81e1-38f0f07fc00b@group-90FE08FC0EF6-LeaderElection148] INFO  server.RaftServerConfigKeys (ConfUtils.java:logGet(43)) - raft.server.write.element-limit = 4096 (default)
2019-10-07 12:01:43,804 [9e4f0239-5467-41fd-81e1-38f0f07fc00b@group-90FE08FC0EF6-LeaderElection148] INFO  server.RaftServerConfigKeys (ConfUtils.java:logGet(43)) - raft.server.watch.timeout = 10s (default)
2019-10-07 12:01:43,804 [9e4f0239-5467-41fd-81e1-38f0f07fc00b@group-90FE08FC0EF6-LeaderElection148] INFO  server.RaftServerConfigKeys (ConfUtils.java:logGet(43)) - raft.server.watch.timeout.denomination = 1s (default)
2019-10-07 12:01:43,804 [9e4f0239-5467-41fd-81e1-38f0f07fc00b@group-90FE08FC0EF6-LeaderElection148] INFO  server.RaftServerConfigKeys (ConfUtils.java:logGet(43)) - raft.server.watch.element-limit = 65536 (default)
2019-10-07 12:01:43,806 [9e4f0239-5467-41fd-81e1-38f0f07fc00b@group-90FE08FC0EF6-LeaderElection148] INFO  impl.RoleInfo (RoleInfo.java:updateAndGet(143)) - 9e4f0239-5467-41fd-81e1-38f0f07fc00b: start LeaderState
2019-10-07 12:01:43,806 [9e4f0239-5467-41fd-81e1-38f0f07fc00b@group-90FE08FC0EF6-LeaderElection148] INFO  segmented.SegmentedRaftLogWorker (SegmentedRaftLogWorker.java:startLogSegment(385)) - 9e4f0239-5467-41fd-81e1-38f0f07fc00b@group-90FE08FC0EF6-SegmentedRaftLogWorker: Starting segment from index:0
2019-10-07 12:01:43,807 [9e4f0239-5467-41fd-81e1-38f0f07fc00b@group-90FE08FC0EF6-LeaderElection148] INFO  impl.RaftServerImpl (ServerState.java:setRaftConf(356)) - 9e4f0239-5467-41fd-81e1-38f0f07fc00b@group-90FE08FC0EF6: set configuration 0: [9e4f0239-5467-41fd-81e1-38f0f07fc00b:192.168.30.26:36089], old=null at 0
2019-10-07 12:01:43,815 [Thread-3494] INFO  impl.FollowerState (FollowerState.java:run(108)) - 9e4f0239-5467-41fd-81e1-38f0f07fc00b@group-240EBE1C8FDE-FollowerState: change to CANDIDATE, lastRpcTime:1042ms, electionTimeout:1042ms
2019-10-07 12:01:43,815 [Thread-3494] INFO  impl.RoleInfo (RoleInfo.java:shutdownFollowerState(121)) - 9e4f0239-5467-41fd-81e1-38f0f07fc00b: shutdown FollowerState
2019-10-07 12:01:43,815 [Thread-3494] INFO  impl.RaftServerImpl (RaftServerImpl.java:setRole(170)) - 9e4f0239-5467-41fd-81e1-38f0f07fc00b@group-240EBE1C8FDE: changes role from  FOLLOWER to CANDIDATE at term 0 for changeToCandidate
2019-10-07 12:01:43,815 [Thread-3494] INFO  impl.RoleInfo (RoleInfo.java:updateAndGet(143)) - 9e4f0239-5467-41fd-81e1-38f0f07fc00b: start LeaderElection
2019-10-07 12:01:43,847 [9e4f0239-5467-41fd-81e1-38f0f07fc00b@group-90FE08FC0EF6-SegmentedRaftLogWorker] INFO  segmented.SegmentedRaftLogWorker (SegmentedRaftLogWorker.java:execute(574)) - 9e4f0239-5467-41fd-81e1-38f0f07fc00b@group-90FE08FC0EF6-SegmentedRaftLogWorker: created new log segment /workdir/hadoop-ozone/integration-test/target/test-dir/MiniOzoneClusterImpl-3996cdb0-1c67-461d-8979-130917cb6d41/datanode-2/data/ratis/ab995dfc-7237-4621-82bc-90fe08fc0ef6/current/log_inprogress_0
2019-10-07 12:01:43,847 [9e4f0239-5467-41fd-81e1-38f0f07fc00b@group-240EBE1C8FDE-LeaderElection149] INFO  impl.LeaderElection (LeaderElection.java:askForVotes(178)) - 9e4f0239-5467-41fd-81e1-38f0f07fc00b@group-240EBE1C8FDE-LeaderElection149: begin an election at term 1 for -1: [35b93ee3-cf43-44f7-b896-65b06618aa81:192.168.30.26:43657, 9e4f0239-5467-41fd-81e1-38f0f07fc00b:192.168.30.26:36089, 5fb7ce83-242c-4a6f-a9ec-b211957cc825:192.168.30.26:42375], old=null
2019-10-07 12:01:43,850 [grpc-default-executor-7] INFO  impl.RaftServerImpl (RaftServerImpl.java:setRole(170)) - 35b93ee3-cf43-44f7-b896-65b06618aa81@group-240EBE1C8FDE: changes role from  FOLLOWER to FOLLOWER at term 1 for recognizeCandidate:9e4f0239-5467-41fd-81e1-38f0f07fc00b
2019-10-07 12:01:43,854 [grpc-default-executor-7] INFO  impl.RoleInfo (RoleInfo.java:shutdownFollowerState(121)) - 35b93ee3-cf43-44f7-b896-65b06618aa81: shutdown FollowerState
2019-10-07 12:01:43,854 [grpc-default-executor-10] INFO  impl.RaftServerImpl (RaftServerImpl.java:setRole(170)) - 5fb7ce83-242c-4a6f-a9ec-b211957cc825@group-240EBE1C8FDE: changes role from  FOLLOWER to FOLLOWER at term 1 for recognizeCandidate:9e4f0239-5467-41fd-81e1-38f0f07fc00b
2019-10-07 12:01:43,855 [Thread-3498] INFO  impl.FollowerState (FollowerState.java:run(117)) - 35b93ee3-cf43-44f7-b896-65b06618aa81@group-240EBE1C8FDE-FollowerState was interrupted: java.lang.InterruptedException: sleep interrupted
2019-10-07 12:01:43,855 [grpc-default-executor-7] INFO  impl.RoleInfo (RoleInfo.java:updateAndGet(143)) - 35b93ee3-cf43-44f7-b896-65b06618aa81: start FollowerState
2019-10-07 12:01:43,855 [grpc-default-executor-10] INFO  impl.RoleInfo (RoleInfo.java:shutdownFollowerState(121)) - 5fb7ce83-242c-4a6f-a9ec-b211957cc825: shutdown FollowerState
2019-10-07 12:01:43,857 [grpc-default-executor-10] INFO  impl.RoleInfo (RoleInfo.java:updateAndGet(143)) - 5fb7ce83-242c-4a6f-a9ec-b211957cc825: start FollowerState
2019-10-07 12:01:43,857 [Thread-3497] INFO  impl.FollowerState (FollowerState.java:run(117)) - 5fb7ce83-242c-4a6f-a9ec-b211957cc825@group-240EBE1C8FDE-FollowerState was interrupted: java.lang.InterruptedException: sleep interrupted
2019-10-07 12:01:43,875 [9e4f0239-5467-41fd-81e1-38f0f07fc00b@group-240EBE1C8FDE-LeaderElection149] INFO  impl.LeaderElection (LeaderElection.java:logAndReturn(56)) - 9e4f0239-5467-41fd-81e1-38f0f07fc00b@group-240EBE1C8FDE-LeaderElection149: Election PASSED; received 1 response(s) [9e4f0239-5467-41fd-81e1-38f0f07fc00b<-5fb7ce83-242c-4a6f-a9ec-b211957cc825#0:OK-t1] and 0 exception(s); 9e4f0239-5467-41fd-81e1-38f0f07fc00b@group-240EBE1C8FDE:t1, leader=null, voted=9e4f0239-5467-41fd-81e1-38f0f07fc00b, raftlog=9e4f0239-5467-41fd-81e1-38f0f07fc00b@group-240EBE1C8FDE-SegmentedRaftLog:OPENED:c-1,f-1,i0, conf=-1: [35b93ee3-cf43-44f7-b896-65b06618aa81:192.168.30.26:43657, 9e4f0239-5467-41fd-81e1-38f0f07fc00b:192.168.30.26:36089, 5fb7ce83-242c-4a6f-a9ec-b211957cc825:192.168.30.26:42375], old=null
2019-10-07 12:01:43,875 [9e4f0239-5467-41fd-81e1-38f0f07fc00b@group-240EBE1C8FDE-LeaderElection149] INFO  impl.RoleInfo (RoleInfo.java:shutdownLeaderElection(134)) - 9e4f0239-5467-41fd-81e1-38f0f07fc00b: shutdown LeaderElection
2019-10-07 12:01:43,875 [9e4f0239-5467-41fd-81e1-38f0f07fc00b@group-240EBE1C8FDE-LeaderElection149] INFO  impl.RaftServerImpl (RaftServerImpl.java:setRole(170)) - 9e4f0239-5467-41fd-81e1-38f0f07fc00b@group-240EBE1C8FDE: changes role from CANDIDATE to LEADER at term 1 for changeToLeader
2019-10-07 12:01:43,875 [9e4f0239-5467-41fd-81e1-38f0f07fc00b@group-240EBE1C8FDE-LeaderElection149] INFO  impl.RaftServerImpl (ServerState.java:setLeader(255)) - 9e4f0239-5467-41fd-81e1-38f0f07fc00b@group-240EBE1C8FDE: change Leader from null to 9e4f0239-5467-41fd-81e1-38f0f07fc00b at term 1 for becomeLeader, leader elected after 1109ms
2019-10-07 12:01:43,875 [9e4f0239-5467-41fd-81e1-38f0f07fc00b@group-240EBE1C8FDE-LeaderElection149] INFO  server.RaftServerConfigKeys (ConfUtils.java:logGet(43)) - raft.server.staging.catchup.gap = 1000 (default)
2019-10-07 12:01:43,875 [9e4f0239-5467-41fd-81e1-38f0f07fc00b@group-240EBE1C8FDE-LeaderElection149] INFO  server.RaftServerConfigKeys (ConfUtils.java:logGet(43)) - raft.server.rpc.sleep.time = 25ms (default)
2019-10-07 12:01:43,876 [9e4f0239-5467-41fd-81e1-38f0f07fc00b@group-240EBE1C8FDE-LeaderElection149] INFO  server.RaftServerConfigKeys (ConfUtils.java:logGet(43)) - raft.server.write.element-limit = 4096 (default)
2019-10-07 12:01:43,876 [9e4f0239-5467-41fd-81e1-38f0f07fc00b@group-240EBE1C8FDE-LeaderElection149] INFO  server.RaftServerConfigKeys (ConfUtils.java:logGet(43)) - raft.server.watch.timeout = 10s (default)
2019-10-07 12:01:43,876 [9e4f0239-5467-41fd-81e1-38f0f07fc00b@group-240EBE1C8FDE-LeaderElection149] INFO  server.RaftServerConfigKeys (ConfUtils.java:logGet(43)) - raft.server.watch.timeout.denomination = 1s (default)
2019-10-07 12:01:43,876 [9e4f0239-5467-41fd-81e1-38f0f07fc00b@group-240EBE1C8FDE-LeaderElection149] INFO  server.RaftServerConfigKeys (ConfUtils.java:logGet(43)) - raft.server.watch.element-limit = 65536 (default)
2019-10-07 12:01:43,877 [9e4f0239-5467-41fd-81e1-38f0f07fc00b@group-240EBE1C8FDE-LeaderElection149] INFO  server.RaftServerConfigKeys (ConfUtils.java:logGet(43)) - raft.server.log.appender.snapshot.chunk.size.max = 16MB (=16777216) (default)
2019-10-07 12:01:43,878 [9e4f0239-5467-41fd-81e1-38f0f07fc00b@group-240EBE1C8FDE-LeaderElection149] INFO  server.RaftServerConfigKeys (ConfUtils.java:logGet(43)) - raft.server.log.appender.buffer.byte-limit = 33554432 (custom)
2019-10-07 12:01:43,878 [9e4f0239-5467-41fd-81e1-38f0f07fc00b@group-240EBE1C8FDE-LeaderElection149] INFO  server.RaftServerConfigKeys (ConfUtils.java:logGet(43)) - raft.server.log.appender.buffer.element-limit = 1 (custom)
2019-10-07 12:01:43,878 [9e4f0239-5467-41fd-81e1-38f0f07fc00b@group-240EBE1C8FDE-LeaderElection149] INFO  grpc.GrpcConfigKeys$Server (ConfUtils.java:logGet(43)) - raft.grpc.server.leader.outstanding.appends.max = 128 (default)
2019-10-07 12:01:43,878 [9e4f0239-5467-41fd-81e1-38f0f07fc00b@group-240EBE1C8FDE-LeaderElection149] INFO  server.RaftServerConfigKeys (ConfUtils.java:logGet(43)) - raft.server.rpc.request.timeout = 3000ms (default)
2019-10-07 12:01:43,878 [9e4f0239-5467-41fd-81e1-38f0f07fc00b@group-240EBE1C8FDE-LeaderElection149] INFO  server.RaftServerConfigKeys (ConfUtils.java:logGet(43)) - raft.server.log.appender.install.snapshot.enabled = false (custom)
2019-10-07 12:01:43,878 [9e4f0239-5467-41fd-81e1-38f0f07fc00b@group-240EBE1C8FDE-LeaderElection149] INFO  server.RaftServerConfigKeys (ConfUtils.java:logGet(43)) - raft.server.log.appender.snapshot.chunk.size.max = 16MB (=16777216) (default)
2019-10-07 12:01:43,878 [9e4f0239-5467-41fd-81e1-38f0f07fc00b@group-240EBE1C8FDE-LeaderElection149] INFO  server.RaftServerConfigKeys (ConfUtils.java:logGet(43)) - raft.server.log.appender.buffer.byte-limit = 33554432 (custom)
2019-10-07 12:01:43,879 [9e4f0239-5467-41fd-81e1-38f0f07fc00b@group-240EBE1C8FDE-LeaderElection149] INFO  server.RaftServerConfigKeys (ConfUtils.java:logGet(43)) - raft.server.log.appender.buffer.element-limit = 1 (custom)
2019-10-07 12:01:43,879 [9e4f0239-5467-41fd-81e1-38f0f07fc00b@group-240EBE1C8FDE-LeaderElection149] INFO  grpc.GrpcConfigKeys$Server (ConfUtils.java:logGet(43)) - raft.grpc.server.leader.outstanding.appends.max = 128 (default)
2019-10-07 12:01:43,879 [9e4f0239-5467-41fd-81e1-38f0f07fc00b@group-240EBE1C8FDE-LeaderElection149] INFO  server.RaftServerConfigKeys (ConfUtils.java:logGet(43)) - raft.server.rpc.request.timeout = 3000ms (default)
2019-10-07 12:01:43,879 [9e4f0239-5467-41fd-81e1-38f0f07fc00b@group-240EBE1C8FDE-LeaderElection149] INFO  server.RaftServerConfigKeys (ConfUtils.java:logGet(43)) - raft.server.log.appender.install.snapshot.enabled = false (custom)
2019-10-07 12:01:43,879 [9e4f0239-5467-41fd-81e1-38f0f07fc00b@group-240EBE1C8FDE-LeaderElection149] INFO  impl.RoleInfo (RoleInfo.java:updateAndGet(143)) - 9e4f0239-5467-41fd-81e1-38f0f07fc00b: start LeaderState
2019-10-07 12:01:43,879 [9e4f0239-5467-41fd-81e1-38f0f07fc00b@group-240EBE1C8FDE-LeaderElection149] INFO  segmented.SegmentedRaftLogWorker (SegmentedRaftLogWorker.java:startLogSegment(385)) - 9e4f0239-5467-41fd-81e1-38f0f07fc00b@group-240EBE1C8FDE-SegmentedRaftLogWorker: Starting segment from index:0
2019-10-07 12:01:43,880 [9e4f0239-5467-41fd-81e1-38f0f07fc00b@group-240EBE1C8FDE-LeaderElection149] INFO  impl.RaftServerImpl (ServerState.java:setRaftConf(356)) - 9e4f0239-5467-41fd-81e1-38f0f07fc00b@group-240EBE1C8FDE: set configuration 0: [35b93ee3-cf43-44f7-b896-65b06618aa81:192.168.30.26:43657, 9e4f0239-5467-41fd-81e1-38f0f07fc00b:192.168.30.26:36089, 5fb7ce83-242c-4a6f-a9ec-b211957cc825:192.168.30.26:42375], old=null at 0
2019-10-07 12:01:43,909 [grpc-default-executor-7] INFO  impl.RaftServerImpl (ServerState.java:setLeader(255)) - 5fb7ce83-242c-4a6f-a9ec-b211957cc825@group-240EBE1C8FDE: change Leader from null to 9e4f0239-5467-41fd-81e1-38f0f07fc00b at term 1 for appendEntries, leader elected after 1142ms
2019-10-07 12:01:43,913 [grpc-default-executor-10] INFO  impl.RaftServerImpl (ServerState.java:setLeader(255)) - 35b93ee3-cf43-44f7-b896-65b06618aa81@group-240EBE1C8FDE: change Leader from null to 9e4f0239-5467-41fd-81e1-38f0f07fc00b at term 1 for appendEntries, leader elected after 1147ms
2019-10-07 12:01:43,915 [grpc-default-executor-10] INFO  impl.RaftServerImpl (ServerState.java:setRaftConf(356)) - 5fb7ce83-242c-4a6f-a9ec-b211957cc825@group-240EBE1C8FDE: set configuration 0: [35b93ee3-cf43-44f7-b896-65b06618aa81:192.168.30.26:43657, 9e4f0239-5467-41fd-81e1-38f0f07fc00b:192.168.30.26:36089, 5fb7ce83-242c-4a6f-a9ec-b211957cc825:192.168.30.26:42375], old=null at 0
2019-10-07 12:01:43,915 [grpc-default-executor-7] INFO  impl.RaftServerImpl (ServerState.java:setRaftConf(356)) - 35b93ee3-cf43-44f7-b896-65b06618aa81@group-240EBE1C8FDE: set configuration 0: [35b93ee3-cf43-44f7-b896-65b06618aa81:192.168.30.26:43657, 9e4f0239-5467-41fd-81e1-38f0f07fc00b:192.168.30.26:36089, 5fb7ce83-242c-4a6f-a9ec-b211957cc825:192.168.30.26:42375], old=null at 0
2019-10-07 12:01:43,915 [grpc-default-executor-10] INFO  segmented.SegmentedRaftLogWorker (SegmentedRaftLogWorker.java:startLogSegment(385)) - 5fb7ce83-242c-4a6f-a9ec-b211957cc825@group-240EBE1C8FDE-SegmentedRaftLogWorker: Starting segment from index:0
2019-10-07 12:01:43,915 [grpc-default-executor-7] INFO  segmented.SegmentedRaftLogWorker (SegmentedRaftLogWorker.java:startLogSegment(385)) - 35b93ee3-cf43-44f7-b896-65b06618aa81@group-240EBE1C8FDE-SegmentedRaftLogWorker: Starting segment from index:0
2019-10-07 12:01:43,918 [9e4f0239-5467-41fd-81e1-38f0f07fc00b@group-240EBE1C8FDE-SegmentedRaftLogWorker] INFO  segmented.SegmentedRaftLogWorker (SegmentedRaftLogWorker.java:execute(574)) - 9e4f0239-5467-41fd-81e1-38f0f07fc00b@group-240EBE1C8FDE-SegmentedRaftLogWorker: created new log segment /workdir/hadoop-ozone/integration-test/target/test-dir/MiniOzoneClusterImpl-3996cdb0-1c67-461d-8979-130917cb6d41/datanode-2/data/ratis/72795b40-b455-49fe-9f44-240ebe1c8fde/current/log_inprogress_0
2019-10-07 12:01:43,962 [5fb7ce83-242c-4a6f-a9ec-b211957cc825@group-240EBE1C8FDE-SegmentedRaftLogWorker] INFO  segmented.SegmentedRaftLogWorker (SegmentedRaftLogWorker.java:execute(574)) - 5fb7ce83-242c-4a6f-a9ec-b211957cc825@group-240EBE1C8FDE-SegmentedRaftLogWorker: created new log segment /workdir/hadoop-ozone/integration-test/target/test-dir/MiniOzoneClusterImpl-3996cdb0-1c67-461d-8979-130917cb6d41/datanode-1/data/ratis/72795b40-b455-49fe-9f44-240ebe1c8fde/current/log_inprogress_0
2019-10-07 12:01:43,962 [35b93ee3-cf43-44f7-b896-65b06618aa81@group-240EBE1C8FDE-SegmentedRaftLogWorker] INFO  segmented.SegmentedRaftLogWorker (SegmentedRaftLogWorker.java:execute(574)) - 35b93ee3-cf43-44f7-b896-65b06618aa81@group-240EBE1C8FDE-SegmentedRaftLogWorker: created new log segment /workdir/hadoop-ozone/integration-test/target/test-dir/MiniOzoneClusterImpl-3996cdb0-1c67-461d-8979-130917cb6d41/datanode-0/data/ratis/72795b40-b455-49fe-9f44-240ebe1c8fde/current/log_inprogress_0
2019-10-07 12:01:43,963 [Thread-3503] INFO  impl.FollowerState (FollowerState.java:run(108)) - 9968b69f-cbe4-4e66-9140-11f2884fa70f@group-26D974B03AFC-FollowerState: change to CANDIDATE, lastRpcTime:1119ms, electionTimeout:1119ms
2019-10-07 12:01:43,963 [Thread-3503] INFO  impl.RoleInfo (RoleInfo.java:shutdownFollowerState(121)) - 9968b69f-cbe4-4e66-9140-11f2884fa70f: shutdown FollowerState
2019-10-07 12:01:43,963 [Thread-3503] INFO  impl.RaftServerImpl (RaftServerImpl.java:setRole(170)) - 9968b69f-cbe4-4e66-9140-11f2884fa70f@group-26D974B03AFC: changes role from  FOLLOWER to CANDIDATE at term 0 for changeToCandidate
2019-10-07 12:01:43,963 [Thread-3503] INFO  impl.RoleInfo (RoleInfo.java:updateAndGet(143)) - 9968b69f-cbe4-4e66-9140-11f2884fa70f: start LeaderElection
2019-10-07 12:01:43,983 [9968b69f-cbe4-4e66-9140-11f2884fa70f@group-26D974B03AFC-LeaderElection150] INFO  impl.LeaderElection (LeaderElection.java:askForVotes(178)) - 9968b69f-cbe4-4e66-9140-11f2884fa70f@group-26D974B03AFC-LeaderElection150: begin an election at term 1 for -1: [9968b69f-cbe4-4e66-9140-11f2884fa70f:192.168.30.26:34238], old=null
2019-10-07 12:01:43,984 [9968b69f-cbe4-4e66-9140-11f2884fa70f@group-26D974B03AFC-LeaderElection150] INFO  impl.RoleInfo (RoleInfo.java:shutdownLeaderElection(134)) - 9968b69f-cbe4-4e66-9140-11f2884fa70f: shutdown LeaderElection
2019-10-07 12:01:43,984 [9968b69f-cbe4-4e66-9140-11f2884fa70f@group-26D974B03AFC-LeaderElection150] INFO  impl.RaftServerImpl (RaftServerImpl.java:setRole(170)) - 9968b69f-cbe4-4e66-9140-11f2884fa70f@group-26D974B03AFC: changes role from CANDIDATE to LEADER at term 1 for changeToLeader
2019-10-07 12:01:43,984 [9968b69f-cbe4-4e66-9140-11f2884fa70f@group-26D974B03AFC-LeaderElection150] INFO  impl.RaftServerImpl (ServerState.java:setLeader(255)) - 9968b69f-cbe4-4e66-9140-11f2884fa70f@group-26D974B03AFC: change Leader from null to 9968b69f-cbe4-4e66-9140-11f2884fa70f at term 1 for becomeLeader, leader elected after 1146ms
2019-10-07 12:01:43,984 [9968b69f-cbe4-4e66-9140-11f2884fa70f@group-26D974B03AFC-LeaderElection150] INFO  server.RaftServerConfigKeys (ConfUtils.java:logGet(43)) - raft.server.staging.catchup.gap = 1000 (default)
2019-10-07 12:01:43,984 [9968b69f-cbe4-4e66-9140-11f2884fa70f@group-26D974B03AFC-LeaderElection150] INFO  server.RaftServerConfigKeys (ConfUtils.java:logGet(43)) - raft.server.rpc.sleep.time = 25ms (default)
2019-10-07 12:01:43,984 [9968b69f-cbe4-4e66-9140-11f2884fa70f@group-26D974B03AFC-LeaderElection150] INFO  server.RaftServerConfigKeys (ConfUtils.java:logGet(43)) - raft.server.write.element-limit = 4096 (default)
2019-10-07 12:01:43,984 [9968b69f-cbe4-4e66-9140-11f2884fa70f@group-26D974B03AFC-LeaderElection150] INFO  server.RaftServerConfigKeys (ConfUtils.java:logGet(43)) - raft.server.watch.timeout = 10s (default)
2019-10-07 12:01:43,984 [9968b69f-cbe4-4e66-9140-11f2884fa70f@group-26D974B03AFC-LeaderElection150] INFO  server.RaftServerConfigKeys (ConfUtils.java:logGet(43)) - raft.server.watch.timeout.denomination = 1s (default)
2019-10-07 12:01:43,984 [9968b69f-cbe4-4e66-9140-11f2884fa70f@group-26D974B03AFC-LeaderElection150] INFO  server.RaftServerConfigKeys (ConfUtils.java:logGet(43)) - raft.server.watch.element-limit = 65536 (default)
2019-10-07 12:01:43,985 [9968b69f-cbe4-4e66-9140-11f2884fa70f@group-26D974B03AFC-LeaderElection150] INFO  impl.RoleInfo (RoleInfo.java:updateAndGet(143)) - 9968b69f-cbe4-4e66-9140-11f2884fa70f: start LeaderState
2019-10-07 12:01:43,985 [9968b69f-cbe4-4e66-9140-11f2884fa70f@group-26D974B03AFC-LeaderElection150] INFO  segmented.SegmentedRaftLogWorker (SegmentedRaftLogWorker.java:startLogSegment(385)) - 9968b69f-cbe4-4e66-9140-11f2884fa70f@group-26D974B03AFC-SegmentedRaftLogWorker: Starting segment from index:0
2019-10-07 12:01:43,986 [9968b69f-cbe4-4e66-9140-11f2884fa70f@group-26D974B03AFC-LeaderElection150] INFO  impl.RaftServerImpl (ServerState.java:setRaftConf(356)) - 9968b69f-cbe4-4e66-9140-11f2884fa70f@group-26D974B03AFC: set configuration 0: [9968b69f-cbe4-4e66-9140-11f2884fa70f:192.168.30.26:34238], old=null at 0
2019-10-07 12:01:44,020 [Thread-3506] INFO  impl.FollowerState (FollowerState.java:run(108)) - 7ea16973-9905-4da7-bb80-bd85639ef624@group-B5F9B23D4E55-FollowerState: change to CANDIDATE, lastRpcTime:1131ms, electionTimeout:1131ms
2019-10-07 12:01:44,020 [Thread-3506] INFO  impl.RoleInfo (RoleInfo.java:shutdownFollowerState(121)) - 7ea16973-9905-4da7-bb80-bd85639ef624: shutdown FollowerState
2019-10-07 12:01:44,020 [Thread-3506] INFO  impl.RaftServerImpl (RaftServerImpl.java:setRole(170)) - 7ea16973-9905-4da7-bb80-bd85639ef624@group-B5F9B23D4E55: changes role from  FOLLOWER to CANDIDATE at term 0 for changeToCandidate
2019-10-07 12:01:44,020 [Thread-3506] INFO  impl.RoleInfo (RoleInfo.java:updateAndGet(143)) - 7ea16973-9905-4da7-bb80-bd85639ef624: start LeaderElection
2019-10-07 12:01:44,028 [9968b69f-cbe4-4e66-9140-11f2884fa70f@group-26D974B03AFC-SegmentedRaftLogWorker] INFO  segmented.SegmentedRaftLogWorker (SegmentedRaftLogWorker.java:execute(574)) - 9968b69f-cbe4-4e66-9140-11f2884fa70f@group-26D974B03AFC-SegmentedRaftLogWorker: created new log segment /workdir/hadoop-ozone/integration-test/target/test-dir/MiniOzoneClusterImpl-3996cdb0-1c67-461d-8979-130917cb6d41/datanode-3/data/ratis/63b776ca-2568-4891-a9b0-26d974b03afc/current/log_inprogress_0
2019-10-07 12:01:44,041 [7ea16973-9905-4da7-bb80-bd85639ef624@group-B5F9B23D4E55-LeaderElection151] INFO  impl.LeaderElection (LeaderElection.java:askForVotes(178)) - 7ea16973-9905-4da7-bb80-bd85639ef624@group-B5F9B23D4E55-LeaderElection151: begin an election at term 1 for -1: [7ea16973-9905-4da7-bb80-bd85639ef624:192.168.30.26:44736], old=null
2019-10-07 12:01:44,041 [7ea16973-9905-4da7-bb80-bd85639ef624@group-B5F9B23D4E55-LeaderElection151] INFO  impl.RoleInfo (RoleInfo.java:shutdownLeaderElection(134)) - 7ea16973-9905-4da7-bb80-bd85639ef624: shutdown LeaderElection
2019-10-07 12:01:44,042 [7ea16973-9905-4da7-bb80-bd85639ef624@group-B5F9B23D4E55-LeaderElection151] INFO  impl.RaftServerImpl (RaftServerImpl.java:setRole(170)) - 7ea16973-9905-4da7-bb80-bd85639ef624@group-B5F9B23D4E55: changes role from CANDIDATE to LEADER at term 1 for changeToLeader
2019-10-07 12:01:44,042 [7ea16973-9905-4da7-bb80-bd85639ef624@group-B5F9B23D4E55-LeaderElection151] INFO  impl.RaftServerImpl (ServerState.java:setLeader(255)) - 7ea16973-9905-4da7-bb80-bd85639ef624@group-B5F9B23D4E55: change Leader from null to 7ea16973-9905-4da7-bb80-bd85639ef624 at term 1 for becomeLeader, leader elected after 1158ms
2019-10-07 12:01:44,042 [7ea16973-9905-4da7-bb80-bd85639ef624@group-B5F9B23D4E55-LeaderElection151] INFO  server.RaftServerConfigKeys (ConfUtils.java:logGet(43)) - raft.server.staging.catchup.gap = 1000 (default)
2019-10-07 12:01:44,042 [7ea16973-9905-4da7-bb80-bd85639ef624@group-B5F9B23D4E55-LeaderElection151] INFO  server.RaftServerConfigKeys (ConfUtils.java:logGet(43)) - raft.server.rpc.sleep.time = 25ms (default)
2019-10-07 12:01:44,042 [7ea16973-9905-4da7-bb80-bd85639ef624@group-B5F9B23D4E55-LeaderElection151] INFO  server.RaftServerConfigKeys (ConfUtils.java:logGet(43)) - raft.server.write.element-limit = 4096 (default)
2019-10-07 12:01:44,042 [7ea16973-9905-4da7-bb80-bd85639ef624@group-B5F9B23D4E55-LeaderElection151] INFO  server.RaftServerConfigKeys (ConfUtils.java:logGet(43)) - raft.server.watch.timeout = 10s (default)
2019-10-07 12:01:44,042 [7ea16973-9905-4da7-bb80-bd85639ef624@group-B5F9B23D4E55-LeaderElection151] INFO  server.RaftServerConfigKeys (ConfUtils.java:logGet(43)) - raft.server.watch.timeout.denomination = 1s (default)
2019-10-07 12:01:44,042 [7ea16973-9905-4da7-bb80-bd85639ef624@group-B5F9B23D4E55-LeaderElection151] INFO  server.RaftServerConfigKeys (ConfUtils.java:logGet(43)) - raft.server.watch.element-limit = 65536 (default)
2019-10-07 12:01:44,043 [7ea16973-9905-4da7-bb80-bd85639ef624@group-B5F9B23D4E55-LeaderElection151] INFO  impl.RoleInfo (RoleInfo.java:updateAndGet(143)) - 7ea16973-9905-4da7-bb80-bd85639ef624: start LeaderState
2019-10-07 12:01:44,044 [7ea16973-9905-4da7-bb80-bd85639ef624@group-B5F9B23D4E55-LeaderElection151] INFO  segmented.SegmentedRaftLogWorker (SegmentedRaftLogWorker.java:startLogSegment(385)) - 7ea16973-9905-4da7-bb80-bd85639ef624@group-B5F9B23D4E55-SegmentedRaftLogWorker: Starting segment from index:0
2019-10-07 12:01:44,044 [7ea16973-9905-4da7-bb80-bd85639ef624@group-B5F9B23D4E55-LeaderElection151] INFO  impl.RaftServerImpl (ServerState.java:setRaftConf(356)) - 7ea16973-9905-4da7-bb80-bd85639ef624@group-B5F9B23D4E55: set configuration 0: [7ea16973-9905-4da7-bb80-bd85639ef624:192.168.30.26:44736], old=null at 0
2019-10-07 12:01:44,079 [7ea16973-9905-4da7-bb80-bd85639ef624@group-B5F9B23D4E55-SegmentedRaftLogWorker] INFO  segmented.SegmentedRaftLogWorker (SegmentedRaftLogWorker.java:execute(574)) - 7ea16973-9905-4da7-bb80-bd85639ef624@group-B5F9B23D4E55-SegmentedRaftLogWorker: created new log segment /workdir/hadoop-ozone/integration-test/target/test-dir/MiniOzoneClusterImpl-3996cdb0-1c67-461d-8979-130917cb6d41/datanode-4/data/ratis/2d416ef2-de2d-4c09-9b7d-b5f9b23d4e55/current/log_inprogress_0
2019-10-07 12:01:44,110 [Thread-3509] INFO  impl.FollowerState (FollowerState.java:run(108)) - ea099ddf-fb2e-4ec3-b0a2-f19542a0ccf4@group-BC0A8B10AC35-FollowerState: change to CANDIDATE, lastRpcTime:1176ms, electionTimeout:1176ms
2019-10-07 12:01:44,110 [Thread-3509] INFO  impl.RoleInfo (RoleInfo.java:shutdownFollowerState(121)) - ea099ddf-fb2e-4ec3-b0a2-f19542a0ccf4: shutdown FollowerState
2019-10-07 12:01:44,110 [Thread-3509] INFO  impl.RaftServerImpl (RaftServerImpl.java:setRole(170)) - ea099ddf-fb2e-4ec3-b0a2-f19542a0ccf4@group-BC0A8B10AC35: changes role from  FOLLOWER to CANDIDATE at term 0 for changeToCandidate
2019-10-07 12:01:44,110 [Thread-3509] INFO  impl.RoleInfo (RoleInfo.java:updateAndGet(143)) - ea099ddf-fb2e-4ec3-b0a2-f19542a0ccf4: start LeaderElection
2019-10-07 12:01:44,119 [Thread-3516] INFO  impl.FollowerState (FollowerState.java:run(108)) - 7ea16973-9905-4da7-bb80-bd85639ef624@group-28B4426542C7-FollowerState: change to CANDIDATE, lastRpcTime:1112ms, electionTimeout:1105ms
2019-10-07 12:01:44,122 [Thread-3516] INFO  impl.RoleInfo (RoleInfo.java:shutdownFollowerState(121)) - 7ea16973-9905-4da7-bb80-bd85639ef624: shutdown FollowerState
2019-10-07 12:01:44,122 [Thread-3516] INFO  impl.RaftServerImpl (RaftServerImpl.java:setRole(170)) - 7ea16973-9905-4da7-bb80-bd85639ef624@group-28B4426542C7: changes role from  FOLLOWER to CANDIDATE at term 0 for changeToCandidate
2019-10-07 12:01:44,122 [Thread-3516] INFO  impl.RoleInfo (RoleInfo.java:updateAndGet(143)) - 7ea16973-9905-4da7-bb80-bd85639ef624: start LeaderElection
2019-10-07 12:01:44,134 [Thread-3515] INFO  impl.FollowerState (FollowerState.java:run(108)) - ea099ddf-fb2e-4ec3-b0a2-f19542a0ccf4@group-28B4426542C7-FollowerState: change to CANDIDATE, lastRpcTime:1128ms, electionTimeout:1117ms
2019-10-07 12:01:44,139 [Thread-3515] INFO  impl.RoleInfo (RoleInfo.java:shutdownFollowerState(121)) - ea099ddf-fb2e-4ec3-b0a2-f19542a0ccf4: shutdown FollowerState
2019-10-07 12:01:44,139 [ea099ddf-fb2e-4ec3-b0a2-f19542a0ccf4@group-BC0A8B10AC35-LeaderElection152] INFO  impl.LeaderElection (LeaderElection.java:askForVotes(178)) - ea099ddf-fb2e-4ec3-b0a2-f19542a0ccf4@group-BC0A8B10AC35-LeaderElection152: begin an election at term 1 for -1: [ea099ddf-fb2e-4ec3-b0a2-f19542a0ccf4:192.168.30.26:44361], old=null
2019-10-07 12:01:44,139 [Thread-3515] INFO  impl.RaftServerImpl (RaftServerImpl.java:setRole(170)) - ea099ddf-fb2e-4ec3-b0a2-f19542a0ccf4@group-28B4426542C7: changes role from  FOLLOWER to CANDIDATE at term 0 for changeToCandidate
2019-10-07 12:01:44,140 [ea099ddf-fb2e-4ec3-b0a2-f19542a0ccf4@group-BC0A8B10AC35-LeaderElection152] INFO  impl.RoleInfo (RoleInfo.java:shutdownLeaderElection(134)) - ea099ddf-fb2e-4ec3-b0a2-f19542a0ccf4: shutdown LeaderElection
2019-10-07 12:01:44,140 [Thread-3515] INFO  impl.RoleInfo (RoleInfo.java:updateAndGet(143)) - ea099ddf-fb2e-4ec3-b0a2-f19542a0ccf4: start LeaderElection
2019-10-07 12:01:44,140 [ea099ddf-fb2e-4ec3-b0a2-f19542a0ccf4@group-BC0A8B10AC35-LeaderElection152] INFO  impl.RaftServerImpl (RaftServerImpl.java:setRole(170)) - ea099ddf-fb2e-4ec3-b0a2-f19542a0ccf4@group-BC0A8B10AC35: changes role from CANDIDATE to LEADER at term 1 for changeToLeader
2019-10-07 12:01:44,140 [ea099ddf-fb2e-4ec3-b0a2-f19542a0ccf4@group-BC0A8B10AC35-LeaderElection152] INFO  impl.RaftServerImpl (ServerState.java:setLeader(255)) - ea099ddf-fb2e-4ec3-b0a2-f19542a0ccf4@group-BC0A8B10AC35: change Leader from null to ea099ddf-fb2e-4ec3-b0a2-f19542a0ccf4 at term 1 for becomeLeader, leader elected after 1212ms
2019-10-07 12:01:44,145 [ea099ddf-fb2e-4ec3-b0a2-f19542a0ccf4@group-BC0A8B10AC35-LeaderElection152] INFO  server.RaftServerConfigKeys (ConfUtils.java:logGet(43)) - raft.server.staging.catchup.gap = 1000 (default)
2019-10-07 12:01:44,145 [ea099ddf-fb2e-4ec3-b0a2-f19542a0ccf4@group-BC0A8B10AC35-LeaderElection152] INFO  server.RaftServerConfigKeys (ConfUtils.java:logGet(43)) - raft.server.rpc.sleep.time = 25ms (default)
2019-10-07 12:01:44,146 [ea099ddf-fb2e-4ec3-b0a2-f19542a0ccf4@group-BC0A8B10AC35-LeaderElection152] INFO  server.RaftServerConfigKeys (ConfUtils.java:logGet(43)) - raft.server.write.element-limit = 4096 (default)
2019-10-07 12:01:44,146 [ea099ddf-fb2e-4ec3-b0a2-f19542a0ccf4@group-BC0A8B10AC35-LeaderElection152] INFO  server.RaftServerConfigKeys (ConfUtils.java:logGet(43)) - raft.server.watch.timeout = 10s (default)
2019-10-07 12:01:44,146 [ea099ddf-fb2e-4ec3-b0a2-f19542a0ccf4@group-BC0A8B10AC35-LeaderElection152] INFO  server.RaftServerConfigKeys (ConfUtils.java:logGet(43)) - raft.server.watch.timeout.denomination = 1s (default)
2019-10-07 12:01:44,146 [ea099ddf-fb2e-4ec3-b0a2-f19542a0ccf4@group-BC0A8B10AC35-LeaderElection152] INFO  server.RaftServerConfigKeys (ConfUtils.java:logGet(43)) - raft.server.watch.element-limit = 65536 (default)
2019-10-07 12:01:44,149 [ea099ddf-fb2e-4ec3-b0a2-f19542a0ccf4@group-BC0A8B10AC35-LeaderElection152] INFO  impl.RoleInfo (RoleInfo.java:updateAndGet(143)) - ea099ddf-fb2e-4ec3-b0a2-f19542a0ccf4: start LeaderState
2019-10-07 12:01:44,149 [ea099ddf-fb2e-4ec3-b0a2-f19542a0ccf4@group-BC0A8B10AC35-LeaderElection152] INFO  segmented.SegmentedRaftLogWorker (SegmentedRaftLogWorker.java:startLogSegment(385)) - ea099ddf-fb2e-4ec3-b0a2-f19542a0ccf4@group-BC0A8B10AC35-SegmentedRaftLogWorker: Starting segment from index:0
2019-10-07 12:01:44,149 [ea099ddf-fb2e-4ec3-b0a2-f19542a0ccf4@group-BC0A8B10AC35-LeaderElection152] INFO  impl.RaftServerImpl (ServerState.java:setRaftConf(356)) - ea099ddf-fb2e-4ec3-b0a2-f19542a0ccf4@group-BC0A8B10AC35: set configuration 0: [ea099ddf-fb2e-4ec3-b0a2-f19542a0ccf4:192.168.30.26:44361], old=null at 0
2019-10-07 12:01:44,157 [Thread-3521] INFO  impl.FollowerState (FollowerState.java:run(108)) - f273724d-798c-4ad2-8d41-52aa1480ea33@group-29EB60817F72-FollowerState: change to CANDIDATE, lastRpcTime:1083ms, electionTimeout:1083ms
2019-10-07 12:01:44,157 [Thread-3521] INFO  impl.RoleInfo (RoleInfo.java:shutdownFollowerState(121)) - f273724d-798c-4ad2-8d41-52aa1480ea33: shutdown FollowerState
2019-10-07 12:01:44,157 [Thread-3521] INFO  impl.RaftServerImpl (RaftServerImpl.java:setRole(170)) - f273724d-798c-4ad2-8d41-52aa1480ea33@group-29EB60817F72: changes role from  FOLLOWER to CANDIDATE at term 0 for changeToCandidate
2019-10-07 12:01:44,158 [Thread-3521] INFO  impl.RoleInfo (RoleInfo.java:updateAndGet(143)) - f273724d-798c-4ad2-8d41-52aa1480ea33: start LeaderElection
2019-10-07 12:01:44,186 [Thread-3514] INFO  impl.FollowerState (FollowerState.java:run(108)) - 9968b69f-cbe4-4e66-9140-11f2884fa70f@group-28B4426542C7-FollowerState: change to CANDIDATE, lastRpcTime:1182ms, electionTimeout:1171ms
2019-10-07 12:01:44,186 [Thread-3514] INFO  impl.RoleInfo (RoleInfo.java:shutdownFollowerState(121)) - 9968b69f-cbe4-4e66-9140-11f2884fa70f: shutdown FollowerState
2019-10-07 12:01:44,186 [ea099ddf-fb2e-4ec3-b0a2-f19542a0ccf4@group-28B4426542C7-LeaderElection154] INFO  impl.LeaderElection (LeaderElection.java:askForVotes(178)) - ea099ddf-fb2e-4ec3-b0a2-f19542a0ccf4@group-28B4426542C7-LeaderElection154: begin an election at term 1 for -1: [7ea16973-9905-4da7-bb80-bd85639ef624:192.168.30.26:44736, ea099ddf-fb2e-4ec3-b0a2-f19542a0ccf4:192.168.30.26:44361, 9968b69f-cbe4-4e66-9140-11f2884fa70f:192.168.30.26:34238], old=null
2019-10-07 12:01:44,186 [7ea16973-9905-4da7-bb80-bd85639ef624@group-28B4426542C7-LeaderElection153] INFO  impl.LeaderElection (LeaderElection.java:askForVotes(178)) - 7ea16973-9905-4da7-bb80-bd85639ef624@group-28B4426542C7-LeaderElection153: begin an election at term 1 for -1: [7ea16973-9905-4da7-bb80-bd85639ef624:192.168.30.26:44736, ea099ddf-fb2e-4ec3-b0a2-f19542a0ccf4:192.168.30.26:44361, 9968b69f-cbe4-4e66-9140-11f2884fa70f:192.168.30.26:34238], old=null
2019-10-07 12:01:44,186 [Thread-3514] INFO  impl.RaftServerImpl (RaftServerImpl.java:setRole(170)) - 9968b69f-cbe4-4e66-9140-11f2884fa70f@group-28B4426542C7: changes role from  FOLLOWER to CANDIDATE at term 0 for changeToCandidate
2019-10-07 12:01:44,187 [Thread-3514] INFO  impl.RoleInfo (RoleInfo.java:updateAndGet(143)) - 9968b69f-cbe4-4e66-9140-11f2884fa70f: start LeaderElection
2019-10-07 12:01:44,191 [Thread-3527] INFO  impl.FollowerState (FollowerState.java:run(108)) - dbe9d5b3-671c-49b9-b95c-28ee3dd5e12c@group-1FDA752794CC-FollowerState: change to CANDIDATE, lastRpcTime:1015ms, electionTimeout:1013ms
2019-10-07 12:01:44,194 [Thread-3527] INFO  impl.RoleInfo (RoleInfo.java:shutdownFollowerState(121)) - dbe9d5b3-671c-49b9-b95c-28ee3dd5e12c: shutdown FollowerState
2019-10-07 12:01:44,194 [Thread-3527] INFO  impl.RaftServerImpl (RaftServerImpl.java:setRole(170)) - dbe9d5b3-671c-49b9-b95c-28ee3dd5e12c@group-1FDA752794CC: changes role from  FOLLOWER to CANDIDATE at term 0 for changeToCandidate
2019-10-07 12:01:44,195 [Thread-3527] INFO  impl.RoleInfo (RoleInfo.java:updateAndGet(143)) - dbe9d5b3-671c-49b9-b95c-28ee3dd5e12c: start LeaderElection
2019-10-07 12:01:44,203 [ea099ddf-fb2e-4ec3-b0a2-f19542a0ccf4@group-BC0A8B10AC35-SegmentedRaftLogWorker] INFO  segmented.SegmentedRaftLogWorker (SegmentedRaftLogWorker.java:execute(574)) - ea099ddf-fb2e-4ec3-b0a2-f19542a0ccf4@group-BC0A8B10AC35-SegmentedRaftLogWorker: created new log segment /workdir/hadoop-ozone/integration-test/target/test-dir/MiniOzoneClusterImpl-3996cdb0-1c67-461d-8979-130917cb6d41/datanode-5/data/ratis/6bfd3d48-5560-4f1c-a471-bc0a8b10ac35/current/log_inprogress_0
2019-10-07 12:01:44,203 [f273724d-798c-4ad2-8d41-52aa1480ea33@group-29EB60817F72-LeaderElection155] INFO  impl.LeaderElection (LeaderElection.java:askForVotes(178)) - f273724d-798c-4ad2-8d41-52aa1480ea33@group-29EB60817F72-LeaderElection155: begin an election at term 1 for -1: [f273724d-798c-4ad2-8d41-52aa1480ea33:192.168.30.26:37581], old=null
2019-10-07 12:01:44,203 [9968b69f-cbe4-4e66-9140-11f2884fa70f@group-28B4426542C7-LeaderElection156] INFO  impl.LeaderElection (LeaderElection.java:askForVotes(178)) - 9968b69f-cbe4-4e66-9140-11f2884fa70f@group-28B4426542C7-LeaderElection156: begin an election at term 1 for -1: [7ea16973-9905-4da7-bb80-bd85639ef624:192.168.30.26:44736, ea099ddf-fb2e-4ec3-b0a2-f19542a0ccf4:192.168.30.26:44361, 9968b69f-cbe4-4e66-9140-11f2884fa70f:192.168.30.26:34238], old=null
2019-10-07 12:01:44,203 [f273724d-798c-4ad2-8d41-52aa1480ea33@group-29EB60817F72-LeaderElection155] INFO  impl.RoleInfo (RoleInfo.java:shutdownLeaderElection(134)) - f273724d-798c-4ad2-8d41-52aa1480ea33: shutdown LeaderElection
2019-10-07 12:01:44,203 [f273724d-798c-4ad2-8d41-52aa1480ea33@group-29EB60817F72-LeaderElection155] INFO  impl.RaftServerImpl (RaftServerImpl.java:setRole(170)) - f273724d-798c-4ad2-8d41-52aa1480ea33@group-29EB60817F72: changes role from CANDIDATE to LEADER at term 1 for changeToLeader
2019-10-07 12:01:44,203 [f273724d-798c-4ad2-8d41-52aa1480ea33@group-29EB60817F72-LeaderElection155] INFO  impl.RaftServerImpl (ServerState.java:setLeader(255)) - f273724d-798c-4ad2-8d41-52aa1480ea33@group-29EB60817F72: change Leader from null to f273724d-798c-4ad2-8d41-52aa1480ea33 at term 1 for becomeLeader, leader elected after 1136ms
2019-10-07 12:01:44,203 [f273724d-798c-4ad2-8d41-52aa1480ea33@group-29EB60817F72-LeaderElection155] INFO  server.RaftServerConfigKeys (ConfUtils.java:logGet(43)) - raft.server.staging.catchup.gap = 1000 (default)
2019-10-07 12:01:44,204 [f273724d-798c-4ad2-8d41-52aa1480ea33@group-29EB60817F72-LeaderElection155] INFO  server.RaftServerConfigKeys (ConfUtils.java:logGet(43)) - raft.server.rpc.sleep.time = 25ms (default)
2019-10-07 12:01:44,204 [f273724d-798c-4ad2-8d41-52aa1480ea33@group-29EB60817F72-LeaderElection155] INFO  server.RaftServerConfigKeys (ConfUtils.java:logGet(43)) - raft.server.write.element-limit = 4096 (default)
2019-10-07 12:01:44,204 [f273724d-798c-4ad2-8d41-52aa1480ea33@group-29EB60817F72-LeaderElection155] INFO  server.RaftServerConfigKeys (ConfUtils.java:logGet(43)) - raft.server.watch.timeout = 10s (default)
2019-10-07 12:01:44,204 [f273724d-798c-4ad2-8d41-52aa1480ea33@group-29EB60817F72-LeaderElection155] INFO  server.RaftServerConfigKeys (ConfUtils.java:logGet(43)) - raft.server.watch.timeout.denomination = 1s (default)
2019-10-07 12:01:44,204 [f273724d-798c-4ad2-8d41-52aa1480ea33@group-29EB60817F72-LeaderElection155] INFO  server.RaftServerConfigKeys (ConfUtils.java:logGet(43)) - raft.server.watch.element-limit = 65536 (default)
2019-10-07 12:01:44,205 [f273724d-798c-4ad2-8d41-52aa1480ea33@group-29EB60817F72-LeaderElection155] INFO  impl.RoleInfo (RoleInfo.java:updateAndGet(143)) - f273724d-798c-4ad2-8d41-52aa1480ea33: start LeaderState
2019-10-07 12:01:44,205 [f273724d-798c-4ad2-8d41-52aa1480ea33@group-29EB60817F72-LeaderElection155] INFO  segmented.SegmentedRaftLogWorker (SegmentedRaftLogWorker.java:startLogSegment(385)) - f273724d-798c-4ad2-8d41-52aa1480ea33@group-29EB60817F72-SegmentedRaftLogWorker: Starting segment from index:0
2019-10-07 12:01:44,206 [f273724d-798c-4ad2-8d41-52aa1480ea33@group-29EB60817F72-LeaderElection155] INFO  impl.RaftServerImpl (ServerState.java:setRaftConf(356)) - f273724d-798c-4ad2-8d41-52aa1480ea33@group-29EB60817F72: set configuration 0: [f273724d-798c-4ad2-8d41-52aa1480ea33:192.168.30.26:37581], old=null at 0
2019-10-07 12:01:44,206 [7ea16973-9905-4da7-bb80-bd85639ef624@group-28B4426542C7-LeaderElection153] INFO  impl.LeaderElection (LeaderElection.java:logAndReturn(56)) - 7ea16973-9905-4da7-bb80-bd85639ef624@group-28B4426542C7-LeaderElection153: Election REJECTED; received 2 response(s) [7ea16973-9905-4da7-bb80-bd85639ef624<-ea099ddf-fb2e-4ec3-b0a2-f19542a0ccf4#0:FAIL-t1, 7ea16973-9905-4da7-bb80-bd85639ef624<-9968b69f-cbe4-4e66-9140-11f2884fa70f#0:FAIL-t1] and 0 exception(s); 7ea16973-9905-4da7-bb80-bd85639ef624@group-28B4426542C7:t1, leader=null, voted=7ea16973-9905-4da7-bb80-bd85639ef624, raftlog=7ea16973-9905-4da7-bb80-bd85639ef624@group-28B4426542C7-SegmentedRaftLog:OPENED:c-1,f-1,i0, conf=-1: [7ea16973-9905-4da7-bb80-bd85639ef624:192.168.30.26:44736, ea099ddf-fb2e-4ec3-b0a2-f19542a0ccf4:192.168.30.26:44361, 9968b69f-cbe4-4e66-9140-11f2884fa70f:192.168.30.26:34238], old=null
2019-10-07 12:01:44,207 [7ea16973-9905-4da7-bb80-bd85639ef624@group-28B4426542C7-LeaderElection153] INFO  impl.RaftServerImpl (RaftServerImpl.java:setRole(170)) - 7ea16973-9905-4da7-bb80-bd85639ef624@group-28B4426542C7: changes role from CANDIDATE to FOLLOWER at term 1 for DISCOVERED_A_NEW_TERM
2019-10-07 12:01:44,207 [7ea16973-9905-4da7-bb80-bd85639ef624@group-28B4426542C7-LeaderElection153] INFO  impl.RoleInfo (RoleInfo.java:shutdownLeaderElection(134)) - 7ea16973-9905-4da7-bb80-bd85639ef624: shutdown LeaderElection
2019-10-07 12:01:44,207 [ea099ddf-fb2e-4ec3-b0a2-f19542a0ccf4@group-28B4426542C7-LeaderElection154] INFO  impl.LeaderElection (LeaderElection.java:logAndReturn(56)) - ea099ddf-fb2e-4ec3-b0a2-f19542a0ccf4@group-28B4426542C7-LeaderElection154: Election REJECTED; received 2 response(s) [ea099ddf-fb2e-4ec3-b0a2-f19542a0ccf4<-7ea16973-9905-4da7-bb80-bd85639ef624#0:FAIL-t1, ea099ddf-fb2e-4ec3-b0a2-f19542a0ccf4<-9968b69f-cbe4-4e66-9140-11f2884fa70f#0:FAIL-t1] and 0 exception(s); ea099ddf-fb2e-4ec3-b0a2-f19542a0ccf4@group-28B4426542C7:t1, leader=null, voted=ea099ddf-fb2e-4ec3-b0a2-f19542a0ccf4, raftlog=ea099ddf-fb2e-4ec3-b0a2-f19542a0ccf4@group-28B4426542C7-SegmentedRaftLog:OPENED:c-1,f-1,i0, conf=-1: [7ea16973-9905-4da7-bb80-bd85639ef624:192.168.30.26:44736, ea099ddf-fb2e-4ec3-b0a2-f19542a0ccf4:192.168.30.26:44361, 9968b69f-cbe4-4e66-9140-11f2884fa70f:192.168.30.26:34238], old=null
2019-10-07 12:01:44,241 [ea099ddf-fb2e-4ec3-b0a2-f19542a0ccf4@group-28B4426542C7-LeaderElection154] INFO  impl.RaftServerImpl (RaftServerImpl.java:setRole(170)) - ea099ddf-fb2e-4ec3-b0a2-f19542a0ccf4@group-28B4426542C7: changes role from CANDIDATE to FOLLOWER at term 1 for DISCOVERED_A_NEW_TERM
2019-10-07 12:01:44,241 [Thread-3524] INFO  impl.FollowerState (FollowerState.java:run(108)) - 36acb61b-05f2-4e48-b1a6-804a8e695824@group-5092E214CC74-FollowerState: change to CANDIDATE, lastRpcTime:1119ms, electionTimeout:1094ms
2019-10-07 12:01:44,245 [Thread-3524] INFO  impl.RoleInfo (RoleInfo.java:shutdownFollowerState(121)) - 36acb61b-05f2-4e48-b1a6-804a8e695824: shutdown FollowerState
2019-10-07 12:01:44,245 [Thread-3524] INFO  impl.RaftServerImpl (RaftServerImpl.java:setRole(170)) - 36acb61b-05f2-4e48-b1a6-804a8e695824@group-5092E214CC74: changes role from  FOLLOWER to CANDIDATE at term 0 for changeToCandidate
2019-10-07 12:01:44,245 [7ea16973-9905-4da7-bb80-bd85639ef624@group-28B4426542C7-LeaderElection153] INFO  impl.RoleInfo (RoleInfo.java:updateAndGet(143)) - 7ea16973-9905-4da7-bb80-bd85639ef624: start FollowerState
2019-10-07 12:01:44,245 [ea099ddf-fb2e-4ec3-b0a2-f19542a0ccf4@group-28B4426542C7-LeaderElection154] INFO  impl.RoleInfo (RoleInfo.java:shutdownLeaderElection(134)) - ea099ddf-fb2e-4ec3-b0a2-f19542a0ccf4: shutdown LeaderElection
2019-10-07 12:01:44,245 [Thread-3524] INFO  impl.RoleInfo (RoleInfo.java:updateAndGet(143)) - 36acb61b-05f2-4e48-b1a6-804a8e695824: start LeaderElection
2019-10-07 12:01:44,245 [dbe9d5b3-671c-49b9-b95c-28ee3dd5e12c@group-1FDA752794CC-LeaderElection157] INFO  impl.LeaderElection (LeaderElection.java:askForVotes(178)) - dbe9d5b3-671c-49b9-b95c-28ee3dd5e12c@group-1FDA752794CC-LeaderElection157: begin an election at term 1 for -1: [dbe9d5b3-671c-49b9-b95c-28ee3dd5e12c:192.168.30.26:38963], old=null
2019-10-07 12:01:44,245 [ea099ddf-fb2e-4ec3-b0a2-f19542a0ccf4@group-28B4426542C7-LeaderElection154] INFO  impl.RoleInfo (RoleInfo.java:updateAndGet(143)) - ea099ddf-fb2e-4ec3-b0a2-f19542a0ccf4: start FollowerState
2019-10-07 12:01:44,245 [dbe9d5b3-671c-49b9-b95c-28ee3dd5e12c@group-1FDA752794CC-LeaderElection157] INFO  impl.RoleInfo (RoleInfo.java:shutdownLeaderElection(134)) - dbe9d5b3-671c-49b9-b95c-28ee3dd5e12c: shutdown LeaderElection
2019-10-07 12:01:44,246 [dbe9d5b3-671c-49b9-b95c-28ee3dd5e12c@group-1FDA752794CC-LeaderElection157] INFO  impl.RaftServerImpl (RaftServerImpl.java:setRole(170)) - dbe9d5b3-671c-49b9-b95c-28ee3dd5e12c@group-1FDA752794CC: changes role from CANDIDATE to LEADER at term 1 for changeToLeader
2019-10-07 12:01:44,253 [dbe9d5b3-671c-49b9-b95c-28ee3dd5e12c@group-1FDA752794CC-LeaderElection157] INFO  impl.RaftServerImpl (ServerState.java:setLeader(255)) - dbe9d5b3-671c-49b9-b95c-28ee3dd5e12c@group-1FDA752794CC: change Leader from null to dbe9d5b3-671c-49b9-b95c-28ee3dd5e12c at term 1 for becomeLeader, leader elected after 1084ms
2019-10-07 12:01:44,253 [9968b69f-cbe4-4e66-9140-11f2884fa70f@group-28B4426542C7-LeaderElection156] INFO  impl.LeaderElection (LeaderElection.java:logAndReturn(56)) - 9968b69f-cbe4-4e66-9140-11f2884fa70f@group-28B4426542C7-LeaderElection156: Election REJECTED; received 2 response(s) [9968b69f-cbe4-4e66-9140-11f2884fa70f<-7ea16973-9905-4da7-bb80-bd85639ef624#0:FAIL-t1, 9968b69f-cbe4-4e66-9140-11f2884fa70f<-ea099ddf-fb2e-4ec3-b0a2-f19542a0ccf4#0:FAIL-t1] and 0 exception(s); 9968b69f-cbe4-4e66-9140-11f2884fa70f@group-28B4426542C7:t1, leader=null, voted=9968b69f-cbe4-4e66-9140-11f2884fa70f, raftlog=9968b69f-cbe4-4e66-9140-11f2884fa70f@group-28B4426542C7-SegmentedRaftLog:OPENED:c-1,f-1,i0, conf=-1: [7ea16973-9905-4da7-bb80-bd85639ef624:192.168.30.26:44736, ea099ddf-fb2e-4ec3-b0a2-f19542a0ccf4:192.168.30.26:44361, 9968b69f-cbe4-4e66-9140-11f2884fa70f:192.168.30.26:34238], old=null
2019-10-07 12:01:44,254 [dbe9d5b3-671c-49b9-b95c-28ee3dd5e12c@group-1FDA752794CC-LeaderElection157] INFO  server.RaftServerConfigKeys (ConfUtils.java:logGet(43)) - raft.server.staging.catchup.gap = 1000 (default)
2019-10-07 12:01:44,254 [9968b69f-cbe4-4e66-9140-11f2884fa70f@group-28B4426542C7-LeaderElection156] INFO  impl.RaftServerImpl (RaftServerImpl.java:setRole(170)) - 9968b69f-cbe4-4e66-9140-11f2884fa70f@group-28B4426542C7: changes role from CANDIDATE to FOLLOWER at term 1 for DISCOVERED_A_NEW_TERM
2019-10-07 12:01:44,254 [dbe9d5b3-671c-49b9-b95c-28ee3dd5e12c@group-1FDA752794CC-LeaderElection157] INFO  server.RaftServerConfigKeys (ConfUtils.java:logGet(43)) - raft.server.rpc.sleep.time = 25ms (default)
2019-10-07 12:01:44,258 [36acb61b-05f2-4e48-b1a6-804a8e695824@group-5092E214CC74-LeaderElection158] INFO  impl.LeaderElection (LeaderElection.java:askForVotes(178)) - 36acb61b-05f2-4e48-b1a6-804a8e695824@group-5092E214CC74-LeaderElection158: begin an election at term 1 for -1: [36acb61b-05f2-4e48-b1a6-804a8e695824:192.168.30.26:33929], old=null
2019-10-07 12:01:44,257 [9968b69f-cbe4-4e66-9140-11f2884fa70f@group-28B4426542C7-LeaderElection156] INFO  impl.RoleInfo (RoleInfo.java:shutdownLeaderElection(134)) - 9968b69f-cbe4-4e66-9140-11f2884fa70f: shutdown LeaderElection
2019-10-07 12:01:44,254 [f273724d-798c-4ad2-8d41-52aa1480ea33@group-29EB60817F72-SegmentedRaftLogWorker] INFO  segmented.SegmentedRaftLogWorker (SegmentedRaftLogWorker.java:execute(574)) - f273724d-798c-4ad2-8d41-52aa1480ea33@group-29EB60817F72-SegmentedRaftLogWorker: created new log segment /workdir/hadoop-ozone/integration-test/target/test-dir/MiniOzoneClusterImpl-3996cdb0-1c67-461d-8979-130917cb6d41/datanode-6/data/ratis/45c7ae15-3b92-4691-af70-29eb60817f72/current/log_inprogress_0
2019-10-07 12:01:44,258 [9968b69f-cbe4-4e66-9140-11f2884fa70f@group-28B4426542C7-LeaderElection156] INFO  impl.RoleInfo (RoleInfo.java:updateAndGet(143)) - 9968b69f-cbe4-4e66-9140-11f2884fa70f: start FollowerState
2019-10-07 12:01:44,258 [36acb61b-05f2-4e48-b1a6-804a8e695824@group-5092E214CC74-LeaderElection158] INFO  impl.RoleInfo (RoleInfo.java:shutdownLeaderElection(134)) - 36acb61b-05f2-4e48-b1a6-804a8e695824: shutdown LeaderElection
2019-10-07 12:01:44,258 [dbe9d5b3-671c-49b9-b95c-28ee3dd5e12c@group-1FDA752794CC-LeaderElection157] INFO  server.RaftServerConfigKeys (ConfUtils.java:logGet(43)) - raft.server.write.element-limit = 4096 (default)
2019-10-07 12:01:44,258 [36acb61b-05f2-4e48-b1a6-804a8e695824@group-5092E214CC74-LeaderElection158] INFO  impl.RaftServerImpl (RaftServerImpl.java:setRole(170)) - 36acb61b-05f2-4e48-b1a6-804a8e695824@group-5092E214CC74: changes role from CANDIDATE to LEADER at term 1 for changeToLeader
2019-10-07 12:01:44,258 [dbe9d5b3-671c-49b9-b95c-28ee3dd5e12c@group-1FDA752794CC-LeaderElection157] INFO  server.RaftServerConfigKeys (ConfUtils.java:logGet(43)) - raft.server.watch.timeout = 10s (default)
2019-10-07 12:01:44,258 [36acb61b-05f2-4e48-b1a6-804a8e695824@group-5092E214CC74-LeaderElection158] INFO  impl.RaftServerImpl (ServerState.java:setLeader(255)) - 36acb61b-05f2-4e48-b1a6-804a8e695824@group-5092E214CC74: change Leader from null to 36acb61b-05f2-4e48-b1a6-804a8e695824 at term 1 for becomeLeader, leader elected after 1140ms
2019-10-07 12:01:44,259 [dbe9d5b3-671c-49b9-b95c-28ee3dd5e12c@group-1FDA752794CC-LeaderElection157] INFO  server.RaftServerConfigKeys (ConfUtils.java:logGet(43)) - raft.server.watch.timeout.denomination = 1s (default)
2019-10-07 12:01:44,259 [36acb61b-05f2-4e48-b1a6-804a8e695824@group-5092E214CC74-LeaderElection158] INFO  server.RaftServerConfigKeys (ConfUtils.java:logGet(43)) - raft.server.staging.catchup.gap = 1000 (default)
2019-10-07 12:01:44,259 [dbe9d5b3-671c-49b9-b95c-28ee3dd5e12c@group-1FDA752794CC-LeaderElection157] INFO  server.RaftServerConfigKeys (ConfUtils.java:logGet(43)) - raft.server.watch.element-limit = 65536 (default)
2019-10-07 12:01:44,259 [36acb61b-05f2-4e48-b1a6-804a8e695824@group-5092E214CC74-LeaderElection158] INFO  server.RaftServerConfigKeys (ConfUtils.java:logGet(43)) - raft.server.rpc.sleep.time = 25ms (default)
2019-10-07 12:01:44,259 [36acb61b-05f2-4e48-b1a6-804a8e695824@group-5092E214CC74-LeaderElection158] INFO  server.RaftServerConfigKeys (ConfUtils.java:logGet(43)) - raft.server.write.element-limit = 4096 (default)
2019-10-07 12:01:44,259 [36acb61b-05f2-4e48-b1a6-804a8e695824@group-5092E214CC74-LeaderElection158] INFO  server.RaftServerConfigKeys (ConfUtils.java:logGet(43)) - raft.server.watch.timeout = 10s (default)
2019-10-07 12:01:44,259 [36acb61b-05f2-4e48-b1a6-804a8e695824@group-5092E214CC74-LeaderElection158] INFO  server.RaftServerConfigKeys (ConfUtils.java:logGet(43)) - raft.server.watch.timeout.denomination = 1s (default)
2019-10-07 12:01:44,259 [36acb61b-05f2-4e48-b1a6-804a8e695824@group-5092E214CC74-LeaderElection158] INFO  server.RaftServerConfigKeys (ConfUtils.java:logGet(43)) - raft.server.watch.element-limit = 65536 (default)
2019-10-07 12:01:44,261 [dbe9d5b3-671c-49b9-b95c-28ee3dd5e12c@group-1FDA752794CC-LeaderElection157] INFO  impl.RoleInfo (RoleInfo.java:updateAndGet(143)) - dbe9d5b3-671c-49b9-b95c-28ee3dd5e12c: start LeaderState
2019-10-07 12:01:44,261 [dbe9d5b3-671c-49b9-b95c-28ee3dd5e12c@group-1FDA752794CC-LeaderElection157] INFO  segmented.SegmentedRaftLogWorker (SegmentedRaftLogWorker.java:startLogSegment(385)) - dbe9d5b3-671c-49b9-b95c-28ee3dd5e12c@group-1FDA752794CC-SegmentedRaftLogWorker: Starting segment from index:0
2019-10-07 12:01:44,261 [36acb61b-05f2-4e48-b1a6-804a8e695824@group-5092E214CC74-LeaderElection158] INFO  impl.RoleInfo (RoleInfo.java:updateAndGet(143)) - 36acb61b-05f2-4e48-b1a6-804a8e695824: start LeaderState
2019-10-07 12:01:44,261 [36acb61b-05f2-4e48-b1a6-804a8e695824@group-5092E214CC74-LeaderElection158] INFO  segmented.SegmentedRaftLogWorker (SegmentedRaftLogWorker.java:startLogSegment(385)) - 36acb61b-05f2-4e48-b1a6-804a8e695824@group-5092E214CC74-SegmentedRaftLogWorker: Starting segment from index:0
2019-10-07 12:01:44,261 [dbe9d5b3-671c-49b9-b95c-28ee3dd5e12c@group-1FDA752794CC-LeaderElection157] INFO  impl.RaftServerImpl (ServerState.java:setRaftConf(356)) - dbe9d5b3-671c-49b9-b95c-28ee3dd5e12c@group-1FDA752794CC: set configuration 0: [dbe9d5b3-671c-49b9-b95c-28ee3dd5e12c:192.168.30.26:38963], old=null at 0
2019-10-07 12:01:44,262 [36acb61b-05f2-4e48-b1a6-804a8e695824@group-5092E214CC74-LeaderElection158] INFO  impl.RaftServerImpl (ServerState.java:setRaftConf(356)) - 36acb61b-05f2-4e48-b1a6-804a8e695824@group-5092E214CC74: set configuration 0: [36acb61b-05f2-4e48-b1a6-804a8e695824:192.168.30.26:33929], old=null at 0
2019-10-07 12:01:44,301 [dbe9d5b3-671c-49b9-b95c-28ee3dd5e12c@group-1FDA752794CC-SegmentedRaftLogWorker] INFO  segmented.SegmentedRaftLogWorker (SegmentedRaftLogWorker.java:execute(574)) - dbe9d5b3-671c-49b9-b95c-28ee3dd5e12c@group-1FDA752794CC-SegmentedRaftLogWorker: created new log segment /workdir/hadoop-ozone/integration-test/target/test-dir/MiniOzoneClusterImpl-3996cdb0-1c67-461d-8979-130917cb6d41/datanode-8/data/ratis/eba2d6a9-df18-4249-8207-1fda752794cc/current/log_inprogress_0
2019-10-07 12:01:44,301 [36acb61b-05f2-4e48-b1a6-804a8e695824@group-5092E214CC74-SegmentedRaftLogWorker] INFO  segmented.SegmentedRaftLogWorker (SegmentedRaftLogWorker.java:execute(574)) - 36acb61b-05f2-4e48-b1a6-804a8e695824@group-5092E214CC74-SegmentedRaftLogWorker: created new log segment /workdir/hadoop-ozone/integration-test/target/test-dir/MiniOzoneClusterImpl-3996cdb0-1c67-461d-8979-130917cb6d41/datanode-7/data/ratis/ce3a536a-88af-41ad-add1-5092e214cc74/current/log_inprogress_0
2019-10-07 12:01:44,316 [Thread-3535] INFO  impl.FollowerState (FollowerState.java:run(108)) - f273724d-798c-4ad2-8d41-52aa1480ea33@group-8EBE8B731ECD-FollowerState: change to CANDIDATE, lastRpcTime:1072ms, electionTimeout:1072ms
2019-10-07 12:01:44,316 [Thread-3535] INFO  impl.RoleInfo (RoleInfo.java:shutdownFollowerState(121)) - f273724d-798c-4ad2-8d41-52aa1480ea33: shutdown FollowerState
2019-10-07 12:01:44,316 [Thread-3535] INFO  impl.RaftServerImpl (RaftServerImpl.java:setRole(170)) - f273724d-798c-4ad2-8d41-52aa1480ea33@group-8EBE8B731ECD: changes role from  FOLLOWER to CANDIDATE at term 0 for changeToCandidate
2019-10-07 12:01:44,316 [Thread-3535] INFO  impl.RoleInfo (RoleInfo.java:updateAndGet(143)) - f273724d-798c-4ad2-8d41-52aa1480ea33: start LeaderElection
2019-10-07 12:01:44,324 [Thread-3534] INFO  impl.FollowerState (FollowerState.java:run(108)) - dbe9d5b3-671c-49b9-b95c-28ee3dd5e12c@group-8EBE8B731ECD-FollowerState: change to CANDIDATE, lastRpcTime:1081ms, electionTimeout:1079ms
2019-10-07 12:01:44,324 [Thread-3534] INFO  impl.RoleInfo (RoleInfo.java:shutdownFollowerState(121)) - dbe9d5b3-671c-49b9-b95c-28ee3dd5e12c: shutdown FollowerState
2019-10-07 12:01:44,325 [Thread-3534] INFO  impl.RaftServerImpl (RaftServerImpl.java:setRole(170)) - dbe9d5b3-671c-49b9-b95c-28ee3dd5e12c@group-8EBE8B731ECD: changes role from  FOLLOWER to CANDIDATE at term 0 for changeToCandidate
2019-10-07 12:01:44,325 [Thread-3534] INFO  impl.RoleInfo (RoleInfo.java:updateAndGet(143)) - dbe9d5b3-671c-49b9-b95c-28ee3dd5e12c: start LeaderElection
2019-10-07 12:01:44,340 [dbe9d5b3-671c-49b9-b95c-28ee3dd5e12c@group-8EBE8B731ECD-LeaderElection160] INFO  impl.LeaderElection (LeaderElection.java:askForVotes(178)) - dbe9d5b3-671c-49b9-b95c-28ee3dd5e12c@group-8EBE8B731ECD-LeaderElection160: begin an election at term 1 for -1: [dbe9d5b3-671c-49b9-b95c-28ee3dd5e12c:192.168.30.26:38963, 36acb61b-05f2-4e48-b1a6-804a8e695824:192.168.30.26:33929, f273724d-798c-4ad2-8d41-52aa1480ea33:192.168.30.26:37581], old=null
2019-10-07 12:01:44,340 [f273724d-798c-4ad2-8d41-52aa1480ea33@group-8EBE8B731ECD-LeaderElection159] INFO  impl.LeaderElection (LeaderElection.java:askForVotes(178)) - f273724d-798c-4ad2-8d41-52aa1480ea33@group-8EBE8B731ECD-LeaderElection159: begin an election at term 1 for -1: [dbe9d5b3-671c-49b9-b95c-28ee3dd5e12c:192.168.30.26:38963, 36acb61b-05f2-4e48-b1a6-804a8e695824:192.168.30.26:33929, f273724d-798c-4ad2-8d41-52aa1480ea33:192.168.30.26:37581], old=null
2019-10-07 12:01:44,351 [grpc-default-executor-9] INFO  impl.RaftServerImpl (RaftServerImpl.java:setRole(170)) - 36acb61b-05f2-4e48-b1a6-804a8e695824@group-8EBE8B731ECD: changes role from  FOLLOWER to FOLLOWER at term 1 for recognizeCandidate:dbe9d5b3-671c-49b9-b95c-28ee3dd5e12c
2019-10-07 12:01:44,352 [grpc-default-executor-9] INFO  impl.RoleInfo (RoleInfo.java:shutdownFollowerState(121)) - 36acb61b-05f2-4e48-b1a6-804a8e695824: shutdown FollowerState
2019-10-07 12:01:44,352 [grpc-default-executor-9] INFO  impl.RoleInfo (RoleInfo.java:updateAndGet(143)) - 36acb61b-05f2-4e48-b1a6-804a8e695824: start FollowerState
2019-10-07 12:01:44,352 [Thread-3536] INFO  impl.FollowerState (FollowerState.java:run(117)) - 36acb61b-05f2-4e48-b1a6-804a8e695824@group-8EBE8B731ECD-FollowerState was interrupted: java.lang.InterruptedException: sleep interrupted
2019-10-07 12:01:44,367 [dbe9d5b3-671c-49b9-b95c-28ee3dd5e12c@group-8EBE8B731ECD-LeaderElection160] INFO  impl.LeaderElection (LeaderElection.java:logAndReturn(56)) - dbe9d5b3-671c-49b9-b95c-28ee3dd5e12c@group-8EBE8B731ECD-LeaderElection160: Election PASSED; received 2 response(s) [dbe9d5b3-671c-49b9-b95c-28ee3dd5e12c<-36acb61b-05f2-4e48-b1a6-804a8e695824#0:OK-t1, dbe9d5b3-671c-49b9-b95c-28ee3dd5e12c<-f273724d-798c-4ad2-8d41-52aa1480ea33#0:FAIL-t1] and 0 exception(s); dbe9d5b3-671c-49b9-b95c-28ee3dd5e12c@group-8EBE8B731ECD:t1, leader=null, voted=dbe9d5b3-671c-49b9-b95c-28ee3dd5e12c, raftlog=dbe9d5b3-671c-49b9-b95c-28ee3dd5e12c@group-8EBE8B731ECD-SegmentedRaftLog:OPENED:c-1,f-1,i0, conf=-1: [dbe9d5b3-671c-49b9-b95c-28ee3dd5e12c:192.168.30.26:38963, 36acb61b-05f2-4e48-b1a6-804a8e695824:192.168.30.26:33929, f273724d-798c-4ad2-8d41-52aa1480ea33:192.168.30.26:37581], old=null
2019-10-07 12:01:44,367 [f273724d-798c-4ad2-8d41-52aa1480ea33@group-8EBE8B731ECD-LeaderElection159] INFO  impl.LeaderElection (LeaderElection.java:logAndReturn(56)) - f273724d-798c-4ad2-8d41-52aa1480ea33@group-8EBE8B731ECD-LeaderElection159: Election REJECTED; received 2 response(s) [f273724d-798c-4ad2-8d41-52aa1480ea33<-dbe9d5b3-671c-49b9-b95c-28ee3dd5e12c#0:FAIL-t1, f273724d-798c-4ad2-8d41-52aa1480ea33<-36acb61b-05f2-4e48-b1a6-804a8e695824#0:FAIL-t1] and 0 exception(s); f273724d-798c-4ad2-8d41-52aa1480ea33@group-8EBE8B731ECD:t1, leader=null, voted=f273724d-798c-4ad2-8d41-52aa1480ea33, raftlog=f273724d-798c-4ad2-8d41-52aa1480ea33@group-8EBE8B731ECD-SegmentedRaftLog:OPENED:c-1,f-1,i0, conf=-1: [dbe9d5b3-671c-49b9-b95c-28ee3dd5e12c:192.168.30.26:38963, 36acb61b-05f2-4e48-b1a6-804a8e695824:192.168.30.26:33929, f273724d-798c-4ad2-8d41-52aa1480ea33:192.168.30.26:37581], old=null
2019-10-07 12:01:44,367 [dbe9d5b3-671c-49b9-b95c-28ee3dd5e12c@group-8EBE8B731ECD-LeaderElection160] INFO  impl.RoleInfo (RoleInfo.java:shutdownLeaderElection(134)) - dbe9d5b3-671c-49b9-b95c-28ee3dd5e12c: shutdown LeaderElection
2019-10-07 12:01:44,371 [dbe9d5b3-671c-49b9-b95c-28ee3dd5e12c@group-8EBE8B731ECD-LeaderElection160] INFO  impl.RaftServerImpl (RaftServerImpl.java:setRole(170)) - dbe9d5b3-671c-49b9-b95c-28ee3dd5e12c@group-8EBE8B731ECD: changes role from CANDIDATE to LEADER at term 1 for changeToLeader
2019-10-07 12:01:44,371 [dbe9d5b3-671c-49b9-b95c-28ee3dd5e12c@group-8EBE8B731ECD-LeaderElection160] INFO  impl.RaftServerImpl (ServerState.java:setLeader(255)) - dbe9d5b3-671c-49b9-b95c-28ee3dd5e12c@group-8EBE8B731ECD: change Leader from null to dbe9d5b3-671c-49b9-b95c-28ee3dd5e12c at term 1 for becomeLeader, leader elected after 1150ms
2019-10-07 12:01:44,367 [f273724d-798c-4ad2-8d41-52aa1480ea33@group-8EBE8B731ECD-LeaderElection159] INFO  impl.RaftServerImpl (RaftServerImpl.java:setRole(170)) - f273724d-798c-4ad2-8d41-52aa1480ea33@group-8EBE8B731ECD: changes role from CANDIDATE to FOLLOWER at term 1 for DISCOVERED_A_NEW_TERM
2019-10-07 12:01:44,371 [dbe9d5b3-671c-49b9-b95c-28ee3dd5e12c@group-8EBE8B731ECD-LeaderElection160] INFO  server.RaftServerConfigKeys (ConfUtils.java:logGet(43)) - raft.server.staging.catchup.gap = 1000 (default)
2019-10-07 12:01:44,376 [f273724d-798c-4ad2-8d41-52aa1480ea33@group-8EBE8B731ECD-LeaderElection159] INFO  impl.RoleInfo (RoleInfo.java:shutdownLeaderElection(134)) - f273724d-798c-4ad2-8d41-52aa1480ea33: shutdown LeaderElection
2019-10-07 12:01:44,376 [dbe9d5b3-671c-49b9-b95c-28ee3dd5e12c@group-8EBE8B731ECD-LeaderElection160] INFO  server.RaftServerConfigKeys (ConfUtils.java:logGet(43)) - raft.server.rpc.sleep.time = 25ms (default)
2019-10-07 12:01:44,376 [f273724d-798c-4ad2-8d41-52aa1480ea33@group-8EBE8B731ECD-LeaderElection159] INFO  impl.RoleInfo (RoleInfo.java:updateAndGet(143)) - f273724d-798c-4ad2-8d41-52aa1480ea33: start FollowerState
2019-10-07 12:01:44,376 [dbe9d5b3-671c-49b9-b95c-28ee3dd5e12c@group-8EBE8B731ECD-LeaderElection160] INFO  server.RaftServerConfigKeys (ConfUtils.java:logGet(43)) - raft.server.write.element-limit = 4096 (default)
2019-10-07 12:01:44,376 [dbe9d5b3-671c-49b9-b95c-28ee3dd5e12c@group-8EBE8B731ECD-LeaderElection160] INFO  server.RaftServerConfigKeys (ConfUtils.java:logGet(43)) - raft.server.watch.timeout = 10s (default)
2019-10-07 12:01:44,376 [dbe9d5b3-671c-49b9-b95c-28ee3dd5e12c@group-8EBE8B731ECD-LeaderElection160] INFO  server.RaftServerConfigKeys (ConfUtils.java:logGet(43)) - raft.server.watch.timeout.denomination = 1s (default)
2019-10-07 12:01:44,377 [dbe9d5b3-671c-49b9-b95c-28ee3dd5e12c@group-8EBE8B731ECD-LeaderElection160] INFO  server.RaftServerConfigKeys (ConfUtils.java:logGet(43)) - raft.server.watch.element-limit = 65536 (default)
2019-10-07 12:01:44,378 [dbe9d5b3-671c-49b9-b95c-28ee3dd5e12c@group-8EBE8B731ECD-LeaderElection160] INFO  server.RaftServerConfigKeys (ConfUtils.java:logGet(43)) - raft.server.log.appender.snapshot.chunk.size.max = 16MB (=16777216) (default)
2019-10-07 12:01:44,378 [dbe9d5b3-671c-49b9-b95c-28ee3dd5e12c@group-8EBE8B731ECD-LeaderElection160] INFO  server.RaftServerConfigKeys (ConfUtils.java:logGet(43)) - raft.server.log.appender.buffer.byte-limit = 33554432 (custom)
2019-10-07 12:01:44,378 [dbe9d5b3-671c-49b9-b95c-28ee3dd5e12c@group-8EBE8B731ECD-LeaderElection160] INFO  server.RaftServerConfigKeys (ConfUtils.java:logGet(43)) - raft.server.log.appender.buffer.element-limit = 1 (custom)
2019-10-07 12:01:44,378 [dbe9d5b3-671c-49b9-b95c-28ee3dd5e12c@group-8EBE8B731ECD-LeaderElection160] INFO  grpc.GrpcConfigKeys$Server (ConfUtils.java:logGet(43)) - raft.grpc.server.leader.outstanding.appends.max = 128 (default)
2019-10-07 12:01:44,379 [dbe9d5b3-671c-49b9-b95c-28ee3dd5e12c@group-8EBE8B731ECD-LeaderElection160] INFO  server.RaftServerConfigKeys (ConfUtils.java:logGet(43)) - raft.server.rpc.request.timeout = 3000ms (default)
2019-10-07 12:01:44,379 [dbe9d5b3-671c-49b9-b95c-28ee3dd5e12c@group-8EBE8B731ECD-LeaderElection160] INFO  server.RaftServerConfigKeys (ConfUtils.java:logGet(43)) - raft.server.log.appender.install.snapshot.enabled = false (custom)
2019-10-07 12:01:44,379 [dbe9d5b3-671c-49b9-b95c-28ee3dd5e12c@group-8EBE8B731ECD-LeaderElection160] INFO  server.RaftServerConfigKeys (ConfUtils.java:logGet(43)) - raft.server.log.appender.snapshot.chunk.size.max = 16MB (=16777216) (default)
2019-10-07 12:01:44,379 [dbe9d5b3-671c-49b9-b95c-28ee3dd5e12c@group-8EBE8B731ECD-LeaderElection160] INFO  server.RaftServerConfigKeys (ConfUtils.java:logGet(43)) - raft.server.log.appender.buffer.byte-limit = 33554432 (custom)
2019-10-07 12:01:44,379 [dbe9d5b3-671c-49b9-b95c-28ee3dd5e12c@group-8EBE8B731ECD-LeaderElection160] INFO  server.RaftServerConfigKeys (ConfUtils.java:logGet(43)) - raft.server.log.appender.buffer.element-limit = 1 (custom)
2019-10-07 12:01:44,379 [dbe9d5b3-671c-49b9-b95c-28ee3dd5e12c@group-8EBE8B731ECD-LeaderElection160] INFO  grpc.GrpcConfigKeys$Server (ConfUtils.java:logGet(43)) - raft.grpc.server.leader.outstanding.appends.max = 128 (default)
2019-10-07 12:01:44,379 [dbe9d5b3-671c-49b9-b95c-28ee3dd5e12c@group-8EBE8B731ECD-LeaderElection160] INFO  server.RaftServerConfigKeys (ConfUtils.java:logGet(43)) - raft.server.rpc.request.timeout = 3000ms (default)
2019-10-07 12:01:44,380 [dbe9d5b3-671c-49b9-b95c-28ee3dd5e12c@group-8EBE8B731ECD-LeaderElection160] INFO  server.RaftServerConfigKeys (ConfUtils.java:logGet(43)) - raft.server.log.appender.install.snapshot.enabled = false (custom)
2019-10-07 12:01:44,380 [dbe9d5b3-671c-49b9-b95c-28ee3dd5e12c@group-8EBE8B731ECD-LeaderElection160] INFO  impl.RoleInfo (RoleInfo.java:updateAndGet(143)) - dbe9d5b3-671c-49b9-b95c-28ee3dd5e12c: start LeaderState
2019-10-07 12:01:44,380 [dbe9d5b3-671c-49b9-b95c-28ee3dd5e12c@group-8EBE8B731ECD-LeaderElection160] INFO  segmented.SegmentedRaftLogWorker (SegmentedRaftLogWorker.java:startLogSegment(385)) - dbe9d5b3-671c-49b9-b95c-28ee3dd5e12c@group-8EBE8B731ECD-SegmentedRaftLogWorker: Starting segment from index:0
2019-10-07 12:01:44,380 [dbe9d5b3-671c-49b9-b95c-28ee3dd5e12c@group-8EBE8B731ECD-LeaderElection160] INFO  impl.RaftServerImpl (ServerState.java:setRaftConf(356)) - dbe9d5b3-671c-49b9-b95c-28ee3dd5e12c@group-8EBE8B731ECD: set configuration 0: [dbe9d5b3-671c-49b9-b95c-28ee3dd5e12c:192.168.30.26:38963, 36acb61b-05f2-4e48-b1a6-804a8e695824:192.168.30.26:33929, f273724d-798c-4ad2-8d41-52aa1480ea33:192.168.30.26:37581], old=null at 0
2019-10-07 12:01:44,381 [grpc-default-executor-9] INFO  impl.RaftServerImpl (ServerState.java:setLeader(255)) - f273724d-798c-4ad2-8d41-52aa1480ea33@group-8EBE8B731ECD: change Leader from null to dbe9d5b3-671c-49b9-b95c-28ee3dd5e12c at term 1 for appendEntries, leader elected after 1160ms
2019-10-07 12:01:44,382 [grpc-default-executor-7] INFO  impl.RaftServerImpl (ServerState.java:setLeader(255)) - 36acb61b-05f2-4e48-b1a6-804a8e695824@group-8EBE8B731ECD: change Leader from null to dbe9d5b3-671c-49b9-b95c-28ee3dd5e12c at term 1 for appendEntries, leader elected after 1160ms
2019-10-07 12:01:44,383 [grpc-default-executor-7] INFO  impl.RaftServerImpl (ServerState.java:setRaftConf(356)) - f273724d-798c-4ad2-8d41-52aa1480ea33@group-8EBE8B731ECD: set configuration 0: [dbe9d5b3-671c-49b9-b95c-28ee3dd5e12c:192.168.30.26:38963, 36acb61b-05f2-4e48-b1a6-804a8e695824:192.168.30.26:33929, f273724d-798c-4ad2-8d41-52aa1480ea33:192.168.30.26:37581], old=null at 0
2019-10-07 12:01:44,383 [grpc-default-executor-7] INFO  segmented.SegmentedRaftLogWorker (SegmentedRaftLogWorker.java:startLogSegment(385)) - f273724d-798c-4ad2-8d41-52aa1480ea33@group-8EBE8B731ECD-SegmentedRaftLogWorker: Starting segment from index:0
2019-10-07 12:01:44,383 [grpc-default-executor-9] INFO  impl.RaftServerImpl (ServerState.java:setRaftConf(356)) - 36acb61b-05f2-4e48-b1a6-804a8e695824@group-8EBE8B731ECD: set configuration 0: [dbe9d5b3-671c-49b9-b95c-28ee3dd5e12c:192.168.30.26:38963, 36acb61b-05f2-4e48-b1a6-804a8e695824:192.168.30.26:33929, f273724d-798c-4ad2-8d41-52aa1480ea33:192.168.30.26:37581], old=null at 0
2019-10-07 12:01:44,383 [grpc-default-executor-9] INFO  segmented.SegmentedRaftLogWorker (SegmentedRaftLogWorker.java:startLogSegment(385)) - 36acb61b-05f2-4e48-b1a6-804a8e695824@group-8EBE8B731ECD-SegmentedRaftLogWorker: Starting segment from index:0
2019-10-07 12:01:44,432 [36acb61b-05f2-4e48-b1a6-804a8e695824@group-8EBE8B731ECD-SegmentedRaftLogWorker] INFO  segmented.SegmentedRaftLogWorker (SegmentedRaftLogWorker.java:execute(574)) - 36acb61b-05f2-4e48-b1a6-804a8e695824@group-8EBE8B731ECD-SegmentedRaftLogWorker: created new log segment /workdir/hadoop-ozone/integration-test/target/test-dir/MiniOzoneClusterImpl-3996cdb0-1c67-461d-8979-130917cb6d41/datanode-7/data/ratis/21235522-6e20-4bf8-bbed-8ebe8b731ecd/current/log_inprogress_0
2019-10-07 12:01:44,432 [dbe9d5b3-671c-49b9-b95c-28ee3dd5e12c@group-8EBE8B731ECD-SegmentedRaftLogWorker] INFO  segmented.SegmentedRaftLogWorker (SegmentedRaftLogWorker.java:execute(574)) - dbe9d5b3-671c-49b9-b95c-28ee3dd5e12c@group-8EBE8B731ECD-SegmentedRaftLogWorker: created new log segment /workdir/hadoop-ozone/integration-test/target/test-dir/MiniOzoneClusterImpl-3996cdb0-1c67-461d-8979-130917cb6d41/datanode-8/data/ratis/21235522-6e20-4bf8-bbed-8ebe8b731ecd/current/log_inprogress_0
2019-10-07 12:01:44,432 [f273724d-798c-4ad2-8d41-52aa1480ea33@group-8EBE8B731ECD-SegmentedRaftLogWorker] INFO  segmented.SegmentedRaftLogWorker (SegmentedRaftLogWorker.java:execute(574)) - f273724d-798c-4ad2-8d41-52aa1480ea33@group-8EBE8B731ECD-SegmentedRaftLogWorker: created new log segment /workdir/hadoop-ozone/integration-test/target/test-dir/MiniOzoneClusterImpl-3996cdb0-1c67-461d-8979-130917cb6d41/datanode-6/data/ratis/21235522-6e20-4bf8-bbed-8ebe8b731ecd/current/log_inprogress_0
2019-10-07 12:01:45,262 [Thread-3581] INFO  impl.FollowerState (FollowerState.java:run(108)) - 7ea16973-9905-4da7-bb80-bd85639ef624@group-28B4426542C7-FollowerState: change to CANDIDATE, lastRpcTime:1017ms, electionTimeout:1017ms
2019-10-07 12:01:45,263 [Thread-3581] INFO  impl.RoleInfo (RoleInfo.java:shutdownFollowerState(121)) - 7ea16973-9905-4da7-bb80-bd85639ef624: shutdown FollowerState
2019-10-07 12:01:45,263 [Thread-3581] INFO  impl.RaftServerImpl (RaftServerImpl.java:setRole(170)) - 7ea16973-9905-4da7-bb80-bd85639ef624@group-28B4426542C7: changes role from  FOLLOWER to CANDIDATE at term 1 for changeToCandidate
2019-10-07 12:01:45,263 [Thread-3581] INFO  impl.RoleInfo (RoleInfo.java:updateAndGet(143)) - 7ea16973-9905-4da7-bb80-bd85639ef624: start LeaderElection
2019-10-07 12:01:45,281 [7ea16973-9905-4da7-bb80-bd85639ef624@group-28B4426542C7-LeaderElection161] INFO  impl.LeaderElection (LeaderElection.java:askForVotes(178)) - 7ea16973-9905-4da7-bb80-bd85639ef624@group-28B4426542C7-LeaderElection161: begin an election at term 2 for -1: [7ea16973-9905-4da7-bb80-bd85639ef624:192.168.30.26:44736, ea099ddf-fb2e-4ec3-b0a2-f19542a0ccf4:192.168.30.26:44361, 9968b69f-cbe4-4e66-9140-11f2884fa70f:192.168.30.26:34238], old=null
2019-10-07 12:01:45,283 [grpc-default-executor-9] INFO  impl.RaftServerImpl (RaftServerImpl.java:setRole(170)) - 9968b69f-cbe4-4e66-9140-11f2884fa70f@group-28B4426542C7: changes role from  FOLLOWER to FOLLOWER at term 2 for recognizeCandidate:7ea16973-9905-4da7-bb80-bd85639ef624
2019-10-07 12:01:45,283 [grpc-default-executor-7] INFO  impl.RaftServerImpl (RaftServerImpl.java:setRole(170)) - ea099ddf-fb2e-4ec3-b0a2-f19542a0ccf4@group-28B4426542C7: changes role from  FOLLOWER to FOLLOWER at term 2 for recognizeCandidate:7ea16973-9905-4da7-bb80-bd85639ef624
2019-10-07 12:01:45,283 [grpc-default-executor-9] INFO  impl.RoleInfo (RoleInfo.java:shutdownFollowerState(121)) - 9968b69f-cbe4-4e66-9140-11f2884fa70f: shutdown FollowerState
2019-10-07 12:01:45,283 [grpc-default-executor-7] INFO  impl.RoleInfo (RoleInfo.java:shutdownFollowerState(121)) - ea099ddf-fb2e-4ec3-b0a2-f19542a0ccf4: shutdown FollowerState
2019-10-07 12:01:45,284 [Thread-3585] INFO  impl.FollowerState (FollowerState.java:run(117)) - 9968b69f-cbe4-4e66-9140-11f2884fa70f@group-28B4426542C7-FollowerState was interrupted: java.lang.InterruptedException: sleep interrupted
2019-10-07 12:01:45,284 [grpc-default-executor-9] INFO  impl.RoleInfo (RoleInfo.java:updateAndGet(143)) - 9968b69f-cbe4-4e66-9140-11f2884fa70f: start FollowerState
2019-10-07 12:01:45,284 [Thread-3583] INFO  impl.FollowerState (FollowerState.java:run(117)) - ea099ddf-fb2e-4ec3-b0a2-f19542a0ccf4@group-28B4426542C7-FollowerState was interrupted: java.lang.InterruptedException: sleep interrupted
2019-10-07 12:01:45,284 [grpc-default-executor-7] INFO  impl.RoleInfo (RoleInfo.java:updateAndGet(143)) - ea099ddf-fb2e-4ec3-b0a2-f19542a0ccf4: start FollowerState
2019-10-07 12:01:45,300 [7ea16973-9905-4da7-bb80-bd85639ef624@group-28B4426542C7-LeaderElection161] INFO  impl.LeaderElection (LeaderElection.java:logAndReturn(56)) - 7ea16973-9905-4da7-bb80-bd85639ef624@group-28B4426542C7-LeaderElection161: Election PASSED; received 1 response(s) [7ea16973-9905-4da7-bb80-bd85639ef624<-9968b69f-cbe4-4e66-9140-11f2884fa70f#0:OK-t2] and 0 exception(s); 7ea16973-9905-4da7-bb80-bd85639ef624@group-28B4426542C7:t2, leader=null, voted=7ea16973-9905-4da7-bb80-bd85639ef624, raftlog=7ea16973-9905-4da7-bb80-bd85639ef624@group-28B4426542C7-SegmentedRaftLog:OPENED:c-1,f-1,i0, conf=-1: [7ea16973-9905-4da7-bb80-bd85639ef624:192.168.30.26:44736, ea099ddf-fb2e-4ec3-b0a2-f19542a0ccf4:192.168.30.26:44361, 9968b69f-cbe4-4e66-9140-11f2884fa70f:192.168.30.26:34238], old=null
2019-10-07 12:01:45,301 [7ea16973-9905-4da7-bb80-bd85639ef624@group-28B4426542C7-LeaderElection161] INFO  impl.RoleInfo (RoleInfo.java:shutdownLeaderElection(134)) - 7ea16973-9905-4da7-bb80-bd85639ef624: shutdown LeaderElection
2019-10-07 12:01:45,301 [7ea16973-9905-4da7-bb80-bd85639ef624@group-28B4426542C7-LeaderElection161] INFO  impl.RaftServerImpl (RaftServerImpl.java:setRole(170)) - 7ea16973-9905-4da7-bb80-bd85639ef624@group-28B4426542C7: changes role from CANDIDATE to LEADER at term 2 for changeToLeader
2019-10-07 12:01:45,301 [7ea16973-9905-4da7-bb80-bd85639ef624@group-28B4426542C7-LeaderElection161] INFO  impl.RaftServerImpl (ServerState.java:setLeader(255)) - 7ea16973-9905-4da7-bb80-bd85639ef624@group-28B4426542C7: change Leader from null to 7ea16973-9905-4da7-bb80-bd85639ef624 at term 2 for becomeLeader, leader elected after 2304ms
2019-10-07 12:01:45,301 [7ea16973-9905-4da7-bb80-bd85639ef624@group-28B4426542C7-LeaderElection161] INFO  server.RaftServerConfigKeys (ConfUtils.java:logGet(43)) - raft.server.staging.catchup.gap = 1000 (default)
2019-10-07 12:01:45,301 [7ea16973-9905-4da7-bb80-bd85639ef624@group-28B4426542C7-LeaderElection161] INFO  server.RaftServerConfigKeys (ConfUtils.java:logGet(43)) - raft.server.rpc.sleep.time = 25ms (default)
2019-10-07 12:01:45,301 [7ea16973-9905-4da7-bb80-bd85639ef624@group-28B4426542C7-LeaderElection161] INFO  server.RaftServerConfigKeys (ConfUtils.java:logGet(43)) - raft.server.write.element-limit = 4096 (default)
2019-10-07 12:01:45,301 [7ea16973-9905-4da7-bb80-bd85639ef624@group-28B4426542C7-LeaderElection161] INFO  server.RaftServerConfigKeys (ConfUtils.java:logGet(43)) - raft.server.watch.timeout = 10s (default)
2019-10-07 12:01:45,301 [7ea16973-9905-4da7-bb80-bd85639ef624@group-28B4426542C7-LeaderElection161] INFO  server.RaftServerConfigKeys (ConfUtils.java:logGet(43)) - raft.server.watch.timeout.denomination = 1s (default)
2019-10-07 12:01:45,301 [7ea16973-9905-4da7-bb80-bd85639ef624@group-28B4426542C7-LeaderElection161] INFO  server.RaftServerConfigKeys (ConfUtils.java:logGet(43)) - raft.server.watch.element-limit = 65536 (default)
2019-10-07 12:01:45,303 [7ea16973-9905-4da7-bb80-bd85639ef624@group-28B4426542C7-LeaderElection161] INFO  server.RaftServerConfigKeys (ConfUtils.java:logGet(43)) - raft.server.log.appender.snapshot.chunk.size.max = 16MB (=16777216) (default)
2019-10-07 12:01:45,303 [7ea16973-9905-4da7-bb80-bd85639ef624@group-28B4426542C7-LeaderElection161] INFO  server.RaftServerConfigKeys (ConfUtils.java:logGet(43)) - raft.server.log.appender.buffer.byte-limit = 33554432 (custom)
2019-10-07 12:01:45,303 [7ea16973-9905-4da7-bb80-bd85639ef624@group-28B4426542C7-LeaderElection161] INFO  server.RaftServerConfigKeys (ConfUtils.java:logGet(43)) - raft.server.log.appender.buffer.element-limit = 1 (custom)
2019-10-07 12:01:45,303 [7ea16973-9905-4da7-bb80-bd85639ef624@group-28B4426542C7-LeaderElection161] INFO  grpc.GrpcConfigKeys$Server (ConfUtils.java:logGet(43)) - raft.grpc.server.leader.outstanding.appends.max = 128 (default)
2019-10-07 12:01:45,303 [7ea16973-9905-4da7-bb80-bd85639ef624@group-28B4426542C7-LeaderElection161] INFO  server.RaftServerConfigKeys (ConfUtils.java:logGet(43)) - raft.server.rpc.request.timeout = 3000ms (default)
2019-10-07 12:01:45,303 [7ea16973-9905-4da7-bb80-bd85639ef624@group-28B4426542C7-LeaderElection161] INFO  server.RaftServerConfigKeys (ConfUtils.java:logGet(43)) - raft.server.log.appender.install.snapshot.enabled = false (custom)
2019-10-07 12:01:45,303 [7ea16973-9905-4da7-bb80-bd85639ef624@group-28B4426542C7-LeaderElection161] INFO  server.RaftServerConfigKeys (ConfUtils.java:logGet(43)) - raft.server.log.appender.snapshot.chunk.size.max = 16MB (=16777216) (default)
2019-10-07 12:01:45,304 [7ea16973-9905-4da7-bb80-bd85639ef624@group-28B4426542C7-LeaderElection161] INFO  server.RaftServerConfigKeys (ConfUtils.java:logGet(43)) - raft.server.log.appender.buffer.byte-limit = 33554432 (custom)
2019-10-07 12:01:45,304 [7ea16973-9905-4da7-bb80-bd85639ef624@group-28B4426542C7-LeaderElection161] INFO  server.RaftServerConfigKeys (ConfUtils.java:logGet(43)) - raft.server.log.appender.buffer.element-limit = 1 (custom)
2019-10-07 12:01:45,304 [7ea16973-9905-4da7-bb80-bd85639ef624@group-28B4426542C7-LeaderElection161] INFO  grpc.GrpcConfigKeys$Server (ConfUtils.java:logGet(43)) - raft.grpc.server.leader.outstanding.appends.max = 128 (default)
2019-10-07 12:01:45,304 [7ea16973-9905-4da7-bb80-bd85639ef624@group-28B4426542C7-LeaderElection161] INFO  server.RaftServerConfigKeys (ConfUtils.java:logGet(43)) - raft.server.rpc.request.timeout = 3000ms (default)
2019-10-07 12:01:45,304 [7ea16973-9905-4da7-bb80-bd85639ef624@group-28B4426542C7-LeaderElection161] INFO  server.RaftServerConfigKeys (ConfUtils.java:logGet(43)) - raft.server.log.appender.install.snapshot.enabled = false (custom)
2019-10-07 12:01:45,304 [7ea16973-9905-4da7-bb80-bd85639ef624@group-28B4426542C7-LeaderElection161] INFO  impl.RoleInfo (RoleInfo.java:updateAndGet(143)) - 7ea16973-9905-4da7-bb80-bd85639ef624: start LeaderState
2019-10-07 12:01:45,304 [7ea16973-9905-4da7-bb80-bd85639ef624@group-28B4426542C7-LeaderElection161] INFO  segmented.SegmentedRaftLogWorker (SegmentedRaftLogWorker.java:startLogSegment(385)) - 7ea16973-9905-4da7-bb80-bd85639ef624@group-28B4426542C7-SegmentedRaftLogWorker: Starting segment from index:0
2019-10-07 12:01:45,305 [7ea16973-9905-4da7-bb80-bd85639ef624@group-28B4426542C7-LeaderElection161] INFO  impl.RaftServerImpl (ServerState.java:setRaftConf(356)) - 7ea16973-9905-4da7-bb80-bd85639ef624@group-28B4426542C7: set configuration 0: [7ea16973-9905-4da7-bb80-bd85639ef624:192.168.30.26:44736, ea099ddf-fb2e-4ec3-b0a2-f19542a0ccf4:192.168.30.26:44361, 9968b69f-cbe4-4e66-9140-11f2884fa70f:192.168.30.26:34238], old=null at 0
2019-10-07 12:01:45,306 [grpc-default-executor-7] INFO  impl.RaftServerImpl (ServerState.java:setLeader(255)) - ea099ddf-fb2e-4ec3-b0a2-f19542a0ccf4@group-28B4426542C7: change Leader from null to 7ea16973-9905-4da7-bb80-bd85639ef624 at term 2 for appendEntries, leader elected after 2309ms
2019-10-07 12:01:45,333 [grpc-default-executor-9] INFO  impl.RaftServerImpl (ServerState.java:setLeader(255)) - 9968b69f-cbe4-4e66-9140-11f2884fa70f@group-28B4426542C7: change Leader from null to 7ea16973-9905-4da7-bb80-bd85639ef624 at term 2 for appendEntries, leader elected after 2336ms
2019-10-07 12:01:45,335 [grpc-default-executor-7] INFO  impl.RaftServerImpl (ServerState.java:setRaftConf(356)) - ea099ddf-fb2e-4ec3-b0a2-f19542a0ccf4@group-28B4426542C7: set configuration 0: [7ea16973-9905-4da7-bb80-bd85639ef624:192.168.30.26:44736, ea099ddf-fb2e-4ec3-b0a2-f19542a0ccf4:192.168.30.26:44361, 9968b69f-cbe4-4e66-9140-11f2884fa70f:192.168.30.26:34238], old=null at 0
2019-10-07 12:01:45,335 [grpc-default-executor-7] INFO  segmented.SegmentedRaftLogWorker (SegmentedRaftLogWorker.java:startLogSegment(385)) - ea099ddf-fb2e-4ec3-b0a2-f19542a0ccf4@group-28B4426542C7-SegmentedRaftLogWorker: Starting segment from index:0
2019-10-07 12:01:45,335 [grpc-default-executor-9] INFO  impl.RaftServerImpl (ServerState.java:setRaftConf(356)) - 9968b69f-cbe4-4e66-9140-11f2884fa70f@group-28B4426542C7: set configuration 0: [7ea16973-9905-4da7-bb80-bd85639ef624:192.168.30.26:44736, ea099ddf-fb2e-4ec3-b0a2-f19542a0ccf4:192.168.30.26:44361, 9968b69f-cbe4-4e66-9140-11f2884fa70f:192.168.30.26:34238], old=null at 0
2019-10-07 12:01:45,335 [grpc-default-executor-9] INFO  segmented.SegmentedRaftLogWorker (SegmentedRaftLogWorker.java:startLogSegment(385)) - 9968b69f-cbe4-4e66-9140-11f2884fa70f@group-28B4426542C7-SegmentedRaftLogWorker: Starting segment from index:0
2019-10-07 12:01:45,345 [7ea16973-9905-4da7-bb80-bd85639ef624@group-28B4426542C7-SegmentedRaftLogWorker] INFO  segmented.SegmentedRaftLogWorker (SegmentedRaftLogWorker.java:execute(574)) - 7ea16973-9905-4da7-bb80-bd85639ef624@group-28B4426542C7-SegmentedRaftLogWorker: created new log segment /workdir/hadoop-ozone/integration-test/target/test-dir/MiniOzoneClusterImpl-3996cdb0-1c67-461d-8979-130917cb6d41/datanode-4/data/ratis/650a230a-e428-411a-86f2-28b4426542c7/current/log_inprogress_0
2019-10-07 12:01:45,372 [9968b69f-cbe4-4e66-9140-11f2884fa70f@group-28B4426542C7-SegmentedRaftLogWorker] INFO  segmented.SegmentedRaftLogWorker (SegmentedRaftLogWorker.java:execute(574)) - 9968b69f-cbe4-4e66-9140-11f2884fa70f@group-28B4426542C7-SegmentedRaftLogWorker: created new log segment /workdir/hadoop-ozone/integration-test/target/test-dir/MiniOzoneClusterImpl-3996cdb0-1c67-461d-8979-130917cb6d41/datanode-3/data/ratis/650a230a-e428-411a-86f2-28b4426542c7/current/log_inprogress_0
2019-10-07 12:01:45,372 [ea099ddf-fb2e-4ec3-b0a2-f19542a0ccf4@group-28B4426542C7-SegmentedRaftLogWorker] INFO  segmented.SegmentedRaftLogWorker (SegmentedRaftLogWorker.java:execute(574)) - ea099ddf-fb2e-4ec3-b0a2-f19542a0ccf4@group-28B4426542C7-SegmentedRaftLogWorker: created new log segment /workdir/hadoop-ozone/integration-test/target/test-dir/MiniOzoneClusterImpl-3996cdb0-1c67-461d-8979-130917cb6d41/datanode-5/data/ratis/650a230a-e428-411a-86f2-28b4426542c7/current/log_inprogress_0
2019-10-07 12:01:45,456 [Datanode State Machine Thread - 0] INFO  statemachine.DatanodeStateMachine (DatanodeStateMachine.java:lambda$startDaemon$0(350)) - Ozone container server started.
2019-10-07 12:01:45,533 [Thread-3483] INFO  container.ReplicationManager (ReplicationManager.java:start(162)) - Starting Replication Monitor Thread.
2019-10-07 12:01:45,539 [ReplicationMonitor] INFO  container.ReplicationManager (ReplicationManager.java:run(225)) - Replication Monitor Thread took 0 milliseconds for processing 1 containers.
2019-10-07 12:01:49,527 [main] INFO  ozoneimpl.OzoneContainer (OzoneContainer.java:stop(231)) - Attempting to stop container services.
2019-10-07 12:01:49,528 [main] INFO  impl.RaftServerProxy (RaftServerProxy.java:lambda$close$4(314)) - 35b93ee3-cf43-44f7-b896-65b06618aa81: close
2019-10-07 12:01:49,529 [main] INFO  impl.RaftServerImpl (RaftServerImpl.java:lambda$shutdown$3(247)) - 35b93ee3-cf43-44f7-b896-65b06618aa81@group-41F3D5368F4D: shutdown
2019-10-07 12:01:49,529 [ForkJoinPool.commonPool-worker-1] INFO  impl.RaftServerImpl (RaftServerImpl.java:lambda$shutdown$3(247)) - 35b93ee3-cf43-44f7-b896-65b06618aa81@group-240EBE1C8FDE: shutdown
2019-10-07 12:01:49,529 [main] INFO  util.JmxRegister (JmxRegister.java:unregister(73)) - Successfully un-registered JMX Bean with object name Ratis:service=RaftServer,group=group-41F3D5368F4D,id=35b93ee3-cf43-44f7-b896-65b06618aa81
2019-10-07 12:01:49,529 [ForkJoinPool.commonPool-worker-1] INFO  util.JmxRegister (JmxRegister.java:unregister(73)) - Successfully un-registered JMX Bean with object name Ratis:service=RaftServer,group=group-240EBE1C8FDE,id=35b93ee3-cf43-44f7-b896-65b06618aa81
2019-10-07 12:01:49,530 [main] INFO  impl.RoleInfo (RoleInfo.java:shutdownLeaderState(104)) - 35b93ee3-cf43-44f7-b896-65b06618aa81: shutdown LeaderState
2019-10-07 12:01:49,530 [ForkJoinPool.commonPool-worker-1] INFO  impl.RoleInfo (RoleInfo.java:shutdownFollowerState(121)) - 35b93ee3-cf43-44f7-b896-65b06618aa81: shutdown FollowerState
2019-10-07 12:01:49,530 [main] INFO  impl.PendingRequests (PendingRequests.java:sendNotLeaderResponses(202)) - 35b93ee3-cf43-44f7-b896-65b06618aa81@group-41F3D5368F4D-PendingRequests: sendNotLeaderResponses
2019-10-07 12:01:49,531 [Thread-3552] INFO  impl.FollowerState (FollowerState.java:run(117)) - 35b93ee3-cf43-44f7-b896-65b06618aa81@group-240EBE1C8FDE-FollowerState was interrupted: java.lang.InterruptedException: sleep interrupted
2019-10-07 12:01:49,531 [35b93ee3-cf43-44f7-b896-65b06618aa81@group-240EBE1C8FDE-StateMachineUpdater] INFO  ratis.ContainerStateMachine (ContainerStateMachine.java:takeSnapshot(294)) - group-240EBE1C8FDE: Taking a snapshot at:(t:1, i:3) file /workdir/hadoop-ozone/integration-test/target/test-dir/MiniOzoneClusterImpl-3996cdb0-1c67-461d-8979-130917cb6d41/datanode-0/data/ratis/72795b40-b455-49fe-9f44-240ebe1c8fde/sm/snapshot.1_3
2019-10-07 12:01:49,530 [ForkJoinPool.commonPool-worker-1] INFO  impl.StateMachineUpdater (StateMachineUpdater.java:stopAndJoin(136)) - 35b93ee3-cf43-44f7-b896-65b06618aa81@group-240EBE1C8FDE-StateMachineUpdater: set stopIndex = 4
2019-10-07 12:01:49,531 [main] INFO  impl.StateMachineUpdater (StateMachineUpdater.java:stopAndJoin(136)) - 35b93ee3-cf43-44f7-b896-65b06618aa81@group-41F3D5368F4D-StateMachineUpdater: set stopIndex = 0
2019-10-07 12:01:49,842 [main] INFO  impl.RaftServerImpl (ServerState.java:close(387)) - 35b93ee3-cf43-44f7-b896-65b06618aa81@group-41F3D5368F4D: closes. applyIndex: 0
2019-10-07 12:01:49,835 [35b93ee3-cf43-44f7-b896-65b06618aa81@group-240EBE1C8FDE-StateMachineUpdater] INFO  ratis.ContainerStateMachine (ContainerStateMachine.java:takeSnapshot(305)) - group-240EBE1C8FDE: Finished taking a snapshot at:(t:1, i:3) file:/workdir/hadoop-ozone/integration-test/target/test-dir/MiniOzoneClusterImpl-3996cdb0-1c67-461d-8979-130917cb6d41/datanode-0/data/ratis/72795b40-b455-49fe-9f44-240ebe1c8fde/sm/snapshot.1_3 time:304
2019-10-07 12:01:49,876 [35b93ee3-cf43-44f7-b896-65b06618aa81@group-41F3D5368F4D-SegmentedRaftLogWorker] INFO  segmented.SegmentedRaftLogWorker (SegmentedRaftLogWorker.java:run(316)) - 35b93ee3-cf43-44f7-b896-65b06618aa81@group-41F3D5368F4D-SegmentedRaftLogWorker was interrupted, exiting. There are 0 tasks remaining in the queue.
2019-10-07 12:01:49,876 [35b93ee3-cf43-44f7-b896-65b06618aa81@group-240EBE1C8FDE-StateMachineUpdater] INFO  impl.StateMachineUpdater (StateMachineUpdater.java:takeSnapshot(269)) - 35b93ee3-cf43-44f7-b896-65b06618aa81@group-240EBE1C8FDE-StateMachineUpdater: Took a snapshot at index 3
2019-10-07 12:01:49,890 [main] INFO  segmented.SegmentedRaftLogWorker (SegmentedRaftLogWorker.java:close(224)) - 35b93ee3-cf43-44f7-b896-65b06618aa81@group-41F3D5368F4D-SegmentedRaftLogWorker close()
2019-10-07 12:01:49,896 [35b93ee3-cf43-44f7-b896-65b06618aa81@group-240EBE1C8FDE-StateMachineUpdater] INFO  impl.StateMachineUpdater (StateMachineUpdater.java:lambda$new$0(84)) - 35b93ee3-cf43-44f7-b896-65b06618aa81@group-240EBE1C8FDE-StateMachineUpdater: snapshotIndex: updateIncreasingly -1 -> 3
2019-10-07 12:01:49,934 [35b93ee3-cf43-44f7-b896-65b06618aa81@group-240EBE1C8FDE-StateMachineUpdater] INFO  ratis.ContainerStateMachine (ContainerStateMachine.java:takeSnapshot(294)) - group-240EBE1C8FDE: Taking a snapshot at:(t:1, i:3) file /workdir/hadoop-ozone/integration-test/target/test-dir/MiniOzoneClusterImpl-3996cdb0-1c67-461d-8979-130917cb6d41/datanode-0/data/ratis/72795b40-b455-49fe-9f44-240ebe1c8fde/sm/snapshot.1_3
2019-10-07 12:01:49,948 [35b93ee3-cf43-44f7-b896-65b06618aa81@group-240EBE1C8FDE-StateMachineUpdater] INFO  ratis.ContainerStateMachine (ContainerStateMachine.java:takeSnapshot(305)) - group-240EBE1C8FDE: Finished taking a snapshot at:(t:1, i:3) file:/workdir/hadoop-ozone/integration-test/target/test-dir/MiniOzoneClusterImpl-3996cdb0-1c67-461d-8979-130917cb6d41/datanode-0/data/ratis/72795b40-b455-49fe-9f44-240ebe1c8fde/sm/snapshot.1_3 time:14
2019-10-07 12:01:49,949 [35b93ee3-cf43-44f7-b896-65b06618aa81@group-240EBE1C8FDE-StateMachineUpdater] INFO  impl.StateMachineUpdater (StateMachineUpdater.java:takeSnapshot(269)) - 35b93ee3-cf43-44f7-b896-65b06618aa81@group-240EBE1C8FDE-StateMachineUpdater: Took a snapshot at index 3
2019-10-07 12:01:49,951 [35b93ee3-cf43-44f7-b896-65b06618aa81@group-240EBE1C8FDE-StateMachineUpdater] INFO  impl.StateMachineUpdater (StateMachineUpdater.java:lambda$new$0(84)) - 35b93ee3-cf43-44f7-b896-65b06618aa81@group-240EBE1C8FDE-StateMachineUpdater: snapshotIndex: updateIncreasingly 3 -> 3
2019-10-07 12:01:49,955 [ForkJoinPool.commonPool-worker-1] INFO  impl.RaftServerImpl (ServerState.java:close(387)) - 35b93ee3-cf43-44f7-b896-65b06618aa81@group-240EBE1C8FDE: closes. applyIndex: 4
2019-10-07 12:01:49,955 [35b93ee3-cf43-44f7-b896-65b06618aa81@group-240EBE1C8FDE-SegmentedRaftLogWorker] INFO  segmented.SegmentedRaftLogWorker (SegmentedRaftLogWorker.java:run(316)) - 35b93ee3-cf43-44f7-b896-65b06618aa81@group-240EBE1C8FDE-SegmentedRaftLogWorker was interrupted, exiting. There are 0 tasks remaining in the queue.
2019-10-07 12:01:49,957 [ForkJoinPool.commonPool-worker-1] INFO  segmented.SegmentedRaftLogWorker (SegmentedRaftLogWorker.java:close(224)) - 35b93ee3-cf43-44f7-b896-65b06618aa81@group-240EBE1C8FDE-SegmentedRaftLogWorker close()
2019-10-07 12:01:49,961 [main] INFO  server.GrpcService (GrpcService.java:closeImpl(164)) - 35b93ee3-cf43-44f7-b896-65b06618aa81: shutdown server with port 43657 now
2019-10-07 12:01:50,030 [grpc-default-executor-9] WARN  server.GrpcServerProtocolService (LogUtils.java:warn(134)) - 35b93ee3-cf43-44f7-b896-65b06618aa81: installSnapshot onError, lastRequest: 9e4f0239-5467-41fd-81e1-38f0f07fc00b->35b93ee3-cf43-44f7-b896-65b06618aa81#15-t1, previous=(t:1, i:4), leaderCommit=4, initializing? false, entries: <empty>: org.apache.ratis.thirdparty.io.grpc.StatusRuntimeException: CANCELLED: cancelled before receiving half close
2019-10-07 12:01:50,031 [grpc-default-executor-7] WARN  server.GrpcLogAppender (LogUtils.java:warn(134)) - 9e4f0239-5467-41fd-81e1-38f0f07fc00b@group-240EBE1C8FDE->35b93ee3-cf43-44f7-b896-65b06618aa81-AppendLogResponseHandler: Failed appendEntries: org.apache.ratis.thirdparty.io.grpc.StatusRuntimeException: CANCELLED: HTTP/2 error code: CANCEL
Received Rst Stream
2019-10-07 12:01:50,030 [main] INFO  server.GrpcService (GrpcService.java:closeImpl(172)) - 35b93ee3-cf43-44f7-b896-65b06618aa81: shutdown server with port 43657 successfully
2019-10-07 12:01:50,033 [refreshUsed-/workdir/hadoop-ozone/integration-test/target/test-dir/MiniOzoneClusterImpl-3996cdb0-1c67-461d-8979-130917cb6d41/datanode-0/data/containers] WARN  fs.CachingGetSpaceUsed (CachingGetSpaceUsed.java:run(183)) - Thread Interrupted waiting to refresh disk information: sleep interrupted
2019-10-07 12:01:50,055 [grpc-default-executor-7] INFO  impl.FollowerInfo (FollowerInfo.java:lambda$new$0(51)) - 9e4f0239-5467-41fd-81e1-38f0f07fc00b@group-240EBE1C8FDE->35b93ee3-cf43-44f7-b896-65b06618aa81: nextIndex: updateUnconditionally 5 -> 4
2019-10-07 12:01:50,063 [main] INFO  utils.BackgroundService (BackgroundService.java:shutdown(148)) - Shutting down service BlockDeletingService
2019-10-07 12:01:50,070 [main] INFO  statemachine.DatanodeStateMachine (DatanodeStateMachine.java:stopDaemon(395)) - Ozone container server stopped.
2019-10-07 12:01:50,071 [main] INFO  handler.ContextHandler (ContextHandler.java:doStop(910)) - Stopped o.e.j.w.WebAppContext@427308f8{/,null,UNAVAILABLE}{/hddsDatanode}
2019-10-07 12:01:50,071 [main] INFO  server.AbstractConnector (AbstractConnector.java:doStop(318)) - Stopped ServerConnector@54247647{HTTP/1.1,[http/1.1]}{0.0.0.0:0}
2019-10-07 12:01:50,072 [main] INFO  handler.ContextHandler (ContextHandler.java:doStop(910)) - Stopped o.e.j.s.ServletContextHandler@74123110{/static,jar:file:/home/user/.m2/repository/org/apache/hadoop/hadoop-hdds-container-service/0.5.0-SNAPSHOT/hadoop-hdds-container-service-0.5.0-SNAPSHOT.jar!/webapps/static,UNAVAILABLE}
2019-10-07 12:01:50,072 [main] INFO  handler.ContextHandler (ContextHandler.java:doStop(910)) - Stopped o.e.j.s.ServletContextHandler@4c7d7430{/logs,file:///workdir/hadoop-ozone/integration-test/target/log,UNAVAILABLE}
2019-10-07 12:01:50,090 [grpc-default-executor-7] WARN  server.GrpcLogAppender (LogUtils.java:warn(134)) - 9e4f0239-5467-41fd-81e1-38f0f07fc00b@group-240EBE1C8FDE->35b93ee3-cf43-44f7-b896-65b06618aa81-AppendLogResponseHandler: Failed appendEntries: org.apache.ratis.thirdparty.io.grpc.StatusRuntimeException: UNAVAILABLE: io exception
2019-10-07 12:01:50,093 [grpc-default-executor-7] INFO  impl.FollowerInfo (FollowerInfo.java:lambda$new$0(51)) - 9e4f0239-5467-41fd-81e1-38f0f07fc00b@group-240EBE1C8FDE->35b93ee3-cf43-44f7-b896-65b06618aa81: nextIndex: updateUnconditionally 5 -> 4
2019-10-07 12:01:50,098 [grpc-default-executor-6] WARN  server.GrpcLogAppender (LogUtils.java:warn(134)) - 9e4f0239-5467-41fd-81e1-38f0f07fc00b@group-240EBE1C8FDE->35b93ee3-cf43-44f7-b896-65b06618aa81-AppendLogResponseHandler: Failed appendEntries: org.apache.ratis.thirdparty.io.grpc.StatusRuntimeException: UNAVAILABLE: io exception
2019-10-07 12:01:50,098 [grpc-default-executor-6] INFO  impl.FollowerInfo (FollowerInfo.java:lambda$new$0(51)) - 9e4f0239-5467-41fd-81e1-38f0f07fc00b@group-240EBE1C8FDE->35b93ee3-cf43-44f7-b896-65b06618aa81: nextIndex: updateUnconditionally 5 -> 4
2019-10-07 12:01:50,108 [grpc-default-executor-7] WARN  server.GrpcLogAppender (LogUtils.java:warn(134)) - 9e4f0239-5467-41fd-81e1-38f0f07fc00b@group-240EBE1C8FDE->35b93ee3-cf43-44f7-b896-65b06618aa81-AppendLogResponseHandler: Failed appendEntries: org.apache.ratis.thirdparty.io.grpc.StatusRuntimeException: UNAVAILABLE: io exception
2019-10-07 12:01:50,108 [grpc-default-executor-7] INFO  impl.FollowerInfo (FollowerInfo.java:lambda$new$0(51)) - 9e4f0239-5467-41fd-81e1-38f0f07fc00b@group-240EBE1C8FDE->35b93ee3-cf43-44f7-b896-65b06618aa81: nextIndex: updateUnconditionally 5 -> 4
2019-10-07 12:01:50,124 [grpc-default-executor-9] WARN  server.GrpcLogAppender (LogUtils.java:warn(134)) - 9e4f0239-5467-41fd-81e1-38f0f07fc00b@group-240EBE1C8FDE->35b93ee3-cf43-44f7-b896-65b06618aa81-AppendLogResponseHandler: Failed appendEntries: org.apache.ratis.thirdparty.io.grpc.StatusRuntimeException: UNAVAILABLE: io exception
2019-10-07 12:01:50,124 [grpc-default-executor-9] INFO  impl.FollowerInfo (FollowerInfo.java:lambda$new$0(51)) - 9e4f0239-5467-41fd-81e1-38f0f07fc00b@group-240EBE1C8FDE->35b93ee3-cf43-44f7-b896-65b06618aa81: nextIndex: updateUnconditionally 5 -> 4
2019-10-07 12:01:50,125 [grpc-default-executor-9] WARN  server.GrpcLogAppender (LogUtils.java:warn(134)) - 9e4f0239-5467-41fd-81e1-38f0f07fc00b@group-240EBE1C8FDE->35b93ee3-cf43-44f7-b896-65b06618aa81-AppendLogResponseHandler: Failed appendEntries: org.apache.ratis.thirdparty.io.grpc.StatusRuntimeException: UNAVAILABLE: io exception
2019-10-07 12:01:50,125 [grpc-default-executor-9] INFO  impl.FollowerInfo (FollowerInfo.java:lambda$new$0(51)) - 9e4f0239-5467-41fd-81e1-38f0f07fc00b@group-240EBE1C8FDE->35b93ee3-cf43-44f7-b896-65b06618aa81: nextIndex: updateUnconditionally 5 -> 4
2019-10-07 12:01:50,132 [grpc-default-executor-10] WARN  server.GrpcLogAppender (LogUtils.java:warn(134)) - 9e4f0239-5467-41fd-81e1-38f0f07fc00b@group-240EBE1C8FDE->35b93ee3-cf43-44f7-b896-65b06618aa81-AppendLogResponseHandler: Failed appendEntries: org.apache.ratis.thirdparty.io.grpc.StatusRuntimeException: UNAVAILABLE: io exception
2019-10-07 12:01:50,136 [grpc-default-executor-10] INFO  impl.FollowerInfo (FollowerInfo.java:lambda$new$0(51)) - 9e4f0239-5467-41fd-81e1-38f0f07fc00b@group-240EBE1C8FDE->35b93ee3-cf43-44f7-b896-65b06618aa81: nextIndex: updateUnconditionally 5 -> 4
2019-10-07 12:01:50,137 [grpc-default-executor-6] WARN  server.GrpcLogAppender (LogUtils.java:warn(134)) - 9e4f0239-5467-41fd-81e1-38f0f07fc00b@group-240EBE1C8FDE->35b93ee3-cf43-44f7-b896-65b06618aa81-AppendLogResponseHandler: Failed appendEntries: org.apache.ratis.thirdparty.io.grpc.StatusRuntimeException: UNAVAILABLE: io exception
2019-10-07 12:01:50,137 [grpc-default-executor-6] INFO  impl.FollowerInfo (FollowerInfo.java:lambda$new$0(51)) - 9e4f0239-5467-41fd-81e1-38f0f07fc00b@group-240EBE1C8FDE->35b93ee3-cf43-44f7-b896-65b06618aa81: nextIndex: updateUnconditionally 5 -> 4
2019-10-07 12:01:50,639 [grpc-default-executor-7] WARN  server.GrpcLogAppender (LogUtils.java:warn(134)) - 9e4f0239-5467-41fd-81e1-38f0f07fc00b@group-240EBE1C8FDE->35b93ee3-cf43-44f7-b896-65b06618aa81-AppendLogResponseHandler: Failed appendEntries: org.apache.ratis.thirdparty.io.grpc.StatusRuntimeException: UNAVAILABLE: io exception
2019-10-07 12:01:50,639 [grpc-default-executor-7] INFO  impl.FollowerInfo (FollowerInfo.java:lambda$new$0(51)) - 9e4f0239-5467-41fd-81e1-38f0f07fc00b@group-240EBE1C8FDE->35b93ee3-cf43-44f7-b896-65b06618aa81: nextIndex: updateUnconditionally 4 -> 3
2019-10-07 12:01:51,143 [grpc-default-executor-7] WARN  server.GrpcLogAppender (LogUtils.java:warn(134)) - 9e4f0239-5467-41fd-81e1-38f0f07fc00b@group-240EBE1C8FDE->35b93ee3-cf43-44f7-b896-65b06618aa81-AppendLogResponseHandler: Failed appendEntries: org.apache.ratis.thirdparty.io.grpc.StatusRuntimeException: UNAVAILABLE: io exception
2019-10-07 12:01:51,143 [grpc-default-executor-7] INFO  impl.FollowerInfo (FollowerInfo.java:lambda$new$0(51)) - 9e4f0239-5467-41fd-81e1-38f0f07fc00b@group-240EBE1C8FDE->35b93ee3-cf43-44f7-b896-65b06618aa81: nextIndex: updateUnconditionally 3 -> 2
2019-10-07 12:01:51,645 [grpc-default-executor-6] WARN  server.GrpcLogAppender (LogUtils.java:warn(134)) - 9e4f0239-5467-41fd-81e1-38f0f07fc00b@group-240EBE1C8FDE->35b93ee3-cf43-44f7-b896-65b06618aa81-AppendLogResponseHandler: Failed appendEntries: org.apache.ratis.thirdparty.io.grpc.StatusRuntimeException: UNAVAILABLE: io exception
2019-10-07 12:01:51,646 [grpc-default-executor-6] INFO  impl.FollowerInfo (FollowerInfo.java:lambda$new$0(51)) - 9e4f0239-5467-41fd-81e1-38f0f07fc00b@group-240EBE1C8FDE->35b93ee3-cf43-44f7-b896-65b06618aa81: nextIndex: updateUnconditionally 2 -> 1
2019-10-07 12:01:52,144 [grpc-default-executor-7] WARN  server.GrpcLogAppender (LogUtils.java:warn(134)) - 9e4f0239-5467-41fd-81e1-38f0f07fc00b@group-240EBE1C8FDE->35b93ee3-cf43-44f7-b896-65b06618aa81-AppendLogResponseHandler: Failed appendEntries: org.apache.ratis.thirdparty.io.grpc.StatusRuntimeException: UNAVAILABLE: io exception
2019-10-07 12:01:52,145 [grpc-default-executor-7] INFO  impl.FollowerInfo (FollowerInfo.java:lambda$new$0(51)) - 9e4f0239-5467-41fd-81e1-38f0f07fc00b@group-240EBE1C8FDE->35b93ee3-cf43-44f7-b896-65b06618aa81: nextIndex: updateUnconditionally 1 -> 0
2019-10-07 12:01:52,645 [grpc-default-executor-7] WARN  server.GrpcLogAppender (LogUtils.java:warn(134)) - 9e4f0239-5467-41fd-81e1-38f0f07fc00b@group-240EBE1C8FDE->35b93ee3-cf43-44f7-b896-65b06618aa81-AppendLogResponseHandler: Failed appendEntries: org.apache.ratis.thirdparty.io.grpc.StatusRuntimeException: UNAVAILABLE: io exception
2019-10-07 12:01:52,645 [grpc-default-executor-7] INFO  impl.FollowerInfo (FollowerInfo.java:lambda$new$0(51)) - 9e4f0239-5467-41fd-81e1-38f0f07fc00b@group-240EBE1C8FDE->35b93ee3-cf43-44f7-b896-65b06618aa81: nextIndex: updateUnconditionally 0 -> 0
2019-10-07 12:01:53,149 [grpc-default-executor-6] WARN  server.GrpcLogAppender (LogUtils.java:warn(134)) - 9e4f0239-5467-41fd-81e1-38f0f07fc00b@group-240EBE1C8FDE->35b93ee3-cf43-44f7-b896-65b06618aa81-AppendLogResponseHandler: Failed appendEntries: org.apache.ratis.thirdparty.io.grpc.StatusRuntimeException: UNAVAILABLE: io exception
2019-10-07 12:01:53,150 [grpc-default-executor-6] INFO  impl.FollowerInfo (FollowerInfo.java:lambda$new$0(51)) - 9e4f0239-5467-41fd-81e1-38f0f07fc00b@group-240EBE1C8FDE->35b93ee3-cf43-44f7-b896-65b06618aa81: nextIndex: updateUnconditionally 0 -> 0
2019-10-07 12:01:53,646 [grpc-default-executor-6] WARN  server.GrpcLogAppender (LogUtils.java:warn(134)) - 9e4f0239-5467-41fd-81e1-38f0f07fc00b@group-240EBE1C8FDE->35b93ee3-cf43-44f7-b896-65b06618aa81-AppendLogResponseHandler: Failed appendEntries: org.apache.ratis.thirdparty.io.grpc.StatusRuntimeException: UNAVAILABLE: io exception
2019-10-07 12:01:53,647 [grpc-default-executor-6] INFO  impl.FollowerInfo (FollowerInfo.java:lambda$new$0(51)) - 9e4f0239-5467-41fd-81e1-38f0f07fc00b@group-240EBE1C8FDE->35b93ee3-cf43-44f7-b896-65b06618aa81: nextIndex: updateUnconditionally 0 -> 0
2019-10-07 12:01:54,153 [grpc-default-executor-6] WARN  server.GrpcLogAppender (LogUtils.java:warn(134)) - 9e4f0239-5467-41fd-81e1-38f0f07fc00b@group-240EBE1C8FDE->35b93ee3-cf43-44f7-b896-65b06618aa81-AppendLogResponseHandler: Failed appendEntries: org.apache.ratis.thirdparty.io.grpc.StatusRuntimeException: UNAVAILABLE: io exception
2019-10-07 12:01:54,154 [grpc-default-executor-6] INFO  impl.FollowerInfo (FollowerInfo.java:lambda$new$0(51)) - 9e4f0239-5467-41fd-81e1-38f0f07fc00b@group-240EBE1C8FDE->35b93ee3-cf43-44f7-b896-65b06618aa81: nextIndex: updateUnconditionally 0 -> 0
2019-10-07 12:01:54,653 [grpc-default-executor-7] WARN  server.GrpcLogAppender (LogUtils.java:warn(134)) - 9e4f0239-5467-41fd-81e1-38f0f07fc00b@group-240EBE1C8FDE->35b93ee3-cf43-44f7-b896-65b06618aa81-AppendLogResponseHandler: Failed appendEntries: org.apache.ratis.thirdparty.io.grpc.StatusRuntimeException: UNAVAILABLE: io exception
2019-10-07 12:01:54,654 [grpc-default-executor-7] INFO  impl.FollowerInfo (FollowerInfo.java:lambda$new$0(51)) - 9e4f0239-5467-41fd-81e1-38f0f07fc00b@group-240EBE1C8FDE->35b93ee3-cf43-44f7-b896-65b06618aa81: nextIndex: updateUnconditionally 0 -> 0
2019-10-07 12:01:55,138 [main] WARN  scm.XceiverClientRatis (XceiverClientRatis.java:watchForCommit(269)) - 3 way commit failed on pipeline Pipeline[ Id: 72795b40-b455-49fe-9f44-240ebe1c8fde, Nodes: 35b93ee3-cf43-44f7-b896-65b06618aa81{ip: 192.168.30.26, host: pr-hdds-2071-fmvlq-2762171947, networkLocation: /rack1, certSerialId: null}5fb7ce83-242c-4a6f-a9ec-b211957cc825{ip: 192.168.30.26, host: pr-hdds-2071-fmvlq-2762171947, networkLocation: /rack1, certSerialId: null}9e4f0239-5467-41fd-81e1-38f0f07fc00b{ip: 192.168.30.26, host: pr-hdds-2071-fmvlq-2762171947, networkLocation: /rack1, certSerialId: null}, Type:RATIS, Factor:THREE, State:OPEN]
java.util.concurrent.TimeoutException
	at java.util.concurrent.CompletableFuture.timedGet(CompletableFuture.java:1771)
	at java.util.concurrent.CompletableFuture.get(CompletableFuture.java:1915)
	at org.apache.hadoop.hdds.scm.XceiverClientRatis.watchForCommit(XceiverClientRatis.java:266)
	at org.apache.hadoop.hdds.scm.storage.CommitWatcher.watchForCommit(CommitWatcher.java:194)
	at org.apache.hadoop.hdds.scm.storage.CommitWatcher.watchOnFirstIndex(CommitWatcher.java:135)
	at org.apache.hadoop.hdds.scm.storage.BlockOutputStream.watchForCommit(BlockOutputStream.java:347)
	at org.apache.hadoop.hdds.scm.storage.BlockOutputStream.handleFullBuffer(BlockOutputStream.java:324)
	at org.apache.hadoop.hdds.scm.storage.BlockOutputStream.write(BlockOutputStream.java:251)
	at org.apache.hadoop.ozone.client.io.BlockOutputStreamEntry.write(BlockOutputStreamEntry.java:129)
	at org.apache.hadoop.ozone.client.io.KeyOutputStream.handleWrite(KeyOutputStream.java:208)
	at org.apache.hadoop.ozone.client.io.KeyOutputStream.write(KeyOutputStream.java:190)
	at org.apache.hadoop.ozone.client.io.OzoneOutputStream.write(OzoneOutputStream.java:49)
	at java.io.OutputStream.write(OutputStream.java:75)
	at org.apache.hadoop.ozone.client.rpc.TestFailureHandlingByClient.testDatanodeExclusionWithMajorityCommit(TestFailureHandlingByClient.java:315)
	at sun.reflect.NativeMethodAccessorImpl.invoke0(Native Method)
	at sun.reflect.NativeMethodAccessorImpl.invoke(NativeMethodAccessorImpl.java:62)
	at sun.reflect.DelegatingMethodAccessorImpl.invoke(DelegatingMethodAccessorImpl.java:43)
	at java.lang.reflect.Method.invoke(Method.java:498)
	at org.junit.runners.model.FrameworkMethod$1.runReflectiveCall(FrameworkMethod.java:47)
	at org.junit.internal.runners.model.ReflectiveCallable.run(ReflectiveCallable.java:12)
	at org.junit.runners.model.FrameworkMethod.invokeExplosively(FrameworkMethod.java:44)
	at org.junit.internal.runners.statements.InvokeMethod.evaluate(InvokeMethod.java:17)
	at org.junit.internal.runners.statements.RunAfters.evaluate(RunAfters.java:27)
	at org.junit.runners.ParentRunner.runLeaf(ParentRunner.java:271)
	at org.junit.runners.BlockJUnit4ClassRunner.runChild(BlockJUnit4ClassRunner.java:70)
	at org.junit.runners.BlockJUnit4ClassRunner.runChild(BlockJUnit4ClassRunner.java:50)
	at org.junit.runners.ParentRunner$3.run(ParentRunner.java:238)
	at org.junit.runners.ParentRunner$1.schedule(ParentRunner.java:63)
	at org.junit.runners.ParentRunner.runChildren(ParentRunner.java:236)
	at org.junit.runners.ParentRunner.access$000(ParentRunner.java:53)
	at org.junit.runners.ParentRunner$2.evaluate(ParentRunner.java:229)
	at org.junit.runners.ParentRunner.run(ParentRunner.java:309)
	at org.apache.maven.surefire.junit4.JUnit4Provider.execute(JUnit4Provider.java:365)
	at org.apache.maven.surefire.junit4.JUnit4Provider.executeWithRerun(JUnit4Provider.java:273)
	at org.apache.maven.surefire.junit4.JUnit4Provider.executeTestSet(JUnit4Provider.java:238)
	at org.apache.maven.surefire.junit4.JUnit4Provider.invoke(JUnit4Provider.java:159)
	at org.apache.maven.surefire.booter.ForkedBooter.invokeProviderInSameClassLoader(ForkedBooter.java:384)
	at org.apache.maven.surefire.booter.ForkedBooter.runSuitesInProcess(ForkedBooter.java:345)
	at org.apache.maven.surefire.booter.ForkedBooter.execute(ForkedBooter.java:126)
	at org.apache.maven.surefire.booter.ForkedBooter.main(ForkedBooter.java:418)
2019-10-07 12:01:55,153 [grpc-default-executor-10] WARN  server.GrpcLogAppender (LogUtils.java:warn(134)) - 9e4f0239-5467-41fd-81e1-38f0f07fc00b@group-240EBE1C8FDE->35b93ee3-cf43-44f7-b896-65b06618aa81-AppendLogResponseHandler: Failed appendEntries: org.apache.ratis.thirdparty.io.grpc.StatusRuntimeException: UNAVAILABLE: io exception
2019-10-07 12:01:55,153 [grpc-default-executor-10] INFO  impl.FollowerInfo (FollowerInfo.java:lambda$new$0(51)) - 9e4f0239-5467-41fd-81e1-38f0f07fc00b@group-240EBE1C8FDE->35b93ee3-cf43-44f7-b896-65b06618aa81: nextIndex: updateUnconditionally 0 -> 0
2019-10-07 12:01:55,654 [grpc-default-executor-10] WARN  server.GrpcLogAppender (LogUtils.java:warn(134)) - 9e4f0239-5467-41fd-81e1-38f0f07fc00b@group-240EBE1C8FDE->35b93ee3-cf43-44f7-b896-65b06618aa81-AppendLogResponseHandler: Failed appendEntries: org.apache.ratis.thirdparty.io.grpc.StatusRuntimeException: UNAVAILABLE: io exception
2019-10-07 12:01:55,654 [grpc-default-executor-10] INFO  impl.FollowerInfo (FollowerInfo.java:lambda$new$0(51)) - 9e4f0239-5467-41fd-81e1-38f0f07fc00b@group-240EBE1C8FDE->35b93ee3-cf43-44f7-b896-65b06618aa81: nextIndex: updateUnconditionally 0 -> 0
2019-10-07 12:01:56,154 [grpc-default-executor-7] WARN  server.GrpcLogAppender (LogUtils.java:warn(134)) - 9e4f0239-5467-41fd-81e1-38f0f07fc00b@group-240EBE1C8FDE->35b93ee3-cf43-44f7-b896-65b06618aa81-AppendLogResponseHandler: Failed appendEntries: org.apache.ratis.thirdparty.io.grpc.StatusRuntimeException: UNAVAILABLE: io exception
2019-10-07 12:01:56,159 [grpc-default-executor-7] INFO  impl.FollowerInfo (FollowerInfo.java:lambda$new$0(51)) - 9e4f0239-5467-41fd-81e1-38f0f07fc00b@group-240EBE1C8FDE->35b93ee3-cf43-44f7-b896-65b06618aa81: nextIndex: updateUnconditionally 0 -> 0
2019-10-07 12:01:56,655 [grpc-default-executor-6] WARN  server.GrpcLogAppender (LogUtils.java:warn(134)) - 9e4f0239-5467-41fd-81e1-38f0f07fc00b@group-240EBE1C8FDE->35b93ee3-cf43-44f7-b896-65b06618aa81-AppendLogResponseHandler: Failed appendEntries: org.apache.ratis.thirdparty.io.grpc.StatusRuntimeException: UNAVAILABLE: io exception
2019-10-07 12:01:56,655 [grpc-default-executor-6] INFO  impl.FollowerInfo (FollowerInfo.java:lambda$new$0(51)) - 9e4f0239-5467-41fd-81e1-38f0f07fc00b@group-240EBE1C8FDE->35b93ee3-cf43-44f7-b896-65b06618aa81: nextIndex: updateUnconditionally 0 -> 0
2019-10-07 12:01:57,155 [grpc-default-executor-10] WARN  server.GrpcLogAppender (LogUtils.java:warn(134)) - 9e4f0239-5467-41fd-81e1-38f0f07fc00b@group-240EBE1C8FDE->35b93ee3-cf43-44f7-b896-65b06618aa81-AppendLogResponseHandler: Failed appendEntries: org.apache.ratis.thirdparty.io.grpc.StatusRuntimeException: UNAVAILABLE: io exception
2019-10-07 12:01:57,156 [grpc-default-executor-10] INFO  impl.FollowerInfo (FollowerInfo.java:lambda$new$0(51)) - 9e4f0239-5467-41fd-81e1-38f0f07fc00b@group-240EBE1C8FDE->35b93ee3-cf43-44f7-b896-65b06618aa81: nextIndex: updateUnconditionally 0 -> 0
2019-10-07 12:01:57,656 [grpc-default-executor-6] WARN  server.GrpcLogAppender (LogUtils.java:warn(134)) - 9e4f0239-5467-41fd-81e1-38f0f07fc00b@group-240EBE1C8FDE->35b93ee3-cf43-44f7-b896-65b06618aa81-AppendLogResponseHandler: Failed appendEntries: org.apache.ratis.thirdparty.io.grpc.StatusRuntimeException: UNAVAILABLE: io exception
2019-10-07 12:01:57,657 [grpc-default-executor-6] INFO  impl.FollowerInfo (FollowerInfo.java:lambda$new$0(51)) - 9e4f0239-5467-41fd-81e1-38f0f07fc00b@group-240EBE1C8FDE->35b93ee3-cf43-44f7-b896-65b06618aa81: nextIndex: updateUnconditionally 0 -> 0
2019-10-07 12:01:58,156 [grpc-default-executor-10] WARN  server.GrpcLogAppender (LogUtils.java:warn(134)) - 9e4f0239-5467-41fd-81e1-38f0f07fc00b@group-240EBE1C8FDE->35b93ee3-cf43-44f7-b896-65b06618aa81-AppendLogResponseHandler: Failed appendEntries: org.apache.ratis.thirdparty.io.grpc.StatusRuntimeException: UNAVAILABLE: io exception
2019-10-07 12:01:58,157 [grpc-default-executor-10] INFO  impl.FollowerInfo (FollowerInfo.java:lambda$new$0(51)) - 9e4f0239-5467-41fd-81e1-38f0f07fc00b@group-240EBE1C8FDE->35b93ee3-cf43-44f7-b896-65b06618aa81: nextIndex: updateUnconditionally 0 -> 0
2019-10-07 12:01:58,657 [grpc-default-executor-7] WARN  server.GrpcLogAppender (LogUtils.java:warn(134)) - 9e4f0239-5467-41fd-81e1-38f0f07fc00b@group-240EBE1C8FDE->35b93ee3-cf43-44f7-b896-65b06618aa81-AppendLogResponseHandler: Failed appendEntries: org.apache.ratis.thirdparty.io.grpc.StatusRuntimeException: UNAVAILABLE: io exception
2019-10-07 12:01:58,657 [grpc-default-executor-7] INFO  impl.FollowerInfo (FollowerInfo.java:lambda$new$0(51)) - 9e4f0239-5467-41fd-81e1-38f0f07fc00b@group-240EBE1C8FDE->35b93ee3-cf43-44f7-b896-65b06618aa81: nextIndex: updateUnconditionally 0 -> 0
2019-10-07 12:01:59,157 [grpc-default-executor-9] WARN  server.GrpcLogAppender (LogUtils.java:warn(134)) - 9e4f0239-5467-41fd-81e1-38f0f07fc00b@group-240EBE1C8FDE->35b93ee3-cf43-44f7-b896-65b06618aa81-AppendLogResponseHandler: Failed appendEntries: org.apache.ratis.thirdparty.io.grpc.StatusRuntimeException: UNAVAILABLE: io exception
2019-10-07 12:01:59,161 [grpc-default-executor-9] INFO  impl.FollowerInfo (FollowerInfo.java:lambda$new$0(51)) - 9e4f0239-5467-41fd-81e1-38f0f07fc00b@group-240EBE1C8FDE->35b93ee3-cf43-44f7-b896-65b06618aa81: nextIndex: updateUnconditionally 0 -> 0
2019-10-07 12:01:59,169 [main] INFO  scm.XceiverClientRatis (XceiverClientRatis.java:lambda$watchForCommit$5(287)) - Could not commit index 6 on pipeline Pipeline[ Id: 72795b40-b455-49fe-9f44-240ebe1c8fde, Nodes: 35b93ee3-cf43-44f7-b896-65b06618aa81{ip: 192.168.30.26, host: pr-hdds-2071-fmvlq-2762171947, networkLocation: /rack1, certSerialId: null}5fb7ce83-242c-4a6f-a9ec-b211957cc825{ip: 192.168.30.26, host: pr-hdds-2071-fmvlq-2762171947, networkLocation: /rack1, certSerialId: null}9e4f0239-5467-41fd-81e1-38f0f07fc00b{ip: 192.168.30.26, host: pr-hdds-2071-fmvlq-2762171947, networkLocation: /rack1, certSerialId: null}, Type:RATIS, Factor:THREE, State:OPEN] to all the nodes. Server 35b93ee3-cf43-44f7-b896-65b06618aa81 has failed. Committed by majority.
2019-10-07 12:01:59,170 [main] WARN  storage.BlockOutputStream (BlockOutputStream.java:watchForCommit(353)) - Failed to commit BlockId conID: 1 locID: 102920991753437196 bcsId: 8 on Pipeline[ Id: 72795b40-b455-49fe-9f44-240ebe1c8fde, Nodes: 35b93ee3-cf43-44f7-b896-65b06618aa81{ip: 192.168.30.26, host: pr-hdds-2071-fmvlq-2762171947, networkLocation: /rack1, certSerialId: null}5fb7ce83-242c-4a6f-a9ec-b211957cc825{ip: 192.168.30.26, host: pr-hdds-2071-fmvlq-2762171947, networkLocation: /rack1, certSerialId: null}9e4f0239-5467-41fd-81e1-38f0f07fc00b{ip: 192.168.30.26, host: pr-hdds-2071-fmvlq-2762171947, networkLocation: /rack1, certSerialId: null}, Type:RATIS, Factor:THREE, State:OPEN]. Failed nodes: [35b93ee3-cf43-44f7-b896-65b06618aa81{ip: null, host: null, networkLocation: /default-rack, certSerialId: null}]
2019-10-07 12:01:59,658 [grpc-default-executor-7] WARN  server.GrpcLogAppender (LogUtils.java:warn(134)) - 9e4f0239-5467-41fd-81e1-38f0f07fc00b@group-240EBE1C8FDE->35b93ee3-cf43-44f7-b896-65b06618aa81-AppendLogResponseHandler: Failed appendEntries: org.apache.ratis.thirdparty.io.grpc.StatusRuntimeException: UNAVAILABLE: io exception
2019-10-07 12:01:59,661 [grpc-default-executor-7] INFO  impl.FollowerInfo (FollowerInfo.java:lambda$new$0(51)) - 9e4f0239-5467-41fd-81e1-38f0f07fc00b@group-240EBE1C8FDE->35b93ee3-cf43-44f7-b896-65b06618aa81: nextIndex: updateUnconditionally 0 -> 0
2019-10-07 12:02:00,158 [grpc-default-executor-10] WARN  server.GrpcLogAppender (LogUtils.java:warn(134)) - 9e4f0239-5467-41fd-81e1-38f0f07fc00b@group-240EBE1C8FDE->35b93ee3-cf43-44f7-b896-65b06618aa81-AppendLogResponseHandler: Failed appendEntries: org.apache.ratis.thirdparty.io.grpc.StatusRuntimeException: UNAVAILABLE: io exception
2019-10-07 12:02:00,162 [grpc-default-executor-10] INFO  impl.FollowerInfo (FollowerInfo.java:lambda$new$0(51)) - 9e4f0239-5467-41fd-81e1-38f0f07fc00b@group-240EBE1C8FDE->35b93ee3-cf43-44f7-b896-65b06618aa81: nextIndex: updateUnconditionally 0 -> 0
2019-10-07 12:02:00,566 [Thread-3816] INFO  client.GrpcClientProtocolService (GrpcClientProtocolService.java:lambda$processClientRequest$0(278)) - Failed RaftClientRequest:client-B2D0585DBD5F->9e4f0239-5467-41fd-81e1-38f0f07fc00b@group-240EBE1C8FDE, cid=125, seq=0, Watch-ALL_COMMITTED(6), Message:<EMPTY>, reply=RaftClientReply:client-B2D0585DBD5F->9e4f0239-5467-41fd-81e1-38f0f07fc00b@group-240EBE1C8FDE, cid=125, FAILED org.apache.ratis.protocol.NotReplicatedException: Request with call Id 125 and log index 6 is not yet replicated to ALL_COMMITTED, logIndex=6, commits[9e4f0239-5467-41fd-81e1-38f0f07fc00b:c12, 35b93ee3-cf43-44f7-b896-65b06618aa81:c4, 5fb7ce83-242c-4a6f-a9ec-b211957cc825:c12]
2019-10-07 12:02:00,659 [grpc-default-executor-10] WARN  server.GrpcLogAppender (LogUtils.java:warn(134)) - 9e4f0239-5467-41fd-81e1-38f0f07fc00b@group-240EBE1C8FDE->35b93ee3-cf43-44f7-b896-65b06618aa81-AppendLogResponseHandler: Failed appendEntries: org.apache.ratis.thirdparty.io.grpc.StatusRuntimeException: UNAVAILABLE: io exception
2019-10-07 12:02:00,659 [grpc-default-executor-10] INFO  impl.FollowerInfo (FollowerInfo.java:lambda$new$0(51)) - 9e4f0239-5467-41fd-81e1-38f0f07fc00b@group-240EBE1C8FDE->35b93ee3-cf43-44f7-b896-65b06618aa81: nextIndex: updateUnconditionally 0 -> 0
2019-10-07 12:02:01,159 [grpc-default-executor-7] WARN  server.GrpcLogAppender (LogUtils.java:warn(134)) - 9e4f0239-5467-41fd-81e1-38f0f07fc00b@group-240EBE1C8FDE->35b93ee3-cf43-44f7-b896-65b06618aa81-AppendLogResponseHandler: Failed appendEntries: org.apache.ratis.thirdparty.io.grpc.StatusRuntimeException: UNAVAILABLE: io exception
2019-10-07 12:02:01,162 [grpc-default-executor-7] INFO  impl.FollowerInfo (FollowerInfo.java:lambda$new$0(51)) - 9e4f0239-5467-41fd-81e1-38f0f07fc00b@group-240EBE1C8FDE->35b93ee3-cf43-44f7-b896-65b06618aa81: nextIndex: updateUnconditionally 0 -> 0
2019-10-07 12:02:01,660 [grpc-default-executor-7] WARN  server.GrpcLogAppender (LogUtils.java:warn(134)) - 9e4f0239-5467-41fd-81e1-38f0f07fc00b@group-240EBE1C8FDE->35b93ee3-cf43-44f7-b896-65b06618aa81-AppendLogResponseHandler: Failed appendEntries: org.apache.ratis.thirdparty.io.grpc.StatusRuntimeException: UNAVAILABLE: io exception
2019-10-07 12:02:01,660 [grpc-default-executor-7] INFO  impl.FollowerInfo (FollowerInfo.java:lambda$new$0(51)) - 9e4f0239-5467-41fd-81e1-38f0f07fc00b@group-240EBE1C8FDE->35b93ee3-cf43-44f7-b896-65b06618aa81: nextIndex: updateUnconditionally 0 -> 0
2019-10-07 12:02:02,160 [grpc-default-executor-7] WARN  server.GrpcLogAppender (LogUtils.java:warn(134)) - 9e4f0239-5467-41fd-81e1-38f0f07fc00b@group-240EBE1C8FDE->35b93ee3-cf43-44f7-b896-65b06618aa81-AppendLogResponseHandler: Failed appendEntries: org.apache.ratis.thirdparty.io.grpc.StatusRuntimeException: UNAVAILABLE: io exception
2019-10-07 12:02:02,160 [grpc-default-executor-7] INFO  impl.FollowerInfo (FollowerInfo.java:lambda$new$0(51)) - 9e4f0239-5467-41fd-81e1-38f0f07fc00b@group-240EBE1C8FDE->35b93ee3-cf43-44f7-b896-65b06618aa81: nextIndex: updateUnconditionally 0 -> 0
2019-10-07 12:02:02,661 [grpc-default-executor-9] WARN  server.GrpcLogAppender (LogUtils.java:warn(134)) - 9e4f0239-5467-41fd-81e1-38f0f07fc00b@group-240EBE1C8FDE->35b93ee3-cf43-44f7-b896-65b06618aa81-AppendLogResponseHandler: Failed appendEntries: org.apache.ratis.thirdparty.io.grpc.StatusRuntimeException: UNAVAILABLE: io exception
2019-10-07 12:02:02,661 [grpc-default-executor-9] INFO  impl.FollowerInfo (FollowerInfo.java:lambda$new$0(51)) - 9e4f0239-5467-41fd-81e1-38f0f07fc00b@group-240EBE1C8FDE->35b93ee3-cf43-44f7-b896-65b06618aa81: nextIndex: updateUnconditionally 0 -> 0
2019-10-07 12:02:03,171 [grpc-default-executor-9] WARN  server.GrpcLogAppender (LogUtils.java:warn(134)) - 9e4f0239-5467-41fd-81e1-38f0f07fc00b@group-240EBE1C8FDE->35b93ee3-cf43-44f7-b896-65b06618aa81-AppendLogResponseHandler: Failed appendEntries: org.apache.ratis.thirdparty.io.grpc.StatusRuntimeException: UNAVAILABLE: io exception
2019-10-07 12:02:03,172 [grpc-default-executor-9] INFO  impl.FollowerInfo (FollowerInfo.java:lambda$new$0(51)) - 9e4f0239-5467-41fd-81e1-38f0f07fc00b@group-240EBE1C8FDE->35b93ee3-cf43-44f7-b896-65b06618aa81: nextIndex: updateUnconditionally 0 -> 0
2019-10-07 12:02:03,672 [grpc-default-executor-9] WARN  server.GrpcLogAppender (LogUtils.java:warn(134)) - 9e4f0239-5467-41fd-81e1-38f0f07fc00b@group-240EBE1C8FDE->35b93ee3-cf43-44f7-b896-65b06618aa81-AppendLogResponseHandler: Failed appendEntries: org.apache.ratis.thirdparty.io.grpc.StatusRuntimeException: UNAVAILABLE: io exception
2019-10-07 12:02:03,672 [grpc-default-executor-9] INFO  impl.FollowerInfo (FollowerInfo.java:lambda$new$0(51)) - 9e4f0239-5467-41fd-81e1-38f0f07fc00b@group-240EBE1C8FDE->35b93ee3-cf43-44f7-b896-65b06618aa81: nextIndex: updateUnconditionally 0 -> 0
2019-10-07 12:02:04,178 [grpc-default-executor-10] WARN  server.GrpcLogAppender (LogUtils.java:warn(134)) - 9e4f0239-5467-41fd-81e1-38f0f07fc00b@group-240EBE1C8FDE->35b93ee3-cf43-44f7-b896-65b06618aa81-AppendLogResponseHandler: Failed appendEntries: org.apache.ratis.thirdparty.io.grpc.StatusRuntimeException: UNAVAILABLE: io exception
2019-10-07 12:02:04,179 [grpc-default-executor-10] INFO  impl.FollowerInfo (FollowerInfo.java:lambda$new$0(51)) - 9e4f0239-5467-41fd-81e1-38f0f07fc00b@group-240EBE1C8FDE->35b93ee3-cf43-44f7-b896-65b06618aa81: nextIndex: updateUnconditionally 0 -> 0
2019-10-07 12:02:04,180 [main] WARN  scm.XceiverClientRatis (XceiverClientRatis.java:watchForCommit(269)) - 3 way commit failed on pipeline Pipeline[ Id: 72795b40-b455-49fe-9f44-240ebe1c8fde, Nodes: 35b93ee3-cf43-44f7-b896-65b06618aa81{ip: 192.168.30.26, host: pr-hdds-2071-fmvlq-2762171947, networkLocation: /rack1, certSerialId: null}5fb7ce83-242c-4a6f-a9ec-b211957cc825{ip: 192.168.30.26, host: pr-hdds-2071-fmvlq-2762171947, networkLocation: /rack1, certSerialId: null}9e4f0239-5467-41fd-81e1-38f0f07fc00b{ip: 192.168.30.26, host: pr-hdds-2071-fmvlq-2762171947, networkLocation: /rack1, certSerialId: null}, Type:RATIS, Factor:THREE, State:OPEN]
java.util.concurrent.TimeoutException
	at java.util.concurrent.CompletableFuture.timedGet(CompletableFuture.java:1771)
	at java.util.concurrent.CompletableFuture.get(CompletableFuture.java:1915)
	at org.apache.hadoop.hdds.scm.XceiverClientRatis.watchForCommit(XceiverClientRatis.java:266)
	at org.apache.hadoop.hdds.scm.storage.CommitWatcher.watchForCommit(CommitWatcher.java:194)
	at org.apache.hadoop.hdds.scm.storage.CommitWatcher.watchOnLastIndex(CommitWatcher.java:157)
	at org.apache.hadoop.hdds.scm.storage.BlockOutputStream.watchForCommit(BlockOutputStream.java:347)
	at org.apache.hadoop.hdds.scm.storage.BlockOutputStream.handleFlush(BlockOutputStream.java:479)
	at org.apache.hadoop.hdds.scm.storage.BlockOutputStream.flush(BlockOutputStream.java:428)
	at org.apache.hadoop.ozone.client.io.BlockOutputStreamEntry.flush(BlockOutputStreamEntry.java:136)
	at org.apache.hadoop.ozone.client.io.KeyOutputStream.handleFlushOrClose(KeyOutputStream.java:443)
	at org.apache.hadoop.ozone.client.io.KeyOutputStream.flush(KeyOutputStream.java:397)
	at org.apache.hadoop.ozone.client.io.OzoneOutputStream.flush(OzoneOutputStream.java:54)
	at org.apache.hadoop.ozone.client.rpc.TestFailureHandlingByClient.testDatanodeExclusionWithMajorityCommit(TestFailureHandlingByClient.java:316)
	at sun.reflect.NativeMethodAccessorImpl.invoke0(Native Method)
	at sun.reflect.NativeMethodAccessorImpl.invoke(NativeMethodAccessorImpl.java:62)
	at sun.reflect.DelegatingMethodAccessorImpl.invoke(DelegatingMethodAccessorImpl.java:43)
	at java.lang.reflect.Method.invoke(Method.java:498)
	at org.junit.runners.model.FrameworkMethod$1.runReflectiveCall(FrameworkMethod.java:47)
	at org.junit.internal.runners.model.ReflectiveCallable.run(ReflectiveCallable.java:12)
	at org.junit.runners.model.FrameworkMethod.invokeExplosively(FrameworkMethod.java:44)
	at org.junit.internal.runners.statements.InvokeMethod.evaluate(InvokeMethod.java:17)
	at org.junit.internal.runners.statements.RunAfters.evaluate(RunAfters.java:27)
	at org.junit.runners.ParentRunner.runLeaf(ParentRunner.java:271)
	at org.junit.runners.BlockJUnit4ClassRunner.runChild(BlockJUnit4ClassRunner.java:70)
	at org.junit.runners.BlockJUnit4ClassRunner.runChild(BlockJUnit4ClassRunner.java:50)
	at org.junit.runners.ParentRunner$3.run(ParentRunner.java:238)
	at org.junit.runners.ParentRunner$1.schedule(ParentRunner.java:63)
	at org.junit.runners.ParentRunner.runChildren(ParentRunner.java:236)
	at org.junit.runners.ParentRunner.access$000(ParentRunner.java:53)
	at org.junit.runners.ParentRunner$2.evaluate(ParentRunner.java:229)
	at org.junit.runners.ParentRunner.run(ParentRunner.java:309)
	at org.apache.maven.surefire.junit4.JUnit4Provider.execute(JUnit4Provider.java:365)
	at org.apache.maven.surefire.junit4.JUnit4Provider.executeWithRerun(JUnit4Provider.java:273)
	at org.apache.maven.surefire.junit4.JUnit4Provider.executeTestSet(JUnit4Provider.java:238)
	at org.apache.maven.surefire.junit4.JUnit4Provider.invoke(JUnit4Provider.java:159)
	at org.apache.maven.surefire.booter.ForkedBooter.invokeProviderInSameClassLoader(ForkedBooter.java:384)
	at org.apache.maven.surefire.booter.ForkedBooter.runSuitesInProcess(ForkedBooter.java:345)
	at org.apache.maven.surefire.booter.ForkedBooter.execute(ForkedBooter.java:126)
	at org.apache.maven.surefire.booter.ForkedBooter.main(ForkedBooter.java:418)
2019-10-07 12:02:04,681 [grpc-default-executor-10] WARN  server.GrpcLogAppender (LogUtils.java:warn(134)) - 9e4f0239-5467-41fd-81e1-38f0f07fc00b@group-240EBE1C8FDE->35b93ee3-cf43-44f7-b896-65b06618aa81-AppendLogResponseHandler: Failed appendEntries: org.apache.ratis.thirdparty.io.grpc.StatusRuntimeException: UNAVAILABLE: io exception
2019-10-07 12:02:04,682 [grpc-default-executor-10] INFO  impl.FollowerInfo (FollowerInfo.java:lambda$new$0(51)) - 9e4f0239-5467-41fd-81e1-38f0f07fc00b@group-240EBE1C8FDE->35b93ee3-cf43-44f7-b896-65b06618aa81: nextIndex: updateUnconditionally 0 -> 0
2019-10-07 12:02:05,181 [grpc-default-executor-9] WARN  server.GrpcLogAppender (LogUtils.java:warn(134)) - 9e4f0239-5467-41fd-81e1-38f0f07fc00b@group-240EBE1C8FDE->35b93ee3-cf43-44f7-b896-65b06618aa81-AppendLogResponseHandler: Failed appendEntries: org.apache.ratis.thirdparty.io.grpc.StatusRuntimeException: UNAVAILABLE: io exception
2019-10-07 12:02:05,185 [grpc-default-executor-9] INFO  impl.FollowerInfo (FollowerInfo.java:lambda$new$0(51)) - 9e4f0239-5467-41fd-81e1-38f0f07fc00b@group-240EBE1C8FDE->35b93ee3-cf43-44f7-b896-65b06618aa81: nextIndex: updateUnconditionally 0 -> 0
2019-10-07 12:02:05,682 [grpc-default-executor-9] WARN  server.GrpcLogAppender (LogUtils.java:warn(134)) - 9e4f0239-5467-41fd-81e1-38f0f07fc00b@group-240EBE1C8FDE->35b93ee3-cf43-44f7-b896-65b06618aa81-AppendLogResponseHandler: Failed appendEntries: org.apache.ratis.thirdparty.io.grpc.StatusRuntimeException: UNAVAILABLE: io exception
2019-10-07 12:02:05,682 [grpc-default-executor-9] INFO  impl.FollowerInfo (FollowerInfo.java:lambda$new$0(51)) - 9e4f0239-5467-41fd-81e1-38f0f07fc00b@group-240EBE1C8FDE->35b93ee3-cf43-44f7-b896-65b06618aa81: nextIndex: updateUnconditionally 0 -> 0
2019-10-07 12:02:06,182 [grpc-default-executor-7] WARN  server.GrpcLogAppender (LogUtils.java:warn(134)) - 9e4f0239-5467-41fd-81e1-38f0f07fc00b@group-240EBE1C8FDE->35b93ee3-cf43-44f7-b896-65b06618aa81-AppendLogResponseHandler: Failed appendEntries: org.apache.ratis.thirdparty.io.grpc.StatusRuntimeException: UNAVAILABLE: io exception
2019-10-07 12:02:06,183 [grpc-default-executor-7] INFO  impl.FollowerInfo (FollowerInfo.java:lambda$new$0(51)) - 9e4f0239-5467-41fd-81e1-38f0f07fc00b@group-240EBE1C8FDE->35b93ee3-cf43-44f7-b896-65b06618aa81: nextIndex: updateUnconditionally 0 -> 0
2019-10-07 12:02:06,687 [grpc-default-executor-7] WARN  server.GrpcLogAppender (LogUtils.java:warn(134)) - 9e4f0239-5467-41fd-81e1-38f0f07fc00b@group-240EBE1C8FDE->35b93ee3-cf43-44f7-b896-65b06618aa81-AppendLogResponseHandler: Failed appendEntries: org.apache.ratis.thirdparty.io.grpc.StatusRuntimeException: UNAVAILABLE: io exception
2019-10-07 12:02:06,688 [grpc-default-executor-7] INFO  impl.FollowerInfo (FollowerInfo.java:lambda$new$0(51)) - 9e4f0239-5467-41fd-81e1-38f0f07fc00b@group-240EBE1C8FDE->35b93ee3-cf43-44f7-b896-65b06618aa81: nextIndex: updateUnconditionally 0 -> 0
2019-10-07 12:02:07,185 [grpc-default-executor-7] WARN  server.GrpcLogAppender (LogUtils.java:warn(134)) - 9e4f0239-5467-41fd-81e1-38f0f07fc00b@group-240EBE1C8FDE->35b93ee3-cf43-44f7-b896-65b06618aa81-AppendLogResponseHandler: Failed appendEntries: org.apache.ratis.thirdparty.io.grpc.StatusRuntimeException: UNAVAILABLE: io exception
2019-10-07 12:02:07,185 [grpc-default-executor-7] INFO  impl.FollowerInfo (FollowerInfo.java:lambda$new$0(51)) - 9e4f0239-5467-41fd-81e1-38f0f07fc00b@group-240EBE1C8FDE->35b93ee3-cf43-44f7-b896-65b06618aa81: nextIndex: updateUnconditionally 0 -> 0
2019-10-07 12:02:07,686 [grpc-default-executor-7] WARN  server.GrpcLogAppender (LogUtils.java:warn(134)) - 9e4f0239-5467-41fd-81e1-38f0f07fc00b@group-240EBE1C8FDE->35b93ee3-cf43-44f7-b896-65b06618aa81-AppendLogResponseHandler: Failed appendEntries: org.apache.ratis.thirdparty.io.grpc.StatusRuntimeException: UNAVAILABLE: io exception
2019-10-07 12:02:07,686 [grpc-default-executor-7] INFO  impl.FollowerInfo (FollowerInfo.java:lambda$new$0(51)) - 9e4f0239-5467-41fd-81e1-38f0f07fc00b@group-240EBE1C8FDE->35b93ee3-cf43-44f7-b896-65b06618aa81: nextIndex: updateUnconditionally 0 -> 0
2019-10-07 12:02:08,159 [Thread-3899] INFO  client.GrpcClientProtocolService (GrpcClientProtocolService.java:lambda$processClientRequest$0(278)) - Failed RaftClientRequest:client-B2D0585DBD5F->5fb7ce83-242c-4a6f-a9ec-b211957cc825@group-240EBE1C8FDE, cid=125, seq=0, Watch-ALL_COMMITTED(6), Message:<EMPTY>, reply=RaftClientReply:client-B2D0585DBD5F->5fb7ce83-242c-4a6f-a9ec-b211957cc825@group-240EBE1C8FDE, cid=125, FAILED org.apache.ratis.protocol.NotLeaderException: Server 5fb7ce83-242c-4a6f-a9ec-b211957cc825@group-240EBE1C8FDE is not the leader 9e4f0239-5467-41fd-81e1-38f0f07fc00b:192.168.30.26:36089, logIndex=0, commits[5fb7ce83-242c-4a6f-a9ec-b211957cc825:c12, 35b93ee3-cf43-44f7-b896-65b06618aa81:c4, 9e4f0239-5467-41fd-81e1-38f0f07fc00b:c12]
2019-10-07 12:02:08,199 [grpc-default-executor-10] WARN  server.GrpcLogAppender (LogUtils.java:warn(134)) - 9e4f0239-5467-41fd-81e1-38f0f07fc00b@group-240EBE1C8FDE->35b93ee3-cf43-44f7-b896-65b06618aa81-AppendLogResponseHandler: Failed appendEntries: org.apache.ratis.thirdparty.io.grpc.StatusRuntimeException: UNAVAILABLE: io exception
2019-10-07 12:02:08,199 [grpc-default-executor-10] INFO  impl.FollowerInfo (FollowerInfo.java:lambda$new$0(51)) - 9e4f0239-5467-41fd-81e1-38f0f07fc00b@group-240EBE1C8FDE->35b93ee3-cf43-44f7-b896-65b06618aa81: nextIndex: updateUnconditionally 0 -> 0
2019-10-07 12:02:08,695 [grpc-default-executor-7] WARN  server.GrpcLogAppender (LogUtils.java:warn(134)) - 9e4f0239-5467-41fd-81e1-38f0f07fc00b@group-240EBE1C8FDE->35b93ee3-cf43-44f7-b896-65b06618aa81-AppendLogResponseHandler: Failed appendEntries: org.apache.ratis.thirdparty.io.grpc.StatusRuntimeException: UNAVAILABLE: io exception
2019-10-07 12:02:08,701 [grpc-default-executor-7] INFO  impl.FollowerInfo (FollowerInfo.java:lambda$new$0(51)) - 9e4f0239-5467-41fd-81e1-38f0f07fc00b@group-240EBE1C8FDE->35b93ee3-cf43-44f7-b896-65b06618aa81: nextIndex: updateUnconditionally 0 -> 0
2019-10-07 12:02:09,182 [main] WARN  storage.CommitWatcher (CommitWatcher.java:watchForCommit(203)) - watchForCommit failed for index 8
java.util.concurrent.TimeoutException
	at java.util.concurrent.CompletableFuture.timedGet(CompletableFuture.java:1771)
	at java.util.concurrent.CompletableFuture.get(CompletableFuture.java:1915)
	at org.apache.hadoop.hdds.scm.XceiverClientRatis.watchForCommit(XceiverClientRatis.java:275)
	at org.apache.hadoop.hdds.scm.storage.CommitWatcher.watchForCommit(CommitWatcher.java:194)
	at org.apache.hadoop.hdds.scm.storage.CommitWatcher.watchOnLastIndex(CommitWatcher.java:157)
	at org.apache.hadoop.hdds.scm.storage.BlockOutputStream.watchForCommit(BlockOutputStream.java:347)
	at org.apache.hadoop.hdds.scm.storage.BlockOutputStream.handleFlush(BlockOutputStream.java:479)
	at org.apache.hadoop.hdds.scm.storage.BlockOutputStream.flush(BlockOutputStream.java:428)
	at org.apache.hadoop.ozone.client.io.BlockOutputStreamEntry.flush(BlockOutputStreamEntry.java:136)
	at org.apache.hadoop.ozone.client.io.KeyOutputStream.handleFlushOrClose(KeyOutputStream.java:443)
	at org.apache.hadoop.ozone.client.io.KeyOutputStream.flush(KeyOutputStream.java:397)
	at org.apache.hadoop.ozone.client.io.OzoneOutputStream.flush(OzoneOutputStream.java:54)
	at org.apache.hadoop.ozone.client.rpc.TestFailureHandlingByClient.testDatanodeExclusionWithMajorityCommit(TestFailureHandlingByClient.java:316)
	at sun.reflect.NativeMethodAccessorImpl.invoke0(Native Method)
	at sun.reflect.NativeMethodAccessorImpl.invoke(NativeMethodAccessorImpl.java:62)
	at sun.reflect.DelegatingMethodAccessorImpl.invoke(DelegatingMethodAccessorImpl.java:43)
	at java.lang.reflect.Method.invoke(Method.java:498)
	at org.junit.runners.model.FrameworkMethod$1.runReflectiveCall(FrameworkMethod.java:47)
	at org.junit.internal.runners.model.ReflectiveCallable.run(ReflectiveCallable.java:12)
	at org.junit.runners.model.FrameworkMethod.invokeExplosively(FrameworkMethod.java:44)
	at org.junit.internal.runners.statements.InvokeMethod.evaluate(InvokeMethod.java:17)
	at org.junit.internal.runners.statements.RunAfters.evaluate(RunAfters.java:27)
	at org.junit.runners.ParentRunner.runLeaf(ParentRunner.java:271)
	at org.junit.runners.BlockJUnit4ClassRunner.runChild(BlockJUnit4ClassRunner.java:70)
	at org.junit.runners.BlockJUnit4ClassRunner.runChild(BlockJUnit4ClassRunner.java:50)
	at org.junit.runners.ParentRunner$3.run(ParentRunner.java:238)
	at org.junit.runners.ParentRunner$1.schedule(ParentRunner.java:63)
	at org.junit.runners.ParentRunner.runChildren(ParentRunner.java:236)
	at org.junit.runners.ParentRunner.access$000(ParentRunner.java:53)
	at org.junit.runners.ParentRunner$2.evaluate(ParentRunner.java:229)
	at org.junit.runners.ParentRunner.run(ParentRunner.java:309)
	at org.apache.maven.surefire.junit4.JUnit4Provider.execute(JUnit4Provider.java:365)
	at org.apache.maven.surefire.junit4.JUnit4Provider.executeWithRerun(JUnit4Provider.java:273)
	at org.apache.maven.surefire.junit4.JUnit4Provider.executeTestSet(JUnit4Provider.java:238)
	at org.apache.maven.surefire.junit4.JUnit4Provider.invoke(JUnit4Provider.java:159)
	at org.apache.maven.surefire.booter.ForkedBooter.invokeProviderInSameClassLoader(ForkedBooter.java:384)
	at org.apache.maven.surefire.booter.ForkedBooter.runSuitesInProcess(ForkedBooter.java:345)
	at org.apache.maven.surefire.booter.ForkedBooter.execute(ForkedBooter.java:126)
	at org.apache.maven.surefire.booter.ForkedBooter.main(ForkedBooter.java:418)
2019-10-07 12:02:09,185 [main] WARN  io.KeyOutputStream (KeyOutputStream.java:handleException(274)) - Encountered exception java.io.IOException: Unexpected Storage Container Exception: java.io.IOException: Unexpected Storage Container Exception: java.util.concurrent.TimeoutException on the pipeline Pipeline[ Id: 72795b40-b455-49fe-9f44-240ebe1c8fde, Nodes: 35b93ee3-cf43-44f7-b896-65b06618aa81{ip: 192.168.30.26, host: pr-hdds-2071-fmvlq-2762171947, networkLocation: /rack1, certSerialId: null}5fb7ce83-242c-4a6f-a9ec-b211957cc825{ip: 192.168.30.26, host: pr-hdds-2071-fmvlq-2762171947, networkLocation: /rack1, certSerialId: null}9e4f0239-5467-41fd-81e1-38f0f07fc00b{ip: 192.168.30.26, host: pr-hdds-2071-fmvlq-2762171947, networkLocation: /rack1, certSerialId: null}, Type:RATIS, Factor:THREE, State:OPEN]. The last committed block length is 2097152, uncommitted data length is 1048576 retry count 0
2019-10-07 12:02:09,222 [grpc-default-executor-7] WARN  server.GrpcLogAppender (LogUtils.java:warn(134)) - 9e4f0239-5467-41fd-81e1-38f0f07fc00b@group-240EBE1C8FDE->35b93ee3-cf43-44f7-b896-65b06618aa81-AppendLogResponseHandler: Failed appendEntries: org.apache.ratis.thirdparty.io.grpc.StatusRuntimeException: UNAVAILABLE: io exception
2019-10-07 12:02:09,222 [grpc-default-executor-7] INFO  impl.FollowerInfo (FollowerInfo.java:lambda$new$0(51)) - 9e4f0239-5467-41fd-81e1-38f0f07fc00b@group-240EBE1C8FDE->35b93ee3-cf43-44f7-b896-65b06618aa81: nextIndex: updateUnconditionally 0 -> 0
2019-10-07 12:02:09,451 [main] INFO  ozone.MiniOzoneClusterImpl (MiniOzoneClusterImpl.java:shutdown(314)) - Shutting down the Mini Ozone Cluster
2019-10-07 12:02:09,454 [main] INFO  ozone.MiniOzoneClusterImpl (MiniOzoneClusterImpl.java:stop(330)) - Stopping the Mini Ozone Cluster
2019-10-07 12:02:09,454 [main] INFO  ozone.MiniOzoneClusterImpl (MiniOzoneClusterImpl.java:stopOM(400)) - Stopping the OzoneManager
2019-10-07 12:02:09,454 [main] INFO  ipc.Server (Server.java:stop(3082)) - Stopping server on 39499
2019-10-07 12:02:09,467 [IPC Server listener on 39499] INFO  ipc.Server (Server.java:run(1185)) - Stopping IPC Server listener on 39499
2019-10-07 12:02:09,467 [main] INFO  ratis.OzoneManagerDoubleBuffer (OzoneManagerDoubleBuffer.java:stop(248)) - Stopping OMDoubleBuffer flush thread
2019-10-07 12:02:09,467 [IPC Server Responder] INFO  ipc.Server (Server.java:run(1319)) - Stopping IPC Server Responder
2019-10-07 12:02:09,469 [OMDoubleBufferFlushThread] INFO  ratis.OzoneManagerDoubleBuffer (OzoneManagerDoubleBuffer.java:flushTransactions(191)) - OMDoubleBuffer flush thread OMDoubleBufferFlushThread is interrupted and will exit. OMDoubleBufferFlushThread
2019-10-07 12:02:09,488 [main] INFO  utils.BackgroundService (BackgroundService.java:shutdown(148)) - Shutting down service KeyDeletingService
2019-10-07 12:02:09,490 [main] INFO  handler.ContextHandler (ContextHandler.java:doStop(910)) - Stopped o.e.j.w.WebAppContext@165614f5{/,null,UNAVAILABLE}{/ozoneManager}
2019-10-07 12:02:09,491 [main] INFO  server.AbstractConnector (AbstractConnector.java:doStop(318)) - Stopped ServerConnector@6e685e6c{HTTP/1.1,[http/1.1]}{0.0.0.0:0}
2019-10-07 12:02:09,491 [main] INFO  handler.ContextHandler (ContextHandler.java:doStop(910)) - Stopped o.e.j.s.ServletContextHandler@65593327{/static,file:///workdir/hadoop-ozone/integration-test/target/test-classes/webapps/static,UNAVAILABLE}
2019-10-07 12:02:09,491 [main] INFO  handler.ContextHandler (ContextHandler.java:doStop(910)) - Stopped o.e.j.s.ServletContextHandler@626c569b{/logs,file:///workdir/hadoop-ozone/integration-test/target/log,UNAVAILABLE}
2019-10-07 12:02:09,494 [main] INFO  ozone.MiniOzoneClusterImpl (MiniOzoneClusterImpl.java:stopDatanodes(377)) - Stopping the HddsDatanodes
2019-10-07 12:02:09,562 [Thread-3934] INFO  client.GrpcClientProtocolService (GrpcClientProtocolService.java:lambda$processClientRequest$0(278)) - Failed RaftClientRequest:client-B2D0585DBD5F->9e4f0239-5467-41fd-81e1-38f0f07fc00b@group-240EBE1C8FDE, cid=127, seq=0, Watch-ALL_COMMITTED(8), Message:<EMPTY>, reply=RaftClientReply:client-B2D0585DBD5F->9e4f0239-5467-41fd-81e1-38f0f07fc00b@group-240EBE1C8FDE, cid=127, FAILED org.apache.ratis.protocol.NotReplicatedException: Request with call Id 127 and log index 8 is not yet replicated to ALL_COMMITTED, logIndex=8, commits[9e4f0239-5467-41fd-81e1-38f0f07fc00b:c12, 35b93ee3-cf43-44f7-b896-65b06618aa81:c4, 5fb7ce83-242c-4a6f-a9ec-b211957cc825:c12]
2019-10-07 12:02:09,566 [Thread-3935] INFO  client.GrpcClientProtocolService (GrpcClientProtocolService.java:lambda$processClientRequest$0(278)) - Failed RaftClientRequest:client-B2D0585DBD5F->9e4f0239-5467-41fd-81e1-38f0f07fc00b@group-240EBE1C8FDE, cid=125, seq=0, Watch-ALL_COMMITTED(6), Message:<EMPTY>, reply=RaftClientReply:client-B2D0585DBD5F->9e4f0239-5467-41fd-81e1-38f0f07fc00b@group-240EBE1C8FDE, cid=125, FAILED org.apache.ratis.protocol.NotReplicatedException: Request with call Id 125 and log index 6 is not yet replicated to ALL_COMMITTED, logIndex=6, commits[9e4f0239-5467-41fd-81e1-38f0f07fc00b:c12, 35b93ee3-cf43-44f7-b896-65b06618aa81:c4, 5fb7ce83-242c-4a6f-a9ec-b211957cc825:c12]
2019-10-07 12:02:09,702 [grpc-default-executor-7] WARN  server.GrpcLogAppender (LogUtils.java:warn(134)) - 9e4f0239-5467-41fd-81e1-38f0f07fc00b@group-240EBE1C8FDE->35b93ee3-cf43-44f7-b896-65b06618aa81-AppendLogResponseHandler: Failed appendEntries: org.apache.ratis.thirdparty.io.grpc.StatusRuntimeException: UNAVAILABLE: io exception
2019-10-07 12:02:09,707 [grpc-default-executor-7] INFO  impl.FollowerInfo (FollowerInfo.java:lambda$new$0(51)) - 9e4f0239-5467-41fd-81e1-38f0f07fc00b@group-240EBE1C8FDE->35b93ee3-cf43-44f7-b896-65b06618aa81: nextIndex: updateUnconditionally 0 -> 0
2019-10-07 12:02:09,869 [Datanode State Machine Thread - 0] INFO  statemachine.DatanodeStateMachine (DatanodeStateMachine.java:lambda$startDaemon$0(350)) - Ozone container server started.
2019-10-07 12:02:10,203 [grpc-default-executor-9] WARN  server.GrpcLogAppender (LogUtils.java:warn(134)) - 9e4f0239-5467-41fd-81e1-38f0f07fc00b@group-240EBE1C8FDE->35b93ee3-cf43-44f7-b896-65b06618aa81-AppendLogResponseHandler: Failed appendEntries: org.apache.ratis.thirdparty.io.grpc.StatusRuntimeException: UNAVAILABLE: io exception
2019-10-07 12:02:10,203 [grpc-default-executor-9] INFO  impl.FollowerInfo (FollowerInfo.java:lambda$new$0(51)) - 9e4f0239-5467-41fd-81e1-38f0f07fc00b@group-240EBE1C8FDE->35b93ee3-cf43-44f7-b896-65b06618aa81: nextIndex: updateUnconditionally 0 -> 0
2019-10-07 12:02:10,435 [Datanode State Machine Thread - 0] INFO  statemachine.DatanodeStateMachine (DatanodeStateMachine.java:lambda$startDaemon$0(350)) - Ozone container server started.
2019-10-07 12:02:10,703 [grpc-default-executor-10] WARN  server.GrpcLogAppender (LogUtils.java:warn(134)) - 9e4f0239-5467-41fd-81e1-38f0f07fc00b@group-240EBE1C8FDE->35b93ee3-cf43-44f7-b896-65b06618aa81-AppendLogResponseHandler: Failed appendEntries: org.apache.ratis.thirdparty.io.grpc.StatusRuntimeException: UNAVAILABLE: io exception
2019-10-07 12:02:10,703 [grpc-default-executor-10] INFO  impl.FollowerInfo (FollowerInfo.java:lambda$new$0(51)) - 9e4f0239-5467-41fd-81e1-38f0f07fc00b@group-240EBE1C8FDE->35b93ee3-cf43-44f7-b896-65b06618aa81: nextIndex: updateUnconditionally 0 -> 0
2019-10-07 12:02:11,207 [grpc-default-executor-7] WARN  server.GrpcLogAppender (LogUtils.java:warn(134)) - 9e4f0239-5467-41fd-81e1-38f0f07fc00b@group-240EBE1C8FDE->35b93ee3-cf43-44f7-b896-65b06618aa81-AppendLogResponseHandler: Failed appendEntries: org.apache.ratis.thirdparty.io.grpc.StatusRuntimeException: UNAVAILABLE: io exception
2019-10-07 12:02:11,207 [grpc-default-executor-7] INFO  impl.FollowerInfo (FollowerInfo.java:lambda$new$0(51)) - 9e4f0239-5467-41fd-81e1-38f0f07fc00b@group-240EBE1C8FDE->35b93ee3-cf43-44f7-b896-65b06618aa81: nextIndex: updateUnconditionally 0 -> 0
2019-10-07 12:02:11,704 [grpc-default-executor-10] WARN  server.GrpcLogAppender (LogUtils.java:warn(134)) - 9e4f0239-5467-41fd-81e1-38f0f07fc00b@group-240EBE1C8FDE->35b93ee3-cf43-44f7-b896-65b06618aa81-AppendLogResponseHandler: Failed appendEntries: org.apache.ratis.thirdparty.io.grpc.StatusRuntimeException: UNAVAILABLE: io exception
2019-10-07 12:02:11,705 [grpc-default-executor-10] INFO  impl.FollowerInfo (FollowerInfo.java:lambda$new$0(51)) - 9e4f0239-5467-41fd-81e1-38f0f07fc00b@group-240EBE1C8FDE->35b93ee3-cf43-44f7-b896-65b06618aa81: nextIndex: updateUnconditionally 0 -> 0
2019-10-07 12:02:12,205 [grpc-default-executor-7] WARN  server.GrpcLogAppender (LogUtils.java:warn(134)) - 9e4f0239-5467-41fd-81e1-38f0f07fc00b@group-240EBE1C8FDE->35b93ee3-cf43-44f7-b896-65b06618aa81-AppendLogResponseHandler: Failed appendEntries: org.apache.ratis.thirdparty.io.grpc.StatusRuntimeException: UNAVAILABLE: io exception
2019-10-07 12:02:12,205 [grpc-default-executor-7] INFO  impl.FollowerInfo (FollowerInfo.java:lambda$new$0(51)) - 9e4f0239-5467-41fd-81e1-38f0f07fc00b@group-240EBE1C8FDE->35b93ee3-cf43-44f7-b896-65b06618aa81: nextIndex: updateUnconditionally 0 -> 0
2019-10-07 12:02:12,705 [grpc-default-executor-9] WARN  server.GrpcLogAppender (LogUtils.java:warn(134)) - 9e4f0239-5467-41fd-81e1-38f0f07fc00b@group-240EBE1C8FDE->35b93ee3-cf43-44f7-b896-65b06618aa81-AppendLogResponseHandler: Failed appendEntries: org.apache.ratis.thirdparty.io.grpc.StatusRuntimeException: UNAVAILABLE: io exception
2019-10-07 12:02:12,706 [grpc-default-executor-9] INFO  impl.FollowerInfo (FollowerInfo.java:lambda$new$0(51)) - 9e4f0239-5467-41fd-81e1-38f0f07fc00b@group-240EBE1C8FDE->35b93ee3-cf43-44f7-b896-65b06618aa81: nextIndex: updateUnconditionally 0 -> 0
2019-10-07 12:02:13,206 [grpc-default-executor-10] WARN  server.GrpcLogAppender (LogUtils.java:warn(134)) - 9e4f0239-5467-41fd-81e1-38f0f07fc00b@group-240EBE1C8FDE->35b93ee3-cf43-44f7-b896-65b06618aa81-AppendLogResponseHandler: Failed appendEntries: org.apache.ratis.thirdparty.io.grpc.StatusRuntimeException: UNAVAILABLE: io exception
2019-10-07 12:02:13,206 [grpc-default-executor-10] INFO  impl.FollowerInfo (FollowerInfo.java:lambda$new$0(51)) - 9e4f0239-5467-41fd-81e1-38f0f07fc00b@group-240EBE1C8FDE->35b93ee3-cf43-44f7-b896-65b06618aa81: nextIndex: updateUnconditionally 0 -> 0
2019-10-07 12:02:13,706 [grpc-default-executor-7] WARN  server.GrpcLogAppender (LogUtils.java:warn(134)) - 9e4f0239-5467-41fd-81e1-38f0f07fc00b@group-240EBE1C8FDE->35b93ee3-cf43-44f7-b896-65b06618aa81-AppendLogResponseHandler: Failed appendEntries: org.apache.ratis.thirdparty.io.grpc.StatusRuntimeException: UNAVAILABLE: io exception
2019-10-07 12:02:13,707 [grpc-default-executor-7] INFO  impl.FollowerInfo (FollowerInfo.java:lambda$new$0(51)) - 9e4f0239-5467-41fd-81e1-38f0f07fc00b@group-240EBE1C8FDE->35b93ee3-cf43-44f7-b896-65b06618aa81: nextIndex: updateUnconditionally 0 -> 0
2019-10-07 12:02:14,207 [grpc-default-executor-10] WARN  server.GrpcLogAppender (LogUtils.java:warn(134)) - 9e4f0239-5467-41fd-81e1-38f0f07fc00b@group-240EBE1C8FDE->35b93ee3-cf43-44f7-b896-65b06618aa81-AppendLogResponseHandler: Failed appendEntries: org.apache.ratis.thirdparty.io.grpc.StatusRuntimeException: UNAVAILABLE: io exception
2019-10-07 12:02:14,207 [grpc-default-executor-10] INFO  impl.FollowerInfo (FollowerInfo.java:lambda$new$0(51)) - 9e4f0239-5467-41fd-81e1-38f0f07fc00b@group-240EBE1C8FDE->35b93ee3-cf43-44f7-b896-65b06618aa81: nextIndex: updateUnconditionally 0 -> 0
2019-10-07 12:02:14,495 [main] INFO  ozoneimpl.OzoneContainer (OzoneContainer.java:stop(231)) - Attempting to stop container services.
2019-10-07 12:02:14,495 [ForkJoinPool.commonPool-worker-1] INFO  ozoneimpl.OzoneContainer (OzoneContainer.java:stop(231)) - Attempting to stop container services.
2019-10-07 12:02:14,495 [main] INFO  impl.RaftServerProxy (RaftServerProxy.java:lambda$close$4(314)) - ea099ddf-fb2e-4ec3-b0a2-f19542a0ccf4: close
2019-10-07 12:02:14,495 [ForkJoinPool.commonPool-worker-1] INFO  impl.RaftServerProxy (RaftServerProxy.java:lambda$close$4(314)) - 9e4f0239-5467-41fd-81e1-38f0f07fc00b: close
2019-10-07 12:02:14,496 [main] INFO  impl.RaftServerImpl (RaftServerImpl.java:lambda$shutdown$3(247)) - ea099ddf-fb2e-4ec3-b0a2-f19542a0ccf4@group-28B4426542C7: shutdown
2019-10-07 12:02:14,496 [ForkJoinPool.commonPool-worker-1] INFO  impl.RaftServerImpl (RaftServerImpl.java:lambda$shutdown$3(247)) - 9e4f0239-5467-41fd-81e1-38f0f07fc00b@group-240EBE1C8FDE: shutdown
2019-10-07 12:02:14,496 [main] INFO  util.JmxRegister (JmxRegister.java:unregister(73)) - Successfully un-registered JMX Bean with object name Ratis:service=RaftServer,group=group-28B4426542C7,id=ea099ddf-fb2e-4ec3-b0a2-f19542a0ccf4
2019-10-07 12:02:14,496 [ForkJoinPool.commonPool-worker-1] INFO  util.JmxRegister (JmxRegister.java:unregister(73)) - Successfully un-registered JMX Bean with object name Ratis:service=RaftServer,group=group-240EBE1C8FDE,id=9e4f0239-5467-41fd-81e1-38f0f07fc00b
2019-10-07 12:02:14,497 [main] INFO  impl.RoleInfo (RoleInfo.java:shutdownFollowerState(121)) - ea099ddf-fb2e-4ec3-b0a2-f19542a0ccf4: shutdown FollowerState
2019-10-07 12:02:14,497 [ForkJoinPool.commonPool-worker-1] INFO  impl.RoleInfo (RoleInfo.java:shutdownLeaderState(104)) - 9e4f0239-5467-41fd-81e1-38f0f07fc00b: shutdown LeaderState
2019-10-07 12:02:14,498 [Thread-3627] INFO  impl.FollowerState (FollowerState.java:run(117)) - ea099ddf-fb2e-4ec3-b0a2-f19542a0ccf4@group-28B4426542C7-FollowerState was interrupted: java.lang.InterruptedException: sleep interrupted
2019-10-07 12:02:14,503 [ForkJoinPool.commonPool-worker-1] INFO  impl.PendingRequests (PendingRequests.java:sendNotLeaderResponses(202)) - 9e4f0239-5467-41fd-81e1-38f0f07fc00b@group-240EBE1C8FDE-PendingRequests: sendNotLeaderResponses
2019-10-07 12:02:14,497 [main] INFO  impl.StateMachineUpdater (StateMachineUpdater.java:stopAndJoin(136)) - ea099ddf-fb2e-4ec3-b0a2-f19542a0ccf4@group-28B4426542C7-StateMachineUpdater: set stopIndex = 0
2019-10-07 12:02:14,509 [main] INFO  impl.RaftServerImpl (ServerState.java:close(387)) - ea099ddf-fb2e-4ec3-b0a2-f19542a0ccf4@group-28B4426542C7: closes. applyIndex: 0
2019-10-07 12:02:14,510 [Thread-3987] INFO  client.GrpcClientProtocolService (GrpcClientProtocolService.java:lambda$processClientRequest$0(278)) - Failed RaftClientRequest:client-B2D0585DBD5F->9e4f0239-5467-41fd-81e1-38f0f07fc00b@group-240EBE1C8FDE, cid=127, seq=0, Watch-ALL_COMMITTED(8), Message:<EMPTY>, reply=RaftClientReply:client-B2D0585DBD5F->9e4f0239-5467-41fd-81e1-38f0f07fc00b@group-240EBE1C8FDE, cid=127, FAILED org.apache.ratis.protocol.NotLeaderException: Server 9e4f0239-5467-41fd-81e1-38f0f07fc00b@group-240EBE1C8FDE is not the leader, logIndex=0, commits[9e4f0239-5467-41fd-81e1-38f0f07fc00b:c12]
2019-10-07 12:02:14,505 [org.apache.ratis.server.impl.LogAppender$AppenderDaemon$$Lambda$534/1532595071@2083f105] WARN  server.GrpcLogAppender (GrpcLogAppender.java:mayWait(143)) - 9e4f0239-5467-41fd-81e1-38f0f07fc00b@group-240EBE1C8FDE->35b93ee3-cf43-44f7-b896-65b06618aa81-GrpcLogAppender: Wait interrupted by java.lang.InterruptedException
2019-10-07 12:02:14,505 [org.apache.ratis.server.impl.LogAppender$AppenderDaemon$$Lambda$534/1532595071@71859a4] WARN  server.GrpcLogAppender (GrpcLogAppender.java:mayWait(143)) - 9e4f0239-5467-41fd-81e1-38f0f07fc00b@group-240EBE1C8FDE->5fb7ce83-242c-4a6f-a9ec-b211957cc825-GrpcLogAppender: Wait interrupted by java.lang.InterruptedException
2019-10-07 12:02:14,510 [ea099ddf-fb2e-4ec3-b0a2-f19542a0ccf4@group-28B4426542C7-SegmentedRaftLogWorker] INFO  segmented.SegmentedRaftLogWorker (SegmentedRaftLogWorker.java:run(316)) - ea099ddf-fb2e-4ec3-b0a2-f19542a0ccf4@group-28B4426542C7-SegmentedRaftLogWorker was interrupted, exiting. There are 0 tasks remaining in the queue.
2019-10-07 12:02:14,510 [9e4f0239-5467-41fd-81e1-38f0f07fc00b@group-240EBE1C8FDE-StateMachineUpdater] INFO  ratis.ContainerStateMachine (ContainerStateMachine.java:takeSnapshot(294)) - group-240EBE1C8FDE: Taking a snapshot at:(t:1, i:10) file /workdir/hadoop-ozone/integration-test/target/test-dir/MiniOzoneClusterImpl-3996cdb0-1c67-461d-8979-130917cb6d41/datanode-2/data/ratis/72795b40-b455-49fe-9f44-240ebe1c8fde/sm/snapshot.1_10
2019-10-07 12:02:14,510 [ForkJoinPool.commonPool-worker-1] INFO  impl.StateMachineUpdater (StateMachineUpdater.java:stopAndJoin(136)) - 9e4f0239-5467-41fd-81e1-38f0f07fc00b@group-240EBE1C8FDE-StateMachineUpdater: set stopIndex = 12
2019-10-07 12:02:14,534 [grpc-default-executor-9] INFO  server.GrpcServerProtocolService (GrpcServerProtocolService.java:onCompleted(113)) - 5fb7ce83-242c-4a6f-a9ec-b211957cc825: Completed APPEND_ENTRIES, lastRequest: 9e4f0239-5467-41fd-81e1-38f0f07fc00b->5fb7ce83-242c-4a6f-a9ec-b211957cc825#72-t1, previous=(t:1, i:12), leaderCommit=12, initializing? false, entries: <empty>
2019-10-07 12:02:14,510 [Thread-3986] INFO  client.GrpcClientProtocolService (GrpcClientProtocolService.java:lambda$processClientRequest$0(278)) - Failed RaftClientRequest:client-B2D0585DBD5F->9e4f0239-5467-41fd-81e1-38f0f07fc00b@group-240EBE1C8FDE, cid=125, seq=0, Watch-ALL_COMMITTED(6), Message:<EMPTY>, reply=RaftClientReply:client-B2D0585DBD5F->9e4f0239-5467-41fd-81e1-38f0f07fc00b@group-240EBE1C8FDE, cid=125, FAILED org.apache.ratis.protocol.NotLeaderException: Server 9e4f0239-5467-41fd-81e1-38f0f07fc00b@group-240EBE1C8FDE is not the leader, logIndex=0, commits[9e4f0239-5467-41fd-81e1-38f0f07fc00b:c12]
2019-10-07 12:02:14,534 [main] INFO  segmented.SegmentedRaftLogWorker (SegmentedRaftLogWorker.java:close(224)) - ea099ddf-fb2e-4ec3-b0a2-f19542a0ccf4@group-28B4426542C7-SegmentedRaftLogWorker close()
2019-10-07 12:02:14,535 [grpc-default-executor-9] INFO  server.GrpcLogAppender (GrpcLogAppender.java:onCompleted(293)) - 9e4f0239-5467-41fd-81e1-38f0f07fc00b@group-240EBE1C8FDE->5fb7ce83-242c-4a6f-a9ec-b211957cc825-AppendLogResponseHandler: follower responses appendEntries COMPLETED
2019-10-07 12:02:14,543 [main] INFO  impl.RaftServerImpl (RaftServerImpl.java:lambda$shutdown$3(247)) - ea099ddf-fb2e-4ec3-b0a2-f19542a0ccf4@group-BC0A8B10AC35: shutdown
2019-10-07 12:02:14,543 [grpc-default-executor-9] INFO  impl.FollowerInfo (FollowerInfo.java:lambda$new$0(51)) - 9e4f0239-5467-41fd-81e1-38f0f07fc00b@group-240EBE1C8FDE->5fb7ce83-242c-4a6f-a9ec-b211957cc825: nextIndex: updateUnconditionally 13 -> 12
2019-10-07 12:02:14,543 [main] INFO  util.JmxRegister (JmxRegister.java:unregister(73)) - Successfully un-registered JMX Bean with object name Ratis:service=RaftServer,group=group-BC0A8B10AC35,id=ea099ddf-fb2e-4ec3-b0a2-f19542a0ccf4
2019-10-07 12:02:14,544 [main] INFO  impl.RoleInfo (RoleInfo.java:shutdownLeaderState(104)) - ea099ddf-fb2e-4ec3-b0a2-f19542a0ccf4: shutdown LeaderState
2019-10-07 12:02:14,544 [main] INFO  impl.PendingRequests (PendingRequests.java:sendNotLeaderResponses(202)) - ea099ddf-fb2e-4ec3-b0a2-f19542a0ccf4@group-BC0A8B10AC35-PendingRequests: sendNotLeaderResponses
2019-10-07 12:02:14,545 [main] INFO  impl.StateMachineUpdater (StateMachineUpdater.java:stopAndJoin(136)) - ea099ddf-fb2e-4ec3-b0a2-f19542a0ccf4@group-BC0A8B10AC35-StateMachineUpdater: set stopIndex = 0
2019-10-07 12:02:14,545 [main] INFO  impl.RaftServerImpl (ServerState.java:close(387)) - ea099ddf-fb2e-4ec3-b0a2-f19542a0ccf4@group-BC0A8B10AC35: closes. applyIndex: 0
2019-10-07 12:02:14,545 [ea099ddf-fb2e-4ec3-b0a2-f19542a0ccf4@group-BC0A8B10AC35-SegmentedRaftLogWorker] INFO  segmented.SegmentedRaftLogWorker (SegmentedRaftLogWorker.java:run(316)) - ea099ddf-fb2e-4ec3-b0a2-f19542a0ccf4@group-BC0A8B10AC35-SegmentedRaftLogWorker was interrupted, exiting. There are 0 tasks remaining in the queue.
2019-10-07 12:02:14,548 [main] INFO  segmented.SegmentedRaftLogWorker (SegmentedRaftLogWorker.java:close(224)) - ea099ddf-fb2e-4ec3-b0a2-f19542a0ccf4@group-BC0A8B10AC35-SegmentedRaftLogWorker close()
2019-10-07 12:02:14,548 [9e4f0239-5467-41fd-81e1-38f0f07fc00b@group-240EBE1C8FDE-StateMachineUpdater] INFO  ratis.ContainerStateMachine (ContainerStateMachine.java:takeSnapshot(305)) - group-240EBE1C8FDE: Finished taking a snapshot at:(t:1, i:10) file:/workdir/hadoop-ozone/integration-test/target/test-dir/MiniOzoneClusterImpl-3996cdb0-1c67-461d-8979-130917cb6d41/datanode-2/data/ratis/72795b40-b455-49fe-9f44-240ebe1c8fde/sm/snapshot.1_10 time:38
2019-10-07 12:02:14,553 [main] INFO  server.GrpcService (GrpcService.java:closeImpl(164)) - ea099ddf-fb2e-4ec3-b0a2-f19542a0ccf4: shutdown server with port 44361 now
2019-10-07 12:02:14,553 [9e4f0239-5467-41fd-81e1-38f0f07fc00b@group-240EBE1C8FDE-StateMachineUpdater] INFO  impl.StateMachineUpdater (StateMachineUpdater.java:takeSnapshot(269)) - 9e4f0239-5467-41fd-81e1-38f0f07fc00b@group-240EBE1C8FDE-StateMachineUpdater: Took a snapshot at index 10
2019-10-07 12:02:14,553 [9e4f0239-5467-41fd-81e1-38f0f07fc00b@group-240EBE1C8FDE-StateMachineUpdater] INFO  impl.StateMachineUpdater (StateMachineUpdater.java:lambda$new$0(84)) - 9e4f0239-5467-41fd-81e1-38f0f07fc00b@group-240EBE1C8FDE-StateMachineUpdater: snapshotIndex: updateIncreasingly -1 -> 10
2019-10-07 12:02:14,553 [9e4f0239-5467-41fd-81e1-38f0f07fc00b@group-240EBE1C8FDE-StateMachineUpdater] INFO  ratis.ContainerStateMachine (ContainerStateMachine.java:takeSnapshot(294)) - group-240EBE1C8FDE: Taking a snapshot at:(t:1, i:10) file /workdir/hadoop-ozone/integration-test/target/test-dir/MiniOzoneClusterImpl-3996cdb0-1c67-461d-8979-130917cb6d41/datanode-2/data/ratis/72795b40-b455-49fe-9f44-240ebe1c8fde/sm/snapshot.1_10
2019-10-07 12:02:14,554 [grpc-default-executor-10] WARN  server.GrpcServerProtocolService (LogUtils.java:warn(134)) - ea099ddf-fb2e-4ec3-b0a2-f19542a0ccf4: installSnapshot onError, lastRequest: 7ea16973-9905-4da7-bb80-bd85639ef624->ea099ddf-fb2e-4ec3-b0a2-f19542a0ccf4#59-t2, previous=(t:2, i:0), leaderCommit=0, initializing? false, entries: <empty>: org.apache.ratis.thirdparty.io.grpc.StatusRuntimeException: CANCELLED: cancelled before receiving half close
2019-10-07 12:02:14,554 [main] INFO  server.GrpcService (GrpcService.java:closeImpl(172)) - ea099ddf-fb2e-4ec3-b0a2-f19542a0ccf4: shutdown server with port 44361 successfully
2019-10-07 12:02:14,554 [grpc-default-executor-7] WARN  server.GrpcLogAppender (LogUtils.java:warn(134)) - 7ea16973-9905-4da7-bb80-bd85639ef624@group-28B4426542C7->ea099ddf-fb2e-4ec3-b0a2-f19542a0ccf4-AppendLogResponseHandler: Failed appendEntries: org.apache.ratis.thirdparty.io.grpc.StatusRuntimeException: CANCELLED: HTTP/2 error code: CANCEL
Received Rst Stream
2019-10-07 12:02:14,555 [grpc-default-executor-7] INFO  impl.FollowerInfo (FollowerInfo.java:lambda$new$0(51)) - 7ea16973-9905-4da7-bb80-bd85639ef624@group-28B4426542C7->ea099ddf-fb2e-4ec3-b0a2-f19542a0ccf4: nextIndex: updateUnconditionally 1 -> 0
2019-10-07 12:02:14,556 [refreshUsed-/workdir/hadoop-ozone/integration-test/target/test-dir/MiniOzoneClusterImpl-3996cdb0-1c67-461d-8979-130917cb6d41/datanode-5/data/containers] WARN  fs.CachingGetSpaceUsed (CachingGetSpaceUsed.java:run(183)) - Thread Interrupted waiting to refresh disk information: sleep interrupted
2019-10-07 12:02:14,566 [9e4f0239-5467-41fd-81e1-38f0f07fc00b@group-240EBE1C8FDE-StateMachineUpdater] INFO  ratis.ContainerStateMachine (ContainerStateMachine.java:takeSnapshot(305)) - group-240EBE1C8FDE: Finished taking a snapshot at:(t:1, i:10) file:/workdir/hadoop-ozone/integration-test/target/test-dir/MiniOzoneClusterImpl-3996cdb0-1c67-461d-8979-130917cb6d41/datanode-2/data/ratis/72795b40-b455-49fe-9f44-240ebe1c8fde/sm/snapshot.1_10 time:13
2019-10-07 12:02:14,567 [9e4f0239-5467-41fd-81e1-38f0f07fc00b@group-240EBE1C8FDE-StateMachineUpdater] INFO  impl.StateMachineUpdater (StateMachineUpdater.java:takeSnapshot(269)) - 9e4f0239-5467-41fd-81e1-38f0f07fc00b@group-240EBE1C8FDE-StateMachineUpdater: Took a snapshot at index 10
2019-10-07 12:02:14,567 [9e4f0239-5467-41fd-81e1-38f0f07fc00b@group-240EBE1C8FDE-StateMachineUpdater] INFO  impl.StateMachineUpdater (StateMachineUpdater.java:lambda$new$0(84)) - 9e4f0239-5467-41fd-81e1-38f0f07fc00b@group-240EBE1C8FDE-StateMachineUpdater: snapshotIndex: updateIncreasingly 10 -> 10
2019-10-07 12:02:14,567 [ForkJoinPool.commonPool-worker-1] INFO  impl.RaftServerImpl (ServerState.java:close(387)) - 9e4f0239-5467-41fd-81e1-38f0f07fc00b@group-240EBE1C8FDE: closes. applyIndex: 12
2019-10-07 12:02:14,567 [9e4f0239-5467-41fd-81e1-38f0f07fc00b@group-240EBE1C8FDE-SegmentedRaftLogWorker] INFO  segmented.SegmentedRaftLogWorker (SegmentedRaftLogWorker.java:run(316)) - 9e4f0239-5467-41fd-81e1-38f0f07fc00b@group-240EBE1C8FDE-SegmentedRaftLogWorker was interrupted, exiting. There are 0 tasks remaining in the queue.
2019-10-07 12:02:14,570 [ForkJoinPool.commonPool-worker-1] INFO  segmented.SegmentedRaftLogWorker (SegmentedRaftLogWorker.java:close(224)) - 9e4f0239-5467-41fd-81e1-38f0f07fc00b@group-240EBE1C8FDE-SegmentedRaftLogWorker close()
2019-10-07 12:02:14,574 [ForkJoinPool.commonPool-worker-1] INFO  impl.RaftServerImpl (RaftServerImpl.java:lambda$shutdown$3(247)) - 9e4f0239-5467-41fd-81e1-38f0f07fc00b@group-90FE08FC0EF6: shutdown
2019-10-07 12:02:14,574 [ForkJoinPool.commonPool-worker-1] INFO  util.JmxRegister (JmxRegister.java:unregister(73)) - Successfully un-registered JMX Bean with object name Ratis:service=RaftServer,group=group-90FE08FC0EF6,id=9e4f0239-5467-41fd-81e1-38f0f07fc00b
2019-10-07 12:02:14,575 [ForkJoinPool.commonPool-worker-1] INFO  impl.RoleInfo (RoleInfo.java:shutdownLeaderState(104)) - 9e4f0239-5467-41fd-81e1-38f0f07fc00b: shutdown LeaderState
2019-10-07 12:02:14,575 [ForkJoinPool.commonPool-worker-1] INFO  impl.PendingRequests (PendingRequests.java:sendNotLeaderResponses(202)) - 9e4f0239-5467-41fd-81e1-38f0f07fc00b@group-90FE08FC0EF6-PendingRequests: sendNotLeaderResponses
2019-10-07 12:02:14,575 [ForkJoinPool.commonPool-worker-1] INFO  impl.StateMachineUpdater (StateMachineUpdater.java:stopAndJoin(136)) - 9e4f0239-5467-41fd-81e1-38f0f07fc00b@group-90FE08FC0EF6-StateMachineUpdater: set stopIndex = 0
2019-10-07 12:02:14,575 [main] INFO  utils.BackgroundService (BackgroundService.java:shutdown(148)) - Shutting down service BlockDeletingService
2019-10-07 12:02:14,575 [ForkJoinPool.commonPool-worker-1] INFO  impl.RaftServerImpl (ServerState.java:close(387)) - 9e4f0239-5467-41fd-81e1-38f0f07fc00b@group-90FE08FC0EF6: closes. applyIndex: 0
2019-10-07 12:02:14,588 [9e4f0239-5467-41fd-81e1-38f0f07fc00b@group-90FE08FC0EF6-SegmentedRaftLogWorker] INFO  segmented.SegmentedRaftLogWorker (SegmentedRaftLogWorker.java:run(316)) - 9e4f0239-5467-41fd-81e1-38f0f07fc00b@group-90FE08FC0EF6-SegmentedRaftLogWorker was interrupted, exiting. There are 0 tasks remaining in the queue.
2019-10-07 12:02:14,596 [main] INFO  statemachine.DatanodeStateMachine (DatanodeStateMachine.java:stopDaemon(395)) - Ozone container server stopped.
2019-10-07 12:02:14,598 [ForkJoinPool.commonPool-worker-1] INFO  segmented.SegmentedRaftLogWorker (SegmentedRaftLogWorker.java:close(224)) - 9e4f0239-5467-41fd-81e1-38f0f07fc00b@group-90FE08FC0EF6-SegmentedRaftLogWorker close()
2019-10-07 12:02:14,602 [ForkJoinPool.commonPool-worker-1] INFO  server.GrpcService (GrpcService.java:closeImpl(164)) - 9e4f0239-5467-41fd-81e1-38f0f07fc00b: shutdown server with port 36089 now
2019-10-07 12:02:14,602 [ForkJoinPool.commonPool-worker-1] INFO  server.GrpcService (GrpcService.java:closeImpl(172)) - 9e4f0239-5467-41fd-81e1-38f0f07fc00b: shutdown server with port 36089 successfully
2019-10-07 12:02:14,602 [main] INFO  handler.ContextHandler (ContextHandler.java:doStop(910)) - Stopped o.e.j.w.WebAppContext@46cf8c07{/,null,UNAVAILABLE}{/hddsDatanode}
2019-10-07 12:02:14,603 [main] INFO  server.AbstractConnector (AbstractConnector.java:doStop(318)) - Stopped ServerConnector@b56ec6c{HTTP/1.1,[http/1.1]}{0.0.0.0:0}
2019-10-07 12:02:14,603 [main] INFO  handler.ContextHandler (ContextHandler.java:doStop(910)) - Stopped o.e.j.s.ServletContextHandler@1201769d{/static,jar:file:/home/user/.m2/repository/org/apache/hadoop/hadoop-hdds-container-service/0.5.0-SNAPSHOT/hadoop-hdds-container-service-0.5.0-SNAPSHOT.jar!/webapps/static,UNAVAILABLE}
2019-10-07 12:02:14,604 [main] INFO  handler.ContextHandler (ContextHandler.java:doStop(910)) - Stopped o.e.j.s.ServletContextHandler@3f866f50{/logs,file:///workdir/hadoop-ozone/integration-test/target/log,UNAVAILABLE}
2019-10-07 12:02:14,607 [refreshUsed-/workdir/hadoop-ozone/integration-test/target/test-dir/MiniOzoneClusterImpl-3996cdb0-1c67-461d-8979-130917cb6d41/datanode-2/data/containers] WARN  fs.CachingGetSpaceUsed (CachingGetSpaceUsed.java:run(183)) - Thread Interrupted waiting to refresh disk information: sleep interrupted
2019-10-07 12:02:14,617 [ForkJoinPool.commonPool-worker-1] INFO  utils.BackgroundService (BackgroundService.java:shutdown(148)) - Shutting down service BlockDeletingService
2019-10-07 12:02:14,620 [ForkJoinPool.commonPool-worker-1] INFO  statemachine.DatanodeStateMachine (DatanodeStateMachine.java:stopDaemon(395)) - Ozone container server stopped.
2019-10-07 12:02:14,627 [ForkJoinPool.commonPool-worker-1] INFO  handler.ContextHandler (ContextHandler.java:doStop(910)) - Stopped o.e.j.w.WebAppContext@55c1ced9{/,null,UNAVAILABLE}{/hddsDatanode}
2019-10-07 12:02:14,628 [ForkJoinPool.commonPool-worker-1] INFO  server.AbstractConnector (AbstractConnector.java:doStop(318)) - Stopped ServerConnector@49cc9b2a{HTTP/1.1,[http/1.1]}{0.0.0.0:0}
2019-10-07 12:02:14,630 [ForkJoinPool.commonPool-worker-1] INFO  handler.ContextHandler (ContextHandler.java:doStop(910)) - Stopped o.e.j.s.ServletContextHandler@1a2773a8{/static,jar:file:/home/user/.m2/repository/org/apache/hadoop/hadoop-hdds-container-service/0.5.0-SNAPSHOT/hadoop-hdds-container-service-0.5.0-SNAPSHOT.jar!/webapps/static,UNAVAILABLE}
2019-10-07 12:02:14,632 [ForkJoinPool.commonPool-worker-1] INFO  handler.ContextHandler (ContextHandler.java:doStop(910)) - Stopped o.e.j.s.ServletContextHandler@3a109ff7{/logs,file:///workdir/hadoop-ozone/integration-test/target/log,UNAVAILABLE}
2019-10-07 12:02:14,827 [Datanode State Machine Thread - 0] INFO  statemachine.DatanodeStateMachine (DatanodeStateMachine.java:lambda$startDaemon$0(350)) - Ozone container server started.
2019-10-07 12:02:15,029 [grpc-default-executor-9] WARN  server.GrpcLogAppender (LogUtils.java:warn(134)) - 7ea16973-9905-4da7-bb80-bd85639ef624@group-28B4426542C7->ea099ddf-fb2e-4ec3-b0a2-f19542a0ccf4-AppendLogResponseHandler: Failed appendEntries: org.apache.ratis.thirdparty.io.grpc.StatusRuntimeException: UNAVAILABLE: io exception
2019-10-07 12:02:15,030 [grpc-default-executor-9] INFO  impl.FollowerInfo (FollowerInfo.java:lambda$new$0(51)) - 7ea16973-9905-4da7-bb80-bd85639ef624@group-28B4426542C7->ea099ddf-fb2e-4ec3-b0a2-f19542a0ccf4: nextIndex: updateUnconditionally 0 -> 0
2019-10-07 12:02:15,349 [Datanode State Machine Thread - 0] INFO  statemachine.DatanodeStateMachine (DatanodeStateMachine.java:lambda$startDaemon$0(350)) - Ozone container server started.
2019-10-07 12:02:15,530 [grpc-default-executor-10] WARN  server.GrpcLogAppender (LogUtils.java:warn(134)) - 7ea16973-9905-4da7-bb80-bd85639ef624@group-28B4426542C7->ea099ddf-fb2e-4ec3-b0a2-f19542a0ccf4-AppendLogResponseHandler: Failed appendEntries: org.apache.ratis.thirdparty.io.grpc.StatusRuntimeException: UNAVAILABLE: io exception
2019-10-07 12:02:15,531 [grpc-default-executor-10] INFO  impl.FollowerInfo (FollowerInfo.java:lambda$new$0(51)) - 7ea16973-9905-4da7-bb80-bd85639ef624@group-28B4426542C7->ea099ddf-fb2e-4ec3-b0a2-f19542a0ccf4: nextIndex: updateUnconditionally 0 -> 0
2019-10-07 12:02:16,031 [grpc-default-executor-9] WARN  server.GrpcLogAppender (LogUtils.java:warn(134)) - 7ea16973-9905-4da7-bb80-bd85639ef624@group-28B4426542C7->ea099ddf-fb2e-4ec3-b0a2-f19542a0ccf4-AppendLogResponseHandler: Failed appendEntries: org.apache.ratis.thirdparty.io.grpc.StatusRuntimeException: UNAVAILABLE: io exception
2019-10-07 12:02:16,031 [grpc-default-executor-9] INFO  impl.FollowerInfo (FollowerInfo.java:lambda$new$0(51)) - 7ea16973-9905-4da7-bb80-bd85639ef624@group-28B4426542C7->ea099ddf-fb2e-4ec3-b0a2-f19542a0ccf4: nextIndex: updateUnconditionally 0 -> 0
2019-10-07 12:02:16,067 [Thread-3553] INFO  impl.FollowerState (FollowerState.java:run(108)) - 5fb7ce83-242c-4a6f-a9ec-b211957cc825@group-240EBE1C8FDE-FollowerState: change to CANDIDATE, lastRpcTime:1830ms, electionTimeout:1070ms
2019-10-07 12:02:16,067 [Thread-3553] INFO  impl.RoleInfo (RoleInfo.java:shutdownFollowerState(121)) - 5fb7ce83-242c-4a6f-a9ec-b211957cc825: shutdown FollowerState
2019-10-07 12:02:16,067 [Thread-3553] INFO  impl.RaftServerImpl (RaftServerImpl.java:setRole(170)) - 5fb7ce83-242c-4a6f-a9ec-b211957cc825@group-240EBE1C8FDE: changes role from  FOLLOWER to CANDIDATE at term 1 for changeToCandidate
2019-10-07 12:02:16,068 [Thread-3553] INFO  impl.RoleInfo (RoleInfo.java:updateAndGet(143)) - 5fb7ce83-242c-4a6f-a9ec-b211957cc825: start LeaderElection
2019-10-07 12:02:16,068 [5fb7ce83-242c-4a6f-a9ec-b211957cc825@group-240EBE1C8FDE-LeaderElection162] INFO  impl.RaftServerImpl (ServerState.java:setLeader(255)) - 5fb7ce83-242c-4a6f-a9ec-b211957cc825@group-240EBE1C8FDE: change Leader from 9e4f0239-5467-41fd-81e1-38f0f07fc00b to null at term 1 for initElection
2019-10-07 12:02:16,083 [5fb7ce83-242c-4a6f-a9ec-b211957cc825@group-240EBE1C8FDE-LeaderElection162] INFO  impl.LeaderElection (LeaderElection.java:askForVotes(178)) - 5fb7ce83-242c-4a6f-a9ec-b211957cc825@group-240EBE1C8FDE-LeaderElection162: begin an election at term 2 for 0: [35b93ee3-cf43-44f7-b896-65b06618aa81:192.168.30.26:43657, 9e4f0239-5467-41fd-81e1-38f0f07fc00b:192.168.30.26:36089, 5fb7ce83-242c-4a6f-a9ec-b211957cc825:192.168.30.26:42375], old=null
2019-10-07 12:02:16,085 [5fb7ce83-242c-4a6f-a9ec-b211957cc825@group-240EBE1C8FDE-LeaderElection162] INFO  impl.LeaderElection (LogUtils.java:infoOrTrace(149)) - 5fb7ce83-242c-4a6f-a9ec-b211957cc825@group-240EBE1C8FDE-LeaderElection162 got exception when requesting votes: {}
java.util.concurrent.ExecutionException: org.apache.ratis.thirdparty.io.grpc.StatusRuntimeException: UNAVAILABLE: io exception
	at java.util.concurrent.FutureTask.report(FutureTask.java:122)
	at java.util.concurrent.FutureTask.get(FutureTask.java:192)
	at org.apache.ratis.server.impl.LeaderElection.waitForResults(LeaderElection.java:259)
	at org.apache.ratis.server.impl.LeaderElection.askForVotes(LeaderElection.java:197)
	at org.apache.ratis.server.impl.LeaderElection.run(LeaderElection.java:133)
	at java.lang.Thread.run(Thread.java:748)
Caused by: org.apache.ratis.thirdparty.io.grpc.StatusRuntimeException: UNAVAILABLE: io exception
	at org.apache.ratis.thirdparty.io.grpc.stub.ClientCalls.toStatusRuntimeException(ClientCalls.java:233)
	at org.apache.ratis.thirdparty.io.grpc.stub.ClientCalls.getUnchecked(ClientCalls.java:214)
	at org.apache.ratis.thirdparty.io.grpc.stub.ClientCalls.blockingUnaryCall(ClientCalls.java:139)
	at org.apache.ratis.proto.grpc.RaftServerProtocolServiceGrpc$RaftServerProtocolServiceBlockingStub.requestVote(RaftServerProtocolServiceGrpc.java:265)
	at org.apache.ratis.grpc.server.GrpcServerProtocolClient.requestVote(GrpcServerProtocolClient.java:99)
	at org.apache.ratis.grpc.server.GrpcService.requestVote(GrpcService.java:204)
	at org.apache.ratis.server.impl.LeaderElection.lambda$submitRequests$1(LeaderElection.java:234)
	at java.util.concurrent.FutureTask.run(FutureTask.java:266)
	at java.util.concurrent.Executors$RunnableAdapter.call(Executors.java:511)
	at java.util.concurrent.FutureTask.run(FutureTask.java:266)
	at java.util.concurrent.ThreadPoolExecutor.runWorker(ThreadPoolExecutor.java:1149)
	at java.util.concurrent.ThreadPoolExecutor$Worker.run(ThreadPoolExecutor.java:624)
	... 1 more
Caused by: org.apache.ratis.thirdparty.io.netty.channel.AbstractChannel$AnnotatedConnectException: Connection refused: /192.168.30.26:43657
	at sun.nio.ch.SocketChannelImpl.checkConnect(Native Method)
	at sun.nio.ch.SocketChannelImpl.finishConnect(SocketChannelImpl.java:717)
	at org.apache.ratis.thirdparty.io.netty.channel.socket.nio.NioSocketChannel.doFinishConnect(NioSocketChannel.java:327)
	at org.apache.ratis.thirdparty.io.netty.channel.nio.AbstractNioChannel$AbstractNioUnsafe.finishConnect(AbstractNioChannel.java:340)
	at org.apache.ratis.thirdparty.io.netty.channel.nio.NioEventLoop.processSelectedKey(NioEventLoop.java:632)
	at org.apache.ratis.thirdparty.io.netty.channel.nio.NioEventLoop.processSelectedKeysOptimized(NioEventLoop.java:579)
	at org.apache.ratis.thirdparty.io.netty.channel.nio.NioEventLoop.processSelectedKeys(NioEventLoop.java:496)
	at org.apache.ratis.thirdparty.io.netty.channel.nio.NioEventLoop.run(NioEventLoop.java:458)
	at org.apache.ratis.thirdparty.io.netty.util.concurrent.SingleThreadEventExecutor$5.run(SingleThreadEventExecutor.java:897)
	at org.apache.ratis.thirdparty.io.netty.util.concurrent.FastThreadLocalRunnable.run(FastThreadLocalRunnable.java:30)
	... 1 more
Caused by: java.net.ConnectException: Connection refused
	... 11 more
2019-10-07 12:02:16,086 [5fb7ce83-242c-4a6f-a9ec-b211957cc825@group-240EBE1C8FDE-LeaderElection162] INFO  impl.LeaderElection (LogUtils.java:infoOrTrace(149)) - 5fb7ce83-242c-4a6f-a9ec-b211957cc825@group-240EBE1C8FDE-LeaderElection162 got exception when requesting votes: {}
java.util.concurrent.ExecutionException: org.apache.ratis.thirdparty.io.grpc.StatusRuntimeException: UNAVAILABLE: io exception
	at java.util.concurrent.FutureTask.report(FutureTask.java:122)
	at java.util.concurrent.FutureTask.get(FutureTask.java:192)
	at org.apache.ratis.server.impl.LeaderElection.waitForResults(LeaderElection.java:259)
	at org.apache.ratis.server.impl.LeaderElection.askForVotes(LeaderElection.java:197)
	at org.apache.ratis.server.impl.LeaderElection.run(LeaderElection.java:133)
	at java.lang.Thread.run(Thread.java:748)
Caused by: org.apache.ratis.thirdparty.io.grpc.StatusRuntimeException: UNAVAILABLE: io exception
	at org.apache.ratis.thirdparty.io.grpc.stub.ClientCalls.toStatusRuntimeException(ClientCalls.java:233)
	at org.apache.ratis.thirdparty.io.grpc.stub.ClientCalls.getUnchecked(ClientCalls.java:214)
	at org.apache.ratis.thirdparty.io.grpc.stub.ClientCalls.blockingUnaryCall(ClientCalls.java:139)
	at org.apache.ratis.proto.grpc.RaftServerProtocolServiceGrpc$RaftServerProtocolServiceBlockingStub.requestVote(RaftServerProtocolServiceGrpc.java:265)
	at org.apache.ratis.grpc.server.GrpcServerProtocolClient.requestVote(GrpcServerProtocolClient.java:99)
	at org.apache.ratis.grpc.server.GrpcService.requestVote(GrpcService.java:204)
	at org.apache.ratis.server.impl.LeaderElection.lambda$submitRequests$1(LeaderElection.java:234)
	at java.util.concurrent.FutureTask.run(FutureTask.java:266)
	at java.util.concurrent.Executors$RunnableAdapter.call(Executors.java:511)
	at java.util.concurrent.FutureTask.run(FutureTask.java:266)
	at java.util.concurrent.ThreadPoolExecutor.runWorker(ThreadPoolExecutor.java:1149)
	at java.util.concurrent.ThreadPoolExecutor$Worker.run(ThreadPoolExecutor.java:624)
	... 1 more
Caused by: org.apache.ratis.thirdparty.io.netty.channel.AbstractChannel$AnnotatedConnectException: Connection refused: /192.168.30.26:36089
	at sun.nio.ch.SocketChannelImpl.checkConnect(Native Method)
	at sun.nio.ch.SocketChannelImpl.finishConnect(SocketChannelImpl.java:717)
	at org.apache.ratis.thirdparty.io.netty.channel.socket.nio.NioSocketChannel.doFinishConnect(NioSocketChannel.java:327)
	at org.apache.ratis.thirdparty.io.netty.channel.nio.AbstractNioChannel$AbstractNioUnsafe.finishConnect(AbstractNioChannel.java:340)
	at org.apache.ratis.thirdparty.io.netty.channel.nio.NioEventLoop.processSelectedKey(NioEventLoop.java:632)
	at org.apache.ratis.thirdparty.io.netty.channel.nio.NioEventLoop.processSelectedKeysOptimized(NioEventLoop.java:579)
	at org.apache.ratis.thirdparty.io.netty.channel.nio.NioEventLoop.processSelectedKeys(NioEventLoop.java:496)
	at org.apache.ratis.thirdparty.io.netty.channel.nio.NioEventLoop.run(NioEventLoop.java:458)
	at org.apache.ratis.thirdparty.io.netty.util.concurrent.SingleThreadEventExecutor$5.run(SingleThreadEventExecutor.java:897)
	at org.apache.ratis.thirdparty.io.netty.util.concurrent.FastThreadLocalRunnable.run(FastThreadLocalRunnable.java:30)
	... 1 more
Caused by: java.net.ConnectException: Connection refused
	... 11 more
2019-10-07 12:02:16,086 [5fb7ce83-242c-4a6f-a9ec-b211957cc825@group-240EBE1C8FDE-LeaderElection162] INFO  impl.LeaderElection (LeaderElection.java:logAndReturn(56)) - 5fb7ce83-242c-4a6f-a9ec-b211957cc825@group-240EBE1C8FDE-LeaderElection162: Election REJECTED; received 0 response(s) [] and 2 exception(s); 5fb7ce83-242c-4a6f-a9ec-b211957cc825@group-240EBE1C8FDE:t2, leader=null, voted=5fb7ce83-242c-4a6f-a9ec-b211957cc825, raftlog=5fb7ce83-242c-4a6f-a9ec-b211957cc825@group-240EBE1C8FDE-SegmentedRaftLog:OPENED:c12,f12,i12, conf=0: [35b93ee3-cf43-44f7-b896-65b06618aa81:192.168.30.26:43657, 9e4f0239-5467-41fd-81e1-38f0f07fc00b:192.168.30.26:36089, 5fb7ce83-242c-4a6f-a9ec-b211957cc825:192.168.30.26:42375], old=null
2019-10-07 12:02:16,087 [5fb7ce83-242c-4a6f-a9ec-b211957cc825@group-240EBE1C8FDE-LeaderElection162] INFO  impl.LeaderElection (LogUtils.java:infoOrTrace(149)) -   Exception 0: {}
java.util.concurrent.ExecutionException: org.apache.ratis.thirdparty.io.grpc.StatusRuntimeException: UNAVAILABLE: io exception
	at java.util.concurrent.FutureTask.report(FutureTask.java:122)
	at java.util.concurrent.FutureTask.get(FutureTask.java:192)
	at org.apache.ratis.server.impl.LeaderElection.waitForResults(LeaderElection.java:259)
	at org.apache.ratis.server.impl.LeaderElection.askForVotes(LeaderElection.java:197)
	at org.apache.ratis.server.impl.LeaderElection.run(LeaderElection.java:133)
	at java.lang.Thread.run(Thread.java:748)
Caused by: org.apache.ratis.thirdparty.io.grpc.StatusRuntimeException: UNAVAILABLE: io exception
	at org.apache.ratis.thirdparty.io.grpc.stub.ClientCalls.toStatusRuntimeException(ClientCalls.java:233)
	at org.apache.ratis.thirdparty.io.grpc.stub.ClientCalls.getUnchecked(ClientCalls.java:214)
	at org.apache.ratis.thirdparty.io.grpc.stub.ClientCalls.blockingUnaryCall(ClientCalls.java:139)
	at org.apache.ratis.proto.grpc.RaftServerProtocolServiceGrpc$RaftServerProtocolServiceBlockingStub.requestVote(RaftServerProtocolServiceGrpc.java:265)
	at org.apache.ratis.grpc.server.GrpcServerProtocolClient.requestVote(GrpcServerProtocolClient.java:99)
	at org.apache.ratis.grpc.server.GrpcService.requestVote(GrpcService.java:204)
	at org.apache.ratis.server.impl.LeaderElection.lambda$submitRequests$1(LeaderElection.java:234)
	at java.util.concurrent.FutureTask.run(FutureTask.java:266)
	at java.util.concurrent.Executors$RunnableAdapter.call(Executors.java:511)
	at java.util.concurrent.FutureTask.run(FutureTask.java:266)
	at java.util.concurrent.ThreadPoolExecutor.runWorker(ThreadPoolExecutor.java:1149)
	at java.util.concurrent.ThreadPoolExecutor$Worker.run(ThreadPoolExecutor.java:624)
	... 1 more
Caused by: org.apache.ratis.thirdparty.io.netty.channel.AbstractChannel$AnnotatedConnectException: Connection refused: /192.168.30.26:43657
	at sun.nio.ch.SocketChannelImpl.checkConnect(Native Method)
	at sun.nio.ch.SocketChannelImpl.finishConnect(SocketChannelImpl.java:717)
	at org.apache.ratis.thirdparty.io.netty.channel.socket.nio.NioSocketChannel.doFinishConnect(NioSocketChannel.java:327)
	at org.apache.ratis.thirdparty.io.netty.channel.nio.AbstractNioChannel$AbstractNioUnsafe.finishConnect(AbstractNioChannel.java:340)
	at org.apache.ratis.thirdparty.io.netty.channel.nio.NioEventLoop.processSelectedKey(NioEventLoop.java:632)
	at org.apache.ratis.thirdparty.io.netty.channel.nio.NioEventLoop.processSelectedKeysOptimized(NioEventLoop.java:579)
	at org.apache.ratis.thirdparty.io.netty.channel.nio.NioEventLoop.processSelectedKeys(NioEventLoop.java:496)
	at org.apache.ratis.thirdparty.io.netty.channel.nio.NioEventLoop.run(NioEventLoop.java:458)
	at org.apache.ratis.thirdparty.io.netty.util.concurrent.SingleThreadEventExecutor$5.run(SingleThreadEventExecutor.java:897)
	at org.apache.ratis.thirdparty.io.netty.util.concurrent.FastThreadLocalRunnable.run(FastThreadLocalRunnable.java:30)
	... 1 more
Caused by: java.net.ConnectException: Connection refused
	... 11 more
2019-10-07 12:02:16,087 [5fb7ce83-242c-4a6f-a9ec-b211957cc825@group-240EBE1C8FDE-LeaderElection162] INFO  impl.LeaderElection (LogUtils.java:infoOrTrace(149)) -   Exception 1: {}
java.util.concurrent.ExecutionException: org.apache.ratis.thirdparty.io.grpc.StatusRuntimeException: UNAVAILABLE: io exception
	at java.util.concurrent.FutureTask.report(FutureTask.java:122)
	at java.util.concurrent.FutureTask.get(FutureTask.java:192)
	at org.apache.ratis.server.impl.LeaderElection.waitForResults(LeaderElection.java:259)
	at org.apache.ratis.server.impl.LeaderElection.askForVotes(LeaderElection.java:197)
	at org.apache.ratis.server.impl.LeaderElection.run(LeaderElection.java:133)
	at java.lang.Thread.run(Thread.java:748)
Caused by: org.apache.ratis.thirdparty.io.grpc.StatusRuntimeException: UNAVAILABLE: io exception
	at org.apache.ratis.thirdparty.io.grpc.stub.ClientCalls.toStatusRuntimeException(ClientCalls.java:233)
	at org.apache.ratis.thirdparty.io.grpc.stub.ClientCalls.getUnchecked(ClientCalls.java:214)
	at org.apache.ratis.thirdparty.io.grpc.stub.ClientCalls.blockingUnaryCall(ClientCalls.java:139)
	at org.apache.ratis.proto.grpc.RaftServerProtocolServiceGrpc$RaftServerProtocolServiceBlockingStub.requestVote(RaftServerProtocolServiceGrpc.java:265)
	at org.apache.ratis.grpc.server.GrpcServerProtocolClient.requestVote(GrpcServerProtocolClient.java:99)
	at org.apache.ratis.grpc.server.GrpcService.requestVote(GrpcService.java:204)
	at org.apache.ratis.server.impl.LeaderElection.lambda$submitRequests$1(LeaderElection.java:234)
	at java.util.concurrent.FutureTask.run(FutureTask.java:266)
	at java.util.concurrent.Executors$RunnableAdapter.call(Executors.java:511)
	at java.util.concurrent.FutureTask.run(FutureTask.java:266)
	at java.util.concurrent.ThreadPoolExecutor.runWorker(ThreadPoolExecutor.java:1149)
	at java.util.concurrent.ThreadPoolExecutor$Worker.run(ThreadPoolExecutor.java:624)
	... 1 more
Caused by: org.apache.ratis.thirdparty.io.netty.channel.AbstractChannel$AnnotatedConnectException: Connection refused: /192.168.30.26:36089
	at sun.nio.ch.SocketChannelImpl.checkConnect(Native Method)
	at sun.nio.ch.SocketChannelImpl.finishConnect(SocketChannelImpl.java:717)
	at org.apache.ratis.thirdparty.io.netty.channel.socket.nio.NioSocketChannel.doFinishConnect(NioSocketChannel.java:327)
	at org.apache.ratis.thirdparty.io.netty.channel.nio.AbstractNioChannel$AbstractNioUnsafe.finishConnect(AbstractNioChannel.java:340)
	at org.apache.ratis.thirdparty.io.netty.channel.nio.NioEventLoop.processSelectedKey(NioEventLoop.java:632)
	at org.apache.ratis.thirdparty.io.netty.channel.nio.NioEventLoop.processSelectedKeysOptimized(NioEventLoop.java:579)
	at org.apache.ratis.thirdparty.io.netty.channel.nio.NioEventLoop.processSelectedKeys(NioEventLoop.java:496)
	at org.apache.ratis.thirdparty.io.netty.channel.nio.NioEventLoop.run(NioEventLoop.java:458)
	at org.apache.ratis.thirdparty.io.netty.util.concurrent.SingleThreadEventExecutor$5.run(SingleThreadEventExecutor.java:897)
	at org.apache.ratis.thirdparty.io.netty.util.concurrent.FastThreadLocalRunnable.run(FastThreadLocalRunnable.java:30)
	... 1 more
Caused by: java.net.ConnectException: Connection refused
	... 11 more
2019-10-07 12:02:16,087 [5fb7ce83-242c-4a6f-a9ec-b211957cc825@group-240EBE1C8FDE-LeaderElection162] INFO  impl.RaftServerImpl (RaftServerImpl.java:setRole(170)) - 5fb7ce83-242c-4a6f-a9ec-b211957cc825@group-240EBE1C8FDE: changes role from CANDIDATE to FOLLOWER at term 2 for DISCOVERED_A_NEW_TERM
2019-10-07 12:02:16,087 [5fb7ce83-242c-4a6f-a9ec-b211957cc825@group-240EBE1C8FDE-LeaderElection162] INFO  impl.RoleInfo (RoleInfo.java:shutdownLeaderElection(134)) - 5fb7ce83-242c-4a6f-a9ec-b211957cc825: shutdown LeaderElection
2019-10-07 12:02:16,088 [5fb7ce83-242c-4a6f-a9ec-b211957cc825@group-240EBE1C8FDE-LeaderElection162] INFO  impl.RoleInfo (RoleInfo.java:updateAndGet(143)) - 5fb7ce83-242c-4a6f-a9ec-b211957cc825: start FollowerState
2019-10-07 12:02:16,531 [grpc-default-executor-10] WARN  server.GrpcLogAppender (LogUtils.java:warn(134)) - 7ea16973-9905-4da7-bb80-bd85639ef624@group-28B4426542C7->ea099ddf-fb2e-4ec3-b0a2-f19542a0ccf4-AppendLogResponseHandler: Failed appendEntries: org.apache.ratis.thirdparty.io.grpc.StatusRuntimeException: UNAVAILABLE: io exception
2019-10-07 12:02:16,534 [grpc-default-executor-10] INFO  impl.FollowerInfo (FollowerInfo.java:lambda$new$0(51)) - 7ea16973-9905-4da7-bb80-bd85639ef624@group-28B4426542C7->ea099ddf-fb2e-4ec3-b0a2-f19542a0ccf4: nextIndex: updateUnconditionally 0 -> 0
2019-10-07 12:02:17,031 [grpc-default-executor-7] WARN  server.GrpcLogAppender (LogUtils.java:warn(134)) - 7ea16973-9905-4da7-bb80-bd85639ef624@group-28B4426542C7->ea099ddf-fb2e-4ec3-b0a2-f19542a0ccf4-AppendLogResponseHandler: Failed appendEntries: org.apache.ratis.thirdparty.io.grpc.StatusRuntimeException: UNAVAILABLE: io exception
2019-10-07 12:02:17,032 [grpc-default-executor-7] INFO  impl.FollowerInfo (FollowerInfo.java:lambda$new$0(51)) - 7ea16973-9905-4da7-bb80-bd85639ef624@group-28B4426542C7->ea099ddf-fb2e-4ec3-b0a2-f19542a0ccf4: nextIndex: updateUnconditionally 0 -> 0
2019-10-07 12:02:17,167 [Thread-4004] INFO  impl.FollowerState (FollowerState.java:run(108)) - 5fb7ce83-242c-4a6f-a9ec-b211957cc825@group-240EBE1C8FDE-FollowerState: change to CANDIDATE, lastRpcTime:1079ms, electionTimeout:1079ms
2019-10-07 12:02:17,167 [Thread-4004] INFO  impl.RoleInfo (RoleInfo.java:shutdownFollowerState(121)) - 5fb7ce83-242c-4a6f-a9ec-b211957cc825: shutdown FollowerState
2019-10-07 12:02:17,167 [Thread-4004] INFO  impl.RaftServerImpl (RaftServerImpl.java:setRole(170)) - 5fb7ce83-242c-4a6f-a9ec-b211957cc825@group-240EBE1C8FDE: changes role from  FOLLOWER to CANDIDATE at term 2 for changeToCandidate
2019-10-07 12:02:17,167 [Thread-4004] INFO  impl.RoleInfo (RoleInfo.java:updateAndGet(143)) - 5fb7ce83-242c-4a6f-a9ec-b211957cc825: start LeaderElection
2019-10-07 12:02:17,185 [5fb7ce83-242c-4a6f-a9ec-b211957cc825@group-240EBE1C8FDE-LeaderElection163] INFO  impl.LeaderElection (LeaderElection.java:askForVotes(178)) - 5fb7ce83-242c-4a6f-a9ec-b211957cc825@group-240EBE1C8FDE-LeaderElection163: begin an election at term 3 for 0: [35b93ee3-cf43-44f7-b896-65b06618aa81:192.168.30.26:43657, 9e4f0239-5467-41fd-81e1-38f0f07fc00b:192.168.30.26:36089, 5fb7ce83-242c-4a6f-a9ec-b211957cc825:192.168.30.26:42375], old=null
2019-10-07 12:02:17,185 [5fb7ce83-242c-4a6f-a9ec-b211957cc825@group-240EBE1C8FDE-LeaderElection163] INFO  impl.LeaderElection (LogUtils.java:infoOrTrace(149)) - 5fb7ce83-242c-4a6f-a9ec-b211957cc825@group-240EBE1C8FDE-LeaderElection163 got exception when requesting votes: {}
java.util.concurrent.ExecutionException: org.apache.ratis.thirdparty.io.grpc.StatusRuntimeException: UNAVAILABLE: io exception
	at java.util.concurrent.FutureTask.report(FutureTask.java:122)
	at java.util.concurrent.FutureTask.get(FutureTask.java:192)
	at org.apache.ratis.server.impl.LeaderElection.waitForResults(LeaderElection.java:259)
	at org.apache.ratis.server.impl.LeaderElection.askForVotes(LeaderElection.java:197)
	at org.apache.ratis.server.impl.LeaderElection.run(LeaderElection.java:133)
	at java.lang.Thread.run(Thread.java:748)
Caused by: org.apache.ratis.thirdparty.io.grpc.StatusRuntimeException: UNAVAILABLE: io exception
	at org.apache.ratis.thirdparty.io.grpc.stub.ClientCalls.toStatusRuntimeException(ClientCalls.java:233)
	at org.apache.ratis.thirdparty.io.grpc.stub.ClientCalls.getUnchecked(ClientCalls.java:214)
	at org.apache.ratis.thirdparty.io.grpc.stub.ClientCalls.blockingUnaryCall(ClientCalls.java:139)
	at org.apache.ratis.proto.grpc.RaftServerProtocolServiceGrpc$RaftServerProtocolServiceBlockingStub.requestVote(RaftServerProtocolServiceGrpc.java:265)
	at org.apache.ratis.grpc.server.GrpcServerProtocolClient.requestVote(GrpcServerProtocolClient.java:99)
	at org.apache.ratis.grpc.server.GrpcService.requestVote(GrpcService.java:204)
	at org.apache.ratis.server.impl.LeaderElection.lambda$submitRequests$1(LeaderElection.java:234)
	at java.util.concurrent.FutureTask.run(FutureTask.java:266)
	at java.util.concurrent.Executors$RunnableAdapter.call(Executors.java:511)
	at java.util.concurrent.FutureTask.run(FutureTask.java:266)
	at java.util.concurrent.ThreadPoolExecutor.runWorker(ThreadPoolExecutor.java:1149)
	at java.util.concurrent.ThreadPoolExecutor$Worker.run(ThreadPoolExecutor.java:624)
	... 1 more
Caused by: org.apache.ratis.thirdparty.io.netty.channel.AbstractChannel$AnnotatedConnectException: Connection refused: /192.168.30.26:36089
	at sun.nio.ch.SocketChannelImpl.checkConnect(Native Method)
	at sun.nio.ch.SocketChannelImpl.finishConnect(SocketChannelImpl.java:717)
	at org.apache.ratis.thirdparty.io.netty.channel.socket.nio.NioSocketChannel.doFinishConnect(NioSocketChannel.java:327)
	at org.apache.ratis.thirdparty.io.netty.channel.nio.AbstractNioChannel$AbstractNioUnsafe.finishConnect(AbstractNioChannel.java:340)
	at org.apache.ratis.thirdparty.io.netty.channel.nio.NioEventLoop.processSelectedKey(NioEventLoop.java:632)
	at org.apache.ratis.thirdparty.io.netty.channel.nio.NioEventLoop.processSelectedKeysOptimized(NioEventLoop.java:579)
	at org.apache.ratis.thirdparty.io.netty.channel.nio.NioEventLoop.processSelectedKeys(NioEventLoop.java:496)
	at org.apache.ratis.thirdparty.io.netty.channel.nio.NioEventLoop.run(NioEventLoop.java:458)
	at org.apache.ratis.thirdparty.io.netty.util.concurrent.SingleThreadEventExecutor$5.run(SingleThreadEventExecutor.java:897)
	at org.apache.ratis.thirdparty.io.netty.util.concurrent.FastThreadLocalRunnable.run(FastThreadLocalRunnable.java:30)
	... 1 more
Caused by: java.net.ConnectException: Connection refused
	... 11 more
2019-10-07 12:02:17,186 [5fb7ce83-242c-4a6f-a9ec-b211957cc825@group-240EBE1C8FDE-LeaderElection163] INFO  impl.LeaderElection (LogUtils.java:infoOrTrace(149)) - 5fb7ce83-242c-4a6f-a9ec-b211957cc825@group-240EBE1C8FDE-LeaderElection163 got exception when requesting votes: {}
java.util.concurrent.ExecutionException: org.apache.ratis.thirdparty.io.grpc.StatusRuntimeException: UNAVAILABLE: io exception
	at java.util.concurrent.FutureTask.report(FutureTask.java:122)
	at java.util.concurrent.FutureTask.get(FutureTask.java:192)
	at org.apache.ratis.server.impl.LeaderElection.waitForResults(LeaderElection.java:259)
	at org.apache.ratis.server.impl.LeaderElection.askForVotes(LeaderElection.java:197)
	at org.apache.ratis.server.impl.LeaderElection.run(LeaderElection.java:133)
	at java.lang.Thread.run(Thread.java:748)
Caused by: org.apache.ratis.thirdparty.io.grpc.StatusRuntimeException: UNAVAILABLE: io exception
	at org.apache.ratis.thirdparty.io.grpc.stub.ClientCalls.toStatusRuntimeException(ClientCalls.java:233)
	at org.apache.ratis.thirdparty.io.grpc.stub.ClientCalls.getUnchecked(ClientCalls.java:214)
	at org.apache.ratis.thirdparty.io.grpc.stub.ClientCalls.blockingUnaryCall(ClientCalls.java:139)
	at org.apache.ratis.proto.grpc.RaftServerProtocolServiceGrpc$RaftServerProtocolServiceBlockingStub.requestVote(RaftServerProtocolServiceGrpc.java:265)
	at org.apache.ratis.grpc.server.GrpcServerProtocolClient.requestVote(GrpcServerProtocolClient.java:99)
	at org.apache.ratis.grpc.server.GrpcService.requestVote(GrpcService.java:204)
	at org.apache.ratis.server.impl.LeaderElection.lambda$submitRequests$1(LeaderElection.java:234)
	at java.util.concurrent.FutureTask.run(FutureTask.java:266)
	at java.util.concurrent.Executors$RunnableAdapter.call(Executors.java:511)
	at java.util.concurrent.FutureTask.run(FutureTask.java:266)
	at java.util.concurrent.ThreadPoolExecutor.runWorker(ThreadPoolExecutor.java:1149)
	at java.util.concurrent.ThreadPoolExecutor$Worker.run(ThreadPoolExecutor.java:624)
	... 1 more
Caused by: org.apache.ratis.thirdparty.io.netty.channel.AbstractChannel$AnnotatedConnectException: Connection refused: /192.168.30.26:43657
	at sun.nio.ch.SocketChannelImpl.checkConnect(Native Method)
	at sun.nio.ch.SocketChannelImpl.finishConnect(SocketChannelImpl.java:717)
	at org.apache.ratis.thirdparty.io.netty.channel.socket.nio.NioSocketChannel.doFinishConnect(NioSocketChannel.java:327)
	at org.apache.ratis.thirdparty.io.netty.channel.nio.AbstractNioChannel$AbstractNioUnsafe.finishConnect(AbstractNioChannel.java:340)
	at org.apache.ratis.thirdparty.io.netty.channel.nio.NioEventLoop.processSelectedKey(NioEventLoop.java:632)
	at org.apache.ratis.thirdparty.io.netty.channel.nio.NioEventLoop.processSelectedKeysOptimized(NioEventLoop.java:579)
	at org.apache.ratis.thirdparty.io.netty.channel.nio.NioEventLoop.processSelectedKeys(NioEventLoop.java:496)
	at org.apache.ratis.thirdparty.io.netty.channel.nio.NioEventLoop.run(NioEventLoop.java:458)
	at org.apache.ratis.thirdparty.io.netty.util.concurrent.SingleThreadEventExecutor$5.run(SingleThreadEventExecutor.java:897)
	at org.apache.ratis.thirdparty.io.netty.util.concurrent.FastThreadLocalRunnable.run(FastThreadLocalRunnable.java:30)
	... 1 more
Caused by: java.net.ConnectException: Connection refused
	... 11 more
2019-10-07 12:02:17,186 [5fb7ce83-242c-4a6f-a9ec-b211957cc825@group-240EBE1C8FDE-LeaderElection163] INFO  impl.LeaderElection (LeaderElection.java:logAndReturn(56)) - 5fb7ce83-242c-4a6f-a9ec-b211957cc825@group-240EBE1C8FDE-LeaderElection163: Election REJECTED; received 0 response(s) [] and 2 exception(s); 5fb7ce83-242c-4a6f-a9ec-b211957cc825@group-240EBE1C8FDE:t3, leader=null, voted=5fb7ce83-242c-4a6f-a9ec-b211957cc825, raftlog=5fb7ce83-242c-4a6f-a9ec-b211957cc825@group-240EBE1C8FDE-SegmentedRaftLog:OPENED:c12,f12,i12, conf=0: [35b93ee3-cf43-44f7-b896-65b06618aa81:192.168.30.26:43657, 9e4f0239-5467-41fd-81e1-38f0f07fc00b:192.168.30.26:36089, 5fb7ce83-242c-4a6f-a9ec-b211957cc825:192.168.30.26:42375], old=null
2019-10-07 12:02:17,186 [5fb7ce83-242c-4a6f-a9ec-b211957cc825@group-240EBE1C8FDE-LeaderElection163] INFO  impl.LeaderElection (LogUtils.java:infoOrTrace(149)) -   Exception 0: {}
java.util.concurrent.ExecutionException: org.apache.ratis.thirdparty.io.grpc.StatusRuntimeException: UNAVAILABLE: io exception
	at java.util.concurrent.FutureTask.report(FutureTask.java:122)
	at java.util.concurrent.FutureTask.get(FutureTask.java:192)
	at org.apache.ratis.server.impl.LeaderElection.waitForResults(LeaderElection.java:259)
	at org.apache.ratis.server.impl.LeaderElection.askForVotes(LeaderElection.java:197)
	at org.apache.ratis.server.impl.LeaderElection.run(LeaderElection.java:133)
	at java.lang.Thread.run(Thread.java:748)
Caused by: org.apache.ratis.thirdparty.io.grpc.StatusRuntimeException: UNAVAILABLE: io exception
	at org.apache.ratis.thirdparty.io.grpc.stub.ClientCalls.toStatusRuntimeException(ClientCalls.java:233)
	at org.apache.ratis.thirdparty.io.grpc.stub.ClientCalls.getUnchecked(ClientCalls.java:214)
	at org.apache.ratis.thirdparty.io.grpc.stub.ClientCalls.blockingUnaryCall(ClientCalls.java:139)
	at org.apache.ratis.proto.grpc.RaftServerProtocolServiceGrpc$RaftServerProtocolServiceBlockingStub.requestVote(RaftServerProtocolServiceGrpc.java:265)
	at org.apache.ratis.grpc.server.GrpcServerProtocolClient.requestVote(GrpcServerProtocolClient.java:99)
	at org.apache.ratis.grpc.server.GrpcService.requestVote(GrpcService.java:204)
	at org.apache.ratis.server.impl.LeaderElection.lambda$submitRequests$1(LeaderElection.java:234)
	at java.util.concurrent.FutureTask.run(FutureTask.java:266)
	at java.util.concurrent.Executors$RunnableAdapter.call(Executors.java:511)
	at java.util.concurrent.FutureTask.run(FutureTask.java:266)
	at java.util.concurrent.ThreadPoolExecutor.runWorker(ThreadPoolExecutor.java:1149)
	at java.util.concurrent.ThreadPoolExecutor$Worker.run(ThreadPoolExecutor.java:624)
	... 1 more
Caused by: org.apache.ratis.thirdparty.io.netty.channel.AbstractChannel$AnnotatedConnectException: Connection refused: /192.168.30.26:36089
	at sun.nio.ch.SocketChannelImpl.checkConnect(Native Method)
	at sun.nio.ch.SocketChannelImpl.finishConnect(SocketChannelImpl.java:717)
	at org.apache.ratis.thirdparty.io.netty.channel.socket.nio.NioSocketChannel.doFinishConnect(NioSocketChannel.java:327)
	at org.apache.ratis.thirdparty.io.netty.channel.nio.AbstractNioChannel$AbstractNioUnsafe.finishConnect(AbstractNioChannel.java:340)
	at org.apache.ratis.thirdparty.io.netty.channel.nio.NioEventLoop.processSelectedKey(NioEventLoop.java:632)
	at org.apache.ratis.thirdparty.io.netty.channel.nio.NioEventLoop.processSelectedKeysOptimized(NioEventLoop.java:579)
	at org.apache.ratis.thirdparty.io.netty.channel.nio.NioEventLoop.processSelectedKeys(NioEventLoop.java:496)
	at org.apache.ratis.thirdparty.io.netty.channel.nio.NioEventLoop.run(NioEventLoop.java:458)
	at org.apache.ratis.thirdparty.io.netty.util.concurrent.SingleThreadEventExecutor$5.run(SingleThreadEventExecutor.java:897)
	at org.apache.ratis.thirdparty.io.netty.util.concurrent.FastThreadLocalRunnable.run(FastThreadLocalRunnable.java:30)
	... 1 more
Caused by: java.net.ConnectException: Connection refused
	... 11 more
2019-10-07 12:02:17,186 [5fb7ce83-242c-4a6f-a9ec-b211957cc825@group-240EBE1C8FDE-LeaderElection163] INFO  impl.LeaderElection (LogUtils.java:infoOrTrace(149)) -   Exception 1: {}
java.util.concurrent.ExecutionException: org.apache.ratis.thirdparty.io.grpc.StatusRuntimeException: UNAVAILABLE: io exception
	at java.util.concurrent.FutureTask.report(FutureTask.java:122)
	at java.util.concurrent.FutureTask.get(FutureTask.java:192)
	at org.apache.ratis.server.impl.LeaderElection.waitForResults(LeaderElection.java:259)
	at org.apache.ratis.server.impl.LeaderElection.askForVotes(LeaderElection.java:197)
	at org.apache.ratis.server.impl.LeaderElection.run(LeaderElection.java:133)
	at java.lang.Thread.run(Thread.java:748)
Caused by: org.apache.ratis.thirdparty.io.grpc.StatusRuntimeException: UNAVAILABLE: io exception
	at org.apache.ratis.thirdparty.io.grpc.stub.ClientCalls.toStatusRuntimeException(ClientCalls.java:233)
	at org.apache.ratis.thirdparty.io.grpc.stub.ClientCalls.getUnchecked(ClientCalls.java:214)
	at org.apache.ratis.thirdparty.io.grpc.stub.ClientCalls.blockingUnaryCall(ClientCalls.java:139)
	at org.apache.ratis.proto.grpc.RaftServerProtocolServiceGrpc$RaftServerProtocolServiceBlockingStub.requestVote(RaftServerProtocolServiceGrpc.java:265)
	at org.apache.ratis.grpc.server.GrpcServerProtocolClient.requestVote(GrpcServerProtocolClient.java:99)
	at org.apache.ratis.grpc.server.GrpcService.requestVote(GrpcService.java:204)
	at org.apache.ratis.server.impl.LeaderElection.lambda$submitRequests$1(LeaderElection.java:234)
	at java.util.concurrent.FutureTask.run(FutureTask.java:266)
	at java.util.concurrent.Executors$RunnableAdapter.call(Executors.java:511)
	at java.util.concurrent.FutureTask.run(FutureTask.java:266)
	at java.util.concurrent.ThreadPoolExecutor.runWorker(ThreadPoolExecutor.java:1149)
	at java.util.concurrent.ThreadPoolExecutor$Worker.run(ThreadPoolExecutor.java:624)
	... 1 more
Caused by: org.apache.ratis.thirdparty.io.netty.channel.AbstractChannel$AnnotatedConnectException: Connection refused: /192.168.30.26:43657
	at sun.nio.ch.SocketChannelImpl.checkConnect(Native Method)
	at sun.nio.ch.SocketChannelImpl.finishConnect(SocketChannelImpl.java:717)
	at org.apache.ratis.thirdparty.io.netty.channel.socket.nio.NioSocketChannel.doFinishConnect(NioSocketChannel.java:327)
	at org.apache.ratis.thirdparty.io.netty.channel.nio.AbstractNioChannel$AbstractNioUnsafe.finishConnect(AbstractNioChannel.java:340)
	at org.apache.ratis.thirdparty.io.netty.channel.nio.NioEventLoop.processSelectedKey(NioEventLoop.java:632)
	at org.apache.ratis.thirdparty.io.netty.channel.nio.NioEventLoop.processSelectedKeysOptimized(NioEventLoop.java:579)
	at org.apache.ratis.thirdparty.io.netty.channel.nio.NioEventLoop.processSelectedKeys(NioEventLoop.java:496)
	at org.apache.ratis.thirdparty.io.netty.channel.nio.NioEventLoop.run(NioEventLoop.java:458)
	at org.apache.ratis.thirdparty.io.netty.util.concurrent.SingleThreadEventExecutor$5.run(SingleThreadEventExecutor.java:897)
	at org.apache.ratis.thirdparty.io.netty.util.concurrent.FastThreadLocalRunnable.run(FastThreadLocalRunnable.java:30)
	... 1 more
Caused by: java.net.ConnectException: Connection refused
	... 11 more
2019-10-07 12:02:17,187 [5fb7ce83-242c-4a6f-a9ec-b211957cc825@group-240EBE1C8FDE-LeaderElection163] INFO  impl.RaftServerImpl (RaftServerImpl.java:setRole(170)) - 5fb7ce83-242c-4a6f-a9ec-b211957cc825@group-240EBE1C8FDE: changes role from CANDIDATE to FOLLOWER at term 3 for DISCOVERED_A_NEW_TERM
2019-10-07 12:02:17,187 [5fb7ce83-242c-4a6f-a9ec-b211957cc825@group-240EBE1C8FDE-LeaderElection163] INFO  impl.RoleInfo (RoleInfo.java:shutdownLeaderElection(134)) - 5fb7ce83-242c-4a6f-a9ec-b211957cc825: shutdown LeaderElection
2019-10-07 12:02:17,187 [5fb7ce83-242c-4a6f-a9ec-b211957cc825@group-240EBE1C8FDE-LeaderElection163] INFO  impl.RoleInfo (RoleInfo.java:updateAndGet(143)) - 5fb7ce83-242c-4a6f-a9ec-b211957cc825: start FollowerState
2019-10-07 12:02:17,532 [grpc-default-executor-10] WARN  server.GrpcLogAppender (LogUtils.java:warn(134)) - 7ea16973-9905-4da7-bb80-bd85639ef624@group-28B4426542C7->ea099ddf-fb2e-4ec3-b0a2-f19542a0ccf4-AppendLogResponseHandler: Failed appendEntries: org.apache.ratis.thirdparty.io.grpc.StatusRuntimeException: UNAVAILABLE: io exception
2019-10-07 12:02:17,535 [grpc-default-executor-10] INFO  impl.FollowerInfo (FollowerInfo.java:lambda$new$0(51)) - 7ea16973-9905-4da7-bb80-bd85639ef624@group-28B4426542C7->ea099ddf-fb2e-4ec3-b0a2-f19542a0ccf4: nextIndex: updateUnconditionally 0 -> 0
2019-10-07 12:02:17,576 [Thread-4022] INFO  client.GrpcClientProtocolService (GrpcClientProtocolService.java:lambda$processClientRequest$0(278)) - Failed RaftClientRequest:client-B2D0585DBD5F->5fb7ce83-242c-4a6f-a9ec-b211957cc825@group-240EBE1C8FDE, cid=125, seq=0, Watch-ALL_COMMITTED(6), Message:<EMPTY>, reply=RaftClientReply:client-B2D0585DBD5F->5fb7ce83-242c-4a6f-a9ec-b211957cc825@group-240EBE1C8FDE, cid=125, FAILED org.apache.ratis.protocol.NotLeaderException: Server 5fb7ce83-242c-4a6f-a9ec-b211957cc825@group-240EBE1C8FDE is not the leader, logIndex=0, commits[5fb7ce83-242c-4a6f-a9ec-b211957cc825:c12, 35b93ee3-cf43-44f7-b896-65b06618aa81:c4, 9e4f0239-5467-41fd-81e1-38f0f07fc00b:c12]
2019-10-07 12:02:17,577 [Thread-4023] INFO  client.GrpcClientProtocolService (GrpcClientProtocolService.java:lambda$processClientRequest$0(278)) - Failed RaftClientRequest:client-B2D0585DBD5F->5fb7ce83-242c-4a6f-a9ec-b211957cc825@group-240EBE1C8FDE, cid=127, seq=0, Watch-ALL_COMMITTED(8), Message:<EMPTY>, reply=RaftClientReply:client-B2D0585DBD5F->5fb7ce83-242c-4a6f-a9ec-b211957cc825@group-240EBE1C8FDE, cid=127, FAILED org.apache.ratis.protocol.NotLeaderException: Server 5fb7ce83-242c-4a6f-a9ec-b211957cc825@group-240EBE1C8FDE is not the leader, logIndex=0, commits[5fb7ce83-242c-4a6f-a9ec-b211957cc825:c12, 35b93ee3-cf43-44f7-b896-65b06618aa81:c4, 9e4f0239-5467-41fd-81e1-38f0f07fc00b:c12]
2019-10-07 12:02:18,033 [grpc-default-executor-9] WARN  server.GrpcLogAppender (LogUtils.java:warn(134)) - 7ea16973-9905-4da7-bb80-bd85639ef624@group-28B4426542C7->ea099ddf-fb2e-4ec3-b0a2-f19542a0ccf4-AppendLogResponseHandler: Failed appendEntries: org.apache.ratis.thirdparty.io.grpc.StatusRuntimeException: UNAVAILABLE: io exception
2019-10-07 12:02:18,038 [grpc-default-executor-9] INFO  impl.FollowerInfo (FollowerInfo.java:lambda$new$0(51)) - 7ea16973-9905-4da7-bb80-bd85639ef624@group-28B4426542C7->ea099ddf-fb2e-4ec3-b0a2-f19542a0ccf4: nextIndex: updateUnconditionally 0 -> 0
2019-10-07 12:02:18,224 [Thread-4017] INFO  impl.FollowerState (FollowerState.java:run(108)) - 5fb7ce83-242c-4a6f-a9ec-b211957cc825@group-240EBE1C8FDE-FollowerState: change to CANDIDATE, lastRpcTime:1037ms, electionTimeout:1037ms
2019-10-07 12:02:18,228 [Thread-4017] INFO  impl.RoleInfo (RoleInfo.java:shutdownFollowerState(121)) - 5fb7ce83-242c-4a6f-a9ec-b211957cc825: shutdown FollowerState
2019-10-07 12:02:18,228 [Thread-4017] INFO  impl.RaftServerImpl (RaftServerImpl.java:setRole(170)) - 5fb7ce83-242c-4a6f-a9ec-b211957cc825@group-240EBE1C8FDE: changes role from  FOLLOWER to CANDIDATE at term 3 for changeToCandidate
2019-10-07 12:02:18,228 [Thread-4017] INFO  impl.RoleInfo (RoleInfo.java:updateAndGet(143)) - 5fb7ce83-242c-4a6f-a9ec-b211957cc825: start LeaderElection
2019-10-07 12:02:18,244 [5fb7ce83-242c-4a6f-a9ec-b211957cc825@group-240EBE1C8FDE-LeaderElection164] INFO  impl.LeaderElection (LeaderElection.java:askForVotes(178)) - 5fb7ce83-242c-4a6f-a9ec-b211957cc825@group-240EBE1C8FDE-LeaderElection164: begin an election at term 4 for 0: [35b93ee3-cf43-44f7-b896-65b06618aa81:192.168.30.26:43657, 9e4f0239-5467-41fd-81e1-38f0f07fc00b:192.168.30.26:36089, 5fb7ce83-242c-4a6f-a9ec-b211957cc825:192.168.30.26:42375], old=null
2019-10-07 12:02:18,245 [5fb7ce83-242c-4a6f-a9ec-b211957cc825@group-240EBE1C8FDE-LeaderElection164] INFO  impl.LeaderElection (LogUtils.java:infoOrTrace(149)) - 5fb7ce83-242c-4a6f-a9ec-b211957cc825@group-240EBE1C8FDE-LeaderElection164 got exception when requesting votes: {}
java.util.concurrent.ExecutionException: org.apache.ratis.thirdparty.io.grpc.StatusRuntimeException: UNAVAILABLE: io exception
	at java.util.concurrent.FutureTask.report(FutureTask.java:122)
	at java.util.concurrent.FutureTask.get(FutureTask.java:192)
	at org.apache.ratis.server.impl.LeaderElection.waitForResults(LeaderElection.java:259)
	at org.apache.ratis.server.impl.LeaderElection.askForVotes(LeaderElection.java:197)
	at org.apache.ratis.server.impl.LeaderElection.run(LeaderElection.java:133)
	at java.lang.Thread.run(Thread.java:748)
Caused by: org.apache.ratis.thirdparty.io.grpc.StatusRuntimeException: UNAVAILABLE: io exception
	at org.apache.ratis.thirdparty.io.grpc.stub.ClientCalls.toStatusRuntimeException(ClientCalls.java:233)
	at org.apache.ratis.thirdparty.io.grpc.stub.ClientCalls.getUnchecked(ClientCalls.java:214)
	at org.apache.ratis.thirdparty.io.grpc.stub.ClientCalls.blockingUnaryCall(ClientCalls.java:139)
	at org.apache.ratis.proto.grpc.RaftServerProtocolServiceGrpc$RaftServerProtocolServiceBlockingStub.requestVote(RaftServerProtocolServiceGrpc.java:265)
	at org.apache.ratis.grpc.server.GrpcServerProtocolClient.requestVote(GrpcServerProtocolClient.java:99)
	at org.apache.ratis.grpc.server.GrpcService.requestVote(GrpcService.java:204)
	at org.apache.ratis.server.impl.LeaderElection.lambda$submitRequests$1(LeaderElection.java:234)
	at java.util.concurrent.FutureTask.run(FutureTask.java:266)
	at java.util.concurrent.Executors$RunnableAdapter.call(Executors.java:511)
	at java.util.concurrent.FutureTask.run(FutureTask.java:266)
	at java.util.concurrent.ThreadPoolExecutor.runWorker(ThreadPoolExecutor.java:1149)
	at java.util.concurrent.ThreadPoolExecutor$Worker.run(ThreadPoolExecutor.java:624)
	... 1 more
Caused by: org.apache.ratis.thirdparty.io.netty.channel.AbstractChannel$AnnotatedConnectException: Connection refused: /192.168.30.26:36089
	at sun.nio.ch.SocketChannelImpl.checkConnect(Native Method)
	at sun.nio.ch.SocketChannelImpl.finishConnect(SocketChannelImpl.java:717)
	at org.apache.ratis.thirdparty.io.netty.channel.socket.nio.NioSocketChannel.doFinishConnect(NioSocketChannel.java:327)
	at org.apache.ratis.thirdparty.io.netty.channel.nio.AbstractNioChannel$AbstractNioUnsafe.finishConnect(AbstractNioChannel.java:340)
	at org.apache.ratis.thirdparty.io.netty.channel.nio.NioEventLoop.processSelectedKey(NioEventLoop.java:632)
	at org.apache.ratis.thirdparty.io.netty.channel.nio.NioEventLoop.processSelectedKeysOptimized(NioEventLoop.java:579)
	at org.apache.ratis.thirdparty.io.netty.channel.nio.NioEventLoop.processSelectedKeys(NioEventLoop.java:496)
	at org.apache.ratis.thirdparty.io.netty.channel.nio.NioEventLoop.run(NioEventLoop.java:458)
	at org.apache.ratis.thirdparty.io.netty.util.concurrent.SingleThreadEventExecutor$5.run(SingleThreadEventExecutor.java:897)
	at org.apache.ratis.thirdparty.io.netty.util.concurrent.FastThreadLocalRunnable.run(FastThreadLocalRunnable.java:30)
	... 1 more
Caused by: java.net.ConnectException: Connection refused
	... 11 more
2019-10-07 12:02:18,246 [5fb7ce83-242c-4a6f-a9ec-b211957cc825@group-240EBE1C8FDE-LeaderElection164] INFO  impl.LeaderElection (LogUtils.java:infoOrTrace(149)) - 5fb7ce83-242c-4a6f-a9ec-b211957cc825@group-240EBE1C8FDE-LeaderElection164 got exception when requesting votes: {}
java.util.concurrent.ExecutionException: org.apache.ratis.thirdparty.io.grpc.StatusRuntimeException: UNAVAILABLE: io exception
	at java.util.concurrent.FutureTask.report(FutureTask.java:122)
	at java.util.concurrent.FutureTask.get(FutureTask.java:192)
	at org.apache.ratis.server.impl.LeaderElection.waitForResults(LeaderElection.java:259)
	at org.apache.ratis.server.impl.LeaderElection.askForVotes(LeaderElection.java:197)
	at org.apache.ratis.server.impl.LeaderElection.run(LeaderElection.java:133)
	at java.lang.Thread.run(Thread.java:748)
Caused by: org.apache.ratis.thirdparty.io.grpc.StatusRuntimeException: UNAVAILABLE: io exception
	at org.apache.ratis.thirdparty.io.grpc.stub.ClientCalls.toStatusRuntimeException(ClientCalls.java:233)
	at org.apache.ratis.thirdparty.io.grpc.stub.ClientCalls.getUnchecked(ClientCalls.java:214)
	at org.apache.ratis.thirdparty.io.grpc.stub.ClientCalls.blockingUnaryCall(ClientCalls.java:139)
	at org.apache.ratis.proto.grpc.RaftServerProtocolServiceGrpc$RaftServerProtocolServiceBlockingStub.requestVote(RaftServerProtocolServiceGrpc.java:265)
	at org.apache.ratis.grpc.server.GrpcServerProtocolClient.requestVote(GrpcServerProtocolClient.java:99)
	at org.apache.ratis.grpc.server.GrpcService.requestVote(GrpcService.java:204)
	at org.apache.ratis.server.impl.LeaderElection.lambda$submitRequests$1(LeaderElection.java:234)
	at java.util.concurrent.FutureTask.run(FutureTask.java:266)
	at java.util.concurrent.Executors$RunnableAdapter.call(Executors.java:511)
	at java.util.concurrent.FutureTask.run(FutureTask.java:266)
	at java.util.concurrent.ThreadPoolExecutor.runWorker(ThreadPoolExecutor.java:1149)
	at java.util.concurrent.ThreadPoolExecutor$Worker.run(ThreadPoolExecutor.java:624)
	... 1 more
Caused by: org.apache.ratis.thirdparty.io.netty.channel.AbstractChannel$AnnotatedConnectException: Connection refused: /192.168.30.26:43657
	at sun.nio.ch.SocketChannelImpl.checkConnect(Native Method)
	at sun.nio.ch.SocketChannelImpl.finishConnect(SocketChannelImpl.java:717)
	at org.apache.ratis.thirdparty.io.netty.channel.socket.nio.NioSocketChannel.doFinishConnect(NioSocketChannel.java:327)
	at org.apache.ratis.thirdparty.io.netty.channel.nio.AbstractNioChannel$AbstractNioUnsafe.finishConnect(AbstractNioChannel.java:340)
	at org.apache.ratis.thirdparty.io.netty.channel.nio.NioEventLoop.processSelectedKey(NioEventLoop.java:632)
	at org.apache.ratis.thirdparty.io.netty.channel.nio.NioEventLoop.processSelectedKeysOptimized(NioEventLoop.java:579)
	at org.apache.ratis.thirdparty.io.netty.channel.nio.NioEventLoop.processSelectedKeys(NioEventLoop.java:496)
	at org.apache.ratis.thirdparty.io.netty.channel.nio.NioEventLoop.run(NioEventLoop.java:458)
	at org.apache.ratis.thirdparty.io.netty.util.concurrent.SingleThreadEventExecutor$5.run(SingleThreadEventExecutor.java:897)
	at org.apache.ratis.thirdparty.io.netty.util.concurrent.FastThreadLocalRunnable.run(FastThreadLocalRunnable.java:30)
	... 1 more
Caused by: java.net.ConnectException: Connection refused
	... 11 more
2019-10-07 12:02:18,246 [5fb7ce83-242c-4a6f-a9ec-b211957cc825@group-240EBE1C8FDE-LeaderElection164] INFO  impl.LeaderElection (LeaderElection.java:logAndReturn(56)) - 5fb7ce83-242c-4a6f-a9ec-b211957cc825@group-240EBE1C8FDE-LeaderElection164: Election REJECTED; received 0 response(s) [] and 2 exception(s); 5fb7ce83-242c-4a6f-a9ec-b211957cc825@group-240EBE1C8FDE:t4, leader=null, voted=5fb7ce83-242c-4a6f-a9ec-b211957cc825, raftlog=5fb7ce83-242c-4a6f-a9ec-b211957cc825@group-240EBE1C8FDE-SegmentedRaftLog:OPENED:c12,f12,i12, conf=0: [35b93ee3-cf43-44f7-b896-65b06618aa81:192.168.30.26:43657, 9e4f0239-5467-41fd-81e1-38f0f07fc00b:192.168.30.26:36089, 5fb7ce83-242c-4a6f-a9ec-b211957cc825:192.168.30.26:42375], old=null
2019-10-07 12:02:18,246 [5fb7ce83-242c-4a6f-a9ec-b211957cc825@group-240EBE1C8FDE-LeaderElection164] INFO  impl.LeaderElection (LogUtils.java:infoOrTrace(149)) -   Exception 0: {}
java.util.concurrent.ExecutionException: org.apache.ratis.thirdparty.io.grpc.StatusRuntimeException: UNAVAILABLE: io exception
	at java.util.concurrent.FutureTask.report(FutureTask.java:122)
	at java.util.concurrent.FutureTask.get(FutureTask.java:192)
	at org.apache.ratis.server.impl.LeaderElection.waitForResults(LeaderElection.java:259)
	at org.apache.ratis.server.impl.LeaderElection.askForVotes(LeaderElection.java:197)
	at org.apache.ratis.server.impl.LeaderElection.run(LeaderElection.java:133)
	at java.lang.Thread.run(Thread.java:748)
Caused by: org.apache.ratis.thirdparty.io.grpc.StatusRuntimeException: UNAVAILABLE: io exception
	at org.apache.ratis.thirdparty.io.grpc.stub.ClientCalls.toStatusRuntimeException(ClientCalls.java:233)
	at org.apache.ratis.thirdparty.io.grpc.stub.ClientCalls.getUnchecked(ClientCalls.java:214)
	at org.apache.ratis.thirdparty.io.grpc.stub.ClientCalls.blockingUnaryCall(ClientCalls.java:139)
	at org.apache.ratis.proto.grpc.RaftServerProtocolServiceGrpc$RaftServerProtocolServiceBlockingStub.requestVote(RaftServerProtocolServiceGrpc.java:265)
	at org.apache.ratis.grpc.server.GrpcServerProtocolClient.requestVote(GrpcServerProtocolClient.java:99)
	at org.apache.ratis.grpc.server.GrpcService.requestVote(GrpcService.java:204)
	at org.apache.ratis.server.impl.LeaderElection.lambda$submitRequests$1(LeaderElection.java:234)
	at java.util.concurrent.FutureTask.run(FutureTask.java:266)
	at java.util.concurrent.Executors$RunnableAdapter.call(Executors.java:511)
	at java.util.concurrent.FutureTask.run(FutureTask.java:266)
	at java.util.concurrent.ThreadPoolExecutor.runWorker(ThreadPoolExecutor.java:1149)
	at java.util.concurrent.ThreadPoolExecutor$Worker.run(ThreadPoolExecutor.java:624)
	... 1 more
Caused by: org.apache.ratis.thirdparty.io.netty.channel.AbstractChannel$AnnotatedConnectException: Connection refused: /192.168.30.26:36089
	at sun.nio.ch.SocketChannelImpl.checkConnect(Native Method)
	at sun.nio.ch.SocketChannelImpl.finishConnect(SocketChannelImpl.java:717)
	at org.apache.ratis.thirdparty.io.netty.channel.socket.nio.NioSocketChannel.doFinishConnect(NioSocketChannel.java:327)
	at org.apache.ratis.thirdparty.io.netty.channel.nio.AbstractNioChannel$AbstractNioUnsafe.finishConnect(AbstractNioChannel.java:340)
	at org.apache.ratis.thirdparty.io.netty.channel.nio.NioEventLoop.processSelectedKey(NioEventLoop.java:632)
	at org.apache.ratis.thirdparty.io.netty.channel.nio.NioEventLoop.processSelectedKeysOptimized(NioEventLoop.java:579)
	at org.apache.ratis.thirdparty.io.netty.channel.nio.NioEventLoop.processSelectedKeys(NioEventLoop.java:496)
	at org.apache.ratis.thirdparty.io.netty.channel.nio.NioEventLoop.run(NioEventLoop.java:458)
	at org.apache.ratis.thirdparty.io.netty.util.concurrent.SingleThreadEventExecutor$5.run(SingleThreadEventExecutor.java:897)
	at org.apache.ratis.thirdparty.io.netty.util.concurrent.FastThreadLocalRunnable.run(FastThreadLocalRunnable.java:30)
	... 1 more
Caused by: java.net.ConnectException: Connection refused
	... 11 more
2019-10-07 12:02:18,247 [5fb7ce83-242c-4a6f-a9ec-b211957cc825@group-240EBE1C8FDE-LeaderElection164] INFO  impl.LeaderElection (LogUtils.java:infoOrTrace(149)) -   Exception 1: {}
java.util.concurrent.ExecutionException: org.apache.ratis.thirdparty.io.grpc.StatusRuntimeException: UNAVAILABLE: io exception
	at java.util.concurrent.FutureTask.report(FutureTask.java:122)
	at java.util.concurrent.FutureTask.get(FutureTask.java:192)
	at org.apache.ratis.server.impl.LeaderElection.waitForResults(LeaderElection.java:259)
	at org.apache.ratis.server.impl.LeaderElection.askForVotes(LeaderElection.java:197)
	at org.apache.ratis.server.impl.LeaderElection.run(LeaderElection.java:133)
	at java.lang.Thread.run(Thread.java:748)
Caused by: org.apache.ratis.thirdparty.io.grpc.StatusRuntimeException: UNAVAILABLE: io exception
	at org.apache.ratis.thirdparty.io.grpc.stub.ClientCalls.toStatusRuntimeException(ClientCalls.java:233)
	at org.apache.ratis.thirdparty.io.grpc.stub.ClientCalls.getUnchecked(ClientCalls.java:214)
	at org.apache.ratis.thirdparty.io.grpc.stub.ClientCalls.blockingUnaryCall(ClientCalls.java:139)
	at org.apache.ratis.proto.grpc.RaftServerProtocolServiceGrpc$RaftServerProtocolServiceBlockingStub.requestVote(RaftServerProtocolServiceGrpc.java:265)
	at org.apache.ratis.grpc.server.GrpcServerProtocolClient.requestVote(GrpcServerProtocolClient.java:99)
	at org.apache.ratis.grpc.server.GrpcService.requestVote(GrpcService.java:204)
	at org.apache.ratis.server.impl.LeaderElection.lambda$submitRequests$1(LeaderElection.java:234)
	at java.util.concurrent.FutureTask.run(FutureTask.java:266)
	at java.util.concurrent.Executors$RunnableAdapter.call(Executors.java:511)
	at java.util.concurrent.FutureTask.run(FutureTask.java:266)
	at java.util.concurrent.ThreadPoolExecutor.runWorker(ThreadPoolExecutor.java:1149)
	at java.util.concurrent.ThreadPoolExecutor$Worker.run(ThreadPoolExecutor.java:624)
	... 1 more
Caused by: org.apache.ratis.thirdparty.io.netty.channel.AbstractChannel$AnnotatedConnectException: Connection refused: /192.168.30.26:43657
	at sun.nio.ch.SocketChannelImpl.checkConnect(Native Method)
	at sun.nio.ch.SocketChannelImpl.finishConnect(SocketChannelImpl.java:717)
	at org.apache.ratis.thirdparty.io.netty.channel.socket.nio.NioSocketChannel.doFinishConnect(NioSocketChannel.java:327)
	at org.apache.ratis.thirdparty.io.netty.channel.nio.AbstractNioChannel$AbstractNioUnsafe.finishConnect(AbstractNioChannel.java:340)
	at org.apache.ratis.thirdparty.io.netty.channel.nio.NioEventLoop.processSelectedKey(NioEventLoop.java:632)
	at org.apache.ratis.thirdparty.io.netty.channel.nio.NioEventLoop.processSelectedKeysOptimized(NioEventLoop.java:579)
	at org.apache.ratis.thirdparty.io.netty.channel.nio.NioEventLoop.processSelectedKeys(NioEventLoop.java:496)
	at org.apache.ratis.thirdparty.io.netty.channel.nio.NioEventLoop.run(NioEventLoop.java:458)
	at org.apache.ratis.thirdparty.io.netty.util.concurrent.SingleThreadEventExecutor$5.run(SingleThreadEventExecutor.java:897)
	at org.apache.ratis.thirdparty.io.netty.util.concurrent.FastThreadLocalRunnable.run(FastThreadLocalRunnable.java:30)
	... 1 more
Caused by: java.net.ConnectException: Connection refused
	... 11 more
2019-10-07 12:02:18,247 [5fb7ce83-242c-4a6f-a9ec-b211957cc825@group-240EBE1C8FDE-LeaderElection164] INFO  impl.RaftServerImpl (RaftServerImpl.java:setRole(170)) - 5fb7ce83-242c-4a6f-a9ec-b211957cc825@group-240EBE1C8FDE: changes role from CANDIDATE to FOLLOWER at term 4 for DISCOVERED_A_NEW_TERM
2019-10-07 12:02:18,247 [5fb7ce83-242c-4a6f-a9ec-b211957cc825@group-240EBE1C8FDE-LeaderElection164] INFO  impl.RoleInfo (RoleInfo.java:shutdownLeaderElection(134)) - 5fb7ce83-242c-4a6f-a9ec-b211957cc825: shutdown LeaderElection
2019-10-07 12:02:18,247 [5fb7ce83-242c-4a6f-a9ec-b211957cc825@group-240EBE1C8FDE-LeaderElection164] INFO  impl.RoleInfo (RoleInfo.java:updateAndGet(143)) - 5fb7ce83-242c-4a6f-a9ec-b211957cc825: start FollowerState
2019-10-07 12:02:18,533 [grpc-default-executor-7] WARN  server.GrpcLogAppender (LogUtils.java:warn(134)) - 7ea16973-9905-4da7-bb80-bd85639ef624@group-28B4426542C7->ea099ddf-fb2e-4ec3-b0a2-f19542a0ccf4-AppendLogResponseHandler: Failed appendEntries: org.apache.ratis.thirdparty.io.grpc.StatusRuntimeException: UNAVAILABLE: io exception
2019-10-07 12:02:18,536 [grpc-default-executor-7] INFO  impl.FollowerInfo (FollowerInfo.java:lambda$new$0(51)) - 7ea16973-9905-4da7-bb80-bd85639ef624@group-28B4426542C7->ea099ddf-fb2e-4ec3-b0a2-f19542a0ccf4: nextIndex: updateUnconditionally 0 -> 0
2019-10-07 12:02:19,033 [grpc-default-executor-9] WARN  server.GrpcLogAppender (LogUtils.java:warn(134)) - 7ea16973-9905-4da7-bb80-bd85639ef624@group-28B4426542C7->ea099ddf-fb2e-4ec3-b0a2-f19542a0ccf4-AppendLogResponseHandler: Failed appendEntries: org.apache.ratis.thirdparty.io.grpc.StatusRuntimeException: UNAVAILABLE: io exception
2019-10-07 12:02:19,034 [grpc-default-executor-9] INFO  impl.FollowerInfo (FollowerInfo.java:lambda$new$0(51)) - 7ea16973-9905-4da7-bb80-bd85639ef624@group-28B4426542C7->ea099ddf-fb2e-4ec3-b0a2-f19542a0ccf4: nextIndex: updateUnconditionally 0 -> 0
2019-10-07 12:02:19,358 [Thread-4032] INFO  impl.FollowerState (FollowerState.java:run(108)) - 5fb7ce83-242c-4a6f-a9ec-b211957cc825@group-240EBE1C8FDE-FollowerState: change to CANDIDATE, lastRpcTime:1110ms, electionTimeout:1110ms
2019-10-07 12:02:19,358 [Thread-4032] INFO  impl.RoleInfo (RoleInfo.java:shutdownFollowerState(121)) - 5fb7ce83-242c-4a6f-a9ec-b211957cc825: shutdown FollowerState
2019-10-07 12:02:19,358 [Thread-4032] INFO  impl.RaftServerImpl (RaftServerImpl.java:setRole(170)) - 5fb7ce83-242c-4a6f-a9ec-b211957cc825@group-240EBE1C8FDE: changes role from  FOLLOWER to CANDIDATE at term 4 for changeToCandidate
2019-10-07 12:02:19,358 [Thread-4032] INFO  impl.RoleInfo (RoleInfo.java:updateAndGet(143)) - 5fb7ce83-242c-4a6f-a9ec-b211957cc825: start LeaderElection
2019-10-07 12:02:19,371 [5fb7ce83-242c-4a6f-a9ec-b211957cc825@group-240EBE1C8FDE-LeaderElection165] INFO  impl.LeaderElection (LeaderElection.java:askForVotes(178)) - 5fb7ce83-242c-4a6f-a9ec-b211957cc825@group-240EBE1C8FDE-LeaderElection165: begin an election at term 5 for 0: [35b93ee3-cf43-44f7-b896-65b06618aa81:192.168.30.26:43657, 9e4f0239-5467-41fd-81e1-38f0f07fc00b:192.168.30.26:36089, 5fb7ce83-242c-4a6f-a9ec-b211957cc825:192.168.30.26:42375], old=null
2019-10-07 12:02:19,372 [5fb7ce83-242c-4a6f-a9ec-b211957cc825@group-240EBE1C8FDE-LeaderElection165] INFO  impl.LeaderElection (LogUtils.java:infoOrTrace(149)) - 5fb7ce83-242c-4a6f-a9ec-b211957cc825@group-240EBE1C8FDE-LeaderElection165 got exception when requesting votes: {}
java.util.concurrent.ExecutionException: org.apache.ratis.thirdparty.io.grpc.StatusRuntimeException: UNAVAILABLE: io exception
	at java.util.concurrent.FutureTask.report(FutureTask.java:122)
	at java.util.concurrent.FutureTask.get(FutureTask.java:192)
	at org.apache.ratis.server.impl.LeaderElection.waitForResults(LeaderElection.java:259)
	at org.apache.ratis.server.impl.LeaderElection.askForVotes(LeaderElection.java:197)
	at org.apache.ratis.server.impl.LeaderElection.run(LeaderElection.java:133)
	at java.lang.Thread.run(Thread.java:748)
Caused by: org.apache.ratis.thirdparty.io.grpc.StatusRuntimeException: UNAVAILABLE: io exception
	at org.apache.ratis.thirdparty.io.grpc.stub.ClientCalls.toStatusRuntimeException(ClientCalls.java:233)
	at org.apache.ratis.thirdparty.io.grpc.stub.ClientCalls.getUnchecked(ClientCalls.java:214)
	at org.apache.ratis.thirdparty.io.grpc.stub.ClientCalls.blockingUnaryCall(ClientCalls.java:139)
	at org.apache.ratis.proto.grpc.RaftServerProtocolServiceGrpc$RaftServerProtocolServiceBlockingStub.requestVote(RaftServerProtocolServiceGrpc.java:265)
	at org.apache.ratis.grpc.server.GrpcServerProtocolClient.requestVote(GrpcServerProtocolClient.java:99)
	at org.apache.ratis.grpc.server.GrpcService.requestVote(GrpcService.java:204)
	at org.apache.ratis.server.impl.LeaderElection.lambda$submitRequests$1(LeaderElection.java:234)
	at java.util.concurrent.FutureTask.run(FutureTask.java:266)
	at java.util.concurrent.Executors$RunnableAdapter.call(Executors.java:511)
	at java.util.concurrent.FutureTask.run(FutureTask.java:266)
	at java.util.concurrent.ThreadPoolExecutor.runWorker(ThreadPoolExecutor.java:1149)
	at java.util.concurrent.ThreadPoolExecutor$Worker.run(ThreadPoolExecutor.java:624)
	... 1 more
Caused by: org.apache.ratis.thirdparty.io.netty.channel.AbstractChannel$AnnotatedConnectException: Connection refused: /192.168.30.26:43657
	at sun.nio.ch.SocketChannelImpl.checkConnect(Native Method)
	at sun.nio.ch.SocketChannelImpl.finishConnect(SocketChannelImpl.java:717)
	at org.apache.ratis.thirdparty.io.netty.channel.socket.nio.NioSocketChannel.doFinishConnect(NioSocketChannel.java:327)
	at org.apache.ratis.thirdparty.io.netty.channel.nio.AbstractNioChannel$AbstractNioUnsafe.finishConnect(AbstractNioChannel.java:340)
	at org.apache.ratis.thirdparty.io.netty.channel.nio.NioEventLoop.processSelectedKey(NioEventLoop.java:632)
	at org.apache.ratis.thirdparty.io.netty.channel.nio.NioEventLoop.processSelectedKeysOptimized(NioEventLoop.java:579)
	at org.apache.ratis.thirdparty.io.netty.channel.nio.NioEventLoop.processSelectedKeys(NioEventLoop.java:496)
	at org.apache.ratis.thirdparty.io.netty.channel.nio.NioEventLoop.run(NioEventLoop.java:458)
	at org.apache.ratis.thirdparty.io.netty.util.concurrent.SingleThreadEventExecutor$5.run(SingleThreadEventExecutor.java:897)
	at org.apache.ratis.thirdparty.io.netty.util.concurrent.FastThreadLocalRunnable.run(FastThreadLocalRunnable.java:30)
	... 1 more
Caused by: java.net.ConnectException: Connection refused
	... 11 more
2019-10-07 12:02:19,373 [5fb7ce83-242c-4a6f-a9ec-b211957cc825@group-240EBE1C8FDE-LeaderElection165] INFO  impl.LeaderElection (LogUtils.java:infoOrTrace(149)) - 5fb7ce83-242c-4a6f-a9ec-b211957cc825@group-240EBE1C8FDE-LeaderElection165 got exception when requesting votes: {}
java.util.concurrent.ExecutionException: org.apache.ratis.thirdparty.io.grpc.StatusRuntimeException: UNAVAILABLE: io exception
	at java.util.concurrent.FutureTask.report(FutureTask.java:122)
	at java.util.concurrent.FutureTask.get(FutureTask.java:192)
	at org.apache.ratis.server.impl.LeaderElection.waitForResults(LeaderElection.java:259)
	at org.apache.ratis.server.impl.LeaderElection.askForVotes(LeaderElection.java:197)
	at org.apache.ratis.server.impl.LeaderElection.run(LeaderElection.java:133)
	at java.lang.Thread.run(Thread.java:748)
Caused by: org.apache.ratis.thirdparty.io.grpc.StatusRuntimeException: UNAVAILABLE: io exception
	at org.apache.ratis.thirdparty.io.grpc.stub.ClientCalls.toStatusRuntimeException(ClientCalls.java:233)
	at org.apache.ratis.thirdparty.io.grpc.stub.ClientCalls.getUnchecked(ClientCalls.java:214)
	at org.apache.ratis.thirdparty.io.grpc.stub.ClientCalls.blockingUnaryCall(ClientCalls.java:139)
	at org.apache.ratis.proto.grpc.RaftServerProtocolServiceGrpc$RaftServerProtocolServiceBlockingStub.requestVote(RaftServerProtocolServiceGrpc.java:265)
	at org.apache.ratis.grpc.server.GrpcServerProtocolClient.requestVote(GrpcServerProtocolClient.java:99)
	at org.apache.ratis.grpc.server.GrpcService.requestVote(GrpcService.java:204)
	at org.apache.ratis.server.impl.LeaderElection.lambda$submitRequests$1(LeaderElection.java:234)
	at java.util.concurrent.FutureTask.run(FutureTask.java:266)
	at java.util.concurrent.Executors$RunnableAdapter.call(Executors.java:511)
	at java.util.concurrent.FutureTask.run(FutureTask.java:266)
	at java.util.concurrent.ThreadPoolExecutor.runWorker(ThreadPoolExecutor.java:1149)
	at java.util.concurrent.ThreadPoolExecutor$Worker.run(ThreadPoolExecutor.java:624)
	... 1 more
Caused by: org.apache.ratis.thirdparty.io.netty.channel.AbstractChannel$AnnotatedConnectException: Connection refused: /192.168.30.26:36089
	at sun.nio.ch.SocketChannelImpl.checkConnect(Native Method)
	at sun.nio.ch.SocketChannelImpl.finishConnect(SocketChannelImpl.java:717)
	at org.apache.ratis.thirdparty.io.netty.channel.socket.nio.NioSocketChannel.doFinishConnect(NioSocketChannel.java:327)
	at org.apache.ratis.thirdparty.io.netty.channel.nio.AbstractNioChannel$AbstractNioUnsafe.finishConnect(AbstractNioChannel.java:340)
	at org.apache.ratis.thirdparty.io.netty.channel.nio.NioEventLoop.processSelectedKey(NioEventLoop.java:632)
	at org.apache.ratis.thirdparty.io.netty.channel.nio.NioEventLoop.processSelectedKeysOptimized(NioEventLoop.java:579)
	at org.apache.ratis.thirdparty.io.netty.channel.nio.NioEventLoop.processSelectedKeys(NioEventLoop.java:496)
	at org.apache.ratis.thirdparty.io.netty.channel.nio.NioEventLoop.run(NioEventLoop.java:458)
	at org.apache.ratis.thirdparty.io.netty.util.concurrent.SingleThreadEventExecutor$5.run(SingleThreadEventExecutor.java:897)
	at org.apache.ratis.thirdparty.io.netty.util.concurrent.FastThreadLocalRunnable.run(FastThreadLocalRunnable.java:30)
	... 1 more
Caused by: java.net.ConnectException: Connection refused
	... 11 more
2019-10-07 12:02:19,373 [5fb7ce83-242c-4a6f-a9ec-b211957cc825@group-240EBE1C8FDE-LeaderElection165] INFO  impl.LeaderElection (LeaderElection.java:logAndReturn(56)) - 5fb7ce83-242c-4a6f-a9ec-b211957cc825@group-240EBE1C8FDE-LeaderElection165: Election REJECTED; received 0 response(s) [] and 2 exception(s); 5fb7ce83-242c-4a6f-a9ec-b211957cc825@group-240EBE1C8FDE:t5, leader=null, voted=5fb7ce83-242c-4a6f-a9ec-b211957cc825, raftlog=5fb7ce83-242c-4a6f-a9ec-b211957cc825@group-240EBE1C8FDE-SegmentedRaftLog:OPENED:c12,f12,i12, conf=0: [35b93ee3-cf43-44f7-b896-65b06618aa81:192.168.30.26:43657, 9e4f0239-5467-41fd-81e1-38f0f07fc00b:192.168.30.26:36089, 5fb7ce83-242c-4a6f-a9ec-b211957cc825:192.168.30.26:42375], old=null
2019-10-07 12:02:19,373 [5fb7ce83-242c-4a6f-a9ec-b211957cc825@group-240EBE1C8FDE-LeaderElection165] INFO  impl.LeaderElection (LogUtils.java:infoOrTrace(149)) -   Exception 0: {}
java.util.concurrent.ExecutionException: org.apache.ratis.thirdparty.io.grpc.StatusRuntimeException: UNAVAILABLE: io exception
	at java.util.concurrent.FutureTask.report(FutureTask.java:122)
	at java.util.concurrent.FutureTask.get(FutureTask.java:192)
	at org.apache.ratis.server.impl.LeaderElection.waitForResults(LeaderElection.java:259)
	at org.apache.ratis.server.impl.LeaderElection.askForVotes(LeaderElection.java:197)
	at org.apache.ratis.server.impl.LeaderElection.run(LeaderElection.java:133)
	at java.lang.Thread.run(Thread.java:748)
Caused by: org.apache.ratis.thirdparty.io.grpc.StatusRuntimeException: UNAVAILABLE: io exception
	at org.apache.ratis.thirdparty.io.grpc.stub.ClientCalls.toStatusRuntimeException(ClientCalls.java:233)
	at org.apache.ratis.thirdparty.io.grpc.stub.ClientCalls.getUnchecked(ClientCalls.java:214)
	at org.apache.ratis.thirdparty.io.grpc.stub.ClientCalls.blockingUnaryCall(ClientCalls.java:139)
	at org.apache.ratis.proto.grpc.RaftServerProtocolServiceGrpc$RaftServerProtocolServiceBlockingStub.requestVote(RaftServerProtocolServiceGrpc.java:265)
	at org.apache.ratis.grpc.server.GrpcServerProtocolClient.requestVote(GrpcServerProtocolClient.java:99)
	at org.apache.ratis.grpc.server.GrpcService.requestVote(GrpcService.java:204)
	at org.apache.ratis.server.impl.LeaderElection.lambda$submitRequests$1(LeaderElection.java:234)
	at java.util.concurrent.FutureTask.run(FutureTask.java:266)
	at java.util.concurrent.Executors$RunnableAdapter.call(Executors.java:511)
	at java.util.concurrent.FutureTask.run(FutureTask.java:266)
	at java.util.concurrent.ThreadPoolExecutor.runWorker(ThreadPoolExecutor.java:1149)
	at java.util.concurrent.ThreadPoolExecutor$Worker.run(ThreadPoolExecutor.java:624)
	... 1 more
Caused by: org.apache.ratis.thirdparty.io.netty.channel.AbstractChannel$AnnotatedConnectException: Connection refused: /192.168.30.26:43657
	at sun.nio.ch.SocketChannelImpl.checkConnect(Native Method)
	at sun.nio.ch.SocketChannelImpl.finishConnect(SocketChannelImpl.java:717)
	at org.apache.ratis.thirdparty.io.netty.channel.socket.nio.NioSocketChannel.doFinishConnect(NioSocketChannel.java:327)
	at org.apache.ratis.thirdparty.io.netty.channel.nio.AbstractNioChannel$AbstractNioUnsafe.finishConnect(AbstractNioChannel.java:340)
	at org.apache.ratis.thirdparty.io.netty.channel.nio.NioEventLoop.processSelectedKey(NioEventLoop.java:632)
	at org.apache.ratis.thirdparty.io.netty.channel.nio.NioEventLoop.processSelectedKeysOptimized(NioEventLoop.java:579)
	at org.apache.ratis.thirdparty.io.netty.channel.nio.NioEventLoop.processSelectedKeys(NioEventLoop.java:496)
	at org.apache.ratis.thirdparty.io.netty.channel.nio.NioEventLoop.run(NioEventLoop.java:458)
	at org.apache.ratis.thirdparty.io.netty.util.concurrent.SingleThreadEventExecutor$5.run(SingleThreadEventExecutor.java:897)
	at org.apache.ratis.thirdparty.io.netty.util.concurrent.FastThreadLocalRunnable.run(FastThreadLocalRunnable.java:30)
	... 1 more
Caused by: java.net.ConnectException: Connection refused
	... 11 more
2019-10-07 12:02:19,373 [5fb7ce83-242c-4a6f-a9ec-b211957cc825@group-240EBE1C8FDE-LeaderElection165] INFO  impl.LeaderElection (LogUtils.java:infoOrTrace(149)) -   Exception 1: {}
java.util.concurrent.ExecutionException: org.apache.ratis.thirdparty.io.grpc.StatusRuntimeException: UNAVAILABLE: io exception
	at java.util.concurrent.FutureTask.report(FutureTask.java:122)
	at java.util.concurrent.FutureTask.get(FutureTask.java:192)
	at org.apache.ratis.server.impl.LeaderElection.waitForResults(LeaderElection.java:259)
	at org.apache.ratis.server.impl.LeaderElection.askForVotes(LeaderElection.java:197)
	at org.apache.ratis.server.impl.LeaderElection.run(LeaderElection.java:133)
	at java.lang.Thread.run(Thread.java:748)
Caused by: org.apache.ratis.thirdparty.io.grpc.StatusRuntimeException: UNAVAILABLE: io exception
	at org.apache.ratis.thirdparty.io.grpc.stub.ClientCalls.toStatusRuntimeException(ClientCalls.java:233)
	at org.apache.ratis.thirdparty.io.grpc.stub.ClientCalls.getUnchecked(ClientCalls.java:214)
	at org.apache.ratis.thirdparty.io.grpc.stub.ClientCalls.blockingUnaryCall(ClientCalls.java:139)
	at org.apache.ratis.proto.grpc.RaftServerProtocolServiceGrpc$RaftServerProtocolServiceBlockingStub.requestVote(RaftServerProtocolServiceGrpc.java:265)
	at org.apache.ratis.grpc.server.GrpcServerProtocolClient.requestVote(GrpcServerProtocolClient.java:99)
	at org.apache.ratis.grpc.server.GrpcService.requestVote(GrpcService.java:204)
	at org.apache.ratis.server.impl.LeaderElection.lambda$submitRequests$1(LeaderElection.java:234)
	at java.util.concurrent.FutureTask.run(FutureTask.java:266)
	at java.util.concurrent.Executors$RunnableAdapter.call(Executors.java:511)
	at java.util.concurrent.FutureTask.run(FutureTask.java:266)
	at java.util.concurrent.ThreadPoolExecutor.runWorker(ThreadPoolExecutor.java:1149)
	at java.util.concurrent.ThreadPoolExecutor$Worker.run(ThreadPoolExecutor.java:624)
	... 1 more
Caused by: org.apache.ratis.thirdparty.io.netty.channel.AbstractChannel$AnnotatedConnectException: Connection refused: /192.168.30.26:36089
	at sun.nio.ch.SocketChannelImpl.checkConnect(Native Method)
	at sun.nio.ch.SocketChannelImpl.finishConnect(SocketChannelImpl.java:717)
	at org.apache.ratis.thirdparty.io.netty.channel.socket.nio.NioSocketChannel.doFinishConnect(NioSocketChannel.java:327)
	at org.apache.ratis.thirdparty.io.netty.channel.nio.AbstractNioChannel$AbstractNioUnsafe.finishConnect(AbstractNioChannel.java:340)
	at org.apache.ratis.thirdparty.io.netty.channel.nio.NioEventLoop.processSelectedKey(NioEventLoop.java:632)
	at org.apache.ratis.thirdparty.io.netty.channel.nio.NioEventLoop.processSelectedKeysOptimized(NioEventLoop.java:579)
	at org.apache.ratis.thirdparty.io.netty.channel.nio.NioEventLoop.processSelectedKeys(NioEventLoop.java:496)
	at org.apache.ratis.thirdparty.io.netty.channel.nio.NioEventLoop.run(NioEventLoop.java:458)
	at org.apache.ratis.thirdparty.io.netty.util.concurrent.SingleThreadEventExecutor$5.run(SingleThreadEventExecutor.java:897)
	at org.apache.ratis.thirdparty.io.netty.util.concurrent.FastThreadLocalRunnable.run(FastThreadLocalRunnable.java:30)
	... 1 more
Caused by: java.net.ConnectException: Connection refused
	... 11 more
2019-10-07 12:02:19,374 [5fb7ce83-242c-4a6f-a9ec-b211957cc825@group-240EBE1C8FDE-LeaderElection165] INFO  impl.RaftServerImpl (RaftServerImpl.java:setRole(170)) - 5fb7ce83-242c-4a6f-a9ec-b211957cc825@group-240EBE1C8FDE: changes role from CANDIDATE to FOLLOWER at term 5 for DISCOVERED_A_NEW_TERM
2019-10-07 12:02:19,374 [5fb7ce83-242c-4a6f-a9ec-b211957cc825@group-240EBE1C8FDE-LeaderElection165] INFO  impl.RoleInfo (RoleInfo.java:shutdownLeaderElection(134)) - 5fb7ce83-242c-4a6f-a9ec-b211957cc825: shutdown LeaderElection
2019-10-07 12:02:19,374 [5fb7ce83-242c-4a6f-a9ec-b211957cc825@group-240EBE1C8FDE-LeaderElection165] INFO  impl.RoleInfo (RoleInfo.java:updateAndGet(143)) - 5fb7ce83-242c-4a6f-a9ec-b211957cc825: start FollowerState
2019-10-07 12:02:19,534 [grpc-default-executor-7] WARN  server.GrpcLogAppender (LogUtils.java:warn(134)) - 7ea16973-9905-4da7-bb80-bd85639ef624@group-28B4426542C7->ea099ddf-fb2e-4ec3-b0a2-f19542a0ccf4-AppendLogResponseHandler: Failed appendEntries: org.apache.ratis.thirdparty.io.grpc.StatusRuntimeException: UNAVAILABLE: io exception
2019-10-07 12:02:19,540 [grpc-default-executor-7] INFO  impl.FollowerInfo (FollowerInfo.java:lambda$new$0(51)) - 7ea16973-9905-4da7-bb80-bd85639ef624@group-28B4426542C7->ea099ddf-fb2e-4ec3-b0a2-f19542a0ccf4: nextIndex: updateUnconditionally 0 -> 0
2019-10-07 12:02:19,601 [Thread-4050] INFO  client.GrpcClientProtocolService (GrpcClientProtocolService.java:lambda$processClientRequest$0(278)) - Failed RaftClientRequest:client-B2D0585DBD5F->5fb7ce83-242c-4a6f-a9ec-b211957cc825@group-240EBE1C8FDE, cid=125, seq=0, Watch-ALL_COMMITTED(6), Message:<EMPTY>, reply=RaftClientReply:client-B2D0585DBD5F->5fb7ce83-242c-4a6f-a9ec-b211957cc825@group-240EBE1C8FDE, cid=125, FAILED org.apache.ratis.protocol.NotLeaderException: Server 5fb7ce83-242c-4a6f-a9ec-b211957cc825@group-240EBE1C8FDE is not the leader, logIndex=0, commits[5fb7ce83-242c-4a6f-a9ec-b211957cc825:c12, 35b93ee3-cf43-44f7-b896-65b06618aa81:c4, 9e4f0239-5467-41fd-81e1-38f0f07fc00b:c12]
2019-10-07 12:02:19,604 [Thread-4051] INFO  client.GrpcClientProtocolService (GrpcClientProtocolService.java:lambda$processClientRequest$0(278)) - Failed RaftClientRequest:client-B2D0585DBD5F->5fb7ce83-242c-4a6f-a9ec-b211957cc825@group-240EBE1C8FDE, cid=127, seq=0, Watch-ALL_COMMITTED(8), Message:<EMPTY>, reply=RaftClientReply:client-B2D0585DBD5F->5fb7ce83-242c-4a6f-a9ec-b211957cc825@group-240EBE1C8FDE, cid=127, FAILED org.apache.ratis.protocol.NotLeaderException: Server 5fb7ce83-242c-4a6f-a9ec-b211957cc825@group-240EBE1C8FDE is not the leader, logIndex=0, commits[5fb7ce83-242c-4a6f-a9ec-b211957cc825:c12, 35b93ee3-cf43-44f7-b896-65b06618aa81:c4, 9e4f0239-5467-41fd-81e1-38f0f07fc00b:c12]
2019-10-07 12:02:19,606 [main] INFO  ozoneimpl.OzoneContainer (OzoneContainer.java:stop(231)) - Attempting to stop container services.
2019-10-07 12:02:19,613 [main] INFO  impl.RaftServerProxy (RaftServerProxy.java:lambda$close$4(314)) - f273724d-798c-4ad2-8d41-52aa1480ea33: close
2019-10-07 12:02:19,614 [main] INFO  impl.RaftServerImpl (RaftServerImpl.java:lambda$shutdown$3(247)) - f273724d-798c-4ad2-8d41-52aa1480ea33@group-8EBE8B731ECD: shutdown
2019-10-07 12:02:19,614 [main] INFO  util.JmxRegister (JmxRegister.java:unregister(73)) - Successfully un-registered JMX Bean with object name Ratis:service=RaftServer,group=group-8EBE8B731ECD,id=f273724d-798c-4ad2-8d41-52aa1480ea33
2019-10-07 12:02:19,614 [main] INFO  impl.RoleInfo (RoleInfo.java:shutdownFollowerState(121)) - f273724d-798c-4ad2-8d41-52aa1480ea33: shutdown FollowerState
2019-10-07 12:02:19,614 [main] INFO  impl.StateMachineUpdater (StateMachineUpdater.java:stopAndJoin(136)) - f273724d-798c-4ad2-8d41-52aa1480ea33@group-8EBE8B731ECD-StateMachineUpdater: set stopIndex = 4
2019-10-07 12:02:19,615 [Thread-3595] INFO  impl.FollowerState (FollowerState.java:run(117)) - f273724d-798c-4ad2-8d41-52aa1480ea33@group-8EBE8B731ECD-FollowerState was interrupted: java.lang.InterruptedException: sleep interrupted
2019-10-07 12:02:19,615 [f273724d-798c-4ad2-8d41-52aa1480ea33@group-8EBE8B731ECD-StateMachineUpdater] INFO  ratis.ContainerStateMachine (ContainerStateMachine.java:takeSnapshot(294)) - group-8EBE8B731ECD: Taking a snapshot at:(t:1, i:3) file /workdir/hadoop-ozone/integration-test/target/test-dir/MiniOzoneClusterImpl-3996cdb0-1c67-461d-8979-130917cb6d41/datanode-6/data/ratis/21235522-6e20-4bf8-bbed-8ebe8b731ecd/sm/snapshot.1_3
2019-10-07 12:02:19,632 [f273724d-798c-4ad2-8d41-52aa1480ea33@group-8EBE8B731ECD-StateMachineUpdater] INFO  ratis.ContainerStateMachine (ContainerStateMachine.java:takeSnapshot(305)) - group-8EBE8B731ECD: Finished taking a snapshot at:(t:1, i:3) file:/workdir/hadoop-ozone/integration-test/target/test-dir/MiniOzoneClusterImpl-3996cdb0-1c67-461d-8979-130917cb6d41/datanode-6/data/ratis/21235522-6e20-4bf8-bbed-8ebe8b731ecd/sm/snapshot.1_3 time:16
2019-10-07 12:02:19,632 [f273724d-798c-4ad2-8d41-52aa1480ea33@group-8EBE8B731ECD-StateMachineUpdater] INFO  impl.StateMachineUpdater (StateMachineUpdater.java:takeSnapshot(269)) - f273724d-798c-4ad2-8d41-52aa1480ea33@group-8EBE8B731ECD-StateMachineUpdater: Took a snapshot at index 3
2019-10-07 12:02:19,632 [f273724d-798c-4ad2-8d41-52aa1480ea33@group-8EBE8B731ECD-StateMachineUpdater] INFO  impl.StateMachineUpdater (StateMachineUpdater.java:lambda$new$0(84)) - f273724d-798c-4ad2-8d41-52aa1480ea33@group-8EBE8B731ECD-StateMachineUpdater: snapshotIndex: updateIncreasingly -1 -> 3
2019-10-07 12:02:19,632 [f273724d-798c-4ad2-8d41-52aa1480ea33@group-8EBE8B731ECD-StateMachineUpdater] INFO  ratis.ContainerStateMachine (ContainerStateMachine.java:takeSnapshot(294)) - group-8EBE8B731ECD: Taking a snapshot at:(t:1, i:3) file /workdir/hadoop-ozone/integration-test/target/test-dir/MiniOzoneClusterImpl-3996cdb0-1c67-461d-8979-130917cb6d41/datanode-6/data/ratis/21235522-6e20-4bf8-bbed-8ebe8b731ecd/sm/snapshot.1_3
2019-10-07 12:02:19,633 [ForkJoinPool.commonPool-worker-1] INFO  ozoneimpl.OzoneContainer (OzoneContainer.java:stop(231)) - Attempting to stop container services.
2019-10-07 12:02:19,633 [ForkJoinPool.commonPool-worker-1] INFO  impl.RaftServerProxy (RaftServerProxy.java:lambda$close$4(314)) - 9968b69f-cbe4-4e66-9140-11f2884fa70f: close
2019-10-07 12:02:19,633 [ForkJoinPool.commonPool-worker-1] INFO  impl.RaftServerImpl (RaftServerImpl.java:lambda$shutdown$3(247)) - 9968b69f-cbe4-4e66-9140-11f2884fa70f@group-26D974B03AFC: shutdown
2019-10-07 12:02:19,633 [ForkJoinPool.commonPool-worker-1] INFO  util.JmxRegister (JmxRegister.java:unregister(73)) - Successfully un-registered JMX Bean with object name Ratis:service=RaftServer,group=group-26D974B03AFC,id=9968b69f-cbe4-4e66-9140-11f2884fa70f
2019-10-07 12:02:19,634 [ForkJoinPool.commonPool-worker-1] INFO  impl.RoleInfo (RoleInfo.java:shutdownLeaderState(104)) - 9968b69f-cbe4-4e66-9140-11f2884fa70f: shutdown LeaderState
2019-10-07 12:02:19,634 [ForkJoinPool.commonPool-worker-1] INFO  impl.PendingRequests (PendingRequests.java:sendNotLeaderResponses(202)) - 9968b69f-cbe4-4e66-9140-11f2884fa70f@group-26D974B03AFC-PendingRequests: sendNotLeaderResponses
2019-10-07 12:02:19,634 [ForkJoinPool.commonPool-worker-1] INFO  impl.StateMachineUpdater (StateMachineUpdater.java:stopAndJoin(136)) - 9968b69f-cbe4-4e66-9140-11f2884fa70f@group-26D974B03AFC-StateMachineUpdater: set stopIndex = 0
2019-10-07 12:02:19,634 [ForkJoinPool.commonPool-worker-1] INFO  impl.RaftServerImpl (ServerState.java:close(387)) - 9968b69f-cbe4-4e66-9140-11f2884fa70f@group-26D974B03AFC: closes. applyIndex: 0
2019-10-07 12:02:19,634 [9968b69f-cbe4-4e66-9140-11f2884fa70f@group-26D974B03AFC-SegmentedRaftLogWorker] INFO  segmented.SegmentedRaftLogWorker (SegmentedRaftLogWorker.java:run(316)) - 9968b69f-cbe4-4e66-9140-11f2884fa70f@group-26D974B03AFC-SegmentedRaftLogWorker was interrupted, exiting. There are 0 tasks remaining in the queue.
2019-10-07 12:02:19,637 [ForkJoinPool.commonPool-worker-1] INFO  segmented.SegmentedRaftLogWorker (SegmentedRaftLogWorker.java:close(224)) - 9968b69f-cbe4-4e66-9140-11f2884fa70f@group-26D974B03AFC-SegmentedRaftLogWorker close()
2019-10-07 12:02:19,643 [ForkJoinPool.commonPool-worker-1] INFO  impl.RaftServerImpl (RaftServerImpl.java:lambda$shutdown$3(247)) - 9968b69f-cbe4-4e66-9140-11f2884fa70f@group-28B4426542C7: shutdown
2019-10-07 12:02:19,643 [ForkJoinPool.commonPool-worker-1] INFO  util.JmxRegister (JmxRegister.java:unregister(73)) - Successfully un-registered JMX Bean with object name Ratis:service=RaftServer,group=group-28B4426542C7,id=9968b69f-cbe4-4e66-9140-11f2884fa70f
2019-10-07 12:02:19,643 [ForkJoinPool.commonPool-worker-1] INFO  impl.RoleInfo (RoleInfo.java:shutdownFollowerState(121)) - 9968b69f-cbe4-4e66-9140-11f2884fa70f: shutdown FollowerState
2019-10-07 12:02:19,643 [ForkJoinPool.commonPool-worker-1] INFO  impl.StateMachineUpdater (StateMachineUpdater.java:stopAndJoin(136)) - 9968b69f-cbe4-4e66-9140-11f2884fa70f@group-28B4426542C7-StateMachineUpdater: set stopIndex = 0
2019-10-07 12:02:19,643 [Thread-3626] INFO  impl.FollowerState (FollowerState.java:run(117)) - 9968b69f-cbe4-4e66-9140-11f2884fa70f@group-28B4426542C7-FollowerState was interrupted: java.lang.InterruptedException: sleep interrupted
2019-10-07 12:02:19,643 [ForkJoinPool.commonPool-worker-1] INFO  impl.RaftServerImpl (ServerState.java:close(387)) - 9968b69f-cbe4-4e66-9140-11f2884fa70f@group-28B4426542C7: closes. applyIndex: 0
2019-10-07 12:02:19,646 [f273724d-798c-4ad2-8d41-52aa1480ea33@group-8EBE8B731ECD-StateMachineUpdater] INFO  ratis.ContainerStateMachine (ContainerStateMachine.java:takeSnapshot(305)) - group-8EBE8B731ECD: Finished taking a snapshot at:(t:1, i:3) file:/workdir/hadoop-ozone/integration-test/target/test-dir/MiniOzoneClusterImpl-3996cdb0-1c67-461d-8979-130917cb6d41/datanode-6/data/ratis/21235522-6e20-4bf8-bbed-8ebe8b731ecd/sm/snapshot.1_3 time:14
2019-10-07 12:02:19,646 [9968b69f-cbe4-4e66-9140-11f2884fa70f@group-28B4426542C7-SegmentedRaftLogWorker] INFO  segmented.SegmentedRaftLogWorker (SegmentedRaftLogWorker.java:run(316)) - 9968b69f-cbe4-4e66-9140-11f2884fa70f@group-28B4426542C7-SegmentedRaftLogWorker was interrupted, exiting. There are 0 tasks remaining in the queue.
2019-10-07 12:02:19,646 [f273724d-798c-4ad2-8d41-52aa1480ea33@group-8EBE8B731ECD-StateMachineUpdater] INFO  impl.StateMachineUpdater (StateMachineUpdater.java:takeSnapshot(269)) - f273724d-798c-4ad2-8d41-52aa1480ea33@group-8EBE8B731ECD-StateMachineUpdater: Took a snapshot at index 3
2019-10-07 12:02:19,649 [ForkJoinPool.commonPool-worker-1] INFO  segmented.SegmentedRaftLogWorker (SegmentedRaftLogWorker.java:close(224)) - 9968b69f-cbe4-4e66-9140-11f2884fa70f@group-28B4426542C7-SegmentedRaftLogWorker close()
2019-10-07 12:02:19,649 [f273724d-798c-4ad2-8d41-52aa1480ea33@group-8EBE8B731ECD-StateMachineUpdater] INFO  impl.StateMachineUpdater (StateMachineUpdater.java:lambda$new$0(84)) - f273724d-798c-4ad2-8d41-52aa1480ea33@group-8EBE8B731ECD-StateMachineUpdater: snapshotIndex: updateIncreasingly 3 -> 3
2019-10-07 12:02:19,653 [ForkJoinPool.commonPool-worker-1] INFO  server.GrpcService (GrpcService.java:closeImpl(164)) - 9968b69f-cbe4-4e66-9140-11f2884fa70f: shutdown server with port 34238 now
2019-10-07 12:02:19,654 [main] INFO  impl.RaftServerImpl (ServerState.java:close(387)) - f273724d-798c-4ad2-8d41-52aa1480ea33@group-8EBE8B731ECD: closes. applyIndex: 4
2019-10-07 12:02:19,654 [grpc-default-executor-7] WARN  server.GrpcServerProtocolService (LogUtils.java:warn(134)) - 9968b69f-cbe4-4e66-9140-11f2884fa70f: installSnapshot onError, lastRequest: 7ea16973-9905-4da7-bb80-bd85639ef624->9968b69f-cbe4-4e66-9140-11f2884fa70f#69-t2, previous=(t:2, i:0), leaderCommit=0, initializing? false, entries: <empty>: org.apache.ratis.thirdparty.io.grpc.StatusRuntimeException: CANCELLED: cancelled before receiving half close
2019-10-07 12:02:19,654 [ForkJoinPool.commonPool-worker-1] INFO  server.GrpcService (GrpcService.java:closeImpl(172)) - 9968b69f-cbe4-4e66-9140-11f2884fa70f: shutdown server with port 34238 successfully
2019-10-07 12:02:19,654 [f273724d-798c-4ad2-8d41-52aa1480ea33@group-8EBE8B731ECD-SegmentedRaftLogWorker] INFO  segmented.SegmentedRaftLogWorker (SegmentedRaftLogWorker.java:run(316)) - f273724d-798c-4ad2-8d41-52aa1480ea33@group-8EBE8B731ECD-SegmentedRaftLogWorker was interrupted, exiting. There are 0 tasks remaining in the queue.
2019-10-07 12:02:19,654 [grpc-default-executor-9] WARN  server.GrpcLogAppender (LogUtils.java:warn(134)) - 7ea16973-9905-4da7-bb80-bd85639ef624@group-28B4426542C7->9968b69f-cbe4-4e66-9140-11f2884fa70f-AppendLogResponseHandler: Failed appendEntries: org.apache.ratis.thirdparty.io.grpc.StatusRuntimeException: CANCELLED: HTTP/2 error code: CANCEL
Received Rst Stream
2019-10-07 12:02:19,655 [grpc-default-executor-9] INFO  impl.FollowerInfo (FollowerInfo.java:lambda$new$0(51)) - 7ea16973-9905-4da7-bb80-bd85639ef624@group-28B4426542C7->9968b69f-cbe4-4e66-9140-11f2884fa70f: nextIndex: updateUnconditionally 1 -> 0
2019-10-07 12:02:19,658 [main] INFO  segmented.SegmentedRaftLogWorker (SegmentedRaftLogWorker.java:close(224)) - f273724d-798c-4ad2-8d41-52aa1480ea33@group-8EBE8B731ECD-SegmentedRaftLogWorker close()
2019-10-07 12:02:19,663 [main] INFO  impl.RaftServerImpl (RaftServerImpl.java:lambda$shutdown$3(247)) - f273724d-798c-4ad2-8d41-52aa1480ea33@group-29EB60817F72: shutdown
2019-10-07 12:02:19,664 [refreshUsed-/workdir/hadoop-ozone/integration-test/target/test-dir/MiniOzoneClusterImpl-3996cdb0-1c67-461d-8979-130917cb6d41/datanode-3/data/containers] WARN  fs.CachingGetSpaceUsed (CachingGetSpaceUsed.java:run(183)) - Thread Interrupted waiting to refresh disk information: sleep interrupted
2019-10-07 12:02:19,664 [main] INFO  util.JmxRegister (JmxRegister.java:unregister(73)) - Successfully un-registered JMX Bean with object name Ratis:service=RaftServer,group=group-29EB60817F72,id=f273724d-798c-4ad2-8d41-52aa1480ea33
2019-10-07 12:02:19,664 [main] INFO  impl.RoleInfo (RoleInfo.java:shutdownLeaderState(104)) - f273724d-798c-4ad2-8d41-52aa1480ea33: shutdown LeaderState
2019-10-07 12:02:19,664 [main] INFO  impl.PendingRequests (PendingRequests.java:sendNotLeaderResponses(202)) - f273724d-798c-4ad2-8d41-52aa1480ea33@group-29EB60817F72-PendingRequests: sendNotLeaderResponses
2019-10-07 12:02:19,664 [main] INFO  impl.StateMachineUpdater (StateMachineUpdater.java:stopAndJoin(136)) - f273724d-798c-4ad2-8d41-52aa1480ea33@group-29EB60817F72-StateMachineUpdater: set stopIndex = 0
2019-10-07 12:02:19,665 [main] INFO  impl.RaftServerImpl (ServerState.java:close(387)) - f273724d-798c-4ad2-8d41-52aa1480ea33@group-29EB60817F72: closes. applyIndex: 0
2019-10-07 12:02:19,665 [f273724d-798c-4ad2-8d41-52aa1480ea33@group-29EB60817F72-SegmentedRaftLogWorker] INFO  segmented.SegmentedRaftLogWorker (SegmentedRaftLogWorker.java:run(316)) - f273724d-798c-4ad2-8d41-52aa1480ea33@group-29EB60817F72-SegmentedRaftLogWorker was interrupted, exiting. There are 0 tasks remaining in the queue.
2019-10-07 12:02:19,668 [main] INFO  segmented.SegmentedRaftLogWorker (SegmentedRaftLogWorker.java:close(224)) - f273724d-798c-4ad2-8d41-52aa1480ea33@group-29EB60817F72-SegmentedRaftLogWorker close()
2019-10-07 12:02:19,679 [main] INFO  server.GrpcService (GrpcService.java:closeImpl(164)) - f273724d-798c-4ad2-8d41-52aa1480ea33: shutdown server with port 37581 now
2019-10-07 12:02:19,680 [grpc-default-executor-10] WARN  server.GrpcLogAppender (LogUtils.java:warn(134)) - dbe9d5b3-671c-49b9-b95c-28ee3dd5e12c@group-8EBE8B731ECD->f273724d-798c-4ad2-8d41-52aa1480ea33-AppendLogResponseHandler: Failed appendEntries: org.apache.ratis.thirdparty.io.grpc.StatusRuntimeException: CANCELLED: HTTP/2 error code: CANCEL
Received Rst Stream
2019-10-07 12:02:19,681 [grpc-default-executor-10] INFO  impl.FollowerInfo (FollowerInfo.java:lambda$new$0(51)) - dbe9d5b3-671c-49b9-b95c-28ee3dd5e12c@group-8EBE8B731ECD->f273724d-798c-4ad2-8d41-52aa1480ea33: nextIndex: updateUnconditionally 5 -> 4
2019-10-07 12:02:19,681 [main] INFO  server.GrpcService (GrpcService.java:closeImpl(172)) - f273724d-798c-4ad2-8d41-52aa1480ea33: shutdown server with port 37581 successfully
2019-10-07 12:02:19,681 [grpc-default-executor-7] WARN  server.GrpcServerProtocolService (LogUtils.java:warn(134)) - f273724d-798c-4ad2-8d41-52aa1480ea33: installSnapshot onError, lastRequest: dbe9d5b3-671c-49b9-b95c-28ee3dd5e12c->f273724d-798c-4ad2-8d41-52aa1480ea33#74-t1, previous=(t:1, i:4), leaderCommit=4, initializing? false, entries: <empty>: org.apache.ratis.thirdparty.io.grpc.StatusRuntimeException: CANCELLED: cancelled before receiving half close
2019-10-07 12:02:19,682 [refreshUsed-/workdir/hadoop-ozone/integration-test/target/test-dir/MiniOzoneClusterImpl-3996cdb0-1c67-461d-8979-130917cb6d41/datanode-6/data/containers] WARN  fs.CachingGetSpaceUsed (CachingGetSpaceUsed.java:run(183)) - Thread Interrupted waiting to refresh disk information: sleep interrupted
2019-10-07 12:02:19,694 [ForkJoinPool.commonPool-worker-1] INFO  utils.BackgroundService (BackgroundService.java:shutdown(148)) - Shutting down service BlockDeletingService
2019-10-07 12:02:19,696 [ForkJoinPool.commonPool-worker-1] INFO  statemachine.DatanodeStateMachine (DatanodeStateMachine.java:stopDaemon(395)) - Ozone container server stopped.
2019-10-07 12:02:19,701 [ForkJoinPool.commonPool-worker-1] INFO  handler.ContextHandler (ContextHandler.java:doStop(910)) - Stopped o.e.j.w.WebAppContext@5514579e{/,null,UNAVAILABLE}{/hddsDatanode}
2019-10-07 12:02:19,702 [main] INFO  utils.BackgroundService (BackgroundService.java:shutdown(148)) - Shutting down service BlockDeletingService
2019-10-07 12:02:19,702 [ForkJoinPool.commonPool-worker-1] INFO  server.AbstractConnector (AbstractConnector.java:doStop(318)) - Stopped ServerConnector@58c42c8c{HTTP/1.1,[http/1.1]}{0.0.0.0:0}
2019-10-07 12:02:19,705 [ForkJoinPool.commonPool-worker-1] INFO  handler.ContextHandler (ContextHandler.java:doStop(910)) - Stopped o.e.j.s.ServletContextHandler@a056b26{/static,jar:file:/home/user/.m2/repository/org/apache/hadoop/hadoop-hdds-container-service/0.5.0-SNAPSHOT/hadoop-hdds-container-service-0.5.0-SNAPSHOT.jar!/webapps/static,UNAVAILABLE}
2019-10-07 12:02:19,710 [main] INFO  statemachine.DatanodeStateMachine (DatanodeStateMachine.java:stopDaemon(395)) - Ozone container server stopped.
2019-10-07 12:02:19,711 [main] INFO  handler.ContextHandler (ContextHandler.java:doStop(910)) - Stopped o.e.j.w.WebAppContext@2bcda694{/,null,UNAVAILABLE}{/hddsDatanode}
2019-10-07 12:02:19,711 [ForkJoinPool.commonPool-worker-1] INFO  handler.ContextHandler (ContextHandler.java:doStop(910)) - Stopped o.e.j.s.ServletContextHandler@2a04ab05{/logs,file:///workdir/hadoop-ozone/integration-test/target/log,UNAVAILABLE}
2019-10-07 12:02:19,712 [main] INFO  server.AbstractConnector (AbstractConnector.java:doStop(318)) - Stopped ServerConnector@2cc75b25{HTTP/1.1,[http/1.1]}{0.0.0.0:0}
2019-10-07 12:02:19,712 [main] INFO  handler.ContextHandler (ContextHandler.java:doStop(910)) - Stopped o.e.j.s.ServletContextHandler@421ead7e{/static,jar:file:/home/user/.m2/repository/org/apache/hadoop/hadoop-hdds-container-service/0.5.0-SNAPSHOT/hadoop-hdds-container-service-0.5.0-SNAPSHOT.jar!/webapps/static,UNAVAILABLE}
2019-10-07 12:02:19,713 [main] INFO  handler.ContextHandler (ContextHandler.java:doStop(910)) - Stopped o.e.j.s.ServletContextHandler@35ac9ebd{/logs,file:///workdir/hadoop-ozone/integration-test/target/log,UNAVAILABLE}
2019-10-07 12:02:19,829 [Datanode State Machine Thread - 0] INFO  statemachine.DatanodeStateMachine (DatanodeStateMachine.java:lambda$startDaemon$0(350)) - Ozone container server started.
2019-10-07 12:02:19,950 [grpc-default-executor-9] WARN  server.GrpcLogAppender (LogUtils.java:warn(134)) - dbe9d5b3-671c-49b9-b95c-28ee3dd5e12c@group-8EBE8B731ECD->f273724d-798c-4ad2-8d41-52aa1480ea33-AppendLogResponseHandler: Failed appendEntries: org.apache.ratis.thirdparty.io.grpc.StatusRuntimeException: UNAVAILABLE: io exception
2019-10-07 12:02:19,950 [grpc-default-executor-9] INFO  impl.FollowerInfo (FollowerInfo.java:lambda$new$0(51)) - dbe9d5b3-671c-49b9-b95c-28ee3dd5e12c@group-8EBE8B731ECD->f273724d-798c-4ad2-8d41-52aa1480ea33: nextIndex: updateUnconditionally 4 -> 3
2019-10-07 12:02:20,034 [grpc-default-executor-7] WARN  server.GrpcLogAppender (LogUtils.java:warn(134)) - 7ea16973-9905-4da7-bb80-bd85639ef624@group-28B4426542C7->ea099ddf-fb2e-4ec3-b0a2-f19542a0ccf4-AppendLogResponseHandler: Failed appendEntries: org.apache.ratis.thirdparty.io.grpc.StatusRuntimeException: UNAVAILABLE: io exception
2019-10-07 12:02:20,035 [grpc-default-executor-7] INFO  impl.FollowerInfo (FollowerInfo.java:lambda$new$0(51)) - 7ea16973-9905-4da7-bb80-bd85639ef624@group-28B4426542C7->ea099ddf-fb2e-4ec3-b0a2-f19542a0ccf4: nextIndex: updateUnconditionally 0 -> 0
2019-10-07 12:02:20,085 [grpc-default-executor-10] WARN  server.GrpcLogAppender (LogUtils.java:warn(134)) - 7ea16973-9905-4da7-bb80-bd85639ef624@group-28B4426542C7->9968b69f-cbe4-4e66-9140-11f2884fa70f-AppendLogResponseHandler: Failed appendEntries: org.apache.ratis.thirdparty.io.grpc.StatusRuntimeException: UNAVAILABLE: io exception
2019-10-07 12:02:20,085 [grpc-default-executor-10] INFO  impl.FollowerInfo (FollowerInfo.java:lambda$new$0(51)) - 7ea16973-9905-4da7-bb80-bd85639ef624@group-28B4426542C7->9968b69f-cbe4-4e66-9140-11f2884fa70f: nextIndex: updateUnconditionally 0 -> 0
2019-10-07 12:02:20,329 [Datanode State Machine Thread - 0] INFO  statemachine.DatanodeStateMachine (DatanodeStateMachine.java:lambda$startDaemon$0(350)) - Ozone container server started.
2019-10-07 12:02:20,445 [Thread-4045] INFO  impl.FollowerState (FollowerState.java:run(108)) - 5fb7ce83-242c-4a6f-a9ec-b211957cc825@group-240EBE1C8FDE-FollowerState: change to CANDIDATE, lastRpcTime:1071ms, electionTimeout:1071ms
2019-10-07 12:02:20,446 [Thread-4045] INFO  impl.RoleInfo (RoleInfo.java:shutdownFollowerState(121)) - 5fb7ce83-242c-4a6f-a9ec-b211957cc825: shutdown FollowerState
2019-10-07 12:02:20,446 [Thread-4045] INFO  impl.RaftServerImpl (RaftServerImpl.java:setRole(170)) - 5fb7ce83-242c-4a6f-a9ec-b211957cc825@group-240EBE1C8FDE: changes role from  FOLLOWER to CANDIDATE at term 5 for changeToCandidate
2019-10-07 12:02:20,446 [Thread-4045] INFO  impl.RoleInfo (RoleInfo.java:updateAndGet(143)) - 5fb7ce83-242c-4a6f-a9ec-b211957cc825: start LeaderElection
2019-10-07 12:02:20,451 [grpc-default-executor-9] WARN  server.GrpcLogAppender (LogUtils.java:warn(134)) - dbe9d5b3-671c-49b9-b95c-28ee3dd5e12c@group-8EBE8B731ECD->f273724d-798c-4ad2-8d41-52aa1480ea33-AppendLogResponseHandler: Failed appendEntries: org.apache.ratis.thirdparty.io.grpc.StatusRuntimeException: UNAVAILABLE: io exception
2019-10-07 12:02:20,451 [grpc-default-executor-9] INFO  impl.FollowerInfo (FollowerInfo.java:lambda$new$0(51)) - dbe9d5b3-671c-49b9-b95c-28ee3dd5e12c@group-8EBE8B731ECD->f273724d-798c-4ad2-8d41-52aa1480ea33: nextIndex: updateUnconditionally 3 -> 2
2019-10-07 12:02:20,490 [5fb7ce83-242c-4a6f-a9ec-b211957cc825@group-240EBE1C8FDE-LeaderElection166] INFO  impl.LeaderElection (LeaderElection.java:askForVotes(178)) - 5fb7ce83-242c-4a6f-a9ec-b211957cc825@group-240EBE1C8FDE-LeaderElection166: begin an election at term 6 for 0: [35b93ee3-cf43-44f7-b896-65b06618aa81:192.168.30.26:43657, 9e4f0239-5467-41fd-81e1-38f0f07fc00b:192.168.30.26:36089, 5fb7ce83-242c-4a6f-a9ec-b211957cc825:192.168.30.26:42375], old=null
2019-10-07 12:02:20,491 [5fb7ce83-242c-4a6f-a9ec-b211957cc825@group-240EBE1C8FDE-LeaderElection166] INFO  impl.LeaderElection (LogUtils.java:infoOrTrace(149)) - 5fb7ce83-242c-4a6f-a9ec-b211957cc825@group-240EBE1C8FDE-LeaderElection166 got exception when requesting votes: {}
java.util.concurrent.ExecutionException: org.apache.ratis.thirdparty.io.grpc.StatusRuntimeException: UNAVAILABLE: io exception
	at java.util.concurrent.FutureTask.report(FutureTask.java:122)
	at java.util.concurrent.FutureTask.get(FutureTask.java:192)
	at org.apache.ratis.server.impl.LeaderElection.waitForResults(LeaderElection.java:259)
	at org.apache.ratis.server.impl.LeaderElection.askForVotes(LeaderElection.java:197)
	at org.apache.ratis.server.impl.LeaderElection.run(LeaderElection.java:133)
	at java.lang.Thread.run(Thread.java:748)
Caused by: org.apache.ratis.thirdparty.io.grpc.StatusRuntimeException: UNAVAILABLE: io exception
	at org.apache.ratis.thirdparty.io.grpc.stub.ClientCalls.toStatusRuntimeException(ClientCalls.java:233)
	at org.apache.ratis.thirdparty.io.grpc.stub.ClientCalls.getUnchecked(ClientCalls.java:214)
	at org.apache.ratis.thirdparty.io.grpc.stub.ClientCalls.blockingUnaryCall(ClientCalls.java:139)
	at org.apache.ratis.proto.grpc.RaftServerProtocolServiceGrpc$RaftServerProtocolServiceBlockingStub.requestVote(RaftServerProtocolServiceGrpc.java:265)
	at org.apache.ratis.grpc.server.GrpcServerProtocolClient.requestVote(GrpcServerProtocolClient.java:99)
	at org.apache.ratis.grpc.server.GrpcService.requestVote(GrpcService.java:204)
	at org.apache.ratis.server.impl.LeaderElection.lambda$submitRequests$1(LeaderElection.java:234)
	at java.util.concurrent.FutureTask.run(FutureTask.java:266)
	at java.util.concurrent.Executors$RunnableAdapter.call(Executors.java:511)
	at java.util.concurrent.FutureTask.run(FutureTask.java:266)
	at java.util.concurrent.ThreadPoolExecutor.runWorker(ThreadPoolExecutor.java:1149)
	at java.util.concurrent.ThreadPoolExecutor$Worker.run(ThreadPoolExecutor.java:624)
	... 1 more
Caused by: org.apache.ratis.thirdparty.io.netty.channel.AbstractChannel$AnnotatedConnectException: Connection refused: /192.168.30.26:43657
	at sun.nio.ch.SocketChannelImpl.checkConnect(Native Method)
	at sun.nio.ch.SocketChannelImpl.finishConnect(SocketChannelImpl.java:717)
	at org.apache.ratis.thirdparty.io.netty.channel.socket.nio.NioSocketChannel.doFinishConnect(NioSocketChannel.java:327)
	at org.apache.ratis.thirdparty.io.netty.channel.nio.AbstractNioChannel$AbstractNioUnsafe.finishConnect(AbstractNioChannel.java:340)
	at org.apache.ratis.thirdparty.io.netty.channel.nio.NioEventLoop.processSelectedKey(NioEventLoop.java:632)
	at org.apache.ratis.thirdparty.io.netty.channel.nio.NioEventLoop.processSelectedKeysOptimized(NioEventLoop.java:579)
	at org.apache.ratis.thirdparty.io.netty.channel.nio.NioEventLoop.processSelectedKeys(NioEventLoop.java:496)
	at org.apache.ratis.thirdparty.io.netty.channel.nio.NioEventLoop.run(NioEventLoop.java:458)
	at org.apache.ratis.thirdparty.io.netty.util.concurrent.SingleThreadEventExecutor$5.run(SingleThreadEventExecutor.java:897)
	at org.apache.ratis.thirdparty.io.netty.util.concurrent.FastThreadLocalRunnable.run(FastThreadLocalRunnable.java:30)
	... 1 more
Caused by: java.net.ConnectException: Connection refused
	... 11 more
2019-10-07 12:02:20,491 [5fb7ce83-242c-4a6f-a9ec-b211957cc825@group-240EBE1C8FDE-LeaderElection166] INFO  impl.LeaderElection (LogUtils.java:infoOrTrace(149)) - 5fb7ce83-242c-4a6f-a9ec-b211957cc825@group-240EBE1C8FDE-LeaderElection166 got exception when requesting votes: {}
java.util.concurrent.ExecutionException: org.apache.ratis.thirdparty.io.grpc.StatusRuntimeException: UNAVAILABLE: io exception
	at java.util.concurrent.FutureTask.report(FutureTask.java:122)
	at java.util.concurrent.FutureTask.get(FutureTask.java:192)
	at org.apache.ratis.server.impl.LeaderElection.waitForResults(LeaderElection.java:259)
	at org.apache.ratis.server.impl.LeaderElection.askForVotes(LeaderElection.java:197)
	at org.apache.ratis.server.impl.LeaderElection.run(LeaderElection.java:133)
	at java.lang.Thread.run(Thread.java:748)
Caused by: org.apache.ratis.thirdparty.io.grpc.StatusRuntimeException: UNAVAILABLE: io exception
	at org.apache.ratis.thirdparty.io.grpc.stub.ClientCalls.toStatusRuntimeException(ClientCalls.java:233)
	at org.apache.ratis.thirdparty.io.grpc.stub.ClientCalls.getUnchecked(ClientCalls.java:214)
	at org.apache.ratis.thirdparty.io.grpc.stub.ClientCalls.blockingUnaryCall(ClientCalls.java:139)
	at org.apache.ratis.proto.grpc.RaftServerProtocolServiceGrpc$RaftServerProtocolServiceBlockingStub.requestVote(RaftServerProtocolServiceGrpc.java:265)
	at org.apache.ratis.grpc.server.GrpcServerProtocolClient.requestVote(GrpcServerProtocolClient.java:99)
	at org.apache.ratis.grpc.server.GrpcService.requestVote(GrpcService.java:204)
	at org.apache.ratis.server.impl.LeaderElection.lambda$submitRequests$1(LeaderElection.java:234)
	at java.util.concurrent.FutureTask.run(FutureTask.java:266)
	at java.util.concurrent.Executors$RunnableAdapter.call(Executors.java:511)
	at java.util.concurrent.FutureTask.run(FutureTask.java:266)
	at java.util.concurrent.ThreadPoolExecutor.runWorker(ThreadPoolExecutor.java:1149)
	at java.util.concurrent.ThreadPoolExecutor$Worker.run(ThreadPoolExecutor.java:624)
	... 1 more
Caused by: org.apache.ratis.thirdparty.io.netty.channel.AbstractChannel$AnnotatedConnectException: Connection refused: /192.168.30.26:36089
	at sun.nio.ch.SocketChannelImpl.checkConnect(Native Method)
	at sun.nio.ch.SocketChannelImpl.finishConnect(SocketChannelImpl.java:717)
	at org.apache.ratis.thirdparty.io.netty.channel.socket.nio.NioSocketChannel.doFinishConnect(NioSocketChannel.java:327)
	at org.apache.ratis.thirdparty.io.netty.channel.nio.AbstractNioChannel$AbstractNioUnsafe.finishConnect(AbstractNioChannel.java:340)
	at org.apache.ratis.thirdparty.io.netty.channel.nio.NioEventLoop.processSelectedKey(NioEventLoop.java:632)
	at org.apache.ratis.thirdparty.io.netty.channel.nio.NioEventLoop.processSelectedKeysOptimized(NioEventLoop.java:579)
	at org.apache.ratis.thirdparty.io.netty.channel.nio.NioEventLoop.processSelectedKeys(NioEventLoop.java:496)
	at org.apache.ratis.thirdparty.io.netty.channel.nio.NioEventLoop.run(NioEventLoop.java:458)
	at org.apache.ratis.thirdparty.io.netty.util.concurrent.SingleThreadEventExecutor$5.run(SingleThreadEventExecutor.java:897)
	at org.apache.ratis.thirdparty.io.netty.util.concurrent.FastThreadLocalRunnable.run(FastThreadLocalRunnable.java:30)
	... 1 more
Caused by: java.net.ConnectException: Connection refused
	... 11 more
2019-10-07 12:02:20,492 [5fb7ce83-242c-4a6f-a9ec-b211957cc825@group-240EBE1C8FDE-LeaderElection166] INFO  impl.LeaderElection (LeaderElection.java:logAndReturn(56)) - 5fb7ce83-242c-4a6f-a9ec-b211957cc825@group-240EBE1C8FDE-LeaderElection166: Election REJECTED; received 0 response(s) [] and 2 exception(s); 5fb7ce83-242c-4a6f-a9ec-b211957cc825@group-240EBE1C8FDE:t6, leader=null, voted=5fb7ce83-242c-4a6f-a9ec-b211957cc825, raftlog=5fb7ce83-242c-4a6f-a9ec-b211957cc825@group-240EBE1C8FDE-SegmentedRaftLog:OPENED:c12,f12,i12, conf=0: [35b93ee3-cf43-44f7-b896-65b06618aa81:192.168.30.26:43657, 9e4f0239-5467-41fd-81e1-38f0f07fc00b:192.168.30.26:36089, 5fb7ce83-242c-4a6f-a9ec-b211957cc825:192.168.30.26:42375], old=null
2019-10-07 12:02:20,492 [5fb7ce83-242c-4a6f-a9ec-b211957cc825@group-240EBE1C8FDE-LeaderElection166] INFO  impl.LeaderElection (LogUtils.java:infoOrTrace(149)) -   Exception 0: {}
java.util.concurrent.ExecutionException: org.apache.ratis.thirdparty.io.grpc.StatusRuntimeException: UNAVAILABLE: io exception
	at java.util.concurrent.FutureTask.report(FutureTask.java:122)
	at java.util.concurrent.FutureTask.get(FutureTask.java:192)
	at org.apache.ratis.server.impl.LeaderElection.waitForResults(LeaderElection.java:259)
	at org.apache.ratis.server.impl.LeaderElection.askForVotes(LeaderElection.java:197)
	at org.apache.ratis.server.impl.LeaderElection.run(LeaderElection.java:133)
	at java.lang.Thread.run(Thread.java:748)
Caused by: org.apache.ratis.thirdparty.io.grpc.StatusRuntimeException: UNAVAILABLE: io exception
	at org.apache.ratis.thirdparty.io.grpc.stub.ClientCalls.toStatusRuntimeException(ClientCalls.java:233)
	at org.apache.ratis.thirdparty.io.grpc.stub.ClientCalls.getUnchecked(ClientCalls.java:214)
	at org.apache.ratis.thirdparty.io.grpc.stub.ClientCalls.blockingUnaryCall(ClientCalls.java:139)
	at org.apache.ratis.proto.grpc.RaftServerProtocolServiceGrpc$RaftServerProtocolServiceBlockingStub.requestVote(RaftServerProtocolServiceGrpc.java:265)
	at org.apache.ratis.grpc.server.GrpcServerProtocolClient.requestVote(GrpcServerProtocolClient.java:99)
	at org.apache.ratis.grpc.server.GrpcService.requestVote(GrpcService.java:204)
	at org.apache.ratis.server.impl.LeaderElection.lambda$submitRequests$1(LeaderElection.java:234)
	at java.util.concurrent.FutureTask.run(FutureTask.java:266)
	at java.util.concurrent.Executors$RunnableAdapter.call(Executors.java:511)
	at java.util.concurrent.FutureTask.run(FutureTask.java:266)
	at java.util.concurrent.ThreadPoolExecutor.runWorker(ThreadPoolExecutor.java:1149)
	at java.util.concurrent.ThreadPoolExecutor$Worker.run(ThreadPoolExecutor.java:624)
	... 1 more
Caused by: org.apache.ratis.thirdparty.io.netty.channel.AbstractChannel$AnnotatedConnectException: Connection refused: /192.168.30.26:43657
	at sun.nio.ch.SocketChannelImpl.checkConnect(Native Method)
	at sun.nio.ch.SocketChannelImpl.finishConnect(SocketChannelImpl.java:717)
	at org.apache.ratis.thirdparty.io.netty.channel.socket.nio.NioSocketChannel.doFinishConnect(NioSocketChannel.java:327)
	at org.apache.ratis.thirdparty.io.netty.channel.nio.AbstractNioChannel$AbstractNioUnsafe.finishConnect(AbstractNioChannel.java:340)
	at org.apache.ratis.thirdparty.io.netty.channel.nio.NioEventLoop.processSelectedKey(NioEventLoop.java:632)
	at org.apache.ratis.thirdparty.io.netty.channel.nio.NioEventLoop.processSelectedKeysOptimized(NioEventLoop.java:579)
	at org.apache.ratis.thirdparty.io.netty.channel.nio.NioEventLoop.processSelectedKeys(NioEventLoop.java:496)
	at org.apache.ratis.thirdparty.io.netty.channel.nio.NioEventLoop.run(NioEventLoop.java:458)
	at org.apache.ratis.thirdparty.io.netty.util.concurrent.SingleThreadEventExecutor$5.run(SingleThreadEventExecutor.java:897)
	at org.apache.ratis.thirdparty.io.netty.util.concurrent.FastThreadLocalRunnable.run(FastThreadLocalRunnable.java:30)
	... 1 more
Caused by: java.net.ConnectException: Connection refused
	... 11 more
2019-10-07 12:02:20,492 [5fb7ce83-242c-4a6f-a9ec-b211957cc825@group-240EBE1C8FDE-LeaderElection166] INFO  impl.LeaderElection (LogUtils.java:infoOrTrace(149)) -   Exception 1: {}
java.util.concurrent.ExecutionException: org.apache.ratis.thirdparty.io.grpc.StatusRuntimeException: UNAVAILABLE: io exception
	at java.util.concurrent.FutureTask.report(FutureTask.java:122)
	at java.util.concurrent.FutureTask.get(FutureTask.java:192)
	at org.apache.ratis.server.impl.LeaderElection.waitForResults(LeaderElection.java:259)
	at org.apache.ratis.server.impl.LeaderElection.askForVotes(LeaderElection.java:197)
	at org.apache.ratis.server.impl.LeaderElection.run(LeaderElection.java:133)
	at java.lang.Thread.run(Thread.java:748)
Caused by: org.apache.ratis.thirdparty.io.grpc.StatusRuntimeException: UNAVAILABLE: io exception
	at org.apache.ratis.thirdparty.io.grpc.stub.ClientCalls.toStatusRuntimeException(ClientCalls.java:233)
	at org.apache.ratis.thirdparty.io.grpc.stub.ClientCalls.getUnchecked(ClientCalls.java:214)
	at org.apache.ratis.thirdparty.io.grpc.stub.ClientCalls.blockingUnaryCall(ClientCalls.java:139)
	at org.apache.ratis.proto.grpc.RaftServerProtocolServiceGrpc$RaftServerProtocolServiceBlockingStub.requestVote(RaftServerProtocolServiceGrpc.java:265)
	at org.apache.ratis.grpc.server.GrpcServerProtocolClient.requestVote(GrpcServerProtocolClient.java:99)
	at org.apache.ratis.grpc.server.GrpcService.requestVote(GrpcService.java:204)
	at org.apache.ratis.server.impl.LeaderElection.lambda$submitRequests$1(LeaderElection.java:234)
	at java.util.concurrent.FutureTask.run(FutureTask.java:266)
	at java.util.concurrent.Executors$RunnableAdapter.call(Executors.java:511)
	at java.util.concurrent.FutureTask.run(FutureTask.java:266)
	at java.util.concurrent.ThreadPoolExecutor.runWorker(ThreadPoolExecutor.java:1149)
	at java.util.concurrent.ThreadPoolExecutor$Worker.run(ThreadPoolExecutor.java:624)
	... 1 more
Caused by: org.apache.ratis.thirdparty.io.netty.channel.AbstractChannel$AnnotatedConnectException: Connection refused: /192.168.30.26:36089
	at sun.nio.ch.SocketChannelImpl.checkConnect(Native Method)
	at sun.nio.ch.SocketChannelImpl.finishConnect(SocketChannelImpl.java:717)
	at org.apache.ratis.thirdparty.io.netty.channel.socket.nio.NioSocketChannel.doFinishConnect(NioSocketChannel.java:327)
	at org.apache.ratis.thirdparty.io.netty.channel.nio.AbstractNioChannel$AbstractNioUnsafe.finishConnect(AbstractNioChannel.java:340)
	at org.apache.ratis.thirdparty.io.netty.channel.nio.NioEventLoop.processSelectedKey(NioEventLoop.java:632)
	at org.apache.ratis.thirdparty.io.netty.channel.nio.NioEventLoop.processSelectedKeysOptimized(NioEventLoop.java:579)
	at org.apache.ratis.thirdparty.io.netty.channel.nio.NioEventLoop.processSelectedKeys(NioEventLoop.java:496)
	at org.apache.ratis.thirdparty.io.netty.channel.nio.NioEventLoop.run(NioEventLoop.java:458)
	at org.apache.ratis.thirdparty.io.netty.util.concurrent.SingleThreadEventExecutor$5.run(SingleThreadEventExecutor.java:897)
	at org.apache.ratis.thirdparty.io.netty.util.concurrent.FastThreadLocalRunnable.run(FastThreadLocalRunnable.java:30)
	... 1 more
Caused by: java.net.ConnectException: Connection refused
	... 11 more
2019-10-07 12:02:20,492 [5fb7ce83-242c-4a6f-a9ec-b211957cc825@group-240EBE1C8FDE-LeaderElection166] INFO  impl.RaftServerImpl (RaftServerImpl.java:setRole(170)) - 5fb7ce83-242c-4a6f-a9ec-b211957cc825@group-240EBE1C8FDE: changes role from CANDIDATE to FOLLOWER at term 6 for DISCOVERED_A_NEW_TERM
2019-10-07 12:02:20,493 [5fb7ce83-242c-4a6f-a9ec-b211957cc825@group-240EBE1C8FDE-LeaderElection166] INFO  impl.RoleInfo (RoleInfo.java:shutdownLeaderElection(134)) - 5fb7ce83-242c-4a6f-a9ec-b211957cc825: shutdown LeaderElection
2019-10-07 12:02:20,493 [5fb7ce83-242c-4a6f-a9ec-b211957cc825@group-240EBE1C8FDE-LeaderElection166] INFO  impl.RoleInfo (RoleInfo.java:updateAndGet(143)) - 5fb7ce83-242c-4a6f-a9ec-b211957cc825: start FollowerState
2019-10-07 12:02:20,535 [grpc-default-executor-7] WARN  server.GrpcLogAppender (LogUtils.java:warn(134)) - 7ea16973-9905-4da7-bb80-bd85639ef624@group-28B4426542C7->ea099ddf-fb2e-4ec3-b0a2-f19542a0ccf4-AppendLogResponseHandler: Failed appendEntries: org.apache.ratis.thirdparty.io.grpc.StatusRuntimeException: UNAVAILABLE: io exception
2019-10-07 12:02:20,538 [grpc-default-executor-7] INFO  impl.FollowerInfo (FollowerInfo.java:lambda$new$0(51)) - 7ea16973-9905-4da7-bb80-bd85639ef624@group-28B4426542C7->ea099ddf-fb2e-4ec3-b0a2-f19542a0ccf4: nextIndex: updateUnconditionally 0 -> 0
2019-10-07 12:02:20,585 [grpc-default-executor-7] WARN  server.GrpcLogAppender (LogUtils.java:warn(134)) - 7ea16973-9905-4da7-bb80-bd85639ef624@group-28B4426542C7->9968b69f-cbe4-4e66-9140-11f2884fa70f-AppendLogResponseHandler: Failed appendEntries: org.apache.ratis.thirdparty.io.grpc.StatusRuntimeException: UNAVAILABLE: io exception
2019-10-07 12:02:20,586 [grpc-default-executor-7] INFO  impl.FollowerInfo (FollowerInfo.java:lambda$new$0(51)) - 7ea16973-9905-4da7-bb80-bd85639ef624@group-28B4426542C7->9968b69f-cbe4-4e66-9140-11f2884fa70f: nextIndex: updateUnconditionally 0 -> 0
2019-10-07 12:02:20,951 [grpc-default-executor-10] WARN  server.GrpcLogAppender (LogUtils.java:warn(134)) - dbe9d5b3-671c-49b9-b95c-28ee3dd5e12c@group-8EBE8B731ECD->f273724d-798c-4ad2-8d41-52aa1480ea33-AppendLogResponseHandler: Failed appendEntries: org.apache.ratis.thirdparty.io.grpc.StatusRuntimeException: UNAVAILABLE: io exception
2019-10-07 12:02:20,951 [grpc-default-executor-10] INFO  impl.FollowerInfo (FollowerInfo.java:lambda$new$0(51)) - dbe9d5b3-671c-49b9-b95c-28ee3dd5e12c@group-8EBE8B731ECD->f273724d-798c-4ad2-8d41-52aa1480ea33: nextIndex: updateUnconditionally 2 -> 1
2019-10-07 12:02:21,035 [grpc-default-executor-7] WARN  server.GrpcLogAppender (LogUtils.java:warn(134)) - 7ea16973-9905-4da7-bb80-bd85639ef624@group-28B4426542C7->ea099ddf-fb2e-4ec3-b0a2-f19542a0ccf4-AppendLogResponseHandler: Failed appendEntries: org.apache.ratis.thirdparty.io.grpc.StatusRuntimeException: UNAVAILABLE: io exception
2019-10-07 12:02:21,035 [grpc-default-executor-7] INFO  impl.FollowerInfo (FollowerInfo.java:lambda$new$0(51)) - 7ea16973-9905-4da7-bb80-bd85639ef624@group-28B4426542C7->ea099ddf-fb2e-4ec3-b0a2-f19542a0ccf4: nextIndex: updateUnconditionally 0 -> 0
2019-10-07 12:02:21,086 [grpc-default-executor-10] WARN  server.GrpcLogAppender (LogUtils.java:warn(134)) - 7ea16973-9905-4da7-bb80-bd85639ef624@group-28B4426542C7->9968b69f-cbe4-4e66-9140-11f2884fa70f-AppendLogResponseHandler: Failed appendEntries: org.apache.ratis.thirdparty.io.grpc.StatusRuntimeException: UNAVAILABLE: io exception
2019-10-07 12:02:21,086 [grpc-default-executor-10] INFO  impl.FollowerInfo (FollowerInfo.java:lambda$new$0(51)) - 7ea16973-9905-4da7-bb80-bd85639ef624@group-28B4426542C7->9968b69f-cbe4-4e66-9140-11f2884fa70f: nextIndex: updateUnconditionally 0 -> 0
2019-10-07 12:02:21,452 [grpc-default-executor-7] WARN  server.GrpcLogAppender (LogUtils.java:warn(134)) - dbe9d5b3-671c-49b9-b95c-28ee3dd5e12c@group-8EBE8B731ECD->f273724d-798c-4ad2-8d41-52aa1480ea33-AppendLogResponseHandler: Failed appendEntries: org.apache.ratis.thirdparty.io.grpc.StatusRuntimeException: UNAVAILABLE: io exception
2019-10-07 12:02:21,452 [grpc-default-executor-7] INFO  impl.FollowerInfo (FollowerInfo.java:lambda$new$0(51)) - dbe9d5b3-671c-49b9-b95c-28ee3dd5e12c@group-8EBE8B731ECD->f273724d-798c-4ad2-8d41-52aa1480ea33: nextIndex: updateUnconditionally 1 -> 0
2019-10-07 12:02:21,535 [grpc-default-executor-9] WARN  server.GrpcLogAppender (LogUtils.java:warn(134)) - 7ea16973-9905-4da7-bb80-bd85639ef624@group-28B4426542C7->ea099ddf-fb2e-4ec3-b0a2-f19542a0ccf4-AppendLogResponseHandler: Failed appendEntries: org.apache.ratis.thirdparty.io.grpc.StatusRuntimeException: UNAVAILABLE: io exception
2019-10-07 12:02:21,536 [grpc-default-executor-9] INFO  impl.FollowerInfo (FollowerInfo.java:lambda$new$0(51)) - 7ea16973-9905-4da7-bb80-bd85639ef624@group-28B4426542C7->ea099ddf-fb2e-4ec3-b0a2-f19542a0ccf4: nextIndex: updateUnconditionally 0 -> 0
2019-10-07 12:02:21,586 [grpc-default-executor-10] WARN  server.GrpcLogAppender (LogUtils.java:warn(134)) - 7ea16973-9905-4da7-bb80-bd85639ef624@group-28B4426542C7->9968b69f-cbe4-4e66-9140-11f2884fa70f-AppendLogResponseHandler: Failed appendEntries: org.apache.ratis.thirdparty.io.grpc.StatusRuntimeException: UNAVAILABLE: io exception
2019-10-07 12:02:21,586 [grpc-default-executor-10] INFO  impl.FollowerInfo (FollowerInfo.java:lambda$new$0(51)) - 7ea16973-9905-4da7-bb80-bd85639ef624@group-28B4426542C7->9968b69f-cbe4-4e66-9140-11f2884fa70f: nextIndex: updateUnconditionally 0 -> 0
2019-10-07 12:02:21,626 [Thread-4060] INFO  impl.FollowerState (FollowerState.java:run(108)) - 5fb7ce83-242c-4a6f-a9ec-b211957cc825@group-240EBE1C8FDE-FollowerState: change to CANDIDATE, lastRpcTime:1133ms, electionTimeout:1130ms
2019-10-07 12:02:21,626 [Thread-4060] INFO  impl.RoleInfo (RoleInfo.java:shutdownFollowerState(121)) - 5fb7ce83-242c-4a6f-a9ec-b211957cc825: shutdown FollowerState
2019-10-07 12:02:21,626 [Thread-4060] INFO  impl.RaftServerImpl (RaftServerImpl.java:setRole(170)) - 5fb7ce83-242c-4a6f-a9ec-b211957cc825@group-240EBE1C8FDE: changes role from  FOLLOWER to CANDIDATE at term 6 for changeToCandidate
2019-10-07 12:02:21,626 [Thread-4060] INFO  impl.RoleInfo (RoleInfo.java:updateAndGet(143)) - 5fb7ce83-242c-4a6f-a9ec-b211957cc825: start LeaderElection
2019-10-07 12:02:21,652 [5fb7ce83-242c-4a6f-a9ec-b211957cc825@group-240EBE1C8FDE-LeaderElection167] INFO  impl.LeaderElection (LeaderElection.java:askForVotes(178)) - 5fb7ce83-242c-4a6f-a9ec-b211957cc825@group-240EBE1C8FDE-LeaderElection167: begin an election at term 7 for 0: [35b93ee3-cf43-44f7-b896-65b06618aa81:192.168.30.26:43657, 9e4f0239-5467-41fd-81e1-38f0f07fc00b:192.168.30.26:36089, 5fb7ce83-242c-4a6f-a9ec-b211957cc825:192.168.30.26:42375], old=null
2019-10-07 12:02:21,653 [5fb7ce83-242c-4a6f-a9ec-b211957cc825@group-240EBE1C8FDE-LeaderElection167] INFO  impl.LeaderElection (LogUtils.java:infoOrTrace(149)) - 5fb7ce83-242c-4a6f-a9ec-b211957cc825@group-240EBE1C8FDE-LeaderElection167 got exception when requesting votes: {}
java.util.concurrent.ExecutionException: org.apache.ratis.thirdparty.io.grpc.StatusRuntimeException: UNAVAILABLE: io exception
	at java.util.concurrent.FutureTask.report(FutureTask.java:122)
	at java.util.concurrent.FutureTask.get(FutureTask.java:192)
	at org.apache.ratis.server.impl.LeaderElection.waitForResults(LeaderElection.java:259)
	at org.apache.ratis.server.impl.LeaderElection.askForVotes(LeaderElection.java:197)
	at org.apache.ratis.server.impl.LeaderElection.run(LeaderElection.java:133)
	at java.lang.Thread.run(Thread.java:748)
Caused by: org.apache.ratis.thirdparty.io.grpc.StatusRuntimeException: UNAVAILABLE: io exception
	at org.apache.ratis.thirdparty.io.grpc.stub.ClientCalls.toStatusRuntimeException(ClientCalls.java:233)
	at org.apache.ratis.thirdparty.io.grpc.stub.ClientCalls.getUnchecked(ClientCalls.java:214)
	at org.apache.ratis.thirdparty.io.grpc.stub.ClientCalls.blockingUnaryCall(ClientCalls.java:139)
	at org.apache.ratis.proto.grpc.RaftServerProtocolServiceGrpc$RaftServerProtocolServiceBlockingStub.requestVote(RaftServerProtocolServiceGrpc.java:265)
	at org.apache.ratis.grpc.server.GrpcServerProtocolClient.requestVote(GrpcServerProtocolClient.java:99)
	at org.apache.ratis.grpc.server.GrpcService.requestVote(GrpcService.java:204)
	at org.apache.ratis.server.impl.LeaderElection.lambda$submitRequests$1(LeaderElection.java:234)
	at java.util.concurrent.FutureTask.run(FutureTask.java:266)
	at java.util.concurrent.Executors$RunnableAdapter.call(Executors.java:511)
	at java.util.concurrent.FutureTask.run(FutureTask.java:266)
	at java.util.concurrent.ThreadPoolExecutor.runWorker(ThreadPoolExecutor.java:1149)
	at java.util.concurrent.ThreadPoolExecutor$Worker.run(ThreadPoolExecutor.java:624)
	... 1 more
Caused by: org.apache.ratis.thirdparty.io.netty.channel.AbstractChannel$AnnotatedConnectException: Connection refused: /192.168.30.26:43657
	at sun.nio.ch.SocketChannelImpl.checkConnect(Native Method)
	at sun.nio.ch.SocketChannelImpl.finishConnect(SocketChannelImpl.java:717)
	at org.apache.ratis.thirdparty.io.netty.channel.socket.nio.NioSocketChannel.doFinishConnect(NioSocketChannel.java:327)
	at org.apache.ratis.thirdparty.io.netty.channel.nio.AbstractNioChannel$AbstractNioUnsafe.finishConnect(AbstractNioChannel.java:340)
	at org.apache.ratis.thirdparty.io.netty.channel.nio.NioEventLoop.processSelectedKey(NioEventLoop.java:632)
	at org.apache.ratis.thirdparty.io.netty.channel.nio.NioEventLoop.processSelectedKeysOptimized(NioEventLoop.java:579)
	at org.apache.ratis.thirdparty.io.netty.channel.nio.NioEventLoop.processSelectedKeys(NioEventLoop.java:496)
	at org.apache.ratis.thirdparty.io.netty.channel.nio.NioEventLoop.run(NioEventLoop.java:458)
	at org.apache.ratis.thirdparty.io.netty.util.concurrent.SingleThreadEventExecutor$5.run(SingleThreadEventExecutor.java:897)
	at org.apache.ratis.thirdparty.io.netty.util.concurrent.FastThreadLocalRunnable.run(FastThreadLocalRunnable.java:30)
	... 1 more
Caused by: java.net.ConnectException: Connection refused
	... 11 more
2019-10-07 12:02:21,653 [5fb7ce83-242c-4a6f-a9ec-b211957cc825@group-240EBE1C8FDE-LeaderElection167] INFO  impl.LeaderElection (LogUtils.java:infoOrTrace(149)) - 5fb7ce83-242c-4a6f-a9ec-b211957cc825@group-240EBE1C8FDE-LeaderElection167 got exception when requesting votes: {}
java.util.concurrent.ExecutionException: org.apache.ratis.thirdparty.io.grpc.StatusRuntimeException: UNAVAILABLE: io exception
	at java.util.concurrent.FutureTask.report(FutureTask.java:122)
	at java.util.concurrent.FutureTask.get(FutureTask.java:192)
	at org.apache.ratis.server.impl.LeaderElection.waitForResults(LeaderElection.java:259)
	at org.apache.ratis.server.impl.LeaderElection.askForVotes(LeaderElection.java:197)
	at org.apache.ratis.server.impl.LeaderElection.run(LeaderElection.java:133)
	at java.lang.Thread.run(Thread.java:748)
Caused by: org.apache.ratis.thirdparty.io.grpc.StatusRuntimeException: UNAVAILABLE: io exception
	at org.apache.ratis.thirdparty.io.grpc.stub.ClientCalls.toStatusRuntimeException(ClientCalls.java:233)
	at org.apache.ratis.thirdparty.io.grpc.stub.ClientCalls.getUnchecked(ClientCalls.java:214)
	at org.apache.ratis.thirdparty.io.grpc.stub.ClientCalls.blockingUnaryCall(ClientCalls.java:139)
	at org.apache.ratis.proto.grpc.RaftServerProtocolServiceGrpc$RaftServerProtocolServiceBlockingStub.requestVote(RaftServerProtocolServiceGrpc.java:265)
	at org.apache.ratis.grpc.server.GrpcServerProtocolClient.requestVote(GrpcServerProtocolClient.java:99)
	at org.apache.ratis.grpc.server.GrpcService.requestVote(GrpcService.java:204)
	at org.apache.ratis.server.impl.LeaderElection.lambda$submitRequests$1(LeaderElection.java:234)
	at java.util.concurrent.FutureTask.run(FutureTask.java:266)
	at java.util.concurrent.Executors$RunnableAdapter.call(Executors.java:511)
	at java.util.concurrent.FutureTask.run(FutureTask.java:266)
	at java.util.concurrent.ThreadPoolExecutor.runWorker(ThreadPoolExecutor.java:1149)
	at java.util.concurrent.ThreadPoolExecutor$Worker.run(ThreadPoolExecutor.java:624)
	... 1 more
Caused by: org.apache.ratis.thirdparty.io.netty.channel.AbstractChannel$AnnotatedConnectException: Connection refused: /192.168.30.26:36089
	at sun.nio.ch.SocketChannelImpl.checkConnect(Native Method)
	at sun.nio.ch.SocketChannelImpl.finishConnect(SocketChannelImpl.java:717)
	at org.apache.ratis.thirdparty.io.netty.channel.socket.nio.NioSocketChannel.doFinishConnect(NioSocketChannel.java:327)
	at org.apache.ratis.thirdparty.io.netty.channel.nio.AbstractNioChannel$AbstractNioUnsafe.finishConnect(AbstractNioChannel.java:340)
	at org.apache.ratis.thirdparty.io.netty.channel.nio.NioEventLoop.processSelectedKey(NioEventLoop.java:632)
	at org.apache.ratis.thirdparty.io.netty.channel.nio.NioEventLoop.processSelectedKeysOptimized(NioEventLoop.java:579)
	at org.apache.ratis.thirdparty.io.netty.channel.nio.NioEventLoop.processSelectedKeys(NioEventLoop.java:496)
	at org.apache.ratis.thirdparty.io.netty.channel.nio.NioEventLoop.run(NioEventLoop.java:458)
	at org.apache.ratis.thirdparty.io.netty.util.concurrent.SingleThreadEventExecutor$5.run(SingleThreadEventExecutor.java:897)
	at org.apache.ratis.thirdparty.io.netty.util.concurrent.FastThreadLocalRunnable.run(FastThreadLocalRunnable.java:30)
	... 1 more
Caused by: java.net.ConnectException: Connection refused
	... 11 more
2019-10-07 12:02:21,654 [5fb7ce83-242c-4a6f-a9ec-b211957cc825@group-240EBE1C8FDE-LeaderElection167] INFO  impl.LeaderElection (LeaderElection.java:logAndReturn(56)) - 5fb7ce83-242c-4a6f-a9ec-b211957cc825@group-240EBE1C8FDE-LeaderElection167: Election REJECTED; received 0 response(s) [] and 2 exception(s); 5fb7ce83-242c-4a6f-a9ec-b211957cc825@group-240EBE1C8FDE:t7, leader=null, voted=5fb7ce83-242c-4a6f-a9ec-b211957cc825, raftlog=5fb7ce83-242c-4a6f-a9ec-b211957cc825@group-240EBE1C8FDE-SegmentedRaftLog:OPENED:c12,f12,i12, conf=0: [35b93ee3-cf43-44f7-b896-65b06618aa81:192.168.30.26:43657, 9e4f0239-5467-41fd-81e1-38f0f07fc00b:192.168.30.26:36089, 5fb7ce83-242c-4a6f-a9ec-b211957cc825:192.168.30.26:42375], old=null
2019-10-07 12:02:21,654 [5fb7ce83-242c-4a6f-a9ec-b211957cc825@group-240EBE1C8FDE-LeaderElection167] INFO  impl.LeaderElection (LogUtils.java:infoOrTrace(149)) -   Exception 0: {}
java.util.concurrent.ExecutionException: org.apache.ratis.thirdparty.io.grpc.StatusRuntimeException: UNAVAILABLE: io exception
	at java.util.concurrent.FutureTask.report(FutureTask.java:122)
	at java.util.concurrent.FutureTask.get(FutureTask.java:192)
	at org.apache.ratis.server.impl.LeaderElection.waitForResults(LeaderElection.java:259)
	at org.apache.ratis.server.impl.LeaderElection.askForVotes(LeaderElection.java:197)
	at org.apache.ratis.server.impl.LeaderElection.run(LeaderElection.java:133)
	at java.lang.Thread.run(Thread.java:748)
Caused by: org.apache.ratis.thirdparty.io.grpc.StatusRuntimeException: UNAVAILABLE: io exception
	at org.apache.ratis.thirdparty.io.grpc.stub.ClientCalls.toStatusRuntimeException(ClientCalls.java:233)
	at org.apache.ratis.thirdparty.io.grpc.stub.ClientCalls.getUnchecked(ClientCalls.java:214)
	at org.apache.ratis.thirdparty.io.grpc.stub.ClientCalls.blockingUnaryCall(ClientCalls.java:139)
	at org.apache.ratis.proto.grpc.RaftServerProtocolServiceGrpc$RaftServerProtocolServiceBlockingStub.requestVote(RaftServerProtocolServiceGrpc.java:265)
	at org.apache.ratis.grpc.server.GrpcServerProtocolClient.requestVote(GrpcServerProtocolClient.java:99)
	at org.apache.ratis.grpc.server.GrpcService.requestVote(GrpcService.java:204)
	at org.apache.ratis.server.impl.LeaderElection.lambda$submitRequests$1(LeaderElection.java:234)
	at java.util.concurrent.FutureTask.run(FutureTask.java:266)
	at java.util.concurrent.Executors$RunnableAdapter.call(Executors.java:511)
	at java.util.concurrent.FutureTask.run(FutureTask.java:266)
	at java.util.concurrent.ThreadPoolExecutor.runWorker(ThreadPoolExecutor.java:1149)
	at java.util.concurrent.ThreadPoolExecutor$Worker.run(ThreadPoolExecutor.java:624)
	... 1 more
Caused by: org.apache.ratis.thirdparty.io.netty.channel.AbstractChannel$AnnotatedConnectException: Connection refused: /192.168.30.26:43657
	at sun.nio.ch.SocketChannelImpl.checkConnect(Native Method)
	at sun.nio.ch.SocketChannelImpl.finishConnect(SocketChannelImpl.java:717)
	at org.apache.ratis.thirdparty.io.netty.channel.socket.nio.NioSocketChannel.doFinishConnect(NioSocketChannel.java:327)
	at org.apache.ratis.thirdparty.io.netty.channel.nio.AbstractNioChannel$AbstractNioUnsafe.finishConnect(AbstractNioChannel.java:340)
	at org.apache.ratis.thirdparty.io.netty.channel.nio.NioEventLoop.processSelectedKey(NioEventLoop.java:632)
	at org.apache.ratis.thirdparty.io.netty.channel.nio.NioEventLoop.processSelectedKeysOptimized(NioEventLoop.java:579)
	at org.apache.ratis.thirdparty.io.netty.channel.nio.NioEventLoop.processSelectedKeys(NioEventLoop.java:496)
	at org.apache.ratis.thirdparty.io.netty.channel.nio.NioEventLoop.run(NioEventLoop.java:458)
	at org.apache.ratis.thirdparty.io.netty.util.concurrent.SingleThreadEventExecutor$5.run(SingleThreadEventExecutor.java:897)
	at org.apache.ratis.thirdparty.io.netty.util.concurrent.FastThreadLocalRunnable.run(FastThreadLocalRunnable.java:30)
	... 1 more
Caused by: java.net.ConnectException: Connection refused
	... 11 more
2019-10-07 12:02:21,654 [5fb7ce83-242c-4a6f-a9ec-b211957cc825@group-240EBE1C8FDE-LeaderElection167] INFO  impl.LeaderElection (LogUtils.java:infoOrTrace(149)) -   Exception 1: {}
java.util.concurrent.ExecutionException: org.apache.ratis.thirdparty.io.grpc.StatusRuntimeException: UNAVAILABLE: io exception
	at java.util.concurrent.FutureTask.report(FutureTask.java:122)
	at java.util.concurrent.FutureTask.get(FutureTask.java:192)
	at org.apache.ratis.server.impl.LeaderElection.waitForResults(LeaderElection.java:259)
	at org.apache.ratis.server.impl.LeaderElection.askForVotes(LeaderElection.java:197)
	at org.apache.ratis.server.impl.LeaderElection.run(LeaderElection.java:133)
	at java.lang.Thread.run(Thread.java:748)
Caused by: org.apache.ratis.thirdparty.io.grpc.StatusRuntimeException: UNAVAILABLE: io exception
	at org.apache.ratis.thirdparty.io.grpc.stub.ClientCalls.toStatusRuntimeException(ClientCalls.java:233)
	at org.apache.ratis.thirdparty.io.grpc.stub.ClientCalls.getUnchecked(ClientCalls.java:214)
	at org.apache.ratis.thirdparty.io.grpc.stub.ClientCalls.blockingUnaryCall(ClientCalls.java:139)
	at org.apache.ratis.proto.grpc.RaftServerProtocolServiceGrpc$RaftServerProtocolServiceBlockingStub.requestVote(RaftServerProtocolServiceGrpc.java:265)
	at org.apache.ratis.grpc.server.GrpcServerProtocolClient.requestVote(GrpcServerProtocolClient.java:99)
	at org.apache.ratis.grpc.server.GrpcService.requestVote(GrpcService.java:204)
	at org.apache.ratis.server.impl.LeaderElection.lambda$submitRequests$1(LeaderElection.java:234)
	at java.util.concurrent.FutureTask.run(FutureTask.java:266)
	at java.util.concurrent.Executors$RunnableAdapter.call(Executors.java:511)
	at java.util.concurrent.FutureTask.run(FutureTask.java:266)
	at java.util.concurrent.ThreadPoolExecutor.runWorker(ThreadPoolExecutor.java:1149)
	at java.util.concurrent.ThreadPoolExecutor$Worker.run(ThreadPoolExecutor.java:624)
	... 1 more
Caused by: org.apache.ratis.thirdparty.io.netty.channel.AbstractChannel$AnnotatedConnectException: Connection refused: /192.168.30.26:36089
	at sun.nio.ch.SocketChannelImpl.checkConnect(Native Method)
	at sun.nio.ch.SocketChannelImpl.finishConnect(SocketChannelImpl.java:717)
	at org.apache.ratis.thirdparty.io.netty.channel.socket.nio.NioSocketChannel.doFinishConnect(NioSocketChannel.java:327)
	at org.apache.ratis.thirdparty.io.netty.channel.nio.AbstractNioChannel$AbstractNioUnsafe.finishConnect(AbstractNioChannel.java:340)
	at org.apache.ratis.thirdparty.io.netty.channel.nio.NioEventLoop.processSelectedKey(NioEventLoop.java:632)
	at org.apache.ratis.thirdparty.io.netty.channel.nio.NioEventLoop.processSelectedKeysOptimized(NioEventLoop.java:579)
	at org.apache.ratis.thirdparty.io.netty.channel.nio.NioEventLoop.processSelectedKeys(NioEventLoop.java:496)
	at org.apache.ratis.thirdparty.io.netty.channel.nio.NioEventLoop.run(NioEventLoop.java:458)
	at org.apache.ratis.thirdparty.io.netty.util.concurrent.SingleThreadEventExecutor$5.run(SingleThreadEventExecutor.java:897)
	at org.apache.ratis.thirdparty.io.netty.util.concurrent.FastThreadLocalRunnable.run(FastThreadLocalRunnable.java:30)
	... 1 more
Caused by: java.net.ConnectException: Connection refused
	... 11 more
2019-10-07 12:02:21,654 [5fb7ce83-242c-4a6f-a9ec-b211957cc825@group-240EBE1C8FDE-LeaderElection167] INFO  impl.RaftServerImpl (RaftServerImpl.java:setRole(170)) - 5fb7ce83-242c-4a6f-a9ec-b211957cc825@group-240EBE1C8FDE: changes role from CANDIDATE to FOLLOWER at term 7 for DISCOVERED_A_NEW_TERM
2019-10-07 12:02:21,654 [5fb7ce83-242c-4a6f-a9ec-b211957cc825@group-240EBE1C8FDE-LeaderElection167] INFO  impl.RoleInfo (RoleInfo.java:shutdownLeaderElection(134)) - 5fb7ce83-242c-4a6f-a9ec-b211957cc825: shutdown LeaderElection
2019-10-07 12:02:21,655 [5fb7ce83-242c-4a6f-a9ec-b211957cc825@group-240EBE1C8FDE-LeaderElection167] INFO  impl.RoleInfo (RoleInfo.java:updateAndGet(143)) - 5fb7ce83-242c-4a6f-a9ec-b211957cc825: start FollowerState
2019-10-07 12:02:21,953 [grpc-default-executor-9] WARN  server.GrpcLogAppender (LogUtils.java:warn(134)) - dbe9d5b3-671c-49b9-b95c-28ee3dd5e12c@group-8EBE8B731ECD->f273724d-798c-4ad2-8d41-52aa1480ea33-AppendLogResponseHandler: Failed appendEntries: org.apache.ratis.thirdparty.io.grpc.StatusRuntimeException: UNAVAILABLE: io exception
2019-10-07 12:02:21,956 [grpc-default-executor-9] INFO  impl.FollowerInfo (FollowerInfo.java:lambda$new$0(51)) - dbe9d5b3-671c-49b9-b95c-28ee3dd5e12c@group-8EBE8B731ECD->f273724d-798c-4ad2-8d41-52aa1480ea33: nextIndex: updateUnconditionally 0 -> 0
2019-10-07 12:02:22,036 [grpc-default-executor-7] WARN  server.GrpcLogAppender (LogUtils.java:warn(134)) - 7ea16973-9905-4da7-bb80-bd85639ef624@group-28B4426542C7->ea099ddf-fb2e-4ec3-b0a2-f19542a0ccf4-AppendLogResponseHandler: Failed appendEntries: org.apache.ratis.thirdparty.io.grpc.StatusRuntimeException: UNAVAILABLE: io exception
2019-10-07 12:02:22,036 [grpc-default-executor-7] INFO  impl.FollowerInfo (FollowerInfo.java:lambda$new$0(51)) - 7ea16973-9905-4da7-bb80-bd85639ef624@group-28B4426542C7->ea099ddf-fb2e-4ec3-b0a2-f19542a0ccf4: nextIndex: updateUnconditionally 0 -> 0
2019-10-07 12:02:22,086 [grpc-default-executor-7] WARN  server.GrpcLogAppender (LogUtils.java:warn(134)) - 7ea16973-9905-4da7-bb80-bd85639ef624@group-28B4426542C7->9968b69f-cbe4-4e66-9140-11f2884fa70f-AppendLogResponseHandler: Failed appendEntries: org.apache.ratis.thirdparty.io.grpc.StatusRuntimeException: UNAVAILABLE: io exception
2019-10-07 12:02:22,087 [grpc-default-executor-7] INFO  impl.FollowerInfo (FollowerInfo.java:lambda$new$0(51)) - 7ea16973-9905-4da7-bb80-bd85639ef624@group-28B4426542C7->9968b69f-cbe4-4e66-9140-11f2884fa70f: nextIndex: updateUnconditionally 0 -> 0
2019-10-07 12:02:22,453 [grpc-default-executor-7] WARN  server.GrpcLogAppender (LogUtils.java:warn(134)) - dbe9d5b3-671c-49b9-b95c-28ee3dd5e12c@group-8EBE8B731ECD->f273724d-798c-4ad2-8d41-52aa1480ea33-AppendLogResponseHandler: Failed appendEntries: org.apache.ratis.thirdparty.io.grpc.StatusRuntimeException: UNAVAILABLE: io exception
2019-10-07 12:02:22,453 [grpc-default-executor-7] INFO  impl.FollowerInfo (FollowerInfo.java:lambda$new$0(51)) - dbe9d5b3-671c-49b9-b95c-28ee3dd5e12c@group-8EBE8B731ECD->f273724d-798c-4ad2-8d41-52aa1480ea33: nextIndex: updateUnconditionally 0 -> 0
2019-10-07 12:02:22,536 [grpc-default-executor-7] WARN  server.GrpcLogAppender (LogUtils.java:warn(134)) - 7ea16973-9905-4da7-bb80-bd85639ef624@group-28B4426542C7->ea099ddf-fb2e-4ec3-b0a2-f19542a0ccf4-AppendLogResponseHandler: Failed appendEntries: org.apache.ratis.thirdparty.io.grpc.StatusRuntimeException: UNAVAILABLE: io exception
2019-10-07 12:02:22,536 [grpc-default-executor-7] INFO  impl.FollowerInfo (FollowerInfo.java:lambda$new$0(51)) - 7ea16973-9905-4da7-bb80-bd85639ef624@group-28B4426542C7->ea099ddf-fb2e-4ec3-b0a2-f19542a0ccf4: nextIndex: updateUnconditionally 0 -> 0
2019-10-07 12:02:22,587 [grpc-default-executor-7] WARN  server.GrpcLogAppender (LogUtils.java:warn(134)) - 7ea16973-9905-4da7-bb80-bd85639ef624@group-28B4426542C7->9968b69f-cbe4-4e66-9140-11f2884fa70f-AppendLogResponseHandler: Failed appendEntries: org.apache.ratis.thirdparty.io.grpc.StatusRuntimeException: UNAVAILABLE: io exception
2019-10-07 12:02:22,587 [grpc-default-executor-7] INFO  impl.FollowerInfo (FollowerInfo.java:lambda$new$0(51)) - 7ea16973-9905-4da7-bb80-bd85639ef624@group-28B4426542C7->9968b69f-cbe4-4e66-9140-11f2884fa70f: nextIndex: updateUnconditionally 0 -> 0
2019-10-07 12:02:22,690 [Thread-4071] INFO  impl.FollowerState (FollowerState.java:run(108)) - 5fb7ce83-242c-4a6f-a9ec-b211957cc825@group-240EBE1C8FDE-FollowerState: change to CANDIDATE, lastRpcTime:1035ms, electionTimeout:1035ms
2019-10-07 12:02:22,690 [Thread-4071] INFO  impl.RoleInfo (RoleInfo.java:shutdownFollowerState(121)) - 5fb7ce83-242c-4a6f-a9ec-b211957cc825: shutdown FollowerState
2019-10-07 12:02:22,690 [Thread-4071] INFO  impl.RaftServerImpl (RaftServerImpl.java:setRole(170)) - 5fb7ce83-242c-4a6f-a9ec-b211957cc825@group-240EBE1C8FDE: changes role from  FOLLOWER to CANDIDATE at term 7 for changeToCandidate
2019-10-07 12:02:22,691 [Thread-4071] INFO  impl.RoleInfo (RoleInfo.java:updateAndGet(143)) - 5fb7ce83-242c-4a6f-a9ec-b211957cc825: start LeaderElection
2019-10-07 12:02:22,776 [5fb7ce83-242c-4a6f-a9ec-b211957cc825@group-240EBE1C8FDE-LeaderElection168] INFO  impl.LeaderElection (LeaderElection.java:askForVotes(178)) - 5fb7ce83-242c-4a6f-a9ec-b211957cc825@group-240EBE1C8FDE-LeaderElection168: begin an election at term 8 for 0: [35b93ee3-cf43-44f7-b896-65b06618aa81:192.168.30.26:43657, 9e4f0239-5467-41fd-81e1-38f0f07fc00b:192.168.30.26:36089, 5fb7ce83-242c-4a6f-a9ec-b211957cc825:192.168.30.26:42375], old=null
2019-10-07 12:02:22,777 [5fb7ce83-242c-4a6f-a9ec-b211957cc825@group-240EBE1C8FDE-LeaderElection168] INFO  impl.LeaderElection (LogUtils.java:infoOrTrace(149)) - 5fb7ce83-242c-4a6f-a9ec-b211957cc825@group-240EBE1C8FDE-LeaderElection168 got exception when requesting votes: {}
java.util.concurrent.ExecutionException: org.apache.ratis.thirdparty.io.grpc.StatusRuntimeException: UNAVAILABLE: io exception
	at java.util.concurrent.FutureTask.report(FutureTask.java:122)
	at java.util.concurrent.FutureTask.get(FutureTask.java:192)
	at org.apache.ratis.server.impl.LeaderElection.waitForResults(LeaderElection.java:259)
	at org.apache.ratis.server.impl.LeaderElection.askForVotes(LeaderElection.java:197)
	at org.apache.ratis.server.impl.LeaderElection.run(LeaderElection.java:133)
	at java.lang.Thread.run(Thread.java:748)
Caused by: org.apache.ratis.thirdparty.io.grpc.StatusRuntimeException: UNAVAILABLE: io exception
	at org.apache.ratis.thirdparty.io.grpc.stub.ClientCalls.toStatusRuntimeException(ClientCalls.java:233)
	at org.apache.ratis.thirdparty.io.grpc.stub.ClientCalls.getUnchecked(ClientCalls.java:214)
	at org.apache.ratis.thirdparty.io.grpc.stub.ClientCalls.blockingUnaryCall(ClientCalls.java:139)
	at org.apache.ratis.proto.grpc.RaftServerProtocolServiceGrpc$RaftServerProtocolServiceBlockingStub.requestVote(RaftServerProtocolServiceGrpc.java:265)
	at org.apache.ratis.grpc.server.GrpcServerProtocolClient.requestVote(GrpcServerProtocolClient.java:99)
	at org.apache.ratis.grpc.server.GrpcService.requestVote(GrpcService.java:204)
	at org.apache.ratis.server.impl.LeaderElection.lambda$submitRequests$1(LeaderElection.java:234)
	at java.util.concurrent.FutureTask.run(FutureTask.java:266)
	at java.util.concurrent.Executors$RunnableAdapter.call(Executors.java:511)
	at java.util.concurrent.FutureTask.run(FutureTask.java:266)
	at java.util.concurrent.ThreadPoolExecutor.runWorker(ThreadPoolExecutor.java:1149)
	at java.util.concurrent.ThreadPoolExecutor$Worker.run(ThreadPoolExecutor.java:624)
	... 1 more
Caused by: org.apache.ratis.thirdparty.io.netty.channel.AbstractChannel$AnnotatedConnectException: Connection refused: /192.168.30.26:36089
	at sun.nio.ch.SocketChannelImpl.checkConnect(Native Method)
	at sun.nio.ch.SocketChannelImpl.finishConnect(SocketChannelImpl.java:717)
	at org.apache.ratis.thirdparty.io.netty.channel.socket.nio.NioSocketChannel.doFinishConnect(NioSocketChannel.java:327)
	at org.apache.ratis.thirdparty.io.netty.channel.nio.AbstractNioChannel$AbstractNioUnsafe.finishConnect(AbstractNioChannel.java:340)
	at org.apache.ratis.thirdparty.io.netty.channel.nio.NioEventLoop.processSelectedKey(NioEventLoop.java:632)
	at org.apache.ratis.thirdparty.io.netty.channel.nio.NioEventLoop.processSelectedKeysOptimized(NioEventLoop.java:579)
	at org.apache.ratis.thirdparty.io.netty.channel.nio.NioEventLoop.processSelectedKeys(NioEventLoop.java:496)
	at org.apache.ratis.thirdparty.io.netty.channel.nio.NioEventLoop.run(NioEventLoop.java:458)
	at org.apache.ratis.thirdparty.io.netty.util.concurrent.SingleThreadEventExecutor$5.run(SingleThreadEventExecutor.java:897)
	at org.apache.ratis.thirdparty.io.netty.util.concurrent.FastThreadLocalRunnable.run(FastThreadLocalRunnable.java:30)
	... 1 more
Caused by: java.net.ConnectException: Connection refused
	... 11 more
2019-10-07 12:02:22,777 [5fb7ce83-242c-4a6f-a9ec-b211957cc825@group-240EBE1C8FDE-LeaderElection168] INFO  impl.LeaderElection (LogUtils.java:infoOrTrace(149)) - 5fb7ce83-242c-4a6f-a9ec-b211957cc825@group-240EBE1C8FDE-LeaderElection168 got exception when requesting votes: {}
java.util.concurrent.ExecutionException: org.apache.ratis.thirdparty.io.grpc.StatusRuntimeException: UNAVAILABLE: io exception
	at java.util.concurrent.FutureTask.report(FutureTask.java:122)
	at java.util.concurrent.FutureTask.get(FutureTask.java:192)
	at org.apache.ratis.server.impl.LeaderElection.waitForResults(LeaderElection.java:259)
	at org.apache.ratis.server.impl.LeaderElection.askForVotes(LeaderElection.java:197)
	at org.apache.ratis.server.impl.LeaderElection.run(LeaderElection.java:133)
	at java.lang.Thread.run(Thread.java:748)
Caused by: org.apache.ratis.thirdparty.io.grpc.StatusRuntimeException: UNAVAILABLE: io exception
	at org.apache.ratis.thirdparty.io.grpc.stub.ClientCalls.toStatusRuntimeException(ClientCalls.java:233)
	at org.apache.ratis.thirdparty.io.grpc.stub.ClientCalls.getUnchecked(ClientCalls.java:214)
	at org.apache.ratis.thirdparty.io.grpc.stub.ClientCalls.blockingUnaryCall(ClientCalls.java:139)
	at org.apache.ratis.proto.grpc.RaftServerProtocolServiceGrpc$RaftServerProtocolServiceBlockingStub.requestVote(RaftServerProtocolServiceGrpc.java:265)
	at org.apache.ratis.grpc.server.GrpcServerProtocolClient.requestVote(GrpcServerProtocolClient.java:99)
	at org.apache.ratis.grpc.server.GrpcService.requestVote(GrpcService.java:204)
	at org.apache.ratis.server.impl.LeaderElection.lambda$submitRequests$1(LeaderElection.java:234)
	at java.util.concurrent.FutureTask.run(FutureTask.java:266)
	at java.util.concurrent.Executors$RunnableAdapter.call(Executors.java:511)
	at java.util.concurrent.FutureTask.run(FutureTask.java:266)
	at java.util.concurrent.ThreadPoolExecutor.runWorker(ThreadPoolExecutor.java:1149)
	at java.util.concurrent.ThreadPoolExecutor$Worker.run(ThreadPoolExecutor.java:624)
	... 1 more
Caused by: org.apache.ratis.thirdparty.io.netty.channel.AbstractChannel$AnnotatedConnectException: Connection refused: /192.168.30.26:43657
	at sun.nio.ch.SocketChannelImpl.checkConnect(Native Method)
	at sun.nio.ch.SocketChannelImpl.finishConnect(SocketChannelImpl.java:717)
	at org.apache.ratis.thirdparty.io.netty.channel.socket.nio.NioSocketChannel.doFinishConnect(NioSocketChannel.java:327)
	at org.apache.ratis.thirdparty.io.netty.channel.nio.AbstractNioChannel$AbstractNioUnsafe.finishConnect(AbstractNioChannel.java:340)
	at org.apache.ratis.thirdparty.io.netty.channel.nio.NioEventLoop.processSelectedKey(NioEventLoop.java:632)
	at org.apache.ratis.thirdparty.io.netty.channel.nio.NioEventLoop.processSelectedKeysOptimized(NioEventLoop.java:579)
	at org.apache.ratis.thirdparty.io.netty.channel.nio.NioEventLoop.processSelectedKeys(NioEventLoop.java:496)
	at org.apache.ratis.thirdparty.io.netty.channel.nio.NioEventLoop.run(NioEventLoop.java:458)
	at org.apache.ratis.thirdparty.io.netty.util.concurrent.SingleThreadEventExecutor$5.run(SingleThreadEventExecutor.java:897)
	at org.apache.ratis.thirdparty.io.netty.util.concurrent.FastThreadLocalRunnable.run(FastThreadLocalRunnable.java:30)
	... 1 more
Caused by: java.net.ConnectException: Connection refused
	... 11 more
2019-10-07 12:02:22,777 [5fb7ce83-242c-4a6f-a9ec-b211957cc825@group-240EBE1C8FDE-LeaderElection168] INFO  impl.LeaderElection (LeaderElection.java:logAndReturn(56)) - 5fb7ce83-242c-4a6f-a9ec-b211957cc825@group-240EBE1C8FDE-LeaderElection168: Election REJECTED; received 0 response(s) [] and 2 exception(s); 5fb7ce83-242c-4a6f-a9ec-b211957cc825@group-240EBE1C8FDE:t8, leader=null, voted=5fb7ce83-242c-4a6f-a9ec-b211957cc825, raftlog=5fb7ce83-242c-4a6f-a9ec-b211957cc825@group-240EBE1C8FDE-SegmentedRaftLog:OPENED:c12,f12,i12, conf=0: [35b93ee3-cf43-44f7-b896-65b06618aa81:192.168.30.26:43657, 9e4f0239-5467-41fd-81e1-38f0f07fc00b:192.168.30.26:36089, 5fb7ce83-242c-4a6f-a9ec-b211957cc825:192.168.30.26:42375], old=null
2019-10-07 12:02:22,778 [5fb7ce83-242c-4a6f-a9ec-b211957cc825@group-240EBE1C8FDE-LeaderElection168] INFO  impl.LeaderElection (LogUtils.java:infoOrTrace(149)) -   Exception 0: {}
java.util.concurrent.ExecutionException: org.apache.ratis.thirdparty.io.grpc.StatusRuntimeException: UNAVAILABLE: io exception
	at java.util.concurrent.FutureTask.report(FutureTask.java:122)
	at java.util.concurrent.FutureTask.get(FutureTask.java:192)
	at org.apache.ratis.server.impl.LeaderElection.waitForResults(LeaderElection.java:259)
	at org.apache.ratis.server.impl.LeaderElection.askForVotes(LeaderElection.java:197)
	at org.apache.ratis.server.impl.LeaderElection.run(LeaderElection.java:133)
	at java.lang.Thread.run(Thread.java:748)
Caused by: org.apache.ratis.thirdparty.io.grpc.StatusRuntimeException: UNAVAILABLE: io exception
	at org.apache.ratis.thirdparty.io.grpc.stub.ClientCalls.toStatusRuntimeException(ClientCalls.java:233)
	at org.apache.ratis.thirdparty.io.grpc.stub.ClientCalls.getUnchecked(ClientCalls.java:214)
	at org.apache.ratis.thirdparty.io.grpc.stub.ClientCalls.blockingUnaryCall(ClientCalls.java:139)
	at org.apache.ratis.proto.grpc.RaftServerProtocolServiceGrpc$RaftServerProtocolServiceBlockingStub.requestVote(RaftServerProtocolServiceGrpc.java:265)
	at org.apache.ratis.grpc.server.GrpcServerProtocolClient.requestVote(GrpcServerProtocolClient.java:99)
	at org.apache.ratis.grpc.server.GrpcService.requestVote(GrpcService.java:204)
	at org.apache.ratis.server.impl.LeaderElection.lambda$submitRequests$1(LeaderElection.java:234)
	at java.util.concurrent.FutureTask.run(FutureTask.java:266)
	at java.util.concurrent.Executors$RunnableAdapter.call(Executors.java:511)
	at java.util.concurrent.FutureTask.run(FutureTask.java:266)
	at java.util.concurrent.ThreadPoolExecutor.runWorker(ThreadPoolExecutor.java:1149)
	at java.util.concurrent.ThreadPoolExecutor$Worker.run(ThreadPoolExecutor.java:624)
	... 1 more
Caused by: org.apache.ratis.thirdparty.io.netty.channel.AbstractChannel$AnnotatedConnectException: Connection refused: /192.168.30.26:36089
	at sun.nio.ch.SocketChannelImpl.checkConnect(Native Method)
	at sun.nio.ch.SocketChannelImpl.finishConnect(SocketChannelImpl.java:717)
	at org.apache.ratis.thirdparty.io.netty.channel.socket.nio.NioSocketChannel.doFinishConnect(NioSocketChannel.java:327)
	at org.apache.ratis.thirdparty.io.netty.channel.nio.AbstractNioChannel$AbstractNioUnsafe.finishConnect(AbstractNioChannel.java:340)
	at org.apache.ratis.thirdparty.io.netty.channel.nio.NioEventLoop.processSelectedKey(NioEventLoop.java:632)
	at org.apache.ratis.thirdparty.io.netty.channel.nio.NioEventLoop.processSelectedKeysOptimized(NioEventLoop.java:579)
	at org.apache.ratis.thirdparty.io.netty.channel.nio.NioEventLoop.processSelectedKeys(NioEventLoop.java:496)
	at org.apache.ratis.thirdparty.io.netty.channel.nio.NioEventLoop.run(NioEventLoop.java:458)
	at org.apache.ratis.thirdparty.io.netty.util.concurrent.SingleThreadEventExecutor$5.run(SingleThreadEventExecutor.java:897)
	at org.apache.ratis.thirdparty.io.netty.util.concurrent.FastThreadLocalRunnable.run(FastThreadLocalRunnable.java:30)
	... 1 more
Caused by: java.net.ConnectException: Connection refused
	... 11 more
2019-10-07 12:02:22,778 [5fb7ce83-242c-4a6f-a9ec-b211957cc825@group-240EBE1C8FDE-LeaderElection168] INFO  impl.LeaderElection (LogUtils.java:infoOrTrace(149)) -   Exception 1: {}
java.util.concurrent.ExecutionException: org.apache.ratis.thirdparty.io.grpc.StatusRuntimeException: UNAVAILABLE: io exception
	at java.util.concurrent.FutureTask.report(FutureTask.java:122)
	at java.util.concurrent.FutureTask.get(FutureTask.java:192)
	at org.apache.ratis.server.impl.LeaderElection.waitForResults(LeaderElection.java:259)
	at org.apache.ratis.server.impl.LeaderElection.askForVotes(LeaderElection.java:197)
	at org.apache.ratis.server.impl.LeaderElection.run(LeaderElection.java:133)
	at java.lang.Thread.run(Thread.java:748)
Caused by: org.apache.ratis.thirdparty.io.grpc.StatusRuntimeException: UNAVAILABLE: io exception
	at org.apache.ratis.thirdparty.io.grpc.stub.ClientCalls.toStatusRuntimeException(ClientCalls.java:233)
	at org.apache.ratis.thirdparty.io.grpc.stub.ClientCalls.getUnchecked(ClientCalls.java:214)
	at org.apache.ratis.thirdparty.io.grpc.stub.ClientCalls.blockingUnaryCall(ClientCalls.java:139)
	at org.apache.ratis.proto.grpc.RaftServerProtocolServiceGrpc$RaftServerProtocolServiceBlockingStub.requestVote(RaftServerProtocolServiceGrpc.java:265)
	at org.apache.ratis.grpc.server.GrpcServerProtocolClient.requestVote(GrpcServerProtocolClient.java:99)
	at org.apache.ratis.grpc.server.GrpcService.requestVote(GrpcService.java:204)
	at org.apache.ratis.server.impl.LeaderElection.lambda$submitRequests$1(LeaderElection.java:234)
	at java.util.concurrent.FutureTask.run(FutureTask.java:266)
	at java.util.concurrent.Executors$RunnableAdapter.call(Executors.java:511)
	at java.util.concurrent.FutureTask.run(FutureTask.java:266)
	at java.util.concurrent.ThreadPoolExecutor.runWorker(ThreadPoolExecutor.java:1149)
	at java.util.concurrent.ThreadPoolExecutor$Worker.run(ThreadPoolExecutor.java:624)
	... 1 more
Caused by: org.apache.ratis.thirdparty.io.netty.channel.AbstractChannel$AnnotatedConnectException: Connection refused: /192.168.30.26:43657
	at sun.nio.ch.SocketChannelImpl.checkConnect(Native Method)
	at sun.nio.ch.SocketChannelImpl.finishConnect(SocketChannelImpl.java:717)
	at org.apache.ratis.thirdparty.io.netty.channel.socket.nio.NioSocketChannel.doFinishConnect(NioSocketChannel.java:327)
	at org.apache.ratis.thirdparty.io.netty.channel.nio.AbstractNioChannel$AbstractNioUnsafe.finishConnect(AbstractNioChannel.java:340)
	at org.apache.ratis.thirdparty.io.netty.channel.nio.NioEventLoop.processSelectedKey(NioEventLoop.java:632)
	at org.apache.ratis.thirdparty.io.netty.channel.nio.NioEventLoop.processSelectedKeysOptimized(NioEventLoop.java:579)
	at org.apache.ratis.thirdparty.io.netty.channel.nio.NioEventLoop.processSelectedKeys(NioEventLoop.java:496)
	at org.apache.ratis.thirdparty.io.netty.channel.nio.NioEventLoop.run(NioEventLoop.java:458)
	at org.apache.ratis.thirdparty.io.netty.util.concurrent.SingleThreadEventExecutor$5.run(SingleThreadEventExecutor.java:897)
	at org.apache.ratis.thirdparty.io.netty.util.concurrent.FastThreadLocalRunnable.run(FastThreadLocalRunnable.java:30)
	... 1 more
Caused by: java.net.ConnectException: Connection refused
	... 11 more
2019-10-07 12:02:22,778 [5fb7ce83-242c-4a6f-a9ec-b211957cc825@group-240EBE1C8FDE-LeaderElection168] INFO  impl.RaftServerImpl (RaftServerImpl.java:setRole(170)) - 5fb7ce83-242c-4a6f-a9ec-b211957cc825@group-240EBE1C8FDE: changes role from CANDIDATE to FOLLOWER at term 8 for DISCOVERED_A_NEW_TERM
2019-10-07 12:02:22,778 [5fb7ce83-242c-4a6f-a9ec-b211957cc825@group-240EBE1C8FDE-LeaderElection168] INFO  impl.RoleInfo (RoleInfo.java:shutdownLeaderElection(134)) - 5fb7ce83-242c-4a6f-a9ec-b211957cc825: shutdown LeaderElection
2019-10-07 12:02:22,778 [5fb7ce83-242c-4a6f-a9ec-b211957cc825@group-240EBE1C8FDE-LeaderElection168] INFO  impl.RoleInfo (RoleInfo.java:updateAndGet(143)) - 5fb7ce83-242c-4a6f-a9ec-b211957cc825: start FollowerState
2019-10-07 12:02:22,954 [grpc-default-executor-7] WARN  server.GrpcLogAppender (LogUtils.java:warn(134)) - dbe9d5b3-671c-49b9-b95c-28ee3dd5e12c@group-8EBE8B731ECD->f273724d-798c-4ad2-8d41-52aa1480ea33-AppendLogResponseHandler: Failed appendEntries: org.apache.ratis.thirdparty.io.grpc.StatusRuntimeException: UNAVAILABLE: io exception
2019-10-07 12:02:22,958 [grpc-default-executor-7] INFO  impl.FollowerInfo (FollowerInfo.java:lambda$new$0(51)) - dbe9d5b3-671c-49b9-b95c-28ee3dd5e12c@group-8EBE8B731ECD->f273724d-798c-4ad2-8d41-52aa1480ea33: nextIndex: updateUnconditionally 0 -> 0
2019-10-07 12:02:23,038 [grpc-default-executor-7] WARN  server.GrpcLogAppender (LogUtils.java:warn(134)) - 7ea16973-9905-4da7-bb80-bd85639ef624@group-28B4426542C7->ea099ddf-fb2e-4ec3-b0a2-f19542a0ccf4-AppendLogResponseHandler: Failed appendEntries: org.apache.ratis.thirdparty.io.grpc.StatusRuntimeException: UNAVAILABLE: io exception
2019-10-07 12:02:23,038 [grpc-default-executor-7] INFO  impl.FollowerInfo (FollowerInfo.java:lambda$new$0(51)) - 7ea16973-9905-4da7-bb80-bd85639ef624@group-28B4426542C7->ea099ddf-fb2e-4ec3-b0a2-f19542a0ccf4: nextIndex: updateUnconditionally 0 -> 0
2019-10-07 12:02:23,087 [grpc-default-executor-10] WARN  server.GrpcLogAppender (LogUtils.java:warn(134)) - 7ea16973-9905-4da7-bb80-bd85639ef624@group-28B4426542C7->9968b69f-cbe4-4e66-9140-11f2884fa70f-AppendLogResponseHandler: Failed appendEntries: org.apache.ratis.thirdparty.io.grpc.StatusRuntimeException: UNAVAILABLE: io exception
2019-10-07 12:02:23,088 [grpc-default-executor-10] INFO  impl.FollowerInfo (FollowerInfo.java:lambda$new$0(51)) - 7ea16973-9905-4da7-bb80-bd85639ef624@group-28B4426542C7->9968b69f-cbe4-4e66-9140-11f2884fa70f: nextIndex: updateUnconditionally 0 -> 0
2019-10-07 12:02:23,455 [grpc-default-executor-10] WARN  server.GrpcLogAppender (LogUtils.java:warn(134)) - dbe9d5b3-671c-49b9-b95c-28ee3dd5e12c@group-8EBE8B731ECD->f273724d-798c-4ad2-8d41-52aa1480ea33-AppendLogResponseHandler: Failed appendEntries: org.apache.ratis.thirdparty.io.grpc.StatusRuntimeException: UNAVAILABLE: io exception
2019-10-07 12:02:23,455 [grpc-default-executor-10] INFO  impl.FollowerInfo (FollowerInfo.java:lambda$new$0(51)) - dbe9d5b3-671c-49b9-b95c-28ee3dd5e12c@group-8EBE8B731ECD->f273724d-798c-4ad2-8d41-52aa1480ea33: nextIndex: updateUnconditionally 0 -> 0
2019-10-07 12:02:23,538 [grpc-default-executor-7] WARN  server.GrpcLogAppender (LogUtils.java:warn(134)) - 7ea16973-9905-4da7-bb80-bd85639ef624@group-28B4426542C7->ea099ddf-fb2e-4ec3-b0a2-f19542a0ccf4-AppendLogResponseHandler: Failed appendEntries: org.apache.ratis.thirdparty.io.grpc.StatusRuntimeException: UNAVAILABLE: io exception
2019-10-07 12:02:23,538 [grpc-default-executor-7] INFO  impl.FollowerInfo (FollowerInfo.java:lambda$new$0(51)) - 7ea16973-9905-4da7-bb80-bd85639ef624@group-28B4426542C7->ea099ddf-fb2e-4ec3-b0a2-f19542a0ccf4: nextIndex: updateUnconditionally 0 -> 0
2019-10-07 12:02:23,588 [grpc-default-executor-7] WARN  server.GrpcLogAppender (LogUtils.java:warn(134)) - 7ea16973-9905-4da7-bb80-bd85639ef624@group-28B4426542C7->9968b69f-cbe4-4e66-9140-11f2884fa70f-AppendLogResponseHandler: Failed appendEntries: org.apache.ratis.thirdparty.io.grpc.StatusRuntimeException: UNAVAILABLE: io exception
2019-10-07 12:02:23,588 [grpc-default-executor-7] INFO  impl.FollowerInfo (FollowerInfo.java:lambda$new$0(51)) - 7ea16973-9905-4da7-bb80-bd85639ef624@group-28B4426542C7->9968b69f-cbe4-4e66-9140-11f2884fa70f: nextIndex: updateUnconditionally 0 -> 0
2019-10-07 12:02:23,890 [Thread-4079] INFO  impl.FollowerState (FollowerState.java:run(108)) - 5fb7ce83-242c-4a6f-a9ec-b211957cc825@group-240EBE1C8FDE-FollowerState: change to CANDIDATE, lastRpcTime:1111ms, electionTimeout:1111ms
2019-10-07 12:02:23,890 [Thread-4079] INFO  impl.RoleInfo (RoleInfo.java:shutdownFollowerState(121)) - 5fb7ce83-242c-4a6f-a9ec-b211957cc825: shutdown FollowerState
2019-10-07 12:02:23,890 [Thread-4079] INFO  impl.RaftServerImpl (RaftServerImpl.java:setRole(170)) - 5fb7ce83-242c-4a6f-a9ec-b211957cc825@group-240EBE1C8FDE: changes role from  FOLLOWER to CANDIDATE at term 8 for changeToCandidate
2019-10-07 12:02:23,891 [Thread-4079] INFO  impl.RoleInfo (RoleInfo.java:updateAndGet(143)) - 5fb7ce83-242c-4a6f-a9ec-b211957cc825: start LeaderElection
2019-10-07 12:02:23,912 [5fb7ce83-242c-4a6f-a9ec-b211957cc825@group-240EBE1C8FDE-LeaderElection169] INFO  impl.LeaderElection (LeaderElection.java:askForVotes(178)) - 5fb7ce83-242c-4a6f-a9ec-b211957cc825@group-240EBE1C8FDE-LeaderElection169: begin an election at term 9 for 0: [35b93ee3-cf43-44f7-b896-65b06618aa81:192.168.30.26:43657, 9e4f0239-5467-41fd-81e1-38f0f07fc00b:192.168.30.26:36089, 5fb7ce83-242c-4a6f-a9ec-b211957cc825:192.168.30.26:42375], old=null
2019-10-07 12:02:23,914 [5fb7ce83-242c-4a6f-a9ec-b211957cc825@group-240EBE1C8FDE-LeaderElection169] INFO  impl.LeaderElection (LogUtils.java:infoOrTrace(149)) - 5fb7ce83-242c-4a6f-a9ec-b211957cc825@group-240EBE1C8FDE-LeaderElection169 got exception when requesting votes: {}
java.util.concurrent.ExecutionException: org.apache.ratis.thirdparty.io.grpc.StatusRuntimeException: UNAVAILABLE: io exception
	at java.util.concurrent.FutureTask.report(FutureTask.java:122)
	at java.util.concurrent.FutureTask.get(FutureTask.java:192)
	at org.apache.ratis.server.impl.LeaderElection.waitForResults(LeaderElection.java:259)
	at org.apache.ratis.server.impl.LeaderElection.askForVotes(LeaderElection.java:197)
	at org.apache.ratis.server.impl.LeaderElection.run(LeaderElection.java:133)
	at java.lang.Thread.run(Thread.java:748)
Caused by: org.apache.ratis.thirdparty.io.grpc.StatusRuntimeException: UNAVAILABLE: io exception
	at org.apache.ratis.thirdparty.io.grpc.stub.ClientCalls.toStatusRuntimeException(ClientCalls.java:233)
	at org.apache.ratis.thirdparty.io.grpc.stub.ClientCalls.getUnchecked(ClientCalls.java:214)
	at org.apache.ratis.thirdparty.io.grpc.stub.ClientCalls.blockingUnaryCall(ClientCalls.java:139)
	at org.apache.ratis.proto.grpc.RaftServerProtocolServiceGrpc$RaftServerProtocolServiceBlockingStub.requestVote(RaftServerProtocolServiceGrpc.java:265)
	at org.apache.ratis.grpc.server.GrpcServerProtocolClient.requestVote(GrpcServerProtocolClient.java:99)
	at org.apache.ratis.grpc.server.GrpcService.requestVote(GrpcService.java:204)
	at org.apache.ratis.server.impl.LeaderElection.lambda$submitRequests$1(LeaderElection.java:234)
	at java.util.concurrent.FutureTask.run(FutureTask.java:266)
	at java.util.concurrent.Executors$RunnableAdapter.call(Executors.java:511)
	at java.util.concurrent.FutureTask.run(FutureTask.java:266)
	at java.util.concurrent.ThreadPoolExecutor.runWorker(ThreadPoolExecutor.java:1149)
	at java.util.concurrent.ThreadPoolExecutor$Worker.run(ThreadPoolExecutor.java:624)
	... 1 more
Caused by: org.apache.ratis.thirdparty.io.netty.channel.AbstractChannel$AnnotatedConnectException: Connection refused: /192.168.30.26:36089
	at sun.nio.ch.SocketChannelImpl.checkConnect(Native Method)
	at sun.nio.ch.SocketChannelImpl.finishConnect(SocketChannelImpl.java:717)
	at org.apache.ratis.thirdparty.io.netty.channel.socket.nio.NioSocketChannel.doFinishConnect(NioSocketChannel.java:327)
	at org.apache.ratis.thirdparty.io.netty.channel.nio.AbstractNioChannel$AbstractNioUnsafe.finishConnect(AbstractNioChannel.java:340)
	at org.apache.ratis.thirdparty.io.netty.channel.nio.NioEventLoop.processSelectedKey(NioEventLoop.java:632)
	at org.apache.ratis.thirdparty.io.netty.channel.nio.NioEventLoop.processSelectedKeysOptimized(NioEventLoop.java:579)
	at org.apache.ratis.thirdparty.io.netty.channel.nio.NioEventLoop.processSelectedKeys(NioEventLoop.java:496)
	at org.apache.ratis.thirdparty.io.netty.channel.nio.NioEventLoop.run(NioEventLoop.java:458)
	at org.apache.ratis.thirdparty.io.netty.util.concurrent.SingleThreadEventExecutor$5.run(SingleThreadEventExecutor.java:897)
	at org.apache.ratis.thirdparty.io.netty.util.concurrent.FastThreadLocalRunnable.run(FastThreadLocalRunnable.java:30)
	... 1 more
Caused by: java.net.ConnectException: Connection refused
	... 11 more
2019-10-07 12:02:23,915 [5fb7ce83-242c-4a6f-a9ec-b211957cc825@group-240EBE1C8FDE-LeaderElection169] INFO  impl.LeaderElection (LogUtils.java:infoOrTrace(149)) - 5fb7ce83-242c-4a6f-a9ec-b211957cc825@group-240EBE1C8FDE-LeaderElection169 got exception when requesting votes: {}
java.util.concurrent.ExecutionException: org.apache.ratis.thirdparty.io.grpc.StatusRuntimeException: UNAVAILABLE: io exception
	at java.util.concurrent.FutureTask.report(FutureTask.java:122)
	at java.util.concurrent.FutureTask.get(FutureTask.java:192)
	at org.apache.ratis.server.impl.LeaderElection.waitForResults(LeaderElection.java:259)
	at org.apache.ratis.server.impl.LeaderElection.askForVotes(LeaderElection.java:197)
	at org.apache.ratis.server.impl.LeaderElection.run(LeaderElection.java:133)
	at java.lang.Thread.run(Thread.java:748)
Caused by: org.apache.ratis.thirdparty.io.grpc.StatusRuntimeException: UNAVAILABLE: io exception
	at org.apache.ratis.thirdparty.io.grpc.stub.ClientCalls.toStatusRuntimeException(ClientCalls.java:233)
	at org.apache.ratis.thirdparty.io.grpc.stub.ClientCalls.getUnchecked(ClientCalls.java:214)
	at org.apache.ratis.thirdparty.io.grpc.stub.ClientCalls.blockingUnaryCall(ClientCalls.java:139)
	at org.apache.ratis.proto.grpc.RaftServerProtocolServiceGrpc$RaftServerProtocolServiceBlockingStub.requestVote(RaftServerProtocolServiceGrpc.java:265)
	at org.apache.ratis.grpc.server.GrpcServerProtocolClient.requestVote(GrpcServerProtocolClient.java:99)
	at org.apache.ratis.grpc.server.GrpcService.requestVote(GrpcService.java:204)
	at org.apache.ratis.server.impl.LeaderElection.lambda$submitRequests$1(LeaderElection.java:234)
	at java.util.concurrent.FutureTask.run(FutureTask.java:266)
	at java.util.concurrent.Executors$RunnableAdapter.call(Executors.java:511)
	at java.util.concurrent.FutureTask.run(FutureTask.java:266)
	at java.util.concurrent.ThreadPoolExecutor.runWorker(ThreadPoolExecutor.java:1149)
	at java.util.concurrent.ThreadPoolExecutor$Worker.run(ThreadPoolExecutor.java:624)
	... 1 more
Caused by: org.apache.ratis.thirdparty.io.netty.channel.AbstractChannel$AnnotatedConnectException: Connection refused: /192.168.30.26:43657
	at sun.nio.ch.SocketChannelImpl.checkConnect(Native Method)
	at sun.nio.ch.SocketChannelImpl.finishConnect(SocketChannelImpl.java:717)
	at org.apache.ratis.thirdparty.io.netty.channel.socket.nio.NioSocketChannel.doFinishConnect(NioSocketChannel.java:327)
	at org.apache.ratis.thirdparty.io.netty.channel.nio.AbstractNioChannel$AbstractNioUnsafe.finishConnect(AbstractNioChannel.java:340)
	at org.apache.ratis.thirdparty.io.netty.channel.nio.NioEventLoop.processSelectedKey(NioEventLoop.java:632)
	at org.apache.ratis.thirdparty.io.netty.channel.nio.NioEventLoop.processSelectedKeysOptimized(NioEventLoop.java:579)
	at org.apache.ratis.thirdparty.io.netty.channel.nio.NioEventLoop.processSelectedKeys(NioEventLoop.java:496)
	at org.apache.ratis.thirdparty.io.netty.channel.nio.NioEventLoop.run(NioEventLoop.java:458)
	at org.apache.ratis.thirdparty.io.netty.util.concurrent.SingleThreadEventExecutor$5.run(SingleThreadEventExecutor.java:897)
	at org.apache.ratis.thirdparty.io.netty.util.concurrent.FastThreadLocalRunnable.run(FastThreadLocalRunnable.java:30)
	... 1 more
Caused by: java.net.ConnectException: Connection refused
	... 11 more
2019-10-07 12:02:23,915 [5fb7ce83-242c-4a6f-a9ec-b211957cc825@group-240EBE1C8FDE-LeaderElection169] INFO  impl.LeaderElection (LeaderElection.java:logAndReturn(56)) - 5fb7ce83-242c-4a6f-a9ec-b211957cc825@group-240EBE1C8FDE-LeaderElection169: Election REJECTED; received 0 response(s) [] and 2 exception(s); 5fb7ce83-242c-4a6f-a9ec-b211957cc825@group-240EBE1C8FDE:t9, leader=null, voted=5fb7ce83-242c-4a6f-a9ec-b211957cc825, raftlog=5fb7ce83-242c-4a6f-a9ec-b211957cc825@group-240EBE1C8FDE-SegmentedRaftLog:OPENED:c12,f12,i12, conf=0: [35b93ee3-cf43-44f7-b896-65b06618aa81:192.168.30.26:43657, 9e4f0239-5467-41fd-81e1-38f0f07fc00b:192.168.30.26:36089, 5fb7ce83-242c-4a6f-a9ec-b211957cc825:192.168.30.26:42375], old=null
2019-10-07 12:02:23,916 [5fb7ce83-242c-4a6f-a9ec-b211957cc825@group-240EBE1C8FDE-LeaderElection169] INFO  impl.LeaderElection (LogUtils.java:infoOrTrace(149)) -   Exception 0: {}
java.util.concurrent.ExecutionException: org.apache.ratis.thirdparty.io.grpc.StatusRuntimeException: UNAVAILABLE: io exception
	at java.util.concurrent.FutureTask.report(FutureTask.java:122)
	at java.util.concurrent.FutureTask.get(FutureTask.java:192)
	at org.apache.ratis.server.impl.LeaderElection.waitForResults(LeaderElection.java:259)
	at org.apache.ratis.server.impl.LeaderElection.askForVotes(LeaderElection.java:197)
	at org.apache.ratis.server.impl.LeaderElection.run(LeaderElection.java:133)
	at java.lang.Thread.run(Thread.java:748)
Caused by: org.apache.ratis.thirdparty.io.grpc.StatusRuntimeException: UNAVAILABLE: io exception
	at org.apache.ratis.thirdparty.io.grpc.stub.ClientCalls.toStatusRuntimeException(ClientCalls.java:233)
	at org.apache.ratis.thirdparty.io.grpc.stub.ClientCalls.getUnchecked(ClientCalls.java:214)
	at org.apache.ratis.thirdparty.io.grpc.stub.ClientCalls.blockingUnaryCall(ClientCalls.java:139)
	at org.apache.ratis.proto.grpc.RaftServerProtocolServiceGrpc$RaftServerProtocolServiceBlockingStub.requestVote(RaftServerProtocolServiceGrpc.java:265)
	at org.apache.ratis.grpc.server.GrpcServerProtocolClient.requestVote(GrpcServerProtocolClient.java:99)
	at org.apache.ratis.grpc.server.GrpcService.requestVote(GrpcService.java:204)
	at org.apache.ratis.server.impl.LeaderElection.lambda$submitRequests$1(LeaderElection.java:234)
	at java.util.concurrent.FutureTask.run(FutureTask.java:266)
	at java.util.concurrent.Executors$RunnableAdapter.call(Executors.java:511)
	at java.util.concurrent.FutureTask.run(FutureTask.java:266)
	at java.util.concurrent.ThreadPoolExecutor.runWorker(ThreadPoolExecutor.java:1149)
	at java.util.concurrent.ThreadPoolExecutor$Worker.run(ThreadPoolExecutor.java:624)
	... 1 more
Caused by: org.apache.ratis.thirdparty.io.netty.channel.AbstractChannel$AnnotatedConnectException: Connection refused: /192.168.30.26:36089
	at sun.nio.ch.SocketChannelImpl.checkConnect(Native Method)
	at sun.nio.ch.SocketChannelImpl.finishConnect(SocketChannelImpl.java:717)
	at org.apache.ratis.thirdparty.io.netty.channel.socket.nio.NioSocketChannel.doFinishConnect(NioSocketChannel.java:327)
	at org.apache.ratis.thirdparty.io.netty.channel.nio.AbstractNioChannel$AbstractNioUnsafe.finishConnect(AbstractNioChannel.java:340)
	at org.apache.ratis.thirdparty.io.netty.channel.nio.NioEventLoop.processSelectedKey(NioEventLoop.java:632)
	at org.apache.ratis.thirdparty.io.netty.channel.nio.NioEventLoop.processSelectedKeysOptimized(NioEventLoop.java:579)
	at org.apache.ratis.thirdparty.io.netty.channel.nio.NioEventLoop.processSelectedKeys(NioEventLoop.java:496)
	at org.apache.ratis.thirdparty.io.netty.channel.nio.NioEventLoop.run(NioEventLoop.java:458)
	at org.apache.ratis.thirdparty.io.netty.util.concurrent.SingleThreadEventExecutor$5.run(SingleThreadEventExecutor.java:897)
	at org.apache.ratis.thirdparty.io.netty.util.concurrent.FastThreadLocalRunnable.run(FastThreadLocalRunnable.java:30)
	... 1 more
Caused by: java.net.ConnectException: Connection refused
	... 11 more
2019-10-07 12:02:23,916 [5fb7ce83-242c-4a6f-a9ec-b211957cc825@group-240EBE1C8FDE-LeaderElection169] INFO  impl.LeaderElection (LogUtils.java:infoOrTrace(149)) -   Exception 1: {}
java.util.concurrent.ExecutionException: org.apache.ratis.thirdparty.io.grpc.StatusRuntimeException: UNAVAILABLE: io exception
	at java.util.concurrent.FutureTask.report(FutureTask.java:122)
	at java.util.concurrent.FutureTask.get(FutureTask.java:192)
	at org.apache.ratis.server.impl.LeaderElection.waitForResults(LeaderElection.java:259)
	at org.apache.ratis.server.impl.LeaderElection.askForVotes(LeaderElection.java:197)
	at org.apache.ratis.server.impl.LeaderElection.run(LeaderElection.java:133)
	at java.lang.Thread.run(Thread.java:748)
Caused by: org.apache.ratis.thirdparty.io.grpc.StatusRuntimeException: UNAVAILABLE: io exception
	at org.apache.ratis.thirdparty.io.grpc.stub.ClientCalls.toStatusRuntimeException(ClientCalls.java:233)
	at org.apache.ratis.thirdparty.io.grpc.stub.ClientCalls.getUnchecked(ClientCalls.java:214)
	at org.apache.ratis.thirdparty.io.grpc.stub.ClientCalls.blockingUnaryCall(ClientCalls.java:139)
	at org.apache.ratis.proto.grpc.RaftServerProtocolServiceGrpc$RaftServerProtocolServiceBlockingStub.requestVote(RaftServerProtocolServiceGrpc.java:265)
	at org.apache.ratis.grpc.server.GrpcServerProtocolClient.requestVote(GrpcServerProtocolClient.java:99)
	at org.apache.ratis.grpc.server.GrpcService.requestVote(GrpcService.java:204)
	at org.apache.ratis.server.impl.LeaderElection.lambda$submitRequests$1(LeaderElection.java:234)
	at java.util.concurrent.FutureTask.run(FutureTask.java:266)
	at java.util.concurrent.Executors$RunnableAdapter.call(Executors.java:511)
	at java.util.concurrent.FutureTask.run(FutureTask.java:266)
	at java.util.concurrent.ThreadPoolExecutor.runWorker(ThreadPoolExecutor.java:1149)
	at java.util.concurrent.ThreadPoolExecutor$Worker.run(ThreadPoolExecutor.java:624)
	... 1 more
Caused by: org.apache.ratis.thirdparty.io.netty.channel.AbstractChannel$AnnotatedConnectException: Connection refused: /192.168.30.26:43657
	at sun.nio.ch.SocketChannelImpl.checkConnect(Native Method)
	at sun.nio.ch.SocketChannelImpl.finishConnect(SocketChannelImpl.java:717)
	at org.apache.ratis.thirdparty.io.netty.channel.socket.nio.NioSocketChannel.doFinishConnect(NioSocketChannel.java:327)
	at org.apache.ratis.thirdparty.io.netty.channel.nio.AbstractNioChannel$AbstractNioUnsafe.finishConnect(AbstractNioChannel.java:340)
	at org.apache.ratis.thirdparty.io.netty.channel.nio.NioEventLoop.processSelectedKey(NioEventLoop.java:632)
	at org.apache.ratis.thirdparty.io.netty.channel.nio.NioEventLoop.processSelectedKeysOptimized(NioEventLoop.java:579)
	at org.apache.ratis.thirdparty.io.netty.channel.nio.NioEventLoop.processSelectedKeys(NioEventLoop.java:496)
	at org.apache.ratis.thirdparty.io.netty.channel.nio.NioEventLoop.run(NioEventLoop.java:458)
	at org.apache.ratis.thirdparty.io.netty.util.concurrent.SingleThreadEventExecutor$5.run(SingleThreadEventExecutor.java:897)
	at org.apache.ratis.thirdparty.io.netty.util.concurrent.FastThreadLocalRunnable.run(FastThreadLocalRunnable.java:30)
	... 1 more
Caused by: java.net.ConnectException: Connection refused
	... 11 more
2019-10-07 12:02:23,916 [5fb7ce83-242c-4a6f-a9ec-b211957cc825@group-240EBE1C8FDE-LeaderElection169] INFO  impl.RaftServerImpl (RaftServerImpl.java:setRole(170)) - 5fb7ce83-242c-4a6f-a9ec-b211957cc825@group-240EBE1C8FDE: changes role from CANDIDATE to FOLLOWER at term 9 for DISCOVERED_A_NEW_TERM
2019-10-07 12:02:23,917 [5fb7ce83-242c-4a6f-a9ec-b211957cc825@group-240EBE1C8FDE-LeaderElection169] INFO  impl.RoleInfo (RoleInfo.java:shutdownLeaderElection(134)) - 5fb7ce83-242c-4a6f-a9ec-b211957cc825: shutdown LeaderElection
2019-10-07 12:02:23,917 [5fb7ce83-242c-4a6f-a9ec-b211957cc825@group-240EBE1C8FDE-LeaderElection169] INFO  impl.RoleInfo (RoleInfo.java:updateAndGet(143)) - 5fb7ce83-242c-4a6f-a9ec-b211957cc825: start FollowerState
2019-10-07 12:02:23,956 [grpc-default-executor-7] WARN  server.GrpcLogAppender (LogUtils.java:warn(134)) - dbe9d5b3-671c-49b9-b95c-28ee3dd5e12c@group-8EBE8B731ECD->f273724d-798c-4ad2-8d41-52aa1480ea33-AppendLogResponseHandler: Failed appendEntries: org.apache.ratis.thirdparty.io.grpc.StatusRuntimeException: UNAVAILABLE: io exception
2019-10-07 12:02:23,959 [grpc-default-executor-7] INFO  impl.FollowerInfo (FollowerInfo.java:lambda$new$0(51)) - dbe9d5b3-671c-49b9-b95c-28ee3dd5e12c@group-8EBE8B731ECD->f273724d-798c-4ad2-8d41-52aa1480ea33: nextIndex: updateUnconditionally 0 -> 0
2019-10-07 12:02:24,038 [grpc-default-executor-7] WARN  server.GrpcLogAppender (LogUtils.java:warn(134)) - 7ea16973-9905-4da7-bb80-bd85639ef624@group-28B4426542C7->ea099ddf-fb2e-4ec3-b0a2-f19542a0ccf4-AppendLogResponseHandler: Failed appendEntries: org.apache.ratis.thirdparty.io.grpc.StatusRuntimeException: UNAVAILABLE: io exception
2019-10-07 12:02:24,038 [grpc-default-executor-7] INFO  impl.FollowerInfo (FollowerInfo.java:lambda$new$0(51)) - 7ea16973-9905-4da7-bb80-bd85639ef624@group-28B4426542C7->ea099ddf-fb2e-4ec3-b0a2-f19542a0ccf4: nextIndex: updateUnconditionally 0 -> 0
2019-10-07 12:02:24,088 [grpc-default-executor-9] WARN  server.GrpcLogAppender (LogUtils.java:warn(134)) - 7ea16973-9905-4da7-bb80-bd85639ef624@group-28B4426542C7->9968b69f-cbe4-4e66-9140-11f2884fa70f-AppendLogResponseHandler: Failed appendEntries: org.apache.ratis.thirdparty.io.grpc.StatusRuntimeException: UNAVAILABLE: io exception
2019-10-07 12:02:24,088 [grpc-default-executor-9] INFO  impl.FollowerInfo (FollowerInfo.java:lambda$new$0(51)) - 7ea16973-9905-4da7-bb80-bd85639ef624@group-28B4426542C7->9968b69f-cbe4-4e66-9140-11f2884fa70f: nextIndex: updateUnconditionally 0 -> 0
2019-10-07 12:02:24,456 [grpc-default-executor-10] WARN  server.GrpcLogAppender (LogUtils.java:warn(134)) - dbe9d5b3-671c-49b9-b95c-28ee3dd5e12c@group-8EBE8B731ECD->f273724d-798c-4ad2-8d41-52aa1480ea33-AppendLogResponseHandler: Failed appendEntries: org.apache.ratis.thirdparty.io.grpc.StatusRuntimeException: UNAVAILABLE: io exception
2019-10-07 12:02:24,457 [grpc-default-executor-10] INFO  impl.FollowerInfo (FollowerInfo.java:lambda$new$0(51)) - dbe9d5b3-671c-49b9-b95c-28ee3dd5e12c@group-8EBE8B731ECD->f273724d-798c-4ad2-8d41-52aa1480ea33: nextIndex: updateUnconditionally 0 -> 0
2019-10-07 12:02:24,539 [grpc-default-executor-10] WARN  server.GrpcLogAppender (LogUtils.java:warn(134)) - 7ea16973-9905-4da7-bb80-bd85639ef624@group-28B4426542C7->ea099ddf-fb2e-4ec3-b0a2-f19542a0ccf4-AppendLogResponseHandler: Failed appendEntries: org.apache.ratis.thirdparty.io.grpc.StatusRuntimeException: UNAVAILABLE: io exception
2019-10-07 12:02:24,539 [grpc-default-executor-10] INFO  impl.FollowerInfo (FollowerInfo.java:lambda$new$0(51)) - 7ea16973-9905-4da7-bb80-bd85639ef624@group-28B4426542C7->ea099ddf-fb2e-4ec3-b0a2-f19542a0ccf4: nextIndex: updateUnconditionally 0 -> 0
2019-10-07 12:02:24,588 [grpc-default-executor-10] WARN  server.GrpcLogAppender (LogUtils.java:warn(134)) - 7ea16973-9905-4da7-bb80-bd85639ef624@group-28B4426542C7->9968b69f-cbe4-4e66-9140-11f2884fa70f-AppendLogResponseHandler: Failed appendEntries: org.apache.ratis.thirdparty.io.grpc.StatusRuntimeException: UNAVAILABLE: io exception
2019-10-07 12:02:24,589 [grpc-default-executor-10] INFO  impl.FollowerInfo (FollowerInfo.java:lambda$new$0(51)) - 7ea16973-9905-4da7-bb80-bd85639ef624@group-28B4426542C7->9968b69f-cbe4-4e66-9140-11f2884fa70f: nextIndex: updateUnconditionally 0 -> 0
2019-10-07 12:02:24,713 [ForkJoinPool.commonPool-worker-1] INFO  ozoneimpl.OzoneContainer (OzoneContainer.java:stop(231)) - Attempting to stop container services.
2019-10-07 12:02:24,714 [ForkJoinPool.commonPool-worker-1] INFO  impl.RaftServerProxy (RaftServerProxy.java:lambda$close$4(314)) - 7ea16973-9905-4da7-bb80-bd85639ef624: close
2019-10-07 12:02:24,714 [ForkJoinPool.commonPool-worker-1] INFO  impl.RaftServerImpl (RaftServerImpl.java:lambda$shutdown$3(247)) - 7ea16973-9905-4da7-bb80-bd85639ef624@group-28B4426542C7: shutdown
2019-10-07 12:02:24,714 [main] INFO  ozoneimpl.OzoneContainer (OzoneContainer.java:stop(231)) - Attempting to stop container services.
2019-10-07 12:02:24,714 [ForkJoinPool.commonPool-worker-1] INFO  util.JmxRegister (JmxRegister.java:unregister(73)) - Successfully un-registered JMX Bean with object name Ratis:service=RaftServer,group=group-28B4426542C7,id=7ea16973-9905-4da7-bb80-bd85639ef624
2019-10-07 12:02:24,715 [main] INFO  impl.RaftServerProxy (RaftServerProxy.java:lambda$close$4(314)) - dbe9d5b3-671c-49b9-b95c-28ee3dd5e12c: close
2019-10-07 12:02:24,715 [ForkJoinPool.commonPool-worker-1] INFO  impl.RoleInfo (RoleInfo.java:shutdownLeaderState(104)) - 7ea16973-9905-4da7-bb80-bd85639ef624: shutdown LeaderState
2019-10-07 12:02:24,715 [main] INFO  impl.RaftServerImpl (RaftServerImpl.java:lambda$shutdown$3(247)) - dbe9d5b3-671c-49b9-b95c-28ee3dd5e12c@group-8EBE8B731ECD: shutdown
2019-10-07 12:02:24,720 [main] INFO  util.JmxRegister (JmxRegister.java:unregister(73)) - Successfully un-registered JMX Bean with object name Ratis:service=RaftServer,group=group-8EBE8B731ECD,id=dbe9d5b3-671c-49b9-b95c-28ee3dd5e12c
2019-10-07 12:02:24,720 [org.apache.ratis.server.impl.LogAppender$AppenderDaemon$$Lambda$534/1532595071@1ba83fc2] WARN  server.GrpcLogAppender (GrpcLogAppender.java:mayWait(143)) - 7ea16973-9905-4da7-bb80-bd85639ef624@group-28B4426542C7->9968b69f-cbe4-4e66-9140-11f2884fa70f-GrpcLogAppender: Wait interrupted by java.lang.InterruptedException
2019-10-07 12:02:24,720 [ForkJoinPool.commonPool-worker-1] INFO  impl.PendingRequests (PendingRequests.java:sendNotLeaderResponses(202)) - 7ea16973-9905-4da7-bb80-bd85639ef624@group-28B4426542C7-PendingRequests: sendNotLeaderResponses
2019-10-07 12:02:24,720 [main] INFO  impl.RoleInfo (RoleInfo.java:shutdownLeaderState(104)) - dbe9d5b3-671c-49b9-b95c-28ee3dd5e12c: shutdown LeaderState
2019-10-07 12:02:24,720 [org.apache.ratis.server.impl.LogAppender$AppenderDaemon$$Lambda$534/1532595071@3930748f] WARN  server.GrpcLogAppender (GrpcLogAppender.java:mayWait(143)) - 7ea16973-9905-4da7-bb80-bd85639ef624@group-28B4426542C7->ea099ddf-fb2e-4ec3-b0a2-f19542a0ccf4-GrpcLogAppender: Wait interrupted by java.lang.InterruptedException
2019-10-07 12:02:24,721 [ForkJoinPool.commonPool-worker-1] INFO  impl.StateMachineUpdater (StateMachineUpdater.java:stopAndJoin(136)) - 7ea16973-9905-4da7-bb80-bd85639ef624@group-28B4426542C7-StateMachineUpdater: set stopIndex = 0
2019-10-07 12:02:24,725 [org.apache.ratis.server.impl.LogAppender$AppenderDaemon$$Lambda$534/1532595071@79de436e] WARN  server.GrpcLogAppender (GrpcLogAppender.java:mayWait(143)) - dbe9d5b3-671c-49b9-b95c-28ee3dd5e12c@group-8EBE8B731ECD->36acb61b-05f2-4e48-b1a6-804a8e695824-GrpcLogAppender: Wait interrupted by java.lang.InterruptedException
2019-10-07 12:02:24,725 [org.apache.ratis.server.impl.LogAppender$AppenderDaemon$$Lambda$534/1532595071@6a66ce1d] WARN  server.GrpcLogAppender (GrpcLogAppender.java:mayWait(143)) - dbe9d5b3-671c-49b9-b95c-28ee3dd5e12c@group-8EBE8B731ECD->f273724d-798c-4ad2-8d41-52aa1480ea33-GrpcLogAppender: Wait interrupted by java.lang.InterruptedException
2019-10-07 12:02:24,725 [main] INFO  impl.PendingRequests (PendingRequests.java:sendNotLeaderResponses(202)) - dbe9d5b3-671c-49b9-b95c-28ee3dd5e12c@group-8EBE8B731ECD-PendingRequests: sendNotLeaderResponses
2019-10-07 12:02:24,725 [ForkJoinPool.commonPool-worker-1] INFO  impl.RaftServerImpl (ServerState.java:close(387)) - 7ea16973-9905-4da7-bb80-bd85639ef624@group-28B4426542C7: closes. applyIndex: 0
2019-10-07 12:02:24,731 [grpc-default-executor-10] INFO  server.GrpcServerProtocolService (GrpcServerProtocolService.java:onCompleted(113)) - 36acb61b-05f2-4e48-b1a6-804a8e695824: Completed APPEND_ENTRIES, lastRequest: dbe9d5b3-671c-49b9-b95c-28ee3dd5e12c->36acb61b-05f2-4e48-b1a6-804a8e695824#84-t1, previous=(t:1, i:4), leaderCommit=4, initializing? false, entries: <empty>
2019-10-07 12:02:24,732 [dbe9d5b3-671c-49b9-b95c-28ee3dd5e12c@group-8EBE8B731ECD-StateMachineUpdater] INFO  ratis.ContainerStateMachine (ContainerStateMachine.java:takeSnapshot(294)) - group-8EBE8B731ECD: Taking a snapshot at:(t:1, i:4) file /workdir/hadoop-ozone/integration-test/target/test-dir/MiniOzoneClusterImpl-3996cdb0-1c67-461d-8979-130917cb6d41/datanode-8/data/ratis/21235522-6e20-4bf8-bbed-8ebe8b731ecd/sm/snapshot.1_4
2019-10-07 12:02:24,731 [main] INFO  impl.StateMachineUpdater (StateMachineUpdater.java:stopAndJoin(136)) - dbe9d5b3-671c-49b9-b95c-28ee3dd5e12c@group-8EBE8B731ECD-StateMachineUpdater: set stopIndex = 4
2019-10-07 12:02:24,732 [7ea16973-9905-4da7-bb80-bd85639ef624@group-28B4426542C7-SegmentedRaftLogWorker] INFO  segmented.SegmentedRaftLogWorker (SegmentedRaftLogWorker.java:run(316)) - 7ea16973-9905-4da7-bb80-bd85639ef624@group-28B4426542C7-SegmentedRaftLogWorker was interrupted, exiting. There are 0 tasks remaining in the queue.
2019-10-07 12:02:24,732 [grpc-default-executor-9] INFO  server.GrpcLogAppender (GrpcLogAppender.java:onCompleted(293)) - dbe9d5b3-671c-49b9-b95c-28ee3dd5e12c@group-8EBE8B731ECD->36acb61b-05f2-4e48-b1a6-804a8e695824-AppendLogResponseHandler: follower responses appendEntries COMPLETED
2019-10-07 12:02:24,732 [ForkJoinPool.commonPool-worker-1] INFO  segmented.SegmentedRaftLogWorker (SegmentedRaftLogWorker.java:close(224)) - 7ea16973-9905-4da7-bb80-bd85639ef624@group-28B4426542C7-SegmentedRaftLogWorker close()
2019-10-07 12:02:24,735 [ForkJoinPool.commonPool-worker-1] INFO  impl.RaftServerImpl (RaftServerImpl.java:lambda$shutdown$3(247)) - 7ea16973-9905-4da7-bb80-bd85639ef624@group-B5F9B23D4E55: shutdown
2019-10-07 12:02:24,735 [grpc-default-executor-9] INFO  impl.FollowerInfo (FollowerInfo.java:lambda$new$0(51)) - dbe9d5b3-671c-49b9-b95c-28ee3dd5e12c@group-8EBE8B731ECD->36acb61b-05f2-4e48-b1a6-804a8e695824: nextIndex: updateUnconditionally 5 -> 4
2019-10-07 12:02:24,735 [ForkJoinPool.commonPool-worker-1] INFO  util.JmxRegister (JmxRegister.java:unregister(73)) - Successfully un-registered JMX Bean with object name Ratis:service=RaftServer,group=group-B5F9B23D4E55,id=7ea16973-9905-4da7-bb80-bd85639ef624
2019-10-07 12:02:24,735 [ForkJoinPool.commonPool-worker-1] INFO  impl.RoleInfo (RoleInfo.java:shutdownLeaderState(104)) - 7ea16973-9905-4da7-bb80-bd85639ef624: shutdown LeaderState
2019-10-07 12:02:24,736 [ForkJoinPool.commonPool-worker-1] INFO  impl.PendingRequests (PendingRequests.java:sendNotLeaderResponses(202)) - 7ea16973-9905-4da7-bb80-bd85639ef624@group-B5F9B23D4E55-PendingRequests: sendNotLeaderResponses
2019-10-07 12:02:24,736 [ForkJoinPool.commonPool-worker-1] INFO  impl.StateMachineUpdater (StateMachineUpdater.java:stopAndJoin(136)) - 7ea16973-9905-4da7-bb80-bd85639ef624@group-B5F9B23D4E55-StateMachineUpdater: set stopIndex = 0
2019-10-07 12:02:24,736 [ForkJoinPool.commonPool-worker-1] INFO  impl.RaftServerImpl (ServerState.java:close(387)) - 7ea16973-9905-4da7-bb80-bd85639ef624@group-B5F9B23D4E55: closes. applyIndex: 0
2019-10-07 12:02:24,737 [7ea16973-9905-4da7-bb80-bd85639ef624@group-B5F9B23D4E55-SegmentedRaftLogWorker] INFO  segmented.SegmentedRaftLogWorker (SegmentedRaftLogWorker.java:run(316)) - 7ea16973-9905-4da7-bb80-bd85639ef624@group-B5F9B23D4E55-SegmentedRaftLogWorker was interrupted, exiting. There are 0 tasks remaining in the queue.
2019-10-07 12:02:24,737 [ForkJoinPool.commonPool-worker-1] INFO  segmented.SegmentedRaftLogWorker (SegmentedRaftLogWorker.java:close(224)) - 7ea16973-9905-4da7-bb80-bd85639ef624@group-B5F9B23D4E55-SegmentedRaftLogWorker close()
2019-10-07 12:02:24,739 [ForkJoinPool.commonPool-worker-1] INFO  server.GrpcService (GrpcService.java:closeImpl(164)) - 7ea16973-9905-4da7-bb80-bd85639ef624: shutdown server with port 44736 now
2019-10-07 12:02:24,739 [ForkJoinPool.commonPool-worker-1] INFO  server.GrpcService (GrpcService.java:closeImpl(172)) - 7ea16973-9905-4da7-bb80-bd85639ef624: shutdown server with port 44736 successfully
2019-10-07 12:02:24,741 [refreshUsed-/workdir/hadoop-ozone/integration-test/target/test-dir/MiniOzoneClusterImpl-3996cdb0-1c67-461d-8979-130917cb6d41/datanode-4/data/containers] WARN  fs.CachingGetSpaceUsed (CachingGetSpaceUsed.java:run(183)) - Thread Interrupted waiting to refresh disk information: sleep interrupted
2019-10-07 12:02:24,747 [dbe9d5b3-671c-49b9-b95c-28ee3dd5e12c@group-8EBE8B731ECD-StateMachineUpdater] INFO  ratis.ContainerStateMachine (ContainerStateMachine.java:takeSnapshot(305)) - group-8EBE8B731ECD: Finished taking a snapshot at:(t:1, i:4) file:/workdir/hadoop-ozone/integration-test/target/test-dir/MiniOzoneClusterImpl-3996cdb0-1c67-461d-8979-130917cb6d41/datanode-8/data/ratis/21235522-6e20-4bf8-bbed-8ebe8b731ecd/sm/snapshot.1_4 time:15
2019-10-07 12:02:24,747 [dbe9d5b3-671c-49b9-b95c-28ee3dd5e12c@group-8EBE8B731ECD-StateMachineUpdater] INFO  impl.StateMachineUpdater (StateMachineUpdater.java:takeSnapshot(269)) - dbe9d5b3-671c-49b9-b95c-28ee3dd5e12c@group-8EBE8B731ECD-StateMachineUpdater: Took a snapshot at index 4
2019-10-07 12:02:24,747 [dbe9d5b3-671c-49b9-b95c-28ee3dd5e12c@group-8EBE8B731ECD-StateMachineUpdater] INFO  impl.StateMachineUpdater (StateMachineUpdater.java:lambda$new$0(84)) - dbe9d5b3-671c-49b9-b95c-28ee3dd5e12c@group-8EBE8B731ECD-StateMachineUpdater: snapshotIndex: updateIncreasingly -1 -> 4
2019-10-07 12:02:24,747 [main] INFO  impl.RaftServerImpl (ServerState.java:close(387)) - dbe9d5b3-671c-49b9-b95c-28ee3dd5e12c@group-8EBE8B731ECD: closes. applyIndex: 4
2019-10-07 12:02:24,748 [dbe9d5b3-671c-49b9-b95c-28ee3dd5e12c@group-8EBE8B731ECD-SegmentedRaftLogWorker] INFO  segmented.SegmentedRaftLogWorker (SegmentedRaftLogWorker.java:run(316)) - dbe9d5b3-671c-49b9-b95c-28ee3dd5e12c@group-8EBE8B731ECD-SegmentedRaftLogWorker was interrupted, exiting. There are 0 tasks remaining in the queue.
2019-10-07 12:02:24,748 [main] INFO  segmented.SegmentedRaftLogWorker (SegmentedRaftLogWorker.java:close(224)) - dbe9d5b3-671c-49b9-b95c-28ee3dd5e12c@group-8EBE8B731ECD-SegmentedRaftLogWorker close()
2019-10-07 12:02:24,750 [main] INFO  impl.RaftServerImpl (RaftServerImpl.java:lambda$shutdown$3(247)) - dbe9d5b3-671c-49b9-b95c-28ee3dd5e12c@group-1FDA752794CC: shutdown
2019-10-07 12:02:24,750 [main] INFO  util.JmxRegister (JmxRegister.java:unregister(73)) - Successfully un-registered JMX Bean with object name Ratis:service=RaftServer,group=group-1FDA752794CC,id=dbe9d5b3-671c-49b9-b95c-28ee3dd5e12c
2019-10-07 12:02:24,751 [main] INFO  impl.RoleInfo (RoleInfo.java:shutdownLeaderState(104)) - dbe9d5b3-671c-49b9-b95c-28ee3dd5e12c: shutdown LeaderState
2019-10-07 12:02:24,751 [main] INFO  impl.PendingRequests (PendingRequests.java:sendNotLeaderResponses(202)) - dbe9d5b3-671c-49b9-b95c-28ee3dd5e12c@group-1FDA752794CC-PendingRequests: sendNotLeaderResponses
2019-10-07 12:02:24,752 [main] INFO  impl.StateMachineUpdater (StateMachineUpdater.java:stopAndJoin(136)) - dbe9d5b3-671c-49b9-b95c-28ee3dd5e12c@group-1FDA752794CC-StateMachineUpdater: set stopIndex = 0
2019-10-07 12:02:24,752 [main] INFO  impl.RaftServerImpl (ServerState.java:close(387)) - dbe9d5b3-671c-49b9-b95c-28ee3dd5e12c@group-1FDA752794CC: closes. applyIndex: 0
2019-10-07 12:02:24,752 [dbe9d5b3-671c-49b9-b95c-28ee3dd5e12c@group-1FDA752794CC-SegmentedRaftLogWorker] INFO  segmented.SegmentedRaftLogWorker (SegmentedRaftLogWorker.java:run(316)) - dbe9d5b3-671c-49b9-b95c-28ee3dd5e12c@group-1FDA752794CC-SegmentedRaftLogWorker was interrupted, exiting. There are 0 tasks remaining in the queue.
2019-10-07 12:02:24,753 [main] INFO  segmented.SegmentedRaftLogWorker (SegmentedRaftLogWorker.java:close(224)) - dbe9d5b3-671c-49b9-b95c-28ee3dd5e12c@group-1FDA752794CC-SegmentedRaftLogWorker close()
2019-10-07 12:02:24,754 [main] INFO  server.GrpcService (GrpcService.java:closeImpl(164)) - dbe9d5b3-671c-49b9-b95c-28ee3dd5e12c: shutdown server with port 38963 now
2019-10-07 12:02:24,755 [main] INFO  server.GrpcService (GrpcService.java:closeImpl(172)) - dbe9d5b3-671c-49b9-b95c-28ee3dd5e12c: shutdown server with port 38963 successfully
2019-10-07 12:02:24,757 [refreshUsed-/workdir/hadoop-ozone/integration-test/target/test-dir/MiniOzoneClusterImpl-3996cdb0-1c67-461d-8979-130917cb6d41/datanode-8/data/containers] WARN  fs.CachingGetSpaceUsed (CachingGetSpaceUsed.java:run(183)) - Thread Interrupted waiting to refresh disk information: sleep interrupted
2019-10-07 12:02:24,762 [ForkJoinPool.commonPool-worker-1] INFO  utils.BackgroundService (BackgroundService.java:shutdown(148)) - Shutting down service BlockDeletingService
2019-10-07 12:02:24,764 [ForkJoinPool.commonPool-worker-1] INFO  statemachine.DatanodeStateMachine (DatanodeStateMachine.java:stopDaemon(395)) - Ozone container server stopped.
2019-10-07 12:02:24,769 [ForkJoinPool.commonPool-worker-1] INFO  handler.ContextHandler (ContextHandler.java:doStop(910)) - Stopped o.e.j.w.WebAppContext@150d6eaf{/,null,UNAVAILABLE}{/hddsDatanode}
2019-10-07 12:02:24,770 [ForkJoinPool.commonPool-worker-1] INFO  server.AbstractConnector (AbstractConnector.java:doStop(318)) - Stopped ServerConnector@63124022{HTTP/1.1,[http/1.1]}{0.0.0.0:0}
2019-10-07 12:02:24,771 [ForkJoinPool.commonPool-worker-1] INFO  handler.ContextHandler (ContextHandler.java:doStop(910)) - Stopped o.e.j.s.ServletContextHandler@714e861f{/static,jar:file:/home/user/.m2/repository/org/apache/hadoop/hadoop-hdds-container-service/0.5.0-SNAPSHOT/hadoop-hdds-container-service-0.5.0-SNAPSHOT.jar!/webapps/static,UNAVAILABLE}
2019-10-07 12:02:24,773 [ForkJoinPool.commonPool-worker-1] INFO  handler.ContextHandler (ContextHandler.java:doStop(910)) - Stopped o.e.j.s.ServletContextHandler@4861cca9{/logs,file:///workdir/hadoop-ozone/integration-test/target/log,UNAVAILABLE}
2019-10-07 12:02:24,778 [main] INFO  utils.BackgroundService (BackgroundService.java:shutdown(148)) - Shutting down service BlockDeletingService
2019-10-07 12:02:24,780 [main] INFO  statemachine.DatanodeStateMachine (DatanodeStateMachine.java:stopDaemon(395)) - Ozone container server stopped.
2019-10-07 12:02:24,781 [main] INFO  handler.ContextHandler (ContextHandler.java:doStop(910)) - Stopped o.e.j.w.WebAppContext@2ccc9681{/,null,UNAVAILABLE}{/hddsDatanode}
2019-10-07 12:02:24,781 [main] INFO  server.AbstractConnector (AbstractConnector.java:doStop(318)) - Stopped ServerConnector@7d401cdc{HTTP/1.1,[http/1.1]}{0.0.0.0:0}
2019-10-07 12:02:24,782 [main] INFO  handler.ContextHandler (ContextHandler.java:doStop(910)) - Stopped o.e.j.s.ServletContextHandler@7f51f588{/static,jar:file:/home/user/.m2/repository/org/apache/hadoop/hadoop-hdds-container-service/0.5.0-SNAPSHOT/hadoop-hdds-container-service-0.5.0-SNAPSHOT.jar!/webapps/static,UNAVAILABLE}
2019-10-07 12:02:24,782 [main] INFO  handler.ContextHandler (ContextHandler.java:doStop(910)) - Stopped o.e.j.s.ServletContextHandler@f017dd0{/logs,file:///workdir/hadoop-ozone/integration-test/target/log,UNAVAILABLE}
2019-10-07 12:02:25,116 [Thread-4085] INFO  impl.FollowerState (FollowerState.java:run(108)) - 5fb7ce83-242c-4a6f-a9ec-b211957cc825@group-240EBE1C8FDE-FollowerState: change to CANDIDATE, lastRpcTime:1199ms, electionTimeout:1199ms
2019-10-07 12:02:25,117 [Thread-4085] INFO  impl.RoleInfo (RoleInfo.java:shutdownFollowerState(121)) - 5fb7ce83-242c-4a6f-a9ec-b211957cc825: shutdown FollowerState
2019-10-07 12:02:25,117 [Thread-4085] INFO  impl.RaftServerImpl (RaftServerImpl.java:setRole(170)) - 5fb7ce83-242c-4a6f-a9ec-b211957cc825@group-240EBE1C8FDE: changes role from  FOLLOWER to CANDIDATE at term 9 for changeToCandidate
2019-10-07 12:02:25,117 [Thread-4085] INFO  impl.RoleInfo (RoleInfo.java:updateAndGet(143)) - 5fb7ce83-242c-4a6f-a9ec-b211957cc825: start LeaderElection
2019-10-07 12:02:25,132 [5fb7ce83-242c-4a6f-a9ec-b211957cc825@group-240EBE1C8FDE-LeaderElection170] INFO  impl.LeaderElection (LeaderElection.java:askForVotes(178)) - 5fb7ce83-242c-4a6f-a9ec-b211957cc825@group-240EBE1C8FDE-LeaderElection170: begin an election at term 10 for 0: [35b93ee3-cf43-44f7-b896-65b06618aa81:192.168.30.26:43657, 9e4f0239-5467-41fd-81e1-38f0f07fc00b:192.168.30.26:36089, 5fb7ce83-242c-4a6f-a9ec-b211957cc825:192.168.30.26:42375], old=null
2019-10-07 12:02:25,133 [5fb7ce83-242c-4a6f-a9ec-b211957cc825@group-240EBE1C8FDE-LeaderElection170] INFO  impl.LeaderElection (LogUtils.java:infoOrTrace(149)) - 5fb7ce83-242c-4a6f-a9ec-b211957cc825@group-240EBE1C8FDE-LeaderElection170 got exception when requesting votes: {}
java.util.concurrent.ExecutionException: org.apache.ratis.thirdparty.io.grpc.StatusRuntimeException: UNAVAILABLE: io exception
	at java.util.concurrent.FutureTask.report(FutureTask.java:122)
	at java.util.concurrent.FutureTask.get(FutureTask.java:192)
	at org.apache.ratis.server.impl.LeaderElection.waitForResults(LeaderElection.java:259)
	at org.apache.ratis.server.impl.LeaderElection.askForVotes(LeaderElection.java:197)
	at org.apache.ratis.server.impl.LeaderElection.run(LeaderElection.java:133)
	at java.lang.Thread.run(Thread.java:748)
Caused by: org.apache.ratis.thirdparty.io.grpc.StatusRuntimeException: UNAVAILABLE: io exception
	at org.apache.ratis.thirdparty.io.grpc.stub.ClientCalls.toStatusRuntimeException(ClientCalls.java:233)
	at org.apache.ratis.thirdparty.io.grpc.stub.ClientCalls.getUnchecked(ClientCalls.java:214)
	at org.apache.ratis.thirdparty.io.grpc.stub.ClientCalls.blockingUnaryCall(ClientCalls.java:139)
	at org.apache.ratis.proto.grpc.RaftServerProtocolServiceGrpc$RaftServerProtocolServiceBlockingStub.requestVote(RaftServerProtocolServiceGrpc.java:265)
	at org.apache.ratis.grpc.server.GrpcServerProtocolClient.requestVote(GrpcServerProtocolClient.java:99)
	at org.apache.ratis.grpc.server.GrpcService.requestVote(GrpcService.java:204)
	at org.apache.ratis.server.impl.LeaderElection.lambda$submitRequests$1(LeaderElection.java:234)
	at java.util.concurrent.FutureTask.run(FutureTask.java:266)
	at java.util.concurrent.Executors$RunnableAdapter.call(Executors.java:511)
	at java.util.concurrent.FutureTask.run(FutureTask.java:266)
	at java.util.concurrent.ThreadPoolExecutor.runWorker(ThreadPoolExecutor.java:1149)
	at java.util.concurrent.ThreadPoolExecutor$Worker.run(ThreadPoolExecutor.java:624)
	... 1 more
Caused by: org.apache.ratis.thirdparty.io.netty.channel.AbstractChannel$AnnotatedConnectException: Connection refused: /192.168.30.26:43657
	at sun.nio.ch.SocketChannelImpl.checkConnect(Native Method)
	at sun.nio.ch.SocketChannelImpl.finishConnect(SocketChannelImpl.java:717)
	at org.apache.ratis.thirdparty.io.netty.channel.socket.nio.NioSocketChannel.doFinishConnect(NioSocketChannel.java:327)
	at org.apache.ratis.thirdparty.io.netty.channel.nio.AbstractNioChannel$AbstractNioUnsafe.finishConnect(AbstractNioChannel.java:340)
	at org.apache.ratis.thirdparty.io.netty.channel.nio.NioEventLoop.processSelectedKey(NioEventLoop.java:632)
	at org.apache.ratis.thirdparty.io.netty.channel.nio.NioEventLoop.processSelectedKeysOptimized(NioEventLoop.java:579)
	at org.apache.ratis.thirdparty.io.netty.channel.nio.NioEventLoop.processSelectedKeys(NioEventLoop.java:496)
	at org.apache.ratis.thirdparty.io.netty.channel.nio.NioEventLoop.run(NioEventLoop.java:458)
	at org.apache.ratis.thirdparty.io.netty.util.concurrent.SingleThreadEventExecutor$5.run(SingleThreadEventExecutor.java:897)
	at org.apache.ratis.thirdparty.io.netty.util.concurrent.FastThreadLocalRunnable.run(FastThreadLocalRunnable.java:30)
	... 1 more
Caused by: java.net.ConnectException: Connection refused
	... 11 more
2019-10-07 12:02:25,133 [5fb7ce83-242c-4a6f-a9ec-b211957cc825@group-240EBE1C8FDE-LeaderElection170] INFO  impl.LeaderElection (LogUtils.java:infoOrTrace(149)) - 5fb7ce83-242c-4a6f-a9ec-b211957cc825@group-240EBE1C8FDE-LeaderElection170 got exception when requesting votes: {}
java.util.concurrent.ExecutionException: org.apache.ratis.thirdparty.io.grpc.StatusRuntimeException: UNAVAILABLE: io exception
	at java.util.concurrent.FutureTask.report(FutureTask.java:122)
	at java.util.concurrent.FutureTask.get(FutureTask.java:192)
	at org.apache.ratis.server.impl.LeaderElection.waitForResults(LeaderElection.java:259)
	at org.apache.ratis.server.impl.LeaderElection.askForVotes(LeaderElection.java:197)
	at org.apache.ratis.server.impl.LeaderElection.run(LeaderElection.java:133)
	at java.lang.Thread.run(Thread.java:748)
Caused by: org.apache.ratis.thirdparty.io.grpc.StatusRuntimeException: UNAVAILABLE: io exception
	at org.apache.ratis.thirdparty.io.grpc.stub.ClientCalls.toStatusRuntimeException(ClientCalls.java:233)
	at org.apache.ratis.thirdparty.io.grpc.stub.ClientCalls.getUnchecked(ClientCalls.java:214)
	at org.apache.ratis.thirdparty.io.grpc.stub.ClientCalls.blockingUnaryCall(ClientCalls.java:139)
	at org.apache.ratis.proto.grpc.RaftServerProtocolServiceGrpc$RaftServerProtocolServiceBlockingStub.requestVote(RaftServerProtocolServiceGrpc.java:265)
	at org.apache.ratis.grpc.server.GrpcServerProtocolClient.requestVote(GrpcServerProtocolClient.java:99)
	at org.apache.ratis.grpc.server.GrpcService.requestVote(GrpcService.java:204)
	at org.apache.ratis.server.impl.LeaderElection.lambda$submitRequests$1(LeaderElection.java:234)
	at java.util.concurrent.FutureTask.run(FutureTask.java:266)
	at java.util.concurrent.Executors$RunnableAdapter.call(Executors.java:511)
	at java.util.concurrent.FutureTask.run(FutureTask.java:266)
	at java.util.concurrent.ThreadPoolExecutor.runWorker(ThreadPoolExecutor.java:1149)
	at java.util.concurrent.ThreadPoolExecutor$Worker.run(ThreadPoolExecutor.java:624)
	... 1 more
Caused by: org.apache.ratis.thirdparty.io.netty.channel.AbstractChannel$AnnotatedConnectException: Connection refused: /192.168.30.26:36089
	at sun.nio.ch.SocketChannelImpl.checkConnect(Native Method)
	at sun.nio.ch.SocketChannelImpl.finishConnect(SocketChannelImpl.java:717)
	at org.apache.ratis.thirdparty.io.netty.channel.socket.nio.NioSocketChannel.doFinishConnect(NioSocketChannel.java:327)
	at org.apache.ratis.thirdparty.io.netty.channel.nio.AbstractNioChannel$AbstractNioUnsafe.finishConnect(AbstractNioChannel.java:340)
	at org.apache.ratis.thirdparty.io.netty.channel.nio.NioEventLoop.processSelectedKey(NioEventLoop.java:632)
	at org.apache.ratis.thirdparty.io.netty.channel.nio.NioEventLoop.processSelectedKeysOptimized(NioEventLoop.java:579)
	at org.apache.ratis.thirdparty.io.netty.channel.nio.NioEventLoop.processSelectedKeys(NioEventLoop.java:496)
	at org.apache.ratis.thirdparty.io.netty.channel.nio.NioEventLoop.run(NioEventLoop.java:458)
	at org.apache.ratis.thirdparty.io.netty.util.concurrent.SingleThreadEventExecutor$5.run(SingleThreadEventExecutor.java:897)
	at org.apache.ratis.thirdparty.io.netty.util.concurrent.FastThreadLocalRunnable.run(FastThreadLocalRunnable.java:30)
	... 1 more
Caused by: java.net.ConnectException: Connection refused
	... 11 more
2019-10-07 12:02:25,133 [5fb7ce83-242c-4a6f-a9ec-b211957cc825@group-240EBE1C8FDE-LeaderElection170] INFO  impl.LeaderElection (LeaderElection.java:logAndReturn(56)) - 5fb7ce83-242c-4a6f-a9ec-b211957cc825@group-240EBE1C8FDE-LeaderElection170: Election REJECTED; received 0 response(s) [] and 2 exception(s); 5fb7ce83-242c-4a6f-a9ec-b211957cc825@group-240EBE1C8FDE:t10, leader=null, voted=5fb7ce83-242c-4a6f-a9ec-b211957cc825, raftlog=5fb7ce83-242c-4a6f-a9ec-b211957cc825@group-240EBE1C8FDE-SegmentedRaftLog:OPENED:c12,f12,i12, conf=0: [35b93ee3-cf43-44f7-b896-65b06618aa81:192.168.30.26:43657, 9e4f0239-5467-41fd-81e1-38f0f07fc00b:192.168.30.26:36089, 5fb7ce83-242c-4a6f-a9ec-b211957cc825:192.168.30.26:42375], old=null
2019-10-07 12:02:25,133 [5fb7ce83-242c-4a6f-a9ec-b211957cc825@group-240EBE1C8FDE-LeaderElection170] INFO  impl.LeaderElection (LogUtils.java:infoOrTrace(149)) -   Exception 0: {}
java.util.concurrent.ExecutionException: org.apache.ratis.thirdparty.io.grpc.StatusRuntimeException: UNAVAILABLE: io exception
	at java.util.concurrent.FutureTask.report(FutureTask.java:122)
	at java.util.concurrent.FutureTask.get(FutureTask.java:192)
	at org.apache.ratis.server.impl.LeaderElection.waitForResults(LeaderElection.java:259)
	at org.apache.ratis.server.impl.LeaderElection.askForVotes(LeaderElection.java:197)
	at org.apache.ratis.server.impl.LeaderElection.run(LeaderElection.java:133)
	at java.lang.Thread.run(Thread.java:748)
Caused by: org.apache.ratis.thirdparty.io.grpc.StatusRuntimeException: UNAVAILABLE: io exception
	at org.apache.ratis.thirdparty.io.grpc.stub.ClientCalls.toStatusRuntimeException(ClientCalls.java:233)
	at org.apache.ratis.thirdparty.io.grpc.stub.ClientCalls.getUnchecked(ClientCalls.java:214)
	at org.apache.ratis.thirdparty.io.grpc.stub.ClientCalls.blockingUnaryCall(ClientCalls.java:139)
	at org.apache.ratis.proto.grpc.RaftServerProtocolServiceGrpc$RaftServerProtocolServiceBlockingStub.requestVote(RaftServerProtocolServiceGrpc.java:265)
	at org.apache.ratis.grpc.server.GrpcServerProtocolClient.requestVote(GrpcServerProtocolClient.java:99)
	at org.apache.ratis.grpc.server.GrpcService.requestVote(GrpcService.java:204)
	at org.apache.ratis.server.impl.LeaderElection.lambda$submitRequests$1(LeaderElection.java:234)
	at java.util.concurrent.FutureTask.run(FutureTask.java:266)
	at java.util.concurrent.Executors$RunnableAdapter.call(Executors.java:511)
	at java.util.concurrent.FutureTask.run(FutureTask.java:266)
	at java.util.concurrent.ThreadPoolExecutor.runWorker(ThreadPoolExecutor.java:1149)
	at java.util.concurrent.ThreadPoolExecutor$Worker.run(ThreadPoolExecutor.java:624)
	... 1 more
Caused by: org.apache.ratis.thirdparty.io.netty.channel.AbstractChannel$AnnotatedConnectException: Connection refused: /192.168.30.26:43657
	at sun.nio.ch.SocketChannelImpl.checkConnect(Native Method)
	at sun.nio.ch.SocketChannelImpl.finishConnect(SocketChannelImpl.java:717)
	at org.apache.ratis.thirdparty.io.netty.channel.socket.nio.NioSocketChannel.doFinishConnect(NioSocketChannel.java:327)
	at org.apache.ratis.thirdparty.io.netty.channel.nio.AbstractNioChannel$AbstractNioUnsafe.finishConnect(AbstractNioChannel.java:340)
	at org.apache.ratis.thirdparty.io.netty.channel.nio.NioEventLoop.processSelectedKey(NioEventLoop.java:632)
	at org.apache.ratis.thirdparty.io.netty.channel.nio.NioEventLoop.processSelectedKeysOptimized(NioEventLoop.java:579)
	at org.apache.ratis.thirdparty.io.netty.channel.nio.NioEventLoop.processSelectedKeys(NioEventLoop.java:496)
	at org.apache.ratis.thirdparty.io.netty.channel.nio.NioEventLoop.run(NioEventLoop.java:458)
	at org.apache.ratis.thirdparty.io.netty.util.concurrent.SingleThreadEventExecutor$5.run(SingleThreadEventExecutor.java:897)
	at org.apache.ratis.thirdparty.io.netty.util.concurrent.FastThreadLocalRunnable.run(FastThreadLocalRunnable.java:30)
	... 1 more
Caused by: java.net.ConnectException: Connection refused
	... 11 more
2019-10-07 12:02:25,134 [5fb7ce83-242c-4a6f-a9ec-b211957cc825@group-240EBE1C8FDE-LeaderElection170] INFO  impl.LeaderElection (LogUtils.java:infoOrTrace(149)) -   Exception 1: {}
java.util.concurrent.ExecutionException: org.apache.ratis.thirdparty.io.grpc.StatusRuntimeException: UNAVAILABLE: io exception
	at java.util.concurrent.FutureTask.report(FutureTask.java:122)
	at java.util.concurrent.FutureTask.get(FutureTask.java:192)
	at org.apache.ratis.server.impl.LeaderElection.waitForResults(LeaderElection.java:259)
	at org.apache.ratis.server.impl.LeaderElection.askForVotes(LeaderElection.java:197)
	at org.apache.ratis.server.impl.LeaderElection.run(LeaderElection.java:133)
	at java.lang.Thread.run(Thread.java:748)
Caused by: org.apache.ratis.thirdparty.io.grpc.StatusRuntimeException: UNAVAILABLE: io exception
	at org.apache.ratis.thirdparty.io.grpc.stub.ClientCalls.toStatusRuntimeException(ClientCalls.java:233)
	at org.apache.ratis.thirdparty.io.grpc.stub.ClientCalls.getUnchecked(ClientCalls.java:214)
	at org.apache.ratis.thirdparty.io.grpc.stub.ClientCalls.blockingUnaryCall(ClientCalls.java:139)
	at org.apache.ratis.proto.grpc.RaftServerProtocolServiceGrpc$RaftServerProtocolServiceBlockingStub.requestVote(RaftServerProtocolServiceGrpc.java:265)
	at org.apache.ratis.grpc.server.GrpcServerProtocolClient.requestVote(GrpcServerProtocolClient.java:99)
	at org.apache.ratis.grpc.server.GrpcService.requestVote(GrpcService.java:204)
	at org.apache.ratis.server.impl.LeaderElection.lambda$submitRequests$1(LeaderElection.java:234)
	at java.util.concurrent.FutureTask.run(FutureTask.java:266)
	at java.util.concurrent.Executors$RunnableAdapter.call(Executors.java:511)
	at java.util.concurrent.FutureTask.run(FutureTask.java:266)
	at java.util.concurrent.ThreadPoolExecutor.runWorker(ThreadPoolExecutor.java:1149)
	at java.util.concurrent.ThreadPoolExecutor$Worker.run(ThreadPoolExecutor.java:624)
	... 1 more
Caused by: org.apache.ratis.thirdparty.io.netty.channel.AbstractChannel$AnnotatedConnectException: Connection refused: /192.168.30.26:36089
	at sun.nio.ch.SocketChannelImpl.checkConnect(Native Method)
	at sun.nio.ch.SocketChannelImpl.finishConnect(SocketChannelImpl.java:717)
	at org.apache.ratis.thirdparty.io.netty.channel.socket.nio.NioSocketChannel.doFinishConnect(NioSocketChannel.java:327)
	at org.apache.ratis.thirdparty.io.netty.channel.nio.AbstractNioChannel$AbstractNioUnsafe.finishConnect(AbstractNioChannel.java:340)
	at org.apache.ratis.thirdparty.io.netty.channel.nio.NioEventLoop.processSelectedKey(NioEventLoop.java:632)
	at org.apache.ratis.thirdparty.io.netty.channel.nio.NioEventLoop.processSelectedKeysOptimized(NioEventLoop.java:579)
	at org.apache.ratis.thirdparty.io.netty.channel.nio.NioEventLoop.processSelectedKeys(NioEventLoop.java:496)
	at org.apache.ratis.thirdparty.io.netty.channel.nio.NioEventLoop.run(NioEventLoop.java:458)
	at org.apache.ratis.thirdparty.io.netty.util.concurrent.SingleThreadEventExecutor$5.run(SingleThreadEventExecutor.java:897)
	at org.apache.ratis.thirdparty.io.netty.util.concurrent.FastThreadLocalRunnable.run(FastThreadLocalRunnable.java:30)
	... 1 more
Caused by: java.net.ConnectException: Connection refused
	... 11 more
2019-10-07 12:02:25,134 [5fb7ce83-242c-4a6f-a9ec-b211957cc825@group-240EBE1C8FDE-LeaderElection170] INFO  impl.RaftServerImpl (RaftServerImpl.java:setRole(170)) - 5fb7ce83-242c-4a6f-a9ec-b211957cc825@group-240EBE1C8FDE: changes role from CANDIDATE to FOLLOWER at term 10 for DISCOVERED_A_NEW_TERM
2019-10-07 12:02:25,134 [5fb7ce83-242c-4a6f-a9ec-b211957cc825@group-240EBE1C8FDE-LeaderElection170] INFO  impl.RoleInfo (RoleInfo.java:shutdownLeaderElection(134)) - 5fb7ce83-242c-4a6f-a9ec-b211957cc825: shutdown LeaderElection
2019-10-07 12:02:25,134 [5fb7ce83-242c-4a6f-a9ec-b211957cc825@group-240EBE1C8FDE-LeaderElection170] INFO  impl.RoleInfo (RoleInfo.java:updateAndGet(143)) - 5fb7ce83-242c-4a6f-a9ec-b211957cc825: start FollowerState
2019-10-07 12:02:25,224 [Datanode State Machine Thread - 0] INFO  statemachine.DatanodeStateMachine (DatanodeStateMachine.java:lambda$startDaemon$0(350)) - Ozone container server started.
2019-10-07 12:02:25,434 [Datanode State Machine Thread - 0] INFO  statemachine.DatanodeStateMachine (DatanodeStateMachine.java:lambda$startDaemon$0(350)) - Ozone container server started.
2019-10-07 12:02:25,614 [Thread-3594] INFO  impl.FollowerState (FollowerState.java:run(108)) - 36acb61b-05f2-4e48-b1a6-804a8e695824@group-8EBE8B731ECD-FollowerState: change to CANDIDATE, lastRpcTime:1146ms, electionTimeout:1056ms
2019-10-07 12:02:25,614 [Thread-3594] INFO  impl.RoleInfo (RoleInfo.java:shutdownFollowerState(121)) - 36acb61b-05f2-4e48-b1a6-804a8e695824: shutdown FollowerState
2019-10-07 12:02:25,614 [Thread-3594] INFO  impl.RaftServerImpl (RaftServerImpl.java:setRole(170)) - 36acb61b-05f2-4e48-b1a6-804a8e695824@group-8EBE8B731ECD: changes role from  FOLLOWER to CANDIDATE at term 1 for changeToCandidate
2019-10-07 12:02:25,614 [Thread-3594] INFO  impl.RoleInfo (RoleInfo.java:updateAndGet(143)) - 36acb61b-05f2-4e48-b1a6-804a8e695824: start LeaderElection
2019-10-07 12:02:25,616 [36acb61b-05f2-4e48-b1a6-804a8e695824@group-8EBE8B731ECD-LeaderElection171] INFO  impl.RaftServerImpl (ServerState.java:setLeader(255)) - 36acb61b-05f2-4e48-b1a6-804a8e695824@group-8EBE8B731ECD: change Leader from dbe9d5b3-671c-49b9-b95c-28ee3dd5e12c to null at term 1 for initElection
2019-10-07 12:02:25,627 [36acb61b-05f2-4e48-b1a6-804a8e695824@group-8EBE8B731ECD-LeaderElection171] INFO  impl.LeaderElection (LeaderElection.java:askForVotes(178)) - 36acb61b-05f2-4e48-b1a6-804a8e695824@group-8EBE8B731ECD-LeaderElection171: begin an election at term 2 for 0: [dbe9d5b3-671c-49b9-b95c-28ee3dd5e12c:192.168.30.26:38963, 36acb61b-05f2-4e48-b1a6-804a8e695824:192.168.30.26:33929, f273724d-798c-4ad2-8d41-52aa1480ea33:192.168.30.26:37581], old=null
2019-10-07 12:02:25,629 [36acb61b-05f2-4e48-b1a6-804a8e695824@group-8EBE8B731ECD-LeaderElection171] INFO  impl.LeaderElection (LogUtils.java:infoOrTrace(149)) - 36acb61b-05f2-4e48-b1a6-804a8e695824@group-8EBE8B731ECD-LeaderElection171 got exception when requesting votes: {}
java.util.concurrent.ExecutionException: org.apache.ratis.thirdparty.io.grpc.StatusRuntimeException: UNAVAILABLE: io exception
	at java.util.concurrent.FutureTask.report(FutureTask.java:122)
	at java.util.concurrent.FutureTask.get(FutureTask.java:192)
	at org.apache.ratis.server.impl.LeaderElection.waitForResults(LeaderElection.java:259)
	at org.apache.ratis.server.impl.LeaderElection.askForVotes(LeaderElection.java:197)
	at org.apache.ratis.server.impl.LeaderElection.run(LeaderElection.java:133)
	at java.lang.Thread.run(Thread.java:748)
Caused by: org.apache.ratis.thirdparty.io.grpc.StatusRuntimeException: UNAVAILABLE: io exception
	at org.apache.ratis.thirdparty.io.grpc.stub.ClientCalls.toStatusRuntimeException(ClientCalls.java:233)
	at org.apache.ratis.thirdparty.io.grpc.stub.ClientCalls.getUnchecked(ClientCalls.java:214)
	at org.apache.ratis.thirdparty.io.grpc.stub.ClientCalls.blockingUnaryCall(ClientCalls.java:139)
	at org.apache.ratis.proto.grpc.RaftServerProtocolServiceGrpc$RaftServerProtocolServiceBlockingStub.requestVote(RaftServerProtocolServiceGrpc.java:265)
	at org.apache.ratis.grpc.server.GrpcServerProtocolClient.requestVote(GrpcServerProtocolClient.java:99)
	at org.apache.ratis.grpc.server.GrpcService.requestVote(GrpcService.java:204)
	at org.apache.ratis.server.impl.LeaderElection.lambda$submitRequests$1(LeaderElection.java:234)
	at java.util.concurrent.FutureTask.run(FutureTask.java:266)
	at java.util.concurrent.Executors$RunnableAdapter.call(Executors.java:511)
	at java.util.concurrent.FutureTask.run(FutureTask.java:266)
	at java.util.concurrent.ThreadPoolExecutor.runWorker(ThreadPoolExecutor.java:1149)
	at java.util.concurrent.ThreadPoolExecutor$Worker.run(ThreadPoolExecutor.java:624)
	... 1 more
Caused by: org.apache.ratis.thirdparty.io.netty.channel.AbstractChannel$AnnotatedConnectException: Connection refused: /192.168.30.26:37581
	at sun.nio.ch.SocketChannelImpl.checkConnect(Native Method)
	at sun.nio.ch.SocketChannelImpl.finishConnect(SocketChannelImpl.java:717)
	at org.apache.ratis.thirdparty.io.netty.channel.socket.nio.NioSocketChannel.doFinishConnect(NioSocketChannel.java:327)
	at org.apache.ratis.thirdparty.io.netty.channel.nio.AbstractNioChannel$AbstractNioUnsafe.finishConnect(AbstractNioChannel.java:340)
	at org.apache.ratis.thirdparty.io.netty.channel.nio.NioEventLoop.processSelectedKey(NioEventLoop.java:632)
	at org.apache.ratis.thirdparty.io.netty.channel.nio.NioEventLoop.processSelectedKeysOptimized(NioEventLoop.java:579)
	at org.apache.ratis.thirdparty.io.netty.channel.nio.NioEventLoop.processSelectedKeys(NioEventLoop.java:496)
	at org.apache.ratis.thirdparty.io.netty.channel.nio.NioEventLoop.run(NioEventLoop.java:458)
	at org.apache.ratis.thirdparty.io.netty.util.concurrent.SingleThreadEventExecutor$5.run(SingleThreadEventExecutor.java:897)
	at org.apache.ratis.thirdparty.io.netty.util.concurrent.FastThreadLocalRunnable.run(FastThreadLocalRunnable.java:30)
	... 1 more
Caused by: java.net.ConnectException: Connection refused
	... 11 more
2019-10-07 12:02:25,630 [36acb61b-05f2-4e48-b1a6-804a8e695824@group-8EBE8B731ECD-LeaderElection171] INFO  impl.LeaderElection (LogUtils.java:infoOrTrace(149)) - 36acb61b-05f2-4e48-b1a6-804a8e695824@group-8EBE8B731ECD-LeaderElection171 got exception when requesting votes: {}
java.util.concurrent.ExecutionException: org.apache.ratis.thirdparty.io.grpc.StatusRuntimeException: UNAVAILABLE: io exception
	at java.util.concurrent.FutureTask.report(FutureTask.java:122)
	at java.util.concurrent.FutureTask.get(FutureTask.java:192)
	at org.apache.ratis.server.impl.LeaderElection.waitForResults(LeaderElection.java:259)
	at org.apache.ratis.server.impl.LeaderElection.askForVotes(LeaderElection.java:197)
	at org.apache.ratis.server.impl.LeaderElection.run(LeaderElection.java:133)
	at java.lang.Thread.run(Thread.java:748)
Caused by: org.apache.ratis.thirdparty.io.grpc.StatusRuntimeException: UNAVAILABLE: io exception
	at org.apache.ratis.thirdparty.io.grpc.stub.ClientCalls.toStatusRuntimeException(ClientCalls.java:233)
	at org.apache.ratis.thirdparty.io.grpc.stub.ClientCalls.getUnchecked(ClientCalls.java:214)
	at org.apache.ratis.thirdparty.io.grpc.stub.ClientCalls.blockingUnaryCall(ClientCalls.java:139)
	at org.apache.ratis.proto.grpc.RaftServerProtocolServiceGrpc$RaftServerProtocolServiceBlockingStub.requestVote(RaftServerProtocolServiceGrpc.java:265)
	at org.apache.ratis.grpc.server.GrpcServerProtocolClient.requestVote(GrpcServerProtocolClient.java:99)
	at org.apache.ratis.grpc.server.GrpcService.requestVote(GrpcService.java:204)
	at org.apache.ratis.server.impl.LeaderElection.lambda$submitRequests$1(LeaderElection.java:234)
	at java.util.concurrent.FutureTask.run(FutureTask.java:266)
	at java.util.concurrent.Executors$RunnableAdapter.call(Executors.java:511)
	at java.util.concurrent.FutureTask.run(FutureTask.java:266)
	at java.util.concurrent.ThreadPoolExecutor.runWorker(ThreadPoolExecutor.java:1149)
	at java.util.concurrent.ThreadPoolExecutor$Worker.run(ThreadPoolExecutor.java:624)
	... 1 more
Caused by: org.apache.ratis.thirdparty.io.netty.channel.AbstractChannel$AnnotatedConnectException: Connection refused: /192.168.30.26:38963
	at sun.nio.ch.SocketChannelImpl.checkConnect(Native Method)
	at sun.nio.ch.SocketChannelImpl.finishConnect(SocketChannelImpl.java:717)
	at org.apache.ratis.thirdparty.io.netty.channel.socket.nio.NioSocketChannel.doFinishConnect(NioSocketChannel.java:327)
	at org.apache.ratis.thirdparty.io.netty.channel.nio.AbstractNioChannel$AbstractNioUnsafe.finishConnect(AbstractNioChannel.java:340)
	at org.apache.ratis.thirdparty.io.netty.channel.nio.NioEventLoop.processSelectedKey(NioEventLoop.java:632)
	at org.apache.ratis.thirdparty.io.netty.channel.nio.NioEventLoop.processSelectedKeysOptimized(NioEventLoop.java:579)
	at org.apache.ratis.thirdparty.io.netty.channel.nio.NioEventLoop.processSelectedKeys(NioEventLoop.java:496)
	at org.apache.ratis.thirdparty.io.netty.channel.nio.NioEventLoop.run(NioEventLoop.java:458)
	at org.apache.ratis.thirdparty.io.netty.util.concurrent.SingleThreadEventExecutor$5.run(SingleThreadEventExecutor.java:897)
	at org.apache.ratis.thirdparty.io.netty.util.concurrent.FastThreadLocalRunnable.run(FastThreadLocalRunnable.java:30)
	... 1 more
Caused by: java.net.ConnectException: Connection refused
	... 11 more
2019-10-07 12:02:25,630 [36acb61b-05f2-4e48-b1a6-804a8e695824@group-8EBE8B731ECD-LeaderElection171] INFO  impl.LeaderElection (LeaderElection.java:logAndReturn(56)) - 36acb61b-05f2-4e48-b1a6-804a8e695824@group-8EBE8B731ECD-LeaderElection171: Election REJECTED; received 0 response(s) [] and 2 exception(s); 36acb61b-05f2-4e48-b1a6-804a8e695824@group-8EBE8B731ECD:t2, leader=null, voted=36acb61b-05f2-4e48-b1a6-804a8e695824, raftlog=36acb61b-05f2-4e48-b1a6-804a8e695824@group-8EBE8B731ECD-SegmentedRaftLog:OPENED:c4,f4,i4, conf=0: [dbe9d5b3-671c-49b9-b95c-28ee3dd5e12c:192.168.30.26:38963, 36acb61b-05f2-4e48-b1a6-804a8e695824:192.168.30.26:33929, f273724d-798c-4ad2-8d41-52aa1480ea33:192.168.30.26:37581], old=null
2019-10-07 12:02:25,630 [36acb61b-05f2-4e48-b1a6-804a8e695824@group-8EBE8B731ECD-LeaderElection171] INFO  impl.LeaderElection (LogUtils.java:infoOrTrace(149)) -   Exception 0: {}
java.util.concurrent.ExecutionException: org.apache.ratis.thirdparty.io.grpc.StatusRuntimeException: UNAVAILABLE: io exception
	at java.util.concurrent.FutureTask.report(FutureTask.java:122)
	at java.util.concurrent.FutureTask.get(FutureTask.java:192)
	at org.apache.ratis.server.impl.LeaderElection.waitForResults(LeaderElection.java:259)
	at org.apache.ratis.server.impl.LeaderElection.askForVotes(LeaderElection.java:197)
	at org.apache.ratis.server.impl.LeaderElection.run(LeaderElection.java:133)
	at java.lang.Thread.run(Thread.java:748)
Caused by: org.apache.ratis.thirdparty.io.grpc.StatusRuntimeException: UNAVAILABLE: io exception
	at org.apache.ratis.thirdparty.io.grpc.stub.ClientCalls.toStatusRuntimeException(ClientCalls.java:233)
	at org.apache.ratis.thirdparty.io.grpc.stub.ClientCalls.getUnchecked(ClientCalls.java:214)
	at org.apache.ratis.thirdparty.io.grpc.stub.ClientCalls.blockingUnaryCall(ClientCalls.java:139)
	at org.apache.ratis.proto.grpc.RaftServerProtocolServiceGrpc$RaftServerProtocolServiceBlockingStub.requestVote(RaftServerProtocolServiceGrpc.java:265)
	at org.apache.ratis.grpc.server.GrpcServerProtocolClient.requestVote(GrpcServerProtocolClient.java:99)
	at org.apache.ratis.grpc.server.GrpcService.requestVote(GrpcService.java:204)
	at org.apache.ratis.server.impl.LeaderElection.lambda$submitRequests$1(LeaderElection.java:234)
	at java.util.concurrent.FutureTask.run(FutureTask.java:266)
	at java.util.concurrent.Executors$RunnableAdapter.call(Executors.java:511)
	at java.util.concurrent.FutureTask.run(FutureTask.java:266)
	at java.util.concurrent.ThreadPoolExecutor.runWorker(ThreadPoolExecutor.java:1149)
	at java.util.concurrent.ThreadPoolExecutor$Worker.run(ThreadPoolExecutor.java:624)
	... 1 more
Caused by: org.apache.ratis.thirdparty.io.netty.channel.AbstractChannel$AnnotatedConnectException: Connection refused: /192.168.30.26:37581
	at sun.nio.ch.SocketChannelImpl.checkConnect(Native Method)
	at sun.nio.ch.SocketChannelImpl.finishConnect(SocketChannelImpl.java:717)
	at org.apache.ratis.thirdparty.io.netty.channel.socket.nio.NioSocketChannel.doFinishConnect(NioSocketChannel.java:327)
	at org.apache.ratis.thirdparty.io.netty.channel.nio.AbstractNioChannel$AbstractNioUnsafe.finishConnect(AbstractNioChannel.java:340)
	at org.apache.ratis.thirdparty.io.netty.channel.nio.NioEventLoop.processSelectedKey(NioEventLoop.java:632)
	at org.apache.ratis.thirdparty.io.netty.channel.nio.NioEventLoop.processSelectedKeysOptimized(NioEventLoop.java:579)
	at org.apache.ratis.thirdparty.io.netty.channel.nio.NioEventLoop.processSelectedKeys(NioEventLoop.java:496)
	at org.apache.ratis.thirdparty.io.netty.channel.nio.NioEventLoop.run(NioEventLoop.java:458)
	at org.apache.ratis.thirdparty.io.netty.util.concurrent.SingleThreadEventExecutor$5.run(SingleThreadEventExecutor.java:897)
	at org.apache.ratis.thirdparty.io.netty.util.concurrent.FastThreadLocalRunnable.run(FastThreadLocalRunnable.java:30)
	... 1 more
Caused by: java.net.ConnectException: Connection refused
	... 11 more
2019-10-07 12:02:25,630 [36acb61b-05f2-4e48-b1a6-804a8e695824@group-8EBE8B731ECD-LeaderElection171] INFO  impl.LeaderElection (LogUtils.java:infoOrTrace(149)) -   Exception 1: {}
java.util.concurrent.ExecutionException: org.apache.ratis.thirdparty.io.grpc.StatusRuntimeException: UNAVAILABLE: io exception
	at java.util.concurrent.FutureTask.report(FutureTask.java:122)
	at java.util.concurrent.FutureTask.get(FutureTask.java:192)
	at org.apache.ratis.server.impl.LeaderElection.waitForResults(LeaderElection.java:259)
	at org.apache.ratis.server.impl.LeaderElection.askForVotes(LeaderElection.java:197)
	at org.apache.ratis.server.impl.LeaderElection.run(LeaderElection.java:133)
	at java.lang.Thread.run(Thread.java:748)
Caused by: org.apache.ratis.thirdparty.io.grpc.StatusRuntimeException: UNAVAILABLE: io exception
	at org.apache.ratis.thirdparty.io.grpc.stub.ClientCalls.toStatusRuntimeException(ClientCalls.java:233)
	at org.apache.ratis.thirdparty.io.grpc.stub.ClientCalls.getUnchecked(ClientCalls.java:214)
	at org.apache.ratis.thirdparty.io.grpc.stub.ClientCalls.blockingUnaryCall(ClientCalls.java:139)
	at org.apache.ratis.proto.grpc.RaftServerProtocolServiceGrpc$RaftServerProtocolServiceBlockingStub.requestVote(RaftServerProtocolServiceGrpc.java:265)
	at org.apache.ratis.grpc.server.GrpcServerProtocolClient.requestVote(GrpcServerProtocolClient.java:99)
	at org.apache.ratis.grpc.server.GrpcService.requestVote(GrpcService.java:204)
	at org.apache.ratis.server.impl.LeaderElection.lambda$submitRequests$1(LeaderElection.java:234)
	at java.util.concurrent.FutureTask.run(FutureTask.java:266)
	at java.util.concurrent.Executors$RunnableAdapter.call(Executors.java:511)
	at java.util.concurrent.FutureTask.run(FutureTask.java:266)
	at java.util.concurrent.ThreadPoolExecutor.runWorker(ThreadPoolExecutor.java:1149)
	at java.util.concurrent.ThreadPoolExecutor$Worker.run(ThreadPoolExecutor.java:624)
	... 1 more
Caused by: org.apache.ratis.thirdparty.io.netty.channel.AbstractChannel$AnnotatedConnectException: Connection refused: /192.168.30.26:38963
	at sun.nio.ch.SocketChannelImpl.checkConnect(Native Method)
	at sun.nio.ch.SocketChannelImpl.finishConnect(SocketChannelImpl.java:717)
	at org.apache.ratis.thirdparty.io.netty.channel.socket.nio.NioSocketChannel.doFinishConnect(NioSocketChannel.java:327)
	at org.apache.ratis.thirdparty.io.netty.channel.nio.AbstractNioChannel$AbstractNioUnsafe.finishConnect(AbstractNioChannel.java:340)
	at org.apache.ratis.thirdparty.io.netty.channel.nio.NioEventLoop.processSelectedKey(NioEventLoop.java:632)
	at org.apache.ratis.thirdparty.io.netty.channel.nio.NioEventLoop.processSelectedKeysOptimized(NioEventLoop.java:579)
	at org.apache.ratis.thirdparty.io.netty.channel.nio.NioEventLoop.processSelectedKeys(NioEventLoop.java:496)
	at org.apache.ratis.thirdparty.io.netty.channel.nio.NioEventLoop.run(NioEventLoop.java:458)
	at org.apache.ratis.thirdparty.io.netty.util.concurrent.SingleThreadEventExecutor$5.run(SingleThreadEventExecutor.java:897)
	at org.apache.ratis.thirdparty.io.netty.util.concurrent.FastThreadLocalRunnable.run(FastThreadLocalRunnable.java:30)
	... 1 more
Caused by: java.net.ConnectException: Connection refused
	... 11 more
2019-10-07 12:02:25,630 [36acb61b-05f2-4e48-b1a6-804a8e695824@group-8EBE8B731ECD-LeaderElection171] INFO  impl.RaftServerImpl (RaftServerImpl.java:setRole(170)) - 36acb61b-05f2-4e48-b1a6-804a8e695824@group-8EBE8B731ECD: changes role from CANDIDATE to FOLLOWER at term 2 for DISCOVERED_A_NEW_TERM
2019-10-07 12:02:25,631 [36acb61b-05f2-4e48-b1a6-804a8e695824@group-8EBE8B731ECD-LeaderElection171] INFO  impl.RoleInfo (RoleInfo.java:shutdownLeaderElection(134)) - 36acb61b-05f2-4e48-b1a6-804a8e695824: shutdown LeaderElection
2019-10-07 12:02:25,631 [36acb61b-05f2-4e48-b1a6-804a8e695824@group-8EBE8B731ECD-LeaderElection171] INFO  impl.RoleInfo (RoleInfo.java:updateAndGet(143)) - 36acb61b-05f2-4e48-b1a6-804a8e695824: start FollowerState
2019-10-07 12:02:26,252 [Thread-4091] INFO  impl.FollowerState (FollowerState.java:run(108)) - 5fb7ce83-242c-4a6f-a9ec-b211957cc825@group-240EBE1C8FDE-FollowerState: change to CANDIDATE, lastRpcTime:1118ms, electionTimeout:1118ms
2019-10-07 12:02:26,254 [Thread-4091] INFO  impl.RoleInfo (RoleInfo.java:shutdownFollowerState(121)) - 5fb7ce83-242c-4a6f-a9ec-b211957cc825: shutdown FollowerState
2019-10-07 12:02:26,255 [Thread-4091] INFO  impl.RaftServerImpl (RaftServerImpl.java:setRole(170)) - 5fb7ce83-242c-4a6f-a9ec-b211957cc825@group-240EBE1C8FDE: changes role from  FOLLOWER to CANDIDATE at term 10 for changeToCandidate
2019-10-07 12:02:26,255 [Thread-4091] INFO  impl.RoleInfo (RoleInfo.java:updateAndGet(143)) - 5fb7ce83-242c-4a6f-a9ec-b211957cc825: start LeaderElection
2019-10-07 12:02:26,270 [5fb7ce83-242c-4a6f-a9ec-b211957cc825@group-240EBE1C8FDE-LeaderElection172] INFO  impl.LeaderElection (LeaderElection.java:askForVotes(178)) - 5fb7ce83-242c-4a6f-a9ec-b211957cc825@group-240EBE1C8FDE-LeaderElection172: begin an election at term 11 for 0: [35b93ee3-cf43-44f7-b896-65b06618aa81:192.168.30.26:43657, 9e4f0239-5467-41fd-81e1-38f0f07fc00b:192.168.30.26:36089, 5fb7ce83-242c-4a6f-a9ec-b211957cc825:192.168.30.26:42375], old=null
2019-10-07 12:02:26,271 [5fb7ce83-242c-4a6f-a9ec-b211957cc825@group-240EBE1C8FDE-LeaderElection172] INFO  impl.LeaderElection (LogUtils.java:infoOrTrace(149)) - 5fb7ce83-242c-4a6f-a9ec-b211957cc825@group-240EBE1C8FDE-LeaderElection172 got exception when requesting votes: {}
java.util.concurrent.ExecutionException: org.apache.ratis.thirdparty.io.grpc.StatusRuntimeException: UNAVAILABLE: io exception
	at java.util.concurrent.FutureTask.report(FutureTask.java:122)
	at java.util.concurrent.FutureTask.get(FutureTask.java:192)
	at org.apache.ratis.server.impl.LeaderElection.waitForResults(LeaderElection.java:259)
	at org.apache.ratis.server.impl.LeaderElection.askForVotes(LeaderElection.java:197)
	at org.apache.ratis.server.impl.LeaderElection.run(LeaderElection.java:133)
	at java.lang.Thread.run(Thread.java:748)
Caused by: org.apache.ratis.thirdparty.io.grpc.StatusRuntimeException: UNAVAILABLE: io exception
	at org.apache.ratis.thirdparty.io.grpc.stub.ClientCalls.toStatusRuntimeException(ClientCalls.java:233)
	at org.apache.ratis.thirdparty.io.grpc.stub.ClientCalls.getUnchecked(ClientCalls.java:214)
	at org.apache.ratis.thirdparty.io.grpc.stub.ClientCalls.blockingUnaryCall(ClientCalls.java:139)
	at org.apache.ratis.proto.grpc.RaftServerProtocolServiceGrpc$RaftServerProtocolServiceBlockingStub.requestVote(RaftServerProtocolServiceGrpc.java:265)
	at org.apache.ratis.grpc.server.GrpcServerProtocolClient.requestVote(GrpcServerProtocolClient.java:99)
	at org.apache.ratis.grpc.server.GrpcService.requestVote(GrpcService.java:204)
	at org.apache.ratis.server.impl.LeaderElection.lambda$submitRequests$1(LeaderElection.java:234)
	at java.util.concurrent.FutureTask.run(FutureTask.java:266)
	at java.util.concurrent.Executors$RunnableAdapter.call(Executors.java:511)
	at java.util.concurrent.FutureTask.run(FutureTask.java:266)
	at java.util.concurrent.ThreadPoolExecutor.runWorker(ThreadPoolExecutor.java:1149)
	at java.util.concurrent.ThreadPoolExecutor$Worker.run(ThreadPoolExecutor.java:624)
	... 1 more
Caused by: org.apache.ratis.thirdparty.io.netty.channel.AbstractChannel$AnnotatedConnectException: Connection refused: /192.168.30.26:43657
	at sun.nio.ch.SocketChannelImpl.checkConnect(Native Method)
	at sun.nio.ch.SocketChannelImpl.finishConnect(SocketChannelImpl.java:717)
	at org.apache.ratis.thirdparty.io.netty.channel.socket.nio.NioSocketChannel.doFinishConnect(NioSocketChannel.java:327)
	at org.apache.ratis.thirdparty.io.netty.channel.nio.AbstractNioChannel$AbstractNioUnsafe.finishConnect(AbstractNioChannel.java:340)
	at org.apache.ratis.thirdparty.io.netty.channel.nio.NioEventLoop.processSelectedKey(NioEventLoop.java:632)
	at org.apache.ratis.thirdparty.io.netty.channel.nio.NioEventLoop.processSelectedKeysOptimized(NioEventLoop.java:579)
	at org.apache.ratis.thirdparty.io.netty.channel.nio.NioEventLoop.processSelectedKeys(NioEventLoop.java:496)
	at org.apache.ratis.thirdparty.io.netty.channel.nio.NioEventLoop.run(NioEventLoop.java:458)
	at org.apache.ratis.thirdparty.io.netty.util.concurrent.SingleThreadEventExecutor$5.run(SingleThreadEventExecutor.java:897)
	at org.apache.ratis.thirdparty.io.netty.util.concurrent.FastThreadLocalRunnable.run(FastThreadLocalRunnable.java:30)
	... 1 more
Caused by: java.net.ConnectException: Connection refused
	... 11 more
2019-10-07 12:02:26,271 [5fb7ce83-242c-4a6f-a9ec-b211957cc825@group-240EBE1C8FDE-LeaderElection172] INFO  impl.LeaderElection (LogUtils.java:infoOrTrace(149)) - 5fb7ce83-242c-4a6f-a9ec-b211957cc825@group-240EBE1C8FDE-LeaderElection172 got exception when requesting votes: {}
java.util.concurrent.ExecutionException: org.apache.ratis.thirdparty.io.grpc.StatusRuntimeException: UNAVAILABLE: io exception
	at java.util.concurrent.FutureTask.report(FutureTask.java:122)
	at java.util.concurrent.FutureTask.get(FutureTask.java:192)
	at org.apache.ratis.server.impl.LeaderElection.waitForResults(LeaderElection.java:259)
	at org.apache.ratis.server.impl.LeaderElection.askForVotes(LeaderElection.java:197)
	at org.apache.ratis.server.impl.LeaderElection.run(LeaderElection.java:133)
	at java.lang.Thread.run(Thread.java:748)
Caused by: org.apache.ratis.thirdparty.io.grpc.StatusRuntimeException: UNAVAILABLE: io exception
	at org.apache.ratis.thirdparty.io.grpc.stub.ClientCalls.toStatusRuntimeException(ClientCalls.java:233)
	at org.apache.ratis.thirdparty.io.grpc.stub.ClientCalls.getUnchecked(ClientCalls.java:214)
	at org.apache.ratis.thirdparty.io.grpc.stub.ClientCalls.blockingUnaryCall(ClientCalls.java:139)
	at org.apache.ratis.proto.grpc.RaftServerProtocolServiceGrpc$RaftServerProtocolServiceBlockingStub.requestVote(RaftServerProtocolServiceGrpc.java:265)
	at org.apache.ratis.grpc.server.GrpcServerProtocolClient.requestVote(GrpcServerProtocolClient.java:99)
	at org.apache.ratis.grpc.server.GrpcService.requestVote(GrpcService.java:204)
	at org.apache.ratis.server.impl.LeaderElection.lambda$submitRequests$1(LeaderElection.java:234)
	at java.util.concurrent.FutureTask.run(FutureTask.java:266)
	at java.util.concurrent.Executors$RunnableAdapter.call(Executors.java:511)
	at java.util.concurrent.FutureTask.run(FutureTask.java:266)
	at java.util.concurrent.ThreadPoolExecutor.runWorker(ThreadPoolExecutor.java:1149)
	at java.util.concurrent.ThreadPoolExecutor$Worker.run(ThreadPoolExecutor.java:624)
	... 1 more
Caused by: org.apache.ratis.thirdparty.io.netty.channel.AbstractChannel$AnnotatedConnectException: Connection refused: /192.168.30.26:36089
	at sun.nio.ch.SocketChannelImpl.checkConnect(Native Method)
	at sun.nio.ch.SocketChannelImpl.finishConnect(SocketChannelImpl.java:717)
	at org.apache.ratis.thirdparty.io.netty.channel.socket.nio.NioSocketChannel.doFinishConnect(NioSocketChannel.java:327)
	at org.apache.ratis.thirdparty.io.netty.channel.nio.AbstractNioChannel$AbstractNioUnsafe.finishConnect(AbstractNioChannel.java:340)
	at org.apache.ratis.thirdparty.io.netty.channel.nio.NioEventLoop.processSelectedKey(NioEventLoop.java:632)
	at org.apache.ratis.thirdparty.io.netty.channel.nio.NioEventLoop.processSelectedKeysOptimized(NioEventLoop.java:579)
	at org.apache.ratis.thirdparty.io.netty.channel.nio.NioEventLoop.processSelectedKeys(NioEventLoop.java:496)
	at org.apache.ratis.thirdparty.io.netty.channel.nio.NioEventLoop.run(NioEventLoop.java:458)
	at org.apache.ratis.thirdparty.io.netty.util.concurrent.SingleThreadEventExecutor$5.run(SingleThreadEventExecutor.java:897)
	at org.apache.ratis.thirdparty.io.netty.util.concurrent.FastThreadLocalRunnable.run(FastThreadLocalRunnable.java:30)
	... 1 more
Caused by: java.net.ConnectException: Connection refused
	... 11 more
2019-10-07 12:02:26,271 [5fb7ce83-242c-4a6f-a9ec-b211957cc825@group-240EBE1C8FDE-LeaderElection172] INFO  impl.LeaderElection (LeaderElection.java:logAndReturn(56)) - 5fb7ce83-242c-4a6f-a9ec-b211957cc825@group-240EBE1C8FDE-LeaderElection172: Election REJECTED; received 0 response(s) [] and 2 exception(s); 5fb7ce83-242c-4a6f-a9ec-b211957cc825@group-240EBE1C8FDE:t11, leader=null, voted=5fb7ce83-242c-4a6f-a9ec-b211957cc825, raftlog=5fb7ce83-242c-4a6f-a9ec-b211957cc825@group-240EBE1C8FDE-SegmentedRaftLog:OPENED:c12,f12,i12, conf=0: [35b93ee3-cf43-44f7-b896-65b06618aa81:192.168.30.26:43657, 9e4f0239-5467-41fd-81e1-38f0f07fc00b:192.168.30.26:36089, 5fb7ce83-242c-4a6f-a9ec-b211957cc825:192.168.30.26:42375], old=null
2019-10-07 12:02:26,271 [5fb7ce83-242c-4a6f-a9ec-b211957cc825@group-240EBE1C8FDE-LeaderElection172] INFO  impl.LeaderElection (LogUtils.java:infoOrTrace(149)) -   Exception 0: {}
java.util.concurrent.ExecutionException: org.apache.ratis.thirdparty.io.grpc.StatusRuntimeException: UNAVAILABLE: io exception
	at java.util.concurrent.FutureTask.report(FutureTask.java:122)
	at java.util.concurrent.FutureTask.get(FutureTask.java:192)
	at org.apache.ratis.server.impl.LeaderElection.waitForResults(LeaderElection.java:259)
	at org.apache.ratis.server.impl.LeaderElection.askForVotes(LeaderElection.java:197)
	at org.apache.ratis.server.impl.LeaderElection.run(LeaderElection.java:133)
	at java.lang.Thread.run(Thread.java:748)
Caused by: org.apache.ratis.thirdparty.io.grpc.StatusRuntimeException: UNAVAILABLE: io exception
	at org.apache.ratis.thirdparty.io.grpc.stub.ClientCalls.toStatusRuntimeException(ClientCalls.java:233)
	at org.apache.ratis.thirdparty.io.grpc.stub.ClientCalls.getUnchecked(ClientCalls.java:214)
	at org.apache.ratis.thirdparty.io.grpc.stub.ClientCalls.blockingUnaryCall(ClientCalls.java:139)
	at org.apache.ratis.proto.grpc.RaftServerProtocolServiceGrpc$RaftServerProtocolServiceBlockingStub.requestVote(RaftServerProtocolServiceGrpc.java:265)
	at org.apache.ratis.grpc.server.GrpcServerProtocolClient.requestVote(GrpcServerProtocolClient.java:99)
	at org.apache.ratis.grpc.server.GrpcService.requestVote(GrpcService.java:204)
	at org.apache.ratis.server.impl.LeaderElection.lambda$submitRequests$1(LeaderElection.java:234)
	at java.util.concurrent.FutureTask.run(FutureTask.java:266)
	at java.util.concurrent.Executors$RunnableAdapter.call(Executors.java:511)
	at java.util.concurrent.FutureTask.run(FutureTask.java:266)
	at java.util.concurrent.ThreadPoolExecutor.runWorker(ThreadPoolExecutor.java:1149)
	at java.util.concurrent.ThreadPoolExecutor$Worker.run(ThreadPoolExecutor.java:624)
	... 1 more
Caused by: org.apache.ratis.thirdparty.io.netty.channel.AbstractChannel$AnnotatedConnectException: Connection refused: /192.168.30.26:43657
	at sun.nio.ch.SocketChannelImpl.checkConnect(Native Method)
	at sun.nio.ch.SocketChannelImpl.finishConnect(SocketChannelImpl.java:717)
	at org.apache.ratis.thirdparty.io.netty.channel.socket.nio.NioSocketChannel.doFinishConnect(NioSocketChannel.java:327)
	at org.apache.ratis.thirdparty.io.netty.channel.nio.AbstractNioChannel$AbstractNioUnsafe.finishConnect(AbstractNioChannel.java:340)
	at org.apache.ratis.thirdparty.io.netty.channel.nio.NioEventLoop.processSelectedKey(NioEventLoop.java:632)
	at org.apache.ratis.thirdparty.io.netty.channel.nio.NioEventLoop.processSelectedKeysOptimized(NioEventLoop.java:579)
	at org.apache.ratis.thirdparty.io.netty.channel.nio.NioEventLoop.processSelectedKeys(NioEventLoop.java:496)
	at org.apache.ratis.thirdparty.io.netty.channel.nio.NioEventLoop.run(NioEventLoop.java:458)
	at org.apache.ratis.thirdparty.io.netty.util.concurrent.SingleThreadEventExecutor$5.run(SingleThreadEventExecutor.java:897)
	at org.apache.ratis.thirdparty.io.netty.util.concurrent.FastThreadLocalRunnable.run(FastThreadLocalRunnable.java:30)
	... 1 more
Caused by: java.net.ConnectException: Connection refused
	... 11 more
2019-10-07 12:02:26,271 [5fb7ce83-242c-4a6f-a9ec-b211957cc825@group-240EBE1C8FDE-LeaderElection172] INFO  impl.LeaderElection (LogUtils.java:infoOrTrace(149)) -   Exception 1: {}
java.util.concurrent.ExecutionException: org.apache.ratis.thirdparty.io.grpc.StatusRuntimeException: UNAVAILABLE: io exception
	at java.util.concurrent.FutureTask.report(FutureTask.java:122)
	at java.util.concurrent.FutureTask.get(FutureTask.java:192)
	at org.apache.ratis.server.impl.LeaderElection.waitForResults(LeaderElection.java:259)
	at org.apache.ratis.server.impl.LeaderElection.askForVotes(LeaderElection.java:197)
	at org.apache.ratis.server.impl.LeaderElection.run(LeaderElection.java:133)
	at java.lang.Thread.run(Thread.java:748)
Caused by: org.apache.ratis.thirdparty.io.grpc.StatusRuntimeException: UNAVAILABLE: io exception
	at org.apache.ratis.thirdparty.io.grpc.stub.ClientCalls.toStatusRuntimeException(ClientCalls.java:233)
	at org.apache.ratis.thirdparty.io.grpc.stub.ClientCalls.getUnchecked(ClientCalls.java:214)
	at org.apache.ratis.thirdparty.io.grpc.stub.ClientCalls.blockingUnaryCall(ClientCalls.java:139)
	at org.apache.ratis.proto.grpc.RaftServerProtocolServiceGrpc$RaftServerProtocolServiceBlockingStub.requestVote(RaftServerProtocolServiceGrpc.java:265)
	at org.apache.ratis.grpc.server.GrpcServerProtocolClient.requestVote(GrpcServerProtocolClient.java:99)
	at org.apache.ratis.grpc.server.GrpcService.requestVote(GrpcService.java:204)
	at org.apache.ratis.server.impl.LeaderElection.lambda$submitRequests$1(LeaderElection.java:234)
	at java.util.concurrent.FutureTask.run(FutureTask.java:266)
	at java.util.concurrent.Executors$RunnableAdapter.call(Executors.java:511)
	at java.util.concurrent.FutureTask.run(FutureTask.java:266)
	at java.util.concurrent.ThreadPoolExecutor.runWorker(ThreadPoolExecutor.java:1149)
	at java.util.concurrent.ThreadPoolExecutor$Worker.run(ThreadPoolExecutor.java:624)
	... 1 more
Caused by: org.apache.ratis.thirdparty.io.netty.channel.AbstractChannel$AnnotatedConnectException: Connection refused: /192.168.30.26:36089
	at sun.nio.ch.SocketChannelImpl.checkConnect(Native Method)
	at sun.nio.ch.SocketChannelImpl.finishConnect(SocketChannelImpl.java:717)
	at org.apache.ratis.thirdparty.io.netty.channel.socket.nio.NioSocketChannel.doFinishConnect(NioSocketChannel.java:327)
	at org.apache.ratis.thirdparty.io.netty.channel.nio.AbstractNioChannel$AbstractNioUnsafe.finishConnect(AbstractNioChannel.java:340)
	at org.apache.ratis.thirdparty.io.netty.channel.nio.NioEventLoop.processSelectedKey(NioEventLoop.java:632)
	at org.apache.ratis.thirdparty.io.netty.channel.nio.NioEventLoop.processSelectedKeysOptimized(NioEventLoop.java:579)
	at org.apache.ratis.thirdparty.io.netty.channel.nio.NioEventLoop.processSelectedKeys(NioEventLoop.java:496)
	at org.apache.ratis.thirdparty.io.netty.channel.nio.NioEventLoop.run(NioEventLoop.java:458)
	at org.apache.ratis.thirdparty.io.netty.util.concurrent.SingleThreadEventExecutor$5.run(SingleThreadEventExecutor.java:897)
	at org.apache.ratis.thirdparty.io.netty.util.concurrent.FastThreadLocalRunnable.run(FastThreadLocalRunnable.java:30)
	... 1 more
Caused by: java.net.ConnectException: Connection refused
	... 11 more
2019-10-07 12:02:26,272 [5fb7ce83-242c-4a6f-a9ec-b211957cc825@group-240EBE1C8FDE-LeaderElection172] INFO  impl.RaftServerImpl (RaftServerImpl.java:setRole(170)) - 5fb7ce83-242c-4a6f-a9ec-b211957cc825@group-240EBE1C8FDE: changes role from CANDIDATE to FOLLOWER at term 11 for DISCOVERED_A_NEW_TERM
2019-10-07 12:02:26,272 [5fb7ce83-242c-4a6f-a9ec-b211957cc825@group-240EBE1C8FDE-LeaderElection172] INFO  impl.RoleInfo (RoleInfo.java:shutdownLeaderElection(134)) - 5fb7ce83-242c-4a6f-a9ec-b211957cc825: shutdown LeaderElection
2019-10-07 12:02:26,272 [5fb7ce83-242c-4a6f-a9ec-b211957cc825@group-240EBE1C8FDE-LeaderElection172] INFO  impl.RoleInfo (RoleInfo.java:updateAndGet(143)) - 5fb7ce83-242c-4a6f-a9ec-b211957cc825: start FollowerState
2019-10-07 12:02:26,806 [Thread-4095] INFO  impl.FollowerState (FollowerState.java:run(108)) - 36acb61b-05f2-4e48-b1a6-804a8e695824@group-8EBE8B731ECD-FollowerState: change to CANDIDATE, lastRpcTime:1175ms, electionTimeout:1175ms
2019-10-07 12:02:26,845 [Thread-4095] INFO  impl.RoleInfo (RoleInfo.java:shutdownFollowerState(121)) - 36acb61b-05f2-4e48-b1a6-804a8e695824: shutdown FollowerState
2019-10-07 12:02:26,845 [Thread-4095] INFO  impl.RaftServerImpl (RaftServerImpl.java:setRole(170)) - 36acb61b-05f2-4e48-b1a6-804a8e695824@group-8EBE8B731ECD: changes role from  FOLLOWER to CANDIDATE at term 2 for changeToCandidate
2019-10-07 12:02:26,845 [Thread-4095] INFO  impl.RoleInfo (RoleInfo.java:updateAndGet(143)) - 36acb61b-05f2-4e48-b1a6-804a8e695824: start LeaderElection
2019-10-07 12:02:26,979 [36acb61b-05f2-4e48-b1a6-804a8e695824@group-8EBE8B731ECD-LeaderElection173] INFO  impl.LeaderElection (LeaderElection.java:askForVotes(178)) - 36acb61b-05f2-4e48-b1a6-804a8e695824@group-8EBE8B731ECD-LeaderElection173: begin an election at term 3 for 0: [dbe9d5b3-671c-49b9-b95c-28ee3dd5e12c:192.168.30.26:38963, 36acb61b-05f2-4e48-b1a6-804a8e695824:192.168.30.26:33929, f273724d-798c-4ad2-8d41-52aa1480ea33:192.168.30.26:37581], old=null
2019-10-07 12:02:26,980 [36acb61b-05f2-4e48-b1a6-804a8e695824@group-8EBE8B731ECD-LeaderElection173] INFO  impl.LeaderElection (LogUtils.java:infoOrTrace(149)) - 36acb61b-05f2-4e48-b1a6-804a8e695824@group-8EBE8B731ECD-LeaderElection173 got exception when requesting votes: {}
java.util.concurrent.ExecutionException: org.apache.ratis.thirdparty.io.grpc.StatusRuntimeException: UNAVAILABLE: io exception
	at java.util.concurrent.FutureTask.report(FutureTask.java:122)
	at java.util.concurrent.FutureTask.get(FutureTask.java:192)
	at org.apache.ratis.server.impl.LeaderElection.waitForResults(LeaderElection.java:259)
	at org.apache.ratis.server.impl.LeaderElection.askForVotes(LeaderElection.java:197)
	at org.apache.ratis.server.impl.LeaderElection.run(LeaderElection.java:133)
	at java.lang.Thread.run(Thread.java:748)
Caused by: org.apache.ratis.thirdparty.io.grpc.StatusRuntimeException: UNAVAILABLE: io exception
	at org.apache.ratis.thirdparty.io.grpc.stub.ClientCalls.toStatusRuntimeException(ClientCalls.java:233)
	at org.apache.ratis.thirdparty.io.grpc.stub.ClientCalls.getUnchecked(ClientCalls.java:214)
	at org.apache.ratis.thirdparty.io.grpc.stub.ClientCalls.blockingUnaryCall(ClientCalls.java:139)
	at org.apache.ratis.proto.grpc.RaftServerProtocolServiceGrpc$RaftServerProtocolServiceBlockingStub.requestVote(RaftServerProtocolServiceGrpc.java:265)
	at org.apache.ratis.grpc.server.GrpcServerProtocolClient.requestVote(GrpcServerProtocolClient.java:99)
	at org.apache.ratis.grpc.server.GrpcService.requestVote(GrpcService.java:204)
	at org.apache.ratis.server.impl.LeaderElection.lambda$submitRequests$1(LeaderElection.java:234)
	at java.util.concurrent.FutureTask.run(FutureTask.java:266)
	at java.util.concurrent.Executors$RunnableAdapter.call(Executors.java:511)
	at java.util.concurrent.FutureTask.run(FutureTask.java:266)
	at java.util.concurrent.ThreadPoolExecutor.runWorker(ThreadPoolExecutor.java:1149)
	at java.util.concurrent.ThreadPoolExecutor$Worker.run(ThreadPoolExecutor.java:624)
	... 1 more
Caused by: org.apache.ratis.thirdparty.io.netty.channel.AbstractChannel$AnnotatedConnectException: Connection refused: /192.168.30.26:38963
	at sun.nio.ch.SocketChannelImpl.checkConnect(Native Method)
	at sun.nio.ch.SocketChannelImpl.finishConnect(SocketChannelImpl.java:717)
	at org.apache.ratis.thirdparty.io.netty.channel.socket.nio.NioSocketChannel.doFinishConnect(NioSocketChannel.java:327)
	at org.apache.ratis.thirdparty.io.netty.channel.nio.AbstractNioChannel$AbstractNioUnsafe.finishConnect(AbstractNioChannel.java:340)
	at org.apache.ratis.thirdparty.io.netty.channel.nio.NioEventLoop.processSelectedKey(NioEventLoop.java:632)
	at org.apache.ratis.thirdparty.io.netty.channel.nio.NioEventLoop.processSelectedKeysOptimized(NioEventLoop.java:579)
	at org.apache.ratis.thirdparty.io.netty.channel.nio.NioEventLoop.processSelectedKeys(NioEventLoop.java:496)
	at org.apache.ratis.thirdparty.io.netty.channel.nio.NioEventLoop.run(NioEventLoop.java:458)
	at org.apache.ratis.thirdparty.io.netty.util.concurrent.SingleThreadEventExecutor$5.run(SingleThreadEventExecutor.java:897)
	at org.apache.ratis.thirdparty.io.netty.util.concurrent.FastThreadLocalRunnable.run(FastThreadLocalRunnable.java:30)
	... 1 more
Caused by: java.net.ConnectException: Connection refused
	... 11 more
2019-10-07 12:02:26,981 [36acb61b-05f2-4e48-b1a6-804a8e695824@group-8EBE8B731ECD-LeaderElection173] INFO  impl.LeaderElection (LogUtils.java:infoOrTrace(149)) - 36acb61b-05f2-4e48-b1a6-804a8e695824@group-8EBE8B731ECD-LeaderElection173 got exception when requesting votes: {}
java.util.concurrent.ExecutionException: org.apache.ratis.thirdparty.io.grpc.StatusRuntimeException: UNAVAILABLE: io exception
	at java.util.concurrent.FutureTask.report(FutureTask.java:122)
	at java.util.concurrent.FutureTask.get(FutureTask.java:192)
	at org.apache.ratis.server.impl.LeaderElection.waitForResults(LeaderElection.java:259)
	at org.apache.ratis.server.impl.LeaderElection.askForVotes(LeaderElection.java:197)
	at org.apache.ratis.server.impl.LeaderElection.run(LeaderElection.java:133)
	at java.lang.Thread.run(Thread.java:748)
Caused by: org.apache.ratis.thirdparty.io.grpc.StatusRuntimeException: UNAVAILABLE: io exception
	at org.apache.ratis.thirdparty.io.grpc.stub.ClientCalls.toStatusRuntimeException(ClientCalls.java:233)
	at org.apache.ratis.thirdparty.io.grpc.stub.ClientCalls.getUnchecked(ClientCalls.java:214)
	at org.apache.ratis.thirdparty.io.grpc.stub.ClientCalls.blockingUnaryCall(ClientCalls.java:139)
	at org.apache.ratis.proto.grpc.RaftServerProtocolServiceGrpc$RaftServerProtocolServiceBlockingStub.requestVote(RaftServerProtocolServiceGrpc.java:265)
	at org.apache.ratis.grpc.server.GrpcServerProtocolClient.requestVote(GrpcServerProtocolClient.java:99)
	at org.apache.ratis.grpc.server.GrpcService.requestVote(GrpcService.java:204)
	at org.apache.ratis.server.impl.LeaderElection.lambda$submitRequests$1(LeaderElection.java:234)
	at java.util.concurrent.FutureTask.run(FutureTask.java:266)
	at java.util.concurrent.Executors$RunnableAdapter.call(Executors.java:511)
	at java.util.concurrent.FutureTask.run(FutureTask.java:266)
	at java.util.concurrent.ThreadPoolExecutor.runWorker(ThreadPoolExecutor.java:1149)
	at java.util.concurrent.ThreadPoolExecutor$Worker.run(ThreadPoolExecutor.java:624)
	... 1 more
Caused by: org.apache.ratis.thirdparty.io.netty.channel.AbstractChannel$AnnotatedConnectException: Connection refused: /192.168.30.26:37581
	at sun.nio.ch.SocketChannelImpl.checkConnect(Native Method)
	at sun.nio.ch.SocketChannelImpl.finishConnect(SocketChannelImpl.java:717)
	at org.apache.ratis.thirdparty.io.netty.channel.socket.nio.NioSocketChannel.doFinishConnect(NioSocketChannel.java:327)
	at org.apache.ratis.thirdparty.io.netty.channel.nio.AbstractNioChannel$AbstractNioUnsafe.finishConnect(AbstractNioChannel.java:340)
	at org.apache.ratis.thirdparty.io.netty.channel.nio.NioEventLoop.processSelectedKey(NioEventLoop.java:632)
	at org.apache.ratis.thirdparty.io.netty.channel.nio.NioEventLoop.processSelectedKeysOptimized(NioEventLoop.java:579)
	at org.apache.ratis.thirdparty.io.netty.channel.nio.NioEventLoop.processSelectedKeys(NioEventLoop.java:496)
	at org.apache.ratis.thirdparty.io.netty.channel.nio.NioEventLoop.run(NioEventLoop.java:458)
	at org.apache.ratis.thirdparty.io.netty.util.concurrent.SingleThreadEventExecutor$5.run(SingleThreadEventExecutor.java:897)
	at org.apache.ratis.thirdparty.io.netty.util.concurrent.FastThreadLocalRunnable.run(FastThreadLocalRunnable.java:30)
	... 1 more
Caused by: java.net.ConnectException: Connection refused
	... 11 more
2019-10-07 12:02:26,981 [36acb61b-05f2-4e48-b1a6-804a8e695824@group-8EBE8B731ECD-LeaderElection173] INFO  impl.LeaderElection (LeaderElection.java:logAndReturn(56)) - 36acb61b-05f2-4e48-b1a6-804a8e695824@group-8EBE8B731ECD-LeaderElection173: Election REJECTED; received 0 response(s) [] and 2 exception(s); 36acb61b-05f2-4e48-b1a6-804a8e695824@group-8EBE8B731ECD:t3, leader=null, voted=36acb61b-05f2-4e48-b1a6-804a8e695824, raftlog=36acb61b-05f2-4e48-b1a6-804a8e695824@group-8EBE8B731ECD-SegmentedRaftLog:OPENED:c4,f4,i4, conf=0: [dbe9d5b3-671c-49b9-b95c-28ee3dd5e12c:192.168.30.26:38963, 36acb61b-05f2-4e48-b1a6-804a8e695824:192.168.30.26:33929, f273724d-798c-4ad2-8d41-52aa1480ea33:192.168.30.26:37581], old=null
2019-10-07 12:02:26,981 [36acb61b-05f2-4e48-b1a6-804a8e695824@group-8EBE8B731ECD-LeaderElection173] INFO  impl.LeaderElection (LogUtils.java:infoOrTrace(149)) -   Exception 0: {}
java.util.concurrent.ExecutionException: org.apache.ratis.thirdparty.io.grpc.StatusRuntimeException: UNAVAILABLE: io exception
	at java.util.concurrent.FutureTask.report(FutureTask.java:122)
	at java.util.concurrent.FutureTask.get(FutureTask.java:192)
	at org.apache.ratis.server.impl.LeaderElection.waitForResults(LeaderElection.java:259)
	at org.apache.ratis.server.impl.LeaderElection.askForVotes(LeaderElection.java:197)
	at org.apache.ratis.server.impl.LeaderElection.run(LeaderElection.java:133)
	at java.lang.Thread.run(Thread.java:748)
Caused by: org.apache.ratis.thirdparty.io.grpc.StatusRuntimeException: UNAVAILABLE: io exception
	at org.apache.ratis.thirdparty.io.grpc.stub.ClientCalls.toStatusRuntimeException(ClientCalls.java:233)
	at org.apache.ratis.thirdparty.io.grpc.stub.ClientCalls.getUnchecked(ClientCalls.java:214)
	at org.apache.ratis.thirdparty.io.grpc.stub.ClientCalls.blockingUnaryCall(ClientCalls.java:139)
	at org.apache.ratis.proto.grpc.RaftServerProtocolServiceGrpc$RaftServerProtocolServiceBlockingStub.requestVote(RaftServerProtocolServiceGrpc.java:265)
	at org.apache.ratis.grpc.server.GrpcServerProtocolClient.requestVote(GrpcServerProtocolClient.java:99)
	at org.apache.ratis.grpc.server.GrpcService.requestVote(GrpcService.java:204)
	at org.apache.ratis.server.impl.LeaderElection.lambda$submitRequests$1(LeaderElection.java:234)
	at java.util.concurrent.FutureTask.run(FutureTask.java:266)
	at java.util.concurrent.Executors$RunnableAdapter.call(Executors.java:511)
	at java.util.concurrent.FutureTask.run(FutureTask.java:266)
	at java.util.concurrent.ThreadPoolExecutor.runWorker(ThreadPoolExecutor.java:1149)
	at java.util.concurrent.ThreadPoolExecutor$Worker.run(ThreadPoolExecutor.java:624)
	... 1 more
Caused by: org.apache.ratis.thirdparty.io.netty.channel.AbstractChannel$AnnotatedConnectException: Connection refused: /192.168.30.26:38963
	at sun.nio.ch.SocketChannelImpl.checkConnect(Native Method)
	at sun.nio.ch.SocketChannelImpl.finishConnect(SocketChannelImpl.java:717)
	at org.apache.ratis.thirdparty.io.netty.channel.socket.nio.NioSocketChannel.doFinishConnect(NioSocketChannel.java:327)
	at org.apache.ratis.thirdparty.io.netty.channel.nio.AbstractNioChannel$AbstractNioUnsafe.finishConnect(AbstractNioChannel.java:340)
	at org.apache.ratis.thirdparty.io.netty.channel.nio.NioEventLoop.processSelectedKey(NioEventLoop.java:632)
	at org.apache.ratis.thirdparty.io.netty.channel.nio.NioEventLoop.processSelectedKeysOptimized(NioEventLoop.java:579)
	at org.apache.ratis.thirdparty.io.netty.channel.nio.NioEventLoop.processSelectedKeys(NioEventLoop.java:496)
	at org.apache.ratis.thirdparty.io.netty.channel.nio.NioEventLoop.run(NioEventLoop.java:458)
	at org.apache.ratis.thirdparty.io.netty.util.concurrent.SingleThreadEventExecutor$5.run(SingleThreadEventExecutor.java:897)
	at org.apache.ratis.thirdparty.io.netty.util.concurrent.FastThreadLocalRunnable.run(FastThreadLocalRunnable.java:30)
	... 1 more
Caused by: java.net.ConnectException: Connection refused
	... 11 more
2019-10-07 12:02:26,981 [36acb61b-05f2-4e48-b1a6-804a8e695824@group-8EBE8B731ECD-LeaderElection173] INFO  impl.LeaderElection (LogUtils.java:infoOrTrace(149)) -   Exception 1: {}
java.util.concurrent.ExecutionException: org.apache.ratis.thirdparty.io.grpc.StatusRuntimeException: UNAVAILABLE: io exception
	at java.util.concurrent.FutureTask.report(FutureTask.java:122)
	at java.util.concurrent.FutureTask.get(FutureTask.java:192)
	at org.apache.ratis.server.impl.LeaderElection.waitForResults(LeaderElection.java:259)
	at org.apache.ratis.server.impl.LeaderElection.askForVotes(LeaderElection.java:197)
	at org.apache.ratis.server.impl.LeaderElection.run(LeaderElection.java:133)
	at java.lang.Thread.run(Thread.java:748)
Caused by: org.apache.ratis.thirdparty.io.grpc.StatusRuntimeException: UNAVAILABLE: io exception
	at org.apache.ratis.thirdparty.io.grpc.stub.ClientCalls.toStatusRuntimeException(ClientCalls.java:233)
	at org.apache.ratis.thirdparty.io.grpc.stub.ClientCalls.getUnchecked(ClientCalls.java:214)
	at org.apache.ratis.thirdparty.io.grpc.stub.ClientCalls.blockingUnaryCall(ClientCalls.java:139)
	at org.apache.ratis.proto.grpc.RaftServerProtocolServiceGrpc$RaftServerProtocolServiceBlockingStub.requestVote(RaftServerProtocolServiceGrpc.java:265)
	at org.apache.ratis.grpc.server.GrpcServerProtocolClient.requestVote(GrpcServerProtocolClient.java:99)
	at org.apache.ratis.grpc.server.GrpcService.requestVote(GrpcService.java:204)
	at org.apache.ratis.server.impl.LeaderElection.lambda$submitRequests$1(LeaderElection.java:234)
	at java.util.concurrent.FutureTask.run(FutureTask.java:266)
	at java.util.concurrent.Executors$RunnableAdapter.call(Executors.java:511)
	at java.util.concurrent.FutureTask.run(FutureTask.java:266)
	at java.util.concurrent.ThreadPoolExecutor.runWorker(ThreadPoolExecutor.java:1149)
	at java.util.concurrent.ThreadPoolExecutor$Worker.run(ThreadPoolExecutor.java:624)
	... 1 more
Caused by: org.apache.ratis.thirdparty.io.netty.channel.AbstractChannel$AnnotatedConnectException: Connection refused: /192.168.30.26:37581
	at sun.nio.ch.SocketChannelImpl.checkConnect(Native Method)
	at sun.nio.ch.SocketChannelImpl.finishConnect(SocketChannelImpl.java:717)
	at org.apache.ratis.thirdparty.io.netty.channel.socket.nio.NioSocketChannel.doFinishConnect(NioSocketChannel.java:327)
	at org.apache.ratis.thirdparty.io.netty.channel.nio.AbstractNioChannel$AbstractNioUnsafe.finishConnect(AbstractNioChannel.java:340)
	at org.apache.ratis.thirdparty.io.netty.channel.nio.NioEventLoop.processSelectedKey(NioEventLoop.java:632)
	at org.apache.ratis.thirdparty.io.netty.channel.nio.NioEventLoop.processSelectedKeysOptimized(NioEventLoop.java:579)
	at org.apache.ratis.thirdparty.io.netty.channel.nio.NioEventLoop.processSelectedKeys(NioEventLoop.java:496)
	at org.apache.ratis.thirdparty.io.netty.channel.nio.NioEventLoop.run(NioEventLoop.java:458)
	at org.apache.ratis.thirdparty.io.netty.util.concurrent.SingleThreadEventExecutor$5.run(SingleThreadEventExecutor.java:897)
	at org.apache.ratis.thirdparty.io.netty.util.concurrent.FastThreadLocalRunnable.run(FastThreadLocalRunnable.java:30)
	... 1 more
Caused by: java.net.ConnectException: Connection refused
	... 11 more
2019-10-07 12:02:26,982 [36acb61b-05f2-4e48-b1a6-804a8e695824@group-8EBE8B731ECD-LeaderElection173] INFO  impl.RaftServerImpl (RaftServerImpl.java:setRole(170)) - 36acb61b-05f2-4e48-b1a6-804a8e695824@group-8EBE8B731ECD: changes role from CANDIDATE to FOLLOWER at term 3 for DISCOVERED_A_NEW_TERM
2019-10-07 12:02:26,982 [36acb61b-05f2-4e48-b1a6-804a8e695824@group-8EBE8B731ECD-LeaderElection173] INFO  impl.RoleInfo (RoleInfo.java:shutdownLeaderElection(134)) - 36acb61b-05f2-4e48-b1a6-804a8e695824: shutdown LeaderElection
2019-10-07 12:02:26,982 [36acb61b-05f2-4e48-b1a6-804a8e695824@group-8EBE8B731ECD-LeaderElection173] INFO  impl.RoleInfo (RoleInfo.java:updateAndGet(143)) - 36acb61b-05f2-4e48-b1a6-804a8e695824: start FollowerState
2019-10-07 12:02:27,329 [Thread-4099] INFO  impl.FollowerState (FollowerState.java:run(108)) - 5fb7ce83-242c-4a6f-a9ec-b211957cc825@group-240EBE1C8FDE-FollowerState: change to CANDIDATE, lastRpcTime:1057ms, electionTimeout:1057ms
2019-10-07 12:02:27,332 [Thread-4099] INFO  impl.RoleInfo (RoleInfo.java:shutdownFollowerState(121)) - 5fb7ce83-242c-4a6f-a9ec-b211957cc825: shutdown FollowerState
2019-10-07 12:02:27,332 [Thread-4099] INFO  impl.RaftServerImpl (RaftServerImpl.java:setRole(170)) - 5fb7ce83-242c-4a6f-a9ec-b211957cc825@group-240EBE1C8FDE: changes role from  FOLLOWER to CANDIDATE at term 11 for changeToCandidate
2019-10-07 12:02:27,332 [Thread-4099] INFO  impl.RoleInfo (RoleInfo.java:updateAndGet(143)) - 5fb7ce83-242c-4a6f-a9ec-b211957cc825: start LeaderElection
2019-10-07 12:02:27,340 [5fb7ce83-242c-4a6f-a9ec-b211957cc825@group-240EBE1C8FDE-LeaderElection174] INFO  impl.LeaderElection (LeaderElection.java:askForVotes(178)) - 5fb7ce83-242c-4a6f-a9ec-b211957cc825@group-240EBE1C8FDE-LeaderElection174: begin an election at term 12 for 0: [35b93ee3-cf43-44f7-b896-65b06618aa81:192.168.30.26:43657, 9e4f0239-5467-41fd-81e1-38f0f07fc00b:192.168.30.26:36089, 5fb7ce83-242c-4a6f-a9ec-b211957cc825:192.168.30.26:42375], old=null
2019-10-07 12:02:27,342 [5fb7ce83-242c-4a6f-a9ec-b211957cc825@group-240EBE1C8FDE-LeaderElection174] INFO  impl.LeaderElection (LogUtils.java:infoOrTrace(149)) - 5fb7ce83-242c-4a6f-a9ec-b211957cc825@group-240EBE1C8FDE-LeaderElection174 got exception when requesting votes: {}
java.util.concurrent.ExecutionException: org.apache.ratis.thirdparty.io.grpc.StatusRuntimeException: UNAVAILABLE: io exception
	at java.util.concurrent.FutureTask.report(FutureTask.java:122)
	at java.util.concurrent.FutureTask.get(FutureTask.java:192)
	at org.apache.ratis.server.impl.LeaderElection.waitForResults(LeaderElection.java:259)
	at org.apache.ratis.server.impl.LeaderElection.askForVotes(LeaderElection.java:197)
	at org.apache.ratis.server.impl.LeaderElection.run(LeaderElection.java:133)
	at java.lang.Thread.run(Thread.java:748)
Caused by: org.apache.ratis.thirdparty.io.grpc.StatusRuntimeException: UNAVAILABLE: io exception
	at org.apache.ratis.thirdparty.io.grpc.stub.ClientCalls.toStatusRuntimeException(ClientCalls.java:233)
	at org.apache.ratis.thirdparty.io.grpc.stub.ClientCalls.getUnchecked(ClientCalls.java:214)
	at org.apache.ratis.thirdparty.io.grpc.stub.ClientCalls.blockingUnaryCall(ClientCalls.java:139)
	at org.apache.ratis.proto.grpc.RaftServerProtocolServiceGrpc$RaftServerProtocolServiceBlockingStub.requestVote(RaftServerProtocolServiceGrpc.java:265)
	at org.apache.ratis.grpc.server.GrpcServerProtocolClient.requestVote(GrpcServerProtocolClient.java:99)
	at org.apache.ratis.grpc.server.GrpcService.requestVote(GrpcService.java:204)
	at org.apache.ratis.server.impl.LeaderElection.lambda$submitRequests$1(LeaderElection.java:234)
	at java.util.concurrent.FutureTask.run(FutureTask.java:266)
	at java.util.concurrent.Executors$RunnableAdapter.call(Executors.java:511)
	at java.util.concurrent.FutureTask.run(FutureTask.java:266)
	at java.util.concurrent.ThreadPoolExecutor.runWorker(ThreadPoolExecutor.java:1149)
	at java.util.concurrent.ThreadPoolExecutor$Worker.run(ThreadPoolExecutor.java:624)
	... 1 more
Caused by: org.apache.ratis.thirdparty.io.netty.channel.AbstractChannel$AnnotatedConnectException: Connection refused: /192.168.30.26:43657
	at sun.nio.ch.SocketChannelImpl.checkConnect(Native Method)
	at sun.nio.ch.SocketChannelImpl.finishConnect(SocketChannelImpl.java:717)
	at org.apache.ratis.thirdparty.io.netty.channel.socket.nio.NioSocketChannel.doFinishConnect(NioSocketChannel.java:327)
	at org.apache.ratis.thirdparty.io.netty.channel.nio.AbstractNioChannel$AbstractNioUnsafe.finishConnect(AbstractNioChannel.java:340)
	at org.apache.ratis.thirdparty.io.netty.channel.nio.NioEventLoop.processSelectedKey(NioEventLoop.java:632)
	at org.apache.ratis.thirdparty.io.netty.channel.nio.NioEventLoop.processSelectedKeysOptimized(NioEventLoop.java:579)
	at org.apache.ratis.thirdparty.io.netty.channel.nio.NioEventLoop.processSelectedKeys(NioEventLoop.java:496)
	at org.apache.ratis.thirdparty.io.netty.channel.nio.NioEventLoop.run(NioEventLoop.java:458)
	at org.apache.ratis.thirdparty.io.netty.util.concurrent.SingleThreadEventExecutor$5.run(SingleThreadEventExecutor.java:897)
	at org.apache.ratis.thirdparty.io.netty.util.concurrent.FastThreadLocalRunnable.run(FastThreadLocalRunnable.java:30)
	... 1 more
Caused by: java.net.ConnectException: Connection refused
	... 11 more
2019-10-07 12:02:27,342 [5fb7ce83-242c-4a6f-a9ec-b211957cc825@group-240EBE1C8FDE-LeaderElection174] INFO  impl.LeaderElection (LogUtils.java:infoOrTrace(149)) - 5fb7ce83-242c-4a6f-a9ec-b211957cc825@group-240EBE1C8FDE-LeaderElection174 got exception when requesting votes: {}
java.util.concurrent.ExecutionException: org.apache.ratis.thirdparty.io.grpc.StatusRuntimeException: UNAVAILABLE: io exception
	at java.util.concurrent.FutureTask.report(FutureTask.java:122)
	at java.util.concurrent.FutureTask.get(FutureTask.java:192)
	at org.apache.ratis.server.impl.LeaderElection.waitForResults(LeaderElection.java:259)
	at org.apache.ratis.server.impl.LeaderElection.askForVotes(LeaderElection.java:197)
	at org.apache.ratis.server.impl.LeaderElection.run(LeaderElection.java:133)
	at java.lang.Thread.run(Thread.java:748)
Caused by: org.apache.ratis.thirdparty.io.grpc.StatusRuntimeException: UNAVAILABLE: io exception
	at org.apache.ratis.thirdparty.io.grpc.stub.ClientCalls.toStatusRuntimeException(ClientCalls.java:233)
	at org.apache.ratis.thirdparty.io.grpc.stub.ClientCalls.getUnchecked(ClientCalls.java:214)
	at org.apache.ratis.thirdparty.io.grpc.stub.ClientCalls.blockingUnaryCall(ClientCalls.java:139)
	at org.apache.ratis.proto.grpc.RaftServerProtocolServiceGrpc$RaftServerProtocolServiceBlockingStub.requestVote(RaftServerProtocolServiceGrpc.java:265)
	at org.apache.ratis.grpc.server.GrpcServerProtocolClient.requestVote(GrpcServerProtocolClient.java:99)
	at org.apache.ratis.grpc.server.GrpcService.requestVote(GrpcService.java:204)
	at org.apache.ratis.server.impl.LeaderElection.lambda$submitRequests$1(LeaderElection.java:234)
	at java.util.concurrent.FutureTask.run(FutureTask.java:266)
	at java.util.concurrent.Executors$RunnableAdapter.call(Executors.java:511)
	at java.util.concurrent.FutureTask.run(FutureTask.java:266)
	at java.util.concurrent.ThreadPoolExecutor.runWorker(ThreadPoolExecutor.java:1149)
	at java.util.concurrent.ThreadPoolExecutor$Worker.run(ThreadPoolExecutor.java:624)
	... 1 more
Caused by: org.apache.ratis.thirdparty.io.netty.channel.AbstractChannel$AnnotatedConnectException: Connection refused: /192.168.30.26:36089
	at sun.nio.ch.SocketChannelImpl.checkConnect(Native Method)
	at sun.nio.ch.SocketChannelImpl.finishConnect(SocketChannelImpl.java:717)
	at org.apache.ratis.thirdparty.io.netty.channel.socket.nio.NioSocketChannel.doFinishConnect(NioSocketChannel.java:327)
	at org.apache.ratis.thirdparty.io.netty.channel.nio.AbstractNioChannel$AbstractNioUnsafe.finishConnect(AbstractNioChannel.java:340)
	at org.apache.ratis.thirdparty.io.netty.channel.nio.NioEventLoop.processSelectedKey(NioEventLoop.java:632)
	at org.apache.ratis.thirdparty.io.netty.channel.nio.NioEventLoop.processSelectedKeysOptimized(NioEventLoop.java:579)
	at org.apache.ratis.thirdparty.io.netty.channel.nio.NioEventLoop.processSelectedKeys(NioEventLoop.java:496)
	at org.apache.ratis.thirdparty.io.netty.channel.nio.NioEventLoop.run(NioEventLoop.java:458)
	at org.apache.ratis.thirdparty.io.netty.util.concurrent.SingleThreadEventExecutor$5.run(SingleThreadEventExecutor.java:897)
	at org.apache.ratis.thirdparty.io.netty.util.concurrent.FastThreadLocalRunnable.run(FastThreadLocalRunnable.java:30)
	... 1 more
Caused by: java.net.ConnectException: Connection refused
	... 11 more
2019-10-07 12:02:27,343 [5fb7ce83-242c-4a6f-a9ec-b211957cc825@group-240EBE1C8FDE-LeaderElection174] INFO  impl.LeaderElection (LeaderElection.java:logAndReturn(56)) - 5fb7ce83-242c-4a6f-a9ec-b211957cc825@group-240EBE1C8FDE-LeaderElection174: Election REJECTED; received 0 response(s) [] and 2 exception(s); 5fb7ce83-242c-4a6f-a9ec-b211957cc825@group-240EBE1C8FDE:t12, leader=null, voted=5fb7ce83-242c-4a6f-a9ec-b211957cc825, raftlog=5fb7ce83-242c-4a6f-a9ec-b211957cc825@group-240EBE1C8FDE-SegmentedRaftLog:OPENED:c12,f12,i12, conf=0: [35b93ee3-cf43-44f7-b896-65b06618aa81:192.168.30.26:43657, 9e4f0239-5467-41fd-81e1-38f0f07fc00b:192.168.30.26:36089, 5fb7ce83-242c-4a6f-a9ec-b211957cc825:192.168.30.26:42375], old=null
2019-10-07 12:02:27,343 [5fb7ce83-242c-4a6f-a9ec-b211957cc825@group-240EBE1C8FDE-LeaderElection174] INFO  impl.LeaderElection (LogUtils.java:infoOrTrace(149)) -   Exception 0: {}
java.util.concurrent.ExecutionException: org.apache.ratis.thirdparty.io.grpc.StatusRuntimeException: UNAVAILABLE: io exception
	at java.util.concurrent.FutureTask.report(FutureTask.java:122)
	at java.util.concurrent.FutureTask.get(FutureTask.java:192)
	at org.apache.ratis.server.impl.LeaderElection.waitForResults(LeaderElection.java:259)
	at org.apache.ratis.server.impl.LeaderElection.askForVotes(LeaderElection.java:197)
	at org.apache.ratis.server.impl.LeaderElection.run(LeaderElection.java:133)
	at java.lang.Thread.run(Thread.java:748)
Caused by: org.apache.ratis.thirdparty.io.grpc.StatusRuntimeException: UNAVAILABLE: io exception
	at org.apache.ratis.thirdparty.io.grpc.stub.ClientCalls.toStatusRuntimeException(ClientCalls.java:233)
	at org.apache.ratis.thirdparty.io.grpc.stub.ClientCalls.getUnchecked(ClientCalls.java:214)
	at org.apache.ratis.thirdparty.io.grpc.stub.ClientCalls.blockingUnaryCall(ClientCalls.java:139)
	at org.apache.ratis.proto.grpc.RaftServerProtocolServiceGrpc$RaftServerProtocolServiceBlockingStub.requestVote(RaftServerProtocolServiceGrpc.java:265)
	at org.apache.ratis.grpc.server.GrpcServerProtocolClient.requestVote(GrpcServerProtocolClient.java:99)
	at org.apache.ratis.grpc.server.GrpcService.requestVote(GrpcService.java:204)
	at org.apache.ratis.server.impl.LeaderElection.lambda$submitRequests$1(LeaderElection.java:234)
	at java.util.concurrent.FutureTask.run(FutureTask.java:266)
	at java.util.concurrent.Executors$RunnableAdapter.call(Executors.java:511)
	at java.util.concurrent.FutureTask.run(FutureTask.java:266)
	at java.util.concurrent.ThreadPoolExecutor.runWorker(ThreadPoolExecutor.java:1149)
	at java.util.concurrent.ThreadPoolExecutor$Worker.run(ThreadPoolExecutor.java:624)
	... 1 more
Caused by: org.apache.ratis.thirdparty.io.netty.channel.AbstractChannel$AnnotatedConnectException: Connection refused: /192.168.30.26:43657
	at sun.nio.ch.SocketChannelImpl.checkConnect(Native Method)
	at sun.nio.ch.SocketChannelImpl.finishConnect(SocketChannelImpl.java:717)
	at org.apache.ratis.thirdparty.io.netty.channel.socket.nio.NioSocketChannel.doFinishConnect(NioSocketChannel.java:327)
	at org.apache.ratis.thirdparty.io.netty.channel.nio.AbstractNioChannel$AbstractNioUnsafe.finishConnect(AbstractNioChannel.java:340)
	at org.apache.ratis.thirdparty.io.netty.channel.nio.NioEventLoop.processSelectedKey(NioEventLoop.java:632)
	at org.apache.ratis.thirdparty.io.netty.channel.nio.NioEventLoop.processSelectedKeysOptimized(NioEventLoop.java:579)
	at org.apache.ratis.thirdparty.io.netty.channel.nio.NioEventLoop.processSelectedKeys(NioEventLoop.java:496)
	at org.apache.ratis.thirdparty.io.netty.channel.nio.NioEventLoop.run(NioEventLoop.java:458)
	at org.apache.ratis.thirdparty.io.netty.util.concurrent.SingleThreadEventExecutor$5.run(SingleThreadEventExecutor.java:897)
	at org.apache.ratis.thirdparty.io.netty.util.concurrent.FastThreadLocalRunnable.run(FastThreadLocalRunnable.java:30)
	... 1 more
Caused by: java.net.ConnectException: Connection refused
	... 11 more
2019-10-07 12:02:27,343 [5fb7ce83-242c-4a6f-a9ec-b211957cc825@group-240EBE1C8FDE-LeaderElection174] INFO  impl.LeaderElection (LogUtils.java:infoOrTrace(149)) -   Exception 1: {}
java.util.concurrent.ExecutionException: org.apache.ratis.thirdparty.io.grpc.StatusRuntimeException: UNAVAILABLE: io exception
	at java.util.concurrent.FutureTask.report(FutureTask.java:122)
	at java.util.concurrent.FutureTask.get(FutureTask.java:192)
	at org.apache.ratis.server.impl.LeaderElection.waitForResults(LeaderElection.java:259)
	at org.apache.ratis.server.impl.LeaderElection.askForVotes(LeaderElection.java:197)
	at org.apache.ratis.server.impl.LeaderElection.run(LeaderElection.java:133)
	at java.lang.Thread.run(Thread.java:748)
Caused by: org.apache.ratis.thirdparty.io.grpc.StatusRuntimeException: UNAVAILABLE: io exception
	at org.apache.ratis.thirdparty.io.grpc.stub.ClientCalls.toStatusRuntimeException(ClientCalls.java:233)
	at org.apache.ratis.thirdparty.io.grpc.stub.ClientCalls.getUnchecked(ClientCalls.java:214)
	at org.apache.ratis.thirdparty.io.grpc.stub.ClientCalls.blockingUnaryCall(ClientCalls.java:139)
	at org.apache.ratis.proto.grpc.RaftServerProtocolServiceGrpc$RaftServerProtocolServiceBlockingStub.requestVote(RaftServerProtocolServiceGrpc.java:265)
	at org.apache.ratis.grpc.server.GrpcServerProtocolClient.requestVote(GrpcServerProtocolClient.java:99)
	at org.apache.ratis.grpc.server.GrpcService.requestVote(GrpcService.java:204)
	at org.apache.ratis.server.impl.LeaderElection.lambda$submitRequests$1(LeaderElection.java:234)
	at java.util.concurrent.FutureTask.run(FutureTask.java:266)
	at java.util.concurrent.Executors$RunnableAdapter.call(Executors.java:511)
	at java.util.concurrent.FutureTask.run(FutureTask.java:266)
	at java.util.concurrent.ThreadPoolExecutor.runWorker(ThreadPoolExecutor.java:1149)
	at java.util.concurrent.ThreadPoolExecutor$Worker.run(ThreadPoolExecutor.java:624)
	... 1 more
Caused by: org.apache.ratis.thirdparty.io.netty.channel.AbstractChannel$AnnotatedConnectException: Connection refused: /192.168.30.26:36089
	at sun.nio.ch.SocketChannelImpl.checkConnect(Native Method)
	at sun.nio.ch.SocketChannelImpl.finishConnect(SocketChannelImpl.java:717)
	at org.apache.ratis.thirdparty.io.netty.channel.socket.nio.NioSocketChannel.doFinishConnect(NioSocketChannel.java:327)
	at org.apache.ratis.thirdparty.io.netty.channel.nio.AbstractNioChannel$AbstractNioUnsafe.finishConnect(AbstractNioChannel.java:340)
	at org.apache.ratis.thirdparty.io.netty.channel.nio.NioEventLoop.processSelectedKey(NioEventLoop.java:632)
	at org.apache.ratis.thirdparty.io.netty.channel.nio.NioEventLoop.processSelectedKeysOptimized(NioEventLoop.java:579)
	at org.apache.ratis.thirdparty.io.netty.channel.nio.NioEventLoop.processSelectedKeys(NioEventLoop.java:496)
	at org.apache.ratis.thirdparty.io.netty.channel.nio.NioEventLoop.run(NioEventLoop.java:458)
	at org.apache.ratis.thirdparty.io.netty.util.concurrent.SingleThreadEventExecutor$5.run(SingleThreadEventExecutor.java:897)
	at org.apache.ratis.thirdparty.io.netty.util.concurrent.FastThreadLocalRunnable.run(FastThreadLocalRunnable.java:30)
	... 1 more
Caused by: java.net.ConnectException: Connection refused
	... 11 more
2019-10-07 12:02:27,344 [5fb7ce83-242c-4a6f-a9ec-b211957cc825@group-240EBE1C8FDE-LeaderElection174] INFO  impl.RaftServerImpl (RaftServerImpl.java:setRole(170)) - 5fb7ce83-242c-4a6f-a9ec-b211957cc825@group-240EBE1C8FDE: changes role from CANDIDATE to FOLLOWER at term 12 for DISCOVERED_A_NEW_TERM
2019-10-07 12:02:27,344 [5fb7ce83-242c-4a6f-a9ec-b211957cc825@group-240EBE1C8FDE-LeaderElection174] INFO  impl.RoleInfo (RoleInfo.java:shutdownLeaderElection(134)) - 5fb7ce83-242c-4a6f-a9ec-b211957cc825: shutdown LeaderElection
2019-10-07 12:02:27,344 [5fb7ce83-242c-4a6f-a9ec-b211957cc825@group-240EBE1C8FDE-LeaderElection174] INFO  impl.RoleInfo (RoleInfo.java:updateAndGet(143)) - 5fb7ce83-242c-4a6f-a9ec-b211957cc825: start FollowerState
2019-10-07 12:02:28,166 [Thread-4103] INFO  impl.FollowerState (FollowerState.java:run(108)) - 36acb61b-05f2-4e48-b1a6-804a8e695824@group-8EBE8B731ECD-FollowerState: change to CANDIDATE, lastRpcTime:1183ms, electionTimeout:1183ms
2019-10-07 12:02:28,169 [Thread-4103] INFO  impl.RoleInfo (RoleInfo.java:shutdownFollowerState(121)) - 36acb61b-05f2-4e48-b1a6-804a8e695824: shutdown FollowerState
2019-10-07 12:02:28,169 [Thread-4103] INFO  impl.RaftServerImpl (RaftServerImpl.java:setRole(170)) - 36acb61b-05f2-4e48-b1a6-804a8e695824@group-8EBE8B731ECD: changes role from  FOLLOWER to CANDIDATE at term 3 for changeToCandidate
2019-10-07 12:02:28,169 [Thread-4103] INFO  impl.RoleInfo (RoleInfo.java:updateAndGet(143)) - 36acb61b-05f2-4e48-b1a6-804a8e695824: start LeaderElection
2019-10-07 12:02:28,178 [36acb61b-05f2-4e48-b1a6-804a8e695824@group-8EBE8B731ECD-LeaderElection175] INFO  impl.LeaderElection (LeaderElection.java:askForVotes(178)) - 36acb61b-05f2-4e48-b1a6-804a8e695824@group-8EBE8B731ECD-LeaderElection175: begin an election at term 4 for 0: [dbe9d5b3-671c-49b9-b95c-28ee3dd5e12c:192.168.30.26:38963, 36acb61b-05f2-4e48-b1a6-804a8e695824:192.168.30.26:33929, f273724d-798c-4ad2-8d41-52aa1480ea33:192.168.30.26:37581], old=null
2019-10-07 12:02:28,180 [36acb61b-05f2-4e48-b1a6-804a8e695824@group-8EBE8B731ECD-LeaderElection175] INFO  impl.LeaderElection (LogUtils.java:infoOrTrace(149)) - 36acb61b-05f2-4e48-b1a6-804a8e695824@group-8EBE8B731ECD-LeaderElection175 got exception when requesting votes: {}
java.util.concurrent.ExecutionException: org.apache.ratis.thirdparty.io.grpc.StatusRuntimeException: UNAVAILABLE: io exception
	at java.util.concurrent.FutureTask.report(FutureTask.java:122)
	at java.util.concurrent.FutureTask.get(FutureTask.java:192)
	at org.apache.ratis.server.impl.LeaderElection.waitForResults(LeaderElection.java:259)
	at org.apache.ratis.server.impl.LeaderElection.askForVotes(LeaderElection.java:197)
	at org.apache.ratis.server.impl.LeaderElection.run(LeaderElection.java:133)
	at java.lang.Thread.run(Thread.java:748)
Caused by: org.apache.ratis.thirdparty.io.grpc.StatusRuntimeException: UNAVAILABLE: io exception
	at org.apache.ratis.thirdparty.io.grpc.stub.ClientCalls.toStatusRuntimeException(ClientCalls.java:233)
	at org.apache.ratis.thirdparty.io.grpc.stub.ClientCalls.getUnchecked(ClientCalls.java:214)
	at org.apache.ratis.thirdparty.io.grpc.stub.ClientCalls.blockingUnaryCall(ClientCalls.java:139)
	at org.apache.ratis.proto.grpc.RaftServerProtocolServiceGrpc$RaftServerProtocolServiceBlockingStub.requestVote(RaftServerProtocolServiceGrpc.java:265)
	at org.apache.ratis.grpc.server.GrpcServerProtocolClient.requestVote(GrpcServerProtocolClient.java:99)
	at org.apache.ratis.grpc.server.GrpcService.requestVote(GrpcService.java:204)
	at org.apache.ratis.server.impl.LeaderElection.lambda$submitRequests$1(LeaderElection.java:234)
	at java.util.concurrent.FutureTask.run(FutureTask.java:266)
	at java.util.concurrent.Executors$RunnableAdapter.call(Executors.java:511)
	at java.util.concurrent.FutureTask.run(FutureTask.java:266)
	at java.util.concurrent.ThreadPoolExecutor.runWorker(ThreadPoolExecutor.java:1149)
	at java.util.concurrent.ThreadPoolExecutor$Worker.run(ThreadPoolExecutor.java:624)
	... 1 more
Caused by: org.apache.ratis.thirdparty.io.netty.channel.AbstractChannel$AnnotatedConnectException: Connection refused: /192.168.30.26:38963
	at sun.nio.ch.SocketChannelImpl.checkConnect(Native Method)
	at sun.nio.ch.SocketChannelImpl.finishConnect(SocketChannelImpl.java:717)
	at org.apache.ratis.thirdparty.io.netty.channel.socket.nio.NioSocketChannel.doFinishConnect(NioSocketChannel.java:327)
	at org.apache.ratis.thirdparty.io.netty.channel.nio.AbstractNioChannel$AbstractNioUnsafe.finishConnect(AbstractNioChannel.java:340)
	at org.apache.ratis.thirdparty.io.netty.channel.nio.NioEventLoop.processSelectedKey(NioEventLoop.java:632)
	at org.apache.ratis.thirdparty.io.netty.channel.nio.NioEventLoop.processSelectedKeysOptimized(NioEventLoop.java:579)
	at org.apache.ratis.thirdparty.io.netty.channel.nio.NioEventLoop.processSelectedKeys(NioEventLoop.java:496)
	at org.apache.ratis.thirdparty.io.netty.channel.nio.NioEventLoop.run(NioEventLoop.java:458)
	at org.apache.ratis.thirdparty.io.netty.util.concurrent.SingleThreadEventExecutor$5.run(SingleThreadEventExecutor.java:897)
	at org.apache.ratis.thirdparty.io.netty.util.concurrent.FastThreadLocalRunnable.run(FastThreadLocalRunnable.java:30)
	... 1 more
Caused by: java.net.ConnectException: Connection refused
	... 11 more
2019-10-07 12:02:28,181 [36acb61b-05f2-4e48-b1a6-804a8e695824@group-8EBE8B731ECD-LeaderElection175] INFO  impl.LeaderElection (LogUtils.java:infoOrTrace(149)) - 36acb61b-05f2-4e48-b1a6-804a8e695824@group-8EBE8B731ECD-LeaderElection175 got exception when requesting votes: {}
java.util.concurrent.ExecutionException: org.apache.ratis.thirdparty.io.grpc.StatusRuntimeException: UNAVAILABLE: io exception
	at java.util.concurrent.FutureTask.report(FutureTask.java:122)
	at java.util.concurrent.FutureTask.get(FutureTask.java:192)
	at org.apache.ratis.server.impl.LeaderElection.waitForResults(LeaderElection.java:259)
	at org.apache.ratis.server.impl.LeaderElection.askForVotes(LeaderElection.java:197)
	at org.apache.ratis.server.impl.LeaderElection.run(LeaderElection.java:133)
	at java.lang.Thread.run(Thread.java:748)
Caused by: org.apache.ratis.thirdparty.io.grpc.StatusRuntimeException: UNAVAILABLE: io exception
	at org.apache.ratis.thirdparty.io.grpc.stub.ClientCalls.toStatusRuntimeException(ClientCalls.java:233)
	at org.apache.ratis.thirdparty.io.grpc.stub.ClientCalls.getUnchecked(ClientCalls.java:214)
	at org.apache.ratis.thirdparty.io.grpc.stub.ClientCalls.blockingUnaryCall(ClientCalls.java:139)
	at org.apache.ratis.proto.grpc.RaftServerProtocolServiceGrpc$RaftServerProtocolServiceBlockingStub.requestVote(RaftServerProtocolServiceGrpc.java:265)
	at org.apache.ratis.grpc.server.GrpcServerProtocolClient.requestVote(GrpcServerProtocolClient.java:99)
	at org.apache.ratis.grpc.server.GrpcService.requestVote(GrpcService.java:204)
	at org.apache.ratis.server.impl.LeaderElection.lambda$submitRequests$1(LeaderElection.java:234)
	at java.util.concurrent.FutureTask.run(FutureTask.java:266)
	at java.util.concurrent.Executors$RunnableAdapter.call(Executors.java:511)
	at java.util.concurrent.FutureTask.run(FutureTask.java:266)
	at java.util.concurrent.ThreadPoolExecutor.runWorker(ThreadPoolExecutor.java:1149)
	at java.util.concurrent.ThreadPoolExecutor$Worker.run(ThreadPoolExecutor.java:624)
	... 1 more
Caused by: org.apache.ratis.thirdparty.io.netty.channel.AbstractChannel$AnnotatedConnectException: Connection refused: /192.168.30.26:37581
	at sun.nio.ch.SocketChannelImpl.checkConnect(Native Method)
	at sun.nio.ch.SocketChannelImpl.finishConnect(SocketChannelImpl.java:717)
	at org.apache.ratis.thirdparty.io.netty.channel.socket.nio.NioSocketChannel.doFinishConnect(NioSocketChannel.java:327)
	at org.apache.ratis.thirdparty.io.netty.channel.nio.AbstractNioChannel$AbstractNioUnsafe.finishConnect(AbstractNioChannel.java:340)
	at org.apache.ratis.thirdparty.io.netty.channel.nio.NioEventLoop.processSelectedKey(NioEventLoop.java:632)
	at org.apache.ratis.thirdparty.io.netty.channel.nio.NioEventLoop.processSelectedKeysOptimized(NioEventLoop.java:579)
	at org.apache.ratis.thirdparty.io.netty.channel.nio.NioEventLoop.processSelectedKeys(NioEventLoop.java:496)
	at org.apache.ratis.thirdparty.io.netty.channel.nio.NioEventLoop.run(NioEventLoop.java:458)
	at org.apache.ratis.thirdparty.io.netty.util.concurrent.SingleThreadEventExecutor$5.run(SingleThreadEventExecutor.java:897)
	at org.apache.ratis.thirdparty.io.netty.util.concurrent.FastThreadLocalRunnable.run(FastThreadLocalRunnable.java:30)
	... 1 more
Caused by: java.net.ConnectException: Connection refused
	... 11 more
2019-10-07 12:02:28,182 [36acb61b-05f2-4e48-b1a6-804a8e695824@group-8EBE8B731ECD-LeaderElection175] INFO  impl.LeaderElection (LeaderElection.java:logAndReturn(56)) - 36acb61b-05f2-4e48-b1a6-804a8e695824@group-8EBE8B731ECD-LeaderElection175: Election REJECTED; received 0 response(s) [] and 2 exception(s); 36acb61b-05f2-4e48-b1a6-804a8e695824@group-8EBE8B731ECD:t4, leader=null, voted=36acb61b-05f2-4e48-b1a6-804a8e695824, raftlog=36acb61b-05f2-4e48-b1a6-804a8e695824@group-8EBE8B731ECD-SegmentedRaftLog:OPENED:c4,f4,i4, conf=0: [dbe9d5b3-671c-49b9-b95c-28ee3dd5e12c:192.168.30.26:38963, 36acb61b-05f2-4e48-b1a6-804a8e695824:192.168.30.26:33929, f273724d-798c-4ad2-8d41-52aa1480ea33:192.168.30.26:37581], old=null
2019-10-07 12:02:28,182 [36acb61b-05f2-4e48-b1a6-804a8e695824@group-8EBE8B731ECD-LeaderElection175] INFO  impl.LeaderElection (LogUtils.java:infoOrTrace(149)) -   Exception 0: {}
java.util.concurrent.ExecutionException: org.apache.ratis.thirdparty.io.grpc.StatusRuntimeException: UNAVAILABLE: io exception
	at java.util.concurrent.FutureTask.report(FutureTask.java:122)
	at java.util.concurrent.FutureTask.get(FutureTask.java:192)
	at org.apache.ratis.server.impl.LeaderElection.waitForResults(LeaderElection.java:259)
	at org.apache.ratis.server.impl.LeaderElection.askForVotes(LeaderElection.java:197)
	at org.apache.ratis.server.impl.LeaderElection.run(LeaderElection.java:133)
	at java.lang.Thread.run(Thread.java:748)
Caused by: org.apache.ratis.thirdparty.io.grpc.StatusRuntimeException: UNAVAILABLE: io exception
	at org.apache.ratis.thirdparty.io.grpc.stub.ClientCalls.toStatusRuntimeException(ClientCalls.java:233)
	at org.apache.ratis.thirdparty.io.grpc.stub.ClientCalls.getUnchecked(ClientCalls.java:214)
	at org.apache.ratis.thirdparty.io.grpc.stub.ClientCalls.blockingUnaryCall(ClientCalls.java:139)
	at org.apache.ratis.proto.grpc.RaftServerProtocolServiceGrpc$RaftServerProtocolServiceBlockingStub.requestVote(RaftServerProtocolServiceGrpc.java:265)
	at org.apache.ratis.grpc.server.GrpcServerProtocolClient.requestVote(GrpcServerProtocolClient.java:99)
	at org.apache.ratis.grpc.server.GrpcService.requestVote(GrpcService.java:204)
	at org.apache.ratis.server.impl.LeaderElection.lambda$submitRequests$1(LeaderElection.java:234)
	at java.util.concurrent.FutureTask.run(FutureTask.java:266)
	at java.util.concurrent.Executors$RunnableAdapter.call(Executors.java:511)
	at java.util.concurrent.FutureTask.run(FutureTask.java:266)
	at java.util.concurrent.ThreadPoolExecutor.runWorker(ThreadPoolExecutor.java:1149)
	at java.util.concurrent.ThreadPoolExecutor$Worker.run(ThreadPoolExecutor.java:624)
	... 1 more
Caused by: org.apache.ratis.thirdparty.io.netty.channel.AbstractChannel$AnnotatedConnectException: Connection refused: /192.168.30.26:38963
	at sun.nio.ch.SocketChannelImpl.checkConnect(Native Method)
	at sun.nio.ch.SocketChannelImpl.finishConnect(SocketChannelImpl.java:717)
	at org.apache.ratis.thirdparty.io.netty.channel.socket.nio.NioSocketChannel.doFinishConnect(NioSocketChannel.java:327)
	at org.apache.ratis.thirdparty.io.netty.channel.nio.AbstractNioChannel$AbstractNioUnsafe.finishConnect(AbstractNioChannel.java:340)
	at org.apache.ratis.thirdparty.io.netty.channel.nio.NioEventLoop.processSelectedKey(NioEventLoop.java:632)
	at org.apache.ratis.thirdparty.io.netty.channel.nio.NioEventLoop.processSelectedKeysOptimized(NioEventLoop.java:579)
	at org.apache.ratis.thirdparty.io.netty.channel.nio.NioEventLoop.processSelectedKeys(NioEventLoop.java:496)
	at org.apache.ratis.thirdparty.io.netty.channel.nio.NioEventLoop.run(NioEventLoop.java:458)
	at org.apache.ratis.thirdparty.io.netty.util.concurrent.SingleThreadEventExecutor$5.run(SingleThreadEventExecutor.java:897)
	at org.apache.ratis.thirdparty.io.netty.util.concurrent.FastThreadLocalRunnable.run(FastThreadLocalRunnable.java:30)
	... 1 more
Caused by: java.net.ConnectException: Connection refused
	... 11 more
2019-10-07 12:02:28,182 [36acb61b-05f2-4e48-b1a6-804a8e695824@group-8EBE8B731ECD-LeaderElection175] INFO  impl.LeaderElection (LogUtils.java:infoOrTrace(149)) -   Exception 1: {}
java.util.concurrent.ExecutionException: org.apache.ratis.thirdparty.io.grpc.StatusRuntimeException: UNAVAILABLE: io exception
	at java.util.concurrent.FutureTask.report(FutureTask.java:122)
	at java.util.concurrent.FutureTask.get(FutureTask.java:192)
	at org.apache.ratis.server.impl.LeaderElection.waitForResults(LeaderElection.java:259)
	at org.apache.ratis.server.impl.LeaderElection.askForVotes(LeaderElection.java:197)
	at org.apache.ratis.server.impl.LeaderElection.run(LeaderElection.java:133)
	at java.lang.Thread.run(Thread.java:748)
Caused by: org.apache.ratis.thirdparty.io.grpc.StatusRuntimeException: UNAVAILABLE: io exception
	at org.apache.ratis.thirdparty.io.grpc.stub.ClientCalls.toStatusRuntimeException(ClientCalls.java:233)
	at org.apache.ratis.thirdparty.io.grpc.stub.ClientCalls.getUnchecked(ClientCalls.java:214)
	at org.apache.ratis.thirdparty.io.grpc.stub.ClientCalls.blockingUnaryCall(ClientCalls.java:139)
	at org.apache.ratis.proto.grpc.RaftServerProtocolServiceGrpc$RaftServerProtocolServiceBlockingStub.requestVote(RaftServerProtocolServiceGrpc.java:265)
	at org.apache.ratis.grpc.server.GrpcServerProtocolClient.requestVote(GrpcServerProtocolClient.java:99)
	at org.apache.ratis.grpc.server.GrpcService.requestVote(GrpcService.java:204)
	at org.apache.ratis.server.impl.LeaderElection.lambda$submitRequests$1(LeaderElection.java:234)
	at java.util.concurrent.FutureTask.run(FutureTask.java:266)
	at java.util.concurrent.Executors$RunnableAdapter.call(Executors.java:511)
	at java.util.concurrent.FutureTask.run(FutureTask.java:266)
	at java.util.concurrent.ThreadPoolExecutor.runWorker(ThreadPoolExecutor.java:1149)
	at java.util.concurrent.ThreadPoolExecutor$Worker.run(ThreadPoolExecutor.java:624)
	... 1 more
Caused by: org.apache.ratis.thirdparty.io.netty.channel.AbstractChannel$AnnotatedConnectException: Connection refused: /192.168.30.26:37581
	at sun.nio.ch.SocketChannelImpl.checkConnect(Native Method)
	at sun.nio.ch.SocketChannelImpl.finishConnect(SocketChannelImpl.java:717)
	at org.apache.ratis.thirdparty.io.netty.channel.socket.nio.NioSocketChannel.doFinishConnect(NioSocketChannel.java:327)
	at org.apache.ratis.thirdparty.io.netty.channel.nio.AbstractNioChannel$AbstractNioUnsafe.finishConnect(AbstractNioChannel.java:340)
	at org.apache.ratis.thirdparty.io.netty.channel.nio.NioEventLoop.processSelectedKey(NioEventLoop.java:632)
	at org.apache.ratis.thirdparty.io.netty.channel.nio.NioEventLoop.processSelectedKeysOptimized(NioEventLoop.java:579)
	at org.apache.ratis.thirdparty.io.netty.channel.nio.NioEventLoop.processSelectedKeys(NioEventLoop.java:496)
	at org.apache.ratis.thirdparty.io.netty.channel.nio.NioEventLoop.run(NioEventLoop.java:458)
	at org.apache.ratis.thirdparty.io.netty.util.concurrent.SingleThreadEventExecutor$5.run(SingleThreadEventExecutor.java:897)
	at org.apache.ratis.thirdparty.io.netty.util.concurrent.FastThreadLocalRunnable.run(FastThreadLocalRunnable.java:30)
	... 1 more
Caused by: java.net.ConnectException: Connection refused
	... 11 more
2019-10-07 12:02:28,183 [36acb61b-05f2-4e48-b1a6-804a8e695824@group-8EBE8B731ECD-LeaderElection175] INFO  impl.RaftServerImpl (RaftServerImpl.java:setRole(170)) - 36acb61b-05f2-4e48-b1a6-804a8e695824@group-8EBE8B731ECD: changes role from CANDIDATE to FOLLOWER at term 4 for DISCOVERED_A_NEW_TERM
2019-10-07 12:02:28,183 [36acb61b-05f2-4e48-b1a6-804a8e695824@group-8EBE8B731ECD-LeaderElection175] INFO  impl.RoleInfo (RoleInfo.java:shutdownLeaderElection(134)) - 36acb61b-05f2-4e48-b1a6-804a8e695824: shutdown LeaderElection
2019-10-07 12:02:28,184 [36acb61b-05f2-4e48-b1a6-804a8e695824@group-8EBE8B731ECD-LeaderElection175] INFO  impl.RoleInfo (RoleInfo.java:updateAndGet(143)) - 36acb61b-05f2-4e48-b1a6-804a8e695824: start FollowerState
2019-10-07 12:02:28,471 [Thread-4107] INFO  impl.FollowerState (FollowerState.java:run(108)) - 5fb7ce83-242c-4a6f-a9ec-b211957cc825@group-240EBE1C8FDE-FollowerState: change to CANDIDATE, lastRpcTime:1127ms, electionTimeout:1127ms
2019-10-07 12:02:28,486 [Thread-4107] INFO  impl.RoleInfo (RoleInfo.java:shutdownFollowerState(121)) - 5fb7ce83-242c-4a6f-a9ec-b211957cc825: shutdown FollowerState
2019-10-07 12:02:28,486 [Thread-4107] INFO  impl.RaftServerImpl (RaftServerImpl.java:setRole(170)) - 5fb7ce83-242c-4a6f-a9ec-b211957cc825@group-240EBE1C8FDE: changes role from  FOLLOWER to CANDIDATE at term 12 for changeToCandidate
2019-10-07 12:02:28,486 [Thread-4107] INFO  impl.RoleInfo (RoleInfo.java:updateAndGet(143)) - 5fb7ce83-242c-4a6f-a9ec-b211957cc825: start LeaderElection
2019-10-07 12:02:28,502 [5fb7ce83-242c-4a6f-a9ec-b211957cc825@group-240EBE1C8FDE-LeaderElection176] INFO  impl.LeaderElection (LeaderElection.java:askForVotes(178)) - 5fb7ce83-242c-4a6f-a9ec-b211957cc825@group-240EBE1C8FDE-LeaderElection176: begin an election at term 13 for 0: [35b93ee3-cf43-44f7-b896-65b06618aa81:192.168.30.26:43657, 9e4f0239-5467-41fd-81e1-38f0f07fc00b:192.168.30.26:36089, 5fb7ce83-242c-4a6f-a9ec-b211957cc825:192.168.30.26:42375], old=null
2019-10-07 12:02:28,502 [5fb7ce83-242c-4a6f-a9ec-b211957cc825@group-240EBE1C8FDE-LeaderElection176] INFO  impl.LeaderElection (LogUtils.java:infoOrTrace(149)) - 5fb7ce83-242c-4a6f-a9ec-b211957cc825@group-240EBE1C8FDE-LeaderElection176 got exception when requesting votes: {}
java.util.concurrent.ExecutionException: org.apache.ratis.thirdparty.io.grpc.StatusRuntimeException: UNAVAILABLE: io exception
	at java.util.concurrent.FutureTask.report(FutureTask.java:122)
	at java.util.concurrent.FutureTask.get(FutureTask.java:192)
	at org.apache.ratis.server.impl.LeaderElection.waitForResults(LeaderElection.java:259)
	at org.apache.ratis.server.impl.LeaderElection.askForVotes(LeaderElection.java:197)
	at org.apache.ratis.server.impl.LeaderElection.run(LeaderElection.java:133)
	at java.lang.Thread.run(Thread.java:748)
Caused by: org.apache.ratis.thirdparty.io.grpc.StatusRuntimeException: UNAVAILABLE: io exception
	at org.apache.ratis.thirdparty.io.grpc.stub.ClientCalls.toStatusRuntimeException(ClientCalls.java:233)
	at org.apache.ratis.thirdparty.io.grpc.stub.ClientCalls.getUnchecked(ClientCalls.java:214)
	at org.apache.ratis.thirdparty.io.grpc.stub.ClientCalls.blockingUnaryCall(ClientCalls.java:139)
	at org.apache.ratis.proto.grpc.RaftServerProtocolServiceGrpc$RaftServerProtocolServiceBlockingStub.requestVote(RaftServerProtocolServiceGrpc.java:265)
	at org.apache.ratis.grpc.server.GrpcServerProtocolClient.requestVote(GrpcServerProtocolClient.java:99)
	at org.apache.ratis.grpc.server.GrpcService.requestVote(GrpcService.java:204)
	at org.apache.ratis.server.impl.LeaderElection.lambda$submitRequests$1(LeaderElection.java:234)
	at java.util.concurrent.FutureTask.run(FutureTask.java:266)
	at java.util.concurrent.Executors$RunnableAdapter.call(Executors.java:511)
	at java.util.concurrent.FutureTask.run(FutureTask.java:266)
	at java.util.concurrent.ThreadPoolExecutor.runWorker(ThreadPoolExecutor.java:1149)
	at java.util.concurrent.ThreadPoolExecutor$Worker.run(ThreadPoolExecutor.java:624)
	... 1 more
Caused by: org.apache.ratis.thirdparty.io.netty.channel.AbstractChannel$AnnotatedConnectException: Connection refused: /192.168.30.26:43657
	at sun.nio.ch.SocketChannelImpl.checkConnect(Native Method)
	at sun.nio.ch.SocketChannelImpl.finishConnect(SocketChannelImpl.java:717)
	at org.apache.ratis.thirdparty.io.netty.channel.socket.nio.NioSocketChannel.doFinishConnect(NioSocketChannel.java:327)
	at org.apache.ratis.thirdparty.io.netty.channel.nio.AbstractNioChannel$AbstractNioUnsafe.finishConnect(AbstractNioChannel.java:340)
	at org.apache.ratis.thirdparty.io.netty.channel.nio.NioEventLoop.processSelectedKey(NioEventLoop.java:632)
	at org.apache.ratis.thirdparty.io.netty.channel.nio.NioEventLoop.processSelectedKeysOptimized(NioEventLoop.java:579)
	at org.apache.ratis.thirdparty.io.netty.channel.nio.NioEventLoop.processSelectedKeys(NioEventLoop.java:496)
	at org.apache.ratis.thirdparty.io.netty.channel.nio.NioEventLoop.run(NioEventLoop.java:458)
	at org.apache.ratis.thirdparty.io.netty.util.concurrent.SingleThreadEventExecutor$5.run(SingleThreadEventExecutor.java:897)
	at org.apache.ratis.thirdparty.io.netty.util.concurrent.FastThreadLocalRunnable.run(FastThreadLocalRunnable.java:30)
	... 1 more
Caused by: java.net.ConnectException: Connection refused
	... 11 more
2019-10-07 12:02:28,503 [5fb7ce83-242c-4a6f-a9ec-b211957cc825@group-240EBE1C8FDE-LeaderElection176] INFO  impl.LeaderElection (LogUtils.java:infoOrTrace(149)) - 5fb7ce83-242c-4a6f-a9ec-b211957cc825@group-240EBE1C8FDE-LeaderElection176 got exception when requesting votes: {}
java.util.concurrent.ExecutionException: org.apache.ratis.thirdparty.io.grpc.StatusRuntimeException: UNAVAILABLE: io exception
	at java.util.concurrent.FutureTask.report(FutureTask.java:122)
	at java.util.concurrent.FutureTask.get(FutureTask.java:192)
	at org.apache.ratis.server.impl.LeaderElection.waitForResults(LeaderElection.java:259)
	at org.apache.ratis.server.impl.LeaderElection.askForVotes(LeaderElection.java:197)
	at org.apache.ratis.server.impl.LeaderElection.run(LeaderElection.java:133)
	at java.lang.Thread.run(Thread.java:748)
Caused by: org.apache.ratis.thirdparty.io.grpc.StatusRuntimeException: UNAVAILABLE: io exception
	at org.apache.ratis.thirdparty.io.grpc.stub.ClientCalls.toStatusRuntimeException(ClientCalls.java:233)
	at org.apache.ratis.thirdparty.io.grpc.stub.ClientCalls.getUnchecked(ClientCalls.java:214)
	at org.apache.ratis.thirdparty.io.grpc.stub.ClientCalls.blockingUnaryCall(ClientCalls.java:139)
	at org.apache.ratis.proto.grpc.RaftServerProtocolServiceGrpc$RaftServerProtocolServiceBlockingStub.requestVote(RaftServerProtocolServiceGrpc.java:265)
	at org.apache.ratis.grpc.server.GrpcServerProtocolClient.requestVote(GrpcServerProtocolClient.java:99)
	at org.apache.ratis.grpc.server.GrpcService.requestVote(GrpcService.java:204)
	at org.apache.ratis.server.impl.LeaderElection.lambda$submitRequests$1(LeaderElection.java:234)
	at java.util.concurrent.FutureTask.run(FutureTask.java:266)
	at java.util.concurrent.Executors$RunnableAdapter.call(Executors.java:511)
	at java.util.concurrent.FutureTask.run(FutureTask.java:266)
	at java.util.concurrent.ThreadPoolExecutor.runWorker(ThreadPoolExecutor.java:1149)
	at java.util.concurrent.ThreadPoolExecutor$Worker.run(ThreadPoolExecutor.java:624)
	... 1 more
Caused by: org.apache.ratis.thirdparty.io.netty.channel.AbstractChannel$AnnotatedConnectException: Connection refused: /192.168.30.26:36089
	at sun.nio.ch.SocketChannelImpl.checkConnect(Native Method)
	at sun.nio.ch.SocketChannelImpl.finishConnect(SocketChannelImpl.java:717)
	at org.apache.ratis.thirdparty.io.netty.channel.socket.nio.NioSocketChannel.doFinishConnect(NioSocketChannel.java:327)
	at org.apache.ratis.thirdparty.io.netty.channel.nio.AbstractNioChannel$AbstractNioUnsafe.finishConnect(AbstractNioChannel.java:340)
	at org.apache.ratis.thirdparty.io.netty.channel.nio.NioEventLoop.processSelectedKey(NioEventLoop.java:632)
	at org.apache.ratis.thirdparty.io.netty.channel.nio.NioEventLoop.processSelectedKeysOptimized(NioEventLoop.java:579)
	at org.apache.ratis.thirdparty.io.netty.channel.nio.NioEventLoop.processSelectedKeys(NioEventLoop.java:496)
	at org.apache.ratis.thirdparty.io.netty.channel.nio.NioEventLoop.run(NioEventLoop.java:458)
	at org.apache.ratis.thirdparty.io.netty.util.concurrent.SingleThreadEventExecutor$5.run(SingleThreadEventExecutor.java:897)
	at org.apache.ratis.thirdparty.io.netty.util.concurrent.FastThreadLocalRunnable.run(FastThreadLocalRunnable.java:30)
	... 1 more
Caused by: java.net.ConnectException: Connection refused
	... 11 more
2019-10-07 12:02:28,503 [5fb7ce83-242c-4a6f-a9ec-b211957cc825@group-240EBE1C8FDE-LeaderElection176] INFO  impl.LeaderElection (LeaderElection.java:logAndReturn(56)) - 5fb7ce83-242c-4a6f-a9ec-b211957cc825@group-240EBE1C8FDE-LeaderElection176: Election REJECTED; received 0 response(s) [] and 2 exception(s); 5fb7ce83-242c-4a6f-a9ec-b211957cc825@group-240EBE1C8FDE:t13, leader=null, voted=5fb7ce83-242c-4a6f-a9ec-b211957cc825, raftlog=5fb7ce83-242c-4a6f-a9ec-b211957cc825@group-240EBE1C8FDE-SegmentedRaftLog:OPENED:c12,f12,i12, conf=0: [35b93ee3-cf43-44f7-b896-65b06618aa81:192.168.30.26:43657, 9e4f0239-5467-41fd-81e1-38f0f07fc00b:192.168.30.26:36089, 5fb7ce83-242c-4a6f-a9ec-b211957cc825:192.168.30.26:42375], old=null
2019-10-07 12:02:28,503 [5fb7ce83-242c-4a6f-a9ec-b211957cc825@group-240EBE1C8FDE-LeaderElection176] INFO  impl.LeaderElection (LogUtils.java:infoOrTrace(149)) -   Exception 0: {}
java.util.concurrent.ExecutionException: org.apache.ratis.thirdparty.io.grpc.StatusRuntimeException: UNAVAILABLE: io exception
	at java.util.concurrent.FutureTask.report(FutureTask.java:122)
	at java.util.concurrent.FutureTask.get(FutureTask.java:192)
	at org.apache.ratis.server.impl.LeaderElection.waitForResults(LeaderElection.java:259)
	at org.apache.ratis.server.impl.LeaderElection.askForVotes(LeaderElection.java:197)
	at org.apache.ratis.server.impl.LeaderElection.run(LeaderElection.java:133)
	at java.lang.Thread.run(Thread.java:748)
Caused by: org.apache.ratis.thirdparty.io.grpc.StatusRuntimeException: UNAVAILABLE: io exception
	at org.apache.ratis.thirdparty.io.grpc.stub.ClientCalls.toStatusRuntimeException(ClientCalls.java:233)
	at org.apache.ratis.thirdparty.io.grpc.stub.ClientCalls.getUnchecked(ClientCalls.java:214)
	at org.apache.ratis.thirdparty.io.grpc.stub.ClientCalls.blockingUnaryCall(ClientCalls.java:139)
	at org.apache.ratis.proto.grpc.RaftServerProtocolServiceGrpc$RaftServerProtocolServiceBlockingStub.requestVote(RaftServerProtocolServiceGrpc.java:265)
	at org.apache.ratis.grpc.server.GrpcServerProtocolClient.requestVote(GrpcServerProtocolClient.java:99)
	at org.apache.ratis.grpc.server.GrpcService.requestVote(GrpcService.java:204)
	at org.apache.ratis.server.impl.LeaderElection.lambda$submitRequests$1(LeaderElection.java:234)
	at java.util.concurrent.FutureTask.run(FutureTask.java:266)
	at java.util.concurrent.Executors$RunnableAdapter.call(Executors.java:511)
	at java.util.concurrent.FutureTask.run(FutureTask.java:266)
	at java.util.concurrent.ThreadPoolExecutor.runWorker(ThreadPoolExecutor.java:1149)
	at java.util.concurrent.ThreadPoolExecutor$Worker.run(ThreadPoolExecutor.java:624)
	... 1 more
Caused by: org.apache.ratis.thirdparty.io.netty.channel.AbstractChannel$AnnotatedConnectException: Connection refused: /192.168.30.26:43657
	at sun.nio.ch.SocketChannelImpl.checkConnect(Native Method)
	at sun.nio.ch.SocketChannelImpl.finishConnect(SocketChannelImpl.java:717)
	at org.apache.ratis.thirdparty.io.netty.channel.socket.nio.NioSocketChannel.doFinishConnect(NioSocketChannel.java:327)
	at org.apache.ratis.thirdparty.io.netty.channel.nio.AbstractNioChannel$AbstractNioUnsafe.finishConnect(AbstractNioChannel.java:340)
	at org.apache.ratis.thirdparty.io.netty.channel.nio.NioEventLoop.processSelectedKey(NioEventLoop.java:632)
	at org.apache.ratis.thirdparty.io.netty.channel.nio.NioEventLoop.processSelectedKeysOptimized(NioEventLoop.java:579)
	at org.apache.ratis.thirdparty.io.netty.channel.nio.NioEventLoop.processSelectedKeys(NioEventLoop.java:496)
	at org.apache.ratis.thirdparty.io.netty.channel.nio.NioEventLoop.run(NioEventLoop.java:458)
	at org.apache.ratis.thirdparty.io.netty.util.concurrent.SingleThreadEventExecutor$5.run(SingleThreadEventExecutor.java:897)
	at org.apache.ratis.thirdparty.io.netty.util.concurrent.FastThreadLocalRunnable.run(FastThreadLocalRunnable.java:30)
	... 1 more
Caused by: java.net.ConnectException: Connection refused
	... 11 more
2019-10-07 12:02:28,503 [5fb7ce83-242c-4a6f-a9ec-b211957cc825@group-240EBE1C8FDE-LeaderElection176] INFO  impl.LeaderElection (LogUtils.java:infoOrTrace(149)) -   Exception 1: {}
java.util.concurrent.ExecutionException: org.apache.ratis.thirdparty.io.grpc.StatusRuntimeException: UNAVAILABLE: io exception
	at java.util.concurrent.FutureTask.report(FutureTask.java:122)
	at java.util.concurrent.FutureTask.get(FutureTask.java:192)
	at org.apache.ratis.server.impl.LeaderElection.waitForResults(LeaderElection.java:259)
	at org.apache.ratis.server.impl.LeaderElection.askForVotes(LeaderElection.java:197)
	at org.apache.ratis.server.impl.LeaderElection.run(LeaderElection.java:133)
	at java.lang.Thread.run(Thread.java:748)
Caused by: org.apache.ratis.thirdparty.io.grpc.StatusRuntimeException: UNAVAILABLE: io exception
	at org.apache.ratis.thirdparty.io.grpc.stub.ClientCalls.toStatusRuntimeException(ClientCalls.java:233)
	at org.apache.ratis.thirdparty.io.grpc.stub.ClientCalls.getUnchecked(ClientCalls.java:214)
	at org.apache.ratis.thirdparty.io.grpc.stub.ClientCalls.blockingUnaryCall(ClientCalls.java:139)
	at org.apache.ratis.proto.grpc.RaftServerProtocolServiceGrpc$RaftServerProtocolServiceBlockingStub.requestVote(RaftServerProtocolServiceGrpc.java:265)
	at org.apache.ratis.grpc.server.GrpcServerProtocolClient.requestVote(GrpcServerProtocolClient.java:99)
	at org.apache.ratis.grpc.server.GrpcService.requestVote(GrpcService.java:204)
	at org.apache.ratis.server.impl.LeaderElection.lambda$submitRequests$1(LeaderElection.java:234)
	at java.util.concurrent.FutureTask.run(FutureTask.java:266)
	at java.util.concurrent.Executors$RunnableAdapter.call(Executors.java:511)
	at java.util.concurrent.FutureTask.run(FutureTask.java:266)
	at java.util.concurrent.ThreadPoolExecutor.runWorker(ThreadPoolExecutor.java:1149)
	at java.util.concurrent.ThreadPoolExecutor$Worker.run(ThreadPoolExecutor.java:624)
	... 1 more
Caused by: org.apache.ratis.thirdparty.io.netty.channel.AbstractChannel$AnnotatedConnectException: Connection refused: /192.168.30.26:36089
	at sun.nio.ch.SocketChannelImpl.checkConnect(Native Method)
	at sun.nio.ch.SocketChannelImpl.finishConnect(SocketChannelImpl.java:717)
	at org.apache.ratis.thirdparty.io.netty.channel.socket.nio.NioSocketChannel.doFinishConnect(NioSocketChannel.java:327)
	at org.apache.ratis.thirdparty.io.netty.channel.nio.AbstractNioChannel$AbstractNioUnsafe.finishConnect(AbstractNioChannel.java:340)
	at org.apache.ratis.thirdparty.io.netty.channel.nio.NioEventLoop.processSelectedKey(NioEventLoop.java:632)
	at org.apache.ratis.thirdparty.io.netty.channel.nio.NioEventLoop.processSelectedKeysOptimized(NioEventLoop.java:579)
	at org.apache.ratis.thirdparty.io.netty.channel.nio.NioEventLoop.processSelectedKeys(NioEventLoop.java:496)
	at org.apache.ratis.thirdparty.io.netty.channel.nio.NioEventLoop.run(NioEventLoop.java:458)
	at org.apache.ratis.thirdparty.io.netty.util.concurrent.SingleThreadEventExecutor$5.run(SingleThreadEventExecutor.java:897)
	at org.apache.ratis.thirdparty.io.netty.util.concurrent.FastThreadLocalRunnable.run(FastThreadLocalRunnable.java:30)
	... 1 more
Caused by: java.net.ConnectException: Connection refused
	... 11 more
2019-10-07 12:02:28,504 [5fb7ce83-242c-4a6f-a9ec-b211957cc825@group-240EBE1C8FDE-LeaderElection176] INFO  impl.RaftServerImpl (RaftServerImpl.java:setRole(170)) - 5fb7ce83-242c-4a6f-a9ec-b211957cc825@group-240EBE1C8FDE: changes role from CANDIDATE to FOLLOWER at term 13 for DISCOVERED_A_NEW_TERM
2019-10-07 12:02:28,504 [5fb7ce83-242c-4a6f-a9ec-b211957cc825@group-240EBE1C8FDE-LeaderElection176] INFO  impl.RoleInfo (RoleInfo.java:shutdownLeaderElection(134)) - 5fb7ce83-242c-4a6f-a9ec-b211957cc825: shutdown LeaderElection
2019-10-07 12:02:28,504 [5fb7ce83-242c-4a6f-a9ec-b211957cc825@group-240EBE1C8FDE-LeaderElection176] INFO  impl.RoleInfo (RoleInfo.java:updateAndGet(143)) - 5fb7ce83-242c-4a6f-a9ec-b211957cc825: start FollowerState
2019-10-07 12:02:29,234 [Thread-4111] INFO  impl.FollowerState (FollowerState.java:run(108)) - 36acb61b-05f2-4e48-b1a6-804a8e695824@group-8EBE8B731ECD-FollowerState: change to CANDIDATE, lastRpcTime:1050ms, electionTimeout:1050ms
2019-10-07 12:02:29,234 [Thread-4111] INFO  impl.RoleInfo (RoleInfo.java:shutdownFollowerState(121)) - 36acb61b-05f2-4e48-b1a6-804a8e695824: shutdown FollowerState
2019-10-07 12:02:29,234 [Thread-4111] INFO  impl.RaftServerImpl (RaftServerImpl.java:setRole(170)) - 36acb61b-05f2-4e48-b1a6-804a8e695824@group-8EBE8B731ECD: changes role from  FOLLOWER to CANDIDATE at term 4 for changeToCandidate
2019-10-07 12:02:29,235 [Thread-4111] INFO  impl.RoleInfo (RoleInfo.java:updateAndGet(143)) - 36acb61b-05f2-4e48-b1a6-804a8e695824: start LeaderElection
2019-10-07 12:02:29,251 [36acb61b-05f2-4e48-b1a6-804a8e695824@group-8EBE8B731ECD-LeaderElection177] INFO  impl.LeaderElection (LeaderElection.java:askForVotes(178)) - 36acb61b-05f2-4e48-b1a6-804a8e695824@group-8EBE8B731ECD-LeaderElection177: begin an election at term 5 for 0: [dbe9d5b3-671c-49b9-b95c-28ee3dd5e12c:192.168.30.26:38963, 36acb61b-05f2-4e48-b1a6-804a8e695824:192.168.30.26:33929, f273724d-798c-4ad2-8d41-52aa1480ea33:192.168.30.26:37581], old=null
2019-10-07 12:02:29,252 [36acb61b-05f2-4e48-b1a6-804a8e695824@group-8EBE8B731ECD-LeaderElection177] INFO  impl.LeaderElection (LogUtils.java:infoOrTrace(149)) - 36acb61b-05f2-4e48-b1a6-804a8e695824@group-8EBE8B731ECD-LeaderElection177 got exception when requesting votes: {}
java.util.concurrent.ExecutionException: org.apache.ratis.thirdparty.io.grpc.StatusRuntimeException: UNAVAILABLE: io exception
	at java.util.concurrent.FutureTask.report(FutureTask.java:122)
	at java.util.concurrent.FutureTask.get(FutureTask.java:192)
	at org.apache.ratis.server.impl.LeaderElection.waitForResults(LeaderElection.java:259)
	at org.apache.ratis.server.impl.LeaderElection.askForVotes(LeaderElection.java:197)
	at org.apache.ratis.server.impl.LeaderElection.run(LeaderElection.java:133)
	at java.lang.Thread.run(Thread.java:748)
Caused by: org.apache.ratis.thirdparty.io.grpc.StatusRuntimeException: UNAVAILABLE: io exception
	at org.apache.ratis.thirdparty.io.grpc.stub.ClientCalls.toStatusRuntimeException(ClientCalls.java:233)
	at org.apache.ratis.thirdparty.io.grpc.stub.ClientCalls.getUnchecked(ClientCalls.java:214)
	at org.apache.ratis.thirdparty.io.grpc.stub.ClientCalls.blockingUnaryCall(ClientCalls.java:139)
	at org.apache.ratis.proto.grpc.RaftServerProtocolServiceGrpc$RaftServerProtocolServiceBlockingStub.requestVote(RaftServerProtocolServiceGrpc.java:265)
	at org.apache.ratis.grpc.server.GrpcServerProtocolClient.requestVote(GrpcServerProtocolClient.java:99)
	at org.apache.ratis.grpc.server.GrpcService.requestVote(GrpcService.java:204)
	at org.apache.ratis.server.impl.LeaderElection.lambda$submitRequests$1(LeaderElection.java:234)
	at java.util.concurrent.FutureTask.run(FutureTask.java:266)
	at java.util.concurrent.Executors$RunnableAdapter.call(Executors.java:511)
	at java.util.concurrent.FutureTask.run(FutureTask.java:266)
	at java.util.concurrent.ThreadPoolExecutor.runWorker(ThreadPoolExecutor.java:1149)
	at java.util.concurrent.ThreadPoolExecutor$Worker.run(ThreadPoolExecutor.java:624)
	... 1 more
Caused by: org.apache.ratis.thirdparty.io.netty.channel.AbstractChannel$AnnotatedConnectException: Connection refused: /192.168.30.26:37581
	at sun.nio.ch.SocketChannelImpl.checkConnect(Native Method)
	at sun.nio.ch.SocketChannelImpl.finishConnect(SocketChannelImpl.java:717)
	at org.apache.ratis.thirdparty.io.netty.channel.socket.nio.NioSocketChannel.doFinishConnect(NioSocketChannel.java:327)
	at org.apache.ratis.thirdparty.io.netty.channel.nio.AbstractNioChannel$AbstractNioUnsafe.finishConnect(AbstractNioChannel.java:340)
	at org.apache.ratis.thirdparty.io.netty.channel.nio.NioEventLoop.processSelectedKey(NioEventLoop.java:632)
	at org.apache.ratis.thirdparty.io.netty.channel.nio.NioEventLoop.processSelectedKeysOptimized(NioEventLoop.java:579)
	at org.apache.ratis.thirdparty.io.netty.channel.nio.NioEventLoop.processSelectedKeys(NioEventLoop.java:496)
	at org.apache.ratis.thirdparty.io.netty.channel.nio.NioEventLoop.run(NioEventLoop.java:458)
	at org.apache.ratis.thirdparty.io.netty.util.concurrent.SingleThreadEventExecutor$5.run(SingleThreadEventExecutor.java:897)
	at org.apache.ratis.thirdparty.io.netty.util.concurrent.FastThreadLocalRunnable.run(FastThreadLocalRunnable.java:30)
	... 1 more
Caused by: java.net.ConnectException: Connection refused
	... 11 more
2019-10-07 12:02:29,252 [36acb61b-05f2-4e48-b1a6-804a8e695824@group-8EBE8B731ECD-LeaderElection177] INFO  impl.LeaderElection (LogUtils.java:infoOrTrace(149)) - 36acb61b-05f2-4e48-b1a6-804a8e695824@group-8EBE8B731ECD-LeaderElection177 got exception when requesting votes: {}
java.util.concurrent.ExecutionException: org.apache.ratis.thirdparty.io.grpc.StatusRuntimeException: UNAVAILABLE: io exception
	at java.util.concurrent.FutureTask.report(FutureTask.java:122)
	at java.util.concurrent.FutureTask.get(FutureTask.java:192)
	at org.apache.ratis.server.impl.LeaderElection.waitForResults(LeaderElection.java:259)
	at org.apache.ratis.server.impl.LeaderElection.askForVotes(LeaderElection.java:197)
	at org.apache.ratis.server.impl.LeaderElection.run(LeaderElection.java:133)
	at java.lang.Thread.run(Thread.java:748)
Caused by: org.apache.ratis.thirdparty.io.grpc.StatusRuntimeException: UNAVAILABLE: io exception
	at org.apache.ratis.thirdparty.io.grpc.stub.ClientCalls.toStatusRuntimeException(ClientCalls.java:233)
	at org.apache.ratis.thirdparty.io.grpc.stub.ClientCalls.getUnchecked(ClientCalls.java:214)
	at org.apache.ratis.thirdparty.io.grpc.stub.ClientCalls.blockingUnaryCall(ClientCalls.java:139)
	at org.apache.ratis.proto.grpc.RaftServerProtocolServiceGrpc$RaftServerProtocolServiceBlockingStub.requestVote(RaftServerProtocolServiceGrpc.java:265)
	at org.apache.ratis.grpc.server.GrpcServerProtocolClient.requestVote(GrpcServerProtocolClient.java:99)
	at org.apache.ratis.grpc.server.GrpcService.requestVote(GrpcService.java:204)
	at org.apache.ratis.server.impl.LeaderElection.lambda$submitRequests$1(LeaderElection.java:234)
	at java.util.concurrent.FutureTask.run(FutureTask.java:266)
	at java.util.concurrent.Executors$RunnableAdapter.call(Executors.java:511)
	at java.util.concurrent.FutureTask.run(FutureTask.java:266)
	at java.util.concurrent.ThreadPoolExecutor.runWorker(ThreadPoolExecutor.java:1149)
	at java.util.concurrent.ThreadPoolExecutor$Worker.run(ThreadPoolExecutor.java:624)
	... 1 more
Caused by: org.apache.ratis.thirdparty.io.netty.channel.AbstractChannel$AnnotatedConnectException: Connection refused: /192.168.30.26:38963
	at sun.nio.ch.SocketChannelImpl.checkConnect(Native Method)
	at sun.nio.ch.SocketChannelImpl.finishConnect(SocketChannelImpl.java:717)
	at org.apache.ratis.thirdparty.io.netty.channel.socket.nio.NioSocketChannel.doFinishConnect(NioSocketChannel.java:327)
	at org.apache.ratis.thirdparty.io.netty.channel.nio.AbstractNioChannel$AbstractNioUnsafe.finishConnect(AbstractNioChannel.java:340)
	at org.apache.ratis.thirdparty.io.netty.channel.nio.NioEventLoop.processSelectedKey(NioEventLoop.java:632)
	at org.apache.ratis.thirdparty.io.netty.channel.nio.NioEventLoop.processSelectedKeysOptimized(NioEventLoop.java:579)
	at org.apache.ratis.thirdparty.io.netty.channel.nio.NioEventLoop.processSelectedKeys(NioEventLoop.java:496)
	at org.apache.ratis.thirdparty.io.netty.channel.nio.NioEventLoop.run(NioEventLoop.java:458)
	at org.apache.ratis.thirdparty.io.netty.util.concurrent.SingleThreadEventExecutor$5.run(SingleThreadEventExecutor.java:897)
	at org.apache.ratis.thirdparty.io.netty.util.concurrent.FastThreadLocalRunnable.run(FastThreadLocalRunnable.java:30)
	... 1 more
Caused by: java.net.ConnectException: Connection refused
	... 11 more
2019-10-07 12:02:29,253 [36acb61b-05f2-4e48-b1a6-804a8e695824@group-8EBE8B731ECD-LeaderElection177] INFO  impl.LeaderElection (LeaderElection.java:logAndReturn(56)) - 36acb61b-05f2-4e48-b1a6-804a8e695824@group-8EBE8B731ECD-LeaderElection177: Election REJECTED; received 0 response(s) [] and 2 exception(s); 36acb61b-05f2-4e48-b1a6-804a8e695824@group-8EBE8B731ECD:t5, leader=null, voted=36acb61b-05f2-4e48-b1a6-804a8e695824, raftlog=36acb61b-05f2-4e48-b1a6-804a8e695824@group-8EBE8B731ECD-SegmentedRaftLog:OPENED:c4,f4,i4, conf=0: [dbe9d5b3-671c-49b9-b95c-28ee3dd5e12c:192.168.30.26:38963, 36acb61b-05f2-4e48-b1a6-804a8e695824:192.168.30.26:33929, f273724d-798c-4ad2-8d41-52aa1480ea33:192.168.30.26:37581], old=null
2019-10-07 12:02:29,253 [36acb61b-05f2-4e48-b1a6-804a8e695824@group-8EBE8B731ECD-LeaderElection177] INFO  impl.LeaderElection (LogUtils.java:infoOrTrace(149)) -   Exception 0: {}
java.util.concurrent.ExecutionException: org.apache.ratis.thirdparty.io.grpc.StatusRuntimeException: UNAVAILABLE: io exception
	at java.util.concurrent.FutureTask.report(FutureTask.java:122)
	at java.util.concurrent.FutureTask.get(FutureTask.java:192)
	at org.apache.ratis.server.impl.LeaderElection.waitForResults(LeaderElection.java:259)
	at org.apache.ratis.server.impl.LeaderElection.askForVotes(LeaderElection.java:197)
	at org.apache.ratis.server.impl.LeaderElection.run(LeaderElection.java:133)
	at java.lang.Thread.run(Thread.java:748)
Caused by: org.apache.ratis.thirdparty.io.grpc.StatusRuntimeException: UNAVAILABLE: io exception
	at org.apache.ratis.thirdparty.io.grpc.stub.ClientCalls.toStatusRuntimeException(ClientCalls.java:233)
	at org.apache.ratis.thirdparty.io.grpc.stub.ClientCalls.getUnchecked(ClientCalls.java:214)
	at org.apache.ratis.thirdparty.io.grpc.stub.ClientCalls.blockingUnaryCall(ClientCalls.java:139)
	at org.apache.ratis.proto.grpc.RaftServerProtocolServiceGrpc$RaftServerProtocolServiceBlockingStub.requestVote(RaftServerProtocolServiceGrpc.java:265)
	at org.apache.ratis.grpc.server.GrpcServerProtocolClient.requestVote(GrpcServerProtocolClient.java:99)
	at org.apache.ratis.grpc.server.GrpcService.requestVote(GrpcService.java:204)
	at org.apache.ratis.server.impl.LeaderElection.lambda$submitRequests$1(LeaderElection.java:234)
	at java.util.concurrent.FutureTask.run(FutureTask.java:266)
	at java.util.concurrent.Executors$RunnableAdapter.call(Executors.java:511)
	at java.util.concurrent.FutureTask.run(FutureTask.java:266)
	at java.util.concurrent.ThreadPoolExecutor.runWorker(ThreadPoolExecutor.java:1149)
	at java.util.concurrent.ThreadPoolExecutor$Worker.run(ThreadPoolExecutor.java:624)
	... 1 more
Caused by: org.apache.ratis.thirdparty.io.netty.channel.AbstractChannel$AnnotatedConnectException: Connection refused: /192.168.30.26:37581
	at sun.nio.ch.SocketChannelImpl.checkConnect(Native Method)
	at sun.nio.ch.SocketChannelImpl.finishConnect(SocketChannelImpl.java:717)
	at org.apache.ratis.thirdparty.io.netty.channel.socket.nio.NioSocketChannel.doFinishConnect(NioSocketChannel.java:327)
	at org.apache.ratis.thirdparty.io.netty.channel.nio.AbstractNioChannel$AbstractNioUnsafe.finishConnect(AbstractNioChannel.java:340)
	at org.apache.ratis.thirdparty.io.netty.channel.nio.NioEventLoop.processSelectedKey(NioEventLoop.java:632)
	at org.apache.ratis.thirdparty.io.netty.channel.nio.NioEventLoop.processSelectedKeysOptimized(NioEventLoop.java:579)
	at org.apache.ratis.thirdparty.io.netty.channel.nio.NioEventLoop.processSelectedKeys(NioEventLoop.java:496)
	at org.apache.ratis.thirdparty.io.netty.channel.nio.NioEventLoop.run(NioEventLoop.java:458)
	at org.apache.ratis.thirdparty.io.netty.util.concurrent.SingleThreadEventExecutor$5.run(SingleThreadEventExecutor.java:897)
	at org.apache.ratis.thirdparty.io.netty.util.concurrent.FastThreadLocalRunnable.run(FastThreadLocalRunnable.java:30)
	... 1 more
Caused by: java.net.ConnectException: Connection refused
	... 11 more
2019-10-07 12:02:29,253 [36acb61b-05f2-4e48-b1a6-804a8e695824@group-8EBE8B731ECD-LeaderElection177] INFO  impl.LeaderElection (LogUtils.java:infoOrTrace(149)) -   Exception 1: {}
java.util.concurrent.ExecutionException: org.apache.ratis.thirdparty.io.grpc.StatusRuntimeException: UNAVAILABLE: io exception
	at java.util.concurrent.FutureTask.report(FutureTask.java:122)
	at java.util.concurrent.FutureTask.get(FutureTask.java:192)
	at org.apache.ratis.server.impl.LeaderElection.waitForResults(LeaderElection.java:259)
	at org.apache.ratis.server.impl.LeaderElection.askForVotes(LeaderElection.java:197)
	at org.apache.ratis.server.impl.LeaderElection.run(LeaderElection.java:133)
	at java.lang.Thread.run(Thread.java:748)
Caused by: org.apache.ratis.thirdparty.io.grpc.StatusRuntimeException: UNAVAILABLE: io exception
	at org.apache.ratis.thirdparty.io.grpc.stub.ClientCalls.toStatusRuntimeException(ClientCalls.java:233)
	at org.apache.ratis.thirdparty.io.grpc.stub.ClientCalls.getUnchecked(ClientCalls.java:214)
	at org.apache.ratis.thirdparty.io.grpc.stub.ClientCalls.blockingUnaryCall(ClientCalls.java:139)
	at org.apache.ratis.proto.grpc.RaftServerProtocolServiceGrpc$RaftServerProtocolServiceBlockingStub.requestVote(RaftServerProtocolServiceGrpc.java:265)
	at org.apache.ratis.grpc.server.GrpcServerProtocolClient.requestVote(GrpcServerProtocolClient.java:99)
	at org.apache.ratis.grpc.server.GrpcService.requestVote(GrpcService.java:204)
	at org.apache.ratis.server.impl.LeaderElection.lambda$submitRequests$1(LeaderElection.java:234)
	at java.util.concurrent.FutureTask.run(FutureTask.java:266)
	at java.util.concurrent.Executors$RunnableAdapter.call(Executors.java:511)
	at java.util.concurrent.FutureTask.run(FutureTask.java:266)
	at java.util.concurrent.ThreadPoolExecutor.runWorker(ThreadPoolExecutor.java:1149)
	at java.util.concurrent.ThreadPoolExecutor$Worker.run(ThreadPoolExecutor.java:624)
	... 1 more
Caused by: org.apache.ratis.thirdparty.io.netty.channel.AbstractChannel$AnnotatedConnectException: Connection refused: /192.168.30.26:38963
	at sun.nio.ch.SocketChannelImpl.checkConnect(Native Method)
	at sun.nio.ch.SocketChannelImpl.finishConnect(SocketChannelImpl.java:717)
	at org.apache.ratis.thirdparty.io.netty.channel.socket.nio.NioSocketChannel.doFinishConnect(NioSocketChannel.java:327)
	at org.apache.ratis.thirdparty.io.netty.channel.nio.AbstractNioChannel$AbstractNioUnsafe.finishConnect(AbstractNioChannel.java:340)
	at org.apache.ratis.thirdparty.io.netty.channel.nio.NioEventLoop.processSelectedKey(NioEventLoop.java:632)
	at org.apache.ratis.thirdparty.io.netty.channel.nio.NioEventLoop.processSelectedKeysOptimized(NioEventLoop.java:579)
	at org.apache.ratis.thirdparty.io.netty.channel.nio.NioEventLoop.processSelectedKeys(NioEventLoop.java:496)
	at org.apache.ratis.thirdparty.io.netty.channel.nio.NioEventLoop.run(NioEventLoop.java:458)
	at org.apache.ratis.thirdparty.io.netty.util.concurrent.SingleThreadEventExecutor$5.run(SingleThreadEventExecutor.java:897)
	at org.apache.ratis.thirdparty.io.netty.util.concurrent.FastThreadLocalRunnable.run(FastThreadLocalRunnable.java:30)
	... 1 more
Caused by: java.net.ConnectException: Connection refused
	... 11 more
2019-10-07 12:02:29,254 [36acb61b-05f2-4e48-b1a6-804a8e695824@group-8EBE8B731ECD-LeaderElection177] INFO  impl.RaftServerImpl (RaftServerImpl.java:setRole(170)) - 36acb61b-05f2-4e48-b1a6-804a8e695824@group-8EBE8B731ECD: changes role from CANDIDATE to FOLLOWER at term 5 for DISCOVERED_A_NEW_TERM
2019-10-07 12:02:29,254 [36acb61b-05f2-4e48-b1a6-804a8e695824@group-8EBE8B731ECD-LeaderElection177] INFO  impl.RoleInfo (RoleInfo.java:shutdownLeaderElection(134)) - 36acb61b-05f2-4e48-b1a6-804a8e695824: shutdown LeaderElection
2019-10-07 12:02:29,254 [36acb61b-05f2-4e48-b1a6-804a8e695824@group-8EBE8B731ECD-LeaderElection177] INFO  impl.RoleInfo (RoleInfo.java:updateAndGet(143)) - 36acb61b-05f2-4e48-b1a6-804a8e695824: start FollowerState
2019-10-07 12:02:29,678 [Thread-4115] INFO  impl.FollowerState (FollowerState.java:run(108)) - 5fb7ce83-242c-4a6f-a9ec-b211957cc825@group-240EBE1C8FDE-FollowerState: change to CANDIDATE, lastRpcTime:1174ms, electionTimeout:1174ms
2019-10-07 12:02:29,679 [Thread-4115] INFO  impl.RoleInfo (RoleInfo.java:shutdownFollowerState(121)) - 5fb7ce83-242c-4a6f-a9ec-b211957cc825: shutdown FollowerState
2019-10-07 12:02:29,679 [Thread-4115] INFO  impl.RaftServerImpl (RaftServerImpl.java:setRole(170)) - 5fb7ce83-242c-4a6f-a9ec-b211957cc825@group-240EBE1C8FDE: changes role from  FOLLOWER to CANDIDATE at term 13 for changeToCandidate
2019-10-07 12:02:29,679 [Thread-4115] INFO  impl.RoleInfo (RoleInfo.java:updateAndGet(143)) - 5fb7ce83-242c-4a6f-a9ec-b211957cc825: start LeaderElection
2019-10-07 12:02:29,695 [5fb7ce83-242c-4a6f-a9ec-b211957cc825@group-240EBE1C8FDE-LeaderElection178] INFO  impl.LeaderElection (LeaderElection.java:askForVotes(178)) - 5fb7ce83-242c-4a6f-a9ec-b211957cc825@group-240EBE1C8FDE-LeaderElection178: begin an election at term 14 for 0: [35b93ee3-cf43-44f7-b896-65b06618aa81:192.168.30.26:43657, 9e4f0239-5467-41fd-81e1-38f0f07fc00b:192.168.30.26:36089, 5fb7ce83-242c-4a6f-a9ec-b211957cc825:192.168.30.26:42375], old=null
2019-10-07 12:02:29,695 [5fb7ce83-242c-4a6f-a9ec-b211957cc825@group-240EBE1C8FDE-LeaderElection178] INFO  impl.LeaderElection (LogUtils.java:infoOrTrace(149)) - 5fb7ce83-242c-4a6f-a9ec-b211957cc825@group-240EBE1C8FDE-LeaderElection178 got exception when requesting votes: {}
java.util.concurrent.ExecutionException: org.apache.ratis.thirdparty.io.grpc.StatusRuntimeException: UNAVAILABLE: io exception
	at java.util.concurrent.FutureTask.report(FutureTask.java:122)
	at java.util.concurrent.FutureTask.get(FutureTask.java:192)
	at org.apache.ratis.server.impl.LeaderElection.waitForResults(LeaderElection.java:259)
	at org.apache.ratis.server.impl.LeaderElection.askForVotes(LeaderElection.java:197)
	at org.apache.ratis.server.impl.LeaderElection.run(LeaderElection.java:133)
	at java.lang.Thread.run(Thread.java:748)
Caused by: org.apache.ratis.thirdparty.io.grpc.StatusRuntimeException: UNAVAILABLE: io exception
	at org.apache.ratis.thirdparty.io.grpc.stub.ClientCalls.toStatusRuntimeException(ClientCalls.java:233)
	at org.apache.ratis.thirdparty.io.grpc.stub.ClientCalls.getUnchecked(ClientCalls.java:214)
	at org.apache.ratis.thirdparty.io.grpc.stub.ClientCalls.blockingUnaryCall(ClientCalls.java:139)
	at org.apache.ratis.proto.grpc.RaftServerProtocolServiceGrpc$RaftServerProtocolServiceBlockingStub.requestVote(RaftServerProtocolServiceGrpc.java:265)
	at org.apache.ratis.grpc.server.GrpcServerProtocolClient.requestVote(GrpcServerProtocolClient.java:99)
	at org.apache.ratis.grpc.server.GrpcService.requestVote(GrpcService.java:204)
	at org.apache.ratis.server.impl.LeaderElection.lambda$submitRequests$1(LeaderElection.java:234)
	at java.util.concurrent.FutureTask.run(FutureTask.java:266)
	at java.util.concurrent.Executors$RunnableAdapter.call(Executors.java:511)
	at java.util.concurrent.FutureTask.run(FutureTask.java:266)
	at java.util.concurrent.ThreadPoolExecutor.runWorker(ThreadPoolExecutor.java:1149)
	at java.util.concurrent.ThreadPoolExecutor$Worker.run(ThreadPoolExecutor.java:624)
	... 1 more
Caused by: org.apache.ratis.thirdparty.io.netty.channel.AbstractChannel$AnnotatedConnectException: Connection refused: /192.168.30.26:43657
	at sun.nio.ch.SocketChannelImpl.checkConnect(Native Method)
	at sun.nio.ch.SocketChannelImpl.finishConnect(SocketChannelImpl.java:717)
	at org.apache.ratis.thirdparty.io.netty.channel.socket.nio.NioSocketChannel.doFinishConnect(NioSocketChannel.java:327)
	at org.apache.ratis.thirdparty.io.netty.channel.nio.AbstractNioChannel$AbstractNioUnsafe.finishConnect(AbstractNioChannel.java:340)
	at org.apache.ratis.thirdparty.io.netty.channel.nio.NioEventLoop.processSelectedKey(NioEventLoop.java:632)
	at org.apache.ratis.thirdparty.io.netty.channel.nio.NioEventLoop.processSelectedKeysOptimized(NioEventLoop.java:579)
	at org.apache.ratis.thirdparty.io.netty.channel.nio.NioEventLoop.processSelectedKeys(NioEventLoop.java:496)
	at org.apache.ratis.thirdparty.io.netty.channel.nio.NioEventLoop.run(NioEventLoop.java:458)
	at org.apache.ratis.thirdparty.io.netty.util.concurrent.SingleThreadEventExecutor$5.run(SingleThreadEventExecutor.java:897)
	at org.apache.ratis.thirdparty.io.netty.util.concurrent.FastThreadLocalRunnable.run(FastThreadLocalRunnable.java:30)
	... 1 more
Caused by: java.net.ConnectException: Connection refused
	... 11 more
2019-10-07 12:02:29,696 [5fb7ce83-242c-4a6f-a9ec-b211957cc825@group-240EBE1C8FDE-LeaderElection178] INFO  impl.LeaderElection (LogUtils.java:infoOrTrace(149)) - 5fb7ce83-242c-4a6f-a9ec-b211957cc825@group-240EBE1C8FDE-LeaderElection178 got exception when requesting votes: {}
java.util.concurrent.ExecutionException: org.apache.ratis.thirdparty.io.grpc.StatusRuntimeException: UNAVAILABLE: io exception
	at java.util.concurrent.FutureTask.report(FutureTask.java:122)
	at java.util.concurrent.FutureTask.get(FutureTask.java:192)
	at org.apache.ratis.server.impl.LeaderElection.waitForResults(LeaderElection.java:259)
	at org.apache.ratis.server.impl.LeaderElection.askForVotes(LeaderElection.java:197)
	at org.apache.ratis.server.impl.LeaderElection.run(LeaderElection.java:133)
	at java.lang.Thread.run(Thread.java:748)
Caused by: org.apache.ratis.thirdparty.io.grpc.StatusRuntimeException: UNAVAILABLE: io exception
	at org.apache.ratis.thirdparty.io.grpc.stub.ClientCalls.toStatusRuntimeException(ClientCalls.java:233)
	at org.apache.ratis.thirdparty.io.grpc.stub.ClientCalls.getUnchecked(ClientCalls.java:214)
	at org.apache.ratis.thirdparty.io.grpc.stub.ClientCalls.blockingUnaryCall(ClientCalls.java:139)
	at org.apache.ratis.proto.grpc.RaftServerProtocolServiceGrpc$RaftServerProtocolServiceBlockingStub.requestVote(RaftServerProtocolServiceGrpc.java:265)
	at org.apache.ratis.grpc.server.GrpcServerProtocolClient.requestVote(GrpcServerProtocolClient.java:99)
	at org.apache.ratis.grpc.server.GrpcService.requestVote(GrpcService.java:204)
	at org.apache.ratis.server.impl.LeaderElection.lambda$submitRequests$1(LeaderElection.java:234)
	at java.util.concurrent.FutureTask.run(FutureTask.java:266)
	at java.util.concurrent.Executors$RunnableAdapter.call(Executors.java:511)
	at java.util.concurrent.FutureTask.run(FutureTask.java:266)
	at java.util.concurrent.ThreadPoolExecutor.runWorker(ThreadPoolExecutor.java:1149)
	at java.util.concurrent.ThreadPoolExecutor$Worker.run(ThreadPoolExecutor.java:624)
	... 1 more
Caused by: org.apache.ratis.thirdparty.io.netty.channel.AbstractChannel$AnnotatedConnectException: Connection refused: /192.168.30.26:36089
	at sun.nio.ch.SocketChannelImpl.checkConnect(Native Method)
	at sun.nio.ch.SocketChannelImpl.finishConnect(SocketChannelImpl.java:717)
	at org.apache.ratis.thirdparty.io.netty.channel.socket.nio.NioSocketChannel.doFinishConnect(NioSocketChannel.java:327)
	at org.apache.ratis.thirdparty.io.netty.channel.nio.AbstractNioChannel$AbstractNioUnsafe.finishConnect(AbstractNioChannel.java:340)
	at org.apache.ratis.thirdparty.io.netty.channel.nio.NioEventLoop.processSelectedKey(NioEventLoop.java:632)
	at org.apache.ratis.thirdparty.io.netty.channel.nio.NioEventLoop.processSelectedKeysOptimized(NioEventLoop.java:579)
	at org.apache.ratis.thirdparty.io.netty.channel.nio.NioEventLoop.processSelectedKeys(NioEventLoop.java:496)
	at org.apache.ratis.thirdparty.io.netty.channel.nio.NioEventLoop.run(NioEventLoop.java:458)
	at org.apache.ratis.thirdparty.io.netty.util.concurrent.SingleThreadEventExecutor$5.run(SingleThreadEventExecutor.java:897)
	at org.apache.ratis.thirdparty.io.netty.util.concurrent.FastThreadLocalRunnable.run(FastThreadLocalRunnable.java:30)
	... 1 more
Caused by: java.net.ConnectException: Connection refused
	... 11 more
2019-10-07 12:02:29,696 [5fb7ce83-242c-4a6f-a9ec-b211957cc825@group-240EBE1C8FDE-LeaderElection178] INFO  impl.LeaderElection (LeaderElection.java:logAndReturn(56)) - 5fb7ce83-242c-4a6f-a9ec-b211957cc825@group-240EBE1C8FDE-LeaderElection178: Election REJECTED; received 0 response(s) [] and 2 exception(s); 5fb7ce83-242c-4a6f-a9ec-b211957cc825@group-240EBE1C8FDE:t14, leader=null, voted=5fb7ce83-242c-4a6f-a9ec-b211957cc825, raftlog=5fb7ce83-242c-4a6f-a9ec-b211957cc825@group-240EBE1C8FDE-SegmentedRaftLog:OPENED:c12,f12,i12, conf=0: [35b93ee3-cf43-44f7-b896-65b06618aa81:192.168.30.26:43657, 9e4f0239-5467-41fd-81e1-38f0f07fc00b:192.168.30.26:36089, 5fb7ce83-242c-4a6f-a9ec-b211957cc825:192.168.30.26:42375], old=null
2019-10-07 12:02:29,696 [5fb7ce83-242c-4a6f-a9ec-b211957cc825@group-240EBE1C8FDE-LeaderElection178] INFO  impl.LeaderElection (LogUtils.java:infoOrTrace(149)) -   Exception 0: {}
java.util.concurrent.ExecutionException: org.apache.ratis.thirdparty.io.grpc.StatusRuntimeException: UNAVAILABLE: io exception
	at java.util.concurrent.FutureTask.report(FutureTask.java:122)
	at java.util.concurrent.FutureTask.get(FutureTask.java:192)
	at org.apache.ratis.server.impl.LeaderElection.waitForResults(LeaderElection.java:259)
	at org.apache.ratis.server.impl.LeaderElection.askForVotes(LeaderElection.java:197)
	at org.apache.ratis.server.impl.LeaderElection.run(LeaderElection.java:133)
	at java.lang.Thread.run(Thread.java:748)
Caused by: org.apache.ratis.thirdparty.io.grpc.StatusRuntimeException: UNAVAILABLE: io exception
	at org.apache.ratis.thirdparty.io.grpc.stub.ClientCalls.toStatusRuntimeException(ClientCalls.java:233)
	at org.apache.ratis.thirdparty.io.grpc.stub.ClientCalls.getUnchecked(ClientCalls.java:214)
	at org.apache.ratis.thirdparty.io.grpc.stub.ClientCalls.blockingUnaryCall(ClientCalls.java:139)
	at org.apache.ratis.proto.grpc.RaftServerProtocolServiceGrpc$RaftServerProtocolServiceBlockingStub.requestVote(RaftServerProtocolServiceGrpc.java:265)
	at org.apache.ratis.grpc.server.GrpcServerProtocolClient.requestVote(GrpcServerProtocolClient.java:99)
	at org.apache.ratis.grpc.server.GrpcService.requestVote(GrpcService.java:204)
	at org.apache.ratis.server.impl.LeaderElection.lambda$submitRequests$1(LeaderElection.java:234)
	at java.util.concurrent.FutureTask.run(FutureTask.java:266)
	at java.util.concurrent.Executors$RunnableAdapter.call(Executors.java:511)
	at java.util.concurrent.FutureTask.run(FutureTask.java:266)
	at java.util.concurrent.ThreadPoolExecutor.runWorker(ThreadPoolExecutor.java:1149)
	at java.util.concurrent.ThreadPoolExecutor$Worker.run(ThreadPoolExecutor.java:624)
	... 1 more
Caused by: org.apache.ratis.thirdparty.io.netty.channel.AbstractChannel$AnnotatedConnectException: Connection refused: /192.168.30.26:43657
	at sun.nio.ch.SocketChannelImpl.checkConnect(Native Method)
	at sun.nio.ch.SocketChannelImpl.finishConnect(SocketChannelImpl.java:717)
	at org.apache.ratis.thirdparty.io.netty.channel.socket.nio.NioSocketChannel.doFinishConnect(NioSocketChannel.java:327)
	at org.apache.ratis.thirdparty.io.netty.channel.nio.AbstractNioChannel$AbstractNioUnsafe.finishConnect(AbstractNioChannel.java:340)
	at org.apache.ratis.thirdparty.io.netty.channel.nio.NioEventLoop.processSelectedKey(NioEventLoop.java:632)
	at org.apache.ratis.thirdparty.io.netty.channel.nio.NioEventLoop.processSelectedKeysOptimized(NioEventLoop.java:579)
	at org.apache.ratis.thirdparty.io.netty.channel.nio.NioEventLoop.processSelectedKeys(NioEventLoop.java:496)
	at org.apache.ratis.thirdparty.io.netty.channel.nio.NioEventLoop.run(NioEventLoop.java:458)
	at org.apache.ratis.thirdparty.io.netty.util.concurrent.SingleThreadEventExecutor$5.run(SingleThreadEventExecutor.java:897)
	at org.apache.ratis.thirdparty.io.netty.util.concurrent.FastThreadLocalRunnable.run(FastThreadLocalRunnable.java:30)
	... 1 more
Caused by: java.net.ConnectException: Connection refused
	... 11 more
2019-10-07 12:02:29,696 [5fb7ce83-242c-4a6f-a9ec-b211957cc825@group-240EBE1C8FDE-LeaderElection178] INFO  impl.LeaderElection (LogUtils.java:infoOrTrace(149)) -   Exception 1: {}
java.util.concurrent.ExecutionException: org.apache.ratis.thirdparty.io.grpc.StatusRuntimeException: UNAVAILABLE: io exception
	at java.util.concurrent.FutureTask.report(FutureTask.java:122)
	at java.util.concurrent.FutureTask.get(FutureTask.java:192)
	at org.apache.ratis.server.impl.LeaderElection.waitForResults(LeaderElection.java:259)
	at org.apache.ratis.server.impl.LeaderElection.askForVotes(LeaderElection.java:197)
	at org.apache.ratis.server.impl.LeaderElection.run(LeaderElection.java:133)
	at java.lang.Thread.run(Thread.java:748)
Caused by: org.apache.ratis.thirdparty.io.grpc.StatusRuntimeException: UNAVAILABLE: io exception
	at org.apache.ratis.thirdparty.io.grpc.stub.ClientCalls.toStatusRuntimeException(ClientCalls.java:233)
	at org.apache.ratis.thirdparty.io.grpc.stub.ClientCalls.getUnchecked(ClientCalls.java:214)
	at org.apache.ratis.thirdparty.io.grpc.stub.ClientCalls.blockingUnaryCall(ClientCalls.java:139)
	at org.apache.ratis.proto.grpc.RaftServerProtocolServiceGrpc$RaftServerProtocolServiceBlockingStub.requestVote(RaftServerProtocolServiceGrpc.java:265)
	at org.apache.ratis.grpc.server.GrpcServerProtocolClient.requestVote(GrpcServerProtocolClient.java:99)
	at org.apache.ratis.grpc.server.GrpcService.requestVote(GrpcService.java:204)
	at org.apache.ratis.server.impl.LeaderElection.lambda$submitRequests$1(LeaderElection.java:234)
	at java.util.concurrent.FutureTask.run(FutureTask.java:266)
	at java.util.concurrent.Executors$RunnableAdapter.call(Executors.java:511)
	at java.util.concurrent.FutureTask.run(FutureTask.java:266)
	at java.util.concurrent.ThreadPoolExecutor.runWorker(ThreadPoolExecutor.java:1149)
	at java.util.concurrent.ThreadPoolExecutor$Worker.run(ThreadPoolExecutor.java:624)
	... 1 more
Caused by: org.apache.ratis.thirdparty.io.netty.channel.AbstractChannel$AnnotatedConnectException: Connection refused: /192.168.30.26:36089
	at sun.nio.ch.SocketChannelImpl.checkConnect(Native Method)
	at sun.nio.ch.SocketChannelImpl.finishConnect(SocketChannelImpl.java:717)
	at org.apache.ratis.thirdparty.io.netty.channel.socket.nio.NioSocketChannel.doFinishConnect(NioSocketChannel.java:327)
	at org.apache.ratis.thirdparty.io.netty.channel.nio.AbstractNioChannel$AbstractNioUnsafe.finishConnect(AbstractNioChannel.java:340)
	at org.apache.ratis.thirdparty.io.netty.channel.nio.NioEventLoop.processSelectedKey(NioEventLoop.java:632)
	at org.apache.ratis.thirdparty.io.netty.channel.nio.NioEventLoop.processSelectedKeysOptimized(NioEventLoop.java:579)
	at org.apache.ratis.thirdparty.io.netty.channel.nio.NioEventLoop.processSelectedKeys(NioEventLoop.java:496)
	at org.apache.ratis.thirdparty.io.netty.channel.nio.NioEventLoop.run(NioEventLoop.java:458)
	at org.apache.ratis.thirdparty.io.netty.util.concurrent.SingleThreadEventExecutor$5.run(SingleThreadEventExecutor.java:897)
	at org.apache.ratis.thirdparty.io.netty.util.concurrent.FastThreadLocalRunnable.run(FastThreadLocalRunnable.java:30)
	... 1 more
Caused by: java.net.ConnectException: Connection refused
	... 11 more
2019-10-07 12:02:29,696 [5fb7ce83-242c-4a6f-a9ec-b211957cc825@group-240EBE1C8FDE-LeaderElection178] INFO  impl.RaftServerImpl (RaftServerImpl.java:setRole(170)) - 5fb7ce83-242c-4a6f-a9ec-b211957cc825@group-240EBE1C8FDE: changes role from CANDIDATE to FOLLOWER at term 14 for DISCOVERED_A_NEW_TERM
2019-10-07 12:02:29,696 [5fb7ce83-242c-4a6f-a9ec-b211957cc825@group-240EBE1C8FDE-LeaderElection178] INFO  impl.RoleInfo (RoleInfo.java:shutdownLeaderElection(134)) - 5fb7ce83-242c-4a6f-a9ec-b211957cc825: shutdown LeaderElection
2019-10-07 12:02:29,697 [5fb7ce83-242c-4a6f-a9ec-b211957cc825@group-240EBE1C8FDE-LeaderElection178] INFO  impl.RoleInfo (RoleInfo.java:updateAndGet(143)) - 5fb7ce83-242c-4a6f-a9ec-b211957cc825: start FollowerState
2019-10-07 12:02:29,774 [ForkJoinPool.commonPool-worker-1] INFO  ozoneimpl.OzoneContainer (OzoneContainer.java:stop(231)) - Attempting to stop container services.
2019-10-07 12:02:29,775 [ForkJoinPool.commonPool-worker-1] INFO  impl.RaftServerProxy (RaftServerProxy.java:lambda$close$4(314)) - 5fb7ce83-242c-4a6f-a9ec-b211957cc825: close
2019-10-07 12:02:29,775 [ForkJoinPool.commonPool-worker-1] INFO  impl.RaftServerImpl (RaftServerImpl.java:lambda$shutdown$3(247)) - 5fb7ce83-242c-4a6f-a9ec-b211957cc825@group-9B1C711DF241: shutdown
2019-10-07 12:02:29,775 [ForkJoinPool.commonPool-worker-1] INFO  util.JmxRegister (JmxRegister.java:unregister(73)) - Successfully un-registered JMX Bean with object name Ratis:service=RaftServer,group=group-9B1C711DF241,id=5fb7ce83-242c-4a6f-a9ec-b211957cc825
2019-10-07 12:02:29,775 [ForkJoinPool.commonPool-worker-1] INFO  impl.RoleInfo (RoleInfo.java:shutdownLeaderState(104)) - 5fb7ce83-242c-4a6f-a9ec-b211957cc825: shutdown LeaderState
2019-10-07 12:02:29,776 [ForkJoinPool.commonPool-worker-1] INFO  impl.PendingRequests (PendingRequests.java:sendNotLeaderResponses(202)) - 5fb7ce83-242c-4a6f-a9ec-b211957cc825@group-9B1C711DF241-PendingRequests: sendNotLeaderResponses
2019-10-07 12:02:29,776 [ForkJoinPool.commonPool-worker-1] INFO  impl.StateMachineUpdater (StateMachineUpdater.java:stopAndJoin(136)) - 5fb7ce83-242c-4a6f-a9ec-b211957cc825@group-9B1C711DF241-StateMachineUpdater: set stopIndex = 0
2019-10-07 12:02:29,776 [ForkJoinPool.commonPool-worker-1] INFO  impl.RaftServerImpl (ServerState.java:close(387)) - 5fb7ce83-242c-4a6f-a9ec-b211957cc825@group-9B1C711DF241: closes. applyIndex: 0
2019-10-07 12:02:29,777 [5fb7ce83-242c-4a6f-a9ec-b211957cc825@group-9B1C711DF241-SegmentedRaftLogWorker] INFO  segmented.SegmentedRaftLogWorker (SegmentedRaftLogWorker.java:run(316)) - 5fb7ce83-242c-4a6f-a9ec-b211957cc825@group-9B1C711DF241-SegmentedRaftLogWorker was interrupted, exiting. There are 0 tasks remaining in the queue.
2019-10-07 12:02:29,778 [ForkJoinPool.commonPool-worker-1] INFO  segmented.SegmentedRaftLogWorker (SegmentedRaftLogWorker.java:close(224)) - 5fb7ce83-242c-4a6f-a9ec-b211957cc825@group-9B1C711DF241-SegmentedRaftLogWorker close()
2019-10-07 12:02:29,781 [ForkJoinPool.commonPool-worker-1] INFO  impl.RaftServerImpl (RaftServerImpl.java:lambda$shutdown$3(247)) - 5fb7ce83-242c-4a6f-a9ec-b211957cc825@group-240EBE1C8FDE: shutdown
2019-10-07 12:02:29,781 [ForkJoinPool.commonPool-worker-1] INFO  util.JmxRegister (JmxRegister.java:unregister(73)) - Successfully un-registered JMX Bean with object name Ratis:service=RaftServer,group=group-240EBE1C8FDE,id=5fb7ce83-242c-4a6f-a9ec-b211957cc825
2019-10-07 12:02:29,781 [ForkJoinPool.commonPool-worker-1] INFO  impl.RoleInfo (RoleInfo.java:shutdownFollowerState(121)) - 5fb7ce83-242c-4a6f-a9ec-b211957cc825: shutdown FollowerState
2019-10-07 12:02:29,781 [ForkJoinPool.commonPool-worker-1] INFO  impl.StateMachineUpdater (StateMachineUpdater.java:stopAndJoin(136)) - 5fb7ce83-242c-4a6f-a9ec-b211957cc825@group-240EBE1C8FDE-StateMachineUpdater: set stopIndex = 12
2019-10-07 12:02:29,782 [Thread-4123] INFO  impl.FollowerState (FollowerState.java:run(117)) - 5fb7ce83-242c-4a6f-a9ec-b211957cc825@group-240EBE1C8FDE-FollowerState was interrupted: java.lang.InterruptedException: sleep interrupted
2019-10-07 12:02:29,782 [5fb7ce83-242c-4a6f-a9ec-b211957cc825@group-240EBE1C8FDE-StateMachineUpdater] INFO  ratis.ContainerStateMachine (ContainerStateMachine.java:takeSnapshot(294)) - group-240EBE1C8FDE: Taking a snapshot at:(t:1, i:8) file /workdir/hadoop-ozone/integration-test/target/test-dir/MiniOzoneClusterImpl-3996cdb0-1c67-461d-8979-130917cb6d41/datanode-1/data/ratis/72795b40-b455-49fe-9f44-240ebe1c8fde/sm/snapshot.1_8
2019-10-07 12:02:29,791 [main] INFO  ozoneimpl.OzoneContainer (OzoneContainer.java:stop(231)) - Attempting to stop container services.
2019-10-07 12:02:29,791 [main] INFO  impl.RaftServerProxy (RaftServerProxy.java:lambda$close$4(314)) - 2448c0a4-60ab-445b-94bb-e14ef8250a87: close
2019-10-07 12:02:29,794 [main] INFO  server.GrpcService (GrpcService.java:closeImpl(164)) - 2448c0a4-60ab-445b-94bb-e14ef8250a87: shutdown server with port 33619 now
2019-10-07 12:02:29,795 [main] INFO  server.GrpcService (GrpcService.java:closeImpl(172)) - 2448c0a4-60ab-445b-94bb-e14ef8250a87: shutdown server with port 33619 successfully
2019-10-07 12:02:29,796 [5fb7ce83-242c-4a6f-a9ec-b211957cc825@group-240EBE1C8FDE-StateMachineUpdater] INFO  ratis.ContainerStateMachine (ContainerStateMachine.java:takeSnapshot(305)) - group-240EBE1C8FDE: Finished taking a snapshot at:(t:1, i:8) file:/workdir/hadoop-ozone/integration-test/target/test-dir/MiniOzoneClusterImpl-3996cdb0-1c67-461d-8979-130917cb6d41/datanode-1/data/ratis/72795b40-b455-49fe-9f44-240ebe1c8fde/sm/snapshot.1_8 time:14
2019-10-07 12:02:29,796 [5fb7ce83-242c-4a6f-a9ec-b211957cc825@group-240EBE1C8FDE-StateMachineUpdater] INFO  impl.StateMachineUpdater (StateMachineUpdater.java:takeSnapshot(269)) - 5fb7ce83-242c-4a6f-a9ec-b211957cc825@group-240EBE1C8FDE-StateMachineUpdater: Took a snapshot at index 8
2019-10-07 12:02:29,796 [5fb7ce83-242c-4a6f-a9ec-b211957cc825@group-240EBE1C8FDE-StateMachineUpdater] INFO  impl.StateMachineUpdater (StateMachineUpdater.java:lambda$new$0(84)) - 5fb7ce83-242c-4a6f-a9ec-b211957cc825@group-240EBE1C8FDE-StateMachineUpdater: snapshotIndex: updateIncreasingly -1 -> 8
2019-10-07 12:02:29,797 [5fb7ce83-242c-4a6f-a9ec-b211957cc825@group-240EBE1C8FDE-StateMachineUpdater] INFO  ratis.ContainerStateMachine (ContainerStateMachine.java:takeSnapshot(294)) - group-240EBE1C8FDE: Taking a snapshot at:(t:1, i:8) file /workdir/hadoop-ozone/integration-test/target/test-dir/MiniOzoneClusterImpl-3996cdb0-1c67-461d-8979-130917cb6d41/datanode-1/data/ratis/72795b40-b455-49fe-9f44-240ebe1c8fde/sm/snapshot.1_8
2019-10-07 12:02:29,797 [refreshUsed-/workdir/hadoop-ozone/integration-test/target/test-dir/MiniOzoneClusterImpl-3996cdb0-1c67-461d-8979-130917cb6d41/datanode-9/data/containers] WARN  fs.CachingGetSpaceUsed (CachingGetSpaceUsed.java:run(183)) - Thread Interrupted waiting to refresh disk information: sleep interrupted
2019-10-07 12:02:29,810 [5fb7ce83-242c-4a6f-a9ec-b211957cc825@group-240EBE1C8FDE-StateMachineUpdater] INFO  ratis.ContainerStateMachine (ContainerStateMachine.java:takeSnapshot(305)) - group-240EBE1C8FDE: Finished taking a snapshot at:(t:1, i:8) file:/workdir/hadoop-ozone/integration-test/target/test-dir/MiniOzoneClusterImpl-3996cdb0-1c67-461d-8979-130917cb6d41/datanode-1/data/ratis/72795b40-b455-49fe-9f44-240ebe1c8fde/sm/snapshot.1_8 time:13
2019-10-07 12:02:29,810 [5fb7ce83-242c-4a6f-a9ec-b211957cc825@group-240EBE1C8FDE-StateMachineUpdater] INFO  impl.StateMachineUpdater (StateMachineUpdater.java:takeSnapshot(269)) - 5fb7ce83-242c-4a6f-a9ec-b211957cc825@group-240EBE1C8FDE-StateMachineUpdater: Took a snapshot at index 8
2019-10-07 12:02:29,811 [5fb7ce83-242c-4a6f-a9ec-b211957cc825@group-240EBE1C8FDE-StateMachineUpdater] INFO  impl.StateMachineUpdater (StateMachineUpdater.java:lambda$new$0(84)) - 5fb7ce83-242c-4a6f-a9ec-b211957cc825@group-240EBE1C8FDE-StateMachineUpdater: snapshotIndex: updateIncreasingly 8 -> 8
2019-10-07 12:02:29,811 [ForkJoinPool.commonPool-worker-1] INFO  impl.RaftServerImpl (ServerState.java:close(387)) - 5fb7ce83-242c-4a6f-a9ec-b211957cc825@group-240EBE1C8FDE: closes. applyIndex: 12
2019-10-07 12:02:29,811 [main] INFO  utils.BackgroundService (BackgroundService.java:shutdown(148)) - Shutting down service BlockDeletingService
2019-10-07 12:02:29,811 [5fb7ce83-242c-4a6f-a9ec-b211957cc825@group-240EBE1C8FDE-SegmentedRaftLogWorker] INFO  segmented.SegmentedRaftLogWorker (SegmentedRaftLogWorker.java:run(316)) - 5fb7ce83-242c-4a6f-a9ec-b211957cc825@group-240EBE1C8FDE-SegmentedRaftLogWorker was interrupted, exiting. There are 0 tasks remaining in the queue.
2019-10-07 12:02:29,812 [ForkJoinPool.commonPool-worker-1] INFO  segmented.SegmentedRaftLogWorker (SegmentedRaftLogWorker.java:close(224)) - 5fb7ce83-242c-4a6f-a9ec-b211957cc825@group-240EBE1C8FDE-SegmentedRaftLogWorker close()
2019-10-07 12:02:29,814 [main] INFO  statemachine.DatanodeStateMachine (DatanodeStateMachine.java:stopDaemon(395)) - Ozone container server stopped.
2019-10-07 12:02:29,816 [ForkJoinPool.commonPool-worker-1] INFO  server.GrpcService (GrpcService.java:closeImpl(164)) - 5fb7ce83-242c-4a6f-a9ec-b211957cc825: shutdown server with port 42375 now
2019-10-07 12:02:29,817 [ForkJoinPool.commonPool-worker-1] INFO  server.GrpcService (GrpcService.java:closeImpl(172)) - 5fb7ce83-242c-4a6f-a9ec-b211957cc825: shutdown server with port 42375 successfully
2019-10-07 12:02:29,818 [main] INFO  handler.ContextHandler (ContextHandler.java:doStop(910)) - Stopped o.e.j.w.WebAppContext@1c7cd434{/,null,UNAVAILABLE}{/hddsDatanode}
2019-10-07 12:02:29,819 [refreshUsed-/workdir/hadoop-ozone/integration-test/target/test-dir/MiniOzoneClusterImpl-3996cdb0-1c67-461d-8979-130917cb6d41/datanode-1/data/containers] WARN  fs.CachingGetSpaceUsed (CachingGetSpaceUsed.java:run(183)) - Thread Interrupted waiting to refresh disk information: sleep interrupted
2019-10-07 12:02:29,819 [main] INFO  server.AbstractConnector (AbstractConnector.java:doStop(318)) - Stopped ServerConnector@13004dd8{HTTP/1.1,[http/1.1]}{0.0.0.0:0}
2019-10-07 12:02:29,821 [main] INFO  handler.ContextHandler (ContextHandler.java:doStop(910)) - Stopped o.e.j.s.ServletContextHandler@34cd65ac{/static,jar:file:/home/user/.m2/repository/org/apache/hadoop/hadoop-hdds-container-service/0.5.0-SNAPSHOT/hadoop-hdds-container-service-0.5.0-SNAPSHOT.jar!/webapps/static,UNAVAILABLE}
2019-10-07 12:02:29,821 [main] INFO  handler.ContextHandler (ContextHandler.java:doStop(910)) - Stopped o.e.j.s.ServletContextHandler@5a3cf878{/logs,file:///workdir/hadoop-ozone/integration-test/target/log,UNAVAILABLE}
2019-10-07 12:02:29,829 [ForkJoinPool.commonPool-worker-1] INFO  utils.BackgroundService (BackgroundService.java:shutdown(148)) - Shutting down service BlockDeletingService
2019-10-07 12:02:29,831 [ForkJoinPool.commonPool-worker-1] INFO  statemachine.DatanodeStateMachine (DatanodeStateMachine.java:stopDaemon(395)) - Ozone container server stopped.
2019-10-07 12:02:29,841 [ForkJoinPool.commonPool-worker-1] INFO  handler.ContextHandler (ContextHandler.java:doStop(910)) - Stopped o.e.j.w.WebAppContext@18c880ea{/,null,UNAVAILABLE}{/hddsDatanode}
2019-10-07 12:02:29,851 [ForkJoinPool.commonPool-worker-1] INFO  server.AbstractConnector (AbstractConnector.java:doStop(318)) - Stopped ServerConnector@5ac044ef{HTTP/1.1,[http/1.1]}{0.0.0.0:0}
2019-10-07 12:02:29,854 [ForkJoinPool.commonPool-worker-1] INFO  handler.ContextHandler (ContextHandler.java:doStop(910)) - Stopped o.e.j.s.ServletContextHandler@409732fb{/static,jar:file:/home/user/.m2/repository/org/apache/hadoop/hadoop-hdds-container-service/0.5.0-SNAPSHOT/hadoop-hdds-container-service-0.5.0-SNAPSHOT.jar!/webapps/static,UNAVAILABLE}
2019-10-07 12:02:29,855 [ForkJoinPool.commonPool-worker-1] INFO  handler.ContextHandler (ContextHandler.java:doStop(910)) - Stopped o.e.j.s.ServletContextHandler@6f96dd64{/logs,file:///workdir/hadoop-ozone/integration-test/target/log,UNAVAILABLE}
2019-10-07 12:02:30,350 [Datanode State Machine Thread - 0] INFO  statemachine.DatanodeStateMachine (DatanodeStateMachine.java:lambda$startDaemon$0(350)) - Ozone container server started.
2019-10-07 12:02:30,453 [Thread-4119] INFO  impl.FollowerState (FollowerState.java:run(108)) - 36acb61b-05f2-4e48-b1a6-804a8e695824@group-8EBE8B731ECD-FollowerState: change to CANDIDATE, lastRpcTime:1198ms, electionTimeout:1198ms
2019-10-07 12:02:30,453 [Thread-4119] INFO  impl.RoleInfo (RoleInfo.java:shutdownFollowerState(121)) - 36acb61b-05f2-4e48-b1a6-804a8e695824: shutdown FollowerState
2019-10-07 12:02:30,453 [Thread-4119] INFO  impl.RaftServerImpl (RaftServerImpl.java:setRole(170)) - 36acb61b-05f2-4e48-b1a6-804a8e695824@group-8EBE8B731ECD: changes role from  FOLLOWER to CANDIDATE at term 5 for changeToCandidate
2019-10-07 12:02:30,453 [Thread-4119] INFO  impl.RoleInfo (RoleInfo.java:updateAndGet(143)) - 36acb61b-05f2-4e48-b1a6-804a8e695824: start LeaderElection
2019-10-07 12:02:30,467 [36acb61b-05f2-4e48-b1a6-804a8e695824@group-8EBE8B731ECD-LeaderElection179] INFO  impl.LeaderElection (LeaderElection.java:askForVotes(178)) - 36acb61b-05f2-4e48-b1a6-804a8e695824@group-8EBE8B731ECD-LeaderElection179: begin an election at term 6 for 0: [dbe9d5b3-671c-49b9-b95c-28ee3dd5e12c:192.168.30.26:38963, 36acb61b-05f2-4e48-b1a6-804a8e695824:192.168.30.26:33929, f273724d-798c-4ad2-8d41-52aa1480ea33:192.168.30.26:37581], old=null
2019-10-07 12:02:30,468 [36acb61b-05f2-4e48-b1a6-804a8e695824@group-8EBE8B731ECD-LeaderElection179] INFO  impl.LeaderElection (LogUtils.java:infoOrTrace(149)) - 36acb61b-05f2-4e48-b1a6-804a8e695824@group-8EBE8B731ECD-LeaderElection179 got exception when requesting votes: {}
java.util.concurrent.ExecutionException: org.apache.ratis.thirdparty.io.grpc.StatusRuntimeException: UNAVAILABLE: io exception
	at java.util.concurrent.FutureTask.report(FutureTask.java:122)
	at java.util.concurrent.FutureTask.get(FutureTask.java:192)
	at org.apache.ratis.server.impl.LeaderElection.waitForResults(LeaderElection.java:259)
	at org.apache.ratis.server.impl.LeaderElection.askForVotes(LeaderElection.java:197)
	at org.apache.ratis.server.impl.LeaderElection.run(LeaderElection.java:133)
	at java.lang.Thread.run(Thread.java:748)
Caused by: org.apache.ratis.thirdparty.io.grpc.StatusRuntimeException: UNAVAILABLE: io exception
	at org.apache.ratis.thirdparty.io.grpc.stub.ClientCalls.toStatusRuntimeException(ClientCalls.java:233)
	at org.apache.ratis.thirdparty.io.grpc.stub.ClientCalls.getUnchecked(ClientCalls.java:214)
	at org.apache.ratis.thirdparty.io.grpc.stub.ClientCalls.blockingUnaryCall(ClientCalls.java:139)
	at org.apache.ratis.proto.grpc.RaftServerProtocolServiceGrpc$RaftServerProtocolServiceBlockingStub.requestVote(RaftServerProtocolServiceGrpc.java:265)
	at org.apache.ratis.grpc.server.GrpcServerProtocolClient.requestVote(GrpcServerProtocolClient.java:99)
	at org.apache.ratis.grpc.server.GrpcService.requestVote(GrpcService.java:204)
	at org.apache.ratis.server.impl.LeaderElection.lambda$submitRequests$1(LeaderElection.java:234)
	at java.util.concurrent.FutureTask.run(FutureTask.java:266)
	at java.util.concurrent.Executors$RunnableAdapter.call(Executors.java:511)
	at java.util.concurrent.FutureTask.run(FutureTask.java:266)
	at java.util.concurrent.ThreadPoolExecutor.runWorker(ThreadPoolExecutor.java:1149)
	at java.util.concurrent.ThreadPoolExecutor$Worker.run(ThreadPoolExecutor.java:624)
	... 1 more
Caused by: org.apache.ratis.thirdparty.io.netty.channel.AbstractChannel$AnnotatedConnectException: Connection refused: /192.168.30.26:38963
	at sun.nio.ch.SocketChannelImpl.checkConnect(Native Method)
	at sun.nio.ch.SocketChannelImpl.finishConnect(SocketChannelImpl.java:717)
	at org.apache.ratis.thirdparty.io.netty.channel.socket.nio.NioSocketChannel.doFinishConnect(NioSocketChannel.java:327)
	at org.apache.ratis.thirdparty.io.netty.channel.nio.AbstractNioChannel$AbstractNioUnsafe.finishConnect(AbstractNioChannel.java:340)
	at org.apache.ratis.thirdparty.io.netty.channel.nio.NioEventLoop.processSelectedKey(NioEventLoop.java:632)
	at org.apache.ratis.thirdparty.io.netty.channel.nio.NioEventLoop.processSelectedKeysOptimized(NioEventLoop.java:579)
	at org.apache.ratis.thirdparty.io.netty.channel.nio.NioEventLoop.processSelectedKeys(NioEventLoop.java:496)
	at org.apache.ratis.thirdparty.io.netty.channel.nio.NioEventLoop.run(NioEventLoop.java:458)
	at org.apache.ratis.thirdparty.io.netty.util.concurrent.SingleThreadEventExecutor$5.run(SingleThreadEventExecutor.java:897)
	at org.apache.ratis.thirdparty.io.netty.util.concurrent.FastThreadLocalRunnable.run(FastThreadLocalRunnable.java:30)
	... 1 more
Caused by: java.net.ConnectException: Connection refused
	... 11 more
2019-10-07 12:02:30,468 [36acb61b-05f2-4e48-b1a6-804a8e695824@group-8EBE8B731ECD-LeaderElection179] INFO  impl.LeaderElection (LogUtils.java:infoOrTrace(149)) - 36acb61b-05f2-4e48-b1a6-804a8e695824@group-8EBE8B731ECD-LeaderElection179 got exception when requesting votes: {}
java.util.concurrent.ExecutionException: org.apache.ratis.thirdparty.io.grpc.StatusRuntimeException: UNAVAILABLE: io exception
	at java.util.concurrent.FutureTask.report(FutureTask.java:122)
	at java.util.concurrent.FutureTask.get(FutureTask.java:192)
	at org.apache.ratis.server.impl.LeaderElection.waitForResults(LeaderElection.java:259)
	at org.apache.ratis.server.impl.LeaderElection.askForVotes(LeaderElection.java:197)
	at org.apache.ratis.server.impl.LeaderElection.run(LeaderElection.java:133)
	at java.lang.Thread.run(Thread.java:748)
Caused by: org.apache.ratis.thirdparty.io.grpc.StatusRuntimeException: UNAVAILABLE: io exception
	at org.apache.ratis.thirdparty.io.grpc.stub.ClientCalls.toStatusRuntimeException(ClientCalls.java:233)
	at org.apache.ratis.thirdparty.io.grpc.stub.ClientCalls.getUnchecked(ClientCalls.java:214)
	at org.apache.ratis.thirdparty.io.grpc.stub.ClientCalls.blockingUnaryCall(ClientCalls.java:139)
	at org.apache.ratis.proto.grpc.RaftServerProtocolServiceGrpc$RaftServerProtocolServiceBlockingStub.requestVote(RaftServerProtocolServiceGrpc.java:265)
	at org.apache.ratis.grpc.server.GrpcServerProtocolClient.requestVote(GrpcServerProtocolClient.java:99)
	at org.apache.ratis.grpc.server.GrpcService.requestVote(GrpcService.java:204)
	at org.apache.ratis.server.impl.LeaderElection.lambda$submitRequests$1(LeaderElection.java:234)
	at java.util.concurrent.FutureTask.run(FutureTask.java:266)
	at java.util.concurrent.Executors$RunnableAdapter.call(Executors.java:511)
	at java.util.concurrent.FutureTask.run(FutureTask.java:266)
	at java.util.concurrent.ThreadPoolExecutor.runWorker(ThreadPoolExecutor.java:1149)
	at java.util.concurrent.ThreadPoolExecutor$Worker.run(ThreadPoolExecutor.java:624)
	... 1 more
Caused by: org.apache.ratis.thirdparty.io.netty.channel.AbstractChannel$AnnotatedConnectException: Connection refused: /192.168.30.26:37581
	at sun.nio.ch.SocketChannelImpl.checkConnect(Native Method)
	at sun.nio.ch.SocketChannelImpl.finishConnect(SocketChannelImpl.java:717)
	at org.apache.ratis.thirdparty.io.netty.channel.socket.nio.NioSocketChannel.doFinishConnect(NioSocketChannel.java:327)
	at org.apache.ratis.thirdparty.io.netty.channel.nio.AbstractNioChannel$AbstractNioUnsafe.finishConnect(AbstractNioChannel.java:340)
	at org.apache.ratis.thirdparty.io.netty.channel.nio.NioEventLoop.processSelectedKey(NioEventLoop.java:632)
	at org.apache.ratis.thirdparty.io.netty.channel.nio.NioEventLoop.processSelectedKeysOptimized(NioEventLoop.java:579)
	at org.apache.ratis.thirdparty.io.netty.channel.nio.NioEventLoop.processSelectedKeys(NioEventLoop.java:496)
	at org.apache.ratis.thirdparty.io.netty.channel.nio.NioEventLoop.run(NioEventLoop.java:458)
	at org.apache.ratis.thirdparty.io.netty.util.concurrent.SingleThreadEventExecutor$5.run(SingleThreadEventExecutor.java:897)
	at org.apache.ratis.thirdparty.io.netty.util.concurrent.FastThreadLocalRunnable.run(FastThreadLocalRunnable.java:30)
	... 1 more
Caused by: java.net.ConnectException: Connection refused
	... 11 more
2019-10-07 12:02:30,469 [36acb61b-05f2-4e48-b1a6-804a8e695824@group-8EBE8B731ECD-LeaderElection179] INFO  impl.LeaderElection (LeaderElection.java:logAndReturn(56)) - 36acb61b-05f2-4e48-b1a6-804a8e695824@group-8EBE8B731ECD-LeaderElection179: Election REJECTED; received 0 response(s) [] and 2 exception(s); 36acb61b-05f2-4e48-b1a6-804a8e695824@group-8EBE8B731ECD:t6, leader=null, voted=36acb61b-05f2-4e48-b1a6-804a8e695824, raftlog=36acb61b-05f2-4e48-b1a6-804a8e695824@group-8EBE8B731ECD-SegmentedRaftLog:OPENED:c4,f4,i4, conf=0: [dbe9d5b3-671c-49b9-b95c-28ee3dd5e12c:192.168.30.26:38963, 36acb61b-05f2-4e48-b1a6-804a8e695824:192.168.30.26:33929, f273724d-798c-4ad2-8d41-52aa1480ea33:192.168.30.26:37581], old=null
2019-10-07 12:02:30,469 [36acb61b-05f2-4e48-b1a6-804a8e695824@group-8EBE8B731ECD-LeaderElection179] INFO  impl.LeaderElection (LogUtils.java:infoOrTrace(149)) -   Exception 0: {}
java.util.concurrent.ExecutionException: org.apache.ratis.thirdparty.io.grpc.StatusRuntimeException: UNAVAILABLE: io exception
	at java.util.concurrent.FutureTask.report(FutureTask.java:122)
	at java.util.concurrent.FutureTask.get(FutureTask.java:192)
	at org.apache.ratis.server.impl.LeaderElection.waitForResults(LeaderElection.java:259)
	at org.apache.ratis.server.impl.LeaderElection.askForVotes(LeaderElection.java:197)
	at org.apache.ratis.server.impl.LeaderElection.run(LeaderElection.java:133)
	at java.lang.Thread.run(Thread.java:748)
Caused by: org.apache.ratis.thirdparty.io.grpc.StatusRuntimeException: UNAVAILABLE: io exception
	at org.apache.ratis.thirdparty.io.grpc.stub.ClientCalls.toStatusRuntimeException(ClientCalls.java:233)
	at org.apache.ratis.thirdparty.io.grpc.stub.ClientCalls.getUnchecked(ClientCalls.java:214)
	at org.apache.ratis.thirdparty.io.grpc.stub.ClientCalls.blockingUnaryCall(ClientCalls.java:139)
	at org.apache.ratis.proto.grpc.RaftServerProtocolServiceGrpc$RaftServerProtocolServiceBlockingStub.requestVote(RaftServerProtocolServiceGrpc.java:265)
	at org.apache.ratis.grpc.server.GrpcServerProtocolClient.requestVote(GrpcServerProtocolClient.java:99)
	at org.apache.ratis.grpc.server.GrpcService.requestVote(GrpcService.java:204)
	at org.apache.ratis.server.impl.LeaderElection.lambda$submitRequests$1(LeaderElection.java:234)
	at java.util.concurrent.FutureTask.run(FutureTask.java:266)
	at java.util.concurrent.Executors$RunnableAdapter.call(Executors.java:511)
	at java.util.concurrent.FutureTask.run(FutureTask.java:266)
	at java.util.concurrent.ThreadPoolExecutor.runWorker(ThreadPoolExecutor.java:1149)
	at java.util.concurrent.ThreadPoolExecutor$Worker.run(ThreadPoolExecutor.java:624)
	... 1 more
Caused by: org.apache.ratis.thirdparty.io.netty.channel.AbstractChannel$AnnotatedConnectException: Connection refused: /192.168.30.26:38963
	at sun.nio.ch.SocketChannelImpl.checkConnect(Native Method)
	at sun.nio.ch.SocketChannelImpl.finishConnect(SocketChannelImpl.java:717)
	at org.apache.ratis.thirdparty.io.netty.channel.socket.nio.NioSocketChannel.doFinishConnect(NioSocketChannel.java:327)
	at org.apache.ratis.thirdparty.io.netty.channel.nio.AbstractNioChannel$AbstractNioUnsafe.finishConnect(AbstractNioChannel.java:340)
	at org.apache.ratis.thirdparty.io.netty.channel.nio.NioEventLoop.processSelectedKey(NioEventLoop.java:632)
	at org.apache.ratis.thirdparty.io.netty.channel.nio.NioEventLoop.processSelectedKeysOptimized(NioEventLoop.java:579)
	at org.apache.ratis.thirdparty.io.netty.channel.nio.NioEventLoop.processSelectedKeys(NioEventLoop.java:496)
	at org.apache.ratis.thirdparty.io.netty.channel.nio.NioEventLoop.run(NioEventLoop.java:458)
	at org.apache.ratis.thirdparty.io.netty.util.concurrent.SingleThreadEventExecutor$5.run(SingleThreadEventExecutor.java:897)
	at org.apache.ratis.thirdparty.io.netty.util.concurrent.FastThreadLocalRunnable.run(FastThreadLocalRunnable.java:30)
	... 1 more
Caused by: java.net.ConnectException: Connection refused
	... 11 more
2019-10-07 12:02:30,469 [36acb61b-05f2-4e48-b1a6-804a8e695824@group-8EBE8B731ECD-LeaderElection179] INFO  impl.LeaderElection (LogUtils.java:infoOrTrace(149)) -   Exception 1: {}
java.util.concurrent.ExecutionException: org.apache.ratis.thirdparty.io.grpc.StatusRuntimeException: UNAVAILABLE: io exception
	at java.util.concurrent.FutureTask.report(FutureTask.java:122)
	at java.util.concurrent.FutureTask.get(FutureTask.java:192)
	at org.apache.ratis.server.impl.LeaderElection.waitForResults(LeaderElection.java:259)
	at org.apache.ratis.server.impl.LeaderElection.askForVotes(LeaderElection.java:197)
	at org.apache.ratis.server.impl.LeaderElection.run(LeaderElection.java:133)
	at java.lang.Thread.run(Thread.java:748)
Caused by: org.apache.ratis.thirdparty.io.grpc.StatusRuntimeException: UNAVAILABLE: io exception
	at org.apache.ratis.thirdparty.io.grpc.stub.ClientCalls.toStatusRuntimeException(ClientCalls.java:233)
	at org.apache.ratis.thirdparty.io.grpc.stub.ClientCalls.getUnchecked(ClientCalls.java:214)
	at org.apache.ratis.thirdparty.io.grpc.stub.ClientCalls.blockingUnaryCall(ClientCalls.java:139)
	at org.apache.ratis.proto.grpc.RaftServerProtocolServiceGrpc$RaftServerProtocolServiceBlockingStub.requestVote(RaftServerProtocolServiceGrpc.java:265)
	at org.apache.ratis.grpc.server.GrpcServerProtocolClient.requestVote(GrpcServerProtocolClient.java:99)
	at org.apache.ratis.grpc.server.GrpcService.requestVote(GrpcService.java:204)
	at org.apache.ratis.server.impl.LeaderElection.lambda$submitRequests$1(LeaderElection.java:234)
	at java.util.concurrent.FutureTask.run(FutureTask.java:266)
	at java.util.concurrent.Executors$RunnableAdapter.call(Executors.java:511)
	at java.util.concurrent.FutureTask.run(FutureTask.java:266)
	at java.util.concurrent.ThreadPoolExecutor.runWorker(ThreadPoolExecutor.java:1149)
	at java.util.concurrent.ThreadPoolExecutor$Worker.run(ThreadPoolExecutor.java:624)
	... 1 more
Caused by: org.apache.ratis.thirdparty.io.netty.channel.AbstractChannel$AnnotatedConnectException: Connection refused: /192.168.30.26:37581
	at sun.nio.ch.SocketChannelImpl.checkConnect(Native Method)
	at sun.nio.ch.SocketChannelImpl.finishConnect(SocketChannelImpl.java:717)
	at org.apache.ratis.thirdparty.io.netty.channel.socket.nio.NioSocketChannel.doFinishConnect(NioSocketChannel.java:327)
	at org.apache.ratis.thirdparty.io.netty.channel.nio.AbstractNioChannel$AbstractNioUnsafe.finishConnect(AbstractNioChannel.java:340)
	at org.apache.ratis.thirdparty.io.netty.channel.nio.NioEventLoop.processSelectedKey(NioEventLoop.java:632)
	at org.apache.ratis.thirdparty.io.netty.channel.nio.NioEventLoop.processSelectedKeysOptimized(NioEventLoop.java:579)
	at org.apache.ratis.thirdparty.io.netty.channel.nio.NioEventLoop.processSelectedKeys(NioEventLoop.java:496)
	at org.apache.ratis.thirdparty.io.netty.channel.nio.NioEventLoop.run(NioEventLoop.java:458)
	at org.apache.ratis.thirdparty.io.netty.util.concurrent.SingleThreadEventExecutor$5.run(SingleThreadEventExecutor.java:897)
	at org.apache.ratis.thirdparty.io.netty.util.concurrent.FastThreadLocalRunnable.run(FastThreadLocalRunnable.java:30)
	... 1 more
Caused by: java.net.ConnectException: Connection refused
	... 11 more
2019-10-07 12:02:30,469 [36acb61b-05f2-4e48-b1a6-804a8e695824@group-8EBE8B731ECD-LeaderElection179] INFO  impl.RaftServerImpl (RaftServerImpl.java:setRole(170)) - 36acb61b-05f2-4e48-b1a6-804a8e695824@group-8EBE8B731ECD: changes role from CANDIDATE to FOLLOWER at term 6 for DISCOVERED_A_NEW_TERM
2019-10-07 12:02:30,469 [36acb61b-05f2-4e48-b1a6-804a8e695824@group-8EBE8B731ECD-LeaderElection179] INFO  impl.RoleInfo (RoleInfo.java:shutdownLeaderElection(134)) - 36acb61b-05f2-4e48-b1a6-804a8e695824: shutdown LeaderElection
2019-10-07 12:02:30,469 [36acb61b-05f2-4e48-b1a6-804a8e695824@group-8EBE8B731ECD-LeaderElection179] INFO  impl.RoleInfo (RoleInfo.java:updateAndGet(143)) - 36acb61b-05f2-4e48-b1a6-804a8e695824: start FollowerState
2019-10-07 12:02:31,637 [Thread-4127] INFO  impl.FollowerState (FollowerState.java:run(108)) - 36acb61b-05f2-4e48-b1a6-804a8e695824@group-8EBE8B731ECD-FollowerState: change to CANDIDATE, lastRpcTime:1167ms, electionTimeout:1167ms
2019-10-07 12:02:31,637 [Thread-4127] INFO  impl.RoleInfo (RoleInfo.java:shutdownFollowerState(121)) - 36acb61b-05f2-4e48-b1a6-804a8e695824: shutdown FollowerState
2019-10-07 12:02:31,637 [Thread-4127] INFO  impl.RaftServerImpl (RaftServerImpl.java:setRole(170)) - 36acb61b-05f2-4e48-b1a6-804a8e695824@group-8EBE8B731ECD: changes role from  FOLLOWER to CANDIDATE at term 6 for changeToCandidate
2019-10-07 12:02:31,637 [Thread-4127] INFO  impl.RoleInfo (RoleInfo.java:updateAndGet(143)) - 36acb61b-05f2-4e48-b1a6-804a8e695824: start LeaderElection
2019-10-07 12:02:31,648 [36acb61b-05f2-4e48-b1a6-804a8e695824@group-8EBE8B731ECD-LeaderElection180] INFO  impl.LeaderElection (LeaderElection.java:askForVotes(178)) - 36acb61b-05f2-4e48-b1a6-804a8e695824@group-8EBE8B731ECD-LeaderElection180: begin an election at term 7 for 0: [dbe9d5b3-671c-49b9-b95c-28ee3dd5e12c:192.168.30.26:38963, 36acb61b-05f2-4e48-b1a6-804a8e695824:192.168.30.26:33929, f273724d-798c-4ad2-8d41-52aa1480ea33:192.168.30.26:37581], old=null
2019-10-07 12:02:31,648 [36acb61b-05f2-4e48-b1a6-804a8e695824@group-8EBE8B731ECD-LeaderElection180] INFO  impl.LeaderElection (LogUtils.java:infoOrTrace(149)) - 36acb61b-05f2-4e48-b1a6-804a8e695824@group-8EBE8B731ECD-LeaderElection180 got exception when requesting votes: {}
java.util.concurrent.ExecutionException: org.apache.ratis.thirdparty.io.grpc.StatusRuntimeException: UNAVAILABLE: io exception
	at java.util.concurrent.FutureTask.report(FutureTask.java:122)
	at java.util.concurrent.FutureTask.get(FutureTask.java:192)
	at org.apache.ratis.server.impl.LeaderElection.waitForResults(LeaderElection.java:259)
	at org.apache.ratis.server.impl.LeaderElection.askForVotes(LeaderElection.java:197)
	at org.apache.ratis.server.impl.LeaderElection.run(LeaderElection.java:133)
	at java.lang.Thread.run(Thread.java:748)
Caused by: org.apache.ratis.thirdparty.io.grpc.StatusRuntimeException: UNAVAILABLE: io exception
	at org.apache.ratis.thirdparty.io.grpc.stub.ClientCalls.toStatusRuntimeException(ClientCalls.java:233)
	at org.apache.ratis.thirdparty.io.grpc.stub.ClientCalls.getUnchecked(ClientCalls.java:214)
	at org.apache.ratis.thirdparty.io.grpc.stub.ClientCalls.blockingUnaryCall(ClientCalls.java:139)
	at org.apache.ratis.proto.grpc.RaftServerProtocolServiceGrpc$RaftServerProtocolServiceBlockingStub.requestVote(RaftServerProtocolServiceGrpc.java:265)
	at org.apache.ratis.grpc.server.GrpcServerProtocolClient.requestVote(GrpcServerProtocolClient.java:99)
	at org.apache.ratis.grpc.server.GrpcService.requestVote(GrpcService.java:204)
	at org.apache.ratis.server.impl.LeaderElection.lambda$submitRequests$1(LeaderElection.java:234)
	at java.util.concurrent.FutureTask.run(FutureTask.java:266)
	at java.util.concurrent.Executors$RunnableAdapter.call(Executors.java:511)
	at java.util.concurrent.FutureTask.run(FutureTask.java:266)
	at java.util.concurrent.ThreadPoolExecutor.runWorker(ThreadPoolExecutor.java:1149)
	at java.util.concurrent.ThreadPoolExecutor$Worker.run(ThreadPoolExecutor.java:624)
	... 1 more
Caused by: org.apache.ratis.thirdparty.io.netty.channel.AbstractChannel$AnnotatedConnectException: Connection refused: /192.168.30.26:38963
	at sun.nio.ch.SocketChannelImpl.checkConnect(Native Method)
	at sun.nio.ch.SocketChannelImpl.finishConnect(SocketChannelImpl.java:717)
	at org.apache.ratis.thirdparty.io.netty.channel.socket.nio.NioSocketChannel.doFinishConnect(NioSocketChannel.java:327)
	at org.apache.ratis.thirdparty.io.netty.channel.nio.AbstractNioChannel$AbstractNioUnsafe.finishConnect(AbstractNioChannel.java:340)
	at org.apache.ratis.thirdparty.io.netty.channel.nio.NioEventLoop.processSelectedKey(NioEventLoop.java:632)
	at org.apache.ratis.thirdparty.io.netty.channel.nio.NioEventLoop.processSelectedKeysOptimized(NioEventLoop.java:579)
	at org.apache.ratis.thirdparty.io.netty.channel.nio.NioEventLoop.processSelectedKeys(NioEventLoop.java:496)
	at org.apache.ratis.thirdparty.io.netty.channel.nio.NioEventLoop.run(NioEventLoop.java:458)
	at org.apache.ratis.thirdparty.io.netty.util.concurrent.SingleThreadEventExecutor$5.run(SingleThreadEventExecutor.java:897)
	at org.apache.ratis.thirdparty.io.netty.util.concurrent.FastThreadLocalRunnable.run(FastThreadLocalRunnable.java:30)
	... 1 more
Caused by: java.net.ConnectException: Connection refused
	... 11 more
2019-10-07 12:02:31,649 [36acb61b-05f2-4e48-b1a6-804a8e695824@group-8EBE8B731ECD-LeaderElection180] INFO  impl.LeaderElection (LogUtils.java:infoOrTrace(149)) - 36acb61b-05f2-4e48-b1a6-804a8e695824@group-8EBE8B731ECD-LeaderElection180 got exception when requesting votes: {}
java.util.concurrent.ExecutionException: org.apache.ratis.thirdparty.io.grpc.StatusRuntimeException: UNAVAILABLE: io exception
	at java.util.concurrent.FutureTask.report(FutureTask.java:122)
	at java.util.concurrent.FutureTask.get(FutureTask.java:192)
	at org.apache.ratis.server.impl.LeaderElection.waitForResults(LeaderElection.java:259)
	at org.apache.ratis.server.impl.LeaderElection.askForVotes(LeaderElection.java:197)
	at org.apache.ratis.server.impl.LeaderElection.run(LeaderElection.java:133)
	at java.lang.Thread.run(Thread.java:748)
Caused by: org.apache.ratis.thirdparty.io.grpc.StatusRuntimeException: UNAVAILABLE: io exception
	at org.apache.ratis.thirdparty.io.grpc.stub.ClientCalls.toStatusRuntimeException(ClientCalls.java:233)
	at org.apache.ratis.thirdparty.io.grpc.stub.ClientCalls.getUnchecked(ClientCalls.java:214)
	at org.apache.ratis.thirdparty.io.grpc.stub.ClientCalls.blockingUnaryCall(ClientCalls.java:139)
	at org.apache.ratis.proto.grpc.RaftServerProtocolServiceGrpc$RaftServerProtocolServiceBlockingStub.requestVote(RaftServerProtocolServiceGrpc.java:265)
	at org.apache.ratis.grpc.server.GrpcServerProtocolClient.requestVote(GrpcServerProtocolClient.java:99)
	at org.apache.ratis.grpc.server.GrpcService.requestVote(GrpcService.java:204)
	at org.apache.ratis.server.impl.LeaderElection.lambda$submitRequests$1(LeaderElection.java:234)
	at java.util.concurrent.FutureTask.run(FutureTask.java:266)
	at java.util.concurrent.Executors$RunnableAdapter.call(Executors.java:511)
	at java.util.concurrent.FutureTask.run(FutureTask.java:266)
	at java.util.concurrent.ThreadPoolExecutor.runWorker(ThreadPoolExecutor.java:1149)
	at java.util.concurrent.ThreadPoolExecutor$Worker.run(ThreadPoolExecutor.java:624)
	... 1 more
Caused by: org.apache.ratis.thirdparty.io.netty.channel.AbstractChannel$AnnotatedConnectException: Connection refused: /192.168.30.26:37581
	at sun.nio.ch.SocketChannelImpl.checkConnect(Native Method)
	at sun.nio.ch.SocketChannelImpl.finishConnect(SocketChannelImpl.java:717)
	at org.apache.ratis.thirdparty.io.netty.channel.socket.nio.NioSocketChannel.doFinishConnect(NioSocketChannel.java:327)
	at org.apache.ratis.thirdparty.io.netty.channel.nio.AbstractNioChannel$AbstractNioUnsafe.finishConnect(AbstractNioChannel.java:340)
	at org.apache.ratis.thirdparty.io.netty.channel.nio.NioEventLoop.processSelectedKey(NioEventLoop.java:632)
	at org.apache.ratis.thirdparty.io.netty.channel.nio.NioEventLoop.processSelectedKeysOptimized(NioEventLoop.java:579)
	at org.apache.ratis.thirdparty.io.netty.channel.nio.NioEventLoop.processSelectedKeys(NioEventLoop.java:496)
	at org.apache.ratis.thirdparty.io.netty.channel.nio.NioEventLoop.run(NioEventLoop.java:458)
	at org.apache.ratis.thirdparty.io.netty.util.concurrent.SingleThreadEventExecutor$5.run(SingleThreadEventExecutor.java:897)
	at org.apache.ratis.thirdparty.io.netty.util.concurrent.FastThreadLocalRunnable.run(FastThreadLocalRunnable.java:30)
	... 1 more
Caused by: java.net.ConnectException: Connection refused
	... 11 more
2019-10-07 12:02:31,649 [36acb61b-05f2-4e48-b1a6-804a8e695824@group-8EBE8B731ECD-LeaderElection180] INFO  impl.LeaderElection (LeaderElection.java:logAndReturn(56)) - 36acb61b-05f2-4e48-b1a6-804a8e695824@group-8EBE8B731ECD-LeaderElection180: Election REJECTED; received 0 response(s) [] and 2 exception(s); 36acb61b-05f2-4e48-b1a6-804a8e695824@group-8EBE8B731ECD:t7, leader=null, voted=36acb61b-05f2-4e48-b1a6-804a8e695824, raftlog=36acb61b-05f2-4e48-b1a6-804a8e695824@group-8EBE8B731ECD-SegmentedRaftLog:OPENED:c4,f4,i4, conf=0: [dbe9d5b3-671c-49b9-b95c-28ee3dd5e12c:192.168.30.26:38963, 36acb61b-05f2-4e48-b1a6-804a8e695824:192.168.30.26:33929, f273724d-798c-4ad2-8d41-52aa1480ea33:192.168.30.26:37581], old=null
2019-10-07 12:02:31,649 [36acb61b-05f2-4e48-b1a6-804a8e695824@group-8EBE8B731ECD-LeaderElection180] INFO  impl.LeaderElection (LogUtils.java:infoOrTrace(149)) -   Exception 0: {}
java.util.concurrent.ExecutionException: org.apache.ratis.thirdparty.io.grpc.StatusRuntimeException: UNAVAILABLE: io exception
	at java.util.concurrent.FutureTask.report(FutureTask.java:122)
	at java.util.concurrent.FutureTask.get(FutureTask.java:192)
	at org.apache.ratis.server.impl.LeaderElection.waitForResults(LeaderElection.java:259)
	at org.apache.ratis.server.impl.LeaderElection.askForVotes(LeaderElection.java:197)
	at org.apache.ratis.server.impl.LeaderElection.run(LeaderElection.java:133)
	at java.lang.Thread.run(Thread.java:748)
Caused by: org.apache.ratis.thirdparty.io.grpc.StatusRuntimeException: UNAVAILABLE: io exception
	at org.apache.ratis.thirdparty.io.grpc.stub.ClientCalls.toStatusRuntimeException(ClientCalls.java:233)
	at org.apache.ratis.thirdparty.io.grpc.stub.ClientCalls.getUnchecked(ClientCalls.java:214)
	at org.apache.ratis.thirdparty.io.grpc.stub.ClientCalls.blockingUnaryCall(ClientCalls.java:139)
	at org.apache.ratis.proto.grpc.RaftServerProtocolServiceGrpc$RaftServerProtocolServiceBlockingStub.requestVote(RaftServerProtocolServiceGrpc.java:265)
	at org.apache.ratis.grpc.server.GrpcServerProtocolClient.requestVote(GrpcServerProtocolClient.java:99)
	at org.apache.ratis.grpc.server.GrpcService.requestVote(GrpcService.java:204)
	at org.apache.ratis.server.impl.LeaderElection.lambda$submitRequests$1(LeaderElection.java:234)
	at java.util.concurrent.FutureTask.run(FutureTask.java:266)
	at java.util.concurrent.Executors$RunnableAdapter.call(Executors.java:511)
	at java.util.concurrent.FutureTask.run(FutureTask.java:266)
	at java.util.concurrent.ThreadPoolExecutor.runWorker(ThreadPoolExecutor.java:1149)
	at java.util.concurrent.ThreadPoolExecutor$Worker.run(ThreadPoolExecutor.java:624)
	... 1 more
Caused by: org.apache.ratis.thirdparty.io.netty.channel.AbstractChannel$AnnotatedConnectException: Connection refused: /192.168.30.26:38963
	at sun.nio.ch.SocketChannelImpl.checkConnect(Native Method)
	at sun.nio.ch.SocketChannelImpl.finishConnect(SocketChannelImpl.java:717)
	at org.apache.ratis.thirdparty.io.netty.channel.socket.nio.NioSocketChannel.doFinishConnect(NioSocketChannel.java:327)
	at org.apache.ratis.thirdparty.io.netty.channel.nio.AbstractNioChannel$AbstractNioUnsafe.finishConnect(AbstractNioChannel.java:340)
	at org.apache.ratis.thirdparty.io.netty.channel.nio.NioEventLoop.processSelectedKey(NioEventLoop.java:632)
	at org.apache.ratis.thirdparty.io.netty.channel.nio.NioEventLoop.processSelectedKeysOptimized(NioEventLoop.java:579)
	at org.apache.ratis.thirdparty.io.netty.channel.nio.NioEventLoop.processSelectedKeys(NioEventLoop.java:496)
	at org.apache.ratis.thirdparty.io.netty.channel.nio.NioEventLoop.run(NioEventLoop.java:458)
	at org.apache.ratis.thirdparty.io.netty.util.concurrent.SingleThreadEventExecutor$5.run(SingleThreadEventExecutor.java:897)
	at org.apache.ratis.thirdparty.io.netty.util.concurrent.FastThreadLocalRunnable.run(FastThreadLocalRunnable.java:30)
	... 1 more
Caused by: java.net.ConnectException: Connection refused
	... 11 more
2019-10-07 12:02:31,650 [36acb61b-05f2-4e48-b1a6-804a8e695824@group-8EBE8B731ECD-LeaderElection180] INFO  impl.LeaderElection (LogUtils.java:infoOrTrace(149)) -   Exception 1: {}
java.util.concurrent.ExecutionException: org.apache.ratis.thirdparty.io.grpc.StatusRuntimeException: UNAVAILABLE: io exception
	at java.util.concurrent.FutureTask.report(FutureTask.java:122)
	at java.util.concurrent.FutureTask.get(FutureTask.java:192)
	at org.apache.ratis.server.impl.LeaderElection.waitForResults(LeaderElection.java:259)
	at org.apache.ratis.server.impl.LeaderElection.askForVotes(LeaderElection.java:197)
	at org.apache.ratis.server.impl.LeaderElection.run(LeaderElection.java:133)
	at java.lang.Thread.run(Thread.java:748)
Caused by: org.apache.ratis.thirdparty.io.grpc.StatusRuntimeException: UNAVAILABLE: io exception
	at org.apache.ratis.thirdparty.io.grpc.stub.ClientCalls.toStatusRuntimeException(ClientCalls.java:233)
	at org.apache.ratis.thirdparty.io.grpc.stub.ClientCalls.getUnchecked(ClientCalls.java:214)
	at org.apache.ratis.thirdparty.io.grpc.stub.ClientCalls.blockingUnaryCall(ClientCalls.java:139)
	at org.apache.ratis.proto.grpc.RaftServerProtocolServiceGrpc$RaftServerProtocolServiceBlockingStub.requestVote(RaftServerProtocolServiceGrpc.java:265)
	at org.apache.ratis.grpc.server.GrpcServerProtocolClient.requestVote(GrpcServerProtocolClient.java:99)
	at org.apache.ratis.grpc.server.GrpcService.requestVote(GrpcService.java:204)
	at org.apache.ratis.server.impl.LeaderElection.lambda$submitRequests$1(LeaderElection.java:234)
	at java.util.concurrent.FutureTask.run(FutureTask.java:266)
	at java.util.concurrent.Executors$RunnableAdapter.call(Executors.java:511)
	at java.util.concurrent.FutureTask.run(FutureTask.java:266)
	at java.util.concurrent.ThreadPoolExecutor.runWorker(ThreadPoolExecutor.java:1149)
	at java.util.concurrent.ThreadPoolExecutor$Worker.run(ThreadPoolExecutor.java:624)
	... 1 more
Caused by: org.apache.ratis.thirdparty.io.netty.channel.AbstractChannel$AnnotatedConnectException: Connection refused: /192.168.30.26:37581
	at sun.nio.ch.SocketChannelImpl.checkConnect(Native Method)
	at sun.nio.ch.SocketChannelImpl.finishConnect(SocketChannelImpl.java:717)
	at org.apache.ratis.thirdparty.io.netty.channel.socket.nio.NioSocketChannel.doFinishConnect(NioSocketChannel.java:327)
	at org.apache.ratis.thirdparty.io.netty.channel.nio.AbstractNioChannel$AbstractNioUnsafe.finishConnect(AbstractNioChannel.java:340)
	at org.apache.ratis.thirdparty.io.netty.channel.nio.NioEventLoop.processSelectedKey(NioEventLoop.java:632)
	at org.apache.ratis.thirdparty.io.netty.channel.nio.NioEventLoop.processSelectedKeysOptimized(NioEventLoop.java:579)
	at org.apache.ratis.thirdparty.io.netty.channel.nio.NioEventLoop.processSelectedKeys(NioEventLoop.java:496)
	at org.apache.ratis.thirdparty.io.netty.channel.nio.NioEventLoop.run(NioEventLoop.java:458)
	at org.apache.ratis.thirdparty.io.netty.util.concurrent.SingleThreadEventExecutor$5.run(SingleThreadEventExecutor.java:897)
	at org.apache.ratis.thirdparty.io.netty.util.concurrent.FastThreadLocalRunnable.run(FastThreadLocalRunnable.java:30)
	... 1 more
Caused by: java.net.ConnectException: Connection refused
	... 11 more
2019-10-07 12:02:31,650 [36acb61b-05f2-4e48-b1a6-804a8e695824@group-8EBE8B731ECD-LeaderElection180] INFO  impl.RaftServerImpl (RaftServerImpl.java:setRole(170)) - 36acb61b-05f2-4e48-b1a6-804a8e695824@group-8EBE8B731ECD: changes role from CANDIDATE to FOLLOWER at term 7 for DISCOVERED_A_NEW_TERM
2019-10-07 12:02:31,650 [36acb61b-05f2-4e48-b1a6-804a8e695824@group-8EBE8B731ECD-LeaderElection180] INFO  impl.RoleInfo (RoleInfo.java:shutdownLeaderElection(134)) - 36acb61b-05f2-4e48-b1a6-804a8e695824: shutdown LeaderElection
2019-10-07 12:02:31,650 [36acb61b-05f2-4e48-b1a6-804a8e695824@group-8EBE8B731ECD-LeaderElection180] INFO  impl.RoleInfo (RoleInfo.java:updateAndGet(143)) - 36acb61b-05f2-4e48-b1a6-804a8e695824: start FollowerState
2019-10-07 12:02:32,734 [Thread-4131] INFO  impl.FollowerState (FollowerState.java:run(108)) - 36acb61b-05f2-4e48-b1a6-804a8e695824@group-8EBE8B731ECD-FollowerState: change to CANDIDATE, lastRpcTime:1083ms, electionTimeout:1083ms
2019-10-07 12:02:32,734 [Thread-4131] INFO  impl.RoleInfo (RoleInfo.java:shutdownFollowerState(121)) - 36acb61b-05f2-4e48-b1a6-804a8e695824: shutdown FollowerState
2019-10-07 12:02:32,735 [Thread-4131] INFO  impl.RaftServerImpl (RaftServerImpl.java:setRole(170)) - 36acb61b-05f2-4e48-b1a6-804a8e695824@group-8EBE8B731ECD: changes role from  FOLLOWER to CANDIDATE at term 7 for changeToCandidate
2019-10-07 12:02:32,735 [Thread-4131] INFO  impl.RoleInfo (RoleInfo.java:updateAndGet(143)) - 36acb61b-05f2-4e48-b1a6-804a8e695824: start LeaderElection
2019-10-07 12:02:32,754 [36acb61b-05f2-4e48-b1a6-804a8e695824@group-8EBE8B731ECD-LeaderElection181] INFO  impl.LeaderElection (LeaderElection.java:askForVotes(178)) - 36acb61b-05f2-4e48-b1a6-804a8e695824@group-8EBE8B731ECD-LeaderElection181: begin an election at term 8 for 0: [dbe9d5b3-671c-49b9-b95c-28ee3dd5e12c:192.168.30.26:38963, 36acb61b-05f2-4e48-b1a6-804a8e695824:192.168.30.26:33929, f273724d-798c-4ad2-8d41-52aa1480ea33:192.168.30.26:37581], old=null
2019-10-07 12:02:32,755 [36acb61b-05f2-4e48-b1a6-804a8e695824@group-8EBE8B731ECD-LeaderElection181] INFO  impl.LeaderElection (LogUtils.java:infoOrTrace(149)) - 36acb61b-05f2-4e48-b1a6-804a8e695824@group-8EBE8B731ECD-LeaderElection181 got exception when requesting votes: {}
java.util.concurrent.ExecutionException: org.apache.ratis.thirdparty.io.grpc.StatusRuntimeException: UNAVAILABLE: io exception
	at java.util.concurrent.FutureTask.report(FutureTask.java:122)
	at java.util.concurrent.FutureTask.get(FutureTask.java:192)
	at org.apache.ratis.server.impl.LeaderElection.waitForResults(LeaderElection.java:259)
	at org.apache.ratis.server.impl.LeaderElection.askForVotes(LeaderElection.java:197)
	at org.apache.ratis.server.impl.LeaderElection.run(LeaderElection.java:133)
	at java.lang.Thread.run(Thread.java:748)
Caused by: org.apache.ratis.thirdparty.io.grpc.StatusRuntimeException: UNAVAILABLE: io exception
	at org.apache.ratis.thirdparty.io.grpc.stub.ClientCalls.toStatusRuntimeException(ClientCalls.java:233)
	at org.apache.ratis.thirdparty.io.grpc.stub.ClientCalls.getUnchecked(ClientCalls.java:214)
	at org.apache.ratis.thirdparty.io.grpc.stub.ClientCalls.blockingUnaryCall(ClientCalls.java:139)
	at org.apache.ratis.proto.grpc.RaftServerProtocolServiceGrpc$RaftServerProtocolServiceBlockingStub.requestVote(RaftServerProtocolServiceGrpc.java:265)
	at org.apache.ratis.grpc.server.GrpcServerProtocolClient.requestVote(GrpcServerProtocolClient.java:99)
	at org.apache.ratis.grpc.server.GrpcService.requestVote(GrpcService.java:204)
	at org.apache.ratis.server.impl.LeaderElection.lambda$submitRequests$1(LeaderElection.java:234)
	at java.util.concurrent.FutureTask.run(FutureTask.java:266)
	at java.util.concurrent.Executors$RunnableAdapter.call(Executors.java:511)
	at java.util.concurrent.FutureTask.run(FutureTask.java:266)
	at java.util.concurrent.ThreadPoolExecutor.runWorker(ThreadPoolExecutor.java:1149)
	at java.util.concurrent.ThreadPoolExecutor$Worker.run(ThreadPoolExecutor.java:624)
	... 1 more
Caused by: org.apache.ratis.thirdparty.io.netty.channel.AbstractChannel$AnnotatedConnectException: Connection refused: /192.168.30.26:37581
	at sun.nio.ch.SocketChannelImpl.checkConnect(Native Method)
	at sun.nio.ch.SocketChannelImpl.finishConnect(SocketChannelImpl.java:717)
	at org.apache.ratis.thirdparty.io.netty.channel.socket.nio.NioSocketChannel.doFinishConnect(NioSocketChannel.java:327)
	at org.apache.ratis.thirdparty.io.netty.channel.nio.AbstractNioChannel$AbstractNioUnsafe.finishConnect(AbstractNioChannel.java:340)
	at org.apache.ratis.thirdparty.io.netty.channel.nio.NioEventLoop.processSelectedKey(NioEventLoop.java:632)
	at org.apache.ratis.thirdparty.io.netty.channel.nio.NioEventLoop.processSelectedKeysOptimized(NioEventLoop.java:579)
	at org.apache.ratis.thirdparty.io.netty.channel.nio.NioEventLoop.processSelectedKeys(NioEventLoop.java:496)
	at org.apache.ratis.thirdparty.io.netty.channel.nio.NioEventLoop.run(NioEventLoop.java:458)
	at org.apache.ratis.thirdparty.io.netty.util.concurrent.SingleThreadEventExecutor$5.run(SingleThreadEventExecutor.java:897)
	at org.apache.ratis.thirdparty.io.netty.util.concurrent.FastThreadLocalRunnable.run(FastThreadLocalRunnable.java:30)
	... 1 more
Caused by: java.net.ConnectException: Connection refused
	... 11 more
2019-10-07 12:02:32,756 [36acb61b-05f2-4e48-b1a6-804a8e695824@group-8EBE8B731ECD-LeaderElection181] INFO  impl.LeaderElection (LogUtils.java:infoOrTrace(149)) - 36acb61b-05f2-4e48-b1a6-804a8e695824@group-8EBE8B731ECD-LeaderElection181 got exception when requesting votes: {}
java.util.concurrent.ExecutionException: org.apache.ratis.thirdparty.io.grpc.StatusRuntimeException: UNAVAILABLE: io exception
	at java.util.concurrent.FutureTask.report(FutureTask.java:122)
	at java.util.concurrent.FutureTask.get(FutureTask.java:192)
	at org.apache.ratis.server.impl.LeaderElection.waitForResults(LeaderElection.java:259)
	at org.apache.ratis.server.impl.LeaderElection.askForVotes(LeaderElection.java:197)
	at org.apache.ratis.server.impl.LeaderElection.run(LeaderElection.java:133)
	at java.lang.Thread.run(Thread.java:748)
Caused by: org.apache.ratis.thirdparty.io.grpc.StatusRuntimeException: UNAVAILABLE: io exception
	at org.apache.ratis.thirdparty.io.grpc.stub.ClientCalls.toStatusRuntimeException(ClientCalls.java:233)
	at org.apache.ratis.thirdparty.io.grpc.stub.ClientCalls.getUnchecked(ClientCalls.java:214)
	at org.apache.ratis.thirdparty.io.grpc.stub.ClientCalls.blockingUnaryCall(ClientCalls.java:139)
	at org.apache.ratis.proto.grpc.RaftServerProtocolServiceGrpc$RaftServerProtocolServiceBlockingStub.requestVote(RaftServerProtocolServiceGrpc.java:265)
	at org.apache.ratis.grpc.server.GrpcServerProtocolClient.requestVote(GrpcServerProtocolClient.java:99)
	at org.apache.ratis.grpc.server.GrpcService.requestVote(GrpcService.java:204)
	at org.apache.ratis.server.impl.LeaderElection.lambda$submitRequests$1(LeaderElection.java:234)
	at java.util.concurrent.FutureTask.run(FutureTask.java:266)
	at java.util.concurrent.Executors$RunnableAdapter.call(Executors.java:511)
	at java.util.concurrent.FutureTask.run(FutureTask.java:266)
	at java.util.concurrent.ThreadPoolExecutor.runWorker(ThreadPoolExecutor.java:1149)
	at java.util.concurrent.ThreadPoolExecutor$Worker.run(ThreadPoolExecutor.java:624)
	... 1 more
Caused by: org.apache.ratis.thirdparty.io.netty.channel.AbstractChannel$AnnotatedConnectException: Connection refused: /192.168.30.26:38963
	at sun.nio.ch.SocketChannelImpl.checkConnect(Native Method)
	at sun.nio.ch.SocketChannelImpl.finishConnect(SocketChannelImpl.java:717)
	at org.apache.ratis.thirdparty.io.netty.channel.socket.nio.NioSocketChannel.doFinishConnect(NioSocketChannel.java:327)
	at org.apache.ratis.thirdparty.io.netty.channel.nio.AbstractNioChannel$AbstractNioUnsafe.finishConnect(AbstractNioChannel.java:340)
	at org.apache.ratis.thirdparty.io.netty.channel.nio.NioEventLoop.processSelectedKey(NioEventLoop.java:632)
	at org.apache.ratis.thirdparty.io.netty.channel.nio.NioEventLoop.processSelectedKeysOptimized(NioEventLoop.java:579)
	at org.apache.ratis.thirdparty.io.netty.channel.nio.NioEventLoop.processSelectedKeys(NioEventLoop.java:496)
	at org.apache.ratis.thirdparty.io.netty.channel.nio.NioEventLoop.run(NioEventLoop.java:458)
	at org.apache.ratis.thirdparty.io.netty.util.concurrent.SingleThreadEventExecutor$5.run(SingleThreadEventExecutor.java:897)
	at org.apache.ratis.thirdparty.io.netty.util.concurrent.FastThreadLocalRunnable.run(FastThreadLocalRunnable.java:30)
	... 1 more
Caused by: java.net.ConnectException: Connection refused
	... 11 more
2019-10-07 12:02:32,757 [36acb61b-05f2-4e48-b1a6-804a8e695824@group-8EBE8B731ECD-LeaderElection181] INFO  impl.LeaderElection (LeaderElection.java:logAndReturn(56)) - 36acb61b-05f2-4e48-b1a6-804a8e695824@group-8EBE8B731ECD-LeaderElection181: Election REJECTED; received 0 response(s) [] and 2 exception(s); 36acb61b-05f2-4e48-b1a6-804a8e695824@group-8EBE8B731ECD:t8, leader=null, voted=36acb61b-05f2-4e48-b1a6-804a8e695824, raftlog=36acb61b-05f2-4e48-b1a6-804a8e695824@group-8EBE8B731ECD-SegmentedRaftLog:OPENED:c4,f4,i4, conf=0: [dbe9d5b3-671c-49b9-b95c-28ee3dd5e12c:192.168.30.26:38963, 36acb61b-05f2-4e48-b1a6-804a8e695824:192.168.30.26:33929, f273724d-798c-4ad2-8d41-52aa1480ea33:192.168.30.26:37581], old=null
2019-10-07 12:02:32,757 [36acb61b-05f2-4e48-b1a6-804a8e695824@group-8EBE8B731ECD-LeaderElection181] INFO  impl.LeaderElection (LogUtils.java:infoOrTrace(149)) -   Exception 0: {}
java.util.concurrent.ExecutionException: org.apache.ratis.thirdparty.io.grpc.StatusRuntimeException: UNAVAILABLE: io exception
	at java.util.concurrent.FutureTask.report(FutureTask.java:122)
	at java.util.concurrent.FutureTask.get(FutureTask.java:192)
	at org.apache.ratis.server.impl.LeaderElection.waitForResults(LeaderElection.java:259)
	at org.apache.ratis.server.impl.LeaderElection.askForVotes(LeaderElection.java:197)
	at org.apache.ratis.server.impl.LeaderElection.run(LeaderElection.java:133)
	at java.lang.Thread.run(Thread.java:748)
Caused by: org.apache.ratis.thirdparty.io.grpc.StatusRuntimeException: UNAVAILABLE: io exception
	at org.apache.ratis.thirdparty.io.grpc.stub.ClientCalls.toStatusRuntimeException(ClientCalls.java:233)
	at org.apache.ratis.thirdparty.io.grpc.stub.ClientCalls.getUnchecked(ClientCalls.java:214)
	at org.apache.ratis.thirdparty.io.grpc.stub.ClientCalls.blockingUnaryCall(ClientCalls.java:139)
	at org.apache.ratis.proto.grpc.RaftServerProtocolServiceGrpc$RaftServerProtocolServiceBlockingStub.requestVote(RaftServerProtocolServiceGrpc.java:265)
	at org.apache.ratis.grpc.server.GrpcServerProtocolClient.requestVote(GrpcServerProtocolClient.java:99)
	at org.apache.ratis.grpc.server.GrpcService.requestVote(GrpcService.java:204)
	at org.apache.ratis.server.impl.LeaderElection.lambda$submitRequests$1(LeaderElection.java:234)
	at java.util.concurrent.FutureTask.run(FutureTask.java:266)
	at java.util.concurrent.Executors$RunnableAdapter.call(Executors.java:511)
	at java.util.concurrent.FutureTask.run(FutureTask.java:266)
	at java.util.concurrent.ThreadPoolExecutor.runWorker(ThreadPoolExecutor.java:1149)
	at java.util.concurrent.ThreadPoolExecutor$Worker.run(ThreadPoolExecutor.java:624)
	... 1 more
Caused by: org.apache.ratis.thirdparty.io.netty.channel.AbstractChannel$AnnotatedConnectException: Connection refused: /192.168.30.26:37581
	at sun.nio.ch.SocketChannelImpl.checkConnect(Native Method)
	at sun.nio.ch.SocketChannelImpl.finishConnect(SocketChannelImpl.java:717)
	at org.apache.ratis.thirdparty.io.netty.channel.socket.nio.NioSocketChannel.doFinishConnect(NioSocketChannel.java:327)
	at org.apache.ratis.thirdparty.io.netty.channel.nio.AbstractNioChannel$AbstractNioUnsafe.finishConnect(AbstractNioChannel.java:340)
	at org.apache.ratis.thirdparty.io.netty.channel.nio.NioEventLoop.processSelectedKey(NioEventLoop.java:632)
	at org.apache.ratis.thirdparty.io.netty.channel.nio.NioEventLoop.processSelectedKeysOptimized(NioEventLoop.java:579)
	at org.apache.ratis.thirdparty.io.netty.channel.nio.NioEventLoop.processSelectedKeys(NioEventLoop.java:496)
	at org.apache.ratis.thirdparty.io.netty.channel.nio.NioEventLoop.run(NioEventLoop.java:458)
	at org.apache.ratis.thirdparty.io.netty.util.concurrent.SingleThreadEventExecutor$5.run(SingleThreadEventExecutor.java:897)
	at org.apache.ratis.thirdparty.io.netty.util.concurrent.FastThreadLocalRunnable.run(FastThreadLocalRunnable.java:30)
	... 1 more
Caused by: java.net.ConnectException: Connection refused
	... 11 more
2019-10-07 12:02:32,757 [36acb61b-05f2-4e48-b1a6-804a8e695824@group-8EBE8B731ECD-LeaderElection181] INFO  impl.LeaderElection (LogUtils.java:infoOrTrace(149)) -   Exception 1: {}
java.util.concurrent.ExecutionException: org.apache.ratis.thirdparty.io.grpc.StatusRuntimeException: UNAVAILABLE: io exception
	at java.util.concurrent.FutureTask.report(FutureTask.java:122)
	at java.util.concurrent.FutureTask.get(FutureTask.java:192)
	at org.apache.ratis.server.impl.LeaderElection.waitForResults(LeaderElection.java:259)
	at org.apache.ratis.server.impl.LeaderElection.askForVotes(LeaderElection.java:197)
	at org.apache.ratis.server.impl.LeaderElection.run(LeaderElection.java:133)
	at java.lang.Thread.run(Thread.java:748)
Caused by: org.apache.ratis.thirdparty.io.grpc.StatusRuntimeException: UNAVAILABLE: io exception
	at org.apache.ratis.thirdparty.io.grpc.stub.ClientCalls.toStatusRuntimeException(ClientCalls.java:233)
	at org.apache.ratis.thirdparty.io.grpc.stub.ClientCalls.getUnchecked(ClientCalls.java:214)
	at org.apache.ratis.thirdparty.io.grpc.stub.ClientCalls.blockingUnaryCall(ClientCalls.java:139)
	at org.apache.ratis.proto.grpc.RaftServerProtocolServiceGrpc$RaftServerProtocolServiceBlockingStub.requestVote(RaftServerProtocolServiceGrpc.java:265)
	at org.apache.ratis.grpc.server.GrpcServerProtocolClient.requestVote(GrpcServerProtocolClient.java:99)
	at org.apache.ratis.grpc.server.GrpcService.requestVote(GrpcService.java:204)
	at org.apache.ratis.server.impl.LeaderElection.lambda$submitRequests$1(LeaderElection.java:234)
	at java.util.concurrent.FutureTask.run(FutureTask.java:266)
	at java.util.concurrent.Executors$RunnableAdapter.call(Executors.java:511)
	at java.util.concurrent.FutureTask.run(FutureTask.java:266)
	at java.util.concurrent.ThreadPoolExecutor.runWorker(ThreadPoolExecutor.java:1149)
	at java.util.concurrent.ThreadPoolExecutor$Worker.run(ThreadPoolExecutor.java:624)
	... 1 more
Caused by: org.apache.ratis.thirdparty.io.netty.channel.AbstractChannel$AnnotatedConnectException: Connection refused: /192.168.30.26:38963
	at sun.nio.ch.SocketChannelImpl.checkConnect(Native Method)
	at sun.nio.ch.SocketChannelImpl.finishConnect(SocketChannelImpl.java:717)
	at org.apache.ratis.thirdparty.io.netty.channel.socket.nio.NioSocketChannel.doFinishConnect(NioSocketChannel.java:327)
	at org.apache.ratis.thirdparty.io.netty.channel.nio.AbstractNioChannel$AbstractNioUnsafe.finishConnect(AbstractNioChannel.java:340)
	at org.apache.ratis.thirdparty.io.netty.channel.nio.NioEventLoop.processSelectedKey(NioEventLoop.java:632)
	at org.apache.ratis.thirdparty.io.netty.channel.nio.NioEventLoop.processSelectedKeysOptimized(NioEventLoop.java:579)
	at org.apache.ratis.thirdparty.io.netty.channel.nio.NioEventLoop.processSelectedKeys(NioEventLoop.java:496)
	at org.apache.ratis.thirdparty.io.netty.channel.nio.NioEventLoop.run(NioEventLoop.java:458)
	at org.apache.ratis.thirdparty.io.netty.util.concurrent.SingleThreadEventExecutor$5.run(SingleThreadEventExecutor.java:897)
	at org.apache.ratis.thirdparty.io.netty.util.concurrent.FastThreadLocalRunnable.run(FastThreadLocalRunnable.java:30)
	... 1 more
Caused by: java.net.ConnectException: Connection refused
	... 11 more
2019-10-07 12:02:32,757 [36acb61b-05f2-4e48-b1a6-804a8e695824@group-8EBE8B731ECD-LeaderElection181] INFO  impl.RaftServerImpl (RaftServerImpl.java:setRole(170)) - 36acb61b-05f2-4e48-b1a6-804a8e695824@group-8EBE8B731ECD: changes role from CANDIDATE to FOLLOWER at term 8 for DISCOVERED_A_NEW_TERM
2019-10-07 12:02:32,758 [36acb61b-05f2-4e48-b1a6-804a8e695824@group-8EBE8B731ECD-LeaderElection181] INFO  impl.RoleInfo (RoleInfo.java:shutdownLeaderElection(134)) - 36acb61b-05f2-4e48-b1a6-804a8e695824: shutdown LeaderElection
2019-10-07 12:02:32,758 [36acb61b-05f2-4e48-b1a6-804a8e695824@group-8EBE8B731ECD-LeaderElection181] INFO  impl.RoleInfo (RoleInfo.java:updateAndGet(143)) - 36acb61b-05f2-4e48-b1a6-804a8e695824: start FollowerState
2019-10-07 12:02:33,857 [Thread-4135] INFO  impl.FollowerState (FollowerState.java:run(108)) - 36acb61b-05f2-4e48-b1a6-804a8e695824@group-8EBE8B731ECD-FollowerState: change to CANDIDATE, lastRpcTime:1099ms, electionTimeout:1098ms
2019-10-07 12:02:33,858 [Thread-4135] INFO  impl.RoleInfo (RoleInfo.java:shutdownFollowerState(121)) - 36acb61b-05f2-4e48-b1a6-804a8e695824: shutdown FollowerState
2019-10-07 12:02:33,858 [Thread-4135] INFO  impl.RaftServerImpl (RaftServerImpl.java:setRole(170)) - 36acb61b-05f2-4e48-b1a6-804a8e695824@group-8EBE8B731ECD: changes role from  FOLLOWER to CANDIDATE at term 8 for changeToCandidate
2019-10-07 12:02:33,858 [Thread-4135] INFO  impl.RoleInfo (RoleInfo.java:updateAndGet(143)) - 36acb61b-05f2-4e48-b1a6-804a8e695824: start LeaderElection
2019-10-07 12:02:33,876 [36acb61b-05f2-4e48-b1a6-804a8e695824@group-8EBE8B731ECD-LeaderElection182] INFO  impl.LeaderElection (LeaderElection.java:askForVotes(178)) - 36acb61b-05f2-4e48-b1a6-804a8e695824@group-8EBE8B731ECD-LeaderElection182: begin an election at term 9 for 0: [dbe9d5b3-671c-49b9-b95c-28ee3dd5e12c:192.168.30.26:38963, 36acb61b-05f2-4e48-b1a6-804a8e695824:192.168.30.26:33929, f273724d-798c-4ad2-8d41-52aa1480ea33:192.168.30.26:37581], old=null
2019-10-07 12:02:33,877 [36acb61b-05f2-4e48-b1a6-804a8e695824@group-8EBE8B731ECD-LeaderElection182] INFO  impl.LeaderElection (LogUtils.java:infoOrTrace(149)) - 36acb61b-05f2-4e48-b1a6-804a8e695824@group-8EBE8B731ECD-LeaderElection182 got exception when requesting votes: {}
java.util.concurrent.ExecutionException: org.apache.ratis.thirdparty.io.grpc.StatusRuntimeException: UNAVAILABLE: io exception
	at java.util.concurrent.FutureTask.report(FutureTask.java:122)
	at java.util.concurrent.FutureTask.get(FutureTask.java:192)
	at org.apache.ratis.server.impl.LeaderElection.waitForResults(LeaderElection.java:259)
	at org.apache.ratis.server.impl.LeaderElection.askForVotes(LeaderElection.java:197)
	at org.apache.ratis.server.impl.LeaderElection.run(LeaderElection.java:133)
	at java.lang.Thread.run(Thread.java:748)
Caused by: org.apache.ratis.thirdparty.io.grpc.StatusRuntimeException: UNAVAILABLE: io exception
	at org.apache.ratis.thirdparty.io.grpc.stub.ClientCalls.toStatusRuntimeException(ClientCalls.java:233)
	at org.apache.ratis.thirdparty.io.grpc.stub.ClientCalls.getUnchecked(ClientCalls.java:214)
	at org.apache.ratis.thirdparty.io.grpc.stub.ClientCalls.blockingUnaryCall(ClientCalls.java:139)
	at org.apache.ratis.proto.grpc.RaftServerProtocolServiceGrpc$RaftServerProtocolServiceBlockingStub.requestVote(RaftServerProtocolServiceGrpc.java:265)
	at org.apache.ratis.grpc.server.GrpcServerProtocolClient.requestVote(GrpcServerProtocolClient.java:99)
	at org.apache.ratis.grpc.server.GrpcService.requestVote(GrpcService.java:204)
	at org.apache.ratis.server.impl.LeaderElection.lambda$submitRequests$1(LeaderElection.java:234)
	at java.util.concurrent.FutureTask.run(FutureTask.java:266)
	at java.util.concurrent.Executors$RunnableAdapter.call(Executors.java:511)
	at java.util.concurrent.FutureTask.run(FutureTask.java:266)
	at java.util.concurrent.ThreadPoolExecutor.runWorker(ThreadPoolExecutor.java:1149)
	at java.util.concurrent.ThreadPoolExecutor$Worker.run(ThreadPoolExecutor.java:624)
	... 1 more
Caused by: org.apache.ratis.thirdparty.io.netty.channel.AbstractChannel$AnnotatedConnectException: Connection refused: /192.168.30.26:37581
	at sun.nio.ch.SocketChannelImpl.checkConnect(Native Method)
	at sun.nio.ch.SocketChannelImpl.finishConnect(SocketChannelImpl.java:717)
	at org.apache.ratis.thirdparty.io.netty.channel.socket.nio.NioSocketChannel.doFinishConnect(NioSocketChannel.java:327)
	at org.apache.ratis.thirdparty.io.netty.channel.nio.AbstractNioChannel$AbstractNioUnsafe.finishConnect(AbstractNioChannel.java:340)
	at org.apache.ratis.thirdparty.io.netty.channel.nio.NioEventLoop.processSelectedKey(NioEventLoop.java:632)
	at org.apache.ratis.thirdparty.io.netty.channel.nio.NioEventLoop.processSelectedKeysOptimized(NioEventLoop.java:579)
	at org.apache.ratis.thirdparty.io.netty.channel.nio.NioEventLoop.processSelectedKeys(NioEventLoop.java:496)
	at org.apache.ratis.thirdparty.io.netty.channel.nio.NioEventLoop.run(NioEventLoop.java:458)
	at org.apache.ratis.thirdparty.io.netty.util.concurrent.SingleThreadEventExecutor$5.run(SingleThreadEventExecutor.java:897)
	at org.apache.ratis.thirdparty.io.netty.util.concurrent.FastThreadLocalRunnable.run(FastThreadLocalRunnable.java:30)
	... 1 more
Caused by: java.net.ConnectException: Connection refused
	... 11 more
2019-10-07 12:02:33,878 [36acb61b-05f2-4e48-b1a6-804a8e695824@group-8EBE8B731ECD-LeaderElection182] INFO  impl.LeaderElection (LogUtils.java:infoOrTrace(149)) - 36acb61b-05f2-4e48-b1a6-804a8e695824@group-8EBE8B731ECD-LeaderElection182 got exception when requesting votes: {}
java.util.concurrent.ExecutionException: org.apache.ratis.thirdparty.io.grpc.StatusRuntimeException: UNAVAILABLE: io exception
	at java.util.concurrent.FutureTask.report(FutureTask.java:122)
	at java.util.concurrent.FutureTask.get(FutureTask.java:192)
	at org.apache.ratis.server.impl.LeaderElection.waitForResults(LeaderElection.java:259)
	at org.apache.ratis.server.impl.LeaderElection.askForVotes(LeaderElection.java:197)
	at org.apache.ratis.server.impl.LeaderElection.run(LeaderElection.java:133)
	at java.lang.Thread.run(Thread.java:748)
Caused by: org.apache.ratis.thirdparty.io.grpc.StatusRuntimeException: UNAVAILABLE: io exception
	at org.apache.ratis.thirdparty.io.grpc.stub.ClientCalls.toStatusRuntimeException(ClientCalls.java:233)
	at org.apache.ratis.thirdparty.io.grpc.stub.ClientCalls.getUnchecked(ClientCalls.java:214)
	at org.apache.ratis.thirdparty.io.grpc.stub.ClientCalls.blockingUnaryCall(ClientCalls.java:139)
	at org.apache.ratis.proto.grpc.RaftServerProtocolServiceGrpc$RaftServerProtocolServiceBlockingStub.requestVote(RaftServerProtocolServiceGrpc.java:265)
	at org.apache.ratis.grpc.server.GrpcServerProtocolClient.requestVote(GrpcServerProtocolClient.java:99)
	at org.apache.ratis.grpc.server.GrpcService.requestVote(GrpcService.java:204)
	at org.apache.ratis.server.impl.LeaderElection.lambda$submitRequests$1(LeaderElection.java:234)
	at java.util.concurrent.FutureTask.run(FutureTask.java:266)
	at java.util.concurrent.Executors$RunnableAdapter.call(Executors.java:511)
	at java.util.concurrent.FutureTask.run(FutureTask.java:266)
	at java.util.concurrent.ThreadPoolExecutor.runWorker(ThreadPoolExecutor.java:1149)
	at java.util.concurrent.ThreadPoolExecutor$Worker.run(ThreadPoolExecutor.java:624)
	... 1 more
Caused by: org.apache.ratis.thirdparty.io.netty.channel.AbstractChannel$AnnotatedConnectException: Connection refused: /192.168.30.26:38963
	at sun.nio.ch.SocketChannelImpl.checkConnect(Native Method)
	at sun.nio.ch.SocketChannelImpl.finishConnect(SocketChannelImpl.java:717)
	at org.apache.ratis.thirdparty.io.netty.channel.socket.nio.NioSocketChannel.doFinishConnect(NioSocketChannel.java:327)
	at org.apache.ratis.thirdparty.io.netty.channel.nio.AbstractNioChannel$AbstractNioUnsafe.finishConnect(AbstractNioChannel.java:340)
	at org.apache.ratis.thirdparty.io.netty.channel.nio.NioEventLoop.processSelectedKey(NioEventLoop.java:632)
	at org.apache.ratis.thirdparty.io.netty.channel.nio.NioEventLoop.processSelectedKeysOptimized(NioEventLoop.java:579)
	at org.apache.ratis.thirdparty.io.netty.channel.nio.NioEventLoop.processSelectedKeys(NioEventLoop.java:496)
	at org.apache.ratis.thirdparty.io.netty.channel.nio.NioEventLoop.run(NioEventLoop.java:458)
	at org.apache.ratis.thirdparty.io.netty.util.concurrent.SingleThreadEventExecutor$5.run(SingleThreadEventExecutor.java:897)
	at org.apache.ratis.thirdparty.io.netty.util.concurrent.FastThreadLocalRunnable.run(FastThreadLocalRunnable.java:30)
	... 1 more
Caused by: java.net.ConnectException: Connection refused
	... 11 more
2019-10-07 12:02:33,878 [36acb61b-05f2-4e48-b1a6-804a8e695824@group-8EBE8B731ECD-LeaderElection182] INFO  impl.LeaderElection (LeaderElection.java:logAndReturn(56)) - 36acb61b-05f2-4e48-b1a6-804a8e695824@group-8EBE8B731ECD-LeaderElection182: Election REJECTED; received 0 response(s) [] and 2 exception(s); 36acb61b-05f2-4e48-b1a6-804a8e695824@group-8EBE8B731ECD:t9, leader=null, voted=36acb61b-05f2-4e48-b1a6-804a8e695824, raftlog=36acb61b-05f2-4e48-b1a6-804a8e695824@group-8EBE8B731ECD-SegmentedRaftLog:OPENED:c4,f4,i4, conf=0: [dbe9d5b3-671c-49b9-b95c-28ee3dd5e12c:192.168.30.26:38963, 36acb61b-05f2-4e48-b1a6-804a8e695824:192.168.30.26:33929, f273724d-798c-4ad2-8d41-52aa1480ea33:192.168.30.26:37581], old=null
2019-10-07 12:02:33,878 [36acb61b-05f2-4e48-b1a6-804a8e695824@group-8EBE8B731ECD-LeaderElection182] INFO  impl.LeaderElection (LogUtils.java:infoOrTrace(149)) -   Exception 0: {}
java.util.concurrent.ExecutionException: org.apache.ratis.thirdparty.io.grpc.StatusRuntimeException: UNAVAILABLE: io exception
	at java.util.concurrent.FutureTask.report(FutureTask.java:122)
	at java.util.concurrent.FutureTask.get(FutureTask.java:192)
	at org.apache.ratis.server.impl.LeaderElection.waitForResults(LeaderElection.java:259)
	at org.apache.ratis.server.impl.LeaderElection.askForVotes(LeaderElection.java:197)
	at org.apache.ratis.server.impl.LeaderElection.run(LeaderElection.java:133)
	at java.lang.Thread.run(Thread.java:748)
Caused by: org.apache.ratis.thirdparty.io.grpc.StatusRuntimeException: UNAVAILABLE: io exception
	at org.apache.ratis.thirdparty.io.grpc.stub.ClientCalls.toStatusRuntimeException(ClientCalls.java:233)
	at org.apache.ratis.thirdparty.io.grpc.stub.ClientCalls.getUnchecked(ClientCalls.java:214)
	at org.apache.ratis.thirdparty.io.grpc.stub.ClientCalls.blockingUnaryCall(ClientCalls.java:139)
	at org.apache.ratis.proto.grpc.RaftServerProtocolServiceGrpc$RaftServerProtocolServiceBlockingStub.requestVote(RaftServerProtocolServiceGrpc.java:265)
	at org.apache.ratis.grpc.server.GrpcServerProtocolClient.requestVote(GrpcServerProtocolClient.java:99)
	at org.apache.ratis.grpc.server.GrpcService.requestVote(GrpcService.java:204)
	at org.apache.ratis.server.impl.LeaderElection.lambda$submitRequests$1(LeaderElection.java:234)
	at java.util.concurrent.FutureTask.run(FutureTask.java:266)
	at java.util.concurrent.Executors$RunnableAdapter.call(Executors.java:511)
	at java.util.concurrent.FutureTask.run(FutureTask.java:266)
	at java.util.concurrent.ThreadPoolExecutor.runWorker(ThreadPoolExecutor.java:1149)
	at java.util.concurrent.ThreadPoolExecutor$Worker.run(ThreadPoolExecutor.java:624)
	... 1 more
Caused by: org.apache.ratis.thirdparty.io.netty.channel.AbstractChannel$AnnotatedConnectException: Connection refused: /192.168.30.26:37581
	at sun.nio.ch.SocketChannelImpl.checkConnect(Native Method)
	at sun.nio.ch.SocketChannelImpl.finishConnect(SocketChannelImpl.java:717)
	at org.apache.ratis.thirdparty.io.netty.channel.socket.nio.NioSocketChannel.doFinishConnect(NioSocketChannel.java:327)
	at org.apache.ratis.thirdparty.io.netty.channel.nio.AbstractNioChannel$AbstractNioUnsafe.finishConnect(AbstractNioChannel.java:340)
	at org.apache.ratis.thirdparty.io.netty.channel.nio.NioEventLoop.processSelectedKey(NioEventLoop.java:632)
	at org.apache.ratis.thirdparty.io.netty.channel.nio.NioEventLoop.processSelectedKeysOptimized(NioEventLoop.java:579)
	at org.apache.ratis.thirdparty.io.netty.channel.nio.NioEventLoop.processSelectedKeys(NioEventLoop.java:496)
	at org.apache.ratis.thirdparty.io.netty.channel.nio.NioEventLoop.run(NioEventLoop.java:458)
	at org.apache.ratis.thirdparty.io.netty.util.concurrent.SingleThreadEventExecutor$5.run(SingleThreadEventExecutor.java:897)
	at org.apache.ratis.thirdparty.io.netty.util.concurrent.FastThreadLocalRunnable.run(FastThreadLocalRunnable.java:30)
	... 1 more
Caused by: java.net.ConnectException: Connection refused
	... 11 more
2019-10-07 12:02:33,879 [36acb61b-05f2-4e48-b1a6-804a8e695824@group-8EBE8B731ECD-LeaderElection182] INFO  impl.LeaderElection (LogUtils.java:infoOrTrace(149)) -   Exception 1: {}
java.util.concurrent.ExecutionException: org.apache.ratis.thirdparty.io.grpc.StatusRuntimeException: UNAVAILABLE: io exception
	at java.util.concurrent.FutureTask.report(FutureTask.java:122)
	at java.util.concurrent.FutureTask.get(FutureTask.java:192)
	at org.apache.ratis.server.impl.LeaderElection.waitForResults(LeaderElection.java:259)
	at org.apache.ratis.server.impl.LeaderElection.askForVotes(LeaderElection.java:197)
	at org.apache.ratis.server.impl.LeaderElection.run(LeaderElection.java:133)
	at java.lang.Thread.run(Thread.java:748)
Caused by: org.apache.ratis.thirdparty.io.grpc.StatusRuntimeException: UNAVAILABLE: io exception
	at org.apache.ratis.thirdparty.io.grpc.stub.ClientCalls.toStatusRuntimeException(ClientCalls.java:233)
	at org.apache.ratis.thirdparty.io.grpc.stub.ClientCalls.getUnchecked(ClientCalls.java:214)
	at org.apache.ratis.thirdparty.io.grpc.stub.ClientCalls.blockingUnaryCall(ClientCalls.java:139)
	at org.apache.ratis.proto.grpc.RaftServerProtocolServiceGrpc$RaftServerProtocolServiceBlockingStub.requestVote(RaftServerProtocolServiceGrpc.java:265)
	at org.apache.ratis.grpc.server.GrpcServerProtocolClient.requestVote(GrpcServerProtocolClient.java:99)
	at org.apache.ratis.grpc.server.GrpcService.requestVote(GrpcService.java:204)
	at org.apache.ratis.server.impl.LeaderElection.lambda$submitRequests$1(LeaderElection.java:234)
	at java.util.concurrent.FutureTask.run(FutureTask.java:266)
	at java.util.concurrent.Executors$RunnableAdapter.call(Executors.java:511)
	at java.util.concurrent.FutureTask.run(FutureTask.java:266)
	at java.util.concurrent.ThreadPoolExecutor.runWorker(ThreadPoolExecutor.java:1149)
	at java.util.concurrent.ThreadPoolExecutor$Worker.run(ThreadPoolExecutor.java:624)
	... 1 more
Caused by: org.apache.ratis.thirdparty.io.netty.channel.AbstractChannel$AnnotatedConnectException: Connection refused: /192.168.30.26:38963
	at sun.nio.ch.SocketChannelImpl.checkConnect(Native Method)
	at sun.nio.ch.SocketChannelImpl.finishConnect(SocketChannelImpl.java:717)
	at org.apache.ratis.thirdparty.io.netty.channel.socket.nio.NioSocketChannel.doFinishConnect(NioSocketChannel.java:327)
	at org.apache.ratis.thirdparty.io.netty.channel.nio.AbstractNioChannel$AbstractNioUnsafe.finishConnect(AbstractNioChannel.java:340)
	at org.apache.ratis.thirdparty.io.netty.channel.nio.NioEventLoop.processSelectedKey(NioEventLoop.java:632)
	at org.apache.ratis.thirdparty.io.netty.channel.nio.NioEventLoop.processSelectedKeysOptimized(NioEventLoop.java:579)
	at org.apache.ratis.thirdparty.io.netty.channel.nio.NioEventLoop.processSelectedKeys(NioEventLoop.java:496)
	at org.apache.ratis.thirdparty.io.netty.channel.nio.NioEventLoop.run(NioEventLoop.java:458)
	at org.apache.ratis.thirdparty.io.netty.util.concurrent.SingleThreadEventExecutor$5.run(SingleThreadEventExecutor.java:897)
	at org.apache.ratis.thirdparty.io.netty.util.concurrent.FastThreadLocalRunnable.run(FastThreadLocalRunnable.java:30)
	... 1 more
Caused by: java.net.ConnectException: Connection refused
	... 11 more
2019-10-07 12:02:33,879 [36acb61b-05f2-4e48-b1a6-804a8e695824@group-8EBE8B731ECD-LeaderElection182] INFO  impl.RaftServerImpl (RaftServerImpl.java:setRole(170)) - 36acb61b-05f2-4e48-b1a6-804a8e695824@group-8EBE8B731ECD: changes role from CANDIDATE to FOLLOWER at term 9 for DISCOVERED_A_NEW_TERM
2019-10-07 12:02:33,879 [36acb61b-05f2-4e48-b1a6-804a8e695824@group-8EBE8B731ECD-LeaderElection182] INFO  impl.RoleInfo (RoleInfo.java:shutdownLeaderElection(134)) - 36acb61b-05f2-4e48-b1a6-804a8e695824: shutdown LeaderElection
2019-10-07 12:02:33,879 [36acb61b-05f2-4e48-b1a6-804a8e695824@group-8EBE8B731ECD-LeaderElection182] INFO  impl.RoleInfo (RoleInfo.java:updateAndGet(143)) - 36acb61b-05f2-4e48-b1a6-804a8e695824: start FollowerState
2019-10-07 12:02:34,823 [main] INFO  ozoneimpl.OzoneContainer (OzoneContainer.java:stop(231)) - Attempting to stop container services.
2019-10-07 12:02:34,824 [main] INFO  impl.RaftServerProxy (RaftServerProxy.java:lambda$close$4(314)) - 36acb61b-05f2-4e48-b1a6-804a8e695824: close
2019-10-07 12:02:34,825 [main] INFO  impl.RaftServerImpl (RaftServerImpl.java:lambda$shutdown$3(247)) - 36acb61b-05f2-4e48-b1a6-804a8e695824@group-5092E214CC74: shutdown
2019-10-07 12:02:34,825 [main] INFO  util.JmxRegister (JmxRegister.java:unregister(73)) - Successfully un-registered JMX Bean with object name Ratis:service=RaftServer,group=group-5092E214CC74,id=36acb61b-05f2-4e48-b1a6-804a8e695824
2019-10-07 12:02:34,826 [main] INFO  impl.RoleInfo (RoleInfo.java:shutdownLeaderState(104)) - 36acb61b-05f2-4e48-b1a6-804a8e695824: shutdown LeaderState
2019-10-07 12:02:34,826 [main] INFO  impl.PendingRequests (PendingRequests.java:sendNotLeaderResponses(202)) - 36acb61b-05f2-4e48-b1a6-804a8e695824@group-5092E214CC74-PendingRequests: sendNotLeaderResponses
2019-10-07 12:02:34,827 [main] INFO  impl.StateMachineUpdater (StateMachineUpdater.java:stopAndJoin(136)) - 36acb61b-05f2-4e48-b1a6-804a8e695824@group-5092E214CC74-StateMachineUpdater: set stopIndex = 0
2019-10-07 12:02:34,827 [main] INFO  impl.RaftServerImpl (ServerState.java:close(387)) - 36acb61b-05f2-4e48-b1a6-804a8e695824@group-5092E214CC74: closes. applyIndex: 0
2019-10-07 12:02:34,828 [36acb61b-05f2-4e48-b1a6-804a8e695824@group-5092E214CC74-SegmentedRaftLogWorker] INFO  segmented.SegmentedRaftLogWorker (SegmentedRaftLogWorker.java:run(316)) - 36acb61b-05f2-4e48-b1a6-804a8e695824@group-5092E214CC74-SegmentedRaftLogWorker was interrupted, exiting. There are 0 tasks remaining in the queue.
2019-10-07 12:02:34,831 [main] INFO  segmented.SegmentedRaftLogWorker (SegmentedRaftLogWorker.java:close(224)) - 36acb61b-05f2-4e48-b1a6-804a8e695824@group-5092E214CC74-SegmentedRaftLogWorker close()
2019-10-07 12:02:34,834 [main] INFO  impl.RaftServerImpl (RaftServerImpl.java:lambda$shutdown$3(247)) - 36acb61b-05f2-4e48-b1a6-804a8e695824@group-8EBE8B731ECD: shutdown
2019-10-07 12:02:34,834 [main] INFO  util.JmxRegister (JmxRegister.java:unregister(73)) - Successfully un-registered JMX Bean with object name Ratis:service=RaftServer,group=group-8EBE8B731ECD,id=36acb61b-05f2-4e48-b1a6-804a8e695824
2019-10-07 12:02:34,834 [main] INFO  impl.RoleInfo (RoleInfo.java:shutdownFollowerState(121)) - 36acb61b-05f2-4e48-b1a6-804a8e695824: shutdown FollowerState
2019-10-07 12:02:34,835 [main] INFO  impl.StateMachineUpdater (StateMachineUpdater.java:stopAndJoin(136)) - 36acb61b-05f2-4e48-b1a6-804a8e695824@group-8EBE8B731ECD-StateMachineUpdater: set stopIndex = 4
2019-10-07 12:02:34,835 [36acb61b-05f2-4e48-b1a6-804a8e695824@group-8EBE8B731ECD-StateMachineUpdater] INFO  ratis.ContainerStateMachine (ContainerStateMachine.java:takeSnapshot(294)) - group-8EBE8B731ECD: Taking a snapshot at:(t:1, i:3) file /workdir/hadoop-ozone/integration-test/target/test-dir/MiniOzoneClusterImpl-3996cdb0-1c67-461d-8979-130917cb6d41/datanode-7/data/ratis/21235522-6e20-4bf8-bbed-8ebe8b731ecd/sm/snapshot.1_3
2019-10-07 12:02:34,835 [Thread-4139] INFO  impl.FollowerState (FollowerState.java:run(117)) - 36acb61b-05f2-4e48-b1a6-804a8e695824@group-8EBE8B731ECD-FollowerState was interrupted: java.lang.InterruptedException: sleep interrupted
2019-10-07 12:02:34,844 [36acb61b-05f2-4e48-b1a6-804a8e695824@group-8EBE8B731ECD-StateMachineUpdater] INFO  ratis.ContainerStateMachine (ContainerStateMachine.java:takeSnapshot(305)) - group-8EBE8B731ECD: Finished taking a snapshot at:(t:1, i:3) file:/workdir/hadoop-ozone/integration-test/target/test-dir/MiniOzoneClusterImpl-3996cdb0-1c67-461d-8979-130917cb6d41/datanode-7/data/ratis/21235522-6e20-4bf8-bbed-8ebe8b731ecd/sm/snapshot.1_3 time:9
2019-10-07 12:02:34,844 [36acb61b-05f2-4e48-b1a6-804a8e695824@group-8EBE8B731ECD-StateMachineUpdater] INFO  impl.StateMachineUpdater (StateMachineUpdater.java:takeSnapshot(269)) - 36acb61b-05f2-4e48-b1a6-804a8e695824@group-8EBE8B731ECD-StateMachineUpdater: Took a snapshot at index 3
2019-10-07 12:02:34,844 [36acb61b-05f2-4e48-b1a6-804a8e695824@group-8EBE8B731ECD-StateMachineUpdater] INFO  impl.StateMachineUpdater (StateMachineUpdater.java:lambda$new$0(84)) - 36acb61b-05f2-4e48-b1a6-804a8e695824@group-8EBE8B731ECD-StateMachineUpdater: snapshotIndex: updateIncreasingly -1 -> 3
2019-10-07 12:02:34,845 [36acb61b-05f2-4e48-b1a6-804a8e695824@group-8EBE8B731ECD-StateMachineUpdater] INFO  ratis.ContainerStateMachine (ContainerStateMachine.java:takeSnapshot(294)) - group-8EBE8B731ECD: Taking a snapshot at:(t:1, i:3) file /workdir/hadoop-ozone/integration-test/target/test-dir/MiniOzoneClusterImpl-3996cdb0-1c67-461d-8979-130917cb6d41/datanode-7/data/ratis/21235522-6e20-4bf8-bbed-8ebe8b731ecd/sm/snapshot.1_3
2019-10-07 12:02:34,858 [36acb61b-05f2-4e48-b1a6-804a8e695824@group-8EBE8B731ECD-StateMachineUpdater] INFO  ratis.ContainerStateMachine (ContainerStateMachine.java:takeSnapshot(305)) - group-8EBE8B731ECD: Finished taking a snapshot at:(t:1, i:3) file:/workdir/hadoop-ozone/integration-test/target/test-dir/MiniOzoneClusterImpl-3996cdb0-1c67-461d-8979-130917cb6d41/datanode-7/data/ratis/21235522-6e20-4bf8-bbed-8ebe8b731ecd/sm/snapshot.1_3 time:13
2019-10-07 12:02:34,858 [36acb61b-05f2-4e48-b1a6-804a8e695824@group-8EBE8B731ECD-StateMachineUpdater] INFO  impl.StateMachineUpdater (StateMachineUpdater.java:takeSnapshot(269)) - 36acb61b-05f2-4e48-b1a6-804a8e695824@group-8EBE8B731ECD-StateMachineUpdater: Took a snapshot at index 3
2019-10-07 12:02:34,858 [36acb61b-05f2-4e48-b1a6-804a8e695824@group-8EBE8B731ECD-StateMachineUpdater] INFO  impl.StateMachineUpdater (StateMachineUpdater.java:lambda$new$0(84)) - 36acb61b-05f2-4e48-b1a6-804a8e695824@group-8EBE8B731ECD-StateMachineUpdater: snapshotIndex: updateIncreasingly 3 -> 3
2019-10-07 12:02:34,859 [main] INFO  impl.RaftServerImpl (ServerState.java:close(387)) - 36acb61b-05f2-4e48-b1a6-804a8e695824@group-8EBE8B731ECD: closes. applyIndex: 4
2019-10-07 12:02:34,859 [36acb61b-05f2-4e48-b1a6-804a8e695824@group-8EBE8B731ECD-SegmentedRaftLogWorker] INFO  segmented.SegmentedRaftLogWorker (SegmentedRaftLogWorker.java:run(316)) - 36acb61b-05f2-4e48-b1a6-804a8e695824@group-8EBE8B731ECD-SegmentedRaftLogWorker was interrupted, exiting. There are 0 tasks remaining in the queue.
2019-10-07 12:02:34,859 [main] INFO  segmented.SegmentedRaftLogWorker (SegmentedRaftLogWorker.java:close(224)) - 36acb61b-05f2-4e48-b1a6-804a8e695824@group-8EBE8B731ECD-SegmentedRaftLogWorker close()
2019-10-07 12:02:34,861 [main] INFO  server.GrpcService (GrpcService.java:closeImpl(164)) - 36acb61b-05f2-4e48-b1a6-804a8e695824: shutdown server with port 33929 now
2019-10-07 12:02:34,862 [main] INFO  server.GrpcService (GrpcService.java:closeImpl(172)) - 36acb61b-05f2-4e48-b1a6-804a8e695824: shutdown server with port 33929 successfully
2019-10-07 12:02:34,865 [refreshUsed-/workdir/hadoop-ozone/integration-test/target/test-dir/MiniOzoneClusterImpl-3996cdb0-1c67-461d-8979-130917cb6d41/datanode-7/data/containers] WARN  fs.CachingGetSpaceUsed (CachingGetSpaceUsed.java:run(183)) - Thread Interrupted waiting to refresh disk information: sleep interrupted
2019-10-07 12:02:34,880 [main] INFO  utils.BackgroundService (BackgroundService.java:shutdown(148)) - Shutting down service BlockDeletingService
2019-10-07 12:02:34,882 [main] INFO  statemachine.DatanodeStateMachine (DatanodeStateMachine.java:stopDaemon(395)) - Ozone container server stopped.
2019-10-07 12:02:34,884 [main] INFO  handler.ContextHandler (ContextHandler.java:doStop(910)) - Stopped o.e.j.w.WebAppContext@2f4d01b6{/,null,UNAVAILABLE}{/hddsDatanode}
2019-10-07 12:02:34,885 [main] INFO  server.AbstractConnector (AbstractConnector.java:doStop(318)) - Stopped ServerConnector@112c2930{HTTP/1.1,[http/1.1]}{0.0.0.0:0}
2019-10-07 12:02:34,885 [main] INFO  handler.ContextHandler (ContextHandler.java:doStop(910)) - Stopped o.e.j.s.ServletContextHandler@55222ee9{/static,jar:file:/home/user/.m2/repository/org/apache/hadoop/hadoop-hdds-container-service/0.5.0-SNAPSHOT/hadoop-hdds-container-service-0.5.0-SNAPSHOT.jar!/webapps/static,UNAVAILABLE}
2019-10-07 12:02:34,886 [main] INFO  handler.ContextHandler (ContextHandler.java:doStop(910)) - Stopped o.e.j.s.ServletContextHandler@2bdab835{/logs,file:///workdir/hadoop-ozone/integration-test/target/log,UNAVAILABLE}
2019-10-07 12:02:34,887 [main] INFO  ozone.MiniOzoneClusterImpl (MiniOzoneClusterImpl.java:stopSCM(392)) - Stopping the StorageContainerManager
2019-10-07 12:02:34,887 [main] INFO  server.StorageContainerManager (StorageContainerManager.java:stop(808)) - Stopping Replication Manager Service.
2019-10-07 12:02:34,887 [main] INFO  container.ReplicationManager (ReplicationManager.java:stop(203)) - Stopping Replication Monitor Thread.
2019-10-07 12:02:34,887 [main] INFO  server.StorageContainerManager (StorageContainerManager.java:stop(815)) - Stopping Lease Manager of the command watchers
2019-10-07 12:02:34,887 [main] INFO  server.StorageContainerManager (StorageContainerManager.java:stop(822)) - Stopping datanode service RPC server
2019-10-07 12:02:34,888 [main] INFO  server.SCMDatanodeProtocolServer (SCMDatanodeProtocolServer.java:stop(346)) - Stopping the RPC server for DataNodes
2019-10-07 12:02:34,888 [main] INFO  ipc.Server (Server.java:stop(3082)) - Stopping server on 44254
2019-10-07 12:02:34,891 [IPC Server listener on 44254] INFO  ipc.Server (Server.java:run(1185)) - Stopping IPC Server listener on 44254
2019-10-07 12:02:34,892 [IPC Server Responder] INFO  ipc.Server (Server.java:run(1319)) - Stopping IPC Server Responder
2019-10-07 12:02:34,896 [SCM Heartbeat Processing Thread - 0] WARN  node.NodeStateManager (NodeStateManager.java:scheduleNextHealthCheck(646)) - Current Thread is interrupted, shutting down HB processing thread for Node Manager.
2019-10-07 12:02:34,897 [main] INFO  server.StorageContainerManager (StorageContainerManager.java:stop(830)) - Stopping block service RPC server
2019-10-07 12:02:34,897 [main] INFO  server.SCMBlockProtocolServer (SCMBlockProtocolServer.java:stop(155)) - Stopping the RPC server for Block Protocol
2019-10-07 12:02:34,897 [main] INFO  ipc.Server (Server.java:stop(3082)) - Stopping server on 37691
2019-10-07 12:02:34,899 [IPC Server listener on 37691] INFO  ipc.Server (Server.java:run(1185)) - Stopping IPC Server listener on 37691
2019-10-07 12:02:34,899 [main] INFO  server.StorageContainerManager (StorageContainerManager.java:stop(837)) - Stopping the StorageContainerLocationProtocol RPC server
2019-10-07 12:02:34,899 [IPC Server Responder] INFO  ipc.Server (Server.java:run(1319)) - Stopping IPC Server Responder
2019-10-07 12:02:34,900 [main] INFO  server.SCMClientProtocolServer (SCMClientProtocolServer.java:stop(168)) - Stopping the RPC server for Client Protocol
2019-10-07 12:02:34,901 [main] INFO  ipc.Server (Server.java:stop(3082)) - Stopping server on 35695
2019-10-07 12:02:34,902 [IPC Server listener on 35695] INFO  ipc.Server (Server.java:run(1185)) - Stopping IPC Server listener on 35695
2019-10-07 12:02:34,903 [main] INFO  server.StorageContainerManager (StorageContainerManager.java:stop(844)) - Stopping Storage Container Manager HTTP server.
2019-10-07 12:02:34,903 [IPC Server Responder] INFO  ipc.Server (Server.java:run(1319)) - Stopping IPC Server Responder
2019-10-07 12:02:34,904 [main] INFO  handler.ContextHandler (ContextHandler.java:doStop(910)) - Stopped o.e.j.w.WebAppContext@3be3e76c{/,null,UNAVAILABLE}{/scm}
2019-10-07 12:02:34,905 [main] INFO  server.AbstractConnector (AbstractConnector.java:doStop(318)) - Stopped ServerConnector@6c07ad6b{HTTP/1.1,[http/1.1]}{0.0.0.0:0}
2019-10-07 12:02:34,905 [main] INFO  handler.ContextHandler (ContextHandler.java:doStop(910)) - Stopped o.e.j.s.ServletContextHandler@458031da{/static,file:///workdir/hadoop-ozone/integration-test/target/test-classes/webapps/static,UNAVAILABLE}
2019-10-07 12:02:34,905 [main] INFO  handler.ContextHandler (ContextHandler.java:doStop(910)) - Stopped o.e.j.s.ServletContextHandler@2fde9469{/logs,file:///workdir/hadoop-ozone/integration-test/target/log,UNAVAILABLE}
2019-10-07 12:02:34,908 [main] INFO  server.StorageContainerManager (StorageContainerManager.java:stop(855)) - Stopping Block Manager Service.
2019-10-07 12:02:34,908 [main] INFO  utils.BackgroundService (BackgroundService.java:shutdown(148)) - Shutting down service SCMBlockDeletingService
2019-10-07 12:02:34,908 [main] INFO  utils.BackgroundService (BackgroundService.java:shutdown(148)) - Shutting down service SCMBlockDeletingService
2019-10-07 12:02:34,909 [main] INFO  server.StorageContainerManager (StorageContainerManager.java:stop(877)) - Stopping SCM Event Queue.
2019-10-07 12:02:34,913 [main] INFO  impl.MetricsSystemImpl (MetricsSystemImpl.java:stop(210)) - Stopping HddsDatanode metrics system...
2019-10-07 12:02:34,940 [main] INFO  impl.MetricsSystemImpl (MetricsSystemImpl.java:stop(216)) - HddsDatanode metrics system stopped.
]]></system-out>
    <system-err><![CDATA[Oct 07, 2019 12:01:50 PM org.apache.ratis.thirdparty.io.grpc.internal.SerializingExecutor run
SEVERE: Exception while executing runnable org.apache.ratis.thirdparty.io.grpc.internal.ServerImpl$JumpToApplicationThreadServerStreamListener$1Closed@5e10170a
org.apache.ratis.thirdparty.io.grpc.StatusRuntimeException: CANCELLED: call already cancelled
	at org.apache.ratis.thirdparty.io.grpc.Status.asRuntimeException(Status.java:517)
	at org.apache.ratis.thirdparty.io.grpc.stub.ServerCalls$ServerCallStreamObserverImpl.onCompleted(ServerCalls.java:356)
	at org.apache.ratis.grpc.server.GrpcServerProtocolService$ServerRequestStreamObserver.onError(GrpcServerProtocolService.java:121)
	at org.apache.ratis.thirdparty.io.grpc.stub.ServerCalls$StreamingServerCallHandler$StreamingServerCallListener.onCancel(ServerCalls.java:269)
	at org.apache.ratis.thirdparty.io.grpc.internal.ServerCallImpl$ServerStreamListenerImpl.closed(ServerCallImpl.java:293)
	at org.apache.ratis.thirdparty.io.grpc.internal.ServerImpl$JumpToApplicationThreadServerStreamListener$1Closed.runInContext(ServerImpl.java:741)
	at org.apache.ratis.thirdparty.io.grpc.internal.ContextRunnable.run(ContextRunnable.java:37)
	at org.apache.ratis.thirdparty.io.grpc.internal.SerializingExecutor.run(SerializingExecutor.java:123)
	at java.util.concurrent.ThreadPoolExecutor.runWorker(ThreadPoolExecutor.java:1149)
	at java.util.concurrent.ThreadPoolExecutor$Worker.run(ThreadPoolExecutor.java:624)
	at java.lang.Thread.run(Thread.java:748)

Oct 07, 2019 12:01:50 PM org.apache.ratis.thirdparty.io.grpc.internal.ManagedChannelOrphanWrapper$ManagedChannelReference cleanQueue
SEVERE: *~*~*~ Channel ManagedChannelImpl{logId=2024, target=192.168.30.26:41138} was not shutdown properly!!! ~*~*~*
    Make sure to call shutdown()/shutdownNow() and wait until awaitTermination() returns true.
java.lang.RuntimeException: ManagedChannel allocation site
	at org.apache.ratis.thirdparty.io.grpc.internal.ManagedChannelOrphanWrapper$ManagedChannelReference.<init>(ManagedChannelOrphanWrapper.java:103)
	at org.apache.ratis.thirdparty.io.grpc.internal.ManagedChannelOrphanWrapper.<init>(ManagedChannelOrphanWrapper.java:53)
	at org.apache.ratis.thirdparty.io.grpc.internal.ManagedChannelOrphanWrapper.<init>(ManagedChannelOrphanWrapper.java:44)
	at org.apache.ratis.thirdparty.io.grpc.internal.AbstractManagedChannelImplBuilder.build(AbstractManagedChannelImplBuilder.java:411)
	at org.apache.hadoop.hdds.scm.XceiverClientGrpc.connectToDatanode(XceiverClientGrpc.java:181)
	at org.apache.hadoop.hdds.scm.XceiverClientGrpc.reconnect(XceiverClientGrpc.java:429)
	at org.apache.hadoop.hdds.scm.XceiverClientGrpc.sendCommandAsync(XceiverClientGrpc.java:378)
	at org.apache.hadoop.hdds.scm.XceiverClientGrpc.sendCommandWithRetry(XceiverClientGrpc.java:291)
	at org.apache.hadoop.hdds.scm.XceiverClientGrpc.sendCommandWithTraceIDAndRetry(XceiverClientGrpc.java:257)
	at org.apache.hadoop.hdds.scm.XceiverClientGrpc.sendCommand(XceiverClientGrpc.java:240)
	at org.apache.hadoop.hdds.scm.storage.ContainerProtocolCalls.getBlock(ContainerProtocolCalls.java:118)
	at org.apache.hadoop.hdds.scm.storage.BlockInputStream.getChunkInfos(BlockInputStream.java:167)
	at org.apache.hadoop.hdds.scm.storage.BlockInputStream.initialize(BlockInputStream.java:118)
	at org.apache.hadoop.hdds.scm.storage.BlockInputStream.read(BlockInputStream.java:222)
	at org.apache.hadoop.ozone.client.io.KeyInputStream.read(KeyInputStream.java:171)
	at org.apache.hadoop.ozone.client.io.OzoneInputStream.read(OzoneInputStream.java:47)
	at java.io.InputStream.read(InputStream.java:101)
	at org.apache.hadoop.ozone.container.ContainerTestHelper.validateData(ContainerTestHelper.java:714)
	at org.apache.hadoop.ozone.client.rpc.TestFailureHandlingByClient.validateData(TestFailureHandlingByClient.java:413)
	at org.apache.hadoop.ozone.client.rpc.TestFailureHandlingByClient.testBlockWritesWithDnFailures(TestFailureHandlingByClient.java:172)
	at sun.reflect.NativeMethodAccessorImpl.invoke0(Native Method)
	at sun.reflect.NativeMethodAccessorImpl.invoke(NativeMethodAccessorImpl.java:62)
	at sun.reflect.DelegatingMethodAccessorImpl.invoke(DelegatingMethodAccessorImpl.java:43)
	at java.lang.reflect.Method.invoke(Method.java:498)
	at org.junit.runners.model.FrameworkMethod$1.runReflectiveCall(FrameworkMethod.java:47)
	at org.junit.internal.runners.model.ReflectiveCallable.run(ReflectiveCallable.java:12)
	at org.junit.runners.model.FrameworkMethod.invokeExplosively(FrameworkMethod.java:44)
	at org.junit.internal.runners.statements.InvokeMethod.evaluate(InvokeMethod.java:17)
	at org.junit.internal.runners.statements.RunAfters.evaluate(RunAfters.java:27)
	at org.junit.runners.ParentRunner.runLeaf(ParentRunner.java:271)
	at org.junit.runners.BlockJUnit4ClassRunner.runChild(BlockJUnit4ClassRunner.java:70)
	at org.junit.runners.BlockJUnit4ClassRunner.runChild(BlockJUnit4ClassRunner.java:50)
	at org.junit.runners.ParentRunner$3.run(ParentRunner.java:238)
	at org.junit.runners.ParentRunner$1.schedule(ParentRunner.java:63)
	at org.junit.runners.ParentRunner.runChildren(ParentRunner.java:236)
	at org.junit.runners.ParentRunner.access$000(ParentRunner.java:53)
	at org.junit.runners.ParentRunner$2.evaluate(ParentRunner.java:229)
	at org.junit.runners.ParentRunner.run(ParentRunner.java:309)
	at org.apache.maven.surefire.junit4.JUnit4Provider.execute(JUnit4Provider.java:365)
	at org.apache.maven.surefire.junit4.JUnit4Provider.executeWithRerun(JUnit4Provider.java:273)
	at org.apache.maven.surefire.junit4.JUnit4Provider.executeTestSet(JUnit4Provider.java:238)
	at org.apache.maven.surefire.junit4.JUnit4Provider.invoke(JUnit4Provider.java:159)
	at org.apache.maven.surefire.booter.ForkedBooter.invokeProviderInSameClassLoader(ForkedBooter.java:384)
	at org.apache.maven.surefire.booter.ForkedBooter.runSuitesInProcess(ForkedBooter.java:345)
	at org.apache.maven.surefire.booter.ForkedBooter.execute(ForkedBooter.java:126)
	at org.apache.maven.surefire.booter.ForkedBooter.main(ForkedBooter.java:418)

Oct 07, 2019 12:01:50 PM org.apache.ratis.thirdparty.io.grpc.internal.ManagedChannelOrphanWrapper$ManagedChannelReference cleanQueue
SEVERE: *~*~*~ Channel ManagedChannelImpl{logId=2018, target=192.168.30.26:34614} was not shutdown properly!!! ~*~*~*
    Make sure to call shutdown()/shutdownNow() and wait until awaitTermination() returns true.
java.lang.RuntimeException: ManagedChannel allocation site
	at org.apache.ratis.thirdparty.io.grpc.internal.ManagedChannelOrphanWrapper$ManagedChannelReference.<init>(ManagedChannelOrphanWrapper.java:103)
	at org.apache.ratis.thirdparty.io.grpc.internal.ManagedChannelOrphanWrapper.<init>(ManagedChannelOrphanWrapper.java:53)
	at org.apache.ratis.thirdparty.io.grpc.internal.ManagedChannelOrphanWrapper.<init>(ManagedChannelOrphanWrapper.java:44)
	at org.apache.ratis.thirdparty.io.grpc.internal.AbstractManagedChannelImplBuilder.build(AbstractManagedChannelImplBuilder.java:411)
	at org.apache.ratis.grpc.client.GrpcClientProtocolClient.<init>(GrpcClientProtocolClient.java:128)
	at org.apache.ratis.grpc.client.GrpcClientRpc.lambda$new$0(GrpcClientRpc.java:55)
	at org.apache.ratis.util.PeerProxyMap$PeerAndProxy.lambda$getProxy$0(PeerProxyMap.java:61)
	at org.apache.ratis.util.LifeCycle.startAndTransition(LifeCycle.java:202)
	at org.apache.ratis.util.PeerProxyMap$PeerAndProxy.getProxy(PeerProxyMap.java:60)
	at org.apache.ratis.util.PeerProxyMap.getProxy(PeerProxyMap.java:108)
	at org.apache.ratis.grpc.client.GrpcClientRpc.sendRequestAsync(GrpcClientRpc.java:66)
	at org.apache.ratis.client.impl.OrderedAsync.sendRequest(OrderedAsync.java:208)
	at org.apache.ratis.client.impl.OrderedAsync.sendRequestWithRetry(OrderedAsync.java:169)
	at org.apache.ratis.util.SlidingWindow$Client.sendOrDelayRequest(SlidingWindow.java:278)
	at org.apache.ratis.util.SlidingWindow$Client.retry(SlidingWindow.java:294)
	at org.apache.ratis.client.impl.OrderedAsync.lambda$scheduleWithTimeout$7(OrderedAsync.java:195)
	at org.apache.ratis.util.TimeoutScheduler.lambda$onTimeout$0(TimeoutScheduler.java:113)
	at org.apache.ratis.util.TimeoutScheduler.lambda$onTimeout$1(TimeoutScheduler.java:133)
	at org.apache.ratis.util.LogUtils.runAndLog(LogUtils.java:50)
	at org.apache.ratis.util.LogUtils$1.run(LogUtils.java:91)
	at java.util.concurrent.Executors$RunnableAdapter.call(Executors.java:511)
	at java.util.concurrent.FutureTask.run(FutureTask.java:266)
	at java.util.concurrent.ScheduledThreadPoolExecutor$ScheduledFutureTask.access$201(ScheduledThreadPoolExecutor.java:180)
	at java.util.concurrent.ScheduledThreadPoolExecutor$ScheduledFutureTask.run(ScheduledThreadPoolExecutor.java:293)
	at java.util.concurrent.ThreadPoolExecutor.runWorker(ThreadPoolExecutor.java:1149)
	at java.util.concurrent.ThreadPoolExecutor$Worker.run(ThreadPoolExecutor.java:624)
	at java.lang.Thread.run(Thread.java:748)

Oct 07, 2019 12:01:50 PM org.apache.ratis.thirdparty.io.grpc.internal.ManagedChannelOrphanWrapper$ManagedChannelReference cleanQueue
SEVERE: *~*~*~ Channel ManagedChannelImpl{logId=2028, target=192.168.30.26:46118} was not shutdown properly!!! ~*~*~*
    Make sure to call shutdown()/shutdownNow() and wait until awaitTermination() returns true.
java.lang.RuntimeException: ManagedChannel allocation site
	at org.apache.ratis.thirdparty.io.grpc.internal.ManagedChannelOrphanWrapper$ManagedChannelReference.<init>(ManagedChannelOrphanWrapper.java:103)
	at org.apache.ratis.thirdparty.io.grpc.internal.ManagedChannelOrphanWrapper.<init>(ManagedChannelOrphanWrapper.java:53)
	at org.apache.ratis.thirdparty.io.grpc.internal.ManagedChannelOrphanWrapper.<init>(ManagedChannelOrphanWrapper.java:44)
	at org.apache.ratis.thirdparty.io.grpc.internal.AbstractManagedChannelImplBuilder.build(AbstractManagedChannelImplBuilder.java:411)
	at org.apache.hadoop.hdds.scm.XceiverClientGrpc.connectToDatanode(XceiverClientGrpc.java:181)
	at org.apache.hadoop.hdds.scm.XceiverClientGrpc.reconnect(XceiverClientGrpc.java:429)
	at org.apache.hadoop.hdds.scm.XceiverClientGrpc.sendCommandAsync(XceiverClientGrpc.java:378)
	at org.apache.hadoop.hdds.scm.XceiverClientGrpc.sendCommandWithRetry(XceiverClientGrpc.java:291)
	at org.apache.hadoop.hdds.scm.XceiverClientGrpc.sendCommandWithTraceIDAndRetry(XceiverClientGrpc.java:257)
	at org.apache.hadoop.hdds.scm.XceiverClientGrpc.sendCommand(XceiverClientGrpc.java:240)
	at org.apache.hadoop.hdds.scm.storage.ContainerProtocolCalls.getBlock(ContainerProtocolCalls.java:118)
	at org.apache.hadoop.hdds.scm.storage.BlockInputStream.getChunkInfos(BlockInputStream.java:167)
	at org.apache.hadoop.hdds.scm.storage.BlockInputStream.initialize(BlockInputStream.java:118)
	at org.apache.hadoop.hdds.scm.storage.BlockInputStream.read(BlockInputStream.java:222)
	at org.apache.hadoop.ozone.client.io.KeyInputStream.read(KeyInputStream.java:171)
	at org.apache.hadoop.ozone.client.io.OzoneInputStream.read(OzoneInputStream.java:47)
	at java.io.InputStream.read(InputStream.java:101)
	at org.apache.hadoop.ozone.container.ContainerTestHelper.validateData(ContainerTestHelper.java:714)
	at org.apache.hadoop.ozone.client.rpc.TestFailureHandlingByClient.validateData(TestFailureHandlingByClient.java:413)
	at org.apache.hadoop.ozone.client.rpc.TestFailureHandlingByClient.testBlockWritesWithDnFailures(TestFailureHandlingByClient.java:172)
	at sun.reflect.NativeMethodAccessorImpl.invoke0(Native Method)
	at sun.reflect.NativeMethodAccessorImpl.invoke(NativeMethodAccessorImpl.java:62)
	at sun.reflect.DelegatingMethodAccessorImpl.invoke(DelegatingMethodAccessorImpl.java:43)
	at java.lang.reflect.Method.invoke(Method.java:498)
	at org.junit.runners.model.FrameworkMethod$1.runReflectiveCall(FrameworkMethod.java:47)
	at org.junit.internal.runners.model.ReflectiveCallable.run(ReflectiveCallable.java:12)
	at org.junit.runners.model.FrameworkMethod.invokeExplosively(FrameworkMethod.java:44)
	at org.junit.internal.runners.statements.InvokeMethod.evaluate(InvokeMethod.java:17)
	at org.junit.internal.runners.statements.RunAfters.evaluate(RunAfters.java:27)
	at org.junit.runners.ParentRunner.runLeaf(ParentRunner.java:271)
	at org.junit.runners.BlockJUnit4ClassRunner.runChild(BlockJUnit4ClassRunner.java:70)
	at org.junit.runners.BlockJUnit4ClassRunner.runChild(BlockJUnit4ClassRunner.java:50)
	at org.junit.runners.ParentRunner$3.run(ParentRunner.java:238)
	at org.junit.runners.ParentRunner$1.schedule(ParentRunner.java:63)
	at org.junit.runners.ParentRunner.runChildren(ParentRunner.java:236)
	at org.junit.runners.ParentRunner.access$000(ParentRunner.java:53)
	at org.junit.runners.ParentRunner$2.evaluate(ParentRunner.java:229)
	at org.junit.runners.ParentRunner.run(ParentRunner.java:309)
	at org.apache.maven.surefire.junit4.JUnit4Provider.execute(JUnit4Provider.java:365)
	at org.apache.maven.surefire.junit4.JUnit4Provider.executeWithRerun(JUnit4Provider.java:273)
	at org.apache.maven.surefire.junit4.JUnit4Provider.executeTestSet(JUnit4Provider.java:238)
	at org.apache.maven.surefire.junit4.JUnit4Provider.invoke(JUnit4Provider.java:159)
	at org.apache.maven.surefire.booter.ForkedBooter.invokeProviderInSameClassLoader(ForkedBooter.java:384)
	at org.apache.maven.surefire.booter.ForkedBooter.runSuitesInProcess(ForkedBooter.java:345)
	at org.apache.maven.surefire.booter.ForkedBooter.execute(ForkedBooter.java:126)
	at org.apache.maven.surefire.booter.ForkedBooter.main(ForkedBooter.java:418)

Oct 07, 2019 12:01:50 PM org.apache.ratis.thirdparty.io.grpc.internal.ManagedChannelOrphanWrapper$ManagedChannelReference cleanQueue
SEVERE: *~*~*~ Channel ManagedChannelImpl{logId=2037, target=192.168.30.26:39706} was not shutdown properly!!! ~*~*~*
    Make sure to call shutdown()/shutdownNow() and wait until awaitTermination() returns true.
java.lang.RuntimeException: ManagedChannel allocation site
	at org.apache.ratis.thirdparty.io.grpc.internal.ManagedChannelOrphanWrapper$ManagedChannelReference.<init>(ManagedChannelOrphanWrapper.java:103)
	at org.apache.ratis.thirdparty.io.grpc.internal.ManagedChannelOrphanWrapper.<init>(ManagedChannelOrphanWrapper.java:53)
	at org.apache.ratis.thirdparty.io.grpc.internal.ManagedChannelOrphanWrapper.<init>(ManagedChannelOrphanWrapper.java:44)
	at org.apache.ratis.thirdparty.io.grpc.internal.AbstractManagedChannelImplBuilder.build(AbstractManagedChannelImplBuilder.java:411)
	at org.apache.hadoop.hdds.scm.XceiverClientGrpc.connectToDatanode(XceiverClientGrpc.java:181)
	at org.apache.hadoop.hdds.scm.XceiverClientGrpc.reconnect(XceiverClientGrpc.java:429)
	at org.apache.hadoop.hdds.scm.XceiverClientGrpc.sendCommandAsync(XceiverClientGrpc.java:378)
	at org.apache.hadoop.hdds.scm.XceiverClientGrpc.sendCommandWithRetry(XceiverClientGrpc.java:291)
	at org.apache.hadoop.hdds.scm.XceiverClientGrpc.sendCommandWithTraceIDAndRetry(XceiverClientGrpc.java:257)
	at org.apache.hadoop.hdds.scm.XceiverClientGrpc.sendCommand(XceiverClientGrpc.java:240)
	at org.apache.hadoop.hdds.scm.storage.ContainerProtocolCalls.getBlock(ContainerProtocolCalls.java:118)
	at org.apache.hadoop.hdds.scm.storage.BlockInputStream.getChunkInfos(BlockInputStream.java:167)
	at org.apache.hadoop.hdds.scm.storage.BlockInputStream.initialize(BlockInputStream.java:118)
	at org.apache.hadoop.hdds.scm.storage.BlockInputStream.read(BlockInputStream.java:222)
	at org.apache.hadoop.ozone.client.io.KeyInputStream.read(KeyInputStream.java:171)
	at org.apache.hadoop.ozone.client.io.OzoneInputStream.read(OzoneInputStream.java:47)
	at java.io.InputStream.read(InputStream.java:101)
	at org.apache.hadoop.ozone.container.ContainerTestHelper.validateData(ContainerTestHelper.java:714)
	at org.apache.hadoop.ozone.client.rpc.TestFailureHandlingByClient.validateData(TestFailureHandlingByClient.java:413)
	at org.apache.hadoop.ozone.client.rpc.TestFailureHandlingByClient.testBlockWritesWithDnFailures(TestFailureHandlingByClient.java:172)
	at sun.reflect.NativeMethodAccessorImpl.invoke0(Native Method)
	at sun.reflect.NativeMethodAccessorImpl.invoke(NativeMethodAccessorImpl.java:62)
	at sun.reflect.DelegatingMethodAccessorImpl.invoke(DelegatingMethodAccessorImpl.java:43)
	at java.lang.reflect.Method.invoke(Method.java:498)
	at org.junit.runners.model.FrameworkMethod$1.runReflectiveCall(FrameworkMethod.java:47)
	at org.junit.internal.runners.model.ReflectiveCallable.run(ReflectiveCallable.java:12)
	at org.junit.runners.model.FrameworkMethod.invokeExplosively(FrameworkMethod.java:44)
	at org.junit.internal.runners.statements.InvokeMethod.evaluate(InvokeMethod.java:17)
	at org.junit.internal.runners.statements.RunAfters.evaluate(RunAfters.java:27)
	at org.junit.runners.ParentRunner.runLeaf(ParentRunner.java:271)
	at org.junit.runners.BlockJUnit4ClassRunner.runChild(BlockJUnit4ClassRunner.java:70)
	at org.junit.runners.BlockJUnit4ClassRunner.runChild(BlockJUnit4ClassRunner.java:50)
	at org.junit.runners.ParentRunner$3.run(ParentRunner.java:238)
	at org.junit.runners.ParentRunner$1.schedule(ParentRunner.java:63)
	at org.junit.runners.ParentRunner.runChildren(ParentRunner.java:236)
	at org.junit.runners.ParentRunner.access$000(ParentRunner.java:53)
	at org.junit.runners.ParentRunner$2.evaluate(ParentRunner.java:229)
	at org.junit.runners.ParentRunner.run(ParentRunner.java:309)
	at org.apache.maven.surefire.junit4.JUnit4Provider.execute(JUnit4Provider.java:365)
	at org.apache.maven.surefire.junit4.JUnit4Provider.executeWithRerun(JUnit4Provider.java:273)
	at org.apache.maven.surefire.junit4.JUnit4Provider.executeTestSet(JUnit4Provider.java:238)
	at org.apache.maven.surefire.junit4.JUnit4Provider.invoke(JUnit4Provider.java:159)
	at org.apache.maven.surefire.booter.ForkedBooter.invokeProviderInSameClassLoader(ForkedBooter.java:384)
	at org.apache.maven.surefire.booter.ForkedBooter.runSuitesInProcess(ForkedBooter.java:345)
	at org.apache.maven.surefire.booter.ForkedBooter.execute(ForkedBooter.java:126)
	at org.apache.maven.surefire.booter.ForkedBooter.main(ForkedBooter.java:418)

Oct 07, 2019 12:01:50 PM org.apache.ratis.thirdparty.io.grpc.internal.ManagedChannelOrphanWrapper$ManagedChannelReference cleanQueue
SEVERE: *~*~*~ Channel ManagedChannelImpl{logId=2009, target=192.168.30.26:40232} was not shutdown properly!!! ~*~*~*
    Make sure to call shutdown()/shutdownNow() and wait until awaitTermination() returns true.
java.lang.RuntimeException: ManagedChannel allocation site
	at org.apache.ratis.thirdparty.io.grpc.internal.ManagedChannelOrphanWrapper$ManagedChannelReference.<init>(ManagedChannelOrphanWrapper.java:103)
	at org.apache.ratis.thirdparty.io.grpc.internal.ManagedChannelOrphanWrapper.<init>(ManagedChannelOrphanWrapper.java:53)
	at org.apache.ratis.thirdparty.io.grpc.internal.ManagedChannelOrphanWrapper.<init>(ManagedChannelOrphanWrapper.java:44)
	at org.apache.ratis.thirdparty.io.grpc.internal.AbstractManagedChannelImplBuilder.build(AbstractManagedChannelImplBuilder.java:411)
	at org.apache.ratis.grpc.client.GrpcClientProtocolClient.<init>(GrpcClientProtocolClient.java:128)
	at org.apache.ratis.grpc.client.GrpcClientRpc.lambda$new$0(GrpcClientRpc.java:55)
	at org.apache.ratis.util.PeerProxyMap$PeerAndProxy.lambda$getProxy$0(PeerProxyMap.java:61)
	at org.apache.ratis.util.LifeCycle.startAndTransition(LifeCycle.java:202)
	at org.apache.ratis.util.PeerProxyMap$PeerAndProxy.getProxy(PeerProxyMap.java:60)
	at org.apache.ratis.util.PeerProxyMap.getProxy(PeerProxyMap.java:108)
	at org.apache.ratis.grpc.client.GrpcClientRpc.sendRequestAsync(GrpcClientRpc.java:66)
	at org.apache.ratis.client.impl.OrderedAsync.sendRequest(OrderedAsync.java:208)
	at org.apache.ratis.client.impl.OrderedAsync.sendRequestWithRetry(OrderedAsync.java:169)
	at org.apache.ratis.util.SlidingWindow$Client.sendOrDelayRequest(SlidingWindow.java:278)
	at org.apache.ratis.util.SlidingWindow$Client.retry(SlidingWindow.java:294)
	at org.apache.ratis.client.impl.OrderedAsync.lambda$scheduleWithTimeout$7(OrderedAsync.java:195)
	at org.apache.ratis.util.TimeoutScheduler.lambda$onTimeout$0(TimeoutScheduler.java:113)
	at org.apache.ratis.util.TimeoutScheduler.lambda$onTimeout$1(TimeoutScheduler.java:133)
	at org.apache.ratis.util.LogUtils.runAndLog(LogUtils.java:50)
	at org.apache.ratis.util.LogUtils$1.run(LogUtils.java:91)
	at java.util.concurrent.Executors$RunnableAdapter.call(Executors.java:511)
	at java.util.concurrent.FutureTask.run(FutureTask.java:266)
	at java.util.concurrent.ScheduledThreadPoolExecutor$ScheduledFutureTask.access$201(ScheduledThreadPoolExecutor.java:180)
	at java.util.concurrent.ScheduledThreadPoolExecutor$ScheduledFutureTask.run(ScheduledThreadPoolExecutor.java:293)
	at java.util.concurrent.ThreadPoolExecutor.runWorker(ThreadPoolExecutor.java:1149)
	at java.util.concurrent.ThreadPoolExecutor$Worker.run(ThreadPoolExecutor.java:624)
	at java.lang.Thread.run(Thread.java:748)

Oct 07, 2019 12:01:50 PM org.apache.ratis.thirdparty.io.grpc.internal.ManagedChannelOrphanWrapper$ManagedChannelReference cleanQueue
SEVERE: *~*~*~ Channel ManagedChannelImpl{logId=2042, target=192.168.30.26:44905} was not shutdown properly!!! ~*~*~*
    Make sure to call shutdown()/shutdownNow() and wait until awaitTermination() returns true.
java.lang.RuntimeException: ManagedChannel allocation site
	at org.apache.ratis.thirdparty.io.grpc.internal.ManagedChannelOrphanWrapper$ManagedChannelReference.<init>(ManagedChannelOrphanWrapper.java:103)
	at org.apache.ratis.thirdparty.io.grpc.internal.ManagedChannelOrphanWrapper.<init>(ManagedChannelOrphanWrapper.java:53)
	at org.apache.ratis.thirdparty.io.grpc.internal.ManagedChannelOrphanWrapper.<init>(ManagedChannelOrphanWrapper.java:44)
	at org.apache.ratis.thirdparty.io.grpc.internal.AbstractManagedChannelImplBuilder.build(AbstractManagedChannelImplBuilder.java:411)
	at org.apache.hadoop.hdds.scm.XceiverClientGrpc.connectToDatanode(XceiverClientGrpc.java:181)
	at org.apache.hadoop.hdds.scm.XceiverClientGrpc.reconnect(XceiverClientGrpc.java:429)
	at org.apache.hadoop.hdds.scm.XceiverClientGrpc.sendCommandAsync(XceiverClientGrpc.java:378)
	at org.apache.hadoop.hdds.scm.XceiverClientGrpc.sendCommandWithRetry(XceiverClientGrpc.java:291)
	at org.apache.hadoop.hdds.scm.XceiverClientGrpc.sendCommandWithTraceIDAndRetry(XceiverClientGrpc.java:257)
	at org.apache.hadoop.hdds.scm.XceiverClientGrpc.sendCommand(XceiverClientGrpc.java:240)
	at org.apache.hadoop.hdds.scm.storage.ContainerProtocolCalls.readChunk(ContainerProtocolCalls.java:245)
	at org.apache.hadoop.hdds.scm.storage.ChunkInputStream.readChunk(ChunkInputStream.java:335)
	at org.apache.hadoop.hdds.scm.storage.ChunkInputStream.readChunkFromContainer(ChunkInputStream.java:307)
	at org.apache.hadoop.hdds.scm.storage.ChunkInputStream.prepareRead(ChunkInputStream.java:259)
	at org.apache.hadoop.hdds.scm.storage.ChunkInputStream.read(ChunkInputStream.java:144)
	at org.apache.hadoop.hdds.scm.storage.BlockInputStream.read(BlockInputStream.java:239)
	at org.apache.hadoop.ozone.client.io.KeyInputStream.read(KeyInputStream.java:171)
	at org.apache.hadoop.ozone.client.io.OzoneInputStream.read(OzoneInputStream.java:47)
	at java.io.InputStream.read(InputStream.java:101)
	at org.apache.hadoop.ozone.container.ContainerTestHelper.validateData(ContainerTestHelper.java:714)
	at org.apache.hadoop.ozone.client.rpc.TestFailureHandlingByClient.validateData(TestFailureHandlingByClient.java:413)
	at org.apache.hadoop.ozone.client.rpc.TestFailureHandlingByClient.testBlockWritesWithDnFailures(TestFailureHandlingByClient.java:172)
	at sun.reflect.NativeMethodAccessorImpl.invoke0(Native Method)
	at sun.reflect.NativeMethodAccessorImpl.invoke(NativeMethodAccessorImpl.java:62)
	at sun.reflect.DelegatingMethodAccessorImpl.invoke(DelegatingMethodAccessorImpl.java:43)
	at java.lang.reflect.Method.invoke(Method.java:498)
	at org.junit.runners.model.FrameworkMethod$1.runReflectiveCall(FrameworkMethod.java:47)
	at org.junit.internal.runners.model.ReflectiveCallable.run(ReflectiveCallable.java:12)
	at org.junit.runners.model.FrameworkMethod.invokeExplosively(FrameworkMethod.java:44)
	at org.junit.internal.runners.statements.InvokeMethod.evaluate(InvokeMethod.java:17)
	at org.junit.internal.runners.statements.RunAfters.evaluate(RunAfters.java:27)
	at org.junit.runners.ParentRunner.runLeaf(ParentRunner.java:271)
	at org.junit.runners.BlockJUnit4ClassRunner.runChild(BlockJUnit4ClassRunner.java:70)
	at org.junit.runners.BlockJUnit4ClassRunner.runChild(BlockJUnit4ClassRunner.java:50)
	at org.junit.runners.ParentRunner$3.run(ParentRunner.java:238)
	at org.junit.runners.ParentRunner$1.schedule(ParentRunner.java:63)
	at org.junit.runners.ParentRunner.runChildren(ParentRunner.java:236)
	at org.junit.runners.ParentRunner.access$000(ParentRunner.java:53)
	at org.junit.runners.ParentRunner$2.evaluate(ParentRunner.java:229)
	at org.junit.runners.ParentRunner.run(ParentRunner.java:309)
	at org.apache.maven.surefire.junit4.JUnit4Provider.execute(JUnit4Provider.java:365)
	at org.apache.maven.surefire.junit4.JUnit4Provider.executeWithRerun(JUnit4Provider.java:273)
	at org.apache.maven.surefire.junit4.JUnit4Provider.executeTestSet(JUnit4Provider.java:238)
	at org.apache.maven.surefire.junit4.JUnit4Provider.invoke(JUnit4Provider.java:159)
	at org.apache.maven.surefire.booter.ForkedBooter.invokeProviderInSameClassLoader(ForkedBooter.java:384)
	at org.apache.maven.surefire.booter.ForkedBooter.runSuitesInProcess(ForkedBooter.java:345)
	at org.apache.maven.surefire.booter.ForkedBooter.execute(ForkedBooter.java:126)
	at org.apache.maven.surefire.booter.ForkedBooter.main(ForkedBooter.java:418)

Oct 07, 2019 12:01:50 PM org.apache.ratis.thirdparty.io.grpc.internal.ManagedChannelOrphanWrapper$ManagedChannelReference cleanQueue
SEVERE: *~*~*~ Channel ManagedChannelImpl{logId=2033, target=192.168.30.26:35487} was not shutdown properly!!! ~*~*~*
    Make sure to call shutdown()/shutdownNow() and wait until awaitTermination() returns true.
java.lang.RuntimeException: ManagedChannel allocation site
	at org.apache.ratis.thirdparty.io.grpc.internal.ManagedChannelOrphanWrapper$ManagedChannelReference.<init>(ManagedChannelOrphanWrapper.java:103)
	at org.apache.ratis.thirdparty.io.grpc.internal.ManagedChannelOrphanWrapper.<init>(ManagedChannelOrphanWrapper.java:53)
	at org.apache.ratis.thirdparty.io.grpc.internal.ManagedChannelOrphanWrapper.<init>(ManagedChannelOrphanWrapper.java:44)
	at org.apache.ratis.thirdparty.io.grpc.internal.AbstractManagedChannelImplBuilder.build(AbstractManagedChannelImplBuilder.java:411)
	at org.apache.hadoop.hdds.scm.XceiverClientGrpc.connectToDatanode(XceiverClientGrpc.java:181)
	at org.apache.hadoop.hdds.scm.XceiverClientGrpc.reconnect(XceiverClientGrpc.java:429)
	at org.apache.hadoop.hdds.scm.XceiverClientGrpc.sendCommandAsync(XceiverClientGrpc.java:378)
	at org.apache.hadoop.hdds.scm.XceiverClientGrpc.sendCommandWithRetry(XceiverClientGrpc.java:291)
	at org.apache.hadoop.hdds.scm.XceiverClientGrpc.sendCommandWithTraceIDAndRetry(XceiverClientGrpc.java:257)
	at org.apache.hadoop.hdds.scm.XceiverClientGrpc.sendCommand(XceiverClientGrpc.java:240)
	at org.apache.hadoop.hdds.scm.storage.ContainerProtocolCalls.readChunk(ContainerProtocolCalls.java:245)
	at org.apache.hadoop.hdds.scm.storage.ChunkInputStream.readChunk(ChunkInputStream.java:335)
	at org.apache.hadoop.hdds.scm.storage.ChunkInputStream.readChunkFromContainer(ChunkInputStream.java:307)
	at org.apache.hadoop.hdds.scm.storage.ChunkInputStream.prepareRead(ChunkInputStream.java:259)
	at org.apache.hadoop.hdds.scm.storage.ChunkInputStream.read(ChunkInputStream.java:144)
	at org.apache.hadoop.hdds.scm.storage.BlockInputStream.read(BlockInputStream.java:239)
	at org.apache.hadoop.ozone.client.io.KeyInputStream.read(KeyInputStream.java:171)
	at org.apache.hadoop.ozone.client.io.OzoneInputStream.read(OzoneInputStream.java:47)
	at java.io.InputStream.read(InputStream.java:101)
	at org.apache.hadoop.ozone.container.ContainerTestHelper.validateData(ContainerTestHelper.java:714)
	at org.apache.hadoop.ozone.client.rpc.TestFailureHandlingByClient.validateData(TestFailureHandlingByClient.java:413)
	at org.apache.hadoop.ozone.client.rpc.TestFailureHandlingByClient.testBlockWritesWithDnFailures(TestFailureHandlingByClient.java:172)
	at sun.reflect.NativeMethodAccessorImpl.invoke0(Native Method)
	at sun.reflect.NativeMethodAccessorImpl.invoke(NativeMethodAccessorImpl.java:62)
	at sun.reflect.DelegatingMethodAccessorImpl.invoke(DelegatingMethodAccessorImpl.java:43)
	at java.lang.reflect.Method.invoke(Method.java:498)
	at org.junit.runners.model.FrameworkMethod$1.runReflectiveCall(FrameworkMethod.java:47)
	at org.junit.internal.runners.model.ReflectiveCallable.run(ReflectiveCallable.java:12)
	at org.junit.runners.model.FrameworkMethod.invokeExplosively(FrameworkMethod.java:44)
	at org.junit.internal.runners.statements.InvokeMethod.evaluate(InvokeMethod.java:17)
	at org.junit.internal.runners.statements.RunAfters.evaluate(RunAfters.java:27)
	at org.junit.runners.ParentRunner.runLeaf(ParentRunner.java:271)
	at org.junit.runners.BlockJUnit4ClassRunner.runChild(BlockJUnit4ClassRunner.java:70)
	at org.junit.runners.BlockJUnit4ClassRunner.runChild(BlockJUnit4ClassRunner.java:50)
	at org.junit.runners.ParentRunner$3.run(ParentRunner.java:238)
	at org.junit.runners.ParentRunner$1.schedule(ParentRunner.java:63)
	at org.junit.runners.ParentRunner.runChildren(ParentRunner.java:236)
	at org.junit.runners.ParentRunner.access$000(ParentRunner.java:53)
	at org.junit.runners.ParentRunner$2.evaluate(ParentRunner.java:229)
	at org.junit.runners.ParentRunner.run(ParentRunner.java:309)
	at org.apache.maven.surefire.junit4.JUnit4Provider.execute(JUnit4Provider.java:365)
	at org.apache.maven.surefire.junit4.JUnit4Provider.executeWithRerun(JUnit4Provider.java:273)
	at org.apache.maven.surefire.junit4.JUnit4Provider.executeTestSet(JUnit4Provider.java:238)
	at org.apache.maven.surefire.junit4.JUnit4Provider.invoke(JUnit4Provider.java:159)
	at org.apache.maven.surefire.booter.ForkedBooter.invokeProviderInSameClassLoader(ForkedBooter.java:384)
	at org.apache.maven.surefire.booter.ForkedBooter.runSuitesInProcess(ForkedBooter.java:345)
	at org.apache.maven.surefire.booter.ForkedBooter.execute(ForkedBooter.java:126)
	at org.apache.maven.surefire.booter.ForkedBooter.main(ForkedBooter.java:418)

Oct 07, 2019 12:02:14 PM org.apache.ratis.thirdparty.io.grpc.internal.SerializingExecutor run
SEVERE: Exception while executing runnable org.apache.ratis.thirdparty.io.grpc.internal.ServerImpl$JumpToApplicationThreadServerStreamListener$1Closed@607d5c0f
org.apache.ratis.thirdparty.io.grpc.StatusRuntimeException: CANCELLED: call already cancelled
	at org.apache.ratis.thirdparty.io.grpc.Status.asRuntimeException(Status.java:517)
	at org.apache.ratis.thirdparty.io.grpc.stub.ServerCalls$ServerCallStreamObserverImpl.onCompleted(ServerCalls.java:356)
	at org.apache.ratis.grpc.server.GrpcServerProtocolService$ServerRequestStreamObserver.onError(GrpcServerProtocolService.java:121)
	at org.apache.ratis.thirdparty.io.grpc.stub.ServerCalls$StreamingServerCallHandler$StreamingServerCallListener.onCancel(ServerCalls.java:269)
	at org.apache.ratis.thirdparty.io.grpc.internal.ServerCallImpl$ServerStreamListenerImpl.closed(ServerCallImpl.java:293)
	at org.apache.ratis.thirdparty.io.grpc.internal.ServerImpl$JumpToApplicationThreadServerStreamListener$1Closed.runInContext(ServerImpl.java:741)
	at org.apache.ratis.thirdparty.io.grpc.internal.ContextRunnable.run(ContextRunnable.java:37)
	at org.apache.ratis.thirdparty.io.grpc.internal.SerializingExecutor.run(SerializingExecutor.java:123)
	at java.util.concurrent.ThreadPoolExecutor.runWorker(ThreadPoolExecutor.java:1149)
	at java.util.concurrent.ThreadPoolExecutor$Worker.run(ThreadPoolExecutor.java:624)
	at java.lang.Thread.run(Thread.java:748)

Oct 07, 2019 12:02:19 PM org.apache.ratis.thirdparty.io.grpc.internal.SerializingExecutor run
SEVERE: Exception while executing runnable org.apache.ratis.thirdparty.io.grpc.internal.ServerImpl$JumpToApplicationThreadServerStreamListener$1Closed@60166eff
org.apache.ratis.thirdparty.io.grpc.StatusRuntimeException: CANCELLED: call already cancelled
	at org.apache.ratis.thirdparty.io.grpc.Status.asRuntimeException(Status.java:517)
	at org.apache.ratis.thirdparty.io.grpc.stub.ServerCalls$ServerCallStreamObserverImpl.onCompleted(ServerCalls.java:356)
	at org.apache.ratis.grpc.server.GrpcServerProtocolService$ServerRequestStreamObserver.onError(GrpcServerProtocolService.java:121)
	at org.apache.ratis.thirdparty.io.grpc.stub.ServerCalls$StreamingServerCallHandler$StreamingServerCallListener.onCancel(ServerCalls.java:269)
	at org.apache.ratis.thirdparty.io.grpc.internal.ServerCallImpl$ServerStreamListenerImpl.closed(ServerCallImpl.java:293)
	at org.apache.ratis.thirdparty.io.grpc.internal.ServerImpl$JumpToApplicationThreadServerStreamListener$1Closed.runInContext(ServerImpl.java:741)
	at org.apache.ratis.thirdparty.io.grpc.internal.ContextRunnable.run(ContextRunnable.java:37)
	at org.apache.ratis.thirdparty.io.grpc.internal.SerializingExecutor.run(SerializingExecutor.java:123)
	at java.util.concurrent.ThreadPoolExecutor.runWorker(ThreadPoolExecutor.java:1149)
	at java.util.concurrent.ThreadPoolExecutor$Worker.run(ThreadPoolExecutor.java:624)
	at java.lang.Thread.run(Thread.java:748)

Oct 07, 2019 12:02:19 PM org.apache.ratis.thirdparty.io.grpc.internal.SerializingExecutor run
SEVERE: Exception while executing runnable org.apache.ratis.thirdparty.io.grpc.internal.ServerImpl$JumpToApplicationThreadServerStreamListener$1Closed@5902d021
org.apache.ratis.thirdparty.io.grpc.StatusRuntimeException: CANCELLED: call already cancelled
	at org.apache.ratis.thirdparty.io.grpc.Status.asRuntimeException(Status.java:517)
	at org.apache.ratis.thirdparty.io.grpc.stub.ServerCalls$ServerCallStreamObserverImpl.onCompleted(ServerCalls.java:356)
	at org.apache.ratis.grpc.server.GrpcServerProtocolService$ServerRequestStreamObserver.onError(GrpcServerProtocolService.java:121)
	at org.apache.ratis.thirdparty.io.grpc.stub.ServerCalls$StreamingServerCallHandler$StreamingServerCallListener.onCancel(ServerCalls.java:269)
	at org.apache.ratis.thirdparty.io.grpc.internal.ServerCallImpl$ServerStreamListenerImpl.closed(ServerCallImpl.java:293)
	at org.apache.ratis.thirdparty.io.grpc.internal.ServerImpl$JumpToApplicationThreadServerStreamListener$1Closed.runInContext(ServerImpl.java:741)
	at org.apache.ratis.thirdparty.io.grpc.internal.ContextRunnable.run(ContextRunnable.java:37)
	at org.apache.ratis.thirdparty.io.grpc.internal.SerializingExecutor.run(SerializingExecutor.java:123)
	at java.util.concurrent.ThreadPoolExecutor.runWorker(ThreadPoolExecutor.java:1149)
	at java.util.concurrent.ThreadPoolExecutor$Worker.run(ThreadPoolExecutor.java:624)
	at java.lang.Thread.run(Thread.java:748)

]]></system-err>
  </testcase>
</testsuite>