<?xml version="1.0" encoding="UTF-8"?>
<testsuite xmlns:xsi="http://www.w3.org/2001/XMLSchema-instance" xsi:noNamespaceSchemaLocation="https://maven.apache.org/surefire/maven-surefire-plugin/xsd/surefire-test-report.xsd" name="org.apache.hadoop.ozone.client.rpc.TestBlockOutputStreamWithFailures" time="731.875" tests="8" errors="0" skipped="0" failures="1">
  <properties>
    <property name="awt.toolkit" value="sun.awt.X11.XToolkit"/>
    <property name="file.encoding.pkg" value="sun.io"/>
    <property name="java.specification.version" value="1.8"/>
    <property name="sun.cpu.isalist" value=""/>
    <property name="sun.jnu.encoding" value="UTF-8"/>
    <property name="java.class.path" value="/workdir/hadoop-ozone/integration-test/target/test-classes:/workdir/hadoop-ozone/integration-test/target/classes:/home/user/.m2/repository/org/apache/hadoop/hadoop-ozone-common/0.5.0-SNAPSHOT/hadoop-ozone-common-0.5.0-SNAPSHOT.jar:/home/user/.m2/repository/org/apache/commons/commons-compress/1.4.1/commons-compress-1.4.1.jar:/home/user/.m2/repository/org/tukaani/xz/1.0/xz-1.0.jar:/home/user/.m2/repository/org/apache/hadoop/hadoop-common/3.2.0/hadoop-common-3.2.0.jar:/home/user/.m2/repository/org/apache/hadoop/hadoop-hdfs/3.2.0/hadoop-hdfs-3.2.0.jar:/home/user/.m2/repository/org/apache/hadoop/hadoop-hdfs-client/3.2.0/hadoop-hdfs-client-3.2.0.jar:/home/user/.m2/repository/com/fasterxml/jackson/core/jackson-annotations/2.9.9/jackson-annotations-2.9.9.jar:/home/user/.m2/repository/org/apache/hadoop/hadoop-hdds-common/0.5.0-SNAPSHOT/hadoop-hdds-common-0.5.0-SNAPSHOT.jar:/home/user/.m2/repository/javax/annotation/javax.annotation-api/1.2/javax.annotation-api-1.2.jar:/home/user/.m2/repository/org/apache/ratis/ratis-server/0.5.0-201fc85-SNAPSHOT/ratis-server-0.5.0-201fc85-SNAPSHOT.jar:/home/user/.m2/repository/org/apache/ratis/ratis-thirdparty-misc/0.2.0/ratis-thirdparty-misc-0.2.0.jar:/home/user/.m2/repository/org/apache/ratis/ratis-proto/0.5.0-201fc85-SNAPSHOT/ratis-proto-0.5.0-201fc85-SNAPSHOT.jar:/home/user/.m2/repository/org/apache/ratis/ratis-common/0.5.0-201fc85-SNAPSHOT/ratis-common-0.5.0-201fc85-SNAPSHOT.jar:/home/user/.m2/repository/org/apache/ratis/ratis-client/0.5.0-201fc85-SNAPSHOT/ratis-client-0.5.0-201fc85-SNAPSHOT.jar:/home/user/.m2/repository/org/apache/ratis/ratis-metrics/0.5.0-201fc85-SNAPSHOT/ratis-metrics-0.5.0-201fc85-SNAPSHOT.jar:/home/user/.m2/repository/com/github/joshelser/dropwizard-metrics-hadoop-metrics2-reporter/0.1.2/dropwizard-metrics-hadoop-metrics2-reporter-0.1.2.jar:/home/user/.m2/repository/io/dropwizard/metrics/metrics-jvm/3.2.5/metrics-jvm-3.2.5.jar:/home/user/.m2/repository/io/dropwizard/metrics/metrics-ganglia/3.2.5/metrics-ganglia-3.2.5.jar:/home/user/.m2/repository/info/ganglia/gmetric4j/gmetric4j/1.0.7/gmetric4j-1.0.7.jar:/home/user/.m2/repository/org/apache/ratis/ratis-netty/0.5.0-201fc85-SNAPSHOT/ratis-netty-0.5.0-201fc85-SNAPSHOT.jar:/home/user/.m2/repository/org/apache/ratis/ratis-grpc/0.5.0-201fc85-SNAPSHOT/ratis-grpc-0.5.0-201fc85-SNAPSHOT.jar:/home/user/.m2/repository/org/rocksdb/rocksdbjni/6.0.1/rocksdbjni-6.0.1.jar:/home/user/.m2/repository/org/apache/logging/log4j/log4j-api/2.11.0/log4j-api-2.11.0.jar:/home/user/.m2/repository/org/apache/logging/log4j/log4j-core/2.11.0/log4j-core-2.11.0.jar:/home/user/.m2/repository/com/lmax/disruptor/3.4.2/disruptor-3.4.2.jar:/home/user/.m2/repository/org/apache/commons/commons-pool2/2.6.0/commons-pool2-2.6.0.jar:/home/user/.m2/repository/org/bouncycastle/bcpkix-jdk15on/1.60/bcpkix-jdk15on-1.60.jar:/home/user/.m2/repository/commons-validator/commons-validator/1.6/commons-validator-1.6.jar:/home/user/.m2/repository/commons-digester/commons-digester/1.8.1/commons-digester-1.8.1.jar:/home/user/.m2/repository/io/jaegertracing/jaeger-client/0.34.0/jaeger-client-0.34.0.jar:/home/user/.m2/repository/io/jaegertracing/jaeger-thrift/0.34.0/jaeger-thrift-0.34.0.jar:/home/user/.m2/repository/org/apache/thrift/libthrift/0.12.0/libthrift-0.12.0.jar:/home/user/.m2/repository/com/squareup/okhttp3/okhttp/3.9.0/okhttp-3.9.0.jar:/home/user/.m2/repository/com/squareup/okio/okio/1.13.0/okio-1.13.0.jar:/home/user/.m2/repository/io/jaegertracing/jaeger-core/0.34.0/jaeger-core-0.34.0.jar:/home/user/.m2/repository/io/jaegertracing/jaeger-tracerresolver/0.34.0/jaeger-tracerresolver-0.34.0.jar:/home/user/.m2/repository/io/opentracing/contrib/opentracing-tracerresolver/0.1.5/opentracing-tracerresolver-0.1.5.jar:/home/user/.m2/repository/io/opentracing/opentracing-util/0.31.0/opentracing-util-0.31.0.jar:/home/user/.m2/repository/io/opentracing/opentracing-api/0.31.0/opentracing-api-0.31.0.jar:/home/user/.m2/repository/io/opentracing/opentracing-noop/0.31.0/opentracing-noop-0.31.0.jar:/home/user/.m2/repository/org/apache/hadoop/hadoop-hdds-server-framework/0.5.0-SNAPSHOT/hadoop-hdds-server-framework-0.5.0-SNAPSHOT.jar:/home/user/.m2/repository/org/apache/hadoop/hadoop-hdds-container-service/0.5.0-SNAPSHOT/hadoop-hdds-container-service-0.5.0-SNAPSHOT.jar:/home/user/.m2/repository/org/apache/hadoop/hadoop-hdds-client/0.5.0-SNAPSHOT/hadoop-hdds-client-0.5.0-SNAPSHOT.jar:/home/user/.m2/repository/org/apache/hadoop/hadoop-hdds-tools/0.5.0-SNAPSHOT/hadoop-hdds-tools-0.5.0-SNAPSHOT.jar:/home/user/.m2/repository/org/apache/hadoop/hadoop-hdds-server-scm/0.5.0-SNAPSHOT/hadoop-hdds-server-scm-0.5.0-SNAPSHOT.jar:/home/user/.m2/repository/org/apache/hadoop/hadoop-hdds-docs/0.5.0-SNAPSHOT/hadoop-hdds-docs-0.5.0-SNAPSHOT.jar:/home/user/.m2/repository/io/dropwizard/metrics/metrics-core/3.2.4/metrics-core-3.2.4.jar:/home/user/.m2/repository/org/hamcrest/hamcrest-all/1.3/hamcrest-all-1.3.jar:/home/user/.m2/repository/org/bouncycastle/bcprov-jdk15on/1.60/bcprov-jdk15on-1.60.jar:/home/user/.m2/repository/info/picocli/picocli/3.9.6/picocli-3.9.6.jar:/home/user/.m2/repository/com/google/protobuf/protobuf-java/2.5.0/protobuf-java-2.5.0.jar:/home/user/.m2/repository/com/google/guava/guava/11.0.2/guava-11.0.2.jar:/home/user/.m2/repository/org/apache/hadoop/hadoop-ozone-ozone-manager/0.5.0-SNAPSHOT/hadoop-ozone-ozone-manager-0.5.0-SNAPSHOT.jar:/home/user/.m2/repository/org/apache/hadoop/hadoop-minikdc/3.2.0/hadoop-minikdc-3.2.0.jar:/home/user/.m2/repository/commons-io/commons-io/2.5/commons-io-2.5.jar:/home/user/.m2/repository/org/apache/kerby/kerb-simplekdc/1.0.1/kerb-simplekdc-1.0.1.jar:/home/user/.m2/repository/org/apache/kerby/kerb-client/1.0.1/kerb-client-1.0.1.jar:/home/user/.m2/repository/org/apache/kerby/kerby-config/1.0.1/kerby-config-1.0.1.jar:/home/user/.m2/repository/org/apache/kerby/kerb-core/1.0.1/kerb-core-1.0.1.jar:/home/user/.m2/repository/org/apache/kerby/kerby-pkix/1.0.1/kerby-pkix-1.0.1.jar:/home/user/.m2/repository/org/apache/kerby/kerby-asn1/1.0.1/kerby-asn1-1.0.1.jar:/home/user/.m2/repository/org/apache/kerby/kerby-util/1.0.1/kerby-util-1.0.1.jar:/home/user/.m2/repository/org/apache/kerby/kerb-common/1.0.1/kerb-common-1.0.1.jar:/home/user/.m2/repository/org/apache/kerby/kerb-crypto/1.0.1/kerb-crypto-1.0.1.jar:/home/user/.m2/repository/org/apache/kerby/kerb-util/1.0.1/kerb-util-1.0.1.jar:/home/user/.m2/repository/org/apache/kerby/token-provider/1.0.1/token-provider-1.0.1.jar:/home/user/.m2/repository/org/apache/kerby/kerb-admin/1.0.1/kerb-admin-1.0.1.jar:/home/user/.m2/repository/org/apache/kerby/kerb-server/1.0.1/kerb-server-1.0.1.jar:/home/user/.m2/repository/org/apache/kerby/kerb-identity/1.0.1/kerb-identity-1.0.1.jar:/home/user/.m2/repository/org/apache/kerby/kerby-xdr/1.0.1/kerby-xdr-1.0.1.jar:/home/user/.m2/repository/org/slf4j/slf4j-log4j12/1.7.25/slf4j-log4j12-1.7.25.jar:/home/user/.m2/repository/org/apache/hadoop/hadoop-ozone-s3gateway/0.5.0-SNAPSHOT/hadoop-ozone-s3gateway-0.5.0-SNAPSHOT.jar:/home/user/.m2/repository/org/jboss/weld/servlet/weld-servlet/2.4.7.Final/weld-servlet-2.4.7.Final.jar:/home/user/.m2/repository/org/glassfish/jersey/containers/jersey-container-servlet-core/2.27/jersey-container-servlet-core-2.27.jar:/home/user/.m2/repository/org/glassfish/hk2/external/javax.inject/2.5.0-b42/javax.inject-2.5.0-b42.jar:/home/user/.m2/repository/org/glassfish/jersey/core/jersey-common/2.27/jersey-common-2.27.jar:/home/user/.m2/repository/org/glassfish/hk2/osgi-resource-locator/1.0.1/osgi-resource-locator-1.0.1.jar:/home/user/.m2/repository/javax/ws/rs/javax.ws.rs-api/2.1/javax.ws.rs-api-2.1.jar:/home/user/.m2/repository/org/glassfish/jersey/ext/cdi/jersey-cdi1x/2.27/jersey-cdi1x-2.27.jar:/home/user/.m2/repository/org/glassfish/jersey/inject/jersey-hk2/2.27/jersey-hk2-2.27.jar:/home/user/.m2/repository/org/glassfish/hk2/hk2-locator/2.5.0-b42/hk2-locator-2.5.0-b42.jar:/home/user/.m2/repository/org/javassist/javassist/3.22.0-CR2/javassist-3.22.0-CR2.jar:/home/user/.m2/repository/org/glassfish/hk2/hk2-api/2.5.0/hk2-api-2.5.0.jar:/home/user/.m2/repository/org/glassfish/hk2/external/jakarta.inject/2.5.0/jakarta.inject-2.5.0.jar:/home/user/.m2/repository/org/glassfish/hk2/hk2-utils/2.5.0/hk2-utils-2.5.0.jar:/home/user/.m2/repository/jakarta/annotation/jakarta.annotation-api/1.3.4/jakarta.annotation-api-1.3.4.jar:/home/user/.m2/repository/org/glassfish/hk2/external/aopalliance-repackaged/2.5.0/aopalliance-repackaged-2.5.0.jar:/home/user/.m2/repository/com/fasterxml/jackson/dataformat/jackson-dataformat-xml/2.9.0/jackson-dataformat-xml-2.9.0.jar:/home/user/.m2/repository/com/fasterxml/jackson/core/jackson-core/2.9.9/jackson-core-2.9.9.jar:/home/user/.m2/repository/com/fasterxml/jackson/module/jackson-module-jaxb-annotations/2.9.9/jackson-module-jaxb-annotations-2.9.9.jar:/home/user/.m2/repository/javax/enterprise/cdi-api/1.2/cdi-api-1.2.jar:/home/user/.m2/repository/javax/el/javax.el-api/3.0.0/javax.el-api-3.0.0.jar:/home/user/.m2/repository/javax/interceptor/javax.interceptor-api/1.2/javax.interceptor-api-1.2.jar:/home/user/.m2/repository/javax/inject/javax.inject/1/javax.inject-1.jar:/home/user/.m2/repository/com/sun/xml/bind/jaxb-impl/2.3.0.1/jaxb-impl-2.3.0.1.jar:/home/user/.m2/repository/com/sun/xml/bind/jaxb-core/2.3.0.1/jaxb-core-2.3.0.1.jar:/home/user/.m2/repository/javax/xml/bind/jaxb-api/2.3.0/jaxb-api-2.3.0.jar:/home/user/.m2/repository/javax/activation/activation/1.1.1/activation-1.1.1.jar:/home/user/.m2/repository/org/apache/hadoop/hadoop-ozone-csi/0.5.0-SNAPSHOT/hadoop-ozone-csi-0.5.0-SNAPSHOT.jar:/home/user/.m2/repository/com/google/protobuf/protobuf-java-util/3.5.1/protobuf-java-util-3.5.1.jar:/home/user/.m2/repository/org/apache/hadoop/hadoop-hdds-config/0.5.0-SNAPSHOT/hadoop-hdds-config-0.5.0-SNAPSHOT.jar:/home/user/.m2/repository/io/grpc/grpc-netty/1.17.1/grpc-netty-1.17.1.jar:/home/user/.m2/repository/io/grpc/grpc-core/1.17.1/grpc-core-1.17.1.jar:/home/user/.m2/repository/io/grpc/grpc-context/1.17.1/grpc-context-1.17.1.jar:/home/user/.m2/repository/com/google/errorprone/error_prone_annotations/2.2.0/error_prone_annotations-2.2.0.jar:/home/user/.m2/repository/org/codehaus/mojo/animal-sniffer-annotations/1.17/animal-sniffer-annotations-1.17.jar:/home/user/.m2/repository/io/opencensus/opencensus-api/0.17.0/opencensus-api-0.17.0.jar:/home/user/.m2/repository/io/opencensus/opencensus-contrib-grpc-metrics/0.17.0/opencensus-contrib-grpc-metrics-0.17.0.jar:/home/user/.m2/repository/io/netty/netty-codec-http2/4.1.30.Final/netty-codec-http2-4.1.30.Final.jar:/home/user/.m2/repository/io/netty/netty-codec-http/4.1.30.Final/netty-codec-http-4.1.30.Final.jar:/home/user/.m2/repository/io/netty/netty-codec/4.1.30.Final/netty-codec-4.1.30.Final.jar:/home/user/.m2/repository/io/netty/netty-handler/4.1.30.Final/netty-handler-4.1.30.Final.jar:/home/user/.m2/repository/io/netty/netty-handler-proxy/4.1.30.Final/netty-handler-proxy-4.1.30.Final.jar:/home/user/.m2/repository/io/netty/netty-codec-socks/4.1.30.Final/netty-codec-socks-4.1.30.Final.jar:/home/user/.m2/repository/io/netty/netty-transport-native-epoll/4.1.30.Final/netty-transport-native-epoll-4.1.30.Final.jar:/home/user/.m2/repository/io/netty/netty-common/4.1.30.Final/netty-common-4.1.30.Final.jar:/home/user/.m2/repository/io/netty/netty-buffer/4.1.30.Final/netty-buffer-4.1.30.Final.jar:/home/user/.m2/repository/io/netty/netty-transport/4.1.30.Final/netty-transport-4.1.30.Final.jar:/home/user/.m2/repository/io/netty/netty-resolver/4.1.30.Final/netty-resolver-4.1.30.Final.jar:/home/user/.m2/repository/io/netty/netty-transport-native-unix-common/4.1.30.Final/netty-transport-native-unix-common-4.1.30.Final.jar:/home/user/.m2/repository/io/grpc/grpc-protobuf/1.17.1/grpc-protobuf-1.17.1.jar:/home/user/.m2/repository/com/google/api/grpc/proto-google-common-protos/1.0.0/proto-google-common-protos-1.0.0.jar:/home/user/.m2/repository/io/grpc/grpc-protobuf-lite/1.17.1/grpc-protobuf-lite-1.17.1.jar:/home/user/.m2/repository/io/grpc/grpc-stub/1.17.1/grpc-stub-1.17.1.jar:/home/user/.m2/repository/org/apache/hadoop/hadoop-ozone-recon/0.5.0-SNAPSHOT/hadoop-ozone-recon-0.5.0-SNAPSHOT.jar:/home/user/.m2/repository/org/apache/hadoop/hadoop-ozone-reconcodegen/0.5.0-SNAPSHOT/hadoop-ozone-reconcodegen-0.5.0-SNAPSHOT.jar:/home/user/.m2/repository/com/google/inject/extensions/guice-multibindings/4.0/guice-multibindings-4.0.jar:/home/user/.m2/repository/com/google/inject/guice/4.0/guice-4.0.jar:/home/user/.m2/repository/aopalliance/aopalliance/1.0/aopalliance-1.0.jar:/home/user/.m2/repository/com/google/inject/extensions/guice-servlet/4.0/guice-servlet-4.0.jar:/home/user/.m2/repository/org/glassfish/jersey/containers/jersey-container-servlet/2.27/jersey-container-servlet-2.27.jar:/home/user/.m2/repository/org/glassfish/hk2/guice-bridge/2.5.0/guice-bridge-2.5.0.jar:/home/user/.m2/repository/org/glassfish/jersey/core/jersey-server/2.27/jersey-server-2.27.jar:/home/user/.m2/repository/org/glassfish/jersey/core/jersey-client/2.27/jersey-client-2.27.jar:/home/user/.m2/repository/org/glassfish/jersey/media/jersey-media-jaxb/2.27/jersey-media-jaxb-2.27.jar:/home/user/.m2/repository/javax/validation/validation-api/1.1.0.Final/validation-api-1.1.0.Final.jar:/home/user/.m2/repository/org/glassfish/jersey/media/jersey-media-json-jackson/2.27/jersey-media-json-jackson-2.27.jar:/home/user/.m2/repository/org/glassfish/jersey/ext/jersey-entity-filtering/2.27/jersey-entity-filtering-2.27.jar:/home/user/.m2/repository/com/google/inject/extensions/guice-assistedinject/4.0/guice-assistedinject-4.0.jar:/home/user/.m2/repository/org/jooq/jooq/3.11.10/jooq-3.11.10.jar:/home/user/.m2/repository/org/jooq/jooq-meta/3.11.10/jooq-meta-3.11.10.jar:/home/user/.m2/repository/org/jooq/jooq-codegen/3.11.10/jooq-codegen-3.11.10.jar:/home/user/.m2/repository/com/jolbox/bonecp/0.8.0.RELEASE/bonecp-0.8.0.RELEASE.jar:/home/user/.m2/repository/org/xerial/sqlite-jdbc/3.25.2/sqlite-jdbc-3.25.2.jar:/home/user/.m2/repository/org/springframework/spring-jdbc/5.1.3.RELEASE/spring-jdbc-5.1.3.RELEASE.jar:/home/user/.m2/repository/org/springframework/spring-beans/5.1.3.RELEASE/spring-beans-5.1.3.RELEASE.jar:/home/user/.m2/repository/org/springframework/spring-core/5.1.3.RELEASE/spring-core-5.1.3.RELEASE.jar:/home/user/.m2/repository/org/springframework/spring-jcl/5.1.3.RELEASE/spring-jcl-5.1.3.RELEASE.jar:/home/user/.m2/repository/org/springframework/spring-tx/5.1.3.RELEASE/spring-tx-5.1.3.RELEASE.jar:/home/user/.m2/repository/org/apache/hadoop/hadoop-ozone-client/0.5.0-SNAPSHOT/hadoop-ozone-client-0.5.0-SNAPSHOT.jar:/home/user/.m2/repository/commons-lang/commons-lang/2.6/commons-lang-2.6.jar:/home/user/.m2/repository/org/apache/hadoop/hadoop-ozone-ozone-manager/0.5.0-SNAPSHOT/hadoop-ozone-ozone-manager-0.5.0-SNAPSHOT-tests.jar:/home/user/.m2/repository/junit/junit/4.11/junit-4.11.jar:/home/user/.m2/repository/org/hamcrest/hamcrest-core/1.3/hamcrest-core-1.3.jar:/home/user/.m2/repository/org/openjdk/jmh/jmh-core/1.19/jmh-core-1.19.jar:/home/user/.m2/repository/net/sf/jopt-simple/jopt-simple/4.6/jopt-simple-4.6.jar:/home/user/.m2/repository/org/apache/commons/commons-math3/3.1.1/commons-math3-3.1.1.jar:/home/user/.m2/repository/org/openjdk/jmh/jmh-generator-annprocess/1.19/jmh-generator-annprocess-1.19.jar:/home/user/.m2/repository/org/mockito/mockito-all/1.8.5/mockito-all-1.8.5.jar:/home/user/.m2/repository/org/apache/hadoop/hadoop-kms/3.2.0/hadoop-kms-3.2.0.jar:/home/user/.m2/repository/org/apache/hadoop/hadoop-auth/3.2.0/hadoop-auth-3.2.0.jar:/home/user/.m2/repository/com/nimbusds/nimbus-jose-jwt/4.41.1/nimbus-jose-jwt-4.41.1.jar:/home/user/.m2/repository/com/github/stephenc/jcip/jcip-annotations/1.0-1/jcip-annotations-1.0-1.jar:/home/user/.m2/repository/net/minidev/json-smart/2.3/json-smart-2.3.jar:/home/user/.m2/repository/net/minidev/accessors-smart/1.2/accessors-smart-1.2.jar:/home/user/.m2/repository/org/ow2/asm/asm/5.0.4/asm-5.0.4.jar:/home/user/.m2/repository/org/apache/curator/curator-framework/2.12.0/curator-framework-2.12.0.jar:/home/user/.m2/repository/com/sun/jersey/jersey-core/1.19/jersey-core-1.19.jar:/home/user/.m2/repository/javax/ws/rs/jsr311-api/1.1.1/jsr311-api-1.1.1.jar:/home/user/.m2/repository/com/sun/jersey/jersey-server/1.19/jersey-server-1.19.jar:/home/user/.m2/repository/javax/servlet/javax.servlet-api/3.1.0/javax.servlet-api-3.1.0.jar:/home/user/.m2/repository/org/eclipse/jetty/jetty-server/9.3.25.v20180904/jetty-server-9.3.25.v20180904.jar:/home/user/.m2/repository/org/eclipse/jetty/jetty-http/9.3.25.v20180904/jetty-http-9.3.25.v20180904.jar:/home/user/.m2/repository/org/eclipse/jetty/jetty-io/9.3.25.v20180904/jetty-io-9.3.25.v20180904.jar:/home/user/.m2/repository/org/eclipse/jetty/jetty-webapp/9.3.25.v20180904/jetty-webapp-9.3.25.v20180904.jar:/home/user/.m2/repository/org/eclipse/jetty/jetty-xml/9.3.25.v20180904/jetty-xml-9.3.25.v20180904.jar:/home/user/.m2/repository/log4j/log4j/1.2.17/log4j-1.2.17.jar:/home/user/.m2/repository/org/slf4j/slf4j-api/1.7.25/slf4j-api-1.7.25.jar:/home/user/.m2/repository/org/slf4j/jul-to-slf4j/1.7.25/jul-to-slf4j-1.7.25.jar:/home/user/.m2/repository/org/eclipse/jetty/jetty-util/9.3.25.v20180904/jetty-util-9.3.25.v20180904.jar:/home/user/.m2/repository/com/fasterxml/jackson/core/jackson-databind/2.9.9/jackson-databind-2.9.9.jar:/home/user/.m2/repository/org/apache/hadoop/hadoop-kms/3.2.0/hadoop-kms-3.2.0-tests.jar:/home/user/.m2/repository/org/apache/hadoop/hadoop-hdds-server-scm/0.5.0-SNAPSHOT/hadoop-hdds-server-scm-0.5.0-SNAPSHOT-tests.jar:/home/user/.m2/repository/org/apache/hadoop/hadoop-hdds-container-service/0.5.0-SNAPSHOT/hadoop-hdds-container-service-0.5.0-SNAPSHOT-tests.jar:/home/user/.m2/repository/org/yaml/snakeyaml/1.16/snakeyaml-1.16.jar:/home/user/.m2/repository/org/apache/hadoop/hadoop-common/3.2.0/hadoop-common-3.2.0-tests.jar:/home/user/.m2/repository/org/apache/hadoop/hadoop-annotations/3.2.0/hadoop-annotations-3.2.0.jar:/usr/lib/jvm/java-1.8-openjdk/jre/../lib/tools.jar:/home/user/.m2/repository/commons-cli/commons-cli/1.2/commons-cli-1.2.jar:/home/user/.m2/repository/org/apache/httpcomponents/httpclient/4.5.2/httpclient-4.5.2.jar:/home/user/.m2/repository/org/apache/httpcomponents/httpcore/4.4.4/httpcore-4.4.4.jar:/home/user/.m2/repository/commons-codec/commons-codec/1.11/commons-codec-1.11.jar:/home/user/.m2/repository/commons-net/commons-net/3.6/commons-net-3.6.jar:/home/user/.m2/repository/commons-collections/commons-collections/3.2.2/commons-collections-3.2.2.jar:/home/user/.m2/repository/org/eclipse/jetty/jetty-servlet/9.3.25.v20180904/jetty-servlet-9.3.25.v20180904.jar:/home/user/.m2/repository/org/eclipse/jetty/jetty-security/9.3.25.v20180904/jetty-security-9.3.25.v20180904.jar:/home/user/.m2/repository/javax/servlet/jsp/jsp-api/2.1/jsp-api-2.1.jar:/home/user/.m2/repository/com/sun/jersey/jersey-servlet/1.19/jersey-servlet-1.19.jar:/home/user/.m2/repository/com/sun/jersey/jersey-json/1.19/jersey-json-1.19.jar:/home/user/.m2/repository/org/codehaus/jettison/jettison/1.1/jettison-1.1.jar:/home/user/.m2/repository/org/codehaus/jackson/jackson-core-asl/1.9.13/jackson-core-asl-1.9.13.jar:/home/user/.m2/repository/org/codehaus/jackson/jackson-mapper-asl/1.9.13/jackson-mapper-asl-1.9.13.jar:/home/user/.m2/repository/org/codehaus/jackson/jackson-jaxrs/1.9.13/jackson-jaxrs-1.9.13.jar:/home/user/.m2/repository/org/codehaus/jackson/jackson-xc/1.9.13/jackson-xc-1.9.13.jar:/home/user/.m2/repository/commons-logging/commons-logging/1.1.3/commons-logging-1.1.3.jar:/home/user/.m2/repository/commons-beanutils/commons-beanutils/1.9.4/commons-beanutils-1.9.4.jar:/home/user/.m2/repository/org/apache/commons/commons-configuration2/2.1.1/commons-configuration2-2.1.1.jar:/home/user/.m2/repository/org/apache/commons/commons-lang3/3.7/commons-lang3-3.7.jar:/home/user/.m2/repository/org/apache/commons/commons-text/1.4/commons-text-1.4.jar:/home/user/.m2/repository/org/apache/avro/avro/1.7.7/avro-1.7.7.jar:/home/user/.m2/repository/com/thoughtworks/paranamer/paranamer/2.3/paranamer-2.3.jar:/home/user/.m2/repository/org/xerial/snappy/snappy-java/1.0.5/snappy-java-1.0.5.jar:/home/user/.m2/repository/com/google/re2j/re2j/1.1/re2j-1.1.jar:/home/user/.m2/repository/com/google/code/gson/gson/2.2.4/gson-2.2.4.jar:/home/user/.m2/repository/com/jcraft/jsch/0.1.54/jsch-0.1.54.jar:/home/user/.m2/repository/org/apache/curator/curator-client/2.12.0/curator-client-2.12.0.jar:/home/user/.m2/repository/org/apache/curator/curator-recipes/2.12.0/curator-recipes-2.12.0.jar:/home/user/.m2/repository/com/google/code/findbugs/jsr305/3.0.0/jsr305-3.0.0.jar:/home/user/.m2/repository/org/apache/htrace/htrace-core4/4.1.0-incubating/htrace-core4-4.1.0-incubating.jar:/home/user/.m2/repository/org/apache/zookeeper/zookeeper/3.4.13/zookeeper-3.4.13.jar:/home/user/.m2/repository/jline/jline/0.9.94/jline-0.9.94.jar:/home/user/.m2/repository/org/apache/yetus/audience-annotations/0.5.0/audience-annotations-0.5.0.jar:/home/user/.m2/repository/org/codehaus/woodstox/stax2-api/3.1.4/stax2-api-3.1.4.jar:/home/user/.m2/repository/com/fasterxml/woodstox/woodstox-core/5.0.3/woodstox-core-5.0.3.jar:/home/user/.m2/repository/dnsjava/dnsjava/2.1.7/dnsjava-2.1.7.jar:/home/user/.m2/repository/org/apache/hadoop/hadoop-hdfs/3.2.0/hadoop-hdfs-3.2.0-tests.jar:/home/user/.m2/repository/org/eclipse/jetty/jetty-util-ajax/9.3.25.v20180904/jetty-util-ajax-9.3.25.v20180904.jar:/home/user/.m2/repository/commons-daemon/commons-daemon/1.0.13/commons-daemon-1.0.13.jar:/home/user/.m2/repository/io/netty/netty/3.10.5.Final/netty-3.10.5.Final.jar:/home/user/.m2/repository/io/netty/netty-all/4.0.52.Final/netty-all-4.0.52.Final.jar:/home/user/.m2/repository/org/fusesource/leveldbjni/leveldbjni-all/1.8/leveldbjni-all-1.8.jar:"/>
    <property name="java.vm.vendor" value="IcedTea"/>
    <property name="sun.arch.data.model" value="64"/>
    <property name="test.build.dir" value="/workdir/hadoop-ozone/integration-test/target/test-dir"/>
    <property name="test.cache.data" value=""/>
    <property name="java.vendor.url" value="https://icedtea.classpath.org"/>
    <property name="user.timezone" value=""/>
    <property name="java.vm.specification.version" value="1.8"/>
    <property name="os.name" value="Linux"/>
    <property name="test.build.data" value="/workdir/hadoop-ozone/integration-test/target/test-dir"/>
    <property name="user.country" value="US"/>
    <property name="sun.java.launcher" value="SUN_STANDARD"/>
    <property name="sun.boot.library.path" value="/usr/lib/jvm/java-1.8-openjdk/jre/lib/amd64"/>
    <property name="sun.java.command" value="/workdir/hadoop-ozone/integration-test/target/surefire/surefirebooter1332689461848220514.jar /workdir/hadoop-ozone/integration-test/target/surefire 2019-10-07T11-06-07_216-jvmRun1 surefire7286414791794931399tmp surefire_563705056405209410851tmp"/>
    <property name="test" value="!TestMiniChaosOzoneCluster"/>
    <property name="surefire.test.class.path" value="/workdir/hadoop-ozone/integration-test/target/test-classes:/workdir/hadoop-ozone/integration-test/target/classes:/home/user/.m2/repository/org/apache/hadoop/hadoop-ozone-common/0.5.0-SNAPSHOT/hadoop-ozone-common-0.5.0-SNAPSHOT.jar:/home/user/.m2/repository/org/apache/commons/commons-compress/1.4.1/commons-compress-1.4.1.jar:/home/user/.m2/repository/org/tukaani/xz/1.0/xz-1.0.jar:/home/user/.m2/repository/org/apache/hadoop/hadoop-common/3.2.0/hadoop-common-3.2.0.jar:/home/user/.m2/repository/org/apache/hadoop/hadoop-hdfs/3.2.0/hadoop-hdfs-3.2.0.jar:/home/user/.m2/repository/org/apache/hadoop/hadoop-hdfs-client/3.2.0/hadoop-hdfs-client-3.2.0.jar:/home/user/.m2/repository/com/fasterxml/jackson/core/jackson-annotations/2.9.9/jackson-annotations-2.9.9.jar:/home/user/.m2/repository/org/apache/hadoop/hadoop-hdds-common/0.5.0-SNAPSHOT/hadoop-hdds-common-0.5.0-SNAPSHOT.jar:/home/user/.m2/repository/javax/annotation/javax.annotation-api/1.2/javax.annotation-api-1.2.jar:/home/user/.m2/repository/org/apache/ratis/ratis-server/0.5.0-201fc85-SNAPSHOT/ratis-server-0.5.0-201fc85-SNAPSHOT.jar:/home/user/.m2/repository/org/apache/ratis/ratis-thirdparty-misc/0.2.0/ratis-thirdparty-misc-0.2.0.jar:/home/user/.m2/repository/org/apache/ratis/ratis-proto/0.5.0-201fc85-SNAPSHOT/ratis-proto-0.5.0-201fc85-SNAPSHOT.jar:/home/user/.m2/repository/org/apache/ratis/ratis-common/0.5.0-201fc85-SNAPSHOT/ratis-common-0.5.0-201fc85-SNAPSHOT.jar:/home/user/.m2/repository/org/apache/ratis/ratis-client/0.5.0-201fc85-SNAPSHOT/ratis-client-0.5.0-201fc85-SNAPSHOT.jar:/home/user/.m2/repository/org/apache/ratis/ratis-metrics/0.5.0-201fc85-SNAPSHOT/ratis-metrics-0.5.0-201fc85-SNAPSHOT.jar:/home/user/.m2/repository/com/github/joshelser/dropwizard-metrics-hadoop-metrics2-reporter/0.1.2/dropwizard-metrics-hadoop-metrics2-reporter-0.1.2.jar:/home/user/.m2/repository/io/dropwizard/metrics/metrics-jvm/3.2.5/metrics-jvm-3.2.5.jar:/home/user/.m2/repository/io/dropwizard/metrics/metrics-ganglia/3.2.5/metrics-ganglia-3.2.5.jar:/home/user/.m2/repository/info/ganglia/gmetric4j/gmetric4j/1.0.7/gmetric4j-1.0.7.jar:/home/user/.m2/repository/org/apache/ratis/ratis-netty/0.5.0-201fc85-SNAPSHOT/ratis-netty-0.5.0-201fc85-SNAPSHOT.jar:/home/user/.m2/repository/org/apache/ratis/ratis-grpc/0.5.0-201fc85-SNAPSHOT/ratis-grpc-0.5.0-201fc85-SNAPSHOT.jar:/home/user/.m2/repository/org/rocksdb/rocksdbjni/6.0.1/rocksdbjni-6.0.1.jar:/home/user/.m2/repository/org/apache/logging/log4j/log4j-api/2.11.0/log4j-api-2.11.0.jar:/home/user/.m2/repository/org/apache/logging/log4j/log4j-core/2.11.0/log4j-core-2.11.0.jar:/home/user/.m2/repository/com/lmax/disruptor/3.4.2/disruptor-3.4.2.jar:/home/user/.m2/repository/org/apache/commons/commons-pool2/2.6.0/commons-pool2-2.6.0.jar:/home/user/.m2/repository/org/bouncycastle/bcpkix-jdk15on/1.60/bcpkix-jdk15on-1.60.jar:/home/user/.m2/repository/commons-validator/commons-validator/1.6/commons-validator-1.6.jar:/home/user/.m2/repository/commons-digester/commons-digester/1.8.1/commons-digester-1.8.1.jar:/home/user/.m2/repository/io/jaegertracing/jaeger-client/0.34.0/jaeger-client-0.34.0.jar:/home/user/.m2/repository/io/jaegertracing/jaeger-thrift/0.34.0/jaeger-thrift-0.34.0.jar:/home/user/.m2/repository/org/apache/thrift/libthrift/0.12.0/libthrift-0.12.0.jar:/home/user/.m2/repository/com/squareup/okhttp3/okhttp/3.9.0/okhttp-3.9.0.jar:/home/user/.m2/repository/com/squareup/okio/okio/1.13.0/okio-1.13.0.jar:/home/user/.m2/repository/io/jaegertracing/jaeger-core/0.34.0/jaeger-core-0.34.0.jar:/home/user/.m2/repository/io/jaegertracing/jaeger-tracerresolver/0.34.0/jaeger-tracerresolver-0.34.0.jar:/home/user/.m2/repository/io/opentracing/contrib/opentracing-tracerresolver/0.1.5/opentracing-tracerresolver-0.1.5.jar:/home/user/.m2/repository/io/opentracing/opentracing-util/0.31.0/opentracing-util-0.31.0.jar:/home/user/.m2/repository/io/opentracing/opentracing-api/0.31.0/opentracing-api-0.31.0.jar:/home/user/.m2/repository/io/opentracing/opentracing-noop/0.31.0/opentracing-noop-0.31.0.jar:/home/user/.m2/repository/org/apache/hadoop/hadoop-hdds-server-framework/0.5.0-SNAPSHOT/hadoop-hdds-server-framework-0.5.0-SNAPSHOT.jar:/home/user/.m2/repository/org/apache/hadoop/hadoop-hdds-container-service/0.5.0-SNAPSHOT/hadoop-hdds-container-service-0.5.0-SNAPSHOT.jar:/home/user/.m2/repository/org/apache/hadoop/hadoop-hdds-client/0.5.0-SNAPSHOT/hadoop-hdds-client-0.5.0-SNAPSHOT.jar:/home/user/.m2/repository/org/apache/hadoop/hadoop-hdds-tools/0.5.0-SNAPSHOT/hadoop-hdds-tools-0.5.0-SNAPSHOT.jar:/home/user/.m2/repository/org/apache/hadoop/hadoop-hdds-server-scm/0.5.0-SNAPSHOT/hadoop-hdds-server-scm-0.5.0-SNAPSHOT.jar:/home/user/.m2/repository/org/apache/hadoop/hadoop-hdds-docs/0.5.0-SNAPSHOT/hadoop-hdds-docs-0.5.0-SNAPSHOT.jar:/home/user/.m2/repository/io/dropwizard/metrics/metrics-core/3.2.4/metrics-core-3.2.4.jar:/home/user/.m2/repository/org/hamcrest/hamcrest-all/1.3/hamcrest-all-1.3.jar:/home/user/.m2/repository/org/bouncycastle/bcprov-jdk15on/1.60/bcprov-jdk15on-1.60.jar:/home/user/.m2/repository/info/picocli/picocli/3.9.6/picocli-3.9.6.jar:/home/user/.m2/repository/com/google/protobuf/protobuf-java/2.5.0/protobuf-java-2.5.0.jar:/home/user/.m2/repository/com/google/guava/guava/11.0.2/guava-11.0.2.jar:/home/user/.m2/repository/org/apache/hadoop/hadoop-ozone-ozone-manager/0.5.0-SNAPSHOT/hadoop-ozone-ozone-manager-0.5.0-SNAPSHOT.jar:/home/user/.m2/repository/org/apache/hadoop/hadoop-minikdc/3.2.0/hadoop-minikdc-3.2.0.jar:/home/user/.m2/repository/commons-io/commons-io/2.5/commons-io-2.5.jar:/home/user/.m2/repository/org/apache/kerby/kerb-simplekdc/1.0.1/kerb-simplekdc-1.0.1.jar:/home/user/.m2/repository/org/apache/kerby/kerb-client/1.0.1/kerb-client-1.0.1.jar:/home/user/.m2/repository/org/apache/kerby/kerby-config/1.0.1/kerby-config-1.0.1.jar:/home/user/.m2/repository/org/apache/kerby/kerb-core/1.0.1/kerb-core-1.0.1.jar:/home/user/.m2/repository/org/apache/kerby/kerby-pkix/1.0.1/kerby-pkix-1.0.1.jar:/home/user/.m2/repository/org/apache/kerby/kerby-asn1/1.0.1/kerby-asn1-1.0.1.jar:/home/user/.m2/repository/org/apache/kerby/kerby-util/1.0.1/kerby-util-1.0.1.jar:/home/user/.m2/repository/org/apache/kerby/kerb-common/1.0.1/kerb-common-1.0.1.jar:/home/user/.m2/repository/org/apache/kerby/kerb-crypto/1.0.1/kerb-crypto-1.0.1.jar:/home/user/.m2/repository/org/apache/kerby/kerb-util/1.0.1/kerb-util-1.0.1.jar:/home/user/.m2/repository/org/apache/kerby/token-provider/1.0.1/token-provider-1.0.1.jar:/home/user/.m2/repository/org/apache/kerby/kerb-admin/1.0.1/kerb-admin-1.0.1.jar:/home/user/.m2/repository/org/apache/kerby/kerb-server/1.0.1/kerb-server-1.0.1.jar:/home/user/.m2/repository/org/apache/kerby/kerb-identity/1.0.1/kerb-identity-1.0.1.jar:/home/user/.m2/repository/org/apache/kerby/kerby-xdr/1.0.1/kerby-xdr-1.0.1.jar:/home/user/.m2/repository/org/slf4j/slf4j-log4j12/1.7.25/slf4j-log4j12-1.7.25.jar:/home/user/.m2/repository/org/apache/hadoop/hadoop-ozone-s3gateway/0.5.0-SNAPSHOT/hadoop-ozone-s3gateway-0.5.0-SNAPSHOT.jar:/home/user/.m2/repository/org/jboss/weld/servlet/weld-servlet/2.4.7.Final/weld-servlet-2.4.7.Final.jar:/home/user/.m2/repository/org/glassfish/jersey/containers/jersey-container-servlet-core/2.27/jersey-container-servlet-core-2.27.jar:/home/user/.m2/repository/org/glassfish/hk2/external/javax.inject/2.5.0-b42/javax.inject-2.5.0-b42.jar:/home/user/.m2/repository/org/glassfish/jersey/core/jersey-common/2.27/jersey-common-2.27.jar:/home/user/.m2/repository/org/glassfish/hk2/osgi-resource-locator/1.0.1/osgi-resource-locator-1.0.1.jar:/home/user/.m2/repository/javax/ws/rs/javax.ws.rs-api/2.1/javax.ws.rs-api-2.1.jar:/home/user/.m2/repository/org/glassfish/jersey/ext/cdi/jersey-cdi1x/2.27/jersey-cdi1x-2.27.jar:/home/user/.m2/repository/org/glassfish/jersey/inject/jersey-hk2/2.27/jersey-hk2-2.27.jar:/home/user/.m2/repository/org/glassfish/hk2/hk2-locator/2.5.0-b42/hk2-locator-2.5.0-b42.jar:/home/user/.m2/repository/org/javassist/javassist/3.22.0-CR2/javassist-3.22.0-CR2.jar:/home/user/.m2/repository/org/glassfish/hk2/hk2-api/2.5.0/hk2-api-2.5.0.jar:/home/user/.m2/repository/org/glassfish/hk2/external/jakarta.inject/2.5.0/jakarta.inject-2.5.0.jar:/home/user/.m2/repository/org/glassfish/hk2/hk2-utils/2.5.0/hk2-utils-2.5.0.jar:/home/user/.m2/repository/jakarta/annotation/jakarta.annotation-api/1.3.4/jakarta.annotation-api-1.3.4.jar:/home/user/.m2/repository/org/glassfish/hk2/external/aopalliance-repackaged/2.5.0/aopalliance-repackaged-2.5.0.jar:/home/user/.m2/repository/com/fasterxml/jackson/dataformat/jackson-dataformat-xml/2.9.0/jackson-dataformat-xml-2.9.0.jar:/home/user/.m2/repository/com/fasterxml/jackson/core/jackson-core/2.9.9/jackson-core-2.9.9.jar:/home/user/.m2/repository/com/fasterxml/jackson/module/jackson-module-jaxb-annotations/2.9.9/jackson-module-jaxb-annotations-2.9.9.jar:/home/user/.m2/repository/javax/enterprise/cdi-api/1.2/cdi-api-1.2.jar:/home/user/.m2/repository/javax/el/javax.el-api/3.0.0/javax.el-api-3.0.0.jar:/home/user/.m2/repository/javax/interceptor/javax.interceptor-api/1.2/javax.interceptor-api-1.2.jar:/home/user/.m2/repository/javax/inject/javax.inject/1/javax.inject-1.jar:/home/user/.m2/repository/com/sun/xml/bind/jaxb-impl/2.3.0.1/jaxb-impl-2.3.0.1.jar:/home/user/.m2/repository/com/sun/xml/bind/jaxb-core/2.3.0.1/jaxb-core-2.3.0.1.jar:/home/user/.m2/repository/javax/xml/bind/jaxb-api/2.3.0/jaxb-api-2.3.0.jar:/home/user/.m2/repository/javax/activation/activation/1.1.1/activation-1.1.1.jar:/home/user/.m2/repository/org/apache/hadoop/hadoop-ozone-csi/0.5.0-SNAPSHOT/hadoop-ozone-csi-0.5.0-SNAPSHOT.jar:/home/user/.m2/repository/com/google/protobuf/protobuf-java-util/3.5.1/protobuf-java-util-3.5.1.jar:/home/user/.m2/repository/org/apache/hadoop/hadoop-hdds-config/0.5.0-SNAPSHOT/hadoop-hdds-config-0.5.0-SNAPSHOT.jar:/home/user/.m2/repository/io/grpc/grpc-netty/1.17.1/grpc-netty-1.17.1.jar:/home/user/.m2/repository/io/grpc/grpc-core/1.17.1/grpc-core-1.17.1.jar:/home/user/.m2/repository/io/grpc/grpc-context/1.17.1/grpc-context-1.17.1.jar:/home/user/.m2/repository/com/google/errorprone/error_prone_annotations/2.2.0/error_prone_annotations-2.2.0.jar:/home/user/.m2/repository/org/codehaus/mojo/animal-sniffer-annotations/1.17/animal-sniffer-annotations-1.17.jar:/home/user/.m2/repository/io/opencensus/opencensus-api/0.17.0/opencensus-api-0.17.0.jar:/home/user/.m2/repository/io/opencensus/opencensus-contrib-grpc-metrics/0.17.0/opencensus-contrib-grpc-metrics-0.17.0.jar:/home/user/.m2/repository/io/netty/netty-codec-http2/4.1.30.Final/netty-codec-http2-4.1.30.Final.jar:/home/user/.m2/repository/io/netty/netty-codec-http/4.1.30.Final/netty-codec-http-4.1.30.Final.jar:/home/user/.m2/repository/io/netty/netty-codec/4.1.30.Final/netty-codec-4.1.30.Final.jar:/home/user/.m2/repository/io/netty/netty-handler/4.1.30.Final/netty-handler-4.1.30.Final.jar:/home/user/.m2/repository/io/netty/netty-handler-proxy/4.1.30.Final/netty-handler-proxy-4.1.30.Final.jar:/home/user/.m2/repository/io/netty/netty-codec-socks/4.1.30.Final/netty-codec-socks-4.1.30.Final.jar:/home/user/.m2/repository/io/netty/netty-transport-native-epoll/4.1.30.Final/netty-transport-native-epoll-4.1.30.Final.jar:/home/user/.m2/repository/io/netty/netty-common/4.1.30.Final/netty-common-4.1.30.Final.jar:/home/user/.m2/repository/io/netty/netty-buffer/4.1.30.Final/netty-buffer-4.1.30.Final.jar:/home/user/.m2/repository/io/netty/netty-transport/4.1.30.Final/netty-transport-4.1.30.Final.jar:/home/user/.m2/repository/io/netty/netty-resolver/4.1.30.Final/netty-resolver-4.1.30.Final.jar:/home/user/.m2/repository/io/netty/netty-transport-native-unix-common/4.1.30.Final/netty-transport-native-unix-common-4.1.30.Final.jar:/home/user/.m2/repository/io/grpc/grpc-protobuf/1.17.1/grpc-protobuf-1.17.1.jar:/home/user/.m2/repository/com/google/api/grpc/proto-google-common-protos/1.0.0/proto-google-common-protos-1.0.0.jar:/home/user/.m2/repository/io/grpc/grpc-protobuf-lite/1.17.1/grpc-protobuf-lite-1.17.1.jar:/home/user/.m2/repository/io/grpc/grpc-stub/1.17.1/grpc-stub-1.17.1.jar:/home/user/.m2/repository/org/apache/hadoop/hadoop-ozone-recon/0.5.0-SNAPSHOT/hadoop-ozone-recon-0.5.0-SNAPSHOT.jar:/home/user/.m2/repository/org/apache/hadoop/hadoop-ozone-reconcodegen/0.5.0-SNAPSHOT/hadoop-ozone-reconcodegen-0.5.0-SNAPSHOT.jar:/home/user/.m2/repository/com/google/inject/extensions/guice-multibindings/4.0/guice-multibindings-4.0.jar:/home/user/.m2/repository/com/google/inject/guice/4.0/guice-4.0.jar:/home/user/.m2/repository/aopalliance/aopalliance/1.0/aopalliance-1.0.jar:/home/user/.m2/repository/com/google/inject/extensions/guice-servlet/4.0/guice-servlet-4.0.jar:/home/user/.m2/repository/org/glassfish/jersey/containers/jersey-container-servlet/2.27/jersey-container-servlet-2.27.jar:/home/user/.m2/repository/org/glassfish/hk2/guice-bridge/2.5.0/guice-bridge-2.5.0.jar:/home/user/.m2/repository/org/glassfish/jersey/core/jersey-server/2.27/jersey-server-2.27.jar:/home/user/.m2/repository/org/glassfish/jersey/core/jersey-client/2.27/jersey-client-2.27.jar:/home/user/.m2/repository/org/glassfish/jersey/media/jersey-media-jaxb/2.27/jersey-media-jaxb-2.27.jar:/home/user/.m2/repository/javax/validation/validation-api/1.1.0.Final/validation-api-1.1.0.Final.jar:/home/user/.m2/repository/org/glassfish/jersey/media/jersey-media-json-jackson/2.27/jersey-media-json-jackson-2.27.jar:/home/user/.m2/repository/org/glassfish/jersey/ext/jersey-entity-filtering/2.27/jersey-entity-filtering-2.27.jar:/home/user/.m2/repository/com/google/inject/extensions/guice-assistedinject/4.0/guice-assistedinject-4.0.jar:/home/user/.m2/repository/org/jooq/jooq/3.11.10/jooq-3.11.10.jar:/home/user/.m2/repository/org/jooq/jooq-meta/3.11.10/jooq-meta-3.11.10.jar:/home/user/.m2/repository/org/jooq/jooq-codegen/3.11.10/jooq-codegen-3.11.10.jar:/home/user/.m2/repository/com/jolbox/bonecp/0.8.0.RELEASE/bonecp-0.8.0.RELEASE.jar:/home/user/.m2/repository/org/xerial/sqlite-jdbc/3.25.2/sqlite-jdbc-3.25.2.jar:/home/user/.m2/repository/org/springframework/spring-jdbc/5.1.3.RELEASE/spring-jdbc-5.1.3.RELEASE.jar:/home/user/.m2/repository/org/springframework/spring-beans/5.1.3.RELEASE/spring-beans-5.1.3.RELEASE.jar:/home/user/.m2/repository/org/springframework/spring-core/5.1.3.RELEASE/spring-core-5.1.3.RELEASE.jar:/home/user/.m2/repository/org/springframework/spring-jcl/5.1.3.RELEASE/spring-jcl-5.1.3.RELEASE.jar:/home/user/.m2/repository/org/springframework/spring-tx/5.1.3.RELEASE/spring-tx-5.1.3.RELEASE.jar:/home/user/.m2/repository/org/apache/hadoop/hadoop-ozone-client/0.5.0-SNAPSHOT/hadoop-ozone-client-0.5.0-SNAPSHOT.jar:/home/user/.m2/repository/commons-lang/commons-lang/2.6/commons-lang-2.6.jar:/home/user/.m2/repository/org/apache/hadoop/hadoop-ozone-ozone-manager/0.5.0-SNAPSHOT/hadoop-ozone-ozone-manager-0.5.0-SNAPSHOT-tests.jar:/home/user/.m2/repository/junit/junit/4.11/junit-4.11.jar:/home/user/.m2/repository/org/hamcrest/hamcrest-core/1.3/hamcrest-core-1.3.jar:/home/user/.m2/repository/org/openjdk/jmh/jmh-core/1.19/jmh-core-1.19.jar:/home/user/.m2/repository/net/sf/jopt-simple/jopt-simple/4.6/jopt-simple-4.6.jar:/home/user/.m2/repository/org/apache/commons/commons-math3/3.1.1/commons-math3-3.1.1.jar:/home/user/.m2/repository/org/openjdk/jmh/jmh-generator-annprocess/1.19/jmh-generator-annprocess-1.19.jar:/home/user/.m2/repository/org/mockito/mockito-all/1.8.5/mockito-all-1.8.5.jar:/home/user/.m2/repository/org/apache/hadoop/hadoop-kms/3.2.0/hadoop-kms-3.2.0.jar:/home/user/.m2/repository/org/apache/hadoop/hadoop-auth/3.2.0/hadoop-auth-3.2.0.jar:/home/user/.m2/repository/com/nimbusds/nimbus-jose-jwt/4.41.1/nimbus-jose-jwt-4.41.1.jar:/home/user/.m2/repository/com/github/stephenc/jcip/jcip-annotations/1.0-1/jcip-annotations-1.0-1.jar:/home/user/.m2/repository/net/minidev/json-smart/2.3/json-smart-2.3.jar:/home/user/.m2/repository/net/minidev/accessors-smart/1.2/accessors-smart-1.2.jar:/home/user/.m2/repository/org/ow2/asm/asm/5.0.4/asm-5.0.4.jar:/home/user/.m2/repository/org/apache/curator/curator-framework/2.12.0/curator-framework-2.12.0.jar:/home/user/.m2/repository/com/sun/jersey/jersey-core/1.19/jersey-core-1.19.jar:/home/user/.m2/repository/javax/ws/rs/jsr311-api/1.1.1/jsr311-api-1.1.1.jar:/home/user/.m2/repository/com/sun/jersey/jersey-server/1.19/jersey-server-1.19.jar:/home/user/.m2/repository/javax/servlet/javax.servlet-api/3.1.0/javax.servlet-api-3.1.0.jar:/home/user/.m2/repository/org/eclipse/jetty/jetty-server/9.3.25.v20180904/jetty-server-9.3.25.v20180904.jar:/home/user/.m2/repository/org/eclipse/jetty/jetty-http/9.3.25.v20180904/jetty-http-9.3.25.v20180904.jar:/home/user/.m2/repository/org/eclipse/jetty/jetty-io/9.3.25.v20180904/jetty-io-9.3.25.v20180904.jar:/home/user/.m2/repository/org/eclipse/jetty/jetty-webapp/9.3.25.v20180904/jetty-webapp-9.3.25.v20180904.jar:/home/user/.m2/repository/org/eclipse/jetty/jetty-xml/9.3.25.v20180904/jetty-xml-9.3.25.v20180904.jar:/home/user/.m2/repository/log4j/log4j/1.2.17/log4j-1.2.17.jar:/home/user/.m2/repository/org/slf4j/slf4j-api/1.7.25/slf4j-api-1.7.25.jar:/home/user/.m2/repository/org/slf4j/jul-to-slf4j/1.7.25/jul-to-slf4j-1.7.25.jar:/home/user/.m2/repository/org/eclipse/jetty/jetty-util/9.3.25.v20180904/jetty-util-9.3.25.v20180904.jar:/home/user/.m2/repository/com/fasterxml/jackson/core/jackson-databind/2.9.9/jackson-databind-2.9.9.jar:/home/user/.m2/repository/org/apache/hadoop/hadoop-kms/3.2.0/hadoop-kms-3.2.0-tests.jar:/home/user/.m2/repository/org/apache/hadoop/hadoop-hdds-server-scm/0.5.0-SNAPSHOT/hadoop-hdds-server-scm-0.5.0-SNAPSHOT-tests.jar:/home/user/.m2/repository/org/apache/hadoop/hadoop-hdds-container-service/0.5.0-SNAPSHOT/hadoop-hdds-container-service-0.5.0-SNAPSHOT-tests.jar:/home/user/.m2/repository/org/yaml/snakeyaml/1.16/snakeyaml-1.16.jar:/home/user/.m2/repository/org/apache/hadoop/hadoop-common/3.2.0/hadoop-common-3.2.0-tests.jar:/home/user/.m2/repository/org/apache/hadoop/hadoop-annotations/3.2.0/hadoop-annotations-3.2.0.jar:/usr/lib/jvm/java-1.8-openjdk/jre/../lib/tools.jar:/home/user/.m2/repository/commons-cli/commons-cli/1.2/commons-cli-1.2.jar:/home/user/.m2/repository/org/apache/httpcomponents/httpclient/4.5.2/httpclient-4.5.2.jar:/home/user/.m2/repository/org/apache/httpcomponents/httpcore/4.4.4/httpcore-4.4.4.jar:/home/user/.m2/repository/commons-codec/commons-codec/1.11/commons-codec-1.11.jar:/home/user/.m2/repository/commons-net/commons-net/3.6/commons-net-3.6.jar:/home/user/.m2/repository/commons-collections/commons-collections/3.2.2/commons-collections-3.2.2.jar:/home/user/.m2/repository/org/eclipse/jetty/jetty-servlet/9.3.25.v20180904/jetty-servlet-9.3.25.v20180904.jar:/home/user/.m2/repository/org/eclipse/jetty/jetty-security/9.3.25.v20180904/jetty-security-9.3.25.v20180904.jar:/home/user/.m2/repository/javax/servlet/jsp/jsp-api/2.1/jsp-api-2.1.jar:/home/user/.m2/repository/com/sun/jersey/jersey-servlet/1.19/jersey-servlet-1.19.jar:/home/user/.m2/repository/com/sun/jersey/jersey-json/1.19/jersey-json-1.19.jar:/home/user/.m2/repository/org/codehaus/jettison/jettison/1.1/jettison-1.1.jar:/home/user/.m2/repository/org/codehaus/jackson/jackson-core-asl/1.9.13/jackson-core-asl-1.9.13.jar:/home/user/.m2/repository/org/codehaus/jackson/jackson-mapper-asl/1.9.13/jackson-mapper-asl-1.9.13.jar:/home/user/.m2/repository/org/codehaus/jackson/jackson-jaxrs/1.9.13/jackson-jaxrs-1.9.13.jar:/home/user/.m2/repository/org/codehaus/jackson/jackson-xc/1.9.13/jackson-xc-1.9.13.jar:/home/user/.m2/repository/commons-logging/commons-logging/1.1.3/commons-logging-1.1.3.jar:/home/user/.m2/repository/commons-beanutils/commons-beanutils/1.9.4/commons-beanutils-1.9.4.jar:/home/user/.m2/repository/org/apache/commons/commons-configuration2/2.1.1/commons-configuration2-2.1.1.jar:/home/user/.m2/repository/org/apache/commons/commons-lang3/3.7/commons-lang3-3.7.jar:/home/user/.m2/repository/org/apache/commons/commons-text/1.4/commons-text-1.4.jar:/home/user/.m2/repository/org/apache/avro/avro/1.7.7/avro-1.7.7.jar:/home/user/.m2/repository/com/thoughtworks/paranamer/paranamer/2.3/paranamer-2.3.jar:/home/user/.m2/repository/org/xerial/snappy/snappy-java/1.0.5/snappy-java-1.0.5.jar:/home/user/.m2/repository/com/google/re2j/re2j/1.1/re2j-1.1.jar:/home/user/.m2/repository/com/google/code/gson/gson/2.2.4/gson-2.2.4.jar:/home/user/.m2/repository/com/jcraft/jsch/0.1.54/jsch-0.1.54.jar:/home/user/.m2/repository/org/apache/curator/curator-client/2.12.0/curator-client-2.12.0.jar:/home/user/.m2/repository/org/apache/curator/curator-recipes/2.12.0/curator-recipes-2.12.0.jar:/home/user/.m2/repository/com/google/code/findbugs/jsr305/3.0.0/jsr305-3.0.0.jar:/home/user/.m2/repository/org/apache/htrace/htrace-core4/4.1.0-incubating/htrace-core4-4.1.0-incubating.jar:/home/user/.m2/repository/org/apache/zookeeper/zookeeper/3.4.13/zookeeper-3.4.13.jar:/home/user/.m2/repository/jline/jline/0.9.94/jline-0.9.94.jar:/home/user/.m2/repository/org/apache/yetus/audience-annotations/0.5.0/audience-annotations-0.5.0.jar:/home/user/.m2/repository/org/codehaus/woodstox/stax2-api/3.1.4/stax2-api-3.1.4.jar:/home/user/.m2/repository/com/fasterxml/woodstox/woodstox-core/5.0.3/woodstox-core-5.0.3.jar:/home/user/.m2/repository/dnsjava/dnsjava/2.1.7/dnsjava-2.1.7.jar:/home/user/.m2/repository/org/apache/hadoop/hadoop-hdfs/3.2.0/hadoop-hdfs-3.2.0-tests.jar:/home/user/.m2/repository/org/eclipse/jetty/jetty-util-ajax/9.3.25.v20180904/jetty-util-ajax-9.3.25.v20180904.jar:/home/user/.m2/repository/commons-daemon/commons-daemon/1.0.13/commons-daemon-1.0.13.jar:/home/user/.m2/repository/io/netty/netty/3.10.5.Final/netty-3.10.5.Final.jar:/home/user/.m2/repository/io/netty/netty-all/4.0.52.Final/netty-all-4.0.52.Final.jar:/home/user/.m2/repository/org/fusesource/leveldbjni/leveldbjni-all/1.8/leveldbjni-all-1.8.jar:"/>
    <property name="sun.cpu.endian" value="little"/>
    <property name="user.home" value="/home/user"/>
    <property name="user.language" value="en"/>
    <property name="java.specification.vendor" value="Oracle Corporation"/>
    <property name="java.home" value="/usr/lib/jvm/java-1.8-openjdk/jre"/>
    <property name="java.security.krb5.conf" value="/workdir/hadoop-ozone/integration-test/target/test-classes/krb5.conf"/>
    <property name="basedir" value="/workdir/hadoop-ozone/integration-test"/>
    <property name="file.separator" value="/"/>
    <property name="line.separator" value="&#10;"/>
    <property name="java.vm.specification.vendor" value="Oracle Corporation"/>
    <property name="java.specification.name" value="Java Platform API Specification"/>
    <property name="java.awt.graphicsenv" value="sun.awt.X11GraphicsEnvironment"/>
    <property name="surefire.real.class.path" value="/workdir/hadoop-ozone/integration-test/target/surefire/surefirebooter1332689461848220514.jar"/>
    <property name="hadoop.log.dir" value="/workdir/hadoop-ozone/integration-test/target/log"/>
    <property name="sun.boot.class.path" value="/usr/lib/jvm/java-1.8-openjdk/jre/lib/resources.jar:/usr/lib/jvm/java-1.8-openjdk/jre/lib/rt.jar:/usr/lib/jvm/java-1.8-openjdk/jre/lib/sunrsasign.jar:/usr/lib/jvm/java-1.8-openjdk/jre/lib/jsse.jar:/usr/lib/jvm/java-1.8-openjdk/jre/lib/jce.jar:/usr/lib/jvm/java-1.8-openjdk/jre/lib/charsets.jar:/usr/lib/jvm/java-1.8-openjdk/jre/lib/jfr.jar:/usr/lib/jvm/java-1.8-openjdk/jre/classes"/>
    <property name="sun.management.compiler" value="HotSpot 64-Bit Tiered Compilers"/>
    <property name="java.runtime.version" value="1.8.0_212-b04"/>
    <property name="java.net.preferIPv4Stack" value="true"/>
    <property name="user.name" value="jenkins1000"/>
    <property name="path.separator" value=":"/>
    <property name="java.security.egd" value="file:///dev/urandom"/>
    <property name="os.version" value="3.10.0-957.12.2.el7.x86_64"/>
    <property name="java.endorsed.dirs" value="/usr/lib/jvm/java-1.8-openjdk/jre/lib/endorsed"/>
    <property name="java.runtime.name" value="OpenJDK Runtime Environment"/>
    <property name="file.encoding" value="UTF-8"/>
    <property name="java.vm.name" value="OpenJDK 64-Bit Server VM"/>
    <property name="test.build.webapps" value=""/>
    <property name="localRepository" value="/home/user/.m2/repository"/>
    <property name="java.vendor.url.bug" value="https://icedtea.classpath.org/bugzilla"/>
    <property name="java.io.tmpdir" value="/tmp"/>
    <property name="require.test.libhadoop" value=""/>
    <property name="java.version" value="1.8.0_212"/>
    <property name="user.dir" value="/workdir/hadoop-ozone/integration-test"/>
    <property name="os.arch" value="amd64"/>
    <property name="java.vm.specification.name" value="Java Virtual Machine Specification"/>
    <property name="test.build.classes" value="/workdir/hadoop-ozone/integration-test/target/test-classes"/>
    <property name="java.awt.printerjob" value="sun.print.PSPrinterJob"/>
    <property name="sun.os.patch.level" value="unknown"/>
    <property name="hadoop.tmp.dir" value="/workdir/hadoop-ozone/integration-test/target/tmp"/>
    <property name="java.library.path" value="/usr/lib/jvm/java-1.8-openjdk/jre/lib/amd64/server:/usr/lib/jvm/java-1.8-openjdk/jre/lib/amd64:/usr/lib/jvm/java-1.8-openjdk/jre/../lib/amd64:/workdir/hadoop-ozone/integration-test/target/native/target/usr/local/lib:/workdir/hadoop-ozone/integration-test/../../hadoop-common-project/hadoop-common/target/native/target/usr/local/lib:/usr/java/packages/lib/amd64:/usr/lib64:/lib64:/lib:/usr/lib"/>
    <property name="java.vm.info" value="mixed mode"/>
    <property name="java.vendor" value="IcedTea"/>
    <property name="java.vm.version" value="25.212-b04"/>
    <property name="java.ext.dirs" value="/usr/lib/jvm/java-1.8-openjdk/jre/lib/ext:/usr/java/packages/lib/ext"/>
    <property name="sun.io.unicode.encoding" value="UnicodeLittle"/>
    <property name="java.class.version" value="52.0"/>
  </properties>
  <testcase name="test2DatanodesFailure" classname="org.apache.hadoop.ozone.client.rpc.TestBlockOutputStreamWithFailures" time="105.344"/>
  <testcase name="testDatanodeFailureWithPreAllocation" classname="org.apache.hadoop.ozone.client.rpc.TestBlockOutputStreamWithFailures" time="222.116"/>
  <testcase name="testDatanodeFailureWithSingleNodeRatis" classname="org.apache.hadoop.ozone.client.rpc.TestBlockOutputStreamWithFailures" time="221.552"/>
  <testcase name="testWatchForCommitWithSingleNodeRatis" classname="org.apache.hadoop.ozone.client.rpc.TestBlockOutputStreamWithFailures" time="33.515"/>
  <testcase name="testWatchForCommitDatanodeFailure" classname="org.apache.hadoop.ozone.client.rpc.TestBlockOutputStreamWithFailures" time="44.002">
    <failure message="expected:&lt;2&gt; but was:&lt;3&gt;" type="java.lang.AssertionError"><![CDATA[java.lang.AssertionError: expected:<2> but was:<3>
	at org.junit.Assert.fail(Assert.java:88)
	at org.junit.Assert.failNotEquals(Assert.java:743)
	at org.junit.Assert.assertEquals(Assert.java:118)
	at org.junit.Assert.assertEquals(Assert.java:555)
	at org.junit.Assert.assertEquals(Assert.java:542)
	at org.apache.hadoop.ozone.client.rpc.TestBlockOutputStreamWithFailures.testWatchForCommitDatanodeFailure(TestBlockOutputStreamWithFailures.java:366)
	at sun.reflect.NativeMethodAccessorImpl.invoke0(Native Method)
	at sun.reflect.NativeMethodAccessorImpl.invoke(NativeMethodAccessorImpl.java:62)
	at sun.reflect.DelegatingMethodAccessorImpl.invoke(DelegatingMethodAccessorImpl.java:43)
	at java.lang.reflect.Method.invoke(Method.java:498)
	at org.junit.runners.model.FrameworkMethod$1.runReflectiveCall(FrameworkMethod.java:47)
	at org.junit.internal.runners.model.ReflectiveCallable.run(ReflectiveCallable.java:12)
	at org.junit.runners.model.FrameworkMethod.invokeExplosively(FrameworkMethod.java:44)
	at org.junit.internal.runners.statements.InvokeMethod.evaluate(InvokeMethod.java:17)
	at org.junit.internal.runners.statements.RunBefores.evaluate(RunBefores.java:26)
	at org.junit.internal.runners.statements.RunAfters.evaluate(RunAfters.java:27)
	at org.junit.runners.ParentRunner.runLeaf(ParentRunner.java:271)
	at org.junit.runners.BlockJUnit4ClassRunner.runChild(BlockJUnit4ClassRunner.java:70)
	at org.junit.runners.BlockJUnit4ClassRunner.runChild(BlockJUnit4ClassRunner.java:50)
	at org.junit.runners.ParentRunner$3.run(ParentRunner.java:238)
	at org.junit.runners.ParentRunner$1.schedule(ParentRunner.java:63)
	at org.junit.runners.ParentRunner.runChildren(ParentRunner.java:236)
	at org.junit.runners.ParentRunner.access$000(ParentRunner.java:53)
	at org.junit.runners.ParentRunner$2.evaluate(ParentRunner.java:229)
	at org.junit.runners.ParentRunner.run(ParentRunner.java:309)
	at org.apache.maven.surefire.junit4.JUnit4Provider.execute(JUnit4Provider.java:365)
	at org.apache.maven.surefire.junit4.JUnit4Provider.executeWithRerun(JUnit4Provider.java:273)
	at org.apache.maven.surefire.junit4.JUnit4Provider.executeTestSet(JUnit4Provider.java:238)
	at org.apache.maven.surefire.junit4.JUnit4Provider.invoke(JUnit4Provider.java:159)
	at org.apache.maven.surefire.booter.ForkedBooter.invokeProviderInSameClassLoader(ForkedBooter.java:384)
	at org.apache.maven.surefire.booter.ForkedBooter.runSuitesInProcess(ForkedBooter.java:345)
	at org.apache.maven.surefire.booter.ForkedBooter.execute(ForkedBooter.java:126)
	at org.apache.maven.surefire.booter.ForkedBooter.main(ForkedBooter.java:418)
]]></failure>
    <system-out><![CDATA[2019-10-07 12:15:38,494 [main] WARN  server.ServerUtils (ServerUtils.java:getScmDbDir(145)) - ozone.scm.db.dirs is not configured. We recommend adding this setting. Falling back to ozone.metadata.dirs instead.
2019-10-07 12:15:38,522 [main] WARN  server.ServerUtils (ServerUtils.java:getScmDbDir(145)) - ozone.scm.db.dirs is not configured. We recommend adding this setting. Falling back to ozone.metadata.dirs instead.
2019-10-07 12:15:38,523 [main] WARN  server.ServerUtils (ServerUtils.java:getScmDbDir(145)) - ozone.scm.db.dirs is not configured. We recommend adding this setting. Falling back to ozone.metadata.dirs instead.
2019-10-07 12:15:38,523 [main] INFO  db.DBStoreBuilder (DBStoreBuilder.java:addTable(117)) - using custom profile for table: deletedBlocks
2019-10-07 12:15:38,523 [main] INFO  db.DBStoreBuilder (DBStoreBuilder.java:processTables(168)) - Using default column profile:DBProfile.DISK for Table:deletedBlocks
2019-10-07 12:15:38,524 [main] INFO  db.DBStoreBuilder (DBStoreBuilder.java:addTable(117)) - using custom profile for table: validCerts
2019-10-07 12:15:38,524 [main] INFO  db.DBStoreBuilder (DBStoreBuilder.java:processTables(168)) - Using default column profile:DBProfile.DISK for Table:validCerts
2019-10-07 12:15:38,524 [main] INFO  db.DBStoreBuilder (DBStoreBuilder.java:addTable(117)) - using custom profile for table: revokedCerts
2019-10-07 12:15:38,524 [main] INFO  db.DBStoreBuilder (DBStoreBuilder.java:processTables(168)) - Using default column profile:DBProfile.DISK for Table:revokedCerts
2019-10-07 12:15:38,524 [main] INFO  db.DBStoreBuilder (DBStoreBuilder.java:addTable(117)) - using custom profile for table: default
2019-10-07 12:15:38,525 [main] INFO  db.DBStoreBuilder (DBStoreBuilder.java:processTables(174)) - Using default column profile:DBProfile.DISK for Table:default
2019-10-07 12:15:38,525 [main] INFO  db.DBStoreBuilder (DBStoreBuilder.java:getDbProfile(205)) - Using default options. DBProfile.DISK
2019-10-07 12:15:38,679 [main] INFO  net.NodeSchemaLoader (NodeSchemaLoader.java:loadSchemaFromFile(125)) - Loading file from sun.misc.CompoundEnumeration@6629643d
2019-10-07 12:15:38,680 [main] INFO  net.NodeSchemaLoader (NodeSchemaLoader.java:loadSchema(171)) - Loading network topology layer schema file
2019-10-07 12:15:38,686 [main] INFO  node.SCMNodeManager (SCMNodeManager.java:<init>(116)) - Entering startup safe mode.
2019-10-07 12:15:38,686 [main] INFO  algorithms.ContainerPlacementPolicyFactory (ContainerPlacementPolicyFactory.java:getPolicy(57)) - Create container placement policy of type org.apache.hadoop.hdds.scm.container.placement.algorithms.SCMContainerPlacementRandom
2019-10-07 12:15:38,687 [main] WARN  server.ServerUtils (ServerUtils.java:getScmDbDir(145)) - ozone.scm.db.dirs is not configured. We recommend adding this setting. Falling back to ozone.metadata.dirs instead.
2019-10-07 12:15:38,726 [main] INFO  pipeline.SCMPipelineManager (SCMPipelineManager.java:initializePipelineState(132)) - No pipeline exists in current db
2019-10-07 12:15:38,727 [main] WARN  server.ServerUtils (ServerUtils.java:getScmDbDir(145)) - ozone.scm.db.dirs is not configured. We recommend adding this setting. Falling back to ozone.metadata.dirs instead.
2019-10-07 12:15:38,752 [main] WARN  events.EventQueue (EventQueue.java:fireEvent(183)) - No event handler registered for event TypedEvent{payloadType=SafeModeStatus, name='SafeModeStatus'}
2019-10-07 12:15:38,753 [main] INFO  ipc.CallQueueManager (CallQueueManager.java:<init>(84)) - Using callQueue: class java.util.concurrent.LinkedBlockingQueue, queueCapacity: 2000, scheduler: class org.apache.hadoop.ipc.DefaultRpcScheduler, ipcBackoff: false.
2019-10-07 12:15:38,754 [Socket Reader #1 for port 34980] INFO  ipc.Server (Server.java:run(1074)) - Starting Socket Reader #1 for port 34980
2019-10-07 12:15:38,757 [main] INFO  ipc.CallQueueManager (CallQueueManager.java:<init>(84)) - Using callQueue: class java.util.concurrent.LinkedBlockingQueue, queueCapacity: 2000, scheduler: class org.apache.hadoop.ipc.DefaultRpcScheduler, ipcBackoff: false.
2019-10-07 12:15:38,757 [Socket Reader #1 for port 45534] INFO  ipc.Server (Server.java:run(1074)) - Starting Socket Reader #1 for port 45534
2019-10-07 12:15:38,759 [main] INFO  ipc.CallQueueManager (CallQueueManager.java:<init>(84)) - Using callQueue: class java.util.concurrent.LinkedBlockingQueue, queueCapacity: 2000, scheduler: class org.apache.hadoop.ipc.DefaultRpcScheduler, ipcBackoff: false.
2019-10-07 12:15:38,759 [Socket Reader #1 for port 38612] INFO  ipc.Server (Server.java:run(1074)) - Starting Socket Reader #1 for port 38612
2019-10-07 12:15:38,762 [main] INFO  hdfs.DFSUtil (DFSUtil.java:httpServerTemplateForNNAndJN(1641)) - Starting Web-server for scm at: http://0.0.0.0:0
2019-10-07 12:15:38,763 [main] INFO  server.AuthenticationFilter (AuthenticationFilter.java:constructSecretProvider(240)) - Unable to initialize FileSignerSecretProvider, falling back to use random secrets.
2019-10-07 12:15:38,764 [main] WARN  http.HttpRequestLog (HttpRequestLog.java:getRequestLog(97)) - Jetty request log can only be enabled using Log4j
2019-10-07 12:15:38,766 [main] INFO  http.HttpServer2 (HttpServer2.java:addGlobalFilter(975)) - Added global filter 'safety' (class=org.apache.hadoop.http.HttpServer2$QuotingInputFilter)
2019-10-07 12:15:38,766 [main] INFO  http.HttpServer2 (HttpServer2.java:addFilter(948)) - Added filter static_user_filter (class=org.apache.hadoop.http.lib.StaticUserWebFilter$StaticUserFilter) to context scm
2019-10-07 12:15:38,767 [main] INFO  http.HttpServer2 (HttpServer2.java:addFilter(958)) - Added filter static_user_filter (class=org.apache.hadoop.http.lib.StaticUserWebFilter$StaticUserFilter) to context static
2019-10-07 12:15:38,767 [main] INFO  http.HttpServer2 (HttpServer2.java:addFilter(958)) - Added filter static_user_filter (class=org.apache.hadoop.http.lib.StaticUserWebFilter$StaticUserFilter) to context logs
2019-10-07 12:15:38,768 [main] INFO  server.StorageContainerManager (StorageContainerManager.java:start(770)) - StorageContainerLocationProtocol RPC server is listening at /0.0.0.0:38612
2019-10-07 12:15:38,770 [main] WARN  impl.MetricsConfig (MetricsConfig.java:loadFirst(134)) - Cannot locate configuration: tried hadoop-metrics2-storagecontainermanager.properties,hadoop-metrics2.properties
2019-10-07 12:15:38,771 [main] INFO  impl.MetricsSystemImpl (MetricsSystemImpl.java:startTimer(374)) - Scheduled Metric snapshot period at 10 second(s).
2019-10-07 12:15:38,771 [main] INFO  impl.MetricsSystemImpl (MetricsSystemImpl.java:start(191)) - StorageContainerManager metrics system started
2019-10-07 12:15:38,827 [main] WARN  impl.MetricsSystemImpl (MetricsSystemImpl.java:register(276)) - Sink prometheus already exists!
2019-10-07 12:15:38,933 [main] INFO  server.SCMClientProtocolServer (SCMClientProtocolServer.java:start(159)) - RPC server for Client  is listening at /0.0.0.0:38612
2019-10-07 12:15:38,934 [IPC Server Responder] INFO  ipc.Server (Server.java:run(1314)) - IPC Server Responder: starting
2019-10-07 12:15:38,934 [IPC Server listener on 38612] INFO  ipc.Server (Server.java:run(1153)) - IPC Server listener on 38612: starting
2019-10-07 12:15:38,941 [main] INFO  server.StorageContainerManager (StorageContainerManager.java:start(780)) - ScmBlockLocationProtocol RPC server is listening at /0.0.0.0:45534
2019-10-07 12:15:38,941 [main] INFO  server.SCMBlockProtocolServer (SCMBlockProtocolServer.java:start(146)) - RPC server for Block Protocol is listening at /0.0.0.0:45534
2019-10-07 12:15:38,942 [IPC Server Responder] INFO  ipc.Server (Server.java:run(1314)) - IPC Server Responder: starting
2019-10-07 12:15:38,942 [IPC Server listener on 45534] INFO  ipc.Server (Server.java:run(1153)) - IPC Server listener on 45534: starting
2019-10-07 12:15:38,946 [main] INFO  server.StorageContainerManager (StorageContainerManager.java:start(784)) - ScmDatanodeProtocl RPC server is listening at /0.0.0.0:34980
2019-10-07 12:15:38,946 [main] INFO  server.SCMDatanodeProtocolServer (SCMDatanodeProtocolServer.java:start(169)) - RPC server for DataNodes is listening at /0.0.0.0:34980
2019-10-07 12:15:38,946 [IPC Server listener on 34980] INFO  ipc.Server (Server.java:run(1153)) - IPC Server listener on 34980: starting
2019-10-07 12:15:38,946 [IPC Server Responder] INFO  ipc.Server (Server.java:run(1314)) - IPC Server Responder: starting
2019-10-07 12:15:38,950 [main] INFO  http.HttpServer2 (HttpServer2.java:bindListener(1191)) - Jetty bound to port 38034
2019-10-07 12:15:38,951 [main] INFO  server.Server (Server.java:doStart(351)) - jetty-9.3.25.v20180904, build timestamp: 2018-09-04T21:11:46Z, git hash: 3ce520221d0240229c862b122d2b06c12a625732
2019-10-07 12:15:38,953 [main] INFO  handler.ContextHandler (ContextHandler.java:doStart(781)) - Started o.e.j.s.ServletContextHandler@17c4dc5b{/logs,file:///workdir/hadoop-ozone/integration-test/target/log,AVAILABLE}
2019-10-07 12:15:38,953 [main] INFO  handler.ContextHandler (ContextHandler.java:doStart(781)) - Started o.e.j.s.ServletContextHandler@4837f97e{/static,file:///workdir/hadoop-ozone/integration-test/target/test-classes/webapps/static,AVAILABLE}
2019-10-07 12:15:38,958 [main] INFO  handler.ContextHandler (ContextHandler.java:doStart(781)) - Started o.e.j.w.WebAppContext@76563ae7{/,file:///workdir/hadoop-ozone/integration-test/target/test-classes/webapps/scm/,AVAILABLE}{/scm}
2019-10-07 12:15:38,958 [main] INFO  server.AbstractConnector (AbstractConnector.java:doStart(278)) - Started ServerConnector@4fd74223{HTTP/1.1,[http/1.1]}{0.0.0.0:38034}
2019-10-07 12:15:38,960 [main] INFO  server.Server (Server.java:doStart(419)) - Started @583591ms
2019-10-07 12:15:38,960 [main] WARN  impl.MetricsSystemImpl (MetricsSystemImpl.java:register(276)) - Sink prometheus already exists!
2019-10-07 12:15:38,962 [main] INFO  server.BaseHttpServer (BaseHttpServer.java:updateConnectorAddress(215)) - HTTP server of SCM is listening at http://0.0.0.0:38034
2019-10-07 12:15:38,962 [main] WARN  server.ServerUtils (ServerUtils.java:getDBPath(222)) - ozone.om.db.dirs is not configured. We recommend adding this setting. Falling back to ozone.metadata.dirs instead.
2019-10-07 12:15:38,963 [org.apache.hadoop.util.JvmPauseMonitor$Monitor@32ae8f27] INFO  util.JvmPauseMonitor (JvmPauseMonitor.java:run(188)) - Starting JVM pause monitor
2019-10-07 12:15:38,978 [main] INFO  ha.OMHANodeDetails (OMHANodeDetails.java:loadOMHAConfig(190)) - Configuration either no ozone.om.address set. Falling back to the default OM address /127.0.0.1:0
2019-10-07 12:15:38,978 [main] INFO  ha.OMHANodeDetails (OMHANodeDetails.java:getOMNodeDetails(220)) - OM Service ID is not set. Setting it to the default ID: omServiceIdDefault
2019-10-07 12:15:38,978 [main] WARN  server.ServerUtils (ServerUtils.java:getDBPath(222)) - ozone.om.db.dirs is not configured. We recommend adding this setting. Falling back to ozone.metadata.dirs instead.
2019-10-07 12:15:38,979 [main] WARN  server.ServerUtils (ServerUtils.java:getDBPath(222)) - ozone.om.db.dirs is not configured. We recommend adding this setting. Falling back to ozone.metadata.dirs instead.
2019-10-07 12:15:38,986 [main] WARN  server.ServerUtils (ServerUtils.java:getDBPath(222)) - ozone.om.db.dirs is not configured. We recommend adding this setting. Falling back to ozone.metadata.dirs instead.
2019-10-07 12:15:38,986 [main] INFO  db.DBStoreBuilder (DBStoreBuilder.java:addTable(117)) - using custom profile for table: userTable
2019-10-07 12:15:38,987 [main] INFO  db.DBStoreBuilder (DBStoreBuilder.java:processTables(168)) - Using default column profile:DBProfile.DISK for Table:userTable
2019-10-07 12:15:38,987 [main] INFO  db.DBStoreBuilder (DBStoreBuilder.java:addTable(117)) - using custom profile for table: volumeTable
2019-10-07 12:15:38,987 [main] INFO  db.DBStoreBuilder (DBStoreBuilder.java:processTables(168)) - Using default column profile:DBProfile.DISK for Table:volumeTable
2019-10-07 12:15:38,987 [main] INFO  db.DBStoreBuilder (DBStoreBuilder.java:addTable(117)) - using custom profile for table: bucketTable
2019-10-07 12:15:38,987 [main] INFO  db.DBStoreBuilder (DBStoreBuilder.java:processTables(168)) - Using default column profile:DBProfile.DISK for Table:bucketTable
2019-10-07 12:15:38,988 [main] INFO  db.DBStoreBuilder (DBStoreBuilder.java:addTable(117)) - using custom profile for table: keyTable
2019-10-07 12:15:38,988 [main] INFO  db.DBStoreBuilder (DBStoreBuilder.java:processTables(168)) - Using default column profile:DBProfile.DISK for Table:keyTable
2019-10-07 12:15:38,988 [main] INFO  db.DBStoreBuilder (DBStoreBuilder.java:addTable(117)) - using custom profile for table: deletedTable
2019-10-07 12:15:38,988 [main] INFO  db.DBStoreBuilder (DBStoreBuilder.java:processTables(168)) - Using default column profile:DBProfile.DISK for Table:deletedTable
2019-10-07 12:15:38,989 [main] INFO  db.DBStoreBuilder (DBStoreBuilder.java:addTable(117)) - using custom profile for table: openKeyTable
2019-10-07 12:15:38,989 [main] INFO  db.DBStoreBuilder (DBStoreBuilder.java:processTables(168)) - Using default column profile:DBProfile.DISK for Table:openKeyTable
2019-10-07 12:15:38,989 [main] INFO  db.DBStoreBuilder (DBStoreBuilder.java:addTable(117)) - using custom profile for table: s3Table
2019-10-07 12:15:38,989 [main] INFO  db.DBStoreBuilder (DBStoreBuilder.java:processTables(168)) - Using default column profile:DBProfile.DISK for Table:s3Table
2019-10-07 12:15:38,990 [main] INFO  db.DBStoreBuilder (DBStoreBuilder.java:addTable(117)) - using custom profile for table: multipartInfoTable
2019-10-07 12:15:38,990 [main] INFO  db.DBStoreBuilder (DBStoreBuilder.java:processTables(168)) - Using default column profile:DBProfile.DISK for Table:multipartInfoTable
2019-10-07 12:15:38,990 [main] INFO  db.DBStoreBuilder (DBStoreBuilder.java:addTable(117)) - using custom profile for table: dTokenTable
2019-10-07 12:15:38,990 [main] INFO  db.DBStoreBuilder (DBStoreBuilder.java:processTables(168)) - Using default column profile:DBProfile.DISK for Table:dTokenTable
2019-10-07 12:15:38,991 [main] INFO  db.DBStoreBuilder (DBStoreBuilder.java:addTable(117)) - using custom profile for table: s3SecretTable
2019-10-07 12:15:38,991 [main] INFO  db.DBStoreBuilder (DBStoreBuilder.java:processTables(168)) - Using default column profile:DBProfile.DISK for Table:s3SecretTable
2019-10-07 12:15:38,991 [main] INFO  db.DBStoreBuilder (DBStoreBuilder.java:addTable(117)) - using custom profile for table: prefixTable
2019-10-07 12:15:38,991 [main] INFO  db.DBStoreBuilder (DBStoreBuilder.java:processTables(168)) - Using default column profile:DBProfile.DISK for Table:prefixTable
2019-10-07 12:15:38,991 [main] INFO  db.DBStoreBuilder (DBStoreBuilder.java:addTable(117)) - using custom profile for table: default
2019-10-07 12:15:38,992 [main] INFO  db.DBStoreBuilder (DBStoreBuilder.java:processTables(174)) - Using default column profile:DBProfile.DISK for Table:default
2019-10-07 12:15:38,992 [main] INFO  db.DBStoreBuilder (DBStoreBuilder.java:getDbProfile(205)) - Using default options. DBProfile.DISK
2019-10-07 12:15:39,438 [main] INFO  ipc.CallQueueManager (CallQueueManager.java:<init>(84)) - Using callQueue: class java.util.concurrent.LinkedBlockingQueue, queueCapacity: 2000, scheduler: class org.apache.hadoop.ipc.DefaultRpcScheduler, ipcBackoff: false.
2019-10-07 12:15:39,439 [Socket Reader #1 for port 36121] INFO  ipc.Server (Server.java:run(1074)) - Starting Socket Reader #1 for port 36121
2019-10-07 12:15:39,454 [main] INFO  om.OzoneManager (OzoneManager.java:start(1069)) - OzoneManager RPC server is listening at localhost/127.0.0.1:36121
2019-10-07 12:15:39,454 [main] INFO  impl.MetricsSystemImpl (MetricsSystemImpl.java:init(158)) - OzoneManager metrics system started (again)
2019-10-07 12:15:39,456 [IPC Server Responder] INFO  ipc.Server (Server.java:run(1314)) - IPC Server Responder: starting
2019-10-07 12:15:39,457 [IPC Server listener on 36121] INFO  ipc.Server (Server.java:run(1153)) - IPC Server listener on 36121: starting
2019-10-07 12:15:39,460 [main] INFO  hdfs.DFSUtil (DFSUtil.java:httpServerTemplateForNNAndJN(1641)) - Starting Web-server for ozoneManager at: http://0.0.0.0:0
2019-10-07 12:15:39,462 [main] INFO  server.AuthenticationFilter (AuthenticationFilter.java:constructSecretProvider(240)) - Unable to initialize FileSignerSecretProvider, falling back to use random secrets.
2019-10-07 12:15:39,462 [main] WARN  http.HttpRequestLog (HttpRequestLog.java:getRequestLog(97)) - Jetty request log can only be enabled using Log4j
2019-10-07 12:15:39,463 [main] INFO  http.HttpServer2 (HttpServer2.java:addGlobalFilter(975)) - Added global filter 'safety' (class=org.apache.hadoop.http.HttpServer2$QuotingInputFilter)
2019-10-07 12:15:39,464 [main] INFO  http.HttpServer2 (HttpServer2.java:addFilter(948)) - Added filter static_user_filter (class=org.apache.hadoop.http.lib.StaticUserWebFilter$StaticUserFilter) to context ozoneManager
2019-10-07 12:15:39,464 [main] INFO  http.HttpServer2 (HttpServer2.java:addFilter(958)) - Added filter static_user_filter (class=org.apache.hadoop.http.lib.StaticUserWebFilter$StaticUserFilter) to context logs
2019-10-07 12:15:39,464 [main] INFO  http.HttpServer2 (HttpServer2.java:addFilter(958)) - Added filter static_user_filter (class=org.apache.hadoop.http.lib.StaticUserWebFilter$StaticUserFilter) to context static
2019-10-07 12:15:39,465 [main] INFO  http.HttpServer2 (HttpServer2.java:bindListener(1191)) - Jetty bound to port 44198
2019-10-07 12:15:39,465 [main] INFO  server.Server (Server.java:doStart(351)) - jetty-9.3.25.v20180904, build timestamp: 2018-09-04T21:11:46Z, git hash: 3ce520221d0240229c862b122d2b06c12a625732
2019-10-07 12:15:39,466 [main] INFO  handler.ContextHandler (ContextHandler.java:doStart(781)) - Started o.e.j.s.ServletContextHandler@29bbc63c{/logs,file:///workdir/hadoop-ozone/integration-test/target/log,AVAILABLE}
2019-10-07 12:15:39,467 [main] INFO  handler.ContextHandler (ContextHandler.java:doStart(781)) - Started o.e.j.s.ServletContextHandler@2cccf134{/static,file:///workdir/hadoop-ozone/integration-test/target/test-classes/webapps/static,AVAILABLE}
2019-10-07 12:15:39,470 [main] INFO  handler.ContextHandler (ContextHandler.java:doStart(781)) - Started o.e.j.w.WebAppContext@2f0ccb34{/,file:///workdir/hadoop-ozone/integration-test/target/test-classes/webapps/ozoneManager/,AVAILABLE}{/ozoneManager}
2019-10-07 12:15:39,471 [main] INFO  server.AbstractConnector (AbstractConnector.java:doStart(278)) - Started ServerConnector@194012a2{HTTP/1.1,[http/1.1]}{0.0.0.0:44198}
2019-10-07 12:15:39,472 [main] INFO  server.Server (Server.java:doStart(419)) - Started @584103ms
2019-10-07 12:15:39,472 [main] WARN  impl.MetricsSystemImpl (MetricsSystemImpl.java:register(276)) - Sink prometheus already exists!
2019-10-07 12:15:39,473 [main] INFO  server.BaseHttpServer (BaseHttpServer.java:updateConnectorAddress(215)) - HTTP server of OZONEMANAGER is listening at http://0.0.0.0:44198
2019-10-07 12:15:39,487 [main] INFO  impl.MetricsSystemImpl (MetricsSystemImpl.java:init(158)) - HddsDatanode metrics system started (again)
2019-10-07 12:15:39,490 [main] INFO  ozone.HddsDatanodeService (HddsDatanodeService.java:start(184)) - HddsDatanodeService host:pr-hdds-2071-fmvlq-2762171947 ip:192.168.30.26
2019-10-07 12:15:39,496 [main] INFO  volume.HddsVolume (HddsVolume.java:<init>(176)) - Creating Volume: /workdir/hadoop-ozone/integration-test/target/test-dir/MiniOzoneClusterImpl-7d7c158f-473a-4dac-99b6-81fe19448475/datanode-0/data/containers/hdds of  storage type : DISK and capacity : 1482555576320
2019-10-07 12:15:39,496 [main] INFO  volume.VolumeSet (VolumeSet.java:initializeVolumeSet(170)) - Added Volume : /workdir/hadoop-ozone/integration-test/target/test-dir/MiniOzoneClusterImpl-7d7c158f-473a-4dac-99b6-81fe19448475/datanode-0/data/containers/hdds to VolumeSet
2019-10-07 12:15:39,497 [main] INFO  volume.ThrottledAsyncChecker (ThrottledAsyncChecker.java:schedule(139)) - Scheduling a check for org.apache.hadoop.ozone.container.common.volume.HddsVolume@75bd28d
2019-10-07 12:15:39,497 [main] INFO  volume.HddsVolumeChecker (HddsVolumeChecker.java:checkAllVolumes(202)) - Scheduled health check for volume org.apache.hadoop.ozone.container.common.volume.HddsVolume@75bd28d
2019-10-07 12:15:39,512 [main] INFO  impl.RaftServerProxy (ConfUtils.java:logGet(43)) - raft.rpc.type = GRPC (default)
2019-10-07 12:15:39,512 [main] INFO  grpc.GrpcFactory (GrpcFactory.java:checkPooledByteBufAllocatorUseCacheForAllThreads(45)) - PERFORMANCE WARNING: useCacheForAllThreads is true that may cause Netty to create a lot garbage objects and, as a result, trigger GC.
	It is recommended to disable useCacheForAllThreads by setting -Dorg.apache.ratis.thirdparty.io.netty.allocator.useCacheForAllThreads=false in command line.
2019-10-07 12:15:39,512 [main] INFO  grpc.GrpcConfigKeys$Server (ConfUtils.java:logGet(43)) - raft.grpc.server.port = 0 (default)
2019-10-07 12:15:39,512 [main] INFO  server.GrpcService (ConfUtils.java:logGet(43)) - raft.grpc.message.size.max = 33570816 (custom)
2019-10-07 12:15:39,512 [main] INFO  server.RaftServerConfigKeys (ConfUtils.java:logGet(43)) - raft.server.log.appender.buffer.byte-limit = 33554432 (custom)
2019-10-07 12:15:39,513 [main] INFO  server.GrpcService (ConfUtils.java:logGet(43)) - raft.grpc.flow.control.window = 1MB (=1048576) (default)
2019-10-07 12:15:39,513 [main] INFO  server.RaftServerConfigKeys (ConfUtils.java:logGet(43)) - raft.server.rpc.request.timeout = 3000ms (default)
2019-10-07 12:15:39,513 [main] INFO  server.RaftServerConfigKeys (ConfUtils.java:logGet(43)) - raft.server.storage.dir = [/workdir/hadoop-ozone/integration-test/target/test-dir/MiniOzoneClusterImpl-7d7c158f-473a-4dac-99b6-81fe19448475/datanode-0/data/ratis] (custom)
2019-10-07 12:15:39,515 [main] INFO  hdfs.DFSUtil (DFSUtil.java:httpServerTemplateForNNAndJN(1641)) - Starting Web-server for hddsDatanode at: http://0.0.0.0:0
2019-10-07 12:15:39,516 [main] INFO  server.AuthenticationFilter (AuthenticationFilter.java:constructSecretProvider(240)) - Unable to initialize FileSignerSecretProvider, falling back to use random secrets.
2019-10-07 12:15:39,516 [main] WARN  http.HttpRequestLog (HttpRequestLog.java:getRequestLog(97)) - Jetty request log can only be enabled using Log4j
2019-10-07 12:15:39,517 [main] INFO  http.HttpServer2 (HttpServer2.java:addGlobalFilter(975)) - Added global filter 'safety' (class=org.apache.hadoop.http.HttpServer2$QuotingInputFilter)
2019-10-07 12:15:39,517 [main] INFO  http.HttpServer2 (HttpServer2.java:addFilter(948)) - Added filter static_user_filter (class=org.apache.hadoop.http.lib.StaticUserWebFilter$StaticUserFilter) to context hddsDatanode
2019-10-07 12:15:39,518 [main] INFO  http.HttpServer2 (HttpServer2.java:addFilter(958)) - Added filter static_user_filter (class=org.apache.hadoop.http.lib.StaticUserWebFilter$StaticUserFilter) to context logs
2019-10-07 12:15:39,518 [main] INFO  http.HttpServer2 (HttpServer2.java:addFilter(958)) - Added filter static_user_filter (class=org.apache.hadoop.http.lib.StaticUserWebFilter$StaticUserFilter) to context static
2019-10-07 12:15:39,518 [main] INFO  http.HttpServer2 (HttpServer2.java:bindListener(1191)) - Jetty bound to port 39172
2019-10-07 12:15:39,518 [main] INFO  server.Server (Server.java:doStart(351)) - jetty-9.3.25.v20180904, build timestamp: 2018-09-04T21:11:46Z, git hash: 3ce520221d0240229c862b122d2b06c12a625732
2019-10-07 12:15:39,520 [main] INFO  handler.ContextHandler (ContextHandler.java:doStart(781)) - Started o.e.j.s.ServletContextHandler@3e53c4ad{/logs,file:///workdir/hadoop-ozone/integration-test/target/log,AVAILABLE}
2019-10-07 12:15:39,520 [main] INFO  handler.ContextHandler (ContextHandler.java:doStart(781)) - Started o.e.j.s.ServletContextHandler@224d86d2{/static,jar:file:/home/user/.m2/repository/org/apache/hadoop/hadoop-hdds-container-service/0.5.0-SNAPSHOT/hadoop-hdds-container-service-0.5.0-SNAPSHOT.jar!/webapps/static,AVAILABLE}
2019-10-07 12:15:39,548 [main] INFO  handler.ContextHandler (ContextHandler.java:doStart(781)) - Started o.e.j.w.WebAppContext@37e7c4cc{/,file:///tmp/jetty-0.0.0.0-39172-hddsDatanode-_-any-2659724510968126185.dir/webapp/,AVAILABLE}{/hddsDatanode}
2019-10-07 12:15:39,549 [main] INFO  server.AbstractConnector (AbstractConnector.java:doStart(278)) - Started ServerConnector@3a40bb52{HTTP/1.1,[http/1.1]}{0.0.0.0:39172}
2019-10-07 12:15:39,550 [main] INFO  server.Server (Server.java:doStart(419)) - Started @584181ms
2019-10-07 12:15:39,550 [main] WARN  impl.MetricsSystemImpl (MetricsSystemImpl.java:register(276)) - Sink prometheus already exists!
2019-10-07 12:15:39,551 [main] INFO  server.BaseHttpServer (BaseHttpServer.java:updateConnectorAddress(215)) - HTTP server of HDDSDATANODE is listening at http://0.0.0.0:39172
2019-10-07 12:15:39,551 [main] INFO  impl.MetricsSystemImpl (MetricsSystemImpl.java:init(158)) - HddsDatanode metrics system started (again)
2019-10-07 12:15:39,554 [org.apache.hadoop.util.JvmPauseMonitor$Monitor@2bed4104] INFO  util.JvmPauseMonitor (JvmPauseMonitor.java:run(188)) - Starting JVM pause monitor
2019-10-07 12:15:39,555 [main] INFO  ozone.HddsDatanodeService (HddsDatanodeService.java:start(184)) - HddsDatanodeService host:pr-hdds-2071-fmvlq-2762171947 ip:192.168.30.26
2019-10-07 12:15:39,556 [Datanode State Machine Thread - 0] INFO  datanode.InitDatanodeState (InitDatanodeState.java:persistContainerDatanodeDetails(140)) - DatanodeDetails is persisted to /workdir/hadoop-ozone/integration-test/target/test-dir/MiniOzoneClusterImpl-7d7c158f-473a-4dac-99b6-81fe19448475/datanode-0/meta/datanode.id
2019-10-07 12:15:39,561 [main] INFO  volume.HddsVolume (HddsVolume.java:<init>(176)) - Creating Volume: /workdir/hadoop-ozone/integration-test/target/test-dir/MiniOzoneClusterImpl-7d7c158f-473a-4dac-99b6-81fe19448475/datanode-1/data/containers/hdds of  storage type : DISK and capacity : 1482555576320
2019-10-07 12:15:39,562 [main] INFO  volume.VolumeSet (VolumeSet.java:initializeVolumeSet(170)) - Added Volume : /workdir/hadoop-ozone/integration-test/target/test-dir/MiniOzoneClusterImpl-7d7c158f-473a-4dac-99b6-81fe19448475/datanode-1/data/containers/hdds to VolumeSet
2019-10-07 12:15:39,562 [main] INFO  volume.ThrottledAsyncChecker (ThrottledAsyncChecker.java:schedule(139)) - Scheduling a check for org.apache.hadoop.ozone.container.common.volume.HddsVolume@78c74647
2019-10-07 12:15:39,562 [main] INFO  volume.HddsVolumeChecker (HddsVolumeChecker.java:checkAllVolumes(202)) - Scheduled health check for volume org.apache.hadoop.ozone.container.common.volume.HddsVolume@78c74647
2019-10-07 12:15:39,581 [main] INFO  impl.RaftServerProxy (ConfUtils.java:logGet(43)) - raft.rpc.type = GRPC (default)
2019-10-07 12:15:39,581 [main] INFO  grpc.GrpcFactory (GrpcFactory.java:checkPooledByteBufAllocatorUseCacheForAllThreads(45)) - PERFORMANCE WARNING: useCacheForAllThreads is true that may cause Netty to create a lot garbage objects and, as a result, trigger GC.
	It is recommended to disable useCacheForAllThreads by setting -Dorg.apache.ratis.thirdparty.io.netty.allocator.useCacheForAllThreads=false in command line.
2019-10-07 12:15:39,581 [main] INFO  grpc.GrpcConfigKeys$Server (ConfUtils.java:logGet(43)) - raft.grpc.server.port = 0 (default)
2019-10-07 12:15:39,581 [main] INFO  server.GrpcService (ConfUtils.java:logGet(43)) - raft.grpc.message.size.max = 33570816 (custom)
2019-10-07 12:15:39,582 [main] INFO  server.RaftServerConfigKeys (ConfUtils.java:logGet(43)) - raft.server.log.appender.buffer.byte-limit = 33554432 (custom)
2019-10-07 12:15:39,582 [main] INFO  server.GrpcService (ConfUtils.java:logGet(43)) - raft.grpc.flow.control.window = 1MB (=1048576) (default)
2019-10-07 12:15:39,582 [main] INFO  server.RaftServerConfigKeys (ConfUtils.java:logGet(43)) - raft.server.rpc.request.timeout = 3000ms (default)
2019-10-07 12:15:39,583 [main] INFO  server.RaftServerConfigKeys (ConfUtils.java:logGet(43)) - raft.server.storage.dir = [/workdir/hadoop-ozone/integration-test/target/test-dir/MiniOzoneClusterImpl-7d7c158f-473a-4dac-99b6-81fe19448475/datanode-1/data/ratis] (custom)
2019-10-07 12:15:39,584 [main] INFO  hdfs.DFSUtil (DFSUtil.java:httpServerTemplateForNNAndJN(1641)) - Starting Web-server for hddsDatanode at: http://0.0.0.0:0
2019-10-07 12:15:39,585 [main] INFO  server.AuthenticationFilter (AuthenticationFilter.java:constructSecretProvider(240)) - Unable to initialize FileSignerSecretProvider, falling back to use random secrets.
2019-10-07 12:15:39,585 [main] WARN  http.HttpRequestLog (HttpRequestLog.java:getRequestLog(97)) - Jetty request log can only be enabled using Log4j
2019-10-07 12:15:39,587 [main] INFO  http.HttpServer2 (HttpServer2.java:addGlobalFilter(975)) - Added global filter 'safety' (class=org.apache.hadoop.http.HttpServer2$QuotingInputFilter)
2019-10-07 12:15:39,587 [main] INFO  http.HttpServer2 (HttpServer2.java:addFilter(948)) - Added filter static_user_filter (class=org.apache.hadoop.http.lib.StaticUserWebFilter$StaticUserFilter) to context hddsDatanode
2019-10-07 12:15:39,587 [main] INFO  http.HttpServer2 (HttpServer2.java:addFilter(958)) - Added filter static_user_filter (class=org.apache.hadoop.http.lib.StaticUserWebFilter$StaticUserFilter) to context static
2019-10-07 12:15:39,587 [main] INFO  http.HttpServer2 (HttpServer2.java:addFilter(958)) - Added filter static_user_filter (class=org.apache.hadoop.http.lib.StaticUserWebFilter$StaticUserFilter) to context logs
2019-10-07 12:15:39,588 [main] INFO  http.HttpServer2 (HttpServer2.java:bindListener(1191)) - Jetty bound to port 33769
2019-10-07 12:15:39,588 [main] INFO  server.Server (Server.java:doStart(351)) - jetty-9.3.25.v20180904, build timestamp: 2018-09-04T21:11:46Z, git hash: 3ce520221d0240229c862b122d2b06c12a625732
2019-10-07 12:15:39,589 [main] INFO  handler.ContextHandler (ContextHandler.java:doStart(781)) - Started o.e.j.s.ServletContextHandler@624b3544{/logs,file:///workdir/hadoop-ozone/integration-test/target/log,AVAILABLE}
2019-10-07 12:15:39,590 [main] INFO  handler.ContextHandler (ContextHandler.java:doStart(781)) - Started o.e.j.s.ServletContextHandler@2c9fdb64{/static,jar:file:/home/user/.m2/repository/org/apache/hadoop/hadoop-hdds-container-service/0.5.0-SNAPSHOT/hadoop-hdds-container-service-0.5.0-SNAPSHOT.jar!/webapps/static,AVAILABLE}
2019-10-07 12:15:39,622 [main] INFO  handler.ContextHandler (ContextHandler.java:doStart(781)) - Started o.e.j.w.WebAppContext@6238d5e0{/,file:///tmp/jetty-0.0.0.0-33769-hddsDatanode-_-any-5441692353006253857.dir/webapp/,AVAILABLE}{/hddsDatanode}
2019-10-07 12:15:39,622 [main] INFO  server.AbstractConnector (AbstractConnector.java:doStart(278)) - Started ServerConnector@336f49a1{HTTP/1.1,[http/1.1]}{0.0.0.0:33769}
2019-10-07 12:15:39,624 [main] INFO  server.Server (Server.java:doStart(419)) - Started @584255ms
2019-10-07 12:15:39,624 [main] WARN  impl.MetricsSystemImpl (MetricsSystemImpl.java:register(276)) - Sink prometheus already exists!
2019-10-07 12:15:39,625 [main] INFO  server.BaseHttpServer (BaseHttpServer.java:updateConnectorAddress(215)) - HTTP server of HDDSDATANODE is listening at http://0.0.0.0:33769
2019-10-07 12:15:39,625 [main] INFO  impl.MetricsSystemImpl (MetricsSystemImpl.java:init(158)) - HddsDatanode metrics system started (again)
2019-10-07 12:15:39,629 [org.apache.hadoop.util.JvmPauseMonitor$Monitor@792a8104] INFO  util.JvmPauseMonitor (JvmPauseMonitor.java:run(188)) - Starting JVM pause monitor
2019-10-07 12:15:39,629 [main] INFO  ozone.HddsDatanodeService (HddsDatanodeService.java:start(184)) - HddsDatanodeService host:pr-hdds-2071-fmvlq-2762171947 ip:192.168.30.26
2019-10-07 12:15:39,629 [Datanode State Machine Thread - 0] INFO  datanode.InitDatanodeState (InitDatanodeState.java:persistContainerDatanodeDetails(140)) - DatanodeDetails is persisted to /workdir/hadoop-ozone/integration-test/target/test-dir/MiniOzoneClusterImpl-7d7c158f-473a-4dac-99b6-81fe19448475/datanode-1/meta/datanode.id
2019-10-07 12:15:39,634 [main] INFO  volume.HddsVolume (HddsVolume.java:<init>(176)) - Creating Volume: /workdir/hadoop-ozone/integration-test/target/test-dir/MiniOzoneClusterImpl-7d7c158f-473a-4dac-99b6-81fe19448475/datanode-2/data/containers/hdds of  storage type : DISK and capacity : 1482555576320
2019-10-07 12:15:39,634 [main] INFO  volume.VolumeSet (VolumeSet.java:initializeVolumeSet(170)) - Added Volume : /workdir/hadoop-ozone/integration-test/target/test-dir/MiniOzoneClusterImpl-7d7c158f-473a-4dac-99b6-81fe19448475/datanode-2/data/containers/hdds to VolumeSet
2019-10-07 12:15:39,635 [main] INFO  volume.ThrottledAsyncChecker (ThrottledAsyncChecker.java:schedule(139)) - Scheduling a check for org.apache.hadoop.ozone.container.common.volume.HddsVolume@e3899fd
2019-10-07 12:15:39,635 [main] INFO  volume.HddsVolumeChecker (HddsVolumeChecker.java:checkAllVolumes(202)) - Scheduled health check for volume org.apache.hadoop.ozone.container.common.volume.HddsVolume@e3899fd
2019-10-07 12:15:39,646 [main] INFO  impl.RaftServerProxy (ConfUtils.java:logGet(43)) - raft.rpc.type = GRPC (default)
2019-10-07 12:15:39,646 [main] INFO  grpc.GrpcFactory (GrpcFactory.java:checkPooledByteBufAllocatorUseCacheForAllThreads(45)) - PERFORMANCE WARNING: useCacheForAllThreads is true that may cause Netty to create a lot garbage objects and, as a result, trigger GC.
	It is recommended to disable useCacheForAllThreads by setting -Dorg.apache.ratis.thirdparty.io.netty.allocator.useCacheForAllThreads=false in command line.
2019-10-07 12:15:39,647 [main] INFO  grpc.GrpcConfigKeys$Server (ConfUtils.java:logGet(43)) - raft.grpc.server.port = 0 (default)
2019-10-07 12:15:39,647 [main] INFO  server.GrpcService (ConfUtils.java:logGet(43)) - raft.grpc.message.size.max = 33570816 (custom)
2019-10-07 12:15:39,647 [main] INFO  server.RaftServerConfigKeys (ConfUtils.java:logGet(43)) - raft.server.log.appender.buffer.byte-limit = 33554432 (custom)
2019-10-07 12:15:39,647 [main] INFO  server.GrpcService (ConfUtils.java:logGet(43)) - raft.grpc.flow.control.window = 1MB (=1048576) (default)
2019-10-07 12:15:39,647 [main] INFO  server.RaftServerConfigKeys (ConfUtils.java:logGet(43)) - raft.server.rpc.request.timeout = 3000ms (default)
2019-10-07 12:15:39,648 [main] INFO  server.RaftServerConfigKeys (ConfUtils.java:logGet(43)) - raft.server.storage.dir = [/workdir/hadoop-ozone/integration-test/target/test-dir/MiniOzoneClusterImpl-7d7c158f-473a-4dac-99b6-81fe19448475/datanode-2/data/ratis] (custom)
2019-10-07 12:15:39,649 [main] INFO  hdfs.DFSUtil (DFSUtil.java:httpServerTemplateForNNAndJN(1641)) - Starting Web-server for hddsDatanode at: http://0.0.0.0:0
2019-10-07 12:15:39,650 [main] INFO  server.AuthenticationFilter (AuthenticationFilter.java:constructSecretProvider(240)) - Unable to initialize FileSignerSecretProvider, falling back to use random secrets.
2019-10-07 12:15:39,650 [main] WARN  http.HttpRequestLog (HttpRequestLog.java:getRequestLog(97)) - Jetty request log can only be enabled using Log4j
2019-10-07 12:15:39,651 [main] INFO  http.HttpServer2 (HttpServer2.java:addGlobalFilter(975)) - Added global filter 'safety' (class=org.apache.hadoop.http.HttpServer2$QuotingInputFilter)
2019-10-07 12:15:39,652 [main] INFO  http.HttpServer2 (HttpServer2.java:addFilter(948)) - Added filter static_user_filter (class=org.apache.hadoop.http.lib.StaticUserWebFilter$StaticUserFilter) to context hddsDatanode
2019-10-07 12:15:39,652 [main] INFO  http.HttpServer2 (HttpServer2.java:addFilter(958)) - Added filter static_user_filter (class=org.apache.hadoop.http.lib.StaticUserWebFilter$StaticUserFilter) to context logs
2019-10-07 12:15:39,652 [main] INFO  http.HttpServer2 (HttpServer2.java:addFilter(958)) - Added filter static_user_filter (class=org.apache.hadoop.http.lib.StaticUserWebFilter$StaticUserFilter) to context static
2019-10-07 12:15:39,653 [main] INFO  http.HttpServer2 (HttpServer2.java:bindListener(1191)) - Jetty bound to port 37543
2019-10-07 12:15:39,653 [main] INFO  server.Server (Server.java:doStart(351)) - jetty-9.3.25.v20180904, build timestamp: 2018-09-04T21:11:46Z, git hash: 3ce520221d0240229c862b122d2b06c12a625732
2019-10-07 12:15:39,654 [main] INFO  handler.ContextHandler (ContextHandler.java:doStart(781)) - Started o.e.j.s.ServletContextHandler@19a5b637{/logs,file:///workdir/hadoop-ozone/integration-test/target/log,AVAILABLE}
2019-10-07 12:15:39,654 [main] INFO  handler.ContextHandler (ContextHandler.java:doStart(781)) - Started o.e.j.s.ServletContextHandler@4b4969ea{/static,jar:file:/home/user/.m2/repository/org/apache/hadoop/hadoop-hdds-container-service/0.5.0-SNAPSHOT/hadoop-hdds-container-service-0.5.0-SNAPSHOT.jar!/webapps/static,AVAILABLE}
2019-10-07 12:15:39,680 [main] INFO  handler.ContextHandler (ContextHandler.java:doStart(781)) - Started o.e.j.w.WebAppContext@20cff21e{/,file:///tmp/jetty-0.0.0.0-37543-hddsDatanode-_-any-7368388763372669094.dir/webapp/,AVAILABLE}{/hddsDatanode}
2019-10-07 12:15:39,680 [main] INFO  server.AbstractConnector (AbstractConnector.java:doStart(278)) - Started ServerConnector@463045fb{HTTP/1.1,[http/1.1]}{0.0.0.0:37543}
2019-10-07 12:15:39,682 [main] INFO  server.Server (Server.java:doStart(419)) - Started @584313ms
2019-10-07 12:15:39,682 [main] WARN  impl.MetricsSystemImpl (MetricsSystemImpl.java:register(276)) - Sink prometheus already exists!
2019-10-07 12:15:39,682 [main] INFO  server.BaseHttpServer (BaseHttpServer.java:updateConnectorAddress(215)) - HTTP server of HDDSDATANODE is listening at http://0.0.0.0:37543
2019-10-07 12:15:39,683 [main] INFO  impl.MetricsSystemImpl (MetricsSystemImpl.java:init(158)) - HddsDatanode metrics system started (again)
2019-10-07 12:15:39,686 [org.apache.hadoop.util.JvmPauseMonitor$Monitor@3ace12c7] INFO  util.JvmPauseMonitor (JvmPauseMonitor.java:run(188)) - Starting JVM pause monitor
2019-10-07 12:15:39,687 [main] INFO  ozone.HddsDatanodeService (HddsDatanodeService.java:start(184)) - HddsDatanodeService host:pr-hdds-2071-fmvlq-2762171947 ip:192.168.30.26
2019-10-07 12:15:39,688 [Datanode State Machine Thread - 0] INFO  datanode.InitDatanodeState (InitDatanodeState.java:persistContainerDatanodeDetails(140)) - DatanodeDetails is persisted to /workdir/hadoop-ozone/integration-test/target/test-dir/MiniOzoneClusterImpl-7d7c158f-473a-4dac-99b6-81fe19448475/datanode-2/meta/datanode.id
2019-10-07 12:15:39,692 [main] INFO  volume.HddsVolume (HddsVolume.java:<init>(176)) - Creating Volume: /workdir/hadoop-ozone/integration-test/target/test-dir/MiniOzoneClusterImpl-7d7c158f-473a-4dac-99b6-81fe19448475/datanode-3/data/containers/hdds of  storage type : DISK and capacity : 1482555576320
2019-10-07 12:15:39,692 [main] INFO  volume.VolumeSet (VolumeSet.java:initializeVolumeSet(170)) - Added Volume : /workdir/hadoop-ozone/integration-test/target/test-dir/MiniOzoneClusterImpl-7d7c158f-473a-4dac-99b6-81fe19448475/datanode-3/data/containers/hdds to VolumeSet
2019-10-07 12:15:39,692 [main] INFO  volume.ThrottledAsyncChecker (ThrottledAsyncChecker.java:schedule(139)) - Scheduling a check for org.apache.hadoop.ozone.container.common.volume.HddsVolume@2f09e6b2
2019-10-07 12:15:39,692 [main] INFO  volume.HddsVolumeChecker (HddsVolumeChecker.java:checkAllVolumes(202)) - Scheduled health check for volume org.apache.hadoop.ozone.container.common.volume.HddsVolume@2f09e6b2
2019-10-07 12:15:39,703 [main] INFO  impl.RaftServerProxy (ConfUtils.java:logGet(43)) - raft.rpc.type = GRPC (default)
2019-10-07 12:15:39,704 [main] INFO  grpc.GrpcFactory (GrpcFactory.java:checkPooledByteBufAllocatorUseCacheForAllThreads(45)) - PERFORMANCE WARNING: useCacheForAllThreads is true that may cause Netty to create a lot garbage objects and, as a result, trigger GC.
	It is recommended to disable useCacheForAllThreads by setting -Dorg.apache.ratis.thirdparty.io.netty.allocator.useCacheForAllThreads=false in command line.
2019-10-07 12:15:39,704 [main] INFO  grpc.GrpcConfigKeys$Server (ConfUtils.java:logGet(43)) - raft.grpc.server.port = 0 (default)
2019-10-07 12:15:39,704 [main] INFO  server.GrpcService (ConfUtils.java:logGet(43)) - raft.grpc.message.size.max = 33570816 (custom)
2019-10-07 12:15:39,704 [main] INFO  server.RaftServerConfigKeys (ConfUtils.java:logGet(43)) - raft.server.log.appender.buffer.byte-limit = 33554432 (custom)
2019-10-07 12:15:39,704 [main] INFO  server.GrpcService (ConfUtils.java:logGet(43)) - raft.grpc.flow.control.window = 1MB (=1048576) (default)
2019-10-07 12:15:39,705 [main] INFO  server.RaftServerConfigKeys (ConfUtils.java:logGet(43)) - raft.server.rpc.request.timeout = 3000ms (default)
2019-10-07 12:15:39,705 [main] INFO  server.RaftServerConfigKeys (ConfUtils.java:logGet(43)) - raft.server.storage.dir = [/workdir/hadoop-ozone/integration-test/target/test-dir/MiniOzoneClusterImpl-7d7c158f-473a-4dac-99b6-81fe19448475/datanode-3/data/ratis] (custom)
2019-10-07 12:15:39,706 [main] INFO  hdfs.DFSUtil (DFSUtil.java:httpServerTemplateForNNAndJN(1641)) - Starting Web-server for hddsDatanode at: http://0.0.0.0:0
2019-10-07 12:15:39,707 [main] INFO  server.AuthenticationFilter (AuthenticationFilter.java:constructSecretProvider(240)) - Unable to initialize FileSignerSecretProvider, falling back to use random secrets.
2019-10-07 12:15:39,707 [main] WARN  http.HttpRequestLog (HttpRequestLog.java:getRequestLog(97)) - Jetty request log can only be enabled using Log4j
2019-10-07 12:15:39,708 [main] INFO  http.HttpServer2 (HttpServer2.java:addGlobalFilter(975)) - Added global filter 'safety' (class=org.apache.hadoop.http.HttpServer2$QuotingInputFilter)
2019-10-07 12:15:39,708 [main] INFO  http.HttpServer2 (HttpServer2.java:addFilter(948)) - Added filter static_user_filter (class=org.apache.hadoop.http.lib.StaticUserWebFilter$StaticUserFilter) to context hddsDatanode
2019-10-07 12:15:39,708 [main] INFO  http.HttpServer2 (HttpServer2.java:addFilter(958)) - Added filter static_user_filter (class=org.apache.hadoop.http.lib.StaticUserWebFilter$StaticUserFilter) to context logs
2019-10-07 12:15:39,709 [main] INFO  http.HttpServer2 (HttpServer2.java:addFilter(958)) - Added filter static_user_filter (class=org.apache.hadoop.http.lib.StaticUserWebFilter$StaticUserFilter) to context static
2019-10-07 12:15:39,709 [main] INFO  http.HttpServer2 (HttpServer2.java:bindListener(1191)) - Jetty bound to port 43686
2019-10-07 12:15:39,709 [main] INFO  server.Server (Server.java:doStart(351)) - jetty-9.3.25.v20180904, build timestamp: 2018-09-04T21:11:46Z, git hash: 3ce520221d0240229c862b122d2b06c12a625732
2019-10-07 12:15:39,710 [main] INFO  handler.ContextHandler (ContextHandler.java:doStart(781)) - Started o.e.j.s.ServletContextHandler@2c7c0e36{/logs,file:///workdir/hadoop-ozone/integration-test/target/log,AVAILABLE}
2019-10-07 12:15:39,711 [main] INFO  handler.ContextHandler (ContextHandler.java:doStart(781)) - Started o.e.j.s.ServletContextHandler@374ccb9{/static,jar:file:/home/user/.m2/repository/org/apache/hadoop/hadoop-hdds-container-service/0.5.0-SNAPSHOT/hadoop-hdds-container-service-0.5.0-SNAPSHOT.jar!/webapps/static,AVAILABLE}
2019-10-07 12:15:39,736 [main] INFO  handler.ContextHandler (ContextHandler.java:doStart(781)) - Started o.e.j.w.WebAppContext@47058864{/,file:///tmp/jetty-0.0.0.0-43686-hddsDatanode-_-any-6052564704082732026.dir/webapp/,AVAILABLE}{/hddsDatanode}
2019-10-07 12:15:39,736 [main] INFO  server.AbstractConnector (AbstractConnector.java:doStart(278)) - Started ServerConnector@ad3f70a{HTTP/1.1,[http/1.1]}{0.0.0.0:43686}
2019-10-07 12:15:39,737 [main] INFO  server.Server (Server.java:doStart(419)) - Started @584368ms
2019-10-07 12:15:39,737 [main] WARN  impl.MetricsSystemImpl (MetricsSystemImpl.java:register(276)) - Sink prometheus already exists!
2019-10-07 12:15:39,738 [main] INFO  server.BaseHttpServer (BaseHttpServer.java:updateConnectorAddress(215)) - HTTP server of HDDSDATANODE is listening at http://0.0.0.0:43686
2019-10-07 12:15:39,738 [main] INFO  impl.MetricsSystemImpl (MetricsSystemImpl.java:init(158)) - HddsDatanode metrics system started (again)
2019-10-07 12:15:39,742 [org.apache.hadoop.util.JvmPauseMonitor$Monitor@666c7430] INFO  util.JvmPauseMonitor (JvmPauseMonitor.java:run(188)) - Starting JVM pause monitor
2019-10-07 12:15:39,742 [main] INFO  ozone.HddsDatanodeService (HddsDatanodeService.java:start(184)) - HddsDatanodeService host:pr-hdds-2071-fmvlq-2762171947 ip:192.168.30.26
2019-10-07 12:15:39,743 [Datanode State Machine Thread - 0] INFO  datanode.InitDatanodeState (InitDatanodeState.java:persistContainerDatanodeDetails(140)) - DatanodeDetails is persisted to /workdir/hadoop-ozone/integration-test/target/test-dir/MiniOzoneClusterImpl-7d7c158f-473a-4dac-99b6-81fe19448475/datanode-3/meta/datanode.id
2019-10-07 12:15:39,747 [main] INFO  volume.HddsVolume (HddsVolume.java:<init>(176)) - Creating Volume: /workdir/hadoop-ozone/integration-test/target/test-dir/MiniOzoneClusterImpl-7d7c158f-473a-4dac-99b6-81fe19448475/datanode-4/data/containers/hdds of  storage type : DISK and capacity : 1482555576320
2019-10-07 12:15:39,747 [main] INFO  volume.VolumeSet (VolumeSet.java:initializeVolumeSet(170)) - Added Volume : /workdir/hadoop-ozone/integration-test/target/test-dir/MiniOzoneClusterImpl-7d7c158f-473a-4dac-99b6-81fe19448475/datanode-4/data/containers/hdds to VolumeSet
2019-10-07 12:15:39,747 [main] INFO  volume.ThrottledAsyncChecker (ThrottledAsyncChecker.java:schedule(139)) - Scheduling a check for org.apache.hadoop.ozone.container.common.volume.HddsVolume@6d6cd1e0
2019-10-07 12:15:39,748 [main] INFO  volume.HddsVolumeChecker (HddsVolumeChecker.java:checkAllVolumes(202)) - Scheduled health check for volume org.apache.hadoop.ozone.container.common.volume.HddsVolume@6d6cd1e0
2019-10-07 12:15:39,758 [main] INFO  impl.RaftServerProxy (ConfUtils.java:logGet(43)) - raft.rpc.type = GRPC (default)
2019-10-07 12:15:39,759 [main] INFO  grpc.GrpcFactory (GrpcFactory.java:checkPooledByteBufAllocatorUseCacheForAllThreads(45)) - PERFORMANCE WARNING: useCacheForAllThreads is true that may cause Netty to create a lot garbage objects and, as a result, trigger GC.
	It is recommended to disable useCacheForAllThreads by setting -Dorg.apache.ratis.thirdparty.io.netty.allocator.useCacheForAllThreads=false in command line.
2019-10-07 12:15:39,759 [main] INFO  grpc.GrpcConfigKeys$Server (ConfUtils.java:logGet(43)) - raft.grpc.server.port = 0 (default)
2019-10-07 12:15:39,759 [main] INFO  server.GrpcService (ConfUtils.java:logGet(43)) - raft.grpc.message.size.max = 33570816 (custom)
2019-10-07 12:15:39,759 [main] INFO  server.RaftServerConfigKeys (ConfUtils.java:logGet(43)) - raft.server.log.appender.buffer.byte-limit = 33554432 (custom)
2019-10-07 12:15:39,759 [main] INFO  server.GrpcService (ConfUtils.java:logGet(43)) - raft.grpc.flow.control.window = 1MB (=1048576) (default)
2019-10-07 12:15:39,759 [main] INFO  server.RaftServerConfigKeys (ConfUtils.java:logGet(43)) - raft.server.rpc.request.timeout = 3000ms (default)
2019-10-07 12:15:39,760 [main] INFO  server.RaftServerConfigKeys (ConfUtils.java:logGet(43)) - raft.server.storage.dir = [/workdir/hadoop-ozone/integration-test/target/test-dir/MiniOzoneClusterImpl-7d7c158f-473a-4dac-99b6-81fe19448475/datanode-4/data/ratis] (custom)
2019-10-07 12:15:39,761 [main] INFO  hdfs.DFSUtil (DFSUtil.java:httpServerTemplateForNNAndJN(1641)) - Starting Web-server for hddsDatanode at: http://0.0.0.0:0
2019-10-07 12:15:39,762 [main] INFO  server.AuthenticationFilter (AuthenticationFilter.java:constructSecretProvider(240)) - Unable to initialize FileSignerSecretProvider, falling back to use random secrets.
2019-10-07 12:15:39,762 [main] WARN  http.HttpRequestLog (HttpRequestLog.java:getRequestLog(97)) - Jetty request log can only be enabled using Log4j
2019-10-07 12:15:39,763 [main] INFO  http.HttpServer2 (HttpServer2.java:addGlobalFilter(975)) - Added global filter 'safety' (class=org.apache.hadoop.http.HttpServer2$QuotingInputFilter)
2019-10-07 12:15:39,763 [main] INFO  http.HttpServer2 (HttpServer2.java:addFilter(948)) - Added filter static_user_filter (class=org.apache.hadoop.http.lib.StaticUserWebFilter$StaticUserFilter) to context hddsDatanode
2019-10-07 12:15:39,764 [main] INFO  http.HttpServer2 (HttpServer2.java:addFilter(958)) - Added filter static_user_filter (class=org.apache.hadoop.http.lib.StaticUserWebFilter$StaticUserFilter) to context static
2019-10-07 12:15:39,764 [main] INFO  http.HttpServer2 (HttpServer2.java:addFilter(958)) - Added filter static_user_filter (class=org.apache.hadoop.http.lib.StaticUserWebFilter$StaticUserFilter) to context logs
2019-10-07 12:15:39,764 [main] INFO  http.HttpServer2 (HttpServer2.java:bindListener(1191)) - Jetty bound to port 32820
2019-10-07 12:15:39,764 [main] INFO  server.Server (Server.java:doStart(351)) - jetty-9.3.25.v20180904, build timestamp: 2018-09-04T21:11:46Z, git hash: 3ce520221d0240229c862b122d2b06c12a625732
2019-10-07 12:15:39,766 [main] INFO  handler.ContextHandler (ContextHandler.java:doStart(781)) - Started o.e.j.s.ServletContextHandler@2abc55c4{/logs,file:///workdir/hadoop-ozone/integration-test/target/log,AVAILABLE}
2019-10-07 12:15:39,766 [main] INFO  handler.ContextHandler (ContextHandler.java:doStart(781)) - Started o.e.j.s.ServletContextHandler@71c0b742{/static,jar:file:/home/user/.m2/repository/org/apache/hadoop/hadoop-hdds-container-service/0.5.0-SNAPSHOT/hadoop-hdds-container-service-0.5.0-SNAPSHOT.jar!/webapps/static,AVAILABLE}
2019-10-07 12:15:39,792 [main] INFO  handler.ContextHandler (ContextHandler.java:doStart(781)) - Started o.e.j.w.WebAppContext@23121d14{/,file:///tmp/jetty-0.0.0.0-32820-hddsDatanode-_-any-2889438705616128654.dir/webapp/,AVAILABLE}{/hddsDatanode}
2019-10-07 12:15:39,792 [main] INFO  server.AbstractConnector (AbstractConnector.java:doStart(278)) - Started ServerConnector@72af90e8{HTTP/1.1,[http/1.1]}{0.0.0.0:32820}
2019-10-07 12:15:39,793 [main] INFO  server.Server (Server.java:doStart(419)) - Started @584424ms
2019-10-07 12:15:39,793 [main] WARN  impl.MetricsSystemImpl (MetricsSystemImpl.java:register(276)) - Sink prometheus already exists!
2019-10-07 12:15:39,794 [main] INFO  server.BaseHttpServer (BaseHttpServer.java:updateConnectorAddress(215)) - HTTP server of HDDSDATANODE is listening at http://0.0.0.0:32820
2019-10-07 12:15:39,794 [main] INFO  impl.MetricsSystemImpl (MetricsSystemImpl.java:init(158)) - HddsDatanode metrics system started (again)
2019-10-07 12:15:39,799 [org.apache.hadoop.util.JvmPauseMonitor$Monitor@3743ac77] INFO  util.JvmPauseMonitor (JvmPauseMonitor.java:run(188)) - Starting JVM pause monitor
2019-10-07 12:15:39,799 [main] INFO  ozone.HddsDatanodeService (HddsDatanodeService.java:start(184)) - HddsDatanodeService host:pr-hdds-2071-fmvlq-2762171947 ip:192.168.30.26
2019-10-07 12:15:39,800 [Datanode State Machine Thread - 0] INFO  datanode.InitDatanodeState (InitDatanodeState.java:persistContainerDatanodeDetails(140)) - DatanodeDetails is persisted to /workdir/hadoop-ozone/integration-test/target/test-dir/MiniOzoneClusterImpl-7d7c158f-473a-4dac-99b6-81fe19448475/datanode-4/meta/datanode.id
2019-10-07 12:15:39,805 [main] INFO  volume.HddsVolume (HddsVolume.java:<init>(176)) - Creating Volume: /workdir/hadoop-ozone/integration-test/target/test-dir/MiniOzoneClusterImpl-7d7c158f-473a-4dac-99b6-81fe19448475/datanode-5/data/containers/hdds of  storage type : DISK and capacity : 1482555576320
2019-10-07 12:15:39,805 [main] INFO  volume.VolumeSet (VolumeSet.java:initializeVolumeSet(170)) - Added Volume : /workdir/hadoop-ozone/integration-test/target/test-dir/MiniOzoneClusterImpl-7d7c158f-473a-4dac-99b6-81fe19448475/datanode-5/data/containers/hdds to VolumeSet
2019-10-07 12:15:39,805 [main] INFO  volume.ThrottledAsyncChecker (ThrottledAsyncChecker.java:schedule(139)) - Scheduling a check for org.apache.hadoop.ozone.container.common.volume.HddsVolume@77c66a4f
2019-10-07 12:15:39,806 [main] INFO  volume.HddsVolumeChecker (HddsVolumeChecker.java:checkAllVolumes(202)) - Scheduled health check for volume org.apache.hadoop.ozone.container.common.volume.HddsVolume@77c66a4f
2019-10-07 12:15:39,819 [main] INFO  impl.RaftServerProxy (ConfUtils.java:logGet(43)) - raft.rpc.type = GRPC (default)
2019-10-07 12:15:39,819 [main] INFO  grpc.GrpcFactory (GrpcFactory.java:checkPooledByteBufAllocatorUseCacheForAllThreads(45)) - PERFORMANCE WARNING: useCacheForAllThreads is true that may cause Netty to create a lot garbage objects and, as a result, trigger GC.
	It is recommended to disable useCacheForAllThreads by setting -Dorg.apache.ratis.thirdparty.io.netty.allocator.useCacheForAllThreads=false in command line.
2019-10-07 12:15:39,819 [main] INFO  grpc.GrpcConfigKeys$Server (ConfUtils.java:logGet(43)) - raft.grpc.server.port = 0 (default)
2019-10-07 12:15:39,819 [main] INFO  server.GrpcService (ConfUtils.java:logGet(43)) - raft.grpc.message.size.max = 33570816 (custom)
2019-10-07 12:15:39,820 [main] INFO  server.RaftServerConfigKeys (ConfUtils.java:logGet(43)) - raft.server.log.appender.buffer.byte-limit = 33554432 (custom)
2019-10-07 12:15:39,820 [main] INFO  server.GrpcService (ConfUtils.java:logGet(43)) - raft.grpc.flow.control.window = 1MB (=1048576) (default)
2019-10-07 12:15:39,820 [main] INFO  server.RaftServerConfigKeys (ConfUtils.java:logGet(43)) - raft.server.rpc.request.timeout = 3000ms (default)
2019-10-07 12:15:39,820 [main] INFO  server.RaftServerConfigKeys (ConfUtils.java:logGet(43)) - raft.server.storage.dir = [/workdir/hadoop-ozone/integration-test/target/test-dir/MiniOzoneClusterImpl-7d7c158f-473a-4dac-99b6-81fe19448475/datanode-5/data/ratis] (custom)
2019-10-07 12:15:39,821 [main] INFO  hdfs.DFSUtil (DFSUtil.java:httpServerTemplateForNNAndJN(1641)) - Starting Web-server for hddsDatanode at: http://0.0.0.0:0
2019-10-07 12:15:39,822 [main] INFO  server.AuthenticationFilter (AuthenticationFilter.java:constructSecretProvider(240)) - Unable to initialize FileSignerSecretProvider, falling back to use random secrets.
2019-10-07 12:15:39,823 [main] WARN  http.HttpRequestLog (HttpRequestLog.java:getRequestLog(97)) - Jetty request log can only be enabled using Log4j
2019-10-07 12:15:39,824 [main] INFO  http.HttpServer2 (HttpServer2.java:addGlobalFilter(975)) - Added global filter 'safety' (class=org.apache.hadoop.http.HttpServer2$QuotingInputFilter)
2019-10-07 12:15:39,824 [main] INFO  http.HttpServer2 (HttpServer2.java:addFilter(948)) - Added filter static_user_filter (class=org.apache.hadoop.http.lib.StaticUserWebFilter$StaticUserFilter) to context hddsDatanode
2019-10-07 12:15:39,825 [main] INFO  http.HttpServer2 (HttpServer2.java:addFilter(958)) - Added filter static_user_filter (class=org.apache.hadoop.http.lib.StaticUserWebFilter$StaticUserFilter) to context logs
2019-10-07 12:15:39,825 [main] INFO  http.HttpServer2 (HttpServer2.java:addFilter(958)) - Added filter static_user_filter (class=org.apache.hadoop.http.lib.StaticUserWebFilter$StaticUserFilter) to context static
2019-10-07 12:15:39,825 [main] INFO  http.HttpServer2 (HttpServer2.java:bindListener(1191)) - Jetty bound to port 46002
2019-10-07 12:15:39,825 [main] INFO  server.Server (Server.java:doStart(351)) - jetty-9.3.25.v20180904, build timestamp: 2018-09-04T21:11:46Z, git hash: 3ce520221d0240229c862b122d2b06c12a625732
2019-10-07 12:15:39,826 [main] INFO  handler.ContextHandler (ContextHandler.java:doStart(781)) - Started o.e.j.s.ServletContextHandler@50cbcca7{/logs,file:///workdir/hadoop-ozone/integration-test/target/log,AVAILABLE}
2019-10-07 12:15:39,827 [main] INFO  handler.ContextHandler (ContextHandler.java:doStart(781)) - Started o.e.j.s.ServletContextHandler@5bec3e0{/static,jar:file:/home/user/.m2/repository/org/apache/hadoop/hadoop-hdds-container-service/0.5.0-SNAPSHOT/hadoop-hdds-container-service-0.5.0-SNAPSHOT.jar!/webapps/static,AVAILABLE}
2019-10-07 12:15:39,852 [main] INFO  handler.ContextHandler (ContextHandler.java:doStart(781)) - Started o.e.j.w.WebAppContext@79e10fb4{/,file:///tmp/jetty-0.0.0.0-46002-hddsDatanode-_-any-182012529061041947.dir/webapp/,AVAILABLE}{/hddsDatanode}
2019-10-07 12:15:39,853 [main] INFO  server.AbstractConnector (AbstractConnector.java:doStart(278)) - Started ServerConnector@70fede7d{HTTP/1.1,[http/1.1]}{0.0.0.0:46002}
2019-10-07 12:15:39,854 [main] INFO  server.Server (Server.java:doStart(419)) - Started @584485ms
2019-10-07 12:15:39,854 [main] WARN  impl.MetricsSystemImpl (MetricsSystemImpl.java:register(276)) - Sink prometheus already exists!
2019-10-07 12:15:39,855 [main] INFO  server.BaseHttpServer (BaseHttpServer.java:updateConnectorAddress(215)) - HTTP server of HDDSDATANODE is listening at http://0.0.0.0:46002
2019-10-07 12:15:39,855 [main] INFO  impl.MetricsSystemImpl (MetricsSystemImpl.java:init(158)) - HddsDatanode metrics system started (again)
2019-10-07 12:15:39,860 [org.apache.hadoop.util.JvmPauseMonitor$Monitor@1da8a18e] INFO  util.JvmPauseMonitor (JvmPauseMonitor.java:run(188)) - Starting JVM pause monitor
2019-10-07 12:15:39,860 [main] INFO  ozone.HddsDatanodeService (HddsDatanodeService.java:start(184)) - HddsDatanodeService host:pr-hdds-2071-fmvlq-2762171947 ip:192.168.30.26
2019-10-07 12:15:39,862 [Datanode State Machine Thread - 0] INFO  datanode.InitDatanodeState (InitDatanodeState.java:persistContainerDatanodeDetails(140)) - DatanodeDetails is persisted to /workdir/hadoop-ozone/integration-test/target/test-dir/MiniOzoneClusterImpl-7d7c158f-473a-4dac-99b6-81fe19448475/datanode-5/meta/datanode.id
2019-10-07 12:15:39,866 [main] INFO  volume.HddsVolume (HddsVolume.java:<init>(176)) - Creating Volume: /workdir/hadoop-ozone/integration-test/target/test-dir/MiniOzoneClusterImpl-7d7c158f-473a-4dac-99b6-81fe19448475/datanode-6/data/containers/hdds of  storage type : DISK and capacity : 1482555576320
2019-10-07 12:15:39,867 [main] INFO  volume.VolumeSet (VolumeSet.java:initializeVolumeSet(170)) - Added Volume : /workdir/hadoop-ozone/integration-test/target/test-dir/MiniOzoneClusterImpl-7d7c158f-473a-4dac-99b6-81fe19448475/datanode-6/data/containers/hdds to VolumeSet
2019-10-07 12:15:39,867 [main] INFO  volume.ThrottledAsyncChecker (ThrottledAsyncChecker.java:schedule(139)) - Scheduling a check for org.apache.hadoop.ozone.container.common.volume.HddsVolume@68e5c7ae
2019-10-07 12:15:39,867 [main] INFO  volume.HddsVolumeChecker (HddsVolumeChecker.java:checkAllVolumes(202)) - Scheduled health check for volume org.apache.hadoop.ozone.container.common.volume.HddsVolume@68e5c7ae
2019-10-07 12:15:39,879 [main] INFO  impl.RaftServerProxy (ConfUtils.java:logGet(43)) - raft.rpc.type = GRPC (default)
2019-10-07 12:15:39,879 [main] INFO  grpc.GrpcFactory (GrpcFactory.java:checkPooledByteBufAllocatorUseCacheForAllThreads(45)) - PERFORMANCE WARNING: useCacheForAllThreads is true that may cause Netty to create a lot garbage objects and, as a result, trigger GC.
	It is recommended to disable useCacheForAllThreads by setting -Dorg.apache.ratis.thirdparty.io.netty.allocator.useCacheForAllThreads=false in command line.
2019-10-07 12:15:39,879 [main] INFO  grpc.GrpcConfigKeys$Server (ConfUtils.java:logGet(43)) - raft.grpc.server.port = 0 (default)
2019-10-07 12:15:39,879 [main] INFO  server.GrpcService (ConfUtils.java:logGet(43)) - raft.grpc.message.size.max = 33570816 (custom)
2019-10-07 12:15:39,879 [main] INFO  server.RaftServerConfigKeys (ConfUtils.java:logGet(43)) - raft.server.log.appender.buffer.byte-limit = 33554432 (custom)
2019-10-07 12:15:39,879 [main] INFO  server.GrpcService (ConfUtils.java:logGet(43)) - raft.grpc.flow.control.window = 1MB (=1048576) (default)
2019-10-07 12:15:39,880 [main] INFO  server.RaftServerConfigKeys (ConfUtils.java:logGet(43)) - raft.server.rpc.request.timeout = 3000ms (default)
2019-10-07 12:15:39,880 [main] INFO  server.RaftServerConfigKeys (ConfUtils.java:logGet(43)) - raft.server.storage.dir = [/workdir/hadoop-ozone/integration-test/target/test-dir/MiniOzoneClusterImpl-7d7c158f-473a-4dac-99b6-81fe19448475/datanode-6/data/ratis] (custom)
2019-10-07 12:15:39,881 [main] INFO  hdfs.DFSUtil (DFSUtil.java:httpServerTemplateForNNAndJN(1641)) - Starting Web-server for hddsDatanode at: http://0.0.0.0:0
2019-10-07 12:15:39,882 [main] INFO  server.AuthenticationFilter (AuthenticationFilter.java:constructSecretProvider(240)) - Unable to initialize FileSignerSecretProvider, falling back to use random secrets.
2019-10-07 12:15:39,882 [main] WARN  http.HttpRequestLog (HttpRequestLog.java:getRequestLog(97)) - Jetty request log can only be enabled using Log4j
2019-10-07 12:15:39,884 [main] INFO  http.HttpServer2 (HttpServer2.java:addGlobalFilter(975)) - Added global filter 'safety' (class=org.apache.hadoop.http.HttpServer2$QuotingInputFilter)
2019-10-07 12:15:39,884 [main] INFO  http.HttpServer2 (HttpServer2.java:addFilter(948)) - Added filter static_user_filter (class=org.apache.hadoop.http.lib.StaticUserWebFilter$StaticUserFilter) to context hddsDatanode
2019-10-07 12:15:39,884 [main] INFO  http.HttpServer2 (HttpServer2.java:addFilter(958)) - Added filter static_user_filter (class=org.apache.hadoop.http.lib.StaticUserWebFilter$StaticUserFilter) to context static
2019-10-07 12:15:39,885 [main] INFO  http.HttpServer2 (HttpServer2.java:addFilter(958)) - Added filter static_user_filter (class=org.apache.hadoop.http.lib.StaticUserWebFilter$StaticUserFilter) to context logs
2019-10-07 12:15:39,885 [main] INFO  http.HttpServer2 (HttpServer2.java:bindListener(1191)) - Jetty bound to port 39364
2019-10-07 12:15:39,885 [main] INFO  server.Server (Server.java:doStart(351)) - jetty-9.3.25.v20180904, build timestamp: 2018-09-04T21:11:46Z, git hash: 3ce520221d0240229c862b122d2b06c12a625732
2019-10-07 12:15:39,887 [main] INFO  handler.ContextHandler (ContextHandler.java:doStart(781)) - Started o.e.j.s.ServletContextHandler@6ddc67d0{/logs,file:///workdir/hadoop-ozone/integration-test/target/log,AVAILABLE}
2019-10-07 12:15:39,887 [main] INFO  handler.ContextHandler (ContextHandler.java:doStart(781)) - Started o.e.j.s.ServletContextHandler@7708b66a{/static,jar:file:/home/user/.m2/repository/org/apache/hadoop/hadoop-hdds-container-service/0.5.0-SNAPSHOT/hadoop-hdds-container-service-0.5.0-SNAPSHOT.jar!/webapps/static,AVAILABLE}
2019-10-07 12:15:39,913 [main] INFO  handler.ContextHandler (ContextHandler.java:doStart(781)) - Started o.e.j.w.WebAppContext@25ad25f5{/,file:///tmp/jetty-0.0.0.0-39364-hddsDatanode-_-any-5857953181069806023.dir/webapp/,AVAILABLE}{/hddsDatanode}
2019-10-07 12:15:39,913 [main] INFO  server.AbstractConnector (AbstractConnector.java:doStart(278)) - Started ServerConnector@5f0f70c7{HTTP/1.1,[http/1.1]}{0.0.0.0:39364}
2019-10-07 12:15:39,918 [main] INFO  server.Server (Server.java:doStart(419)) - Started @584549ms
2019-10-07 12:15:39,918 [main] WARN  impl.MetricsSystemImpl (MetricsSystemImpl.java:register(276)) - Sink prometheus already exists!
2019-10-07 12:15:39,919 [main] INFO  server.BaseHttpServer (BaseHttpServer.java:updateConnectorAddress(215)) - HTTP server of HDDSDATANODE is listening at http://0.0.0.0:39364
2019-10-07 12:15:39,919 [main] INFO  ozone.MiniOzoneClusterImpl (MiniOzoneClusterImpl.java:lambda$waitForClusterToBeReady$0(147)) - Waiting for cluster to be ready. Got 0 of 7 DN Heartbeats.
2019-10-07 12:15:39,925 [org.apache.hadoop.util.JvmPauseMonitor$Monitor@25db947a] INFO  util.JvmPauseMonitor (JvmPauseMonitor.java:run(188)) - Starting JVM pause monitor
2019-10-07 12:15:39,926 [Datanode State Machine Thread - 0] INFO  datanode.InitDatanodeState (InitDatanodeState.java:persistContainerDatanodeDetails(140)) - DatanodeDetails is persisted to /workdir/hadoop-ozone/integration-test/target/test-dir/MiniOzoneClusterImpl-7d7c158f-473a-4dac-99b6-81fe19448475/datanode-6/meta/datanode.id
2019-10-07 12:15:40,920 [main] INFO  ozone.MiniOzoneClusterImpl (MiniOzoneClusterImpl.java:lambda$waitForClusterToBeReady$0(147)) - Waiting for cluster to be ready. Got 0 of 7 DN Heartbeats.
2019-10-07 12:15:41,579 [Datanode State Machine Thread - 0] INFO  ozoneimpl.OzoneContainer (OzoneContainer.java:start(217)) - Attempting to start container services.
2019-10-07 12:15:41,580 [Datanode State Machine Thread - 0] INFO  ozoneimpl.OzoneContainer (OzoneContainer.java:startContainerScrub(179)) - Background container scanner has been disabled.
2019-10-07 12:15:41,580 [Datanode State Machine Thread - 0] INFO  ratis.XceiverServerRatis (XceiverServerRatis.java:start(418)) - Starting XceiverServerRatis f6db1340-cb79-4a19-bf21-eecb20c18a74 at port 0
2019-10-07 12:15:41,585 [Datanode State Machine Thread - 0] INFO  impl.RaftServerProxy (RaftServerProxy.java:lambda$start$3(299)) - f6db1340-cb79-4a19-bf21-eecb20c18a74: start RPC server
2019-10-07 12:15:41,587 [Datanode State Machine Thread - 0] INFO  server.GrpcService (GrpcService.java:startImpl(158)) - f6db1340-cb79-4a19-bf21-eecb20c18a74: GrpcService started, listening on 0.0.0.0/0.0.0.0:41448
2019-10-07 12:15:41,587 [Datanode State Machine Thread - 0] INFO  ratis.XceiverServerRatis (XceiverServerRatis.java:start(428)) - XceiverServerRatis f6db1340-cb79-4a19-bf21-eecb20c18a74 is started using port 41448
2019-10-07 12:15:41,588 [Datanode State Machine Thread - 0] INFO  server.XceiverServerGrpc (XceiverServerGrpc.java:start(149)) - XceiverServerGrpc f6db1340-cb79-4a19-bf21-eecb20c18a74 is started using port 41707
2019-10-07 12:15:41,643 [Datanode State Machine Thread - 0] INFO  ozoneimpl.OzoneContainer (OzoneContainer.java:start(217)) - Attempting to start container services.
2019-10-07 12:15:41,644 [Datanode State Machine Thread - 0] INFO  ozoneimpl.OzoneContainer (OzoneContainer.java:startContainerScrub(179)) - Background container scanner has been disabled.
2019-10-07 12:15:41,644 [Datanode State Machine Thread - 0] INFO  ratis.XceiverServerRatis (XceiverServerRatis.java:start(418)) - Starting XceiverServerRatis f9d625e3-2cd2-46f5-b342-93a9a992df18 at port 0
2019-10-07 12:15:41,649 [Datanode State Machine Thread - 0] INFO  impl.RaftServerProxy (RaftServerProxy.java:lambda$start$3(299)) - f9d625e3-2cd2-46f5-b342-93a9a992df18: start RPC server
2019-10-07 12:15:41,650 [Datanode State Machine Thread - 0] INFO  server.GrpcService (GrpcService.java:startImpl(158)) - f9d625e3-2cd2-46f5-b342-93a9a992df18: GrpcService started, listening on 0.0.0.0/0.0.0.0:39283
2019-10-07 12:15:41,650 [Datanode State Machine Thread - 0] INFO  ratis.XceiverServerRatis (XceiverServerRatis.java:start(428)) - XceiverServerRatis f9d625e3-2cd2-46f5-b342-93a9a992df18 is started using port 39283
2019-10-07 12:15:41,650 [Datanode State Machine Thread - 0] INFO  server.XceiverServerGrpc (XceiverServerGrpc.java:start(149)) - XceiverServerGrpc f9d625e3-2cd2-46f5-b342-93a9a992df18 is started using port 32925
2019-10-07 12:15:41,700 [Datanode State Machine Thread - 0] INFO  ozoneimpl.OzoneContainer (OzoneContainer.java:start(217)) - Attempting to start container services.
2019-10-07 12:15:41,700 [Datanode State Machine Thread - 0] INFO  ozoneimpl.OzoneContainer (OzoneContainer.java:startContainerScrub(179)) - Background container scanner has been disabled.
2019-10-07 12:15:41,700 [Datanode State Machine Thread - 0] INFO  ratis.XceiverServerRatis (XceiverServerRatis.java:start(418)) - Starting XceiverServerRatis cd504680-7405-4413-b4e4-6e6532fec091 at port 0
2019-10-07 12:15:41,705 [Datanode State Machine Thread - 0] INFO  impl.RaftServerProxy (RaftServerProxy.java:lambda$start$3(299)) - cd504680-7405-4413-b4e4-6e6532fec091: start RPC server
2019-10-07 12:15:41,708 [Datanode State Machine Thread - 0] INFO  server.GrpcService (GrpcService.java:startImpl(158)) - cd504680-7405-4413-b4e4-6e6532fec091: GrpcService started, listening on 0.0.0.0/0.0.0.0:41677
2019-10-07 12:15:41,708 [Datanode State Machine Thread - 0] INFO  ratis.XceiverServerRatis (XceiverServerRatis.java:start(428)) - XceiverServerRatis cd504680-7405-4413-b4e4-6e6532fec091 is started using port 41677
2019-10-07 12:15:41,710 [Datanode State Machine Thread - 0] INFO  server.XceiverServerGrpc (XceiverServerGrpc.java:start(149)) - XceiverServerGrpc cd504680-7405-4413-b4e4-6e6532fec091 is started using port 41335
2019-10-07 12:15:41,756 [Datanode State Machine Thread - 0] INFO  ozoneimpl.OzoneContainer (OzoneContainer.java:start(217)) - Attempting to start container services.
2019-10-07 12:15:41,756 [Datanode State Machine Thread - 0] INFO  ozoneimpl.OzoneContainer (OzoneContainer.java:startContainerScrub(179)) - Background container scanner has been disabled.
2019-10-07 12:15:41,757 [Datanode State Machine Thread - 0] INFO  ratis.XceiverServerRatis (XceiverServerRatis.java:start(418)) - Starting XceiverServerRatis d9b951ce-41d1-4813-8e81-a5aad6d5b66d at port 0
2019-10-07 12:15:41,764 [Datanode State Machine Thread - 0] INFO  impl.RaftServerProxy (RaftServerProxy.java:lambda$start$3(299)) - d9b951ce-41d1-4813-8e81-a5aad6d5b66d: start RPC server
2019-10-07 12:15:41,766 [Datanode State Machine Thread - 0] INFO  server.GrpcService (GrpcService.java:startImpl(158)) - d9b951ce-41d1-4813-8e81-a5aad6d5b66d: GrpcService started, listening on 0.0.0.0/0.0.0.0:34953
2019-10-07 12:15:41,766 [Datanode State Machine Thread - 0] INFO  ratis.XceiverServerRatis (XceiverServerRatis.java:start(428)) - XceiverServerRatis d9b951ce-41d1-4813-8e81-a5aad6d5b66d is started using port 34953
2019-10-07 12:15:41,767 [Datanode State Machine Thread - 0] INFO  server.XceiverServerGrpc (XceiverServerGrpc.java:start(149)) - XceiverServerGrpc d9b951ce-41d1-4813-8e81-a5aad6d5b66d is started using port 38572
2019-10-07 12:15:41,814 [Datanode State Machine Thread - 0] INFO  ozoneimpl.OzoneContainer (OzoneContainer.java:start(217)) - Attempting to start container services.
2019-10-07 12:15:41,814 [Datanode State Machine Thread - 0] INFO  ozoneimpl.OzoneContainer (OzoneContainer.java:startContainerScrub(179)) - Background container scanner has been disabled.
2019-10-07 12:15:41,814 [Datanode State Machine Thread - 0] INFO  ratis.XceiverServerRatis (XceiverServerRatis.java:start(418)) - Starting XceiverServerRatis a9d0680e-0879-49e8-b72a-c4fc94b3b8b7 at port 0
2019-10-07 12:15:41,821 [Datanode State Machine Thread - 0] INFO  impl.RaftServerProxy (RaftServerProxy.java:lambda$start$3(299)) - a9d0680e-0879-49e8-b72a-c4fc94b3b8b7: start RPC server
2019-10-07 12:15:41,823 [Datanode State Machine Thread - 0] INFO  server.GrpcService (GrpcService.java:startImpl(158)) - a9d0680e-0879-49e8-b72a-c4fc94b3b8b7: GrpcService started, listening on 0.0.0.0/0.0.0.0:38098
2019-10-07 12:15:41,824 [Datanode State Machine Thread - 0] INFO  ratis.XceiverServerRatis (XceiverServerRatis.java:start(428)) - XceiverServerRatis a9d0680e-0879-49e8-b72a-c4fc94b3b8b7 is started using port 38098
2019-10-07 12:15:41,824 [Datanode State Machine Thread - 0] INFO  server.XceiverServerGrpc (XceiverServerGrpc.java:start(149)) - XceiverServerGrpc a9d0680e-0879-49e8-b72a-c4fc94b3b8b7 is started using port 37196
2019-10-07 12:15:41,876 [Datanode State Machine Thread - 0] INFO  ozoneimpl.OzoneContainer (OzoneContainer.java:start(217)) - Attempting to start container services.
2019-10-07 12:15:41,877 [Datanode State Machine Thread - 0] INFO  ozoneimpl.OzoneContainer (OzoneContainer.java:startContainerScrub(179)) - Background container scanner has been disabled.
2019-10-07 12:15:41,877 [Datanode State Machine Thread - 0] INFO  ratis.XceiverServerRatis (XceiverServerRatis.java:start(418)) - Starting XceiverServerRatis 941e1436-7c11-4b15-ad79-e99f171cbd5c at port 0
2019-10-07 12:15:41,886 [Datanode State Machine Thread - 0] INFO  impl.RaftServerProxy (RaftServerProxy.java:lambda$start$3(299)) - 941e1436-7c11-4b15-ad79-e99f171cbd5c: start RPC server
2019-10-07 12:15:41,887 [Datanode State Machine Thread - 0] INFO  server.GrpcService (GrpcService.java:startImpl(158)) - 941e1436-7c11-4b15-ad79-e99f171cbd5c: GrpcService started, listening on 0.0.0.0/0.0.0.0:41572
2019-10-07 12:15:41,887 [Datanode State Machine Thread - 0] INFO  ratis.XceiverServerRatis (XceiverServerRatis.java:start(428)) - XceiverServerRatis 941e1436-7c11-4b15-ad79-e99f171cbd5c is started using port 41572
2019-10-07 12:15:41,888 [Datanode State Machine Thread - 0] INFO  server.XceiverServerGrpc (XceiverServerGrpc.java:start(149)) - XceiverServerGrpc 941e1436-7c11-4b15-ad79-e99f171cbd5c is started using port 45539
2019-10-07 12:15:41,920 [main] INFO  ozone.MiniOzoneClusterImpl (MiniOzoneClusterImpl.java:lambda$waitForClusterToBeReady$0(147)) - Waiting for cluster to be ready. Got 0 of 7 DN Heartbeats.
2019-10-07 12:15:41,939 [Datanode State Machine Thread - 0] INFO  ozoneimpl.OzoneContainer (OzoneContainer.java:start(217)) - Attempting to start container services.
2019-10-07 12:15:41,939 [Datanode State Machine Thread - 0] INFO  ozoneimpl.OzoneContainer (OzoneContainer.java:startContainerScrub(179)) - Background container scanner has been disabled.
2019-10-07 12:15:41,939 [Datanode State Machine Thread - 0] INFO  ratis.XceiverServerRatis (XceiverServerRatis.java:start(418)) - Starting XceiverServerRatis 1c1d0e0f-d37f-44d7-915f-5703c6413f3c at port 0
2019-10-07 12:15:41,947 [Datanode State Machine Thread - 0] INFO  impl.RaftServerProxy (RaftServerProxy.java:lambda$start$3(299)) - 1c1d0e0f-d37f-44d7-915f-5703c6413f3c: start RPC server
2019-10-07 12:15:41,964 [Datanode State Machine Thread - 0] INFO  server.GrpcService (GrpcService.java:startImpl(158)) - 1c1d0e0f-d37f-44d7-915f-5703c6413f3c: GrpcService started, listening on 0.0.0.0/0.0.0.0:37322
2019-10-07 12:15:41,964 [Datanode State Machine Thread - 0] INFO  ratis.XceiverServerRatis (XceiverServerRatis.java:start(428)) - XceiverServerRatis 1c1d0e0f-d37f-44d7-915f-5703c6413f3c is started using port 37322
2019-10-07 12:15:41,965 [Datanode State Machine Thread - 0] INFO  server.XceiverServerGrpc (XceiverServerGrpc.java:start(149)) - XceiverServerGrpc 1c1d0e0f-d37f-44d7-915f-5703c6413f3c is started using port 43836
2019-10-07 12:15:42,921 [main] INFO  ozone.MiniOzoneClusterImpl (MiniOzoneClusterImpl.java:lambda$waitForClusterToBeReady$0(147)) - Waiting for cluster to be ready. Got 0 of 7 DN Heartbeats.
2019-10-07 12:15:43,563 [IPC Server handler 0 on 34980] INFO  net.NetworkTopology (NetworkTopologyImpl.java:add(111)) - Added a new node: /default-rack/f6db1340-cb79-4a19-bf21-eecb20c18a74
2019-10-07 12:15:43,567 [IPC Server handler 0 on 34980] INFO  node.SCMNodeManager (SCMNodeManager.java:register(267)) - Registered Data node : f6db1340-cb79-4a19-bf21-eecb20c18a74{ip: 192.168.30.26, host: pr-hdds-2071-fmvlq-2762171947, networkLocation: /default-rack, certSerialId: null}
2019-10-07 12:15:43,569 [EventQueue-NodeRegistrationContainerReportForDataNodeSafeModeRule] INFO  safemode.SCMSafeModeManager (DataNodeSafeModeRule.java:process(71)) - SCM in safe mode. 1 DataNodes registered, 1 required.
2019-10-07 12:15:43,572 [EventQueue-NodeRegistrationContainerReportForDataNodeSafeModeRule] INFO  safemode.SCMSafeModeManager (SCMSafeModeManager.java:validateSafeModeExitRules(177)) - ScmSafeModeManager, all rules are successfully validated
2019-10-07 12:15:43,572 [EventQueue-NodeRegistrationContainerReportForDataNodeSafeModeRule] INFO  safemode.SCMSafeModeManager (SCMSafeModeManager.java:exitSafeMode(193)) - SCM exiting safe mode.
2019-10-07 12:15:43,599 [grpc-default-executor-7] INFO  impl.RaftServerProxy (RaftServerProxy.java:addNew(89)) - f6db1340-cb79-4a19-bf21-eecb20c18a74: addNew group-E72ABDC5F213:[f6db1340-cb79-4a19-bf21-eecb20c18a74:192.168.30.26:41448] returns group-E72ABDC5F213:java.util.concurrent.CompletableFuture@c7829d1[Not completed]
2019-10-07 12:15:43,602 [pool-409-thread-1] INFO  impl.RaftServerImpl (RaftServerImpl.java:<init>(95)) - f6db1340-cb79-4a19-bf21-eecb20c18a74: new RaftServerImpl for group-E72ABDC5F213:[f6db1340-cb79-4a19-bf21-eecb20c18a74:192.168.30.26:41448] with ContainerStateMachine:uninitialized
2019-10-07 12:15:43,602 [pool-409-thread-1] INFO  server.RaftServerConfigKeys (ConfUtils.java:logGet(43)) - raft.server.rpc.timeout.min = 5s (custom)
2019-10-07 12:15:43,602 [pool-409-thread-1] INFO  server.RaftServerConfigKeys (ConfUtils.java:logGet(43)) - raft.server.rpc.timeout.max = 5200ms (custom)
2019-10-07 12:15:43,602 [pool-409-thread-1] INFO  server.RaftServerConfigKeys (ConfUtils.java:logGet(43)) - raft.server.rpcslowness.timeout = 120s (custom)
2019-10-07 12:15:43,602 [pool-409-thread-1] INFO  server.RaftServerConfigKeys (ConfUtils.java:logGet(43)) - raft.server.sleep.deviation.threshold = 300 (default)
2019-10-07 12:15:43,603 [pool-409-thread-1] INFO  server.RaftServerConfigKeys (ConfUtils.java:logGet(43)) - raft.server.log.appender.install.snapshot.enabled = false (custom)
2019-10-07 12:15:43,603 [pool-409-thread-1] INFO  impl.RaftServerImpl (ServerState.java:<init>(103)) - f6db1340-cb79-4a19-bf21-eecb20c18a74@group-E72ABDC5F213: ConfigurationManager, init=-1: [f6db1340-cb79-4a19-bf21-eecb20c18a74:192.168.30.26:41448], old=null, confs=<EMPTY_MAP>
2019-10-07 12:15:43,603 [pool-409-thread-1] INFO  server.RaftServerConfigKeys (ConfUtils.java:logGet(43)) - raft.server.storage.dir = [/workdir/hadoop-ozone/integration-test/target/test-dir/MiniOzoneClusterImpl-7d7c158f-473a-4dac-99b6-81fe19448475/datanode-0/data/ratis] (custom)
2019-10-07 12:15:43,604 [pool-409-thread-1] INFO  server.RaftServerConfigKeys (ConfUtils.java:logGet(43)) - raft.server.log.corruption.policy = EXCEPTION (default)
2019-10-07 12:15:43,604 [pool-409-thread-1] INFO  storage.RaftStorageDirectory (RaftStorageDirectory.java:analyzeStorage(246)) - The storage directory /workdir/hadoop-ozone/integration-test/target/test-dir/MiniOzoneClusterImpl-7d7c158f-473a-4dac-99b6-81fe19448475/datanode-0/data/ratis/696c2ac5-faf9-41b3-9b38-e72abdc5f213 does not exist. Creating ...
2019-10-07 12:15:43,618 [pool-409-thread-1] INFO  storage.RaftStorageDirectory (RaftStorageDirectory.java:tryLock(328)) - Lock on /workdir/hadoop-ozone/integration-test/target/test-dir/MiniOzoneClusterImpl-7d7c158f-473a-4dac-99b6-81fe19448475/datanode-0/data/ratis/696c2ac5-faf9-41b3-9b38-e72abdc5f213/in_use.lock acquired by nodename 23411@pr-hdds-2071-fmvlq-2762171947
2019-10-07 12:15:43,629 [IPC Server handler 2 on 34980] INFO  net.NetworkTopology (NetworkTopologyImpl.java:add(111)) - Added a new node: /default-rack/f9d625e3-2cd2-46f5-b342-93a9a992df18
2019-10-07 12:15:43,629 [IPC Server handler 2 on 34980] INFO  node.SCMNodeManager (SCMNodeManager.java:register(267)) - Registered Data node : f9d625e3-2cd2-46f5-b342-93a9a992df18{ip: 192.168.30.26, host: pr-hdds-2071-fmvlq-2762171947, networkLocation: /default-rack, certSerialId: null}
2019-10-07 12:15:43,632 [pool-409-thread-1] INFO  storage.RaftStorage (RaftStorage.java:format(84)) - Storage directory /workdir/hadoop-ozone/integration-test/target/test-dir/MiniOzoneClusterImpl-7d7c158f-473a-4dac-99b6-81fe19448475/datanode-0/data/ratis/696c2ac5-faf9-41b3-9b38-e72abdc5f213 has been successfully formatted.
2019-10-07 12:15:43,632 [pool-409-thread-1] INFO  ratis.ContainerStateMachine (ContainerStateMachine.java:loadSnapshot(231)) - group-E72ABDC5F213: The snapshot info is null. Setting the last applied indexto:(t:0, i:~)
2019-10-07 12:15:43,632 [pool-409-thread-1] INFO  server.RaftServerConfigKeys (ConfUtils.java:logGet(43)) - raft.server.notification.no-leader.timeout = 120s (custom)
2019-10-07 12:15:43,632 [pool-409-thread-1] INFO  server.RaftServerConfigKeys (ConfUtils.java:logGet(43)) - raft.server.log.use.memory = false (default)
2019-10-07 12:15:43,633 [pool-409-thread-1] INFO  server.RaftServerConfigKeys (ConfUtils.java:logGet(43)) - raft.server.log.purge.gap = 1000000 (custom)
2019-10-07 12:15:43,633 [pool-409-thread-1] INFO  server.RaftServerConfigKeys (ConfUtils.java:logGet(43)) - raft.server.log.appender.buffer.byte-limit = 33554432 (custom)
2019-10-07 12:15:43,633 [pool-409-thread-1] INFO  server.RaftServerConfigKeys (ConfUtils.java:logGet(43)) - raft.server.log.segment.size.max = 1048576 (custom)
2019-10-07 12:15:43,635 [pool-409-thread-1] INFO  server.RaftServerConfigKeys (ConfUtils.java:logGet(43)) - raft.server.log.segment.cache.num.max = 2 (custom)
2019-10-07 12:15:43,635 [pool-409-thread-1] INFO  segmented.SegmentedRaftLogWorker (SegmentedRaftLogWorker.java:<init>(173)) - new f6db1340-cb79-4a19-bf21-eecb20c18a74@group-E72ABDC5F213-SegmentedRaftLogWorker for RaftStorage:Storage Directory /workdir/hadoop-ozone/integration-test/target/test-dir/MiniOzoneClusterImpl-7d7c158f-473a-4dac-99b6-81fe19448475/datanode-0/data/ratis/696c2ac5-faf9-41b3-9b38-e72abdc5f213
2019-10-07 12:15:43,636 [pool-409-thread-1] INFO  server.RaftServerConfigKeys (ConfUtils.java:logGet(43)) - raft.server.log.queue.byte-limit = 2147483647 (custom)
2019-10-07 12:15:43,636 [pool-409-thread-1] INFO  server.RaftServerConfigKeys (ConfUtils.java:logGet(43)) - raft.server.log.queue.element-limit = 1024 (custom)
2019-10-07 12:15:43,636 [pool-409-thread-1] INFO  server.RaftServerConfigKeys (ConfUtils.java:logGet(43)) - raft.server.log.segment.size.max = 1048576 (custom)
2019-10-07 12:15:43,636 [pool-409-thread-1] INFO  server.RaftServerConfigKeys (ConfUtils.java:logGet(43)) - raft.server.log.preallocated.size = 16384 (custom)
2019-10-07 12:15:43,636 [pool-409-thread-1] INFO  server.RaftServerConfigKeys (ConfUtils.java:logGet(43)) - raft.server.log.write.buffer.size = 33554432 (custom)
2019-10-07 12:15:43,636 [pool-409-thread-1] INFO  server.RaftServerConfigKeys (ConfUtils.java:logGet(43)) - raft.server.log.force.sync.num = 128 (default)
2019-10-07 12:15:43,636 [pool-409-thread-1] INFO  server.RaftServerConfigKeys (ConfUtils.java:logGet(43)) - raft.server.log.statemachine.data.sync = true (default)
2019-10-07 12:15:43,637 [pool-409-thread-1] INFO  server.RaftServerConfigKeys (ConfUtils.java:logGet(43)) - raft.server.log.statemachine.data.sync.timeout = 10s (default)
2019-10-07 12:15:43,637 [pool-409-thread-1] INFO  server.RaftServerConfigKeys (ConfUtils.java:logGet(43)) - raft.server.log.statemachine.data.sync.timeout.retry = -1 (default)
2019-10-07 12:15:43,637 [pool-409-thread-1] INFO  server.RaftServerConfigKeys (ConfUtils.java:logGet(43)) - raft.server.log.statemachine.data.caching.enabled = true (custom)
2019-10-07 12:15:43,637 [pool-409-thread-1] INFO  segmented.SegmentedRaftLogWorker (SegmentedRaftLogWorker.java:lambda$new$0(128)) - f6db1340-cb79-4a19-bf21-eecb20c18a74@group-E72ABDC5F213-SegmentedRaftLogWorker: flushIndex: setUnconditionally 0 -> -1
2019-10-07 12:15:43,638 [pool-409-thread-1] INFO  server.RaftServerConfigKeys (ConfUtils.java:logGet(43)) - raft.server.snapshot.auto.trigger.enabled = true (custom)
2019-10-07 12:15:43,638 [pool-409-thread-1] INFO  server.RaftServerConfigKeys (ConfUtils.java:logGet(43)) - raft.server.snapshot.auto.trigger.threshold = 10000 (custom)
2019-10-07 12:15:43,638 [pool-409-thread-1] INFO  server.RaftServerConfigKeys (ConfUtils.java:logGet(43)) - raft.server.snapshot.retention.file.num = 5 (custom)
2019-10-07 12:15:43,638 [pool-409-thread-1] INFO  server.RaftServerConfigKeys (ConfUtils.java:logGet(43)) - raft.server.retrycache.expirytime = 600000ms (custom)
2019-10-07 12:15:43,640 [pool-409-thread-1] INFO  impl.RaftServerImpl (RaftServerImpl.java:start(181)) - f6db1340-cb79-4a19-bf21-eecb20c18a74@group-E72ABDC5F213: start as a follower, conf=-1: [f6db1340-cb79-4a19-bf21-eecb20c18a74:192.168.30.26:41448], old=null
2019-10-07 12:15:43,640 [pool-409-thread-1] INFO  impl.RaftServerImpl (RaftServerImpl.java:setRole(170)) - f6db1340-cb79-4a19-bf21-eecb20c18a74@group-E72ABDC5F213: changes role from      null to FOLLOWER at term 0 for startAsFollower
2019-10-07 12:15:43,640 [pool-409-thread-1] INFO  impl.RoleInfo (RoleInfo.java:updateAndGet(143)) - f6db1340-cb79-4a19-bf21-eecb20c18a74: start FollowerState
2019-10-07 12:15:43,641 [pool-409-thread-1] INFO  util.JmxRegister (JmxRegister.java:tryRegister(44)) - Successfully registered JMX Bean with object name Ratis:service=RaftServer,group=group-E72ABDC5F213,id=f6db1340-cb79-4a19-bf21-eecb20c18a74
2019-10-07 12:15:43,645 [RatisPipelineUtilsThread] INFO  pipeline.PipelineStateManager (PipelineStateManager.java:addPipeline(56)) - Created pipeline Pipeline[ Id: 696c2ac5-faf9-41b3-9b38-e72abdc5f213, Nodes: f6db1340-cb79-4a19-bf21-eecb20c18a74{ip: 192.168.30.26, host: pr-hdds-2071-fmvlq-2762171947, networkLocation: /default-rack, certSerialId: null}, Type:RATIS, Factor:ONE, State:OPEN]
2019-10-07 12:15:43,651 [grpc-default-executor-7] INFO  impl.RaftServerProxy (RaftServerProxy.java:addNew(89)) - f9d625e3-2cd2-46f5-b342-93a9a992df18: addNew group-348426693C73:[f9d625e3-2cd2-46f5-b342-93a9a992df18:192.168.30.26:39283] returns group-348426693C73:java.util.concurrent.CompletableFuture@25634175[Not completed]
2019-10-07 12:15:43,652 [pool-419-thread-1] INFO  impl.RaftServerImpl (RaftServerImpl.java:<init>(95)) - f9d625e3-2cd2-46f5-b342-93a9a992df18: new RaftServerImpl for group-348426693C73:[f9d625e3-2cd2-46f5-b342-93a9a992df18:192.168.30.26:39283] with ContainerStateMachine:uninitialized
2019-10-07 12:15:43,652 [pool-419-thread-1] INFO  server.RaftServerConfigKeys (ConfUtils.java:logGet(43)) - raft.server.rpc.timeout.min = 5s (custom)
2019-10-07 12:15:43,652 [pool-419-thread-1] INFO  server.RaftServerConfigKeys (ConfUtils.java:logGet(43)) - raft.server.rpc.timeout.max = 5200ms (custom)
2019-10-07 12:15:43,652 [pool-419-thread-1] INFO  server.RaftServerConfigKeys (ConfUtils.java:logGet(43)) - raft.server.rpcslowness.timeout = 120s (custom)
2019-10-07 12:15:43,652 [pool-419-thread-1] INFO  server.RaftServerConfigKeys (ConfUtils.java:logGet(43)) - raft.server.sleep.deviation.threshold = 300 (default)
2019-10-07 12:15:43,653 [pool-419-thread-1] INFO  server.RaftServerConfigKeys (ConfUtils.java:logGet(43)) - raft.server.log.appender.install.snapshot.enabled = false (custom)
2019-10-07 12:15:43,653 [pool-419-thread-1] INFO  impl.RaftServerImpl (ServerState.java:<init>(103)) - f9d625e3-2cd2-46f5-b342-93a9a992df18@group-348426693C73: ConfigurationManager, init=-1: [f9d625e3-2cd2-46f5-b342-93a9a992df18:192.168.30.26:39283], old=null, confs=<EMPTY_MAP>
2019-10-07 12:15:43,653 [pool-419-thread-1] INFO  server.RaftServerConfigKeys (ConfUtils.java:logGet(43)) - raft.server.storage.dir = [/workdir/hadoop-ozone/integration-test/target/test-dir/MiniOzoneClusterImpl-7d7c158f-473a-4dac-99b6-81fe19448475/datanode-1/data/ratis] (custom)
2019-10-07 12:15:43,653 [pool-419-thread-1] INFO  server.RaftServerConfigKeys (ConfUtils.java:logGet(43)) - raft.server.log.corruption.policy = EXCEPTION (default)
2019-10-07 12:15:43,653 [pool-419-thread-1] INFO  storage.RaftStorageDirectory (RaftStorageDirectory.java:analyzeStorage(246)) - The storage directory /workdir/hadoop-ozone/integration-test/target/test-dir/MiniOzoneClusterImpl-7d7c158f-473a-4dac-99b6-81fe19448475/datanode-1/data/ratis/e526709a-4eba-4d55-a3a3-348426693c73 does not exist. Creating ...
2019-10-07 12:15:43,666 [pool-419-thread-1] INFO  storage.RaftStorageDirectory (RaftStorageDirectory.java:tryLock(328)) - Lock on /workdir/hadoop-ozone/integration-test/target/test-dir/MiniOzoneClusterImpl-7d7c158f-473a-4dac-99b6-81fe19448475/datanode-1/data/ratis/e526709a-4eba-4d55-a3a3-348426693c73/in_use.lock acquired by nodename 23411@pr-hdds-2071-fmvlq-2762171947
2019-10-07 12:15:43,679 [pool-419-thread-1] INFO  storage.RaftStorage (RaftStorage.java:format(84)) - Storage directory /workdir/hadoop-ozone/integration-test/target/test-dir/MiniOzoneClusterImpl-7d7c158f-473a-4dac-99b6-81fe19448475/datanode-1/data/ratis/e526709a-4eba-4d55-a3a3-348426693c73 has been successfully formatted.
2019-10-07 12:15:43,679 [pool-419-thread-1] INFO  ratis.ContainerStateMachine (ContainerStateMachine.java:loadSnapshot(231)) - group-348426693C73: The snapshot info is null. Setting the last applied indexto:(t:0, i:~)
2019-10-07 12:15:43,680 [pool-419-thread-1] INFO  server.RaftServerConfigKeys (ConfUtils.java:logGet(43)) - raft.server.notification.no-leader.timeout = 120s (custom)
2019-10-07 12:15:43,680 [pool-419-thread-1] INFO  server.RaftServerConfigKeys (ConfUtils.java:logGet(43)) - raft.server.log.use.memory = false (default)
2019-10-07 12:15:43,680 [pool-419-thread-1] INFO  server.RaftServerConfigKeys (ConfUtils.java:logGet(43)) - raft.server.log.purge.gap = 1000000 (custom)
2019-10-07 12:15:43,680 [pool-419-thread-1] INFO  server.RaftServerConfigKeys (ConfUtils.java:logGet(43)) - raft.server.log.appender.buffer.byte-limit = 33554432 (custom)
2019-10-07 12:15:43,680 [pool-419-thread-1] INFO  server.RaftServerConfigKeys (ConfUtils.java:logGet(43)) - raft.server.log.segment.size.max = 1048576 (custom)
2019-10-07 12:15:43,681 [pool-419-thread-1] INFO  server.RaftServerConfigKeys (ConfUtils.java:logGet(43)) - raft.server.log.segment.cache.num.max = 2 (custom)
2019-10-07 12:15:43,682 [pool-419-thread-1] INFO  segmented.SegmentedRaftLogWorker (SegmentedRaftLogWorker.java:<init>(173)) - new f9d625e3-2cd2-46f5-b342-93a9a992df18@group-348426693C73-SegmentedRaftLogWorker for RaftStorage:Storage Directory /workdir/hadoop-ozone/integration-test/target/test-dir/MiniOzoneClusterImpl-7d7c158f-473a-4dac-99b6-81fe19448475/datanode-1/data/ratis/e526709a-4eba-4d55-a3a3-348426693c73
2019-10-07 12:15:43,682 [pool-419-thread-1] INFO  server.RaftServerConfigKeys (ConfUtils.java:logGet(43)) - raft.server.log.queue.byte-limit = 2147483647 (custom)
2019-10-07 12:15:43,682 [pool-419-thread-1] INFO  server.RaftServerConfigKeys (ConfUtils.java:logGet(43)) - raft.server.log.queue.element-limit = 1024 (custom)
2019-10-07 12:15:43,682 [pool-419-thread-1] INFO  server.RaftServerConfigKeys (ConfUtils.java:logGet(43)) - raft.server.log.segment.size.max = 1048576 (custom)
2019-10-07 12:15:43,682 [pool-419-thread-1] INFO  server.RaftServerConfigKeys (ConfUtils.java:logGet(43)) - raft.server.log.preallocated.size = 16384 (custom)
2019-10-07 12:15:43,682 [pool-419-thread-1] INFO  server.RaftServerConfigKeys (ConfUtils.java:logGet(43)) - raft.server.log.write.buffer.size = 33554432 (custom)
2019-10-07 12:15:43,682 [pool-419-thread-1] INFO  server.RaftServerConfigKeys (ConfUtils.java:logGet(43)) - raft.server.log.force.sync.num = 128 (default)
2019-10-07 12:15:43,682 [pool-419-thread-1] INFO  server.RaftServerConfigKeys (ConfUtils.java:logGet(43)) - raft.server.log.statemachine.data.sync = true (default)
2019-10-07 12:15:43,683 [pool-419-thread-1] INFO  server.RaftServerConfigKeys (ConfUtils.java:logGet(43)) - raft.server.log.statemachine.data.sync.timeout = 10s (default)
2019-10-07 12:15:43,683 [pool-419-thread-1] INFO  server.RaftServerConfigKeys (ConfUtils.java:logGet(43)) - raft.server.log.statemachine.data.sync.timeout.retry = -1 (default)
2019-10-07 12:15:43,683 [pool-419-thread-1] INFO  server.RaftServerConfigKeys (ConfUtils.java:logGet(43)) - raft.server.log.statemachine.data.caching.enabled = true (custom)
2019-10-07 12:15:43,683 [pool-419-thread-1] INFO  segmented.SegmentedRaftLogWorker (SegmentedRaftLogWorker.java:lambda$new$0(128)) - f9d625e3-2cd2-46f5-b342-93a9a992df18@group-348426693C73-SegmentedRaftLogWorker: flushIndex: setUnconditionally 0 -> -1
2019-10-07 12:15:43,683 [pool-419-thread-1] INFO  server.RaftServerConfigKeys (ConfUtils.java:logGet(43)) - raft.server.snapshot.auto.trigger.enabled = true (custom)
2019-10-07 12:15:43,684 [pool-419-thread-1] INFO  server.RaftServerConfigKeys (ConfUtils.java:logGet(43)) - raft.server.snapshot.auto.trigger.threshold = 10000 (custom)
2019-10-07 12:15:43,684 [pool-419-thread-1] INFO  server.RaftServerConfigKeys (ConfUtils.java:logGet(43)) - raft.server.snapshot.retention.file.num = 5 (custom)
2019-10-07 12:15:43,684 [pool-419-thread-1] INFO  server.RaftServerConfigKeys (ConfUtils.java:logGet(43)) - raft.server.retrycache.expirytime = 600000ms (custom)
2019-10-07 12:15:43,685 [pool-419-thread-1] INFO  impl.RaftServerImpl (RaftServerImpl.java:start(181)) - f9d625e3-2cd2-46f5-b342-93a9a992df18@group-348426693C73: start as a follower, conf=-1: [f9d625e3-2cd2-46f5-b342-93a9a992df18:192.168.30.26:39283], old=null
2019-10-07 12:15:43,685 [pool-419-thread-1] INFO  impl.RaftServerImpl (RaftServerImpl.java:setRole(170)) - f9d625e3-2cd2-46f5-b342-93a9a992df18@group-348426693C73: changes role from      null to FOLLOWER at term 0 for startAsFollower
2019-10-07 12:15:43,685 [pool-419-thread-1] INFO  impl.RoleInfo (RoleInfo.java:updateAndGet(143)) - f9d625e3-2cd2-46f5-b342-93a9a992df18: start FollowerState
2019-10-07 12:15:43,686 [pool-419-thread-1] INFO  util.JmxRegister (JmxRegister.java:tryRegister(44)) - Successfully registered JMX Bean with object name Ratis:service=RaftServer,group=group-348426693C73,id=f9d625e3-2cd2-46f5-b342-93a9a992df18
2019-10-07 12:15:43,687 [IPC Server handler 1 on 34980] INFO  net.NetworkTopology (NetworkTopologyImpl.java:add(111)) - Added a new node: /default-rack/cd504680-7405-4413-b4e4-6e6532fec091
2019-10-07 12:15:43,687 [IPC Server handler 1 on 34980] INFO  node.SCMNodeManager (SCMNodeManager.java:register(267)) - Registered Data node : cd504680-7405-4413-b4e4-6e6532fec091{ip: 192.168.30.26, host: pr-hdds-2071-fmvlq-2762171947, networkLocation: /default-rack, certSerialId: null}
2019-10-07 12:15:43,689 [RatisPipelineUtilsThread] INFO  pipeline.PipelineStateManager (PipelineStateManager.java:addPipeline(56)) - Created pipeline Pipeline[ Id: e526709a-4eba-4d55-a3a3-348426693c73, Nodes: f9d625e3-2cd2-46f5-b342-93a9a992df18{ip: 192.168.30.26, host: pr-hdds-2071-fmvlq-2762171947, networkLocation: /default-rack, certSerialId: null}, Type:RATIS, Factor:ONE, State:OPEN]
2019-10-07 12:15:43,695 [grpc-default-executor-7] INFO  impl.RaftServerProxy (RaftServerProxy.java:addNew(89)) - cd504680-7405-4413-b4e4-6e6532fec091: addNew group-2C5CD7BEB7E9:[cd504680-7405-4413-b4e4-6e6532fec091:192.168.30.26:41677] returns group-2C5CD7BEB7E9:java.util.concurrent.CompletableFuture@202b5aaa[Not completed]
2019-10-07 12:15:43,697 [pool-429-thread-1] INFO  impl.RaftServerImpl (RaftServerImpl.java:<init>(95)) - cd504680-7405-4413-b4e4-6e6532fec091: new RaftServerImpl for group-2C5CD7BEB7E9:[cd504680-7405-4413-b4e4-6e6532fec091:192.168.30.26:41677] with ContainerStateMachine:uninitialized
2019-10-07 12:15:43,697 [pool-429-thread-1] INFO  server.RaftServerConfigKeys (ConfUtils.java:logGet(43)) - raft.server.rpc.timeout.min = 5s (custom)
2019-10-07 12:15:43,697 [pool-429-thread-1] INFO  server.RaftServerConfigKeys (ConfUtils.java:logGet(43)) - raft.server.rpc.timeout.max = 5200ms (custom)
2019-10-07 12:15:43,697 [pool-429-thread-1] INFO  server.RaftServerConfigKeys (ConfUtils.java:logGet(43)) - raft.server.rpcslowness.timeout = 120s (custom)
2019-10-07 12:15:43,697 [pool-429-thread-1] INFO  server.RaftServerConfigKeys (ConfUtils.java:logGet(43)) - raft.server.sleep.deviation.threshold = 300 (default)
2019-10-07 12:15:43,698 [pool-429-thread-1] INFO  server.RaftServerConfigKeys (ConfUtils.java:logGet(43)) - raft.server.log.appender.install.snapshot.enabled = false (custom)
2019-10-07 12:15:43,698 [pool-429-thread-1] INFO  impl.RaftServerImpl (ServerState.java:<init>(103)) - cd504680-7405-4413-b4e4-6e6532fec091@group-2C5CD7BEB7E9: ConfigurationManager, init=-1: [cd504680-7405-4413-b4e4-6e6532fec091:192.168.30.26:41677], old=null, confs=<EMPTY_MAP>
2019-10-07 12:15:43,698 [pool-429-thread-1] INFO  server.RaftServerConfigKeys (ConfUtils.java:logGet(43)) - raft.server.storage.dir = [/workdir/hadoop-ozone/integration-test/target/test-dir/MiniOzoneClusterImpl-7d7c158f-473a-4dac-99b6-81fe19448475/datanode-2/data/ratis] (custom)
2019-10-07 12:15:43,698 [pool-429-thread-1] INFO  server.RaftServerConfigKeys (ConfUtils.java:logGet(43)) - raft.server.log.corruption.policy = EXCEPTION (default)
2019-10-07 12:15:43,698 [pool-429-thread-1] INFO  storage.RaftStorageDirectory (RaftStorageDirectory.java:analyzeStorage(246)) - The storage directory /workdir/hadoop-ozone/integration-test/target/test-dir/MiniOzoneClusterImpl-7d7c158f-473a-4dac-99b6-81fe19448475/datanode-2/data/ratis/38005d66-c282-4c29-b964-2c5cd7beb7e9 does not exist. Creating ...
2019-10-07 12:15:43,711 [pool-429-thread-1] INFO  storage.RaftStorageDirectory (RaftStorageDirectory.java:tryLock(328)) - Lock on /workdir/hadoop-ozone/integration-test/target/test-dir/MiniOzoneClusterImpl-7d7c158f-473a-4dac-99b6-81fe19448475/datanode-2/data/ratis/38005d66-c282-4c29-b964-2c5cd7beb7e9/in_use.lock acquired by nodename 23411@pr-hdds-2071-fmvlq-2762171947
2019-10-07 12:15:43,725 [pool-429-thread-1] INFO  storage.RaftStorage (RaftStorage.java:format(84)) - Storage directory /workdir/hadoop-ozone/integration-test/target/test-dir/MiniOzoneClusterImpl-7d7c158f-473a-4dac-99b6-81fe19448475/datanode-2/data/ratis/38005d66-c282-4c29-b964-2c5cd7beb7e9 has been successfully formatted.
2019-10-07 12:15:43,725 [pool-429-thread-1] INFO  ratis.ContainerStateMachine (ContainerStateMachine.java:loadSnapshot(231)) - group-2C5CD7BEB7E9: The snapshot info is null. Setting the last applied indexto:(t:0, i:~)
2019-10-07 12:15:43,725 [pool-429-thread-1] INFO  server.RaftServerConfigKeys (ConfUtils.java:logGet(43)) - raft.server.notification.no-leader.timeout = 120s (custom)
2019-10-07 12:15:43,725 [pool-429-thread-1] INFO  server.RaftServerConfigKeys (ConfUtils.java:logGet(43)) - raft.server.log.use.memory = false (default)
2019-10-07 12:15:43,725 [pool-429-thread-1] INFO  server.RaftServerConfigKeys (ConfUtils.java:logGet(43)) - raft.server.log.purge.gap = 1000000 (custom)
2019-10-07 12:15:43,726 [pool-429-thread-1] INFO  server.RaftServerConfigKeys (ConfUtils.java:logGet(43)) - raft.server.log.appender.buffer.byte-limit = 33554432 (custom)
2019-10-07 12:15:43,726 [pool-429-thread-1] INFO  server.RaftServerConfigKeys (ConfUtils.java:logGet(43)) - raft.server.log.segment.size.max = 1048576 (custom)
2019-10-07 12:15:43,727 [pool-429-thread-1] INFO  server.RaftServerConfigKeys (ConfUtils.java:logGet(43)) - raft.server.log.segment.cache.num.max = 2 (custom)
2019-10-07 12:15:43,727 [pool-429-thread-1] INFO  segmented.SegmentedRaftLogWorker (SegmentedRaftLogWorker.java:<init>(173)) - new cd504680-7405-4413-b4e4-6e6532fec091@group-2C5CD7BEB7E9-SegmentedRaftLogWorker for RaftStorage:Storage Directory /workdir/hadoop-ozone/integration-test/target/test-dir/MiniOzoneClusterImpl-7d7c158f-473a-4dac-99b6-81fe19448475/datanode-2/data/ratis/38005d66-c282-4c29-b964-2c5cd7beb7e9
2019-10-07 12:15:43,728 [pool-429-thread-1] INFO  server.RaftServerConfigKeys (ConfUtils.java:logGet(43)) - raft.server.log.queue.byte-limit = 2147483647 (custom)
2019-10-07 12:15:43,728 [pool-429-thread-1] INFO  server.RaftServerConfigKeys (ConfUtils.java:logGet(43)) - raft.server.log.queue.element-limit = 1024 (custom)
2019-10-07 12:15:43,728 [pool-429-thread-1] INFO  server.RaftServerConfigKeys (ConfUtils.java:logGet(43)) - raft.server.log.segment.size.max = 1048576 (custom)
2019-10-07 12:15:43,728 [pool-429-thread-1] INFO  server.RaftServerConfigKeys (ConfUtils.java:logGet(43)) - raft.server.log.preallocated.size = 16384 (custom)
2019-10-07 12:15:43,728 [pool-429-thread-1] INFO  server.RaftServerConfigKeys (ConfUtils.java:logGet(43)) - raft.server.log.write.buffer.size = 33554432 (custom)
2019-10-07 12:15:43,728 [pool-429-thread-1] INFO  server.RaftServerConfigKeys (ConfUtils.java:logGet(43)) - raft.server.log.force.sync.num = 128 (default)
2019-10-07 12:15:43,728 [pool-429-thread-1] INFO  server.RaftServerConfigKeys (ConfUtils.java:logGet(43)) - raft.server.log.statemachine.data.sync = true (default)
2019-10-07 12:15:43,728 [pool-429-thread-1] INFO  server.RaftServerConfigKeys (ConfUtils.java:logGet(43)) - raft.server.log.statemachine.data.sync.timeout = 10s (default)
2019-10-07 12:15:43,729 [pool-429-thread-1] INFO  server.RaftServerConfigKeys (ConfUtils.java:logGet(43)) - raft.server.log.statemachine.data.sync.timeout.retry = -1 (default)
2019-10-07 12:15:43,729 [pool-429-thread-1] INFO  server.RaftServerConfigKeys (ConfUtils.java:logGet(43)) - raft.server.log.statemachine.data.caching.enabled = true (custom)
2019-10-07 12:15:43,729 [pool-429-thread-1] INFO  segmented.SegmentedRaftLogWorker (SegmentedRaftLogWorker.java:lambda$new$0(128)) - cd504680-7405-4413-b4e4-6e6532fec091@group-2C5CD7BEB7E9-SegmentedRaftLogWorker: flushIndex: setUnconditionally 0 -> -1
2019-10-07 12:15:43,729 [pool-429-thread-1] INFO  server.RaftServerConfigKeys (ConfUtils.java:logGet(43)) - raft.server.snapshot.auto.trigger.enabled = true (custom)
2019-10-07 12:15:43,730 [pool-429-thread-1] INFO  server.RaftServerConfigKeys (ConfUtils.java:logGet(43)) - raft.server.snapshot.auto.trigger.threshold = 10000 (custom)
2019-10-07 12:15:43,730 [pool-429-thread-1] INFO  server.RaftServerConfigKeys (ConfUtils.java:logGet(43)) - raft.server.snapshot.retention.file.num = 5 (custom)
2019-10-07 12:15:43,730 [pool-429-thread-1] INFO  server.RaftServerConfigKeys (ConfUtils.java:logGet(43)) - raft.server.retrycache.expirytime = 600000ms (custom)
2019-10-07 12:15:43,731 [pool-429-thread-1] INFO  impl.RaftServerImpl (RaftServerImpl.java:start(181)) - cd504680-7405-4413-b4e4-6e6532fec091@group-2C5CD7BEB7E9: start as a follower, conf=-1: [cd504680-7405-4413-b4e4-6e6532fec091:192.168.30.26:41677], old=null
2019-10-07 12:15:43,731 [pool-429-thread-1] INFO  impl.RaftServerImpl (RaftServerImpl.java:setRole(170)) - cd504680-7405-4413-b4e4-6e6532fec091@group-2C5CD7BEB7E9: changes role from      null to FOLLOWER at term 0 for startAsFollower
2019-10-07 12:15:43,731 [pool-429-thread-1] INFO  impl.RoleInfo (RoleInfo.java:updateAndGet(143)) - cd504680-7405-4413-b4e4-6e6532fec091: start FollowerState
2019-10-07 12:15:43,732 [pool-429-thread-1] INFO  util.JmxRegister (JmxRegister.java:tryRegister(44)) - Successfully registered JMX Bean with object name Ratis:service=RaftServer,group=group-2C5CD7BEB7E9,id=cd504680-7405-4413-b4e4-6e6532fec091
2019-10-07 12:15:43,735 [RatisPipelineUtilsThread] INFO  pipeline.PipelineStateManager (PipelineStateManager.java:addPipeline(56)) - Created pipeline Pipeline[ Id: 38005d66-c282-4c29-b964-2c5cd7beb7e9, Nodes: cd504680-7405-4413-b4e4-6e6532fec091{ip: 192.168.30.26, host: pr-hdds-2071-fmvlq-2762171947, networkLocation: /default-rack, certSerialId: null}, Type:RATIS, Factor:ONE, State:OPEN]
2019-10-07 12:15:43,745 [IPC Server handler 4 on 34980] INFO  net.NetworkTopology (NetworkTopologyImpl.java:add(111)) - Added a new node: /default-rack/d9b951ce-41d1-4813-8e81-a5aad6d5b66d
2019-10-07 12:15:43,746 [IPC Server handler 4 on 34980] INFO  node.SCMNodeManager (SCMNodeManager.java:register(267)) - Registered Data node : d9b951ce-41d1-4813-8e81-a5aad6d5b66d{ip: 192.168.30.26, host: pr-hdds-2071-fmvlq-2762171947, networkLocation: /default-rack, certSerialId: null}
2019-10-07 12:15:43,746 [grpc-default-executor-4] INFO  impl.RaftServerProxy (RaftServerProxy.java:addNew(89)) - f6db1340-cb79-4a19-bf21-eecb20c18a74: addNew group-2CE5768EEBAD:[f9d625e3-2cd2-46f5-b342-93a9a992df18:192.168.30.26:39283, f6db1340-cb79-4a19-bf21-eecb20c18a74:192.168.30.26:41448, cd504680-7405-4413-b4e4-6e6532fec091:192.168.30.26:41677] returns group-2CE5768EEBAD:java.util.concurrent.CompletableFuture@2b607b4d[Not completed]
2019-10-07 12:15:43,747 [grpc-default-executor-7] INFO  impl.RaftServerProxy (RaftServerProxy.java:addNew(89)) - cd504680-7405-4413-b4e4-6e6532fec091: addNew group-2CE5768EEBAD:[f9d625e3-2cd2-46f5-b342-93a9a992df18:192.168.30.26:39283, f6db1340-cb79-4a19-bf21-eecb20c18a74:192.168.30.26:41448, cd504680-7405-4413-b4e4-6e6532fec091:192.168.30.26:41677] returns group-2CE5768EEBAD:java.util.concurrent.CompletableFuture@31df4bef[Not completed]
2019-10-07 12:15:43,747 [pool-409-thread-1] INFO  impl.RaftServerImpl (RaftServerImpl.java:<init>(95)) - f6db1340-cb79-4a19-bf21-eecb20c18a74: new RaftServerImpl for group-2CE5768EEBAD:[f9d625e3-2cd2-46f5-b342-93a9a992df18:192.168.30.26:39283, f6db1340-cb79-4a19-bf21-eecb20c18a74:192.168.30.26:41448, cd504680-7405-4413-b4e4-6e6532fec091:192.168.30.26:41677] with ContainerStateMachine:uninitialized
2019-10-07 12:15:43,747 [pool-409-thread-1] INFO  server.RaftServerConfigKeys (ConfUtils.java:logGet(43)) - raft.server.rpc.timeout.min = 5s (custom)
2019-10-07 12:15:43,747 [grpc-default-executor-4] INFO  impl.RaftServerProxy (RaftServerProxy.java:addNew(89)) - f9d625e3-2cd2-46f5-b342-93a9a992df18: addNew group-2CE5768EEBAD:[f9d625e3-2cd2-46f5-b342-93a9a992df18:192.168.30.26:39283, f6db1340-cb79-4a19-bf21-eecb20c18a74:192.168.30.26:41448, cd504680-7405-4413-b4e4-6e6532fec091:192.168.30.26:41677] returns group-2CE5768EEBAD:java.util.concurrent.CompletableFuture@43da44f4[Not completed]
2019-10-07 12:15:43,747 [pool-429-thread-1] INFO  impl.RaftServerImpl (RaftServerImpl.java:<init>(95)) - cd504680-7405-4413-b4e4-6e6532fec091: new RaftServerImpl for group-2CE5768EEBAD:[f9d625e3-2cd2-46f5-b342-93a9a992df18:192.168.30.26:39283, f6db1340-cb79-4a19-bf21-eecb20c18a74:192.168.30.26:41448, cd504680-7405-4413-b4e4-6e6532fec091:192.168.30.26:41677] with ContainerStateMachine:uninitialized
2019-10-07 12:15:43,747 [pool-409-thread-1] INFO  server.RaftServerConfigKeys (ConfUtils.java:logGet(43)) - raft.server.rpc.timeout.max = 5200ms (custom)
2019-10-07 12:15:43,748 [pool-429-thread-1] INFO  server.RaftServerConfigKeys (ConfUtils.java:logGet(43)) - raft.server.rpc.timeout.min = 5s (custom)
2019-10-07 12:15:43,748 [pool-409-thread-1] INFO  server.RaftServerConfigKeys (ConfUtils.java:logGet(43)) - raft.server.rpcslowness.timeout = 120s (custom)
2019-10-07 12:15:43,748 [pool-429-thread-1] INFO  server.RaftServerConfigKeys (ConfUtils.java:logGet(43)) - raft.server.rpc.timeout.max = 5200ms (custom)
2019-10-07 12:15:43,748 [pool-409-thread-1] INFO  server.RaftServerConfigKeys (ConfUtils.java:logGet(43)) - raft.server.sleep.deviation.threshold = 300 (default)
2019-10-07 12:15:43,748 [pool-419-thread-1] INFO  impl.RaftServerImpl (RaftServerImpl.java:<init>(95)) - f9d625e3-2cd2-46f5-b342-93a9a992df18: new RaftServerImpl for group-2CE5768EEBAD:[f9d625e3-2cd2-46f5-b342-93a9a992df18:192.168.30.26:39283, f6db1340-cb79-4a19-bf21-eecb20c18a74:192.168.30.26:41448, cd504680-7405-4413-b4e4-6e6532fec091:192.168.30.26:41677] with ContainerStateMachine:uninitialized
2019-10-07 12:15:43,748 [pool-429-thread-1] INFO  server.RaftServerConfigKeys (ConfUtils.java:logGet(43)) - raft.server.rpcslowness.timeout = 120s (custom)
2019-10-07 12:15:43,748 [pool-419-thread-1] INFO  server.RaftServerConfigKeys (ConfUtils.java:logGet(43)) - raft.server.rpc.timeout.min = 5s (custom)
2019-10-07 12:15:43,748 [pool-409-thread-1] INFO  server.RaftServerConfigKeys (ConfUtils.java:logGet(43)) - raft.server.log.appender.install.snapshot.enabled = false (custom)
2019-10-07 12:15:43,749 [pool-419-thread-1] INFO  server.RaftServerConfigKeys (ConfUtils.java:logGet(43)) - raft.server.rpc.timeout.max = 5200ms (custom)
2019-10-07 12:15:43,748 [pool-429-thread-1] INFO  server.RaftServerConfigKeys (ConfUtils.java:logGet(43)) - raft.server.sleep.deviation.threshold = 300 (default)
2019-10-07 12:15:43,749 [pool-419-thread-1] INFO  server.RaftServerConfigKeys (ConfUtils.java:logGet(43)) - raft.server.rpcslowness.timeout = 120s (custom)
2019-10-07 12:15:43,749 [pool-409-thread-1] INFO  impl.RaftServerImpl (ServerState.java:<init>(103)) - f6db1340-cb79-4a19-bf21-eecb20c18a74@group-2CE5768EEBAD: ConfigurationManager, init=-1: [f9d625e3-2cd2-46f5-b342-93a9a992df18:192.168.30.26:39283, f6db1340-cb79-4a19-bf21-eecb20c18a74:192.168.30.26:41448, cd504680-7405-4413-b4e4-6e6532fec091:192.168.30.26:41677], old=null, confs=<EMPTY_MAP>
2019-10-07 12:15:43,749 [pool-419-thread-1] INFO  server.RaftServerConfigKeys (ConfUtils.java:logGet(43)) - raft.server.sleep.deviation.threshold = 300 (default)
2019-10-07 12:15:43,749 [pool-429-thread-1] INFO  server.RaftServerConfigKeys (ConfUtils.java:logGet(43)) - raft.server.log.appender.install.snapshot.enabled = false (custom)
2019-10-07 12:15:43,749 [pool-419-thread-1] INFO  server.RaftServerConfigKeys (ConfUtils.java:logGet(43)) - raft.server.log.appender.install.snapshot.enabled = false (custom)
2019-10-07 12:15:43,749 [pool-409-thread-1] INFO  server.RaftServerConfigKeys (ConfUtils.java:logGet(43)) - raft.server.storage.dir = [/workdir/hadoop-ozone/integration-test/target/test-dir/MiniOzoneClusterImpl-7d7c158f-473a-4dac-99b6-81fe19448475/datanode-0/data/ratis] (custom)
2019-10-07 12:15:43,749 [pool-419-thread-1] INFO  impl.RaftServerImpl (ServerState.java:<init>(103)) - f9d625e3-2cd2-46f5-b342-93a9a992df18@group-2CE5768EEBAD: ConfigurationManager, init=-1: [f9d625e3-2cd2-46f5-b342-93a9a992df18:192.168.30.26:39283, f6db1340-cb79-4a19-bf21-eecb20c18a74:192.168.30.26:41448, cd504680-7405-4413-b4e4-6e6532fec091:192.168.30.26:41677], old=null, confs=<EMPTY_MAP>
2019-10-07 12:15:43,749 [pool-429-thread-1] INFO  impl.RaftServerImpl (ServerState.java:<init>(103)) - cd504680-7405-4413-b4e4-6e6532fec091@group-2CE5768EEBAD: ConfigurationManager, init=-1: [f9d625e3-2cd2-46f5-b342-93a9a992df18:192.168.30.26:39283, f6db1340-cb79-4a19-bf21-eecb20c18a74:192.168.30.26:41448, cd504680-7405-4413-b4e4-6e6532fec091:192.168.30.26:41677], old=null, confs=<EMPTY_MAP>
2019-10-07 12:15:43,750 [pool-409-thread-1] INFO  server.RaftServerConfigKeys (ConfUtils.java:logGet(43)) - raft.server.log.corruption.policy = EXCEPTION (default)
2019-10-07 12:15:43,750 [pool-419-thread-1] INFO  server.RaftServerConfigKeys (ConfUtils.java:logGet(43)) - raft.server.storage.dir = [/workdir/hadoop-ozone/integration-test/target/test-dir/MiniOzoneClusterImpl-7d7c158f-473a-4dac-99b6-81fe19448475/datanode-1/data/ratis] (custom)
2019-10-07 12:15:43,750 [pool-429-thread-1] INFO  server.RaftServerConfigKeys (ConfUtils.java:logGet(43)) - raft.server.storage.dir = [/workdir/hadoop-ozone/integration-test/target/test-dir/MiniOzoneClusterImpl-7d7c158f-473a-4dac-99b6-81fe19448475/datanode-2/data/ratis] (custom)
2019-10-07 12:15:43,750 [pool-409-thread-1] INFO  storage.RaftStorageDirectory (RaftStorageDirectory.java:analyzeStorage(246)) - The storage directory /workdir/hadoop-ozone/integration-test/target/test-dir/MiniOzoneClusterImpl-7d7c158f-473a-4dac-99b6-81fe19448475/datanode-0/data/ratis/cc384214-069e-4230-8927-2ce5768eebad does not exist. Creating ...
2019-10-07 12:15:43,750 [pool-429-thread-1] INFO  server.RaftServerConfigKeys (ConfUtils.java:logGet(43)) - raft.server.log.corruption.policy = EXCEPTION (default)
2019-10-07 12:15:43,750 [pool-419-thread-1] INFO  server.RaftServerConfigKeys (ConfUtils.java:logGet(43)) - raft.server.log.corruption.policy = EXCEPTION (default)
2019-10-07 12:15:43,751 [pool-429-thread-1] INFO  storage.RaftStorageDirectory (RaftStorageDirectory.java:analyzeStorage(246)) - The storage directory /workdir/hadoop-ozone/integration-test/target/test-dir/MiniOzoneClusterImpl-7d7c158f-473a-4dac-99b6-81fe19448475/datanode-2/data/ratis/cc384214-069e-4230-8927-2ce5768eebad does not exist. Creating ...
2019-10-07 12:15:43,751 [pool-419-thread-1] INFO  storage.RaftStorageDirectory (RaftStorageDirectory.java:analyzeStorage(246)) - The storage directory /workdir/hadoop-ozone/integration-test/target/test-dir/MiniOzoneClusterImpl-7d7c158f-473a-4dac-99b6-81fe19448475/datanode-1/data/ratis/cc384214-069e-4230-8927-2ce5768eebad does not exist. Creating ...
2019-10-07 12:15:43,764 [pool-409-thread-1] INFO  storage.RaftStorageDirectory (RaftStorageDirectory.java:tryLock(328)) - Lock on /workdir/hadoop-ozone/integration-test/target/test-dir/MiniOzoneClusterImpl-7d7c158f-473a-4dac-99b6-81fe19448475/datanode-0/data/ratis/cc384214-069e-4230-8927-2ce5768eebad/in_use.lock acquired by nodename 23411@pr-hdds-2071-fmvlq-2762171947
2019-10-07 12:15:43,764 [pool-419-thread-1] INFO  storage.RaftStorageDirectory (RaftStorageDirectory.java:tryLock(328)) - Lock on /workdir/hadoop-ozone/integration-test/target/test-dir/MiniOzoneClusterImpl-7d7c158f-473a-4dac-99b6-81fe19448475/datanode-1/data/ratis/cc384214-069e-4230-8927-2ce5768eebad/in_use.lock acquired by nodename 23411@pr-hdds-2071-fmvlq-2762171947
2019-10-07 12:15:43,764 [pool-429-thread-1] INFO  storage.RaftStorageDirectory (RaftStorageDirectory.java:tryLock(328)) - Lock on /workdir/hadoop-ozone/integration-test/target/test-dir/MiniOzoneClusterImpl-7d7c158f-473a-4dac-99b6-81fe19448475/datanode-2/data/ratis/cc384214-069e-4230-8927-2ce5768eebad/in_use.lock acquired by nodename 23411@pr-hdds-2071-fmvlq-2762171947
2019-10-07 12:15:43,778 [pool-409-thread-1] INFO  storage.RaftStorage (RaftStorage.java:format(84)) - Storage directory /workdir/hadoop-ozone/integration-test/target/test-dir/MiniOzoneClusterImpl-7d7c158f-473a-4dac-99b6-81fe19448475/datanode-0/data/ratis/cc384214-069e-4230-8927-2ce5768eebad has been successfully formatted.
2019-10-07 12:15:43,778 [pool-429-thread-1] INFO  storage.RaftStorage (RaftStorage.java:format(84)) - Storage directory /workdir/hadoop-ozone/integration-test/target/test-dir/MiniOzoneClusterImpl-7d7c158f-473a-4dac-99b6-81fe19448475/datanode-2/data/ratis/cc384214-069e-4230-8927-2ce5768eebad has been successfully formatted.
2019-10-07 12:15:43,778 [pool-419-thread-1] INFO  storage.RaftStorage (RaftStorage.java:format(84)) - Storage directory /workdir/hadoop-ozone/integration-test/target/test-dir/MiniOzoneClusterImpl-7d7c158f-473a-4dac-99b6-81fe19448475/datanode-1/data/ratis/cc384214-069e-4230-8927-2ce5768eebad has been successfully formatted.
2019-10-07 12:15:43,778 [pool-409-thread-1] INFO  ratis.ContainerStateMachine (ContainerStateMachine.java:loadSnapshot(231)) - group-2CE5768EEBAD: The snapshot info is null. Setting the last applied indexto:(t:0, i:~)
2019-10-07 12:15:43,778 [pool-419-thread-1] INFO  ratis.ContainerStateMachine (ContainerStateMachine.java:loadSnapshot(231)) - group-2CE5768EEBAD: The snapshot info is null. Setting the last applied indexto:(t:0, i:~)
2019-10-07 12:15:43,778 [pool-429-thread-1] INFO  ratis.ContainerStateMachine (ContainerStateMachine.java:loadSnapshot(231)) - group-2CE5768EEBAD: The snapshot info is null. Setting the last applied indexto:(t:0, i:~)
2019-10-07 12:15:43,778 [pool-419-thread-1] INFO  server.RaftServerConfigKeys (ConfUtils.java:logGet(43)) - raft.server.notification.no-leader.timeout = 120s (custom)
2019-10-07 12:15:43,778 [pool-409-thread-1] INFO  server.RaftServerConfigKeys (ConfUtils.java:logGet(43)) - raft.server.notification.no-leader.timeout = 120s (custom)
2019-10-07 12:15:43,778 [pool-419-thread-1] INFO  server.RaftServerConfigKeys (ConfUtils.java:logGet(43)) - raft.server.log.use.memory = false (default)
2019-10-07 12:15:43,778 [pool-429-thread-1] INFO  server.RaftServerConfigKeys (ConfUtils.java:logGet(43)) - raft.server.notification.no-leader.timeout = 120s (custom)
2019-10-07 12:15:43,779 [pool-419-thread-1] INFO  server.RaftServerConfigKeys (ConfUtils.java:logGet(43)) - raft.server.log.purge.gap = 1000000 (custom)
2019-10-07 12:15:43,779 [pool-409-thread-1] INFO  server.RaftServerConfigKeys (ConfUtils.java:logGet(43)) - raft.server.log.use.memory = false (default)
2019-10-07 12:15:43,779 [pool-419-thread-1] INFO  server.RaftServerConfigKeys (ConfUtils.java:logGet(43)) - raft.server.log.appender.buffer.byte-limit = 33554432 (custom)
2019-10-07 12:15:43,779 [pool-429-thread-1] INFO  server.RaftServerConfigKeys (ConfUtils.java:logGet(43)) - raft.server.log.use.memory = false (default)
2019-10-07 12:15:43,779 [pool-419-thread-1] INFO  server.RaftServerConfigKeys (ConfUtils.java:logGet(43)) - raft.server.log.segment.size.max = 1048576 (custom)
2019-10-07 12:15:43,779 [pool-409-thread-1] INFO  server.RaftServerConfigKeys (ConfUtils.java:logGet(43)) - raft.server.log.purge.gap = 1000000 (custom)
2019-10-07 12:15:43,779 [pool-419-thread-1] INFO  server.RaftServerConfigKeys (ConfUtils.java:logGet(43)) - raft.server.log.segment.cache.num.max = 2 (custom)
2019-10-07 12:15:43,779 [pool-429-thread-1] INFO  server.RaftServerConfigKeys (ConfUtils.java:logGet(43)) - raft.server.log.purge.gap = 1000000 (custom)
2019-10-07 12:15:43,780 [pool-419-thread-1] INFO  segmented.SegmentedRaftLogWorker (SegmentedRaftLogWorker.java:<init>(173)) - new f9d625e3-2cd2-46f5-b342-93a9a992df18@group-2CE5768EEBAD-SegmentedRaftLogWorker for RaftStorage:Storage Directory /workdir/hadoop-ozone/integration-test/target/test-dir/MiniOzoneClusterImpl-7d7c158f-473a-4dac-99b6-81fe19448475/datanode-1/data/ratis/cc384214-069e-4230-8927-2ce5768eebad
2019-10-07 12:15:43,780 [pool-409-thread-1] INFO  server.RaftServerConfigKeys (ConfUtils.java:logGet(43)) - raft.server.log.appender.buffer.byte-limit = 33554432 (custom)
2019-10-07 12:15:43,780 [pool-419-thread-1] INFO  server.RaftServerConfigKeys (ConfUtils.java:logGet(43)) - raft.server.log.queue.byte-limit = 2147483647 (custom)
2019-10-07 12:15:43,780 [pool-419-thread-1] INFO  server.RaftServerConfigKeys (ConfUtils.java:logGet(43)) - raft.server.log.queue.element-limit = 1024 (custom)
2019-10-07 12:15:43,780 [pool-429-thread-1] INFO  server.RaftServerConfigKeys (ConfUtils.java:logGet(43)) - raft.server.log.appender.buffer.byte-limit = 33554432 (custom)
2019-10-07 12:15:43,780 [pool-419-thread-1] INFO  server.RaftServerConfigKeys (ConfUtils.java:logGet(43)) - raft.server.log.segment.size.max = 1048576 (custom)
2019-10-07 12:15:43,780 [pool-409-thread-1] INFO  server.RaftServerConfigKeys (ConfUtils.java:logGet(43)) - raft.server.log.segment.size.max = 1048576 (custom)
2019-10-07 12:15:43,780 [pool-419-thread-1] INFO  server.RaftServerConfigKeys (ConfUtils.java:logGet(43)) - raft.server.log.preallocated.size = 16384 (custom)
2019-10-07 12:15:43,780 [pool-429-thread-1] INFO  server.RaftServerConfigKeys (ConfUtils.java:logGet(43)) - raft.server.log.segment.size.max = 1048576 (custom)
2019-10-07 12:15:43,781 [pool-419-thread-1] INFO  server.RaftServerConfigKeys (ConfUtils.java:logGet(43)) - raft.server.log.write.buffer.size = 33554432 (custom)
2019-10-07 12:15:43,781 [pool-409-thread-1] INFO  server.RaftServerConfigKeys (ConfUtils.java:logGet(43)) - raft.server.log.segment.cache.num.max = 2 (custom)
2019-10-07 12:15:43,781 [pool-419-thread-1] INFO  server.RaftServerConfigKeys (ConfUtils.java:logGet(43)) - raft.server.log.force.sync.num = 128 (default)
2019-10-07 12:15:43,781 [pool-429-thread-1] INFO  server.RaftServerConfigKeys (ConfUtils.java:logGet(43)) - raft.server.log.segment.cache.num.max = 2 (custom)
2019-10-07 12:15:43,781 [pool-419-thread-1] INFO  server.RaftServerConfigKeys (ConfUtils.java:logGet(43)) - raft.server.log.statemachine.data.sync = true (default)
2019-10-07 12:15:43,781 [pool-409-thread-1] INFO  segmented.SegmentedRaftLogWorker (SegmentedRaftLogWorker.java:<init>(173)) - new f6db1340-cb79-4a19-bf21-eecb20c18a74@group-2CE5768EEBAD-SegmentedRaftLogWorker for RaftStorage:Storage Directory /workdir/hadoop-ozone/integration-test/target/test-dir/MiniOzoneClusterImpl-7d7c158f-473a-4dac-99b6-81fe19448475/datanode-0/data/ratis/cc384214-069e-4230-8927-2ce5768eebad
2019-10-07 12:15:43,781 [pool-419-thread-1] INFO  server.RaftServerConfigKeys (ConfUtils.java:logGet(43)) - raft.server.log.statemachine.data.sync.timeout = 10s (default)
2019-10-07 12:15:43,781 [pool-429-thread-1] INFO  segmented.SegmentedRaftLogWorker (SegmentedRaftLogWorker.java:<init>(173)) - new cd504680-7405-4413-b4e4-6e6532fec091@group-2CE5768EEBAD-SegmentedRaftLogWorker for RaftStorage:Storage Directory /workdir/hadoop-ozone/integration-test/target/test-dir/MiniOzoneClusterImpl-7d7c158f-473a-4dac-99b6-81fe19448475/datanode-2/data/ratis/cc384214-069e-4230-8927-2ce5768eebad
2019-10-07 12:15:43,782 [pool-419-thread-1] INFO  server.RaftServerConfigKeys (ConfUtils.java:logGet(43)) - raft.server.log.statemachine.data.sync.timeout.retry = -1 (default)
2019-10-07 12:15:43,782 [pool-409-thread-1] INFO  server.RaftServerConfigKeys (ConfUtils.java:logGet(43)) - raft.server.log.queue.byte-limit = 2147483647 (custom)
2019-10-07 12:15:43,782 [pool-419-thread-1] INFO  server.RaftServerConfigKeys (ConfUtils.java:logGet(43)) - raft.server.log.statemachine.data.caching.enabled = true (custom)
2019-10-07 12:15:43,782 [pool-429-thread-1] INFO  server.RaftServerConfigKeys (ConfUtils.java:logGet(43)) - raft.server.log.queue.byte-limit = 2147483647 (custom)
2019-10-07 12:15:43,782 [pool-419-thread-1] INFO  segmented.SegmentedRaftLogWorker (SegmentedRaftLogWorker.java:lambda$new$0(128)) - f9d625e3-2cd2-46f5-b342-93a9a992df18@group-2CE5768EEBAD-SegmentedRaftLogWorker: flushIndex: setUnconditionally 0 -> -1
2019-10-07 12:15:43,782 [pool-409-thread-1] INFO  server.RaftServerConfigKeys (ConfUtils.java:logGet(43)) - raft.server.log.queue.element-limit = 1024 (custom)
2019-10-07 12:15:43,782 [pool-429-thread-1] INFO  server.RaftServerConfigKeys (ConfUtils.java:logGet(43)) - raft.server.log.queue.element-limit = 1024 (custom)
2019-10-07 12:15:43,783 [pool-409-thread-1] INFO  server.RaftServerConfigKeys (ConfUtils.java:logGet(43)) - raft.server.log.segment.size.max = 1048576 (custom)
2019-10-07 12:15:43,783 [pool-419-thread-1] INFO  server.RaftServerConfigKeys (ConfUtils.java:logGet(43)) - raft.server.snapshot.auto.trigger.enabled = true (custom)
2019-10-07 12:15:43,783 [pool-409-thread-1] INFO  server.RaftServerConfigKeys (ConfUtils.java:logGet(43)) - raft.server.log.preallocated.size = 16384 (custom)
2019-10-07 12:15:43,783 [pool-409-thread-1] INFO  server.RaftServerConfigKeys (ConfUtils.java:logGet(43)) - raft.server.log.write.buffer.size = 33554432 (custom)
2019-10-07 12:15:43,783 [pool-429-thread-1] INFO  server.RaftServerConfigKeys (ConfUtils.java:logGet(43)) - raft.server.log.segment.size.max = 1048576 (custom)
2019-10-07 12:15:43,783 [pool-409-thread-1] INFO  server.RaftServerConfigKeys (ConfUtils.java:logGet(43)) - raft.server.log.force.sync.num = 128 (default)
2019-10-07 12:15:43,783 [pool-419-thread-1] INFO  server.RaftServerConfigKeys (ConfUtils.java:logGet(43)) - raft.server.snapshot.auto.trigger.threshold = 10000 (custom)
2019-10-07 12:15:43,783 [pool-409-thread-1] INFO  server.RaftServerConfigKeys (ConfUtils.java:logGet(43)) - raft.server.log.statemachine.data.sync = true (default)
2019-10-07 12:15:43,783 [pool-429-thread-1] INFO  server.RaftServerConfigKeys (ConfUtils.java:logGet(43)) - raft.server.log.preallocated.size = 16384 (custom)
2019-10-07 12:15:43,784 [pool-409-thread-1] INFO  server.RaftServerConfigKeys (ConfUtils.java:logGet(43)) - raft.server.log.statemachine.data.sync.timeout = 10s (default)
2019-10-07 12:15:43,784 [pool-419-thread-1] INFO  server.RaftServerConfigKeys (ConfUtils.java:logGet(43)) - raft.server.snapshot.retention.file.num = 5 (custom)
2019-10-07 12:15:43,784 [pool-409-thread-1] INFO  server.RaftServerConfigKeys (ConfUtils.java:logGet(43)) - raft.server.log.statemachine.data.sync.timeout.retry = -1 (default)
2019-10-07 12:15:43,784 [pool-429-thread-1] INFO  server.RaftServerConfigKeys (ConfUtils.java:logGet(43)) - raft.server.log.write.buffer.size = 33554432 (custom)
2019-10-07 12:15:43,784 [pool-409-thread-1] INFO  server.RaftServerConfigKeys (ConfUtils.java:logGet(43)) - raft.server.log.statemachine.data.caching.enabled = true (custom)
2019-10-07 12:15:43,784 [pool-419-thread-1] INFO  server.RaftServerConfigKeys (ConfUtils.java:logGet(43)) - raft.server.retrycache.expirytime = 600000ms (custom)
2019-10-07 12:15:43,785 [pool-409-thread-1] INFO  segmented.SegmentedRaftLogWorker (SegmentedRaftLogWorker.java:lambda$new$0(128)) - f6db1340-cb79-4a19-bf21-eecb20c18a74@group-2CE5768EEBAD-SegmentedRaftLogWorker: flushIndex: setUnconditionally 0 -> -1
2019-10-07 12:15:43,784 [pool-429-thread-1] INFO  server.RaftServerConfigKeys (ConfUtils.java:logGet(43)) - raft.server.log.force.sync.num = 128 (default)
2019-10-07 12:15:43,785 [pool-409-thread-1] INFO  server.RaftServerConfigKeys (ConfUtils.java:logGet(43)) - raft.server.snapshot.auto.trigger.enabled = true (custom)
2019-10-07 12:15:43,785 [pool-429-thread-1] INFO  server.RaftServerConfigKeys (ConfUtils.java:logGet(43)) - raft.server.log.statemachine.data.sync = true (default)
2019-10-07 12:15:43,785 [pool-409-thread-1] INFO  server.RaftServerConfigKeys (ConfUtils.java:logGet(43)) - raft.server.snapshot.auto.trigger.threshold = 10000 (custom)
2019-10-07 12:15:43,785 [pool-429-thread-1] INFO  server.RaftServerConfigKeys (ConfUtils.java:logGet(43)) - raft.server.log.statemachine.data.sync.timeout = 10s (default)
2019-10-07 12:15:43,785 [pool-409-thread-1] INFO  server.RaftServerConfigKeys (ConfUtils.java:logGet(43)) - raft.server.snapshot.retention.file.num = 5 (custom)
2019-10-07 12:15:43,785 [pool-429-thread-1] INFO  server.RaftServerConfigKeys (ConfUtils.java:logGet(43)) - raft.server.log.statemachine.data.sync.timeout.retry = -1 (default)
2019-10-07 12:15:43,786 [pool-409-thread-1] INFO  server.RaftServerConfigKeys (ConfUtils.java:logGet(43)) - raft.server.retrycache.expirytime = 600000ms (custom)
2019-10-07 12:15:43,786 [pool-429-thread-1] INFO  server.RaftServerConfigKeys (ConfUtils.java:logGet(43)) - raft.server.log.statemachine.data.caching.enabled = true (custom)
2019-10-07 12:15:43,786 [pool-419-thread-1] INFO  impl.RaftServerImpl (RaftServerImpl.java:start(181)) - f9d625e3-2cd2-46f5-b342-93a9a992df18@group-2CE5768EEBAD: start as a follower, conf=-1: [f9d625e3-2cd2-46f5-b342-93a9a992df18:192.168.30.26:39283, f6db1340-cb79-4a19-bf21-eecb20c18a74:192.168.30.26:41448, cd504680-7405-4413-b4e4-6e6532fec091:192.168.30.26:41677], old=null
2019-10-07 12:15:43,786 [pool-419-thread-1] INFO  impl.RaftServerImpl (RaftServerImpl.java:setRole(170)) - f9d625e3-2cd2-46f5-b342-93a9a992df18@group-2CE5768EEBAD: changes role from      null to FOLLOWER at term 0 for startAsFollower
2019-10-07 12:15:43,786 [pool-429-thread-1] INFO  segmented.SegmentedRaftLogWorker (SegmentedRaftLogWorker.java:lambda$new$0(128)) - cd504680-7405-4413-b4e4-6e6532fec091@group-2CE5768EEBAD-SegmentedRaftLogWorker: flushIndex: setUnconditionally 0 -> -1
2019-10-07 12:15:43,786 [pool-419-thread-1] INFO  impl.RoleInfo (RoleInfo.java:updateAndGet(143)) - f9d625e3-2cd2-46f5-b342-93a9a992df18: start FollowerState
2019-10-07 12:15:43,786 [pool-429-thread-1] INFO  server.RaftServerConfigKeys (ConfUtils.java:logGet(43)) - raft.server.snapshot.auto.trigger.enabled = true (custom)
2019-10-07 12:15:43,787 [pool-429-thread-1] INFO  server.RaftServerConfigKeys (ConfUtils.java:logGet(43)) - raft.server.snapshot.auto.trigger.threshold = 10000 (custom)
2019-10-07 12:15:43,787 [pool-419-thread-1] INFO  util.JmxRegister (JmxRegister.java:tryRegister(44)) - Successfully registered JMX Bean with object name Ratis:service=RaftServer,group=group-2CE5768EEBAD,id=f9d625e3-2cd2-46f5-b342-93a9a992df18
2019-10-07 12:15:43,787 [pool-429-thread-1] INFO  server.RaftServerConfigKeys (ConfUtils.java:logGet(43)) - raft.server.snapshot.retention.file.num = 5 (custom)
2019-10-07 12:15:43,787 [pool-429-thread-1] INFO  server.RaftServerConfigKeys (ConfUtils.java:logGet(43)) - raft.server.retrycache.expirytime = 600000ms (custom)
2019-10-07 12:15:43,787 [pool-409-thread-1] INFO  impl.RaftServerImpl (RaftServerImpl.java:start(181)) - f6db1340-cb79-4a19-bf21-eecb20c18a74@group-2CE5768EEBAD: start as a follower, conf=-1: [f9d625e3-2cd2-46f5-b342-93a9a992df18:192.168.30.26:39283, f6db1340-cb79-4a19-bf21-eecb20c18a74:192.168.30.26:41448, cd504680-7405-4413-b4e4-6e6532fec091:192.168.30.26:41677], old=null
2019-10-07 12:15:43,787 [pool-409-thread-1] INFO  impl.RaftServerImpl (RaftServerImpl.java:setRole(170)) - f6db1340-cb79-4a19-bf21-eecb20c18a74@group-2CE5768EEBAD: changes role from      null to FOLLOWER at term 0 for startAsFollower
2019-10-07 12:15:43,787 [pool-409-thread-1] INFO  impl.RoleInfo (RoleInfo.java:updateAndGet(143)) - f6db1340-cb79-4a19-bf21-eecb20c18a74: start FollowerState
2019-10-07 12:15:43,797 [pool-409-thread-1] INFO  util.JmxRegister (JmxRegister.java:tryRegister(44)) - Successfully registered JMX Bean with object name Ratis:service=RaftServer,group=group-2CE5768EEBAD,id=f6db1340-cb79-4a19-bf21-eecb20c18a74
2019-10-07 12:15:43,800 [pool-429-thread-1] INFO  impl.RaftServerImpl (RaftServerImpl.java:start(181)) - cd504680-7405-4413-b4e4-6e6532fec091@group-2CE5768EEBAD: start as a follower, conf=-1: [f9d625e3-2cd2-46f5-b342-93a9a992df18:192.168.30.26:39283, f6db1340-cb79-4a19-bf21-eecb20c18a74:192.168.30.26:41448, cd504680-7405-4413-b4e4-6e6532fec091:192.168.30.26:41677], old=null
2019-10-07 12:15:43,800 [pool-429-thread-1] INFO  impl.RaftServerImpl (RaftServerImpl.java:setRole(170)) - cd504680-7405-4413-b4e4-6e6532fec091@group-2CE5768EEBAD: changes role from      null to FOLLOWER at term 0 for startAsFollower
2019-10-07 12:15:43,800 [pool-429-thread-1] INFO  impl.RoleInfo (RoleInfo.java:updateAndGet(143)) - cd504680-7405-4413-b4e4-6e6532fec091: start FollowerState
2019-10-07 12:15:43,800 [IPC Server handler 6 on 34980] INFO  net.NetworkTopology (NetworkTopologyImpl.java:add(111)) - Added a new node: /default-rack/a9d0680e-0879-49e8-b72a-c4fc94b3b8b7
2019-10-07 12:15:43,801 [pool-429-thread-1] INFO  util.JmxRegister (JmxRegister.java:tryRegister(44)) - Successfully registered JMX Bean with object name Ratis:service=RaftServer,group=group-2CE5768EEBAD,id=cd504680-7405-4413-b4e4-6e6532fec091
2019-10-07 12:15:43,807 [IPC Server handler 6 on 34980] INFO  node.SCMNodeManager (SCMNodeManager.java:register(267)) - Registered Data node : a9d0680e-0879-49e8-b72a-c4fc94b3b8b7{ip: 192.168.30.26, host: pr-hdds-2071-fmvlq-2762171947, networkLocation: /default-rack, certSerialId: null}
2019-10-07 12:15:43,811 [RatisPipelineUtilsThread] INFO  pipeline.PipelineStateManager (PipelineStateManager.java:addPipeline(56)) - Created pipeline Pipeline[ Id: cc384214-069e-4230-8927-2ce5768eebad, Nodes: f9d625e3-2cd2-46f5-b342-93a9a992df18{ip: 192.168.30.26, host: pr-hdds-2071-fmvlq-2762171947, networkLocation: /default-rack, certSerialId: null}f6db1340-cb79-4a19-bf21-eecb20c18a74{ip: 192.168.30.26, host: pr-hdds-2071-fmvlq-2762171947, networkLocation: /default-rack, certSerialId: null}cd504680-7405-4413-b4e4-6e6532fec091{ip: 192.168.30.26, host: pr-hdds-2071-fmvlq-2762171947, networkLocation: /default-rack, certSerialId: null}, Type:RATIS, Factor:THREE, State:OPEN]
2019-10-07 12:15:43,817 [grpc-default-executor-4] INFO  impl.RaftServerProxy (RaftServerProxy.java:addNew(89)) - d9b951ce-41d1-4813-8e81-a5aad6d5b66d: addNew group-8C980578CBB8:[d9b951ce-41d1-4813-8e81-a5aad6d5b66d:192.168.30.26:34953] returns group-8C980578CBB8:java.util.concurrent.CompletableFuture@5ba3933e[Not completed]
2019-10-07 12:15:43,818 [pool-439-thread-1] INFO  impl.RaftServerImpl (RaftServerImpl.java:<init>(95)) - d9b951ce-41d1-4813-8e81-a5aad6d5b66d: new RaftServerImpl for group-8C980578CBB8:[d9b951ce-41d1-4813-8e81-a5aad6d5b66d:192.168.30.26:34953] with ContainerStateMachine:uninitialized
2019-10-07 12:15:43,820 [pool-439-thread-1] INFO  server.RaftServerConfigKeys (ConfUtils.java:logGet(43)) - raft.server.rpc.timeout.min = 5s (custom)
2019-10-07 12:15:43,820 [pool-439-thread-1] INFO  server.RaftServerConfigKeys (ConfUtils.java:logGet(43)) - raft.server.rpc.timeout.max = 5200ms (custom)
2019-10-07 12:15:43,820 [pool-439-thread-1] INFO  server.RaftServerConfigKeys (ConfUtils.java:logGet(43)) - raft.server.rpcslowness.timeout = 120s (custom)
2019-10-07 12:15:43,820 [pool-439-thread-1] INFO  server.RaftServerConfigKeys (ConfUtils.java:logGet(43)) - raft.server.sleep.deviation.threshold = 300 (default)
2019-10-07 12:15:43,820 [pool-439-thread-1] INFO  server.RaftServerConfigKeys (ConfUtils.java:logGet(43)) - raft.server.log.appender.install.snapshot.enabled = false (custom)
2019-10-07 12:15:43,821 [pool-439-thread-1] INFO  impl.RaftServerImpl (ServerState.java:<init>(103)) - d9b951ce-41d1-4813-8e81-a5aad6d5b66d@group-8C980578CBB8: ConfigurationManager, init=-1: [d9b951ce-41d1-4813-8e81-a5aad6d5b66d:192.168.30.26:34953], old=null, confs=<EMPTY_MAP>
2019-10-07 12:15:43,821 [pool-439-thread-1] INFO  server.RaftServerConfigKeys (ConfUtils.java:logGet(43)) - raft.server.storage.dir = [/workdir/hadoop-ozone/integration-test/target/test-dir/MiniOzoneClusterImpl-7d7c158f-473a-4dac-99b6-81fe19448475/datanode-3/data/ratis] (custom)
2019-10-07 12:15:43,821 [pool-439-thread-1] INFO  server.RaftServerConfigKeys (ConfUtils.java:logGet(43)) - raft.server.log.corruption.policy = EXCEPTION (default)
2019-10-07 12:15:43,821 [pool-439-thread-1] INFO  storage.RaftStorageDirectory (RaftStorageDirectory.java:analyzeStorage(246)) - The storage directory /workdir/hadoop-ozone/integration-test/target/test-dir/MiniOzoneClusterImpl-7d7c158f-473a-4dac-99b6-81fe19448475/datanode-3/data/ratis/566176c7-9090-4593-8124-8c980578cbb8 does not exist. Creating ...
2019-10-07 12:15:43,833 [pool-439-thread-1] INFO  storage.RaftStorageDirectory (RaftStorageDirectory.java:tryLock(328)) - Lock on /workdir/hadoop-ozone/integration-test/target/test-dir/MiniOzoneClusterImpl-7d7c158f-473a-4dac-99b6-81fe19448475/datanode-3/data/ratis/566176c7-9090-4593-8124-8c980578cbb8/in_use.lock acquired by nodename 23411@pr-hdds-2071-fmvlq-2762171947
2019-10-07 12:15:43,847 [pool-439-thread-1] INFO  storage.RaftStorage (RaftStorage.java:format(84)) - Storage directory /workdir/hadoop-ozone/integration-test/target/test-dir/MiniOzoneClusterImpl-7d7c158f-473a-4dac-99b6-81fe19448475/datanode-3/data/ratis/566176c7-9090-4593-8124-8c980578cbb8 has been successfully formatted.
2019-10-07 12:15:43,847 [pool-439-thread-1] INFO  ratis.ContainerStateMachine (ContainerStateMachine.java:loadSnapshot(231)) - group-8C980578CBB8: The snapshot info is null. Setting the last applied indexto:(t:0, i:~)
2019-10-07 12:15:43,847 [pool-439-thread-1] INFO  server.RaftServerConfigKeys (ConfUtils.java:logGet(43)) - raft.server.notification.no-leader.timeout = 120s (custom)
2019-10-07 12:15:43,847 [pool-439-thread-1] INFO  server.RaftServerConfigKeys (ConfUtils.java:logGet(43)) - raft.server.log.use.memory = false (default)
2019-10-07 12:15:43,847 [pool-439-thread-1] INFO  server.RaftServerConfigKeys (ConfUtils.java:logGet(43)) - raft.server.log.purge.gap = 1000000 (custom)
2019-10-07 12:15:43,847 [pool-439-thread-1] INFO  server.RaftServerConfigKeys (ConfUtils.java:logGet(43)) - raft.server.log.appender.buffer.byte-limit = 33554432 (custom)
2019-10-07 12:15:43,847 [pool-439-thread-1] INFO  server.RaftServerConfigKeys (ConfUtils.java:logGet(43)) - raft.server.log.segment.size.max = 1048576 (custom)
2019-10-07 12:15:43,849 [pool-439-thread-1] INFO  server.RaftServerConfigKeys (ConfUtils.java:logGet(43)) - raft.server.log.segment.cache.num.max = 2 (custom)
2019-10-07 12:15:43,849 [pool-439-thread-1] INFO  segmented.SegmentedRaftLogWorker (SegmentedRaftLogWorker.java:<init>(173)) - new d9b951ce-41d1-4813-8e81-a5aad6d5b66d@group-8C980578CBB8-SegmentedRaftLogWorker for RaftStorage:Storage Directory /workdir/hadoop-ozone/integration-test/target/test-dir/MiniOzoneClusterImpl-7d7c158f-473a-4dac-99b6-81fe19448475/datanode-3/data/ratis/566176c7-9090-4593-8124-8c980578cbb8
2019-10-07 12:15:43,849 [pool-439-thread-1] INFO  server.RaftServerConfigKeys (ConfUtils.java:logGet(43)) - raft.server.log.queue.byte-limit = 2147483647 (custom)
2019-10-07 12:15:43,849 [pool-439-thread-1] INFO  server.RaftServerConfigKeys (ConfUtils.java:logGet(43)) - raft.server.log.queue.element-limit = 1024 (custom)
2019-10-07 12:15:43,849 [pool-439-thread-1] INFO  server.RaftServerConfigKeys (ConfUtils.java:logGet(43)) - raft.server.log.segment.size.max = 1048576 (custom)
2019-10-07 12:15:43,849 [pool-439-thread-1] INFO  server.RaftServerConfigKeys (ConfUtils.java:logGet(43)) - raft.server.log.preallocated.size = 16384 (custom)
2019-10-07 12:15:43,849 [pool-439-thread-1] INFO  server.RaftServerConfigKeys (ConfUtils.java:logGet(43)) - raft.server.log.write.buffer.size = 33554432 (custom)
2019-10-07 12:15:43,849 [pool-439-thread-1] INFO  server.RaftServerConfigKeys (ConfUtils.java:logGet(43)) - raft.server.log.force.sync.num = 128 (default)
2019-10-07 12:15:43,849 [pool-439-thread-1] INFO  server.RaftServerConfigKeys (ConfUtils.java:logGet(43)) - raft.server.log.statemachine.data.sync = true (default)
2019-10-07 12:15:43,849 [pool-439-thread-1] INFO  server.RaftServerConfigKeys (ConfUtils.java:logGet(43)) - raft.server.log.statemachine.data.sync.timeout = 10s (default)
2019-10-07 12:15:43,850 [pool-439-thread-1] INFO  server.RaftServerConfigKeys (ConfUtils.java:logGet(43)) - raft.server.log.statemachine.data.sync.timeout.retry = -1 (default)
2019-10-07 12:15:43,850 [pool-439-thread-1] INFO  server.RaftServerConfigKeys (ConfUtils.java:logGet(43)) - raft.server.log.statemachine.data.caching.enabled = true (custom)
2019-10-07 12:15:43,850 [pool-439-thread-1] INFO  segmented.SegmentedRaftLogWorker (SegmentedRaftLogWorker.java:lambda$new$0(128)) - d9b951ce-41d1-4813-8e81-a5aad6d5b66d@group-8C980578CBB8-SegmentedRaftLogWorker: flushIndex: setUnconditionally 0 -> -1
2019-10-07 12:15:43,850 [pool-439-thread-1] INFO  server.RaftServerConfigKeys (ConfUtils.java:logGet(43)) - raft.server.snapshot.auto.trigger.enabled = true (custom)
2019-10-07 12:15:43,850 [pool-439-thread-1] INFO  server.RaftServerConfigKeys (ConfUtils.java:logGet(43)) - raft.server.snapshot.auto.trigger.threshold = 10000 (custom)
2019-10-07 12:15:43,850 [pool-439-thread-1] INFO  server.RaftServerConfigKeys (ConfUtils.java:logGet(43)) - raft.server.snapshot.retention.file.num = 5 (custom)
2019-10-07 12:15:43,851 [pool-439-thread-1] INFO  server.RaftServerConfigKeys (ConfUtils.java:logGet(43)) - raft.server.retrycache.expirytime = 600000ms (custom)
2019-10-07 12:15:43,852 [pool-439-thread-1] INFO  impl.RaftServerImpl (RaftServerImpl.java:start(181)) - d9b951ce-41d1-4813-8e81-a5aad6d5b66d@group-8C980578CBB8: start as a follower, conf=-1: [d9b951ce-41d1-4813-8e81-a5aad6d5b66d:192.168.30.26:34953], old=null
2019-10-07 12:15:43,852 [pool-439-thread-1] INFO  impl.RaftServerImpl (RaftServerImpl.java:setRole(170)) - d9b951ce-41d1-4813-8e81-a5aad6d5b66d@group-8C980578CBB8: changes role from      null to FOLLOWER at term 0 for startAsFollower
2019-10-07 12:15:43,852 [pool-439-thread-1] INFO  impl.RoleInfo (RoleInfo.java:updateAndGet(143)) - d9b951ce-41d1-4813-8e81-a5aad6d5b66d: start FollowerState
2019-10-07 12:15:43,852 [pool-439-thread-1] INFO  util.JmxRegister (JmxRegister.java:tryRegister(44)) - Successfully registered JMX Bean with object name Ratis:service=RaftServer,group=group-8C980578CBB8,id=d9b951ce-41d1-4813-8e81-a5aad6d5b66d
2019-10-07 12:15:43,856 [RatisPipelineUtilsThread] INFO  pipeline.PipelineStateManager (PipelineStateManager.java:addPipeline(56)) - Created pipeline Pipeline[ Id: 566176c7-9090-4593-8124-8c980578cbb8, Nodes: d9b951ce-41d1-4813-8e81-a5aad6d5b66d{ip: 192.168.30.26, host: pr-hdds-2071-fmvlq-2762171947, networkLocation: /default-rack, certSerialId: null}, Type:RATIS, Factor:ONE, State:OPEN]
2019-10-07 12:15:43,862 [grpc-default-executor-4] INFO  impl.RaftServerProxy (RaftServerProxy.java:addNew(89)) - a9d0680e-0879-49e8-b72a-c4fc94b3b8b7: addNew group-F205011AC0D5:[a9d0680e-0879-49e8-b72a-c4fc94b3b8b7:192.168.30.26:38098] returns group-F205011AC0D5:java.util.concurrent.CompletableFuture@774dbc82[Not completed]
2019-10-07 12:15:43,862 [IPC Server handler 5 on 34980] INFO  net.NetworkTopology (NetworkTopologyImpl.java:add(111)) - Added a new node: /default-rack/941e1436-7c11-4b15-ad79-e99f171cbd5c
2019-10-07 12:15:43,862 [IPC Server handler 5 on 34980] INFO  node.SCMNodeManager (SCMNodeManager.java:register(267)) - Registered Data node : 941e1436-7c11-4b15-ad79-e99f171cbd5c{ip: 192.168.30.26, host: pr-hdds-2071-fmvlq-2762171947, networkLocation: /default-rack, certSerialId: null}
2019-10-07 12:15:43,863 [pool-449-thread-1] INFO  impl.RaftServerImpl (RaftServerImpl.java:<init>(95)) - a9d0680e-0879-49e8-b72a-c4fc94b3b8b7: new RaftServerImpl for group-F205011AC0D5:[a9d0680e-0879-49e8-b72a-c4fc94b3b8b7:192.168.30.26:38098] with ContainerStateMachine:uninitialized
2019-10-07 12:15:43,863 [pool-449-thread-1] INFO  server.RaftServerConfigKeys (ConfUtils.java:logGet(43)) - raft.server.rpc.timeout.min = 5s (custom)
2019-10-07 12:15:43,863 [pool-449-thread-1] INFO  server.RaftServerConfigKeys (ConfUtils.java:logGet(43)) - raft.server.rpc.timeout.max = 5200ms (custom)
2019-10-07 12:15:43,863 [pool-449-thread-1] INFO  server.RaftServerConfigKeys (ConfUtils.java:logGet(43)) - raft.server.rpcslowness.timeout = 120s (custom)
2019-10-07 12:15:43,863 [pool-449-thread-1] INFO  server.RaftServerConfigKeys (ConfUtils.java:logGet(43)) - raft.server.sleep.deviation.threshold = 300 (default)
2019-10-07 12:15:43,863 [pool-449-thread-1] INFO  server.RaftServerConfigKeys (ConfUtils.java:logGet(43)) - raft.server.log.appender.install.snapshot.enabled = false (custom)
2019-10-07 12:15:43,864 [pool-449-thread-1] INFO  impl.RaftServerImpl (ServerState.java:<init>(103)) - a9d0680e-0879-49e8-b72a-c4fc94b3b8b7@group-F205011AC0D5: ConfigurationManager, init=-1: [a9d0680e-0879-49e8-b72a-c4fc94b3b8b7:192.168.30.26:38098], old=null, confs=<EMPTY_MAP>
2019-10-07 12:15:43,864 [pool-449-thread-1] INFO  server.RaftServerConfigKeys (ConfUtils.java:logGet(43)) - raft.server.storage.dir = [/workdir/hadoop-ozone/integration-test/target/test-dir/MiniOzoneClusterImpl-7d7c158f-473a-4dac-99b6-81fe19448475/datanode-4/data/ratis] (custom)
2019-10-07 12:15:43,864 [pool-449-thread-1] INFO  server.RaftServerConfigKeys (ConfUtils.java:logGet(43)) - raft.server.log.corruption.policy = EXCEPTION (default)
2019-10-07 12:15:43,864 [pool-449-thread-1] INFO  storage.RaftStorageDirectory (RaftStorageDirectory.java:analyzeStorage(246)) - The storage directory /workdir/hadoop-ozone/integration-test/target/test-dir/MiniOzoneClusterImpl-7d7c158f-473a-4dac-99b6-81fe19448475/datanode-4/data/ratis/865c7211-00a8-46b0-8d20-f205011ac0d5 does not exist. Creating ...
2019-10-07 12:15:43,877 [pool-449-thread-1] INFO  storage.RaftStorageDirectory (RaftStorageDirectory.java:tryLock(328)) - Lock on /workdir/hadoop-ozone/integration-test/target/test-dir/MiniOzoneClusterImpl-7d7c158f-473a-4dac-99b6-81fe19448475/datanode-4/data/ratis/865c7211-00a8-46b0-8d20-f205011ac0d5/in_use.lock acquired by nodename 23411@pr-hdds-2071-fmvlq-2762171947
2019-10-07 12:15:43,890 [pool-449-thread-1] INFO  storage.RaftStorage (RaftStorage.java:format(84)) - Storage directory /workdir/hadoop-ozone/integration-test/target/test-dir/MiniOzoneClusterImpl-7d7c158f-473a-4dac-99b6-81fe19448475/datanode-4/data/ratis/865c7211-00a8-46b0-8d20-f205011ac0d5 has been successfully formatted.
2019-10-07 12:15:43,890 [pool-449-thread-1] INFO  ratis.ContainerStateMachine (ContainerStateMachine.java:loadSnapshot(231)) - group-F205011AC0D5: The snapshot info is null. Setting the last applied indexto:(t:0, i:~)
2019-10-07 12:15:43,890 [pool-449-thread-1] INFO  server.RaftServerConfigKeys (ConfUtils.java:logGet(43)) - raft.server.notification.no-leader.timeout = 120s (custom)
2019-10-07 12:15:43,890 [pool-449-thread-1] INFO  server.RaftServerConfigKeys (ConfUtils.java:logGet(43)) - raft.server.log.use.memory = false (default)
2019-10-07 12:15:43,891 [pool-449-thread-1] INFO  server.RaftServerConfigKeys (ConfUtils.java:logGet(43)) - raft.server.log.purge.gap = 1000000 (custom)
2019-10-07 12:15:43,891 [pool-449-thread-1] INFO  server.RaftServerConfigKeys (ConfUtils.java:logGet(43)) - raft.server.log.appender.buffer.byte-limit = 33554432 (custom)
2019-10-07 12:15:43,891 [pool-449-thread-1] INFO  server.RaftServerConfigKeys (ConfUtils.java:logGet(43)) - raft.server.log.segment.size.max = 1048576 (custom)
2019-10-07 12:15:43,892 [pool-449-thread-1] INFO  server.RaftServerConfigKeys (ConfUtils.java:logGet(43)) - raft.server.log.segment.cache.num.max = 2 (custom)
2019-10-07 12:15:43,892 [pool-449-thread-1] INFO  segmented.SegmentedRaftLogWorker (SegmentedRaftLogWorker.java:<init>(173)) - new a9d0680e-0879-49e8-b72a-c4fc94b3b8b7@group-F205011AC0D5-SegmentedRaftLogWorker for RaftStorage:Storage Directory /workdir/hadoop-ozone/integration-test/target/test-dir/MiniOzoneClusterImpl-7d7c158f-473a-4dac-99b6-81fe19448475/datanode-4/data/ratis/865c7211-00a8-46b0-8d20-f205011ac0d5
2019-10-07 12:15:43,892 [pool-449-thread-1] INFO  server.RaftServerConfigKeys (ConfUtils.java:logGet(43)) - raft.server.log.queue.byte-limit = 2147483647 (custom)
2019-10-07 12:15:43,892 [pool-449-thread-1] INFO  server.RaftServerConfigKeys (ConfUtils.java:logGet(43)) - raft.server.log.queue.element-limit = 1024 (custom)
2019-10-07 12:15:43,892 [pool-449-thread-1] INFO  server.RaftServerConfigKeys (ConfUtils.java:logGet(43)) - raft.server.log.segment.size.max = 1048576 (custom)
2019-10-07 12:15:43,892 [pool-449-thread-1] INFO  server.RaftServerConfigKeys (ConfUtils.java:logGet(43)) - raft.server.log.preallocated.size = 16384 (custom)
2019-10-07 12:15:43,892 [pool-449-thread-1] INFO  server.RaftServerConfigKeys (ConfUtils.java:logGet(43)) - raft.server.log.write.buffer.size = 33554432 (custom)
2019-10-07 12:15:43,893 [pool-449-thread-1] INFO  server.RaftServerConfigKeys (ConfUtils.java:logGet(43)) - raft.server.log.force.sync.num = 128 (default)
2019-10-07 12:15:43,893 [pool-449-thread-1] INFO  server.RaftServerConfigKeys (ConfUtils.java:logGet(43)) - raft.server.log.statemachine.data.sync = true (default)
2019-10-07 12:15:43,893 [pool-449-thread-1] INFO  server.RaftServerConfigKeys (ConfUtils.java:logGet(43)) - raft.server.log.statemachine.data.sync.timeout = 10s (default)
2019-10-07 12:15:43,893 [pool-449-thread-1] INFO  server.RaftServerConfigKeys (ConfUtils.java:logGet(43)) - raft.server.log.statemachine.data.sync.timeout.retry = -1 (default)
2019-10-07 12:15:43,893 [pool-449-thread-1] INFO  server.RaftServerConfigKeys (ConfUtils.java:logGet(43)) - raft.server.log.statemachine.data.caching.enabled = true (custom)
2019-10-07 12:15:43,893 [pool-449-thread-1] INFO  segmented.SegmentedRaftLogWorker (SegmentedRaftLogWorker.java:lambda$new$0(128)) - a9d0680e-0879-49e8-b72a-c4fc94b3b8b7@group-F205011AC0D5-SegmentedRaftLogWorker: flushIndex: setUnconditionally 0 -> -1
2019-10-07 12:15:43,893 [pool-449-thread-1] INFO  server.RaftServerConfigKeys (ConfUtils.java:logGet(43)) - raft.server.snapshot.auto.trigger.enabled = true (custom)
2019-10-07 12:15:43,893 [pool-449-thread-1] INFO  server.RaftServerConfigKeys (ConfUtils.java:logGet(43)) - raft.server.snapshot.auto.trigger.threshold = 10000 (custom)
2019-10-07 12:15:43,894 [pool-449-thread-1] INFO  server.RaftServerConfigKeys (ConfUtils.java:logGet(43)) - raft.server.snapshot.retention.file.num = 5 (custom)
2019-10-07 12:15:43,894 [pool-449-thread-1] INFO  server.RaftServerConfigKeys (ConfUtils.java:logGet(43)) - raft.server.retrycache.expirytime = 600000ms (custom)
2019-10-07 12:15:43,895 [pool-449-thread-1] INFO  impl.RaftServerImpl (RaftServerImpl.java:start(181)) - a9d0680e-0879-49e8-b72a-c4fc94b3b8b7@group-F205011AC0D5: start as a follower, conf=-1: [a9d0680e-0879-49e8-b72a-c4fc94b3b8b7:192.168.30.26:38098], old=null
2019-10-07 12:15:43,895 [pool-449-thread-1] INFO  impl.RaftServerImpl (RaftServerImpl.java:setRole(170)) - a9d0680e-0879-49e8-b72a-c4fc94b3b8b7@group-F205011AC0D5: changes role from      null to FOLLOWER at term 0 for startAsFollower
2019-10-07 12:15:43,895 [pool-449-thread-1] INFO  impl.RoleInfo (RoleInfo.java:updateAndGet(143)) - a9d0680e-0879-49e8-b72a-c4fc94b3b8b7: start FollowerState
2019-10-07 12:15:43,895 [pool-449-thread-1] INFO  util.JmxRegister (JmxRegister.java:tryRegister(44)) - Successfully registered JMX Bean with object name Ratis:service=RaftServer,group=group-F205011AC0D5,id=a9d0680e-0879-49e8-b72a-c4fc94b3b8b7
2019-10-07 12:15:43,898 [RatisPipelineUtilsThread] INFO  pipeline.PipelineStateManager (PipelineStateManager.java:addPipeline(56)) - Created pipeline Pipeline[ Id: 865c7211-00a8-46b0-8d20-f205011ac0d5, Nodes: a9d0680e-0879-49e8-b72a-c4fc94b3b8b7{ip: 192.168.30.26, host: pr-hdds-2071-fmvlq-2762171947, networkLocation: /default-rack, certSerialId: null}, Type:RATIS, Factor:ONE, State:OPEN]
2019-10-07 12:15:43,903 [grpc-default-executor-4] INFO  impl.RaftServerProxy (RaftServerProxy.java:addNew(89)) - 941e1436-7c11-4b15-ad79-e99f171cbd5c: addNew group-7115655C34FD:[941e1436-7c11-4b15-ad79-e99f171cbd5c:192.168.30.26:41572] returns group-7115655C34FD:java.util.concurrent.CompletableFuture@3e1c86cf[Not completed]
2019-10-07 12:15:43,904 [pool-459-thread-1] INFO  impl.RaftServerImpl (RaftServerImpl.java:<init>(95)) - 941e1436-7c11-4b15-ad79-e99f171cbd5c: new RaftServerImpl for group-7115655C34FD:[941e1436-7c11-4b15-ad79-e99f171cbd5c:192.168.30.26:41572] with ContainerStateMachine:uninitialized
2019-10-07 12:15:43,904 [pool-459-thread-1] INFO  server.RaftServerConfigKeys (ConfUtils.java:logGet(43)) - raft.server.rpc.timeout.min = 5s (custom)
2019-10-07 12:15:43,904 [pool-459-thread-1] INFO  server.RaftServerConfigKeys (ConfUtils.java:logGet(43)) - raft.server.rpc.timeout.max = 5200ms (custom)
2019-10-07 12:15:43,904 [pool-459-thread-1] INFO  server.RaftServerConfigKeys (ConfUtils.java:logGet(43)) - raft.server.rpcslowness.timeout = 120s (custom)
2019-10-07 12:15:43,904 [pool-459-thread-1] INFO  server.RaftServerConfigKeys (ConfUtils.java:logGet(43)) - raft.server.sleep.deviation.threshold = 300 (default)
2019-10-07 12:15:43,905 [pool-459-thread-1] INFO  server.RaftServerConfigKeys (ConfUtils.java:logGet(43)) - raft.server.log.appender.install.snapshot.enabled = false (custom)
2019-10-07 12:15:43,905 [pool-459-thread-1] INFO  impl.RaftServerImpl (ServerState.java:<init>(103)) - 941e1436-7c11-4b15-ad79-e99f171cbd5c@group-7115655C34FD: ConfigurationManager, init=-1: [941e1436-7c11-4b15-ad79-e99f171cbd5c:192.168.30.26:41572], old=null, confs=<EMPTY_MAP>
2019-10-07 12:15:43,905 [pool-459-thread-1] INFO  server.RaftServerConfigKeys (ConfUtils.java:logGet(43)) - raft.server.storage.dir = [/workdir/hadoop-ozone/integration-test/target/test-dir/MiniOzoneClusterImpl-7d7c158f-473a-4dac-99b6-81fe19448475/datanode-5/data/ratis] (custom)
2019-10-07 12:15:43,905 [pool-459-thread-1] INFO  server.RaftServerConfigKeys (ConfUtils.java:logGet(43)) - raft.server.log.corruption.policy = EXCEPTION (default)
2019-10-07 12:15:43,905 [pool-459-thread-1] INFO  storage.RaftStorageDirectory (RaftStorageDirectory.java:analyzeStorage(246)) - The storage directory /workdir/hadoop-ozone/integration-test/target/test-dir/MiniOzoneClusterImpl-7d7c158f-473a-4dac-99b6-81fe19448475/datanode-5/data/ratis/f4b24a95-1a56-41ea-bd41-7115655c34fd does not exist. Creating ...
2019-10-07 12:15:43,919 [pool-459-thread-1] INFO  storage.RaftStorageDirectory (RaftStorageDirectory.java:tryLock(328)) - Lock on /workdir/hadoop-ozone/integration-test/target/test-dir/MiniOzoneClusterImpl-7d7c158f-473a-4dac-99b6-81fe19448475/datanode-5/data/ratis/f4b24a95-1a56-41ea-bd41-7115655c34fd/in_use.lock acquired by nodename 23411@pr-hdds-2071-fmvlq-2762171947
2019-10-07 12:15:43,922 [main] INFO  ozone.MiniOzoneClusterImpl (MiniOzoneClusterImpl.java:lambda$waitForClusterToBeReady$0(147)) - Waiting for cluster to be ready. Got 6 of 7 DN Heartbeats.
2019-10-07 12:15:43,925 [IPC Server handler 18 on 34980] INFO  net.NetworkTopology (NetworkTopologyImpl.java:add(111)) - Added a new node: /default-rack/1c1d0e0f-d37f-44d7-915f-5703c6413f3c
2019-10-07 12:15:43,925 [IPC Server handler 18 on 34980] INFO  node.SCMNodeManager (SCMNodeManager.java:register(267)) - Registered Data node : 1c1d0e0f-d37f-44d7-915f-5703c6413f3c{ip: 192.168.30.26, host: pr-hdds-2071-fmvlq-2762171947, networkLocation: /default-rack, certSerialId: null}
2019-10-07 12:15:43,932 [pool-459-thread-1] INFO  storage.RaftStorage (RaftStorage.java:format(84)) - Storage directory /workdir/hadoop-ozone/integration-test/target/test-dir/MiniOzoneClusterImpl-7d7c158f-473a-4dac-99b6-81fe19448475/datanode-5/data/ratis/f4b24a95-1a56-41ea-bd41-7115655c34fd has been successfully formatted.
2019-10-07 12:15:43,932 [pool-459-thread-1] INFO  ratis.ContainerStateMachine (ContainerStateMachine.java:loadSnapshot(231)) - group-7115655C34FD: The snapshot info is null. Setting the last applied indexto:(t:0, i:~)
2019-10-07 12:15:43,932 [pool-459-thread-1] INFO  server.RaftServerConfigKeys (ConfUtils.java:logGet(43)) - raft.server.notification.no-leader.timeout = 120s (custom)
2019-10-07 12:15:43,933 [pool-459-thread-1] INFO  server.RaftServerConfigKeys (ConfUtils.java:logGet(43)) - raft.server.log.use.memory = false (default)
2019-10-07 12:15:43,933 [pool-459-thread-1] INFO  server.RaftServerConfigKeys (ConfUtils.java:logGet(43)) - raft.server.log.purge.gap = 1000000 (custom)
2019-10-07 12:15:43,933 [pool-459-thread-1] INFO  server.RaftServerConfigKeys (ConfUtils.java:logGet(43)) - raft.server.log.appender.buffer.byte-limit = 33554432 (custom)
2019-10-07 12:15:43,933 [pool-459-thread-1] INFO  server.RaftServerConfigKeys (ConfUtils.java:logGet(43)) - raft.server.log.segment.size.max = 1048576 (custom)
2019-10-07 12:15:43,935 [pool-459-thread-1] INFO  server.RaftServerConfigKeys (ConfUtils.java:logGet(43)) - raft.server.log.segment.cache.num.max = 2 (custom)
2019-10-07 12:15:43,935 [pool-459-thread-1] INFO  segmented.SegmentedRaftLogWorker (SegmentedRaftLogWorker.java:<init>(173)) - new 941e1436-7c11-4b15-ad79-e99f171cbd5c@group-7115655C34FD-SegmentedRaftLogWorker for RaftStorage:Storage Directory /workdir/hadoop-ozone/integration-test/target/test-dir/MiniOzoneClusterImpl-7d7c158f-473a-4dac-99b6-81fe19448475/datanode-5/data/ratis/f4b24a95-1a56-41ea-bd41-7115655c34fd
2019-10-07 12:15:43,935 [pool-459-thread-1] INFO  server.RaftServerConfigKeys (ConfUtils.java:logGet(43)) - raft.server.log.queue.byte-limit = 2147483647 (custom)
2019-10-07 12:15:43,935 [pool-459-thread-1] INFO  server.RaftServerConfigKeys (ConfUtils.java:logGet(43)) - raft.server.log.queue.element-limit = 1024 (custom)
2019-10-07 12:15:43,935 [pool-459-thread-1] INFO  server.RaftServerConfigKeys (ConfUtils.java:logGet(43)) - raft.server.log.segment.size.max = 1048576 (custom)
2019-10-07 12:15:43,935 [pool-459-thread-1] INFO  server.RaftServerConfigKeys (ConfUtils.java:logGet(43)) - raft.server.log.preallocated.size = 16384 (custom)
2019-10-07 12:15:43,935 [pool-459-thread-1] INFO  server.RaftServerConfigKeys (ConfUtils.java:logGet(43)) - raft.server.log.write.buffer.size = 33554432 (custom)
2019-10-07 12:15:43,936 [pool-459-thread-1] INFO  server.RaftServerConfigKeys (ConfUtils.java:logGet(43)) - raft.server.log.force.sync.num = 128 (default)
2019-10-07 12:15:43,936 [pool-459-thread-1] INFO  server.RaftServerConfigKeys (ConfUtils.java:logGet(43)) - raft.server.log.statemachine.data.sync = true (default)
2019-10-07 12:15:43,936 [pool-459-thread-1] INFO  server.RaftServerConfigKeys (ConfUtils.java:logGet(43)) - raft.server.log.statemachine.data.sync.timeout = 10s (default)
2019-10-07 12:15:43,936 [pool-459-thread-1] INFO  server.RaftServerConfigKeys (ConfUtils.java:logGet(43)) - raft.server.log.statemachine.data.sync.timeout.retry = -1 (default)
2019-10-07 12:15:43,936 [pool-459-thread-1] INFO  server.RaftServerConfigKeys (ConfUtils.java:logGet(43)) - raft.server.log.statemachine.data.caching.enabled = true (custom)
2019-10-07 12:15:43,937 [pool-459-thread-1] INFO  segmented.SegmentedRaftLogWorker (SegmentedRaftLogWorker.java:lambda$new$0(128)) - 941e1436-7c11-4b15-ad79-e99f171cbd5c@group-7115655C34FD-SegmentedRaftLogWorker: flushIndex: setUnconditionally 0 -> -1
2019-10-07 12:15:43,937 [pool-459-thread-1] INFO  server.RaftServerConfigKeys (ConfUtils.java:logGet(43)) - raft.server.snapshot.auto.trigger.enabled = true (custom)
2019-10-07 12:15:43,937 [pool-459-thread-1] INFO  server.RaftServerConfigKeys (ConfUtils.java:logGet(43)) - raft.server.snapshot.auto.trigger.threshold = 10000 (custom)
2019-10-07 12:15:43,937 [pool-459-thread-1] INFO  server.RaftServerConfigKeys (ConfUtils.java:logGet(43)) - raft.server.snapshot.retention.file.num = 5 (custom)
2019-10-07 12:15:43,937 [pool-459-thread-1] INFO  server.RaftServerConfigKeys (ConfUtils.java:logGet(43)) - raft.server.retrycache.expirytime = 600000ms (custom)
2019-10-07 12:15:43,939 [pool-459-thread-1] INFO  impl.RaftServerImpl (RaftServerImpl.java:start(181)) - 941e1436-7c11-4b15-ad79-e99f171cbd5c@group-7115655C34FD: start as a follower, conf=-1: [941e1436-7c11-4b15-ad79-e99f171cbd5c:192.168.30.26:41572], old=null
2019-10-07 12:15:43,939 [pool-459-thread-1] INFO  impl.RaftServerImpl (RaftServerImpl.java:setRole(170)) - 941e1436-7c11-4b15-ad79-e99f171cbd5c@group-7115655C34FD: changes role from      null to FOLLOWER at term 0 for startAsFollower
2019-10-07 12:15:43,939 [pool-459-thread-1] INFO  impl.RoleInfo (RoleInfo.java:updateAndGet(143)) - 941e1436-7c11-4b15-ad79-e99f171cbd5c: start FollowerState
2019-10-07 12:15:43,940 [pool-459-thread-1] INFO  util.JmxRegister (JmxRegister.java:tryRegister(44)) - Successfully registered JMX Bean with object name Ratis:service=RaftServer,group=group-7115655C34FD,id=941e1436-7c11-4b15-ad79-e99f171cbd5c
2019-10-07 12:15:43,944 [RatisPipelineUtilsThread] INFO  pipeline.PipelineStateManager (PipelineStateManager.java:addPipeline(56)) - Created pipeline Pipeline[ Id: f4b24a95-1a56-41ea-bd41-7115655c34fd, Nodes: 941e1436-7c11-4b15-ad79-e99f171cbd5c{ip: 192.168.30.26, host: pr-hdds-2071-fmvlq-2762171947, networkLocation: /default-rack, certSerialId: null}, Type:RATIS, Factor:ONE, State:OPEN]
2019-10-07 12:15:43,950 [grpc-default-executor-4] INFO  impl.RaftServerProxy (RaftServerProxy.java:addNew(89)) - 1c1d0e0f-d37f-44d7-915f-5703c6413f3c: addNew group-7C3F5EF3C2DF:[1c1d0e0f-d37f-44d7-915f-5703c6413f3c:192.168.30.26:37322] returns group-7C3F5EF3C2DF:java.util.concurrent.CompletableFuture@e669b2e[Not completed]
2019-10-07 12:15:43,951 [pool-469-thread-1] INFO  impl.RaftServerImpl (RaftServerImpl.java:<init>(95)) - 1c1d0e0f-d37f-44d7-915f-5703c6413f3c: new RaftServerImpl for group-7C3F5EF3C2DF:[1c1d0e0f-d37f-44d7-915f-5703c6413f3c:192.168.30.26:37322] with ContainerStateMachine:uninitialized
2019-10-07 12:15:43,951 [pool-469-thread-1] INFO  server.RaftServerConfigKeys (ConfUtils.java:logGet(43)) - raft.server.rpc.timeout.min = 5s (custom)
2019-10-07 12:15:43,951 [pool-469-thread-1] INFO  server.RaftServerConfigKeys (ConfUtils.java:logGet(43)) - raft.server.rpc.timeout.max = 5200ms (custom)
2019-10-07 12:15:43,951 [pool-469-thread-1] INFO  server.RaftServerConfigKeys (ConfUtils.java:logGet(43)) - raft.server.rpcslowness.timeout = 120s (custom)
2019-10-07 12:15:43,951 [pool-469-thread-1] INFO  server.RaftServerConfigKeys (ConfUtils.java:logGet(43)) - raft.server.sleep.deviation.threshold = 300 (default)
2019-10-07 12:15:43,952 [pool-469-thread-1] INFO  server.RaftServerConfigKeys (ConfUtils.java:logGet(43)) - raft.server.log.appender.install.snapshot.enabled = false (custom)
2019-10-07 12:15:43,952 [pool-469-thread-1] INFO  impl.RaftServerImpl (ServerState.java:<init>(103)) - 1c1d0e0f-d37f-44d7-915f-5703c6413f3c@group-7C3F5EF3C2DF: ConfigurationManager, init=-1: [1c1d0e0f-d37f-44d7-915f-5703c6413f3c:192.168.30.26:37322], old=null, confs=<EMPTY_MAP>
2019-10-07 12:15:43,952 [pool-469-thread-1] INFO  server.RaftServerConfigKeys (ConfUtils.java:logGet(43)) - raft.server.storage.dir = [/workdir/hadoop-ozone/integration-test/target/test-dir/MiniOzoneClusterImpl-7d7c158f-473a-4dac-99b6-81fe19448475/datanode-6/data/ratis] (custom)
2019-10-07 12:15:43,952 [pool-469-thread-1] INFO  server.RaftServerConfigKeys (ConfUtils.java:logGet(43)) - raft.server.log.corruption.policy = EXCEPTION (default)
2019-10-07 12:15:43,952 [pool-469-thread-1] INFO  storage.RaftStorageDirectory (RaftStorageDirectory.java:analyzeStorage(246)) - The storage directory /workdir/hadoop-ozone/integration-test/target/test-dir/MiniOzoneClusterImpl-7d7c158f-473a-4dac-99b6-81fe19448475/datanode-6/data/ratis/c7cf582e-3c2d-481a-a237-7c3f5ef3c2df does not exist. Creating ...
2019-10-07 12:15:43,960 [pool-469-thread-1] INFO  storage.RaftStorageDirectory (RaftStorageDirectory.java:tryLock(328)) - Lock on /workdir/hadoop-ozone/integration-test/target/test-dir/MiniOzoneClusterImpl-7d7c158f-473a-4dac-99b6-81fe19448475/datanode-6/data/ratis/c7cf582e-3c2d-481a-a237-7c3f5ef3c2df/in_use.lock acquired by nodename 23411@pr-hdds-2071-fmvlq-2762171947
2019-10-07 12:15:43,973 [pool-469-thread-1] INFO  storage.RaftStorage (RaftStorage.java:format(84)) - Storage directory /workdir/hadoop-ozone/integration-test/target/test-dir/MiniOzoneClusterImpl-7d7c158f-473a-4dac-99b6-81fe19448475/datanode-6/data/ratis/c7cf582e-3c2d-481a-a237-7c3f5ef3c2df has been successfully formatted.
2019-10-07 12:15:43,973 [pool-469-thread-1] INFO  ratis.ContainerStateMachine (ContainerStateMachine.java:loadSnapshot(231)) - group-7C3F5EF3C2DF: The snapshot info is null. Setting the last applied indexto:(t:0, i:~)
2019-10-07 12:15:43,973 [pool-469-thread-1] INFO  server.RaftServerConfigKeys (ConfUtils.java:logGet(43)) - raft.server.notification.no-leader.timeout = 120s (custom)
2019-10-07 12:15:43,973 [pool-469-thread-1] INFO  server.RaftServerConfigKeys (ConfUtils.java:logGet(43)) - raft.server.log.use.memory = false (default)
2019-10-07 12:15:43,974 [pool-469-thread-1] INFO  server.RaftServerConfigKeys (ConfUtils.java:logGet(43)) - raft.server.log.purge.gap = 1000000 (custom)
2019-10-07 12:15:43,974 [pool-469-thread-1] INFO  server.RaftServerConfigKeys (ConfUtils.java:logGet(43)) - raft.server.log.appender.buffer.byte-limit = 33554432 (custom)
2019-10-07 12:15:43,974 [pool-469-thread-1] INFO  server.RaftServerConfigKeys (ConfUtils.java:logGet(43)) - raft.server.log.segment.size.max = 1048576 (custom)
2019-10-07 12:15:43,975 [pool-469-thread-1] INFO  server.RaftServerConfigKeys (ConfUtils.java:logGet(43)) - raft.server.log.segment.cache.num.max = 2 (custom)
2019-10-07 12:15:43,975 [pool-469-thread-1] INFO  segmented.SegmentedRaftLogWorker (SegmentedRaftLogWorker.java:<init>(173)) - new 1c1d0e0f-d37f-44d7-915f-5703c6413f3c@group-7C3F5EF3C2DF-SegmentedRaftLogWorker for RaftStorage:Storage Directory /workdir/hadoop-ozone/integration-test/target/test-dir/MiniOzoneClusterImpl-7d7c158f-473a-4dac-99b6-81fe19448475/datanode-6/data/ratis/c7cf582e-3c2d-481a-a237-7c3f5ef3c2df
2019-10-07 12:15:43,976 [pool-469-thread-1] INFO  server.RaftServerConfigKeys (ConfUtils.java:logGet(43)) - raft.server.log.queue.byte-limit = 2147483647 (custom)
2019-10-07 12:15:43,976 [pool-469-thread-1] INFO  server.RaftServerConfigKeys (ConfUtils.java:logGet(43)) - raft.server.log.queue.element-limit = 1024 (custom)
2019-10-07 12:15:43,976 [pool-469-thread-1] INFO  server.RaftServerConfigKeys (ConfUtils.java:logGet(43)) - raft.server.log.segment.size.max = 1048576 (custom)
2019-10-07 12:15:43,976 [pool-469-thread-1] INFO  server.RaftServerConfigKeys (ConfUtils.java:logGet(43)) - raft.server.log.preallocated.size = 16384 (custom)
2019-10-07 12:15:43,976 [pool-469-thread-1] INFO  server.RaftServerConfigKeys (ConfUtils.java:logGet(43)) - raft.server.log.write.buffer.size = 33554432 (custom)
2019-10-07 12:15:43,976 [pool-469-thread-1] INFO  server.RaftServerConfigKeys (ConfUtils.java:logGet(43)) - raft.server.log.force.sync.num = 128 (default)
2019-10-07 12:15:43,976 [pool-469-thread-1] INFO  server.RaftServerConfigKeys (ConfUtils.java:logGet(43)) - raft.server.log.statemachine.data.sync = true (default)
2019-10-07 12:15:43,976 [pool-469-thread-1] INFO  server.RaftServerConfigKeys (ConfUtils.java:logGet(43)) - raft.server.log.statemachine.data.sync.timeout = 10s (default)
2019-10-07 12:15:43,977 [pool-469-thread-1] INFO  server.RaftServerConfigKeys (ConfUtils.java:logGet(43)) - raft.server.log.statemachine.data.sync.timeout.retry = -1 (default)
2019-10-07 12:15:43,977 [pool-469-thread-1] INFO  server.RaftServerConfigKeys (ConfUtils.java:logGet(43)) - raft.server.log.statemachine.data.caching.enabled = true (custom)
2019-10-07 12:15:43,977 [pool-469-thread-1] INFO  segmented.SegmentedRaftLogWorker (SegmentedRaftLogWorker.java:lambda$new$0(128)) - 1c1d0e0f-d37f-44d7-915f-5703c6413f3c@group-7C3F5EF3C2DF-SegmentedRaftLogWorker: flushIndex: setUnconditionally 0 -> -1
2019-10-07 12:15:43,977 [pool-469-thread-1] INFO  server.RaftServerConfigKeys (ConfUtils.java:logGet(43)) - raft.server.snapshot.auto.trigger.enabled = true (custom)
2019-10-07 12:15:43,978 [pool-469-thread-1] INFO  server.RaftServerConfigKeys (ConfUtils.java:logGet(43)) - raft.server.snapshot.auto.trigger.threshold = 10000 (custom)
2019-10-07 12:15:43,978 [pool-469-thread-1] INFO  server.RaftServerConfigKeys (ConfUtils.java:logGet(43)) - raft.server.snapshot.retention.file.num = 5 (custom)
2019-10-07 12:15:43,978 [pool-469-thread-1] INFO  server.RaftServerConfigKeys (ConfUtils.java:logGet(43)) - raft.server.retrycache.expirytime = 600000ms (custom)
2019-10-07 12:15:43,979 [pool-469-thread-1] INFO  impl.RaftServerImpl (RaftServerImpl.java:start(181)) - 1c1d0e0f-d37f-44d7-915f-5703c6413f3c@group-7C3F5EF3C2DF: start as a follower, conf=-1: [1c1d0e0f-d37f-44d7-915f-5703c6413f3c:192.168.30.26:37322], old=null
2019-10-07 12:15:43,979 [pool-469-thread-1] INFO  impl.RaftServerImpl (RaftServerImpl.java:setRole(170)) - 1c1d0e0f-d37f-44d7-915f-5703c6413f3c@group-7C3F5EF3C2DF: changes role from      null to FOLLOWER at term 0 for startAsFollower
2019-10-07 12:15:43,979 [pool-469-thread-1] INFO  impl.RoleInfo (RoleInfo.java:updateAndGet(143)) - 1c1d0e0f-d37f-44d7-915f-5703c6413f3c: start FollowerState
2019-10-07 12:15:43,980 [pool-469-thread-1] INFO  util.JmxRegister (JmxRegister.java:tryRegister(44)) - Successfully registered JMX Bean with object name Ratis:service=RaftServer,group=group-7C3F5EF3C2DF,id=1c1d0e0f-d37f-44d7-915f-5703c6413f3c
2019-10-07 12:15:43,983 [RatisPipelineUtilsThread] INFO  pipeline.PipelineStateManager (PipelineStateManager.java:addPipeline(56)) - Created pipeline Pipeline[ Id: c7cf582e-3c2d-481a-a237-7c3f5ef3c2df, Nodes: 1c1d0e0f-d37f-44d7-915f-5703c6413f3c{ip: 192.168.30.26, host: pr-hdds-2071-fmvlq-2762171947, networkLocation: /default-rack, certSerialId: null}, Type:RATIS, Factor:ONE, State:OPEN]
2019-10-07 12:15:43,993 [grpc-default-executor-7] INFO  impl.RaftServerProxy (RaftServerProxy.java:addNew(89)) - 1c1d0e0f-d37f-44d7-915f-5703c6413f3c: addNew group-F51F9C0F9659:[d9b951ce-41d1-4813-8e81-a5aad6d5b66d:192.168.30.26:34953, 941e1436-7c11-4b15-ad79-e99f171cbd5c:192.168.30.26:41572, 1c1d0e0f-d37f-44d7-915f-5703c6413f3c:192.168.30.26:37322] returns group-F51F9C0F9659:java.util.concurrent.CompletableFuture@cb28e05[Not completed]
2019-10-07 12:15:43,993 [grpc-default-executor-6] INFO  impl.RaftServerProxy (RaftServerProxy.java:addNew(89)) - d9b951ce-41d1-4813-8e81-a5aad6d5b66d: addNew group-F51F9C0F9659:[d9b951ce-41d1-4813-8e81-a5aad6d5b66d:192.168.30.26:34953, 941e1436-7c11-4b15-ad79-e99f171cbd5c:192.168.30.26:41572, 1c1d0e0f-d37f-44d7-915f-5703c6413f3c:192.168.30.26:37322] returns group-F51F9C0F9659:java.util.concurrent.CompletableFuture@76cb8588[Not completed]
2019-10-07 12:15:43,993 [grpc-default-executor-4] INFO  impl.RaftServerProxy (RaftServerProxy.java:addNew(89)) - 941e1436-7c11-4b15-ad79-e99f171cbd5c: addNew group-F51F9C0F9659:[d9b951ce-41d1-4813-8e81-a5aad6d5b66d:192.168.30.26:34953, 941e1436-7c11-4b15-ad79-e99f171cbd5c:192.168.30.26:41572, 1c1d0e0f-d37f-44d7-915f-5703c6413f3c:192.168.30.26:37322] returns group-F51F9C0F9659:java.util.concurrent.CompletableFuture@c404ef7[Not completed]
2019-10-07 12:15:43,994 [pool-439-thread-1] INFO  impl.RaftServerImpl (RaftServerImpl.java:<init>(95)) - d9b951ce-41d1-4813-8e81-a5aad6d5b66d: new RaftServerImpl for group-F51F9C0F9659:[d9b951ce-41d1-4813-8e81-a5aad6d5b66d:192.168.30.26:34953, 941e1436-7c11-4b15-ad79-e99f171cbd5c:192.168.30.26:41572, 1c1d0e0f-d37f-44d7-915f-5703c6413f3c:192.168.30.26:37322] with ContainerStateMachine:uninitialized
2019-10-07 12:15:43,994 [pool-439-thread-1] INFO  server.RaftServerConfigKeys (ConfUtils.java:logGet(43)) - raft.server.rpc.timeout.min = 5s (custom)
2019-10-07 12:15:43,994 [pool-439-thread-1] INFO  server.RaftServerConfigKeys (ConfUtils.java:logGet(43)) - raft.server.rpc.timeout.max = 5200ms (custom)
2019-10-07 12:15:43,994 [pool-439-thread-1] INFO  server.RaftServerConfigKeys (ConfUtils.java:logGet(43)) - raft.server.rpcslowness.timeout = 120s (custom)
2019-10-07 12:15:43,994 [pool-439-thread-1] INFO  server.RaftServerConfigKeys (ConfUtils.java:logGet(43)) - raft.server.sleep.deviation.threshold = 300 (default)
2019-10-07 12:15:43,995 [pool-469-thread-1] INFO  impl.RaftServerImpl (RaftServerImpl.java:<init>(95)) - 1c1d0e0f-d37f-44d7-915f-5703c6413f3c: new RaftServerImpl for group-F51F9C0F9659:[d9b951ce-41d1-4813-8e81-a5aad6d5b66d:192.168.30.26:34953, 941e1436-7c11-4b15-ad79-e99f171cbd5c:192.168.30.26:41572, 1c1d0e0f-d37f-44d7-915f-5703c6413f3c:192.168.30.26:37322] with ContainerStateMachine:uninitialized
2019-10-07 12:15:43,995 [pool-439-thread-1] INFO  server.RaftServerConfigKeys (ConfUtils.java:logGet(43)) - raft.server.log.appender.install.snapshot.enabled = false (custom)
2019-10-07 12:15:43,995 [pool-469-thread-1] INFO  server.RaftServerConfigKeys (ConfUtils.java:logGet(43)) - raft.server.rpc.timeout.min = 5s (custom)
2019-10-07 12:15:43,995 [pool-439-thread-1] INFO  impl.RaftServerImpl (ServerState.java:<init>(103)) - d9b951ce-41d1-4813-8e81-a5aad6d5b66d@group-F51F9C0F9659: ConfigurationManager, init=-1: [d9b951ce-41d1-4813-8e81-a5aad6d5b66d:192.168.30.26:34953, 941e1436-7c11-4b15-ad79-e99f171cbd5c:192.168.30.26:41572, 1c1d0e0f-d37f-44d7-915f-5703c6413f3c:192.168.30.26:37322], old=null, confs=<EMPTY_MAP>
2019-10-07 12:15:43,995 [pool-469-thread-1] INFO  server.RaftServerConfigKeys (ConfUtils.java:logGet(43)) - raft.server.rpc.timeout.max = 5200ms (custom)
2019-10-07 12:15:43,995 [pool-459-thread-1] INFO  impl.RaftServerImpl (RaftServerImpl.java:<init>(95)) - 941e1436-7c11-4b15-ad79-e99f171cbd5c: new RaftServerImpl for group-F51F9C0F9659:[d9b951ce-41d1-4813-8e81-a5aad6d5b66d:192.168.30.26:34953, 941e1436-7c11-4b15-ad79-e99f171cbd5c:192.168.30.26:41572, 1c1d0e0f-d37f-44d7-915f-5703c6413f3c:192.168.30.26:37322] with ContainerStateMachine:uninitialized
2019-10-07 12:15:43,995 [pool-469-thread-1] INFO  server.RaftServerConfigKeys (ConfUtils.java:logGet(43)) - raft.server.rpcslowness.timeout = 120s (custom)
2019-10-07 12:15:43,995 [pool-439-thread-1] INFO  server.RaftServerConfigKeys (ConfUtils.java:logGet(43)) - raft.server.storage.dir = [/workdir/hadoop-ozone/integration-test/target/test-dir/MiniOzoneClusterImpl-7d7c158f-473a-4dac-99b6-81fe19448475/datanode-3/data/ratis] (custom)
2019-10-07 12:15:43,995 [pool-469-thread-1] INFO  server.RaftServerConfigKeys (ConfUtils.java:logGet(43)) - raft.server.sleep.deviation.threshold = 300 (default)
2019-10-07 12:15:43,995 [pool-459-thread-1] INFO  server.RaftServerConfigKeys (ConfUtils.java:logGet(43)) - raft.server.rpc.timeout.min = 5s (custom)
2019-10-07 12:15:43,996 [pool-439-thread-1] INFO  server.RaftServerConfigKeys (ConfUtils.java:logGet(43)) - raft.server.log.corruption.policy = EXCEPTION (default)
2019-10-07 12:15:43,995 [pool-469-thread-1] INFO  server.RaftServerConfigKeys (ConfUtils.java:logGet(43)) - raft.server.log.appender.install.snapshot.enabled = false (custom)
2019-10-07 12:15:43,996 [pool-439-thread-1] INFO  storage.RaftStorageDirectory (RaftStorageDirectory.java:analyzeStorage(246)) - The storage directory /workdir/hadoop-ozone/integration-test/target/test-dir/MiniOzoneClusterImpl-7d7c158f-473a-4dac-99b6-81fe19448475/datanode-3/data/ratis/75b35060-fa94-4fe5-b3c0-f51f9c0f9659 does not exist. Creating ...
2019-10-07 12:15:43,996 [pool-459-thread-1] INFO  server.RaftServerConfigKeys (ConfUtils.java:logGet(43)) - raft.server.rpc.timeout.max = 5200ms (custom)
2019-10-07 12:15:43,996 [pool-469-thread-1] INFO  impl.RaftServerImpl (ServerState.java:<init>(103)) - 1c1d0e0f-d37f-44d7-915f-5703c6413f3c@group-F51F9C0F9659: ConfigurationManager, init=-1: [d9b951ce-41d1-4813-8e81-a5aad6d5b66d:192.168.30.26:34953, 941e1436-7c11-4b15-ad79-e99f171cbd5c:192.168.30.26:41572, 1c1d0e0f-d37f-44d7-915f-5703c6413f3c:192.168.30.26:37322], old=null, confs=<EMPTY_MAP>
2019-10-07 12:15:43,996 [pool-459-thread-1] INFO  server.RaftServerConfigKeys (ConfUtils.java:logGet(43)) - raft.server.rpcslowness.timeout = 120s (custom)
2019-10-07 12:15:43,996 [pool-469-thread-1] INFO  server.RaftServerConfigKeys (ConfUtils.java:logGet(43)) - raft.server.storage.dir = [/workdir/hadoop-ozone/integration-test/target/test-dir/MiniOzoneClusterImpl-7d7c158f-473a-4dac-99b6-81fe19448475/datanode-6/data/ratis] (custom)
2019-10-07 12:15:43,996 [pool-459-thread-1] INFO  server.RaftServerConfigKeys (ConfUtils.java:logGet(43)) - raft.server.sleep.deviation.threshold = 300 (default)
2019-10-07 12:15:43,996 [pool-459-thread-1] INFO  server.RaftServerConfigKeys (ConfUtils.java:logGet(43)) - raft.server.log.appender.install.snapshot.enabled = false (custom)
2019-10-07 12:15:43,996 [pool-469-thread-1] INFO  server.RaftServerConfigKeys (ConfUtils.java:logGet(43)) - raft.server.log.corruption.policy = EXCEPTION (default)
2019-10-07 12:15:43,996 [pool-459-thread-1] INFO  impl.RaftServerImpl (ServerState.java:<init>(103)) - 941e1436-7c11-4b15-ad79-e99f171cbd5c@group-F51F9C0F9659: ConfigurationManager, init=-1: [d9b951ce-41d1-4813-8e81-a5aad6d5b66d:192.168.30.26:34953, 941e1436-7c11-4b15-ad79-e99f171cbd5c:192.168.30.26:41572, 1c1d0e0f-d37f-44d7-915f-5703c6413f3c:192.168.30.26:37322], old=null, confs=<EMPTY_MAP>
2019-10-07 12:15:43,997 [pool-469-thread-1] INFO  storage.RaftStorageDirectory (RaftStorageDirectory.java:analyzeStorage(246)) - The storage directory /workdir/hadoop-ozone/integration-test/target/test-dir/MiniOzoneClusterImpl-7d7c158f-473a-4dac-99b6-81fe19448475/datanode-6/data/ratis/75b35060-fa94-4fe5-b3c0-f51f9c0f9659 does not exist. Creating ...
2019-10-07 12:15:43,997 [pool-459-thread-1] INFO  server.RaftServerConfigKeys (ConfUtils.java:logGet(43)) - raft.server.storage.dir = [/workdir/hadoop-ozone/integration-test/target/test-dir/MiniOzoneClusterImpl-7d7c158f-473a-4dac-99b6-81fe19448475/datanode-5/data/ratis] (custom)
2019-10-07 12:15:43,997 [pool-459-thread-1] INFO  server.RaftServerConfigKeys (ConfUtils.java:logGet(43)) - raft.server.log.corruption.policy = EXCEPTION (default)
2019-10-07 12:15:43,997 [pool-459-thread-1] INFO  storage.RaftStorageDirectory (RaftStorageDirectory.java:analyzeStorage(246)) - The storage directory /workdir/hadoop-ozone/integration-test/target/test-dir/MiniOzoneClusterImpl-7d7c158f-473a-4dac-99b6-81fe19448475/datanode-5/data/ratis/75b35060-fa94-4fe5-b3c0-f51f9c0f9659 does not exist. Creating ...
2019-10-07 12:15:44,009 [pool-439-thread-1] INFO  storage.RaftStorageDirectory (RaftStorageDirectory.java:tryLock(328)) - Lock on /workdir/hadoop-ozone/integration-test/target/test-dir/MiniOzoneClusterImpl-7d7c158f-473a-4dac-99b6-81fe19448475/datanode-3/data/ratis/75b35060-fa94-4fe5-b3c0-f51f9c0f9659/in_use.lock acquired by nodename 23411@pr-hdds-2071-fmvlq-2762171947
2019-10-07 12:15:44,010 [pool-459-thread-1] INFO  storage.RaftStorageDirectory (RaftStorageDirectory.java:tryLock(328)) - Lock on /workdir/hadoop-ozone/integration-test/target/test-dir/MiniOzoneClusterImpl-7d7c158f-473a-4dac-99b6-81fe19448475/datanode-5/data/ratis/75b35060-fa94-4fe5-b3c0-f51f9c0f9659/in_use.lock acquired by nodename 23411@pr-hdds-2071-fmvlq-2762171947
2019-10-07 12:15:44,010 [pool-469-thread-1] INFO  storage.RaftStorageDirectory (RaftStorageDirectory.java:tryLock(328)) - Lock on /workdir/hadoop-ozone/integration-test/target/test-dir/MiniOzoneClusterImpl-7d7c158f-473a-4dac-99b6-81fe19448475/datanode-6/data/ratis/75b35060-fa94-4fe5-b3c0-f51f9c0f9659/in_use.lock acquired by nodename 23411@pr-hdds-2071-fmvlq-2762171947
2019-10-07 12:15:44,023 [pool-439-thread-1] INFO  storage.RaftStorage (RaftStorage.java:format(84)) - Storage directory /workdir/hadoop-ozone/integration-test/target/test-dir/MiniOzoneClusterImpl-7d7c158f-473a-4dac-99b6-81fe19448475/datanode-3/data/ratis/75b35060-fa94-4fe5-b3c0-f51f9c0f9659 has been successfully formatted.
2019-10-07 12:15:44,024 [pool-469-thread-1] INFO  storage.RaftStorage (RaftStorage.java:format(84)) - Storage directory /workdir/hadoop-ozone/integration-test/target/test-dir/MiniOzoneClusterImpl-7d7c158f-473a-4dac-99b6-81fe19448475/datanode-6/data/ratis/75b35060-fa94-4fe5-b3c0-f51f9c0f9659 has been successfully formatted.
2019-10-07 12:15:44,023 [pool-459-thread-1] INFO  storage.RaftStorage (RaftStorage.java:format(84)) - Storage directory /workdir/hadoop-ozone/integration-test/target/test-dir/MiniOzoneClusterImpl-7d7c158f-473a-4dac-99b6-81fe19448475/datanode-5/data/ratis/75b35060-fa94-4fe5-b3c0-f51f9c0f9659 has been successfully formatted.
2019-10-07 12:15:44,024 [pool-469-thread-1] INFO  ratis.ContainerStateMachine (ContainerStateMachine.java:loadSnapshot(231)) - group-F51F9C0F9659: The snapshot info is null. Setting the last applied indexto:(t:0, i:~)
2019-10-07 12:15:44,024 [pool-439-thread-1] INFO  ratis.ContainerStateMachine (ContainerStateMachine.java:loadSnapshot(231)) - group-F51F9C0F9659: The snapshot info is null. Setting the last applied indexto:(t:0, i:~)
2019-10-07 12:15:44,024 [pool-469-thread-1] INFO  server.RaftServerConfigKeys (ConfUtils.java:logGet(43)) - raft.server.notification.no-leader.timeout = 120s (custom)
2019-10-07 12:15:44,024 [pool-459-thread-1] INFO  ratis.ContainerStateMachine (ContainerStateMachine.java:loadSnapshot(231)) - group-F51F9C0F9659: The snapshot info is null. Setting the last applied indexto:(t:0, i:~)
2019-10-07 12:15:44,024 [pool-469-thread-1] INFO  server.RaftServerConfigKeys (ConfUtils.java:logGet(43)) - raft.server.log.use.memory = false (default)
2019-10-07 12:15:44,024 [pool-439-thread-1] INFO  server.RaftServerConfigKeys (ConfUtils.java:logGet(43)) - raft.server.notification.no-leader.timeout = 120s (custom)
2019-10-07 12:15:44,024 [pool-469-thread-1] INFO  server.RaftServerConfigKeys (ConfUtils.java:logGet(43)) - raft.server.log.purge.gap = 1000000 (custom)
2019-10-07 12:15:44,024 [pool-459-thread-1] INFO  server.RaftServerConfigKeys (ConfUtils.java:logGet(43)) - raft.server.notification.no-leader.timeout = 120s (custom)
2019-10-07 12:15:44,025 [pool-469-thread-1] INFO  server.RaftServerConfigKeys (ConfUtils.java:logGet(43)) - raft.server.log.appender.buffer.byte-limit = 33554432 (custom)
2019-10-07 12:15:44,025 [pool-439-thread-1] INFO  server.RaftServerConfigKeys (ConfUtils.java:logGet(43)) - raft.server.log.use.memory = false (default)
2019-10-07 12:15:44,025 [pool-469-thread-1] INFO  server.RaftServerConfigKeys (ConfUtils.java:logGet(43)) - raft.server.log.segment.size.max = 1048576 (custom)
2019-10-07 12:15:44,025 [pool-459-thread-1] INFO  server.RaftServerConfigKeys (ConfUtils.java:logGet(43)) - raft.server.log.use.memory = false (default)
2019-10-07 12:15:44,025 [pool-469-thread-1] INFO  server.RaftServerConfigKeys (ConfUtils.java:logGet(43)) - raft.server.log.segment.cache.num.max = 2 (custom)
2019-10-07 12:15:44,025 [pool-439-thread-1] INFO  server.RaftServerConfigKeys (ConfUtils.java:logGet(43)) - raft.server.log.purge.gap = 1000000 (custom)
2019-10-07 12:15:44,025 [pool-469-thread-1] INFO  segmented.SegmentedRaftLogWorker (SegmentedRaftLogWorker.java:<init>(173)) - new 1c1d0e0f-d37f-44d7-915f-5703c6413f3c@group-F51F9C0F9659-SegmentedRaftLogWorker for RaftStorage:Storage Directory /workdir/hadoop-ozone/integration-test/target/test-dir/MiniOzoneClusterImpl-7d7c158f-473a-4dac-99b6-81fe19448475/datanode-6/data/ratis/75b35060-fa94-4fe5-b3c0-f51f9c0f9659
2019-10-07 12:15:44,025 [pool-459-thread-1] INFO  server.RaftServerConfigKeys (ConfUtils.java:logGet(43)) - raft.server.log.purge.gap = 1000000 (custom)
2019-10-07 12:15:44,026 [pool-469-thread-1] INFO  server.RaftServerConfigKeys (ConfUtils.java:logGet(43)) - raft.server.log.queue.byte-limit = 2147483647 (custom)
2019-10-07 12:15:44,026 [pool-439-thread-1] INFO  server.RaftServerConfigKeys (ConfUtils.java:logGet(43)) - raft.server.log.appender.buffer.byte-limit = 33554432 (custom)
2019-10-07 12:15:44,026 [pool-469-thread-1] INFO  server.RaftServerConfigKeys (ConfUtils.java:logGet(43)) - raft.server.log.queue.element-limit = 1024 (custom)
2019-10-07 12:15:44,026 [pool-459-thread-1] INFO  server.RaftServerConfigKeys (ConfUtils.java:logGet(43)) - raft.server.log.appender.buffer.byte-limit = 33554432 (custom)
2019-10-07 12:15:44,026 [pool-469-thread-1] INFO  server.RaftServerConfigKeys (ConfUtils.java:logGet(43)) - raft.server.log.segment.size.max = 1048576 (custom)
2019-10-07 12:15:44,026 [pool-439-thread-1] INFO  server.RaftServerConfigKeys (ConfUtils.java:logGet(43)) - raft.server.log.segment.size.max = 1048576 (custom)
2019-10-07 12:15:44,026 [pool-469-thread-1] INFO  server.RaftServerConfigKeys (ConfUtils.java:logGet(43)) - raft.server.log.preallocated.size = 16384 (custom)
2019-10-07 12:15:44,026 [pool-459-thread-1] INFO  server.RaftServerConfigKeys (ConfUtils.java:logGet(43)) - raft.server.log.segment.size.max = 1048576 (custom)
2019-10-07 12:15:44,027 [pool-469-thread-1] INFO  server.RaftServerConfigKeys (ConfUtils.java:logGet(43)) - raft.server.log.write.buffer.size = 33554432 (custom)
2019-10-07 12:15:44,027 [pool-439-thread-1] INFO  server.RaftServerConfigKeys (ConfUtils.java:logGet(43)) - raft.server.log.segment.cache.num.max = 2 (custom)
2019-10-07 12:15:44,027 [pool-469-thread-1] INFO  server.RaftServerConfigKeys (ConfUtils.java:logGet(43)) - raft.server.log.force.sync.num = 128 (default)
2019-10-07 12:15:44,027 [pool-469-thread-1] INFO  server.RaftServerConfigKeys (ConfUtils.java:logGet(43)) - raft.server.log.statemachine.data.sync = true (default)
2019-10-07 12:15:44,027 [pool-459-thread-1] INFO  server.RaftServerConfigKeys (ConfUtils.java:logGet(43)) - raft.server.log.segment.cache.num.max = 2 (custom)
2019-10-07 12:15:44,027 [pool-469-thread-1] INFO  server.RaftServerConfigKeys (ConfUtils.java:logGet(43)) - raft.server.log.statemachine.data.sync.timeout = 10s (default)
2019-10-07 12:15:44,027 [pool-439-thread-1] INFO  segmented.SegmentedRaftLogWorker (SegmentedRaftLogWorker.java:<init>(173)) - new d9b951ce-41d1-4813-8e81-a5aad6d5b66d@group-F51F9C0F9659-SegmentedRaftLogWorker for RaftStorage:Storage Directory /workdir/hadoop-ozone/integration-test/target/test-dir/MiniOzoneClusterImpl-7d7c158f-473a-4dac-99b6-81fe19448475/datanode-3/data/ratis/75b35060-fa94-4fe5-b3c0-f51f9c0f9659
2019-10-07 12:15:44,028 [pool-469-thread-1] INFO  server.RaftServerConfigKeys (ConfUtils.java:logGet(43)) - raft.server.log.statemachine.data.sync.timeout.retry = -1 (default)
2019-10-07 12:15:44,027 [pool-459-thread-1] INFO  segmented.SegmentedRaftLogWorker (SegmentedRaftLogWorker.java:<init>(173)) - new 941e1436-7c11-4b15-ad79-e99f171cbd5c@group-F51F9C0F9659-SegmentedRaftLogWorker for RaftStorage:Storage Directory /workdir/hadoop-ozone/integration-test/target/test-dir/MiniOzoneClusterImpl-7d7c158f-473a-4dac-99b6-81fe19448475/datanode-5/data/ratis/75b35060-fa94-4fe5-b3c0-f51f9c0f9659
2019-10-07 12:15:44,028 [pool-469-thread-1] INFO  server.RaftServerConfigKeys (ConfUtils.java:logGet(43)) - raft.server.log.statemachine.data.caching.enabled = true (custom)
2019-10-07 12:15:44,028 [pool-439-thread-1] INFO  server.RaftServerConfigKeys (ConfUtils.java:logGet(43)) - raft.server.log.queue.byte-limit = 2147483647 (custom)
2019-10-07 12:15:44,028 [pool-459-thread-1] INFO  server.RaftServerConfigKeys (ConfUtils.java:logGet(43)) - raft.server.log.queue.byte-limit = 2147483647 (custom)
2019-10-07 12:15:44,028 [pool-469-thread-1] INFO  segmented.SegmentedRaftLogWorker (SegmentedRaftLogWorker.java:lambda$new$0(128)) - 1c1d0e0f-d37f-44d7-915f-5703c6413f3c@group-F51F9C0F9659-SegmentedRaftLogWorker: flushIndex: setUnconditionally 0 -> -1
2019-10-07 12:15:44,028 [pool-439-thread-1] INFO  server.RaftServerConfigKeys (ConfUtils.java:logGet(43)) - raft.server.log.queue.element-limit = 1024 (custom)
2019-10-07 12:15:44,028 [pool-459-thread-1] INFO  server.RaftServerConfigKeys (ConfUtils.java:logGet(43)) - raft.server.log.queue.element-limit = 1024 (custom)
2019-10-07 12:15:44,029 [pool-439-thread-1] INFO  server.RaftServerConfigKeys (ConfUtils.java:logGet(43)) - raft.server.log.segment.size.max = 1048576 (custom)
2019-10-07 12:15:44,029 [pool-469-thread-1] INFO  server.RaftServerConfigKeys (ConfUtils.java:logGet(43)) - raft.server.snapshot.auto.trigger.enabled = true (custom)
2019-10-07 12:15:44,029 [pool-439-thread-1] INFO  server.RaftServerConfigKeys (ConfUtils.java:logGet(43)) - raft.server.log.preallocated.size = 16384 (custom)
2019-10-07 12:15:44,029 [pool-439-thread-1] INFO  server.RaftServerConfigKeys (ConfUtils.java:logGet(43)) - raft.server.log.write.buffer.size = 33554432 (custom)
2019-10-07 12:15:44,029 [pool-459-thread-1] INFO  server.RaftServerConfigKeys (ConfUtils.java:logGet(43)) - raft.server.log.segment.size.max = 1048576 (custom)
2019-10-07 12:15:44,029 [pool-439-thread-1] INFO  server.RaftServerConfigKeys (ConfUtils.java:logGet(43)) - raft.server.log.force.sync.num = 128 (default)
2019-10-07 12:15:44,029 [pool-469-thread-1] INFO  server.RaftServerConfigKeys (ConfUtils.java:logGet(43)) - raft.server.snapshot.auto.trigger.threshold = 10000 (custom)
2019-10-07 12:15:44,029 [pool-439-thread-1] INFO  server.RaftServerConfigKeys (ConfUtils.java:logGet(43)) - raft.server.log.statemachine.data.sync = true (default)
2019-10-07 12:15:44,030 [pool-439-thread-1] INFO  server.RaftServerConfigKeys (ConfUtils.java:logGet(43)) - raft.server.log.statemachine.data.sync.timeout = 10s (default)
2019-10-07 12:15:44,029 [pool-459-thread-1] INFO  server.RaftServerConfigKeys (ConfUtils.java:logGet(43)) - raft.server.log.preallocated.size = 16384 (custom)
2019-10-07 12:15:44,030 [pool-439-thread-1] INFO  server.RaftServerConfigKeys (ConfUtils.java:logGet(43)) - raft.server.log.statemachine.data.sync.timeout.retry = -1 (default)
2019-10-07 12:15:44,030 [pool-469-thread-1] INFO  server.RaftServerConfigKeys (ConfUtils.java:logGet(43)) - raft.server.snapshot.retention.file.num = 5 (custom)
2019-10-07 12:15:44,030 [pool-439-thread-1] INFO  server.RaftServerConfigKeys (ConfUtils.java:logGet(43)) - raft.server.log.statemachine.data.caching.enabled = true (custom)
2019-10-07 12:15:44,030 [pool-459-thread-1] INFO  server.RaftServerConfigKeys (ConfUtils.java:logGet(43)) - raft.server.log.write.buffer.size = 33554432 (custom)
2019-10-07 12:15:44,030 [pool-439-thread-1] INFO  segmented.SegmentedRaftLogWorker (SegmentedRaftLogWorker.java:lambda$new$0(128)) - d9b951ce-41d1-4813-8e81-a5aad6d5b66d@group-F51F9C0F9659-SegmentedRaftLogWorker: flushIndex: setUnconditionally 0 -> -1
2019-10-07 12:15:44,030 [pool-469-thread-1] INFO  server.RaftServerConfigKeys (ConfUtils.java:logGet(43)) - raft.server.retrycache.expirytime = 600000ms (custom)
2019-10-07 12:15:44,031 [pool-459-thread-1] INFO  server.RaftServerConfigKeys (ConfUtils.java:logGet(43)) - raft.server.log.force.sync.num = 128 (default)
2019-10-07 12:15:44,031 [pool-439-thread-1] INFO  server.RaftServerConfigKeys (ConfUtils.java:logGet(43)) - raft.server.snapshot.auto.trigger.enabled = true (custom)
2019-10-07 12:15:44,031 [pool-459-thread-1] INFO  server.RaftServerConfigKeys (ConfUtils.java:logGet(43)) - raft.server.log.statemachine.data.sync = true (default)
2019-10-07 12:15:44,031 [pool-439-thread-1] INFO  server.RaftServerConfigKeys (ConfUtils.java:logGet(43)) - raft.server.snapshot.auto.trigger.threshold = 10000 (custom)
2019-10-07 12:15:44,031 [pool-459-thread-1] INFO  server.RaftServerConfigKeys (ConfUtils.java:logGet(43)) - raft.server.log.statemachine.data.sync.timeout = 10s (default)
2019-10-07 12:15:44,031 [pool-439-thread-1] INFO  server.RaftServerConfigKeys (ConfUtils.java:logGet(43)) - raft.server.snapshot.retention.file.num = 5 (custom)
2019-10-07 12:15:44,031 [pool-459-thread-1] INFO  server.RaftServerConfigKeys (ConfUtils.java:logGet(43)) - raft.server.log.statemachine.data.sync.timeout.retry = -1 (default)
2019-10-07 12:15:44,031 [pool-439-thread-1] INFO  server.RaftServerConfigKeys (ConfUtils.java:logGet(43)) - raft.server.retrycache.expirytime = 600000ms (custom)
2019-10-07 12:15:44,032 [pool-459-thread-1] INFO  server.RaftServerConfigKeys (ConfUtils.java:logGet(43)) - raft.server.log.statemachine.data.caching.enabled = true (custom)
2019-10-07 12:15:44,032 [pool-459-thread-1] INFO  segmented.SegmentedRaftLogWorker (SegmentedRaftLogWorker.java:lambda$new$0(128)) - 941e1436-7c11-4b15-ad79-e99f171cbd5c@group-F51F9C0F9659-SegmentedRaftLogWorker: flushIndex: setUnconditionally 0 -> -1
2019-10-07 12:15:44,032 [pool-459-thread-1] INFO  server.RaftServerConfigKeys (ConfUtils.java:logGet(43)) - raft.server.snapshot.auto.trigger.enabled = true (custom)
2019-10-07 12:15:44,032 [pool-459-thread-1] INFO  server.RaftServerConfigKeys (ConfUtils.java:logGet(43)) - raft.server.snapshot.auto.trigger.threshold = 10000 (custom)
2019-10-07 12:15:44,033 [pool-459-thread-1] INFO  server.RaftServerConfigKeys (ConfUtils.java:logGet(43)) - raft.server.snapshot.retention.file.num = 5 (custom)
2019-10-07 12:15:44,033 [pool-459-thread-1] INFO  server.RaftServerConfigKeys (ConfUtils.java:logGet(43)) - raft.server.retrycache.expirytime = 600000ms (custom)
2019-10-07 12:15:44,033 [pool-469-thread-1] INFO  impl.RaftServerImpl (RaftServerImpl.java:start(181)) - 1c1d0e0f-d37f-44d7-915f-5703c6413f3c@group-F51F9C0F9659: start as a follower, conf=-1: [d9b951ce-41d1-4813-8e81-a5aad6d5b66d:192.168.30.26:34953, 941e1436-7c11-4b15-ad79-e99f171cbd5c:192.168.30.26:41572, 1c1d0e0f-d37f-44d7-915f-5703c6413f3c:192.168.30.26:37322], old=null
2019-10-07 12:15:44,033 [pool-469-thread-1] INFO  impl.RaftServerImpl (RaftServerImpl.java:setRole(170)) - 1c1d0e0f-d37f-44d7-915f-5703c6413f3c@group-F51F9C0F9659: changes role from      null to FOLLOWER at term 0 for startAsFollower
2019-10-07 12:15:44,033 [pool-469-thread-1] INFO  impl.RoleInfo (RoleInfo.java:updateAndGet(143)) - 1c1d0e0f-d37f-44d7-915f-5703c6413f3c: start FollowerState
2019-10-07 12:15:44,033 [pool-439-thread-1] INFO  impl.RaftServerImpl (RaftServerImpl.java:start(181)) - d9b951ce-41d1-4813-8e81-a5aad6d5b66d@group-F51F9C0F9659: start as a follower, conf=-1: [d9b951ce-41d1-4813-8e81-a5aad6d5b66d:192.168.30.26:34953, 941e1436-7c11-4b15-ad79-e99f171cbd5c:192.168.30.26:41572, 1c1d0e0f-d37f-44d7-915f-5703c6413f3c:192.168.30.26:37322], old=null
2019-10-07 12:15:44,033 [pool-469-thread-1] INFO  util.JmxRegister (JmxRegister.java:tryRegister(44)) - Successfully registered JMX Bean with object name Ratis:service=RaftServer,group=group-F51F9C0F9659,id=1c1d0e0f-d37f-44d7-915f-5703c6413f3c
2019-10-07 12:15:44,034 [pool-439-thread-1] INFO  impl.RaftServerImpl (RaftServerImpl.java:setRole(170)) - d9b951ce-41d1-4813-8e81-a5aad6d5b66d@group-F51F9C0F9659: changes role from      null to FOLLOWER at term 0 for startAsFollower
2019-10-07 12:15:44,034 [pool-439-thread-1] INFO  impl.RoleInfo (RoleInfo.java:updateAndGet(143)) - d9b951ce-41d1-4813-8e81-a5aad6d5b66d: start FollowerState
2019-10-07 12:15:44,034 [pool-439-thread-1] INFO  util.JmxRegister (JmxRegister.java:tryRegister(44)) - Successfully registered JMX Bean with object name Ratis:service=RaftServer,group=group-F51F9C0F9659,id=d9b951ce-41d1-4813-8e81-a5aad6d5b66d
2019-10-07 12:15:44,034 [pool-459-thread-1] INFO  impl.RaftServerImpl (RaftServerImpl.java:start(181)) - 941e1436-7c11-4b15-ad79-e99f171cbd5c@group-F51F9C0F9659: start as a follower, conf=-1: [d9b951ce-41d1-4813-8e81-a5aad6d5b66d:192.168.30.26:34953, 941e1436-7c11-4b15-ad79-e99f171cbd5c:192.168.30.26:41572, 1c1d0e0f-d37f-44d7-915f-5703c6413f3c:192.168.30.26:37322], old=null
2019-10-07 12:15:44,034 [pool-459-thread-1] INFO  impl.RaftServerImpl (RaftServerImpl.java:setRole(170)) - 941e1436-7c11-4b15-ad79-e99f171cbd5c@group-F51F9C0F9659: changes role from      null to FOLLOWER at term 0 for startAsFollower
2019-10-07 12:15:44,034 [pool-459-thread-1] INFO  impl.RoleInfo (RoleInfo.java:updateAndGet(143)) - 941e1436-7c11-4b15-ad79-e99f171cbd5c: start FollowerState
2019-10-07 12:15:44,035 [pool-459-thread-1] INFO  util.JmxRegister (JmxRegister.java:tryRegister(44)) - Successfully registered JMX Bean with object name Ratis:service=RaftServer,group=group-F51F9C0F9659,id=941e1436-7c11-4b15-ad79-e99f171cbd5c
2019-10-07 12:15:44,040 [RatisPipelineUtilsThread] INFO  pipeline.PipelineStateManager (PipelineStateManager.java:addPipeline(56)) - Created pipeline Pipeline[ Id: 75b35060-fa94-4fe5-b3c0-f51f9c0f9659, Nodes: d9b951ce-41d1-4813-8e81-a5aad6d5b66d{ip: 192.168.30.26, host: pr-hdds-2071-fmvlq-2762171947, networkLocation: /default-rack, certSerialId: null}941e1436-7c11-4b15-ad79-e99f171cbd5c{ip: 192.168.30.26, host: pr-hdds-2071-fmvlq-2762171947, networkLocation: /default-rack, certSerialId: null}1c1d0e0f-d37f-44d7-915f-5703c6413f3c{ip: 192.168.30.26, host: pr-hdds-2071-fmvlq-2762171947, networkLocation: /default-rack, certSerialId: null}, Type:RATIS, Factor:THREE, State:OPEN]
2019-10-07 12:15:44,922 [main] INFO  ozone.MiniOzoneClusterImpl (MiniOzoneClusterImpl.java:lambda$waitForClusterToBeReady$0(147)) - Cluster is ready. Got 7 of 7 DN Heartbeats.
2019-10-07 12:15:44,976 [main] INFO  rpc.RpcClient (RpcClient.java:createVolume(277)) - Creating Volume: testblockoutputstream, with jenkins1000 as owner.
2019-10-07 12:15:44,979 [IPC Server handler 3 on 36121] INFO  volume.OMVolumeCreateRequest (OMVolumeCreateRequest.java:validateAndUpdateCache(193)) - created volume:testblockoutputstream for user:jenkins1000
2019-10-07 12:15:44,996 [main] INFO  rpc.RpcClient (RpcClient.java:createBucket(416)) - Creating Bucket: testblockoutputstream/testblockoutputstream, with Versioning false and Storage Type set to DISK and Encryption set to false 
2019-10-07 12:15:46,574 [Thread-3051] INFO  container.ReplicationManager (ReplicationManager.java:start(162)) - Starting Replication Monitor Thread.
2019-10-07 12:15:46,580 [ReplicationMonitor] INFO  container.ReplicationManager (ReplicationManager.java:run(225)) - Replication Monitor Thread took 0 milliseconds for processing 1 containers.
2019-10-07 12:15:48,757 [Thread-3059] INFO  impl.FollowerState (FollowerState.java:run(108)) - cd504680-7405-4413-b4e4-6e6532fec091@group-2C5CD7BEB7E9-FollowerState: change to CANDIDATE, lastRpcTime:5025ms, electionTimeout:5025ms
2019-10-07 12:15:48,758 [Thread-3059] INFO  impl.RoleInfo (RoleInfo.java:shutdownFollowerState(121)) - cd504680-7405-4413-b4e4-6e6532fec091: shutdown FollowerState
2019-10-07 12:15:48,758 [Thread-3059] INFO  impl.RaftServerImpl (RaftServerImpl.java:setRole(170)) - cd504680-7405-4413-b4e4-6e6532fec091@group-2C5CD7BEB7E9: changes role from  FOLLOWER to CANDIDATE at term 0 for changeToCandidate
2019-10-07 12:15:48,758 [Thread-3059] INFO  impl.RoleInfo (RoleInfo.java:updateAndGet(143)) - cd504680-7405-4413-b4e4-6e6532fec091: start LeaderElection
2019-10-07 12:15:48,768 [Thread-3056] INFO  impl.FollowerState (FollowerState.java:run(108)) - f9d625e3-2cd2-46f5-b342-93a9a992df18@group-348426693C73-FollowerState: change to CANDIDATE, lastRpcTime:5076ms, electionTimeout:5073ms
2019-10-07 12:15:48,768 [Thread-3056] INFO  impl.RoleInfo (RoleInfo.java:shutdownFollowerState(121)) - f9d625e3-2cd2-46f5-b342-93a9a992df18: shutdown FollowerState
2019-10-07 12:15:48,768 [Thread-3056] INFO  impl.RaftServerImpl (RaftServerImpl.java:setRole(170)) - f9d625e3-2cd2-46f5-b342-93a9a992df18@group-348426693C73: changes role from  FOLLOWER to CANDIDATE at term 0 for changeToCandidate
2019-10-07 12:15:48,768 [Thread-3056] INFO  impl.RoleInfo (RoleInfo.java:updateAndGet(143)) - f9d625e3-2cd2-46f5-b342-93a9a992df18: start LeaderElection
2019-10-07 12:15:48,793 [Thread-3053] INFO  impl.FollowerState (FollowerState.java:run(108)) - f6db1340-cb79-4a19-bf21-eecb20c18a74@group-E72ABDC5F213-FollowerState: change to CANDIDATE, lastRpcTime:5152ms, electionTimeout:5131ms
2019-10-07 12:15:48,793 [Thread-3053] INFO  impl.RoleInfo (RoleInfo.java:shutdownFollowerState(121)) - f6db1340-cb79-4a19-bf21-eecb20c18a74: shutdown FollowerState
2019-10-07 12:15:48,793 [Thread-3053] INFO  impl.RaftServerImpl (RaftServerImpl.java:setRole(170)) - f6db1340-cb79-4a19-bf21-eecb20c18a74@group-E72ABDC5F213: changes role from  FOLLOWER to CANDIDATE at term 0 for changeToCandidate
2019-10-07 12:15:48,793 [Thread-3053] INFO  impl.RoleInfo (RoleInfo.java:updateAndGet(143)) - f6db1340-cb79-4a19-bf21-eecb20c18a74: start LeaderElection
2019-10-07 12:15:48,806 [f6db1340-cb79-4a19-bf21-eecb20c18a74@group-E72ABDC5F213-LeaderElection66] INFO  impl.LeaderElection (LeaderElection.java:askForVotes(178)) - f6db1340-cb79-4a19-bf21-eecb20c18a74@group-E72ABDC5F213-LeaderElection66: begin an election at term 1 for -1: [f6db1340-cb79-4a19-bf21-eecb20c18a74:192.168.30.26:41448], old=null
2019-10-07 12:15:48,806 [f9d625e3-2cd2-46f5-b342-93a9a992df18@group-348426693C73-LeaderElection65] INFO  impl.LeaderElection (LeaderElection.java:askForVotes(178)) - f9d625e3-2cd2-46f5-b342-93a9a992df18@group-348426693C73-LeaderElection65: begin an election at term 1 for -1: [f9d625e3-2cd2-46f5-b342-93a9a992df18:192.168.30.26:39283], old=null
2019-10-07 12:15:48,806 [cd504680-7405-4413-b4e4-6e6532fec091@group-2C5CD7BEB7E9-LeaderElection64] INFO  impl.LeaderElection (LeaderElection.java:askForVotes(178)) - cd504680-7405-4413-b4e4-6e6532fec091@group-2C5CD7BEB7E9-LeaderElection64: begin an election at term 1 for -1: [cd504680-7405-4413-b4e4-6e6532fec091:192.168.30.26:41677], old=null
2019-10-07 12:15:48,806 [f9d625e3-2cd2-46f5-b342-93a9a992df18@group-348426693C73-LeaderElection65] INFO  impl.RoleInfo (RoleInfo.java:shutdownLeaderElection(134)) - f9d625e3-2cd2-46f5-b342-93a9a992df18: shutdown LeaderElection
2019-10-07 12:15:48,806 [f6db1340-cb79-4a19-bf21-eecb20c18a74@group-E72ABDC5F213-LeaderElection66] INFO  impl.RoleInfo (RoleInfo.java:shutdownLeaderElection(134)) - f6db1340-cb79-4a19-bf21-eecb20c18a74: shutdown LeaderElection
2019-10-07 12:15:48,807 [f9d625e3-2cd2-46f5-b342-93a9a992df18@group-348426693C73-LeaderElection65] INFO  impl.RaftServerImpl (RaftServerImpl.java:setRole(170)) - f9d625e3-2cd2-46f5-b342-93a9a992df18@group-348426693C73: changes role from CANDIDATE to LEADER at term 1 for changeToLeader
2019-10-07 12:15:48,807 [cd504680-7405-4413-b4e4-6e6532fec091@group-2C5CD7BEB7E9-LeaderElection64] INFO  impl.RoleInfo (RoleInfo.java:shutdownLeaderElection(134)) - cd504680-7405-4413-b4e4-6e6532fec091: shutdown LeaderElection
2019-10-07 12:15:48,807 [f9d625e3-2cd2-46f5-b342-93a9a992df18@group-348426693C73-LeaderElection65] INFO  impl.RaftServerImpl (ServerState.java:setLeader(255)) - f9d625e3-2cd2-46f5-b342-93a9a992df18@group-348426693C73: change Leader from null to f9d625e3-2cd2-46f5-b342-93a9a992df18 at term 1 for becomeLeader, leader elected after 5127ms
2019-10-07 12:15:48,807 [f6db1340-cb79-4a19-bf21-eecb20c18a74@group-E72ABDC5F213-LeaderElection66] INFO  impl.RaftServerImpl (RaftServerImpl.java:setRole(170)) - f6db1340-cb79-4a19-bf21-eecb20c18a74@group-E72ABDC5F213: changes role from CANDIDATE to LEADER at term 1 for changeToLeader
2019-10-07 12:15:48,807 [cd504680-7405-4413-b4e4-6e6532fec091@group-2C5CD7BEB7E9-LeaderElection64] INFO  impl.RaftServerImpl (RaftServerImpl.java:setRole(170)) - cd504680-7405-4413-b4e4-6e6532fec091@group-2C5CD7BEB7E9: changes role from CANDIDATE to LEADER at term 1 for changeToLeader
2019-10-07 12:15:48,807 [f9d625e3-2cd2-46f5-b342-93a9a992df18@group-348426693C73-LeaderElection65] INFO  server.RaftServerConfigKeys (ConfUtils.java:logGet(43)) - raft.server.staging.catchup.gap = 1000 (default)
2019-10-07 12:15:48,807 [f6db1340-cb79-4a19-bf21-eecb20c18a74@group-E72ABDC5F213-LeaderElection66] INFO  impl.RaftServerImpl (ServerState.java:setLeader(255)) - f6db1340-cb79-4a19-bf21-eecb20c18a74@group-E72ABDC5F213: change Leader from null to f6db1340-cb79-4a19-bf21-eecb20c18a74 at term 1 for becomeLeader, leader elected after 5175ms
2019-10-07 12:15:48,808 [f9d625e3-2cd2-46f5-b342-93a9a992df18@group-348426693C73-LeaderElection65] INFO  server.RaftServerConfigKeys (ConfUtils.java:logGet(43)) - raft.server.rpc.sleep.time = 25ms (default)
2019-10-07 12:15:48,808 [cd504680-7405-4413-b4e4-6e6532fec091@group-2C5CD7BEB7E9-LeaderElection64] INFO  impl.RaftServerImpl (ServerState.java:setLeader(255)) - cd504680-7405-4413-b4e4-6e6532fec091@group-2C5CD7BEB7E9: change Leader from null to cd504680-7405-4413-b4e4-6e6532fec091 at term 1 for becomeLeader, leader elected after 5082ms
2019-10-07 12:15:48,808 [f6db1340-cb79-4a19-bf21-eecb20c18a74@group-E72ABDC5F213-LeaderElection66] INFO  server.RaftServerConfigKeys (ConfUtils.java:logGet(43)) - raft.server.staging.catchup.gap = 1000 (default)
2019-10-07 12:15:48,808 [f9d625e3-2cd2-46f5-b342-93a9a992df18@group-348426693C73-LeaderElection65] INFO  server.RaftServerConfigKeys (ConfUtils.java:logGet(43)) - raft.server.write.element-limit = 4096 (default)
2019-10-07 12:15:48,808 [cd504680-7405-4413-b4e4-6e6532fec091@group-2C5CD7BEB7E9-LeaderElection64] INFO  server.RaftServerConfigKeys (ConfUtils.java:logGet(43)) - raft.server.staging.catchup.gap = 1000 (default)
2019-10-07 12:15:48,809 [f9d625e3-2cd2-46f5-b342-93a9a992df18@group-348426693C73-LeaderElection65] INFO  server.RaftServerConfigKeys (ConfUtils.java:logGet(43)) - raft.server.watch.timeout = 10s (default)
2019-10-07 12:15:48,809 [cd504680-7405-4413-b4e4-6e6532fec091@group-2C5CD7BEB7E9-LeaderElection64] INFO  server.RaftServerConfigKeys (ConfUtils.java:logGet(43)) - raft.server.rpc.sleep.time = 25ms (default)
2019-10-07 12:15:48,808 [f6db1340-cb79-4a19-bf21-eecb20c18a74@group-E72ABDC5F213-LeaderElection66] INFO  server.RaftServerConfigKeys (ConfUtils.java:logGet(43)) - raft.server.rpc.sleep.time = 25ms (default)
2019-10-07 12:15:48,809 [cd504680-7405-4413-b4e4-6e6532fec091@group-2C5CD7BEB7E9-LeaderElection64] INFO  server.RaftServerConfigKeys (ConfUtils.java:logGet(43)) - raft.server.write.element-limit = 4096 (default)
2019-10-07 12:15:48,809 [f6db1340-cb79-4a19-bf21-eecb20c18a74@group-E72ABDC5F213-LeaderElection66] INFO  server.RaftServerConfigKeys (ConfUtils.java:logGet(43)) - raft.server.write.element-limit = 4096 (default)
2019-10-07 12:15:48,809 [f9d625e3-2cd2-46f5-b342-93a9a992df18@group-348426693C73-LeaderElection65] INFO  server.RaftServerConfigKeys (ConfUtils.java:logGet(43)) - raft.server.watch.timeout.denomination = 1s (default)
2019-10-07 12:15:48,809 [f6db1340-cb79-4a19-bf21-eecb20c18a74@group-E72ABDC5F213-LeaderElection66] INFO  server.RaftServerConfigKeys (ConfUtils.java:logGet(43)) - raft.server.watch.timeout = 10s (default)
2019-10-07 12:15:48,809 [cd504680-7405-4413-b4e4-6e6532fec091@group-2C5CD7BEB7E9-LeaderElection64] INFO  server.RaftServerConfigKeys (ConfUtils.java:logGet(43)) - raft.server.watch.timeout = 10s (default)
2019-10-07 12:15:48,810 [f6db1340-cb79-4a19-bf21-eecb20c18a74@group-E72ABDC5F213-LeaderElection66] INFO  server.RaftServerConfigKeys (ConfUtils.java:logGet(43)) - raft.server.watch.timeout.denomination = 1s (default)
2019-10-07 12:15:48,810 [f6db1340-cb79-4a19-bf21-eecb20c18a74@group-E72ABDC5F213-LeaderElection66] INFO  server.RaftServerConfigKeys (ConfUtils.java:logGet(43)) - raft.server.watch.element-limit = 65536 (default)
2019-10-07 12:15:48,809 [f9d625e3-2cd2-46f5-b342-93a9a992df18@group-348426693C73-LeaderElection65] INFO  server.RaftServerConfigKeys (ConfUtils.java:logGet(43)) - raft.server.watch.element-limit = 65536 (default)
2019-10-07 12:15:48,810 [cd504680-7405-4413-b4e4-6e6532fec091@group-2C5CD7BEB7E9-LeaderElection64] INFO  server.RaftServerConfigKeys (ConfUtils.java:logGet(43)) - raft.server.watch.timeout.denomination = 1s (default)
2019-10-07 12:15:48,810 [cd504680-7405-4413-b4e4-6e6532fec091@group-2C5CD7BEB7E9-LeaderElection64] INFO  server.RaftServerConfigKeys (ConfUtils.java:logGet(43)) - raft.server.watch.element-limit = 65536 (default)
2019-10-07 12:15:48,816 [cd504680-7405-4413-b4e4-6e6532fec091@group-2C5CD7BEB7E9-LeaderElection64] INFO  impl.RoleInfo (RoleInfo.java:updateAndGet(143)) - cd504680-7405-4413-b4e4-6e6532fec091: start LeaderState
2019-10-07 12:15:48,816 [f6db1340-cb79-4a19-bf21-eecb20c18a74@group-E72ABDC5F213-LeaderElection66] INFO  impl.RoleInfo (RoleInfo.java:updateAndGet(143)) - f6db1340-cb79-4a19-bf21-eecb20c18a74: start LeaderState
2019-10-07 12:15:48,816 [f9d625e3-2cd2-46f5-b342-93a9a992df18@group-348426693C73-LeaderElection65] INFO  impl.RoleInfo (RoleInfo.java:updateAndGet(143)) - f9d625e3-2cd2-46f5-b342-93a9a992df18: start LeaderState
2019-10-07 12:15:48,817 [f9d625e3-2cd2-46f5-b342-93a9a992df18@group-348426693C73-LeaderElection65] INFO  segmented.SegmentedRaftLogWorker (SegmentedRaftLogWorker.java:startLogSegment(385)) - f9d625e3-2cd2-46f5-b342-93a9a992df18@group-348426693C73-SegmentedRaftLogWorker: Starting segment from index:0
2019-10-07 12:15:48,817 [f6db1340-cb79-4a19-bf21-eecb20c18a74@group-E72ABDC5F213-LeaderElection66] INFO  segmented.SegmentedRaftLogWorker (SegmentedRaftLogWorker.java:startLogSegment(385)) - f6db1340-cb79-4a19-bf21-eecb20c18a74@group-E72ABDC5F213-SegmentedRaftLogWorker: Starting segment from index:0
2019-10-07 12:15:48,817 [cd504680-7405-4413-b4e4-6e6532fec091@group-2C5CD7BEB7E9-LeaderElection64] INFO  segmented.SegmentedRaftLogWorker (SegmentedRaftLogWorker.java:startLogSegment(385)) - cd504680-7405-4413-b4e4-6e6532fec091@group-2C5CD7BEB7E9-SegmentedRaftLogWorker: Starting segment from index:0
2019-10-07 12:15:48,818 [cd504680-7405-4413-b4e4-6e6532fec091@group-2C5CD7BEB7E9-LeaderElection64] INFO  impl.RaftServerImpl (ServerState.java:setRaftConf(356)) - cd504680-7405-4413-b4e4-6e6532fec091@group-2C5CD7BEB7E9: set configuration 0: [cd504680-7405-4413-b4e4-6e6532fec091:192.168.30.26:41677], old=null at 0
2019-10-07 12:15:48,818 [f6db1340-cb79-4a19-bf21-eecb20c18a74@group-E72ABDC5F213-LeaderElection66] INFO  impl.RaftServerImpl (ServerState.java:setRaftConf(356)) - f6db1340-cb79-4a19-bf21-eecb20c18a74@group-E72ABDC5F213: set configuration 0: [f6db1340-cb79-4a19-bf21-eecb20c18a74:192.168.30.26:41448], old=null at 0
2019-10-07 12:15:48,818 [f9d625e3-2cd2-46f5-b342-93a9a992df18@group-348426693C73-LeaderElection65] INFO  impl.RaftServerImpl (ServerState.java:setRaftConf(356)) - f9d625e3-2cd2-46f5-b342-93a9a992df18@group-348426693C73: set configuration 0: [f9d625e3-2cd2-46f5-b342-93a9a992df18:192.168.30.26:39283], old=null at 0
2019-10-07 12:15:48,859 [Thread-3063] INFO  impl.FollowerState (FollowerState.java:run(108)) - f9d625e3-2cd2-46f5-b342-93a9a992df18@group-2CE5768EEBAD-FollowerState: change to CANDIDATE, lastRpcTime:5072ms, electionTimeout:5033ms
2019-10-07 12:15:48,862 [Thread-3063] INFO  impl.RoleInfo (RoleInfo.java:shutdownFollowerState(121)) - f9d625e3-2cd2-46f5-b342-93a9a992df18: shutdown FollowerState
2019-10-07 12:15:48,862 [Thread-3063] INFO  impl.RaftServerImpl (RaftServerImpl.java:setRole(170)) - f9d625e3-2cd2-46f5-b342-93a9a992df18@group-2CE5768EEBAD: changes role from  FOLLOWER to CANDIDATE at term 0 for changeToCandidate
2019-10-07 12:15:48,862 [Thread-3063] INFO  impl.RoleInfo (RoleInfo.java:updateAndGet(143)) - f9d625e3-2cd2-46f5-b342-93a9a992df18: start LeaderElection
2019-10-07 12:15:48,870 [cd504680-7405-4413-b4e4-6e6532fec091@group-2C5CD7BEB7E9-SegmentedRaftLogWorker] INFO  segmented.SegmentedRaftLogWorker (SegmentedRaftLogWorker.java:execute(574)) - cd504680-7405-4413-b4e4-6e6532fec091@group-2C5CD7BEB7E9-SegmentedRaftLogWorker: created new log segment /workdir/hadoop-ozone/integration-test/target/test-dir/MiniOzoneClusterImpl-7d7c158f-473a-4dac-99b6-81fe19448475/datanode-2/data/ratis/38005d66-c282-4c29-b964-2c5cd7beb7e9/current/log_inprogress_0
2019-10-07 12:15:48,870 [f9d625e3-2cd2-46f5-b342-93a9a992df18@group-348426693C73-SegmentedRaftLogWorker] INFO  segmented.SegmentedRaftLogWorker (SegmentedRaftLogWorker.java:execute(574)) - f9d625e3-2cd2-46f5-b342-93a9a992df18@group-348426693C73-SegmentedRaftLogWorker: created new log segment /workdir/hadoop-ozone/integration-test/target/test-dir/MiniOzoneClusterImpl-7d7c158f-473a-4dac-99b6-81fe19448475/datanode-1/data/ratis/e526709a-4eba-4d55-a3a3-348426693c73/current/log_inprogress_0
2019-10-07 12:15:48,870 [f6db1340-cb79-4a19-bf21-eecb20c18a74@group-E72ABDC5F213-SegmentedRaftLogWorker] INFO  segmented.SegmentedRaftLogWorker (SegmentedRaftLogWorker.java:execute(574)) - f6db1340-cb79-4a19-bf21-eecb20c18a74@group-E72ABDC5F213-SegmentedRaftLogWorker: created new log segment /workdir/hadoop-ozone/integration-test/target/test-dir/MiniOzoneClusterImpl-7d7c158f-473a-4dac-99b6-81fe19448475/datanode-0/data/ratis/696c2ac5-faf9-41b3-9b38-e72abdc5f213/current/log_inprogress_0
2019-10-07 12:15:48,873 [f9d625e3-2cd2-46f5-b342-93a9a992df18@group-2CE5768EEBAD-LeaderElection67] INFO  impl.LeaderElection (LeaderElection.java:askForVotes(178)) - f9d625e3-2cd2-46f5-b342-93a9a992df18@group-2CE5768EEBAD-LeaderElection67: begin an election at term 1 for -1: [f9d625e3-2cd2-46f5-b342-93a9a992df18:192.168.30.26:39283, f6db1340-cb79-4a19-bf21-eecb20c18a74:192.168.30.26:41448, cd504680-7405-4413-b4e4-6e6532fec091:192.168.30.26:41677], old=null
2019-10-07 12:15:48,876 [grpc-default-executor-4] INFO  impl.RaftServerImpl (RaftServerImpl.java:setRole(170)) - f6db1340-cb79-4a19-bf21-eecb20c18a74@group-2CE5768EEBAD: changes role from  FOLLOWER to FOLLOWER at term 1 for recognizeCandidate:f9d625e3-2cd2-46f5-b342-93a9a992df18
2019-10-07 12:15:48,876 [grpc-default-executor-6] INFO  impl.RaftServerImpl (RaftServerImpl.java:setRole(170)) - cd504680-7405-4413-b4e4-6e6532fec091@group-2CE5768EEBAD: changes role from  FOLLOWER to FOLLOWER at term 1 for recognizeCandidate:f9d625e3-2cd2-46f5-b342-93a9a992df18
2019-10-07 12:15:48,876 [grpc-default-executor-4] INFO  impl.RoleInfo (RoleInfo.java:shutdownFollowerState(121)) - f6db1340-cb79-4a19-bf21-eecb20c18a74: shutdown FollowerState
2019-10-07 12:15:48,877 [grpc-default-executor-6] INFO  impl.RoleInfo (RoleInfo.java:shutdownFollowerState(121)) - cd504680-7405-4413-b4e4-6e6532fec091: shutdown FollowerState
2019-10-07 12:15:48,877 [grpc-default-executor-4] INFO  impl.RoleInfo (RoleInfo.java:updateAndGet(143)) - f6db1340-cb79-4a19-bf21-eecb20c18a74: start FollowerState
2019-10-07 12:15:48,877 [Thread-3067] INFO  impl.FollowerState (FollowerState.java:run(117)) - cd504680-7405-4413-b4e4-6e6532fec091@group-2CE5768EEBAD-FollowerState was interrupted: java.lang.InterruptedException: sleep interrupted
2019-10-07 12:15:48,877 [Thread-3065] INFO  impl.FollowerState (FollowerState.java:run(117)) - f6db1340-cb79-4a19-bf21-eecb20c18a74@group-2CE5768EEBAD-FollowerState was interrupted: java.lang.InterruptedException: sleep interrupted
2019-10-07 12:15:48,877 [grpc-default-executor-6] INFO  impl.RoleInfo (RoleInfo.java:updateAndGet(143)) - cd504680-7405-4413-b4e4-6e6532fec091: start FollowerState
2019-10-07 12:15:48,889 [f9d625e3-2cd2-46f5-b342-93a9a992df18@group-2CE5768EEBAD-LeaderElection67] INFO  impl.LeaderElection (LeaderElection.java:logAndReturn(56)) - f9d625e3-2cd2-46f5-b342-93a9a992df18@group-2CE5768EEBAD-LeaderElection67: Election PASSED; received 1 response(s) [f9d625e3-2cd2-46f5-b342-93a9a992df18<-cd504680-7405-4413-b4e4-6e6532fec091#0:OK-t1] and 0 exception(s); f9d625e3-2cd2-46f5-b342-93a9a992df18@group-2CE5768EEBAD:t1, leader=null, voted=f9d625e3-2cd2-46f5-b342-93a9a992df18, raftlog=f9d625e3-2cd2-46f5-b342-93a9a992df18@group-2CE5768EEBAD-SegmentedRaftLog:OPENED:c-1,f-1,i0, conf=-1: [f9d625e3-2cd2-46f5-b342-93a9a992df18:192.168.30.26:39283, f6db1340-cb79-4a19-bf21-eecb20c18a74:192.168.30.26:41448, cd504680-7405-4413-b4e4-6e6532fec091:192.168.30.26:41677], old=null
2019-10-07 12:15:48,889 [f9d625e3-2cd2-46f5-b342-93a9a992df18@group-2CE5768EEBAD-LeaderElection67] INFO  impl.RoleInfo (RoleInfo.java:shutdownLeaderElection(134)) - f9d625e3-2cd2-46f5-b342-93a9a992df18: shutdown LeaderElection
2019-10-07 12:15:48,889 [f9d625e3-2cd2-46f5-b342-93a9a992df18@group-2CE5768EEBAD-LeaderElection67] INFO  impl.RaftServerImpl (RaftServerImpl.java:setRole(170)) - f9d625e3-2cd2-46f5-b342-93a9a992df18@group-2CE5768EEBAD: changes role from CANDIDATE to LEADER at term 1 for changeToLeader
2019-10-07 12:15:48,889 [f9d625e3-2cd2-46f5-b342-93a9a992df18@group-2CE5768EEBAD-LeaderElection67] INFO  impl.RaftServerImpl (ServerState.java:setLeader(255)) - f9d625e3-2cd2-46f5-b342-93a9a992df18@group-2CE5768EEBAD: change Leader from null to f9d625e3-2cd2-46f5-b342-93a9a992df18 at term 1 for becomeLeader, leader elected after 5111ms
2019-10-07 12:15:48,889 [f9d625e3-2cd2-46f5-b342-93a9a992df18@group-2CE5768EEBAD-LeaderElection67] INFO  server.RaftServerConfigKeys (ConfUtils.java:logGet(43)) - raft.server.staging.catchup.gap = 1000 (default)
2019-10-07 12:15:48,890 [f9d625e3-2cd2-46f5-b342-93a9a992df18@group-2CE5768EEBAD-LeaderElection67] INFO  server.RaftServerConfigKeys (ConfUtils.java:logGet(43)) - raft.server.rpc.sleep.time = 25ms (default)
2019-10-07 12:15:48,890 [f9d625e3-2cd2-46f5-b342-93a9a992df18@group-2CE5768EEBAD-LeaderElection67] INFO  server.RaftServerConfigKeys (ConfUtils.java:logGet(43)) - raft.server.write.element-limit = 4096 (default)
2019-10-07 12:15:48,890 [f9d625e3-2cd2-46f5-b342-93a9a992df18@group-2CE5768EEBAD-LeaderElection67] INFO  server.RaftServerConfigKeys (ConfUtils.java:logGet(43)) - raft.server.watch.timeout = 10s (default)
2019-10-07 12:15:48,890 [f9d625e3-2cd2-46f5-b342-93a9a992df18@group-2CE5768EEBAD-LeaderElection67] INFO  server.RaftServerConfigKeys (ConfUtils.java:logGet(43)) - raft.server.watch.timeout.denomination = 1s (default)
2019-10-07 12:15:48,890 [f9d625e3-2cd2-46f5-b342-93a9a992df18@group-2CE5768EEBAD-LeaderElection67] INFO  server.RaftServerConfigKeys (ConfUtils.java:logGet(43)) - raft.server.watch.element-limit = 65536 (default)
2019-10-07 12:15:48,891 [f9d625e3-2cd2-46f5-b342-93a9a992df18@group-2CE5768EEBAD-LeaderElection67] INFO  server.RaftServerConfigKeys (ConfUtils.java:logGet(43)) - raft.server.log.appender.snapshot.chunk.size.max = 16MB (=16777216) (default)
2019-10-07 12:15:48,891 [f9d625e3-2cd2-46f5-b342-93a9a992df18@group-2CE5768EEBAD-LeaderElection67] INFO  server.RaftServerConfigKeys (ConfUtils.java:logGet(43)) - raft.server.log.appender.buffer.byte-limit = 33554432 (custom)
2019-10-07 12:15:48,891 [f9d625e3-2cd2-46f5-b342-93a9a992df18@group-2CE5768EEBAD-LeaderElection67] INFO  server.RaftServerConfigKeys (ConfUtils.java:logGet(43)) - raft.server.log.appender.buffer.element-limit = 1 (custom)
2019-10-07 12:15:48,892 [f9d625e3-2cd2-46f5-b342-93a9a992df18@group-2CE5768EEBAD-LeaderElection67] INFO  grpc.GrpcConfigKeys$Server (ConfUtils.java:logGet(43)) - raft.grpc.server.leader.outstanding.appends.max = 128 (default)
2019-10-07 12:15:48,892 [f9d625e3-2cd2-46f5-b342-93a9a992df18@group-2CE5768EEBAD-LeaderElection67] INFO  server.RaftServerConfigKeys (ConfUtils.java:logGet(43)) - raft.server.rpc.request.timeout = 3000ms (default)
2019-10-07 12:15:48,892 [f9d625e3-2cd2-46f5-b342-93a9a992df18@group-2CE5768EEBAD-LeaderElection67] INFO  server.RaftServerConfigKeys (ConfUtils.java:logGet(43)) - raft.server.log.appender.install.snapshot.enabled = false (custom)
2019-10-07 12:15:48,892 [f9d625e3-2cd2-46f5-b342-93a9a992df18@group-2CE5768EEBAD-LeaderElection67] INFO  server.RaftServerConfigKeys (ConfUtils.java:logGet(43)) - raft.server.log.appender.snapshot.chunk.size.max = 16MB (=16777216) (default)
2019-10-07 12:15:48,892 [f9d625e3-2cd2-46f5-b342-93a9a992df18@group-2CE5768EEBAD-LeaderElection67] INFO  server.RaftServerConfigKeys (ConfUtils.java:logGet(43)) - raft.server.log.appender.buffer.byte-limit = 33554432 (custom)
2019-10-07 12:15:48,892 [f9d625e3-2cd2-46f5-b342-93a9a992df18@group-2CE5768EEBAD-LeaderElection67] INFO  server.RaftServerConfigKeys (ConfUtils.java:logGet(43)) - raft.server.log.appender.buffer.element-limit = 1 (custom)
2019-10-07 12:15:48,892 [f9d625e3-2cd2-46f5-b342-93a9a992df18@group-2CE5768EEBAD-LeaderElection67] INFO  grpc.GrpcConfigKeys$Server (ConfUtils.java:logGet(43)) - raft.grpc.server.leader.outstanding.appends.max = 128 (default)
2019-10-07 12:15:48,893 [f9d625e3-2cd2-46f5-b342-93a9a992df18@group-2CE5768EEBAD-LeaderElection67] INFO  server.RaftServerConfigKeys (ConfUtils.java:logGet(43)) - raft.server.rpc.request.timeout = 3000ms (default)
2019-10-07 12:15:48,893 [f9d625e3-2cd2-46f5-b342-93a9a992df18@group-2CE5768EEBAD-LeaderElection67] INFO  server.RaftServerConfigKeys (ConfUtils.java:logGet(43)) - raft.server.log.appender.install.snapshot.enabled = false (custom)
2019-10-07 12:15:48,893 [f9d625e3-2cd2-46f5-b342-93a9a992df18@group-2CE5768EEBAD-LeaderElection67] INFO  impl.RoleInfo (RoleInfo.java:updateAndGet(143)) - f9d625e3-2cd2-46f5-b342-93a9a992df18: start LeaderState
2019-10-07 12:15:48,893 [f9d625e3-2cd2-46f5-b342-93a9a992df18@group-2CE5768EEBAD-LeaderElection67] INFO  segmented.SegmentedRaftLogWorker (SegmentedRaftLogWorker.java:startLogSegment(385)) - f9d625e3-2cd2-46f5-b342-93a9a992df18@group-2CE5768EEBAD-SegmentedRaftLogWorker: Starting segment from index:0
2019-10-07 12:15:48,894 [f9d625e3-2cd2-46f5-b342-93a9a992df18@group-2CE5768EEBAD-LeaderElection67] INFO  impl.RaftServerImpl (ServerState.java:setRaftConf(356)) - f9d625e3-2cd2-46f5-b342-93a9a992df18@group-2CE5768EEBAD: set configuration 0: [f9d625e3-2cd2-46f5-b342-93a9a992df18:192.168.30.26:39283, f6db1340-cb79-4a19-bf21-eecb20c18a74:192.168.30.26:41448, cd504680-7405-4413-b4e4-6e6532fec091:192.168.30.26:41677], old=null at 0
2019-10-07 12:15:48,926 [grpc-default-executor-6] INFO  impl.RaftServerImpl (ServerState.java:setLeader(255)) - cd504680-7405-4413-b4e4-6e6532fec091@group-2CE5768EEBAD: change Leader from null to f9d625e3-2cd2-46f5-b342-93a9a992df18 at term 1 for appendEntries, leader elected after 5147ms
2019-10-07 12:15:48,928 [grpc-default-executor-4] INFO  impl.RaftServerImpl (ServerState.java:setLeader(255)) - f6db1340-cb79-4a19-bf21-eecb20c18a74@group-2CE5768EEBAD: change Leader from null to f9d625e3-2cd2-46f5-b342-93a9a992df18 at term 1 for appendEntries, leader elected after 5149ms
2019-10-07 12:15:48,928 [f9d625e3-2cd2-46f5-b342-93a9a992df18@group-2CE5768EEBAD-SegmentedRaftLogWorker] INFO  segmented.SegmentedRaftLogWorker (SegmentedRaftLogWorker.java:execute(574)) - f9d625e3-2cd2-46f5-b342-93a9a992df18@group-2CE5768EEBAD-SegmentedRaftLogWorker: created new log segment /workdir/hadoop-ozone/integration-test/target/test-dir/MiniOzoneClusterImpl-7d7c158f-473a-4dac-99b6-81fe19448475/datanode-1/data/ratis/cc384214-069e-4230-8927-2ce5768eebad/current/log_inprogress_0
2019-10-07 12:15:48,934 [grpc-default-executor-6] INFO  impl.RaftServerImpl (ServerState.java:setRaftConf(356)) - cd504680-7405-4413-b4e4-6e6532fec091@group-2CE5768EEBAD: set configuration 0: [f9d625e3-2cd2-46f5-b342-93a9a992df18:192.168.30.26:39283, f6db1340-cb79-4a19-bf21-eecb20c18a74:192.168.30.26:41448, cd504680-7405-4413-b4e4-6e6532fec091:192.168.30.26:41677], old=null at 0
2019-10-07 12:15:48,934 [grpc-default-executor-4] INFO  impl.RaftServerImpl (ServerState.java:setRaftConf(356)) - f6db1340-cb79-4a19-bf21-eecb20c18a74@group-2CE5768EEBAD: set configuration 0: [f9d625e3-2cd2-46f5-b342-93a9a992df18:192.168.30.26:39283, f6db1340-cb79-4a19-bf21-eecb20c18a74:192.168.30.26:41448, cd504680-7405-4413-b4e4-6e6532fec091:192.168.30.26:41677], old=null at 0
2019-10-07 12:15:48,934 [grpc-default-executor-6] INFO  segmented.SegmentedRaftLogWorker (SegmentedRaftLogWorker.java:startLogSegment(385)) - cd504680-7405-4413-b4e4-6e6532fec091@group-2CE5768EEBAD-SegmentedRaftLogWorker: Starting segment from index:0
2019-10-07 12:15:48,934 [grpc-default-executor-4] INFO  segmented.SegmentedRaftLogWorker (SegmentedRaftLogWorker.java:startLogSegment(385)) - f6db1340-cb79-4a19-bf21-eecb20c18a74@group-2CE5768EEBAD-SegmentedRaftLogWorker: Starting segment from index:0
2019-10-07 12:15:48,937 [Thread-3074] INFO  impl.FollowerState (FollowerState.java:run(108)) - a9d0680e-0879-49e8-b72a-c4fc94b3b8b7@group-F205011AC0D5-FollowerState: change to CANDIDATE, lastRpcTime:5042ms, electionTimeout:5042ms
2019-10-07 12:15:48,938 [Thread-3074] INFO  impl.RoleInfo (RoleInfo.java:shutdownFollowerState(121)) - a9d0680e-0879-49e8-b72a-c4fc94b3b8b7: shutdown FollowerState
2019-10-07 12:15:48,938 [Thread-3074] INFO  impl.RaftServerImpl (RaftServerImpl.java:setRole(170)) - a9d0680e-0879-49e8-b72a-c4fc94b3b8b7@group-F205011AC0D5: changes role from  FOLLOWER to CANDIDATE at term 0 for changeToCandidate
2019-10-07 12:15:48,938 [Thread-3074] INFO  impl.RoleInfo (RoleInfo.java:updateAndGet(143)) - a9d0680e-0879-49e8-b72a-c4fc94b3b8b7: start LeaderElection
2019-10-07 12:15:48,984 [f6db1340-cb79-4a19-bf21-eecb20c18a74@group-2CE5768EEBAD-SegmentedRaftLogWorker] INFO  segmented.SegmentedRaftLogWorker (SegmentedRaftLogWorker.java:execute(574)) - f6db1340-cb79-4a19-bf21-eecb20c18a74@group-2CE5768EEBAD-SegmentedRaftLogWorker: created new log segment /workdir/hadoop-ozone/integration-test/target/test-dir/MiniOzoneClusterImpl-7d7c158f-473a-4dac-99b6-81fe19448475/datanode-0/data/ratis/cc384214-069e-4230-8927-2ce5768eebad/current/log_inprogress_0
2019-10-07 12:15:48,984 [cd504680-7405-4413-b4e4-6e6532fec091@group-2CE5768EEBAD-SegmentedRaftLogWorker] INFO  segmented.SegmentedRaftLogWorker (SegmentedRaftLogWorker.java:execute(574)) - cd504680-7405-4413-b4e4-6e6532fec091@group-2CE5768EEBAD-SegmentedRaftLogWorker: created new log segment /workdir/hadoop-ozone/integration-test/target/test-dir/MiniOzoneClusterImpl-7d7c158f-473a-4dac-99b6-81fe19448475/datanode-2/data/ratis/cc384214-069e-4230-8927-2ce5768eebad/current/log_inprogress_0
2019-10-07 12:15:48,984 [a9d0680e-0879-49e8-b72a-c4fc94b3b8b7@group-F205011AC0D5-LeaderElection68] INFO  impl.LeaderElection (LeaderElection.java:askForVotes(178)) - a9d0680e-0879-49e8-b72a-c4fc94b3b8b7@group-F205011AC0D5-LeaderElection68: begin an election at term 1 for -1: [a9d0680e-0879-49e8-b72a-c4fc94b3b8b7:192.168.30.26:38098], old=null
2019-10-07 12:15:48,984 [a9d0680e-0879-49e8-b72a-c4fc94b3b8b7@group-F205011AC0D5-LeaderElection68] INFO  impl.RoleInfo (RoleInfo.java:shutdownLeaderElection(134)) - a9d0680e-0879-49e8-b72a-c4fc94b3b8b7: shutdown LeaderElection
2019-10-07 12:15:48,984 [a9d0680e-0879-49e8-b72a-c4fc94b3b8b7@group-F205011AC0D5-LeaderElection68] INFO  impl.RaftServerImpl (RaftServerImpl.java:setRole(170)) - a9d0680e-0879-49e8-b72a-c4fc94b3b8b7@group-F205011AC0D5: changes role from CANDIDATE to LEADER at term 1 for changeToLeader
2019-10-07 12:15:48,985 [a9d0680e-0879-49e8-b72a-c4fc94b3b8b7@group-F205011AC0D5-LeaderElection68] INFO  impl.RaftServerImpl (ServerState.java:setLeader(255)) - a9d0680e-0879-49e8-b72a-c4fc94b3b8b7@group-F205011AC0D5: change Leader from null to a9d0680e-0879-49e8-b72a-c4fc94b3b8b7 at term 1 for becomeLeader, leader elected after 5094ms
2019-10-07 12:15:48,985 [a9d0680e-0879-49e8-b72a-c4fc94b3b8b7@group-F205011AC0D5-LeaderElection68] INFO  server.RaftServerConfigKeys (ConfUtils.java:logGet(43)) - raft.server.staging.catchup.gap = 1000 (default)
2019-10-07 12:15:48,985 [a9d0680e-0879-49e8-b72a-c4fc94b3b8b7@group-F205011AC0D5-LeaderElection68] INFO  server.RaftServerConfigKeys (ConfUtils.java:logGet(43)) - raft.server.rpc.sleep.time = 25ms (default)
2019-10-07 12:15:48,985 [a9d0680e-0879-49e8-b72a-c4fc94b3b8b7@group-F205011AC0D5-LeaderElection68] INFO  server.RaftServerConfigKeys (ConfUtils.java:logGet(43)) - raft.server.write.element-limit = 4096 (default)
2019-10-07 12:15:48,985 [a9d0680e-0879-49e8-b72a-c4fc94b3b8b7@group-F205011AC0D5-LeaderElection68] INFO  server.RaftServerConfigKeys (ConfUtils.java:logGet(43)) - raft.server.watch.timeout = 10s (default)
2019-10-07 12:15:48,985 [a9d0680e-0879-49e8-b72a-c4fc94b3b8b7@group-F205011AC0D5-LeaderElection68] INFO  server.RaftServerConfigKeys (ConfUtils.java:logGet(43)) - raft.server.watch.timeout.denomination = 1s (default)
2019-10-07 12:15:48,986 [a9d0680e-0879-49e8-b72a-c4fc94b3b8b7@group-F205011AC0D5-LeaderElection68] INFO  server.RaftServerConfigKeys (ConfUtils.java:logGet(43)) - raft.server.watch.element-limit = 65536 (default)
2019-10-07 12:15:48,988 [a9d0680e-0879-49e8-b72a-c4fc94b3b8b7@group-F205011AC0D5-LeaderElection68] INFO  impl.RoleInfo (RoleInfo.java:updateAndGet(143)) - a9d0680e-0879-49e8-b72a-c4fc94b3b8b7: start LeaderState
2019-10-07 12:15:48,988 [a9d0680e-0879-49e8-b72a-c4fc94b3b8b7@group-F205011AC0D5-LeaderElection68] INFO  segmented.SegmentedRaftLogWorker (SegmentedRaftLogWorker.java:startLogSegment(385)) - a9d0680e-0879-49e8-b72a-c4fc94b3b8b7@group-F205011AC0D5-SegmentedRaftLogWorker: Starting segment from index:0
2019-10-07 12:15:48,990 [a9d0680e-0879-49e8-b72a-c4fc94b3b8b7@group-F205011AC0D5-LeaderElection68] INFO  impl.RaftServerImpl (ServerState.java:setRaftConf(356)) - a9d0680e-0879-49e8-b72a-c4fc94b3b8b7@group-F205011AC0D5: set configuration 0: [a9d0680e-0879-49e8-b72a-c4fc94b3b8b7:192.168.30.26:38098], old=null at 0
2019-10-07 12:15:49,017 [Thread-3071] INFO  impl.FollowerState (FollowerState.java:run(108)) - d9b951ce-41d1-4813-8e81-a5aad6d5b66d@group-8C980578CBB8-FollowerState: change to CANDIDATE, lastRpcTime:5165ms, electionTimeout:5165ms
2019-10-07 12:15:49,018 [Thread-3071] INFO  impl.RoleInfo (RoleInfo.java:shutdownFollowerState(121)) - d9b951ce-41d1-4813-8e81-a5aad6d5b66d: shutdown FollowerState
2019-10-07 12:15:49,018 [Thread-3071] INFO  impl.RaftServerImpl (RaftServerImpl.java:setRole(170)) - d9b951ce-41d1-4813-8e81-a5aad6d5b66d@group-8C980578CBB8: changes role from  FOLLOWER to CANDIDATE at term 0 for changeToCandidate
2019-10-07 12:15:49,018 [Thread-3071] INFO  impl.RoleInfo (RoleInfo.java:updateAndGet(143)) - d9b951ce-41d1-4813-8e81-a5aad6d5b66d: start LeaderElection
2019-10-07 12:15:49,039 [a9d0680e-0879-49e8-b72a-c4fc94b3b8b7@group-F205011AC0D5-SegmentedRaftLogWorker] INFO  segmented.SegmentedRaftLogWorker (SegmentedRaftLogWorker.java:execute(574)) - a9d0680e-0879-49e8-b72a-c4fc94b3b8b7@group-F205011AC0D5-SegmentedRaftLogWorker: created new log segment /workdir/hadoop-ozone/integration-test/target/test-dir/MiniOzoneClusterImpl-7d7c158f-473a-4dac-99b6-81fe19448475/datanode-4/data/ratis/865c7211-00a8-46b0-8d20-f205011ac0d5/current/log_inprogress_0
2019-10-07 12:15:49,039 [d9b951ce-41d1-4813-8e81-a5aad6d5b66d@group-8C980578CBB8-LeaderElection69] INFO  impl.LeaderElection (LeaderElection.java:askForVotes(178)) - d9b951ce-41d1-4813-8e81-a5aad6d5b66d@group-8C980578CBB8-LeaderElection69: begin an election at term 1 for -1: [d9b951ce-41d1-4813-8e81-a5aad6d5b66d:192.168.30.26:34953], old=null
2019-10-07 12:15:49,039 [d9b951ce-41d1-4813-8e81-a5aad6d5b66d@group-8C980578CBB8-LeaderElection69] INFO  impl.RoleInfo (RoleInfo.java:shutdownLeaderElection(134)) - d9b951ce-41d1-4813-8e81-a5aad6d5b66d: shutdown LeaderElection
2019-10-07 12:15:49,039 [d9b951ce-41d1-4813-8e81-a5aad6d5b66d@group-8C980578CBB8-LeaderElection69] INFO  impl.RaftServerImpl (RaftServerImpl.java:setRole(170)) - d9b951ce-41d1-4813-8e81-a5aad6d5b66d@group-8C980578CBB8: changes role from CANDIDATE to LEADER at term 1 for changeToLeader
2019-10-07 12:15:49,039 [d9b951ce-41d1-4813-8e81-a5aad6d5b66d@group-8C980578CBB8-LeaderElection69] INFO  impl.RaftServerImpl (ServerState.java:setLeader(255)) - d9b951ce-41d1-4813-8e81-a5aad6d5b66d@group-8C980578CBB8: change Leader from null to d9b951ce-41d1-4813-8e81-a5aad6d5b66d at term 1 for becomeLeader, leader elected after 5192ms
2019-10-07 12:15:49,039 [d9b951ce-41d1-4813-8e81-a5aad6d5b66d@group-8C980578CBB8-LeaderElection69] INFO  server.RaftServerConfigKeys (ConfUtils.java:logGet(43)) - raft.server.staging.catchup.gap = 1000 (default)
2019-10-07 12:15:49,039 [d9b951ce-41d1-4813-8e81-a5aad6d5b66d@group-8C980578CBB8-LeaderElection69] INFO  server.RaftServerConfigKeys (ConfUtils.java:logGet(43)) - raft.server.rpc.sleep.time = 25ms (default)
2019-10-07 12:15:49,039 [d9b951ce-41d1-4813-8e81-a5aad6d5b66d@group-8C980578CBB8-LeaderElection69] INFO  server.RaftServerConfigKeys (ConfUtils.java:logGet(43)) - raft.server.write.element-limit = 4096 (default)
2019-10-07 12:15:49,040 [d9b951ce-41d1-4813-8e81-a5aad6d5b66d@group-8C980578CBB8-LeaderElection69] INFO  server.RaftServerConfigKeys (ConfUtils.java:logGet(43)) - raft.server.watch.timeout = 10s (default)
2019-10-07 12:15:49,040 [d9b951ce-41d1-4813-8e81-a5aad6d5b66d@group-8C980578CBB8-LeaderElection69] INFO  server.RaftServerConfigKeys (ConfUtils.java:logGet(43)) - raft.server.watch.timeout.denomination = 1s (default)
2019-10-07 12:15:49,040 [d9b951ce-41d1-4813-8e81-a5aad6d5b66d@group-8C980578CBB8-LeaderElection69] INFO  server.RaftServerConfigKeys (ConfUtils.java:logGet(43)) - raft.server.watch.element-limit = 65536 (default)
2019-10-07 12:15:49,041 [d9b951ce-41d1-4813-8e81-a5aad6d5b66d@group-8C980578CBB8-LeaderElection69] INFO  impl.RoleInfo (RoleInfo.java:updateAndGet(143)) - d9b951ce-41d1-4813-8e81-a5aad6d5b66d: start LeaderState
2019-10-07 12:15:49,041 [d9b951ce-41d1-4813-8e81-a5aad6d5b66d@group-8C980578CBB8-LeaderElection69] INFO  segmented.SegmentedRaftLogWorker (SegmentedRaftLogWorker.java:startLogSegment(385)) - d9b951ce-41d1-4813-8e81-a5aad6d5b66d@group-8C980578CBB8-SegmentedRaftLogWorker: Starting segment from index:0
2019-10-07 12:15:49,041 [d9b951ce-41d1-4813-8e81-a5aad6d5b66d@group-8C980578CBB8-LeaderElection69] INFO  impl.RaftServerImpl (ServerState.java:setRaftConf(356)) - d9b951ce-41d1-4813-8e81-a5aad6d5b66d@group-8C980578CBB8: set configuration 0: [d9b951ce-41d1-4813-8e81-a5aad6d5b66d:192.168.30.26:34953], old=null at 0
2019-10-07 12:15:49,071 [d9b951ce-41d1-4813-8e81-a5aad6d5b66d@group-8C980578CBB8-SegmentedRaftLogWorker] INFO  segmented.SegmentedRaftLogWorker (SegmentedRaftLogWorker.java:execute(574)) - d9b951ce-41d1-4813-8e81-a5aad6d5b66d@group-8C980578CBB8-SegmentedRaftLogWorker: created new log segment /workdir/hadoop-ozone/integration-test/target/test-dir/MiniOzoneClusterImpl-7d7c158f-473a-4dac-99b6-81fe19448475/datanode-3/data/ratis/566176c7-9090-4593-8124-8c980578cbb8/current/log_inprogress_0
2019-10-07 12:15:49,105 [Thread-3080] INFO  impl.FollowerState (FollowerState.java:run(108)) - 1c1d0e0f-d37f-44d7-915f-5703c6413f3c@group-7C3F5EF3C2DF-FollowerState: change to CANDIDATE, lastRpcTime:5125ms, electionTimeout:5125ms
2019-10-07 12:15:49,105 [Thread-3080] INFO  impl.RoleInfo (RoleInfo.java:shutdownFollowerState(121)) - 1c1d0e0f-d37f-44d7-915f-5703c6413f3c: shutdown FollowerState
2019-10-07 12:15:49,105 [Thread-3080] INFO  impl.RaftServerImpl (RaftServerImpl.java:setRole(170)) - 1c1d0e0f-d37f-44d7-915f-5703c6413f3c@group-7C3F5EF3C2DF: changes role from  FOLLOWER to CANDIDATE at term 0 for changeToCandidate
2019-10-07 12:15:49,105 [Thread-3080] INFO  impl.RoleInfo (RoleInfo.java:updateAndGet(143)) - 1c1d0e0f-d37f-44d7-915f-5703c6413f3c: start LeaderElection
2019-10-07 12:15:49,115 [Thread-3077] INFO  impl.FollowerState (FollowerState.java:run(108)) - 941e1436-7c11-4b15-ad79-e99f171cbd5c@group-7115655C34FD-FollowerState: change to CANDIDATE, lastRpcTime:5175ms, electionTimeout:5175ms
2019-10-07 12:15:49,115 [Thread-3077] INFO  impl.RoleInfo (RoleInfo.java:shutdownFollowerState(121)) - 941e1436-7c11-4b15-ad79-e99f171cbd5c: shutdown FollowerState
2019-10-07 12:15:49,115 [Thread-3077] INFO  impl.RaftServerImpl (RaftServerImpl.java:setRole(170)) - 941e1436-7c11-4b15-ad79-e99f171cbd5c@group-7115655C34FD: changes role from  FOLLOWER to CANDIDATE at term 0 for changeToCandidate
2019-10-07 12:15:49,115 [Thread-3077] INFO  impl.RoleInfo (RoleInfo.java:updateAndGet(143)) - 941e1436-7c11-4b15-ad79-e99f171cbd5c: start LeaderElection
2019-10-07 12:15:49,122 [941e1436-7c11-4b15-ad79-e99f171cbd5c@group-7115655C34FD-LeaderElection71] INFO  impl.LeaderElection (LeaderElection.java:askForVotes(178)) - 941e1436-7c11-4b15-ad79-e99f171cbd5c@group-7115655C34FD-LeaderElection71: begin an election at term 1 for -1: [941e1436-7c11-4b15-ad79-e99f171cbd5c:192.168.30.26:41572], old=null
2019-10-07 12:15:49,122 [1c1d0e0f-d37f-44d7-915f-5703c6413f3c@group-7C3F5EF3C2DF-LeaderElection70] INFO  impl.LeaderElection (LeaderElection.java:askForVotes(178)) - 1c1d0e0f-d37f-44d7-915f-5703c6413f3c@group-7C3F5EF3C2DF-LeaderElection70: begin an election at term 1 for -1: [1c1d0e0f-d37f-44d7-915f-5703c6413f3c:192.168.30.26:37322], old=null
2019-10-07 12:15:49,122 [941e1436-7c11-4b15-ad79-e99f171cbd5c@group-7115655C34FD-LeaderElection71] INFO  impl.RoleInfo (RoleInfo.java:shutdownLeaderElection(134)) - 941e1436-7c11-4b15-ad79-e99f171cbd5c: shutdown LeaderElection
2019-10-07 12:15:49,122 [1c1d0e0f-d37f-44d7-915f-5703c6413f3c@group-7C3F5EF3C2DF-LeaderElection70] INFO  impl.RoleInfo (RoleInfo.java:shutdownLeaderElection(134)) - 1c1d0e0f-d37f-44d7-915f-5703c6413f3c: shutdown LeaderElection
2019-10-07 12:15:49,122 [941e1436-7c11-4b15-ad79-e99f171cbd5c@group-7115655C34FD-LeaderElection71] INFO  impl.RaftServerImpl (RaftServerImpl.java:setRole(170)) - 941e1436-7c11-4b15-ad79-e99f171cbd5c@group-7115655C34FD: changes role from CANDIDATE to LEADER at term 1 for changeToLeader
2019-10-07 12:15:49,122 [1c1d0e0f-d37f-44d7-915f-5703c6413f3c@group-7C3F5EF3C2DF-LeaderElection70] INFO  impl.RaftServerImpl (RaftServerImpl.java:setRole(170)) - 1c1d0e0f-d37f-44d7-915f-5703c6413f3c@group-7C3F5EF3C2DF: changes role from CANDIDATE to LEADER at term 1 for changeToLeader
2019-10-07 12:15:49,123 [941e1436-7c11-4b15-ad79-e99f171cbd5c@group-7115655C34FD-LeaderElection71] INFO  impl.RaftServerImpl (ServerState.java:setLeader(255)) - 941e1436-7c11-4b15-ad79-e99f171cbd5c@group-7115655C34FD: change Leader from null to 941e1436-7c11-4b15-ad79-e99f171cbd5c at term 1 for becomeLeader, leader elected after 5190ms
2019-10-07 12:15:49,123 [1c1d0e0f-d37f-44d7-915f-5703c6413f3c@group-7C3F5EF3C2DF-LeaderElection70] INFO  impl.RaftServerImpl (ServerState.java:setLeader(255)) - 1c1d0e0f-d37f-44d7-915f-5703c6413f3c@group-7C3F5EF3C2DF: change Leader from null to 1c1d0e0f-d37f-44d7-915f-5703c6413f3c at term 1 for becomeLeader, leader elected after 5149ms
2019-10-07 12:15:49,123 [941e1436-7c11-4b15-ad79-e99f171cbd5c@group-7115655C34FD-LeaderElection71] INFO  server.RaftServerConfigKeys (ConfUtils.java:logGet(43)) - raft.server.staging.catchup.gap = 1000 (default)
2019-10-07 12:15:49,123 [1c1d0e0f-d37f-44d7-915f-5703c6413f3c@group-7C3F5EF3C2DF-LeaderElection70] INFO  server.RaftServerConfigKeys (ConfUtils.java:logGet(43)) - raft.server.staging.catchup.gap = 1000 (default)
2019-10-07 12:15:49,123 [941e1436-7c11-4b15-ad79-e99f171cbd5c@group-7115655C34FD-LeaderElection71] INFO  server.RaftServerConfigKeys (ConfUtils.java:logGet(43)) - raft.server.rpc.sleep.time = 25ms (default)
2019-10-07 12:15:49,123 [1c1d0e0f-d37f-44d7-915f-5703c6413f3c@group-7C3F5EF3C2DF-LeaderElection70] INFO  server.RaftServerConfigKeys (ConfUtils.java:logGet(43)) - raft.server.rpc.sleep.time = 25ms (default)
2019-10-07 12:15:49,123 [941e1436-7c11-4b15-ad79-e99f171cbd5c@group-7115655C34FD-LeaderElection71] INFO  server.RaftServerConfigKeys (ConfUtils.java:logGet(43)) - raft.server.write.element-limit = 4096 (default)
2019-10-07 12:15:49,123 [1c1d0e0f-d37f-44d7-915f-5703c6413f3c@group-7C3F5EF3C2DF-LeaderElection70] INFO  server.RaftServerConfigKeys (ConfUtils.java:logGet(43)) - raft.server.write.element-limit = 4096 (default)
2019-10-07 12:15:49,123 [941e1436-7c11-4b15-ad79-e99f171cbd5c@group-7115655C34FD-LeaderElection71] INFO  server.RaftServerConfigKeys (ConfUtils.java:logGet(43)) - raft.server.watch.timeout = 10s (default)
2019-10-07 12:15:49,123 [1c1d0e0f-d37f-44d7-915f-5703c6413f3c@group-7C3F5EF3C2DF-LeaderElection70] INFO  server.RaftServerConfigKeys (ConfUtils.java:logGet(43)) - raft.server.watch.timeout = 10s (default)
2019-10-07 12:15:49,123 [941e1436-7c11-4b15-ad79-e99f171cbd5c@group-7115655C34FD-LeaderElection71] INFO  server.RaftServerConfigKeys (ConfUtils.java:logGet(43)) - raft.server.watch.timeout.denomination = 1s (default)
2019-10-07 12:15:49,124 [1c1d0e0f-d37f-44d7-915f-5703c6413f3c@group-7C3F5EF3C2DF-LeaderElection70] INFO  server.RaftServerConfigKeys (ConfUtils.java:logGet(43)) - raft.server.watch.timeout.denomination = 1s (default)
2019-10-07 12:15:49,124 [941e1436-7c11-4b15-ad79-e99f171cbd5c@group-7115655C34FD-LeaderElection71] INFO  server.RaftServerConfigKeys (ConfUtils.java:logGet(43)) - raft.server.watch.element-limit = 65536 (default)
2019-10-07 12:15:49,124 [1c1d0e0f-d37f-44d7-915f-5703c6413f3c@group-7C3F5EF3C2DF-LeaderElection70] INFO  server.RaftServerConfigKeys (ConfUtils.java:logGet(43)) - raft.server.watch.element-limit = 65536 (default)
2019-10-07 12:15:49,125 [941e1436-7c11-4b15-ad79-e99f171cbd5c@group-7115655C34FD-LeaderElection71] INFO  impl.RoleInfo (RoleInfo.java:updateAndGet(143)) - 941e1436-7c11-4b15-ad79-e99f171cbd5c: start LeaderState
2019-10-07 12:15:49,126 [941e1436-7c11-4b15-ad79-e99f171cbd5c@group-7115655C34FD-LeaderElection71] INFO  segmented.SegmentedRaftLogWorker (SegmentedRaftLogWorker.java:startLogSegment(385)) - 941e1436-7c11-4b15-ad79-e99f171cbd5c@group-7115655C34FD-SegmentedRaftLogWorker: Starting segment from index:0
2019-10-07 12:15:49,126 [1c1d0e0f-d37f-44d7-915f-5703c6413f3c@group-7C3F5EF3C2DF-LeaderElection70] INFO  impl.RoleInfo (RoleInfo.java:updateAndGet(143)) - 1c1d0e0f-d37f-44d7-915f-5703c6413f3c: start LeaderState
2019-10-07 12:15:49,126 [941e1436-7c11-4b15-ad79-e99f171cbd5c@group-7115655C34FD-LeaderElection71] INFO  impl.RaftServerImpl (ServerState.java:setRaftConf(356)) - 941e1436-7c11-4b15-ad79-e99f171cbd5c@group-7115655C34FD: set configuration 0: [941e1436-7c11-4b15-ad79-e99f171cbd5c:192.168.30.26:41572], old=null at 0
2019-10-07 12:15:49,126 [1c1d0e0f-d37f-44d7-915f-5703c6413f3c@group-7C3F5EF3C2DF-LeaderElection70] INFO  segmented.SegmentedRaftLogWorker (SegmentedRaftLogWorker.java:startLogSegment(385)) - 1c1d0e0f-d37f-44d7-915f-5703c6413f3c@group-7C3F5EF3C2DF-SegmentedRaftLogWorker: Starting segment from index:0
2019-10-07 12:15:49,152 [1c1d0e0f-d37f-44d7-915f-5703c6413f3c@group-7C3F5EF3C2DF-LeaderElection70] INFO  impl.RaftServerImpl (ServerState.java:setRaftConf(356)) - 1c1d0e0f-d37f-44d7-915f-5703c6413f3c@group-7C3F5EF3C2DF: set configuration 0: [1c1d0e0f-d37f-44d7-915f-5703c6413f3c:192.168.30.26:37322], old=null at 0
2019-10-07 12:15:49,177 [941e1436-7c11-4b15-ad79-e99f171cbd5c@group-7115655C34FD-SegmentedRaftLogWorker] INFO  segmented.SegmentedRaftLogWorker (SegmentedRaftLogWorker.java:execute(574)) - 941e1436-7c11-4b15-ad79-e99f171cbd5c@group-7115655C34FD-SegmentedRaftLogWorker: created new log segment /workdir/hadoop-ozone/integration-test/target/test-dir/MiniOzoneClusterImpl-7d7c158f-473a-4dac-99b6-81fe19448475/datanode-5/data/ratis/f4b24a95-1a56-41ea-bd41-7115655c34fd/current/log_inprogress_0
2019-10-07 12:15:49,177 [Thread-3086] INFO  impl.FollowerState (FollowerState.java:run(108)) - d9b951ce-41d1-4813-8e81-a5aad6d5b66d@group-F51F9C0F9659-FollowerState: change to CANDIDATE, lastRpcTime:5143ms, electionTimeout:5122ms
2019-10-07 12:15:49,177 [Thread-3086] INFO  impl.RoleInfo (RoleInfo.java:shutdownFollowerState(121)) - d9b951ce-41d1-4813-8e81-a5aad6d5b66d: shutdown FollowerState
2019-10-07 12:15:49,177 [Thread-3086] INFO  impl.RaftServerImpl (RaftServerImpl.java:setRole(170)) - d9b951ce-41d1-4813-8e81-a5aad6d5b66d@group-F51F9C0F9659: changes role from  FOLLOWER to CANDIDATE at term 0 for changeToCandidate
2019-10-07 12:15:49,178 [Thread-3086] INFO  impl.RoleInfo (RoleInfo.java:updateAndGet(143)) - d9b951ce-41d1-4813-8e81-a5aad6d5b66d: start LeaderElection
2019-10-07 12:15:49,190 [1c1d0e0f-d37f-44d7-915f-5703c6413f3c@group-7C3F5EF3C2DF-SegmentedRaftLogWorker] INFO  segmented.SegmentedRaftLogWorker (SegmentedRaftLogWorker.java:execute(574)) - 1c1d0e0f-d37f-44d7-915f-5703c6413f3c@group-7C3F5EF3C2DF-SegmentedRaftLogWorker: created new log segment /workdir/hadoop-ozone/integration-test/target/test-dir/MiniOzoneClusterImpl-7d7c158f-473a-4dac-99b6-81fe19448475/datanode-6/data/ratis/c7cf582e-3c2d-481a-a237-7c3f5ef3c2df/current/log_inprogress_0
2019-10-07 12:15:49,190 [d9b951ce-41d1-4813-8e81-a5aad6d5b66d@group-F51F9C0F9659-LeaderElection72] INFO  impl.LeaderElection (LeaderElection.java:askForVotes(178)) - d9b951ce-41d1-4813-8e81-a5aad6d5b66d@group-F51F9C0F9659-LeaderElection72: begin an election at term 1 for -1: [d9b951ce-41d1-4813-8e81-a5aad6d5b66d:192.168.30.26:34953, 941e1436-7c11-4b15-ad79-e99f171cbd5c:192.168.30.26:41572, 1c1d0e0f-d37f-44d7-915f-5703c6413f3c:192.168.30.26:37322], old=null
2019-10-07 12:15:49,193 [grpc-default-executor-4] INFO  impl.RaftServerImpl (RaftServerImpl.java:setRole(170)) - 1c1d0e0f-d37f-44d7-915f-5703c6413f3c@group-F51F9C0F9659: changes role from  FOLLOWER to FOLLOWER at term 1 for recognizeCandidate:d9b951ce-41d1-4813-8e81-a5aad6d5b66d
2019-10-07 12:15:49,193 [grpc-default-executor-6] INFO  impl.RaftServerImpl (RaftServerImpl.java:setRole(170)) - 941e1436-7c11-4b15-ad79-e99f171cbd5c@group-F51F9C0F9659: changes role from  FOLLOWER to FOLLOWER at term 1 for recognizeCandidate:d9b951ce-41d1-4813-8e81-a5aad6d5b66d
2019-10-07 12:15:49,193 [grpc-default-executor-4] INFO  impl.RoleInfo (RoleInfo.java:shutdownFollowerState(121)) - 1c1d0e0f-d37f-44d7-915f-5703c6413f3c: shutdown FollowerState
2019-10-07 12:15:49,193 [grpc-default-executor-6] INFO  impl.RoleInfo (RoleInfo.java:shutdownFollowerState(121)) - 941e1436-7c11-4b15-ad79-e99f171cbd5c: shutdown FollowerState
2019-10-07 12:15:49,194 [Thread-3085] INFO  impl.FollowerState (FollowerState.java:run(117)) - 1c1d0e0f-d37f-44d7-915f-5703c6413f3c@group-F51F9C0F9659-FollowerState was interrupted: java.lang.InterruptedException: sleep interrupted
2019-10-07 12:15:49,194 [grpc-default-executor-4] INFO  impl.RoleInfo (RoleInfo.java:updateAndGet(143)) - 1c1d0e0f-d37f-44d7-915f-5703c6413f3c: start FollowerState
2019-10-07 12:15:49,196 [Thread-3087] INFO  impl.FollowerState (FollowerState.java:run(117)) - 941e1436-7c11-4b15-ad79-e99f171cbd5c@group-F51F9C0F9659-FollowerState was interrupted: java.lang.InterruptedException: sleep interrupted
2019-10-07 12:15:49,194 [grpc-default-executor-6] INFO  impl.RoleInfo (RoleInfo.java:updateAndGet(143)) - 941e1436-7c11-4b15-ad79-e99f171cbd5c: start FollowerState
2019-10-07 12:15:49,212 [d9b951ce-41d1-4813-8e81-a5aad6d5b66d@group-F51F9C0F9659-LeaderElection72] INFO  impl.LeaderElection (LeaderElection.java:logAndReturn(56)) - d9b951ce-41d1-4813-8e81-a5aad6d5b66d@group-F51F9C0F9659-LeaderElection72: Election PASSED; received 1 response(s) [d9b951ce-41d1-4813-8e81-a5aad6d5b66d<-1c1d0e0f-d37f-44d7-915f-5703c6413f3c#0:OK-t1] and 0 exception(s); d9b951ce-41d1-4813-8e81-a5aad6d5b66d@group-F51F9C0F9659:t1, leader=null, voted=d9b951ce-41d1-4813-8e81-a5aad6d5b66d, raftlog=d9b951ce-41d1-4813-8e81-a5aad6d5b66d@group-F51F9C0F9659-SegmentedRaftLog:OPENED:c-1,f-1,i0, conf=-1: [d9b951ce-41d1-4813-8e81-a5aad6d5b66d:192.168.30.26:34953, 941e1436-7c11-4b15-ad79-e99f171cbd5c:192.168.30.26:41572, 1c1d0e0f-d37f-44d7-915f-5703c6413f3c:192.168.30.26:37322], old=null
2019-10-07 12:15:49,212 [d9b951ce-41d1-4813-8e81-a5aad6d5b66d@group-F51F9C0F9659-LeaderElection72] INFO  impl.RoleInfo (RoleInfo.java:shutdownLeaderElection(134)) - d9b951ce-41d1-4813-8e81-a5aad6d5b66d: shutdown LeaderElection
2019-10-07 12:15:49,212 [d9b951ce-41d1-4813-8e81-a5aad6d5b66d@group-F51F9C0F9659-LeaderElection72] INFO  impl.RaftServerImpl (RaftServerImpl.java:setRole(170)) - d9b951ce-41d1-4813-8e81-a5aad6d5b66d@group-F51F9C0F9659: changes role from CANDIDATE to LEADER at term 1 for changeToLeader
2019-10-07 12:15:49,212 [d9b951ce-41d1-4813-8e81-a5aad6d5b66d@group-F51F9C0F9659-LeaderElection72] INFO  impl.RaftServerImpl (ServerState.java:setLeader(255)) - d9b951ce-41d1-4813-8e81-a5aad6d5b66d@group-F51F9C0F9659: change Leader from null to d9b951ce-41d1-4813-8e81-a5aad6d5b66d at term 1 for becomeLeader, leader elected after 5188ms
2019-10-07 12:15:49,212 [d9b951ce-41d1-4813-8e81-a5aad6d5b66d@group-F51F9C0F9659-LeaderElection72] INFO  server.RaftServerConfigKeys (ConfUtils.java:logGet(43)) - raft.server.staging.catchup.gap = 1000 (default)
2019-10-07 12:15:49,212 [d9b951ce-41d1-4813-8e81-a5aad6d5b66d@group-F51F9C0F9659-LeaderElection72] INFO  server.RaftServerConfigKeys (ConfUtils.java:logGet(43)) - raft.server.rpc.sleep.time = 25ms (default)
2019-10-07 12:15:49,212 [d9b951ce-41d1-4813-8e81-a5aad6d5b66d@group-F51F9C0F9659-LeaderElection72] INFO  server.RaftServerConfigKeys (ConfUtils.java:logGet(43)) - raft.server.write.element-limit = 4096 (default)
2019-10-07 12:15:49,213 [d9b951ce-41d1-4813-8e81-a5aad6d5b66d@group-F51F9C0F9659-LeaderElection72] INFO  server.RaftServerConfigKeys (ConfUtils.java:logGet(43)) - raft.server.watch.timeout = 10s (default)
2019-10-07 12:15:49,213 [d9b951ce-41d1-4813-8e81-a5aad6d5b66d@group-F51F9C0F9659-LeaderElection72] INFO  server.RaftServerConfigKeys (ConfUtils.java:logGet(43)) - raft.server.watch.timeout.denomination = 1s (default)
2019-10-07 12:15:49,213 [d9b951ce-41d1-4813-8e81-a5aad6d5b66d@group-F51F9C0F9659-LeaderElection72] INFO  server.RaftServerConfigKeys (ConfUtils.java:logGet(43)) - raft.server.watch.element-limit = 65536 (default)
2019-10-07 12:15:49,214 [d9b951ce-41d1-4813-8e81-a5aad6d5b66d@group-F51F9C0F9659-LeaderElection72] INFO  server.RaftServerConfigKeys (ConfUtils.java:logGet(43)) - raft.server.log.appender.snapshot.chunk.size.max = 16MB (=16777216) (default)
2019-10-07 12:15:49,214 [d9b951ce-41d1-4813-8e81-a5aad6d5b66d@group-F51F9C0F9659-LeaderElection72] INFO  server.RaftServerConfigKeys (ConfUtils.java:logGet(43)) - raft.server.log.appender.buffer.byte-limit = 33554432 (custom)
2019-10-07 12:15:49,214 [d9b951ce-41d1-4813-8e81-a5aad6d5b66d@group-F51F9C0F9659-LeaderElection72] INFO  server.RaftServerConfigKeys (ConfUtils.java:logGet(43)) - raft.server.log.appender.buffer.element-limit = 1 (custom)
2019-10-07 12:15:49,214 [d9b951ce-41d1-4813-8e81-a5aad6d5b66d@group-F51F9C0F9659-LeaderElection72] INFO  grpc.GrpcConfigKeys$Server (ConfUtils.java:logGet(43)) - raft.grpc.server.leader.outstanding.appends.max = 128 (default)
2019-10-07 12:15:49,214 [d9b951ce-41d1-4813-8e81-a5aad6d5b66d@group-F51F9C0F9659-LeaderElection72] INFO  server.RaftServerConfigKeys (ConfUtils.java:logGet(43)) - raft.server.rpc.request.timeout = 3000ms (default)
2019-10-07 12:15:49,215 [d9b951ce-41d1-4813-8e81-a5aad6d5b66d@group-F51F9C0F9659-LeaderElection72] INFO  server.RaftServerConfigKeys (ConfUtils.java:logGet(43)) - raft.server.log.appender.install.snapshot.enabled = false (custom)
2019-10-07 12:15:49,215 [d9b951ce-41d1-4813-8e81-a5aad6d5b66d@group-F51F9C0F9659-LeaderElection72] INFO  server.RaftServerConfigKeys (ConfUtils.java:logGet(43)) - raft.server.log.appender.snapshot.chunk.size.max = 16MB (=16777216) (default)
2019-10-07 12:15:49,215 [d9b951ce-41d1-4813-8e81-a5aad6d5b66d@group-F51F9C0F9659-LeaderElection72] INFO  server.RaftServerConfigKeys (ConfUtils.java:logGet(43)) - raft.server.log.appender.buffer.byte-limit = 33554432 (custom)
2019-10-07 12:15:49,215 [d9b951ce-41d1-4813-8e81-a5aad6d5b66d@group-F51F9C0F9659-LeaderElection72] INFO  server.RaftServerConfigKeys (ConfUtils.java:logGet(43)) - raft.server.log.appender.buffer.element-limit = 1 (custom)
2019-10-07 12:15:49,215 [d9b951ce-41d1-4813-8e81-a5aad6d5b66d@group-F51F9C0F9659-LeaderElection72] INFO  grpc.GrpcConfigKeys$Server (ConfUtils.java:logGet(43)) - raft.grpc.server.leader.outstanding.appends.max = 128 (default)
2019-10-07 12:15:49,215 [d9b951ce-41d1-4813-8e81-a5aad6d5b66d@group-F51F9C0F9659-LeaderElection72] INFO  server.RaftServerConfigKeys (ConfUtils.java:logGet(43)) - raft.server.rpc.request.timeout = 3000ms (default)
2019-10-07 12:15:49,215 [d9b951ce-41d1-4813-8e81-a5aad6d5b66d@group-F51F9C0F9659-LeaderElection72] INFO  server.RaftServerConfigKeys (ConfUtils.java:logGet(43)) - raft.server.log.appender.install.snapshot.enabled = false (custom)
2019-10-07 12:15:49,215 [d9b951ce-41d1-4813-8e81-a5aad6d5b66d@group-F51F9C0F9659-LeaderElection72] INFO  impl.RoleInfo (RoleInfo.java:updateAndGet(143)) - d9b951ce-41d1-4813-8e81-a5aad6d5b66d: start LeaderState
2019-10-07 12:15:49,215 [d9b951ce-41d1-4813-8e81-a5aad6d5b66d@group-F51F9C0F9659-LeaderElection72] INFO  segmented.SegmentedRaftLogWorker (SegmentedRaftLogWorker.java:startLogSegment(385)) - d9b951ce-41d1-4813-8e81-a5aad6d5b66d@group-F51F9C0F9659-SegmentedRaftLogWorker: Starting segment from index:0
2019-10-07 12:15:49,216 [d9b951ce-41d1-4813-8e81-a5aad6d5b66d@group-F51F9C0F9659-LeaderElection72] INFO  impl.RaftServerImpl (ServerState.java:setRaftConf(356)) - d9b951ce-41d1-4813-8e81-a5aad6d5b66d@group-F51F9C0F9659: set configuration 0: [d9b951ce-41d1-4813-8e81-a5aad6d5b66d:192.168.30.26:34953, 941e1436-7c11-4b15-ad79-e99f171cbd5c:192.168.30.26:41572, 1c1d0e0f-d37f-44d7-915f-5703c6413f3c:192.168.30.26:37322], old=null at 0
2019-10-07 12:15:49,217 [grpc-default-executor-6] INFO  impl.RaftServerImpl (ServerState.java:setLeader(255)) - 941e1436-7c11-4b15-ad79-e99f171cbd5c@group-F51F9C0F9659: change Leader from null to d9b951ce-41d1-4813-8e81-a5aad6d5b66d at term 1 for appendEntries, leader elected after 5192ms
2019-10-07 12:15:49,241 [grpc-default-executor-4] INFO  impl.RaftServerImpl (ServerState.java:setLeader(255)) - 1c1d0e0f-d37f-44d7-915f-5703c6413f3c@group-F51F9C0F9659: change Leader from null to d9b951ce-41d1-4813-8e81-a5aad6d5b66d at term 1 for appendEntries, leader elected after 5216ms
2019-10-07 12:15:49,244 [grpc-default-executor-6] INFO  impl.RaftServerImpl (ServerState.java:setRaftConf(356)) - 941e1436-7c11-4b15-ad79-e99f171cbd5c@group-F51F9C0F9659: set configuration 0: [d9b951ce-41d1-4813-8e81-a5aad6d5b66d:192.168.30.26:34953, 941e1436-7c11-4b15-ad79-e99f171cbd5c:192.168.30.26:41572, 1c1d0e0f-d37f-44d7-915f-5703c6413f3c:192.168.30.26:37322], old=null at 0
2019-10-07 12:15:49,245 [grpc-default-executor-6] INFO  segmented.SegmentedRaftLogWorker (SegmentedRaftLogWorker.java:startLogSegment(385)) - 941e1436-7c11-4b15-ad79-e99f171cbd5c@group-F51F9C0F9659-SegmentedRaftLogWorker: Starting segment from index:0
2019-10-07 12:15:49,245 [grpc-default-executor-4] INFO  impl.RaftServerImpl (ServerState.java:setRaftConf(356)) - 1c1d0e0f-d37f-44d7-915f-5703c6413f3c@group-F51F9C0F9659: set configuration 0: [d9b951ce-41d1-4813-8e81-a5aad6d5b66d:192.168.30.26:34953, 941e1436-7c11-4b15-ad79-e99f171cbd5c:192.168.30.26:41572, 1c1d0e0f-d37f-44d7-915f-5703c6413f3c:192.168.30.26:37322], old=null at 0
2019-10-07 12:15:49,245 [grpc-default-executor-4] INFO  segmented.SegmentedRaftLogWorker (SegmentedRaftLogWorker.java:startLogSegment(385)) - 1c1d0e0f-d37f-44d7-915f-5703c6413f3c@group-F51F9C0F9659-SegmentedRaftLogWorker: Starting segment from index:0
2019-10-07 12:15:49,251 [d9b951ce-41d1-4813-8e81-a5aad6d5b66d@group-F51F9C0F9659-SegmentedRaftLogWorker] INFO  segmented.SegmentedRaftLogWorker (SegmentedRaftLogWorker.java:execute(574)) - d9b951ce-41d1-4813-8e81-a5aad6d5b66d@group-F51F9C0F9659-SegmentedRaftLogWorker: created new log segment /workdir/hadoop-ozone/integration-test/target/test-dir/MiniOzoneClusterImpl-7d7c158f-473a-4dac-99b6-81fe19448475/datanode-3/data/ratis/75b35060-fa94-4fe5-b3c0-f51f9c0f9659/current/log_inprogress_0
2019-10-07 12:15:49,283 [1c1d0e0f-d37f-44d7-915f-5703c6413f3c@group-F51F9C0F9659-SegmentedRaftLogWorker] INFO  segmented.SegmentedRaftLogWorker (SegmentedRaftLogWorker.java:execute(574)) - 1c1d0e0f-d37f-44d7-915f-5703c6413f3c@group-F51F9C0F9659-SegmentedRaftLogWorker: created new log segment /workdir/hadoop-ozone/integration-test/target/test-dir/MiniOzoneClusterImpl-7d7c158f-473a-4dac-99b6-81fe19448475/datanode-6/data/ratis/75b35060-fa94-4fe5-b3c0-f51f9c0f9659/current/log_inprogress_0
2019-10-07 12:15:49,284 [941e1436-7c11-4b15-ad79-e99f171cbd5c@group-F51F9C0F9659-SegmentedRaftLogWorker] INFO  segmented.SegmentedRaftLogWorker (SegmentedRaftLogWorker.java:execute(574)) - 941e1436-7c11-4b15-ad79-e99f171cbd5c@group-F51F9C0F9659-SegmentedRaftLogWorker: created new log segment /workdir/hadoop-ozone/integration-test/target/test-dir/MiniOzoneClusterImpl-7d7c158f-473a-4dac-99b6-81fe19448475/datanode-5/data/ratis/75b35060-fa94-4fe5-b3c0-f51f9c0f9659/current/log_inprogress_0
2019-10-07 12:15:51,210 [Datanode State Machine Thread - 0] INFO  statemachine.DatanodeStateMachine (DatanodeStateMachine.java:lambda$startDaemon$0(350)) - Ozone container server started.
2019-10-07 12:15:55,260 [EventQueue-StaleNodeForStaleNodeHandler] INFO  node.StaleNodeHandler (StaleNodeHandler.java:onMessage(58)) - Datanode d9b951ce-41d1-4813-8e81-a5aad6d5b66d{ip: 192.168.30.26, host: pr-hdds-2071-fmvlq-2762171947, networkLocation: /default-rack, certSerialId: null} moved to stale state. Finalizing its pipelines [PipelineID=566176c7-9090-4593-8124-8c980578cbb8, PipelineID=75b35060-fa94-4fe5-b3c0-f51f9c0f9659]
2019-10-07 12:15:55,261 [EventQueue-StaleNodeForStaleNodeHandler] INFO  pipeline.SCMPipelineManager (SCMPipelineManager.java:finalizeAndDestroyPipeline(315)) - destroying pipeline:Pipeline[ Id: 566176c7-9090-4593-8124-8c980578cbb8, Nodes: d9b951ce-41d1-4813-8e81-a5aad6d5b66d{ip: 192.168.30.26, host: pr-hdds-2071-fmvlq-2762171947, networkLocation: /default-rack, certSerialId: null}, Type:RATIS, Factor:ONE, State:OPEN]
2019-10-07 12:15:55,262 [EventQueue-StaleNodeForStaleNodeHandler] INFO  pipeline.PipelineStateManager (PipelineStateManager.java:finalizePipeline(123)) - Pipeline Pipeline[ Id: 566176c7-9090-4593-8124-8c980578cbb8, Nodes: d9b951ce-41d1-4813-8e81-a5aad6d5b66d{ip: 192.168.30.26, host: pr-hdds-2071-fmvlq-2762171947, networkLocation: /default-rack, certSerialId: null}, Type:RATIS, Factor:ONE, State:CLOSED] moved to CLOSED state
2019-10-07 12:15:55,262 [EventQueue-StaleNodeForStaleNodeHandler] INFO  pipeline.SCMPipelineManager (SCMPipelineManager.java:finalizeAndDestroyPipeline(315)) - destroying pipeline:Pipeline[ Id: 75b35060-fa94-4fe5-b3c0-f51f9c0f9659, Nodes: d9b951ce-41d1-4813-8e81-a5aad6d5b66d{ip: 192.168.30.26, host: pr-hdds-2071-fmvlq-2762171947, networkLocation: /default-rack, certSerialId: null}941e1436-7c11-4b15-ad79-e99f171cbd5c{ip: 192.168.30.26, host: pr-hdds-2071-fmvlq-2762171947, networkLocation: /default-rack, certSerialId: null}1c1d0e0f-d37f-44d7-915f-5703c6413f3c{ip: 192.168.30.26, host: pr-hdds-2071-fmvlq-2762171947, networkLocation: /default-rack, certSerialId: null}, Type:RATIS, Factor:THREE, State:OPEN]
2019-10-07 12:15:55,263 [EventQueue-StaleNodeForStaleNodeHandler] INFO  pipeline.PipelineStateManager (PipelineStateManager.java:finalizePipeline(123)) - Pipeline Pipeline[ Id: 75b35060-fa94-4fe5-b3c0-f51f9c0f9659, Nodes: d9b951ce-41d1-4813-8e81-a5aad6d5b66d{ip: 192.168.30.26, host: pr-hdds-2071-fmvlq-2762171947, networkLocation: /default-rack, certSerialId: null}941e1436-7c11-4b15-ad79-e99f171cbd5c{ip: 192.168.30.26, host: pr-hdds-2071-fmvlq-2762171947, networkLocation: /default-rack, certSerialId: null}1c1d0e0f-d37f-44d7-915f-5703c6413f3c{ip: 192.168.30.26, host: pr-hdds-2071-fmvlq-2762171947, networkLocation: /default-rack, certSerialId: null}, Type:RATIS, Factor:THREE, State:CLOSED] moved to CLOSED state
2019-10-07 12:15:55,263 [EventQueue-CloseContainerForCloseContainerEventHandler] INFO  container.CloseContainerEventHandler (CloseContainerEventHandler.java:onMessage(61)) - Close container Event triggered for container : #1
2019-10-07 12:15:55,386 [main] INFO  ozoneimpl.OzoneContainer (OzoneContainer.java:stop(231)) - Attempting to stop container services.
2019-10-07 12:15:55,389 [main] INFO  impl.RaftServerProxy (RaftServerProxy.java:lambda$close$4(314)) - d9b951ce-41d1-4813-8e81-a5aad6d5b66d: close
2019-10-07 12:15:55,390 [main] INFO  impl.RaftServerImpl (RaftServerImpl.java:lambda$shutdown$3(247)) - d9b951ce-41d1-4813-8e81-a5aad6d5b66d@group-8C980578CBB8: shutdown
2019-10-07 12:15:55,390 [main] INFO  util.JmxRegister (JmxRegister.java:unregister(73)) - Successfully un-registered JMX Bean with object name Ratis:service=RaftServer,group=group-8C980578CBB8,id=d9b951ce-41d1-4813-8e81-a5aad6d5b66d
2019-10-07 12:15:55,391 [main] INFO  impl.RoleInfo (RoleInfo.java:shutdownLeaderState(104)) - d9b951ce-41d1-4813-8e81-a5aad6d5b66d: shutdown LeaderState
2019-10-07 12:15:55,391 [main] INFO  impl.PendingRequests (PendingRequests.java:sendNotLeaderResponses(202)) - d9b951ce-41d1-4813-8e81-a5aad6d5b66d@group-8C980578CBB8-PendingRequests: sendNotLeaderResponses
2019-10-07 12:15:55,392 [main] INFO  impl.StateMachineUpdater (StateMachineUpdater.java:stopAndJoin(136)) - d9b951ce-41d1-4813-8e81-a5aad6d5b66d@group-8C980578CBB8-StateMachineUpdater: set stopIndex = 0
2019-10-07 12:15:55,392 [main] INFO  impl.RaftServerImpl (ServerState.java:close(387)) - d9b951ce-41d1-4813-8e81-a5aad6d5b66d@group-8C980578CBB8: closes. applyIndex: 0
2019-10-07 12:15:55,392 [d9b951ce-41d1-4813-8e81-a5aad6d5b66d@group-8C980578CBB8-SegmentedRaftLogWorker] INFO  segmented.SegmentedRaftLogWorker (SegmentedRaftLogWorker.java:run(316)) - d9b951ce-41d1-4813-8e81-a5aad6d5b66d@group-8C980578CBB8-SegmentedRaftLogWorker was interrupted, exiting. There are 0 tasks remaining in the queue.
2019-10-07 12:15:55,394 [main] INFO  segmented.SegmentedRaftLogWorker (SegmentedRaftLogWorker.java:close(224)) - d9b951ce-41d1-4813-8e81-a5aad6d5b66d@group-8C980578CBB8-SegmentedRaftLogWorker close()
2019-10-07 12:15:55,398 [main] INFO  impl.RaftServerImpl (RaftServerImpl.java:lambda$shutdown$3(247)) - d9b951ce-41d1-4813-8e81-a5aad6d5b66d@group-F51F9C0F9659: shutdown
2019-10-07 12:15:55,398 [main] INFO  util.JmxRegister (JmxRegister.java:unregister(73)) - Successfully un-registered JMX Bean with object name Ratis:service=RaftServer,group=group-F51F9C0F9659,id=d9b951ce-41d1-4813-8e81-a5aad6d5b66d
2019-10-07 12:15:55,398 [main] INFO  impl.RoleInfo (RoleInfo.java:shutdownLeaderState(104)) - d9b951ce-41d1-4813-8e81-a5aad6d5b66d: shutdown LeaderState
2019-10-07 12:15:55,401 [main] INFO  impl.PendingRequests (PendingRequests.java:sendNotLeaderResponses(202)) - d9b951ce-41d1-4813-8e81-a5aad6d5b66d@group-F51F9C0F9659-PendingRequests: sendNotLeaderResponses
2019-10-07 12:15:55,401 [org.apache.ratis.server.impl.LogAppender$AppenderDaemon$$Lambda$529/890638816@78d88fc2] WARN  server.GrpcLogAppender (GrpcLogAppender.java:mayWait(143)) - d9b951ce-41d1-4813-8e81-a5aad6d5b66d@group-F51F9C0F9659->941e1436-7c11-4b15-ad79-e99f171cbd5c-GrpcLogAppender: Wait interrupted by java.lang.InterruptedException
2019-10-07 12:15:55,401 [org.apache.ratis.server.impl.LogAppender$AppenderDaemon$$Lambda$529/890638816@5c354ca1] WARN  server.GrpcLogAppender (GrpcLogAppender.java:mayWait(143)) - d9b951ce-41d1-4813-8e81-a5aad6d5b66d@group-F51F9C0F9659->1c1d0e0f-d37f-44d7-915f-5703c6413f3c-GrpcLogAppender: Wait interrupted by java.lang.InterruptedException
2019-10-07 12:15:55,405 [main] INFO  impl.StateMachineUpdater (StateMachineUpdater.java:stopAndJoin(136)) - d9b951ce-41d1-4813-8e81-a5aad6d5b66d@group-F51F9C0F9659-StateMachineUpdater: set stopIndex = 16
2019-10-07 12:15:55,405 [grpc-default-executor-6] INFO  server.GrpcServerProtocolService (GrpcServerProtocolService.java:onCompleted(113)) - 1c1d0e0f-d37f-44d7-915f-5703c6413f3c: Completed APPEND_ENTRIES, lastRequest: d9b951ce-41d1-4813-8e81-a5aad6d5b66d->1c1d0e0f-d37f-44d7-915f-5703c6413f3c#19-t1, previous=(t:1, i:16), leaderCommit=16, initializing? false, entries: <empty>
2019-10-07 12:15:55,405 [d9b951ce-41d1-4813-8e81-a5aad6d5b66d@group-F51F9C0F9659-StateMachineUpdater] INFO  ratis.ContainerStateMachine (ContainerStateMachine.java:takeSnapshot(294)) - group-F51F9C0F9659: Taking a snapshot at:(t:1, i:14) file /workdir/hadoop-ozone/integration-test/target/test-dir/MiniOzoneClusterImpl-7d7c158f-473a-4dac-99b6-81fe19448475/datanode-3/data/ratis/75b35060-fa94-4fe5-b3c0-f51f9c0f9659/sm/snapshot.1_14
2019-10-07 12:15:55,405 [grpc-default-executor-4] INFO  server.GrpcServerProtocolService (GrpcServerProtocolService.java:onCompleted(113)) - 941e1436-7c11-4b15-ad79-e99f171cbd5c: Completed APPEND_ENTRIES, lastRequest: d9b951ce-41d1-4813-8e81-a5aad6d5b66d->941e1436-7c11-4b15-ad79-e99f171cbd5c#19-t1, previous=(t:1, i:16), leaderCommit=16, initializing? false, entries: <empty>
2019-10-07 12:15:55,405 [grpc-default-executor-6] INFO  server.GrpcLogAppender (GrpcLogAppender.java:onCompleted(293)) - d9b951ce-41d1-4813-8e81-a5aad6d5b66d@group-F51F9C0F9659->1c1d0e0f-d37f-44d7-915f-5703c6413f3c-AppendLogResponseHandler: follower responses appendEntries COMPLETED
2019-10-07 12:15:55,406 [grpc-default-executor-4] INFO  server.GrpcLogAppender (GrpcLogAppender.java:onCompleted(293)) - d9b951ce-41d1-4813-8e81-a5aad6d5b66d@group-F51F9C0F9659->941e1436-7c11-4b15-ad79-e99f171cbd5c-AppendLogResponseHandler: follower responses appendEntries COMPLETED
2019-10-07 12:15:55,406 [grpc-default-executor-6] INFO  impl.FollowerInfo (FollowerInfo.java:lambda$new$0(51)) - d9b951ce-41d1-4813-8e81-a5aad6d5b66d@group-F51F9C0F9659->1c1d0e0f-d37f-44d7-915f-5703c6413f3c: nextIndex: updateUnconditionally 17 -> 16
2019-10-07 12:15:55,406 [grpc-default-executor-4] INFO  impl.FollowerInfo (FollowerInfo.java:lambda$new$0(51)) - d9b951ce-41d1-4813-8e81-a5aad6d5b66d@group-F51F9C0F9659->941e1436-7c11-4b15-ad79-e99f171cbd5c: nextIndex: updateUnconditionally 17 -> 16
2019-10-07 12:15:55,410 [d9b951ce-41d1-4813-8e81-a5aad6d5b66d@group-F51F9C0F9659-StateMachineUpdater] INFO  ratis.ContainerStateMachine (ContainerStateMachine.java:takeSnapshot(305)) - group-F51F9C0F9659: Finished taking a snapshot at:(t:1, i:14) file:/workdir/hadoop-ozone/integration-test/target/test-dir/MiniOzoneClusterImpl-7d7c158f-473a-4dac-99b6-81fe19448475/datanode-3/data/ratis/75b35060-fa94-4fe5-b3c0-f51f9c0f9659/sm/snapshot.1_14 time:5
2019-10-07 12:15:55,410 [d9b951ce-41d1-4813-8e81-a5aad6d5b66d@group-F51F9C0F9659-StateMachineUpdater] INFO  impl.StateMachineUpdater (StateMachineUpdater.java:takeSnapshot(269)) - d9b951ce-41d1-4813-8e81-a5aad6d5b66d@group-F51F9C0F9659-StateMachineUpdater: Took a snapshot at index 14
2019-10-07 12:15:55,411 [d9b951ce-41d1-4813-8e81-a5aad6d5b66d@group-F51F9C0F9659-StateMachineUpdater] INFO  impl.StateMachineUpdater (StateMachineUpdater.java:lambda$new$0(84)) - d9b951ce-41d1-4813-8e81-a5aad6d5b66d@group-F51F9C0F9659-StateMachineUpdater: snapshotIndex: updateIncreasingly -1 -> 14
2019-10-07 12:15:55,411 [d9b951ce-41d1-4813-8e81-a5aad6d5b66d@group-F51F9C0F9659-StateMachineUpdater] INFO  ratis.ContainerStateMachine (ContainerStateMachine.java:takeSnapshot(294)) - group-F51F9C0F9659: Taking a snapshot at:(t:1, i:14) file /workdir/hadoop-ozone/integration-test/target/test-dir/MiniOzoneClusterImpl-7d7c158f-473a-4dac-99b6-81fe19448475/datanode-3/data/ratis/75b35060-fa94-4fe5-b3c0-f51f9c0f9659/sm/snapshot.1_14
2019-10-07 12:15:55,426 [d9b951ce-41d1-4813-8e81-a5aad6d5b66d@group-F51F9C0F9659-StateMachineUpdater] INFO  ratis.ContainerStateMachine (ContainerStateMachine.java:takeSnapshot(305)) - group-F51F9C0F9659: Finished taking a snapshot at:(t:1, i:14) file:/workdir/hadoop-ozone/integration-test/target/test-dir/MiniOzoneClusterImpl-7d7c158f-473a-4dac-99b6-81fe19448475/datanode-3/data/ratis/75b35060-fa94-4fe5-b3c0-f51f9c0f9659/sm/snapshot.1_14 time:15
2019-10-07 12:15:55,426 [d9b951ce-41d1-4813-8e81-a5aad6d5b66d@group-F51F9C0F9659-StateMachineUpdater] INFO  impl.StateMachineUpdater (StateMachineUpdater.java:takeSnapshot(269)) - d9b951ce-41d1-4813-8e81-a5aad6d5b66d@group-F51F9C0F9659-StateMachineUpdater: Took a snapshot at index 14
2019-10-07 12:15:55,427 [d9b951ce-41d1-4813-8e81-a5aad6d5b66d@group-F51F9C0F9659-StateMachineUpdater] INFO  impl.StateMachineUpdater (StateMachineUpdater.java:lambda$new$0(84)) - d9b951ce-41d1-4813-8e81-a5aad6d5b66d@group-F51F9C0F9659-StateMachineUpdater: snapshotIndex: updateIncreasingly 14 -> 14
2019-10-07 12:15:55,427 [main] INFO  impl.RaftServerImpl (ServerState.java:close(387)) - d9b951ce-41d1-4813-8e81-a5aad6d5b66d@group-F51F9C0F9659: closes. applyIndex: 16
2019-10-07 12:15:55,427 [d9b951ce-41d1-4813-8e81-a5aad6d5b66d@group-F51F9C0F9659-SegmentedRaftLogWorker] INFO  segmented.SegmentedRaftLogWorker (SegmentedRaftLogWorker.java:run(316)) - d9b951ce-41d1-4813-8e81-a5aad6d5b66d@group-F51F9C0F9659-SegmentedRaftLogWorker was interrupted, exiting. There are 0 tasks remaining in the queue.
2019-10-07 12:15:55,429 [main] INFO  segmented.SegmentedRaftLogWorker (SegmentedRaftLogWorker.java:close(224)) - d9b951ce-41d1-4813-8e81-a5aad6d5b66d@group-F51F9C0F9659-SegmentedRaftLogWorker close()
2019-10-07 12:15:55,432 [main] INFO  server.GrpcService (GrpcService.java:closeImpl(164)) - d9b951ce-41d1-4813-8e81-a5aad6d5b66d: shutdown server with port 34953 now
2019-10-07 12:15:55,432 [grpc-default-executor-6] WARN  client.GrpcClientProtocolService (LogUtils.java:warn(134)) - 4-UnorderedRequestStreamObserver4: onError: org.apache.ratis.thirdparty.io.grpc.StatusRuntimeException: CANCELLED: cancelled before receiving half close
2019-10-07 12:15:55,434 [main] INFO  server.GrpcService (GrpcService.java:closeImpl(172)) - d9b951ce-41d1-4813-8e81-a5aad6d5b66d: shutdown server with port 34953 successfully
2019-10-07 12:15:55,437 [refreshUsed-/workdir/hadoop-ozone/integration-test/target/test-dir/MiniOzoneClusterImpl-7d7c158f-473a-4dac-99b6-81fe19448475/datanode-3/data/containers] WARN  fs.CachingGetSpaceUsed (CachingGetSpaceUsed.java:run(183)) - Thread Interrupted waiting to refresh disk information: sleep interrupted
2019-10-07 12:15:55,460 [main] INFO  utils.BackgroundService (BackgroundService.java:shutdown(148)) - Shutting down service BlockDeletingService
2019-10-07 12:15:55,465 [main] INFO  statemachine.DatanodeStateMachine (DatanodeStateMachine.java:stopDaemon(395)) - Ozone container server stopped.
2019-10-07 12:15:55,466 [main] INFO  handler.ContextHandler (ContextHandler.java:doStop(910)) - Stopped o.e.j.w.WebAppContext@47058864{/,null,UNAVAILABLE}{/hddsDatanode}
2019-10-07 12:15:55,467 [main] INFO  server.AbstractConnector (AbstractConnector.java:doStop(318)) - Stopped ServerConnector@ad3f70a{HTTP/1.1,[http/1.1]}{0.0.0.0:0}
2019-10-07 12:15:55,467 [main] INFO  handler.ContextHandler (ContextHandler.java:doStop(910)) - Stopped o.e.j.s.ServletContextHandler@374ccb9{/static,jar:file:/home/user/.m2/repository/org/apache/hadoop/hadoop-hdds-container-service/0.5.0-SNAPSHOT/hadoop-hdds-container-service-0.5.0-SNAPSHOT.jar!/webapps/static,UNAVAILABLE}
2019-10-07 12:15:55,467 [main] INFO  handler.ContextHandler (ContextHandler.java:doStop(910)) - Stopped o.e.j.s.ServletContextHandler@2c7c0e36{/logs,file:///workdir/hadoop-ozone/integration-test/target/log,UNAVAILABLE}
2019-10-07 12:16:04,573 [Thread-3137] INFO  impl.FollowerState (FollowerState.java:run(108)) - 941e1436-7c11-4b15-ad79-e99f171cbd5c@group-F51F9C0F9659-FollowerState: change to CANDIDATE, lastRpcTime:9181ms, electionTimeout:5138ms
2019-10-07 12:16:04,573 [Thread-3137] INFO  impl.RoleInfo (RoleInfo.java:shutdownFollowerState(121)) - 941e1436-7c11-4b15-ad79-e99f171cbd5c: shutdown FollowerState
2019-10-07 12:16:04,574 [Thread-3137] INFO  impl.RaftServerImpl (RaftServerImpl.java:setRole(170)) - 941e1436-7c11-4b15-ad79-e99f171cbd5c@group-F51F9C0F9659: changes role from  FOLLOWER to CANDIDATE at term 1 for changeToCandidate
2019-10-07 12:16:04,574 [Thread-3137] INFO  impl.RoleInfo (RoleInfo.java:updateAndGet(143)) - 941e1436-7c11-4b15-ad79-e99f171cbd5c: start LeaderElection
2019-10-07 12:16:04,582 [941e1436-7c11-4b15-ad79-e99f171cbd5c@group-F51F9C0F9659-LeaderElection73] INFO  impl.RaftServerImpl (ServerState.java:setLeader(255)) - 941e1436-7c11-4b15-ad79-e99f171cbd5c@group-F51F9C0F9659: change Leader from d9b951ce-41d1-4813-8e81-a5aad6d5b66d to null at term 1 for initElection
2019-10-07 12:16:04,597 [941e1436-7c11-4b15-ad79-e99f171cbd5c@group-F51F9C0F9659-LeaderElection73] INFO  impl.LeaderElection (LeaderElection.java:askForVotes(178)) - 941e1436-7c11-4b15-ad79-e99f171cbd5c@group-F51F9C0F9659-LeaderElection73: begin an election at term 2 for 0: [d9b951ce-41d1-4813-8e81-a5aad6d5b66d:192.168.30.26:34953, 941e1436-7c11-4b15-ad79-e99f171cbd5c:192.168.30.26:41572, 1c1d0e0f-d37f-44d7-915f-5703c6413f3c:192.168.30.26:37322], old=null
2019-10-07 12:16:04,600 [941e1436-7c11-4b15-ad79-e99f171cbd5c@group-F51F9C0F9659-LeaderElection73] INFO  impl.LeaderElection (LogUtils.java:infoOrTrace(149)) - 941e1436-7c11-4b15-ad79-e99f171cbd5c@group-F51F9C0F9659-LeaderElection73 got exception when requesting votes: {}
java.util.concurrent.ExecutionException: org.apache.ratis.thirdparty.io.grpc.StatusRuntimeException: UNAVAILABLE: io exception
	at java.util.concurrent.FutureTask.report(FutureTask.java:122)
	at java.util.concurrent.FutureTask.get(FutureTask.java:192)
	at org.apache.ratis.server.impl.LeaderElection.waitForResults(LeaderElection.java:259)
	at org.apache.ratis.server.impl.LeaderElection.askForVotes(LeaderElection.java:197)
	at org.apache.ratis.server.impl.LeaderElection.run(LeaderElection.java:133)
	at java.lang.Thread.run(Thread.java:748)
Caused by: org.apache.ratis.thirdparty.io.grpc.StatusRuntimeException: UNAVAILABLE: io exception
	at org.apache.ratis.thirdparty.io.grpc.stub.ClientCalls.toStatusRuntimeException(ClientCalls.java:233)
	at org.apache.ratis.thirdparty.io.grpc.stub.ClientCalls.getUnchecked(ClientCalls.java:214)
	at org.apache.ratis.thirdparty.io.grpc.stub.ClientCalls.blockingUnaryCall(ClientCalls.java:139)
	at org.apache.ratis.proto.grpc.RaftServerProtocolServiceGrpc$RaftServerProtocolServiceBlockingStub.requestVote(RaftServerProtocolServiceGrpc.java:265)
	at org.apache.ratis.grpc.server.GrpcServerProtocolClient.requestVote(GrpcServerProtocolClient.java:99)
	at org.apache.ratis.grpc.server.GrpcService.requestVote(GrpcService.java:204)
	at org.apache.ratis.server.impl.LeaderElection.lambda$submitRequests$1(LeaderElection.java:234)
	at java.util.concurrent.FutureTask.run(FutureTask.java:266)
	at java.util.concurrent.Executors$RunnableAdapter.call(Executors.java:511)
	at java.util.concurrent.FutureTask.run(FutureTask.java:266)
	at java.util.concurrent.ThreadPoolExecutor.runWorker(ThreadPoolExecutor.java:1149)
	at java.util.concurrent.ThreadPoolExecutor$Worker.run(ThreadPoolExecutor.java:624)
	... 1 more
Caused by: org.apache.ratis.thirdparty.io.netty.channel.AbstractChannel$AnnotatedConnectException: Connection refused: /192.168.30.26:34953
	at sun.nio.ch.SocketChannelImpl.checkConnect(Native Method)
	at sun.nio.ch.SocketChannelImpl.finishConnect(SocketChannelImpl.java:717)
	at org.apache.ratis.thirdparty.io.netty.channel.socket.nio.NioSocketChannel.doFinishConnect(NioSocketChannel.java:327)
	at org.apache.ratis.thirdparty.io.netty.channel.nio.AbstractNioChannel$AbstractNioUnsafe.finishConnect(AbstractNioChannel.java:340)
	at org.apache.ratis.thirdparty.io.netty.channel.nio.NioEventLoop.processSelectedKey(NioEventLoop.java:632)
	at org.apache.ratis.thirdparty.io.netty.channel.nio.NioEventLoop.processSelectedKeysOptimized(NioEventLoop.java:579)
	at org.apache.ratis.thirdparty.io.netty.channel.nio.NioEventLoop.processSelectedKeys(NioEventLoop.java:496)
	at org.apache.ratis.thirdparty.io.netty.channel.nio.NioEventLoop.run(NioEventLoop.java:458)
	at org.apache.ratis.thirdparty.io.netty.util.concurrent.SingleThreadEventExecutor$5.run(SingleThreadEventExecutor.java:897)
	at org.apache.ratis.thirdparty.io.netty.util.concurrent.FastThreadLocalRunnable.run(FastThreadLocalRunnable.java:30)
	... 1 more
Caused by: java.net.ConnectException: Connection refused
	... 11 more
2019-10-07 12:16:04,604 [grpc-default-executor-8] INFO  impl.RaftServerImpl (ServerState.java:setLeader(255)) - 1c1d0e0f-d37f-44d7-915f-5703c6413f3c@group-F51F9C0F9659: change Leader from d9b951ce-41d1-4813-8e81-a5aad6d5b66d to null at term 2 for updateCurrentTerm
2019-10-07 12:16:04,604 [grpc-default-executor-8] INFO  impl.RaftServerImpl (RaftServerImpl.java:setRole(170)) - 1c1d0e0f-d37f-44d7-915f-5703c6413f3c@group-F51F9C0F9659: changes role from  FOLLOWER to FOLLOWER at term 2 for recognizeCandidate:941e1436-7c11-4b15-ad79-e99f171cbd5c
2019-10-07 12:16:04,605 [grpc-default-executor-8] INFO  impl.RoleInfo (RoleInfo.java:shutdownFollowerState(121)) - 1c1d0e0f-d37f-44d7-915f-5703c6413f3c: shutdown FollowerState
2019-10-07 12:16:04,605 [grpc-default-executor-8] INFO  impl.RoleInfo (RoleInfo.java:updateAndGet(143)) - 1c1d0e0f-d37f-44d7-915f-5703c6413f3c: start FollowerState
2019-10-07 12:16:04,605 [Thread-3136] INFO  impl.FollowerState (FollowerState.java:run(117)) - 1c1d0e0f-d37f-44d7-915f-5703c6413f3c@group-F51F9C0F9659-FollowerState was interrupted: java.lang.InterruptedException: sleep interrupted
2019-10-07 12:16:04,621 [941e1436-7c11-4b15-ad79-e99f171cbd5c@group-F51F9C0F9659-LeaderElection73] INFO  impl.LeaderElection (LeaderElection.java:logAndReturn(56)) - 941e1436-7c11-4b15-ad79-e99f171cbd5c@group-F51F9C0F9659-LeaderElection73: Election PASSED; received 1 response(s) [941e1436-7c11-4b15-ad79-e99f171cbd5c<-1c1d0e0f-d37f-44d7-915f-5703c6413f3c#0:OK-t2] and 1 exception(s); 941e1436-7c11-4b15-ad79-e99f171cbd5c@group-F51F9C0F9659:t2, leader=null, voted=941e1436-7c11-4b15-ad79-e99f171cbd5c, raftlog=941e1436-7c11-4b15-ad79-e99f171cbd5c@group-F51F9C0F9659-SegmentedRaftLog:OPENED:c16,f16,i16, conf=0: [d9b951ce-41d1-4813-8e81-a5aad6d5b66d:192.168.30.26:34953, 941e1436-7c11-4b15-ad79-e99f171cbd5c:192.168.30.26:41572, 1c1d0e0f-d37f-44d7-915f-5703c6413f3c:192.168.30.26:37322], old=null
2019-10-07 12:16:04,621 [941e1436-7c11-4b15-ad79-e99f171cbd5c@group-F51F9C0F9659-LeaderElection73] INFO  impl.LeaderElection (LogUtils.java:infoOrTrace(149)) -   Exception 0: {}
java.util.concurrent.ExecutionException: org.apache.ratis.thirdparty.io.grpc.StatusRuntimeException: UNAVAILABLE: io exception
	at java.util.concurrent.FutureTask.report(FutureTask.java:122)
	at java.util.concurrent.FutureTask.get(FutureTask.java:192)
	at org.apache.ratis.server.impl.LeaderElection.waitForResults(LeaderElection.java:259)
	at org.apache.ratis.server.impl.LeaderElection.askForVotes(LeaderElection.java:197)
	at org.apache.ratis.server.impl.LeaderElection.run(LeaderElection.java:133)
	at java.lang.Thread.run(Thread.java:748)
Caused by: org.apache.ratis.thirdparty.io.grpc.StatusRuntimeException: UNAVAILABLE: io exception
	at org.apache.ratis.thirdparty.io.grpc.stub.ClientCalls.toStatusRuntimeException(ClientCalls.java:233)
	at org.apache.ratis.thirdparty.io.grpc.stub.ClientCalls.getUnchecked(ClientCalls.java:214)
	at org.apache.ratis.thirdparty.io.grpc.stub.ClientCalls.blockingUnaryCall(ClientCalls.java:139)
	at org.apache.ratis.proto.grpc.RaftServerProtocolServiceGrpc$RaftServerProtocolServiceBlockingStub.requestVote(RaftServerProtocolServiceGrpc.java:265)
	at org.apache.ratis.grpc.server.GrpcServerProtocolClient.requestVote(GrpcServerProtocolClient.java:99)
	at org.apache.ratis.grpc.server.GrpcService.requestVote(GrpcService.java:204)
	at org.apache.ratis.server.impl.LeaderElection.lambda$submitRequests$1(LeaderElection.java:234)
	at java.util.concurrent.FutureTask.run(FutureTask.java:266)
	at java.util.concurrent.Executors$RunnableAdapter.call(Executors.java:511)
	at java.util.concurrent.FutureTask.run(FutureTask.java:266)
	at java.util.concurrent.ThreadPoolExecutor.runWorker(ThreadPoolExecutor.java:1149)
	at java.util.concurrent.ThreadPoolExecutor$Worker.run(ThreadPoolExecutor.java:624)
	... 1 more
Caused by: org.apache.ratis.thirdparty.io.netty.channel.AbstractChannel$AnnotatedConnectException: Connection refused: /192.168.30.26:34953
	at sun.nio.ch.SocketChannelImpl.checkConnect(Native Method)
	at sun.nio.ch.SocketChannelImpl.finishConnect(SocketChannelImpl.java:717)
	at org.apache.ratis.thirdparty.io.netty.channel.socket.nio.NioSocketChannel.doFinishConnect(NioSocketChannel.java:327)
	at org.apache.ratis.thirdparty.io.netty.channel.nio.AbstractNioChannel$AbstractNioUnsafe.finishConnect(AbstractNioChannel.java:340)
	at org.apache.ratis.thirdparty.io.netty.channel.nio.NioEventLoop.processSelectedKey(NioEventLoop.java:632)
	at org.apache.ratis.thirdparty.io.netty.channel.nio.NioEventLoop.processSelectedKeysOptimized(NioEventLoop.java:579)
	at org.apache.ratis.thirdparty.io.netty.channel.nio.NioEventLoop.processSelectedKeys(NioEventLoop.java:496)
	at org.apache.ratis.thirdparty.io.netty.channel.nio.NioEventLoop.run(NioEventLoop.java:458)
	at org.apache.ratis.thirdparty.io.netty.util.concurrent.SingleThreadEventExecutor$5.run(SingleThreadEventExecutor.java:897)
	at org.apache.ratis.thirdparty.io.netty.util.concurrent.FastThreadLocalRunnable.run(FastThreadLocalRunnable.java:30)
	... 1 more
Caused by: java.net.ConnectException: Connection refused
	... 11 more
2019-10-07 12:16:04,622 [941e1436-7c11-4b15-ad79-e99f171cbd5c@group-F51F9C0F9659-LeaderElection73] INFO  impl.RoleInfo (RoleInfo.java:shutdownLeaderElection(134)) - 941e1436-7c11-4b15-ad79-e99f171cbd5c: shutdown LeaderElection
2019-10-07 12:16:04,622 [941e1436-7c11-4b15-ad79-e99f171cbd5c@group-F51F9C0F9659-LeaderElection73] INFO  impl.RaftServerImpl (RaftServerImpl.java:setRole(170)) - 941e1436-7c11-4b15-ad79-e99f171cbd5c@group-F51F9C0F9659: changes role from CANDIDATE to LEADER at term 2 for changeToLeader
2019-10-07 12:16:04,622 [941e1436-7c11-4b15-ad79-e99f171cbd5c@group-F51F9C0F9659-LeaderElection73] INFO  impl.RaftServerImpl (ServerState.java:setLeader(255)) - 941e1436-7c11-4b15-ad79-e99f171cbd5c@group-F51F9C0F9659: change Leader from null to 941e1436-7c11-4b15-ad79-e99f171cbd5c at term 2 for becomeLeader, leader elected after 39ms
2019-10-07 12:16:04,622 [941e1436-7c11-4b15-ad79-e99f171cbd5c@group-F51F9C0F9659-LeaderElection73] INFO  server.RaftServerConfigKeys (ConfUtils.java:logGet(43)) - raft.server.staging.catchup.gap = 1000 (default)
2019-10-07 12:16:04,623 [941e1436-7c11-4b15-ad79-e99f171cbd5c@group-F51F9C0F9659-LeaderElection73] INFO  server.RaftServerConfigKeys (ConfUtils.java:logGet(43)) - raft.server.rpc.sleep.time = 25ms (default)
2019-10-07 12:16:04,623 [941e1436-7c11-4b15-ad79-e99f171cbd5c@group-F51F9C0F9659-LeaderElection73] INFO  server.RaftServerConfigKeys (ConfUtils.java:logGet(43)) - raft.server.write.element-limit = 4096 (default)
2019-10-07 12:16:04,623 [941e1436-7c11-4b15-ad79-e99f171cbd5c@group-F51F9C0F9659-LeaderElection73] INFO  server.RaftServerConfigKeys (ConfUtils.java:logGet(43)) - raft.server.watch.timeout = 10s (default)
2019-10-07 12:16:04,623 [941e1436-7c11-4b15-ad79-e99f171cbd5c@group-F51F9C0F9659-LeaderElection73] INFO  server.RaftServerConfigKeys (ConfUtils.java:logGet(43)) - raft.server.watch.timeout.denomination = 1s (default)
2019-10-07 12:16:04,623 [941e1436-7c11-4b15-ad79-e99f171cbd5c@group-F51F9C0F9659-LeaderElection73] INFO  server.RaftServerConfigKeys (ConfUtils.java:logGet(43)) - raft.server.watch.element-limit = 65536 (default)
2019-10-07 12:16:04,627 [941e1436-7c11-4b15-ad79-e99f171cbd5c@group-F51F9C0F9659-LeaderElection73] INFO  server.RaftServerConfigKeys (ConfUtils.java:logGet(43)) - raft.server.log.appender.snapshot.chunk.size.max = 16MB (=16777216) (default)
2019-10-07 12:16:04,627 [941e1436-7c11-4b15-ad79-e99f171cbd5c@group-F51F9C0F9659-LeaderElection73] INFO  server.RaftServerConfigKeys (ConfUtils.java:logGet(43)) - raft.server.log.appender.buffer.byte-limit = 33554432 (custom)
2019-10-07 12:16:04,627 [941e1436-7c11-4b15-ad79-e99f171cbd5c@group-F51F9C0F9659-LeaderElection73] INFO  server.RaftServerConfigKeys (ConfUtils.java:logGet(43)) - raft.server.log.appender.buffer.element-limit = 1 (custom)
2019-10-07 12:16:04,627 [941e1436-7c11-4b15-ad79-e99f171cbd5c@group-F51F9C0F9659-LeaderElection73] INFO  grpc.GrpcConfigKeys$Server (ConfUtils.java:logGet(43)) - raft.grpc.server.leader.outstanding.appends.max = 128 (default)
2019-10-07 12:16:04,627 [941e1436-7c11-4b15-ad79-e99f171cbd5c@group-F51F9C0F9659-LeaderElection73] INFO  server.RaftServerConfigKeys (ConfUtils.java:logGet(43)) - raft.server.rpc.request.timeout = 3000ms (default)
2019-10-07 12:16:04,628 [941e1436-7c11-4b15-ad79-e99f171cbd5c@group-F51F9C0F9659-LeaderElection73] INFO  server.RaftServerConfigKeys (ConfUtils.java:logGet(43)) - raft.server.log.appender.install.snapshot.enabled = false (custom)
2019-10-07 12:16:04,628 [941e1436-7c11-4b15-ad79-e99f171cbd5c@group-F51F9C0F9659-LeaderElection73] INFO  server.RaftServerConfigKeys (ConfUtils.java:logGet(43)) - raft.server.log.appender.snapshot.chunk.size.max = 16MB (=16777216) (default)
2019-10-07 12:16:04,628 [941e1436-7c11-4b15-ad79-e99f171cbd5c@group-F51F9C0F9659-LeaderElection73] INFO  server.RaftServerConfigKeys (ConfUtils.java:logGet(43)) - raft.server.log.appender.buffer.byte-limit = 33554432 (custom)
2019-10-07 12:16:04,628 [941e1436-7c11-4b15-ad79-e99f171cbd5c@group-F51F9C0F9659-LeaderElection73] INFO  server.RaftServerConfigKeys (ConfUtils.java:logGet(43)) - raft.server.log.appender.buffer.element-limit = 1 (custom)
2019-10-07 12:16:04,628 [941e1436-7c11-4b15-ad79-e99f171cbd5c@group-F51F9C0F9659-LeaderElection73] INFO  grpc.GrpcConfigKeys$Server (ConfUtils.java:logGet(43)) - raft.grpc.server.leader.outstanding.appends.max = 128 (default)
2019-10-07 12:16:04,628 [941e1436-7c11-4b15-ad79-e99f171cbd5c@group-F51F9C0F9659-LeaderElection73] INFO  server.RaftServerConfigKeys (ConfUtils.java:logGet(43)) - raft.server.rpc.request.timeout = 3000ms (default)
2019-10-07 12:16:04,629 [941e1436-7c11-4b15-ad79-e99f171cbd5c@group-F51F9C0F9659-LeaderElection73] INFO  server.RaftServerConfigKeys (ConfUtils.java:logGet(43)) - raft.server.log.appender.install.snapshot.enabled = false (custom)
2019-10-07 12:16:04,629 [941e1436-7c11-4b15-ad79-e99f171cbd5c@group-F51F9C0F9659-LeaderElection73] INFO  impl.RoleInfo (RoleInfo.java:updateAndGet(143)) - 941e1436-7c11-4b15-ad79-e99f171cbd5c: start LeaderState
2019-10-07 12:16:04,630 [941e1436-7c11-4b15-ad79-e99f171cbd5c@group-F51F9C0F9659-LeaderElection73] INFO  segmented.SegmentedRaftLogWorker (SegmentedRaftLogWorker.java:rollLogSegment(390)) - 941e1436-7c11-4b15-ad79-e99f171cbd5c@group-F51F9C0F9659-SegmentedRaftLogWorker: Rolling segment log-0_16 to index:16
2019-10-07 12:16:04,631 [941e1436-7c11-4b15-ad79-e99f171cbd5c@group-F51F9C0F9659-SegmentedRaftLogWorker] INFO  segmented.SegmentedRaftLogWorker (SegmentedRaftLogWorker.java:execute(531)) - 941e1436-7c11-4b15-ad79-e99f171cbd5c@group-F51F9C0F9659-SegmentedRaftLogWorker: Rolled log segment from /workdir/hadoop-ozone/integration-test/target/test-dir/MiniOzoneClusterImpl-7d7c158f-473a-4dac-99b6-81fe19448475/datanode-5/data/ratis/75b35060-fa94-4fe5-b3c0-f51f9c0f9659/current/log_inprogress_0 to /workdir/hadoop-ozone/integration-test/target/test-dir/MiniOzoneClusterImpl-7d7c158f-473a-4dac-99b6-81fe19448475/datanode-5/data/ratis/75b35060-fa94-4fe5-b3c0-f51f9c0f9659/current/log_0-16
2019-10-07 12:16:04,633 [941e1436-7c11-4b15-ad79-e99f171cbd5c@group-F51F9C0F9659-LeaderElection73] INFO  impl.RaftServerImpl (ServerState.java:setRaftConf(356)) - 941e1436-7c11-4b15-ad79-e99f171cbd5c@group-F51F9C0F9659: set configuration 17: [d9b951ce-41d1-4813-8e81-a5aad6d5b66d:192.168.30.26:34953, 941e1436-7c11-4b15-ad79-e99f171cbd5c:192.168.30.26:41572, 1c1d0e0f-d37f-44d7-915f-5703c6413f3c:192.168.30.26:37322], old=null at 17
2019-10-07 12:16:04,634 [grpc-default-executor-8] WARN  server.GrpcLogAppender (LogUtils.java:warn(134)) - 941e1436-7c11-4b15-ad79-e99f171cbd5c@group-F51F9C0F9659->d9b951ce-41d1-4813-8e81-a5aad6d5b66d-AppendLogResponseHandler: Failed appendEntries: org.apache.ratis.thirdparty.io.grpc.StatusRuntimeException: UNAVAILABLE: io exception
2019-10-07 12:16:04,661 [grpc-default-executor-8] INFO  impl.FollowerInfo (FollowerInfo.java:lambda$new$0(51)) - 941e1436-7c11-4b15-ad79-e99f171cbd5c@group-F51F9C0F9659->d9b951ce-41d1-4813-8e81-a5aad6d5b66d: nextIndex: updateUnconditionally 17 -> 1
2019-10-07 12:16:04,661 [grpc-default-executor-8] INFO  impl.RaftServerImpl (ServerState.java:setLeader(255)) - 1c1d0e0f-d37f-44d7-915f-5703c6413f3c@group-F51F9C0F9659: change Leader from null to 941e1436-7c11-4b15-ad79-e99f171cbd5c at term 2 for appendEntries, leader elected after 57ms
2019-10-07 12:16:04,664 [grpc-default-executor-8] INFO  impl.RaftServerImpl (ServerState.java:setRaftConf(356)) - 1c1d0e0f-d37f-44d7-915f-5703c6413f3c@group-F51F9C0F9659: set configuration 17: [d9b951ce-41d1-4813-8e81-a5aad6d5b66d:192.168.30.26:34953, 941e1436-7c11-4b15-ad79-e99f171cbd5c:192.168.30.26:41572, 1c1d0e0f-d37f-44d7-915f-5703c6413f3c:192.168.30.26:37322], old=null at 17
2019-10-07 12:16:04,664 [grpc-default-executor-8] INFO  segmented.SegmentedRaftLogWorker (SegmentedRaftLogWorker.java:rollLogSegment(390)) - 1c1d0e0f-d37f-44d7-915f-5703c6413f3c@group-F51F9C0F9659-SegmentedRaftLogWorker: Rolling segment log-0_16 to index:16
2019-10-07 12:16:04,665 [1c1d0e0f-d37f-44d7-915f-5703c6413f3c@group-F51F9C0F9659-SegmentedRaftLogWorker] INFO  segmented.SegmentedRaftLogWorker (SegmentedRaftLogWorker.java:execute(531)) - 1c1d0e0f-d37f-44d7-915f-5703c6413f3c@group-F51F9C0F9659-SegmentedRaftLogWorker: Rolled log segment from /workdir/hadoop-ozone/integration-test/target/test-dir/MiniOzoneClusterImpl-7d7c158f-473a-4dac-99b6-81fe19448475/datanode-6/data/ratis/75b35060-fa94-4fe5-b3c0-f51f9c0f9659/current/log_inprogress_0 to /workdir/hadoop-ozone/integration-test/target/test-dir/MiniOzoneClusterImpl-7d7c158f-473a-4dac-99b6-81fe19448475/datanode-6/data/ratis/75b35060-fa94-4fe5-b3c0-f51f9c0f9659/current/log_0-16
2019-10-07 12:16:04,674 [941e1436-7c11-4b15-ad79-e99f171cbd5c@group-F51F9C0F9659-SegmentedRaftLogWorker] INFO  segmented.SegmentedRaftLogWorker (SegmentedRaftLogWorker.java:execute(574)) - 941e1436-7c11-4b15-ad79-e99f171cbd5c@group-F51F9C0F9659-SegmentedRaftLogWorker: created new log segment /workdir/hadoop-ozone/integration-test/target/test-dir/MiniOzoneClusterImpl-7d7c158f-473a-4dac-99b6-81fe19448475/datanode-5/data/ratis/75b35060-fa94-4fe5-b3c0-f51f9c0f9659/current/log_inprogress_17
2019-10-07 12:16:04,712 [1c1d0e0f-d37f-44d7-915f-5703c6413f3c@group-F51F9C0F9659-SegmentedRaftLogWorker] INFO  segmented.SegmentedRaftLogWorker (SegmentedRaftLogWorker.java:execute(574)) - 1c1d0e0f-d37f-44d7-915f-5703c6413f3c@group-F51F9C0F9659-SegmentedRaftLogWorker: created new log segment /workdir/hadoop-ozone/integration-test/target/test-dir/MiniOzoneClusterImpl-7d7c158f-473a-4dac-99b6-81fe19448475/datanode-6/data/ratis/75b35060-fa94-4fe5-b3c0-f51f9c0f9659/current/log_inprogress_17
2019-10-07 12:16:04,754 [grpc-default-executor-4] WARN  server.GrpcLogAppender (LogUtils.java:warn(134)) - 941e1436-7c11-4b15-ad79-e99f171cbd5c@group-F51F9C0F9659->d9b951ce-41d1-4813-8e81-a5aad6d5b66d-AppendLogResponseHandler: Failed appendEntries: org.apache.ratis.thirdparty.io.grpc.StatusRuntimeException: UNAVAILABLE: io exception
2019-10-07 12:16:04,754 [grpc-default-executor-4] INFO  impl.FollowerInfo (FollowerInfo.java:lambda$new$0(51)) - 941e1436-7c11-4b15-ad79-e99f171cbd5c@group-F51F9C0F9659->d9b951ce-41d1-4813-8e81-a5aad6d5b66d: nextIndex: updateUnconditionally 2 -> 1
2019-10-07 12:16:04,757 [grpc-default-executor-6] WARN  server.GrpcLogAppender (LogUtils.java:warn(134)) - 941e1436-7c11-4b15-ad79-e99f171cbd5c@group-F51F9C0F9659->d9b951ce-41d1-4813-8e81-a5aad6d5b66d-AppendLogResponseHandler: Failed appendEntries: org.apache.ratis.thirdparty.io.grpc.StatusRuntimeException: UNAVAILABLE: io exception
2019-10-07 12:16:04,757 [grpc-default-executor-6] INFO  impl.FollowerInfo (FollowerInfo.java:lambda$new$0(51)) - 941e1436-7c11-4b15-ad79-e99f171cbd5c@group-F51F9C0F9659->d9b951ce-41d1-4813-8e81-a5aad6d5b66d: nextIndex: updateUnconditionally 2 -> 1
12:16:06.623 [grpc-default-executor-6] ERROR DNAudit - user=null | ip=null | op=WRITE_CHUNK {blockData=conID: 1 locID: 102921046917644301 bcsId: 14} | ret=FAILURE
org.apache.hadoop.hdds.scm.container.common.helpers.ContainerNotOpenException: Container 1 in CLOSING state
	at org.apache.hadoop.ozone.container.common.impl.HddsDispatcher.validateContainerCommand(HddsDispatcher.java:434) ~[hadoop-hdds-container-service-0.5.0-SNAPSHOT.jar:?]
	at org.apache.hadoop.ozone.container.common.transport.server.ratis.ContainerStateMachine.startTransaction(ContainerStateMachine.java:320) ~[hadoop-hdds-container-service-0.5.0-SNAPSHOT.jar:?]
	at org.apache.ratis.server.impl.RaftServerImpl.submitClientRequestAsync(RaftServerImpl.java:569) ~[ratis-server-0.5.0-201fc85-SNAPSHOT.jar:0.5.0-201fc85-SNAPSHOT]
	at org.apache.ratis.server.impl.RaftServerProxy.lambda$submitClientRequestAsync$7(RaftServerProxy.java:333) ~[ratis-server-0.5.0-201fc85-SNAPSHOT.jar:0.5.0-201fc85-SNAPSHOT]
	at org.apache.ratis.server.impl.RaftServerProxy.lambda$null$5(RaftServerProxy.java:328) ~[ratis-server-0.5.0-201fc85-SNAPSHOT.jar:0.5.0-201fc85-SNAPSHOT]
	at org.apache.ratis.util.JavaUtils.callAsUnchecked(JavaUtils.java:109) ~[ratis-common-0.5.0-201fc85-SNAPSHOT.jar:0.5.0-201fc85-SNAPSHOT]
	at org.apache.ratis.server.impl.RaftServerProxy.lambda$submitRequest$6(RaftServerProxy.java:328) ~[ratis-server-0.5.0-201fc85-SNAPSHOT.jar:0.5.0-201fc85-SNAPSHOT]
	at java.util.concurrent.CompletableFuture.uniComposeStage(CompletableFuture.java:981) ~[?:1.8.0_212]
	at java.util.concurrent.CompletableFuture.thenCompose(CompletableFuture.java:2124) ~[?:1.8.0_212]
	at org.apache.ratis.server.impl.RaftServerProxy.submitRequest(RaftServerProxy.java:327) ~[ratis-server-0.5.0-201fc85-SNAPSHOT.jar:0.5.0-201fc85-SNAPSHOT]
	at org.apache.ratis.server.impl.RaftServerProxy.submitClientRequestAsync(RaftServerProxy.java:333) ~[ratis-server-0.5.0-201fc85-SNAPSHOT.jar:0.5.0-201fc85-SNAPSHOT]
	at org.apache.ratis.grpc.client.GrpcClientProtocolService$RequestStreamObserver.processClientRequest(GrpcClientProtocolService.java:220) ~[ratis-grpc-0.5.0-201fc85-SNAPSHOT.jar:0.5.0-201fc85-SNAPSHOT]
	at org.apache.ratis.grpc.client.GrpcClientProtocolService$OrderedRequestStreamObserver.processClientRequest(GrpcClientProtocolService.java:326) ~[ratis-grpc-0.5.0-201fc85-SNAPSHOT.jar:0.5.0-201fc85-SNAPSHOT]
	at org.apache.ratis.util.SlidingWindow$Server.processRequestsFromHead(SlidingWindow.java:429) [ratis-common-0.5.0-201fc85-SNAPSHOT.jar:0.5.0-201fc85-SNAPSHOT]
	at org.apache.ratis.util.SlidingWindow$Server.receivedRequest(SlidingWindow.java:421) [ratis-common-0.5.0-201fc85-SNAPSHOT.jar:0.5.0-201fc85-SNAPSHOT]
	at org.apache.ratis.grpc.client.GrpcClientProtocolService$OrderedRequestStreamObserver.processClientRequest(GrpcClientProtocolService.java:345) [ratis-grpc-0.5.0-201fc85-SNAPSHOT.jar:0.5.0-201fc85-SNAPSHOT]
	at org.apache.ratis.grpc.client.GrpcClientProtocolService$RequestStreamObserver.onNext(GrpcClientProtocolService.java:240) [ratis-grpc-0.5.0-201fc85-SNAPSHOT.jar:0.5.0-201fc85-SNAPSHOT]
	at org.apache.ratis.grpc.client.GrpcClientProtocolService$RequestStreamObserver.onNext(GrpcClientProtocolService.java:168) [ratis-grpc-0.5.0-201fc85-SNAPSHOT.jar:0.5.0-201fc85-SNAPSHOT]
	at org.apache.ratis.thirdparty.io.grpc.stub.ServerCalls$StreamingServerCallHandler$StreamingServerCallListener.onMessage(ServerCalls.java:248) [ratis-thirdparty-misc-0.2.0.jar:0.2.0]
	at org.apache.ratis.thirdparty.io.grpc.internal.ServerCallImpl$ServerStreamListenerImpl.messagesAvailable(ServerCallImpl.java:263) [ratis-thirdparty-misc-0.2.0.jar:0.2.0]
	at org.apache.ratis.thirdparty.io.grpc.internal.ServerImpl$JumpToApplicationThreadServerStreamListener$1MessagesAvailable.runInContext(ServerImpl.java:686) [ratis-thirdparty-misc-0.2.0.jar:0.2.0]
	at org.apache.ratis.thirdparty.io.grpc.internal.ContextRunnable.run(ContextRunnable.java:37) [ratis-thirdparty-misc-0.2.0.jar:0.2.0]
	at org.apache.ratis.thirdparty.io.grpc.internal.SerializingExecutor.run(SerializingExecutor.java:123) [ratis-thirdparty-misc-0.2.0.jar:0.2.0]
	at java.util.concurrent.ThreadPoolExecutor.runWorker(ThreadPoolExecutor.java:1149) [?:1.8.0_212]
	at java.util.concurrent.ThreadPoolExecutor$Worker.run(ThreadPoolExecutor.java:624) [?:1.8.0_212]
	at java.lang.Thread.run(Thread.java:748) [?:1.8.0_212]
12:16:06.639 [grpc-default-executor-4] ERROR DNAudit - user=null | ip=null | op=WRITE_CHUNK {blockData=conID: 1 locID: 102921046917644301 bcsId: 14} | ret=FAILURE
org.apache.hadoop.hdds.scm.container.common.helpers.ContainerNotOpenException: Container 1 in CLOSING state
	at org.apache.hadoop.ozone.container.common.impl.HddsDispatcher.validateContainerCommand(HddsDispatcher.java:434) ~[hadoop-hdds-container-service-0.5.0-SNAPSHOT.jar:?]
	at org.apache.hadoop.ozone.container.common.transport.server.ratis.ContainerStateMachine.startTransaction(ContainerStateMachine.java:320) ~[hadoop-hdds-container-service-0.5.0-SNAPSHOT.jar:?]
	at org.apache.ratis.server.impl.RaftServerImpl.submitClientRequestAsync(RaftServerImpl.java:569) ~[ratis-server-0.5.0-201fc85-SNAPSHOT.jar:0.5.0-201fc85-SNAPSHOT]
	at org.apache.ratis.server.impl.RaftServerProxy.lambda$submitClientRequestAsync$7(RaftServerProxy.java:333) ~[ratis-server-0.5.0-201fc85-SNAPSHOT.jar:0.5.0-201fc85-SNAPSHOT]
	at org.apache.ratis.server.impl.RaftServerProxy.lambda$null$5(RaftServerProxy.java:328) ~[ratis-server-0.5.0-201fc85-SNAPSHOT.jar:0.5.0-201fc85-SNAPSHOT]
	at org.apache.ratis.util.JavaUtils.callAsUnchecked(JavaUtils.java:109) ~[ratis-common-0.5.0-201fc85-SNAPSHOT.jar:0.5.0-201fc85-SNAPSHOT]
	at org.apache.ratis.server.impl.RaftServerProxy.lambda$submitRequest$6(RaftServerProxy.java:328) ~[ratis-server-0.5.0-201fc85-SNAPSHOT.jar:0.5.0-201fc85-SNAPSHOT]
	at java.util.concurrent.CompletableFuture.uniComposeStage(CompletableFuture.java:981) ~[?:1.8.0_212]
	at java.util.concurrent.CompletableFuture.thenCompose(CompletableFuture.java:2124) ~[?:1.8.0_212]
	at org.apache.ratis.server.impl.RaftServerProxy.submitRequest(RaftServerProxy.java:327) ~[ratis-server-0.5.0-201fc85-SNAPSHOT.jar:0.5.0-201fc85-SNAPSHOT]
	at org.apache.ratis.server.impl.RaftServerProxy.submitClientRequestAsync(RaftServerProxy.java:333) ~[ratis-server-0.5.0-201fc85-SNAPSHOT.jar:0.5.0-201fc85-SNAPSHOT]
	at org.apache.ratis.grpc.client.GrpcClientProtocolService$RequestStreamObserver.processClientRequest(GrpcClientProtocolService.java:220) ~[ratis-grpc-0.5.0-201fc85-SNAPSHOT.jar:0.5.0-201fc85-SNAPSHOT]
	at org.apache.ratis.grpc.client.GrpcClientProtocolService$OrderedRequestStreamObserver.processClientRequest(GrpcClientProtocolService.java:326) ~[ratis-grpc-0.5.0-201fc85-SNAPSHOT.jar:0.5.0-201fc85-SNAPSHOT]
	at org.apache.ratis.util.SlidingWindow$Server.processRequestsFromHead(SlidingWindow.java:429) [ratis-common-0.5.0-201fc85-SNAPSHOT.jar:0.5.0-201fc85-SNAPSHOT]
	at org.apache.ratis.util.SlidingWindow$Server.receivedRequest(SlidingWindow.java:421) [ratis-common-0.5.0-201fc85-SNAPSHOT.jar:0.5.0-201fc85-SNAPSHOT]
	at org.apache.ratis.grpc.client.GrpcClientProtocolService$OrderedRequestStreamObserver.processClientRequest(GrpcClientProtocolService.java:345) [ratis-grpc-0.5.0-201fc85-SNAPSHOT.jar:0.5.0-201fc85-SNAPSHOT]
	at org.apache.ratis.grpc.client.GrpcClientProtocolService$RequestStreamObserver.onNext(GrpcClientProtocolService.java:240) [ratis-grpc-0.5.0-201fc85-SNAPSHOT.jar:0.5.0-201fc85-SNAPSHOT]
	at org.apache.ratis.grpc.client.GrpcClientProtocolService$RequestStreamObserver.onNext(GrpcClientProtocolService.java:168) [ratis-grpc-0.5.0-201fc85-SNAPSHOT.jar:0.5.0-201fc85-SNAPSHOT]
	at org.apache.ratis.thirdparty.io.grpc.stub.ServerCalls$StreamingServerCallHandler$StreamingServerCallListener.onMessage(ServerCalls.java:248) [ratis-thirdparty-misc-0.2.0.jar:0.2.0]
	at org.apache.ratis.thirdparty.io.grpc.internal.ServerCallImpl$ServerStreamListenerImpl.messagesAvailable(ServerCallImpl.java:263) [ratis-thirdparty-misc-0.2.0.jar:0.2.0]
	at org.apache.ratis.thirdparty.io.grpc.internal.ServerImpl$JumpToApplicationThreadServerStreamListener$1MessagesAvailable.runInContext(ServerImpl.java:686) [ratis-thirdparty-misc-0.2.0.jar:0.2.0]
	at org.apache.ratis.thirdparty.io.grpc.internal.ContextRunnable.run(ContextRunnable.java:37) [ratis-thirdparty-misc-0.2.0.jar:0.2.0]
	at org.apache.ratis.thirdparty.io.grpc.internal.SerializingExecutor.run(SerializingExecutor.java:123) [ratis-thirdparty-misc-0.2.0.jar:0.2.0]
	at java.util.concurrent.ThreadPoolExecutor.runWorker(ThreadPoolExecutor.java:1149) [?:1.8.0_212]
	at java.util.concurrent.ThreadPoolExecutor$Worker.run(ThreadPoolExecutor.java:624) [?:1.8.0_212]
	at java.lang.Thread.run(Thread.java:748) [?:1.8.0_212]
12:16:06.642 [grpc-default-executor-4] ERROR DNAudit - user=null | ip=null | op=PUT_BLOCK {blockData=[blockId=conID: 1 locID: 102921046917644301 bcsId: 0,size=650]} | ret=FAILURE
org.apache.hadoop.hdds.scm.container.common.helpers.ContainerNotOpenException: Container 1 in CLOSING state
	at org.apache.hadoop.ozone.container.common.impl.HddsDispatcher.validateContainerCommand(HddsDispatcher.java:434) ~[hadoop-hdds-container-service-0.5.0-SNAPSHOT.jar:?]
	at org.apache.hadoop.ozone.container.common.transport.server.ratis.ContainerStateMachine.startTransaction(ContainerStateMachine.java:320) ~[hadoop-hdds-container-service-0.5.0-SNAPSHOT.jar:?]
	at org.apache.ratis.server.impl.RaftServerImpl.submitClientRequestAsync(RaftServerImpl.java:569) ~[ratis-server-0.5.0-201fc85-SNAPSHOT.jar:0.5.0-201fc85-SNAPSHOT]
	at org.apache.ratis.server.impl.RaftServerProxy.lambda$submitClientRequestAsync$7(RaftServerProxy.java:333) ~[ratis-server-0.5.0-201fc85-SNAPSHOT.jar:0.5.0-201fc85-SNAPSHOT]
	at org.apache.ratis.server.impl.RaftServerProxy.lambda$null$5(RaftServerProxy.java:328) ~[ratis-server-0.5.0-201fc85-SNAPSHOT.jar:0.5.0-201fc85-SNAPSHOT]
	at org.apache.ratis.util.JavaUtils.callAsUnchecked(JavaUtils.java:109) ~[ratis-common-0.5.0-201fc85-SNAPSHOT.jar:0.5.0-201fc85-SNAPSHOT]
	at org.apache.ratis.server.impl.RaftServerProxy.lambda$submitRequest$6(RaftServerProxy.java:328) ~[ratis-server-0.5.0-201fc85-SNAPSHOT.jar:0.5.0-201fc85-SNAPSHOT]
	at java.util.concurrent.CompletableFuture.uniComposeStage(CompletableFuture.java:981) ~[?:1.8.0_212]
	at java.util.concurrent.CompletableFuture.thenCompose(CompletableFuture.java:2124) ~[?:1.8.0_212]
	at org.apache.ratis.server.impl.RaftServerProxy.submitRequest(RaftServerProxy.java:327) ~[ratis-server-0.5.0-201fc85-SNAPSHOT.jar:0.5.0-201fc85-SNAPSHOT]
	at org.apache.ratis.server.impl.RaftServerProxy.submitClientRequestAsync(RaftServerProxy.java:333) ~[ratis-server-0.5.0-201fc85-SNAPSHOT.jar:0.5.0-201fc85-SNAPSHOT]
	at org.apache.ratis.grpc.client.GrpcClientProtocolService$RequestStreamObserver.processClientRequest(GrpcClientProtocolService.java:220) ~[ratis-grpc-0.5.0-201fc85-SNAPSHOT.jar:0.5.0-201fc85-SNAPSHOT]
	at org.apache.ratis.grpc.client.GrpcClientProtocolService$OrderedRequestStreamObserver.processClientRequest(GrpcClientProtocolService.java:326) ~[ratis-grpc-0.5.0-201fc85-SNAPSHOT.jar:0.5.0-201fc85-SNAPSHOT]
	at org.apache.ratis.util.SlidingWindow$Server.processRequestsFromHead(SlidingWindow.java:429) [ratis-common-0.5.0-201fc85-SNAPSHOT.jar:0.5.0-201fc85-SNAPSHOT]
	at org.apache.ratis.util.SlidingWindow$Server.receivedRequest(SlidingWindow.java:421) [ratis-common-0.5.0-201fc85-SNAPSHOT.jar:0.5.0-201fc85-SNAPSHOT]
	at org.apache.ratis.grpc.client.GrpcClientProtocolService$OrderedRequestStreamObserver.processClientRequest(GrpcClientProtocolService.java:345) [ratis-grpc-0.5.0-201fc85-SNAPSHOT.jar:0.5.0-201fc85-SNAPSHOT]
	at org.apache.ratis.grpc.client.GrpcClientProtocolService$RequestStreamObserver.onNext(GrpcClientProtocolService.java:240) [ratis-grpc-0.5.0-201fc85-SNAPSHOT.jar:0.5.0-201fc85-SNAPSHOT]
	at org.apache.ratis.grpc.client.GrpcClientProtocolService$RequestStreamObserver.onNext(GrpcClientProtocolService.java:168) [ratis-grpc-0.5.0-201fc85-SNAPSHOT.jar:0.5.0-201fc85-SNAPSHOT]
	at org.apache.ratis.thirdparty.io.grpc.stub.ServerCalls$StreamingServerCallHandler$StreamingServerCallListener.onMessage(ServerCalls.java:248) [ratis-thirdparty-misc-0.2.0.jar:0.2.0]
	at org.apache.ratis.thirdparty.io.grpc.internal.ServerCallImpl$ServerStreamListenerImpl.messagesAvailable(ServerCallImpl.java:263) [ratis-thirdparty-misc-0.2.0.jar:0.2.0]
	at org.apache.ratis.thirdparty.io.grpc.internal.ServerImpl$JumpToApplicationThreadServerStreamListener$1MessagesAvailable.runInContext(ServerImpl.java:686) [ratis-thirdparty-misc-0.2.0.jar:0.2.0]
	at org.apache.ratis.thirdparty.io.grpc.internal.ContextRunnable.run(ContextRunnable.java:37) [ratis-thirdparty-misc-0.2.0.jar:0.2.0]
	at org.apache.ratis.thirdparty.io.grpc.internal.SerializingExecutor.run(SerializingExecutor.java:123) [ratis-thirdparty-misc-0.2.0.jar:0.2.0]
	at java.util.concurrent.ThreadPoolExecutor.runWorker(ThreadPoolExecutor.java:1149) [?:1.8.0_212]
	at java.util.concurrent.ThreadPoolExecutor$Worker.run(ThreadPoolExecutor.java:624) [?:1.8.0_212]
	at java.lang.Thread.run(Thread.java:748) [?:1.8.0_212]
12:16:06.659 [grpc-default-executor-4] ERROR DNAudit - user=null | ip=null | op=WRITE_CHUNK {blockData=conID: 1 locID: 102921046917644301 bcsId: 14} | ret=FAILURE
org.apache.hadoop.hdds.scm.container.common.helpers.ContainerNotOpenException: Container 1 in CLOSING state
	at org.apache.hadoop.ozone.container.common.impl.HddsDispatcher.validateContainerCommand(HddsDispatcher.java:434) ~[hadoop-hdds-container-service-0.5.0-SNAPSHOT.jar:?]
	at org.apache.hadoop.ozone.container.common.transport.server.ratis.ContainerStateMachine.startTransaction(ContainerStateMachine.java:320) ~[hadoop-hdds-container-service-0.5.0-SNAPSHOT.jar:?]
	at org.apache.ratis.server.impl.RaftServerImpl.submitClientRequestAsync(RaftServerImpl.java:569) ~[ratis-server-0.5.0-201fc85-SNAPSHOT.jar:0.5.0-201fc85-SNAPSHOT]
	at org.apache.ratis.server.impl.RaftServerProxy.lambda$submitClientRequestAsync$7(RaftServerProxy.java:333) ~[ratis-server-0.5.0-201fc85-SNAPSHOT.jar:0.5.0-201fc85-SNAPSHOT]
	at org.apache.ratis.server.impl.RaftServerProxy.lambda$null$5(RaftServerProxy.java:328) ~[ratis-server-0.5.0-201fc85-SNAPSHOT.jar:0.5.0-201fc85-SNAPSHOT]
	at org.apache.ratis.util.JavaUtils.callAsUnchecked(JavaUtils.java:109) ~[ratis-common-0.5.0-201fc85-SNAPSHOT.jar:0.5.0-201fc85-SNAPSHOT]
	at org.apache.ratis.server.impl.RaftServerProxy.lambda$submitRequest$6(RaftServerProxy.java:328) ~[ratis-server-0.5.0-201fc85-SNAPSHOT.jar:0.5.0-201fc85-SNAPSHOT]
	at java.util.concurrent.CompletableFuture.uniComposeStage(CompletableFuture.java:981) ~[?:1.8.0_212]
	at java.util.concurrent.CompletableFuture.thenCompose(CompletableFuture.java:2124) ~[?:1.8.0_212]
	at org.apache.ratis.server.impl.RaftServerProxy.submitRequest(RaftServerProxy.java:327) ~[ratis-server-0.5.0-201fc85-SNAPSHOT.jar:0.5.0-201fc85-SNAPSHOT]
	at org.apache.ratis.server.impl.RaftServerProxy.submitClientRequestAsync(RaftServerProxy.java:333) ~[ratis-server-0.5.0-201fc85-SNAPSHOT.jar:0.5.0-201fc85-SNAPSHOT]
	at org.apache.ratis.grpc.client.GrpcClientProtocolService$RequestStreamObserver.processClientRequest(GrpcClientProtocolService.java:220) ~[ratis-grpc-0.5.0-201fc85-SNAPSHOT.jar:0.5.0-201fc85-SNAPSHOT]
	at org.apache.ratis.grpc.client.GrpcClientProtocolService$OrderedRequestStreamObserver.processClientRequest(GrpcClientProtocolService.java:326) ~[ratis-grpc-0.5.0-201fc85-SNAPSHOT.jar:0.5.0-201fc85-SNAPSHOT]
	at org.apache.ratis.util.SlidingWindow$Server.processRequestsFromHead(SlidingWindow.java:429) [ratis-common-0.5.0-201fc85-SNAPSHOT.jar:0.5.0-201fc85-SNAPSHOT]
	at org.apache.ratis.util.SlidingWindow$Server.receivedRequest(SlidingWindow.java:421) [ratis-common-0.5.0-201fc85-SNAPSHOT.jar:0.5.0-201fc85-SNAPSHOT]
	at org.apache.ratis.grpc.client.GrpcClientProtocolService$OrderedRequestStreamObserver.processClientRequest(GrpcClientProtocolService.java:345) [ratis-grpc-0.5.0-201fc85-SNAPSHOT.jar:0.5.0-201fc85-SNAPSHOT]
	at org.apache.ratis.grpc.client.GrpcClientProtocolService$RequestStreamObserver.onNext(GrpcClientProtocolService.java:240) [ratis-grpc-0.5.0-201fc85-SNAPSHOT.jar:0.5.0-201fc85-SNAPSHOT]
	at org.apache.ratis.grpc.client.GrpcClientProtocolService$RequestStreamObserver.onNext(GrpcClientProtocolService.java:168) [ratis-grpc-0.5.0-201fc85-SNAPSHOT.jar:0.5.0-201fc85-SNAPSHOT]
	at org.apache.ratis.thirdparty.io.grpc.stub.ServerCalls$StreamingServerCallHandler$StreamingServerCallListener.onMessage(ServerCalls.java:248) [ratis-thirdparty-misc-0.2.0.jar:0.2.0]
	at org.apache.ratis.thirdparty.io.grpc.internal.ServerCallImpl$ServerStreamListenerImpl.messagesAvailable(ServerCallImpl.java:263) [ratis-thirdparty-misc-0.2.0.jar:0.2.0]
	at org.apache.ratis.thirdparty.io.grpc.internal.ServerImpl$JumpToApplicationThreadServerStreamListener$1MessagesAvailable.runInContext(ServerImpl.java:686) [ratis-thirdparty-misc-0.2.0.jar:0.2.0]
	at org.apache.ratis.thirdparty.io.grpc.internal.ContextRunnable.run(ContextRunnable.java:37) [ratis-thirdparty-misc-0.2.0.jar:0.2.0]
	at org.apache.ratis.thirdparty.io.grpc.internal.SerializingExecutor.run(SerializingExecutor.java:123) [ratis-thirdparty-misc-0.2.0.jar:0.2.0]
	at java.util.concurrent.ThreadPoolExecutor.runWorker(ThreadPoolExecutor.java:1149) [?:1.8.0_212]
	at java.util.concurrent.ThreadPoolExecutor$Worker.run(ThreadPoolExecutor.java:624) [?:1.8.0_212]
	at java.lang.Thread.run(Thread.java:748) [?:1.8.0_212]
12:16:06.666 [grpc-default-executor-4] ERROR DNAudit - user=null | ip=null | op=WRITE_CHUNK {blockData=conID: 1 locID: 102921046917644301 bcsId: 14} | ret=FAILURE
org.apache.hadoop.hdds.scm.container.common.helpers.ContainerNotOpenException: Container 1 in CLOSING state
	at org.apache.hadoop.ozone.container.common.impl.HddsDispatcher.validateContainerCommand(HddsDispatcher.java:434) ~[hadoop-hdds-container-service-0.5.0-SNAPSHOT.jar:?]
	at org.apache.hadoop.ozone.container.common.transport.server.ratis.ContainerStateMachine.startTransaction(ContainerStateMachine.java:320) ~[hadoop-hdds-container-service-0.5.0-SNAPSHOT.jar:?]
	at org.apache.ratis.server.impl.RaftServerImpl.submitClientRequestAsync(RaftServerImpl.java:569) ~[ratis-server-0.5.0-201fc85-SNAPSHOT.jar:0.5.0-201fc85-SNAPSHOT]
	at org.apache.ratis.server.impl.RaftServerProxy.lambda$submitClientRequestAsync$7(RaftServerProxy.java:333) ~[ratis-server-0.5.0-201fc85-SNAPSHOT.jar:0.5.0-201fc85-SNAPSHOT]
	at org.apache.ratis.server.impl.RaftServerProxy.lambda$null$5(RaftServerProxy.java:328) ~[ratis-server-0.5.0-201fc85-SNAPSHOT.jar:0.5.0-201fc85-SNAPSHOT]
	at org.apache.ratis.util.JavaUtils.callAsUnchecked(JavaUtils.java:109) ~[ratis-common-0.5.0-201fc85-SNAPSHOT.jar:0.5.0-201fc85-SNAPSHOT]
	at org.apache.ratis.server.impl.RaftServerProxy.lambda$submitRequest$6(RaftServerProxy.java:328) ~[ratis-server-0.5.0-201fc85-SNAPSHOT.jar:0.5.0-201fc85-SNAPSHOT]
	at java.util.concurrent.CompletableFuture.uniComposeStage(CompletableFuture.java:981) ~[?:1.8.0_212]
	at java.util.concurrent.CompletableFuture.thenCompose(CompletableFuture.java:2124) ~[?:1.8.0_212]
	at org.apache.ratis.server.impl.RaftServerProxy.submitRequest(RaftServerProxy.java:327) ~[ratis-server-0.5.0-201fc85-SNAPSHOT.jar:0.5.0-201fc85-SNAPSHOT]
	at org.apache.ratis.server.impl.RaftServerProxy.submitClientRequestAsync(RaftServerProxy.java:333) ~[ratis-server-0.5.0-201fc85-SNAPSHOT.jar:0.5.0-201fc85-SNAPSHOT]
	at org.apache.ratis.grpc.client.GrpcClientProtocolService$RequestStreamObserver.processClientRequest(GrpcClientProtocolService.java:220) ~[ratis-grpc-0.5.0-201fc85-SNAPSHOT.jar:0.5.0-201fc85-SNAPSHOT]
	at org.apache.ratis.grpc.client.GrpcClientProtocolService$OrderedRequestStreamObserver.processClientRequest(GrpcClientProtocolService.java:326) ~[ratis-grpc-0.5.0-201fc85-SNAPSHOT.jar:0.5.0-201fc85-SNAPSHOT]
	at org.apache.ratis.util.SlidingWindow$Server.processRequestsFromHead(SlidingWindow.java:429) [ratis-common-0.5.0-201fc85-SNAPSHOT.jar:0.5.0-201fc85-SNAPSHOT]
	at org.apache.ratis.util.SlidingWindow$Server.receivedRequest(SlidingWindow.java:421) [ratis-common-0.5.0-201fc85-SNAPSHOT.jar:0.5.0-201fc85-SNAPSHOT]
	at org.apache.ratis.grpc.client.GrpcClientProtocolService$OrderedRequestStreamObserver.processClientRequest(GrpcClientProtocolService.java:345) [ratis-grpc-0.5.0-201fc85-SNAPSHOT.jar:0.5.0-201fc85-SNAPSHOT]
	at org.apache.ratis.grpc.client.GrpcClientProtocolService$RequestStreamObserver.onNext(GrpcClientProtocolService.java:240) [ratis-grpc-0.5.0-201fc85-SNAPSHOT.jar:0.5.0-201fc85-SNAPSHOT]
	at org.apache.ratis.grpc.client.GrpcClientProtocolService$RequestStreamObserver.onNext(GrpcClientProtocolService.java:168) [ratis-grpc-0.5.0-201fc85-SNAPSHOT.jar:0.5.0-201fc85-SNAPSHOT]
	at org.apache.ratis.thirdparty.io.grpc.stub.ServerCalls$StreamingServerCallHandler$StreamingServerCallListener.onMessage(ServerCalls.java:248) [ratis-thirdparty-misc-0.2.0.jar:0.2.0]
	at org.apache.ratis.thirdparty.io.grpc.internal.ServerCallImpl$ServerStreamListenerImpl.messagesAvailable(ServerCallImpl.java:263) [ratis-thirdparty-misc-0.2.0.jar:0.2.0]
	at org.apache.ratis.thirdparty.io.grpc.internal.ServerImpl$JumpToApplicationThreadServerStreamListener$1MessagesAvailable.runInContext(ServerImpl.java:686) [ratis-thirdparty-misc-0.2.0.jar:0.2.0]
	at org.apache.ratis.thirdparty.io.grpc.internal.ContextRunnable.run(ContextRunnable.java:37) [ratis-thirdparty-misc-0.2.0.jar:0.2.0]
	at org.apache.ratis.thirdparty.io.grpc.internal.SerializingExecutor.run(SerializingExecutor.java:123) [ratis-thirdparty-misc-0.2.0.jar:0.2.0]
	at java.util.concurrent.ThreadPoolExecutor.runWorker(ThreadPoolExecutor.java:1149) [?:1.8.0_212]
	at java.util.concurrent.ThreadPoolExecutor$Worker.run(ThreadPoolExecutor.java:624) [?:1.8.0_212]
	at java.lang.Thread.run(Thread.java:748) [?:1.8.0_212]
12:16:06.672 [grpc-default-executor-4] ERROR DNAudit - user=null | ip=null | op=PUT_BLOCK {blockData=[blockId=conID: 1 locID: 102921046917644301 bcsId: 0,size=800]} | ret=FAILURE
org.apache.hadoop.hdds.scm.container.common.helpers.ContainerNotOpenException: Container 1 in CLOSING state
	at org.apache.hadoop.ozone.container.common.impl.HddsDispatcher.validateContainerCommand(HddsDispatcher.java:434) ~[hadoop-hdds-container-service-0.5.0-SNAPSHOT.jar:?]
	at org.apache.hadoop.ozone.container.common.transport.server.ratis.ContainerStateMachine.startTransaction(ContainerStateMachine.java:320) ~[hadoop-hdds-container-service-0.5.0-SNAPSHOT.jar:?]
	at org.apache.ratis.server.impl.RaftServerImpl.submitClientRequestAsync(RaftServerImpl.java:569) ~[ratis-server-0.5.0-201fc85-SNAPSHOT.jar:0.5.0-201fc85-SNAPSHOT]
	at org.apache.ratis.server.impl.RaftServerProxy.lambda$submitClientRequestAsync$7(RaftServerProxy.java:333) ~[ratis-server-0.5.0-201fc85-SNAPSHOT.jar:0.5.0-201fc85-SNAPSHOT]
	at org.apache.ratis.server.impl.RaftServerProxy.lambda$null$5(RaftServerProxy.java:328) ~[ratis-server-0.5.0-201fc85-SNAPSHOT.jar:0.5.0-201fc85-SNAPSHOT]
	at org.apache.ratis.util.JavaUtils.callAsUnchecked(JavaUtils.java:109) ~[ratis-common-0.5.0-201fc85-SNAPSHOT.jar:0.5.0-201fc85-SNAPSHOT]
	at org.apache.ratis.server.impl.RaftServerProxy.lambda$submitRequest$6(RaftServerProxy.java:328) ~[ratis-server-0.5.0-201fc85-SNAPSHOT.jar:0.5.0-201fc85-SNAPSHOT]
	at java.util.concurrent.CompletableFuture.uniComposeStage(CompletableFuture.java:981) ~[?:1.8.0_212]
	at java.util.concurrent.CompletableFuture.thenCompose(CompletableFuture.java:2124) ~[?:1.8.0_212]
	at org.apache.ratis.server.impl.RaftServerProxy.submitRequest(RaftServerProxy.java:327) ~[ratis-server-0.5.0-201fc85-SNAPSHOT.jar:0.5.0-201fc85-SNAPSHOT]
	at org.apache.ratis.server.impl.RaftServerProxy.submitClientRequestAsync(RaftServerProxy.java:333) ~[ratis-server-0.5.0-201fc85-SNAPSHOT.jar:0.5.0-201fc85-SNAPSHOT]
	at org.apache.ratis.grpc.client.GrpcClientProtocolService$RequestStreamObserver.processClientRequest(GrpcClientProtocolService.java:220) ~[ratis-grpc-0.5.0-201fc85-SNAPSHOT.jar:0.5.0-201fc85-SNAPSHOT]
	at org.apache.ratis.grpc.client.GrpcClientProtocolService$OrderedRequestStreamObserver.processClientRequest(GrpcClientProtocolService.java:326) ~[ratis-grpc-0.5.0-201fc85-SNAPSHOT.jar:0.5.0-201fc85-SNAPSHOT]
	at org.apache.ratis.util.SlidingWindow$Server.processRequestsFromHead(SlidingWindow.java:429) [ratis-common-0.5.0-201fc85-SNAPSHOT.jar:0.5.0-201fc85-SNAPSHOT]
	at org.apache.ratis.util.SlidingWindow$Server.receivedRequest(SlidingWindow.java:421) [ratis-common-0.5.0-201fc85-SNAPSHOT.jar:0.5.0-201fc85-SNAPSHOT]
	at org.apache.ratis.grpc.client.GrpcClientProtocolService$OrderedRequestStreamObserver.processClientRequest(GrpcClientProtocolService.java:345) [ratis-grpc-0.5.0-201fc85-SNAPSHOT.jar:0.5.0-201fc85-SNAPSHOT]
	at org.apache.ratis.grpc.client.GrpcClientProtocolService$RequestStreamObserver.onNext(GrpcClientProtocolService.java:240) [ratis-grpc-0.5.0-201fc85-SNAPSHOT.jar:0.5.0-201fc85-SNAPSHOT]
	at org.apache.ratis.grpc.client.GrpcClientProtocolService$RequestStreamObserver.onNext(GrpcClientProtocolService.java:168) [ratis-grpc-0.5.0-201fc85-SNAPSHOT.jar:0.5.0-201fc85-SNAPSHOT]
	at org.apache.ratis.thirdparty.io.grpc.stub.ServerCalls$StreamingServerCallHandler$StreamingServerCallListener.onMessage(ServerCalls.java:248) [ratis-thirdparty-misc-0.2.0.jar:0.2.0]
	at org.apache.ratis.thirdparty.io.grpc.internal.ServerCallImpl$ServerStreamListenerImpl.messagesAvailable(ServerCallImpl.java:263) [ratis-thirdparty-misc-0.2.0.jar:0.2.0]
	at org.apache.ratis.thirdparty.io.grpc.internal.ServerImpl$JumpToApplicationThreadServerStreamListener$1MessagesAvailable.runInContext(ServerImpl.java:686) [ratis-thirdparty-misc-0.2.0.jar:0.2.0]
	at org.apache.ratis.thirdparty.io.grpc.internal.ContextRunnable.run(ContextRunnable.java:37) [ratis-thirdparty-misc-0.2.0.jar:0.2.0]
	at org.apache.ratis.thirdparty.io.grpc.internal.SerializingExecutor.run(SerializingExecutor.java:123) [ratis-thirdparty-misc-0.2.0.jar:0.2.0]
	at java.util.concurrent.ThreadPoolExecutor.runWorker(ThreadPoolExecutor.java:1149) [?:1.8.0_212]
	at java.util.concurrent.ThreadPoolExecutor$Worker.run(ThreadPoolExecutor.java:624) [?:1.8.0_212]
	at java.lang.Thread.run(Thread.java:748) [?:1.8.0_212]
2019-10-07 12:16:06,986 [main] INFO  ozone.MiniOzoneClusterImpl (MiniOzoneClusterImpl.java:shutdown(314)) - Shutting down the Mini Ozone Cluster
2019-10-07 12:16:06,987 [main] INFO  ozone.MiniOzoneClusterImpl (MiniOzoneClusterImpl.java:stop(330)) - Stopping the Mini Ozone Cluster
2019-10-07 12:16:06,987 [main] INFO  ozone.MiniOzoneClusterImpl (MiniOzoneClusterImpl.java:stopOM(400)) - Stopping the OzoneManager
2019-10-07 12:16:06,987 [main] INFO  ipc.Server (Server.java:stop(3082)) - Stopping server on 36121
2019-10-07 12:16:07,006 [IPC Server listener on 36121] INFO  ipc.Server (Server.java:run(1185)) - Stopping IPC Server listener on 36121
2019-10-07 12:16:07,006 [main] INFO  ratis.OzoneManagerDoubleBuffer (OzoneManagerDoubleBuffer.java:stop(248)) - Stopping OMDoubleBuffer flush thread
2019-10-07 12:16:07,012 [IPC Server Responder] INFO  ipc.Server (Server.java:run(1319)) - Stopping IPC Server Responder
2019-10-07 12:16:07,013 [OMDoubleBufferFlushThread] INFO  ratis.OzoneManagerDoubleBuffer (OzoneManagerDoubleBuffer.java:flushTransactions(191)) - OMDoubleBuffer flush thread OMDoubleBufferFlushThread is interrupted and will exit. OMDoubleBufferFlushThread
2019-10-07 12:16:07,013 [main] INFO  utils.BackgroundService (BackgroundService.java:shutdown(148)) - Shutting down service KeyDeletingService
2019-10-07 12:16:07,015 [main] INFO  handler.ContextHandler (ContextHandler.java:doStop(910)) - Stopped o.e.j.w.WebAppContext@2f0ccb34{/,null,UNAVAILABLE}{/ozoneManager}
2019-10-07 12:16:07,015 [main] INFO  server.AbstractConnector (AbstractConnector.java:doStop(318)) - Stopped ServerConnector@194012a2{HTTP/1.1,[http/1.1]}{0.0.0.0:0}
2019-10-07 12:16:07,016 [main] INFO  handler.ContextHandler (ContextHandler.java:doStop(910)) - Stopped o.e.j.s.ServletContextHandler@2cccf134{/static,file:///workdir/hadoop-ozone/integration-test/target/test-classes/webapps/static,UNAVAILABLE}
2019-10-07 12:16:07,016 [main] INFO  handler.ContextHandler (ContextHandler.java:doStop(910)) - Stopped o.e.j.s.ServletContextHandler@29bbc63c{/logs,file:///workdir/hadoop-ozone/integration-test/target/log,UNAVAILABLE}
2019-10-07 12:16:07,018 [main] INFO  ozone.MiniOzoneClusterImpl (MiniOzoneClusterImpl.java:stopDatanodes(377)) - Stopping the HddsDatanodes
2019-10-07 12:16:07,261 [grpc-default-executor-8] WARN  server.GrpcLogAppender (LogUtils.java:warn(134)) - 941e1436-7c11-4b15-ad79-e99f171cbd5c@group-F51F9C0F9659->d9b951ce-41d1-4813-8e81-a5aad6d5b66d-AppendLogResponseHandler: Failed appendEntries: org.apache.ratis.thirdparty.io.grpc.StatusRuntimeException: UNAVAILABLE: io exception
2019-10-07 12:16:07,261 [grpc-default-executor-8] INFO  impl.FollowerInfo (FollowerInfo.java:lambda$new$0(51)) - 941e1436-7c11-4b15-ad79-e99f171cbd5c@group-F51F9C0F9659->d9b951ce-41d1-4813-8e81-a5aad6d5b66d: nextIndex: updateUnconditionally 1 -> 0
2019-10-07 12:16:07,800 [Datanode State Machine Thread - 0] INFO  statemachine.DatanodeStateMachine (DatanodeStateMachine.java:lambda$startDaemon$0(350)) - Ozone container server started.
2019-10-07 12:16:07,854 [Datanode State Machine Thread - 0] INFO  statemachine.DatanodeStateMachine (DatanodeStateMachine.java:lambda$startDaemon$0(350)) - Ozone container server started.
2019-10-07 12:16:09,763 [grpc-default-executor-7] WARN  server.GrpcLogAppender (LogUtils.java:warn(134)) - 941e1436-7c11-4b15-ad79-e99f171cbd5c@group-F51F9C0F9659->d9b951ce-41d1-4813-8e81-a5aad6d5b66d-AppendLogResponseHandler: Failed appendEntries: org.apache.ratis.thirdparty.io.grpc.StatusRuntimeException: UNAVAILABLE: io exception
2019-10-07 12:16:09,764 [grpc-default-executor-7] INFO  impl.FollowerInfo (FollowerInfo.java:lambda$new$0(51)) - 941e1436-7c11-4b15-ad79-e99f171cbd5c@group-F51F9C0F9659->d9b951ce-41d1-4813-8e81-a5aad6d5b66d: nextIndex: updateUnconditionally 0 -> 0
2019-10-07 12:16:11,885 [EventQueue-StaleNodeForStaleNodeHandler] INFO  node.StaleNodeHandler (StaleNodeHandler.java:onMessage(58)) - Datanode f9d625e3-2cd2-46f5-b342-93a9a992df18{ip: 192.168.30.26, host: pr-hdds-2071-fmvlq-2762171947, networkLocation: /default-rack, certSerialId: null} moved to stale state. Finalizing its pipelines [PipelineID=cc384214-069e-4230-8927-2ce5768eebad, PipelineID=e526709a-4eba-4d55-a3a3-348426693c73]
2019-10-07 12:16:11,886 [EventQueue-StaleNodeForStaleNodeHandler] INFO  pipeline.SCMPipelineManager (SCMPipelineManager.java:finalizeAndDestroyPipeline(315)) - destroying pipeline:Pipeline[ Id: cc384214-069e-4230-8927-2ce5768eebad, Nodes: f9d625e3-2cd2-46f5-b342-93a9a992df18{ip: 192.168.30.26, host: pr-hdds-2071-fmvlq-2762171947, networkLocation: /default-rack, certSerialId: null}f6db1340-cb79-4a19-bf21-eecb20c18a74{ip: 192.168.30.26, host: pr-hdds-2071-fmvlq-2762171947, networkLocation: /default-rack, certSerialId: null}cd504680-7405-4413-b4e4-6e6532fec091{ip: 192.168.30.26, host: pr-hdds-2071-fmvlq-2762171947, networkLocation: /default-rack, certSerialId: null}, Type:RATIS, Factor:THREE, State:OPEN]
2019-10-07 12:16:11,886 [EventQueue-StaleNodeForStaleNodeHandler] INFO  pipeline.PipelineStateManager (PipelineStateManager.java:finalizePipeline(123)) - Pipeline Pipeline[ Id: cc384214-069e-4230-8927-2ce5768eebad, Nodes: f9d625e3-2cd2-46f5-b342-93a9a992df18{ip: 192.168.30.26, host: pr-hdds-2071-fmvlq-2762171947, networkLocation: /default-rack, certSerialId: null}f6db1340-cb79-4a19-bf21-eecb20c18a74{ip: 192.168.30.26, host: pr-hdds-2071-fmvlq-2762171947, networkLocation: /default-rack, certSerialId: null}cd504680-7405-4413-b4e4-6e6532fec091{ip: 192.168.30.26, host: pr-hdds-2071-fmvlq-2762171947, networkLocation: /default-rack, certSerialId: null}, Type:RATIS, Factor:THREE, State:CLOSED] moved to CLOSED state
2019-10-07 12:16:11,886 [EventQueue-StaleNodeForStaleNodeHandler] INFO  pipeline.SCMPipelineManager (SCMPipelineManager.java:finalizeAndDestroyPipeline(315)) - destroying pipeline:Pipeline[ Id: e526709a-4eba-4d55-a3a3-348426693c73, Nodes: f9d625e3-2cd2-46f5-b342-93a9a992df18{ip: 192.168.30.26, host: pr-hdds-2071-fmvlq-2762171947, networkLocation: /default-rack, certSerialId: null}, Type:RATIS, Factor:ONE, State:OPEN]
2019-10-07 12:16:11,886 [EventQueue-CloseContainerForCloseContainerEventHandler] INFO  container.CloseContainerEventHandler (CloseContainerEventHandler.java:onMessage(61)) - Close container Event triggered for container : #2
2019-10-07 12:16:11,889 [EventQueue-StaleNodeForStaleNodeHandler] INFO  pipeline.PipelineStateManager (PipelineStateManager.java:finalizePipeline(123)) - Pipeline Pipeline[ Id: e526709a-4eba-4d55-a3a3-348426693c73, Nodes: f9d625e3-2cd2-46f5-b342-93a9a992df18{ip: 192.168.30.26, host: pr-hdds-2071-fmvlq-2762171947, networkLocation: /default-rack, certSerialId: null}, Type:RATIS, Factor:ONE, State:CLOSED] moved to CLOSED state
2019-10-07 12:16:11,889 [EventQueue-StaleNodeForStaleNodeHandler] INFO  node.StaleNodeHandler (StaleNodeHandler.java:onMessage(58)) - Datanode a9d0680e-0879-49e8-b72a-c4fc94b3b8b7{ip: 192.168.30.26, host: pr-hdds-2071-fmvlq-2762171947, networkLocation: /default-rack, certSerialId: null} moved to stale state. Finalizing its pipelines [PipelineID=865c7211-00a8-46b0-8d20-f205011ac0d5]
2019-10-07 12:16:11,889 [EventQueue-StaleNodeForStaleNodeHandler] INFO  pipeline.SCMPipelineManager (SCMPipelineManager.java:finalizeAndDestroyPipeline(315)) - destroying pipeline:Pipeline[ Id: 865c7211-00a8-46b0-8d20-f205011ac0d5, Nodes: a9d0680e-0879-49e8-b72a-c4fc94b3b8b7{ip: 192.168.30.26, host: pr-hdds-2071-fmvlq-2762171947, networkLocation: /default-rack, certSerialId: null}, Type:RATIS, Factor:ONE, State:OPEN]
2019-10-07 12:16:11,889 [EventQueue-StaleNodeForStaleNodeHandler] INFO  pipeline.PipelineStateManager (PipelineStateManager.java:finalizePipeline(123)) - Pipeline Pipeline[ Id: 865c7211-00a8-46b0-8d20-f205011ac0d5, Nodes: a9d0680e-0879-49e8-b72a-c4fc94b3b8b7{ip: 192.168.30.26, host: pr-hdds-2071-fmvlq-2762171947, networkLocation: /default-rack, certSerialId: null}, Type:RATIS, Factor:ONE, State:CLOSED] moved to CLOSED state
2019-10-07 12:16:12,019 [main] INFO  ozoneimpl.OzoneContainer (OzoneContainer.java:stop(231)) - Attempting to stop container services.
2019-10-07 12:16:12,019 [ForkJoinPool.commonPool-worker-1] INFO  ozoneimpl.OzoneContainer (OzoneContainer.java:stop(231)) - Attempting to stop container services.
2019-10-07 12:16:12,020 [main] INFO  impl.RaftServerProxy (RaftServerProxy.java:lambda$close$4(314)) - a9d0680e-0879-49e8-b72a-c4fc94b3b8b7: close
2019-10-07 12:16:12,021 [ForkJoinPool.commonPool-worker-1] INFO  impl.RaftServerProxy (RaftServerProxy.java:lambda$close$4(314)) - f9d625e3-2cd2-46f5-b342-93a9a992df18: close
2019-10-07 12:16:12,021 [main] INFO  impl.RaftServerImpl (RaftServerImpl.java:lambda$shutdown$3(247)) - a9d0680e-0879-49e8-b72a-c4fc94b3b8b7@group-F205011AC0D5: shutdown
2019-10-07 12:16:12,021 [ForkJoinPool.commonPool-worker-1] INFO  impl.RaftServerImpl (RaftServerImpl.java:lambda$shutdown$3(247)) - f9d625e3-2cd2-46f5-b342-93a9a992df18@group-2CE5768EEBAD: shutdown
2019-10-07 12:16:12,021 [main] INFO  util.JmxRegister (JmxRegister.java:unregister(73)) - Successfully un-registered JMX Bean with object name Ratis:service=RaftServer,group=group-F205011AC0D5,id=a9d0680e-0879-49e8-b72a-c4fc94b3b8b7
2019-10-07 12:16:12,022 [ForkJoinPool.commonPool-worker-1] INFO  util.JmxRegister (JmxRegister.java:unregister(73)) - Successfully un-registered JMX Bean with object name Ratis:service=RaftServer,group=group-2CE5768EEBAD,id=f9d625e3-2cd2-46f5-b342-93a9a992df18
2019-10-07 12:16:12,022 [main] INFO  impl.RoleInfo (RoleInfo.java:shutdownLeaderState(104)) - a9d0680e-0879-49e8-b72a-c4fc94b3b8b7: shutdown LeaderState
2019-10-07 12:16:12,022 [ForkJoinPool.commonPool-worker-1] INFO  impl.RoleInfo (RoleInfo.java:shutdownLeaderState(104)) - f9d625e3-2cd2-46f5-b342-93a9a992df18: shutdown LeaderState
2019-10-07 12:16:12,022 [main] INFO  impl.PendingRequests (PendingRequests.java:sendNotLeaderResponses(202)) - a9d0680e-0879-49e8-b72a-c4fc94b3b8b7@group-F205011AC0D5-PendingRequests: sendNotLeaderResponses
2019-10-07 12:16:12,025 [org.apache.ratis.server.impl.LogAppender$AppenderDaemon$$Lambda$529/890638816@6669b37d] WARN  server.GrpcLogAppender (GrpcLogAppender.java:mayWait(143)) - f9d625e3-2cd2-46f5-b342-93a9a992df18@group-2CE5768EEBAD->f6db1340-cb79-4a19-bf21-eecb20c18a74-GrpcLogAppender: Wait interrupted by java.lang.InterruptedException
2019-10-07 12:16:12,027 [ForkJoinPool.commonPool-worker-1] INFO  impl.PendingRequests (PendingRequests.java:sendNotLeaderResponses(202)) - f9d625e3-2cd2-46f5-b342-93a9a992df18@group-2CE5768EEBAD-PendingRequests: sendNotLeaderResponses
2019-10-07 12:16:12,027 [org.apache.ratis.server.impl.LogAppender$AppenderDaemon$$Lambda$529/890638816@55594ed6] WARN  server.GrpcLogAppender (GrpcLogAppender.java:mayWait(143)) - f9d625e3-2cd2-46f5-b342-93a9a992df18@group-2CE5768EEBAD->cd504680-7405-4413-b4e4-6e6532fec091-GrpcLogAppender: Wait interrupted by java.lang.InterruptedException
2019-10-07 12:16:12,027 [main] INFO  impl.StateMachineUpdater (StateMachineUpdater.java:stopAndJoin(136)) - a9d0680e-0879-49e8-b72a-c4fc94b3b8b7@group-F205011AC0D5-StateMachineUpdater: set stopIndex = 0
2019-10-07 12:16:12,032 [f9d625e3-2cd2-46f5-b342-93a9a992df18@group-2CE5768EEBAD-StateMachineUpdater] INFO  ratis.ContainerStateMachine (ContainerStateMachine.java:takeSnapshot(294)) - group-2CE5768EEBAD: Taking a snapshot at:(t:1, i:14) file /workdir/hadoop-ozone/integration-test/target/test-dir/MiniOzoneClusterImpl-7d7c158f-473a-4dac-99b6-81fe19448475/datanode-1/data/ratis/cc384214-069e-4230-8927-2ce5768eebad/sm/snapshot.1_14
2019-10-07 12:16:12,032 [grpc-default-executor-8] INFO  server.GrpcServerProtocolService (GrpcServerProtocolService.java:onCompleted(113)) - cd504680-7405-4413-b4e4-6e6532fec091: Completed APPEND_ENTRIES, lastRequest: f9d625e3-2cd2-46f5-b342-93a9a992df18->cd504680-7405-4413-b4e4-6e6532fec091#26-t1, previous=(t:1, i:16), leaderCommit=16, initializing? false, entries: <empty>
2019-10-07 12:16:12,031 [grpc-default-executor-7] INFO  server.GrpcServerProtocolService (GrpcServerProtocolService.java:onCompleted(113)) - f6db1340-cb79-4a19-bf21-eecb20c18a74: Completed APPEND_ENTRIES, lastRequest: f9d625e3-2cd2-46f5-b342-93a9a992df18->f6db1340-cb79-4a19-bf21-eecb20c18a74#26-t1, previous=(t:1, i:16), leaderCommit=16, initializing? false, entries: <empty>
2019-10-07 12:16:12,031 [ForkJoinPool.commonPool-worker-1] INFO  impl.StateMachineUpdater (StateMachineUpdater.java:stopAndJoin(136)) - f9d625e3-2cd2-46f5-b342-93a9a992df18@group-2CE5768EEBAD-StateMachineUpdater: set stopIndex = 16
2019-10-07 12:16:12,032 [grpc-default-executor-7] INFO  server.GrpcLogAppender (GrpcLogAppender.java:onCompleted(293)) - f9d625e3-2cd2-46f5-b342-93a9a992df18@group-2CE5768EEBAD->f6db1340-cb79-4a19-bf21-eecb20c18a74-AppendLogResponseHandler: follower responses appendEntries COMPLETED
2019-10-07 12:16:12,032 [grpc-default-executor-8] INFO  server.GrpcLogAppender (GrpcLogAppender.java:onCompleted(293)) - f9d625e3-2cd2-46f5-b342-93a9a992df18@group-2CE5768EEBAD->cd504680-7405-4413-b4e4-6e6532fec091-AppendLogResponseHandler: follower responses appendEntries COMPLETED
2019-10-07 12:16:12,032 [main] INFO  impl.RaftServerImpl (ServerState.java:close(387)) - a9d0680e-0879-49e8-b72a-c4fc94b3b8b7@group-F205011AC0D5: closes. applyIndex: 0
2019-10-07 12:16:12,033 [grpc-default-executor-7] INFO  impl.FollowerInfo (FollowerInfo.java:lambda$new$0(51)) - f9d625e3-2cd2-46f5-b342-93a9a992df18@group-2CE5768EEBAD->f6db1340-cb79-4a19-bf21-eecb20c18a74: nextIndex: updateUnconditionally 17 -> 16
2019-10-07 12:16:12,034 [a9d0680e-0879-49e8-b72a-c4fc94b3b8b7@group-F205011AC0D5-SegmentedRaftLogWorker] INFO  segmented.SegmentedRaftLogWorker (SegmentedRaftLogWorker.java:run(316)) - a9d0680e-0879-49e8-b72a-c4fc94b3b8b7@group-F205011AC0D5-SegmentedRaftLogWorker was interrupted, exiting. There are 0 tasks remaining in the queue.
2019-10-07 12:16:12,034 [grpc-default-executor-8] INFO  impl.FollowerInfo (FollowerInfo.java:lambda$new$0(51)) - f9d625e3-2cd2-46f5-b342-93a9a992df18@group-2CE5768EEBAD->cd504680-7405-4413-b4e4-6e6532fec091: nextIndex: updateUnconditionally 17 -> 16
2019-10-07 12:16:12,036 [main] INFO  segmented.SegmentedRaftLogWorker (SegmentedRaftLogWorker.java:close(224)) - a9d0680e-0879-49e8-b72a-c4fc94b3b8b7@group-F205011AC0D5-SegmentedRaftLogWorker close()
2019-10-07 12:16:12,041 [main] INFO  server.GrpcService (GrpcService.java:closeImpl(164)) - a9d0680e-0879-49e8-b72a-c4fc94b3b8b7: shutdown server with port 38098 now
2019-10-07 12:16:12,043 [main] INFO  server.GrpcService (GrpcService.java:closeImpl(172)) - a9d0680e-0879-49e8-b72a-c4fc94b3b8b7: shutdown server with port 38098 successfully
2019-10-07 12:16:12,045 [f9d625e3-2cd2-46f5-b342-93a9a992df18@group-2CE5768EEBAD-StateMachineUpdater] INFO  ratis.ContainerStateMachine (ContainerStateMachine.java:takeSnapshot(305)) - group-2CE5768EEBAD: Finished taking a snapshot at:(t:1, i:14) file:/workdir/hadoop-ozone/integration-test/target/test-dir/MiniOzoneClusterImpl-7d7c158f-473a-4dac-99b6-81fe19448475/datanode-1/data/ratis/cc384214-069e-4230-8927-2ce5768eebad/sm/snapshot.1_14 time:13
2019-10-07 12:16:12,048 [f9d625e3-2cd2-46f5-b342-93a9a992df18@group-2CE5768EEBAD-StateMachineUpdater] INFO  impl.StateMachineUpdater (StateMachineUpdater.java:takeSnapshot(269)) - f9d625e3-2cd2-46f5-b342-93a9a992df18@group-2CE5768EEBAD-StateMachineUpdater: Took a snapshot at index 14
2019-10-07 12:16:12,048 [f9d625e3-2cd2-46f5-b342-93a9a992df18@group-2CE5768EEBAD-StateMachineUpdater] INFO  impl.StateMachineUpdater (StateMachineUpdater.java:lambda$new$0(84)) - f9d625e3-2cd2-46f5-b342-93a9a992df18@group-2CE5768EEBAD-StateMachineUpdater: snapshotIndex: updateIncreasingly -1 -> 14
2019-10-07 12:16:12,048 [refreshUsed-/workdir/hadoop-ozone/integration-test/target/test-dir/MiniOzoneClusterImpl-7d7c158f-473a-4dac-99b6-81fe19448475/datanode-4/data/containers] WARN  fs.CachingGetSpaceUsed (CachingGetSpaceUsed.java:run(183)) - Thread Interrupted waiting to refresh disk information: sleep interrupted
2019-10-07 12:16:12,048 [f9d625e3-2cd2-46f5-b342-93a9a992df18@group-2CE5768EEBAD-StateMachineUpdater] INFO  ratis.ContainerStateMachine (ContainerStateMachine.java:takeSnapshot(294)) - group-2CE5768EEBAD: Taking a snapshot at:(t:1, i:14) file /workdir/hadoop-ozone/integration-test/target/test-dir/MiniOzoneClusterImpl-7d7c158f-473a-4dac-99b6-81fe19448475/datanode-1/data/ratis/cc384214-069e-4230-8927-2ce5768eebad/sm/snapshot.1_14
2019-10-07 12:16:12,063 [main] INFO  utils.BackgroundService (BackgroundService.java:shutdown(148)) - Shutting down service BlockDeletingService
2019-10-07 12:16:12,069 [main] INFO  statemachine.DatanodeStateMachine (DatanodeStateMachine.java:stopDaemon(395)) - Ozone container server stopped.
2019-10-07 12:16:12,069 [f9d625e3-2cd2-46f5-b342-93a9a992df18@group-2CE5768EEBAD-StateMachineUpdater] INFO  ratis.ContainerStateMachine (ContainerStateMachine.java:takeSnapshot(305)) - group-2CE5768EEBAD: Finished taking a snapshot at:(t:1, i:14) file:/workdir/hadoop-ozone/integration-test/target/test-dir/MiniOzoneClusterImpl-7d7c158f-473a-4dac-99b6-81fe19448475/datanode-1/data/ratis/cc384214-069e-4230-8927-2ce5768eebad/sm/snapshot.1_14 time:21
2019-10-07 12:16:12,069 [f9d625e3-2cd2-46f5-b342-93a9a992df18@group-2CE5768EEBAD-StateMachineUpdater] INFO  impl.StateMachineUpdater (StateMachineUpdater.java:takeSnapshot(269)) - f9d625e3-2cd2-46f5-b342-93a9a992df18@group-2CE5768EEBAD-StateMachineUpdater: Took a snapshot at index 14
2019-10-07 12:16:12,069 [f9d625e3-2cd2-46f5-b342-93a9a992df18@group-2CE5768EEBAD-StateMachineUpdater] INFO  impl.StateMachineUpdater (StateMachineUpdater.java:lambda$new$0(84)) - f9d625e3-2cd2-46f5-b342-93a9a992df18@group-2CE5768EEBAD-StateMachineUpdater: snapshotIndex: updateIncreasingly 14 -> 14
2019-10-07 12:16:12,070 [ForkJoinPool.commonPool-worker-1] INFO  impl.RaftServerImpl (ServerState.java:close(387)) - f9d625e3-2cd2-46f5-b342-93a9a992df18@group-2CE5768EEBAD: closes. applyIndex: 16
2019-10-07 12:16:12,070 [main] INFO  handler.ContextHandler (ContextHandler.java:doStop(910)) - Stopped o.e.j.w.WebAppContext@23121d14{/,null,UNAVAILABLE}{/hddsDatanode}
2019-10-07 12:16:12,070 [f9d625e3-2cd2-46f5-b342-93a9a992df18@group-2CE5768EEBAD-SegmentedRaftLogWorker] INFO  segmented.SegmentedRaftLogWorker (SegmentedRaftLogWorker.java:run(316)) - f9d625e3-2cd2-46f5-b342-93a9a992df18@group-2CE5768EEBAD-SegmentedRaftLogWorker was interrupted, exiting. There are 0 tasks remaining in the queue.
2019-10-07 12:16:12,072 [ForkJoinPool.commonPool-worker-1] INFO  segmented.SegmentedRaftLogWorker (SegmentedRaftLogWorker.java:close(224)) - f9d625e3-2cd2-46f5-b342-93a9a992df18@group-2CE5768EEBAD-SegmentedRaftLogWorker close()
2019-10-07 12:16:12,075 [ForkJoinPool.commonPool-worker-1] INFO  impl.RaftServerImpl (RaftServerImpl.java:lambda$shutdown$3(247)) - f9d625e3-2cd2-46f5-b342-93a9a992df18@group-348426693C73: shutdown
2019-10-07 12:16:12,075 [ForkJoinPool.commonPool-worker-1] INFO  util.JmxRegister (JmxRegister.java:unregister(73)) - Successfully un-registered JMX Bean with object name Ratis:service=RaftServer,group=group-348426693C73,id=f9d625e3-2cd2-46f5-b342-93a9a992df18
2019-10-07 12:16:12,075 [main] INFO  server.AbstractConnector (AbstractConnector.java:doStop(318)) - Stopped ServerConnector@72af90e8{HTTP/1.1,[http/1.1]}{0.0.0.0:0}
2019-10-07 12:16:12,075 [ForkJoinPool.commonPool-worker-1] INFO  impl.RoleInfo (RoleInfo.java:shutdownLeaderState(104)) - f9d625e3-2cd2-46f5-b342-93a9a992df18: shutdown LeaderState
2019-10-07 12:16:12,076 [main] INFO  handler.ContextHandler (ContextHandler.java:doStop(910)) - Stopped o.e.j.s.ServletContextHandler@71c0b742{/static,jar:file:/home/user/.m2/repository/org/apache/hadoop/hadoop-hdds-container-service/0.5.0-SNAPSHOT/hadoop-hdds-container-service-0.5.0-SNAPSHOT.jar!/webapps/static,UNAVAILABLE}
2019-10-07 12:16:12,076 [ForkJoinPool.commonPool-worker-1] INFO  impl.PendingRequests (PendingRequests.java:sendNotLeaderResponses(202)) - f9d625e3-2cd2-46f5-b342-93a9a992df18@group-348426693C73-PendingRequests: sendNotLeaderResponses
2019-10-07 12:16:12,076 [main] INFO  handler.ContextHandler (ContextHandler.java:doStop(910)) - Stopped o.e.j.s.ServletContextHandler@2abc55c4{/logs,file:///workdir/hadoop-ozone/integration-test/target/log,UNAVAILABLE}
2019-10-07 12:16:12,076 [ForkJoinPool.commonPool-worker-1] INFO  impl.StateMachineUpdater (StateMachineUpdater.java:stopAndJoin(136)) - f9d625e3-2cd2-46f5-b342-93a9a992df18@group-348426693C73-StateMachineUpdater: set stopIndex = 0
2019-10-07 12:16:12,077 [ForkJoinPool.commonPool-worker-1] INFO  impl.RaftServerImpl (ServerState.java:close(387)) - f9d625e3-2cd2-46f5-b342-93a9a992df18@group-348426693C73: closes. applyIndex: 0
2019-10-07 12:16:12,077 [f9d625e3-2cd2-46f5-b342-93a9a992df18@group-348426693C73-SegmentedRaftLogWorker] INFO  segmented.SegmentedRaftLogWorker (SegmentedRaftLogWorker.java:run(316)) - f9d625e3-2cd2-46f5-b342-93a9a992df18@group-348426693C73-SegmentedRaftLogWorker was interrupted, exiting. There are 0 tasks remaining in the queue.
2019-10-07 12:16:12,079 [ForkJoinPool.commonPool-worker-1] INFO  segmented.SegmentedRaftLogWorker (SegmentedRaftLogWorker.java:close(224)) - f9d625e3-2cd2-46f5-b342-93a9a992df18@group-348426693C73-SegmentedRaftLogWorker close()
2019-10-07 12:16:12,082 [ForkJoinPool.commonPool-worker-1] INFO  server.GrpcService (GrpcService.java:closeImpl(164)) - f9d625e3-2cd2-46f5-b342-93a9a992df18: shutdown server with port 39283 now
2019-10-07 12:16:12,083 [grpc-default-executor-7] WARN  client.GrpcClientProtocolService (LogUtils.java:warn(134)) - 1-UnorderedRequestStreamObserver1: onError: org.apache.ratis.thirdparty.io.grpc.StatusRuntimeException: CANCELLED: cancelled before receiving half close
2019-10-07 12:16:12,083 [ForkJoinPool.commonPool-worker-1] INFO  server.GrpcService (GrpcService.java:closeImpl(172)) - f9d625e3-2cd2-46f5-b342-93a9a992df18: shutdown server with port 39283 successfully
2019-10-07 12:16:12,085 [refreshUsed-/workdir/hadoop-ozone/integration-test/target/test-dir/MiniOzoneClusterImpl-7d7c158f-473a-4dac-99b6-81fe19448475/datanode-1/data/containers] WARN  fs.CachingGetSpaceUsed (CachingGetSpaceUsed.java:run(183)) - Thread Interrupted waiting to refresh disk information: sleep interrupted
2019-10-07 12:16:12,097 [ForkJoinPool.commonPool-worker-1] INFO  utils.BackgroundService (BackgroundService.java:shutdown(148)) - Shutting down service BlockDeletingService
2019-10-07 12:16:12,101 [ForkJoinPool.commonPool-worker-1] INFO  statemachine.DatanodeStateMachine (DatanodeStateMachine.java:stopDaemon(395)) - Ozone container server stopped.
2019-10-07 12:16:12,106 [ForkJoinPool.commonPool-worker-1] INFO  handler.ContextHandler (ContextHandler.java:doStop(910)) - Stopped o.e.j.w.WebAppContext@6238d5e0{/,null,UNAVAILABLE}{/hddsDatanode}
2019-10-07 12:16:12,106 [ForkJoinPool.commonPool-worker-1] INFO  server.AbstractConnector (AbstractConnector.java:doStop(318)) - Stopped ServerConnector@336f49a1{HTTP/1.1,[http/1.1]}{0.0.0.0:0}
2019-10-07 12:16:12,108 [ForkJoinPool.commonPool-worker-1] INFO  handler.ContextHandler (ContextHandler.java:doStop(910)) - Stopped o.e.j.s.ServletContextHandler@2c9fdb64{/static,jar:file:/home/user/.m2/repository/org/apache/hadoop/hadoop-hdds-container-service/0.5.0-SNAPSHOT/hadoop-hdds-container-service-0.5.0-SNAPSHOT.jar!/webapps/static,UNAVAILABLE}
2019-10-07 12:16:12,109 [ForkJoinPool.commonPool-worker-1] INFO  handler.ContextHandler (ContextHandler.java:doStop(910)) - Stopped o.e.j.s.ServletContextHandler@624b3544{/logs,file:///workdir/hadoop-ozone/integration-test/target/log,UNAVAILABLE}
2019-10-07 12:16:12,231 [Datanode State Machine Thread - 0] INFO  statemachine.DatanodeStateMachine (DatanodeStateMachine.java:lambda$startDaemon$0(350)) - Ozone container server started.
2019-10-07 12:16:12,261 [grpc-default-executor-8] WARN  server.GrpcLogAppender (LogUtils.java:warn(134)) - 941e1436-7c11-4b15-ad79-e99f171cbd5c@group-F51F9C0F9659->d9b951ce-41d1-4813-8e81-a5aad6d5b66d-AppendLogResponseHandler: Failed appendEntries: org.apache.ratis.thirdparty.io.grpc.StatusRuntimeException: UNAVAILABLE: io exception
2019-10-07 12:16:12,261 [grpc-default-executor-8] INFO  impl.FollowerInfo (FollowerInfo.java:lambda$new$0(51)) - 941e1436-7c11-4b15-ad79-e99f171cbd5c@group-F51F9C0F9659->d9b951ce-41d1-4813-8e81-a5aad6d5b66d: nextIndex: updateUnconditionally 0 -> 0
2019-10-07 12:16:12,857 [Datanode State Machine Thread - 0] INFO  statemachine.DatanodeStateMachine (DatanodeStateMachine.java:lambda$startDaemon$0(350)) - Ozone container server started.
2019-10-07 12:16:14,763 [grpc-default-executor-8] WARN  server.GrpcLogAppender (LogUtils.java:warn(134)) - 941e1436-7c11-4b15-ad79-e99f171cbd5c@group-F51F9C0F9659->d9b951ce-41d1-4813-8e81-a5aad6d5b66d-AppendLogResponseHandler: Failed appendEntries: org.apache.ratis.thirdparty.io.grpc.StatusRuntimeException: UNAVAILABLE: io exception
2019-10-07 12:16:14,764 [grpc-default-executor-8] INFO  impl.FollowerInfo (FollowerInfo.java:lambda$new$0(51)) - 941e1436-7c11-4b15-ad79-e99f171cbd5c@group-F51F9C0F9659->d9b951ce-41d1-4813-8e81-a5aad6d5b66d: nextIndex: updateUnconditionally 0 -> 0
2019-10-07 12:16:16,293 [EventQueue-StaleNodeForStaleNodeHandler] INFO  node.StaleNodeHandler (StaleNodeHandler.java:onMessage(58)) - Datanode 1c1d0e0f-d37f-44d7-915f-5703c6413f3c{ip: 192.168.30.26, host: pr-hdds-2071-fmvlq-2762171947, networkLocation: /default-rack, certSerialId: null} moved to stale state. Finalizing its pipelines [PipelineID=c7cf582e-3c2d-481a-a237-7c3f5ef3c2df, PipelineID=75b35060-fa94-4fe5-b3c0-f51f9c0f9659]
2019-10-07 12:16:16,294 [EventQueue-StaleNodeForStaleNodeHandler] INFO  pipeline.SCMPipelineManager (SCMPipelineManager.java:finalizeAndDestroyPipeline(315)) - destroying pipeline:Pipeline[ Id: c7cf582e-3c2d-481a-a237-7c3f5ef3c2df, Nodes: 1c1d0e0f-d37f-44d7-915f-5703c6413f3c{ip: 192.168.30.26, host: pr-hdds-2071-fmvlq-2762171947, networkLocation: /default-rack, certSerialId: null}, Type:RATIS, Factor:ONE, State:OPEN]
2019-10-07 12:16:16,294 [EventQueue-StaleNodeForStaleNodeHandler] INFO  pipeline.PipelineStateManager (PipelineStateManager.java:finalizePipeline(123)) - Pipeline Pipeline[ Id: c7cf582e-3c2d-481a-a237-7c3f5ef3c2df, Nodes: 1c1d0e0f-d37f-44d7-915f-5703c6413f3c{ip: 192.168.30.26, host: pr-hdds-2071-fmvlq-2762171947, networkLocation: /default-rack, certSerialId: null}, Type:RATIS, Factor:ONE, State:CLOSED] moved to CLOSED state
2019-10-07 12:16:16,295 [EventQueue-StaleNodeForStaleNodeHandler] INFO  pipeline.SCMPipelineManager (SCMPipelineManager.java:finalizeAndDestroyPipeline(315)) - destroying pipeline:Pipeline[ Id: 75b35060-fa94-4fe5-b3c0-f51f9c0f9659, Nodes: d9b951ce-41d1-4813-8e81-a5aad6d5b66d{ip: 192.168.30.26, host: pr-hdds-2071-fmvlq-2762171947, networkLocation: /default-rack, certSerialId: null}941e1436-7c11-4b15-ad79-e99f171cbd5c{ip: 192.168.30.26, host: pr-hdds-2071-fmvlq-2762171947, networkLocation: /default-rack, certSerialId: null}1c1d0e0f-d37f-44d7-915f-5703c6413f3c{ip: 192.168.30.26, host: pr-hdds-2071-fmvlq-2762171947, networkLocation: /default-rack, certSerialId: null}, Type:RATIS, Factor:THREE, State:CLOSED]
2019-10-07 12:16:16,893 [EventQueue-StaleNodeForStaleNodeHandler] INFO  node.StaleNodeHandler (StaleNodeHandler.java:onMessage(58)) - Datanode cd504680-7405-4413-b4e4-6e6532fec091{ip: 192.168.30.26, host: pr-hdds-2071-fmvlq-2762171947, networkLocation: /default-rack, certSerialId: null} moved to stale state. Finalizing its pipelines [PipelineID=38005d66-c282-4c29-b964-2c5cd7beb7e9, PipelineID=cc384214-069e-4230-8927-2ce5768eebad]
2019-10-07 12:16:16,894 [EventQueue-StaleNodeForStaleNodeHandler] INFO  pipeline.SCMPipelineManager (SCMPipelineManager.java:finalizeAndDestroyPipeline(315)) - destroying pipeline:Pipeline[ Id: 38005d66-c282-4c29-b964-2c5cd7beb7e9, Nodes: cd504680-7405-4413-b4e4-6e6532fec091{ip: 192.168.30.26, host: pr-hdds-2071-fmvlq-2762171947, networkLocation: /default-rack, certSerialId: null}, Type:RATIS, Factor:ONE, State:OPEN]
2019-10-07 12:16:16,894 [EventQueue-StaleNodeForStaleNodeHandler] INFO  pipeline.PipelineStateManager (PipelineStateManager.java:finalizePipeline(123)) - Pipeline Pipeline[ Id: 38005d66-c282-4c29-b964-2c5cd7beb7e9, Nodes: cd504680-7405-4413-b4e4-6e6532fec091{ip: 192.168.30.26, host: pr-hdds-2071-fmvlq-2762171947, networkLocation: /default-rack, certSerialId: null}, Type:RATIS, Factor:ONE, State:CLOSED] moved to CLOSED state
2019-10-07 12:16:16,894 [EventQueue-StaleNodeForStaleNodeHandler] INFO  pipeline.SCMPipelineManager (SCMPipelineManager.java:finalizeAndDestroyPipeline(315)) - destroying pipeline:Pipeline[ Id: cc384214-069e-4230-8927-2ce5768eebad, Nodes: f9d625e3-2cd2-46f5-b342-93a9a992df18{ip: 192.168.30.26, host: pr-hdds-2071-fmvlq-2762171947, networkLocation: /default-rack, certSerialId: null}f6db1340-cb79-4a19-bf21-eecb20c18a74{ip: 192.168.30.26, host: pr-hdds-2071-fmvlq-2762171947, networkLocation: /default-rack, certSerialId: null}cd504680-7405-4413-b4e4-6e6532fec091{ip: 192.168.30.26, host: pr-hdds-2071-fmvlq-2762171947, networkLocation: /default-rack, certSerialId: null}, Type:RATIS, Factor:THREE, State:CLOSED]
2019-10-07 12:16:17,079 [main] INFO  ozoneimpl.OzoneContainer (OzoneContainer.java:stop(231)) - Attempting to stop container services.
2019-10-07 12:16:17,086 [main] INFO  impl.RaftServerProxy (RaftServerProxy.java:lambda$close$4(314)) - 1c1d0e0f-d37f-44d7-915f-5703c6413f3c: close
2019-10-07 12:16:17,087 [main] INFO  impl.RaftServerImpl (RaftServerImpl.java:lambda$shutdown$3(247)) - 1c1d0e0f-d37f-44d7-915f-5703c6413f3c@group-7C3F5EF3C2DF: shutdown
2019-10-07 12:16:17,087 [main] INFO  util.JmxRegister (JmxRegister.java:unregister(73)) - Successfully un-registered JMX Bean with object name Ratis:service=RaftServer,group=group-7C3F5EF3C2DF,id=1c1d0e0f-d37f-44d7-915f-5703c6413f3c
2019-10-07 12:16:17,088 [main] INFO  impl.RoleInfo (RoleInfo.java:shutdownLeaderState(104)) - 1c1d0e0f-d37f-44d7-915f-5703c6413f3c: shutdown LeaderState
2019-10-07 12:16:17,088 [main] INFO  impl.PendingRequests (PendingRequests.java:sendNotLeaderResponses(202)) - 1c1d0e0f-d37f-44d7-915f-5703c6413f3c@group-7C3F5EF3C2DF-PendingRequests: sendNotLeaderResponses
2019-10-07 12:16:17,089 [main] INFO  impl.StateMachineUpdater (StateMachineUpdater.java:stopAndJoin(136)) - 1c1d0e0f-d37f-44d7-915f-5703c6413f3c@group-7C3F5EF3C2DF-StateMachineUpdater: set stopIndex = 0
2019-10-07 12:16:17,090 [main] INFO  impl.RaftServerImpl (ServerState.java:close(387)) - 1c1d0e0f-d37f-44d7-915f-5703c6413f3c@group-7C3F5EF3C2DF: closes. applyIndex: 0
2019-10-07 12:16:17,090 [1c1d0e0f-d37f-44d7-915f-5703c6413f3c@group-7C3F5EF3C2DF-SegmentedRaftLogWorker] INFO  segmented.SegmentedRaftLogWorker (SegmentedRaftLogWorker.java:run(316)) - 1c1d0e0f-d37f-44d7-915f-5703c6413f3c@group-7C3F5EF3C2DF-SegmentedRaftLogWorker was interrupted, exiting. There are 0 tasks remaining in the queue.
2019-10-07 12:16:17,095 [main] INFO  segmented.SegmentedRaftLogWorker (SegmentedRaftLogWorker.java:close(224)) - 1c1d0e0f-d37f-44d7-915f-5703c6413f3c@group-7C3F5EF3C2DF-SegmentedRaftLogWorker close()
2019-10-07 12:16:17,099 [main] INFO  impl.RaftServerImpl (RaftServerImpl.java:lambda$shutdown$3(247)) - 1c1d0e0f-d37f-44d7-915f-5703c6413f3c@group-F51F9C0F9659: shutdown
2019-10-07 12:16:17,099 [main] INFO  util.JmxRegister (JmxRegister.java:unregister(73)) - Successfully un-registered JMX Bean with object name Ratis:service=RaftServer,group=group-F51F9C0F9659,id=1c1d0e0f-d37f-44d7-915f-5703c6413f3c
2019-10-07 12:16:17,099 [main] INFO  impl.RoleInfo (RoleInfo.java:shutdownFollowerState(121)) - 1c1d0e0f-d37f-44d7-915f-5703c6413f3c: shutdown FollowerState
2019-10-07 12:16:17,100 [main] INFO  impl.StateMachineUpdater (StateMachineUpdater.java:stopAndJoin(136)) - 1c1d0e0f-d37f-44d7-915f-5703c6413f3c@group-F51F9C0F9659-StateMachineUpdater: set stopIndex = 18
2019-10-07 12:16:17,100 [Thread-3244] INFO  impl.FollowerState (FollowerState.java:run(117)) - 1c1d0e0f-d37f-44d7-915f-5703c6413f3c@group-F51F9C0F9659-FollowerState was interrupted: java.lang.InterruptedException: sleep interrupted
2019-10-07 12:16:17,100 [1c1d0e0f-d37f-44d7-915f-5703c6413f3c@group-F51F9C0F9659-StateMachineUpdater] INFO  ratis.ContainerStateMachine (ContainerStateMachine.java:takeSnapshot(294)) - group-F51F9C0F9659: Taking a snapshot at:(t:1, i:14) file /workdir/hadoop-ozone/integration-test/target/test-dir/MiniOzoneClusterImpl-7d7c158f-473a-4dac-99b6-81fe19448475/datanode-6/data/ratis/75b35060-fa94-4fe5-b3c0-f51f9c0f9659/sm/snapshot.1_14
2019-10-07 12:16:17,111 [ForkJoinPool.commonPool-worker-1] INFO  ozoneimpl.OzoneContainer (OzoneContainer.java:stop(231)) - Attempting to stop container services.
2019-10-07 12:16:17,111 [ForkJoinPool.commonPool-worker-1] INFO  impl.RaftServerProxy (RaftServerProxy.java:lambda$close$4(314)) - cd504680-7405-4413-b4e4-6e6532fec091: close
2019-10-07 12:16:17,111 [ForkJoinPool.commonPool-worker-1] INFO  impl.RaftServerImpl (RaftServerImpl.java:lambda$shutdown$3(247)) - cd504680-7405-4413-b4e4-6e6532fec091@group-2C5CD7BEB7E9: shutdown
2019-10-07 12:16:17,111 [ForkJoinPool.commonPool-worker-1] INFO  util.JmxRegister (JmxRegister.java:unregister(73)) - Successfully un-registered JMX Bean with object name Ratis:service=RaftServer,group=group-2C5CD7BEB7E9,id=cd504680-7405-4413-b4e4-6e6532fec091
2019-10-07 12:16:17,111 [ForkJoinPool.commonPool-worker-1] INFO  impl.RoleInfo (RoleInfo.java:shutdownLeaderState(104)) - cd504680-7405-4413-b4e4-6e6532fec091: shutdown LeaderState
2019-10-07 12:16:17,111 [ForkJoinPool.commonPool-worker-1] INFO  impl.PendingRequests (PendingRequests.java:sendNotLeaderResponses(202)) - cd504680-7405-4413-b4e4-6e6532fec091@group-2C5CD7BEB7E9-PendingRequests: sendNotLeaderResponses
2019-10-07 12:16:17,112 [ForkJoinPool.commonPool-worker-1] INFO  impl.StateMachineUpdater (StateMachineUpdater.java:stopAndJoin(136)) - cd504680-7405-4413-b4e4-6e6532fec091@group-2C5CD7BEB7E9-StateMachineUpdater: set stopIndex = 0
2019-10-07 12:16:17,112 [ForkJoinPool.commonPool-worker-1] INFO  impl.RaftServerImpl (ServerState.java:close(387)) - cd504680-7405-4413-b4e4-6e6532fec091@group-2C5CD7BEB7E9: closes. applyIndex: 0
2019-10-07 12:16:17,112 [cd504680-7405-4413-b4e4-6e6532fec091@group-2C5CD7BEB7E9-SegmentedRaftLogWorker] INFO  segmented.SegmentedRaftLogWorker (SegmentedRaftLogWorker.java:run(316)) - cd504680-7405-4413-b4e4-6e6532fec091@group-2C5CD7BEB7E9-SegmentedRaftLogWorker was interrupted, exiting. There are 0 tasks remaining in the queue.
2019-10-07 12:16:17,125 [ForkJoinPool.commonPool-worker-1] INFO  segmented.SegmentedRaftLogWorker (SegmentedRaftLogWorker.java:close(224)) - cd504680-7405-4413-b4e4-6e6532fec091@group-2C5CD7BEB7E9-SegmentedRaftLogWorker close()
2019-10-07 12:16:17,129 [ForkJoinPool.commonPool-worker-1] INFO  impl.RaftServerImpl (RaftServerImpl.java:lambda$shutdown$3(247)) - cd504680-7405-4413-b4e4-6e6532fec091@group-2CE5768EEBAD: shutdown
2019-10-07 12:16:17,129 [ForkJoinPool.commonPool-worker-1] INFO  util.JmxRegister (JmxRegister.java:unregister(73)) - Successfully un-registered JMX Bean with object name Ratis:service=RaftServer,group=group-2CE5768EEBAD,id=cd504680-7405-4413-b4e4-6e6532fec091
2019-10-07 12:16:17,129 [ForkJoinPool.commonPool-worker-1] INFO  impl.RoleInfo (RoleInfo.java:shutdownFollowerState(121)) - cd504680-7405-4413-b4e4-6e6532fec091: shutdown FollowerState
2019-10-07 12:16:17,130 [ForkJoinPool.commonPool-worker-1] INFO  impl.StateMachineUpdater (StateMachineUpdater.java:stopAndJoin(136)) - cd504680-7405-4413-b4e4-6e6532fec091@group-2CE5768EEBAD-StateMachineUpdater: set stopIndex = 16
2019-10-07 12:16:17,130 [Thread-3113] INFO  impl.FollowerState (FollowerState.java:run(117)) - cd504680-7405-4413-b4e4-6e6532fec091@group-2CE5768EEBAD-FollowerState was interrupted: java.lang.InterruptedException: sleep interrupted
2019-10-07 12:16:17,130 [cd504680-7405-4413-b4e4-6e6532fec091@group-2CE5768EEBAD-StateMachineUpdater] INFO  ratis.ContainerStateMachine (ContainerStateMachine.java:takeSnapshot(294)) - group-2CE5768EEBAD: Taking a snapshot at:(t:1, i:14) file /workdir/hadoop-ozone/integration-test/target/test-dir/MiniOzoneClusterImpl-7d7c158f-473a-4dac-99b6-81fe19448475/datanode-2/data/ratis/cc384214-069e-4230-8927-2ce5768eebad/sm/snapshot.1_14
2019-10-07 12:16:17,137 [1c1d0e0f-d37f-44d7-915f-5703c6413f3c@group-F51F9C0F9659-StateMachineUpdater] INFO  ratis.ContainerStateMachine (ContainerStateMachine.java:takeSnapshot(305)) - group-F51F9C0F9659: Finished taking a snapshot at:(t:1, i:14) file:/workdir/hadoop-ozone/integration-test/target/test-dir/MiniOzoneClusterImpl-7d7c158f-473a-4dac-99b6-81fe19448475/datanode-6/data/ratis/75b35060-fa94-4fe5-b3c0-f51f9c0f9659/sm/snapshot.1_14 time:37
2019-10-07 12:16:17,137 [1c1d0e0f-d37f-44d7-915f-5703c6413f3c@group-F51F9C0F9659-StateMachineUpdater] INFO  impl.StateMachineUpdater (StateMachineUpdater.java:takeSnapshot(269)) - 1c1d0e0f-d37f-44d7-915f-5703c6413f3c@group-F51F9C0F9659-StateMachineUpdater: Took a snapshot at index 14
2019-10-07 12:16:17,138 [1c1d0e0f-d37f-44d7-915f-5703c6413f3c@group-F51F9C0F9659-StateMachineUpdater] INFO  impl.StateMachineUpdater (StateMachineUpdater.java:lambda$new$0(84)) - 1c1d0e0f-d37f-44d7-915f-5703c6413f3c@group-F51F9C0F9659-StateMachineUpdater: snapshotIndex: updateIncreasingly -1 -> 14
2019-10-07 12:16:17,138 [1c1d0e0f-d37f-44d7-915f-5703c6413f3c@group-F51F9C0F9659-StateMachineUpdater] INFO  ratis.ContainerStateMachine (ContainerStateMachine.java:takeSnapshot(294)) - group-F51F9C0F9659: Taking a snapshot at:(t:1, i:14) file /workdir/hadoop-ozone/integration-test/target/test-dir/MiniOzoneClusterImpl-7d7c158f-473a-4dac-99b6-81fe19448475/datanode-6/data/ratis/75b35060-fa94-4fe5-b3c0-f51f9c0f9659/sm/snapshot.1_14
2019-10-07 12:16:17,140 [cd504680-7405-4413-b4e4-6e6532fec091@group-2CE5768EEBAD-StateMachineUpdater] INFO  ratis.ContainerStateMachine (ContainerStateMachine.java:takeSnapshot(305)) - group-2CE5768EEBAD: Finished taking a snapshot at:(t:1, i:14) file:/workdir/hadoop-ozone/integration-test/target/test-dir/MiniOzoneClusterImpl-7d7c158f-473a-4dac-99b6-81fe19448475/datanode-2/data/ratis/cc384214-069e-4230-8927-2ce5768eebad/sm/snapshot.1_14 time:10
2019-10-07 12:16:17,140 [cd504680-7405-4413-b4e4-6e6532fec091@group-2CE5768EEBAD-StateMachineUpdater] INFO  impl.StateMachineUpdater (StateMachineUpdater.java:takeSnapshot(269)) - cd504680-7405-4413-b4e4-6e6532fec091@group-2CE5768EEBAD-StateMachineUpdater: Took a snapshot at index 14
2019-10-07 12:16:17,140 [cd504680-7405-4413-b4e4-6e6532fec091@group-2CE5768EEBAD-StateMachineUpdater] INFO  impl.StateMachineUpdater (StateMachineUpdater.java:lambda$new$0(84)) - cd504680-7405-4413-b4e4-6e6532fec091@group-2CE5768EEBAD-StateMachineUpdater: snapshotIndex: updateIncreasingly -1 -> 14
2019-10-07 12:16:17,140 [cd504680-7405-4413-b4e4-6e6532fec091@group-2CE5768EEBAD-StateMachineUpdater] INFO  ratis.ContainerStateMachine (ContainerStateMachine.java:takeSnapshot(294)) - group-2CE5768EEBAD: Taking a snapshot at:(t:1, i:14) file /workdir/hadoop-ozone/integration-test/target/test-dir/MiniOzoneClusterImpl-7d7c158f-473a-4dac-99b6-81fe19448475/datanode-2/data/ratis/cc384214-069e-4230-8927-2ce5768eebad/sm/snapshot.1_14
2019-10-07 12:16:17,142 [1c1d0e0f-d37f-44d7-915f-5703c6413f3c@group-F51F9C0F9659-StateMachineUpdater] INFO  ratis.ContainerStateMachine (ContainerStateMachine.java:takeSnapshot(305)) - group-F51F9C0F9659: Finished taking a snapshot at:(t:1, i:14) file:/workdir/hadoop-ozone/integration-test/target/test-dir/MiniOzoneClusterImpl-7d7c158f-473a-4dac-99b6-81fe19448475/datanode-6/data/ratis/75b35060-fa94-4fe5-b3c0-f51f9c0f9659/sm/snapshot.1_14 time:4
2019-10-07 12:16:17,142 [1c1d0e0f-d37f-44d7-915f-5703c6413f3c@group-F51F9C0F9659-StateMachineUpdater] INFO  impl.StateMachineUpdater (StateMachineUpdater.java:takeSnapshot(269)) - 1c1d0e0f-d37f-44d7-915f-5703c6413f3c@group-F51F9C0F9659-StateMachineUpdater: Took a snapshot at index 14
2019-10-07 12:16:17,142 [1c1d0e0f-d37f-44d7-915f-5703c6413f3c@group-F51F9C0F9659-StateMachineUpdater] INFO  impl.StateMachineUpdater (StateMachineUpdater.java:lambda$new$0(84)) - 1c1d0e0f-d37f-44d7-915f-5703c6413f3c@group-F51F9C0F9659-StateMachineUpdater: snapshotIndex: updateIncreasingly 14 -> 14
2019-10-07 12:16:17,142 [main] INFO  impl.RaftServerImpl (ServerState.java:close(387)) - 1c1d0e0f-d37f-44d7-915f-5703c6413f3c@group-F51F9C0F9659: closes. applyIndex: 18
2019-10-07 12:16:17,143 [1c1d0e0f-d37f-44d7-915f-5703c6413f3c@group-F51F9C0F9659-SegmentedRaftLogWorker] INFO  segmented.SegmentedRaftLogWorker (SegmentedRaftLogWorker.java:run(316)) - 1c1d0e0f-d37f-44d7-915f-5703c6413f3c@group-F51F9C0F9659-SegmentedRaftLogWorker was interrupted, exiting. There are 0 tasks remaining in the queue.
2019-10-07 12:16:17,145 [cd504680-7405-4413-b4e4-6e6532fec091@group-2CE5768EEBAD-StateMachineUpdater] INFO  ratis.ContainerStateMachine (ContainerStateMachine.java:takeSnapshot(305)) - group-2CE5768EEBAD: Finished taking a snapshot at:(t:1, i:14) file:/workdir/hadoop-ozone/integration-test/target/test-dir/MiniOzoneClusterImpl-7d7c158f-473a-4dac-99b6-81fe19448475/datanode-2/data/ratis/cc384214-069e-4230-8927-2ce5768eebad/sm/snapshot.1_14 time:5
2019-10-07 12:16:17,145 [main] INFO  segmented.SegmentedRaftLogWorker (SegmentedRaftLogWorker.java:close(224)) - 1c1d0e0f-d37f-44d7-915f-5703c6413f3c@group-F51F9C0F9659-SegmentedRaftLogWorker close()
2019-10-07 12:16:17,145 [cd504680-7405-4413-b4e4-6e6532fec091@group-2CE5768EEBAD-StateMachineUpdater] INFO  impl.StateMachineUpdater (StateMachineUpdater.java:takeSnapshot(269)) - cd504680-7405-4413-b4e4-6e6532fec091@group-2CE5768EEBAD-StateMachineUpdater: Took a snapshot at index 14
2019-10-07 12:16:17,150 [main] INFO  server.GrpcService (GrpcService.java:closeImpl(164)) - 1c1d0e0f-d37f-44d7-915f-5703c6413f3c: shutdown server with port 37322 now
2019-10-07 12:16:17,150 [cd504680-7405-4413-b4e4-6e6532fec091@group-2CE5768EEBAD-StateMachineUpdater] INFO  impl.StateMachineUpdater (StateMachineUpdater.java:lambda$new$0(84)) - cd504680-7405-4413-b4e4-6e6532fec091@group-2CE5768EEBAD-StateMachineUpdater: snapshotIndex: updateIncreasingly 14 -> 14
2019-10-07 12:16:17,150 [ForkJoinPool.commonPool-worker-1] INFO  impl.RaftServerImpl (ServerState.java:close(387)) - cd504680-7405-4413-b4e4-6e6532fec091@group-2CE5768EEBAD: closes. applyIndex: 16
2019-10-07 12:16:17,151 [cd504680-7405-4413-b4e4-6e6532fec091@group-2CE5768EEBAD-SegmentedRaftLogWorker] INFO  segmented.SegmentedRaftLogWorker (SegmentedRaftLogWorker.java:run(316)) - cd504680-7405-4413-b4e4-6e6532fec091@group-2CE5768EEBAD-SegmentedRaftLogWorker was interrupted, exiting. There are 0 tasks remaining in the queue.
2019-10-07 12:16:17,152 [ForkJoinPool.commonPool-worker-1] INFO  segmented.SegmentedRaftLogWorker (SegmentedRaftLogWorker.java:close(224)) - cd504680-7405-4413-b4e4-6e6532fec091@group-2CE5768EEBAD-SegmentedRaftLogWorker close()
2019-10-07 12:16:17,155 [ForkJoinPool.commonPool-worker-1] INFO  server.GrpcService (GrpcService.java:closeImpl(164)) - cd504680-7405-4413-b4e4-6e6532fec091: shutdown server with port 41677 now
2019-10-07 12:16:17,165 [ForkJoinPool.commonPool-worker-1] INFO  server.GrpcService (GrpcService.java:closeImpl(172)) - cd504680-7405-4413-b4e4-6e6532fec091: shutdown server with port 41677 successfully
2019-10-07 12:16:17,166 [main] INFO  server.GrpcService (GrpcService.java:closeImpl(172)) - 1c1d0e0f-d37f-44d7-915f-5703c6413f3c: shutdown server with port 37322 successfully
2019-10-07 12:16:17,166 [grpc-default-executor-6] WARN  server.GrpcServerProtocolService (LogUtils.java:warn(134)) - 1c1d0e0f-d37f-44d7-915f-5703c6413f3c: installSnapshot onError, lastRequest: 941e1436-7c11-4b15-ad79-e99f171cbd5c->1c1d0e0f-d37f-44d7-915f-5703c6413f3c#6-t2, previous=(t:2, i:18), leaderCommit=18, initializing? false, entries: <empty>: org.apache.ratis.thirdparty.io.grpc.StatusRuntimeException: CANCELLED: cancelled before receiving half close
2019-10-07 12:16:17,167 [grpc-default-executor-7] WARN  server.GrpcLogAppender (LogUtils.java:warn(134)) - 941e1436-7c11-4b15-ad79-e99f171cbd5c@group-F51F9C0F9659->1c1d0e0f-d37f-44d7-915f-5703c6413f3c-AppendLogResponseHandler: Failed appendEntries: org.apache.ratis.thirdparty.io.grpc.StatusRuntimeException: CANCELLED: HTTP/2 error code: CANCEL
Received Rst Stream
2019-10-07 12:16:17,169 [refreshUsed-/workdir/hadoop-ozone/integration-test/target/test-dir/MiniOzoneClusterImpl-7d7c158f-473a-4dac-99b6-81fe19448475/datanode-2/data/containers] WARN  fs.CachingGetSpaceUsed (CachingGetSpaceUsed.java:run(183)) - Thread Interrupted waiting to refresh disk information: sleep interrupted
2019-10-07 12:16:17,169 [refreshUsed-/workdir/hadoop-ozone/integration-test/target/test-dir/MiniOzoneClusterImpl-7d7c158f-473a-4dac-99b6-81fe19448475/datanode-6/data/containers] WARN  fs.CachingGetSpaceUsed (CachingGetSpaceUsed.java:run(183)) - Thread Interrupted waiting to refresh disk information: sleep interrupted
2019-10-07 12:16:17,169 [grpc-default-executor-7] INFO  impl.FollowerInfo (FollowerInfo.java:lambda$new$0(51)) - 941e1436-7c11-4b15-ad79-e99f171cbd5c@group-F51F9C0F9659->1c1d0e0f-d37f-44d7-915f-5703c6413f3c: nextIndex: updateUnconditionally 19 -> 18
2019-10-07 12:16:17,193 [main] INFO  utils.BackgroundService (BackgroundService.java:shutdown(148)) - Shutting down service BlockDeletingService
2019-10-07 12:16:17,199 [main] INFO  statemachine.DatanodeStateMachine (DatanodeStateMachine.java:stopDaemon(395)) - Ozone container server stopped.
2019-10-07 12:16:17,200 [ForkJoinPool.commonPool-worker-1] INFO  utils.BackgroundService (BackgroundService.java:shutdown(148)) - Shutting down service BlockDeletingService
2019-10-07 12:16:17,203 [ForkJoinPool.commonPool-worker-1] INFO  statemachine.DatanodeStateMachine (DatanodeStateMachine.java:stopDaemon(395)) - Ozone container server stopped.
2019-10-07 12:16:17,206 [main] INFO  handler.ContextHandler (ContextHandler.java:doStop(910)) - Stopped o.e.j.w.WebAppContext@25ad25f5{/,null,UNAVAILABLE}{/hddsDatanode}
2019-10-07 12:16:17,207 [ForkJoinPool.commonPool-worker-1] INFO  handler.ContextHandler (ContextHandler.java:doStop(910)) - Stopped o.e.j.w.WebAppContext@20cff21e{/,null,UNAVAILABLE}{/hddsDatanode}
2019-10-07 12:16:17,208 [ForkJoinPool.commonPool-worker-1] INFO  server.AbstractConnector (AbstractConnector.java:doStop(318)) - Stopped ServerConnector@463045fb{HTTP/1.1,[http/1.1]}{0.0.0.0:0}
2019-10-07 12:16:17,209 [main] INFO  server.AbstractConnector (AbstractConnector.java:doStop(318)) - Stopped ServerConnector@5f0f70c7{HTTP/1.1,[http/1.1]}{0.0.0.0:0}
2019-10-07 12:16:17,211 [ForkJoinPool.commonPool-worker-1] INFO  handler.ContextHandler (ContextHandler.java:doStop(910)) - Stopped o.e.j.s.ServletContextHandler@4b4969ea{/static,jar:file:/home/user/.m2/repository/org/apache/hadoop/hadoop-hdds-container-service/0.5.0-SNAPSHOT/hadoop-hdds-container-service-0.5.0-SNAPSHOT.jar!/webapps/static,UNAVAILABLE}
2019-10-07 12:16:17,211 [main] INFO  handler.ContextHandler (ContextHandler.java:doStop(910)) - Stopped o.e.j.s.ServletContextHandler@7708b66a{/static,jar:file:/home/user/.m2/repository/org/apache/hadoop/hadoop-hdds-container-service/0.5.0-SNAPSHOT/hadoop-hdds-container-service-0.5.0-SNAPSHOT.jar!/webapps/static,UNAVAILABLE}
2019-10-07 12:16:17,213 [ForkJoinPool.commonPool-worker-1] INFO  handler.ContextHandler (ContextHandler.java:doStop(910)) - Stopped o.e.j.s.ServletContextHandler@19a5b637{/logs,file:///workdir/hadoop-ozone/integration-test/target/log,UNAVAILABLE}
2019-10-07 12:16:17,213 [main] INFO  handler.ContextHandler (ContextHandler.java:doStop(910)) - Stopped o.e.j.s.ServletContextHandler@6ddc67d0{/logs,file:///workdir/hadoop-ozone/integration-test/target/log,UNAVAILABLE}
2019-10-07 12:16:17,234 [Datanode State Machine Thread - 0] INFO  statemachine.DatanodeStateMachine (DatanodeStateMachine.java:lambda$startDaemon$0(350)) - Ozone container server started.
2019-10-07 12:16:17,264 [grpc-default-executor-6] WARN  server.GrpcLogAppender (LogUtils.java:warn(134)) - 941e1436-7c11-4b15-ad79-e99f171cbd5c@group-F51F9C0F9659->d9b951ce-41d1-4813-8e81-a5aad6d5b66d-AppendLogResponseHandler: Failed appendEntries: org.apache.ratis.thirdparty.io.grpc.StatusRuntimeException: UNAVAILABLE: io exception
2019-10-07 12:16:17,264 [grpc-default-executor-6] INFO  impl.FollowerInfo (FollowerInfo.java:lambda$new$0(51)) - 941e1436-7c11-4b15-ad79-e99f171cbd5c@group-F51F9C0F9659->d9b951ce-41d1-4813-8e81-a5aad6d5b66d: nextIndex: updateUnconditionally 0 -> 0
2019-10-07 12:16:17,268 [grpc-default-executor-8] WARN  server.GrpcLogAppender (LogUtils.java:warn(134)) - 941e1436-7c11-4b15-ad79-e99f171cbd5c@group-F51F9C0F9659->1c1d0e0f-d37f-44d7-915f-5703c6413f3c-AppendLogResponseHandler: Failed appendEntries: org.apache.ratis.thirdparty.io.grpc.StatusRuntimeException: UNAVAILABLE: io exception
2019-10-07 12:16:17,268 [grpc-default-executor-8] INFO  impl.FollowerInfo (FollowerInfo.java:lambda$new$0(51)) - 941e1436-7c11-4b15-ad79-e99f171cbd5c@group-F51F9C0F9659->1c1d0e0f-d37f-44d7-915f-5703c6413f3c: nextIndex: updateUnconditionally 18 -> 17
2019-10-07 12:16:17,873 [Datanode State Machine Thread - 0] INFO  statemachine.DatanodeStateMachine (DatanodeStateMachine.java:lambda$startDaemon$0(350)) - Ozone container server started.
2019-10-07 12:16:19,230 [Thread-3112] INFO  impl.FollowerState (FollowerState.java:run(108)) - f6db1340-cb79-4a19-bf21-eecb20c18a74@group-2CE5768EEBAD-FollowerState: change to CANDIDATE, lastRpcTime:7241ms, electionTimeout:5142ms
2019-10-07 12:16:19,230 [Thread-3112] INFO  impl.RoleInfo (RoleInfo.java:shutdownFollowerState(121)) - f6db1340-cb79-4a19-bf21-eecb20c18a74: shutdown FollowerState
2019-10-07 12:16:19,230 [Thread-3112] INFO  impl.RaftServerImpl (RaftServerImpl.java:setRole(170)) - f6db1340-cb79-4a19-bf21-eecb20c18a74@group-2CE5768EEBAD: changes role from  FOLLOWER to CANDIDATE at term 1 for changeToCandidate
2019-10-07 12:16:19,230 [Thread-3112] INFO  impl.RoleInfo (RoleInfo.java:updateAndGet(143)) - f6db1340-cb79-4a19-bf21-eecb20c18a74: start LeaderElection
2019-10-07 12:16:19,233 [f6db1340-cb79-4a19-bf21-eecb20c18a74@group-2CE5768EEBAD-LeaderElection74] INFO  impl.RaftServerImpl (ServerState.java:setLeader(255)) - f6db1340-cb79-4a19-bf21-eecb20c18a74@group-2CE5768EEBAD: change Leader from f9d625e3-2cd2-46f5-b342-93a9a992df18 to null at term 1 for initElection
2019-10-07 12:16:19,248 [f6db1340-cb79-4a19-bf21-eecb20c18a74@group-2CE5768EEBAD-LeaderElection74] INFO  impl.LeaderElection (LeaderElection.java:askForVotes(178)) - f6db1340-cb79-4a19-bf21-eecb20c18a74@group-2CE5768EEBAD-LeaderElection74: begin an election at term 2 for 0: [f9d625e3-2cd2-46f5-b342-93a9a992df18:192.168.30.26:39283, f6db1340-cb79-4a19-bf21-eecb20c18a74:192.168.30.26:41448, cd504680-7405-4413-b4e4-6e6532fec091:192.168.30.26:41677], old=null
2019-10-07 12:16:19,251 [f6db1340-cb79-4a19-bf21-eecb20c18a74@group-2CE5768EEBAD-LeaderElection74] INFO  impl.LeaderElection (LogUtils.java:infoOrTrace(149)) - f6db1340-cb79-4a19-bf21-eecb20c18a74@group-2CE5768EEBAD-LeaderElection74 got exception when requesting votes: {}
java.util.concurrent.ExecutionException: org.apache.ratis.thirdparty.io.grpc.StatusRuntimeException: UNAVAILABLE: io exception
	at java.util.concurrent.FutureTask.report(FutureTask.java:122)
	at java.util.concurrent.FutureTask.get(FutureTask.java:192)
	at org.apache.ratis.server.impl.LeaderElection.waitForResults(LeaderElection.java:259)
	at org.apache.ratis.server.impl.LeaderElection.askForVotes(LeaderElection.java:197)
	at org.apache.ratis.server.impl.LeaderElection.run(LeaderElection.java:133)
	at java.lang.Thread.run(Thread.java:748)
Caused by: org.apache.ratis.thirdparty.io.grpc.StatusRuntimeException: UNAVAILABLE: io exception
	at org.apache.ratis.thirdparty.io.grpc.stub.ClientCalls.toStatusRuntimeException(ClientCalls.java:233)
	at org.apache.ratis.thirdparty.io.grpc.stub.ClientCalls.getUnchecked(ClientCalls.java:214)
	at org.apache.ratis.thirdparty.io.grpc.stub.ClientCalls.blockingUnaryCall(ClientCalls.java:139)
	at org.apache.ratis.proto.grpc.RaftServerProtocolServiceGrpc$RaftServerProtocolServiceBlockingStub.requestVote(RaftServerProtocolServiceGrpc.java:265)
	at org.apache.ratis.grpc.server.GrpcServerProtocolClient.requestVote(GrpcServerProtocolClient.java:99)
	at org.apache.ratis.grpc.server.GrpcService.requestVote(GrpcService.java:204)
	at org.apache.ratis.server.impl.LeaderElection.lambda$submitRequests$1(LeaderElection.java:234)
	at java.util.concurrent.FutureTask.run(FutureTask.java:266)
	at java.util.concurrent.Executors$RunnableAdapter.call(Executors.java:511)
	at java.util.concurrent.FutureTask.run(FutureTask.java:266)
	at java.util.concurrent.ThreadPoolExecutor.runWorker(ThreadPoolExecutor.java:1149)
	at java.util.concurrent.ThreadPoolExecutor$Worker.run(ThreadPoolExecutor.java:624)
	... 1 more
Caused by: org.apache.ratis.thirdparty.io.netty.channel.AbstractChannel$AnnotatedConnectException: Connection refused: /192.168.30.26:41677
	at sun.nio.ch.SocketChannelImpl.checkConnect(Native Method)
	at sun.nio.ch.SocketChannelImpl.finishConnect(SocketChannelImpl.java:717)
	at org.apache.ratis.thirdparty.io.netty.channel.socket.nio.NioSocketChannel.doFinishConnect(NioSocketChannel.java:327)
	at org.apache.ratis.thirdparty.io.netty.channel.nio.AbstractNioChannel$AbstractNioUnsafe.finishConnect(AbstractNioChannel.java:340)
	at org.apache.ratis.thirdparty.io.netty.channel.nio.NioEventLoop.processSelectedKey(NioEventLoop.java:632)
	at org.apache.ratis.thirdparty.io.netty.channel.nio.NioEventLoop.processSelectedKeysOptimized(NioEventLoop.java:579)
	at org.apache.ratis.thirdparty.io.netty.channel.nio.NioEventLoop.processSelectedKeys(NioEventLoop.java:496)
	at org.apache.ratis.thirdparty.io.netty.channel.nio.NioEventLoop.run(NioEventLoop.java:458)
	at org.apache.ratis.thirdparty.io.netty.util.concurrent.SingleThreadEventExecutor$5.run(SingleThreadEventExecutor.java:897)
	at org.apache.ratis.thirdparty.io.netty.util.concurrent.FastThreadLocalRunnable.run(FastThreadLocalRunnable.java:30)
	... 1 more
Caused by: java.net.ConnectException: Connection refused
	... 11 more
2019-10-07 12:16:19,254 [f6db1340-cb79-4a19-bf21-eecb20c18a74@group-2CE5768EEBAD-LeaderElection74] INFO  impl.LeaderElection (LogUtils.java:infoOrTrace(149)) - f6db1340-cb79-4a19-bf21-eecb20c18a74@group-2CE5768EEBAD-LeaderElection74 got exception when requesting votes: {}
java.util.concurrent.ExecutionException: org.apache.ratis.thirdparty.io.grpc.StatusRuntimeException: UNAVAILABLE: io exception
	at java.util.concurrent.FutureTask.report(FutureTask.java:122)
	at java.util.concurrent.FutureTask.get(FutureTask.java:192)
	at org.apache.ratis.server.impl.LeaderElection.waitForResults(LeaderElection.java:259)
	at org.apache.ratis.server.impl.LeaderElection.askForVotes(LeaderElection.java:197)
	at org.apache.ratis.server.impl.LeaderElection.run(LeaderElection.java:133)
	at java.lang.Thread.run(Thread.java:748)
Caused by: org.apache.ratis.thirdparty.io.grpc.StatusRuntimeException: UNAVAILABLE: io exception
	at org.apache.ratis.thirdparty.io.grpc.stub.ClientCalls.toStatusRuntimeException(ClientCalls.java:233)
	at org.apache.ratis.thirdparty.io.grpc.stub.ClientCalls.getUnchecked(ClientCalls.java:214)
	at org.apache.ratis.thirdparty.io.grpc.stub.ClientCalls.blockingUnaryCall(ClientCalls.java:139)
	at org.apache.ratis.proto.grpc.RaftServerProtocolServiceGrpc$RaftServerProtocolServiceBlockingStub.requestVote(RaftServerProtocolServiceGrpc.java:265)
	at org.apache.ratis.grpc.server.GrpcServerProtocolClient.requestVote(GrpcServerProtocolClient.java:99)
	at org.apache.ratis.grpc.server.GrpcService.requestVote(GrpcService.java:204)
	at org.apache.ratis.server.impl.LeaderElection.lambda$submitRequests$1(LeaderElection.java:234)
	at java.util.concurrent.FutureTask.run(FutureTask.java:266)
	at java.util.concurrent.Executors$RunnableAdapter.call(Executors.java:511)
	at java.util.concurrent.FutureTask.run(FutureTask.java:266)
	at java.util.concurrent.ThreadPoolExecutor.runWorker(ThreadPoolExecutor.java:1149)
	at java.util.concurrent.ThreadPoolExecutor$Worker.run(ThreadPoolExecutor.java:624)
	... 1 more
Caused by: org.apache.ratis.thirdparty.io.netty.channel.AbstractChannel$AnnotatedConnectException: Connection refused: /192.168.30.26:39283
	at sun.nio.ch.SocketChannelImpl.checkConnect(Native Method)
	at sun.nio.ch.SocketChannelImpl.finishConnect(SocketChannelImpl.java:717)
	at org.apache.ratis.thirdparty.io.netty.channel.socket.nio.NioSocketChannel.doFinishConnect(NioSocketChannel.java:327)
	at org.apache.ratis.thirdparty.io.netty.channel.nio.AbstractNioChannel$AbstractNioUnsafe.finishConnect(AbstractNioChannel.java:340)
	at org.apache.ratis.thirdparty.io.netty.channel.nio.NioEventLoop.processSelectedKey(NioEventLoop.java:632)
	at org.apache.ratis.thirdparty.io.netty.channel.nio.NioEventLoop.processSelectedKeysOptimized(NioEventLoop.java:579)
	at org.apache.ratis.thirdparty.io.netty.channel.nio.NioEventLoop.processSelectedKeys(NioEventLoop.java:496)
	at org.apache.ratis.thirdparty.io.netty.channel.nio.NioEventLoop.run(NioEventLoop.java:458)
	at org.apache.ratis.thirdparty.io.netty.util.concurrent.SingleThreadEventExecutor$5.run(SingleThreadEventExecutor.java:897)
	at org.apache.ratis.thirdparty.io.netty.util.concurrent.FastThreadLocalRunnable.run(FastThreadLocalRunnable.java:30)
	... 1 more
Caused by: java.net.ConnectException: Connection refused
	... 11 more
2019-10-07 12:16:19,256 [f6db1340-cb79-4a19-bf21-eecb20c18a74@group-2CE5768EEBAD-LeaderElection74] INFO  impl.LeaderElection (LeaderElection.java:logAndReturn(56)) - f6db1340-cb79-4a19-bf21-eecb20c18a74@group-2CE5768EEBAD-LeaderElection74: Election REJECTED; received 0 response(s) [] and 2 exception(s); f6db1340-cb79-4a19-bf21-eecb20c18a74@group-2CE5768EEBAD:t2, leader=null, voted=f6db1340-cb79-4a19-bf21-eecb20c18a74, raftlog=f6db1340-cb79-4a19-bf21-eecb20c18a74@group-2CE5768EEBAD-SegmentedRaftLog:OPENED:c16,f16,i16, conf=0: [f9d625e3-2cd2-46f5-b342-93a9a992df18:192.168.30.26:39283, f6db1340-cb79-4a19-bf21-eecb20c18a74:192.168.30.26:41448, cd504680-7405-4413-b4e4-6e6532fec091:192.168.30.26:41677], old=null
2019-10-07 12:16:19,256 [f6db1340-cb79-4a19-bf21-eecb20c18a74@group-2CE5768EEBAD-LeaderElection74] INFO  impl.LeaderElection (LogUtils.java:infoOrTrace(149)) -   Exception 0: {}
java.util.concurrent.ExecutionException: org.apache.ratis.thirdparty.io.grpc.StatusRuntimeException: UNAVAILABLE: io exception
	at java.util.concurrent.FutureTask.report(FutureTask.java:122)
	at java.util.concurrent.FutureTask.get(FutureTask.java:192)
	at org.apache.ratis.server.impl.LeaderElection.waitForResults(LeaderElection.java:259)
	at org.apache.ratis.server.impl.LeaderElection.askForVotes(LeaderElection.java:197)
	at org.apache.ratis.server.impl.LeaderElection.run(LeaderElection.java:133)
	at java.lang.Thread.run(Thread.java:748)
Caused by: org.apache.ratis.thirdparty.io.grpc.StatusRuntimeException: UNAVAILABLE: io exception
	at org.apache.ratis.thirdparty.io.grpc.stub.ClientCalls.toStatusRuntimeException(ClientCalls.java:233)
	at org.apache.ratis.thirdparty.io.grpc.stub.ClientCalls.getUnchecked(ClientCalls.java:214)
	at org.apache.ratis.thirdparty.io.grpc.stub.ClientCalls.blockingUnaryCall(ClientCalls.java:139)
	at org.apache.ratis.proto.grpc.RaftServerProtocolServiceGrpc$RaftServerProtocolServiceBlockingStub.requestVote(RaftServerProtocolServiceGrpc.java:265)
	at org.apache.ratis.grpc.server.GrpcServerProtocolClient.requestVote(GrpcServerProtocolClient.java:99)
	at org.apache.ratis.grpc.server.GrpcService.requestVote(GrpcService.java:204)
	at org.apache.ratis.server.impl.LeaderElection.lambda$submitRequests$1(LeaderElection.java:234)
	at java.util.concurrent.FutureTask.run(FutureTask.java:266)
	at java.util.concurrent.Executors$RunnableAdapter.call(Executors.java:511)
	at java.util.concurrent.FutureTask.run(FutureTask.java:266)
	at java.util.concurrent.ThreadPoolExecutor.runWorker(ThreadPoolExecutor.java:1149)
	at java.util.concurrent.ThreadPoolExecutor$Worker.run(ThreadPoolExecutor.java:624)
	... 1 more
Caused by: org.apache.ratis.thirdparty.io.netty.channel.AbstractChannel$AnnotatedConnectException: Connection refused: /192.168.30.26:41677
	at sun.nio.ch.SocketChannelImpl.checkConnect(Native Method)
	at sun.nio.ch.SocketChannelImpl.finishConnect(SocketChannelImpl.java:717)
	at org.apache.ratis.thirdparty.io.netty.channel.socket.nio.NioSocketChannel.doFinishConnect(NioSocketChannel.java:327)
	at org.apache.ratis.thirdparty.io.netty.channel.nio.AbstractNioChannel$AbstractNioUnsafe.finishConnect(AbstractNioChannel.java:340)
	at org.apache.ratis.thirdparty.io.netty.channel.nio.NioEventLoop.processSelectedKey(NioEventLoop.java:632)
	at org.apache.ratis.thirdparty.io.netty.channel.nio.NioEventLoop.processSelectedKeysOptimized(NioEventLoop.java:579)
	at org.apache.ratis.thirdparty.io.netty.channel.nio.NioEventLoop.processSelectedKeys(NioEventLoop.java:496)
	at org.apache.ratis.thirdparty.io.netty.channel.nio.NioEventLoop.run(NioEventLoop.java:458)
	at org.apache.ratis.thirdparty.io.netty.util.concurrent.SingleThreadEventExecutor$5.run(SingleThreadEventExecutor.java:897)
	at org.apache.ratis.thirdparty.io.netty.util.concurrent.FastThreadLocalRunnable.run(FastThreadLocalRunnable.java:30)
	... 1 more
Caused by: java.net.ConnectException: Connection refused
	... 11 more
2019-10-07 12:16:19,256 [f6db1340-cb79-4a19-bf21-eecb20c18a74@group-2CE5768EEBAD-LeaderElection74] INFO  impl.LeaderElection (LogUtils.java:infoOrTrace(149)) -   Exception 1: {}
java.util.concurrent.ExecutionException: org.apache.ratis.thirdparty.io.grpc.StatusRuntimeException: UNAVAILABLE: io exception
	at java.util.concurrent.FutureTask.report(FutureTask.java:122)
	at java.util.concurrent.FutureTask.get(FutureTask.java:192)
	at org.apache.ratis.server.impl.LeaderElection.waitForResults(LeaderElection.java:259)
	at org.apache.ratis.server.impl.LeaderElection.askForVotes(LeaderElection.java:197)
	at org.apache.ratis.server.impl.LeaderElection.run(LeaderElection.java:133)
	at java.lang.Thread.run(Thread.java:748)
Caused by: org.apache.ratis.thirdparty.io.grpc.StatusRuntimeException: UNAVAILABLE: io exception
	at org.apache.ratis.thirdparty.io.grpc.stub.ClientCalls.toStatusRuntimeException(ClientCalls.java:233)
	at org.apache.ratis.thirdparty.io.grpc.stub.ClientCalls.getUnchecked(ClientCalls.java:214)
	at org.apache.ratis.thirdparty.io.grpc.stub.ClientCalls.blockingUnaryCall(ClientCalls.java:139)
	at org.apache.ratis.proto.grpc.RaftServerProtocolServiceGrpc$RaftServerProtocolServiceBlockingStub.requestVote(RaftServerProtocolServiceGrpc.java:265)
	at org.apache.ratis.grpc.server.GrpcServerProtocolClient.requestVote(GrpcServerProtocolClient.java:99)
	at org.apache.ratis.grpc.server.GrpcService.requestVote(GrpcService.java:204)
	at org.apache.ratis.server.impl.LeaderElection.lambda$submitRequests$1(LeaderElection.java:234)
	at java.util.concurrent.FutureTask.run(FutureTask.java:266)
	at java.util.concurrent.Executors$RunnableAdapter.call(Executors.java:511)
	at java.util.concurrent.FutureTask.run(FutureTask.java:266)
	at java.util.concurrent.ThreadPoolExecutor.runWorker(ThreadPoolExecutor.java:1149)
	at java.util.concurrent.ThreadPoolExecutor$Worker.run(ThreadPoolExecutor.java:624)
	... 1 more
Caused by: org.apache.ratis.thirdparty.io.netty.channel.AbstractChannel$AnnotatedConnectException: Connection refused: /192.168.30.26:39283
	at sun.nio.ch.SocketChannelImpl.checkConnect(Native Method)
	at sun.nio.ch.SocketChannelImpl.finishConnect(SocketChannelImpl.java:717)
	at org.apache.ratis.thirdparty.io.netty.channel.socket.nio.NioSocketChannel.doFinishConnect(NioSocketChannel.java:327)
	at org.apache.ratis.thirdparty.io.netty.channel.nio.AbstractNioChannel$AbstractNioUnsafe.finishConnect(AbstractNioChannel.java:340)
	at org.apache.ratis.thirdparty.io.netty.channel.nio.NioEventLoop.processSelectedKey(NioEventLoop.java:632)
	at org.apache.ratis.thirdparty.io.netty.channel.nio.NioEventLoop.processSelectedKeysOptimized(NioEventLoop.java:579)
	at org.apache.ratis.thirdparty.io.netty.channel.nio.NioEventLoop.processSelectedKeys(NioEventLoop.java:496)
	at org.apache.ratis.thirdparty.io.netty.channel.nio.NioEventLoop.run(NioEventLoop.java:458)
	at org.apache.ratis.thirdparty.io.netty.util.concurrent.SingleThreadEventExecutor$5.run(SingleThreadEventExecutor.java:897)
	at org.apache.ratis.thirdparty.io.netty.util.concurrent.FastThreadLocalRunnable.run(FastThreadLocalRunnable.java:30)
	... 1 more
Caused by: java.net.ConnectException: Connection refused
	... 11 more
2019-10-07 12:16:19,257 [f6db1340-cb79-4a19-bf21-eecb20c18a74@group-2CE5768EEBAD-LeaderElection74] INFO  impl.RaftServerImpl (RaftServerImpl.java:setRole(170)) - f6db1340-cb79-4a19-bf21-eecb20c18a74@group-2CE5768EEBAD: changes role from CANDIDATE to FOLLOWER at term 2 for DISCOVERED_A_NEW_TERM
2019-10-07 12:16:19,257 [f6db1340-cb79-4a19-bf21-eecb20c18a74@group-2CE5768EEBAD-LeaderElection74] INFO  impl.RoleInfo (RoleInfo.java:shutdownLeaderElection(134)) - f6db1340-cb79-4a19-bf21-eecb20c18a74: shutdown LeaderElection
2019-10-07 12:16:19,257 [f6db1340-cb79-4a19-bf21-eecb20c18a74@group-2CE5768EEBAD-LeaderElection74] INFO  impl.RoleInfo (RoleInfo.java:updateAndGet(143)) - f6db1340-cb79-4a19-bf21-eecb20c18a74: start FollowerState
2019-10-07 12:16:19,764 [grpc-default-executor-8] WARN  server.GrpcLogAppender (LogUtils.java:warn(134)) - 941e1436-7c11-4b15-ad79-e99f171cbd5c@group-F51F9C0F9659->d9b951ce-41d1-4813-8e81-a5aad6d5b66d-AppendLogResponseHandler: Failed appendEntries: org.apache.ratis.thirdparty.io.grpc.StatusRuntimeException: UNAVAILABLE: io exception
2019-10-07 12:16:19,767 [grpc-default-executor-8] INFO  impl.FollowerInfo (FollowerInfo.java:lambda$new$0(51)) - 941e1436-7c11-4b15-ad79-e99f171cbd5c@group-F51F9C0F9659->d9b951ce-41d1-4813-8e81-a5aad6d5b66d: nextIndex: updateUnconditionally 0 -> 0
2019-10-07 12:16:19,769 [grpc-default-executor-7] WARN  server.GrpcLogAppender (LogUtils.java:warn(134)) - 941e1436-7c11-4b15-ad79-e99f171cbd5c@group-F51F9C0F9659->1c1d0e0f-d37f-44d7-915f-5703c6413f3c-AppendLogResponseHandler: Failed appendEntries: org.apache.ratis.thirdparty.io.grpc.StatusRuntimeException: UNAVAILABLE: io exception
2019-10-07 12:16:19,769 [grpc-default-executor-7] INFO  impl.FollowerInfo (FollowerInfo.java:lambda$new$0(51)) - 941e1436-7c11-4b15-ad79-e99f171cbd5c@group-F51F9C0F9659->1c1d0e0f-d37f-44d7-915f-5703c6413f3c: nextIndex: updateUnconditionally 17 -> 16
2019-10-07 12:16:21,301 [EventQueue-StaleNodeForStaleNodeHandler] INFO  node.StaleNodeHandler (StaleNodeHandler.java:onMessage(58)) - Datanode 941e1436-7c11-4b15-ad79-e99f171cbd5c{ip: 192.168.30.26, host: pr-hdds-2071-fmvlq-2762171947, networkLocation: /default-rack, certSerialId: null} moved to stale state. Finalizing its pipelines [PipelineID=75b35060-fa94-4fe5-b3c0-f51f9c0f9659, PipelineID=f4b24a95-1a56-41ea-bd41-7115655c34fd]
2019-10-07 12:16:21,302 [EventQueue-StaleNodeForStaleNodeHandler] INFO  pipeline.SCMPipelineManager (SCMPipelineManager.java:finalizeAndDestroyPipeline(315)) - destroying pipeline:Pipeline[ Id: 75b35060-fa94-4fe5-b3c0-f51f9c0f9659, Nodes: d9b951ce-41d1-4813-8e81-a5aad6d5b66d{ip: 192.168.30.26, host: pr-hdds-2071-fmvlq-2762171947, networkLocation: /default-rack, certSerialId: null}941e1436-7c11-4b15-ad79-e99f171cbd5c{ip: 192.168.30.26, host: pr-hdds-2071-fmvlq-2762171947, networkLocation: /default-rack, certSerialId: null}1c1d0e0f-d37f-44d7-915f-5703c6413f3c{ip: 192.168.30.26, host: pr-hdds-2071-fmvlq-2762171947, networkLocation: /default-rack, certSerialId: null}, Type:RATIS, Factor:THREE, State:CLOSED]
2019-10-07 12:16:21,303 [EventQueue-StaleNodeForStaleNodeHandler] INFO  pipeline.SCMPipelineManager (SCMPipelineManager.java:finalizeAndDestroyPipeline(315)) - destroying pipeline:Pipeline[ Id: f4b24a95-1a56-41ea-bd41-7115655c34fd, Nodes: 941e1436-7c11-4b15-ad79-e99f171cbd5c{ip: 192.168.30.26, host: pr-hdds-2071-fmvlq-2762171947, networkLocation: /default-rack, certSerialId: null}, Type:RATIS, Factor:ONE, State:OPEN]
2019-10-07 12:16:21,304 [EventQueue-StaleNodeForStaleNodeHandler] INFO  pipeline.PipelineStateManager (PipelineStateManager.java:finalizePipeline(123)) - Pipeline Pipeline[ Id: f4b24a95-1a56-41ea-bd41-7115655c34fd, Nodes: 941e1436-7c11-4b15-ad79-e99f171cbd5c{ip: 192.168.30.26, host: pr-hdds-2071-fmvlq-2762171947, networkLocation: /default-rack, certSerialId: null}, Type:RATIS, Factor:ONE, State:CLOSED] moved to CLOSED state
2019-10-07 12:16:21,903 [EventQueue-StaleNodeForStaleNodeHandler] INFO  node.StaleNodeHandler (StaleNodeHandler.java:onMessage(58)) - Datanode f6db1340-cb79-4a19-bf21-eecb20c18a74{ip: 192.168.30.26, host: pr-hdds-2071-fmvlq-2762171947, networkLocation: /default-rack, certSerialId: null} moved to stale state. Finalizing its pipelines [PipelineID=cc384214-069e-4230-8927-2ce5768eebad, PipelineID=696c2ac5-faf9-41b3-9b38-e72abdc5f213]
2019-10-07 12:16:21,904 [EventQueue-StaleNodeForStaleNodeHandler] INFO  pipeline.SCMPipelineManager (SCMPipelineManager.java:finalizeAndDestroyPipeline(315)) - destroying pipeline:Pipeline[ Id: cc384214-069e-4230-8927-2ce5768eebad, Nodes: f9d625e3-2cd2-46f5-b342-93a9a992df18{ip: 192.168.30.26, host: pr-hdds-2071-fmvlq-2762171947, networkLocation: /default-rack, certSerialId: null}f6db1340-cb79-4a19-bf21-eecb20c18a74{ip: 192.168.30.26, host: pr-hdds-2071-fmvlq-2762171947, networkLocation: /default-rack, certSerialId: null}cd504680-7405-4413-b4e4-6e6532fec091{ip: 192.168.30.26, host: pr-hdds-2071-fmvlq-2762171947, networkLocation: /default-rack, certSerialId: null}, Type:RATIS, Factor:THREE, State:CLOSED]
2019-10-07 12:16:21,904 [EventQueue-StaleNodeForStaleNodeHandler] INFO  pipeline.SCMPipelineManager (SCMPipelineManager.java:finalizeAndDestroyPipeline(315)) - destroying pipeline:Pipeline[ Id: 696c2ac5-faf9-41b3-9b38-e72abdc5f213, Nodes: f6db1340-cb79-4a19-bf21-eecb20c18a74{ip: 192.168.30.26, host: pr-hdds-2071-fmvlq-2762171947, networkLocation: /default-rack, certSerialId: null}, Type:RATIS, Factor:ONE, State:OPEN]
2019-10-07 12:16:21,904 [EventQueue-StaleNodeForStaleNodeHandler] INFO  pipeline.PipelineStateManager (PipelineStateManager.java:finalizePipeline(123)) - Pipeline Pipeline[ Id: 696c2ac5-faf9-41b3-9b38-e72abdc5f213, Nodes: f6db1340-cb79-4a19-bf21-eecb20c18a74{ip: 192.168.30.26, host: pr-hdds-2071-fmvlq-2762171947, networkLocation: /default-rack, certSerialId: null}, Type:RATIS, Factor:ONE, State:CLOSED] moved to CLOSED state
2019-10-07 12:16:22,215 [main] INFO  ozoneimpl.OzoneContainer (OzoneContainer.java:stop(231)) - Attempting to stop container services.
2019-10-07 12:16:22,215 [ForkJoinPool.commonPool-worker-1] INFO  ozoneimpl.OzoneContainer (OzoneContainer.java:stop(231)) - Attempting to stop container services.
2019-10-07 12:16:22,222 [main] INFO  impl.RaftServerProxy (RaftServerProxy.java:lambda$close$4(314)) - 941e1436-7c11-4b15-ad79-e99f171cbd5c: close
2019-10-07 12:16:22,222 [ForkJoinPool.commonPool-worker-1] INFO  impl.RaftServerProxy (RaftServerProxy.java:lambda$close$4(314)) - f6db1340-cb79-4a19-bf21-eecb20c18a74: close
2019-10-07 12:16:22,222 [ForkJoinPool.commonPool-worker-1] INFO  impl.RaftServerImpl (RaftServerImpl.java:lambda$shutdown$3(247)) - f6db1340-cb79-4a19-bf21-eecb20c18a74@group-2CE5768EEBAD: shutdown
2019-10-07 12:16:22,222 [main] INFO  impl.RaftServerImpl (RaftServerImpl.java:lambda$shutdown$3(247)) - 941e1436-7c11-4b15-ad79-e99f171cbd5c@group-F51F9C0F9659: shutdown
2019-10-07 12:16:22,223 [ForkJoinPool.commonPool-worker-1] INFO  util.JmxRegister (JmxRegister.java:unregister(73)) - Successfully un-registered JMX Bean with object name Ratis:service=RaftServer,group=group-2CE5768EEBAD,id=f6db1340-cb79-4a19-bf21-eecb20c18a74
2019-10-07 12:16:22,223 [main] INFO  util.JmxRegister (JmxRegister.java:unregister(73)) - Successfully un-registered JMX Bean with object name Ratis:service=RaftServer,group=group-F51F9C0F9659,id=941e1436-7c11-4b15-ad79-e99f171cbd5c
2019-10-07 12:16:22,223 [ForkJoinPool.commonPool-worker-1] INFO  impl.RoleInfo (RoleInfo.java:shutdownFollowerState(121)) - f6db1340-cb79-4a19-bf21-eecb20c18a74: shutdown FollowerState
2019-10-07 12:16:22,224 [main] INFO  impl.RoleInfo (RoleInfo.java:shutdownLeaderState(104)) - 941e1436-7c11-4b15-ad79-e99f171cbd5c: shutdown LeaderState
2019-10-07 12:16:22,224 [f6db1340-cb79-4a19-bf21-eecb20c18a74@group-2CE5768EEBAD-StateMachineUpdater] INFO  ratis.ContainerStateMachine (ContainerStateMachine.java:takeSnapshot(294)) - group-2CE5768EEBAD: Taking a snapshot at:(t:1, i:14) file /workdir/hadoop-ozone/integration-test/target/test-dir/MiniOzoneClusterImpl-7d7c158f-473a-4dac-99b6-81fe19448475/datanode-0/data/ratis/cc384214-069e-4230-8927-2ce5768eebad/sm/snapshot.1_14
2019-10-07 12:16:22,224 [Thread-3324] INFO  impl.FollowerState (FollowerState.java:run(117)) - f6db1340-cb79-4a19-bf21-eecb20c18a74@group-2CE5768EEBAD-FollowerState was interrupted: java.lang.InterruptedException: sleep interrupted
2019-10-07 12:16:22,227 [org.apache.ratis.server.impl.LogAppender$AppenderDaemon$$Lambda$529/890638816@19f6fe74] WARN  server.GrpcLogAppender (GrpcLogAppender.java:mayWait(143)) - 941e1436-7c11-4b15-ad79-e99f171cbd5c@group-F51F9C0F9659->d9b951ce-41d1-4813-8e81-a5aad6d5b66d-GrpcLogAppender: Wait interrupted by java.lang.InterruptedException
2019-10-07 12:16:22,224 [ForkJoinPool.commonPool-worker-1] INFO  impl.StateMachineUpdater (StateMachineUpdater.java:stopAndJoin(136)) - f6db1340-cb79-4a19-bf21-eecb20c18a74@group-2CE5768EEBAD-StateMachineUpdater: set stopIndex = 16
2019-10-07 12:16:22,227 [main] INFO  impl.PendingRequests (PendingRequests.java:sendNotLeaderResponses(202)) - 941e1436-7c11-4b15-ad79-e99f171cbd5c@group-F51F9C0F9659-PendingRequests: sendNotLeaderResponses
2019-10-07 12:16:22,227 [org.apache.ratis.server.impl.LogAppender$AppenderDaemon$$Lambda$529/890638816@4108c553] WARN  server.GrpcLogAppender (GrpcLogAppender.java:mayWait(143)) - 941e1436-7c11-4b15-ad79-e99f171cbd5c@group-F51F9C0F9659->1c1d0e0f-d37f-44d7-915f-5703c6413f3c-GrpcLogAppender: Wait interrupted by java.lang.InterruptedException
2019-10-07 12:16:22,233 [main] INFO  impl.StateMachineUpdater (StateMachineUpdater.java:stopAndJoin(136)) - 941e1436-7c11-4b15-ad79-e99f171cbd5c@group-F51F9C0F9659-StateMachineUpdater: set stopIndex = 18
2019-10-07 12:16:22,233 [941e1436-7c11-4b15-ad79-e99f171cbd5c@group-F51F9C0F9659-StateMachineUpdater] INFO  ratis.ContainerStateMachine (ContainerStateMachine.java:takeSnapshot(294)) - group-F51F9C0F9659: Taking a snapshot at:(t:1, i:14) file /workdir/hadoop-ozone/integration-test/target/test-dir/MiniOzoneClusterImpl-7d7c158f-473a-4dac-99b6-81fe19448475/datanode-5/data/ratis/75b35060-fa94-4fe5-b3c0-f51f9c0f9659/sm/snapshot.1_14
2019-10-07 12:16:22,237 [941e1436-7c11-4b15-ad79-e99f171cbd5c@group-F51F9C0F9659-StateMachineUpdater] INFO  ratis.ContainerStateMachine (ContainerStateMachine.java:takeSnapshot(305)) - group-F51F9C0F9659: Finished taking a snapshot at:(t:1, i:14) file:/workdir/hadoop-ozone/integration-test/target/test-dir/MiniOzoneClusterImpl-7d7c158f-473a-4dac-99b6-81fe19448475/datanode-5/data/ratis/75b35060-fa94-4fe5-b3c0-f51f9c0f9659/sm/snapshot.1_14 time:4
2019-10-07 12:16:22,237 [f6db1340-cb79-4a19-bf21-eecb20c18a74@group-2CE5768EEBAD-StateMachineUpdater] INFO  ratis.ContainerStateMachine (ContainerStateMachine.java:takeSnapshot(305)) - group-2CE5768EEBAD: Finished taking a snapshot at:(t:1, i:14) file:/workdir/hadoop-ozone/integration-test/target/test-dir/MiniOzoneClusterImpl-7d7c158f-473a-4dac-99b6-81fe19448475/datanode-0/data/ratis/cc384214-069e-4230-8927-2ce5768eebad/sm/snapshot.1_14 time:13
2019-10-07 12:16:22,237 [941e1436-7c11-4b15-ad79-e99f171cbd5c@group-F51F9C0F9659-StateMachineUpdater] INFO  impl.StateMachineUpdater (StateMachineUpdater.java:takeSnapshot(269)) - 941e1436-7c11-4b15-ad79-e99f171cbd5c@group-F51F9C0F9659-StateMachineUpdater: Took a snapshot at index 14
2019-10-07 12:16:22,237 [f6db1340-cb79-4a19-bf21-eecb20c18a74@group-2CE5768EEBAD-StateMachineUpdater] INFO  impl.StateMachineUpdater (StateMachineUpdater.java:takeSnapshot(269)) - f6db1340-cb79-4a19-bf21-eecb20c18a74@group-2CE5768EEBAD-StateMachineUpdater: Took a snapshot at index 14
2019-10-07 12:16:22,237 [941e1436-7c11-4b15-ad79-e99f171cbd5c@group-F51F9C0F9659-StateMachineUpdater] INFO  impl.StateMachineUpdater (StateMachineUpdater.java:lambda$new$0(84)) - 941e1436-7c11-4b15-ad79-e99f171cbd5c@group-F51F9C0F9659-StateMachineUpdater: snapshotIndex: updateIncreasingly -1 -> 14
2019-10-07 12:16:22,237 [f6db1340-cb79-4a19-bf21-eecb20c18a74@group-2CE5768EEBAD-StateMachineUpdater] INFO  impl.StateMachineUpdater (StateMachineUpdater.java:lambda$new$0(84)) - f6db1340-cb79-4a19-bf21-eecb20c18a74@group-2CE5768EEBAD-StateMachineUpdater: snapshotIndex: updateIncreasingly -1 -> 14
2019-10-07 12:16:22,238 [941e1436-7c11-4b15-ad79-e99f171cbd5c@group-F51F9C0F9659-StateMachineUpdater] INFO  ratis.ContainerStateMachine (ContainerStateMachine.java:takeSnapshot(294)) - group-F51F9C0F9659: Taking a snapshot at:(t:1, i:14) file /workdir/hadoop-ozone/integration-test/target/test-dir/MiniOzoneClusterImpl-7d7c158f-473a-4dac-99b6-81fe19448475/datanode-5/data/ratis/75b35060-fa94-4fe5-b3c0-f51f9c0f9659/sm/snapshot.1_14
2019-10-07 12:16:22,238 [f6db1340-cb79-4a19-bf21-eecb20c18a74@group-2CE5768EEBAD-StateMachineUpdater] INFO  ratis.ContainerStateMachine (ContainerStateMachine.java:takeSnapshot(294)) - group-2CE5768EEBAD: Taking a snapshot at:(t:1, i:14) file /workdir/hadoop-ozone/integration-test/target/test-dir/MiniOzoneClusterImpl-7d7c158f-473a-4dac-99b6-81fe19448475/datanode-0/data/ratis/cc384214-069e-4230-8927-2ce5768eebad/sm/snapshot.1_14
2019-10-07 12:16:22,249 [941e1436-7c11-4b15-ad79-e99f171cbd5c@group-F51F9C0F9659-StateMachineUpdater] INFO  ratis.ContainerStateMachine (ContainerStateMachine.java:takeSnapshot(305)) - group-F51F9C0F9659: Finished taking a snapshot at:(t:1, i:14) file:/workdir/hadoop-ozone/integration-test/target/test-dir/MiniOzoneClusterImpl-7d7c158f-473a-4dac-99b6-81fe19448475/datanode-5/data/ratis/75b35060-fa94-4fe5-b3c0-f51f9c0f9659/sm/snapshot.1_14 time:11
2019-10-07 12:16:22,249 [f6db1340-cb79-4a19-bf21-eecb20c18a74@group-2CE5768EEBAD-StateMachineUpdater] INFO  ratis.ContainerStateMachine (ContainerStateMachine.java:takeSnapshot(305)) - group-2CE5768EEBAD: Finished taking a snapshot at:(t:1, i:14) file:/workdir/hadoop-ozone/integration-test/target/test-dir/MiniOzoneClusterImpl-7d7c158f-473a-4dac-99b6-81fe19448475/datanode-0/data/ratis/cc384214-069e-4230-8927-2ce5768eebad/sm/snapshot.1_14 time:11
2019-10-07 12:16:22,249 [941e1436-7c11-4b15-ad79-e99f171cbd5c@group-F51F9C0F9659-StateMachineUpdater] INFO  impl.StateMachineUpdater (StateMachineUpdater.java:takeSnapshot(269)) - 941e1436-7c11-4b15-ad79-e99f171cbd5c@group-F51F9C0F9659-StateMachineUpdater: Took a snapshot at index 14
2019-10-07 12:16:22,249 [941e1436-7c11-4b15-ad79-e99f171cbd5c@group-F51F9C0F9659-StateMachineUpdater] INFO  impl.StateMachineUpdater (StateMachineUpdater.java:lambda$new$0(84)) - 941e1436-7c11-4b15-ad79-e99f171cbd5c@group-F51F9C0F9659-StateMachineUpdater: snapshotIndex: updateIncreasingly 14 -> 14
2019-10-07 12:16:22,249 [f6db1340-cb79-4a19-bf21-eecb20c18a74@group-2CE5768EEBAD-StateMachineUpdater] INFO  impl.StateMachineUpdater (StateMachineUpdater.java:takeSnapshot(269)) - f6db1340-cb79-4a19-bf21-eecb20c18a74@group-2CE5768EEBAD-StateMachineUpdater: Took a snapshot at index 14
2019-10-07 12:16:22,250 [f6db1340-cb79-4a19-bf21-eecb20c18a74@group-2CE5768EEBAD-StateMachineUpdater] INFO  impl.StateMachineUpdater (StateMachineUpdater.java:lambda$new$0(84)) - f6db1340-cb79-4a19-bf21-eecb20c18a74@group-2CE5768EEBAD-StateMachineUpdater: snapshotIndex: updateIncreasingly 14 -> 14
2019-10-07 12:16:22,250 [main] INFO  impl.RaftServerImpl (ServerState.java:close(387)) - 941e1436-7c11-4b15-ad79-e99f171cbd5c@group-F51F9C0F9659: closes. applyIndex: 18
2019-10-07 12:16:22,250 [ForkJoinPool.commonPool-worker-1] INFO  impl.RaftServerImpl (ServerState.java:close(387)) - f6db1340-cb79-4a19-bf21-eecb20c18a74@group-2CE5768EEBAD: closes. applyIndex: 16
2019-10-07 12:16:22,250 [941e1436-7c11-4b15-ad79-e99f171cbd5c@group-F51F9C0F9659-SegmentedRaftLogWorker] INFO  segmented.SegmentedRaftLogWorker (SegmentedRaftLogWorker.java:run(316)) - 941e1436-7c11-4b15-ad79-e99f171cbd5c@group-F51F9C0F9659-SegmentedRaftLogWorker was interrupted, exiting. There are 0 tasks remaining in the queue.
2019-10-07 12:16:22,251 [f6db1340-cb79-4a19-bf21-eecb20c18a74@group-2CE5768EEBAD-SegmentedRaftLogWorker] INFO  segmented.SegmentedRaftLogWorker (SegmentedRaftLogWorker.java:run(316)) - f6db1340-cb79-4a19-bf21-eecb20c18a74@group-2CE5768EEBAD-SegmentedRaftLogWorker was interrupted, exiting. There are 0 tasks remaining in the queue.
2019-10-07 12:16:22,253 [ForkJoinPool.commonPool-worker-1] INFO  segmented.SegmentedRaftLogWorker (SegmentedRaftLogWorker.java:close(224)) - f6db1340-cb79-4a19-bf21-eecb20c18a74@group-2CE5768EEBAD-SegmentedRaftLogWorker close()
2019-10-07 12:16:22,253 [main] INFO  segmented.SegmentedRaftLogWorker (SegmentedRaftLogWorker.java:close(224)) - 941e1436-7c11-4b15-ad79-e99f171cbd5c@group-F51F9C0F9659-SegmentedRaftLogWorker close()
2019-10-07 12:16:22,256 [ForkJoinPool.commonPool-worker-1] INFO  impl.RaftServerImpl (RaftServerImpl.java:lambda$shutdown$3(247)) - f6db1340-cb79-4a19-bf21-eecb20c18a74@group-E72ABDC5F213: shutdown
2019-10-07 12:16:22,260 [main] INFO  impl.RaftServerImpl (RaftServerImpl.java:lambda$shutdown$3(247)) - 941e1436-7c11-4b15-ad79-e99f171cbd5c@group-7115655C34FD: shutdown
2019-10-07 12:16:22,260 [ForkJoinPool.commonPool-worker-1] INFO  util.JmxRegister (JmxRegister.java:unregister(73)) - Successfully un-registered JMX Bean with object name Ratis:service=RaftServer,group=group-E72ABDC5F213,id=f6db1340-cb79-4a19-bf21-eecb20c18a74
2019-10-07 12:16:22,260 [main] INFO  util.JmxRegister (JmxRegister.java:unregister(73)) - Successfully un-registered JMX Bean with object name Ratis:service=RaftServer,group=group-7115655C34FD,id=941e1436-7c11-4b15-ad79-e99f171cbd5c
2019-10-07 12:16:22,260 [ForkJoinPool.commonPool-worker-1] INFO  impl.RoleInfo (RoleInfo.java:shutdownLeaderState(104)) - f6db1340-cb79-4a19-bf21-eecb20c18a74: shutdown LeaderState
2019-10-07 12:16:22,261 [main] INFO  impl.RoleInfo (RoleInfo.java:shutdownLeaderState(104)) - 941e1436-7c11-4b15-ad79-e99f171cbd5c: shutdown LeaderState
2019-10-07 12:16:22,261 [ForkJoinPool.commonPool-worker-1] INFO  impl.PendingRequests (PendingRequests.java:sendNotLeaderResponses(202)) - f6db1340-cb79-4a19-bf21-eecb20c18a74@group-E72ABDC5F213-PendingRequests: sendNotLeaderResponses
2019-10-07 12:16:22,261 [main] INFO  impl.PendingRequests (PendingRequests.java:sendNotLeaderResponses(202)) - 941e1436-7c11-4b15-ad79-e99f171cbd5c@group-7115655C34FD-PendingRequests: sendNotLeaderResponses
2019-10-07 12:16:22,262 [ForkJoinPool.commonPool-worker-1] INFO  impl.StateMachineUpdater (StateMachineUpdater.java:stopAndJoin(136)) - f6db1340-cb79-4a19-bf21-eecb20c18a74@group-E72ABDC5F213-StateMachineUpdater: set stopIndex = 0
2019-10-07 12:16:22,262 [main] INFO  impl.StateMachineUpdater (StateMachineUpdater.java:stopAndJoin(136)) - 941e1436-7c11-4b15-ad79-e99f171cbd5c@group-7115655C34FD-StateMachineUpdater: set stopIndex = 0
2019-10-07 12:16:22,263 [main] INFO  impl.RaftServerImpl (ServerState.java:close(387)) - 941e1436-7c11-4b15-ad79-e99f171cbd5c@group-7115655C34FD: closes. applyIndex: 0
2019-10-07 12:16:22,262 [ForkJoinPool.commonPool-worker-1] INFO  impl.RaftServerImpl (ServerState.java:close(387)) - f6db1340-cb79-4a19-bf21-eecb20c18a74@group-E72ABDC5F213: closes. applyIndex: 0
2019-10-07 12:16:22,263 [941e1436-7c11-4b15-ad79-e99f171cbd5c@group-7115655C34FD-SegmentedRaftLogWorker] INFO  segmented.SegmentedRaftLogWorker (SegmentedRaftLogWorker.java:run(316)) - 941e1436-7c11-4b15-ad79-e99f171cbd5c@group-7115655C34FD-SegmentedRaftLogWorker was interrupted, exiting. There are 0 tasks remaining in the queue.
2019-10-07 12:16:22,264 [f6db1340-cb79-4a19-bf21-eecb20c18a74@group-E72ABDC5F213-SegmentedRaftLogWorker] INFO  segmented.SegmentedRaftLogWorker (SegmentedRaftLogWorker.java:run(316)) - f6db1340-cb79-4a19-bf21-eecb20c18a74@group-E72ABDC5F213-SegmentedRaftLogWorker was interrupted, exiting. There are 0 tasks remaining in the queue.
2019-10-07 12:16:22,265 [main] INFO  segmented.SegmentedRaftLogWorker (SegmentedRaftLogWorker.java:close(224)) - 941e1436-7c11-4b15-ad79-e99f171cbd5c@group-7115655C34FD-SegmentedRaftLogWorker close()
2019-10-07 12:16:22,272 [ForkJoinPool.commonPool-worker-1] INFO  segmented.SegmentedRaftLogWorker (SegmentedRaftLogWorker.java:close(224)) - f6db1340-cb79-4a19-bf21-eecb20c18a74@group-E72ABDC5F213-SegmentedRaftLogWorker close()
2019-10-07 12:16:22,274 [ForkJoinPool.commonPool-worker-1] INFO  server.GrpcService (GrpcService.java:closeImpl(164)) - f6db1340-cb79-4a19-bf21-eecb20c18a74: shutdown server with port 41448 now
2019-10-07 12:16:22,274 [ForkJoinPool.commonPool-worker-1] INFO  server.GrpcService (GrpcService.java:closeImpl(172)) - f6db1340-cb79-4a19-bf21-eecb20c18a74: shutdown server with port 41448 successfully
2019-10-07 12:16:22,277 [main] INFO  server.GrpcService (GrpcService.java:closeImpl(164)) - 941e1436-7c11-4b15-ad79-e99f171cbd5c: shutdown server with port 41572 now
2019-10-07 12:16:22,278 [main] INFO  server.GrpcService (GrpcService.java:closeImpl(172)) - 941e1436-7c11-4b15-ad79-e99f171cbd5c: shutdown server with port 41572 successfully
2019-10-07 12:16:22,293 [refreshUsed-/workdir/hadoop-ozone/integration-test/target/test-dir/MiniOzoneClusterImpl-7d7c158f-473a-4dac-99b6-81fe19448475/datanode-0/data/containers] WARN  fs.CachingGetSpaceUsed (CachingGetSpaceUsed.java:run(183)) - Thread Interrupted waiting to refresh disk information: sleep interrupted
2019-10-07 12:16:22,293 [refreshUsed-/workdir/hadoop-ozone/integration-test/target/test-dir/MiniOzoneClusterImpl-7d7c158f-473a-4dac-99b6-81fe19448475/datanode-5/data/containers] WARN  fs.CachingGetSpaceUsed (CachingGetSpaceUsed.java:run(183)) - Thread Interrupted waiting to refresh disk information: sleep interrupted
2019-10-07 12:16:22,306 [ForkJoinPool.commonPool-worker-1] INFO  utils.BackgroundService (BackgroundService.java:shutdown(148)) - Shutting down service BlockDeletingService
2019-10-07 12:16:22,309 [ForkJoinPool.commonPool-worker-1] INFO  statemachine.DatanodeStateMachine (DatanodeStateMachine.java:stopDaemon(395)) - Ozone container server stopped.
2019-10-07 12:16:22,311 [main] INFO  utils.BackgroundService (BackgroundService.java:shutdown(148)) - Shutting down service BlockDeletingService
2019-10-07 12:16:22,314 [ForkJoinPool.commonPool-worker-1] INFO  handler.ContextHandler (ContextHandler.java:doStop(910)) - Stopped o.e.j.w.WebAppContext@37e7c4cc{/,null,UNAVAILABLE}{/hddsDatanode}
2019-10-07 12:16:22,315 [main] INFO  statemachine.DatanodeStateMachine (DatanodeStateMachine.java:stopDaemon(395)) - Ozone container server stopped.
2019-10-07 12:16:22,316 [ForkJoinPool.commonPool-worker-1] INFO  server.AbstractConnector (AbstractConnector.java:doStop(318)) - Stopped ServerConnector@3a40bb52{HTTP/1.1,[http/1.1]}{0.0.0.0:0}
2019-10-07 12:16:22,317 [ForkJoinPool.commonPool-worker-1] INFO  handler.ContextHandler (ContextHandler.java:doStop(910)) - Stopped o.e.j.s.ServletContextHandler@224d86d2{/static,jar:file:/home/user/.m2/repository/org/apache/hadoop/hadoop-hdds-container-service/0.5.0-SNAPSHOT/hadoop-hdds-container-service-0.5.0-SNAPSHOT.jar!/webapps/static,UNAVAILABLE}
2019-10-07 12:16:22,317 [main] INFO  handler.ContextHandler (ContextHandler.java:doStop(910)) - Stopped o.e.j.w.WebAppContext@79e10fb4{/,null,UNAVAILABLE}{/hddsDatanode}
2019-10-07 12:16:22,318 [ForkJoinPool.commonPool-worker-1] INFO  handler.ContextHandler (ContextHandler.java:doStop(910)) - Stopped o.e.j.s.ServletContextHandler@3e53c4ad{/logs,file:///workdir/hadoop-ozone/integration-test/target/log,UNAVAILABLE}
2019-10-07 12:16:22,318 [main] INFO  server.AbstractConnector (AbstractConnector.java:doStop(318)) - Stopped ServerConnector@70fede7d{HTTP/1.1,[http/1.1]}{0.0.0.0:0}
2019-10-07 12:16:22,319 [main] INFO  handler.ContextHandler (ContextHandler.java:doStop(910)) - Stopped o.e.j.s.ServletContextHandler@5bec3e0{/static,jar:file:/home/user/.m2/repository/org/apache/hadoop/hadoop-hdds-container-service/0.5.0-SNAPSHOT/hadoop-hdds-container-service-0.5.0-SNAPSHOT.jar!/webapps/static,UNAVAILABLE}
2019-10-07 12:16:22,319 [main] INFO  handler.ContextHandler (ContextHandler.java:doStop(910)) - Stopped o.e.j.s.ServletContextHandler@50cbcca7{/logs,file:///workdir/hadoop-ozone/integration-test/target/log,UNAVAILABLE}
2019-10-07 12:16:22,320 [main] INFO  ozone.MiniOzoneClusterImpl (MiniOzoneClusterImpl.java:stopSCM(392)) - Stopping the StorageContainerManager
2019-10-07 12:16:22,320 [main] INFO  server.StorageContainerManager (StorageContainerManager.java:stop(808)) - Stopping Replication Manager Service.
2019-10-07 12:16:22,320 [main] INFO  container.ReplicationManager (ReplicationManager.java:stop(203)) - Stopping Replication Monitor Thread.
2019-10-07 12:16:22,321 [main] INFO  server.StorageContainerManager (StorageContainerManager.java:stop(815)) - Stopping Lease Manager of the command watchers
2019-10-07 12:16:22,321 [main] INFO  server.StorageContainerManager (StorageContainerManager.java:stop(822)) - Stopping datanode service RPC server
2019-10-07 12:16:22,321 [main] INFO  server.SCMDatanodeProtocolServer (SCMDatanodeProtocolServer.java:stop(346)) - Stopping the RPC server for DataNodes
2019-10-07 12:16:22,321 [main] INFO  ipc.Server (Server.java:stop(3082)) - Stopping server on 34980
2019-10-07 12:16:22,323 [IPC Server listener on 34980] INFO  ipc.Server (Server.java:run(1185)) - Stopping IPC Server listener on 34980
2019-10-07 12:16:22,324 [IPC Server Responder] INFO  ipc.Server (Server.java:run(1319)) - Stopping IPC Server Responder
2019-10-07 12:16:22,403 [SCM Heartbeat Processing Thread - 0] WARN  node.NodeStateManager (NodeStateManager.java:scheduleNextHealthCheck(646)) - Current Thread is interrupted, shutting down HB processing thread for Node Manager.
2019-10-07 12:16:22,404 [main] INFO  server.StorageContainerManager (StorageContainerManager.java:stop(830)) - Stopping block service RPC server
2019-10-07 12:16:22,404 [main] INFO  server.SCMBlockProtocolServer (SCMBlockProtocolServer.java:stop(155)) - Stopping the RPC server for Block Protocol
2019-10-07 12:16:22,404 [main] INFO  ipc.Server (Server.java:stop(3082)) - Stopping server on 45534
2019-10-07 12:16:22,408 [IPC Server listener on 45534] INFO  ipc.Server (Server.java:run(1185)) - Stopping IPC Server listener on 45534
2019-10-07 12:16:22,409 [main] INFO  server.StorageContainerManager (StorageContainerManager.java:stop(837)) - Stopping the StorageContainerLocationProtocol RPC server
2019-10-07 12:16:22,409 [IPC Server Responder] INFO  ipc.Server (Server.java:run(1319)) - Stopping IPC Server Responder
2019-10-07 12:16:22,409 [main] INFO  server.SCMClientProtocolServer (SCMClientProtocolServer.java:stop(168)) - Stopping the RPC server for Client Protocol
2019-10-07 12:16:22,409 [main] INFO  ipc.Server (Server.java:stop(3082)) - Stopping server on 38612
2019-10-07 12:16:22,412 [IPC Server listener on 38612] INFO  ipc.Server (Server.java:run(1185)) - Stopping IPC Server listener on 38612
2019-10-07 12:16:22,412 [main] INFO  server.StorageContainerManager (StorageContainerManager.java:stop(844)) - Stopping Storage Container Manager HTTP server.
2019-10-07 12:16:22,412 [IPC Server Responder] INFO  ipc.Server (Server.java:run(1319)) - Stopping IPC Server Responder
2019-10-07 12:16:22,413 [main] INFO  handler.ContextHandler (ContextHandler.java:doStop(910)) - Stopped o.e.j.w.WebAppContext@76563ae7{/,null,UNAVAILABLE}{/scm}
2019-10-07 12:16:22,414 [main] INFO  server.AbstractConnector (AbstractConnector.java:doStop(318)) - Stopped ServerConnector@4fd74223{HTTP/1.1,[http/1.1]}{0.0.0.0:0}
2019-10-07 12:16:22,414 [main] INFO  handler.ContextHandler (ContextHandler.java:doStop(910)) - Stopped o.e.j.s.ServletContextHandler@4837f97e{/static,file:///workdir/hadoop-ozone/integration-test/target/test-classes/webapps/static,UNAVAILABLE}
2019-10-07 12:16:22,414 [main] INFO  handler.ContextHandler (ContextHandler.java:doStop(910)) - Stopped o.e.j.s.ServletContextHandler@17c4dc5b{/logs,file:///workdir/hadoop-ozone/integration-test/target/log,UNAVAILABLE}
2019-10-07 12:16:22,415 [main] INFO  server.StorageContainerManager (StorageContainerManager.java:stop(855)) - Stopping Block Manager Service.
2019-10-07 12:16:22,415 [main] INFO  utils.BackgroundService (BackgroundService.java:shutdown(148)) - Shutting down service SCMBlockDeletingService
2019-10-07 12:16:22,416 [main] INFO  utils.BackgroundService (BackgroundService.java:shutdown(148)) - Shutting down service SCMBlockDeletingService
2019-10-07 12:16:22,416 [main] INFO  server.StorageContainerManager (StorageContainerManager.java:stop(877)) - Stopping SCM Event Queue.
2019-10-07 12:16:22,420 [main] INFO  impl.MetricsSystemImpl (MetricsSystemImpl.java:stop(210)) - Stopping HddsDatanode metrics system...
2019-10-07 12:16:22,444 [main] INFO  impl.MetricsSystemImpl (MetricsSystemImpl.java:stop(216)) - HddsDatanode metrics system stopped.
]]></system-out>
    <system-err><![CDATA[Oct 07, 2019 12:16:17 PM org.apache.ratis.thirdparty.io.grpc.internal.SerializingExecutor run
SEVERE: Exception while executing runnable org.apache.ratis.thirdparty.io.grpc.internal.ServerImpl$JumpToApplicationThreadServerStreamListener$1Closed@44e6d55d
org.apache.ratis.thirdparty.io.grpc.StatusRuntimeException: CANCELLED: call already cancelled
	at org.apache.ratis.thirdparty.io.grpc.Status.asRuntimeException(Status.java:517)
	at org.apache.ratis.thirdparty.io.grpc.stub.ServerCalls$ServerCallStreamObserverImpl.onCompleted(ServerCalls.java:356)
	at org.apache.ratis.grpc.server.GrpcServerProtocolService$ServerRequestStreamObserver.onError(GrpcServerProtocolService.java:121)
	at org.apache.ratis.thirdparty.io.grpc.stub.ServerCalls$StreamingServerCallHandler$StreamingServerCallListener.onCancel(ServerCalls.java:269)
	at org.apache.ratis.thirdparty.io.grpc.internal.ServerCallImpl$ServerStreamListenerImpl.closed(ServerCallImpl.java:293)
	at org.apache.ratis.thirdparty.io.grpc.internal.ServerImpl$JumpToApplicationThreadServerStreamListener$1Closed.runInContext(ServerImpl.java:741)
	at org.apache.ratis.thirdparty.io.grpc.internal.ContextRunnable.run(ContextRunnable.java:37)
	at org.apache.ratis.thirdparty.io.grpc.internal.SerializingExecutor.run(SerializingExecutor.java:123)
	at java.util.concurrent.ThreadPoolExecutor.runWorker(ThreadPoolExecutor.java:1149)
	at java.util.concurrent.ThreadPoolExecutor$Worker.run(ThreadPoolExecutor.java:624)
	at java.lang.Thread.run(Thread.java:748)

]]></system-err>
  </testcase>
  <testcase name="testFailureWithPrimeSizedData" classname="org.apache.hadoop.ozone.client.rpc.TestBlockOutputStreamWithFailures" time="33.168"/>
  <testcase name="testWatchForCommitWithCloseContainerException" classname="org.apache.hadoop.ozone.client.rpc.TestBlockOutputStreamWithFailures" time="34.459"/>
  <testcase name="testExceptionDuringClose" classname="org.apache.hadoop.ozone.client.rpc.TestBlockOutputStreamWithFailures" time="37.446"/>
</testsuite>