<?xml version="1.0" encoding="UTF-8"?>
<testsuite xmlns:xsi="http://www.w3.org/2001/XMLSchema-instance" xsi:noNamespaceSchemaLocation="https://maven.apache.org/surefire/maven-surefire-plugin/xsd/surefire-test-report.xsd" name="org.apache.hadoop.ozone.client.rpc.TestMultiBlockWritesWithDnFailures" time="189.336" tests="2" errors="0" skipped="0" failures="1">
  <properties>
    <property name="awt.toolkit" value="sun.awt.X11.XToolkit"/>
    <property name="file.encoding.pkg" value="sun.io"/>
    <property name="java.specification.version" value="1.8"/>
    <property name="sun.cpu.isalist" value=""/>
    <property name="sun.jnu.encoding" value="ANSI_X3.4-1968"/>
    <property name="java.class.path" value="/workdir/hadoop-ozone/integration-test/target/test-classes:/workdir/hadoop-ozone/integration-test/target/classes:/home/user/.m2/repository/org/apache/hadoop/hadoop-ozone-common/0.5.0-SNAPSHOT/hadoop-ozone-common-0.5.0-SNAPSHOT.jar:/home/user/.m2/repository/org/apache/commons/commons-compress/1.4.1/commons-compress-1.4.1.jar:/home/user/.m2/repository/org/tukaani/xz/1.0/xz-1.0.jar:/home/user/.m2/repository/org/apache/hadoop/hadoop-common/3.2.0/hadoop-common-3.2.0.jar:/home/user/.m2/repository/org/apache/hadoop/hadoop-hdfs/3.2.0/hadoop-hdfs-3.2.0.jar:/home/user/.m2/repository/org/apache/hadoop/hadoop-hdfs-client/3.2.0/hadoop-hdfs-client-3.2.0.jar:/home/user/.m2/repository/com/fasterxml/jackson/core/jackson-annotations/2.9.9/jackson-annotations-2.9.9.jar:/home/user/.m2/repository/org/apache/hadoop/hadoop-hdds-common/0.5.0-SNAPSHOT/hadoop-hdds-common-0.5.0-SNAPSHOT.jar:/home/user/.m2/repository/javax/annotation/javax.annotation-api/1.2/javax.annotation-api-1.2.jar:/home/user/.m2/repository/org/apache/ratis/ratis-server/0.5.0-3f446aa-SNAPSHOT/ratis-server-0.5.0-3f446aa-SNAPSHOT.jar:/home/user/.m2/repository/org/apache/ratis/ratis-thirdparty-misc/0.2.0/ratis-thirdparty-misc-0.2.0.jar:/home/user/.m2/repository/org/apache/ratis/ratis-proto/0.5.0-3f446aa-SNAPSHOT/ratis-proto-0.5.0-3f446aa-SNAPSHOT.jar:/home/user/.m2/repository/org/apache/ratis/ratis-common/0.5.0-3f446aa-SNAPSHOT/ratis-common-0.5.0-3f446aa-SNAPSHOT.jar:/home/user/.m2/repository/org/apache/ratis/ratis-client/0.5.0-3f446aa-SNAPSHOT/ratis-client-0.5.0-3f446aa-SNAPSHOT.jar:/home/user/.m2/repository/org/apache/ratis/ratis-metrics/0.5.0-3f446aa-SNAPSHOT/ratis-metrics-0.5.0-3f446aa-SNAPSHOT.jar:/home/user/.m2/repository/com/github/joshelser/dropwizard-metrics-hadoop-metrics2-reporter/0.1.2/dropwizard-metrics-hadoop-metrics2-reporter-0.1.2.jar:/home/user/.m2/repository/io/dropwizard/metrics/metrics-jvm/3.2.5/metrics-jvm-3.2.5.jar:/home/user/.m2/repository/io/dropwizard/metrics/metrics-ganglia/3.2.5/metrics-ganglia-3.2.5.jar:/home/user/.m2/repository/info/ganglia/gmetric4j/gmetric4j/1.0.7/gmetric4j-1.0.7.jar:/home/user/.m2/repository/org/apache/ratis/ratis-netty/0.5.0-3f446aa-SNAPSHOT/ratis-netty-0.5.0-3f446aa-SNAPSHOT.jar:/home/user/.m2/repository/org/apache/ratis/ratis-grpc/0.5.0-3f446aa-SNAPSHOT/ratis-grpc-0.5.0-3f446aa-SNAPSHOT.jar:/home/user/.m2/repository/org/rocksdb/rocksdbjni/6.0.1/rocksdbjni-6.0.1.jar:/home/user/.m2/repository/org/apache/logging/log4j/log4j-api/2.11.0/log4j-api-2.11.0.jar:/home/user/.m2/repository/org/apache/logging/log4j/log4j-core/2.11.0/log4j-core-2.11.0.jar:/home/user/.m2/repository/com/lmax/disruptor/3.4.2/disruptor-3.4.2.jar:/home/user/.m2/repository/org/apache/commons/commons-pool2/2.6.0/commons-pool2-2.6.0.jar:/home/user/.m2/repository/org/bouncycastle/bcpkix-jdk15on/1.60/bcpkix-jdk15on-1.60.jar:/home/user/.m2/repository/commons-validator/commons-validator/1.6/commons-validator-1.6.jar:/home/user/.m2/repository/commons-digester/commons-digester/1.8.1/commons-digester-1.8.1.jar:/home/user/.m2/repository/io/jaegertracing/jaeger-client/0.34.0/jaeger-client-0.34.0.jar:/home/user/.m2/repository/io/jaegertracing/jaeger-thrift/0.34.0/jaeger-thrift-0.34.0.jar:/home/user/.m2/repository/org/apache/thrift/libthrift/0.12.0/libthrift-0.12.0.jar:/home/user/.m2/repository/com/squareup/okhttp3/okhttp/3.9.0/okhttp-3.9.0.jar:/home/user/.m2/repository/com/squareup/okio/okio/1.13.0/okio-1.13.0.jar:/home/user/.m2/repository/io/jaegertracing/jaeger-core/0.34.0/jaeger-core-0.34.0.jar:/home/user/.m2/repository/io/jaegertracing/jaeger-tracerresolver/0.34.0/jaeger-tracerresolver-0.34.0.jar:/home/user/.m2/repository/io/opentracing/contrib/opentracing-tracerresolver/0.1.5/opentracing-tracerresolver-0.1.5.jar:/home/user/.m2/repository/io/opentracing/opentracing-util/0.31.0/opentracing-util-0.31.0.jar:/home/user/.m2/repository/io/opentracing/opentracing-api/0.31.0/opentracing-api-0.31.0.jar:/home/user/.m2/repository/io/opentracing/opentracing-noop/0.31.0/opentracing-noop-0.31.0.jar:/home/user/.m2/repository/org/apache/hadoop/hadoop-hdds-server-framework/0.5.0-SNAPSHOT/hadoop-hdds-server-framework-0.5.0-SNAPSHOT.jar:/home/user/.m2/repository/org/apache/hadoop/hadoop-hdds-container-service/0.5.0-SNAPSHOT/hadoop-hdds-container-service-0.5.0-SNAPSHOT.jar:/home/user/.m2/repository/org/apache/hadoop/hadoop-hdds-client/0.5.0-SNAPSHOT/hadoop-hdds-client-0.5.0-SNAPSHOT.jar:/home/user/.m2/repository/org/apache/hadoop/hadoop-hdds-tools/0.5.0-SNAPSHOT/hadoop-hdds-tools-0.5.0-SNAPSHOT.jar:/home/user/.m2/repository/org/apache/hadoop/hadoop-hdds-server-scm/0.5.0-SNAPSHOT/hadoop-hdds-server-scm-0.5.0-SNAPSHOT.jar:/home/user/.m2/repository/org/apache/hadoop/hadoop-hdds-docs/0.5.0-SNAPSHOT/hadoop-hdds-docs-0.5.0-SNAPSHOT.jar:/home/user/.m2/repository/io/dropwizard/metrics/metrics-core/3.2.4/metrics-core-3.2.4.jar:/home/user/.m2/repository/org/hamcrest/hamcrest-all/1.3/hamcrest-all-1.3.jar:/home/user/.m2/repository/org/bouncycastle/bcprov-jdk15on/1.60/bcprov-jdk15on-1.60.jar:/home/user/.m2/repository/info/picocli/picocli/3.9.6/picocli-3.9.6.jar:/home/user/.m2/repository/com/google/protobuf/protobuf-java/2.5.0/protobuf-java-2.5.0.jar:/home/user/.m2/repository/com/google/guava/guava/11.0.2/guava-11.0.2.jar:/home/user/.m2/repository/org/apache/hadoop/hadoop-ozone-ozone-manager/0.5.0-SNAPSHOT/hadoop-ozone-ozone-manager-0.5.0-SNAPSHOT.jar:/home/user/.m2/repository/org/apache/hadoop/hadoop-minikdc/3.2.0/hadoop-minikdc-3.2.0.jar:/home/user/.m2/repository/commons-io/commons-io/2.5/commons-io-2.5.jar:/home/user/.m2/repository/org/apache/kerby/kerb-simplekdc/1.0.1/kerb-simplekdc-1.0.1.jar:/home/user/.m2/repository/org/apache/kerby/kerb-client/1.0.1/kerb-client-1.0.1.jar:/home/user/.m2/repository/org/apache/kerby/kerby-config/1.0.1/kerby-config-1.0.1.jar:/home/user/.m2/repository/org/apache/kerby/kerb-core/1.0.1/kerb-core-1.0.1.jar:/home/user/.m2/repository/org/apache/kerby/kerby-pkix/1.0.1/kerby-pkix-1.0.1.jar:/home/user/.m2/repository/org/apache/kerby/kerby-asn1/1.0.1/kerby-asn1-1.0.1.jar:/home/user/.m2/repository/org/apache/kerby/kerby-util/1.0.1/kerby-util-1.0.1.jar:/home/user/.m2/repository/org/apache/kerby/kerb-common/1.0.1/kerb-common-1.0.1.jar:/home/user/.m2/repository/org/apache/kerby/kerb-crypto/1.0.1/kerb-crypto-1.0.1.jar:/home/user/.m2/repository/org/apache/kerby/kerb-util/1.0.1/kerb-util-1.0.1.jar:/home/user/.m2/repository/org/apache/kerby/token-provider/1.0.1/token-provider-1.0.1.jar:/home/user/.m2/repository/org/apache/kerby/kerb-admin/1.0.1/kerb-admin-1.0.1.jar:/home/user/.m2/repository/org/apache/kerby/kerb-server/1.0.1/kerb-server-1.0.1.jar:/home/user/.m2/repository/org/apache/kerby/kerb-identity/1.0.1/kerb-identity-1.0.1.jar:/home/user/.m2/repository/org/apache/kerby/kerby-xdr/1.0.1/kerby-xdr-1.0.1.jar:/home/user/.m2/repository/org/slf4j/slf4j-log4j12/1.7.25/slf4j-log4j12-1.7.25.jar:/home/user/.m2/repository/org/apache/hadoop/hadoop-ozone-s3gateway/0.5.0-SNAPSHOT/hadoop-ozone-s3gateway-0.5.0-SNAPSHOT.jar:/home/user/.m2/repository/org/jboss/weld/servlet/weld-servlet/2.4.7.Final/weld-servlet-2.4.7.Final.jar:/home/user/.m2/repository/org/glassfish/jersey/containers/jersey-container-servlet-core/2.27/jersey-container-servlet-core-2.27.jar:/home/user/.m2/repository/org/glassfish/hk2/external/javax.inject/2.5.0-b42/javax.inject-2.5.0-b42.jar:/home/user/.m2/repository/org/glassfish/jersey/core/jersey-common/2.27/jersey-common-2.27.jar:/home/user/.m2/repository/org/glassfish/hk2/osgi-resource-locator/1.0.1/osgi-resource-locator-1.0.1.jar:/home/user/.m2/repository/javax/ws/rs/javax.ws.rs-api/2.1/javax.ws.rs-api-2.1.jar:/home/user/.m2/repository/org/glassfish/jersey/ext/cdi/jersey-cdi1x/2.27/jersey-cdi1x-2.27.jar:/home/user/.m2/repository/org/glassfish/jersey/inject/jersey-hk2/2.27/jersey-hk2-2.27.jar:/home/user/.m2/repository/org/glassfish/hk2/hk2-locator/2.5.0-b42/hk2-locator-2.5.0-b42.jar:/home/user/.m2/repository/org/javassist/javassist/3.22.0-CR2/javassist-3.22.0-CR2.jar:/home/user/.m2/repository/org/glassfish/hk2/hk2-api/2.5.0/hk2-api-2.5.0.jar:/home/user/.m2/repository/org/glassfish/hk2/external/jakarta.inject/2.5.0/jakarta.inject-2.5.0.jar:/home/user/.m2/repository/org/glassfish/hk2/hk2-utils/2.5.0/hk2-utils-2.5.0.jar:/home/user/.m2/repository/jakarta/annotation/jakarta.annotation-api/1.3.4/jakarta.annotation-api-1.3.4.jar:/home/user/.m2/repository/org/glassfish/hk2/external/aopalliance-repackaged/2.5.0/aopalliance-repackaged-2.5.0.jar:/home/user/.m2/repository/com/fasterxml/jackson/dataformat/jackson-dataformat-xml/2.9.0/jackson-dataformat-xml-2.9.0.jar:/home/user/.m2/repository/com/fasterxml/jackson/core/jackson-core/2.9.9/jackson-core-2.9.9.jar:/home/user/.m2/repository/com/fasterxml/jackson/module/jackson-module-jaxb-annotations/2.9.9/jackson-module-jaxb-annotations-2.9.9.jar:/home/user/.m2/repository/javax/enterprise/cdi-api/1.2/cdi-api-1.2.jar:/home/user/.m2/repository/javax/el/javax.el-api/3.0.0/javax.el-api-3.0.0.jar:/home/user/.m2/repository/javax/interceptor/javax.interceptor-api/1.2/javax.interceptor-api-1.2.jar:/home/user/.m2/repository/javax/inject/javax.inject/1/javax.inject-1.jar:/home/user/.m2/repository/com/sun/xml/bind/jaxb-impl/2.3.0.1/jaxb-impl-2.3.0.1.jar:/home/user/.m2/repository/com/sun/xml/bind/jaxb-core/2.3.0.1/jaxb-core-2.3.0.1.jar:/home/user/.m2/repository/javax/xml/bind/jaxb-api/2.3.0/jaxb-api-2.3.0.jar:/home/user/.m2/repository/javax/activation/activation/1.1.1/activation-1.1.1.jar:/home/user/.m2/repository/org/apache/hadoop/hadoop-ozone-csi/0.5.0-SNAPSHOT/hadoop-ozone-csi-0.5.0-SNAPSHOT.jar:/home/user/.m2/repository/com/google/protobuf/protobuf-java-util/3.5.1/protobuf-java-util-3.5.1.jar:/home/user/.m2/repository/org/apache/hadoop/hadoop-hdds-config/0.5.0-SNAPSHOT/hadoop-hdds-config-0.5.0-SNAPSHOT.jar:/home/user/.m2/repository/io/grpc/grpc-netty/1.17.1/grpc-netty-1.17.1.jar:/home/user/.m2/repository/io/grpc/grpc-core/1.17.1/grpc-core-1.17.1.jar:/home/user/.m2/repository/io/grpc/grpc-context/1.17.1/grpc-context-1.17.1.jar:/home/user/.m2/repository/com/google/errorprone/error_prone_annotations/2.2.0/error_prone_annotations-2.2.0.jar:/home/user/.m2/repository/org/codehaus/mojo/animal-sniffer-annotations/1.17/animal-sniffer-annotations-1.17.jar:/home/user/.m2/repository/io/opencensus/opencensus-api/0.17.0/opencensus-api-0.17.0.jar:/home/user/.m2/repository/io/opencensus/opencensus-contrib-grpc-metrics/0.17.0/opencensus-contrib-grpc-metrics-0.17.0.jar:/home/user/.m2/repository/io/netty/netty-codec-http2/4.1.30.Final/netty-codec-http2-4.1.30.Final.jar:/home/user/.m2/repository/io/netty/netty-codec-http/4.1.30.Final/netty-codec-http-4.1.30.Final.jar:/home/user/.m2/repository/io/netty/netty-codec/4.1.30.Final/netty-codec-4.1.30.Final.jar:/home/user/.m2/repository/io/netty/netty-handler/4.1.30.Final/netty-handler-4.1.30.Final.jar:/home/user/.m2/repository/io/netty/netty-handler-proxy/4.1.30.Final/netty-handler-proxy-4.1.30.Final.jar:/home/user/.m2/repository/io/netty/netty-codec-socks/4.1.30.Final/netty-codec-socks-4.1.30.Final.jar:/home/user/.m2/repository/io/netty/netty-transport-native-epoll/4.1.30.Final/netty-transport-native-epoll-4.1.30.Final.jar:/home/user/.m2/repository/io/netty/netty-common/4.1.30.Final/netty-common-4.1.30.Final.jar:/home/user/.m2/repository/io/netty/netty-buffer/4.1.30.Final/netty-buffer-4.1.30.Final.jar:/home/user/.m2/repository/io/netty/netty-transport/4.1.30.Final/netty-transport-4.1.30.Final.jar:/home/user/.m2/repository/io/netty/netty-resolver/4.1.30.Final/netty-resolver-4.1.30.Final.jar:/home/user/.m2/repository/io/netty/netty-transport-native-unix-common/4.1.30.Final/netty-transport-native-unix-common-4.1.30.Final.jar:/home/user/.m2/repository/io/grpc/grpc-protobuf/1.17.1/grpc-protobuf-1.17.1.jar:/home/user/.m2/repository/com/google/api/grpc/proto-google-common-protos/1.0.0/proto-google-common-protos-1.0.0.jar:/home/user/.m2/repository/io/grpc/grpc-protobuf-lite/1.17.1/grpc-protobuf-lite-1.17.1.jar:/home/user/.m2/repository/io/grpc/grpc-stub/1.17.1/grpc-stub-1.17.1.jar:/home/user/.m2/repository/org/apache/hadoop/hadoop-ozone-recon/0.5.0-SNAPSHOT/hadoop-ozone-recon-0.5.0-SNAPSHOT.jar:/home/user/.m2/repository/org/apache/hadoop/hadoop-ozone-reconcodegen/0.5.0-SNAPSHOT/hadoop-ozone-reconcodegen-0.5.0-SNAPSHOT.jar:/home/user/.m2/repository/com/google/inject/extensions/guice-multibindings/4.0/guice-multibindings-4.0.jar:/home/user/.m2/repository/com/google/inject/guice/4.0/guice-4.0.jar:/home/user/.m2/repository/aopalliance/aopalliance/1.0/aopalliance-1.0.jar:/home/user/.m2/repository/com/google/inject/extensions/guice-servlet/4.0/guice-servlet-4.0.jar:/home/user/.m2/repository/org/glassfish/jersey/containers/jersey-container-servlet/2.27/jersey-container-servlet-2.27.jar:/home/user/.m2/repository/org/glassfish/hk2/guice-bridge/2.5.0/guice-bridge-2.5.0.jar:/home/user/.m2/repository/org/glassfish/jersey/core/jersey-server/2.27/jersey-server-2.27.jar:/home/user/.m2/repository/org/glassfish/jersey/core/jersey-client/2.27/jersey-client-2.27.jar:/home/user/.m2/repository/org/glassfish/jersey/media/jersey-media-jaxb/2.27/jersey-media-jaxb-2.27.jar:/home/user/.m2/repository/javax/validation/validation-api/1.1.0.Final/validation-api-1.1.0.Final.jar:/home/user/.m2/repository/org/glassfish/jersey/media/jersey-media-json-jackson/2.27/jersey-media-json-jackson-2.27.jar:/home/user/.m2/repository/org/glassfish/jersey/ext/jersey-entity-filtering/2.27/jersey-entity-filtering-2.27.jar:/home/user/.m2/repository/com/google/inject/extensions/guice-assistedinject/4.0/guice-assistedinject-4.0.jar:/home/user/.m2/repository/org/jooq/jooq/3.11.10/jooq-3.11.10.jar:/home/user/.m2/repository/org/jooq/jooq-meta/3.11.10/jooq-meta-3.11.10.jar:/home/user/.m2/repository/org/jooq/jooq-codegen/3.11.10/jooq-codegen-3.11.10.jar:/home/user/.m2/repository/com/jolbox/bonecp/0.8.0.RELEASE/bonecp-0.8.0.RELEASE.jar:/home/user/.m2/repository/org/xerial/sqlite-jdbc/3.25.2/sqlite-jdbc-3.25.2.jar:/home/user/.m2/repository/org/springframework/spring-jdbc/5.1.3.RELEASE/spring-jdbc-5.1.3.RELEASE.jar:/home/user/.m2/repository/org/springframework/spring-beans/5.1.3.RELEASE/spring-beans-5.1.3.RELEASE.jar:/home/user/.m2/repository/org/springframework/spring-core/5.1.3.RELEASE/spring-core-5.1.3.RELEASE.jar:/home/user/.m2/repository/org/springframework/spring-jcl/5.1.3.RELEASE/spring-jcl-5.1.3.RELEASE.jar:/home/user/.m2/repository/org/springframework/spring-tx/5.1.3.RELEASE/spring-tx-5.1.3.RELEASE.jar:/home/user/.m2/repository/org/apache/hadoop/hadoop-ozone-client/0.5.0-SNAPSHOT/hadoop-ozone-client-0.5.0-SNAPSHOT.jar:/home/user/.m2/repository/commons-lang/commons-lang/2.6/commons-lang-2.6.jar:/home/user/.m2/repository/org/apache/hadoop/hadoop-ozone-ozone-manager/0.5.0-SNAPSHOT/hadoop-ozone-ozone-manager-0.5.0-SNAPSHOT-tests.jar:/home/user/.m2/repository/junit/junit/4.11/junit-4.11.jar:/home/user/.m2/repository/org/hamcrest/hamcrest-core/1.3/hamcrest-core-1.3.jar:/home/user/.m2/repository/org/openjdk/jmh/jmh-core/1.19/jmh-core-1.19.jar:/home/user/.m2/repository/net/sf/jopt-simple/jopt-simple/4.6/jopt-simple-4.6.jar:/home/user/.m2/repository/org/apache/commons/commons-math3/3.1.1/commons-math3-3.1.1.jar:/home/user/.m2/repository/org/openjdk/jmh/jmh-generator-annprocess/1.19/jmh-generator-annprocess-1.19.jar:/home/user/.m2/repository/org/mockito/mockito-all/1.8.5/mockito-all-1.8.5.jar:/home/user/.m2/repository/org/apache/hadoop/hadoop-kms/3.2.0/hadoop-kms-3.2.0.jar:/home/user/.m2/repository/org/apache/hadoop/hadoop-auth/3.2.0/hadoop-auth-3.2.0.jar:/home/user/.m2/repository/com/nimbusds/nimbus-jose-jwt/4.41.1/nimbus-jose-jwt-4.41.1.jar:/home/user/.m2/repository/com/github/stephenc/jcip/jcip-annotations/1.0-1/jcip-annotations-1.0-1.jar:/home/user/.m2/repository/net/minidev/json-smart/2.3/json-smart-2.3.jar:/home/user/.m2/repository/net/minidev/accessors-smart/1.2/accessors-smart-1.2.jar:/home/user/.m2/repository/org/ow2/asm/asm/5.0.4/asm-5.0.4.jar:/home/user/.m2/repository/org/apache/curator/curator-framework/2.12.0/curator-framework-2.12.0.jar:/home/user/.m2/repository/com/sun/jersey/jersey-core/1.19/jersey-core-1.19.jar:/home/user/.m2/repository/javax/ws/rs/jsr311-api/1.1.1/jsr311-api-1.1.1.jar:/home/user/.m2/repository/com/sun/jersey/jersey-server/1.19/jersey-server-1.19.jar:/home/user/.m2/repository/javax/servlet/javax.servlet-api/3.1.0/javax.servlet-api-3.1.0.jar:/home/user/.m2/repository/org/eclipse/jetty/jetty-server/9.3.25.v20180904/jetty-server-9.3.25.v20180904.jar:/home/user/.m2/repository/org/eclipse/jetty/jetty-http/9.3.25.v20180904/jetty-http-9.3.25.v20180904.jar:/home/user/.m2/repository/org/eclipse/jetty/jetty-io/9.3.25.v20180904/jetty-io-9.3.25.v20180904.jar:/home/user/.m2/repository/org/eclipse/jetty/jetty-webapp/9.3.25.v20180904/jetty-webapp-9.3.25.v20180904.jar:/home/user/.m2/repository/org/eclipse/jetty/jetty-xml/9.3.25.v20180904/jetty-xml-9.3.25.v20180904.jar:/home/user/.m2/repository/log4j/log4j/1.2.17/log4j-1.2.17.jar:/home/user/.m2/repository/org/slf4j/slf4j-api/1.7.25/slf4j-api-1.7.25.jar:/home/user/.m2/repository/org/slf4j/jul-to-slf4j/1.7.25/jul-to-slf4j-1.7.25.jar:/home/user/.m2/repository/org/eclipse/jetty/jetty-util/9.3.25.v20180904/jetty-util-9.3.25.v20180904.jar:/home/user/.m2/repository/com/fasterxml/jackson/core/jackson-databind/2.9.9/jackson-databind-2.9.9.jar:/home/user/.m2/repository/org/apache/hadoop/hadoop-kms/3.2.0/hadoop-kms-3.2.0-tests.jar:/home/user/.m2/repository/org/apache/hadoop/hadoop-hdds-server-scm/0.5.0-SNAPSHOT/hadoop-hdds-server-scm-0.5.0-SNAPSHOT-tests.jar:/home/user/.m2/repository/org/apache/hadoop/hadoop-hdds-container-service/0.5.0-SNAPSHOT/hadoop-hdds-container-service-0.5.0-SNAPSHOT-tests.jar:/home/user/.m2/repository/org/yaml/snakeyaml/1.16/snakeyaml-1.16.jar:/home/user/.m2/repository/org/apache/hadoop/hadoop-common/3.2.0/hadoop-common-3.2.0-tests.jar:/home/user/.m2/repository/org/apache/hadoop/hadoop-annotations/3.2.0/hadoop-annotations-3.2.0.jar:/usr/lib/jvm/java-1.8.0-openjdk-1.8.0.222.b10-1.el7_7.x86_64/jre/../lib/tools.jar:/home/user/.m2/repository/commons-cli/commons-cli/1.2/commons-cli-1.2.jar:/home/user/.m2/repository/org/apache/httpcomponents/httpclient/4.5.2/httpclient-4.5.2.jar:/home/user/.m2/repository/org/apache/httpcomponents/httpcore/4.4.4/httpcore-4.4.4.jar:/home/user/.m2/repository/commons-codec/commons-codec/1.11/commons-codec-1.11.jar:/home/user/.m2/repository/commons-net/commons-net/3.6/commons-net-3.6.jar:/home/user/.m2/repository/commons-collections/commons-collections/3.2.2/commons-collections-3.2.2.jar:/home/user/.m2/repository/org/eclipse/jetty/jetty-servlet/9.3.25.v20180904/jetty-servlet-9.3.25.v20180904.jar:/home/user/.m2/repository/org/eclipse/jetty/jetty-security/9.3.25.v20180904/jetty-security-9.3.25.v20180904.jar:/home/user/.m2/repository/javax/servlet/jsp/jsp-api/2.1/jsp-api-2.1.jar:/home/user/.m2/repository/com/sun/jersey/jersey-servlet/1.19/jersey-servlet-1.19.jar:/home/user/.m2/repository/com/sun/jersey/jersey-json/1.19/jersey-json-1.19.jar:/home/user/.m2/repository/org/codehaus/jettison/jettison/1.1/jettison-1.1.jar:/home/user/.m2/repository/org/codehaus/jackson/jackson-core-asl/1.9.13/jackson-core-asl-1.9.13.jar:/home/user/.m2/repository/org/codehaus/jackson/jackson-mapper-asl/1.9.13/jackson-mapper-asl-1.9.13.jar:/home/user/.m2/repository/org/codehaus/jackson/jackson-jaxrs/1.9.13/jackson-jaxrs-1.9.13.jar:/home/user/.m2/repository/org/codehaus/jackson/jackson-xc/1.9.13/jackson-xc-1.9.13.jar:/home/user/.m2/repository/commons-logging/commons-logging/1.1.3/commons-logging-1.1.3.jar:/home/user/.m2/repository/commons-beanutils/commons-beanutils/1.9.4/commons-beanutils-1.9.4.jar:/home/user/.m2/repository/org/apache/commons/commons-configuration2/2.1.1/commons-configuration2-2.1.1.jar:/home/user/.m2/repository/org/apache/commons/commons-lang3/3.7/commons-lang3-3.7.jar:/home/user/.m2/repository/org/apache/commons/commons-text/1.4/commons-text-1.4.jar:/home/user/.m2/repository/org/apache/avro/avro/1.7.7/avro-1.7.7.jar:/home/user/.m2/repository/com/thoughtworks/paranamer/paranamer/2.3/paranamer-2.3.jar:/home/user/.m2/repository/org/xerial/snappy/snappy-java/1.0.5/snappy-java-1.0.5.jar:/home/user/.m2/repository/com/google/re2j/re2j/1.1/re2j-1.1.jar:/home/user/.m2/repository/com/google/code/gson/gson/2.2.4/gson-2.2.4.jar:/home/user/.m2/repository/com/jcraft/jsch/0.1.54/jsch-0.1.54.jar:/home/user/.m2/repository/org/apache/curator/curator-client/2.12.0/curator-client-2.12.0.jar:/home/user/.m2/repository/org/apache/curator/curator-recipes/2.12.0/curator-recipes-2.12.0.jar:/home/user/.m2/repository/com/google/code/findbugs/jsr305/3.0.0/jsr305-3.0.0.jar:/home/user/.m2/repository/org/apache/htrace/htrace-core4/4.1.0-incubating/htrace-core4-4.1.0-incubating.jar:/home/user/.m2/repository/org/apache/zookeeper/zookeeper/3.4.13/zookeeper-3.4.13.jar:/home/user/.m2/repository/jline/jline/0.9.94/jline-0.9.94.jar:/home/user/.m2/repository/org/apache/yetus/audience-annotations/0.5.0/audience-annotations-0.5.0.jar:/home/user/.m2/repository/org/codehaus/woodstox/stax2-api/3.1.4/stax2-api-3.1.4.jar:/home/user/.m2/repository/com/fasterxml/woodstox/woodstox-core/5.0.3/woodstox-core-5.0.3.jar:/home/user/.m2/repository/dnsjava/dnsjava/2.1.7/dnsjava-2.1.7.jar:/home/user/.m2/repository/org/apache/hadoop/hadoop-hdfs/3.2.0/hadoop-hdfs-3.2.0-tests.jar:/home/user/.m2/repository/org/eclipse/jetty/jetty-util-ajax/9.3.25.v20180904/jetty-util-ajax-9.3.25.v20180904.jar:/home/user/.m2/repository/commons-daemon/commons-daemon/1.0.13/commons-daemon-1.0.13.jar:/home/user/.m2/repository/io/netty/netty/3.10.5.Final/netty-3.10.5.Final.jar:/home/user/.m2/repository/io/netty/netty-all/4.0.52.Final/netty-all-4.0.52.Final.jar:/home/user/.m2/repository/org/fusesource/leveldbjni/leveldbjni-all/1.8/leveldbjni-all-1.8.jar:"/>
    <property name="java.vm.vendor" value="Oracle Corporation"/>
    <property name="sun.arch.data.model" value="64"/>
    <property name="test.build.dir" value="/workdir/hadoop-ozone/integration-test/target/test-dir"/>
    <property name="test.cache.data" value=""/>
    <property name="java.vendor.url" value="http://java.oracle.com/"/>
    <property name="user.timezone" value=""/>
    <property name="java.vm.specification.version" value="1.8"/>
    <property name="os.name" value="Linux"/>
    <property name="test.build.data" value="/workdir/hadoop-ozone/integration-test/target/test-dir"/>
    <property name="user.country" value="US"/>
    <property name="sun.java.launcher" value="SUN_STANDARD"/>
    <property name="sun.boot.library.path" value="/usr/lib/jvm/java-1.8.0-openjdk-1.8.0.222.b10-1.el7_7.x86_64/jre/lib/amd64"/>
    <property name="sun.java.command" value="/workdir/hadoop-ozone/integration-test/target/surefire/surefirebooter5151295784198955132.jar /workdir/hadoop-ozone/integration-test/target/surefire 2019-10-19T00-30-45_172-jvmRun1 surefire494435656836598290tmp surefire_362771477173047052539tmp"/>
    <property name="surefire.test.class.path" value="/workdir/hadoop-ozone/integration-test/target/test-classes:/workdir/hadoop-ozone/integration-test/target/classes:/home/user/.m2/repository/org/apache/hadoop/hadoop-ozone-common/0.5.0-SNAPSHOT/hadoop-ozone-common-0.5.0-SNAPSHOT.jar:/home/user/.m2/repository/org/apache/commons/commons-compress/1.4.1/commons-compress-1.4.1.jar:/home/user/.m2/repository/org/tukaani/xz/1.0/xz-1.0.jar:/home/user/.m2/repository/org/apache/hadoop/hadoop-common/3.2.0/hadoop-common-3.2.0.jar:/home/user/.m2/repository/org/apache/hadoop/hadoop-hdfs/3.2.0/hadoop-hdfs-3.2.0.jar:/home/user/.m2/repository/org/apache/hadoop/hadoop-hdfs-client/3.2.0/hadoop-hdfs-client-3.2.0.jar:/home/user/.m2/repository/com/fasterxml/jackson/core/jackson-annotations/2.9.9/jackson-annotations-2.9.9.jar:/home/user/.m2/repository/org/apache/hadoop/hadoop-hdds-common/0.5.0-SNAPSHOT/hadoop-hdds-common-0.5.0-SNAPSHOT.jar:/home/user/.m2/repository/javax/annotation/javax.annotation-api/1.2/javax.annotation-api-1.2.jar:/home/user/.m2/repository/org/apache/ratis/ratis-server/0.5.0-3f446aa-SNAPSHOT/ratis-server-0.5.0-3f446aa-SNAPSHOT.jar:/home/user/.m2/repository/org/apache/ratis/ratis-thirdparty-misc/0.2.0/ratis-thirdparty-misc-0.2.0.jar:/home/user/.m2/repository/org/apache/ratis/ratis-proto/0.5.0-3f446aa-SNAPSHOT/ratis-proto-0.5.0-3f446aa-SNAPSHOT.jar:/home/user/.m2/repository/org/apache/ratis/ratis-common/0.5.0-3f446aa-SNAPSHOT/ratis-common-0.5.0-3f446aa-SNAPSHOT.jar:/home/user/.m2/repository/org/apache/ratis/ratis-client/0.5.0-3f446aa-SNAPSHOT/ratis-client-0.5.0-3f446aa-SNAPSHOT.jar:/home/user/.m2/repository/org/apache/ratis/ratis-metrics/0.5.0-3f446aa-SNAPSHOT/ratis-metrics-0.5.0-3f446aa-SNAPSHOT.jar:/home/user/.m2/repository/com/github/joshelser/dropwizard-metrics-hadoop-metrics2-reporter/0.1.2/dropwizard-metrics-hadoop-metrics2-reporter-0.1.2.jar:/home/user/.m2/repository/io/dropwizard/metrics/metrics-jvm/3.2.5/metrics-jvm-3.2.5.jar:/home/user/.m2/repository/io/dropwizard/metrics/metrics-ganglia/3.2.5/metrics-ganglia-3.2.5.jar:/home/user/.m2/repository/info/ganglia/gmetric4j/gmetric4j/1.0.7/gmetric4j-1.0.7.jar:/home/user/.m2/repository/org/apache/ratis/ratis-netty/0.5.0-3f446aa-SNAPSHOT/ratis-netty-0.5.0-3f446aa-SNAPSHOT.jar:/home/user/.m2/repository/org/apache/ratis/ratis-grpc/0.5.0-3f446aa-SNAPSHOT/ratis-grpc-0.5.0-3f446aa-SNAPSHOT.jar:/home/user/.m2/repository/org/rocksdb/rocksdbjni/6.0.1/rocksdbjni-6.0.1.jar:/home/user/.m2/repository/org/apache/logging/log4j/log4j-api/2.11.0/log4j-api-2.11.0.jar:/home/user/.m2/repository/org/apache/logging/log4j/log4j-core/2.11.0/log4j-core-2.11.0.jar:/home/user/.m2/repository/com/lmax/disruptor/3.4.2/disruptor-3.4.2.jar:/home/user/.m2/repository/org/apache/commons/commons-pool2/2.6.0/commons-pool2-2.6.0.jar:/home/user/.m2/repository/org/bouncycastle/bcpkix-jdk15on/1.60/bcpkix-jdk15on-1.60.jar:/home/user/.m2/repository/commons-validator/commons-validator/1.6/commons-validator-1.6.jar:/home/user/.m2/repository/commons-digester/commons-digester/1.8.1/commons-digester-1.8.1.jar:/home/user/.m2/repository/io/jaegertracing/jaeger-client/0.34.0/jaeger-client-0.34.0.jar:/home/user/.m2/repository/io/jaegertracing/jaeger-thrift/0.34.0/jaeger-thrift-0.34.0.jar:/home/user/.m2/repository/org/apache/thrift/libthrift/0.12.0/libthrift-0.12.0.jar:/home/user/.m2/repository/com/squareup/okhttp3/okhttp/3.9.0/okhttp-3.9.0.jar:/home/user/.m2/repository/com/squareup/okio/okio/1.13.0/okio-1.13.0.jar:/home/user/.m2/repository/io/jaegertracing/jaeger-core/0.34.0/jaeger-core-0.34.0.jar:/home/user/.m2/repository/io/jaegertracing/jaeger-tracerresolver/0.34.0/jaeger-tracerresolver-0.34.0.jar:/home/user/.m2/repository/io/opentracing/contrib/opentracing-tracerresolver/0.1.5/opentracing-tracerresolver-0.1.5.jar:/home/user/.m2/repository/io/opentracing/opentracing-util/0.31.0/opentracing-util-0.31.0.jar:/home/user/.m2/repository/io/opentracing/opentracing-api/0.31.0/opentracing-api-0.31.0.jar:/home/user/.m2/repository/io/opentracing/opentracing-noop/0.31.0/opentracing-noop-0.31.0.jar:/home/user/.m2/repository/org/apache/hadoop/hadoop-hdds-server-framework/0.5.0-SNAPSHOT/hadoop-hdds-server-framework-0.5.0-SNAPSHOT.jar:/home/user/.m2/repository/org/apache/hadoop/hadoop-hdds-container-service/0.5.0-SNAPSHOT/hadoop-hdds-container-service-0.5.0-SNAPSHOT.jar:/home/user/.m2/repository/org/apache/hadoop/hadoop-hdds-client/0.5.0-SNAPSHOT/hadoop-hdds-client-0.5.0-SNAPSHOT.jar:/home/user/.m2/repository/org/apache/hadoop/hadoop-hdds-tools/0.5.0-SNAPSHOT/hadoop-hdds-tools-0.5.0-SNAPSHOT.jar:/home/user/.m2/repository/org/apache/hadoop/hadoop-hdds-server-scm/0.5.0-SNAPSHOT/hadoop-hdds-server-scm-0.5.0-SNAPSHOT.jar:/home/user/.m2/repository/org/apache/hadoop/hadoop-hdds-docs/0.5.0-SNAPSHOT/hadoop-hdds-docs-0.5.0-SNAPSHOT.jar:/home/user/.m2/repository/io/dropwizard/metrics/metrics-core/3.2.4/metrics-core-3.2.4.jar:/home/user/.m2/repository/org/hamcrest/hamcrest-all/1.3/hamcrest-all-1.3.jar:/home/user/.m2/repository/org/bouncycastle/bcprov-jdk15on/1.60/bcprov-jdk15on-1.60.jar:/home/user/.m2/repository/info/picocli/picocli/3.9.6/picocli-3.9.6.jar:/home/user/.m2/repository/com/google/protobuf/protobuf-java/2.5.0/protobuf-java-2.5.0.jar:/home/user/.m2/repository/com/google/guava/guava/11.0.2/guava-11.0.2.jar:/home/user/.m2/repository/org/apache/hadoop/hadoop-ozone-ozone-manager/0.5.0-SNAPSHOT/hadoop-ozone-ozone-manager-0.5.0-SNAPSHOT.jar:/home/user/.m2/repository/org/apache/hadoop/hadoop-minikdc/3.2.0/hadoop-minikdc-3.2.0.jar:/home/user/.m2/repository/commons-io/commons-io/2.5/commons-io-2.5.jar:/home/user/.m2/repository/org/apache/kerby/kerb-simplekdc/1.0.1/kerb-simplekdc-1.0.1.jar:/home/user/.m2/repository/org/apache/kerby/kerb-client/1.0.1/kerb-client-1.0.1.jar:/home/user/.m2/repository/org/apache/kerby/kerby-config/1.0.1/kerby-config-1.0.1.jar:/home/user/.m2/repository/org/apache/kerby/kerb-core/1.0.1/kerb-core-1.0.1.jar:/home/user/.m2/repository/org/apache/kerby/kerby-pkix/1.0.1/kerby-pkix-1.0.1.jar:/home/user/.m2/repository/org/apache/kerby/kerby-asn1/1.0.1/kerby-asn1-1.0.1.jar:/home/user/.m2/repository/org/apache/kerby/kerby-util/1.0.1/kerby-util-1.0.1.jar:/home/user/.m2/repository/org/apache/kerby/kerb-common/1.0.1/kerb-common-1.0.1.jar:/home/user/.m2/repository/org/apache/kerby/kerb-crypto/1.0.1/kerb-crypto-1.0.1.jar:/home/user/.m2/repository/org/apache/kerby/kerb-util/1.0.1/kerb-util-1.0.1.jar:/home/user/.m2/repository/org/apache/kerby/token-provider/1.0.1/token-provider-1.0.1.jar:/home/user/.m2/repository/org/apache/kerby/kerb-admin/1.0.1/kerb-admin-1.0.1.jar:/home/user/.m2/repository/org/apache/kerby/kerb-server/1.0.1/kerb-server-1.0.1.jar:/home/user/.m2/repository/org/apache/kerby/kerb-identity/1.0.1/kerb-identity-1.0.1.jar:/home/user/.m2/repository/org/apache/kerby/kerby-xdr/1.0.1/kerby-xdr-1.0.1.jar:/home/user/.m2/repository/org/slf4j/slf4j-log4j12/1.7.25/slf4j-log4j12-1.7.25.jar:/home/user/.m2/repository/org/apache/hadoop/hadoop-ozone-s3gateway/0.5.0-SNAPSHOT/hadoop-ozone-s3gateway-0.5.0-SNAPSHOT.jar:/home/user/.m2/repository/org/jboss/weld/servlet/weld-servlet/2.4.7.Final/weld-servlet-2.4.7.Final.jar:/home/user/.m2/repository/org/glassfish/jersey/containers/jersey-container-servlet-core/2.27/jersey-container-servlet-core-2.27.jar:/home/user/.m2/repository/org/glassfish/hk2/external/javax.inject/2.5.0-b42/javax.inject-2.5.0-b42.jar:/home/user/.m2/repository/org/glassfish/jersey/core/jersey-common/2.27/jersey-common-2.27.jar:/home/user/.m2/repository/org/glassfish/hk2/osgi-resource-locator/1.0.1/osgi-resource-locator-1.0.1.jar:/home/user/.m2/repository/javax/ws/rs/javax.ws.rs-api/2.1/javax.ws.rs-api-2.1.jar:/home/user/.m2/repository/org/glassfish/jersey/ext/cdi/jersey-cdi1x/2.27/jersey-cdi1x-2.27.jar:/home/user/.m2/repository/org/glassfish/jersey/inject/jersey-hk2/2.27/jersey-hk2-2.27.jar:/home/user/.m2/repository/org/glassfish/hk2/hk2-locator/2.5.0-b42/hk2-locator-2.5.0-b42.jar:/home/user/.m2/repository/org/javassist/javassist/3.22.0-CR2/javassist-3.22.0-CR2.jar:/home/user/.m2/repository/org/glassfish/hk2/hk2-api/2.5.0/hk2-api-2.5.0.jar:/home/user/.m2/repository/org/glassfish/hk2/external/jakarta.inject/2.5.0/jakarta.inject-2.5.0.jar:/home/user/.m2/repository/org/glassfish/hk2/hk2-utils/2.5.0/hk2-utils-2.5.0.jar:/home/user/.m2/repository/jakarta/annotation/jakarta.annotation-api/1.3.4/jakarta.annotation-api-1.3.4.jar:/home/user/.m2/repository/org/glassfish/hk2/external/aopalliance-repackaged/2.5.0/aopalliance-repackaged-2.5.0.jar:/home/user/.m2/repository/com/fasterxml/jackson/dataformat/jackson-dataformat-xml/2.9.0/jackson-dataformat-xml-2.9.0.jar:/home/user/.m2/repository/com/fasterxml/jackson/core/jackson-core/2.9.9/jackson-core-2.9.9.jar:/home/user/.m2/repository/com/fasterxml/jackson/module/jackson-module-jaxb-annotations/2.9.9/jackson-module-jaxb-annotations-2.9.9.jar:/home/user/.m2/repository/javax/enterprise/cdi-api/1.2/cdi-api-1.2.jar:/home/user/.m2/repository/javax/el/javax.el-api/3.0.0/javax.el-api-3.0.0.jar:/home/user/.m2/repository/javax/interceptor/javax.interceptor-api/1.2/javax.interceptor-api-1.2.jar:/home/user/.m2/repository/javax/inject/javax.inject/1/javax.inject-1.jar:/home/user/.m2/repository/com/sun/xml/bind/jaxb-impl/2.3.0.1/jaxb-impl-2.3.0.1.jar:/home/user/.m2/repository/com/sun/xml/bind/jaxb-core/2.3.0.1/jaxb-core-2.3.0.1.jar:/home/user/.m2/repository/javax/xml/bind/jaxb-api/2.3.0/jaxb-api-2.3.0.jar:/home/user/.m2/repository/javax/activation/activation/1.1.1/activation-1.1.1.jar:/home/user/.m2/repository/org/apache/hadoop/hadoop-ozone-csi/0.5.0-SNAPSHOT/hadoop-ozone-csi-0.5.0-SNAPSHOT.jar:/home/user/.m2/repository/com/google/protobuf/protobuf-java-util/3.5.1/protobuf-java-util-3.5.1.jar:/home/user/.m2/repository/org/apache/hadoop/hadoop-hdds-config/0.5.0-SNAPSHOT/hadoop-hdds-config-0.5.0-SNAPSHOT.jar:/home/user/.m2/repository/io/grpc/grpc-netty/1.17.1/grpc-netty-1.17.1.jar:/home/user/.m2/repository/io/grpc/grpc-core/1.17.1/grpc-core-1.17.1.jar:/home/user/.m2/repository/io/grpc/grpc-context/1.17.1/grpc-context-1.17.1.jar:/home/user/.m2/repository/com/google/errorprone/error_prone_annotations/2.2.0/error_prone_annotations-2.2.0.jar:/home/user/.m2/repository/org/codehaus/mojo/animal-sniffer-annotations/1.17/animal-sniffer-annotations-1.17.jar:/home/user/.m2/repository/io/opencensus/opencensus-api/0.17.0/opencensus-api-0.17.0.jar:/home/user/.m2/repository/io/opencensus/opencensus-contrib-grpc-metrics/0.17.0/opencensus-contrib-grpc-metrics-0.17.0.jar:/home/user/.m2/repository/io/netty/netty-codec-http2/4.1.30.Final/netty-codec-http2-4.1.30.Final.jar:/home/user/.m2/repository/io/netty/netty-codec-http/4.1.30.Final/netty-codec-http-4.1.30.Final.jar:/home/user/.m2/repository/io/netty/netty-codec/4.1.30.Final/netty-codec-4.1.30.Final.jar:/home/user/.m2/repository/io/netty/netty-handler/4.1.30.Final/netty-handler-4.1.30.Final.jar:/home/user/.m2/repository/io/netty/netty-handler-proxy/4.1.30.Final/netty-handler-proxy-4.1.30.Final.jar:/home/user/.m2/repository/io/netty/netty-codec-socks/4.1.30.Final/netty-codec-socks-4.1.30.Final.jar:/home/user/.m2/repository/io/netty/netty-transport-native-epoll/4.1.30.Final/netty-transport-native-epoll-4.1.30.Final.jar:/home/user/.m2/repository/io/netty/netty-common/4.1.30.Final/netty-common-4.1.30.Final.jar:/home/user/.m2/repository/io/netty/netty-buffer/4.1.30.Final/netty-buffer-4.1.30.Final.jar:/home/user/.m2/repository/io/netty/netty-transport/4.1.30.Final/netty-transport-4.1.30.Final.jar:/home/user/.m2/repository/io/netty/netty-resolver/4.1.30.Final/netty-resolver-4.1.30.Final.jar:/home/user/.m2/repository/io/netty/netty-transport-native-unix-common/4.1.30.Final/netty-transport-native-unix-common-4.1.30.Final.jar:/home/user/.m2/repository/io/grpc/grpc-protobuf/1.17.1/grpc-protobuf-1.17.1.jar:/home/user/.m2/repository/com/google/api/grpc/proto-google-common-protos/1.0.0/proto-google-common-protos-1.0.0.jar:/home/user/.m2/repository/io/grpc/grpc-protobuf-lite/1.17.1/grpc-protobuf-lite-1.17.1.jar:/home/user/.m2/repository/io/grpc/grpc-stub/1.17.1/grpc-stub-1.17.1.jar:/home/user/.m2/repository/org/apache/hadoop/hadoop-ozone-recon/0.5.0-SNAPSHOT/hadoop-ozone-recon-0.5.0-SNAPSHOT.jar:/home/user/.m2/repository/org/apache/hadoop/hadoop-ozone-reconcodegen/0.5.0-SNAPSHOT/hadoop-ozone-reconcodegen-0.5.0-SNAPSHOT.jar:/home/user/.m2/repository/com/google/inject/extensions/guice-multibindings/4.0/guice-multibindings-4.0.jar:/home/user/.m2/repository/com/google/inject/guice/4.0/guice-4.0.jar:/home/user/.m2/repository/aopalliance/aopalliance/1.0/aopalliance-1.0.jar:/home/user/.m2/repository/com/google/inject/extensions/guice-servlet/4.0/guice-servlet-4.0.jar:/home/user/.m2/repository/org/glassfish/jersey/containers/jersey-container-servlet/2.27/jersey-container-servlet-2.27.jar:/home/user/.m2/repository/org/glassfish/hk2/guice-bridge/2.5.0/guice-bridge-2.5.0.jar:/home/user/.m2/repository/org/glassfish/jersey/core/jersey-server/2.27/jersey-server-2.27.jar:/home/user/.m2/repository/org/glassfish/jersey/core/jersey-client/2.27/jersey-client-2.27.jar:/home/user/.m2/repository/org/glassfish/jersey/media/jersey-media-jaxb/2.27/jersey-media-jaxb-2.27.jar:/home/user/.m2/repository/javax/validation/validation-api/1.1.0.Final/validation-api-1.1.0.Final.jar:/home/user/.m2/repository/org/glassfish/jersey/media/jersey-media-json-jackson/2.27/jersey-media-json-jackson-2.27.jar:/home/user/.m2/repository/org/glassfish/jersey/ext/jersey-entity-filtering/2.27/jersey-entity-filtering-2.27.jar:/home/user/.m2/repository/com/google/inject/extensions/guice-assistedinject/4.0/guice-assistedinject-4.0.jar:/home/user/.m2/repository/org/jooq/jooq/3.11.10/jooq-3.11.10.jar:/home/user/.m2/repository/org/jooq/jooq-meta/3.11.10/jooq-meta-3.11.10.jar:/home/user/.m2/repository/org/jooq/jooq-codegen/3.11.10/jooq-codegen-3.11.10.jar:/home/user/.m2/repository/com/jolbox/bonecp/0.8.0.RELEASE/bonecp-0.8.0.RELEASE.jar:/home/user/.m2/repository/org/xerial/sqlite-jdbc/3.25.2/sqlite-jdbc-3.25.2.jar:/home/user/.m2/repository/org/springframework/spring-jdbc/5.1.3.RELEASE/spring-jdbc-5.1.3.RELEASE.jar:/home/user/.m2/repository/org/springframework/spring-beans/5.1.3.RELEASE/spring-beans-5.1.3.RELEASE.jar:/home/user/.m2/repository/org/springframework/spring-core/5.1.3.RELEASE/spring-core-5.1.3.RELEASE.jar:/home/user/.m2/repository/org/springframework/spring-jcl/5.1.3.RELEASE/spring-jcl-5.1.3.RELEASE.jar:/home/user/.m2/repository/org/springframework/spring-tx/5.1.3.RELEASE/spring-tx-5.1.3.RELEASE.jar:/home/user/.m2/repository/org/apache/hadoop/hadoop-ozone-client/0.5.0-SNAPSHOT/hadoop-ozone-client-0.5.0-SNAPSHOT.jar:/home/user/.m2/repository/commons-lang/commons-lang/2.6/commons-lang-2.6.jar:/home/user/.m2/repository/org/apache/hadoop/hadoop-ozone-ozone-manager/0.5.0-SNAPSHOT/hadoop-ozone-ozone-manager-0.5.0-SNAPSHOT-tests.jar:/home/user/.m2/repository/junit/junit/4.11/junit-4.11.jar:/home/user/.m2/repository/org/hamcrest/hamcrest-core/1.3/hamcrest-core-1.3.jar:/home/user/.m2/repository/org/openjdk/jmh/jmh-core/1.19/jmh-core-1.19.jar:/home/user/.m2/repository/net/sf/jopt-simple/jopt-simple/4.6/jopt-simple-4.6.jar:/home/user/.m2/repository/org/apache/commons/commons-math3/3.1.1/commons-math3-3.1.1.jar:/home/user/.m2/repository/org/openjdk/jmh/jmh-generator-annprocess/1.19/jmh-generator-annprocess-1.19.jar:/home/user/.m2/repository/org/mockito/mockito-all/1.8.5/mockito-all-1.8.5.jar:/home/user/.m2/repository/org/apache/hadoop/hadoop-kms/3.2.0/hadoop-kms-3.2.0.jar:/home/user/.m2/repository/org/apache/hadoop/hadoop-auth/3.2.0/hadoop-auth-3.2.0.jar:/home/user/.m2/repository/com/nimbusds/nimbus-jose-jwt/4.41.1/nimbus-jose-jwt-4.41.1.jar:/home/user/.m2/repository/com/github/stephenc/jcip/jcip-annotations/1.0-1/jcip-annotations-1.0-1.jar:/home/user/.m2/repository/net/minidev/json-smart/2.3/json-smart-2.3.jar:/home/user/.m2/repository/net/minidev/accessors-smart/1.2/accessors-smart-1.2.jar:/home/user/.m2/repository/org/ow2/asm/asm/5.0.4/asm-5.0.4.jar:/home/user/.m2/repository/org/apache/curator/curator-framework/2.12.0/curator-framework-2.12.0.jar:/home/user/.m2/repository/com/sun/jersey/jersey-core/1.19/jersey-core-1.19.jar:/home/user/.m2/repository/javax/ws/rs/jsr311-api/1.1.1/jsr311-api-1.1.1.jar:/home/user/.m2/repository/com/sun/jersey/jersey-server/1.19/jersey-server-1.19.jar:/home/user/.m2/repository/javax/servlet/javax.servlet-api/3.1.0/javax.servlet-api-3.1.0.jar:/home/user/.m2/repository/org/eclipse/jetty/jetty-server/9.3.25.v20180904/jetty-server-9.3.25.v20180904.jar:/home/user/.m2/repository/org/eclipse/jetty/jetty-http/9.3.25.v20180904/jetty-http-9.3.25.v20180904.jar:/home/user/.m2/repository/org/eclipse/jetty/jetty-io/9.3.25.v20180904/jetty-io-9.3.25.v20180904.jar:/home/user/.m2/repository/org/eclipse/jetty/jetty-webapp/9.3.25.v20180904/jetty-webapp-9.3.25.v20180904.jar:/home/user/.m2/repository/org/eclipse/jetty/jetty-xml/9.3.25.v20180904/jetty-xml-9.3.25.v20180904.jar:/home/user/.m2/repository/log4j/log4j/1.2.17/log4j-1.2.17.jar:/home/user/.m2/repository/org/slf4j/slf4j-api/1.7.25/slf4j-api-1.7.25.jar:/home/user/.m2/repository/org/slf4j/jul-to-slf4j/1.7.25/jul-to-slf4j-1.7.25.jar:/home/user/.m2/repository/org/eclipse/jetty/jetty-util/9.3.25.v20180904/jetty-util-9.3.25.v20180904.jar:/home/user/.m2/repository/com/fasterxml/jackson/core/jackson-databind/2.9.9/jackson-databind-2.9.9.jar:/home/user/.m2/repository/org/apache/hadoop/hadoop-kms/3.2.0/hadoop-kms-3.2.0-tests.jar:/home/user/.m2/repository/org/apache/hadoop/hadoop-hdds-server-scm/0.5.0-SNAPSHOT/hadoop-hdds-server-scm-0.5.0-SNAPSHOT-tests.jar:/home/user/.m2/repository/org/apache/hadoop/hadoop-hdds-container-service/0.5.0-SNAPSHOT/hadoop-hdds-container-service-0.5.0-SNAPSHOT-tests.jar:/home/user/.m2/repository/org/yaml/snakeyaml/1.16/snakeyaml-1.16.jar:/home/user/.m2/repository/org/apache/hadoop/hadoop-common/3.2.0/hadoop-common-3.2.0-tests.jar:/home/user/.m2/repository/org/apache/hadoop/hadoop-annotations/3.2.0/hadoop-annotations-3.2.0.jar:/usr/lib/jvm/java-1.8.0-openjdk-1.8.0.222.b10-1.el7_7.x86_64/jre/../lib/tools.jar:/home/user/.m2/repository/commons-cli/commons-cli/1.2/commons-cli-1.2.jar:/home/user/.m2/repository/org/apache/httpcomponents/httpclient/4.5.2/httpclient-4.5.2.jar:/home/user/.m2/repository/org/apache/httpcomponents/httpcore/4.4.4/httpcore-4.4.4.jar:/home/user/.m2/repository/commons-codec/commons-codec/1.11/commons-codec-1.11.jar:/home/user/.m2/repository/commons-net/commons-net/3.6/commons-net-3.6.jar:/home/user/.m2/repository/commons-collections/commons-collections/3.2.2/commons-collections-3.2.2.jar:/home/user/.m2/repository/org/eclipse/jetty/jetty-servlet/9.3.25.v20180904/jetty-servlet-9.3.25.v20180904.jar:/home/user/.m2/repository/org/eclipse/jetty/jetty-security/9.3.25.v20180904/jetty-security-9.3.25.v20180904.jar:/home/user/.m2/repository/javax/servlet/jsp/jsp-api/2.1/jsp-api-2.1.jar:/home/user/.m2/repository/com/sun/jersey/jersey-servlet/1.19/jersey-servlet-1.19.jar:/home/user/.m2/repository/com/sun/jersey/jersey-json/1.19/jersey-json-1.19.jar:/home/user/.m2/repository/org/codehaus/jettison/jettison/1.1/jettison-1.1.jar:/home/user/.m2/repository/org/codehaus/jackson/jackson-core-asl/1.9.13/jackson-core-asl-1.9.13.jar:/home/user/.m2/repository/org/codehaus/jackson/jackson-mapper-asl/1.9.13/jackson-mapper-asl-1.9.13.jar:/home/user/.m2/repository/org/codehaus/jackson/jackson-jaxrs/1.9.13/jackson-jaxrs-1.9.13.jar:/home/user/.m2/repository/org/codehaus/jackson/jackson-xc/1.9.13/jackson-xc-1.9.13.jar:/home/user/.m2/repository/commons-logging/commons-logging/1.1.3/commons-logging-1.1.3.jar:/home/user/.m2/repository/commons-beanutils/commons-beanutils/1.9.4/commons-beanutils-1.9.4.jar:/home/user/.m2/repository/org/apache/commons/commons-configuration2/2.1.1/commons-configuration2-2.1.1.jar:/home/user/.m2/repository/org/apache/commons/commons-lang3/3.7/commons-lang3-3.7.jar:/home/user/.m2/repository/org/apache/commons/commons-text/1.4/commons-text-1.4.jar:/home/user/.m2/repository/org/apache/avro/avro/1.7.7/avro-1.7.7.jar:/home/user/.m2/repository/com/thoughtworks/paranamer/paranamer/2.3/paranamer-2.3.jar:/home/user/.m2/repository/org/xerial/snappy/snappy-java/1.0.5/snappy-java-1.0.5.jar:/home/user/.m2/repository/com/google/re2j/re2j/1.1/re2j-1.1.jar:/home/user/.m2/repository/com/google/code/gson/gson/2.2.4/gson-2.2.4.jar:/home/user/.m2/repository/com/jcraft/jsch/0.1.54/jsch-0.1.54.jar:/home/user/.m2/repository/org/apache/curator/curator-client/2.12.0/curator-client-2.12.0.jar:/home/user/.m2/repository/org/apache/curator/curator-recipes/2.12.0/curator-recipes-2.12.0.jar:/home/user/.m2/repository/com/google/code/findbugs/jsr305/3.0.0/jsr305-3.0.0.jar:/home/user/.m2/repository/org/apache/htrace/htrace-core4/4.1.0-incubating/htrace-core4-4.1.0-incubating.jar:/home/user/.m2/repository/org/apache/zookeeper/zookeeper/3.4.13/zookeeper-3.4.13.jar:/home/user/.m2/repository/jline/jline/0.9.94/jline-0.9.94.jar:/home/user/.m2/repository/org/apache/yetus/audience-annotations/0.5.0/audience-annotations-0.5.0.jar:/home/user/.m2/repository/org/codehaus/woodstox/stax2-api/3.1.4/stax2-api-3.1.4.jar:/home/user/.m2/repository/com/fasterxml/woodstox/woodstox-core/5.0.3/woodstox-core-5.0.3.jar:/home/user/.m2/repository/dnsjava/dnsjava/2.1.7/dnsjava-2.1.7.jar:/home/user/.m2/repository/org/apache/hadoop/hadoop-hdfs/3.2.0/hadoop-hdfs-3.2.0-tests.jar:/home/user/.m2/repository/org/eclipse/jetty/jetty-util-ajax/9.3.25.v20180904/jetty-util-ajax-9.3.25.v20180904.jar:/home/user/.m2/repository/commons-daemon/commons-daemon/1.0.13/commons-daemon-1.0.13.jar:/home/user/.m2/repository/io/netty/netty/3.10.5.Final/netty-3.10.5.Final.jar:/home/user/.m2/repository/io/netty/netty-all/4.0.52.Final/netty-all-4.0.52.Final.jar:/home/user/.m2/repository/org/fusesource/leveldbjni/leveldbjni-all/1.8/leveldbjni-all-1.8.jar:"/>
    <property name="sun.cpu.endian" value="little"/>
    <property name="user.home" value="/home/user"/>
    <property name="user.language" value="en"/>
    <property name="java.specification.vendor" value="Oracle Corporation"/>
    <property name="java.home" value="/usr/lib/jvm/java-1.8.0-openjdk-1.8.0.222.b10-1.el7_7.x86_64/jre"/>
    <property name="surefire.excludesFile" value="/tools/ozone-bad-unit-tests"/>
    <property name="java.security.krb5.conf" value="/workdir/hadoop-ozone/integration-test/target/test-classes/krb5.conf"/>
    <property name="basedir" value="/workdir/hadoop-ozone/integration-test"/>
    <property name="file.separator" value="/"/>
    <property name="line.separator" value="&#10;"/>
    <property name="java.vm.specification.vendor" value="Oracle Corporation"/>
    <property name="java.specification.name" value="Java Platform API Specification"/>
    <property name="java.awt.graphicsenv" value="sun.awt.X11GraphicsEnvironment"/>
    <property name="surefire.real.class.path" value="/workdir/hadoop-ozone/integration-test/target/surefire/surefirebooter5151295784198955132.jar"/>
    <property name="hadoop.log.dir" value="/workdir/hadoop-ozone/integration-test/target/log"/>
    <property name="sun.boot.class.path" value="/usr/lib/jvm/java-1.8.0-openjdk-1.8.0.222.b10-1.el7_7.x86_64/jre/lib/resources.jar:/usr/lib/jvm/java-1.8.0-openjdk-1.8.0.222.b10-1.el7_7.x86_64/jre/lib/rt.jar:/usr/lib/jvm/java-1.8.0-openjdk-1.8.0.222.b10-1.el7_7.x86_64/jre/lib/sunrsasign.jar:/usr/lib/jvm/java-1.8.0-openjdk-1.8.0.222.b10-1.el7_7.x86_64/jre/lib/jsse.jar:/usr/lib/jvm/java-1.8.0-openjdk-1.8.0.222.b10-1.el7_7.x86_64/jre/lib/jce.jar:/usr/lib/jvm/java-1.8.0-openjdk-1.8.0.222.b10-1.el7_7.x86_64/jre/lib/charsets.jar:/usr/lib/jvm/java-1.8.0-openjdk-1.8.0.222.b10-1.el7_7.x86_64/jre/lib/jfr.jar:/usr/lib/jvm/java-1.8.0-openjdk-1.8.0.222.b10-1.el7_7.x86_64/jre/classes"/>
    <property name="sun.management.compiler" value="HotSpot 64-Bit Tiered Compilers"/>
    <property name="java.runtime.version" value="1.8.0_222-b10"/>
    <property name="java.net.preferIPv4Stack" value="true"/>
    <property name="user.name" value="jenkins1000"/>
    <property name="path.separator" value=":"/>
    <property name="java.security.egd" value="file:///dev/urandom"/>
    <property name="os.version" value="3.10.0-957.12.2.el7.x86_64"/>
    <property name="java.endorsed.dirs" value="/usr/lib/jvm/java-1.8.0-openjdk-1.8.0.222.b10-1.el7_7.x86_64/jre/lib/endorsed"/>
    <property name="java.runtime.name" value="OpenJDK Runtime Environment"/>
    <property name="file.encoding" value="ANSI_X3.4-1968"/>
    <property name="java.vm.name" value="OpenJDK 64-Bit Server VM"/>
    <property name="test.build.webapps" value=""/>
    <property name="localRepository" value="/home/user/.m2/repository"/>
    <property name="java.vendor.url.bug" value="http://bugreport.sun.com/bugreport/"/>
    <property name="java.io.tmpdir" value="/tmp"/>
    <property name="require.test.libhadoop" value=""/>
    <property name="java.version" value="1.8.0_222"/>
    <property name="user.dir" value="/workdir/hadoop-ozone/integration-test"/>
    <property name="os.arch" value="amd64"/>
    <property name="java.vm.specification.name" value="Java Virtual Machine Specification"/>
    <property name="test.build.classes" value="/workdir/hadoop-ozone/integration-test/target/test-classes"/>
    <property name="java.awt.printerjob" value="sun.print.PSPrinterJob"/>
    <property name="sun.os.patch.level" value="unknown"/>
    <property name="hadoop.tmp.dir" value="/workdir/hadoop-ozone/integration-test/target/tmp"/>
    <property name="java.library.path" value="/usr/lib:/workdir/hadoop-ozone/integration-test/target/native/target/usr/local/lib:/workdir/hadoop-ozone/integration-test/../../hadoop-common-project/hadoop-common/target/native/target/usr/local/lib:/usr/java/packages/lib/amd64:/usr/lib64:/lib64:/lib:/usr/lib"/>
    <property name="java.vm.info" value="mixed mode"/>
    <property name="java.vendor" value="Oracle Corporation"/>
    <property name="java.vm.version" value="25.222-b10"/>
    <property name="java.ext.dirs" value="/usr/lib/jvm/java-1.8.0-openjdk-1.8.0.222.b10-1.el7_7.x86_64/jre/lib/ext:/usr/java/packages/lib/ext"/>
    <property name="sun.io.unicode.encoding" value="UnicodeLittle"/>
    <property name="java.class.version" value="52.0"/>
  </properties>
  <testcase name="testMultiBlockWritesWithIntermittentDnFailures" classname="org.apache.hadoop.ozone.client.rpc.TestMultiBlockWritesWithDnFailures" time="48.527">
    <failure message="expected:&lt;6&gt; but was:&lt;3&gt;" type="java.lang.AssertionError"><![CDATA[java.lang.AssertionError: expected:<6> but was:<3>
	at org.junit.Assert.fail(Assert.java:88)
	at org.junit.Assert.failNotEquals(Assert.java:743)
	at org.junit.Assert.assertEquals(Assert.java:118)
	at org.junit.Assert.assertEquals(Assert.java:555)
	at org.junit.Assert.assertEquals(Assert.java:542)
	at org.apache.hadoop.ozone.client.rpc.TestMultiBlockWritesWithDnFailures.testMultiBlockWritesWithIntermittentDnFailures(TestMultiBlockWritesWithDnFailures.java:176)
	at sun.reflect.NativeMethodAccessorImpl.invoke0(Native Method)
	at sun.reflect.NativeMethodAccessorImpl.invoke(NativeMethodAccessorImpl.java:62)
	at sun.reflect.DelegatingMethodAccessorImpl.invoke(DelegatingMethodAccessorImpl.java:43)
	at java.lang.reflect.Method.invoke(Method.java:498)
	at org.junit.runners.model.FrameworkMethod$1.runReflectiveCall(FrameworkMethod.java:47)
	at org.junit.internal.runners.model.ReflectiveCallable.run(ReflectiveCallable.java:12)
	at org.junit.runners.model.FrameworkMethod.invokeExplosively(FrameworkMethod.java:44)
	at org.junit.internal.runners.statements.InvokeMethod.evaluate(InvokeMethod.java:17)
	at org.junit.internal.runners.statements.RunAfters.evaluate(RunAfters.java:27)
	at org.junit.runners.ParentRunner.runLeaf(ParentRunner.java:271)
	at org.junit.runners.BlockJUnit4ClassRunner.runChild(BlockJUnit4ClassRunner.java:70)
	at org.junit.runners.BlockJUnit4ClassRunner.runChild(BlockJUnit4ClassRunner.java:50)
	at org.junit.runners.ParentRunner$3.run(ParentRunner.java:238)
	at org.junit.runners.ParentRunner$1.schedule(ParentRunner.java:63)
	at org.junit.runners.ParentRunner.runChildren(ParentRunner.java:236)
	at org.junit.runners.ParentRunner.access$000(ParentRunner.java:53)
	at org.junit.runners.ParentRunner$2.evaluate(ParentRunner.java:229)
	at org.junit.runners.ParentRunner.run(ParentRunner.java:309)
	at org.apache.maven.surefire.junit4.JUnit4Provider.execute(JUnit4Provider.java:365)
	at org.apache.maven.surefire.junit4.JUnit4Provider.executeWithRerun(JUnit4Provider.java:273)
	at org.apache.maven.surefire.junit4.JUnit4Provider.executeTestSet(JUnit4Provider.java:238)
	at org.apache.maven.surefire.junit4.JUnit4Provider.invoke(JUnit4Provider.java:159)
	at org.apache.maven.surefire.booter.ForkedBooter.invokeProviderInSameClassLoader(ForkedBooter.java:384)
	at org.apache.maven.surefire.booter.ForkedBooter.runSuitesInProcess(ForkedBooter.java:345)
	at org.apache.maven.surefire.booter.ForkedBooter.execute(ForkedBooter.java:126)
	at org.apache.maven.surefire.booter.ForkedBooter.main(ForkedBooter.java:418)
]]></failure>
    <system-out><![CDATA[2019-10-19 01:26:13,924 [main] WARN  server.ServerUtils (ServerUtils.java:getScmDbDir(145)) - ozone.scm.db.dirs is not configured. We recommend adding this setting. Falling back to ozone.metadata.dirs instead.
2019-10-19 01:26:14,040 [main] WARN  server.ServerUtils (ServerUtils.java:getScmDbDir(145)) - ozone.scm.db.dirs is not configured. We recommend adding this setting. Falling back to ozone.metadata.dirs instead.
2019-10-19 01:26:14,044 [main] WARN  server.ServerUtils (ServerUtils.java:getScmDbDir(145)) - ozone.scm.db.dirs is not configured. We recommend adding this setting. Falling back to ozone.metadata.dirs instead.
2019-10-19 01:26:14,071 [main] INFO  util.log (Log.java:initialized(192)) - Logging initialized @832ms
2019-10-19 01:26:14,156 [main] INFO  db.DBStoreBuilder (DBStoreBuilder.java:addTable(127)) - using custom profile for table: deletedBlocks
2019-10-19 01:26:14,156 [main] INFO  db.DBStoreBuilder (DBStoreBuilder.java:processTables(183)) - Using default column profile:DBProfile.DISK for Table:deletedBlocks
2019-10-19 01:26:14,157 [main] INFO  db.DBStoreBuilder (DBStoreBuilder.java:addTable(127)) - using custom profile for table: validCerts
2019-10-19 01:26:14,157 [main] INFO  db.DBStoreBuilder (DBStoreBuilder.java:processTables(183)) - Using default column profile:DBProfile.DISK for Table:validCerts
2019-10-19 01:26:14,157 [main] INFO  db.DBStoreBuilder (DBStoreBuilder.java:addTable(127)) - using custom profile for table: revokedCerts
2019-10-19 01:26:14,157 [main] INFO  db.DBStoreBuilder (DBStoreBuilder.java:processTables(183)) - Using default column profile:DBProfile.DISK for Table:revokedCerts
2019-10-19 01:26:14,168 [main] INFO  db.DBStoreBuilder (DBStoreBuilder.java:addTable(127)) - using custom profile for table: default
2019-10-19 01:26:14,168 [main] INFO  db.DBStoreBuilder (DBStoreBuilder.java:processTables(189)) - Using default column profile:DBProfile.DISK for Table:default
2019-10-19 01:26:14,169 [main] INFO  db.DBStoreBuilder (DBStoreBuilder.java:getDbProfile(220)) - Using default options. DBProfile.DISK
2019-10-19 01:26:14,555 [main] INFO  net.NodeSchemaLoader (NodeSchemaLoader.java:loadSchemaFromFile(125)) - Loading file from sun.misc.CompoundEnumeration@6b2ea799
2019-10-19 01:26:14,557 [main] INFO  net.NodeSchemaLoader (NodeSchemaLoader.java:loadSchema(171)) - Loading network topology layer schema file
2019-10-19 01:26:14,616 [main] INFO  node.SCMNodeManager (SCMNodeManager.java:<init>(116)) - Entering startup safe mode.
2019-10-19 01:26:14,678 [main] INFO  algorithms.ContainerPlacementPolicyFactory (ContainerPlacementPolicyFactory.java:getPolicy(57)) - Create container placement policy of type org.apache.hadoop.hdds.scm.container.placement.algorithms.SCMContainerPlacementRandom
2019-10-19 01:26:14,690 [main] WARN  server.ServerUtils (ServerUtils.java:getScmDbDir(145)) - ozone.scm.db.dirs is not configured. We recommend adding this setting. Falling back to ozone.metadata.dirs instead.
2019-10-19 01:26:14,787 [main] INFO  pipeline.SCMPipelineManager (SCMPipelineManager.java:initializePipelineState(132)) - No pipeline exists in current db
2019-10-19 01:26:14,789 [main] WARN  server.ServerUtils (ServerUtils.java:getScmDbDir(145)) - ozone.scm.db.dirs is not configured. We recommend adding this setting. Falling back to ozone.metadata.dirs instead.
2019-10-19 01:26:14,951 [main] WARN  events.EventQueue (EventQueue.java:fireEvent(183)) - No event handler registered for event TypedEvent{payloadType=SafeModeStatus, name='SafeModeStatus'}
2019-10-19 01:26:15,261 [main] INFO  ipc.CallQueueManager (CallQueueManager.java:<init>(84)) - Using callQueue: class java.util.concurrent.LinkedBlockingQueue, queueCapacity: 2000, scheduler: class org.apache.hadoop.ipc.DefaultRpcScheduler, ipcBackoff: false.
2019-10-19 01:26:15,283 [Socket Reader #1 for port 42326] INFO  ipc.Server (Server.java:run(1074)) - Starting Socket Reader #1 for port 42326
2019-10-19 01:26:15,411 [main] INFO  ipc.CallQueueManager (CallQueueManager.java:<init>(84)) - Using callQueue: class java.util.concurrent.LinkedBlockingQueue, queueCapacity: 2000, scheduler: class org.apache.hadoop.ipc.DefaultRpcScheduler, ipcBackoff: false.
2019-10-19 01:26:15,413 [Socket Reader #1 for port 44268] INFO  ipc.Server (Server.java:run(1074)) - Starting Socket Reader #1 for port 44268
2019-10-19 01:26:15,425 [main] INFO  ipc.CallQueueManager (CallQueueManager.java:<init>(84)) - Using callQueue: class java.util.concurrent.LinkedBlockingQueue, queueCapacity: 2000, scheduler: class org.apache.hadoop.ipc.DefaultRpcScheduler, ipcBackoff: false.
2019-10-19 01:26:15,426 [Socket Reader #1 for port 40869] INFO  ipc.Server (Server.java:run(1074)) - Starting Socket Reader #1 for port 40869
2019-10-19 01:26:15,455 [main] INFO  hdfs.DFSUtil (DFSUtil.java:httpServerTemplateForNNAndJN(1641)) - Starting Web-server for scm at: http://0.0.0.0:0
2019-10-19 01:26:15,629 [main] INFO  server.AuthenticationFilter (AuthenticationFilter.java:constructSecretProvider(240)) - Unable to initialize FileSignerSecretProvider, falling back to use random secrets.
2019-10-19 01:26:15,639 [main] WARN  http.HttpRequestLog (HttpRequestLog.java:getRequestLog(97)) - Jetty request log can only be enabled using Log4j
2019-10-19 01:26:15,647 [main] INFO  http.HttpServer2 (HttpServer2.java:addGlobalFilter(975)) - Added global filter 'safety' (class=org.apache.hadoop.http.HttpServer2$QuotingInputFilter)
2019-10-19 01:26:15,650 [main] INFO  http.HttpServer2 (HttpServer2.java:addFilter(948)) - Added filter static_user_filter (class=org.apache.hadoop.http.lib.StaticUserWebFilter$StaticUserFilter) to context scm
2019-10-19 01:26:15,650 [main] INFO  http.HttpServer2 (HttpServer2.java:addFilter(958)) - Added filter static_user_filter (class=org.apache.hadoop.http.lib.StaticUserWebFilter$StaticUserFilter) to context logs
2019-10-19 01:26:15,650 [main] INFO  http.HttpServer2 (HttpServer2.java:addFilter(958)) - Added filter static_user_filter (class=org.apache.hadoop.http.lib.StaticUserWebFilter$StaticUserFilter) to context static
2019-10-19 01:26:15,683 [main] INFO  server.StorageContainerManager (StorageContainerManager.java:start(772)) - StorageContainerLocationProtocol RPC server is listening at /0.0.0.0:40869
2019-10-19 01:26:15,742 [main] WARN  impl.MetricsConfig (MetricsConfig.java:loadFirst(134)) - Cannot locate configuration: tried hadoop-metrics2-storagecontainermanager.properties,hadoop-metrics2.properties
2019-10-19 01:26:15,754 [main] INFO  impl.MetricsSystemImpl (MetricsSystemImpl.java:startTimer(374)) - Scheduled Metric snapshot period at 10 second(s).
2019-10-19 01:26:15,754 [main] INFO  impl.MetricsSystemImpl (MetricsSystemImpl.java:start(191)) - StorageContainerManager metrics system started
2019-10-19 01:26:15,969 [main] INFO  server.SCMClientProtocolServer (SCMClientProtocolServer.java:start(159)) - RPC server for Client  is listening at /0.0.0.0:40869
2019-10-19 01:26:15,969 [IPC Server listener on 40869] INFO  ipc.Server (Server.java:run(1153)) - IPC Server listener on 40869: starting
2019-10-19 01:26:15,969 [IPC Server Responder] INFO  ipc.Server (Server.java:run(1314)) - IPC Server Responder: starting
2019-10-19 01:26:15,972 [main] INFO  server.StorageContainerManager (StorageContainerManager.java:start(782)) - ScmBlockLocationProtocol RPC server is listening at /0.0.0.0:44268
2019-10-19 01:26:15,972 [main] INFO  server.SCMBlockProtocolServer (SCMBlockProtocolServer.java:start(146)) - RPC server for Block Protocol is listening at /0.0.0.0:44268
2019-10-19 01:26:15,973 [IPC Server Responder] INFO  ipc.Server (Server.java:run(1314)) - IPC Server Responder: starting
2019-10-19 01:26:15,973 [IPC Server listener on 44268] INFO  ipc.Server (Server.java:run(1153)) - IPC Server listener on 44268: starting
2019-10-19 01:26:15,975 [main] INFO  server.StorageContainerManager (StorageContainerManager.java:start(786)) - ScmDatanodeProtocl RPC server is listening at /0.0.0.0:42326
2019-10-19 01:26:15,975 [main] INFO  server.SCMDatanodeProtocolServer (SCMDatanodeProtocolServer.java:start(169)) - RPC server for DataNodes is listening at /0.0.0.0:42326
2019-10-19 01:26:15,975 [IPC Server Responder] INFO  ipc.Server (Server.java:run(1314)) - IPC Server Responder: starting
2019-10-19 01:26:15,976 [IPC Server listener on 42326] INFO  ipc.Server (Server.java:run(1153)) - IPC Server listener on 42326: starting
2019-10-19 01:26:15,979 [main] INFO  http.HttpServer2 (HttpServer2.java:bindListener(1191)) - Jetty bound to port 39192
2019-10-19 01:26:15,980 [main] INFO  server.Server (Server.java:doStart(351)) - jetty-9.3.25.v20180904, build timestamp: 2018-09-04T21:11:46Z, git hash: 3ce520221d0240229c862b122d2b06c12a625732
2019-10-19 01:26:16,013 [main] INFO  handler.ContextHandler (ContextHandler.java:doStart(781)) - Started o.e.j.s.ServletContextHandler@340da44c{/logs,file:///workdir/hadoop-ozone/integration-test/target/log,AVAILABLE}
2019-10-19 01:26:16,014 [main] INFO  handler.ContextHandler (ContextHandler.java:doStart(781)) - Started o.e.j.s.ServletContextHandler@37052337{/static,file:///workdir/hadoop-ozone/integration-test/target/test-classes/webapps/static,AVAILABLE}
2019-10-19 01:26:16,042 [main] INFO  handler.ContextHandler (ContextHandler.java:doStart(781)) - Started o.e.j.w.WebAppContext@3b366632{/,file:///workdir/hadoop-ozone/integration-test/target/test-classes/webapps/scm/,AVAILABLE}{/scm}
2019-10-19 01:26:16,047 [main] INFO  server.AbstractConnector (AbstractConnector.java:doStart(278)) - Started ServerConnector@6815c5f2{HTTP/1.1,[http/1.1]}{0.0.0.0:39192}
2019-10-19 01:26:16,047 [main] INFO  server.Server (Server.java:doStart(419)) - Started @2808ms
2019-10-19 01:26:16,049 [main] INFO  impl.MetricsSinkAdapter (MetricsSinkAdapter.java:start(204)) - Sink prometheus started
2019-10-19 01:26:16,049 [main] INFO  impl.MetricsSystemImpl (MetricsSystemImpl.java:registerSink(301)) - Registered sink prometheus
2019-10-19 01:26:16,051 [main] INFO  server.BaseHttpServer (BaseHttpServer.java:updateConnectorAddress(215)) - HTTP server of SCM is listening at http://0.0.0.0:39192
2019-10-19 01:26:16,057 [org.apache.hadoop.util.JvmPauseMonitor$Monitor@4263b080] INFO  util.JvmPauseMonitor (JvmPauseMonitor.java:run(188)) - Starting JVM pause monitor
2019-10-19 01:26:16,061 [main] WARN  server.ServerUtils (ServerUtils.java:getDBPath(222)) - ozone.om.db.dirs is not configured. We recommend adding this setting. Falling back to ozone.metadata.dirs instead.
2019-10-19 01:26:16,167 [main] INFO  ha.OMHANodeDetails (OMHANodeDetails.java:loadOMHAConfig(190)) - Configuration either no ozone.om.address set. Falling back to the default OM address /127.0.0.1:0
2019-10-19 01:26:16,168 [main] INFO  ha.OMHANodeDetails (OMHANodeDetails.java:getOMNodeDetails(220)) - OM Service ID is not set. Setting it to the default ID: omServiceIdDefault
2019-10-19 01:26:16,169 [main] WARN  server.ServerUtils (ServerUtils.java:getDBPath(222)) - ozone.om.db.dirs is not configured. We recommend adding this setting. Falling back to ozone.metadata.dirs instead.
2019-10-19 01:26:16,170 [main] WARN  server.ServerUtils (ServerUtils.java:getDBPath(222)) - ozone.om.db.dirs is not configured. We recommend adding this setting. Falling back to ozone.metadata.dirs instead.
2019-10-19 01:26:16,757 [main] WARN  server.ServerUtils (ServerUtils.java:getDBPath(222)) - ozone.om.db.dirs is not configured. We recommend adding this setting. Falling back to ozone.metadata.dirs instead.
2019-10-19 01:26:16,764 [main] INFO  db.DBStoreBuilder (DBStoreBuilder.java:addTable(127)) - using custom profile for table: userTable
2019-10-19 01:26:16,764 [main] INFO  db.DBStoreBuilder (DBStoreBuilder.java:processTables(183)) - Using default column profile:DBProfile.DISK for Table:userTable
2019-10-19 01:26:16,765 [main] INFO  db.DBStoreBuilder (DBStoreBuilder.java:addTable(127)) - using custom profile for table: volumeTable
2019-10-19 01:26:16,765 [main] INFO  db.DBStoreBuilder (DBStoreBuilder.java:processTables(183)) - Using default column profile:DBProfile.DISK for Table:volumeTable
2019-10-19 01:26:16,765 [main] INFO  db.DBStoreBuilder (DBStoreBuilder.java:addTable(127)) - using custom profile for table: bucketTable
2019-10-19 01:26:16,765 [main] INFO  db.DBStoreBuilder (DBStoreBuilder.java:processTables(183)) - Using default column profile:DBProfile.DISK for Table:bucketTable
2019-10-19 01:26:16,766 [main] INFO  db.DBStoreBuilder (DBStoreBuilder.java:addTable(127)) - using custom profile for table: keyTable
2019-10-19 01:26:16,766 [main] INFO  db.DBStoreBuilder (DBStoreBuilder.java:processTables(183)) - Using default column profile:DBProfile.DISK for Table:keyTable
2019-10-19 01:26:16,766 [main] INFO  db.DBStoreBuilder (DBStoreBuilder.java:addTable(127)) - using custom profile for table: deletedTable
2019-10-19 01:26:16,766 [main] INFO  db.DBStoreBuilder (DBStoreBuilder.java:processTables(183)) - Using default column profile:DBProfile.DISK for Table:deletedTable
2019-10-19 01:26:16,767 [main] INFO  db.DBStoreBuilder (DBStoreBuilder.java:addTable(127)) - using custom profile for table: openKeyTable
2019-10-19 01:26:16,767 [main] INFO  db.DBStoreBuilder (DBStoreBuilder.java:processTables(183)) - Using default column profile:DBProfile.DISK for Table:openKeyTable
2019-10-19 01:26:16,767 [main] INFO  db.DBStoreBuilder (DBStoreBuilder.java:addTable(127)) - using custom profile for table: s3Table
2019-10-19 01:26:16,767 [main] INFO  db.DBStoreBuilder (DBStoreBuilder.java:processTables(183)) - Using default column profile:DBProfile.DISK for Table:s3Table
2019-10-19 01:26:16,768 [main] INFO  db.DBStoreBuilder (DBStoreBuilder.java:addTable(127)) - using custom profile for table: multipartInfoTable
2019-10-19 01:26:16,768 [main] INFO  db.DBStoreBuilder (DBStoreBuilder.java:processTables(183)) - Using default column profile:DBProfile.DISK for Table:multipartInfoTable
2019-10-19 01:26:16,768 [main] INFO  db.DBStoreBuilder (DBStoreBuilder.java:addTable(127)) - using custom profile for table: dTokenTable
2019-10-19 01:26:16,768 [main] INFO  db.DBStoreBuilder (DBStoreBuilder.java:processTables(183)) - Using default column profile:DBProfile.DISK for Table:dTokenTable
2019-10-19 01:26:16,769 [main] INFO  db.DBStoreBuilder (DBStoreBuilder.java:addTable(127)) - using custom profile for table: s3SecretTable
2019-10-19 01:26:16,769 [main] INFO  db.DBStoreBuilder (DBStoreBuilder.java:processTables(183)) - Using default column profile:DBProfile.DISK for Table:s3SecretTable
2019-10-19 01:26:16,769 [main] INFO  db.DBStoreBuilder (DBStoreBuilder.java:addTable(127)) - using custom profile for table: prefixTable
2019-10-19 01:26:16,769 [main] INFO  db.DBStoreBuilder (DBStoreBuilder.java:processTables(183)) - Using default column profile:DBProfile.DISK for Table:prefixTable
2019-10-19 01:26:16,770 [main] INFO  db.DBStoreBuilder (DBStoreBuilder.java:addTable(127)) - using custom profile for table: default
2019-10-19 01:26:16,770 [main] INFO  db.DBStoreBuilder (DBStoreBuilder.java:processTables(189)) - Using default column profile:DBProfile.DISK for Table:default
2019-10-19 01:26:16,770 [main] INFO  db.DBStoreBuilder (DBStoreBuilder.java:getDbProfile(220)) - Using default options. DBProfile.DISK
2019-10-19 01:26:17,426 [main] INFO  ipc.CallQueueManager (CallQueueManager.java:<init>(84)) - Using callQueue: class java.util.concurrent.LinkedBlockingQueue, queueCapacity: 2000, scheduler: class org.apache.hadoop.ipc.DefaultRpcScheduler, ipcBackoff: false.
2019-10-19 01:26:17,427 [Socket Reader #1 for port 45773] INFO  ipc.Server (Server.java:run(1074)) - Starting Socket Reader #1 for port 45773
2019-10-19 01:26:17,446 [main] INFO  om.OzoneManager (OzoneManager.java:start(1074)) - OzoneManager RPC server is listening at localhost/127.0.0.1:45773
2019-10-19 01:26:17,446 [main] INFO  impl.MetricsSystemImpl (MetricsSystemImpl.java:init(158)) - OzoneManager metrics system started (again)
2019-10-19 01:26:17,454 [IPC Server listener on 45773] INFO  ipc.Server (Server.java:run(1153)) - IPC Server listener on 45773: starting
2019-10-19 01:26:17,454 [IPC Server Responder] INFO  ipc.Server (Server.java:run(1314)) - IPC Server Responder: starting
2019-10-19 01:26:17,460 [main] INFO  hdfs.DFSUtil (DFSUtil.java:httpServerTemplateForNNAndJN(1641)) - Starting Web-server for ozoneManager at: http://0.0.0.0:0
2019-10-19 01:26:17,462 [main] INFO  server.AuthenticationFilter (AuthenticationFilter.java:constructSecretProvider(240)) - Unable to initialize FileSignerSecretProvider, falling back to use random secrets.
2019-10-19 01:26:17,463 [main] WARN  http.HttpRequestLog (HttpRequestLog.java:getRequestLog(97)) - Jetty request log can only be enabled using Log4j
2019-10-19 01:26:17,465 [main] INFO  http.HttpServer2 (HttpServer2.java:addGlobalFilter(975)) - Added global filter 'safety' (class=org.apache.hadoop.http.HttpServer2$QuotingInputFilter)
2019-10-19 01:26:17,467 [main] INFO  http.HttpServer2 (HttpServer2.java:addFilter(948)) - Added filter static_user_filter (class=org.apache.hadoop.http.lib.StaticUserWebFilter$StaticUserFilter) to context ozoneManager
2019-10-19 01:26:17,467 [main] INFO  http.HttpServer2 (HttpServer2.java:addFilter(958)) - Added filter static_user_filter (class=org.apache.hadoop.http.lib.StaticUserWebFilter$StaticUserFilter) to context logs
2019-10-19 01:26:17,467 [main] INFO  http.HttpServer2 (HttpServer2.java:addFilter(958)) - Added filter static_user_filter (class=org.apache.hadoop.http.lib.StaticUserWebFilter$StaticUserFilter) to context static
2019-10-19 01:26:17,470 [main] INFO  http.HttpServer2 (HttpServer2.java:bindListener(1191)) - Jetty bound to port 40082
2019-10-19 01:26:17,470 [main] INFO  server.Server (Server.java:doStart(351)) - jetty-9.3.25.v20180904, build timestamp: 2018-09-04T21:11:46Z, git hash: 3ce520221d0240229c862b122d2b06c12a625732
2019-10-19 01:26:17,472 [main] INFO  handler.ContextHandler (ContextHandler.java:doStart(781)) - Started o.e.j.s.ServletContextHandler@6b63d445{/logs,file:///workdir/hadoop-ozone/integration-test/target/log,AVAILABLE}
2019-10-19 01:26:17,473 [main] INFO  handler.ContextHandler (ContextHandler.java:doStart(781)) - Started o.e.j.s.ServletContextHandler@30b2b76f{/static,file:///workdir/hadoop-ozone/integration-test/target/test-classes/webapps/static,AVAILABLE}
2019-10-19 01:26:17,479 [main] INFO  handler.ContextHandler (ContextHandler.java:doStart(781)) - Started o.e.j.w.WebAppContext@12db3386{/,file:///workdir/hadoop-ozone/integration-test/target/test-classes/webapps/ozoneManager/,AVAILABLE}{/ozoneManager}
2019-10-19 01:26:17,480 [main] INFO  server.AbstractConnector (AbstractConnector.java:doStart(278)) - Started ServerConnector@4078695f{HTTP/1.1,[http/1.1]}{0.0.0.0:40082}
2019-10-19 01:26:17,481 [main] INFO  server.Server (Server.java:doStart(419)) - Started @4242ms
2019-10-19 01:26:17,481 [main] WARN  impl.MetricsSystemImpl (MetricsSystemImpl.java:register(276)) - Sink prometheus already exists!
2019-10-19 01:26:17,482 [main] INFO  server.BaseHttpServer (BaseHttpServer.java:updateConnectorAddress(215)) - HTTP server of OZONEMANAGER is listening at http://0.0.0.0:40082
2019-10-19 01:26:17,779 [main] INFO  impl.MetricsSystemImpl (MetricsSystemImpl.java:init(158)) - HddsDatanode metrics system started (again)
2019-10-19 01:26:17,827 [main] INFO  ozone.HddsDatanodeService (HddsDatanodeService.java:start(184)) - HddsDatanodeService host:pr-hdds-2333-n5kd5-3813804867 ip:192.168.157.242
2019-10-19 01:26:17,857 [main] INFO  volume.HddsVolume (HddsVolume.java:<init>(176)) - Creating Volume: /workdir/hadoop-ozone/integration-test/target/test-dir/MiniOzoneClusterImpl-be769f72-d0ac-4a2c-8dca-159e9fc5eefe/datanode-0/data/containers/hdds of  storage type : DISK and capacity : 1482555576320
2019-10-19 01:26:17,859 [main] INFO  volume.VolumeSet (VolumeSet.java:initializeVolumeSet(170)) - Added Volume : /workdir/hadoop-ozone/integration-test/target/test-dir/MiniOzoneClusterImpl-be769f72-d0ac-4a2c-8dca-159e9fc5eefe/datanode-0/data/containers/hdds to VolumeSet
2019-10-19 01:26:17,861 [main] INFO  volume.ThrottledAsyncChecker (ThrottledAsyncChecker.java:schedule(141)) - Scheduling a check for /workdir/hadoop-ozone/integration-test/target/test-dir/MiniOzoneClusterImpl-be769f72-d0ac-4a2c-8dca-159e9fc5eefe/datanode-0/data/containers/hdds
2019-10-19 01:26:17,877 [main] INFO  volume.HddsVolumeChecker (HddsVolumeChecker.java:checkAllVolumes(204)) - Scheduled health check for volume /workdir/hadoop-ozone/integration-test/target/test-dir/MiniOzoneClusterImpl-be769f72-d0ac-4a2c-8dca-159e9fc5eefe/datanode-0/data/containers/hdds
2019-10-19 01:26:17,980 [main] INFO  impl.RaftServerProxy (ConfUtils.java:logGet(43)) - raft.rpc.type = GRPC (default)
2019-10-19 01:26:18,039 [main] INFO  grpc.GrpcFactory (GrpcFactory.java:checkPooledByteBufAllocatorUseCacheForAllThreads(45)) - PERFORMANCE WARNING: useCacheForAllThreads is true that may cause Netty to create a lot garbage objects and, as a result, trigger GC.
	It is recommended to disable useCacheForAllThreads by setting -Dorg.apache.ratis.thirdparty.io.netty.allocator.useCacheForAllThreads=false in command line.
2019-10-19 01:26:18,043 [main] INFO  grpc.GrpcConfigKeys$Server (ConfUtils.java:logGet(43)) - raft.grpc.server.port = 0 (default)
2019-10-19 01:26:18,044 [main] INFO  server.GrpcService (ConfUtils.java:logGet(43)) - raft.grpc.message.size.max = 33570816 (custom)
2019-10-19 01:26:18,046 [main] INFO  server.RaftServerConfigKeys (ConfUtils.java:logGet(43)) - raft.server.log.appender.buffer.byte-limit = 33554432 (custom)
2019-10-19 01:26:18,046 [main] INFO  server.GrpcService (ConfUtils.java:logGet(43)) - raft.grpc.flow.control.window = 1MB (=1048576) (default)
2019-10-19 01:26:18,047 [main] INFO  server.RaftServerConfigKeys (ConfUtils.java:logGet(43)) - raft.server.rpc.request.timeout = 3000ms (default)
2019-10-19 01:26:18,201 [main] INFO  server.RaftServerConfigKeys (ConfUtils.java:logGet(43)) - raft.server.storage.dir = [/workdir/hadoop-ozone/integration-test/target/test-dir/MiniOzoneClusterImpl-be769f72-d0ac-4a2c-8dca-159e9fc5eefe/datanode-0/data/ratis] (custom)
2019-10-19 01:26:18,250 [main] INFO  hdfs.DFSUtil (DFSUtil.java:httpServerTemplateForNNAndJN(1641)) - Starting Web-server for hddsDatanode at: http://0.0.0.0:0
2019-10-19 01:26:18,252 [main] INFO  server.AuthenticationFilter (AuthenticationFilter.java:constructSecretProvider(240)) - Unable to initialize FileSignerSecretProvider, falling back to use random secrets.
2019-10-19 01:26:18,252 [main] WARN  http.HttpRequestLog (HttpRequestLog.java:getRequestLog(97)) - Jetty request log can only be enabled using Log4j
2019-10-19 01:26:18,254 [main] INFO  http.HttpServer2 (HttpServer2.java:addGlobalFilter(975)) - Added global filter 'safety' (class=org.apache.hadoop.http.HttpServer2$QuotingInputFilter)
2019-10-19 01:26:18,255 [main] INFO  http.HttpServer2 (HttpServer2.java:addFilter(948)) - Added filter static_user_filter (class=org.apache.hadoop.http.lib.StaticUserWebFilter$StaticUserFilter) to context hddsDatanode
2019-10-19 01:26:18,256 [main] INFO  http.HttpServer2 (HttpServer2.java:addFilter(958)) - Added filter static_user_filter (class=org.apache.hadoop.http.lib.StaticUserWebFilter$StaticUserFilter) to context static
2019-10-19 01:26:18,256 [main] INFO  http.HttpServer2 (HttpServer2.java:addFilter(958)) - Added filter static_user_filter (class=org.apache.hadoop.http.lib.StaticUserWebFilter$StaticUserFilter) to context logs
2019-10-19 01:26:18,257 [main] INFO  http.HttpServer2 (HttpServer2.java:bindListener(1191)) - Jetty bound to port 43470
2019-10-19 01:26:18,257 [main] INFO  server.Server (Server.java:doStart(351)) - jetty-9.3.25.v20180904, build timestamp: 2018-09-04T21:11:46Z, git hash: 3ce520221d0240229c862b122d2b06c12a625732
2019-10-19 01:26:18,260 [main] INFO  handler.ContextHandler (ContextHandler.java:doStart(781)) - Started o.e.j.s.ServletContextHandler@644ded04{/logs,file:///workdir/hadoop-ozone/integration-test/target/log,AVAILABLE}
2019-10-19 01:26:18,260 [main] INFO  handler.ContextHandler (ContextHandler.java:doStart(781)) - Started o.e.j.s.ServletContextHandler@13d9261f{/static,jar:file:/home/user/.m2/repository/org/apache/hadoop/hadoop-hdds-container-service/0.5.0-SNAPSHOT/hadoop-hdds-container-service-0.5.0-SNAPSHOT.jar!/webapps/static,AVAILABLE}
2019-10-19 01:26:18,293 [main] INFO  handler.ContextHandler (ContextHandler.java:doStart(781)) - Started o.e.j.w.WebAppContext@61cd1c71{/,file:///tmp/jetty-0.0.0.0-43470-hddsDatanode-_-any-8366012736177510781.dir/webapp/,AVAILABLE}{/hddsDatanode}
2019-10-19 01:26:18,294 [main] INFO  server.AbstractConnector (AbstractConnector.java:doStart(278)) - Started ServerConnector@6724cdec{HTTP/1.1,[http/1.1]}{0.0.0.0:43470}
2019-10-19 01:26:18,295 [main] INFO  server.Server (Server.java:doStart(419)) - Started @5056ms
2019-10-19 01:26:18,295 [main] WARN  impl.MetricsSystemImpl (MetricsSystemImpl.java:register(276)) - Sink prometheus already exists!
2019-10-19 01:26:18,296 [main] INFO  server.BaseHttpServer (BaseHttpServer.java:updateConnectorAddress(215)) - HTTP server of HDDSDATANODE is listening at http://0.0.0.0:43470
2019-10-19 01:26:18,297 [main] INFO  impl.MetricsSystemImpl (MetricsSystemImpl.java:init(158)) - HddsDatanode metrics system started (again)
2019-10-19 01:26:18,300 [main] INFO  ozone.HddsDatanodeService (HddsDatanodeService.java:start(184)) - HddsDatanodeService host:pr-hdds-2333-n5kd5-3813804867 ip:192.168.157.242
2019-10-19 01:26:18,302 [org.apache.hadoop.util.JvmPauseMonitor$Monitor@467c4029] INFO  util.JvmPauseMonitor (JvmPauseMonitor.java:run(188)) - Starting JVM pause monitor
2019-10-19 01:26:18,309 [main] INFO  volume.HddsVolume (HddsVolume.java:<init>(176)) - Creating Volume: /workdir/hadoop-ozone/integration-test/target/test-dir/MiniOzoneClusterImpl-be769f72-d0ac-4a2c-8dca-159e9fc5eefe/datanode-1/data/containers/hdds of  storage type : DISK and capacity : 1482555576320
2019-10-19 01:26:18,309 [main] INFO  volume.VolumeSet (VolumeSet.java:initializeVolumeSet(170)) - Added Volume : /workdir/hadoop-ozone/integration-test/target/test-dir/MiniOzoneClusterImpl-be769f72-d0ac-4a2c-8dca-159e9fc5eefe/datanode-1/data/containers/hdds to VolumeSet
2019-10-19 01:26:18,310 [main] INFO  volume.ThrottledAsyncChecker (ThrottledAsyncChecker.java:schedule(141)) - Scheduling a check for /workdir/hadoop-ozone/integration-test/target/test-dir/MiniOzoneClusterImpl-be769f72-d0ac-4a2c-8dca-159e9fc5eefe/datanode-1/data/containers/hdds
2019-10-19 01:26:18,310 [main] INFO  volume.HddsVolumeChecker (HddsVolumeChecker.java:checkAllVolumes(204)) - Scheduled health check for volume /workdir/hadoop-ozone/integration-test/target/test-dir/MiniOzoneClusterImpl-be769f72-d0ac-4a2c-8dca-159e9fc5eefe/datanode-1/data/containers/hdds
2019-10-19 01:26:18,327 [main] INFO  impl.RaftServerProxy (ConfUtils.java:logGet(43)) - raft.rpc.type = GRPC (default)
2019-10-19 01:26:18,327 [main] INFO  grpc.GrpcFactory (GrpcFactory.java:checkPooledByteBufAllocatorUseCacheForAllThreads(45)) - PERFORMANCE WARNING: useCacheForAllThreads is true that may cause Netty to create a lot garbage objects and, as a result, trigger GC.
	It is recommended to disable useCacheForAllThreads by setting -Dorg.apache.ratis.thirdparty.io.netty.allocator.useCacheForAllThreads=false in command line.
2019-10-19 01:26:18,328 [main] INFO  grpc.GrpcConfigKeys$Server (ConfUtils.java:logGet(43)) - raft.grpc.server.port = 0 (default)
2019-10-19 01:26:18,328 [main] INFO  server.GrpcService (ConfUtils.java:logGet(43)) - raft.grpc.message.size.max = 33570816 (custom)
2019-10-19 01:26:18,328 [main] INFO  server.RaftServerConfigKeys (ConfUtils.java:logGet(43)) - raft.server.log.appender.buffer.byte-limit = 33554432 (custom)
2019-10-19 01:26:18,329 [main] INFO  server.GrpcService (ConfUtils.java:logGet(43)) - raft.grpc.flow.control.window = 1MB (=1048576) (default)
2019-10-19 01:26:18,329 [main] INFO  server.RaftServerConfigKeys (ConfUtils.java:logGet(43)) - raft.server.rpc.request.timeout = 3000ms (default)
2019-10-19 01:26:18,330 [main] INFO  server.RaftServerConfigKeys (ConfUtils.java:logGet(43)) - raft.server.storage.dir = [/workdir/hadoop-ozone/integration-test/target/test-dir/MiniOzoneClusterImpl-be769f72-d0ac-4a2c-8dca-159e9fc5eefe/datanode-1/data/ratis] (custom)
2019-10-19 01:26:18,332 [main] INFO  hdfs.DFSUtil (DFSUtil.java:httpServerTemplateForNNAndJN(1641)) - Starting Web-server for hddsDatanode at: http://0.0.0.0:0
2019-10-19 01:26:18,333 [main] INFO  server.AuthenticationFilter (AuthenticationFilter.java:constructSecretProvider(240)) - Unable to initialize FileSignerSecretProvider, falling back to use random secrets.
2019-10-19 01:26:18,334 [main] WARN  http.HttpRequestLog (HttpRequestLog.java:getRequestLog(97)) - Jetty request log can only be enabled using Log4j
2019-10-19 01:26:18,336 [main] INFO  http.HttpServer2 (HttpServer2.java:addGlobalFilter(975)) - Added global filter 'safety' (class=org.apache.hadoop.http.HttpServer2$QuotingInputFilter)
2019-10-19 01:26:18,337 [main] INFO  http.HttpServer2 (HttpServer2.java:addFilter(948)) - Added filter static_user_filter (class=org.apache.hadoop.http.lib.StaticUserWebFilter$StaticUserFilter) to context hddsDatanode
2019-10-19 01:26:18,337 [main] INFO  http.HttpServer2 (HttpServer2.java:addFilter(958)) - Added filter static_user_filter (class=org.apache.hadoop.http.lib.StaticUserWebFilter$StaticUserFilter) to context logs
2019-10-19 01:26:18,337 [main] INFO  http.HttpServer2 (HttpServer2.java:addFilter(958)) - Added filter static_user_filter (class=org.apache.hadoop.http.lib.StaticUserWebFilter$StaticUserFilter) to context static
2019-10-19 01:26:18,338 [main] INFO  http.HttpServer2 (HttpServer2.java:bindListener(1191)) - Jetty bound to port 38556
2019-10-19 01:26:18,338 [main] INFO  server.Server (Server.java:doStart(351)) - jetty-9.3.25.v20180904, build timestamp: 2018-09-04T21:11:46Z, git hash: 3ce520221d0240229c862b122d2b06c12a625732
2019-10-19 01:26:18,341 [main] INFO  handler.ContextHandler (ContextHandler.java:doStart(781)) - Started o.e.j.s.ServletContextHandler@6a094db2{/logs,file:///workdir/hadoop-ozone/integration-test/target/log,AVAILABLE}
2019-10-19 01:26:18,342 [main] INFO  handler.ContextHandler (ContextHandler.java:doStart(781)) - Started o.e.j.s.ServletContextHandler@1dba4e06{/static,jar:file:/home/user/.m2/repository/org/apache/hadoop/hadoop-hdds-container-service/0.5.0-SNAPSHOT/hadoop-hdds-container-service-0.5.0-SNAPSHOT.jar!/webapps/static,AVAILABLE}
2019-10-19 01:26:18,377 [main] INFO  handler.ContextHandler (ContextHandler.java:doStart(781)) - Started o.e.j.w.WebAppContext@1e58512c{/,file:///tmp/jetty-0.0.0.0-38556-hddsDatanode-_-any-4909646845788897289.dir/webapp/,AVAILABLE}{/hddsDatanode}
2019-10-19 01:26:18,378 [main] INFO  server.AbstractConnector (AbstractConnector.java:doStart(278)) - Started ServerConnector@210308d5{HTTP/1.1,[http/1.1]}{0.0.0.0:38556}
2019-10-19 01:26:18,379 [main] INFO  server.Server (Server.java:doStart(419)) - Started @5140ms
2019-10-19 01:26:18,379 [main] WARN  impl.MetricsSystemImpl (MetricsSystemImpl.java:register(276)) - Sink prometheus already exists!
2019-10-19 01:26:18,380 [main] INFO  server.BaseHttpServer (BaseHttpServer.java:updateConnectorAddress(215)) - HTTP server of HDDSDATANODE is listening at http://0.0.0.0:38556
2019-10-19 01:26:18,381 [main] INFO  impl.MetricsSystemImpl (MetricsSystemImpl.java:init(158)) - HddsDatanode metrics system started (again)
2019-10-19 01:26:18,383 [org.apache.hadoop.util.JvmPauseMonitor$Monitor@75b41d23] INFO  util.JvmPauseMonitor (JvmPauseMonitor.java:run(188)) - Starting JVM pause monitor
2019-10-19 01:26:18,383 [main] INFO  ozone.HddsDatanodeService (HddsDatanodeService.java:start(184)) - HddsDatanodeService host:pr-hdds-2333-n5kd5-3813804867 ip:192.168.157.242
2019-10-19 01:26:18,391 [main] INFO  volume.HddsVolume (HddsVolume.java:<init>(176)) - Creating Volume: /workdir/hadoop-ozone/integration-test/target/test-dir/MiniOzoneClusterImpl-be769f72-d0ac-4a2c-8dca-159e9fc5eefe/datanode-2/data/containers/hdds of  storage type : DISK and capacity : 1482555576320
2019-10-19 01:26:18,391 [main] INFO  volume.VolumeSet (VolumeSet.java:initializeVolumeSet(170)) - Added Volume : /workdir/hadoop-ozone/integration-test/target/test-dir/MiniOzoneClusterImpl-be769f72-d0ac-4a2c-8dca-159e9fc5eefe/datanode-2/data/containers/hdds to VolumeSet
2019-10-19 01:26:18,391 [main] INFO  volume.ThrottledAsyncChecker (ThrottledAsyncChecker.java:schedule(141)) - Scheduling a check for /workdir/hadoop-ozone/integration-test/target/test-dir/MiniOzoneClusterImpl-be769f72-d0ac-4a2c-8dca-159e9fc5eefe/datanode-2/data/containers/hdds
2019-10-19 01:26:18,392 [main] INFO  volume.HddsVolumeChecker (HddsVolumeChecker.java:checkAllVolumes(204)) - Scheduled health check for volume /workdir/hadoop-ozone/integration-test/target/test-dir/MiniOzoneClusterImpl-be769f72-d0ac-4a2c-8dca-159e9fc5eefe/datanode-2/data/containers/hdds
2019-10-19 01:26:18,406 [Datanode State Machine Thread - 0] INFO  datanode.InitDatanodeState (InitDatanodeState.java:persistContainerDatanodeDetails(140)) - DatanodeDetails is persisted to /workdir/hadoop-ozone/integration-test/target/test-dir/MiniOzoneClusterImpl-be769f72-d0ac-4a2c-8dca-159e9fc5eefe/datanode-0/meta/datanode.id
2019-10-19 01:26:18,408 [Datanode State Machine Thread - 0] INFO  datanode.InitDatanodeState (InitDatanodeState.java:persistContainerDatanodeDetails(140)) - DatanodeDetails is persisted to /workdir/hadoop-ozone/integration-test/target/test-dir/MiniOzoneClusterImpl-be769f72-d0ac-4a2c-8dca-159e9fc5eefe/datanode-1/meta/datanode.id
2019-10-19 01:26:18,409 [main] INFO  impl.RaftServerProxy (ConfUtils.java:logGet(43)) - raft.rpc.type = GRPC (default)
2019-10-19 01:26:18,409 [main] INFO  grpc.GrpcFactory (GrpcFactory.java:checkPooledByteBufAllocatorUseCacheForAllThreads(45)) - PERFORMANCE WARNING: useCacheForAllThreads is true that may cause Netty to create a lot garbage objects and, as a result, trigger GC.
	It is recommended to disable useCacheForAllThreads by setting -Dorg.apache.ratis.thirdparty.io.netty.allocator.useCacheForAllThreads=false in command line.
2019-10-19 01:26:18,409 [main] INFO  grpc.GrpcConfigKeys$Server (ConfUtils.java:logGet(43)) - raft.grpc.server.port = 0 (default)
2019-10-19 01:26:18,409 [main] INFO  server.GrpcService (ConfUtils.java:logGet(43)) - raft.grpc.message.size.max = 33570816 (custom)
2019-10-19 01:26:18,410 [main] INFO  server.RaftServerConfigKeys (ConfUtils.java:logGet(43)) - raft.server.log.appender.buffer.byte-limit = 33554432 (custom)
2019-10-19 01:26:18,410 [main] INFO  server.GrpcService (ConfUtils.java:logGet(43)) - raft.grpc.flow.control.window = 1MB (=1048576) (default)
2019-10-19 01:26:18,410 [main] INFO  server.RaftServerConfigKeys (ConfUtils.java:logGet(43)) - raft.server.rpc.request.timeout = 3000ms (default)
2019-10-19 01:26:18,411 [main] INFO  server.RaftServerConfigKeys (ConfUtils.java:logGet(43)) - raft.server.storage.dir = [/workdir/hadoop-ozone/integration-test/target/test-dir/MiniOzoneClusterImpl-be769f72-d0ac-4a2c-8dca-159e9fc5eefe/datanode-2/data/ratis] (custom)
2019-10-19 01:26:18,413 [main] INFO  hdfs.DFSUtil (DFSUtil.java:httpServerTemplateForNNAndJN(1641)) - Starting Web-server for hddsDatanode at: http://0.0.0.0:0
2019-10-19 01:26:18,415 [main] INFO  server.AuthenticationFilter (AuthenticationFilter.java:constructSecretProvider(240)) - Unable to initialize FileSignerSecretProvider, falling back to use random secrets.
2019-10-19 01:26:18,415 [main] WARN  http.HttpRequestLog (HttpRequestLog.java:getRequestLog(97)) - Jetty request log can only be enabled using Log4j
2019-10-19 01:26:18,417 [main] INFO  http.HttpServer2 (HttpServer2.java:addGlobalFilter(975)) - Added global filter 'safety' (class=org.apache.hadoop.http.HttpServer2$QuotingInputFilter)
2019-10-19 01:26:18,418 [main] INFO  http.HttpServer2 (HttpServer2.java:addFilter(948)) - Added filter static_user_filter (class=org.apache.hadoop.http.lib.StaticUserWebFilter$StaticUserFilter) to context hddsDatanode
2019-10-19 01:26:18,418 [main] INFO  http.HttpServer2 (HttpServer2.java:addFilter(958)) - Added filter static_user_filter (class=org.apache.hadoop.http.lib.StaticUserWebFilter$StaticUserFilter) to context static
2019-10-19 01:26:18,418 [main] INFO  http.HttpServer2 (HttpServer2.java:addFilter(958)) - Added filter static_user_filter (class=org.apache.hadoop.http.lib.StaticUserWebFilter$StaticUserFilter) to context logs
2019-10-19 01:26:18,419 [main] INFO  http.HttpServer2 (HttpServer2.java:bindListener(1191)) - Jetty bound to port 36151
2019-10-19 01:26:18,420 [main] INFO  server.Server (Server.java:doStart(351)) - jetty-9.3.25.v20180904, build timestamp: 2018-09-04T21:11:46Z, git hash: 3ce520221d0240229c862b122d2b06c12a625732
2019-10-19 01:26:18,422 [main] INFO  handler.ContextHandler (ContextHandler.java:doStart(781)) - Started o.e.j.s.ServletContextHandler@d109c4f{/logs,file:///workdir/hadoop-ozone/integration-test/target/log,AVAILABLE}
2019-10-19 01:26:18,422 [main] INFO  handler.ContextHandler (ContextHandler.java:doStart(781)) - Started o.e.j.s.ServletContextHandler@26f46fa6{/static,jar:file:/home/user/.m2/repository/org/apache/hadoop/hadoop-hdds-container-service/0.5.0-SNAPSHOT/hadoop-hdds-container-service-0.5.0-SNAPSHOT.jar!/webapps/static,AVAILABLE}
2019-10-19 01:26:18,459 [main] INFO  handler.ContextHandler (ContextHandler.java:doStart(781)) - Started o.e.j.w.WebAppContext@4c6007fb{/,file:///tmp/jetty-0.0.0.0-36151-hddsDatanode-_-any-8642365003679400050.dir/webapp/,AVAILABLE}{/hddsDatanode}
2019-10-19 01:26:18,460 [main] INFO  server.AbstractConnector (AbstractConnector.java:doStart(278)) - Started ServerConnector@3e33d73e{HTTP/1.1,[http/1.1]}{0.0.0.0:36151}
2019-10-19 01:26:18,460 [main] INFO  server.Server (Server.java:doStart(419)) - Started @5221ms
2019-10-19 01:26:18,460 [main] WARN  impl.MetricsSystemImpl (MetricsSystemImpl.java:register(276)) - Sink prometheus already exists!
2019-10-19 01:26:18,461 [main] INFO  server.BaseHttpServer (BaseHttpServer.java:updateConnectorAddress(215)) - HTTP server of HDDSDATANODE is listening at http://0.0.0.0:36151
2019-10-19 01:26:18,462 [main] INFO  impl.MetricsSystemImpl (MetricsSystemImpl.java:init(158)) - HddsDatanode metrics system started (again)
2019-10-19 01:26:18,464 [org.apache.hadoop.util.JvmPauseMonitor$Monitor@64b8cff8] INFO  util.JvmPauseMonitor (JvmPauseMonitor.java:run(188)) - Starting JVM pause monitor
2019-10-19 01:26:18,464 [main] INFO  ozone.HddsDatanodeService (HddsDatanodeService.java:start(184)) - HddsDatanodeService host:pr-hdds-2333-n5kd5-3813804867 ip:192.168.157.242
2019-10-19 01:26:18,466 [Datanode State Machine Thread - 0] INFO  datanode.InitDatanodeState (InitDatanodeState.java:persistContainerDatanodeDetails(140)) - DatanodeDetails is persisted to /workdir/hadoop-ozone/integration-test/target/test-dir/MiniOzoneClusterImpl-be769f72-d0ac-4a2c-8dca-159e9fc5eefe/datanode-2/meta/datanode.id
2019-10-19 01:26:18,470 [main] INFO  volume.HddsVolume (HddsVolume.java:<init>(176)) - Creating Volume: /workdir/hadoop-ozone/integration-test/target/test-dir/MiniOzoneClusterImpl-be769f72-d0ac-4a2c-8dca-159e9fc5eefe/datanode-3/data/containers/hdds of  storage type : DISK and capacity : 1482555576320
2019-10-19 01:26:18,470 [main] INFO  volume.VolumeSet (VolumeSet.java:initializeVolumeSet(170)) - Added Volume : /workdir/hadoop-ozone/integration-test/target/test-dir/MiniOzoneClusterImpl-be769f72-d0ac-4a2c-8dca-159e9fc5eefe/datanode-3/data/containers/hdds to VolumeSet
2019-10-19 01:26:18,470 [main] INFO  volume.ThrottledAsyncChecker (ThrottledAsyncChecker.java:schedule(141)) - Scheduling a check for /workdir/hadoop-ozone/integration-test/target/test-dir/MiniOzoneClusterImpl-be769f72-d0ac-4a2c-8dca-159e9fc5eefe/datanode-3/data/containers/hdds
2019-10-19 01:26:18,471 [main] INFO  volume.HddsVolumeChecker (HddsVolumeChecker.java:checkAllVolumes(204)) - Scheduled health check for volume /workdir/hadoop-ozone/integration-test/target/test-dir/MiniOzoneClusterImpl-be769f72-d0ac-4a2c-8dca-159e9fc5eefe/datanode-3/data/containers/hdds
2019-10-19 01:26:18,484 [main] INFO  impl.RaftServerProxy (ConfUtils.java:logGet(43)) - raft.rpc.type = GRPC (default)
2019-10-19 01:26:18,485 [main] INFO  grpc.GrpcFactory (GrpcFactory.java:checkPooledByteBufAllocatorUseCacheForAllThreads(45)) - PERFORMANCE WARNING: useCacheForAllThreads is true that may cause Netty to create a lot garbage objects and, as a result, trigger GC.
	It is recommended to disable useCacheForAllThreads by setting -Dorg.apache.ratis.thirdparty.io.netty.allocator.useCacheForAllThreads=false in command line.
2019-10-19 01:26:18,485 [main] INFO  grpc.GrpcConfigKeys$Server (ConfUtils.java:logGet(43)) - raft.grpc.server.port = 0 (default)
2019-10-19 01:26:18,486 [main] INFO  server.GrpcService (ConfUtils.java:logGet(43)) - raft.grpc.message.size.max = 33570816 (custom)
2019-10-19 01:26:18,486 [main] INFO  server.RaftServerConfigKeys (ConfUtils.java:logGet(43)) - raft.server.log.appender.buffer.byte-limit = 33554432 (custom)
2019-10-19 01:26:18,486 [main] INFO  server.GrpcService (ConfUtils.java:logGet(43)) - raft.grpc.flow.control.window = 1MB (=1048576) (default)
2019-10-19 01:26:18,487 [main] INFO  server.RaftServerConfigKeys (ConfUtils.java:logGet(43)) - raft.server.rpc.request.timeout = 3000ms (default)
2019-10-19 01:26:18,488 [main] INFO  server.RaftServerConfigKeys (ConfUtils.java:logGet(43)) - raft.server.storage.dir = [/workdir/hadoop-ozone/integration-test/target/test-dir/MiniOzoneClusterImpl-be769f72-d0ac-4a2c-8dca-159e9fc5eefe/datanode-3/data/ratis] (custom)
2019-10-19 01:26:18,495 [main] INFO  hdfs.DFSUtil (DFSUtil.java:httpServerTemplateForNNAndJN(1641)) - Starting Web-server for hddsDatanode at: http://0.0.0.0:0
2019-10-19 01:26:18,496 [main] INFO  server.AuthenticationFilter (AuthenticationFilter.java:constructSecretProvider(240)) - Unable to initialize FileSignerSecretProvider, falling back to use random secrets.
2019-10-19 01:26:18,497 [main] WARN  http.HttpRequestLog (HttpRequestLog.java:getRequestLog(97)) - Jetty request log can only be enabled using Log4j
2019-10-19 01:26:18,498 [main] INFO  http.HttpServer2 (HttpServer2.java:addGlobalFilter(975)) - Added global filter 'safety' (class=org.apache.hadoop.http.HttpServer2$QuotingInputFilter)
2019-10-19 01:26:18,499 [main] INFO  http.HttpServer2 (HttpServer2.java:addFilter(948)) - Added filter static_user_filter (class=org.apache.hadoop.http.lib.StaticUserWebFilter$StaticUserFilter) to context hddsDatanode
2019-10-19 01:26:18,499 [main] INFO  http.HttpServer2 (HttpServer2.java:addFilter(958)) - Added filter static_user_filter (class=org.apache.hadoop.http.lib.StaticUserWebFilter$StaticUserFilter) to context logs
2019-10-19 01:26:18,499 [main] INFO  http.HttpServer2 (HttpServer2.java:addFilter(958)) - Added filter static_user_filter (class=org.apache.hadoop.http.lib.StaticUserWebFilter$StaticUserFilter) to context static
2019-10-19 01:26:18,500 [main] INFO  http.HttpServer2 (HttpServer2.java:bindListener(1191)) - Jetty bound to port 38306
2019-10-19 01:26:18,500 [main] INFO  server.Server (Server.java:doStart(351)) - jetty-9.3.25.v20180904, build timestamp: 2018-09-04T21:11:46Z, git hash: 3ce520221d0240229c862b122d2b06c12a625732
2019-10-19 01:26:18,503 [main] INFO  handler.ContextHandler (ContextHandler.java:doStart(781)) - Started o.e.j.s.ServletContextHandler@4b200971{/logs,file:///workdir/hadoop-ozone/integration-test/target/log,AVAILABLE}
2019-10-19 01:26:18,503 [main] INFO  handler.ContextHandler (ContextHandler.java:doStart(781)) - Started o.e.j.s.ServletContextHandler@68d7a2df{/static,jar:file:/home/user/.m2/repository/org/apache/hadoop/hadoop-hdds-container-service/0.5.0-SNAPSHOT/hadoop-hdds-container-service-0.5.0-SNAPSHOT.jar!/webapps/static,AVAILABLE}
2019-10-19 01:26:18,530 [main] INFO  handler.ContextHandler (ContextHandler.java:doStart(781)) - Started o.e.j.w.WebAppContext@4da6d664{/,file:///tmp/jetty-0.0.0.0-38306-hddsDatanode-_-any-5853466370386033740.dir/webapp/,AVAILABLE}{/hddsDatanode}
2019-10-19 01:26:18,531 [main] INFO  server.AbstractConnector (AbstractConnector.java:doStart(278)) - Started ServerConnector@5e5af8e1{HTTP/1.1,[http/1.1]}{0.0.0.0:38306}
2019-10-19 01:26:18,532 [main] INFO  server.Server (Server.java:doStart(419)) - Started @5293ms
2019-10-19 01:26:18,532 [main] WARN  impl.MetricsSystemImpl (MetricsSystemImpl.java:register(276)) - Sink prometheus already exists!
2019-10-19 01:26:18,533 [main] INFO  server.BaseHttpServer (BaseHttpServer.java:updateConnectorAddress(215)) - HTTP server of HDDSDATANODE is listening at http://0.0.0.0:38306
2019-10-19 01:26:18,533 [main] INFO  impl.MetricsSystemImpl (MetricsSystemImpl.java:init(158)) - HddsDatanode metrics system started (again)
2019-10-19 01:26:18,535 [main] INFO  ozone.HddsDatanodeService (HddsDatanodeService.java:start(184)) - HddsDatanodeService host:pr-hdds-2333-n5kd5-3813804867 ip:192.168.157.242
2019-10-19 01:26:18,536 [org.apache.hadoop.util.JvmPauseMonitor$Monitor@4ada9b97] INFO  util.JvmPauseMonitor (JvmPauseMonitor.java:run(188)) - Starting JVM pause monitor
2019-10-19 01:26:18,540 [Datanode State Machine Thread - 0] INFO  datanode.InitDatanodeState (InitDatanodeState.java:persistContainerDatanodeDetails(140)) - DatanodeDetails is persisted to /workdir/hadoop-ozone/integration-test/target/test-dir/MiniOzoneClusterImpl-be769f72-d0ac-4a2c-8dca-159e9fc5eefe/datanode-3/meta/datanode.id
2019-10-19 01:26:18,542 [main] INFO  volume.HddsVolume (HddsVolume.java:<init>(176)) - Creating Volume: /workdir/hadoop-ozone/integration-test/target/test-dir/MiniOzoneClusterImpl-be769f72-d0ac-4a2c-8dca-159e9fc5eefe/datanode-4/data/containers/hdds of  storage type : DISK and capacity : 1482555576320
2019-10-19 01:26:18,542 [main] INFO  volume.VolumeSet (VolumeSet.java:initializeVolumeSet(170)) - Added Volume : /workdir/hadoop-ozone/integration-test/target/test-dir/MiniOzoneClusterImpl-be769f72-d0ac-4a2c-8dca-159e9fc5eefe/datanode-4/data/containers/hdds to VolumeSet
2019-10-19 01:26:18,543 [main] INFO  volume.ThrottledAsyncChecker (ThrottledAsyncChecker.java:schedule(141)) - Scheduling a check for /workdir/hadoop-ozone/integration-test/target/test-dir/MiniOzoneClusterImpl-be769f72-d0ac-4a2c-8dca-159e9fc5eefe/datanode-4/data/containers/hdds
2019-10-19 01:26:18,543 [main] INFO  volume.HddsVolumeChecker (HddsVolumeChecker.java:checkAllVolumes(204)) - Scheduled health check for volume /workdir/hadoop-ozone/integration-test/target/test-dir/MiniOzoneClusterImpl-be769f72-d0ac-4a2c-8dca-159e9fc5eefe/datanode-4/data/containers/hdds
2019-10-19 01:26:18,554 [main] INFO  impl.RaftServerProxy (ConfUtils.java:logGet(43)) - raft.rpc.type = GRPC (default)
2019-10-19 01:26:18,555 [main] INFO  grpc.GrpcFactory (GrpcFactory.java:checkPooledByteBufAllocatorUseCacheForAllThreads(45)) - PERFORMANCE WARNING: useCacheForAllThreads is true that may cause Netty to create a lot garbage objects and, as a result, trigger GC.
	It is recommended to disable useCacheForAllThreads by setting -Dorg.apache.ratis.thirdparty.io.netty.allocator.useCacheForAllThreads=false in command line.
2019-10-19 01:26:18,555 [main] INFO  grpc.GrpcConfigKeys$Server (ConfUtils.java:logGet(43)) - raft.grpc.server.port = 0 (default)
2019-10-19 01:26:18,555 [main] INFO  server.GrpcService (ConfUtils.java:logGet(43)) - raft.grpc.message.size.max = 33570816 (custom)
2019-10-19 01:26:18,555 [main] INFO  server.RaftServerConfigKeys (ConfUtils.java:logGet(43)) - raft.server.log.appender.buffer.byte-limit = 33554432 (custom)
2019-10-19 01:26:18,555 [main] INFO  server.GrpcService (ConfUtils.java:logGet(43)) - raft.grpc.flow.control.window = 1MB (=1048576) (default)
2019-10-19 01:26:18,556 [main] INFO  server.RaftServerConfigKeys (ConfUtils.java:logGet(43)) - raft.server.rpc.request.timeout = 3000ms (default)
2019-10-19 01:26:18,556 [main] INFO  server.RaftServerConfigKeys (ConfUtils.java:logGet(43)) - raft.server.storage.dir = [/workdir/hadoop-ozone/integration-test/target/test-dir/MiniOzoneClusterImpl-be769f72-d0ac-4a2c-8dca-159e9fc5eefe/datanode-4/data/ratis] (custom)
2019-10-19 01:26:18,557 [main] INFO  hdfs.DFSUtil (DFSUtil.java:httpServerTemplateForNNAndJN(1641)) - Starting Web-server for hddsDatanode at: http://0.0.0.0:0
2019-10-19 01:26:18,559 [main] INFO  server.AuthenticationFilter (AuthenticationFilter.java:constructSecretProvider(240)) - Unable to initialize FileSignerSecretProvider, falling back to use random secrets.
2019-10-19 01:26:18,559 [main] WARN  http.HttpRequestLog (HttpRequestLog.java:getRequestLog(97)) - Jetty request log can only be enabled using Log4j
2019-10-19 01:26:18,561 [main] INFO  http.HttpServer2 (HttpServer2.java:addGlobalFilter(975)) - Added global filter 'safety' (class=org.apache.hadoop.http.HttpServer2$QuotingInputFilter)
2019-10-19 01:26:18,561 [main] INFO  http.HttpServer2 (HttpServer2.java:addFilter(948)) - Added filter static_user_filter (class=org.apache.hadoop.http.lib.StaticUserWebFilter$StaticUserFilter) to context hddsDatanode
2019-10-19 01:26:18,561 [main] INFO  http.HttpServer2 (HttpServer2.java:addFilter(958)) - Added filter static_user_filter (class=org.apache.hadoop.http.lib.StaticUserWebFilter$StaticUserFilter) to context static
2019-10-19 01:26:18,561 [main] INFO  http.HttpServer2 (HttpServer2.java:addFilter(958)) - Added filter static_user_filter (class=org.apache.hadoop.http.lib.StaticUserWebFilter$StaticUserFilter) to context logs
2019-10-19 01:26:18,562 [main] INFO  http.HttpServer2 (HttpServer2.java:bindListener(1191)) - Jetty bound to port 43999
2019-10-19 01:26:18,562 [main] INFO  server.Server (Server.java:doStart(351)) - jetty-9.3.25.v20180904, build timestamp: 2018-09-04T21:11:46Z, git hash: 3ce520221d0240229c862b122d2b06c12a625732
2019-10-19 01:26:18,566 [main] INFO  handler.ContextHandler (ContextHandler.java:doStart(781)) - Started o.e.j.s.ServletContextHandler@7100dea{/logs,file:///workdir/hadoop-ozone/integration-test/target/log,AVAILABLE}
2019-10-19 01:26:18,567 [main] INFO  handler.ContextHandler (ContextHandler.java:doStart(781)) - Started o.e.j.s.ServletContextHandler@32e54a9d{/static,jar:file:/home/user/.m2/repository/org/apache/hadoop/hadoop-hdds-container-service/0.5.0-SNAPSHOT/hadoop-hdds-container-service-0.5.0-SNAPSHOT.jar!/webapps/static,AVAILABLE}
2019-10-19 01:26:18,595 [main] INFO  handler.ContextHandler (ContextHandler.java:doStart(781)) - Started o.e.j.w.WebAppContext@588f63c{/,file:///tmp/jetty-0.0.0.0-43999-hddsDatanode-_-any-372703045658944788.dir/webapp/,AVAILABLE}{/hddsDatanode}
2019-10-19 01:26:18,595 [main] INFO  server.AbstractConnector (AbstractConnector.java:doStart(278)) - Started ServerConnector@5a6fa56e{HTTP/1.1,[http/1.1]}{0.0.0.0:43999}
2019-10-19 01:26:18,597 [main] INFO  server.Server (Server.java:doStart(419)) - Started @5357ms
2019-10-19 01:26:18,597 [main] WARN  impl.MetricsSystemImpl (MetricsSystemImpl.java:register(276)) - Sink prometheus already exists!
2019-10-19 01:26:18,598 [main] INFO  server.BaseHttpServer (BaseHttpServer.java:updateConnectorAddress(215)) - HTTP server of HDDSDATANODE is listening at http://0.0.0.0:43999
2019-10-19 01:26:18,599 [main] INFO  impl.MetricsSystemImpl (MetricsSystemImpl.java:init(158)) - HddsDatanode metrics system started (again)
2019-10-19 01:26:18,602 [main] INFO  ozone.HddsDatanodeService (HddsDatanodeService.java:start(184)) - HddsDatanodeService host:pr-hdds-2333-n5kd5-3813804867 ip:192.168.157.242
2019-10-19 01:26:18,602 [org.apache.hadoop.util.JvmPauseMonitor$Monitor@1f2944dc] INFO  util.JvmPauseMonitor (JvmPauseMonitor.java:run(188)) - Starting JVM pause monitor
2019-10-19 01:26:18,605 [Datanode State Machine Thread - 0] INFO  datanode.InitDatanodeState (InitDatanodeState.java:persistContainerDatanodeDetails(140)) - DatanodeDetails is persisted to /workdir/hadoop-ozone/integration-test/target/test-dir/MiniOzoneClusterImpl-be769f72-d0ac-4a2c-8dca-159e9fc5eefe/datanode-4/meta/datanode.id
2019-10-19 01:26:18,613 [main] INFO  volume.HddsVolume (HddsVolume.java:<init>(176)) - Creating Volume: /workdir/hadoop-ozone/integration-test/target/test-dir/MiniOzoneClusterImpl-be769f72-d0ac-4a2c-8dca-159e9fc5eefe/datanode-5/data/containers/hdds of  storage type : DISK and capacity : 1482555576320
2019-10-19 01:26:18,613 [main] INFO  volume.VolumeSet (VolumeSet.java:initializeVolumeSet(170)) - Added Volume : /workdir/hadoop-ozone/integration-test/target/test-dir/MiniOzoneClusterImpl-be769f72-d0ac-4a2c-8dca-159e9fc5eefe/datanode-5/data/containers/hdds to VolumeSet
2019-10-19 01:26:18,613 [main] INFO  volume.ThrottledAsyncChecker (ThrottledAsyncChecker.java:schedule(141)) - Scheduling a check for /workdir/hadoop-ozone/integration-test/target/test-dir/MiniOzoneClusterImpl-be769f72-d0ac-4a2c-8dca-159e9fc5eefe/datanode-5/data/containers/hdds
2019-10-19 01:26:18,614 [main] INFO  volume.HddsVolumeChecker (HddsVolumeChecker.java:checkAllVolumes(204)) - Scheduled health check for volume /workdir/hadoop-ozone/integration-test/target/test-dir/MiniOzoneClusterImpl-be769f72-d0ac-4a2c-8dca-159e9fc5eefe/datanode-5/data/containers/hdds
2019-10-19 01:26:18,630 [main] INFO  impl.RaftServerProxy (ConfUtils.java:logGet(43)) - raft.rpc.type = GRPC (default)
2019-10-19 01:26:18,630 [main] INFO  grpc.GrpcFactory (GrpcFactory.java:checkPooledByteBufAllocatorUseCacheForAllThreads(45)) - PERFORMANCE WARNING: useCacheForAllThreads is true that may cause Netty to create a lot garbage objects and, as a result, trigger GC.
	It is recommended to disable useCacheForAllThreads by setting -Dorg.apache.ratis.thirdparty.io.netty.allocator.useCacheForAllThreads=false in command line.
2019-10-19 01:26:18,630 [main] INFO  grpc.GrpcConfigKeys$Server (ConfUtils.java:logGet(43)) - raft.grpc.server.port = 0 (default)
2019-10-19 01:26:18,631 [main] INFO  server.GrpcService (ConfUtils.java:logGet(43)) - raft.grpc.message.size.max = 33570816 (custom)
2019-10-19 01:26:18,631 [main] INFO  server.RaftServerConfigKeys (ConfUtils.java:logGet(43)) - raft.server.log.appender.buffer.byte-limit = 33554432 (custom)
2019-10-19 01:26:18,631 [main] INFO  server.GrpcService (ConfUtils.java:logGet(43)) - raft.grpc.flow.control.window = 1MB (=1048576) (default)
2019-10-19 01:26:18,631 [main] INFO  server.RaftServerConfigKeys (ConfUtils.java:logGet(43)) - raft.server.rpc.request.timeout = 3000ms (default)
2019-10-19 01:26:18,632 [main] INFO  server.RaftServerConfigKeys (ConfUtils.java:logGet(43)) - raft.server.storage.dir = [/workdir/hadoop-ozone/integration-test/target/test-dir/MiniOzoneClusterImpl-be769f72-d0ac-4a2c-8dca-159e9fc5eefe/datanode-5/data/ratis] (custom)
2019-10-19 01:26:18,634 [main] INFO  hdfs.DFSUtil (DFSUtil.java:httpServerTemplateForNNAndJN(1641)) - Starting Web-server for hddsDatanode at: http://0.0.0.0:0
2019-10-19 01:26:18,635 [main] INFO  server.AuthenticationFilter (AuthenticationFilter.java:constructSecretProvider(240)) - Unable to initialize FileSignerSecretProvider, falling back to use random secrets.
2019-10-19 01:26:18,636 [main] WARN  http.HttpRequestLog (HttpRequestLog.java:getRequestLog(97)) - Jetty request log can only be enabled using Log4j
2019-10-19 01:26:18,637 [main] INFO  http.HttpServer2 (HttpServer2.java:addGlobalFilter(975)) - Added global filter 'safety' (class=org.apache.hadoop.http.HttpServer2$QuotingInputFilter)
2019-10-19 01:26:18,638 [main] INFO  http.HttpServer2 (HttpServer2.java:addFilter(948)) - Added filter static_user_filter (class=org.apache.hadoop.http.lib.StaticUserWebFilter$StaticUserFilter) to context hddsDatanode
2019-10-19 01:26:18,638 [main] INFO  http.HttpServer2 (HttpServer2.java:addFilter(958)) - Added filter static_user_filter (class=org.apache.hadoop.http.lib.StaticUserWebFilter$StaticUserFilter) to context logs
2019-10-19 01:26:18,639 [main] INFO  http.HttpServer2 (HttpServer2.java:addFilter(958)) - Added filter static_user_filter (class=org.apache.hadoop.http.lib.StaticUserWebFilter$StaticUserFilter) to context static
2019-10-19 01:26:18,639 [main] INFO  http.HttpServer2 (HttpServer2.java:bindListener(1191)) - Jetty bound to port 40855
2019-10-19 01:26:18,639 [main] INFO  server.Server (Server.java:doStart(351)) - jetty-9.3.25.v20180904, build timestamp: 2018-09-04T21:11:46Z, git hash: 3ce520221d0240229c862b122d2b06c12a625732
2019-10-19 01:26:18,641 [main] INFO  handler.ContextHandler (ContextHandler.java:doStart(781)) - Started o.e.j.s.ServletContextHandler@72f9f27c{/logs,file:///workdir/hadoop-ozone/integration-test/target/log,AVAILABLE}
2019-10-19 01:26:18,642 [main] INFO  handler.ContextHandler (ContextHandler.java:doStart(781)) - Started o.e.j.s.ServletContextHandler@762637be{/static,jar:file:/home/user/.m2/repository/org/apache/hadoop/hadoop-hdds-container-service/0.5.0-SNAPSHOT/hadoop-hdds-container-service-0.5.0-SNAPSHOT.jar!/webapps/static,AVAILABLE}
2019-10-19 01:26:18,671 [main] INFO  handler.ContextHandler (ContextHandler.java:doStart(781)) - Started o.e.j.w.WebAppContext@7fb29ca9{/,file:///tmp/jetty-0.0.0.0-40855-hddsDatanode-_-any-2934124592147323031.dir/webapp/,AVAILABLE}{/hddsDatanode}
2019-10-19 01:26:18,672 [main] INFO  server.AbstractConnector (AbstractConnector.java:doStart(278)) - Started ServerConnector@1e253c9d{HTTP/1.1,[http/1.1]}{0.0.0.0:40855}
2019-10-19 01:26:18,673 [main] INFO  server.Server (Server.java:doStart(419)) - Started @5434ms
2019-10-19 01:26:18,673 [main] WARN  impl.MetricsSystemImpl (MetricsSystemImpl.java:register(276)) - Sink prometheus already exists!
2019-10-19 01:26:18,674 [main] INFO  server.BaseHttpServer (BaseHttpServer.java:updateConnectorAddress(215)) - HTTP server of HDDSDATANODE is listening at http://0.0.0.0:40855
2019-10-19 01:26:18,674 [main] INFO  impl.MetricsSystemImpl (MetricsSystemImpl.java:init(158)) - HddsDatanode metrics system started (again)
2019-10-19 01:26:18,677 [org.apache.hadoop.util.JvmPauseMonitor$Monitor@7ffe5ffb] INFO  util.JvmPauseMonitor (JvmPauseMonitor.java:run(188)) - Starting JVM pause monitor
2019-10-19 01:26:18,678 [main] INFO  ozone.HddsDatanodeService (HddsDatanodeService.java:start(184)) - HddsDatanodeService host:pr-hdds-2333-n5kd5-3813804867 ip:192.168.157.242
2019-10-19 01:26:18,679 [Datanode State Machine Thread - 0] INFO  datanode.InitDatanodeState (InitDatanodeState.java:persistContainerDatanodeDetails(140)) - DatanodeDetails is persisted to /workdir/hadoop-ozone/integration-test/target/test-dir/MiniOzoneClusterImpl-be769f72-d0ac-4a2c-8dca-159e9fc5eefe/datanode-5/meta/datanode.id
2019-10-19 01:26:18,684 [main] INFO  volume.HddsVolume (HddsVolume.java:<init>(176)) - Creating Volume: /workdir/hadoop-ozone/integration-test/target/test-dir/MiniOzoneClusterImpl-be769f72-d0ac-4a2c-8dca-159e9fc5eefe/datanode-6/data/containers/hdds of  storage type : DISK and capacity : 1482555576320
2019-10-19 01:26:18,694 [main] INFO  volume.VolumeSet (VolumeSet.java:initializeVolumeSet(170)) - Added Volume : /workdir/hadoop-ozone/integration-test/target/test-dir/MiniOzoneClusterImpl-be769f72-d0ac-4a2c-8dca-159e9fc5eefe/datanode-6/data/containers/hdds to VolumeSet
2019-10-19 01:26:18,695 [main] INFO  volume.ThrottledAsyncChecker (ThrottledAsyncChecker.java:schedule(141)) - Scheduling a check for /workdir/hadoop-ozone/integration-test/target/test-dir/MiniOzoneClusterImpl-be769f72-d0ac-4a2c-8dca-159e9fc5eefe/datanode-6/data/containers/hdds
2019-10-19 01:26:18,695 [main] INFO  volume.HddsVolumeChecker (HddsVolumeChecker.java:checkAllVolumes(204)) - Scheduled health check for volume /workdir/hadoop-ozone/integration-test/target/test-dir/MiniOzoneClusterImpl-be769f72-d0ac-4a2c-8dca-159e9fc5eefe/datanode-6/data/containers/hdds
2019-10-19 01:26:18,710 [main] INFO  impl.RaftServerProxy (ConfUtils.java:logGet(43)) - raft.rpc.type = GRPC (default)
2019-10-19 01:26:18,711 [main] INFO  grpc.GrpcFactory (GrpcFactory.java:checkPooledByteBufAllocatorUseCacheForAllThreads(45)) - PERFORMANCE WARNING: useCacheForAllThreads is true that may cause Netty to create a lot garbage objects and, as a result, trigger GC.
	It is recommended to disable useCacheForAllThreads by setting -Dorg.apache.ratis.thirdparty.io.netty.allocator.useCacheForAllThreads=false in command line.
2019-10-19 01:26:18,711 [main] INFO  grpc.GrpcConfigKeys$Server (ConfUtils.java:logGet(43)) - raft.grpc.server.port = 0 (default)
2019-10-19 01:26:18,711 [main] INFO  server.GrpcService (ConfUtils.java:logGet(43)) - raft.grpc.message.size.max = 33570816 (custom)
2019-10-19 01:26:18,711 [main] INFO  server.RaftServerConfigKeys (ConfUtils.java:logGet(43)) - raft.server.log.appender.buffer.byte-limit = 33554432 (custom)
2019-10-19 01:26:18,711 [main] INFO  server.GrpcService (ConfUtils.java:logGet(43)) - raft.grpc.flow.control.window = 1MB (=1048576) (default)
2019-10-19 01:26:18,712 [main] INFO  server.RaftServerConfigKeys (ConfUtils.java:logGet(43)) - raft.server.rpc.request.timeout = 3000ms (default)
2019-10-19 01:26:18,712 [main] INFO  server.RaftServerConfigKeys (ConfUtils.java:logGet(43)) - raft.server.storage.dir = [/workdir/hadoop-ozone/integration-test/target/test-dir/MiniOzoneClusterImpl-be769f72-d0ac-4a2c-8dca-159e9fc5eefe/datanode-6/data/ratis] (custom)
2019-10-19 01:26:18,714 [main] INFO  hdfs.DFSUtil (DFSUtil.java:httpServerTemplateForNNAndJN(1641)) - Starting Web-server for hddsDatanode at: http://0.0.0.0:0
2019-10-19 01:26:18,715 [main] INFO  server.AuthenticationFilter (AuthenticationFilter.java:constructSecretProvider(240)) - Unable to initialize FileSignerSecretProvider, falling back to use random secrets.
2019-10-19 01:26:18,716 [main] WARN  http.HttpRequestLog (HttpRequestLog.java:getRequestLog(97)) - Jetty request log can only be enabled using Log4j
2019-10-19 01:26:18,717 [main] INFO  http.HttpServer2 (HttpServer2.java:addGlobalFilter(975)) - Added global filter 'safety' (class=org.apache.hadoop.http.HttpServer2$QuotingInputFilter)
2019-10-19 01:26:18,718 [main] INFO  http.HttpServer2 (HttpServer2.java:addFilter(948)) - Added filter static_user_filter (class=org.apache.hadoop.http.lib.StaticUserWebFilter$StaticUserFilter) to context hddsDatanode
2019-10-19 01:26:18,718 [main] INFO  http.HttpServer2 (HttpServer2.java:addFilter(958)) - Added filter static_user_filter (class=org.apache.hadoop.http.lib.StaticUserWebFilter$StaticUserFilter) to context static
2019-10-19 01:26:18,718 [main] INFO  http.HttpServer2 (HttpServer2.java:addFilter(958)) - Added filter static_user_filter (class=org.apache.hadoop.http.lib.StaticUserWebFilter$StaticUserFilter) to context logs
2019-10-19 01:26:18,719 [main] INFO  http.HttpServer2 (HttpServer2.java:bindListener(1191)) - Jetty bound to port 46551
2019-10-19 01:26:18,719 [main] INFO  server.Server (Server.java:doStart(351)) - jetty-9.3.25.v20180904, build timestamp: 2018-09-04T21:11:46Z, git hash: 3ce520221d0240229c862b122d2b06c12a625732
2019-10-19 01:26:18,721 [main] INFO  handler.ContextHandler (ContextHandler.java:doStart(781)) - Started o.e.j.s.ServletContextHandler@17fa1336{/logs,file:///workdir/hadoop-ozone/integration-test/target/log,AVAILABLE}
2019-10-19 01:26:18,722 [main] INFO  handler.ContextHandler (ContextHandler.java:doStart(781)) - Started o.e.j.s.ServletContextHandler@68b9834c{/static,jar:file:/home/user/.m2/repository/org/apache/hadoop/hadoop-hdds-container-service/0.5.0-SNAPSHOT/hadoop-hdds-container-service-0.5.0-SNAPSHOT.jar!/webapps/static,AVAILABLE}
2019-10-19 01:26:18,750 [main] INFO  handler.ContextHandler (ContextHandler.java:doStart(781)) - Started o.e.j.w.WebAppContext@2630dbc4{/,file:///tmp/jetty-0.0.0.0-46551-hddsDatanode-_-any-7744196818993672053.dir/webapp/,AVAILABLE}{/hddsDatanode}
2019-10-19 01:26:18,752 [main] INFO  server.AbstractConnector (AbstractConnector.java:doStart(278)) - Started ServerConnector@5ea4300e{HTTP/1.1,[http/1.1]}{0.0.0.0:46551}
2019-10-19 01:26:18,752 [main] INFO  server.Server (Server.java:doStart(419)) - Started @5513ms
2019-10-19 01:26:18,752 [main] WARN  impl.MetricsSystemImpl (MetricsSystemImpl.java:register(276)) - Sink prometheus already exists!
2019-10-19 01:26:18,753 [main] INFO  server.BaseHttpServer (BaseHttpServer.java:updateConnectorAddress(215)) - HTTP server of HDDSDATANODE is listening at http://0.0.0.0:46551
2019-10-19 01:26:18,753 [main] INFO  impl.MetricsSystemImpl (MetricsSystemImpl.java:init(158)) - HddsDatanode metrics system started (again)
2019-10-19 01:26:18,757 [org.apache.hadoop.util.JvmPauseMonitor$Monitor@1c76d485] INFO  util.JvmPauseMonitor (JvmPauseMonitor.java:run(188)) - Starting JVM pause monitor
2019-10-19 01:26:18,757 [main] INFO  ozone.HddsDatanodeService (HddsDatanodeService.java:start(184)) - HddsDatanodeService host:pr-hdds-2333-n5kd5-3813804867 ip:192.168.157.242
2019-10-19 01:26:18,760 [Datanode State Machine Thread - 0] INFO  datanode.InitDatanodeState (InitDatanodeState.java:persistContainerDatanodeDetails(140)) - DatanodeDetails is persisted to /workdir/hadoop-ozone/integration-test/target/test-dir/MiniOzoneClusterImpl-be769f72-d0ac-4a2c-8dca-159e9fc5eefe/datanode-6/meta/datanode.id
2019-10-19 01:26:18,763 [main] INFO  volume.HddsVolume (HddsVolume.java:<init>(176)) - Creating Volume: /workdir/hadoop-ozone/integration-test/target/test-dir/MiniOzoneClusterImpl-be769f72-d0ac-4a2c-8dca-159e9fc5eefe/datanode-7/data/containers/hdds of  storage type : DISK and capacity : 1482555576320
2019-10-19 01:26:18,764 [main] INFO  volume.VolumeSet (VolumeSet.java:initializeVolumeSet(170)) - Added Volume : /workdir/hadoop-ozone/integration-test/target/test-dir/MiniOzoneClusterImpl-be769f72-d0ac-4a2c-8dca-159e9fc5eefe/datanode-7/data/containers/hdds to VolumeSet
2019-10-19 01:26:18,764 [main] INFO  volume.ThrottledAsyncChecker (ThrottledAsyncChecker.java:schedule(141)) - Scheduling a check for /workdir/hadoop-ozone/integration-test/target/test-dir/MiniOzoneClusterImpl-be769f72-d0ac-4a2c-8dca-159e9fc5eefe/datanode-7/data/containers/hdds
2019-10-19 01:26:18,765 [main] INFO  volume.HddsVolumeChecker (HddsVolumeChecker.java:checkAllVolumes(204)) - Scheduled health check for volume /workdir/hadoop-ozone/integration-test/target/test-dir/MiniOzoneClusterImpl-be769f72-d0ac-4a2c-8dca-159e9fc5eefe/datanode-7/data/containers/hdds
2019-10-19 01:26:18,780 [main] INFO  impl.RaftServerProxy (ConfUtils.java:logGet(43)) - raft.rpc.type = GRPC (default)
2019-10-19 01:26:18,780 [main] INFO  grpc.GrpcFactory (GrpcFactory.java:checkPooledByteBufAllocatorUseCacheForAllThreads(45)) - PERFORMANCE WARNING: useCacheForAllThreads is true that may cause Netty to create a lot garbage objects and, as a result, trigger GC.
	It is recommended to disable useCacheForAllThreads by setting -Dorg.apache.ratis.thirdparty.io.netty.allocator.useCacheForAllThreads=false in command line.
2019-10-19 01:26:18,780 [main] INFO  grpc.GrpcConfigKeys$Server (ConfUtils.java:logGet(43)) - raft.grpc.server.port = 0 (default)
2019-10-19 01:26:18,780 [main] INFO  server.GrpcService (ConfUtils.java:logGet(43)) - raft.grpc.message.size.max = 33570816 (custom)
2019-10-19 01:26:18,780 [main] INFO  server.RaftServerConfigKeys (ConfUtils.java:logGet(43)) - raft.server.log.appender.buffer.byte-limit = 33554432 (custom)
2019-10-19 01:26:18,781 [main] INFO  server.GrpcService (ConfUtils.java:logGet(43)) - raft.grpc.flow.control.window = 1MB (=1048576) (default)
2019-10-19 01:26:18,781 [main] INFO  server.RaftServerConfigKeys (ConfUtils.java:logGet(43)) - raft.server.rpc.request.timeout = 3000ms (default)
2019-10-19 01:26:18,781 [main] INFO  server.RaftServerConfigKeys (ConfUtils.java:logGet(43)) - raft.server.storage.dir = [/workdir/hadoop-ozone/integration-test/target/test-dir/MiniOzoneClusterImpl-be769f72-d0ac-4a2c-8dca-159e9fc5eefe/datanode-7/data/ratis] (custom)
2019-10-19 01:26:18,783 [main] INFO  hdfs.DFSUtil (DFSUtil.java:httpServerTemplateForNNAndJN(1641)) - Starting Web-server for hddsDatanode at: http://0.0.0.0:0
2019-10-19 01:26:18,784 [main] INFO  server.AuthenticationFilter (AuthenticationFilter.java:constructSecretProvider(240)) - Unable to initialize FileSignerSecretProvider, falling back to use random secrets.
2019-10-19 01:26:18,784 [main] WARN  http.HttpRequestLog (HttpRequestLog.java:getRequestLog(97)) - Jetty request log can only be enabled using Log4j
2019-10-19 01:26:18,786 [main] INFO  http.HttpServer2 (HttpServer2.java:addGlobalFilter(975)) - Added global filter 'safety' (class=org.apache.hadoop.http.HttpServer2$QuotingInputFilter)
2019-10-19 01:26:18,786 [main] INFO  http.HttpServer2 (HttpServer2.java:addFilter(948)) - Added filter static_user_filter (class=org.apache.hadoop.http.lib.StaticUserWebFilter$StaticUserFilter) to context hddsDatanode
2019-10-19 01:26:18,786 [main] INFO  http.HttpServer2 (HttpServer2.java:addFilter(958)) - Added filter static_user_filter (class=org.apache.hadoop.http.lib.StaticUserWebFilter$StaticUserFilter) to context logs
2019-10-19 01:26:18,786 [main] INFO  http.HttpServer2 (HttpServer2.java:addFilter(958)) - Added filter static_user_filter (class=org.apache.hadoop.http.lib.StaticUserWebFilter$StaticUserFilter) to context static
2019-10-19 01:26:18,787 [main] INFO  http.HttpServer2 (HttpServer2.java:bindListener(1191)) - Jetty bound to port 34718
2019-10-19 01:26:18,787 [main] INFO  server.Server (Server.java:doStart(351)) - jetty-9.3.25.v20180904, build timestamp: 2018-09-04T21:11:46Z, git hash: 3ce520221d0240229c862b122d2b06c12a625732
2019-10-19 01:26:18,789 [main] INFO  handler.ContextHandler (ContextHandler.java:doStart(781)) - Started o.e.j.s.ServletContextHandler@31ddb930{/logs,file:///workdir/hadoop-ozone/integration-test/target/log,AVAILABLE}
2019-10-19 01:26:18,789 [main] INFO  handler.ContextHandler (ContextHandler.java:doStart(781)) - Started o.e.j.s.ServletContextHandler@3c3c4a71{/static,jar:file:/home/user/.m2/repository/org/apache/hadoop/hadoop-hdds-container-service/0.5.0-SNAPSHOT/hadoop-hdds-container-service-0.5.0-SNAPSHOT.jar!/webapps/static,AVAILABLE}
2019-10-19 01:26:18,817 [main] INFO  handler.ContextHandler (ContextHandler.java:doStart(781)) - Started o.e.j.w.WebAppContext@268cbb86{/,file:///tmp/jetty-0.0.0.0-34718-hddsDatanode-_-any-8713441763073041443.dir/webapp/,AVAILABLE}{/hddsDatanode}
2019-10-19 01:26:18,817 [main] INFO  server.AbstractConnector (AbstractConnector.java:doStart(278)) - Started ServerConnector@10f7918f{HTTP/1.1,[http/1.1]}{0.0.0.0:34718}
2019-10-19 01:26:18,818 [main] INFO  server.Server (Server.java:doStart(419)) - Started @5579ms
2019-10-19 01:26:18,818 [main] WARN  impl.MetricsSystemImpl (MetricsSystemImpl.java:register(276)) - Sink prometheus already exists!
2019-10-19 01:26:18,819 [main] INFO  server.BaseHttpServer (BaseHttpServer.java:updateConnectorAddress(215)) - HTTP server of HDDSDATANODE is listening at http://0.0.0.0:34718
2019-10-19 01:26:18,819 [main] INFO  impl.MetricsSystemImpl (MetricsSystemImpl.java:init(158)) - HddsDatanode metrics system started (again)
2019-10-19 01:26:18,822 [org.apache.hadoop.util.JvmPauseMonitor$Monitor@5d47c5a5] INFO  util.JvmPauseMonitor (JvmPauseMonitor.java:run(188)) - Starting JVM pause monitor
2019-10-19 01:26:18,823 [main] INFO  ozone.HddsDatanodeService (HddsDatanodeService.java:start(184)) - HddsDatanodeService host:pr-hdds-2333-n5kd5-3813804867 ip:192.168.157.242
2019-10-19 01:26:18,825 [Datanode State Machine Thread - 0] INFO  datanode.InitDatanodeState (InitDatanodeState.java:persistContainerDatanodeDetails(140)) - DatanodeDetails is persisted to /workdir/hadoop-ozone/integration-test/target/test-dir/MiniOzoneClusterImpl-be769f72-d0ac-4a2c-8dca-159e9fc5eefe/datanode-7/meta/datanode.id
2019-10-19 01:26:18,833 [main] INFO  volume.HddsVolume (HddsVolume.java:<init>(176)) - Creating Volume: /workdir/hadoop-ozone/integration-test/target/test-dir/MiniOzoneClusterImpl-be769f72-d0ac-4a2c-8dca-159e9fc5eefe/datanode-8/data/containers/hdds of  storage type : DISK and capacity : 1482555576320
2019-10-19 01:26:18,833 [main] INFO  volume.VolumeSet (VolumeSet.java:initializeVolumeSet(170)) - Added Volume : /workdir/hadoop-ozone/integration-test/target/test-dir/MiniOzoneClusterImpl-be769f72-d0ac-4a2c-8dca-159e9fc5eefe/datanode-8/data/containers/hdds to VolumeSet
2019-10-19 01:26:18,833 [main] INFO  volume.ThrottledAsyncChecker (ThrottledAsyncChecker.java:schedule(141)) - Scheduling a check for /workdir/hadoop-ozone/integration-test/target/test-dir/MiniOzoneClusterImpl-be769f72-d0ac-4a2c-8dca-159e9fc5eefe/datanode-8/data/containers/hdds
2019-10-19 01:26:18,833 [main] INFO  volume.HddsVolumeChecker (HddsVolumeChecker.java:checkAllVolumes(204)) - Scheduled health check for volume /workdir/hadoop-ozone/integration-test/target/test-dir/MiniOzoneClusterImpl-be769f72-d0ac-4a2c-8dca-159e9fc5eefe/datanode-8/data/containers/hdds
2019-10-19 01:26:18,846 [main] INFO  impl.RaftServerProxy (ConfUtils.java:logGet(43)) - raft.rpc.type = GRPC (default)
2019-10-19 01:26:18,846 [main] INFO  grpc.GrpcFactory (GrpcFactory.java:checkPooledByteBufAllocatorUseCacheForAllThreads(45)) - PERFORMANCE WARNING: useCacheForAllThreads is true that may cause Netty to create a lot garbage objects and, as a result, trigger GC.
	It is recommended to disable useCacheForAllThreads by setting -Dorg.apache.ratis.thirdparty.io.netty.allocator.useCacheForAllThreads=false in command line.
2019-10-19 01:26:18,846 [main] INFO  grpc.GrpcConfigKeys$Server (ConfUtils.java:logGet(43)) - raft.grpc.server.port = 0 (default)
2019-10-19 01:26:18,847 [main] INFO  server.GrpcService (ConfUtils.java:logGet(43)) - raft.grpc.message.size.max = 33570816 (custom)
2019-10-19 01:26:18,847 [main] INFO  server.RaftServerConfigKeys (ConfUtils.java:logGet(43)) - raft.server.log.appender.buffer.byte-limit = 33554432 (custom)
2019-10-19 01:26:18,847 [main] INFO  server.GrpcService (ConfUtils.java:logGet(43)) - raft.grpc.flow.control.window = 1MB (=1048576) (default)
2019-10-19 01:26:18,847 [main] INFO  server.RaftServerConfigKeys (ConfUtils.java:logGet(43)) - raft.server.rpc.request.timeout = 3000ms (default)
2019-10-19 01:26:18,847 [main] INFO  server.RaftServerConfigKeys (ConfUtils.java:logGet(43)) - raft.server.storage.dir = [/workdir/hadoop-ozone/integration-test/target/test-dir/MiniOzoneClusterImpl-be769f72-d0ac-4a2c-8dca-159e9fc5eefe/datanode-8/data/ratis] (custom)
2019-10-19 01:26:18,849 [main] INFO  hdfs.DFSUtil (DFSUtil.java:httpServerTemplateForNNAndJN(1641)) - Starting Web-server for hddsDatanode at: http://0.0.0.0:0
2019-10-19 01:26:18,851 [main] INFO  server.AuthenticationFilter (AuthenticationFilter.java:constructSecretProvider(240)) - Unable to initialize FileSignerSecretProvider, falling back to use random secrets.
2019-10-19 01:26:18,851 [main] WARN  http.HttpRequestLog (HttpRequestLog.java:getRequestLog(97)) - Jetty request log can only be enabled using Log4j
2019-10-19 01:26:18,852 [main] INFO  http.HttpServer2 (HttpServer2.java:addGlobalFilter(975)) - Added global filter 'safety' (class=org.apache.hadoop.http.HttpServer2$QuotingInputFilter)
2019-10-19 01:26:18,853 [main] INFO  http.HttpServer2 (HttpServer2.java:addFilter(948)) - Added filter static_user_filter (class=org.apache.hadoop.http.lib.StaticUserWebFilter$StaticUserFilter) to context hddsDatanode
2019-10-19 01:26:18,853 [main] INFO  http.HttpServer2 (HttpServer2.java:addFilter(958)) - Added filter static_user_filter (class=org.apache.hadoop.http.lib.StaticUserWebFilter$StaticUserFilter) to context static
2019-10-19 01:26:18,853 [main] INFO  http.HttpServer2 (HttpServer2.java:addFilter(958)) - Added filter static_user_filter (class=org.apache.hadoop.http.lib.StaticUserWebFilter$StaticUserFilter) to context logs
2019-10-19 01:26:18,854 [main] INFO  http.HttpServer2 (HttpServer2.java:bindListener(1191)) - Jetty bound to port 42816
2019-10-19 01:26:18,854 [main] INFO  server.Server (Server.java:doStart(351)) - jetty-9.3.25.v20180904, build timestamp: 2018-09-04T21:11:46Z, git hash: 3ce520221d0240229c862b122d2b06c12a625732
2019-10-19 01:26:18,855 [main] INFO  handler.ContextHandler (ContextHandler.java:doStart(781)) - Started o.e.j.s.ServletContextHandler@6edf29c1{/logs,file:///workdir/hadoop-ozone/integration-test/target/log,AVAILABLE}
2019-10-19 01:26:18,856 [main] INFO  handler.ContextHandler (ContextHandler.java:doStart(781)) - Started o.e.j.s.ServletContextHandler@66b59b7d{/static,jar:file:/home/user/.m2/repository/org/apache/hadoop/hadoop-hdds-container-service/0.5.0-SNAPSHOT/hadoop-hdds-container-service-0.5.0-SNAPSHOT.jar!/webapps/static,AVAILABLE}
2019-10-19 01:26:18,883 [main] INFO  handler.ContextHandler (ContextHandler.java:doStart(781)) - Started o.e.j.w.WebAppContext@57272109{/,file:///tmp/jetty-0.0.0.0-42816-hddsDatanode-_-any-5639141866194205159.dir/webapp/,AVAILABLE}{/hddsDatanode}
2019-10-19 01:26:18,884 [main] INFO  server.AbstractConnector (AbstractConnector.java:doStart(278)) - Started ServerConnector@59696551{HTTP/1.1,[http/1.1]}{0.0.0.0:42816}
2019-10-19 01:26:18,885 [main] INFO  server.Server (Server.java:doStart(419)) - Started @5646ms
2019-10-19 01:26:18,885 [main] WARN  impl.MetricsSystemImpl (MetricsSystemImpl.java:register(276)) - Sink prometheus already exists!
2019-10-19 01:26:18,886 [main] INFO  server.BaseHttpServer (BaseHttpServer.java:updateConnectorAddress(215)) - HTTP server of HDDSDATANODE is listening at http://0.0.0.0:42816
2019-10-19 01:26:18,886 [main] INFO  impl.MetricsSystemImpl (MetricsSystemImpl.java:init(158)) - HddsDatanode metrics system started (again)
2019-10-19 01:26:18,890 [org.apache.hadoop.util.JvmPauseMonitor$Monitor@454aa03e] INFO  util.JvmPauseMonitor (JvmPauseMonitor.java:run(188)) - Starting JVM pause monitor
2019-10-19 01:26:18,890 [main] INFO  ozone.HddsDatanodeService (HddsDatanodeService.java:start(184)) - HddsDatanodeService host:pr-hdds-2333-n5kd5-3813804867 ip:192.168.157.242
2019-10-19 01:26:18,891 [Datanode State Machine Thread - 0] INFO  datanode.InitDatanodeState (InitDatanodeState.java:persistContainerDatanodeDetails(140)) - DatanodeDetails is persisted to /workdir/hadoop-ozone/integration-test/target/test-dir/MiniOzoneClusterImpl-be769f72-d0ac-4a2c-8dca-159e9fc5eefe/datanode-8/meta/datanode.id
2019-10-19 01:26:18,896 [main] INFO  volume.HddsVolume (HddsVolume.java:<init>(176)) - Creating Volume: /workdir/hadoop-ozone/integration-test/target/test-dir/MiniOzoneClusterImpl-be769f72-d0ac-4a2c-8dca-159e9fc5eefe/datanode-9/data/containers/hdds of  storage type : DISK and capacity : 1482555576320
2019-10-19 01:26:18,897 [main] INFO  volume.VolumeSet (VolumeSet.java:initializeVolumeSet(170)) - Added Volume : /workdir/hadoop-ozone/integration-test/target/test-dir/MiniOzoneClusterImpl-be769f72-d0ac-4a2c-8dca-159e9fc5eefe/datanode-9/data/containers/hdds to VolumeSet
2019-10-19 01:26:18,897 [main] INFO  volume.ThrottledAsyncChecker (ThrottledAsyncChecker.java:schedule(141)) - Scheduling a check for /workdir/hadoop-ozone/integration-test/target/test-dir/MiniOzoneClusterImpl-be769f72-d0ac-4a2c-8dca-159e9fc5eefe/datanode-9/data/containers/hdds
2019-10-19 01:26:18,897 [main] INFO  volume.HddsVolumeChecker (HddsVolumeChecker.java:checkAllVolumes(204)) - Scheduled health check for volume /workdir/hadoop-ozone/integration-test/target/test-dir/MiniOzoneClusterImpl-be769f72-d0ac-4a2c-8dca-159e9fc5eefe/datanode-9/data/containers/hdds
2019-10-19 01:26:18,910 [main] INFO  impl.RaftServerProxy (ConfUtils.java:logGet(43)) - raft.rpc.type = GRPC (default)
2019-10-19 01:26:18,910 [main] INFO  grpc.GrpcFactory (GrpcFactory.java:checkPooledByteBufAllocatorUseCacheForAllThreads(45)) - PERFORMANCE WARNING: useCacheForAllThreads is true that may cause Netty to create a lot garbage objects and, as a result, trigger GC.
	It is recommended to disable useCacheForAllThreads by setting -Dorg.apache.ratis.thirdparty.io.netty.allocator.useCacheForAllThreads=false in command line.
2019-10-19 01:26:18,910 [main] INFO  grpc.GrpcConfigKeys$Server (ConfUtils.java:logGet(43)) - raft.grpc.server.port = 0 (default)
2019-10-19 01:26:18,910 [main] INFO  server.GrpcService (ConfUtils.java:logGet(43)) - raft.grpc.message.size.max = 33570816 (custom)
2019-10-19 01:26:18,911 [main] INFO  server.RaftServerConfigKeys (ConfUtils.java:logGet(43)) - raft.server.log.appender.buffer.byte-limit = 33554432 (custom)
2019-10-19 01:26:18,911 [main] INFO  server.GrpcService (ConfUtils.java:logGet(43)) - raft.grpc.flow.control.window = 1MB (=1048576) (default)
2019-10-19 01:26:18,911 [main] INFO  server.RaftServerConfigKeys (ConfUtils.java:logGet(43)) - raft.server.rpc.request.timeout = 3000ms (default)
2019-10-19 01:26:18,911 [main] INFO  server.RaftServerConfigKeys (ConfUtils.java:logGet(43)) - raft.server.storage.dir = [/workdir/hadoop-ozone/integration-test/target/test-dir/MiniOzoneClusterImpl-be769f72-d0ac-4a2c-8dca-159e9fc5eefe/datanode-9/data/ratis] (custom)
2019-10-19 01:26:18,913 [main] INFO  hdfs.DFSUtil (DFSUtil.java:httpServerTemplateForNNAndJN(1641)) - Starting Web-server for hddsDatanode at: http://0.0.0.0:0
2019-10-19 01:26:18,914 [main] INFO  server.AuthenticationFilter (AuthenticationFilter.java:constructSecretProvider(240)) - Unable to initialize FileSignerSecretProvider, falling back to use random secrets.
2019-10-19 01:26:18,914 [main] WARN  http.HttpRequestLog (HttpRequestLog.java:getRequestLog(97)) - Jetty request log can only be enabled using Log4j
2019-10-19 01:26:18,915 [main] INFO  http.HttpServer2 (HttpServer2.java:addGlobalFilter(975)) - Added global filter 'safety' (class=org.apache.hadoop.http.HttpServer2$QuotingInputFilter)
2019-10-19 01:26:18,916 [main] INFO  http.HttpServer2 (HttpServer2.java:addFilter(948)) - Added filter static_user_filter (class=org.apache.hadoop.http.lib.StaticUserWebFilter$StaticUserFilter) to context hddsDatanode
2019-10-19 01:26:18,916 [main] INFO  http.HttpServer2 (HttpServer2.java:addFilter(958)) - Added filter static_user_filter (class=org.apache.hadoop.http.lib.StaticUserWebFilter$StaticUserFilter) to context static
2019-10-19 01:26:18,916 [main] INFO  http.HttpServer2 (HttpServer2.java:addFilter(958)) - Added filter static_user_filter (class=org.apache.hadoop.http.lib.StaticUserWebFilter$StaticUserFilter) to context logs
2019-10-19 01:26:18,917 [main] INFO  http.HttpServer2 (HttpServer2.java:bindListener(1191)) - Jetty bound to port 46821
2019-10-19 01:26:18,917 [main] INFO  server.Server (Server.java:doStart(351)) - jetty-9.3.25.v20180904, build timestamp: 2018-09-04T21:11:46Z, git hash: 3ce520221d0240229c862b122d2b06c12a625732
2019-10-19 01:26:18,918 [main] INFO  handler.ContextHandler (ContextHandler.java:doStart(781)) - Started o.e.j.s.ServletContextHandler@6cbd0674{/logs,file:///workdir/hadoop-ozone/integration-test/target/log,AVAILABLE}
2019-10-19 01:26:18,919 [main] INFO  handler.ContextHandler (ContextHandler.java:doStart(781)) - Started o.e.j.s.ServletContextHandler@19a64eae{/static,jar:file:/home/user/.m2/repository/org/apache/hadoop/hadoop-hdds-container-service/0.5.0-SNAPSHOT/hadoop-hdds-container-service-0.5.0-SNAPSHOT.jar!/webapps/static,AVAILABLE}
2019-10-19 01:26:18,946 [main] INFO  handler.ContextHandler (ContextHandler.java:doStart(781)) - Started o.e.j.w.WebAppContext@10c72a6f{/,file:///tmp/jetty-0.0.0.0-46821-hddsDatanode-_-any-5937393172884360565.dir/webapp/,AVAILABLE}{/hddsDatanode}
2019-10-19 01:26:18,947 [main] INFO  server.AbstractConnector (AbstractConnector.java:doStart(278)) - Started ServerConnector@70e94ecb{HTTP/1.1,[http/1.1]}{0.0.0.0:46821}
2019-10-19 01:26:18,948 [main] INFO  server.Server (Server.java:doStart(419)) - Started @5709ms
2019-10-19 01:26:18,948 [main] WARN  impl.MetricsSystemImpl (MetricsSystemImpl.java:register(276)) - Sink prometheus already exists!
2019-10-19 01:26:18,949 [main] INFO  server.BaseHttpServer (BaseHttpServer.java:updateConnectorAddress(215)) - HTTP server of HDDSDATANODE is listening at http://0.0.0.0:46821
2019-10-19 01:26:18,952 [main] INFO  ozone.MiniOzoneClusterImpl (MiniOzoneClusterImpl.java:lambda$waitForClusterToBeReady$0(147)) - Waiting for cluster to be ready. Got 0 of 10 DN Heartbeats.
2019-10-19 01:26:18,953 [org.apache.hadoop.util.JvmPauseMonitor$Monitor@52e3d69d] INFO  util.JvmPauseMonitor (JvmPauseMonitor.java:run(188)) - Starting JVM pause monitor
2019-10-19 01:26:18,955 [Datanode State Machine Thread - 0] INFO  datanode.InitDatanodeState (InitDatanodeState.java:persistContainerDatanodeDetails(140)) - DatanodeDetails is persisted to /workdir/hadoop-ozone/integration-test/target/test-dir/MiniOzoneClusterImpl-be769f72-d0ac-4a2c-8dca-159e9fc5eefe/datanode-9/meta/datanode.id
2019-10-19 01:26:19,952 [main] INFO  ozone.MiniOzoneClusterImpl (MiniOzoneClusterImpl.java:lambda$waitForClusterToBeReady$0(147)) - Waiting for cluster to be ready. Got 0 of 10 DN Heartbeats.
2019-10-19 01:26:20,408 [Datanode State Machine Thread - 0] INFO  ozoneimpl.OzoneContainer (OzoneContainer.java:start(213)) - Attempting to start container services.
2019-10-19 01:26:20,409 [Datanode State Machine Thread - 0] INFO  ozoneimpl.OzoneContainer (OzoneContainer.java:start(213)) - Attempting to start container services.
2019-10-19 01:26:20,411 [Datanode State Machine Thread - 0] INFO  ozoneimpl.OzoneContainer (OzoneContainer.java:startContainerScrub(177)) - Background container scanner has been disabled.
2019-10-19 01:26:20,411 [Datanode State Machine Thread - 0] INFO  ozoneimpl.OzoneContainer (OzoneContainer.java:startContainerScrub(177)) - Background container scanner has been disabled.
2019-10-19 01:26:20,411 [Datanode State Machine Thread - 0] INFO  ratis.XceiverServerRatis (XceiverServerRatis.java:start(418)) - Starting XceiverServerRatis abe27936-fa37-414d-b2e1-4e10a1c095a6 at port 0
2019-10-19 01:26:20,411 [Datanode State Machine Thread - 0] INFO  ratis.XceiverServerRatis (XceiverServerRatis.java:start(418)) - Starting XceiverServerRatis 964c97d4-fbb7-48cf-b727-382e7669b5e9 at port 0
2019-10-19 01:26:20,437 [Datanode State Machine Thread - 0] INFO  impl.RaftServerProxy (RaftServerProxy.java:lambda$start$3(299)) - abe27936-fa37-414d-b2e1-4e10a1c095a6: start RPC server
2019-10-19 01:26:20,437 [Datanode State Machine Thread - 0] INFO  impl.RaftServerProxy (RaftServerProxy.java:lambda$start$3(299)) - 964c97d4-fbb7-48cf-b727-382e7669b5e9: start RPC server
2019-10-19 01:26:20,478 [Datanode State Machine Thread - 0] INFO  ozoneimpl.OzoneContainer (OzoneContainer.java:start(213)) - Attempting to start container services.
2019-10-19 01:26:20,482 [Datanode State Machine Thread - 0] INFO  ozoneimpl.OzoneContainer (OzoneContainer.java:startContainerScrub(177)) - Background container scanner has been disabled.
2019-10-19 01:26:20,482 [Datanode State Machine Thread - 0] INFO  ratis.XceiverServerRatis (XceiverServerRatis.java:start(418)) - Starting XceiverServerRatis 236187ad-c3a6-4195-8acc-6254fb470a95 at port 0
2019-10-19 01:26:20,489 [Datanode State Machine Thread - 0] INFO  impl.RaftServerProxy (RaftServerProxy.java:lambda$start$3(299)) - 236187ad-c3a6-4195-8acc-6254fb470a95: start RPC server
2019-10-19 01:26:20,550 [Datanode State Machine Thread - 0] INFO  ozoneimpl.OzoneContainer (OzoneContainer.java:start(213)) - Attempting to start container services.
2019-10-19 01:26:20,551 [Datanode State Machine Thread - 0] INFO  ozoneimpl.OzoneContainer (OzoneContainer.java:startContainerScrub(177)) - Background container scanner has been disabled.
2019-10-19 01:26:20,551 [Datanode State Machine Thread - 0] INFO  ratis.XceiverServerRatis (XceiverServerRatis.java:start(418)) - Starting XceiverServerRatis 7bdff0e9-7b76-4a2e-87b8-7520d2e34914 at port 0
2019-10-19 01:26:20,565 [Datanode State Machine Thread - 0] INFO  impl.RaftServerProxy (RaftServerProxy.java:lambda$start$3(299)) - 7bdff0e9-7b76-4a2e-87b8-7520d2e34914: start RPC server
2019-10-19 01:26:20,571 [Datanode State Machine Thread - 0] INFO  server.GrpcService (GrpcService.java:startImpl(158)) - 236187ad-c3a6-4195-8acc-6254fb470a95: GrpcService started, listening on 0.0.0.0/0.0.0.0:36973
2019-10-19 01:26:20,571 [Datanode State Machine Thread - 0] INFO  server.GrpcService (GrpcService.java:startImpl(158)) - 964c97d4-fbb7-48cf-b727-382e7669b5e9: GrpcService started, listening on 0.0.0.0/0.0.0.0:42114
2019-10-19 01:26:20,571 [Datanode State Machine Thread - 0] INFO  ratis.XceiverServerRatis (XceiverServerRatis.java:start(428)) - XceiverServerRatis 236187ad-c3a6-4195-8acc-6254fb470a95 is started using port 36973
2019-10-19 01:26:20,571 [Datanode State Machine Thread - 0] INFO  server.GrpcService (GrpcService.java:startImpl(158)) - 7bdff0e9-7b76-4a2e-87b8-7520d2e34914: GrpcService started, listening on 0.0.0.0/0.0.0.0:33030
2019-10-19 01:26:20,571 [Datanode State Machine Thread - 0] INFO  server.GrpcService (GrpcService.java:startImpl(158)) - abe27936-fa37-414d-b2e1-4e10a1c095a6: GrpcService started, listening on 0.0.0.0/0.0.0.0:42932
2019-10-19 01:26:20,572 [Datanode State Machine Thread - 0] INFO  ratis.XceiverServerRatis (XceiverServerRatis.java:start(428)) - XceiverServerRatis 7bdff0e9-7b76-4a2e-87b8-7520d2e34914 is started using port 33030
2019-10-19 01:26:20,572 [Datanode State Machine Thread - 0] INFO  ratis.XceiverServerRatis (XceiverServerRatis.java:start(428)) - XceiverServerRatis 964c97d4-fbb7-48cf-b727-382e7669b5e9 is started using port 42114
2019-10-19 01:26:20,572 [Datanode State Machine Thread - 0] INFO  ratis.XceiverServerRatis (XceiverServerRatis.java:start(428)) - XceiverServerRatis abe27936-fa37-414d-b2e1-4e10a1c095a6 is started using port 42932
2019-10-19 01:26:20,578 [Datanode State Machine Thread - 0] INFO  server.XceiverServerGrpc (XceiverServerGrpc.java:start(149)) - XceiverServerGrpc 7bdff0e9-7b76-4a2e-87b8-7520d2e34914 is started using port 39215
2019-10-19 01:26:20,578 [Datanode State Machine Thread - 0] INFO  server.XceiverServerGrpc (XceiverServerGrpc.java:start(149)) - XceiverServerGrpc 236187ad-c3a6-4195-8acc-6254fb470a95 is started using port 39130
2019-10-19 01:26:20,579 [Datanode State Machine Thread - 0] INFO  server.XceiverServerGrpc (XceiverServerGrpc.java:start(149)) - XceiverServerGrpc 964c97d4-fbb7-48cf-b727-382e7669b5e9 is started using port 38778
2019-10-19 01:26:20,579 [Datanode State Machine Thread - 0] INFO  server.XceiverServerGrpc (XceiverServerGrpc.java:start(149)) - XceiverServerGrpc abe27936-fa37-414d-b2e1-4e10a1c095a6 is started using port 40822
2019-10-19 01:26:20,611 [Datanode State Machine Thread - 0] INFO  ozoneimpl.OzoneContainer (OzoneContainer.java:start(213)) - Attempting to start container services.
2019-10-19 01:26:20,611 [Datanode State Machine Thread - 0] INFO  ozoneimpl.OzoneContainer (OzoneContainer.java:startContainerScrub(177)) - Background container scanner has been disabled.
2019-10-19 01:26:20,612 [Datanode State Machine Thread - 0] INFO  ratis.XceiverServerRatis (XceiverServerRatis.java:start(418)) - Starting XceiverServerRatis 8bce6a00-3bba-419d-83ac-b35141b6b559 at port 0
2019-10-19 01:26:20,618 [Datanode State Machine Thread - 0] INFO  impl.RaftServerProxy (RaftServerProxy.java:lambda$start$3(299)) - 8bce6a00-3bba-419d-83ac-b35141b6b559: start RPC server
2019-10-19 01:26:20,620 [Datanode State Machine Thread - 0] INFO  server.GrpcService (GrpcService.java:startImpl(158)) - 8bce6a00-3bba-419d-83ac-b35141b6b559: GrpcService started, listening on 0.0.0.0/0.0.0.0:37801
2019-10-19 01:26:20,621 [Datanode State Machine Thread - 0] INFO  ratis.XceiverServerRatis (XceiverServerRatis.java:start(428)) - XceiverServerRatis 8bce6a00-3bba-419d-83ac-b35141b6b559 is started using port 37801
2019-10-19 01:26:20,623 [Datanode State Machine Thread - 0] INFO  server.XceiverServerGrpc (XceiverServerGrpc.java:start(149)) - XceiverServerGrpc 8bce6a00-3bba-419d-83ac-b35141b6b559 is started using port 38840
2019-10-19 01:26:20,686 [Datanode State Machine Thread - 0] INFO  ozoneimpl.OzoneContainer (OzoneContainer.java:start(213)) - Attempting to start container services.
2019-10-19 01:26:20,686 [Datanode State Machine Thread - 0] INFO  ozoneimpl.OzoneContainer (OzoneContainer.java:startContainerScrub(177)) - Background container scanner has been disabled.
2019-10-19 01:26:20,686 [Datanode State Machine Thread - 0] INFO  ratis.XceiverServerRatis (XceiverServerRatis.java:start(418)) - Starting XceiverServerRatis 7247ad7d-2ca2-4af8-9337-77c07ea89cb3 at port 0
2019-10-19 01:26:20,693 [Datanode State Machine Thread - 0] INFO  impl.RaftServerProxy (RaftServerProxy.java:lambda$start$3(299)) - 7247ad7d-2ca2-4af8-9337-77c07ea89cb3: start RPC server
2019-10-19 01:26:20,695 [Datanode State Machine Thread - 0] INFO  server.GrpcService (GrpcService.java:startImpl(158)) - 7247ad7d-2ca2-4af8-9337-77c07ea89cb3: GrpcService started, listening on 0.0.0.0/0.0.0.0:42362
2019-10-19 01:26:20,696 [Datanode State Machine Thread - 0] INFO  ratis.XceiverServerRatis (XceiverServerRatis.java:start(428)) - XceiverServerRatis 7247ad7d-2ca2-4af8-9337-77c07ea89cb3 is started using port 42362
2019-10-19 01:26:20,698 [Datanode State Machine Thread - 0] INFO  server.XceiverServerGrpc (XceiverServerGrpc.java:start(149)) - XceiverServerGrpc 7247ad7d-2ca2-4af8-9337-77c07ea89cb3 is started using port 42607
2019-10-19 01:26:20,782 [Datanode State Machine Thread - 0] INFO  ozoneimpl.OzoneContainer (OzoneContainer.java:start(213)) - Attempting to start container services.
2019-10-19 01:26:20,782 [Datanode State Machine Thread - 0] INFO  ozoneimpl.OzoneContainer (OzoneContainer.java:startContainerScrub(177)) - Background container scanner has been disabled.
2019-10-19 01:26:20,782 [Datanode State Machine Thread - 0] INFO  ratis.XceiverServerRatis (XceiverServerRatis.java:start(418)) - Starting XceiverServerRatis df8ea49b-ef0b-40b0-a5d0-e4c136909b6f at port 0
2019-10-19 01:26:20,790 [Datanode State Machine Thread - 0] INFO  impl.RaftServerProxy (RaftServerProxy.java:lambda$start$3(299)) - df8ea49b-ef0b-40b0-a5d0-e4c136909b6f: start RPC server
2019-10-19 01:26:20,794 [Datanode State Machine Thread - 0] INFO  server.GrpcService (GrpcService.java:startImpl(158)) - df8ea49b-ef0b-40b0-a5d0-e4c136909b6f: GrpcService started, listening on 0.0.0.0/0.0.0.0:40644
2019-10-19 01:26:20,794 [Datanode State Machine Thread - 0] INFO  ratis.XceiverServerRatis (XceiverServerRatis.java:start(428)) - XceiverServerRatis df8ea49b-ef0b-40b0-a5d0-e4c136909b6f is started using port 40644
2019-10-19 01:26:20,798 [Datanode State Machine Thread - 0] INFO  server.XceiverServerGrpc (XceiverServerGrpc.java:start(149)) - XceiverServerGrpc df8ea49b-ef0b-40b0-a5d0-e4c136909b6f is started using port 41208
2019-10-19 01:26:20,833 [Datanode State Machine Thread - 0] INFO  ozoneimpl.OzoneContainer (OzoneContainer.java:start(213)) - Attempting to start container services.
2019-10-19 01:26:20,834 [Datanode State Machine Thread - 0] INFO  ozoneimpl.OzoneContainer (OzoneContainer.java:startContainerScrub(177)) - Background container scanner has been disabled.
2019-10-19 01:26:20,834 [Datanode State Machine Thread - 0] INFO  ratis.XceiverServerRatis (XceiverServerRatis.java:start(418)) - Starting XceiverServerRatis 774c78e1-8dd4-453d-975e-442189a07fe2 at port 0
2019-10-19 01:26:20,843 [Datanode State Machine Thread - 0] INFO  impl.RaftServerProxy (RaftServerProxy.java:lambda$start$3(299)) - 774c78e1-8dd4-453d-975e-442189a07fe2: start RPC server
2019-10-19 01:26:20,845 [Datanode State Machine Thread - 0] INFO  server.GrpcService (GrpcService.java:startImpl(158)) - 774c78e1-8dd4-453d-975e-442189a07fe2: GrpcService started, listening on 0.0.0.0/0.0.0.0:38712
2019-10-19 01:26:20,845 [Datanode State Machine Thread - 0] INFO  ratis.XceiverServerRatis (XceiverServerRatis.java:start(428)) - XceiverServerRatis 774c78e1-8dd4-453d-975e-442189a07fe2 is started using port 38712
2019-10-19 01:26:20,848 [Datanode State Machine Thread - 0] INFO  server.XceiverServerGrpc (XceiverServerGrpc.java:start(149)) - XceiverServerGrpc 774c78e1-8dd4-453d-975e-442189a07fe2 is started using port 37610
2019-10-19 01:26:20,930 [Datanode State Machine Thread - 0] INFO  ozoneimpl.OzoneContainer (OzoneContainer.java:start(213)) - Attempting to start container services.
2019-10-19 01:26:20,930 [Datanode State Machine Thread - 0] INFO  ozoneimpl.OzoneContainer (OzoneContainer.java:startContainerScrub(177)) - Background container scanner has been disabled.
2019-10-19 01:26:20,930 [Datanode State Machine Thread - 0] INFO  ratis.XceiverServerRatis (XceiverServerRatis.java:start(418)) - Starting XceiverServerRatis a47f4692-6292-482b-87e1-943728217a13 at port 0
2019-10-19 01:26:20,937 [Datanode State Machine Thread - 0] INFO  impl.RaftServerProxy (RaftServerProxy.java:lambda$start$3(299)) - a47f4692-6292-482b-87e1-943728217a13: start RPC server
2019-10-19 01:26:20,941 [Datanode State Machine Thread - 0] INFO  server.GrpcService (GrpcService.java:startImpl(158)) - a47f4692-6292-482b-87e1-943728217a13: GrpcService started, listening on 0.0.0.0/0.0.0.0:34977
2019-10-19 01:26:20,941 [Datanode State Machine Thread - 0] INFO  ratis.XceiverServerRatis (XceiverServerRatis.java:start(428)) - XceiverServerRatis a47f4692-6292-482b-87e1-943728217a13 is started using port 34977
2019-10-19 01:26:20,951 [Datanode State Machine Thread - 0] INFO  server.XceiverServerGrpc (XceiverServerGrpc.java:start(149)) - XceiverServerGrpc a47f4692-6292-482b-87e1-943728217a13 is started using port 34141
2019-10-19 01:26:20,953 [main] INFO  ozone.MiniOzoneClusterImpl (MiniOzoneClusterImpl.java:lambda$waitForClusterToBeReady$0(147)) - Waiting for cluster to be ready. Got 0 of 10 DN Heartbeats.
2019-10-19 01:26:20,970 [Datanode State Machine Thread - 0] INFO  ozoneimpl.OzoneContainer (OzoneContainer.java:start(213)) - Attempting to start container services.
2019-10-19 01:26:20,970 [Datanode State Machine Thread - 0] INFO  ozoneimpl.OzoneContainer (OzoneContainer.java:startContainerScrub(177)) - Background container scanner has been disabled.
2019-10-19 01:26:20,970 [Datanode State Machine Thread - 0] INFO  ratis.XceiverServerRatis (XceiverServerRatis.java:start(418)) - Starting XceiverServerRatis 66201fde-c333-4aaa-b68d-70b7cf9182b0 at port 0
2019-10-19 01:26:20,978 [Datanode State Machine Thread - 0] INFO  impl.RaftServerProxy (RaftServerProxy.java:lambda$start$3(299)) - 66201fde-c333-4aaa-b68d-70b7cf9182b0: start RPC server
2019-10-19 01:26:20,985 [Datanode State Machine Thread - 0] INFO  server.GrpcService (GrpcService.java:startImpl(158)) - 66201fde-c333-4aaa-b68d-70b7cf9182b0: GrpcService started, listening on 0.0.0.0/0.0.0.0:35281
2019-10-19 01:26:20,985 [Datanode State Machine Thread - 0] INFO  ratis.XceiverServerRatis (XceiverServerRatis.java:start(428)) - XceiverServerRatis 66201fde-c333-4aaa-b68d-70b7cf9182b0 is started using port 35281
2019-10-19 01:26:21,010 [Datanode State Machine Thread - 0] INFO  server.XceiverServerGrpc (XceiverServerGrpc.java:start(149)) - XceiverServerGrpc 66201fde-c333-4aaa-b68d-70b7cf9182b0 is started using port 40371
2019-10-19 01:26:21,954 [main] INFO  ozone.MiniOzoneClusterImpl (MiniOzoneClusterImpl.java:lambda$waitForClusterToBeReady$0(147)) - Waiting for cluster to be ready. Got 0 of 10 DN Heartbeats.
2019-10-19 01:26:22,333 [IPC Server handler 0 on 42326] INFO  net.NetworkTopology (NetworkTopologyImpl.java:add(111)) - Added a new node: /default-rack/964c97d4-fbb7-48cf-b727-382e7669b5e9
2019-10-19 01:26:22,333 [IPC Server handler 0 on 42326] INFO  node.SCMNodeManager (SCMNodeManager.java:register(268)) - Registered Data node : 964c97d4-fbb7-48cf-b727-382e7669b5e9{ip: 192.168.157.242, host: pr-hdds-2333-n5kd5-3813804867, networkLocation: /default-rack, certSerialId: null}
2019-10-19 01:26:22,336 [EventQueue-NodeRegistrationContainerReportForDataNodeSafeModeRule] INFO  safemode.SCMSafeModeManager (DataNodeSafeModeRule.java:process(71)) - SCM in safe mode. 1 DataNodes registered, 1 required.
2019-10-19 01:26:22,336 [EventQueue-NodeRegistrationContainerReportForDataNodeSafeModeRule] INFO  safemode.SCMSafeModeManager (SCMSafeModeManager.java:validateSafeModeExitRules(177)) - ScmSafeModeManager, all rules are successfully validated
2019-10-19 01:26:22,336 [EventQueue-NodeRegistrationContainerReportForDataNodeSafeModeRule] INFO  safemode.SCMSafeModeManager (SCMSafeModeManager.java:exitSafeMode(193)) - SCM exiting safe mode.
2019-10-19 01:26:22,387 [IPC Server handler 1 on 42326] INFO  net.NetworkTopology (NetworkTopologyImpl.java:add(111)) - Added a new node: /default-rack/abe27936-fa37-414d-b2e1-4e10a1c095a6
2019-10-19 01:26:22,387 [IPC Server handler 1 on 42326] INFO  node.SCMNodeManager (SCMNodeManager.java:register(268)) - Registered Data node : abe27936-fa37-414d-b2e1-4e10a1c095a6{ip: 192.168.157.242, host: pr-hdds-2333-n5kd5-3813804867, networkLocation: /default-rack, certSerialId: null}
2019-10-19 01:26:22,468 [IPC Server handler 2 on 42326] INFO  net.NetworkTopology (NetworkTopologyImpl.java:add(111)) - Added a new node: /default-rack/236187ad-c3a6-4195-8acc-6254fb470a95
2019-10-19 01:26:22,468 [IPC Server handler 2 on 42326] INFO  node.SCMNodeManager (SCMNodeManager.java:register(268)) - Registered Data node : 236187ad-c3a6-4195-8acc-6254fb470a95{ip: 192.168.157.242, host: pr-hdds-2333-n5kd5-3813804867, networkLocation: /default-rack, certSerialId: null}
2019-10-19 01:26:22,539 [IPC Server handler 5 on 42326] INFO  net.NetworkTopology (NetworkTopologyImpl.java:add(111)) - Added a new node: /default-rack/7bdff0e9-7b76-4a2e-87b8-7520d2e34914
2019-10-19 01:26:22,539 [IPC Server handler 5 on 42326] INFO  node.SCMNodeManager (SCMNodeManager.java:register(268)) - Registered Data node : 7bdff0e9-7b76-4a2e-87b8-7520d2e34914{ip: 192.168.157.242, host: pr-hdds-2333-n5kd5-3813804867, networkLocation: /default-rack, certSerialId: null}
2019-10-19 01:26:22,607 [IPC Server handler 4 on 42326] INFO  net.NetworkTopology (NetworkTopologyImpl.java:add(111)) - Added a new node: /default-rack/8bce6a00-3bba-419d-83ac-b35141b6b559
2019-10-19 01:26:22,607 [IPC Server handler 4 on 42326] INFO  node.SCMNodeManager (SCMNodeManager.java:register(268)) - Registered Data node : 8bce6a00-3bba-419d-83ac-b35141b6b559{ip: 192.168.157.242, host: pr-hdds-2333-n5kd5-3813804867, networkLocation: /default-rack, certSerialId: null}
2019-10-19 01:26:22,691 [IPC Server handler 6 on 42326] INFO  net.NetworkTopology (NetworkTopologyImpl.java:add(111)) - Added a new node: /default-rack/7247ad7d-2ca2-4af8-9337-77c07ea89cb3
2019-10-19 01:26:22,691 [IPC Server handler 6 on 42326] INFO  node.SCMNodeManager (SCMNodeManager.java:register(268)) - Registered Data node : 7247ad7d-2ca2-4af8-9337-77c07ea89cb3{ip: 192.168.157.242, host: pr-hdds-2333-n5kd5-3813804867, networkLocation: /default-rack, certSerialId: null}
2019-10-19 01:26:22,759 [IPC Server handler 7 on 42326] INFO  net.NetworkTopology (NetworkTopologyImpl.java:add(111)) - Added a new node: /default-rack/df8ea49b-ef0b-40b0-a5d0-e4c136909b6f
2019-10-19 01:26:22,760 [IPC Server handler 7 on 42326] INFO  node.SCMNodeManager (SCMNodeManager.java:register(268)) - Registered Data node : df8ea49b-ef0b-40b0-a5d0-e4c136909b6f{ip: 192.168.157.242, host: pr-hdds-2333-n5kd5-3813804867, networkLocation: /default-rack, certSerialId: null}
2019-10-19 01:26:22,810 [grpc-default-executor-0] INFO  impl.RaftServerProxy (RaftServerProxy.java:addNew(89)) - 964c97d4-fbb7-48cf-b727-382e7669b5e9: addNew group-A93645E99FF2:[964c97d4-fbb7-48cf-b727-382e7669b5e9:192.168.157.242:42114] returns group-A93645E99FF2:java.util.concurrent.CompletableFuture@6f61b3dd[Not completed]
2019-10-19 01:26:22,826 [pool-27-thread-1] INFO  impl.RaftServerImpl (RaftServerImpl.java:<init>(104)) - 964c97d4-fbb7-48cf-b727-382e7669b5e9: new RaftServerImpl for group-A93645E99FF2:[964c97d4-fbb7-48cf-b727-382e7669b5e9:192.168.157.242:42114] with ContainerStateMachine:uninitialized
2019-10-19 01:26:22,827 [IPC Server handler 8 on 42326] INFO  net.NetworkTopology (NetworkTopologyImpl.java:add(111)) - Added a new node: /default-rack/774c78e1-8dd4-453d-975e-442189a07fe2
2019-10-19 01:26:22,827 [IPC Server handler 8 on 42326] INFO  node.SCMNodeManager (SCMNodeManager.java:register(268)) - Registered Data node : 774c78e1-8dd4-453d-975e-442189a07fe2{ip: 192.168.157.242, host: pr-hdds-2333-n5kd5-3813804867, networkLocation: /default-rack, certSerialId: null}
2019-10-19 01:26:22,828 [pool-27-thread-1] INFO  server.RaftServerConfigKeys (ConfUtils.java:logGet(43)) - raft.server.rpc.timeout.min = 1s (custom)
2019-10-19 01:26:22,829 [pool-27-thread-1] INFO  server.RaftServerConfigKeys (ConfUtils.java:logGet(43)) - raft.server.rpc.timeout.max = 1200ms (custom)
2019-10-19 01:26:22,829 [pool-27-thread-1] INFO  server.RaftServerConfigKeys (ConfUtils.java:logGet(43)) - raft.server.rpcslowness.timeout = 120s (custom)
2019-10-19 01:26:22,830 [pool-27-thread-1] INFO  server.RaftServerConfigKeys (ConfUtils.java:logGet(43)) - raft.server.sleep.deviation.threshold = 300 (default)
2019-10-19 01:26:22,830 [pool-27-thread-1] INFO  server.RaftServerConfigKeys (ConfUtils.java:logGet(43)) - raft.server.log.appender.install.snapshot.enabled = false (custom)
2019-10-19 01:26:22,838 [pool-27-thread-1] INFO  impl.RaftServerImpl (ServerState.java:<init>(103)) - 964c97d4-fbb7-48cf-b727-382e7669b5e9@group-A93645E99FF2: ConfigurationManager, init=-1: [964c97d4-fbb7-48cf-b727-382e7669b5e9:192.168.157.242:42114], old=null, confs=<EMPTY_MAP>
2019-10-19 01:26:22,838 [pool-27-thread-1] INFO  server.RaftServerConfigKeys (ConfUtils.java:logGet(43)) - raft.server.storage.dir = [/workdir/hadoop-ozone/integration-test/target/test-dir/MiniOzoneClusterImpl-be769f72-d0ac-4a2c-8dca-159e9fc5eefe/datanode-0/data/ratis] (custom)
2019-10-19 01:26:22,843 [pool-27-thread-1] INFO  server.RaftServerConfigKeys (ConfUtils.java:logGet(43)) - raft.server.log.corruption.policy = EXCEPTION (default)
2019-10-19 01:26:22,845 [pool-27-thread-1] INFO  storage.RaftStorageDirectory (RaftStorageDirectory.java:analyzeStorage(246)) - The storage directory /workdir/hadoop-ozone/integration-test/target/test-dir/MiniOzoneClusterImpl-be769f72-d0ac-4a2c-8dca-159e9fc5eefe/datanode-0/data/ratis/96fb55af-68f3-44a3-8b5c-a93645e99ff2 does not exist. Creating ...
2019-10-19 01:26:22,856 [pool-27-thread-1] INFO  storage.RaftStorageDirectory (RaftStorageDirectory.java:tryLock(328)) - Lock on /workdir/hadoop-ozone/integration-test/target/test-dir/MiniOzoneClusterImpl-be769f72-d0ac-4a2c-8dca-159e9fc5eefe/datanode-0/data/ratis/96fb55af-68f3-44a3-8b5c-a93645e99ff2/in_use.lock acquired by nodename 666@pr-hdds-2333-n5kd5-3813804867
2019-10-19 01:26:22,869 [pool-27-thread-1] INFO  storage.RaftStorage (RaftStorage.java:format(84)) - Storage directory /workdir/hadoop-ozone/integration-test/target/test-dir/MiniOzoneClusterImpl-be769f72-d0ac-4a2c-8dca-159e9fc5eefe/datanode-0/data/ratis/96fb55af-68f3-44a3-8b5c-a93645e99ff2 has been successfully formatted.
2019-10-19 01:26:22,872 [pool-27-thread-1] INFO  ratis.ContainerStateMachine (ContainerStateMachine.java:loadSnapshot(231)) - group-A93645E99FF2: The snapshot info is null. Setting the last applied indexto:(t:0, i:~)
2019-10-19 01:26:22,872 [pool-27-thread-1] INFO  server.RaftServerConfigKeys (ConfUtils.java:logGet(43)) - raft.server.notification.no-leader.timeout = 120s (custom)
2019-10-19 01:26:22,874 [pool-27-thread-1] INFO  server.RaftServerConfigKeys (ConfUtils.java:logGet(43)) - raft.server.log.use.memory = false (default)
2019-10-19 01:26:22,880 [pool-27-thread-1] INFO  server.RaftServerConfigKeys (ConfUtils.java:logGet(43)) - raft.server.log.purge.gap = 1000000 (custom)
2019-10-19 01:26:22,880 [pool-27-thread-1] INFO  server.RaftServerConfigKeys (ConfUtils.java:logGet(43)) - raft.server.log.appender.buffer.byte-limit = 33554432 (custom)
2019-10-19 01:26:22,882 [pool-27-thread-1] INFO  server.RaftServerConfigKeys (ConfUtils.java:logGet(43)) - raft.server.log.segment.size.max = 1048576 (custom)
2019-10-19 01:26:22,884 [pool-27-thread-1] INFO  impl.MetricsSystemImpl (MetricsSystemImpl.java:init(158)) - ratis metrics system started (again)
2019-10-19 01:26:22,888 [pool-27-thread-1] INFO  metrics.MetricRegistries (MetricRegistriesLoader.java:load(64)) - Loaded MetricRegistries class org.apache.ratis.metrics.impl.MetricRegistriesImpl
2019-10-19 01:26:22,893 [IPC Server handler 9 on 42326] INFO  net.NetworkTopology (NetworkTopologyImpl.java:add(111)) - Added a new node: /default-rack/a47f4692-6292-482b-87e1-943728217a13
2019-10-19 01:26:22,893 [IPC Server handler 9 on 42326] INFO  node.SCMNodeManager (SCMNodeManager.java:register(268)) - Registered Data node : a47f4692-6292-482b-87e1-943728217a13{ip: 192.168.157.242, host: pr-hdds-2333-n5kd5-3813804867, networkLocation: /default-rack, certSerialId: null}
2019-10-19 01:26:22,929 [pool-27-thread-1] INFO  server.RaftServerConfigKeys (ConfUtils.java:logGet(43)) - raft.server.log.segment.cache.num.max = 2 (custom)
2019-10-19 01:26:22,934 [pool-27-thread-1] INFO  segmented.SegmentedRaftLogWorker (SegmentedRaftLogWorker.java:<init>(173)) - new 964c97d4-fbb7-48cf-b727-382e7669b5e9@group-A93645E99FF2-SegmentedRaftLogWorker for RaftStorage:Storage Directory /workdir/hadoop-ozone/integration-test/target/test-dir/MiniOzoneClusterImpl-be769f72-d0ac-4a2c-8dca-159e9fc5eefe/datanode-0/data/ratis/96fb55af-68f3-44a3-8b5c-a93645e99ff2
2019-10-19 01:26:22,935 [pool-27-thread-1] INFO  server.RaftServerConfigKeys (ConfUtils.java:logGet(43)) - raft.server.log.queue.byte-limit = 2147483647 (custom)
2019-10-19 01:26:22,935 [pool-27-thread-1] INFO  server.RaftServerConfigKeys (ConfUtils.java:logGet(43)) - raft.server.log.queue.element-limit = 1024 (custom)
2019-10-19 01:26:22,936 [pool-27-thread-1] INFO  server.RaftServerConfigKeys (ConfUtils.java:logGet(43)) - raft.server.log.segment.size.max = 1048576 (custom)
2019-10-19 01:26:22,937 [pool-27-thread-1] INFO  server.RaftServerConfigKeys (ConfUtils.java:logGet(43)) - raft.server.log.preallocated.size = 16384 (custom)
2019-10-19 01:26:22,937 [pool-27-thread-1] INFO  server.RaftServerConfigKeys (ConfUtils.java:logGet(43)) - raft.server.log.write.buffer.size = 33554432 (custom)
2019-10-19 01:26:22,938 [pool-27-thread-1] INFO  server.RaftServerConfigKeys (ConfUtils.java:logGet(43)) - raft.server.log.force.sync.num = 128 (default)
2019-10-19 01:26:22,939 [pool-27-thread-1] INFO  server.RaftServerConfigKeys (ConfUtils.java:logGet(43)) - raft.server.log.statemachine.data.sync = true (default)
2019-10-19 01:26:22,939 [pool-27-thread-1] INFO  server.RaftServerConfigKeys (ConfUtils.java:logGet(43)) - raft.server.log.statemachine.data.sync.timeout = 10s (default)
2019-10-19 01:26:22,939 [pool-27-thread-1] INFO  server.RaftServerConfigKeys (ConfUtils.java:logGet(43)) - raft.server.log.statemachine.data.sync.timeout.retry = -1 (default)
2019-10-19 01:26:22,952 [pool-27-thread-1] INFO  server.RaftServerConfigKeys (ConfUtils.java:logGet(43)) - raft.server.log.statemachine.data.caching.enabled = true (custom)
2019-10-19 01:26:22,954 [main] INFO  ozone.MiniOzoneClusterImpl (MiniOzoneClusterImpl.java:lambda$waitForClusterToBeReady$0(147)) - Waiting for cluster to be ready. Got 9 of 10 DN Heartbeats.
2019-10-19 01:26:22,967 [IPC Server handler 11 on 42326] INFO  net.NetworkTopology (NetworkTopologyImpl.java:add(111)) - Added a new node: /default-rack/66201fde-c333-4aaa-b68d-70b7cf9182b0
2019-10-19 01:26:22,968 [IPC Server handler 11 on 42326] INFO  node.SCMNodeManager (SCMNodeManager.java:register(268)) - Registered Data node : 66201fde-c333-4aaa-b68d-70b7cf9182b0{ip: 192.168.157.242, host: pr-hdds-2333-n5kd5-3813804867, networkLocation: /default-rack, certSerialId: null}
2019-10-19 01:26:22,969 [pool-27-thread-1] INFO  segmented.SegmentedRaftLogWorker (SegmentedRaftLogWorker.java:lambda$new$0(128)) - 964c97d4-fbb7-48cf-b727-382e7669b5e9@group-A93645E99FF2-SegmentedRaftLogWorker: flushIndex: setUnconditionally 0 -> -1
2019-10-19 01:26:22,973 [pool-27-thread-1] INFO  server.RaftServerConfigKeys (ConfUtils.java:logGet(43)) - raft.server.snapshot.auto.trigger.enabled = true (custom)
2019-10-19 01:26:22,973 [pool-27-thread-1] INFO  server.RaftServerConfigKeys (ConfUtils.java:logGet(43)) - raft.server.snapshot.auto.trigger.threshold = 10000 (custom)
2019-10-19 01:26:22,974 [pool-27-thread-1] INFO  server.RaftServerConfigKeys (ConfUtils.java:logGet(43)) - raft.server.snapshot.retention.file.num = 5 (custom)
2019-10-19 01:26:22,974 [pool-27-thread-1] INFO  server.RaftServerConfigKeys (ConfUtils.java:logGet(43)) - raft.server.retrycache.expirytime = 600000ms (custom)
2019-10-19 01:26:23,002 [pool-27-thread-1] INFO  impl.RaftServerImpl (RaftServerImpl.java:start(195)) - 964c97d4-fbb7-48cf-b727-382e7669b5e9@group-A93645E99FF2: start as a follower, conf=-1: [964c97d4-fbb7-48cf-b727-382e7669b5e9:192.168.157.242:42114], old=null
2019-10-19 01:26:23,003 [pool-27-thread-1] INFO  impl.RaftServerImpl (RaftServerImpl.java:setRole(184)) - 964c97d4-fbb7-48cf-b727-382e7669b5e9@group-A93645E99FF2: changes role from      null to FOLLOWER at term 0 for startAsFollower
2019-10-19 01:26:23,004 [pool-27-thread-1] INFO  impl.RoleInfo (RoleInfo.java:updateAndGet(143)) - 964c97d4-fbb7-48cf-b727-382e7669b5e9: start FollowerState
2019-10-19 01:26:23,006 [pool-27-thread-1] INFO  util.JmxRegister (JmxRegister.java:tryRegister(44)) - Successfully registered JMX Bean with object name Ratis:service=RaftServer,group=group-A93645E99FF2,id=964c97d4-fbb7-48cf-b727-382e7669b5e9
2019-10-19 01:26:23,067 [RatisPipelineUtilsThread] INFO  pipeline.PipelineStateManager (PipelineStateManager.java:addPipeline(56)) - Created pipeline Pipeline[ Id: 96fb55af-68f3-44a3-8b5c-a93645e99ff2, Nodes: 964c97d4-fbb7-48cf-b727-382e7669b5e9{ip: 192.168.157.242, host: pr-hdds-2333-n5kd5-3813804867, networkLocation: /default-rack, certSerialId: null}, Type:RATIS, Factor:ONE, State:OPEN]
2019-10-19 01:26:23,089 [grpc-default-executor-0] INFO  impl.RaftServerProxy (RaftServerProxy.java:addNew(89)) - df8ea49b-ef0b-40b0-a5d0-e4c136909b6f: addNew group-D03DC1538B69:[df8ea49b-ef0b-40b0-a5d0-e4c136909b6f:192.168.157.242:40644] returns group-D03DC1538B69:java.util.concurrent.CompletableFuture@6f2b7341[Not completed]
2019-10-19 01:26:23,133 [pool-87-thread-1] INFO  impl.RaftServerImpl (RaftServerImpl.java:<init>(104)) - df8ea49b-ef0b-40b0-a5d0-e4c136909b6f: new RaftServerImpl for group-D03DC1538B69:[df8ea49b-ef0b-40b0-a5d0-e4c136909b6f:192.168.157.242:40644] with ContainerStateMachine:uninitialized
2019-10-19 01:26:23,135 [pool-87-thread-1] INFO  server.RaftServerConfigKeys (ConfUtils.java:logGet(43)) - raft.server.rpc.timeout.min = 1s (custom)
2019-10-19 01:26:23,135 [pool-87-thread-1] INFO  server.RaftServerConfigKeys (ConfUtils.java:logGet(43)) - raft.server.rpc.timeout.max = 1200ms (custom)
2019-10-19 01:26:23,135 [pool-87-thread-1] INFO  server.RaftServerConfigKeys (ConfUtils.java:logGet(43)) - raft.server.rpcslowness.timeout = 120s (custom)
2019-10-19 01:26:23,135 [pool-87-thread-1] INFO  server.RaftServerConfigKeys (ConfUtils.java:logGet(43)) - raft.server.sleep.deviation.threshold = 300 (default)
2019-10-19 01:26:23,136 [pool-87-thread-1] INFO  server.RaftServerConfigKeys (ConfUtils.java:logGet(43)) - raft.server.log.appender.install.snapshot.enabled = false (custom)
2019-10-19 01:26:23,136 [pool-87-thread-1] INFO  impl.RaftServerImpl (ServerState.java:<init>(103)) - df8ea49b-ef0b-40b0-a5d0-e4c136909b6f@group-D03DC1538B69: ConfigurationManager, init=-1: [df8ea49b-ef0b-40b0-a5d0-e4c136909b6f:192.168.157.242:40644], old=null, confs=<EMPTY_MAP>
2019-10-19 01:26:23,136 [pool-87-thread-1] INFO  server.RaftServerConfigKeys (ConfUtils.java:logGet(43)) - raft.server.storage.dir = [/workdir/hadoop-ozone/integration-test/target/test-dir/MiniOzoneClusterImpl-be769f72-d0ac-4a2c-8dca-159e9fc5eefe/datanode-6/data/ratis] (custom)
2019-10-19 01:26:23,137 [pool-87-thread-1] INFO  server.RaftServerConfigKeys (ConfUtils.java:logGet(43)) - raft.server.log.corruption.policy = EXCEPTION (default)
2019-10-19 01:26:23,137 [pool-87-thread-1] INFO  storage.RaftStorageDirectory (RaftStorageDirectory.java:analyzeStorage(246)) - The storage directory /workdir/hadoop-ozone/integration-test/target/test-dir/MiniOzoneClusterImpl-be769f72-d0ac-4a2c-8dca-159e9fc5eefe/datanode-6/data/ratis/64b92f93-2640-4bc0-bf97-d03dc1538b69 does not exist. Creating ...
2019-10-19 01:26:23,161 [pool-87-thread-1] INFO  storage.RaftStorageDirectory (RaftStorageDirectory.java:tryLock(328)) - Lock on /workdir/hadoop-ozone/integration-test/target/test-dir/MiniOzoneClusterImpl-be769f72-d0ac-4a2c-8dca-159e9fc5eefe/datanode-6/data/ratis/64b92f93-2640-4bc0-bf97-d03dc1538b69/in_use.lock acquired by nodename 666@pr-hdds-2333-n5kd5-3813804867
2019-10-19 01:26:23,165 [pool-87-thread-1] INFO  storage.RaftStorage (RaftStorage.java:format(84)) - Storage directory /workdir/hadoop-ozone/integration-test/target/test-dir/MiniOzoneClusterImpl-be769f72-d0ac-4a2c-8dca-159e9fc5eefe/datanode-6/data/ratis/64b92f93-2640-4bc0-bf97-d03dc1538b69 has been successfully formatted.
2019-10-19 01:26:23,173 [Thread-285] INFO  impl.FollowerState (FollowerState.java:run(108)) - 964c97d4-fbb7-48cf-b727-382e7669b5e9@group-A93645E99FF2-FollowerState: change to CANDIDATE, lastRpcTime:169ms, electionTimeout:169ms
2019-10-19 01:26:23,177 [Thread-285] INFO  impl.RoleInfo (RoleInfo.java:shutdownFollowerState(121)) - 964c97d4-fbb7-48cf-b727-382e7669b5e9: shutdown FollowerState
2019-10-19 01:26:23,178 [Thread-285] INFO  impl.RaftServerImpl (RaftServerImpl.java:setRole(184)) - 964c97d4-fbb7-48cf-b727-382e7669b5e9@group-A93645E99FF2: changes role from  FOLLOWER to CANDIDATE at term 0 for changeToCandidate
2019-10-19 01:26:23,178 [pool-87-thread-1] INFO  ratis.ContainerStateMachine (ContainerStateMachine.java:loadSnapshot(231)) - group-D03DC1538B69: The snapshot info is null. Setting the last applied indexto:(t:0, i:~)
2019-10-19 01:26:23,180 [pool-87-thread-1] INFO  server.RaftServerConfigKeys (ConfUtils.java:logGet(43)) - raft.server.notification.no-leader.timeout = 120s (custom)
2019-10-19 01:26:23,180 [pool-87-thread-1] INFO  server.RaftServerConfigKeys (ConfUtils.java:logGet(43)) - raft.server.log.use.memory = false (default)
2019-10-19 01:26:23,180 [pool-87-thread-1] INFO  server.RaftServerConfigKeys (ConfUtils.java:logGet(43)) - raft.server.log.purge.gap = 1000000 (custom)
2019-10-19 01:26:23,180 [pool-87-thread-1] INFO  server.RaftServerConfigKeys (ConfUtils.java:logGet(43)) - raft.server.log.appender.buffer.byte-limit = 33554432 (custom)
2019-10-19 01:26:23,180 [pool-87-thread-1] INFO  server.RaftServerConfigKeys (ConfUtils.java:logGet(43)) - raft.server.log.segment.size.max = 1048576 (custom)
2019-10-19 01:26:23,185 [Thread-285] INFO  impl.RoleInfo (RoleInfo.java:updateAndGet(143)) - 964c97d4-fbb7-48cf-b727-382e7669b5e9: start LeaderElection
2019-10-19 01:26:23,190 [pool-87-thread-1] INFO  server.RaftServerConfigKeys (ConfUtils.java:logGet(43)) - raft.server.log.segment.cache.num.max = 2 (custom)
2019-10-19 01:26:23,190 [pool-87-thread-1] INFO  segmented.SegmentedRaftLogWorker (SegmentedRaftLogWorker.java:<init>(173)) - new df8ea49b-ef0b-40b0-a5d0-e4c136909b6f@group-D03DC1538B69-SegmentedRaftLogWorker for RaftStorage:Storage Directory /workdir/hadoop-ozone/integration-test/target/test-dir/MiniOzoneClusterImpl-be769f72-d0ac-4a2c-8dca-159e9fc5eefe/datanode-6/data/ratis/64b92f93-2640-4bc0-bf97-d03dc1538b69
2019-10-19 01:26:23,192 [pool-87-thread-1] INFO  server.RaftServerConfigKeys (ConfUtils.java:logGet(43)) - raft.server.log.queue.byte-limit = 2147483647 (custom)
2019-10-19 01:26:23,192 [pool-87-thread-1] INFO  server.RaftServerConfigKeys (ConfUtils.java:logGet(43)) - raft.server.log.queue.element-limit = 1024 (custom)
2019-10-19 01:26:23,192 [964c97d4-fbb7-48cf-b727-382e7669b5e9@group-A93645E99FF2-LeaderElection1] INFO  impl.LeaderElection (LeaderElection.java:askForVotes(178)) - 964c97d4-fbb7-48cf-b727-382e7669b5e9@group-A93645E99FF2-LeaderElection1: begin an election at term 1 for -1: [964c97d4-fbb7-48cf-b727-382e7669b5e9:192.168.157.242:42114], old=null
2019-10-19 01:26:23,192 [pool-87-thread-1] INFO  server.RaftServerConfigKeys (ConfUtils.java:logGet(43)) - raft.server.log.segment.size.max = 1048576 (custom)
2019-10-19 01:26:23,192 [pool-87-thread-1] INFO  server.RaftServerConfigKeys (ConfUtils.java:logGet(43)) - raft.server.log.preallocated.size = 16384 (custom)
2019-10-19 01:26:23,192 [pool-87-thread-1] INFO  server.RaftServerConfigKeys (ConfUtils.java:logGet(43)) - raft.server.log.write.buffer.size = 33554432 (custom)
2019-10-19 01:26:23,192 [pool-87-thread-1] INFO  server.RaftServerConfigKeys (ConfUtils.java:logGet(43)) - raft.server.log.force.sync.num = 128 (default)
2019-10-19 01:26:23,192 [pool-87-thread-1] INFO  server.RaftServerConfigKeys (ConfUtils.java:logGet(43)) - raft.server.log.statemachine.data.sync = true (default)
2019-10-19 01:26:23,193 [pool-87-thread-1] INFO  server.RaftServerConfigKeys (ConfUtils.java:logGet(43)) - raft.server.log.statemachine.data.sync.timeout = 10s (default)
2019-10-19 01:26:23,193 [pool-87-thread-1] INFO  server.RaftServerConfigKeys (ConfUtils.java:logGet(43)) - raft.server.log.statemachine.data.sync.timeout.retry = -1 (default)
2019-10-19 01:26:23,193 [pool-87-thread-1] INFO  server.RaftServerConfigKeys (ConfUtils.java:logGet(43)) - raft.server.log.statemachine.data.caching.enabled = true (custom)
2019-10-19 01:26:23,194 [pool-87-thread-1] INFO  segmented.SegmentedRaftLogWorker (SegmentedRaftLogWorker.java:lambda$new$0(128)) - df8ea49b-ef0b-40b0-a5d0-e4c136909b6f@group-D03DC1538B69-SegmentedRaftLogWorker: flushIndex: setUnconditionally 0 -> -1
2019-10-19 01:26:23,194 [964c97d4-fbb7-48cf-b727-382e7669b5e9@group-A93645E99FF2-LeaderElection1] INFO  impl.RoleInfo (RoleInfo.java:shutdownLeaderElection(134)) - 964c97d4-fbb7-48cf-b727-382e7669b5e9: shutdown LeaderElection
2019-10-19 01:26:23,194 [pool-87-thread-1] INFO  server.RaftServerConfigKeys (ConfUtils.java:logGet(43)) - raft.server.snapshot.auto.trigger.enabled = true (custom)
2019-10-19 01:26:23,194 [pool-87-thread-1] INFO  server.RaftServerConfigKeys (ConfUtils.java:logGet(43)) - raft.server.snapshot.auto.trigger.threshold = 10000 (custom)
2019-10-19 01:26:23,194 [pool-87-thread-1] INFO  server.RaftServerConfigKeys (ConfUtils.java:logGet(43)) - raft.server.snapshot.retention.file.num = 5 (custom)
2019-10-19 01:26:23,194 [pool-87-thread-1] INFO  server.RaftServerConfigKeys (ConfUtils.java:logGet(43)) - raft.server.retrycache.expirytime = 600000ms (custom)
2019-10-19 01:26:23,194 [964c97d4-fbb7-48cf-b727-382e7669b5e9@group-A93645E99FF2-LeaderElection1] INFO  impl.RaftServerImpl (RaftServerImpl.java:setRole(184)) - 964c97d4-fbb7-48cf-b727-382e7669b5e9@group-A93645E99FF2: changes role from CANDIDATE to LEADER at term 1 for changeToLeader
2019-10-19 01:26:23,195 [964c97d4-fbb7-48cf-b727-382e7669b5e9@group-A93645E99FF2-LeaderElection1] INFO  impl.RaftServerImpl (ServerState.java:setLeader(256)) - 964c97d4-fbb7-48cf-b727-382e7669b5e9@group-A93645E99FF2: change Leader from null to 964c97d4-fbb7-48cf-b727-382e7669b5e9 at term 1 for becomeLeader, leader elected after 322ms
2019-10-19 01:26:23,202 [964c97d4-fbb7-48cf-b727-382e7669b5e9@group-A93645E99FF2-LeaderElection1] INFO  server.RaftServerConfigKeys (ConfUtils.java:logGet(43)) - raft.server.staging.catchup.gap = 1000 (default)
2019-10-19 01:26:23,202 [pool-87-thread-1] INFO  impl.RaftServerImpl (RaftServerImpl.java:start(195)) - df8ea49b-ef0b-40b0-a5d0-e4c136909b6f@group-D03DC1538B69: start as a follower, conf=-1: [df8ea49b-ef0b-40b0-a5d0-e4c136909b6f:192.168.157.242:40644], old=null
2019-10-19 01:26:23,203 [964c97d4-fbb7-48cf-b727-382e7669b5e9@group-A93645E99FF2-LeaderElection1] INFO  server.RaftServerConfigKeys (ConfUtils.java:logGet(43)) - raft.server.rpc.sleep.time = 25ms (default)
2019-10-19 01:26:23,203 [pool-87-thread-1] INFO  impl.RaftServerImpl (RaftServerImpl.java:setRole(184)) - df8ea49b-ef0b-40b0-a5d0-e4c136909b6f@group-D03DC1538B69: changes role from      null to FOLLOWER at term 0 for startAsFollower
2019-10-19 01:26:23,203 [pool-87-thread-1] INFO  impl.RoleInfo (RoleInfo.java:updateAndGet(143)) - df8ea49b-ef0b-40b0-a5d0-e4c136909b6f: start FollowerState
2019-10-19 01:26:23,203 [pool-87-thread-1] INFO  util.JmxRegister (JmxRegister.java:tryRegister(44)) - Successfully registered JMX Bean with object name Ratis:service=RaftServer,group=group-D03DC1538B69,id=df8ea49b-ef0b-40b0-a5d0-e4c136909b6f
2019-10-19 01:26:23,209 [964c97d4-fbb7-48cf-b727-382e7669b5e9@group-A93645E99FF2-LeaderElection1] INFO  server.RaftServerConfigKeys (ConfUtils.java:logGet(43)) - raft.server.write.element-limit = 4096 (default)
2019-10-19 01:26:23,219 [964c97d4-fbb7-48cf-b727-382e7669b5e9@group-A93645E99FF2-LeaderElection1] INFO  server.RaftServerConfigKeys (ConfUtils.java:logGet(43)) - raft.server.watch.timeout = 10s (default)
2019-10-19 01:26:23,220 [964c97d4-fbb7-48cf-b727-382e7669b5e9@group-A93645E99FF2-LeaderElection1] INFO  server.RaftServerConfigKeys (ConfUtils.java:logGet(43)) - raft.server.watch.timeout.denomination = 1s (default)
2019-10-19 01:26:23,220 [RatisPipelineUtilsThread] INFO  pipeline.PipelineStateManager (PipelineStateManager.java:addPipeline(56)) - Created pipeline Pipeline[ Id: 64b92f93-2640-4bc0-bf97-d03dc1538b69, Nodes: df8ea49b-ef0b-40b0-a5d0-e4c136909b6f{ip: 192.168.157.242, host: pr-hdds-2333-n5kd5-3813804867, networkLocation: /default-rack, certSerialId: null}, Type:RATIS, Factor:ONE, State:OPEN]
2019-10-19 01:26:23,221 [964c97d4-fbb7-48cf-b727-382e7669b5e9@group-A93645E99FF2-LeaderElection1] INFO  server.RaftServerConfigKeys (ConfUtils.java:logGet(43)) - raft.server.watch.element-limit = 65536 (default)
2019-10-19 01:26:23,262 [Thread-289] INFO  impl.FollowerState (FollowerState.java:run(108)) - df8ea49b-ef0b-40b0-a5d0-e4c136909b6f@group-D03DC1538B69-FollowerState: change to CANDIDATE, lastRpcTime:58ms, electionTimeout:58ms
2019-10-19 01:26:23,283 [Thread-289] INFO  impl.RoleInfo (RoleInfo.java:shutdownFollowerState(121)) - df8ea49b-ef0b-40b0-a5d0-e4c136909b6f: shutdown FollowerState
2019-10-19 01:26:23,283 [Thread-289] INFO  impl.RaftServerImpl (RaftServerImpl.java:setRole(184)) - df8ea49b-ef0b-40b0-a5d0-e4c136909b6f@group-D03DC1538B69: changes role from  FOLLOWER to CANDIDATE at term 0 for changeToCandidate
2019-10-19 01:26:23,283 [Thread-289] INFO  impl.RoleInfo (RoleInfo.java:updateAndGet(143)) - df8ea49b-ef0b-40b0-a5d0-e4c136909b6f: start LeaderElection
2019-10-19 01:26:23,289 [grpc-default-executor-0] INFO  impl.RaftServerProxy (RaftServerProxy.java:addNew(89)) - a47f4692-6292-482b-87e1-943728217a13: addNew group-C0E80F0EEB3E:[a47f4692-6292-482b-87e1-943728217a13:192.168.157.242:34977] returns group-C0E80F0EEB3E:java.util.concurrent.CompletableFuture@d00b0d0[Not completed]
2019-10-19 01:26:23,293 [pool-107-thread-1] INFO  impl.RaftServerImpl (RaftServerImpl.java:<init>(104)) - a47f4692-6292-482b-87e1-943728217a13: new RaftServerImpl for group-C0E80F0EEB3E:[a47f4692-6292-482b-87e1-943728217a13:192.168.157.242:34977] with ContainerStateMachine:uninitialized
2019-10-19 01:26:23,293 [pool-107-thread-1] INFO  server.RaftServerConfigKeys (ConfUtils.java:logGet(43)) - raft.server.rpc.timeout.min = 1s (custom)
2019-10-19 01:26:23,293 [pool-107-thread-1] INFO  server.RaftServerConfigKeys (ConfUtils.java:logGet(43)) - raft.server.rpc.timeout.max = 1200ms (custom)
2019-10-19 01:26:23,293 [pool-107-thread-1] INFO  server.RaftServerConfigKeys (ConfUtils.java:logGet(43)) - raft.server.rpcslowness.timeout = 120s (custom)
2019-10-19 01:26:23,293 [pool-107-thread-1] INFO  server.RaftServerConfigKeys (ConfUtils.java:logGet(43)) - raft.server.sleep.deviation.threshold = 300 (default)
2019-10-19 01:26:23,294 [pool-107-thread-1] INFO  server.RaftServerConfigKeys (ConfUtils.java:logGet(43)) - raft.server.log.appender.install.snapshot.enabled = false (custom)
2019-10-19 01:26:23,294 [pool-107-thread-1] INFO  impl.RaftServerImpl (ServerState.java:<init>(103)) - a47f4692-6292-482b-87e1-943728217a13@group-C0E80F0EEB3E: ConfigurationManager, init=-1: [a47f4692-6292-482b-87e1-943728217a13:192.168.157.242:34977], old=null, confs=<EMPTY_MAP>
2019-10-19 01:26:23,294 [pool-107-thread-1] INFO  server.RaftServerConfigKeys (ConfUtils.java:logGet(43)) - raft.server.storage.dir = [/workdir/hadoop-ozone/integration-test/target/test-dir/MiniOzoneClusterImpl-be769f72-d0ac-4a2c-8dca-159e9fc5eefe/datanode-8/data/ratis] (custom)
2019-10-19 01:26:23,294 [pool-107-thread-1] INFO  server.RaftServerConfigKeys (ConfUtils.java:logGet(43)) - raft.server.log.corruption.policy = EXCEPTION (default)
2019-10-19 01:26:23,295 [pool-107-thread-1] INFO  storage.RaftStorageDirectory (RaftStorageDirectory.java:analyzeStorage(246)) - The storage directory /workdir/hadoop-ozone/integration-test/target/test-dir/MiniOzoneClusterImpl-be769f72-d0ac-4a2c-8dca-159e9fc5eefe/datanode-8/data/ratis/167897cc-e6f4-44e7-9aed-c0e80f0eeb3e does not exist. Creating ...
2019-10-19 01:26:23,297 [964c97d4-fbb7-48cf-b727-382e7669b5e9@group-A93645E99FF2-LeaderElection1] INFO  impl.RoleInfo (RoleInfo.java:updateAndGet(143)) - 964c97d4-fbb7-48cf-b727-382e7669b5e9: start LeaderState
2019-10-19 01:26:23,315 [964c97d4-fbb7-48cf-b727-382e7669b5e9@group-A93645E99FF2-LeaderElection1] INFO  segmented.SegmentedRaftLogWorker (SegmentedRaftLogWorker.java:startLogSegment(385)) - 964c97d4-fbb7-48cf-b727-382e7669b5e9@group-A93645E99FF2-SegmentedRaftLogWorker: Starting segment from index:0
2019-10-19 01:26:23,319 [pool-107-thread-1] INFO  storage.RaftStorageDirectory (RaftStorageDirectory.java:tryLock(328)) - Lock on /workdir/hadoop-ozone/integration-test/target/test-dir/MiniOzoneClusterImpl-be769f72-d0ac-4a2c-8dca-159e9fc5eefe/datanode-8/data/ratis/167897cc-e6f4-44e7-9aed-c0e80f0eeb3e/in_use.lock acquired by nodename 666@pr-hdds-2333-n5kd5-3813804867
2019-10-19 01:26:23,319 [df8ea49b-ef0b-40b0-a5d0-e4c136909b6f@group-D03DC1538B69-LeaderElection2] INFO  impl.LeaderElection (LeaderElection.java:askForVotes(178)) - df8ea49b-ef0b-40b0-a5d0-e4c136909b6f@group-D03DC1538B69-LeaderElection2: begin an election at term 1 for -1: [df8ea49b-ef0b-40b0-a5d0-e4c136909b6f:192.168.157.242:40644], old=null
2019-10-19 01:26:23,324 [df8ea49b-ef0b-40b0-a5d0-e4c136909b6f@group-D03DC1538B69-LeaderElection2] INFO  impl.RoleInfo (RoleInfo.java:shutdownLeaderElection(134)) - df8ea49b-ef0b-40b0-a5d0-e4c136909b6f: shutdown LeaderElection
2019-10-19 01:26:23,325 [df8ea49b-ef0b-40b0-a5d0-e4c136909b6f@group-D03DC1538B69-LeaderElection2] INFO  impl.RaftServerImpl (RaftServerImpl.java:setRole(184)) - df8ea49b-ef0b-40b0-a5d0-e4c136909b6f@group-D03DC1538B69: changes role from CANDIDATE to LEADER at term 1 for changeToLeader
2019-10-19 01:26:23,325 [df8ea49b-ef0b-40b0-a5d0-e4c136909b6f@group-D03DC1538B69-LeaderElection2] INFO  impl.RaftServerImpl (ServerState.java:setLeader(256)) - df8ea49b-ef0b-40b0-a5d0-e4c136909b6f@group-D03DC1538B69: change Leader from null to df8ea49b-ef0b-40b0-a5d0-e4c136909b6f at term 1 for becomeLeader, leader elected after 145ms
2019-10-19 01:26:23,326 [df8ea49b-ef0b-40b0-a5d0-e4c136909b6f@group-D03DC1538B69-LeaderElection2] INFO  server.RaftServerConfigKeys (ConfUtils.java:logGet(43)) - raft.server.staging.catchup.gap = 1000 (default)
2019-10-19 01:26:23,326 [df8ea49b-ef0b-40b0-a5d0-e4c136909b6f@group-D03DC1538B69-LeaderElection2] INFO  server.RaftServerConfigKeys (ConfUtils.java:logGet(43)) - raft.server.rpc.sleep.time = 25ms (default)
2019-10-19 01:26:23,327 [df8ea49b-ef0b-40b0-a5d0-e4c136909b6f@group-D03DC1538B69-LeaderElection2] INFO  server.RaftServerConfigKeys (ConfUtils.java:logGet(43)) - raft.server.write.element-limit = 4096 (default)
2019-10-19 01:26:23,327 [df8ea49b-ef0b-40b0-a5d0-e4c136909b6f@group-D03DC1538B69-LeaderElection2] INFO  server.RaftServerConfigKeys (ConfUtils.java:logGet(43)) - raft.server.watch.timeout = 10s (default)
2019-10-19 01:26:23,327 [df8ea49b-ef0b-40b0-a5d0-e4c136909b6f@group-D03DC1538B69-LeaderElection2] INFO  server.RaftServerConfigKeys (ConfUtils.java:logGet(43)) - raft.server.watch.timeout.denomination = 1s (default)
2019-10-19 01:26:23,327 [df8ea49b-ef0b-40b0-a5d0-e4c136909b6f@group-D03DC1538B69-LeaderElection2] INFO  server.RaftServerConfigKeys (ConfUtils.java:logGet(43)) - raft.server.watch.element-limit = 65536 (default)
2019-10-19 01:26:23,330 [df8ea49b-ef0b-40b0-a5d0-e4c136909b6f@group-D03DC1538B69-LeaderElection2] INFO  impl.RoleInfo (RoleInfo.java:updateAndGet(143)) - df8ea49b-ef0b-40b0-a5d0-e4c136909b6f: start LeaderState
2019-10-19 01:26:23,331 [964c97d4-fbb7-48cf-b727-382e7669b5e9@group-A93645E99FF2-LeaderElection1] INFO  impl.RaftServerImpl (ServerState.java:setRaftConf(357)) - 964c97d4-fbb7-48cf-b727-382e7669b5e9@group-A93645E99FF2: set configuration 0: [964c97d4-fbb7-48cf-b727-382e7669b5e9:192.168.157.242:42114], old=null at 0
2019-10-19 01:26:23,331 [df8ea49b-ef0b-40b0-a5d0-e4c136909b6f@group-D03DC1538B69-LeaderElection2] INFO  segmented.SegmentedRaftLogWorker (SegmentedRaftLogWorker.java:startLogSegment(385)) - df8ea49b-ef0b-40b0-a5d0-e4c136909b6f@group-D03DC1538B69-SegmentedRaftLogWorker: Starting segment from index:0
2019-10-19 01:26:23,332 [df8ea49b-ef0b-40b0-a5d0-e4c136909b6f@group-D03DC1538B69-LeaderElection2] INFO  impl.RaftServerImpl (ServerState.java:setRaftConf(357)) - df8ea49b-ef0b-40b0-a5d0-e4c136909b6f@group-D03DC1538B69: set configuration 0: [df8ea49b-ef0b-40b0-a5d0-e4c136909b6f:192.168.157.242:40644], old=null at 0
2019-10-19 01:26:23,336 [pool-107-thread-1] INFO  storage.RaftStorage (RaftStorage.java:format(84)) - Storage directory /workdir/hadoop-ozone/integration-test/target/test-dir/MiniOzoneClusterImpl-be769f72-d0ac-4a2c-8dca-159e9fc5eefe/datanode-8/data/ratis/167897cc-e6f4-44e7-9aed-c0e80f0eeb3e has been successfully formatted.
2019-10-19 01:26:23,336 [pool-107-thread-1] INFO  ratis.ContainerStateMachine (ContainerStateMachine.java:loadSnapshot(231)) - group-C0E80F0EEB3E: The snapshot info is null. Setting the last applied indexto:(t:0, i:~)
2019-10-19 01:26:23,337 [pool-107-thread-1] INFO  server.RaftServerConfigKeys (ConfUtils.java:logGet(43)) - raft.server.notification.no-leader.timeout = 120s (custom)
2019-10-19 01:26:23,337 [pool-107-thread-1] INFO  server.RaftServerConfigKeys (ConfUtils.java:logGet(43)) - raft.server.log.use.memory = false (default)
2019-10-19 01:26:23,337 [pool-107-thread-1] INFO  server.RaftServerConfigKeys (ConfUtils.java:logGet(43)) - raft.server.log.purge.gap = 1000000 (custom)
2019-10-19 01:26:23,337 [pool-107-thread-1] INFO  server.RaftServerConfigKeys (ConfUtils.java:logGet(43)) - raft.server.log.appender.buffer.byte-limit = 33554432 (custom)
2019-10-19 01:26:23,337 [pool-107-thread-1] INFO  server.RaftServerConfigKeys (ConfUtils.java:logGet(43)) - raft.server.log.segment.size.max = 1048576 (custom)
2019-10-19 01:26:23,340 [pool-107-thread-1] INFO  server.RaftServerConfigKeys (ConfUtils.java:logGet(43)) - raft.server.log.segment.cache.num.max = 2 (custom)
2019-10-19 01:26:23,340 [pool-107-thread-1] INFO  segmented.SegmentedRaftLogWorker (SegmentedRaftLogWorker.java:<init>(173)) - new a47f4692-6292-482b-87e1-943728217a13@group-C0E80F0EEB3E-SegmentedRaftLogWorker for RaftStorage:Storage Directory /workdir/hadoop-ozone/integration-test/target/test-dir/MiniOzoneClusterImpl-be769f72-d0ac-4a2c-8dca-159e9fc5eefe/datanode-8/data/ratis/167897cc-e6f4-44e7-9aed-c0e80f0eeb3e
2019-10-19 01:26:23,340 [pool-107-thread-1] INFO  server.RaftServerConfigKeys (ConfUtils.java:logGet(43)) - raft.server.log.queue.byte-limit = 2147483647 (custom)
2019-10-19 01:26:23,340 [pool-107-thread-1] INFO  server.RaftServerConfigKeys (ConfUtils.java:logGet(43)) - raft.server.log.queue.element-limit = 1024 (custom)
2019-10-19 01:26:23,340 [pool-107-thread-1] INFO  server.RaftServerConfigKeys (ConfUtils.java:logGet(43)) - raft.server.log.segment.size.max = 1048576 (custom)
2019-10-19 01:26:23,340 [pool-107-thread-1] INFO  server.RaftServerConfigKeys (ConfUtils.java:logGet(43)) - raft.server.log.preallocated.size = 16384 (custom)
2019-10-19 01:26:23,340 [pool-107-thread-1] INFO  server.RaftServerConfigKeys (ConfUtils.java:logGet(43)) - raft.server.log.write.buffer.size = 33554432 (custom)
2019-10-19 01:26:23,341 [pool-107-thread-1] INFO  server.RaftServerConfigKeys (ConfUtils.java:logGet(43)) - raft.server.log.force.sync.num = 128 (default)
2019-10-19 01:26:23,341 [pool-107-thread-1] INFO  server.RaftServerConfigKeys (ConfUtils.java:logGet(43)) - raft.server.log.statemachine.data.sync = true (default)
2019-10-19 01:26:23,341 [pool-107-thread-1] INFO  server.RaftServerConfigKeys (ConfUtils.java:logGet(43)) - raft.server.log.statemachine.data.sync.timeout = 10s (default)
2019-10-19 01:26:23,341 [pool-107-thread-1] INFO  server.RaftServerConfigKeys (ConfUtils.java:logGet(43)) - raft.server.log.statemachine.data.sync.timeout.retry = -1 (default)
2019-10-19 01:26:23,341 [pool-107-thread-1] INFO  server.RaftServerConfigKeys (ConfUtils.java:logGet(43)) - raft.server.log.statemachine.data.caching.enabled = true (custom)
2019-10-19 01:26:23,342 [pool-107-thread-1] INFO  segmented.SegmentedRaftLogWorker (SegmentedRaftLogWorker.java:lambda$new$0(128)) - a47f4692-6292-482b-87e1-943728217a13@group-C0E80F0EEB3E-SegmentedRaftLogWorker: flushIndex: setUnconditionally 0 -> -1
2019-10-19 01:26:23,342 [pool-107-thread-1] INFO  server.RaftServerConfigKeys (ConfUtils.java:logGet(43)) - raft.server.snapshot.auto.trigger.enabled = true (custom)
2019-10-19 01:26:23,342 [pool-107-thread-1] INFO  server.RaftServerConfigKeys (ConfUtils.java:logGet(43)) - raft.server.snapshot.auto.trigger.threshold = 10000 (custom)
2019-10-19 01:26:23,342 [pool-107-thread-1] INFO  server.RaftServerConfigKeys (ConfUtils.java:logGet(43)) - raft.server.snapshot.retention.file.num = 5 (custom)
2019-10-19 01:26:23,342 [pool-107-thread-1] INFO  server.RaftServerConfigKeys (ConfUtils.java:logGet(43)) - raft.server.retrycache.expirytime = 600000ms (custom)
2019-10-19 01:26:23,347 [pool-107-thread-1] INFO  impl.RaftServerImpl (RaftServerImpl.java:start(195)) - a47f4692-6292-482b-87e1-943728217a13@group-C0E80F0EEB3E: start as a follower, conf=-1: [a47f4692-6292-482b-87e1-943728217a13:192.168.157.242:34977], old=null
2019-10-19 01:26:23,347 [pool-107-thread-1] INFO  impl.RaftServerImpl (RaftServerImpl.java:setRole(184)) - a47f4692-6292-482b-87e1-943728217a13@group-C0E80F0EEB3E: changes role from      null to FOLLOWER at term 0 for startAsFollower
2019-10-19 01:26:23,348 [pool-107-thread-1] INFO  impl.RoleInfo (RoleInfo.java:updateAndGet(143)) - a47f4692-6292-482b-87e1-943728217a13: start FollowerState
2019-10-19 01:26:23,348 [pool-107-thread-1] INFO  util.JmxRegister (JmxRegister.java:tryRegister(44)) - Successfully registered JMX Bean with object name Ratis:service=RaftServer,group=group-C0E80F0EEB3E,id=a47f4692-6292-482b-87e1-943728217a13
2019-10-19 01:26:23,360 [RatisPipelineUtilsThread] INFO  pipeline.PipelineStateManager (PipelineStateManager.java:addPipeline(56)) - Created pipeline Pipeline[ Id: 167897cc-e6f4-44e7-9aed-c0e80f0eeb3e, Nodes: a47f4692-6292-482b-87e1-943728217a13{ip: 192.168.157.242, host: pr-hdds-2333-n5kd5-3813804867, networkLocation: /default-rack, certSerialId: null}, Type:RATIS, Factor:ONE, State:OPEN]
2019-10-19 01:26:23,365 [Thread-295] INFO  impl.FollowerState (FollowerState.java:run(108)) - a47f4692-6292-482b-87e1-943728217a13@group-C0E80F0EEB3E-FollowerState: change to CANDIDATE, lastRpcTime:17ms, electionTimeout:17ms
2019-10-19 01:26:23,365 [Thread-295] INFO  impl.RoleInfo (RoleInfo.java:shutdownFollowerState(121)) - a47f4692-6292-482b-87e1-943728217a13: shutdown FollowerState
2019-10-19 01:26:23,366 [Thread-295] INFO  impl.RaftServerImpl (RaftServerImpl.java:setRole(184)) - a47f4692-6292-482b-87e1-943728217a13@group-C0E80F0EEB3E: changes role from  FOLLOWER to CANDIDATE at term 0 for changeToCandidate
2019-10-19 01:26:23,367 [Thread-295] INFO  impl.RoleInfo (RoleInfo.java:updateAndGet(143)) - a47f4692-6292-482b-87e1-943728217a13: start LeaderElection
2019-10-19 01:26:23,377 [grpc-default-executor-0] INFO  impl.RaftServerProxy (RaftServerProxy.java:addNew(89)) - 7bdff0e9-7b76-4a2e-87b8-7520d2e34914: addNew group-E686C16D813B:[7bdff0e9-7b76-4a2e-87b8-7520d2e34914:192.168.157.242:33030] returns group-E686C16D813B:java.util.concurrent.CompletableFuture@708452a7[Not completed]
2019-10-19 01:26:23,380 [pool-57-thread-1] INFO  impl.RaftServerImpl (RaftServerImpl.java:<init>(104)) - 7bdff0e9-7b76-4a2e-87b8-7520d2e34914: new RaftServerImpl for group-E686C16D813B:[7bdff0e9-7b76-4a2e-87b8-7520d2e34914:192.168.157.242:33030] with ContainerStateMachine:uninitialized
2019-10-19 01:26:23,380 [pool-57-thread-1] INFO  server.RaftServerConfigKeys (ConfUtils.java:logGet(43)) - raft.server.rpc.timeout.min = 1s (custom)
2019-10-19 01:26:23,381 [pool-57-thread-1] INFO  server.RaftServerConfigKeys (ConfUtils.java:logGet(43)) - raft.server.rpc.timeout.max = 1200ms (custom)
2019-10-19 01:26:23,381 [pool-57-thread-1] INFO  server.RaftServerConfigKeys (ConfUtils.java:logGet(43)) - raft.server.rpcslowness.timeout = 120s (custom)
2019-10-19 01:26:23,381 [pool-57-thread-1] INFO  server.RaftServerConfigKeys (ConfUtils.java:logGet(43)) - raft.server.sleep.deviation.threshold = 300 (default)
2019-10-19 01:26:23,381 [pool-57-thread-1] INFO  server.RaftServerConfigKeys (ConfUtils.java:logGet(43)) - raft.server.log.appender.install.snapshot.enabled = false (custom)
2019-10-19 01:26:23,381 [pool-57-thread-1] INFO  impl.RaftServerImpl (ServerState.java:<init>(103)) - 7bdff0e9-7b76-4a2e-87b8-7520d2e34914@group-E686C16D813B: ConfigurationManager, init=-1: [7bdff0e9-7b76-4a2e-87b8-7520d2e34914:192.168.157.242:33030], old=null, confs=<EMPTY_MAP>
2019-10-19 01:26:23,381 [pool-57-thread-1] INFO  server.RaftServerConfigKeys (ConfUtils.java:logGet(43)) - raft.server.storage.dir = [/workdir/hadoop-ozone/integration-test/target/test-dir/MiniOzoneClusterImpl-be769f72-d0ac-4a2c-8dca-159e9fc5eefe/datanode-3/data/ratis] (custom)
2019-10-19 01:26:23,381 [pool-57-thread-1] INFO  server.RaftServerConfigKeys (ConfUtils.java:logGet(43)) - raft.server.log.corruption.policy = EXCEPTION (default)
2019-10-19 01:26:23,382 [pool-57-thread-1] INFO  storage.RaftStorageDirectory (RaftStorageDirectory.java:analyzeStorage(246)) - The storage directory /workdir/hadoop-ozone/integration-test/target/test-dir/MiniOzoneClusterImpl-be769f72-d0ac-4a2c-8dca-159e9fc5eefe/datanode-3/data/ratis/d54b9c89-4cf0-4479-8cd1-e686c16d813b does not exist. Creating ...
2019-10-19 01:26:23,395 [pool-57-thread-1] INFO  storage.RaftStorageDirectory (RaftStorageDirectory.java:tryLock(328)) - Lock on /workdir/hadoop-ozone/integration-test/target/test-dir/MiniOzoneClusterImpl-be769f72-d0ac-4a2c-8dca-159e9fc5eefe/datanode-3/data/ratis/d54b9c89-4cf0-4479-8cd1-e686c16d813b/in_use.lock acquired by nodename 666@pr-hdds-2333-n5kd5-3813804867
2019-10-19 01:26:23,394 [a47f4692-6292-482b-87e1-943728217a13@group-C0E80F0EEB3E-LeaderElection3] INFO  impl.LeaderElection (LeaderElection.java:askForVotes(178)) - a47f4692-6292-482b-87e1-943728217a13@group-C0E80F0EEB3E-LeaderElection3: begin an election at term 1 for -1: [a47f4692-6292-482b-87e1-943728217a13:192.168.157.242:34977], old=null
2019-10-19 01:26:23,396 [a47f4692-6292-482b-87e1-943728217a13@group-C0E80F0EEB3E-LeaderElection3] INFO  impl.RoleInfo (RoleInfo.java:shutdownLeaderElection(134)) - a47f4692-6292-482b-87e1-943728217a13: shutdown LeaderElection
2019-10-19 01:26:23,396 [a47f4692-6292-482b-87e1-943728217a13@group-C0E80F0EEB3E-LeaderElection3] INFO  impl.RaftServerImpl (RaftServerImpl.java:setRole(184)) - a47f4692-6292-482b-87e1-943728217a13@group-C0E80F0EEB3E: changes role from CANDIDATE to LEADER at term 1 for changeToLeader
2019-10-19 01:26:23,396 [a47f4692-6292-482b-87e1-943728217a13@group-C0E80F0EEB3E-LeaderElection3] INFO  impl.RaftServerImpl (ServerState.java:setLeader(256)) - a47f4692-6292-482b-87e1-943728217a13@group-C0E80F0EEB3E: change Leader from null to a47f4692-6292-482b-87e1-943728217a13 at term 1 for becomeLeader, leader elected after 59ms
2019-10-19 01:26:23,397 [a47f4692-6292-482b-87e1-943728217a13@group-C0E80F0EEB3E-LeaderElection3] INFO  server.RaftServerConfigKeys (ConfUtils.java:logGet(43)) - raft.server.staging.catchup.gap = 1000 (default)
2019-10-19 01:26:23,397 [a47f4692-6292-482b-87e1-943728217a13@group-C0E80F0EEB3E-LeaderElection3] INFO  server.RaftServerConfigKeys (ConfUtils.java:logGet(43)) - raft.server.rpc.sleep.time = 25ms (default)
2019-10-19 01:26:23,397 [a47f4692-6292-482b-87e1-943728217a13@group-C0E80F0EEB3E-LeaderElection3] INFO  server.RaftServerConfigKeys (ConfUtils.java:logGet(43)) - raft.server.write.element-limit = 4096 (default)
2019-10-19 01:26:23,397 [a47f4692-6292-482b-87e1-943728217a13@group-C0E80F0EEB3E-LeaderElection3] INFO  server.RaftServerConfigKeys (ConfUtils.java:logGet(43)) - raft.server.watch.timeout = 10s (default)
2019-10-19 01:26:23,397 [a47f4692-6292-482b-87e1-943728217a13@group-C0E80F0EEB3E-LeaderElection3] INFO  server.RaftServerConfigKeys (ConfUtils.java:logGet(43)) - raft.server.watch.timeout.denomination = 1s (default)
2019-10-19 01:26:23,398 [a47f4692-6292-482b-87e1-943728217a13@group-C0E80F0EEB3E-LeaderElection3] INFO  server.RaftServerConfigKeys (ConfUtils.java:logGet(43)) - raft.server.watch.element-limit = 65536 (default)
2019-10-19 01:26:23,401 [a47f4692-6292-482b-87e1-943728217a13@group-C0E80F0EEB3E-LeaderElection3] INFO  impl.RoleInfo (RoleInfo.java:updateAndGet(143)) - a47f4692-6292-482b-87e1-943728217a13: start LeaderState
2019-10-19 01:26:23,402 [a47f4692-6292-482b-87e1-943728217a13@group-C0E80F0EEB3E-LeaderElection3] INFO  segmented.SegmentedRaftLogWorker (SegmentedRaftLogWorker.java:startLogSegment(385)) - a47f4692-6292-482b-87e1-943728217a13@group-C0E80F0EEB3E-SegmentedRaftLogWorker: Starting segment from index:0
2019-10-19 01:26:23,402 [a47f4692-6292-482b-87e1-943728217a13@group-C0E80F0EEB3E-LeaderElection3] INFO  impl.RaftServerImpl (ServerState.java:setRaftConf(357)) - a47f4692-6292-482b-87e1-943728217a13@group-C0E80F0EEB3E: set configuration 0: [a47f4692-6292-482b-87e1-943728217a13:192.168.157.242:34977], old=null at 0
2019-10-19 01:26:23,431 [pool-57-thread-1] INFO  storage.RaftStorage (RaftStorage.java:format(84)) - Storage directory /workdir/hadoop-ozone/integration-test/target/test-dir/MiniOzoneClusterImpl-be769f72-d0ac-4a2c-8dca-159e9fc5eefe/datanode-3/data/ratis/d54b9c89-4cf0-4479-8cd1-e686c16d813b has been successfully formatted.
2019-10-19 01:26:23,431 [pool-57-thread-1] INFO  ratis.ContainerStateMachine (ContainerStateMachine.java:loadSnapshot(231)) - group-E686C16D813B: The snapshot info is null. Setting the last applied indexto:(t:0, i:~)
2019-10-19 01:26:23,431 [pool-57-thread-1] INFO  server.RaftServerConfigKeys (ConfUtils.java:logGet(43)) - raft.server.notification.no-leader.timeout = 120s (custom)
2019-10-19 01:26:23,431 [pool-57-thread-1] INFO  server.RaftServerConfigKeys (ConfUtils.java:logGet(43)) - raft.server.log.use.memory = false (default)
2019-10-19 01:26:23,432 [pool-57-thread-1] INFO  server.RaftServerConfigKeys (ConfUtils.java:logGet(43)) - raft.server.log.purge.gap = 1000000 (custom)
2019-10-19 01:26:23,432 [pool-57-thread-1] INFO  server.RaftServerConfigKeys (ConfUtils.java:logGet(43)) - raft.server.log.appender.buffer.byte-limit = 33554432 (custom)
2019-10-19 01:26:23,432 [pool-57-thread-1] INFO  server.RaftServerConfigKeys (ConfUtils.java:logGet(43)) - raft.server.log.segment.size.max = 1048576 (custom)
2019-10-19 01:26:23,434 [pool-57-thread-1] INFO  server.RaftServerConfigKeys (ConfUtils.java:logGet(43)) - raft.server.log.segment.cache.num.max = 2 (custom)
2019-10-19 01:26:23,434 [pool-57-thread-1] INFO  segmented.SegmentedRaftLogWorker (SegmentedRaftLogWorker.java:<init>(173)) - new 7bdff0e9-7b76-4a2e-87b8-7520d2e34914@group-E686C16D813B-SegmentedRaftLogWorker for RaftStorage:Storage Directory /workdir/hadoop-ozone/integration-test/target/test-dir/MiniOzoneClusterImpl-be769f72-d0ac-4a2c-8dca-159e9fc5eefe/datanode-3/data/ratis/d54b9c89-4cf0-4479-8cd1-e686c16d813b
2019-10-19 01:26:23,434 [pool-57-thread-1] INFO  server.RaftServerConfigKeys (ConfUtils.java:logGet(43)) - raft.server.log.queue.byte-limit = 2147483647 (custom)
2019-10-19 01:26:23,434 [pool-57-thread-1] INFO  server.RaftServerConfigKeys (ConfUtils.java:logGet(43)) - raft.server.log.queue.element-limit = 1024 (custom)
2019-10-19 01:26:23,434 [pool-57-thread-1] INFO  server.RaftServerConfigKeys (ConfUtils.java:logGet(43)) - raft.server.log.segment.size.max = 1048576 (custom)
2019-10-19 01:26:23,435 [pool-57-thread-1] INFO  server.RaftServerConfigKeys (ConfUtils.java:logGet(43)) - raft.server.log.preallocated.size = 16384 (custom)
2019-10-19 01:26:23,435 [pool-57-thread-1] INFO  server.RaftServerConfigKeys (ConfUtils.java:logGet(43)) - raft.server.log.write.buffer.size = 33554432 (custom)
2019-10-19 01:26:23,435 [pool-57-thread-1] INFO  server.RaftServerConfigKeys (ConfUtils.java:logGet(43)) - raft.server.log.force.sync.num = 128 (default)
2019-10-19 01:26:23,435 [pool-57-thread-1] INFO  server.RaftServerConfigKeys (ConfUtils.java:logGet(43)) - raft.server.log.statemachine.data.sync = true (default)
2019-10-19 01:26:23,435 [pool-57-thread-1] INFO  server.RaftServerConfigKeys (ConfUtils.java:logGet(43)) - raft.server.log.statemachine.data.sync.timeout = 10s (default)
2019-10-19 01:26:23,435 [pool-57-thread-1] INFO  server.RaftServerConfigKeys (ConfUtils.java:logGet(43)) - raft.server.log.statemachine.data.sync.timeout.retry = -1 (default)
2019-10-19 01:26:23,435 [pool-57-thread-1] INFO  server.RaftServerConfigKeys (ConfUtils.java:logGet(43)) - raft.server.log.statemachine.data.caching.enabled = true (custom)
2019-10-19 01:26:23,436 [pool-57-thread-1] INFO  segmented.SegmentedRaftLogWorker (SegmentedRaftLogWorker.java:lambda$new$0(128)) - 7bdff0e9-7b76-4a2e-87b8-7520d2e34914@group-E686C16D813B-SegmentedRaftLogWorker: flushIndex: setUnconditionally 0 -> -1
2019-10-19 01:26:23,436 [pool-57-thread-1] INFO  server.RaftServerConfigKeys (ConfUtils.java:logGet(43)) - raft.server.snapshot.auto.trigger.enabled = true (custom)
2019-10-19 01:26:23,436 [pool-57-thread-1] INFO  server.RaftServerConfigKeys (ConfUtils.java:logGet(43)) - raft.server.snapshot.auto.trigger.threshold = 10000 (custom)
2019-10-19 01:26:23,436 [pool-57-thread-1] INFO  server.RaftServerConfigKeys (ConfUtils.java:logGet(43)) - raft.server.snapshot.retention.file.num = 5 (custom)
2019-10-19 01:26:23,436 [pool-57-thread-1] INFO  server.RaftServerConfigKeys (ConfUtils.java:logGet(43)) - raft.server.retrycache.expirytime = 600000ms (custom)
2019-10-19 01:26:23,440 [pool-57-thread-1] INFO  impl.RaftServerImpl (RaftServerImpl.java:start(195)) - 7bdff0e9-7b76-4a2e-87b8-7520d2e34914@group-E686C16D813B: start as a follower, conf=-1: [7bdff0e9-7b76-4a2e-87b8-7520d2e34914:192.168.157.242:33030], old=null
2019-10-19 01:26:23,440 [pool-57-thread-1] INFO  impl.RaftServerImpl (RaftServerImpl.java:setRole(184)) - 7bdff0e9-7b76-4a2e-87b8-7520d2e34914@group-E686C16D813B: changes role from      null to FOLLOWER at term 0 for startAsFollower
2019-10-19 01:26:23,440 [pool-57-thread-1] INFO  impl.RoleInfo (RoleInfo.java:updateAndGet(143)) - 7bdff0e9-7b76-4a2e-87b8-7520d2e34914: start FollowerState
2019-10-19 01:26:23,441 [pool-57-thread-1] INFO  util.JmxRegister (JmxRegister.java:tryRegister(44)) - Successfully registered JMX Bean with object name Ratis:service=RaftServer,group=group-E686C16D813B,id=7bdff0e9-7b76-4a2e-87b8-7520d2e34914
2019-10-19 01:26:23,456 [RatisPipelineUtilsThread] INFO  pipeline.PipelineStateManager (PipelineStateManager.java:addPipeline(56)) - Created pipeline Pipeline[ Id: d54b9c89-4cf0-4479-8cd1-e686c16d813b, Nodes: 7bdff0e9-7b76-4a2e-87b8-7520d2e34914{ip: 192.168.157.242, host: pr-hdds-2333-n5kd5-3813804867, networkLocation: /default-rack, certSerialId: null}, Type:RATIS, Factor:ONE, State:OPEN]
2019-10-19 01:26:23,465 [Thread-300] INFO  impl.FollowerState (FollowerState.java:run(108)) - 7bdff0e9-7b76-4a2e-87b8-7520d2e34914@group-E686C16D813B-FollowerState: change to CANDIDATE, lastRpcTime:24ms, electionTimeout:24ms
2019-10-19 01:26:23,465 [Thread-300] INFO  impl.RoleInfo (RoleInfo.java:shutdownFollowerState(121)) - 7bdff0e9-7b76-4a2e-87b8-7520d2e34914: shutdown FollowerState
2019-10-19 01:26:23,465 [Thread-300] INFO  impl.RaftServerImpl (RaftServerImpl.java:setRole(184)) - 7bdff0e9-7b76-4a2e-87b8-7520d2e34914@group-E686C16D813B: changes role from  FOLLOWER to CANDIDATE at term 0 for changeToCandidate
2019-10-19 01:26:23,465 [Thread-300] INFO  impl.RoleInfo (RoleInfo.java:updateAndGet(143)) - 7bdff0e9-7b76-4a2e-87b8-7520d2e34914: start LeaderElection
2019-10-19 01:26:23,474 [grpc-default-executor-0] INFO  impl.RaftServerProxy (RaftServerProxy.java:addNew(89)) - 236187ad-c3a6-4195-8acc-6254fb470a95: addNew group-AFA25FC37E96:[236187ad-c3a6-4195-8acc-6254fb470a95:192.168.157.242:36973] returns group-AFA25FC37E96:java.util.concurrent.CompletableFuture@5eae3499[Not completed]
2019-10-19 01:26:23,478 [pool-47-thread-1] INFO  impl.RaftServerImpl (RaftServerImpl.java:<init>(104)) - 236187ad-c3a6-4195-8acc-6254fb470a95: new RaftServerImpl for group-AFA25FC37E96:[236187ad-c3a6-4195-8acc-6254fb470a95:192.168.157.242:36973] with ContainerStateMachine:uninitialized
2019-10-19 01:26:23,478 [pool-47-thread-1] INFO  server.RaftServerConfigKeys (ConfUtils.java:logGet(43)) - raft.server.rpc.timeout.min = 1s (custom)
2019-10-19 01:26:23,479 [pool-47-thread-1] INFO  server.RaftServerConfigKeys (ConfUtils.java:logGet(43)) - raft.server.rpc.timeout.max = 1200ms (custom)
2019-10-19 01:26:23,479 [pool-47-thread-1] INFO  server.RaftServerConfigKeys (ConfUtils.java:logGet(43)) - raft.server.rpcslowness.timeout = 120s (custom)
2019-10-19 01:26:23,479 [pool-47-thread-1] INFO  server.RaftServerConfigKeys (ConfUtils.java:logGet(43)) - raft.server.sleep.deviation.threshold = 300 (default)
2019-10-19 01:26:23,479 [pool-47-thread-1] INFO  server.RaftServerConfigKeys (ConfUtils.java:logGet(43)) - raft.server.log.appender.install.snapshot.enabled = false (custom)
2019-10-19 01:26:23,479 [pool-47-thread-1] INFO  impl.RaftServerImpl (ServerState.java:<init>(103)) - 236187ad-c3a6-4195-8acc-6254fb470a95@group-AFA25FC37E96: ConfigurationManager, init=-1: [236187ad-c3a6-4195-8acc-6254fb470a95:192.168.157.242:36973], old=null, confs=<EMPTY_MAP>
2019-10-19 01:26:23,479 [pool-47-thread-1] INFO  server.RaftServerConfigKeys (ConfUtils.java:logGet(43)) - raft.server.storage.dir = [/workdir/hadoop-ozone/integration-test/target/test-dir/MiniOzoneClusterImpl-be769f72-d0ac-4a2c-8dca-159e9fc5eefe/datanode-2/data/ratis] (custom)
2019-10-19 01:26:23,541 [pool-47-thread-1] INFO  server.RaftServerConfigKeys (ConfUtils.java:logGet(43)) - raft.server.log.corruption.policy = EXCEPTION (default)
2019-10-19 01:26:23,541 [7bdff0e9-7b76-4a2e-87b8-7520d2e34914@group-E686C16D813B-LeaderElection4] INFO  impl.LeaderElection (LeaderElection.java:askForVotes(178)) - 7bdff0e9-7b76-4a2e-87b8-7520d2e34914@group-E686C16D813B-LeaderElection4: begin an election at term 1 for -1: [7bdff0e9-7b76-4a2e-87b8-7520d2e34914:192.168.157.242:33030], old=null
2019-10-19 01:26:23,541 [7bdff0e9-7b76-4a2e-87b8-7520d2e34914@group-E686C16D813B-LeaderElection4] INFO  impl.RoleInfo (RoleInfo.java:shutdownLeaderElection(134)) - 7bdff0e9-7b76-4a2e-87b8-7520d2e34914: shutdown LeaderElection
2019-10-19 01:26:23,541 [pool-47-thread-1] INFO  storage.RaftStorageDirectory (RaftStorageDirectory.java:analyzeStorage(246)) - The storage directory /workdir/hadoop-ozone/integration-test/target/test-dir/MiniOzoneClusterImpl-be769f72-d0ac-4a2c-8dca-159e9fc5eefe/datanode-2/data/ratis/8cc58176-ed52-4bb3-8e68-afa25fc37e96 does not exist. Creating ...
2019-10-19 01:26:23,541 [7bdff0e9-7b76-4a2e-87b8-7520d2e34914@group-E686C16D813B-LeaderElection4] INFO  impl.RaftServerImpl (RaftServerImpl.java:setRole(184)) - 7bdff0e9-7b76-4a2e-87b8-7520d2e34914@group-E686C16D813B: changes role from CANDIDATE to LEADER at term 1 for changeToLeader
2019-10-19 01:26:23,542 [7bdff0e9-7b76-4a2e-87b8-7520d2e34914@group-E686C16D813B-LeaderElection4] INFO  impl.RaftServerImpl (ServerState.java:setLeader(256)) - 7bdff0e9-7b76-4a2e-87b8-7520d2e34914@group-E686C16D813B: change Leader from null to 7bdff0e9-7b76-4a2e-87b8-7520d2e34914 at term 1 for becomeLeader, leader elected after 110ms
2019-10-19 01:26:23,543 [7bdff0e9-7b76-4a2e-87b8-7520d2e34914@group-E686C16D813B-LeaderElection4] INFO  server.RaftServerConfigKeys (ConfUtils.java:logGet(43)) - raft.server.staging.catchup.gap = 1000 (default)
2019-10-19 01:26:23,543 [7bdff0e9-7b76-4a2e-87b8-7520d2e34914@group-E686C16D813B-LeaderElection4] INFO  server.RaftServerConfigKeys (ConfUtils.java:logGet(43)) - raft.server.rpc.sleep.time = 25ms (default)
2019-10-19 01:26:23,543 [7bdff0e9-7b76-4a2e-87b8-7520d2e34914@group-E686C16D813B-LeaderElection4] INFO  server.RaftServerConfigKeys (ConfUtils.java:logGet(43)) - raft.server.write.element-limit = 4096 (default)
2019-10-19 01:26:23,543 [7bdff0e9-7b76-4a2e-87b8-7520d2e34914@group-E686C16D813B-LeaderElection4] INFO  server.RaftServerConfigKeys (ConfUtils.java:logGet(43)) - raft.server.watch.timeout = 10s (default)
2019-10-19 01:26:23,544 [7bdff0e9-7b76-4a2e-87b8-7520d2e34914@group-E686C16D813B-LeaderElection4] INFO  server.RaftServerConfigKeys (ConfUtils.java:logGet(43)) - raft.server.watch.timeout.denomination = 1s (default)
2019-10-19 01:26:23,544 [7bdff0e9-7b76-4a2e-87b8-7520d2e34914@group-E686C16D813B-LeaderElection4] INFO  server.RaftServerConfigKeys (ConfUtils.java:logGet(43)) - raft.server.watch.element-limit = 65536 (default)
2019-10-19 01:26:23,563 [pool-47-thread-1] INFO  storage.RaftStorageDirectory (RaftStorageDirectory.java:tryLock(328)) - Lock on /workdir/hadoop-ozone/integration-test/target/test-dir/MiniOzoneClusterImpl-be769f72-d0ac-4a2c-8dca-159e9fc5eefe/datanode-2/data/ratis/8cc58176-ed52-4bb3-8e68-afa25fc37e96/in_use.lock acquired by nodename 666@pr-hdds-2333-n5kd5-3813804867
2019-10-19 01:26:23,584 [7bdff0e9-7b76-4a2e-87b8-7520d2e34914@group-E686C16D813B-LeaderElection4] INFO  impl.RoleInfo (RoleInfo.java:updateAndGet(143)) - 7bdff0e9-7b76-4a2e-87b8-7520d2e34914: start LeaderState
2019-10-19 01:26:23,585 [7bdff0e9-7b76-4a2e-87b8-7520d2e34914@group-E686C16D813B-LeaderElection4] INFO  segmented.SegmentedRaftLogWorker (SegmentedRaftLogWorker.java:startLogSegment(385)) - 7bdff0e9-7b76-4a2e-87b8-7520d2e34914@group-E686C16D813B-SegmentedRaftLogWorker: Starting segment from index:0
2019-10-19 01:26:23,586 [7bdff0e9-7b76-4a2e-87b8-7520d2e34914@group-E686C16D813B-LeaderElection4] INFO  impl.RaftServerImpl (ServerState.java:setRaftConf(357)) - 7bdff0e9-7b76-4a2e-87b8-7520d2e34914@group-E686C16D813B: set configuration 0: [7bdff0e9-7b76-4a2e-87b8-7520d2e34914:192.168.157.242:33030], old=null at 0
2019-10-19 01:26:23,592 [pool-47-thread-1] INFO  storage.RaftStorage (RaftStorage.java:format(84)) - Storage directory /workdir/hadoop-ozone/integration-test/target/test-dir/MiniOzoneClusterImpl-be769f72-d0ac-4a2c-8dca-159e9fc5eefe/datanode-2/data/ratis/8cc58176-ed52-4bb3-8e68-afa25fc37e96 has been successfully formatted.
2019-10-19 01:26:23,592 [pool-47-thread-1] INFO  ratis.ContainerStateMachine (ContainerStateMachine.java:loadSnapshot(231)) - group-AFA25FC37E96: The snapshot info is null. Setting the last applied indexto:(t:0, i:~)
2019-10-19 01:26:23,592 [pool-47-thread-1] INFO  server.RaftServerConfigKeys (ConfUtils.java:logGet(43)) - raft.server.notification.no-leader.timeout = 120s (custom)
2019-10-19 01:26:23,592 [pool-47-thread-1] INFO  server.RaftServerConfigKeys (ConfUtils.java:logGet(43)) - raft.server.log.use.memory = false (default)
2019-10-19 01:26:23,593 [pool-47-thread-1] INFO  server.RaftServerConfigKeys (ConfUtils.java:logGet(43)) - raft.server.log.purge.gap = 1000000 (custom)
2019-10-19 01:26:23,593 [pool-47-thread-1] INFO  server.RaftServerConfigKeys (ConfUtils.java:logGet(43)) - raft.server.log.appender.buffer.byte-limit = 33554432 (custom)
2019-10-19 01:26:23,593 [pool-47-thread-1] INFO  server.RaftServerConfigKeys (ConfUtils.java:logGet(43)) - raft.server.log.segment.size.max = 1048576 (custom)
2019-10-19 01:26:23,595 [pool-47-thread-1] INFO  server.RaftServerConfigKeys (ConfUtils.java:logGet(43)) - raft.server.log.segment.cache.num.max = 2 (custom)
2019-10-19 01:26:23,595 [pool-47-thread-1] INFO  segmented.SegmentedRaftLogWorker (SegmentedRaftLogWorker.java:<init>(173)) - new 236187ad-c3a6-4195-8acc-6254fb470a95@group-AFA25FC37E96-SegmentedRaftLogWorker for RaftStorage:Storage Directory /workdir/hadoop-ozone/integration-test/target/test-dir/MiniOzoneClusterImpl-be769f72-d0ac-4a2c-8dca-159e9fc5eefe/datanode-2/data/ratis/8cc58176-ed52-4bb3-8e68-afa25fc37e96
2019-10-19 01:26:23,595 [pool-47-thread-1] INFO  server.RaftServerConfigKeys (ConfUtils.java:logGet(43)) - raft.server.log.queue.byte-limit = 2147483647 (custom)
2019-10-19 01:26:23,595 [pool-47-thread-1] INFO  server.RaftServerConfigKeys (ConfUtils.java:logGet(43)) - raft.server.log.queue.element-limit = 1024 (custom)
2019-10-19 01:26:23,595 [pool-47-thread-1] INFO  server.RaftServerConfigKeys (ConfUtils.java:logGet(43)) - raft.server.log.segment.size.max = 1048576 (custom)
2019-10-19 01:26:23,595 [pool-47-thread-1] INFO  server.RaftServerConfigKeys (ConfUtils.java:logGet(43)) - raft.server.log.preallocated.size = 16384 (custom)
2019-10-19 01:26:23,596 [pool-47-thread-1] INFO  server.RaftServerConfigKeys (ConfUtils.java:logGet(43)) - raft.server.log.write.buffer.size = 33554432 (custom)
2019-10-19 01:26:23,596 [pool-47-thread-1] INFO  server.RaftServerConfigKeys (ConfUtils.java:logGet(43)) - raft.server.log.force.sync.num = 128 (default)
2019-10-19 01:26:23,596 [pool-47-thread-1] INFO  server.RaftServerConfigKeys (ConfUtils.java:logGet(43)) - raft.server.log.statemachine.data.sync = true (default)
2019-10-19 01:26:23,596 [pool-47-thread-1] INFO  server.RaftServerConfigKeys (ConfUtils.java:logGet(43)) - raft.server.log.statemachine.data.sync.timeout = 10s (default)
2019-10-19 01:26:23,596 [pool-47-thread-1] INFO  server.RaftServerConfigKeys (ConfUtils.java:logGet(43)) - raft.server.log.statemachine.data.sync.timeout.retry = -1 (default)
2019-10-19 01:26:23,596 [pool-47-thread-1] INFO  server.RaftServerConfigKeys (ConfUtils.java:logGet(43)) - raft.server.log.statemachine.data.caching.enabled = true (custom)
2019-10-19 01:26:23,597 [pool-47-thread-1] INFO  segmented.SegmentedRaftLogWorker (SegmentedRaftLogWorker.java:lambda$new$0(128)) - 236187ad-c3a6-4195-8acc-6254fb470a95@group-AFA25FC37E96-SegmentedRaftLogWorker: flushIndex: setUnconditionally 0 -> -1
2019-10-19 01:26:23,597 [pool-47-thread-1] INFO  server.RaftServerConfigKeys (ConfUtils.java:logGet(43)) - raft.server.snapshot.auto.trigger.enabled = true (custom)
2019-10-19 01:26:23,597 [pool-47-thread-1] INFO  server.RaftServerConfigKeys (ConfUtils.java:logGet(43)) - raft.server.snapshot.auto.trigger.threshold = 10000 (custom)
2019-10-19 01:26:23,597 [pool-47-thread-1] INFO  server.RaftServerConfigKeys (ConfUtils.java:logGet(43)) - raft.server.snapshot.retention.file.num = 5 (custom)
2019-10-19 01:26:23,597 [pool-47-thread-1] INFO  server.RaftServerConfigKeys (ConfUtils.java:logGet(43)) - raft.server.retrycache.expirytime = 600000ms (custom)
2019-10-19 01:26:23,601 [pool-47-thread-1] INFO  impl.RaftServerImpl (RaftServerImpl.java:start(195)) - 236187ad-c3a6-4195-8acc-6254fb470a95@group-AFA25FC37E96: start as a follower, conf=-1: [236187ad-c3a6-4195-8acc-6254fb470a95:192.168.157.242:36973], old=null
2019-10-19 01:26:23,601 [pool-47-thread-1] INFO  impl.RaftServerImpl (RaftServerImpl.java:setRole(184)) - 236187ad-c3a6-4195-8acc-6254fb470a95@group-AFA25FC37E96: changes role from      null to FOLLOWER at term 0 for startAsFollower
2019-10-19 01:26:23,601 [pool-47-thread-1] INFO  impl.RoleInfo (RoleInfo.java:updateAndGet(143)) - 236187ad-c3a6-4195-8acc-6254fb470a95: start FollowerState
2019-10-19 01:26:23,601 [pool-47-thread-1] INFO  util.JmxRegister (JmxRegister.java:tryRegister(44)) - Successfully registered JMX Bean with object name Ratis:service=RaftServer,group=group-AFA25FC37E96,id=236187ad-c3a6-4195-8acc-6254fb470a95
2019-10-19 01:26:23,613 [RatisPipelineUtilsThread] INFO  pipeline.PipelineStateManager (PipelineStateManager.java:addPipeline(56)) - Created pipeline Pipeline[ Id: 8cc58176-ed52-4bb3-8e68-afa25fc37e96, Nodes: 236187ad-c3a6-4195-8acc-6254fb470a95{ip: 192.168.157.242, host: pr-hdds-2333-n5kd5-3813804867, networkLocation: /default-rack, certSerialId: null}, Type:RATIS, Factor:ONE, State:OPEN]
2019-10-19 01:26:23,662 [grpc-default-executor-0] INFO  impl.RaftServerProxy (RaftServerProxy.java:addNew(89)) - abe27936-fa37-414d-b2e1-4e10a1c095a6: addNew group-823F7ED841BF:[abe27936-fa37-414d-b2e1-4e10a1c095a6:192.168.157.242:42932] returns group-823F7ED841BF:java.util.concurrent.CompletableFuture@75023c64[Not completed]
2019-10-19 01:26:23,667 [pool-37-thread-1] INFO  impl.RaftServerImpl (RaftServerImpl.java:<init>(104)) - abe27936-fa37-414d-b2e1-4e10a1c095a6: new RaftServerImpl for group-823F7ED841BF:[abe27936-fa37-414d-b2e1-4e10a1c095a6:192.168.157.242:42932] with ContainerStateMachine:uninitialized
2019-10-19 01:26:23,667 [pool-37-thread-1] INFO  server.RaftServerConfigKeys (ConfUtils.java:logGet(43)) - raft.server.rpc.timeout.min = 1s (custom)
2019-10-19 01:26:23,667 [pool-37-thread-1] INFO  server.RaftServerConfigKeys (ConfUtils.java:logGet(43)) - raft.server.rpc.timeout.max = 1200ms (custom)
2019-10-19 01:26:23,667 [pool-37-thread-1] INFO  server.RaftServerConfigKeys (ConfUtils.java:logGet(43)) - raft.server.rpcslowness.timeout = 120s (custom)
2019-10-19 01:26:23,667 [pool-37-thread-1] INFO  server.RaftServerConfigKeys (ConfUtils.java:logGet(43)) - raft.server.sleep.deviation.threshold = 300 (default)
2019-10-19 01:26:23,667 [pool-37-thread-1] INFO  server.RaftServerConfigKeys (ConfUtils.java:logGet(43)) - raft.server.log.appender.install.snapshot.enabled = false (custom)
2019-10-19 01:26:23,667 [pool-37-thread-1] INFO  impl.RaftServerImpl (ServerState.java:<init>(103)) - abe27936-fa37-414d-b2e1-4e10a1c095a6@group-823F7ED841BF: ConfigurationManager, init=-1: [abe27936-fa37-414d-b2e1-4e10a1c095a6:192.168.157.242:42932], old=null, confs=<EMPTY_MAP>
2019-10-19 01:26:23,668 [pool-37-thread-1] INFO  server.RaftServerConfigKeys (ConfUtils.java:logGet(43)) - raft.server.storage.dir = [/workdir/hadoop-ozone/integration-test/target/test-dir/MiniOzoneClusterImpl-be769f72-d0ac-4a2c-8dca-159e9fc5eefe/datanode-1/data/ratis] (custom)
2019-10-19 01:26:23,668 [pool-37-thread-1] INFO  server.RaftServerConfigKeys (ConfUtils.java:logGet(43)) - raft.server.log.corruption.policy = EXCEPTION (default)
2019-10-19 01:26:23,668 [pool-37-thread-1] INFO  storage.RaftStorageDirectory (RaftStorageDirectory.java:analyzeStorage(246)) - The storage directory /workdir/hadoop-ozone/integration-test/target/test-dir/MiniOzoneClusterImpl-be769f72-d0ac-4a2c-8dca-159e9fc5eefe/datanode-1/data/ratis/a43f5bcd-558a-4584-b84c-823f7ed841bf does not exist. Creating ...
2019-10-19 01:26:23,675 [df8ea49b-ef0b-40b0-a5d0-e4c136909b6f@group-D03DC1538B69-SegmentedRaftLogWorker] INFO  segmented.SegmentedRaftLogWorker (SegmentedRaftLogWorker.java:execute(576)) - df8ea49b-ef0b-40b0-a5d0-e4c136909b6f@group-D03DC1538B69-SegmentedRaftLogWorker: created new log segment /workdir/hadoop-ozone/integration-test/target/test-dir/MiniOzoneClusterImpl-be769f72-d0ac-4a2c-8dca-159e9fc5eefe/datanode-6/data/ratis/64b92f93-2640-4bc0-bf97-d03dc1538b69/current/log_inprogress_0
2019-10-19 01:26:23,675 [a47f4692-6292-482b-87e1-943728217a13@group-C0E80F0EEB3E-SegmentedRaftLogWorker] INFO  segmented.SegmentedRaftLogWorker (SegmentedRaftLogWorker.java:execute(576)) - a47f4692-6292-482b-87e1-943728217a13@group-C0E80F0EEB3E-SegmentedRaftLogWorker: created new log segment /workdir/hadoop-ozone/integration-test/target/test-dir/MiniOzoneClusterImpl-be769f72-d0ac-4a2c-8dca-159e9fc5eefe/datanode-8/data/ratis/167897cc-e6f4-44e7-9aed-c0e80f0eeb3e/current/log_inprogress_0
2019-10-19 01:26:23,675 [964c97d4-fbb7-48cf-b727-382e7669b5e9@group-A93645E99FF2-SegmentedRaftLogWorker] INFO  segmented.SegmentedRaftLogWorker (SegmentedRaftLogWorker.java:execute(576)) - 964c97d4-fbb7-48cf-b727-382e7669b5e9@group-A93645E99FF2-SegmentedRaftLogWorker: created new log segment /workdir/hadoop-ozone/integration-test/target/test-dir/MiniOzoneClusterImpl-be769f72-d0ac-4a2c-8dca-159e9fc5eefe/datanode-0/data/ratis/96fb55af-68f3-44a3-8b5c-a93645e99ff2/current/log_inprogress_0
2019-10-19 01:26:23,675 [7bdff0e9-7b76-4a2e-87b8-7520d2e34914@group-E686C16D813B-SegmentedRaftLogWorker] INFO  segmented.SegmentedRaftLogWorker (SegmentedRaftLogWorker.java:execute(576)) - 7bdff0e9-7b76-4a2e-87b8-7520d2e34914@group-E686C16D813B-SegmentedRaftLogWorker: created new log segment /workdir/hadoop-ozone/integration-test/target/test-dir/MiniOzoneClusterImpl-be769f72-d0ac-4a2c-8dca-159e9fc5eefe/datanode-3/data/ratis/d54b9c89-4cf0-4479-8cd1-e686c16d813b/current/log_inprogress_0
2019-10-19 01:26:23,677 [pool-37-thread-1] INFO  storage.RaftStorageDirectory (RaftStorageDirectory.java:tryLock(328)) - Lock on /workdir/hadoop-ozone/integration-test/target/test-dir/MiniOzoneClusterImpl-be769f72-d0ac-4a2c-8dca-159e9fc5eefe/datanode-1/data/ratis/a43f5bcd-558a-4584-b84c-823f7ed841bf/in_use.lock acquired by nodename 666@pr-hdds-2333-n5kd5-3813804867
2019-10-19 01:26:23,690 [pool-37-thread-1] INFO  storage.RaftStorage (RaftStorage.java:format(84)) - Storage directory /workdir/hadoop-ozone/integration-test/target/test-dir/MiniOzoneClusterImpl-be769f72-d0ac-4a2c-8dca-159e9fc5eefe/datanode-1/data/ratis/a43f5bcd-558a-4584-b84c-823f7ed841bf has been successfully formatted.
2019-10-19 01:26:23,690 [pool-37-thread-1] INFO  ratis.ContainerStateMachine (ContainerStateMachine.java:loadSnapshot(231)) - group-823F7ED841BF: The snapshot info is null. Setting the last applied indexto:(t:0, i:~)
2019-10-19 01:26:23,691 [pool-37-thread-1] INFO  server.RaftServerConfigKeys (ConfUtils.java:logGet(43)) - raft.server.notification.no-leader.timeout = 120s (custom)
2019-10-19 01:26:23,691 [pool-37-thread-1] INFO  server.RaftServerConfigKeys (ConfUtils.java:logGet(43)) - raft.server.log.use.memory = false (default)
2019-10-19 01:26:23,691 [pool-37-thread-1] INFO  server.RaftServerConfigKeys (ConfUtils.java:logGet(43)) - raft.server.log.purge.gap = 1000000 (custom)
2019-10-19 01:26:23,691 [pool-37-thread-1] INFO  server.RaftServerConfigKeys (ConfUtils.java:logGet(43)) - raft.server.log.appender.buffer.byte-limit = 33554432 (custom)
2019-10-19 01:26:23,691 [pool-37-thread-1] INFO  server.RaftServerConfigKeys (ConfUtils.java:logGet(43)) - raft.server.log.segment.size.max = 1048576 (custom)
2019-10-19 01:26:23,694 [pool-37-thread-1] INFO  server.RaftServerConfigKeys (ConfUtils.java:logGet(43)) - raft.server.log.segment.cache.num.max = 2 (custom)
2019-10-19 01:26:23,694 [pool-37-thread-1] INFO  segmented.SegmentedRaftLogWorker (SegmentedRaftLogWorker.java:<init>(173)) - new abe27936-fa37-414d-b2e1-4e10a1c095a6@group-823F7ED841BF-SegmentedRaftLogWorker for RaftStorage:Storage Directory /workdir/hadoop-ozone/integration-test/target/test-dir/MiniOzoneClusterImpl-be769f72-d0ac-4a2c-8dca-159e9fc5eefe/datanode-1/data/ratis/a43f5bcd-558a-4584-b84c-823f7ed841bf
2019-10-19 01:26:23,694 [pool-37-thread-1] INFO  server.RaftServerConfigKeys (ConfUtils.java:logGet(43)) - raft.server.log.queue.byte-limit = 2147483647 (custom)
2019-10-19 01:26:23,694 [pool-37-thread-1] INFO  server.RaftServerConfigKeys (ConfUtils.java:logGet(43)) - raft.server.log.queue.element-limit = 1024 (custom)
2019-10-19 01:26:23,694 [pool-37-thread-1] INFO  server.RaftServerConfigKeys (ConfUtils.java:logGet(43)) - raft.server.log.segment.size.max = 1048576 (custom)
2019-10-19 01:26:23,694 [pool-37-thread-1] INFO  server.RaftServerConfigKeys (ConfUtils.java:logGet(43)) - raft.server.log.preallocated.size = 16384 (custom)
2019-10-19 01:26:23,694 [pool-37-thread-1] INFO  server.RaftServerConfigKeys (ConfUtils.java:logGet(43)) - raft.server.log.write.buffer.size = 33554432 (custom)
2019-10-19 01:26:23,694 [pool-37-thread-1] INFO  server.RaftServerConfigKeys (ConfUtils.java:logGet(43)) - raft.server.log.force.sync.num = 128 (default)
2019-10-19 01:26:23,694 [pool-37-thread-1] INFO  server.RaftServerConfigKeys (ConfUtils.java:logGet(43)) - raft.server.log.statemachine.data.sync = true (default)
2019-10-19 01:26:23,695 [pool-37-thread-1] INFO  server.RaftServerConfigKeys (ConfUtils.java:logGet(43)) - raft.server.log.statemachine.data.sync.timeout = 10s (default)
2019-10-19 01:26:23,695 [pool-37-thread-1] INFO  server.RaftServerConfigKeys (ConfUtils.java:logGet(43)) - raft.server.log.statemachine.data.sync.timeout.retry = -1 (default)
2019-10-19 01:26:23,697 [pool-37-thread-1] INFO  server.RaftServerConfigKeys (ConfUtils.java:logGet(43)) - raft.server.log.statemachine.data.caching.enabled = true (custom)
2019-10-19 01:26:23,705 [pool-37-thread-1] INFO  segmented.SegmentedRaftLogWorker (SegmentedRaftLogWorker.java:lambda$new$0(128)) - abe27936-fa37-414d-b2e1-4e10a1c095a6@group-823F7ED841BF-SegmentedRaftLogWorker: flushIndex: setUnconditionally 0 -> -1
2019-10-19 01:26:23,705 [pool-37-thread-1] INFO  server.RaftServerConfigKeys (ConfUtils.java:logGet(43)) - raft.server.snapshot.auto.trigger.enabled = true (custom)
2019-10-19 01:26:23,707 [pool-37-thread-1] INFO  server.RaftServerConfigKeys (ConfUtils.java:logGet(43)) - raft.server.snapshot.auto.trigger.threshold = 10000 (custom)
2019-10-19 01:26:23,707 [pool-37-thread-1] INFO  server.RaftServerConfigKeys (ConfUtils.java:logGet(43)) - raft.server.snapshot.retention.file.num = 5 (custom)
2019-10-19 01:26:23,707 [pool-37-thread-1] INFO  server.RaftServerConfigKeys (ConfUtils.java:logGet(43)) - raft.server.retrycache.expirytime = 600000ms (custom)
2019-10-19 01:26:23,710 [pool-37-thread-1] INFO  impl.RaftServerImpl (RaftServerImpl.java:start(195)) - abe27936-fa37-414d-b2e1-4e10a1c095a6@group-823F7ED841BF: start as a follower, conf=-1: [abe27936-fa37-414d-b2e1-4e10a1c095a6:192.168.157.242:42932], old=null
2019-10-19 01:26:23,710 [pool-37-thread-1] INFO  impl.RaftServerImpl (RaftServerImpl.java:setRole(184)) - abe27936-fa37-414d-b2e1-4e10a1c095a6@group-823F7ED841BF: changes role from      null to FOLLOWER at term 0 for startAsFollower
2019-10-19 01:26:23,711 [pool-37-thread-1] INFO  impl.RoleInfo (RoleInfo.java:updateAndGet(143)) - abe27936-fa37-414d-b2e1-4e10a1c095a6: start FollowerState
2019-10-19 01:26:23,711 [pool-37-thread-1] INFO  util.JmxRegister (JmxRegister.java:tryRegister(44)) - Successfully registered JMX Bean with object name Ratis:service=RaftServer,group=group-823F7ED841BF,id=abe27936-fa37-414d-b2e1-4e10a1c095a6
2019-10-19 01:26:23,726 [Thread-305] INFO  impl.FollowerState (FollowerState.java:run(108)) - 236187ad-c3a6-4195-8acc-6254fb470a95@group-AFA25FC37E96-FollowerState: change to CANDIDATE, lastRpcTime:124ms, electionTimeout:124ms
2019-10-19 01:26:23,726 [Thread-305] INFO  impl.RoleInfo (RoleInfo.java:shutdownFollowerState(121)) - 236187ad-c3a6-4195-8acc-6254fb470a95: shutdown FollowerState
2019-10-19 01:26:23,726 [Thread-305] INFO  impl.RaftServerImpl (RaftServerImpl.java:setRole(184)) - 236187ad-c3a6-4195-8acc-6254fb470a95@group-AFA25FC37E96: changes role from  FOLLOWER to CANDIDATE at term 0 for changeToCandidate
2019-10-19 01:26:23,726 [Thread-305] INFO  impl.RoleInfo (RoleInfo.java:updateAndGet(143)) - 236187ad-c3a6-4195-8acc-6254fb470a95: start LeaderElection
2019-10-19 01:26:23,726 [RatisPipelineUtilsThread] INFO  pipeline.PipelineStateManager (PipelineStateManager.java:addPipeline(56)) - Created pipeline Pipeline[ Id: a43f5bcd-558a-4584-b84c-823f7ed841bf, Nodes: abe27936-fa37-414d-b2e1-4e10a1c095a6{ip: 192.168.157.242, host: pr-hdds-2333-n5kd5-3813804867, networkLocation: /default-rack, certSerialId: null}, Type:RATIS, Factor:ONE, State:OPEN]
2019-10-19 01:26:23,742 [grpc-default-executor-0] INFO  impl.RaftServerProxy (RaftServerProxy.java:addNew(89)) - 774c78e1-8dd4-453d-975e-442189a07fe2: addNew group-35203FA84AAF:[774c78e1-8dd4-453d-975e-442189a07fe2:192.168.157.242:38712] returns group-35203FA84AAF:java.util.concurrent.CompletableFuture@491f38b7[Not completed]
2019-10-19 01:26:23,745 [pool-97-thread-1] INFO  impl.RaftServerImpl (RaftServerImpl.java:<init>(104)) - 774c78e1-8dd4-453d-975e-442189a07fe2: new RaftServerImpl for group-35203FA84AAF:[774c78e1-8dd4-453d-975e-442189a07fe2:192.168.157.242:38712] with ContainerStateMachine:uninitialized
2019-10-19 01:26:23,745 [pool-97-thread-1] INFO  server.RaftServerConfigKeys (ConfUtils.java:logGet(43)) - raft.server.rpc.timeout.min = 1s (custom)
2019-10-19 01:26:23,745 [pool-97-thread-1] INFO  server.RaftServerConfigKeys (ConfUtils.java:logGet(43)) - raft.server.rpc.timeout.max = 1200ms (custom)
2019-10-19 01:26:23,745 [pool-97-thread-1] INFO  server.RaftServerConfigKeys (ConfUtils.java:logGet(43)) - raft.server.rpcslowness.timeout = 120s (custom)
2019-10-19 01:26:23,745 [pool-97-thread-1] INFO  server.RaftServerConfigKeys (ConfUtils.java:logGet(43)) - raft.server.sleep.deviation.threshold = 300 (default)
2019-10-19 01:26:23,745 [pool-97-thread-1] INFO  server.RaftServerConfigKeys (ConfUtils.java:logGet(43)) - raft.server.log.appender.install.snapshot.enabled = false (custom)
2019-10-19 01:26:23,745 [pool-97-thread-1] INFO  impl.RaftServerImpl (ServerState.java:<init>(103)) - 774c78e1-8dd4-453d-975e-442189a07fe2@group-35203FA84AAF: ConfigurationManager, init=-1: [774c78e1-8dd4-453d-975e-442189a07fe2:192.168.157.242:38712], old=null, confs=<EMPTY_MAP>
2019-10-19 01:26:23,746 [pool-97-thread-1] INFO  server.RaftServerConfigKeys (ConfUtils.java:logGet(43)) - raft.server.storage.dir = [/workdir/hadoop-ozone/integration-test/target/test-dir/MiniOzoneClusterImpl-be769f72-d0ac-4a2c-8dca-159e9fc5eefe/datanode-7/data/ratis] (custom)
2019-10-19 01:26:23,746 [pool-97-thread-1] INFO  server.RaftServerConfigKeys (ConfUtils.java:logGet(43)) - raft.server.log.corruption.policy = EXCEPTION (default)
2019-10-19 01:26:23,746 [pool-97-thread-1] INFO  storage.RaftStorageDirectory (RaftStorageDirectory.java:analyzeStorage(246)) - The storage directory /workdir/hadoop-ozone/integration-test/target/test-dir/MiniOzoneClusterImpl-be769f72-d0ac-4a2c-8dca-159e9fc5eefe/datanode-7/data/ratis/cc6e591f-ed82-44d2-8aed-35203fa84aaf does not exist. Creating ...
2019-10-19 01:26:23,764 [pool-97-thread-1] INFO  storage.RaftStorageDirectory (RaftStorageDirectory.java:tryLock(328)) - Lock on /workdir/hadoop-ozone/integration-test/target/test-dir/MiniOzoneClusterImpl-be769f72-d0ac-4a2c-8dca-159e9fc5eefe/datanode-7/data/ratis/cc6e591f-ed82-44d2-8aed-35203fa84aaf/in_use.lock acquired by nodename 666@pr-hdds-2333-n5kd5-3813804867
2019-10-19 01:26:23,765 [236187ad-c3a6-4195-8acc-6254fb470a95@group-AFA25FC37E96-LeaderElection5] INFO  impl.LeaderElection (LeaderElection.java:askForVotes(178)) - 236187ad-c3a6-4195-8acc-6254fb470a95@group-AFA25FC37E96-LeaderElection5: begin an election at term 1 for -1: [236187ad-c3a6-4195-8acc-6254fb470a95:192.168.157.242:36973], old=null
2019-10-19 01:26:23,765 [236187ad-c3a6-4195-8acc-6254fb470a95@group-AFA25FC37E96-LeaderElection5] INFO  impl.RoleInfo (RoleInfo.java:shutdownLeaderElection(134)) - 236187ad-c3a6-4195-8acc-6254fb470a95: shutdown LeaderElection
2019-10-19 01:26:23,766 [236187ad-c3a6-4195-8acc-6254fb470a95@group-AFA25FC37E96-LeaderElection5] INFO  impl.RaftServerImpl (RaftServerImpl.java:setRole(184)) - 236187ad-c3a6-4195-8acc-6254fb470a95@group-AFA25FC37E96: changes role from CANDIDATE to LEADER at term 1 for changeToLeader
2019-10-19 01:26:23,766 [236187ad-c3a6-4195-8acc-6254fb470a95@group-AFA25FC37E96-LeaderElection5] INFO  impl.RaftServerImpl (ServerState.java:setLeader(256)) - 236187ad-c3a6-4195-8acc-6254fb470a95@group-AFA25FC37E96: change Leader from null to 236187ad-c3a6-4195-8acc-6254fb470a95 at term 1 for becomeLeader, leader elected after 173ms
2019-10-19 01:26:23,773 [236187ad-c3a6-4195-8acc-6254fb470a95@group-AFA25FC37E96-LeaderElection5] INFO  server.RaftServerConfigKeys (ConfUtils.java:logGet(43)) - raft.server.staging.catchup.gap = 1000 (default)
2019-10-19 01:26:23,773 [236187ad-c3a6-4195-8acc-6254fb470a95@group-AFA25FC37E96-LeaderElection5] INFO  server.RaftServerConfigKeys (ConfUtils.java:logGet(43)) - raft.server.rpc.sleep.time = 25ms (default)
2019-10-19 01:26:23,773 [236187ad-c3a6-4195-8acc-6254fb470a95@group-AFA25FC37E96-LeaderElection5] INFO  server.RaftServerConfigKeys (ConfUtils.java:logGet(43)) - raft.server.write.element-limit = 4096 (default)
2019-10-19 01:26:23,773 [236187ad-c3a6-4195-8acc-6254fb470a95@group-AFA25FC37E96-LeaderElection5] INFO  server.RaftServerConfigKeys (ConfUtils.java:logGet(43)) - raft.server.watch.timeout = 10s (default)
2019-10-19 01:26:23,774 [236187ad-c3a6-4195-8acc-6254fb470a95@group-AFA25FC37E96-LeaderElection5] INFO  server.RaftServerConfigKeys (ConfUtils.java:logGet(43)) - raft.server.watch.timeout.denomination = 1s (default)
2019-10-19 01:26:23,774 [236187ad-c3a6-4195-8acc-6254fb470a95@group-AFA25FC37E96-LeaderElection5] INFO  server.RaftServerConfigKeys (ConfUtils.java:logGet(43)) - raft.server.watch.element-limit = 65536 (default)
2019-10-19 01:26:23,775 [236187ad-c3a6-4195-8acc-6254fb470a95@group-AFA25FC37E96-LeaderElection5] INFO  impl.RoleInfo (RoleInfo.java:updateAndGet(143)) - 236187ad-c3a6-4195-8acc-6254fb470a95: start LeaderState
2019-10-19 01:26:23,776 [236187ad-c3a6-4195-8acc-6254fb470a95@group-AFA25FC37E96-LeaderElection5] INFO  segmented.SegmentedRaftLogWorker (SegmentedRaftLogWorker.java:startLogSegment(385)) - 236187ad-c3a6-4195-8acc-6254fb470a95@group-AFA25FC37E96-SegmentedRaftLogWorker: Starting segment from index:0
2019-10-19 01:26:23,776 [236187ad-c3a6-4195-8acc-6254fb470a95@group-AFA25FC37E96-LeaderElection5] INFO  impl.RaftServerImpl (ServerState.java:setRaftConf(357)) - 236187ad-c3a6-4195-8acc-6254fb470a95@group-AFA25FC37E96: set configuration 0: [236187ad-c3a6-4195-8acc-6254fb470a95:192.168.157.242:36973], old=null at 0
2019-10-19 01:26:23,805 [pool-97-thread-1] INFO  storage.RaftStorage (RaftStorage.java:format(84)) - Storage directory /workdir/hadoop-ozone/integration-test/target/test-dir/MiniOzoneClusterImpl-be769f72-d0ac-4a2c-8dca-159e9fc5eefe/datanode-7/data/ratis/cc6e591f-ed82-44d2-8aed-35203fa84aaf has been successfully formatted.
2019-10-19 01:26:23,805 [pool-97-thread-1] INFO  ratis.ContainerStateMachine (ContainerStateMachine.java:loadSnapshot(231)) - group-35203FA84AAF: The snapshot info is null. Setting the last applied indexto:(t:0, i:~)
2019-10-19 01:26:23,805 [pool-97-thread-1] INFO  server.RaftServerConfigKeys (ConfUtils.java:logGet(43)) - raft.server.notification.no-leader.timeout = 120s (custom)
2019-10-19 01:26:23,805 [pool-97-thread-1] INFO  server.RaftServerConfigKeys (ConfUtils.java:logGet(43)) - raft.server.log.use.memory = false (default)
2019-10-19 01:26:23,805 [pool-97-thread-1] INFO  server.RaftServerConfigKeys (ConfUtils.java:logGet(43)) - raft.server.log.purge.gap = 1000000 (custom)
2019-10-19 01:26:23,805 [pool-97-thread-1] INFO  server.RaftServerConfigKeys (ConfUtils.java:logGet(43)) - raft.server.log.appender.buffer.byte-limit = 33554432 (custom)
2019-10-19 01:26:23,806 [pool-97-thread-1] INFO  server.RaftServerConfigKeys (ConfUtils.java:logGet(43)) - raft.server.log.segment.size.max = 1048576 (custom)
2019-10-19 01:26:23,807 [pool-97-thread-1] INFO  server.RaftServerConfigKeys (ConfUtils.java:logGet(43)) - raft.server.log.segment.cache.num.max = 2 (custom)
2019-10-19 01:26:23,807 [pool-97-thread-1] INFO  segmented.SegmentedRaftLogWorker (SegmentedRaftLogWorker.java:<init>(173)) - new 774c78e1-8dd4-453d-975e-442189a07fe2@group-35203FA84AAF-SegmentedRaftLogWorker for RaftStorage:Storage Directory /workdir/hadoop-ozone/integration-test/target/test-dir/MiniOzoneClusterImpl-be769f72-d0ac-4a2c-8dca-159e9fc5eefe/datanode-7/data/ratis/cc6e591f-ed82-44d2-8aed-35203fa84aaf
2019-10-19 01:26:23,808 [pool-97-thread-1] INFO  server.RaftServerConfigKeys (ConfUtils.java:logGet(43)) - raft.server.log.queue.byte-limit = 2147483647 (custom)
2019-10-19 01:26:23,810 [pool-97-thread-1] INFO  server.RaftServerConfigKeys (ConfUtils.java:logGet(43)) - raft.server.log.queue.element-limit = 1024 (custom)
2019-10-19 01:26:23,810 [pool-97-thread-1] INFO  server.RaftServerConfigKeys (ConfUtils.java:logGet(43)) - raft.server.log.segment.size.max = 1048576 (custom)
2019-10-19 01:26:23,810 [pool-97-thread-1] INFO  server.RaftServerConfigKeys (ConfUtils.java:logGet(43)) - raft.server.log.preallocated.size = 16384 (custom)
2019-10-19 01:26:23,810 [pool-97-thread-1] INFO  server.RaftServerConfigKeys (ConfUtils.java:logGet(43)) - raft.server.log.write.buffer.size = 33554432 (custom)
2019-10-19 01:26:23,810 [pool-97-thread-1] INFO  server.RaftServerConfigKeys (ConfUtils.java:logGet(43)) - raft.server.log.force.sync.num = 128 (default)
2019-10-19 01:26:23,810 [pool-97-thread-1] INFO  server.RaftServerConfigKeys (ConfUtils.java:logGet(43)) - raft.server.log.statemachine.data.sync = true (default)
2019-10-19 01:26:23,810 [pool-97-thread-1] INFO  server.RaftServerConfigKeys (ConfUtils.java:logGet(43)) - raft.server.log.statemachine.data.sync.timeout = 10s (default)
2019-10-19 01:26:23,811 [pool-97-thread-1] INFO  server.RaftServerConfigKeys (ConfUtils.java:logGet(43)) - raft.server.log.statemachine.data.sync.timeout.retry = -1 (default)
2019-10-19 01:26:23,811 [pool-97-thread-1] INFO  server.RaftServerConfigKeys (ConfUtils.java:logGet(43)) - raft.server.log.statemachine.data.caching.enabled = true (custom)
2019-10-19 01:26:23,811 [pool-97-thread-1] INFO  segmented.SegmentedRaftLogWorker (SegmentedRaftLogWorker.java:lambda$new$0(128)) - 774c78e1-8dd4-453d-975e-442189a07fe2@group-35203FA84AAF-SegmentedRaftLogWorker: flushIndex: setUnconditionally 0 -> -1
2019-10-19 01:26:23,812 [pool-97-thread-1] INFO  server.RaftServerConfigKeys (ConfUtils.java:logGet(43)) - raft.server.snapshot.auto.trigger.enabled = true (custom)
2019-10-19 01:26:23,812 [pool-97-thread-1] INFO  server.RaftServerConfigKeys (ConfUtils.java:logGet(43)) - raft.server.snapshot.auto.trigger.threshold = 10000 (custom)
2019-10-19 01:26:23,812 [pool-97-thread-1] INFO  server.RaftServerConfigKeys (ConfUtils.java:logGet(43)) - raft.server.snapshot.retention.file.num = 5 (custom)
2019-10-19 01:26:23,812 [pool-97-thread-1] INFO  server.RaftServerConfigKeys (ConfUtils.java:logGet(43)) - raft.server.retrycache.expirytime = 600000ms (custom)
2019-10-19 01:26:23,815 [pool-97-thread-1] INFO  impl.RaftServerImpl (RaftServerImpl.java:start(195)) - 774c78e1-8dd4-453d-975e-442189a07fe2@group-35203FA84AAF: start as a follower, conf=-1: [774c78e1-8dd4-453d-975e-442189a07fe2:192.168.157.242:38712], old=null
2019-10-19 01:26:23,815 [pool-97-thread-1] INFO  impl.RaftServerImpl (RaftServerImpl.java:setRole(184)) - 774c78e1-8dd4-453d-975e-442189a07fe2@group-35203FA84AAF: changes role from      null to FOLLOWER at term 0 for startAsFollower
2019-10-19 01:26:23,815 [pool-97-thread-1] INFO  impl.RoleInfo (RoleInfo.java:updateAndGet(143)) - 774c78e1-8dd4-453d-975e-442189a07fe2: start FollowerState
2019-10-19 01:26:23,815 [236187ad-c3a6-4195-8acc-6254fb470a95@group-AFA25FC37E96-SegmentedRaftLogWorker] INFO  segmented.SegmentedRaftLogWorker (SegmentedRaftLogWorker.java:execute(576)) - 236187ad-c3a6-4195-8acc-6254fb470a95@group-AFA25FC37E96-SegmentedRaftLogWorker: created new log segment /workdir/hadoop-ozone/integration-test/target/test-dir/MiniOzoneClusterImpl-be769f72-d0ac-4a2c-8dca-159e9fc5eefe/datanode-2/data/ratis/8cc58176-ed52-4bb3-8e68-afa25fc37e96/current/log_inprogress_0
2019-10-19 01:26:23,816 [pool-97-thread-1] INFO  util.JmxRegister (JmxRegister.java:tryRegister(44)) - Successfully registered JMX Bean with object name Ratis:service=RaftServer,group=group-35203FA84AAF,id=774c78e1-8dd4-453d-975e-442189a07fe2
2019-10-19 01:26:23,836 [RatisPipelineUtilsThread] INFO  pipeline.PipelineStateManager (PipelineStateManager.java:addPipeline(56)) - Created pipeline Pipeline[ Id: cc6e591f-ed82-44d2-8aed-35203fa84aaf, Nodes: 774c78e1-8dd4-453d-975e-442189a07fe2{ip: 192.168.157.242, host: pr-hdds-2333-n5kd5-3813804867, networkLocation: /default-rack, certSerialId: null}, Type:RATIS, Factor:ONE, State:OPEN]
2019-10-19 01:26:23,857 [grpc-default-executor-0] INFO  impl.RaftServerProxy (RaftServerProxy.java:addNew(89)) - 8bce6a00-3bba-419d-83ac-b35141b6b559: addNew group-FAD52EF9DE2D:[8bce6a00-3bba-419d-83ac-b35141b6b559:192.168.157.242:37801] returns group-FAD52EF9DE2D:java.util.concurrent.CompletableFuture@375bdd2f[Not completed]
2019-10-19 01:26:23,859 [pool-67-thread-1] INFO  impl.RaftServerImpl (RaftServerImpl.java:<init>(104)) - 8bce6a00-3bba-419d-83ac-b35141b6b559: new RaftServerImpl for group-FAD52EF9DE2D:[8bce6a00-3bba-419d-83ac-b35141b6b559:192.168.157.242:37801] with ContainerStateMachine:uninitialized
2019-10-19 01:26:23,859 [pool-67-thread-1] INFO  server.RaftServerConfigKeys (ConfUtils.java:logGet(43)) - raft.server.rpc.timeout.min = 1s (custom)
2019-10-19 01:26:23,859 [pool-67-thread-1] INFO  server.RaftServerConfigKeys (ConfUtils.java:logGet(43)) - raft.server.rpc.timeout.max = 1200ms (custom)
2019-10-19 01:26:23,859 [pool-67-thread-1] INFO  server.RaftServerConfigKeys (ConfUtils.java:logGet(43)) - raft.server.rpcslowness.timeout = 120s (custom)
2019-10-19 01:26:23,859 [pool-67-thread-1] INFO  server.RaftServerConfigKeys (ConfUtils.java:logGet(43)) - raft.server.sleep.deviation.threshold = 300 (default)
2019-10-19 01:26:23,859 [pool-67-thread-1] INFO  server.RaftServerConfigKeys (ConfUtils.java:logGet(43)) - raft.server.log.appender.install.snapshot.enabled = false (custom)
2019-10-19 01:26:23,859 [pool-67-thread-1] INFO  impl.RaftServerImpl (ServerState.java:<init>(103)) - 8bce6a00-3bba-419d-83ac-b35141b6b559@group-FAD52EF9DE2D: ConfigurationManager, init=-1: [8bce6a00-3bba-419d-83ac-b35141b6b559:192.168.157.242:37801], old=null, confs=<EMPTY_MAP>
2019-10-19 01:26:23,859 [pool-67-thread-1] INFO  server.RaftServerConfigKeys (ConfUtils.java:logGet(43)) - raft.server.storage.dir = [/workdir/hadoop-ozone/integration-test/target/test-dir/MiniOzoneClusterImpl-be769f72-d0ac-4a2c-8dca-159e9fc5eefe/datanode-4/data/ratis] (custom)
2019-10-19 01:26:23,860 [pool-67-thread-1] INFO  server.RaftServerConfigKeys (ConfUtils.java:logGet(43)) - raft.server.log.corruption.policy = EXCEPTION (default)
2019-10-19 01:26:23,860 [pool-67-thread-1] INFO  storage.RaftStorageDirectory (RaftStorageDirectory.java:analyzeStorage(246)) - The storage directory /workdir/hadoop-ozone/integration-test/target/test-dir/MiniOzoneClusterImpl-be769f72-d0ac-4a2c-8dca-159e9fc5eefe/datanode-4/data/ratis/f705fb80-7d31-4781-b26d-fad52ef9de2d does not exist. Creating ...
2019-10-19 01:26:23,864 [Thread-308] INFO  impl.FollowerState (FollowerState.java:run(108)) - abe27936-fa37-414d-b2e1-4e10a1c095a6@group-823F7ED841BF-FollowerState: change to CANDIDATE, lastRpcTime:153ms, electionTimeout:153ms
2019-10-19 01:26:23,864 [Thread-308] INFO  impl.RoleInfo (RoleInfo.java:shutdownFollowerState(121)) - abe27936-fa37-414d-b2e1-4e10a1c095a6: shutdown FollowerState
2019-10-19 01:26:23,864 [Thread-308] INFO  impl.RaftServerImpl (RaftServerImpl.java:setRole(184)) - abe27936-fa37-414d-b2e1-4e10a1c095a6@group-823F7ED841BF: changes role from  FOLLOWER to CANDIDATE at term 0 for changeToCandidate
2019-10-19 01:26:23,865 [Thread-308] INFO  impl.RoleInfo (RoleInfo.java:updateAndGet(143)) - abe27936-fa37-414d-b2e1-4e10a1c095a6: start LeaderElection
2019-10-19 01:26:23,879 [pool-67-thread-1] INFO  storage.RaftStorageDirectory (RaftStorageDirectory.java:tryLock(328)) - Lock on /workdir/hadoop-ozone/integration-test/target/test-dir/MiniOzoneClusterImpl-be769f72-d0ac-4a2c-8dca-159e9fc5eefe/datanode-4/data/ratis/f705fb80-7d31-4781-b26d-fad52ef9de2d/in_use.lock acquired by nodename 666@pr-hdds-2333-n5kd5-3813804867
2019-10-19 01:26:23,879 [abe27936-fa37-414d-b2e1-4e10a1c095a6@group-823F7ED841BF-LeaderElection6] INFO  impl.LeaderElection (LeaderElection.java:askForVotes(178)) - abe27936-fa37-414d-b2e1-4e10a1c095a6@group-823F7ED841BF-LeaderElection6: begin an election at term 1 for -1: [abe27936-fa37-414d-b2e1-4e10a1c095a6:192.168.157.242:42932], old=null
2019-10-19 01:26:23,879 [abe27936-fa37-414d-b2e1-4e10a1c095a6@group-823F7ED841BF-LeaderElection6] INFO  impl.RoleInfo (RoleInfo.java:shutdownLeaderElection(134)) - abe27936-fa37-414d-b2e1-4e10a1c095a6: shutdown LeaderElection
2019-10-19 01:26:23,879 [abe27936-fa37-414d-b2e1-4e10a1c095a6@group-823F7ED841BF-LeaderElection6] INFO  impl.RaftServerImpl (RaftServerImpl.java:setRole(184)) - abe27936-fa37-414d-b2e1-4e10a1c095a6@group-823F7ED841BF: changes role from CANDIDATE to LEADER at term 1 for changeToLeader
2019-10-19 01:26:23,879 [abe27936-fa37-414d-b2e1-4e10a1c095a6@group-823F7ED841BF-LeaderElection6] INFO  impl.RaftServerImpl (ServerState.java:setLeader(256)) - abe27936-fa37-414d-b2e1-4e10a1c095a6@group-823F7ED841BF: change Leader from null to abe27936-fa37-414d-b2e1-4e10a1c095a6 at term 1 for becomeLeader, leader elected after 188ms
2019-10-19 01:26:23,879 [abe27936-fa37-414d-b2e1-4e10a1c095a6@group-823F7ED841BF-LeaderElection6] INFO  server.RaftServerConfigKeys (ConfUtils.java:logGet(43)) - raft.server.staging.catchup.gap = 1000 (default)
2019-10-19 01:26:23,879 [abe27936-fa37-414d-b2e1-4e10a1c095a6@group-823F7ED841BF-LeaderElection6] INFO  server.RaftServerConfigKeys (ConfUtils.java:logGet(43)) - raft.server.rpc.sleep.time = 25ms (default)
2019-10-19 01:26:23,879 [abe27936-fa37-414d-b2e1-4e10a1c095a6@group-823F7ED841BF-LeaderElection6] INFO  server.RaftServerConfigKeys (ConfUtils.java:logGet(43)) - raft.server.write.element-limit = 4096 (default)
2019-10-19 01:26:23,879 [abe27936-fa37-414d-b2e1-4e10a1c095a6@group-823F7ED841BF-LeaderElection6] INFO  server.RaftServerConfigKeys (ConfUtils.java:logGet(43)) - raft.server.watch.timeout = 10s (default)
2019-10-19 01:26:23,879 [abe27936-fa37-414d-b2e1-4e10a1c095a6@group-823F7ED841BF-LeaderElection6] INFO  server.RaftServerConfigKeys (ConfUtils.java:logGet(43)) - raft.server.watch.timeout.denomination = 1s (default)
2019-10-19 01:26:23,880 [abe27936-fa37-414d-b2e1-4e10a1c095a6@group-823F7ED841BF-LeaderElection6] INFO  server.RaftServerConfigKeys (ConfUtils.java:logGet(43)) - raft.server.watch.element-limit = 65536 (default)
2019-10-19 01:26:23,881 [abe27936-fa37-414d-b2e1-4e10a1c095a6@group-823F7ED841BF-LeaderElection6] INFO  impl.RoleInfo (RoleInfo.java:updateAndGet(143)) - abe27936-fa37-414d-b2e1-4e10a1c095a6: start LeaderState
2019-10-19 01:26:23,881 [pool-67-thread-1] INFO  storage.RaftStorage (RaftStorage.java:format(84)) - Storage directory /workdir/hadoop-ozone/integration-test/target/test-dir/MiniOzoneClusterImpl-be769f72-d0ac-4a2c-8dca-159e9fc5eefe/datanode-4/data/ratis/f705fb80-7d31-4781-b26d-fad52ef9de2d has been successfully formatted.
2019-10-19 01:26:23,881 [pool-67-thread-1] INFO  ratis.ContainerStateMachine (ContainerStateMachine.java:loadSnapshot(231)) - group-FAD52EF9DE2D: The snapshot info is null. Setting the last applied indexto:(t:0, i:~)
2019-10-19 01:26:23,881 [abe27936-fa37-414d-b2e1-4e10a1c095a6@group-823F7ED841BF-LeaderElection6] INFO  segmented.SegmentedRaftLogWorker (SegmentedRaftLogWorker.java:startLogSegment(385)) - abe27936-fa37-414d-b2e1-4e10a1c095a6@group-823F7ED841BF-SegmentedRaftLogWorker: Starting segment from index:0
2019-10-19 01:26:23,881 [pool-67-thread-1] INFO  server.RaftServerConfigKeys (ConfUtils.java:logGet(43)) - raft.server.notification.no-leader.timeout = 120s (custom)
2019-10-19 01:26:23,882 [pool-67-thread-1] INFO  server.RaftServerConfigKeys (ConfUtils.java:logGet(43)) - raft.server.log.use.memory = false (default)
2019-10-19 01:26:23,882 [pool-67-thread-1] INFO  server.RaftServerConfigKeys (ConfUtils.java:logGet(43)) - raft.server.log.purge.gap = 1000000 (custom)
2019-10-19 01:26:23,882 [pool-67-thread-1] INFO  server.RaftServerConfigKeys (ConfUtils.java:logGet(43)) - raft.server.log.appender.buffer.byte-limit = 33554432 (custom)
2019-10-19 01:26:23,882 [abe27936-fa37-414d-b2e1-4e10a1c095a6@group-823F7ED841BF-LeaderElection6] INFO  impl.RaftServerImpl (ServerState.java:setRaftConf(357)) - abe27936-fa37-414d-b2e1-4e10a1c095a6@group-823F7ED841BF: set configuration 0: [abe27936-fa37-414d-b2e1-4e10a1c095a6:192.168.157.242:42932], old=null at 0
2019-10-19 01:26:23,882 [pool-67-thread-1] INFO  server.RaftServerConfigKeys (ConfUtils.java:logGet(43)) - raft.server.log.segment.size.max = 1048576 (custom)
2019-10-19 01:26:23,885 [pool-67-thread-1] INFO  server.RaftServerConfigKeys (ConfUtils.java:logGet(43)) - raft.server.log.segment.cache.num.max = 2 (custom)
2019-10-19 01:26:23,885 [pool-67-thread-1] INFO  segmented.SegmentedRaftLogWorker (SegmentedRaftLogWorker.java:<init>(173)) - new 8bce6a00-3bba-419d-83ac-b35141b6b559@group-FAD52EF9DE2D-SegmentedRaftLogWorker for RaftStorage:Storage Directory /workdir/hadoop-ozone/integration-test/target/test-dir/MiniOzoneClusterImpl-be769f72-d0ac-4a2c-8dca-159e9fc5eefe/datanode-4/data/ratis/f705fb80-7d31-4781-b26d-fad52ef9de2d
2019-10-19 01:26:23,885 [pool-67-thread-1] INFO  server.RaftServerConfigKeys (ConfUtils.java:logGet(43)) - raft.server.log.queue.byte-limit = 2147483647 (custom)
2019-10-19 01:26:23,885 [pool-67-thread-1] INFO  server.RaftServerConfigKeys (ConfUtils.java:logGet(43)) - raft.server.log.queue.element-limit = 1024 (custom)
2019-10-19 01:26:23,885 [pool-67-thread-1] INFO  server.RaftServerConfigKeys (ConfUtils.java:logGet(43)) - raft.server.log.segment.size.max = 1048576 (custom)
2019-10-19 01:26:23,885 [pool-67-thread-1] INFO  server.RaftServerConfigKeys (ConfUtils.java:logGet(43)) - raft.server.log.preallocated.size = 16384 (custom)
2019-10-19 01:26:23,885 [pool-67-thread-1] INFO  server.RaftServerConfigKeys (ConfUtils.java:logGet(43)) - raft.server.log.write.buffer.size = 33554432 (custom)
2019-10-19 01:26:23,885 [pool-67-thread-1] INFO  server.RaftServerConfigKeys (ConfUtils.java:logGet(43)) - raft.server.log.force.sync.num = 128 (default)
2019-10-19 01:26:23,886 [pool-67-thread-1] INFO  server.RaftServerConfigKeys (ConfUtils.java:logGet(43)) - raft.server.log.statemachine.data.sync = true (default)
2019-10-19 01:26:23,886 [pool-67-thread-1] INFO  server.RaftServerConfigKeys (ConfUtils.java:logGet(43)) - raft.server.log.statemachine.data.sync.timeout = 10s (default)
2019-10-19 01:26:23,886 [pool-67-thread-1] INFO  server.RaftServerConfigKeys (ConfUtils.java:logGet(43)) - raft.server.log.statemachine.data.sync.timeout.retry = -1 (default)
2019-10-19 01:26:23,886 [pool-67-thread-1] INFO  server.RaftServerConfigKeys (ConfUtils.java:logGet(43)) - raft.server.log.statemachine.data.caching.enabled = true (custom)
2019-10-19 01:26:23,898 [pool-67-thread-1] INFO  segmented.SegmentedRaftLogWorker (SegmentedRaftLogWorker.java:lambda$new$0(128)) - 8bce6a00-3bba-419d-83ac-b35141b6b559@group-FAD52EF9DE2D-SegmentedRaftLogWorker: flushIndex: setUnconditionally 0 -> -1
2019-10-19 01:26:23,899 [pool-67-thread-1] INFO  server.RaftServerConfigKeys (ConfUtils.java:logGet(43)) - raft.server.snapshot.auto.trigger.enabled = true (custom)
2019-10-19 01:26:23,931 [pool-67-thread-1] INFO  server.RaftServerConfigKeys (ConfUtils.java:logGet(43)) - raft.server.snapshot.auto.trigger.threshold = 10000 (custom)
2019-10-19 01:26:23,931 [pool-67-thread-1] INFO  server.RaftServerConfigKeys (ConfUtils.java:logGet(43)) - raft.server.snapshot.retention.file.num = 5 (custom)
2019-10-19 01:26:23,932 [pool-67-thread-1] INFO  server.RaftServerConfigKeys (ConfUtils.java:logGet(43)) - raft.server.retrycache.expirytime = 600000ms (custom)
2019-10-19 01:26:23,939 [pool-67-thread-1] INFO  impl.RaftServerImpl (RaftServerImpl.java:start(195)) - 8bce6a00-3bba-419d-83ac-b35141b6b559@group-FAD52EF9DE2D: start as a follower, conf=-1: [8bce6a00-3bba-419d-83ac-b35141b6b559:192.168.157.242:37801], old=null
2019-10-19 01:26:23,939 [pool-67-thread-1] INFO  impl.RaftServerImpl (RaftServerImpl.java:setRole(184)) - 8bce6a00-3bba-419d-83ac-b35141b6b559@group-FAD52EF9DE2D: changes role from      null to FOLLOWER at term 0 for startAsFollower
2019-10-19 01:26:23,940 [pool-67-thread-1] INFO  impl.RoleInfo (RoleInfo.java:updateAndGet(143)) - 8bce6a00-3bba-419d-83ac-b35141b6b559: start FollowerState
2019-10-19 01:26:23,940 [pool-67-thread-1] INFO  util.JmxRegister (JmxRegister.java:tryRegister(44)) - Successfully registered JMX Bean with object name Ratis:service=RaftServer,group=group-FAD52EF9DE2D,id=8bce6a00-3bba-419d-83ac-b35141b6b559
2019-10-19 01:26:23,944 [abe27936-fa37-414d-b2e1-4e10a1c095a6@group-823F7ED841BF-SegmentedRaftLogWorker] INFO  segmented.SegmentedRaftLogWorker (SegmentedRaftLogWorker.java:execute(576)) - abe27936-fa37-414d-b2e1-4e10a1c095a6@group-823F7ED841BF-SegmentedRaftLogWorker: created new log segment /workdir/hadoop-ozone/integration-test/target/test-dir/MiniOzoneClusterImpl-be769f72-d0ac-4a2c-8dca-159e9fc5eefe/datanode-1/data/ratis/a43f5bcd-558a-4584-b84c-823f7ed841bf/current/log_inprogress_0
2019-10-19 01:26:23,952 [RatisPipelineUtilsThread] INFO  pipeline.PipelineStateManager (PipelineStateManager.java:addPipeline(56)) - Created pipeline Pipeline[ Id: f705fb80-7d31-4781-b26d-fad52ef9de2d, Nodes: 8bce6a00-3bba-419d-83ac-b35141b6b559{ip: 192.168.157.242, host: pr-hdds-2333-n5kd5-3813804867, networkLocation: /default-rack, certSerialId: null}, Type:RATIS, Factor:ONE, State:OPEN]
2019-10-19 01:26:23,966 [main] INFO  ozone.MiniOzoneClusterImpl (MiniOzoneClusterImpl.java:lambda$waitForClusterToBeReady$0(147)) - Cluster is ready. Got 10 of 10 DN Heartbeats.
2019-10-19 01:26:23,968 [grpc-default-executor-0] INFO  impl.RaftServerProxy (RaftServerProxy.java:addNew(89)) - 7247ad7d-2ca2-4af8-9337-77c07ea89cb3: addNew group-3C882E1F6B00:[7247ad7d-2ca2-4af8-9337-77c07ea89cb3:192.168.157.242:42362] returns group-3C882E1F6B00:java.util.concurrent.CompletableFuture@51df8de6[Not completed]
2019-10-19 01:26:23,970 [pool-77-thread-1] INFO  impl.RaftServerImpl (RaftServerImpl.java:<init>(104)) - 7247ad7d-2ca2-4af8-9337-77c07ea89cb3: new RaftServerImpl for group-3C882E1F6B00:[7247ad7d-2ca2-4af8-9337-77c07ea89cb3:192.168.157.242:42362] with ContainerStateMachine:uninitialized
2019-10-19 01:26:23,970 [pool-77-thread-1] INFO  server.RaftServerConfigKeys (ConfUtils.java:logGet(43)) - raft.server.rpc.timeout.min = 1s (custom)
2019-10-19 01:26:23,970 [pool-77-thread-1] INFO  server.RaftServerConfigKeys (ConfUtils.java:logGet(43)) - raft.server.rpc.timeout.max = 1200ms (custom)
2019-10-19 01:26:23,970 [pool-77-thread-1] INFO  server.RaftServerConfigKeys (ConfUtils.java:logGet(43)) - raft.server.rpcslowness.timeout = 120s (custom)
2019-10-19 01:26:23,970 [pool-77-thread-1] INFO  server.RaftServerConfigKeys (ConfUtils.java:logGet(43)) - raft.server.sleep.deviation.threshold = 300 (default)
2019-10-19 01:26:23,970 [pool-77-thread-1] INFO  server.RaftServerConfigKeys (ConfUtils.java:logGet(43)) - raft.server.log.appender.install.snapshot.enabled = false (custom)
2019-10-19 01:26:23,971 [pool-77-thread-1] INFO  impl.RaftServerImpl (ServerState.java:<init>(103)) - 7247ad7d-2ca2-4af8-9337-77c07ea89cb3@group-3C882E1F6B00: ConfigurationManager, init=-1: [7247ad7d-2ca2-4af8-9337-77c07ea89cb3:192.168.157.242:42362], old=null, confs=<EMPTY_MAP>
2019-10-19 01:26:23,971 [pool-77-thread-1] INFO  server.RaftServerConfigKeys (ConfUtils.java:logGet(43)) - raft.server.storage.dir = [/workdir/hadoop-ozone/integration-test/target/test-dir/MiniOzoneClusterImpl-be769f72-d0ac-4a2c-8dca-159e9fc5eefe/datanode-5/data/ratis] (custom)
2019-10-19 01:26:23,971 [pool-77-thread-1] INFO  server.RaftServerConfigKeys (ConfUtils.java:logGet(43)) - raft.server.log.corruption.policy = EXCEPTION (default)
2019-10-19 01:26:23,971 [pool-77-thread-1] INFO  storage.RaftStorageDirectory (RaftStorageDirectory.java:analyzeStorage(246)) - The storage directory /workdir/hadoop-ozone/integration-test/target/test-dir/MiniOzoneClusterImpl-be769f72-d0ac-4a2c-8dca-159e9fc5eefe/datanode-5/data/ratis/3a186974-b7c5-40e1-9330-3c882e1f6b00 does not exist. Creating ...
2019-10-19 01:26:23,976 [Thread-313] INFO  impl.FollowerState (FollowerState.java:run(108)) - 774c78e1-8dd4-453d-975e-442189a07fe2@group-35203FA84AAF-FollowerState: change to CANDIDATE, lastRpcTime:160ms, electionTimeout:160ms
2019-10-19 01:26:23,976 [Thread-313] INFO  impl.RoleInfo (RoleInfo.java:shutdownFollowerState(121)) - 774c78e1-8dd4-453d-975e-442189a07fe2: shutdown FollowerState
2019-10-19 01:26:23,976 [Thread-313] INFO  impl.RaftServerImpl (RaftServerImpl.java:setRole(184)) - 774c78e1-8dd4-453d-975e-442189a07fe2@group-35203FA84AAF: changes role from  FOLLOWER to CANDIDATE at term 0 for changeToCandidate
2019-10-19 01:26:23,976 [Thread-313] INFO  impl.RoleInfo (RoleInfo.java:updateAndGet(143)) - 774c78e1-8dd4-453d-975e-442189a07fe2: start LeaderElection
2019-10-19 01:26:23,984 [pool-77-thread-1] INFO  storage.RaftStorageDirectory (RaftStorageDirectory.java:tryLock(328)) - Lock on /workdir/hadoop-ozone/integration-test/target/test-dir/MiniOzoneClusterImpl-be769f72-d0ac-4a2c-8dca-159e9fc5eefe/datanode-5/data/ratis/3a186974-b7c5-40e1-9330-3c882e1f6b00/in_use.lock acquired by nodename 666@pr-hdds-2333-n5kd5-3813804867
2019-10-19 01:26:23,984 [774c78e1-8dd4-453d-975e-442189a07fe2@group-35203FA84AAF-LeaderElection7] INFO  impl.LeaderElection (LeaderElection.java:askForVotes(178)) - 774c78e1-8dd4-453d-975e-442189a07fe2@group-35203FA84AAF-LeaderElection7: begin an election at term 1 for -1: [774c78e1-8dd4-453d-975e-442189a07fe2:192.168.157.242:38712], old=null
2019-10-19 01:26:23,984 [774c78e1-8dd4-453d-975e-442189a07fe2@group-35203FA84AAF-LeaderElection7] INFO  impl.RoleInfo (RoleInfo.java:shutdownLeaderElection(134)) - 774c78e1-8dd4-453d-975e-442189a07fe2: shutdown LeaderElection
2019-10-19 01:26:23,985 [774c78e1-8dd4-453d-975e-442189a07fe2@group-35203FA84AAF-LeaderElection7] INFO  impl.RaftServerImpl (RaftServerImpl.java:setRole(184)) - 774c78e1-8dd4-453d-975e-442189a07fe2@group-35203FA84AAF: changes role from CANDIDATE to LEADER at term 1 for changeToLeader
2019-10-19 01:26:23,985 [774c78e1-8dd4-453d-975e-442189a07fe2@group-35203FA84AAF-LeaderElection7] INFO  impl.RaftServerImpl (ServerState.java:setLeader(256)) - 774c78e1-8dd4-453d-975e-442189a07fe2@group-35203FA84AAF: change Leader from null to 774c78e1-8dd4-453d-975e-442189a07fe2 at term 1 for becomeLeader, leader elected after 179ms
2019-10-19 01:26:23,985 [774c78e1-8dd4-453d-975e-442189a07fe2@group-35203FA84AAF-LeaderElection7] INFO  server.RaftServerConfigKeys (ConfUtils.java:logGet(43)) - raft.server.staging.catchup.gap = 1000 (default)
2019-10-19 01:26:23,985 [774c78e1-8dd4-453d-975e-442189a07fe2@group-35203FA84AAF-LeaderElection7] INFO  server.RaftServerConfigKeys (ConfUtils.java:logGet(43)) - raft.server.rpc.sleep.time = 25ms (default)
2019-10-19 01:26:23,985 [774c78e1-8dd4-453d-975e-442189a07fe2@group-35203FA84AAF-LeaderElection7] INFO  server.RaftServerConfigKeys (ConfUtils.java:logGet(43)) - raft.server.write.element-limit = 4096 (default)
2019-10-19 01:26:23,985 [774c78e1-8dd4-453d-975e-442189a07fe2@group-35203FA84AAF-LeaderElection7] INFO  server.RaftServerConfigKeys (ConfUtils.java:logGet(43)) - raft.server.watch.timeout = 10s (default)
2019-10-19 01:26:23,985 [774c78e1-8dd4-453d-975e-442189a07fe2@group-35203FA84AAF-LeaderElection7] INFO  server.RaftServerConfigKeys (ConfUtils.java:logGet(43)) - raft.server.watch.timeout.denomination = 1s (default)
2019-10-19 01:26:23,985 [774c78e1-8dd4-453d-975e-442189a07fe2@group-35203FA84AAF-LeaderElection7] INFO  server.RaftServerConfigKeys (ConfUtils.java:logGet(43)) - raft.server.watch.element-limit = 65536 (default)
2019-10-19 01:26:23,988 [774c78e1-8dd4-453d-975e-442189a07fe2@group-35203FA84AAF-LeaderElection7] INFO  impl.RoleInfo (RoleInfo.java:updateAndGet(143)) - 774c78e1-8dd4-453d-975e-442189a07fe2: start LeaderState
2019-10-19 01:26:23,988 [774c78e1-8dd4-453d-975e-442189a07fe2@group-35203FA84AAF-LeaderElection7] INFO  segmented.SegmentedRaftLogWorker (SegmentedRaftLogWorker.java:startLogSegment(385)) - 774c78e1-8dd4-453d-975e-442189a07fe2@group-35203FA84AAF-SegmentedRaftLogWorker: Starting segment from index:0
2019-10-19 01:26:23,989 [774c78e1-8dd4-453d-975e-442189a07fe2@group-35203FA84AAF-LeaderElection7] INFO  impl.RaftServerImpl (ServerState.java:setRaftConf(357)) - 774c78e1-8dd4-453d-975e-442189a07fe2@group-35203FA84AAF: set configuration 0: [774c78e1-8dd4-453d-975e-442189a07fe2:192.168.157.242:38712], old=null at 0
2019-10-19 01:26:24,021 [Thread-318] INFO  impl.FollowerState (FollowerState.java:run(108)) - 8bce6a00-3bba-419d-83ac-b35141b6b559@group-FAD52EF9DE2D-FollowerState: change to CANDIDATE, lastRpcTime:81ms, electionTimeout:74ms
2019-10-19 01:26:24,021 [pool-77-thread-1] INFO  storage.RaftStorage (RaftStorage.java:format(84)) - Storage directory /workdir/hadoop-ozone/integration-test/target/test-dir/MiniOzoneClusterImpl-be769f72-d0ac-4a2c-8dca-159e9fc5eefe/datanode-5/data/ratis/3a186974-b7c5-40e1-9330-3c882e1f6b00 has been successfully formatted.
2019-10-19 01:26:24,022 [Thread-318] INFO  impl.RoleInfo (RoleInfo.java:shutdownFollowerState(121)) - 8bce6a00-3bba-419d-83ac-b35141b6b559: shutdown FollowerState
2019-10-19 01:26:24,022 [Thread-318] INFO  impl.RaftServerImpl (RaftServerImpl.java:setRole(184)) - 8bce6a00-3bba-419d-83ac-b35141b6b559@group-FAD52EF9DE2D: changes role from  FOLLOWER to CANDIDATE at term 0 for changeToCandidate
2019-10-19 01:26:24,022 [pool-77-thread-1] INFO  ratis.ContainerStateMachine (ContainerStateMachine.java:loadSnapshot(231)) - group-3C882E1F6B00: The snapshot info is null. Setting the last applied indexto:(t:0, i:~)
2019-10-19 01:26:24,022 [Thread-318] INFO  impl.RoleInfo (RoleInfo.java:updateAndGet(143)) - 8bce6a00-3bba-419d-83ac-b35141b6b559: start LeaderElection
2019-10-19 01:26:24,022 [pool-77-thread-1] INFO  server.RaftServerConfigKeys (ConfUtils.java:logGet(43)) - raft.server.notification.no-leader.timeout = 120s (custom)
2019-10-19 01:26:24,022 [pool-77-thread-1] INFO  server.RaftServerConfigKeys (ConfUtils.java:logGet(43)) - raft.server.log.use.memory = false (default)
2019-10-19 01:26:24,026 [pool-77-thread-1] INFO  server.RaftServerConfigKeys (ConfUtils.java:logGet(43)) - raft.server.log.purge.gap = 1000000 (custom)
2019-10-19 01:26:24,026 [pool-77-thread-1] INFO  server.RaftServerConfigKeys (ConfUtils.java:logGet(43)) - raft.server.log.appender.buffer.byte-limit = 33554432 (custom)
2019-10-19 01:26:24,026 [pool-77-thread-1] INFO  server.RaftServerConfigKeys (ConfUtils.java:logGet(43)) - raft.server.log.segment.size.max = 1048576 (custom)
2019-10-19 01:26:24,028 [pool-77-thread-1] INFO  server.RaftServerConfigKeys (ConfUtils.java:logGet(43)) - raft.server.log.segment.cache.num.max = 2 (custom)
2019-10-19 01:26:24,028 [pool-77-thread-1] INFO  segmented.SegmentedRaftLogWorker (SegmentedRaftLogWorker.java:<init>(173)) - new 7247ad7d-2ca2-4af8-9337-77c07ea89cb3@group-3C882E1F6B00-SegmentedRaftLogWorker for RaftStorage:Storage Directory /workdir/hadoop-ozone/integration-test/target/test-dir/MiniOzoneClusterImpl-be769f72-d0ac-4a2c-8dca-159e9fc5eefe/datanode-5/data/ratis/3a186974-b7c5-40e1-9330-3c882e1f6b00
2019-10-19 01:26:24,028 [pool-77-thread-1] INFO  server.RaftServerConfigKeys (ConfUtils.java:logGet(43)) - raft.server.log.queue.byte-limit = 2147483647 (custom)
2019-10-19 01:26:24,028 [pool-77-thread-1] INFO  server.RaftServerConfigKeys (ConfUtils.java:logGet(43)) - raft.server.log.queue.element-limit = 1024 (custom)
2019-10-19 01:26:24,028 [pool-77-thread-1] INFO  server.RaftServerConfigKeys (ConfUtils.java:logGet(43)) - raft.server.log.segment.size.max = 1048576 (custom)
2019-10-19 01:26:24,029 [pool-77-thread-1] INFO  server.RaftServerConfigKeys (ConfUtils.java:logGet(43)) - raft.server.log.preallocated.size = 16384 (custom)
2019-10-19 01:26:24,029 [pool-77-thread-1] INFO  server.RaftServerConfigKeys (ConfUtils.java:logGet(43)) - raft.server.log.write.buffer.size = 33554432 (custom)
2019-10-19 01:26:24,029 [pool-77-thread-1] INFO  server.RaftServerConfigKeys (ConfUtils.java:logGet(43)) - raft.server.log.force.sync.num = 128 (default)
2019-10-19 01:26:24,029 [pool-77-thread-1] INFO  server.RaftServerConfigKeys (ConfUtils.java:logGet(43)) - raft.server.log.statemachine.data.sync = true (default)
2019-10-19 01:26:24,029 [pool-77-thread-1] INFO  server.RaftServerConfigKeys (ConfUtils.java:logGet(43)) - raft.server.log.statemachine.data.sync.timeout = 10s (default)
2019-10-19 01:26:24,029 [pool-77-thread-1] INFO  server.RaftServerConfigKeys (ConfUtils.java:logGet(43)) - raft.server.log.statemachine.data.sync.timeout.retry = -1 (default)
2019-10-19 01:26:24,029 [pool-77-thread-1] INFO  server.RaftServerConfigKeys (ConfUtils.java:logGet(43)) - raft.server.log.statemachine.data.caching.enabled = true (custom)
2019-10-19 01:26:24,039 [pool-77-thread-1] INFO  segmented.SegmentedRaftLogWorker (SegmentedRaftLogWorker.java:lambda$new$0(128)) - 7247ad7d-2ca2-4af8-9337-77c07ea89cb3@group-3C882E1F6B00-SegmentedRaftLogWorker: flushIndex: setUnconditionally 0 -> -1
2019-10-19 01:26:24,040 [774c78e1-8dd4-453d-975e-442189a07fe2@group-35203FA84AAF-SegmentedRaftLogWorker] INFO  segmented.SegmentedRaftLogWorker (SegmentedRaftLogWorker.java:execute(576)) - 774c78e1-8dd4-453d-975e-442189a07fe2@group-35203FA84AAF-SegmentedRaftLogWorker: created new log segment /workdir/hadoop-ozone/integration-test/target/test-dir/MiniOzoneClusterImpl-be769f72-d0ac-4a2c-8dca-159e9fc5eefe/datanode-7/data/ratis/cc6e591f-ed82-44d2-8aed-35203fa84aaf/current/log_inprogress_0
2019-10-19 01:26:24,040 [pool-77-thread-1] INFO  server.RaftServerConfigKeys (ConfUtils.java:logGet(43)) - raft.server.snapshot.auto.trigger.enabled = true (custom)
2019-10-19 01:26:24,040 [pool-77-thread-1] INFO  server.RaftServerConfigKeys (ConfUtils.java:logGet(43)) - raft.server.snapshot.auto.trigger.threshold = 10000 (custom)
2019-10-19 01:26:24,040 [pool-77-thread-1] INFO  server.RaftServerConfigKeys (ConfUtils.java:logGet(43)) - raft.server.snapshot.retention.file.num = 5 (custom)
2019-10-19 01:26:24,040 [pool-77-thread-1] INFO  server.RaftServerConfigKeys (ConfUtils.java:logGet(43)) - raft.server.retrycache.expirytime = 600000ms (custom)
2019-10-19 01:26:24,043 [8bce6a00-3bba-419d-83ac-b35141b6b559@group-FAD52EF9DE2D-LeaderElection8] INFO  impl.LeaderElection (LeaderElection.java:askForVotes(178)) - 8bce6a00-3bba-419d-83ac-b35141b6b559@group-FAD52EF9DE2D-LeaderElection8: begin an election at term 1 for -1: [8bce6a00-3bba-419d-83ac-b35141b6b559:192.168.157.242:37801], old=null
2019-10-19 01:26:24,043 [8bce6a00-3bba-419d-83ac-b35141b6b559@group-FAD52EF9DE2D-LeaderElection8] INFO  impl.RoleInfo (RoleInfo.java:shutdownLeaderElection(134)) - 8bce6a00-3bba-419d-83ac-b35141b6b559: shutdown LeaderElection
2019-10-19 01:26:24,043 [8bce6a00-3bba-419d-83ac-b35141b6b559@group-FAD52EF9DE2D-LeaderElection8] INFO  impl.RaftServerImpl (RaftServerImpl.java:setRole(184)) - 8bce6a00-3bba-419d-83ac-b35141b6b559@group-FAD52EF9DE2D: changes role from CANDIDATE to LEADER at term 1 for changeToLeader
2019-10-19 01:26:24,043 [8bce6a00-3bba-419d-83ac-b35141b6b559@group-FAD52EF9DE2D-LeaderElection8] INFO  impl.RaftServerImpl (ServerState.java:setLeader(256)) - 8bce6a00-3bba-419d-83ac-b35141b6b559@group-FAD52EF9DE2D: change Leader from null to 8bce6a00-3bba-419d-83ac-b35141b6b559 at term 1 for becomeLeader, leader elected after 161ms
2019-10-19 01:26:24,043 [8bce6a00-3bba-419d-83ac-b35141b6b559@group-FAD52EF9DE2D-LeaderElection8] INFO  server.RaftServerConfigKeys (ConfUtils.java:logGet(43)) - raft.server.staging.catchup.gap = 1000 (default)
2019-10-19 01:26:24,044 [8bce6a00-3bba-419d-83ac-b35141b6b559@group-FAD52EF9DE2D-LeaderElection8] INFO  server.RaftServerConfigKeys (ConfUtils.java:logGet(43)) - raft.server.rpc.sleep.time = 25ms (default)
2019-10-19 01:26:24,044 [8bce6a00-3bba-419d-83ac-b35141b6b559@group-FAD52EF9DE2D-LeaderElection8] INFO  server.RaftServerConfigKeys (ConfUtils.java:logGet(43)) - raft.server.write.element-limit = 4096 (default)
2019-10-19 01:26:24,044 [8bce6a00-3bba-419d-83ac-b35141b6b559@group-FAD52EF9DE2D-LeaderElection8] INFO  server.RaftServerConfigKeys (ConfUtils.java:logGet(43)) - raft.server.watch.timeout = 10s (default)
2019-10-19 01:26:24,044 [8bce6a00-3bba-419d-83ac-b35141b6b559@group-FAD52EF9DE2D-LeaderElection8] INFO  server.RaftServerConfigKeys (ConfUtils.java:logGet(43)) - raft.server.watch.timeout.denomination = 1s (default)
2019-10-19 01:26:24,044 [8bce6a00-3bba-419d-83ac-b35141b6b559@group-FAD52EF9DE2D-LeaderElection8] INFO  server.RaftServerConfigKeys (ConfUtils.java:logGet(43)) - raft.server.watch.element-limit = 65536 (default)
2019-10-19 01:26:24,045 [pool-77-thread-1] INFO  impl.RaftServerImpl (RaftServerImpl.java:start(195)) - 7247ad7d-2ca2-4af8-9337-77c07ea89cb3@group-3C882E1F6B00: start as a follower, conf=-1: [7247ad7d-2ca2-4af8-9337-77c07ea89cb3:192.168.157.242:42362], old=null
2019-10-19 01:26:24,045 [pool-77-thread-1] INFO  impl.RaftServerImpl (RaftServerImpl.java:setRole(184)) - 7247ad7d-2ca2-4af8-9337-77c07ea89cb3@group-3C882E1F6B00: changes role from      null to FOLLOWER at term 0 for startAsFollower
2019-10-19 01:26:24,045 [pool-77-thread-1] INFO  impl.RoleInfo (RoleInfo.java:updateAndGet(143)) - 7247ad7d-2ca2-4af8-9337-77c07ea89cb3: start FollowerState
2019-10-19 01:26:24,046 [pool-77-thread-1] INFO  util.JmxRegister (JmxRegister.java:tryRegister(44)) - Successfully registered JMX Bean with object name Ratis:service=RaftServer,group=group-3C882E1F6B00,id=7247ad7d-2ca2-4af8-9337-77c07ea89cb3
2019-10-19 01:26:24,055 [8bce6a00-3bba-419d-83ac-b35141b6b559@group-FAD52EF9DE2D-LeaderElection8] INFO  impl.RoleInfo (RoleInfo.java:updateAndGet(143)) - 8bce6a00-3bba-419d-83ac-b35141b6b559: start LeaderState
2019-10-19 01:26:24,055 [8bce6a00-3bba-419d-83ac-b35141b6b559@group-FAD52EF9DE2D-LeaderElection8] INFO  segmented.SegmentedRaftLogWorker (SegmentedRaftLogWorker.java:startLogSegment(385)) - 8bce6a00-3bba-419d-83ac-b35141b6b559@group-FAD52EF9DE2D-SegmentedRaftLogWorker: Starting segment from index:0
2019-10-19 01:26:24,056 [8bce6a00-3bba-419d-83ac-b35141b6b559@group-FAD52EF9DE2D-LeaderElection8] INFO  impl.RaftServerImpl (ServerState.java:setRaftConf(357)) - 8bce6a00-3bba-419d-83ac-b35141b6b559@group-FAD52EF9DE2D: set configuration 0: [8bce6a00-3bba-419d-83ac-b35141b6b559:192.168.157.242:37801], old=null at 0
2019-10-19 01:26:24,097 [RatisPipelineUtilsThread] INFO  pipeline.PipelineStateManager (PipelineStateManager.java:addPipeline(56)) - Created pipeline Pipeline[ Id: 3a186974-b7c5-40e1-9330-3c882e1f6b00, Nodes: 7247ad7d-2ca2-4af8-9337-77c07ea89cb3{ip: 192.168.157.242, host: pr-hdds-2333-n5kd5-3813804867, networkLocation: /default-rack, certSerialId: null}, Type:RATIS, Factor:ONE, State:OPEN]
2019-10-19 01:26:24,111 [8bce6a00-3bba-419d-83ac-b35141b6b559@group-FAD52EF9DE2D-SegmentedRaftLogWorker] INFO  segmented.SegmentedRaftLogWorker (SegmentedRaftLogWorker.java:execute(576)) - 8bce6a00-3bba-419d-83ac-b35141b6b559@group-FAD52EF9DE2D-SegmentedRaftLogWorker: created new log segment /workdir/hadoop-ozone/integration-test/target/test-dir/MiniOzoneClusterImpl-be769f72-d0ac-4a2c-8dca-159e9fc5eefe/datanode-4/data/ratis/f705fb80-7d31-4781-b26d-fad52ef9de2d/current/log_inprogress_0
2019-10-19 01:26:24,118 [grpc-default-executor-0] INFO  impl.RaftServerProxy (RaftServerProxy.java:addNew(89)) - 66201fde-c333-4aaa-b68d-70b7cf9182b0: addNew group-656982B3D798:[66201fde-c333-4aaa-b68d-70b7cf9182b0:192.168.157.242:35281] returns group-656982B3D798:java.util.concurrent.CompletableFuture@75c2fb76[Not completed]
2019-10-19 01:26:24,121 [pool-117-thread-1] INFO  impl.RaftServerImpl (RaftServerImpl.java:<init>(104)) - 66201fde-c333-4aaa-b68d-70b7cf9182b0: new RaftServerImpl for group-656982B3D798:[66201fde-c333-4aaa-b68d-70b7cf9182b0:192.168.157.242:35281] with ContainerStateMachine:uninitialized
2019-10-19 01:26:24,121 [pool-117-thread-1] INFO  server.RaftServerConfigKeys (ConfUtils.java:logGet(43)) - raft.server.rpc.timeout.min = 1s (custom)
2019-10-19 01:26:24,121 [pool-117-thread-1] INFO  server.RaftServerConfigKeys (ConfUtils.java:logGet(43)) - raft.server.rpc.timeout.max = 1200ms (custom)
2019-10-19 01:26:24,121 [pool-117-thread-1] INFO  server.RaftServerConfigKeys (ConfUtils.java:logGet(43)) - raft.server.rpcslowness.timeout = 120s (custom)
2019-10-19 01:26:24,121 [pool-117-thread-1] INFO  server.RaftServerConfigKeys (ConfUtils.java:logGet(43)) - raft.server.sleep.deviation.threshold = 300 (default)
2019-10-19 01:26:24,121 [pool-117-thread-1] INFO  server.RaftServerConfigKeys (ConfUtils.java:logGet(43)) - raft.server.log.appender.install.snapshot.enabled = false (custom)
2019-10-19 01:26:24,122 [pool-117-thread-1] INFO  impl.RaftServerImpl (ServerState.java:<init>(103)) - 66201fde-c333-4aaa-b68d-70b7cf9182b0@group-656982B3D798: ConfigurationManager, init=-1: [66201fde-c333-4aaa-b68d-70b7cf9182b0:192.168.157.242:35281], old=null, confs=<EMPTY_MAP>
2019-10-19 01:26:24,122 [pool-117-thread-1] INFO  server.RaftServerConfigKeys (ConfUtils.java:logGet(43)) - raft.server.storage.dir = [/workdir/hadoop-ozone/integration-test/target/test-dir/MiniOzoneClusterImpl-be769f72-d0ac-4a2c-8dca-159e9fc5eefe/datanode-9/data/ratis] (custom)
2019-10-19 01:26:24,122 [pool-117-thread-1] INFO  server.RaftServerConfigKeys (ConfUtils.java:logGet(43)) - raft.server.log.corruption.policy = EXCEPTION (default)
2019-10-19 01:26:24,122 [pool-117-thread-1] INFO  storage.RaftStorageDirectory (RaftStorageDirectory.java:analyzeStorage(246)) - The storage directory /workdir/hadoop-ozone/integration-test/target/test-dir/MiniOzoneClusterImpl-be769f72-d0ac-4a2c-8dca-159e9fc5eefe/datanode-9/data/ratis/a617f089-a8a7-4494-a884-656982b3d798 does not exist. Creating ...
2019-10-19 01:26:24,126 [pool-117-thread-1] INFO  storage.RaftStorageDirectory (RaftStorageDirectory.java:tryLock(328)) - Lock on /workdir/hadoop-ozone/integration-test/target/test-dir/MiniOzoneClusterImpl-be769f72-d0ac-4a2c-8dca-159e9fc5eefe/datanode-9/data/ratis/a617f089-a8a7-4494-a884-656982b3d798/in_use.lock acquired by nodename 666@pr-hdds-2333-n5kd5-3813804867
2019-10-19 01:26:24,129 [pool-117-thread-1] INFO  storage.RaftStorage (RaftStorage.java:format(84)) - Storage directory /workdir/hadoop-ozone/integration-test/target/test-dir/MiniOzoneClusterImpl-be769f72-d0ac-4a2c-8dca-159e9fc5eefe/datanode-9/data/ratis/a617f089-a8a7-4494-a884-656982b3d798 has been successfully formatted.
2019-10-19 01:26:24,129 [pool-117-thread-1] INFO  ratis.ContainerStateMachine (ContainerStateMachine.java:loadSnapshot(231)) - group-656982B3D798: The snapshot info is null. Setting the last applied indexto:(t:0, i:~)
2019-10-19 01:26:24,129 [pool-117-thread-1] INFO  server.RaftServerConfigKeys (ConfUtils.java:logGet(43)) - raft.server.notification.no-leader.timeout = 120s (custom)
2019-10-19 01:26:24,129 [pool-117-thread-1] INFO  server.RaftServerConfigKeys (ConfUtils.java:logGet(43)) - raft.server.log.use.memory = false (default)
2019-10-19 01:26:24,130 [pool-117-thread-1] INFO  server.RaftServerConfigKeys (ConfUtils.java:logGet(43)) - raft.server.log.purge.gap = 1000000 (custom)
2019-10-19 01:26:24,130 [pool-117-thread-1] INFO  server.RaftServerConfigKeys (ConfUtils.java:logGet(43)) - raft.server.log.appender.buffer.byte-limit = 33554432 (custom)
2019-10-19 01:26:24,130 [pool-117-thread-1] INFO  server.RaftServerConfigKeys (ConfUtils.java:logGet(43)) - raft.server.log.segment.size.max = 1048576 (custom)
2019-10-19 01:26:24,131 [pool-117-thread-1] INFO  server.RaftServerConfigKeys (ConfUtils.java:logGet(43)) - raft.server.log.segment.cache.num.max = 2 (custom)
2019-10-19 01:26:24,131 [pool-117-thread-1] INFO  segmented.SegmentedRaftLogWorker (SegmentedRaftLogWorker.java:<init>(173)) - new 66201fde-c333-4aaa-b68d-70b7cf9182b0@group-656982B3D798-SegmentedRaftLogWorker for RaftStorage:Storage Directory /workdir/hadoop-ozone/integration-test/target/test-dir/MiniOzoneClusterImpl-be769f72-d0ac-4a2c-8dca-159e9fc5eefe/datanode-9/data/ratis/a617f089-a8a7-4494-a884-656982b3d798
2019-10-19 01:26:24,132 [pool-117-thread-1] INFO  server.RaftServerConfigKeys (ConfUtils.java:logGet(43)) - raft.server.log.queue.byte-limit = 2147483647 (custom)
2019-10-19 01:26:24,132 [pool-117-thread-1] INFO  server.RaftServerConfigKeys (ConfUtils.java:logGet(43)) - raft.server.log.queue.element-limit = 1024 (custom)
2019-10-19 01:26:24,132 [pool-117-thread-1] INFO  server.RaftServerConfigKeys (ConfUtils.java:logGet(43)) - raft.server.log.segment.size.max = 1048576 (custom)
2019-10-19 01:26:24,132 [pool-117-thread-1] INFO  server.RaftServerConfigKeys (ConfUtils.java:logGet(43)) - raft.server.log.preallocated.size = 16384 (custom)
2019-10-19 01:26:24,132 [pool-117-thread-1] INFO  server.RaftServerConfigKeys (ConfUtils.java:logGet(43)) - raft.server.log.write.buffer.size = 33554432 (custom)
2019-10-19 01:26:24,132 [pool-117-thread-1] INFO  server.RaftServerConfigKeys (ConfUtils.java:logGet(43)) - raft.server.log.force.sync.num = 128 (default)
2019-10-19 01:26:24,132 [pool-117-thread-1] INFO  server.RaftServerConfigKeys (ConfUtils.java:logGet(43)) - raft.server.log.statemachine.data.sync = true (default)
2019-10-19 01:26:24,132 [pool-117-thread-1] INFO  server.RaftServerConfigKeys (ConfUtils.java:logGet(43)) - raft.server.log.statemachine.data.sync.timeout = 10s (default)
2019-10-19 01:26:24,132 [pool-117-thread-1] INFO  server.RaftServerConfigKeys (ConfUtils.java:logGet(43)) - raft.server.log.statemachine.data.sync.timeout.retry = -1 (default)
2019-10-19 01:26:24,133 [pool-117-thread-1] INFO  server.RaftServerConfigKeys (ConfUtils.java:logGet(43)) - raft.server.log.statemachine.data.caching.enabled = true (custom)
2019-10-19 01:26:24,133 [pool-117-thread-1] INFO  segmented.SegmentedRaftLogWorker (SegmentedRaftLogWorker.java:lambda$new$0(128)) - 66201fde-c333-4aaa-b68d-70b7cf9182b0@group-656982B3D798-SegmentedRaftLogWorker: flushIndex: setUnconditionally 0 -> -1
2019-10-19 01:26:24,133 [pool-117-thread-1] INFO  server.RaftServerConfigKeys (ConfUtils.java:logGet(43)) - raft.server.snapshot.auto.trigger.enabled = true (custom)
2019-10-19 01:26:24,133 [pool-117-thread-1] INFO  server.RaftServerConfigKeys (ConfUtils.java:logGet(43)) - raft.server.snapshot.auto.trigger.threshold = 10000 (custom)
2019-10-19 01:26:24,133 [pool-117-thread-1] INFO  server.RaftServerConfigKeys (ConfUtils.java:logGet(43)) - raft.server.snapshot.retention.file.num = 5 (custom)
2019-10-19 01:26:24,133 [pool-117-thread-1] INFO  server.RaftServerConfigKeys (ConfUtils.java:logGet(43)) - raft.server.retrycache.expirytime = 600000ms (custom)
2019-10-19 01:26:24,136 [pool-117-thread-1] INFO  impl.RaftServerImpl (RaftServerImpl.java:start(195)) - 66201fde-c333-4aaa-b68d-70b7cf9182b0@group-656982B3D798: start as a follower, conf=-1: [66201fde-c333-4aaa-b68d-70b7cf9182b0:192.168.157.242:35281], old=null
2019-10-19 01:26:24,136 [pool-117-thread-1] INFO  impl.RaftServerImpl (RaftServerImpl.java:setRole(184)) - 66201fde-c333-4aaa-b68d-70b7cf9182b0@group-656982B3D798: changes role from      null to FOLLOWER at term 0 for startAsFollower
2019-10-19 01:26:24,136 [pool-117-thread-1] INFO  impl.RoleInfo (RoleInfo.java:updateAndGet(143)) - 66201fde-c333-4aaa-b68d-70b7cf9182b0: start FollowerState
2019-10-19 01:26:24,136 [pool-117-thread-1] INFO  util.JmxRegister (JmxRegister.java:tryRegister(44)) - Successfully registered JMX Bean with object name Ratis:service=RaftServer,group=group-656982B3D798,id=66201fde-c333-4aaa-b68d-70b7cf9182b0
2019-10-19 01:26:24,147 [RatisPipelineUtilsThread] INFO  pipeline.PipelineStateManager (PipelineStateManager.java:addPipeline(56)) - Created pipeline Pipeline[ Id: a617f089-a8a7-4494-a884-656982b3d798, Nodes: 66201fde-c333-4aaa-b68d-70b7cf9182b0{ip: 192.168.157.242, host: pr-hdds-2333-n5kd5-3813804867, networkLocation: /default-rack, certSerialId: null}, Type:RATIS, Factor:ONE, State:OPEN]
2019-10-19 01:26:24,179 [grpc-default-executor-1] INFO  impl.RaftServerProxy (RaftServerProxy.java:addNew(89)) - 7bdff0e9-7b76-4a2e-87b8-7520d2e34914: addNew group-12F62FEB2D83:[7bdff0e9-7b76-4a2e-87b8-7520d2e34914:192.168.157.242:33030, df8ea49b-ef0b-40b0-a5d0-e4c136909b6f:192.168.157.242:40644, a47f4692-6292-482b-87e1-943728217a13:192.168.157.242:34977] returns group-12F62FEB2D83:java.util.concurrent.CompletableFuture@2fddde01[Not completed]
2019-10-19 01:26:24,179 [grpc-default-executor-2] INFO  impl.RaftServerProxy (RaftServerProxy.java:addNew(89)) - a47f4692-6292-482b-87e1-943728217a13: addNew group-12F62FEB2D83:[7bdff0e9-7b76-4a2e-87b8-7520d2e34914:192.168.157.242:33030, df8ea49b-ef0b-40b0-a5d0-e4c136909b6f:192.168.157.242:40644, a47f4692-6292-482b-87e1-943728217a13:192.168.157.242:34977] returns group-12F62FEB2D83:java.util.concurrent.CompletableFuture@7f5bd22b[Not completed]
2019-10-19 01:26:24,182 [grpc-default-executor-1] INFO  impl.RaftServerProxy (RaftServerProxy.java:addNew(89)) - df8ea49b-ef0b-40b0-a5d0-e4c136909b6f: addNew group-12F62FEB2D83:[7bdff0e9-7b76-4a2e-87b8-7520d2e34914:192.168.157.242:33030, df8ea49b-ef0b-40b0-a5d0-e4c136909b6f:192.168.157.242:40644, a47f4692-6292-482b-87e1-943728217a13:192.168.157.242:34977] returns group-12F62FEB2D83:java.util.concurrent.CompletableFuture@6adf559e[Not completed]
2019-10-19 01:26:24,182 [pool-57-thread-1] INFO  impl.RaftServerImpl (RaftServerImpl.java:<init>(104)) - 7bdff0e9-7b76-4a2e-87b8-7520d2e34914: new RaftServerImpl for group-12F62FEB2D83:[7bdff0e9-7b76-4a2e-87b8-7520d2e34914:192.168.157.242:33030, df8ea49b-ef0b-40b0-a5d0-e4c136909b6f:192.168.157.242:40644, a47f4692-6292-482b-87e1-943728217a13:192.168.157.242:34977] with ContainerStateMachine:uninitialized
2019-10-19 01:26:24,182 [pool-57-thread-1] INFO  server.RaftServerConfigKeys (ConfUtils.java:logGet(43)) - raft.server.rpc.timeout.min = 1s (custom)
2019-10-19 01:26:24,182 [pool-57-thread-1] INFO  server.RaftServerConfigKeys (ConfUtils.java:logGet(43)) - raft.server.rpc.timeout.max = 1200ms (custom)
2019-10-19 01:26:24,182 [pool-57-thread-1] INFO  server.RaftServerConfigKeys (ConfUtils.java:logGet(43)) - raft.server.rpcslowness.timeout = 120s (custom)
2019-10-19 01:26:24,182 [pool-57-thread-1] INFO  server.RaftServerConfigKeys (ConfUtils.java:logGet(43)) - raft.server.sleep.deviation.threshold = 300 (default)
2019-10-19 01:26:24,183 [pool-57-thread-1] INFO  server.RaftServerConfigKeys (ConfUtils.java:logGet(43)) - raft.server.log.appender.install.snapshot.enabled = false (custom)
2019-10-19 01:26:24,183 [pool-57-thread-1] INFO  impl.RaftServerImpl (ServerState.java:<init>(103)) - 7bdff0e9-7b76-4a2e-87b8-7520d2e34914@group-12F62FEB2D83: ConfigurationManager, init=-1: [7bdff0e9-7b76-4a2e-87b8-7520d2e34914:192.168.157.242:33030, df8ea49b-ef0b-40b0-a5d0-e4c136909b6f:192.168.157.242:40644, a47f4692-6292-482b-87e1-943728217a13:192.168.157.242:34977], old=null, confs=<EMPTY_MAP>
2019-10-19 01:26:24,183 [pool-87-thread-1] INFO  impl.RaftServerImpl (RaftServerImpl.java:<init>(104)) - df8ea49b-ef0b-40b0-a5d0-e4c136909b6f: new RaftServerImpl for group-12F62FEB2D83:[7bdff0e9-7b76-4a2e-87b8-7520d2e34914:192.168.157.242:33030, df8ea49b-ef0b-40b0-a5d0-e4c136909b6f:192.168.157.242:40644, a47f4692-6292-482b-87e1-943728217a13:192.168.157.242:34977] with ContainerStateMachine:uninitialized
2019-10-19 01:26:24,183 [pool-57-thread-1] INFO  server.RaftServerConfigKeys (ConfUtils.java:logGet(43)) - raft.server.storage.dir = [/workdir/hadoop-ozone/integration-test/target/test-dir/MiniOzoneClusterImpl-be769f72-d0ac-4a2c-8dca-159e9fc5eefe/datanode-3/data/ratis] (custom)
2019-10-19 01:26:24,183 [pool-87-thread-1] INFO  server.RaftServerConfigKeys (ConfUtils.java:logGet(43)) - raft.server.rpc.timeout.min = 1s (custom)
2019-10-19 01:26:24,183 [pool-87-thread-1] INFO  server.RaftServerConfigKeys (ConfUtils.java:logGet(43)) - raft.server.rpc.timeout.max = 1200ms (custom)
2019-10-19 01:26:24,183 [pool-57-thread-1] INFO  server.RaftServerConfigKeys (ConfUtils.java:logGet(43)) - raft.server.log.corruption.policy = EXCEPTION (default)
2019-10-19 01:26:24,183 [pool-87-thread-1] INFO  server.RaftServerConfigKeys (ConfUtils.java:logGet(43)) - raft.server.rpcslowness.timeout = 120s (custom)
2019-10-19 01:26:24,183 [pool-87-thread-1] INFO  server.RaftServerConfigKeys (ConfUtils.java:logGet(43)) - raft.server.sleep.deviation.threshold = 300 (default)
2019-10-19 01:26:24,183 [pool-57-thread-1] INFO  storage.RaftStorageDirectory (RaftStorageDirectory.java:analyzeStorage(246)) - The storage directory /workdir/hadoop-ozone/integration-test/target/test-dir/MiniOzoneClusterImpl-be769f72-d0ac-4a2c-8dca-159e9fc5eefe/datanode-3/data/ratis/bbab9873-e064-4dee-a03d-12f62feb2d83 does not exist. Creating ...
2019-10-19 01:26:24,183 [pool-87-thread-1] INFO  server.RaftServerConfigKeys (ConfUtils.java:logGet(43)) - raft.server.log.appender.install.snapshot.enabled = false (custom)
2019-10-19 01:26:24,183 [pool-87-thread-1] INFO  impl.RaftServerImpl (ServerState.java:<init>(103)) - df8ea49b-ef0b-40b0-a5d0-e4c136909b6f@group-12F62FEB2D83: ConfigurationManager, init=-1: [7bdff0e9-7b76-4a2e-87b8-7520d2e34914:192.168.157.242:33030, df8ea49b-ef0b-40b0-a5d0-e4c136909b6f:192.168.157.242:40644, a47f4692-6292-482b-87e1-943728217a13:192.168.157.242:34977], old=null, confs=<EMPTY_MAP>
2019-10-19 01:26:24,184 [pool-107-thread-1] INFO  impl.RaftServerImpl (RaftServerImpl.java:<init>(104)) - a47f4692-6292-482b-87e1-943728217a13: new RaftServerImpl for group-12F62FEB2D83:[7bdff0e9-7b76-4a2e-87b8-7520d2e34914:192.168.157.242:33030, df8ea49b-ef0b-40b0-a5d0-e4c136909b6f:192.168.157.242:40644, a47f4692-6292-482b-87e1-943728217a13:192.168.157.242:34977] with ContainerStateMachine:uninitialized
2019-10-19 01:26:24,184 [pool-87-thread-1] INFO  server.RaftServerConfigKeys (ConfUtils.java:logGet(43)) - raft.server.storage.dir = [/workdir/hadoop-ozone/integration-test/target/test-dir/MiniOzoneClusterImpl-be769f72-d0ac-4a2c-8dca-159e9fc5eefe/datanode-6/data/ratis] (custom)
2019-10-19 01:26:24,184 [pool-107-thread-1] INFO  server.RaftServerConfigKeys (ConfUtils.java:logGet(43)) - raft.server.rpc.timeout.min = 1s (custom)
2019-10-19 01:26:24,184 [pool-87-thread-1] INFO  server.RaftServerConfigKeys (ConfUtils.java:logGet(43)) - raft.server.log.corruption.policy = EXCEPTION (default)
2019-10-19 01:26:24,184 [pool-107-thread-1] INFO  server.RaftServerConfigKeys (ConfUtils.java:logGet(43)) - raft.server.rpc.timeout.max = 1200ms (custom)
2019-10-19 01:26:24,184 [pool-87-thread-1] INFO  storage.RaftStorageDirectory (RaftStorageDirectory.java:analyzeStorage(246)) - The storage directory /workdir/hadoop-ozone/integration-test/target/test-dir/MiniOzoneClusterImpl-be769f72-d0ac-4a2c-8dca-159e9fc5eefe/datanode-6/data/ratis/bbab9873-e064-4dee-a03d-12f62feb2d83 does not exist. Creating ...
2019-10-19 01:26:24,184 [pool-107-thread-1] INFO  server.RaftServerConfigKeys (ConfUtils.java:logGet(43)) - raft.server.rpcslowness.timeout = 120s (custom)
2019-10-19 01:26:24,184 [pool-107-thread-1] INFO  server.RaftServerConfigKeys (ConfUtils.java:logGet(43)) - raft.server.sleep.deviation.threshold = 300 (default)
2019-10-19 01:26:24,184 [pool-107-thread-1] INFO  server.RaftServerConfigKeys (ConfUtils.java:logGet(43)) - raft.server.log.appender.install.snapshot.enabled = false (custom)
2019-10-19 01:26:24,184 [pool-107-thread-1] INFO  impl.RaftServerImpl (ServerState.java:<init>(103)) - a47f4692-6292-482b-87e1-943728217a13@group-12F62FEB2D83: ConfigurationManager, init=-1: [7bdff0e9-7b76-4a2e-87b8-7520d2e34914:192.168.157.242:33030, df8ea49b-ef0b-40b0-a5d0-e4c136909b6f:192.168.157.242:40644, a47f4692-6292-482b-87e1-943728217a13:192.168.157.242:34977], old=null, confs=<EMPTY_MAP>
2019-10-19 01:26:24,185 [pool-107-thread-1] INFO  server.RaftServerConfigKeys (ConfUtils.java:logGet(43)) - raft.server.storage.dir = [/workdir/hadoop-ozone/integration-test/target/test-dir/MiniOzoneClusterImpl-be769f72-d0ac-4a2c-8dca-159e9fc5eefe/datanode-8/data/ratis] (custom)
2019-10-19 01:26:24,185 [pool-107-thread-1] INFO  server.RaftServerConfigKeys (ConfUtils.java:logGet(43)) - raft.server.log.corruption.policy = EXCEPTION (default)
2019-10-19 01:26:24,185 [pool-107-thread-1] INFO  storage.RaftStorageDirectory (RaftStorageDirectory.java:analyzeStorage(246)) - The storage directory /workdir/hadoop-ozone/integration-test/target/test-dir/MiniOzoneClusterImpl-be769f72-d0ac-4a2c-8dca-159e9fc5eefe/datanode-8/data/ratis/bbab9873-e064-4dee-a03d-12f62feb2d83 does not exist. Creating ...
2019-10-19 01:26:24,189 [Thread-325] INFO  impl.FollowerState (FollowerState.java:run(108)) - 7247ad7d-2ca2-4af8-9337-77c07ea89cb3@group-3C882E1F6B00-FollowerState: change to CANDIDATE, lastRpcTime:143ms, electionTimeout:143ms
2019-10-19 01:26:24,189 [Thread-325] INFO  impl.RoleInfo (RoleInfo.java:shutdownFollowerState(121)) - 7247ad7d-2ca2-4af8-9337-77c07ea89cb3: shutdown FollowerState
2019-10-19 01:26:24,189 [Thread-325] INFO  impl.RaftServerImpl (RaftServerImpl.java:setRole(184)) - 7247ad7d-2ca2-4af8-9337-77c07ea89cb3@group-3C882E1F6B00: changes role from  FOLLOWER to CANDIDATE at term 0 for changeToCandidate
2019-10-19 01:26:24,189 [Thread-325] INFO  impl.RoleInfo (RoleInfo.java:updateAndGet(143)) - 7247ad7d-2ca2-4af8-9337-77c07ea89cb3: start LeaderElection
2019-10-19 01:26:24,193 [pool-57-thread-1] INFO  storage.RaftStorageDirectory (RaftStorageDirectory.java:tryLock(328)) - Lock on /workdir/hadoop-ozone/integration-test/target/test-dir/MiniOzoneClusterImpl-be769f72-d0ac-4a2c-8dca-159e9fc5eefe/datanode-3/data/ratis/bbab9873-e064-4dee-a03d-12f62feb2d83/in_use.lock acquired by nodename 666@pr-hdds-2333-n5kd5-3813804867
2019-10-19 01:26:24,193 [pool-107-thread-1] INFO  storage.RaftStorageDirectory (RaftStorageDirectory.java:tryLock(328)) - Lock on /workdir/hadoop-ozone/integration-test/target/test-dir/MiniOzoneClusterImpl-be769f72-d0ac-4a2c-8dca-159e9fc5eefe/datanode-8/data/ratis/bbab9873-e064-4dee-a03d-12f62feb2d83/in_use.lock acquired by nodename 666@pr-hdds-2333-n5kd5-3813804867
2019-10-19 01:26:24,193 [pool-87-thread-1] INFO  storage.RaftStorageDirectory (RaftStorageDirectory.java:tryLock(328)) - Lock on /workdir/hadoop-ozone/integration-test/target/test-dir/MiniOzoneClusterImpl-be769f72-d0ac-4a2c-8dca-159e9fc5eefe/datanode-6/data/ratis/bbab9873-e064-4dee-a03d-12f62feb2d83/in_use.lock acquired by nodename 666@pr-hdds-2333-n5kd5-3813804867
2019-10-19 01:26:24,230 [pool-57-thread-1] INFO  storage.RaftStorage (RaftStorage.java:format(84)) - Storage directory /workdir/hadoop-ozone/integration-test/target/test-dir/MiniOzoneClusterImpl-be769f72-d0ac-4a2c-8dca-159e9fc5eefe/datanode-3/data/ratis/bbab9873-e064-4dee-a03d-12f62feb2d83 has been successfully formatted.
2019-10-19 01:26:24,230 [7247ad7d-2ca2-4af8-9337-77c07ea89cb3@group-3C882E1F6B00-LeaderElection9] INFO  impl.LeaderElection (LeaderElection.java:askForVotes(178)) - 7247ad7d-2ca2-4af8-9337-77c07ea89cb3@group-3C882E1F6B00-LeaderElection9: begin an election at term 1 for -1: [7247ad7d-2ca2-4af8-9337-77c07ea89cb3:192.168.157.242:42362], old=null
2019-10-19 01:26:24,230 [pool-87-thread-1] INFO  storage.RaftStorage (RaftStorage.java:format(84)) - Storage directory /workdir/hadoop-ozone/integration-test/target/test-dir/MiniOzoneClusterImpl-be769f72-d0ac-4a2c-8dca-159e9fc5eefe/datanode-6/data/ratis/bbab9873-e064-4dee-a03d-12f62feb2d83 has been successfully formatted.
2019-10-19 01:26:24,230 [pool-107-thread-1] INFO  storage.RaftStorage (RaftStorage.java:format(84)) - Storage directory /workdir/hadoop-ozone/integration-test/target/test-dir/MiniOzoneClusterImpl-be769f72-d0ac-4a2c-8dca-159e9fc5eefe/datanode-8/data/ratis/bbab9873-e064-4dee-a03d-12f62feb2d83 has been successfully formatted.
2019-10-19 01:26:24,231 [pool-87-thread-1] INFO  ratis.ContainerStateMachine (ContainerStateMachine.java:loadSnapshot(231)) - group-12F62FEB2D83: The snapshot info is null. Setting the last applied indexto:(t:0, i:~)
2019-10-19 01:26:24,230 [pool-57-thread-1] INFO  ratis.ContainerStateMachine (ContainerStateMachine.java:loadSnapshot(231)) - group-12F62FEB2D83: The snapshot info is null. Setting the last applied indexto:(t:0, i:~)
2019-10-19 01:26:24,230 [7247ad7d-2ca2-4af8-9337-77c07ea89cb3@group-3C882E1F6B00-LeaderElection9] INFO  impl.RoleInfo (RoleInfo.java:shutdownLeaderElection(134)) - 7247ad7d-2ca2-4af8-9337-77c07ea89cb3: shutdown LeaderElection
2019-10-19 01:26:24,231 [pool-57-thread-1] INFO  server.RaftServerConfigKeys (ConfUtils.java:logGet(43)) - raft.server.notification.no-leader.timeout = 120s (custom)
2019-10-19 01:26:24,231 [pool-87-thread-1] INFO  server.RaftServerConfigKeys (ConfUtils.java:logGet(43)) - raft.server.notification.no-leader.timeout = 120s (custom)
2019-10-19 01:26:24,231 [pool-107-thread-1] INFO  ratis.ContainerStateMachine (ContainerStateMachine.java:loadSnapshot(231)) - group-12F62FEB2D83: The snapshot info is null. Setting the last applied indexto:(t:0, i:~)
2019-10-19 01:26:24,231 [pool-87-thread-1] INFO  server.RaftServerConfigKeys (ConfUtils.java:logGet(43)) - raft.server.log.use.memory = false (default)
2019-10-19 01:26:24,231 [pool-57-thread-1] INFO  server.RaftServerConfigKeys (ConfUtils.java:logGet(43)) - raft.server.log.use.memory = false (default)
2019-10-19 01:26:24,231 [pool-87-thread-1] INFO  server.RaftServerConfigKeys (ConfUtils.java:logGet(43)) - raft.server.log.purge.gap = 1000000 (custom)
2019-10-19 01:26:24,231 [7247ad7d-2ca2-4af8-9337-77c07ea89cb3@group-3C882E1F6B00-LeaderElection9] INFO  impl.RaftServerImpl (RaftServerImpl.java:setRole(184)) - 7247ad7d-2ca2-4af8-9337-77c07ea89cb3@group-3C882E1F6B00: changes role from CANDIDATE to LEADER at term 1 for changeToLeader
2019-10-19 01:26:24,232 [pool-87-thread-1] INFO  server.RaftServerConfigKeys (ConfUtils.java:logGet(43)) - raft.server.log.appender.buffer.byte-limit = 33554432 (custom)
2019-10-19 01:26:24,231 [pool-57-thread-1] INFO  server.RaftServerConfigKeys (ConfUtils.java:logGet(43)) - raft.server.log.purge.gap = 1000000 (custom)
2019-10-19 01:26:24,231 [pool-107-thread-1] INFO  server.RaftServerConfigKeys (ConfUtils.java:logGet(43)) - raft.server.notification.no-leader.timeout = 120s (custom)
2019-10-19 01:26:24,232 [pool-57-thread-1] INFO  server.RaftServerConfigKeys (ConfUtils.java:logGet(43)) - raft.server.log.appender.buffer.byte-limit = 33554432 (custom)
2019-10-19 01:26:24,232 [pool-87-thread-1] INFO  server.RaftServerConfigKeys (ConfUtils.java:logGet(43)) - raft.server.log.segment.size.max = 1048576 (custom)
2019-10-19 01:26:24,232 [7247ad7d-2ca2-4af8-9337-77c07ea89cb3@group-3C882E1F6B00-LeaderElection9] INFO  impl.RaftServerImpl (ServerState.java:setLeader(256)) - 7247ad7d-2ca2-4af8-9337-77c07ea89cb3@group-3C882E1F6B00: change Leader from null to 7247ad7d-2ca2-4af8-9337-77c07ea89cb3 at term 1 for becomeLeader, leader elected after 209ms
2019-10-19 01:26:24,232 [pool-87-thread-1] INFO  server.RaftServerConfigKeys (ConfUtils.java:logGet(43)) - raft.server.log.segment.cache.num.max = 2 (custom)
2019-10-19 01:26:24,232 [pool-57-thread-1] INFO  server.RaftServerConfigKeys (ConfUtils.java:logGet(43)) - raft.server.log.segment.size.max = 1048576 (custom)
2019-10-19 01:26:24,232 [pool-107-thread-1] INFO  server.RaftServerConfigKeys (ConfUtils.java:logGet(43)) - raft.server.log.use.memory = false (default)
2019-10-19 01:26:24,232 [pool-57-thread-1] INFO  server.RaftServerConfigKeys (ConfUtils.java:logGet(43)) - raft.server.log.segment.cache.num.max = 2 (custom)
2019-10-19 01:26:24,233 [pool-107-thread-1] INFO  server.RaftServerConfigKeys (ConfUtils.java:logGet(43)) - raft.server.log.purge.gap = 1000000 (custom)
2019-10-19 01:26:24,232 [pool-87-thread-1] INFO  segmented.SegmentedRaftLogWorker (SegmentedRaftLogWorker.java:<init>(173)) - new df8ea49b-ef0b-40b0-a5d0-e4c136909b6f@group-12F62FEB2D83-SegmentedRaftLogWorker for RaftStorage:Storage Directory /workdir/hadoop-ozone/integration-test/target/test-dir/MiniOzoneClusterImpl-be769f72-d0ac-4a2c-8dca-159e9fc5eefe/datanode-6/data/ratis/bbab9873-e064-4dee-a03d-12f62feb2d83
2019-10-19 01:26:24,232 [7247ad7d-2ca2-4af8-9337-77c07ea89cb3@group-3C882E1F6B00-LeaderElection9] INFO  server.RaftServerConfigKeys (ConfUtils.java:logGet(43)) - raft.server.staging.catchup.gap = 1000 (default)
2019-10-19 01:26:24,233 [pool-87-thread-1] INFO  server.RaftServerConfigKeys (ConfUtils.java:logGet(43)) - raft.server.log.queue.byte-limit = 2147483647 (custom)
2019-10-19 01:26:24,233 [pool-107-thread-1] INFO  server.RaftServerConfigKeys (ConfUtils.java:logGet(43)) - raft.server.log.appender.buffer.byte-limit = 33554432 (custom)
2019-10-19 01:26:24,233 [pool-57-thread-1] INFO  segmented.SegmentedRaftLogWorker (SegmentedRaftLogWorker.java:<init>(173)) - new 7bdff0e9-7b76-4a2e-87b8-7520d2e34914@group-12F62FEB2D83-SegmentedRaftLogWorker for RaftStorage:Storage Directory /workdir/hadoop-ozone/integration-test/target/test-dir/MiniOzoneClusterImpl-be769f72-d0ac-4a2c-8dca-159e9fc5eefe/datanode-3/data/ratis/bbab9873-e064-4dee-a03d-12f62feb2d83
2019-10-19 01:26:24,233 [pool-107-thread-1] INFO  server.RaftServerConfigKeys (ConfUtils.java:logGet(43)) - raft.server.log.segment.size.max = 1048576 (custom)
2019-10-19 01:26:24,233 [pool-87-thread-1] INFO  server.RaftServerConfigKeys (ConfUtils.java:logGet(43)) - raft.server.log.queue.element-limit = 1024 (custom)
2019-10-19 01:26:24,233 [7247ad7d-2ca2-4af8-9337-77c07ea89cb3@group-3C882E1F6B00-LeaderElection9] INFO  server.RaftServerConfigKeys (ConfUtils.java:logGet(43)) - raft.server.rpc.sleep.time = 25ms (default)
2019-10-19 01:26:24,233 [pool-87-thread-1] INFO  server.RaftServerConfigKeys (ConfUtils.java:logGet(43)) - raft.server.log.segment.size.max = 1048576 (custom)
2019-10-19 01:26:24,233 [pool-107-thread-1] INFO  server.RaftServerConfigKeys (ConfUtils.java:logGet(43)) - raft.server.log.segment.cache.num.max = 2 (custom)
2019-10-19 01:26:24,233 [pool-57-thread-1] INFO  server.RaftServerConfigKeys (ConfUtils.java:logGet(43)) - raft.server.log.queue.byte-limit = 2147483647 (custom)
2019-10-19 01:26:24,234 [pool-107-thread-1] INFO  segmented.SegmentedRaftLogWorker (SegmentedRaftLogWorker.java:<init>(173)) - new a47f4692-6292-482b-87e1-943728217a13@group-12F62FEB2D83-SegmentedRaftLogWorker for RaftStorage:Storage Directory /workdir/hadoop-ozone/integration-test/target/test-dir/MiniOzoneClusterImpl-be769f72-d0ac-4a2c-8dca-159e9fc5eefe/datanode-8/data/ratis/bbab9873-e064-4dee-a03d-12f62feb2d83
2019-10-19 01:26:24,234 [7247ad7d-2ca2-4af8-9337-77c07ea89cb3@group-3C882E1F6B00-LeaderElection9] INFO  server.RaftServerConfigKeys (ConfUtils.java:logGet(43)) - raft.server.write.element-limit = 4096 (default)
2019-10-19 01:26:24,234 [pool-87-thread-1] INFO  server.RaftServerConfigKeys (ConfUtils.java:logGet(43)) - raft.server.log.preallocated.size = 16384 (custom)
2019-10-19 01:26:24,234 [7247ad7d-2ca2-4af8-9337-77c07ea89cb3@group-3C882E1F6B00-LeaderElection9] INFO  server.RaftServerConfigKeys (ConfUtils.java:logGet(43)) - raft.server.watch.timeout = 10s (default)
2019-10-19 01:26:24,234 [pool-107-thread-1] INFO  server.RaftServerConfigKeys (ConfUtils.java:logGet(43)) - raft.server.log.queue.byte-limit = 2147483647 (custom)
2019-10-19 01:26:24,234 [pool-57-thread-1] INFO  server.RaftServerConfigKeys (ConfUtils.java:logGet(43)) - raft.server.log.queue.element-limit = 1024 (custom)
2019-10-19 01:26:24,234 [pool-107-thread-1] INFO  server.RaftServerConfigKeys (ConfUtils.java:logGet(43)) - raft.server.log.queue.element-limit = 1024 (custom)
2019-10-19 01:26:24,234 [7247ad7d-2ca2-4af8-9337-77c07ea89cb3@group-3C882E1F6B00-LeaderElection9] INFO  server.RaftServerConfigKeys (ConfUtils.java:logGet(43)) - raft.server.watch.timeout.denomination = 1s (default)
2019-10-19 01:26:24,234 [pool-87-thread-1] INFO  server.RaftServerConfigKeys (ConfUtils.java:logGet(43)) - raft.server.log.write.buffer.size = 33554432 (custom)
2019-10-19 01:26:24,235 [7247ad7d-2ca2-4af8-9337-77c07ea89cb3@group-3C882E1F6B00-LeaderElection9] INFO  server.RaftServerConfigKeys (ConfUtils.java:logGet(43)) - raft.server.watch.element-limit = 65536 (default)
2019-10-19 01:26:24,234 [pool-107-thread-1] INFO  server.RaftServerConfigKeys (ConfUtils.java:logGet(43)) - raft.server.log.segment.size.max = 1048576 (custom)
2019-10-19 01:26:24,234 [pool-57-thread-1] INFO  server.RaftServerConfigKeys (ConfUtils.java:logGet(43)) - raft.server.log.segment.size.max = 1048576 (custom)
2019-10-19 01:26:24,235 [pool-107-thread-1] INFO  server.RaftServerConfigKeys (ConfUtils.java:logGet(43)) - raft.server.log.preallocated.size = 16384 (custom)
2019-10-19 01:26:24,235 [pool-87-thread-1] INFO  server.RaftServerConfigKeys (ConfUtils.java:logGet(43)) - raft.server.log.force.sync.num = 128 (default)
2019-10-19 01:26:24,235 [pool-107-thread-1] INFO  server.RaftServerConfigKeys (ConfUtils.java:logGet(43)) - raft.server.log.write.buffer.size = 33554432 (custom)
2019-10-19 01:26:24,235 [pool-57-thread-1] INFO  server.RaftServerConfigKeys (ConfUtils.java:logGet(43)) - raft.server.log.preallocated.size = 16384 (custom)
2019-10-19 01:26:24,235 [pool-107-thread-1] INFO  server.RaftServerConfigKeys (ConfUtils.java:logGet(43)) - raft.server.log.force.sync.num = 128 (default)
2019-10-19 01:26:24,235 [pool-87-thread-1] INFO  server.RaftServerConfigKeys (ConfUtils.java:logGet(43)) - raft.server.log.statemachine.data.sync = true (default)
2019-10-19 01:26:24,235 [pool-107-thread-1] INFO  server.RaftServerConfigKeys (ConfUtils.java:logGet(43)) - raft.server.log.statemachine.data.sync = true (default)
2019-10-19 01:26:24,235 [pool-57-thread-1] INFO  server.RaftServerConfigKeys (ConfUtils.java:logGet(43)) - raft.server.log.write.buffer.size = 33554432 (custom)
2019-10-19 01:26:24,236 [pool-107-thread-1] INFO  server.RaftServerConfigKeys (ConfUtils.java:logGet(43)) - raft.server.log.statemachine.data.sync.timeout = 10s (default)
2019-10-19 01:26:24,236 [pool-87-thread-1] INFO  server.RaftServerConfigKeys (ConfUtils.java:logGet(43)) - raft.server.log.statemachine.data.sync.timeout = 10s (default)
2019-10-19 01:26:24,236 [pool-107-thread-1] INFO  server.RaftServerConfigKeys (ConfUtils.java:logGet(43)) - raft.server.log.statemachine.data.sync.timeout.retry = -1 (default)
2019-10-19 01:26:24,236 [pool-57-thread-1] INFO  server.RaftServerConfigKeys (ConfUtils.java:logGet(43)) - raft.server.log.force.sync.num = 128 (default)
2019-10-19 01:26:24,236 [pool-87-thread-1] INFO  server.RaftServerConfigKeys (ConfUtils.java:logGet(43)) - raft.server.log.statemachine.data.sync.timeout.retry = -1 (default)
2019-10-19 01:26:24,236 [pool-57-thread-1] INFO  server.RaftServerConfigKeys (ConfUtils.java:logGet(43)) - raft.server.log.statemachine.data.sync = true (default)
2019-10-19 01:26:24,236 [pool-107-thread-1] INFO  server.RaftServerConfigKeys (ConfUtils.java:logGet(43)) - raft.server.log.statemachine.data.caching.enabled = true (custom)
2019-10-19 01:26:24,236 [pool-57-thread-1] INFO  server.RaftServerConfigKeys (ConfUtils.java:logGet(43)) - raft.server.log.statemachine.data.sync.timeout = 10s (default)
2019-10-19 01:26:24,236 [pool-87-thread-1] INFO  server.RaftServerConfigKeys (ConfUtils.java:logGet(43)) - raft.server.log.statemachine.data.caching.enabled = true (custom)
2019-10-19 01:26:24,236 [7247ad7d-2ca2-4af8-9337-77c07ea89cb3@group-3C882E1F6B00-LeaderElection9] INFO  impl.RoleInfo (RoleInfo.java:updateAndGet(143)) - 7247ad7d-2ca2-4af8-9337-77c07ea89cb3: start LeaderState
2019-10-19 01:26:24,237 [pool-57-thread-1] INFO  server.RaftServerConfigKeys (ConfUtils.java:logGet(43)) - raft.server.log.statemachine.data.sync.timeout.retry = -1 (default)
2019-10-19 01:26:24,237 [pool-107-thread-1] INFO  segmented.SegmentedRaftLogWorker (SegmentedRaftLogWorker.java:lambda$new$0(128)) - a47f4692-6292-482b-87e1-943728217a13@group-12F62FEB2D83-SegmentedRaftLogWorker: flushIndex: setUnconditionally 0 -> -1
2019-10-19 01:26:24,237 [pool-57-thread-1] INFO  server.RaftServerConfigKeys (ConfUtils.java:logGet(43)) - raft.server.log.statemachine.data.caching.enabled = true (custom)
2019-10-19 01:26:24,237 [pool-87-thread-1] INFO  segmented.SegmentedRaftLogWorker (SegmentedRaftLogWorker.java:lambda$new$0(128)) - df8ea49b-ef0b-40b0-a5d0-e4c136909b6f@group-12F62FEB2D83-SegmentedRaftLogWorker: flushIndex: setUnconditionally 0 -> -1
2019-10-19 01:26:24,237 [7247ad7d-2ca2-4af8-9337-77c07ea89cb3@group-3C882E1F6B00-LeaderElection9] INFO  segmented.SegmentedRaftLogWorker (SegmentedRaftLogWorker.java:startLogSegment(385)) - 7247ad7d-2ca2-4af8-9337-77c07ea89cb3@group-3C882E1F6B00-SegmentedRaftLogWorker: Starting segment from index:0
2019-10-19 01:26:24,237 [pool-107-thread-1] INFO  server.RaftServerConfigKeys (ConfUtils.java:logGet(43)) - raft.server.snapshot.auto.trigger.enabled = true (custom)
2019-10-19 01:26:24,237 [pool-57-thread-1] INFO  segmented.SegmentedRaftLogWorker (SegmentedRaftLogWorker.java:lambda$new$0(128)) - 7bdff0e9-7b76-4a2e-87b8-7520d2e34914@group-12F62FEB2D83-SegmentedRaftLogWorker: flushIndex: setUnconditionally 0 -> -1
2019-10-19 01:26:24,237 [pool-107-thread-1] INFO  server.RaftServerConfigKeys (ConfUtils.java:logGet(43)) - raft.server.snapshot.auto.trigger.threshold = 10000 (custom)
2019-10-19 01:26:24,237 [7247ad7d-2ca2-4af8-9337-77c07ea89cb3@group-3C882E1F6B00-LeaderElection9] INFO  impl.RaftServerImpl (ServerState.java:setRaftConf(357)) - 7247ad7d-2ca2-4af8-9337-77c07ea89cb3@group-3C882E1F6B00: set configuration 0: [7247ad7d-2ca2-4af8-9337-77c07ea89cb3:192.168.157.242:42362], old=null at 0
2019-10-19 01:26:24,237 [pool-87-thread-1] INFO  server.RaftServerConfigKeys (ConfUtils.java:logGet(43)) - raft.server.snapshot.auto.trigger.enabled = true (custom)
2019-10-19 01:26:24,238 [pool-57-thread-1] INFO  server.RaftServerConfigKeys (ConfUtils.java:logGet(43)) - raft.server.snapshot.auto.trigger.enabled = true (custom)
2019-10-19 01:26:24,238 [pool-107-thread-1] INFO  server.RaftServerConfigKeys (ConfUtils.java:logGet(43)) - raft.server.snapshot.retention.file.num = 5 (custom)
2019-10-19 01:26:24,266 [pool-57-thread-1] INFO  server.RaftServerConfigKeys (ConfUtils.java:logGet(43)) - raft.server.snapshot.auto.trigger.threshold = 10000 (custom)
2019-10-19 01:26:24,266 [pool-87-thread-1] INFO  server.RaftServerConfigKeys (ConfUtils.java:logGet(43)) - raft.server.snapshot.auto.trigger.threshold = 10000 (custom)
2019-10-19 01:26:24,266 [pool-107-thread-1] INFO  server.RaftServerConfigKeys (ConfUtils.java:logGet(43)) - raft.server.retrycache.expirytime = 600000ms (custom)
2019-10-19 01:26:24,266 [pool-57-thread-1] INFO  server.RaftServerConfigKeys (ConfUtils.java:logGet(43)) - raft.server.snapshot.retention.file.num = 5 (custom)
2019-10-19 01:26:24,266 [pool-87-thread-1] INFO  server.RaftServerConfigKeys (ConfUtils.java:logGet(43)) - raft.server.snapshot.retention.file.num = 5 (custom)
2019-10-19 01:26:24,267 [pool-57-thread-1] INFO  server.RaftServerConfigKeys (ConfUtils.java:logGet(43)) - raft.server.retrycache.expirytime = 600000ms (custom)
2019-10-19 01:26:24,267 [pool-87-thread-1] INFO  server.RaftServerConfigKeys (ConfUtils.java:logGet(43)) - raft.server.retrycache.expirytime = 600000ms (custom)
2019-10-19 01:26:24,269 [pool-107-thread-1] INFO  impl.RaftServerImpl (RaftServerImpl.java:start(195)) - a47f4692-6292-482b-87e1-943728217a13@group-12F62FEB2D83: start as a follower, conf=-1: [7bdff0e9-7b76-4a2e-87b8-7520d2e34914:192.168.157.242:33030, df8ea49b-ef0b-40b0-a5d0-e4c136909b6f:192.168.157.242:40644, a47f4692-6292-482b-87e1-943728217a13:192.168.157.242:34977], old=null
2019-10-19 01:26:24,269 [pool-107-thread-1] INFO  impl.RaftServerImpl (RaftServerImpl.java:setRole(184)) - a47f4692-6292-482b-87e1-943728217a13@group-12F62FEB2D83: changes role from      null to FOLLOWER at term 0 for startAsFollower
2019-10-19 01:26:24,270 [pool-107-thread-1] INFO  impl.RoleInfo (RoleInfo.java:updateAndGet(143)) - a47f4692-6292-482b-87e1-943728217a13: start FollowerState
2019-10-19 01:26:24,270 [pool-87-thread-1] INFO  impl.RaftServerImpl (RaftServerImpl.java:start(195)) - df8ea49b-ef0b-40b0-a5d0-e4c136909b6f@group-12F62FEB2D83: start as a follower, conf=-1: [7bdff0e9-7b76-4a2e-87b8-7520d2e34914:192.168.157.242:33030, df8ea49b-ef0b-40b0-a5d0-e4c136909b6f:192.168.157.242:40644, a47f4692-6292-482b-87e1-943728217a13:192.168.157.242:34977], old=null
2019-10-19 01:26:24,270 [pool-107-thread-1] INFO  util.JmxRegister (JmxRegister.java:tryRegister(44)) - Successfully registered JMX Bean with object name Ratis:service=RaftServer,group=group-12F62FEB2D83,id=a47f4692-6292-482b-87e1-943728217a13
2019-10-19 01:26:24,270 [pool-87-thread-1] INFO  impl.RaftServerImpl (RaftServerImpl.java:setRole(184)) - df8ea49b-ef0b-40b0-a5d0-e4c136909b6f@group-12F62FEB2D83: changes role from      null to FOLLOWER at term 0 for startAsFollower
2019-10-19 01:26:24,270 [pool-57-thread-1] INFO  impl.RaftServerImpl (RaftServerImpl.java:start(195)) - 7bdff0e9-7b76-4a2e-87b8-7520d2e34914@group-12F62FEB2D83: start as a follower, conf=-1: [7bdff0e9-7b76-4a2e-87b8-7520d2e34914:192.168.157.242:33030, df8ea49b-ef0b-40b0-a5d0-e4c136909b6f:192.168.157.242:40644, a47f4692-6292-482b-87e1-943728217a13:192.168.157.242:34977], old=null
2019-10-19 01:26:24,270 [pool-87-thread-1] INFO  impl.RoleInfo (RoleInfo.java:updateAndGet(143)) - df8ea49b-ef0b-40b0-a5d0-e4c136909b6f: start FollowerState
2019-10-19 01:26:24,270 [pool-57-thread-1] INFO  impl.RaftServerImpl (RaftServerImpl.java:setRole(184)) - 7bdff0e9-7b76-4a2e-87b8-7520d2e34914@group-12F62FEB2D83: changes role from      null to FOLLOWER at term 0 for startAsFollower
2019-10-19 01:26:24,270 [pool-87-thread-1] INFO  util.JmxRegister (JmxRegister.java:tryRegister(44)) - Successfully registered JMX Bean with object name Ratis:service=RaftServer,group=group-12F62FEB2D83,id=df8ea49b-ef0b-40b0-a5d0-e4c136909b6f
2019-10-19 01:26:24,270 [pool-57-thread-1] INFO  impl.RoleInfo (RoleInfo.java:updateAndGet(143)) - 7bdff0e9-7b76-4a2e-87b8-7520d2e34914: start FollowerState
2019-10-19 01:26:24,271 [pool-57-thread-1] INFO  util.JmxRegister (JmxRegister.java:tryRegister(44)) - Successfully registered JMX Bean with object name Ratis:service=RaftServer,group=group-12F62FEB2D83,id=7bdff0e9-7b76-4a2e-87b8-7520d2e34914
2019-10-19 01:26:24,293 [7247ad7d-2ca2-4af8-9337-77c07ea89cb3@group-3C882E1F6B00-SegmentedRaftLogWorker] INFO  segmented.SegmentedRaftLogWorker (SegmentedRaftLogWorker.java:execute(576)) - 7247ad7d-2ca2-4af8-9337-77c07ea89cb3@group-3C882E1F6B00-SegmentedRaftLogWorker: created new log segment /workdir/hadoop-ozone/integration-test/target/test-dir/MiniOzoneClusterImpl-be769f72-d0ac-4a2c-8dca-159e9fc5eefe/datanode-5/data/ratis/3a186974-b7c5-40e1-9330-3c882e1f6b00/current/log_inprogress_0
2019-10-19 01:26:24,297 [Thread-328] INFO  impl.FollowerState (FollowerState.java:run(108)) - 66201fde-c333-4aaa-b68d-70b7cf9182b0@group-656982B3D798-FollowerState: change to CANDIDATE, lastRpcTime:160ms, electionTimeout:158ms
2019-10-19 01:26:24,297 [Thread-328] INFO  impl.RoleInfo (RoleInfo.java:shutdownFollowerState(121)) - 66201fde-c333-4aaa-b68d-70b7cf9182b0: shutdown FollowerState
2019-10-19 01:26:24,297 [Thread-328] INFO  impl.RaftServerImpl (RaftServerImpl.java:setRole(184)) - 66201fde-c333-4aaa-b68d-70b7cf9182b0@group-656982B3D798: changes role from  FOLLOWER to CANDIDATE at term 0 for changeToCandidate
2019-10-19 01:26:24,300 [Thread-328] INFO  impl.RoleInfo (RoleInfo.java:updateAndGet(143)) - 66201fde-c333-4aaa-b68d-70b7cf9182b0: start LeaderElection
2019-10-19 01:26:24,304 [RatisPipelineUtilsThread] INFO  pipeline.PipelineStateManager (PipelineStateManager.java:addPipeline(56)) - Created pipeline Pipeline[ Id: bbab9873-e064-4dee-a03d-12f62feb2d83, Nodes: df8ea49b-ef0b-40b0-a5d0-e4c136909b6f{ip: 192.168.157.242, host: pr-hdds-2333-n5kd5-3813804867, networkLocation: /default-rack, certSerialId: null}a47f4692-6292-482b-87e1-943728217a13{ip: 192.168.157.242, host: pr-hdds-2333-n5kd5-3813804867, networkLocation: /default-rack, certSerialId: null}7bdff0e9-7b76-4a2e-87b8-7520d2e34914{ip: 192.168.157.242, host: pr-hdds-2333-n5kd5-3813804867, networkLocation: /default-rack, certSerialId: null}, Type:RATIS, Factor:THREE, State:OPEN]
2019-10-19 01:26:24,311 [Thread-336] INFO  impl.FollowerState (FollowerState.java:run(108)) - df8ea49b-ef0b-40b0-a5d0-e4c136909b6f@group-12F62FEB2D83-FollowerState: change to CANDIDATE, lastRpcTime:41ms, electionTimeout:41ms
2019-10-19 01:26:24,314 [Thread-336] INFO  impl.RoleInfo (RoleInfo.java:shutdownFollowerState(121)) - df8ea49b-ef0b-40b0-a5d0-e4c136909b6f: shutdown FollowerState
2019-10-19 01:26:24,314 [66201fde-c333-4aaa-b68d-70b7cf9182b0@group-656982B3D798-LeaderElection10] INFO  impl.LeaderElection (LeaderElection.java:askForVotes(178)) - 66201fde-c333-4aaa-b68d-70b7cf9182b0@group-656982B3D798-LeaderElection10: begin an election at term 1 for -1: [66201fde-c333-4aaa-b68d-70b7cf9182b0:192.168.157.242:35281], old=null
2019-10-19 01:26:24,314 [Thread-336] INFO  impl.RaftServerImpl (RaftServerImpl.java:setRole(184)) - df8ea49b-ef0b-40b0-a5d0-e4c136909b6f@group-12F62FEB2D83: changes role from  FOLLOWER to CANDIDATE at term 0 for changeToCandidate
2019-10-19 01:26:24,317 [66201fde-c333-4aaa-b68d-70b7cf9182b0@group-656982B3D798-LeaderElection10] INFO  impl.RoleInfo (RoleInfo.java:shutdownLeaderElection(134)) - 66201fde-c333-4aaa-b68d-70b7cf9182b0: shutdown LeaderElection
2019-10-19 01:26:24,317 [Thread-336] INFO  impl.RoleInfo (RoleInfo.java:updateAndGet(143)) - df8ea49b-ef0b-40b0-a5d0-e4c136909b6f: start LeaderElection
2019-10-19 01:26:24,318 [66201fde-c333-4aaa-b68d-70b7cf9182b0@group-656982B3D798-LeaderElection10] INFO  impl.RaftServerImpl (RaftServerImpl.java:setRole(184)) - 66201fde-c333-4aaa-b68d-70b7cf9182b0@group-656982B3D798: changes role from CANDIDATE to LEADER at term 1 for changeToLeader
2019-10-19 01:26:24,318 [66201fde-c333-4aaa-b68d-70b7cf9182b0@group-656982B3D798-LeaderElection10] INFO  impl.RaftServerImpl (ServerState.java:setLeader(256)) - 66201fde-c333-4aaa-b68d-70b7cf9182b0@group-656982B3D798: change Leader from null to 66201fde-c333-4aaa-b68d-70b7cf9182b0 at term 1 for becomeLeader, leader elected after 188ms
2019-10-19 01:26:24,321 [66201fde-c333-4aaa-b68d-70b7cf9182b0@group-656982B3D798-LeaderElection10] INFO  server.RaftServerConfigKeys (ConfUtils.java:logGet(43)) - raft.server.staging.catchup.gap = 1000 (default)
2019-10-19 01:26:24,322 [66201fde-c333-4aaa-b68d-70b7cf9182b0@group-656982B3D798-LeaderElection10] INFO  server.RaftServerConfigKeys (ConfUtils.java:logGet(43)) - raft.server.rpc.sleep.time = 25ms (default)
2019-10-19 01:26:24,323 [66201fde-c333-4aaa-b68d-70b7cf9182b0@group-656982B3D798-LeaderElection10] INFO  server.RaftServerConfigKeys (ConfUtils.java:logGet(43)) - raft.server.write.element-limit = 4096 (default)
2019-10-19 01:26:24,324 [66201fde-c333-4aaa-b68d-70b7cf9182b0@group-656982B3D798-LeaderElection10] INFO  server.RaftServerConfigKeys (ConfUtils.java:logGet(43)) - raft.server.watch.timeout = 10s (default)
2019-10-19 01:26:24,324 [66201fde-c333-4aaa-b68d-70b7cf9182b0@group-656982B3D798-LeaderElection10] INFO  server.RaftServerConfigKeys (ConfUtils.java:logGet(43)) - raft.server.watch.timeout.denomination = 1s (default)
2019-10-19 01:26:24,325 [66201fde-c333-4aaa-b68d-70b7cf9182b0@group-656982B3D798-LeaderElection10] INFO  server.RaftServerConfigKeys (ConfUtils.java:logGet(43)) - raft.server.watch.element-limit = 65536 (default)
2019-10-19 01:26:24,328 [66201fde-c333-4aaa-b68d-70b7cf9182b0@group-656982B3D798-LeaderElection10] INFO  impl.RoleInfo (RoleInfo.java:updateAndGet(143)) - 66201fde-c333-4aaa-b68d-70b7cf9182b0: start LeaderState
2019-10-19 01:26:24,328 [66201fde-c333-4aaa-b68d-70b7cf9182b0@group-656982B3D798-LeaderElection10] INFO  segmented.SegmentedRaftLogWorker (SegmentedRaftLogWorker.java:startLogSegment(385)) - 66201fde-c333-4aaa-b68d-70b7cf9182b0@group-656982B3D798-SegmentedRaftLogWorker: Starting segment from index:0
2019-10-19 01:26:24,329 [66201fde-c333-4aaa-b68d-70b7cf9182b0@group-656982B3D798-LeaderElection10] INFO  impl.RaftServerImpl (ServerState.java:setRaftConf(357)) - 66201fde-c333-4aaa-b68d-70b7cf9182b0@group-656982B3D798: set configuration 0: [66201fde-c333-4aaa-b68d-70b7cf9182b0:192.168.157.242:35281], old=null at 0
2019-10-19 01:26:24,353 [df8ea49b-ef0b-40b0-a5d0-e4c136909b6f@group-12F62FEB2D83-LeaderElection11] INFO  impl.LeaderElection (LeaderElection.java:askForVotes(178)) - df8ea49b-ef0b-40b0-a5d0-e4c136909b6f@group-12F62FEB2D83-LeaderElection11: begin an election at term 1 for -1: [7bdff0e9-7b76-4a2e-87b8-7520d2e34914:192.168.157.242:33030, df8ea49b-ef0b-40b0-a5d0-e4c136909b6f:192.168.157.242:40644, a47f4692-6292-482b-87e1-943728217a13:192.168.157.242:34977], old=null
2019-10-19 01:26:24,353 [grpc-default-executor-1] INFO  impl.RaftServerProxy (RaftServerProxy.java:addNew(89)) - abe27936-fa37-414d-b2e1-4e10a1c095a6: addNew group-F842E1832D96:[236187ad-c3a6-4195-8acc-6254fb470a95:192.168.157.242:36973, 964c97d4-fbb7-48cf-b727-382e7669b5e9:192.168.157.242:42114, abe27936-fa37-414d-b2e1-4e10a1c095a6:192.168.157.242:42932] returns group-F842E1832D96:java.util.concurrent.CompletableFuture@af0aad1[Not completed]
2019-10-19 01:26:24,354 [pool-37-thread-1] INFO  impl.RaftServerImpl (RaftServerImpl.java:<init>(104)) - abe27936-fa37-414d-b2e1-4e10a1c095a6: new RaftServerImpl for group-F842E1832D96:[236187ad-c3a6-4195-8acc-6254fb470a95:192.168.157.242:36973, 964c97d4-fbb7-48cf-b727-382e7669b5e9:192.168.157.242:42114, abe27936-fa37-414d-b2e1-4e10a1c095a6:192.168.157.242:42932] with ContainerStateMachine:uninitialized
2019-10-19 01:26:24,354 [pool-37-thread-1] INFO  server.RaftServerConfigKeys (ConfUtils.java:logGet(43)) - raft.server.rpc.timeout.min = 1s (custom)
2019-10-19 01:26:24,354 [pool-37-thread-1] INFO  server.RaftServerConfigKeys (ConfUtils.java:logGet(43)) - raft.server.rpc.timeout.max = 1200ms (custom)
2019-10-19 01:26:24,354 [pool-37-thread-1] INFO  server.RaftServerConfigKeys (ConfUtils.java:logGet(43)) - raft.server.rpcslowness.timeout = 120s (custom)
2019-10-19 01:26:24,354 [pool-37-thread-1] INFO  server.RaftServerConfigKeys (ConfUtils.java:logGet(43)) - raft.server.sleep.deviation.threshold = 300 (default)
2019-10-19 01:26:24,354 [pool-37-thread-1] INFO  server.RaftServerConfigKeys (ConfUtils.java:logGet(43)) - raft.server.log.appender.install.snapshot.enabled = false (custom)
2019-10-19 01:26:24,354 [pool-37-thread-1] INFO  impl.RaftServerImpl (ServerState.java:<init>(103)) - abe27936-fa37-414d-b2e1-4e10a1c095a6@group-F842E1832D96: ConfigurationManager, init=-1: [236187ad-c3a6-4195-8acc-6254fb470a95:192.168.157.242:36973, 964c97d4-fbb7-48cf-b727-382e7669b5e9:192.168.157.242:42114, abe27936-fa37-414d-b2e1-4e10a1c095a6:192.168.157.242:42932], old=null, confs=<EMPTY_MAP>
2019-10-19 01:26:24,355 [grpc-default-executor-1] INFO  impl.RaftServerProxy (RaftServerProxy.java:addNew(89)) - 236187ad-c3a6-4195-8acc-6254fb470a95: addNew group-F842E1832D96:[236187ad-c3a6-4195-8acc-6254fb470a95:192.168.157.242:36973, 964c97d4-fbb7-48cf-b727-382e7669b5e9:192.168.157.242:42114, abe27936-fa37-414d-b2e1-4e10a1c095a6:192.168.157.242:42932] returns group-F842E1832D96:java.util.concurrent.CompletableFuture@27589da5[Not completed]
2019-10-19 01:26:24,355 [pool-37-thread-1] INFO  server.RaftServerConfigKeys (ConfUtils.java:logGet(43)) - raft.server.storage.dir = [/workdir/hadoop-ozone/integration-test/target/test-dir/MiniOzoneClusterImpl-be769f72-d0ac-4a2c-8dca-159e9fc5eefe/datanode-1/data/ratis] (custom)
2019-10-19 01:26:24,355 [pool-37-thread-1] INFO  server.RaftServerConfigKeys (ConfUtils.java:logGet(43)) - raft.server.log.corruption.policy = EXCEPTION (default)
2019-10-19 01:26:24,355 [pool-37-thread-1] INFO  storage.RaftStorageDirectory (RaftStorageDirectory.java:analyzeStorage(246)) - The storage directory /workdir/hadoop-ozone/integration-test/target/test-dir/MiniOzoneClusterImpl-be769f72-d0ac-4a2c-8dca-159e9fc5eefe/datanode-1/data/ratis/72b83858-5b43-40ac-9506-f842e1832d96 does not exist. Creating ...
2019-10-19 01:26:24,367 [66201fde-c333-4aaa-b68d-70b7cf9182b0@group-656982B3D798-SegmentedRaftLogWorker] INFO  segmented.SegmentedRaftLogWorker (SegmentedRaftLogWorker.java:execute(576)) - 66201fde-c333-4aaa-b68d-70b7cf9182b0@group-656982B3D798-SegmentedRaftLogWorker: created new log segment /workdir/hadoop-ozone/integration-test/target/test-dir/MiniOzoneClusterImpl-be769f72-d0ac-4a2c-8dca-159e9fc5eefe/datanode-9/data/ratis/a617f089-a8a7-4494-a884-656982b3d798/current/log_inprogress_0
2019-10-19 01:26:24,367 [grpc-default-executor-2] INFO  impl.RaftServerProxy (RaftServerProxy.java:addNew(89)) - 964c97d4-fbb7-48cf-b727-382e7669b5e9: addNew group-F842E1832D96:[236187ad-c3a6-4195-8acc-6254fb470a95:192.168.157.242:36973, 964c97d4-fbb7-48cf-b727-382e7669b5e9:192.168.157.242:42114, abe27936-fa37-414d-b2e1-4e10a1c095a6:192.168.157.242:42932] returns group-F842E1832D96:java.util.concurrent.CompletableFuture@52d85cd5[Not completed]
2019-10-19 01:26:24,367 [pool-47-thread-1] INFO  impl.RaftServerImpl (RaftServerImpl.java:<init>(104)) - 236187ad-c3a6-4195-8acc-6254fb470a95: new RaftServerImpl for group-F842E1832D96:[236187ad-c3a6-4195-8acc-6254fb470a95:192.168.157.242:36973, 964c97d4-fbb7-48cf-b727-382e7669b5e9:192.168.157.242:42114, abe27936-fa37-414d-b2e1-4e10a1c095a6:192.168.157.242:42932] with ContainerStateMachine:uninitialized
2019-10-19 01:26:24,367 [pool-47-thread-1] INFO  server.RaftServerConfigKeys (ConfUtils.java:logGet(43)) - raft.server.rpc.timeout.min = 1s (custom)
2019-10-19 01:26:24,367 [pool-47-thread-1] INFO  server.RaftServerConfigKeys (ConfUtils.java:logGet(43)) - raft.server.rpc.timeout.max = 1200ms (custom)
2019-10-19 01:26:24,368 [pool-47-thread-1] INFO  server.RaftServerConfigKeys (ConfUtils.java:logGet(43)) - raft.server.rpcslowness.timeout = 120s (custom)
2019-10-19 01:26:24,368 [pool-47-thread-1] INFO  server.RaftServerConfigKeys (ConfUtils.java:logGet(43)) - raft.server.sleep.deviation.threshold = 300 (default)
2019-10-19 01:26:24,368 [pool-47-thread-1] INFO  server.RaftServerConfigKeys (ConfUtils.java:logGet(43)) - raft.server.log.appender.install.snapshot.enabled = false (custom)
2019-10-19 01:26:24,368 [pool-47-thread-1] INFO  impl.RaftServerImpl (ServerState.java:<init>(103)) - 236187ad-c3a6-4195-8acc-6254fb470a95@group-F842E1832D96: ConfigurationManager, init=-1: [236187ad-c3a6-4195-8acc-6254fb470a95:192.168.157.242:36973, 964c97d4-fbb7-48cf-b727-382e7669b5e9:192.168.157.242:42114, abe27936-fa37-414d-b2e1-4e10a1c095a6:192.168.157.242:42932], old=null, confs=<EMPTY_MAP>
2019-10-19 01:26:24,368 [pool-47-thread-1] INFO  server.RaftServerConfigKeys (ConfUtils.java:logGet(43)) - raft.server.storage.dir = [/workdir/hadoop-ozone/integration-test/target/test-dir/MiniOzoneClusterImpl-be769f72-d0ac-4a2c-8dca-159e9fc5eefe/datanode-2/data/ratis] (custom)
2019-10-19 01:26:24,368 [pool-47-thread-1] INFO  server.RaftServerConfigKeys (ConfUtils.java:logGet(43)) - raft.server.log.corruption.policy = EXCEPTION (default)
2019-10-19 01:26:24,368 [pool-27-thread-1] INFO  impl.RaftServerImpl (RaftServerImpl.java:<init>(104)) - 964c97d4-fbb7-48cf-b727-382e7669b5e9: new RaftServerImpl for group-F842E1832D96:[236187ad-c3a6-4195-8acc-6254fb470a95:192.168.157.242:36973, 964c97d4-fbb7-48cf-b727-382e7669b5e9:192.168.157.242:42114, abe27936-fa37-414d-b2e1-4e10a1c095a6:192.168.157.242:42932] with ContainerStateMachine:uninitialized
2019-10-19 01:26:24,368 [pool-47-thread-1] INFO  storage.RaftStorageDirectory (RaftStorageDirectory.java:analyzeStorage(246)) - The storage directory /workdir/hadoop-ozone/integration-test/target/test-dir/MiniOzoneClusterImpl-be769f72-d0ac-4a2c-8dca-159e9fc5eefe/datanode-2/data/ratis/72b83858-5b43-40ac-9506-f842e1832d96 does not exist. Creating ...
2019-10-19 01:26:24,369 [pool-27-thread-1] INFO  server.RaftServerConfigKeys (ConfUtils.java:logGet(43)) - raft.server.rpc.timeout.min = 1s (custom)
2019-10-19 01:26:24,369 [pool-27-thread-1] INFO  server.RaftServerConfigKeys (ConfUtils.java:logGet(43)) - raft.server.rpc.timeout.max = 1200ms (custom)
2019-10-19 01:26:24,369 [pool-27-thread-1] INFO  server.RaftServerConfigKeys (ConfUtils.java:logGet(43)) - raft.server.rpcslowness.timeout = 120s (custom)
2019-10-19 01:26:24,369 [pool-27-thread-1] INFO  server.RaftServerConfigKeys (ConfUtils.java:logGet(43)) - raft.server.sleep.deviation.threshold = 300 (default)
2019-10-19 01:26:24,369 [pool-27-thread-1] INFO  server.RaftServerConfigKeys (ConfUtils.java:logGet(43)) - raft.server.log.appender.install.snapshot.enabled = false (custom)
2019-10-19 01:26:24,369 [pool-27-thread-1] INFO  impl.RaftServerImpl (ServerState.java:<init>(103)) - 964c97d4-fbb7-48cf-b727-382e7669b5e9@group-F842E1832D96: ConfigurationManager, init=-1: [236187ad-c3a6-4195-8acc-6254fb470a95:192.168.157.242:36973, 964c97d4-fbb7-48cf-b727-382e7669b5e9:192.168.157.242:42114, abe27936-fa37-414d-b2e1-4e10a1c095a6:192.168.157.242:42932], old=null, confs=<EMPTY_MAP>
2019-10-19 01:26:24,369 [pool-27-thread-1] INFO  server.RaftServerConfigKeys (ConfUtils.java:logGet(43)) - raft.server.storage.dir = [/workdir/hadoop-ozone/integration-test/target/test-dir/MiniOzoneClusterImpl-be769f72-d0ac-4a2c-8dca-159e9fc5eefe/datanode-0/data/ratis] (custom)
2019-10-19 01:26:24,370 [pool-27-thread-1] INFO  server.RaftServerConfigKeys (ConfUtils.java:logGet(43)) - raft.server.log.corruption.policy = EXCEPTION (default)
2019-10-19 01:26:24,370 [pool-27-thread-1] INFO  storage.RaftStorageDirectory (RaftStorageDirectory.java:analyzeStorage(246)) - The storage directory /workdir/hadoop-ozone/integration-test/target/test-dir/MiniOzoneClusterImpl-be769f72-d0ac-4a2c-8dca-159e9fc5eefe/datanode-0/data/ratis/72b83858-5b43-40ac-9506-f842e1832d96 does not exist. Creating ...
2019-10-19 01:26:24,380 [pool-27-thread-1] INFO  storage.RaftStorageDirectory (RaftStorageDirectory.java:tryLock(328)) - Lock on /workdir/hadoop-ozone/integration-test/target/test-dir/MiniOzoneClusterImpl-be769f72-d0ac-4a2c-8dca-159e9fc5eefe/datanode-0/data/ratis/72b83858-5b43-40ac-9506-f842e1832d96/in_use.lock acquired by nodename 666@pr-hdds-2333-n5kd5-3813804867
2019-10-19 01:26:24,380 [pool-47-thread-1] INFO  storage.RaftStorageDirectory (RaftStorageDirectory.java:tryLock(328)) - Lock on /workdir/hadoop-ozone/integration-test/target/test-dir/MiniOzoneClusterImpl-be769f72-d0ac-4a2c-8dca-159e9fc5eefe/datanode-2/data/ratis/72b83858-5b43-40ac-9506-f842e1832d96/in_use.lock acquired by nodename 666@pr-hdds-2333-n5kd5-3813804867
2019-10-19 01:26:24,380 [pool-37-thread-1] INFO  storage.RaftStorageDirectory (RaftStorageDirectory.java:tryLock(328)) - Lock on /workdir/hadoop-ozone/integration-test/target/test-dir/MiniOzoneClusterImpl-be769f72-d0ac-4a2c-8dca-159e9fc5eefe/datanode-1/data/ratis/72b83858-5b43-40ac-9506-f842e1832d96/in_use.lock acquired by nodename 666@pr-hdds-2333-n5kd5-3813804867
2019-10-19 01:26:24,383 [pool-27-thread-1] INFO  storage.RaftStorage (RaftStorage.java:format(84)) - Storage directory /workdir/hadoop-ozone/integration-test/target/test-dir/MiniOzoneClusterImpl-be769f72-d0ac-4a2c-8dca-159e9fc5eefe/datanode-0/data/ratis/72b83858-5b43-40ac-9506-f842e1832d96 has been successfully formatted.
2019-10-19 01:26:24,385 [pool-37-thread-1] INFO  storage.RaftStorage (RaftStorage.java:format(84)) - Storage directory /workdir/hadoop-ozone/integration-test/target/test-dir/MiniOzoneClusterImpl-be769f72-d0ac-4a2c-8dca-159e9fc5eefe/datanode-1/data/ratis/72b83858-5b43-40ac-9506-f842e1832d96 has been successfully formatted.
2019-10-19 01:26:24,385 [pool-47-thread-1] INFO  storage.RaftStorage (RaftStorage.java:format(84)) - Storage directory /workdir/hadoop-ozone/integration-test/target/test-dir/MiniOzoneClusterImpl-be769f72-d0ac-4a2c-8dca-159e9fc5eefe/datanode-2/data/ratis/72b83858-5b43-40ac-9506-f842e1832d96 has been successfully formatted.
2019-10-19 01:26:24,385 [pool-27-thread-1] INFO  ratis.ContainerStateMachine (ContainerStateMachine.java:loadSnapshot(231)) - group-F842E1832D96: The snapshot info is null. Setting the last applied indexto:(t:0, i:~)
2019-10-19 01:26:24,385 [pool-37-thread-1] INFO  ratis.ContainerStateMachine (ContainerStateMachine.java:loadSnapshot(231)) - group-F842E1832D96: The snapshot info is null. Setting the last applied indexto:(t:0, i:~)
2019-10-19 01:26:24,387 [Thread-337] INFO  impl.FollowerState (FollowerState.java:run(108)) - 7bdff0e9-7b76-4a2e-87b8-7520d2e34914@group-12F62FEB2D83-FollowerState: change to CANDIDATE, lastRpcTime:117ms, electionTimeout:116ms
2019-10-19 01:26:24,386 [pool-27-thread-1] INFO  server.RaftServerConfigKeys (ConfUtils.java:logGet(43)) - raft.server.notification.no-leader.timeout = 120s (custom)
2019-10-19 01:26:24,386 [pool-47-thread-1] INFO  ratis.ContainerStateMachine (ContainerStateMachine.java:loadSnapshot(231)) - group-F842E1832D96: The snapshot info is null. Setting the last applied indexto:(t:0, i:~)
2019-10-19 01:26:24,388 [pool-27-thread-1] INFO  server.RaftServerConfigKeys (ConfUtils.java:logGet(43)) - raft.server.log.use.memory = false (default)
2019-10-19 01:26:24,388 [Thread-337] INFO  impl.RoleInfo (RoleInfo.java:shutdownFollowerState(121)) - 7bdff0e9-7b76-4a2e-87b8-7520d2e34914: shutdown FollowerState
2019-10-19 01:26:24,387 [pool-37-thread-1] INFO  server.RaftServerConfigKeys (ConfUtils.java:logGet(43)) - raft.server.notification.no-leader.timeout = 120s (custom)
2019-10-19 01:26:24,388 [Thread-337] INFO  impl.RaftServerImpl (RaftServerImpl.java:setRole(184)) - 7bdff0e9-7b76-4a2e-87b8-7520d2e34914@group-12F62FEB2D83: changes role from  FOLLOWER to CANDIDATE at term 0 for changeToCandidate
2019-10-19 01:26:24,388 [pool-27-thread-1] INFO  server.RaftServerConfigKeys (ConfUtils.java:logGet(43)) - raft.server.log.purge.gap = 1000000 (custom)
2019-10-19 01:26:24,388 [Thread-337] INFO  impl.RoleInfo (RoleInfo.java:updateAndGet(143)) - 7bdff0e9-7b76-4a2e-87b8-7520d2e34914: start LeaderElection
2019-10-19 01:26:24,388 [pool-47-thread-1] INFO  server.RaftServerConfigKeys (ConfUtils.java:logGet(43)) - raft.server.notification.no-leader.timeout = 120s (custom)
2019-10-19 01:26:24,388 [pool-27-thread-1] INFO  server.RaftServerConfigKeys (ConfUtils.java:logGet(43)) - raft.server.log.appender.buffer.byte-limit = 33554432 (custom)
2019-10-19 01:26:24,388 [pool-37-thread-1] INFO  server.RaftServerConfigKeys (ConfUtils.java:logGet(43)) - raft.server.log.use.memory = false (default)
2019-10-19 01:26:24,391 [pool-27-thread-1] INFO  server.RaftServerConfigKeys (ConfUtils.java:logGet(43)) - raft.server.log.segment.size.max = 1048576 (custom)
2019-10-19 01:26:24,388 [pool-47-thread-1] INFO  server.RaftServerConfigKeys (ConfUtils.java:logGet(43)) - raft.server.log.use.memory = false (default)
2019-10-19 01:26:24,392 [pool-27-thread-1] INFO  server.RaftServerConfigKeys (ConfUtils.java:logGet(43)) - raft.server.log.segment.cache.num.max = 2 (custom)
2019-10-19 01:26:24,392 [pool-37-thread-1] INFO  server.RaftServerConfigKeys (ConfUtils.java:logGet(43)) - raft.server.log.purge.gap = 1000000 (custom)
2019-10-19 01:26:24,392 [pool-27-thread-1] INFO  segmented.SegmentedRaftLogWorker (SegmentedRaftLogWorker.java:<init>(173)) - new 964c97d4-fbb7-48cf-b727-382e7669b5e9@group-F842E1832D96-SegmentedRaftLogWorker for RaftStorage:Storage Directory /workdir/hadoop-ozone/integration-test/target/test-dir/MiniOzoneClusterImpl-be769f72-d0ac-4a2c-8dca-159e9fc5eefe/datanode-0/data/ratis/72b83858-5b43-40ac-9506-f842e1832d96
2019-10-19 01:26:24,392 [pool-47-thread-1] INFO  server.RaftServerConfigKeys (ConfUtils.java:logGet(43)) - raft.server.log.purge.gap = 1000000 (custom)
2019-10-19 01:26:24,392 [pool-27-thread-1] INFO  server.RaftServerConfigKeys (ConfUtils.java:logGet(43)) - raft.server.log.queue.byte-limit = 2147483647 (custom)
2019-10-19 01:26:24,392 [pool-37-thread-1] INFO  server.RaftServerConfigKeys (ConfUtils.java:logGet(43)) - raft.server.log.appender.buffer.byte-limit = 33554432 (custom)
2019-10-19 01:26:24,392 [pool-27-thread-1] INFO  server.RaftServerConfigKeys (ConfUtils.java:logGet(43)) - raft.server.log.queue.element-limit = 1024 (custom)
2019-10-19 01:26:24,392 [pool-47-thread-1] INFO  server.RaftServerConfigKeys (ConfUtils.java:logGet(43)) - raft.server.log.appender.buffer.byte-limit = 33554432 (custom)
2019-10-19 01:26:24,393 [pool-27-thread-1] INFO  server.RaftServerConfigKeys (ConfUtils.java:logGet(43)) - raft.server.log.segment.size.max = 1048576 (custom)
2019-10-19 01:26:24,392 [pool-37-thread-1] INFO  server.RaftServerConfigKeys (ConfUtils.java:logGet(43)) - raft.server.log.segment.size.max = 1048576 (custom)
2019-10-19 01:26:24,394 [grpc-default-executor-1] INFO  impl.RaftServerImpl (RaftServerImpl.java:setRole(184)) - a47f4692-6292-482b-87e1-943728217a13@group-12F62FEB2D83: changes role from  FOLLOWER to FOLLOWER at term 1 for recognizeCandidate:df8ea49b-ef0b-40b0-a5d0-e4c136909b6f
2019-10-19 01:26:24,394 [pool-27-thread-1] INFO  server.RaftServerConfigKeys (ConfUtils.java:logGet(43)) - raft.server.log.preallocated.size = 16384 (custom)
2019-10-19 01:26:24,394 [pool-47-thread-1] INFO  server.RaftServerConfigKeys (ConfUtils.java:logGet(43)) - raft.server.log.segment.size.max = 1048576 (custom)
2019-10-19 01:26:24,394 [pool-27-thread-1] INFO  server.RaftServerConfigKeys (ConfUtils.java:logGet(43)) - raft.server.log.write.buffer.size = 33554432 (custom)
2019-10-19 01:26:24,394 [grpc-default-executor-1] INFO  impl.RoleInfo (RoleInfo.java:shutdownFollowerState(121)) - a47f4692-6292-482b-87e1-943728217a13: shutdown FollowerState
2019-10-19 01:26:24,394 [pool-37-thread-1] INFO  server.RaftServerConfigKeys (ConfUtils.java:logGet(43)) - raft.server.log.segment.cache.num.max = 2 (custom)
2019-10-19 01:26:24,394 [grpc-default-executor-1] INFO  impl.RoleInfo (RoleInfo.java:updateAndGet(143)) - a47f4692-6292-482b-87e1-943728217a13: start FollowerState
2019-10-19 01:26:24,394 [Thread-335] INFO  impl.FollowerState (FollowerState.java:run(117)) - a47f4692-6292-482b-87e1-943728217a13@group-12F62FEB2D83-FollowerState was interrupted: java.lang.InterruptedException: sleep interrupted
2019-10-19 01:26:24,394 [pool-27-thread-1] INFO  server.RaftServerConfigKeys (ConfUtils.java:logGet(43)) - raft.server.log.force.sync.num = 128 (default)
2019-10-19 01:26:24,394 [pool-47-thread-1] INFO  server.RaftServerConfigKeys (ConfUtils.java:logGet(43)) - raft.server.log.segment.cache.num.max = 2 (custom)
2019-10-19 01:26:24,396 [pool-27-thread-1] INFO  server.RaftServerConfigKeys (ConfUtils.java:logGet(43)) - raft.server.log.statemachine.data.sync = true (default)
2019-10-19 01:26:24,394 [pool-37-thread-1] INFO  segmented.SegmentedRaftLogWorker (SegmentedRaftLogWorker.java:<init>(173)) - new abe27936-fa37-414d-b2e1-4e10a1c095a6@group-F842E1832D96-SegmentedRaftLogWorker for RaftStorage:Storage Directory /workdir/hadoop-ozone/integration-test/target/test-dir/MiniOzoneClusterImpl-be769f72-d0ac-4a2c-8dca-159e9fc5eefe/datanode-1/data/ratis/72b83858-5b43-40ac-9506-f842e1832d96
2019-10-19 01:26:24,396 [pool-27-thread-1] INFO  server.RaftServerConfigKeys (ConfUtils.java:logGet(43)) - raft.server.log.statemachine.data.sync.timeout = 10s (default)
2019-10-19 01:26:24,396 [pool-47-thread-1] INFO  segmented.SegmentedRaftLogWorker (SegmentedRaftLogWorker.java:<init>(173)) - new 236187ad-c3a6-4195-8acc-6254fb470a95@group-F842E1832D96-SegmentedRaftLogWorker for RaftStorage:Storage Directory /workdir/hadoop-ozone/integration-test/target/test-dir/MiniOzoneClusterImpl-be769f72-d0ac-4a2c-8dca-159e9fc5eefe/datanode-2/data/ratis/72b83858-5b43-40ac-9506-f842e1832d96
2019-10-19 01:26:24,396 [pool-27-thread-1] INFO  server.RaftServerConfigKeys (ConfUtils.java:logGet(43)) - raft.server.log.statemachine.data.sync.timeout.retry = -1 (default)
2019-10-19 01:26:24,396 [pool-37-thread-1] INFO  server.RaftServerConfigKeys (ConfUtils.java:logGet(43)) - raft.server.log.queue.byte-limit = 2147483647 (custom)
2019-10-19 01:26:24,396 [pool-47-thread-1] INFO  server.RaftServerConfigKeys (ConfUtils.java:logGet(43)) - raft.server.log.queue.byte-limit = 2147483647 (custom)
2019-10-19 01:26:24,396 [pool-37-thread-1] INFO  server.RaftServerConfigKeys (ConfUtils.java:logGet(43)) - raft.server.log.queue.element-limit = 1024 (custom)
2019-10-19 01:26:24,396 [pool-27-thread-1] INFO  server.RaftServerConfigKeys (ConfUtils.java:logGet(43)) - raft.server.log.statemachine.data.caching.enabled = true (custom)
2019-10-19 01:26:24,397 [pool-37-thread-1] INFO  server.RaftServerConfigKeys (ConfUtils.java:logGet(43)) - raft.server.log.segment.size.max = 1048576 (custom)
2019-10-19 01:26:24,396 [pool-47-thread-1] INFO  server.RaftServerConfigKeys (ConfUtils.java:logGet(43)) - raft.server.log.queue.element-limit = 1024 (custom)
2019-10-19 01:26:24,397 [pool-27-thread-1] INFO  segmented.SegmentedRaftLogWorker (SegmentedRaftLogWorker.java:lambda$new$0(128)) - 964c97d4-fbb7-48cf-b727-382e7669b5e9@group-F842E1832D96-SegmentedRaftLogWorker: flushIndex: setUnconditionally 0 -> -1
2019-10-19 01:26:24,397 [pool-37-thread-1] INFO  server.RaftServerConfigKeys (ConfUtils.java:logGet(43)) - raft.server.log.preallocated.size = 16384 (custom)
2019-10-19 01:26:24,397 [pool-47-thread-1] INFO  server.RaftServerConfigKeys (ConfUtils.java:logGet(43)) - raft.server.log.segment.size.max = 1048576 (custom)
2019-10-19 01:26:24,397 [pool-27-thread-1] INFO  server.RaftServerConfigKeys (ConfUtils.java:logGet(43)) - raft.server.snapshot.auto.trigger.enabled = true (custom)
2019-10-19 01:26:24,397 [pool-37-thread-1] INFO  server.RaftServerConfigKeys (ConfUtils.java:logGet(43)) - raft.server.log.write.buffer.size = 33554432 (custom)
2019-10-19 01:26:24,397 [pool-27-thread-1] INFO  server.RaftServerConfigKeys (ConfUtils.java:logGet(43)) - raft.server.snapshot.auto.trigger.threshold = 10000 (custom)
2019-10-19 01:26:24,397 [pool-47-thread-1] INFO  server.RaftServerConfigKeys (ConfUtils.java:logGet(43)) - raft.server.log.preallocated.size = 16384 (custom)
2019-10-19 01:26:24,397 [pool-27-thread-1] INFO  server.RaftServerConfigKeys (ConfUtils.java:logGet(43)) - raft.server.snapshot.retention.file.num = 5 (custom)
2019-10-19 01:26:24,397 [pool-37-thread-1] INFO  server.RaftServerConfigKeys (ConfUtils.java:logGet(43)) - raft.server.log.force.sync.num = 128 (default)
2019-10-19 01:26:24,398 [pool-27-thread-1] INFO  server.RaftServerConfigKeys (ConfUtils.java:logGet(43)) - raft.server.retrycache.expirytime = 600000ms (custom)
2019-10-19 01:26:24,397 [pool-47-thread-1] INFO  server.RaftServerConfigKeys (ConfUtils.java:logGet(43)) - raft.server.log.write.buffer.size = 33554432 (custom)
2019-10-19 01:26:24,398 [pool-37-thread-1] INFO  server.RaftServerConfigKeys (ConfUtils.java:logGet(43)) - raft.server.log.statemachine.data.sync = true (default)
2019-10-19 01:26:24,398 [pool-47-thread-1] INFO  server.RaftServerConfigKeys (ConfUtils.java:logGet(43)) - raft.server.log.force.sync.num = 128 (default)
2019-10-19 01:26:24,398 [pool-37-thread-1] INFO  server.RaftServerConfigKeys (ConfUtils.java:logGet(43)) - raft.server.log.statemachine.data.sync.timeout = 10s (default)
2019-10-19 01:26:24,398 [pool-47-thread-1] INFO  server.RaftServerConfigKeys (ConfUtils.java:logGet(43)) - raft.server.log.statemachine.data.sync = true (default)
2019-10-19 01:26:24,398 [pool-37-thread-1] INFO  server.RaftServerConfigKeys (ConfUtils.java:logGet(43)) - raft.server.log.statemachine.data.sync.timeout.retry = -1 (default)
2019-10-19 01:26:24,398 [pool-47-thread-1] INFO  server.RaftServerConfigKeys (ConfUtils.java:logGet(43)) - raft.server.log.statemachine.data.sync.timeout = 10s (default)
2019-10-19 01:26:24,398 [pool-47-thread-1] INFO  server.RaftServerConfigKeys (ConfUtils.java:logGet(43)) - raft.server.log.statemachine.data.sync.timeout.retry = -1 (default)
2019-10-19 01:26:24,399 [pool-37-thread-1] INFO  server.RaftServerConfigKeys (ConfUtils.java:logGet(43)) - raft.server.log.statemachine.data.caching.enabled = true (custom)
2019-10-19 01:26:24,399 [pool-47-thread-1] INFO  server.RaftServerConfigKeys (ConfUtils.java:logGet(43)) - raft.server.log.statemachine.data.caching.enabled = true (custom)
2019-10-19 01:26:24,399 [pool-37-thread-1] INFO  segmented.SegmentedRaftLogWorker (SegmentedRaftLogWorker.java:lambda$new$0(128)) - abe27936-fa37-414d-b2e1-4e10a1c095a6@group-F842E1832D96-SegmentedRaftLogWorker: flushIndex: setUnconditionally 0 -> -1
2019-10-19 01:26:24,399 [pool-47-thread-1] INFO  segmented.SegmentedRaftLogWorker (SegmentedRaftLogWorker.java:lambda$new$0(128)) - 236187ad-c3a6-4195-8acc-6254fb470a95@group-F842E1832D96-SegmentedRaftLogWorker: flushIndex: setUnconditionally 0 -> -1
2019-10-19 01:26:24,399 [pool-37-thread-1] INFO  server.RaftServerConfigKeys (ConfUtils.java:logGet(43)) - raft.server.snapshot.auto.trigger.enabled = true (custom)
2019-10-19 01:26:24,399 [pool-47-thread-1] INFO  server.RaftServerConfigKeys (ConfUtils.java:logGet(43)) - raft.server.snapshot.auto.trigger.enabled = true (custom)
2019-10-19 01:26:24,399 [pool-37-thread-1] INFO  server.RaftServerConfigKeys (ConfUtils.java:logGet(43)) - raft.server.snapshot.auto.trigger.threshold = 10000 (custom)
2019-10-19 01:26:24,399 [pool-47-thread-1] INFO  server.RaftServerConfigKeys (ConfUtils.java:logGet(43)) - raft.server.snapshot.auto.trigger.threshold = 10000 (custom)
2019-10-19 01:26:24,399 [pool-37-thread-1] INFO  server.RaftServerConfigKeys (ConfUtils.java:logGet(43)) - raft.server.snapshot.retention.file.num = 5 (custom)
2019-10-19 01:26:24,399 [pool-47-thread-1] INFO  server.RaftServerConfigKeys (ConfUtils.java:logGet(43)) - raft.server.snapshot.retention.file.num = 5 (custom)
2019-10-19 01:26:24,400 [pool-37-thread-1] INFO  server.RaftServerConfigKeys (ConfUtils.java:logGet(43)) - raft.server.retrycache.expirytime = 600000ms (custom)
2019-10-19 01:26:24,400 [pool-47-thread-1] INFO  server.RaftServerConfigKeys (ConfUtils.java:logGet(43)) - raft.server.retrycache.expirytime = 600000ms (custom)
2019-10-19 01:26:24,400 [pool-27-thread-1] INFO  impl.RaftServerImpl (RaftServerImpl.java:start(195)) - 964c97d4-fbb7-48cf-b727-382e7669b5e9@group-F842E1832D96: start as a follower, conf=-1: [236187ad-c3a6-4195-8acc-6254fb470a95:192.168.157.242:36973, 964c97d4-fbb7-48cf-b727-382e7669b5e9:192.168.157.242:42114, abe27936-fa37-414d-b2e1-4e10a1c095a6:192.168.157.242:42932], old=null
2019-10-19 01:26:24,400 [pool-27-thread-1] INFO  impl.RaftServerImpl (RaftServerImpl.java:setRole(184)) - 964c97d4-fbb7-48cf-b727-382e7669b5e9@group-F842E1832D96: changes role from      null to FOLLOWER at term 0 for startAsFollower
2019-10-19 01:26:24,400 [pool-27-thread-1] INFO  impl.RoleInfo (RoleInfo.java:updateAndGet(143)) - 964c97d4-fbb7-48cf-b727-382e7669b5e9: start FollowerState
2019-10-19 01:26:24,401 [pool-27-thread-1] INFO  util.JmxRegister (JmxRegister.java:tryRegister(44)) - Successfully registered JMX Bean with object name Ratis:service=RaftServer,group=group-F842E1832D96,id=964c97d4-fbb7-48cf-b727-382e7669b5e9
2019-10-19 01:26:24,403 [pool-37-thread-1] INFO  impl.RaftServerImpl (RaftServerImpl.java:start(195)) - abe27936-fa37-414d-b2e1-4e10a1c095a6@group-F842E1832D96: start as a follower, conf=-1: [236187ad-c3a6-4195-8acc-6254fb470a95:192.168.157.242:36973, 964c97d4-fbb7-48cf-b727-382e7669b5e9:192.168.157.242:42114, abe27936-fa37-414d-b2e1-4e10a1c095a6:192.168.157.242:42932], old=null
2019-10-19 01:26:24,403 [pool-37-thread-1] INFO  impl.RaftServerImpl (RaftServerImpl.java:setRole(184)) - abe27936-fa37-414d-b2e1-4e10a1c095a6@group-F842E1832D96: changes role from      null to FOLLOWER at term 0 for startAsFollower
2019-10-19 01:26:24,404 [pool-37-thread-1] INFO  impl.RoleInfo (RoleInfo.java:updateAndGet(143)) - abe27936-fa37-414d-b2e1-4e10a1c095a6: start FollowerState
2019-10-19 01:26:24,404 [pool-47-thread-1] INFO  impl.RaftServerImpl (RaftServerImpl.java:start(195)) - 236187ad-c3a6-4195-8acc-6254fb470a95@group-F842E1832D96: start as a follower, conf=-1: [236187ad-c3a6-4195-8acc-6254fb470a95:192.168.157.242:36973, 964c97d4-fbb7-48cf-b727-382e7669b5e9:192.168.157.242:42114, abe27936-fa37-414d-b2e1-4e10a1c095a6:192.168.157.242:42932], old=null
2019-10-19 01:26:24,404 [pool-47-thread-1] INFO  impl.RaftServerImpl (RaftServerImpl.java:setRole(184)) - 236187ad-c3a6-4195-8acc-6254fb470a95@group-F842E1832D96: changes role from      null to FOLLOWER at term 0 for startAsFollower
2019-10-19 01:26:24,404 [pool-47-thread-1] INFO  impl.RoleInfo (RoleInfo.java:updateAndGet(143)) - 236187ad-c3a6-4195-8acc-6254fb470a95: start FollowerState
2019-10-19 01:26:24,404 [pool-37-thread-1] INFO  util.JmxRegister (JmxRegister.java:tryRegister(44)) - Successfully registered JMX Bean with object name Ratis:service=RaftServer,group=group-F842E1832D96,id=abe27936-fa37-414d-b2e1-4e10a1c095a6
2019-10-19 01:26:24,404 [pool-47-thread-1] INFO  util.JmxRegister (JmxRegister.java:tryRegister(44)) - Successfully registered JMX Bean with object name Ratis:service=RaftServer,group=group-F842E1832D96,id=236187ad-c3a6-4195-8acc-6254fb470a95
2019-10-19 01:26:24,404 [7bdff0e9-7b76-4a2e-87b8-7520d2e34914@group-12F62FEB2D83-LeaderElection12] INFO  impl.LeaderElection (LeaderElection.java:askForVotes(178)) - 7bdff0e9-7b76-4a2e-87b8-7520d2e34914@group-12F62FEB2D83-LeaderElection12: begin an election at term 1 for -1: [7bdff0e9-7b76-4a2e-87b8-7520d2e34914:192.168.157.242:33030, df8ea49b-ef0b-40b0-a5d0-e4c136909b6f:192.168.157.242:40644, a47f4692-6292-482b-87e1-943728217a13:192.168.157.242:34977], old=null
2019-10-19 01:26:24,405 [df8ea49b-ef0b-40b0-a5d0-e4c136909b6f@group-12F62FEB2D83-LeaderElection11] INFO  impl.LeaderElection (LeaderElection.java:logAndReturn(56)) - df8ea49b-ef0b-40b0-a5d0-e4c136909b6f@group-12F62FEB2D83-LeaderElection11: Election TIMEOUT; received 0 response(s) [] and 0 exception(s); df8ea49b-ef0b-40b0-a5d0-e4c136909b6f@group-12F62FEB2D83:t1, leader=null, voted=df8ea49b-ef0b-40b0-a5d0-e4c136909b6f, raftlog=df8ea49b-ef0b-40b0-a5d0-e4c136909b6f@group-12F62FEB2D83-SegmentedRaftLog:OPENED:c-1,f-1,i0, conf=-1: [7bdff0e9-7b76-4a2e-87b8-7520d2e34914:192.168.157.242:33030, df8ea49b-ef0b-40b0-a5d0-e4c136909b6f:192.168.157.242:40644, a47f4692-6292-482b-87e1-943728217a13:192.168.157.242:34977], old=null
2019-10-19 01:26:24,431 [RatisPipelineUtilsThread] INFO  pipeline.PipelineStateManager (PipelineStateManager.java:addPipeline(56)) - Created pipeline Pipeline[ Id: 72b83858-5b43-40ac-9506-f842e1832d96, Nodes: 236187ad-c3a6-4195-8acc-6254fb470a95{ip: 192.168.157.242, host: pr-hdds-2333-n5kd5-3813804867, networkLocation: /default-rack, certSerialId: null}964c97d4-fbb7-48cf-b727-382e7669b5e9{ip: 192.168.157.242, host: pr-hdds-2333-n5kd5-3813804867, networkLocation: /default-rack, certSerialId: null}abe27936-fa37-414d-b2e1-4e10a1c095a6{ip: 192.168.157.242, host: pr-hdds-2333-n5kd5-3813804867, networkLocation: /default-rack, certSerialId: null}, Type:RATIS, Factor:THREE, State:OPEN]
2019-10-19 01:26:24,439 [df8ea49b-ef0b-40b0-a5d0-e4c136909b6f@group-12F62FEB2D83-LeaderElection11] INFO  impl.LeaderElection (LeaderElection.java:askForVotes(178)) - df8ea49b-ef0b-40b0-a5d0-e4c136909b6f@group-12F62FEB2D83-LeaderElection11: begin an election at term 2 for -1: [7bdff0e9-7b76-4a2e-87b8-7520d2e34914:192.168.157.242:33030, df8ea49b-ef0b-40b0-a5d0-e4c136909b6f:192.168.157.242:40644, a47f4692-6292-482b-87e1-943728217a13:192.168.157.242:34977], old=null
2019-10-19 01:26:24,443 [df8ea49b-ef0b-40b0-a5d0-e4c136909b6f@group-12F62FEB2D83-LeaderElection11] INFO  impl.LeaderElection (LeaderElection.java:logAndReturn(56)) - df8ea49b-ef0b-40b0-a5d0-e4c136909b6f@group-12F62FEB2D83-LeaderElection11: Election TIMEOUT; received 0 response(s) [] and 0 exception(s); df8ea49b-ef0b-40b0-a5d0-e4c136909b6f@group-12F62FEB2D83:t2, leader=null, voted=df8ea49b-ef0b-40b0-a5d0-e4c136909b6f, raftlog=df8ea49b-ef0b-40b0-a5d0-e4c136909b6f@group-12F62FEB2D83-SegmentedRaftLog:OPENED:c-1,f-1,i0, conf=-1: [7bdff0e9-7b76-4a2e-87b8-7520d2e34914:192.168.157.242:33030, df8ea49b-ef0b-40b0-a5d0-e4c136909b6f:192.168.157.242:40644, a47f4692-6292-482b-87e1-943728217a13:192.168.157.242:34977], old=null
2019-10-19 01:26:24,447 [7bdff0e9-7b76-4a2e-87b8-7520d2e34914@group-12F62FEB2D83-LeaderElection12] INFO  impl.LeaderElection (LeaderElection.java:logAndReturn(56)) - 7bdff0e9-7b76-4a2e-87b8-7520d2e34914@group-12F62FEB2D83-LeaderElection12: Election TIMEOUT; received 1 response(s) [7bdff0e9-7b76-4a2e-87b8-7520d2e34914<-a47f4692-6292-482b-87e1-943728217a13#0:FAIL-t1] and 0 exception(s); 7bdff0e9-7b76-4a2e-87b8-7520d2e34914@group-12F62FEB2D83:t1, leader=null, voted=7bdff0e9-7b76-4a2e-87b8-7520d2e34914, raftlog=7bdff0e9-7b76-4a2e-87b8-7520d2e34914@group-12F62FEB2D83-SegmentedRaftLog:OPENED:c-1,f-1,i0, conf=-1: [7bdff0e9-7b76-4a2e-87b8-7520d2e34914:192.168.157.242:33030, df8ea49b-ef0b-40b0-a5d0-e4c136909b6f:192.168.157.242:40644, a47f4692-6292-482b-87e1-943728217a13:192.168.157.242:34977], old=null
2019-10-19 01:26:24,459 [df8ea49b-ef0b-40b0-a5d0-e4c136909b6f@group-12F62FEB2D83-LeaderElection11] INFO  impl.LeaderElection (LeaderElection.java:askForVotes(178)) - df8ea49b-ef0b-40b0-a5d0-e4c136909b6f@group-12F62FEB2D83-LeaderElection11: begin an election at term 3 for -1: [7bdff0e9-7b76-4a2e-87b8-7520d2e34914:192.168.157.242:33030, df8ea49b-ef0b-40b0-a5d0-e4c136909b6f:192.168.157.242:40644, a47f4692-6292-482b-87e1-943728217a13:192.168.157.242:34977], old=null
2019-10-19 01:26:24,462 [Thread-348] INFO  impl.FollowerState (FollowerState.java:run(108)) - a47f4692-6292-482b-87e1-943728217a13@group-12F62FEB2D83-FollowerState: change to CANDIDATE, lastRpcTime:67ms, electionTimeout:66ms
2019-10-19 01:26:24,463 [Thread-348] INFO  impl.RoleInfo (RoleInfo.java:shutdownFollowerState(121)) - a47f4692-6292-482b-87e1-943728217a13: shutdown FollowerState
2019-10-19 01:26:24,463 [Thread-348] INFO  impl.RaftServerImpl (RaftServerImpl.java:setRole(184)) - a47f4692-6292-482b-87e1-943728217a13@group-12F62FEB2D83: changes role from  FOLLOWER to CANDIDATE at term 1 for changeToCandidate
2019-10-19 01:26:24,463 [Thread-348] INFO  impl.RoleInfo (RoleInfo.java:updateAndGet(143)) - a47f4692-6292-482b-87e1-943728217a13: start LeaderElection
2019-10-19 01:26:24,467 [grpc-default-executor-2] INFO  impl.RaftServerImpl (RaftServerImpl.java:setRole(184)) - a47f4692-6292-482b-87e1-943728217a13@group-12F62FEB2D83: changes role from CANDIDATE to FOLLOWER at term 2 for recognizeCandidate:df8ea49b-ef0b-40b0-a5d0-e4c136909b6f
2019-10-19 01:26:24,467 [grpc-default-executor-2] INFO  impl.RoleInfo (RoleInfo.java:shutdownLeaderElection(134)) - a47f4692-6292-482b-87e1-943728217a13: shutdown LeaderElection
2019-10-19 01:26:24,467 [grpc-default-executor-2] INFO  impl.RoleInfo (RoleInfo.java:updateAndGet(143)) - a47f4692-6292-482b-87e1-943728217a13: start FollowerState
2019-10-19 01:26:24,468 [df8ea49b-ef0b-40b0-a5d0-e4c136909b6f@group-12F62FEB2D83-LeaderElection11] INFO  impl.LeaderElection (LeaderElection.java:logAndReturn(56)) - df8ea49b-ef0b-40b0-a5d0-e4c136909b6f@group-12F62FEB2D83-LeaderElection11: Election TIMEOUT; received 0 response(s) [] and 0 exception(s); df8ea49b-ef0b-40b0-a5d0-e4c136909b6f@group-12F62FEB2D83:t3, leader=null, voted=df8ea49b-ef0b-40b0-a5d0-e4c136909b6f, raftlog=df8ea49b-ef0b-40b0-a5d0-e4c136909b6f@group-12F62FEB2D83-SegmentedRaftLog:OPENED:c-1,f-1,i0, conf=-1: [7bdff0e9-7b76-4a2e-87b8-7520d2e34914:192.168.157.242:33030, df8ea49b-ef0b-40b0-a5d0-e4c136909b6f:192.168.157.242:40644, a47f4692-6292-482b-87e1-943728217a13:192.168.157.242:34977], old=null
2019-10-19 01:26:24,473 [grpc-default-executor-0] INFO  impl.RaftServerProxy (RaftServerProxy.java:addNew(89)) - 774c78e1-8dd4-453d-975e-442189a07fe2: addNew group-31C3DC938042:[774c78e1-8dd4-453d-975e-442189a07fe2:192.168.157.242:38712, 7247ad7d-2ca2-4af8-9337-77c07ea89cb3:192.168.157.242:42362, 8bce6a00-3bba-419d-83ac-b35141b6b559:192.168.157.242:37801] returns group-31C3DC938042:java.util.concurrent.CompletableFuture@514c546e[Not completed]
2019-10-19 01:26:24,475 [Thread-354] INFO  impl.FollowerState (FollowerState.java:run(108)) - 236187ad-c3a6-4195-8acc-6254fb470a95@group-F842E1832D96-FollowerState: change to CANDIDATE, lastRpcTime:71ms, electionTimeout:71ms
2019-10-19 01:26:24,477 [Thread-354] INFO  impl.RoleInfo (RoleInfo.java:shutdownFollowerState(121)) - 236187ad-c3a6-4195-8acc-6254fb470a95: shutdown FollowerState
2019-10-19 01:26:24,477 [7bdff0e9-7b76-4a2e-87b8-7520d2e34914@group-12F62FEB2D83-LeaderElection12] INFO  impl.LeaderElection (LeaderElection.java:askForVotes(178)) - 7bdff0e9-7b76-4a2e-87b8-7520d2e34914@group-12F62FEB2D83-LeaderElection12: begin an election at term 2 for -1: [7bdff0e9-7b76-4a2e-87b8-7520d2e34914:192.168.157.242:33030, df8ea49b-ef0b-40b0-a5d0-e4c136909b6f:192.168.157.242:40644, a47f4692-6292-482b-87e1-943728217a13:192.168.157.242:34977], old=null
2019-10-19 01:26:24,477 [Thread-354] INFO  impl.RaftServerImpl (RaftServerImpl.java:setRole(184)) - 236187ad-c3a6-4195-8acc-6254fb470a95@group-F842E1832D96: changes role from  FOLLOWER to CANDIDATE at term 0 for changeToCandidate
2019-10-19 01:26:24,477 [grpc-default-executor-1] INFO  impl.RaftServerImpl (RaftServerImpl.java:setRole(184)) - a47f4692-6292-482b-87e1-943728217a13@group-12F62FEB2D83: changes role from  FOLLOWER to FOLLOWER at term 3 for recognizeCandidate:df8ea49b-ef0b-40b0-a5d0-e4c136909b6f
2019-10-19 01:26:24,477 [Thread-354] INFO  impl.RoleInfo (RoleInfo.java:updateAndGet(143)) - 236187ad-c3a6-4195-8acc-6254fb470a95: start LeaderElection
2019-10-19 01:26:24,477 [grpc-default-executor-4] INFO  impl.RaftServerImpl (RaftServerImpl.java:setRole(184)) - 7bdff0e9-7b76-4a2e-87b8-7520d2e34914@group-12F62FEB2D83: changes role from CANDIDATE to FOLLOWER at term 3 for recognizeCandidate:df8ea49b-ef0b-40b0-a5d0-e4c136909b6f
2019-10-19 01:26:24,477 [df8ea49b-ef0b-40b0-a5d0-e4c136909b6f@group-12F62FEB2D83-LeaderElection11] INFO  impl.LeaderElection (LeaderElection.java:askForVotes(178)) - df8ea49b-ef0b-40b0-a5d0-e4c136909b6f@group-12F62FEB2D83-LeaderElection11: begin an election at term 4 for -1: [7bdff0e9-7b76-4a2e-87b8-7520d2e34914:192.168.157.242:33030, df8ea49b-ef0b-40b0-a5d0-e4c136909b6f:192.168.157.242:40644, a47f4692-6292-482b-87e1-943728217a13:192.168.157.242:34977], old=null
2019-10-19 01:26:24,477 [grpc-default-executor-1] INFO  impl.RoleInfo (RoleInfo.java:shutdownFollowerState(121)) - a47f4692-6292-482b-87e1-943728217a13: shutdown FollowerState
2019-10-19 01:26:24,486 [pool-97-thread-1] INFO  impl.RaftServerImpl (RaftServerImpl.java:<init>(104)) - 774c78e1-8dd4-453d-975e-442189a07fe2: new RaftServerImpl for group-31C3DC938042:[774c78e1-8dd4-453d-975e-442189a07fe2:192.168.157.242:38712, 7247ad7d-2ca2-4af8-9337-77c07ea89cb3:192.168.157.242:42362, 8bce6a00-3bba-419d-83ac-b35141b6b559:192.168.157.242:37801] with ContainerStateMachine:uninitialized
2019-10-19 01:26:24,483 [grpc-default-executor-4] INFO  impl.RoleInfo (RoleInfo.java:shutdownLeaderElection(134)) - 7bdff0e9-7b76-4a2e-87b8-7520d2e34914: shutdown LeaderElection
2019-10-19 01:26:24,486 [grpc-default-executor-1] INFO  impl.RoleInfo (RoleInfo.java:updateAndGet(143)) - a47f4692-6292-482b-87e1-943728217a13: start FollowerState
2019-10-19 01:26:24,486 [pool-97-thread-1] INFO  server.RaftServerConfigKeys (ConfUtils.java:logGet(43)) - raft.server.rpc.timeout.min = 1s (custom)
2019-10-19 01:26:24,486 [Thread-365] INFO  impl.FollowerState (FollowerState.java:run(117)) - a47f4692-6292-482b-87e1-943728217a13@group-12F62FEB2D83-FollowerState was interrupted: java.lang.InterruptedException: sleep interrupted
2019-10-19 01:26:24,486 [pool-97-thread-1] INFO  server.RaftServerConfigKeys (ConfUtils.java:logGet(43)) - raft.server.rpc.timeout.max = 1200ms (custom)
2019-10-19 01:26:24,486 [grpc-default-executor-0] INFO  impl.RaftServerProxy (RaftServerProxy.java:addNew(89)) - 7247ad7d-2ca2-4af8-9337-77c07ea89cb3: addNew group-31C3DC938042:[774c78e1-8dd4-453d-975e-442189a07fe2:192.168.157.242:38712, 7247ad7d-2ca2-4af8-9337-77c07ea89cb3:192.168.157.242:42362, 8bce6a00-3bba-419d-83ac-b35141b6b559:192.168.157.242:37801] returns group-31C3DC938042:java.util.concurrent.CompletableFuture@56cc8012[Not completed]
2019-10-19 01:26:24,489 [grpc-default-executor-2] INFO  impl.RaftServerProxy (RaftServerProxy.java:addNew(89)) - 8bce6a00-3bba-419d-83ac-b35141b6b559: addNew group-31C3DC938042:[774c78e1-8dd4-453d-975e-442189a07fe2:192.168.157.242:38712, 7247ad7d-2ca2-4af8-9337-77c07ea89cb3:192.168.157.242:42362, 8bce6a00-3bba-419d-83ac-b35141b6b559:192.168.157.242:37801] returns group-31C3DC938042:java.util.concurrent.CompletableFuture@5e381234[Not completed]
2019-10-19 01:26:24,486 [grpc-default-executor-4] INFO  impl.RoleInfo (RoleInfo.java:updateAndGet(143)) - 7bdff0e9-7b76-4a2e-87b8-7520d2e34914: start FollowerState
2019-10-19 01:26:24,487 [pool-97-thread-1] INFO  server.RaftServerConfigKeys (ConfUtils.java:logGet(43)) - raft.server.rpcslowness.timeout = 120s (custom)
2019-10-19 01:26:24,489 [pool-97-thread-1] INFO  server.RaftServerConfigKeys (ConfUtils.java:logGet(43)) - raft.server.sleep.deviation.threshold = 300 (default)
2019-10-19 01:26:24,489 [pool-97-thread-1] INFO  server.RaftServerConfigKeys (ConfUtils.java:logGet(43)) - raft.server.log.appender.install.snapshot.enabled = false (custom)
2019-10-19 01:26:24,489 [pool-97-thread-1] INFO  impl.RaftServerImpl (ServerState.java:<init>(103)) - 774c78e1-8dd4-453d-975e-442189a07fe2@group-31C3DC938042: ConfigurationManager, init=-1: [774c78e1-8dd4-453d-975e-442189a07fe2:192.168.157.242:38712, 7247ad7d-2ca2-4af8-9337-77c07ea89cb3:192.168.157.242:42362, 8bce6a00-3bba-419d-83ac-b35141b6b559:192.168.157.242:37801], old=null, confs=<EMPTY_MAP>
2019-10-19 01:26:24,490 [pool-97-thread-1] INFO  server.RaftServerConfigKeys (ConfUtils.java:logGet(43)) - raft.server.storage.dir = [/workdir/hadoop-ozone/integration-test/target/test-dir/MiniOzoneClusterImpl-be769f72-d0ac-4a2c-8dca-159e9fc5eefe/datanode-7/data/ratis] (custom)
2019-10-19 01:26:24,491 [pool-97-thread-1] INFO  server.RaftServerConfigKeys (ConfUtils.java:logGet(43)) - raft.server.log.corruption.policy = EXCEPTION (default)
2019-10-19 01:26:24,492 [pool-77-thread-1] INFO  impl.RaftServerImpl (RaftServerImpl.java:<init>(104)) - 7247ad7d-2ca2-4af8-9337-77c07ea89cb3: new RaftServerImpl for group-31C3DC938042:[774c78e1-8dd4-453d-975e-442189a07fe2:192.168.157.242:38712, 7247ad7d-2ca2-4af8-9337-77c07ea89cb3:192.168.157.242:42362, 8bce6a00-3bba-419d-83ac-b35141b6b559:192.168.157.242:37801] with ContainerStateMachine:uninitialized
2019-10-19 01:26:24,492 [pool-97-thread-1] INFO  storage.RaftStorageDirectory (RaftStorageDirectory.java:analyzeStorage(246)) - The storage directory /workdir/hadoop-ozone/integration-test/target/test-dir/MiniOzoneClusterImpl-be769f72-d0ac-4a2c-8dca-159e9fc5eefe/datanode-7/data/ratis/cc6f7469-c698-4b72-b225-31c3dc938042 does not exist. Creating ...
2019-10-19 01:26:24,492 [pool-77-thread-1] INFO  server.RaftServerConfigKeys (ConfUtils.java:logGet(43)) - raft.server.rpc.timeout.min = 1s (custom)
2019-10-19 01:26:24,492 [pool-77-thread-1] INFO  server.RaftServerConfigKeys (ConfUtils.java:logGet(43)) - raft.server.rpc.timeout.max = 1200ms (custom)
2019-10-19 01:26:24,493 [pool-77-thread-1] INFO  server.RaftServerConfigKeys (ConfUtils.java:logGet(43)) - raft.server.rpcslowness.timeout = 120s (custom)
2019-10-19 01:26:24,493 [pool-77-thread-1] INFO  server.RaftServerConfigKeys (ConfUtils.java:logGet(43)) - raft.server.sleep.deviation.threshold = 300 (default)
2019-10-19 01:26:24,493 [pool-77-thread-1] INFO  server.RaftServerConfigKeys (ConfUtils.java:logGet(43)) - raft.server.log.appender.install.snapshot.enabled = false (custom)
2019-10-19 01:26:24,493 [pool-67-thread-1] INFO  impl.RaftServerImpl (RaftServerImpl.java:<init>(104)) - 8bce6a00-3bba-419d-83ac-b35141b6b559: new RaftServerImpl for group-31C3DC938042:[774c78e1-8dd4-453d-975e-442189a07fe2:192.168.157.242:38712, 7247ad7d-2ca2-4af8-9337-77c07ea89cb3:192.168.157.242:42362, 8bce6a00-3bba-419d-83ac-b35141b6b559:192.168.157.242:37801] with ContainerStateMachine:uninitialized
2019-10-19 01:26:24,493 [pool-77-thread-1] INFO  impl.RaftServerImpl (ServerState.java:<init>(103)) - 7247ad7d-2ca2-4af8-9337-77c07ea89cb3@group-31C3DC938042: ConfigurationManager, init=-1: [774c78e1-8dd4-453d-975e-442189a07fe2:192.168.157.242:38712, 7247ad7d-2ca2-4af8-9337-77c07ea89cb3:192.168.157.242:42362, 8bce6a00-3bba-419d-83ac-b35141b6b559:192.168.157.242:37801], old=null, confs=<EMPTY_MAP>
2019-10-19 01:26:24,493 [pool-67-thread-1] INFO  server.RaftServerConfigKeys (ConfUtils.java:logGet(43)) - raft.server.rpc.timeout.min = 1s (custom)
2019-10-19 01:26:24,493 [pool-67-thread-1] INFO  server.RaftServerConfigKeys (ConfUtils.java:logGet(43)) - raft.server.rpc.timeout.max = 1200ms (custom)
2019-10-19 01:26:24,493 [pool-77-thread-1] INFO  server.RaftServerConfigKeys (ConfUtils.java:logGet(43)) - raft.server.storage.dir = [/workdir/hadoop-ozone/integration-test/target/test-dir/MiniOzoneClusterImpl-be769f72-d0ac-4a2c-8dca-159e9fc5eefe/datanode-5/data/ratis] (custom)
2019-10-19 01:26:24,493 [pool-67-thread-1] INFO  server.RaftServerConfigKeys (ConfUtils.java:logGet(43)) - raft.server.rpcslowness.timeout = 120s (custom)
2019-10-19 01:26:24,493 [pool-67-thread-1] INFO  server.RaftServerConfigKeys (ConfUtils.java:logGet(43)) - raft.server.sleep.deviation.threshold = 300 (default)
2019-10-19 01:26:24,493 [pool-67-thread-1] INFO  server.RaftServerConfigKeys (ConfUtils.java:logGet(43)) - raft.server.log.appender.install.snapshot.enabled = false (custom)
2019-10-19 01:26:24,493 [pool-77-thread-1] INFO  server.RaftServerConfigKeys (ConfUtils.java:logGet(43)) - raft.server.log.corruption.policy = EXCEPTION (default)
2019-10-19 01:26:24,493 [pool-67-thread-1] INFO  impl.RaftServerImpl (ServerState.java:<init>(103)) - 8bce6a00-3bba-419d-83ac-b35141b6b559@group-31C3DC938042: ConfigurationManager, init=-1: [774c78e1-8dd4-453d-975e-442189a07fe2:192.168.157.242:38712, 7247ad7d-2ca2-4af8-9337-77c07ea89cb3:192.168.157.242:42362, 8bce6a00-3bba-419d-83ac-b35141b6b559:192.168.157.242:37801], old=null, confs=<EMPTY_MAP>
2019-10-19 01:26:24,494 [pool-77-thread-1] INFO  storage.RaftStorageDirectory (RaftStorageDirectory.java:analyzeStorage(246)) - The storage directory /workdir/hadoop-ozone/integration-test/target/test-dir/MiniOzoneClusterImpl-be769f72-d0ac-4a2c-8dca-159e9fc5eefe/datanode-5/data/ratis/cc6f7469-c698-4b72-b225-31c3dc938042 does not exist. Creating ...
2019-10-19 01:26:24,494 [pool-67-thread-1] INFO  server.RaftServerConfigKeys (ConfUtils.java:logGet(43)) - raft.server.storage.dir = [/workdir/hadoop-ozone/integration-test/target/test-dir/MiniOzoneClusterImpl-be769f72-d0ac-4a2c-8dca-159e9fc5eefe/datanode-4/data/ratis] (custom)
2019-10-19 01:26:24,494 [pool-67-thread-1] INFO  server.RaftServerConfigKeys (ConfUtils.java:logGet(43)) - raft.server.log.corruption.policy = EXCEPTION (default)
2019-10-19 01:26:24,494 [pool-67-thread-1] INFO  storage.RaftStorageDirectory (RaftStorageDirectory.java:analyzeStorage(246)) - The storage directory /workdir/hadoop-ozone/integration-test/target/test-dir/MiniOzoneClusterImpl-be769f72-d0ac-4a2c-8dca-159e9fc5eefe/datanode-4/data/ratis/cc6f7469-c698-4b72-b225-31c3dc938042 does not exist. Creating ...
2019-10-19 01:26:24,502 [Thread-353] INFO  impl.FollowerState (FollowerState.java:run(108)) - abe27936-fa37-414d-b2e1-4e10a1c095a6@group-F842E1832D96-FollowerState: change to CANDIDATE, lastRpcTime:98ms, electionTimeout:98ms
2019-10-19 01:26:24,502 [Thread-353] INFO  impl.RoleInfo (RoleInfo.java:shutdownFollowerState(121)) - abe27936-fa37-414d-b2e1-4e10a1c095a6: shutdown FollowerState
2019-10-19 01:26:24,502 [Thread-353] INFO  impl.RaftServerImpl (RaftServerImpl.java:setRole(184)) - abe27936-fa37-414d-b2e1-4e10a1c095a6@group-F842E1832D96: changes role from  FOLLOWER to CANDIDATE at term 0 for changeToCandidate
2019-10-19 01:26:24,502 [Thread-353] INFO  impl.RoleInfo (RoleInfo.java:updateAndGet(143)) - abe27936-fa37-414d-b2e1-4e10a1c095a6: start LeaderElection
2019-10-19 01:26:24,530 [Thread-352] INFO  impl.FollowerState (FollowerState.java:run(108)) - 964c97d4-fbb7-48cf-b727-382e7669b5e9@group-F842E1832D96-FollowerState: change to CANDIDATE, lastRpcTime:129ms, electionTimeout:129ms
2019-10-19 01:26:24,530 [Thread-352] INFO  impl.RoleInfo (RoleInfo.java:shutdownFollowerState(121)) - 964c97d4-fbb7-48cf-b727-382e7669b5e9: shutdown FollowerState
2019-10-19 01:26:24,530 [Thread-352] INFO  impl.RaftServerImpl (RaftServerImpl.java:setRole(184)) - 964c97d4-fbb7-48cf-b727-382e7669b5e9@group-F842E1832D96: changes role from  FOLLOWER to CANDIDATE at term 0 for changeToCandidate
2019-10-19 01:26:24,530 [Thread-352] INFO  impl.RoleInfo (RoleInfo.java:updateAndGet(143)) - 964c97d4-fbb7-48cf-b727-382e7669b5e9: start LeaderElection
2019-10-19 01:26:24,557 [pool-97-thread-1] INFO  storage.RaftStorageDirectory (RaftStorageDirectory.java:tryLock(328)) - Lock on /workdir/hadoop-ozone/integration-test/target/test-dir/MiniOzoneClusterImpl-be769f72-d0ac-4a2c-8dca-159e9fc5eefe/datanode-7/data/ratis/cc6f7469-c698-4b72-b225-31c3dc938042/in_use.lock acquired by nodename 666@pr-hdds-2333-n5kd5-3813804867
2019-10-19 01:26:24,557 [pool-77-thread-1] INFO  storage.RaftStorageDirectory (RaftStorageDirectory.java:tryLock(328)) - Lock on /workdir/hadoop-ozone/integration-test/target/test-dir/MiniOzoneClusterImpl-be769f72-d0ac-4a2c-8dca-159e9fc5eefe/datanode-5/data/ratis/cc6f7469-c698-4b72-b225-31c3dc938042/in_use.lock acquired by nodename 666@pr-hdds-2333-n5kd5-3813804867
2019-10-19 01:26:24,557 [pool-67-thread-1] INFO  storage.RaftStorageDirectory (RaftStorageDirectory.java:tryLock(328)) - Lock on /workdir/hadoop-ozone/integration-test/target/test-dir/MiniOzoneClusterImpl-be769f72-d0ac-4a2c-8dca-159e9fc5eefe/datanode-4/data/ratis/cc6f7469-c698-4b72-b225-31c3dc938042/in_use.lock acquired by nodename 666@pr-hdds-2333-n5kd5-3813804867
2019-10-19 01:26:24,558 [236187ad-c3a6-4195-8acc-6254fb470a95@group-F842E1832D96-LeaderElection14] INFO  impl.LeaderElection (LeaderElection.java:askForVotes(178)) - 236187ad-c3a6-4195-8acc-6254fb470a95@group-F842E1832D96-LeaderElection14: begin an election at term 1 for -1: [236187ad-c3a6-4195-8acc-6254fb470a95:192.168.157.242:36973, 964c97d4-fbb7-48cf-b727-382e7669b5e9:192.168.157.242:42114, abe27936-fa37-414d-b2e1-4e10a1c095a6:192.168.157.242:42932], old=null
2019-10-19 01:26:24,558 [grpc-default-executor-2] INFO  impl.RaftServerImpl (RaftServerImpl.java:setRole(184)) - 7bdff0e9-7b76-4a2e-87b8-7520d2e34914@group-12F62FEB2D83: changes role from  FOLLOWER to FOLLOWER at term 4 for recognizeCandidate:df8ea49b-ef0b-40b0-a5d0-e4c136909b6f
2019-10-19 01:26:24,559 [grpc-default-executor-2] INFO  impl.RoleInfo (RoleInfo.java:shutdownFollowerState(121)) - 7bdff0e9-7b76-4a2e-87b8-7520d2e34914: shutdown FollowerState
2019-10-19 01:26:24,559 [Thread-370] INFO  impl.FollowerState (FollowerState.java:run(117)) - 7bdff0e9-7b76-4a2e-87b8-7520d2e34914@group-12F62FEB2D83-FollowerState was interrupted: java.lang.InterruptedException: sleep interrupted
2019-10-19 01:26:24,558 [abe27936-fa37-414d-b2e1-4e10a1c095a6@group-F842E1832D96-LeaderElection15] INFO  impl.LeaderElection (LeaderElection.java:askForVotes(178)) - abe27936-fa37-414d-b2e1-4e10a1c095a6@group-F842E1832D96-LeaderElection15: begin an election at term 1 for -1: [236187ad-c3a6-4195-8acc-6254fb470a95:192.168.157.242:36973, 964c97d4-fbb7-48cf-b727-382e7669b5e9:192.168.157.242:42114, abe27936-fa37-414d-b2e1-4e10a1c095a6:192.168.157.242:42932], old=null
2019-10-19 01:26:24,559 [grpc-default-executor-2] INFO  impl.RoleInfo (RoleInfo.java:updateAndGet(143)) - 7bdff0e9-7b76-4a2e-87b8-7520d2e34914: start FollowerState
2019-10-19 01:26:24,559 [964c97d4-fbb7-48cf-b727-382e7669b5e9@group-F842E1832D96-LeaderElection16] INFO  impl.LeaderElection (LeaderElection.java:askForVotes(178)) - 964c97d4-fbb7-48cf-b727-382e7669b5e9@group-F842E1832D96-LeaderElection16: begin an election at term 1 for -1: [236187ad-c3a6-4195-8acc-6254fb470a95:192.168.157.242:36973, 964c97d4-fbb7-48cf-b727-382e7669b5e9:192.168.157.242:42114, abe27936-fa37-414d-b2e1-4e10a1c095a6:192.168.157.242:42932], old=null
2019-10-19 01:26:24,578 [pool-77-thread-1] INFO  storage.RaftStorage (RaftStorage.java:format(84)) - Storage directory /workdir/hadoop-ozone/integration-test/target/test-dir/MiniOzoneClusterImpl-be769f72-d0ac-4a2c-8dca-159e9fc5eefe/datanode-5/data/ratis/cc6f7469-c698-4b72-b225-31c3dc938042 has been successfully formatted.
2019-10-19 01:26:24,578 [pool-67-thread-1] INFO  storage.RaftStorage (RaftStorage.java:format(84)) - Storage directory /workdir/hadoop-ozone/integration-test/target/test-dir/MiniOzoneClusterImpl-be769f72-d0ac-4a2c-8dca-159e9fc5eefe/datanode-4/data/ratis/cc6f7469-c698-4b72-b225-31c3dc938042 has been successfully formatted.
2019-10-19 01:26:24,578 [a47f4692-6292-482b-87e1-943728217a13@group-12F62FEB2D83-LeaderElection13] INFO  impl.LeaderElection (LeaderElection.java:askForVotes(178)) - a47f4692-6292-482b-87e1-943728217a13@group-12F62FEB2D83-LeaderElection13: begin an election at term 4 for -1: [7bdff0e9-7b76-4a2e-87b8-7520d2e34914:192.168.157.242:33030, df8ea49b-ef0b-40b0-a5d0-e4c136909b6f:192.168.157.242:40644, a47f4692-6292-482b-87e1-943728217a13:192.168.157.242:34977], old=null
2019-10-19 01:26:24,578 [pool-97-thread-1] INFO  storage.RaftStorage (RaftStorage.java:format(84)) - Storage directory /workdir/hadoop-ozone/integration-test/target/test-dir/MiniOzoneClusterImpl-be769f72-d0ac-4a2c-8dca-159e9fc5eefe/datanode-7/data/ratis/cc6f7469-c698-4b72-b225-31c3dc938042 has been successfully formatted.
2019-10-19 01:26:24,579 [pool-67-thread-1] INFO  ratis.ContainerStateMachine (ContainerStateMachine.java:loadSnapshot(231)) - group-31C3DC938042: The snapshot info is null. Setting the last applied indexto:(t:0, i:~)
2019-10-19 01:26:24,579 [pool-77-thread-1] INFO  ratis.ContainerStateMachine (ContainerStateMachine.java:loadSnapshot(231)) - group-31C3DC938042: The snapshot info is null. Setting the last applied indexto:(t:0, i:~)
2019-10-19 01:26:24,581 [pool-97-thread-1] INFO  ratis.ContainerStateMachine (ContainerStateMachine.java:loadSnapshot(231)) - group-31C3DC938042: The snapshot info is null. Setting the last applied indexto:(t:0, i:~)
2019-10-19 01:26:24,581 [pool-67-thread-1] INFO  server.RaftServerConfigKeys (ConfUtils.java:logGet(43)) - raft.server.notification.no-leader.timeout = 120s (custom)
2019-10-19 01:26:24,582 [pool-97-thread-1] INFO  server.RaftServerConfigKeys (ConfUtils.java:logGet(43)) - raft.server.notification.no-leader.timeout = 120s (custom)
2019-10-19 01:26:24,582 [pool-77-thread-1] INFO  server.RaftServerConfigKeys (ConfUtils.java:logGet(43)) - raft.server.notification.no-leader.timeout = 120s (custom)
2019-10-19 01:26:24,584 [pool-97-thread-1] INFO  server.RaftServerConfigKeys (ConfUtils.java:logGet(43)) - raft.server.log.use.memory = false (default)
2019-10-19 01:26:24,582 [a47f4692-6292-482b-87e1-943728217a13@group-12F62FEB2D83-LeaderElection13] INFO  impl.LeaderElection (LeaderElection.java:logAndReturn(56)) - a47f4692-6292-482b-87e1-943728217a13@group-12F62FEB2D83-LeaderElection13: Election REJECTED; received 0 response(s) [] and 0 exception(s); a47f4692-6292-482b-87e1-943728217a13@group-12F62FEB2D83:t4, leader=null, voted=a47f4692-6292-482b-87e1-943728217a13, raftlog=a47f4692-6292-482b-87e1-943728217a13@group-12F62FEB2D83-SegmentedRaftLog:OPENED:c-1,f-1,i0, conf=-1: [7bdff0e9-7b76-4a2e-87b8-7520d2e34914:192.168.157.242:33030, df8ea49b-ef0b-40b0-a5d0-e4c136909b6f:192.168.157.242:40644, a47f4692-6292-482b-87e1-943728217a13:192.168.157.242:34977], old=null
2019-10-19 01:26:24,582 [pool-67-thread-1] INFO  server.RaftServerConfigKeys (ConfUtils.java:logGet(43)) - raft.server.log.use.memory = false (default)
2019-10-19 01:26:24,584 [pool-97-thread-1] INFO  server.RaftServerConfigKeys (ConfUtils.java:logGet(43)) - raft.server.log.purge.gap = 1000000 (custom)
2019-10-19 01:26:24,584 [pool-77-thread-1] INFO  server.RaftServerConfigKeys (ConfUtils.java:logGet(43)) - raft.server.log.use.memory = false (default)
2019-10-19 01:26:24,587 [pool-67-thread-1] INFO  server.RaftServerConfigKeys (ConfUtils.java:logGet(43)) - raft.server.log.purge.gap = 1000000 (custom)
2019-10-19 01:26:24,587 [pool-97-thread-1] INFO  server.RaftServerConfigKeys (ConfUtils.java:logGet(43)) - raft.server.log.appender.buffer.byte-limit = 33554432 (custom)
2019-10-19 01:26:24,588 [pool-67-thread-1] INFO  server.RaftServerConfigKeys (ConfUtils.java:logGet(43)) - raft.server.log.appender.buffer.byte-limit = 33554432 (custom)
2019-10-19 01:26:24,588 [pool-77-thread-1] INFO  server.RaftServerConfigKeys (ConfUtils.java:logGet(43)) - raft.server.log.purge.gap = 1000000 (custom)
2019-10-19 01:26:24,588 [pool-67-thread-1] INFO  server.RaftServerConfigKeys (ConfUtils.java:logGet(43)) - raft.server.log.segment.size.max = 1048576 (custom)
2019-10-19 01:26:24,588 [pool-97-thread-1] INFO  server.RaftServerConfigKeys (ConfUtils.java:logGet(43)) - raft.server.log.segment.size.max = 1048576 (custom)
2019-10-19 01:26:24,588 [pool-67-thread-1] INFO  server.RaftServerConfigKeys (ConfUtils.java:logGet(43)) - raft.server.log.segment.cache.num.max = 2 (custom)
2019-10-19 01:26:24,588 [pool-77-thread-1] INFO  server.RaftServerConfigKeys (ConfUtils.java:logGet(43)) - raft.server.log.appender.buffer.byte-limit = 33554432 (custom)
2019-10-19 01:26:24,588 [pool-67-thread-1] INFO  segmented.SegmentedRaftLogWorker (SegmentedRaftLogWorker.java:<init>(173)) - new 8bce6a00-3bba-419d-83ac-b35141b6b559@group-31C3DC938042-SegmentedRaftLogWorker for RaftStorage:Storage Directory /workdir/hadoop-ozone/integration-test/target/test-dir/MiniOzoneClusterImpl-be769f72-d0ac-4a2c-8dca-159e9fc5eefe/datanode-4/data/ratis/cc6f7469-c698-4b72-b225-31c3dc938042
2019-10-19 01:26:24,588 [pool-97-thread-1] INFO  server.RaftServerConfigKeys (ConfUtils.java:logGet(43)) - raft.server.log.segment.cache.num.max = 2 (custom)
2019-10-19 01:26:24,589 [pool-67-thread-1] INFO  server.RaftServerConfigKeys (ConfUtils.java:logGet(43)) - raft.server.log.queue.byte-limit = 2147483647 (custom)
2019-10-19 01:26:24,588 [pool-77-thread-1] INFO  server.RaftServerConfigKeys (ConfUtils.java:logGet(43)) - raft.server.log.segment.size.max = 1048576 (custom)
2019-10-19 01:26:24,589 [pool-67-thread-1] INFO  server.RaftServerConfigKeys (ConfUtils.java:logGet(43)) - raft.server.log.queue.element-limit = 1024 (custom)
2019-10-19 01:26:24,589 [pool-97-thread-1] INFO  segmented.SegmentedRaftLogWorker (SegmentedRaftLogWorker.java:<init>(173)) - new 774c78e1-8dd4-453d-975e-442189a07fe2@group-31C3DC938042-SegmentedRaftLogWorker for RaftStorage:Storage Directory /workdir/hadoop-ozone/integration-test/target/test-dir/MiniOzoneClusterImpl-be769f72-d0ac-4a2c-8dca-159e9fc5eefe/datanode-7/data/ratis/cc6f7469-c698-4b72-b225-31c3dc938042
2019-10-19 01:26:24,589 [pool-67-thread-1] INFO  server.RaftServerConfigKeys (ConfUtils.java:logGet(43)) - raft.server.log.segment.size.max = 1048576 (custom)
2019-10-19 01:26:24,589 [pool-77-thread-1] INFO  server.RaftServerConfigKeys (ConfUtils.java:logGet(43)) - raft.server.log.segment.cache.num.max = 2 (custom)
2019-10-19 01:26:24,589 [pool-67-thread-1] INFO  server.RaftServerConfigKeys (ConfUtils.java:logGet(43)) - raft.server.log.preallocated.size = 16384 (custom)
2019-10-19 01:26:24,589 [pool-97-thread-1] INFO  server.RaftServerConfigKeys (ConfUtils.java:logGet(43)) - raft.server.log.queue.byte-limit = 2147483647 (custom)
2019-10-19 01:26:24,590 [pool-67-thread-1] INFO  server.RaftServerConfigKeys (ConfUtils.java:logGet(43)) - raft.server.log.write.buffer.size = 33554432 (custom)
2019-10-19 01:26:24,589 [pool-77-thread-1] INFO  segmented.SegmentedRaftLogWorker (SegmentedRaftLogWorker.java:<init>(173)) - new 7247ad7d-2ca2-4af8-9337-77c07ea89cb3@group-31C3DC938042-SegmentedRaftLogWorker for RaftStorage:Storage Directory /workdir/hadoop-ozone/integration-test/target/test-dir/MiniOzoneClusterImpl-be769f72-d0ac-4a2c-8dca-159e9fc5eefe/datanode-5/data/ratis/cc6f7469-c698-4b72-b225-31c3dc938042
2019-10-19 01:26:24,591 [pool-67-thread-1] INFO  server.RaftServerConfigKeys (ConfUtils.java:logGet(43)) - raft.server.log.force.sync.num = 128 (default)
2019-10-19 01:26:24,590 [pool-97-thread-1] INFO  server.RaftServerConfigKeys (ConfUtils.java:logGet(43)) - raft.server.log.queue.element-limit = 1024 (custom)
2019-10-19 01:26:24,591 [pool-67-thread-1] INFO  server.RaftServerConfigKeys (ConfUtils.java:logGet(43)) - raft.server.log.statemachine.data.sync = true (default)
2019-10-19 01:26:24,592 [7bdff0e9-7b76-4a2e-87b8-7520d2e34914@group-12F62FEB2D83-LeaderElection12] INFO  impl.LeaderElection (LeaderElection.java:logAndReturn(56)) - 7bdff0e9-7b76-4a2e-87b8-7520d2e34914@group-12F62FEB2D83-LeaderElection12: Election REJECTED; received 0 response(s) [] and 0 exception(s); 7bdff0e9-7b76-4a2e-87b8-7520d2e34914@group-12F62FEB2D83:t4, leader=null, voted=df8ea49b-ef0b-40b0-a5d0-e4c136909b6f, raftlog=7bdff0e9-7b76-4a2e-87b8-7520d2e34914@group-12F62FEB2D83-SegmentedRaftLog:OPENED:c-1,f-1,i0, conf=-1: [7bdff0e9-7b76-4a2e-87b8-7520d2e34914:192.168.157.242:33030, df8ea49b-ef0b-40b0-a5d0-e4c136909b6f:192.168.157.242:40644, a47f4692-6292-482b-87e1-943728217a13:192.168.157.242:34977], old=null
2019-10-19 01:26:24,591 [pool-77-thread-1] INFO  server.RaftServerConfigKeys (ConfUtils.java:logGet(43)) - raft.server.log.queue.byte-limit = 2147483647 (custom)
2019-10-19 01:26:24,592 [pool-67-thread-1] INFO  server.RaftServerConfigKeys (ConfUtils.java:logGet(43)) - raft.server.log.statemachine.data.sync.timeout = 10s (default)
2019-10-19 01:26:24,592 [pool-97-thread-1] INFO  server.RaftServerConfigKeys (ConfUtils.java:logGet(43)) - raft.server.log.segment.size.max = 1048576 (custom)
2019-10-19 01:26:24,600 [pool-67-thread-1] INFO  server.RaftServerConfigKeys (ConfUtils.java:logGet(43)) - raft.server.log.statemachine.data.sync.timeout.retry = -1 (default)
2019-10-19 01:26:24,598 [pool-77-thread-1] INFO  server.RaftServerConfigKeys (ConfUtils.java:logGet(43)) - raft.server.log.queue.element-limit = 1024 (custom)
2019-10-19 01:26:24,600 [pool-97-thread-1] INFO  server.RaftServerConfigKeys (ConfUtils.java:logGet(43)) - raft.server.log.preallocated.size = 16384 (custom)
2019-10-19 01:26:24,600 [pool-77-thread-1] INFO  server.RaftServerConfigKeys (ConfUtils.java:logGet(43)) - raft.server.log.segment.size.max = 1048576 (custom)
2019-10-19 01:26:24,600 [pool-67-thread-1] INFO  server.RaftServerConfigKeys (ConfUtils.java:logGet(43)) - raft.server.log.statemachine.data.caching.enabled = true (custom)
2019-10-19 01:26:24,600 [pool-77-thread-1] INFO  server.RaftServerConfigKeys (ConfUtils.java:logGet(43)) - raft.server.log.preallocated.size = 16384 (custom)
2019-10-19 01:26:24,600 [pool-97-thread-1] INFO  server.RaftServerConfigKeys (ConfUtils.java:logGet(43)) - raft.server.log.write.buffer.size = 33554432 (custom)
2019-10-19 01:26:24,601 [pool-77-thread-1] INFO  server.RaftServerConfigKeys (ConfUtils.java:logGet(43)) - raft.server.log.write.buffer.size = 33554432 (custom)
2019-10-19 01:26:24,603 [pool-97-thread-1] INFO  server.RaftServerConfigKeys (ConfUtils.java:logGet(43)) - raft.server.log.force.sync.num = 128 (default)
2019-10-19 01:26:24,603 [pool-67-thread-1] INFO  segmented.SegmentedRaftLogWorker (SegmentedRaftLogWorker.java:lambda$new$0(128)) - 8bce6a00-3bba-419d-83ac-b35141b6b559@group-31C3DC938042-SegmentedRaftLogWorker: flushIndex: setUnconditionally 0 -> -1
2019-10-19 01:26:24,604 [pool-97-thread-1] INFO  server.RaftServerConfigKeys (ConfUtils.java:logGet(43)) - raft.server.log.statemachine.data.sync = true (default)
2019-10-19 01:26:24,603 [pool-77-thread-1] INFO  server.RaftServerConfigKeys (ConfUtils.java:logGet(43)) - raft.server.log.force.sync.num = 128 (default)
2019-10-19 01:26:24,607 [pool-77-thread-1] INFO  server.RaftServerConfigKeys (ConfUtils.java:logGet(43)) - raft.server.log.statemachine.data.sync = true (default)
2019-10-19 01:26:24,607 [pool-97-thread-1] INFO  server.RaftServerConfigKeys (ConfUtils.java:logGet(43)) - raft.server.log.statemachine.data.sync.timeout = 10s (default)
2019-10-19 01:26:24,607 [df8ea49b-ef0b-40b0-a5d0-e4c136909b6f@group-12F62FEB2D83-LeaderElection11] INFO  impl.LeaderElection (LeaderElection.java:logAndReturn(56)) - df8ea49b-ef0b-40b0-a5d0-e4c136909b6f@group-12F62FEB2D83-LeaderElection11: Election PASSED; received 2 response(s) [df8ea49b-ef0b-40b0-a5d0-e4c136909b6f<-7bdff0e9-7b76-4a2e-87b8-7520d2e34914#0:OK-t4, df8ea49b-ef0b-40b0-a5d0-e4c136909b6f<-a47f4692-6292-482b-87e1-943728217a13#0:FAIL-t4] and 0 exception(s); df8ea49b-ef0b-40b0-a5d0-e4c136909b6f@group-12F62FEB2D83:t4, leader=null, voted=df8ea49b-ef0b-40b0-a5d0-e4c136909b6f, raftlog=df8ea49b-ef0b-40b0-a5d0-e4c136909b6f@group-12F62FEB2D83-SegmentedRaftLog:OPENED:c-1,f-1,i0, conf=-1: [7bdff0e9-7b76-4a2e-87b8-7520d2e34914:192.168.157.242:33030, df8ea49b-ef0b-40b0-a5d0-e4c136909b6f:192.168.157.242:40644, a47f4692-6292-482b-87e1-943728217a13:192.168.157.242:34977], old=null
2019-10-19 01:26:24,606 [pool-67-thread-1] INFO  server.RaftServerConfigKeys (ConfUtils.java:logGet(43)) - raft.server.snapshot.auto.trigger.enabled = true (custom)
2019-10-19 01:26:24,610 [df8ea49b-ef0b-40b0-a5d0-e4c136909b6f@group-12F62FEB2D83-LeaderElection11] INFO  impl.RoleInfo (RoleInfo.java:shutdownLeaderElection(134)) - df8ea49b-ef0b-40b0-a5d0-e4c136909b6f: shutdown LeaderElection
2019-10-19 01:26:24,608 [pool-97-thread-1] INFO  server.RaftServerConfigKeys (ConfUtils.java:logGet(43)) - raft.server.log.statemachine.data.sync.timeout.retry = -1 (default)
2019-10-19 01:26:24,607 [pool-77-thread-1] INFO  server.RaftServerConfigKeys (ConfUtils.java:logGet(43)) - raft.server.log.statemachine.data.sync.timeout = 10s (default)
2019-10-19 01:26:24,611 [df8ea49b-ef0b-40b0-a5d0-e4c136909b6f@group-12F62FEB2D83-LeaderElection11] INFO  impl.RaftServerImpl (RaftServerImpl.java:setRole(184)) - df8ea49b-ef0b-40b0-a5d0-e4c136909b6f@group-12F62FEB2D83: changes role from CANDIDATE to LEADER at term 4 for changeToLeader
2019-10-19 01:26:24,610 [pool-67-thread-1] INFO  server.RaftServerConfigKeys (ConfUtils.java:logGet(43)) - raft.server.snapshot.auto.trigger.threshold = 10000 (custom)
2019-10-19 01:26:24,612 [df8ea49b-ef0b-40b0-a5d0-e4c136909b6f@group-12F62FEB2D83-LeaderElection11] INFO  impl.RaftServerImpl (ServerState.java:setLeader(256)) - df8ea49b-ef0b-40b0-a5d0-e4c136909b6f@group-12F62FEB2D83: change Leader from null to df8ea49b-ef0b-40b0-a5d0-e4c136909b6f at term 4 for becomeLeader, leader elected after 381ms
2019-10-19 01:26:24,612 [pool-77-thread-1] INFO  server.RaftServerConfigKeys (ConfUtils.java:logGet(43)) - raft.server.log.statemachine.data.sync.timeout.retry = -1 (default)
2019-10-19 01:26:24,612 [pool-97-thread-1] INFO  server.RaftServerConfigKeys (ConfUtils.java:logGet(43)) - raft.server.log.statemachine.data.caching.enabled = true (custom)
2019-10-19 01:26:24,613 [pool-77-thread-1] INFO  server.RaftServerConfigKeys (ConfUtils.java:logGet(43)) - raft.server.log.statemachine.data.caching.enabled = true (custom)
2019-10-19 01:26:24,613 [df8ea49b-ef0b-40b0-a5d0-e4c136909b6f@group-12F62FEB2D83-LeaderElection11] INFO  server.RaftServerConfigKeys (ConfUtils.java:logGet(43)) - raft.server.staging.catchup.gap = 1000 (default)
2019-10-19 01:26:24,612 [pool-67-thread-1] INFO  server.RaftServerConfigKeys (ConfUtils.java:logGet(43)) - raft.server.snapshot.retention.file.num = 5 (custom)
2019-10-19 01:26:24,613 [pool-97-thread-1] INFO  segmented.SegmentedRaftLogWorker (SegmentedRaftLogWorker.java:lambda$new$0(128)) - 774c78e1-8dd4-453d-975e-442189a07fe2@group-31C3DC938042-SegmentedRaftLogWorker: flushIndex: setUnconditionally 0 -> -1
2019-10-19 01:26:24,613 [pool-77-thread-1] INFO  segmented.SegmentedRaftLogWorker (SegmentedRaftLogWorker.java:lambda$new$0(128)) - 7247ad7d-2ca2-4af8-9337-77c07ea89cb3@group-31C3DC938042-SegmentedRaftLogWorker: flushIndex: setUnconditionally 0 -> -1
2019-10-19 01:26:24,613 [df8ea49b-ef0b-40b0-a5d0-e4c136909b6f@group-12F62FEB2D83-LeaderElection11] INFO  server.RaftServerConfigKeys (ConfUtils.java:logGet(43)) - raft.server.rpc.sleep.time = 25ms (default)
2019-10-19 01:26:24,614 [pool-97-thread-1] INFO  server.RaftServerConfigKeys (ConfUtils.java:logGet(43)) - raft.server.snapshot.auto.trigger.enabled = true (custom)
2019-10-19 01:26:24,613 [pool-67-thread-1] INFO  server.RaftServerConfigKeys (ConfUtils.java:logGet(43)) - raft.server.retrycache.expirytime = 600000ms (custom)
2019-10-19 01:26:24,614 [pool-97-thread-1] INFO  server.RaftServerConfigKeys (ConfUtils.java:logGet(43)) - raft.server.snapshot.auto.trigger.threshold = 10000 (custom)
2019-10-19 01:26:24,614 [df8ea49b-ef0b-40b0-a5d0-e4c136909b6f@group-12F62FEB2D83-LeaderElection11] INFO  server.RaftServerConfigKeys (ConfUtils.java:logGet(43)) - raft.server.write.element-limit = 4096 (default)
2019-10-19 01:26:24,614 [pool-77-thread-1] INFO  server.RaftServerConfigKeys (ConfUtils.java:logGet(43)) - raft.server.snapshot.auto.trigger.enabled = true (custom)
2019-10-19 01:26:24,616 [df8ea49b-ef0b-40b0-a5d0-e4c136909b6f@group-12F62FEB2D83-LeaderElection11] INFO  server.RaftServerConfigKeys (ConfUtils.java:logGet(43)) - raft.server.watch.timeout = 10s (default)
2019-10-19 01:26:24,614 [pool-97-thread-1] INFO  server.RaftServerConfigKeys (ConfUtils.java:logGet(43)) - raft.server.snapshot.retention.file.num = 5 (custom)
2019-10-19 01:26:24,618 [df8ea49b-ef0b-40b0-a5d0-e4c136909b6f@group-12F62FEB2D83-LeaderElection11] INFO  server.RaftServerConfigKeys (ConfUtils.java:logGet(43)) - raft.server.watch.timeout.denomination = 1s (default)
2019-10-19 01:26:24,616 [pool-77-thread-1] INFO  server.RaftServerConfigKeys (ConfUtils.java:logGet(43)) - raft.server.snapshot.auto.trigger.threshold = 10000 (custom)
2019-10-19 01:26:24,618 [pool-97-thread-1] INFO  server.RaftServerConfigKeys (ConfUtils.java:logGet(43)) - raft.server.retrycache.expirytime = 600000ms (custom)
2019-10-19 01:26:24,618 [df8ea49b-ef0b-40b0-a5d0-e4c136909b6f@group-12F62FEB2D83-LeaderElection11] INFO  server.RaftServerConfigKeys (ConfUtils.java:logGet(43)) - raft.server.watch.element-limit = 65536 (default)
2019-10-19 01:26:24,618 [pool-77-thread-1] INFO  server.RaftServerConfigKeys (ConfUtils.java:logGet(43)) - raft.server.snapshot.retention.file.num = 5 (custom)
2019-10-19 01:26:24,618 [pool-77-thread-1] INFO  server.RaftServerConfigKeys (ConfUtils.java:logGet(43)) - raft.server.retrycache.expirytime = 600000ms (custom)
2019-10-19 01:26:24,623 [236187ad-c3a6-4195-8acc-6254fb470a95@group-F842E1832D96-LeaderElection14] INFO  impl.LeaderElection (LeaderElection.java:logAndReturn(56)) - 236187ad-c3a6-4195-8acc-6254fb470a95@group-F842E1832D96-LeaderElection14: Election REJECTED; received 2 response(s) [236187ad-c3a6-4195-8acc-6254fb470a95<-abe27936-fa37-414d-b2e1-4e10a1c095a6#0:FAIL-t1, 236187ad-c3a6-4195-8acc-6254fb470a95<-964c97d4-fbb7-48cf-b727-382e7669b5e9#0:FAIL-t1] and 0 exception(s); 236187ad-c3a6-4195-8acc-6254fb470a95@group-F842E1832D96:t1, leader=null, voted=236187ad-c3a6-4195-8acc-6254fb470a95, raftlog=236187ad-c3a6-4195-8acc-6254fb470a95@group-F842E1832D96-SegmentedRaftLog:OPENED:c-1,f-1,i0, conf=-1: [236187ad-c3a6-4195-8acc-6254fb470a95:192.168.157.242:36973, 964c97d4-fbb7-48cf-b727-382e7669b5e9:192.168.157.242:42114, abe27936-fa37-414d-b2e1-4e10a1c095a6:192.168.157.242:42932], old=null
2019-10-19 01:26:24,623 [236187ad-c3a6-4195-8acc-6254fb470a95@group-F842E1832D96-LeaderElection14] INFO  impl.RaftServerImpl (RaftServerImpl.java:setRole(184)) - 236187ad-c3a6-4195-8acc-6254fb470a95@group-F842E1832D96: changes role from CANDIDATE to FOLLOWER at term 1 for DISCOVERED_A_NEW_TERM
2019-10-19 01:26:24,623 [236187ad-c3a6-4195-8acc-6254fb470a95@group-F842E1832D96-LeaderElection14] INFO  impl.RoleInfo (RoleInfo.java:shutdownLeaderElection(134)) - 236187ad-c3a6-4195-8acc-6254fb470a95: shutdown LeaderElection
2019-10-19 01:26:24,625 [236187ad-c3a6-4195-8acc-6254fb470a95@group-F842E1832D96-LeaderElection14] INFO  impl.RoleInfo (RoleInfo.java:updateAndGet(143)) - 236187ad-c3a6-4195-8acc-6254fb470a95: start FollowerState
2019-10-19 01:26:24,625 [964c97d4-fbb7-48cf-b727-382e7669b5e9@group-F842E1832D96-LeaderElection16] INFO  impl.LeaderElection (LeaderElection.java:logAndReturn(56)) - 964c97d4-fbb7-48cf-b727-382e7669b5e9@group-F842E1832D96-LeaderElection16: Election REJECTED; received 2 response(s) [964c97d4-fbb7-48cf-b727-382e7669b5e9<-236187ad-c3a6-4195-8acc-6254fb470a95#0:FAIL-t1, 964c97d4-fbb7-48cf-b727-382e7669b5e9<-abe27936-fa37-414d-b2e1-4e10a1c095a6#0:FAIL-t1] and 0 exception(s); 964c97d4-fbb7-48cf-b727-382e7669b5e9@group-F842E1832D96:t1, leader=null, voted=964c97d4-fbb7-48cf-b727-382e7669b5e9, raftlog=964c97d4-fbb7-48cf-b727-382e7669b5e9@group-F842E1832D96-SegmentedRaftLog:OPENED:c-1,f-1,i0, conf=-1: [236187ad-c3a6-4195-8acc-6254fb470a95:192.168.157.242:36973, 964c97d4-fbb7-48cf-b727-382e7669b5e9:192.168.157.242:42114, abe27936-fa37-414d-b2e1-4e10a1c095a6:192.168.157.242:42932], old=null
2019-10-19 01:26:24,627 [964c97d4-fbb7-48cf-b727-382e7669b5e9@group-F842E1832D96-LeaderElection16] INFO  impl.RaftServerImpl (RaftServerImpl.java:setRole(184)) - 964c97d4-fbb7-48cf-b727-382e7669b5e9@group-F842E1832D96: changes role from CANDIDATE to FOLLOWER at term 1 for DISCOVERED_A_NEW_TERM
2019-10-19 01:26:24,627 [964c97d4-fbb7-48cf-b727-382e7669b5e9@group-F842E1832D96-LeaderElection16] INFO  impl.RoleInfo (RoleInfo.java:shutdownLeaderElection(134)) - 964c97d4-fbb7-48cf-b727-382e7669b5e9: shutdown LeaderElection
2019-10-19 01:26:24,627 [964c97d4-fbb7-48cf-b727-382e7669b5e9@group-F842E1832D96-LeaderElection16] INFO  impl.RoleInfo (RoleInfo.java:updateAndGet(143)) - 964c97d4-fbb7-48cf-b727-382e7669b5e9: start FollowerState
2019-10-19 01:26:24,628 [pool-67-thread-1] INFO  impl.RaftServerImpl (RaftServerImpl.java:start(195)) - 8bce6a00-3bba-419d-83ac-b35141b6b559@group-31C3DC938042: start as a follower, conf=-1: [774c78e1-8dd4-453d-975e-442189a07fe2:192.168.157.242:38712, 7247ad7d-2ca2-4af8-9337-77c07ea89cb3:192.168.157.242:42362, 8bce6a00-3bba-419d-83ac-b35141b6b559:192.168.157.242:37801], old=null
2019-10-19 01:26:24,629 [pool-67-thread-1] INFO  impl.RaftServerImpl (RaftServerImpl.java:setRole(184)) - 8bce6a00-3bba-419d-83ac-b35141b6b559@group-31C3DC938042: changes role from      null to FOLLOWER at term 0 for startAsFollower
2019-10-19 01:26:24,629 [pool-67-thread-1] INFO  impl.RoleInfo (RoleInfo.java:updateAndGet(143)) - 8bce6a00-3bba-419d-83ac-b35141b6b559: start FollowerState
2019-10-19 01:26:24,632 [pool-67-thread-1] INFO  util.JmxRegister (JmxRegister.java:tryRegister(44)) - Successfully registered JMX Bean with object name Ratis:service=RaftServer,group=group-31C3DC938042,id=8bce6a00-3bba-419d-83ac-b35141b6b559
2019-10-19 01:26:24,632 [abe27936-fa37-414d-b2e1-4e10a1c095a6@group-F842E1832D96-LeaderElection15] INFO  impl.LeaderElection (LeaderElection.java:logAndReturn(56)) - abe27936-fa37-414d-b2e1-4e10a1c095a6@group-F842E1832D96-LeaderElection15: Election REJECTED; received 2 response(s) [abe27936-fa37-414d-b2e1-4e10a1c095a6<-236187ad-c3a6-4195-8acc-6254fb470a95#0:FAIL-t1, abe27936-fa37-414d-b2e1-4e10a1c095a6<-964c97d4-fbb7-48cf-b727-382e7669b5e9#0:FAIL-t1] and 0 exception(s); abe27936-fa37-414d-b2e1-4e10a1c095a6@group-F842E1832D96:t1, leader=null, voted=abe27936-fa37-414d-b2e1-4e10a1c095a6, raftlog=abe27936-fa37-414d-b2e1-4e10a1c095a6@group-F842E1832D96-SegmentedRaftLog:OPENED:c-1,f-1,i0, conf=-1: [236187ad-c3a6-4195-8acc-6254fb470a95:192.168.157.242:36973, 964c97d4-fbb7-48cf-b727-382e7669b5e9:192.168.157.242:42114, abe27936-fa37-414d-b2e1-4e10a1c095a6:192.168.157.242:42932], old=null
2019-10-19 01:26:24,633 [abe27936-fa37-414d-b2e1-4e10a1c095a6@group-F842E1832D96-LeaderElection15] INFO  impl.RaftServerImpl (RaftServerImpl.java:setRole(184)) - abe27936-fa37-414d-b2e1-4e10a1c095a6@group-F842E1832D96: changes role from CANDIDATE to FOLLOWER at term 1 for DISCOVERED_A_NEW_TERM
2019-10-19 01:26:24,633 [abe27936-fa37-414d-b2e1-4e10a1c095a6@group-F842E1832D96-LeaderElection15] INFO  impl.RoleInfo (RoleInfo.java:shutdownLeaderElection(134)) - abe27936-fa37-414d-b2e1-4e10a1c095a6: shutdown LeaderElection
2019-10-19 01:26:24,633 [abe27936-fa37-414d-b2e1-4e10a1c095a6@group-F842E1832D96-LeaderElection15] INFO  impl.RoleInfo (RoleInfo.java:updateAndGet(143)) - abe27936-fa37-414d-b2e1-4e10a1c095a6: start FollowerState
2019-10-19 01:26:24,635 [pool-97-thread-1] INFO  impl.RaftServerImpl (RaftServerImpl.java:start(195)) - 774c78e1-8dd4-453d-975e-442189a07fe2@group-31C3DC938042: start as a follower, conf=-1: [774c78e1-8dd4-453d-975e-442189a07fe2:192.168.157.242:38712, 7247ad7d-2ca2-4af8-9337-77c07ea89cb3:192.168.157.242:42362, 8bce6a00-3bba-419d-83ac-b35141b6b559:192.168.157.242:37801], old=null
2019-10-19 01:26:24,636 [pool-97-thread-1] INFO  impl.RaftServerImpl (RaftServerImpl.java:setRole(184)) - 774c78e1-8dd4-453d-975e-442189a07fe2@group-31C3DC938042: changes role from      null to FOLLOWER at term 0 for startAsFollower
2019-10-19 01:26:24,637 [pool-97-thread-1] INFO  impl.RoleInfo (RoleInfo.java:updateAndGet(143)) - 774c78e1-8dd4-453d-975e-442189a07fe2: start FollowerState
2019-10-19 01:26:24,637 [pool-77-thread-1] INFO  impl.RaftServerImpl (RaftServerImpl.java:start(195)) - 7247ad7d-2ca2-4af8-9337-77c07ea89cb3@group-31C3DC938042: start as a follower, conf=-1: [774c78e1-8dd4-453d-975e-442189a07fe2:192.168.157.242:38712, 7247ad7d-2ca2-4af8-9337-77c07ea89cb3:192.168.157.242:42362, 8bce6a00-3bba-419d-83ac-b35141b6b559:192.168.157.242:37801], old=null
2019-10-19 01:26:24,637 [pool-77-thread-1] INFO  impl.RaftServerImpl (RaftServerImpl.java:setRole(184)) - 7247ad7d-2ca2-4af8-9337-77c07ea89cb3@group-31C3DC938042: changes role from      null to FOLLOWER at term 0 for startAsFollower
2019-10-19 01:26:24,637 [pool-97-thread-1] INFO  util.JmxRegister (JmxRegister.java:tryRegister(44)) - Successfully registered JMX Bean with object name Ratis:service=RaftServer,group=group-31C3DC938042,id=774c78e1-8dd4-453d-975e-442189a07fe2
2019-10-19 01:26:24,637 [pool-77-thread-1] INFO  impl.RoleInfo (RoleInfo.java:updateAndGet(143)) - 7247ad7d-2ca2-4af8-9337-77c07ea89cb3: start FollowerState
2019-10-19 01:26:24,639 [pool-77-thread-1] INFO  util.JmxRegister (JmxRegister.java:tryRegister(44)) - Successfully registered JMX Bean with object name Ratis:service=RaftServer,group=group-31C3DC938042,id=7247ad7d-2ca2-4af8-9337-77c07ea89cb3
2019-10-19 01:26:24,641 [df8ea49b-ef0b-40b0-a5d0-e4c136909b6f@group-12F62FEB2D83-LeaderElection11] INFO  server.RaftServerConfigKeys (ConfUtils.java:logGet(43)) - raft.server.log.appender.snapshot.chunk.size.max = 16MB (=16777216) (default)
2019-10-19 01:26:24,641 [df8ea49b-ef0b-40b0-a5d0-e4c136909b6f@group-12F62FEB2D83-LeaderElection11] INFO  server.RaftServerConfigKeys (ConfUtils.java:logGet(43)) - raft.server.log.appender.buffer.byte-limit = 33554432 (custom)
2019-10-19 01:26:24,641 [df8ea49b-ef0b-40b0-a5d0-e4c136909b6f@group-12F62FEB2D83-LeaderElection11] INFO  server.RaftServerConfigKeys (ConfUtils.java:logGet(43)) - raft.server.log.appender.buffer.element-limit = 1 (custom)
2019-10-19 01:26:24,643 [Thread-392] INFO  impl.FollowerState (FollowerState.java:run(108)) - 774c78e1-8dd4-453d-975e-442189a07fe2@group-31C3DC938042-FollowerState: change to CANDIDATE, lastRpcTime:6ms, electionTimeout:6ms
2019-10-19 01:26:24,643 [Thread-392] INFO  impl.RoleInfo (RoleInfo.java:shutdownFollowerState(121)) - 774c78e1-8dd4-453d-975e-442189a07fe2: shutdown FollowerState
2019-10-19 01:26:24,643 [Thread-392] INFO  impl.RaftServerImpl (RaftServerImpl.java:setRole(184)) - 774c78e1-8dd4-453d-975e-442189a07fe2@group-31C3DC938042: changes role from  FOLLOWER to CANDIDATE at term 0 for changeToCandidate
2019-10-19 01:26:24,643 [Thread-392] INFO  impl.RoleInfo (RoleInfo.java:updateAndGet(143)) - 774c78e1-8dd4-453d-975e-442189a07fe2: start LeaderElection
2019-10-19 01:26:24,654 [df8ea49b-ef0b-40b0-a5d0-e4c136909b6f@group-12F62FEB2D83-LeaderElection11] INFO  grpc.GrpcConfigKeys$Server (ConfUtils.java:logGet(43)) - raft.grpc.server.leader.outstanding.appends.max = 128 (default)
2019-10-19 01:26:24,655 [df8ea49b-ef0b-40b0-a5d0-e4c136909b6f@group-12F62FEB2D83-LeaderElection11] INFO  server.RaftServerConfigKeys (ConfUtils.java:logGet(43)) - raft.server.rpc.request.timeout = 3000ms (default)
2019-10-19 01:26:24,655 [df8ea49b-ef0b-40b0-a5d0-e4c136909b6f@group-12F62FEB2D83-LeaderElection11] INFO  server.RaftServerConfigKeys (ConfUtils.java:logGet(43)) - raft.server.log.appender.install.snapshot.enabled = false (custom)
2019-10-19 01:26:24,655 [774c78e1-8dd4-453d-975e-442189a07fe2@group-31C3DC938042-LeaderElection17] INFO  impl.LeaderElection (LeaderElection.java:askForVotes(178)) - 774c78e1-8dd4-453d-975e-442189a07fe2@group-31C3DC938042-LeaderElection17: begin an election at term 1 for -1: [774c78e1-8dd4-453d-975e-442189a07fe2:192.168.157.242:38712, 7247ad7d-2ca2-4af8-9337-77c07ea89cb3:192.168.157.242:42362, 8bce6a00-3bba-419d-83ac-b35141b6b559:192.168.157.242:37801], old=null
2019-10-19 01:26:24,656 [RatisPipelineUtilsThread] INFO  pipeline.PipelineStateManager (PipelineStateManager.java:addPipeline(56)) - Created pipeline Pipeline[ Id: cc6f7469-c698-4b72-b225-31c3dc938042, Nodes: 774c78e1-8dd4-453d-975e-442189a07fe2{ip: 192.168.157.242, host: pr-hdds-2333-n5kd5-3813804867, networkLocation: /default-rack, certSerialId: null}8bce6a00-3bba-419d-83ac-b35141b6b559{ip: 192.168.157.242, host: pr-hdds-2333-n5kd5-3813804867, networkLocation: /default-rack, certSerialId: null}7247ad7d-2ca2-4af8-9337-77c07ea89cb3{ip: 192.168.157.242, host: pr-hdds-2333-n5kd5-3813804867, networkLocation: /default-rack, certSerialId: null}, Type:RATIS, Factor:THREE, State:OPEN]
2019-10-19 01:26:24,661 [df8ea49b-ef0b-40b0-a5d0-e4c136909b6f@group-12F62FEB2D83-LeaderElection11] INFO  server.RaftServerConfigKeys (ConfUtils.java:logGet(43)) - raft.server.log.appender.snapshot.chunk.size.max = 16MB (=16777216) (default)
2019-10-19 01:26:24,661 [df8ea49b-ef0b-40b0-a5d0-e4c136909b6f@group-12F62FEB2D83-LeaderElection11] INFO  server.RaftServerConfigKeys (ConfUtils.java:logGet(43)) - raft.server.log.appender.buffer.byte-limit = 33554432 (custom)
2019-10-19 01:26:24,661 [df8ea49b-ef0b-40b0-a5d0-e4c136909b6f@group-12F62FEB2D83-LeaderElection11] INFO  server.RaftServerConfigKeys (ConfUtils.java:logGet(43)) - raft.server.log.appender.buffer.element-limit = 1 (custom)
2019-10-19 01:26:24,662 [df8ea49b-ef0b-40b0-a5d0-e4c136909b6f@group-12F62FEB2D83-LeaderElection11] INFO  grpc.GrpcConfigKeys$Server (ConfUtils.java:logGet(43)) - raft.grpc.server.leader.outstanding.appends.max = 128 (default)
2019-10-19 01:26:24,662 [df8ea49b-ef0b-40b0-a5d0-e4c136909b6f@group-12F62FEB2D83-LeaderElection11] INFO  server.RaftServerConfigKeys (ConfUtils.java:logGet(43)) - raft.server.rpc.request.timeout = 3000ms (default)
2019-10-19 01:26:24,662 [df8ea49b-ef0b-40b0-a5d0-e4c136909b6f@group-12F62FEB2D83-LeaderElection11] INFO  server.RaftServerConfigKeys (ConfUtils.java:logGet(43)) - raft.server.log.appender.install.snapshot.enabled = false (custom)
2019-10-19 01:26:24,668 [Thread-369] INFO  impl.FollowerState (FollowerState.java:run(108)) - a47f4692-6292-482b-87e1-943728217a13@group-12F62FEB2D83-FollowerState: change to CANDIDATE, lastRpcTime:182ms, electionTimeout:174ms
2019-10-19 01:26:24,670 [Thread-369] INFO  impl.RoleInfo (RoleInfo.java:shutdownFollowerState(121)) - a47f4692-6292-482b-87e1-943728217a13: shutdown FollowerState
2019-10-19 01:26:24,670 [Thread-369] INFO  impl.RaftServerImpl (RaftServerImpl.java:setRole(184)) - a47f4692-6292-482b-87e1-943728217a13@group-12F62FEB2D83: changes role from  FOLLOWER to CANDIDATE at term 4 for changeToCandidate
2019-10-19 01:26:24,670 [Thread-369] INFO  impl.RoleInfo (RoleInfo.java:updateAndGet(143)) - a47f4692-6292-482b-87e1-943728217a13: start LeaderElection
2019-10-19 01:26:24,671 [grpc-default-executor-2] INFO  impl.RaftServerImpl (RaftServerImpl.java:setRole(184)) - 8bce6a00-3bba-419d-83ac-b35141b6b559@group-31C3DC938042: changes role from  FOLLOWER to FOLLOWER at term 1 for recognizeCandidate:774c78e1-8dd4-453d-975e-442189a07fe2
2019-10-19 01:26:24,671 [grpc-default-executor-2] INFO  impl.RoleInfo (RoleInfo.java:shutdownFollowerState(121)) - 8bce6a00-3bba-419d-83ac-b35141b6b559: shutdown FollowerState
2019-10-19 01:26:24,675 [grpc-default-executor-4] INFO  impl.RaftServerImpl (RaftServerImpl.java:setRole(184)) - 7247ad7d-2ca2-4af8-9337-77c07ea89cb3@group-31C3DC938042: changes role from  FOLLOWER to FOLLOWER at term 1 for recognizeCandidate:774c78e1-8dd4-453d-975e-442189a07fe2
2019-10-19 01:26:24,675 [grpc-default-executor-2] INFO  impl.RoleInfo (RoleInfo.java:updateAndGet(143)) - 8bce6a00-3bba-419d-83ac-b35141b6b559: start FollowerState
2019-10-19 01:26:24,675 [Thread-390] INFO  impl.FollowerState (FollowerState.java:run(117)) - 8bce6a00-3bba-419d-83ac-b35141b6b559@group-31C3DC938042-FollowerState was interrupted: java.lang.InterruptedException: sleep interrupted
2019-10-19 01:26:24,676 [grpc-default-executor-4] INFO  impl.RoleInfo (RoleInfo.java:shutdownFollowerState(121)) - 7247ad7d-2ca2-4af8-9337-77c07ea89cb3: shutdown FollowerState
2019-10-19 01:26:24,676 [Thread-393] INFO  impl.FollowerState (FollowerState.java:run(117)) - 7247ad7d-2ca2-4af8-9337-77c07ea89cb3@group-31C3DC938042-FollowerState was interrupted: java.lang.InterruptedException: sleep interrupted
2019-10-19 01:26:24,676 [grpc-default-executor-4] INFO  impl.RoleInfo (RoleInfo.java:updateAndGet(143)) - 7247ad7d-2ca2-4af8-9337-77c07ea89cb3: start FollowerState
2019-10-19 01:26:24,686 [Thread-391] INFO  impl.FollowerState (FollowerState.java:run(108)) - abe27936-fa37-414d-b2e1-4e10a1c095a6@group-F842E1832D96-FollowerState: change to CANDIDATE, lastRpcTime:53ms, electionTimeout:52ms
2019-10-19 01:26:24,689 [Thread-391] INFO  impl.RoleInfo (RoleInfo.java:shutdownFollowerState(121)) - abe27936-fa37-414d-b2e1-4e10a1c095a6: shutdown FollowerState
2019-10-19 01:26:24,689 [Thread-391] INFO  impl.RaftServerImpl (RaftServerImpl.java:setRole(184)) - abe27936-fa37-414d-b2e1-4e10a1c095a6@group-F842E1832D96: changes role from  FOLLOWER to CANDIDATE at term 1 for changeToCandidate
2019-10-19 01:26:24,689 [Thread-391] INFO  impl.RoleInfo (RoleInfo.java:updateAndGet(143)) - abe27936-fa37-414d-b2e1-4e10a1c095a6: start LeaderElection
2019-10-19 01:26:24,692 [df8ea49b-ef0b-40b0-a5d0-e4c136909b6f@group-12F62FEB2D83-LeaderElection11] INFO  impl.RoleInfo (RoleInfo.java:updateAndGet(143)) - df8ea49b-ef0b-40b0-a5d0-e4c136909b6f: start LeaderState
2019-10-19 01:26:24,692 [df8ea49b-ef0b-40b0-a5d0-e4c136909b6f@group-12F62FEB2D83-LeaderElection11] INFO  segmented.SegmentedRaftLogWorker (SegmentedRaftLogWorker.java:startLogSegment(385)) - df8ea49b-ef0b-40b0-a5d0-e4c136909b6f@group-12F62FEB2D83-SegmentedRaftLogWorker: Starting segment from index:0
2019-10-19 01:26:24,692 [a47f4692-6292-482b-87e1-943728217a13@group-12F62FEB2D83-LeaderElection18] INFO  impl.LeaderElection (LeaderElection.java:askForVotes(178)) - a47f4692-6292-482b-87e1-943728217a13@group-12F62FEB2D83-LeaderElection18: begin an election at term 5 for -1: [7bdff0e9-7b76-4a2e-87b8-7520d2e34914:192.168.157.242:33030, df8ea49b-ef0b-40b0-a5d0-e4c136909b6f:192.168.157.242:40644, a47f4692-6292-482b-87e1-943728217a13:192.168.157.242:34977], old=null
2019-10-19 01:26:24,693 [df8ea49b-ef0b-40b0-a5d0-e4c136909b6f@group-12F62FEB2D83-LeaderElection11] INFO  impl.RaftServerImpl (ServerState.java:setRaftConf(357)) - df8ea49b-ef0b-40b0-a5d0-e4c136909b6f@group-12F62FEB2D83: set configuration 0: [7bdff0e9-7b76-4a2e-87b8-7520d2e34914:192.168.157.242:33030, df8ea49b-ef0b-40b0-a5d0-e4c136909b6f:192.168.157.242:40644, a47f4692-6292-482b-87e1-943728217a13:192.168.157.242:34977], old=null at 0
2019-10-19 01:26:24,693 [grpc-default-executor-3] INFO  impl.RaftServerImpl (RaftServerImpl.java:requestVote(776)) - df8ea49b-ef0b-40b0-a5d0-e4c136909b6f@group-12F62FEB2D83-   LEADER: Withhold vote from candidate a47f4692-6292-482b-87e1-943728217a13 with term 4. State: leader=df8ea49b-ef0b-40b0-a5d0-e4c136909b6f, term=4, lastRpcElapsed=null
2019-10-19 01:26:24,693 [grpc-default-executor-0] INFO  impl.RaftServerImpl (RaftServerImpl.java:requestVote(776)) - df8ea49b-ef0b-40b0-a5d0-e4c136909b6f@group-12F62FEB2D83-   LEADER: Withhold vote from candidate 7bdff0e9-7b76-4a2e-87b8-7520d2e34914 with term 2. State: leader=df8ea49b-ef0b-40b0-a5d0-e4c136909b6f, term=4, lastRpcElapsed=null
2019-10-19 01:26:24,717 [Thread-389] INFO  impl.FollowerState (FollowerState.java:run(108)) - 964c97d4-fbb7-48cf-b727-382e7669b5e9@group-F842E1832D96-FollowerState: change to CANDIDATE, lastRpcTime:89ms, electionTimeout:87ms
2019-10-19 01:26:24,719 [Thread-404] INFO  impl.FollowerState (FollowerState.java:run(108)) - 7247ad7d-2ca2-4af8-9337-77c07ea89cb3@group-31C3DC938042-FollowerState: change to CANDIDATE, lastRpcTime:43ms, electionTimeout:26ms
2019-10-19 01:26:24,719 [abe27936-fa37-414d-b2e1-4e10a1c095a6@group-F842E1832D96-LeaderElection19] INFO  impl.LeaderElection (LeaderElection.java:askForVotes(178)) - abe27936-fa37-414d-b2e1-4e10a1c095a6@group-F842E1832D96-LeaderElection19: begin an election at term 2 for -1: [236187ad-c3a6-4195-8acc-6254fb470a95:192.168.157.242:36973, 964c97d4-fbb7-48cf-b727-382e7669b5e9:192.168.157.242:42114, abe27936-fa37-414d-b2e1-4e10a1c095a6:192.168.157.242:42932], old=null
2019-10-19 01:26:24,719 [Thread-375] INFO  impl.FollowerState (FollowerState.java:run(108)) - 7bdff0e9-7b76-4a2e-87b8-7520d2e34914@group-12F62FEB2D83-FollowerState: change to CANDIDATE, lastRpcTime:159ms, electionTimeout:127ms
2019-10-19 01:26:24,718 [Thread-403] INFO  impl.FollowerState (FollowerState.java:run(108)) - 8bce6a00-3bba-419d-83ac-b35141b6b559@group-31C3DC938042-FollowerState: change to CANDIDATE, lastRpcTime:42ms, electionTimeout:38ms
2019-10-19 01:26:24,719 [Thread-375] INFO  impl.RoleInfo (RoleInfo.java:shutdownFollowerState(121)) - 7bdff0e9-7b76-4a2e-87b8-7520d2e34914: shutdown FollowerState
2019-10-19 01:26:24,719 [Thread-404] INFO  impl.RoleInfo (RoleInfo.java:shutdownFollowerState(121)) - 7247ad7d-2ca2-4af8-9337-77c07ea89cb3: shutdown FollowerState
2019-10-19 01:26:24,720 [Thread-375] INFO  impl.RaftServerImpl (RaftServerImpl.java:setRole(184)) - 7bdff0e9-7b76-4a2e-87b8-7520d2e34914@group-12F62FEB2D83: changes role from  FOLLOWER to CANDIDATE at term 4 for changeToCandidate
2019-10-19 01:26:24,720 [774c78e1-8dd4-453d-975e-442189a07fe2@group-31C3DC938042-LeaderElection17] INFO  impl.LeaderElection (LeaderElection.java:logAndReturn(56)) - 774c78e1-8dd4-453d-975e-442189a07fe2@group-31C3DC938042-LeaderElection17: Election PASSED; received 1 response(s) [774c78e1-8dd4-453d-975e-442189a07fe2<-8bce6a00-3bba-419d-83ac-b35141b6b559#0:OK-t1] and 0 exception(s); 774c78e1-8dd4-453d-975e-442189a07fe2@group-31C3DC938042:t1, leader=null, voted=774c78e1-8dd4-453d-975e-442189a07fe2, raftlog=774c78e1-8dd4-453d-975e-442189a07fe2@group-31C3DC938042-SegmentedRaftLog:OPENED:c-1,f-1,i0, conf=-1: [774c78e1-8dd4-453d-975e-442189a07fe2:192.168.157.242:38712, 7247ad7d-2ca2-4af8-9337-77c07ea89cb3:192.168.157.242:42362, 8bce6a00-3bba-419d-83ac-b35141b6b559:192.168.157.242:37801], old=null
2019-10-19 01:26:24,720 [Thread-375] INFO  impl.RoleInfo (RoleInfo.java:updateAndGet(143)) - 7bdff0e9-7b76-4a2e-87b8-7520d2e34914: start LeaderElection
2019-10-19 01:26:24,719 [Thread-389] INFO  impl.RoleInfo (RoleInfo.java:shutdownFollowerState(121)) - 964c97d4-fbb7-48cf-b727-382e7669b5e9: shutdown FollowerState
2019-10-19 01:26:24,720 [774c78e1-8dd4-453d-975e-442189a07fe2@group-31C3DC938042-LeaderElection17] INFO  impl.RoleInfo (RoleInfo.java:shutdownLeaderElection(134)) - 774c78e1-8dd4-453d-975e-442189a07fe2: shutdown LeaderElection
2019-10-19 01:26:24,720 [Thread-404] INFO  impl.RaftServerImpl (RaftServerImpl.java:setRole(184)) - 7247ad7d-2ca2-4af8-9337-77c07ea89cb3@group-31C3DC938042: changes role from  FOLLOWER to CANDIDATE at term 1 for changeToCandidate
2019-10-19 01:26:24,719 [Thread-403] INFO  impl.RoleInfo (RoleInfo.java:shutdownFollowerState(121)) - 8bce6a00-3bba-419d-83ac-b35141b6b559: shutdown FollowerState
2019-10-19 01:26:24,723 [774c78e1-8dd4-453d-975e-442189a07fe2@group-31C3DC938042-LeaderElection17] INFO  impl.RaftServerImpl (RaftServerImpl.java:setRole(184)) - 774c78e1-8dd4-453d-975e-442189a07fe2@group-31C3DC938042: changes role from CANDIDATE to LEADER at term 1 for changeToLeader
2019-10-19 01:26:24,723 [774c78e1-8dd4-453d-975e-442189a07fe2@group-31C3DC938042-LeaderElection17] INFO  impl.RaftServerImpl (ServerState.java:setLeader(256)) - 774c78e1-8dd4-453d-975e-442189a07fe2@group-31C3DC938042: change Leader from null to 774c78e1-8dd4-453d-975e-442189a07fe2 at term 1 for becomeLeader, leader elected after 140ms
2019-10-19 01:26:24,723 [774c78e1-8dd4-453d-975e-442189a07fe2@group-31C3DC938042-LeaderElection17] INFO  server.RaftServerConfigKeys (ConfUtils.java:logGet(43)) - raft.server.staging.catchup.gap = 1000 (default)
2019-10-19 01:26:24,723 [774c78e1-8dd4-453d-975e-442189a07fe2@group-31C3DC938042-LeaderElection17] INFO  server.RaftServerConfigKeys (ConfUtils.java:logGet(43)) - raft.server.rpc.sleep.time = 25ms (default)
2019-10-19 01:26:24,723 [774c78e1-8dd4-453d-975e-442189a07fe2@group-31C3DC938042-LeaderElection17] INFO  server.RaftServerConfigKeys (ConfUtils.java:logGet(43)) - raft.server.write.element-limit = 4096 (default)
2019-10-19 01:26:24,723 [774c78e1-8dd4-453d-975e-442189a07fe2@group-31C3DC938042-LeaderElection17] INFO  server.RaftServerConfigKeys (ConfUtils.java:logGet(43)) - raft.server.watch.timeout = 10s (default)
2019-10-19 01:26:24,723 [774c78e1-8dd4-453d-975e-442189a07fe2@group-31C3DC938042-LeaderElection17] INFO  server.RaftServerConfigKeys (ConfUtils.java:logGet(43)) - raft.server.watch.timeout.denomination = 1s (default)
2019-10-19 01:26:24,723 [Thread-404] INFO  impl.RoleInfo (RoleInfo.java:updateAndGet(143)) - 7247ad7d-2ca2-4af8-9337-77c07ea89cb3: start LeaderElection
2019-10-19 01:26:24,721 [Thread-389] INFO  impl.RaftServerImpl (RaftServerImpl.java:setRole(184)) - 964c97d4-fbb7-48cf-b727-382e7669b5e9@group-F842E1832D96: changes role from  FOLLOWER to CANDIDATE at term 1 for changeToCandidate
2019-10-19 01:26:24,725 [774c78e1-8dd4-453d-975e-442189a07fe2@group-31C3DC938042-LeaderElection17] INFO  server.RaftServerConfigKeys (ConfUtils.java:logGet(43)) - raft.server.watch.element-limit = 65536 (default)
2019-10-19 01:26:24,723 [Thread-403] INFO  impl.RaftServerImpl (RaftServerImpl.java:setRole(184)) - 8bce6a00-3bba-419d-83ac-b35141b6b559@group-31C3DC938042: changes role from  FOLLOWER to CANDIDATE at term 1 for changeToCandidate
2019-10-19 01:26:24,725 [Thread-389] INFO  impl.RoleInfo (RoleInfo.java:updateAndGet(143)) - 964c97d4-fbb7-48cf-b727-382e7669b5e9: start LeaderElection
2019-10-19 01:26:24,725 [Thread-403] INFO  impl.RoleInfo (RoleInfo.java:updateAndGet(143)) - 8bce6a00-3bba-419d-83ac-b35141b6b559: start LeaderElection
2019-10-19 01:26:24,727 [grpc-default-executor-4] INFO  impl.RaftServerImpl (ServerState.java:setLeader(256)) - df8ea49b-ef0b-40b0-a5d0-e4c136909b6f@group-12F62FEB2D83: change Leader from df8ea49b-ef0b-40b0-a5d0-e4c136909b6f to null at term 5 for updateCurrentTerm
2019-10-19 01:26:24,727 [grpc-default-executor-4] INFO  impl.RaftServerImpl (RaftServerImpl.java:setRole(184)) - df8ea49b-ef0b-40b0-a5d0-e4c136909b6f@group-12F62FEB2D83: changes role from    LEADER to FOLLOWER at term 5 for recognizeCandidate:a47f4692-6292-482b-87e1-943728217a13
2019-10-19 01:26:24,728 [grpc-default-executor-0] INFO  impl.RaftServerImpl (RaftServerImpl.java:setRole(184)) - 236187ad-c3a6-4195-8acc-6254fb470a95@group-F842E1832D96: changes role from  FOLLOWER to FOLLOWER at term 2 for recognizeCandidate:abe27936-fa37-414d-b2e1-4e10a1c095a6
2019-10-19 01:26:24,729 [grpc-default-executor-4] INFO  impl.RoleInfo (RoleInfo.java:shutdownLeaderState(104)) - df8ea49b-ef0b-40b0-a5d0-e4c136909b6f: shutdown LeaderState
2019-10-19 01:26:24,729 [grpc-default-executor-0] INFO  impl.RoleInfo (RoleInfo.java:shutdownFollowerState(121)) - 236187ad-c3a6-4195-8acc-6254fb470a95: shutdown FollowerState
2019-10-19 01:26:24,731 [Thread-388] INFO  impl.FollowerState (FollowerState.java:run(117)) - 236187ad-c3a6-4195-8acc-6254fb470a95@group-F842E1832D96-FollowerState was interrupted: java.lang.InterruptedException: sleep interrupted
2019-10-19 01:26:24,731 [grpc-default-executor-0] INFO  impl.RoleInfo (RoleInfo.java:updateAndGet(143)) - 236187ad-c3a6-4195-8acc-6254fb470a95: start FollowerState
2019-10-19 01:26:24,733 [774c78e1-8dd4-453d-975e-442189a07fe2@group-31C3DC938042-LeaderElection17] INFO  server.RaftServerConfigKeys (ConfUtils.java:logGet(43)) - raft.server.log.appender.snapshot.chunk.size.max = 16MB (=16777216) (default)
2019-10-19 01:26:24,733 [grpc-default-executor-4] INFO  impl.PendingRequests (PendingRequests.java:sendNotLeaderResponses(202)) - df8ea49b-ef0b-40b0-a5d0-e4c136909b6f@group-12F62FEB2D83-PendingRequests: sendNotLeaderResponses
2019-10-19 01:26:24,734 [774c78e1-8dd4-453d-975e-442189a07fe2@group-31C3DC938042-LeaderElection17] INFO  server.RaftServerConfigKeys (ConfUtils.java:logGet(43)) - raft.server.log.appender.buffer.byte-limit = 33554432 (custom)
2019-10-19 01:26:24,734 [774c78e1-8dd4-453d-975e-442189a07fe2@group-31C3DC938042-LeaderElection17] INFO  server.RaftServerConfigKeys (ConfUtils.java:logGet(43)) - raft.server.log.appender.buffer.element-limit = 1 (custom)
2019-10-19 01:26:24,734 [774c78e1-8dd4-453d-975e-442189a07fe2@group-31C3DC938042-LeaderElection17] INFO  grpc.GrpcConfigKeys$Server (ConfUtils.java:logGet(43)) - raft.grpc.server.leader.outstanding.appends.max = 128 (default)
2019-10-19 01:26:24,735 [774c78e1-8dd4-453d-975e-442189a07fe2@group-31C3DC938042-LeaderElection17] INFO  server.RaftServerConfigKeys (ConfUtils.java:logGet(43)) - raft.server.rpc.request.timeout = 3000ms (default)
2019-10-19 01:26:24,735 [774c78e1-8dd4-453d-975e-442189a07fe2@group-31C3DC938042-LeaderElection17] INFO  server.RaftServerConfigKeys (ConfUtils.java:logGet(43)) - raft.server.log.appender.install.snapshot.enabled = false (custom)
2019-10-19 01:26:24,737 [grpc-default-executor-4] INFO  impl.RoleInfo (RoleInfo.java:updateAndGet(143)) - df8ea49b-ef0b-40b0-a5d0-e4c136909b6f: start FollowerState
2019-10-19 01:26:24,738 [org.apache.ratis.server.impl.LogAppender$AppenderDaemon$$Lambda$457/1783297556@45ec1140] WARN  server.GrpcLogAppender (GrpcLogAppender.java:mayWait(149)) - df8ea49b-ef0b-40b0-a5d0-e4c136909b6f@group-12F62FEB2D83->7bdff0e9-7b76-4a2e-87b8-7520d2e34914-GrpcLogAppender: Wait interrupted by java.lang.InterruptedException
2019-10-19 01:26:24,738 [org.apache.ratis.server.impl.LogAppender$AppenderDaemon$$Lambda$457/1783297556@483cf1df] WARN  server.GrpcLogAppender (GrpcLogAppender.java:mayWait(149)) - df8ea49b-ef0b-40b0-a5d0-e4c136909b6f@group-12F62FEB2D83->a47f4692-6292-482b-87e1-943728217a13-GrpcLogAppender: Wait interrupted by java.lang.InterruptedException
2019-10-19 01:26:24,740 [774c78e1-8dd4-453d-975e-442189a07fe2@group-31C3DC938042-LeaderElection17] INFO  server.RaftServerConfigKeys (ConfUtils.java:logGet(43)) - raft.server.log.appender.snapshot.chunk.size.max = 16MB (=16777216) (default)
2019-10-19 01:26:24,741 [774c78e1-8dd4-453d-975e-442189a07fe2@group-31C3DC938042-LeaderElection17] INFO  server.RaftServerConfigKeys (ConfUtils.java:logGet(43)) - raft.server.log.appender.buffer.byte-limit = 33554432 (custom)
2019-10-19 01:26:24,741 [774c78e1-8dd4-453d-975e-442189a07fe2@group-31C3DC938042-LeaderElection17] INFO  server.RaftServerConfigKeys (ConfUtils.java:logGet(43)) - raft.server.log.appender.buffer.element-limit = 1 (custom)
2019-10-19 01:26:24,741 [774c78e1-8dd4-453d-975e-442189a07fe2@group-31C3DC938042-LeaderElection17] INFO  grpc.GrpcConfigKeys$Server (ConfUtils.java:logGet(43)) - raft.grpc.server.leader.outstanding.appends.max = 128 (default)
2019-10-19 01:26:24,741 [774c78e1-8dd4-453d-975e-442189a07fe2@group-31C3DC938042-LeaderElection17] INFO  server.RaftServerConfigKeys (ConfUtils.java:logGet(43)) - raft.server.rpc.request.timeout = 3000ms (default)
2019-10-19 01:26:24,741 [774c78e1-8dd4-453d-975e-442189a07fe2@group-31C3DC938042-LeaderElection17] INFO  server.RaftServerConfigKeys (ConfUtils.java:logGet(43)) - raft.server.log.appender.install.snapshot.enabled = false (custom)
2019-10-19 01:26:24,743 [grpc-default-executor-1] INFO  server.GrpcServerProtocolService (GrpcServerProtocolService.java:onCompleted(113)) - a47f4692-6292-482b-87e1-943728217a13: Completed APPEND_ENTRIES, lastRequest: null
2019-10-19 01:26:24,743 [grpc-default-executor-5] INFO  server.GrpcServerProtocolService (GrpcServerProtocolService.java:onCompleted(113)) - 7bdff0e9-7b76-4a2e-87b8-7520d2e34914: Completed APPEND_ENTRIES, lastRequest: null
2019-10-19 01:26:24,745 [774c78e1-8dd4-453d-975e-442189a07fe2@group-31C3DC938042-LeaderElection17] INFO  impl.RoleInfo (RoleInfo.java:updateAndGet(143)) - 774c78e1-8dd4-453d-975e-442189a07fe2: start LeaderState
2019-10-19 01:26:24,766 [964c97d4-fbb7-48cf-b727-382e7669b5e9@group-F842E1832D96-LeaderElection22] INFO  impl.LeaderElection (LeaderElection.java:askForVotes(178)) - 964c97d4-fbb7-48cf-b727-382e7669b5e9@group-F842E1832D96-LeaderElection22: begin an election at term 2 for -1: [236187ad-c3a6-4195-8acc-6254fb470a95:192.168.157.242:36973, 964c97d4-fbb7-48cf-b727-382e7669b5e9:192.168.157.242:42114, abe27936-fa37-414d-b2e1-4e10a1c095a6:192.168.157.242:42932], old=null
2019-10-19 01:26:24,775 [grpc-default-executor-4] INFO  server.GrpcLogAppender (GrpcLogAppender.java:onCompleted(308)) - df8ea49b-ef0b-40b0-a5d0-e4c136909b6f@group-12F62FEB2D83->7bdff0e9-7b76-4a2e-87b8-7520d2e34914-AppendLogResponseHandler: follower responses appendEntries COMPLETED
2019-10-19 01:26:24,775 [grpc-default-executor-2] INFO  server.GrpcLogAppender (GrpcLogAppender.java:onCompleted(308)) - df8ea49b-ef0b-40b0-a5d0-e4c136909b6f@group-12F62FEB2D83->a47f4692-6292-482b-87e1-943728217a13-AppendLogResponseHandler: follower responses appendEntries COMPLETED
2019-10-19 01:26:24,767 [df8ea49b-ef0b-40b0-a5d0-e4c136909b6f@group-12F62FEB2D83-SegmentedRaftLogWorker] INFO  segmented.SegmentedRaftLogWorker (SegmentedRaftLogWorker.java:execute(576)) - df8ea49b-ef0b-40b0-a5d0-e4c136909b6f@group-12F62FEB2D83-SegmentedRaftLogWorker: created new log segment /workdir/hadoop-ozone/integration-test/target/test-dir/MiniOzoneClusterImpl-be769f72-d0ac-4a2c-8dca-159e9fc5eefe/datanode-6/data/ratis/bbab9873-e064-4dee-a03d-12f62feb2d83/current/log_inprogress_0
2019-10-19 01:26:24,767 [8bce6a00-3bba-419d-83ac-b35141b6b559@group-31C3DC938042-LeaderElection23] INFO  impl.LeaderElection (LeaderElection.java:askForVotes(178)) - 8bce6a00-3bba-419d-83ac-b35141b6b559@group-31C3DC938042-LeaderElection23: begin an election at term 2 for -1: [774c78e1-8dd4-453d-975e-442189a07fe2:192.168.157.242:38712, 7247ad7d-2ca2-4af8-9337-77c07ea89cb3:192.168.157.242:42362, 8bce6a00-3bba-419d-83ac-b35141b6b559:192.168.157.242:37801], old=null
2019-10-19 01:26:24,767 [7bdff0e9-7b76-4a2e-87b8-7520d2e34914@group-12F62FEB2D83-LeaderElection20] INFO  impl.LeaderElection (LeaderElection.java:askForVotes(178)) - 7bdff0e9-7b76-4a2e-87b8-7520d2e34914@group-12F62FEB2D83-LeaderElection20: begin an election at term 5 for -1: [7bdff0e9-7b76-4a2e-87b8-7520d2e34914:192.168.157.242:33030, df8ea49b-ef0b-40b0-a5d0-e4c136909b6f:192.168.157.242:40644, a47f4692-6292-482b-87e1-943728217a13:192.168.157.242:34977], old=null
2019-10-19 01:26:24,767 [7247ad7d-2ca2-4af8-9337-77c07ea89cb3@group-31C3DC938042-LeaderElection21] INFO  impl.LeaderElection (LeaderElection.java:askForVotes(178)) - 7247ad7d-2ca2-4af8-9337-77c07ea89cb3@group-31C3DC938042-LeaderElection21: begin an election at term 2 for -1: [774c78e1-8dd4-453d-975e-442189a07fe2:192.168.157.242:38712, 7247ad7d-2ca2-4af8-9337-77c07ea89cb3:192.168.157.242:42362, 8bce6a00-3bba-419d-83ac-b35141b6b559:192.168.157.242:37801], old=null
2019-10-19 01:26:24,767 [774c78e1-8dd4-453d-975e-442189a07fe2@group-31C3DC938042-LeaderElection17] INFO  segmented.SegmentedRaftLogWorker (SegmentedRaftLogWorker.java:startLogSegment(385)) - 774c78e1-8dd4-453d-975e-442189a07fe2@group-31C3DC938042-SegmentedRaftLogWorker: Starting segment from index:0
2019-10-19 01:26:24,783 [a47f4692-6292-482b-87e1-943728217a13@group-12F62FEB2D83-LeaderElection18] INFO  impl.LeaderElection (LeaderElection.java:logAndReturn(56)) - a47f4692-6292-482b-87e1-943728217a13@group-12F62FEB2D83-LeaderElection18: Election REJECTED; received 2 response(s) [a47f4692-6292-482b-87e1-943728217a13<-7bdff0e9-7b76-4a2e-87b8-7520d2e34914#0:FAIL-t5, a47f4692-6292-482b-87e1-943728217a13<-df8ea49b-ef0b-40b0-a5d0-e4c136909b6f#0:FAIL-t5] and 0 exception(s); a47f4692-6292-482b-87e1-943728217a13@group-12F62FEB2D83:t5, leader=null, voted=a47f4692-6292-482b-87e1-943728217a13, raftlog=a47f4692-6292-482b-87e1-943728217a13@group-12F62FEB2D83-SegmentedRaftLog:OPENED:c-1,f-1,i0, conf=-1: [7bdff0e9-7b76-4a2e-87b8-7520d2e34914:192.168.157.242:33030, df8ea49b-ef0b-40b0-a5d0-e4c136909b6f:192.168.157.242:40644, a47f4692-6292-482b-87e1-943728217a13:192.168.157.242:34977], old=null
2019-10-19 01:26:24,783 [abe27936-fa37-414d-b2e1-4e10a1c095a6@group-F842E1832D96-LeaderElection19] INFO  impl.LeaderElection (LeaderElection.java:logAndReturn(56)) - abe27936-fa37-414d-b2e1-4e10a1c095a6@group-F842E1832D96-LeaderElection19: Election PASSED; received 2 response(s) [abe27936-fa37-414d-b2e1-4e10a1c095a6<-236187ad-c3a6-4195-8acc-6254fb470a95#0:OK-t2, abe27936-fa37-414d-b2e1-4e10a1c095a6<-964c97d4-fbb7-48cf-b727-382e7669b5e9#0:FAIL-t2] and 0 exception(s); abe27936-fa37-414d-b2e1-4e10a1c095a6@group-F842E1832D96:t2, leader=null, voted=abe27936-fa37-414d-b2e1-4e10a1c095a6, raftlog=abe27936-fa37-414d-b2e1-4e10a1c095a6@group-F842E1832D96-SegmentedRaftLog:OPENED:c-1,f-1,i0, conf=-1: [236187ad-c3a6-4195-8acc-6254fb470a95:192.168.157.242:36973, 964c97d4-fbb7-48cf-b727-382e7669b5e9:192.168.157.242:42114, abe27936-fa37-414d-b2e1-4e10a1c095a6:192.168.157.242:42932], old=null
2019-10-19 01:26:24,791 [a47f4692-6292-482b-87e1-943728217a13@group-12F62FEB2D83-LeaderElection18] INFO  impl.RaftServerImpl (RaftServerImpl.java:setRole(184)) - a47f4692-6292-482b-87e1-943728217a13@group-12F62FEB2D83: changes role from CANDIDATE to FOLLOWER at term 5 for DISCOVERED_A_NEW_TERM
2019-10-19 01:26:24,793 [abe27936-fa37-414d-b2e1-4e10a1c095a6@group-F842E1832D96-LeaderElection19] INFO  impl.RoleInfo (RoleInfo.java:shutdownLeaderElection(134)) - abe27936-fa37-414d-b2e1-4e10a1c095a6: shutdown LeaderElection
2019-10-19 01:26:24,795 [a47f4692-6292-482b-87e1-943728217a13@group-12F62FEB2D83-LeaderElection18] INFO  impl.RoleInfo (RoleInfo.java:shutdownLeaderElection(134)) - a47f4692-6292-482b-87e1-943728217a13: shutdown LeaderElection
2019-10-19 01:26:24,795 [774c78e1-8dd4-453d-975e-442189a07fe2@group-31C3DC938042-LeaderElection17] INFO  impl.RaftServerImpl (ServerState.java:setRaftConf(357)) - 774c78e1-8dd4-453d-975e-442189a07fe2@group-31C3DC938042: set configuration 0: [774c78e1-8dd4-453d-975e-442189a07fe2:192.168.157.242:38712, 7247ad7d-2ca2-4af8-9337-77c07ea89cb3:192.168.157.242:42362, 8bce6a00-3bba-419d-83ac-b35141b6b559:192.168.157.242:37801], old=null at 0
2019-10-19 01:26:24,797 [a47f4692-6292-482b-87e1-943728217a13@group-12F62FEB2D83-LeaderElection18] INFO  impl.RoleInfo (RoleInfo.java:updateAndGet(143)) - a47f4692-6292-482b-87e1-943728217a13: start FollowerState
2019-10-19 01:26:24,823 [7bdff0e9-7b76-4a2e-87b8-7520d2e34914@group-12F62FEB2D83-LeaderElection20] INFO  impl.LeaderElection (LeaderElection.java:logAndReturn(56)) - 7bdff0e9-7b76-4a2e-87b8-7520d2e34914@group-12F62FEB2D83-LeaderElection20: Election TIMEOUT; received 0 response(s) [] and 0 exception(s); 7bdff0e9-7b76-4a2e-87b8-7520d2e34914@group-12F62FEB2D83:t5, leader=null, voted=7bdff0e9-7b76-4a2e-87b8-7520d2e34914, raftlog=7bdff0e9-7b76-4a2e-87b8-7520d2e34914@group-12F62FEB2D83-SegmentedRaftLog:OPENED:c-1,f-1,i0, conf=-1: [7bdff0e9-7b76-4a2e-87b8-7520d2e34914:192.168.157.242:33030, df8ea49b-ef0b-40b0-a5d0-e4c136909b6f:192.168.157.242:40644, a47f4692-6292-482b-87e1-943728217a13:192.168.157.242:34977], old=null
2019-10-19 01:26:24,796 [abe27936-fa37-414d-b2e1-4e10a1c095a6@group-F842E1832D96-LeaderElection19] INFO  impl.RaftServerImpl (RaftServerImpl.java:setRole(184)) - abe27936-fa37-414d-b2e1-4e10a1c095a6@group-F842E1832D96: changes role from CANDIDATE to LEADER at term 2 for changeToLeader
2019-10-19 01:26:24,823 [Thread-416] INFO  impl.FollowerState (FollowerState.java:run(108)) - 236187ad-c3a6-4195-8acc-6254fb470a95@group-F842E1832D96-FollowerState: change to CANDIDATE, lastRpcTime:92ms, electionTimeout:72ms
2019-10-19 01:26:24,825 [abe27936-fa37-414d-b2e1-4e10a1c095a6@group-F842E1832D96-LeaderElection19] INFO  impl.RaftServerImpl (ServerState.java:setLeader(256)) - abe27936-fa37-414d-b2e1-4e10a1c095a6@group-F842E1832D96: change Leader from null to abe27936-fa37-414d-b2e1-4e10a1c095a6 at term 2 for becomeLeader, leader elected after 437ms
2019-10-19 01:26:24,826 [Thread-416] INFO  impl.RoleInfo (RoleInfo.java:shutdownFollowerState(121)) - 236187ad-c3a6-4195-8acc-6254fb470a95: shutdown FollowerState
2019-10-19 01:26:24,829 [abe27936-fa37-414d-b2e1-4e10a1c095a6@group-F842E1832D96-LeaderElection19] INFO  server.RaftServerConfigKeys (ConfUtils.java:logGet(43)) - raft.server.staging.catchup.gap = 1000 (default)
2019-10-19 01:26:24,829 [Thread-416] INFO  impl.RaftServerImpl (RaftServerImpl.java:setRole(184)) - 236187ad-c3a6-4195-8acc-6254fb470a95@group-F842E1832D96: changes role from  FOLLOWER to CANDIDATE at term 2 for changeToCandidate
2019-10-19 01:26:24,830 [abe27936-fa37-414d-b2e1-4e10a1c095a6@group-F842E1832D96-LeaderElection19] INFO  server.RaftServerConfigKeys (ConfUtils.java:logGet(43)) - raft.server.rpc.sleep.time = 25ms (default)
2019-10-19 01:26:24,830 [Thread-416] INFO  impl.RoleInfo (RoleInfo.java:updateAndGet(143)) - 236187ad-c3a6-4195-8acc-6254fb470a95: start LeaderElection
2019-10-19 01:26:24,830 [abe27936-fa37-414d-b2e1-4e10a1c095a6@group-F842E1832D96-LeaderElection19] INFO  server.RaftServerConfigKeys (ConfUtils.java:logGet(43)) - raft.server.write.element-limit = 4096 (default)
2019-10-19 01:26:24,830 [grpc-default-executor-2] INFO  impl.FollowerInfo (FollowerInfo.java:lambda$new$0(51)) - df8ea49b-ef0b-40b0-a5d0-e4c136909b6f@group-12F62FEB2D83->a47f4692-6292-482b-87e1-943728217a13: nextIndex: updateUnconditionally 0 -> 0
2019-10-19 01:26:24,830 [abe27936-fa37-414d-b2e1-4e10a1c095a6@group-F842E1832D96-LeaderElection19] INFO  server.RaftServerConfigKeys (ConfUtils.java:logGet(43)) - raft.server.watch.timeout = 10s (default)
2019-10-19 01:26:24,830 [grpc-default-executor-4] INFO  impl.FollowerInfo (FollowerInfo.java:lambda$new$0(51)) - df8ea49b-ef0b-40b0-a5d0-e4c136909b6f@group-12F62FEB2D83->7bdff0e9-7b76-4a2e-87b8-7520d2e34914: nextIndex: updateUnconditionally 0 -> 0
2019-10-19 01:26:24,832 [abe27936-fa37-414d-b2e1-4e10a1c095a6@group-F842E1832D96-LeaderElection19] INFO  server.RaftServerConfigKeys (ConfUtils.java:logGet(43)) - raft.server.watch.timeout.denomination = 1s (default)
2019-10-19 01:26:24,832 [abe27936-fa37-414d-b2e1-4e10a1c095a6@group-F842E1832D96-LeaderElection19] INFO  server.RaftServerConfigKeys (ConfUtils.java:logGet(43)) - raft.server.watch.element-limit = 65536 (default)
2019-10-19 01:26:24,833 [grpc-default-executor-6] INFO  impl.RaftServerImpl (RaftServerImpl.java:setRole(184)) - df8ea49b-ef0b-40b0-a5d0-e4c136909b6f@group-12F62FEB2D83: changes role from  FOLLOWER to FOLLOWER at term 5 for recognizeCandidate:7bdff0e9-7b76-4a2e-87b8-7520d2e34914
2019-10-19 01:26:24,833 [grpc-default-executor-6] INFO  impl.RoleInfo (RoleInfo.java:shutdownFollowerState(121)) - df8ea49b-ef0b-40b0-a5d0-e4c136909b6f: shutdown FollowerState
2019-10-19 01:26:24,833 [grpc-default-executor-6] INFO  impl.RoleInfo (RoleInfo.java:updateAndGet(143)) - df8ea49b-ef0b-40b0-a5d0-e4c136909b6f: start FollowerState
2019-10-19 01:26:24,833 [Thread-418] INFO  impl.FollowerState (FollowerState.java:run(117)) - df8ea49b-ef0b-40b0-a5d0-e4c136909b6f@group-12F62FEB2D83-FollowerState was interrupted: java.lang.InterruptedException: sleep interrupted
2019-10-19 01:26:24,840 [abe27936-fa37-414d-b2e1-4e10a1c095a6@group-F842E1832D96-LeaderElection19] INFO  server.RaftServerConfigKeys (ConfUtils.java:logGet(43)) - raft.server.log.appender.snapshot.chunk.size.max = 16MB (=16777216) (default)
2019-10-19 01:26:24,840 [grpc-default-executor-2] INFO  impl.RaftServerImpl (ServerState.java:setLeader(256)) - 774c78e1-8dd4-453d-975e-442189a07fe2@group-31C3DC938042: change Leader from 774c78e1-8dd4-453d-975e-442189a07fe2 to null at term 2 for updateCurrentTerm
2019-10-19 01:26:24,840 [grpc-default-executor-2] INFO  impl.RaftServerImpl (RaftServerImpl.java:setRole(184)) - 774c78e1-8dd4-453d-975e-442189a07fe2@group-31C3DC938042: changes role from    LEADER to FOLLOWER at term 2 for recognizeCandidate:7247ad7d-2ca2-4af8-9337-77c07ea89cb3
2019-10-19 01:26:24,840 [grpc-default-executor-2] INFO  impl.RoleInfo (RoleInfo.java:shutdownLeaderState(104)) - 774c78e1-8dd4-453d-975e-442189a07fe2: shutdown LeaderState
2019-10-19 01:26:24,840 [abe27936-fa37-414d-b2e1-4e10a1c095a6@group-F842E1832D96-LeaderElection19] INFO  server.RaftServerConfigKeys (ConfUtils.java:logGet(43)) - raft.server.log.appender.buffer.byte-limit = 33554432 (custom)
2019-10-19 01:26:24,844 [org.apache.ratis.server.impl.LogAppender$AppenderDaemon$$Lambda$457/1783297556@1a9c53d5] WARN  server.GrpcLogAppender (GrpcLogAppender.java:mayWait(149)) - 774c78e1-8dd4-453d-975e-442189a07fe2@group-31C3DC938042->7247ad7d-2ca2-4af8-9337-77c07ea89cb3-GrpcLogAppender: Wait interrupted by java.lang.InterruptedException
2019-10-19 01:26:24,843 [grpc-default-executor-2] INFO  impl.PendingRequests (PendingRequests.java:sendNotLeaderResponses(202)) - 774c78e1-8dd4-453d-975e-442189a07fe2@group-31C3DC938042-PendingRequests: sendNotLeaderResponses
2019-10-19 01:26:24,843 [org.apache.ratis.server.impl.LogAppender$AppenderDaemon$$Lambda$457/1783297556@2bccaa00] WARN  server.GrpcLogAppender (GrpcLogAppender.java:mayWait(149)) - 774c78e1-8dd4-453d-975e-442189a07fe2@group-31C3DC938042->8bce6a00-3bba-419d-83ac-b35141b6b559-GrpcLogAppender: Wait interrupted by java.lang.InterruptedException
2019-10-19 01:26:24,843 [774c78e1-8dd4-453d-975e-442189a07fe2@group-31C3DC938042-SegmentedRaftLogWorker] INFO  segmented.SegmentedRaftLogWorker (SegmentedRaftLogWorker.java:execute(576)) - 774c78e1-8dd4-453d-975e-442189a07fe2@group-31C3DC938042-SegmentedRaftLogWorker: created new log segment /workdir/hadoop-ozone/integration-test/target/test-dir/MiniOzoneClusterImpl-be769f72-d0ac-4a2c-8dca-159e9fc5eefe/datanode-7/data/ratis/cc6f7469-c698-4b72-b225-31c3dc938042/current/log_inprogress_0
2019-10-19 01:26:25,099 [grpc-default-executor-2] INFO  impl.RoleInfo (RoleInfo.java:updateAndGet(143)) - 774c78e1-8dd4-453d-975e-442189a07fe2: start FollowerState
2019-10-19 01:26:24,844 [236187ad-c3a6-4195-8acc-6254fb470a95@group-F842E1832D96-LeaderElection24] INFO  impl.LeaderElection (LeaderElection.java:askForVotes(178)) - 236187ad-c3a6-4195-8acc-6254fb470a95@group-F842E1832D96-LeaderElection24: begin an election at term 3 for -1: [236187ad-c3a6-4195-8acc-6254fb470a95:192.168.157.242:36973, 964c97d4-fbb7-48cf-b727-382e7669b5e9:192.168.157.242:42114, abe27936-fa37-414d-b2e1-4e10a1c095a6:192.168.157.242:42932], old=null
2019-10-19 01:26:24,844 [7bdff0e9-7b76-4a2e-87b8-7520d2e34914@group-12F62FEB2D83-LeaderElection20] INFO  impl.LeaderElection (LeaderElection.java:askForVotes(178)) - 7bdff0e9-7b76-4a2e-87b8-7520d2e34914@group-12F62FEB2D83-LeaderElection20: begin an election at term 6 for -1: [7bdff0e9-7b76-4a2e-87b8-7520d2e34914:192.168.157.242:33030, df8ea49b-ef0b-40b0-a5d0-e4c136909b6f:192.168.157.242:40644, a47f4692-6292-482b-87e1-943728217a13:192.168.157.242:34977], old=null
2019-10-19 01:26:24,844 [abe27936-fa37-414d-b2e1-4e10a1c095a6@group-F842E1832D96-LeaderElection19] INFO  server.RaftServerConfigKeys (ConfUtils.java:logGet(43)) - raft.server.log.appender.buffer.element-limit = 1 (custom)
2019-10-19 01:26:25,101 [964c97d4-fbb7-48cf-b727-382e7669b5e9@group-F842E1832D96-LeaderElection22] INFO  impl.LeaderElection (LeaderElection.java:logAndReturn(56)) - 964c97d4-fbb7-48cf-b727-382e7669b5e9@group-F842E1832D96-LeaderElection22: Election TIMEOUT; received 1 response(s) [964c97d4-fbb7-48cf-b727-382e7669b5e9<-236187ad-c3a6-4195-8acc-6254fb470a95#0:FAIL-t2] and 0 exception(s); 964c97d4-fbb7-48cf-b727-382e7669b5e9@group-F842E1832D96:t2, leader=null, voted=964c97d4-fbb7-48cf-b727-382e7669b5e9, raftlog=964c97d4-fbb7-48cf-b727-382e7669b5e9@group-F842E1832D96-SegmentedRaftLog:OPENED:c-1,f-1,i0, conf=-1: [236187ad-c3a6-4195-8acc-6254fb470a95:192.168.157.242:36973, 964c97d4-fbb7-48cf-b727-382e7669b5e9:192.168.157.242:42114, abe27936-fa37-414d-b2e1-4e10a1c095a6:192.168.157.242:42932], old=null
2019-10-19 01:26:25,102 [7247ad7d-2ca2-4af8-9337-77c07ea89cb3@group-31C3DC938042-LeaderElection21] INFO  impl.LeaderElection (LeaderElection.java:logAndReturn(56)) - 7247ad7d-2ca2-4af8-9337-77c07ea89cb3@group-31C3DC938042-LeaderElection21: Election TIMEOUT; received 0 response(s) [] and 0 exception(s); 7247ad7d-2ca2-4af8-9337-77c07ea89cb3@group-31C3DC938042:t2, leader=null, voted=7247ad7d-2ca2-4af8-9337-77c07ea89cb3, raftlog=7247ad7d-2ca2-4af8-9337-77c07ea89cb3@group-31C3DC938042-SegmentedRaftLog:OPENED:c-1,f-1,i0, conf=-1: [774c78e1-8dd4-453d-975e-442189a07fe2:192.168.157.242:38712, 7247ad7d-2ca2-4af8-9337-77c07ea89cb3:192.168.157.242:42362, 8bce6a00-3bba-419d-83ac-b35141b6b559:192.168.157.242:37801], old=null
2019-10-19 01:26:25,102 [8bce6a00-3bba-419d-83ac-b35141b6b559@group-31C3DC938042-LeaderElection23] INFO  impl.LeaderElection (LeaderElection.java:logAndReturn(56)) - 8bce6a00-3bba-419d-83ac-b35141b6b559@group-31C3DC938042-LeaderElection23: Election TIMEOUT; received 0 response(s) [] and 0 exception(s); 8bce6a00-3bba-419d-83ac-b35141b6b559@group-31C3DC938042:t2, leader=null, voted=8bce6a00-3bba-419d-83ac-b35141b6b559, raftlog=8bce6a00-3bba-419d-83ac-b35141b6b559@group-31C3DC938042-SegmentedRaftLog:OPENED:c-1,f-1,i0, conf=-1: [774c78e1-8dd4-453d-975e-442189a07fe2:192.168.157.242:38712, 7247ad7d-2ca2-4af8-9337-77c07ea89cb3:192.168.157.242:42362, 8bce6a00-3bba-419d-83ac-b35141b6b559:192.168.157.242:37801], old=null
2019-10-19 01:26:25,106 [236187ad-c3a6-4195-8acc-6254fb470a95@group-F842E1832D96-LeaderElection24] INFO  impl.LeaderElection (LeaderElection.java:logAndReturn(56)) - 236187ad-c3a6-4195-8acc-6254fb470a95@group-F842E1832D96-LeaderElection24: Election TIMEOUT; received 0 response(s) [] and 0 exception(s); 236187ad-c3a6-4195-8acc-6254fb470a95@group-F842E1832D96:t3, leader=null, voted=236187ad-c3a6-4195-8acc-6254fb470a95, raftlog=236187ad-c3a6-4195-8acc-6254fb470a95@group-F842E1832D96-SegmentedRaftLog:OPENED:c-1,f-1,i0, conf=-1: [236187ad-c3a6-4195-8acc-6254fb470a95:192.168.157.242:36973, 964c97d4-fbb7-48cf-b727-382e7669b5e9:192.168.157.242:42114, abe27936-fa37-414d-b2e1-4e10a1c095a6:192.168.157.242:42932], old=null
2019-10-19 01:26:25,102 [abe27936-fa37-414d-b2e1-4e10a1c095a6@group-F842E1832D96-LeaderElection19] INFO  grpc.GrpcConfigKeys$Server (ConfUtils.java:logGet(43)) - raft.grpc.server.leader.outstanding.appends.max = 128 (default)
2019-10-19 01:26:25,102 [Thread-428] INFO  impl.FollowerState (FollowerState.java:run(108)) - a47f4692-6292-482b-87e1-943728217a13@group-12F62FEB2D83-FollowerState: change to CANDIDATE, lastRpcTime:305ms, electionTimeout:27ms
2019-10-19 01:26:25,127 [7247ad7d-2ca2-4af8-9337-77c07ea89cb3@group-31C3DC938042-LeaderElection21] INFO  impl.LeaderElection (LeaderElection.java:askForVotes(178)) - 7247ad7d-2ca2-4af8-9337-77c07ea89cb3@group-31C3DC938042-LeaderElection21: begin an election at term 3 for -1: [774c78e1-8dd4-453d-975e-442189a07fe2:192.168.157.242:38712, 7247ad7d-2ca2-4af8-9337-77c07ea89cb3:192.168.157.242:42362, 8bce6a00-3bba-419d-83ac-b35141b6b559:192.168.157.242:37801], old=null
2019-10-19 01:26:25,135 [grpc-default-executor-0] INFO  impl.RaftServerImpl (RaftServerImpl.java:setRole(184)) - 774c78e1-8dd4-453d-975e-442189a07fe2@group-31C3DC938042: changes role from  FOLLOWER to FOLLOWER at term 2 for recognizeCandidate:8bce6a00-3bba-419d-83ac-b35141b6b559
2019-10-19 01:26:25,134 [964c97d4-fbb7-48cf-b727-382e7669b5e9@group-F842E1832D96-LeaderElection22] INFO  impl.LeaderElection (LeaderElection.java:askForVotes(178)) - 964c97d4-fbb7-48cf-b727-382e7669b5e9@group-F842E1832D96-LeaderElection22: begin an election at term 3 for -1: [236187ad-c3a6-4195-8acc-6254fb470a95:192.168.157.242:36973, 964c97d4-fbb7-48cf-b727-382e7669b5e9:192.168.157.242:42114, abe27936-fa37-414d-b2e1-4e10a1c095a6:192.168.157.242:42932], old=null
2019-10-19 01:26:25,134 [8bce6a00-3bba-419d-83ac-b35141b6b559@group-31C3DC938042-LeaderElection23] INFO  impl.LeaderElection (LeaderElection.java:askForVotes(178)) - 8bce6a00-3bba-419d-83ac-b35141b6b559@group-31C3DC938042-LeaderElection23: begin an election at term 3 for -1: [774c78e1-8dd4-453d-975e-442189a07fe2:192.168.157.242:38712, 7247ad7d-2ca2-4af8-9337-77c07ea89cb3:192.168.157.242:42362, 8bce6a00-3bba-419d-83ac-b35141b6b559:192.168.157.242:37801], old=null
2019-10-19 01:26:25,139 [grpc-default-executor-0] INFO  impl.RoleInfo (RoleInfo.java:shutdownFollowerState(121)) - 774c78e1-8dd4-453d-975e-442189a07fe2: shutdown FollowerState
2019-10-19 01:26:25,139 [Thread-428] INFO  impl.RoleInfo (RoleInfo.java:shutdownFollowerState(121)) - a47f4692-6292-482b-87e1-943728217a13: shutdown FollowerState
2019-10-19 01:26:25,139 [Thread-434] INFO  impl.FollowerState (FollowerState.java:run(117)) - 774c78e1-8dd4-453d-975e-442189a07fe2@group-31C3DC938042-FollowerState was interrupted: java.lang.InterruptedException: sleep interrupted
2019-10-19 01:26:25,139 [Thread-428] INFO  impl.RaftServerImpl (RaftServerImpl.java:setRole(184)) - a47f4692-6292-482b-87e1-943728217a13@group-12F62FEB2D83: changes role from  FOLLOWER to CANDIDATE at term 5 for changeToCandidate
2019-10-19 01:26:25,138 [236187ad-c3a6-4195-8acc-6254fb470a95@group-F842E1832D96-LeaderElection24] INFO  impl.LeaderElection (LeaderElection.java:askForVotes(178)) - 236187ad-c3a6-4195-8acc-6254fb470a95@group-F842E1832D96-LeaderElection24: begin an election at term 4 for -1: [236187ad-c3a6-4195-8acc-6254fb470a95:192.168.157.242:36973, 964c97d4-fbb7-48cf-b727-382e7669b5e9:192.168.157.242:42114, abe27936-fa37-414d-b2e1-4e10a1c095a6:192.168.157.242:42932], old=null
2019-10-19 01:26:25,137 [abe27936-fa37-414d-b2e1-4e10a1c095a6@group-F842E1832D96-LeaderElection19] INFO  server.RaftServerConfigKeys (ConfUtils.java:logGet(43)) - raft.server.rpc.request.timeout = 3000ms (default)
2019-10-19 01:26:25,146 [Thread-428] INFO  impl.RoleInfo (RoleInfo.java:updateAndGet(143)) - a47f4692-6292-482b-87e1-943728217a13: start LeaderElection
2019-10-19 01:26:25,139 [grpc-default-executor-0] INFO  impl.RoleInfo (RoleInfo.java:updateAndGet(143)) - 774c78e1-8dd4-453d-975e-442189a07fe2: start FollowerState
2019-10-19 01:26:25,139 [grpc-default-executor-7] INFO  impl.RaftServerImpl (RaftServerImpl.java:setRole(184)) - df8ea49b-ef0b-40b0-a5d0-e4c136909b6f@group-12F62FEB2D83: changes role from  FOLLOWER to FOLLOWER at term 6 for recognizeCandidate:7bdff0e9-7b76-4a2e-87b8-7520d2e34914
2019-10-19 01:26:25,148 [grpc-default-executor-1] INFO  impl.RaftServerImpl (RaftServerImpl.java:setRole(184)) - a47f4692-6292-482b-87e1-943728217a13@group-12F62FEB2D83: changes role from CANDIDATE to FOLLOWER at term 6 for recognizeCandidate:7bdff0e9-7b76-4a2e-87b8-7520d2e34914
2019-10-19 01:26:25,149 [grpc-default-executor-1] INFO  impl.RoleInfo (RoleInfo.java:shutdownLeaderElection(134)) - a47f4692-6292-482b-87e1-943728217a13: shutdown LeaderElection
2019-10-19 01:26:25,148 [abe27936-fa37-414d-b2e1-4e10a1c095a6@group-F842E1832D96-LeaderElection19] INFO  server.RaftServerConfigKeys (ConfUtils.java:logGet(43)) - raft.server.log.appender.install.snapshot.enabled = false (custom)
2019-10-19 01:26:25,148 [grpc-default-executor-7] INFO  impl.RoleInfo (RoleInfo.java:shutdownFollowerState(121)) - df8ea49b-ef0b-40b0-a5d0-e4c136909b6f: shutdown FollowerState
2019-10-19 01:26:25,151 [grpc-default-executor-1] INFO  impl.RoleInfo (RoleInfo.java:updateAndGet(143)) - a47f4692-6292-482b-87e1-943728217a13: start FollowerState
2019-10-19 01:26:25,151 [Thread-431] INFO  impl.FollowerState (FollowerState.java:run(117)) - df8ea49b-ef0b-40b0-a5d0-e4c136909b6f@group-12F62FEB2D83-FollowerState was interrupted: java.lang.InterruptedException: sleep interrupted
2019-10-19 01:26:25,151 [grpc-default-executor-3] INFO  server.GrpcServerProtocolService (GrpcServerProtocolService.java:onCompleted(113)) - 7247ad7d-2ca2-4af8-9337-77c07ea89cb3: Completed APPEND_ENTRIES, lastRequest: 774c78e1-8dd4-453d-975e-442189a07fe2->7247ad7d-2ca2-4af8-9337-77c07ea89cb3#0-t1, previous=(t:0, i:0), leaderCommit=-1, initializing? false, entries: <empty>
2019-10-19 01:26:25,151 [grpc-default-executor-7] INFO  impl.RoleInfo (RoleInfo.java:updateAndGet(143)) - df8ea49b-ef0b-40b0-a5d0-e4c136909b6f: start FollowerState
2019-10-19 01:26:25,151 [grpc-default-executor-6] INFO  server.GrpcServerProtocolService (GrpcServerProtocolService.java:onCompleted(113)) - 8bce6a00-3bba-419d-83ac-b35141b6b559: Completed APPEND_ENTRIES, lastRequest: 774c78e1-8dd4-453d-975e-442189a07fe2->8bce6a00-3bba-419d-83ac-b35141b6b559#0-t1, previous=(t:0, i:0), leaderCommit=-1, initializing? false, entries: <empty>
2019-10-19 01:26:25,153 [abe27936-fa37-414d-b2e1-4e10a1c095a6@group-F842E1832D96-LeaderElection19] INFO  server.RaftServerConfigKeys (ConfUtils.java:logGet(43)) - raft.server.log.appender.snapshot.chunk.size.max = 16MB (=16777216) (default)
2019-10-19 01:26:25,153 [abe27936-fa37-414d-b2e1-4e10a1c095a6@group-F842E1832D96-LeaderElection19] INFO  server.RaftServerConfigKeys (ConfUtils.java:logGet(43)) - raft.server.log.appender.buffer.byte-limit = 33554432 (custom)
2019-10-19 01:26:25,154 [abe27936-fa37-414d-b2e1-4e10a1c095a6@group-F842E1832D96-LeaderElection19] INFO  server.RaftServerConfigKeys (ConfUtils.java:logGet(43)) - raft.server.log.appender.buffer.element-limit = 1 (custom)
2019-10-19 01:26:25,154 [abe27936-fa37-414d-b2e1-4e10a1c095a6@group-F842E1832D96-LeaderElection19] INFO  grpc.GrpcConfigKeys$Server (ConfUtils.java:logGet(43)) - raft.grpc.server.leader.outstanding.appends.max = 128 (default)
2019-10-19 01:26:25,154 [abe27936-fa37-414d-b2e1-4e10a1c095a6@group-F842E1832D96-LeaderElection19] INFO  server.RaftServerConfigKeys (ConfUtils.java:logGet(43)) - raft.server.rpc.request.timeout = 3000ms (default)
2019-10-19 01:26:25,154 [abe27936-fa37-414d-b2e1-4e10a1c095a6@group-F842E1832D96-LeaderElection19] INFO  server.RaftServerConfigKeys (ConfUtils.java:logGet(43)) - raft.server.log.appender.install.snapshot.enabled = false (custom)
2019-10-19 01:26:25,156 [grpc-default-executor-9] INFO  impl.RaftServerImpl (RaftServerImpl.java:setRole(184)) - 774c78e1-8dd4-453d-975e-442189a07fe2@group-31C3DC938042: changes role from  FOLLOWER to FOLLOWER at term 3 for recognizeCandidate:7247ad7d-2ca2-4af8-9337-77c07ea89cb3
2019-10-19 01:26:25,157 [grpc-default-executor-9] INFO  impl.RoleInfo (RoleInfo.java:shutdownFollowerState(121)) - 774c78e1-8dd4-453d-975e-442189a07fe2: shutdown FollowerState
2019-10-19 01:26:25,165 [grpc-default-executor-9] INFO  impl.RoleInfo (RoleInfo.java:updateAndGet(143)) - 774c78e1-8dd4-453d-975e-442189a07fe2: start FollowerState
2019-10-19 01:26:25,165 [Thread-441] INFO  impl.FollowerState (FollowerState.java:run(117)) - 774c78e1-8dd4-453d-975e-442189a07fe2@group-31C3DC938042-FollowerState was interrupted: java.lang.InterruptedException: sleep interrupted
2019-10-19 01:26:25,168 [grpc-default-executor-7] INFO  impl.RaftServerImpl (RaftServerImpl.java:setRole(184)) - 964c97d4-fbb7-48cf-b727-382e7669b5e9@group-F842E1832D96: changes role from CANDIDATE to FOLLOWER at term 4 for recognizeCandidate:236187ad-c3a6-4195-8acc-6254fb470a95
2019-10-19 01:26:25,168 [abe27936-fa37-414d-b2e1-4e10a1c095a6@group-F842E1832D96-LeaderElection19] INFO  impl.RoleInfo (RoleInfo.java:updateAndGet(143)) - abe27936-fa37-414d-b2e1-4e10a1c095a6: start LeaderState
2019-10-19 01:26:25,168 [grpc-default-executor-7] INFO  impl.RoleInfo (RoleInfo.java:shutdownLeaderElection(134)) - 964c97d4-fbb7-48cf-b727-382e7669b5e9: shutdown LeaderElection
2019-10-19 01:26:25,168 [abe27936-fa37-414d-b2e1-4e10a1c095a6@group-F842E1832D96-LeaderElection19] INFO  segmented.SegmentedRaftLogWorker (SegmentedRaftLogWorker.java:startLogSegment(385)) - abe27936-fa37-414d-b2e1-4e10a1c095a6@group-F842E1832D96-SegmentedRaftLogWorker: Starting segment from index:0
2019-10-19 01:26:25,168 [grpc-default-executor-7] INFO  impl.RoleInfo (RoleInfo.java:updateAndGet(143)) - 964c97d4-fbb7-48cf-b727-382e7669b5e9: start FollowerState
2019-10-19 01:26:25,168 [7bdff0e9-7b76-4a2e-87b8-7520d2e34914@group-12F62FEB2D83-LeaderElection20] INFO  impl.LeaderElection (LeaderElection.java:logAndReturn(56)) - 7bdff0e9-7b76-4a2e-87b8-7520d2e34914@group-12F62FEB2D83-LeaderElection20: Election REJECTED; received 2 response(s) [7bdff0e9-7b76-4a2e-87b8-7520d2e34914<-df8ea49b-ef0b-40b0-a5d0-e4c136909b6f#0:FAIL-t6, 7bdff0e9-7b76-4a2e-87b8-7520d2e34914<-a47f4692-6292-482b-87e1-943728217a13#0:FAIL-t6] and 0 exception(s); 7bdff0e9-7b76-4a2e-87b8-7520d2e34914@group-12F62FEB2D83:t6, leader=null, voted=7bdff0e9-7b76-4a2e-87b8-7520d2e34914, raftlog=7bdff0e9-7b76-4a2e-87b8-7520d2e34914@group-12F62FEB2D83-SegmentedRaftLog:OPENED:c-1,f-1,i0, conf=-1: [7bdff0e9-7b76-4a2e-87b8-7520d2e34914:192.168.157.242:33030, df8ea49b-ef0b-40b0-a5d0-e4c136909b6f:192.168.157.242:40644, a47f4692-6292-482b-87e1-943728217a13:192.168.157.242:34977], old=null
2019-10-19 01:26:25,169 [964c97d4-fbb7-48cf-b727-382e7669b5e9@group-F842E1832D96-LeaderElection22] INFO  impl.LeaderElection (LeaderElection.java:logAndReturn(56)) - 964c97d4-fbb7-48cf-b727-382e7669b5e9@group-F842E1832D96-LeaderElection22: Election DISCOVERED_A_NEW_TERM; received 1 response(s) [964c97d4-fbb7-48cf-b727-382e7669b5e9<-236187ad-c3a6-4195-8acc-6254fb470a95#0:FAIL-t4] and 0 exception(s); 964c97d4-fbb7-48cf-b727-382e7669b5e9@group-F842E1832D96:t4, leader=null, voted=null, raftlog=964c97d4-fbb7-48cf-b727-382e7669b5e9@group-F842E1832D96-SegmentedRaftLog:OPENED:c-1,f-1,i0, conf=-1: [236187ad-c3a6-4195-8acc-6254fb470a95:192.168.157.242:36973, 964c97d4-fbb7-48cf-b727-382e7669b5e9:192.168.157.242:42114, abe27936-fa37-414d-b2e1-4e10a1c095a6:192.168.157.242:42932], old=null
2019-10-19 01:26:25,169 [7bdff0e9-7b76-4a2e-87b8-7520d2e34914@group-12F62FEB2D83-LeaderElection20] INFO  impl.RaftServerImpl (RaftServerImpl.java:setRole(184)) - 7bdff0e9-7b76-4a2e-87b8-7520d2e34914@group-12F62FEB2D83: changes role from CANDIDATE to FOLLOWER at term 6 for DISCOVERED_A_NEW_TERM
2019-10-19 01:26:25,169 [abe27936-fa37-414d-b2e1-4e10a1c095a6@group-F842E1832D96-LeaderElection19] INFO  impl.RaftServerImpl (ServerState.java:setRaftConf(357)) - abe27936-fa37-414d-b2e1-4e10a1c095a6@group-F842E1832D96: set configuration 0: [236187ad-c3a6-4195-8acc-6254fb470a95:192.168.157.242:36973, 964c97d4-fbb7-48cf-b727-382e7669b5e9:192.168.157.242:42114, abe27936-fa37-414d-b2e1-4e10a1c095a6:192.168.157.242:42932], old=null at 0
2019-10-19 01:26:25,198 [grpc-default-executor-2] INFO  impl.RaftServerImpl (ServerState.java:setLeader(256)) - abe27936-fa37-414d-b2e1-4e10a1c095a6@group-F842E1832D96: change Leader from abe27936-fa37-414d-b2e1-4e10a1c095a6 to null at term 4 for updateCurrentTerm
2019-10-19 01:26:25,196 [7bdff0e9-7b76-4a2e-87b8-7520d2e34914@group-12F62FEB2D83-LeaderElection20] INFO  impl.RoleInfo (RoleInfo.java:shutdownLeaderElection(134)) - 7bdff0e9-7b76-4a2e-87b8-7520d2e34914: shutdown LeaderElection
2019-10-19 01:26:25,198 [grpc-default-executor-2] INFO  impl.RaftServerImpl (RaftServerImpl.java:setRole(184)) - abe27936-fa37-414d-b2e1-4e10a1c095a6@group-F842E1832D96: changes role from    LEADER to FOLLOWER at term 4 for recognizeCandidate:236187ad-c3a6-4195-8acc-6254fb470a95
2019-10-19 01:26:25,198 [7bdff0e9-7b76-4a2e-87b8-7520d2e34914@group-12F62FEB2D83-LeaderElection20] INFO  impl.RoleInfo (RoleInfo.java:updateAndGet(143)) - 7bdff0e9-7b76-4a2e-87b8-7520d2e34914: start FollowerState
2019-10-19 01:26:25,198 [grpc-default-executor-2] INFO  impl.RoleInfo (RoleInfo.java:shutdownLeaderState(104)) - abe27936-fa37-414d-b2e1-4e10a1c095a6: shutdown LeaderState
2019-10-19 01:26:25,201 [grpc-default-executor-2] INFO  impl.PendingRequests (PendingRequests.java:sendNotLeaderResponses(202)) - abe27936-fa37-414d-b2e1-4e10a1c095a6@group-F842E1832D96-PendingRequests: sendNotLeaderResponses
2019-10-19 01:26:25,201 [org.apache.ratis.server.impl.LogAppender$AppenderDaemon$$Lambda$457/1783297556@61400b12] WARN  server.GrpcLogAppender (GrpcLogAppender.java:mayWait(149)) - abe27936-fa37-414d-b2e1-4e10a1c095a6@group-F842E1832D96->964c97d4-fbb7-48cf-b727-382e7669b5e9-GrpcLogAppender: Wait interrupted by java.lang.InterruptedException
2019-10-19 01:26:25,201 [org.apache.ratis.server.impl.LogAppender$AppenderDaemon$$Lambda$457/1783297556@505a7e25] WARN  server.GrpcLogAppender (GrpcLogAppender.java:mayWait(149)) - abe27936-fa37-414d-b2e1-4e10a1c095a6@group-F842E1832D96->236187ad-c3a6-4195-8acc-6254fb470a95-GrpcLogAppender: Wait interrupted by java.lang.InterruptedException
2019-10-19 01:26:25,201 [grpc-default-executor-2] INFO  impl.RoleInfo (RoleInfo.java:updateAndGet(143)) - abe27936-fa37-414d-b2e1-4e10a1c095a6: start FollowerState
2019-10-19 01:26:25,202 [grpc-default-executor-5] INFO  server.GrpcServerProtocolService (GrpcServerProtocolService.java:onCompleted(113)) - 236187ad-c3a6-4195-8acc-6254fb470a95: Completed APPEND_ENTRIES, lastRequest: null
2019-10-19 01:26:25,203 [grpc-default-executor-5] INFO  server.GrpcServerProtocolService (GrpcServerProtocolService.java:onCompleted(113)) - 964c97d4-fbb7-48cf-b727-382e7669b5e9: Completed APPEND_ENTRIES, lastRequest: null
2019-10-19 01:26:25,203 [grpc-default-executor-5] INFO  server.GrpcLogAppender (GrpcLogAppender.java:onCompleted(308)) - abe27936-fa37-414d-b2e1-4e10a1c095a6@group-F842E1832D96->964c97d4-fbb7-48cf-b727-382e7669b5e9-AppendLogResponseHandler: follower responses appendEntries COMPLETED
2019-10-19 01:26:25,205 [grpc-default-executor-10] INFO  server.GrpcLogAppender (GrpcLogAppender.java:onCompleted(308)) - abe27936-fa37-414d-b2e1-4e10a1c095a6@group-F842E1832D96->236187ad-c3a6-4195-8acc-6254fb470a95-AppendLogResponseHandler: follower responses appendEntries COMPLETED
2019-10-19 01:26:25,206 [grpc-default-executor-5] INFO  impl.FollowerInfo (FollowerInfo.java:lambda$new$0(51)) - abe27936-fa37-414d-b2e1-4e10a1c095a6@group-F842E1832D96->964c97d4-fbb7-48cf-b727-382e7669b5e9: nextIndex: updateUnconditionally 0 -> 0
2019-10-19 01:26:25,207 [grpc-default-executor-10] INFO  impl.FollowerInfo (FollowerInfo.java:lambda$new$0(51)) - abe27936-fa37-414d-b2e1-4e10a1c095a6@group-F842E1832D96->236187ad-c3a6-4195-8acc-6254fb470a95: nextIndex: updateUnconditionally 0 -> 0
2019-10-19 01:26:25,227 [abe27936-fa37-414d-b2e1-4e10a1c095a6@group-F842E1832D96-SegmentedRaftLogWorker] INFO  segmented.SegmentedRaftLogWorker (SegmentedRaftLogWorker.java:execute(576)) - abe27936-fa37-414d-b2e1-4e10a1c095a6@group-F842E1832D96-SegmentedRaftLogWorker: created new log segment /workdir/hadoop-ozone/integration-test/target/test-dir/MiniOzoneClusterImpl-be769f72-d0ac-4a2c-8dca-159e9fc5eefe/datanode-1/data/ratis/72b83858-5b43-40ac-9506-f842e1832d96/current/log_inprogress_0
2019-10-19 01:26:25,227 [a47f4692-6292-482b-87e1-943728217a13@group-12F62FEB2D83-LeaderElection25] INFO  impl.LeaderElection (LeaderElection.java:askForVotes(178)) - a47f4692-6292-482b-87e1-943728217a13@group-12F62FEB2D83-LeaderElection25: begin an election at term 7 for -1: [7bdff0e9-7b76-4a2e-87b8-7520d2e34914:192.168.157.242:33030, df8ea49b-ef0b-40b0-a5d0-e4c136909b6f:192.168.157.242:40644, a47f4692-6292-482b-87e1-943728217a13:192.168.157.242:34977], old=null
2019-10-19 01:26:25,227 [Thread-450] INFO  impl.FollowerState (FollowerState.java:run(108)) - a47f4692-6292-482b-87e1-943728217a13@group-12F62FEB2D83-FollowerState: change to CANDIDATE, lastRpcTime:76ms, electionTimeout:61ms
2019-10-19 01:26:25,227 [grpc-default-executor-6] INFO  server.GrpcLogAppender (GrpcLogAppender.java:onCompleted(308)) - 774c78e1-8dd4-453d-975e-442189a07fe2@group-31C3DC938042->8bce6a00-3bba-419d-83ac-b35141b6b559-AppendLogResponseHandler: follower responses appendEntries COMPLETED
2019-10-19 01:26:25,227 [Thread-454] INFO  impl.FollowerState (FollowerState.java:run(108)) - 964c97d4-fbb7-48cf-b727-382e7669b5e9@group-F842E1832D96-FollowerState: change to CANDIDATE, lastRpcTime:58ms, electionTimeout:28ms
2019-10-19 01:26:25,227 [grpc-default-executor-3] INFO  server.GrpcLogAppender (GrpcLogAppender.java:onCompleted(308)) - 774c78e1-8dd4-453d-975e-442189a07fe2@group-31C3DC938042->7247ad7d-2ca2-4af8-9337-77c07ea89cb3-AppendLogResponseHandler: follower responses appendEntries COMPLETED
2019-10-19 01:26:25,227 [Thread-450] INFO  impl.RoleInfo (RoleInfo.java:shutdownFollowerState(121)) - a47f4692-6292-482b-87e1-943728217a13: shutdown FollowerState
2019-10-19 01:26:25,227 [grpc-default-executor-1] INFO  impl.RaftServerImpl (RaftServerImpl.java:setRole(184)) - 774c78e1-8dd4-453d-975e-442189a07fe2@group-31C3DC938042: changes role from  FOLLOWER to FOLLOWER at term 3 for recognizeCandidate:8bce6a00-3bba-419d-83ac-b35141b6b559
2019-10-19 01:26:25,229 [grpc-default-executor-1] INFO  impl.RoleInfo (RoleInfo.java:shutdownFollowerState(121)) - 774c78e1-8dd4-453d-975e-442189a07fe2: shutdown FollowerState
2019-10-19 01:26:25,229 [Thread-450] INFO  impl.RaftServerImpl (RaftServerImpl.java:setRole(184)) - a47f4692-6292-482b-87e1-943728217a13@group-12F62FEB2D83: changes role from  FOLLOWER to CANDIDATE at term 7 for changeToCandidate
2019-10-19 01:26:25,230 [Thread-453] INFO  impl.FollowerState (FollowerState.java:run(117)) - 774c78e1-8dd4-453d-975e-442189a07fe2@group-31C3DC938042-FollowerState was interrupted: java.lang.InterruptedException: sleep interrupted
2019-10-19 01:26:25,230 [grpc-default-executor-1] INFO  impl.RoleInfo (RoleInfo.java:updateAndGet(143)) - 774c78e1-8dd4-453d-975e-442189a07fe2: start FollowerState
2019-10-19 01:26:25,229 [Thread-454] INFO  impl.RoleInfo (RoleInfo.java:shutdownFollowerState(121)) - 964c97d4-fbb7-48cf-b727-382e7669b5e9: shutdown FollowerState
2019-10-19 01:26:25,230 [Thread-450] INFO  impl.RoleInfo (RoleInfo.java:updateAndGet(143)) - a47f4692-6292-482b-87e1-943728217a13: start LeaderElection
2019-10-19 01:26:25,231 [Thread-454] INFO  impl.RaftServerImpl (RaftServerImpl.java:setRole(184)) - 964c97d4-fbb7-48cf-b727-382e7669b5e9@group-F842E1832D96: changes role from  FOLLOWER to CANDIDATE at term 4 for changeToCandidate
2019-10-19 01:26:25,231 [Thread-454] INFO  impl.RoleInfo (RoleInfo.java:updateAndGet(143)) - 964c97d4-fbb7-48cf-b727-382e7669b5e9: start LeaderElection
2019-10-19 01:26:25,234 [Thread-455] INFO  impl.FollowerState (FollowerState.java:run(108)) - 7bdff0e9-7b76-4a2e-87b8-7520d2e34914@group-12F62FEB2D83-FollowerState: change to CANDIDATE, lastRpcTime:36ms, electionTimeout:33ms
2019-10-19 01:26:25,234 [Thread-455] INFO  impl.RoleInfo (RoleInfo.java:shutdownFollowerState(121)) - 7bdff0e9-7b76-4a2e-87b8-7520d2e34914: shutdown FollowerState
2019-10-19 01:26:25,234 [Thread-455] INFO  impl.RaftServerImpl (RaftServerImpl.java:setRole(184)) - 7bdff0e9-7b76-4a2e-87b8-7520d2e34914@group-12F62FEB2D83: changes role from  FOLLOWER to CANDIDATE at term 6 for changeToCandidate
2019-10-19 01:26:25,235 [Thread-455] INFO  impl.RoleInfo (RoleInfo.java:updateAndGet(143)) - 7bdff0e9-7b76-4a2e-87b8-7520d2e34914: start LeaderElection
2019-10-19 01:26:25,236 [grpc-default-executor-6] INFO  impl.FollowerInfo (FollowerInfo.java:lambda$new$0(51)) - 774c78e1-8dd4-453d-975e-442189a07fe2@group-31C3DC938042->8bce6a00-3bba-419d-83ac-b35141b6b559: nextIndex: updateUnconditionally 0 -> 0
2019-10-19 01:26:25,239 [8bce6a00-3bba-419d-83ac-b35141b6b559@group-31C3DC938042-LeaderElection23] INFO  impl.LeaderElection (LeaderElection.java:logAndReturn(56)) - 8bce6a00-3bba-419d-83ac-b35141b6b559@group-31C3DC938042-LeaderElection23: Election REJECTED; received 2 response(s) [8bce6a00-3bba-419d-83ac-b35141b6b559<-774c78e1-8dd4-453d-975e-442189a07fe2#0:FAIL-t3, 8bce6a00-3bba-419d-83ac-b35141b6b559<-7247ad7d-2ca2-4af8-9337-77c07ea89cb3#0:FAIL-t3] and 0 exception(s); 8bce6a00-3bba-419d-83ac-b35141b6b559@group-31C3DC938042:t3, leader=null, voted=8bce6a00-3bba-419d-83ac-b35141b6b559, raftlog=8bce6a00-3bba-419d-83ac-b35141b6b559@group-31C3DC938042-SegmentedRaftLog:OPENED:c-1,f-1,i0, conf=-1: [774c78e1-8dd4-453d-975e-442189a07fe2:192.168.157.242:38712, 7247ad7d-2ca2-4af8-9337-77c07ea89cb3:192.168.157.242:42362, 8bce6a00-3bba-419d-83ac-b35141b6b559:192.168.157.242:37801], old=null
2019-10-19 01:26:25,239 [grpc-default-executor-3] INFO  impl.FollowerInfo (FollowerInfo.java:lambda$new$0(51)) - 774c78e1-8dd4-453d-975e-442189a07fe2@group-31C3DC938042->7247ad7d-2ca2-4af8-9337-77c07ea89cb3: nextIndex: updateUnconditionally 0 -> 0
2019-10-19 01:26:25,239 [8bce6a00-3bba-419d-83ac-b35141b6b559@group-31C3DC938042-LeaderElection23] INFO  impl.RaftServerImpl (RaftServerImpl.java:setRole(184)) - 8bce6a00-3bba-419d-83ac-b35141b6b559@group-31C3DC938042: changes role from CANDIDATE to FOLLOWER at term 3 for DISCOVERED_A_NEW_TERM
2019-10-19 01:26:25,240 [8bce6a00-3bba-419d-83ac-b35141b6b559@group-31C3DC938042-LeaderElection23] INFO  impl.RoleInfo (RoleInfo.java:shutdownLeaderElection(134)) - 8bce6a00-3bba-419d-83ac-b35141b6b559: shutdown LeaderElection
2019-10-19 01:26:25,240 [8bce6a00-3bba-419d-83ac-b35141b6b559@group-31C3DC938042-LeaderElection23] INFO  impl.RoleInfo (RoleInfo.java:updateAndGet(143)) - 8bce6a00-3bba-419d-83ac-b35141b6b559: start FollowerState
2019-10-19 01:26:25,242 [7247ad7d-2ca2-4af8-9337-77c07ea89cb3@group-31C3DC938042-LeaderElection21] INFO  impl.LeaderElection (LeaderElection.java:logAndReturn(56)) - 7247ad7d-2ca2-4af8-9337-77c07ea89cb3@group-31C3DC938042-LeaderElection21: Election REJECTED; received 2 response(s) [7247ad7d-2ca2-4af8-9337-77c07ea89cb3<-774c78e1-8dd4-453d-975e-442189a07fe2#0:FAIL-t3, 7247ad7d-2ca2-4af8-9337-77c07ea89cb3<-8bce6a00-3bba-419d-83ac-b35141b6b559#0:FAIL-t3] and 0 exception(s); 7247ad7d-2ca2-4af8-9337-77c07ea89cb3@group-31C3DC938042:t3, leader=null, voted=7247ad7d-2ca2-4af8-9337-77c07ea89cb3, raftlog=7247ad7d-2ca2-4af8-9337-77c07ea89cb3@group-31C3DC938042-SegmentedRaftLog:OPENED:c-1,f-1,i0, conf=-1: [774c78e1-8dd4-453d-975e-442189a07fe2:192.168.157.242:38712, 7247ad7d-2ca2-4af8-9337-77c07ea89cb3:192.168.157.242:42362, 8bce6a00-3bba-419d-83ac-b35141b6b559:192.168.157.242:37801], old=null
2019-10-19 01:26:25,242 [7247ad7d-2ca2-4af8-9337-77c07ea89cb3@group-31C3DC938042-LeaderElection21] INFO  impl.RaftServerImpl (RaftServerImpl.java:setRole(184)) - 7247ad7d-2ca2-4af8-9337-77c07ea89cb3@group-31C3DC938042: changes role from CANDIDATE to FOLLOWER at term 3 for DISCOVERED_A_NEW_TERM
2019-10-19 01:26:25,242 [7247ad7d-2ca2-4af8-9337-77c07ea89cb3@group-31C3DC938042-LeaderElection21] INFO  impl.RoleInfo (RoleInfo.java:shutdownLeaderElection(134)) - 7247ad7d-2ca2-4af8-9337-77c07ea89cb3: shutdown LeaderElection
2019-10-19 01:26:25,242 [7bdff0e9-7b76-4a2e-87b8-7520d2e34914@group-12F62FEB2D83-LeaderElection28] INFO  impl.LeaderElection (LeaderElection.java:askForVotes(178)) - 7bdff0e9-7b76-4a2e-87b8-7520d2e34914@group-12F62FEB2D83-LeaderElection28: begin an election at term 7 for -1: [7bdff0e9-7b76-4a2e-87b8-7520d2e34914:192.168.157.242:33030, df8ea49b-ef0b-40b0-a5d0-e4c136909b6f:192.168.157.242:40644, a47f4692-6292-482b-87e1-943728217a13:192.168.157.242:34977], old=null
2019-10-19 01:26:25,242 [964c97d4-fbb7-48cf-b727-382e7669b5e9@group-F842E1832D96-LeaderElection27] INFO  impl.LeaderElection (LeaderElection.java:askForVotes(178)) - 964c97d4-fbb7-48cf-b727-382e7669b5e9@group-F842E1832D96-LeaderElection27: begin an election at term 5 for -1: [236187ad-c3a6-4195-8acc-6254fb470a95:192.168.157.242:36973, 964c97d4-fbb7-48cf-b727-382e7669b5e9:192.168.157.242:42114, abe27936-fa37-414d-b2e1-4e10a1c095a6:192.168.157.242:42932], old=null
2019-10-19 01:26:25,242 [a47f4692-6292-482b-87e1-943728217a13@group-12F62FEB2D83-LeaderElection26] INFO  impl.LeaderElection (LeaderElection.java:askForVotes(178)) - a47f4692-6292-482b-87e1-943728217a13@group-12F62FEB2D83-LeaderElection26: begin an election at term 8 for -1: [7bdff0e9-7b76-4a2e-87b8-7520d2e34914:192.168.157.242:33030, df8ea49b-ef0b-40b0-a5d0-e4c136909b6f:192.168.157.242:40644, a47f4692-6292-482b-87e1-943728217a13:192.168.157.242:34977], old=null
2019-10-19 01:26:25,242 [7247ad7d-2ca2-4af8-9337-77c07ea89cb3@group-31C3DC938042-LeaderElection21] INFO  impl.RoleInfo (RoleInfo.java:updateAndGet(143)) - 7247ad7d-2ca2-4af8-9337-77c07ea89cb3: start FollowerState
2019-10-19 01:26:25,244 [a47f4692-6292-482b-87e1-943728217a13@group-12F62FEB2D83-LeaderElection25] INFO  impl.LeaderElection (LeaderElection.java:logAndReturn(56)) - a47f4692-6292-482b-87e1-943728217a13@group-12F62FEB2D83-LeaderElection25: Election REJECTED; received 0 response(s) [] and 0 exception(s); a47f4692-6292-482b-87e1-943728217a13@group-12F62FEB2D83:t8, leader=null, voted=a47f4692-6292-482b-87e1-943728217a13, raftlog=a47f4692-6292-482b-87e1-943728217a13@group-12F62FEB2D83-SegmentedRaftLog:OPENED:c-1,f-1,i0, conf=-1: [7bdff0e9-7b76-4a2e-87b8-7520d2e34914:192.168.157.242:33030, df8ea49b-ef0b-40b0-a5d0-e4c136909b6f:192.168.157.242:40644, a47f4692-6292-482b-87e1-943728217a13:192.168.157.242:34977], old=null
2019-10-19 01:26:25,244 [236187ad-c3a6-4195-8acc-6254fb470a95@group-F842E1832D96-LeaderElection24] INFO  impl.LeaderElection (LeaderElection.java:logAndReturn(56)) - 236187ad-c3a6-4195-8acc-6254fb470a95@group-F842E1832D96-LeaderElection24: Election REJECTED; received 2 response(s) [236187ad-c3a6-4195-8acc-6254fb470a95<-964c97d4-fbb7-48cf-b727-382e7669b5e9#0:FAIL-t4, 236187ad-c3a6-4195-8acc-6254fb470a95<-abe27936-fa37-414d-b2e1-4e10a1c095a6#0:FAIL-t4] and 0 exception(s); 236187ad-c3a6-4195-8acc-6254fb470a95@group-F842E1832D96:t4, leader=null, voted=236187ad-c3a6-4195-8acc-6254fb470a95, raftlog=236187ad-c3a6-4195-8acc-6254fb470a95@group-F842E1832D96-SegmentedRaftLog:OPENED:c-1,f-1,i0, conf=-1: [236187ad-c3a6-4195-8acc-6254fb470a95:192.168.157.242:36973, 964c97d4-fbb7-48cf-b727-382e7669b5e9:192.168.157.242:42114, abe27936-fa37-414d-b2e1-4e10a1c095a6:192.168.157.242:42932], old=null
2019-10-19 01:26:25,245 [grpc-default-executor-6] INFO  impl.RaftServerImpl (RaftServerImpl.java:setRole(184)) - 236187ad-c3a6-4195-8acc-6254fb470a95@group-F842E1832D96: changes role from CANDIDATE to FOLLOWER at term 5 for recognizeCandidate:964c97d4-fbb7-48cf-b727-382e7669b5e9
2019-10-19 01:26:25,247 [grpc-default-executor-6] INFO  impl.RoleInfo (RoleInfo.java:shutdownLeaderElection(134)) - 236187ad-c3a6-4195-8acc-6254fb470a95: shutdown LeaderElection
2019-10-19 01:26:25,247 [grpc-default-executor-6] INFO  impl.RoleInfo (RoleInfo.java:updateAndGet(143)) - 236187ad-c3a6-4195-8acc-6254fb470a95: start FollowerState
2019-10-19 01:26:25,248 [grpc-default-executor-3] INFO  impl.RaftServerImpl (RaftServerImpl.java:setRole(184)) - abe27936-fa37-414d-b2e1-4e10a1c095a6@group-F842E1832D96: changes role from  FOLLOWER to FOLLOWER at term 5 for recognizeCandidate:964c97d4-fbb7-48cf-b727-382e7669b5e9
2019-10-19 01:26:25,248 [grpc-default-executor-8] INFO  impl.RaftServerImpl (RaftServerImpl.java:setRole(184)) - df8ea49b-ef0b-40b0-a5d0-e4c136909b6f@group-12F62FEB2D83: changes role from  FOLLOWER to FOLLOWER at term 8 for recognizeCandidate:a47f4692-6292-482b-87e1-943728217a13
2019-10-19 01:26:25,249 [grpc-default-executor-3] INFO  impl.RoleInfo (RoleInfo.java:shutdownFollowerState(121)) - abe27936-fa37-414d-b2e1-4e10a1c095a6: shutdown FollowerState
2019-10-19 01:26:25,249 [grpc-default-executor-8] INFO  impl.RoleInfo (RoleInfo.java:shutdownFollowerState(121)) - df8ea49b-ef0b-40b0-a5d0-e4c136909b6f: shutdown FollowerState
2019-10-19 01:26:25,249 [Thread-456] INFO  impl.FollowerState (FollowerState.java:run(117)) - abe27936-fa37-414d-b2e1-4e10a1c095a6@group-F842E1832D96-FollowerState was interrupted: java.lang.InterruptedException: sleep interrupted
2019-10-19 01:26:25,249 [grpc-default-executor-3] INFO  impl.RoleInfo (RoleInfo.java:updateAndGet(143)) - abe27936-fa37-414d-b2e1-4e10a1c095a6: start FollowerState
2019-10-19 01:26:25,250 [grpc-default-executor-0] INFO  impl.RaftServerImpl (RaftServerImpl.java:setRole(184)) - 7bdff0e9-7b76-4a2e-87b8-7520d2e34914@group-12F62FEB2D83: changes role from CANDIDATE to FOLLOWER at term 8 for recognizeCandidate:a47f4692-6292-482b-87e1-943728217a13
2019-10-19 01:26:25,249 [grpc-default-executor-8] INFO  impl.RoleInfo (RoleInfo.java:updateAndGet(143)) - df8ea49b-ef0b-40b0-a5d0-e4c136909b6f: start FollowerState
2019-10-19 01:26:25,249 [Thread-451] INFO  impl.FollowerState (FollowerState.java:run(117)) - df8ea49b-ef0b-40b0-a5d0-e4c136909b6f@group-12F62FEB2D83-FollowerState was interrupted: java.lang.InterruptedException: sleep interrupted
2019-10-19 01:26:25,251 [grpc-default-executor-0] INFO  impl.RoleInfo (RoleInfo.java:shutdownLeaderElection(134)) - 7bdff0e9-7b76-4a2e-87b8-7520d2e34914: shutdown LeaderElection
2019-10-19 01:26:25,254 [grpc-default-executor-0] INFO  impl.RoleInfo (RoleInfo.java:updateAndGet(143)) - 7bdff0e9-7b76-4a2e-87b8-7520d2e34914: start FollowerState
2019-10-19 01:26:25,256 [7bdff0e9-7b76-4a2e-87b8-7520d2e34914@group-12F62FEB2D83-LeaderElection28] INFO  impl.LeaderElection (LeaderElection.java:logAndReturn(56)) - 7bdff0e9-7b76-4a2e-87b8-7520d2e34914@group-12F62FEB2D83-LeaderElection28: Election DISCOVERED_A_NEW_TERM; received 1 response(s) [7bdff0e9-7b76-4a2e-87b8-7520d2e34914<-a47f4692-6292-482b-87e1-943728217a13#0:FAIL-t8] and 0 exception(s); 7bdff0e9-7b76-4a2e-87b8-7520d2e34914@group-12F62FEB2D83:t8, leader=null, voted=null, raftlog=7bdff0e9-7b76-4a2e-87b8-7520d2e34914@group-12F62FEB2D83-SegmentedRaftLog:OPENED:c-1,f-1,i0, conf=-1: [7bdff0e9-7b76-4a2e-87b8-7520d2e34914:192.168.157.242:33030, df8ea49b-ef0b-40b0-a5d0-e4c136909b6f:192.168.157.242:40644, a47f4692-6292-482b-87e1-943728217a13:192.168.157.242:34977], old=null
2019-10-19 01:26:25,261 [a47f4692-6292-482b-87e1-943728217a13@group-12F62FEB2D83-LeaderElection26] INFO  impl.LeaderElection (LeaderElection.java:logAndReturn(56)) - a47f4692-6292-482b-87e1-943728217a13@group-12F62FEB2D83-LeaderElection26: Election REJECTED; received 2 response(s) [a47f4692-6292-482b-87e1-943728217a13<-7bdff0e9-7b76-4a2e-87b8-7520d2e34914#0:FAIL-t8, a47f4692-6292-482b-87e1-943728217a13<-df8ea49b-ef0b-40b0-a5d0-e4c136909b6f#0:FAIL-t8] and 0 exception(s); a47f4692-6292-482b-87e1-943728217a13@group-12F62FEB2D83:t8, leader=null, voted=a47f4692-6292-482b-87e1-943728217a13, raftlog=a47f4692-6292-482b-87e1-943728217a13@group-12F62FEB2D83-SegmentedRaftLog:OPENED:c-1,f-1,i0, conf=-1: [7bdff0e9-7b76-4a2e-87b8-7520d2e34914:192.168.157.242:33030, df8ea49b-ef0b-40b0-a5d0-e4c136909b6f:192.168.157.242:40644, a47f4692-6292-482b-87e1-943728217a13:192.168.157.242:34977], old=null
2019-10-19 01:26:25,262 [a47f4692-6292-482b-87e1-943728217a13@group-12F62FEB2D83-LeaderElection26] INFO  impl.RaftServerImpl (RaftServerImpl.java:setRole(184)) - a47f4692-6292-482b-87e1-943728217a13@group-12F62FEB2D83: changes role from CANDIDATE to FOLLOWER at term 8 for DISCOVERED_A_NEW_TERM
2019-10-19 01:26:25,262 [a47f4692-6292-482b-87e1-943728217a13@group-12F62FEB2D83-LeaderElection26] INFO  impl.RoleInfo (RoleInfo.java:shutdownLeaderElection(134)) - a47f4692-6292-482b-87e1-943728217a13: shutdown LeaderElection
2019-10-19 01:26:25,262 [a47f4692-6292-482b-87e1-943728217a13@group-12F62FEB2D83-LeaderElection26] INFO  impl.RoleInfo (RoleInfo.java:updateAndGet(143)) - a47f4692-6292-482b-87e1-943728217a13: start FollowerState
2019-10-19 01:26:25,263 [964c97d4-fbb7-48cf-b727-382e7669b5e9@group-F842E1832D96-LeaderElection27] INFO  impl.LeaderElection (LeaderElection.java:logAndReturn(56)) - 964c97d4-fbb7-48cf-b727-382e7669b5e9@group-F842E1832D96-LeaderElection27: Election REJECTED; received 2 response(s) [964c97d4-fbb7-48cf-b727-382e7669b5e9<-236187ad-c3a6-4195-8acc-6254fb470a95#0:FAIL-t5, 964c97d4-fbb7-48cf-b727-382e7669b5e9<-abe27936-fa37-414d-b2e1-4e10a1c095a6#0:FAIL-t5] and 0 exception(s); 964c97d4-fbb7-48cf-b727-382e7669b5e9@group-F842E1832D96:t5, leader=null, voted=964c97d4-fbb7-48cf-b727-382e7669b5e9, raftlog=964c97d4-fbb7-48cf-b727-382e7669b5e9@group-F842E1832D96-SegmentedRaftLog:OPENED:c-1,f-1,i0, conf=-1: [236187ad-c3a6-4195-8acc-6254fb470a95:192.168.157.242:36973, 964c97d4-fbb7-48cf-b727-382e7669b5e9:192.168.157.242:42114, abe27936-fa37-414d-b2e1-4e10a1c095a6:192.168.157.242:42932], old=null
2019-10-19 01:26:25,264 [Thread-471] INFO  impl.FollowerState (FollowerState.java:run(108)) - 236187ad-c3a6-4195-8acc-6254fb470a95@group-F842E1832D96-FollowerState: change to CANDIDATE, lastRpcTime:16ms, electionTimeout:15ms
2019-10-19 01:26:25,264 [964c97d4-fbb7-48cf-b727-382e7669b5e9@group-F842E1832D96-LeaderElection27] INFO  impl.RaftServerImpl (RaftServerImpl.java:setRole(184)) - 964c97d4-fbb7-48cf-b727-382e7669b5e9@group-F842E1832D96: changes role from CANDIDATE to FOLLOWER at term 5 for DISCOVERED_A_NEW_TERM
2019-10-19 01:26:25,265 [Thread-471] INFO  impl.RoleInfo (RoleInfo.java:shutdownFollowerState(121)) - 236187ad-c3a6-4195-8acc-6254fb470a95: shutdown FollowerState
2019-10-19 01:26:25,265 [964c97d4-fbb7-48cf-b727-382e7669b5e9@group-F842E1832D96-LeaderElection27] INFO  impl.RoleInfo (RoleInfo.java:shutdownLeaderElection(134)) - 964c97d4-fbb7-48cf-b727-382e7669b5e9: shutdown LeaderElection
2019-10-19 01:26:25,265 [Thread-471] INFO  impl.RaftServerImpl (RaftServerImpl.java:setRole(184)) - 236187ad-c3a6-4195-8acc-6254fb470a95@group-F842E1832D96: changes role from  FOLLOWER to CANDIDATE at term 5 for changeToCandidate
2019-10-19 01:26:25,265 [964c97d4-fbb7-48cf-b727-382e7669b5e9@group-F842E1832D96-LeaderElection27] INFO  impl.RoleInfo (RoleInfo.java:updateAndGet(143)) - 964c97d4-fbb7-48cf-b727-382e7669b5e9: start FollowerState
2019-10-19 01:26:25,265 [Thread-471] INFO  impl.RoleInfo (RoleInfo.java:updateAndGet(143)) - 236187ad-c3a6-4195-8acc-6254fb470a95: start LeaderElection
2019-10-19 01:26:25,270 [Thread-474] INFO  impl.FollowerState (FollowerState.java:run(108)) - 7bdff0e9-7b76-4a2e-87b8-7520d2e34914@group-12F62FEB2D83-FollowerState: change to CANDIDATE, lastRpcTime:16ms, electionTimeout:16ms
2019-10-19 01:26:25,270 [Thread-474] INFO  impl.RoleInfo (RoleInfo.java:shutdownFollowerState(121)) - 7bdff0e9-7b76-4a2e-87b8-7520d2e34914: shutdown FollowerState
2019-10-19 01:26:25,270 [Thread-474] INFO  impl.RaftServerImpl (RaftServerImpl.java:setRole(184)) - 7bdff0e9-7b76-4a2e-87b8-7520d2e34914@group-12F62FEB2D83: changes role from  FOLLOWER to CANDIDATE at term 8 for changeToCandidate
2019-10-19 01:26:25,271 [Thread-474] INFO  impl.RoleInfo (RoleInfo.java:updateAndGet(143)) - 7bdff0e9-7b76-4a2e-87b8-7520d2e34914: start LeaderElection
2019-10-19 01:26:25,273 [236187ad-c3a6-4195-8acc-6254fb470a95@group-F842E1832D96-LeaderElection29] INFO  impl.LeaderElection (LeaderElection.java:askForVotes(178)) - 236187ad-c3a6-4195-8acc-6254fb470a95@group-F842E1832D96-LeaderElection29: begin an election at term 6 for -1: [236187ad-c3a6-4195-8acc-6254fb470a95:192.168.157.242:36973, 964c97d4-fbb7-48cf-b727-382e7669b5e9:192.168.157.242:42114, abe27936-fa37-414d-b2e1-4e10a1c095a6:192.168.157.242:42932], old=null
2019-10-19 01:26:25,276 [7bdff0e9-7b76-4a2e-87b8-7520d2e34914@group-12F62FEB2D83-LeaderElection30] INFO  impl.LeaderElection (LeaderElection.java:askForVotes(178)) - 7bdff0e9-7b76-4a2e-87b8-7520d2e34914@group-12F62FEB2D83-LeaderElection30: begin an election at term 9 for -1: [7bdff0e9-7b76-4a2e-87b8-7520d2e34914:192.168.157.242:33030, df8ea49b-ef0b-40b0-a5d0-e4c136909b6f:192.168.157.242:40644, a47f4692-6292-482b-87e1-943728217a13:192.168.157.242:34977], old=null
2019-10-19 01:26:25,276 [grpc-default-executor-1] INFO  impl.RaftServerImpl (RaftServerImpl.java:setRole(184)) - 964c97d4-fbb7-48cf-b727-382e7669b5e9@group-F842E1832D96: changes role from  FOLLOWER to FOLLOWER at term 6 for recognizeCandidate:236187ad-c3a6-4195-8acc-6254fb470a95
2019-10-19 01:26:25,276 [grpc-default-executor-4] INFO  impl.RaftServerImpl (RaftServerImpl.java:setRole(184)) - abe27936-fa37-414d-b2e1-4e10a1c095a6@group-F842E1832D96: changes role from  FOLLOWER to FOLLOWER at term 6 for recognizeCandidate:236187ad-c3a6-4195-8acc-6254fb470a95
2019-10-19 01:26:25,276 [grpc-default-executor-1] INFO  impl.RoleInfo (RoleInfo.java:shutdownFollowerState(121)) - 964c97d4-fbb7-48cf-b727-382e7669b5e9: shutdown FollowerState
2019-10-19 01:26:25,276 [grpc-default-executor-4] INFO  impl.RoleInfo (RoleInfo.java:shutdownFollowerState(121)) - abe27936-fa37-414d-b2e1-4e10a1c095a6: shutdown FollowerState
2019-10-19 01:26:25,277 [Thread-476] INFO  impl.FollowerState (FollowerState.java:run(117)) - 964c97d4-fbb7-48cf-b727-382e7669b5e9@group-F842E1832D96-FollowerState was interrupted: java.lang.InterruptedException: sleep interrupted
2019-10-19 01:26:25,277 [Thread-472] INFO  impl.FollowerState (FollowerState.java:run(117)) - abe27936-fa37-414d-b2e1-4e10a1c095a6@group-F842E1832D96-FollowerState was interrupted: java.lang.InterruptedException: sleep interrupted
2019-10-19 01:26:25,277 [grpc-default-executor-4] INFO  impl.RoleInfo (RoleInfo.java:updateAndGet(143)) - abe27936-fa37-414d-b2e1-4e10a1c095a6: start FollowerState
2019-10-19 01:26:25,277 [grpc-default-executor-1] INFO  impl.RoleInfo (RoleInfo.java:updateAndGet(143)) - 964c97d4-fbb7-48cf-b727-382e7669b5e9: start FollowerState
2019-10-19 01:26:25,280 [grpc-default-executor-3] INFO  impl.RaftServerImpl (RaftServerImpl.java:setRole(184)) - df8ea49b-ef0b-40b0-a5d0-e4c136909b6f@group-12F62FEB2D83: changes role from  FOLLOWER to FOLLOWER at term 9 for recognizeCandidate:7bdff0e9-7b76-4a2e-87b8-7520d2e34914
2019-10-19 01:26:25,280 [grpc-default-executor-6] INFO  impl.RaftServerImpl (RaftServerImpl.java:setRole(184)) - a47f4692-6292-482b-87e1-943728217a13@group-12F62FEB2D83: changes role from  FOLLOWER to FOLLOWER at term 9 for recognizeCandidate:7bdff0e9-7b76-4a2e-87b8-7520d2e34914
2019-10-19 01:26:25,280 [grpc-default-executor-3] INFO  impl.RoleInfo (RoleInfo.java:shutdownFollowerState(121)) - df8ea49b-ef0b-40b0-a5d0-e4c136909b6f: shutdown FollowerState
2019-10-19 01:26:25,280 [grpc-default-executor-6] INFO  impl.RoleInfo (RoleInfo.java:shutdownFollowerState(121)) - a47f4692-6292-482b-87e1-943728217a13: shutdown FollowerState
2019-10-19 01:26:25,280 [Thread-473] INFO  impl.FollowerState (FollowerState.java:run(117)) - df8ea49b-ef0b-40b0-a5d0-e4c136909b6f@group-12F62FEB2D83-FollowerState was interrupted: java.lang.InterruptedException: sleep interrupted
2019-10-19 01:26:25,280 [Thread-475] INFO  impl.FollowerState (FollowerState.java:run(117)) - a47f4692-6292-482b-87e1-943728217a13@group-12F62FEB2D83-FollowerState was interrupted: java.lang.InterruptedException: sleep interrupted
2019-10-19 01:26:25,280 [grpc-default-executor-3] INFO  impl.RoleInfo (RoleInfo.java:updateAndGet(143)) - df8ea49b-ef0b-40b0-a5d0-e4c136909b6f: start FollowerState
2019-10-19 01:26:25,280 [grpc-default-executor-6] INFO  impl.RoleInfo (RoleInfo.java:updateAndGet(143)) - a47f4692-6292-482b-87e1-943728217a13: start FollowerState
2019-10-19 01:26:25,291 [7bdff0e9-7b76-4a2e-87b8-7520d2e34914@group-12F62FEB2D83-LeaderElection30] INFO  impl.LeaderElection (LeaderElection.java:logAndReturn(56)) - 7bdff0e9-7b76-4a2e-87b8-7520d2e34914@group-12F62FEB2D83-LeaderElection30: Election TIMEOUT; received 0 response(s) [] and 0 exception(s); 7bdff0e9-7b76-4a2e-87b8-7520d2e34914@group-12F62FEB2D83:t9, leader=null, voted=7bdff0e9-7b76-4a2e-87b8-7520d2e34914, raftlog=7bdff0e9-7b76-4a2e-87b8-7520d2e34914@group-12F62FEB2D83-SegmentedRaftLog:OPENED:c-1,f-1,i0, conf=-1: [7bdff0e9-7b76-4a2e-87b8-7520d2e34914:192.168.157.242:33030, df8ea49b-ef0b-40b0-a5d0-e4c136909b6f:192.168.157.242:40644, a47f4692-6292-482b-87e1-943728217a13:192.168.157.242:34977], old=null
2019-10-19 01:26:25,306 [Thread-463] INFO  impl.FollowerState (FollowerState.java:run(108)) - 7247ad7d-2ca2-4af8-9337-77c07ea89cb3@group-31C3DC938042-FollowerState: change to CANDIDATE, lastRpcTime:63ms, electionTimeout:61ms
2019-10-19 01:26:25,306 [Thread-463] INFO  impl.RoleInfo (RoleInfo.java:shutdownFollowerState(121)) - 7247ad7d-2ca2-4af8-9337-77c07ea89cb3: shutdown FollowerState
2019-10-19 01:26:25,306 [Thread-463] INFO  impl.RaftServerImpl (RaftServerImpl.java:setRole(184)) - 7247ad7d-2ca2-4af8-9337-77c07ea89cb3@group-31C3DC938042: changes role from  FOLLOWER to CANDIDATE at term 3 for changeToCandidate
2019-10-19 01:26:25,306 [Thread-463] INFO  impl.RoleInfo (RoleInfo.java:updateAndGet(143)) - 7247ad7d-2ca2-4af8-9337-77c07ea89cb3: start LeaderElection
2019-10-19 01:26:25,309 [7bdff0e9-7b76-4a2e-87b8-7520d2e34914@group-12F62FEB2D83-LeaderElection30] INFO  impl.LeaderElection (LeaderElection.java:askForVotes(178)) - 7bdff0e9-7b76-4a2e-87b8-7520d2e34914@group-12F62FEB2D83-LeaderElection30: begin an election at term 10 for -1: [7bdff0e9-7b76-4a2e-87b8-7520d2e34914:192.168.157.242:33030, df8ea49b-ef0b-40b0-a5d0-e4c136909b6f:192.168.157.242:40644, a47f4692-6292-482b-87e1-943728217a13:192.168.157.242:34977], old=null
2019-10-19 01:26:25,311 [7247ad7d-2ca2-4af8-9337-77c07ea89cb3@group-31C3DC938042-LeaderElection31] INFO  impl.LeaderElection (LeaderElection.java:askForVotes(178)) - 7247ad7d-2ca2-4af8-9337-77c07ea89cb3@group-31C3DC938042-LeaderElection31: begin an election at term 4 for -1: [774c78e1-8dd4-453d-975e-442189a07fe2:192.168.157.242:38712, 7247ad7d-2ca2-4af8-9337-77c07ea89cb3:192.168.157.242:42362, 8bce6a00-3bba-419d-83ac-b35141b6b559:192.168.157.242:37801], old=null
2019-10-19 01:26:25,313 [236187ad-c3a6-4195-8acc-6254fb470a95@group-F842E1832D96-LeaderElection29] INFO  impl.LeaderElection (LeaderElection.java:logAndReturn(56)) - 236187ad-c3a6-4195-8acc-6254fb470a95@group-F842E1832D96-LeaderElection29: Election PASSED; received 2 response(s) [236187ad-c3a6-4195-8acc-6254fb470a95<-abe27936-fa37-414d-b2e1-4e10a1c095a6#0:FAIL-t6, 236187ad-c3a6-4195-8acc-6254fb470a95<-964c97d4-fbb7-48cf-b727-382e7669b5e9#0:OK-t6] and 0 exception(s); 236187ad-c3a6-4195-8acc-6254fb470a95@group-F842E1832D96:t6, leader=null, voted=236187ad-c3a6-4195-8acc-6254fb470a95, raftlog=236187ad-c3a6-4195-8acc-6254fb470a95@group-F842E1832D96-SegmentedRaftLog:OPENED:c-1,f-1,i0, conf=-1: [236187ad-c3a6-4195-8acc-6254fb470a95:192.168.157.242:36973, 964c97d4-fbb7-48cf-b727-382e7669b5e9:192.168.157.242:42114, abe27936-fa37-414d-b2e1-4e10a1c095a6:192.168.157.242:42932], old=null
2019-10-19 01:26:25,313 [236187ad-c3a6-4195-8acc-6254fb470a95@group-F842E1832D96-LeaderElection29] INFO  impl.RoleInfo (RoleInfo.java:shutdownLeaderElection(134)) - 236187ad-c3a6-4195-8acc-6254fb470a95: shutdown LeaderElection
2019-10-19 01:26:25,313 [236187ad-c3a6-4195-8acc-6254fb470a95@group-F842E1832D96-LeaderElection29] INFO  impl.RaftServerImpl (RaftServerImpl.java:setRole(184)) - 236187ad-c3a6-4195-8acc-6254fb470a95@group-F842E1832D96: changes role from CANDIDATE to LEADER at term 6 for changeToLeader
2019-10-19 01:26:25,313 [236187ad-c3a6-4195-8acc-6254fb470a95@group-F842E1832D96-LeaderElection29] INFO  impl.RaftServerImpl (ServerState.java:setLeader(256)) - 236187ad-c3a6-4195-8acc-6254fb470a95@group-F842E1832D96: change Leader from null to 236187ad-c3a6-4195-8acc-6254fb470a95 at term 6 for becomeLeader, leader elected after 925ms
2019-10-19 01:26:25,313 [236187ad-c3a6-4195-8acc-6254fb470a95@group-F842E1832D96-LeaderElection29] INFO  server.RaftServerConfigKeys (ConfUtils.java:logGet(43)) - raft.server.staging.catchup.gap = 1000 (default)
2019-10-19 01:26:25,313 [main] INFO  rpc.RpcClient (RpcClient.java:createVolume(272)) - Creating Volume: datanodefailurehandlingtest, with jenkins1000 as owner.
2019-10-19 01:26:25,315 [236187ad-c3a6-4195-8acc-6254fb470a95@group-F842E1832D96-LeaderElection29] INFO  server.RaftServerConfigKeys (ConfUtils.java:logGet(43)) - raft.server.rpc.sleep.time = 25ms (default)
2019-10-19 01:26:25,315 [236187ad-c3a6-4195-8acc-6254fb470a95@group-F842E1832D96-LeaderElection29] INFO  server.RaftServerConfigKeys (ConfUtils.java:logGet(43)) - raft.server.write.element-limit = 4096 (default)
2019-10-19 01:26:25,315 [236187ad-c3a6-4195-8acc-6254fb470a95@group-F842E1832D96-LeaderElection29] INFO  server.RaftServerConfigKeys (ConfUtils.java:logGet(43)) - raft.server.watch.timeout = 10s (default)
2019-10-19 01:26:25,315 [236187ad-c3a6-4195-8acc-6254fb470a95@group-F842E1832D96-LeaderElection29] INFO  server.RaftServerConfigKeys (ConfUtils.java:logGet(43)) - raft.server.watch.timeout.denomination = 1s (default)
2019-10-19 01:26:25,315 [236187ad-c3a6-4195-8acc-6254fb470a95@group-F842E1832D96-LeaderElection29] INFO  server.RaftServerConfigKeys (ConfUtils.java:logGet(43)) - raft.server.watch.element-limit = 65536 (default)
2019-10-19 01:26:25,315 [grpc-default-executor-1] INFO  impl.RaftServerImpl (RaftServerImpl.java:setRole(184)) - df8ea49b-ef0b-40b0-a5d0-e4c136909b6f@group-12F62FEB2D83: changes role from  FOLLOWER to FOLLOWER at term 10 for recognizeCandidate:7bdff0e9-7b76-4a2e-87b8-7520d2e34914
2019-10-19 01:26:25,315 [grpc-default-executor-3] INFO  impl.RaftServerImpl (RaftServerImpl.java:setRole(184)) - a47f4692-6292-482b-87e1-943728217a13@group-12F62FEB2D83: changes role from  FOLLOWER to FOLLOWER at term 10 for recognizeCandidate:7bdff0e9-7b76-4a2e-87b8-7520d2e34914
2019-10-19 01:26:25,315 [grpc-default-executor-1] INFO  impl.RoleInfo (RoleInfo.java:shutdownFollowerState(121)) - df8ea49b-ef0b-40b0-a5d0-e4c136909b6f: shutdown FollowerState
2019-10-19 01:26:25,316 [grpc-default-executor-3] INFO  impl.RoleInfo (RoleInfo.java:shutdownFollowerState(121)) - a47f4692-6292-482b-87e1-943728217a13: shutdown FollowerState
2019-10-19 01:26:25,316 [grpc-default-executor-1] INFO  impl.RoleInfo (RoleInfo.java:updateAndGet(143)) - df8ea49b-ef0b-40b0-a5d0-e4c136909b6f: start FollowerState
2019-10-19 01:26:25,316 [Thread-485] INFO  impl.FollowerState (FollowerState.java:run(117)) - df8ea49b-ef0b-40b0-a5d0-e4c136909b6f@group-12F62FEB2D83-FollowerState was interrupted: java.lang.InterruptedException: sleep interrupted
2019-10-19 01:26:25,316 [grpc-default-executor-4] INFO  impl.RaftServerImpl (RaftServerImpl.java:setRole(184)) - 8bce6a00-3bba-419d-83ac-b35141b6b559@group-31C3DC938042: changes role from  FOLLOWER to FOLLOWER at term 4 for recognizeCandidate:7247ad7d-2ca2-4af8-9337-77c07ea89cb3
2019-10-19 01:26:25,316 [grpc-default-executor-6] INFO  impl.RaftServerImpl (RaftServerImpl.java:setRole(184)) - 774c78e1-8dd4-453d-975e-442189a07fe2@group-31C3DC938042: changes role from  FOLLOWER to FOLLOWER at term 4 for recognizeCandidate:7247ad7d-2ca2-4af8-9337-77c07ea89cb3
2019-10-19 01:26:25,316 [Thread-486] INFO  impl.FollowerState (FollowerState.java:run(117)) - a47f4692-6292-482b-87e1-943728217a13@group-12F62FEB2D83-FollowerState was interrupted: java.lang.InterruptedException: sleep interrupted
2019-10-19 01:26:25,316 [grpc-default-executor-3] INFO  impl.RoleInfo (RoleInfo.java:updateAndGet(143)) - a47f4692-6292-482b-87e1-943728217a13: start FollowerState
2019-10-19 01:26:25,316 [grpc-default-executor-6] INFO  impl.RoleInfo (RoleInfo.java:shutdownFollowerState(121)) - 774c78e1-8dd4-453d-975e-442189a07fe2: shutdown FollowerState
2019-10-19 01:26:25,316 [grpc-default-executor-4] INFO  impl.RoleInfo (RoleInfo.java:shutdownFollowerState(121)) - 8bce6a00-3bba-419d-83ac-b35141b6b559: shutdown FollowerState
2019-10-19 01:26:25,317 [Thread-457] INFO  impl.FollowerState (FollowerState.java:run(117)) - 774c78e1-8dd4-453d-975e-442189a07fe2@group-31C3DC938042-FollowerState was interrupted: java.lang.InterruptedException: sleep interrupted
2019-10-19 01:26:25,317 [Thread-462] INFO  impl.FollowerState (FollowerState.java:run(117)) - 8bce6a00-3bba-419d-83ac-b35141b6b559@group-31C3DC938042-FollowerState was interrupted: java.lang.InterruptedException: sleep interrupted
2019-10-19 01:26:25,317 [grpc-default-executor-6] INFO  impl.RoleInfo (RoleInfo.java:updateAndGet(143)) - 774c78e1-8dd4-453d-975e-442189a07fe2: start FollowerState
2019-10-19 01:26:25,317 [grpc-default-executor-4] INFO  impl.RoleInfo (RoleInfo.java:updateAndGet(143)) - 8bce6a00-3bba-419d-83ac-b35141b6b559: start FollowerState
2019-10-19 01:26:25,317 [236187ad-c3a6-4195-8acc-6254fb470a95@group-F842E1832D96-LeaderElection29] INFO  server.RaftServerConfigKeys (ConfUtils.java:logGet(43)) - raft.server.log.appender.snapshot.chunk.size.max = 16MB (=16777216) (default)
2019-10-19 01:26:25,317 [236187ad-c3a6-4195-8acc-6254fb470a95@group-F842E1832D96-LeaderElection29] INFO  server.RaftServerConfigKeys (ConfUtils.java:logGet(43)) - raft.server.log.appender.buffer.byte-limit = 33554432 (custom)
2019-10-19 01:26:25,317 [236187ad-c3a6-4195-8acc-6254fb470a95@group-F842E1832D96-LeaderElection29] INFO  server.RaftServerConfigKeys (ConfUtils.java:logGet(43)) - raft.server.log.appender.buffer.element-limit = 1 (custom)
2019-10-19 01:26:25,318 [236187ad-c3a6-4195-8acc-6254fb470a95@group-F842E1832D96-LeaderElection29] INFO  grpc.GrpcConfigKeys$Server (ConfUtils.java:logGet(43)) - raft.grpc.server.leader.outstanding.appends.max = 128 (default)
2019-10-19 01:26:25,318 [236187ad-c3a6-4195-8acc-6254fb470a95@group-F842E1832D96-LeaderElection29] INFO  server.RaftServerConfigKeys (ConfUtils.java:logGet(43)) - raft.server.rpc.request.timeout = 3000ms (default)
2019-10-19 01:26:25,318 [236187ad-c3a6-4195-8acc-6254fb470a95@group-F842E1832D96-LeaderElection29] INFO  server.RaftServerConfigKeys (ConfUtils.java:logGet(43)) - raft.server.log.appender.install.snapshot.enabled = false (custom)
2019-10-19 01:26:25,321 [236187ad-c3a6-4195-8acc-6254fb470a95@group-F842E1832D96-LeaderElection29] INFO  server.RaftServerConfigKeys (ConfUtils.java:logGet(43)) - raft.server.log.appender.snapshot.chunk.size.max = 16MB (=16777216) (default)
2019-10-19 01:26:25,321 [236187ad-c3a6-4195-8acc-6254fb470a95@group-F842E1832D96-LeaderElection29] INFO  server.RaftServerConfigKeys (ConfUtils.java:logGet(43)) - raft.server.log.appender.buffer.byte-limit = 33554432 (custom)
2019-10-19 01:26:25,321 [236187ad-c3a6-4195-8acc-6254fb470a95@group-F842E1832D96-LeaderElection29] INFO  server.RaftServerConfigKeys (ConfUtils.java:logGet(43)) - raft.server.log.appender.buffer.element-limit = 1 (custom)
2019-10-19 01:26:25,321 [236187ad-c3a6-4195-8acc-6254fb470a95@group-F842E1832D96-LeaderElection29] INFO  grpc.GrpcConfigKeys$Server (ConfUtils.java:logGet(43)) - raft.grpc.server.leader.outstanding.appends.max = 128 (default)
2019-10-19 01:26:25,321 [236187ad-c3a6-4195-8acc-6254fb470a95@group-F842E1832D96-LeaderElection29] INFO  server.RaftServerConfigKeys (ConfUtils.java:logGet(43)) - raft.server.rpc.request.timeout = 3000ms (default)
2019-10-19 01:26:25,321 [236187ad-c3a6-4195-8acc-6254fb470a95@group-F842E1832D96-LeaderElection29] INFO  server.RaftServerConfigKeys (ConfUtils.java:logGet(43)) - raft.server.log.appender.install.snapshot.enabled = false (custom)
2019-10-19 01:26:25,323 [236187ad-c3a6-4195-8acc-6254fb470a95@group-F842E1832D96-LeaderElection29] INFO  impl.RoleInfo (RoleInfo.java:updateAndGet(143)) - 236187ad-c3a6-4195-8acc-6254fb470a95: start LeaderState
2019-10-19 01:26:25,323 [236187ad-c3a6-4195-8acc-6254fb470a95@group-F842E1832D96-LeaderElection29] INFO  segmented.SegmentedRaftLogWorker (SegmentedRaftLogWorker.java:startLogSegment(385)) - 236187ad-c3a6-4195-8acc-6254fb470a95@group-F842E1832D96-SegmentedRaftLogWorker: Starting segment from index:0
2019-10-19 01:26:25,324 [236187ad-c3a6-4195-8acc-6254fb470a95@group-F842E1832D96-LeaderElection29] INFO  impl.RaftServerImpl (ServerState.java:setRaftConf(357)) - 236187ad-c3a6-4195-8acc-6254fb470a95@group-F842E1832D96: set configuration 0: [236187ad-c3a6-4195-8acc-6254fb470a95:192.168.157.242:36973, 964c97d4-fbb7-48cf-b727-382e7669b5e9:192.168.157.242:42114, abe27936-fa37-414d-b2e1-4e10a1c095a6:192.168.157.242:42932], old=null at 0
2019-10-19 01:26:25,326 [grpc-default-executor-0] INFO  impl.RaftServerImpl (ServerState.java:setLeader(256)) - abe27936-fa37-414d-b2e1-4e10a1c095a6@group-F842E1832D96: change Leader from null to 236187ad-c3a6-4195-8acc-6254fb470a95 at term 6 for appendEntries, leader elected after 128ms
2019-10-19 01:26:25,326 [grpc-default-executor-8] INFO  impl.RaftServerImpl (ServerState.java:setLeader(256)) - 964c97d4-fbb7-48cf-b727-382e7669b5e9@group-F842E1832D96: change Leader from null to 236187ad-c3a6-4195-8acc-6254fb470a95 at term 6 for appendEntries, leader elected after 940ms
2019-10-19 01:26:25,357 [7bdff0e9-7b76-4a2e-87b8-7520d2e34914@group-12F62FEB2D83-LeaderElection30] INFO  impl.LeaderElection (LeaderElection.java:logAndReturn(56)) - 7bdff0e9-7b76-4a2e-87b8-7520d2e34914@group-12F62FEB2D83-LeaderElection30: Election PASSED; received 1 response(s) [7bdff0e9-7b76-4a2e-87b8-7520d2e34914<-a47f4692-6292-482b-87e1-943728217a13#0:OK-t10] and 0 exception(s); 7bdff0e9-7b76-4a2e-87b8-7520d2e34914@group-12F62FEB2D83:t10, leader=null, voted=7bdff0e9-7b76-4a2e-87b8-7520d2e34914, raftlog=7bdff0e9-7b76-4a2e-87b8-7520d2e34914@group-12F62FEB2D83-SegmentedRaftLog:OPENED:c-1,f-1,i0, conf=-1: [7bdff0e9-7b76-4a2e-87b8-7520d2e34914:192.168.157.242:33030, df8ea49b-ef0b-40b0-a5d0-e4c136909b6f:192.168.157.242:40644, a47f4692-6292-482b-87e1-943728217a13:192.168.157.242:34977], old=null
2019-10-19 01:26:25,357 [7bdff0e9-7b76-4a2e-87b8-7520d2e34914@group-12F62FEB2D83-LeaderElection30] INFO  impl.RoleInfo (RoleInfo.java:shutdownLeaderElection(134)) - 7bdff0e9-7b76-4a2e-87b8-7520d2e34914: shutdown LeaderElection
2019-10-19 01:26:25,358 [7bdff0e9-7b76-4a2e-87b8-7520d2e34914@group-12F62FEB2D83-LeaderElection30] INFO  impl.RaftServerImpl (RaftServerImpl.java:setRole(184)) - 7bdff0e9-7b76-4a2e-87b8-7520d2e34914@group-12F62FEB2D83: changes role from CANDIDATE to LEADER at term 10 for changeToLeader
2019-10-19 01:26:25,358 [7bdff0e9-7b76-4a2e-87b8-7520d2e34914@group-12F62FEB2D83-LeaderElection30] INFO  impl.RaftServerImpl (ServerState.java:setLeader(256)) - 7bdff0e9-7b76-4a2e-87b8-7520d2e34914@group-12F62FEB2D83: change Leader from null to 7bdff0e9-7b76-4a2e-87b8-7520d2e34914 at term 10 for becomeLeader, leader elected after 1126ms
2019-10-19 01:26:25,358 [7bdff0e9-7b76-4a2e-87b8-7520d2e34914@group-12F62FEB2D83-LeaderElection30] INFO  server.RaftServerConfigKeys (ConfUtils.java:logGet(43)) - raft.server.staging.catchup.gap = 1000 (default)
2019-10-19 01:26:25,358 [7bdff0e9-7b76-4a2e-87b8-7520d2e34914@group-12F62FEB2D83-LeaderElection30] INFO  server.RaftServerConfigKeys (ConfUtils.java:logGet(43)) - raft.server.rpc.sleep.time = 25ms (default)
2019-10-19 01:26:25,358 [7247ad7d-2ca2-4af8-9337-77c07ea89cb3@group-31C3DC938042-LeaderElection31] INFO  impl.LeaderElection (LeaderElection.java:logAndReturn(56)) - 7247ad7d-2ca2-4af8-9337-77c07ea89cb3@group-31C3DC938042-LeaderElection31: Election PASSED; received 2 response(s) [7247ad7d-2ca2-4af8-9337-77c07ea89cb3<-774c78e1-8dd4-453d-975e-442189a07fe2#0:FAIL-t4, 7247ad7d-2ca2-4af8-9337-77c07ea89cb3<-8bce6a00-3bba-419d-83ac-b35141b6b559#0:OK-t4] and 0 exception(s); 7247ad7d-2ca2-4af8-9337-77c07ea89cb3@group-31C3DC938042:t4, leader=null, voted=7247ad7d-2ca2-4af8-9337-77c07ea89cb3, raftlog=7247ad7d-2ca2-4af8-9337-77c07ea89cb3@group-31C3DC938042-SegmentedRaftLog:OPENED:c-1,f-1,i0, conf=-1: [774c78e1-8dd4-453d-975e-442189a07fe2:192.168.157.242:38712, 7247ad7d-2ca2-4af8-9337-77c07ea89cb3:192.168.157.242:42362, 8bce6a00-3bba-419d-83ac-b35141b6b559:192.168.157.242:37801], old=null
2019-10-19 01:26:25,359 [7bdff0e9-7b76-4a2e-87b8-7520d2e34914@group-12F62FEB2D83-LeaderElection30] INFO  server.RaftServerConfigKeys (ConfUtils.java:logGet(43)) - raft.server.write.element-limit = 4096 (default)
2019-10-19 01:26:25,360 [7247ad7d-2ca2-4af8-9337-77c07ea89cb3@group-31C3DC938042-LeaderElection31] INFO  impl.RoleInfo (RoleInfo.java:shutdownLeaderElection(134)) - 7247ad7d-2ca2-4af8-9337-77c07ea89cb3: shutdown LeaderElection
2019-10-19 01:26:25,360 [7bdff0e9-7b76-4a2e-87b8-7520d2e34914@group-12F62FEB2D83-LeaderElection30] INFO  server.RaftServerConfigKeys (ConfUtils.java:logGet(43)) - raft.server.watch.timeout = 10s (default)
2019-10-19 01:26:25,361 [7247ad7d-2ca2-4af8-9337-77c07ea89cb3@group-31C3DC938042-LeaderElection31] INFO  impl.RaftServerImpl (RaftServerImpl.java:setRole(184)) - 7247ad7d-2ca2-4af8-9337-77c07ea89cb3@group-31C3DC938042: changes role from CANDIDATE to LEADER at term 4 for changeToLeader
2019-10-19 01:26:25,361 [7bdff0e9-7b76-4a2e-87b8-7520d2e34914@group-12F62FEB2D83-LeaderElection30] INFO  server.RaftServerConfigKeys (ConfUtils.java:logGet(43)) - raft.server.watch.timeout.denomination = 1s (default)
2019-10-19 01:26:25,361 [7247ad7d-2ca2-4af8-9337-77c07ea89cb3@group-31C3DC938042-LeaderElection31] INFO  impl.RaftServerImpl (ServerState.java:setLeader(256)) - 7247ad7d-2ca2-4af8-9337-77c07ea89cb3@group-31C3DC938042: change Leader from null to 7247ad7d-2ca2-4af8-9337-77c07ea89cb3 at term 4 for becomeLeader, leader elected after 780ms
2019-10-19 01:26:25,361 [7bdff0e9-7b76-4a2e-87b8-7520d2e34914@group-12F62FEB2D83-LeaderElection30] INFO  server.RaftServerConfigKeys (ConfUtils.java:logGet(43)) - raft.server.watch.element-limit = 65536 (default)
2019-10-19 01:26:25,361 [7247ad7d-2ca2-4af8-9337-77c07ea89cb3@group-31C3DC938042-LeaderElection31] INFO  server.RaftServerConfigKeys (ConfUtils.java:logGet(43)) - raft.server.staging.catchup.gap = 1000 (default)
2019-10-19 01:26:25,362 [Thread-283] INFO  container.ReplicationManager (ReplicationManager.java:start(162)) - Starting Replication Monitor Thread.
2019-10-19 01:26:25,362 [7247ad7d-2ca2-4af8-9337-77c07ea89cb3@group-31C3DC938042-LeaderElection31] INFO  server.RaftServerConfigKeys (ConfUtils.java:logGet(43)) - raft.server.rpc.sleep.time = 25ms (default)
2019-10-19 01:26:25,363 [7247ad7d-2ca2-4af8-9337-77c07ea89cb3@group-31C3DC938042-LeaderElection31] INFO  server.RaftServerConfigKeys (ConfUtils.java:logGet(43)) - raft.server.write.element-limit = 4096 (default)
2019-10-19 01:26:25,363 [7247ad7d-2ca2-4af8-9337-77c07ea89cb3@group-31C3DC938042-LeaderElection31] INFO  server.RaftServerConfigKeys (ConfUtils.java:logGet(43)) - raft.server.watch.timeout = 10s (default)
2019-10-19 01:26:25,363 [7247ad7d-2ca2-4af8-9337-77c07ea89cb3@group-31C3DC938042-LeaderElection31] INFO  server.RaftServerConfigKeys (ConfUtils.java:logGet(43)) - raft.server.watch.timeout.denomination = 1s (default)
2019-10-19 01:26:25,363 [7247ad7d-2ca2-4af8-9337-77c07ea89cb3@group-31C3DC938042-LeaderElection31] INFO  server.RaftServerConfigKeys (ConfUtils.java:logGet(43)) - raft.server.watch.element-limit = 65536 (default)
2019-10-19 01:26:25,364 [ReplicationMonitor] INFO  container.ReplicationManager (ReplicationManager.java:run(225)) - Replication Monitor Thread took 0 milliseconds for processing 0 containers.
2019-10-19 01:26:25,366 [236187ad-c3a6-4195-8acc-6254fb470a95@group-F842E1832D96-SegmentedRaftLogWorker] INFO  segmented.SegmentedRaftLogWorker (SegmentedRaftLogWorker.java:execute(576)) - 236187ad-c3a6-4195-8acc-6254fb470a95@group-F842E1832D96-SegmentedRaftLogWorker: created new log segment /workdir/hadoop-ozone/integration-test/target/test-dir/MiniOzoneClusterImpl-be769f72-d0ac-4a2c-8dca-159e9fc5eefe/datanode-2/data/ratis/72b83858-5b43-40ac-9506-f842e1832d96/current/log_inprogress_0
2019-10-19 01:26:25,367 [7bdff0e9-7b76-4a2e-87b8-7520d2e34914@group-12F62FEB2D83-LeaderElection30] INFO  server.RaftServerConfigKeys (ConfUtils.java:logGet(43)) - raft.server.log.appender.snapshot.chunk.size.max = 16MB (=16777216) (default)
2019-10-19 01:26:25,367 [7bdff0e9-7b76-4a2e-87b8-7520d2e34914@group-12F62FEB2D83-LeaderElection30] INFO  server.RaftServerConfigKeys (ConfUtils.java:logGet(43)) - raft.server.log.appender.buffer.byte-limit = 33554432 (custom)
2019-10-19 01:26:25,367 [7bdff0e9-7b76-4a2e-87b8-7520d2e34914@group-12F62FEB2D83-LeaderElection30] INFO  server.RaftServerConfigKeys (ConfUtils.java:logGet(43)) - raft.server.log.appender.buffer.element-limit = 1 (custom)
2019-10-19 01:26:25,367 [7bdff0e9-7b76-4a2e-87b8-7520d2e34914@group-12F62FEB2D83-LeaderElection30] INFO  grpc.GrpcConfigKeys$Server (ConfUtils.java:logGet(43)) - raft.grpc.server.leader.outstanding.appends.max = 128 (default)
2019-10-19 01:26:25,367 [7bdff0e9-7b76-4a2e-87b8-7520d2e34914@group-12F62FEB2D83-LeaderElection30] INFO  server.RaftServerConfigKeys (ConfUtils.java:logGet(43)) - raft.server.rpc.request.timeout = 3000ms (default)
2019-10-19 01:26:25,367 [7bdff0e9-7b76-4a2e-87b8-7520d2e34914@group-12F62FEB2D83-LeaderElection30] INFO  server.RaftServerConfigKeys (ConfUtils.java:logGet(43)) - raft.server.log.appender.install.snapshot.enabled = false (custom)
2019-10-19 01:26:25,368 [7247ad7d-2ca2-4af8-9337-77c07ea89cb3@group-31C3DC938042-LeaderElection31] INFO  server.RaftServerConfigKeys (ConfUtils.java:logGet(43)) - raft.server.log.appender.snapshot.chunk.size.max = 16MB (=16777216) (default)
2019-10-19 01:26:25,369 [7247ad7d-2ca2-4af8-9337-77c07ea89cb3@group-31C3DC938042-LeaderElection31] INFO  server.RaftServerConfigKeys (ConfUtils.java:logGet(43)) - raft.server.log.appender.buffer.byte-limit = 33554432 (custom)
2019-10-19 01:26:25,369 [7247ad7d-2ca2-4af8-9337-77c07ea89cb3@group-31C3DC938042-LeaderElection31] INFO  server.RaftServerConfigKeys (ConfUtils.java:logGet(43)) - raft.server.log.appender.buffer.element-limit = 1 (custom)
2019-10-19 01:26:25,369 [7247ad7d-2ca2-4af8-9337-77c07ea89cb3@group-31C3DC938042-LeaderElection31] INFO  grpc.GrpcConfigKeys$Server (ConfUtils.java:logGet(43)) - raft.grpc.server.leader.outstanding.appends.max = 128 (default)
2019-10-19 01:26:25,369 [7247ad7d-2ca2-4af8-9337-77c07ea89cb3@group-31C3DC938042-LeaderElection31] INFO  server.RaftServerConfigKeys (ConfUtils.java:logGet(43)) - raft.server.rpc.request.timeout = 3000ms (default)
2019-10-19 01:26:25,369 [7bdff0e9-7b76-4a2e-87b8-7520d2e34914@group-12F62FEB2D83-LeaderElection30] INFO  server.RaftServerConfigKeys (ConfUtils.java:logGet(43)) - raft.server.log.appender.snapshot.chunk.size.max = 16MB (=16777216) (default)
2019-10-19 01:26:25,370 [7247ad7d-2ca2-4af8-9337-77c07ea89cb3@group-31C3DC938042-LeaderElection31] INFO  server.RaftServerConfigKeys (ConfUtils.java:logGet(43)) - raft.server.log.appender.install.snapshot.enabled = false (custom)
2019-10-19 01:26:25,370 [7bdff0e9-7b76-4a2e-87b8-7520d2e34914@group-12F62FEB2D83-LeaderElection30] INFO  server.RaftServerConfigKeys (ConfUtils.java:logGet(43)) - raft.server.log.appender.buffer.byte-limit = 33554432 (custom)
2019-10-19 01:26:25,370 [7bdff0e9-7b76-4a2e-87b8-7520d2e34914@group-12F62FEB2D83-LeaderElection30] INFO  server.RaftServerConfigKeys (ConfUtils.java:logGet(43)) - raft.server.log.appender.buffer.element-limit = 1 (custom)
2019-10-19 01:26:25,370 [7bdff0e9-7b76-4a2e-87b8-7520d2e34914@group-12F62FEB2D83-LeaderElection30] INFO  grpc.GrpcConfigKeys$Server (ConfUtils.java:logGet(43)) - raft.grpc.server.leader.outstanding.appends.max = 128 (default)
2019-10-19 01:26:25,370 [7bdff0e9-7b76-4a2e-87b8-7520d2e34914@group-12F62FEB2D83-LeaderElection30] INFO  server.RaftServerConfigKeys (ConfUtils.java:logGet(43)) - raft.server.rpc.request.timeout = 3000ms (default)
2019-10-19 01:26:25,370 [7bdff0e9-7b76-4a2e-87b8-7520d2e34914@group-12F62FEB2D83-LeaderElection30] INFO  server.RaftServerConfigKeys (ConfUtils.java:logGet(43)) - raft.server.log.appender.install.snapshot.enabled = false (custom)
2019-10-19 01:26:25,372 [grpc-default-executor-0] INFO  impl.RaftServerImpl (ServerState.java:setRaftConf(357)) - 964c97d4-fbb7-48cf-b727-382e7669b5e9@group-F842E1832D96: set configuration 0: [236187ad-c3a6-4195-8acc-6254fb470a95:192.168.157.242:36973, 964c97d4-fbb7-48cf-b727-382e7669b5e9:192.168.157.242:42114, abe27936-fa37-414d-b2e1-4e10a1c095a6:192.168.157.242:42932], old=null at 0
2019-10-19 01:26:25,372 [grpc-default-executor-8] INFO  impl.RaftServerImpl (ServerState.java:setRaftConf(357)) - abe27936-fa37-414d-b2e1-4e10a1c095a6@group-F842E1832D96: set configuration 0: [236187ad-c3a6-4195-8acc-6254fb470a95:192.168.157.242:36973, 964c97d4-fbb7-48cf-b727-382e7669b5e9:192.168.157.242:42114, abe27936-fa37-414d-b2e1-4e10a1c095a6:192.168.157.242:42932], old=null at 0
2019-10-19 01:26:25,373 [grpc-default-executor-0] INFO  segmented.SegmentedRaftLogWorker (SegmentedRaftLogWorker.java:startLogSegment(385)) - 964c97d4-fbb7-48cf-b727-382e7669b5e9@group-F842E1832D96-SegmentedRaftLogWorker: Starting segment from index:0
2019-10-19 01:26:25,373 [7247ad7d-2ca2-4af8-9337-77c07ea89cb3@group-31C3DC938042-LeaderElection31] INFO  server.RaftServerConfigKeys (ConfUtils.java:logGet(43)) - raft.server.log.appender.snapshot.chunk.size.max = 16MB (=16777216) (default)
2019-10-19 01:26:25,373 [7bdff0e9-7b76-4a2e-87b8-7520d2e34914@group-12F62FEB2D83-LeaderElection30] INFO  impl.RoleInfo (RoleInfo.java:updateAndGet(143)) - 7bdff0e9-7b76-4a2e-87b8-7520d2e34914: start LeaderState
2019-10-19 01:26:25,373 [7247ad7d-2ca2-4af8-9337-77c07ea89cb3@group-31C3DC938042-LeaderElection31] INFO  server.RaftServerConfigKeys (ConfUtils.java:logGet(43)) - raft.server.log.appender.buffer.byte-limit = 33554432 (custom)
2019-10-19 01:26:25,373 [7bdff0e9-7b76-4a2e-87b8-7520d2e34914@group-12F62FEB2D83-LeaderElection30] INFO  segmented.SegmentedRaftLogWorker (SegmentedRaftLogWorker.java:startLogSegment(385)) - 7bdff0e9-7b76-4a2e-87b8-7520d2e34914@group-12F62FEB2D83-SegmentedRaftLogWorker: Starting segment from index:0
2019-10-19 01:26:25,374 [7247ad7d-2ca2-4af8-9337-77c07ea89cb3@group-31C3DC938042-LeaderElection31] INFO  server.RaftServerConfigKeys (ConfUtils.java:logGet(43)) - raft.server.log.appender.buffer.element-limit = 1 (custom)
2019-10-19 01:26:25,374 [7247ad7d-2ca2-4af8-9337-77c07ea89cb3@group-31C3DC938042-LeaderElection31] INFO  grpc.GrpcConfigKeys$Server (ConfUtils.java:logGet(43)) - raft.grpc.server.leader.outstanding.appends.max = 128 (default)
2019-10-19 01:26:25,374 [7247ad7d-2ca2-4af8-9337-77c07ea89cb3@group-31C3DC938042-LeaderElection31] INFO  server.RaftServerConfigKeys (ConfUtils.java:logGet(43)) - raft.server.rpc.request.timeout = 3000ms (default)
2019-10-19 01:26:25,374 [7bdff0e9-7b76-4a2e-87b8-7520d2e34914@group-12F62FEB2D83-LeaderElection30] INFO  impl.RaftServerImpl (ServerState.java:setRaftConf(357)) - 7bdff0e9-7b76-4a2e-87b8-7520d2e34914@group-12F62FEB2D83: set configuration 0: [7bdff0e9-7b76-4a2e-87b8-7520d2e34914:192.168.157.242:33030, df8ea49b-ef0b-40b0-a5d0-e4c136909b6f:192.168.157.242:40644, a47f4692-6292-482b-87e1-943728217a13:192.168.157.242:34977], old=null at 0
2019-10-19 01:26:25,374 [7247ad7d-2ca2-4af8-9337-77c07ea89cb3@group-31C3DC938042-LeaderElection31] INFO  server.RaftServerConfigKeys (ConfUtils.java:logGet(43)) - raft.server.log.appender.install.snapshot.enabled = false (custom)
2019-10-19 01:26:25,375 [grpc-default-executor-8] INFO  segmented.SegmentedRaftLogWorker (SegmentedRaftLogWorker.java:truncate(401)) - abe27936-fa37-414d-b2e1-4e10a1c095a6@group-F842E1832D96-SegmentedRaftLogWorker: Truncating segments toTruncate: null
  toDelete: [(0, 0) isOpen? true, length=0, newEndIndex=-1], start index 0
2019-10-19 01:26:25,376 [grpc-default-executor-8] INFO  segmented.SegmentedRaftLogWorker (SegmentedRaftLogWorker.java:startLogSegment(385)) - abe27936-fa37-414d-b2e1-4e10a1c095a6@group-F842E1832D96-SegmentedRaftLogWorker: Starting segment from index:0
2019-10-19 01:26:25,376 [grpc-default-executor-0] INFO  impl.RaftServerImpl (ServerState.java:setLeader(256)) - a47f4692-6292-482b-87e1-943728217a13@group-12F62FEB2D83: change Leader from null to 7bdff0e9-7b76-4a2e-87b8-7520d2e34914 at term 10 for appendEntries, leader elected after 1144ms
2019-10-19 01:26:25,376 [grpc-default-executor-4] INFO  impl.RaftServerImpl (ServerState.java:setLeader(256)) - df8ea49b-ef0b-40b0-a5d0-e4c136909b6f@group-12F62FEB2D83: change Leader from null to 7bdff0e9-7b76-4a2e-87b8-7520d2e34914 at term 10 for appendEntries, leader elected after 649ms
2019-10-19 01:26:25,377 [abe27936-fa37-414d-b2e1-4e10a1c095a6@group-F842E1832D96-SegmentedRaftLogWorker] INFO  segmented.SegmentedRaftLogWorker (SegmentedRaftLogWorker.java:execute(640)) - abe27936-fa37-414d-b2e1-4e10a1c095a6@group-F842E1832D96-SegmentedRaftLogWorker: Deleted log file /workdir/hadoop-ozone/integration-test/target/test-dir/MiniOzoneClusterImpl-be769f72-d0ac-4a2c-8dca-159e9fc5eefe/datanode-1/data/ratis/72b83858-5b43-40ac-9506-f842e1832d96/current/log_inprogress_0
2019-10-19 01:26:25,402 [7247ad7d-2ca2-4af8-9337-77c07ea89cb3@group-31C3DC938042-LeaderElection31] INFO  impl.RoleInfo (RoleInfo.java:updateAndGet(143)) - 7247ad7d-2ca2-4af8-9337-77c07ea89cb3: start LeaderState
2019-10-19 01:26:25,404 [7247ad7d-2ca2-4af8-9337-77c07ea89cb3@group-31C3DC938042-LeaderElection31] INFO  segmented.SegmentedRaftLogWorker (SegmentedRaftLogWorker.java:startLogSegment(385)) - 7247ad7d-2ca2-4af8-9337-77c07ea89cb3@group-31C3DC938042-SegmentedRaftLogWorker: Starting segment from index:0
2019-10-19 01:26:25,406 [abe27936-fa37-414d-b2e1-4e10a1c095a6@group-F842E1832D96-SegmentedRaftLogWorker] INFO  segmented.SegmentedRaftLogWorker (SegmentedRaftLogWorker.java:lambda$new$0(128)) - abe27936-fa37-414d-b2e1-4e10a1c095a6@group-F842E1832D96-SegmentedRaftLogWorker: flushIndex: setUnconditionally 0 -> -1
2019-10-19 01:26:25,406 [7247ad7d-2ca2-4af8-9337-77c07ea89cb3@group-31C3DC938042-LeaderElection31] INFO  impl.RaftServerImpl (ServerState.java:setRaftConf(357)) - 7247ad7d-2ca2-4af8-9337-77c07ea89cb3@group-31C3DC938042: set configuration 0: [774c78e1-8dd4-453d-975e-442189a07fe2:192.168.157.242:38712, 7247ad7d-2ca2-4af8-9337-77c07ea89cb3:192.168.157.242:42362, 8bce6a00-3bba-419d-83ac-b35141b6b559:192.168.157.242:37801], old=null at 0
2019-10-19 01:26:25,431 [7bdff0e9-7b76-4a2e-87b8-7520d2e34914@group-12F62FEB2D83-SegmentedRaftLogWorker] INFO  segmented.SegmentedRaftLogWorker (SegmentedRaftLogWorker.java:execute(576)) - 7bdff0e9-7b76-4a2e-87b8-7520d2e34914@group-12F62FEB2D83-SegmentedRaftLogWorker: created new log segment /workdir/hadoop-ozone/integration-test/target/test-dir/MiniOzoneClusterImpl-be769f72-d0ac-4a2c-8dca-159e9fc5eefe/datanode-3/data/ratis/bbab9873-e064-4dee-a03d-12f62feb2d83/current/log_inprogress_0
2019-10-19 01:26:25,431 [Thread-497] INFO  impl.FollowerState (FollowerState.java:run(108)) - 8bce6a00-3bba-419d-83ac-b35141b6b559@group-31C3DC938042-FollowerState: change to CANDIDATE, lastRpcTime:114ms, electionTimeout:94ms
2019-10-19 01:26:25,431 [964c97d4-fbb7-48cf-b727-382e7669b5e9@group-F842E1832D96-SegmentedRaftLogWorker] INFO  segmented.SegmentedRaftLogWorker (SegmentedRaftLogWorker.java:execute(576)) - 964c97d4-fbb7-48cf-b727-382e7669b5e9@group-F842E1832D96-SegmentedRaftLogWorker: created new log segment /workdir/hadoop-ozone/integration-test/target/test-dir/MiniOzoneClusterImpl-be769f72-d0ac-4a2c-8dca-159e9fc5eefe/datanode-0/data/ratis/72b83858-5b43-40ac-9506-f842e1832d96/current/log_inprogress_0
2019-10-19 01:26:25,431 [Thread-497] INFO  impl.RoleInfo (RoleInfo.java:shutdownFollowerState(121)) - 8bce6a00-3bba-419d-83ac-b35141b6b559: shutdown FollowerState
2019-10-19 01:26:25,432 [Thread-497] INFO  impl.RaftServerImpl (RaftServerImpl.java:setRole(184)) - 8bce6a00-3bba-419d-83ac-b35141b6b559@group-31C3DC938042: changes role from  FOLLOWER to CANDIDATE at term 4 for changeToCandidate
2019-10-19 01:26:25,432 [Thread-497] INFO  impl.RoleInfo (RoleInfo.java:updateAndGet(143)) - 8bce6a00-3bba-419d-83ac-b35141b6b559: start LeaderElection
2019-10-19 01:26:25,433 [grpc-default-executor-0] INFO  impl.RaftServerImpl (ServerState.java:setRaftConf(357)) - df8ea49b-ef0b-40b0-a5d0-e4c136909b6f@group-12F62FEB2D83: set configuration 0: [7bdff0e9-7b76-4a2e-87b8-7520d2e34914:192.168.157.242:33030, df8ea49b-ef0b-40b0-a5d0-e4c136909b6f:192.168.157.242:40644, a47f4692-6292-482b-87e1-943728217a13:192.168.157.242:34977], old=null at 0
2019-10-19 01:26:25,433 [grpc-default-executor-4] INFO  impl.RaftServerImpl (ServerState.java:setRaftConf(357)) - a47f4692-6292-482b-87e1-943728217a13@group-12F62FEB2D83: set configuration 0: [7bdff0e9-7b76-4a2e-87b8-7520d2e34914:192.168.157.242:33030, df8ea49b-ef0b-40b0-a5d0-e4c136909b6f:192.168.157.242:40644, a47f4692-6292-482b-87e1-943728217a13:192.168.157.242:34977], old=null at 0
2019-10-19 01:26:25,433 [grpc-default-executor-0] INFO  segmented.SegmentedRaftLogWorker (SegmentedRaftLogWorker.java:truncate(401)) - df8ea49b-ef0b-40b0-a5d0-e4c136909b6f@group-12F62FEB2D83-SegmentedRaftLogWorker: Truncating segments toTruncate: null
  toDelete: [(0, 0) isOpen? true, length=0, newEndIndex=-1], start index 0
2019-10-19 01:26:25,433 [grpc-default-executor-4] INFO  segmented.SegmentedRaftLogWorker (SegmentedRaftLogWorker.java:startLogSegment(385)) - a47f4692-6292-482b-87e1-943728217a13@group-12F62FEB2D83-SegmentedRaftLogWorker: Starting segment from index:0
2019-10-19 01:26:25,433 [grpc-default-executor-0] INFO  segmented.SegmentedRaftLogWorker (SegmentedRaftLogWorker.java:startLogSegment(385)) - df8ea49b-ef0b-40b0-a5d0-e4c136909b6f@group-12F62FEB2D83-SegmentedRaftLogWorker: Starting segment from index:0
2019-10-19 01:26:25,434 [grpc-default-executor-1] INFO  impl.RaftServerImpl (ServerState.java:setLeader(256)) - 774c78e1-8dd4-453d-975e-442189a07fe2@group-31C3DC938042: change Leader from null to 7247ad7d-2ca2-4af8-9337-77c07ea89cb3 at term 4 for appendEntries, leader elected after 593ms
2019-10-19 01:26:25,436 [df8ea49b-ef0b-40b0-a5d0-e4c136909b6f@group-12F62FEB2D83-SegmentedRaftLogWorker] INFO  segmented.SegmentedRaftLogWorker (SegmentedRaftLogWorker.java:execute(640)) - df8ea49b-ef0b-40b0-a5d0-e4c136909b6f@group-12F62FEB2D83-SegmentedRaftLogWorker: Deleted log file /workdir/hadoop-ozone/integration-test/target/test-dir/MiniOzoneClusterImpl-be769f72-d0ac-4a2c-8dca-159e9fc5eefe/datanode-6/data/ratis/bbab9873-e064-4dee-a03d-12f62feb2d83/current/log_inprogress_0
2019-10-19 01:26:25,436 [df8ea49b-ef0b-40b0-a5d0-e4c136909b6f@group-12F62FEB2D83-SegmentedRaftLogWorker] INFO  segmented.SegmentedRaftLogWorker (SegmentedRaftLogWorker.java:lambda$new$0(128)) - df8ea49b-ef0b-40b0-a5d0-e4c136909b6f@group-12F62FEB2D83-SegmentedRaftLogWorker: flushIndex: setUnconditionally 0 -> -1
2019-10-19 01:26:25,437 [grpc-default-executor-1] INFO  impl.RaftServerImpl (ServerState.java:setRaftConf(357)) - 774c78e1-8dd4-453d-975e-442189a07fe2@group-31C3DC938042: set configuration 0: [774c78e1-8dd4-453d-975e-442189a07fe2:192.168.157.242:38712, 7247ad7d-2ca2-4af8-9337-77c07ea89cb3:192.168.157.242:42362, 8bce6a00-3bba-419d-83ac-b35141b6b559:192.168.157.242:37801], old=null at 0
2019-10-19 01:26:25,438 [grpc-default-executor-1] INFO  segmented.SegmentedRaftLogWorker (SegmentedRaftLogWorker.java:truncate(401)) - 774c78e1-8dd4-453d-975e-442189a07fe2@group-31C3DC938042-SegmentedRaftLogWorker: Truncating segments toTruncate: null
  toDelete: [(0, 0) isOpen? true, length=0, newEndIndex=-1], start index 0
2019-10-19 01:26:25,438 [grpc-default-executor-1] INFO  segmented.SegmentedRaftLogWorker (SegmentedRaftLogWorker.java:startLogSegment(385)) - 774c78e1-8dd4-453d-975e-442189a07fe2@group-31C3DC938042-SegmentedRaftLogWorker: Starting segment from index:0
2019-10-19 01:26:25,439 [774c78e1-8dd4-453d-975e-442189a07fe2@group-31C3DC938042-SegmentedRaftLogWorker] INFO  segmented.SegmentedRaftLogWorker (SegmentedRaftLogWorker.java:execute(640)) - 774c78e1-8dd4-453d-975e-442189a07fe2@group-31C3DC938042-SegmentedRaftLogWorker: Deleted log file /workdir/hadoop-ozone/integration-test/target/test-dir/MiniOzoneClusterImpl-be769f72-d0ac-4a2c-8dca-159e9fc5eefe/datanode-7/data/ratis/cc6f7469-c698-4b72-b225-31c3dc938042/current/log_inprogress_0
2019-10-19 01:26:25,440 [774c78e1-8dd4-453d-975e-442189a07fe2@group-31C3DC938042-SegmentedRaftLogWorker] INFO  segmented.SegmentedRaftLogWorker (SegmentedRaftLogWorker.java:lambda$new$0(128)) - 774c78e1-8dd4-453d-975e-442189a07fe2@group-31C3DC938042-SegmentedRaftLogWorker: flushIndex: setUnconditionally 0 -> -1
2019-10-19 01:26:25,440 [7247ad7d-2ca2-4af8-9337-77c07ea89cb3@group-31C3DC938042-SegmentedRaftLogWorker] INFO  segmented.SegmentedRaftLogWorker (SegmentedRaftLogWorker.java:execute(576)) - 7247ad7d-2ca2-4af8-9337-77c07ea89cb3@group-31C3DC938042-SegmentedRaftLogWorker: created new log segment /workdir/hadoop-ozone/integration-test/target/test-dir/MiniOzoneClusterImpl-be769f72-d0ac-4a2c-8dca-159e9fc5eefe/datanode-5/data/ratis/cc6f7469-c698-4b72-b225-31c3dc938042/current/log_inprogress_0
2019-10-19 01:26:25,440 [abe27936-fa37-414d-b2e1-4e10a1c095a6@group-F842E1832D96-SegmentedRaftLogWorker] INFO  segmented.SegmentedRaftLogWorker (SegmentedRaftLogWorker.java:execute(576)) - abe27936-fa37-414d-b2e1-4e10a1c095a6@group-F842E1832D96-SegmentedRaftLogWorker: created new log segment /workdir/hadoop-ozone/integration-test/target/test-dir/MiniOzoneClusterImpl-be769f72-d0ac-4a2c-8dca-159e9fc5eefe/datanode-1/data/ratis/72b83858-5b43-40ac-9506-f842e1832d96/current/log_inprogress_0
2019-10-19 01:26:25,440 [8bce6a00-3bba-419d-83ac-b35141b6b559@group-31C3DC938042-LeaderElection32] INFO  impl.LeaderElection (LeaderElection.java:askForVotes(178)) - 8bce6a00-3bba-419d-83ac-b35141b6b559@group-31C3DC938042-LeaderElection32: begin an election at term 5 for -1: [774c78e1-8dd4-453d-975e-442189a07fe2:192.168.157.242:38712, 7247ad7d-2ca2-4af8-9337-77c07ea89cb3:192.168.157.242:42362, 8bce6a00-3bba-419d-83ac-b35141b6b559:192.168.157.242:37801], old=null
2019-10-19 01:26:25,442 [Thread-505] INFO  impl.RaftServerImpl (ServerState.java:setLeader(256)) - 7247ad7d-2ca2-4af8-9337-77c07ea89cb3@group-31C3DC938042: change Leader from 7247ad7d-2ca2-4af8-9337-77c07ea89cb3 to null at term 5 for updateCurrentTerm
2019-10-19 01:26:25,442 [Thread-505] INFO  impl.RaftServerImpl (RaftServerImpl.java:setRole(184)) - 7247ad7d-2ca2-4af8-9337-77c07ea89cb3@group-31C3DC938042: changes role from    LEADER to FOLLOWER at term 5 for stepDown
2019-10-19 01:26:25,442 [Thread-505] INFO  impl.RoleInfo (RoleInfo.java:shutdownLeaderState(104)) - 7247ad7d-2ca2-4af8-9337-77c07ea89cb3: shutdown LeaderState
2019-10-19 01:26:25,478 [org.apache.ratis.server.impl.LogAppender$AppenderDaemon$$Lambda$457/1783297556@616b31d8] WARN  server.GrpcLogAppender (GrpcLogAppender.java:mayWait(149)) - 7247ad7d-2ca2-4af8-9337-77c07ea89cb3@group-31C3DC938042->8bce6a00-3bba-419d-83ac-b35141b6b559-GrpcLogAppender: Wait interrupted by java.lang.InterruptedException
2019-10-19 01:26:25,480 [Thread-505] INFO  impl.PendingRequests (PendingRequests.java:sendNotLeaderResponses(202)) - 7247ad7d-2ca2-4af8-9337-77c07ea89cb3@group-31C3DC938042-PendingRequests: sendNotLeaderResponses
2019-10-19 01:26:25,480 [org.apache.ratis.server.impl.LogAppender$AppenderDaemon$$Lambda$457/1783297556@50f16745] WARN  server.GrpcLogAppender (GrpcLogAppender.java:mayWait(149)) - 7247ad7d-2ca2-4af8-9337-77c07ea89cb3@group-31C3DC938042->774c78e1-8dd4-453d-975e-442189a07fe2-GrpcLogAppender: Wait interrupted by java.lang.InterruptedException
2019-10-19 01:26:25,480 [Thread-505] INFO  impl.RoleInfo (RoleInfo.java:updateAndGet(143)) - 7247ad7d-2ca2-4af8-9337-77c07ea89cb3: start FollowerState
2019-10-19 01:26:25,480 [grpc-default-executor-1] INFO  impl.RaftServerImpl (ServerState.java:setLeader(256)) - 774c78e1-8dd4-453d-975e-442189a07fe2@group-31C3DC938042: change Leader from 7247ad7d-2ca2-4af8-9337-77c07ea89cb3 to null at term 5 for updateCurrentTerm
2019-10-19 01:26:25,480 [grpc-default-executor-1] INFO  impl.RaftServerImpl (RaftServerImpl.java:setRole(184)) - 774c78e1-8dd4-453d-975e-442189a07fe2@group-31C3DC938042: changes role from  FOLLOWER to FOLLOWER at term 5 for recognizeCandidate:8bce6a00-3bba-419d-83ac-b35141b6b559
2019-10-19 01:26:25,480 [grpc-default-executor-1] INFO  impl.RoleInfo (RoleInfo.java:shutdownFollowerState(121)) - 774c78e1-8dd4-453d-975e-442189a07fe2: shutdown FollowerState
2019-10-19 01:26:25,481 [Thread-496] INFO  impl.FollowerState (FollowerState.java:run(117)) - 774c78e1-8dd4-453d-975e-442189a07fe2@group-31C3DC938042-FollowerState was interrupted: java.lang.InterruptedException: sleep interrupted
2019-10-19 01:26:25,481 [grpc-default-executor-1] INFO  impl.RoleInfo (RoleInfo.java:updateAndGet(143)) - 774c78e1-8dd4-453d-975e-442189a07fe2: start FollowerState
2019-10-19 01:26:25,481 [grpc-default-executor-0] INFO  server.GrpcServerProtocolService (GrpcServerProtocolService.java:onCompleted(113)) - 774c78e1-8dd4-453d-975e-442189a07fe2: Completed APPEND_ENTRIES, lastRequest: 7247ad7d-2ca2-4af8-9337-77c07ea89cb3->774c78e1-8dd4-453d-975e-442189a07fe2#1-t4, previous=(t:0, i:0), leaderCommit=-1, initializing? false, entries: size=1, first=(t:4, i:0), CONFIGURATIONENTRY
2019-10-19 01:26:25,481 [grpc-default-executor-4] INFO  server.GrpcServerProtocolService (GrpcServerProtocolService.java:onCompleted(113)) - 8bce6a00-3bba-419d-83ac-b35141b6b559: Completed APPEND_ENTRIES, lastRequest: 7247ad7d-2ca2-4af8-9337-77c07ea89cb3->8bce6a00-3bba-419d-83ac-b35141b6b559#1-t4, previous=(t:0, i:0), leaderCommit=0, initializing? false, entries: size=1, first=(t:4, i:0), CONFIGURATIONENTRY
2019-10-19 01:26:25,482 [grpc-default-executor-4] INFO  server.GrpcLogAppender (GrpcLogAppender.java:onCompleted(308)) - 7247ad7d-2ca2-4af8-9337-77c07ea89cb3@group-31C3DC938042->774c78e1-8dd4-453d-975e-442189a07fe2-AppendLogResponseHandler: follower responses appendEntries COMPLETED
2019-10-19 01:26:25,484 [grpc-default-executor-4] INFO  impl.FollowerInfo (FollowerInfo.java:lambda$new$0(51)) - 7247ad7d-2ca2-4af8-9337-77c07ea89cb3@group-31C3DC938042->774c78e1-8dd4-453d-975e-442189a07fe2: nextIndex: updateUnconditionally 1 -> 0
2019-10-19 01:26:25,496 [df8ea49b-ef0b-40b0-a5d0-e4c136909b6f@group-12F62FEB2D83-SegmentedRaftLogWorker] INFO  segmented.SegmentedRaftLogWorker (SegmentedRaftLogWorker.java:execute(576)) - df8ea49b-ef0b-40b0-a5d0-e4c136909b6f@group-12F62FEB2D83-SegmentedRaftLogWorker: created new log segment /workdir/hadoop-ozone/integration-test/target/test-dir/MiniOzoneClusterImpl-be769f72-d0ac-4a2c-8dca-159e9fc5eefe/datanode-6/data/ratis/bbab9873-e064-4dee-a03d-12f62feb2d83/current/log_inprogress_0
2019-10-19 01:26:25,496 [a47f4692-6292-482b-87e1-943728217a13@group-12F62FEB2D83-SegmentedRaftLogWorker] INFO  segmented.SegmentedRaftLogWorker (SegmentedRaftLogWorker.java:execute(576)) - a47f4692-6292-482b-87e1-943728217a13@group-12F62FEB2D83-SegmentedRaftLogWorker: created new log segment /workdir/hadoop-ozone/integration-test/target/test-dir/MiniOzoneClusterImpl-be769f72-d0ac-4a2c-8dca-159e9fc5eefe/datanode-8/data/ratis/bbab9873-e064-4dee-a03d-12f62feb2d83/current/log_inprogress_0
2019-10-19 01:26:25,496 [774c78e1-8dd4-453d-975e-442189a07fe2@group-31C3DC938042-SegmentedRaftLogWorker] INFO  segmented.SegmentedRaftLogWorker (SegmentedRaftLogWorker.java:execute(576)) - 774c78e1-8dd4-453d-975e-442189a07fe2@group-31C3DC938042-SegmentedRaftLogWorker: created new log segment /workdir/hadoop-ozone/integration-test/target/test-dir/MiniOzoneClusterImpl-be769f72-d0ac-4a2c-8dca-159e9fc5eefe/datanode-7/data/ratis/cc6f7469-c698-4b72-b225-31c3dc938042/current/log_inprogress_0
2019-10-19 01:26:25,498 [grpc-default-executor-8] INFO  impl.RaftServerImpl (RaftServerImpl.java:setRole(184)) - 7247ad7d-2ca2-4af8-9337-77c07ea89cb3@group-31C3DC938042: changes role from  FOLLOWER to FOLLOWER at term 5 for recognizeCandidate:8bce6a00-3bba-419d-83ac-b35141b6b559
2019-10-19 01:26:25,498 [grpc-default-executor-6] INFO  server.GrpcLogAppender (GrpcLogAppender.java:onCompleted(308)) - 7247ad7d-2ca2-4af8-9337-77c07ea89cb3@group-31C3DC938042->8bce6a00-3bba-419d-83ac-b35141b6b559-AppendLogResponseHandler: follower responses appendEntries COMPLETED
2019-10-19 01:26:25,498 [grpc-default-executor-8] INFO  impl.RoleInfo (RoleInfo.java:shutdownFollowerState(121)) - 7247ad7d-2ca2-4af8-9337-77c07ea89cb3: shutdown FollowerState
2019-10-19 01:26:25,499 [Thread-523] INFO  impl.FollowerState (FollowerState.java:run(117)) - 7247ad7d-2ca2-4af8-9337-77c07ea89cb3@group-31C3DC938042-FollowerState was interrupted: java.lang.InterruptedException: sleep interrupted
2019-10-19 01:26:25,499 [grpc-default-executor-8] INFO  impl.RoleInfo (RoleInfo.java:updateAndGet(143)) - 7247ad7d-2ca2-4af8-9337-77c07ea89cb3: start FollowerState
2019-10-19 01:26:25,500 [grpc-default-executor-6] INFO  impl.FollowerInfo (FollowerInfo.java:lambda$new$0(51)) - 7247ad7d-2ca2-4af8-9337-77c07ea89cb3@group-31C3DC938042->8bce6a00-3bba-419d-83ac-b35141b6b559: nextIndex: updateUnconditionally 1 -> 0
2019-10-19 01:26:25,502 [8bce6a00-3bba-419d-83ac-b35141b6b559@group-31C3DC938042-LeaderElection32] INFO  impl.LeaderElection (LeaderElection.java:logAndReturn(56)) - 8bce6a00-3bba-419d-83ac-b35141b6b559@group-31C3DC938042-LeaderElection32: Election REJECTED; received 2 response(s) [8bce6a00-3bba-419d-83ac-b35141b6b559<-774c78e1-8dd4-453d-975e-442189a07fe2#0:FAIL-t5, 8bce6a00-3bba-419d-83ac-b35141b6b559<-7247ad7d-2ca2-4af8-9337-77c07ea89cb3#0:FAIL-t5] and 0 exception(s); 8bce6a00-3bba-419d-83ac-b35141b6b559@group-31C3DC938042:t5, leader=null, voted=8bce6a00-3bba-419d-83ac-b35141b6b559, raftlog=8bce6a00-3bba-419d-83ac-b35141b6b559@group-31C3DC938042-SegmentedRaftLog:OPENED:c-1,f-1,i0, conf=-1: [774c78e1-8dd4-453d-975e-442189a07fe2:192.168.157.242:38712, 7247ad7d-2ca2-4af8-9337-77c07ea89cb3:192.168.157.242:42362, 8bce6a00-3bba-419d-83ac-b35141b6b559:192.168.157.242:37801], old=null
2019-10-19 01:26:25,502 [8bce6a00-3bba-419d-83ac-b35141b6b559@group-31C3DC938042-LeaderElection32] INFO  impl.RaftServerImpl (RaftServerImpl.java:setRole(184)) - 8bce6a00-3bba-419d-83ac-b35141b6b559@group-31C3DC938042: changes role from CANDIDATE to FOLLOWER at term 5 for DISCOVERED_A_NEW_TERM
2019-10-19 01:26:25,502 [8bce6a00-3bba-419d-83ac-b35141b6b559@group-31C3DC938042-LeaderElection32] INFO  impl.RoleInfo (RoleInfo.java:shutdownLeaderElection(134)) - 8bce6a00-3bba-419d-83ac-b35141b6b559: shutdown LeaderElection
2019-10-19 01:26:25,503 [8bce6a00-3bba-419d-83ac-b35141b6b559@group-31C3DC938042-LeaderElection32] INFO  impl.RoleInfo (RoleInfo.java:updateAndGet(143)) - 8bce6a00-3bba-419d-83ac-b35141b6b559: start FollowerState
2019-10-19 01:26:25,530 [IPC Server handler 0 on 45773] INFO  volume.OMVolumeCreateRequest (OMVolumeCreateRequest.java:validateAndUpdateCache(193)) - created volume:datanodefailurehandlingtest for user:jenkins1000
2019-10-19 01:26:25,577 [main] INFO  rpc.RpcClient (RpcClient.java:createBucket(411)) - Creating Bucket: datanodefailurehandlingtest/datanodefailurehandlingtest, with Versioning false and Storage Type set to DISK and Encryption set to false 
2019-10-19 01:26:25,623 [Thread-526] INFO  impl.FollowerState (FollowerState.java:run(108)) - 8bce6a00-3bba-419d-83ac-b35141b6b559@group-31C3DC938042-FollowerState: change to CANDIDATE, lastRpcTime:120ms, electionTimeout:120ms
2019-10-19 01:26:25,623 [Thread-526] INFO  impl.RoleInfo (RoleInfo.java:shutdownFollowerState(121)) - 8bce6a00-3bba-419d-83ac-b35141b6b559: shutdown FollowerState
2019-10-19 01:26:25,623 [Thread-526] INFO  impl.RaftServerImpl (RaftServerImpl.java:setRole(184)) - 8bce6a00-3bba-419d-83ac-b35141b6b559@group-31C3DC938042: changes role from  FOLLOWER to CANDIDATE at term 5 for changeToCandidate
2019-10-19 01:26:25,623 [Thread-526] INFO  impl.RoleInfo (RoleInfo.java:updateAndGet(143)) - 8bce6a00-3bba-419d-83ac-b35141b6b559: start LeaderElection
2019-10-19 01:26:25,637 [8bce6a00-3bba-419d-83ac-b35141b6b559@group-31C3DC938042-LeaderElection33] INFO  impl.LeaderElection (LeaderElection.java:askForVotes(178)) - 8bce6a00-3bba-419d-83ac-b35141b6b559@group-31C3DC938042-LeaderElection33: begin an election at term 6 for -1: [774c78e1-8dd4-453d-975e-442189a07fe2:192.168.157.242:38712, 7247ad7d-2ca2-4af8-9337-77c07ea89cb3:192.168.157.242:42362, 8bce6a00-3bba-419d-83ac-b35141b6b559:192.168.157.242:37801], old=null
2019-10-19 01:26:25,640 [grpc-default-executor-8] INFO  impl.RaftServerImpl (RaftServerImpl.java:setRole(184)) - 7247ad7d-2ca2-4af8-9337-77c07ea89cb3@group-31C3DC938042: changes role from  FOLLOWER to FOLLOWER at term 6 for recognizeCandidate:8bce6a00-3bba-419d-83ac-b35141b6b559
2019-10-19 01:26:25,640 [grpc-default-executor-6] INFO  impl.RaftServerImpl (RaftServerImpl.java:setRole(184)) - 774c78e1-8dd4-453d-975e-442189a07fe2@group-31C3DC938042: changes role from  FOLLOWER to FOLLOWER at term 6 for recognizeCandidate:8bce6a00-3bba-419d-83ac-b35141b6b559
2019-10-19 01:26:25,640 [grpc-default-executor-8] INFO  impl.RoleInfo (RoleInfo.java:shutdownFollowerState(121)) - 7247ad7d-2ca2-4af8-9337-77c07ea89cb3: shutdown FollowerState
2019-10-19 01:26:25,640 [grpc-default-executor-6] INFO  impl.RoleInfo (RoleInfo.java:shutdownFollowerState(121)) - 774c78e1-8dd4-453d-975e-442189a07fe2: shutdown FollowerState
2019-10-19 01:26:25,640 [grpc-default-executor-8] INFO  impl.RoleInfo (RoleInfo.java:updateAndGet(143)) - 7247ad7d-2ca2-4af8-9337-77c07ea89cb3: start FollowerState
2019-10-19 01:26:25,640 [Thread-525] INFO  impl.FollowerState (FollowerState.java:run(117)) - 7247ad7d-2ca2-4af8-9337-77c07ea89cb3@group-31C3DC938042-FollowerState was interrupted: java.lang.InterruptedException: sleep interrupted
2019-10-19 01:26:25,640 [Thread-524] INFO  impl.FollowerState (FollowerState.java:run(117)) - 774c78e1-8dd4-453d-975e-442189a07fe2@group-31C3DC938042-FollowerState was interrupted: java.lang.InterruptedException: sleep interrupted
2019-10-19 01:26:25,640 [grpc-default-executor-6] INFO  impl.RoleInfo (RoleInfo.java:updateAndGet(143)) - 774c78e1-8dd4-453d-975e-442189a07fe2: start FollowerState
2019-10-19 01:26:25,654 [8bce6a00-3bba-419d-83ac-b35141b6b559@group-31C3DC938042-LeaderElection33] INFO  impl.LeaderElection (LeaderElection.java:logAndReturn(56)) - 8bce6a00-3bba-419d-83ac-b35141b6b559@group-31C3DC938042-LeaderElection33: Election REJECTED; received 2 response(s) [8bce6a00-3bba-419d-83ac-b35141b6b559<-774c78e1-8dd4-453d-975e-442189a07fe2#0:FAIL-t6, 8bce6a00-3bba-419d-83ac-b35141b6b559<-7247ad7d-2ca2-4af8-9337-77c07ea89cb3#0:FAIL-t6] and 0 exception(s); 8bce6a00-3bba-419d-83ac-b35141b6b559@group-31C3DC938042:t6, leader=null, voted=8bce6a00-3bba-419d-83ac-b35141b6b559, raftlog=8bce6a00-3bba-419d-83ac-b35141b6b559@group-31C3DC938042-SegmentedRaftLog:OPENED:c-1,f-1,i0, conf=-1: [774c78e1-8dd4-453d-975e-442189a07fe2:192.168.157.242:38712, 7247ad7d-2ca2-4af8-9337-77c07ea89cb3:192.168.157.242:42362, 8bce6a00-3bba-419d-83ac-b35141b6b559:192.168.157.242:37801], old=null
2019-10-19 01:26:25,654 [8bce6a00-3bba-419d-83ac-b35141b6b559@group-31C3DC938042-LeaderElection33] INFO  impl.RaftServerImpl (RaftServerImpl.java:setRole(184)) - 8bce6a00-3bba-419d-83ac-b35141b6b559@group-31C3DC938042: changes role from CANDIDATE to FOLLOWER at term 6 for DISCOVERED_A_NEW_TERM
2019-10-19 01:26:25,654 [8bce6a00-3bba-419d-83ac-b35141b6b559@group-31C3DC938042-LeaderElection33] INFO  impl.RoleInfo (RoleInfo.java:shutdownLeaderElection(134)) - 8bce6a00-3bba-419d-83ac-b35141b6b559: shutdown LeaderElection
2019-10-19 01:26:25,654 [8bce6a00-3bba-419d-83ac-b35141b6b559@group-31C3DC938042-LeaderElection33] INFO  impl.RoleInfo (RoleInfo.java:updateAndGet(143)) - 8bce6a00-3bba-419d-83ac-b35141b6b559: start FollowerState
2019-10-19 01:26:25,733 [Thread-535] INFO  impl.FollowerState (FollowerState.java:run(108)) - 8bce6a00-3bba-419d-83ac-b35141b6b559@group-31C3DC938042-FollowerState: change to CANDIDATE, lastRpcTime:78ms, electionTimeout:78ms
2019-10-19 01:26:25,735 [Thread-535] INFO  impl.RoleInfo (RoleInfo.java:shutdownFollowerState(121)) - 8bce6a00-3bba-419d-83ac-b35141b6b559: shutdown FollowerState
2019-10-19 01:26:25,735 [Thread-535] INFO  impl.RaftServerImpl (RaftServerImpl.java:setRole(184)) - 8bce6a00-3bba-419d-83ac-b35141b6b559@group-31C3DC938042: changes role from  FOLLOWER to CANDIDATE at term 6 for changeToCandidate
2019-10-19 01:26:25,735 [Thread-535] INFO  impl.RoleInfo (RoleInfo.java:updateAndGet(143)) - 8bce6a00-3bba-419d-83ac-b35141b6b559: start LeaderElection
2019-10-19 01:26:25,742 [8bce6a00-3bba-419d-83ac-b35141b6b559@group-31C3DC938042-LeaderElection34] INFO  impl.LeaderElection (LeaderElection.java:askForVotes(178)) - 8bce6a00-3bba-419d-83ac-b35141b6b559@group-31C3DC938042-LeaderElection34: begin an election at term 7 for -1: [774c78e1-8dd4-453d-975e-442189a07fe2:192.168.157.242:38712, 7247ad7d-2ca2-4af8-9337-77c07ea89cb3:192.168.157.242:42362, 8bce6a00-3bba-419d-83ac-b35141b6b559:192.168.157.242:37801], old=null
2019-10-19 01:26:25,744 [grpc-default-executor-6] INFO  impl.RaftServerImpl (RaftServerImpl.java:setRole(184)) - 7247ad7d-2ca2-4af8-9337-77c07ea89cb3@group-31C3DC938042: changes role from  FOLLOWER to FOLLOWER at term 7 for recognizeCandidate:8bce6a00-3bba-419d-83ac-b35141b6b559
2019-10-19 01:26:25,745 [grpc-default-executor-8] INFO  impl.RaftServerImpl (RaftServerImpl.java:setRole(184)) - 774c78e1-8dd4-453d-975e-442189a07fe2@group-31C3DC938042: changes role from  FOLLOWER to FOLLOWER at term 7 for recognizeCandidate:8bce6a00-3bba-419d-83ac-b35141b6b559
2019-10-19 01:26:25,745 [grpc-default-executor-6] INFO  impl.RoleInfo (RoleInfo.java:shutdownFollowerState(121)) - 7247ad7d-2ca2-4af8-9337-77c07ea89cb3: shutdown FollowerState
2019-10-19 01:26:25,745 [grpc-default-executor-8] INFO  impl.RoleInfo (RoleInfo.java:shutdownFollowerState(121)) - 774c78e1-8dd4-453d-975e-442189a07fe2: shutdown FollowerState
2019-10-19 01:26:25,745 [Thread-533] INFO  impl.FollowerState (FollowerState.java:run(117)) - 7247ad7d-2ca2-4af8-9337-77c07ea89cb3@group-31C3DC938042-FollowerState was interrupted: java.lang.InterruptedException: sleep interrupted
2019-10-19 01:26:25,745 [grpc-default-executor-6] INFO  impl.RoleInfo (RoleInfo.java:updateAndGet(143)) - 7247ad7d-2ca2-4af8-9337-77c07ea89cb3: start FollowerState
2019-10-19 01:26:25,745 [grpc-default-executor-8] INFO  impl.RoleInfo (RoleInfo.java:updateAndGet(143)) - 774c78e1-8dd4-453d-975e-442189a07fe2: start FollowerState
2019-10-19 01:26:25,745 [Thread-534] INFO  impl.FollowerState (FollowerState.java:run(117)) - 774c78e1-8dd4-453d-975e-442189a07fe2@group-31C3DC938042-FollowerState was interrupted: java.lang.InterruptedException: sleep interrupted
2019-10-19 01:26:25,783 [8bce6a00-3bba-419d-83ac-b35141b6b559@group-31C3DC938042-LeaderElection34] INFO  impl.LeaderElection (LeaderElection.java:logAndReturn(56)) - 8bce6a00-3bba-419d-83ac-b35141b6b559@group-31C3DC938042-LeaderElection34: Election REJECTED; received 2 response(s) [8bce6a00-3bba-419d-83ac-b35141b6b559<-774c78e1-8dd4-453d-975e-442189a07fe2#0:FAIL-t7, 8bce6a00-3bba-419d-83ac-b35141b6b559<-7247ad7d-2ca2-4af8-9337-77c07ea89cb3#0:FAIL-t7] and 0 exception(s); 8bce6a00-3bba-419d-83ac-b35141b6b559@group-31C3DC938042:t7, leader=null, voted=8bce6a00-3bba-419d-83ac-b35141b6b559, raftlog=8bce6a00-3bba-419d-83ac-b35141b6b559@group-31C3DC938042-SegmentedRaftLog:OPENED:c-1,f-1,i0, conf=-1: [774c78e1-8dd4-453d-975e-442189a07fe2:192.168.157.242:38712, 7247ad7d-2ca2-4af8-9337-77c07ea89cb3:192.168.157.242:42362, 8bce6a00-3bba-419d-83ac-b35141b6b559:192.168.157.242:37801], old=null
2019-10-19 01:26:25,783 [8bce6a00-3bba-419d-83ac-b35141b6b559@group-31C3DC938042-LeaderElection34] INFO  impl.RaftServerImpl (RaftServerImpl.java:setRole(184)) - 8bce6a00-3bba-419d-83ac-b35141b6b559@group-31C3DC938042: changes role from CANDIDATE to FOLLOWER at term 7 for DISCOVERED_A_NEW_TERM
2019-10-19 01:26:25,783 [8bce6a00-3bba-419d-83ac-b35141b6b559@group-31C3DC938042-LeaderElection34] INFO  impl.RoleInfo (RoleInfo.java:shutdownLeaderElection(134)) - 8bce6a00-3bba-419d-83ac-b35141b6b559: shutdown LeaderElection
2019-10-19 01:26:25,784 [8bce6a00-3bba-419d-83ac-b35141b6b559@group-31C3DC938042-LeaderElection34] INFO  impl.RoleInfo (RoleInfo.java:updateAndGet(143)) - 8bce6a00-3bba-419d-83ac-b35141b6b559: start FollowerState
2019-10-19 01:26:25,963 [Thread-541] INFO  impl.FollowerState (FollowerState.java:run(108)) - 8bce6a00-3bba-419d-83ac-b35141b6b559@group-31C3DC938042-FollowerState: change to CANDIDATE, lastRpcTime:179ms, electionTimeout:179ms
2019-10-19 01:26:25,974 [Thread-541] INFO  impl.RoleInfo (RoleInfo.java:shutdownFollowerState(121)) - 8bce6a00-3bba-419d-83ac-b35141b6b559: shutdown FollowerState
2019-10-19 01:26:25,974 [Thread-541] INFO  impl.RaftServerImpl (RaftServerImpl.java:setRole(184)) - 8bce6a00-3bba-419d-83ac-b35141b6b559@group-31C3DC938042: changes role from  FOLLOWER to CANDIDATE at term 7 for changeToCandidate
2019-10-19 01:26:25,974 [Thread-541] INFO  impl.RoleInfo (RoleInfo.java:updateAndGet(143)) - 8bce6a00-3bba-419d-83ac-b35141b6b559: start LeaderElection
2019-10-19 01:26:25,983 [8bce6a00-3bba-419d-83ac-b35141b6b559@group-31C3DC938042-LeaderElection35] INFO  impl.LeaderElection (LeaderElection.java:askForVotes(178)) - 8bce6a00-3bba-419d-83ac-b35141b6b559@group-31C3DC938042-LeaderElection35: begin an election at term 8 for -1: [774c78e1-8dd4-453d-975e-442189a07fe2:192.168.157.242:38712, 7247ad7d-2ca2-4af8-9337-77c07ea89cb3:192.168.157.242:42362, 8bce6a00-3bba-419d-83ac-b35141b6b559:192.168.157.242:37801], old=null
2019-10-19 01:26:26,012 [grpc-default-executor-8] INFO  impl.RaftServerImpl (RaftServerImpl.java:setRole(184)) - 7247ad7d-2ca2-4af8-9337-77c07ea89cb3@group-31C3DC938042: changes role from  FOLLOWER to FOLLOWER at term 8 for recognizeCandidate:8bce6a00-3bba-419d-83ac-b35141b6b559
2019-10-19 01:26:26,013 [grpc-default-executor-8] INFO  impl.RoleInfo (RoleInfo.java:shutdownFollowerState(121)) - 7247ad7d-2ca2-4af8-9337-77c07ea89cb3: shutdown FollowerState
2019-10-19 01:26:26,013 [grpc-default-executor-6] INFO  impl.RaftServerImpl (RaftServerImpl.java:setRole(184)) - 774c78e1-8dd4-453d-975e-442189a07fe2@group-31C3DC938042: changes role from  FOLLOWER to FOLLOWER at term 8 for recognizeCandidate:8bce6a00-3bba-419d-83ac-b35141b6b559
2019-10-19 01:26:26,013 [grpc-default-executor-6] INFO  impl.RoleInfo (RoleInfo.java:shutdownFollowerState(121)) - 774c78e1-8dd4-453d-975e-442189a07fe2: shutdown FollowerState
2019-10-19 01:26:26,038 [grpc-default-executor-6] INFO  impl.RoleInfo (RoleInfo.java:updateAndGet(143)) - 774c78e1-8dd4-453d-975e-442189a07fe2: start FollowerState
2019-10-19 01:26:26,038 [Thread-540] INFO  impl.FollowerState (FollowerState.java:run(117)) - 774c78e1-8dd4-453d-975e-442189a07fe2@group-31C3DC938042-FollowerState was interrupted: java.lang.InterruptedException: sleep interrupted
2019-10-19 01:26:26,038 [grpc-default-executor-8] INFO  impl.RoleInfo (RoleInfo.java:updateAndGet(143)) - 7247ad7d-2ca2-4af8-9337-77c07ea89cb3: start FollowerState
2019-10-19 01:26:26,038 [Thread-539] INFO  impl.FollowerState (FollowerState.java:run(117)) - 7247ad7d-2ca2-4af8-9337-77c07ea89cb3@group-31C3DC938042-FollowerState was interrupted: java.lang.InterruptedException: sleep interrupted
2019-10-19 01:26:26,092 [8bce6a00-3bba-419d-83ac-b35141b6b559@group-31C3DC938042-LeaderElection35] INFO  impl.LeaderElection (LeaderElection.java:logAndReturn(56)) - 8bce6a00-3bba-419d-83ac-b35141b6b559@group-31C3DC938042-LeaderElection35: Election REJECTED; received 2 response(s) [8bce6a00-3bba-419d-83ac-b35141b6b559<-774c78e1-8dd4-453d-975e-442189a07fe2#0:FAIL-t8, 8bce6a00-3bba-419d-83ac-b35141b6b559<-7247ad7d-2ca2-4af8-9337-77c07ea89cb3#0:FAIL-t8] and 0 exception(s); 8bce6a00-3bba-419d-83ac-b35141b6b559@group-31C3DC938042:t8, leader=null, voted=8bce6a00-3bba-419d-83ac-b35141b6b559, raftlog=8bce6a00-3bba-419d-83ac-b35141b6b559@group-31C3DC938042-SegmentedRaftLog:OPENED:c-1,f-1,i0, conf=-1: [774c78e1-8dd4-453d-975e-442189a07fe2:192.168.157.242:38712, 7247ad7d-2ca2-4af8-9337-77c07ea89cb3:192.168.157.242:42362, 8bce6a00-3bba-419d-83ac-b35141b6b559:192.168.157.242:37801], old=null
2019-10-19 01:26:26,093 [8bce6a00-3bba-419d-83ac-b35141b6b559@group-31C3DC938042-LeaderElection35] INFO  impl.RaftServerImpl (RaftServerImpl.java:setRole(184)) - 8bce6a00-3bba-419d-83ac-b35141b6b559@group-31C3DC938042: changes role from CANDIDATE to FOLLOWER at term 8 for DISCOVERED_A_NEW_TERM
2019-10-19 01:26:26,093 [8bce6a00-3bba-419d-83ac-b35141b6b559@group-31C3DC938042-LeaderElection35] INFO  impl.RoleInfo (RoleInfo.java:shutdownLeaderElection(134)) - 8bce6a00-3bba-419d-83ac-b35141b6b559: shutdown LeaderElection
2019-10-19 01:26:26,093 [8bce6a00-3bba-419d-83ac-b35141b6b559@group-31C3DC938042-LeaderElection35] INFO  impl.RoleInfo (RoleInfo.java:updateAndGet(143)) - 8bce6a00-3bba-419d-83ac-b35141b6b559: start FollowerState
2019-10-19 01:26:26,105 [Thread-551] INFO  impl.FollowerState (FollowerState.java:run(108)) - 8bce6a00-3bba-419d-83ac-b35141b6b559@group-31C3DC938042-FollowerState: change to CANDIDATE, lastRpcTime:12ms, electionTimeout:12ms
2019-10-19 01:26:26,119 [Thread-551] INFO  impl.RoleInfo (RoleInfo.java:shutdownFollowerState(121)) - 8bce6a00-3bba-419d-83ac-b35141b6b559: shutdown FollowerState
2019-10-19 01:26:26,119 [Thread-551] INFO  impl.RaftServerImpl (RaftServerImpl.java:setRole(184)) - 8bce6a00-3bba-419d-83ac-b35141b6b559@group-31C3DC938042: changes role from  FOLLOWER to CANDIDATE at term 8 for changeToCandidate
2019-10-19 01:26:26,119 [Thread-551] INFO  impl.RoleInfo (RoleInfo.java:updateAndGet(143)) - 8bce6a00-3bba-419d-83ac-b35141b6b559: start LeaderElection
2019-10-19 01:26:26,129 [8bce6a00-3bba-419d-83ac-b35141b6b559@group-31C3DC938042-LeaderElection36] INFO  impl.LeaderElection (LeaderElection.java:askForVotes(178)) - 8bce6a00-3bba-419d-83ac-b35141b6b559@group-31C3DC938042-LeaderElection36: begin an election at term 9 for -1: [774c78e1-8dd4-453d-975e-442189a07fe2:192.168.157.242:38712, 7247ad7d-2ca2-4af8-9337-77c07ea89cb3:192.168.157.242:42362, 8bce6a00-3bba-419d-83ac-b35141b6b559:192.168.157.242:37801], old=null
2019-10-19 01:26:26,148 [grpc-default-executor-6] INFO  impl.RaftServerImpl (RaftServerImpl.java:setRole(184)) - 774c78e1-8dd4-453d-975e-442189a07fe2@group-31C3DC938042: changes role from  FOLLOWER to FOLLOWER at term 9 for recognizeCandidate:8bce6a00-3bba-419d-83ac-b35141b6b559
2019-10-19 01:26:26,148 [grpc-default-executor-6] INFO  impl.RoleInfo (RoleInfo.java:shutdownFollowerState(121)) - 774c78e1-8dd4-453d-975e-442189a07fe2: shutdown FollowerState
2019-10-19 01:26:26,149 [grpc-default-executor-8] INFO  impl.RaftServerImpl (RaftServerImpl.java:setRole(184)) - 7247ad7d-2ca2-4af8-9337-77c07ea89cb3@group-31C3DC938042: changes role from  FOLLOWER to FOLLOWER at term 9 for recognizeCandidate:8bce6a00-3bba-419d-83ac-b35141b6b559
2019-10-19 01:26:26,149 [Thread-549] INFO  impl.FollowerState (FollowerState.java:run(117)) - 774c78e1-8dd4-453d-975e-442189a07fe2@group-31C3DC938042-FollowerState was interrupted: java.lang.InterruptedException: sleep interrupted
2019-10-19 01:26:26,149 [grpc-default-executor-8] INFO  impl.RoleInfo (RoleInfo.java:shutdownFollowerState(121)) - 7247ad7d-2ca2-4af8-9337-77c07ea89cb3: shutdown FollowerState
2019-10-19 01:26:26,149 [grpc-default-executor-6] INFO  impl.RoleInfo (RoleInfo.java:updateAndGet(143)) - 774c78e1-8dd4-453d-975e-442189a07fe2: start FollowerState
2019-10-19 01:26:26,149 [Thread-550] INFO  impl.FollowerState (FollowerState.java:run(117)) - 7247ad7d-2ca2-4af8-9337-77c07ea89cb3@group-31C3DC938042-FollowerState was interrupted: java.lang.InterruptedException: sleep interrupted
2019-10-19 01:26:26,149 [grpc-default-executor-8] INFO  impl.RoleInfo (RoleInfo.java:updateAndGet(143)) - 7247ad7d-2ca2-4af8-9337-77c07ea89cb3: start FollowerState
2019-10-19 01:26:26,165 [Timer for 'StorageContainerManager' metrics system] INFO  lib.Interns (Interns.java:removeEldestEntry(50)) - Metrics intern cache overflow at 2011 for MetricsSystem={MetricsSystem=MetricsInfoImpl{name=MetricsSystem, description=MetricsSystem}, MetricsSystem record=MetricsInfoImpl{name=MetricsSystem, description=MetricsSystem record}}
2019-10-19 01:26:26,167 [8bce6a00-3bba-419d-83ac-b35141b6b559@group-31C3DC938042-LeaderElection36] INFO  impl.LeaderElection (LeaderElection.java:logAndReturn(56)) - 8bce6a00-3bba-419d-83ac-b35141b6b559@group-31C3DC938042-LeaderElection36: Election REJECTED; received 2 response(s) [8bce6a00-3bba-419d-83ac-b35141b6b559<-774c78e1-8dd4-453d-975e-442189a07fe2#0:FAIL-t9, 8bce6a00-3bba-419d-83ac-b35141b6b559<-7247ad7d-2ca2-4af8-9337-77c07ea89cb3#0:FAIL-t9] and 0 exception(s); 8bce6a00-3bba-419d-83ac-b35141b6b559@group-31C3DC938042:t9, leader=null, voted=8bce6a00-3bba-419d-83ac-b35141b6b559, raftlog=8bce6a00-3bba-419d-83ac-b35141b6b559@group-31C3DC938042-SegmentedRaftLog:OPENED:c-1,f-1,i0, conf=-1: [774c78e1-8dd4-453d-975e-442189a07fe2:192.168.157.242:38712, 7247ad7d-2ca2-4af8-9337-77c07ea89cb3:192.168.157.242:42362, 8bce6a00-3bba-419d-83ac-b35141b6b559:192.168.157.242:37801], old=null
2019-10-19 01:26:26,167 [8bce6a00-3bba-419d-83ac-b35141b6b559@group-31C3DC938042-LeaderElection36] INFO  impl.RaftServerImpl (RaftServerImpl.java:setRole(184)) - 8bce6a00-3bba-419d-83ac-b35141b6b559@group-31C3DC938042: changes role from CANDIDATE to FOLLOWER at term 9 for DISCOVERED_A_NEW_TERM
2019-10-19 01:26:26,167 [8bce6a00-3bba-419d-83ac-b35141b6b559@group-31C3DC938042-LeaderElection36] INFO  impl.RoleInfo (RoleInfo.java:shutdownLeaderElection(134)) - 8bce6a00-3bba-419d-83ac-b35141b6b559: shutdown LeaderElection
2019-10-19 01:26:26,167 [8bce6a00-3bba-419d-83ac-b35141b6b559@group-31C3DC938042-LeaderElection36] INFO  impl.RoleInfo (RoleInfo.java:updateAndGet(143)) - 8bce6a00-3bba-419d-83ac-b35141b6b559: start FollowerState
2019-10-19 01:26:26,169 [main] INFO  impl.MetricsSystemImpl (MetricsSystemImpl.java:init(158)) - XceiverClientMetrics metrics system started (again)
2019-10-19 01:26:26,347 [Thread-557] INFO  impl.FollowerState (FollowerState.java:run(108)) - 8bce6a00-3bba-419d-83ac-b35141b6b559@group-31C3DC938042-FollowerState: change to CANDIDATE, lastRpcTime:179ms, electionTimeout:179ms
2019-10-19 01:26:26,347 [Thread-557] INFO  impl.RoleInfo (RoleInfo.java:shutdownFollowerState(121)) - 8bce6a00-3bba-419d-83ac-b35141b6b559: shutdown FollowerState
2019-10-19 01:26:26,347 [Thread-557] INFO  impl.RaftServerImpl (RaftServerImpl.java:setRole(184)) - 8bce6a00-3bba-419d-83ac-b35141b6b559@group-31C3DC938042: changes role from  FOLLOWER to CANDIDATE at term 9 for changeToCandidate
2019-10-19 01:26:26,347 [Thread-557] INFO  impl.RoleInfo (RoleInfo.java:updateAndGet(143)) - 8bce6a00-3bba-419d-83ac-b35141b6b559: start LeaderElection
2019-10-19 01:26:26,352 [8bce6a00-3bba-419d-83ac-b35141b6b559@group-31C3DC938042-LeaderElection37] INFO  impl.LeaderElection (LeaderElection.java:askForVotes(178)) - 8bce6a00-3bba-419d-83ac-b35141b6b559@group-31C3DC938042-LeaderElection37: begin an election at term 10 for -1: [774c78e1-8dd4-453d-975e-442189a07fe2:192.168.157.242:38712, 7247ad7d-2ca2-4af8-9337-77c07ea89cb3:192.168.157.242:42362, 8bce6a00-3bba-419d-83ac-b35141b6b559:192.168.157.242:37801], old=null
2019-10-19 01:26:26,355 [grpc-default-executor-8] INFO  impl.RaftServerImpl (RaftServerImpl.java:setRole(184)) - 7247ad7d-2ca2-4af8-9337-77c07ea89cb3@group-31C3DC938042: changes role from  FOLLOWER to FOLLOWER at term 10 for recognizeCandidate:8bce6a00-3bba-419d-83ac-b35141b6b559
2019-10-19 01:26:26,355 [grpc-default-executor-6] INFO  impl.RaftServerImpl (RaftServerImpl.java:setRole(184)) - 774c78e1-8dd4-453d-975e-442189a07fe2@group-31C3DC938042: changes role from  FOLLOWER to FOLLOWER at term 10 for recognizeCandidate:8bce6a00-3bba-419d-83ac-b35141b6b559
2019-10-19 01:26:26,355 [grpc-default-executor-8] INFO  impl.RoleInfo (RoleInfo.java:shutdownFollowerState(121)) - 7247ad7d-2ca2-4af8-9337-77c07ea89cb3: shutdown FollowerState
2019-10-19 01:26:26,355 [grpc-default-executor-6] INFO  impl.RoleInfo (RoleInfo.java:shutdownFollowerState(121)) - 774c78e1-8dd4-453d-975e-442189a07fe2: shutdown FollowerState
2019-10-19 01:26:26,355 [grpc-default-executor-8] INFO  impl.RoleInfo (RoleInfo.java:updateAndGet(143)) - 7247ad7d-2ca2-4af8-9337-77c07ea89cb3: start FollowerState
2019-10-19 01:26:26,355 [Thread-556] INFO  impl.FollowerState (FollowerState.java:run(117)) - 7247ad7d-2ca2-4af8-9337-77c07ea89cb3@group-31C3DC938042-FollowerState was interrupted: java.lang.InterruptedException: sleep interrupted
2019-10-19 01:26:26,356 [grpc-default-executor-6] INFO  impl.RoleInfo (RoleInfo.java:updateAndGet(143)) - 774c78e1-8dd4-453d-975e-442189a07fe2: start FollowerState
2019-10-19 01:26:26,356 [Thread-555] INFO  impl.FollowerState (FollowerState.java:run(117)) - 774c78e1-8dd4-453d-975e-442189a07fe2@group-31C3DC938042-FollowerState was interrupted: java.lang.InterruptedException: sleep interrupted
2019-10-19 01:26:26,368 [8bce6a00-3bba-419d-83ac-b35141b6b559@group-31C3DC938042-LeaderElection37] INFO  impl.LeaderElection (LeaderElection.java:logAndReturn(56)) - 8bce6a00-3bba-419d-83ac-b35141b6b559@group-31C3DC938042-LeaderElection37: Election REJECTED; received 2 response(s) [8bce6a00-3bba-419d-83ac-b35141b6b559<-774c78e1-8dd4-453d-975e-442189a07fe2#0:FAIL-t10, 8bce6a00-3bba-419d-83ac-b35141b6b559<-7247ad7d-2ca2-4af8-9337-77c07ea89cb3#0:FAIL-t10] and 0 exception(s); 8bce6a00-3bba-419d-83ac-b35141b6b559@group-31C3DC938042:t10, leader=null, voted=8bce6a00-3bba-419d-83ac-b35141b6b559, raftlog=8bce6a00-3bba-419d-83ac-b35141b6b559@group-31C3DC938042-SegmentedRaftLog:OPENED:c-1,f-1,i0, conf=-1: [774c78e1-8dd4-453d-975e-442189a07fe2:192.168.157.242:38712, 7247ad7d-2ca2-4af8-9337-77c07ea89cb3:192.168.157.242:42362, 8bce6a00-3bba-419d-83ac-b35141b6b559:192.168.157.242:37801], old=null
2019-10-19 01:26:26,368 [8bce6a00-3bba-419d-83ac-b35141b6b559@group-31C3DC938042-LeaderElection37] INFO  impl.RaftServerImpl (RaftServerImpl.java:setRole(184)) - 8bce6a00-3bba-419d-83ac-b35141b6b559@group-31C3DC938042: changes role from CANDIDATE to FOLLOWER at term 10 for DISCOVERED_A_NEW_TERM
2019-10-19 01:26:26,368 [8bce6a00-3bba-419d-83ac-b35141b6b559@group-31C3DC938042-LeaderElection37] INFO  impl.RoleInfo (RoleInfo.java:shutdownLeaderElection(134)) - 8bce6a00-3bba-419d-83ac-b35141b6b559: shutdown LeaderElection
2019-10-19 01:26:26,369 [8bce6a00-3bba-419d-83ac-b35141b6b559@group-31C3DC938042-LeaderElection37] INFO  impl.RoleInfo (RoleInfo.java:updateAndGet(143)) - 8bce6a00-3bba-419d-83ac-b35141b6b559: start FollowerState
2019-10-19 01:26:26,486 [Thread-566] INFO  impl.FollowerState (FollowerState.java:run(108)) - 8bce6a00-3bba-419d-83ac-b35141b6b559@group-31C3DC938042-FollowerState: change to CANDIDATE, lastRpcTime:117ms, electionTimeout:117ms
2019-10-19 01:26:26,488 [Thread-566] INFO  impl.RoleInfo (RoleInfo.java:shutdownFollowerState(121)) - 8bce6a00-3bba-419d-83ac-b35141b6b559: shutdown FollowerState
2019-10-19 01:26:26,489 [Thread-566] INFO  impl.RaftServerImpl (RaftServerImpl.java:setRole(184)) - 8bce6a00-3bba-419d-83ac-b35141b6b559@group-31C3DC938042: changes role from  FOLLOWER to CANDIDATE at term 10 for changeToCandidate
2019-10-19 01:26:26,489 [Thread-566] INFO  impl.RoleInfo (RoleInfo.java:updateAndGet(143)) - 8bce6a00-3bba-419d-83ac-b35141b6b559: start LeaderElection
2019-10-19 01:26:26,513 [8bce6a00-3bba-419d-83ac-b35141b6b559@group-31C3DC938042-LeaderElection38] INFO  impl.LeaderElection (LeaderElection.java:askForVotes(178)) - 8bce6a00-3bba-419d-83ac-b35141b6b559@group-31C3DC938042-LeaderElection38: begin an election at term 11 for -1: [774c78e1-8dd4-453d-975e-442189a07fe2:192.168.157.242:38712, 7247ad7d-2ca2-4af8-9337-77c07ea89cb3:192.168.157.242:42362, 8bce6a00-3bba-419d-83ac-b35141b6b559:192.168.157.242:37801], old=null
2019-10-19 01:26:26,516 [grpc-default-executor-8] INFO  impl.RaftServerImpl (RaftServerImpl.java:setRole(184)) - 774c78e1-8dd4-453d-975e-442189a07fe2@group-31C3DC938042: changes role from  FOLLOWER to FOLLOWER at term 11 for recognizeCandidate:8bce6a00-3bba-419d-83ac-b35141b6b559
2019-10-19 01:26:26,516 [grpc-default-executor-8] INFO  impl.RoleInfo (RoleInfo.java:shutdownFollowerState(121)) - 774c78e1-8dd4-453d-975e-442189a07fe2: shutdown FollowerState
2019-10-19 01:26:26,516 [grpc-default-executor-8] INFO  impl.RoleInfo (RoleInfo.java:updateAndGet(143)) - 774c78e1-8dd4-453d-975e-442189a07fe2: start FollowerState
2019-10-19 01:26:26,516 [grpc-default-executor-6] INFO  impl.RaftServerImpl (RaftServerImpl.java:setRole(184)) - 7247ad7d-2ca2-4af8-9337-77c07ea89cb3@group-31C3DC938042: changes role from  FOLLOWER to FOLLOWER at term 11 for recognizeCandidate:8bce6a00-3bba-419d-83ac-b35141b6b559
2019-10-19 01:26:26,516 [Thread-565] INFO  impl.FollowerState (FollowerState.java:run(117)) - 774c78e1-8dd4-453d-975e-442189a07fe2@group-31C3DC938042-FollowerState was interrupted: java.lang.InterruptedException: sleep interrupted
2019-10-19 01:26:26,517 [grpc-default-executor-6] INFO  impl.RoleInfo (RoleInfo.java:shutdownFollowerState(121)) - 7247ad7d-2ca2-4af8-9337-77c07ea89cb3: shutdown FollowerState
2019-10-19 01:26:26,517 [grpc-default-executor-6] INFO  impl.RoleInfo (RoleInfo.java:updateAndGet(143)) - 7247ad7d-2ca2-4af8-9337-77c07ea89cb3: start FollowerState
2019-10-19 01:26:26,517 [Thread-564] INFO  impl.FollowerState (FollowerState.java:run(117)) - 7247ad7d-2ca2-4af8-9337-77c07ea89cb3@group-31C3DC938042-FollowerState was interrupted: java.lang.InterruptedException: sleep interrupted
2019-10-19 01:26:26,527 [8bce6a00-3bba-419d-83ac-b35141b6b559@group-31C3DC938042-LeaderElection38] INFO  impl.LeaderElection (LeaderElection.java:logAndReturn(56)) - 8bce6a00-3bba-419d-83ac-b35141b6b559@group-31C3DC938042-LeaderElection38: Election REJECTED; received 2 response(s) [8bce6a00-3bba-419d-83ac-b35141b6b559<-774c78e1-8dd4-453d-975e-442189a07fe2#0:FAIL-t11, 8bce6a00-3bba-419d-83ac-b35141b6b559<-7247ad7d-2ca2-4af8-9337-77c07ea89cb3#0:FAIL-t11] and 0 exception(s); 8bce6a00-3bba-419d-83ac-b35141b6b559@group-31C3DC938042:t11, leader=null, voted=8bce6a00-3bba-419d-83ac-b35141b6b559, raftlog=8bce6a00-3bba-419d-83ac-b35141b6b559@group-31C3DC938042-SegmentedRaftLog:OPENED:c-1,f-1,i0, conf=-1: [774c78e1-8dd4-453d-975e-442189a07fe2:192.168.157.242:38712, 7247ad7d-2ca2-4af8-9337-77c07ea89cb3:192.168.157.242:42362, 8bce6a00-3bba-419d-83ac-b35141b6b559:192.168.157.242:37801], old=null
2019-10-19 01:26:26,528 [8bce6a00-3bba-419d-83ac-b35141b6b559@group-31C3DC938042-LeaderElection38] INFO  impl.RaftServerImpl (RaftServerImpl.java:setRole(184)) - 8bce6a00-3bba-419d-83ac-b35141b6b559@group-31C3DC938042: changes role from CANDIDATE to FOLLOWER at term 11 for DISCOVERED_A_NEW_TERM
2019-10-19 01:26:26,528 [8bce6a00-3bba-419d-83ac-b35141b6b559@group-31C3DC938042-LeaderElection38] INFO  impl.RoleInfo (RoleInfo.java:shutdownLeaderElection(134)) - 8bce6a00-3bba-419d-83ac-b35141b6b559: shutdown LeaderElection
2019-10-19 01:26:26,528 [8bce6a00-3bba-419d-83ac-b35141b6b559@group-31C3DC938042-LeaderElection38] INFO  impl.RoleInfo (RoleInfo.java:updateAndGet(143)) - 8bce6a00-3bba-419d-83ac-b35141b6b559: start FollowerState
2019-10-19 01:26:26,554 [Thread-574] INFO  impl.FollowerState (FollowerState.java:run(108)) - 8bce6a00-3bba-419d-83ac-b35141b6b559@group-31C3DC938042-FollowerState: change to CANDIDATE, lastRpcTime:26ms, electionTimeout:26ms
2019-10-19 01:26:26,563 [Thread-574] INFO  impl.RoleInfo (RoleInfo.java:shutdownFollowerState(121)) - 8bce6a00-3bba-419d-83ac-b35141b6b559: shutdown FollowerState
2019-10-19 01:26:26,563 [Thread-574] INFO  impl.RaftServerImpl (RaftServerImpl.java:setRole(184)) - 8bce6a00-3bba-419d-83ac-b35141b6b559@group-31C3DC938042: changes role from  FOLLOWER to CANDIDATE at term 11 for changeToCandidate
2019-10-19 01:26:26,563 [Thread-574] INFO  impl.RoleInfo (RoleInfo.java:updateAndGet(143)) - 8bce6a00-3bba-419d-83ac-b35141b6b559: start LeaderElection
2019-10-19 01:26:26,594 [8bce6a00-3bba-419d-83ac-b35141b6b559@group-31C3DC938042-LeaderElection39] INFO  impl.LeaderElection (LeaderElection.java:askForVotes(178)) - 8bce6a00-3bba-419d-83ac-b35141b6b559@group-31C3DC938042-LeaderElection39: begin an election at term 12 for -1: [774c78e1-8dd4-453d-975e-442189a07fe2:192.168.157.242:38712, 7247ad7d-2ca2-4af8-9337-77c07ea89cb3:192.168.157.242:42362, 8bce6a00-3bba-419d-83ac-b35141b6b559:192.168.157.242:37801], old=null
2019-10-19 01:26:26,597 [grpc-default-executor-6] INFO  impl.RaftServerImpl (RaftServerImpl.java:setRole(184)) - 7247ad7d-2ca2-4af8-9337-77c07ea89cb3@group-31C3DC938042: changes role from  FOLLOWER to FOLLOWER at term 12 for recognizeCandidate:8bce6a00-3bba-419d-83ac-b35141b6b559
2019-10-19 01:26:26,597 [grpc-default-executor-8] INFO  impl.RaftServerImpl (RaftServerImpl.java:setRole(184)) - 774c78e1-8dd4-453d-975e-442189a07fe2@group-31C3DC938042: changes role from  FOLLOWER to FOLLOWER at term 12 for recognizeCandidate:8bce6a00-3bba-419d-83ac-b35141b6b559
2019-10-19 01:26:26,597 [grpc-default-executor-6] INFO  impl.RoleInfo (RoleInfo.java:shutdownFollowerState(121)) - 7247ad7d-2ca2-4af8-9337-77c07ea89cb3: shutdown FollowerState
2019-10-19 01:26:26,597 [grpc-default-executor-8] INFO  impl.RoleInfo (RoleInfo.java:shutdownFollowerState(121)) - 774c78e1-8dd4-453d-975e-442189a07fe2: shutdown FollowerState
2019-10-19 01:26:26,598 [Thread-573] INFO  impl.FollowerState (FollowerState.java:run(117)) - 7247ad7d-2ca2-4af8-9337-77c07ea89cb3@group-31C3DC938042-FollowerState was interrupted: java.lang.InterruptedException: sleep interrupted
2019-10-19 01:26:26,598 [grpc-default-executor-8] INFO  impl.RoleInfo (RoleInfo.java:updateAndGet(143)) - 774c78e1-8dd4-453d-975e-442189a07fe2: start FollowerState
2019-10-19 01:26:26,598 [grpc-default-executor-6] INFO  impl.RoleInfo (RoleInfo.java:updateAndGet(143)) - 7247ad7d-2ca2-4af8-9337-77c07ea89cb3: start FollowerState
2019-10-19 01:26:26,598 [Thread-572] INFO  impl.FollowerState (FollowerState.java:run(117)) - 774c78e1-8dd4-453d-975e-442189a07fe2@group-31C3DC938042-FollowerState was interrupted: java.lang.InterruptedException: sleep interrupted
2019-10-19 01:26:26,612 [8bce6a00-3bba-419d-83ac-b35141b6b559@group-31C3DC938042-LeaderElection39] INFO  impl.LeaderElection (LeaderElection.java:logAndReturn(56)) - 8bce6a00-3bba-419d-83ac-b35141b6b559@group-31C3DC938042-LeaderElection39: Election REJECTED; received 2 response(s) [8bce6a00-3bba-419d-83ac-b35141b6b559<-774c78e1-8dd4-453d-975e-442189a07fe2#0:FAIL-t12, 8bce6a00-3bba-419d-83ac-b35141b6b559<-7247ad7d-2ca2-4af8-9337-77c07ea89cb3#0:FAIL-t12] and 0 exception(s); 8bce6a00-3bba-419d-83ac-b35141b6b559@group-31C3DC938042:t12, leader=null, voted=8bce6a00-3bba-419d-83ac-b35141b6b559, raftlog=8bce6a00-3bba-419d-83ac-b35141b6b559@group-31C3DC938042-SegmentedRaftLog:OPENED:c-1,f-1,i0, conf=-1: [774c78e1-8dd4-453d-975e-442189a07fe2:192.168.157.242:38712, 7247ad7d-2ca2-4af8-9337-77c07ea89cb3:192.168.157.242:42362, 8bce6a00-3bba-419d-83ac-b35141b6b559:192.168.157.242:37801], old=null
2019-10-19 01:26:26,612 [8bce6a00-3bba-419d-83ac-b35141b6b559@group-31C3DC938042-LeaderElection39] INFO  impl.RaftServerImpl (RaftServerImpl.java:setRole(184)) - 8bce6a00-3bba-419d-83ac-b35141b6b559@group-31C3DC938042: changes role from CANDIDATE to FOLLOWER at term 12 for DISCOVERED_A_NEW_TERM
2019-10-19 01:26:26,612 [8bce6a00-3bba-419d-83ac-b35141b6b559@group-31C3DC938042-LeaderElection39] INFO  impl.RoleInfo (RoleInfo.java:shutdownLeaderElection(134)) - 8bce6a00-3bba-419d-83ac-b35141b6b559: shutdown LeaderElection
2019-10-19 01:26:26,612 [8bce6a00-3bba-419d-83ac-b35141b6b559@group-31C3DC938042-LeaderElection39] INFO  impl.RoleInfo (RoleInfo.java:updateAndGet(143)) - 8bce6a00-3bba-419d-83ac-b35141b6b559: start FollowerState
2019-10-19 01:26:26,729 [Thread-582] INFO  impl.FollowerState (FollowerState.java:run(108)) - 8bce6a00-3bba-419d-83ac-b35141b6b559@group-31C3DC938042-FollowerState: change to CANDIDATE, lastRpcTime:116ms, electionTimeout:116ms
2019-10-19 01:26:26,729 [Thread-582] INFO  impl.RoleInfo (RoleInfo.java:shutdownFollowerState(121)) - 8bce6a00-3bba-419d-83ac-b35141b6b559: shutdown FollowerState
2019-10-19 01:26:26,729 [Thread-582] INFO  impl.RaftServerImpl (RaftServerImpl.java:setRole(184)) - 8bce6a00-3bba-419d-83ac-b35141b6b559@group-31C3DC938042: changes role from  FOLLOWER to CANDIDATE at term 12 for changeToCandidate
2019-10-19 01:26:26,729 [Thread-582] INFO  impl.RoleInfo (RoleInfo.java:updateAndGet(143)) - 8bce6a00-3bba-419d-83ac-b35141b6b559: start LeaderElection
2019-10-19 01:26:26,738 [8bce6a00-3bba-419d-83ac-b35141b6b559@group-31C3DC938042-LeaderElection40] INFO  impl.LeaderElection (LeaderElection.java:askForVotes(178)) - 8bce6a00-3bba-419d-83ac-b35141b6b559@group-31C3DC938042-LeaderElection40: begin an election at term 13 for -1: [774c78e1-8dd4-453d-975e-442189a07fe2:192.168.157.242:38712, 7247ad7d-2ca2-4af8-9337-77c07ea89cb3:192.168.157.242:42362, 8bce6a00-3bba-419d-83ac-b35141b6b559:192.168.157.242:37801], old=null
2019-10-19 01:26:26,740 [grpc-default-executor-8] INFO  impl.RaftServerImpl (RaftServerImpl.java:setRole(184)) - 774c78e1-8dd4-453d-975e-442189a07fe2@group-31C3DC938042: changes role from  FOLLOWER to FOLLOWER at term 13 for recognizeCandidate:8bce6a00-3bba-419d-83ac-b35141b6b559
2019-10-19 01:26:26,741 [grpc-default-executor-8] INFO  impl.RoleInfo (RoleInfo.java:shutdownFollowerState(121)) - 774c78e1-8dd4-453d-975e-442189a07fe2: shutdown FollowerState
2019-10-19 01:26:26,741 [grpc-default-executor-6] INFO  impl.RaftServerImpl (RaftServerImpl.java:setRole(184)) - 7247ad7d-2ca2-4af8-9337-77c07ea89cb3@group-31C3DC938042: changes role from  FOLLOWER to FOLLOWER at term 13 for recognizeCandidate:8bce6a00-3bba-419d-83ac-b35141b6b559
2019-10-19 01:26:26,741 [Thread-581] INFO  impl.FollowerState (FollowerState.java:run(117)) - 774c78e1-8dd4-453d-975e-442189a07fe2@group-31C3DC938042-FollowerState was interrupted: java.lang.InterruptedException: sleep interrupted
2019-10-19 01:26:26,741 [grpc-default-executor-8] INFO  impl.RoleInfo (RoleInfo.java:updateAndGet(143)) - 774c78e1-8dd4-453d-975e-442189a07fe2: start FollowerState
2019-10-19 01:26:26,741 [grpc-default-executor-6] INFO  impl.RoleInfo (RoleInfo.java:shutdownFollowerState(121)) - 7247ad7d-2ca2-4af8-9337-77c07ea89cb3: shutdown FollowerState
2019-10-19 01:26:26,742 [grpc-default-executor-6] INFO  impl.RoleInfo (RoleInfo.java:updateAndGet(143)) - 7247ad7d-2ca2-4af8-9337-77c07ea89cb3: start FollowerState
2019-10-19 01:26:26,742 [Thread-580] INFO  impl.FollowerState (FollowerState.java:run(117)) - 7247ad7d-2ca2-4af8-9337-77c07ea89cb3@group-31C3DC938042-FollowerState was interrupted: java.lang.InterruptedException: sleep interrupted
2019-10-19 01:26:26,777 [8bce6a00-3bba-419d-83ac-b35141b6b559@group-31C3DC938042-LeaderElection40] INFO  impl.LeaderElection (LeaderElection.java:logAndReturn(56)) - 8bce6a00-3bba-419d-83ac-b35141b6b559@group-31C3DC938042-LeaderElection40: Election REJECTED; received 2 response(s) [8bce6a00-3bba-419d-83ac-b35141b6b559<-774c78e1-8dd4-453d-975e-442189a07fe2#0:FAIL-t13, 8bce6a00-3bba-419d-83ac-b35141b6b559<-7247ad7d-2ca2-4af8-9337-77c07ea89cb3#0:FAIL-t13] and 0 exception(s); 8bce6a00-3bba-419d-83ac-b35141b6b559@group-31C3DC938042:t13, leader=null, voted=8bce6a00-3bba-419d-83ac-b35141b6b559, raftlog=8bce6a00-3bba-419d-83ac-b35141b6b559@group-31C3DC938042-SegmentedRaftLog:OPENED:c-1,f-1,i0, conf=-1: [774c78e1-8dd4-453d-975e-442189a07fe2:192.168.157.242:38712, 7247ad7d-2ca2-4af8-9337-77c07ea89cb3:192.168.157.242:42362, 8bce6a00-3bba-419d-83ac-b35141b6b559:192.168.157.242:37801], old=null
2019-10-19 01:26:26,777 [8bce6a00-3bba-419d-83ac-b35141b6b559@group-31C3DC938042-LeaderElection40] INFO  impl.RaftServerImpl (RaftServerImpl.java:setRole(184)) - 8bce6a00-3bba-419d-83ac-b35141b6b559@group-31C3DC938042: changes role from CANDIDATE to FOLLOWER at term 13 for DISCOVERED_A_NEW_TERM
2019-10-19 01:26:26,777 [8bce6a00-3bba-419d-83ac-b35141b6b559@group-31C3DC938042-LeaderElection40] INFO  impl.RoleInfo (RoleInfo.java:shutdownLeaderElection(134)) - 8bce6a00-3bba-419d-83ac-b35141b6b559: shutdown LeaderElection
2019-10-19 01:26:26,777 [8bce6a00-3bba-419d-83ac-b35141b6b559@group-31C3DC938042-LeaderElection40] INFO  impl.RoleInfo (RoleInfo.java:updateAndGet(143)) - 8bce6a00-3bba-419d-83ac-b35141b6b559: start FollowerState
2019-10-19 01:26:26,953 [Thread-588] INFO  impl.FollowerState (FollowerState.java:run(108)) - 8bce6a00-3bba-419d-83ac-b35141b6b559@group-31C3DC938042-FollowerState: change to CANDIDATE, lastRpcTime:176ms, electionTimeout:176ms
2019-10-19 01:26:26,954 [Thread-588] INFO  impl.RoleInfo (RoleInfo.java:shutdownFollowerState(121)) - 8bce6a00-3bba-419d-83ac-b35141b6b559: shutdown FollowerState
2019-10-19 01:26:26,954 [Thread-588] INFO  impl.RaftServerImpl (RaftServerImpl.java:setRole(184)) - 8bce6a00-3bba-419d-83ac-b35141b6b559@group-31C3DC938042: changes role from  FOLLOWER to CANDIDATE at term 13 for changeToCandidate
2019-10-19 01:26:26,954 [Thread-588] INFO  impl.RoleInfo (RoleInfo.java:updateAndGet(143)) - 8bce6a00-3bba-419d-83ac-b35141b6b559: start LeaderElection
2019-10-19 01:26:26,990 [8bce6a00-3bba-419d-83ac-b35141b6b559@group-31C3DC938042-LeaderElection41] INFO  impl.LeaderElection (LeaderElection.java:askForVotes(178)) - 8bce6a00-3bba-419d-83ac-b35141b6b559@group-31C3DC938042-LeaderElection41: begin an election at term 14 for -1: [774c78e1-8dd4-453d-975e-442189a07fe2:192.168.157.242:38712, 7247ad7d-2ca2-4af8-9337-77c07ea89cb3:192.168.157.242:42362, 8bce6a00-3bba-419d-83ac-b35141b6b559:192.168.157.242:37801], old=null
2019-10-19 01:26:26,993 [grpc-default-executor-6] INFO  impl.RaftServerImpl (RaftServerImpl.java:setRole(184)) - 7247ad7d-2ca2-4af8-9337-77c07ea89cb3@group-31C3DC938042: changes role from  FOLLOWER to FOLLOWER at term 14 for recognizeCandidate:8bce6a00-3bba-419d-83ac-b35141b6b559
2019-10-19 01:26:26,993 [grpc-default-executor-8] INFO  impl.RaftServerImpl (RaftServerImpl.java:setRole(184)) - 774c78e1-8dd4-453d-975e-442189a07fe2@group-31C3DC938042: changes role from  FOLLOWER to FOLLOWER at term 14 for recognizeCandidate:8bce6a00-3bba-419d-83ac-b35141b6b559
2019-10-19 01:26:26,994 [grpc-default-executor-6] INFO  impl.RoleInfo (RoleInfo.java:shutdownFollowerState(121)) - 7247ad7d-2ca2-4af8-9337-77c07ea89cb3: shutdown FollowerState
2019-10-19 01:26:26,994 [grpc-default-executor-8] INFO  impl.RoleInfo (RoleInfo.java:shutdownFollowerState(121)) - 774c78e1-8dd4-453d-975e-442189a07fe2: shutdown FollowerState
2019-10-19 01:26:26,994 [grpc-default-executor-6] INFO  impl.RoleInfo (RoleInfo.java:updateAndGet(143)) - 7247ad7d-2ca2-4af8-9337-77c07ea89cb3: start FollowerState
2019-10-19 01:26:26,994 [Thread-587] INFO  impl.FollowerState (FollowerState.java:run(117)) - 7247ad7d-2ca2-4af8-9337-77c07ea89cb3@group-31C3DC938042-FollowerState was interrupted: java.lang.InterruptedException: sleep interrupted
2019-10-19 01:26:26,994 [Thread-586] INFO  impl.FollowerState (FollowerState.java:run(117)) - 774c78e1-8dd4-453d-975e-442189a07fe2@group-31C3DC938042-FollowerState was interrupted: java.lang.InterruptedException: sleep interrupted
2019-10-19 01:26:26,994 [grpc-default-executor-8] INFO  impl.RoleInfo (RoleInfo.java:updateAndGet(143)) - 774c78e1-8dd4-453d-975e-442189a07fe2: start FollowerState
2019-10-19 01:26:27,008 [8bce6a00-3bba-419d-83ac-b35141b6b559@group-31C3DC938042-LeaderElection41] INFO  impl.LeaderElection (LeaderElection.java:logAndReturn(56)) - 8bce6a00-3bba-419d-83ac-b35141b6b559@group-31C3DC938042-LeaderElection41: Election REJECTED; received 2 response(s) [8bce6a00-3bba-419d-83ac-b35141b6b559<-774c78e1-8dd4-453d-975e-442189a07fe2#0:FAIL-t14, 8bce6a00-3bba-419d-83ac-b35141b6b559<-7247ad7d-2ca2-4af8-9337-77c07ea89cb3#0:FAIL-t14] and 0 exception(s); 8bce6a00-3bba-419d-83ac-b35141b6b559@group-31C3DC938042:t14, leader=null, voted=8bce6a00-3bba-419d-83ac-b35141b6b559, raftlog=8bce6a00-3bba-419d-83ac-b35141b6b559@group-31C3DC938042-SegmentedRaftLog:OPENED:c-1,f-1,i0, conf=-1: [774c78e1-8dd4-453d-975e-442189a07fe2:192.168.157.242:38712, 7247ad7d-2ca2-4af8-9337-77c07ea89cb3:192.168.157.242:42362, 8bce6a00-3bba-419d-83ac-b35141b6b559:192.168.157.242:37801], old=null
2019-10-19 01:26:27,008 [8bce6a00-3bba-419d-83ac-b35141b6b559@group-31C3DC938042-LeaderElection41] INFO  impl.RaftServerImpl (RaftServerImpl.java:setRole(184)) - 8bce6a00-3bba-419d-83ac-b35141b6b559@group-31C3DC938042: changes role from CANDIDATE to FOLLOWER at term 14 for DISCOVERED_A_NEW_TERM
2019-10-19 01:26:27,009 [8bce6a00-3bba-419d-83ac-b35141b6b559@group-31C3DC938042-LeaderElection41] INFO  impl.RoleInfo (RoleInfo.java:shutdownLeaderElection(134)) - 8bce6a00-3bba-419d-83ac-b35141b6b559: shutdown LeaderElection
2019-10-19 01:26:27,009 [8bce6a00-3bba-419d-83ac-b35141b6b559@group-31C3DC938042-LeaderElection41] INFO  impl.RoleInfo (RoleInfo.java:updateAndGet(143)) - 8bce6a00-3bba-419d-83ac-b35141b6b559: start FollowerState
2019-10-19 01:26:27,195 [Thread-595] INFO  impl.FollowerState (FollowerState.java:run(108)) - 8bce6a00-3bba-419d-83ac-b35141b6b559@group-31C3DC938042-FollowerState: change to CANDIDATE, lastRpcTime:186ms, electionTimeout:186ms
2019-10-19 01:26:27,195 [Thread-595] INFO  impl.RoleInfo (RoleInfo.java:shutdownFollowerState(121)) - 8bce6a00-3bba-419d-83ac-b35141b6b559: shutdown FollowerState
2019-10-19 01:26:27,195 [Thread-595] INFO  impl.RaftServerImpl (RaftServerImpl.java:setRole(184)) - 8bce6a00-3bba-419d-83ac-b35141b6b559@group-31C3DC938042: changes role from  FOLLOWER to CANDIDATE at term 14 for changeToCandidate
2019-10-19 01:26:27,196 [Thread-595] INFO  impl.RoleInfo (RoleInfo.java:updateAndGet(143)) - 8bce6a00-3bba-419d-83ac-b35141b6b559: start LeaderElection
2019-10-19 01:26:27,205 [8bce6a00-3bba-419d-83ac-b35141b6b559@group-31C3DC938042-LeaderElection42] INFO  impl.LeaderElection (LeaderElection.java:askForVotes(178)) - 8bce6a00-3bba-419d-83ac-b35141b6b559@group-31C3DC938042-LeaderElection42: begin an election at term 15 for -1: [774c78e1-8dd4-453d-975e-442189a07fe2:192.168.157.242:38712, 7247ad7d-2ca2-4af8-9337-77c07ea89cb3:192.168.157.242:42362, 8bce6a00-3bba-419d-83ac-b35141b6b559:192.168.157.242:37801], old=null
2019-10-19 01:26:27,208 [grpc-default-executor-6] INFO  impl.RaftServerImpl (RaftServerImpl.java:setRole(184)) - 774c78e1-8dd4-453d-975e-442189a07fe2@group-31C3DC938042: changes role from  FOLLOWER to FOLLOWER at term 15 for recognizeCandidate:8bce6a00-3bba-419d-83ac-b35141b6b559
2019-10-19 01:26:27,208 [grpc-default-executor-6] INFO  impl.RoleInfo (RoleInfo.java:shutdownFollowerState(121)) - 774c78e1-8dd4-453d-975e-442189a07fe2: shutdown FollowerState
2019-10-19 01:26:27,208 [grpc-default-executor-6] INFO  impl.RoleInfo (RoleInfo.java:updateAndGet(143)) - 774c78e1-8dd4-453d-975e-442189a07fe2: start FollowerState
2019-10-19 01:26:27,208 [grpc-default-executor-8] INFO  impl.RaftServerImpl (RaftServerImpl.java:setRole(184)) - 7247ad7d-2ca2-4af8-9337-77c07ea89cb3@group-31C3DC938042: changes role from  FOLLOWER to FOLLOWER at term 15 for recognizeCandidate:8bce6a00-3bba-419d-83ac-b35141b6b559
2019-10-19 01:26:27,208 [Thread-594] INFO  impl.FollowerState (FollowerState.java:run(117)) - 774c78e1-8dd4-453d-975e-442189a07fe2@group-31C3DC938042-FollowerState was interrupted: java.lang.InterruptedException: sleep interrupted
2019-10-19 01:26:27,209 [grpc-default-executor-8] INFO  impl.RoleInfo (RoleInfo.java:shutdownFollowerState(121)) - 7247ad7d-2ca2-4af8-9337-77c07ea89cb3: shutdown FollowerState
2019-10-19 01:26:27,209 [Thread-593] INFO  impl.FollowerState (FollowerState.java:run(117)) - 7247ad7d-2ca2-4af8-9337-77c07ea89cb3@group-31C3DC938042-FollowerState was interrupted: java.lang.InterruptedException: sleep interrupted
2019-10-19 01:26:27,209 [grpc-default-executor-8] INFO  impl.RoleInfo (RoleInfo.java:updateAndGet(143)) - 7247ad7d-2ca2-4af8-9337-77c07ea89cb3: start FollowerState
2019-10-19 01:26:27,219 [8bce6a00-3bba-419d-83ac-b35141b6b559@group-31C3DC938042-LeaderElection42] INFO  impl.LeaderElection (LeaderElection.java:logAndReturn(56)) - 8bce6a00-3bba-419d-83ac-b35141b6b559@group-31C3DC938042-LeaderElection42: Election REJECTED; received 2 response(s) [8bce6a00-3bba-419d-83ac-b35141b6b559<-774c78e1-8dd4-453d-975e-442189a07fe2#0:FAIL-t15, 8bce6a00-3bba-419d-83ac-b35141b6b559<-7247ad7d-2ca2-4af8-9337-77c07ea89cb3#0:FAIL-t15] and 0 exception(s); 8bce6a00-3bba-419d-83ac-b35141b6b559@group-31C3DC938042:t15, leader=null, voted=8bce6a00-3bba-419d-83ac-b35141b6b559, raftlog=8bce6a00-3bba-419d-83ac-b35141b6b559@group-31C3DC938042-SegmentedRaftLog:OPENED:c-1,f-1,i0, conf=-1: [774c78e1-8dd4-453d-975e-442189a07fe2:192.168.157.242:38712, 7247ad7d-2ca2-4af8-9337-77c07ea89cb3:192.168.157.242:42362, 8bce6a00-3bba-419d-83ac-b35141b6b559:192.168.157.242:37801], old=null
2019-10-19 01:26:27,219 [8bce6a00-3bba-419d-83ac-b35141b6b559@group-31C3DC938042-LeaderElection42] INFO  impl.RaftServerImpl (RaftServerImpl.java:setRole(184)) - 8bce6a00-3bba-419d-83ac-b35141b6b559@group-31C3DC938042: changes role from CANDIDATE to FOLLOWER at term 15 for DISCOVERED_A_NEW_TERM
2019-10-19 01:26:27,219 [8bce6a00-3bba-419d-83ac-b35141b6b559@group-31C3DC938042-LeaderElection42] INFO  impl.RoleInfo (RoleInfo.java:shutdownLeaderElection(134)) - 8bce6a00-3bba-419d-83ac-b35141b6b559: shutdown LeaderElection
2019-10-19 01:26:27,219 [8bce6a00-3bba-419d-83ac-b35141b6b559@group-31C3DC938042-LeaderElection42] INFO  impl.RoleInfo (RoleInfo.java:updateAndGet(143)) - 8bce6a00-3bba-419d-83ac-b35141b6b559: start FollowerState
2019-10-19 01:26:27,328 [Thread-604] INFO  impl.FollowerState (FollowerState.java:run(108)) - 8bce6a00-3bba-419d-83ac-b35141b6b559@group-31C3DC938042-FollowerState: change to CANDIDATE, lastRpcTime:109ms, electionTimeout:109ms
2019-10-19 01:26:27,329 [Thread-604] INFO  impl.RoleInfo (RoleInfo.java:shutdownFollowerState(121)) - 8bce6a00-3bba-419d-83ac-b35141b6b559: shutdown FollowerState
2019-10-19 01:26:27,329 [Thread-604] INFO  impl.RaftServerImpl (RaftServerImpl.java:setRole(184)) - 8bce6a00-3bba-419d-83ac-b35141b6b559@group-31C3DC938042: changes role from  FOLLOWER to CANDIDATE at term 15 for changeToCandidate
2019-10-19 01:26:27,329 [Thread-604] INFO  impl.RoleInfo (RoleInfo.java:updateAndGet(143)) - 8bce6a00-3bba-419d-83ac-b35141b6b559: start LeaderElection
2019-10-19 01:26:27,362 [8bce6a00-3bba-419d-83ac-b35141b6b559@group-31C3DC938042-LeaderElection43] INFO  impl.LeaderElection (LeaderElection.java:askForVotes(178)) - 8bce6a00-3bba-419d-83ac-b35141b6b559@group-31C3DC938042-LeaderElection43: begin an election at term 16 for -1: [774c78e1-8dd4-453d-975e-442189a07fe2:192.168.157.242:38712, 7247ad7d-2ca2-4af8-9337-77c07ea89cb3:192.168.157.242:42362, 8bce6a00-3bba-419d-83ac-b35141b6b559:192.168.157.242:37801], old=null
2019-10-19 01:26:27,365 [grpc-default-executor-8] INFO  impl.RaftServerImpl (RaftServerImpl.java:setRole(184)) - 774c78e1-8dd4-453d-975e-442189a07fe2@group-31C3DC938042: changes role from  FOLLOWER to FOLLOWER at term 16 for recognizeCandidate:8bce6a00-3bba-419d-83ac-b35141b6b559
2019-10-19 01:26:27,365 [grpc-default-executor-8] INFO  impl.RoleInfo (RoleInfo.java:shutdownFollowerState(121)) - 774c78e1-8dd4-453d-975e-442189a07fe2: shutdown FollowerState
2019-10-19 01:26:27,365 [Thread-602] INFO  impl.FollowerState (FollowerState.java:run(117)) - 774c78e1-8dd4-453d-975e-442189a07fe2@group-31C3DC938042-FollowerState was interrupted: java.lang.InterruptedException: sleep interrupted
2019-10-19 01:26:27,365 [grpc-default-executor-6] INFO  impl.RaftServerImpl (RaftServerImpl.java:setRole(184)) - 7247ad7d-2ca2-4af8-9337-77c07ea89cb3@group-31C3DC938042: changes role from  FOLLOWER to FOLLOWER at term 16 for recognizeCandidate:8bce6a00-3bba-419d-83ac-b35141b6b559
2019-10-19 01:26:27,365 [grpc-default-executor-8] INFO  impl.RoleInfo (RoleInfo.java:updateAndGet(143)) - 774c78e1-8dd4-453d-975e-442189a07fe2: start FollowerState
2019-10-19 01:26:27,365 [grpc-default-executor-6] INFO  impl.RoleInfo (RoleInfo.java:shutdownFollowerState(121)) - 7247ad7d-2ca2-4af8-9337-77c07ea89cb3: shutdown FollowerState
2019-10-19 01:26:27,366 [grpc-default-executor-6] INFO  impl.RoleInfo (RoleInfo.java:updateAndGet(143)) - 7247ad7d-2ca2-4af8-9337-77c07ea89cb3: start FollowerState
2019-10-19 01:26:27,366 [Thread-603] INFO  impl.FollowerState (FollowerState.java:run(117)) - 7247ad7d-2ca2-4af8-9337-77c07ea89cb3@group-31C3DC938042-FollowerState was interrupted: java.lang.InterruptedException: sleep interrupted
2019-10-19 01:26:27,379 [8bce6a00-3bba-419d-83ac-b35141b6b559@group-31C3DC938042-LeaderElection43] INFO  impl.LeaderElection (LeaderElection.java:logAndReturn(56)) - 8bce6a00-3bba-419d-83ac-b35141b6b559@group-31C3DC938042-LeaderElection43: Election REJECTED; received 2 response(s) [8bce6a00-3bba-419d-83ac-b35141b6b559<-774c78e1-8dd4-453d-975e-442189a07fe2#0:FAIL-t16, 8bce6a00-3bba-419d-83ac-b35141b6b559<-7247ad7d-2ca2-4af8-9337-77c07ea89cb3#0:FAIL-t16] and 0 exception(s); 8bce6a00-3bba-419d-83ac-b35141b6b559@group-31C3DC938042:t16, leader=null, voted=8bce6a00-3bba-419d-83ac-b35141b6b559, raftlog=8bce6a00-3bba-419d-83ac-b35141b6b559@group-31C3DC938042-SegmentedRaftLog:OPENED:c-1,f-1,i0, conf=-1: [774c78e1-8dd4-453d-975e-442189a07fe2:192.168.157.242:38712, 7247ad7d-2ca2-4af8-9337-77c07ea89cb3:192.168.157.242:42362, 8bce6a00-3bba-419d-83ac-b35141b6b559:192.168.157.242:37801], old=null
2019-10-19 01:26:27,379 [8bce6a00-3bba-419d-83ac-b35141b6b559@group-31C3DC938042-LeaderElection43] INFO  impl.RaftServerImpl (RaftServerImpl.java:setRole(184)) - 8bce6a00-3bba-419d-83ac-b35141b6b559@group-31C3DC938042: changes role from CANDIDATE to FOLLOWER at term 16 for DISCOVERED_A_NEW_TERM
2019-10-19 01:26:27,379 [8bce6a00-3bba-419d-83ac-b35141b6b559@group-31C3DC938042-LeaderElection43] INFO  impl.RoleInfo (RoleInfo.java:shutdownLeaderElection(134)) - 8bce6a00-3bba-419d-83ac-b35141b6b559: shutdown LeaderElection
2019-10-19 01:26:27,379 [8bce6a00-3bba-419d-83ac-b35141b6b559@group-31C3DC938042-LeaderElection43] INFO  impl.RoleInfo (RoleInfo.java:updateAndGet(143)) - 8bce6a00-3bba-419d-83ac-b35141b6b559: start FollowerState
2019-10-19 01:26:27,559 [Thread-612] INFO  impl.FollowerState (FollowerState.java:run(108)) - 8bce6a00-3bba-419d-83ac-b35141b6b559@group-31C3DC938042-FollowerState: change to CANDIDATE, lastRpcTime:179ms, electionTimeout:179ms
2019-10-19 01:26:27,559 [Thread-612] INFO  impl.RoleInfo (RoleInfo.java:shutdownFollowerState(121)) - 8bce6a00-3bba-419d-83ac-b35141b6b559: shutdown FollowerState
2019-10-19 01:26:27,559 [Thread-612] INFO  impl.RaftServerImpl (RaftServerImpl.java:setRole(184)) - 8bce6a00-3bba-419d-83ac-b35141b6b559@group-31C3DC938042: changes role from  FOLLOWER to CANDIDATE at term 16 for changeToCandidate
2019-10-19 01:26:27,559 [Thread-612] INFO  impl.RoleInfo (RoleInfo.java:updateAndGet(143)) - 8bce6a00-3bba-419d-83ac-b35141b6b559: start LeaderElection
2019-10-19 01:26:27,572 [8bce6a00-3bba-419d-83ac-b35141b6b559@group-31C3DC938042-LeaderElection44] INFO  impl.LeaderElection (LeaderElection.java:askForVotes(178)) - 8bce6a00-3bba-419d-83ac-b35141b6b559@group-31C3DC938042-LeaderElection44: begin an election at term 17 for -1: [774c78e1-8dd4-453d-975e-442189a07fe2:192.168.157.242:38712, 7247ad7d-2ca2-4af8-9337-77c07ea89cb3:192.168.157.242:42362, 8bce6a00-3bba-419d-83ac-b35141b6b559:192.168.157.242:37801], old=null
2019-10-19 01:26:27,575 [grpc-default-executor-6] INFO  impl.RaftServerImpl (RaftServerImpl.java:setRole(184)) - 774c78e1-8dd4-453d-975e-442189a07fe2@group-31C3DC938042: changes role from  FOLLOWER to FOLLOWER at term 17 for recognizeCandidate:8bce6a00-3bba-419d-83ac-b35141b6b559
2019-10-19 01:26:27,575 [grpc-default-executor-6] INFO  impl.RoleInfo (RoleInfo.java:shutdownFollowerState(121)) - 774c78e1-8dd4-453d-975e-442189a07fe2: shutdown FollowerState
2019-10-19 01:26:27,575 [grpc-default-executor-6] INFO  impl.RoleInfo (RoleInfo.java:updateAndGet(143)) - 774c78e1-8dd4-453d-975e-442189a07fe2: start FollowerState
2019-10-19 01:26:27,575 [Thread-610] INFO  impl.FollowerState (FollowerState.java:run(117)) - 774c78e1-8dd4-453d-975e-442189a07fe2@group-31C3DC938042-FollowerState was interrupted: java.lang.InterruptedException: sleep interrupted
2019-10-19 01:26:27,575 [grpc-default-executor-8] INFO  impl.RaftServerImpl (RaftServerImpl.java:setRole(184)) - 7247ad7d-2ca2-4af8-9337-77c07ea89cb3@group-31C3DC938042: changes role from  FOLLOWER to FOLLOWER at term 17 for recognizeCandidate:8bce6a00-3bba-419d-83ac-b35141b6b559
2019-10-19 01:26:27,575 [grpc-default-executor-8] INFO  impl.RoleInfo (RoleInfo.java:shutdownFollowerState(121)) - 7247ad7d-2ca2-4af8-9337-77c07ea89cb3: shutdown FollowerState
2019-10-19 01:26:27,576 [Thread-611] INFO  impl.FollowerState (FollowerState.java:run(117)) - 7247ad7d-2ca2-4af8-9337-77c07ea89cb3@group-31C3DC938042-FollowerState was interrupted: java.lang.InterruptedException: sleep interrupted
2019-10-19 01:26:27,576 [grpc-default-executor-8] INFO  impl.RoleInfo (RoleInfo.java:updateAndGet(143)) - 7247ad7d-2ca2-4af8-9337-77c07ea89cb3: start FollowerState
2019-10-19 01:26:27,592 [8bce6a00-3bba-419d-83ac-b35141b6b559@group-31C3DC938042-LeaderElection44] INFO  impl.LeaderElection (LeaderElection.java:logAndReturn(56)) - 8bce6a00-3bba-419d-83ac-b35141b6b559@group-31C3DC938042-LeaderElection44: Election REJECTED; received 2 response(s) [8bce6a00-3bba-419d-83ac-b35141b6b559<-774c78e1-8dd4-453d-975e-442189a07fe2#0:FAIL-t17, 8bce6a00-3bba-419d-83ac-b35141b6b559<-7247ad7d-2ca2-4af8-9337-77c07ea89cb3#0:FAIL-t17] and 0 exception(s); 8bce6a00-3bba-419d-83ac-b35141b6b559@group-31C3DC938042:t17, leader=null, voted=8bce6a00-3bba-419d-83ac-b35141b6b559, raftlog=8bce6a00-3bba-419d-83ac-b35141b6b559@group-31C3DC938042-SegmentedRaftLog:OPENED:c-1,f-1,i0, conf=-1: [774c78e1-8dd4-453d-975e-442189a07fe2:192.168.157.242:38712, 7247ad7d-2ca2-4af8-9337-77c07ea89cb3:192.168.157.242:42362, 8bce6a00-3bba-419d-83ac-b35141b6b559:192.168.157.242:37801], old=null
2019-10-19 01:26:27,592 [8bce6a00-3bba-419d-83ac-b35141b6b559@group-31C3DC938042-LeaderElection44] INFO  impl.RaftServerImpl (RaftServerImpl.java:setRole(184)) - 8bce6a00-3bba-419d-83ac-b35141b6b559@group-31C3DC938042: changes role from CANDIDATE to FOLLOWER at term 17 for DISCOVERED_A_NEW_TERM
2019-10-19 01:26:27,593 [8bce6a00-3bba-419d-83ac-b35141b6b559@group-31C3DC938042-LeaderElection44] INFO  impl.RoleInfo (RoleInfo.java:shutdownLeaderElection(134)) - 8bce6a00-3bba-419d-83ac-b35141b6b559: shutdown LeaderElection
2019-10-19 01:26:27,593 [8bce6a00-3bba-419d-83ac-b35141b6b559@group-31C3DC938042-LeaderElection44] INFO  impl.RoleInfo (RoleInfo.java:updateAndGet(143)) - 8bce6a00-3bba-419d-83ac-b35141b6b559: start FollowerState
2019-10-19 01:26:27,749 [Thread-622] INFO  impl.FollowerState (FollowerState.java:run(108)) - 8bce6a00-3bba-419d-83ac-b35141b6b559@group-31C3DC938042-FollowerState: change to CANDIDATE, lastRpcTime:156ms, electionTimeout:156ms
2019-10-19 01:26:27,749 [Thread-622] INFO  impl.RoleInfo (RoleInfo.java:shutdownFollowerState(121)) - 8bce6a00-3bba-419d-83ac-b35141b6b559: shutdown FollowerState
2019-10-19 01:26:27,749 [Thread-622] INFO  impl.RaftServerImpl (RaftServerImpl.java:setRole(184)) - 8bce6a00-3bba-419d-83ac-b35141b6b559@group-31C3DC938042: changes role from  FOLLOWER to CANDIDATE at term 17 for changeToCandidate
2019-10-19 01:26:27,749 [Thread-622] INFO  impl.RoleInfo (RoleInfo.java:updateAndGet(143)) - 8bce6a00-3bba-419d-83ac-b35141b6b559: start LeaderElection
2019-10-19 01:26:27,826 [8bce6a00-3bba-419d-83ac-b35141b6b559@group-31C3DC938042-LeaderElection45] INFO  impl.LeaderElection (LeaderElection.java:askForVotes(178)) - 8bce6a00-3bba-419d-83ac-b35141b6b559@group-31C3DC938042-LeaderElection45: begin an election at term 18 for -1: [774c78e1-8dd4-453d-975e-442189a07fe2:192.168.157.242:38712, 7247ad7d-2ca2-4af8-9337-77c07ea89cb3:192.168.157.242:42362, 8bce6a00-3bba-419d-83ac-b35141b6b559:192.168.157.242:37801], old=null
2019-10-19 01:26:27,829 [grpc-default-executor-6] INFO  impl.RaftServerImpl (RaftServerImpl.java:setRole(184)) - 7247ad7d-2ca2-4af8-9337-77c07ea89cb3@group-31C3DC938042: changes role from  FOLLOWER to FOLLOWER at term 18 for recognizeCandidate:8bce6a00-3bba-419d-83ac-b35141b6b559
2019-10-19 01:26:27,829 [grpc-default-executor-8] INFO  impl.RaftServerImpl (RaftServerImpl.java:setRole(184)) - 774c78e1-8dd4-453d-975e-442189a07fe2@group-31C3DC938042: changes role from  FOLLOWER to FOLLOWER at term 18 for recognizeCandidate:8bce6a00-3bba-419d-83ac-b35141b6b559
2019-10-19 01:26:27,829 [grpc-default-executor-6] INFO  impl.RoleInfo (RoleInfo.java:shutdownFollowerState(121)) - 7247ad7d-2ca2-4af8-9337-77c07ea89cb3: shutdown FollowerState
2019-10-19 01:26:27,829 [grpc-default-executor-8] INFO  impl.RoleInfo (RoleInfo.java:shutdownFollowerState(121)) - 774c78e1-8dd4-453d-975e-442189a07fe2: shutdown FollowerState
2019-10-19 01:26:27,829 [Thread-621] INFO  impl.FollowerState (FollowerState.java:run(117)) - 7247ad7d-2ca2-4af8-9337-77c07ea89cb3@group-31C3DC938042-FollowerState was interrupted: java.lang.InterruptedException: sleep interrupted
2019-10-19 01:26:27,829 [grpc-default-executor-8] INFO  impl.RoleInfo (RoleInfo.java:updateAndGet(143)) - 774c78e1-8dd4-453d-975e-442189a07fe2: start FollowerState
2019-10-19 01:26:27,829 [grpc-default-executor-6] INFO  impl.RoleInfo (RoleInfo.java:updateAndGet(143)) - 7247ad7d-2ca2-4af8-9337-77c07ea89cb3: start FollowerState
2019-10-19 01:26:27,829 [Thread-620] INFO  impl.FollowerState (FollowerState.java:run(117)) - 774c78e1-8dd4-453d-975e-442189a07fe2@group-31C3DC938042-FollowerState was interrupted: java.lang.InterruptedException: sleep interrupted
2019-10-19 01:26:27,846 [8bce6a00-3bba-419d-83ac-b35141b6b559@group-31C3DC938042-LeaderElection45] INFO  impl.LeaderElection (LeaderElection.java:logAndReturn(56)) - 8bce6a00-3bba-419d-83ac-b35141b6b559@group-31C3DC938042-LeaderElection45: Election REJECTED; received 2 response(s) [8bce6a00-3bba-419d-83ac-b35141b6b559<-774c78e1-8dd4-453d-975e-442189a07fe2#0:FAIL-t18, 8bce6a00-3bba-419d-83ac-b35141b6b559<-7247ad7d-2ca2-4af8-9337-77c07ea89cb3#0:FAIL-t18] and 0 exception(s); 8bce6a00-3bba-419d-83ac-b35141b6b559@group-31C3DC938042:t18, leader=null, voted=8bce6a00-3bba-419d-83ac-b35141b6b559, raftlog=8bce6a00-3bba-419d-83ac-b35141b6b559@group-31C3DC938042-SegmentedRaftLog:OPENED:c-1,f-1,i0, conf=-1: [774c78e1-8dd4-453d-975e-442189a07fe2:192.168.157.242:38712, 7247ad7d-2ca2-4af8-9337-77c07ea89cb3:192.168.157.242:42362, 8bce6a00-3bba-419d-83ac-b35141b6b559:192.168.157.242:37801], old=null
2019-10-19 01:26:27,846 [8bce6a00-3bba-419d-83ac-b35141b6b559@group-31C3DC938042-LeaderElection45] INFO  impl.RaftServerImpl (RaftServerImpl.java:setRole(184)) - 8bce6a00-3bba-419d-83ac-b35141b6b559@group-31C3DC938042: changes role from CANDIDATE to FOLLOWER at term 18 for DISCOVERED_A_NEW_TERM
2019-10-19 01:26:27,846 [8bce6a00-3bba-419d-83ac-b35141b6b559@group-31C3DC938042-LeaderElection45] INFO  impl.RoleInfo (RoleInfo.java:shutdownLeaderElection(134)) - 8bce6a00-3bba-419d-83ac-b35141b6b559: shutdown LeaderElection
2019-10-19 01:26:27,846 [8bce6a00-3bba-419d-83ac-b35141b6b559@group-31C3DC938042-LeaderElection45] INFO  impl.RoleInfo (RoleInfo.java:updateAndGet(143)) - 8bce6a00-3bba-419d-83ac-b35141b6b559: start FollowerState
2019-10-19 01:26:28,028 [Thread-628] INFO  impl.FollowerState (FollowerState.java:run(108)) - 8bce6a00-3bba-419d-83ac-b35141b6b559@group-31C3DC938042-FollowerState: change to CANDIDATE, lastRpcTime:181ms, electionTimeout:181ms
2019-10-19 01:26:28,028 [Thread-628] INFO  impl.RoleInfo (RoleInfo.java:shutdownFollowerState(121)) - 8bce6a00-3bba-419d-83ac-b35141b6b559: shutdown FollowerState
2019-10-19 01:26:28,028 [Thread-628] INFO  impl.RaftServerImpl (RaftServerImpl.java:setRole(184)) - 8bce6a00-3bba-419d-83ac-b35141b6b559@group-31C3DC938042: changes role from  FOLLOWER to CANDIDATE at term 18 for changeToCandidate
2019-10-19 01:26:28,028 [Thread-628] INFO  impl.RoleInfo (RoleInfo.java:updateAndGet(143)) - 8bce6a00-3bba-419d-83ac-b35141b6b559: start LeaderElection
2019-10-19 01:26:28,062 [8bce6a00-3bba-419d-83ac-b35141b6b559@group-31C3DC938042-LeaderElection46] INFO  impl.LeaderElection (LeaderElection.java:askForVotes(178)) - 8bce6a00-3bba-419d-83ac-b35141b6b559@group-31C3DC938042-LeaderElection46: begin an election at term 19 for -1: [774c78e1-8dd4-453d-975e-442189a07fe2:192.168.157.242:38712, 7247ad7d-2ca2-4af8-9337-77c07ea89cb3:192.168.157.242:42362, 8bce6a00-3bba-419d-83ac-b35141b6b559:192.168.157.242:37801], old=null
2019-10-19 01:26:28,064 [grpc-default-executor-6] INFO  impl.RaftServerImpl (RaftServerImpl.java:setRole(184)) - 774c78e1-8dd4-453d-975e-442189a07fe2@group-31C3DC938042: changes role from  FOLLOWER to FOLLOWER at term 19 for recognizeCandidate:8bce6a00-3bba-419d-83ac-b35141b6b559
2019-10-19 01:26:28,064 [grpc-default-executor-8] INFO  impl.RaftServerImpl (RaftServerImpl.java:setRole(184)) - 7247ad7d-2ca2-4af8-9337-77c07ea89cb3@group-31C3DC938042: changes role from  FOLLOWER to FOLLOWER at term 19 for recognizeCandidate:8bce6a00-3bba-419d-83ac-b35141b6b559
2019-10-19 01:26:28,064 [grpc-default-executor-6] INFO  impl.RoleInfo (RoleInfo.java:shutdownFollowerState(121)) - 774c78e1-8dd4-453d-975e-442189a07fe2: shutdown FollowerState
2019-10-19 01:26:28,065 [grpc-default-executor-8] INFO  impl.RoleInfo (RoleInfo.java:shutdownFollowerState(121)) - 7247ad7d-2ca2-4af8-9337-77c07ea89cb3: shutdown FollowerState
2019-10-19 01:26:28,065 [Thread-627] INFO  impl.FollowerState (FollowerState.java:run(117)) - 774c78e1-8dd4-453d-975e-442189a07fe2@group-31C3DC938042-FollowerState was interrupted: java.lang.InterruptedException: sleep interrupted
2019-10-19 01:26:28,065 [grpc-default-executor-6] INFO  impl.RoleInfo (RoleInfo.java:updateAndGet(143)) - 774c78e1-8dd4-453d-975e-442189a07fe2: start FollowerState
2019-10-19 01:26:28,065 [grpc-default-executor-8] INFO  impl.RoleInfo (RoleInfo.java:updateAndGet(143)) - 7247ad7d-2ca2-4af8-9337-77c07ea89cb3: start FollowerState
2019-10-19 01:26:28,065 [Thread-626] INFO  impl.FollowerState (FollowerState.java:run(117)) - 7247ad7d-2ca2-4af8-9337-77c07ea89cb3@group-31C3DC938042-FollowerState was interrupted: java.lang.InterruptedException: sleep interrupted
2019-10-19 01:26:28,074 [8bce6a00-3bba-419d-83ac-b35141b6b559@group-31C3DC938042-LeaderElection46] INFO  impl.LeaderElection (LeaderElection.java:logAndReturn(56)) - 8bce6a00-3bba-419d-83ac-b35141b6b559@group-31C3DC938042-LeaderElection46: Election TIMEOUT; received 0 response(s) [] and 0 exception(s); 8bce6a00-3bba-419d-83ac-b35141b6b559@group-31C3DC938042:t19, leader=null, voted=8bce6a00-3bba-419d-83ac-b35141b6b559, raftlog=8bce6a00-3bba-419d-83ac-b35141b6b559@group-31C3DC938042-SegmentedRaftLog:OPENED:c-1,f-1,i0, conf=-1: [774c78e1-8dd4-453d-975e-442189a07fe2:192.168.157.242:38712, 7247ad7d-2ca2-4af8-9337-77c07ea89cb3:192.168.157.242:42362, 8bce6a00-3bba-419d-83ac-b35141b6b559:192.168.157.242:37801], old=null
2019-10-19 01:26:28,081 [8bce6a00-3bba-419d-83ac-b35141b6b559@group-31C3DC938042-LeaderElection46] INFO  impl.LeaderElection (LeaderElection.java:askForVotes(178)) - 8bce6a00-3bba-419d-83ac-b35141b6b559@group-31C3DC938042-LeaderElection46: begin an election at term 20 for -1: [774c78e1-8dd4-453d-975e-442189a07fe2:192.168.157.242:38712, 7247ad7d-2ca2-4af8-9337-77c07ea89cb3:192.168.157.242:42362, 8bce6a00-3bba-419d-83ac-b35141b6b559:192.168.157.242:37801], old=null
2019-10-19 01:26:28,083 [grpc-default-executor-8] INFO  impl.RaftServerImpl (RaftServerImpl.java:setRole(184)) - 774c78e1-8dd4-453d-975e-442189a07fe2@group-31C3DC938042: changes role from  FOLLOWER to FOLLOWER at term 20 for recognizeCandidate:8bce6a00-3bba-419d-83ac-b35141b6b559
2019-10-19 01:26:28,083 [grpc-default-executor-6] INFO  impl.RaftServerImpl (RaftServerImpl.java:setRole(184)) - 7247ad7d-2ca2-4af8-9337-77c07ea89cb3@group-31C3DC938042: changes role from  FOLLOWER to FOLLOWER at term 20 for recognizeCandidate:8bce6a00-3bba-419d-83ac-b35141b6b559
2019-10-19 01:26:28,083 [grpc-default-executor-8] INFO  impl.RoleInfo (RoleInfo.java:shutdownFollowerState(121)) - 774c78e1-8dd4-453d-975e-442189a07fe2: shutdown FollowerState
2019-10-19 01:26:28,083 [grpc-default-executor-6] INFO  impl.RoleInfo (RoleInfo.java:shutdownFollowerState(121)) - 7247ad7d-2ca2-4af8-9337-77c07ea89cb3: shutdown FollowerState
2019-10-19 01:26:28,083 [grpc-default-executor-8] INFO  impl.RoleInfo (RoleInfo.java:updateAndGet(143)) - 774c78e1-8dd4-453d-975e-442189a07fe2: start FollowerState
2019-10-19 01:26:28,083 [Thread-637] INFO  impl.FollowerState (FollowerState.java:run(117)) - 7247ad7d-2ca2-4af8-9337-77c07ea89cb3@group-31C3DC938042-FollowerState was interrupted: java.lang.InterruptedException: sleep interrupted
2019-10-19 01:26:28,083 [grpc-default-executor-6] INFO  impl.RoleInfo (RoleInfo.java:updateAndGet(143)) - 7247ad7d-2ca2-4af8-9337-77c07ea89cb3: start FollowerState
2019-10-19 01:26:28,083 [Thread-636] INFO  impl.FollowerState (FollowerState.java:run(117)) - 774c78e1-8dd4-453d-975e-442189a07fe2@group-31C3DC938042-FollowerState was interrupted: java.lang.InterruptedException: sleep interrupted
2019-10-19 01:26:28,098 [8bce6a00-3bba-419d-83ac-b35141b6b559@group-31C3DC938042-LeaderElection46] INFO  impl.LeaderElection (LeaderElection.java:logAndReturn(56)) - 8bce6a00-3bba-419d-83ac-b35141b6b559@group-31C3DC938042-LeaderElection46: Election REJECTED; received 2 response(s) [8bce6a00-3bba-419d-83ac-b35141b6b559<-774c78e1-8dd4-453d-975e-442189a07fe2#0:FAIL-t20, 8bce6a00-3bba-419d-83ac-b35141b6b559<-7247ad7d-2ca2-4af8-9337-77c07ea89cb3#0:FAIL-t20] and 0 exception(s); 8bce6a00-3bba-419d-83ac-b35141b6b559@group-31C3DC938042:t20, leader=null, voted=8bce6a00-3bba-419d-83ac-b35141b6b559, raftlog=8bce6a00-3bba-419d-83ac-b35141b6b559@group-31C3DC938042-SegmentedRaftLog:OPENED:c-1,f-1,i0, conf=-1: [774c78e1-8dd4-453d-975e-442189a07fe2:192.168.157.242:38712, 7247ad7d-2ca2-4af8-9337-77c07ea89cb3:192.168.157.242:42362, 8bce6a00-3bba-419d-83ac-b35141b6b559:192.168.157.242:37801], old=null
2019-10-19 01:26:28,098 [8bce6a00-3bba-419d-83ac-b35141b6b559@group-31C3DC938042-LeaderElection46] INFO  impl.RaftServerImpl (RaftServerImpl.java:setRole(184)) - 8bce6a00-3bba-419d-83ac-b35141b6b559@group-31C3DC938042: changes role from CANDIDATE to FOLLOWER at term 20 for DISCOVERED_A_NEW_TERM
2019-10-19 01:26:28,098 [8bce6a00-3bba-419d-83ac-b35141b6b559@group-31C3DC938042-LeaderElection46] INFO  impl.RoleInfo (RoleInfo.java:shutdownLeaderElection(134)) - 8bce6a00-3bba-419d-83ac-b35141b6b559: shutdown LeaderElection
2019-10-19 01:26:28,098 [8bce6a00-3bba-419d-83ac-b35141b6b559@group-31C3DC938042-LeaderElection46] INFO  impl.RoleInfo (RoleInfo.java:updateAndGet(143)) - 8bce6a00-3bba-419d-83ac-b35141b6b559: start FollowerState
2019-10-19 01:26:28,112 [Thread-642] INFO  impl.FollowerState (FollowerState.java:run(108)) - 8bce6a00-3bba-419d-83ac-b35141b6b559@group-31C3DC938042-FollowerState: change to CANDIDATE, lastRpcTime:13ms, electionTimeout:13ms
2019-10-19 01:26:28,112 [Thread-642] INFO  impl.RoleInfo (RoleInfo.java:shutdownFollowerState(121)) - 8bce6a00-3bba-419d-83ac-b35141b6b559: shutdown FollowerState
2019-10-19 01:26:28,112 [Thread-642] INFO  impl.RaftServerImpl (RaftServerImpl.java:setRole(184)) - 8bce6a00-3bba-419d-83ac-b35141b6b559@group-31C3DC938042: changes role from  FOLLOWER to CANDIDATE at term 20 for changeToCandidate
2019-10-19 01:26:28,112 [Thread-642] INFO  impl.RoleInfo (RoleInfo.java:updateAndGet(143)) - 8bce6a00-3bba-419d-83ac-b35141b6b559: start LeaderElection
2019-10-19 01:26:28,134 [8bce6a00-3bba-419d-83ac-b35141b6b559@group-31C3DC938042-LeaderElection47] INFO  impl.LeaderElection (LeaderElection.java:askForVotes(178)) - 8bce6a00-3bba-419d-83ac-b35141b6b559@group-31C3DC938042-LeaderElection47: begin an election at term 21 for -1: [774c78e1-8dd4-453d-975e-442189a07fe2:192.168.157.242:38712, 7247ad7d-2ca2-4af8-9337-77c07ea89cb3:192.168.157.242:42362, 8bce6a00-3bba-419d-83ac-b35141b6b559:192.168.157.242:37801], old=null
2019-10-19 01:26:28,137 [grpc-default-executor-8] INFO  impl.RaftServerImpl (RaftServerImpl.java:setRole(184)) - 7247ad7d-2ca2-4af8-9337-77c07ea89cb3@group-31C3DC938042: changes role from  FOLLOWER to FOLLOWER at term 21 for recognizeCandidate:8bce6a00-3bba-419d-83ac-b35141b6b559
2019-10-19 01:26:28,137 [grpc-default-executor-6] INFO  impl.RaftServerImpl (RaftServerImpl.java:setRole(184)) - 774c78e1-8dd4-453d-975e-442189a07fe2@group-31C3DC938042: changes role from  FOLLOWER to FOLLOWER at term 21 for recognizeCandidate:8bce6a00-3bba-419d-83ac-b35141b6b559
2019-10-19 01:26:28,137 [grpc-default-executor-8] INFO  impl.RoleInfo (RoleInfo.java:shutdownFollowerState(121)) - 7247ad7d-2ca2-4af8-9337-77c07ea89cb3: shutdown FollowerState
2019-10-19 01:26:28,137 [grpc-default-executor-6] INFO  impl.RoleInfo (RoleInfo.java:shutdownFollowerState(121)) - 774c78e1-8dd4-453d-975e-442189a07fe2: shutdown FollowerState
2019-10-19 01:26:28,137 [Thread-641] INFO  impl.FollowerState (FollowerState.java:run(117)) - 7247ad7d-2ca2-4af8-9337-77c07ea89cb3@group-31C3DC938042-FollowerState was interrupted: java.lang.InterruptedException: sleep interrupted
2019-10-19 01:26:28,137 [grpc-default-executor-8] INFO  impl.RoleInfo (RoleInfo.java:updateAndGet(143)) - 7247ad7d-2ca2-4af8-9337-77c07ea89cb3: start FollowerState
2019-10-19 01:26:28,137 [grpc-default-executor-6] INFO  impl.RoleInfo (RoleInfo.java:updateAndGet(143)) - 774c78e1-8dd4-453d-975e-442189a07fe2: start FollowerState
2019-10-19 01:26:28,137 [Thread-640] INFO  impl.FollowerState (FollowerState.java:run(117)) - 774c78e1-8dd4-453d-975e-442189a07fe2@group-31C3DC938042-FollowerState was interrupted: java.lang.InterruptedException: sleep interrupted
2019-10-19 01:26:28,153 [8bce6a00-3bba-419d-83ac-b35141b6b559@group-31C3DC938042-LeaderElection47] INFO  impl.LeaderElection (LeaderElection.java:logAndReturn(56)) - 8bce6a00-3bba-419d-83ac-b35141b6b559@group-31C3DC938042-LeaderElection47: Election REJECTED; received 2 response(s) [8bce6a00-3bba-419d-83ac-b35141b6b559<-774c78e1-8dd4-453d-975e-442189a07fe2#0:FAIL-t21, 8bce6a00-3bba-419d-83ac-b35141b6b559<-7247ad7d-2ca2-4af8-9337-77c07ea89cb3#0:FAIL-t21] and 0 exception(s); 8bce6a00-3bba-419d-83ac-b35141b6b559@group-31C3DC938042:t21, leader=null, voted=8bce6a00-3bba-419d-83ac-b35141b6b559, raftlog=8bce6a00-3bba-419d-83ac-b35141b6b559@group-31C3DC938042-SegmentedRaftLog:OPENED:c-1,f-1,i0, conf=-1: [774c78e1-8dd4-453d-975e-442189a07fe2:192.168.157.242:38712, 7247ad7d-2ca2-4af8-9337-77c07ea89cb3:192.168.157.242:42362, 8bce6a00-3bba-419d-83ac-b35141b6b559:192.168.157.242:37801], old=null
2019-10-19 01:26:28,153 [8bce6a00-3bba-419d-83ac-b35141b6b559@group-31C3DC938042-LeaderElection47] INFO  impl.RaftServerImpl (RaftServerImpl.java:setRole(184)) - 8bce6a00-3bba-419d-83ac-b35141b6b559@group-31C3DC938042: changes role from CANDIDATE to FOLLOWER at term 21 for DISCOVERED_A_NEW_TERM
2019-10-19 01:26:28,154 [8bce6a00-3bba-419d-83ac-b35141b6b559@group-31C3DC938042-LeaderElection47] INFO  impl.RoleInfo (RoleInfo.java:shutdownLeaderElection(134)) - 8bce6a00-3bba-419d-83ac-b35141b6b559: shutdown LeaderElection
2019-10-19 01:26:28,154 [8bce6a00-3bba-419d-83ac-b35141b6b559@group-31C3DC938042-LeaderElection47] INFO  impl.RoleInfo (RoleInfo.java:updateAndGet(143)) - 8bce6a00-3bba-419d-83ac-b35141b6b559: start FollowerState
2019-10-19 01:26:28,323 [Thread-648] INFO  impl.FollowerState (FollowerState.java:run(108)) - 8bce6a00-3bba-419d-83ac-b35141b6b559@group-31C3DC938042-FollowerState: change to CANDIDATE, lastRpcTime:169ms, electionTimeout:169ms
2019-10-19 01:26:28,323 [Thread-648] INFO  impl.RoleInfo (RoleInfo.java:shutdownFollowerState(121)) - 8bce6a00-3bba-419d-83ac-b35141b6b559: shutdown FollowerState
2019-10-19 01:26:28,323 [Thread-648] INFO  impl.RaftServerImpl (RaftServerImpl.java:setRole(184)) - 8bce6a00-3bba-419d-83ac-b35141b6b559@group-31C3DC938042: changes role from  FOLLOWER to CANDIDATE at term 21 for changeToCandidate
2019-10-19 01:26:28,323 [Thread-648] INFO  impl.RoleInfo (RoleInfo.java:updateAndGet(143)) - 8bce6a00-3bba-419d-83ac-b35141b6b559: start LeaderElection
2019-10-19 01:26:28,337 [8bce6a00-3bba-419d-83ac-b35141b6b559@group-31C3DC938042-LeaderElection48] INFO  impl.LeaderElection (LeaderElection.java:askForVotes(178)) - 8bce6a00-3bba-419d-83ac-b35141b6b559@group-31C3DC938042-LeaderElection48: begin an election at term 22 for -1: [774c78e1-8dd4-453d-975e-442189a07fe2:192.168.157.242:38712, 7247ad7d-2ca2-4af8-9337-77c07ea89cb3:192.168.157.242:42362, 8bce6a00-3bba-419d-83ac-b35141b6b559:192.168.157.242:37801], old=null
2019-10-19 01:26:28,340 [grpc-default-executor-8] INFO  impl.RaftServerImpl (RaftServerImpl.java:setRole(184)) - 774c78e1-8dd4-453d-975e-442189a07fe2@group-31C3DC938042: changes role from  FOLLOWER to FOLLOWER at term 22 for recognizeCandidate:8bce6a00-3bba-419d-83ac-b35141b6b559
2019-10-19 01:26:28,340 [grpc-default-executor-6] INFO  impl.RaftServerImpl (RaftServerImpl.java:setRole(184)) - 7247ad7d-2ca2-4af8-9337-77c07ea89cb3@group-31C3DC938042: changes role from  FOLLOWER to FOLLOWER at term 22 for recognizeCandidate:8bce6a00-3bba-419d-83ac-b35141b6b559
2019-10-19 01:26:28,340 [grpc-default-executor-8] INFO  impl.RoleInfo (RoleInfo.java:shutdownFollowerState(121)) - 774c78e1-8dd4-453d-975e-442189a07fe2: shutdown FollowerState
2019-10-19 01:26:28,341 [grpc-default-executor-6] INFO  impl.RoleInfo (RoleInfo.java:shutdownFollowerState(121)) - 7247ad7d-2ca2-4af8-9337-77c07ea89cb3: shutdown FollowerState
2019-10-19 01:26:28,341 [Thread-647] INFO  impl.FollowerState (FollowerState.java:run(117)) - 774c78e1-8dd4-453d-975e-442189a07fe2@group-31C3DC938042-FollowerState was interrupted: java.lang.InterruptedException: sleep interrupted
2019-10-19 01:26:28,341 [grpc-default-executor-8] INFO  impl.RoleInfo (RoleInfo.java:updateAndGet(143)) - 774c78e1-8dd4-453d-975e-442189a07fe2: start FollowerState
2019-10-19 01:26:28,341 [Thread-646] INFO  impl.FollowerState (FollowerState.java:run(117)) - 7247ad7d-2ca2-4af8-9337-77c07ea89cb3@group-31C3DC938042-FollowerState was interrupted: java.lang.InterruptedException: sleep interrupted
2019-10-19 01:26:28,341 [grpc-default-executor-6] INFO  impl.RoleInfo (RoleInfo.java:updateAndGet(143)) - 7247ad7d-2ca2-4af8-9337-77c07ea89cb3: start FollowerState
2019-10-19 01:26:28,357 [8bce6a00-3bba-419d-83ac-b35141b6b559@group-31C3DC938042-LeaderElection48] INFO  impl.LeaderElection (LeaderElection.java:logAndReturn(56)) - 8bce6a00-3bba-419d-83ac-b35141b6b559@group-31C3DC938042-LeaderElection48: Election REJECTED; received 2 response(s) [8bce6a00-3bba-419d-83ac-b35141b6b559<-774c78e1-8dd4-453d-975e-442189a07fe2#0:FAIL-t22, 8bce6a00-3bba-419d-83ac-b35141b6b559<-7247ad7d-2ca2-4af8-9337-77c07ea89cb3#0:FAIL-t22] and 0 exception(s); 8bce6a00-3bba-419d-83ac-b35141b6b559@group-31C3DC938042:t22, leader=null, voted=8bce6a00-3bba-419d-83ac-b35141b6b559, raftlog=8bce6a00-3bba-419d-83ac-b35141b6b559@group-31C3DC938042-SegmentedRaftLog:OPENED:c-1,f-1,i0, conf=-1: [774c78e1-8dd4-453d-975e-442189a07fe2:192.168.157.242:38712, 7247ad7d-2ca2-4af8-9337-77c07ea89cb3:192.168.157.242:42362, 8bce6a00-3bba-419d-83ac-b35141b6b559:192.168.157.242:37801], old=null
2019-10-19 01:26:28,357 [8bce6a00-3bba-419d-83ac-b35141b6b559@group-31C3DC938042-LeaderElection48] INFO  impl.RaftServerImpl (RaftServerImpl.java:setRole(184)) - 8bce6a00-3bba-419d-83ac-b35141b6b559@group-31C3DC938042: changes role from CANDIDATE to FOLLOWER at term 22 for DISCOVERED_A_NEW_TERM
2019-10-19 01:26:28,357 [8bce6a00-3bba-419d-83ac-b35141b6b559@group-31C3DC938042-LeaderElection48] INFO  impl.RoleInfo (RoleInfo.java:shutdownLeaderElection(134)) - 8bce6a00-3bba-419d-83ac-b35141b6b559: shutdown LeaderElection
2019-10-19 01:26:28,357 [8bce6a00-3bba-419d-83ac-b35141b6b559@group-31C3DC938042-LeaderElection48] INFO  impl.RoleInfo (RoleInfo.java:updateAndGet(143)) - 8bce6a00-3bba-419d-83ac-b35141b6b559: start FollowerState
2019-10-19 01:26:28,380 [Thread-655] INFO  impl.FollowerState (FollowerState.java:run(108)) - 8bce6a00-3bba-419d-83ac-b35141b6b559@group-31C3DC938042-FollowerState: change to CANDIDATE, lastRpcTime:22ms, electionTimeout:21ms
2019-10-19 01:26:28,382 [Thread-655] INFO  impl.RoleInfo (RoleInfo.java:shutdownFollowerState(121)) - 8bce6a00-3bba-419d-83ac-b35141b6b559: shutdown FollowerState
2019-10-19 01:26:28,382 [Thread-655] INFO  impl.RaftServerImpl (RaftServerImpl.java:setRole(184)) - 8bce6a00-3bba-419d-83ac-b35141b6b559@group-31C3DC938042: changes role from  FOLLOWER to CANDIDATE at term 22 for changeToCandidate
2019-10-19 01:26:28,382 [Thread-655] INFO  impl.RoleInfo (RoleInfo.java:updateAndGet(143)) - 8bce6a00-3bba-419d-83ac-b35141b6b559: start LeaderElection
2019-10-19 01:26:28,397 [8bce6a00-3bba-419d-83ac-b35141b6b559@group-31C3DC938042-LeaderElection49] INFO  impl.LeaderElection (LeaderElection.java:askForVotes(178)) - 8bce6a00-3bba-419d-83ac-b35141b6b559@group-31C3DC938042-LeaderElection49: begin an election at term 23 for -1: [774c78e1-8dd4-453d-975e-442189a07fe2:192.168.157.242:38712, 7247ad7d-2ca2-4af8-9337-77c07ea89cb3:192.168.157.242:42362, 8bce6a00-3bba-419d-83ac-b35141b6b559:192.168.157.242:37801], old=null
2019-10-19 01:26:28,400 [grpc-default-executor-8] INFO  impl.RaftServerImpl (RaftServerImpl.java:setRole(184)) - 774c78e1-8dd4-453d-975e-442189a07fe2@group-31C3DC938042: changes role from  FOLLOWER to FOLLOWER at term 23 for recognizeCandidate:8bce6a00-3bba-419d-83ac-b35141b6b559
2019-10-19 01:26:28,400 [grpc-default-executor-6] INFO  impl.RaftServerImpl (RaftServerImpl.java:setRole(184)) - 7247ad7d-2ca2-4af8-9337-77c07ea89cb3@group-31C3DC938042: changes role from  FOLLOWER to FOLLOWER at term 23 for recognizeCandidate:8bce6a00-3bba-419d-83ac-b35141b6b559
2019-10-19 01:26:28,400 [grpc-default-executor-8] INFO  impl.RoleInfo (RoleInfo.java:shutdownFollowerState(121)) - 774c78e1-8dd4-453d-975e-442189a07fe2: shutdown FollowerState
2019-10-19 01:26:28,400 [grpc-default-executor-6] INFO  impl.RoleInfo (RoleInfo.java:shutdownFollowerState(121)) - 7247ad7d-2ca2-4af8-9337-77c07ea89cb3: shutdown FollowerState
2019-10-19 01:26:28,400 [grpc-default-executor-8] INFO  impl.RoleInfo (RoleInfo.java:updateAndGet(143)) - 774c78e1-8dd4-453d-975e-442189a07fe2: start FollowerState
2019-10-19 01:26:28,400 [Thread-652] INFO  impl.FollowerState (FollowerState.java:run(117)) - 774c78e1-8dd4-453d-975e-442189a07fe2@group-31C3DC938042-FollowerState was interrupted: java.lang.InterruptedException: sleep interrupted
2019-10-19 01:26:28,400 [Thread-653] INFO  impl.FollowerState (FollowerState.java:run(117)) - 7247ad7d-2ca2-4af8-9337-77c07ea89cb3@group-31C3DC938042-FollowerState was interrupted: java.lang.InterruptedException: sleep interrupted
2019-10-19 01:26:28,400 [grpc-default-executor-6] INFO  impl.RoleInfo (RoleInfo.java:updateAndGet(143)) - 7247ad7d-2ca2-4af8-9337-77c07ea89cb3: start FollowerState
2019-10-19 01:26:28,416 [8bce6a00-3bba-419d-83ac-b35141b6b559@group-31C3DC938042-LeaderElection49] INFO  impl.LeaderElection (LeaderElection.java:logAndReturn(56)) - 8bce6a00-3bba-419d-83ac-b35141b6b559@group-31C3DC938042-LeaderElection49: Election REJECTED; received 2 response(s) [8bce6a00-3bba-419d-83ac-b35141b6b559<-774c78e1-8dd4-453d-975e-442189a07fe2#0:FAIL-t23, 8bce6a00-3bba-419d-83ac-b35141b6b559<-7247ad7d-2ca2-4af8-9337-77c07ea89cb3#0:FAIL-t23] and 0 exception(s); 8bce6a00-3bba-419d-83ac-b35141b6b559@group-31C3DC938042:t23, leader=null, voted=8bce6a00-3bba-419d-83ac-b35141b6b559, raftlog=8bce6a00-3bba-419d-83ac-b35141b6b559@group-31C3DC938042-SegmentedRaftLog:OPENED:c-1,f-1,i0, conf=-1: [774c78e1-8dd4-453d-975e-442189a07fe2:192.168.157.242:38712, 7247ad7d-2ca2-4af8-9337-77c07ea89cb3:192.168.157.242:42362, 8bce6a00-3bba-419d-83ac-b35141b6b559:192.168.157.242:37801], old=null
2019-10-19 01:26:28,416 [8bce6a00-3bba-419d-83ac-b35141b6b559@group-31C3DC938042-LeaderElection49] INFO  impl.RaftServerImpl (RaftServerImpl.java:setRole(184)) - 8bce6a00-3bba-419d-83ac-b35141b6b559@group-31C3DC938042: changes role from CANDIDATE to FOLLOWER at term 23 for DISCOVERED_A_NEW_TERM
2019-10-19 01:26:28,416 [8bce6a00-3bba-419d-83ac-b35141b6b559@group-31C3DC938042-LeaderElection49] INFO  impl.RoleInfo (RoleInfo.java:shutdownLeaderElection(134)) - 8bce6a00-3bba-419d-83ac-b35141b6b559: shutdown LeaderElection
2019-10-19 01:26:28,416 [8bce6a00-3bba-419d-83ac-b35141b6b559@group-31C3DC938042-LeaderElection49] INFO  impl.RoleInfo (RoleInfo.java:updateAndGet(143)) - 8bce6a00-3bba-419d-83ac-b35141b6b559: start FollowerState
2019-10-19 01:26:28,519 [Thread-662] INFO  impl.FollowerState (FollowerState.java:run(108)) - 8bce6a00-3bba-419d-83ac-b35141b6b559@group-31C3DC938042-FollowerState: change to CANDIDATE, lastRpcTime:103ms, electionTimeout:103ms
2019-10-19 01:26:28,520 [Thread-662] INFO  impl.RoleInfo (RoleInfo.java:shutdownFollowerState(121)) - 8bce6a00-3bba-419d-83ac-b35141b6b559: shutdown FollowerState
2019-10-19 01:26:28,520 [Thread-662] INFO  impl.RaftServerImpl (RaftServerImpl.java:setRole(184)) - 8bce6a00-3bba-419d-83ac-b35141b6b559@group-31C3DC938042: changes role from  FOLLOWER to CANDIDATE at term 23 for changeToCandidate
2019-10-19 01:26:28,520 [Thread-662] INFO  impl.RoleInfo (RoleInfo.java:updateAndGet(143)) - 8bce6a00-3bba-419d-83ac-b35141b6b559: start LeaderElection
2019-10-19 01:26:28,535 [8bce6a00-3bba-419d-83ac-b35141b6b559@group-31C3DC938042-LeaderElection50] INFO  impl.LeaderElection (LeaderElection.java:askForVotes(178)) - 8bce6a00-3bba-419d-83ac-b35141b6b559@group-31C3DC938042-LeaderElection50: begin an election at term 24 for -1: [774c78e1-8dd4-453d-975e-442189a07fe2:192.168.157.242:38712, 7247ad7d-2ca2-4af8-9337-77c07ea89cb3:192.168.157.242:42362, 8bce6a00-3bba-419d-83ac-b35141b6b559:192.168.157.242:37801], old=null
2019-10-19 01:26:28,537 [grpc-default-executor-8] INFO  impl.RaftServerImpl (RaftServerImpl.java:setRole(184)) - 774c78e1-8dd4-453d-975e-442189a07fe2@group-31C3DC938042: changes role from  FOLLOWER to FOLLOWER at term 24 for recognizeCandidate:8bce6a00-3bba-419d-83ac-b35141b6b559
2019-10-19 01:26:28,537 [grpc-default-executor-8] INFO  impl.RoleInfo (RoleInfo.java:shutdownFollowerState(121)) - 774c78e1-8dd4-453d-975e-442189a07fe2: shutdown FollowerState
2019-10-19 01:26:28,537 [grpc-default-executor-6] INFO  impl.RaftServerImpl (RaftServerImpl.java:setRole(184)) - 7247ad7d-2ca2-4af8-9337-77c07ea89cb3@group-31C3DC938042: changes role from  FOLLOWER to FOLLOWER at term 24 for recognizeCandidate:8bce6a00-3bba-419d-83ac-b35141b6b559
2019-10-19 01:26:28,537 [grpc-default-executor-8] INFO  impl.RoleInfo (RoleInfo.java:updateAndGet(143)) - 774c78e1-8dd4-453d-975e-442189a07fe2: start FollowerState
2019-10-19 01:26:28,537 [Thread-660] INFO  impl.FollowerState (FollowerState.java:run(117)) - 774c78e1-8dd4-453d-975e-442189a07fe2@group-31C3DC938042-FollowerState was interrupted: java.lang.InterruptedException: sleep interrupted
2019-10-19 01:26:28,537 [grpc-default-executor-6] INFO  impl.RoleInfo (RoleInfo.java:shutdownFollowerState(121)) - 7247ad7d-2ca2-4af8-9337-77c07ea89cb3: shutdown FollowerState
2019-10-19 01:26:28,538 [grpc-default-executor-6] INFO  impl.RoleInfo (RoleInfo.java:updateAndGet(143)) - 7247ad7d-2ca2-4af8-9337-77c07ea89cb3: start FollowerState
2019-10-19 01:26:28,538 [Thread-661] INFO  impl.FollowerState (FollowerState.java:run(117)) - 7247ad7d-2ca2-4af8-9337-77c07ea89cb3@group-31C3DC938042-FollowerState was interrupted: java.lang.InterruptedException: sleep interrupted
2019-10-19 01:26:28,573 [8bce6a00-3bba-419d-83ac-b35141b6b559@group-31C3DC938042-LeaderElection50] INFO  impl.LeaderElection (LeaderElection.java:logAndReturn(56)) - 8bce6a00-3bba-419d-83ac-b35141b6b559@group-31C3DC938042-LeaderElection50: Election REJECTED; received 2 response(s) [8bce6a00-3bba-419d-83ac-b35141b6b559<-774c78e1-8dd4-453d-975e-442189a07fe2#0:FAIL-t24, 8bce6a00-3bba-419d-83ac-b35141b6b559<-7247ad7d-2ca2-4af8-9337-77c07ea89cb3#0:FAIL-t24] and 0 exception(s); 8bce6a00-3bba-419d-83ac-b35141b6b559@group-31C3DC938042:t24, leader=null, voted=8bce6a00-3bba-419d-83ac-b35141b6b559, raftlog=8bce6a00-3bba-419d-83ac-b35141b6b559@group-31C3DC938042-SegmentedRaftLog:OPENED:c-1,f-1,i0, conf=-1: [774c78e1-8dd4-453d-975e-442189a07fe2:192.168.157.242:38712, 7247ad7d-2ca2-4af8-9337-77c07ea89cb3:192.168.157.242:42362, 8bce6a00-3bba-419d-83ac-b35141b6b559:192.168.157.242:37801], old=null
2019-10-19 01:26:28,573 [8bce6a00-3bba-419d-83ac-b35141b6b559@group-31C3DC938042-LeaderElection50] INFO  impl.RaftServerImpl (RaftServerImpl.java:setRole(184)) - 8bce6a00-3bba-419d-83ac-b35141b6b559@group-31C3DC938042: changes role from CANDIDATE to FOLLOWER at term 24 for DISCOVERED_A_NEW_TERM
2019-10-19 01:26:28,573 [8bce6a00-3bba-419d-83ac-b35141b6b559@group-31C3DC938042-LeaderElection50] INFO  impl.RoleInfo (RoleInfo.java:shutdownLeaderElection(134)) - 8bce6a00-3bba-419d-83ac-b35141b6b559: shutdown LeaderElection
2019-10-19 01:26:28,573 [8bce6a00-3bba-419d-83ac-b35141b6b559@group-31C3DC938042-LeaderElection50] INFO  impl.RoleInfo (RoleInfo.java:updateAndGet(143)) - 8bce6a00-3bba-419d-83ac-b35141b6b559: start FollowerState
2019-10-19 01:26:28,719 [Thread-672] INFO  impl.FollowerState (FollowerState.java:run(108)) - 8bce6a00-3bba-419d-83ac-b35141b6b559@group-31C3DC938042-FollowerState: change to CANDIDATE, lastRpcTime:145ms, electionTimeout:145ms
2019-10-19 01:26:28,719 [Thread-672] INFO  impl.RoleInfo (RoleInfo.java:shutdownFollowerState(121)) - 8bce6a00-3bba-419d-83ac-b35141b6b559: shutdown FollowerState
2019-10-19 01:26:28,719 [Thread-672] INFO  impl.RaftServerImpl (RaftServerImpl.java:setRole(184)) - 8bce6a00-3bba-419d-83ac-b35141b6b559@group-31C3DC938042: changes role from  FOLLOWER to CANDIDATE at term 24 for changeToCandidate
2019-10-19 01:26:28,719 [Thread-672] INFO  impl.RoleInfo (RoleInfo.java:updateAndGet(143)) - 8bce6a00-3bba-419d-83ac-b35141b6b559: start LeaderElection
2019-10-19 01:26:28,725 [8bce6a00-3bba-419d-83ac-b35141b6b559@group-31C3DC938042-LeaderElection51] INFO  impl.LeaderElection (LeaderElection.java:askForVotes(178)) - 8bce6a00-3bba-419d-83ac-b35141b6b559@group-31C3DC938042-LeaderElection51: begin an election at term 25 for -1: [774c78e1-8dd4-453d-975e-442189a07fe2:192.168.157.242:38712, 7247ad7d-2ca2-4af8-9337-77c07ea89cb3:192.168.157.242:42362, 8bce6a00-3bba-419d-83ac-b35141b6b559:192.168.157.242:37801], old=null
2019-10-19 01:26:28,728 [grpc-default-executor-8] INFO  impl.RaftServerImpl (RaftServerImpl.java:setRole(184)) - 774c78e1-8dd4-453d-975e-442189a07fe2@group-31C3DC938042: changes role from  FOLLOWER to FOLLOWER at term 25 for recognizeCandidate:8bce6a00-3bba-419d-83ac-b35141b6b559
2019-10-19 01:26:28,728 [grpc-default-executor-6] INFO  impl.RaftServerImpl (RaftServerImpl.java:setRole(184)) - 7247ad7d-2ca2-4af8-9337-77c07ea89cb3@group-31C3DC938042: changes role from  FOLLOWER to FOLLOWER at term 25 for recognizeCandidate:8bce6a00-3bba-419d-83ac-b35141b6b559
2019-10-19 01:26:28,728 [grpc-default-executor-8] INFO  impl.RoleInfo (RoleInfo.java:shutdownFollowerState(121)) - 774c78e1-8dd4-453d-975e-442189a07fe2: shutdown FollowerState
2019-10-19 01:26:28,729 [grpc-default-executor-6] INFO  impl.RoleInfo (RoleInfo.java:shutdownFollowerState(121)) - 7247ad7d-2ca2-4af8-9337-77c07ea89cb3: shutdown FollowerState
2019-10-19 01:26:28,729 [grpc-default-executor-8] INFO  impl.RoleInfo (RoleInfo.java:updateAndGet(143)) - 774c78e1-8dd4-453d-975e-442189a07fe2: start FollowerState
2019-10-19 01:26:28,729 [Thread-668] INFO  impl.FollowerState (FollowerState.java:run(117)) - 774c78e1-8dd4-453d-975e-442189a07fe2@group-31C3DC938042-FollowerState was interrupted: java.lang.InterruptedException: sleep interrupted
2019-10-19 01:26:28,729 [Thread-669] INFO  impl.FollowerState (FollowerState.java:run(117)) - 7247ad7d-2ca2-4af8-9337-77c07ea89cb3@group-31C3DC938042-FollowerState was interrupted: java.lang.InterruptedException: sleep interrupted
2019-10-19 01:26:28,729 [grpc-default-executor-6] INFO  impl.RoleInfo (RoleInfo.java:updateAndGet(143)) - 7247ad7d-2ca2-4af8-9337-77c07ea89cb3: start FollowerState
2019-10-19 01:26:28,756 [8bce6a00-3bba-419d-83ac-b35141b6b559@group-31C3DC938042-LeaderElection51] INFO  impl.LeaderElection (LeaderElection.java:logAndReturn(56)) - 8bce6a00-3bba-419d-83ac-b35141b6b559@group-31C3DC938042-LeaderElection51: Election REJECTED; received 2 response(s) [8bce6a00-3bba-419d-83ac-b35141b6b559<-774c78e1-8dd4-453d-975e-442189a07fe2#0:FAIL-t25, 8bce6a00-3bba-419d-83ac-b35141b6b559<-7247ad7d-2ca2-4af8-9337-77c07ea89cb3#0:FAIL-t25] and 0 exception(s); 8bce6a00-3bba-419d-83ac-b35141b6b559@group-31C3DC938042:t25, leader=null, voted=8bce6a00-3bba-419d-83ac-b35141b6b559, raftlog=8bce6a00-3bba-419d-83ac-b35141b6b559@group-31C3DC938042-SegmentedRaftLog:OPENED:c-1,f-1,i0, conf=-1: [774c78e1-8dd4-453d-975e-442189a07fe2:192.168.157.242:38712, 7247ad7d-2ca2-4af8-9337-77c07ea89cb3:192.168.157.242:42362, 8bce6a00-3bba-419d-83ac-b35141b6b559:192.168.157.242:37801], old=null
2019-10-19 01:26:28,756 [8bce6a00-3bba-419d-83ac-b35141b6b559@group-31C3DC938042-LeaderElection51] INFO  impl.RaftServerImpl (RaftServerImpl.java:setRole(184)) - 8bce6a00-3bba-419d-83ac-b35141b6b559@group-31C3DC938042: changes role from CANDIDATE to FOLLOWER at term 25 for DISCOVERED_A_NEW_TERM
2019-10-19 01:26:28,756 [8bce6a00-3bba-419d-83ac-b35141b6b559@group-31C3DC938042-LeaderElection51] INFO  impl.RoleInfo (RoleInfo.java:shutdownLeaderElection(134)) - 8bce6a00-3bba-419d-83ac-b35141b6b559: shutdown LeaderElection
2019-10-19 01:26:28,757 [8bce6a00-3bba-419d-83ac-b35141b6b559@group-31C3DC938042-LeaderElection51] INFO  impl.RoleInfo (RoleInfo.java:updateAndGet(143)) - 8bce6a00-3bba-419d-83ac-b35141b6b559: start FollowerState
2019-10-19 01:26:28,893 [Thread-678] INFO  impl.FollowerState (FollowerState.java:run(108)) - 8bce6a00-3bba-419d-83ac-b35141b6b559@group-31C3DC938042-FollowerState: change to CANDIDATE, lastRpcTime:136ms, electionTimeout:136ms
2019-10-19 01:26:28,893 [Thread-678] INFO  impl.RoleInfo (RoleInfo.java:shutdownFollowerState(121)) - 8bce6a00-3bba-419d-83ac-b35141b6b559: shutdown FollowerState
2019-10-19 01:26:28,893 [Thread-678] INFO  impl.RaftServerImpl (RaftServerImpl.java:setRole(184)) - 8bce6a00-3bba-419d-83ac-b35141b6b559@group-31C3DC938042: changes role from  FOLLOWER to CANDIDATE at term 25 for changeToCandidate
2019-10-19 01:26:28,893 [Thread-678] INFO  impl.RoleInfo (RoleInfo.java:updateAndGet(143)) - 8bce6a00-3bba-419d-83ac-b35141b6b559: start LeaderElection
2019-10-19 01:26:28,911 [8bce6a00-3bba-419d-83ac-b35141b6b559@group-31C3DC938042-LeaderElection52] INFO  impl.LeaderElection (LeaderElection.java:askForVotes(178)) - 8bce6a00-3bba-419d-83ac-b35141b6b559@group-31C3DC938042-LeaderElection52: begin an election at term 26 for -1: [774c78e1-8dd4-453d-975e-442189a07fe2:192.168.157.242:38712, 7247ad7d-2ca2-4af8-9337-77c07ea89cb3:192.168.157.242:42362, 8bce6a00-3bba-419d-83ac-b35141b6b559:192.168.157.242:37801], old=null
2019-10-19 01:26:28,914 [grpc-default-executor-6] INFO  impl.RaftServerImpl (RaftServerImpl.java:setRole(184)) - 774c78e1-8dd4-453d-975e-442189a07fe2@group-31C3DC938042: changes role from  FOLLOWER to FOLLOWER at term 26 for recognizeCandidate:8bce6a00-3bba-419d-83ac-b35141b6b559
2019-10-19 01:26:28,914 [grpc-default-executor-8] INFO  impl.RaftServerImpl (RaftServerImpl.java:setRole(184)) - 7247ad7d-2ca2-4af8-9337-77c07ea89cb3@group-31C3DC938042: changes role from  FOLLOWER to FOLLOWER at term 26 for recognizeCandidate:8bce6a00-3bba-419d-83ac-b35141b6b559
2019-10-19 01:26:28,914 [grpc-default-executor-6] INFO  impl.RoleInfo (RoleInfo.java:shutdownFollowerState(121)) - 774c78e1-8dd4-453d-975e-442189a07fe2: shutdown FollowerState
2019-10-19 01:26:28,914 [grpc-default-executor-8] INFO  impl.RoleInfo (RoleInfo.java:shutdownFollowerState(121)) - 7247ad7d-2ca2-4af8-9337-77c07ea89cb3: shutdown FollowerState
2019-10-19 01:26:28,914 [Thread-676] INFO  impl.FollowerState (FollowerState.java:run(117)) - 774c78e1-8dd4-453d-975e-442189a07fe2@group-31C3DC938042-FollowerState was interrupted: java.lang.InterruptedException: sleep interrupted
2019-10-19 01:26:28,914 [grpc-default-executor-6] INFO  impl.RoleInfo (RoleInfo.java:updateAndGet(143)) - 774c78e1-8dd4-453d-975e-442189a07fe2: start FollowerState
2019-10-19 01:26:28,914 [grpc-default-executor-8] INFO  impl.RoleInfo (RoleInfo.java:updateAndGet(143)) - 7247ad7d-2ca2-4af8-9337-77c07ea89cb3: start FollowerState
2019-10-19 01:26:28,914 [Thread-677] INFO  impl.FollowerState (FollowerState.java:run(117)) - 7247ad7d-2ca2-4af8-9337-77c07ea89cb3@group-31C3DC938042-FollowerState was interrupted: java.lang.InterruptedException: sleep interrupted
2019-10-19 01:26:28,979 [8bce6a00-3bba-419d-83ac-b35141b6b559@group-31C3DC938042-LeaderElection52] INFO  impl.LeaderElection (LeaderElection.java:logAndReturn(56)) - 8bce6a00-3bba-419d-83ac-b35141b6b559@group-31C3DC938042-LeaderElection52: Election REJECTED; received 2 response(s) [8bce6a00-3bba-419d-83ac-b35141b6b559<-774c78e1-8dd4-453d-975e-442189a07fe2#0:FAIL-t26, 8bce6a00-3bba-419d-83ac-b35141b6b559<-7247ad7d-2ca2-4af8-9337-77c07ea89cb3#0:FAIL-t26] and 0 exception(s); 8bce6a00-3bba-419d-83ac-b35141b6b559@group-31C3DC938042:t26, leader=null, voted=8bce6a00-3bba-419d-83ac-b35141b6b559, raftlog=8bce6a00-3bba-419d-83ac-b35141b6b559@group-31C3DC938042-SegmentedRaftLog:OPENED:c-1,f-1,i0, conf=-1: [774c78e1-8dd4-453d-975e-442189a07fe2:192.168.157.242:38712, 7247ad7d-2ca2-4af8-9337-77c07ea89cb3:192.168.157.242:42362, 8bce6a00-3bba-419d-83ac-b35141b6b559:192.168.157.242:37801], old=null
2019-10-19 01:26:28,979 [8bce6a00-3bba-419d-83ac-b35141b6b559@group-31C3DC938042-LeaderElection52] INFO  impl.RaftServerImpl (RaftServerImpl.java:setRole(184)) - 8bce6a00-3bba-419d-83ac-b35141b6b559@group-31C3DC938042: changes role from CANDIDATE to FOLLOWER at term 26 for DISCOVERED_A_NEW_TERM
2019-10-19 01:26:28,979 [8bce6a00-3bba-419d-83ac-b35141b6b559@group-31C3DC938042-LeaderElection52] INFO  impl.RoleInfo (RoleInfo.java:shutdownLeaderElection(134)) - 8bce6a00-3bba-419d-83ac-b35141b6b559: shutdown LeaderElection
2019-10-19 01:26:28,979 [8bce6a00-3bba-419d-83ac-b35141b6b559@group-31C3DC938042-LeaderElection52] INFO  impl.RoleInfo (RoleInfo.java:updateAndGet(143)) - 8bce6a00-3bba-419d-83ac-b35141b6b559: start FollowerState
2019-10-19 01:26:29,159 [Thread-685] INFO  impl.FollowerState (FollowerState.java:run(108)) - 8bce6a00-3bba-419d-83ac-b35141b6b559@group-31C3DC938042-FollowerState: change to CANDIDATE, lastRpcTime:179ms, electionTimeout:179ms
2019-10-19 01:26:29,159 [Thread-685] INFO  impl.RoleInfo (RoleInfo.java:shutdownFollowerState(121)) - 8bce6a00-3bba-419d-83ac-b35141b6b559: shutdown FollowerState
2019-10-19 01:26:29,159 [Thread-685] INFO  impl.RaftServerImpl (RaftServerImpl.java:setRole(184)) - 8bce6a00-3bba-419d-83ac-b35141b6b559@group-31C3DC938042: changes role from  FOLLOWER to CANDIDATE at term 26 for changeToCandidate
2019-10-19 01:26:29,159 [Thread-685] INFO  impl.RoleInfo (RoleInfo.java:updateAndGet(143)) - 8bce6a00-3bba-419d-83ac-b35141b6b559: start LeaderElection
2019-10-19 01:26:29,166 [8bce6a00-3bba-419d-83ac-b35141b6b559@group-31C3DC938042-LeaderElection53] INFO  impl.LeaderElection (LeaderElection.java:askForVotes(178)) - 8bce6a00-3bba-419d-83ac-b35141b6b559@group-31C3DC938042-LeaderElection53: begin an election at term 27 for -1: [774c78e1-8dd4-453d-975e-442189a07fe2:192.168.157.242:38712, 7247ad7d-2ca2-4af8-9337-77c07ea89cb3:192.168.157.242:42362, 8bce6a00-3bba-419d-83ac-b35141b6b559:192.168.157.242:37801], old=null
2019-10-19 01:26:29,168 [grpc-default-executor-8] INFO  impl.RaftServerImpl (RaftServerImpl.java:setRole(184)) - 7247ad7d-2ca2-4af8-9337-77c07ea89cb3@group-31C3DC938042: changes role from  FOLLOWER to FOLLOWER at term 27 for recognizeCandidate:8bce6a00-3bba-419d-83ac-b35141b6b559
2019-10-19 01:26:29,168 [grpc-default-executor-6] INFO  impl.RaftServerImpl (RaftServerImpl.java:setRole(184)) - 774c78e1-8dd4-453d-975e-442189a07fe2@group-31C3DC938042: changes role from  FOLLOWER to FOLLOWER at term 27 for recognizeCandidate:8bce6a00-3bba-419d-83ac-b35141b6b559
2019-10-19 01:26:29,169 [grpc-default-executor-8] INFO  impl.RoleInfo (RoleInfo.java:shutdownFollowerState(121)) - 7247ad7d-2ca2-4af8-9337-77c07ea89cb3: shutdown FollowerState
2019-10-19 01:26:29,169 [grpc-default-executor-6] INFO  impl.RoleInfo (RoleInfo.java:shutdownFollowerState(121)) - 774c78e1-8dd4-453d-975e-442189a07fe2: shutdown FollowerState
2019-10-19 01:26:29,169 [grpc-default-executor-8] INFO  impl.RoleInfo (RoleInfo.java:updateAndGet(143)) - 7247ad7d-2ca2-4af8-9337-77c07ea89cb3: start FollowerState
2019-10-19 01:26:29,169 [Thread-683] INFO  impl.FollowerState (FollowerState.java:run(117)) - 7247ad7d-2ca2-4af8-9337-77c07ea89cb3@group-31C3DC938042-FollowerState was interrupted: java.lang.InterruptedException: sleep interrupted
2019-10-19 01:26:29,169 [Thread-682] INFO  impl.FollowerState (FollowerState.java:run(117)) - 774c78e1-8dd4-453d-975e-442189a07fe2@group-31C3DC938042-FollowerState was interrupted: java.lang.InterruptedException: sleep interrupted
2019-10-19 01:26:29,169 [grpc-default-executor-6] INFO  impl.RoleInfo (RoleInfo.java:updateAndGet(143)) - 774c78e1-8dd4-453d-975e-442189a07fe2: start FollowerState
2019-10-19 01:26:29,220 [8bce6a00-3bba-419d-83ac-b35141b6b559@group-31C3DC938042-LeaderElection53] INFO  impl.LeaderElection (LeaderElection.java:logAndReturn(56)) - 8bce6a00-3bba-419d-83ac-b35141b6b559@group-31C3DC938042-LeaderElection53: Election REJECTED; received 2 response(s) [8bce6a00-3bba-419d-83ac-b35141b6b559<-774c78e1-8dd4-453d-975e-442189a07fe2#0:FAIL-t27, 8bce6a00-3bba-419d-83ac-b35141b6b559<-7247ad7d-2ca2-4af8-9337-77c07ea89cb3#0:FAIL-t27] and 0 exception(s); 8bce6a00-3bba-419d-83ac-b35141b6b559@group-31C3DC938042:t27, leader=null, voted=8bce6a00-3bba-419d-83ac-b35141b6b559, raftlog=8bce6a00-3bba-419d-83ac-b35141b6b559@group-31C3DC938042-SegmentedRaftLog:OPENED:c-1,f-1,i0, conf=-1: [774c78e1-8dd4-453d-975e-442189a07fe2:192.168.157.242:38712, 7247ad7d-2ca2-4af8-9337-77c07ea89cb3:192.168.157.242:42362, 8bce6a00-3bba-419d-83ac-b35141b6b559:192.168.157.242:37801], old=null
2019-10-19 01:26:29,221 [8bce6a00-3bba-419d-83ac-b35141b6b559@group-31C3DC938042-LeaderElection53] INFO  impl.RaftServerImpl (RaftServerImpl.java:setRole(184)) - 8bce6a00-3bba-419d-83ac-b35141b6b559@group-31C3DC938042: changes role from CANDIDATE to FOLLOWER at term 27 for DISCOVERED_A_NEW_TERM
2019-10-19 01:26:29,221 [8bce6a00-3bba-419d-83ac-b35141b6b559@group-31C3DC938042-LeaderElection53] INFO  impl.RoleInfo (RoleInfo.java:shutdownLeaderElection(134)) - 8bce6a00-3bba-419d-83ac-b35141b6b559: shutdown LeaderElection
2019-10-19 01:26:29,221 [8bce6a00-3bba-419d-83ac-b35141b6b559@group-31C3DC938042-LeaderElection53] INFO  impl.RoleInfo (RoleInfo.java:updateAndGet(143)) - 8bce6a00-3bba-419d-83ac-b35141b6b559: start FollowerState
2019-10-19 01:26:29,227 [Thread-694] INFO  impl.FollowerState (FollowerState.java:run(108)) - 8bce6a00-3bba-419d-83ac-b35141b6b559@group-31C3DC938042-FollowerState: change to CANDIDATE, lastRpcTime:6ms, electionTimeout:6ms
2019-10-19 01:26:29,227 [Thread-694] INFO  impl.RoleInfo (RoleInfo.java:shutdownFollowerState(121)) - 8bce6a00-3bba-419d-83ac-b35141b6b559: shutdown FollowerState
2019-10-19 01:26:29,228 [Thread-694] INFO  impl.RaftServerImpl (RaftServerImpl.java:setRole(184)) - 8bce6a00-3bba-419d-83ac-b35141b6b559@group-31C3DC938042: changes role from  FOLLOWER to CANDIDATE at term 27 for changeToCandidate
2019-10-19 01:26:29,228 [Thread-694] INFO  impl.RoleInfo (RoleInfo.java:updateAndGet(143)) - 8bce6a00-3bba-419d-83ac-b35141b6b559: start LeaderElection
2019-10-19 01:26:29,243 [8bce6a00-3bba-419d-83ac-b35141b6b559@group-31C3DC938042-LeaderElection54] INFO  impl.LeaderElection (LeaderElection.java:askForVotes(178)) - 8bce6a00-3bba-419d-83ac-b35141b6b559@group-31C3DC938042-LeaderElection54: begin an election at term 28 for -1: [774c78e1-8dd4-453d-975e-442189a07fe2:192.168.157.242:38712, 7247ad7d-2ca2-4af8-9337-77c07ea89cb3:192.168.157.242:42362, 8bce6a00-3bba-419d-83ac-b35141b6b559:192.168.157.242:37801], old=null
2019-10-19 01:26:29,246 [grpc-default-executor-6] INFO  impl.RaftServerImpl (RaftServerImpl.java:setRole(184)) - 774c78e1-8dd4-453d-975e-442189a07fe2@group-31C3DC938042: changes role from  FOLLOWER to FOLLOWER at term 28 for recognizeCandidate:8bce6a00-3bba-419d-83ac-b35141b6b559
2019-10-19 01:26:29,246 [grpc-default-executor-8] INFO  impl.RaftServerImpl (RaftServerImpl.java:setRole(184)) - 7247ad7d-2ca2-4af8-9337-77c07ea89cb3@group-31C3DC938042: changes role from  FOLLOWER to FOLLOWER at term 28 for recognizeCandidate:8bce6a00-3bba-419d-83ac-b35141b6b559
2019-10-19 01:26:29,246 [grpc-default-executor-8] INFO  impl.RoleInfo (RoleInfo.java:shutdownFollowerState(121)) - 7247ad7d-2ca2-4af8-9337-77c07ea89cb3: shutdown FollowerState
2019-10-19 01:26:29,246 [grpc-default-executor-6] INFO  impl.RoleInfo (RoleInfo.java:shutdownFollowerState(121)) - 774c78e1-8dd4-453d-975e-442189a07fe2: shutdown FollowerState
2019-10-19 01:26:29,246 [grpc-default-executor-8] INFO  impl.RoleInfo (RoleInfo.java:updateAndGet(143)) - 7247ad7d-2ca2-4af8-9337-77c07ea89cb3: start FollowerState
2019-10-19 01:26:29,246 [Thread-693] INFO  impl.FollowerState (FollowerState.java:run(117)) - 774c78e1-8dd4-453d-975e-442189a07fe2@group-31C3DC938042-FollowerState was interrupted: java.lang.InterruptedException: sleep interrupted
2019-10-19 01:26:29,246 [grpc-default-executor-6] INFO  impl.RoleInfo (RoleInfo.java:updateAndGet(143)) - 774c78e1-8dd4-453d-975e-442189a07fe2: start FollowerState
2019-10-19 01:26:29,246 [Thread-692] INFO  impl.FollowerState (FollowerState.java:run(117)) - 7247ad7d-2ca2-4af8-9337-77c07ea89cb3@group-31C3DC938042-FollowerState was interrupted: java.lang.InterruptedException: sleep interrupted
2019-10-19 01:26:29,271 [8bce6a00-3bba-419d-83ac-b35141b6b559@group-31C3DC938042-LeaderElection54] INFO  impl.LeaderElection (LeaderElection.java:logAndReturn(56)) - 8bce6a00-3bba-419d-83ac-b35141b6b559@group-31C3DC938042-LeaderElection54: Election REJECTED; received 2 response(s) [8bce6a00-3bba-419d-83ac-b35141b6b559<-774c78e1-8dd4-453d-975e-442189a07fe2#0:FAIL-t28, 8bce6a00-3bba-419d-83ac-b35141b6b559<-7247ad7d-2ca2-4af8-9337-77c07ea89cb3#0:FAIL-t28] and 0 exception(s); 8bce6a00-3bba-419d-83ac-b35141b6b559@group-31C3DC938042:t28, leader=null, voted=8bce6a00-3bba-419d-83ac-b35141b6b559, raftlog=8bce6a00-3bba-419d-83ac-b35141b6b559@group-31C3DC938042-SegmentedRaftLog:OPENED:c-1,f-1,i0, conf=-1: [774c78e1-8dd4-453d-975e-442189a07fe2:192.168.157.242:38712, 7247ad7d-2ca2-4af8-9337-77c07ea89cb3:192.168.157.242:42362, 8bce6a00-3bba-419d-83ac-b35141b6b559:192.168.157.242:37801], old=null
2019-10-19 01:26:29,271 [8bce6a00-3bba-419d-83ac-b35141b6b559@group-31C3DC938042-LeaderElection54] INFO  impl.RaftServerImpl (RaftServerImpl.java:setRole(184)) - 8bce6a00-3bba-419d-83ac-b35141b6b559@group-31C3DC938042: changes role from CANDIDATE to FOLLOWER at term 28 for DISCOVERED_A_NEW_TERM
2019-10-19 01:26:29,271 [8bce6a00-3bba-419d-83ac-b35141b6b559@group-31C3DC938042-LeaderElection54] INFO  impl.RoleInfo (RoleInfo.java:shutdownLeaderElection(134)) - 8bce6a00-3bba-419d-83ac-b35141b6b559: shutdown LeaderElection
2019-10-19 01:26:29,271 [8bce6a00-3bba-419d-83ac-b35141b6b559@group-31C3DC938042-LeaderElection54] INFO  impl.RoleInfo (RoleInfo.java:updateAndGet(143)) - 8bce6a00-3bba-419d-83ac-b35141b6b559: start FollowerState
2019-10-19 01:26:29,294 [Thread-700] INFO  impl.FollowerState (FollowerState.java:run(108)) - 8bce6a00-3bba-419d-83ac-b35141b6b559@group-31C3DC938042-FollowerState: change to CANDIDATE, lastRpcTime:22ms, electionTimeout:22ms
2019-10-19 01:26:29,294 [Thread-700] INFO  impl.RoleInfo (RoleInfo.java:shutdownFollowerState(121)) - 8bce6a00-3bba-419d-83ac-b35141b6b559: shutdown FollowerState
2019-10-19 01:26:29,294 [Thread-700] INFO  impl.RaftServerImpl (RaftServerImpl.java:setRole(184)) - 8bce6a00-3bba-419d-83ac-b35141b6b559@group-31C3DC938042: changes role from  FOLLOWER to CANDIDATE at term 28 for changeToCandidate
2019-10-19 01:26:29,294 [Thread-700] INFO  impl.RoleInfo (RoleInfo.java:updateAndGet(143)) - 8bce6a00-3bba-419d-83ac-b35141b6b559: start LeaderElection
2019-10-19 01:26:29,307 [8bce6a00-3bba-419d-83ac-b35141b6b559@group-31C3DC938042-LeaderElection55] INFO  impl.LeaderElection (LeaderElection.java:askForVotes(178)) - 8bce6a00-3bba-419d-83ac-b35141b6b559@group-31C3DC938042-LeaderElection55: begin an election at term 29 for -1: [774c78e1-8dd4-453d-975e-442189a07fe2:192.168.157.242:38712, 7247ad7d-2ca2-4af8-9337-77c07ea89cb3:192.168.157.242:42362, 8bce6a00-3bba-419d-83ac-b35141b6b559:192.168.157.242:37801], old=null
2019-10-19 01:26:29,310 [grpc-default-executor-6] INFO  impl.RaftServerImpl (RaftServerImpl.java:setRole(184)) - 7247ad7d-2ca2-4af8-9337-77c07ea89cb3@group-31C3DC938042: changes role from  FOLLOWER to FOLLOWER at term 29 for recognizeCandidate:8bce6a00-3bba-419d-83ac-b35141b6b559
2019-10-19 01:26:29,310 [grpc-default-executor-6] INFO  impl.RoleInfo (RoleInfo.java:shutdownFollowerState(121)) - 7247ad7d-2ca2-4af8-9337-77c07ea89cb3: shutdown FollowerState
2019-10-19 01:26:29,310 [grpc-default-executor-8] INFO  impl.RaftServerImpl (RaftServerImpl.java:setRole(184)) - 774c78e1-8dd4-453d-975e-442189a07fe2@group-31C3DC938042: changes role from  FOLLOWER to FOLLOWER at term 29 for recognizeCandidate:8bce6a00-3bba-419d-83ac-b35141b6b559
2019-10-19 01:26:29,310 [grpc-default-executor-8] INFO  impl.RoleInfo (RoleInfo.java:shutdownFollowerState(121)) - 774c78e1-8dd4-453d-975e-442189a07fe2: shutdown FollowerState
2019-10-19 01:26:29,310 [Thread-698] INFO  impl.FollowerState (FollowerState.java:run(117)) - 7247ad7d-2ca2-4af8-9337-77c07ea89cb3@group-31C3DC938042-FollowerState was interrupted: java.lang.InterruptedException: sleep interrupted
2019-10-19 01:26:29,310 [grpc-default-executor-8] INFO  impl.RoleInfo (RoleInfo.java:updateAndGet(143)) - 774c78e1-8dd4-453d-975e-442189a07fe2: start FollowerState
2019-10-19 01:26:29,310 [grpc-default-executor-6] INFO  impl.RoleInfo (RoleInfo.java:updateAndGet(143)) - 7247ad7d-2ca2-4af8-9337-77c07ea89cb3: start FollowerState
2019-10-19 01:26:29,310 [Thread-699] INFO  impl.FollowerState (FollowerState.java:run(117)) - 774c78e1-8dd4-453d-975e-442189a07fe2@group-31C3DC938042-FollowerState was interrupted: java.lang.InterruptedException: sleep interrupted
2019-10-19 01:26:29,323 [8bce6a00-3bba-419d-83ac-b35141b6b559@group-31C3DC938042-LeaderElection55] INFO  impl.LeaderElection (LeaderElection.java:logAndReturn(56)) - 8bce6a00-3bba-419d-83ac-b35141b6b559@group-31C3DC938042-LeaderElection55: Election REJECTED; received 2 response(s) [8bce6a00-3bba-419d-83ac-b35141b6b559<-774c78e1-8dd4-453d-975e-442189a07fe2#0:FAIL-t29, 8bce6a00-3bba-419d-83ac-b35141b6b559<-7247ad7d-2ca2-4af8-9337-77c07ea89cb3#0:FAIL-t29] and 0 exception(s); 8bce6a00-3bba-419d-83ac-b35141b6b559@group-31C3DC938042:t29, leader=null, voted=8bce6a00-3bba-419d-83ac-b35141b6b559, raftlog=8bce6a00-3bba-419d-83ac-b35141b6b559@group-31C3DC938042-SegmentedRaftLog:OPENED:c-1,f-1,i0, conf=-1: [774c78e1-8dd4-453d-975e-442189a07fe2:192.168.157.242:38712, 7247ad7d-2ca2-4af8-9337-77c07ea89cb3:192.168.157.242:42362, 8bce6a00-3bba-419d-83ac-b35141b6b559:192.168.157.242:37801], old=null
2019-10-19 01:26:29,324 [8bce6a00-3bba-419d-83ac-b35141b6b559@group-31C3DC938042-LeaderElection55] INFO  impl.RaftServerImpl (RaftServerImpl.java:setRole(184)) - 8bce6a00-3bba-419d-83ac-b35141b6b559@group-31C3DC938042: changes role from CANDIDATE to FOLLOWER at term 29 for DISCOVERED_A_NEW_TERM
2019-10-19 01:26:29,324 [8bce6a00-3bba-419d-83ac-b35141b6b559@group-31C3DC938042-LeaderElection55] INFO  impl.RoleInfo (RoleInfo.java:shutdownLeaderElection(134)) - 8bce6a00-3bba-419d-83ac-b35141b6b559: shutdown LeaderElection
2019-10-19 01:26:29,324 [8bce6a00-3bba-419d-83ac-b35141b6b559@group-31C3DC938042-LeaderElection55] INFO  impl.RoleInfo (RoleInfo.java:updateAndGet(143)) - 8bce6a00-3bba-419d-83ac-b35141b6b559: start FollowerState
2019-10-19 01:26:29,336 [Thread-706] INFO  impl.FollowerState (FollowerState.java:run(108)) - 8bce6a00-3bba-419d-83ac-b35141b6b559@group-31C3DC938042-FollowerState: change to CANDIDATE, lastRpcTime:12ms, electionTimeout:12ms
2019-10-19 01:26:29,337 [Thread-706] INFO  impl.RoleInfo (RoleInfo.java:shutdownFollowerState(121)) - 8bce6a00-3bba-419d-83ac-b35141b6b559: shutdown FollowerState
2019-10-19 01:26:29,337 [Thread-706] INFO  impl.RaftServerImpl (RaftServerImpl.java:setRole(184)) - 8bce6a00-3bba-419d-83ac-b35141b6b559@group-31C3DC938042: changes role from  FOLLOWER to CANDIDATE at term 29 for changeToCandidate
2019-10-19 01:26:29,337 [Thread-706] INFO  impl.RoleInfo (RoleInfo.java:updateAndGet(143)) - 8bce6a00-3bba-419d-83ac-b35141b6b559: start LeaderElection
2019-10-19 01:26:29,351 [8bce6a00-3bba-419d-83ac-b35141b6b559@group-31C3DC938042-LeaderElection56] INFO  impl.LeaderElection (LeaderElection.java:askForVotes(178)) - 8bce6a00-3bba-419d-83ac-b35141b6b559@group-31C3DC938042-LeaderElection56: begin an election at term 30 for -1: [774c78e1-8dd4-453d-975e-442189a07fe2:192.168.157.242:38712, 7247ad7d-2ca2-4af8-9337-77c07ea89cb3:192.168.157.242:42362, 8bce6a00-3bba-419d-83ac-b35141b6b559:192.168.157.242:37801], old=null
2019-10-19 01:26:29,353 [grpc-default-executor-6] INFO  impl.RaftServerImpl (RaftServerImpl.java:setRole(184)) - 7247ad7d-2ca2-4af8-9337-77c07ea89cb3@group-31C3DC938042: changes role from  FOLLOWER to FOLLOWER at term 30 for recognizeCandidate:8bce6a00-3bba-419d-83ac-b35141b6b559
2019-10-19 01:26:29,354 [grpc-default-executor-6] INFO  impl.RoleInfo (RoleInfo.java:shutdownFollowerState(121)) - 7247ad7d-2ca2-4af8-9337-77c07ea89cb3: shutdown FollowerState
2019-10-19 01:26:29,354 [grpc-default-executor-6] INFO  impl.RoleInfo (RoleInfo.java:updateAndGet(143)) - 7247ad7d-2ca2-4af8-9337-77c07ea89cb3: start FollowerState
2019-10-19 01:26:29,354 [grpc-default-executor-8] INFO  impl.RaftServerImpl (RaftServerImpl.java:setRole(184)) - 774c78e1-8dd4-453d-975e-442189a07fe2@group-31C3DC938042: changes role from  FOLLOWER to FOLLOWER at term 30 for recognizeCandidate:8bce6a00-3bba-419d-83ac-b35141b6b559
2019-10-19 01:26:29,354 [Thread-704] INFO  impl.FollowerState (FollowerState.java:run(117)) - 7247ad7d-2ca2-4af8-9337-77c07ea89cb3@group-31C3DC938042-FollowerState was interrupted: java.lang.InterruptedException: sleep interrupted
2019-10-19 01:26:29,354 [grpc-default-executor-8] INFO  impl.RoleInfo (RoleInfo.java:shutdownFollowerState(121)) - 774c78e1-8dd4-453d-975e-442189a07fe2: shutdown FollowerState
2019-10-19 01:26:29,354 [Thread-705] INFO  impl.FollowerState (FollowerState.java:run(117)) - 774c78e1-8dd4-453d-975e-442189a07fe2@group-31C3DC938042-FollowerState was interrupted: java.lang.InterruptedException: sleep interrupted
2019-10-19 01:26:29,354 [grpc-default-executor-8] INFO  impl.RoleInfo (RoleInfo.java:updateAndGet(143)) - 774c78e1-8dd4-453d-975e-442189a07fe2: start FollowerState
2019-10-19 01:26:29,382 [8bce6a00-3bba-419d-83ac-b35141b6b559@group-31C3DC938042-LeaderElection56] INFO  impl.LeaderElection (LeaderElection.java:logAndReturn(56)) - 8bce6a00-3bba-419d-83ac-b35141b6b559@group-31C3DC938042-LeaderElection56: Election REJECTED; received 2 response(s) [8bce6a00-3bba-419d-83ac-b35141b6b559<-774c78e1-8dd4-453d-975e-442189a07fe2#0:FAIL-t30, 8bce6a00-3bba-419d-83ac-b35141b6b559<-7247ad7d-2ca2-4af8-9337-77c07ea89cb3#0:FAIL-t30] and 0 exception(s); 8bce6a00-3bba-419d-83ac-b35141b6b559@group-31C3DC938042:t30, leader=null, voted=8bce6a00-3bba-419d-83ac-b35141b6b559, raftlog=8bce6a00-3bba-419d-83ac-b35141b6b559@group-31C3DC938042-SegmentedRaftLog:OPENED:c-1,f-1,i0, conf=-1: [774c78e1-8dd4-453d-975e-442189a07fe2:192.168.157.242:38712, 7247ad7d-2ca2-4af8-9337-77c07ea89cb3:192.168.157.242:42362, 8bce6a00-3bba-419d-83ac-b35141b6b559:192.168.157.242:37801], old=null
2019-10-19 01:26:29,382 [8bce6a00-3bba-419d-83ac-b35141b6b559@group-31C3DC938042-LeaderElection56] INFO  impl.RaftServerImpl (RaftServerImpl.java:setRole(184)) - 8bce6a00-3bba-419d-83ac-b35141b6b559@group-31C3DC938042: changes role from CANDIDATE to FOLLOWER at term 30 for DISCOVERED_A_NEW_TERM
2019-10-19 01:26:29,383 [8bce6a00-3bba-419d-83ac-b35141b6b559@group-31C3DC938042-LeaderElection56] INFO  impl.RoleInfo (RoleInfo.java:shutdownLeaderElection(134)) - 8bce6a00-3bba-419d-83ac-b35141b6b559: shutdown LeaderElection
2019-10-19 01:26:29,383 [8bce6a00-3bba-419d-83ac-b35141b6b559@group-31C3DC938042-LeaderElection56] INFO  impl.RoleInfo (RoleInfo.java:updateAndGet(143)) - 8bce6a00-3bba-419d-83ac-b35141b6b559: start FollowerState
2019-10-19 01:26:29,520 [Thread-712] INFO  impl.FollowerState (FollowerState.java:run(108)) - 8bce6a00-3bba-419d-83ac-b35141b6b559@group-31C3DC938042-FollowerState: change to CANDIDATE, lastRpcTime:137ms, electionTimeout:137ms
2019-10-19 01:26:29,520 [Thread-712] INFO  impl.RoleInfo (RoleInfo.java:shutdownFollowerState(121)) - 8bce6a00-3bba-419d-83ac-b35141b6b559: shutdown FollowerState
2019-10-19 01:26:29,521 [Thread-712] INFO  impl.RaftServerImpl (RaftServerImpl.java:setRole(184)) - 8bce6a00-3bba-419d-83ac-b35141b6b559@group-31C3DC938042: changes role from  FOLLOWER to CANDIDATE at term 30 for changeToCandidate
2019-10-19 01:26:29,521 [Thread-712] INFO  impl.RoleInfo (RoleInfo.java:updateAndGet(143)) - 8bce6a00-3bba-419d-83ac-b35141b6b559: start LeaderElection
2019-10-19 01:26:29,524 [8bce6a00-3bba-419d-83ac-b35141b6b559@group-31C3DC938042-LeaderElection57] INFO  impl.LeaderElection (LeaderElection.java:askForVotes(178)) - 8bce6a00-3bba-419d-83ac-b35141b6b559@group-31C3DC938042-LeaderElection57: begin an election at term 31 for -1: [774c78e1-8dd4-453d-975e-442189a07fe2:192.168.157.242:38712, 7247ad7d-2ca2-4af8-9337-77c07ea89cb3:192.168.157.242:42362, 8bce6a00-3bba-419d-83ac-b35141b6b559:192.168.157.242:37801], old=null
2019-10-19 01:26:29,527 [grpc-default-executor-8] INFO  impl.RaftServerImpl (RaftServerImpl.java:setRole(184)) - 774c78e1-8dd4-453d-975e-442189a07fe2@group-31C3DC938042: changes role from  FOLLOWER to FOLLOWER at term 31 for recognizeCandidate:8bce6a00-3bba-419d-83ac-b35141b6b559
2019-10-19 01:26:29,527 [grpc-default-executor-6] INFO  impl.RaftServerImpl (RaftServerImpl.java:setRole(184)) - 7247ad7d-2ca2-4af8-9337-77c07ea89cb3@group-31C3DC938042: changes role from  FOLLOWER to FOLLOWER at term 31 for recognizeCandidate:8bce6a00-3bba-419d-83ac-b35141b6b559
2019-10-19 01:26:29,527 [grpc-default-executor-8] INFO  impl.RoleInfo (RoleInfo.java:shutdownFollowerState(121)) - 774c78e1-8dd4-453d-975e-442189a07fe2: shutdown FollowerState
2019-10-19 01:26:29,527 [grpc-default-executor-6] INFO  impl.RoleInfo (RoleInfo.java:shutdownFollowerState(121)) - 7247ad7d-2ca2-4af8-9337-77c07ea89cb3: shutdown FollowerState
2019-10-19 01:26:29,527 [grpc-default-executor-8] INFO  impl.RoleInfo (RoleInfo.java:updateAndGet(143)) - 774c78e1-8dd4-453d-975e-442189a07fe2: start FollowerState
2019-10-19 01:26:29,527 [Thread-710] INFO  impl.FollowerState (FollowerState.java:run(117)) - 7247ad7d-2ca2-4af8-9337-77c07ea89cb3@group-31C3DC938042-FollowerState was interrupted: java.lang.InterruptedException: sleep interrupted
2019-10-19 01:26:29,527 [Thread-711] INFO  impl.FollowerState (FollowerState.java:run(117)) - 774c78e1-8dd4-453d-975e-442189a07fe2@group-31C3DC938042-FollowerState was interrupted: java.lang.InterruptedException: sleep interrupted
2019-10-19 01:26:29,527 [grpc-default-executor-6] INFO  impl.RoleInfo (RoleInfo.java:updateAndGet(143)) - 7247ad7d-2ca2-4af8-9337-77c07ea89cb3: start FollowerState
2019-10-19 01:26:29,543 [8bce6a00-3bba-419d-83ac-b35141b6b559@group-31C3DC938042-LeaderElection57] INFO  impl.LeaderElection (LeaderElection.java:logAndReturn(56)) - 8bce6a00-3bba-419d-83ac-b35141b6b559@group-31C3DC938042-LeaderElection57: Election REJECTED; received 2 response(s) [8bce6a00-3bba-419d-83ac-b35141b6b559<-774c78e1-8dd4-453d-975e-442189a07fe2#0:FAIL-t31, 8bce6a00-3bba-419d-83ac-b35141b6b559<-7247ad7d-2ca2-4af8-9337-77c07ea89cb3#0:FAIL-t31] and 0 exception(s); 8bce6a00-3bba-419d-83ac-b35141b6b559@group-31C3DC938042:t31, leader=null, voted=8bce6a00-3bba-419d-83ac-b35141b6b559, raftlog=8bce6a00-3bba-419d-83ac-b35141b6b559@group-31C3DC938042-SegmentedRaftLog:OPENED:c-1,f-1,i0, conf=-1: [774c78e1-8dd4-453d-975e-442189a07fe2:192.168.157.242:38712, 7247ad7d-2ca2-4af8-9337-77c07ea89cb3:192.168.157.242:42362, 8bce6a00-3bba-419d-83ac-b35141b6b559:192.168.157.242:37801], old=null
2019-10-19 01:26:29,543 [8bce6a00-3bba-419d-83ac-b35141b6b559@group-31C3DC938042-LeaderElection57] INFO  impl.RaftServerImpl (RaftServerImpl.java:setRole(184)) - 8bce6a00-3bba-419d-83ac-b35141b6b559@group-31C3DC938042: changes role from CANDIDATE to FOLLOWER at term 31 for DISCOVERED_A_NEW_TERM
2019-10-19 01:26:29,544 [8bce6a00-3bba-419d-83ac-b35141b6b559@group-31C3DC938042-LeaderElection57] INFO  impl.RoleInfo (RoleInfo.java:shutdownLeaderElection(134)) - 8bce6a00-3bba-419d-83ac-b35141b6b559: shutdown LeaderElection
2019-10-19 01:26:29,544 [8bce6a00-3bba-419d-83ac-b35141b6b559@group-31C3DC938042-LeaderElection57] INFO  impl.RoleInfo (RoleInfo.java:updateAndGet(143)) - 8bce6a00-3bba-419d-83ac-b35141b6b559: start FollowerState
2019-10-19 01:26:29,682 [Thread-722] INFO  impl.FollowerState (FollowerState.java:run(108)) - 8bce6a00-3bba-419d-83ac-b35141b6b559@group-31C3DC938042-FollowerState: change to CANDIDATE, lastRpcTime:138ms, electionTimeout:138ms
2019-10-19 01:26:29,682 [Thread-722] INFO  impl.RoleInfo (RoleInfo.java:shutdownFollowerState(121)) - 8bce6a00-3bba-419d-83ac-b35141b6b559: shutdown FollowerState
2019-10-19 01:26:29,683 [Thread-722] INFO  impl.RaftServerImpl (RaftServerImpl.java:setRole(184)) - 8bce6a00-3bba-419d-83ac-b35141b6b559@group-31C3DC938042: changes role from  FOLLOWER to CANDIDATE at term 31 for changeToCandidate
2019-10-19 01:26:29,683 [Thread-722] INFO  impl.RoleInfo (RoleInfo.java:updateAndGet(143)) - 8bce6a00-3bba-419d-83ac-b35141b6b559: start LeaderElection
2019-10-19 01:26:29,714 [8bce6a00-3bba-419d-83ac-b35141b6b559@group-31C3DC938042-LeaderElection58] INFO  impl.LeaderElection (LeaderElection.java:askForVotes(178)) - 8bce6a00-3bba-419d-83ac-b35141b6b559@group-31C3DC938042-LeaderElection58: begin an election at term 32 for -1: [774c78e1-8dd4-453d-975e-442189a07fe2:192.168.157.242:38712, 7247ad7d-2ca2-4af8-9337-77c07ea89cb3:192.168.157.242:42362, 8bce6a00-3bba-419d-83ac-b35141b6b559:192.168.157.242:37801], old=null
2019-10-19 01:26:29,718 [grpc-default-executor-8] INFO  impl.RaftServerImpl (RaftServerImpl.java:setRole(184)) - 7247ad7d-2ca2-4af8-9337-77c07ea89cb3@group-31C3DC938042: changes role from  FOLLOWER to FOLLOWER at term 32 for recognizeCandidate:8bce6a00-3bba-419d-83ac-b35141b6b559
2019-10-19 01:26:29,718 [grpc-default-executor-6] INFO  impl.RaftServerImpl (RaftServerImpl.java:setRole(184)) - 774c78e1-8dd4-453d-975e-442189a07fe2@group-31C3DC938042: changes role from  FOLLOWER to FOLLOWER at term 32 for recognizeCandidate:8bce6a00-3bba-419d-83ac-b35141b6b559
2019-10-19 01:26:29,718 [grpc-default-executor-8] INFO  impl.RoleInfo (RoleInfo.java:shutdownFollowerState(121)) - 7247ad7d-2ca2-4af8-9337-77c07ea89cb3: shutdown FollowerState
2019-10-19 01:26:29,718 [grpc-default-executor-6] INFO  impl.RoleInfo (RoleInfo.java:shutdownFollowerState(121)) - 774c78e1-8dd4-453d-975e-442189a07fe2: shutdown FollowerState
2019-10-19 01:26:29,718 [Thread-720] INFO  impl.FollowerState (FollowerState.java:run(117)) - 7247ad7d-2ca2-4af8-9337-77c07ea89cb3@group-31C3DC938042-FollowerState was interrupted: java.lang.InterruptedException: sleep interrupted
2019-10-19 01:26:29,718 [Thread-719] INFO  impl.FollowerState (FollowerState.java:run(117)) - 774c78e1-8dd4-453d-975e-442189a07fe2@group-31C3DC938042-FollowerState was interrupted: java.lang.InterruptedException: sleep interrupted
2019-10-19 01:26:29,718 [grpc-default-executor-8] INFO  impl.RoleInfo (RoleInfo.java:updateAndGet(143)) - 7247ad7d-2ca2-4af8-9337-77c07ea89cb3: start FollowerState
2019-10-19 01:26:29,718 [grpc-default-executor-6] INFO  impl.RoleInfo (RoleInfo.java:updateAndGet(143)) - 774c78e1-8dd4-453d-975e-442189a07fe2: start FollowerState
2019-10-19 01:26:29,738 [8bce6a00-3bba-419d-83ac-b35141b6b559@group-31C3DC938042-LeaderElection58] INFO  impl.LeaderElection (LeaderElection.java:logAndReturn(56)) - 8bce6a00-3bba-419d-83ac-b35141b6b559@group-31C3DC938042-LeaderElection58: Election REJECTED; received 2 response(s) [8bce6a00-3bba-419d-83ac-b35141b6b559<-774c78e1-8dd4-453d-975e-442189a07fe2#0:FAIL-t32, 8bce6a00-3bba-419d-83ac-b35141b6b559<-7247ad7d-2ca2-4af8-9337-77c07ea89cb3#0:FAIL-t32] and 0 exception(s); 8bce6a00-3bba-419d-83ac-b35141b6b559@group-31C3DC938042:t32, leader=null, voted=8bce6a00-3bba-419d-83ac-b35141b6b559, raftlog=8bce6a00-3bba-419d-83ac-b35141b6b559@group-31C3DC938042-SegmentedRaftLog:OPENED:c-1,f-1,i0, conf=-1: [774c78e1-8dd4-453d-975e-442189a07fe2:192.168.157.242:38712, 7247ad7d-2ca2-4af8-9337-77c07ea89cb3:192.168.157.242:42362, 8bce6a00-3bba-419d-83ac-b35141b6b559:192.168.157.242:37801], old=null
2019-10-19 01:26:29,738 [8bce6a00-3bba-419d-83ac-b35141b6b559@group-31C3DC938042-LeaderElection58] INFO  impl.RaftServerImpl (RaftServerImpl.java:setRole(184)) - 8bce6a00-3bba-419d-83ac-b35141b6b559@group-31C3DC938042: changes role from CANDIDATE to FOLLOWER at term 32 for DISCOVERED_A_NEW_TERM
2019-10-19 01:26:29,738 [8bce6a00-3bba-419d-83ac-b35141b6b559@group-31C3DC938042-LeaderElection58] INFO  impl.RoleInfo (RoleInfo.java:shutdownLeaderElection(134)) - 8bce6a00-3bba-419d-83ac-b35141b6b559: shutdown LeaderElection
2019-10-19 01:26:29,738 [8bce6a00-3bba-419d-83ac-b35141b6b559@group-31C3DC938042-LeaderElection58] INFO  impl.RoleInfo (RoleInfo.java:updateAndGet(143)) - 8bce6a00-3bba-419d-83ac-b35141b6b559: start FollowerState
2019-10-19 01:26:29,771 [Thread-730] INFO  impl.FollowerState (FollowerState.java:run(108)) - 8bce6a00-3bba-419d-83ac-b35141b6b559@group-31C3DC938042-FollowerState: change to CANDIDATE, lastRpcTime:33ms, electionTimeout:33ms
2019-10-19 01:26:29,771 [Thread-730] INFO  impl.RoleInfo (RoleInfo.java:shutdownFollowerState(121)) - 8bce6a00-3bba-419d-83ac-b35141b6b559: shutdown FollowerState
2019-10-19 01:26:29,772 [Thread-730] INFO  impl.RaftServerImpl (RaftServerImpl.java:setRole(184)) - 8bce6a00-3bba-419d-83ac-b35141b6b559@group-31C3DC938042: changes role from  FOLLOWER to CANDIDATE at term 32 for changeToCandidate
2019-10-19 01:26:29,772 [Thread-730] INFO  impl.RoleInfo (RoleInfo.java:updateAndGet(143)) - 8bce6a00-3bba-419d-83ac-b35141b6b559: start LeaderElection
2019-10-19 01:26:29,818 [8bce6a00-3bba-419d-83ac-b35141b6b559@group-31C3DC938042-LeaderElection59] INFO  impl.LeaderElection (LeaderElection.java:askForVotes(178)) - 8bce6a00-3bba-419d-83ac-b35141b6b559@group-31C3DC938042-LeaderElection59: begin an election at term 33 for -1: [774c78e1-8dd4-453d-975e-442189a07fe2:192.168.157.242:38712, 7247ad7d-2ca2-4af8-9337-77c07ea89cb3:192.168.157.242:42362, 8bce6a00-3bba-419d-83ac-b35141b6b559:192.168.157.242:37801], old=null
2019-10-19 01:26:29,820 [grpc-default-executor-6] INFO  impl.RaftServerImpl (RaftServerImpl.java:setRole(184)) - 774c78e1-8dd4-453d-975e-442189a07fe2@group-31C3DC938042: changes role from  FOLLOWER to FOLLOWER at term 33 for recognizeCandidate:8bce6a00-3bba-419d-83ac-b35141b6b559
2019-10-19 01:26:29,820 [grpc-default-executor-8] INFO  impl.RaftServerImpl (RaftServerImpl.java:setRole(184)) - 7247ad7d-2ca2-4af8-9337-77c07ea89cb3@group-31C3DC938042: changes role from  FOLLOWER to FOLLOWER at term 33 for recognizeCandidate:8bce6a00-3bba-419d-83ac-b35141b6b559
2019-10-19 01:26:29,820 [grpc-default-executor-6] INFO  impl.RoleInfo (RoleInfo.java:shutdownFollowerState(121)) - 774c78e1-8dd4-453d-975e-442189a07fe2: shutdown FollowerState
2019-10-19 01:26:29,820 [grpc-default-executor-8] INFO  impl.RoleInfo (RoleInfo.java:shutdownFollowerState(121)) - 7247ad7d-2ca2-4af8-9337-77c07ea89cb3: shutdown FollowerState
2019-10-19 01:26:29,821 [Thread-729] INFO  impl.FollowerState (FollowerState.java:run(117)) - 774c78e1-8dd4-453d-975e-442189a07fe2@group-31C3DC938042-FollowerState was interrupted: java.lang.InterruptedException: sleep interrupted
2019-10-19 01:26:29,821 [grpc-default-executor-8] INFO  impl.RoleInfo (RoleInfo.java:updateAndGet(143)) - 7247ad7d-2ca2-4af8-9337-77c07ea89cb3: start FollowerState
2019-10-19 01:26:29,820 [grpc-default-executor-6] INFO  impl.RoleInfo (RoleInfo.java:updateAndGet(143)) - 774c78e1-8dd4-453d-975e-442189a07fe2: start FollowerState
2019-10-19 01:26:29,821 [Thread-728] INFO  impl.FollowerState (FollowerState.java:run(117)) - 7247ad7d-2ca2-4af8-9337-77c07ea89cb3@group-31C3DC938042-FollowerState was interrupted: java.lang.InterruptedException: sleep interrupted
2019-10-19 01:26:29,868 [8bce6a00-3bba-419d-83ac-b35141b6b559@group-31C3DC938042-LeaderElection59] INFO  impl.LeaderElection (LeaderElection.java:logAndReturn(56)) - 8bce6a00-3bba-419d-83ac-b35141b6b559@group-31C3DC938042-LeaderElection59: Election REJECTED; received 2 response(s) [8bce6a00-3bba-419d-83ac-b35141b6b559<-774c78e1-8dd4-453d-975e-442189a07fe2#0:FAIL-t33, 8bce6a00-3bba-419d-83ac-b35141b6b559<-7247ad7d-2ca2-4af8-9337-77c07ea89cb3#0:FAIL-t33] and 0 exception(s); 8bce6a00-3bba-419d-83ac-b35141b6b559@group-31C3DC938042:t33, leader=null, voted=8bce6a00-3bba-419d-83ac-b35141b6b559, raftlog=8bce6a00-3bba-419d-83ac-b35141b6b559@group-31C3DC938042-SegmentedRaftLog:OPENED:c-1,f-1,i0, conf=-1: [774c78e1-8dd4-453d-975e-442189a07fe2:192.168.157.242:38712, 7247ad7d-2ca2-4af8-9337-77c07ea89cb3:192.168.157.242:42362, 8bce6a00-3bba-419d-83ac-b35141b6b559:192.168.157.242:37801], old=null
2019-10-19 01:26:29,869 [8bce6a00-3bba-419d-83ac-b35141b6b559@group-31C3DC938042-LeaderElection59] INFO  impl.RaftServerImpl (RaftServerImpl.java:setRole(184)) - 8bce6a00-3bba-419d-83ac-b35141b6b559@group-31C3DC938042: changes role from CANDIDATE to FOLLOWER at term 33 for DISCOVERED_A_NEW_TERM
2019-10-19 01:26:29,869 [8bce6a00-3bba-419d-83ac-b35141b6b559@group-31C3DC938042-LeaderElection59] INFO  impl.RoleInfo (RoleInfo.java:shutdownLeaderElection(134)) - 8bce6a00-3bba-419d-83ac-b35141b6b559: shutdown LeaderElection
2019-10-19 01:26:29,869 [8bce6a00-3bba-419d-83ac-b35141b6b559@group-31C3DC938042-LeaderElection59] INFO  impl.RoleInfo (RoleInfo.java:updateAndGet(143)) - 8bce6a00-3bba-419d-83ac-b35141b6b559: start FollowerState
2019-10-19 01:26:29,975 [Thread-736] INFO  impl.FollowerState (FollowerState.java:run(108)) - 8bce6a00-3bba-419d-83ac-b35141b6b559@group-31C3DC938042-FollowerState: change to CANDIDATE, lastRpcTime:106ms, electionTimeout:106ms
2019-10-19 01:26:29,975 [Thread-736] INFO  impl.RoleInfo (RoleInfo.java:shutdownFollowerState(121)) - 8bce6a00-3bba-419d-83ac-b35141b6b559: shutdown FollowerState
2019-10-19 01:26:29,976 [Thread-736] INFO  impl.RaftServerImpl (RaftServerImpl.java:setRole(184)) - 8bce6a00-3bba-419d-83ac-b35141b6b559@group-31C3DC938042: changes role from  FOLLOWER to CANDIDATE at term 33 for changeToCandidate
2019-10-19 01:26:29,976 [Thread-736] INFO  impl.RoleInfo (RoleInfo.java:updateAndGet(143)) - 8bce6a00-3bba-419d-83ac-b35141b6b559: start LeaderElection
2019-10-19 01:26:29,979 [8bce6a00-3bba-419d-83ac-b35141b6b559@group-31C3DC938042-LeaderElection60] INFO  impl.LeaderElection (LeaderElection.java:askForVotes(178)) - 8bce6a00-3bba-419d-83ac-b35141b6b559@group-31C3DC938042-LeaderElection60: begin an election at term 34 for -1: [774c78e1-8dd4-453d-975e-442189a07fe2:192.168.157.242:38712, 7247ad7d-2ca2-4af8-9337-77c07ea89cb3:192.168.157.242:42362, 8bce6a00-3bba-419d-83ac-b35141b6b559:192.168.157.242:37801], old=null
2019-10-19 01:26:29,981 [grpc-default-executor-8] INFO  impl.RaftServerImpl (RaftServerImpl.java:setRole(184)) - 774c78e1-8dd4-453d-975e-442189a07fe2@group-31C3DC938042: changes role from  FOLLOWER to FOLLOWER at term 34 for recognizeCandidate:8bce6a00-3bba-419d-83ac-b35141b6b559
2019-10-19 01:26:29,981 [grpc-default-executor-6] INFO  impl.RaftServerImpl (RaftServerImpl.java:setRole(184)) - 7247ad7d-2ca2-4af8-9337-77c07ea89cb3@group-31C3DC938042: changes role from  FOLLOWER to FOLLOWER at term 34 for recognizeCandidate:8bce6a00-3bba-419d-83ac-b35141b6b559
2019-10-19 01:26:29,981 [grpc-default-executor-8] INFO  impl.RoleInfo (RoleInfo.java:shutdownFollowerState(121)) - 774c78e1-8dd4-453d-975e-442189a07fe2: shutdown FollowerState
2019-10-19 01:26:29,981 [grpc-default-executor-6] INFO  impl.RoleInfo (RoleInfo.java:shutdownFollowerState(121)) - 7247ad7d-2ca2-4af8-9337-77c07ea89cb3: shutdown FollowerState
2019-10-19 01:26:29,981 [Thread-734] INFO  impl.FollowerState (FollowerState.java:run(117)) - 774c78e1-8dd4-453d-975e-442189a07fe2@group-31C3DC938042-FollowerState was interrupted: java.lang.InterruptedException: sleep interrupted
2019-10-19 01:26:29,981 [Thread-735] INFO  impl.FollowerState (FollowerState.java:run(117)) - 7247ad7d-2ca2-4af8-9337-77c07ea89cb3@group-31C3DC938042-FollowerState was interrupted: java.lang.InterruptedException: sleep interrupted
2019-10-19 01:26:29,981 [grpc-default-executor-8] INFO  impl.RoleInfo (RoleInfo.java:updateAndGet(143)) - 774c78e1-8dd4-453d-975e-442189a07fe2: start FollowerState
2019-10-19 01:26:29,981 [grpc-default-executor-6] INFO  impl.RoleInfo (RoleInfo.java:updateAndGet(143)) - 7247ad7d-2ca2-4af8-9337-77c07ea89cb3: start FollowerState
2019-10-19 01:26:30,005 [8bce6a00-3bba-419d-83ac-b35141b6b559@group-31C3DC938042-LeaderElection60] INFO  impl.LeaderElection (LeaderElection.java:logAndReturn(56)) - 8bce6a00-3bba-419d-83ac-b35141b6b559@group-31C3DC938042-LeaderElection60: Election TIMEOUT; received 0 response(s) [] and 0 exception(s); 8bce6a00-3bba-419d-83ac-b35141b6b559@group-31C3DC938042:t34, leader=null, voted=8bce6a00-3bba-419d-83ac-b35141b6b559, raftlog=8bce6a00-3bba-419d-83ac-b35141b6b559@group-31C3DC938042-SegmentedRaftLog:OPENED:c-1,f-1,i0, conf=-1: [774c78e1-8dd4-453d-975e-442189a07fe2:192.168.157.242:38712, 7247ad7d-2ca2-4af8-9337-77c07ea89cb3:192.168.157.242:42362, 8bce6a00-3bba-419d-83ac-b35141b6b559:192.168.157.242:37801], old=null
2019-10-19 01:26:30,022 [8bce6a00-3bba-419d-83ac-b35141b6b559@group-31C3DC938042-LeaderElection60] INFO  impl.LeaderElection (LeaderElection.java:askForVotes(178)) - 8bce6a00-3bba-419d-83ac-b35141b6b559@group-31C3DC938042-LeaderElection60: begin an election at term 35 for -1: [774c78e1-8dd4-453d-975e-442189a07fe2:192.168.157.242:38712, 7247ad7d-2ca2-4af8-9337-77c07ea89cb3:192.168.157.242:42362, 8bce6a00-3bba-419d-83ac-b35141b6b559:192.168.157.242:37801], old=null
2019-10-19 01:26:30,024 [grpc-default-executor-8] INFO  impl.RaftServerImpl (RaftServerImpl.java:setRole(184)) - 774c78e1-8dd4-453d-975e-442189a07fe2@group-31C3DC938042: changes role from  FOLLOWER to FOLLOWER at term 35 for recognizeCandidate:8bce6a00-3bba-419d-83ac-b35141b6b559
2019-10-19 01:26:30,024 [grpc-default-executor-6] INFO  impl.RaftServerImpl (RaftServerImpl.java:setRole(184)) - 7247ad7d-2ca2-4af8-9337-77c07ea89cb3@group-31C3DC938042: changes role from  FOLLOWER to FOLLOWER at term 35 for recognizeCandidate:8bce6a00-3bba-419d-83ac-b35141b6b559
2019-10-19 01:26:30,024 [grpc-default-executor-8] INFO  impl.RoleInfo (RoleInfo.java:shutdownFollowerState(121)) - 774c78e1-8dd4-453d-975e-442189a07fe2: shutdown FollowerState
2019-10-19 01:26:30,024 [grpc-default-executor-6] INFO  impl.RoleInfo (RoleInfo.java:shutdownFollowerState(121)) - 7247ad7d-2ca2-4af8-9337-77c07ea89cb3: shutdown FollowerState
2019-10-19 01:26:30,024 [Thread-741] INFO  impl.FollowerState (FollowerState.java:run(117)) - 774c78e1-8dd4-453d-975e-442189a07fe2@group-31C3DC938042-FollowerState was interrupted: java.lang.InterruptedException: sleep interrupted
2019-10-19 01:26:30,024 [grpc-default-executor-8] INFO  impl.RoleInfo (RoleInfo.java:updateAndGet(143)) - 774c78e1-8dd4-453d-975e-442189a07fe2: start FollowerState
2019-10-19 01:26:30,024 [Thread-742] INFO  impl.FollowerState (FollowerState.java:run(117)) - 7247ad7d-2ca2-4af8-9337-77c07ea89cb3@group-31C3DC938042-FollowerState was interrupted: java.lang.InterruptedException: sleep interrupted
2019-10-19 01:26:30,024 [grpc-default-executor-6] INFO  impl.RoleInfo (RoleInfo.java:updateAndGet(143)) - 7247ad7d-2ca2-4af8-9337-77c07ea89cb3: start FollowerState
2019-10-19 01:26:30,050 [8bce6a00-3bba-419d-83ac-b35141b6b559@group-31C3DC938042-LeaderElection60] INFO  impl.LeaderElection (LeaderElection.java:logAndReturn(56)) - 8bce6a00-3bba-419d-83ac-b35141b6b559@group-31C3DC938042-LeaderElection60: Election REJECTED; received 2 response(s) [8bce6a00-3bba-419d-83ac-b35141b6b559<-774c78e1-8dd4-453d-975e-442189a07fe2#0:FAIL-t35, 8bce6a00-3bba-419d-83ac-b35141b6b559<-7247ad7d-2ca2-4af8-9337-77c07ea89cb3#0:FAIL-t35] and 0 exception(s); 8bce6a00-3bba-419d-83ac-b35141b6b559@group-31C3DC938042:t35, leader=null, voted=8bce6a00-3bba-419d-83ac-b35141b6b559, raftlog=8bce6a00-3bba-419d-83ac-b35141b6b559@group-31C3DC938042-SegmentedRaftLog:OPENED:c-1,f-1,i0, conf=-1: [774c78e1-8dd4-453d-975e-442189a07fe2:192.168.157.242:38712, 7247ad7d-2ca2-4af8-9337-77c07ea89cb3:192.168.157.242:42362, 8bce6a00-3bba-419d-83ac-b35141b6b559:192.168.157.242:37801], old=null
2019-10-19 01:26:30,050 [8bce6a00-3bba-419d-83ac-b35141b6b559@group-31C3DC938042-LeaderElection60] INFO  impl.RaftServerImpl (RaftServerImpl.java:setRole(184)) - 8bce6a00-3bba-419d-83ac-b35141b6b559@group-31C3DC938042: changes role from CANDIDATE to FOLLOWER at term 35 for DISCOVERED_A_NEW_TERM
2019-10-19 01:26:30,050 [8bce6a00-3bba-419d-83ac-b35141b6b559@group-31C3DC938042-LeaderElection60] INFO  impl.RoleInfo (RoleInfo.java:shutdownLeaderElection(134)) - 8bce6a00-3bba-419d-83ac-b35141b6b559: shutdown LeaderElection
2019-10-19 01:26:30,050 [8bce6a00-3bba-419d-83ac-b35141b6b559@group-31C3DC938042-LeaderElection60] INFO  impl.RoleInfo (RoleInfo.java:updateAndGet(143)) - 8bce6a00-3bba-419d-83ac-b35141b6b559: start FollowerState
2019-10-19 01:26:30,159 [Thread-748] INFO  impl.FollowerState (FollowerState.java:run(108)) - 8bce6a00-3bba-419d-83ac-b35141b6b559@group-31C3DC938042-FollowerState: change to CANDIDATE, lastRpcTime:109ms, electionTimeout:109ms
2019-10-19 01:26:30,159 [Thread-748] INFO  impl.RoleInfo (RoleInfo.java:shutdownFollowerState(121)) - 8bce6a00-3bba-419d-83ac-b35141b6b559: shutdown FollowerState
2019-10-19 01:26:30,159 [Thread-748] INFO  impl.RaftServerImpl (RaftServerImpl.java:setRole(184)) - 8bce6a00-3bba-419d-83ac-b35141b6b559@group-31C3DC938042: changes role from  FOLLOWER to CANDIDATE at term 35 for changeToCandidate
2019-10-19 01:26:30,159 [Thread-748] INFO  impl.RoleInfo (RoleInfo.java:updateAndGet(143)) - 8bce6a00-3bba-419d-83ac-b35141b6b559: start LeaderElection
2019-10-19 01:26:30,193 [8bce6a00-3bba-419d-83ac-b35141b6b559@group-31C3DC938042-LeaderElection61] INFO  impl.LeaderElection (LeaderElection.java:askForVotes(178)) - 8bce6a00-3bba-419d-83ac-b35141b6b559@group-31C3DC938042-LeaderElection61: begin an election at term 36 for -1: [774c78e1-8dd4-453d-975e-442189a07fe2:192.168.157.242:38712, 7247ad7d-2ca2-4af8-9337-77c07ea89cb3:192.168.157.242:42362, 8bce6a00-3bba-419d-83ac-b35141b6b559:192.168.157.242:37801], old=null
2019-10-19 01:26:30,195 [grpc-default-executor-6] INFO  impl.RaftServerImpl (RaftServerImpl.java:setRole(184)) - 774c78e1-8dd4-453d-975e-442189a07fe2@group-31C3DC938042: changes role from  FOLLOWER to FOLLOWER at term 36 for recognizeCandidate:8bce6a00-3bba-419d-83ac-b35141b6b559
2019-10-19 01:26:30,195 [grpc-default-executor-6] INFO  impl.RoleInfo (RoleInfo.java:shutdownFollowerState(121)) - 774c78e1-8dd4-453d-975e-442189a07fe2: shutdown FollowerState
2019-10-19 01:26:30,195 [grpc-default-executor-8] INFO  impl.RaftServerImpl (RaftServerImpl.java:setRole(184)) - 7247ad7d-2ca2-4af8-9337-77c07ea89cb3@group-31C3DC938042: changes role from  FOLLOWER to FOLLOWER at term 36 for recognizeCandidate:8bce6a00-3bba-419d-83ac-b35141b6b559
2019-10-19 01:26:30,195 [Thread-745] INFO  impl.FollowerState (FollowerState.java:run(117)) - 774c78e1-8dd4-453d-975e-442189a07fe2@group-31C3DC938042-FollowerState was interrupted: java.lang.InterruptedException: sleep interrupted
2019-10-19 01:26:30,195 [grpc-default-executor-6] INFO  impl.RoleInfo (RoleInfo.java:updateAndGet(143)) - 774c78e1-8dd4-453d-975e-442189a07fe2: start FollowerState
2019-10-19 01:26:30,195 [grpc-default-executor-8] INFO  impl.RoleInfo (RoleInfo.java:shutdownFollowerState(121)) - 7247ad7d-2ca2-4af8-9337-77c07ea89cb3: shutdown FollowerState
2019-10-19 01:26:30,196 [Thread-746] INFO  impl.FollowerState (FollowerState.java:run(117)) - 7247ad7d-2ca2-4af8-9337-77c07ea89cb3@group-31C3DC938042-FollowerState was interrupted: java.lang.InterruptedException: sleep interrupted
2019-10-19 01:26:30,196 [grpc-default-executor-8] INFO  impl.RoleInfo (RoleInfo.java:updateAndGet(143)) - 7247ad7d-2ca2-4af8-9337-77c07ea89cb3: start FollowerState
2019-10-19 01:26:30,207 [8bce6a00-3bba-419d-83ac-b35141b6b559@group-31C3DC938042-LeaderElection61] INFO  impl.LeaderElection (LeaderElection.java:logAndReturn(56)) - 8bce6a00-3bba-419d-83ac-b35141b6b559@group-31C3DC938042-LeaderElection61: Election REJECTED; received 2 response(s) [8bce6a00-3bba-419d-83ac-b35141b6b559<-774c78e1-8dd4-453d-975e-442189a07fe2#0:FAIL-t36, 8bce6a00-3bba-419d-83ac-b35141b6b559<-7247ad7d-2ca2-4af8-9337-77c07ea89cb3#0:FAIL-t36] and 0 exception(s); 8bce6a00-3bba-419d-83ac-b35141b6b559@group-31C3DC938042:t36, leader=null, voted=8bce6a00-3bba-419d-83ac-b35141b6b559, raftlog=8bce6a00-3bba-419d-83ac-b35141b6b559@group-31C3DC938042-SegmentedRaftLog:OPENED:c-1,f-1,i0, conf=-1: [774c78e1-8dd4-453d-975e-442189a07fe2:192.168.157.242:38712, 7247ad7d-2ca2-4af8-9337-77c07ea89cb3:192.168.157.242:42362, 8bce6a00-3bba-419d-83ac-b35141b6b559:192.168.157.242:37801], old=null
2019-10-19 01:26:30,207 [8bce6a00-3bba-419d-83ac-b35141b6b559@group-31C3DC938042-LeaderElection61] INFO  impl.RaftServerImpl (RaftServerImpl.java:setRole(184)) - 8bce6a00-3bba-419d-83ac-b35141b6b559@group-31C3DC938042: changes role from CANDIDATE to FOLLOWER at term 36 for DISCOVERED_A_NEW_TERM
2019-10-19 01:26:30,207 [8bce6a00-3bba-419d-83ac-b35141b6b559@group-31C3DC938042-LeaderElection61] INFO  impl.RoleInfo (RoleInfo.java:shutdownLeaderElection(134)) - 8bce6a00-3bba-419d-83ac-b35141b6b559: shutdown LeaderElection
2019-10-19 01:26:30,207 [8bce6a00-3bba-419d-83ac-b35141b6b559@group-31C3DC938042-LeaderElection61] INFO  impl.RoleInfo (RoleInfo.java:updateAndGet(143)) - 8bce6a00-3bba-419d-83ac-b35141b6b559: start FollowerState
2019-10-19 01:26:30,396 [Thread-756] INFO  impl.FollowerState (FollowerState.java:run(108)) - 8bce6a00-3bba-419d-83ac-b35141b6b559@group-31C3DC938042-FollowerState: change to CANDIDATE, lastRpcTime:188ms, electionTimeout:188ms
2019-10-19 01:26:30,396 [Thread-756] INFO  impl.RoleInfo (RoleInfo.java:shutdownFollowerState(121)) - 8bce6a00-3bba-419d-83ac-b35141b6b559: shutdown FollowerState
2019-10-19 01:26:30,396 [Thread-756] INFO  impl.RaftServerImpl (RaftServerImpl.java:setRole(184)) - 8bce6a00-3bba-419d-83ac-b35141b6b559@group-31C3DC938042: changes role from  FOLLOWER to CANDIDATE at term 36 for changeToCandidate
2019-10-19 01:26:30,396 [Thread-756] INFO  impl.RoleInfo (RoleInfo.java:updateAndGet(143)) - 8bce6a00-3bba-419d-83ac-b35141b6b559: start LeaderElection
2019-10-19 01:26:30,430 [8bce6a00-3bba-419d-83ac-b35141b6b559@group-31C3DC938042-LeaderElection62] INFO  impl.LeaderElection (LeaderElection.java:askForVotes(178)) - 8bce6a00-3bba-419d-83ac-b35141b6b559@group-31C3DC938042-LeaderElection62: begin an election at term 37 for -1: [774c78e1-8dd4-453d-975e-442189a07fe2:192.168.157.242:38712, 7247ad7d-2ca2-4af8-9337-77c07ea89cb3:192.168.157.242:42362, 8bce6a00-3bba-419d-83ac-b35141b6b559:192.168.157.242:37801], old=null
2019-10-19 01:26:30,433 [grpc-default-executor-6] INFO  impl.RaftServerImpl (RaftServerImpl.java:setRole(184)) - 774c78e1-8dd4-453d-975e-442189a07fe2@group-31C3DC938042: changes role from  FOLLOWER to FOLLOWER at term 37 for recognizeCandidate:8bce6a00-3bba-419d-83ac-b35141b6b559
2019-10-19 01:26:30,433 [grpc-default-executor-6] INFO  impl.RoleInfo (RoleInfo.java:shutdownFollowerState(121)) - 774c78e1-8dd4-453d-975e-442189a07fe2: shutdown FollowerState
2019-10-19 01:26:30,433 [grpc-default-executor-6] INFO  impl.RoleInfo (RoleInfo.java:updateAndGet(143)) - 774c78e1-8dd4-453d-975e-442189a07fe2: start FollowerState
2019-10-19 01:26:30,434 [Thread-754] INFO  impl.FollowerState (FollowerState.java:run(117)) - 774c78e1-8dd4-453d-975e-442189a07fe2@group-31C3DC938042-FollowerState was interrupted: java.lang.InterruptedException: sleep interrupted
2019-10-19 01:26:30,434 [grpc-default-executor-8] INFO  impl.RaftServerImpl (RaftServerImpl.java:setRole(184)) - 7247ad7d-2ca2-4af8-9337-77c07ea89cb3@group-31C3DC938042: changes role from  FOLLOWER to FOLLOWER at term 37 for recognizeCandidate:8bce6a00-3bba-419d-83ac-b35141b6b559
2019-10-19 01:26:30,434 [grpc-default-executor-8] INFO  impl.RoleInfo (RoleInfo.java:shutdownFollowerState(121)) - 7247ad7d-2ca2-4af8-9337-77c07ea89cb3: shutdown FollowerState
2019-10-19 01:26:30,434 [Thread-755] INFO  impl.FollowerState (FollowerState.java:run(117)) - 7247ad7d-2ca2-4af8-9337-77c07ea89cb3@group-31C3DC938042-FollowerState was interrupted: java.lang.InterruptedException: sleep interrupted
2019-10-19 01:26:30,434 [grpc-default-executor-8] INFO  impl.RoleInfo (RoleInfo.java:updateAndGet(143)) - 7247ad7d-2ca2-4af8-9337-77c07ea89cb3: start FollowerState
2019-10-19 01:26:30,446 [8bce6a00-3bba-419d-83ac-b35141b6b559@group-31C3DC938042-LeaderElection62] INFO  impl.LeaderElection (LeaderElection.java:logAndReturn(56)) - 8bce6a00-3bba-419d-83ac-b35141b6b559@group-31C3DC938042-LeaderElection62: Election TIMEOUT; received 0 response(s) [] and 0 exception(s); 8bce6a00-3bba-419d-83ac-b35141b6b559@group-31C3DC938042:t37, leader=null, voted=8bce6a00-3bba-419d-83ac-b35141b6b559, raftlog=8bce6a00-3bba-419d-83ac-b35141b6b559@group-31C3DC938042-SegmentedRaftLog:OPENED:c-1,f-1,i0, conf=-1: [774c78e1-8dd4-453d-975e-442189a07fe2:192.168.157.242:38712, 7247ad7d-2ca2-4af8-9337-77c07ea89cb3:192.168.157.242:42362, 8bce6a00-3bba-419d-83ac-b35141b6b559:192.168.157.242:37801], old=null
2019-10-19 01:26:30,460 [8bce6a00-3bba-419d-83ac-b35141b6b559@group-31C3DC938042-LeaderElection62] INFO  impl.LeaderElection (LeaderElection.java:askForVotes(178)) - 8bce6a00-3bba-419d-83ac-b35141b6b559@group-31C3DC938042-LeaderElection62: begin an election at term 38 for -1: [774c78e1-8dd4-453d-975e-442189a07fe2:192.168.157.242:38712, 7247ad7d-2ca2-4af8-9337-77c07ea89cb3:192.168.157.242:42362, 8bce6a00-3bba-419d-83ac-b35141b6b559:192.168.157.242:37801], old=null
2019-10-19 01:26:30,461 [grpc-default-executor-8] INFO  impl.RaftServerImpl (RaftServerImpl.java:setRole(184)) - 7247ad7d-2ca2-4af8-9337-77c07ea89cb3@group-31C3DC938042: changes role from  FOLLOWER to FOLLOWER at term 38 for recognizeCandidate:8bce6a00-3bba-419d-83ac-b35141b6b559
2019-10-19 01:26:30,461 [grpc-default-executor-6] INFO  impl.RaftServerImpl (RaftServerImpl.java:setRole(184)) - 774c78e1-8dd4-453d-975e-442189a07fe2@group-31C3DC938042: changes role from  FOLLOWER to FOLLOWER at term 38 for recognizeCandidate:8bce6a00-3bba-419d-83ac-b35141b6b559
2019-10-19 01:26:30,462 [grpc-default-executor-8] INFO  impl.RoleInfo (RoleInfo.java:shutdownFollowerState(121)) - 7247ad7d-2ca2-4af8-9337-77c07ea89cb3: shutdown FollowerState
2019-10-19 01:26:30,462 [grpc-default-executor-6] INFO  impl.RoleInfo (RoleInfo.java:shutdownFollowerState(121)) - 774c78e1-8dd4-453d-975e-442189a07fe2: shutdown FollowerState
2019-10-19 01:26:30,462 [grpc-default-executor-8] INFO  impl.RoleInfo (RoleInfo.java:updateAndGet(143)) - 7247ad7d-2ca2-4af8-9337-77c07ea89cb3: start FollowerState
2019-10-19 01:26:30,462 [Thread-762] INFO  impl.FollowerState (FollowerState.java:run(117)) - 774c78e1-8dd4-453d-975e-442189a07fe2@group-31C3DC938042-FollowerState was interrupted: java.lang.InterruptedException: sleep interrupted
2019-10-19 01:26:30,462 [grpc-default-executor-6] INFO  impl.RoleInfo (RoleInfo.java:updateAndGet(143)) - 774c78e1-8dd4-453d-975e-442189a07fe2: start FollowerState
2019-10-19 01:26:30,462 [Thread-763] INFO  impl.FollowerState (FollowerState.java:run(117)) - 7247ad7d-2ca2-4af8-9337-77c07ea89cb3@group-31C3DC938042-FollowerState was interrupted: java.lang.InterruptedException: sleep interrupted
2019-10-19 01:26:30,487 [8bce6a00-3bba-419d-83ac-b35141b6b559@group-31C3DC938042-LeaderElection62] INFO  impl.LeaderElection (LeaderElection.java:logAndReturn(56)) - 8bce6a00-3bba-419d-83ac-b35141b6b559@group-31C3DC938042-LeaderElection62: Election REJECTED; received 2 response(s) [8bce6a00-3bba-419d-83ac-b35141b6b559<-774c78e1-8dd4-453d-975e-442189a07fe2#0:FAIL-t38, 8bce6a00-3bba-419d-83ac-b35141b6b559<-7247ad7d-2ca2-4af8-9337-77c07ea89cb3#0:FAIL-t38] and 0 exception(s); 8bce6a00-3bba-419d-83ac-b35141b6b559@group-31C3DC938042:t38, leader=null, voted=8bce6a00-3bba-419d-83ac-b35141b6b559, raftlog=8bce6a00-3bba-419d-83ac-b35141b6b559@group-31C3DC938042-SegmentedRaftLog:OPENED:c-1,f-1,i0, conf=-1: [774c78e1-8dd4-453d-975e-442189a07fe2:192.168.157.242:38712, 7247ad7d-2ca2-4af8-9337-77c07ea89cb3:192.168.157.242:42362, 8bce6a00-3bba-419d-83ac-b35141b6b559:192.168.157.242:37801], old=null
2019-10-19 01:26:30,487 [8bce6a00-3bba-419d-83ac-b35141b6b559@group-31C3DC938042-LeaderElection62] INFO  impl.RaftServerImpl (RaftServerImpl.java:setRole(184)) - 8bce6a00-3bba-419d-83ac-b35141b6b559@group-31C3DC938042: changes role from CANDIDATE to FOLLOWER at term 38 for DISCOVERED_A_NEW_TERM
2019-10-19 01:26:30,487 [8bce6a00-3bba-419d-83ac-b35141b6b559@group-31C3DC938042-LeaderElection62] INFO  impl.RoleInfo (RoleInfo.java:shutdownLeaderElection(134)) - 8bce6a00-3bba-419d-83ac-b35141b6b559: shutdown LeaderElection
2019-10-19 01:26:30,487 [8bce6a00-3bba-419d-83ac-b35141b6b559@group-31C3DC938042-LeaderElection62] INFO  impl.RoleInfo (RoleInfo.java:updateAndGet(143)) - 8bce6a00-3bba-419d-83ac-b35141b6b559: start FollowerState
2019-10-19 01:26:30,560 [Thread-769] INFO  impl.FollowerState (FollowerState.java:run(108)) - 8bce6a00-3bba-419d-83ac-b35141b6b559@group-31C3DC938042-FollowerState: change to CANDIDATE, lastRpcTime:73ms, electionTimeout:73ms
2019-10-19 01:26:30,561 [Thread-769] INFO  impl.RoleInfo (RoleInfo.java:shutdownFollowerState(121)) - 8bce6a00-3bba-419d-83ac-b35141b6b559: shutdown FollowerState
2019-10-19 01:26:30,561 [Thread-769] INFO  impl.RaftServerImpl (RaftServerImpl.java:setRole(184)) - 8bce6a00-3bba-419d-83ac-b35141b6b559@group-31C3DC938042: changes role from  FOLLOWER to CANDIDATE at term 38 for changeToCandidate
2019-10-19 01:26:30,561 [Thread-769] INFO  impl.RoleInfo (RoleInfo.java:updateAndGet(143)) - 8bce6a00-3bba-419d-83ac-b35141b6b559: start LeaderElection
2019-10-19 01:26:30,565 [8bce6a00-3bba-419d-83ac-b35141b6b559@group-31C3DC938042-LeaderElection63] INFO  impl.LeaderElection (LeaderElection.java:askForVotes(178)) - 8bce6a00-3bba-419d-83ac-b35141b6b559@group-31C3DC938042-LeaderElection63: begin an election at term 39 for -1: [774c78e1-8dd4-453d-975e-442189a07fe2:192.168.157.242:38712, 7247ad7d-2ca2-4af8-9337-77c07ea89cb3:192.168.157.242:42362, 8bce6a00-3bba-419d-83ac-b35141b6b559:192.168.157.242:37801], old=null
2019-10-19 01:26:30,568 [grpc-default-executor-6] INFO  impl.RaftServerImpl (RaftServerImpl.java:setRole(184)) - 7247ad7d-2ca2-4af8-9337-77c07ea89cb3@group-31C3DC938042: changes role from  FOLLOWER to FOLLOWER at term 39 for recognizeCandidate:8bce6a00-3bba-419d-83ac-b35141b6b559
2019-10-19 01:26:30,568 [grpc-default-executor-8] INFO  impl.RaftServerImpl (RaftServerImpl.java:setRole(184)) - 774c78e1-8dd4-453d-975e-442189a07fe2@group-31C3DC938042: changes role from  FOLLOWER to FOLLOWER at term 39 for recognizeCandidate:8bce6a00-3bba-419d-83ac-b35141b6b559
2019-10-19 01:26:30,568 [grpc-default-executor-8] INFO  impl.RoleInfo (RoleInfo.java:shutdownFollowerState(121)) - 774c78e1-8dd4-453d-975e-442189a07fe2: shutdown FollowerState
2019-10-19 01:26:30,568 [grpc-default-executor-6] INFO  impl.RoleInfo (RoleInfo.java:shutdownFollowerState(121)) - 7247ad7d-2ca2-4af8-9337-77c07ea89cb3: shutdown FollowerState
2019-10-19 01:26:30,568 [grpc-default-executor-8] INFO  impl.RoleInfo (RoleInfo.java:updateAndGet(143)) - 774c78e1-8dd4-453d-975e-442189a07fe2: start FollowerState
2019-10-19 01:26:30,569 [Thread-766] INFO  impl.FollowerState (FollowerState.java:run(117)) - 7247ad7d-2ca2-4af8-9337-77c07ea89cb3@group-31C3DC938042-FollowerState was interrupted: java.lang.InterruptedException: sleep interrupted
2019-10-19 01:26:30,568 [grpc-default-executor-6] INFO  impl.RoleInfo (RoleInfo.java:updateAndGet(143)) - 7247ad7d-2ca2-4af8-9337-77c07ea89cb3: start FollowerState
2019-10-19 01:26:30,568 [Thread-767] INFO  impl.FollowerState (FollowerState.java:run(117)) - 774c78e1-8dd4-453d-975e-442189a07fe2@group-31C3DC938042-FollowerState was interrupted: java.lang.InterruptedException: sleep interrupted
2019-10-19 01:26:30,595 [8bce6a00-3bba-419d-83ac-b35141b6b559@group-31C3DC938042-LeaderElection63] INFO  impl.LeaderElection (LeaderElection.java:logAndReturn(56)) - 8bce6a00-3bba-419d-83ac-b35141b6b559@group-31C3DC938042-LeaderElection63: Election REJECTED; received 2 response(s) [8bce6a00-3bba-419d-83ac-b35141b6b559<-774c78e1-8dd4-453d-975e-442189a07fe2#0:FAIL-t39, 8bce6a00-3bba-419d-83ac-b35141b6b559<-7247ad7d-2ca2-4af8-9337-77c07ea89cb3#0:FAIL-t39] and 0 exception(s); 8bce6a00-3bba-419d-83ac-b35141b6b559@group-31C3DC938042:t39, leader=null, voted=8bce6a00-3bba-419d-83ac-b35141b6b559, raftlog=8bce6a00-3bba-419d-83ac-b35141b6b559@group-31C3DC938042-SegmentedRaftLog:OPENED:c-1,f-1,i0, conf=-1: [774c78e1-8dd4-453d-975e-442189a07fe2:192.168.157.242:38712, 7247ad7d-2ca2-4af8-9337-77c07ea89cb3:192.168.157.242:42362, 8bce6a00-3bba-419d-83ac-b35141b6b559:192.168.157.242:37801], old=null
2019-10-19 01:26:30,596 [8bce6a00-3bba-419d-83ac-b35141b6b559@group-31C3DC938042-LeaderElection63] INFO  impl.RaftServerImpl (RaftServerImpl.java:setRole(184)) - 8bce6a00-3bba-419d-83ac-b35141b6b559@group-31C3DC938042: changes role from CANDIDATE to FOLLOWER at term 39 for DISCOVERED_A_NEW_TERM
2019-10-19 01:26:30,596 [8bce6a00-3bba-419d-83ac-b35141b6b559@group-31C3DC938042-LeaderElection63] INFO  impl.RoleInfo (RoleInfo.java:shutdownLeaderElection(134)) - 8bce6a00-3bba-419d-83ac-b35141b6b559: shutdown LeaderElection
2019-10-19 01:26:30,596 [8bce6a00-3bba-419d-83ac-b35141b6b559@group-31C3DC938042-LeaderElection63] INFO  impl.RoleInfo (RoleInfo.java:updateAndGet(143)) - 8bce6a00-3bba-419d-83ac-b35141b6b559: start FollowerState
2019-10-19 01:26:30,720 [Thread-778] INFO  impl.FollowerState (FollowerState.java:run(108)) - 8bce6a00-3bba-419d-83ac-b35141b6b559@group-31C3DC938042-FollowerState: change to CANDIDATE, lastRpcTime:124ms, electionTimeout:124ms
2019-10-19 01:26:30,720 [Thread-778] INFO  impl.RoleInfo (RoleInfo.java:shutdownFollowerState(121)) - 8bce6a00-3bba-419d-83ac-b35141b6b559: shutdown FollowerState
2019-10-19 01:26:30,720 [Thread-778] INFO  impl.RaftServerImpl (RaftServerImpl.java:setRole(184)) - 8bce6a00-3bba-419d-83ac-b35141b6b559@group-31C3DC938042: changes role from  FOLLOWER to CANDIDATE at term 39 for changeToCandidate
2019-10-19 01:26:30,720 [Thread-778] INFO  impl.RoleInfo (RoleInfo.java:updateAndGet(143)) - 8bce6a00-3bba-419d-83ac-b35141b6b559: start LeaderElection
2019-10-19 01:26:30,753 [8bce6a00-3bba-419d-83ac-b35141b6b559@group-31C3DC938042-LeaderElection64] INFO  impl.LeaderElection (LeaderElection.java:askForVotes(178)) - 8bce6a00-3bba-419d-83ac-b35141b6b559@group-31C3DC938042-LeaderElection64: begin an election at term 40 for -1: [774c78e1-8dd4-453d-975e-442189a07fe2:192.168.157.242:38712, 7247ad7d-2ca2-4af8-9337-77c07ea89cb3:192.168.157.242:42362, 8bce6a00-3bba-419d-83ac-b35141b6b559:192.168.157.242:37801], old=null
2019-10-19 01:26:30,756 [grpc-default-executor-6] INFO  impl.RaftServerImpl (RaftServerImpl.java:setRole(184)) - 7247ad7d-2ca2-4af8-9337-77c07ea89cb3@group-31C3DC938042: changes role from  FOLLOWER to FOLLOWER at term 40 for recognizeCandidate:8bce6a00-3bba-419d-83ac-b35141b6b559
2019-10-19 01:26:30,756 [grpc-default-executor-8] INFO  impl.RaftServerImpl (RaftServerImpl.java:setRole(184)) - 774c78e1-8dd4-453d-975e-442189a07fe2@group-31C3DC938042: changes role from  FOLLOWER to FOLLOWER at term 40 for recognizeCandidate:8bce6a00-3bba-419d-83ac-b35141b6b559
2019-10-19 01:26:30,756 [grpc-default-executor-8] INFO  impl.RoleInfo (RoleInfo.java:shutdownFollowerState(121)) - 774c78e1-8dd4-453d-975e-442189a07fe2: shutdown FollowerState
2019-10-19 01:26:30,756 [grpc-default-executor-6] INFO  impl.RoleInfo (RoleInfo.java:shutdownFollowerState(121)) - 7247ad7d-2ca2-4af8-9337-77c07ea89cb3: shutdown FollowerState
2019-10-19 01:26:30,757 [grpc-default-executor-8] INFO  impl.RoleInfo (RoleInfo.java:updateAndGet(143)) - 774c78e1-8dd4-453d-975e-442189a07fe2: start FollowerState
2019-10-19 01:26:30,757 [Thread-775] INFO  impl.FollowerState (FollowerState.java:run(117)) - 774c78e1-8dd4-453d-975e-442189a07fe2@group-31C3DC938042-FollowerState was interrupted: java.lang.InterruptedException: sleep interrupted
2019-10-19 01:26:30,757 [Thread-776] INFO  impl.FollowerState (FollowerState.java:run(117)) - 7247ad7d-2ca2-4af8-9337-77c07ea89cb3@group-31C3DC938042-FollowerState was interrupted: java.lang.InterruptedException: sleep interrupted
2019-10-19 01:26:30,757 [grpc-default-executor-6] INFO  impl.RoleInfo (RoleInfo.java:updateAndGet(143)) - 7247ad7d-2ca2-4af8-9337-77c07ea89cb3: start FollowerState
2019-10-19 01:26:30,832 [8bce6a00-3bba-419d-83ac-b35141b6b559@group-31C3DC938042-LeaderElection64] INFO  impl.LeaderElection (LeaderElection.java:logAndReturn(56)) - 8bce6a00-3bba-419d-83ac-b35141b6b559@group-31C3DC938042-LeaderElection64: Election REJECTED; received 2 response(s) [8bce6a00-3bba-419d-83ac-b35141b6b559<-774c78e1-8dd4-453d-975e-442189a07fe2#0:FAIL-t40, 8bce6a00-3bba-419d-83ac-b35141b6b559<-7247ad7d-2ca2-4af8-9337-77c07ea89cb3#0:FAIL-t40] and 0 exception(s); 8bce6a00-3bba-419d-83ac-b35141b6b559@group-31C3DC938042:t40, leader=null, voted=8bce6a00-3bba-419d-83ac-b35141b6b559, raftlog=8bce6a00-3bba-419d-83ac-b35141b6b559@group-31C3DC938042-SegmentedRaftLog:OPENED:c-1,f-1,i0, conf=-1: [774c78e1-8dd4-453d-975e-442189a07fe2:192.168.157.242:38712, 7247ad7d-2ca2-4af8-9337-77c07ea89cb3:192.168.157.242:42362, 8bce6a00-3bba-419d-83ac-b35141b6b559:192.168.157.242:37801], old=null
2019-10-19 01:26:30,832 [8bce6a00-3bba-419d-83ac-b35141b6b559@group-31C3DC938042-LeaderElection64] INFO  impl.RaftServerImpl (RaftServerImpl.java:setRole(184)) - 8bce6a00-3bba-419d-83ac-b35141b6b559@group-31C3DC938042: changes role from CANDIDATE to FOLLOWER at term 40 for DISCOVERED_A_NEW_TERM
2019-10-19 01:26:30,832 [8bce6a00-3bba-419d-83ac-b35141b6b559@group-31C3DC938042-LeaderElection64] INFO  impl.RoleInfo (RoleInfo.java:shutdownLeaderElection(134)) - 8bce6a00-3bba-419d-83ac-b35141b6b559: shutdown LeaderElection
2019-10-19 01:26:30,832 [8bce6a00-3bba-419d-83ac-b35141b6b559@group-31C3DC938042-LeaderElection64] INFO  impl.RoleInfo (RoleInfo.java:updateAndGet(143)) - 8bce6a00-3bba-419d-83ac-b35141b6b559: start FollowerState
2019-10-19 01:26:30,927 [Thread-784] INFO  impl.FollowerState (FollowerState.java:run(108)) - 8bce6a00-3bba-419d-83ac-b35141b6b559@group-31C3DC938042-FollowerState: change to CANDIDATE, lastRpcTime:94ms, electionTimeout:94ms
2019-10-19 01:26:30,927 [Thread-784] INFO  impl.RoleInfo (RoleInfo.java:shutdownFollowerState(121)) - 8bce6a00-3bba-419d-83ac-b35141b6b559: shutdown FollowerState
2019-10-19 01:26:30,927 [Thread-784] INFO  impl.RaftServerImpl (RaftServerImpl.java:setRole(184)) - 8bce6a00-3bba-419d-83ac-b35141b6b559@group-31C3DC938042: changes role from  FOLLOWER to CANDIDATE at term 40 for changeToCandidate
2019-10-19 01:26:30,927 [Thread-784] INFO  impl.RoleInfo (RoleInfo.java:updateAndGet(143)) - 8bce6a00-3bba-419d-83ac-b35141b6b559: start LeaderElection
2019-10-19 01:26:30,936 [8bce6a00-3bba-419d-83ac-b35141b6b559@group-31C3DC938042-LeaderElection65] INFO  impl.LeaderElection (LeaderElection.java:askForVotes(178)) - 8bce6a00-3bba-419d-83ac-b35141b6b559@group-31C3DC938042-LeaderElection65: begin an election at term 41 for -1: [774c78e1-8dd4-453d-975e-442189a07fe2:192.168.157.242:38712, 7247ad7d-2ca2-4af8-9337-77c07ea89cb3:192.168.157.242:42362, 8bce6a00-3bba-419d-83ac-b35141b6b559:192.168.157.242:37801], old=null
2019-10-19 01:26:30,939 [grpc-default-executor-6] INFO  impl.RaftServerImpl (RaftServerImpl.java:setRole(184)) - 7247ad7d-2ca2-4af8-9337-77c07ea89cb3@group-31C3DC938042: changes role from  FOLLOWER to FOLLOWER at term 41 for recognizeCandidate:8bce6a00-3bba-419d-83ac-b35141b6b559
2019-10-19 01:26:30,939 [grpc-default-executor-6] INFO  impl.RoleInfo (RoleInfo.java:shutdownFollowerState(121)) - 7247ad7d-2ca2-4af8-9337-77c07ea89cb3: shutdown FollowerState
2019-10-19 01:26:30,939 [grpc-default-executor-8] INFO  impl.RaftServerImpl (RaftServerImpl.java:setRole(184)) - 774c78e1-8dd4-453d-975e-442189a07fe2@group-31C3DC938042: changes role from  FOLLOWER to FOLLOWER at term 41 for recognizeCandidate:8bce6a00-3bba-419d-83ac-b35141b6b559
2019-10-19 01:26:30,939 [grpc-default-executor-8] INFO  impl.RoleInfo (RoleInfo.java:shutdownFollowerState(121)) - 774c78e1-8dd4-453d-975e-442189a07fe2: shutdown FollowerState
2019-10-19 01:26:30,939 [grpc-default-executor-6] INFO  impl.RoleInfo (RoleInfo.java:updateAndGet(143)) - 7247ad7d-2ca2-4af8-9337-77c07ea89cb3: start FollowerState
2019-10-19 01:26:30,939 [Thread-783] INFO  impl.FollowerState (FollowerState.java:run(117)) - 7247ad7d-2ca2-4af8-9337-77c07ea89cb3@group-31C3DC938042-FollowerState was interrupted: java.lang.InterruptedException: sleep interrupted
2019-10-19 01:26:30,940 [Thread-782] INFO  impl.FollowerState (FollowerState.java:run(117)) - 774c78e1-8dd4-453d-975e-442189a07fe2@group-31C3DC938042-FollowerState was interrupted: java.lang.InterruptedException: sleep interrupted
2019-10-19 01:26:30,940 [grpc-default-executor-8] INFO  impl.RoleInfo (RoleInfo.java:updateAndGet(143)) - 774c78e1-8dd4-453d-975e-442189a07fe2: start FollowerState
2019-10-19 01:26:30,985 [8bce6a00-3bba-419d-83ac-b35141b6b559@group-31C3DC938042-LeaderElection65] INFO  impl.LeaderElection (LeaderElection.java:logAndReturn(56)) - 8bce6a00-3bba-419d-83ac-b35141b6b559@group-31C3DC938042-LeaderElection65: Election REJECTED; received 2 response(s) [8bce6a00-3bba-419d-83ac-b35141b6b559<-774c78e1-8dd4-453d-975e-442189a07fe2#0:FAIL-t41, 8bce6a00-3bba-419d-83ac-b35141b6b559<-7247ad7d-2ca2-4af8-9337-77c07ea89cb3#0:FAIL-t41] and 0 exception(s); 8bce6a00-3bba-419d-83ac-b35141b6b559@group-31C3DC938042:t41, leader=null, voted=8bce6a00-3bba-419d-83ac-b35141b6b559, raftlog=8bce6a00-3bba-419d-83ac-b35141b6b559@group-31C3DC938042-SegmentedRaftLog:OPENED:c-1,f-1,i0, conf=-1: [774c78e1-8dd4-453d-975e-442189a07fe2:192.168.157.242:38712, 7247ad7d-2ca2-4af8-9337-77c07ea89cb3:192.168.157.242:42362, 8bce6a00-3bba-419d-83ac-b35141b6b559:192.168.157.242:37801], old=null
2019-10-19 01:26:30,985 [8bce6a00-3bba-419d-83ac-b35141b6b559@group-31C3DC938042-LeaderElection65] INFO  impl.RaftServerImpl (RaftServerImpl.java:setRole(184)) - 8bce6a00-3bba-419d-83ac-b35141b6b559@group-31C3DC938042: changes role from CANDIDATE to FOLLOWER at term 41 for DISCOVERED_A_NEW_TERM
2019-10-19 01:26:30,985 [8bce6a00-3bba-419d-83ac-b35141b6b559@group-31C3DC938042-LeaderElection65] INFO  impl.RoleInfo (RoleInfo.java:shutdownLeaderElection(134)) - 8bce6a00-3bba-419d-83ac-b35141b6b559: shutdown LeaderElection
2019-10-19 01:26:30,985 [8bce6a00-3bba-419d-83ac-b35141b6b559@group-31C3DC938042-LeaderElection65] INFO  impl.RoleInfo (RoleInfo.java:updateAndGet(143)) - 8bce6a00-3bba-419d-83ac-b35141b6b559: start FollowerState
2019-10-19 01:26:31,152 [Thread-791] INFO  impl.FollowerState (FollowerState.java:run(108)) - 8bce6a00-3bba-419d-83ac-b35141b6b559@group-31C3DC938042-FollowerState: change to CANDIDATE, lastRpcTime:166ms, electionTimeout:166ms
2019-10-19 01:26:31,152 [Thread-791] INFO  impl.RoleInfo (RoleInfo.java:shutdownFollowerState(121)) - 8bce6a00-3bba-419d-83ac-b35141b6b559: shutdown FollowerState
2019-10-19 01:26:31,152 [Thread-791] INFO  impl.RaftServerImpl (RaftServerImpl.java:setRole(184)) - 8bce6a00-3bba-419d-83ac-b35141b6b559@group-31C3DC938042: changes role from  FOLLOWER to CANDIDATE at term 41 for changeToCandidate
2019-10-19 01:26:31,152 [Thread-791] INFO  impl.RoleInfo (RoleInfo.java:updateAndGet(143)) - 8bce6a00-3bba-419d-83ac-b35141b6b559: start LeaderElection
2019-10-19 01:26:31,158 [8bce6a00-3bba-419d-83ac-b35141b6b559@group-31C3DC938042-LeaderElection66] INFO  impl.LeaderElection (LeaderElection.java:askForVotes(178)) - 8bce6a00-3bba-419d-83ac-b35141b6b559@group-31C3DC938042-LeaderElection66: begin an election at term 42 for -1: [774c78e1-8dd4-453d-975e-442189a07fe2:192.168.157.242:38712, 7247ad7d-2ca2-4af8-9337-77c07ea89cb3:192.168.157.242:42362, 8bce6a00-3bba-419d-83ac-b35141b6b559:192.168.157.242:37801], old=null
2019-10-19 01:26:31,160 [grpc-default-executor-8] INFO  impl.RaftServerImpl (RaftServerImpl.java:setRole(184)) - 774c78e1-8dd4-453d-975e-442189a07fe2@group-31C3DC938042: changes role from  FOLLOWER to FOLLOWER at term 42 for recognizeCandidate:8bce6a00-3bba-419d-83ac-b35141b6b559
2019-10-19 01:26:31,161 [grpc-default-executor-8] INFO  impl.RoleInfo (RoleInfo.java:shutdownFollowerState(121)) - 774c78e1-8dd4-453d-975e-442189a07fe2: shutdown FollowerState
2019-10-19 01:26:31,161 [grpc-default-executor-6] INFO  impl.RaftServerImpl (RaftServerImpl.java:setRole(184)) - 7247ad7d-2ca2-4af8-9337-77c07ea89cb3@group-31C3DC938042: changes role from  FOLLOWER to FOLLOWER at term 42 for recognizeCandidate:8bce6a00-3bba-419d-83ac-b35141b6b559
2019-10-19 01:26:31,161 [Thread-789] INFO  impl.FollowerState (FollowerState.java:run(117)) - 774c78e1-8dd4-453d-975e-442189a07fe2@group-31C3DC938042-FollowerState was interrupted: java.lang.InterruptedException: sleep interrupted
2019-10-19 01:26:31,161 [grpc-default-executor-8] INFO  impl.RoleInfo (RoleInfo.java:updateAndGet(143)) - 774c78e1-8dd4-453d-975e-442189a07fe2: start FollowerState
2019-10-19 01:26:31,161 [grpc-default-executor-6] INFO  impl.RoleInfo (RoleInfo.java:shutdownFollowerState(121)) - 7247ad7d-2ca2-4af8-9337-77c07ea89cb3: shutdown FollowerState
2019-10-19 01:26:31,161 [grpc-default-executor-6] INFO  impl.RoleInfo (RoleInfo.java:updateAndGet(143)) - 7247ad7d-2ca2-4af8-9337-77c07ea89cb3: start FollowerState
2019-10-19 01:26:31,161 [Thread-788] INFO  impl.FollowerState (FollowerState.java:run(117)) - 7247ad7d-2ca2-4af8-9337-77c07ea89cb3@group-31C3DC938042-FollowerState was interrupted: java.lang.InterruptedException: sleep interrupted
2019-10-19 01:26:31,189 [8bce6a00-3bba-419d-83ac-b35141b6b559@group-31C3DC938042-LeaderElection66] INFO  impl.LeaderElection (LeaderElection.java:logAndReturn(56)) - 8bce6a00-3bba-419d-83ac-b35141b6b559@group-31C3DC938042-LeaderElection66: Election REJECTED; received 2 response(s) [8bce6a00-3bba-419d-83ac-b35141b6b559<-774c78e1-8dd4-453d-975e-442189a07fe2#0:FAIL-t42, 8bce6a00-3bba-419d-83ac-b35141b6b559<-7247ad7d-2ca2-4af8-9337-77c07ea89cb3#0:FAIL-t42] and 0 exception(s); 8bce6a00-3bba-419d-83ac-b35141b6b559@group-31C3DC938042:t42, leader=null, voted=8bce6a00-3bba-419d-83ac-b35141b6b559, raftlog=8bce6a00-3bba-419d-83ac-b35141b6b559@group-31C3DC938042-SegmentedRaftLog:OPENED:c-1,f-1,i0, conf=-1: [774c78e1-8dd4-453d-975e-442189a07fe2:192.168.157.242:38712, 7247ad7d-2ca2-4af8-9337-77c07ea89cb3:192.168.157.242:42362, 8bce6a00-3bba-419d-83ac-b35141b6b559:192.168.157.242:37801], old=null
2019-10-19 01:26:31,189 [8bce6a00-3bba-419d-83ac-b35141b6b559@group-31C3DC938042-LeaderElection66] INFO  impl.RaftServerImpl (RaftServerImpl.java:setRole(184)) - 8bce6a00-3bba-419d-83ac-b35141b6b559@group-31C3DC938042: changes role from CANDIDATE to FOLLOWER at term 42 for DISCOVERED_A_NEW_TERM
2019-10-19 01:26:31,189 [8bce6a00-3bba-419d-83ac-b35141b6b559@group-31C3DC938042-LeaderElection66] INFO  impl.RoleInfo (RoleInfo.java:shutdownLeaderElection(134)) - 8bce6a00-3bba-419d-83ac-b35141b6b559: shutdown LeaderElection
2019-10-19 01:26:31,190 [8bce6a00-3bba-419d-83ac-b35141b6b559@group-31C3DC938042-LeaderElection66] INFO  impl.RoleInfo (RoleInfo.java:updateAndGet(143)) - 8bce6a00-3bba-419d-83ac-b35141b6b559: start FollowerState
2019-10-19 01:26:31,323 [Thread-800] INFO  impl.FollowerState (FollowerState.java:run(108)) - 8bce6a00-3bba-419d-83ac-b35141b6b559@group-31C3DC938042-FollowerState: change to CANDIDATE, lastRpcTime:133ms, electionTimeout:133ms
2019-10-19 01:26:31,323 [Thread-800] INFO  impl.RoleInfo (RoleInfo.java:shutdownFollowerState(121)) - 8bce6a00-3bba-419d-83ac-b35141b6b559: shutdown FollowerState
2019-10-19 01:26:31,323 [Thread-800] INFO  impl.RaftServerImpl (RaftServerImpl.java:setRole(184)) - 8bce6a00-3bba-419d-83ac-b35141b6b559@group-31C3DC938042: changes role from  FOLLOWER to CANDIDATE at term 42 for changeToCandidate
2019-10-19 01:26:31,323 [Thread-800] INFO  impl.RoleInfo (RoleInfo.java:updateAndGet(143)) - 8bce6a00-3bba-419d-83ac-b35141b6b559: start LeaderElection
2019-10-19 01:26:31,344 [8bce6a00-3bba-419d-83ac-b35141b6b559@group-31C3DC938042-LeaderElection67] INFO  impl.LeaderElection (LeaderElection.java:askForVotes(178)) - 8bce6a00-3bba-419d-83ac-b35141b6b559@group-31C3DC938042-LeaderElection67: begin an election at term 43 for -1: [774c78e1-8dd4-453d-975e-442189a07fe2:192.168.157.242:38712, 7247ad7d-2ca2-4af8-9337-77c07ea89cb3:192.168.157.242:42362, 8bce6a00-3bba-419d-83ac-b35141b6b559:192.168.157.242:37801], old=null
2019-10-19 01:26:31,346 [grpc-default-executor-6] INFO  impl.RaftServerImpl (RaftServerImpl.java:setRole(184)) - 774c78e1-8dd4-453d-975e-442189a07fe2@group-31C3DC938042: changes role from  FOLLOWER to FOLLOWER at term 43 for recognizeCandidate:8bce6a00-3bba-419d-83ac-b35141b6b559
2019-10-19 01:26:31,346 [grpc-default-executor-6] INFO  impl.RoleInfo (RoleInfo.java:shutdownFollowerState(121)) - 774c78e1-8dd4-453d-975e-442189a07fe2: shutdown FollowerState
2019-10-19 01:26:31,346 [grpc-default-executor-8] INFO  impl.RaftServerImpl (RaftServerImpl.java:setRole(184)) - 7247ad7d-2ca2-4af8-9337-77c07ea89cb3@group-31C3DC938042: changes role from  FOLLOWER to FOLLOWER at term 43 for recognizeCandidate:8bce6a00-3bba-419d-83ac-b35141b6b559
2019-10-19 01:26:31,346 [Thread-798] INFO  impl.FollowerState (FollowerState.java:run(117)) - 774c78e1-8dd4-453d-975e-442189a07fe2@group-31C3DC938042-FollowerState was interrupted: java.lang.InterruptedException: sleep interrupted
2019-10-19 01:26:31,346 [grpc-default-executor-6] INFO  impl.RoleInfo (RoleInfo.java:updateAndGet(143)) - 774c78e1-8dd4-453d-975e-442189a07fe2: start FollowerState
2019-10-19 01:26:31,346 [grpc-default-executor-8] INFO  impl.RoleInfo (RoleInfo.java:shutdownFollowerState(121)) - 7247ad7d-2ca2-4af8-9337-77c07ea89cb3: shutdown FollowerState
2019-10-19 01:26:31,346 [grpc-default-executor-8] INFO  impl.RoleInfo (RoleInfo.java:updateAndGet(143)) - 7247ad7d-2ca2-4af8-9337-77c07ea89cb3: start FollowerState
2019-10-19 01:26:31,346 [Thread-799] INFO  impl.FollowerState (FollowerState.java:run(117)) - 7247ad7d-2ca2-4af8-9337-77c07ea89cb3@group-31C3DC938042-FollowerState was interrupted: java.lang.InterruptedException: sleep interrupted
2019-10-19 01:26:31,364 [8bce6a00-3bba-419d-83ac-b35141b6b559@group-31C3DC938042-LeaderElection67] INFO  impl.LeaderElection (LeaderElection.java:logAndReturn(56)) - 8bce6a00-3bba-419d-83ac-b35141b6b559@group-31C3DC938042-LeaderElection67: Election TIMEOUT; received 0 response(s) [] and 0 exception(s); 8bce6a00-3bba-419d-83ac-b35141b6b559@group-31C3DC938042:t43, leader=null, voted=8bce6a00-3bba-419d-83ac-b35141b6b559, raftlog=8bce6a00-3bba-419d-83ac-b35141b6b559@group-31C3DC938042-SegmentedRaftLog:OPENED:c-1,f-1,i0, conf=-1: [774c78e1-8dd4-453d-975e-442189a07fe2:192.168.157.242:38712, 7247ad7d-2ca2-4af8-9337-77c07ea89cb3:192.168.157.242:42362, 8bce6a00-3bba-419d-83ac-b35141b6b559:192.168.157.242:37801], old=null
2019-10-19 01:26:31,386 [8bce6a00-3bba-419d-83ac-b35141b6b559@group-31C3DC938042-LeaderElection67] INFO  impl.LeaderElection (LeaderElection.java:askForVotes(178)) - 8bce6a00-3bba-419d-83ac-b35141b6b559@group-31C3DC938042-LeaderElection67: begin an election at term 44 for -1: [774c78e1-8dd4-453d-975e-442189a07fe2:192.168.157.242:38712, 7247ad7d-2ca2-4af8-9337-77c07ea89cb3:192.168.157.242:42362, 8bce6a00-3bba-419d-83ac-b35141b6b559:192.168.157.242:37801], old=null
2019-10-19 01:26:31,388 [grpc-default-executor-8] INFO  impl.RaftServerImpl (RaftServerImpl.java:setRole(184)) - 774c78e1-8dd4-453d-975e-442189a07fe2@group-31C3DC938042: changes role from  FOLLOWER to FOLLOWER at term 44 for recognizeCandidate:8bce6a00-3bba-419d-83ac-b35141b6b559
2019-10-19 01:26:31,388 [grpc-default-executor-6] INFO  impl.RaftServerImpl (RaftServerImpl.java:setRole(184)) - 7247ad7d-2ca2-4af8-9337-77c07ea89cb3@group-31C3DC938042: changes role from  FOLLOWER to FOLLOWER at term 44 for recognizeCandidate:8bce6a00-3bba-419d-83ac-b35141b6b559
2019-10-19 01:26:31,388 [grpc-default-executor-8] INFO  impl.RoleInfo (RoleInfo.java:shutdownFollowerState(121)) - 774c78e1-8dd4-453d-975e-442189a07fe2: shutdown FollowerState
2019-10-19 01:26:31,389 [grpc-default-executor-6] INFO  impl.RoleInfo (RoleInfo.java:shutdownFollowerState(121)) - 7247ad7d-2ca2-4af8-9337-77c07ea89cb3: shutdown FollowerState
2019-10-19 01:26:31,389 [Thread-804] INFO  impl.FollowerState (FollowerState.java:run(117)) - 774c78e1-8dd4-453d-975e-442189a07fe2@group-31C3DC938042-FollowerState was interrupted: java.lang.InterruptedException: sleep interrupted
2019-10-19 01:26:31,389 [grpc-default-executor-8] INFO  impl.RoleInfo (RoleInfo.java:updateAndGet(143)) - 774c78e1-8dd4-453d-975e-442189a07fe2: start FollowerState
2019-10-19 01:26:31,389 [grpc-default-executor-6] INFO  impl.RoleInfo (RoleInfo.java:updateAndGet(143)) - 7247ad7d-2ca2-4af8-9337-77c07ea89cb3: start FollowerState
2019-10-19 01:26:31,389 [Thread-805] INFO  impl.FollowerState (FollowerState.java:run(117)) - 7247ad7d-2ca2-4af8-9337-77c07ea89cb3@group-31C3DC938042-FollowerState was interrupted: java.lang.InterruptedException: sleep interrupted
2019-10-19 01:26:31,437 [8bce6a00-3bba-419d-83ac-b35141b6b559@group-31C3DC938042-LeaderElection67] INFO  impl.LeaderElection (LeaderElection.java:logAndReturn(56)) - 8bce6a00-3bba-419d-83ac-b35141b6b559@group-31C3DC938042-LeaderElection67: Election REJECTED; received 2 response(s) [8bce6a00-3bba-419d-83ac-b35141b6b559<-774c78e1-8dd4-453d-975e-442189a07fe2#0:FAIL-t44, 8bce6a00-3bba-419d-83ac-b35141b6b559<-7247ad7d-2ca2-4af8-9337-77c07ea89cb3#0:FAIL-t44] and 0 exception(s); 8bce6a00-3bba-419d-83ac-b35141b6b559@group-31C3DC938042:t44, leader=null, voted=8bce6a00-3bba-419d-83ac-b35141b6b559, raftlog=8bce6a00-3bba-419d-83ac-b35141b6b559@group-31C3DC938042-SegmentedRaftLog:OPENED:c-1,f-1,i0, conf=-1: [774c78e1-8dd4-453d-975e-442189a07fe2:192.168.157.242:38712, 7247ad7d-2ca2-4af8-9337-77c07ea89cb3:192.168.157.242:42362, 8bce6a00-3bba-419d-83ac-b35141b6b559:192.168.157.242:37801], old=null
2019-10-19 01:26:31,437 [8bce6a00-3bba-419d-83ac-b35141b6b559@group-31C3DC938042-LeaderElection67] INFO  impl.RaftServerImpl (RaftServerImpl.java:setRole(184)) - 8bce6a00-3bba-419d-83ac-b35141b6b559@group-31C3DC938042: changes role from CANDIDATE to FOLLOWER at term 44 for DISCOVERED_A_NEW_TERM
2019-10-19 01:26:31,437 [8bce6a00-3bba-419d-83ac-b35141b6b559@group-31C3DC938042-LeaderElection67] INFO  impl.RoleInfo (RoleInfo.java:shutdownLeaderElection(134)) - 8bce6a00-3bba-419d-83ac-b35141b6b559: shutdown LeaderElection
2019-10-19 01:26:31,438 [8bce6a00-3bba-419d-83ac-b35141b6b559@group-31C3DC938042-LeaderElection67] INFO  impl.RoleInfo (RoleInfo.java:updateAndGet(143)) - 8bce6a00-3bba-419d-83ac-b35141b6b559: start FollowerState
2019-10-19 01:26:31,454 [Thread-811] INFO  impl.FollowerState (FollowerState.java:run(108)) - 8bce6a00-3bba-419d-83ac-b35141b6b559@group-31C3DC938042-FollowerState: change to CANDIDATE, lastRpcTime:16ms, electionTimeout:16ms
2019-10-19 01:26:31,454 [Thread-811] INFO  impl.RoleInfo (RoleInfo.java:shutdownFollowerState(121)) - 8bce6a00-3bba-419d-83ac-b35141b6b559: shutdown FollowerState
2019-10-19 01:26:31,454 [Thread-811] INFO  impl.RaftServerImpl (RaftServerImpl.java:setRole(184)) - 8bce6a00-3bba-419d-83ac-b35141b6b559@group-31C3DC938042: changes role from  FOLLOWER to CANDIDATE at term 44 for changeToCandidate
2019-10-19 01:26:31,454 [Thread-811] INFO  impl.RoleInfo (RoleInfo.java:updateAndGet(143)) - 8bce6a00-3bba-419d-83ac-b35141b6b559: start LeaderElection
2019-10-19 01:26:31,483 [8bce6a00-3bba-419d-83ac-b35141b6b559@group-31C3DC938042-LeaderElection68] INFO  impl.LeaderElection (LeaderElection.java:askForVotes(178)) - 8bce6a00-3bba-419d-83ac-b35141b6b559@group-31C3DC938042-LeaderElection68: begin an election at term 45 for -1: [774c78e1-8dd4-453d-975e-442189a07fe2:192.168.157.242:38712, 7247ad7d-2ca2-4af8-9337-77c07ea89cb3:192.168.157.242:42362, 8bce6a00-3bba-419d-83ac-b35141b6b559:192.168.157.242:37801], old=null
2019-10-19 01:26:31,485 [grpc-default-executor-8] INFO  impl.RaftServerImpl (RaftServerImpl.java:setRole(184)) - 774c78e1-8dd4-453d-975e-442189a07fe2@group-31C3DC938042: changes role from  FOLLOWER to FOLLOWER at term 45 for recognizeCandidate:8bce6a00-3bba-419d-83ac-b35141b6b559
2019-10-19 01:26:31,485 [grpc-default-executor-6] INFO  impl.RaftServerImpl (RaftServerImpl.java:setRole(184)) - 7247ad7d-2ca2-4af8-9337-77c07ea89cb3@group-31C3DC938042: changes role from  FOLLOWER to FOLLOWER at term 45 for recognizeCandidate:8bce6a00-3bba-419d-83ac-b35141b6b559
2019-10-19 01:26:31,485 [grpc-default-executor-8] INFO  impl.RoleInfo (RoleInfo.java:shutdownFollowerState(121)) - 774c78e1-8dd4-453d-975e-442189a07fe2: shutdown FollowerState
2019-10-19 01:26:31,485 [grpc-default-executor-6] INFO  impl.RoleInfo (RoleInfo.java:shutdownFollowerState(121)) - 7247ad7d-2ca2-4af8-9337-77c07ea89cb3: shutdown FollowerState
2019-10-19 01:26:31,485 [grpc-default-executor-8] INFO  impl.RoleInfo (RoleInfo.java:updateAndGet(143)) - 774c78e1-8dd4-453d-975e-442189a07fe2: start FollowerState
2019-10-19 01:26:31,485 [Thread-808] INFO  impl.FollowerState (FollowerState.java:run(117)) - 774c78e1-8dd4-453d-975e-442189a07fe2@group-31C3DC938042-FollowerState was interrupted: java.lang.InterruptedException: sleep interrupted
2019-10-19 01:26:31,485 [Thread-809] INFO  impl.FollowerState (FollowerState.java:run(117)) - 7247ad7d-2ca2-4af8-9337-77c07ea89cb3@group-31C3DC938042-FollowerState was interrupted: java.lang.InterruptedException: sleep interrupted
2019-10-19 01:26:31,485 [grpc-default-executor-6] INFO  impl.RoleInfo (RoleInfo.java:updateAndGet(143)) - 7247ad7d-2ca2-4af8-9337-77c07ea89cb3: start FollowerState
2019-10-19 01:26:31,516 [8bce6a00-3bba-419d-83ac-b35141b6b559@group-31C3DC938042-LeaderElection68] INFO  impl.LeaderElection (LeaderElection.java:logAndReturn(56)) - 8bce6a00-3bba-419d-83ac-b35141b6b559@group-31C3DC938042-LeaderElection68: Election REJECTED; received 2 response(s) [8bce6a00-3bba-419d-83ac-b35141b6b559<-774c78e1-8dd4-453d-975e-442189a07fe2#0:FAIL-t45, 8bce6a00-3bba-419d-83ac-b35141b6b559<-7247ad7d-2ca2-4af8-9337-77c07ea89cb3#0:FAIL-t45] and 0 exception(s); 8bce6a00-3bba-419d-83ac-b35141b6b559@group-31C3DC938042:t45, leader=null, voted=8bce6a00-3bba-419d-83ac-b35141b6b559, raftlog=8bce6a00-3bba-419d-83ac-b35141b6b559@group-31C3DC938042-SegmentedRaftLog:OPENED:c-1,f-1,i0, conf=-1: [774c78e1-8dd4-453d-975e-442189a07fe2:192.168.157.242:38712, 7247ad7d-2ca2-4af8-9337-77c07ea89cb3:192.168.157.242:42362, 8bce6a00-3bba-419d-83ac-b35141b6b559:192.168.157.242:37801], old=null
2019-10-19 01:26:31,516 [8bce6a00-3bba-419d-83ac-b35141b6b559@group-31C3DC938042-LeaderElection68] INFO  impl.RaftServerImpl (RaftServerImpl.java:setRole(184)) - 8bce6a00-3bba-419d-83ac-b35141b6b559@group-31C3DC938042: changes role from CANDIDATE to FOLLOWER at term 45 for DISCOVERED_A_NEW_TERM
2019-10-19 01:26:31,517 [8bce6a00-3bba-419d-83ac-b35141b6b559@group-31C3DC938042-LeaderElection68] INFO  impl.RoleInfo (RoleInfo.java:shutdownLeaderElection(134)) - 8bce6a00-3bba-419d-83ac-b35141b6b559: shutdown LeaderElection
2019-10-19 01:26:31,517 [8bce6a00-3bba-419d-83ac-b35141b6b559@group-31C3DC938042-LeaderElection68] INFO  impl.RoleInfo (RoleInfo.java:updateAndGet(143)) - 8bce6a00-3bba-419d-83ac-b35141b6b559: start FollowerState
2019-10-19 01:26:31,534 [Thread-819] INFO  impl.FollowerState (FollowerState.java:run(108)) - 8bce6a00-3bba-419d-83ac-b35141b6b559@group-31C3DC938042-FollowerState: change to CANDIDATE, lastRpcTime:17ms, electionTimeout:17ms
2019-10-19 01:26:31,534 [Thread-819] INFO  impl.RoleInfo (RoleInfo.java:shutdownFollowerState(121)) - 8bce6a00-3bba-419d-83ac-b35141b6b559: shutdown FollowerState
2019-10-19 01:26:31,534 [Thread-819] INFO  impl.RaftServerImpl (RaftServerImpl.java:setRole(184)) - 8bce6a00-3bba-419d-83ac-b35141b6b559@group-31C3DC938042: changes role from  FOLLOWER to CANDIDATE at term 45 for changeToCandidate
2019-10-19 01:26:31,534 [Thread-819] INFO  impl.RoleInfo (RoleInfo.java:updateAndGet(143)) - 8bce6a00-3bba-419d-83ac-b35141b6b559: start LeaderElection
2019-10-19 01:26:31,548 [8bce6a00-3bba-419d-83ac-b35141b6b559@group-31C3DC938042-LeaderElection69] INFO  impl.LeaderElection (LeaderElection.java:askForVotes(178)) - 8bce6a00-3bba-419d-83ac-b35141b6b559@group-31C3DC938042-LeaderElection69: begin an election at term 46 for -1: [774c78e1-8dd4-453d-975e-442189a07fe2:192.168.157.242:38712, 7247ad7d-2ca2-4af8-9337-77c07ea89cb3:192.168.157.242:42362, 8bce6a00-3bba-419d-83ac-b35141b6b559:192.168.157.242:37801], old=null
2019-10-19 01:26:31,550 [grpc-default-executor-6] INFO  impl.RaftServerImpl (RaftServerImpl.java:setRole(184)) - 7247ad7d-2ca2-4af8-9337-77c07ea89cb3@group-31C3DC938042: changes role from  FOLLOWER to FOLLOWER at term 46 for recognizeCandidate:8bce6a00-3bba-419d-83ac-b35141b6b559
2019-10-19 01:26:31,550 [grpc-default-executor-6] INFO  impl.RoleInfo (RoleInfo.java:shutdownFollowerState(121)) - 7247ad7d-2ca2-4af8-9337-77c07ea89cb3: shutdown FollowerState
2019-10-19 01:26:31,550 [grpc-default-executor-8] INFO  impl.RaftServerImpl (RaftServerImpl.java:setRole(184)) - 774c78e1-8dd4-453d-975e-442189a07fe2@group-31C3DC938042: changes role from  FOLLOWER to FOLLOWER at term 46 for recognizeCandidate:8bce6a00-3bba-419d-83ac-b35141b6b559
2019-10-19 01:26:31,550 [grpc-default-executor-8] INFO  impl.RoleInfo (RoleInfo.java:shutdownFollowerState(121)) - 774c78e1-8dd4-453d-975e-442189a07fe2: shutdown FollowerState
2019-10-19 01:26:31,550 [Thread-818] INFO  impl.FollowerState (FollowerState.java:run(117)) - 7247ad7d-2ca2-4af8-9337-77c07ea89cb3@group-31C3DC938042-FollowerState was interrupted: java.lang.InterruptedException: sleep interrupted
2019-10-19 01:26:31,550 [grpc-default-executor-6] INFO  impl.RoleInfo (RoleInfo.java:updateAndGet(143)) - 7247ad7d-2ca2-4af8-9337-77c07ea89cb3: start FollowerState
2019-10-19 01:26:31,550 [grpc-default-executor-8] INFO  impl.RoleInfo (RoleInfo.java:updateAndGet(143)) - 774c78e1-8dd4-453d-975e-442189a07fe2: start FollowerState
2019-10-19 01:26:31,550 [Thread-817] INFO  impl.FollowerState (FollowerState.java:run(117)) - 774c78e1-8dd4-453d-975e-442189a07fe2@group-31C3DC938042-FollowerState was interrupted: java.lang.InterruptedException: sleep interrupted
2019-10-19 01:26:31,572 [8bce6a00-3bba-419d-83ac-b35141b6b559@group-31C3DC938042-LeaderElection69] INFO  impl.LeaderElection (LeaderElection.java:logAndReturn(56)) - 8bce6a00-3bba-419d-83ac-b35141b6b559@group-31C3DC938042-LeaderElection69: Election REJECTED; received 2 response(s) [8bce6a00-3bba-419d-83ac-b35141b6b559<-774c78e1-8dd4-453d-975e-442189a07fe2#0:FAIL-t46, 8bce6a00-3bba-419d-83ac-b35141b6b559<-7247ad7d-2ca2-4af8-9337-77c07ea89cb3#0:FAIL-t46] and 0 exception(s); 8bce6a00-3bba-419d-83ac-b35141b6b559@group-31C3DC938042:t46, leader=null, voted=8bce6a00-3bba-419d-83ac-b35141b6b559, raftlog=8bce6a00-3bba-419d-83ac-b35141b6b559@group-31C3DC938042-SegmentedRaftLog:OPENED:c-1,f-1,i0, conf=-1: [774c78e1-8dd4-453d-975e-442189a07fe2:192.168.157.242:38712, 7247ad7d-2ca2-4af8-9337-77c07ea89cb3:192.168.157.242:42362, 8bce6a00-3bba-419d-83ac-b35141b6b559:192.168.157.242:37801], old=null
2019-10-19 01:26:31,572 [8bce6a00-3bba-419d-83ac-b35141b6b559@group-31C3DC938042-LeaderElection69] INFO  impl.RaftServerImpl (RaftServerImpl.java:setRole(184)) - 8bce6a00-3bba-419d-83ac-b35141b6b559@group-31C3DC938042: changes role from CANDIDATE to FOLLOWER at term 46 for DISCOVERED_A_NEW_TERM
2019-10-19 01:26:31,572 [8bce6a00-3bba-419d-83ac-b35141b6b559@group-31C3DC938042-LeaderElection69] INFO  impl.RoleInfo (RoleInfo.java:shutdownLeaderElection(134)) - 8bce6a00-3bba-419d-83ac-b35141b6b559: shutdown LeaderElection
2019-10-19 01:26:31,572 [8bce6a00-3bba-419d-83ac-b35141b6b559@group-31C3DC938042-LeaderElection69] INFO  impl.RoleInfo (RoleInfo.java:updateAndGet(143)) - 8bce6a00-3bba-419d-83ac-b35141b6b559: start FollowerState
2019-10-19 01:26:31,573 [Thread-826] INFO  impl.FollowerState (FollowerState.java:run(108)) - 8bce6a00-3bba-419d-83ac-b35141b6b559@group-31C3DC938042-FollowerState: change to CANDIDATE, lastRpcTime:1ms, electionTimeout:1ms
2019-10-19 01:26:31,574 [Thread-826] INFO  impl.RoleInfo (RoleInfo.java:shutdownFollowerState(121)) - 8bce6a00-3bba-419d-83ac-b35141b6b559: shutdown FollowerState
2019-10-19 01:26:31,574 [Thread-826] INFO  impl.RaftServerImpl (RaftServerImpl.java:setRole(184)) - 8bce6a00-3bba-419d-83ac-b35141b6b559@group-31C3DC938042: changes role from  FOLLOWER to CANDIDATE at term 46 for changeToCandidate
2019-10-19 01:26:31,574 [Thread-826] INFO  impl.RoleInfo (RoleInfo.java:updateAndGet(143)) - 8bce6a00-3bba-419d-83ac-b35141b6b559: start LeaderElection
2019-10-19 01:26:31,593 [8bce6a00-3bba-419d-83ac-b35141b6b559@group-31C3DC938042-LeaderElection70] INFO  impl.LeaderElection (LeaderElection.java:askForVotes(178)) - 8bce6a00-3bba-419d-83ac-b35141b6b559@group-31C3DC938042-LeaderElection70: begin an election at term 47 for -1: [774c78e1-8dd4-453d-975e-442189a07fe2:192.168.157.242:38712, 7247ad7d-2ca2-4af8-9337-77c07ea89cb3:192.168.157.242:42362, 8bce6a00-3bba-419d-83ac-b35141b6b559:192.168.157.242:37801], old=null
2019-10-19 01:26:31,594 [grpc-default-executor-8] INFO  impl.RaftServerImpl (RaftServerImpl.java:setRole(184)) - 774c78e1-8dd4-453d-975e-442189a07fe2@group-31C3DC938042: changes role from  FOLLOWER to FOLLOWER at term 47 for recognizeCandidate:8bce6a00-3bba-419d-83ac-b35141b6b559
2019-10-19 01:26:31,594 [grpc-default-executor-8] INFO  impl.RoleInfo (RoleInfo.java:shutdownFollowerState(121)) - 774c78e1-8dd4-453d-975e-442189a07fe2: shutdown FollowerState
2019-10-19 01:26:31,594 [grpc-default-executor-8] INFO  impl.RoleInfo (RoleInfo.java:updateAndGet(143)) - 774c78e1-8dd4-453d-975e-442189a07fe2: start FollowerState
2019-10-19 01:26:31,594 [Thread-825] INFO  impl.FollowerState (FollowerState.java:run(117)) - 774c78e1-8dd4-453d-975e-442189a07fe2@group-31C3DC938042-FollowerState was interrupted: java.lang.InterruptedException: sleep interrupted
2019-10-19 01:26:31,595 [grpc-default-executor-6] INFO  impl.RaftServerImpl (RaftServerImpl.java:setRole(184)) - 7247ad7d-2ca2-4af8-9337-77c07ea89cb3@group-31C3DC938042: changes role from  FOLLOWER to FOLLOWER at term 47 for recognizeCandidate:8bce6a00-3bba-419d-83ac-b35141b6b559
2019-10-19 01:26:31,595 [grpc-default-executor-6] INFO  impl.RoleInfo (RoleInfo.java:shutdownFollowerState(121)) - 7247ad7d-2ca2-4af8-9337-77c07ea89cb3: shutdown FollowerState
2019-10-19 01:26:31,595 [grpc-default-executor-6] INFO  impl.RoleInfo (RoleInfo.java:updateAndGet(143)) - 7247ad7d-2ca2-4af8-9337-77c07ea89cb3: start FollowerState
2019-10-19 01:26:31,595 [Thread-824] INFO  impl.FollowerState (FollowerState.java:run(117)) - 7247ad7d-2ca2-4af8-9337-77c07ea89cb3@group-31C3DC938042-FollowerState was interrupted: java.lang.InterruptedException: sleep interrupted
2019-10-19 01:26:31,616 [8bce6a00-3bba-419d-83ac-b35141b6b559@group-31C3DC938042-LeaderElection70] INFO  impl.LeaderElection (LeaderElection.java:logAndReturn(56)) - 8bce6a00-3bba-419d-83ac-b35141b6b559@group-31C3DC938042-LeaderElection70: Election REJECTED; received 2 response(s) [8bce6a00-3bba-419d-83ac-b35141b6b559<-774c78e1-8dd4-453d-975e-442189a07fe2#0:FAIL-t47, 8bce6a00-3bba-419d-83ac-b35141b6b559<-7247ad7d-2ca2-4af8-9337-77c07ea89cb3#0:FAIL-t47] and 0 exception(s); 8bce6a00-3bba-419d-83ac-b35141b6b559@group-31C3DC938042:t47, leader=null, voted=8bce6a00-3bba-419d-83ac-b35141b6b559, raftlog=8bce6a00-3bba-419d-83ac-b35141b6b559@group-31C3DC938042-SegmentedRaftLog:OPENED:c-1,f-1,i0, conf=-1: [774c78e1-8dd4-453d-975e-442189a07fe2:192.168.157.242:38712, 7247ad7d-2ca2-4af8-9337-77c07ea89cb3:192.168.157.242:42362, 8bce6a00-3bba-419d-83ac-b35141b6b559:192.168.157.242:37801], old=null
2019-10-19 01:26:31,616 [8bce6a00-3bba-419d-83ac-b35141b6b559@group-31C3DC938042-LeaderElection70] INFO  impl.RaftServerImpl (RaftServerImpl.java:setRole(184)) - 8bce6a00-3bba-419d-83ac-b35141b6b559@group-31C3DC938042: changes role from CANDIDATE to FOLLOWER at term 47 for DISCOVERED_A_NEW_TERM
2019-10-19 01:26:31,616 [8bce6a00-3bba-419d-83ac-b35141b6b559@group-31C3DC938042-LeaderElection70] INFO  impl.RoleInfo (RoleInfo.java:shutdownLeaderElection(134)) - 8bce6a00-3bba-419d-83ac-b35141b6b559: shutdown LeaderElection
2019-10-19 01:26:31,616 [8bce6a00-3bba-419d-83ac-b35141b6b559@group-31C3DC938042-LeaderElection70] INFO  impl.RoleInfo (RoleInfo.java:updateAndGet(143)) - 8bce6a00-3bba-419d-83ac-b35141b6b559: start FollowerState
2019-10-19 01:26:31,746 [Thread-834] INFO  impl.FollowerState (FollowerState.java:run(108)) - 8bce6a00-3bba-419d-83ac-b35141b6b559@group-31C3DC938042-FollowerState: change to CANDIDATE, lastRpcTime:129ms, electionTimeout:129ms
2019-10-19 01:26:31,746 [Thread-834] INFO  impl.RoleInfo (RoleInfo.java:shutdownFollowerState(121)) - 8bce6a00-3bba-419d-83ac-b35141b6b559: shutdown FollowerState
2019-10-19 01:26:31,746 [Thread-834] INFO  impl.RaftServerImpl (RaftServerImpl.java:setRole(184)) - 8bce6a00-3bba-419d-83ac-b35141b6b559@group-31C3DC938042: changes role from  FOLLOWER to CANDIDATE at term 47 for changeToCandidate
2019-10-19 01:26:31,746 [Thread-834] INFO  impl.RoleInfo (RoleInfo.java:updateAndGet(143)) - 8bce6a00-3bba-419d-83ac-b35141b6b559: start LeaderElection
2019-10-19 01:26:31,762 [8bce6a00-3bba-419d-83ac-b35141b6b559@group-31C3DC938042-LeaderElection71] INFO  impl.LeaderElection (LeaderElection.java:askForVotes(178)) - 8bce6a00-3bba-419d-83ac-b35141b6b559@group-31C3DC938042-LeaderElection71: begin an election at term 48 for -1: [774c78e1-8dd4-453d-975e-442189a07fe2:192.168.157.242:38712, 7247ad7d-2ca2-4af8-9337-77c07ea89cb3:192.168.157.242:42362, 8bce6a00-3bba-419d-83ac-b35141b6b559:192.168.157.242:37801], old=null
2019-10-19 01:26:31,764 [grpc-default-executor-6] INFO  impl.RaftServerImpl (RaftServerImpl.java:setRole(184)) - 774c78e1-8dd4-453d-975e-442189a07fe2@group-31C3DC938042: changes role from  FOLLOWER to FOLLOWER at term 48 for recognizeCandidate:8bce6a00-3bba-419d-83ac-b35141b6b559
2019-10-19 01:26:31,764 [grpc-default-executor-8] INFO  impl.RaftServerImpl (RaftServerImpl.java:setRole(184)) - 7247ad7d-2ca2-4af8-9337-77c07ea89cb3@group-31C3DC938042: changes role from  FOLLOWER to FOLLOWER at term 48 for recognizeCandidate:8bce6a00-3bba-419d-83ac-b35141b6b559
2019-10-19 01:26:31,764 [grpc-default-executor-6] INFO  impl.RoleInfo (RoleInfo.java:shutdownFollowerState(121)) - 774c78e1-8dd4-453d-975e-442189a07fe2: shutdown FollowerState
2019-10-19 01:26:31,765 [grpc-default-executor-8] INFO  impl.RoleInfo (RoleInfo.java:shutdownFollowerState(121)) - 7247ad7d-2ca2-4af8-9337-77c07ea89cb3: shutdown FollowerState
2019-10-19 01:26:31,765 [Thread-832] INFO  impl.FollowerState (FollowerState.java:run(117)) - 774c78e1-8dd4-453d-975e-442189a07fe2@group-31C3DC938042-FollowerState was interrupted: java.lang.InterruptedException: sleep interrupted
2019-10-19 01:26:31,765 [Thread-833] INFO  impl.FollowerState (FollowerState.java:run(117)) - 7247ad7d-2ca2-4af8-9337-77c07ea89cb3@group-31C3DC938042-FollowerState was interrupted: java.lang.InterruptedException: sleep interrupted
2019-10-19 01:26:31,765 [grpc-default-executor-6] INFO  impl.RoleInfo (RoleInfo.java:updateAndGet(143)) - 774c78e1-8dd4-453d-975e-442189a07fe2: start FollowerState
2019-10-19 01:26:31,765 [grpc-default-executor-8] INFO  impl.RoleInfo (RoleInfo.java:updateAndGet(143)) - 7247ad7d-2ca2-4af8-9337-77c07ea89cb3: start FollowerState
2019-10-19 01:26:31,776 [8bce6a00-3bba-419d-83ac-b35141b6b559@group-31C3DC938042-LeaderElection71] INFO  impl.LeaderElection (LeaderElection.java:logAndReturn(56)) - 8bce6a00-3bba-419d-83ac-b35141b6b559@group-31C3DC938042-LeaderElection71: Election REJECTED; received 2 response(s) [8bce6a00-3bba-419d-83ac-b35141b6b559<-774c78e1-8dd4-453d-975e-442189a07fe2#0:FAIL-t48, 8bce6a00-3bba-419d-83ac-b35141b6b559<-7247ad7d-2ca2-4af8-9337-77c07ea89cb3#0:FAIL-t48] and 0 exception(s); 8bce6a00-3bba-419d-83ac-b35141b6b559@group-31C3DC938042:t48, leader=null, voted=8bce6a00-3bba-419d-83ac-b35141b6b559, raftlog=8bce6a00-3bba-419d-83ac-b35141b6b559@group-31C3DC938042-SegmentedRaftLog:OPENED:c-1,f-1,i0, conf=-1: [774c78e1-8dd4-453d-975e-442189a07fe2:192.168.157.242:38712, 7247ad7d-2ca2-4af8-9337-77c07ea89cb3:192.168.157.242:42362, 8bce6a00-3bba-419d-83ac-b35141b6b559:192.168.157.242:37801], old=null
2019-10-19 01:26:31,776 [8bce6a00-3bba-419d-83ac-b35141b6b559@group-31C3DC938042-LeaderElection71] INFO  impl.RaftServerImpl (RaftServerImpl.java:setRole(184)) - 8bce6a00-3bba-419d-83ac-b35141b6b559@group-31C3DC938042: changes role from CANDIDATE to FOLLOWER at term 48 for DISCOVERED_A_NEW_TERM
2019-10-19 01:26:31,776 [8bce6a00-3bba-419d-83ac-b35141b6b559@group-31C3DC938042-LeaderElection71] INFO  impl.RoleInfo (RoleInfo.java:shutdownLeaderElection(134)) - 8bce6a00-3bba-419d-83ac-b35141b6b559: shutdown LeaderElection
2019-10-19 01:26:31,776 [8bce6a00-3bba-419d-83ac-b35141b6b559@group-31C3DC938042-LeaderElection71] INFO  impl.RoleInfo (RoleInfo.java:updateAndGet(143)) - 8bce6a00-3bba-419d-83ac-b35141b6b559: start FollowerState
2019-10-19 01:26:31,786 [Thread-840] INFO  impl.FollowerState (FollowerState.java:run(108)) - 8bce6a00-3bba-419d-83ac-b35141b6b559@group-31C3DC938042-FollowerState: change to CANDIDATE, lastRpcTime:9ms, electionTimeout:9ms
2019-10-19 01:26:31,786 [Thread-840] INFO  impl.RoleInfo (RoleInfo.java:shutdownFollowerState(121)) - 8bce6a00-3bba-419d-83ac-b35141b6b559: shutdown FollowerState
2019-10-19 01:26:31,786 [Thread-840] INFO  impl.RaftServerImpl (RaftServerImpl.java:setRole(184)) - 8bce6a00-3bba-419d-83ac-b35141b6b559@group-31C3DC938042: changes role from  FOLLOWER to CANDIDATE at term 48 for changeToCandidate
2019-10-19 01:26:31,786 [Thread-840] INFO  impl.RoleInfo (RoleInfo.java:updateAndGet(143)) - 8bce6a00-3bba-419d-83ac-b35141b6b559: start LeaderElection
2019-10-19 01:26:31,791 [8bce6a00-3bba-419d-83ac-b35141b6b559@group-31C3DC938042-LeaderElection72] INFO  impl.LeaderElection (LeaderElection.java:askForVotes(178)) - 8bce6a00-3bba-419d-83ac-b35141b6b559@group-31C3DC938042-LeaderElection72: begin an election at term 49 for -1: [774c78e1-8dd4-453d-975e-442189a07fe2:192.168.157.242:38712, 7247ad7d-2ca2-4af8-9337-77c07ea89cb3:192.168.157.242:42362, 8bce6a00-3bba-419d-83ac-b35141b6b559:192.168.157.242:37801], old=null
2019-10-19 01:26:31,793 [grpc-default-executor-6] INFO  impl.RaftServerImpl (RaftServerImpl.java:setRole(184)) - 774c78e1-8dd4-453d-975e-442189a07fe2@group-31C3DC938042: changes role from  FOLLOWER to FOLLOWER at term 49 for recognizeCandidate:8bce6a00-3bba-419d-83ac-b35141b6b559
2019-10-19 01:26:31,793 [grpc-default-executor-8] INFO  impl.RaftServerImpl (RaftServerImpl.java:setRole(184)) - 7247ad7d-2ca2-4af8-9337-77c07ea89cb3@group-31C3DC938042: changes role from  FOLLOWER to FOLLOWER at term 49 for recognizeCandidate:8bce6a00-3bba-419d-83ac-b35141b6b559
2019-10-19 01:26:31,793 [grpc-default-executor-6] INFO  impl.RoleInfo (RoleInfo.java:shutdownFollowerState(121)) - 774c78e1-8dd4-453d-975e-442189a07fe2: shutdown FollowerState
2019-10-19 01:26:31,793 [grpc-default-executor-8] INFO  impl.RoleInfo (RoleInfo.java:shutdownFollowerState(121)) - 7247ad7d-2ca2-4af8-9337-77c07ea89cb3: shutdown FollowerState
2019-10-19 01:26:31,793 [Thread-838] INFO  impl.FollowerState (FollowerState.java:run(117)) - 774c78e1-8dd4-453d-975e-442189a07fe2@group-31C3DC938042-FollowerState was interrupted: java.lang.InterruptedException: sleep interrupted
2019-10-19 01:26:31,793 [grpc-default-executor-6] INFO  impl.RoleInfo (RoleInfo.java:updateAndGet(143)) - 774c78e1-8dd4-453d-975e-442189a07fe2: start FollowerState
2019-10-19 01:26:31,793 [grpc-default-executor-8] INFO  impl.RoleInfo (RoleInfo.java:updateAndGet(143)) - 7247ad7d-2ca2-4af8-9337-77c07ea89cb3: start FollowerState
2019-10-19 01:26:31,793 [Thread-839] INFO  impl.FollowerState (FollowerState.java:run(117)) - 7247ad7d-2ca2-4af8-9337-77c07ea89cb3@group-31C3DC938042-FollowerState was interrupted: java.lang.InterruptedException: sleep interrupted
2019-10-19 01:26:31,800 [8bce6a00-3bba-419d-83ac-b35141b6b559@group-31C3DC938042-LeaderElection72] INFO  impl.LeaderElection (LeaderElection.java:logAndReturn(56)) - 8bce6a00-3bba-419d-83ac-b35141b6b559@group-31C3DC938042-LeaderElection72: Election REJECTED; received 2 response(s) [8bce6a00-3bba-419d-83ac-b35141b6b559<-774c78e1-8dd4-453d-975e-442189a07fe2#0:FAIL-t49, 8bce6a00-3bba-419d-83ac-b35141b6b559<-7247ad7d-2ca2-4af8-9337-77c07ea89cb3#0:FAIL-t49] and 0 exception(s); 8bce6a00-3bba-419d-83ac-b35141b6b559@group-31C3DC938042:t49, leader=null, voted=8bce6a00-3bba-419d-83ac-b35141b6b559, raftlog=8bce6a00-3bba-419d-83ac-b35141b6b559@group-31C3DC938042-SegmentedRaftLog:OPENED:c-1,f-1,i0, conf=-1: [774c78e1-8dd4-453d-975e-442189a07fe2:192.168.157.242:38712, 7247ad7d-2ca2-4af8-9337-77c07ea89cb3:192.168.157.242:42362, 8bce6a00-3bba-419d-83ac-b35141b6b559:192.168.157.242:37801], old=null
2019-10-19 01:26:31,800 [8bce6a00-3bba-419d-83ac-b35141b6b559@group-31C3DC938042-LeaderElection72] INFO  impl.RaftServerImpl (RaftServerImpl.java:setRole(184)) - 8bce6a00-3bba-419d-83ac-b35141b6b559@group-31C3DC938042: changes role from CANDIDATE to FOLLOWER at term 49 for DISCOVERED_A_NEW_TERM
2019-10-19 01:26:31,801 [8bce6a00-3bba-419d-83ac-b35141b6b559@group-31C3DC938042-LeaderElection72] INFO  impl.RoleInfo (RoleInfo.java:shutdownLeaderElection(134)) - 8bce6a00-3bba-419d-83ac-b35141b6b559: shutdown LeaderElection
2019-10-19 01:26:31,801 [8bce6a00-3bba-419d-83ac-b35141b6b559@group-31C3DC938042-LeaderElection72] INFO  impl.RoleInfo (RoleInfo.java:updateAndGet(143)) - 8bce6a00-3bba-419d-83ac-b35141b6b559: start FollowerState
2019-10-19 01:26:31,883 [Thread-846] INFO  impl.FollowerState (FollowerState.java:run(108)) - 8bce6a00-3bba-419d-83ac-b35141b6b559@group-31C3DC938042-FollowerState: change to CANDIDATE, lastRpcTime:82ms, electionTimeout:82ms
2019-10-19 01:26:31,883 [Thread-846] INFO  impl.RoleInfo (RoleInfo.java:shutdownFollowerState(121)) - 8bce6a00-3bba-419d-83ac-b35141b6b559: shutdown FollowerState
2019-10-19 01:26:31,883 [Thread-846] INFO  impl.RaftServerImpl (RaftServerImpl.java:setRole(184)) - 8bce6a00-3bba-419d-83ac-b35141b6b559@group-31C3DC938042: changes role from  FOLLOWER to CANDIDATE at term 49 for changeToCandidate
2019-10-19 01:26:31,884 [Thread-846] INFO  impl.RoleInfo (RoleInfo.java:updateAndGet(143)) - 8bce6a00-3bba-419d-83ac-b35141b6b559: start LeaderElection
2019-10-19 01:26:31,894 [8bce6a00-3bba-419d-83ac-b35141b6b559@group-31C3DC938042-LeaderElection73] INFO  impl.LeaderElection (LeaderElection.java:askForVotes(178)) - 8bce6a00-3bba-419d-83ac-b35141b6b559@group-31C3DC938042-LeaderElection73: begin an election at term 50 for -1: [774c78e1-8dd4-453d-975e-442189a07fe2:192.168.157.242:38712, 7247ad7d-2ca2-4af8-9337-77c07ea89cb3:192.168.157.242:42362, 8bce6a00-3bba-419d-83ac-b35141b6b559:192.168.157.242:37801], old=null
2019-10-19 01:26:31,896 [grpc-default-executor-6] INFO  impl.RaftServerImpl (RaftServerImpl.java:setRole(184)) - 774c78e1-8dd4-453d-975e-442189a07fe2@group-31C3DC938042: changes role from  FOLLOWER to FOLLOWER at term 50 for recognizeCandidate:8bce6a00-3bba-419d-83ac-b35141b6b559
2019-10-19 01:26:31,896 [grpc-default-executor-6] INFO  impl.RoleInfo (RoleInfo.java:shutdownFollowerState(121)) - 774c78e1-8dd4-453d-975e-442189a07fe2: shutdown FollowerState
2019-10-19 01:26:31,896 [grpc-default-executor-8] INFO  impl.RaftServerImpl (RaftServerImpl.java:setRole(184)) - 7247ad7d-2ca2-4af8-9337-77c07ea89cb3@group-31C3DC938042: changes role from  FOLLOWER to FOLLOWER at term 50 for recognizeCandidate:8bce6a00-3bba-419d-83ac-b35141b6b559
2019-10-19 01:26:31,896 [Thread-844] INFO  impl.FollowerState (FollowerState.java:run(117)) - 774c78e1-8dd4-453d-975e-442189a07fe2@group-31C3DC938042-FollowerState was interrupted: java.lang.InterruptedException: sleep interrupted
2019-10-19 01:26:31,896 [grpc-default-executor-6] INFO  impl.RoleInfo (RoleInfo.java:updateAndGet(143)) - 774c78e1-8dd4-453d-975e-442189a07fe2: start FollowerState
2019-10-19 01:26:31,896 [grpc-default-executor-8] INFO  impl.RoleInfo (RoleInfo.java:shutdownFollowerState(121)) - 7247ad7d-2ca2-4af8-9337-77c07ea89cb3: shutdown FollowerState
2019-10-19 01:26:31,897 [grpc-default-executor-8] INFO  impl.RoleInfo (RoleInfo.java:updateAndGet(143)) - 7247ad7d-2ca2-4af8-9337-77c07ea89cb3: start FollowerState
2019-10-19 01:26:31,897 [Thread-845] INFO  impl.FollowerState (FollowerState.java:run(117)) - 7247ad7d-2ca2-4af8-9337-77c07ea89cb3@group-31C3DC938042-FollowerState was interrupted: java.lang.InterruptedException: sleep interrupted
2019-10-19 01:26:31,920 [8bce6a00-3bba-419d-83ac-b35141b6b559@group-31C3DC938042-LeaderElection73] INFO  impl.LeaderElection (LeaderElection.java:logAndReturn(56)) - 8bce6a00-3bba-419d-83ac-b35141b6b559@group-31C3DC938042-LeaderElection73: Election REJECTED; received 2 response(s) [8bce6a00-3bba-419d-83ac-b35141b6b559<-774c78e1-8dd4-453d-975e-442189a07fe2#0:FAIL-t50, 8bce6a00-3bba-419d-83ac-b35141b6b559<-7247ad7d-2ca2-4af8-9337-77c07ea89cb3#0:FAIL-t50] and 0 exception(s); 8bce6a00-3bba-419d-83ac-b35141b6b559@group-31C3DC938042:t50, leader=null, voted=8bce6a00-3bba-419d-83ac-b35141b6b559, raftlog=8bce6a00-3bba-419d-83ac-b35141b6b559@group-31C3DC938042-SegmentedRaftLog:OPENED:c-1,f-1,i0, conf=-1: [774c78e1-8dd4-453d-975e-442189a07fe2:192.168.157.242:38712, 7247ad7d-2ca2-4af8-9337-77c07ea89cb3:192.168.157.242:42362, 8bce6a00-3bba-419d-83ac-b35141b6b559:192.168.157.242:37801], old=null
2019-10-19 01:26:31,920 [8bce6a00-3bba-419d-83ac-b35141b6b559@group-31C3DC938042-LeaderElection73] INFO  impl.RaftServerImpl (RaftServerImpl.java:setRole(184)) - 8bce6a00-3bba-419d-83ac-b35141b6b559@group-31C3DC938042: changes role from CANDIDATE to FOLLOWER at term 50 for DISCOVERED_A_NEW_TERM
2019-10-19 01:26:31,920 [8bce6a00-3bba-419d-83ac-b35141b6b559@group-31C3DC938042-LeaderElection73] INFO  impl.RoleInfo (RoleInfo.java:shutdownLeaderElection(134)) - 8bce6a00-3bba-419d-83ac-b35141b6b559: shutdown LeaderElection
2019-10-19 01:26:31,920 [8bce6a00-3bba-419d-83ac-b35141b6b559@group-31C3DC938042-LeaderElection73] INFO  impl.RoleInfo (RoleInfo.java:updateAndGet(143)) - 8bce6a00-3bba-419d-83ac-b35141b6b559: start FollowerState
2019-10-19 01:26:31,933 [Thread-852] INFO  impl.FollowerState (FollowerState.java:run(108)) - 8bce6a00-3bba-419d-83ac-b35141b6b559@group-31C3DC938042-FollowerState: change to CANDIDATE, lastRpcTime:12ms, electionTimeout:12ms
2019-10-19 01:26:31,933 [Thread-852] INFO  impl.RoleInfo (RoleInfo.java:shutdownFollowerState(121)) - 8bce6a00-3bba-419d-83ac-b35141b6b559: shutdown FollowerState
2019-10-19 01:26:31,933 [Thread-852] INFO  impl.RaftServerImpl (RaftServerImpl.java:setRole(184)) - 8bce6a00-3bba-419d-83ac-b35141b6b559@group-31C3DC938042: changes role from  FOLLOWER to CANDIDATE at term 50 for changeToCandidate
2019-10-19 01:26:31,933 [Thread-852] INFO  impl.RoleInfo (RoleInfo.java:updateAndGet(143)) - 8bce6a00-3bba-419d-83ac-b35141b6b559: start LeaderElection
2019-10-19 01:26:31,945 [8bce6a00-3bba-419d-83ac-b35141b6b559@group-31C3DC938042-LeaderElection74] INFO  impl.LeaderElection (LeaderElection.java:askForVotes(178)) - 8bce6a00-3bba-419d-83ac-b35141b6b559@group-31C3DC938042-LeaderElection74: begin an election at term 51 for -1: [774c78e1-8dd4-453d-975e-442189a07fe2:192.168.157.242:38712, 7247ad7d-2ca2-4af8-9337-77c07ea89cb3:192.168.157.242:42362, 8bce6a00-3bba-419d-83ac-b35141b6b559:192.168.157.242:37801], old=null
2019-10-19 01:26:31,948 [grpc-default-executor-6] INFO  impl.RaftServerImpl (RaftServerImpl.java:setRole(184)) - 7247ad7d-2ca2-4af8-9337-77c07ea89cb3@group-31C3DC938042: changes role from  FOLLOWER to FOLLOWER at term 51 for recognizeCandidate:8bce6a00-3bba-419d-83ac-b35141b6b559
2019-10-19 01:26:31,948 [grpc-default-executor-8] INFO  impl.RaftServerImpl (RaftServerImpl.java:setRole(184)) - 774c78e1-8dd4-453d-975e-442189a07fe2@group-31C3DC938042: changes role from  FOLLOWER to FOLLOWER at term 51 for recognizeCandidate:8bce6a00-3bba-419d-83ac-b35141b6b559
2019-10-19 01:26:31,948 [grpc-default-executor-6] INFO  impl.RoleInfo (RoleInfo.java:shutdownFollowerState(121)) - 7247ad7d-2ca2-4af8-9337-77c07ea89cb3: shutdown FollowerState
2019-10-19 01:26:31,948 [grpc-default-executor-8] INFO  impl.RoleInfo (RoleInfo.java:shutdownFollowerState(121)) - 774c78e1-8dd4-453d-975e-442189a07fe2: shutdown FollowerState
2019-10-19 01:26:31,948 [Thread-851] INFO  impl.FollowerState (FollowerState.java:run(117)) - 7247ad7d-2ca2-4af8-9337-77c07ea89cb3@group-31C3DC938042-FollowerState was interrupted: java.lang.InterruptedException: sleep interrupted
2019-10-19 01:26:31,948 [grpc-default-executor-6] INFO  impl.RoleInfo (RoleInfo.java:updateAndGet(143)) - 7247ad7d-2ca2-4af8-9337-77c07ea89cb3: start FollowerState
2019-10-19 01:26:31,948 [Thread-850] INFO  impl.FollowerState (FollowerState.java:run(117)) - 774c78e1-8dd4-453d-975e-442189a07fe2@group-31C3DC938042-FollowerState was interrupted: java.lang.InterruptedException: sleep interrupted
2019-10-19 01:26:31,948 [grpc-default-executor-8] INFO  impl.RoleInfo (RoleInfo.java:updateAndGet(143)) - 774c78e1-8dd4-453d-975e-442189a07fe2: start FollowerState
2019-10-19 01:26:31,960 [8bce6a00-3bba-419d-83ac-b35141b6b559@group-31C3DC938042-LeaderElection74] INFO  impl.LeaderElection (LeaderElection.java:logAndReturn(56)) - 8bce6a00-3bba-419d-83ac-b35141b6b559@group-31C3DC938042-LeaderElection74: Election TIMEOUT; received 0 response(s) [] and 0 exception(s); 8bce6a00-3bba-419d-83ac-b35141b6b559@group-31C3DC938042:t51, leader=null, voted=8bce6a00-3bba-419d-83ac-b35141b6b559, raftlog=8bce6a00-3bba-419d-83ac-b35141b6b559@group-31C3DC938042-SegmentedRaftLog:OPENED:c-1,f-1,i0, conf=-1: [774c78e1-8dd4-453d-975e-442189a07fe2:192.168.157.242:38712, 7247ad7d-2ca2-4af8-9337-77c07ea89cb3:192.168.157.242:42362, 8bce6a00-3bba-419d-83ac-b35141b6b559:192.168.157.242:37801], old=null
2019-10-19 01:26:31,973 [8bce6a00-3bba-419d-83ac-b35141b6b559@group-31C3DC938042-LeaderElection74] INFO  impl.LeaderElection (LeaderElection.java:askForVotes(178)) - 8bce6a00-3bba-419d-83ac-b35141b6b559@group-31C3DC938042-LeaderElection74: begin an election at term 52 for -1: [774c78e1-8dd4-453d-975e-442189a07fe2:192.168.157.242:38712, 7247ad7d-2ca2-4af8-9337-77c07ea89cb3:192.168.157.242:42362, 8bce6a00-3bba-419d-83ac-b35141b6b559:192.168.157.242:37801], old=null
2019-10-19 01:26:31,975 [grpc-default-executor-8] INFO  impl.RaftServerImpl (RaftServerImpl.java:setRole(184)) - 774c78e1-8dd4-453d-975e-442189a07fe2@group-31C3DC938042: changes role from  FOLLOWER to FOLLOWER at term 52 for recognizeCandidate:8bce6a00-3bba-419d-83ac-b35141b6b559
2019-10-19 01:26:31,975 [grpc-default-executor-8] INFO  impl.RoleInfo (RoleInfo.java:shutdownFollowerState(121)) - 774c78e1-8dd4-453d-975e-442189a07fe2: shutdown FollowerState
2019-10-19 01:26:31,975 [grpc-default-executor-8] INFO  impl.RoleInfo (RoleInfo.java:updateAndGet(143)) - 774c78e1-8dd4-453d-975e-442189a07fe2: start FollowerState
2019-10-19 01:26:31,975 [Thread-857] INFO  impl.FollowerState (FollowerState.java:run(117)) - 774c78e1-8dd4-453d-975e-442189a07fe2@group-31C3DC938042-FollowerState was interrupted: java.lang.InterruptedException: sleep interrupted
2019-10-19 01:26:31,975 [grpc-default-executor-6] INFO  impl.RaftServerImpl (RaftServerImpl.java:setRole(184)) - 7247ad7d-2ca2-4af8-9337-77c07ea89cb3@group-31C3DC938042: changes role from  FOLLOWER to FOLLOWER at term 52 for recognizeCandidate:8bce6a00-3bba-419d-83ac-b35141b6b559
2019-10-19 01:26:31,975 [grpc-default-executor-6] INFO  impl.RoleInfo (RoleInfo.java:shutdownFollowerState(121)) - 7247ad7d-2ca2-4af8-9337-77c07ea89cb3: shutdown FollowerState
2019-10-19 01:26:31,975 [grpc-default-executor-6] INFO  impl.RoleInfo (RoleInfo.java:updateAndGet(143)) - 7247ad7d-2ca2-4af8-9337-77c07ea89cb3: start FollowerState
2019-10-19 01:26:31,975 [Thread-856] INFO  impl.FollowerState (FollowerState.java:run(117)) - 7247ad7d-2ca2-4af8-9337-77c07ea89cb3@group-31C3DC938042-FollowerState was interrupted: java.lang.InterruptedException: sleep interrupted
2019-10-19 01:26:32,015 [8bce6a00-3bba-419d-83ac-b35141b6b559@group-31C3DC938042-LeaderElection74] INFO  impl.LeaderElection (LeaderElection.java:logAndReturn(56)) - 8bce6a00-3bba-419d-83ac-b35141b6b559@group-31C3DC938042-LeaderElection74: Election REJECTED; received 2 response(s) [8bce6a00-3bba-419d-83ac-b35141b6b559<-774c78e1-8dd4-453d-975e-442189a07fe2#0:FAIL-t52, 8bce6a00-3bba-419d-83ac-b35141b6b559<-7247ad7d-2ca2-4af8-9337-77c07ea89cb3#0:FAIL-t52] and 0 exception(s); 8bce6a00-3bba-419d-83ac-b35141b6b559@group-31C3DC938042:t52, leader=null, voted=8bce6a00-3bba-419d-83ac-b35141b6b559, raftlog=8bce6a00-3bba-419d-83ac-b35141b6b559@group-31C3DC938042-SegmentedRaftLog:OPENED:c-1,f-1,i0, conf=-1: [774c78e1-8dd4-453d-975e-442189a07fe2:192.168.157.242:38712, 7247ad7d-2ca2-4af8-9337-77c07ea89cb3:192.168.157.242:42362, 8bce6a00-3bba-419d-83ac-b35141b6b559:192.168.157.242:37801], old=null
2019-10-19 01:26:32,015 [8bce6a00-3bba-419d-83ac-b35141b6b559@group-31C3DC938042-LeaderElection74] INFO  impl.RaftServerImpl (RaftServerImpl.java:setRole(184)) - 8bce6a00-3bba-419d-83ac-b35141b6b559@group-31C3DC938042: changes role from CANDIDATE to FOLLOWER at term 52 for DISCOVERED_A_NEW_TERM
2019-10-19 01:26:32,015 [8bce6a00-3bba-419d-83ac-b35141b6b559@group-31C3DC938042-LeaderElection74] INFO  impl.RoleInfo (RoleInfo.java:shutdownLeaderElection(134)) - 8bce6a00-3bba-419d-83ac-b35141b6b559: shutdown LeaderElection
2019-10-19 01:26:32,015 [8bce6a00-3bba-419d-83ac-b35141b6b559@group-31C3DC938042-LeaderElection74] INFO  impl.RoleInfo (RoleInfo.java:updateAndGet(143)) - 8bce6a00-3bba-419d-83ac-b35141b6b559: start FollowerState
2019-10-19 01:26:32,099 [Thread-863] INFO  impl.FollowerState (FollowerState.java:run(108)) - 8bce6a00-3bba-419d-83ac-b35141b6b559@group-31C3DC938042-FollowerState: change to CANDIDATE, lastRpcTime:84ms, electionTimeout:84ms
2019-10-19 01:26:32,099 [Thread-863] INFO  impl.RoleInfo (RoleInfo.java:shutdownFollowerState(121)) - 8bce6a00-3bba-419d-83ac-b35141b6b559: shutdown FollowerState
2019-10-19 01:26:32,100 [Thread-863] INFO  impl.RaftServerImpl (RaftServerImpl.java:setRole(184)) - 8bce6a00-3bba-419d-83ac-b35141b6b559@group-31C3DC938042: changes role from  FOLLOWER to CANDIDATE at term 52 for changeToCandidate
2019-10-19 01:26:32,100 [Thread-863] INFO  impl.RoleInfo (RoleInfo.java:updateAndGet(143)) - 8bce6a00-3bba-419d-83ac-b35141b6b559: start LeaderElection
2019-10-19 01:26:32,124 [8bce6a00-3bba-419d-83ac-b35141b6b559@group-31C3DC938042-LeaderElection75] INFO  impl.LeaderElection (LeaderElection.java:askForVotes(178)) - 8bce6a00-3bba-419d-83ac-b35141b6b559@group-31C3DC938042-LeaderElection75: begin an election at term 53 for -1: [774c78e1-8dd4-453d-975e-442189a07fe2:192.168.157.242:38712, 7247ad7d-2ca2-4af8-9337-77c07ea89cb3:192.168.157.242:42362, 8bce6a00-3bba-419d-83ac-b35141b6b559:192.168.157.242:37801], old=null
2019-10-19 01:26:32,126 [grpc-default-executor-6] INFO  impl.RaftServerImpl (RaftServerImpl.java:setRole(184)) - 774c78e1-8dd4-453d-975e-442189a07fe2@group-31C3DC938042: changes role from  FOLLOWER to FOLLOWER at term 53 for recognizeCandidate:8bce6a00-3bba-419d-83ac-b35141b6b559
2019-10-19 01:26:32,126 [grpc-default-executor-6] INFO  impl.RoleInfo (RoleInfo.java:shutdownFollowerState(121)) - 774c78e1-8dd4-453d-975e-442189a07fe2: shutdown FollowerState
2019-10-19 01:26:32,126 [grpc-default-executor-6] INFO  impl.RoleInfo (RoleInfo.java:updateAndGet(143)) - 774c78e1-8dd4-453d-975e-442189a07fe2: start FollowerState
2019-10-19 01:26:32,126 [Thread-860] INFO  impl.FollowerState (FollowerState.java:run(117)) - 774c78e1-8dd4-453d-975e-442189a07fe2@group-31C3DC938042-FollowerState was interrupted: java.lang.InterruptedException: sleep interrupted
2019-10-19 01:26:32,126 [grpc-default-executor-8] INFO  impl.RaftServerImpl (RaftServerImpl.java:setRole(184)) - 7247ad7d-2ca2-4af8-9337-77c07ea89cb3@group-31C3DC938042: changes role from  FOLLOWER to FOLLOWER at term 53 for recognizeCandidate:8bce6a00-3bba-419d-83ac-b35141b6b559
2019-10-19 01:26:32,126 [grpc-default-executor-8] INFO  impl.RoleInfo (RoleInfo.java:shutdownFollowerState(121)) - 7247ad7d-2ca2-4af8-9337-77c07ea89cb3: shutdown FollowerState
2019-10-19 01:26:32,127 [grpc-default-executor-8] INFO  impl.RoleInfo (RoleInfo.java:updateAndGet(143)) - 7247ad7d-2ca2-4af8-9337-77c07ea89cb3: start FollowerState
2019-10-19 01:26:32,127 [Thread-861] INFO  impl.FollowerState (FollowerState.java:run(117)) - 7247ad7d-2ca2-4af8-9337-77c07ea89cb3@group-31C3DC938042-FollowerState was interrupted: java.lang.InterruptedException: sleep interrupted
2019-10-19 01:26:32,131 [8bce6a00-3bba-419d-83ac-b35141b6b559@group-31C3DC938042-LeaderElection75] INFO  impl.LeaderElection (LeaderElection.java:logAndReturn(56)) - 8bce6a00-3bba-419d-83ac-b35141b6b559@group-31C3DC938042-LeaderElection75: Election REJECTED; received 2 response(s) [8bce6a00-3bba-419d-83ac-b35141b6b559<-774c78e1-8dd4-453d-975e-442189a07fe2#0:FAIL-t53, 8bce6a00-3bba-419d-83ac-b35141b6b559<-7247ad7d-2ca2-4af8-9337-77c07ea89cb3#0:FAIL-t53] and 0 exception(s); 8bce6a00-3bba-419d-83ac-b35141b6b559@group-31C3DC938042:t53, leader=null, voted=8bce6a00-3bba-419d-83ac-b35141b6b559, raftlog=8bce6a00-3bba-419d-83ac-b35141b6b559@group-31C3DC938042-SegmentedRaftLog:OPENED:c-1,f-1,i0, conf=-1: [774c78e1-8dd4-453d-975e-442189a07fe2:192.168.157.242:38712, 7247ad7d-2ca2-4af8-9337-77c07ea89cb3:192.168.157.242:42362, 8bce6a00-3bba-419d-83ac-b35141b6b559:192.168.157.242:37801], old=null
2019-10-19 01:26:32,131 [8bce6a00-3bba-419d-83ac-b35141b6b559@group-31C3DC938042-LeaderElection75] INFO  impl.RaftServerImpl (RaftServerImpl.java:setRole(184)) - 8bce6a00-3bba-419d-83ac-b35141b6b559@group-31C3DC938042: changes role from CANDIDATE to FOLLOWER at term 53 for DISCOVERED_A_NEW_TERM
2019-10-19 01:26:32,131 [8bce6a00-3bba-419d-83ac-b35141b6b559@group-31C3DC938042-LeaderElection75] INFO  impl.RoleInfo (RoleInfo.java:shutdownLeaderElection(134)) - 8bce6a00-3bba-419d-83ac-b35141b6b559: shutdown LeaderElection
2019-10-19 01:26:32,132 [8bce6a00-3bba-419d-83ac-b35141b6b559@group-31C3DC938042-LeaderElection75] INFO  impl.RoleInfo (RoleInfo.java:updateAndGet(143)) - 8bce6a00-3bba-419d-83ac-b35141b6b559: start FollowerState
2019-10-19 01:26:32,199 [Thread-872] INFO  impl.FollowerState (FollowerState.java:run(108)) - 8bce6a00-3bba-419d-83ac-b35141b6b559@group-31C3DC938042-FollowerState: change to CANDIDATE, lastRpcTime:67ms, electionTimeout:67ms
2019-10-19 01:26:32,199 [Thread-872] INFO  impl.RoleInfo (RoleInfo.java:shutdownFollowerState(121)) - 8bce6a00-3bba-419d-83ac-b35141b6b559: shutdown FollowerState
2019-10-19 01:26:32,199 [Thread-872] INFO  impl.RaftServerImpl (RaftServerImpl.java:setRole(184)) - 8bce6a00-3bba-419d-83ac-b35141b6b559@group-31C3DC938042: changes role from  FOLLOWER to CANDIDATE at term 53 for changeToCandidate
2019-10-19 01:26:32,199 [Thread-872] INFO  impl.RoleInfo (RoleInfo.java:updateAndGet(143)) - 8bce6a00-3bba-419d-83ac-b35141b6b559: start LeaderElection
2019-10-19 01:26:32,206 [8bce6a00-3bba-419d-83ac-b35141b6b559@group-31C3DC938042-LeaderElection76] INFO  impl.LeaderElection (LeaderElection.java:askForVotes(178)) - 8bce6a00-3bba-419d-83ac-b35141b6b559@group-31C3DC938042-LeaderElection76: begin an election at term 54 for -1: [774c78e1-8dd4-453d-975e-442189a07fe2:192.168.157.242:38712, 7247ad7d-2ca2-4af8-9337-77c07ea89cb3:192.168.157.242:42362, 8bce6a00-3bba-419d-83ac-b35141b6b559:192.168.157.242:37801], old=null
2019-10-19 01:26:32,208 [grpc-default-executor-6] INFO  impl.RaftServerImpl (RaftServerImpl.java:setRole(184)) - 774c78e1-8dd4-453d-975e-442189a07fe2@group-31C3DC938042: changes role from  FOLLOWER to FOLLOWER at term 54 for recognizeCandidate:8bce6a00-3bba-419d-83ac-b35141b6b559
2019-10-19 01:26:32,208 [grpc-default-executor-6] INFO  impl.RoleInfo (RoleInfo.java:shutdownFollowerState(121)) - 774c78e1-8dd4-453d-975e-442189a07fe2: shutdown FollowerState
2019-10-19 01:26:32,208 [grpc-default-executor-8] INFO  impl.RaftServerImpl (RaftServerImpl.java:setRole(184)) - 7247ad7d-2ca2-4af8-9337-77c07ea89cb3@group-31C3DC938042: changes role from  FOLLOWER to FOLLOWER at term 54 for recognizeCandidate:8bce6a00-3bba-419d-83ac-b35141b6b559
2019-10-19 01:26:32,208 [grpc-default-executor-8] INFO  impl.RoleInfo (RoleInfo.java:shutdownFollowerState(121)) - 7247ad7d-2ca2-4af8-9337-77c07ea89cb3: shutdown FollowerState
2019-10-19 01:26:32,208 [Thread-870] INFO  impl.FollowerState (FollowerState.java:run(117)) - 774c78e1-8dd4-453d-975e-442189a07fe2@group-31C3DC938042-FollowerState was interrupted: java.lang.InterruptedException: sleep interrupted
2019-10-19 01:26:32,208 [grpc-default-executor-6] INFO  impl.RoleInfo (RoleInfo.java:updateAndGet(143)) - 774c78e1-8dd4-453d-975e-442189a07fe2: start FollowerState
2019-10-19 01:26:32,208 [grpc-default-executor-8] INFO  impl.RoleInfo (RoleInfo.java:updateAndGet(143)) - 7247ad7d-2ca2-4af8-9337-77c07ea89cb3: start FollowerState
2019-10-19 01:26:32,208 [Thread-871] INFO  impl.FollowerState (FollowerState.java:run(117)) - 7247ad7d-2ca2-4af8-9337-77c07ea89cb3@group-31C3DC938042-FollowerState was interrupted: java.lang.InterruptedException: sleep interrupted
2019-10-19 01:26:32,234 [8bce6a00-3bba-419d-83ac-b35141b6b559@group-31C3DC938042-LeaderElection76] INFO  impl.LeaderElection (LeaderElection.java:logAndReturn(56)) - 8bce6a00-3bba-419d-83ac-b35141b6b559@group-31C3DC938042-LeaderElection76: Election REJECTED; received 2 response(s) [8bce6a00-3bba-419d-83ac-b35141b6b559<-774c78e1-8dd4-453d-975e-442189a07fe2#0:FAIL-t54, 8bce6a00-3bba-419d-83ac-b35141b6b559<-7247ad7d-2ca2-4af8-9337-77c07ea89cb3#0:FAIL-t54] and 0 exception(s); 8bce6a00-3bba-419d-83ac-b35141b6b559@group-31C3DC938042:t54, leader=null, voted=8bce6a00-3bba-419d-83ac-b35141b6b559, raftlog=8bce6a00-3bba-419d-83ac-b35141b6b559@group-31C3DC938042-SegmentedRaftLog:OPENED:c-1,f-1,i0, conf=-1: [774c78e1-8dd4-453d-975e-442189a07fe2:192.168.157.242:38712, 7247ad7d-2ca2-4af8-9337-77c07ea89cb3:192.168.157.242:42362, 8bce6a00-3bba-419d-83ac-b35141b6b559:192.168.157.242:37801], old=null
2019-10-19 01:26:32,234 [8bce6a00-3bba-419d-83ac-b35141b6b559@group-31C3DC938042-LeaderElection76] INFO  impl.RaftServerImpl (RaftServerImpl.java:setRole(184)) - 8bce6a00-3bba-419d-83ac-b35141b6b559@group-31C3DC938042: changes role from CANDIDATE to FOLLOWER at term 54 for DISCOVERED_A_NEW_TERM
2019-10-19 01:26:32,234 [8bce6a00-3bba-419d-83ac-b35141b6b559@group-31C3DC938042-LeaderElection76] INFO  impl.RoleInfo (RoleInfo.java:shutdownLeaderElection(134)) - 8bce6a00-3bba-419d-83ac-b35141b6b559: shutdown LeaderElection
2019-10-19 01:26:32,234 [8bce6a00-3bba-419d-83ac-b35141b6b559@group-31C3DC938042-LeaderElection76] INFO  impl.RoleInfo (RoleInfo.java:updateAndGet(143)) - 8bce6a00-3bba-419d-83ac-b35141b6b559: start FollowerState
2019-10-19 01:26:32,432 [Thread-878] INFO  impl.FollowerState (FollowerState.java:run(108)) - 8bce6a00-3bba-419d-83ac-b35141b6b559@group-31C3DC938042-FollowerState: change to CANDIDATE, lastRpcTime:197ms, electionTimeout:197ms
2019-10-19 01:26:32,432 [Thread-878] INFO  impl.RoleInfo (RoleInfo.java:shutdownFollowerState(121)) - 8bce6a00-3bba-419d-83ac-b35141b6b559: shutdown FollowerState
2019-10-19 01:26:32,432 [Thread-878] INFO  impl.RaftServerImpl (RaftServerImpl.java:setRole(184)) - 8bce6a00-3bba-419d-83ac-b35141b6b559@group-31C3DC938042: changes role from  FOLLOWER to CANDIDATE at term 54 for changeToCandidate
2019-10-19 01:26:32,432 [Thread-878] INFO  impl.RoleInfo (RoleInfo.java:updateAndGet(143)) - 8bce6a00-3bba-419d-83ac-b35141b6b559: start LeaderElection
2019-10-19 01:26:32,454 [8bce6a00-3bba-419d-83ac-b35141b6b559@group-31C3DC938042-LeaderElection77] INFO  impl.LeaderElection (LeaderElection.java:askForVotes(178)) - 8bce6a00-3bba-419d-83ac-b35141b6b559@group-31C3DC938042-LeaderElection77: begin an election at term 55 for -1: [774c78e1-8dd4-453d-975e-442189a07fe2:192.168.157.242:38712, 7247ad7d-2ca2-4af8-9337-77c07ea89cb3:192.168.157.242:42362, 8bce6a00-3bba-419d-83ac-b35141b6b559:192.168.157.242:37801], old=null
2019-10-19 01:26:32,455 [grpc-default-executor-6] INFO  impl.RaftServerImpl (RaftServerImpl.java:setRole(184)) - 774c78e1-8dd4-453d-975e-442189a07fe2@group-31C3DC938042: changes role from  FOLLOWER to FOLLOWER at term 55 for recognizeCandidate:8bce6a00-3bba-419d-83ac-b35141b6b559
2019-10-19 01:26:32,456 [grpc-default-executor-6] INFO  impl.RoleInfo (RoleInfo.java:shutdownFollowerState(121)) - 774c78e1-8dd4-453d-975e-442189a07fe2: shutdown FollowerState
2019-10-19 01:26:32,456 [grpc-default-executor-6] INFO  impl.RoleInfo (RoleInfo.java:updateAndGet(143)) - 774c78e1-8dd4-453d-975e-442189a07fe2: start FollowerState
2019-10-19 01:26:32,456 [Thread-876] INFO  impl.FollowerState (FollowerState.java:run(117)) - 774c78e1-8dd4-453d-975e-442189a07fe2@group-31C3DC938042-FollowerState was interrupted: java.lang.InterruptedException: sleep interrupted
2019-10-19 01:26:32,460 [grpc-default-executor-1] INFO  impl.RaftServerImpl (RaftServerImpl.java:setRole(184)) - 7247ad7d-2ca2-4af8-9337-77c07ea89cb3@group-31C3DC938042: changes role from  FOLLOWER to FOLLOWER at term 55 for recognizeCandidate:8bce6a00-3bba-419d-83ac-b35141b6b559
2019-10-19 01:26:32,460 [grpc-default-executor-1] INFO  impl.RoleInfo (RoleInfo.java:shutdownFollowerState(121)) - 7247ad7d-2ca2-4af8-9337-77c07ea89cb3: shutdown FollowerState
2019-10-19 01:26:32,460 [grpc-default-executor-1] INFO  impl.RoleInfo (RoleInfo.java:updateAndGet(143)) - 7247ad7d-2ca2-4af8-9337-77c07ea89cb3: start FollowerState
2019-10-19 01:26:32,460 [Thread-877] INFO  impl.FollowerState (FollowerState.java:run(117)) - 7247ad7d-2ca2-4af8-9337-77c07ea89cb3@group-31C3DC938042-FollowerState was interrupted: java.lang.InterruptedException: sleep interrupted
2019-10-19 01:26:32,473 [8bce6a00-3bba-419d-83ac-b35141b6b559@group-31C3DC938042-LeaderElection77] INFO  impl.LeaderElection (LeaderElection.java:logAndReturn(56)) - 8bce6a00-3bba-419d-83ac-b35141b6b559@group-31C3DC938042-LeaderElection77: Election TIMEOUT; received 0 response(s) [] and 0 exception(s); 8bce6a00-3bba-419d-83ac-b35141b6b559@group-31C3DC938042:t55, leader=null, voted=8bce6a00-3bba-419d-83ac-b35141b6b559, raftlog=8bce6a00-3bba-419d-83ac-b35141b6b559@group-31C3DC938042-SegmentedRaftLog:OPENED:c-1,f-1,i0, conf=-1: [774c78e1-8dd4-453d-975e-442189a07fe2:192.168.157.242:38712, 7247ad7d-2ca2-4af8-9337-77c07ea89cb3:192.168.157.242:42362, 8bce6a00-3bba-419d-83ac-b35141b6b559:192.168.157.242:37801], old=null
2019-10-19 01:26:32,479 [8bce6a00-3bba-419d-83ac-b35141b6b559@group-31C3DC938042-LeaderElection77] INFO  impl.LeaderElection (LeaderElection.java:askForVotes(178)) - 8bce6a00-3bba-419d-83ac-b35141b6b559@group-31C3DC938042-LeaderElection77: begin an election at term 56 for -1: [774c78e1-8dd4-453d-975e-442189a07fe2:192.168.157.242:38712, 7247ad7d-2ca2-4af8-9337-77c07ea89cb3:192.168.157.242:42362, 8bce6a00-3bba-419d-83ac-b35141b6b559:192.168.157.242:37801], old=null
2019-10-19 01:26:32,480 [grpc-default-executor-1] INFO  impl.RaftServerImpl (RaftServerImpl.java:setRole(184)) - 774c78e1-8dd4-453d-975e-442189a07fe2@group-31C3DC938042: changes role from  FOLLOWER to FOLLOWER at term 56 for recognizeCandidate:8bce6a00-3bba-419d-83ac-b35141b6b559
2019-10-19 01:26:32,480 [grpc-default-executor-1] INFO  impl.RoleInfo (RoleInfo.java:shutdownFollowerState(121)) - 774c78e1-8dd4-453d-975e-442189a07fe2: shutdown FollowerState
2019-10-19 01:26:32,481 [grpc-default-executor-1] INFO  impl.RoleInfo (RoleInfo.java:updateAndGet(143)) - 774c78e1-8dd4-453d-975e-442189a07fe2: start FollowerState
2019-10-19 01:26:32,481 [Thread-883] INFO  impl.FollowerState (FollowerState.java:run(117)) - 774c78e1-8dd4-453d-975e-442189a07fe2@group-31C3DC938042-FollowerState was interrupted: java.lang.InterruptedException: sleep interrupted
2019-10-19 01:26:32,481 [grpc-default-executor-8] INFO  impl.RaftServerImpl (RaftServerImpl.java:setRole(184)) - 7247ad7d-2ca2-4af8-9337-77c07ea89cb3@group-31C3DC938042: changes role from  FOLLOWER to FOLLOWER at term 56 for recognizeCandidate:8bce6a00-3bba-419d-83ac-b35141b6b559
2019-10-19 01:26:32,481 [grpc-default-executor-8] INFO  impl.RoleInfo (RoleInfo.java:shutdownFollowerState(121)) - 7247ad7d-2ca2-4af8-9337-77c07ea89cb3: shutdown FollowerState
2019-10-19 01:26:32,481 [Thread-884] INFO  impl.FollowerState (FollowerState.java:run(117)) - 7247ad7d-2ca2-4af8-9337-77c07ea89cb3@group-31C3DC938042-FollowerState was interrupted: java.lang.InterruptedException: sleep interrupted
2019-10-19 01:26:32,481 [grpc-default-executor-8] INFO  impl.RoleInfo (RoleInfo.java:updateAndGet(143)) - 7247ad7d-2ca2-4af8-9337-77c07ea89cb3: start FollowerState
2019-10-19 01:26:32,507 [8bce6a00-3bba-419d-83ac-b35141b6b559@group-31C3DC938042-LeaderElection77] INFO  impl.LeaderElection (LeaderElection.java:logAndReturn(56)) - 8bce6a00-3bba-419d-83ac-b35141b6b559@group-31C3DC938042-LeaderElection77: Election REJECTED; received 2 response(s) [8bce6a00-3bba-419d-83ac-b35141b6b559<-774c78e1-8dd4-453d-975e-442189a07fe2#0:FAIL-t56, 8bce6a00-3bba-419d-83ac-b35141b6b559<-7247ad7d-2ca2-4af8-9337-77c07ea89cb3#0:FAIL-t56] and 0 exception(s); 8bce6a00-3bba-419d-83ac-b35141b6b559@group-31C3DC938042:t56, leader=null, voted=8bce6a00-3bba-419d-83ac-b35141b6b559, raftlog=8bce6a00-3bba-419d-83ac-b35141b6b559@group-31C3DC938042-SegmentedRaftLog:OPENED:c-1,f-1,i0, conf=-1: [774c78e1-8dd4-453d-975e-442189a07fe2:192.168.157.242:38712, 7247ad7d-2ca2-4af8-9337-77c07ea89cb3:192.168.157.242:42362, 8bce6a00-3bba-419d-83ac-b35141b6b559:192.168.157.242:37801], old=null
2019-10-19 01:26:32,507 [8bce6a00-3bba-419d-83ac-b35141b6b559@group-31C3DC938042-LeaderElection77] INFO  impl.RaftServerImpl (RaftServerImpl.java:setRole(184)) - 8bce6a00-3bba-419d-83ac-b35141b6b559@group-31C3DC938042: changes role from CANDIDATE to FOLLOWER at term 56 for DISCOVERED_A_NEW_TERM
2019-10-19 01:26:32,507 [8bce6a00-3bba-419d-83ac-b35141b6b559@group-31C3DC938042-LeaderElection77] INFO  impl.RoleInfo (RoleInfo.java:shutdownLeaderElection(134)) - 8bce6a00-3bba-419d-83ac-b35141b6b559: shutdown LeaderElection
2019-10-19 01:26:32,507 [8bce6a00-3bba-419d-83ac-b35141b6b559@group-31C3DC938042-LeaderElection77] INFO  impl.RoleInfo (RoleInfo.java:updateAndGet(143)) - 8bce6a00-3bba-419d-83ac-b35141b6b559: start FollowerState
2019-10-19 01:26:32,694 [Thread-891] INFO  impl.FollowerState (FollowerState.java:run(108)) - 8bce6a00-3bba-419d-83ac-b35141b6b559@group-31C3DC938042-FollowerState: change to CANDIDATE, lastRpcTime:186ms, electionTimeout:186ms
2019-10-19 01:26:32,694 [Thread-891] INFO  impl.RoleInfo (RoleInfo.java:shutdownFollowerState(121)) - 8bce6a00-3bba-419d-83ac-b35141b6b559: shutdown FollowerState
2019-10-19 01:26:32,694 [Thread-891] INFO  impl.RaftServerImpl (RaftServerImpl.java:setRole(184)) - 8bce6a00-3bba-419d-83ac-b35141b6b559@group-31C3DC938042: changes role from  FOLLOWER to CANDIDATE at term 56 for changeToCandidate
2019-10-19 01:26:32,694 [Thread-891] INFO  impl.RoleInfo (RoleInfo.java:updateAndGet(143)) - 8bce6a00-3bba-419d-83ac-b35141b6b559: start LeaderElection
2019-10-19 01:26:32,709 [8bce6a00-3bba-419d-83ac-b35141b6b559@group-31C3DC938042-LeaderElection78] INFO  impl.LeaderElection (LeaderElection.java:askForVotes(178)) - 8bce6a00-3bba-419d-83ac-b35141b6b559@group-31C3DC938042-LeaderElection78: begin an election at term 57 for -1: [774c78e1-8dd4-453d-975e-442189a07fe2:192.168.157.242:38712, 7247ad7d-2ca2-4af8-9337-77c07ea89cb3:192.168.157.242:42362, 8bce6a00-3bba-419d-83ac-b35141b6b559:192.168.157.242:37801], old=null
2019-10-19 01:26:32,711 [grpc-default-executor-1] INFO  impl.RaftServerImpl (RaftServerImpl.java:setRole(184)) - 774c78e1-8dd4-453d-975e-442189a07fe2@group-31C3DC938042: changes role from  FOLLOWER to FOLLOWER at term 57 for recognizeCandidate:8bce6a00-3bba-419d-83ac-b35141b6b559
2019-10-19 01:26:32,711 [grpc-default-executor-1] INFO  impl.RoleInfo (RoleInfo.java:shutdownFollowerState(121)) - 774c78e1-8dd4-453d-975e-442189a07fe2: shutdown FollowerState
2019-10-19 01:26:32,711 [grpc-default-executor-8] INFO  impl.RaftServerImpl (RaftServerImpl.java:setRole(184)) - 7247ad7d-2ca2-4af8-9337-77c07ea89cb3@group-31C3DC938042: changes role from  FOLLOWER to FOLLOWER at term 57 for recognizeCandidate:8bce6a00-3bba-419d-83ac-b35141b6b559
2019-10-19 01:26:32,711 [grpc-default-executor-1] INFO  impl.RoleInfo (RoleInfo.java:updateAndGet(143)) - 774c78e1-8dd4-453d-975e-442189a07fe2: start FollowerState
2019-10-19 01:26:32,711 [Thread-888] INFO  impl.FollowerState (FollowerState.java:run(117)) - 774c78e1-8dd4-453d-975e-442189a07fe2@group-31C3DC938042-FollowerState was interrupted: java.lang.InterruptedException: sleep interrupted
2019-10-19 01:26:32,711 [grpc-default-executor-8] INFO  impl.RoleInfo (RoleInfo.java:shutdownFollowerState(121)) - 7247ad7d-2ca2-4af8-9337-77c07ea89cb3: shutdown FollowerState
2019-10-19 01:26:32,712 [grpc-default-executor-8] INFO  impl.RoleInfo (RoleInfo.java:updateAndGet(143)) - 7247ad7d-2ca2-4af8-9337-77c07ea89cb3: start FollowerState
2019-10-19 01:26:32,712 [Thread-890] INFO  impl.FollowerState (FollowerState.java:run(117)) - 7247ad7d-2ca2-4af8-9337-77c07ea89cb3@group-31C3DC938042-FollowerState was interrupted: java.lang.InterruptedException: sleep interrupted
2019-10-19 01:26:32,725 [8bce6a00-3bba-419d-83ac-b35141b6b559@group-31C3DC938042-LeaderElection78] INFO  impl.LeaderElection (LeaderElection.java:logAndReturn(56)) - 8bce6a00-3bba-419d-83ac-b35141b6b559@group-31C3DC938042-LeaderElection78: Election REJECTED; received 2 response(s) [8bce6a00-3bba-419d-83ac-b35141b6b559<-774c78e1-8dd4-453d-975e-442189a07fe2#0:FAIL-t57, 8bce6a00-3bba-419d-83ac-b35141b6b559<-7247ad7d-2ca2-4af8-9337-77c07ea89cb3#0:FAIL-t57] and 0 exception(s); 8bce6a00-3bba-419d-83ac-b35141b6b559@group-31C3DC938042:t57, leader=null, voted=8bce6a00-3bba-419d-83ac-b35141b6b559, raftlog=8bce6a00-3bba-419d-83ac-b35141b6b559@group-31C3DC938042-SegmentedRaftLog:OPENED:c-1,f-1,i0, conf=-1: [774c78e1-8dd4-453d-975e-442189a07fe2:192.168.157.242:38712, 7247ad7d-2ca2-4af8-9337-77c07ea89cb3:192.168.157.242:42362, 8bce6a00-3bba-419d-83ac-b35141b6b559:192.168.157.242:37801], old=null
2019-10-19 01:26:32,725 [8bce6a00-3bba-419d-83ac-b35141b6b559@group-31C3DC938042-LeaderElection78] INFO  impl.RaftServerImpl (RaftServerImpl.java:setRole(184)) - 8bce6a00-3bba-419d-83ac-b35141b6b559@group-31C3DC938042: changes role from CANDIDATE to FOLLOWER at term 57 for DISCOVERED_A_NEW_TERM
2019-10-19 01:26:32,726 [8bce6a00-3bba-419d-83ac-b35141b6b559@group-31C3DC938042-LeaderElection78] INFO  impl.RoleInfo (RoleInfo.java:shutdownLeaderElection(134)) - 8bce6a00-3bba-419d-83ac-b35141b6b559: shutdown LeaderElection
2019-10-19 01:26:32,726 [8bce6a00-3bba-419d-83ac-b35141b6b559@group-31C3DC938042-LeaderElection78] INFO  impl.RoleInfo (RoleInfo.java:updateAndGet(143)) - 8bce6a00-3bba-419d-83ac-b35141b6b559: start FollowerState
2019-10-19 01:26:32,799 [Thread-900] INFO  impl.FollowerState (FollowerState.java:run(108)) - 8bce6a00-3bba-419d-83ac-b35141b6b559@group-31C3DC938042-FollowerState: change to CANDIDATE, lastRpcTime:73ms, electionTimeout:73ms
2019-10-19 01:26:32,799 [Thread-900] INFO  impl.RoleInfo (RoleInfo.java:shutdownFollowerState(121)) - 8bce6a00-3bba-419d-83ac-b35141b6b559: shutdown FollowerState
2019-10-19 01:26:32,799 [Thread-900] INFO  impl.RaftServerImpl (RaftServerImpl.java:setRole(184)) - 8bce6a00-3bba-419d-83ac-b35141b6b559@group-31C3DC938042: changes role from  FOLLOWER to CANDIDATE at term 57 for changeToCandidate
2019-10-19 01:26:32,799 [Thread-900] INFO  impl.RoleInfo (RoleInfo.java:updateAndGet(143)) - 8bce6a00-3bba-419d-83ac-b35141b6b559: start LeaderElection
2019-10-19 01:26:32,821 [8bce6a00-3bba-419d-83ac-b35141b6b559@group-31C3DC938042-LeaderElection79] INFO  impl.LeaderElection (LeaderElection.java:askForVotes(178)) - 8bce6a00-3bba-419d-83ac-b35141b6b559@group-31C3DC938042-LeaderElection79: begin an election at term 58 for -1: [774c78e1-8dd4-453d-975e-442189a07fe2:192.168.157.242:38712, 7247ad7d-2ca2-4af8-9337-77c07ea89cb3:192.168.157.242:42362, 8bce6a00-3bba-419d-83ac-b35141b6b559:192.168.157.242:37801], old=null
2019-10-19 01:26:32,822 [grpc-default-executor-8] INFO  impl.RaftServerImpl (RaftServerImpl.java:setRole(184)) - 774c78e1-8dd4-453d-975e-442189a07fe2@group-31C3DC938042: changes role from  FOLLOWER to FOLLOWER at term 58 for recognizeCandidate:8bce6a00-3bba-419d-83ac-b35141b6b559
2019-10-19 01:26:32,822 [grpc-default-executor-8] INFO  impl.RoleInfo (RoleInfo.java:shutdownFollowerState(121)) - 774c78e1-8dd4-453d-975e-442189a07fe2: shutdown FollowerState
2019-10-19 01:26:32,823 [Thread-898] INFO  impl.FollowerState (FollowerState.java:run(117)) - 774c78e1-8dd4-453d-975e-442189a07fe2@group-31C3DC938042-FollowerState was interrupted: java.lang.InterruptedException: sleep interrupted
2019-10-19 01:26:32,823 [grpc-default-executor-8] INFO  impl.RoleInfo (RoleInfo.java:updateAndGet(143)) - 774c78e1-8dd4-453d-975e-442189a07fe2: start FollowerState
2019-10-19 01:26:32,823 [grpc-default-executor-1] INFO  impl.RaftServerImpl (RaftServerImpl.java:setRole(184)) - 7247ad7d-2ca2-4af8-9337-77c07ea89cb3@group-31C3DC938042: changes role from  FOLLOWER to FOLLOWER at term 58 for recognizeCandidate:8bce6a00-3bba-419d-83ac-b35141b6b559
2019-10-19 01:26:32,823 [grpc-default-executor-1] INFO  impl.RoleInfo (RoleInfo.java:shutdownFollowerState(121)) - 7247ad7d-2ca2-4af8-9337-77c07ea89cb3: shutdown FollowerState
2019-10-19 01:26:32,823 [grpc-default-executor-1] INFO  impl.RoleInfo (RoleInfo.java:updateAndGet(143)) - 7247ad7d-2ca2-4af8-9337-77c07ea89cb3: start FollowerState
2019-10-19 01:26:32,823 [Thread-899] INFO  impl.FollowerState (FollowerState.java:run(117)) - 7247ad7d-2ca2-4af8-9337-77c07ea89cb3@group-31C3DC938042-FollowerState was interrupted: java.lang.InterruptedException: sleep interrupted
2019-10-19 01:26:32,836 [8bce6a00-3bba-419d-83ac-b35141b6b559@group-31C3DC938042-LeaderElection79] INFO  impl.LeaderElection (LeaderElection.java:logAndReturn(56)) - 8bce6a00-3bba-419d-83ac-b35141b6b559@group-31C3DC938042-LeaderElection79: Election REJECTED; received 2 response(s) [8bce6a00-3bba-419d-83ac-b35141b6b559<-774c78e1-8dd4-453d-975e-442189a07fe2#0:FAIL-t58, 8bce6a00-3bba-419d-83ac-b35141b6b559<-7247ad7d-2ca2-4af8-9337-77c07ea89cb3#0:FAIL-t58] and 0 exception(s); 8bce6a00-3bba-419d-83ac-b35141b6b559@group-31C3DC938042:t58, leader=null, voted=8bce6a00-3bba-419d-83ac-b35141b6b559, raftlog=8bce6a00-3bba-419d-83ac-b35141b6b559@group-31C3DC938042-SegmentedRaftLog:OPENED:c-1,f-1,i0, conf=-1: [774c78e1-8dd4-453d-975e-442189a07fe2:192.168.157.242:38712, 7247ad7d-2ca2-4af8-9337-77c07ea89cb3:192.168.157.242:42362, 8bce6a00-3bba-419d-83ac-b35141b6b559:192.168.157.242:37801], old=null
2019-10-19 01:26:32,837 [8bce6a00-3bba-419d-83ac-b35141b6b559@group-31C3DC938042-LeaderElection79] INFO  impl.RaftServerImpl (RaftServerImpl.java:setRole(184)) - 8bce6a00-3bba-419d-83ac-b35141b6b559@group-31C3DC938042: changes role from CANDIDATE to FOLLOWER at term 58 for DISCOVERED_A_NEW_TERM
2019-10-19 01:26:32,837 [8bce6a00-3bba-419d-83ac-b35141b6b559@group-31C3DC938042-LeaderElection79] INFO  impl.RoleInfo (RoleInfo.java:shutdownLeaderElection(134)) - 8bce6a00-3bba-419d-83ac-b35141b6b559: shutdown LeaderElection
2019-10-19 01:26:32,837 [8bce6a00-3bba-419d-83ac-b35141b6b559@group-31C3DC938042-LeaderElection79] INFO  impl.RoleInfo (RoleInfo.java:updateAndGet(143)) - 8bce6a00-3bba-419d-83ac-b35141b6b559: start FollowerState
2019-10-19 01:26:32,945 [Thread-906] INFO  impl.FollowerState (FollowerState.java:run(108)) - 8bce6a00-3bba-419d-83ac-b35141b6b559@group-31C3DC938042-FollowerState: change to CANDIDATE, lastRpcTime:108ms, electionTimeout:108ms
2019-10-19 01:26:32,945 [Thread-906] INFO  impl.RoleInfo (RoleInfo.java:shutdownFollowerState(121)) - 8bce6a00-3bba-419d-83ac-b35141b6b559: shutdown FollowerState
2019-10-19 01:26:32,945 [Thread-906] INFO  impl.RaftServerImpl (RaftServerImpl.java:setRole(184)) - 8bce6a00-3bba-419d-83ac-b35141b6b559@group-31C3DC938042: changes role from  FOLLOWER to CANDIDATE at term 58 for changeToCandidate
2019-10-19 01:26:32,945 [Thread-906] INFO  impl.RoleInfo (RoleInfo.java:updateAndGet(143)) - 8bce6a00-3bba-419d-83ac-b35141b6b559: start LeaderElection
2019-10-19 01:26:32,952 [8bce6a00-3bba-419d-83ac-b35141b6b559@group-31C3DC938042-LeaderElection80] INFO  impl.LeaderElection (LeaderElection.java:askForVotes(178)) - 8bce6a00-3bba-419d-83ac-b35141b6b559@group-31C3DC938042-LeaderElection80: begin an election at term 59 for -1: [774c78e1-8dd4-453d-975e-442189a07fe2:192.168.157.242:38712, 7247ad7d-2ca2-4af8-9337-77c07ea89cb3:192.168.157.242:42362, 8bce6a00-3bba-419d-83ac-b35141b6b559:192.168.157.242:37801], old=null
2019-10-19 01:26:32,954 [grpc-default-executor-8] INFO  impl.RaftServerImpl (RaftServerImpl.java:setRole(184)) - 774c78e1-8dd4-453d-975e-442189a07fe2@group-31C3DC938042: changes role from  FOLLOWER to FOLLOWER at term 59 for recognizeCandidate:8bce6a00-3bba-419d-83ac-b35141b6b559
2019-10-19 01:26:32,954 [grpc-default-executor-8] INFO  impl.RoleInfo (RoleInfo.java:shutdownFollowerState(121)) - 774c78e1-8dd4-453d-975e-442189a07fe2: shutdown FollowerState
2019-10-19 01:26:32,954 [grpc-default-executor-1] INFO  impl.RaftServerImpl (RaftServerImpl.java:setRole(184)) - 7247ad7d-2ca2-4af8-9337-77c07ea89cb3@group-31C3DC938042: changes role from  FOLLOWER to FOLLOWER at term 59 for recognizeCandidate:8bce6a00-3bba-419d-83ac-b35141b6b559
2019-10-19 01:26:32,954 [Thread-904] INFO  impl.FollowerState (FollowerState.java:run(117)) - 774c78e1-8dd4-453d-975e-442189a07fe2@group-31C3DC938042-FollowerState was interrupted: java.lang.InterruptedException: sleep interrupted
2019-10-19 01:26:32,954 [grpc-default-executor-8] INFO  impl.RoleInfo (RoleInfo.java:updateAndGet(143)) - 774c78e1-8dd4-453d-975e-442189a07fe2: start FollowerState
2019-10-19 01:26:32,954 [grpc-default-executor-1] INFO  impl.RoleInfo (RoleInfo.java:shutdownFollowerState(121)) - 7247ad7d-2ca2-4af8-9337-77c07ea89cb3: shutdown FollowerState
2019-10-19 01:26:32,955 [grpc-default-executor-1] INFO  impl.RoleInfo (RoleInfo.java:updateAndGet(143)) - 7247ad7d-2ca2-4af8-9337-77c07ea89cb3: start FollowerState
2019-10-19 01:26:32,955 [Thread-905] INFO  impl.FollowerState (FollowerState.java:run(117)) - 7247ad7d-2ca2-4af8-9337-77c07ea89cb3@group-31C3DC938042-FollowerState was interrupted: java.lang.InterruptedException: sleep interrupted
2019-10-19 01:26:32,982 [8bce6a00-3bba-419d-83ac-b35141b6b559@group-31C3DC938042-LeaderElection80] INFO  impl.LeaderElection (LeaderElection.java:logAndReturn(56)) - 8bce6a00-3bba-419d-83ac-b35141b6b559@group-31C3DC938042-LeaderElection80: Election REJECTED; received 2 response(s) [8bce6a00-3bba-419d-83ac-b35141b6b559<-774c78e1-8dd4-453d-975e-442189a07fe2#0:FAIL-t59, 8bce6a00-3bba-419d-83ac-b35141b6b559<-7247ad7d-2ca2-4af8-9337-77c07ea89cb3#0:FAIL-t59] and 0 exception(s); 8bce6a00-3bba-419d-83ac-b35141b6b559@group-31C3DC938042:t59, leader=null, voted=8bce6a00-3bba-419d-83ac-b35141b6b559, raftlog=8bce6a00-3bba-419d-83ac-b35141b6b559@group-31C3DC938042-SegmentedRaftLog:OPENED:c-1,f-1,i0, conf=-1: [774c78e1-8dd4-453d-975e-442189a07fe2:192.168.157.242:38712, 7247ad7d-2ca2-4af8-9337-77c07ea89cb3:192.168.157.242:42362, 8bce6a00-3bba-419d-83ac-b35141b6b559:192.168.157.242:37801], old=null
2019-10-19 01:26:32,982 [8bce6a00-3bba-419d-83ac-b35141b6b559@group-31C3DC938042-LeaderElection80] INFO  impl.RaftServerImpl (RaftServerImpl.java:setRole(184)) - 8bce6a00-3bba-419d-83ac-b35141b6b559@group-31C3DC938042: changes role from CANDIDATE to FOLLOWER at term 59 for DISCOVERED_A_NEW_TERM
2019-10-19 01:26:32,983 [8bce6a00-3bba-419d-83ac-b35141b6b559@group-31C3DC938042-LeaderElection80] INFO  impl.RoleInfo (RoleInfo.java:shutdownLeaderElection(134)) - 8bce6a00-3bba-419d-83ac-b35141b6b559: shutdown LeaderElection
2019-10-19 01:26:32,983 [8bce6a00-3bba-419d-83ac-b35141b6b559@group-31C3DC938042-LeaderElection80] INFO  impl.RoleInfo (RoleInfo.java:updateAndGet(143)) - 8bce6a00-3bba-419d-83ac-b35141b6b559: start FollowerState
2019-10-19 01:26:33,026 [Thread-912] INFO  impl.FollowerState (FollowerState.java:run(108)) - 8bce6a00-3bba-419d-83ac-b35141b6b559@group-31C3DC938042-FollowerState: change to CANDIDATE, lastRpcTime:43ms, electionTimeout:43ms
2019-10-19 01:26:33,026 [Thread-912] INFO  impl.RoleInfo (RoleInfo.java:shutdownFollowerState(121)) - 8bce6a00-3bba-419d-83ac-b35141b6b559: shutdown FollowerState
2019-10-19 01:26:33,027 [Thread-912] INFO  impl.RaftServerImpl (RaftServerImpl.java:setRole(184)) - 8bce6a00-3bba-419d-83ac-b35141b6b559@group-31C3DC938042: changes role from  FOLLOWER to CANDIDATE at term 59 for changeToCandidate
2019-10-19 01:26:33,027 [Thread-912] INFO  impl.RoleInfo (RoleInfo.java:updateAndGet(143)) - 8bce6a00-3bba-419d-83ac-b35141b6b559: start LeaderElection
2019-10-19 01:26:33,058 [8bce6a00-3bba-419d-83ac-b35141b6b559@group-31C3DC938042-LeaderElection81] INFO  impl.LeaderElection (LeaderElection.java:askForVotes(178)) - 8bce6a00-3bba-419d-83ac-b35141b6b559@group-31C3DC938042-LeaderElection81: begin an election at term 60 for -1: [774c78e1-8dd4-453d-975e-442189a07fe2:192.168.157.242:38712, 7247ad7d-2ca2-4af8-9337-77c07ea89cb3:192.168.157.242:42362, 8bce6a00-3bba-419d-83ac-b35141b6b559:192.168.157.242:37801], old=null
2019-10-19 01:26:33,060 [grpc-default-executor-8] INFO  impl.RaftServerImpl (RaftServerImpl.java:setRole(184)) - 774c78e1-8dd4-453d-975e-442189a07fe2@group-31C3DC938042: changes role from  FOLLOWER to FOLLOWER at term 60 for recognizeCandidate:8bce6a00-3bba-419d-83ac-b35141b6b559
2019-10-19 01:26:33,060 [grpc-default-executor-8] INFO  impl.RoleInfo (RoleInfo.java:shutdownFollowerState(121)) - 774c78e1-8dd4-453d-975e-442189a07fe2: shutdown FollowerState
2019-10-19 01:26:33,060 [grpc-default-executor-8] INFO  impl.RoleInfo (RoleInfo.java:updateAndGet(143)) - 774c78e1-8dd4-453d-975e-442189a07fe2: start FollowerState
2019-10-19 01:26:33,060 [Thread-910] INFO  impl.FollowerState (FollowerState.java:run(117)) - 774c78e1-8dd4-453d-975e-442189a07fe2@group-31C3DC938042-FollowerState was interrupted: java.lang.InterruptedException: sleep interrupted
2019-10-19 01:26:33,060 [grpc-default-executor-1] INFO  impl.RaftServerImpl (RaftServerImpl.java:setRole(184)) - 7247ad7d-2ca2-4af8-9337-77c07ea89cb3@group-31C3DC938042: changes role from  FOLLOWER to FOLLOWER at term 60 for recognizeCandidate:8bce6a00-3bba-419d-83ac-b35141b6b559
2019-10-19 01:26:33,060 [grpc-default-executor-1] INFO  impl.RoleInfo (RoleInfo.java:shutdownFollowerState(121)) - 7247ad7d-2ca2-4af8-9337-77c07ea89cb3: shutdown FollowerState
2019-10-19 01:26:33,061 [grpc-default-executor-1] INFO  impl.RoleInfo (RoleInfo.java:updateAndGet(143)) - 7247ad7d-2ca2-4af8-9337-77c07ea89cb3: start FollowerState
2019-10-19 01:26:33,061 [Thread-911] INFO  impl.FollowerState (FollowerState.java:run(117)) - 7247ad7d-2ca2-4af8-9337-77c07ea89cb3@group-31C3DC938042-FollowerState was interrupted: java.lang.InterruptedException: sleep interrupted
2019-10-19 01:26:33,066 [8bce6a00-3bba-419d-83ac-b35141b6b559@group-31C3DC938042-LeaderElection81] INFO  impl.LeaderElection (LeaderElection.java:logAndReturn(56)) - 8bce6a00-3bba-419d-83ac-b35141b6b559@group-31C3DC938042-LeaderElection81: Election REJECTED; received 2 response(s) [8bce6a00-3bba-419d-83ac-b35141b6b559<-774c78e1-8dd4-453d-975e-442189a07fe2#0:FAIL-t60, 8bce6a00-3bba-419d-83ac-b35141b6b559<-7247ad7d-2ca2-4af8-9337-77c07ea89cb3#0:FAIL-t60] and 0 exception(s); 8bce6a00-3bba-419d-83ac-b35141b6b559@group-31C3DC938042:t60, leader=null, voted=8bce6a00-3bba-419d-83ac-b35141b6b559, raftlog=8bce6a00-3bba-419d-83ac-b35141b6b559@group-31C3DC938042-SegmentedRaftLog:OPENED:c-1,f-1,i0, conf=-1: [774c78e1-8dd4-453d-975e-442189a07fe2:192.168.157.242:38712, 7247ad7d-2ca2-4af8-9337-77c07ea89cb3:192.168.157.242:42362, 8bce6a00-3bba-419d-83ac-b35141b6b559:192.168.157.242:37801], old=null
2019-10-19 01:26:33,066 [8bce6a00-3bba-419d-83ac-b35141b6b559@group-31C3DC938042-LeaderElection81] INFO  impl.RaftServerImpl (RaftServerImpl.java:setRole(184)) - 8bce6a00-3bba-419d-83ac-b35141b6b559@group-31C3DC938042: changes role from CANDIDATE to FOLLOWER at term 60 for DISCOVERED_A_NEW_TERM
2019-10-19 01:26:33,066 [8bce6a00-3bba-419d-83ac-b35141b6b559@group-31C3DC938042-LeaderElection81] INFO  impl.RoleInfo (RoleInfo.java:shutdownLeaderElection(134)) - 8bce6a00-3bba-419d-83ac-b35141b6b559: shutdown LeaderElection
2019-10-19 01:26:33,066 [8bce6a00-3bba-419d-83ac-b35141b6b559@group-31C3DC938042-LeaderElection81] INFO  impl.RoleInfo (RoleInfo.java:updateAndGet(143)) - 8bce6a00-3bba-419d-83ac-b35141b6b559: start FollowerState
2019-10-19 01:26:33,151 [Thread-920] INFO  impl.FollowerState (FollowerState.java:run(108)) - 8bce6a00-3bba-419d-83ac-b35141b6b559@group-31C3DC938042-FollowerState: change to CANDIDATE, lastRpcTime:85ms, electionTimeout:85ms
2019-10-19 01:26:33,151 [Thread-920] INFO  impl.RoleInfo (RoleInfo.java:shutdownFollowerState(121)) - 8bce6a00-3bba-419d-83ac-b35141b6b559: shutdown FollowerState
2019-10-19 01:26:33,152 [Thread-920] INFO  impl.RaftServerImpl (RaftServerImpl.java:setRole(184)) - 8bce6a00-3bba-419d-83ac-b35141b6b559@group-31C3DC938042: changes role from  FOLLOWER to CANDIDATE at term 60 for changeToCandidate
2019-10-19 01:26:33,152 [Thread-920] INFO  impl.RoleInfo (RoleInfo.java:updateAndGet(143)) - 8bce6a00-3bba-419d-83ac-b35141b6b559: start LeaderElection
2019-10-19 01:26:33,155 [8bce6a00-3bba-419d-83ac-b35141b6b559@group-31C3DC938042-LeaderElection82] INFO  impl.LeaderElection (LeaderElection.java:askForVotes(178)) - 8bce6a00-3bba-419d-83ac-b35141b6b559@group-31C3DC938042-LeaderElection82: begin an election at term 61 for -1: [774c78e1-8dd4-453d-975e-442189a07fe2:192.168.157.242:38712, 7247ad7d-2ca2-4af8-9337-77c07ea89cb3:192.168.157.242:42362, 8bce6a00-3bba-419d-83ac-b35141b6b559:192.168.157.242:37801], old=null
2019-10-19 01:26:33,157 [grpc-default-executor-1] INFO  impl.RaftServerImpl (RaftServerImpl.java:setRole(184)) - 774c78e1-8dd4-453d-975e-442189a07fe2@group-31C3DC938042: changes role from  FOLLOWER to FOLLOWER at term 61 for recognizeCandidate:8bce6a00-3bba-419d-83ac-b35141b6b559
2019-10-19 01:26:33,157 [grpc-default-executor-8] INFO  impl.RaftServerImpl (RaftServerImpl.java:setRole(184)) - 7247ad7d-2ca2-4af8-9337-77c07ea89cb3@group-31C3DC938042: changes role from  FOLLOWER to FOLLOWER at term 61 for recognizeCandidate:8bce6a00-3bba-419d-83ac-b35141b6b559
2019-10-19 01:26:33,157 [grpc-default-executor-1] INFO  impl.RoleInfo (RoleInfo.java:shutdownFollowerState(121)) - 774c78e1-8dd4-453d-975e-442189a07fe2: shutdown FollowerState
2019-10-19 01:26:33,157 [grpc-default-executor-8] INFO  impl.RoleInfo (RoleInfo.java:shutdownFollowerState(121)) - 7247ad7d-2ca2-4af8-9337-77c07ea89cb3: shutdown FollowerState
2019-10-19 01:26:33,157 [grpc-default-executor-1] INFO  impl.RoleInfo (RoleInfo.java:updateAndGet(143)) - 774c78e1-8dd4-453d-975e-442189a07fe2: start FollowerState
2019-10-19 01:26:33,158 [Thread-919] INFO  impl.FollowerState (FollowerState.java:run(117)) - 7247ad7d-2ca2-4af8-9337-77c07ea89cb3@group-31C3DC938042-FollowerState was interrupted: java.lang.InterruptedException: sleep interrupted
2019-10-19 01:26:33,158 [grpc-default-executor-8] INFO  impl.RoleInfo (RoleInfo.java:updateAndGet(143)) - 7247ad7d-2ca2-4af8-9337-77c07ea89cb3: start FollowerState
2019-10-19 01:26:33,158 [Thread-918] INFO  impl.FollowerState (FollowerState.java:run(117)) - 774c78e1-8dd4-453d-975e-442189a07fe2@group-31C3DC938042-FollowerState was interrupted: java.lang.InterruptedException: sleep interrupted
2019-10-19 01:26:33,170 [8bce6a00-3bba-419d-83ac-b35141b6b559@group-31C3DC938042-LeaderElection82] INFO  impl.LeaderElection (LeaderElection.java:logAndReturn(56)) - 8bce6a00-3bba-419d-83ac-b35141b6b559@group-31C3DC938042-LeaderElection82: Election REJECTED; received 2 response(s) [8bce6a00-3bba-419d-83ac-b35141b6b559<-774c78e1-8dd4-453d-975e-442189a07fe2#0:FAIL-t61, 8bce6a00-3bba-419d-83ac-b35141b6b559<-7247ad7d-2ca2-4af8-9337-77c07ea89cb3#0:FAIL-t61] and 0 exception(s); 8bce6a00-3bba-419d-83ac-b35141b6b559@group-31C3DC938042:t61, leader=null, voted=8bce6a00-3bba-419d-83ac-b35141b6b559, raftlog=8bce6a00-3bba-419d-83ac-b35141b6b559@group-31C3DC938042-SegmentedRaftLog:OPENED:c-1,f-1,i0, conf=-1: [774c78e1-8dd4-453d-975e-442189a07fe2:192.168.157.242:38712, 7247ad7d-2ca2-4af8-9337-77c07ea89cb3:192.168.157.242:42362, 8bce6a00-3bba-419d-83ac-b35141b6b559:192.168.157.242:37801], old=null
2019-10-19 01:26:33,170 [8bce6a00-3bba-419d-83ac-b35141b6b559@group-31C3DC938042-LeaderElection82] INFO  impl.RaftServerImpl (RaftServerImpl.java:setRole(184)) - 8bce6a00-3bba-419d-83ac-b35141b6b559@group-31C3DC938042: changes role from CANDIDATE to FOLLOWER at term 61 for DISCOVERED_A_NEW_TERM
2019-10-19 01:26:33,170 [8bce6a00-3bba-419d-83ac-b35141b6b559@group-31C3DC938042-LeaderElection82] INFO  impl.RoleInfo (RoleInfo.java:shutdownLeaderElection(134)) - 8bce6a00-3bba-419d-83ac-b35141b6b559: shutdown LeaderElection
2019-10-19 01:26:33,170 [8bce6a00-3bba-419d-83ac-b35141b6b559@group-31C3DC938042-LeaderElection82] INFO  impl.RoleInfo (RoleInfo.java:updateAndGet(143)) - 8bce6a00-3bba-419d-83ac-b35141b6b559: start FollowerState
2019-10-19 01:26:33,173 [Thread-928] INFO  impl.FollowerState (FollowerState.java:run(108)) - 8bce6a00-3bba-419d-83ac-b35141b6b559@group-31C3DC938042-FollowerState: change to CANDIDATE, lastRpcTime:2ms, electionTimeout:2ms
2019-10-19 01:26:33,173 [Thread-928] INFO  impl.RoleInfo (RoleInfo.java:shutdownFollowerState(121)) - 8bce6a00-3bba-419d-83ac-b35141b6b559: shutdown FollowerState
2019-10-19 01:26:33,173 [Thread-928] INFO  impl.RaftServerImpl (RaftServerImpl.java:setRole(184)) - 8bce6a00-3bba-419d-83ac-b35141b6b559@group-31C3DC938042: changes role from  FOLLOWER to CANDIDATE at term 61 for changeToCandidate
2019-10-19 01:26:33,173 [Thread-928] INFO  impl.RoleInfo (RoleInfo.java:updateAndGet(143)) - 8bce6a00-3bba-419d-83ac-b35141b6b559: start LeaderElection
2019-10-19 01:26:33,233 [8bce6a00-3bba-419d-83ac-b35141b6b559@group-31C3DC938042-LeaderElection83] INFO  impl.LeaderElection (LeaderElection.java:askForVotes(178)) - 8bce6a00-3bba-419d-83ac-b35141b6b559@group-31C3DC938042-LeaderElection83: begin an election at term 62 for -1: [774c78e1-8dd4-453d-975e-442189a07fe2:192.168.157.242:38712, 7247ad7d-2ca2-4af8-9337-77c07ea89cb3:192.168.157.242:42362, 8bce6a00-3bba-419d-83ac-b35141b6b559:192.168.157.242:37801], old=null
2019-10-19 01:26:33,235 [grpc-default-executor-1] INFO  impl.RaftServerImpl (RaftServerImpl.java:setRole(184)) - 774c78e1-8dd4-453d-975e-442189a07fe2@group-31C3DC938042: changes role from  FOLLOWER to FOLLOWER at term 62 for recognizeCandidate:8bce6a00-3bba-419d-83ac-b35141b6b559
2019-10-19 01:26:33,235 [grpc-default-executor-1] INFO  impl.RoleInfo (RoleInfo.java:shutdownFollowerState(121)) - 774c78e1-8dd4-453d-975e-442189a07fe2: shutdown FollowerState
2019-10-19 01:26:33,235 [Thread-926] INFO  impl.FollowerState (FollowerState.java:run(117)) - 774c78e1-8dd4-453d-975e-442189a07fe2@group-31C3DC938042-FollowerState was interrupted: java.lang.InterruptedException: sleep interrupted
2019-10-19 01:26:33,235 [grpc-default-executor-8] INFO  impl.RaftServerImpl (RaftServerImpl.java:setRole(184)) - 7247ad7d-2ca2-4af8-9337-77c07ea89cb3@group-31C3DC938042: changes role from  FOLLOWER to FOLLOWER at term 62 for recognizeCandidate:8bce6a00-3bba-419d-83ac-b35141b6b559
2019-10-19 01:26:33,235 [grpc-default-executor-8] INFO  impl.RoleInfo (RoleInfo.java:shutdownFollowerState(121)) - 7247ad7d-2ca2-4af8-9337-77c07ea89cb3: shutdown FollowerState
2019-10-19 01:26:33,235 [grpc-default-executor-1] INFO  impl.RoleInfo (RoleInfo.java:updateAndGet(143)) - 774c78e1-8dd4-453d-975e-442189a07fe2: start FollowerState
2019-10-19 01:26:33,235 [Thread-927] INFO  impl.FollowerState (FollowerState.java:run(117)) - 7247ad7d-2ca2-4af8-9337-77c07ea89cb3@group-31C3DC938042-FollowerState was interrupted: java.lang.InterruptedException: sleep interrupted
2019-10-19 01:26:33,235 [grpc-default-executor-8] INFO  impl.RoleInfo (RoleInfo.java:updateAndGet(143)) - 7247ad7d-2ca2-4af8-9337-77c07ea89cb3: start FollowerState
2019-10-19 01:26:33,249 [8bce6a00-3bba-419d-83ac-b35141b6b559@group-31C3DC938042-LeaderElection83] INFO  impl.LeaderElection (LeaderElection.java:logAndReturn(56)) - 8bce6a00-3bba-419d-83ac-b35141b6b559@group-31C3DC938042-LeaderElection83: Election REJECTED; received 2 response(s) [8bce6a00-3bba-419d-83ac-b35141b6b559<-774c78e1-8dd4-453d-975e-442189a07fe2#0:FAIL-t62, 8bce6a00-3bba-419d-83ac-b35141b6b559<-7247ad7d-2ca2-4af8-9337-77c07ea89cb3#0:FAIL-t62] and 0 exception(s); 8bce6a00-3bba-419d-83ac-b35141b6b559@group-31C3DC938042:t62, leader=null, voted=8bce6a00-3bba-419d-83ac-b35141b6b559, raftlog=8bce6a00-3bba-419d-83ac-b35141b6b559@group-31C3DC938042-SegmentedRaftLog:OPENED:c-1,f-1,i0, conf=-1: [774c78e1-8dd4-453d-975e-442189a07fe2:192.168.157.242:38712, 7247ad7d-2ca2-4af8-9337-77c07ea89cb3:192.168.157.242:42362, 8bce6a00-3bba-419d-83ac-b35141b6b559:192.168.157.242:37801], old=null
2019-10-19 01:26:33,249 [8bce6a00-3bba-419d-83ac-b35141b6b559@group-31C3DC938042-LeaderElection83] INFO  impl.RaftServerImpl (RaftServerImpl.java:setRole(184)) - 8bce6a00-3bba-419d-83ac-b35141b6b559@group-31C3DC938042: changes role from CANDIDATE to FOLLOWER at term 62 for DISCOVERED_A_NEW_TERM
2019-10-19 01:26:33,249 [8bce6a00-3bba-419d-83ac-b35141b6b559@group-31C3DC938042-LeaderElection83] INFO  impl.RoleInfo (RoleInfo.java:shutdownLeaderElection(134)) - 8bce6a00-3bba-419d-83ac-b35141b6b559: shutdown LeaderElection
2019-10-19 01:26:33,249 [8bce6a00-3bba-419d-83ac-b35141b6b559@group-31C3DC938042-LeaderElection83] INFO  impl.RoleInfo (RoleInfo.java:updateAndGet(143)) - 8bce6a00-3bba-419d-83ac-b35141b6b559: start FollowerState
2019-10-19 01:26:33,281 [Thread-934] INFO  impl.FollowerState (FollowerState.java:run(108)) - 8bce6a00-3bba-419d-83ac-b35141b6b559@group-31C3DC938042-FollowerState: change to CANDIDATE, lastRpcTime:31ms, electionTimeout:31ms
2019-10-19 01:26:33,281 [Thread-934] INFO  impl.RoleInfo (RoleInfo.java:shutdownFollowerState(121)) - 8bce6a00-3bba-419d-83ac-b35141b6b559: shutdown FollowerState
2019-10-19 01:26:33,281 [Thread-934] INFO  impl.RaftServerImpl (RaftServerImpl.java:setRole(184)) - 8bce6a00-3bba-419d-83ac-b35141b6b559@group-31C3DC938042: changes role from  FOLLOWER to CANDIDATE at term 62 for changeToCandidate
2019-10-19 01:26:33,281 [Thread-934] INFO  impl.RoleInfo (RoleInfo.java:updateAndGet(143)) - 8bce6a00-3bba-419d-83ac-b35141b6b559: start LeaderElection
2019-10-19 01:26:33,311 [8bce6a00-3bba-419d-83ac-b35141b6b559@group-31C3DC938042-LeaderElection84] INFO  impl.LeaderElection (LeaderElection.java:askForVotes(178)) - 8bce6a00-3bba-419d-83ac-b35141b6b559@group-31C3DC938042-LeaderElection84: begin an election at term 63 for -1: [774c78e1-8dd4-453d-975e-442189a07fe2:192.168.157.242:38712, 7247ad7d-2ca2-4af8-9337-77c07ea89cb3:192.168.157.242:42362, 8bce6a00-3bba-419d-83ac-b35141b6b559:192.168.157.242:37801], old=null
2019-10-19 01:26:33,313 [grpc-default-executor-8] INFO  impl.RaftServerImpl (RaftServerImpl.java:setRole(184)) - 774c78e1-8dd4-453d-975e-442189a07fe2@group-31C3DC938042: changes role from  FOLLOWER to FOLLOWER at term 63 for recognizeCandidate:8bce6a00-3bba-419d-83ac-b35141b6b559
2019-10-19 01:26:33,313 [grpc-default-executor-8] INFO  impl.RoleInfo (RoleInfo.java:shutdownFollowerState(121)) - 774c78e1-8dd4-453d-975e-442189a07fe2: shutdown FollowerState
2019-10-19 01:26:33,313 [grpc-default-executor-8] INFO  impl.RoleInfo (RoleInfo.java:updateAndGet(143)) - 774c78e1-8dd4-453d-975e-442189a07fe2: start FollowerState
2019-10-19 01:26:33,313 [Thread-932] INFO  impl.FollowerState (FollowerState.java:run(117)) - 774c78e1-8dd4-453d-975e-442189a07fe2@group-31C3DC938042-FollowerState was interrupted: java.lang.InterruptedException: sleep interrupted
2019-10-19 01:26:33,313 [grpc-default-executor-1] INFO  impl.RaftServerImpl (RaftServerImpl.java:setRole(184)) - 7247ad7d-2ca2-4af8-9337-77c07ea89cb3@group-31C3DC938042: changes role from  FOLLOWER to FOLLOWER at term 63 for recognizeCandidate:8bce6a00-3bba-419d-83ac-b35141b6b559
2019-10-19 01:26:33,314 [grpc-default-executor-1] INFO  impl.RoleInfo (RoleInfo.java:shutdownFollowerState(121)) - 7247ad7d-2ca2-4af8-9337-77c07ea89cb3: shutdown FollowerState
2019-10-19 01:26:33,314 [grpc-default-executor-1] INFO  impl.RoleInfo (RoleInfo.java:updateAndGet(143)) - 7247ad7d-2ca2-4af8-9337-77c07ea89cb3: start FollowerState
2019-10-19 01:26:33,314 [Thread-933] INFO  impl.FollowerState (FollowerState.java:run(117)) - 7247ad7d-2ca2-4af8-9337-77c07ea89cb3@group-31C3DC938042-FollowerState was interrupted: java.lang.InterruptedException: sleep interrupted
2019-10-19 01:26:33,335 [8bce6a00-3bba-419d-83ac-b35141b6b559@group-31C3DC938042-LeaderElection84] INFO  impl.LeaderElection (LeaderElection.java:logAndReturn(56)) - 8bce6a00-3bba-419d-83ac-b35141b6b559@group-31C3DC938042-LeaderElection84: Election REJECTED; received 2 response(s) [8bce6a00-3bba-419d-83ac-b35141b6b559<-774c78e1-8dd4-453d-975e-442189a07fe2#0:FAIL-t63, 8bce6a00-3bba-419d-83ac-b35141b6b559<-7247ad7d-2ca2-4af8-9337-77c07ea89cb3#0:FAIL-t63] and 0 exception(s); 8bce6a00-3bba-419d-83ac-b35141b6b559@group-31C3DC938042:t63, leader=null, voted=8bce6a00-3bba-419d-83ac-b35141b6b559, raftlog=8bce6a00-3bba-419d-83ac-b35141b6b559@group-31C3DC938042-SegmentedRaftLog:OPENED:c-1,f-1,i0, conf=-1: [774c78e1-8dd4-453d-975e-442189a07fe2:192.168.157.242:38712, 7247ad7d-2ca2-4af8-9337-77c07ea89cb3:192.168.157.242:42362, 8bce6a00-3bba-419d-83ac-b35141b6b559:192.168.157.242:37801], old=null
2019-10-19 01:26:33,335 [8bce6a00-3bba-419d-83ac-b35141b6b559@group-31C3DC938042-LeaderElection84] INFO  impl.RaftServerImpl (RaftServerImpl.java:setRole(184)) - 8bce6a00-3bba-419d-83ac-b35141b6b559@group-31C3DC938042: changes role from CANDIDATE to FOLLOWER at term 63 for DISCOVERED_A_NEW_TERM
2019-10-19 01:26:33,335 [8bce6a00-3bba-419d-83ac-b35141b6b559@group-31C3DC938042-LeaderElection84] INFO  impl.RoleInfo (RoleInfo.java:shutdownLeaderElection(134)) - 8bce6a00-3bba-419d-83ac-b35141b6b559: shutdown LeaderElection
2019-10-19 01:26:33,335 [8bce6a00-3bba-419d-83ac-b35141b6b559@group-31C3DC938042-LeaderElection84] INFO  impl.RoleInfo (RoleInfo.java:updateAndGet(143)) - 8bce6a00-3bba-419d-83ac-b35141b6b559: start FollowerState
2019-10-19 01:26:33,386 [Thread-940] INFO  impl.FollowerState (FollowerState.java:run(108)) - 8bce6a00-3bba-419d-83ac-b35141b6b559@group-31C3DC938042-FollowerState: change to CANDIDATE, lastRpcTime:50ms, electionTimeout:50ms
2019-10-19 01:26:33,386 [Thread-940] INFO  impl.RoleInfo (RoleInfo.java:shutdownFollowerState(121)) - 8bce6a00-3bba-419d-83ac-b35141b6b559: shutdown FollowerState
2019-10-19 01:26:33,386 [Thread-940] INFO  impl.RaftServerImpl (RaftServerImpl.java:setRole(184)) - 8bce6a00-3bba-419d-83ac-b35141b6b559@group-31C3DC938042: changes role from  FOLLOWER to CANDIDATE at term 63 for changeToCandidate
2019-10-19 01:26:33,386 [Thread-940] INFO  impl.RoleInfo (RoleInfo.java:updateAndGet(143)) - 8bce6a00-3bba-419d-83ac-b35141b6b559: start LeaderElection
2019-10-19 01:26:33,400 [8bce6a00-3bba-419d-83ac-b35141b6b559@group-31C3DC938042-LeaderElection85] INFO  impl.LeaderElection (LeaderElection.java:askForVotes(178)) - 8bce6a00-3bba-419d-83ac-b35141b6b559@group-31C3DC938042-LeaderElection85: begin an election at term 64 for -1: [774c78e1-8dd4-453d-975e-442189a07fe2:192.168.157.242:38712, 7247ad7d-2ca2-4af8-9337-77c07ea89cb3:192.168.157.242:42362, 8bce6a00-3bba-419d-83ac-b35141b6b559:192.168.157.242:37801], old=null
2019-10-19 01:26:33,403 [grpc-default-executor-1] INFO  impl.RaftServerImpl (RaftServerImpl.java:setRole(184)) - 774c78e1-8dd4-453d-975e-442189a07fe2@group-31C3DC938042: changes role from  FOLLOWER to FOLLOWER at term 64 for recognizeCandidate:8bce6a00-3bba-419d-83ac-b35141b6b559
2019-10-19 01:26:33,403 [grpc-default-executor-1] INFO  impl.RoleInfo (RoleInfo.java:shutdownFollowerState(121)) - 774c78e1-8dd4-453d-975e-442189a07fe2: shutdown FollowerState
2019-10-19 01:26:33,403 [grpc-default-executor-1] INFO  impl.RoleInfo (RoleInfo.java:updateAndGet(143)) - 774c78e1-8dd4-453d-975e-442189a07fe2: start FollowerState
2019-10-19 01:26:33,404 [Thread-938] INFO  impl.FollowerState (FollowerState.java:run(117)) - 774c78e1-8dd4-453d-975e-442189a07fe2@group-31C3DC938042-FollowerState was interrupted: java.lang.InterruptedException: sleep interrupted
2019-10-19 01:26:33,406 [grpc-default-executor-8] INFO  impl.RaftServerImpl (RaftServerImpl.java:setRole(184)) - 7247ad7d-2ca2-4af8-9337-77c07ea89cb3@group-31C3DC938042: changes role from  FOLLOWER to FOLLOWER at term 64 for recognizeCandidate:8bce6a00-3bba-419d-83ac-b35141b6b559
2019-10-19 01:26:33,406 [grpc-default-executor-8] INFO  impl.RoleInfo (RoleInfo.java:shutdownFollowerState(121)) - 7247ad7d-2ca2-4af8-9337-77c07ea89cb3: shutdown FollowerState
2019-10-19 01:26:33,406 [grpc-default-executor-8] INFO  impl.RoleInfo (RoleInfo.java:updateAndGet(143)) - 7247ad7d-2ca2-4af8-9337-77c07ea89cb3: start FollowerState
2019-10-19 01:26:33,407 [Thread-939] INFO  impl.FollowerState (FollowerState.java:run(117)) - 7247ad7d-2ca2-4af8-9337-77c07ea89cb3@group-31C3DC938042-FollowerState was interrupted: java.lang.InterruptedException: sleep interrupted
2019-10-19 01:26:33,429 [8bce6a00-3bba-419d-83ac-b35141b6b559@group-31C3DC938042-LeaderElection85] INFO  impl.LeaderElection (LeaderElection.java:logAndReturn(56)) - 8bce6a00-3bba-419d-83ac-b35141b6b559@group-31C3DC938042-LeaderElection85: Election REJECTED; received 2 response(s) [8bce6a00-3bba-419d-83ac-b35141b6b559<-774c78e1-8dd4-453d-975e-442189a07fe2#0:FAIL-t64, 8bce6a00-3bba-419d-83ac-b35141b6b559<-7247ad7d-2ca2-4af8-9337-77c07ea89cb3#0:FAIL-t64] and 0 exception(s); 8bce6a00-3bba-419d-83ac-b35141b6b559@group-31C3DC938042:t64, leader=null, voted=8bce6a00-3bba-419d-83ac-b35141b6b559, raftlog=8bce6a00-3bba-419d-83ac-b35141b6b559@group-31C3DC938042-SegmentedRaftLog:OPENED:c-1,f-1,i0, conf=-1: [774c78e1-8dd4-453d-975e-442189a07fe2:192.168.157.242:38712, 7247ad7d-2ca2-4af8-9337-77c07ea89cb3:192.168.157.242:42362, 8bce6a00-3bba-419d-83ac-b35141b6b559:192.168.157.242:37801], old=null
2019-10-19 01:26:33,429 [8bce6a00-3bba-419d-83ac-b35141b6b559@group-31C3DC938042-LeaderElection85] INFO  impl.RaftServerImpl (RaftServerImpl.java:setRole(184)) - 8bce6a00-3bba-419d-83ac-b35141b6b559@group-31C3DC938042: changes role from CANDIDATE to FOLLOWER at term 64 for DISCOVERED_A_NEW_TERM
2019-10-19 01:26:33,429 [8bce6a00-3bba-419d-83ac-b35141b6b559@group-31C3DC938042-LeaderElection85] INFO  impl.RoleInfo (RoleInfo.java:shutdownLeaderElection(134)) - 8bce6a00-3bba-419d-83ac-b35141b6b559: shutdown LeaderElection
2019-10-19 01:26:33,430 [8bce6a00-3bba-419d-83ac-b35141b6b559@group-31C3DC938042-LeaderElection85] INFO  impl.RoleInfo (RoleInfo.java:updateAndGet(143)) - 8bce6a00-3bba-419d-83ac-b35141b6b559: start FollowerState
2019-10-19 01:26:33,462 [Thread-946] INFO  impl.FollowerState (FollowerState.java:run(108)) - 8bce6a00-3bba-419d-83ac-b35141b6b559@group-31C3DC938042-FollowerState: change to CANDIDATE, lastRpcTime:32ms, electionTimeout:32ms
2019-10-19 01:26:33,462 [Thread-946] INFO  impl.RoleInfo (RoleInfo.java:shutdownFollowerState(121)) - 8bce6a00-3bba-419d-83ac-b35141b6b559: shutdown FollowerState
2019-10-19 01:26:33,462 [Thread-946] INFO  impl.RaftServerImpl (RaftServerImpl.java:setRole(184)) - 8bce6a00-3bba-419d-83ac-b35141b6b559@group-31C3DC938042: changes role from  FOLLOWER to CANDIDATE at term 64 for changeToCandidate
2019-10-19 01:26:33,462 [Thread-946] INFO  impl.RoleInfo (RoleInfo.java:updateAndGet(143)) - 8bce6a00-3bba-419d-83ac-b35141b6b559: start LeaderElection
2019-10-19 01:26:33,489 [8bce6a00-3bba-419d-83ac-b35141b6b559@group-31C3DC938042-LeaderElection86] INFO  impl.LeaderElection (LeaderElection.java:askForVotes(178)) - 8bce6a00-3bba-419d-83ac-b35141b6b559@group-31C3DC938042-LeaderElection86: begin an election at term 65 for -1: [774c78e1-8dd4-453d-975e-442189a07fe2:192.168.157.242:38712, 7247ad7d-2ca2-4af8-9337-77c07ea89cb3:192.168.157.242:42362, 8bce6a00-3bba-419d-83ac-b35141b6b559:192.168.157.242:37801], old=null
2019-10-19 01:26:33,498 [grpc-default-executor-8] INFO  impl.RaftServerImpl (RaftServerImpl.java:setRole(184)) - 774c78e1-8dd4-453d-975e-442189a07fe2@group-31C3DC938042: changes role from  FOLLOWER to FOLLOWER at term 65 for recognizeCandidate:8bce6a00-3bba-419d-83ac-b35141b6b559
2019-10-19 01:26:33,498 [grpc-default-executor-8] INFO  impl.RoleInfo (RoleInfo.java:shutdownFollowerState(121)) - 774c78e1-8dd4-453d-975e-442189a07fe2: shutdown FollowerState
2019-10-19 01:26:33,499 [Thread-944] INFO  impl.FollowerState (FollowerState.java:run(117)) - 774c78e1-8dd4-453d-975e-442189a07fe2@group-31C3DC938042-FollowerState was interrupted: java.lang.InterruptedException: sleep interrupted
2019-10-19 01:26:33,499 [grpc-default-executor-8] INFO  impl.RoleInfo (RoleInfo.java:updateAndGet(143)) - 774c78e1-8dd4-453d-975e-442189a07fe2: start FollowerState
2019-10-19 01:26:33,499 [grpc-default-executor-1] INFO  impl.RaftServerImpl (RaftServerImpl.java:setRole(184)) - 7247ad7d-2ca2-4af8-9337-77c07ea89cb3@group-31C3DC938042: changes role from  FOLLOWER to FOLLOWER at term 65 for recognizeCandidate:8bce6a00-3bba-419d-83ac-b35141b6b559
2019-10-19 01:26:33,499 [grpc-default-executor-1] INFO  impl.RoleInfo (RoleInfo.java:shutdownFollowerState(121)) - 7247ad7d-2ca2-4af8-9337-77c07ea89cb3: shutdown FollowerState
2019-10-19 01:26:33,499 [grpc-default-executor-1] INFO  impl.RoleInfo (RoleInfo.java:updateAndGet(143)) - 7247ad7d-2ca2-4af8-9337-77c07ea89cb3: start FollowerState
2019-10-19 01:26:33,499 [Thread-945] INFO  impl.FollowerState (FollowerState.java:run(117)) - 7247ad7d-2ca2-4af8-9337-77c07ea89cb3@group-31C3DC938042-FollowerState was interrupted: java.lang.InterruptedException: sleep interrupted
2019-10-19 01:26:33,506 [8bce6a00-3bba-419d-83ac-b35141b6b559@group-31C3DC938042-LeaderElection86] INFO  impl.LeaderElection (LeaderElection.java:logAndReturn(56)) - 8bce6a00-3bba-419d-83ac-b35141b6b559@group-31C3DC938042-LeaderElection86: Election REJECTED; received 2 response(s) [8bce6a00-3bba-419d-83ac-b35141b6b559<-774c78e1-8dd4-453d-975e-442189a07fe2#0:FAIL-t65, 8bce6a00-3bba-419d-83ac-b35141b6b559<-7247ad7d-2ca2-4af8-9337-77c07ea89cb3#0:FAIL-t65] and 0 exception(s); 8bce6a00-3bba-419d-83ac-b35141b6b559@group-31C3DC938042:t65, leader=null, voted=8bce6a00-3bba-419d-83ac-b35141b6b559, raftlog=8bce6a00-3bba-419d-83ac-b35141b6b559@group-31C3DC938042-SegmentedRaftLog:OPENED:c-1,f-1,i0, conf=-1: [774c78e1-8dd4-453d-975e-442189a07fe2:192.168.157.242:38712, 7247ad7d-2ca2-4af8-9337-77c07ea89cb3:192.168.157.242:42362, 8bce6a00-3bba-419d-83ac-b35141b6b559:192.168.157.242:37801], old=null
2019-10-19 01:26:33,506 [8bce6a00-3bba-419d-83ac-b35141b6b559@group-31C3DC938042-LeaderElection86] INFO  impl.RaftServerImpl (RaftServerImpl.java:setRole(184)) - 8bce6a00-3bba-419d-83ac-b35141b6b559@group-31C3DC938042: changes role from CANDIDATE to FOLLOWER at term 65 for DISCOVERED_A_NEW_TERM
2019-10-19 01:26:33,506 [8bce6a00-3bba-419d-83ac-b35141b6b559@group-31C3DC938042-LeaderElection86] INFO  impl.RoleInfo (RoleInfo.java:shutdownLeaderElection(134)) - 8bce6a00-3bba-419d-83ac-b35141b6b559: shutdown LeaderElection
2019-10-19 01:26:33,506 [8bce6a00-3bba-419d-83ac-b35141b6b559@group-31C3DC938042-LeaderElection86] INFO  impl.RoleInfo (RoleInfo.java:updateAndGet(143)) - 8bce6a00-3bba-419d-83ac-b35141b6b559: start FollowerState
2019-10-19 01:26:33,649 [Thread-955] INFO  impl.FollowerState (FollowerState.java:run(108)) - 8bce6a00-3bba-419d-83ac-b35141b6b559@group-31C3DC938042-FollowerState: change to CANDIDATE, lastRpcTime:143ms, electionTimeout:143ms
2019-10-19 01:26:33,650 [Thread-955] INFO  impl.RoleInfo (RoleInfo.java:shutdownFollowerState(121)) - 8bce6a00-3bba-419d-83ac-b35141b6b559: shutdown FollowerState
2019-10-19 01:26:33,650 [Thread-955] INFO  impl.RaftServerImpl (RaftServerImpl.java:setRole(184)) - 8bce6a00-3bba-419d-83ac-b35141b6b559@group-31C3DC938042: changes role from  FOLLOWER to CANDIDATE at term 65 for changeToCandidate
2019-10-19 01:26:33,650 [Thread-955] INFO  impl.RoleInfo (RoleInfo.java:updateAndGet(143)) - 8bce6a00-3bba-419d-83ac-b35141b6b559: start LeaderElection
2019-10-19 01:26:33,696 [8bce6a00-3bba-419d-83ac-b35141b6b559@group-31C3DC938042-LeaderElection87] INFO  impl.LeaderElection (LeaderElection.java:askForVotes(178)) - 8bce6a00-3bba-419d-83ac-b35141b6b559@group-31C3DC938042-LeaderElection87: begin an election at term 66 for -1: [774c78e1-8dd4-453d-975e-442189a07fe2:192.168.157.242:38712, 7247ad7d-2ca2-4af8-9337-77c07ea89cb3:192.168.157.242:42362, 8bce6a00-3bba-419d-83ac-b35141b6b559:192.168.157.242:37801], old=null
2019-10-19 01:26:33,699 [grpc-default-executor-1] INFO  impl.RaftServerImpl (RaftServerImpl.java:setRole(184)) - 7247ad7d-2ca2-4af8-9337-77c07ea89cb3@group-31C3DC938042: changes role from  FOLLOWER to FOLLOWER at term 66 for recognizeCandidate:8bce6a00-3bba-419d-83ac-b35141b6b559
2019-10-19 01:26:33,699 [grpc-default-executor-8] INFO  impl.RaftServerImpl (RaftServerImpl.java:setRole(184)) - 774c78e1-8dd4-453d-975e-442189a07fe2@group-31C3DC938042: changes role from  FOLLOWER to FOLLOWER at term 66 for recognizeCandidate:8bce6a00-3bba-419d-83ac-b35141b6b559
2019-10-19 01:26:33,699 [grpc-default-executor-1] INFO  impl.RoleInfo (RoleInfo.java:shutdownFollowerState(121)) - 7247ad7d-2ca2-4af8-9337-77c07ea89cb3: shutdown FollowerState
2019-10-19 01:26:33,699 [grpc-default-executor-8] INFO  impl.RoleInfo (RoleInfo.java:shutdownFollowerState(121)) - 774c78e1-8dd4-453d-975e-442189a07fe2: shutdown FollowerState
2019-10-19 01:26:33,699 [grpc-default-executor-1] INFO  impl.RoleInfo (RoleInfo.java:updateAndGet(143)) - 7247ad7d-2ca2-4af8-9337-77c07ea89cb3: start FollowerState
2019-10-19 01:26:33,699 [grpc-default-executor-8] INFO  impl.RoleInfo (RoleInfo.java:updateAndGet(143)) - 774c78e1-8dd4-453d-975e-442189a07fe2: start FollowerState
2019-10-19 01:26:33,699 [Thread-954] INFO  impl.FollowerState (FollowerState.java:run(117)) - 7247ad7d-2ca2-4af8-9337-77c07ea89cb3@group-31C3DC938042-FollowerState was interrupted: java.lang.InterruptedException: sleep interrupted
2019-10-19 01:26:33,699 [Thread-953] INFO  impl.FollowerState (FollowerState.java:run(117)) - 774c78e1-8dd4-453d-975e-442189a07fe2@group-31C3DC938042-FollowerState was interrupted: java.lang.InterruptedException: sleep interrupted
2019-10-19 01:26:33,720 [8bce6a00-3bba-419d-83ac-b35141b6b559@group-31C3DC938042-LeaderElection87] INFO  impl.LeaderElection (LeaderElection.java:logAndReturn(56)) - 8bce6a00-3bba-419d-83ac-b35141b6b559@group-31C3DC938042-LeaderElection87: Election REJECTED; received 2 response(s) [8bce6a00-3bba-419d-83ac-b35141b6b559<-774c78e1-8dd4-453d-975e-442189a07fe2#0:FAIL-t66, 8bce6a00-3bba-419d-83ac-b35141b6b559<-7247ad7d-2ca2-4af8-9337-77c07ea89cb3#0:FAIL-t66] and 0 exception(s); 8bce6a00-3bba-419d-83ac-b35141b6b559@group-31C3DC938042:t66, leader=null, voted=8bce6a00-3bba-419d-83ac-b35141b6b559, raftlog=8bce6a00-3bba-419d-83ac-b35141b6b559@group-31C3DC938042-SegmentedRaftLog:OPENED:c-1,f-1,i0, conf=-1: [774c78e1-8dd4-453d-975e-442189a07fe2:192.168.157.242:38712, 7247ad7d-2ca2-4af8-9337-77c07ea89cb3:192.168.157.242:42362, 8bce6a00-3bba-419d-83ac-b35141b6b559:192.168.157.242:37801], old=null
2019-10-19 01:26:33,721 [8bce6a00-3bba-419d-83ac-b35141b6b559@group-31C3DC938042-LeaderElection87] INFO  impl.RaftServerImpl (RaftServerImpl.java:setRole(184)) - 8bce6a00-3bba-419d-83ac-b35141b6b559@group-31C3DC938042: changes role from CANDIDATE to FOLLOWER at term 66 for DISCOVERED_A_NEW_TERM
2019-10-19 01:26:33,721 [8bce6a00-3bba-419d-83ac-b35141b6b559@group-31C3DC938042-LeaderElection87] INFO  impl.RoleInfo (RoleInfo.java:shutdownLeaderElection(134)) - 8bce6a00-3bba-419d-83ac-b35141b6b559: shutdown LeaderElection
2019-10-19 01:26:33,721 [8bce6a00-3bba-419d-83ac-b35141b6b559@group-31C3DC938042-LeaderElection87] INFO  impl.RoleInfo (RoleInfo.java:updateAndGet(143)) - 8bce6a00-3bba-419d-83ac-b35141b6b559: start FollowerState
2019-10-19 01:26:33,915 [Thread-964] INFO  impl.FollowerState (FollowerState.java:run(108)) - 8bce6a00-3bba-419d-83ac-b35141b6b559@group-31C3DC938042-FollowerState: change to CANDIDATE, lastRpcTime:194ms, electionTimeout:194ms
2019-10-19 01:26:33,915 [Thread-964] INFO  impl.RoleInfo (RoleInfo.java:shutdownFollowerState(121)) - 8bce6a00-3bba-419d-83ac-b35141b6b559: shutdown FollowerState
2019-10-19 01:26:33,915 [Thread-964] INFO  impl.RaftServerImpl (RaftServerImpl.java:setRole(184)) - 8bce6a00-3bba-419d-83ac-b35141b6b559@group-31C3DC938042: changes role from  FOLLOWER to CANDIDATE at term 66 for changeToCandidate
2019-10-19 01:26:33,916 [Thread-964] INFO  impl.RoleInfo (RoleInfo.java:updateAndGet(143)) - 8bce6a00-3bba-419d-83ac-b35141b6b559: start LeaderElection
2019-10-19 01:26:33,956 [8bce6a00-3bba-419d-83ac-b35141b6b559@group-31C3DC938042-LeaderElection88] INFO  impl.LeaderElection (LeaderElection.java:askForVotes(178)) - 8bce6a00-3bba-419d-83ac-b35141b6b559@group-31C3DC938042-LeaderElection88: begin an election at term 67 for -1: [774c78e1-8dd4-453d-975e-442189a07fe2:192.168.157.242:38712, 7247ad7d-2ca2-4af8-9337-77c07ea89cb3:192.168.157.242:42362, 8bce6a00-3bba-419d-83ac-b35141b6b559:192.168.157.242:37801], old=null
2019-10-19 01:26:33,958 [grpc-default-executor-1] INFO  impl.RaftServerImpl (RaftServerImpl.java:setRole(184)) - 7247ad7d-2ca2-4af8-9337-77c07ea89cb3@group-31C3DC938042: changes role from  FOLLOWER to FOLLOWER at term 67 for recognizeCandidate:8bce6a00-3bba-419d-83ac-b35141b6b559
2019-10-19 01:26:33,958 [grpc-default-executor-8] INFO  impl.RaftServerImpl (RaftServerImpl.java:setRole(184)) - 774c78e1-8dd4-453d-975e-442189a07fe2@group-31C3DC938042: changes role from  FOLLOWER to FOLLOWER at term 67 for recognizeCandidate:8bce6a00-3bba-419d-83ac-b35141b6b559
2019-10-19 01:26:33,958 [grpc-default-executor-1] INFO  impl.RoleInfo (RoleInfo.java:shutdownFollowerState(121)) - 7247ad7d-2ca2-4af8-9337-77c07ea89cb3: shutdown FollowerState
2019-10-19 01:26:33,958 [grpc-default-executor-8] INFO  impl.RoleInfo (RoleInfo.java:shutdownFollowerState(121)) - 774c78e1-8dd4-453d-975e-442189a07fe2: shutdown FollowerState
2019-10-19 01:26:33,959 [grpc-default-executor-1] INFO  impl.RoleInfo (RoleInfo.java:updateAndGet(143)) - 7247ad7d-2ca2-4af8-9337-77c07ea89cb3: start FollowerState
2019-10-19 01:26:33,959 [Thread-962] INFO  impl.FollowerState (FollowerState.java:run(117)) - 7247ad7d-2ca2-4af8-9337-77c07ea89cb3@group-31C3DC938042-FollowerState was interrupted: java.lang.InterruptedException: sleep interrupted
2019-10-19 01:26:33,959 [Thread-963] INFO  impl.FollowerState (FollowerState.java:run(117)) - 774c78e1-8dd4-453d-975e-442189a07fe2@group-31C3DC938042-FollowerState was interrupted: java.lang.InterruptedException: sleep interrupted
2019-10-19 01:26:33,959 [grpc-default-executor-8] INFO  impl.RoleInfo (RoleInfo.java:updateAndGet(143)) - 774c78e1-8dd4-453d-975e-442189a07fe2: start FollowerState
2019-10-19 01:26:33,986 [8bce6a00-3bba-419d-83ac-b35141b6b559@group-31C3DC938042-LeaderElection88] INFO  impl.LeaderElection (LeaderElection.java:logAndReturn(56)) - 8bce6a00-3bba-419d-83ac-b35141b6b559@group-31C3DC938042-LeaderElection88: Election REJECTED; received 2 response(s) [8bce6a00-3bba-419d-83ac-b35141b6b559<-774c78e1-8dd4-453d-975e-442189a07fe2#0:FAIL-t67, 8bce6a00-3bba-419d-83ac-b35141b6b559<-7247ad7d-2ca2-4af8-9337-77c07ea89cb3#0:FAIL-t67] and 0 exception(s); 8bce6a00-3bba-419d-83ac-b35141b6b559@group-31C3DC938042:t67, leader=null, voted=8bce6a00-3bba-419d-83ac-b35141b6b559, raftlog=8bce6a00-3bba-419d-83ac-b35141b6b559@group-31C3DC938042-SegmentedRaftLog:OPENED:c-1,f-1,i0, conf=-1: [774c78e1-8dd4-453d-975e-442189a07fe2:192.168.157.242:38712, 7247ad7d-2ca2-4af8-9337-77c07ea89cb3:192.168.157.242:42362, 8bce6a00-3bba-419d-83ac-b35141b6b559:192.168.157.242:37801], old=null
2019-10-19 01:26:33,986 [8bce6a00-3bba-419d-83ac-b35141b6b559@group-31C3DC938042-LeaderElection88] INFO  impl.RaftServerImpl (RaftServerImpl.java:setRole(184)) - 8bce6a00-3bba-419d-83ac-b35141b6b559@group-31C3DC938042: changes role from CANDIDATE to FOLLOWER at term 67 for DISCOVERED_A_NEW_TERM
2019-10-19 01:26:33,986 [8bce6a00-3bba-419d-83ac-b35141b6b559@group-31C3DC938042-LeaderElection88] INFO  impl.RoleInfo (RoleInfo.java:shutdownLeaderElection(134)) - 8bce6a00-3bba-419d-83ac-b35141b6b559: shutdown LeaderElection
2019-10-19 01:26:33,986 [8bce6a00-3bba-419d-83ac-b35141b6b559@group-31C3DC938042-LeaderElection88] INFO  impl.RoleInfo (RoleInfo.java:updateAndGet(143)) - 8bce6a00-3bba-419d-83ac-b35141b6b559: start FollowerState
2019-10-19 01:26:34,039 [Thread-970] INFO  impl.FollowerState (FollowerState.java:run(108)) - 8bce6a00-3bba-419d-83ac-b35141b6b559@group-31C3DC938042-FollowerState: change to CANDIDATE, lastRpcTime:53ms, electionTimeout:53ms
2019-10-19 01:26:34,039 [Thread-970] INFO  impl.RoleInfo (RoleInfo.java:shutdownFollowerState(121)) - 8bce6a00-3bba-419d-83ac-b35141b6b559: shutdown FollowerState
2019-10-19 01:26:34,040 [Thread-970] INFO  impl.RaftServerImpl (RaftServerImpl.java:setRole(184)) - 8bce6a00-3bba-419d-83ac-b35141b6b559@group-31C3DC938042: changes role from  FOLLOWER to CANDIDATE at term 67 for changeToCandidate
2019-10-19 01:26:34,040 [Thread-970] INFO  impl.RoleInfo (RoleInfo.java:updateAndGet(143)) - 8bce6a00-3bba-419d-83ac-b35141b6b559: start LeaderElection
2019-10-19 01:26:34,074 [8bce6a00-3bba-419d-83ac-b35141b6b559@group-31C3DC938042-LeaderElection89] INFO  impl.LeaderElection (LeaderElection.java:askForVotes(178)) - 8bce6a00-3bba-419d-83ac-b35141b6b559@group-31C3DC938042-LeaderElection89: begin an election at term 68 for -1: [774c78e1-8dd4-453d-975e-442189a07fe2:192.168.157.242:38712, 7247ad7d-2ca2-4af8-9337-77c07ea89cb3:192.168.157.242:42362, 8bce6a00-3bba-419d-83ac-b35141b6b559:192.168.157.242:37801], old=null
2019-10-19 01:26:34,076 [grpc-default-executor-1] INFO  impl.RaftServerImpl (RaftServerImpl.java:setRole(184)) - 774c78e1-8dd4-453d-975e-442189a07fe2@group-31C3DC938042: changes role from  FOLLOWER to FOLLOWER at term 68 for recognizeCandidate:8bce6a00-3bba-419d-83ac-b35141b6b559
2019-10-19 01:26:34,076 [grpc-default-executor-1] INFO  impl.RoleInfo (RoleInfo.java:shutdownFollowerState(121)) - 774c78e1-8dd4-453d-975e-442189a07fe2: shutdown FollowerState
2019-10-19 01:26:34,076 [grpc-default-executor-1] INFO  impl.RoleInfo (RoleInfo.java:updateAndGet(143)) - 774c78e1-8dd4-453d-975e-442189a07fe2: start FollowerState
2019-10-19 01:26:34,076 [grpc-default-executor-8] INFO  impl.RaftServerImpl (RaftServerImpl.java:setRole(184)) - 7247ad7d-2ca2-4af8-9337-77c07ea89cb3@group-31C3DC938042: changes role from  FOLLOWER to FOLLOWER at term 68 for recognizeCandidate:8bce6a00-3bba-419d-83ac-b35141b6b559
2019-10-19 01:26:34,077 [grpc-default-executor-8] INFO  impl.RoleInfo (RoleInfo.java:shutdownFollowerState(121)) - 7247ad7d-2ca2-4af8-9337-77c07ea89cb3: shutdown FollowerState
2019-10-19 01:26:34,076 [Thread-969] INFO  impl.FollowerState (FollowerState.java:run(117)) - 774c78e1-8dd4-453d-975e-442189a07fe2@group-31C3DC938042-FollowerState was interrupted: java.lang.InterruptedException: sleep interrupted
2019-10-19 01:26:34,077 [grpc-default-executor-8] INFO  impl.RoleInfo (RoleInfo.java:updateAndGet(143)) - 7247ad7d-2ca2-4af8-9337-77c07ea89cb3: start FollowerState
2019-10-19 01:26:34,077 [Thread-968] INFO  impl.FollowerState (FollowerState.java:run(117)) - 7247ad7d-2ca2-4af8-9337-77c07ea89cb3@group-31C3DC938042-FollowerState was interrupted: java.lang.InterruptedException: sleep interrupted
2019-10-19 01:26:34,103 [8bce6a00-3bba-419d-83ac-b35141b6b559@group-31C3DC938042-LeaderElection89] INFO  impl.LeaderElection (LeaderElection.java:logAndReturn(56)) - 8bce6a00-3bba-419d-83ac-b35141b6b559@group-31C3DC938042-LeaderElection89: Election REJECTED; received 2 response(s) [8bce6a00-3bba-419d-83ac-b35141b6b559<-774c78e1-8dd4-453d-975e-442189a07fe2#0:FAIL-t68, 8bce6a00-3bba-419d-83ac-b35141b6b559<-7247ad7d-2ca2-4af8-9337-77c07ea89cb3#0:FAIL-t68] and 0 exception(s); 8bce6a00-3bba-419d-83ac-b35141b6b559@group-31C3DC938042:t68, leader=null, voted=8bce6a00-3bba-419d-83ac-b35141b6b559, raftlog=8bce6a00-3bba-419d-83ac-b35141b6b559@group-31C3DC938042-SegmentedRaftLog:OPENED:c-1,f-1,i0, conf=-1: [774c78e1-8dd4-453d-975e-442189a07fe2:192.168.157.242:38712, 7247ad7d-2ca2-4af8-9337-77c07ea89cb3:192.168.157.242:42362, 8bce6a00-3bba-419d-83ac-b35141b6b559:192.168.157.242:37801], old=null
2019-10-19 01:26:34,103 [8bce6a00-3bba-419d-83ac-b35141b6b559@group-31C3DC938042-LeaderElection89] INFO  impl.RaftServerImpl (RaftServerImpl.java:setRole(184)) - 8bce6a00-3bba-419d-83ac-b35141b6b559@group-31C3DC938042: changes role from CANDIDATE to FOLLOWER at term 68 for DISCOVERED_A_NEW_TERM
2019-10-19 01:26:34,103 [8bce6a00-3bba-419d-83ac-b35141b6b559@group-31C3DC938042-LeaderElection89] INFO  impl.RoleInfo (RoleInfo.java:shutdownLeaderElection(134)) - 8bce6a00-3bba-419d-83ac-b35141b6b559: shutdown LeaderElection
2019-10-19 01:26:34,103 [8bce6a00-3bba-419d-83ac-b35141b6b559@group-31C3DC938042-LeaderElection89] INFO  impl.RoleInfo (RoleInfo.java:updateAndGet(143)) - 8bce6a00-3bba-419d-83ac-b35141b6b559: start FollowerState
2019-10-19 01:26:34,207 [Thread-980] INFO  impl.FollowerState (FollowerState.java:run(108)) - 8bce6a00-3bba-419d-83ac-b35141b6b559@group-31C3DC938042-FollowerState: change to CANDIDATE, lastRpcTime:103ms, electionTimeout:103ms
2019-10-19 01:26:34,207 [Thread-980] INFO  impl.RoleInfo (RoleInfo.java:shutdownFollowerState(121)) - 8bce6a00-3bba-419d-83ac-b35141b6b559: shutdown FollowerState
2019-10-19 01:26:34,207 [Thread-980] INFO  impl.RaftServerImpl (RaftServerImpl.java:setRole(184)) - 8bce6a00-3bba-419d-83ac-b35141b6b559@group-31C3DC938042: changes role from  FOLLOWER to CANDIDATE at term 68 for changeToCandidate
2019-10-19 01:26:34,207 [Thread-980] INFO  impl.RoleInfo (RoleInfo.java:updateAndGet(143)) - 8bce6a00-3bba-419d-83ac-b35141b6b559: start LeaderElection
2019-10-19 01:26:34,216 [8bce6a00-3bba-419d-83ac-b35141b6b559@group-31C3DC938042-LeaderElection90] INFO  impl.LeaderElection (LeaderElection.java:askForVotes(178)) - 8bce6a00-3bba-419d-83ac-b35141b6b559@group-31C3DC938042-LeaderElection90: begin an election at term 69 for -1: [774c78e1-8dd4-453d-975e-442189a07fe2:192.168.157.242:38712, 7247ad7d-2ca2-4af8-9337-77c07ea89cb3:192.168.157.242:42362, 8bce6a00-3bba-419d-83ac-b35141b6b559:192.168.157.242:37801], old=null
2019-10-19 01:26:34,218 [grpc-default-executor-8] INFO  impl.RaftServerImpl (RaftServerImpl.java:setRole(184)) - 774c78e1-8dd4-453d-975e-442189a07fe2@group-31C3DC938042: changes role from  FOLLOWER to FOLLOWER at term 69 for recognizeCandidate:8bce6a00-3bba-419d-83ac-b35141b6b559
2019-10-19 01:26:34,219 [grpc-default-executor-1] INFO  impl.RaftServerImpl (RaftServerImpl.java:setRole(184)) - 7247ad7d-2ca2-4af8-9337-77c07ea89cb3@group-31C3DC938042: changes role from  FOLLOWER to FOLLOWER at term 69 for recognizeCandidate:8bce6a00-3bba-419d-83ac-b35141b6b559
2019-10-19 01:26:34,219 [grpc-default-executor-8] INFO  impl.RoleInfo (RoleInfo.java:shutdownFollowerState(121)) - 774c78e1-8dd4-453d-975e-442189a07fe2: shutdown FollowerState
2019-10-19 01:26:34,219 [grpc-default-executor-1] INFO  impl.RoleInfo (RoleInfo.java:shutdownFollowerState(121)) - 7247ad7d-2ca2-4af8-9337-77c07ea89cb3: shutdown FollowerState
2019-10-19 01:26:34,219 [Thread-976] INFO  impl.FollowerState (FollowerState.java:run(117)) - 774c78e1-8dd4-453d-975e-442189a07fe2@group-31C3DC938042-FollowerState was interrupted: java.lang.InterruptedException: sleep interrupted
2019-10-19 01:26:34,219 [grpc-default-executor-8] INFO  impl.RoleInfo (RoleInfo.java:updateAndGet(143)) - 774c78e1-8dd4-453d-975e-442189a07fe2: start FollowerState
2019-10-19 01:26:34,219 [grpc-default-executor-1] INFO  impl.RoleInfo (RoleInfo.java:updateAndGet(143)) - 7247ad7d-2ca2-4af8-9337-77c07ea89cb3: start FollowerState
2019-10-19 01:26:34,219 [Thread-977] INFO  impl.FollowerState (FollowerState.java:run(117)) - 7247ad7d-2ca2-4af8-9337-77c07ea89cb3@group-31C3DC938042-FollowerState was interrupted: java.lang.InterruptedException: sleep interrupted
2019-10-19 01:26:34,246 [8bce6a00-3bba-419d-83ac-b35141b6b559@group-31C3DC938042-LeaderElection90] INFO  impl.LeaderElection (LeaderElection.java:logAndReturn(56)) - 8bce6a00-3bba-419d-83ac-b35141b6b559@group-31C3DC938042-LeaderElection90: Election REJECTED; received 2 response(s) [8bce6a00-3bba-419d-83ac-b35141b6b559<-774c78e1-8dd4-453d-975e-442189a07fe2#0:FAIL-t69, 8bce6a00-3bba-419d-83ac-b35141b6b559<-7247ad7d-2ca2-4af8-9337-77c07ea89cb3#0:FAIL-t69] and 0 exception(s); 8bce6a00-3bba-419d-83ac-b35141b6b559@group-31C3DC938042:t69, leader=null, voted=8bce6a00-3bba-419d-83ac-b35141b6b559, raftlog=8bce6a00-3bba-419d-83ac-b35141b6b559@group-31C3DC938042-SegmentedRaftLog:OPENED:c-1,f-1,i0, conf=-1: [774c78e1-8dd4-453d-975e-442189a07fe2:192.168.157.242:38712, 7247ad7d-2ca2-4af8-9337-77c07ea89cb3:192.168.157.242:42362, 8bce6a00-3bba-419d-83ac-b35141b6b559:192.168.157.242:37801], old=null
2019-10-19 01:26:34,246 [8bce6a00-3bba-419d-83ac-b35141b6b559@group-31C3DC938042-LeaderElection90] INFO  impl.RaftServerImpl (RaftServerImpl.java:setRole(184)) - 8bce6a00-3bba-419d-83ac-b35141b6b559@group-31C3DC938042: changes role from CANDIDATE to FOLLOWER at term 69 for DISCOVERED_A_NEW_TERM
2019-10-19 01:26:34,246 [8bce6a00-3bba-419d-83ac-b35141b6b559@group-31C3DC938042-LeaderElection90] INFO  impl.RoleInfo (RoleInfo.java:shutdownLeaderElection(134)) - 8bce6a00-3bba-419d-83ac-b35141b6b559: shutdown LeaderElection
2019-10-19 01:26:34,246 [8bce6a00-3bba-419d-83ac-b35141b6b559@group-31C3DC938042-LeaderElection90] INFO  impl.RoleInfo (RoleInfo.java:updateAndGet(143)) - 8bce6a00-3bba-419d-83ac-b35141b6b559: start FollowerState
2019-10-19 01:26:34,429 [Thread-986] INFO  impl.FollowerState (FollowerState.java:run(108)) - 8bce6a00-3bba-419d-83ac-b35141b6b559@group-31C3DC938042-FollowerState: change to CANDIDATE, lastRpcTime:182ms, electionTimeout:182ms
2019-10-19 01:26:34,429 [Thread-986] INFO  impl.RoleInfo (RoleInfo.java:shutdownFollowerState(121)) - 8bce6a00-3bba-419d-83ac-b35141b6b559: shutdown FollowerState
2019-10-19 01:26:34,429 [Thread-986] INFO  impl.RaftServerImpl (RaftServerImpl.java:setRole(184)) - 8bce6a00-3bba-419d-83ac-b35141b6b559@group-31C3DC938042: changes role from  FOLLOWER to CANDIDATE at term 69 for changeToCandidate
2019-10-19 01:26:34,429 [Thread-986] INFO  impl.RoleInfo (RoleInfo.java:updateAndGet(143)) - 8bce6a00-3bba-419d-83ac-b35141b6b559: start LeaderElection
2019-10-19 01:26:34,443 [8bce6a00-3bba-419d-83ac-b35141b6b559@group-31C3DC938042-LeaderElection91] INFO  impl.LeaderElection (LeaderElection.java:askForVotes(178)) - 8bce6a00-3bba-419d-83ac-b35141b6b559@group-31C3DC938042-LeaderElection91: begin an election at term 70 for -1: [774c78e1-8dd4-453d-975e-442189a07fe2:192.168.157.242:38712, 7247ad7d-2ca2-4af8-9337-77c07ea89cb3:192.168.157.242:42362, 8bce6a00-3bba-419d-83ac-b35141b6b559:192.168.157.242:37801], old=null
2019-10-19 01:26:34,445 [grpc-default-executor-8] INFO  impl.RaftServerImpl (RaftServerImpl.java:setRole(184)) - 774c78e1-8dd4-453d-975e-442189a07fe2@group-31C3DC938042: changes role from  FOLLOWER to FOLLOWER at term 70 for recognizeCandidate:8bce6a00-3bba-419d-83ac-b35141b6b559
2019-10-19 01:26:34,445 [grpc-default-executor-8] INFO  impl.RoleInfo (RoleInfo.java:shutdownFollowerState(121)) - 774c78e1-8dd4-453d-975e-442189a07fe2: shutdown FollowerState
2019-10-19 01:26:34,446 [grpc-default-executor-8] INFO  impl.RoleInfo (RoleInfo.java:updateAndGet(143)) - 774c78e1-8dd4-453d-975e-442189a07fe2: start FollowerState
2019-10-19 01:26:34,446 [grpc-default-executor-1] INFO  impl.RaftServerImpl (RaftServerImpl.java:setRole(184)) - 7247ad7d-2ca2-4af8-9337-77c07ea89cb3@group-31C3DC938042: changes role from  FOLLOWER to FOLLOWER at term 70 for recognizeCandidate:8bce6a00-3bba-419d-83ac-b35141b6b559
2019-10-19 01:26:34,446 [Thread-984] INFO  impl.FollowerState (FollowerState.java:run(117)) - 774c78e1-8dd4-453d-975e-442189a07fe2@group-31C3DC938042-FollowerState was interrupted: java.lang.InterruptedException: sleep interrupted
2019-10-19 01:26:34,446 [grpc-default-executor-1] INFO  impl.RoleInfo (RoleInfo.java:shutdownFollowerState(121)) - 7247ad7d-2ca2-4af8-9337-77c07ea89cb3: shutdown FollowerState
2019-10-19 01:26:34,446 [Thread-985] INFO  impl.FollowerState (FollowerState.java:run(117)) - 7247ad7d-2ca2-4af8-9337-77c07ea89cb3@group-31C3DC938042-FollowerState was interrupted: java.lang.InterruptedException: sleep interrupted
2019-10-19 01:26:34,446 [grpc-default-executor-1] INFO  impl.RoleInfo (RoleInfo.java:updateAndGet(143)) - 7247ad7d-2ca2-4af8-9337-77c07ea89cb3: start FollowerState
2019-10-19 01:26:34,472 [8bce6a00-3bba-419d-83ac-b35141b6b559@group-31C3DC938042-LeaderElection91] INFO  impl.LeaderElection (LeaderElection.java:logAndReturn(56)) - 8bce6a00-3bba-419d-83ac-b35141b6b559@group-31C3DC938042-LeaderElection91: Election REJECTED; received 2 response(s) [8bce6a00-3bba-419d-83ac-b35141b6b559<-774c78e1-8dd4-453d-975e-442189a07fe2#0:FAIL-t70, 8bce6a00-3bba-419d-83ac-b35141b6b559<-7247ad7d-2ca2-4af8-9337-77c07ea89cb3#0:FAIL-t70] and 0 exception(s); 8bce6a00-3bba-419d-83ac-b35141b6b559@group-31C3DC938042:t70, leader=null, voted=8bce6a00-3bba-419d-83ac-b35141b6b559, raftlog=8bce6a00-3bba-419d-83ac-b35141b6b559@group-31C3DC938042-SegmentedRaftLog:OPENED:c-1,f-1,i0, conf=-1: [774c78e1-8dd4-453d-975e-442189a07fe2:192.168.157.242:38712, 7247ad7d-2ca2-4af8-9337-77c07ea89cb3:192.168.157.242:42362, 8bce6a00-3bba-419d-83ac-b35141b6b559:192.168.157.242:37801], old=null
2019-10-19 01:26:34,472 [8bce6a00-3bba-419d-83ac-b35141b6b559@group-31C3DC938042-LeaderElection91] INFO  impl.RaftServerImpl (RaftServerImpl.java:setRole(184)) - 8bce6a00-3bba-419d-83ac-b35141b6b559@group-31C3DC938042: changes role from CANDIDATE to FOLLOWER at term 70 for DISCOVERED_A_NEW_TERM
2019-10-19 01:26:34,473 [8bce6a00-3bba-419d-83ac-b35141b6b559@group-31C3DC938042-LeaderElection91] INFO  impl.RoleInfo (RoleInfo.java:shutdownLeaderElection(134)) - 8bce6a00-3bba-419d-83ac-b35141b6b559: shutdown LeaderElection
2019-10-19 01:26:34,473 [8bce6a00-3bba-419d-83ac-b35141b6b559@group-31C3DC938042-LeaderElection91] INFO  impl.RoleInfo (RoleInfo.java:updateAndGet(143)) - 8bce6a00-3bba-419d-83ac-b35141b6b559: start FollowerState
2019-10-19 01:26:34,562 [Thread-992] INFO  impl.FollowerState (FollowerState.java:run(108)) - 8bce6a00-3bba-419d-83ac-b35141b6b559@group-31C3DC938042-FollowerState: change to CANDIDATE, lastRpcTime:89ms, electionTimeout:89ms
2019-10-19 01:26:34,562 [Thread-992] INFO  impl.RoleInfo (RoleInfo.java:shutdownFollowerState(121)) - 8bce6a00-3bba-419d-83ac-b35141b6b559: shutdown FollowerState
2019-10-19 01:26:34,562 [Thread-992] INFO  impl.RaftServerImpl (RaftServerImpl.java:setRole(184)) - 8bce6a00-3bba-419d-83ac-b35141b6b559@group-31C3DC938042: changes role from  FOLLOWER to CANDIDATE at term 70 for changeToCandidate
2019-10-19 01:26:34,562 [Thread-992] INFO  impl.RoleInfo (RoleInfo.java:updateAndGet(143)) - 8bce6a00-3bba-419d-83ac-b35141b6b559: start LeaderElection
2019-10-19 01:26:34,580 [8bce6a00-3bba-419d-83ac-b35141b6b559@group-31C3DC938042-LeaderElection92] INFO  impl.LeaderElection (LeaderElection.java:askForVotes(178)) - 8bce6a00-3bba-419d-83ac-b35141b6b559@group-31C3DC938042-LeaderElection92: begin an election at term 71 for -1: [774c78e1-8dd4-453d-975e-442189a07fe2:192.168.157.242:38712, 7247ad7d-2ca2-4af8-9337-77c07ea89cb3:192.168.157.242:42362, 8bce6a00-3bba-419d-83ac-b35141b6b559:192.168.157.242:37801], old=null
2019-10-19 01:26:34,582 [grpc-default-executor-4] INFO  impl.RaftServerImpl (RaftServerImpl.java:setRole(184)) - 774c78e1-8dd4-453d-975e-442189a07fe2@group-31C3DC938042: changes role from  FOLLOWER to FOLLOWER at term 71 for recognizeCandidate:8bce6a00-3bba-419d-83ac-b35141b6b559
2019-10-19 01:26:34,582 [grpc-default-executor-4] INFO  impl.RoleInfo (RoleInfo.java:shutdownFollowerState(121)) - 774c78e1-8dd4-453d-975e-442189a07fe2: shutdown FollowerState
2019-10-19 01:26:34,582 [grpc-default-executor-4] INFO  impl.RoleInfo (RoleInfo.java:updateAndGet(143)) - 774c78e1-8dd4-453d-975e-442189a07fe2: start FollowerState
2019-10-19 01:26:34,582 [Thread-990] INFO  impl.FollowerState (FollowerState.java:run(117)) - 774c78e1-8dd4-453d-975e-442189a07fe2@group-31C3DC938042-FollowerState was interrupted: java.lang.InterruptedException: sleep interrupted
2019-10-19 01:26:34,583 [grpc-default-executor-1] INFO  impl.RaftServerImpl (RaftServerImpl.java:setRole(184)) - 7247ad7d-2ca2-4af8-9337-77c07ea89cb3@group-31C3DC938042: changes role from  FOLLOWER to FOLLOWER at term 71 for recognizeCandidate:8bce6a00-3bba-419d-83ac-b35141b6b559
2019-10-19 01:26:34,583 [grpc-default-executor-1] INFO  impl.RoleInfo (RoleInfo.java:shutdownFollowerState(121)) - 7247ad7d-2ca2-4af8-9337-77c07ea89cb3: shutdown FollowerState
2019-10-19 01:26:34,583 [Thread-991] INFO  impl.FollowerState (FollowerState.java:run(117)) - 7247ad7d-2ca2-4af8-9337-77c07ea89cb3@group-31C3DC938042-FollowerState was interrupted: java.lang.InterruptedException: sleep interrupted
2019-10-19 01:26:34,583 [grpc-default-executor-1] INFO  impl.RoleInfo (RoleInfo.java:updateAndGet(143)) - 7247ad7d-2ca2-4af8-9337-77c07ea89cb3: start FollowerState
2019-10-19 01:26:34,615 [8bce6a00-3bba-419d-83ac-b35141b6b559@group-31C3DC938042-LeaderElection92] INFO  impl.LeaderElection (LeaderElection.java:logAndReturn(56)) - 8bce6a00-3bba-419d-83ac-b35141b6b559@group-31C3DC938042-LeaderElection92: Election REJECTED; received 2 response(s) [8bce6a00-3bba-419d-83ac-b35141b6b559<-774c78e1-8dd4-453d-975e-442189a07fe2#0:FAIL-t71, 8bce6a00-3bba-419d-83ac-b35141b6b559<-7247ad7d-2ca2-4af8-9337-77c07ea89cb3#0:FAIL-t71] and 0 exception(s); 8bce6a00-3bba-419d-83ac-b35141b6b559@group-31C3DC938042:t71, leader=null, voted=8bce6a00-3bba-419d-83ac-b35141b6b559, raftlog=8bce6a00-3bba-419d-83ac-b35141b6b559@group-31C3DC938042-SegmentedRaftLog:OPENED:c-1,f-1,i0, conf=-1: [774c78e1-8dd4-453d-975e-442189a07fe2:192.168.157.242:38712, 7247ad7d-2ca2-4af8-9337-77c07ea89cb3:192.168.157.242:42362, 8bce6a00-3bba-419d-83ac-b35141b6b559:192.168.157.242:37801], old=null
2019-10-19 01:26:34,615 [8bce6a00-3bba-419d-83ac-b35141b6b559@group-31C3DC938042-LeaderElection92] INFO  impl.RaftServerImpl (RaftServerImpl.java:setRole(184)) - 8bce6a00-3bba-419d-83ac-b35141b6b559@group-31C3DC938042: changes role from CANDIDATE to FOLLOWER at term 71 for DISCOVERED_A_NEW_TERM
2019-10-19 01:26:34,615 [8bce6a00-3bba-419d-83ac-b35141b6b559@group-31C3DC938042-LeaderElection92] INFO  impl.RoleInfo (RoleInfo.java:shutdownLeaderElection(134)) - 8bce6a00-3bba-419d-83ac-b35141b6b559: shutdown LeaderElection
2019-10-19 01:26:34,615 [8bce6a00-3bba-419d-83ac-b35141b6b559@group-31C3DC938042-LeaderElection92] INFO  impl.RoleInfo (RoleInfo.java:updateAndGet(143)) - 8bce6a00-3bba-419d-83ac-b35141b6b559: start FollowerState
2019-10-19 01:26:34,735 [Thread-1004] INFO  impl.FollowerState (FollowerState.java:run(108)) - 8bce6a00-3bba-419d-83ac-b35141b6b559@group-31C3DC938042-FollowerState: change to CANDIDATE, lastRpcTime:119ms, electionTimeout:119ms
2019-10-19 01:26:34,735 [Thread-1004] INFO  impl.RoleInfo (RoleInfo.java:shutdownFollowerState(121)) - 8bce6a00-3bba-419d-83ac-b35141b6b559: shutdown FollowerState
2019-10-19 01:26:34,735 [Thread-1004] INFO  impl.RaftServerImpl (RaftServerImpl.java:setRole(184)) - 8bce6a00-3bba-419d-83ac-b35141b6b559@group-31C3DC938042: changes role from  FOLLOWER to CANDIDATE at term 71 for changeToCandidate
2019-10-19 01:26:34,735 [Thread-1004] INFO  impl.RoleInfo (RoleInfo.java:updateAndGet(143)) - 8bce6a00-3bba-419d-83ac-b35141b6b559: start LeaderElection
2019-10-19 01:26:34,754 [8bce6a00-3bba-419d-83ac-b35141b6b559@group-31C3DC938042-LeaderElection93] INFO  impl.LeaderElection (LeaderElection.java:askForVotes(178)) - 8bce6a00-3bba-419d-83ac-b35141b6b559@group-31C3DC938042-LeaderElection93: begin an election at term 72 for -1: [774c78e1-8dd4-453d-975e-442189a07fe2:192.168.157.242:38712, 7247ad7d-2ca2-4af8-9337-77c07ea89cb3:192.168.157.242:42362, 8bce6a00-3bba-419d-83ac-b35141b6b559:192.168.157.242:37801], old=null
2019-10-19 01:26:34,757 [grpc-default-executor-1] INFO  impl.RaftServerImpl (RaftServerImpl.java:setRole(184)) - 774c78e1-8dd4-453d-975e-442189a07fe2@group-31C3DC938042: changes role from  FOLLOWER to FOLLOWER at term 72 for recognizeCandidate:8bce6a00-3bba-419d-83ac-b35141b6b559
2019-10-19 01:26:34,757 [grpc-default-executor-1] INFO  impl.RoleInfo (RoleInfo.java:shutdownFollowerState(121)) - 774c78e1-8dd4-453d-975e-442189a07fe2: shutdown FollowerState
2019-10-19 01:26:34,757 [grpc-default-executor-4] INFO  impl.RaftServerImpl (RaftServerImpl.java:setRole(184)) - 7247ad7d-2ca2-4af8-9337-77c07ea89cb3@group-31C3DC938042: changes role from  FOLLOWER to FOLLOWER at term 72 for recognizeCandidate:8bce6a00-3bba-419d-83ac-b35141b6b559
2019-10-19 01:26:34,757 [Thread-1000] INFO  impl.FollowerState (FollowerState.java:run(117)) - 774c78e1-8dd4-453d-975e-442189a07fe2@group-31C3DC938042-FollowerState was interrupted: java.lang.InterruptedException: sleep interrupted
2019-10-19 01:26:34,757 [grpc-default-executor-1] INFO  impl.RoleInfo (RoleInfo.java:updateAndGet(143)) - 774c78e1-8dd4-453d-975e-442189a07fe2: start FollowerState
2019-10-19 01:26:34,757 [grpc-default-executor-4] INFO  impl.RoleInfo (RoleInfo.java:shutdownFollowerState(121)) - 7247ad7d-2ca2-4af8-9337-77c07ea89cb3: shutdown FollowerState
2019-10-19 01:26:34,758 [grpc-default-executor-4] INFO  impl.RoleInfo (RoleInfo.java:updateAndGet(143)) - 7247ad7d-2ca2-4af8-9337-77c07ea89cb3: start FollowerState
2019-10-19 01:26:34,758 [Thread-1001] INFO  impl.FollowerState (FollowerState.java:run(117)) - 7247ad7d-2ca2-4af8-9337-77c07ea89cb3@group-31C3DC938042-FollowerState was interrupted: java.lang.InterruptedException: sleep interrupted
2019-10-19 01:26:34,763 [8bce6a00-3bba-419d-83ac-b35141b6b559@group-31C3DC938042-LeaderElection93] INFO  impl.LeaderElection (LeaderElection.java:logAndReturn(56)) - 8bce6a00-3bba-419d-83ac-b35141b6b559@group-31C3DC938042-LeaderElection93: Election TIMEOUT; received 0 response(s) [] and 0 exception(s); 8bce6a00-3bba-419d-83ac-b35141b6b559@group-31C3DC938042:t72, leader=null, voted=8bce6a00-3bba-419d-83ac-b35141b6b559, raftlog=8bce6a00-3bba-419d-83ac-b35141b6b559@group-31C3DC938042-SegmentedRaftLog:OPENED:c-1,f-1,i0, conf=-1: [774c78e1-8dd4-453d-975e-442189a07fe2:192.168.157.242:38712, 7247ad7d-2ca2-4af8-9337-77c07ea89cb3:192.168.157.242:42362, 8bce6a00-3bba-419d-83ac-b35141b6b559:192.168.157.242:37801], old=null
2019-10-19 01:26:34,781 [8bce6a00-3bba-419d-83ac-b35141b6b559@group-31C3DC938042-LeaderElection93] INFO  impl.LeaderElection (LeaderElection.java:askForVotes(178)) - 8bce6a00-3bba-419d-83ac-b35141b6b559@group-31C3DC938042-LeaderElection93: begin an election at term 73 for -1: [774c78e1-8dd4-453d-975e-442189a07fe2:192.168.157.242:38712, 7247ad7d-2ca2-4af8-9337-77c07ea89cb3:192.168.157.242:42362, 8bce6a00-3bba-419d-83ac-b35141b6b559:192.168.157.242:37801], old=null
2019-10-19 01:26:34,783 [grpc-default-executor-4] INFO  impl.RaftServerImpl (RaftServerImpl.java:setRole(184)) - 7247ad7d-2ca2-4af8-9337-77c07ea89cb3@group-31C3DC938042: changes role from  FOLLOWER to FOLLOWER at term 73 for recognizeCandidate:8bce6a00-3bba-419d-83ac-b35141b6b559
2019-10-19 01:26:34,783 [grpc-default-executor-4] INFO  impl.RoleInfo (RoleInfo.java:shutdownFollowerState(121)) - 7247ad7d-2ca2-4af8-9337-77c07ea89cb3: shutdown FollowerState
2019-10-19 01:26:34,783 [grpc-default-executor-4] INFO  impl.RoleInfo (RoleInfo.java:updateAndGet(143)) - 7247ad7d-2ca2-4af8-9337-77c07ea89cb3: start FollowerState
2019-10-19 01:26:34,783 [Thread-1009] INFO  impl.FollowerState (FollowerState.java:run(117)) - 7247ad7d-2ca2-4af8-9337-77c07ea89cb3@group-31C3DC938042-FollowerState was interrupted: java.lang.InterruptedException: sleep interrupted
2019-10-19 01:26:34,783 [grpc-default-executor-1] INFO  impl.RaftServerImpl (RaftServerImpl.java:setRole(184)) - 774c78e1-8dd4-453d-975e-442189a07fe2@group-31C3DC938042: changes role from  FOLLOWER to FOLLOWER at term 73 for recognizeCandidate:8bce6a00-3bba-419d-83ac-b35141b6b559
2019-10-19 01:26:34,784 [grpc-default-executor-1] INFO  impl.RoleInfo (RoleInfo.java:shutdownFollowerState(121)) - 774c78e1-8dd4-453d-975e-442189a07fe2: shutdown FollowerState
2019-10-19 01:26:34,784 [grpc-default-executor-1] INFO  impl.RoleInfo (RoleInfo.java:updateAndGet(143)) - 774c78e1-8dd4-453d-975e-442189a07fe2: start FollowerState
2019-10-19 01:26:34,784 [Thread-1008] INFO  impl.FollowerState (FollowerState.java:run(117)) - 774c78e1-8dd4-453d-975e-442189a07fe2@group-31C3DC938042-FollowerState was interrupted: java.lang.InterruptedException: sleep interrupted
2019-10-19 01:26:34,789 [8bce6a00-3bba-419d-83ac-b35141b6b559@group-31C3DC938042-LeaderElection93] INFO  impl.LeaderElection (LeaderElection.java:logAndReturn(56)) - 8bce6a00-3bba-419d-83ac-b35141b6b559@group-31C3DC938042-LeaderElection93: Election REJECTED; received 2 response(s) [8bce6a00-3bba-419d-83ac-b35141b6b559<-774c78e1-8dd4-453d-975e-442189a07fe2#0:FAIL-t73, 8bce6a00-3bba-419d-83ac-b35141b6b559<-7247ad7d-2ca2-4af8-9337-77c07ea89cb3#0:FAIL-t73] and 0 exception(s); 8bce6a00-3bba-419d-83ac-b35141b6b559@group-31C3DC938042:t73, leader=null, voted=8bce6a00-3bba-419d-83ac-b35141b6b559, raftlog=8bce6a00-3bba-419d-83ac-b35141b6b559@group-31C3DC938042-SegmentedRaftLog:OPENED:c-1,f-1,i0, conf=-1: [774c78e1-8dd4-453d-975e-442189a07fe2:192.168.157.242:38712, 7247ad7d-2ca2-4af8-9337-77c07ea89cb3:192.168.157.242:42362, 8bce6a00-3bba-419d-83ac-b35141b6b559:192.168.157.242:37801], old=null
2019-10-19 01:26:34,790 [8bce6a00-3bba-419d-83ac-b35141b6b559@group-31C3DC938042-LeaderElection93] INFO  impl.RaftServerImpl (RaftServerImpl.java:setRole(184)) - 8bce6a00-3bba-419d-83ac-b35141b6b559@group-31C3DC938042: changes role from CANDIDATE to FOLLOWER at term 73 for DISCOVERED_A_NEW_TERM
2019-10-19 01:26:34,790 [8bce6a00-3bba-419d-83ac-b35141b6b559@group-31C3DC938042-LeaderElection93] INFO  impl.RoleInfo (RoleInfo.java:shutdownLeaderElection(134)) - 8bce6a00-3bba-419d-83ac-b35141b6b559: shutdown LeaderElection
2019-10-19 01:26:34,790 [8bce6a00-3bba-419d-83ac-b35141b6b559@group-31C3DC938042-LeaderElection93] INFO  impl.RoleInfo (RoleInfo.java:updateAndGet(143)) - 8bce6a00-3bba-419d-83ac-b35141b6b559: start FollowerState
2019-10-19 01:26:34,946 [Thread-1014] INFO  impl.FollowerState (FollowerState.java:run(108)) - 8bce6a00-3bba-419d-83ac-b35141b6b559@group-31C3DC938042-FollowerState: change to CANDIDATE, lastRpcTime:156ms, electionTimeout:156ms
2019-10-19 01:26:34,947 [Thread-1014] INFO  impl.RoleInfo (RoleInfo.java:shutdownFollowerState(121)) - 8bce6a00-3bba-419d-83ac-b35141b6b559: shutdown FollowerState
2019-10-19 01:26:34,947 [Thread-1014] INFO  impl.RaftServerImpl (RaftServerImpl.java:setRole(184)) - 8bce6a00-3bba-419d-83ac-b35141b6b559@group-31C3DC938042: changes role from  FOLLOWER to CANDIDATE at term 73 for changeToCandidate
2019-10-19 01:26:34,947 [Thread-1014] INFO  impl.RoleInfo (RoleInfo.java:updateAndGet(143)) - 8bce6a00-3bba-419d-83ac-b35141b6b559: start LeaderElection
2019-10-19 01:26:34,980 [8bce6a00-3bba-419d-83ac-b35141b6b559@group-31C3DC938042-LeaderElection94] INFO  impl.LeaderElection (LeaderElection.java:askForVotes(178)) - 8bce6a00-3bba-419d-83ac-b35141b6b559@group-31C3DC938042-LeaderElection94: begin an election at term 74 for -1: [774c78e1-8dd4-453d-975e-442189a07fe2:192.168.157.242:38712, 7247ad7d-2ca2-4af8-9337-77c07ea89cb3:192.168.157.242:42362, 8bce6a00-3bba-419d-83ac-b35141b6b559:192.168.157.242:37801], old=null
2019-10-19 01:26:34,983 [grpc-default-executor-1] INFO  impl.RaftServerImpl (RaftServerImpl.java:setRole(184)) - 7247ad7d-2ca2-4af8-9337-77c07ea89cb3@group-31C3DC938042: changes role from  FOLLOWER to FOLLOWER at term 74 for recognizeCandidate:8bce6a00-3bba-419d-83ac-b35141b6b559
2019-10-19 01:26:34,983 [grpc-default-executor-1] INFO  impl.RoleInfo (RoleInfo.java:shutdownFollowerState(121)) - 7247ad7d-2ca2-4af8-9337-77c07ea89cb3: shutdown FollowerState
2019-10-19 01:26:34,983 [grpc-default-executor-4] INFO  impl.RaftServerImpl (RaftServerImpl.java:setRole(184)) - 774c78e1-8dd4-453d-975e-442189a07fe2@group-31C3DC938042: changes role from  FOLLOWER to FOLLOWER at term 74 for recognizeCandidate:8bce6a00-3bba-419d-83ac-b35141b6b559
2019-10-19 01:26:34,983 [grpc-default-executor-1] INFO  impl.RoleInfo (RoleInfo.java:updateAndGet(143)) - 7247ad7d-2ca2-4af8-9337-77c07ea89cb3: start FollowerState
2019-10-19 01:26:34,984 [Thread-1012] INFO  impl.FollowerState (FollowerState.java:run(117)) - 7247ad7d-2ca2-4af8-9337-77c07ea89cb3@group-31C3DC938042-FollowerState was interrupted: java.lang.InterruptedException: sleep interrupted
2019-10-19 01:26:34,984 [grpc-default-executor-4] INFO  impl.RoleInfo (RoleInfo.java:shutdownFollowerState(121)) - 774c78e1-8dd4-453d-975e-442189a07fe2: shutdown FollowerState
2019-10-19 01:26:34,984 [grpc-default-executor-4] INFO  impl.RoleInfo (RoleInfo.java:updateAndGet(143)) - 774c78e1-8dd4-453d-975e-442189a07fe2: start FollowerState
2019-10-19 01:26:34,984 [Thread-1013] INFO  impl.FollowerState (FollowerState.java:run(117)) - 774c78e1-8dd4-453d-975e-442189a07fe2@group-31C3DC938042-FollowerState was interrupted: java.lang.InterruptedException: sleep interrupted
2019-10-19 01:26:35,001 [8bce6a00-3bba-419d-83ac-b35141b6b559@group-31C3DC938042-LeaderElection94] INFO  impl.LeaderElection (LeaderElection.java:logAndReturn(56)) - 8bce6a00-3bba-419d-83ac-b35141b6b559@group-31C3DC938042-LeaderElection94: Election REJECTED; received 2 response(s) [8bce6a00-3bba-419d-83ac-b35141b6b559<-774c78e1-8dd4-453d-975e-442189a07fe2#0:FAIL-t74, 8bce6a00-3bba-419d-83ac-b35141b6b559<-7247ad7d-2ca2-4af8-9337-77c07ea89cb3#0:FAIL-t74] and 0 exception(s); 8bce6a00-3bba-419d-83ac-b35141b6b559@group-31C3DC938042:t74, leader=null, voted=8bce6a00-3bba-419d-83ac-b35141b6b559, raftlog=8bce6a00-3bba-419d-83ac-b35141b6b559@group-31C3DC938042-SegmentedRaftLog:OPENED:c-1,f-1,i0, conf=-1: [774c78e1-8dd4-453d-975e-442189a07fe2:192.168.157.242:38712, 7247ad7d-2ca2-4af8-9337-77c07ea89cb3:192.168.157.242:42362, 8bce6a00-3bba-419d-83ac-b35141b6b559:192.168.157.242:37801], old=null
2019-10-19 01:26:35,001 [8bce6a00-3bba-419d-83ac-b35141b6b559@group-31C3DC938042-LeaderElection94] INFO  impl.RaftServerImpl (RaftServerImpl.java:setRole(184)) - 8bce6a00-3bba-419d-83ac-b35141b6b559@group-31C3DC938042: changes role from CANDIDATE to FOLLOWER at term 74 for DISCOVERED_A_NEW_TERM
2019-10-19 01:26:35,001 [8bce6a00-3bba-419d-83ac-b35141b6b559@group-31C3DC938042-LeaderElection94] INFO  impl.RoleInfo (RoleInfo.java:shutdownLeaderElection(134)) - 8bce6a00-3bba-419d-83ac-b35141b6b559: shutdown LeaderElection
2019-10-19 01:26:35,001 [8bce6a00-3bba-419d-83ac-b35141b6b559@group-31C3DC938042-LeaderElection94] INFO  impl.RoleInfo (RoleInfo.java:updateAndGet(143)) - 8bce6a00-3bba-419d-83ac-b35141b6b559: start FollowerState
2019-10-19 01:26:35,014 [Thread-1021] INFO  impl.FollowerState (FollowerState.java:run(108)) - 8bce6a00-3bba-419d-83ac-b35141b6b559@group-31C3DC938042-FollowerState: change to CANDIDATE, lastRpcTime:13ms, electionTimeout:13ms
2019-10-19 01:26:35,014 [Thread-1021] INFO  impl.RoleInfo (RoleInfo.java:shutdownFollowerState(121)) - 8bce6a00-3bba-419d-83ac-b35141b6b559: shutdown FollowerState
2019-10-19 01:26:35,015 [Thread-1021] INFO  impl.RaftServerImpl (RaftServerImpl.java:setRole(184)) - 8bce6a00-3bba-419d-83ac-b35141b6b559@group-31C3DC938042: changes role from  FOLLOWER to CANDIDATE at term 74 for changeToCandidate
2019-10-19 01:26:35,015 [Thread-1021] INFO  impl.RoleInfo (RoleInfo.java:updateAndGet(143)) - 8bce6a00-3bba-419d-83ac-b35141b6b559: start LeaderElection
2019-10-19 01:26:35,018 [8bce6a00-3bba-419d-83ac-b35141b6b559@group-31C3DC938042-LeaderElection95] INFO  impl.LeaderElection (LeaderElection.java:askForVotes(178)) - 8bce6a00-3bba-419d-83ac-b35141b6b559@group-31C3DC938042-LeaderElection95: begin an election at term 75 for -1: [774c78e1-8dd4-453d-975e-442189a07fe2:192.168.157.242:38712, 7247ad7d-2ca2-4af8-9337-77c07ea89cb3:192.168.157.242:42362, 8bce6a00-3bba-419d-83ac-b35141b6b559:192.168.157.242:37801], old=null
2019-10-19 01:26:35,020 [grpc-default-executor-1] INFO  impl.RaftServerImpl (RaftServerImpl.java:setRole(184)) - 774c78e1-8dd4-453d-975e-442189a07fe2@group-31C3DC938042: changes role from  FOLLOWER to FOLLOWER at term 75 for recognizeCandidate:8bce6a00-3bba-419d-83ac-b35141b6b559
2019-10-19 01:26:35,020 [grpc-default-executor-4] INFO  impl.RaftServerImpl (RaftServerImpl.java:setRole(184)) - 7247ad7d-2ca2-4af8-9337-77c07ea89cb3@group-31C3DC938042: changes role from  FOLLOWER to FOLLOWER at term 75 for recognizeCandidate:8bce6a00-3bba-419d-83ac-b35141b6b559
2019-10-19 01:26:35,020 [grpc-default-executor-1] INFO  impl.RoleInfo (RoleInfo.java:shutdownFollowerState(121)) - 774c78e1-8dd4-453d-975e-442189a07fe2: shutdown FollowerState
2019-10-19 01:26:35,020 [grpc-default-executor-4] INFO  impl.RoleInfo (RoleInfo.java:shutdownFollowerState(121)) - 7247ad7d-2ca2-4af8-9337-77c07ea89cb3: shutdown FollowerState
2019-10-19 01:26:35,021 [grpc-default-executor-1] INFO  impl.RoleInfo (RoleInfo.java:updateAndGet(143)) - 774c78e1-8dd4-453d-975e-442189a07fe2: start FollowerState
2019-10-19 01:26:35,021 [Thread-1019] INFO  impl.FollowerState (FollowerState.java:run(117)) - 774c78e1-8dd4-453d-975e-442189a07fe2@group-31C3DC938042-FollowerState was interrupted: java.lang.InterruptedException: sleep interrupted
2019-10-19 01:26:35,021 [grpc-default-executor-4] INFO  impl.RoleInfo (RoleInfo.java:updateAndGet(143)) - 7247ad7d-2ca2-4af8-9337-77c07ea89cb3: start FollowerState
2019-10-19 01:26:35,021 [Thread-1018] INFO  impl.FollowerState (FollowerState.java:run(117)) - 7247ad7d-2ca2-4af8-9337-77c07ea89cb3@group-31C3DC938042-FollowerState was interrupted: java.lang.InterruptedException: sleep interrupted
2019-10-19 01:26:35,044 [8bce6a00-3bba-419d-83ac-b35141b6b559@group-31C3DC938042-LeaderElection95] INFO  impl.LeaderElection (LeaderElection.java:logAndReturn(56)) - 8bce6a00-3bba-419d-83ac-b35141b6b559@group-31C3DC938042-LeaderElection95: Election REJECTED; received 2 response(s) [8bce6a00-3bba-419d-83ac-b35141b6b559<-774c78e1-8dd4-453d-975e-442189a07fe2#0:FAIL-t75, 8bce6a00-3bba-419d-83ac-b35141b6b559<-7247ad7d-2ca2-4af8-9337-77c07ea89cb3#0:FAIL-t75] and 0 exception(s); 8bce6a00-3bba-419d-83ac-b35141b6b559@group-31C3DC938042:t75, leader=null, voted=8bce6a00-3bba-419d-83ac-b35141b6b559, raftlog=8bce6a00-3bba-419d-83ac-b35141b6b559@group-31C3DC938042-SegmentedRaftLog:OPENED:c-1,f-1,i0, conf=-1: [774c78e1-8dd4-453d-975e-442189a07fe2:192.168.157.242:38712, 7247ad7d-2ca2-4af8-9337-77c07ea89cb3:192.168.157.242:42362, 8bce6a00-3bba-419d-83ac-b35141b6b559:192.168.157.242:37801], old=null
2019-10-19 01:26:35,044 [8bce6a00-3bba-419d-83ac-b35141b6b559@group-31C3DC938042-LeaderElection95] INFO  impl.RaftServerImpl (RaftServerImpl.java:setRole(184)) - 8bce6a00-3bba-419d-83ac-b35141b6b559@group-31C3DC938042: changes role from CANDIDATE to FOLLOWER at term 75 for DISCOVERED_A_NEW_TERM
2019-10-19 01:26:35,044 [8bce6a00-3bba-419d-83ac-b35141b6b559@group-31C3DC938042-LeaderElection95] INFO  impl.RoleInfo (RoleInfo.java:shutdownLeaderElection(134)) - 8bce6a00-3bba-419d-83ac-b35141b6b559: shutdown LeaderElection
2019-10-19 01:26:35,045 [8bce6a00-3bba-419d-83ac-b35141b6b559@group-31C3DC938042-LeaderElection95] INFO  impl.RoleInfo (RoleInfo.java:updateAndGet(143)) - 8bce6a00-3bba-419d-83ac-b35141b6b559: start FollowerState
2019-10-19 01:26:35,195 [Thread-1027] INFO  impl.FollowerState (FollowerState.java:run(108)) - 8bce6a00-3bba-419d-83ac-b35141b6b559@group-31C3DC938042-FollowerState: change to CANDIDATE, lastRpcTime:150ms, electionTimeout:150ms
2019-10-19 01:26:35,195 [Thread-1027] INFO  impl.RoleInfo (RoleInfo.java:shutdownFollowerState(121)) - 8bce6a00-3bba-419d-83ac-b35141b6b559: shutdown FollowerState
2019-10-19 01:26:35,196 [Thread-1027] INFO  impl.RaftServerImpl (RaftServerImpl.java:setRole(184)) - 8bce6a00-3bba-419d-83ac-b35141b6b559@group-31C3DC938042: changes role from  FOLLOWER to CANDIDATE at term 75 for changeToCandidate
2019-10-19 01:26:35,196 [Thread-1027] INFO  impl.RoleInfo (RoleInfo.java:updateAndGet(143)) - 8bce6a00-3bba-419d-83ac-b35141b6b559: start LeaderElection
2019-10-19 01:26:35,220 [8bce6a00-3bba-419d-83ac-b35141b6b559@group-31C3DC938042-LeaderElection96] INFO  impl.LeaderElection (LeaderElection.java:askForVotes(178)) - 8bce6a00-3bba-419d-83ac-b35141b6b559@group-31C3DC938042-LeaderElection96: begin an election at term 76 for -1: [774c78e1-8dd4-453d-975e-442189a07fe2:192.168.157.242:38712, 7247ad7d-2ca2-4af8-9337-77c07ea89cb3:192.168.157.242:42362, 8bce6a00-3bba-419d-83ac-b35141b6b559:192.168.157.242:37801], old=null
2019-10-19 01:26:35,222 [grpc-default-executor-1] INFO  impl.RaftServerImpl (RaftServerImpl.java:setRole(184)) - 774c78e1-8dd4-453d-975e-442189a07fe2@group-31C3DC938042: changes role from  FOLLOWER to FOLLOWER at term 76 for recognizeCandidate:8bce6a00-3bba-419d-83ac-b35141b6b559
2019-10-19 01:26:35,222 [grpc-default-executor-1] INFO  impl.RoleInfo (RoleInfo.java:shutdownFollowerState(121)) - 774c78e1-8dd4-453d-975e-442189a07fe2: shutdown FollowerState
2019-10-19 01:26:35,222 [grpc-default-executor-1] INFO  impl.RoleInfo (RoleInfo.java:updateAndGet(143)) - 774c78e1-8dd4-453d-975e-442189a07fe2: start FollowerState
2019-10-19 01:26:35,222 [Thread-1025] INFO  impl.FollowerState (FollowerState.java:run(117)) - 774c78e1-8dd4-453d-975e-442189a07fe2@group-31C3DC938042-FollowerState was interrupted: java.lang.InterruptedException: sleep interrupted
2019-10-19 01:26:35,222 [grpc-default-executor-4] INFO  impl.RaftServerImpl (RaftServerImpl.java:setRole(184)) - 7247ad7d-2ca2-4af8-9337-77c07ea89cb3@group-31C3DC938042: changes role from  FOLLOWER to FOLLOWER at term 76 for recognizeCandidate:8bce6a00-3bba-419d-83ac-b35141b6b559
2019-10-19 01:26:35,223 [grpc-default-executor-4] INFO  impl.RoleInfo (RoleInfo.java:shutdownFollowerState(121)) - 7247ad7d-2ca2-4af8-9337-77c07ea89cb3: shutdown FollowerState
2019-10-19 01:26:35,223 [grpc-default-executor-4] INFO  impl.RoleInfo (RoleInfo.java:updateAndGet(143)) - 7247ad7d-2ca2-4af8-9337-77c07ea89cb3: start FollowerState
2019-10-19 01:26:35,223 [Thread-1026] INFO  impl.FollowerState (FollowerState.java:run(117)) - 7247ad7d-2ca2-4af8-9337-77c07ea89cb3@group-31C3DC938042-FollowerState was interrupted: java.lang.InterruptedException: sleep interrupted
2019-10-19 01:26:35,238 [8bce6a00-3bba-419d-83ac-b35141b6b559@group-31C3DC938042-LeaderElection96] INFO  impl.LeaderElection (LeaderElection.java:logAndReturn(56)) - 8bce6a00-3bba-419d-83ac-b35141b6b559@group-31C3DC938042-LeaderElection96: Election REJECTED; received 2 response(s) [8bce6a00-3bba-419d-83ac-b35141b6b559<-774c78e1-8dd4-453d-975e-442189a07fe2#0:FAIL-t76, 8bce6a00-3bba-419d-83ac-b35141b6b559<-7247ad7d-2ca2-4af8-9337-77c07ea89cb3#0:FAIL-t76] and 0 exception(s); 8bce6a00-3bba-419d-83ac-b35141b6b559@group-31C3DC938042:t76, leader=null, voted=8bce6a00-3bba-419d-83ac-b35141b6b559, raftlog=8bce6a00-3bba-419d-83ac-b35141b6b559@group-31C3DC938042-SegmentedRaftLog:OPENED:c-1,f-1,i0, conf=-1: [774c78e1-8dd4-453d-975e-442189a07fe2:192.168.157.242:38712, 7247ad7d-2ca2-4af8-9337-77c07ea89cb3:192.168.157.242:42362, 8bce6a00-3bba-419d-83ac-b35141b6b559:192.168.157.242:37801], old=null
2019-10-19 01:26:35,238 [8bce6a00-3bba-419d-83ac-b35141b6b559@group-31C3DC938042-LeaderElection96] INFO  impl.RaftServerImpl (RaftServerImpl.java:setRole(184)) - 8bce6a00-3bba-419d-83ac-b35141b6b559@group-31C3DC938042: changes role from CANDIDATE to FOLLOWER at term 76 for DISCOVERED_A_NEW_TERM
2019-10-19 01:26:35,238 [8bce6a00-3bba-419d-83ac-b35141b6b559@group-31C3DC938042-LeaderElection96] INFO  impl.RoleInfo (RoleInfo.java:shutdownLeaderElection(134)) - 8bce6a00-3bba-419d-83ac-b35141b6b559: shutdown LeaderElection
2019-10-19 01:26:35,238 [8bce6a00-3bba-419d-83ac-b35141b6b559@group-31C3DC938042-LeaderElection96] INFO  impl.RoleInfo (RoleInfo.java:updateAndGet(143)) - 8bce6a00-3bba-419d-83ac-b35141b6b559: start FollowerState
2019-10-19 01:26:35,322 [Thread-1036] INFO  impl.FollowerState (FollowerState.java:run(108)) - 8bce6a00-3bba-419d-83ac-b35141b6b559@group-31C3DC938042-FollowerState: change to CANDIDATE, lastRpcTime:83ms, electionTimeout:83ms
2019-10-19 01:26:35,322 [Thread-1036] INFO  impl.RoleInfo (RoleInfo.java:shutdownFollowerState(121)) - 8bce6a00-3bba-419d-83ac-b35141b6b559: shutdown FollowerState
2019-10-19 01:26:35,322 [Thread-1036] INFO  impl.RaftServerImpl (RaftServerImpl.java:setRole(184)) - 8bce6a00-3bba-419d-83ac-b35141b6b559@group-31C3DC938042: changes role from  FOLLOWER to CANDIDATE at term 76 for changeToCandidate
2019-10-19 01:26:35,322 [Thread-1036] INFO  impl.RoleInfo (RoleInfo.java:updateAndGet(143)) - 8bce6a00-3bba-419d-83ac-b35141b6b559: start LeaderElection
2019-10-19 01:26:35,458 [8bce6a00-3bba-419d-83ac-b35141b6b559@group-31C3DC938042-LeaderElection97] INFO  impl.LeaderElection (LeaderElection.java:askForVotes(178)) - 8bce6a00-3bba-419d-83ac-b35141b6b559@group-31C3DC938042-LeaderElection97: begin an election at term 77 for -1: [774c78e1-8dd4-453d-975e-442189a07fe2:192.168.157.242:38712, 7247ad7d-2ca2-4af8-9337-77c07ea89cb3:192.168.157.242:42362, 8bce6a00-3bba-419d-83ac-b35141b6b559:192.168.157.242:37801], old=null
2019-10-19 01:26:35,460 [grpc-default-executor-4] INFO  impl.RaftServerImpl (RaftServerImpl.java:setRole(184)) - 7247ad7d-2ca2-4af8-9337-77c07ea89cb3@group-31C3DC938042: changes role from  FOLLOWER to FOLLOWER at term 77 for recognizeCandidate:8bce6a00-3bba-419d-83ac-b35141b6b559
2019-10-19 01:26:35,460 [grpc-default-executor-4] INFO  impl.RoleInfo (RoleInfo.java:shutdownFollowerState(121)) - 7247ad7d-2ca2-4af8-9337-77c07ea89cb3: shutdown FollowerState
2019-10-19 01:26:35,460 [grpc-default-executor-4] INFO  impl.RoleInfo (RoleInfo.java:updateAndGet(143)) - 7247ad7d-2ca2-4af8-9337-77c07ea89cb3: start FollowerState
2019-10-19 01:26:35,460 [Thread-1035] INFO  impl.FollowerState (FollowerState.java:run(117)) - 7247ad7d-2ca2-4af8-9337-77c07ea89cb3@group-31C3DC938042-FollowerState was interrupted: java.lang.InterruptedException: sleep interrupted
2019-10-19 01:26:35,461 [grpc-default-executor-1] INFO  impl.RaftServerImpl (RaftServerImpl.java:setRole(184)) - 774c78e1-8dd4-453d-975e-442189a07fe2@group-31C3DC938042: changes role from  FOLLOWER to FOLLOWER at term 77 for recognizeCandidate:8bce6a00-3bba-419d-83ac-b35141b6b559
2019-10-19 01:26:35,461 [grpc-default-executor-1] INFO  impl.RoleInfo (RoleInfo.java:shutdownFollowerState(121)) - 774c78e1-8dd4-453d-975e-442189a07fe2: shutdown FollowerState
2019-10-19 01:26:35,461 [Thread-1034] INFO  impl.FollowerState (FollowerState.java:run(117)) - 774c78e1-8dd4-453d-975e-442189a07fe2@group-31C3DC938042-FollowerState was interrupted: java.lang.InterruptedException: sleep interrupted
2019-10-19 01:26:35,461 [grpc-default-executor-1] INFO  impl.RoleInfo (RoleInfo.java:updateAndGet(143)) - 774c78e1-8dd4-453d-975e-442189a07fe2: start FollowerState
2019-10-19 01:26:35,472 [8bce6a00-3bba-419d-83ac-b35141b6b559@group-31C3DC938042-LeaderElection97] INFO  impl.LeaderElection (LeaderElection.java:logAndReturn(56)) - 8bce6a00-3bba-419d-83ac-b35141b6b559@group-31C3DC938042-LeaderElection97: Election TIMEOUT; received 0 response(s) [] and 0 exception(s); 8bce6a00-3bba-419d-83ac-b35141b6b559@group-31C3DC938042:t77, leader=null, voted=8bce6a00-3bba-419d-83ac-b35141b6b559, raftlog=8bce6a00-3bba-419d-83ac-b35141b6b559@group-31C3DC938042-SegmentedRaftLog:OPENED:c-1,f-1,i0, conf=-1: [774c78e1-8dd4-453d-975e-442189a07fe2:192.168.157.242:38712, 7247ad7d-2ca2-4af8-9337-77c07ea89cb3:192.168.157.242:42362, 8bce6a00-3bba-419d-83ac-b35141b6b559:192.168.157.242:37801], old=null
2019-10-19 01:26:35,483 [8bce6a00-3bba-419d-83ac-b35141b6b559@group-31C3DC938042-LeaderElection97] INFO  impl.LeaderElection (LeaderElection.java:askForVotes(178)) - 8bce6a00-3bba-419d-83ac-b35141b6b559@group-31C3DC938042-LeaderElection97: begin an election at term 78 for -1: [774c78e1-8dd4-453d-975e-442189a07fe2:192.168.157.242:38712, 7247ad7d-2ca2-4af8-9337-77c07ea89cb3:192.168.157.242:42362, 8bce6a00-3bba-419d-83ac-b35141b6b559:192.168.157.242:37801], old=null
2019-10-19 01:26:35,485 [grpc-default-executor-4] INFO  impl.RaftServerImpl (RaftServerImpl.java:setRole(184)) - 774c78e1-8dd4-453d-975e-442189a07fe2@group-31C3DC938042: changes role from  FOLLOWER to FOLLOWER at term 78 for recognizeCandidate:8bce6a00-3bba-419d-83ac-b35141b6b559
2019-10-19 01:26:35,485 [grpc-default-executor-4] INFO  impl.RoleInfo (RoleInfo.java:shutdownFollowerState(121)) - 774c78e1-8dd4-453d-975e-442189a07fe2: shutdown FollowerState
2019-10-19 01:26:35,486 [Thread-1041] INFO  impl.FollowerState (FollowerState.java:run(117)) - 774c78e1-8dd4-453d-975e-442189a07fe2@group-31C3DC938042-FollowerState was interrupted: java.lang.InterruptedException: sleep interrupted
2019-10-19 01:26:35,486 [grpc-default-executor-4] INFO  impl.RoleInfo (RoleInfo.java:updateAndGet(143)) - 774c78e1-8dd4-453d-975e-442189a07fe2: start FollowerState
2019-10-19 01:26:35,486 [grpc-default-executor-1] INFO  impl.RaftServerImpl (RaftServerImpl.java:setRole(184)) - 7247ad7d-2ca2-4af8-9337-77c07ea89cb3@group-31C3DC938042: changes role from  FOLLOWER to FOLLOWER at term 78 for recognizeCandidate:8bce6a00-3bba-419d-83ac-b35141b6b559
2019-10-19 01:26:35,486 [grpc-default-executor-1] INFO  impl.RoleInfo (RoleInfo.java:shutdownFollowerState(121)) - 7247ad7d-2ca2-4af8-9337-77c07ea89cb3: shutdown FollowerState
2019-10-19 01:26:35,487 [grpc-default-executor-1] INFO  impl.RoleInfo (RoleInfo.java:updateAndGet(143)) - 7247ad7d-2ca2-4af8-9337-77c07ea89cb3: start FollowerState
2019-10-19 01:26:35,487 [Thread-1040] INFO  impl.FollowerState (FollowerState.java:run(117)) - 7247ad7d-2ca2-4af8-9337-77c07ea89cb3@group-31C3DC938042-FollowerState was interrupted: java.lang.InterruptedException: sleep interrupted
2019-10-19 01:26:35,500 [8bce6a00-3bba-419d-83ac-b35141b6b559@group-31C3DC938042-LeaderElection97] INFO  impl.LeaderElection (LeaderElection.java:logAndReturn(56)) - 8bce6a00-3bba-419d-83ac-b35141b6b559@group-31C3DC938042-LeaderElection97: Election REJECTED; received 2 response(s) [8bce6a00-3bba-419d-83ac-b35141b6b559<-774c78e1-8dd4-453d-975e-442189a07fe2#0:FAIL-t78, 8bce6a00-3bba-419d-83ac-b35141b6b559<-7247ad7d-2ca2-4af8-9337-77c07ea89cb3#0:FAIL-t78] and 0 exception(s); 8bce6a00-3bba-419d-83ac-b35141b6b559@group-31C3DC938042:t78, leader=null, voted=8bce6a00-3bba-419d-83ac-b35141b6b559, raftlog=8bce6a00-3bba-419d-83ac-b35141b6b559@group-31C3DC938042-SegmentedRaftLog:OPENED:c-1,f-1,i0, conf=-1: [774c78e1-8dd4-453d-975e-442189a07fe2:192.168.157.242:38712, 7247ad7d-2ca2-4af8-9337-77c07ea89cb3:192.168.157.242:42362, 8bce6a00-3bba-419d-83ac-b35141b6b559:192.168.157.242:37801], old=null
2019-10-19 01:26:35,500 [8bce6a00-3bba-419d-83ac-b35141b6b559@group-31C3DC938042-LeaderElection97] INFO  impl.RaftServerImpl (RaftServerImpl.java:setRole(184)) - 8bce6a00-3bba-419d-83ac-b35141b6b559@group-31C3DC938042: changes role from CANDIDATE to FOLLOWER at term 78 for DISCOVERED_A_NEW_TERM
2019-10-19 01:26:35,500 [8bce6a00-3bba-419d-83ac-b35141b6b559@group-31C3DC938042-LeaderElection97] INFO  impl.RoleInfo (RoleInfo.java:shutdownLeaderElection(134)) - 8bce6a00-3bba-419d-83ac-b35141b6b559: shutdown LeaderElection
2019-10-19 01:26:35,500 [8bce6a00-3bba-419d-83ac-b35141b6b559@group-31C3DC938042-LeaderElection97] INFO  impl.RoleInfo (RoleInfo.java:updateAndGet(143)) - 8bce6a00-3bba-419d-83ac-b35141b6b559: start FollowerState
2019-10-19 01:26:35,567 [Thread-1047] INFO  impl.FollowerState (FollowerState.java:run(108)) - 8bce6a00-3bba-419d-83ac-b35141b6b559@group-31C3DC938042-FollowerState: change to CANDIDATE, lastRpcTime:66ms, electionTimeout:66ms
2019-10-19 01:26:35,567 [Thread-1047] INFO  impl.RoleInfo (RoleInfo.java:shutdownFollowerState(121)) - 8bce6a00-3bba-419d-83ac-b35141b6b559: shutdown FollowerState
2019-10-19 01:26:35,567 [Thread-1047] INFO  impl.RaftServerImpl (RaftServerImpl.java:setRole(184)) - 8bce6a00-3bba-419d-83ac-b35141b6b559@group-31C3DC938042: changes role from  FOLLOWER to CANDIDATE at term 78 for changeToCandidate
2019-10-19 01:26:35,567 [Thread-1047] INFO  impl.RoleInfo (RoleInfo.java:updateAndGet(143)) - 8bce6a00-3bba-419d-83ac-b35141b6b559: start LeaderElection
2019-10-19 01:26:35,591 [8bce6a00-3bba-419d-83ac-b35141b6b559@group-31C3DC938042-LeaderElection98] INFO  impl.LeaderElection (LeaderElection.java:askForVotes(178)) - 8bce6a00-3bba-419d-83ac-b35141b6b559@group-31C3DC938042-LeaderElection98: begin an election at term 79 for -1: [774c78e1-8dd4-453d-975e-442189a07fe2:192.168.157.242:38712, 7247ad7d-2ca2-4af8-9337-77c07ea89cb3:192.168.157.242:42362, 8bce6a00-3bba-419d-83ac-b35141b6b559:192.168.157.242:37801], old=null
2019-10-19 01:26:35,594 [grpc-default-executor-1] INFO  impl.RaftServerImpl (RaftServerImpl.java:setRole(184)) - 7247ad7d-2ca2-4af8-9337-77c07ea89cb3@group-31C3DC938042: changes role from  FOLLOWER to FOLLOWER at term 79 for recognizeCandidate:8bce6a00-3bba-419d-83ac-b35141b6b559
2019-10-19 01:26:35,594 [grpc-default-executor-8] INFO  impl.RaftServerImpl (RaftServerImpl.java:setRole(184)) - 774c78e1-8dd4-453d-975e-442189a07fe2@group-31C3DC938042: changes role from  FOLLOWER to FOLLOWER at term 79 for recognizeCandidate:8bce6a00-3bba-419d-83ac-b35141b6b559
2019-10-19 01:26:35,594 [grpc-default-executor-1] INFO  impl.RoleInfo (RoleInfo.java:shutdownFollowerState(121)) - 7247ad7d-2ca2-4af8-9337-77c07ea89cb3: shutdown FollowerState
2019-10-19 01:26:35,595 [grpc-default-executor-8] INFO  impl.RoleInfo (RoleInfo.java:shutdownFollowerState(121)) - 774c78e1-8dd4-453d-975e-442189a07fe2: shutdown FollowerState
2019-10-19 01:26:35,595 [Thread-1045] INFO  impl.FollowerState (FollowerState.java:run(117)) - 7247ad7d-2ca2-4af8-9337-77c07ea89cb3@group-31C3DC938042-FollowerState was interrupted: java.lang.InterruptedException: sleep interrupted
2019-10-19 01:26:35,595 [grpc-default-executor-1] INFO  impl.RoleInfo (RoleInfo.java:updateAndGet(143)) - 7247ad7d-2ca2-4af8-9337-77c07ea89cb3: start FollowerState
2019-10-19 01:26:35,595 [Thread-1044] INFO  impl.FollowerState (FollowerState.java:run(117)) - 774c78e1-8dd4-453d-975e-442189a07fe2@group-31C3DC938042-FollowerState was interrupted: java.lang.InterruptedException: sleep interrupted
2019-10-19 01:26:35,595 [grpc-default-executor-8] INFO  impl.RoleInfo (RoleInfo.java:updateAndGet(143)) - 774c78e1-8dd4-453d-975e-442189a07fe2: start FollowerState
2019-10-19 01:26:35,606 [8bce6a00-3bba-419d-83ac-b35141b6b559@group-31C3DC938042-LeaderElection98] INFO  impl.LeaderElection (LeaderElection.java:logAndReturn(56)) - 8bce6a00-3bba-419d-83ac-b35141b6b559@group-31C3DC938042-LeaderElection98: Election REJECTED; received 2 response(s) [8bce6a00-3bba-419d-83ac-b35141b6b559<-774c78e1-8dd4-453d-975e-442189a07fe2#0:FAIL-t79, 8bce6a00-3bba-419d-83ac-b35141b6b559<-7247ad7d-2ca2-4af8-9337-77c07ea89cb3#0:FAIL-t79] and 0 exception(s); 8bce6a00-3bba-419d-83ac-b35141b6b559@group-31C3DC938042:t79, leader=null, voted=8bce6a00-3bba-419d-83ac-b35141b6b559, raftlog=8bce6a00-3bba-419d-83ac-b35141b6b559@group-31C3DC938042-SegmentedRaftLog:OPENED:c-1,f-1,i0, conf=-1: [774c78e1-8dd4-453d-975e-442189a07fe2:192.168.157.242:38712, 7247ad7d-2ca2-4af8-9337-77c07ea89cb3:192.168.157.242:42362, 8bce6a00-3bba-419d-83ac-b35141b6b559:192.168.157.242:37801], old=null
2019-10-19 01:26:35,606 [8bce6a00-3bba-419d-83ac-b35141b6b559@group-31C3DC938042-LeaderElection98] INFO  impl.RaftServerImpl (RaftServerImpl.java:setRole(184)) - 8bce6a00-3bba-419d-83ac-b35141b6b559@group-31C3DC938042: changes role from CANDIDATE to FOLLOWER at term 79 for DISCOVERED_A_NEW_TERM
2019-10-19 01:26:35,606 [8bce6a00-3bba-419d-83ac-b35141b6b559@group-31C3DC938042-LeaderElection98] INFO  impl.RoleInfo (RoleInfo.java:shutdownLeaderElection(134)) - 8bce6a00-3bba-419d-83ac-b35141b6b559: shutdown LeaderElection
2019-10-19 01:26:35,606 [8bce6a00-3bba-419d-83ac-b35141b6b559@group-31C3DC938042-LeaderElection98] INFO  impl.RoleInfo (RoleInfo.java:updateAndGet(143)) - 8bce6a00-3bba-419d-83ac-b35141b6b559: start FollowerState
2019-10-19 01:26:35,634 [main] WARN  io.KeyOutputStream (KeyOutputStream.java:handleException(274)) - Encountered exception java.io.IOException: Unexpected Storage Container Exception: java.util.concurrent.CompletionException: java.util.concurrent.CompletionException: org.apache.ratis.protocol.RaftRetryFailureException: Failed RaftClientRequest:client-0C1E3D5746BF->8bce6a00-3bba-419d-83ac-b35141b6b559@group-31C3DC938042, cid=19, seq=1*, RW, cmdType: WriteChunk
traceID: "d3b1c9dab5f68d28:d3b1c9dab5f68d28:0:0"
containerID: 1
datanodeUuid: "774c78e1-8dd4-453d-975e-442189a07fe2"
writeChunk {
  blockID {
    containerID: 1
    localID: 102986441403531264
    blockCommitSequenceId: 0
  }
  chunkData {
    chunkName: "102986441403531264_chunk_1"
    offset: 0
    len: 1048576
    checksumData {
      type: CRC32
      bytesPerChecksum: 1048576
      checksums: "\361\003\002\247"
    }
  }
}
, data.size=1048576 for 10 attempts with RetryLimited(maxAttempts=10, sleepTime=1000ms) on the pipeline Pipeline[ Id: cc6f7469-c698-4b72-b225-31c3dc938042, Nodes: 774c78e1-8dd4-453d-975e-442189a07fe2{ip: 192.168.157.242, host: pr-hdds-2333-n5kd5-3813804867, networkLocation: /default-rack, certSerialId: null}8bce6a00-3bba-419d-83ac-b35141b6b559{ip: 192.168.157.242, host: pr-hdds-2333-n5kd5-3813804867, networkLocation: /default-rack, certSerialId: null}7247ad7d-2ca2-4af8-9337-77c07ea89cb3{ip: 192.168.157.242, host: pr-hdds-2333-n5kd5-3813804867, networkLocation: /default-rack, certSerialId: null}, Type:RATIS, Factor:THREE, State:OPEN]. The last committed block length is 0, uncommitted data length is 2097152 retry count 0
2019-10-19 01:26:35,800 [Thread-1058] INFO  impl.FollowerState (FollowerState.java:run(108)) - 8bce6a00-3bba-419d-83ac-b35141b6b559@group-31C3DC938042-FollowerState: change to CANDIDATE, lastRpcTime:194ms, electionTimeout:194ms
2019-10-19 01:26:35,800 [Thread-1058] INFO  impl.RoleInfo (RoleInfo.java:shutdownFollowerState(121)) - 8bce6a00-3bba-419d-83ac-b35141b6b559: shutdown FollowerState
2019-10-19 01:26:35,801 [Thread-1058] INFO  impl.RaftServerImpl (RaftServerImpl.java:setRole(184)) - 8bce6a00-3bba-419d-83ac-b35141b6b559@group-31C3DC938042: changes role from  FOLLOWER to CANDIDATE at term 79 for changeToCandidate
2019-10-19 01:26:35,805 [Thread-1058] INFO  impl.RoleInfo (RoleInfo.java:updateAndGet(143)) - 8bce6a00-3bba-419d-83ac-b35141b6b559: start LeaderElection
2019-10-19 01:26:35,834 [8bce6a00-3bba-419d-83ac-b35141b6b559@group-31C3DC938042-LeaderElection99] INFO  impl.LeaderElection (LeaderElection.java:askForVotes(178)) - 8bce6a00-3bba-419d-83ac-b35141b6b559@group-31C3DC938042-LeaderElection99: begin an election at term 80 for -1: [774c78e1-8dd4-453d-975e-442189a07fe2:192.168.157.242:38712, 7247ad7d-2ca2-4af8-9337-77c07ea89cb3:192.168.157.242:42362, 8bce6a00-3bba-419d-83ac-b35141b6b559:192.168.157.242:37801], old=null
2019-10-19 01:26:35,844 [grpc-default-executor-4] INFO  impl.RaftServerImpl (RaftServerImpl.java:setRole(184)) - 774c78e1-8dd4-453d-975e-442189a07fe2@group-31C3DC938042: changes role from  FOLLOWER to FOLLOWER at term 80 for recognizeCandidate:8bce6a00-3bba-419d-83ac-b35141b6b559
2019-10-19 01:26:35,844 [grpc-default-executor-4] INFO  impl.RoleInfo (RoleInfo.java:shutdownFollowerState(121)) - 774c78e1-8dd4-453d-975e-442189a07fe2: shutdown FollowerState
2019-10-19 01:26:35,844 [grpc-default-executor-4] INFO  impl.RoleInfo (RoleInfo.java:updateAndGet(143)) - 774c78e1-8dd4-453d-975e-442189a07fe2: start FollowerState
2019-10-19 01:26:35,844 [Thread-1057] INFO  impl.FollowerState (FollowerState.java:run(117)) - 774c78e1-8dd4-453d-975e-442189a07fe2@group-31C3DC938042-FollowerState was interrupted: java.lang.InterruptedException: sleep interrupted
2019-10-19 01:26:35,844 [grpc-default-executor-8] INFO  impl.RaftServerImpl (RaftServerImpl.java:setRole(184)) - 7247ad7d-2ca2-4af8-9337-77c07ea89cb3@group-31C3DC938042: changes role from  FOLLOWER to FOLLOWER at term 80 for recognizeCandidate:8bce6a00-3bba-419d-83ac-b35141b6b559
2019-10-19 01:26:35,844 [grpc-default-executor-8] INFO  impl.RoleInfo (RoleInfo.java:shutdownFollowerState(121)) - 7247ad7d-2ca2-4af8-9337-77c07ea89cb3: shutdown FollowerState
2019-10-19 01:26:35,871 [grpc-default-executor-8] INFO  impl.RoleInfo (RoleInfo.java:updateAndGet(143)) - 7247ad7d-2ca2-4af8-9337-77c07ea89cb3: start FollowerState
2019-10-19 01:26:35,871 [Thread-1056] INFO  impl.FollowerState (FollowerState.java:run(117)) - 7247ad7d-2ca2-4af8-9337-77c07ea89cb3@group-31C3DC938042-FollowerState was interrupted: java.lang.InterruptedException: sleep interrupted
2019-10-19 01:26:35,880 [8bce6a00-3bba-419d-83ac-b35141b6b559@group-31C3DC938042-LeaderElection99] INFO  impl.LeaderElection (LeaderElection.java:logAndReturn(56)) - 8bce6a00-3bba-419d-83ac-b35141b6b559@group-31C3DC938042-LeaderElection99: Election REJECTED; received 2 response(s) [8bce6a00-3bba-419d-83ac-b35141b6b559<-774c78e1-8dd4-453d-975e-442189a07fe2#0:FAIL-t80, 8bce6a00-3bba-419d-83ac-b35141b6b559<-7247ad7d-2ca2-4af8-9337-77c07ea89cb3#0:FAIL-t80] and 0 exception(s); 8bce6a00-3bba-419d-83ac-b35141b6b559@group-31C3DC938042:t80, leader=null, voted=8bce6a00-3bba-419d-83ac-b35141b6b559, raftlog=8bce6a00-3bba-419d-83ac-b35141b6b559@group-31C3DC938042-SegmentedRaftLog:OPENED:c-1,f-1,i0, conf=-1: [774c78e1-8dd4-453d-975e-442189a07fe2:192.168.157.242:38712, 7247ad7d-2ca2-4af8-9337-77c07ea89cb3:192.168.157.242:42362, 8bce6a00-3bba-419d-83ac-b35141b6b559:192.168.157.242:37801], old=null
2019-10-19 01:26:35,901 [8bce6a00-3bba-419d-83ac-b35141b6b559@group-31C3DC938042-LeaderElection99] INFO  impl.RaftServerImpl (RaftServerImpl.java:setRole(184)) - 8bce6a00-3bba-419d-83ac-b35141b6b559@group-31C3DC938042: changes role from CANDIDATE to FOLLOWER at term 80 for DISCOVERED_A_NEW_TERM
2019-10-19 01:26:35,901 [8bce6a00-3bba-419d-83ac-b35141b6b559@group-31C3DC938042-LeaderElection99] INFO  impl.RoleInfo (RoleInfo.java:shutdownLeaderElection(134)) - 8bce6a00-3bba-419d-83ac-b35141b6b559: shutdown LeaderElection
2019-10-19 01:26:35,901 [8bce6a00-3bba-419d-83ac-b35141b6b559@group-31C3DC938042-LeaderElection99] INFO  impl.RoleInfo (RoleInfo.java:updateAndGet(143)) - 8bce6a00-3bba-419d-83ac-b35141b6b559: start FollowerState
2019-10-19 01:26:35,977 [Thread-1068] INFO  impl.FollowerState (FollowerState.java:run(108)) - 8bce6a00-3bba-419d-83ac-b35141b6b559@group-31C3DC938042-FollowerState: change to CANDIDATE, lastRpcTime:75ms, electionTimeout:75ms
2019-10-19 01:26:35,977 [Thread-1068] INFO  impl.RoleInfo (RoleInfo.java:shutdownFollowerState(121)) - 8bce6a00-3bba-419d-83ac-b35141b6b559: shutdown FollowerState
2019-10-19 01:26:35,977 [Thread-1068] INFO  impl.RaftServerImpl (RaftServerImpl.java:setRole(184)) - 8bce6a00-3bba-419d-83ac-b35141b6b559@group-31C3DC938042: changes role from  FOLLOWER to CANDIDATE at term 80 for changeToCandidate
2019-10-19 01:26:35,984 [Thread-1068] INFO  impl.RoleInfo (RoleInfo.java:updateAndGet(143)) - 8bce6a00-3bba-419d-83ac-b35141b6b559: start LeaderElection
2019-10-19 01:26:36,010 [8bce6a00-3bba-419d-83ac-b35141b6b559@group-31C3DC938042-LeaderElection100] INFO  impl.LeaderElection (LeaderElection.java:askForVotes(178)) - 8bce6a00-3bba-419d-83ac-b35141b6b559@group-31C3DC938042-LeaderElection100: begin an election at term 81 for -1: [774c78e1-8dd4-453d-975e-442189a07fe2:192.168.157.242:38712, 7247ad7d-2ca2-4af8-9337-77c07ea89cb3:192.168.157.242:42362, 8bce6a00-3bba-419d-83ac-b35141b6b559:192.168.157.242:37801], old=null
2019-10-19 01:26:36,022 [grpc-default-executor-1] INFO  impl.RaftServerImpl (RaftServerImpl.java:setRole(184)) - 774c78e1-8dd4-453d-975e-442189a07fe2@group-31C3DC938042: changes role from  FOLLOWER to FOLLOWER at term 81 for recognizeCandidate:8bce6a00-3bba-419d-83ac-b35141b6b559
2019-10-19 01:26:36,022 [grpc-default-executor-1] INFO  impl.RoleInfo (RoleInfo.java:shutdownFollowerState(121)) - 774c78e1-8dd4-453d-975e-442189a07fe2: shutdown FollowerState
2019-10-19 01:26:36,039 [grpc-default-executor-1] INFO  impl.RoleInfo (RoleInfo.java:updateAndGet(143)) - 774c78e1-8dd4-453d-975e-442189a07fe2: start FollowerState
2019-10-19 01:26:36,039 [Thread-1063] INFO  impl.FollowerState (FollowerState.java:run(117)) - 774c78e1-8dd4-453d-975e-442189a07fe2@group-31C3DC938042-FollowerState was interrupted: java.lang.InterruptedException: sleep interrupted
2019-10-19 01:26:36,040 [grpc-default-executor-4] INFO  impl.RaftServerImpl (RaftServerImpl.java:setRole(184)) - 7247ad7d-2ca2-4af8-9337-77c07ea89cb3@group-31C3DC938042: changes role from  FOLLOWER to FOLLOWER at term 81 for recognizeCandidate:8bce6a00-3bba-419d-83ac-b35141b6b559
2019-10-19 01:26:36,040 [grpc-default-executor-4] INFO  impl.RoleInfo (RoleInfo.java:shutdownFollowerState(121)) - 7247ad7d-2ca2-4af8-9337-77c07ea89cb3: shutdown FollowerState
2019-10-19 01:26:36,040 [grpc-default-executor-4] INFO  impl.RoleInfo (RoleInfo.java:updateAndGet(143)) - 7247ad7d-2ca2-4af8-9337-77c07ea89cb3: start FollowerState
2019-10-19 01:26:36,040 [Thread-1065] INFO  impl.FollowerState (FollowerState.java:run(117)) - 7247ad7d-2ca2-4af8-9337-77c07ea89cb3@group-31C3DC938042-FollowerState was interrupted: java.lang.InterruptedException: sleep interrupted
2019-10-19 01:26:36,061 [8bce6a00-3bba-419d-83ac-b35141b6b559@group-31C3DC938042-LeaderElection100] INFO  impl.LeaderElection (LeaderElection.java:logAndReturn(56)) - 8bce6a00-3bba-419d-83ac-b35141b6b559@group-31C3DC938042-LeaderElection100: Election REJECTED; received 2 response(s) [8bce6a00-3bba-419d-83ac-b35141b6b559<-774c78e1-8dd4-453d-975e-442189a07fe2#0:FAIL-t81, 8bce6a00-3bba-419d-83ac-b35141b6b559<-7247ad7d-2ca2-4af8-9337-77c07ea89cb3#0:FAIL-t81] and 0 exception(s); 8bce6a00-3bba-419d-83ac-b35141b6b559@group-31C3DC938042:t81, leader=null, voted=8bce6a00-3bba-419d-83ac-b35141b6b559, raftlog=8bce6a00-3bba-419d-83ac-b35141b6b559@group-31C3DC938042-SegmentedRaftLog:OPENED:c-1,f-1,i0, conf=-1: [774c78e1-8dd4-453d-975e-442189a07fe2:192.168.157.242:38712, 7247ad7d-2ca2-4af8-9337-77c07ea89cb3:192.168.157.242:42362, 8bce6a00-3bba-419d-83ac-b35141b6b559:192.168.157.242:37801], old=null
2019-10-19 01:26:36,064 [8bce6a00-3bba-419d-83ac-b35141b6b559@group-31C3DC938042-LeaderElection100] INFO  impl.RaftServerImpl (RaftServerImpl.java:setRole(184)) - 8bce6a00-3bba-419d-83ac-b35141b6b559@group-31C3DC938042: changes role from CANDIDATE to FOLLOWER at term 81 for DISCOVERED_A_NEW_TERM
2019-10-19 01:26:36,066 [8bce6a00-3bba-419d-83ac-b35141b6b559@group-31C3DC938042-LeaderElection100] INFO  impl.RoleInfo (RoleInfo.java:shutdownLeaderElection(134)) - 8bce6a00-3bba-419d-83ac-b35141b6b559: shutdown LeaderElection
2019-10-19 01:26:36,066 [8bce6a00-3bba-419d-83ac-b35141b6b559@group-31C3DC938042-LeaderElection100] INFO  impl.RoleInfo (RoleInfo.java:updateAndGet(143)) - 8bce6a00-3bba-419d-83ac-b35141b6b559: start FollowerState
2019-10-19 01:26:36,073 [Thread-1084] INFO  impl.FollowerState (FollowerState.java:run(108)) - 8bce6a00-3bba-419d-83ac-b35141b6b559@group-31C3DC938042-FollowerState: change to CANDIDATE, lastRpcTime:7ms, electionTimeout:7ms
2019-10-19 01:26:36,073 [Thread-1084] INFO  impl.RoleInfo (RoleInfo.java:shutdownFollowerState(121)) - 8bce6a00-3bba-419d-83ac-b35141b6b559: shutdown FollowerState
2019-10-19 01:26:36,073 [Thread-1084] INFO  impl.RaftServerImpl (RaftServerImpl.java:setRole(184)) - 8bce6a00-3bba-419d-83ac-b35141b6b559@group-31C3DC938042: changes role from  FOLLOWER to CANDIDATE at term 81 for changeToCandidate
2019-10-19 01:26:36,094 [Thread-1084] INFO  impl.RoleInfo (RoleInfo.java:updateAndGet(143)) - 8bce6a00-3bba-419d-83ac-b35141b6b559: start LeaderElection
2019-10-19 01:26:36,123 [8bce6a00-3bba-419d-83ac-b35141b6b559@group-31C3DC938042-LeaderElection101] INFO  impl.LeaderElection (LeaderElection.java:askForVotes(178)) - 8bce6a00-3bba-419d-83ac-b35141b6b559@group-31C3DC938042-LeaderElection101: begin an election at term 82 for -1: [774c78e1-8dd4-453d-975e-442189a07fe2:192.168.157.242:38712, 7247ad7d-2ca2-4af8-9337-77c07ea89cb3:192.168.157.242:42362, 8bce6a00-3bba-419d-83ac-b35141b6b559:192.168.157.242:37801], old=null
2019-10-19 01:26:36,125 [grpc-default-executor-6] INFO  impl.RaftServerImpl (RaftServerImpl.java:setRole(184)) - 774c78e1-8dd4-453d-975e-442189a07fe2@group-31C3DC938042: changes role from  FOLLOWER to FOLLOWER at term 82 for recognizeCandidate:8bce6a00-3bba-419d-83ac-b35141b6b559
2019-10-19 01:26:36,125 [grpc-default-executor-6] INFO  impl.RoleInfo (RoleInfo.java:shutdownFollowerState(121)) - 774c78e1-8dd4-453d-975e-442189a07fe2: shutdown FollowerState
2019-10-19 01:26:36,126 [grpc-default-executor-6] INFO  impl.RoleInfo (RoleInfo.java:updateAndGet(143)) - 774c78e1-8dd4-453d-975e-442189a07fe2: start FollowerState
2019-10-19 01:26:36,126 [grpc-default-executor-4] INFO  impl.RaftServerImpl (RaftServerImpl.java:setRole(184)) - 7247ad7d-2ca2-4af8-9337-77c07ea89cb3@group-31C3DC938042: changes role from  FOLLOWER to FOLLOWER at term 82 for recognizeCandidate:8bce6a00-3bba-419d-83ac-b35141b6b559
2019-10-19 01:26:36,126 [Thread-1079] INFO  impl.FollowerState (FollowerState.java:run(117)) - 774c78e1-8dd4-453d-975e-442189a07fe2@group-31C3DC938042-FollowerState was interrupted: java.lang.InterruptedException: sleep interrupted
2019-10-19 01:26:36,126 [grpc-default-executor-4] INFO  impl.RoleInfo (RoleInfo.java:shutdownFollowerState(121)) - 7247ad7d-2ca2-4af8-9337-77c07ea89cb3: shutdown FollowerState
2019-10-19 01:26:36,126 [grpc-default-executor-4] INFO  impl.RoleInfo (RoleInfo.java:updateAndGet(143)) - 7247ad7d-2ca2-4af8-9337-77c07ea89cb3: start FollowerState
2019-10-19 01:26:36,126 [Thread-1080] INFO  impl.FollowerState (FollowerState.java:run(117)) - 7247ad7d-2ca2-4af8-9337-77c07ea89cb3@group-31C3DC938042-FollowerState was interrupted: java.lang.InterruptedException: sleep interrupted
2019-10-19 01:26:36,166 [8bce6a00-3bba-419d-83ac-b35141b6b559@group-31C3DC938042-LeaderElection101] INFO  impl.LeaderElection (LeaderElection.java:logAndReturn(56)) - 8bce6a00-3bba-419d-83ac-b35141b6b559@group-31C3DC938042-LeaderElection101: Election REJECTED; received 2 response(s) [8bce6a00-3bba-419d-83ac-b35141b6b559<-774c78e1-8dd4-453d-975e-442189a07fe2#0:FAIL-t82, 8bce6a00-3bba-419d-83ac-b35141b6b559<-7247ad7d-2ca2-4af8-9337-77c07ea89cb3#0:FAIL-t82] and 0 exception(s); 8bce6a00-3bba-419d-83ac-b35141b6b559@group-31C3DC938042:t82, leader=null, voted=8bce6a00-3bba-419d-83ac-b35141b6b559, raftlog=8bce6a00-3bba-419d-83ac-b35141b6b559@group-31C3DC938042-SegmentedRaftLog:OPENED:c-1,f-1,i0, conf=-1: [774c78e1-8dd4-453d-975e-442189a07fe2:192.168.157.242:38712, 7247ad7d-2ca2-4af8-9337-77c07ea89cb3:192.168.157.242:42362, 8bce6a00-3bba-419d-83ac-b35141b6b559:192.168.157.242:37801], old=null
2019-10-19 01:26:36,167 [8bce6a00-3bba-419d-83ac-b35141b6b559@group-31C3DC938042-LeaderElection101] INFO  impl.RaftServerImpl (RaftServerImpl.java:setRole(184)) - 8bce6a00-3bba-419d-83ac-b35141b6b559@group-31C3DC938042: changes role from CANDIDATE to FOLLOWER at term 82 for DISCOVERED_A_NEW_TERM
2019-10-19 01:26:36,167 [8bce6a00-3bba-419d-83ac-b35141b6b559@group-31C3DC938042-LeaderElection101] INFO  impl.RoleInfo (RoleInfo.java:shutdownLeaderElection(134)) - 8bce6a00-3bba-419d-83ac-b35141b6b559: shutdown LeaderElection
2019-10-19 01:26:36,167 [8bce6a00-3bba-419d-83ac-b35141b6b559@group-31C3DC938042-LeaderElection101] INFO  impl.RoleInfo (RoleInfo.java:updateAndGet(143)) - 8bce6a00-3bba-419d-83ac-b35141b6b559: start FollowerState
2019-10-19 01:26:36,346 [Thread-1100] INFO  impl.FollowerState (FollowerState.java:run(108)) - 8bce6a00-3bba-419d-83ac-b35141b6b559@group-31C3DC938042-FollowerState: change to CANDIDATE, lastRpcTime:179ms, electionTimeout:179ms
2019-10-19 01:26:36,346 [Thread-1100] INFO  impl.RoleInfo (RoleInfo.java:shutdownFollowerState(121)) - 8bce6a00-3bba-419d-83ac-b35141b6b559: shutdown FollowerState
2019-10-19 01:26:36,346 [Thread-1100] INFO  impl.RaftServerImpl (RaftServerImpl.java:setRole(184)) - 8bce6a00-3bba-419d-83ac-b35141b6b559@group-31C3DC938042: changes role from  FOLLOWER to CANDIDATE at term 82 for changeToCandidate
2019-10-19 01:26:36,347 [Thread-1100] INFO  impl.RoleInfo (RoleInfo.java:updateAndGet(143)) - 8bce6a00-3bba-419d-83ac-b35141b6b559: start LeaderElection
2019-10-19 01:26:36,355 [8bce6a00-3bba-419d-83ac-b35141b6b559@group-31C3DC938042-LeaderElection102] INFO  impl.LeaderElection (LeaderElection.java:askForVotes(178)) - 8bce6a00-3bba-419d-83ac-b35141b6b559@group-31C3DC938042-LeaderElection102: begin an election at term 83 for -1: [774c78e1-8dd4-453d-975e-442189a07fe2:192.168.157.242:38712, 7247ad7d-2ca2-4af8-9337-77c07ea89cb3:192.168.157.242:42362, 8bce6a00-3bba-419d-83ac-b35141b6b559:192.168.157.242:37801], old=null
2019-10-19 01:26:36,364 [grpc-default-executor-4] INFO  impl.RaftServerImpl (RaftServerImpl.java:setRole(184)) - 774c78e1-8dd4-453d-975e-442189a07fe2@group-31C3DC938042: changes role from  FOLLOWER to FOLLOWER at term 83 for recognizeCandidate:8bce6a00-3bba-419d-83ac-b35141b6b559
2019-10-19 01:26:36,364 [grpc-default-executor-4] INFO  impl.RoleInfo (RoleInfo.java:shutdownFollowerState(121)) - 774c78e1-8dd4-453d-975e-442189a07fe2: shutdown FollowerState
2019-10-19 01:26:36,364 [grpc-default-executor-4] INFO  impl.RoleInfo (RoleInfo.java:updateAndGet(143)) - 774c78e1-8dd4-453d-975e-442189a07fe2: start FollowerState
2019-10-19 01:26:36,364 [Thread-1096] INFO  impl.FollowerState (FollowerState.java:run(117)) - 774c78e1-8dd4-453d-975e-442189a07fe2@group-31C3DC938042-FollowerState was interrupted: java.lang.InterruptedException: sleep interrupted
2019-10-19 01:26:36,364 [grpc-default-executor-0] INFO  impl.RaftServerImpl (RaftServerImpl.java:setRole(184)) - 7247ad7d-2ca2-4af8-9337-77c07ea89cb3@group-31C3DC938042: changes role from  FOLLOWER to FOLLOWER at term 83 for recognizeCandidate:8bce6a00-3bba-419d-83ac-b35141b6b559
2019-10-19 01:26:36,364 [grpc-default-executor-0] INFO  impl.RoleInfo (RoleInfo.java:shutdownFollowerState(121)) - 7247ad7d-2ca2-4af8-9337-77c07ea89cb3: shutdown FollowerState
2019-10-19 01:26:36,365 [grpc-default-executor-0] INFO  impl.RoleInfo (RoleInfo.java:updateAndGet(143)) - 7247ad7d-2ca2-4af8-9337-77c07ea89cb3: start FollowerState
2019-10-19 01:26:36,365 [Thread-1097] INFO  impl.FollowerState (FollowerState.java:run(117)) - 7247ad7d-2ca2-4af8-9337-77c07ea89cb3@group-31C3DC938042-FollowerState was interrupted: java.lang.InterruptedException: sleep interrupted
2019-10-19 01:26:36,396 [8bce6a00-3bba-419d-83ac-b35141b6b559@group-31C3DC938042-LeaderElection102] INFO  impl.LeaderElection (LeaderElection.java:logAndReturn(56)) - 8bce6a00-3bba-419d-83ac-b35141b6b559@group-31C3DC938042-LeaderElection102: Election REJECTED; received 2 response(s) [8bce6a00-3bba-419d-83ac-b35141b6b559<-774c78e1-8dd4-453d-975e-442189a07fe2#0:FAIL-t83, 8bce6a00-3bba-419d-83ac-b35141b6b559<-7247ad7d-2ca2-4af8-9337-77c07ea89cb3#0:FAIL-t83] and 0 exception(s); 8bce6a00-3bba-419d-83ac-b35141b6b559@group-31C3DC938042:t83, leader=null, voted=8bce6a00-3bba-419d-83ac-b35141b6b559, raftlog=8bce6a00-3bba-419d-83ac-b35141b6b559@group-31C3DC938042-SegmentedRaftLog:OPENED:c-1,f-1,i0, conf=-1: [774c78e1-8dd4-453d-975e-442189a07fe2:192.168.157.242:38712, 7247ad7d-2ca2-4af8-9337-77c07ea89cb3:192.168.157.242:42362, 8bce6a00-3bba-419d-83ac-b35141b6b559:192.168.157.242:37801], old=null
2019-10-19 01:26:36,396 [8bce6a00-3bba-419d-83ac-b35141b6b559@group-31C3DC938042-LeaderElection102] INFO  impl.RaftServerImpl (RaftServerImpl.java:setRole(184)) - 8bce6a00-3bba-419d-83ac-b35141b6b559@group-31C3DC938042: changes role from CANDIDATE to FOLLOWER at term 83 for DISCOVERED_A_NEW_TERM
2019-10-19 01:26:36,396 [8bce6a00-3bba-419d-83ac-b35141b6b559@group-31C3DC938042-LeaderElection102] INFO  impl.RoleInfo (RoleInfo.java:shutdownLeaderElection(134)) - 8bce6a00-3bba-419d-83ac-b35141b6b559: shutdown LeaderElection
2019-10-19 01:26:36,396 [8bce6a00-3bba-419d-83ac-b35141b6b559@group-31C3DC938042-LeaderElection102] INFO  impl.RoleInfo (RoleInfo.java:updateAndGet(143)) - 8bce6a00-3bba-419d-83ac-b35141b6b559: start FollowerState
2019-10-19 01:26:36,400 [main] INFO  ozone.MiniOzoneClusterImpl (MiniOzoneClusterImpl.java:shutdown(314)) - Shutting down the Mini Ozone Cluster
2019-10-19 01:26:36,400 [main] INFO  ozone.MiniOzoneClusterImpl (MiniOzoneClusterImpl.java:stop(330)) - Stopping the Mini Ozone Cluster
2019-10-19 01:26:36,400 [main] INFO  ozone.MiniOzoneClusterImpl (MiniOzoneClusterImpl.java:stopOM(400)) - Stopping the OzoneManager
2019-10-19 01:26:36,401 [main] INFO  ipc.Server (Server.java:stop(3082)) - Stopping server on 45773
2019-10-19 01:26:36,408 [IPC Server listener on 45773] INFO  ipc.Server (Server.java:run(1185)) - Stopping IPC Server listener on 45773
2019-10-19 01:26:36,413 [main] INFO  ratis.OzoneManagerDoubleBuffer (OzoneManagerDoubleBuffer.java:stop(255)) - Stopping OMDoubleBuffer flush thread
2019-10-19 01:26:36,416 [IPC Server Responder] INFO  ipc.Server (Server.java:run(1319)) - Stopping IPC Server Responder
2019-10-19 01:26:36,426 [OMDoubleBufferFlushThread] INFO  ratis.OzoneManagerDoubleBuffer (OzoneManagerDoubleBuffer.java:flushTransactions(198)) - OMDoubleBuffer flush thread OMDoubleBufferFlushThread is interrupted and will exit. OMDoubleBufferFlushThread
2019-10-19 01:26:36,437 [main] INFO  utils.BackgroundService (BackgroundService.java:shutdown(151)) - Shutting down service KeyDeletingService
2019-10-19 01:26:36,453 [main] INFO  handler.ContextHandler (ContextHandler.java:doStop(910)) - Stopped o.e.j.w.WebAppContext@12db3386{/,null,UNAVAILABLE}{/ozoneManager}
2019-10-19 01:26:36,459 [main] INFO  server.AbstractConnector (AbstractConnector.java:doStop(318)) - Stopped ServerConnector@4078695f{HTTP/1.1,[http/1.1]}{0.0.0.0:0}
2019-10-19 01:26:36,460 [main] INFO  handler.ContextHandler (ContextHandler.java:doStop(910)) - Stopped o.e.j.s.ServletContextHandler@30b2b76f{/static,file:///workdir/hadoop-ozone/integration-test/target/test-classes/webapps/static,UNAVAILABLE}
2019-10-19 01:26:36,461 [main] INFO  handler.ContextHandler (ContextHandler.java:doStop(910)) - Stopped o.e.j.s.ServletContextHandler@6b63d445{/logs,file:///workdir/hadoop-ozone/integration-test/target/log,UNAVAILABLE}
2019-10-19 01:26:36,466 [main] INFO  ozone.MiniOzoneClusterImpl (MiniOzoneClusterImpl.java:stopDatanodes(377)) - Stopping the HddsDatanodes
2019-10-19 01:26:36,518 [Thread-1133] INFO  impl.FollowerState (FollowerState.java:run(108)) - 8bce6a00-3bba-419d-83ac-b35141b6b559@group-31C3DC938042-FollowerState: change to CANDIDATE, lastRpcTime:121ms, electionTimeout:121ms
2019-10-19 01:26:36,519 [Thread-1133] INFO  impl.RoleInfo (RoleInfo.java:shutdownFollowerState(121)) - 8bce6a00-3bba-419d-83ac-b35141b6b559: shutdown FollowerState
2019-10-19 01:26:36,519 [Thread-1133] INFO  impl.RaftServerImpl (RaftServerImpl.java:setRole(184)) - 8bce6a00-3bba-419d-83ac-b35141b6b559@group-31C3DC938042: changes role from  FOLLOWER to CANDIDATE at term 83 for changeToCandidate
2019-10-19 01:26:36,519 [Thread-1133] INFO  impl.RoleInfo (RoleInfo.java:updateAndGet(143)) - 8bce6a00-3bba-419d-83ac-b35141b6b559: start LeaderElection
2019-10-19 01:26:36,531 [8bce6a00-3bba-419d-83ac-b35141b6b559@group-31C3DC938042-LeaderElection103] INFO  impl.LeaderElection (LeaderElection.java:askForVotes(178)) - 8bce6a00-3bba-419d-83ac-b35141b6b559@group-31C3DC938042-LeaderElection103: begin an election at term 84 for -1: [774c78e1-8dd4-453d-975e-442189a07fe2:192.168.157.242:38712, 7247ad7d-2ca2-4af8-9337-77c07ea89cb3:192.168.157.242:42362, 8bce6a00-3bba-419d-83ac-b35141b6b559:192.168.157.242:37801], old=null
2019-10-19 01:26:36,534 [grpc-default-executor-0] INFO  impl.RaftServerImpl (RaftServerImpl.java:setRole(184)) - 7247ad7d-2ca2-4af8-9337-77c07ea89cb3@group-31C3DC938042: changes role from  FOLLOWER to FOLLOWER at term 84 for recognizeCandidate:8bce6a00-3bba-419d-83ac-b35141b6b559
2019-10-19 01:26:36,534 [grpc-default-executor-4] INFO  impl.RaftServerImpl (RaftServerImpl.java:setRole(184)) - 774c78e1-8dd4-453d-975e-442189a07fe2@group-31C3DC938042: changes role from  FOLLOWER to FOLLOWER at term 84 for recognizeCandidate:8bce6a00-3bba-419d-83ac-b35141b6b559
2019-10-19 01:26:36,534 [grpc-default-executor-0] INFO  impl.RoleInfo (RoleInfo.java:shutdownFollowerState(121)) - 7247ad7d-2ca2-4af8-9337-77c07ea89cb3: shutdown FollowerState
2019-10-19 01:26:36,534 [grpc-default-executor-4] INFO  impl.RoleInfo (RoleInfo.java:shutdownFollowerState(121)) - 774c78e1-8dd4-453d-975e-442189a07fe2: shutdown FollowerState
2019-10-19 01:26:36,534 [grpc-default-executor-0] INFO  impl.RoleInfo (RoleInfo.java:updateAndGet(143)) - 7247ad7d-2ca2-4af8-9337-77c07ea89cb3: start FollowerState
2019-10-19 01:26:36,534 [Thread-1128] INFO  impl.FollowerState (FollowerState.java:run(117)) - 7247ad7d-2ca2-4af8-9337-77c07ea89cb3@group-31C3DC938042-FollowerState was interrupted: java.lang.InterruptedException: sleep interrupted
2019-10-19 01:26:36,535 [Thread-1127] INFO  impl.FollowerState (FollowerState.java:run(117)) - 774c78e1-8dd4-453d-975e-442189a07fe2@group-31C3DC938042-FollowerState was interrupted: java.lang.InterruptedException: sleep interrupted
2019-10-19 01:26:36,534 [grpc-default-executor-4] INFO  impl.RoleInfo (RoleInfo.java:updateAndGet(143)) - 774c78e1-8dd4-453d-975e-442189a07fe2: start FollowerState
2019-10-19 01:26:36,570 [8bce6a00-3bba-419d-83ac-b35141b6b559@group-31C3DC938042-LeaderElection103] INFO  impl.LeaderElection (LeaderElection.java:logAndReturn(56)) - 8bce6a00-3bba-419d-83ac-b35141b6b559@group-31C3DC938042-LeaderElection103: Election REJECTED; received 2 response(s) [8bce6a00-3bba-419d-83ac-b35141b6b559<-774c78e1-8dd4-453d-975e-442189a07fe2#0:FAIL-t84, 8bce6a00-3bba-419d-83ac-b35141b6b559<-7247ad7d-2ca2-4af8-9337-77c07ea89cb3#0:FAIL-t84] and 0 exception(s); 8bce6a00-3bba-419d-83ac-b35141b6b559@group-31C3DC938042:t84, leader=null, voted=8bce6a00-3bba-419d-83ac-b35141b6b559, raftlog=8bce6a00-3bba-419d-83ac-b35141b6b559@group-31C3DC938042-SegmentedRaftLog:OPENED:c-1,f-1,i0, conf=-1: [774c78e1-8dd4-453d-975e-442189a07fe2:192.168.157.242:38712, 7247ad7d-2ca2-4af8-9337-77c07ea89cb3:192.168.157.242:42362, 8bce6a00-3bba-419d-83ac-b35141b6b559:192.168.157.242:37801], old=null
2019-10-19 01:26:36,570 [8bce6a00-3bba-419d-83ac-b35141b6b559@group-31C3DC938042-LeaderElection103] INFO  impl.RaftServerImpl (RaftServerImpl.java:setRole(184)) - 8bce6a00-3bba-419d-83ac-b35141b6b559@group-31C3DC938042: changes role from CANDIDATE to FOLLOWER at term 84 for DISCOVERED_A_NEW_TERM
2019-10-19 01:26:36,570 [8bce6a00-3bba-419d-83ac-b35141b6b559@group-31C3DC938042-LeaderElection103] INFO  impl.RoleInfo (RoleInfo.java:shutdownLeaderElection(134)) - 8bce6a00-3bba-419d-83ac-b35141b6b559: shutdown LeaderElection
2019-10-19 01:26:36,571 [8bce6a00-3bba-419d-83ac-b35141b6b559@group-31C3DC938042-LeaderElection103] INFO  impl.RoleInfo (RoleInfo.java:updateAndGet(143)) - 8bce6a00-3bba-419d-83ac-b35141b6b559: start FollowerState
2019-10-19 01:26:36,640 [Thread-1143] INFO  impl.FollowerState (FollowerState.java:run(108)) - 8bce6a00-3bba-419d-83ac-b35141b6b559@group-31C3DC938042-FollowerState: change to CANDIDATE, lastRpcTime:69ms, electionTimeout:69ms
2019-10-19 01:26:36,640 [Thread-1143] INFO  impl.RoleInfo (RoleInfo.java:shutdownFollowerState(121)) - 8bce6a00-3bba-419d-83ac-b35141b6b559: shutdown FollowerState
2019-10-19 01:26:36,640 [Thread-1143] INFO  impl.RaftServerImpl (RaftServerImpl.java:setRole(184)) - 8bce6a00-3bba-419d-83ac-b35141b6b559@group-31C3DC938042: changes role from  FOLLOWER to CANDIDATE at term 84 for changeToCandidate
2019-10-19 01:26:36,640 [Thread-1143] INFO  impl.RoleInfo (RoleInfo.java:updateAndGet(143)) - 8bce6a00-3bba-419d-83ac-b35141b6b559: start LeaderElection
2019-10-19 01:26:36,655 [8bce6a00-3bba-419d-83ac-b35141b6b559@group-31C3DC938042-LeaderElection104] INFO  impl.LeaderElection (LeaderElection.java:askForVotes(178)) - 8bce6a00-3bba-419d-83ac-b35141b6b559@group-31C3DC938042-LeaderElection104: begin an election at term 85 for -1: [774c78e1-8dd4-453d-975e-442189a07fe2:192.168.157.242:38712, 7247ad7d-2ca2-4af8-9337-77c07ea89cb3:192.168.157.242:42362, 8bce6a00-3bba-419d-83ac-b35141b6b559:192.168.157.242:37801], old=null
2019-10-19 01:26:36,658 [grpc-default-executor-4] INFO  impl.RaftServerImpl (RaftServerImpl.java:setRole(184)) - 774c78e1-8dd4-453d-975e-442189a07fe2@group-31C3DC938042: changes role from  FOLLOWER to FOLLOWER at term 85 for recognizeCandidate:8bce6a00-3bba-419d-83ac-b35141b6b559
2019-10-19 01:26:36,658 [grpc-default-executor-0] INFO  impl.RaftServerImpl (RaftServerImpl.java:setRole(184)) - 7247ad7d-2ca2-4af8-9337-77c07ea89cb3@group-31C3DC938042: changes role from  FOLLOWER to FOLLOWER at term 85 for recognizeCandidate:8bce6a00-3bba-419d-83ac-b35141b6b559
2019-10-19 01:26:36,658 [grpc-default-executor-4] INFO  impl.RoleInfo (RoleInfo.java:shutdownFollowerState(121)) - 774c78e1-8dd4-453d-975e-442189a07fe2: shutdown FollowerState
2019-10-19 01:26:36,658 [grpc-default-executor-0] INFO  impl.RoleInfo (RoleInfo.java:shutdownFollowerState(121)) - 7247ad7d-2ca2-4af8-9337-77c07ea89cb3: shutdown FollowerState
2019-10-19 01:26:36,658 [Thread-1142] INFO  impl.FollowerState (FollowerState.java:run(117)) - 774c78e1-8dd4-453d-975e-442189a07fe2@group-31C3DC938042-FollowerState was interrupted: java.lang.InterruptedException: sleep interrupted
2019-10-19 01:26:36,658 [Thread-1141] INFO  impl.FollowerState (FollowerState.java:run(117)) - 7247ad7d-2ca2-4af8-9337-77c07ea89cb3@group-31C3DC938042-FollowerState was interrupted: java.lang.InterruptedException: sleep interrupted
2019-10-19 01:26:36,658 [grpc-default-executor-4] INFO  impl.RoleInfo (RoleInfo.java:updateAndGet(143)) - 774c78e1-8dd4-453d-975e-442189a07fe2: start FollowerState
2019-10-19 01:26:36,658 [grpc-default-executor-0] INFO  impl.RoleInfo (RoleInfo.java:updateAndGet(143)) - 7247ad7d-2ca2-4af8-9337-77c07ea89cb3: start FollowerState
2019-10-19 01:26:36,670 [8bce6a00-3bba-419d-83ac-b35141b6b559@group-31C3DC938042-LeaderElection104] INFO  impl.LeaderElection (LeaderElection.java:logAndReturn(56)) - 8bce6a00-3bba-419d-83ac-b35141b6b559@group-31C3DC938042-LeaderElection104: Election REJECTED; received 2 response(s) [8bce6a00-3bba-419d-83ac-b35141b6b559<-774c78e1-8dd4-453d-975e-442189a07fe2#0:FAIL-t85, 8bce6a00-3bba-419d-83ac-b35141b6b559<-7247ad7d-2ca2-4af8-9337-77c07ea89cb3#0:FAIL-t85] and 0 exception(s); 8bce6a00-3bba-419d-83ac-b35141b6b559@group-31C3DC938042:t85, leader=null, voted=8bce6a00-3bba-419d-83ac-b35141b6b559, raftlog=8bce6a00-3bba-419d-83ac-b35141b6b559@group-31C3DC938042-SegmentedRaftLog:OPENED:c-1,f-1,i0, conf=-1: [774c78e1-8dd4-453d-975e-442189a07fe2:192.168.157.242:38712, 7247ad7d-2ca2-4af8-9337-77c07ea89cb3:192.168.157.242:42362, 8bce6a00-3bba-419d-83ac-b35141b6b559:192.168.157.242:37801], old=null
2019-10-19 01:26:36,671 [8bce6a00-3bba-419d-83ac-b35141b6b559@group-31C3DC938042-LeaderElection104] INFO  impl.RaftServerImpl (RaftServerImpl.java:setRole(184)) - 8bce6a00-3bba-419d-83ac-b35141b6b559@group-31C3DC938042: changes role from CANDIDATE to FOLLOWER at term 85 for DISCOVERED_A_NEW_TERM
2019-10-19 01:26:36,671 [8bce6a00-3bba-419d-83ac-b35141b6b559@group-31C3DC938042-LeaderElection104] INFO  impl.RoleInfo (RoleInfo.java:shutdownLeaderElection(134)) - 8bce6a00-3bba-419d-83ac-b35141b6b559: shutdown LeaderElection
2019-10-19 01:26:36,671 [8bce6a00-3bba-419d-83ac-b35141b6b559@group-31C3DC938042-LeaderElection104] INFO  impl.RoleInfo (RoleInfo.java:updateAndGet(143)) - 8bce6a00-3bba-419d-83ac-b35141b6b559: start FollowerState
2019-10-19 01:26:36,690 [Datanode State Machine Thread - 0] INFO  statemachine.DatanodeStateMachine (DatanodeStateMachine.java:lambda$startDaemon$0(350)) - Ozone container server started.
2019-10-19 01:26:36,824 [Thread-1153] INFO  impl.FollowerState (FollowerState.java:run(108)) - 8bce6a00-3bba-419d-83ac-b35141b6b559@group-31C3DC938042-FollowerState: change to CANDIDATE, lastRpcTime:153ms, electionTimeout:150ms
2019-10-19 01:26:36,825 [Thread-1153] INFO  impl.RoleInfo (RoleInfo.java:shutdownFollowerState(121)) - 8bce6a00-3bba-419d-83ac-b35141b6b559: shutdown FollowerState
2019-10-19 01:26:36,825 [Thread-1153] INFO  impl.RaftServerImpl (RaftServerImpl.java:setRole(184)) - 8bce6a00-3bba-419d-83ac-b35141b6b559@group-31C3DC938042: changes role from  FOLLOWER to CANDIDATE at term 85 for changeToCandidate
2019-10-19 01:26:36,825 [Thread-1153] INFO  impl.RoleInfo (RoleInfo.java:updateAndGet(143)) - 8bce6a00-3bba-419d-83ac-b35141b6b559: start LeaderElection
2019-10-19 01:26:36,838 [Datanode State Machine Thread - 0] INFO  statemachine.DatanodeStateMachine (DatanodeStateMachine.java:lambda$startDaemon$0(350)) - Ozone container server started.
2019-10-19 01:26:36,842 [8bce6a00-3bba-419d-83ac-b35141b6b559@group-31C3DC938042-LeaderElection105] INFO  impl.LeaderElection (LeaderElection.java:askForVotes(178)) - 8bce6a00-3bba-419d-83ac-b35141b6b559@group-31C3DC938042-LeaderElection105: begin an election at term 86 for -1: [774c78e1-8dd4-453d-975e-442189a07fe2:192.168.157.242:38712, 7247ad7d-2ca2-4af8-9337-77c07ea89cb3:192.168.157.242:42362, 8bce6a00-3bba-419d-83ac-b35141b6b559:192.168.157.242:37801], old=null
2019-10-19 01:26:36,844 [grpc-default-executor-0] INFO  impl.RaftServerImpl (RaftServerImpl.java:setRole(184)) - 774c78e1-8dd4-453d-975e-442189a07fe2@group-31C3DC938042: changes role from  FOLLOWER to FOLLOWER at term 86 for recognizeCandidate:8bce6a00-3bba-419d-83ac-b35141b6b559
2019-10-19 01:26:36,844 [grpc-default-executor-0] INFO  impl.RoleInfo (RoleInfo.java:shutdownFollowerState(121)) - 774c78e1-8dd4-453d-975e-442189a07fe2: shutdown FollowerState
2019-10-19 01:26:36,844 [grpc-default-executor-4] INFO  impl.RaftServerImpl (RaftServerImpl.java:setRole(184)) - 7247ad7d-2ca2-4af8-9337-77c07ea89cb3@group-31C3DC938042: changes role from  FOLLOWER to FOLLOWER at term 86 for recognizeCandidate:8bce6a00-3bba-419d-83ac-b35141b6b559
2019-10-19 01:26:36,844 [grpc-default-executor-0] INFO  impl.RoleInfo (RoleInfo.java:updateAndGet(143)) - 774c78e1-8dd4-453d-975e-442189a07fe2: start FollowerState
2019-10-19 01:26:36,844 [Thread-1147] INFO  impl.FollowerState (FollowerState.java:run(117)) - 774c78e1-8dd4-453d-975e-442189a07fe2@group-31C3DC938042-FollowerState was interrupted: java.lang.InterruptedException: sleep interrupted
2019-10-19 01:26:36,844 [grpc-default-executor-4] INFO  impl.RoleInfo (RoleInfo.java:shutdownFollowerState(121)) - 7247ad7d-2ca2-4af8-9337-77c07ea89cb3: shutdown FollowerState
2019-10-19 01:26:36,844 [Thread-1148] INFO  impl.FollowerState (FollowerState.java:run(117)) - 7247ad7d-2ca2-4af8-9337-77c07ea89cb3@group-31C3DC938042-FollowerState was interrupted: java.lang.InterruptedException: sleep interrupted
2019-10-19 01:26:36,844 [grpc-default-executor-4] INFO  impl.RoleInfo (RoleInfo.java:updateAndGet(143)) - 7247ad7d-2ca2-4af8-9337-77c07ea89cb3: start FollowerState
2019-10-19 01:26:36,891 [8bce6a00-3bba-419d-83ac-b35141b6b559@group-31C3DC938042-LeaderElection105] INFO  impl.LeaderElection (LeaderElection.java:logAndReturn(56)) - 8bce6a00-3bba-419d-83ac-b35141b6b559@group-31C3DC938042-LeaderElection105: Election REJECTED; received 2 response(s) [8bce6a00-3bba-419d-83ac-b35141b6b559<-774c78e1-8dd4-453d-975e-442189a07fe2#0:FAIL-t86, 8bce6a00-3bba-419d-83ac-b35141b6b559<-7247ad7d-2ca2-4af8-9337-77c07ea89cb3#0:FAIL-t86] and 0 exception(s); 8bce6a00-3bba-419d-83ac-b35141b6b559@group-31C3DC938042:t86, leader=null, voted=8bce6a00-3bba-419d-83ac-b35141b6b559, raftlog=8bce6a00-3bba-419d-83ac-b35141b6b559@group-31C3DC938042-SegmentedRaftLog:OPENED:c-1,f-1,i0, conf=-1: [774c78e1-8dd4-453d-975e-442189a07fe2:192.168.157.242:38712, 7247ad7d-2ca2-4af8-9337-77c07ea89cb3:192.168.157.242:42362, 8bce6a00-3bba-419d-83ac-b35141b6b559:192.168.157.242:37801], old=null
2019-10-19 01:26:36,891 [8bce6a00-3bba-419d-83ac-b35141b6b559@group-31C3DC938042-LeaderElection105] INFO  impl.RaftServerImpl (RaftServerImpl.java:setRole(184)) - 8bce6a00-3bba-419d-83ac-b35141b6b559@group-31C3DC938042: changes role from CANDIDATE to FOLLOWER at term 86 for DISCOVERED_A_NEW_TERM
2019-10-19 01:26:36,891 [8bce6a00-3bba-419d-83ac-b35141b6b559@group-31C3DC938042-LeaderElection105] INFO  impl.RoleInfo (RoleInfo.java:shutdownLeaderElection(134)) - 8bce6a00-3bba-419d-83ac-b35141b6b559: shutdown LeaderElection
2019-10-19 01:26:36,891 [8bce6a00-3bba-419d-83ac-b35141b6b559@group-31C3DC938042-LeaderElection105] INFO  impl.RoleInfo (RoleInfo.java:updateAndGet(143)) - 8bce6a00-3bba-419d-83ac-b35141b6b559: start FollowerState
2019-10-19 01:26:36,938 [Thread-1170] INFO  impl.FollowerState (FollowerState.java:run(108)) - 8bce6a00-3bba-419d-83ac-b35141b6b559@group-31C3DC938042-FollowerState: change to CANDIDATE, lastRpcTime:46ms, electionTimeout:46ms
2019-10-19 01:26:36,938 [Thread-1170] INFO  impl.RoleInfo (RoleInfo.java:shutdownFollowerState(121)) - 8bce6a00-3bba-419d-83ac-b35141b6b559: shutdown FollowerState
2019-10-19 01:26:36,938 [Thread-1170] INFO  impl.RaftServerImpl (RaftServerImpl.java:setRole(184)) - 8bce6a00-3bba-419d-83ac-b35141b6b559@group-31C3DC938042: changes role from  FOLLOWER to CANDIDATE at term 86 for changeToCandidate
2019-10-19 01:26:36,938 [Thread-1170] INFO  impl.RoleInfo (RoleInfo.java:updateAndGet(143)) - 8bce6a00-3bba-419d-83ac-b35141b6b559: start LeaderElection
2019-10-19 01:26:36,960 [8bce6a00-3bba-419d-83ac-b35141b6b559@group-31C3DC938042-LeaderElection106] INFO  impl.LeaderElection (LeaderElection.java:askForVotes(178)) - 8bce6a00-3bba-419d-83ac-b35141b6b559@group-31C3DC938042-LeaderElection106: begin an election at term 87 for -1: [774c78e1-8dd4-453d-975e-442189a07fe2:192.168.157.242:38712, 7247ad7d-2ca2-4af8-9337-77c07ea89cb3:192.168.157.242:42362, 8bce6a00-3bba-419d-83ac-b35141b6b559:192.168.157.242:37801], old=null
2019-10-19 01:26:36,962 [grpc-default-executor-0] INFO  impl.RaftServerImpl (RaftServerImpl.java:setRole(184)) - 7247ad7d-2ca2-4af8-9337-77c07ea89cb3@group-31C3DC938042: changes role from  FOLLOWER to FOLLOWER at term 87 for recognizeCandidate:8bce6a00-3bba-419d-83ac-b35141b6b559
2019-10-19 01:26:36,962 [grpc-default-executor-0] INFO  impl.RoleInfo (RoleInfo.java:shutdownFollowerState(121)) - 7247ad7d-2ca2-4af8-9337-77c07ea89cb3: shutdown FollowerState
2019-10-19 01:26:36,962 [grpc-default-executor-0] INFO  impl.RoleInfo (RoleInfo.java:updateAndGet(143)) - 7247ad7d-2ca2-4af8-9337-77c07ea89cb3: start FollowerState
2019-10-19 01:26:36,962 [grpc-default-executor-4] INFO  impl.RaftServerImpl (RaftServerImpl.java:setRole(184)) - 774c78e1-8dd4-453d-975e-442189a07fe2@group-31C3DC938042: changes role from  FOLLOWER to FOLLOWER at term 87 for recognizeCandidate:8bce6a00-3bba-419d-83ac-b35141b6b559
2019-10-19 01:26:36,962 [Thread-1167] INFO  impl.FollowerState (FollowerState.java:run(117)) - 7247ad7d-2ca2-4af8-9337-77c07ea89cb3@group-31C3DC938042-FollowerState was interrupted: java.lang.InterruptedException: sleep interrupted
2019-10-19 01:26:36,962 [grpc-default-executor-4] INFO  impl.RoleInfo (RoleInfo.java:shutdownFollowerState(121)) - 774c78e1-8dd4-453d-975e-442189a07fe2: shutdown FollowerState
2019-10-19 01:26:36,963 [grpc-default-executor-4] INFO  impl.RoleInfo (RoleInfo.java:updateAndGet(143)) - 774c78e1-8dd4-453d-975e-442189a07fe2: start FollowerState
2019-10-19 01:26:36,963 [Thread-1166] INFO  impl.FollowerState (FollowerState.java:run(117)) - 774c78e1-8dd4-453d-975e-442189a07fe2@group-31C3DC938042-FollowerState was interrupted: java.lang.InterruptedException: sleep interrupted
2019-10-19 01:26:37,015 [8bce6a00-3bba-419d-83ac-b35141b6b559@group-31C3DC938042-LeaderElection106] INFO  impl.LeaderElection (LeaderElection.java:logAndReturn(56)) - 8bce6a00-3bba-419d-83ac-b35141b6b559@group-31C3DC938042-LeaderElection106: Election REJECTED; received 2 response(s) [8bce6a00-3bba-419d-83ac-b35141b6b559<-774c78e1-8dd4-453d-975e-442189a07fe2#0:FAIL-t87, 8bce6a00-3bba-419d-83ac-b35141b6b559<-7247ad7d-2ca2-4af8-9337-77c07ea89cb3#0:FAIL-t87] and 0 exception(s); 8bce6a00-3bba-419d-83ac-b35141b6b559@group-31C3DC938042:t87, leader=null, voted=8bce6a00-3bba-419d-83ac-b35141b6b559, raftlog=8bce6a00-3bba-419d-83ac-b35141b6b559@group-31C3DC938042-SegmentedRaftLog:OPENED:c-1,f-1,i0, conf=-1: [774c78e1-8dd4-453d-975e-442189a07fe2:192.168.157.242:38712, 7247ad7d-2ca2-4af8-9337-77c07ea89cb3:192.168.157.242:42362, 8bce6a00-3bba-419d-83ac-b35141b6b559:192.168.157.242:37801], old=null
2019-10-19 01:26:37,015 [8bce6a00-3bba-419d-83ac-b35141b6b559@group-31C3DC938042-LeaderElection106] INFO  impl.RaftServerImpl (RaftServerImpl.java:setRole(184)) - 8bce6a00-3bba-419d-83ac-b35141b6b559@group-31C3DC938042: changes role from CANDIDATE to FOLLOWER at term 87 for DISCOVERED_A_NEW_TERM
2019-10-19 01:26:37,015 [8bce6a00-3bba-419d-83ac-b35141b6b559@group-31C3DC938042-LeaderElection106] INFO  impl.RoleInfo (RoleInfo.java:shutdownLeaderElection(134)) - 8bce6a00-3bba-419d-83ac-b35141b6b559: shutdown LeaderElection
2019-10-19 01:26:37,016 [8bce6a00-3bba-419d-83ac-b35141b6b559@group-31C3DC938042-LeaderElection106] INFO  impl.RoleInfo (RoleInfo.java:updateAndGet(143)) - 8bce6a00-3bba-419d-83ac-b35141b6b559: start FollowerState
2019-10-19 01:26:37,125 [Thread-1176] INFO  impl.FollowerState (FollowerState.java:run(108)) - 8bce6a00-3bba-419d-83ac-b35141b6b559@group-31C3DC938042-FollowerState: change to CANDIDATE, lastRpcTime:109ms, electionTimeout:109ms
2019-10-19 01:26:37,125 [Thread-1176] INFO  impl.RoleInfo (RoleInfo.java:shutdownFollowerState(121)) - 8bce6a00-3bba-419d-83ac-b35141b6b559: shutdown FollowerState
2019-10-19 01:26:37,125 [Thread-1176] INFO  impl.RaftServerImpl (RaftServerImpl.java:setRole(184)) - 8bce6a00-3bba-419d-83ac-b35141b6b559@group-31C3DC938042: changes role from  FOLLOWER to CANDIDATE at term 87 for changeToCandidate
2019-10-19 01:26:37,125 [Thread-1176] INFO  impl.RoleInfo (RoleInfo.java:updateAndGet(143)) - 8bce6a00-3bba-419d-83ac-b35141b6b559: start LeaderElection
2019-10-19 01:26:37,148 [8bce6a00-3bba-419d-83ac-b35141b6b559@group-31C3DC938042-LeaderElection107] INFO  impl.LeaderElection (LeaderElection.java:askForVotes(178)) - 8bce6a00-3bba-419d-83ac-b35141b6b559@group-31C3DC938042-LeaderElection107: begin an election at term 88 for -1: [774c78e1-8dd4-453d-975e-442189a07fe2:192.168.157.242:38712, 7247ad7d-2ca2-4af8-9337-77c07ea89cb3:192.168.157.242:42362, 8bce6a00-3bba-419d-83ac-b35141b6b559:192.168.157.242:37801], old=null
2019-10-19 01:26:37,150 [grpc-default-executor-4] INFO  impl.RaftServerImpl (RaftServerImpl.java:setRole(184)) - 7247ad7d-2ca2-4af8-9337-77c07ea89cb3@group-31C3DC938042: changes role from  FOLLOWER to FOLLOWER at term 88 for recognizeCandidate:8bce6a00-3bba-419d-83ac-b35141b6b559
2019-10-19 01:26:37,150 [grpc-default-executor-4] INFO  impl.RoleInfo (RoleInfo.java:shutdownFollowerState(121)) - 7247ad7d-2ca2-4af8-9337-77c07ea89cb3: shutdown FollowerState
2019-10-19 01:26:37,150 [grpc-default-executor-0] INFO  impl.RaftServerImpl (RaftServerImpl.java:setRole(184)) - 774c78e1-8dd4-453d-975e-442189a07fe2@group-31C3DC938042: changes role from  FOLLOWER to FOLLOWER at term 88 for recognizeCandidate:8bce6a00-3bba-419d-83ac-b35141b6b559
2019-10-19 01:26:37,150 [Thread-1174] INFO  impl.FollowerState (FollowerState.java:run(117)) - 7247ad7d-2ca2-4af8-9337-77c07ea89cb3@group-31C3DC938042-FollowerState was interrupted: java.lang.InterruptedException: sleep interrupted
2019-10-19 01:26:37,150 [grpc-default-executor-4] INFO  impl.RoleInfo (RoleInfo.java:updateAndGet(143)) - 7247ad7d-2ca2-4af8-9337-77c07ea89cb3: start FollowerState
2019-10-19 01:26:37,150 [grpc-default-executor-0] INFO  impl.RoleInfo (RoleInfo.java:shutdownFollowerState(121)) - 774c78e1-8dd4-453d-975e-442189a07fe2: shutdown FollowerState
2019-10-19 01:26:37,151 [grpc-default-executor-0] INFO  impl.RoleInfo (RoleInfo.java:updateAndGet(143)) - 774c78e1-8dd4-453d-975e-442189a07fe2: start FollowerState
2019-10-19 01:26:37,151 [Thread-1175] INFO  impl.FollowerState (FollowerState.java:run(117)) - 774c78e1-8dd4-453d-975e-442189a07fe2@group-31C3DC938042-FollowerState was interrupted: java.lang.InterruptedException: sleep interrupted
2019-10-19 01:26:37,177 [8bce6a00-3bba-419d-83ac-b35141b6b559@group-31C3DC938042-LeaderElection107] INFO  impl.LeaderElection (LeaderElection.java:logAndReturn(56)) - 8bce6a00-3bba-419d-83ac-b35141b6b559@group-31C3DC938042-LeaderElection107: Election REJECTED; received 2 response(s) [8bce6a00-3bba-419d-83ac-b35141b6b559<-774c78e1-8dd4-453d-975e-442189a07fe2#0:FAIL-t88, 8bce6a00-3bba-419d-83ac-b35141b6b559<-7247ad7d-2ca2-4af8-9337-77c07ea89cb3#0:FAIL-t88] and 0 exception(s); 8bce6a00-3bba-419d-83ac-b35141b6b559@group-31C3DC938042:t88, leader=null, voted=8bce6a00-3bba-419d-83ac-b35141b6b559, raftlog=8bce6a00-3bba-419d-83ac-b35141b6b559@group-31C3DC938042-SegmentedRaftLog:OPENED:c-1,f-1,i0, conf=-1: [774c78e1-8dd4-453d-975e-442189a07fe2:192.168.157.242:38712, 7247ad7d-2ca2-4af8-9337-77c07ea89cb3:192.168.157.242:42362, 8bce6a00-3bba-419d-83ac-b35141b6b559:192.168.157.242:37801], old=null
2019-10-19 01:26:37,177 [8bce6a00-3bba-419d-83ac-b35141b6b559@group-31C3DC938042-LeaderElection107] INFO  impl.RaftServerImpl (RaftServerImpl.java:setRole(184)) - 8bce6a00-3bba-419d-83ac-b35141b6b559@group-31C3DC938042: changes role from CANDIDATE to FOLLOWER at term 88 for DISCOVERED_A_NEW_TERM
2019-10-19 01:26:37,178 [8bce6a00-3bba-419d-83ac-b35141b6b559@group-31C3DC938042-LeaderElection107] INFO  impl.RoleInfo (RoleInfo.java:shutdownLeaderElection(134)) - 8bce6a00-3bba-419d-83ac-b35141b6b559: shutdown LeaderElection
2019-10-19 01:26:37,178 [8bce6a00-3bba-419d-83ac-b35141b6b559@group-31C3DC938042-LeaderElection107] INFO  impl.RoleInfo (RoleInfo.java:updateAndGet(143)) - 8bce6a00-3bba-419d-83ac-b35141b6b559: start FollowerState
2019-10-19 01:26:37,263 [Thread-1182] INFO  impl.FollowerState (FollowerState.java:run(108)) - 8bce6a00-3bba-419d-83ac-b35141b6b559@group-31C3DC938042-FollowerState: change to CANDIDATE, lastRpcTime:85ms, electionTimeout:85ms
2019-10-19 01:26:37,263 [Thread-1182] INFO  impl.RoleInfo (RoleInfo.java:shutdownFollowerState(121)) - 8bce6a00-3bba-419d-83ac-b35141b6b559: shutdown FollowerState
2019-10-19 01:26:37,263 [Thread-1182] INFO  impl.RaftServerImpl (RaftServerImpl.java:setRole(184)) - 8bce6a00-3bba-419d-83ac-b35141b6b559@group-31C3DC938042: changes role from  FOLLOWER to CANDIDATE at term 88 for changeToCandidate
2019-10-19 01:26:37,263 [Thread-1182] INFO  impl.RoleInfo (RoleInfo.java:updateAndGet(143)) - 8bce6a00-3bba-419d-83ac-b35141b6b559: start LeaderElection
2019-10-19 01:26:37,293 [8bce6a00-3bba-419d-83ac-b35141b6b559@group-31C3DC938042-LeaderElection108] INFO  impl.LeaderElection (LeaderElection.java:askForVotes(178)) - 8bce6a00-3bba-419d-83ac-b35141b6b559@group-31C3DC938042-LeaderElection108: begin an election at term 89 for -1: [774c78e1-8dd4-453d-975e-442189a07fe2:192.168.157.242:38712, 7247ad7d-2ca2-4af8-9337-77c07ea89cb3:192.168.157.242:42362, 8bce6a00-3bba-419d-83ac-b35141b6b559:192.168.157.242:37801], old=null
2019-10-19 01:26:37,295 [grpc-default-executor-4] INFO  impl.RaftServerImpl (RaftServerImpl.java:setRole(184)) - 774c78e1-8dd4-453d-975e-442189a07fe2@group-31C3DC938042: changes role from  FOLLOWER to FOLLOWER at term 89 for recognizeCandidate:8bce6a00-3bba-419d-83ac-b35141b6b559
2019-10-19 01:26:37,295 [grpc-default-executor-0] INFO  impl.RaftServerImpl (RaftServerImpl.java:setRole(184)) - 7247ad7d-2ca2-4af8-9337-77c07ea89cb3@group-31C3DC938042: changes role from  FOLLOWER to FOLLOWER at term 89 for recognizeCandidate:8bce6a00-3bba-419d-83ac-b35141b6b559
2019-10-19 01:26:37,295 [grpc-default-executor-4] INFO  impl.RoleInfo (RoleInfo.java:shutdownFollowerState(121)) - 774c78e1-8dd4-453d-975e-442189a07fe2: shutdown FollowerState
2019-10-19 01:26:37,295 [grpc-default-executor-0] INFO  impl.RoleInfo (RoleInfo.java:shutdownFollowerState(121)) - 7247ad7d-2ca2-4af8-9337-77c07ea89cb3: shutdown FollowerState
2019-10-19 01:26:37,296 [Thread-1181] INFO  impl.FollowerState (FollowerState.java:run(117)) - 774c78e1-8dd4-453d-975e-442189a07fe2@group-31C3DC938042-FollowerState was interrupted: java.lang.InterruptedException: sleep interrupted
2019-10-19 01:26:37,296 [grpc-default-executor-4] INFO  impl.RoleInfo (RoleInfo.java:updateAndGet(143)) - 774c78e1-8dd4-453d-975e-442189a07fe2: start FollowerState
2019-10-19 01:26:37,296 [Thread-1180] INFO  impl.FollowerState (FollowerState.java:run(117)) - 7247ad7d-2ca2-4af8-9337-77c07ea89cb3@group-31C3DC938042-FollowerState was interrupted: java.lang.InterruptedException: sleep interrupted
2019-10-19 01:26:37,296 [grpc-default-executor-0] INFO  impl.RoleInfo (RoleInfo.java:updateAndGet(143)) - 7247ad7d-2ca2-4af8-9337-77c07ea89cb3: start FollowerState
2019-10-19 01:26:37,366 [8bce6a00-3bba-419d-83ac-b35141b6b559@group-31C3DC938042-LeaderElection108] INFO  impl.LeaderElection (LeaderElection.java:logAndReturn(56)) - 8bce6a00-3bba-419d-83ac-b35141b6b559@group-31C3DC938042-LeaderElection108: Election REJECTED; received 2 response(s) [8bce6a00-3bba-419d-83ac-b35141b6b559<-774c78e1-8dd4-453d-975e-442189a07fe2#0:FAIL-t89, 8bce6a00-3bba-419d-83ac-b35141b6b559<-7247ad7d-2ca2-4af8-9337-77c07ea89cb3#0:FAIL-t89] and 0 exception(s); 8bce6a00-3bba-419d-83ac-b35141b6b559@group-31C3DC938042:t89, leader=null, voted=8bce6a00-3bba-419d-83ac-b35141b6b559, raftlog=8bce6a00-3bba-419d-83ac-b35141b6b559@group-31C3DC938042-SegmentedRaftLog:OPENED:c-1,f-1,i0, conf=-1: [774c78e1-8dd4-453d-975e-442189a07fe2:192.168.157.242:38712, 7247ad7d-2ca2-4af8-9337-77c07ea89cb3:192.168.157.242:42362, 8bce6a00-3bba-419d-83ac-b35141b6b559:192.168.157.242:37801], old=null
2019-10-19 01:26:37,366 [8bce6a00-3bba-419d-83ac-b35141b6b559@group-31C3DC938042-LeaderElection108] INFO  impl.RaftServerImpl (RaftServerImpl.java:setRole(184)) - 8bce6a00-3bba-419d-83ac-b35141b6b559@group-31C3DC938042: changes role from CANDIDATE to FOLLOWER at term 89 for DISCOVERED_A_NEW_TERM
2019-10-19 01:26:37,366 [8bce6a00-3bba-419d-83ac-b35141b6b559@group-31C3DC938042-LeaderElection108] INFO  impl.RoleInfo (RoleInfo.java:shutdownLeaderElection(134)) - 8bce6a00-3bba-419d-83ac-b35141b6b559: shutdown LeaderElection
2019-10-19 01:26:37,366 [8bce6a00-3bba-419d-83ac-b35141b6b559@group-31C3DC938042-LeaderElection108] INFO  impl.RoleInfo (RoleInfo.java:updateAndGet(143)) - 8bce6a00-3bba-419d-83ac-b35141b6b559: start FollowerState
2019-10-19 01:26:37,552 [Thread-1192] INFO  impl.FollowerState (FollowerState.java:run(108)) - 8bce6a00-3bba-419d-83ac-b35141b6b559@group-31C3DC938042-FollowerState: change to CANDIDATE, lastRpcTime:185ms, electionTimeout:185ms
2019-10-19 01:26:37,552 [Thread-1192] INFO  impl.RoleInfo (RoleInfo.java:shutdownFollowerState(121)) - 8bce6a00-3bba-419d-83ac-b35141b6b559: shutdown FollowerState
2019-10-19 01:26:37,552 [Thread-1192] INFO  impl.RaftServerImpl (RaftServerImpl.java:setRole(184)) - 8bce6a00-3bba-419d-83ac-b35141b6b559@group-31C3DC938042: changes role from  FOLLOWER to CANDIDATE at term 89 for changeToCandidate
2019-10-19 01:26:37,552 [Thread-1192] INFO  impl.RoleInfo (RoleInfo.java:updateAndGet(143)) - 8bce6a00-3bba-419d-83ac-b35141b6b559: start LeaderElection
2019-10-19 01:26:37,578 [8bce6a00-3bba-419d-83ac-b35141b6b559@group-31C3DC938042-LeaderElection109] INFO  impl.LeaderElection (LeaderElection.java:askForVotes(178)) - 8bce6a00-3bba-419d-83ac-b35141b6b559@group-31C3DC938042-LeaderElection109: begin an election at term 90 for -1: [774c78e1-8dd4-453d-975e-442189a07fe2:192.168.157.242:38712, 7247ad7d-2ca2-4af8-9337-77c07ea89cb3:192.168.157.242:42362, 8bce6a00-3bba-419d-83ac-b35141b6b559:192.168.157.242:37801], old=null
2019-10-19 01:26:37,580 [grpc-default-executor-0] INFO  impl.RaftServerImpl (RaftServerImpl.java:setRole(184)) - 774c78e1-8dd4-453d-975e-442189a07fe2@group-31C3DC938042: changes role from  FOLLOWER to FOLLOWER at term 90 for recognizeCandidate:8bce6a00-3bba-419d-83ac-b35141b6b559
2019-10-19 01:26:37,580 [grpc-default-executor-0] INFO  impl.RoleInfo (RoleInfo.java:shutdownFollowerState(121)) - 774c78e1-8dd4-453d-975e-442189a07fe2: shutdown FollowerState
2019-10-19 01:26:37,581 [grpc-default-executor-1] INFO  impl.RaftServerImpl (RaftServerImpl.java:setRole(184)) - 7247ad7d-2ca2-4af8-9337-77c07ea89cb3@group-31C3DC938042: changes role from  FOLLOWER to FOLLOWER at term 90 for recognizeCandidate:8bce6a00-3bba-419d-83ac-b35141b6b559
2019-10-19 01:26:37,581 [grpc-default-executor-1] INFO  impl.RoleInfo (RoleInfo.java:shutdownFollowerState(121)) - 7247ad7d-2ca2-4af8-9337-77c07ea89cb3: shutdown FollowerState
2019-10-19 01:26:37,581 [Thread-1188] INFO  impl.FollowerState (FollowerState.java:run(117)) - 774c78e1-8dd4-453d-975e-442189a07fe2@group-31C3DC938042-FollowerState was interrupted: java.lang.InterruptedException: sleep interrupted
2019-10-19 01:26:37,581 [grpc-default-executor-0] INFO  impl.RoleInfo (RoleInfo.java:updateAndGet(143)) - 774c78e1-8dd4-453d-975e-442189a07fe2: start FollowerState
2019-10-19 01:26:37,581 [Thread-1189] INFO  impl.FollowerState (FollowerState.java:run(117)) - 7247ad7d-2ca2-4af8-9337-77c07ea89cb3@group-31C3DC938042-FollowerState was interrupted: java.lang.InterruptedException: sleep interrupted
2019-10-19 01:26:37,581 [grpc-default-executor-1] INFO  impl.RoleInfo (RoleInfo.java:updateAndGet(143)) - 7247ad7d-2ca2-4af8-9337-77c07ea89cb3: start FollowerState
2019-10-19 01:26:37,595 [8bce6a00-3bba-419d-83ac-b35141b6b559@group-31C3DC938042-LeaderElection109] INFO  impl.LeaderElection (LeaderElection.java:logAndReturn(56)) - 8bce6a00-3bba-419d-83ac-b35141b6b559@group-31C3DC938042-LeaderElection109: Election REJECTED; received 2 response(s) [8bce6a00-3bba-419d-83ac-b35141b6b559<-774c78e1-8dd4-453d-975e-442189a07fe2#0:FAIL-t90, 8bce6a00-3bba-419d-83ac-b35141b6b559<-7247ad7d-2ca2-4af8-9337-77c07ea89cb3#0:FAIL-t90] and 0 exception(s); 8bce6a00-3bba-419d-83ac-b35141b6b559@group-31C3DC938042:t90, leader=null, voted=8bce6a00-3bba-419d-83ac-b35141b6b559, raftlog=8bce6a00-3bba-419d-83ac-b35141b6b559@group-31C3DC938042-SegmentedRaftLog:OPENED:c-1,f-1,i0, conf=-1: [774c78e1-8dd4-453d-975e-442189a07fe2:192.168.157.242:38712, 7247ad7d-2ca2-4af8-9337-77c07ea89cb3:192.168.157.242:42362, 8bce6a00-3bba-419d-83ac-b35141b6b559:192.168.157.242:37801], old=null
2019-10-19 01:26:37,595 [8bce6a00-3bba-419d-83ac-b35141b6b559@group-31C3DC938042-LeaderElection109] INFO  impl.RaftServerImpl (RaftServerImpl.java:setRole(184)) - 8bce6a00-3bba-419d-83ac-b35141b6b559@group-31C3DC938042: changes role from CANDIDATE to FOLLOWER at term 90 for DISCOVERED_A_NEW_TERM
2019-10-19 01:26:37,595 [8bce6a00-3bba-419d-83ac-b35141b6b559@group-31C3DC938042-LeaderElection109] INFO  impl.RoleInfo (RoleInfo.java:shutdownLeaderElection(134)) - 8bce6a00-3bba-419d-83ac-b35141b6b559: shutdown LeaderElection
2019-10-19 01:26:37,595 [8bce6a00-3bba-419d-83ac-b35141b6b559@group-31C3DC938042-LeaderElection109] INFO  impl.RoleInfo (RoleInfo.java:updateAndGet(143)) - 8bce6a00-3bba-419d-83ac-b35141b6b559: start FollowerState
2019-10-19 01:26:37,676 [Thread-1198] INFO  impl.FollowerState (FollowerState.java:run(108)) - 8bce6a00-3bba-419d-83ac-b35141b6b559@group-31C3DC938042-FollowerState: change to CANDIDATE, lastRpcTime:81ms, electionTimeout:81ms
2019-10-19 01:26:37,677 [Thread-1198] INFO  impl.RoleInfo (RoleInfo.java:shutdownFollowerState(121)) - 8bce6a00-3bba-419d-83ac-b35141b6b559: shutdown FollowerState
2019-10-19 01:26:37,677 [Thread-1198] INFO  impl.RaftServerImpl (RaftServerImpl.java:setRole(184)) - 8bce6a00-3bba-419d-83ac-b35141b6b559@group-31C3DC938042: changes role from  FOLLOWER to CANDIDATE at term 90 for changeToCandidate
2019-10-19 01:26:37,677 [Thread-1198] INFO  impl.RoleInfo (RoleInfo.java:updateAndGet(143)) - 8bce6a00-3bba-419d-83ac-b35141b6b559: start LeaderElection
2019-10-19 01:26:37,706 [8bce6a00-3bba-419d-83ac-b35141b6b559@group-31C3DC938042-LeaderElection110] INFO  impl.LeaderElection (LeaderElection.java:askForVotes(178)) - 8bce6a00-3bba-419d-83ac-b35141b6b559@group-31C3DC938042-LeaderElection110: begin an election at term 91 for -1: [774c78e1-8dd4-453d-975e-442189a07fe2:192.168.157.242:38712, 7247ad7d-2ca2-4af8-9337-77c07ea89cb3:192.168.157.242:42362, 8bce6a00-3bba-419d-83ac-b35141b6b559:192.168.157.242:37801], old=null
2019-10-19 01:26:37,708 [grpc-default-executor-1] INFO  impl.RaftServerImpl (RaftServerImpl.java:setRole(184)) - 774c78e1-8dd4-453d-975e-442189a07fe2@group-31C3DC938042: changes role from  FOLLOWER to FOLLOWER at term 91 for recognizeCandidate:8bce6a00-3bba-419d-83ac-b35141b6b559
2019-10-19 01:26:37,708 [grpc-default-executor-1] INFO  impl.RoleInfo (RoleInfo.java:shutdownFollowerState(121)) - 774c78e1-8dd4-453d-975e-442189a07fe2: shutdown FollowerState
2019-10-19 01:26:37,708 [grpc-default-executor-1] INFO  impl.RoleInfo (RoleInfo.java:updateAndGet(143)) - 774c78e1-8dd4-453d-975e-442189a07fe2: start FollowerState
2019-10-19 01:26:37,708 [Thread-1196] INFO  impl.FollowerState (FollowerState.java:run(117)) - 774c78e1-8dd4-453d-975e-442189a07fe2@group-31C3DC938042-FollowerState was interrupted: java.lang.InterruptedException: sleep interrupted
2019-10-19 01:26:37,708 [grpc-default-executor-0] INFO  impl.RaftServerImpl (RaftServerImpl.java:setRole(184)) - 7247ad7d-2ca2-4af8-9337-77c07ea89cb3@group-31C3DC938042: changes role from  FOLLOWER to FOLLOWER at term 91 for recognizeCandidate:8bce6a00-3bba-419d-83ac-b35141b6b559
2019-10-19 01:26:37,709 [grpc-default-executor-0] INFO  impl.RoleInfo (RoleInfo.java:shutdownFollowerState(121)) - 7247ad7d-2ca2-4af8-9337-77c07ea89cb3: shutdown FollowerState
2019-10-19 01:26:37,709 [grpc-default-executor-0] INFO  impl.RoleInfo (RoleInfo.java:updateAndGet(143)) - 7247ad7d-2ca2-4af8-9337-77c07ea89cb3: start FollowerState
2019-10-19 01:26:37,709 [Thread-1197] INFO  impl.FollowerState (FollowerState.java:run(117)) - 7247ad7d-2ca2-4af8-9337-77c07ea89cb3@group-31C3DC938042-FollowerState was interrupted: java.lang.InterruptedException: sleep interrupted
2019-10-19 01:26:37,723 [8bce6a00-3bba-419d-83ac-b35141b6b559@group-31C3DC938042-LeaderElection110] INFO  impl.LeaderElection (LeaderElection.java:logAndReturn(56)) - 8bce6a00-3bba-419d-83ac-b35141b6b559@group-31C3DC938042-LeaderElection110: Election REJECTED; received 2 response(s) [8bce6a00-3bba-419d-83ac-b35141b6b559<-774c78e1-8dd4-453d-975e-442189a07fe2#0:FAIL-t91, 8bce6a00-3bba-419d-83ac-b35141b6b559<-7247ad7d-2ca2-4af8-9337-77c07ea89cb3#0:FAIL-t91] and 0 exception(s); 8bce6a00-3bba-419d-83ac-b35141b6b559@group-31C3DC938042:t91, leader=null, voted=8bce6a00-3bba-419d-83ac-b35141b6b559, raftlog=8bce6a00-3bba-419d-83ac-b35141b6b559@group-31C3DC938042-SegmentedRaftLog:OPENED:c-1,f-1,i0, conf=-1: [774c78e1-8dd4-453d-975e-442189a07fe2:192.168.157.242:38712, 7247ad7d-2ca2-4af8-9337-77c07ea89cb3:192.168.157.242:42362, 8bce6a00-3bba-419d-83ac-b35141b6b559:192.168.157.242:37801], old=null
2019-10-19 01:26:37,723 [8bce6a00-3bba-419d-83ac-b35141b6b559@group-31C3DC938042-LeaderElection110] INFO  impl.RaftServerImpl (RaftServerImpl.java:setRole(184)) - 8bce6a00-3bba-419d-83ac-b35141b6b559@group-31C3DC938042: changes role from CANDIDATE to FOLLOWER at term 91 for DISCOVERED_A_NEW_TERM
2019-10-19 01:26:37,723 [8bce6a00-3bba-419d-83ac-b35141b6b559@group-31C3DC938042-LeaderElection110] INFO  impl.RoleInfo (RoleInfo.java:shutdownLeaderElection(134)) - 8bce6a00-3bba-419d-83ac-b35141b6b559: shutdown LeaderElection
2019-10-19 01:26:37,723 [8bce6a00-3bba-419d-83ac-b35141b6b559@group-31C3DC938042-LeaderElection110] INFO  impl.RoleInfo (RoleInfo.java:updateAndGet(143)) - 8bce6a00-3bba-419d-83ac-b35141b6b559: start FollowerState
2019-10-19 01:26:37,881 [Thread-1206] INFO  impl.FollowerState (FollowerState.java:run(108)) - 8bce6a00-3bba-419d-83ac-b35141b6b559@group-31C3DC938042-FollowerState: change to CANDIDATE, lastRpcTime:158ms, electionTimeout:158ms
2019-10-19 01:26:37,881 [Thread-1206] INFO  impl.RoleInfo (RoleInfo.java:shutdownFollowerState(121)) - 8bce6a00-3bba-419d-83ac-b35141b6b559: shutdown FollowerState
2019-10-19 01:26:37,881 [Thread-1206] INFO  impl.RaftServerImpl (RaftServerImpl.java:setRole(184)) - 8bce6a00-3bba-419d-83ac-b35141b6b559@group-31C3DC938042: changes role from  FOLLOWER to CANDIDATE at term 91 for changeToCandidate
2019-10-19 01:26:37,881 [Thread-1206] INFO  impl.RoleInfo (RoleInfo.java:updateAndGet(143)) - 8bce6a00-3bba-419d-83ac-b35141b6b559: start LeaderElection
2019-10-19 01:26:37,915 [8bce6a00-3bba-419d-83ac-b35141b6b559@group-31C3DC938042-LeaderElection111] INFO  impl.LeaderElection (LeaderElection.java:askForVotes(178)) - 8bce6a00-3bba-419d-83ac-b35141b6b559@group-31C3DC938042-LeaderElection111: begin an election at term 92 for -1: [774c78e1-8dd4-453d-975e-442189a07fe2:192.168.157.242:38712, 7247ad7d-2ca2-4af8-9337-77c07ea89cb3:192.168.157.242:42362, 8bce6a00-3bba-419d-83ac-b35141b6b559:192.168.157.242:37801], old=null
2019-10-19 01:26:37,916 [8bce6a00-3bba-419d-83ac-b35141b6b559@group-31C3DC938042-LeaderElection111] INFO  impl.LeaderElection (LeaderElection.java:logAndReturn(56)) - 8bce6a00-3bba-419d-83ac-b35141b6b559@group-31C3DC938042-LeaderElection111: Election TIMEOUT; received 0 response(s) [] and 0 exception(s); 8bce6a00-3bba-419d-83ac-b35141b6b559@group-31C3DC938042:t92, leader=null, voted=8bce6a00-3bba-419d-83ac-b35141b6b559, raftlog=8bce6a00-3bba-419d-83ac-b35141b6b559@group-31C3DC938042-SegmentedRaftLog:OPENED:c-1,f-1,i0, conf=-1: [774c78e1-8dd4-453d-975e-442189a07fe2:192.168.157.242:38712, 7247ad7d-2ca2-4af8-9337-77c07ea89cb3:192.168.157.242:42362, 8bce6a00-3bba-419d-83ac-b35141b6b559:192.168.157.242:37801], old=null
2019-10-19 01:26:37,917 [grpc-default-executor-0] INFO  impl.RaftServerImpl (RaftServerImpl.java:setRole(184)) - 7247ad7d-2ca2-4af8-9337-77c07ea89cb3@group-31C3DC938042: changes role from  FOLLOWER to FOLLOWER at term 92 for recognizeCandidate:8bce6a00-3bba-419d-83ac-b35141b6b559
2019-10-19 01:26:37,917 [grpc-default-executor-1] INFO  impl.RaftServerImpl (RaftServerImpl.java:setRole(184)) - 774c78e1-8dd4-453d-975e-442189a07fe2@group-31C3DC938042: changes role from  FOLLOWER to FOLLOWER at term 92 for recognizeCandidate:8bce6a00-3bba-419d-83ac-b35141b6b559
2019-10-19 01:26:37,918 [grpc-default-executor-1] INFO  impl.RoleInfo (RoleInfo.java:shutdownFollowerState(121)) - 774c78e1-8dd4-453d-975e-442189a07fe2: shutdown FollowerState
2019-10-19 01:26:37,918 [grpc-default-executor-0] INFO  impl.RoleInfo (RoleInfo.java:shutdownFollowerState(121)) - 7247ad7d-2ca2-4af8-9337-77c07ea89cb3: shutdown FollowerState
2019-10-19 01:26:37,918 [Thread-1204] INFO  impl.FollowerState (FollowerState.java:run(117)) - 774c78e1-8dd4-453d-975e-442189a07fe2@group-31C3DC938042-FollowerState was interrupted: java.lang.InterruptedException: sleep interrupted
2019-10-19 01:26:37,918 [grpc-default-executor-1] INFO  impl.RoleInfo (RoleInfo.java:updateAndGet(143)) - 774c78e1-8dd4-453d-975e-442189a07fe2: start FollowerState
2019-10-19 01:26:37,918 [grpc-default-executor-0] INFO  impl.RoleInfo (RoleInfo.java:updateAndGet(143)) - 7247ad7d-2ca2-4af8-9337-77c07ea89cb3: start FollowerState
2019-10-19 01:26:37,918 [Thread-1205] INFO  impl.FollowerState (FollowerState.java:run(117)) - 7247ad7d-2ca2-4af8-9337-77c07ea89cb3@group-31C3DC938042-FollowerState was interrupted: java.lang.InterruptedException: sleep interrupted
2019-10-19 01:26:37,929 [8bce6a00-3bba-419d-83ac-b35141b6b559@group-31C3DC938042-LeaderElection111] INFO  impl.LeaderElection (LeaderElection.java:askForVotes(178)) - 8bce6a00-3bba-419d-83ac-b35141b6b559@group-31C3DC938042-LeaderElection111: begin an election at term 93 for -1: [774c78e1-8dd4-453d-975e-442189a07fe2:192.168.157.242:38712, 7247ad7d-2ca2-4af8-9337-77c07ea89cb3:192.168.157.242:42362, 8bce6a00-3bba-419d-83ac-b35141b6b559:192.168.157.242:37801], old=null
2019-10-19 01:26:37,930 [grpc-default-executor-1] INFO  impl.RaftServerImpl (RaftServerImpl.java:setRole(184)) - 7247ad7d-2ca2-4af8-9337-77c07ea89cb3@group-31C3DC938042: changes role from  FOLLOWER to FOLLOWER at term 93 for recognizeCandidate:8bce6a00-3bba-419d-83ac-b35141b6b559
2019-10-19 01:26:37,930 [grpc-default-executor-0] INFO  impl.RaftServerImpl (RaftServerImpl.java:setRole(184)) - 774c78e1-8dd4-453d-975e-442189a07fe2@group-31C3DC938042: changes role from  FOLLOWER to FOLLOWER at term 93 for recognizeCandidate:8bce6a00-3bba-419d-83ac-b35141b6b559
2019-10-19 01:26:37,930 [grpc-default-executor-1] INFO  impl.RoleInfo (RoleInfo.java:shutdownFollowerState(121)) - 7247ad7d-2ca2-4af8-9337-77c07ea89cb3: shutdown FollowerState
2019-10-19 01:26:37,931 [grpc-default-executor-0] INFO  impl.RoleInfo (RoleInfo.java:shutdownFollowerState(121)) - 774c78e1-8dd4-453d-975e-442189a07fe2: shutdown FollowerState
2019-10-19 01:26:37,931 [Thread-1213] INFO  impl.FollowerState (FollowerState.java:run(117)) - 7247ad7d-2ca2-4af8-9337-77c07ea89cb3@group-31C3DC938042-FollowerState was interrupted: java.lang.InterruptedException: sleep interrupted
2019-10-19 01:26:37,931 [grpc-default-executor-1] INFO  impl.RoleInfo (RoleInfo.java:updateAndGet(143)) - 7247ad7d-2ca2-4af8-9337-77c07ea89cb3: start FollowerState
2019-10-19 01:26:37,931 [Thread-1212] INFO  impl.FollowerState (FollowerState.java:run(117)) - 774c78e1-8dd4-453d-975e-442189a07fe2@group-31C3DC938042-FollowerState was interrupted: java.lang.InterruptedException: sleep interrupted
2019-10-19 01:26:37,931 [grpc-default-executor-0] INFO  impl.RoleInfo (RoleInfo.java:updateAndGet(143)) - 774c78e1-8dd4-453d-975e-442189a07fe2: start FollowerState
2019-10-19 01:26:37,966 [8bce6a00-3bba-419d-83ac-b35141b6b559@group-31C3DC938042-LeaderElection111] INFO  impl.LeaderElection (LeaderElection.java:logAndReturn(56)) - 8bce6a00-3bba-419d-83ac-b35141b6b559@group-31C3DC938042-LeaderElection111: Election REJECTED; received 2 response(s) [8bce6a00-3bba-419d-83ac-b35141b6b559<-774c78e1-8dd4-453d-975e-442189a07fe2#0:FAIL-t93, 8bce6a00-3bba-419d-83ac-b35141b6b559<-7247ad7d-2ca2-4af8-9337-77c07ea89cb3#0:FAIL-t93] and 0 exception(s); 8bce6a00-3bba-419d-83ac-b35141b6b559@group-31C3DC938042:t93, leader=null, voted=8bce6a00-3bba-419d-83ac-b35141b6b559, raftlog=8bce6a00-3bba-419d-83ac-b35141b6b559@group-31C3DC938042-SegmentedRaftLog:OPENED:c-1,f-1,i0, conf=-1: [774c78e1-8dd4-453d-975e-442189a07fe2:192.168.157.242:38712, 7247ad7d-2ca2-4af8-9337-77c07ea89cb3:192.168.157.242:42362, 8bce6a00-3bba-419d-83ac-b35141b6b559:192.168.157.242:37801], old=null
2019-10-19 01:26:37,967 [8bce6a00-3bba-419d-83ac-b35141b6b559@group-31C3DC938042-LeaderElection111] INFO  impl.RaftServerImpl (RaftServerImpl.java:setRole(184)) - 8bce6a00-3bba-419d-83ac-b35141b6b559@group-31C3DC938042: changes role from CANDIDATE to FOLLOWER at term 93 for DISCOVERED_A_NEW_TERM
2019-10-19 01:26:37,967 [8bce6a00-3bba-419d-83ac-b35141b6b559@group-31C3DC938042-LeaderElection111] INFO  impl.RoleInfo (RoleInfo.java:shutdownLeaderElection(134)) - 8bce6a00-3bba-419d-83ac-b35141b6b559: shutdown LeaderElection
2019-10-19 01:26:37,967 [8bce6a00-3bba-419d-83ac-b35141b6b559@group-31C3DC938042-LeaderElection111] INFO  impl.RoleInfo (RoleInfo.java:updateAndGet(143)) - 8bce6a00-3bba-419d-83ac-b35141b6b559: start FollowerState
2019-10-19 01:26:38,090 [Thread-1218] INFO  impl.FollowerState (FollowerState.java:run(108)) - 8bce6a00-3bba-419d-83ac-b35141b6b559@group-31C3DC938042-FollowerState: change to CANDIDATE, lastRpcTime:123ms, electionTimeout:123ms
2019-10-19 01:26:38,090 [Thread-1218] INFO  impl.RoleInfo (RoleInfo.java:shutdownFollowerState(121)) - 8bce6a00-3bba-419d-83ac-b35141b6b559: shutdown FollowerState
2019-10-19 01:26:38,091 [Thread-1218] INFO  impl.RaftServerImpl (RaftServerImpl.java:setRole(184)) - 8bce6a00-3bba-419d-83ac-b35141b6b559@group-31C3DC938042: changes role from  FOLLOWER to CANDIDATE at term 93 for changeToCandidate
2019-10-19 01:26:38,091 [Thread-1218] INFO  impl.RoleInfo (RoleInfo.java:updateAndGet(143)) - 8bce6a00-3bba-419d-83ac-b35141b6b559: start LeaderElection
2019-10-19 01:26:38,099 [8bce6a00-3bba-419d-83ac-b35141b6b559@group-31C3DC938042-LeaderElection112] INFO  impl.LeaderElection (LeaderElection.java:askForVotes(178)) - 8bce6a00-3bba-419d-83ac-b35141b6b559@group-31C3DC938042-LeaderElection112: begin an election at term 94 for -1: [774c78e1-8dd4-453d-975e-442189a07fe2:192.168.157.242:38712, 7247ad7d-2ca2-4af8-9337-77c07ea89cb3:192.168.157.242:42362, 8bce6a00-3bba-419d-83ac-b35141b6b559:192.168.157.242:37801], old=null
2019-10-19 01:26:38,101 [grpc-default-executor-1] INFO  impl.RaftServerImpl (RaftServerImpl.java:setRole(184)) - 774c78e1-8dd4-453d-975e-442189a07fe2@group-31C3DC938042: changes role from  FOLLOWER to FOLLOWER at term 94 for recognizeCandidate:8bce6a00-3bba-419d-83ac-b35141b6b559
2019-10-19 01:26:38,101 [grpc-default-executor-0] INFO  impl.RaftServerImpl (RaftServerImpl.java:setRole(184)) - 7247ad7d-2ca2-4af8-9337-77c07ea89cb3@group-31C3DC938042: changes role from  FOLLOWER to FOLLOWER at term 94 for recognizeCandidate:8bce6a00-3bba-419d-83ac-b35141b6b559
2019-10-19 01:26:38,101 [grpc-default-executor-1] INFO  impl.RoleInfo (RoleInfo.java:shutdownFollowerState(121)) - 774c78e1-8dd4-453d-975e-442189a07fe2: shutdown FollowerState
2019-10-19 01:26:38,101 [grpc-default-executor-0] INFO  impl.RoleInfo (RoleInfo.java:shutdownFollowerState(121)) - 7247ad7d-2ca2-4af8-9337-77c07ea89cb3: shutdown FollowerState
2019-10-19 01:26:38,101 [Thread-1217] INFO  impl.FollowerState (FollowerState.java:run(117)) - 774c78e1-8dd4-453d-975e-442189a07fe2@group-31C3DC938042-FollowerState was interrupted: java.lang.InterruptedException: sleep interrupted
2019-10-19 01:26:38,101 [grpc-default-executor-1] INFO  impl.RoleInfo (RoleInfo.java:updateAndGet(143)) - 774c78e1-8dd4-453d-975e-442189a07fe2: start FollowerState
2019-10-19 01:26:38,101 [Thread-1216] INFO  impl.FollowerState (FollowerState.java:run(117)) - 7247ad7d-2ca2-4af8-9337-77c07ea89cb3@group-31C3DC938042-FollowerState was interrupted: java.lang.InterruptedException: sleep interrupted
2019-10-19 01:26:38,101 [grpc-default-executor-0] INFO  impl.RoleInfo (RoleInfo.java:updateAndGet(143)) - 7247ad7d-2ca2-4af8-9337-77c07ea89cb3: start FollowerState
2019-10-19 01:26:38,125 [8bce6a00-3bba-419d-83ac-b35141b6b559@group-31C3DC938042-LeaderElection112] INFO  impl.LeaderElection (LeaderElection.java:logAndReturn(56)) - 8bce6a00-3bba-419d-83ac-b35141b6b559@group-31C3DC938042-LeaderElection112: Election REJECTED; received 2 response(s) [8bce6a00-3bba-419d-83ac-b35141b6b559<-774c78e1-8dd4-453d-975e-442189a07fe2#0:FAIL-t94, 8bce6a00-3bba-419d-83ac-b35141b6b559<-7247ad7d-2ca2-4af8-9337-77c07ea89cb3#0:FAIL-t94] and 0 exception(s); 8bce6a00-3bba-419d-83ac-b35141b6b559@group-31C3DC938042:t94, leader=null, voted=8bce6a00-3bba-419d-83ac-b35141b6b559, raftlog=8bce6a00-3bba-419d-83ac-b35141b6b559@group-31C3DC938042-SegmentedRaftLog:OPENED:c-1,f-1,i0, conf=-1: [774c78e1-8dd4-453d-975e-442189a07fe2:192.168.157.242:38712, 7247ad7d-2ca2-4af8-9337-77c07ea89cb3:192.168.157.242:42362, 8bce6a00-3bba-419d-83ac-b35141b6b559:192.168.157.242:37801], old=null
2019-10-19 01:26:38,125 [8bce6a00-3bba-419d-83ac-b35141b6b559@group-31C3DC938042-LeaderElection112] INFO  impl.RaftServerImpl (RaftServerImpl.java:setRole(184)) - 8bce6a00-3bba-419d-83ac-b35141b6b559@group-31C3DC938042: changes role from CANDIDATE to FOLLOWER at term 94 for DISCOVERED_A_NEW_TERM
2019-10-19 01:26:38,126 [8bce6a00-3bba-419d-83ac-b35141b6b559@group-31C3DC938042-LeaderElection112] INFO  impl.RoleInfo (RoleInfo.java:shutdownLeaderElection(134)) - 8bce6a00-3bba-419d-83ac-b35141b6b559: shutdown LeaderElection
2019-10-19 01:26:38,126 [8bce6a00-3bba-419d-83ac-b35141b6b559@group-31C3DC938042-LeaderElection112] INFO  impl.RoleInfo (RoleInfo.java:updateAndGet(143)) - 8bce6a00-3bba-419d-83ac-b35141b6b559: start FollowerState
2019-10-19 01:26:38,245 [Thread-1224] INFO  impl.FollowerState (FollowerState.java:run(108)) - 8bce6a00-3bba-419d-83ac-b35141b6b559@group-31C3DC938042-FollowerState: change to CANDIDATE, lastRpcTime:119ms, electionTimeout:119ms
2019-10-19 01:26:38,245 [Thread-1224] INFO  impl.RoleInfo (RoleInfo.java:shutdownFollowerState(121)) - 8bce6a00-3bba-419d-83ac-b35141b6b559: shutdown FollowerState
2019-10-19 01:26:38,245 [Thread-1224] INFO  impl.RaftServerImpl (RaftServerImpl.java:setRole(184)) - 8bce6a00-3bba-419d-83ac-b35141b6b559@group-31C3DC938042: changes role from  FOLLOWER to CANDIDATE at term 94 for changeToCandidate
2019-10-19 01:26:38,246 [Thread-1224] INFO  impl.RoleInfo (RoleInfo.java:updateAndGet(143)) - 8bce6a00-3bba-419d-83ac-b35141b6b559: start LeaderElection
2019-10-19 01:26:38,255 [8bce6a00-3bba-419d-83ac-b35141b6b559@group-31C3DC938042-LeaderElection113] INFO  impl.LeaderElection (LeaderElection.java:askForVotes(178)) - 8bce6a00-3bba-419d-83ac-b35141b6b559@group-31C3DC938042-LeaderElection113: begin an election at term 95 for -1: [774c78e1-8dd4-453d-975e-442189a07fe2:192.168.157.242:38712, 7247ad7d-2ca2-4af8-9337-77c07ea89cb3:192.168.157.242:42362, 8bce6a00-3bba-419d-83ac-b35141b6b559:192.168.157.242:37801], old=null
2019-10-19 01:26:38,257 [grpc-default-executor-1] INFO  impl.RaftServerImpl (RaftServerImpl.java:setRole(184)) - 7247ad7d-2ca2-4af8-9337-77c07ea89cb3@group-31C3DC938042: changes role from  FOLLOWER to FOLLOWER at term 95 for recognizeCandidate:8bce6a00-3bba-419d-83ac-b35141b6b559
2019-10-19 01:26:38,257 [grpc-default-executor-1] INFO  impl.RoleInfo (RoleInfo.java:shutdownFollowerState(121)) - 7247ad7d-2ca2-4af8-9337-77c07ea89cb3: shutdown FollowerState
2019-10-19 01:26:38,257 [grpc-default-executor-0] INFO  impl.RaftServerImpl (RaftServerImpl.java:setRole(184)) - 774c78e1-8dd4-453d-975e-442189a07fe2@group-31C3DC938042: changes role from  FOLLOWER to FOLLOWER at term 95 for recognizeCandidate:8bce6a00-3bba-419d-83ac-b35141b6b559
2019-10-19 01:26:38,257 [Thread-1223] INFO  impl.FollowerState (FollowerState.java:run(117)) - 7247ad7d-2ca2-4af8-9337-77c07ea89cb3@group-31C3DC938042-FollowerState was interrupted: java.lang.InterruptedException: sleep interrupted
2019-10-19 01:26:38,257 [grpc-default-executor-1] INFO  impl.RoleInfo (RoleInfo.java:updateAndGet(143)) - 7247ad7d-2ca2-4af8-9337-77c07ea89cb3: start FollowerState
2019-10-19 01:26:38,257 [grpc-default-executor-0] INFO  impl.RoleInfo (RoleInfo.java:shutdownFollowerState(121)) - 774c78e1-8dd4-453d-975e-442189a07fe2: shutdown FollowerState
2019-10-19 01:26:38,258 [grpc-default-executor-0] INFO  impl.RoleInfo (RoleInfo.java:updateAndGet(143)) - 774c78e1-8dd4-453d-975e-442189a07fe2: start FollowerState
2019-10-19 01:26:38,258 [Thread-1222] INFO  impl.FollowerState (FollowerState.java:run(117)) - 774c78e1-8dd4-453d-975e-442189a07fe2@group-31C3DC938042-FollowerState was interrupted: java.lang.InterruptedException: sleep interrupted
2019-10-19 01:26:38,275 [8bce6a00-3bba-419d-83ac-b35141b6b559@group-31C3DC938042-LeaderElection113] INFO  impl.LeaderElection (LeaderElection.java:logAndReturn(56)) - 8bce6a00-3bba-419d-83ac-b35141b6b559@group-31C3DC938042-LeaderElection113: Election REJECTED; received 2 response(s) [8bce6a00-3bba-419d-83ac-b35141b6b559<-774c78e1-8dd4-453d-975e-442189a07fe2#0:FAIL-t95, 8bce6a00-3bba-419d-83ac-b35141b6b559<-7247ad7d-2ca2-4af8-9337-77c07ea89cb3#0:FAIL-t95] and 0 exception(s); 8bce6a00-3bba-419d-83ac-b35141b6b559@group-31C3DC938042:t95, leader=null, voted=8bce6a00-3bba-419d-83ac-b35141b6b559, raftlog=8bce6a00-3bba-419d-83ac-b35141b6b559@group-31C3DC938042-SegmentedRaftLog:OPENED:c-1,f-1,i0, conf=-1: [774c78e1-8dd4-453d-975e-442189a07fe2:192.168.157.242:38712, 7247ad7d-2ca2-4af8-9337-77c07ea89cb3:192.168.157.242:42362, 8bce6a00-3bba-419d-83ac-b35141b6b559:192.168.157.242:37801], old=null
2019-10-19 01:26:38,275 [8bce6a00-3bba-419d-83ac-b35141b6b559@group-31C3DC938042-LeaderElection113] INFO  impl.RaftServerImpl (RaftServerImpl.java:setRole(184)) - 8bce6a00-3bba-419d-83ac-b35141b6b559@group-31C3DC938042: changes role from CANDIDATE to FOLLOWER at term 95 for DISCOVERED_A_NEW_TERM
2019-10-19 01:26:38,275 [8bce6a00-3bba-419d-83ac-b35141b6b559@group-31C3DC938042-LeaderElection113] INFO  impl.RoleInfo (RoleInfo.java:shutdownLeaderElection(134)) - 8bce6a00-3bba-419d-83ac-b35141b6b559: shutdown LeaderElection
2019-10-19 01:26:38,275 [8bce6a00-3bba-419d-83ac-b35141b6b559@group-31C3DC938042-LeaderElection113] INFO  impl.RoleInfo (RoleInfo.java:updateAndGet(143)) - 8bce6a00-3bba-419d-83ac-b35141b6b559: start FollowerState
2019-10-19 01:26:38,332 [Thread-1232] INFO  impl.FollowerState (FollowerState.java:run(108)) - 8bce6a00-3bba-419d-83ac-b35141b6b559@group-31C3DC938042-FollowerState: change to CANDIDATE, lastRpcTime:56ms, electionTimeout:56ms
2019-10-19 01:26:38,332 [Thread-1232] INFO  impl.RoleInfo (RoleInfo.java:shutdownFollowerState(121)) - 8bce6a00-3bba-419d-83ac-b35141b6b559: shutdown FollowerState
2019-10-19 01:26:38,332 [Thread-1232] INFO  impl.RaftServerImpl (RaftServerImpl.java:setRole(184)) - 8bce6a00-3bba-419d-83ac-b35141b6b559@group-31C3DC938042: changes role from  FOLLOWER to CANDIDATE at term 95 for changeToCandidate
2019-10-19 01:26:38,332 [Thread-1232] INFO  impl.RoleInfo (RoleInfo.java:updateAndGet(143)) - 8bce6a00-3bba-419d-83ac-b35141b6b559: start LeaderElection
2019-10-19 01:26:38,357 [8bce6a00-3bba-419d-83ac-b35141b6b559@group-31C3DC938042-LeaderElection114] INFO  impl.LeaderElection (LeaderElection.java:askForVotes(178)) - 8bce6a00-3bba-419d-83ac-b35141b6b559@group-31C3DC938042-LeaderElection114: begin an election at term 96 for -1: [774c78e1-8dd4-453d-975e-442189a07fe2:192.168.157.242:38712, 7247ad7d-2ca2-4af8-9337-77c07ea89cb3:192.168.157.242:42362, 8bce6a00-3bba-419d-83ac-b35141b6b559:192.168.157.242:37801], old=null
2019-10-19 01:26:38,359 [grpc-default-executor-0] INFO  impl.RaftServerImpl (RaftServerImpl.java:setRole(184)) - 7247ad7d-2ca2-4af8-9337-77c07ea89cb3@group-31C3DC938042: changes role from  FOLLOWER to FOLLOWER at term 96 for recognizeCandidate:8bce6a00-3bba-419d-83ac-b35141b6b559
2019-10-19 01:26:38,359 [grpc-default-executor-0] INFO  impl.RoleInfo (RoleInfo.java:shutdownFollowerState(121)) - 7247ad7d-2ca2-4af8-9337-77c07ea89cb3: shutdown FollowerState
2019-10-19 01:26:38,359 [grpc-default-executor-1] INFO  impl.RaftServerImpl (RaftServerImpl.java:setRole(184)) - 774c78e1-8dd4-453d-975e-442189a07fe2@group-31C3DC938042: changes role from  FOLLOWER to FOLLOWER at term 96 for recognizeCandidate:8bce6a00-3bba-419d-83ac-b35141b6b559
2019-10-19 01:26:38,359 [Thread-1230] INFO  impl.FollowerState (FollowerState.java:run(117)) - 7247ad7d-2ca2-4af8-9337-77c07ea89cb3@group-31C3DC938042-FollowerState was interrupted: java.lang.InterruptedException: sleep interrupted
2019-10-19 01:26:38,359 [grpc-default-executor-0] INFO  impl.RoleInfo (RoleInfo.java:updateAndGet(143)) - 7247ad7d-2ca2-4af8-9337-77c07ea89cb3: start FollowerState
2019-10-19 01:26:38,359 [grpc-default-executor-1] INFO  impl.RoleInfo (RoleInfo.java:shutdownFollowerState(121)) - 774c78e1-8dd4-453d-975e-442189a07fe2: shutdown FollowerState
2019-10-19 01:26:38,360 [grpc-default-executor-1] INFO  impl.RoleInfo (RoleInfo.java:updateAndGet(143)) - 774c78e1-8dd4-453d-975e-442189a07fe2: start FollowerState
2019-10-19 01:26:38,360 [Thread-1231] INFO  impl.FollowerState (FollowerState.java:run(117)) - 774c78e1-8dd4-453d-975e-442189a07fe2@group-31C3DC938042-FollowerState was interrupted: java.lang.InterruptedException: sleep interrupted
2019-10-19 01:26:38,385 [8bce6a00-3bba-419d-83ac-b35141b6b559@group-31C3DC938042-LeaderElection114] INFO  impl.LeaderElection (LeaderElection.java:logAndReturn(56)) - 8bce6a00-3bba-419d-83ac-b35141b6b559@group-31C3DC938042-LeaderElection114: Election REJECTED; received 2 response(s) [8bce6a00-3bba-419d-83ac-b35141b6b559<-774c78e1-8dd4-453d-975e-442189a07fe2#0:FAIL-t96, 8bce6a00-3bba-419d-83ac-b35141b6b559<-7247ad7d-2ca2-4af8-9337-77c07ea89cb3#0:FAIL-t96] and 0 exception(s); 8bce6a00-3bba-419d-83ac-b35141b6b559@group-31C3DC938042:t96, leader=null, voted=8bce6a00-3bba-419d-83ac-b35141b6b559, raftlog=8bce6a00-3bba-419d-83ac-b35141b6b559@group-31C3DC938042-SegmentedRaftLog:OPENED:c-1,f-1,i0, conf=-1: [774c78e1-8dd4-453d-975e-442189a07fe2:192.168.157.242:38712, 7247ad7d-2ca2-4af8-9337-77c07ea89cb3:192.168.157.242:42362, 8bce6a00-3bba-419d-83ac-b35141b6b559:192.168.157.242:37801], old=null
2019-10-19 01:26:38,385 [8bce6a00-3bba-419d-83ac-b35141b6b559@group-31C3DC938042-LeaderElection114] INFO  impl.RaftServerImpl (RaftServerImpl.java:setRole(184)) - 8bce6a00-3bba-419d-83ac-b35141b6b559@group-31C3DC938042: changes role from CANDIDATE to FOLLOWER at term 96 for DISCOVERED_A_NEW_TERM
2019-10-19 01:26:38,385 [8bce6a00-3bba-419d-83ac-b35141b6b559@group-31C3DC938042-LeaderElection114] INFO  impl.RoleInfo (RoleInfo.java:shutdownLeaderElection(134)) - 8bce6a00-3bba-419d-83ac-b35141b6b559: shutdown LeaderElection
2019-10-19 01:26:38,385 [8bce6a00-3bba-419d-83ac-b35141b6b559@group-31C3DC938042-LeaderElection114] INFO  impl.RoleInfo (RoleInfo.java:updateAndGet(143)) - 8bce6a00-3bba-419d-83ac-b35141b6b559: start FollowerState
2019-10-19 01:26:38,576 [Thread-1240] INFO  impl.FollowerState (FollowerState.java:run(108)) - 8bce6a00-3bba-419d-83ac-b35141b6b559@group-31C3DC938042-FollowerState: change to CANDIDATE, lastRpcTime:190ms, electionTimeout:190ms
2019-10-19 01:26:38,576 [Thread-1240] INFO  impl.RoleInfo (RoleInfo.java:shutdownFollowerState(121)) - 8bce6a00-3bba-419d-83ac-b35141b6b559: shutdown FollowerState
2019-10-19 01:26:38,576 [Thread-1240] INFO  impl.RaftServerImpl (RaftServerImpl.java:setRole(184)) - 8bce6a00-3bba-419d-83ac-b35141b6b559@group-31C3DC938042: changes role from  FOLLOWER to CANDIDATE at term 96 for changeToCandidate
2019-10-19 01:26:38,576 [Thread-1240] INFO  impl.RoleInfo (RoleInfo.java:updateAndGet(143)) - 8bce6a00-3bba-419d-83ac-b35141b6b559: start LeaderElection
2019-10-19 01:26:38,587 [8bce6a00-3bba-419d-83ac-b35141b6b559@group-31C3DC938042-LeaderElection115] INFO  impl.LeaderElection (LeaderElection.java:askForVotes(178)) - 8bce6a00-3bba-419d-83ac-b35141b6b559@group-31C3DC938042-LeaderElection115: begin an election at term 97 for -1: [774c78e1-8dd4-453d-975e-442189a07fe2:192.168.157.242:38712, 7247ad7d-2ca2-4af8-9337-77c07ea89cb3:192.168.157.242:42362, 8bce6a00-3bba-419d-83ac-b35141b6b559:192.168.157.242:37801], old=null
2019-10-19 01:26:38,589 [grpc-default-executor-0] INFO  impl.RaftServerImpl (RaftServerImpl.java:setRole(184)) - 774c78e1-8dd4-453d-975e-442189a07fe2@group-31C3DC938042: changes role from  FOLLOWER to FOLLOWER at term 97 for recognizeCandidate:8bce6a00-3bba-419d-83ac-b35141b6b559
2019-10-19 01:26:38,589 [grpc-default-executor-1] INFO  impl.RaftServerImpl (RaftServerImpl.java:setRole(184)) - 7247ad7d-2ca2-4af8-9337-77c07ea89cb3@group-31C3DC938042: changes role from  FOLLOWER to FOLLOWER at term 97 for recognizeCandidate:8bce6a00-3bba-419d-83ac-b35141b6b559
2019-10-19 01:26:38,589 [grpc-default-executor-0] INFO  impl.RoleInfo (RoleInfo.java:shutdownFollowerState(121)) - 774c78e1-8dd4-453d-975e-442189a07fe2: shutdown FollowerState
2019-10-19 01:26:38,590 [grpc-default-executor-1] INFO  impl.RoleInfo (RoleInfo.java:shutdownFollowerState(121)) - 7247ad7d-2ca2-4af8-9337-77c07ea89cb3: shutdown FollowerState
2019-10-19 01:26:38,590 [grpc-default-executor-0] INFO  impl.RoleInfo (RoleInfo.java:updateAndGet(143)) - 774c78e1-8dd4-453d-975e-442189a07fe2: start FollowerState
2019-10-19 01:26:38,590 [Thread-1237] INFO  impl.FollowerState (FollowerState.java:run(117)) - 774c78e1-8dd4-453d-975e-442189a07fe2@group-31C3DC938042-FollowerState was interrupted: java.lang.InterruptedException: sleep interrupted
2019-10-19 01:26:38,590 [Thread-1236] INFO  impl.FollowerState (FollowerState.java:run(117)) - 7247ad7d-2ca2-4af8-9337-77c07ea89cb3@group-31C3DC938042-FollowerState was interrupted: java.lang.InterruptedException: sleep interrupted
2019-10-19 01:26:38,590 [grpc-default-executor-1] INFO  impl.RoleInfo (RoleInfo.java:updateAndGet(143)) - 7247ad7d-2ca2-4af8-9337-77c07ea89cb3: start FollowerState
2019-10-19 01:26:38,605 [8bce6a00-3bba-419d-83ac-b35141b6b559@group-31C3DC938042-LeaderElection115] INFO  impl.LeaderElection (LeaderElection.java:logAndReturn(56)) - 8bce6a00-3bba-419d-83ac-b35141b6b559@group-31C3DC938042-LeaderElection115: Election REJECTED; received 2 response(s) [8bce6a00-3bba-419d-83ac-b35141b6b559<-774c78e1-8dd4-453d-975e-442189a07fe2#0:FAIL-t97, 8bce6a00-3bba-419d-83ac-b35141b6b559<-7247ad7d-2ca2-4af8-9337-77c07ea89cb3#0:FAIL-t97] and 0 exception(s); 8bce6a00-3bba-419d-83ac-b35141b6b559@group-31C3DC938042:t97, leader=null, voted=8bce6a00-3bba-419d-83ac-b35141b6b559, raftlog=8bce6a00-3bba-419d-83ac-b35141b6b559@group-31C3DC938042-SegmentedRaftLog:OPENED:c-1,f-1,i0, conf=-1: [774c78e1-8dd4-453d-975e-442189a07fe2:192.168.157.242:38712, 7247ad7d-2ca2-4af8-9337-77c07ea89cb3:192.168.157.242:42362, 8bce6a00-3bba-419d-83ac-b35141b6b559:192.168.157.242:37801], old=null
2019-10-19 01:26:38,606 [8bce6a00-3bba-419d-83ac-b35141b6b559@group-31C3DC938042-LeaderElection115] INFO  impl.RaftServerImpl (RaftServerImpl.java:setRole(184)) - 8bce6a00-3bba-419d-83ac-b35141b6b559@group-31C3DC938042: changes role from CANDIDATE to FOLLOWER at term 97 for DISCOVERED_A_NEW_TERM
2019-10-19 01:26:38,606 [8bce6a00-3bba-419d-83ac-b35141b6b559@group-31C3DC938042-LeaderElection115] INFO  impl.RoleInfo (RoleInfo.java:shutdownLeaderElection(134)) - 8bce6a00-3bba-419d-83ac-b35141b6b559: shutdown LeaderElection
2019-10-19 01:26:38,606 [8bce6a00-3bba-419d-83ac-b35141b6b559@group-31C3DC938042-LeaderElection115] INFO  impl.RoleInfo (RoleInfo.java:updateAndGet(143)) - 8bce6a00-3bba-419d-83ac-b35141b6b559: start FollowerState
2019-10-19 01:26:38,754 [Thread-1246] INFO  impl.FollowerState (FollowerState.java:run(108)) - 8bce6a00-3bba-419d-83ac-b35141b6b559@group-31C3DC938042-FollowerState: change to CANDIDATE, lastRpcTime:148ms, electionTimeout:148ms
2019-10-19 01:26:38,754 [Thread-1246] INFO  impl.RoleInfo (RoleInfo.java:shutdownFollowerState(121)) - 8bce6a00-3bba-419d-83ac-b35141b6b559: shutdown FollowerState
2019-10-19 01:26:38,754 [Thread-1246] INFO  impl.RaftServerImpl (RaftServerImpl.java:setRole(184)) - 8bce6a00-3bba-419d-83ac-b35141b6b559@group-31C3DC938042: changes role from  FOLLOWER to CANDIDATE at term 97 for changeToCandidate
2019-10-19 01:26:38,754 [Thread-1246] INFO  impl.RoleInfo (RoleInfo.java:updateAndGet(143)) - 8bce6a00-3bba-419d-83ac-b35141b6b559: start LeaderElection
2019-10-19 01:26:38,827 [8bce6a00-3bba-419d-83ac-b35141b6b559@group-31C3DC938042-LeaderElection116] INFO  impl.LeaderElection (LeaderElection.java:askForVotes(178)) - 8bce6a00-3bba-419d-83ac-b35141b6b559@group-31C3DC938042-LeaderElection116: begin an election at term 98 for -1: [774c78e1-8dd4-453d-975e-442189a07fe2:192.168.157.242:38712, 7247ad7d-2ca2-4af8-9337-77c07ea89cb3:192.168.157.242:42362, 8bce6a00-3bba-419d-83ac-b35141b6b559:192.168.157.242:37801], old=null
2019-10-19 01:26:38,829 [grpc-default-executor-1] INFO  impl.RaftServerImpl (RaftServerImpl.java:setRole(184)) - 774c78e1-8dd4-453d-975e-442189a07fe2@group-31C3DC938042: changes role from  FOLLOWER to FOLLOWER at term 98 for recognizeCandidate:8bce6a00-3bba-419d-83ac-b35141b6b559
2019-10-19 01:26:38,829 [grpc-default-executor-1] INFO  impl.RoleInfo (RoleInfo.java:shutdownFollowerState(121)) - 774c78e1-8dd4-453d-975e-442189a07fe2: shutdown FollowerState
2019-10-19 01:26:38,829 [grpc-default-executor-0] INFO  impl.RaftServerImpl (RaftServerImpl.java:setRole(184)) - 7247ad7d-2ca2-4af8-9337-77c07ea89cb3@group-31C3DC938042: changes role from  FOLLOWER to FOLLOWER at term 98 for recognizeCandidate:8bce6a00-3bba-419d-83ac-b35141b6b559
2019-10-19 01:26:38,830 [grpc-default-executor-0] INFO  impl.RoleInfo (RoleInfo.java:shutdownFollowerState(121)) - 7247ad7d-2ca2-4af8-9337-77c07ea89cb3: shutdown FollowerState
2019-10-19 01:26:38,830 [Thread-1244] INFO  impl.FollowerState (FollowerState.java:run(117)) - 774c78e1-8dd4-453d-975e-442189a07fe2@group-31C3DC938042-FollowerState was interrupted: java.lang.InterruptedException: sleep interrupted
2019-10-19 01:26:38,829 [grpc-default-executor-1] INFO  impl.RoleInfo (RoleInfo.java:updateAndGet(143)) - 774c78e1-8dd4-453d-975e-442189a07fe2: start FollowerState
2019-10-19 01:26:38,830 [Thread-1245] INFO  impl.FollowerState (FollowerState.java:run(117)) - 7247ad7d-2ca2-4af8-9337-77c07ea89cb3@group-31C3DC938042-FollowerState was interrupted: java.lang.InterruptedException: sleep interrupted
2019-10-19 01:26:38,830 [grpc-default-executor-0] INFO  impl.RoleInfo (RoleInfo.java:updateAndGet(143)) - 7247ad7d-2ca2-4af8-9337-77c07ea89cb3: start FollowerState
2019-10-19 01:26:38,845 [8bce6a00-3bba-419d-83ac-b35141b6b559@group-31C3DC938042-LeaderElection116] INFO  impl.LeaderElection (LeaderElection.java:logAndReturn(56)) - 8bce6a00-3bba-419d-83ac-b35141b6b559@group-31C3DC938042-LeaderElection116: Election REJECTED; received 2 response(s) [8bce6a00-3bba-419d-83ac-b35141b6b559<-774c78e1-8dd4-453d-975e-442189a07fe2#0:FAIL-t98, 8bce6a00-3bba-419d-83ac-b35141b6b559<-7247ad7d-2ca2-4af8-9337-77c07ea89cb3#0:FAIL-t98] and 0 exception(s); 8bce6a00-3bba-419d-83ac-b35141b6b559@group-31C3DC938042:t98, leader=null, voted=8bce6a00-3bba-419d-83ac-b35141b6b559, raftlog=8bce6a00-3bba-419d-83ac-b35141b6b559@group-31C3DC938042-SegmentedRaftLog:OPENED:c-1,f-1,i0, conf=-1: [774c78e1-8dd4-453d-975e-442189a07fe2:192.168.157.242:38712, 7247ad7d-2ca2-4af8-9337-77c07ea89cb3:192.168.157.242:42362, 8bce6a00-3bba-419d-83ac-b35141b6b559:192.168.157.242:37801], old=null
2019-10-19 01:26:38,845 [8bce6a00-3bba-419d-83ac-b35141b6b559@group-31C3DC938042-LeaderElection116] INFO  impl.RaftServerImpl (RaftServerImpl.java:setRole(184)) - 8bce6a00-3bba-419d-83ac-b35141b6b559@group-31C3DC938042: changes role from CANDIDATE to FOLLOWER at term 98 for DISCOVERED_A_NEW_TERM
2019-10-19 01:26:38,846 [8bce6a00-3bba-419d-83ac-b35141b6b559@group-31C3DC938042-LeaderElection116] INFO  impl.RoleInfo (RoleInfo.java:shutdownLeaderElection(134)) - 8bce6a00-3bba-419d-83ac-b35141b6b559: shutdown LeaderElection
2019-10-19 01:26:38,846 [8bce6a00-3bba-419d-83ac-b35141b6b559@group-31C3DC938042-LeaderElection116] INFO  impl.RoleInfo (RoleInfo.java:updateAndGet(143)) - 8bce6a00-3bba-419d-83ac-b35141b6b559: start FollowerState
2019-10-19 01:26:38,860 [Thread-1254] INFO  impl.FollowerState (FollowerState.java:run(108)) - 8bce6a00-3bba-419d-83ac-b35141b6b559@group-31C3DC938042-FollowerState: change to CANDIDATE, lastRpcTime:14ms, electionTimeout:14ms
2019-10-19 01:26:38,860 [Thread-1254] INFO  impl.RoleInfo (RoleInfo.java:shutdownFollowerState(121)) - 8bce6a00-3bba-419d-83ac-b35141b6b559: shutdown FollowerState
2019-10-19 01:26:38,860 [Thread-1254] INFO  impl.RaftServerImpl (RaftServerImpl.java:setRole(184)) - 8bce6a00-3bba-419d-83ac-b35141b6b559@group-31C3DC938042: changes role from  FOLLOWER to CANDIDATE at term 98 for changeToCandidate
2019-10-19 01:26:38,860 [Thread-1254] INFO  impl.RoleInfo (RoleInfo.java:updateAndGet(143)) - 8bce6a00-3bba-419d-83ac-b35141b6b559: start LeaderElection
2019-10-19 01:26:38,875 [8bce6a00-3bba-419d-83ac-b35141b6b559@group-31C3DC938042-LeaderElection117] INFO  impl.LeaderElection (LeaderElection.java:askForVotes(178)) - 8bce6a00-3bba-419d-83ac-b35141b6b559@group-31C3DC938042-LeaderElection117: begin an election at term 99 for -1: [774c78e1-8dd4-453d-975e-442189a07fe2:192.168.157.242:38712, 7247ad7d-2ca2-4af8-9337-77c07ea89cb3:192.168.157.242:42362, 8bce6a00-3bba-419d-83ac-b35141b6b559:192.168.157.242:37801], old=null
2019-10-19 01:26:38,876 [grpc-default-executor-1] INFO  impl.RaftServerImpl (RaftServerImpl.java:setRole(184)) - 774c78e1-8dd4-453d-975e-442189a07fe2@group-31C3DC938042: changes role from  FOLLOWER to FOLLOWER at term 99 for recognizeCandidate:8bce6a00-3bba-419d-83ac-b35141b6b559
2019-10-19 01:26:38,876 [grpc-default-executor-1] INFO  impl.RoleInfo (RoleInfo.java:shutdownFollowerState(121)) - 774c78e1-8dd4-453d-975e-442189a07fe2: shutdown FollowerState
2019-10-19 01:26:38,877 [grpc-default-executor-1] INFO  impl.RoleInfo (RoleInfo.java:updateAndGet(143)) - 774c78e1-8dd4-453d-975e-442189a07fe2: start FollowerState
2019-10-19 01:26:38,877 [Thread-1252] INFO  impl.FollowerState (FollowerState.java:run(117)) - 774c78e1-8dd4-453d-975e-442189a07fe2@group-31C3DC938042-FollowerState was interrupted: java.lang.InterruptedException: sleep interrupted
2019-10-19 01:26:38,877 [grpc-default-executor-0] INFO  impl.RaftServerImpl (RaftServerImpl.java:setRole(184)) - 7247ad7d-2ca2-4af8-9337-77c07ea89cb3@group-31C3DC938042: changes role from  FOLLOWER to FOLLOWER at term 99 for recognizeCandidate:8bce6a00-3bba-419d-83ac-b35141b6b559
2019-10-19 01:26:38,877 [grpc-default-executor-0] INFO  impl.RoleInfo (RoleInfo.java:shutdownFollowerState(121)) - 7247ad7d-2ca2-4af8-9337-77c07ea89cb3: shutdown FollowerState
2019-10-19 01:26:38,877 [Thread-1253] INFO  impl.FollowerState (FollowerState.java:run(117)) - 7247ad7d-2ca2-4af8-9337-77c07ea89cb3@group-31C3DC938042-FollowerState was interrupted: java.lang.InterruptedException: sleep interrupted
2019-10-19 01:26:38,877 [grpc-default-executor-0] INFO  impl.RoleInfo (RoleInfo.java:updateAndGet(143)) - 7247ad7d-2ca2-4af8-9337-77c07ea89cb3: start FollowerState
2019-10-19 01:26:38,908 [8bce6a00-3bba-419d-83ac-b35141b6b559@group-31C3DC938042-LeaderElection117] INFO  impl.LeaderElection (LeaderElection.java:logAndReturn(56)) - 8bce6a00-3bba-419d-83ac-b35141b6b559@group-31C3DC938042-LeaderElection117: Election TIMEOUT; received 0 response(s) [] and 0 exception(s); 8bce6a00-3bba-419d-83ac-b35141b6b559@group-31C3DC938042:t99, leader=null, voted=8bce6a00-3bba-419d-83ac-b35141b6b559, raftlog=8bce6a00-3bba-419d-83ac-b35141b6b559@group-31C3DC938042-SegmentedRaftLog:OPENED:c-1,f-1,i0, conf=-1: [774c78e1-8dd4-453d-975e-442189a07fe2:192.168.157.242:38712, 7247ad7d-2ca2-4af8-9337-77c07ea89cb3:192.168.157.242:42362, 8bce6a00-3bba-419d-83ac-b35141b6b559:192.168.157.242:37801], old=null
2019-10-19 01:26:38,912 [8bce6a00-3bba-419d-83ac-b35141b6b559@group-31C3DC938042-LeaderElection117] INFO  impl.LeaderElection (LeaderElection.java:askForVotes(178)) - 8bce6a00-3bba-419d-83ac-b35141b6b559@group-31C3DC938042-LeaderElection117: begin an election at term 100 for -1: [774c78e1-8dd4-453d-975e-442189a07fe2:192.168.157.242:38712, 7247ad7d-2ca2-4af8-9337-77c07ea89cb3:192.168.157.242:42362, 8bce6a00-3bba-419d-83ac-b35141b6b559:192.168.157.242:37801], old=null
2019-10-19 01:26:38,914 [grpc-default-executor-0] INFO  impl.RaftServerImpl (RaftServerImpl.java:setRole(184)) - 7247ad7d-2ca2-4af8-9337-77c07ea89cb3@group-31C3DC938042: changes role from  FOLLOWER to FOLLOWER at term 100 for recognizeCandidate:8bce6a00-3bba-419d-83ac-b35141b6b559
2019-10-19 01:26:38,915 [grpc-default-executor-0] INFO  impl.RoleInfo (RoleInfo.java:shutdownFollowerState(121)) - 7247ad7d-2ca2-4af8-9337-77c07ea89cb3: shutdown FollowerState
2019-10-19 01:26:38,915 [grpc-default-executor-1] INFO  impl.RaftServerImpl (RaftServerImpl.java:setRole(184)) - 774c78e1-8dd4-453d-975e-442189a07fe2@group-31C3DC938042: changes role from  FOLLOWER to FOLLOWER at term 100 for recognizeCandidate:8bce6a00-3bba-419d-83ac-b35141b6b559
2019-10-19 01:26:38,915 [grpc-default-executor-0] INFO  impl.RoleInfo (RoleInfo.java:updateAndGet(143)) - 7247ad7d-2ca2-4af8-9337-77c07ea89cb3: start FollowerState
2019-10-19 01:26:38,915 [Thread-1261] INFO  impl.FollowerState (FollowerState.java:run(117)) - 7247ad7d-2ca2-4af8-9337-77c07ea89cb3@group-31C3DC938042-FollowerState was interrupted: java.lang.InterruptedException: sleep interrupted
2019-10-19 01:26:38,915 [grpc-default-executor-1] INFO  impl.RoleInfo (RoleInfo.java:shutdownFollowerState(121)) - 774c78e1-8dd4-453d-975e-442189a07fe2: shutdown FollowerState
2019-10-19 01:26:38,915 [grpc-default-executor-1] INFO  impl.RoleInfo (RoleInfo.java:updateAndGet(143)) - 774c78e1-8dd4-453d-975e-442189a07fe2: start FollowerState
2019-10-19 01:26:38,916 [Thread-1260] INFO  impl.FollowerState (FollowerState.java:run(117)) - 774c78e1-8dd4-453d-975e-442189a07fe2@group-31C3DC938042-FollowerState was interrupted: java.lang.InterruptedException: sleep interrupted
2019-10-19 01:26:38,927 [8bce6a00-3bba-419d-83ac-b35141b6b559@group-31C3DC938042-LeaderElection117] INFO  impl.LeaderElection (LeaderElection.java:logAndReturn(56)) - 8bce6a00-3bba-419d-83ac-b35141b6b559@group-31C3DC938042-LeaderElection117: Election REJECTED; received 2 response(s) [8bce6a00-3bba-419d-83ac-b35141b6b559<-774c78e1-8dd4-453d-975e-442189a07fe2#0:FAIL-t100, 8bce6a00-3bba-419d-83ac-b35141b6b559<-7247ad7d-2ca2-4af8-9337-77c07ea89cb3#0:FAIL-t100] and 0 exception(s); 8bce6a00-3bba-419d-83ac-b35141b6b559@group-31C3DC938042:t100, leader=null, voted=8bce6a00-3bba-419d-83ac-b35141b6b559, raftlog=8bce6a00-3bba-419d-83ac-b35141b6b559@group-31C3DC938042-SegmentedRaftLog:OPENED:c-1,f-1,i0, conf=-1: [774c78e1-8dd4-453d-975e-442189a07fe2:192.168.157.242:38712, 7247ad7d-2ca2-4af8-9337-77c07ea89cb3:192.168.157.242:42362, 8bce6a00-3bba-419d-83ac-b35141b6b559:192.168.157.242:37801], old=null
2019-10-19 01:26:38,927 [8bce6a00-3bba-419d-83ac-b35141b6b559@group-31C3DC938042-LeaderElection117] INFO  impl.RaftServerImpl (RaftServerImpl.java:setRole(184)) - 8bce6a00-3bba-419d-83ac-b35141b6b559@group-31C3DC938042: changes role from CANDIDATE to FOLLOWER at term 100 for DISCOVERED_A_NEW_TERM
2019-10-19 01:26:38,927 [8bce6a00-3bba-419d-83ac-b35141b6b559@group-31C3DC938042-LeaderElection117] INFO  impl.RoleInfo (RoleInfo.java:shutdownLeaderElection(134)) - 8bce6a00-3bba-419d-83ac-b35141b6b559: shutdown LeaderElection
2019-10-19 01:26:38,928 [8bce6a00-3bba-419d-83ac-b35141b6b559@group-31C3DC938042-LeaderElection117] INFO  impl.RoleInfo (RoleInfo.java:updateAndGet(143)) - 8bce6a00-3bba-419d-83ac-b35141b6b559: start FollowerState
2019-10-19 01:26:39,002 [Thread-1266] INFO  impl.FollowerState (FollowerState.java:run(108)) - 8bce6a00-3bba-419d-83ac-b35141b6b559@group-31C3DC938042-FollowerState: change to CANDIDATE, lastRpcTime:74ms, electionTimeout:74ms
2019-10-19 01:26:39,002 [Thread-1266] INFO  impl.RoleInfo (RoleInfo.java:shutdownFollowerState(121)) - 8bce6a00-3bba-419d-83ac-b35141b6b559: shutdown FollowerState
2019-10-19 01:26:39,002 [Thread-1266] INFO  impl.RaftServerImpl (RaftServerImpl.java:setRole(184)) - 8bce6a00-3bba-419d-83ac-b35141b6b559@group-31C3DC938042: changes role from  FOLLOWER to CANDIDATE at term 100 for changeToCandidate
2019-10-19 01:26:39,003 [Thread-1266] INFO  impl.RoleInfo (RoleInfo.java:updateAndGet(143)) - 8bce6a00-3bba-419d-83ac-b35141b6b559: start LeaderElection
2019-10-19 01:26:39,010 [8bce6a00-3bba-419d-83ac-b35141b6b559@group-31C3DC938042-LeaderElection118] INFO  impl.LeaderElection (LeaderElection.java:askForVotes(178)) - 8bce6a00-3bba-419d-83ac-b35141b6b559@group-31C3DC938042-LeaderElection118: begin an election at term 101 for -1: [774c78e1-8dd4-453d-975e-442189a07fe2:192.168.157.242:38712, 7247ad7d-2ca2-4af8-9337-77c07ea89cb3:192.168.157.242:42362, 8bce6a00-3bba-419d-83ac-b35141b6b559:192.168.157.242:37801], old=null
2019-10-19 01:26:39,012 [grpc-default-executor-1] INFO  impl.RaftServerImpl (RaftServerImpl.java:setRole(184)) - 774c78e1-8dd4-453d-975e-442189a07fe2@group-31C3DC938042: changes role from  FOLLOWER to FOLLOWER at term 101 for recognizeCandidate:8bce6a00-3bba-419d-83ac-b35141b6b559
2019-10-19 01:26:39,012 [grpc-default-executor-1] INFO  impl.RoleInfo (RoleInfo.java:shutdownFollowerState(121)) - 774c78e1-8dd4-453d-975e-442189a07fe2: shutdown FollowerState
2019-10-19 01:26:39,012 [grpc-default-executor-0] INFO  impl.RaftServerImpl (RaftServerImpl.java:setRole(184)) - 7247ad7d-2ca2-4af8-9337-77c07ea89cb3@group-31C3DC938042: changes role from  FOLLOWER to FOLLOWER at term 101 for recognizeCandidate:8bce6a00-3bba-419d-83ac-b35141b6b559
2019-10-19 01:26:39,012 [grpc-default-executor-1] INFO  impl.RoleInfo (RoleInfo.java:updateAndGet(143)) - 774c78e1-8dd4-453d-975e-442189a07fe2: start FollowerState
2019-10-19 01:26:39,012 [Thread-1265] INFO  impl.FollowerState (FollowerState.java:run(117)) - 774c78e1-8dd4-453d-975e-442189a07fe2@group-31C3DC938042-FollowerState was interrupted: java.lang.InterruptedException: sleep interrupted
2019-10-19 01:26:39,013 [grpc-default-executor-0] INFO  impl.RoleInfo (RoleInfo.java:shutdownFollowerState(121)) - 7247ad7d-2ca2-4af8-9337-77c07ea89cb3: shutdown FollowerState
2019-10-19 01:26:39,013 [Thread-1264] INFO  impl.FollowerState (FollowerState.java:run(117)) - 7247ad7d-2ca2-4af8-9337-77c07ea89cb3@group-31C3DC938042-FollowerState was interrupted: java.lang.InterruptedException: sleep interrupted
2019-10-19 01:26:39,013 [grpc-default-executor-0] INFO  impl.RoleInfo (RoleInfo.java:updateAndGet(143)) - 7247ad7d-2ca2-4af8-9337-77c07ea89cb3: start FollowerState
2019-10-19 01:26:39,061 [8bce6a00-3bba-419d-83ac-b35141b6b559@group-31C3DC938042-LeaderElection118] INFO  impl.LeaderElection (LeaderElection.java:logAndReturn(56)) - 8bce6a00-3bba-419d-83ac-b35141b6b559@group-31C3DC938042-LeaderElection118: Election REJECTED; received 2 response(s) [8bce6a00-3bba-419d-83ac-b35141b6b559<-774c78e1-8dd4-453d-975e-442189a07fe2#0:FAIL-t101, 8bce6a00-3bba-419d-83ac-b35141b6b559<-7247ad7d-2ca2-4af8-9337-77c07ea89cb3#0:FAIL-t101] and 0 exception(s); 8bce6a00-3bba-419d-83ac-b35141b6b559@group-31C3DC938042:t101, leader=null, voted=8bce6a00-3bba-419d-83ac-b35141b6b559, raftlog=8bce6a00-3bba-419d-83ac-b35141b6b559@group-31C3DC938042-SegmentedRaftLog:OPENED:c-1,f-1,i0, conf=-1: [774c78e1-8dd4-453d-975e-442189a07fe2:192.168.157.242:38712, 7247ad7d-2ca2-4af8-9337-77c07ea89cb3:192.168.157.242:42362, 8bce6a00-3bba-419d-83ac-b35141b6b559:192.168.157.242:37801], old=null
2019-10-19 01:26:39,061 [8bce6a00-3bba-419d-83ac-b35141b6b559@group-31C3DC938042-LeaderElection118] INFO  impl.RaftServerImpl (RaftServerImpl.java:setRole(184)) - 8bce6a00-3bba-419d-83ac-b35141b6b559@group-31C3DC938042: changes role from CANDIDATE to FOLLOWER at term 101 for DISCOVERED_A_NEW_TERM
2019-10-19 01:26:39,061 [8bce6a00-3bba-419d-83ac-b35141b6b559@group-31C3DC938042-LeaderElection118] INFO  impl.RoleInfo (RoleInfo.java:shutdownLeaderElection(134)) - 8bce6a00-3bba-419d-83ac-b35141b6b559: shutdown LeaderElection
2019-10-19 01:26:39,061 [8bce6a00-3bba-419d-83ac-b35141b6b559@group-31C3DC938042-LeaderElection118] INFO  impl.RoleInfo (RoleInfo.java:updateAndGet(143)) - 8bce6a00-3bba-419d-83ac-b35141b6b559: start FollowerState
2019-10-19 01:26:39,177 [Thread-1272] INFO  impl.FollowerState (FollowerState.java:run(108)) - 8bce6a00-3bba-419d-83ac-b35141b6b559@group-31C3DC938042-FollowerState: change to CANDIDATE, lastRpcTime:115ms, electionTimeout:115ms
2019-10-19 01:26:39,177 [Thread-1272] INFO  impl.RoleInfo (RoleInfo.java:shutdownFollowerState(121)) - 8bce6a00-3bba-419d-83ac-b35141b6b559: shutdown FollowerState
2019-10-19 01:26:39,177 [Thread-1272] INFO  impl.RaftServerImpl (RaftServerImpl.java:setRole(184)) - 8bce6a00-3bba-419d-83ac-b35141b6b559@group-31C3DC938042: changes role from  FOLLOWER to CANDIDATE at term 101 for changeToCandidate
2019-10-19 01:26:39,177 [Thread-1272] INFO  impl.RoleInfo (RoleInfo.java:updateAndGet(143)) - 8bce6a00-3bba-419d-83ac-b35141b6b559: start LeaderElection
2019-10-19 01:26:39,193 [8bce6a00-3bba-419d-83ac-b35141b6b559@group-31C3DC938042-LeaderElection119] INFO  impl.LeaderElection (LeaderElection.java:askForVotes(178)) - 8bce6a00-3bba-419d-83ac-b35141b6b559@group-31C3DC938042-LeaderElection119: begin an election at term 102 for -1: [774c78e1-8dd4-453d-975e-442189a07fe2:192.168.157.242:38712, 7247ad7d-2ca2-4af8-9337-77c07ea89cb3:192.168.157.242:42362, 8bce6a00-3bba-419d-83ac-b35141b6b559:192.168.157.242:37801], old=null
2019-10-19 01:26:39,195 [grpc-default-executor-1] INFO  impl.RaftServerImpl (RaftServerImpl.java:setRole(184)) - 774c78e1-8dd4-453d-975e-442189a07fe2@group-31C3DC938042: changes role from  FOLLOWER to FOLLOWER at term 102 for recognizeCandidate:8bce6a00-3bba-419d-83ac-b35141b6b559
2019-10-19 01:26:39,195 [grpc-default-executor-1] INFO  impl.RoleInfo (RoleInfo.java:shutdownFollowerState(121)) - 774c78e1-8dd4-453d-975e-442189a07fe2: shutdown FollowerState
2019-10-19 01:26:39,196 [Thread-1270] INFO  impl.FollowerState (FollowerState.java:run(117)) - 774c78e1-8dd4-453d-975e-442189a07fe2@group-31C3DC938042-FollowerState was interrupted: java.lang.InterruptedException: sleep interrupted
2019-10-19 01:26:39,196 [grpc-default-executor-1] INFO  impl.RoleInfo (RoleInfo.java:updateAndGet(143)) - 774c78e1-8dd4-453d-975e-442189a07fe2: start FollowerState
2019-10-19 01:26:39,197 [grpc-default-executor-3] INFO  impl.RaftServerImpl (RaftServerImpl.java:setRole(184)) - 7247ad7d-2ca2-4af8-9337-77c07ea89cb3@group-31C3DC938042: changes role from  FOLLOWER to FOLLOWER at term 102 for recognizeCandidate:8bce6a00-3bba-419d-83ac-b35141b6b559
2019-10-19 01:26:39,198 [grpc-default-executor-3] INFO  impl.RoleInfo (RoleInfo.java:shutdownFollowerState(121)) - 7247ad7d-2ca2-4af8-9337-77c07ea89cb3: shutdown FollowerState
2019-10-19 01:26:39,198 [grpc-default-executor-3] INFO  impl.RoleInfo (RoleInfo.java:updateAndGet(143)) - 7247ad7d-2ca2-4af8-9337-77c07ea89cb3: start FollowerState
2019-10-19 01:26:39,409 [8bce6a00-3bba-419d-83ac-b35141b6b559@group-31C3DC938042-LeaderElection119] INFO  impl.LeaderElection (LeaderElection.java:logAndReturn(56)) - 8bce6a00-3bba-419d-83ac-b35141b6b559@group-31C3DC938042-LeaderElection119: Election TIMEOUT; received 0 response(s) [] and 0 exception(s); 8bce6a00-3bba-419d-83ac-b35141b6b559@group-31C3DC938042:t102, leader=null, voted=8bce6a00-3bba-419d-83ac-b35141b6b559, raftlog=8bce6a00-3bba-419d-83ac-b35141b6b559@group-31C3DC938042-SegmentedRaftLog:OPENED:c-1,f-1,i0, conf=-1: [774c78e1-8dd4-453d-975e-442189a07fe2:192.168.157.242:38712, 7247ad7d-2ca2-4af8-9337-77c07ea89cb3:192.168.157.242:42362, 8bce6a00-3bba-419d-83ac-b35141b6b559:192.168.157.242:37801], old=null
2019-10-19 01:26:39,198 [Thread-1271] INFO  impl.FollowerState (FollowerState.java:run(117)) - 7247ad7d-2ca2-4af8-9337-77c07ea89cb3@group-31C3DC938042-FollowerState was interrupted: java.lang.InterruptedException: sleep interrupted
2019-10-19 01:26:39,420 [8bce6a00-3bba-419d-83ac-b35141b6b559@group-31C3DC938042-LeaderElection119] INFO  impl.LeaderElection (LeaderElection.java:askForVotes(178)) - 8bce6a00-3bba-419d-83ac-b35141b6b559@group-31C3DC938042-LeaderElection119: begin an election at term 103 for -1: [774c78e1-8dd4-453d-975e-442189a07fe2:192.168.157.242:38712, 7247ad7d-2ca2-4af8-9337-77c07ea89cb3:192.168.157.242:42362, 8bce6a00-3bba-419d-83ac-b35141b6b559:192.168.157.242:37801], old=null
2019-10-19 01:26:39,422 [grpc-default-executor-1] INFO  impl.RaftServerImpl (RaftServerImpl.java:setRole(184)) - 774c78e1-8dd4-453d-975e-442189a07fe2@group-31C3DC938042: changes role from  FOLLOWER to FOLLOWER at term 103 for recognizeCandidate:8bce6a00-3bba-419d-83ac-b35141b6b559
2019-10-19 01:26:39,422 [grpc-default-executor-1] INFO  impl.RoleInfo (RoleInfo.java:shutdownFollowerState(121)) - 774c78e1-8dd4-453d-975e-442189a07fe2: shutdown FollowerState
2019-10-19 01:26:39,422 [grpc-default-executor-1] INFO  impl.RoleInfo (RoleInfo.java:updateAndGet(143)) - 774c78e1-8dd4-453d-975e-442189a07fe2: start FollowerState
2019-10-19 01:26:39,422 [Thread-1277] INFO  impl.FollowerState (FollowerState.java:run(117)) - 774c78e1-8dd4-453d-975e-442189a07fe2@group-31C3DC938042-FollowerState was interrupted: java.lang.InterruptedException: sleep interrupted
2019-10-19 01:26:39,423 [grpc-default-executor-3] INFO  impl.RaftServerImpl (RaftServerImpl.java:setRole(184)) - 7247ad7d-2ca2-4af8-9337-77c07ea89cb3@group-31C3DC938042: changes role from  FOLLOWER to FOLLOWER at term 103 for recognizeCandidate:8bce6a00-3bba-419d-83ac-b35141b6b559
2019-10-19 01:26:39,423 [grpc-default-executor-3] INFO  impl.RoleInfo (RoleInfo.java:shutdownFollowerState(121)) - 7247ad7d-2ca2-4af8-9337-77c07ea89cb3: shutdown FollowerState
2019-10-19 01:26:39,423 [grpc-default-executor-3] INFO  impl.RoleInfo (RoleInfo.java:updateAndGet(143)) - 7247ad7d-2ca2-4af8-9337-77c07ea89cb3: start FollowerState
2019-10-19 01:26:39,423 [Thread-1279] INFO  impl.FollowerState (FollowerState.java:run(117)) - 7247ad7d-2ca2-4af8-9337-77c07ea89cb3@group-31C3DC938042-FollowerState was interrupted: java.lang.InterruptedException: sleep interrupted
2019-10-19 01:26:39,457 [8bce6a00-3bba-419d-83ac-b35141b6b559@group-31C3DC938042-LeaderElection119] INFO  impl.LeaderElection (LeaderElection.java:logAndReturn(56)) - 8bce6a00-3bba-419d-83ac-b35141b6b559@group-31C3DC938042-LeaderElection119: Election TIMEOUT; received 0 response(s) [] and 0 exception(s); 8bce6a00-3bba-419d-83ac-b35141b6b559@group-31C3DC938042:t103, leader=null, voted=8bce6a00-3bba-419d-83ac-b35141b6b559, raftlog=8bce6a00-3bba-419d-83ac-b35141b6b559@group-31C3DC938042-SegmentedRaftLog:OPENED:c-1,f-1,i0, conf=-1: [774c78e1-8dd4-453d-975e-442189a07fe2:192.168.157.242:38712, 7247ad7d-2ca2-4af8-9337-77c07ea89cb3:192.168.157.242:42362, 8bce6a00-3bba-419d-83ac-b35141b6b559:192.168.157.242:37801], old=null
2019-10-19 01:26:39,484 [8bce6a00-3bba-419d-83ac-b35141b6b559@group-31C3DC938042-LeaderElection119] INFO  impl.LeaderElection (LeaderElection.java:askForVotes(178)) - 8bce6a00-3bba-419d-83ac-b35141b6b559@group-31C3DC938042-LeaderElection119: begin an election at term 104 for -1: [774c78e1-8dd4-453d-975e-442189a07fe2:192.168.157.242:38712, 7247ad7d-2ca2-4af8-9337-77c07ea89cb3:192.168.157.242:42362, 8bce6a00-3bba-419d-83ac-b35141b6b559:192.168.157.242:37801], old=null
2019-10-19 01:26:39,486 [grpc-default-executor-1] INFO  impl.RaftServerImpl (RaftServerImpl.java:setRole(184)) - 7247ad7d-2ca2-4af8-9337-77c07ea89cb3@group-31C3DC938042: changes role from  FOLLOWER to FOLLOWER at term 104 for recognizeCandidate:8bce6a00-3bba-419d-83ac-b35141b6b559
2019-10-19 01:26:39,486 [grpc-default-executor-3] INFO  impl.RaftServerImpl (RaftServerImpl.java:setRole(184)) - 774c78e1-8dd4-453d-975e-442189a07fe2@group-31C3DC938042: changes role from  FOLLOWER to FOLLOWER at term 104 for recognizeCandidate:8bce6a00-3bba-419d-83ac-b35141b6b559
2019-10-19 01:26:39,486 [grpc-default-executor-3] INFO  impl.RoleInfo (RoleInfo.java:shutdownFollowerState(121)) - 774c78e1-8dd4-453d-975e-442189a07fe2: shutdown FollowerState
2019-10-19 01:26:39,486 [grpc-default-executor-1] INFO  impl.RoleInfo (RoleInfo.java:shutdownFollowerState(121)) - 7247ad7d-2ca2-4af8-9337-77c07ea89cb3: shutdown FollowerState
2019-10-19 01:26:39,486 [Thread-1284] INFO  impl.FollowerState (FollowerState.java:run(117)) - 774c78e1-8dd4-453d-975e-442189a07fe2@group-31C3DC938042-FollowerState was interrupted: java.lang.InterruptedException: sleep interrupted
2019-10-19 01:26:39,486 [grpc-default-executor-3] INFO  impl.RoleInfo (RoleInfo.java:updateAndGet(143)) - 774c78e1-8dd4-453d-975e-442189a07fe2: start FollowerState
2019-10-19 01:26:39,486 [Thread-1285] INFO  impl.FollowerState (FollowerState.java:run(117)) - 7247ad7d-2ca2-4af8-9337-77c07ea89cb3@group-31C3DC938042-FollowerState was interrupted: java.lang.InterruptedException: sleep interrupted
2019-10-19 01:26:39,486 [grpc-default-executor-1] INFO  impl.RoleInfo (RoleInfo.java:updateAndGet(143)) - 7247ad7d-2ca2-4af8-9337-77c07ea89cb3: start FollowerState
2019-10-19 01:26:39,497 [8bce6a00-3bba-419d-83ac-b35141b6b559@group-31C3DC938042-LeaderElection119] INFO  impl.LeaderElection (LeaderElection.java:logAndReturn(56)) - 8bce6a00-3bba-419d-83ac-b35141b6b559@group-31C3DC938042-LeaderElection119: Election REJECTED; received 2 response(s) [8bce6a00-3bba-419d-83ac-b35141b6b559<-774c78e1-8dd4-453d-975e-442189a07fe2#0:FAIL-t104, 8bce6a00-3bba-419d-83ac-b35141b6b559<-7247ad7d-2ca2-4af8-9337-77c07ea89cb3#0:FAIL-t104] and 0 exception(s); 8bce6a00-3bba-419d-83ac-b35141b6b559@group-31C3DC938042:t104, leader=null, voted=8bce6a00-3bba-419d-83ac-b35141b6b559, raftlog=8bce6a00-3bba-419d-83ac-b35141b6b559@group-31C3DC938042-SegmentedRaftLog:OPENED:c-1,f-1,i0, conf=-1: [774c78e1-8dd4-453d-975e-442189a07fe2:192.168.157.242:38712, 7247ad7d-2ca2-4af8-9337-77c07ea89cb3:192.168.157.242:42362, 8bce6a00-3bba-419d-83ac-b35141b6b559:192.168.157.242:37801], old=null
2019-10-19 01:26:39,497 [8bce6a00-3bba-419d-83ac-b35141b6b559@group-31C3DC938042-LeaderElection119] INFO  impl.RaftServerImpl (RaftServerImpl.java:setRole(184)) - 8bce6a00-3bba-419d-83ac-b35141b6b559@group-31C3DC938042: changes role from CANDIDATE to FOLLOWER at term 104 for DISCOVERED_A_NEW_TERM
2019-10-19 01:26:39,498 [8bce6a00-3bba-419d-83ac-b35141b6b559@group-31C3DC938042-LeaderElection119] INFO  impl.RoleInfo (RoleInfo.java:shutdownLeaderElection(134)) - 8bce6a00-3bba-419d-83ac-b35141b6b559: shutdown LeaderElection
2019-10-19 01:26:39,498 [8bce6a00-3bba-419d-83ac-b35141b6b559@group-31C3DC938042-LeaderElection119] INFO  impl.RoleInfo (RoleInfo.java:updateAndGet(143)) - 8bce6a00-3bba-419d-83ac-b35141b6b559: start FollowerState
2019-10-19 01:26:39,598 [Thread-1290] INFO  impl.FollowerState (FollowerState.java:run(108)) - 8bce6a00-3bba-419d-83ac-b35141b6b559@group-31C3DC938042-FollowerState: change to CANDIDATE, lastRpcTime:100ms, electionTimeout:100ms
2019-10-19 01:26:39,598 [Thread-1290] INFO  impl.RoleInfo (RoleInfo.java:shutdownFollowerState(121)) - 8bce6a00-3bba-419d-83ac-b35141b6b559: shutdown FollowerState
2019-10-19 01:26:39,598 [Thread-1290] INFO  impl.RaftServerImpl (RaftServerImpl.java:setRole(184)) - 8bce6a00-3bba-419d-83ac-b35141b6b559@group-31C3DC938042: changes role from  FOLLOWER to CANDIDATE at term 104 for changeToCandidate
2019-10-19 01:26:39,598 [Thread-1290] INFO  impl.RoleInfo (RoleInfo.java:updateAndGet(143)) - 8bce6a00-3bba-419d-83ac-b35141b6b559: start LeaderElection
2019-10-19 01:26:39,616 [8bce6a00-3bba-419d-83ac-b35141b6b559@group-31C3DC938042-LeaderElection120] INFO  impl.LeaderElection (LeaderElection.java:askForVotes(178)) - 8bce6a00-3bba-419d-83ac-b35141b6b559@group-31C3DC938042-LeaderElection120: begin an election at term 105 for -1: [774c78e1-8dd4-453d-975e-442189a07fe2:192.168.157.242:38712, 7247ad7d-2ca2-4af8-9337-77c07ea89cb3:192.168.157.242:42362, 8bce6a00-3bba-419d-83ac-b35141b6b559:192.168.157.242:37801], old=null
2019-10-19 01:26:39,618 [grpc-default-executor-1] INFO  impl.RaftServerImpl (RaftServerImpl.java:setRole(184)) - 7247ad7d-2ca2-4af8-9337-77c07ea89cb3@group-31C3DC938042: changes role from  FOLLOWER to FOLLOWER at term 105 for recognizeCandidate:8bce6a00-3bba-419d-83ac-b35141b6b559
2019-10-19 01:26:39,618 [grpc-default-executor-3] INFO  impl.RaftServerImpl (RaftServerImpl.java:setRole(184)) - 774c78e1-8dd4-453d-975e-442189a07fe2@group-31C3DC938042: changes role from  FOLLOWER to FOLLOWER at term 105 for recognizeCandidate:8bce6a00-3bba-419d-83ac-b35141b6b559
2019-10-19 01:26:39,618 [grpc-default-executor-1] INFO  impl.RoleInfo (RoleInfo.java:shutdownFollowerState(121)) - 7247ad7d-2ca2-4af8-9337-77c07ea89cb3: shutdown FollowerState
2019-10-19 01:26:39,618 [grpc-default-executor-3] INFO  impl.RoleInfo (RoleInfo.java:shutdownFollowerState(121)) - 774c78e1-8dd4-453d-975e-442189a07fe2: shutdown FollowerState
2019-10-19 01:26:39,619 [Thread-1289] INFO  impl.FollowerState (FollowerState.java:run(117)) - 7247ad7d-2ca2-4af8-9337-77c07ea89cb3@group-31C3DC938042-FollowerState was interrupted: java.lang.InterruptedException: sleep interrupted
2019-10-19 01:26:39,619 [grpc-default-executor-1] INFO  impl.RoleInfo (RoleInfo.java:updateAndGet(143)) - 7247ad7d-2ca2-4af8-9337-77c07ea89cb3: start FollowerState
2019-10-19 01:26:39,619 [Thread-1288] INFO  impl.FollowerState (FollowerState.java:run(117)) - 774c78e1-8dd4-453d-975e-442189a07fe2@group-31C3DC938042-FollowerState was interrupted: java.lang.InterruptedException: sleep interrupted
2019-10-19 01:26:39,619 [grpc-default-executor-3] INFO  impl.RoleInfo (RoleInfo.java:updateAndGet(143)) - 774c78e1-8dd4-453d-975e-442189a07fe2: start FollowerState
2019-10-19 01:26:39,641 [8bce6a00-3bba-419d-83ac-b35141b6b559@group-31C3DC938042-LeaderElection120] INFO  impl.LeaderElection (LeaderElection.java:logAndReturn(56)) - 8bce6a00-3bba-419d-83ac-b35141b6b559@group-31C3DC938042-LeaderElection120: Election REJECTED; received 2 response(s) [8bce6a00-3bba-419d-83ac-b35141b6b559<-774c78e1-8dd4-453d-975e-442189a07fe2#0:FAIL-t105, 8bce6a00-3bba-419d-83ac-b35141b6b559<-7247ad7d-2ca2-4af8-9337-77c07ea89cb3#0:FAIL-t105] and 0 exception(s); 8bce6a00-3bba-419d-83ac-b35141b6b559@group-31C3DC938042:t105, leader=null, voted=8bce6a00-3bba-419d-83ac-b35141b6b559, raftlog=8bce6a00-3bba-419d-83ac-b35141b6b559@group-31C3DC938042-SegmentedRaftLog:OPENED:c-1,f-1,i0, conf=-1: [774c78e1-8dd4-453d-975e-442189a07fe2:192.168.157.242:38712, 7247ad7d-2ca2-4af8-9337-77c07ea89cb3:192.168.157.242:42362, 8bce6a00-3bba-419d-83ac-b35141b6b559:192.168.157.242:37801], old=null
2019-10-19 01:26:39,641 [8bce6a00-3bba-419d-83ac-b35141b6b559@group-31C3DC938042-LeaderElection120] INFO  impl.RaftServerImpl (RaftServerImpl.java:setRole(184)) - 8bce6a00-3bba-419d-83ac-b35141b6b559@group-31C3DC938042: changes role from CANDIDATE to FOLLOWER at term 105 for DISCOVERED_A_NEW_TERM
2019-10-19 01:26:39,642 [8bce6a00-3bba-419d-83ac-b35141b6b559@group-31C3DC938042-LeaderElection120] INFO  impl.RoleInfo (RoleInfo.java:shutdownLeaderElection(134)) - 8bce6a00-3bba-419d-83ac-b35141b6b559: shutdown LeaderElection
2019-10-19 01:26:39,642 [8bce6a00-3bba-419d-83ac-b35141b6b559@group-31C3DC938042-LeaderElection120] INFO  impl.RoleInfo (RoleInfo.java:updateAndGet(143)) - 8bce6a00-3bba-419d-83ac-b35141b6b559: start FollowerState
2019-10-19 01:26:39,681 [Thread-1296] INFO  impl.FollowerState (FollowerState.java:run(108)) - 8bce6a00-3bba-419d-83ac-b35141b6b559@group-31C3DC938042-FollowerState: change to CANDIDATE, lastRpcTime:39ms, electionTimeout:39ms
2019-10-19 01:26:39,681 [Thread-1296] INFO  impl.RoleInfo (RoleInfo.java:shutdownFollowerState(121)) - 8bce6a00-3bba-419d-83ac-b35141b6b559: shutdown FollowerState
2019-10-19 01:26:39,681 [Thread-1296] INFO  impl.RaftServerImpl (RaftServerImpl.java:setRole(184)) - 8bce6a00-3bba-419d-83ac-b35141b6b559@group-31C3DC938042: changes role from  FOLLOWER to CANDIDATE at term 105 for changeToCandidate
2019-10-19 01:26:39,682 [Thread-1296] INFO  impl.RoleInfo (RoleInfo.java:updateAndGet(143)) - 8bce6a00-3bba-419d-83ac-b35141b6b559: start LeaderElection
2019-10-19 01:26:39,716 [8bce6a00-3bba-419d-83ac-b35141b6b559@group-31C3DC938042-LeaderElection121] INFO  impl.LeaderElection (LeaderElection.java:askForVotes(178)) - 8bce6a00-3bba-419d-83ac-b35141b6b559@group-31C3DC938042-LeaderElection121: begin an election at term 106 for -1: [774c78e1-8dd4-453d-975e-442189a07fe2:192.168.157.242:38712, 7247ad7d-2ca2-4af8-9337-77c07ea89cb3:192.168.157.242:42362, 8bce6a00-3bba-419d-83ac-b35141b6b559:192.168.157.242:37801], old=null
2019-10-19 01:26:39,727 [grpc-default-executor-1] INFO  impl.RaftServerImpl (RaftServerImpl.java:setRole(184)) - 774c78e1-8dd4-453d-975e-442189a07fe2@group-31C3DC938042: changes role from  FOLLOWER to FOLLOWER at term 106 for recognizeCandidate:8bce6a00-3bba-419d-83ac-b35141b6b559
2019-10-19 01:26:39,727 [grpc-default-executor-3] INFO  impl.RaftServerImpl (RaftServerImpl.java:setRole(184)) - 7247ad7d-2ca2-4af8-9337-77c07ea89cb3@group-31C3DC938042: changes role from  FOLLOWER to FOLLOWER at term 106 for recognizeCandidate:8bce6a00-3bba-419d-83ac-b35141b6b559
2019-10-19 01:26:39,727 [grpc-default-executor-1] INFO  impl.RoleInfo (RoleInfo.java:shutdownFollowerState(121)) - 774c78e1-8dd4-453d-975e-442189a07fe2: shutdown FollowerState
2019-10-19 01:26:39,727 [grpc-default-executor-3] INFO  impl.RoleInfo (RoleInfo.java:shutdownFollowerState(121)) - 7247ad7d-2ca2-4af8-9337-77c07ea89cb3: shutdown FollowerState
2019-10-19 01:26:39,727 [Thread-1295] INFO  impl.FollowerState (FollowerState.java:run(117)) - 774c78e1-8dd4-453d-975e-442189a07fe2@group-31C3DC938042-FollowerState was interrupted: java.lang.InterruptedException: sleep interrupted
2019-10-19 01:26:39,728 [Thread-1294] INFO  impl.FollowerState (FollowerState.java:run(117)) - 7247ad7d-2ca2-4af8-9337-77c07ea89cb3@group-31C3DC938042-FollowerState was interrupted: java.lang.InterruptedException: sleep interrupted
2019-10-19 01:26:39,727 [grpc-default-executor-1] INFO  impl.RoleInfo (RoleInfo.java:updateAndGet(143)) - 774c78e1-8dd4-453d-975e-442189a07fe2: start FollowerState
2019-10-19 01:26:39,728 [grpc-default-executor-3] INFO  impl.RoleInfo (RoleInfo.java:updateAndGet(143)) - 7247ad7d-2ca2-4af8-9337-77c07ea89cb3: start FollowerState
2019-10-19 01:26:39,754 [8bce6a00-3bba-419d-83ac-b35141b6b559@group-31C3DC938042-LeaderElection121] INFO  impl.LeaderElection (LeaderElection.java:logAndReturn(56)) - 8bce6a00-3bba-419d-83ac-b35141b6b559@group-31C3DC938042-LeaderElection121: Election REJECTED; received 2 response(s) [8bce6a00-3bba-419d-83ac-b35141b6b559<-774c78e1-8dd4-453d-975e-442189a07fe2#0:FAIL-t106, 8bce6a00-3bba-419d-83ac-b35141b6b559<-7247ad7d-2ca2-4af8-9337-77c07ea89cb3#0:FAIL-t106] and 0 exception(s); 8bce6a00-3bba-419d-83ac-b35141b6b559@group-31C3DC938042:t106, leader=null, voted=8bce6a00-3bba-419d-83ac-b35141b6b559, raftlog=8bce6a00-3bba-419d-83ac-b35141b6b559@group-31C3DC938042-SegmentedRaftLog:OPENED:c-1,f-1,i0, conf=-1: [774c78e1-8dd4-453d-975e-442189a07fe2:192.168.157.242:38712, 7247ad7d-2ca2-4af8-9337-77c07ea89cb3:192.168.157.242:42362, 8bce6a00-3bba-419d-83ac-b35141b6b559:192.168.157.242:37801], old=null
2019-10-19 01:26:39,754 [8bce6a00-3bba-419d-83ac-b35141b6b559@group-31C3DC938042-LeaderElection121] INFO  impl.RaftServerImpl (RaftServerImpl.java:setRole(184)) - 8bce6a00-3bba-419d-83ac-b35141b6b559@group-31C3DC938042: changes role from CANDIDATE to FOLLOWER at term 106 for DISCOVERED_A_NEW_TERM
2019-10-19 01:26:39,754 [8bce6a00-3bba-419d-83ac-b35141b6b559@group-31C3DC938042-LeaderElection121] INFO  impl.RoleInfo (RoleInfo.java:shutdownLeaderElection(134)) - 8bce6a00-3bba-419d-83ac-b35141b6b559: shutdown LeaderElection
2019-10-19 01:26:39,754 [8bce6a00-3bba-419d-83ac-b35141b6b559@group-31C3DC938042-LeaderElection121] INFO  impl.RoleInfo (RoleInfo.java:updateAndGet(143)) - 8bce6a00-3bba-419d-83ac-b35141b6b559: start FollowerState
2019-10-19 01:26:39,942 [Thread-1302] INFO  impl.FollowerState (FollowerState.java:run(108)) - 8bce6a00-3bba-419d-83ac-b35141b6b559@group-31C3DC938042-FollowerState: change to CANDIDATE, lastRpcTime:187ms, electionTimeout:187ms
2019-10-19 01:26:39,942 [Thread-1302] INFO  impl.RoleInfo (RoleInfo.java:shutdownFollowerState(121)) - 8bce6a00-3bba-419d-83ac-b35141b6b559: shutdown FollowerState
2019-10-19 01:26:39,942 [Thread-1302] INFO  impl.RaftServerImpl (RaftServerImpl.java:setRole(184)) - 8bce6a00-3bba-419d-83ac-b35141b6b559@group-31C3DC938042: changes role from  FOLLOWER to CANDIDATE at term 106 for changeToCandidate
2019-10-19 01:26:39,942 [Thread-1302] INFO  impl.RoleInfo (RoleInfo.java:updateAndGet(143)) - 8bce6a00-3bba-419d-83ac-b35141b6b559: start LeaderElection
2019-10-19 01:26:39,955 [8bce6a00-3bba-419d-83ac-b35141b6b559@group-31C3DC938042-LeaderElection122] INFO  impl.LeaderElection (LeaderElection.java:askForVotes(178)) - 8bce6a00-3bba-419d-83ac-b35141b6b559@group-31C3DC938042-LeaderElection122: begin an election at term 107 for -1: [774c78e1-8dd4-453d-975e-442189a07fe2:192.168.157.242:38712, 7247ad7d-2ca2-4af8-9337-77c07ea89cb3:192.168.157.242:42362, 8bce6a00-3bba-419d-83ac-b35141b6b559:192.168.157.242:37801], old=null
2019-10-19 01:26:39,957 [grpc-default-executor-4] INFO  impl.RaftServerImpl (RaftServerImpl.java:setRole(184)) - 7247ad7d-2ca2-4af8-9337-77c07ea89cb3@group-31C3DC938042: changes role from  FOLLOWER to FOLLOWER at term 107 for recognizeCandidate:8bce6a00-3bba-419d-83ac-b35141b6b559
2019-10-19 01:26:39,957 [grpc-default-executor-4] INFO  impl.RoleInfo (RoleInfo.java:shutdownFollowerState(121)) - 7247ad7d-2ca2-4af8-9337-77c07ea89cb3: shutdown FollowerState
2019-10-19 01:26:39,957 [grpc-default-executor-3] INFO  impl.RaftServerImpl (RaftServerImpl.java:setRole(184)) - 774c78e1-8dd4-453d-975e-442189a07fe2@group-31C3DC938042: changes role from  FOLLOWER to FOLLOWER at term 107 for recognizeCandidate:8bce6a00-3bba-419d-83ac-b35141b6b559
2019-10-19 01:26:39,958 [Thread-1301] INFO  impl.FollowerState (FollowerState.java:run(117)) - 7247ad7d-2ca2-4af8-9337-77c07ea89cb3@group-31C3DC938042-FollowerState was interrupted: java.lang.InterruptedException: sleep interrupted
2019-10-19 01:26:39,958 [grpc-default-executor-4] INFO  impl.RoleInfo (RoleInfo.java:updateAndGet(143)) - 7247ad7d-2ca2-4af8-9337-77c07ea89cb3: start FollowerState
2019-10-19 01:26:39,958 [grpc-default-executor-3] INFO  impl.RoleInfo (RoleInfo.java:shutdownFollowerState(121)) - 774c78e1-8dd4-453d-975e-442189a07fe2: shutdown FollowerState
2019-10-19 01:26:39,958 [grpc-default-executor-3] INFO  impl.RoleInfo (RoleInfo.java:updateAndGet(143)) - 774c78e1-8dd4-453d-975e-442189a07fe2: start FollowerState
2019-10-19 01:26:39,958 [Thread-1300] INFO  impl.FollowerState (FollowerState.java:run(117)) - 774c78e1-8dd4-453d-975e-442189a07fe2@group-31C3DC938042-FollowerState was interrupted: java.lang.InterruptedException: sleep interrupted
2019-10-19 01:26:39,984 [8bce6a00-3bba-419d-83ac-b35141b6b559@group-31C3DC938042-LeaderElection122] INFO  impl.LeaderElection (LeaderElection.java:logAndReturn(56)) - 8bce6a00-3bba-419d-83ac-b35141b6b559@group-31C3DC938042-LeaderElection122: Election REJECTED; received 2 response(s) [8bce6a00-3bba-419d-83ac-b35141b6b559<-774c78e1-8dd4-453d-975e-442189a07fe2#0:FAIL-t107, 8bce6a00-3bba-419d-83ac-b35141b6b559<-7247ad7d-2ca2-4af8-9337-77c07ea89cb3#0:FAIL-t107] and 0 exception(s); 8bce6a00-3bba-419d-83ac-b35141b6b559@group-31C3DC938042:t107, leader=null, voted=8bce6a00-3bba-419d-83ac-b35141b6b559, raftlog=8bce6a00-3bba-419d-83ac-b35141b6b559@group-31C3DC938042-SegmentedRaftLog:OPENED:c-1,f-1,i0, conf=-1: [774c78e1-8dd4-453d-975e-442189a07fe2:192.168.157.242:38712, 7247ad7d-2ca2-4af8-9337-77c07ea89cb3:192.168.157.242:42362, 8bce6a00-3bba-419d-83ac-b35141b6b559:192.168.157.242:37801], old=null
2019-10-19 01:26:39,985 [8bce6a00-3bba-419d-83ac-b35141b6b559@group-31C3DC938042-LeaderElection122] INFO  impl.RaftServerImpl (RaftServerImpl.java:setRole(184)) - 8bce6a00-3bba-419d-83ac-b35141b6b559@group-31C3DC938042: changes role from CANDIDATE to FOLLOWER at term 107 for DISCOVERED_A_NEW_TERM
2019-10-19 01:26:39,985 [8bce6a00-3bba-419d-83ac-b35141b6b559@group-31C3DC938042-LeaderElection122] INFO  impl.RoleInfo (RoleInfo.java:shutdownLeaderElection(134)) - 8bce6a00-3bba-419d-83ac-b35141b6b559: shutdown LeaderElection
2019-10-19 01:26:39,985 [8bce6a00-3bba-419d-83ac-b35141b6b559@group-31C3DC938042-LeaderElection122] INFO  impl.RoleInfo (RoleInfo.java:updateAndGet(143)) - 8bce6a00-3bba-419d-83ac-b35141b6b559: start FollowerState
2019-10-19 01:26:40,027 [Thread-1312] INFO  impl.FollowerState (FollowerState.java:run(108)) - 8bce6a00-3bba-419d-83ac-b35141b6b559@group-31C3DC938042-FollowerState: change to CANDIDATE, lastRpcTime:42ms, electionTimeout:42ms
2019-10-19 01:26:40,027 [Thread-1312] INFO  impl.RoleInfo (RoleInfo.java:shutdownFollowerState(121)) - 8bce6a00-3bba-419d-83ac-b35141b6b559: shutdown FollowerState
2019-10-19 01:26:40,028 [Thread-1312] INFO  impl.RaftServerImpl (RaftServerImpl.java:setRole(184)) - 8bce6a00-3bba-419d-83ac-b35141b6b559@group-31C3DC938042: changes role from  FOLLOWER to CANDIDATE at term 107 for changeToCandidate
2019-10-19 01:26:40,028 [Thread-1312] INFO  impl.RoleInfo (RoleInfo.java:updateAndGet(143)) - 8bce6a00-3bba-419d-83ac-b35141b6b559: start LeaderElection
2019-10-19 01:26:40,042 [8bce6a00-3bba-419d-83ac-b35141b6b559@group-31C3DC938042-LeaderElection123] INFO  impl.LeaderElection (LeaderElection.java:askForVotes(178)) - 8bce6a00-3bba-419d-83ac-b35141b6b559@group-31C3DC938042-LeaderElection123: begin an election at term 108 for -1: [774c78e1-8dd4-453d-975e-442189a07fe2:192.168.157.242:38712, 7247ad7d-2ca2-4af8-9337-77c07ea89cb3:192.168.157.242:42362, 8bce6a00-3bba-419d-83ac-b35141b6b559:192.168.157.242:37801], old=null
2019-10-19 01:26:40,043 [grpc-default-executor-3] INFO  impl.RaftServerImpl (RaftServerImpl.java:setRole(184)) - 774c78e1-8dd4-453d-975e-442189a07fe2@group-31C3DC938042: changes role from  FOLLOWER to FOLLOWER at term 108 for recognizeCandidate:8bce6a00-3bba-419d-83ac-b35141b6b559
2019-10-19 01:26:40,044 [grpc-default-executor-3] INFO  impl.RoleInfo (RoleInfo.java:shutdownFollowerState(121)) - 774c78e1-8dd4-453d-975e-442189a07fe2: shutdown FollowerState
2019-10-19 01:26:40,044 [grpc-default-executor-3] INFO  impl.RoleInfo (RoleInfo.java:updateAndGet(143)) - 774c78e1-8dd4-453d-975e-442189a07fe2: start FollowerState
2019-10-19 01:26:40,044 [Thread-1311] INFO  impl.FollowerState (FollowerState.java:run(117)) - 774c78e1-8dd4-453d-975e-442189a07fe2@group-31C3DC938042-FollowerState was interrupted: java.lang.InterruptedException: sleep interrupted
2019-10-19 01:26:40,044 [grpc-default-executor-4] INFO  impl.RaftServerImpl (RaftServerImpl.java:setRole(184)) - 7247ad7d-2ca2-4af8-9337-77c07ea89cb3@group-31C3DC938042: changes role from  FOLLOWER to FOLLOWER at term 108 for recognizeCandidate:8bce6a00-3bba-419d-83ac-b35141b6b559
2019-10-19 01:26:40,044 [grpc-default-executor-4] INFO  impl.RoleInfo (RoleInfo.java:shutdownFollowerState(121)) - 7247ad7d-2ca2-4af8-9337-77c07ea89cb3: shutdown FollowerState
2019-10-19 01:26:40,048 [Thread-1310] INFO  impl.FollowerState (FollowerState.java:run(117)) - 7247ad7d-2ca2-4af8-9337-77c07ea89cb3@group-31C3DC938042-FollowerState was interrupted: java.lang.InterruptedException: sleep interrupted
2019-10-19 01:26:40,048 [grpc-default-executor-4] INFO  impl.RoleInfo (RoleInfo.java:updateAndGet(143)) - 7247ad7d-2ca2-4af8-9337-77c07ea89cb3: start FollowerState
2019-10-19 01:26:40,067 [8bce6a00-3bba-419d-83ac-b35141b6b559@group-31C3DC938042-LeaderElection123] INFO  impl.LeaderElection (LeaderElection.java:logAndReturn(56)) - 8bce6a00-3bba-419d-83ac-b35141b6b559@group-31C3DC938042-LeaderElection123: Election REJECTED; received 2 response(s) [8bce6a00-3bba-419d-83ac-b35141b6b559<-774c78e1-8dd4-453d-975e-442189a07fe2#0:FAIL-t108, 8bce6a00-3bba-419d-83ac-b35141b6b559<-7247ad7d-2ca2-4af8-9337-77c07ea89cb3#0:FAIL-t108] and 0 exception(s); 8bce6a00-3bba-419d-83ac-b35141b6b559@group-31C3DC938042:t108, leader=null, voted=8bce6a00-3bba-419d-83ac-b35141b6b559, raftlog=8bce6a00-3bba-419d-83ac-b35141b6b559@group-31C3DC938042-SegmentedRaftLog:OPENED:c-1,f-1,i0, conf=-1: [774c78e1-8dd4-453d-975e-442189a07fe2:192.168.157.242:38712, 7247ad7d-2ca2-4af8-9337-77c07ea89cb3:192.168.157.242:42362, 8bce6a00-3bba-419d-83ac-b35141b6b559:192.168.157.242:37801], old=null
2019-10-19 01:26:40,067 [8bce6a00-3bba-419d-83ac-b35141b6b559@group-31C3DC938042-LeaderElection123] INFO  impl.RaftServerImpl (RaftServerImpl.java:setRole(184)) - 8bce6a00-3bba-419d-83ac-b35141b6b559@group-31C3DC938042: changes role from CANDIDATE to FOLLOWER at term 108 for DISCOVERED_A_NEW_TERM
2019-10-19 01:26:40,067 [8bce6a00-3bba-419d-83ac-b35141b6b559@group-31C3DC938042-LeaderElection123] INFO  impl.RoleInfo (RoleInfo.java:shutdownLeaderElection(134)) - 8bce6a00-3bba-419d-83ac-b35141b6b559: shutdown LeaderElection
2019-10-19 01:26:40,067 [8bce6a00-3bba-419d-83ac-b35141b6b559@group-31C3DC938042-LeaderElection123] INFO  impl.RoleInfo (RoleInfo.java:updateAndGet(143)) - 8bce6a00-3bba-419d-83ac-b35141b6b559: start FollowerState
2019-10-19 01:26:40,115 [Thread-1318] INFO  impl.FollowerState (FollowerState.java:run(108)) - 8bce6a00-3bba-419d-83ac-b35141b6b559@group-31C3DC938042-FollowerState: change to CANDIDATE, lastRpcTime:47ms, electionTimeout:47ms
2019-10-19 01:26:40,115 [Thread-1318] INFO  impl.RoleInfo (RoleInfo.java:shutdownFollowerState(121)) - 8bce6a00-3bba-419d-83ac-b35141b6b559: shutdown FollowerState
2019-10-19 01:26:40,115 [Thread-1318] INFO  impl.RaftServerImpl (RaftServerImpl.java:setRole(184)) - 8bce6a00-3bba-419d-83ac-b35141b6b559@group-31C3DC938042: changes role from  FOLLOWER to CANDIDATE at term 108 for changeToCandidate
2019-10-19 01:26:40,115 [Thread-1318] INFO  impl.RoleInfo (RoleInfo.java:updateAndGet(143)) - 8bce6a00-3bba-419d-83ac-b35141b6b559: start LeaderElection
2019-10-19 01:26:40,123 [8bce6a00-3bba-419d-83ac-b35141b6b559@group-31C3DC938042-LeaderElection124] INFO  impl.LeaderElection (LeaderElection.java:askForVotes(178)) - 8bce6a00-3bba-419d-83ac-b35141b6b559@group-31C3DC938042-LeaderElection124: begin an election at term 109 for -1: [774c78e1-8dd4-453d-975e-442189a07fe2:192.168.157.242:38712, 7247ad7d-2ca2-4af8-9337-77c07ea89cb3:192.168.157.242:42362, 8bce6a00-3bba-419d-83ac-b35141b6b559:192.168.157.242:37801], old=null
2019-10-19 01:26:40,125 [grpc-default-executor-4] INFO  impl.RaftServerImpl (RaftServerImpl.java:setRole(184)) - 774c78e1-8dd4-453d-975e-442189a07fe2@group-31C3DC938042: changes role from  FOLLOWER to FOLLOWER at term 109 for recognizeCandidate:8bce6a00-3bba-419d-83ac-b35141b6b559
2019-10-19 01:26:40,125 [grpc-default-executor-3] INFO  impl.RaftServerImpl (RaftServerImpl.java:setRole(184)) - 7247ad7d-2ca2-4af8-9337-77c07ea89cb3@group-31C3DC938042: changes role from  FOLLOWER to FOLLOWER at term 109 for recognizeCandidate:8bce6a00-3bba-419d-83ac-b35141b6b559
2019-10-19 01:26:40,125 [grpc-default-executor-4] INFO  impl.RoleInfo (RoleInfo.java:shutdownFollowerState(121)) - 774c78e1-8dd4-453d-975e-442189a07fe2: shutdown FollowerState
2019-10-19 01:26:40,125 [grpc-default-executor-3] INFO  impl.RoleInfo (RoleInfo.java:shutdownFollowerState(121)) - 7247ad7d-2ca2-4af8-9337-77c07ea89cb3: shutdown FollowerState
2019-10-19 01:26:40,125 [Thread-1316] INFO  impl.FollowerState (FollowerState.java:run(117)) - 774c78e1-8dd4-453d-975e-442189a07fe2@group-31C3DC938042-FollowerState was interrupted: java.lang.InterruptedException: sleep interrupted
2019-10-19 01:26:40,125 [grpc-default-executor-4] INFO  impl.RoleInfo (RoleInfo.java:updateAndGet(143)) - 774c78e1-8dd4-453d-975e-442189a07fe2: start FollowerState
2019-10-19 01:26:40,125 [Thread-1317] INFO  impl.FollowerState (FollowerState.java:run(117)) - 7247ad7d-2ca2-4af8-9337-77c07ea89cb3@group-31C3DC938042-FollowerState was interrupted: java.lang.InterruptedException: sleep interrupted
2019-10-19 01:26:40,125 [grpc-default-executor-3] INFO  impl.RoleInfo (RoleInfo.java:updateAndGet(143)) - 7247ad7d-2ca2-4af8-9337-77c07ea89cb3: start FollowerState
2019-10-19 01:26:40,150 [8bce6a00-3bba-419d-83ac-b35141b6b559@group-31C3DC938042-LeaderElection124] INFO  impl.LeaderElection (LeaderElection.java:logAndReturn(56)) - 8bce6a00-3bba-419d-83ac-b35141b6b559@group-31C3DC938042-LeaderElection124: Election REJECTED; received 2 response(s) [8bce6a00-3bba-419d-83ac-b35141b6b559<-774c78e1-8dd4-453d-975e-442189a07fe2#0:FAIL-t109, 8bce6a00-3bba-419d-83ac-b35141b6b559<-7247ad7d-2ca2-4af8-9337-77c07ea89cb3#0:FAIL-t109] and 0 exception(s); 8bce6a00-3bba-419d-83ac-b35141b6b559@group-31C3DC938042:t109, leader=null, voted=8bce6a00-3bba-419d-83ac-b35141b6b559, raftlog=8bce6a00-3bba-419d-83ac-b35141b6b559@group-31C3DC938042-SegmentedRaftLog:OPENED:c-1,f-1,i0, conf=-1: [774c78e1-8dd4-453d-975e-442189a07fe2:192.168.157.242:38712, 7247ad7d-2ca2-4af8-9337-77c07ea89cb3:192.168.157.242:42362, 8bce6a00-3bba-419d-83ac-b35141b6b559:192.168.157.242:37801], old=null
2019-10-19 01:26:40,150 [8bce6a00-3bba-419d-83ac-b35141b6b559@group-31C3DC938042-LeaderElection124] INFO  impl.RaftServerImpl (RaftServerImpl.java:setRole(184)) - 8bce6a00-3bba-419d-83ac-b35141b6b559@group-31C3DC938042: changes role from CANDIDATE to FOLLOWER at term 109 for DISCOVERED_A_NEW_TERM
2019-10-19 01:26:40,150 [8bce6a00-3bba-419d-83ac-b35141b6b559@group-31C3DC938042-LeaderElection124] INFO  impl.RoleInfo (RoleInfo.java:shutdownLeaderElection(134)) - 8bce6a00-3bba-419d-83ac-b35141b6b559: shutdown LeaderElection
2019-10-19 01:26:40,150 [8bce6a00-3bba-419d-83ac-b35141b6b559@group-31C3DC938042-LeaderElection124] INFO  impl.RoleInfo (RoleInfo.java:updateAndGet(143)) - 8bce6a00-3bba-419d-83ac-b35141b6b559: start FollowerState
2019-10-19 01:26:40,246 [Thread-1324] INFO  impl.FollowerState (FollowerState.java:run(108)) - 8bce6a00-3bba-419d-83ac-b35141b6b559@group-31C3DC938042-FollowerState: change to CANDIDATE, lastRpcTime:96ms, electionTimeout:96ms
2019-10-19 01:26:40,246 [Thread-1324] INFO  impl.RoleInfo (RoleInfo.java:shutdownFollowerState(121)) - 8bce6a00-3bba-419d-83ac-b35141b6b559: shutdown FollowerState
2019-10-19 01:26:40,246 [Thread-1324] INFO  impl.RaftServerImpl (RaftServerImpl.java:setRole(184)) - 8bce6a00-3bba-419d-83ac-b35141b6b559@group-31C3DC938042: changes role from  FOLLOWER to CANDIDATE at term 109 for changeToCandidate
2019-10-19 01:26:40,247 [Thread-1324] INFO  impl.RoleInfo (RoleInfo.java:updateAndGet(143)) - 8bce6a00-3bba-419d-83ac-b35141b6b559: start LeaderElection
2019-10-19 01:26:40,272 [8bce6a00-3bba-419d-83ac-b35141b6b559@group-31C3DC938042-LeaderElection125] INFO  impl.LeaderElection (LeaderElection.java:askForVotes(178)) - 8bce6a00-3bba-419d-83ac-b35141b6b559@group-31C3DC938042-LeaderElection125: begin an election at term 110 for -1: [774c78e1-8dd4-453d-975e-442189a07fe2:192.168.157.242:38712, 7247ad7d-2ca2-4af8-9337-77c07ea89cb3:192.168.157.242:42362, 8bce6a00-3bba-419d-83ac-b35141b6b559:192.168.157.242:37801], old=null
2019-10-19 01:26:40,275 [grpc-default-executor-3] INFO  impl.RaftServerImpl (RaftServerImpl.java:setRole(184)) - 7247ad7d-2ca2-4af8-9337-77c07ea89cb3@group-31C3DC938042: changes role from  FOLLOWER to FOLLOWER at term 110 for recognizeCandidate:8bce6a00-3bba-419d-83ac-b35141b6b559
2019-10-19 01:26:40,275 [grpc-default-executor-4] INFO  impl.RaftServerImpl (RaftServerImpl.java:setRole(184)) - 774c78e1-8dd4-453d-975e-442189a07fe2@group-31C3DC938042: changes role from  FOLLOWER to FOLLOWER at term 110 for recognizeCandidate:8bce6a00-3bba-419d-83ac-b35141b6b559
2019-10-19 01:26:40,275 [grpc-default-executor-3] INFO  impl.RoleInfo (RoleInfo.java:shutdownFollowerState(121)) - 7247ad7d-2ca2-4af8-9337-77c07ea89cb3: shutdown FollowerState
2019-10-19 01:26:40,275 [grpc-default-executor-4] INFO  impl.RoleInfo (RoleInfo.java:shutdownFollowerState(121)) - 774c78e1-8dd4-453d-975e-442189a07fe2: shutdown FollowerState
2019-10-19 01:26:40,275 [Thread-1323] INFO  impl.FollowerState (FollowerState.java:run(117)) - 7247ad7d-2ca2-4af8-9337-77c07ea89cb3@group-31C3DC938042-FollowerState was interrupted: java.lang.InterruptedException: sleep interrupted
2019-10-19 01:26:40,275 [grpc-default-executor-3] INFO  impl.RoleInfo (RoleInfo.java:updateAndGet(143)) - 7247ad7d-2ca2-4af8-9337-77c07ea89cb3: start FollowerState
2019-10-19 01:26:40,275 [Thread-1322] INFO  impl.FollowerState (FollowerState.java:run(117)) - 774c78e1-8dd4-453d-975e-442189a07fe2@group-31C3DC938042-FollowerState was interrupted: java.lang.InterruptedException: sleep interrupted
2019-10-19 01:26:40,275 [grpc-default-executor-4] INFO  impl.RoleInfo (RoleInfo.java:updateAndGet(143)) - 774c78e1-8dd4-453d-975e-442189a07fe2: start FollowerState
2019-10-19 01:26:40,294 [8bce6a00-3bba-419d-83ac-b35141b6b559@group-31C3DC938042-LeaderElection125] INFO  impl.LeaderElection (LeaderElection.java:logAndReturn(56)) - 8bce6a00-3bba-419d-83ac-b35141b6b559@group-31C3DC938042-LeaderElection125: Election REJECTED; received 2 response(s) [8bce6a00-3bba-419d-83ac-b35141b6b559<-774c78e1-8dd4-453d-975e-442189a07fe2#0:FAIL-t110, 8bce6a00-3bba-419d-83ac-b35141b6b559<-7247ad7d-2ca2-4af8-9337-77c07ea89cb3#0:FAIL-t110] and 0 exception(s); 8bce6a00-3bba-419d-83ac-b35141b6b559@group-31C3DC938042:t110, leader=null, voted=8bce6a00-3bba-419d-83ac-b35141b6b559, raftlog=8bce6a00-3bba-419d-83ac-b35141b6b559@group-31C3DC938042-SegmentedRaftLog:OPENED:c-1,f-1,i0, conf=-1: [774c78e1-8dd4-453d-975e-442189a07fe2:192.168.157.242:38712, 7247ad7d-2ca2-4af8-9337-77c07ea89cb3:192.168.157.242:42362, 8bce6a00-3bba-419d-83ac-b35141b6b559:192.168.157.242:37801], old=null
2019-10-19 01:26:40,295 [8bce6a00-3bba-419d-83ac-b35141b6b559@group-31C3DC938042-LeaderElection125] INFO  impl.RaftServerImpl (RaftServerImpl.java:setRole(184)) - 8bce6a00-3bba-419d-83ac-b35141b6b559@group-31C3DC938042: changes role from CANDIDATE to FOLLOWER at term 110 for DISCOVERED_A_NEW_TERM
2019-10-19 01:26:40,295 [8bce6a00-3bba-419d-83ac-b35141b6b559@group-31C3DC938042-LeaderElection125] INFO  impl.RoleInfo (RoleInfo.java:shutdownLeaderElection(134)) - 8bce6a00-3bba-419d-83ac-b35141b6b559: shutdown LeaderElection
2019-10-19 01:26:40,295 [8bce6a00-3bba-419d-83ac-b35141b6b559@group-31C3DC938042-LeaderElection125] INFO  impl.RoleInfo (RoleInfo.java:updateAndGet(143)) - 8bce6a00-3bba-419d-83ac-b35141b6b559: start FollowerState
2019-10-19 01:26:40,494 [Thread-1330] INFO  impl.FollowerState (FollowerState.java:run(108)) - 8bce6a00-3bba-419d-83ac-b35141b6b559@group-31C3DC938042-FollowerState: change to CANDIDATE, lastRpcTime:198ms, electionTimeout:198ms
2019-10-19 01:26:40,495 [Thread-1330] INFO  impl.RoleInfo (RoleInfo.java:shutdownFollowerState(121)) - 8bce6a00-3bba-419d-83ac-b35141b6b559: shutdown FollowerState
2019-10-19 01:26:40,495 [Thread-1330] INFO  impl.RaftServerImpl (RaftServerImpl.java:setRole(184)) - 8bce6a00-3bba-419d-83ac-b35141b6b559@group-31C3DC938042: changes role from  FOLLOWER to CANDIDATE at term 110 for changeToCandidate
2019-10-19 01:26:40,496 [Thread-1330] INFO  impl.RoleInfo (RoleInfo.java:updateAndGet(143)) - 8bce6a00-3bba-419d-83ac-b35141b6b559: start LeaderElection
2019-10-19 01:26:40,502 [8bce6a00-3bba-419d-83ac-b35141b6b559@group-31C3DC938042-LeaderElection126] INFO  impl.LeaderElection (LeaderElection.java:askForVotes(178)) - 8bce6a00-3bba-419d-83ac-b35141b6b559@group-31C3DC938042-LeaderElection126: begin an election at term 111 for -1: [774c78e1-8dd4-453d-975e-442189a07fe2:192.168.157.242:38712, 7247ad7d-2ca2-4af8-9337-77c07ea89cb3:192.168.157.242:42362, 8bce6a00-3bba-419d-83ac-b35141b6b559:192.168.157.242:37801], old=null
2019-10-19 01:26:40,507 [grpc-default-executor-4] INFO  impl.RaftServerImpl (RaftServerImpl.java:setRole(184)) - 7247ad7d-2ca2-4af8-9337-77c07ea89cb3@group-31C3DC938042: changes role from  FOLLOWER to FOLLOWER at term 111 for recognizeCandidate:8bce6a00-3bba-419d-83ac-b35141b6b559
2019-10-19 01:26:40,507 [grpc-default-executor-4] INFO  impl.RoleInfo (RoleInfo.java:shutdownFollowerState(121)) - 7247ad7d-2ca2-4af8-9337-77c07ea89cb3: shutdown FollowerState
2019-10-19 01:26:40,507 [grpc-default-executor-1] INFO  impl.RaftServerImpl (RaftServerImpl.java:setRole(184)) - 774c78e1-8dd4-453d-975e-442189a07fe2@group-31C3DC938042: changes role from  FOLLOWER to FOLLOWER at term 111 for recognizeCandidate:8bce6a00-3bba-419d-83ac-b35141b6b559
2019-10-19 01:26:40,507 [grpc-default-executor-1] INFO  impl.RoleInfo (RoleInfo.java:shutdownFollowerState(121)) - 774c78e1-8dd4-453d-975e-442189a07fe2: shutdown FollowerState
2019-10-19 01:26:40,507 [grpc-default-executor-4] INFO  impl.RoleInfo (RoleInfo.java:updateAndGet(143)) - 7247ad7d-2ca2-4af8-9337-77c07ea89cb3: start FollowerState
2019-10-19 01:26:40,508 [grpc-default-executor-1] INFO  impl.RoleInfo (RoleInfo.java:updateAndGet(143)) - 774c78e1-8dd4-453d-975e-442189a07fe2: start FollowerState
2019-10-19 01:26:40,508 [Thread-1329] INFO  impl.FollowerState (FollowerState.java:run(117)) - 774c78e1-8dd4-453d-975e-442189a07fe2@group-31C3DC938042-FollowerState was interrupted: java.lang.InterruptedException: sleep interrupted
2019-10-19 01:26:40,507 [Thread-1328] INFO  impl.FollowerState (FollowerState.java:run(117)) - 7247ad7d-2ca2-4af8-9337-77c07ea89cb3@group-31C3DC938042-FollowerState was interrupted: java.lang.InterruptedException: sleep interrupted
2019-10-19 01:26:40,518 [8bce6a00-3bba-419d-83ac-b35141b6b559@group-31C3DC938042-LeaderElection126] INFO  impl.LeaderElection (LeaderElection.java:logAndReturn(56)) - 8bce6a00-3bba-419d-83ac-b35141b6b559@group-31C3DC938042-LeaderElection126: Election REJECTED; received 2 response(s) [8bce6a00-3bba-419d-83ac-b35141b6b559<-774c78e1-8dd4-453d-975e-442189a07fe2#0:FAIL-t111, 8bce6a00-3bba-419d-83ac-b35141b6b559<-7247ad7d-2ca2-4af8-9337-77c07ea89cb3#0:FAIL-t111] and 0 exception(s); 8bce6a00-3bba-419d-83ac-b35141b6b559@group-31C3DC938042:t111, leader=null, voted=8bce6a00-3bba-419d-83ac-b35141b6b559, raftlog=8bce6a00-3bba-419d-83ac-b35141b6b559@group-31C3DC938042-SegmentedRaftLog:OPENED:c-1,f-1,i0, conf=-1: [774c78e1-8dd4-453d-975e-442189a07fe2:192.168.157.242:38712, 7247ad7d-2ca2-4af8-9337-77c07ea89cb3:192.168.157.242:42362, 8bce6a00-3bba-419d-83ac-b35141b6b559:192.168.157.242:37801], old=null
2019-10-19 01:26:40,518 [8bce6a00-3bba-419d-83ac-b35141b6b559@group-31C3DC938042-LeaderElection126] INFO  impl.RaftServerImpl (RaftServerImpl.java:setRole(184)) - 8bce6a00-3bba-419d-83ac-b35141b6b559@group-31C3DC938042: changes role from CANDIDATE to FOLLOWER at term 111 for DISCOVERED_A_NEW_TERM
2019-10-19 01:26:40,518 [8bce6a00-3bba-419d-83ac-b35141b6b559@group-31C3DC938042-LeaderElection126] INFO  impl.RoleInfo (RoleInfo.java:shutdownLeaderElection(134)) - 8bce6a00-3bba-419d-83ac-b35141b6b559: shutdown LeaderElection
2019-10-19 01:26:40,518 [8bce6a00-3bba-419d-83ac-b35141b6b559@group-31C3DC938042-LeaderElection126] INFO  impl.RoleInfo (RoleInfo.java:updateAndGet(143)) - 8bce6a00-3bba-419d-83ac-b35141b6b559: start FollowerState
2019-10-19 01:26:40,602 [Thread-1340] INFO  impl.FollowerState (FollowerState.java:run(108)) - 8bce6a00-3bba-419d-83ac-b35141b6b559@group-31C3DC938042-FollowerState: change to CANDIDATE, lastRpcTime:83ms, electionTimeout:83ms
2019-10-19 01:26:40,602 [Thread-1340] INFO  impl.RoleInfo (RoleInfo.java:shutdownFollowerState(121)) - 8bce6a00-3bba-419d-83ac-b35141b6b559: shutdown FollowerState
2019-10-19 01:26:40,602 [Thread-1340] INFO  impl.RaftServerImpl (RaftServerImpl.java:setRole(184)) - 8bce6a00-3bba-419d-83ac-b35141b6b559@group-31C3DC938042: changes role from  FOLLOWER to CANDIDATE at term 111 for changeToCandidate
2019-10-19 01:26:40,602 [Thread-1340] INFO  impl.RoleInfo (RoleInfo.java:updateAndGet(143)) - 8bce6a00-3bba-419d-83ac-b35141b6b559: start LeaderElection
2019-10-19 01:26:40,631 [8bce6a00-3bba-419d-83ac-b35141b6b559@group-31C3DC938042-LeaderElection127] INFO  impl.LeaderElection (LeaderElection.java:askForVotes(178)) - 8bce6a00-3bba-419d-83ac-b35141b6b559@group-31C3DC938042-LeaderElection127: begin an election at term 112 for -1: [774c78e1-8dd4-453d-975e-442189a07fe2:192.168.157.242:38712, 7247ad7d-2ca2-4af8-9337-77c07ea89cb3:192.168.157.242:42362, 8bce6a00-3bba-419d-83ac-b35141b6b559:192.168.157.242:37801], old=null
2019-10-19 01:26:40,633 [grpc-default-executor-4] INFO  impl.RaftServerImpl (RaftServerImpl.java:setRole(184)) - 7247ad7d-2ca2-4af8-9337-77c07ea89cb3@group-31C3DC938042: changes role from  FOLLOWER to FOLLOWER at term 112 for recognizeCandidate:8bce6a00-3bba-419d-83ac-b35141b6b559
2019-10-19 01:26:40,633 [grpc-default-executor-4] INFO  impl.RoleInfo (RoleInfo.java:shutdownFollowerState(121)) - 7247ad7d-2ca2-4af8-9337-77c07ea89cb3: shutdown FollowerState
2019-10-19 01:26:40,634 [grpc-default-executor-4] INFO  impl.RoleInfo (RoleInfo.java:updateAndGet(143)) - 7247ad7d-2ca2-4af8-9337-77c07ea89cb3: start FollowerState
2019-10-19 01:26:40,634 [Thread-1338] INFO  impl.FollowerState (FollowerState.java:run(117)) - 7247ad7d-2ca2-4af8-9337-77c07ea89cb3@group-31C3DC938042-FollowerState was interrupted: java.lang.InterruptedException: sleep interrupted
2019-10-19 01:26:40,634 [grpc-default-executor-1] INFO  impl.RaftServerImpl (RaftServerImpl.java:setRole(184)) - 774c78e1-8dd4-453d-975e-442189a07fe2@group-31C3DC938042: changes role from  FOLLOWER to FOLLOWER at term 112 for recognizeCandidate:8bce6a00-3bba-419d-83ac-b35141b6b559
2019-10-19 01:26:40,634 [grpc-default-executor-1] INFO  impl.RoleInfo (RoleInfo.java:shutdownFollowerState(121)) - 774c78e1-8dd4-453d-975e-442189a07fe2: shutdown FollowerState
2019-10-19 01:26:40,634 [grpc-default-executor-1] INFO  impl.RoleInfo (RoleInfo.java:updateAndGet(143)) - 774c78e1-8dd4-453d-975e-442189a07fe2: start FollowerState
2019-10-19 01:26:40,634 [Thread-1339] INFO  impl.FollowerState (FollowerState.java:run(117)) - 774c78e1-8dd4-453d-975e-442189a07fe2@group-31C3DC938042-FollowerState was interrupted: java.lang.InterruptedException: sleep interrupted
2019-10-19 01:26:40,645 [8bce6a00-3bba-419d-83ac-b35141b6b559@group-31C3DC938042-LeaderElection127] INFO  impl.LeaderElection (LeaderElection.java:logAndReturn(56)) - 8bce6a00-3bba-419d-83ac-b35141b6b559@group-31C3DC938042-LeaderElection127: Election REJECTED; received 2 response(s) [8bce6a00-3bba-419d-83ac-b35141b6b559<-774c78e1-8dd4-453d-975e-442189a07fe2#0:FAIL-t112, 8bce6a00-3bba-419d-83ac-b35141b6b559<-7247ad7d-2ca2-4af8-9337-77c07ea89cb3#0:FAIL-t112] and 0 exception(s); 8bce6a00-3bba-419d-83ac-b35141b6b559@group-31C3DC938042:t112, leader=null, voted=8bce6a00-3bba-419d-83ac-b35141b6b559, raftlog=8bce6a00-3bba-419d-83ac-b35141b6b559@group-31C3DC938042-SegmentedRaftLog:OPENED:c-1,f-1,i0, conf=-1: [774c78e1-8dd4-453d-975e-442189a07fe2:192.168.157.242:38712, 7247ad7d-2ca2-4af8-9337-77c07ea89cb3:192.168.157.242:42362, 8bce6a00-3bba-419d-83ac-b35141b6b559:192.168.157.242:37801], old=null
2019-10-19 01:26:40,646 [8bce6a00-3bba-419d-83ac-b35141b6b559@group-31C3DC938042-LeaderElection127] INFO  impl.RaftServerImpl (RaftServerImpl.java:setRole(184)) - 8bce6a00-3bba-419d-83ac-b35141b6b559@group-31C3DC938042: changes role from CANDIDATE to FOLLOWER at term 112 for DISCOVERED_A_NEW_TERM
2019-10-19 01:26:40,646 [8bce6a00-3bba-419d-83ac-b35141b6b559@group-31C3DC938042-LeaderElection127] INFO  impl.RoleInfo (RoleInfo.java:shutdownLeaderElection(134)) - 8bce6a00-3bba-419d-83ac-b35141b6b559: shutdown LeaderElection
2019-10-19 01:26:40,646 [8bce6a00-3bba-419d-83ac-b35141b6b559@group-31C3DC938042-LeaderElection127] INFO  impl.RoleInfo (RoleInfo.java:updateAndGet(143)) - 8bce6a00-3bba-419d-83ac-b35141b6b559: start FollowerState
2019-10-19 01:26:40,795 [Thread-1346] INFO  impl.FollowerState (FollowerState.java:run(108)) - 8bce6a00-3bba-419d-83ac-b35141b6b559@group-31C3DC938042-FollowerState: change to CANDIDATE, lastRpcTime:149ms, electionTimeout:149ms
2019-10-19 01:26:40,795 [Thread-1346] INFO  impl.RoleInfo (RoleInfo.java:shutdownFollowerState(121)) - 8bce6a00-3bba-419d-83ac-b35141b6b559: shutdown FollowerState
2019-10-19 01:26:40,795 [Thread-1346] INFO  impl.RaftServerImpl (RaftServerImpl.java:setRole(184)) - 8bce6a00-3bba-419d-83ac-b35141b6b559@group-31C3DC938042: changes role from  FOLLOWER to CANDIDATE at term 112 for changeToCandidate
2019-10-19 01:26:40,796 [Thread-1346] INFO  impl.RoleInfo (RoleInfo.java:updateAndGet(143)) - 8bce6a00-3bba-419d-83ac-b35141b6b559: start LeaderElection
2019-10-19 01:26:40,804 [8bce6a00-3bba-419d-83ac-b35141b6b559@group-31C3DC938042-LeaderElection128] INFO  impl.LeaderElection (LeaderElection.java:askForVotes(178)) - 8bce6a00-3bba-419d-83ac-b35141b6b559@group-31C3DC938042-LeaderElection128: begin an election at term 113 for -1: [774c78e1-8dd4-453d-975e-442189a07fe2:192.168.157.242:38712, 7247ad7d-2ca2-4af8-9337-77c07ea89cb3:192.168.157.242:42362, 8bce6a00-3bba-419d-83ac-b35141b6b559:192.168.157.242:37801], old=null
2019-10-19 01:26:40,806 [grpc-default-executor-1] INFO  impl.RaftServerImpl (RaftServerImpl.java:setRole(184)) - 7247ad7d-2ca2-4af8-9337-77c07ea89cb3@group-31C3DC938042: changes role from  FOLLOWER to FOLLOWER at term 113 for recognizeCandidate:8bce6a00-3bba-419d-83ac-b35141b6b559
2019-10-19 01:26:40,807 [grpc-default-executor-1] INFO  impl.RoleInfo (RoleInfo.java:shutdownFollowerState(121)) - 7247ad7d-2ca2-4af8-9337-77c07ea89cb3: shutdown FollowerState
2019-10-19 01:26:40,807 [grpc-default-executor-1] INFO  impl.RoleInfo (RoleInfo.java:updateAndGet(143)) - 7247ad7d-2ca2-4af8-9337-77c07ea89cb3: start FollowerState
2019-10-19 01:26:40,807 [grpc-default-executor-4] INFO  impl.RaftServerImpl (RaftServerImpl.java:setRole(184)) - 774c78e1-8dd4-453d-975e-442189a07fe2@group-31C3DC938042: changes role from  FOLLOWER to FOLLOWER at term 113 for recognizeCandidate:8bce6a00-3bba-419d-83ac-b35141b6b559
2019-10-19 01:26:40,807 [grpc-default-executor-4] INFO  impl.RoleInfo (RoleInfo.java:shutdownFollowerState(121)) - 774c78e1-8dd4-453d-975e-442189a07fe2: shutdown FollowerState
2019-10-19 01:26:40,807 [Thread-1344] INFO  impl.FollowerState (FollowerState.java:run(117)) - 7247ad7d-2ca2-4af8-9337-77c07ea89cb3@group-31C3DC938042-FollowerState was interrupted: java.lang.InterruptedException: sleep interrupted
2019-10-19 01:26:40,807 [Thread-1345] INFO  impl.FollowerState (FollowerState.java:run(117)) - 774c78e1-8dd4-453d-975e-442189a07fe2@group-31C3DC938042-FollowerState was interrupted: java.lang.InterruptedException: sleep interrupted
2019-10-19 01:26:40,807 [grpc-default-executor-4] INFO  impl.RoleInfo (RoleInfo.java:updateAndGet(143)) - 774c78e1-8dd4-453d-975e-442189a07fe2: start FollowerState
2019-10-19 01:26:40,817 [8bce6a00-3bba-419d-83ac-b35141b6b559@group-31C3DC938042-LeaderElection128] INFO  impl.LeaderElection (LeaderElection.java:logAndReturn(56)) - 8bce6a00-3bba-419d-83ac-b35141b6b559@group-31C3DC938042-LeaderElection128: Election REJECTED; received 2 response(s) [8bce6a00-3bba-419d-83ac-b35141b6b559<-774c78e1-8dd4-453d-975e-442189a07fe2#0:FAIL-t113, 8bce6a00-3bba-419d-83ac-b35141b6b559<-7247ad7d-2ca2-4af8-9337-77c07ea89cb3#0:FAIL-t113] and 0 exception(s); 8bce6a00-3bba-419d-83ac-b35141b6b559@group-31C3DC938042:t113, leader=null, voted=8bce6a00-3bba-419d-83ac-b35141b6b559, raftlog=8bce6a00-3bba-419d-83ac-b35141b6b559@group-31C3DC938042-SegmentedRaftLog:OPENED:c-1,f-1,i0, conf=-1: [774c78e1-8dd4-453d-975e-442189a07fe2:192.168.157.242:38712, 7247ad7d-2ca2-4af8-9337-77c07ea89cb3:192.168.157.242:42362, 8bce6a00-3bba-419d-83ac-b35141b6b559:192.168.157.242:37801], old=null
2019-10-19 01:26:40,817 [8bce6a00-3bba-419d-83ac-b35141b6b559@group-31C3DC938042-LeaderElection128] INFO  impl.RaftServerImpl (RaftServerImpl.java:setRole(184)) - 8bce6a00-3bba-419d-83ac-b35141b6b559@group-31C3DC938042: changes role from CANDIDATE to FOLLOWER at term 113 for DISCOVERED_A_NEW_TERM
2019-10-19 01:26:40,818 [8bce6a00-3bba-419d-83ac-b35141b6b559@group-31C3DC938042-LeaderElection128] INFO  impl.RoleInfo (RoleInfo.java:shutdownLeaderElection(134)) - 8bce6a00-3bba-419d-83ac-b35141b6b559: shutdown LeaderElection
2019-10-19 01:26:40,818 [8bce6a00-3bba-419d-83ac-b35141b6b559@group-31C3DC938042-LeaderElection128] INFO  impl.RoleInfo (RoleInfo.java:updateAndGet(143)) - 8bce6a00-3bba-419d-83ac-b35141b6b559: start FollowerState
2019-10-19 01:26:40,848 [Thread-1352] INFO  impl.FollowerState (FollowerState.java:run(108)) - 8bce6a00-3bba-419d-83ac-b35141b6b559@group-31C3DC938042-FollowerState: change to CANDIDATE, lastRpcTime:30ms, electionTimeout:30ms
2019-10-19 01:26:40,848 [Thread-1352] INFO  impl.RoleInfo (RoleInfo.java:shutdownFollowerState(121)) - 8bce6a00-3bba-419d-83ac-b35141b6b559: shutdown FollowerState
2019-10-19 01:26:40,848 [Thread-1352] INFO  impl.RaftServerImpl (RaftServerImpl.java:setRole(184)) - 8bce6a00-3bba-419d-83ac-b35141b6b559@group-31C3DC938042: changes role from  FOLLOWER to CANDIDATE at term 113 for changeToCandidate
2019-10-19 01:26:40,848 [Thread-1352] INFO  impl.RoleInfo (RoleInfo.java:updateAndGet(143)) - 8bce6a00-3bba-419d-83ac-b35141b6b559: start LeaderElection
2019-10-19 01:26:40,856 [8bce6a00-3bba-419d-83ac-b35141b6b559@group-31C3DC938042-LeaderElection129] INFO  impl.LeaderElection (LeaderElection.java:askForVotes(178)) - 8bce6a00-3bba-419d-83ac-b35141b6b559@group-31C3DC938042-LeaderElection129: begin an election at term 114 for -1: [774c78e1-8dd4-453d-975e-442189a07fe2:192.168.157.242:38712, 7247ad7d-2ca2-4af8-9337-77c07ea89cb3:192.168.157.242:42362, 8bce6a00-3bba-419d-83ac-b35141b6b559:192.168.157.242:37801], old=null
2019-10-19 01:26:40,858 [grpc-default-executor-1] INFO  impl.RaftServerImpl (RaftServerImpl.java:setRole(184)) - 774c78e1-8dd4-453d-975e-442189a07fe2@group-31C3DC938042: changes role from  FOLLOWER to FOLLOWER at term 114 for recognizeCandidate:8bce6a00-3bba-419d-83ac-b35141b6b559
2019-10-19 01:26:40,858 [grpc-default-executor-4] INFO  impl.RaftServerImpl (RaftServerImpl.java:setRole(184)) - 7247ad7d-2ca2-4af8-9337-77c07ea89cb3@group-31C3DC938042: changes role from  FOLLOWER to FOLLOWER at term 114 for recognizeCandidate:8bce6a00-3bba-419d-83ac-b35141b6b559
2019-10-19 01:26:40,858 [grpc-default-executor-4] INFO  impl.RoleInfo (RoleInfo.java:shutdownFollowerState(121)) - 7247ad7d-2ca2-4af8-9337-77c07ea89cb3: shutdown FollowerState
2019-10-19 01:26:40,859 [grpc-default-executor-4] INFO  impl.RoleInfo (RoleInfo.java:updateAndGet(143)) - 7247ad7d-2ca2-4af8-9337-77c07ea89cb3: start FollowerState
2019-10-19 01:26:40,858 [grpc-default-executor-1] INFO  impl.RoleInfo (RoleInfo.java:shutdownFollowerState(121)) - 774c78e1-8dd4-453d-975e-442189a07fe2: shutdown FollowerState
2019-10-19 01:26:40,859 [Thread-1350] INFO  impl.FollowerState (FollowerState.java:run(117)) - 7247ad7d-2ca2-4af8-9337-77c07ea89cb3@group-31C3DC938042-FollowerState was interrupted: java.lang.InterruptedException: sleep interrupted
2019-10-19 01:26:40,859 [grpc-default-executor-1] INFO  impl.RoleInfo (RoleInfo.java:updateAndGet(143)) - 774c78e1-8dd4-453d-975e-442189a07fe2: start FollowerState
2019-10-19 01:26:40,859 [Thread-1351] INFO  impl.FollowerState (FollowerState.java:run(117)) - 774c78e1-8dd4-453d-975e-442189a07fe2@group-31C3DC938042-FollowerState was interrupted: java.lang.InterruptedException: sleep interrupted
2019-10-19 01:26:40,877 [8bce6a00-3bba-419d-83ac-b35141b6b559@group-31C3DC938042-LeaderElection129] INFO  impl.LeaderElection (LeaderElection.java:logAndReturn(56)) - 8bce6a00-3bba-419d-83ac-b35141b6b559@group-31C3DC938042-LeaderElection129: Election REJECTED; received 2 response(s) [8bce6a00-3bba-419d-83ac-b35141b6b559<-774c78e1-8dd4-453d-975e-442189a07fe2#0:FAIL-t114, 8bce6a00-3bba-419d-83ac-b35141b6b559<-7247ad7d-2ca2-4af8-9337-77c07ea89cb3#0:FAIL-t114] and 0 exception(s); 8bce6a00-3bba-419d-83ac-b35141b6b559@group-31C3DC938042:t114, leader=null, voted=8bce6a00-3bba-419d-83ac-b35141b6b559, raftlog=8bce6a00-3bba-419d-83ac-b35141b6b559@group-31C3DC938042-SegmentedRaftLog:OPENED:c-1,f-1,i0, conf=-1: [774c78e1-8dd4-453d-975e-442189a07fe2:192.168.157.242:38712, 7247ad7d-2ca2-4af8-9337-77c07ea89cb3:192.168.157.242:42362, 8bce6a00-3bba-419d-83ac-b35141b6b559:192.168.157.242:37801], old=null
2019-10-19 01:26:40,877 [8bce6a00-3bba-419d-83ac-b35141b6b559@group-31C3DC938042-LeaderElection129] INFO  impl.RaftServerImpl (RaftServerImpl.java:setRole(184)) - 8bce6a00-3bba-419d-83ac-b35141b6b559@group-31C3DC938042: changes role from CANDIDATE to FOLLOWER at term 114 for DISCOVERED_A_NEW_TERM
2019-10-19 01:26:40,877 [8bce6a00-3bba-419d-83ac-b35141b6b559@group-31C3DC938042-LeaderElection129] INFO  impl.RoleInfo (RoleInfo.java:shutdownLeaderElection(134)) - 8bce6a00-3bba-419d-83ac-b35141b6b559: shutdown LeaderElection
2019-10-19 01:26:40,877 [8bce6a00-3bba-419d-83ac-b35141b6b559@group-31C3DC938042-LeaderElection129] INFO  impl.RoleInfo (RoleInfo.java:updateAndGet(143)) - 8bce6a00-3bba-419d-83ac-b35141b6b559: start FollowerState
2019-10-19 01:26:40,941 [Thread-1358] INFO  impl.FollowerState (FollowerState.java:run(108)) - 8bce6a00-3bba-419d-83ac-b35141b6b559@group-31C3DC938042-FollowerState: change to CANDIDATE, lastRpcTime:64ms, electionTimeout:64ms
2019-10-19 01:26:40,941 [Thread-1358] INFO  impl.RoleInfo (RoleInfo.java:shutdownFollowerState(121)) - 8bce6a00-3bba-419d-83ac-b35141b6b559: shutdown FollowerState
2019-10-19 01:26:40,942 [Thread-1358] INFO  impl.RaftServerImpl (RaftServerImpl.java:setRole(184)) - 8bce6a00-3bba-419d-83ac-b35141b6b559@group-31C3DC938042: changes role from  FOLLOWER to CANDIDATE at term 114 for changeToCandidate
2019-10-19 01:26:40,942 [Thread-1358] INFO  impl.RoleInfo (RoleInfo.java:updateAndGet(143)) - 8bce6a00-3bba-419d-83ac-b35141b6b559: start LeaderElection
2019-10-19 01:26:40,955 [8bce6a00-3bba-419d-83ac-b35141b6b559@group-31C3DC938042-LeaderElection130] INFO  impl.LeaderElection (LeaderElection.java:askForVotes(178)) - 8bce6a00-3bba-419d-83ac-b35141b6b559@group-31C3DC938042-LeaderElection130: begin an election at term 115 for -1: [774c78e1-8dd4-453d-975e-442189a07fe2:192.168.157.242:38712, 7247ad7d-2ca2-4af8-9337-77c07ea89cb3:192.168.157.242:42362, 8bce6a00-3bba-419d-83ac-b35141b6b559:192.168.157.242:37801], old=null
2019-10-19 01:26:40,958 [grpc-default-executor-3] INFO  impl.RaftServerImpl (RaftServerImpl.java:setRole(184)) - 7247ad7d-2ca2-4af8-9337-77c07ea89cb3@group-31C3DC938042: changes role from  FOLLOWER to FOLLOWER at term 115 for recognizeCandidate:8bce6a00-3bba-419d-83ac-b35141b6b559
2019-10-19 01:26:40,958 [grpc-default-executor-3] INFO  impl.RoleInfo (RoleInfo.java:shutdownFollowerState(121)) - 7247ad7d-2ca2-4af8-9337-77c07ea89cb3: shutdown FollowerState
2019-10-19 01:26:40,958 [grpc-default-executor-3] INFO  impl.RoleInfo (RoleInfo.java:updateAndGet(143)) - 7247ad7d-2ca2-4af8-9337-77c07ea89cb3: start FollowerState
2019-10-19 01:26:40,958 [Thread-1356] INFO  impl.FollowerState (FollowerState.java:run(117)) - 7247ad7d-2ca2-4af8-9337-77c07ea89cb3@group-31C3DC938042-FollowerState was interrupted: java.lang.InterruptedException: sleep interrupted
2019-10-19 01:26:40,958 [grpc-default-executor-4] INFO  impl.RaftServerImpl (RaftServerImpl.java:setRole(184)) - 774c78e1-8dd4-453d-975e-442189a07fe2@group-31C3DC938042: changes role from  FOLLOWER to FOLLOWER at term 115 for recognizeCandidate:8bce6a00-3bba-419d-83ac-b35141b6b559
2019-10-19 01:26:40,958 [grpc-default-executor-4] INFO  impl.RoleInfo (RoleInfo.java:shutdownFollowerState(121)) - 774c78e1-8dd4-453d-975e-442189a07fe2: shutdown FollowerState
2019-10-19 01:26:40,958 [grpc-default-executor-4] INFO  impl.RoleInfo (RoleInfo.java:updateAndGet(143)) - 774c78e1-8dd4-453d-975e-442189a07fe2: start FollowerState
2019-10-19 01:26:40,958 [Thread-1357] INFO  impl.FollowerState (FollowerState.java:run(117)) - 774c78e1-8dd4-453d-975e-442189a07fe2@group-31C3DC938042-FollowerState was interrupted: java.lang.InterruptedException: sleep interrupted
2019-10-19 01:26:40,983 [8bce6a00-3bba-419d-83ac-b35141b6b559@group-31C3DC938042-LeaderElection130] INFO  impl.LeaderElection (LeaderElection.java:logAndReturn(56)) - 8bce6a00-3bba-419d-83ac-b35141b6b559@group-31C3DC938042-LeaderElection130: Election REJECTED; received 2 response(s) [8bce6a00-3bba-419d-83ac-b35141b6b559<-774c78e1-8dd4-453d-975e-442189a07fe2#0:FAIL-t115, 8bce6a00-3bba-419d-83ac-b35141b6b559<-7247ad7d-2ca2-4af8-9337-77c07ea89cb3#0:FAIL-t115] and 0 exception(s); 8bce6a00-3bba-419d-83ac-b35141b6b559@group-31C3DC938042:t115, leader=null, voted=8bce6a00-3bba-419d-83ac-b35141b6b559, raftlog=8bce6a00-3bba-419d-83ac-b35141b6b559@group-31C3DC938042-SegmentedRaftLog:OPENED:c-1,f-1,i0, conf=-1: [774c78e1-8dd4-453d-975e-442189a07fe2:192.168.157.242:38712, 7247ad7d-2ca2-4af8-9337-77c07ea89cb3:192.168.157.242:42362, 8bce6a00-3bba-419d-83ac-b35141b6b559:192.168.157.242:37801], old=null
2019-10-19 01:26:40,983 [8bce6a00-3bba-419d-83ac-b35141b6b559@group-31C3DC938042-LeaderElection130] INFO  impl.RaftServerImpl (RaftServerImpl.java:setRole(184)) - 8bce6a00-3bba-419d-83ac-b35141b6b559@group-31C3DC938042: changes role from CANDIDATE to FOLLOWER at term 115 for DISCOVERED_A_NEW_TERM
2019-10-19 01:26:40,983 [8bce6a00-3bba-419d-83ac-b35141b6b559@group-31C3DC938042-LeaderElection130] INFO  impl.RoleInfo (RoleInfo.java:shutdownLeaderElection(134)) - 8bce6a00-3bba-419d-83ac-b35141b6b559: shutdown LeaderElection
2019-10-19 01:26:40,983 [8bce6a00-3bba-419d-83ac-b35141b6b559@group-31C3DC938042-LeaderElection130] INFO  impl.RoleInfo (RoleInfo.java:updateAndGet(143)) - 8bce6a00-3bba-419d-83ac-b35141b6b559: start FollowerState
2019-10-19 01:26:41,084 [Thread-1368] INFO  impl.FollowerState (FollowerState.java:run(108)) - 8bce6a00-3bba-419d-83ac-b35141b6b559@group-31C3DC938042-FollowerState: change to CANDIDATE, lastRpcTime:100ms, electionTimeout:100ms
2019-10-19 01:26:41,084 [Thread-1368] INFO  impl.RoleInfo (RoleInfo.java:shutdownFollowerState(121)) - 8bce6a00-3bba-419d-83ac-b35141b6b559: shutdown FollowerState
2019-10-19 01:26:41,084 [Thread-1368] INFO  impl.RaftServerImpl (RaftServerImpl.java:setRole(184)) - 8bce6a00-3bba-419d-83ac-b35141b6b559@group-31C3DC938042: changes role from  FOLLOWER to CANDIDATE at term 115 for changeToCandidate
2019-10-19 01:26:41,084 [Thread-1368] INFO  impl.RoleInfo (RoleInfo.java:updateAndGet(143)) - 8bce6a00-3bba-419d-83ac-b35141b6b559: start LeaderElection
2019-10-19 01:26:41,092 [8bce6a00-3bba-419d-83ac-b35141b6b559@group-31C3DC938042-LeaderElection131] INFO  impl.LeaderElection (LeaderElection.java:askForVotes(178)) - 8bce6a00-3bba-419d-83ac-b35141b6b559@group-31C3DC938042-LeaderElection131: begin an election at term 116 for -1: [774c78e1-8dd4-453d-975e-442189a07fe2:192.168.157.242:38712, 7247ad7d-2ca2-4af8-9337-77c07ea89cb3:192.168.157.242:42362, 8bce6a00-3bba-419d-83ac-b35141b6b559:192.168.157.242:37801], old=null
2019-10-19 01:26:41,094 [grpc-default-executor-4] INFO  impl.RaftServerImpl (RaftServerImpl.java:setRole(184)) - 774c78e1-8dd4-453d-975e-442189a07fe2@group-31C3DC938042: changes role from  FOLLOWER to FOLLOWER at term 116 for recognizeCandidate:8bce6a00-3bba-419d-83ac-b35141b6b559
2019-10-19 01:26:41,094 [grpc-default-executor-3] INFO  impl.RaftServerImpl (RaftServerImpl.java:setRole(184)) - 7247ad7d-2ca2-4af8-9337-77c07ea89cb3@group-31C3DC938042: changes role from  FOLLOWER to FOLLOWER at term 116 for recognizeCandidate:8bce6a00-3bba-419d-83ac-b35141b6b559
2019-10-19 01:26:41,094 [grpc-default-executor-4] INFO  impl.RoleInfo (RoleInfo.java:shutdownFollowerState(121)) - 774c78e1-8dd4-453d-975e-442189a07fe2: shutdown FollowerState
2019-10-19 01:26:41,094 [grpc-default-executor-3] INFO  impl.RoleInfo (RoleInfo.java:shutdownFollowerState(121)) - 7247ad7d-2ca2-4af8-9337-77c07ea89cb3: shutdown FollowerState
2019-10-19 01:26:41,094 [grpc-default-executor-4] INFO  impl.RoleInfo (RoleInfo.java:updateAndGet(143)) - 774c78e1-8dd4-453d-975e-442189a07fe2: start FollowerState
2019-10-19 01:26:41,094 [grpc-default-executor-3] INFO  impl.RoleInfo (RoleInfo.java:updateAndGet(143)) - 7247ad7d-2ca2-4af8-9337-77c07ea89cb3: start FollowerState
2019-10-19 01:26:41,094 [Thread-1367] INFO  impl.FollowerState (FollowerState.java:run(117)) - 774c78e1-8dd4-453d-975e-442189a07fe2@group-31C3DC938042-FollowerState was interrupted: java.lang.InterruptedException: sleep interrupted
2019-10-19 01:26:41,094 [Thread-1366] INFO  impl.FollowerState (FollowerState.java:run(117)) - 7247ad7d-2ca2-4af8-9337-77c07ea89cb3@group-31C3DC938042-FollowerState was interrupted: java.lang.InterruptedException: sleep interrupted
2019-10-19 01:26:41,106 [8bce6a00-3bba-419d-83ac-b35141b6b559@group-31C3DC938042-LeaderElection131] INFO  impl.LeaderElection (LeaderElection.java:logAndReturn(56)) - 8bce6a00-3bba-419d-83ac-b35141b6b559@group-31C3DC938042-LeaderElection131: Election REJECTED; received 2 response(s) [8bce6a00-3bba-419d-83ac-b35141b6b559<-774c78e1-8dd4-453d-975e-442189a07fe2#0:FAIL-t116, 8bce6a00-3bba-419d-83ac-b35141b6b559<-7247ad7d-2ca2-4af8-9337-77c07ea89cb3#0:FAIL-t116] and 0 exception(s); 8bce6a00-3bba-419d-83ac-b35141b6b559@group-31C3DC938042:t116, leader=null, voted=8bce6a00-3bba-419d-83ac-b35141b6b559, raftlog=8bce6a00-3bba-419d-83ac-b35141b6b559@group-31C3DC938042-SegmentedRaftLog:OPENED:c-1,f-1,i0, conf=-1: [774c78e1-8dd4-453d-975e-442189a07fe2:192.168.157.242:38712, 7247ad7d-2ca2-4af8-9337-77c07ea89cb3:192.168.157.242:42362, 8bce6a00-3bba-419d-83ac-b35141b6b559:192.168.157.242:37801], old=null
2019-10-19 01:26:41,106 [8bce6a00-3bba-419d-83ac-b35141b6b559@group-31C3DC938042-LeaderElection131] INFO  impl.RaftServerImpl (RaftServerImpl.java:setRole(184)) - 8bce6a00-3bba-419d-83ac-b35141b6b559@group-31C3DC938042: changes role from CANDIDATE to FOLLOWER at term 116 for DISCOVERED_A_NEW_TERM
2019-10-19 01:26:41,106 [8bce6a00-3bba-419d-83ac-b35141b6b559@group-31C3DC938042-LeaderElection131] INFO  impl.RoleInfo (RoleInfo.java:shutdownLeaderElection(134)) - 8bce6a00-3bba-419d-83ac-b35141b6b559: shutdown LeaderElection
2019-10-19 01:26:41,106 [8bce6a00-3bba-419d-83ac-b35141b6b559@group-31C3DC938042-LeaderElection131] INFO  impl.RoleInfo (RoleInfo.java:updateAndGet(143)) - 8bce6a00-3bba-419d-83ac-b35141b6b559: start FollowerState
2019-10-19 01:26:41,278 [Thread-1374] INFO  impl.FollowerState (FollowerState.java:run(108)) - 8bce6a00-3bba-419d-83ac-b35141b6b559@group-31C3DC938042-FollowerState: change to CANDIDATE, lastRpcTime:171ms, electionTimeout:171ms
2019-10-19 01:26:41,278 [Thread-1374] INFO  impl.RoleInfo (RoleInfo.java:shutdownFollowerState(121)) - 8bce6a00-3bba-419d-83ac-b35141b6b559: shutdown FollowerState
2019-10-19 01:26:41,278 [Thread-1374] INFO  impl.RaftServerImpl (RaftServerImpl.java:setRole(184)) - 8bce6a00-3bba-419d-83ac-b35141b6b559@group-31C3DC938042: changes role from  FOLLOWER to CANDIDATE at term 116 for changeToCandidate
2019-10-19 01:26:41,278 [Thread-1374] INFO  impl.RoleInfo (RoleInfo.java:updateAndGet(143)) - 8bce6a00-3bba-419d-83ac-b35141b6b559: start LeaderElection
2019-10-19 01:26:41,316 [8bce6a00-3bba-419d-83ac-b35141b6b559@group-31C3DC938042-LeaderElection132] INFO  impl.LeaderElection (LeaderElection.java:askForVotes(178)) - 8bce6a00-3bba-419d-83ac-b35141b6b559@group-31C3DC938042-LeaderElection132: begin an election at term 117 for -1: [774c78e1-8dd4-453d-975e-442189a07fe2:192.168.157.242:38712, 7247ad7d-2ca2-4af8-9337-77c07ea89cb3:192.168.157.242:42362, 8bce6a00-3bba-419d-83ac-b35141b6b559:192.168.157.242:37801], old=null
2019-10-19 01:26:41,317 [grpc-default-executor-4] INFO  impl.RaftServerImpl (RaftServerImpl.java:setRole(184)) - 7247ad7d-2ca2-4af8-9337-77c07ea89cb3@group-31C3DC938042: changes role from  FOLLOWER to FOLLOWER at term 117 for recognizeCandidate:8bce6a00-3bba-419d-83ac-b35141b6b559
2019-10-19 01:26:41,317 [grpc-default-executor-3] INFO  impl.RaftServerImpl (RaftServerImpl.java:setRole(184)) - 774c78e1-8dd4-453d-975e-442189a07fe2@group-31C3DC938042: changes role from  FOLLOWER to FOLLOWER at term 117 for recognizeCandidate:8bce6a00-3bba-419d-83ac-b35141b6b559
2019-10-19 01:26:41,318 [grpc-default-executor-4] INFO  impl.RoleInfo (RoleInfo.java:shutdownFollowerState(121)) - 7247ad7d-2ca2-4af8-9337-77c07ea89cb3: shutdown FollowerState
2019-10-19 01:26:41,318 [grpc-default-executor-3] INFO  impl.RoleInfo (RoleInfo.java:shutdownFollowerState(121)) - 774c78e1-8dd4-453d-975e-442189a07fe2: shutdown FollowerState
2019-10-19 01:26:41,318 [grpc-default-executor-4] INFO  impl.RoleInfo (RoleInfo.java:updateAndGet(143)) - 7247ad7d-2ca2-4af8-9337-77c07ea89cb3: start FollowerState
2019-10-19 01:26:41,318 [Thread-1372] INFO  impl.FollowerState (FollowerState.java:run(117)) - 774c78e1-8dd4-453d-975e-442189a07fe2@group-31C3DC938042-FollowerState was interrupted: java.lang.InterruptedException: sleep interrupted
2019-10-19 01:26:41,318 [Thread-1373] INFO  impl.FollowerState (FollowerState.java:run(117)) - 7247ad7d-2ca2-4af8-9337-77c07ea89cb3@group-31C3DC938042-FollowerState was interrupted: java.lang.InterruptedException: sleep interrupted
2019-10-19 01:26:41,318 [grpc-default-executor-3] INFO  impl.RoleInfo (RoleInfo.java:updateAndGet(143)) - 774c78e1-8dd4-453d-975e-442189a07fe2: start FollowerState
2019-10-19 01:26:41,333 [8bce6a00-3bba-419d-83ac-b35141b6b559@group-31C3DC938042-LeaderElection132] INFO  impl.LeaderElection (LeaderElection.java:logAndReturn(56)) - 8bce6a00-3bba-419d-83ac-b35141b6b559@group-31C3DC938042-LeaderElection132: Election REJECTED; received 2 response(s) [8bce6a00-3bba-419d-83ac-b35141b6b559<-774c78e1-8dd4-453d-975e-442189a07fe2#0:FAIL-t117, 8bce6a00-3bba-419d-83ac-b35141b6b559<-7247ad7d-2ca2-4af8-9337-77c07ea89cb3#0:FAIL-t117] and 0 exception(s); 8bce6a00-3bba-419d-83ac-b35141b6b559@group-31C3DC938042:t117, leader=null, voted=8bce6a00-3bba-419d-83ac-b35141b6b559, raftlog=8bce6a00-3bba-419d-83ac-b35141b6b559@group-31C3DC938042-SegmentedRaftLog:OPENED:c-1,f-1,i0, conf=-1: [774c78e1-8dd4-453d-975e-442189a07fe2:192.168.157.242:38712, 7247ad7d-2ca2-4af8-9337-77c07ea89cb3:192.168.157.242:42362, 8bce6a00-3bba-419d-83ac-b35141b6b559:192.168.157.242:37801], old=null
2019-10-19 01:26:41,333 [8bce6a00-3bba-419d-83ac-b35141b6b559@group-31C3DC938042-LeaderElection132] INFO  impl.RaftServerImpl (RaftServerImpl.java:setRole(184)) - 8bce6a00-3bba-419d-83ac-b35141b6b559@group-31C3DC938042: changes role from CANDIDATE to FOLLOWER at term 117 for DISCOVERED_A_NEW_TERM
2019-10-19 01:26:41,333 [8bce6a00-3bba-419d-83ac-b35141b6b559@group-31C3DC938042-LeaderElection132] INFO  impl.RoleInfo (RoleInfo.java:shutdownLeaderElection(134)) - 8bce6a00-3bba-419d-83ac-b35141b6b559: shutdown LeaderElection
2019-10-19 01:26:41,333 [8bce6a00-3bba-419d-83ac-b35141b6b559@group-31C3DC938042-LeaderElection132] INFO  impl.RoleInfo (RoleInfo.java:updateAndGet(143)) - 8bce6a00-3bba-419d-83ac-b35141b6b559: start FollowerState
2019-10-19 01:26:41,469 [ForkJoinPool.commonPool-worker-0] INFO  ozoneimpl.OzoneContainer (OzoneContainer.java:stop(227)) - Attempting to stop container services.
2019-10-19 01:26:41,469 [main] INFO  ozoneimpl.OzoneContainer (OzoneContainer.java:stop(227)) - Attempting to stop container services.
2019-10-19 01:26:41,471 [main] INFO  impl.RaftServerProxy (RaftServerProxy.java:lambda$close$4(314)) - 7247ad7d-2ca2-4af8-9337-77c07ea89cb3: close
2019-10-19 01:26:41,471 [ForkJoinPool.commonPool-worker-0] INFO  impl.RaftServerProxy (RaftServerProxy.java:lambda$close$4(314)) - 236187ad-c3a6-4195-8acc-6254fb470a95: close
2019-10-19 01:26:41,472 [ForkJoinPool.commonPool-worker-0] INFO  impl.RaftServerImpl (RaftServerImpl.java:lambda$shutdown$3(261)) - 236187ad-c3a6-4195-8acc-6254fb470a95@group-AFA25FC37E96: shutdown
2019-10-19 01:26:41,472 [main] INFO  impl.RaftServerImpl (RaftServerImpl.java:lambda$shutdown$3(261)) - 7247ad7d-2ca2-4af8-9337-77c07ea89cb3@group-31C3DC938042: shutdown
2019-10-19 01:26:41,473 [ForkJoinPool.commonPool-worker-0] INFO  util.JmxRegister (JmxRegister.java:unregister(73)) - Successfully un-registered JMX Bean with object name Ratis:service=RaftServer,group=group-AFA25FC37E96,id=236187ad-c3a6-4195-8acc-6254fb470a95
2019-10-19 01:26:41,473 [main] INFO  util.JmxRegister (JmxRegister.java:unregister(73)) - Successfully un-registered JMX Bean with object name Ratis:service=RaftServer,group=group-31C3DC938042,id=7247ad7d-2ca2-4af8-9337-77c07ea89cb3
2019-10-19 01:26:41,473 [ForkJoinPool.commonPool-worker-0] INFO  impl.RoleInfo (RoleInfo.java:shutdownLeaderState(104)) - 236187ad-c3a6-4195-8acc-6254fb470a95: shutdown LeaderState
2019-10-19 01:26:41,473 [Thread-1380] INFO  impl.FollowerState (FollowerState.java:run(108)) - 8bce6a00-3bba-419d-83ac-b35141b6b559@group-31C3DC938042-FollowerState: change to CANDIDATE, lastRpcTime:140ms, electionTimeout:140ms
2019-10-19 01:26:41,473 [main] INFO  impl.RoleInfo (RoleInfo.java:shutdownFollowerState(121)) - 7247ad7d-2ca2-4af8-9337-77c07ea89cb3: shutdown FollowerState
2019-10-19 01:26:41,474 [main] INFO  impl.StateMachineUpdater (StateMachineUpdater.java:stopAndJoin(136)) - 7247ad7d-2ca2-4af8-9337-77c07ea89cb3@group-31C3DC938042-StateMachineUpdater: set stopIndex = 0
2019-10-19 01:26:41,474 [Thread-1380] INFO  impl.RoleInfo (RoleInfo.java:shutdownFollowerState(121)) - 8bce6a00-3bba-419d-83ac-b35141b6b559: shutdown FollowerState
2019-10-19 01:26:41,474 [ForkJoinPool.commonPool-worker-0] INFO  impl.PendingRequests (PendingRequests.java:sendNotLeaderResponses(202)) - 236187ad-c3a6-4195-8acc-6254fb470a95@group-AFA25FC37E96-PendingRequests: sendNotLeaderResponses
2019-10-19 01:26:41,475 [Thread-1380] INFO  impl.RaftServerImpl (RaftServerImpl.java:setRole(184)) - 8bce6a00-3bba-419d-83ac-b35141b6b559@group-31C3DC938042: changes role from  FOLLOWER to CANDIDATE at term 117 for changeToCandidate
2019-10-19 01:26:41,474 [Thread-1378] INFO  impl.FollowerState (FollowerState.java:run(117)) - 7247ad7d-2ca2-4af8-9337-77c07ea89cb3@group-31C3DC938042-FollowerState was interrupted: java.lang.InterruptedException: sleep interrupted
2019-10-19 01:26:41,475 [Thread-1380] INFO  impl.RoleInfo (RoleInfo.java:updateAndGet(143)) - 8bce6a00-3bba-419d-83ac-b35141b6b559: start LeaderElection
2019-10-19 01:26:41,475 [main] INFO  impl.RaftServerImpl (ServerState.java:close(388)) - 7247ad7d-2ca2-4af8-9337-77c07ea89cb3@group-31C3DC938042: closes. applyIndex: 0
2019-10-19 01:26:41,475 [ForkJoinPool.commonPool-worker-0] INFO  impl.StateMachineUpdater (StateMachineUpdater.java:stopAndJoin(136)) - 236187ad-c3a6-4195-8acc-6254fb470a95@group-AFA25FC37E96-StateMachineUpdater: set stopIndex = 0
2019-10-19 01:26:41,478 [ForkJoinPool.commonPool-worker-0] INFO  impl.RaftServerImpl (ServerState.java:close(388)) - 236187ad-c3a6-4195-8acc-6254fb470a95@group-AFA25FC37E96: closes. applyIndex: 0
2019-10-19 01:26:41,479 [7247ad7d-2ca2-4af8-9337-77c07ea89cb3@group-31C3DC938042-SegmentedRaftLogWorker] INFO  segmented.SegmentedRaftLogWorker (SegmentedRaftLogWorker.java:run(316)) - 7247ad7d-2ca2-4af8-9337-77c07ea89cb3@group-31C3DC938042-SegmentedRaftLogWorker was interrupted, exiting. There are 0 tasks remaining in the queue.
2019-10-19 01:26:41,479 [236187ad-c3a6-4195-8acc-6254fb470a95@group-AFA25FC37E96-SegmentedRaftLogWorker] INFO  segmented.SegmentedRaftLogWorker (SegmentedRaftLogWorker.java:run(316)) - 236187ad-c3a6-4195-8acc-6254fb470a95@group-AFA25FC37E96-SegmentedRaftLogWorker was interrupted, exiting. There are 0 tasks remaining in the queue.
2019-10-19 01:26:41,483 [main] INFO  segmented.SegmentedRaftLogWorker (SegmentedRaftLogWorker.java:close(224)) - 7247ad7d-2ca2-4af8-9337-77c07ea89cb3@group-31C3DC938042-SegmentedRaftLogWorker close()
2019-10-19 01:26:41,483 [ForkJoinPool.commonPool-worker-0] INFO  segmented.SegmentedRaftLogWorker (SegmentedRaftLogWorker.java:close(224)) - 236187ad-c3a6-4195-8acc-6254fb470a95@group-AFA25FC37E96-SegmentedRaftLogWorker close()
2019-10-19 01:26:41,486 [main] INFO  impl.RaftServerImpl (RaftServerImpl.java:lambda$shutdown$3(261)) - 7247ad7d-2ca2-4af8-9337-77c07ea89cb3@group-3C882E1F6B00: shutdown
2019-10-19 01:26:41,488 [ForkJoinPool.commonPool-worker-0] INFO  impl.RaftServerImpl (RaftServerImpl.java:lambda$shutdown$3(261)) - 236187ad-c3a6-4195-8acc-6254fb470a95@group-F842E1832D96: shutdown
2019-10-19 01:26:41,489 [main] INFO  util.JmxRegister (JmxRegister.java:unregister(73)) - Successfully un-registered JMX Bean with object name Ratis:service=RaftServer,group=group-3C882E1F6B00,id=7247ad7d-2ca2-4af8-9337-77c07ea89cb3
2019-10-19 01:26:41,489 [ForkJoinPool.commonPool-worker-0] INFO  util.JmxRegister (JmxRegister.java:unregister(73)) - Successfully un-registered JMX Bean with object name Ratis:service=RaftServer,group=group-F842E1832D96,id=236187ad-c3a6-4195-8acc-6254fb470a95
2019-10-19 01:26:41,489 [main] INFO  impl.RoleInfo (RoleInfo.java:shutdownLeaderState(104)) - 7247ad7d-2ca2-4af8-9337-77c07ea89cb3: shutdown LeaderState
2019-10-19 01:26:41,489 [ForkJoinPool.commonPool-worker-0] INFO  impl.RoleInfo (RoleInfo.java:shutdownLeaderState(104)) - 236187ad-c3a6-4195-8acc-6254fb470a95: shutdown LeaderState
2019-10-19 01:26:41,490 [main] INFO  impl.PendingRequests (PendingRequests.java:sendNotLeaderResponses(202)) - 7247ad7d-2ca2-4af8-9337-77c07ea89cb3@group-3C882E1F6B00-PendingRequests: sendNotLeaderResponses
2019-10-19 01:26:41,493 [org.apache.ratis.server.impl.LogAppender$AppenderDaemon$$Lambda$457/1783297556@73ee9373] WARN  server.GrpcLogAppender (GrpcLogAppender.java:mayWait(149)) - 236187ad-c3a6-4195-8acc-6254fb470a95@group-F842E1832D96->964c97d4-fbb7-48cf-b727-382e7669b5e9-GrpcLogAppender: Wait interrupted by java.lang.InterruptedException
2019-10-19 01:26:41,492 [org.apache.ratis.server.impl.LogAppender$AppenderDaemon$$Lambda$457/1783297556@42d76109] WARN  server.GrpcLogAppender (GrpcLogAppender.java:mayWait(149)) - 236187ad-c3a6-4195-8acc-6254fb470a95@group-F842E1832D96->abe27936-fa37-414d-b2e1-4e10a1c095a6-GrpcLogAppender: Wait interrupted by java.lang.InterruptedException
2019-10-19 01:26:41,492 [ForkJoinPool.commonPool-worker-0] INFO  impl.PendingRequests (PendingRequests.java:sendNotLeaderResponses(202)) - 236187ad-c3a6-4195-8acc-6254fb470a95@group-F842E1832D96-PendingRequests: sendNotLeaderResponses
2019-10-19 01:26:41,493 [main] INFO  impl.StateMachineUpdater (StateMachineUpdater.java:stopAndJoin(136)) - 7247ad7d-2ca2-4af8-9337-77c07ea89cb3@group-3C882E1F6B00-StateMachineUpdater: set stopIndex = 0
2019-10-19 01:26:41,493 [grpc-default-executor-4] INFO  server.GrpcServerProtocolService (GrpcServerProtocolService.java:onCompleted(113)) - 964c97d4-fbb7-48cf-b727-382e7669b5e9: Completed APPEND_ENTRIES, lastRequest: 236187ad-c3a6-4195-8acc-6254fb470a95->964c97d4-fbb7-48cf-b727-382e7669b5e9#47-t6, previous=(t:6, i:16), leaderCommit=16, initializing? false, entries: <empty>
2019-10-19 01:26:41,493 [grpc-default-executor-3] INFO  server.GrpcServerProtocolService (GrpcServerProtocolService.java:onCompleted(113)) - abe27936-fa37-414d-b2e1-4e10a1c095a6: Completed APPEND_ENTRIES, lastRequest: 236187ad-c3a6-4195-8acc-6254fb470a95->abe27936-fa37-414d-b2e1-4e10a1c095a6#47-t6, previous=(t:6, i:16), leaderCommit=16, initializing? false, entries: <empty>
2019-10-19 01:26:41,493 [main] INFO  impl.RaftServerImpl (ServerState.java:close(388)) - 7247ad7d-2ca2-4af8-9337-77c07ea89cb3@group-3C882E1F6B00: closes. applyIndex: 0
2019-10-19 01:26:41,495 [grpc-default-executor-3] INFO  server.GrpcLogAppender (GrpcLogAppender.java:onCompleted(308)) - 236187ad-c3a6-4195-8acc-6254fb470a95@group-F842E1832D96->964c97d4-fbb7-48cf-b727-382e7669b5e9-AppendLogResponseHandler: follower responses appendEntries COMPLETED
2019-10-19 01:26:41,495 [ForkJoinPool.commonPool-worker-0] INFO  impl.StateMachineUpdater (StateMachineUpdater.java:stopAndJoin(136)) - 236187ad-c3a6-4195-8acc-6254fb470a95@group-F842E1832D96-StateMachineUpdater: set stopIndex = 16
2019-10-19 01:26:41,504 [8bce6a00-3bba-419d-83ac-b35141b6b559@group-31C3DC938042-LeaderElection133] INFO  impl.LeaderElection (LeaderElection.java:askForVotes(178)) - 8bce6a00-3bba-419d-83ac-b35141b6b559@group-31C3DC938042-LeaderElection133: begin an election at term 118 for -1: [774c78e1-8dd4-453d-975e-442189a07fe2:192.168.157.242:38712, 7247ad7d-2ca2-4af8-9337-77c07ea89cb3:192.168.157.242:42362, 8bce6a00-3bba-419d-83ac-b35141b6b559:192.168.157.242:37801], old=null
2019-10-19 01:26:41,496 [7247ad7d-2ca2-4af8-9337-77c07ea89cb3@group-3C882E1F6B00-SegmentedRaftLogWorker] INFO  segmented.SegmentedRaftLogWorker (SegmentedRaftLogWorker.java:run(316)) - 7247ad7d-2ca2-4af8-9337-77c07ea89cb3@group-3C882E1F6B00-SegmentedRaftLogWorker was interrupted, exiting. There are 0 tasks remaining in the queue.
2019-10-19 01:26:41,496 [236187ad-c3a6-4195-8acc-6254fb470a95@group-F842E1832D96-StateMachineUpdater] INFO  ratis.ContainerStateMachine (ContainerStateMachine.java:takeSnapshot(294)) - group-F842E1832D96: Taking a snapshot at:(t:6, i:12) file /workdir/hadoop-ozone/integration-test/target/test-dir/MiniOzoneClusterImpl-be769f72-d0ac-4a2c-8dca-159e9fc5eefe/datanode-2/data/ratis/72b83858-5b43-40ac-9506-f842e1832d96/sm/snapshot.6_12
2019-10-19 01:26:41,496 [grpc-default-executor-4] INFO  server.GrpcLogAppender (GrpcLogAppender.java:onCompleted(308)) - 236187ad-c3a6-4195-8acc-6254fb470a95@group-F842E1832D96->abe27936-fa37-414d-b2e1-4e10a1c095a6-AppendLogResponseHandler: follower responses appendEntries COMPLETED
2019-10-19 01:26:41,506 [main] INFO  segmented.SegmentedRaftLogWorker (SegmentedRaftLogWorker.java:close(224)) - 7247ad7d-2ca2-4af8-9337-77c07ea89cb3@group-3C882E1F6B00-SegmentedRaftLogWorker close()
2019-10-19 01:26:41,507 [grpc-default-executor-3] INFO  impl.FollowerInfo (FollowerInfo.java:lambda$new$0(51)) - 236187ad-c3a6-4195-8acc-6254fb470a95@group-F842E1832D96->964c97d4-fbb7-48cf-b727-382e7669b5e9: nextIndex: updateUnconditionally 17 -> 16
2019-10-19 01:26:41,511 [main] INFO  server.GrpcService (GrpcService.java:closeImpl(164)) - 7247ad7d-2ca2-4af8-9337-77c07ea89cb3: shutdown server with port 42362 now
2019-10-19 01:26:41,511 [grpc-default-executor-4] INFO  impl.FollowerInfo (FollowerInfo.java:lambda$new$0(51)) - 236187ad-c3a6-4195-8acc-6254fb470a95@group-F842E1832D96->abe27936-fa37-414d-b2e1-4e10a1c095a6: nextIndex: updateUnconditionally 17 -> 16
2019-10-19 01:26:41,512 [grpc-default-executor-3] WARN  server.GrpcServerProtocolService (LogUtils.java:warn(134)) - 7247ad7d-2ca2-4af8-9337-77c07ea89cb3: Failed requestVote 8bce6a00-3bba-419d-83ac-b35141b6b559->7247ad7d-2ca2-4af8-9337-77c07ea89cb3#0: org.apache.ratis.protocol.ServerNotReadyException: 7247ad7d-2ca2-4af8-9337-77c07ea89cb3@group-31C3DC938042 is not in [RUNNING]: current state is CLOSED
2019-10-19 01:26:41,512 [grpc-default-executor-0] INFO  impl.RaftServerImpl (RaftServerImpl.java:setRole(184)) - 774c78e1-8dd4-453d-975e-442189a07fe2@group-31C3DC938042: changes role from  FOLLOWER to FOLLOWER at term 118 for recognizeCandidate:8bce6a00-3bba-419d-83ac-b35141b6b559
2019-10-19 01:26:41,512 [grpc-default-executor-0] INFO  impl.RoleInfo (RoleInfo.java:shutdownFollowerState(121)) - 774c78e1-8dd4-453d-975e-442189a07fe2: shutdown FollowerState
2019-10-19 01:26:41,512 [grpc-default-executor-0] INFO  impl.RoleInfo (RoleInfo.java:updateAndGet(143)) - 774c78e1-8dd4-453d-975e-442189a07fe2: start FollowerState
2019-10-19 01:26:41,512 [Thread-1379] INFO  impl.FollowerState (FollowerState.java:run(117)) - 774c78e1-8dd4-453d-975e-442189a07fe2@group-31C3DC938042-FollowerState was interrupted: java.lang.InterruptedException: sleep interrupted
2019-10-19 01:26:41,515 [main] INFO  server.GrpcService (GrpcService.java:closeImpl(172)) - 7247ad7d-2ca2-4af8-9337-77c07ea89cb3: shutdown server with port 42362 successfully
2019-10-19 01:26:41,524 [8bce6a00-3bba-419d-83ac-b35141b6b559@group-31C3DC938042-LeaderElection133] INFO  impl.LeaderElection (LogUtils.java:infoOrTrace(149)) - 8bce6a00-3bba-419d-83ac-b35141b6b559@group-31C3DC938042-LeaderElection133 got exception when requesting votes: {}
java.util.concurrent.ExecutionException: org.apache.ratis.thirdparty.io.grpc.StatusRuntimeException: CANCELLED: HTTP/2 error code: CANCEL
Received Rst Stream
	at java.util.concurrent.FutureTask.report(FutureTask.java:122)
	at java.util.concurrent.FutureTask.get(FutureTask.java:192)
	at org.apache.ratis.server.impl.LeaderElection.waitForResults(LeaderElection.java:259)
	at org.apache.ratis.server.impl.LeaderElection.askForVotes(LeaderElection.java:197)
	at org.apache.ratis.server.impl.LeaderElection.run(LeaderElection.java:133)
	at java.lang.Thread.run(Thread.java:748)
Caused by: org.apache.ratis.thirdparty.io.grpc.StatusRuntimeException: CANCELLED: HTTP/2 error code: CANCEL
Received Rst Stream
	at org.apache.ratis.thirdparty.io.grpc.stub.ClientCalls.toStatusRuntimeException(ClientCalls.java:233)
	at org.apache.ratis.thirdparty.io.grpc.stub.ClientCalls.getUnchecked(ClientCalls.java:214)
	at org.apache.ratis.thirdparty.io.grpc.stub.ClientCalls.blockingUnaryCall(ClientCalls.java:139)
	at org.apache.ratis.proto.grpc.RaftServerProtocolServiceGrpc$RaftServerProtocolServiceBlockingStub.requestVote(RaftServerProtocolServiceGrpc.java:265)
	at org.apache.ratis.grpc.server.GrpcServerProtocolClient.requestVote(GrpcServerProtocolClient.java:99)
	at org.apache.ratis.grpc.server.GrpcService.requestVote(GrpcService.java:204)
	at org.apache.ratis.server.impl.LeaderElection.lambda$submitRequests$1(LeaderElection.java:234)
	at java.util.concurrent.FutureTask.run(FutureTask.java:266)
	at java.util.concurrent.Executors$RunnableAdapter.call(Executors.java:511)
	at java.util.concurrent.FutureTask.run(FutureTask.java:266)
	at java.util.concurrent.ThreadPoolExecutor.runWorker(ThreadPoolExecutor.java:1149)
	at java.util.concurrent.ThreadPoolExecutor$Worker.run(ThreadPoolExecutor.java:624)
	... 1 more
2019-10-19 01:26:41,535 [refreshUsed-/workdir/hadoop-ozone/integration-test/target/test-dir/MiniOzoneClusterImpl-be769f72-d0ac-4a2c-8dca-159e9fc5eefe/datanode-5/data/containers] WARN  fs.CachingGetSpaceUsed (CachingGetSpaceUsed.java:run(183)) - Thread Interrupted waiting to refresh disk information: sleep interrupted
2019-10-19 01:26:41,536 [8bce6a00-3bba-419d-83ac-b35141b6b559@group-31C3DC938042-LeaderElection133] INFO  impl.LeaderElection (LeaderElection.java:logAndReturn(56)) - 8bce6a00-3bba-419d-83ac-b35141b6b559@group-31C3DC938042-LeaderElection133: Election REJECTED; received 1 response(s) [8bce6a00-3bba-419d-83ac-b35141b6b559<-774c78e1-8dd4-453d-975e-442189a07fe2#0:FAIL-t118] and 1 exception(s); 8bce6a00-3bba-419d-83ac-b35141b6b559@group-31C3DC938042:t118, leader=null, voted=8bce6a00-3bba-419d-83ac-b35141b6b559, raftlog=8bce6a00-3bba-419d-83ac-b35141b6b559@group-31C3DC938042-SegmentedRaftLog:OPENED:c-1,f-1,i0, conf=-1: [774c78e1-8dd4-453d-975e-442189a07fe2:192.168.157.242:38712, 7247ad7d-2ca2-4af8-9337-77c07ea89cb3:192.168.157.242:42362, 8bce6a00-3bba-419d-83ac-b35141b6b559:192.168.157.242:37801], old=null
2019-10-19 01:26:41,537 [8bce6a00-3bba-419d-83ac-b35141b6b559@group-31C3DC938042-LeaderElection133] INFO  impl.LeaderElection (LogUtils.java:infoOrTrace(149)) -   Exception 0: {}
java.util.concurrent.ExecutionException: org.apache.ratis.thirdparty.io.grpc.StatusRuntimeException: CANCELLED: HTTP/2 error code: CANCEL
Received Rst Stream
	at java.util.concurrent.FutureTask.report(FutureTask.java:122)
	at java.util.concurrent.FutureTask.get(FutureTask.java:192)
	at org.apache.ratis.server.impl.LeaderElection.waitForResults(LeaderElection.java:259)
	at org.apache.ratis.server.impl.LeaderElection.askForVotes(LeaderElection.java:197)
	at org.apache.ratis.server.impl.LeaderElection.run(LeaderElection.java:133)
	at java.lang.Thread.run(Thread.java:748)
Caused by: org.apache.ratis.thirdparty.io.grpc.StatusRuntimeException: CANCELLED: HTTP/2 error code: CANCEL
Received Rst Stream
	at org.apache.ratis.thirdparty.io.grpc.stub.ClientCalls.toStatusRuntimeException(ClientCalls.java:233)
	at org.apache.ratis.thirdparty.io.grpc.stub.ClientCalls.getUnchecked(ClientCalls.java:214)
	at org.apache.ratis.thirdparty.io.grpc.stub.ClientCalls.blockingUnaryCall(ClientCalls.java:139)
	at org.apache.ratis.proto.grpc.RaftServerProtocolServiceGrpc$RaftServerProtocolServiceBlockingStub.requestVote(RaftServerProtocolServiceGrpc.java:265)
	at org.apache.ratis.grpc.server.GrpcServerProtocolClient.requestVote(GrpcServerProtocolClient.java:99)
	at org.apache.ratis.grpc.server.GrpcService.requestVote(GrpcService.java:204)
	at org.apache.ratis.server.impl.LeaderElection.lambda$submitRequests$1(LeaderElection.java:234)
	at java.util.concurrent.FutureTask.run(FutureTask.java:266)
	at java.util.concurrent.Executors$RunnableAdapter.call(Executors.java:511)
	at java.util.concurrent.FutureTask.run(FutureTask.java:266)
	at java.util.concurrent.ThreadPoolExecutor.runWorker(ThreadPoolExecutor.java:1149)
	at java.util.concurrent.ThreadPoolExecutor$Worker.run(ThreadPoolExecutor.java:624)
	... 1 more
2019-10-19 01:26:41,537 [8bce6a00-3bba-419d-83ac-b35141b6b559@group-31C3DC938042-LeaderElection133] INFO  impl.RaftServerImpl (RaftServerImpl.java:setRole(184)) - 8bce6a00-3bba-419d-83ac-b35141b6b559@group-31C3DC938042: changes role from CANDIDATE to FOLLOWER at term 118 for DISCOVERED_A_NEW_TERM
2019-10-19 01:26:41,537 [8bce6a00-3bba-419d-83ac-b35141b6b559@group-31C3DC938042-LeaderElection133] INFO  impl.RoleInfo (RoleInfo.java:shutdownLeaderElection(134)) - 8bce6a00-3bba-419d-83ac-b35141b6b559: shutdown LeaderElection
2019-10-19 01:26:41,537 [8bce6a00-3bba-419d-83ac-b35141b6b559@group-31C3DC938042-LeaderElection133] INFO  impl.RoleInfo (RoleInfo.java:updateAndGet(143)) - 8bce6a00-3bba-419d-83ac-b35141b6b559: start FollowerState
2019-10-19 01:26:41,552 [236187ad-c3a6-4195-8acc-6254fb470a95@group-F842E1832D96-StateMachineUpdater] INFO  ratis.ContainerStateMachine (ContainerStateMachine.java:takeSnapshot(305)) - group-F842E1832D96: Finished taking a snapshot at:(t:6, i:12) file:/workdir/hadoop-ozone/integration-test/target/test-dir/MiniOzoneClusterImpl-be769f72-d0ac-4a2c-8dca-159e9fc5eefe/datanode-2/data/ratis/72b83858-5b43-40ac-9506-f842e1832d96/sm/snapshot.6_12 time:57
2019-10-19 01:26:41,552 [main] INFO  utils.BackgroundService (BackgroundService.java:shutdown(151)) - Shutting down service BlockDeletingService
2019-10-19 01:26:41,557 [main] INFO  statemachine.DatanodeStateMachine (DatanodeStateMachine.java:stopDaemon(395)) - Ozone container server stopped.
2019-10-19 01:26:41,560 [236187ad-c3a6-4195-8acc-6254fb470a95@group-F842E1832D96-StateMachineUpdater] INFO  impl.StateMachineUpdater (StateMachineUpdater.java:takeSnapshot(269)) - 236187ad-c3a6-4195-8acc-6254fb470a95@group-F842E1832D96-StateMachineUpdater: Took a snapshot at index 12
2019-10-19 01:26:41,560 [236187ad-c3a6-4195-8acc-6254fb470a95@group-F842E1832D96-StateMachineUpdater] INFO  impl.StateMachineUpdater (StateMachineUpdater.java:lambda$new$0(84)) - 236187ad-c3a6-4195-8acc-6254fb470a95@group-F842E1832D96-StateMachineUpdater: snapshotIndex: updateIncreasingly -1 -> 12
2019-10-19 01:26:41,561 [main] INFO  handler.ContextHandler (ContextHandler.java:doStop(910)) - Stopped o.e.j.w.WebAppContext@7fb29ca9{/,null,UNAVAILABLE}{/hddsDatanode}
2019-10-19 01:26:41,562 [main] INFO  server.AbstractConnector (AbstractConnector.java:doStop(318)) - Stopped ServerConnector@1e253c9d{HTTP/1.1,[http/1.1]}{0.0.0.0:0}
2019-10-19 01:26:41,563 [main] INFO  handler.ContextHandler (ContextHandler.java:doStop(910)) - Stopped o.e.j.s.ServletContextHandler@762637be{/static,jar:file:/home/user/.m2/repository/org/apache/hadoop/hadoop-hdds-container-service/0.5.0-SNAPSHOT/hadoop-hdds-container-service-0.5.0-SNAPSHOT.jar!/webapps/static,UNAVAILABLE}
2019-10-19 01:26:41,564 [main] INFO  handler.ContextHandler (ContextHandler.java:doStop(910)) - Stopped o.e.j.s.ServletContextHandler@72f9f27c{/logs,file:///workdir/hadoop-ozone/integration-test/target/log,UNAVAILABLE}
2019-10-19 01:26:41,565 [236187ad-c3a6-4195-8acc-6254fb470a95@group-F842E1832D96-StateMachineUpdater] INFO  ratis.ContainerStateMachine (ContainerStateMachine.java:takeSnapshot(294)) - group-F842E1832D96: Taking a snapshot at:(t:6, i:12) file /workdir/hadoop-ozone/integration-test/target/test-dir/MiniOzoneClusterImpl-be769f72-d0ac-4a2c-8dca-159e9fc5eefe/datanode-2/data/ratis/72b83858-5b43-40ac-9506-f842e1832d96/sm/snapshot.6_12
2019-10-19 01:26:41,573 [236187ad-c3a6-4195-8acc-6254fb470a95@group-F842E1832D96-StateMachineUpdater] INFO  ratis.ContainerStateMachine (ContainerStateMachine.java:takeSnapshot(305)) - group-F842E1832D96: Finished taking a snapshot at:(t:6, i:12) file:/workdir/hadoop-ozone/integration-test/target/test-dir/MiniOzoneClusterImpl-be769f72-d0ac-4a2c-8dca-159e9fc5eefe/datanode-2/data/ratis/72b83858-5b43-40ac-9506-f842e1832d96/sm/snapshot.6_12 time:8
2019-10-19 01:26:41,573 [236187ad-c3a6-4195-8acc-6254fb470a95@group-F842E1832D96-StateMachineUpdater] INFO  impl.StateMachineUpdater (StateMachineUpdater.java:takeSnapshot(269)) - 236187ad-c3a6-4195-8acc-6254fb470a95@group-F842E1832D96-StateMachineUpdater: Took a snapshot at index 12
2019-10-19 01:26:41,573 [236187ad-c3a6-4195-8acc-6254fb470a95@group-F842E1832D96-StateMachineUpdater] INFO  impl.StateMachineUpdater (StateMachineUpdater.java:lambda$new$0(84)) - 236187ad-c3a6-4195-8acc-6254fb470a95@group-F842E1832D96-StateMachineUpdater: snapshotIndex: updateIncreasingly 12 -> 12
2019-10-19 01:26:41,573 [ForkJoinPool.commonPool-worker-0] INFO  impl.RaftServerImpl (ServerState.java:close(388)) - 236187ad-c3a6-4195-8acc-6254fb470a95@group-F842E1832D96: closes. applyIndex: 16
2019-10-19 01:26:41,574 [236187ad-c3a6-4195-8acc-6254fb470a95@group-F842E1832D96-SegmentedRaftLogWorker] INFO  segmented.SegmentedRaftLogWorker (SegmentedRaftLogWorker.java:run(316)) - 236187ad-c3a6-4195-8acc-6254fb470a95@group-F842E1832D96-SegmentedRaftLogWorker was interrupted, exiting. There are 0 tasks remaining in the queue.
2019-10-19 01:26:41,575 [Thread-1389] INFO  impl.FollowerState (FollowerState.java:run(108)) - 8bce6a00-3bba-419d-83ac-b35141b6b559@group-31C3DC938042-FollowerState: change to CANDIDATE, lastRpcTime:37ms, electionTimeout:37ms
2019-10-19 01:26:41,575 [ForkJoinPool.commonPool-worker-0] INFO  segmented.SegmentedRaftLogWorker (SegmentedRaftLogWorker.java:close(224)) - 236187ad-c3a6-4195-8acc-6254fb470a95@group-F842E1832D96-SegmentedRaftLogWorker close()
2019-10-19 01:26:41,576 [Thread-1389] INFO  impl.RoleInfo (RoleInfo.java:shutdownFollowerState(121)) - 8bce6a00-3bba-419d-83ac-b35141b6b559: shutdown FollowerState
2019-10-19 01:26:41,578 [ForkJoinPool.commonPool-worker-0] INFO  server.GrpcService (GrpcService.java:closeImpl(164)) - 236187ad-c3a6-4195-8acc-6254fb470a95: shutdown server with port 36973 now
2019-10-19 01:26:41,578 [Thread-1389] INFO  impl.RaftServerImpl (RaftServerImpl.java:setRole(184)) - 8bce6a00-3bba-419d-83ac-b35141b6b559@group-31C3DC938042: changes role from  FOLLOWER to CANDIDATE at term 118 for changeToCandidate
2019-10-19 01:26:41,578 [Thread-1389] INFO  impl.RoleInfo (RoleInfo.java:updateAndGet(143)) - 8bce6a00-3bba-419d-83ac-b35141b6b559: start LeaderElection
2019-10-19 01:26:41,579 [ForkJoinPool.commonPool-worker-0] INFO  server.GrpcService (GrpcService.java:closeImpl(172)) - 236187ad-c3a6-4195-8acc-6254fb470a95: shutdown server with port 36973 successfully
2019-10-19 01:26:41,579 [grpc-default-executor-4] WARN  client.GrpcClientProtocolService (LogUtils.java:warn(134)) - 1-UnorderedRequestStreamObserver1: onError: org.apache.ratis.thirdparty.io.grpc.StatusRuntimeException: CANCELLED: cancelled before receiving half close
2019-10-19 01:26:41,581 [refreshUsed-/workdir/hadoop-ozone/integration-test/target/test-dir/MiniOzoneClusterImpl-be769f72-d0ac-4a2c-8dca-159e9fc5eefe/datanode-2/data/containers] WARN  fs.CachingGetSpaceUsed (CachingGetSpaceUsed.java:run(183)) - Thread Interrupted waiting to refresh disk information: sleep interrupted
2019-10-19 01:26:41,598 [ForkJoinPool.commonPool-worker-0] INFO  utils.BackgroundService (BackgroundService.java:shutdown(151)) - Shutting down service BlockDeletingService
2019-10-19 01:26:41,601 [ForkJoinPool.commonPool-worker-0] INFO  statemachine.DatanodeStateMachine (DatanodeStateMachine.java:stopDaemon(395)) - Ozone container server stopped.
2019-10-19 01:26:41,605 [ForkJoinPool.commonPool-worker-0] INFO  handler.ContextHandler (ContextHandler.java:doStop(910)) - Stopped o.e.j.w.WebAppContext@4c6007fb{/,null,UNAVAILABLE}{/hddsDatanode}
2019-10-19 01:26:41,605 [ForkJoinPool.commonPool-worker-0] INFO  server.AbstractConnector (AbstractConnector.java:doStop(318)) - Stopped ServerConnector@3e33d73e{HTTP/1.1,[http/1.1]}{0.0.0.0:0}
2019-10-19 01:26:41,607 [ForkJoinPool.commonPool-worker-0] INFO  handler.ContextHandler (ContextHandler.java:doStop(910)) - Stopped o.e.j.s.ServletContextHandler@26f46fa6{/static,jar:file:/home/user/.m2/repository/org/apache/hadoop/hadoop-hdds-container-service/0.5.0-SNAPSHOT/hadoop-hdds-container-service-0.5.0-SNAPSHOT.jar!/webapps/static,UNAVAILABLE}
2019-10-19 01:26:41,608 [ForkJoinPool.commonPool-worker-0] INFO  handler.ContextHandler (ContextHandler.java:doStop(910)) - Stopped o.e.j.s.ServletContextHandler@d109c4f{/logs,file:///workdir/hadoop-ozone/integration-test/target/log,UNAVAILABLE}
2019-10-19 01:26:41,615 [Datanode State Machine Thread - 0] INFO  statemachine.DatanodeStateMachine (DatanodeStateMachine.java:lambda$startDaemon$0(350)) - Ozone container server started.
2019-10-19 01:26:41,615 [8bce6a00-3bba-419d-83ac-b35141b6b559@group-31C3DC938042-LeaderElection134] INFO  impl.LeaderElection (LeaderElection.java:askForVotes(178)) - 8bce6a00-3bba-419d-83ac-b35141b6b559@group-31C3DC938042-LeaderElection134: begin an election at term 119 for -1: [774c78e1-8dd4-453d-975e-442189a07fe2:192.168.157.242:38712, 7247ad7d-2ca2-4af8-9337-77c07ea89cb3:192.168.157.242:42362, 8bce6a00-3bba-419d-83ac-b35141b6b559:192.168.157.242:37801], old=null
2019-10-19 01:26:41,617 [grpc-default-executor-4] INFO  impl.RaftServerImpl (RaftServerImpl.java:setRole(184)) - 774c78e1-8dd4-453d-975e-442189a07fe2@group-31C3DC938042: changes role from  FOLLOWER to FOLLOWER at term 119 for recognizeCandidate:8bce6a00-3bba-419d-83ac-b35141b6b559
2019-10-19 01:26:41,617 [grpc-default-executor-4] INFO  impl.RoleInfo (RoleInfo.java:shutdownFollowerState(121)) - 774c78e1-8dd4-453d-975e-442189a07fe2: shutdown FollowerState
2019-10-19 01:26:41,617 [grpc-default-executor-4] INFO  impl.RoleInfo (RoleInfo.java:updateAndGet(143)) - 774c78e1-8dd4-453d-975e-442189a07fe2: start FollowerState
2019-10-19 01:26:41,617 [Thread-1388] INFO  impl.FollowerState (FollowerState.java:run(117)) - 774c78e1-8dd4-453d-975e-442189a07fe2@group-31C3DC938042-FollowerState was interrupted: java.lang.InterruptedException: sleep interrupted
2019-10-19 01:26:41,624 [8bce6a00-3bba-419d-83ac-b35141b6b559@group-31C3DC938042-LeaderElection134] INFO  impl.LeaderElection (LogUtils.java:infoOrTrace(149)) - 8bce6a00-3bba-419d-83ac-b35141b6b559@group-31C3DC938042-LeaderElection134 got exception when requesting votes: {}
java.util.concurrent.ExecutionException: org.apache.ratis.thirdparty.io.grpc.StatusRuntimeException: UNAVAILABLE: io exception
	at java.util.concurrent.FutureTask.report(FutureTask.java:122)
	at java.util.concurrent.FutureTask.get(FutureTask.java:192)
	at org.apache.ratis.server.impl.LeaderElection.waitForResults(LeaderElection.java:259)
	at org.apache.ratis.server.impl.LeaderElection.askForVotes(LeaderElection.java:197)
	at org.apache.ratis.server.impl.LeaderElection.run(LeaderElection.java:133)
	at java.lang.Thread.run(Thread.java:748)
Caused by: org.apache.ratis.thirdparty.io.grpc.StatusRuntimeException: UNAVAILABLE: io exception
	at org.apache.ratis.thirdparty.io.grpc.stub.ClientCalls.toStatusRuntimeException(ClientCalls.java:233)
	at org.apache.ratis.thirdparty.io.grpc.stub.ClientCalls.getUnchecked(ClientCalls.java:214)
	at org.apache.ratis.thirdparty.io.grpc.stub.ClientCalls.blockingUnaryCall(ClientCalls.java:139)
	at org.apache.ratis.proto.grpc.RaftServerProtocolServiceGrpc$RaftServerProtocolServiceBlockingStub.requestVote(RaftServerProtocolServiceGrpc.java:265)
	at org.apache.ratis.grpc.server.GrpcServerProtocolClient.requestVote(GrpcServerProtocolClient.java:99)
	at org.apache.ratis.grpc.server.GrpcService.requestVote(GrpcService.java:204)
	at org.apache.ratis.server.impl.LeaderElection.lambda$submitRequests$1(LeaderElection.java:234)
	at java.util.concurrent.FutureTask.run(FutureTask.java:266)
	at java.util.concurrent.Executors$RunnableAdapter.call(Executors.java:511)
	at java.util.concurrent.FutureTask.run(FutureTask.java:266)
	at java.util.concurrent.ThreadPoolExecutor.runWorker(ThreadPoolExecutor.java:1149)
	at java.util.concurrent.ThreadPoolExecutor$Worker.run(ThreadPoolExecutor.java:624)
	... 1 more
Caused by: org.apache.ratis.thirdparty.io.netty.channel.AbstractChannel$AnnotatedConnectException: Connection refused: /192.168.157.242:42362
	at sun.nio.ch.SocketChannelImpl.checkConnect(Native Method)
	at sun.nio.ch.SocketChannelImpl.finishConnect(SocketChannelImpl.java:717)
	at org.apache.ratis.thirdparty.io.netty.channel.socket.nio.NioSocketChannel.doFinishConnect(NioSocketChannel.java:327)
	at org.apache.ratis.thirdparty.io.netty.channel.nio.AbstractNioChannel$AbstractNioUnsafe.finishConnect(AbstractNioChannel.java:340)
	at org.apache.ratis.thirdparty.io.netty.channel.nio.NioEventLoop.processSelectedKey(NioEventLoop.java:632)
	at org.apache.ratis.thirdparty.io.netty.channel.nio.NioEventLoop.processSelectedKeysOptimized(NioEventLoop.java:579)
	at org.apache.ratis.thirdparty.io.netty.channel.nio.NioEventLoop.processSelectedKeys(NioEventLoop.java:496)
	at org.apache.ratis.thirdparty.io.netty.channel.nio.NioEventLoop.run(NioEventLoop.java:458)
	at org.apache.ratis.thirdparty.io.netty.util.concurrent.SingleThreadEventExecutor$5.run(SingleThreadEventExecutor.java:897)
	at org.apache.ratis.thirdparty.io.netty.util.concurrent.FastThreadLocalRunnable.run(FastThreadLocalRunnable.java:30)
	... 1 more
Caused by: java.net.ConnectException: Connection refused
	... 11 more
2019-10-19 01:26:41,628 [8bce6a00-3bba-419d-83ac-b35141b6b559@group-31C3DC938042-LeaderElection134] INFO  impl.LeaderElection (LeaderElection.java:logAndReturn(56)) - 8bce6a00-3bba-419d-83ac-b35141b6b559@group-31C3DC938042-LeaderElection134: Election REJECTED; received 1 response(s) [8bce6a00-3bba-419d-83ac-b35141b6b559<-774c78e1-8dd4-453d-975e-442189a07fe2#0:FAIL-t119] and 1 exception(s); 8bce6a00-3bba-419d-83ac-b35141b6b559@group-31C3DC938042:t119, leader=null, voted=8bce6a00-3bba-419d-83ac-b35141b6b559, raftlog=8bce6a00-3bba-419d-83ac-b35141b6b559@group-31C3DC938042-SegmentedRaftLog:OPENED:c-1,f-1,i0, conf=-1: [774c78e1-8dd4-453d-975e-442189a07fe2:192.168.157.242:38712, 7247ad7d-2ca2-4af8-9337-77c07ea89cb3:192.168.157.242:42362, 8bce6a00-3bba-419d-83ac-b35141b6b559:192.168.157.242:37801], old=null
2019-10-19 01:26:41,628 [8bce6a00-3bba-419d-83ac-b35141b6b559@group-31C3DC938042-LeaderElection134] INFO  impl.LeaderElection (LogUtils.java:infoOrTrace(149)) -   Exception 0: {}
java.util.concurrent.ExecutionException: org.apache.ratis.thirdparty.io.grpc.StatusRuntimeException: UNAVAILABLE: io exception
	at java.util.concurrent.FutureTask.report(FutureTask.java:122)
	at java.util.concurrent.FutureTask.get(FutureTask.java:192)
	at org.apache.ratis.server.impl.LeaderElection.waitForResults(LeaderElection.java:259)
	at org.apache.ratis.server.impl.LeaderElection.askForVotes(LeaderElection.java:197)
	at org.apache.ratis.server.impl.LeaderElection.run(LeaderElection.java:133)
	at java.lang.Thread.run(Thread.java:748)
Caused by: org.apache.ratis.thirdparty.io.grpc.StatusRuntimeException: UNAVAILABLE: io exception
	at org.apache.ratis.thirdparty.io.grpc.stub.ClientCalls.toStatusRuntimeException(ClientCalls.java:233)
	at org.apache.ratis.thirdparty.io.grpc.stub.ClientCalls.getUnchecked(ClientCalls.java:214)
	at org.apache.ratis.thirdparty.io.grpc.stub.ClientCalls.blockingUnaryCall(ClientCalls.java:139)
	at org.apache.ratis.proto.grpc.RaftServerProtocolServiceGrpc$RaftServerProtocolServiceBlockingStub.requestVote(RaftServerProtocolServiceGrpc.java:265)
	at org.apache.ratis.grpc.server.GrpcServerProtocolClient.requestVote(GrpcServerProtocolClient.java:99)
	at org.apache.ratis.grpc.server.GrpcService.requestVote(GrpcService.java:204)
	at org.apache.ratis.server.impl.LeaderElection.lambda$submitRequests$1(LeaderElection.java:234)
	at java.util.concurrent.FutureTask.run(FutureTask.java:266)
	at java.util.concurrent.Executors$RunnableAdapter.call(Executors.java:511)
	at java.util.concurrent.FutureTask.run(FutureTask.java:266)
	at java.util.concurrent.ThreadPoolExecutor.runWorker(ThreadPoolExecutor.java:1149)
	at java.util.concurrent.ThreadPoolExecutor$Worker.run(ThreadPoolExecutor.java:624)
	... 1 more
Caused by: org.apache.ratis.thirdparty.io.netty.channel.AbstractChannel$AnnotatedConnectException: Connection refused: /192.168.157.242:42362
	at sun.nio.ch.SocketChannelImpl.checkConnect(Native Method)
	at sun.nio.ch.SocketChannelImpl.finishConnect(SocketChannelImpl.java:717)
	at org.apache.ratis.thirdparty.io.netty.channel.socket.nio.NioSocketChannel.doFinishConnect(NioSocketChannel.java:327)
	at org.apache.ratis.thirdparty.io.netty.channel.nio.AbstractNioChannel$AbstractNioUnsafe.finishConnect(AbstractNioChannel.java:340)
	at org.apache.ratis.thirdparty.io.netty.channel.nio.NioEventLoop.processSelectedKey(NioEventLoop.java:632)
	at org.apache.ratis.thirdparty.io.netty.channel.nio.NioEventLoop.processSelectedKeysOptimized(NioEventLoop.java:579)
	at org.apache.ratis.thirdparty.io.netty.channel.nio.NioEventLoop.processSelectedKeys(NioEventLoop.java:496)
	at org.apache.ratis.thirdparty.io.netty.channel.nio.NioEventLoop.run(NioEventLoop.java:458)
	at org.apache.ratis.thirdparty.io.netty.util.concurrent.SingleThreadEventExecutor$5.run(SingleThreadEventExecutor.java:897)
	at org.apache.ratis.thirdparty.io.netty.util.concurrent.FastThreadLocalRunnable.run(FastThreadLocalRunnable.java:30)
	... 1 more
Caused by: java.net.ConnectException: Connection refused
	... 11 more
2019-10-19 01:26:41,628 [8bce6a00-3bba-419d-83ac-b35141b6b559@group-31C3DC938042-LeaderElection134] INFO  impl.RaftServerImpl (RaftServerImpl.java:setRole(184)) - 8bce6a00-3bba-419d-83ac-b35141b6b559@group-31C3DC938042: changes role from CANDIDATE to FOLLOWER at term 119 for DISCOVERED_A_NEW_TERM
2019-10-19 01:26:41,628 [8bce6a00-3bba-419d-83ac-b35141b6b559@group-31C3DC938042-LeaderElection134] INFO  impl.RoleInfo (RoleInfo.java:shutdownLeaderElection(134)) - 8bce6a00-3bba-419d-83ac-b35141b6b559: shutdown LeaderElection
2019-10-19 01:26:41,629 [8bce6a00-3bba-419d-83ac-b35141b6b559@group-31C3DC938042-LeaderElection134] INFO  impl.RoleInfo (RoleInfo.java:updateAndGet(143)) - 8bce6a00-3bba-419d-83ac-b35141b6b559: start FollowerState
2019-10-19 01:26:41,630 [Datanode State Machine Thread - 0] INFO  statemachine.DatanodeStateMachine (DatanodeStateMachine.java:lambda$startDaemon$0(350)) - Ozone container server started.
2019-10-19 01:26:41,784 [Thread-1394] INFO  impl.FollowerState (FollowerState.java:run(108)) - 8bce6a00-3bba-419d-83ac-b35141b6b559@group-31C3DC938042-FollowerState: change to CANDIDATE, lastRpcTime:155ms, electionTimeout:155ms
2019-10-19 01:26:41,784 [Thread-1394] INFO  impl.RoleInfo (RoleInfo.java:shutdownFollowerState(121)) - 8bce6a00-3bba-419d-83ac-b35141b6b559: shutdown FollowerState
2019-10-19 01:26:41,784 [Thread-1394] INFO  impl.RaftServerImpl (RaftServerImpl.java:setRole(184)) - 8bce6a00-3bba-419d-83ac-b35141b6b559@group-31C3DC938042: changes role from  FOLLOWER to CANDIDATE at term 119 for changeToCandidate
2019-10-19 01:26:41,784 [Thread-1394] INFO  impl.RoleInfo (RoleInfo.java:updateAndGet(143)) - 8bce6a00-3bba-419d-83ac-b35141b6b559: start LeaderElection
2019-10-19 01:26:41,839 [8bce6a00-3bba-419d-83ac-b35141b6b559@group-31C3DC938042-LeaderElection135] INFO  impl.LeaderElection (LeaderElection.java:askForVotes(178)) - 8bce6a00-3bba-419d-83ac-b35141b6b559@group-31C3DC938042-LeaderElection135: begin an election at term 120 for -1: [774c78e1-8dd4-453d-975e-442189a07fe2:192.168.157.242:38712, 7247ad7d-2ca2-4af8-9337-77c07ea89cb3:192.168.157.242:42362, 8bce6a00-3bba-419d-83ac-b35141b6b559:192.168.157.242:37801], old=null
2019-10-19 01:26:41,840 [8bce6a00-3bba-419d-83ac-b35141b6b559@group-31C3DC938042-LeaderElection135] INFO  impl.LeaderElection (LogUtils.java:infoOrTrace(149)) - 8bce6a00-3bba-419d-83ac-b35141b6b559@group-31C3DC938042-LeaderElection135 got exception when requesting votes: {}
java.util.concurrent.ExecutionException: org.apache.ratis.thirdparty.io.grpc.StatusRuntimeException: UNAVAILABLE: io exception
	at java.util.concurrent.FutureTask.report(FutureTask.java:122)
	at java.util.concurrent.FutureTask.get(FutureTask.java:192)
	at org.apache.ratis.server.impl.LeaderElection.waitForResults(LeaderElection.java:259)
	at org.apache.ratis.server.impl.LeaderElection.askForVotes(LeaderElection.java:197)
	at org.apache.ratis.server.impl.LeaderElection.run(LeaderElection.java:133)
	at java.lang.Thread.run(Thread.java:748)
Caused by: org.apache.ratis.thirdparty.io.grpc.StatusRuntimeException: UNAVAILABLE: io exception
	at org.apache.ratis.thirdparty.io.grpc.stub.ClientCalls.toStatusRuntimeException(ClientCalls.java:233)
	at org.apache.ratis.thirdparty.io.grpc.stub.ClientCalls.getUnchecked(ClientCalls.java:214)
	at org.apache.ratis.thirdparty.io.grpc.stub.ClientCalls.blockingUnaryCall(ClientCalls.java:139)
	at org.apache.ratis.proto.grpc.RaftServerProtocolServiceGrpc$RaftServerProtocolServiceBlockingStub.requestVote(RaftServerProtocolServiceGrpc.java:265)
	at org.apache.ratis.grpc.server.GrpcServerProtocolClient.requestVote(GrpcServerProtocolClient.java:99)
	at org.apache.ratis.grpc.server.GrpcService.requestVote(GrpcService.java:204)
	at org.apache.ratis.server.impl.LeaderElection.lambda$submitRequests$1(LeaderElection.java:234)
	at java.util.concurrent.FutureTask.run(FutureTask.java:266)
	at java.util.concurrent.Executors$RunnableAdapter.call(Executors.java:511)
	at java.util.concurrent.FutureTask.run(FutureTask.java:266)
	at java.util.concurrent.ThreadPoolExecutor.runWorker(ThreadPoolExecutor.java:1149)
	at java.util.concurrent.ThreadPoolExecutor$Worker.run(ThreadPoolExecutor.java:624)
	... 1 more
Caused by: org.apache.ratis.thirdparty.io.netty.channel.AbstractChannel$AnnotatedConnectException: Connection refused: /192.168.157.242:42362
	at sun.nio.ch.SocketChannelImpl.checkConnect(Native Method)
	at sun.nio.ch.SocketChannelImpl.finishConnect(SocketChannelImpl.java:717)
	at org.apache.ratis.thirdparty.io.netty.channel.socket.nio.NioSocketChannel.doFinishConnect(NioSocketChannel.java:327)
	at org.apache.ratis.thirdparty.io.netty.channel.nio.AbstractNioChannel$AbstractNioUnsafe.finishConnect(AbstractNioChannel.java:340)
	at org.apache.ratis.thirdparty.io.netty.channel.nio.NioEventLoop.processSelectedKey(NioEventLoop.java:632)
	at org.apache.ratis.thirdparty.io.netty.channel.nio.NioEventLoop.processSelectedKeysOptimized(NioEventLoop.java:579)
	at org.apache.ratis.thirdparty.io.netty.channel.nio.NioEventLoop.processSelectedKeys(NioEventLoop.java:496)
	at org.apache.ratis.thirdparty.io.netty.channel.nio.NioEventLoop.run(NioEventLoop.java:458)
	at org.apache.ratis.thirdparty.io.netty.util.concurrent.SingleThreadEventExecutor$5.run(SingleThreadEventExecutor.java:897)
	at org.apache.ratis.thirdparty.io.netty.util.concurrent.FastThreadLocalRunnable.run(FastThreadLocalRunnable.java:30)
	... 1 more
Caused by: java.net.ConnectException: Connection refused
	... 11 more
2019-10-19 01:26:41,843 [grpc-default-executor-4] INFO  impl.RaftServerImpl (RaftServerImpl.java:setRole(184)) - 774c78e1-8dd4-453d-975e-442189a07fe2@group-31C3DC938042: changes role from  FOLLOWER to FOLLOWER at term 120 for recognizeCandidate:8bce6a00-3bba-419d-83ac-b35141b6b559
2019-10-19 01:26:41,843 [grpc-default-executor-4] INFO  impl.RoleInfo (RoleInfo.java:shutdownFollowerState(121)) - 774c78e1-8dd4-453d-975e-442189a07fe2: shutdown FollowerState
2019-10-19 01:26:41,843 [grpc-default-executor-4] INFO  impl.RoleInfo (RoleInfo.java:updateAndGet(143)) - 774c78e1-8dd4-453d-975e-442189a07fe2: start FollowerState
2019-10-19 01:26:41,844 [Thread-1393] INFO  impl.FollowerState (FollowerState.java:run(117)) - 774c78e1-8dd4-453d-975e-442189a07fe2@group-31C3DC938042-FollowerState was interrupted: java.lang.InterruptedException: sleep interrupted
2019-10-19 01:26:41,863 [8bce6a00-3bba-419d-83ac-b35141b6b559@group-31C3DC938042-LeaderElection135] INFO  impl.LeaderElection (LeaderElection.java:logAndReturn(56)) - 8bce6a00-3bba-419d-83ac-b35141b6b559@group-31C3DC938042-LeaderElection135: Election TIMEOUT; received 0 response(s) [] and 1 exception(s); 8bce6a00-3bba-419d-83ac-b35141b6b559@group-31C3DC938042:t120, leader=null, voted=8bce6a00-3bba-419d-83ac-b35141b6b559, raftlog=8bce6a00-3bba-419d-83ac-b35141b6b559@group-31C3DC938042-SegmentedRaftLog:OPENED:c-1,f-1,i0, conf=-1: [774c78e1-8dd4-453d-975e-442189a07fe2:192.168.157.242:38712, 7247ad7d-2ca2-4af8-9337-77c07ea89cb3:192.168.157.242:42362, 8bce6a00-3bba-419d-83ac-b35141b6b559:192.168.157.242:37801], old=null
2019-10-19 01:26:41,863 [8bce6a00-3bba-419d-83ac-b35141b6b559@group-31C3DC938042-LeaderElection135] INFO  impl.LeaderElection (LogUtils.java:infoOrTrace(149)) -   Exception 0: {}
java.util.concurrent.ExecutionException: org.apache.ratis.thirdparty.io.grpc.StatusRuntimeException: UNAVAILABLE: io exception
	at java.util.concurrent.FutureTask.report(FutureTask.java:122)
	at java.util.concurrent.FutureTask.get(FutureTask.java:192)
	at org.apache.ratis.server.impl.LeaderElection.waitForResults(LeaderElection.java:259)
	at org.apache.ratis.server.impl.LeaderElection.askForVotes(LeaderElection.java:197)
	at org.apache.ratis.server.impl.LeaderElection.run(LeaderElection.java:133)
	at java.lang.Thread.run(Thread.java:748)
Caused by: org.apache.ratis.thirdparty.io.grpc.StatusRuntimeException: UNAVAILABLE: io exception
	at org.apache.ratis.thirdparty.io.grpc.stub.ClientCalls.toStatusRuntimeException(ClientCalls.java:233)
	at org.apache.ratis.thirdparty.io.grpc.stub.ClientCalls.getUnchecked(ClientCalls.java:214)
	at org.apache.ratis.thirdparty.io.grpc.stub.ClientCalls.blockingUnaryCall(ClientCalls.java:139)
	at org.apache.ratis.proto.grpc.RaftServerProtocolServiceGrpc$RaftServerProtocolServiceBlockingStub.requestVote(RaftServerProtocolServiceGrpc.java:265)
	at org.apache.ratis.grpc.server.GrpcServerProtocolClient.requestVote(GrpcServerProtocolClient.java:99)
	at org.apache.ratis.grpc.server.GrpcService.requestVote(GrpcService.java:204)
	at org.apache.ratis.server.impl.LeaderElection.lambda$submitRequests$1(LeaderElection.java:234)
	at java.util.concurrent.FutureTask.run(FutureTask.java:266)
	at java.util.concurrent.Executors$RunnableAdapter.call(Executors.java:511)
	at java.util.concurrent.FutureTask.run(FutureTask.java:266)
	at java.util.concurrent.ThreadPoolExecutor.runWorker(ThreadPoolExecutor.java:1149)
	at java.util.concurrent.ThreadPoolExecutor$Worker.run(ThreadPoolExecutor.java:624)
	... 1 more
Caused by: org.apache.ratis.thirdparty.io.netty.channel.AbstractChannel$AnnotatedConnectException: Connection refused: /192.168.157.242:42362
	at sun.nio.ch.SocketChannelImpl.checkConnect(Native Method)
	at sun.nio.ch.SocketChannelImpl.finishConnect(SocketChannelImpl.java:717)
	at org.apache.ratis.thirdparty.io.netty.channel.socket.nio.NioSocketChannel.doFinishConnect(NioSocketChannel.java:327)
	at org.apache.ratis.thirdparty.io.netty.channel.nio.AbstractNioChannel$AbstractNioUnsafe.finishConnect(AbstractNioChannel.java:340)
	at org.apache.ratis.thirdparty.io.netty.channel.nio.NioEventLoop.processSelectedKey(NioEventLoop.java:632)
	at org.apache.ratis.thirdparty.io.netty.channel.nio.NioEventLoop.processSelectedKeysOptimized(NioEventLoop.java:579)
	at org.apache.ratis.thirdparty.io.netty.channel.nio.NioEventLoop.processSelectedKeys(NioEventLoop.java:496)
	at org.apache.ratis.thirdparty.io.netty.channel.nio.NioEventLoop.run(NioEventLoop.java:458)
	at org.apache.ratis.thirdparty.io.netty.util.concurrent.SingleThreadEventExecutor$5.run(SingleThreadEventExecutor.java:897)
	at org.apache.ratis.thirdparty.io.netty.util.concurrent.FastThreadLocalRunnable.run(FastThreadLocalRunnable.java:30)
	... 1 more
Caused by: java.net.ConnectException: Connection refused
	... 11 more
2019-10-19 01:26:41,871 [8bce6a00-3bba-419d-83ac-b35141b6b559@group-31C3DC938042-LeaderElection135] INFO  impl.LeaderElection (LeaderElection.java:askForVotes(178)) - 8bce6a00-3bba-419d-83ac-b35141b6b559@group-31C3DC938042-LeaderElection135: begin an election at term 121 for -1: [774c78e1-8dd4-453d-975e-442189a07fe2:192.168.157.242:38712, 7247ad7d-2ca2-4af8-9337-77c07ea89cb3:192.168.157.242:42362, 8bce6a00-3bba-419d-83ac-b35141b6b559:192.168.157.242:37801], old=null
2019-10-19 01:26:41,872 [8bce6a00-3bba-419d-83ac-b35141b6b559@group-31C3DC938042-LeaderElection135] INFO  impl.LeaderElection (LogUtils.java:infoOrTrace(149)) - 8bce6a00-3bba-419d-83ac-b35141b6b559@group-31C3DC938042-LeaderElection135 got exception when requesting votes: {}
java.util.concurrent.ExecutionException: org.apache.ratis.thirdparty.io.grpc.StatusRuntimeException: UNAVAILABLE: io exception
	at java.util.concurrent.FutureTask.report(FutureTask.java:122)
	at java.util.concurrent.FutureTask.get(FutureTask.java:192)
	at org.apache.ratis.server.impl.LeaderElection.waitForResults(LeaderElection.java:259)
	at org.apache.ratis.server.impl.LeaderElection.askForVotes(LeaderElection.java:197)
	at org.apache.ratis.server.impl.LeaderElection.run(LeaderElection.java:133)
	at java.lang.Thread.run(Thread.java:748)
Caused by: org.apache.ratis.thirdparty.io.grpc.StatusRuntimeException: UNAVAILABLE: io exception
	at org.apache.ratis.thirdparty.io.grpc.stub.ClientCalls.toStatusRuntimeException(ClientCalls.java:233)
	at org.apache.ratis.thirdparty.io.grpc.stub.ClientCalls.getUnchecked(ClientCalls.java:214)
	at org.apache.ratis.thirdparty.io.grpc.stub.ClientCalls.blockingUnaryCall(ClientCalls.java:139)
	at org.apache.ratis.proto.grpc.RaftServerProtocolServiceGrpc$RaftServerProtocolServiceBlockingStub.requestVote(RaftServerProtocolServiceGrpc.java:265)
	at org.apache.ratis.grpc.server.GrpcServerProtocolClient.requestVote(GrpcServerProtocolClient.java:99)
	at org.apache.ratis.grpc.server.GrpcService.requestVote(GrpcService.java:204)
	at org.apache.ratis.server.impl.LeaderElection.lambda$submitRequests$1(LeaderElection.java:234)
	at java.util.concurrent.FutureTask.run(FutureTask.java:266)
	at java.util.concurrent.Executors$RunnableAdapter.call(Executors.java:511)
	at java.util.concurrent.FutureTask.run(FutureTask.java:266)
	at java.util.concurrent.ThreadPoolExecutor.runWorker(ThreadPoolExecutor.java:1149)
	at java.util.concurrent.ThreadPoolExecutor$Worker.run(ThreadPoolExecutor.java:624)
	... 1 more
Caused by: org.apache.ratis.thirdparty.io.netty.channel.AbstractChannel$AnnotatedConnectException: Connection refused: /192.168.157.242:42362
	at sun.nio.ch.SocketChannelImpl.checkConnect(Native Method)
	at sun.nio.ch.SocketChannelImpl.finishConnect(SocketChannelImpl.java:717)
	at org.apache.ratis.thirdparty.io.netty.channel.socket.nio.NioSocketChannel.doFinishConnect(NioSocketChannel.java:327)
	at org.apache.ratis.thirdparty.io.netty.channel.nio.AbstractNioChannel$AbstractNioUnsafe.finishConnect(AbstractNioChannel.java:340)
	at org.apache.ratis.thirdparty.io.netty.channel.nio.NioEventLoop.processSelectedKey(NioEventLoop.java:632)
	at org.apache.ratis.thirdparty.io.netty.channel.nio.NioEventLoop.processSelectedKeysOptimized(NioEventLoop.java:579)
	at org.apache.ratis.thirdparty.io.netty.channel.nio.NioEventLoop.processSelectedKeys(NioEventLoop.java:496)
	at org.apache.ratis.thirdparty.io.netty.channel.nio.NioEventLoop.run(NioEventLoop.java:458)
	at org.apache.ratis.thirdparty.io.netty.util.concurrent.SingleThreadEventExecutor$5.run(SingleThreadEventExecutor.java:897)
	at org.apache.ratis.thirdparty.io.netty.util.concurrent.FastThreadLocalRunnable.run(FastThreadLocalRunnable.java:30)
	... 1 more
Caused by: java.net.ConnectException: Connection refused
	... 11 more
2019-10-19 01:26:41,874 [grpc-default-executor-4] INFO  impl.RaftServerImpl (RaftServerImpl.java:setRole(184)) - 774c78e1-8dd4-453d-975e-442189a07fe2@group-31C3DC938042: changes role from  FOLLOWER to FOLLOWER at term 121 for recognizeCandidate:8bce6a00-3bba-419d-83ac-b35141b6b559
2019-10-19 01:26:41,874 [grpc-default-executor-4] INFO  impl.RoleInfo (RoleInfo.java:shutdownFollowerState(121)) - 774c78e1-8dd4-453d-975e-442189a07fe2: shutdown FollowerState
2019-10-19 01:26:41,874 [grpc-default-executor-4] INFO  impl.RoleInfo (RoleInfo.java:updateAndGet(143)) - 774c78e1-8dd4-453d-975e-442189a07fe2: start FollowerState
2019-10-19 01:26:41,874 [Thread-1398] INFO  impl.FollowerState (FollowerState.java:run(117)) - 774c78e1-8dd4-453d-975e-442189a07fe2@group-31C3DC938042-FollowerState was interrupted: java.lang.InterruptedException: sleep interrupted
2019-10-19 01:26:41,894 [8bce6a00-3bba-419d-83ac-b35141b6b559@group-31C3DC938042-LeaderElection135] INFO  impl.LeaderElection (LeaderElection.java:logAndReturn(56)) - 8bce6a00-3bba-419d-83ac-b35141b6b559@group-31C3DC938042-LeaderElection135: Election REJECTED; received 1 response(s) [8bce6a00-3bba-419d-83ac-b35141b6b559<-774c78e1-8dd4-453d-975e-442189a07fe2#0:FAIL-t121] and 1 exception(s); 8bce6a00-3bba-419d-83ac-b35141b6b559@group-31C3DC938042:t121, leader=null, voted=8bce6a00-3bba-419d-83ac-b35141b6b559, raftlog=8bce6a00-3bba-419d-83ac-b35141b6b559@group-31C3DC938042-SegmentedRaftLog:OPENED:c-1,f-1,i0, conf=-1: [774c78e1-8dd4-453d-975e-442189a07fe2:192.168.157.242:38712, 7247ad7d-2ca2-4af8-9337-77c07ea89cb3:192.168.157.242:42362, 8bce6a00-3bba-419d-83ac-b35141b6b559:192.168.157.242:37801], old=null
2019-10-19 01:26:41,894 [8bce6a00-3bba-419d-83ac-b35141b6b559@group-31C3DC938042-LeaderElection135] INFO  impl.LeaderElection (LogUtils.java:infoOrTrace(149)) -   Exception 0: {}
java.util.concurrent.ExecutionException: org.apache.ratis.thirdparty.io.grpc.StatusRuntimeException: UNAVAILABLE: io exception
	at java.util.concurrent.FutureTask.report(FutureTask.java:122)
	at java.util.concurrent.FutureTask.get(FutureTask.java:192)
	at org.apache.ratis.server.impl.LeaderElection.waitForResults(LeaderElection.java:259)
	at org.apache.ratis.server.impl.LeaderElection.askForVotes(LeaderElection.java:197)
	at org.apache.ratis.server.impl.LeaderElection.run(LeaderElection.java:133)
	at java.lang.Thread.run(Thread.java:748)
Caused by: org.apache.ratis.thirdparty.io.grpc.StatusRuntimeException: UNAVAILABLE: io exception
	at org.apache.ratis.thirdparty.io.grpc.stub.ClientCalls.toStatusRuntimeException(ClientCalls.java:233)
	at org.apache.ratis.thirdparty.io.grpc.stub.ClientCalls.getUnchecked(ClientCalls.java:214)
	at org.apache.ratis.thirdparty.io.grpc.stub.ClientCalls.blockingUnaryCall(ClientCalls.java:139)
	at org.apache.ratis.proto.grpc.RaftServerProtocolServiceGrpc$RaftServerProtocolServiceBlockingStub.requestVote(RaftServerProtocolServiceGrpc.java:265)
	at org.apache.ratis.grpc.server.GrpcServerProtocolClient.requestVote(GrpcServerProtocolClient.java:99)
	at org.apache.ratis.grpc.server.GrpcService.requestVote(GrpcService.java:204)
	at org.apache.ratis.server.impl.LeaderElection.lambda$submitRequests$1(LeaderElection.java:234)
	at java.util.concurrent.FutureTask.run(FutureTask.java:266)
	at java.util.concurrent.Executors$RunnableAdapter.call(Executors.java:511)
	at java.util.concurrent.FutureTask.run(FutureTask.java:266)
	at java.util.concurrent.ThreadPoolExecutor.runWorker(ThreadPoolExecutor.java:1149)
	at java.util.concurrent.ThreadPoolExecutor$Worker.run(ThreadPoolExecutor.java:624)
	... 1 more
Caused by: org.apache.ratis.thirdparty.io.netty.channel.AbstractChannel$AnnotatedConnectException: Connection refused: /192.168.157.242:42362
	at sun.nio.ch.SocketChannelImpl.checkConnect(Native Method)
	at sun.nio.ch.SocketChannelImpl.finishConnect(SocketChannelImpl.java:717)
	at org.apache.ratis.thirdparty.io.netty.channel.socket.nio.NioSocketChannel.doFinishConnect(NioSocketChannel.java:327)
	at org.apache.ratis.thirdparty.io.netty.channel.nio.AbstractNioChannel$AbstractNioUnsafe.finishConnect(AbstractNioChannel.java:340)
	at org.apache.ratis.thirdparty.io.netty.channel.nio.NioEventLoop.processSelectedKey(NioEventLoop.java:632)
	at org.apache.ratis.thirdparty.io.netty.channel.nio.NioEventLoop.processSelectedKeysOptimized(NioEventLoop.java:579)
	at org.apache.ratis.thirdparty.io.netty.channel.nio.NioEventLoop.processSelectedKeys(NioEventLoop.java:496)
	at org.apache.ratis.thirdparty.io.netty.channel.nio.NioEventLoop.run(NioEventLoop.java:458)
	at org.apache.ratis.thirdparty.io.netty.util.concurrent.SingleThreadEventExecutor$5.run(SingleThreadEventExecutor.java:897)
	at org.apache.ratis.thirdparty.io.netty.util.concurrent.FastThreadLocalRunnable.run(FastThreadLocalRunnable.java:30)
	... 1 more
Caused by: java.net.ConnectException: Connection refused
	... 11 more
2019-10-19 01:26:41,894 [8bce6a00-3bba-419d-83ac-b35141b6b559@group-31C3DC938042-LeaderElection135] INFO  impl.RaftServerImpl (RaftServerImpl.java:setRole(184)) - 8bce6a00-3bba-419d-83ac-b35141b6b559@group-31C3DC938042: changes role from CANDIDATE to FOLLOWER at term 121 for DISCOVERED_A_NEW_TERM
2019-10-19 01:26:41,895 [8bce6a00-3bba-419d-83ac-b35141b6b559@group-31C3DC938042-LeaderElection135] INFO  impl.RoleInfo (RoleInfo.java:shutdownLeaderElection(134)) - 8bce6a00-3bba-419d-83ac-b35141b6b559: shutdown LeaderElection
2019-10-19 01:26:41,895 [8bce6a00-3bba-419d-83ac-b35141b6b559@group-31C3DC938042-LeaderElection135] INFO  impl.RoleInfo (RoleInfo.java:updateAndGet(143)) - 8bce6a00-3bba-419d-83ac-b35141b6b559: start FollowerState
2019-10-19 01:26:41,974 [Thread-1402] INFO  impl.FollowerState (FollowerState.java:run(108)) - 8bce6a00-3bba-419d-83ac-b35141b6b559@group-31C3DC938042-FollowerState: change to CANDIDATE, lastRpcTime:79ms, electionTimeout:79ms
2019-10-19 01:26:41,974 [Thread-1402] INFO  impl.RoleInfo (RoleInfo.java:shutdownFollowerState(121)) - 8bce6a00-3bba-419d-83ac-b35141b6b559: shutdown FollowerState
2019-10-19 01:26:41,974 [Thread-1402] INFO  impl.RaftServerImpl (RaftServerImpl.java:setRole(184)) - 8bce6a00-3bba-419d-83ac-b35141b6b559@group-31C3DC938042: changes role from  FOLLOWER to CANDIDATE at term 121 for changeToCandidate
2019-10-19 01:26:41,975 [Thread-1402] INFO  impl.RoleInfo (RoleInfo.java:updateAndGet(143)) - 8bce6a00-3bba-419d-83ac-b35141b6b559: start LeaderElection
2019-10-19 01:26:41,990 [8bce6a00-3bba-419d-83ac-b35141b6b559@group-31C3DC938042-LeaderElection136] INFO  impl.LeaderElection (LeaderElection.java:askForVotes(178)) - 8bce6a00-3bba-419d-83ac-b35141b6b559@group-31C3DC938042-LeaderElection136: begin an election at term 122 for -1: [774c78e1-8dd4-453d-975e-442189a07fe2:192.168.157.242:38712, 7247ad7d-2ca2-4af8-9337-77c07ea89cb3:192.168.157.242:42362, 8bce6a00-3bba-419d-83ac-b35141b6b559:192.168.157.242:37801], old=null
2019-10-19 01:26:41,991 [8bce6a00-3bba-419d-83ac-b35141b6b559@group-31C3DC938042-LeaderElection136] INFO  impl.LeaderElection (LogUtils.java:infoOrTrace(149)) - 8bce6a00-3bba-419d-83ac-b35141b6b559@group-31C3DC938042-LeaderElection136 got exception when requesting votes: {}
java.util.concurrent.ExecutionException: org.apache.ratis.thirdparty.io.grpc.StatusRuntimeException: UNAVAILABLE: io exception
	at java.util.concurrent.FutureTask.report(FutureTask.java:122)
	at java.util.concurrent.FutureTask.get(FutureTask.java:192)
	at org.apache.ratis.server.impl.LeaderElection.waitForResults(LeaderElection.java:259)
	at org.apache.ratis.server.impl.LeaderElection.askForVotes(LeaderElection.java:197)
	at org.apache.ratis.server.impl.LeaderElection.run(LeaderElection.java:133)
	at java.lang.Thread.run(Thread.java:748)
Caused by: org.apache.ratis.thirdparty.io.grpc.StatusRuntimeException: UNAVAILABLE: io exception
	at org.apache.ratis.thirdparty.io.grpc.stub.ClientCalls.toStatusRuntimeException(ClientCalls.java:233)
	at org.apache.ratis.thirdparty.io.grpc.stub.ClientCalls.getUnchecked(ClientCalls.java:214)
	at org.apache.ratis.thirdparty.io.grpc.stub.ClientCalls.blockingUnaryCall(ClientCalls.java:139)
	at org.apache.ratis.proto.grpc.RaftServerProtocolServiceGrpc$RaftServerProtocolServiceBlockingStub.requestVote(RaftServerProtocolServiceGrpc.java:265)
	at org.apache.ratis.grpc.server.GrpcServerProtocolClient.requestVote(GrpcServerProtocolClient.java:99)
	at org.apache.ratis.grpc.server.GrpcService.requestVote(GrpcService.java:204)
	at org.apache.ratis.server.impl.LeaderElection.lambda$submitRequests$1(LeaderElection.java:234)
	at java.util.concurrent.FutureTask.run(FutureTask.java:266)
	at java.util.concurrent.Executors$RunnableAdapter.call(Executors.java:511)
	at java.util.concurrent.FutureTask.run(FutureTask.java:266)
	at java.util.concurrent.ThreadPoolExecutor.runWorker(ThreadPoolExecutor.java:1149)
	at java.util.concurrent.ThreadPoolExecutor$Worker.run(ThreadPoolExecutor.java:624)
	... 1 more
Caused by: org.apache.ratis.thirdparty.io.netty.channel.AbstractChannel$AnnotatedConnectException: Connection refused: /192.168.157.242:42362
	at sun.nio.ch.SocketChannelImpl.checkConnect(Native Method)
	at sun.nio.ch.SocketChannelImpl.finishConnect(SocketChannelImpl.java:717)
	at org.apache.ratis.thirdparty.io.netty.channel.socket.nio.NioSocketChannel.doFinishConnect(NioSocketChannel.java:327)
	at org.apache.ratis.thirdparty.io.netty.channel.nio.AbstractNioChannel$AbstractNioUnsafe.finishConnect(AbstractNioChannel.java:340)
	at org.apache.ratis.thirdparty.io.netty.channel.nio.NioEventLoop.processSelectedKey(NioEventLoop.java:632)
	at org.apache.ratis.thirdparty.io.netty.channel.nio.NioEventLoop.processSelectedKeysOptimized(NioEventLoop.java:579)
	at org.apache.ratis.thirdparty.io.netty.channel.nio.NioEventLoop.processSelectedKeys(NioEventLoop.java:496)
	at org.apache.ratis.thirdparty.io.netty.channel.nio.NioEventLoop.run(NioEventLoop.java:458)
	at org.apache.ratis.thirdparty.io.netty.util.concurrent.SingleThreadEventExecutor$5.run(SingleThreadEventExecutor.java:897)
	at org.apache.ratis.thirdparty.io.netty.util.concurrent.FastThreadLocalRunnable.run(FastThreadLocalRunnable.java:30)
	... 1 more
Caused by: java.net.ConnectException: Connection refused
	... 11 more
2019-10-19 01:26:41,995 [grpc-default-executor-4] INFO  impl.RaftServerImpl (RaftServerImpl.java:setRole(184)) - 774c78e1-8dd4-453d-975e-442189a07fe2@group-31C3DC938042: changes role from  FOLLOWER to FOLLOWER at term 122 for recognizeCandidate:8bce6a00-3bba-419d-83ac-b35141b6b559
2019-10-19 01:26:41,995 [grpc-default-executor-4] INFO  impl.RoleInfo (RoleInfo.java:shutdownFollowerState(121)) - 774c78e1-8dd4-453d-975e-442189a07fe2: shutdown FollowerState
2019-10-19 01:26:41,995 [grpc-default-executor-4] INFO  impl.RoleInfo (RoleInfo.java:updateAndGet(143)) - 774c78e1-8dd4-453d-975e-442189a07fe2: start FollowerState
2019-10-19 01:26:41,995 [Thread-1401] INFO  impl.FollowerState (FollowerState.java:run(117)) - 774c78e1-8dd4-453d-975e-442189a07fe2@group-31C3DC938042-FollowerState was interrupted: java.lang.InterruptedException: sleep interrupted
2019-10-19 01:26:42,019 [8bce6a00-3bba-419d-83ac-b35141b6b559@group-31C3DC938042-LeaderElection136] INFO  impl.LeaderElection (LeaderElection.java:logAndReturn(56)) - 8bce6a00-3bba-419d-83ac-b35141b6b559@group-31C3DC938042-LeaderElection136: Election REJECTED; received 1 response(s) [8bce6a00-3bba-419d-83ac-b35141b6b559<-774c78e1-8dd4-453d-975e-442189a07fe2#0:FAIL-t122] and 1 exception(s); 8bce6a00-3bba-419d-83ac-b35141b6b559@group-31C3DC938042:t122, leader=null, voted=8bce6a00-3bba-419d-83ac-b35141b6b559, raftlog=8bce6a00-3bba-419d-83ac-b35141b6b559@group-31C3DC938042-SegmentedRaftLog:OPENED:c-1,f-1,i0, conf=-1: [774c78e1-8dd4-453d-975e-442189a07fe2:192.168.157.242:38712, 7247ad7d-2ca2-4af8-9337-77c07ea89cb3:192.168.157.242:42362, 8bce6a00-3bba-419d-83ac-b35141b6b559:192.168.157.242:37801], old=null
2019-10-19 01:26:42,019 [8bce6a00-3bba-419d-83ac-b35141b6b559@group-31C3DC938042-LeaderElection136] INFO  impl.LeaderElection (LogUtils.java:infoOrTrace(149)) -   Exception 0: {}
java.util.concurrent.ExecutionException: org.apache.ratis.thirdparty.io.grpc.StatusRuntimeException: UNAVAILABLE: io exception
	at java.util.concurrent.FutureTask.report(FutureTask.java:122)
	at java.util.concurrent.FutureTask.get(FutureTask.java:192)
	at org.apache.ratis.server.impl.LeaderElection.waitForResults(LeaderElection.java:259)
	at org.apache.ratis.server.impl.LeaderElection.askForVotes(LeaderElection.java:197)
	at org.apache.ratis.server.impl.LeaderElection.run(LeaderElection.java:133)
	at java.lang.Thread.run(Thread.java:748)
Caused by: org.apache.ratis.thirdparty.io.grpc.StatusRuntimeException: UNAVAILABLE: io exception
	at org.apache.ratis.thirdparty.io.grpc.stub.ClientCalls.toStatusRuntimeException(ClientCalls.java:233)
	at org.apache.ratis.thirdparty.io.grpc.stub.ClientCalls.getUnchecked(ClientCalls.java:214)
	at org.apache.ratis.thirdparty.io.grpc.stub.ClientCalls.blockingUnaryCall(ClientCalls.java:139)
	at org.apache.ratis.proto.grpc.RaftServerProtocolServiceGrpc$RaftServerProtocolServiceBlockingStub.requestVote(RaftServerProtocolServiceGrpc.java:265)
	at org.apache.ratis.grpc.server.GrpcServerProtocolClient.requestVote(GrpcServerProtocolClient.java:99)
	at org.apache.ratis.grpc.server.GrpcService.requestVote(GrpcService.java:204)
	at org.apache.ratis.server.impl.LeaderElection.lambda$submitRequests$1(LeaderElection.java:234)
	at java.util.concurrent.FutureTask.run(FutureTask.java:266)
	at java.util.concurrent.Executors$RunnableAdapter.call(Executors.java:511)
	at java.util.concurrent.FutureTask.run(FutureTask.java:266)
	at java.util.concurrent.ThreadPoolExecutor.runWorker(ThreadPoolExecutor.java:1149)
	at java.util.concurrent.ThreadPoolExecutor$Worker.run(ThreadPoolExecutor.java:624)
	... 1 more
Caused by: org.apache.ratis.thirdparty.io.netty.channel.AbstractChannel$AnnotatedConnectException: Connection refused: /192.168.157.242:42362
	at sun.nio.ch.SocketChannelImpl.checkConnect(Native Method)
	at sun.nio.ch.SocketChannelImpl.finishConnect(SocketChannelImpl.java:717)
	at org.apache.ratis.thirdparty.io.netty.channel.socket.nio.NioSocketChannel.doFinishConnect(NioSocketChannel.java:327)
	at org.apache.ratis.thirdparty.io.netty.channel.nio.AbstractNioChannel$AbstractNioUnsafe.finishConnect(AbstractNioChannel.java:340)
	at org.apache.ratis.thirdparty.io.netty.channel.nio.NioEventLoop.processSelectedKey(NioEventLoop.java:632)
	at org.apache.ratis.thirdparty.io.netty.channel.nio.NioEventLoop.processSelectedKeysOptimized(NioEventLoop.java:579)
	at org.apache.ratis.thirdparty.io.netty.channel.nio.NioEventLoop.processSelectedKeys(NioEventLoop.java:496)
	at org.apache.ratis.thirdparty.io.netty.channel.nio.NioEventLoop.run(NioEventLoop.java:458)
	at org.apache.ratis.thirdparty.io.netty.util.concurrent.SingleThreadEventExecutor$5.run(SingleThreadEventExecutor.java:897)
	at org.apache.ratis.thirdparty.io.netty.util.concurrent.FastThreadLocalRunnable.run(FastThreadLocalRunnable.java:30)
	... 1 more
Caused by: java.net.ConnectException: Connection refused
	... 11 more
2019-10-19 01:26:42,020 [8bce6a00-3bba-419d-83ac-b35141b6b559@group-31C3DC938042-LeaderElection136] INFO  impl.RaftServerImpl (RaftServerImpl.java:setRole(184)) - 8bce6a00-3bba-419d-83ac-b35141b6b559@group-31C3DC938042: changes role from CANDIDATE to FOLLOWER at term 122 for DISCOVERED_A_NEW_TERM
2019-10-19 01:26:42,020 [8bce6a00-3bba-419d-83ac-b35141b6b559@group-31C3DC938042-LeaderElection136] INFO  impl.RoleInfo (RoleInfo.java:shutdownLeaderElection(134)) - 8bce6a00-3bba-419d-83ac-b35141b6b559: shutdown LeaderElection
2019-10-19 01:26:42,020 [8bce6a00-3bba-419d-83ac-b35141b6b559@group-31C3DC938042-LeaderElection136] INFO  impl.RoleInfo (RoleInfo.java:updateAndGet(143)) - 8bce6a00-3bba-419d-83ac-b35141b6b559: start FollowerState
2019-10-19 01:26:42,027 [Thread-1409] INFO  impl.FollowerState (FollowerState.java:run(108)) - 8bce6a00-3bba-419d-83ac-b35141b6b559@group-31C3DC938042-FollowerState: change to CANDIDATE, lastRpcTime:7ms, electionTimeout:7ms
2019-10-19 01:26:42,027 [Thread-1409] INFO  impl.RoleInfo (RoleInfo.java:shutdownFollowerState(121)) - 8bce6a00-3bba-419d-83ac-b35141b6b559: shutdown FollowerState
2019-10-19 01:26:42,027 [Thread-1409] INFO  impl.RaftServerImpl (RaftServerImpl.java:setRole(184)) - 8bce6a00-3bba-419d-83ac-b35141b6b559@group-31C3DC938042: changes role from  FOLLOWER to CANDIDATE at term 122 for changeToCandidate
2019-10-19 01:26:42,028 [Thread-1409] INFO  impl.RoleInfo (RoleInfo.java:updateAndGet(143)) - 8bce6a00-3bba-419d-83ac-b35141b6b559: start LeaderElection
2019-10-19 01:26:42,041 [8bce6a00-3bba-419d-83ac-b35141b6b559@group-31C3DC938042-LeaderElection137] INFO  impl.LeaderElection (LeaderElection.java:askForVotes(178)) - 8bce6a00-3bba-419d-83ac-b35141b6b559@group-31C3DC938042-LeaderElection137: begin an election at term 123 for -1: [774c78e1-8dd4-453d-975e-442189a07fe2:192.168.157.242:38712, 7247ad7d-2ca2-4af8-9337-77c07ea89cb3:192.168.157.242:42362, 8bce6a00-3bba-419d-83ac-b35141b6b559:192.168.157.242:37801], old=null
2019-10-19 01:26:42,042 [8bce6a00-3bba-419d-83ac-b35141b6b559@group-31C3DC938042-LeaderElection137] INFO  impl.LeaderElection (LogUtils.java:infoOrTrace(149)) - 8bce6a00-3bba-419d-83ac-b35141b6b559@group-31C3DC938042-LeaderElection137 got exception when requesting votes: {}
java.util.concurrent.ExecutionException: org.apache.ratis.thirdparty.io.grpc.StatusRuntimeException: UNAVAILABLE: io exception
	at java.util.concurrent.FutureTask.report(FutureTask.java:122)
	at java.util.concurrent.FutureTask.get(FutureTask.java:192)
	at org.apache.ratis.server.impl.LeaderElection.waitForResults(LeaderElection.java:259)
	at org.apache.ratis.server.impl.LeaderElection.askForVotes(LeaderElection.java:197)
	at org.apache.ratis.server.impl.LeaderElection.run(LeaderElection.java:133)
	at java.lang.Thread.run(Thread.java:748)
Caused by: org.apache.ratis.thirdparty.io.grpc.StatusRuntimeException: UNAVAILABLE: io exception
	at org.apache.ratis.thirdparty.io.grpc.stub.ClientCalls.toStatusRuntimeException(ClientCalls.java:233)
	at org.apache.ratis.thirdparty.io.grpc.stub.ClientCalls.getUnchecked(ClientCalls.java:214)
	at org.apache.ratis.thirdparty.io.grpc.stub.ClientCalls.blockingUnaryCall(ClientCalls.java:139)
	at org.apache.ratis.proto.grpc.RaftServerProtocolServiceGrpc$RaftServerProtocolServiceBlockingStub.requestVote(RaftServerProtocolServiceGrpc.java:265)
	at org.apache.ratis.grpc.server.GrpcServerProtocolClient.requestVote(GrpcServerProtocolClient.java:99)
	at org.apache.ratis.grpc.server.GrpcService.requestVote(GrpcService.java:204)
	at org.apache.ratis.server.impl.LeaderElection.lambda$submitRequests$1(LeaderElection.java:234)
	at java.util.concurrent.FutureTask.run(FutureTask.java:266)
	at java.util.concurrent.Executors$RunnableAdapter.call(Executors.java:511)
	at java.util.concurrent.FutureTask.run(FutureTask.java:266)
	at java.util.concurrent.ThreadPoolExecutor.runWorker(ThreadPoolExecutor.java:1149)
	at java.util.concurrent.ThreadPoolExecutor$Worker.run(ThreadPoolExecutor.java:624)
	... 1 more
Caused by: org.apache.ratis.thirdparty.io.netty.channel.AbstractChannel$AnnotatedConnectException: Connection refused: /192.168.157.242:42362
	at sun.nio.ch.SocketChannelImpl.checkConnect(Native Method)
	at sun.nio.ch.SocketChannelImpl.finishConnect(SocketChannelImpl.java:717)
	at org.apache.ratis.thirdparty.io.netty.channel.socket.nio.NioSocketChannel.doFinishConnect(NioSocketChannel.java:327)
	at org.apache.ratis.thirdparty.io.netty.channel.nio.AbstractNioChannel$AbstractNioUnsafe.finishConnect(AbstractNioChannel.java:340)
	at org.apache.ratis.thirdparty.io.netty.channel.nio.NioEventLoop.processSelectedKey(NioEventLoop.java:632)
	at org.apache.ratis.thirdparty.io.netty.channel.nio.NioEventLoop.processSelectedKeysOptimized(NioEventLoop.java:579)
	at org.apache.ratis.thirdparty.io.netty.channel.nio.NioEventLoop.processSelectedKeys(NioEventLoop.java:496)
	at org.apache.ratis.thirdparty.io.netty.channel.nio.NioEventLoop.run(NioEventLoop.java:458)
	at org.apache.ratis.thirdparty.io.netty.util.concurrent.SingleThreadEventExecutor$5.run(SingleThreadEventExecutor.java:897)
	at org.apache.ratis.thirdparty.io.netty.util.concurrent.FastThreadLocalRunnable.run(FastThreadLocalRunnable.java:30)
	... 1 more
Caused by: java.net.ConnectException: Connection refused
	... 11 more
2019-10-19 01:26:42,046 [grpc-default-executor-4] INFO  impl.RaftServerImpl (RaftServerImpl.java:setRole(184)) - 774c78e1-8dd4-453d-975e-442189a07fe2@group-31C3DC938042: changes role from  FOLLOWER to FOLLOWER at term 123 for recognizeCandidate:8bce6a00-3bba-419d-83ac-b35141b6b559
2019-10-19 01:26:42,046 [grpc-default-executor-4] INFO  impl.RoleInfo (RoleInfo.java:shutdownFollowerState(121)) - 774c78e1-8dd4-453d-975e-442189a07fe2: shutdown FollowerState
2019-10-19 01:26:42,047 [grpc-default-executor-4] INFO  impl.RoleInfo (RoleInfo.java:updateAndGet(143)) - 774c78e1-8dd4-453d-975e-442189a07fe2: start FollowerState
2019-10-19 01:26:42,047 [Thread-1408] INFO  impl.FollowerState (FollowerState.java:run(117)) - 774c78e1-8dd4-453d-975e-442189a07fe2@group-31C3DC938042-FollowerState was interrupted: java.lang.InterruptedException: sleep interrupted
2019-10-19 01:26:42,060 [8bce6a00-3bba-419d-83ac-b35141b6b559@group-31C3DC938042-LeaderElection137] INFO  impl.LeaderElection (LeaderElection.java:logAndReturn(56)) - 8bce6a00-3bba-419d-83ac-b35141b6b559@group-31C3DC938042-LeaderElection137: Election REJECTED; received 1 response(s) [8bce6a00-3bba-419d-83ac-b35141b6b559<-774c78e1-8dd4-453d-975e-442189a07fe2#0:FAIL-t123] and 1 exception(s); 8bce6a00-3bba-419d-83ac-b35141b6b559@group-31C3DC938042:t123, leader=null, voted=8bce6a00-3bba-419d-83ac-b35141b6b559, raftlog=8bce6a00-3bba-419d-83ac-b35141b6b559@group-31C3DC938042-SegmentedRaftLog:OPENED:c-1,f-1,i0, conf=-1: [774c78e1-8dd4-453d-975e-442189a07fe2:192.168.157.242:38712, 7247ad7d-2ca2-4af8-9337-77c07ea89cb3:192.168.157.242:42362, 8bce6a00-3bba-419d-83ac-b35141b6b559:192.168.157.242:37801], old=null
2019-10-19 01:26:42,060 [8bce6a00-3bba-419d-83ac-b35141b6b559@group-31C3DC938042-LeaderElection137] INFO  impl.LeaderElection (LogUtils.java:infoOrTrace(149)) -   Exception 0: {}
java.util.concurrent.ExecutionException: org.apache.ratis.thirdparty.io.grpc.StatusRuntimeException: UNAVAILABLE: io exception
	at java.util.concurrent.FutureTask.report(FutureTask.java:122)
	at java.util.concurrent.FutureTask.get(FutureTask.java:192)
	at org.apache.ratis.server.impl.LeaderElection.waitForResults(LeaderElection.java:259)
	at org.apache.ratis.server.impl.LeaderElection.askForVotes(LeaderElection.java:197)
	at org.apache.ratis.server.impl.LeaderElection.run(LeaderElection.java:133)
	at java.lang.Thread.run(Thread.java:748)
Caused by: org.apache.ratis.thirdparty.io.grpc.StatusRuntimeException: UNAVAILABLE: io exception
	at org.apache.ratis.thirdparty.io.grpc.stub.ClientCalls.toStatusRuntimeException(ClientCalls.java:233)
	at org.apache.ratis.thirdparty.io.grpc.stub.ClientCalls.getUnchecked(ClientCalls.java:214)
	at org.apache.ratis.thirdparty.io.grpc.stub.ClientCalls.blockingUnaryCall(ClientCalls.java:139)
	at org.apache.ratis.proto.grpc.RaftServerProtocolServiceGrpc$RaftServerProtocolServiceBlockingStub.requestVote(RaftServerProtocolServiceGrpc.java:265)
	at org.apache.ratis.grpc.server.GrpcServerProtocolClient.requestVote(GrpcServerProtocolClient.java:99)
	at org.apache.ratis.grpc.server.GrpcService.requestVote(GrpcService.java:204)
	at org.apache.ratis.server.impl.LeaderElection.lambda$submitRequests$1(LeaderElection.java:234)
	at java.util.concurrent.FutureTask.run(FutureTask.java:266)
	at java.util.concurrent.Executors$RunnableAdapter.call(Executors.java:511)
	at java.util.concurrent.FutureTask.run(FutureTask.java:266)
	at java.util.concurrent.ThreadPoolExecutor.runWorker(ThreadPoolExecutor.java:1149)
	at java.util.concurrent.ThreadPoolExecutor$Worker.run(ThreadPoolExecutor.java:624)
	... 1 more
Caused by: org.apache.ratis.thirdparty.io.netty.channel.AbstractChannel$AnnotatedConnectException: Connection refused: /192.168.157.242:42362
	at sun.nio.ch.SocketChannelImpl.checkConnect(Native Method)
	at sun.nio.ch.SocketChannelImpl.finishConnect(SocketChannelImpl.java:717)
	at org.apache.ratis.thirdparty.io.netty.channel.socket.nio.NioSocketChannel.doFinishConnect(NioSocketChannel.java:327)
	at org.apache.ratis.thirdparty.io.netty.channel.nio.AbstractNioChannel$AbstractNioUnsafe.finishConnect(AbstractNioChannel.java:340)
	at org.apache.ratis.thirdparty.io.netty.channel.nio.NioEventLoop.processSelectedKey(NioEventLoop.java:632)
	at org.apache.ratis.thirdparty.io.netty.channel.nio.NioEventLoop.processSelectedKeysOptimized(NioEventLoop.java:579)
	at org.apache.ratis.thirdparty.io.netty.channel.nio.NioEventLoop.processSelectedKeys(NioEventLoop.java:496)
	at org.apache.ratis.thirdparty.io.netty.channel.nio.NioEventLoop.run(NioEventLoop.java:458)
	at org.apache.ratis.thirdparty.io.netty.util.concurrent.SingleThreadEventExecutor$5.run(SingleThreadEventExecutor.java:897)
	at org.apache.ratis.thirdparty.io.netty.util.concurrent.FastThreadLocalRunnable.run(FastThreadLocalRunnable.java:30)
	... 1 more
Caused by: java.net.ConnectException: Connection refused
	... 11 more
2019-10-19 01:26:42,061 [8bce6a00-3bba-419d-83ac-b35141b6b559@group-31C3DC938042-LeaderElection137] INFO  impl.RaftServerImpl (RaftServerImpl.java:setRole(184)) - 8bce6a00-3bba-419d-83ac-b35141b6b559@group-31C3DC938042: changes role from CANDIDATE to FOLLOWER at term 123 for DISCOVERED_A_NEW_TERM
2019-10-19 01:26:42,061 [8bce6a00-3bba-419d-83ac-b35141b6b559@group-31C3DC938042-LeaderElection137] INFO  impl.RoleInfo (RoleInfo.java:shutdownLeaderElection(134)) - 8bce6a00-3bba-419d-83ac-b35141b6b559: shutdown LeaderElection
2019-10-19 01:26:42,061 [8bce6a00-3bba-419d-83ac-b35141b6b559@group-31C3DC938042-LeaderElection137] INFO  impl.RoleInfo (RoleInfo.java:updateAndGet(143)) - 8bce6a00-3bba-419d-83ac-b35141b6b559: start FollowerState
2019-10-19 01:26:42,098 [Thread-1414] INFO  impl.FollowerState (FollowerState.java:run(108)) - 8bce6a00-3bba-419d-83ac-b35141b6b559@group-31C3DC938042-FollowerState: change to CANDIDATE, lastRpcTime:37ms, electionTimeout:37ms
2019-10-19 01:26:42,098 [Thread-1414] INFO  impl.RoleInfo (RoleInfo.java:shutdownFollowerState(121)) - 8bce6a00-3bba-419d-83ac-b35141b6b559: shutdown FollowerState
2019-10-19 01:26:42,098 [Thread-1414] INFO  impl.RaftServerImpl (RaftServerImpl.java:setRole(184)) - 8bce6a00-3bba-419d-83ac-b35141b6b559@group-31C3DC938042: changes role from  FOLLOWER to CANDIDATE at term 123 for changeToCandidate
2019-10-19 01:26:42,098 [Thread-1414] INFO  impl.RoleInfo (RoleInfo.java:updateAndGet(143)) - 8bce6a00-3bba-419d-83ac-b35141b6b559: start LeaderElection
2019-10-19 01:26:42,115 [8bce6a00-3bba-419d-83ac-b35141b6b559@group-31C3DC938042-LeaderElection138] INFO  impl.LeaderElection (LeaderElection.java:askForVotes(178)) - 8bce6a00-3bba-419d-83ac-b35141b6b559@group-31C3DC938042-LeaderElection138: begin an election at term 124 for -1: [774c78e1-8dd4-453d-975e-442189a07fe2:192.168.157.242:38712, 7247ad7d-2ca2-4af8-9337-77c07ea89cb3:192.168.157.242:42362, 8bce6a00-3bba-419d-83ac-b35141b6b559:192.168.157.242:37801], old=null
2019-10-19 01:26:42,116 [8bce6a00-3bba-419d-83ac-b35141b6b559@group-31C3DC938042-LeaderElection138] INFO  impl.LeaderElection (LogUtils.java:infoOrTrace(149)) - 8bce6a00-3bba-419d-83ac-b35141b6b559@group-31C3DC938042-LeaderElection138 got exception when requesting votes: {}
java.util.concurrent.ExecutionException: org.apache.ratis.thirdparty.io.grpc.StatusRuntimeException: UNAVAILABLE: io exception
	at java.util.concurrent.FutureTask.report(FutureTask.java:122)
	at java.util.concurrent.FutureTask.get(FutureTask.java:192)
	at org.apache.ratis.server.impl.LeaderElection.waitForResults(LeaderElection.java:259)
	at org.apache.ratis.server.impl.LeaderElection.askForVotes(LeaderElection.java:197)
	at org.apache.ratis.server.impl.LeaderElection.run(LeaderElection.java:133)
	at java.lang.Thread.run(Thread.java:748)
Caused by: org.apache.ratis.thirdparty.io.grpc.StatusRuntimeException: UNAVAILABLE: io exception
	at org.apache.ratis.thirdparty.io.grpc.stub.ClientCalls.toStatusRuntimeException(ClientCalls.java:233)
	at org.apache.ratis.thirdparty.io.grpc.stub.ClientCalls.getUnchecked(ClientCalls.java:214)
	at org.apache.ratis.thirdparty.io.grpc.stub.ClientCalls.blockingUnaryCall(ClientCalls.java:139)
	at org.apache.ratis.proto.grpc.RaftServerProtocolServiceGrpc$RaftServerProtocolServiceBlockingStub.requestVote(RaftServerProtocolServiceGrpc.java:265)
	at org.apache.ratis.grpc.server.GrpcServerProtocolClient.requestVote(GrpcServerProtocolClient.java:99)
	at org.apache.ratis.grpc.server.GrpcService.requestVote(GrpcService.java:204)
	at org.apache.ratis.server.impl.LeaderElection.lambda$submitRequests$1(LeaderElection.java:234)
	at java.util.concurrent.FutureTask.run(FutureTask.java:266)
	at java.util.concurrent.Executors$RunnableAdapter.call(Executors.java:511)
	at java.util.concurrent.FutureTask.run(FutureTask.java:266)
	at java.util.concurrent.ThreadPoolExecutor.runWorker(ThreadPoolExecutor.java:1149)
	at java.util.concurrent.ThreadPoolExecutor$Worker.run(ThreadPoolExecutor.java:624)
	... 1 more
Caused by: org.apache.ratis.thirdparty.io.netty.channel.AbstractChannel$AnnotatedConnectException: Connection refused: /192.168.157.242:42362
	at sun.nio.ch.SocketChannelImpl.checkConnect(Native Method)
	at sun.nio.ch.SocketChannelImpl.finishConnect(SocketChannelImpl.java:717)
	at org.apache.ratis.thirdparty.io.netty.channel.socket.nio.NioSocketChannel.doFinishConnect(NioSocketChannel.java:327)
	at org.apache.ratis.thirdparty.io.netty.channel.nio.AbstractNioChannel$AbstractNioUnsafe.finishConnect(AbstractNioChannel.java:340)
	at org.apache.ratis.thirdparty.io.netty.channel.nio.NioEventLoop.processSelectedKey(NioEventLoop.java:632)
	at org.apache.ratis.thirdparty.io.netty.channel.nio.NioEventLoop.processSelectedKeysOptimized(NioEventLoop.java:579)
	at org.apache.ratis.thirdparty.io.netty.channel.nio.NioEventLoop.processSelectedKeys(NioEventLoop.java:496)
	at org.apache.ratis.thirdparty.io.netty.channel.nio.NioEventLoop.run(NioEventLoop.java:458)
	at org.apache.ratis.thirdparty.io.netty.util.concurrent.SingleThreadEventExecutor$5.run(SingleThreadEventExecutor.java:897)
	at org.apache.ratis.thirdparty.io.netty.util.concurrent.FastThreadLocalRunnable.run(FastThreadLocalRunnable.java:30)
	... 1 more
Caused by: java.net.ConnectException: Connection refused
	... 11 more
2019-10-19 01:26:42,118 [grpc-default-executor-4] INFO  impl.RaftServerImpl (RaftServerImpl.java:setRole(184)) - 774c78e1-8dd4-453d-975e-442189a07fe2@group-31C3DC938042: changes role from  FOLLOWER to FOLLOWER at term 124 for recognizeCandidate:8bce6a00-3bba-419d-83ac-b35141b6b559
2019-10-19 01:26:42,119 [grpc-default-executor-4] INFO  impl.RoleInfo (RoleInfo.java:shutdownFollowerState(121)) - 774c78e1-8dd4-453d-975e-442189a07fe2: shutdown FollowerState
2019-10-19 01:26:42,119 [grpc-default-executor-4] INFO  impl.RoleInfo (RoleInfo.java:updateAndGet(143)) - 774c78e1-8dd4-453d-975e-442189a07fe2: start FollowerState
2019-10-19 01:26:42,119 [Thread-1413] INFO  impl.FollowerState (FollowerState.java:run(117)) - 774c78e1-8dd4-453d-975e-442189a07fe2@group-31C3DC938042-FollowerState was interrupted: java.lang.InterruptedException: sleep interrupted
2019-10-19 01:26:42,132 [8bce6a00-3bba-419d-83ac-b35141b6b559@group-31C3DC938042-LeaderElection138] INFO  impl.LeaderElection (LeaderElection.java:logAndReturn(56)) - 8bce6a00-3bba-419d-83ac-b35141b6b559@group-31C3DC938042-LeaderElection138: Election REJECTED; received 1 response(s) [8bce6a00-3bba-419d-83ac-b35141b6b559<-774c78e1-8dd4-453d-975e-442189a07fe2#0:FAIL-t124] and 1 exception(s); 8bce6a00-3bba-419d-83ac-b35141b6b559@group-31C3DC938042:t124, leader=null, voted=8bce6a00-3bba-419d-83ac-b35141b6b559, raftlog=8bce6a00-3bba-419d-83ac-b35141b6b559@group-31C3DC938042-SegmentedRaftLog:OPENED:c-1,f-1,i0, conf=-1: [774c78e1-8dd4-453d-975e-442189a07fe2:192.168.157.242:38712, 7247ad7d-2ca2-4af8-9337-77c07ea89cb3:192.168.157.242:42362, 8bce6a00-3bba-419d-83ac-b35141b6b559:192.168.157.242:37801], old=null
2019-10-19 01:26:42,132 [8bce6a00-3bba-419d-83ac-b35141b6b559@group-31C3DC938042-LeaderElection138] INFO  impl.LeaderElection (LogUtils.java:infoOrTrace(149)) -   Exception 0: {}
java.util.concurrent.ExecutionException: org.apache.ratis.thirdparty.io.grpc.StatusRuntimeException: UNAVAILABLE: io exception
	at java.util.concurrent.FutureTask.report(FutureTask.java:122)
	at java.util.concurrent.FutureTask.get(FutureTask.java:192)
	at org.apache.ratis.server.impl.LeaderElection.waitForResults(LeaderElection.java:259)
	at org.apache.ratis.server.impl.LeaderElection.askForVotes(LeaderElection.java:197)
	at org.apache.ratis.server.impl.LeaderElection.run(LeaderElection.java:133)
	at java.lang.Thread.run(Thread.java:748)
Caused by: org.apache.ratis.thirdparty.io.grpc.StatusRuntimeException: UNAVAILABLE: io exception
	at org.apache.ratis.thirdparty.io.grpc.stub.ClientCalls.toStatusRuntimeException(ClientCalls.java:233)
	at org.apache.ratis.thirdparty.io.grpc.stub.ClientCalls.getUnchecked(ClientCalls.java:214)
	at org.apache.ratis.thirdparty.io.grpc.stub.ClientCalls.blockingUnaryCall(ClientCalls.java:139)
	at org.apache.ratis.proto.grpc.RaftServerProtocolServiceGrpc$RaftServerProtocolServiceBlockingStub.requestVote(RaftServerProtocolServiceGrpc.java:265)
	at org.apache.ratis.grpc.server.GrpcServerProtocolClient.requestVote(GrpcServerProtocolClient.java:99)
	at org.apache.ratis.grpc.server.GrpcService.requestVote(GrpcService.java:204)
	at org.apache.ratis.server.impl.LeaderElection.lambda$submitRequests$1(LeaderElection.java:234)
	at java.util.concurrent.FutureTask.run(FutureTask.java:266)
	at java.util.concurrent.Executors$RunnableAdapter.call(Executors.java:511)
	at java.util.concurrent.FutureTask.run(FutureTask.java:266)
	at java.util.concurrent.ThreadPoolExecutor.runWorker(ThreadPoolExecutor.java:1149)
	at java.util.concurrent.ThreadPoolExecutor$Worker.run(ThreadPoolExecutor.java:624)
	... 1 more
Caused by: org.apache.ratis.thirdparty.io.netty.channel.AbstractChannel$AnnotatedConnectException: Connection refused: /192.168.157.242:42362
	at sun.nio.ch.SocketChannelImpl.checkConnect(Native Method)
	at sun.nio.ch.SocketChannelImpl.finishConnect(SocketChannelImpl.java:717)
	at org.apache.ratis.thirdparty.io.netty.channel.socket.nio.NioSocketChannel.doFinishConnect(NioSocketChannel.java:327)
	at org.apache.ratis.thirdparty.io.netty.channel.nio.AbstractNioChannel$AbstractNioUnsafe.finishConnect(AbstractNioChannel.java:340)
	at org.apache.ratis.thirdparty.io.netty.channel.nio.NioEventLoop.processSelectedKey(NioEventLoop.java:632)
	at org.apache.ratis.thirdparty.io.netty.channel.nio.NioEventLoop.processSelectedKeysOptimized(NioEventLoop.java:579)
	at org.apache.ratis.thirdparty.io.netty.channel.nio.NioEventLoop.processSelectedKeys(NioEventLoop.java:496)
	at org.apache.ratis.thirdparty.io.netty.channel.nio.NioEventLoop.run(NioEventLoop.java:458)
	at org.apache.ratis.thirdparty.io.netty.util.concurrent.SingleThreadEventExecutor$5.run(SingleThreadEventExecutor.java:897)
	at org.apache.ratis.thirdparty.io.netty.util.concurrent.FastThreadLocalRunnable.run(FastThreadLocalRunnable.java:30)
	... 1 more
Caused by: java.net.ConnectException: Connection refused
	... 11 more
2019-10-19 01:26:42,133 [8bce6a00-3bba-419d-83ac-b35141b6b559@group-31C3DC938042-LeaderElection138] INFO  impl.RaftServerImpl (RaftServerImpl.java:setRole(184)) - 8bce6a00-3bba-419d-83ac-b35141b6b559@group-31C3DC938042: changes role from CANDIDATE to FOLLOWER at term 124 for DISCOVERED_A_NEW_TERM
2019-10-19 01:26:42,133 [8bce6a00-3bba-419d-83ac-b35141b6b559@group-31C3DC938042-LeaderElection138] INFO  impl.RoleInfo (RoleInfo.java:shutdownLeaderElection(134)) - 8bce6a00-3bba-419d-83ac-b35141b6b559: shutdown LeaderElection
2019-10-19 01:26:42,133 [8bce6a00-3bba-419d-83ac-b35141b6b559@group-31C3DC938042-LeaderElection138] INFO  impl.RoleInfo (RoleInfo.java:updateAndGet(143)) - 8bce6a00-3bba-419d-83ac-b35141b6b559: start FollowerState
2019-10-19 01:26:42,300 [Thread-1419] INFO  impl.FollowerState (FollowerState.java:run(108)) - 8bce6a00-3bba-419d-83ac-b35141b6b559@group-31C3DC938042-FollowerState: change to CANDIDATE, lastRpcTime:167ms, electionTimeout:167ms
2019-10-19 01:26:42,300 [Thread-1419] INFO  impl.RoleInfo (RoleInfo.java:shutdownFollowerState(121)) - 8bce6a00-3bba-419d-83ac-b35141b6b559: shutdown FollowerState
2019-10-19 01:26:42,301 [Thread-1419] INFO  impl.RaftServerImpl (RaftServerImpl.java:setRole(184)) - 8bce6a00-3bba-419d-83ac-b35141b6b559@group-31C3DC938042: changes role from  FOLLOWER to CANDIDATE at term 124 for changeToCandidate
2019-10-19 01:26:42,301 [Thread-1419] INFO  impl.RoleInfo (RoleInfo.java:updateAndGet(143)) - 8bce6a00-3bba-419d-83ac-b35141b6b559: start LeaderElection
2019-10-19 01:26:42,323 [8bce6a00-3bba-419d-83ac-b35141b6b559@group-31C3DC938042-LeaderElection139] INFO  impl.LeaderElection (LeaderElection.java:askForVotes(178)) - 8bce6a00-3bba-419d-83ac-b35141b6b559@group-31C3DC938042-LeaderElection139: begin an election at term 125 for -1: [774c78e1-8dd4-453d-975e-442189a07fe2:192.168.157.242:38712, 7247ad7d-2ca2-4af8-9337-77c07ea89cb3:192.168.157.242:42362, 8bce6a00-3bba-419d-83ac-b35141b6b559:192.168.157.242:37801], old=null
2019-10-19 01:26:42,323 [8bce6a00-3bba-419d-83ac-b35141b6b559@group-31C3DC938042-LeaderElection139] INFO  impl.LeaderElection (LogUtils.java:infoOrTrace(149)) - 8bce6a00-3bba-419d-83ac-b35141b6b559@group-31C3DC938042-LeaderElection139 got exception when requesting votes: {}
java.util.concurrent.ExecutionException: org.apache.ratis.thirdparty.io.grpc.StatusRuntimeException: UNAVAILABLE: io exception
	at java.util.concurrent.FutureTask.report(FutureTask.java:122)
	at java.util.concurrent.FutureTask.get(FutureTask.java:192)
	at org.apache.ratis.server.impl.LeaderElection.waitForResults(LeaderElection.java:259)
	at org.apache.ratis.server.impl.LeaderElection.askForVotes(LeaderElection.java:197)
	at org.apache.ratis.server.impl.LeaderElection.run(LeaderElection.java:133)
	at java.lang.Thread.run(Thread.java:748)
Caused by: org.apache.ratis.thirdparty.io.grpc.StatusRuntimeException: UNAVAILABLE: io exception
	at org.apache.ratis.thirdparty.io.grpc.stub.ClientCalls.toStatusRuntimeException(ClientCalls.java:233)
	at org.apache.ratis.thirdparty.io.grpc.stub.ClientCalls.getUnchecked(ClientCalls.java:214)
	at org.apache.ratis.thirdparty.io.grpc.stub.ClientCalls.blockingUnaryCall(ClientCalls.java:139)
	at org.apache.ratis.proto.grpc.RaftServerProtocolServiceGrpc$RaftServerProtocolServiceBlockingStub.requestVote(RaftServerProtocolServiceGrpc.java:265)
	at org.apache.ratis.grpc.server.GrpcServerProtocolClient.requestVote(GrpcServerProtocolClient.java:99)
	at org.apache.ratis.grpc.server.GrpcService.requestVote(GrpcService.java:204)
	at org.apache.ratis.server.impl.LeaderElection.lambda$submitRequests$1(LeaderElection.java:234)
	at java.util.concurrent.FutureTask.run(FutureTask.java:266)
	at java.util.concurrent.Executors$RunnableAdapter.call(Executors.java:511)
	at java.util.concurrent.FutureTask.run(FutureTask.java:266)
	at java.util.concurrent.ThreadPoolExecutor.runWorker(ThreadPoolExecutor.java:1149)
	at java.util.concurrent.ThreadPoolExecutor$Worker.run(ThreadPoolExecutor.java:624)
	... 1 more
Caused by: org.apache.ratis.thirdparty.io.netty.channel.AbstractChannel$AnnotatedConnectException: Connection refused: /192.168.157.242:42362
	at sun.nio.ch.SocketChannelImpl.checkConnect(Native Method)
	at sun.nio.ch.SocketChannelImpl.finishConnect(SocketChannelImpl.java:717)
	at org.apache.ratis.thirdparty.io.netty.channel.socket.nio.NioSocketChannel.doFinishConnect(NioSocketChannel.java:327)
	at org.apache.ratis.thirdparty.io.netty.channel.nio.AbstractNioChannel$AbstractNioUnsafe.finishConnect(AbstractNioChannel.java:340)
	at org.apache.ratis.thirdparty.io.netty.channel.nio.NioEventLoop.processSelectedKey(NioEventLoop.java:632)
	at org.apache.ratis.thirdparty.io.netty.channel.nio.NioEventLoop.processSelectedKeysOptimized(NioEventLoop.java:579)
	at org.apache.ratis.thirdparty.io.netty.channel.nio.NioEventLoop.processSelectedKeys(NioEventLoop.java:496)
	at org.apache.ratis.thirdparty.io.netty.channel.nio.NioEventLoop.run(NioEventLoop.java:458)
	at org.apache.ratis.thirdparty.io.netty.util.concurrent.SingleThreadEventExecutor$5.run(SingleThreadEventExecutor.java:897)
	at org.apache.ratis.thirdparty.io.netty.util.concurrent.FastThreadLocalRunnable.run(FastThreadLocalRunnable.java:30)
	... 1 more
Caused by: java.net.ConnectException: Connection refused
	... 11 more
2019-10-19 01:26:42,325 [grpc-default-executor-4] INFO  impl.RaftServerImpl (RaftServerImpl.java:setRole(184)) - 774c78e1-8dd4-453d-975e-442189a07fe2@group-31C3DC938042: changes role from  FOLLOWER to FOLLOWER at term 125 for recognizeCandidate:8bce6a00-3bba-419d-83ac-b35141b6b559
2019-10-19 01:26:42,325 [grpc-default-executor-4] INFO  impl.RoleInfo (RoleInfo.java:shutdownFollowerState(121)) - 774c78e1-8dd4-453d-975e-442189a07fe2: shutdown FollowerState
2019-10-19 01:26:42,326 [grpc-default-executor-4] INFO  impl.RoleInfo (RoleInfo.java:updateAndGet(143)) - 774c78e1-8dd4-453d-975e-442189a07fe2: start FollowerState
2019-10-19 01:26:42,326 [Thread-1418] INFO  impl.FollowerState (FollowerState.java:run(117)) - 774c78e1-8dd4-453d-975e-442189a07fe2@group-31C3DC938042-FollowerState was interrupted: java.lang.InterruptedException: sleep interrupted
2019-10-19 01:26:42,347 [8bce6a00-3bba-419d-83ac-b35141b6b559@group-31C3DC938042-LeaderElection139] INFO  impl.LeaderElection (LeaderElection.java:logAndReturn(56)) - 8bce6a00-3bba-419d-83ac-b35141b6b559@group-31C3DC938042-LeaderElection139: Election REJECTED; received 1 response(s) [8bce6a00-3bba-419d-83ac-b35141b6b559<-774c78e1-8dd4-453d-975e-442189a07fe2#0:FAIL-t125] and 1 exception(s); 8bce6a00-3bba-419d-83ac-b35141b6b559@group-31C3DC938042:t125, leader=null, voted=8bce6a00-3bba-419d-83ac-b35141b6b559, raftlog=8bce6a00-3bba-419d-83ac-b35141b6b559@group-31C3DC938042-SegmentedRaftLog:OPENED:c-1,f-1,i0, conf=-1: [774c78e1-8dd4-453d-975e-442189a07fe2:192.168.157.242:38712, 7247ad7d-2ca2-4af8-9337-77c07ea89cb3:192.168.157.242:42362, 8bce6a00-3bba-419d-83ac-b35141b6b559:192.168.157.242:37801], old=null
2019-10-19 01:26:42,347 [8bce6a00-3bba-419d-83ac-b35141b6b559@group-31C3DC938042-LeaderElection139] INFO  impl.LeaderElection (LogUtils.java:infoOrTrace(149)) -   Exception 0: {}
java.util.concurrent.ExecutionException: org.apache.ratis.thirdparty.io.grpc.StatusRuntimeException: UNAVAILABLE: io exception
	at java.util.concurrent.FutureTask.report(FutureTask.java:122)
	at java.util.concurrent.FutureTask.get(FutureTask.java:192)
	at org.apache.ratis.server.impl.LeaderElection.waitForResults(LeaderElection.java:259)
	at org.apache.ratis.server.impl.LeaderElection.askForVotes(LeaderElection.java:197)
	at org.apache.ratis.server.impl.LeaderElection.run(LeaderElection.java:133)
	at java.lang.Thread.run(Thread.java:748)
Caused by: org.apache.ratis.thirdparty.io.grpc.StatusRuntimeException: UNAVAILABLE: io exception
	at org.apache.ratis.thirdparty.io.grpc.stub.ClientCalls.toStatusRuntimeException(ClientCalls.java:233)
	at org.apache.ratis.thirdparty.io.grpc.stub.ClientCalls.getUnchecked(ClientCalls.java:214)
	at org.apache.ratis.thirdparty.io.grpc.stub.ClientCalls.blockingUnaryCall(ClientCalls.java:139)
	at org.apache.ratis.proto.grpc.RaftServerProtocolServiceGrpc$RaftServerProtocolServiceBlockingStub.requestVote(RaftServerProtocolServiceGrpc.java:265)
	at org.apache.ratis.grpc.server.GrpcServerProtocolClient.requestVote(GrpcServerProtocolClient.java:99)
	at org.apache.ratis.grpc.server.GrpcService.requestVote(GrpcService.java:204)
	at org.apache.ratis.server.impl.LeaderElection.lambda$submitRequests$1(LeaderElection.java:234)
	at java.util.concurrent.FutureTask.run(FutureTask.java:266)
	at java.util.concurrent.Executors$RunnableAdapter.call(Executors.java:511)
	at java.util.concurrent.FutureTask.run(FutureTask.java:266)
	at java.util.concurrent.ThreadPoolExecutor.runWorker(ThreadPoolExecutor.java:1149)
	at java.util.concurrent.ThreadPoolExecutor$Worker.run(ThreadPoolExecutor.java:624)
	... 1 more
Caused by: org.apache.ratis.thirdparty.io.netty.channel.AbstractChannel$AnnotatedConnectException: Connection refused: /192.168.157.242:42362
	at sun.nio.ch.SocketChannelImpl.checkConnect(Native Method)
	at sun.nio.ch.SocketChannelImpl.finishConnect(SocketChannelImpl.java:717)
	at org.apache.ratis.thirdparty.io.netty.channel.socket.nio.NioSocketChannel.doFinishConnect(NioSocketChannel.java:327)
	at org.apache.ratis.thirdparty.io.netty.channel.nio.AbstractNioChannel$AbstractNioUnsafe.finishConnect(AbstractNioChannel.java:340)
	at org.apache.ratis.thirdparty.io.netty.channel.nio.NioEventLoop.processSelectedKey(NioEventLoop.java:632)
	at org.apache.ratis.thirdparty.io.netty.channel.nio.NioEventLoop.processSelectedKeysOptimized(NioEventLoop.java:579)
	at org.apache.ratis.thirdparty.io.netty.channel.nio.NioEventLoop.processSelectedKeys(NioEventLoop.java:496)
	at org.apache.ratis.thirdparty.io.netty.channel.nio.NioEventLoop.run(NioEventLoop.java:458)
	at org.apache.ratis.thirdparty.io.netty.util.concurrent.SingleThreadEventExecutor$5.run(SingleThreadEventExecutor.java:897)
	at org.apache.ratis.thirdparty.io.netty.util.concurrent.FastThreadLocalRunnable.run(FastThreadLocalRunnable.java:30)
	... 1 more
Caused by: java.net.ConnectException: Connection refused
	... 11 more
2019-10-19 01:26:42,347 [8bce6a00-3bba-419d-83ac-b35141b6b559@group-31C3DC938042-LeaderElection139] INFO  impl.RaftServerImpl (RaftServerImpl.java:setRole(184)) - 8bce6a00-3bba-419d-83ac-b35141b6b559@group-31C3DC938042: changes role from CANDIDATE to FOLLOWER at term 125 for DISCOVERED_A_NEW_TERM
2019-10-19 01:26:42,348 [8bce6a00-3bba-419d-83ac-b35141b6b559@group-31C3DC938042-LeaderElection139] INFO  impl.RoleInfo (RoleInfo.java:shutdownLeaderElection(134)) - 8bce6a00-3bba-419d-83ac-b35141b6b559: shutdown LeaderElection
2019-10-19 01:26:42,348 [8bce6a00-3bba-419d-83ac-b35141b6b559@group-31C3DC938042-LeaderElection139] INFO  impl.RoleInfo (RoleInfo.java:updateAndGet(143)) - 8bce6a00-3bba-419d-83ac-b35141b6b559: start FollowerState
2019-10-19 01:26:42,507 [Thread-1424] INFO  impl.FollowerState (FollowerState.java:run(108)) - 8bce6a00-3bba-419d-83ac-b35141b6b559@group-31C3DC938042-FollowerState: change to CANDIDATE, lastRpcTime:159ms, electionTimeout:159ms
2019-10-19 01:26:42,507 [Thread-1424] INFO  impl.RoleInfo (RoleInfo.java:shutdownFollowerState(121)) - 8bce6a00-3bba-419d-83ac-b35141b6b559: shutdown FollowerState
2019-10-19 01:26:42,507 [Thread-1424] INFO  impl.RaftServerImpl (RaftServerImpl.java:setRole(184)) - 8bce6a00-3bba-419d-83ac-b35141b6b559@group-31C3DC938042: changes role from  FOLLOWER to CANDIDATE at term 125 for changeToCandidate
2019-10-19 01:26:42,507 [Thread-1424] INFO  impl.RoleInfo (RoleInfo.java:updateAndGet(143)) - 8bce6a00-3bba-419d-83ac-b35141b6b559: start LeaderElection
2019-10-19 01:26:42,529 [8bce6a00-3bba-419d-83ac-b35141b6b559@group-31C3DC938042-LeaderElection140] INFO  impl.LeaderElection (LeaderElection.java:askForVotes(178)) - 8bce6a00-3bba-419d-83ac-b35141b6b559@group-31C3DC938042-LeaderElection140: begin an election at term 126 for -1: [774c78e1-8dd4-453d-975e-442189a07fe2:192.168.157.242:38712, 7247ad7d-2ca2-4af8-9337-77c07ea89cb3:192.168.157.242:42362, 8bce6a00-3bba-419d-83ac-b35141b6b559:192.168.157.242:37801], old=null
2019-10-19 01:26:42,529 [8bce6a00-3bba-419d-83ac-b35141b6b559@group-31C3DC938042-LeaderElection140] INFO  impl.LeaderElection (LogUtils.java:infoOrTrace(149)) - 8bce6a00-3bba-419d-83ac-b35141b6b559@group-31C3DC938042-LeaderElection140 got exception when requesting votes: {}
java.util.concurrent.ExecutionException: org.apache.ratis.thirdparty.io.grpc.StatusRuntimeException: UNAVAILABLE: io exception
	at java.util.concurrent.FutureTask.report(FutureTask.java:122)
	at java.util.concurrent.FutureTask.get(FutureTask.java:192)
	at org.apache.ratis.server.impl.LeaderElection.waitForResults(LeaderElection.java:259)
	at org.apache.ratis.server.impl.LeaderElection.askForVotes(LeaderElection.java:197)
	at org.apache.ratis.server.impl.LeaderElection.run(LeaderElection.java:133)
	at java.lang.Thread.run(Thread.java:748)
Caused by: org.apache.ratis.thirdparty.io.grpc.StatusRuntimeException: UNAVAILABLE: io exception
	at org.apache.ratis.thirdparty.io.grpc.stub.ClientCalls.toStatusRuntimeException(ClientCalls.java:233)
	at org.apache.ratis.thirdparty.io.grpc.stub.ClientCalls.getUnchecked(ClientCalls.java:214)
	at org.apache.ratis.thirdparty.io.grpc.stub.ClientCalls.blockingUnaryCall(ClientCalls.java:139)
	at org.apache.ratis.proto.grpc.RaftServerProtocolServiceGrpc$RaftServerProtocolServiceBlockingStub.requestVote(RaftServerProtocolServiceGrpc.java:265)
	at org.apache.ratis.grpc.server.GrpcServerProtocolClient.requestVote(GrpcServerProtocolClient.java:99)
	at org.apache.ratis.grpc.server.GrpcService.requestVote(GrpcService.java:204)
	at org.apache.ratis.server.impl.LeaderElection.lambda$submitRequests$1(LeaderElection.java:234)
	at java.util.concurrent.FutureTask.run(FutureTask.java:266)
	at java.util.concurrent.Executors$RunnableAdapter.call(Executors.java:511)
	at java.util.concurrent.FutureTask.run(FutureTask.java:266)
	at java.util.concurrent.ThreadPoolExecutor.runWorker(ThreadPoolExecutor.java:1149)
	at java.util.concurrent.ThreadPoolExecutor$Worker.run(ThreadPoolExecutor.java:624)
	... 1 more
Caused by: org.apache.ratis.thirdparty.io.netty.channel.AbstractChannel$AnnotatedConnectException: Connection refused: /192.168.157.242:42362
	at sun.nio.ch.SocketChannelImpl.checkConnect(Native Method)
	at sun.nio.ch.SocketChannelImpl.finishConnect(SocketChannelImpl.java:717)
	at org.apache.ratis.thirdparty.io.netty.channel.socket.nio.NioSocketChannel.doFinishConnect(NioSocketChannel.java:327)
	at org.apache.ratis.thirdparty.io.netty.channel.nio.AbstractNioChannel$AbstractNioUnsafe.finishConnect(AbstractNioChannel.java:340)
	at org.apache.ratis.thirdparty.io.netty.channel.nio.NioEventLoop.processSelectedKey(NioEventLoop.java:632)
	at org.apache.ratis.thirdparty.io.netty.channel.nio.NioEventLoop.processSelectedKeysOptimized(NioEventLoop.java:579)
	at org.apache.ratis.thirdparty.io.netty.channel.nio.NioEventLoop.processSelectedKeys(NioEventLoop.java:496)
	at org.apache.ratis.thirdparty.io.netty.channel.nio.NioEventLoop.run(NioEventLoop.java:458)
	at org.apache.ratis.thirdparty.io.netty.util.concurrent.SingleThreadEventExecutor$5.run(SingleThreadEventExecutor.java:897)
	at org.apache.ratis.thirdparty.io.netty.util.concurrent.FastThreadLocalRunnable.run(FastThreadLocalRunnable.java:30)
	... 1 more
Caused by: java.net.ConnectException: Connection refused
	... 11 more
2019-10-19 01:26:42,532 [grpc-default-executor-4] INFO  impl.RaftServerImpl (RaftServerImpl.java:setRole(184)) - 774c78e1-8dd4-453d-975e-442189a07fe2@group-31C3DC938042: changes role from  FOLLOWER to FOLLOWER at term 126 for recognizeCandidate:8bce6a00-3bba-419d-83ac-b35141b6b559
2019-10-19 01:26:42,532 [grpc-default-executor-4] INFO  impl.RoleInfo (RoleInfo.java:shutdownFollowerState(121)) - 774c78e1-8dd4-453d-975e-442189a07fe2: shutdown FollowerState
2019-10-19 01:26:42,533 [grpc-default-executor-4] INFO  impl.RoleInfo (RoleInfo.java:updateAndGet(143)) - 774c78e1-8dd4-453d-975e-442189a07fe2: start FollowerState
2019-10-19 01:26:42,533 [Thread-1423] INFO  impl.FollowerState (FollowerState.java:run(117)) - 774c78e1-8dd4-453d-975e-442189a07fe2@group-31C3DC938042-FollowerState was interrupted: java.lang.InterruptedException: sleep interrupted
2019-10-19 01:26:42,544 [8bce6a00-3bba-419d-83ac-b35141b6b559@group-31C3DC938042-LeaderElection140] INFO  impl.LeaderElection (LeaderElection.java:logAndReturn(56)) - 8bce6a00-3bba-419d-83ac-b35141b6b559@group-31C3DC938042-LeaderElection140: Election REJECTED; received 1 response(s) [8bce6a00-3bba-419d-83ac-b35141b6b559<-774c78e1-8dd4-453d-975e-442189a07fe2#0:FAIL-t126] and 1 exception(s); 8bce6a00-3bba-419d-83ac-b35141b6b559@group-31C3DC938042:t126, leader=null, voted=8bce6a00-3bba-419d-83ac-b35141b6b559, raftlog=8bce6a00-3bba-419d-83ac-b35141b6b559@group-31C3DC938042-SegmentedRaftLog:OPENED:c-1,f-1,i0, conf=-1: [774c78e1-8dd4-453d-975e-442189a07fe2:192.168.157.242:38712, 7247ad7d-2ca2-4af8-9337-77c07ea89cb3:192.168.157.242:42362, 8bce6a00-3bba-419d-83ac-b35141b6b559:192.168.157.242:37801], old=null
2019-10-19 01:26:42,544 [8bce6a00-3bba-419d-83ac-b35141b6b559@group-31C3DC938042-LeaderElection140] INFO  impl.LeaderElection (LogUtils.java:infoOrTrace(149)) -   Exception 0: {}
java.util.concurrent.ExecutionException: org.apache.ratis.thirdparty.io.grpc.StatusRuntimeException: UNAVAILABLE: io exception
	at java.util.concurrent.FutureTask.report(FutureTask.java:122)
	at java.util.concurrent.FutureTask.get(FutureTask.java:192)
	at org.apache.ratis.server.impl.LeaderElection.waitForResults(LeaderElection.java:259)
	at org.apache.ratis.server.impl.LeaderElection.askForVotes(LeaderElection.java:197)
	at org.apache.ratis.server.impl.LeaderElection.run(LeaderElection.java:133)
	at java.lang.Thread.run(Thread.java:748)
Caused by: org.apache.ratis.thirdparty.io.grpc.StatusRuntimeException: UNAVAILABLE: io exception
	at org.apache.ratis.thirdparty.io.grpc.stub.ClientCalls.toStatusRuntimeException(ClientCalls.java:233)
	at org.apache.ratis.thirdparty.io.grpc.stub.ClientCalls.getUnchecked(ClientCalls.java:214)
	at org.apache.ratis.thirdparty.io.grpc.stub.ClientCalls.blockingUnaryCall(ClientCalls.java:139)
	at org.apache.ratis.proto.grpc.RaftServerProtocolServiceGrpc$RaftServerProtocolServiceBlockingStub.requestVote(RaftServerProtocolServiceGrpc.java:265)
	at org.apache.ratis.grpc.server.GrpcServerProtocolClient.requestVote(GrpcServerProtocolClient.java:99)
	at org.apache.ratis.grpc.server.GrpcService.requestVote(GrpcService.java:204)
	at org.apache.ratis.server.impl.LeaderElection.lambda$submitRequests$1(LeaderElection.java:234)
	at java.util.concurrent.FutureTask.run(FutureTask.java:266)
	at java.util.concurrent.Executors$RunnableAdapter.call(Executors.java:511)
	at java.util.concurrent.FutureTask.run(FutureTask.java:266)
	at java.util.concurrent.ThreadPoolExecutor.runWorker(ThreadPoolExecutor.java:1149)
	at java.util.concurrent.ThreadPoolExecutor$Worker.run(ThreadPoolExecutor.java:624)
	... 1 more
Caused by: org.apache.ratis.thirdparty.io.netty.channel.AbstractChannel$AnnotatedConnectException: Connection refused: /192.168.157.242:42362
	at sun.nio.ch.SocketChannelImpl.checkConnect(Native Method)
	at sun.nio.ch.SocketChannelImpl.finishConnect(SocketChannelImpl.java:717)
	at org.apache.ratis.thirdparty.io.netty.channel.socket.nio.NioSocketChannel.doFinishConnect(NioSocketChannel.java:327)
	at org.apache.ratis.thirdparty.io.netty.channel.nio.AbstractNioChannel$AbstractNioUnsafe.finishConnect(AbstractNioChannel.java:340)
	at org.apache.ratis.thirdparty.io.netty.channel.nio.NioEventLoop.processSelectedKey(NioEventLoop.java:632)
	at org.apache.ratis.thirdparty.io.netty.channel.nio.NioEventLoop.processSelectedKeysOptimized(NioEventLoop.java:579)
	at org.apache.ratis.thirdparty.io.netty.channel.nio.NioEventLoop.processSelectedKeys(NioEventLoop.java:496)
	at org.apache.ratis.thirdparty.io.netty.channel.nio.NioEventLoop.run(NioEventLoop.java:458)
	at org.apache.ratis.thirdparty.io.netty.util.concurrent.SingleThreadEventExecutor$5.run(SingleThreadEventExecutor.java:897)
	at org.apache.ratis.thirdparty.io.netty.util.concurrent.FastThreadLocalRunnable.run(FastThreadLocalRunnable.java:30)
	... 1 more
Caused by: java.net.ConnectException: Connection refused
	... 11 more
2019-10-19 01:26:42,545 [8bce6a00-3bba-419d-83ac-b35141b6b559@group-31C3DC938042-LeaderElection140] INFO  impl.RaftServerImpl (RaftServerImpl.java:setRole(184)) - 8bce6a00-3bba-419d-83ac-b35141b6b559@group-31C3DC938042: changes role from CANDIDATE to FOLLOWER at term 126 for DISCOVERED_A_NEW_TERM
2019-10-19 01:26:42,545 [8bce6a00-3bba-419d-83ac-b35141b6b559@group-31C3DC938042-LeaderElection140] INFO  impl.RoleInfo (RoleInfo.java:shutdownLeaderElection(134)) - 8bce6a00-3bba-419d-83ac-b35141b6b559: shutdown LeaderElection
2019-10-19 01:26:42,545 [8bce6a00-3bba-419d-83ac-b35141b6b559@group-31C3DC938042-LeaderElection140] INFO  impl.RoleInfo (RoleInfo.java:updateAndGet(143)) - 8bce6a00-3bba-419d-83ac-b35141b6b559: start FollowerState
2019-10-19 01:26:42,678 [Thread-1431] INFO  impl.FollowerState (FollowerState.java:run(108)) - 8bce6a00-3bba-419d-83ac-b35141b6b559@group-31C3DC938042-FollowerState: change to CANDIDATE, lastRpcTime:133ms, electionTimeout:133ms
2019-10-19 01:26:42,679 [Thread-1431] INFO  impl.RoleInfo (RoleInfo.java:shutdownFollowerState(121)) - 8bce6a00-3bba-419d-83ac-b35141b6b559: shutdown FollowerState
2019-10-19 01:26:42,679 [Thread-1431] INFO  impl.RaftServerImpl (RaftServerImpl.java:setRole(184)) - 8bce6a00-3bba-419d-83ac-b35141b6b559@group-31C3DC938042: changes role from  FOLLOWER to CANDIDATE at term 126 for changeToCandidate
2019-10-19 01:26:42,679 [Thread-1431] INFO  impl.RoleInfo (RoleInfo.java:updateAndGet(143)) - 8bce6a00-3bba-419d-83ac-b35141b6b559: start LeaderElection
2019-10-19 01:26:42,711 [8bce6a00-3bba-419d-83ac-b35141b6b559@group-31C3DC938042-LeaderElection141] INFO  impl.LeaderElection (LeaderElection.java:askForVotes(178)) - 8bce6a00-3bba-419d-83ac-b35141b6b559@group-31C3DC938042-LeaderElection141: begin an election at term 127 for -1: [774c78e1-8dd4-453d-975e-442189a07fe2:192.168.157.242:38712, 7247ad7d-2ca2-4af8-9337-77c07ea89cb3:192.168.157.242:42362, 8bce6a00-3bba-419d-83ac-b35141b6b559:192.168.157.242:37801], old=null
2019-10-19 01:26:42,712 [8bce6a00-3bba-419d-83ac-b35141b6b559@group-31C3DC938042-LeaderElection141] INFO  impl.LeaderElection (LogUtils.java:infoOrTrace(149)) - 8bce6a00-3bba-419d-83ac-b35141b6b559@group-31C3DC938042-LeaderElection141 got exception when requesting votes: {}
java.util.concurrent.ExecutionException: org.apache.ratis.thirdparty.io.grpc.StatusRuntimeException: UNAVAILABLE: io exception
	at java.util.concurrent.FutureTask.report(FutureTask.java:122)
	at java.util.concurrent.FutureTask.get(FutureTask.java:192)
	at org.apache.ratis.server.impl.LeaderElection.waitForResults(LeaderElection.java:259)
	at org.apache.ratis.server.impl.LeaderElection.askForVotes(LeaderElection.java:197)
	at org.apache.ratis.server.impl.LeaderElection.run(LeaderElection.java:133)
	at java.lang.Thread.run(Thread.java:748)
Caused by: org.apache.ratis.thirdparty.io.grpc.StatusRuntimeException: UNAVAILABLE: io exception
	at org.apache.ratis.thirdparty.io.grpc.stub.ClientCalls.toStatusRuntimeException(ClientCalls.java:233)
	at org.apache.ratis.thirdparty.io.grpc.stub.ClientCalls.getUnchecked(ClientCalls.java:214)
	at org.apache.ratis.thirdparty.io.grpc.stub.ClientCalls.blockingUnaryCall(ClientCalls.java:139)
	at org.apache.ratis.proto.grpc.RaftServerProtocolServiceGrpc$RaftServerProtocolServiceBlockingStub.requestVote(RaftServerProtocolServiceGrpc.java:265)
	at org.apache.ratis.grpc.server.GrpcServerProtocolClient.requestVote(GrpcServerProtocolClient.java:99)
	at org.apache.ratis.grpc.server.GrpcService.requestVote(GrpcService.java:204)
	at org.apache.ratis.server.impl.LeaderElection.lambda$submitRequests$1(LeaderElection.java:234)
	at java.util.concurrent.FutureTask.run(FutureTask.java:266)
	at java.util.concurrent.Executors$RunnableAdapter.call(Executors.java:511)
	at java.util.concurrent.FutureTask.run(FutureTask.java:266)
	at java.util.concurrent.ThreadPoolExecutor.runWorker(ThreadPoolExecutor.java:1149)
	at java.util.concurrent.ThreadPoolExecutor$Worker.run(ThreadPoolExecutor.java:624)
	... 1 more
Caused by: org.apache.ratis.thirdparty.io.netty.channel.AbstractChannel$AnnotatedConnectException: Connection refused: /192.168.157.242:42362
	at sun.nio.ch.SocketChannelImpl.checkConnect(Native Method)
	at sun.nio.ch.SocketChannelImpl.finishConnect(SocketChannelImpl.java:717)
	at org.apache.ratis.thirdparty.io.netty.channel.socket.nio.NioSocketChannel.doFinishConnect(NioSocketChannel.java:327)
	at org.apache.ratis.thirdparty.io.netty.channel.nio.AbstractNioChannel$AbstractNioUnsafe.finishConnect(AbstractNioChannel.java:340)
	at org.apache.ratis.thirdparty.io.netty.channel.nio.NioEventLoop.processSelectedKey(NioEventLoop.java:632)
	at org.apache.ratis.thirdparty.io.netty.channel.nio.NioEventLoop.processSelectedKeysOptimized(NioEventLoop.java:579)
	at org.apache.ratis.thirdparty.io.netty.channel.nio.NioEventLoop.processSelectedKeys(NioEventLoop.java:496)
	at org.apache.ratis.thirdparty.io.netty.channel.nio.NioEventLoop.run(NioEventLoop.java:458)
	at org.apache.ratis.thirdparty.io.netty.util.concurrent.SingleThreadEventExecutor$5.run(SingleThreadEventExecutor.java:897)
	at org.apache.ratis.thirdparty.io.netty.util.concurrent.FastThreadLocalRunnable.run(FastThreadLocalRunnable.java:30)
	... 1 more
Caused by: java.net.ConnectException: Connection refused
	... 11 more
2019-10-19 01:26:42,715 [grpc-default-executor-4] INFO  impl.RaftServerImpl (RaftServerImpl.java:setRole(184)) - 774c78e1-8dd4-453d-975e-442189a07fe2@group-31C3DC938042: changes role from  FOLLOWER to FOLLOWER at term 127 for recognizeCandidate:8bce6a00-3bba-419d-83ac-b35141b6b559
2019-10-19 01:26:42,715 [grpc-default-executor-4] INFO  impl.RoleInfo (RoleInfo.java:shutdownFollowerState(121)) - 774c78e1-8dd4-453d-975e-442189a07fe2: shutdown FollowerState
2019-10-19 01:26:42,716 [grpc-default-executor-4] INFO  impl.RoleInfo (RoleInfo.java:updateAndGet(143)) - 774c78e1-8dd4-453d-975e-442189a07fe2: start FollowerState
2019-10-19 01:26:42,716 [Thread-1430] INFO  impl.FollowerState (FollowerState.java:run(117)) - 774c78e1-8dd4-453d-975e-442189a07fe2@group-31C3DC938042-FollowerState was interrupted: java.lang.InterruptedException: sleep interrupted
2019-10-19 01:26:42,729 [8bce6a00-3bba-419d-83ac-b35141b6b559@group-31C3DC938042-LeaderElection141] INFO  impl.LeaderElection (LeaderElection.java:logAndReturn(56)) - 8bce6a00-3bba-419d-83ac-b35141b6b559@group-31C3DC938042-LeaderElection141: Election REJECTED; received 1 response(s) [8bce6a00-3bba-419d-83ac-b35141b6b559<-774c78e1-8dd4-453d-975e-442189a07fe2#0:FAIL-t127] and 1 exception(s); 8bce6a00-3bba-419d-83ac-b35141b6b559@group-31C3DC938042:t127, leader=null, voted=8bce6a00-3bba-419d-83ac-b35141b6b559, raftlog=8bce6a00-3bba-419d-83ac-b35141b6b559@group-31C3DC938042-SegmentedRaftLog:OPENED:c-1,f-1,i0, conf=-1: [774c78e1-8dd4-453d-975e-442189a07fe2:192.168.157.242:38712, 7247ad7d-2ca2-4af8-9337-77c07ea89cb3:192.168.157.242:42362, 8bce6a00-3bba-419d-83ac-b35141b6b559:192.168.157.242:37801], old=null
2019-10-19 01:26:42,729 [8bce6a00-3bba-419d-83ac-b35141b6b559@group-31C3DC938042-LeaderElection141] INFO  impl.LeaderElection (LogUtils.java:infoOrTrace(149)) -   Exception 0: {}
java.util.concurrent.ExecutionException: org.apache.ratis.thirdparty.io.grpc.StatusRuntimeException: UNAVAILABLE: io exception
	at java.util.concurrent.FutureTask.report(FutureTask.java:122)
	at java.util.concurrent.FutureTask.get(FutureTask.java:192)
	at org.apache.ratis.server.impl.LeaderElection.waitForResults(LeaderElection.java:259)
	at org.apache.ratis.server.impl.LeaderElection.askForVotes(LeaderElection.java:197)
	at org.apache.ratis.server.impl.LeaderElection.run(LeaderElection.java:133)
	at java.lang.Thread.run(Thread.java:748)
Caused by: org.apache.ratis.thirdparty.io.grpc.StatusRuntimeException: UNAVAILABLE: io exception
	at org.apache.ratis.thirdparty.io.grpc.stub.ClientCalls.toStatusRuntimeException(ClientCalls.java:233)
	at org.apache.ratis.thirdparty.io.grpc.stub.ClientCalls.getUnchecked(ClientCalls.java:214)
	at org.apache.ratis.thirdparty.io.grpc.stub.ClientCalls.blockingUnaryCall(ClientCalls.java:139)
	at org.apache.ratis.proto.grpc.RaftServerProtocolServiceGrpc$RaftServerProtocolServiceBlockingStub.requestVote(RaftServerProtocolServiceGrpc.java:265)
	at org.apache.ratis.grpc.server.GrpcServerProtocolClient.requestVote(GrpcServerProtocolClient.java:99)
	at org.apache.ratis.grpc.server.GrpcService.requestVote(GrpcService.java:204)
	at org.apache.ratis.server.impl.LeaderElection.lambda$submitRequests$1(LeaderElection.java:234)
	at java.util.concurrent.FutureTask.run(FutureTask.java:266)
	at java.util.concurrent.Executors$RunnableAdapter.call(Executors.java:511)
	at java.util.concurrent.FutureTask.run(FutureTask.java:266)
	at java.util.concurrent.ThreadPoolExecutor.runWorker(ThreadPoolExecutor.java:1149)
	at java.util.concurrent.ThreadPoolExecutor$Worker.run(ThreadPoolExecutor.java:624)
	... 1 more
Caused by: org.apache.ratis.thirdparty.io.netty.channel.AbstractChannel$AnnotatedConnectException: Connection refused: /192.168.157.242:42362
	at sun.nio.ch.SocketChannelImpl.checkConnect(Native Method)
	at sun.nio.ch.SocketChannelImpl.finishConnect(SocketChannelImpl.java:717)
	at org.apache.ratis.thirdparty.io.netty.channel.socket.nio.NioSocketChannel.doFinishConnect(NioSocketChannel.java:327)
	at org.apache.ratis.thirdparty.io.netty.channel.nio.AbstractNioChannel$AbstractNioUnsafe.finishConnect(AbstractNioChannel.java:340)
	at org.apache.ratis.thirdparty.io.netty.channel.nio.NioEventLoop.processSelectedKey(NioEventLoop.java:632)
	at org.apache.ratis.thirdparty.io.netty.channel.nio.NioEventLoop.processSelectedKeysOptimized(NioEventLoop.java:579)
	at org.apache.ratis.thirdparty.io.netty.channel.nio.NioEventLoop.processSelectedKeys(NioEventLoop.java:496)
	at org.apache.ratis.thirdparty.io.netty.channel.nio.NioEventLoop.run(NioEventLoop.java:458)
	at org.apache.ratis.thirdparty.io.netty.util.concurrent.SingleThreadEventExecutor$5.run(SingleThreadEventExecutor.java:897)
	at org.apache.ratis.thirdparty.io.netty.util.concurrent.FastThreadLocalRunnable.run(FastThreadLocalRunnable.java:30)
	... 1 more
Caused by: java.net.ConnectException: Connection refused
	... 11 more
2019-10-19 01:26:42,730 [8bce6a00-3bba-419d-83ac-b35141b6b559@group-31C3DC938042-LeaderElection141] INFO  impl.RaftServerImpl (RaftServerImpl.java:setRole(184)) - 8bce6a00-3bba-419d-83ac-b35141b6b559@group-31C3DC938042: changes role from CANDIDATE to FOLLOWER at term 127 for DISCOVERED_A_NEW_TERM
2019-10-19 01:26:42,730 [8bce6a00-3bba-419d-83ac-b35141b6b559@group-31C3DC938042-LeaderElection141] INFO  impl.RoleInfo (RoleInfo.java:shutdownLeaderElection(134)) - 8bce6a00-3bba-419d-83ac-b35141b6b559: shutdown LeaderElection
2019-10-19 01:26:42,730 [8bce6a00-3bba-419d-83ac-b35141b6b559@group-31C3DC938042-LeaderElection141] INFO  impl.RoleInfo (RoleInfo.java:updateAndGet(143)) - 8bce6a00-3bba-419d-83ac-b35141b6b559: start FollowerState
2019-10-19 01:26:42,752 [Thread-1436] INFO  impl.FollowerState (FollowerState.java:run(108)) - 8bce6a00-3bba-419d-83ac-b35141b6b559@group-31C3DC938042-FollowerState: change to CANDIDATE, lastRpcTime:22ms, electionTimeout:22ms
2019-10-19 01:26:42,752 [Thread-1436] INFO  impl.RoleInfo (RoleInfo.java:shutdownFollowerState(121)) - 8bce6a00-3bba-419d-83ac-b35141b6b559: shutdown FollowerState
2019-10-19 01:26:42,752 [Thread-1436] INFO  impl.RaftServerImpl (RaftServerImpl.java:setRole(184)) - 8bce6a00-3bba-419d-83ac-b35141b6b559@group-31C3DC938042: changes role from  FOLLOWER to CANDIDATE at term 127 for changeToCandidate
2019-10-19 01:26:42,753 [Thread-1436] INFO  impl.RoleInfo (RoleInfo.java:updateAndGet(143)) - 8bce6a00-3bba-419d-83ac-b35141b6b559: start LeaderElection
2019-10-19 01:26:42,761 [8bce6a00-3bba-419d-83ac-b35141b6b559@group-31C3DC938042-LeaderElection142] INFO  impl.LeaderElection (LeaderElection.java:askForVotes(178)) - 8bce6a00-3bba-419d-83ac-b35141b6b559@group-31C3DC938042-LeaderElection142: begin an election at term 128 for -1: [774c78e1-8dd4-453d-975e-442189a07fe2:192.168.157.242:38712, 7247ad7d-2ca2-4af8-9337-77c07ea89cb3:192.168.157.242:42362, 8bce6a00-3bba-419d-83ac-b35141b6b559:192.168.157.242:37801], old=null
2019-10-19 01:26:42,762 [8bce6a00-3bba-419d-83ac-b35141b6b559@group-31C3DC938042-LeaderElection142] INFO  impl.LeaderElection (LogUtils.java:infoOrTrace(149)) - 8bce6a00-3bba-419d-83ac-b35141b6b559@group-31C3DC938042-LeaderElection142 got exception when requesting votes: {}
java.util.concurrent.ExecutionException: org.apache.ratis.thirdparty.io.grpc.StatusRuntimeException: UNAVAILABLE: io exception
	at java.util.concurrent.FutureTask.report(FutureTask.java:122)
	at java.util.concurrent.FutureTask.get(FutureTask.java:192)
	at org.apache.ratis.server.impl.LeaderElection.waitForResults(LeaderElection.java:259)
	at org.apache.ratis.server.impl.LeaderElection.askForVotes(LeaderElection.java:197)
	at org.apache.ratis.server.impl.LeaderElection.run(LeaderElection.java:133)
	at java.lang.Thread.run(Thread.java:748)
Caused by: org.apache.ratis.thirdparty.io.grpc.StatusRuntimeException: UNAVAILABLE: io exception
	at org.apache.ratis.thirdparty.io.grpc.stub.ClientCalls.toStatusRuntimeException(ClientCalls.java:233)
	at org.apache.ratis.thirdparty.io.grpc.stub.ClientCalls.getUnchecked(ClientCalls.java:214)
	at org.apache.ratis.thirdparty.io.grpc.stub.ClientCalls.blockingUnaryCall(ClientCalls.java:139)
	at org.apache.ratis.proto.grpc.RaftServerProtocolServiceGrpc$RaftServerProtocolServiceBlockingStub.requestVote(RaftServerProtocolServiceGrpc.java:265)
	at org.apache.ratis.grpc.server.GrpcServerProtocolClient.requestVote(GrpcServerProtocolClient.java:99)
	at org.apache.ratis.grpc.server.GrpcService.requestVote(GrpcService.java:204)
	at org.apache.ratis.server.impl.LeaderElection.lambda$submitRequests$1(LeaderElection.java:234)
	at java.util.concurrent.FutureTask.run(FutureTask.java:266)
	at java.util.concurrent.Executors$RunnableAdapter.call(Executors.java:511)
	at java.util.concurrent.FutureTask.run(FutureTask.java:266)
	at java.util.concurrent.ThreadPoolExecutor.runWorker(ThreadPoolExecutor.java:1149)
	at java.util.concurrent.ThreadPoolExecutor$Worker.run(ThreadPoolExecutor.java:624)
	... 1 more
Caused by: org.apache.ratis.thirdparty.io.netty.channel.AbstractChannel$AnnotatedConnectException: Connection refused: /192.168.157.242:42362
	at sun.nio.ch.SocketChannelImpl.checkConnect(Native Method)
	at sun.nio.ch.SocketChannelImpl.finishConnect(SocketChannelImpl.java:717)
	at org.apache.ratis.thirdparty.io.netty.channel.socket.nio.NioSocketChannel.doFinishConnect(NioSocketChannel.java:327)
	at org.apache.ratis.thirdparty.io.netty.channel.nio.AbstractNioChannel$AbstractNioUnsafe.finishConnect(AbstractNioChannel.java:340)
	at org.apache.ratis.thirdparty.io.netty.channel.nio.NioEventLoop.processSelectedKey(NioEventLoop.java:632)
	at org.apache.ratis.thirdparty.io.netty.channel.nio.NioEventLoop.processSelectedKeysOptimized(NioEventLoop.java:579)
	at org.apache.ratis.thirdparty.io.netty.channel.nio.NioEventLoop.processSelectedKeys(NioEventLoop.java:496)
	at org.apache.ratis.thirdparty.io.netty.channel.nio.NioEventLoop.run(NioEventLoop.java:458)
	at org.apache.ratis.thirdparty.io.netty.util.concurrent.SingleThreadEventExecutor$5.run(SingleThreadEventExecutor.java:897)
	at org.apache.ratis.thirdparty.io.netty.util.concurrent.FastThreadLocalRunnable.run(FastThreadLocalRunnable.java:30)
	... 1 more
Caused by: java.net.ConnectException: Connection refused
	... 11 more
2019-10-19 01:26:42,765 [grpc-default-executor-4] INFO  impl.RaftServerImpl (RaftServerImpl.java:setRole(184)) - 774c78e1-8dd4-453d-975e-442189a07fe2@group-31C3DC938042: changes role from  FOLLOWER to FOLLOWER at term 128 for recognizeCandidate:8bce6a00-3bba-419d-83ac-b35141b6b559
2019-10-19 01:26:42,765 [grpc-default-executor-4] INFO  impl.RoleInfo (RoleInfo.java:shutdownFollowerState(121)) - 774c78e1-8dd4-453d-975e-442189a07fe2: shutdown FollowerState
2019-10-19 01:26:42,765 [grpc-default-executor-4] INFO  impl.RoleInfo (RoleInfo.java:updateAndGet(143)) - 774c78e1-8dd4-453d-975e-442189a07fe2: start FollowerState
2019-10-19 01:26:42,765 [Thread-1435] INFO  impl.FollowerState (FollowerState.java:run(117)) - 774c78e1-8dd4-453d-975e-442189a07fe2@group-31C3DC938042-FollowerState was interrupted: java.lang.InterruptedException: sleep interrupted
2019-10-19 01:26:42,776 [8bce6a00-3bba-419d-83ac-b35141b6b559@group-31C3DC938042-LeaderElection142] INFO  impl.LeaderElection (LeaderElection.java:logAndReturn(56)) - 8bce6a00-3bba-419d-83ac-b35141b6b559@group-31C3DC938042-LeaderElection142: Election REJECTED; received 1 response(s) [8bce6a00-3bba-419d-83ac-b35141b6b559<-774c78e1-8dd4-453d-975e-442189a07fe2#0:FAIL-t128] and 1 exception(s); 8bce6a00-3bba-419d-83ac-b35141b6b559@group-31C3DC938042:t128, leader=null, voted=8bce6a00-3bba-419d-83ac-b35141b6b559, raftlog=8bce6a00-3bba-419d-83ac-b35141b6b559@group-31C3DC938042-SegmentedRaftLog:OPENED:c-1,f-1,i0, conf=-1: [774c78e1-8dd4-453d-975e-442189a07fe2:192.168.157.242:38712, 7247ad7d-2ca2-4af8-9337-77c07ea89cb3:192.168.157.242:42362, 8bce6a00-3bba-419d-83ac-b35141b6b559:192.168.157.242:37801], old=null
2019-10-19 01:26:42,776 [8bce6a00-3bba-419d-83ac-b35141b6b559@group-31C3DC938042-LeaderElection142] INFO  impl.LeaderElection (LogUtils.java:infoOrTrace(149)) -   Exception 0: {}
java.util.concurrent.ExecutionException: org.apache.ratis.thirdparty.io.grpc.StatusRuntimeException: UNAVAILABLE: io exception
	at java.util.concurrent.FutureTask.report(FutureTask.java:122)
	at java.util.concurrent.FutureTask.get(FutureTask.java:192)
	at org.apache.ratis.server.impl.LeaderElection.waitForResults(LeaderElection.java:259)
	at org.apache.ratis.server.impl.LeaderElection.askForVotes(LeaderElection.java:197)
	at org.apache.ratis.server.impl.LeaderElection.run(LeaderElection.java:133)
	at java.lang.Thread.run(Thread.java:748)
Caused by: org.apache.ratis.thirdparty.io.grpc.StatusRuntimeException: UNAVAILABLE: io exception
	at org.apache.ratis.thirdparty.io.grpc.stub.ClientCalls.toStatusRuntimeException(ClientCalls.java:233)
	at org.apache.ratis.thirdparty.io.grpc.stub.ClientCalls.getUnchecked(ClientCalls.java:214)
	at org.apache.ratis.thirdparty.io.grpc.stub.ClientCalls.blockingUnaryCall(ClientCalls.java:139)
	at org.apache.ratis.proto.grpc.RaftServerProtocolServiceGrpc$RaftServerProtocolServiceBlockingStub.requestVote(RaftServerProtocolServiceGrpc.java:265)
	at org.apache.ratis.grpc.server.GrpcServerProtocolClient.requestVote(GrpcServerProtocolClient.java:99)
	at org.apache.ratis.grpc.server.GrpcService.requestVote(GrpcService.java:204)
	at org.apache.ratis.server.impl.LeaderElection.lambda$submitRequests$1(LeaderElection.java:234)
	at java.util.concurrent.FutureTask.run(FutureTask.java:266)
	at java.util.concurrent.Executors$RunnableAdapter.call(Executors.java:511)
	at java.util.concurrent.FutureTask.run(FutureTask.java:266)
	at java.util.concurrent.ThreadPoolExecutor.runWorker(ThreadPoolExecutor.java:1149)
	at java.util.concurrent.ThreadPoolExecutor$Worker.run(ThreadPoolExecutor.java:624)
	... 1 more
Caused by: org.apache.ratis.thirdparty.io.netty.channel.AbstractChannel$AnnotatedConnectException: Connection refused: /192.168.157.242:42362
	at sun.nio.ch.SocketChannelImpl.checkConnect(Native Method)
	at sun.nio.ch.SocketChannelImpl.finishConnect(SocketChannelImpl.java:717)
	at org.apache.ratis.thirdparty.io.netty.channel.socket.nio.NioSocketChannel.doFinishConnect(NioSocketChannel.java:327)
	at org.apache.ratis.thirdparty.io.netty.channel.nio.AbstractNioChannel$AbstractNioUnsafe.finishConnect(AbstractNioChannel.java:340)
	at org.apache.ratis.thirdparty.io.netty.channel.nio.NioEventLoop.processSelectedKey(NioEventLoop.java:632)
	at org.apache.ratis.thirdparty.io.netty.channel.nio.NioEventLoop.processSelectedKeysOptimized(NioEventLoop.java:579)
	at org.apache.ratis.thirdparty.io.netty.channel.nio.NioEventLoop.processSelectedKeys(NioEventLoop.java:496)
	at org.apache.ratis.thirdparty.io.netty.channel.nio.NioEventLoop.run(NioEventLoop.java:458)
	at org.apache.ratis.thirdparty.io.netty.util.concurrent.SingleThreadEventExecutor$5.run(SingleThreadEventExecutor.java:897)
	at org.apache.ratis.thirdparty.io.netty.util.concurrent.FastThreadLocalRunnable.run(FastThreadLocalRunnable.java:30)
	... 1 more
Caused by: java.net.ConnectException: Connection refused
	... 11 more
2019-10-19 01:26:42,776 [8bce6a00-3bba-419d-83ac-b35141b6b559@group-31C3DC938042-LeaderElection142] INFO  impl.RaftServerImpl (RaftServerImpl.java:setRole(184)) - 8bce6a00-3bba-419d-83ac-b35141b6b559@group-31C3DC938042: changes role from CANDIDATE to FOLLOWER at term 128 for DISCOVERED_A_NEW_TERM
2019-10-19 01:26:42,777 [8bce6a00-3bba-419d-83ac-b35141b6b559@group-31C3DC938042-LeaderElection142] INFO  impl.RoleInfo (RoleInfo.java:shutdownLeaderElection(134)) - 8bce6a00-3bba-419d-83ac-b35141b6b559: shutdown LeaderElection
2019-10-19 01:26:42,777 [8bce6a00-3bba-419d-83ac-b35141b6b559@group-31C3DC938042-LeaderElection142] INFO  impl.RoleInfo (RoleInfo.java:updateAndGet(143)) - 8bce6a00-3bba-419d-83ac-b35141b6b559: start FollowerState
2019-10-19 01:26:42,866 [Thread-1441] INFO  impl.FollowerState (FollowerState.java:run(108)) - 8bce6a00-3bba-419d-83ac-b35141b6b559@group-31C3DC938042-FollowerState: change to CANDIDATE, lastRpcTime:89ms, electionTimeout:89ms
2019-10-19 01:26:42,866 [Thread-1441] INFO  impl.RoleInfo (RoleInfo.java:shutdownFollowerState(121)) - 8bce6a00-3bba-419d-83ac-b35141b6b559: shutdown FollowerState
2019-10-19 01:26:42,866 [Thread-1441] INFO  impl.RaftServerImpl (RaftServerImpl.java:setRole(184)) - 8bce6a00-3bba-419d-83ac-b35141b6b559@group-31C3DC938042: changes role from  FOLLOWER to CANDIDATE at term 128 for changeToCandidate
2019-10-19 01:26:42,866 [Thread-1441] INFO  impl.RoleInfo (RoleInfo.java:updateAndGet(143)) - 8bce6a00-3bba-419d-83ac-b35141b6b559: start LeaderElection
2019-10-19 01:26:42,887 [8bce6a00-3bba-419d-83ac-b35141b6b559@group-31C3DC938042-LeaderElection143] INFO  impl.LeaderElection (LeaderElection.java:askForVotes(178)) - 8bce6a00-3bba-419d-83ac-b35141b6b559@group-31C3DC938042-LeaderElection143: begin an election at term 129 for -1: [774c78e1-8dd4-453d-975e-442189a07fe2:192.168.157.242:38712, 7247ad7d-2ca2-4af8-9337-77c07ea89cb3:192.168.157.242:42362, 8bce6a00-3bba-419d-83ac-b35141b6b559:192.168.157.242:37801], old=null
2019-10-19 01:26:42,887 [8bce6a00-3bba-419d-83ac-b35141b6b559@group-31C3DC938042-LeaderElection143] INFO  impl.LeaderElection (LogUtils.java:infoOrTrace(149)) - 8bce6a00-3bba-419d-83ac-b35141b6b559@group-31C3DC938042-LeaderElection143 got exception when requesting votes: {}
java.util.concurrent.ExecutionException: org.apache.ratis.thirdparty.io.grpc.StatusRuntimeException: UNAVAILABLE: io exception
	at java.util.concurrent.FutureTask.report(FutureTask.java:122)
	at java.util.concurrent.FutureTask.get(FutureTask.java:192)
	at org.apache.ratis.server.impl.LeaderElection.waitForResults(LeaderElection.java:259)
	at org.apache.ratis.server.impl.LeaderElection.askForVotes(LeaderElection.java:197)
	at org.apache.ratis.server.impl.LeaderElection.run(LeaderElection.java:133)
	at java.lang.Thread.run(Thread.java:748)
Caused by: org.apache.ratis.thirdparty.io.grpc.StatusRuntimeException: UNAVAILABLE: io exception
	at org.apache.ratis.thirdparty.io.grpc.stub.ClientCalls.toStatusRuntimeException(ClientCalls.java:233)
	at org.apache.ratis.thirdparty.io.grpc.stub.ClientCalls.getUnchecked(ClientCalls.java:214)
	at org.apache.ratis.thirdparty.io.grpc.stub.ClientCalls.blockingUnaryCall(ClientCalls.java:139)
	at org.apache.ratis.proto.grpc.RaftServerProtocolServiceGrpc$RaftServerProtocolServiceBlockingStub.requestVote(RaftServerProtocolServiceGrpc.java:265)
	at org.apache.ratis.grpc.server.GrpcServerProtocolClient.requestVote(GrpcServerProtocolClient.java:99)
	at org.apache.ratis.grpc.server.GrpcService.requestVote(GrpcService.java:204)
	at org.apache.ratis.server.impl.LeaderElection.lambda$submitRequests$1(LeaderElection.java:234)
	at java.util.concurrent.FutureTask.run(FutureTask.java:266)
	at java.util.concurrent.Executors$RunnableAdapter.call(Executors.java:511)
	at java.util.concurrent.FutureTask.run(FutureTask.java:266)
	at java.util.concurrent.ThreadPoolExecutor.runWorker(ThreadPoolExecutor.java:1149)
	at java.util.concurrent.ThreadPoolExecutor$Worker.run(ThreadPoolExecutor.java:624)
	... 1 more
Caused by: org.apache.ratis.thirdparty.io.netty.channel.AbstractChannel$AnnotatedConnectException: Connection refused: /192.168.157.242:42362
	at sun.nio.ch.SocketChannelImpl.checkConnect(Native Method)
	at sun.nio.ch.SocketChannelImpl.finishConnect(SocketChannelImpl.java:717)
	at org.apache.ratis.thirdparty.io.netty.channel.socket.nio.NioSocketChannel.doFinishConnect(NioSocketChannel.java:327)
	at org.apache.ratis.thirdparty.io.netty.channel.nio.AbstractNioChannel$AbstractNioUnsafe.finishConnect(AbstractNioChannel.java:340)
	at org.apache.ratis.thirdparty.io.netty.channel.nio.NioEventLoop.processSelectedKey(NioEventLoop.java:632)
	at org.apache.ratis.thirdparty.io.netty.channel.nio.NioEventLoop.processSelectedKeysOptimized(NioEventLoop.java:579)
	at org.apache.ratis.thirdparty.io.netty.channel.nio.NioEventLoop.processSelectedKeys(NioEventLoop.java:496)
	at org.apache.ratis.thirdparty.io.netty.channel.nio.NioEventLoop.run(NioEventLoop.java:458)
	at org.apache.ratis.thirdparty.io.netty.util.concurrent.SingleThreadEventExecutor$5.run(SingleThreadEventExecutor.java:897)
	at org.apache.ratis.thirdparty.io.netty.util.concurrent.FastThreadLocalRunnable.run(FastThreadLocalRunnable.java:30)
	... 1 more
Caused by: java.net.ConnectException: Connection refused
	... 11 more
2019-10-19 01:26:42,890 [grpc-default-executor-4] INFO  impl.RaftServerImpl (RaftServerImpl.java:setRole(184)) - 774c78e1-8dd4-453d-975e-442189a07fe2@group-31C3DC938042: changes role from  FOLLOWER to FOLLOWER at term 129 for recognizeCandidate:8bce6a00-3bba-419d-83ac-b35141b6b559
2019-10-19 01:26:42,890 [grpc-default-executor-4] INFO  impl.RoleInfo (RoleInfo.java:shutdownFollowerState(121)) - 774c78e1-8dd4-453d-975e-442189a07fe2: shutdown FollowerState
2019-10-19 01:26:42,890 [grpc-default-executor-4] INFO  impl.RoleInfo (RoleInfo.java:updateAndGet(143)) - 774c78e1-8dd4-453d-975e-442189a07fe2: start FollowerState
2019-10-19 01:26:42,890 [Thread-1440] INFO  impl.FollowerState (FollowerState.java:run(117)) - 774c78e1-8dd4-453d-975e-442189a07fe2@group-31C3DC938042-FollowerState was interrupted: java.lang.InterruptedException: sleep interrupted
2019-10-19 01:26:42,922 [8bce6a00-3bba-419d-83ac-b35141b6b559@group-31C3DC938042-LeaderElection143] INFO  impl.LeaderElection (LeaderElection.java:logAndReturn(56)) - 8bce6a00-3bba-419d-83ac-b35141b6b559@group-31C3DC938042-LeaderElection143: Election REJECTED; received 1 response(s) [8bce6a00-3bba-419d-83ac-b35141b6b559<-774c78e1-8dd4-453d-975e-442189a07fe2#0:FAIL-t129] and 1 exception(s); 8bce6a00-3bba-419d-83ac-b35141b6b559@group-31C3DC938042:t129, leader=null, voted=8bce6a00-3bba-419d-83ac-b35141b6b559, raftlog=8bce6a00-3bba-419d-83ac-b35141b6b559@group-31C3DC938042-SegmentedRaftLog:OPENED:c-1,f-1,i0, conf=-1: [774c78e1-8dd4-453d-975e-442189a07fe2:192.168.157.242:38712, 7247ad7d-2ca2-4af8-9337-77c07ea89cb3:192.168.157.242:42362, 8bce6a00-3bba-419d-83ac-b35141b6b559:192.168.157.242:37801], old=null
2019-10-19 01:26:42,922 [8bce6a00-3bba-419d-83ac-b35141b6b559@group-31C3DC938042-LeaderElection143] INFO  impl.LeaderElection (LogUtils.java:infoOrTrace(149)) -   Exception 0: {}
java.util.concurrent.ExecutionException: org.apache.ratis.thirdparty.io.grpc.StatusRuntimeException: UNAVAILABLE: io exception
	at java.util.concurrent.FutureTask.report(FutureTask.java:122)
	at java.util.concurrent.FutureTask.get(FutureTask.java:192)
	at org.apache.ratis.server.impl.LeaderElection.waitForResults(LeaderElection.java:259)
	at org.apache.ratis.server.impl.LeaderElection.askForVotes(LeaderElection.java:197)
	at org.apache.ratis.server.impl.LeaderElection.run(LeaderElection.java:133)
	at java.lang.Thread.run(Thread.java:748)
Caused by: org.apache.ratis.thirdparty.io.grpc.StatusRuntimeException: UNAVAILABLE: io exception
	at org.apache.ratis.thirdparty.io.grpc.stub.ClientCalls.toStatusRuntimeException(ClientCalls.java:233)
	at org.apache.ratis.thirdparty.io.grpc.stub.ClientCalls.getUnchecked(ClientCalls.java:214)
	at org.apache.ratis.thirdparty.io.grpc.stub.ClientCalls.blockingUnaryCall(ClientCalls.java:139)
	at org.apache.ratis.proto.grpc.RaftServerProtocolServiceGrpc$RaftServerProtocolServiceBlockingStub.requestVote(RaftServerProtocolServiceGrpc.java:265)
	at org.apache.ratis.grpc.server.GrpcServerProtocolClient.requestVote(GrpcServerProtocolClient.java:99)
	at org.apache.ratis.grpc.server.GrpcService.requestVote(GrpcService.java:204)
	at org.apache.ratis.server.impl.LeaderElection.lambda$submitRequests$1(LeaderElection.java:234)
	at java.util.concurrent.FutureTask.run(FutureTask.java:266)
	at java.util.concurrent.Executors$RunnableAdapter.call(Executors.java:511)
	at java.util.concurrent.FutureTask.run(FutureTask.java:266)
	at java.util.concurrent.ThreadPoolExecutor.runWorker(ThreadPoolExecutor.java:1149)
	at java.util.concurrent.ThreadPoolExecutor$Worker.run(ThreadPoolExecutor.java:624)
	... 1 more
Caused by: org.apache.ratis.thirdparty.io.netty.channel.AbstractChannel$AnnotatedConnectException: Connection refused: /192.168.157.242:42362
	at sun.nio.ch.SocketChannelImpl.checkConnect(Native Method)
	at sun.nio.ch.SocketChannelImpl.finishConnect(SocketChannelImpl.java:717)
	at org.apache.ratis.thirdparty.io.netty.channel.socket.nio.NioSocketChannel.doFinishConnect(NioSocketChannel.java:327)
	at org.apache.ratis.thirdparty.io.netty.channel.nio.AbstractNioChannel$AbstractNioUnsafe.finishConnect(AbstractNioChannel.java:340)
	at org.apache.ratis.thirdparty.io.netty.channel.nio.NioEventLoop.processSelectedKey(NioEventLoop.java:632)
	at org.apache.ratis.thirdparty.io.netty.channel.nio.NioEventLoop.processSelectedKeysOptimized(NioEventLoop.java:579)
	at org.apache.ratis.thirdparty.io.netty.channel.nio.NioEventLoop.processSelectedKeys(NioEventLoop.java:496)
	at org.apache.ratis.thirdparty.io.netty.channel.nio.NioEventLoop.run(NioEventLoop.java:458)
	at org.apache.ratis.thirdparty.io.netty.util.concurrent.SingleThreadEventExecutor$5.run(SingleThreadEventExecutor.java:897)
	at org.apache.ratis.thirdparty.io.netty.util.concurrent.FastThreadLocalRunnable.run(FastThreadLocalRunnable.java:30)
	... 1 more
Caused by: java.net.ConnectException: Connection refused
	... 11 more
2019-10-19 01:26:42,922 [8bce6a00-3bba-419d-83ac-b35141b6b559@group-31C3DC938042-LeaderElection143] INFO  impl.RaftServerImpl (RaftServerImpl.java:setRole(184)) - 8bce6a00-3bba-419d-83ac-b35141b6b559@group-31C3DC938042: changes role from CANDIDATE to FOLLOWER at term 129 for DISCOVERED_A_NEW_TERM
2019-10-19 01:26:42,923 [8bce6a00-3bba-419d-83ac-b35141b6b559@group-31C3DC938042-LeaderElection143] INFO  impl.RoleInfo (RoleInfo.java:shutdownLeaderElection(134)) - 8bce6a00-3bba-419d-83ac-b35141b6b559: shutdown LeaderElection
2019-10-19 01:26:42,923 [8bce6a00-3bba-419d-83ac-b35141b6b559@group-31C3DC938042-LeaderElection143] INFO  impl.RoleInfo (RoleInfo.java:updateAndGet(143)) - 8bce6a00-3bba-419d-83ac-b35141b6b559: start FollowerState
2019-10-19 01:26:42,944 [Thread-483] INFO  impl.FollowerState (FollowerState.java:run(108)) - 964c97d4-fbb7-48cf-b727-382e7669b5e9@group-F842E1832D96-FollowerState: change to CANDIDATE, lastRpcTime:1524ms, electionTimeout:1115ms
2019-10-19 01:26:42,944 [Thread-483] INFO  impl.RoleInfo (RoleInfo.java:shutdownFollowerState(121)) - 964c97d4-fbb7-48cf-b727-382e7669b5e9: shutdown FollowerState
2019-10-19 01:26:42,944 [Thread-483] INFO  impl.RaftServerImpl (RaftServerImpl.java:setRole(184)) - 964c97d4-fbb7-48cf-b727-382e7669b5e9@group-F842E1832D96: changes role from  FOLLOWER to CANDIDATE at term 6 for changeToCandidate
2019-10-19 01:26:42,944 [Thread-483] INFO  impl.RoleInfo (RoleInfo.java:updateAndGet(143)) - 964c97d4-fbb7-48cf-b727-382e7669b5e9: start LeaderElection
2019-10-19 01:26:42,944 [964c97d4-fbb7-48cf-b727-382e7669b5e9@group-F842E1832D96-LeaderElection144] INFO  impl.RaftServerImpl (ServerState.java:setLeader(256)) - 964c97d4-fbb7-48cf-b727-382e7669b5e9@group-F842E1832D96: change Leader from 236187ad-c3a6-4195-8acc-6254fb470a95 to null at term 6 for initElection
2019-10-19 01:26:42,963 [964c97d4-fbb7-48cf-b727-382e7669b5e9@group-F842E1832D96-LeaderElection144] INFO  impl.LeaderElection (LeaderElection.java:askForVotes(178)) - 964c97d4-fbb7-48cf-b727-382e7669b5e9@group-F842E1832D96-LeaderElection144: begin an election at term 7 for 0: [236187ad-c3a6-4195-8acc-6254fb470a95:192.168.157.242:36973, 964c97d4-fbb7-48cf-b727-382e7669b5e9:192.168.157.242:42114, abe27936-fa37-414d-b2e1-4e10a1c095a6:192.168.157.242:42932], old=null
2019-10-19 01:26:42,964 [grpc-default-executor-0] INFO  impl.RaftServerImpl (ServerState.java:setLeader(256)) - abe27936-fa37-414d-b2e1-4e10a1c095a6@group-F842E1832D96: change Leader from 236187ad-c3a6-4195-8acc-6254fb470a95 to null at term 7 for updateCurrentTerm
2019-10-19 01:26:42,964 [964c97d4-fbb7-48cf-b727-382e7669b5e9@group-F842E1832D96-LeaderElection144] INFO  impl.LeaderElection (LogUtils.java:infoOrTrace(149)) - 964c97d4-fbb7-48cf-b727-382e7669b5e9@group-F842E1832D96-LeaderElection144 got exception when requesting votes: {}
java.util.concurrent.ExecutionException: org.apache.ratis.thirdparty.io.grpc.StatusRuntimeException: UNAVAILABLE: io exception
	at java.util.concurrent.FutureTask.report(FutureTask.java:122)
	at java.util.concurrent.FutureTask.get(FutureTask.java:192)
	at org.apache.ratis.server.impl.LeaderElection.waitForResults(LeaderElection.java:259)
	at org.apache.ratis.server.impl.LeaderElection.askForVotes(LeaderElection.java:197)
	at org.apache.ratis.server.impl.LeaderElection.run(LeaderElection.java:133)
	at java.lang.Thread.run(Thread.java:748)
Caused by: org.apache.ratis.thirdparty.io.grpc.StatusRuntimeException: UNAVAILABLE: io exception
	at org.apache.ratis.thirdparty.io.grpc.stub.ClientCalls.toStatusRuntimeException(ClientCalls.java:233)
	at org.apache.ratis.thirdparty.io.grpc.stub.ClientCalls.getUnchecked(ClientCalls.java:214)
	at org.apache.ratis.thirdparty.io.grpc.stub.ClientCalls.blockingUnaryCall(ClientCalls.java:139)
	at org.apache.ratis.proto.grpc.RaftServerProtocolServiceGrpc$RaftServerProtocolServiceBlockingStub.requestVote(RaftServerProtocolServiceGrpc.java:265)
	at org.apache.ratis.grpc.server.GrpcServerProtocolClient.requestVote(GrpcServerProtocolClient.java:99)
	at org.apache.ratis.grpc.server.GrpcService.requestVote(GrpcService.java:204)
	at org.apache.ratis.server.impl.LeaderElection.lambda$submitRequests$1(LeaderElection.java:234)
	at java.util.concurrent.FutureTask.run(FutureTask.java:266)
	at java.util.concurrent.Executors$RunnableAdapter.call(Executors.java:511)
	at java.util.concurrent.FutureTask.run(FutureTask.java:266)
	at java.util.concurrent.ThreadPoolExecutor.runWorker(ThreadPoolExecutor.java:1149)
	at java.util.concurrent.ThreadPoolExecutor$Worker.run(ThreadPoolExecutor.java:624)
	... 1 more
Caused by: org.apache.ratis.thirdparty.io.netty.channel.AbstractChannel$AnnotatedConnectException: Connection refused: /192.168.157.242:36973
	at sun.nio.ch.SocketChannelImpl.checkConnect(Native Method)
	at sun.nio.ch.SocketChannelImpl.finishConnect(SocketChannelImpl.java:717)
	at org.apache.ratis.thirdparty.io.netty.channel.socket.nio.NioSocketChannel.doFinishConnect(NioSocketChannel.java:327)
	at org.apache.ratis.thirdparty.io.netty.channel.nio.AbstractNioChannel$AbstractNioUnsafe.finishConnect(AbstractNioChannel.java:340)
	at org.apache.ratis.thirdparty.io.netty.channel.nio.NioEventLoop.processSelectedKey(NioEventLoop.java:632)
	at org.apache.ratis.thirdparty.io.netty.channel.nio.NioEventLoop.processSelectedKeysOptimized(NioEventLoop.java:579)
	at org.apache.ratis.thirdparty.io.netty.channel.nio.NioEventLoop.processSelectedKeys(NioEventLoop.java:496)
	at org.apache.ratis.thirdparty.io.netty.channel.nio.NioEventLoop.run(NioEventLoop.java:458)
	at org.apache.ratis.thirdparty.io.netty.util.concurrent.SingleThreadEventExecutor$5.run(SingleThreadEventExecutor.java:897)
	at org.apache.ratis.thirdparty.io.netty.util.concurrent.FastThreadLocalRunnable.run(FastThreadLocalRunnable.java:30)
	... 1 more
Caused by: java.net.ConnectException: Connection refused
	... 11 more
2019-10-19 01:26:42,964 [grpc-default-executor-0] INFO  impl.RaftServerImpl (RaftServerImpl.java:setRole(184)) - abe27936-fa37-414d-b2e1-4e10a1c095a6@group-F842E1832D96: changes role from  FOLLOWER to FOLLOWER at term 7 for recognizeCandidate:964c97d4-fbb7-48cf-b727-382e7669b5e9
2019-10-19 01:26:42,967 [grpc-default-executor-0] INFO  impl.RoleInfo (RoleInfo.java:shutdownFollowerState(121)) - abe27936-fa37-414d-b2e1-4e10a1c095a6: shutdown FollowerState
2019-10-19 01:26:42,967 [grpc-default-executor-0] INFO  impl.RoleInfo (RoleInfo.java:updateAndGet(143)) - abe27936-fa37-414d-b2e1-4e10a1c095a6: start FollowerState
2019-10-19 01:26:42,967 [Thread-484] INFO  impl.FollowerState (FollowerState.java:run(117)) - abe27936-fa37-414d-b2e1-4e10a1c095a6@group-F842E1832D96-FollowerState was interrupted: java.lang.InterruptedException: sleep interrupted
2019-10-19 01:26:42,976 [964c97d4-fbb7-48cf-b727-382e7669b5e9@group-F842E1832D96-LeaderElection144] INFO  impl.LeaderElection (LeaderElection.java:logAndReturn(56)) - 964c97d4-fbb7-48cf-b727-382e7669b5e9@group-F842E1832D96-LeaderElection144: Election PASSED; received 1 response(s) [964c97d4-fbb7-48cf-b727-382e7669b5e9<-abe27936-fa37-414d-b2e1-4e10a1c095a6#0:OK-t7] and 1 exception(s); 964c97d4-fbb7-48cf-b727-382e7669b5e9@group-F842E1832D96:t7, leader=null, voted=964c97d4-fbb7-48cf-b727-382e7669b5e9, raftlog=964c97d4-fbb7-48cf-b727-382e7669b5e9@group-F842E1832D96-SegmentedRaftLog:OPENED:c16,f16,i16, conf=0: [236187ad-c3a6-4195-8acc-6254fb470a95:192.168.157.242:36973, 964c97d4-fbb7-48cf-b727-382e7669b5e9:192.168.157.242:42114, abe27936-fa37-414d-b2e1-4e10a1c095a6:192.168.157.242:42932], old=null
2019-10-19 01:26:42,976 [964c97d4-fbb7-48cf-b727-382e7669b5e9@group-F842E1832D96-LeaderElection144] INFO  impl.LeaderElection (LogUtils.java:infoOrTrace(149)) -   Exception 0: {}
java.util.concurrent.ExecutionException: org.apache.ratis.thirdparty.io.grpc.StatusRuntimeException: UNAVAILABLE: io exception
	at java.util.concurrent.FutureTask.report(FutureTask.java:122)
	at java.util.concurrent.FutureTask.get(FutureTask.java:192)
	at org.apache.ratis.server.impl.LeaderElection.waitForResults(LeaderElection.java:259)
	at org.apache.ratis.server.impl.LeaderElection.askForVotes(LeaderElection.java:197)
	at org.apache.ratis.server.impl.LeaderElection.run(LeaderElection.java:133)
	at java.lang.Thread.run(Thread.java:748)
Caused by: org.apache.ratis.thirdparty.io.grpc.StatusRuntimeException: UNAVAILABLE: io exception
	at org.apache.ratis.thirdparty.io.grpc.stub.ClientCalls.toStatusRuntimeException(ClientCalls.java:233)
	at org.apache.ratis.thirdparty.io.grpc.stub.ClientCalls.getUnchecked(ClientCalls.java:214)
	at org.apache.ratis.thirdparty.io.grpc.stub.ClientCalls.blockingUnaryCall(ClientCalls.java:139)
	at org.apache.ratis.proto.grpc.RaftServerProtocolServiceGrpc$RaftServerProtocolServiceBlockingStub.requestVote(RaftServerProtocolServiceGrpc.java:265)
	at org.apache.ratis.grpc.server.GrpcServerProtocolClient.requestVote(GrpcServerProtocolClient.java:99)
	at org.apache.ratis.grpc.server.GrpcService.requestVote(GrpcService.java:204)
	at org.apache.ratis.server.impl.LeaderElection.lambda$submitRequests$1(LeaderElection.java:234)
	at java.util.concurrent.FutureTask.run(FutureTask.java:266)
	at java.util.concurrent.Executors$RunnableAdapter.call(Executors.java:511)
	at java.util.concurrent.FutureTask.run(FutureTask.java:266)
	at java.util.concurrent.ThreadPoolExecutor.runWorker(ThreadPoolExecutor.java:1149)
	at java.util.concurrent.ThreadPoolExecutor$Worker.run(ThreadPoolExecutor.java:624)
	... 1 more
Caused by: org.apache.ratis.thirdparty.io.netty.channel.AbstractChannel$AnnotatedConnectException: Connection refused: /192.168.157.242:36973
	at sun.nio.ch.SocketChannelImpl.checkConnect(Native Method)
	at sun.nio.ch.SocketChannelImpl.finishConnect(SocketChannelImpl.java:717)
	at org.apache.ratis.thirdparty.io.netty.channel.socket.nio.NioSocketChannel.doFinishConnect(NioSocketChannel.java:327)
	at org.apache.ratis.thirdparty.io.netty.channel.nio.AbstractNioChannel$AbstractNioUnsafe.finishConnect(AbstractNioChannel.java:340)
	at org.apache.ratis.thirdparty.io.netty.channel.nio.NioEventLoop.processSelectedKey(NioEventLoop.java:632)
	at org.apache.ratis.thirdparty.io.netty.channel.nio.NioEventLoop.processSelectedKeysOptimized(NioEventLoop.java:579)
	at org.apache.ratis.thirdparty.io.netty.channel.nio.NioEventLoop.processSelectedKeys(NioEventLoop.java:496)
	at org.apache.ratis.thirdparty.io.netty.channel.nio.NioEventLoop.run(NioEventLoop.java:458)
	at org.apache.ratis.thirdparty.io.netty.util.concurrent.SingleThreadEventExecutor$5.run(SingleThreadEventExecutor.java:897)
	at org.apache.ratis.thirdparty.io.netty.util.concurrent.FastThreadLocalRunnable.run(FastThreadLocalRunnable.java:30)
	... 1 more
Caused by: java.net.ConnectException: Connection refused
	... 11 more
2019-10-19 01:26:42,976 [964c97d4-fbb7-48cf-b727-382e7669b5e9@group-F842E1832D96-LeaderElection144] INFO  impl.RoleInfo (RoleInfo.java:shutdownLeaderElection(134)) - 964c97d4-fbb7-48cf-b727-382e7669b5e9: shutdown LeaderElection
2019-10-19 01:26:42,977 [964c97d4-fbb7-48cf-b727-382e7669b5e9@group-F842E1832D96-LeaderElection144] INFO  impl.RaftServerImpl (RaftServerImpl.java:setRole(184)) - 964c97d4-fbb7-48cf-b727-382e7669b5e9@group-F842E1832D96: changes role from CANDIDATE to LEADER at term 7 for changeToLeader
2019-10-19 01:26:42,977 [964c97d4-fbb7-48cf-b727-382e7669b5e9@group-F842E1832D96-LeaderElection144] INFO  impl.RaftServerImpl (ServerState.java:setLeader(256)) - 964c97d4-fbb7-48cf-b727-382e7669b5e9@group-F842E1832D96: change Leader from null to 964c97d4-fbb7-48cf-b727-382e7669b5e9 at term 7 for becomeLeader, leader elected after 32ms
2019-10-19 01:26:42,977 [964c97d4-fbb7-48cf-b727-382e7669b5e9@group-F842E1832D96-LeaderElection144] INFO  server.RaftServerConfigKeys (ConfUtils.java:logGet(43)) - raft.server.staging.catchup.gap = 1000 (default)
2019-10-19 01:26:42,977 [964c97d4-fbb7-48cf-b727-382e7669b5e9@group-F842E1832D96-LeaderElection144] INFO  server.RaftServerConfigKeys (ConfUtils.java:logGet(43)) - raft.server.rpc.sleep.time = 25ms (default)
2019-10-19 01:26:42,977 [964c97d4-fbb7-48cf-b727-382e7669b5e9@group-F842E1832D96-LeaderElection144] INFO  server.RaftServerConfigKeys (ConfUtils.java:logGet(43)) - raft.server.write.element-limit = 4096 (default)
2019-10-19 01:26:42,977 [964c97d4-fbb7-48cf-b727-382e7669b5e9@group-F842E1832D96-LeaderElection144] INFO  server.RaftServerConfigKeys (ConfUtils.java:logGet(43)) - raft.server.watch.timeout = 10s (default)
2019-10-19 01:26:42,977 [964c97d4-fbb7-48cf-b727-382e7669b5e9@group-F842E1832D96-LeaderElection144] INFO  server.RaftServerConfigKeys (ConfUtils.java:logGet(43)) - raft.server.watch.timeout.denomination = 1s (default)
2019-10-19 01:26:42,977 [964c97d4-fbb7-48cf-b727-382e7669b5e9@group-F842E1832D96-LeaderElection144] INFO  server.RaftServerConfigKeys (ConfUtils.java:logGet(43)) - raft.server.watch.element-limit = 65536 (default)
2019-10-19 01:26:42,979 [964c97d4-fbb7-48cf-b727-382e7669b5e9@group-F842E1832D96-LeaderElection144] INFO  server.RaftServerConfigKeys (ConfUtils.java:logGet(43)) - raft.server.log.appender.snapshot.chunk.size.max = 16MB (=16777216) (default)
2019-10-19 01:26:42,980 [964c97d4-fbb7-48cf-b727-382e7669b5e9@group-F842E1832D96-LeaderElection144] INFO  server.RaftServerConfigKeys (ConfUtils.java:logGet(43)) - raft.server.log.appender.buffer.byte-limit = 33554432 (custom)
2019-10-19 01:26:42,980 [964c97d4-fbb7-48cf-b727-382e7669b5e9@group-F842E1832D96-LeaderElection144] INFO  server.RaftServerConfigKeys (ConfUtils.java:logGet(43)) - raft.server.log.appender.buffer.element-limit = 1 (custom)
2019-10-19 01:26:42,980 [964c97d4-fbb7-48cf-b727-382e7669b5e9@group-F842E1832D96-LeaderElection144] INFO  grpc.GrpcConfigKeys$Server (ConfUtils.java:logGet(43)) - raft.grpc.server.leader.outstanding.appends.max = 128 (default)
2019-10-19 01:26:42,980 [964c97d4-fbb7-48cf-b727-382e7669b5e9@group-F842E1832D96-LeaderElection144] INFO  server.RaftServerConfigKeys (ConfUtils.java:logGet(43)) - raft.server.rpc.request.timeout = 3000ms (default)
2019-10-19 01:26:42,980 [964c97d4-fbb7-48cf-b727-382e7669b5e9@group-F842E1832D96-LeaderElection144] INFO  server.RaftServerConfigKeys (ConfUtils.java:logGet(43)) - raft.server.log.appender.install.snapshot.enabled = false (custom)
2019-10-19 01:26:42,982 [964c97d4-fbb7-48cf-b727-382e7669b5e9@group-F842E1832D96-LeaderElection144] INFO  server.RaftServerConfigKeys (ConfUtils.java:logGet(43)) - raft.server.log.appender.snapshot.chunk.size.max = 16MB (=16777216) (default)
2019-10-19 01:26:42,982 [964c97d4-fbb7-48cf-b727-382e7669b5e9@group-F842E1832D96-LeaderElection144] INFO  server.RaftServerConfigKeys (ConfUtils.java:logGet(43)) - raft.server.log.appender.buffer.byte-limit = 33554432 (custom)
2019-10-19 01:26:42,982 [964c97d4-fbb7-48cf-b727-382e7669b5e9@group-F842E1832D96-LeaderElection144] INFO  server.RaftServerConfigKeys (ConfUtils.java:logGet(43)) - raft.server.log.appender.buffer.element-limit = 1 (custom)
2019-10-19 01:26:42,982 [964c97d4-fbb7-48cf-b727-382e7669b5e9@group-F842E1832D96-LeaderElection144] INFO  grpc.GrpcConfigKeys$Server (ConfUtils.java:logGet(43)) - raft.grpc.server.leader.outstanding.appends.max = 128 (default)
2019-10-19 01:26:42,982 [964c97d4-fbb7-48cf-b727-382e7669b5e9@group-F842E1832D96-LeaderElection144] INFO  server.RaftServerConfigKeys (ConfUtils.java:logGet(43)) - raft.server.rpc.request.timeout = 3000ms (default)
2019-10-19 01:26:42,982 [964c97d4-fbb7-48cf-b727-382e7669b5e9@group-F842E1832D96-LeaderElection144] INFO  server.RaftServerConfigKeys (ConfUtils.java:logGet(43)) - raft.server.log.appender.install.snapshot.enabled = false (custom)
2019-10-19 01:26:42,984 [964c97d4-fbb7-48cf-b727-382e7669b5e9@group-F842E1832D96-LeaderElection144] INFO  impl.RoleInfo (RoleInfo.java:updateAndGet(143)) - 964c97d4-fbb7-48cf-b727-382e7669b5e9: start LeaderState
2019-10-19 01:26:42,984 [964c97d4-fbb7-48cf-b727-382e7669b5e9@group-F842E1832D96-LeaderElection144] INFO  segmented.SegmentedRaftLogWorker (SegmentedRaftLogWorker.java:rollLogSegment(390)) - 964c97d4-fbb7-48cf-b727-382e7669b5e9@group-F842E1832D96-SegmentedRaftLogWorker: Rolling segment log-0_16 to index:16
2019-10-19 01:26:42,985 [964c97d4-fbb7-48cf-b727-382e7669b5e9@group-F842E1832D96-LeaderElection144] INFO  impl.RaftServerImpl (ServerState.java:setRaftConf(357)) - 964c97d4-fbb7-48cf-b727-382e7669b5e9@group-F842E1832D96: set configuration 17: [236187ad-c3a6-4195-8acc-6254fb470a95:192.168.157.242:36973, 964c97d4-fbb7-48cf-b727-382e7669b5e9:192.168.157.242:42114, abe27936-fa37-414d-b2e1-4e10a1c095a6:192.168.157.242:42932], old=null at 17
2019-10-19 01:26:42,986 [964c97d4-fbb7-48cf-b727-382e7669b5e9@group-F842E1832D96-SegmentedRaftLogWorker] INFO  segmented.SegmentedRaftLogWorker (SegmentedRaftLogWorker.java:execute(533)) - 964c97d4-fbb7-48cf-b727-382e7669b5e9@group-F842E1832D96-SegmentedRaftLogWorker: Rolled log segment from /workdir/hadoop-ozone/integration-test/target/test-dir/MiniOzoneClusterImpl-be769f72-d0ac-4a2c-8dca-159e9fc5eefe/datanode-0/data/ratis/72b83858-5b43-40ac-9506-f842e1832d96/current/log_inprogress_0 to /workdir/hadoop-ozone/integration-test/target/test-dir/MiniOzoneClusterImpl-be769f72-d0ac-4a2c-8dca-159e9fc5eefe/datanode-0/data/ratis/72b83858-5b43-40ac-9506-f842e1832d96/current/log_0-16
2019-10-19 01:26:42,986 [grpc-default-executor-0] WARN  server.GrpcLogAppender (LogUtils.java:warn(134)) - 964c97d4-fbb7-48cf-b727-382e7669b5e9@group-F842E1832D96->236187ad-c3a6-4195-8acc-6254fb470a95-AppendLogResponseHandler: Failed appendEntries: org.apache.ratis.thirdparty.io.grpc.StatusRuntimeException: UNAVAILABLE: io exception
2019-10-19 01:26:42,987 [grpc-default-executor-4] INFO  impl.RaftServerImpl (ServerState.java:setLeader(256)) - abe27936-fa37-414d-b2e1-4e10a1c095a6@group-F842E1832D96: change Leader from null to 964c97d4-fbb7-48cf-b727-382e7669b5e9 at term 7 for appendEntries, leader elected after 22ms
2019-10-19 01:26:43,010 [Thread-1446] INFO  impl.FollowerState (FollowerState.java:run(108)) - 8bce6a00-3bba-419d-83ac-b35141b6b559@group-31C3DC938042-FollowerState: change to CANDIDATE, lastRpcTime:87ms, electionTimeout:85ms
2019-10-19 01:26:43,010 [Thread-1446] INFO  impl.RoleInfo (RoleInfo.java:shutdownFollowerState(121)) - 8bce6a00-3bba-419d-83ac-b35141b6b559: shutdown FollowerState
2019-10-19 01:26:43,011 [Thread-1446] INFO  impl.RaftServerImpl (RaftServerImpl.java:setRole(184)) - 8bce6a00-3bba-419d-83ac-b35141b6b559@group-31C3DC938042: changes role from  FOLLOWER to CANDIDATE at term 129 for changeToCandidate
2019-10-19 01:26:43,011 [Thread-1446] INFO  impl.RoleInfo (RoleInfo.java:updateAndGet(143)) - 8bce6a00-3bba-419d-83ac-b35141b6b559: start LeaderElection
2019-10-19 01:26:43,012 [grpc-default-executor-4] INFO  impl.RaftServerImpl (ServerState.java:setRaftConf(357)) - abe27936-fa37-414d-b2e1-4e10a1c095a6@group-F842E1832D96: set configuration 17: [236187ad-c3a6-4195-8acc-6254fb470a95:192.168.157.242:36973, 964c97d4-fbb7-48cf-b727-382e7669b5e9:192.168.157.242:42114, abe27936-fa37-414d-b2e1-4e10a1c095a6:192.168.157.242:42932], old=null at 17
2019-10-19 01:26:43,012 [grpc-default-executor-4] INFO  segmented.SegmentedRaftLogWorker (SegmentedRaftLogWorker.java:rollLogSegment(390)) - abe27936-fa37-414d-b2e1-4e10a1c095a6@group-F842E1832D96-SegmentedRaftLogWorker: Rolling segment log-0_16 to index:16
2019-10-19 01:26:43,013 [abe27936-fa37-414d-b2e1-4e10a1c095a6@group-F842E1832D96-SegmentedRaftLogWorker] INFO  segmented.SegmentedRaftLogWorker (SegmentedRaftLogWorker.java:execute(533)) - abe27936-fa37-414d-b2e1-4e10a1c095a6@group-F842E1832D96-SegmentedRaftLogWorker: Rolled log segment from /workdir/hadoop-ozone/integration-test/target/test-dir/MiniOzoneClusterImpl-be769f72-d0ac-4a2c-8dca-159e9fc5eefe/datanode-1/data/ratis/72b83858-5b43-40ac-9506-f842e1832d96/current/log_inprogress_0 to /workdir/hadoop-ozone/integration-test/target/test-dir/MiniOzoneClusterImpl-be769f72-d0ac-4a2c-8dca-159e9fc5eefe/datanode-1/data/ratis/72b83858-5b43-40ac-9506-f842e1832d96/current/log_0-16
2019-10-19 01:26:43,016 [964c97d4-fbb7-48cf-b727-382e7669b5e9@group-F842E1832D96-SegmentedRaftLogWorker] INFO  segmented.SegmentedRaftLogWorker (SegmentedRaftLogWorker.java:execute(576)) - 964c97d4-fbb7-48cf-b727-382e7669b5e9@group-F842E1832D96-SegmentedRaftLogWorker: created new log segment /workdir/hadoop-ozone/integration-test/target/test-dir/MiniOzoneClusterImpl-be769f72-d0ac-4a2c-8dca-159e9fc5eefe/datanode-0/data/ratis/72b83858-5b43-40ac-9506-f842e1832d96/current/log_inprogress_17
2019-10-19 01:26:43,016 [8bce6a00-3bba-419d-83ac-b35141b6b559@group-31C3DC938042-LeaderElection145] INFO  impl.LeaderElection (LeaderElection.java:askForVotes(178)) - 8bce6a00-3bba-419d-83ac-b35141b6b559@group-31C3DC938042-LeaderElection145: begin an election at term 130 for -1: [774c78e1-8dd4-453d-975e-442189a07fe2:192.168.157.242:38712, 7247ad7d-2ca2-4af8-9337-77c07ea89cb3:192.168.157.242:42362, 8bce6a00-3bba-419d-83ac-b35141b6b559:192.168.157.242:37801], old=null
2019-10-19 01:26:43,017 [8bce6a00-3bba-419d-83ac-b35141b6b559@group-31C3DC938042-LeaderElection145] INFO  impl.LeaderElection (LogUtils.java:infoOrTrace(149)) - 8bce6a00-3bba-419d-83ac-b35141b6b559@group-31C3DC938042-LeaderElection145 got exception when requesting votes: {}
java.util.concurrent.ExecutionException: org.apache.ratis.thirdparty.io.grpc.StatusRuntimeException: UNAVAILABLE: io exception
	at java.util.concurrent.FutureTask.report(FutureTask.java:122)
	at java.util.concurrent.FutureTask.get(FutureTask.java:192)
	at org.apache.ratis.server.impl.LeaderElection.waitForResults(LeaderElection.java:259)
	at org.apache.ratis.server.impl.LeaderElection.askForVotes(LeaderElection.java:197)
	at org.apache.ratis.server.impl.LeaderElection.run(LeaderElection.java:133)
	at java.lang.Thread.run(Thread.java:748)
Caused by: org.apache.ratis.thirdparty.io.grpc.StatusRuntimeException: UNAVAILABLE: io exception
	at org.apache.ratis.thirdparty.io.grpc.stub.ClientCalls.toStatusRuntimeException(ClientCalls.java:233)
	at org.apache.ratis.thirdparty.io.grpc.stub.ClientCalls.getUnchecked(ClientCalls.java:214)
	at org.apache.ratis.thirdparty.io.grpc.stub.ClientCalls.blockingUnaryCall(ClientCalls.java:139)
	at org.apache.ratis.proto.grpc.RaftServerProtocolServiceGrpc$RaftServerProtocolServiceBlockingStub.requestVote(RaftServerProtocolServiceGrpc.java:265)
	at org.apache.ratis.grpc.server.GrpcServerProtocolClient.requestVote(GrpcServerProtocolClient.java:99)
	at org.apache.ratis.grpc.server.GrpcService.requestVote(GrpcService.java:204)
	at org.apache.ratis.server.impl.LeaderElection.lambda$submitRequests$1(LeaderElection.java:234)
	at java.util.concurrent.FutureTask.run(FutureTask.java:266)
	at java.util.concurrent.Executors$RunnableAdapter.call(Executors.java:511)
	at java.util.concurrent.FutureTask.run(FutureTask.java:266)
	at java.util.concurrent.ThreadPoolExecutor.runWorker(ThreadPoolExecutor.java:1149)
	at java.util.concurrent.ThreadPoolExecutor$Worker.run(ThreadPoolExecutor.java:624)
	... 1 more
Caused by: org.apache.ratis.thirdparty.io.netty.channel.AbstractChannel$AnnotatedConnectException: Connection refused: /192.168.157.242:42362
	at sun.nio.ch.SocketChannelImpl.checkConnect(Native Method)
	at sun.nio.ch.SocketChannelImpl.finishConnect(SocketChannelImpl.java:717)
	at org.apache.ratis.thirdparty.io.netty.channel.socket.nio.NioSocketChannel.doFinishConnect(NioSocketChannel.java:327)
	at org.apache.ratis.thirdparty.io.netty.channel.nio.AbstractNioChannel$AbstractNioUnsafe.finishConnect(AbstractNioChannel.java:340)
	at org.apache.ratis.thirdparty.io.netty.channel.nio.NioEventLoop.processSelectedKey(NioEventLoop.java:632)
	at org.apache.ratis.thirdparty.io.netty.channel.nio.NioEventLoop.processSelectedKeysOptimized(NioEventLoop.java:579)
	at org.apache.ratis.thirdparty.io.netty.channel.nio.NioEventLoop.processSelectedKeys(NioEventLoop.java:496)
	at org.apache.ratis.thirdparty.io.netty.channel.nio.NioEventLoop.run(NioEventLoop.java:458)
	at org.apache.ratis.thirdparty.io.netty.util.concurrent.SingleThreadEventExecutor$5.run(SingleThreadEventExecutor.java:897)
	at org.apache.ratis.thirdparty.io.netty.util.concurrent.FastThreadLocalRunnable.run(FastThreadLocalRunnable.java:30)
	... 1 more
Caused by: java.net.ConnectException: Connection refused
	... 11 more
2019-10-19 01:26:43,044 [grpc-default-executor-0] INFO  impl.RaftServerImpl (RaftServerImpl.java:setRole(184)) - 774c78e1-8dd4-453d-975e-442189a07fe2@group-31C3DC938042: changes role from  FOLLOWER to FOLLOWER at term 130 for recognizeCandidate:8bce6a00-3bba-419d-83ac-b35141b6b559
2019-10-19 01:26:43,044 [grpc-default-executor-0] INFO  impl.RoleInfo (RoleInfo.java:shutdownFollowerState(121)) - 774c78e1-8dd4-453d-975e-442189a07fe2: shutdown FollowerState
2019-10-19 01:26:43,044 [grpc-default-executor-0] INFO  impl.RoleInfo (RoleInfo.java:updateAndGet(143)) - 774c78e1-8dd4-453d-975e-442189a07fe2: start FollowerState
2019-10-19 01:26:43,044 [Thread-1445] INFO  impl.FollowerState (FollowerState.java:run(117)) - 774c78e1-8dd4-453d-975e-442189a07fe2@group-31C3DC938042-FollowerState was interrupted: java.lang.InterruptedException: sleep interrupted
2019-10-19 01:26:43,073 [abe27936-fa37-414d-b2e1-4e10a1c095a6@group-F842E1832D96-SegmentedRaftLogWorker] INFO  segmented.SegmentedRaftLogWorker (SegmentedRaftLogWorker.java:execute(576)) - abe27936-fa37-414d-b2e1-4e10a1c095a6@group-F842E1832D96-SegmentedRaftLogWorker: created new log segment /workdir/hadoop-ozone/integration-test/target/test-dir/MiniOzoneClusterImpl-be769f72-d0ac-4a2c-8dca-159e9fc5eefe/datanode-1/data/ratis/72b83858-5b43-40ac-9506-f842e1832d96/current/log_inprogress_17
2019-10-19 01:26:43,073 [8bce6a00-3bba-419d-83ac-b35141b6b559@group-31C3DC938042-LeaderElection145] INFO  impl.LeaderElection (LeaderElection.java:logAndReturn(56)) - 8bce6a00-3bba-419d-83ac-b35141b6b559@group-31C3DC938042-LeaderElection145: Election REJECTED; received 1 response(s) [8bce6a00-3bba-419d-83ac-b35141b6b559<-774c78e1-8dd4-453d-975e-442189a07fe2#0:FAIL-t130] and 1 exception(s); 8bce6a00-3bba-419d-83ac-b35141b6b559@group-31C3DC938042:t130, leader=null, voted=8bce6a00-3bba-419d-83ac-b35141b6b559, raftlog=8bce6a00-3bba-419d-83ac-b35141b6b559@group-31C3DC938042-SegmentedRaftLog:OPENED:c-1,f-1,i0, conf=-1: [774c78e1-8dd4-453d-975e-442189a07fe2:192.168.157.242:38712, 7247ad7d-2ca2-4af8-9337-77c07ea89cb3:192.168.157.242:42362, 8bce6a00-3bba-419d-83ac-b35141b6b559:192.168.157.242:37801], old=null
2019-10-19 01:26:43,073 [8bce6a00-3bba-419d-83ac-b35141b6b559@group-31C3DC938042-LeaderElection145] INFO  impl.LeaderElection (LogUtils.java:infoOrTrace(149)) -   Exception 0: {}
java.util.concurrent.ExecutionException: org.apache.ratis.thirdparty.io.grpc.StatusRuntimeException: UNAVAILABLE: io exception
	at java.util.concurrent.FutureTask.report(FutureTask.java:122)
	at java.util.concurrent.FutureTask.get(FutureTask.java:192)
	at org.apache.ratis.server.impl.LeaderElection.waitForResults(LeaderElection.java:259)
	at org.apache.ratis.server.impl.LeaderElection.askForVotes(LeaderElection.java:197)
	at org.apache.ratis.server.impl.LeaderElection.run(LeaderElection.java:133)
	at java.lang.Thread.run(Thread.java:748)
Caused by: org.apache.ratis.thirdparty.io.grpc.StatusRuntimeException: UNAVAILABLE: io exception
	at org.apache.ratis.thirdparty.io.grpc.stub.ClientCalls.toStatusRuntimeException(ClientCalls.java:233)
	at org.apache.ratis.thirdparty.io.grpc.stub.ClientCalls.getUnchecked(ClientCalls.java:214)
	at org.apache.ratis.thirdparty.io.grpc.stub.ClientCalls.blockingUnaryCall(ClientCalls.java:139)
	at org.apache.ratis.proto.grpc.RaftServerProtocolServiceGrpc$RaftServerProtocolServiceBlockingStub.requestVote(RaftServerProtocolServiceGrpc.java:265)
	at org.apache.ratis.grpc.server.GrpcServerProtocolClient.requestVote(GrpcServerProtocolClient.java:99)
	at org.apache.ratis.grpc.server.GrpcService.requestVote(GrpcService.java:204)
	at org.apache.ratis.server.impl.LeaderElection.lambda$submitRequests$1(LeaderElection.java:234)
	at java.util.concurrent.FutureTask.run(FutureTask.java:266)
	at java.util.concurrent.Executors$RunnableAdapter.call(Executors.java:511)
	at java.util.concurrent.FutureTask.run(FutureTask.java:266)
	at java.util.concurrent.ThreadPoolExecutor.runWorker(ThreadPoolExecutor.java:1149)
	at java.util.concurrent.ThreadPoolExecutor$Worker.run(ThreadPoolExecutor.java:624)
	... 1 more
Caused by: org.apache.ratis.thirdparty.io.netty.channel.AbstractChannel$AnnotatedConnectException: Connection refused: /192.168.157.242:42362
	at sun.nio.ch.SocketChannelImpl.checkConnect(Native Method)
	at sun.nio.ch.SocketChannelImpl.finishConnect(SocketChannelImpl.java:717)
	at org.apache.ratis.thirdparty.io.netty.channel.socket.nio.NioSocketChannel.doFinishConnect(NioSocketChannel.java:327)
	at org.apache.ratis.thirdparty.io.netty.channel.nio.AbstractNioChannel$AbstractNioUnsafe.finishConnect(AbstractNioChannel.java:340)
	at org.apache.ratis.thirdparty.io.netty.channel.nio.NioEventLoop.processSelectedKey(NioEventLoop.java:632)
	at org.apache.ratis.thirdparty.io.netty.channel.nio.NioEventLoop.processSelectedKeysOptimized(NioEventLoop.java:579)
	at org.apache.ratis.thirdparty.io.netty.channel.nio.NioEventLoop.processSelectedKeys(NioEventLoop.java:496)
	at org.apache.ratis.thirdparty.io.netty.channel.nio.NioEventLoop.run(NioEventLoop.java:458)
	at org.apache.ratis.thirdparty.io.netty.util.concurrent.SingleThreadEventExecutor$5.run(SingleThreadEventExecutor.java:897)
	at org.apache.ratis.thirdparty.io.netty.util.concurrent.FastThreadLocalRunnable.run(FastThreadLocalRunnable.java:30)
	... 1 more
Caused by: java.net.ConnectException: Connection refused
	... 11 more
2019-10-19 01:26:43,074 [8bce6a00-3bba-419d-83ac-b35141b6b559@group-31C3DC938042-LeaderElection145] INFO  impl.RaftServerImpl (RaftServerImpl.java:setRole(184)) - 8bce6a00-3bba-419d-83ac-b35141b6b559@group-31C3DC938042: changes role from CANDIDATE to FOLLOWER at term 130 for DISCOVERED_A_NEW_TERM
2019-10-19 01:26:43,074 [8bce6a00-3bba-419d-83ac-b35141b6b559@group-31C3DC938042-LeaderElection145] INFO  impl.RoleInfo (RoleInfo.java:shutdownLeaderElection(134)) - 8bce6a00-3bba-419d-83ac-b35141b6b559: shutdown LeaderElection
2019-10-19 01:26:43,074 [8bce6a00-3bba-419d-83ac-b35141b6b559@group-31C3DC938042-LeaderElection145] INFO  impl.RoleInfo (RoleInfo.java:updateAndGet(143)) - 8bce6a00-3bba-419d-83ac-b35141b6b559: start FollowerState
2019-10-19 01:26:43,199 [Thread-1463] INFO  impl.FollowerState (FollowerState.java:run(108)) - 8bce6a00-3bba-419d-83ac-b35141b6b559@group-31C3DC938042-FollowerState: change to CANDIDATE, lastRpcTime:125ms, electionTimeout:125ms
2019-10-19 01:26:43,200 [Thread-1463] INFO  impl.RoleInfo (RoleInfo.java:shutdownFollowerState(121)) - 8bce6a00-3bba-419d-83ac-b35141b6b559: shutdown FollowerState
2019-10-19 01:26:43,200 [Thread-1463] INFO  impl.RaftServerImpl (RaftServerImpl.java:setRole(184)) - 8bce6a00-3bba-419d-83ac-b35141b6b559@group-31C3DC938042: changes role from  FOLLOWER to CANDIDATE at term 130 for changeToCandidate
2019-10-19 01:26:43,200 [Thread-1463] INFO  impl.RoleInfo (RoleInfo.java:updateAndGet(143)) - 8bce6a00-3bba-419d-83ac-b35141b6b559: start LeaderElection
2019-10-19 01:26:43,215 [8bce6a00-3bba-419d-83ac-b35141b6b559@group-31C3DC938042-LeaderElection146] INFO  impl.LeaderElection (LeaderElection.java:askForVotes(178)) - 8bce6a00-3bba-419d-83ac-b35141b6b559@group-31C3DC938042-LeaderElection146: begin an election at term 131 for -1: [774c78e1-8dd4-453d-975e-442189a07fe2:192.168.157.242:38712, 7247ad7d-2ca2-4af8-9337-77c07ea89cb3:192.168.157.242:42362, 8bce6a00-3bba-419d-83ac-b35141b6b559:192.168.157.242:37801], old=null
2019-10-19 01:26:43,215 [8bce6a00-3bba-419d-83ac-b35141b6b559@group-31C3DC938042-LeaderElection146] INFO  impl.LeaderElection (LogUtils.java:infoOrTrace(149)) - 8bce6a00-3bba-419d-83ac-b35141b6b559@group-31C3DC938042-LeaderElection146 got exception when requesting votes: {}
java.util.concurrent.ExecutionException: org.apache.ratis.thirdparty.io.grpc.StatusRuntimeException: UNAVAILABLE: io exception
	at java.util.concurrent.FutureTask.report(FutureTask.java:122)
	at java.util.concurrent.FutureTask.get(FutureTask.java:192)
	at org.apache.ratis.server.impl.LeaderElection.waitForResults(LeaderElection.java:259)
	at org.apache.ratis.server.impl.LeaderElection.askForVotes(LeaderElection.java:197)
	at org.apache.ratis.server.impl.LeaderElection.run(LeaderElection.java:133)
	at java.lang.Thread.run(Thread.java:748)
Caused by: org.apache.ratis.thirdparty.io.grpc.StatusRuntimeException: UNAVAILABLE: io exception
	at org.apache.ratis.thirdparty.io.grpc.stub.ClientCalls.toStatusRuntimeException(ClientCalls.java:233)
	at org.apache.ratis.thirdparty.io.grpc.stub.ClientCalls.getUnchecked(ClientCalls.java:214)
	at org.apache.ratis.thirdparty.io.grpc.stub.ClientCalls.blockingUnaryCall(ClientCalls.java:139)
	at org.apache.ratis.proto.grpc.RaftServerProtocolServiceGrpc$RaftServerProtocolServiceBlockingStub.requestVote(RaftServerProtocolServiceGrpc.java:265)
	at org.apache.ratis.grpc.server.GrpcServerProtocolClient.requestVote(GrpcServerProtocolClient.java:99)
	at org.apache.ratis.grpc.server.GrpcService.requestVote(GrpcService.java:204)
	at org.apache.ratis.server.impl.LeaderElection.lambda$submitRequests$1(LeaderElection.java:234)
	at java.util.concurrent.FutureTask.run(FutureTask.java:266)
	at java.util.concurrent.Executors$RunnableAdapter.call(Executors.java:511)
	at java.util.concurrent.FutureTask.run(FutureTask.java:266)
	at java.util.concurrent.ThreadPoolExecutor.runWorker(ThreadPoolExecutor.java:1149)
	at java.util.concurrent.ThreadPoolExecutor$Worker.run(ThreadPoolExecutor.java:624)
	... 1 more
Caused by: org.apache.ratis.thirdparty.io.netty.channel.AbstractChannel$AnnotatedConnectException: Connection refused: /192.168.157.242:42362
	at sun.nio.ch.SocketChannelImpl.checkConnect(Native Method)
	at sun.nio.ch.SocketChannelImpl.finishConnect(SocketChannelImpl.java:717)
	at org.apache.ratis.thirdparty.io.netty.channel.socket.nio.NioSocketChannel.doFinishConnect(NioSocketChannel.java:327)
	at org.apache.ratis.thirdparty.io.netty.channel.nio.AbstractNioChannel$AbstractNioUnsafe.finishConnect(AbstractNioChannel.java:340)
	at org.apache.ratis.thirdparty.io.netty.channel.nio.NioEventLoop.processSelectedKey(NioEventLoop.java:632)
	at org.apache.ratis.thirdparty.io.netty.channel.nio.NioEventLoop.processSelectedKeysOptimized(NioEventLoop.java:579)
	at org.apache.ratis.thirdparty.io.netty.channel.nio.NioEventLoop.processSelectedKeys(NioEventLoop.java:496)
	at org.apache.ratis.thirdparty.io.netty.channel.nio.NioEventLoop.run(NioEventLoop.java:458)
	at org.apache.ratis.thirdparty.io.netty.util.concurrent.SingleThreadEventExecutor$5.run(SingleThreadEventExecutor.java:897)
	at org.apache.ratis.thirdparty.io.netty.util.concurrent.FastThreadLocalRunnable.run(FastThreadLocalRunnable.java:30)
	... 1 more
Caused by: java.net.ConnectException: Connection refused
	... 11 more
2019-10-19 01:26:43,219 [grpc-default-executor-0] INFO  impl.RaftServerImpl (RaftServerImpl.java:setRole(184)) - 774c78e1-8dd4-453d-975e-442189a07fe2@group-31C3DC938042: changes role from  FOLLOWER to FOLLOWER at term 131 for recognizeCandidate:8bce6a00-3bba-419d-83ac-b35141b6b559
2019-10-19 01:26:43,219 [grpc-default-executor-0] INFO  impl.RoleInfo (RoleInfo.java:shutdownFollowerState(121)) - 774c78e1-8dd4-453d-975e-442189a07fe2: shutdown FollowerState
2019-10-19 01:26:43,219 [grpc-default-executor-0] INFO  impl.RoleInfo (RoleInfo.java:updateAndGet(143)) - 774c78e1-8dd4-453d-975e-442189a07fe2: start FollowerState
2019-10-19 01:26:43,219 [Thread-1462] INFO  impl.FollowerState (FollowerState.java:run(117)) - 774c78e1-8dd4-453d-975e-442189a07fe2@group-31C3DC938042-FollowerState was interrupted: java.lang.InterruptedException: sleep interrupted
2019-10-19 01:26:43,231 [8bce6a00-3bba-419d-83ac-b35141b6b559@group-31C3DC938042-LeaderElection146] INFO  impl.LeaderElection (LeaderElection.java:logAndReturn(56)) - 8bce6a00-3bba-419d-83ac-b35141b6b559@group-31C3DC938042-LeaderElection146: Election REJECTED; received 1 response(s) [8bce6a00-3bba-419d-83ac-b35141b6b559<-774c78e1-8dd4-453d-975e-442189a07fe2#0:FAIL-t131] and 1 exception(s); 8bce6a00-3bba-419d-83ac-b35141b6b559@group-31C3DC938042:t131, leader=null, voted=8bce6a00-3bba-419d-83ac-b35141b6b559, raftlog=8bce6a00-3bba-419d-83ac-b35141b6b559@group-31C3DC938042-SegmentedRaftLog:OPENED:c-1,f-1,i0, conf=-1: [774c78e1-8dd4-453d-975e-442189a07fe2:192.168.157.242:38712, 7247ad7d-2ca2-4af8-9337-77c07ea89cb3:192.168.157.242:42362, 8bce6a00-3bba-419d-83ac-b35141b6b559:192.168.157.242:37801], old=null
2019-10-19 01:26:43,231 [8bce6a00-3bba-419d-83ac-b35141b6b559@group-31C3DC938042-LeaderElection146] INFO  impl.LeaderElection (LogUtils.java:infoOrTrace(149)) -   Exception 0: {}
java.util.concurrent.ExecutionException: org.apache.ratis.thirdparty.io.grpc.StatusRuntimeException: UNAVAILABLE: io exception
	at java.util.concurrent.FutureTask.report(FutureTask.java:122)
	at java.util.concurrent.FutureTask.get(FutureTask.java:192)
	at org.apache.ratis.server.impl.LeaderElection.waitForResults(LeaderElection.java:259)
	at org.apache.ratis.server.impl.LeaderElection.askForVotes(LeaderElection.java:197)
	at org.apache.ratis.server.impl.LeaderElection.run(LeaderElection.java:133)
	at java.lang.Thread.run(Thread.java:748)
Caused by: org.apache.ratis.thirdparty.io.grpc.StatusRuntimeException: UNAVAILABLE: io exception
	at org.apache.ratis.thirdparty.io.grpc.stub.ClientCalls.toStatusRuntimeException(ClientCalls.java:233)
	at org.apache.ratis.thirdparty.io.grpc.stub.ClientCalls.getUnchecked(ClientCalls.java:214)
	at org.apache.ratis.thirdparty.io.grpc.stub.ClientCalls.blockingUnaryCall(ClientCalls.java:139)
	at org.apache.ratis.proto.grpc.RaftServerProtocolServiceGrpc$RaftServerProtocolServiceBlockingStub.requestVote(RaftServerProtocolServiceGrpc.java:265)
	at org.apache.ratis.grpc.server.GrpcServerProtocolClient.requestVote(GrpcServerProtocolClient.java:99)
	at org.apache.ratis.grpc.server.GrpcService.requestVote(GrpcService.java:204)
	at org.apache.ratis.server.impl.LeaderElection.lambda$submitRequests$1(LeaderElection.java:234)
	at java.util.concurrent.FutureTask.run(FutureTask.java:266)
	at java.util.concurrent.Executors$RunnableAdapter.call(Executors.java:511)
	at java.util.concurrent.FutureTask.run(FutureTask.java:266)
	at java.util.concurrent.ThreadPoolExecutor.runWorker(ThreadPoolExecutor.java:1149)
	at java.util.concurrent.ThreadPoolExecutor$Worker.run(ThreadPoolExecutor.java:624)
	... 1 more
Caused by: org.apache.ratis.thirdparty.io.netty.channel.AbstractChannel$AnnotatedConnectException: Connection refused: /192.168.157.242:42362
	at sun.nio.ch.SocketChannelImpl.checkConnect(Native Method)
	at sun.nio.ch.SocketChannelImpl.finishConnect(SocketChannelImpl.java:717)
	at org.apache.ratis.thirdparty.io.netty.channel.socket.nio.NioSocketChannel.doFinishConnect(NioSocketChannel.java:327)
	at org.apache.ratis.thirdparty.io.netty.channel.nio.AbstractNioChannel$AbstractNioUnsafe.finishConnect(AbstractNioChannel.java:340)
	at org.apache.ratis.thirdparty.io.netty.channel.nio.NioEventLoop.processSelectedKey(NioEventLoop.java:632)
	at org.apache.ratis.thirdparty.io.netty.channel.nio.NioEventLoop.processSelectedKeysOptimized(NioEventLoop.java:579)
	at org.apache.ratis.thirdparty.io.netty.channel.nio.NioEventLoop.processSelectedKeys(NioEventLoop.java:496)
	at org.apache.ratis.thirdparty.io.netty.channel.nio.NioEventLoop.run(NioEventLoop.java:458)
	at org.apache.ratis.thirdparty.io.netty.util.concurrent.SingleThreadEventExecutor$5.run(SingleThreadEventExecutor.java:897)
	at org.apache.ratis.thirdparty.io.netty.util.concurrent.FastThreadLocalRunnable.run(FastThreadLocalRunnable.java:30)
	... 1 more
Caused by: java.net.ConnectException: Connection refused
	... 11 more
2019-10-19 01:26:43,231 [8bce6a00-3bba-419d-83ac-b35141b6b559@group-31C3DC938042-LeaderElection146] INFO  impl.RaftServerImpl (RaftServerImpl.java:setRole(184)) - 8bce6a00-3bba-419d-83ac-b35141b6b559@group-31C3DC938042: changes role from CANDIDATE to FOLLOWER at term 131 for DISCOVERED_A_NEW_TERM
2019-10-19 01:26:43,231 [8bce6a00-3bba-419d-83ac-b35141b6b559@group-31C3DC938042-LeaderElection146] INFO  impl.RoleInfo (RoleInfo.java:shutdownLeaderElection(134)) - 8bce6a00-3bba-419d-83ac-b35141b6b559: shutdown LeaderElection
2019-10-19 01:26:43,231 [8bce6a00-3bba-419d-83ac-b35141b6b559@group-31C3DC938042-LeaderElection146] INFO  impl.RoleInfo (RoleInfo.java:updateAndGet(143)) - 8bce6a00-3bba-419d-83ac-b35141b6b559: start FollowerState
2019-10-19 01:26:43,406 [Thread-1470] INFO  impl.FollowerState (FollowerState.java:run(108)) - 8bce6a00-3bba-419d-83ac-b35141b6b559@group-31C3DC938042-FollowerState: change to CANDIDATE, lastRpcTime:174ms, electionTimeout:174ms
2019-10-19 01:26:43,406 [Thread-1470] INFO  impl.RoleInfo (RoleInfo.java:shutdownFollowerState(121)) - 8bce6a00-3bba-419d-83ac-b35141b6b559: shutdown FollowerState
2019-10-19 01:26:43,406 [Thread-1470] INFO  impl.RaftServerImpl (RaftServerImpl.java:setRole(184)) - 8bce6a00-3bba-419d-83ac-b35141b6b559@group-31C3DC938042: changes role from  FOLLOWER to CANDIDATE at term 131 for changeToCandidate
2019-10-19 01:26:43,406 [Thread-1470] INFO  impl.RoleInfo (RoleInfo.java:updateAndGet(143)) - 8bce6a00-3bba-419d-83ac-b35141b6b559: start LeaderElection
2019-10-19 01:26:43,410 [8bce6a00-3bba-419d-83ac-b35141b6b559@group-31C3DC938042-LeaderElection147] INFO  impl.LeaderElection (LeaderElection.java:askForVotes(178)) - 8bce6a00-3bba-419d-83ac-b35141b6b559@group-31C3DC938042-LeaderElection147: begin an election at term 132 for -1: [774c78e1-8dd4-453d-975e-442189a07fe2:192.168.157.242:38712, 7247ad7d-2ca2-4af8-9337-77c07ea89cb3:192.168.157.242:42362, 8bce6a00-3bba-419d-83ac-b35141b6b559:192.168.157.242:37801], old=null
2019-10-19 01:26:43,411 [8bce6a00-3bba-419d-83ac-b35141b6b559@group-31C3DC938042-LeaderElection147] INFO  impl.LeaderElection (LogUtils.java:infoOrTrace(149)) - 8bce6a00-3bba-419d-83ac-b35141b6b559@group-31C3DC938042-LeaderElection147 got exception when requesting votes: {}
java.util.concurrent.ExecutionException: org.apache.ratis.thirdparty.io.grpc.StatusRuntimeException: UNAVAILABLE: io exception
	at java.util.concurrent.FutureTask.report(FutureTask.java:122)
	at java.util.concurrent.FutureTask.get(FutureTask.java:192)
	at org.apache.ratis.server.impl.LeaderElection.waitForResults(LeaderElection.java:259)
	at org.apache.ratis.server.impl.LeaderElection.askForVotes(LeaderElection.java:197)
	at org.apache.ratis.server.impl.LeaderElection.run(LeaderElection.java:133)
	at java.lang.Thread.run(Thread.java:748)
Caused by: org.apache.ratis.thirdparty.io.grpc.StatusRuntimeException: UNAVAILABLE: io exception
	at org.apache.ratis.thirdparty.io.grpc.stub.ClientCalls.toStatusRuntimeException(ClientCalls.java:233)
	at org.apache.ratis.thirdparty.io.grpc.stub.ClientCalls.getUnchecked(ClientCalls.java:214)
	at org.apache.ratis.thirdparty.io.grpc.stub.ClientCalls.blockingUnaryCall(ClientCalls.java:139)
	at org.apache.ratis.proto.grpc.RaftServerProtocolServiceGrpc$RaftServerProtocolServiceBlockingStub.requestVote(RaftServerProtocolServiceGrpc.java:265)
	at org.apache.ratis.grpc.server.GrpcServerProtocolClient.requestVote(GrpcServerProtocolClient.java:99)
	at org.apache.ratis.grpc.server.GrpcService.requestVote(GrpcService.java:204)
	at org.apache.ratis.server.impl.LeaderElection.lambda$submitRequests$1(LeaderElection.java:234)
	at java.util.concurrent.FutureTask.run(FutureTask.java:266)
	at java.util.concurrent.Executors$RunnableAdapter.call(Executors.java:511)
	at java.util.concurrent.FutureTask.run(FutureTask.java:266)
	at java.util.concurrent.ThreadPoolExecutor.runWorker(ThreadPoolExecutor.java:1149)
	at java.util.concurrent.ThreadPoolExecutor$Worker.run(ThreadPoolExecutor.java:624)
	... 1 more
Caused by: org.apache.ratis.thirdparty.io.netty.channel.AbstractChannel$AnnotatedConnectException: Connection refused: /192.168.157.242:42362
	at sun.nio.ch.SocketChannelImpl.checkConnect(Native Method)
	at sun.nio.ch.SocketChannelImpl.finishConnect(SocketChannelImpl.java:717)
	at org.apache.ratis.thirdparty.io.netty.channel.socket.nio.NioSocketChannel.doFinishConnect(NioSocketChannel.java:327)
	at org.apache.ratis.thirdparty.io.netty.channel.nio.AbstractNioChannel$AbstractNioUnsafe.finishConnect(AbstractNioChannel.java:340)
	at org.apache.ratis.thirdparty.io.netty.channel.nio.NioEventLoop.processSelectedKey(NioEventLoop.java:632)
	at org.apache.ratis.thirdparty.io.netty.channel.nio.NioEventLoop.processSelectedKeysOptimized(NioEventLoop.java:579)
	at org.apache.ratis.thirdparty.io.netty.channel.nio.NioEventLoop.processSelectedKeys(NioEventLoop.java:496)
	at org.apache.ratis.thirdparty.io.netty.channel.nio.NioEventLoop.run(NioEventLoop.java:458)
	at org.apache.ratis.thirdparty.io.netty.util.concurrent.SingleThreadEventExecutor$5.run(SingleThreadEventExecutor.java:897)
	at org.apache.ratis.thirdparty.io.netty.util.concurrent.FastThreadLocalRunnable.run(FastThreadLocalRunnable.java:30)
	... 1 more
Caused by: java.net.ConnectException: Connection refused
	... 11 more
2019-10-19 01:26:43,414 [grpc-default-executor-0] INFO  impl.RaftServerImpl (RaftServerImpl.java:setRole(184)) - 774c78e1-8dd4-453d-975e-442189a07fe2@group-31C3DC938042: changes role from  FOLLOWER to FOLLOWER at term 132 for recognizeCandidate:8bce6a00-3bba-419d-83ac-b35141b6b559
2019-10-19 01:26:43,415 [grpc-default-executor-0] INFO  impl.RoleInfo (RoleInfo.java:shutdownFollowerState(121)) - 774c78e1-8dd4-453d-975e-442189a07fe2: shutdown FollowerState
2019-10-19 01:26:43,415 [grpc-default-executor-0] INFO  impl.RoleInfo (RoleInfo.java:updateAndGet(143)) - 774c78e1-8dd4-453d-975e-442189a07fe2: start FollowerState
2019-10-19 01:26:43,415 [Thread-1469] INFO  impl.FollowerState (FollowerState.java:run(117)) - 774c78e1-8dd4-453d-975e-442189a07fe2@group-31C3DC938042-FollowerState was interrupted: java.lang.InterruptedException: sleep interrupted
2019-10-19 01:26:43,426 [8bce6a00-3bba-419d-83ac-b35141b6b559@group-31C3DC938042-LeaderElection147] INFO  impl.LeaderElection (LeaderElection.java:logAndReturn(56)) - 8bce6a00-3bba-419d-83ac-b35141b6b559@group-31C3DC938042-LeaderElection147: Election REJECTED; received 1 response(s) [8bce6a00-3bba-419d-83ac-b35141b6b559<-774c78e1-8dd4-453d-975e-442189a07fe2#0:FAIL-t132] and 1 exception(s); 8bce6a00-3bba-419d-83ac-b35141b6b559@group-31C3DC938042:t132, leader=null, voted=8bce6a00-3bba-419d-83ac-b35141b6b559, raftlog=8bce6a00-3bba-419d-83ac-b35141b6b559@group-31C3DC938042-SegmentedRaftLog:OPENED:c-1,f-1,i0, conf=-1: [774c78e1-8dd4-453d-975e-442189a07fe2:192.168.157.242:38712, 7247ad7d-2ca2-4af8-9337-77c07ea89cb3:192.168.157.242:42362, 8bce6a00-3bba-419d-83ac-b35141b6b559:192.168.157.242:37801], old=null
2019-10-19 01:26:43,426 [8bce6a00-3bba-419d-83ac-b35141b6b559@group-31C3DC938042-LeaderElection147] INFO  impl.LeaderElection (LogUtils.java:infoOrTrace(149)) -   Exception 0: {}
java.util.concurrent.ExecutionException: org.apache.ratis.thirdparty.io.grpc.StatusRuntimeException: UNAVAILABLE: io exception
	at java.util.concurrent.FutureTask.report(FutureTask.java:122)
	at java.util.concurrent.FutureTask.get(FutureTask.java:192)
	at org.apache.ratis.server.impl.LeaderElection.waitForResults(LeaderElection.java:259)
	at org.apache.ratis.server.impl.LeaderElection.askForVotes(LeaderElection.java:197)
	at org.apache.ratis.server.impl.LeaderElection.run(LeaderElection.java:133)
	at java.lang.Thread.run(Thread.java:748)
Caused by: org.apache.ratis.thirdparty.io.grpc.StatusRuntimeException: UNAVAILABLE: io exception
	at org.apache.ratis.thirdparty.io.grpc.stub.ClientCalls.toStatusRuntimeException(ClientCalls.java:233)
	at org.apache.ratis.thirdparty.io.grpc.stub.ClientCalls.getUnchecked(ClientCalls.java:214)
	at org.apache.ratis.thirdparty.io.grpc.stub.ClientCalls.blockingUnaryCall(ClientCalls.java:139)
	at org.apache.ratis.proto.grpc.RaftServerProtocolServiceGrpc$RaftServerProtocolServiceBlockingStub.requestVote(RaftServerProtocolServiceGrpc.java:265)
	at org.apache.ratis.grpc.server.GrpcServerProtocolClient.requestVote(GrpcServerProtocolClient.java:99)
	at org.apache.ratis.grpc.server.GrpcService.requestVote(GrpcService.java:204)
	at org.apache.ratis.server.impl.LeaderElection.lambda$submitRequests$1(LeaderElection.java:234)
	at java.util.concurrent.FutureTask.run(FutureTask.java:266)
	at java.util.concurrent.Executors$RunnableAdapter.call(Executors.java:511)
	at java.util.concurrent.FutureTask.run(FutureTask.java:266)
	at java.util.concurrent.ThreadPoolExecutor.runWorker(ThreadPoolExecutor.java:1149)
	at java.util.concurrent.ThreadPoolExecutor$Worker.run(ThreadPoolExecutor.java:624)
	... 1 more
Caused by: org.apache.ratis.thirdparty.io.netty.channel.AbstractChannel$AnnotatedConnectException: Connection refused: /192.168.157.242:42362
	at sun.nio.ch.SocketChannelImpl.checkConnect(Native Method)
	at sun.nio.ch.SocketChannelImpl.finishConnect(SocketChannelImpl.java:717)
	at org.apache.ratis.thirdparty.io.netty.channel.socket.nio.NioSocketChannel.doFinishConnect(NioSocketChannel.java:327)
	at org.apache.ratis.thirdparty.io.netty.channel.nio.AbstractNioChannel$AbstractNioUnsafe.finishConnect(AbstractNioChannel.java:340)
	at org.apache.ratis.thirdparty.io.netty.channel.nio.NioEventLoop.processSelectedKey(NioEventLoop.java:632)
	at org.apache.ratis.thirdparty.io.netty.channel.nio.NioEventLoop.processSelectedKeysOptimized(NioEventLoop.java:579)
	at org.apache.ratis.thirdparty.io.netty.channel.nio.NioEventLoop.processSelectedKeys(NioEventLoop.java:496)
	at org.apache.ratis.thirdparty.io.netty.channel.nio.NioEventLoop.run(NioEventLoop.java:458)
	at org.apache.ratis.thirdparty.io.netty.util.concurrent.SingleThreadEventExecutor$5.run(SingleThreadEventExecutor.java:897)
	at org.apache.ratis.thirdparty.io.netty.util.concurrent.FastThreadLocalRunnable.run(FastThreadLocalRunnable.java:30)
	... 1 more
Caused by: java.net.ConnectException: Connection refused
	... 11 more
2019-10-19 01:26:43,426 [8bce6a00-3bba-419d-83ac-b35141b6b559@group-31C3DC938042-LeaderElection147] INFO  impl.RaftServerImpl (RaftServerImpl.java:setRole(184)) - 8bce6a00-3bba-419d-83ac-b35141b6b559@group-31C3DC938042: changes role from CANDIDATE to FOLLOWER at term 132 for DISCOVERED_A_NEW_TERM
2019-10-19 01:26:43,427 [8bce6a00-3bba-419d-83ac-b35141b6b559@group-31C3DC938042-LeaderElection147] INFO  impl.RoleInfo (RoleInfo.java:shutdownLeaderElection(134)) - 8bce6a00-3bba-419d-83ac-b35141b6b559: shutdown LeaderElection
2019-10-19 01:26:43,427 [8bce6a00-3bba-419d-83ac-b35141b6b559@group-31C3DC938042-LeaderElection147] INFO  impl.RoleInfo (RoleInfo.java:updateAndGet(143)) - 8bce6a00-3bba-419d-83ac-b35141b6b559: start FollowerState
2019-10-19 01:26:43,557 [Thread-1475] INFO  impl.FollowerState (FollowerState.java:run(108)) - 8bce6a00-3bba-419d-83ac-b35141b6b559@group-31C3DC938042-FollowerState: change to CANDIDATE, lastRpcTime:130ms, electionTimeout:130ms
2019-10-19 01:26:43,557 [Thread-1475] INFO  impl.RoleInfo (RoleInfo.java:shutdownFollowerState(121)) - 8bce6a00-3bba-419d-83ac-b35141b6b559: shutdown FollowerState
2019-10-19 01:26:43,557 [Thread-1475] INFO  impl.RaftServerImpl (RaftServerImpl.java:setRole(184)) - 8bce6a00-3bba-419d-83ac-b35141b6b559@group-31C3DC938042: changes role from  FOLLOWER to CANDIDATE at term 132 for changeToCandidate
2019-10-19 01:26:43,557 [Thread-1475] INFO  impl.RoleInfo (RoleInfo.java:updateAndGet(143)) - 8bce6a00-3bba-419d-83ac-b35141b6b559: start LeaderElection
2019-10-19 01:26:43,590 [8bce6a00-3bba-419d-83ac-b35141b6b559@group-31C3DC938042-LeaderElection148] INFO  impl.LeaderElection (LeaderElection.java:askForVotes(178)) - 8bce6a00-3bba-419d-83ac-b35141b6b559@group-31C3DC938042-LeaderElection148: begin an election at term 133 for -1: [774c78e1-8dd4-453d-975e-442189a07fe2:192.168.157.242:38712, 7247ad7d-2ca2-4af8-9337-77c07ea89cb3:192.168.157.242:42362, 8bce6a00-3bba-419d-83ac-b35141b6b559:192.168.157.242:37801], old=null
2019-10-19 01:26:43,591 [8bce6a00-3bba-419d-83ac-b35141b6b559@group-31C3DC938042-LeaderElection148] INFO  impl.LeaderElection (LogUtils.java:infoOrTrace(149)) - 8bce6a00-3bba-419d-83ac-b35141b6b559@group-31C3DC938042-LeaderElection148 got exception when requesting votes: {}
java.util.concurrent.ExecutionException: org.apache.ratis.thirdparty.io.grpc.StatusRuntimeException: UNAVAILABLE: io exception
	at java.util.concurrent.FutureTask.report(FutureTask.java:122)
	at java.util.concurrent.FutureTask.get(FutureTask.java:192)
	at org.apache.ratis.server.impl.LeaderElection.waitForResults(LeaderElection.java:259)
	at org.apache.ratis.server.impl.LeaderElection.askForVotes(LeaderElection.java:197)
	at org.apache.ratis.server.impl.LeaderElection.run(LeaderElection.java:133)
	at java.lang.Thread.run(Thread.java:748)
Caused by: org.apache.ratis.thirdparty.io.grpc.StatusRuntimeException: UNAVAILABLE: io exception
	at org.apache.ratis.thirdparty.io.grpc.stub.ClientCalls.toStatusRuntimeException(ClientCalls.java:233)
	at org.apache.ratis.thirdparty.io.grpc.stub.ClientCalls.getUnchecked(ClientCalls.java:214)
	at org.apache.ratis.thirdparty.io.grpc.stub.ClientCalls.blockingUnaryCall(ClientCalls.java:139)
	at org.apache.ratis.proto.grpc.RaftServerProtocolServiceGrpc$RaftServerProtocolServiceBlockingStub.requestVote(RaftServerProtocolServiceGrpc.java:265)
	at org.apache.ratis.grpc.server.GrpcServerProtocolClient.requestVote(GrpcServerProtocolClient.java:99)
	at org.apache.ratis.grpc.server.GrpcService.requestVote(GrpcService.java:204)
	at org.apache.ratis.server.impl.LeaderElection.lambda$submitRequests$1(LeaderElection.java:234)
	at java.util.concurrent.FutureTask.run(FutureTask.java:266)
	at java.util.concurrent.Executors$RunnableAdapter.call(Executors.java:511)
	at java.util.concurrent.FutureTask.run(FutureTask.java:266)
	at java.util.concurrent.ThreadPoolExecutor.runWorker(ThreadPoolExecutor.java:1149)
	at java.util.concurrent.ThreadPoolExecutor$Worker.run(ThreadPoolExecutor.java:624)
	... 1 more
Caused by: org.apache.ratis.thirdparty.io.netty.channel.AbstractChannel$AnnotatedConnectException: Connection refused: /192.168.157.242:42362
	at sun.nio.ch.SocketChannelImpl.checkConnect(Native Method)
	at sun.nio.ch.SocketChannelImpl.finishConnect(SocketChannelImpl.java:717)
	at org.apache.ratis.thirdparty.io.netty.channel.socket.nio.NioSocketChannel.doFinishConnect(NioSocketChannel.java:327)
	at org.apache.ratis.thirdparty.io.netty.channel.nio.AbstractNioChannel$AbstractNioUnsafe.finishConnect(AbstractNioChannel.java:340)
	at org.apache.ratis.thirdparty.io.netty.channel.nio.NioEventLoop.processSelectedKey(NioEventLoop.java:632)
	at org.apache.ratis.thirdparty.io.netty.channel.nio.NioEventLoop.processSelectedKeysOptimized(NioEventLoop.java:579)
	at org.apache.ratis.thirdparty.io.netty.channel.nio.NioEventLoop.processSelectedKeys(NioEventLoop.java:496)
	at org.apache.ratis.thirdparty.io.netty.channel.nio.NioEventLoop.run(NioEventLoop.java:458)
	at org.apache.ratis.thirdparty.io.netty.util.concurrent.SingleThreadEventExecutor$5.run(SingleThreadEventExecutor.java:897)
	at org.apache.ratis.thirdparty.io.netty.util.concurrent.FastThreadLocalRunnable.run(FastThreadLocalRunnable.java:30)
	... 1 more
Caused by: java.net.ConnectException: Connection refused
	... 11 more
2019-10-19 01:26:43,594 [grpc-default-executor-0] INFO  impl.RaftServerImpl (RaftServerImpl.java:setRole(184)) - 774c78e1-8dd4-453d-975e-442189a07fe2@group-31C3DC938042: changes role from  FOLLOWER to FOLLOWER at term 133 for recognizeCandidate:8bce6a00-3bba-419d-83ac-b35141b6b559
2019-10-19 01:26:43,594 [grpc-default-executor-0] INFO  impl.RoleInfo (RoleInfo.java:shutdownFollowerState(121)) - 774c78e1-8dd4-453d-975e-442189a07fe2: shutdown FollowerState
2019-10-19 01:26:43,594 [grpc-default-executor-0] INFO  impl.RoleInfo (RoleInfo.java:updateAndGet(143)) - 774c78e1-8dd4-453d-975e-442189a07fe2: start FollowerState
2019-10-19 01:26:43,594 [Thread-1474] INFO  impl.FollowerState (FollowerState.java:run(117)) - 774c78e1-8dd4-453d-975e-442189a07fe2@group-31C3DC938042-FollowerState was interrupted: java.lang.InterruptedException: sleep interrupted
2019-10-19 01:26:43,615 [8bce6a00-3bba-419d-83ac-b35141b6b559@group-31C3DC938042-LeaderElection148] INFO  impl.LeaderElection (LeaderElection.java:logAndReturn(56)) - 8bce6a00-3bba-419d-83ac-b35141b6b559@group-31C3DC938042-LeaderElection148: Election REJECTED; received 1 response(s) [8bce6a00-3bba-419d-83ac-b35141b6b559<-774c78e1-8dd4-453d-975e-442189a07fe2#0:FAIL-t133] and 1 exception(s); 8bce6a00-3bba-419d-83ac-b35141b6b559@group-31C3DC938042:t133, leader=null, voted=8bce6a00-3bba-419d-83ac-b35141b6b559, raftlog=8bce6a00-3bba-419d-83ac-b35141b6b559@group-31C3DC938042-SegmentedRaftLog:OPENED:c-1,f-1,i0, conf=-1: [774c78e1-8dd4-453d-975e-442189a07fe2:192.168.157.242:38712, 7247ad7d-2ca2-4af8-9337-77c07ea89cb3:192.168.157.242:42362, 8bce6a00-3bba-419d-83ac-b35141b6b559:192.168.157.242:37801], old=null
2019-10-19 01:26:43,615 [8bce6a00-3bba-419d-83ac-b35141b6b559@group-31C3DC938042-LeaderElection148] INFO  impl.LeaderElection (LogUtils.java:infoOrTrace(149)) -   Exception 0: {}
java.util.concurrent.ExecutionException: org.apache.ratis.thirdparty.io.grpc.StatusRuntimeException: UNAVAILABLE: io exception
	at java.util.concurrent.FutureTask.report(FutureTask.java:122)
	at java.util.concurrent.FutureTask.get(FutureTask.java:192)
	at org.apache.ratis.server.impl.LeaderElection.waitForResults(LeaderElection.java:259)
	at org.apache.ratis.server.impl.LeaderElection.askForVotes(LeaderElection.java:197)
	at org.apache.ratis.server.impl.LeaderElection.run(LeaderElection.java:133)
	at java.lang.Thread.run(Thread.java:748)
Caused by: org.apache.ratis.thirdparty.io.grpc.StatusRuntimeException: UNAVAILABLE: io exception
	at org.apache.ratis.thirdparty.io.grpc.stub.ClientCalls.toStatusRuntimeException(ClientCalls.java:233)
	at org.apache.ratis.thirdparty.io.grpc.stub.ClientCalls.getUnchecked(ClientCalls.java:214)
	at org.apache.ratis.thirdparty.io.grpc.stub.ClientCalls.blockingUnaryCall(ClientCalls.java:139)
	at org.apache.ratis.proto.grpc.RaftServerProtocolServiceGrpc$RaftServerProtocolServiceBlockingStub.requestVote(RaftServerProtocolServiceGrpc.java:265)
	at org.apache.ratis.grpc.server.GrpcServerProtocolClient.requestVote(GrpcServerProtocolClient.java:99)
	at org.apache.ratis.grpc.server.GrpcService.requestVote(GrpcService.java:204)
	at org.apache.ratis.server.impl.LeaderElection.lambda$submitRequests$1(LeaderElection.java:234)
	at java.util.concurrent.FutureTask.run(FutureTask.java:266)
	at java.util.concurrent.Executors$RunnableAdapter.call(Executors.java:511)
	at java.util.concurrent.FutureTask.run(FutureTask.java:266)
	at java.util.concurrent.ThreadPoolExecutor.runWorker(ThreadPoolExecutor.java:1149)
	at java.util.concurrent.ThreadPoolExecutor$Worker.run(ThreadPoolExecutor.java:624)
	... 1 more
Caused by: org.apache.ratis.thirdparty.io.netty.channel.AbstractChannel$AnnotatedConnectException: Connection refused: /192.168.157.242:42362
	at sun.nio.ch.SocketChannelImpl.checkConnect(Native Method)
	at sun.nio.ch.SocketChannelImpl.finishConnect(SocketChannelImpl.java:717)
	at org.apache.ratis.thirdparty.io.netty.channel.socket.nio.NioSocketChannel.doFinishConnect(NioSocketChannel.java:327)
	at org.apache.ratis.thirdparty.io.netty.channel.nio.AbstractNioChannel$AbstractNioUnsafe.finishConnect(AbstractNioChannel.java:340)
	at org.apache.ratis.thirdparty.io.netty.channel.nio.NioEventLoop.processSelectedKey(NioEventLoop.java:632)
	at org.apache.ratis.thirdparty.io.netty.channel.nio.NioEventLoop.processSelectedKeysOptimized(NioEventLoop.java:579)
	at org.apache.ratis.thirdparty.io.netty.channel.nio.NioEventLoop.processSelectedKeys(NioEventLoop.java:496)
	at org.apache.ratis.thirdparty.io.netty.channel.nio.NioEventLoop.run(NioEventLoop.java:458)
	at org.apache.ratis.thirdparty.io.netty.util.concurrent.SingleThreadEventExecutor$5.run(SingleThreadEventExecutor.java:897)
	at org.apache.ratis.thirdparty.io.netty.util.concurrent.FastThreadLocalRunnable.run(FastThreadLocalRunnable.java:30)
	... 1 more
Caused by: java.net.ConnectException: Connection refused
	... 11 more
2019-10-19 01:26:43,616 [8bce6a00-3bba-419d-83ac-b35141b6b559@group-31C3DC938042-LeaderElection148] INFO  impl.RaftServerImpl (RaftServerImpl.java:setRole(184)) - 8bce6a00-3bba-419d-83ac-b35141b6b559@group-31C3DC938042: changes role from CANDIDATE to FOLLOWER at term 133 for DISCOVERED_A_NEW_TERM
2019-10-19 01:26:43,616 [8bce6a00-3bba-419d-83ac-b35141b6b559@group-31C3DC938042-LeaderElection148] INFO  impl.RoleInfo (RoleInfo.java:shutdownLeaderElection(134)) - 8bce6a00-3bba-419d-83ac-b35141b6b559: shutdown LeaderElection
2019-10-19 01:26:43,616 [8bce6a00-3bba-419d-83ac-b35141b6b559@group-31C3DC938042-LeaderElection148] INFO  impl.RoleInfo (RoleInfo.java:updateAndGet(143)) - 8bce6a00-3bba-419d-83ac-b35141b6b559: start FollowerState
2019-10-19 01:26:43,717 [Thread-1482] INFO  impl.FollowerState (FollowerState.java:run(108)) - 8bce6a00-3bba-419d-83ac-b35141b6b559@group-31C3DC938042-FollowerState: change to CANDIDATE, lastRpcTime:100ms, electionTimeout:100ms
2019-10-19 01:26:43,717 [Thread-1482] INFO  impl.RoleInfo (RoleInfo.java:shutdownFollowerState(121)) - 8bce6a00-3bba-419d-83ac-b35141b6b559: shutdown FollowerState
2019-10-19 01:26:43,717 [Thread-1482] INFO  impl.RaftServerImpl (RaftServerImpl.java:setRole(184)) - 8bce6a00-3bba-419d-83ac-b35141b6b559@group-31C3DC938042: changes role from  FOLLOWER to CANDIDATE at term 133 for changeToCandidate
2019-10-19 01:26:43,717 [Thread-1482] INFO  impl.RoleInfo (RoleInfo.java:updateAndGet(143)) - 8bce6a00-3bba-419d-83ac-b35141b6b559: start LeaderElection
2019-10-19 01:26:43,733 [8bce6a00-3bba-419d-83ac-b35141b6b559@group-31C3DC938042-LeaderElection149] INFO  impl.LeaderElection (LeaderElection.java:askForVotes(178)) - 8bce6a00-3bba-419d-83ac-b35141b6b559@group-31C3DC938042-LeaderElection149: begin an election at term 134 for -1: [774c78e1-8dd4-453d-975e-442189a07fe2:192.168.157.242:38712, 7247ad7d-2ca2-4af8-9337-77c07ea89cb3:192.168.157.242:42362, 8bce6a00-3bba-419d-83ac-b35141b6b559:192.168.157.242:37801], old=null
2019-10-19 01:26:43,734 [8bce6a00-3bba-419d-83ac-b35141b6b559@group-31C3DC938042-LeaderElection149] INFO  impl.LeaderElection (LogUtils.java:infoOrTrace(149)) - 8bce6a00-3bba-419d-83ac-b35141b6b559@group-31C3DC938042-LeaderElection149 got exception when requesting votes: {}
java.util.concurrent.ExecutionException: org.apache.ratis.thirdparty.io.grpc.StatusRuntimeException: UNAVAILABLE: io exception
	at java.util.concurrent.FutureTask.report(FutureTask.java:122)
	at java.util.concurrent.FutureTask.get(FutureTask.java:192)
	at org.apache.ratis.server.impl.LeaderElection.waitForResults(LeaderElection.java:259)
	at org.apache.ratis.server.impl.LeaderElection.askForVotes(LeaderElection.java:197)
	at org.apache.ratis.server.impl.LeaderElection.run(LeaderElection.java:133)
	at java.lang.Thread.run(Thread.java:748)
Caused by: org.apache.ratis.thirdparty.io.grpc.StatusRuntimeException: UNAVAILABLE: io exception
	at org.apache.ratis.thirdparty.io.grpc.stub.ClientCalls.toStatusRuntimeException(ClientCalls.java:233)
	at org.apache.ratis.thirdparty.io.grpc.stub.ClientCalls.getUnchecked(ClientCalls.java:214)
	at org.apache.ratis.thirdparty.io.grpc.stub.ClientCalls.blockingUnaryCall(ClientCalls.java:139)
	at org.apache.ratis.proto.grpc.RaftServerProtocolServiceGrpc$RaftServerProtocolServiceBlockingStub.requestVote(RaftServerProtocolServiceGrpc.java:265)
	at org.apache.ratis.grpc.server.GrpcServerProtocolClient.requestVote(GrpcServerProtocolClient.java:99)
	at org.apache.ratis.grpc.server.GrpcService.requestVote(GrpcService.java:204)
	at org.apache.ratis.server.impl.LeaderElection.lambda$submitRequests$1(LeaderElection.java:234)
	at java.util.concurrent.FutureTask.run(FutureTask.java:266)
	at java.util.concurrent.Executors$RunnableAdapter.call(Executors.java:511)
	at java.util.concurrent.FutureTask.run(FutureTask.java:266)
	at java.util.concurrent.ThreadPoolExecutor.runWorker(ThreadPoolExecutor.java:1149)
	at java.util.concurrent.ThreadPoolExecutor$Worker.run(ThreadPoolExecutor.java:624)
	... 1 more
Caused by: org.apache.ratis.thirdparty.io.netty.channel.AbstractChannel$AnnotatedConnectException: Connection refused: /192.168.157.242:42362
	at sun.nio.ch.SocketChannelImpl.checkConnect(Native Method)
	at sun.nio.ch.SocketChannelImpl.finishConnect(SocketChannelImpl.java:717)
	at org.apache.ratis.thirdparty.io.netty.channel.socket.nio.NioSocketChannel.doFinishConnect(NioSocketChannel.java:327)
	at org.apache.ratis.thirdparty.io.netty.channel.nio.AbstractNioChannel$AbstractNioUnsafe.finishConnect(AbstractNioChannel.java:340)
	at org.apache.ratis.thirdparty.io.netty.channel.nio.NioEventLoop.processSelectedKey(NioEventLoop.java:632)
	at org.apache.ratis.thirdparty.io.netty.channel.nio.NioEventLoop.processSelectedKeysOptimized(NioEventLoop.java:579)
	at org.apache.ratis.thirdparty.io.netty.channel.nio.NioEventLoop.processSelectedKeys(NioEventLoop.java:496)
	at org.apache.ratis.thirdparty.io.netty.channel.nio.NioEventLoop.run(NioEventLoop.java:458)
	at org.apache.ratis.thirdparty.io.netty.util.concurrent.SingleThreadEventExecutor$5.run(SingleThreadEventExecutor.java:897)
	at org.apache.ratis.thirdparty.io.netty.util.concurrent.FastThreadLocalRunnable.run(FastThreadLocalRunnable.java:30)
	... 1 more
Caused by: java.net.ConnectException: Connection refused
	... 11 more
2019-10-19 01:26:43,738 [grpc-default-executor-0] INFO  impl.RaftServerImpl (RaftServerImpl.java:setRole(184)) - 774c78e1-8dd4-453d-975e-442189a07fe2@group-31C3DC938042: changes role from  FOLLOWER to FOLLOWER at term 134 for recognizeCandidate:8bce6a00-3bba-419d-83ac-b35141b6b559
2019-10-19 01:26:43,739 [grpc-default-executor-0] INFO  impl.RoleInfo (RoleInfo.java:shutdownFollowerState(121)) - 774c78e1-8dd4-453d-975e-442189a07fe2: shutdown FollowerState
2019-10-19 01:26:43,739 [grpc-default-executor-0] INFO  impl.RoleInfo (RoleInfo.java:updateAndGet(143)) - 774c78e1-8dd4-453d-975e-442189a07fe2: start FollowerState
2019-10-19 01:26:43,739 [Thread-1481] INFO  impl.FollowerState (FollowerState.java:run(117)) - 774c78e1-8dd4-453d-975e-442189a07fe2@group-31C3DC938042-FollowerState was interrupted: java.lang.InterruptedException: sleep interrupted
2019-10-19 01:26:43,769 [8bce6a00-3bba-419d-83ac-b35141b6b559@group-31C3DC938042-LeaderElection149] INFO  impl.LeaderElection (LeaderElection.java:logAndReturn(56)) - 8bce6a00-3bba-419d-83ac-b35141b6b559@group-31C3DC938042-LeaderElection149: Election REJECTED; received 1 response(s) [8bce6a00-3bba-419d-83ac-b35141b6b559<-774c78e1-8dd4-453d-975e-442189a07fe2#0:FAIL-t134] and 1 exception(s); 8bce6a00-3bba-419d-83ac-b35141b6b559@group-31C3DC938042:t134, leader=null, voted=8bce6a00-3bba-419d-83ac-b35141b6b559, raftlog=8bce6a00-3bba-419d-83ac-b35141b6b559@group-31C3DC938042-SegmentedRaftLog:OPENED:c-1,f-1,i0, conf=-1: [774c78e1-8dd4-453d-975e-442189a07fe2:192.168.157.242:38712, 7247ad7d-2ca2-4af8-9337-77c07ea89cb3:192.168.157.242:42362, 8bce6a00-3bba-419d-83ac-b35141b6b559:192.168.157.242:37801], old=null
2019-10-19 01:26:43,769 [8bce6a00-3bba-419d-83ac-b35141b6b559@group-31C3DC938042-LeaderElection149] INFO  impl.LeaderElection (LogUtils.java:infoOrTrace(149)) -   Exception 0: {}
java.util.concurrent.ExecutionException: org.apache.ratis.thirdparty.io.grpc.StatusRuntimeException: UNAVAILABLE: io exception
	at java.util.concurrent.FutureTask.report(FutureTask.java:122)
	at java.util.concurrent.FutureTask.get(FutureTask.java:192)
	at org.apache.ratis.server.impl.LeaderElection.waitForResults(LeaderElection.java:259)
	at org.apache.ratis.server.impl.LeaderElection.askForVotes(LeaderElection.java:197)
	at org.apache.ratis.server.impl.LeaderElection.run(LeaderElection.java:133)
	at java.lang.Thread.run(Thread.java:748)
Caused by: org.apache.ratis.thirdparty.io.grpc.StatusRuntimeException: UNAVAILABLE: io exception
	at org.apache.ratis.thirdparty.io.grpc.stub.ClientCalls.toStatusRuntimeException(ClientCalls.java:233)
	at org.apache.ratis.thirdparty.io.grpc.stub.ClientCalls.getUnchecked(ClientCalls.java:214)
	at org.apache.ratis.thirdparty.io.grpc.stub.ClientCalls.blockingUnaryCall(ClientCalls.java:139)
	at org.apache.ratis.proto.grpc.RaftServerProtocolServiceGrpc$RaftServerProtocolServiceBlockingStub.requestVote(RaftServerProtocolServiceGrpc.java:265)
	at org.apache.ratis.grpc.server.GrpcServerProtocolClient.requestVote(GrpcServerProtocolClient.java:99)
	at org.apache.ratis.grpc.server.GrpcService.requestVote(GrpcService.java:204)
	at org.apache.ratis.server.impl.LeaderElection.lambda$submitRequests$1(LeaderElection.java:234)
	at java.util.concurrent.FutureTask.run(FutureTask.java:266)
	at java.util.concurrent.Executors$RunnableAdapter.call(Executors.java:511)
	at java.util.concurrent.FutureTask.run(FutureTask.java:266)
	at java.util.concurrent.ThreadPoolExecutor.runWorker(ThreadPoolExecutor.java:1149)
	at java.util.concurrent.ThreadPoolExecutor$Worker.run(ThreadPoolExecutor.java:624)
	... 1 more
Caused by: org.apache.ratis.thirdparty.io.netty.channel.AbstractChannel$AnnotatedConnectException: Connection refused: /192.168.157.242:42362
	at sun.nio.ch.SocketChannelImpl.checkConnect(Native Method)
	at sun.nio.ch.SocketChannelImpl.finishConnect(SocketChannelImpl.java:717)
	at org.apache.ratis.thirdparty.io.netty.channel.socket.nio.NioSocketChannel.doFinishConnect(NioSocketChannel.java:327)
	at org.apache.ratis.thirdparty.io.netty.channel.nio.AbstractNioChannel$AbstractNioUnsafe.finishConnect(AbstractNioChannel.java:340)
	at org.apache.ratis.thirdparty.io.netty.channel.nio.NioEventLoop.processSelectedKey(NioEventLoop.java:632)
	at org.apache.ratis.thirdparty.io.netty.channel.nio.NioEventLoop.processSelectedKeysOptimized(NioEventLoop.java:579)
	at org.apache.ratis.thirdparty.io.netty.channel.nio.NioEventLoop.processSelectedKeys(NioEventLoop.java:496)
	at org.apache.ratis.thirdparty.io.netty.channel.nio.NioEventLoop.run(NioEventLoop.java:458)
	at org.apache.ratis.thirdparty.io.netty.util.concurrent.SingleThreadEventExecutor$5.run(SingleThreadEventExecutor.java:897)
	at org.apache.ratis.thirdparty.io.netty.util.concurrent.FastThreadLocalRunnable.run(FastThreadLocalRunnable.java:30)
	... 1 more
Caused by: java.net.ConnectException: Connection refused
	... 11 more
2019-10-19 01:26:43,769 [8bce6a00-3bba-419d-83ac-b35141b6b559@group-31C3DC938042-LeaderElection149] INFO  impl.RaftServerImpl (RaftServerImpl.java:setRole(184)) - 8bce6a00-3bba-419d-83ac-b35141b6b559@group-31C3DC938042: changes role from CANDIDATE to FOLLOWER at term 134 for DISCOVERED_A_NEW_TERM
2019-10-19 01:26:43,769 [8bce6a00-3bba-419d-83ac-b35141b6b559@group-31C3DC938042-LeaderElection149] INFO  impl.RoleInfo (RoleInfo.java:shutdownLeaderElection(134)) - 8bce6a00-3bba-419d-83ac-b35141b6b559: shutdown LeaderElection
2019-10-19 01:26:43,769 [8bce6a00-3bba-419d-83ac-b35141b6b559@group-31C3DC938042-LeaderElection149] INFO  impl.RoleInfo (RoleInfo.java:updateAndGet(143)) - 8bce6a00-3bba-419d-83ac-b35141b6b559: start FollowerState
2019-10-19 01:26:43,876 [Thread-1488] INFO  impl.FollowerState (FollowerState.java:run(108)) - 8bce6a00-3bba-419d-83ac-b35141b6b559@group-31C3DC938042-FollowerState: change to CANDIDATE, lastRpcTime:106ms, electionTimeout:106ms
2019-10-19 01:26:43,876 [Thread-1488] INFO  impl.RoleInfo (RoleInfo.java:shutdownFollowerState(121)) - 8bce6a00-3bba-419d-83ac-b35141b6b559: shutdown FollowerState
2019-10-19 01:26:43,876 [Thread-1488] INFO  impl.RaftServerImpl (RaftServerImpl.java:setRole(184)) - 8bce6a00-3bba-419d-83ac-b35141b6b559@group-31C3DC938042: changes role from  FOLLOWER to CANDIDATE at term 134 for changeToCandidate
2019-10-19 01:26:43,876 [Thread-1488] INFO  impl.RoleInfo (RoleInfo.java:updateAndGet(143)) - 8bce6a00-3bba-419d-83ac-b35141b6b559: start LeaderElection
2019-10-19 01:26:43,889 [8bce6a00-3bba-419d-83ac-b35141b6b559@group-31C3DC938042-LeaderElection150] INFO  impl.LeaderElection (LeaderElection.java:askForVotes(178)) - 8bce6a00-3bba-419d-83ac-b35141b6b559@group-31C3DC938042-LeaderElection150: begin an election at term 135 for -1: [774c78e1-8dd4-453d-975e-442189a07fe2:192.168.157.242:38712, 7247ad7d-2ca2-4af8-9337-77c07ea89cb3:192.168.157.242:42362, 8bce6a00-3bba-419d-83ac-b35141b6b559:192.168.157.242:37801], old=null
2019-10-19 01:26:43,890 [8bce6a00-3bba-419d-83ac-b35141b6b559@group-31C3DC938042-LeaderElection150] INFO  impl.LeaderElection (LogUtils.java:infoOrTrace(149)) - 8bce6a00-3bba-419d-83ac-b35141b6b559@group-31C3DC938042-LeaderElection150 got exception when requesting votes: {}
java.util.concurrent.ExecutionException: org.apache.ratis.thirdparty.io.grpc.StatusRuntimeException: UNAVAILABLE: io exception
	at java.util.concurrent.FutureTask.report(FutureTask.java:122)
	at java.util.concurrent.FutureTask.get(FutureTask.java:192)
	at org.apache.ratis.server.impl.LeaderElection.waitForResults(LeaderElection.java:259)
	at org.apache.ratis.server.impl.LeaderElection.askForVotes(LeaderElection.java:197)
	at org.apache.ratis.server.impl.LeaderElection.run(LeaderElection.java:133)
	at java.lang.Thread.run(Thread.java:748)
Caused by: org.apache.ratis.thirdparty.io.grpc.StatusRuntimeException: UNAVAILABLE: io exception
	at org.apache.ratis.thirdparty.io.grpc.stub.ClientCalls.toStatusRuntimeException(ClientCalls.java:233)
	at org.apache.ratis.thirdparty.io.grpc.stub.ClientCalls.getUnchecked(ClientCalls.java:214)
	at org.apache.ratis.thirdparty.io.grpc.stub.ClientCalls.blockingUnaryCall(ClientCalls.java:139)
	at org.apache.ratis.proto.grpc.RaftServerProtocolServiceGrpc$RaftServerProtocolServiceBlockingStub.requestVote(RaftServerProtocolServiceGrpc.java:265)
	at org.apache.ratis.grpc.server.GrpcServerProtocolClient.requestVote(GrpcServerProtocolClient.java:99)
	at org.apache.ratis.grpc.server.GrpcService.requestVote(GrpcService.java:204)
	at org.apache.ratis.server.impl.LeaderElection.lambda$submitRequests$1(LeaderElection.java:234)
	at java.util.concurrent.FutureTask.run(FutureTask.java:266)
	at java.util.concurrent.Executors$RunnableAdapter.call(Executors.java:511)
	at java.util.concurrent.FutureTask.run(FutureTask.java:266)
	at java.util.concurrent.ThreadPoolExecutor.runWorker(ThreadPoolExecutor.java:1149)
	at java.util.concurrent.ThreadPoolExecutor$Worker.run(ThreadPoolExecutor.java:624)
	... 1 more
Caused by: org.apache.ratis.thirdparty.io.netty.channel.AbstractChannel$AnnotatedConnectException: Connection refused: /192.168.157.242:42362
	at sun.nio.ch.SocketChannelImpl.checkConnect(Native Method)
	at sun.nio.ch.SocketChannelImpl.finishConnect(SocketChannelImpl.java:717)
	at org.apache.ratis.thirdparty.io.netty.channel.socket.nio.NioSocketChannel.doFinishConnect(NioSocketChannel.java:327)
	at org.apache.ratis.thirdparty.io.netty.channel.nio.AbstractNioChannel$AbstractNioUnsafe.finishConnect(AbstractNioChannel.java:340)
	at org.apache.ratis.thirdparty.io.netty.channel.nio.NioEventLoop.processSelectedKey(NioEventLoop.java:632)
	at org.apache.ratis.thirdparty.io.netty.channel.nio.NioEventLoop.processSelectedKeysOptimized(NioEventLoop.java:579)
	at org.apache.ratis.thirdparty.io.netty.channel.nio.NioEventLoop.processSelectedKeys(NioEventLoop.java:496)
	at org.apache.ratis.thirdparty.io.netty.channel.nio.NioEventLoop.run(NioEventLoop.java:458)
	at org.apache.ratis.thirdparty.io.netty.util.concurrent.SingleThreadEventExecutor$5.run(SingleThreadEventExecutor.java:897)
	at org.apache.ratis.thirdparty.io.netty.util.concurrent.FastThreadLocalRunnable.run(FastThreadLocalRunnable.java:30)
	... 1 more
Caused by: java.net.ConnectException: Connection refused
	... 11 more
2019-10-19 01:26:43,893 [grpc-default-executor-0] INFO  impl.RaftServerImpl (RaftServerImpl.java:setRole(184)) - 774c78e1-8dd4-453d-975e-442189a07fe2@group-31C3DC938042: changes role from  FOLLOWER to FOLLOWER at term 135 for recognizeCandidate:8bce6a00-3bba-419d-83ac-b35141b6b559
2019-10-19 01:26:43,893 [grpc-default-executor-0] INFO  impl.RoleInfo (RoleInfo.java:shutdownFollowerState(121)) - 774c78e1-8dd4-453d-975e-442189a07fe2: shutdown FollowerState
2019-10-19 01:26:43,894 [grpc-default-executor-0] INFO  impl.RoleInfo (RoleInfo.java:updateAndGet(143)) - 774c78e1-8dd4-453d-975e-442189a07fe2: start FollowerState
2019-10-19 01:26:43,894 [Thread-1487] INFO  impl.FollowerState (FollowerState.java:run(117)) - 774c78e1-8dd4-453d-975e-442189a07fe2@group-31C3DC938042-FollowerState was interrupted: java.lang.InterruptedException: sleep interrupted
2019-10-19 01:26:43,915 [8bce6a00-3bba-419d-83ac-b35141b6b559@group-31C3DC938042-LeaderElection150] INFO  impl.LeaderElection (LeaderElection.java:logAndReturn(56)) - 8bce6a00-3bba-419d-83ac-b35141b6b559@group-31C3DC938042-LeaderElection150: Election REJECTED; received 1 response(s) [8bce6a00-3bba-419d-83ac-b35141b6b559<-774c78e1-8dd4-453d-975e-442189a07fe2#0:FAIL-t135] and 1 exception(s); 8bce6a00-3bba-419d-83ac-b35141b6b559@group-31C3DC938042:t135, leader=null, voted=8bce6a00-3bba-419d-83ac-b35141b6b559, raftlog=8bce6a00-3bba-419d-83ac-b35141b6b559@group-31C3DC938042-SegmentedRaftLog:OPENED:c-1,f-1,i0, conf=-1: [774c78e1-8dd4-453d-975e-442189a07fe2:192.168.157.242:38712, 7247ad7d-2ca2-4af8-9337-77c07ea89cb3:192.168.157.242:42362, 8bce6a00-3bba-419d-83ac-b35141b6b559:192.168.157.242:37801], old=null
2019-10-19 01:26:43,915 [8bce6a00-3bba-419d-83ac-b35141b6b559@group-31C3DC938042-LeaderElection150] INFO  impl.LeaderElection (LogUtils.java:infoOrTrace(149)) -   Exception 0: {}
java.util.concurrent.ExecutionException: org.apache.ratis.thirdparty.io.grpc.StatusRuntimeException: UNAVAILABLE: io exception
	at java.util.concurrent.FutureTask.report(FutureTask.java:122)
	at java.util.concurrent.FutureTask.get(FutureTask.java:192)
	at org.apache.ratis.server.impl.LeaderElection.waitForResults(LeaderElection.java:259)
	at org.apache.ratis.server.impl.LeaderElection.askForVotes(LeaderElection.java:197)
	at org.apache.ratis.server.impl.LeaderElection.run(LeaderElection.java:133)
	at java.lang.Thread.run(Thread.java:748)
Caused by: org.apache.ratis.thirdparty.io.grpc.StatusRuntimeException: UNAVAILABLE: io exception
	at org.apache.ratis.thirdparty.io.grpc.stub.ClientCalls.toStatusRuntimeException(ClientCalls.java:233)
	at org.apache.ratis.thirdparty.io.grpc.stub.ClientCalls.getUnchecked(ClientCalls.java:214)
	at org.apache.ratis.thirdparty.io.grpc.stub.ClientCalls.blockingUnaryCall(ClientCalls.java:139)
	at org.apache.ratis.proto.grpc.RaftServerProtocolServiceGrpc$RaftServerProtocolServiceBlockingStub.requestVote(RaftServerProtocolServiceGrpc.java:265)
	at org.apache.ratis.grpc.server.GrpcServerProtocolClient.requestVote(GrpcServerProtocolClient.java:99)
	at org.apache.ratis.grpc.server.GrpcService.requestVote(GrpcService.java:204)
	at org.apache.ratis.server.impl.LeaderElection.lambda$submitRequests$1(LeaderElection.java:234)
	at java.util.concurrent.FutureTask.run(FutureTask.java:266)
	at java.util.concurrent.Executors$RunnableAdapter.call(Executors.java:511)
	at java.util.concurrent.FutureTask.run(FutureTask.java:266)
	at java.util.concurrent.ThreadPoolExecutor.runWorker(ThreadPoolExecutor.java:1149)
	at java.util.concurrent.ThreadPoolExecutor$Worker.run(ThreadPoolExecutor.java:624)
	... 1 more
Caused by: org.apache.ratis.thirdparty.io.netty.channel.AbstractChannel$AnnotatedConnectException: Connection refused: /192.168.157.242:42362
	at sun.nio.ch.SocketChannelImpl.checkConnect(Native Method)
	at sun.nio.ch.SocketChannelImpl.finishConnect(SocketChannelImpl.java:717)
	at org.apache.ratis.thirdparty.io.netty.channel.socket.nio.NioSocketChannel.doFinishConnect(NioSocketChannel.java:327)
	at org.apache.ratis.thirdparty.io.netty.channel.nio.AbstractNioChannel$AbstractNioUnsafe.finishConnect(AbstractNioChannel.java:340)
	at org.apache.ratis.thirdparty.io.netty.channel.nio.NioEventLoop.processSelectedKey(NioEventLoop.java:632)
	at org.apache.ratis.thirdparty.io.netty.channel.nio.NioEventLoop.processSelectedKeysOptimized(NioEventLoop.java:579)
	at org.apache.ratis.thirdparty.io.netty.channel.nio.NioEventLoop.processSelectedKeys(NioEventLoop.java:496)
	at org.apache.ratis.thirdparty.io.netty.channel.nio.NioEventLoop.run(NioEventLoop.java:458)
	at org.apache.ratis.thirdparty.io.netty.util.concurrent.SingleThreadEventExecutor$5.run(SingleThreadEventExecutor.java:897)
	at org.apache.ratis.thirdparty.io.netty.util.concurrent.FastThreadLocalRunnable.run(FastThreadLocalRunnable.java:30)
	... 1 more
Caused by: java.net.ConnectException: Connection refused
	... 11 more
2019-10-19 01:26:43,916 [8bce6a00-3bba-419d-83ac-b35141b6b559@group-31C3DC938042-LeaderElection150] INFO  impl.RaftServerImpl (RaftServerImpl.java:setRole(184)) - 8bce6a00-3bba-419d-83ac-b35141b6b559@group-31C3DC938042: changes role from CANDIDATE to FOLLOWER at term 135 for DISCOVERED_A_NEW_TERM
2019-10-19 01:26:43,916 [8bce6a00-3bba-419d-83ac-b35141b6b559@group-31C3DC938042-LeaderElection150] INFO  impl.RoleInfo (RoleInfo.java:shutdownLeaderElection(134)) - 8bce6a00-3bba-419d-83ac-b35141b6b559: shutdown LeaderElection
2019-10-19 01:26:43,916 [8bce6a00-3bba-419d-83ac-b35141b6b559@group-31C3DC938042-LeaderElection150] INFO  impl.RoleInfo (RoleInfo.java:updateAndGet(143)) - 8bce6a00-3bba-419d-83ac-b35141b6b559: start FollowerState
2019-10-19 01:26:44,060 [Thread-1493] INFO  impl.FollowerState (FollowerState.java:run(108)) - 8bce6a00-3bba-419d-83ac-b35141b6b559@group-31C3DC938042-FollowerState: change to CANDIDATE, lastRpcTime:144ms, electionTimeout:144ms
2019-10-19 01:26:44,061 [Thread-1493] INFO  impl.RoleInfo (RoleInfo.java:shutdownFollowerState(121)) - 8bce6a00-3bba-419d-83ac-b35141b6b559: shutdown FollowerState
2019-10-19 01:26:44,061 [Thread-1493] INFO  impl.RaftServerImpl (RaftServerImpl.java:setRole(184)) - 8bce6a00-3bba-419d-83ac-b35141b6b559@group-31C3DC938042: changes role from  FOLLOWER to CANDIDATE at term 135 for changeToCandidate
2019-10-19 01:26:44,061 [Thread-1493] INFO  impl.RoleInfo (RoleInfo.java:updateAndGet(143)) - 8bce6a00-3bba-419d-83ac-b35141b6b559: start LeaderElection
2019-10-19 01:26:44,070 [8bce6a00-3bba-419d-83ac-b35141b6b559@group-31C3DC938042-LeaderElection151] INFO  impl.LeaderElection (LeaderElection.java:askForVotes(178)) - 8bce6a00-3bba-419d-83ac-b35141b6b559@group-31C3DC938042-LeaderElection151: begin an election at term 136 for -1: [774c78e1-8dd4-453d-975e-442189a07fe2:192.168.157.242:38712, 7247ad7d-2ca2-4af8-9337-77c07ea89cb3:192.168.157.242:42362, 8bce6a00-3bba-419d-83ac-b35141b6b559:192.168.157.242:37801], old=null
2019-10-19 01:26:44,071 [8bce6a00-3bba-419d-83ac-b35141b6b559@group-31C3DC938042-LeaderElection151] INFO  impl.LeaderElection (LogUtils.java:infoOrTrace(149)) - 8bce6a00-3bba-419d-83ac-b35141b6b559@group-31C3DC938042-LeaderElection151 got exception when requesting votes: {}
java.util.concurrent.ExecutionException: org.apache.ratis.thirdparty.io.grpc.StatusRuntimeException: UNAVAILABLE: io exception
	at java.util.concurrent.FutureTask.report(FutureTask.java:122)
	at java.util.concurrent.FutureTask.get(FutureTask.java:192)
	at org.apache.ratis.server.impl.LeaderElection.waitForResults(LeaderElection.java:259)
	at org.apache.ratis.server.impl.LeaderElection.askForVotes(LeaderElection.java:197)
	at org.apache.ratis.server.impl.LeaderElection.run(LeaderElection.java:133)
	at java.lang.Thread.run(Thread.java:748)
Caused by: org.apache.ratis.thirdparty.io.grpc.StatusRuntimeException: UNAVAILABLE: io exception
	at org.apache.ratis.thirdparty.io.grpc.stub.ClientCalls.toStatusRuntimeException(ClientCalls.java:233)
	at org.apache.ratis.thirdparty.io.grpc.stub.ClientCalls.getUnchecked(ClientCalls.java:214)
	at org.apache.ratis.thirdparty.io.grpc.stub.ClientCalls.blockingUnaryCall(ClientCalls.java:139)
	at org.apache.ratis.proto.grpc.RaftServerProtocolServiceGrpc$RaftServerProtocolServiceBlockingStub.requestVote(RaftServerProtocolServiceGrpc.java:265)
	at org.apache.ratis.grpc.server.GrpcServerProtocolClient.requestVote(GrpcServerProtocolClient.java:99)
	at org.apache.ratis.grpc.server.GrpcService.requestVote(GrpcService.java:204)
	at org.apache.ratis.server.impl.LeaderElection.lambda$submitRequests$1(LeaderElection.java:234)
	at java.util.concurrent.FutureTask.run(FutureTask.java:266)
	at java.util.concurrent.Executors$RunnableAdapter.call(Executors.java:511)
	at java.util.concurrent.FutureTask.run(FutureTask.java:266)
	at java.util.concurrent.ThreadPoolExecutor.runWorker(ThreadPoolExecutor.java:1149)
	at java.util.concurrent.ThreadPoolExecutor$Worker.run(ThreadPoolExecutor.java:624)
	... 1 more
Caused by: org.apache.ratis.thirdparty.io.netty.channel.AbstractChannel$AnnotatedConnectException: Connection refused: /192.168.157.242:42362
	at sun.nio.ch.SocketChannelImpl.checkConnect(Native Method)
	at sun.nio.ch.SocketChannelImpl.finishConnect(SocketChannelImpl.java:717)
	at org.apache.ratis.thirdparty.io.netty.channel.socket.nio.NioSocketChannel.doFinishConnect(NioSocketChannel.java:327)
	at org.apache.ratis.thirdparty.io.netty.channel.nio.AbstractNioChannel$AbstractNioUnsafe.finishConnect(AbstractNioChannel.java:340)
	at org.apache.ratis.thirdparty.io.netty.channel.nio.NioEventLoop.processSelectedKey(NioEventLoop.java:632)
	at org.apache.ratis.thirdparty.io.netty.channel.nio.NioEventLoop.processSelectedKeysOptimized(NioEventLoop.java:579)
	at org.apache.ratis.thirdparty.io.netty.channel.nio.NioEventLoop.processSelectedKeys(NioEventLoop.java:496)
	at org.apache.ratis.thirdparty.io.netty.channel.nio.NioEventLoop.run(NioEventLoop.java:458)
	at org.apache.ratis.thirdparty.io.netty.util.concurrent.SingleThreadEventExecutor$5.run(SingleThreadEventExecutor.java:897)
	at org.apache.ratis.thirdparty.io.netty.util.concurrent.FastThreadLocalRunnable.run(FastThreadLocalRunnable.java:30)
	... 1 more
Caused by: java.net.ConnectException: Connection refused
	... 11 more
2019-10-19 01:26:44,091 [grpc-default-executor-4] INFO  impl.RaftServerImpl (RaftServerImpl.java:setRole(184)) - 774c78e1-8dd4-453d-975e-442189a07fe2@group-31C3DC938042: changes role from  FOLLOWER to FOLLOWER at term 136 for recognizeCandidate:8bce6a00-3bba-419d-83ac-b35141b6b559
2019-10-19 01:26:44,091 [grpc-default-executor-4] INFO  impl.RoleInfo (RoleInfo.java:shutdownFollowerState(121)) - 774c78e1-8dd4-453d-975e-442189a07fe2: shutdown FollowerState
2019-10-19 01:26:44,091 [grpc-default-executor-4] INFO  impl.RoleInfo (RoleInfo.java:updateAndGet(143)) - 774c78e1-8dd4-453d-975e-442189a07fe2: start FollowerState
2019-10-19 01:26:44,091 [Thread-1492] INFO  impl.FollowerState (FollowerState.java:run(117)) - 774c78e1-8dd4-453d-975e-442189a07fe2@group-31C3DC938042-FollowerState was interrupted: java.lang.InterruptedException: sleep interrupted
2019-10-19 01:26:44,111 [8bce6a00-3bba-419d-83ac-b35141b6b559@group-31C3DC938042-LeaderElection151] INFO  impl.LeaderElection (LeaderElection.java:logAndReturn(56)) - 8bce6a00-3bba-419d-83ac-b35141b6b559@group-31C3DC938042-LeaderElection151: Election REJECTED; received 1 response(s) [8bce6a00-3bba-419d-83ac-b35141b6b559<-774c78e1-8dd4-453d-975e-442189a07fe2#0:FAIL-t136] and 1 exception(s); 8bce6a00-3bba-419d-83ac-b35141b6b559@group-31C3DC938042:t136, leader=null, voted=8bce6a00-3bba-419d-83ac-b35141b6b559, raftlog=8bce6a00-3bba-419d-83ac-b35141b6b559@group-31C3DC938042-SegmentedRaftLog:OPENED:c-1,f-1,i0, conf=-1: [774c78e1-8dd4-453d-975e-442189a07fe2:192.168.157.242:38712, 7247ad7d-2ca2-4af8-9337-77c07ea89cb3:192.168.157.242:42362, 8bce6a00-3bba-419d-83ac-b35141b6b559:192.168.157.242:37801], old=null
2019-10-19 01:26:44,111 [8bce6a00-3bba-419d-83ac-b35141b6b559@group-31C3DC938042-LeaderElection151] INFO  impl.LeaderElection (LogUtils.java:infoOrTrace(149)) -   Exception 0: {}
java.util.concurrent.ExecutionException: org.apache.ratis.thirdparty.io.grpc.StatusRuntimeException: UNAVAILABLE: io exception
	at java.util.concurrent.FutureTask.report(FutureTask.java:122)
	at java.util.concurrent.FutureTask.get(FutureTask.java:192)
	at org.apache.ratis.server.impl.LeaderElection.waitForResults(LeaderElection.java:259)
	at org.apache.ratis.server.impl.LeaderElection.askForVotes(LeaderElection.java:197)
	at org.apache.ratis.server.impl.LeaderElection.run(LeaderElection.java:133)
	at java.lang.Thread.run(Thread.java:748)
Caused by: org.apache.ratis.thirdparty.io.grpc.StatusRuntimeException: UNAVAILABLE: io exception
	at org.apache.ratis.thirdparty.io.grpc.stub.ClientCalls.toStatusRuntimeException(ClientCalls.java:233)
	at org.apache.ratis.thirdparty.io.grpc.stub.ClientCalls.getUnchecked(ClientCalls.java:214)
	at org.apache.ratis.thirdparty.io.grpc.stub.ClientCalls.blockingUnaryCall(ClientCalls.java:139)
	at org.apache.ratis.proto.grpc.RaftServerProtocolServiceGrpc$RaftServerProtocolServiceBlockingStub.requestVote(RaftServerProtocolServiceGrpc.java:265)
	at org.apache.ratis.grpc.server.GrpcServerProtocolClient.requestVote(GrpcServerProtocolClient.java:99)
	at org.apache.ratis.grpc.server.GrpcService.requestVote(GrpcService.java:204)
	at org.apache.ratis.server.impl.LeaderElection.lambda$submitRequests$1(LeaderElection.java:234)
	at java.util.concurrent.FutureTask.run(FutureTask.java:266)
	at java.util.concurrent.Executors$RunnableAdapter.call(Executors.java:511)
	at java.util.concurrent.FutureTask.run(FutureTask.java:266)
	at java.util.concurrent.ThreadPoolExecutor.runWorker(ThreadPoolExecutor.java:1149)
	at java.util.concurrent.ThreadPoolExecutor$Worker.run(ThreadPoolExecutor.java:624)
	... 1 more
Caused by: org.apache.ratis.thirdparty.io.netty.channel.AbstractChannel$AnnotatedConnectException: Connection refused: /192.168.157.242:42362
	at sun.nio.ch.SocketChannelImpl.checkConnect(Native Method)
	at sun.nio.ch.SocketChannelImpl.finishConnect(SocketChannelImpl.java:717)
	at org.apache.ratis.thirdparty.io.netty.channel.socket.nio.NioSocketChannel.doFinishConnect(NioSocketChannel.java:327)
	at org.apache.ratis.thirdparty.io.netty.channel.nio.AbstractNioChannel$AbstractNioUnsafe.finishConnect(AbstractNioChannel.java:340)
	at org.apache.ratis.thirdparty.io.netty.channel.nio.NioEventLoop.processSelectedKey(NioEventLoop.java:632)
	at org.apache.ratis.thirdparty.io.netty.channel.nio.NioEventLoop.processSelectedKeysOptimized(NioEventLoop.java:579)
	at org.apache.ratis.thirdparty.io.netty.channel.nio.NioEventLoop.processSelectedKeys(NioEventLoop.java:496)
	at org.apache.ratis.thirdparty.io.netty.channel.nio.NioEventLoop.run(NioEventLoop.java:458)
	at org.apache.ratis.thirdparty.io.netty.util.concurrent.SingleThreadEventExecutor$5.run(SingleThreadEventExecutor.java:897)
	at org.apache.ratis.thirdparty.io.netty.util.concurrent.FastThreadLocalRunnable.run(FastThreadLocalRunnable.java:30)
	... 1 more
Caused by: java.net.ConnectException: Connection refused
	... 11 more
2019-10-19 01:26:44,112 [8bce6a00-3bba-419d-83ac-b35141b6b559@group-31C3DC938042-LeaderElection151] INFO  impl.RaftServerImpl (RaftServerImpl.java:setRole(184)) - 8bce6a00-3bba-419d-83ac-b35141b6b559@group-31C3DC938042: changes role from CANDIDATE to FOLLOWER at term 136 for DISCOVERED_A_NEW_TERM
2019-10-19 01:26:44,112 [8bce6a00-3bba-419d-83ac-b35141b6b559@group-31C3DC938042-LeaderElection151] INFO  impl.RoleInfo (RoleInfo.java:shutdownLeaderElection(134)) - 8bce6a00-3bba-419d-83ac-b35141b6b559: shutdown LeaderElection
2019-10-19 01:26:44,112 [8bce6a00-3bba-419d-83ac-b35141b6b559@group-31C3DC938042-LeaderElection151] INFO  impl.RoleInfo (RoleInfo.java:updateAndGet(143)) - 8bce6a00-3bba-419d-83ac-b35141b6b559: start FollowerState
2019-10-19 01:26:44,224 [Thread-1500] INFO  impl.FollowerState (FollowerState.java:run(108)) - 8bce6a00-3bba-419d-83ac-b35141b6b559@group-31C3DC938042-FollowerState: change to CANDIDATE, lastRpcTime:112ms, electionTimeout:112ms
2019-10-19 01:26:44,224 [Thread-1500] INFO  impl.RoleInfo (RoleInfo.java:shutdownFollowerState(121)) - 8bce6a00-3bba-419d-83ac-b35141b6b559: shutdown FollowerState
2019-10-19 01:26:44,225 [Thread-1500] INFO  impl.RaftServerImpl (RaftServerImpl.java:setRole(184)) - 8bce6a00-3bba-419d-83ac-b35141b6b559@group-31C3DC938042: changes role from  FOLLOWER to CANDIDATE at term 136 for changeToCandidate
2019-10-19 01:26:44,225 [Thread-1500] INFO  impl.RoleInfo (RoleInfo.java:updateAndGet(143)) - 8bce6a00-3bba-419d-83ac-b35141b6b559: start LeaderElection
2019-10-19 01:26:44,239 [8bce6a00-3bba-419d-83ac-b35141b6b559@group-31C3DC938042-LeaderElection152] INFO  impl.LeaderElection (LeaderElection.java:askForVotes(178)) - 8bce6a00-3bba-419d-83ac-b35141b6b559@group-31C3DC938042-LeaderElection152: begin an election at term 137 for -1: [774c78e1-8dd4-453d-975e-442189a07fe2:192.168.157.242:38712, 7247ad7d-2ca2-4af8-9337-77c07ea89cb3:192.168.157.242:42362, 8bce6a00-3bba-419d-83ac-b35141b6b559:192.168.157.242:37801], old=null
2019-10-19 01:26:44,240 [8bce6a00-3bba-419d-83ac-b35141b6b559@group-31C3DC938042-LeaderElection152] INFO  impl.LeaderElection (LogUtils.java:infoOrTrace(149)) - 8bce6a00-3bba-419d-83ac-b35141b6b559@group-31C3DC938042-LeaderElection152 got exception when requesting votes: {}
java.util.concurrent.ExecutionException: org.apache.ratis.thirdparty.io.grpc.StatusRuntimeException: UNAVAILABLE: io exception
	at java.util.concurrent.FutureTask.report(FutureTask.java:122)
	at java.util.concurrent.FutureTask.get(FutureTask.java:192)
	at org.apache.ratis.server.impl.LeaderElection.waitForResults(LeaderElection.java:259)
	at org.apache.ratis.server.impl.LeaderElection.askForVotes(LeaderElection.java:197)
	at org.apache.ratis.server.impl.LeaderElection.run(LeaderElection.java:133)
	at java.lang.Thread.run(Thread.java:748)
Caused by: org.apache.ratis.thirdparty.io.grpc.StatusRuntimeException: UNAVAILABLE: io exception
	at org.apache.ratis.thirdparty.io.grpc.stub.ClientCalls.toStatusRuntimeException(ClientCalls.java:233)
	at org.apache.ratis.thirdparty.io.grpc.stub.ClientCalls.getUnchecked(ClientCalls.java:214)
	at org.apache.ratis.thirdparty.io.grpc.stub.ClientCalls.blockingUnaryCall(ClientCalls.java:139)
	at org.apache.ratis.proto.grpc.RaftServerProtocolServiceGrpc$RaftServerProtocolServiceBlockingStub.requestVote(RaftServerProtocolServiceGrpc.java:265)
	at org.apache.ratis.grpc.server.GrpcServerProtocolClient.requestVote(GrpcServerProtocolClient.java:99)
	at org.apache.ratis.grpc.server.GrpcService.requestVote(GrpcService.java:204)
	at org.apache.ratis.server.impl.LeaderElection.lambda$submitRequests$1(LeaderElection.java:234)
	at java.util.concurrent.FutureTask.run(FutureTask.java:266)
	at java.util.concurrent.Executors$RunnableAdapter.call(Executors.java:511)
	at java.util.concurrent.FutureTask.run(FutureTask.java:266)
	at java.util.concurrent.ThreadPoolExecutor.runWorker(ThreadPoolExecutor.java:1149)
	at java.util.concurrent.ThreadPoolExecutor$Worker.run(ThreadPoolExecutor.java:624)
	... 1 more
Caused by: org.apache.ratis.thirdparty.io.netty.channel.AbstractChannel$AnnotatedConnectException: Connection refused: /192.168.157.242:42362
	at sun.nio.ch.SocketChannelImpl.checkConnect(Native Method)
	at sun.nio.ch.SocketChannelImpl.finishConnect(SocketChannelImpl.java:717)
	at org.apache.ratis.thirdparty.io.netty.channel.socket.nio.NioSocketChannel.doFinishConnect(NioSocketChannel.java:327)
	at org.apache.ratis.thirdparty.io.netty.channel.nio.AbstractNioChannel$AbstractNioUnsafe.finishConnect(AbstractNioChannel.java:340)
	at org.apache.ratis.thirdparty.io.netty.channel.nio.NioEventLoop.processSelectedKey(NioEventLoop.java:632)
	at org.apache.ratis.thirdparty.io.netty.channel.nio.NioEventLoop.processSelectedKeysOptimized(NioEventLoop.java:579)
	at org.apache.ratis.thirdparty.io.netty.channel.nio.NioEventLoop.processSelectedKeys(NioEventLoop.java:496)
	at org.apache.ratis.thirdparty.io.netty.channel.nio.NioEventLoop.run(NioEventLoop.java:458)
	at org.apache.ratis.thirdparty.io.netty.util.concurrent.SingleThreadEventExecutor$5.run(SingleThreadEventExecutor.java:897)
	at org.apache.ratis.thirdparty.io.netty.util.concurrent.FastThreadLocalRunnable.run(FastThreadLocalRunnable.java:30)
	... 1 more
Caused by: java.net.ConnectException: Connection refused
	... 11 more
2019-10-19 01:26:44,243 [grpc-default-executor-4] INFO  impl.RaftServerImpl (RaftServerImpl.java:setRole(184)) - 774c78e1-8dd4-453d-975e-442189a07fe2@group-31C3DC938042: changes role from  FOLLOWER to FOLLOWER at term 137 for recognizeCandidate:8bce6a00-3bba-419d-83ac-b35141b6b559
2019-10-19 01:26:44,243 [grpc-default-executor-4] INFO  impl.RoleInfo (RoleInfo.java:shutdownFollowerState(121)) - 774c78e1-8dd4-453d-975e-442189a07fe2: shutdown FollowerState
2019-10-19 01:26:44,243 [grpc-default-executor-4] INFO  impl.RoleInfo (RoleInfo.java:updateAndGet(143)) - 774c78e1-8dd4-453d-975e-442189a07fe2: start FollowerState
2019-10-19 01:26:44,243 [Thread-1499] INFO  impl.FollowerState (FollowerState.java:run(117)) - 774c78e1-8dd4-453d-975e-442189a07fe2@group-31C3DC938042-FollowerState was interrupted: java.lang.InterruptedException: sleep interrupted
2019-10-19 01:26:44,257 [8bce6a00-3bba-419d-83ac-b35141b6b559@group-31C3DC938042-LeaderElection152] INFO  impl.LeaderElection (LeaderElection.java:logAndReturn(56)) - 8bce6a00-3bba-419d-83ac-b35141b6b559@group-31C3DC938042-LeaderElection152: Election REJECTED; received 1 response(s) [8bce6a00-3bba-419d-83ac-b35141b6b559<-774c78e1-8dd4-453d-975e-442189a07fe2#0:FAIL-t137] and 1 exception(s); 8bce6a00-3bba-419d-83ac-b35141b6b559@group-31C3DC938042:t137, leader=null, voted=8bce6a00-3bba-419d-83ac-b35141b6b559, raftlog=8bce6a00-3bba-419d-83ac-b35141b6b559@group-31C3DC938042-SegmentedRaftLog:OPENED:c-1,f-1,i0, conf=-1: [774c78e1-8dd4-453d-975e-442189a07fe2:192.168.157.242:38712, 7247ad7d-2ca2-4af8-9337-77c07ea89cb3:192.168.157.242:42362, 8bce6a00-3bba-419d-83ac-b35141b6b559:192.168.157.242:37801], old=null
2019-10-19 01:26:44,257 [8bce6a00-3bba-419d-83ac-b35141b6b559@group-31C3DC938042-LeaderElection152] INFO  impl.LeaderElection (LogUtils.java:infoOrTrace(149)) -   Exception 0: {}
java.util.concurrent.ExecutionException: org.apache.ratis.thirdparty.io.grpc.StatusRuntimeException: UNAVAILABLE: io exception
	at java.util.concurrent.FutureTask.report(FutureTask.java:122)
	at java.util.concurrent.FutureTask.get(FutureTask.java:192)
	at org.apache.ratis.server.impl.LeaderElection.waitForResults(LeaderElection.java:259)
	at org.apache.ratis.server.impl.LeaderElection.askForVotes(LeaderElection.java:197)
	at org.apache.ratis.server.impl.LeaderElection.run(LeaderElection.java:133)
	at java.lang.Thread.run(Thread.java:748)
Caused by: org.apache.ratis.thirdparty.io.grpc.StatusRuntimeException: UNAVAILABLE: io exception
	at org.apache.ratis.thirdparty.io.grpc.stub.ClientCalls.toStatusRuntimeException(ClientCalls.java:233)
	at org.apache.ratis.thirdparty.io.grpc.stub.ClientCalls.getUnchecked(ClientCalls.java:214)
	at org.apache.ratis.thirdparty.io.grpc.stub.ClientCalls.blockingUnaryCall(ClientCalls.java:139)
	at org.apache.ratis.proto.grpc.RaftServerProtocolServiceGrpc$RaftServerProtocolServiceBlockingStub.requestVote(RaftServerProtocolServiceGrpc.java:265)
	at org.apache.ratis.grpc.server.GrpcServerProtocolClient.requestVote(GrpcServerProtocolClient.java:99)
	at org.apache.ratis.grpc.server.GrpcService.requestVote(GrpcService.java:204)
	at org.apache.ratis.server.impl.LeaderElection.lambda$submitRequests$1(LeaderElection.java:234)
	at java.util.concurrent.FutureTask.run(FutureTask.java:266)
	at java.util.concurrent.Executors$RunnableAdapter.call(Executors.java:511)
	at java.util.concurrent.FutureTask.run(FutureTask.java:266)
	at java.util.concurrent.ThreadPoolExecutor.runWorker(ThreadPoolExecutor.java:1149)
	at java.util.concurrent.ThreadPoolExecutor$Worker.run(ThreadPoolExecutor.java:624)
	... 1 more
Caused by: org.apache.ratis.thirdparty.io.netty.channel.AbstractChannel$AnnotatedConnectException: Connection refused: /192.168.157.242:42362
	at sun.nio.ch.SocketChannelImpl.checkConnect(Native Method)
	at sun.nio.ch.SocketChannelImpl.finishConnect(SocketChannelImpl.java:717)
	at org.apache.ratis.thirdparty.io.netty.channel.socket.nio.NioSocketChannel.doFinishConnect(NioSocketChannel.java:327)
	at org.apache.ratis.thirdparty.io.netty.channel.nio.AbstractNioChannel$AbstractNioUnsafe.finishConnect(AbstractNioChannel.java:340)
	at org.apache.ratis.thirdparty.io.netty.channel.nio.NioEventLoop.processSelectedKey(NioEventLoop.java:632)
	at org.apache.ratis.thirdparty.io.netty.channel.nio.NioEventLoop.processSelectedKeysOptimized(NioEventLoop.java:579)
	at org.apache.ratis.thirdparty.io.netty.channel.nio.NioEventLoop.processSelectedKeys(NioEventLoop.java:496)
	at org.apache.ratis.thirdparty.io.netty.channel.nio.NioEventLoop.run(NioEventLoop.java:458)
	at org.apache.ratis.thirdparty.io.netty.util.concurrent.SingleThreadEventExecutor$5.run(SingleThreadEventExecutor.java:897)
	at org.apache.ratis.thirdparty.io.netty.util.concurrent.FastThreadLocalRunnable.run(FastThreadLocalRunnable.java:30)
	... 1 more
Caused by: java.net.ConnectException: Connection refused
	... 11 more
2019-10-19 01:26:44,257 [8bce6a00-3bba-419d-83ac-b35141b6b559@group-31C3DC938042-LeaderElection152] INFO  impl.RaftServerImpl (RaftServerImpl.java:setRole(184)) - 8bce6a00-3bba-419d-83ac-b35141b6b559@group-31C3DC938042: changes role from CANDIDATE to FOLLOWER at term 137 for DISCOVERED_A_NEW_TERM
2019-10-19 01:26:44,257 [8bce6a00-3bba-419d-83ac-b35141b6b559@group-31C3DC938042-LeaderElection152] INFO  impl.RoleInfo (RoleInfo.java:shutdownLeaderElection(134)) - 8bce6a00-3bba-419d-83ac-b35141b6b559: shutdown LeaderElection
2019-10-19 01:26:44,257 [8bce6a00-3bba-419d-83ac-b35141b6b559@group-31C3DC938042-LeaderElection152] INFO  impl.RoleInfo (RoleInfo.java:updateAndGet(143)) - 8bce6a00-3bba-419d-83ac-b35141b6b559: start FollowerState
2019-10-19 01:26:44,446 [Thread-1506] INFO  impl.FollowerState (FollowerState.java:run(108)) - 8bce6a00-3bba-419d-83ac-b35141b6b559@group-31C3DC938042-FollowerState: change to CANDIDATE, lastRpcTime:188ms, electionTimeout:188ms
2019-10-19 01:26:44,446 [Thread-1506] INFO  impl.RoleInfo (RoleInfo.java:shutdownFollowerState(121)) - 8bce6a00-3bba-419d-83ac-b35141b6b559: shutdown FollowerState
2019-10-19 01:26:44,446 [Thread-1506] INFO  impl.RaftServerImpl (RaftServerImpl.java:setRole(184)) - 8bce6a00-3bba-419d-83ac-b35141b6b559@group-31C3DC938042: changes role from  FOLLOWER to CANDIDATE at term 137 for changeToCandidate
2019-10-19 01:26:44,446 [Thread-1506] INFO  impl.RoleInfo (RoleInfo.java:updateAndGet(143)) - 8bce6a00-3bba-419d-83ac-b35141b6b559: start LeaderElection
2019-10-19 01:26:44,478 [8bce6a00-3bba-419d-83ac-b35141b6b559@group-31C3DC938042-LeaderElection153] INFO  impl.LeaderElection (LeaderElection.java:askForVotes(178)) - 8bce6a00-3bba-419d-83ac-b35141b6b559@group-31C3DC938042-LeaderElection153: begin an election at term 138 for -1: [774c78e1-8dd4-453d-975e-442189a07fe2:192.168.157.242:38712, 7247ad7d-2ca2-4af8-9337-77c07ea89cb3:192.168.157.242:42362, 8bce6a00-3bba-419d-83ac-b35141b6b559:192.168.157.242:37801], old=null
2019-10-19 01:26:44,479 [8bce6a00-3bba-419d-83ac-b35141b6b559@group-31C3DC938042-LeaderElection153] INFO  impl.LeaderElection (LogUtils.java:infoOrTrace(149)) - 8bce6a00-3bba-419d-83ac-b35141b6b559@group-31C3DC938042-LeaderElection153 got exception when requesting votes: {}
java.util.concurrent.ExecutionException: org.apache.ratis.thirdparty.io.grpc.StatusRuntimeException: UNAVAILABLE: io exception
	at java.util.concurrent.FutureTask.report(FutureTask.java:122)
	at java.util.concurrent.FutureTask.get(FutureTask.java:192)
	at org.apache.ratis.server.impl.LeaderElection.waitForResults(LeaderElection.java:259)
	at org.apache.ratis.server.impl.LeaderElection.askForVotes(LeaderElection.java:197)
	at org.apache.ratis.server.impl.LeaderElection.run(LeaderElection.java:133)
	at java.lang.Thread.run(Thread.java:748)
Caused by: org.apache.ratis.thirdparty.io.grpc.StatusRuntimeException: UNAVAILABLE: io exception
	at org.apache.ratis.thirdparty.io.grpc.stub.ClientCalls.toStatusRuntimeException(ClientCalls.java:233)
	at org.apache.ratis.thirdparty.io.grpc.stub.ClientCalls.getUnchecked(ClientCalls.java:214)
	at org.apache.ratis.thirdparty.io.grpc.stub.ClientCalls.blockingUnaryCall(ClientCalls.java:139)
	at org.apache.ratis.proto.grpc.RaftServerProtocolServiceGrpc$RaftServerProtocolServiceBlockingStub.requestVote(RaftServerProtocolServiceGrpc.java:265)
	at org.apache.ratis.grpc.server.GrpcServerProtocolClient.requestVote(GrpcServerProtocolClient.java:99)
	at org.apache.ratis.grpc.server.GrpcService.requestVote(GrpcService.java:204)
	at org.apache.ratis.server.impl.LeaderElection.lambda$submitRequests$1(LeaderElection.java:234)
	at java.util.concurrent.FutureTask.run(FutureTask.java:266)
	at java.util.concurrent.Executors$RunnableAdapter.call(Executors.java:511)
	at java.util.concurrent.FutureTask.run(FutureTask.java:266)
	at java.util.concurrent.ThreadPoolExecutor.runWorker(ThreadPoolExecutor.java:1149)
	at java.util.concurrent.ThreadPoolExecutor$Worker.run(ThreadPoolExecutor.java:624)
	... 1 more
Caused by: org.apache.ratis.thirdparty.io.netty.channel.AbstractChannel$AnnotatedConnectException: Connection refused: /192.168.157.242:42362
	at sun.nio.ch.SocketChannelImpl.checkConnect(Native Method)
	at sun.nio.ch.SocketChannelImpl.finishConnect(SocketChannelImpl.java:717)
	at org.apache.ratis.thirdparty.io.netty.channel.socket.nio.NioSocketChannel.doFinishConnect(NioSocketChannel.java:327)
	at org.apache.ratis.thirdparty.io.netty.channel.nio.AbstractNioChannel$AbstractNioUnsafe.finishConnect(AbstractNioChannel.java:340)
	at org.apache.ratis.thirdparty.io.netty.channel.nio.NioEventLoop.processSelectedKey(NioEventLoop.java:632)
	at org.apache.ratis.thirdparty.io.netty.channel.nio.NioEventLoop.processSelectedKeysOptimized(NioEventLoop.java:579)
	at org.apache.ratis.thirdparty.io.netty.channel.nio.NioEventLoop.processSelectedKeys(NioEventLoop.java:496)
	at org.apache.ratis.thirdparty.io.netty.channel.nio.NioEventLoop.run(NioEventLoop.java:458)
	at org.apache.ratis.thirdparty.io.netty.util.concurrent.SingleThreadEventExecutor$5.run(SingleThreadEventExecutor.java:897)
	at org.apache.ratis.thirdparty.io.netty.util.concurrent.FastThreadLocalRunnable.run(FastThreadLocalRunnable.java:30)
	... 1 more
Caused by: java.net.ConnectException: Connection refused
	... 11 more
2019-10-19 01:26:44,483 [grpc-default-executor-4] INFO  impl.RaftServerImpl (RaftServerImpl.java:setRole(184)) - 774c78e1-8dd4-453d-975e-442189a07fe2@group-31C3DC938042: changes role from  FOLLOWER to FOLLOWER at term 138 for recognizeCandidate:8bce6a00-3bba-419d-83ac-b35141b6b559
2019-10-19 01:26:44,483 [grpc-default-executor-4] INFO  impl.RoleInfo (RoleInfo.java:shutdownFollowerState(121)) - 774c78e1-8dd4-453d-975e-442189a07fe2: shutdown FollowerState
2019-10-19 01:26:44,483 [grpc-default-executor-4] INFO  impl.RoleInfo (RoleInfo.java:updateAndGet(143)) - 774c78e1-8dd4-453d-975e-442189a07fe2: start FollowerState
2019-10-19 01:26:44,484 [Thread-1505] INFO  impl.FollowerState (FollowerState.java:run(117)) - 774c78e1-8dd4-453d-975e-442189a07fe2@group-31C3DC938042-FollowerState was interrupted: java.lang.InterruptedException: sleep interrupted
2019-10-19 01:26:44,541 [8bce6a00-3bba-419d-83ac-b35141b6b559@group-31C3DC938042-LeaderElection153] INFO  impl.LeaderElection (LeaderElection.java:logAndReturn(56)) - 8bce6a00-3bba-419d-83ac-b35141b6b559@group-31C3DC938042-LeaderElection153: Election REJECTED; received 1 response(s) [8bce6a00-3bba-419d-83ac-b35141b6b559<-774c78e1-8dd4-453d-975e-442189a07fe2#0:FAIL-t138] and 1 exception(s); 8bce6a00-3bba-419d-83ac-b35141b6b559@group-31C3DC938042:t138, leader=null, voted=8bce6a00-3bba-419d-83ac-b35141b6b559, raftlog=8bce6a00-3bba-419d-83ac-b35141b6b559@group-31C3DC938042-SegmentedRaftLog:OPENED:c-1,f-1,i0, conf=-1: [774c78e1-8dd4-453d-975e-442189a07fe2:192.168.157.242:38712, 7247ad7d-2ca2-4af8-9337-77c07ea89cb3:192.168.157.242:42362, 8bce6a00-3bba-419d-83ac-b35141b6b559:192.168.157.242:37801], old=null
2019-10-19 01:26:44,541 [8bce6a00-3bba-419d-83ac-b35141b6b559@group-31C3DC938042-LeaderElection153] INFO  impl.LeaderElection (LogUtils.java:infoOrTrace(149)) -   Exception 0: {}
java.util.concurrent.ExecutionException: org.apache.ratis.thirdparty.io.grpc.StatusRuntimeException: UNAVAILABLE: io exception
	at java.util.concurrent.FutureTask.report(FutureTask.java:122)
	at java.util.concurrent.FutureTask.get(FutureTask.java:192)
	at org.apache.ratis.server.impl.LeaderElection.waitForResults(LeaderElection.java:259)
	at org.apache.ratis.server.impl.LeaderElection.askForVotes(LeaderElection.java:197)
	at org.apache.ratis.server.impl.LeaderElection.run(LeaderElection.java:133)
	at java.lang.Thread.run(Thread.java:748)
Caused by: org.apache.ratis.thirdparty.io.grpc.StatusRuntimeException: UNAVAILABLE: io exception
	at org.apache.ratis.thirdparty.io.grpc.stub.ClientCalls.toStatusRuntimeException(ClientCalls.java:233)
	at org.apache.ratis.thirdparty.io.grpc.stub.ClientCalls.getUnchecked(ClientCalls.java:214)
	at org.apache.ratis.thirdparty.io.grpc.stub.ClientCalls.blockingUnaryCall(ClientCalls.java:139)
	at org.apache.ratis.proto.grpc.RaftServerProtocolServiceGrpc$RaftServerProtocolServiceBlockingStub.requestVote(RaftServerProtocolServiceGrpc.java:265)
	at org.apache.ratis.grpc.server.GrpcServerProtocolClient.requestVote(GrpcServerProtocolClient.java:99)
	at org.apache.ratis.grpc.server.GrpcService.requestVote(GrpcService.java:204)
	at org.apache.ratis.server.impl.LeaderElection.lambda$submitRequests$1(LeaderElection.java:234)
	at java.util.concurrent.FutureTask.run(FutureTask.java:266)
	at java.util.concurrent.Executors$RunnableAdapter.call(Executors.java:511)
	at java.util.concurrent.FutureTask.run(FutureTask.java:266)
	at java.util.concurrent.ThreadPoolExecutor.runWorker(ThreadPoolExecutor.java:1149)
	at java.util.concurrent.ThreadPoolExecutor$Worker.run(ThreadPoolExecutor.java:624)
	... 1 more
Caused by: org.apache.ratis.thirdparty.io.netty.channel.AbstractChannel$AnnotatedConnectException: Connection refused: /192.168.157.242:42362
	at sun.nio.ch.SocketChannelImpl.checkConnect(Native Method)
	at sun.nio.ch.SocketChannelImpl.finishConnect(SocketChannelImpl.java:717)
	at org.apache.ratis.thirdparty.io.netty.channel.socket.nio.NioSocketChannel.doFinishConnect(NioSocketChannel.java:327)
	at org.apache.ratis.thirdparty.io.netty.channel.nio.AbstractNioChannel$AbstractNioUnsafe.finishConnect(AbstractNioChannel.java:340)
	at org.apache.ratis.thirdparty.io.netty.channel.nio.NioEventLoop.processSelectedKey(NioEventLoop.java:632)
	at org.apache.ratis.thirdparty.io.netty.channel.nio.NioEventLoop.processSelectedKeysOptimized(NioEventLoop.java:579)
	at org.apache.ratis.thirdparty.io.netty.channel.nio.NioEventLoop.processSelectedKeys(NioEventLoop.java:496)
	at org.apache.ratis.thirdparty.io.netty.channel.nio.NioEventLoop.run(NioEventLoop.java:458)
	at org.apache.ratis.thirdparty.io.netty.util.concurrent.SingleThreadEventExecutor$5.run(SingleThreadEventExecutor.java:897)
	at org.apache.ratis.thirdparty.io.netty.util.concurrent.FastThreadLocalRunnable.run(FastThreadLocalRunnable.java:30)
	... 1 more
Caused by: java.net.ConnectException: Connection refused
	... 11 more
2019-10-19 01:26:44,542 [8bce6a00-3bba-419d-83ac-b35141b6b559@group-31C3DC938042-LeaderElection153] INFO  impl.RaftServerImpl (RaftServerImpl.java:setRole(184)) - 8bce6a00-3bba-419d-83ac-b35141b6b559@group-31C3DC938042: changes role from CANDIDATE to FOLLOWER at term 138 for DISCOVERED_A_NEW_TERM
2019-10-19 01:26:44,542 [8bce6a00-3bba-419d-83ac-b35141b6b559@group-31C3DC938042-LeaderElection153] INFO  impl.RoleInfo (RoleInfo.java:shutdownLeaderElection(134)) - 8bce6a00-3bba-419d-83ac-b35141b6b559: shutdown LeaderElection
2019-10-19 01:26:44,542 [8bce6a00-3bba-419d-83ac-b35141b6b559@group-31C3DC938042-LeaderElection153] INFO  impl.RoleInfo (RoleInfo.java:updateAndGet(143)) - 8bce6a00-3bba-419d-83ac-b35141b6b559: start FollowerState
2019-10-19 01:26:44,556 [Thread-1513] INFO  impl.FollowerState (FollowerState.java:run(108)) - 8bce6a00-3bba-419d-83ac-b35141b6b559@group-31C3DC938042-FollowerState: change to CANDIDATE, lastRpcTime:13ms, electionTimeout:13ms
2019-10-19 01:26:44,556 [Thread-1513] INFO  impl.RoleInfo (RoleInfo.java:shutdownFollowerState(121)) - 8bce6a00-3bba-419d-83ac-b35141b6b559: shutdown FollowerState
2019-10-19 01:26:44,556 [Thread-1513] INFO  impl.RaftServerImpl (RaftServerImpl.java:setRole(184)) - 8bce6a00-3bba-419d-83ac-b35141b6b559@group-31C3DC938042: changes role from  FOLLOWER to CANDIDATE at term 138 for changeToCandidate
2019-10-19 01:26:44,556 [Thread-1513] INFO  impl.RoleInfo (RoleInfo.java:updateAndGet(143)) - 8bce6a00-3bba-419d-83ac-b35141b6b559: start LeaderElection
2019-10-19 01:26:44,580 [8bce6a00-3bba-419d-83ac-b35141b6b559@group-31C3DC938042-LeaderElection154] INFO  impl.LeaderElection (LeaderElection.java:askForVotes(178)) - 8bce6a00-3bba-419d-83ac-b35141b6b559@group-31C3DC938042-LeaderElection154: begin an election at term 139 for -1: [774c78e1-8dd4-453d-975e-442189a07fe2:192.168.157.242:38712, 7247ad7d-2ca2-4af8-9337-77c07ea89cb3:192.168.157.242:42362, 8bce6a00-3bba-419d-83ac-b35141b6b559:192.168.157.242:37801], old=null
2019-10-19 01:26:44,581 [8bce6a00-3bba-419d-83ac-b35141b6b559@group-31C3DC938042-LeaderElection154] INFO  impl.LeaderElection (LogUtils.java:infoOrTrace(149)) - 8bce6a00-3bba-419d-83ac-b35141b6b559@group-31C3DC938042-LeaderElection154 got exception when requesting votes: {}
java.util.concurrent.ExecutionException: org.apache.ratis.thirdparty.io.grpc.StatusRuntimeException: UNAVAILABLE: io exception
	at java.util.concurrent.FutureTask.report(FutureTask.java:122)
	at java.util.concurrent.FutureTask.get(FutureTask.java:192)
	at org.apache.ratis.server.impl.LeaderElection.waitForResults(LeaderElection.java:259)
	at org.apache.ratis.server.impl.LeaderElection.askForVotes(LeaderElection.java:197)
	at org.apache.ratis.server.impl.LeaderElection.run(LeaderElection.java:133)
	at java.lang.Thread.run(Thread.java:748)
Caused by: org.apache.ratis.thirdparty.io.grpc.StatusRuntimeException: UNAVAILABLE: io exception
	at org.apache.ratis.thirdparty.io.grpc.stub.ClientCalls.toStatusRuntimeException(ClientCalls.java:233)
	at org.apache.ratis.thirdparty.io.grpc.stub.ClientCalls.getUnchecked(ClientCalls.java:214)
	at org.apache.ratis.thirdparty.io.grpc.stub.ClientCalls.blockingUnaryCall(ClientCalls.java:139)
	at org.apache.ratis.proto.grpc.RaftServerProtocolServiceGrpc$RaftServerProtocolServiceBlockingStub.requestVote(RaftServerProtocolServiceGrpc.java:265)
	at org.apache.ratis.grpc.server.GrpcServerProtocolClient.requestVote(GrpcServerProtocolClient.java:99)
	at org.apache.ratis.grpc.server.GrpcService.requestVote(GrpcService.java:204)
	at org.apache.ratis.server.impl.LeaderElection.lambda$submitRequests$1(LeaderElection.java:234)
	at java.util.concurrent.FutureTask.run(FutureTask.java:266)
	at java.util.concurrent.Executors$RunnableAdapter.call(Executors.java:511)
	at java.util.concurrent.FutureTask.run(FutureTask.java:266)
	at java.util.concurrent.ThreadPoolExecutor.runWorker(ThreadPoolExecutor.java:1149)
	at java.util.concurrent.ThreadPoolExecutor$Worker.run(ThreadPoolExecutor.java:624)
	... 1 more
Caused by: org.apache.ratis.thirdparty.io.netty.channel.AbstractChannel$AnnotatedConnectException: Connection refused: /192.168.157.242:42362
	at sun.nio.ch.SocketChannelImpl.checkConnect(Native Method)
	at sun.nio.ch.SocketChannelImpl.finishConnect(SocketChannelImpl.java:717)
	at org.apache.ratis.thirdparty.io.netty.channel.socket.nio.NioSocketChannel.doFinishConnect(NioSocketChannel.java:327)
	at org.apache.ratis.thirdparty.io.netty.channel.nio.AbstractNioChannel$AbstractNioUnsafe.finishConnect(AbstractNioChannel.java:340)
	at org.apache.ratis.thirdparty.io.netty.channel.nio.NioEventLoop.processSelectedKey(NioEventLoop.java:632)
	at org.apache.ratis.thirdparty.io.netty.channel.nio.NioEventLoop.processSelectedKeysOptimized(NioEventLoop.java:579)
	at org.apache.ratis.thirdparty.io.netty.channel.nio.NioEventLoop.processSelectedKeys(NioEventLoop.java:496)
	at org.apache.ratis.thirdparty.io.netty.channel.nio.NioEventLoop.run(NioEventLoop.java:458)
	at org.apache.ratis.thirdparty.io.netty.util.concurrent.SingleThreadEventExecutor$5.run(SingleThreadEventExecutor.java:897)
	at org.apache.ratis.thirdparty.io.netty.util.concurrent.FastThreadLocalRunnable.run(FastThreadLocalRunnable.java:30)
	... 1 more
Caused by: java.net.ConnectException: Connection refused
	... 11 more
2019-10-19 01:26:44,584 [grpc-default-executor-4] INFO  impl.RaftServerImpl (RaftServerImpl.java:setRole(184)) - 774c78e1-8dd4-453d-975e-442189a07fe2@group-31C3DC938042: changes role from  FOLLOWER to FOLLOWER at term 139 for recognizeCandidate:8bce6a00-3bba-419d-83ac-b35141b6b559
2019-10-19 01:26:44,585 [grpc-default-executor-4] INFO  impl.RoleInfo (RoleInfo.java:shutdownFollowerState(121)) - 774c78e1-8dd4-453d-975e-442189a07fe2: shutdown FollowerState
2019-10-19 01:26:44,585 [grpc-default-executor-4] INFO  impl.RoleInfo (RoleInfo.java:updateAndGet(143)) - 774c78e1-8dd4-453d-975e-442189a07fe2: start FollowerState
2019-10-19 01:26:44,585 [Thread-1512] INFO  impl.FollowerState (FollowerState.java:run(117)) - 774c78e1-8dd4-453d-975e-442189a07fe2@group-31C3DC938042-FollowerState was interrupted: java.lang.InterruptedException: sleep interrupted
2019-10-19 01:26:44,598 [8bce6a00-3bba-419d-83ac-b35141b6b559@group-31C3DC938042-LeaderElection154] INFO  impl.LeaderElection (LeaderElection.java:logAndReturn(56)) - 8bce6a00-3bba-419d-83ac-b35141b6b559@group-31C3DC938042-LeaderElection154: Election REJECTED; received 1 response(s) [8bce6a00-3bba-419d-83ac-b35141b6b559<-774c78e1-8dd4-453d-975e-442189a07fe2#0:FAIL-t139] and 1 exception(s); 8bce6a00-3bba-419d-83ac-b35141b6b559@group-31C3DC938042:t139, leader=null, voted=8bce6a00-3bba-419d-83ac-b35141b6b559, raftlog=8bce6a00-3bba-419d-83ac-b35141b6b559@group-31C3DC938042-SegmentedRaftLog:OPENED:c-1,f-1,i0, conf=-1: [774c78e1-8dd4-453d-975e-442189a07fe2:192.168.157.242:38712, 7247ad7d-2ca2-4af8-9337-77c07ea89cb3:192.168.157.242:42362, 8bce6a00-3bba-419d-83ac-b35141b6b559:192.168.157.242:37801], old=null
2019-10-19 01:26:44,598 [8bce6a00-3bba-419d-83ac-b35141b6b559@group-31C3DC938042-LeaderElection154] INFO  impl.LeaderElection (LogUtils.java:infoOrTrace(149)) -   Exception 0: {}
java.util.concurrent.ExecutionException: org.apache.ratis.thirdparty.io.grpc.StatusRuntimeException: UNAVAILABLE: io exception
	at java.util.concurrent.FutureTask.report(FutureTask.java:122)
	at java.util.concurrent.FutureTask.get(FutureTask.java:192)
	at org.apache.ratis.server.impl.LeaderElection.waitForResults(LeaderElection.java:259)
	at org.apache.ratis.server.impl.LeaderElection.askForVotes(LeaderElection.java:197)
	at org.apache.ratis.server.impl.LeaderElection.run(LeaderElection.java:133)
	at java.lang.Thread.run(Thread.java:748)
Caused by: org.apache.ratis.thirdparty.io.grpc.StatusRuntimeException: UNAVAILABLE: io exception
	at org.apache.ratis.thirdparty.io.grpc.stub.ClientCalls.toStatusRuntimeException(ClientCalls.java:233)
	at org.apache.ratis.thirdparty.io.grpc.stub.ClientCalls.getUnchecked(ClientCalls.java:214)
	at org.apache.ratis.thirdparty.io.grpc.stub.ClientCalls.blockingUnaryCall(ClientCalls.java:139)
	at org.apache.ratis.proto.grpc.RaftServerProtocolServiceGrpc$RaftServerProtocolServiceBlockingStub.requestVote(RaftServerProtocolServiceGrpc.java:265)
	at org.apache.ratis.grpc.server.GrpcServerProtocolClient.requestVote(GrpcServerProtocolClient.java:99)
	at org.apache.ratis.grpc.server.GrpcService.requestVote(GrpcService.java:204)
	at org.apache.ratis.server.impl.LeaderElection.lambda$submitRequests$1(LeaderElection.java:234)
	at java.util.concurrent.FutureTask.run(FutureTask.java:266)
	at java.util.concurrent.Executors$RunnableAdapter.call(Executors.java:511)
	at java.util.concurrent.FutureTask.run(FutureTask.java:266)
	at java.util.concurrent.ThreadPoolExecutor.runWorker(ThreadPoolExecutor.java:1149)
	at java.util.concurrent.ThreadPoolExecutor$Worker.run(ThreadPoolExecutor.java:624)
	... 1 more
Caused by: org.apache.ratis.thirdparty.io.netty.channel.AbstractChannel$AnnotatedConnectException: Connection refused: /192.168.157.242:42362
	at sun.nio.ch.SocketChannelImpl.checkConnect(Native Method)
	at sun.nio.ch.SocketChannelImpl.finishConnect(SocketChannelImpl.java:717)
	at org.apache.ratis.thirdparty.io.netty.channel.socket.nio.NioSocketChannel.doFinishConnect(NioSocketChannel.java:327)
	at org.apache.ratis.thirdparty.io.netty.channel.nio.AbstractNioChannel$AbstractNioUnsafe.finishConnect(AbstractNioChannel.java:340)
	at org.apache.ratis.thirdparty.io.netty.channel.nio.NioEventLoop.processSelectedKey(NioEventLoop.java:632)
	at org.apache.ratis.thirdparty.io.netty.channel.nio.NioEventLoop.processSelectedKeysOptimized(NioEventLoop.java:579)
	at org.apache.ratis.thirdparty.io.netty.channel.nio.NioEventLoop.processSelectedKeys(NioEventLoop.java:496)
	at org.apache.ratis.thirdparty.io.netty.channel.nio.NioEventLoop.run(NioEventLoop.java:458)
	at org.apache.ratis.thirdparty.io.netty.util.concurrent.SingleThreadEventExecutor$5.run(SingleThreadEventExecutor.java:897)
	at org.apache.ratis.thirdparty.io.netty.util.concurrent.FastThreadLocalRunnable.run(FastThreadLocalRunnable.java:30)
	... 1 more
Caused by: java.net.ConnectException: Connection refused
	... 11 more
2019-10-19 01:26:44,598 [8bce6a00-3bba-419d-83ac-b35141b6b559@group-31C3DC938042-LeaderElection154] INFO  impl.RaftServerImpl (RaftServerImpl.java:setRole(184)) - 8bce6a00-3bba-419d-83ac-b35141b6b559@group-31C3DC938042: changes role from CANDIDATE to FOLLOWER at term 139 for DISCOVERED_A_NEW_TERM
2019-10-19 01:26:44,598 [8bce6a00-3bba-419d-83ac-b35141b6b559@group-31C3DC938042-LeaderElection154] INFO  impl.RoleInfo (RoleInfo.java:shutdownLeaderElection(134)) - 8bce6a00-3bba-419d-83ac-b35141b6b559: shutdown LeaderElection
2019-10-19 01:26:44,599 [8bce6a00-3bba-419d-83ac-b35141b6b559@group-31C3DC938042-LeaderElection154] INFO  impl.RoleInfo (RoleInfo.java:updateAndGet(143)) - 8bce6a00-3bba-419d-83ac-b35141b6b559: start FollowerState
2019-10-19 01:26:44,681 [Thread-1518] INFO  impl.FollowerState (FollowerState.java:run(108)) - 8bce6a00-3bba-419d-83ac-b35141b6b559@group-31C3DC938042-FollowerState: change to CANDIDATE, lastRpcTime:82ms, electionTimeout:82ms
2019-10-19 01:26:44,681 [Thread-1518] INFO  impl.RoleInfo (RoleInfo.java:shutdownFollowerState(121)) - 8bce6a00-3bba-419d-83ac-b35141b6b559: shutdown FollowerState
2019-10-19 01:26:44,681 [Thread-1518] INFO  impl.RaftServerImpl (RaftServerImpl.java:setRole(184)) - 8bce6a00-3bba-419d-83ac-b35141b6b559@group-31C3DC938042: changes role from  FOLLOWER to CANDIDATE at term 139 for changeToCandidate
2019-10-19 01:26:44,681 [Thread-1518] INFO  impl.RoleInfo (RoleInfo.java:updateAndGet(143)) - 8bce6a00-3bba-419d-83ac-b35141b6b559: start LeaderElection
2019-10-19 01:26:44,708 [8bce6a00-3bba-419d-83ac-b35141b6b559@group-31C3DC938042-LeaderElection155] INFO  impl.LeaderElection (LeaderElection.java:askForVotes(178)) - 8bce6a00-3bba-419d-83ac-b35141b6b559@group-31C3DC938042-LeaderElection155: begin an election at term 140 for -1: [774c78e1-8dd4-453d-975e-442189a07fe2:192.168.157.242:38712, 7247ad7d-2ca2-4af8-9337-77c07ea89cb3:192.168.157.242:42362, 8bce6a00-3bba-419d-83ac-b35141b6b559:192.168.157.242:37801], old=null
2019-10-19 01:26:44,709 [8bce6a00-3bba-419d-83ac-b35141b6b559@group-31C3DC938042-LeaderElection155] INFO  impl.LeaderElection (LogUtils.java:infoOrTrace(149)) - 8bce6a00-3bba-419d-83ac-b35141b6b559@group-31C3DC938042-LeaderElection155 got exception when requesting votes: {}
java.util.concurrent.ExecutionException: org.apache.ratis.thirdparty.io.grpc.StatusRuntimeException: UNAVAILABLE: io exception
	at java.util.concurrent.FutureTask.report(FutureTask.java:122)
	at java.util.concurrent.FutureTask.get(FutureTask.java:192)
	at org.apache.ratis.server.impl.LeaderElection.waitForResults(LeaderElection.java:259)
	at org.apache.ratis.server.impl.LeaderElection.askForVotes(LeaderElection.java:197)
	at org.apache.ratis.server.impl.LeaderElection.run(LeaderElection.java:133)
	at java.lang.Thread.run(Thread.java:748)
Caused by: org.apache.ratis.thirdparty.io.grpc.StatusRuntimeException: UNAVAILABLE: io exception
	at org.apache.ratis.thirdparty.io.grpc.stub.ClientCalls.toStatusRuntimeException(ClientCalls.java:233)
	at org.apache.ratis.thirdparty.io.grpc.stub.ClientCalls.getUnchecked(ClientCalls.java:214)
	at org.apache.ratis.thirdparty.io.grpc.stub.ClientCalls.blockingUnaryCall(ClientCalls.java:139)
	at org.apache.ratis.proto.grpc.RaftServerProtocolServiceGrpc$RaftServerProtocolServiceBlockingStub.requestVote(RaftServerProtocolServiceGrpc.java:265)
	at org.apache.ratis.grpc.server.GrpcServerProtocolClient.requestVote(GrpcServerProtocolClient.java:99)
	at org.apache.ratis.grpc.server.GrpcService.requestVote(GrpcService.java:204)
	at org.apache.ratis.server.impl.LeaderElection.lambda$submitRequests$1(LeaderElection.java:234)
	at java.util.concurrent.FutureTask.run(FutureTask.java:266)
	at java.util.concurrent.Executors$RunnableAdapter.call(Executors.java:511)
	at java.util.concurrent.FutureTask.run(FutureTask.java:266)
	at java.util.concurrent.ThreadPoolExecutor.runWorker(ThreadPoolExecutor.java:1149)
	at java.util.concurrent.ThreadPoolExecutor$Worker.run(ThreadPoolExecutor.java:624)
	... 1 more
Caused by: org.apache.ratis.thirdparty.io.netty.channel.AbstractChannel$AnnotatedConnectException: Connection refused: /192.168.157.242:42362
	at sun.nio.ch.SocketChannelImpl.checkConnect(Native Method)
	at sun.nio.ch.SocketChannelImpl.finishConnect(SocketChannelImpl.java:717)
	at org.apache.ratis.thirdparty.io.netty.channel.socket.nio.NioSocketChannel.doFinishConnect(NioSocketChannel.java:327)
	at org.apache.ratis.thirdparty.io.netty.channel.nio.AbstractNioChannel$AbstractNioUnsafe.finishConnect(AbstractNioChannel.java:340)
	at org.apache.ratis.thirdparty.io.netty.channel.nio.NioEventLoop.processSelectedKey(NioEventLoop.java:632)
	at org.apache.ratis.thirdparty.io.netty.channel.nio.NioEventLoop.processSelectedKeysOptimized(NioEventLoop.java:579)
	at org.apache.ratis.thirdparty.io.netty.channel.nio.NioEventLoop.processSelectedKeys(NioEventLoop.java:496)
	at org.apache.ratis.thirdparty.io.netty.channel.nio.NioEventLoop.run(NioEventLoop.java:458)
	at org.apache.ratis.thirdparty.io.netty.util.concurrent.SingleThreadEventExecutor$5.run(SingleThreadEventExecutor.java:897)
	at org.apache.ratis.thirdparty.io.netty.util.concurrent.FastThreadLocalRunnable.run(FastThreadLocalRunnable.java:30)
	... 1 more
Caused by: java.net.ConnectException: Connection refused
	... 11 more
2019-10-19 01:26:44,712 [grpc-default-executor-4] INFO  impl.RaftServerImpl (RaftServerImpl.java:setRole(184)) - 774c78e1-8dd4-453d-975e-442189a07fe2@group-31C3DC938042: changes role from  FOLLOWER to FOLLOWER at term 140 for recognizeCandidate:8bce6a00-3bba-419d-83ac-b35141b6b559
2019-10-19 01:26:44,712 [grpc-default-executor-4] INFO  impl.RoleInfo (RoleInfo.java:shutdownFollowerState(121)) - 774c78e1-8dd4-453d-975e-442189a07fe2: shutdown FollowerState
2019-10-19 01:26:44,712 [grpc-default-executor-4] INFO  impl.RoleInfo (RoleInfo.java:updateAndGet(143)) - 774c78e1-8dd4-453d-975e-442189a07fe2: start FollowerState
2019-10-19 01:26:44,712 [Thread-1517] INFO  impl.FollowerState (FollowerState.java:run(117)) - 774c78e1-8dd4-453d-975e-442189a07fe2@group-31C3DC938042-FollowerState was interrupted: java.lang.InterruptedException: sleep interrupted
2019-10-19 01:26:44,821 [8bce6a00-3bba-419d-83ac-b35141b6b559@group-31C3DC938042-LeaderElection155] INFO  impl.LeaderElection (LeaderElection.java:logAndReturn(56)) - 8bce6a00-3bba-419d-83ac-b35141b6b559@group-31C3DC938042-LeaderElection155: Election REJECTED; received 1 response(s) [8bce6a00-3bba-419d-83ac-b35141b6b559<-774c78e1-8dd4-453d-975e-442189a07fe2#0:FAIL-t140] and 1 exception(s); 8bce6a00-3bba-419d-83ac-b35141b6b559@group-31C3DC938042:t140, leader=null, voted=8bce6a00-3bba-419d-83ac-b35141b6b559, raftlog=8bce6a00-3bba-419d-83ac-b35141b6b559@group-31C3DC938042-SegmentedRaftLog:OPENED:c-1,f-1,i0, conf=-1: [774c78e1-8dd4-453d-975e-442189a07fe2:192.168.157.242:38712, 7247ad7d-2ca2-4af8-9337-77c07ea89cb3:192.168.157.242:42362, 8bce6a00-3bba-419d-83ac-b35141b6b559:192.168.157.242:37801], old=null
2019-10-19 01:26:44,821 [8bce6a00-3bba-419d-83ac-b35141b6b559@group-31C3DC938042-LeaderElection155] INFO  impl.LeaderElection (LogUtils.java:infoOrTrace(149)) -   Exception 0: {}
java.util.concurrent.ExecutionException: org.apache.ratis.thirdparty.io.grpc.StatusRuntimeException: UNAVAILABLE: io exception
	at java.util.concurrent.FutureTask.report(FutureTask.java:122)
	at java.util.concurrent.FutureTask.get(FutureTask.java:192)
	at org.apache.ratis.server.impl.LeaderElection.waitForResults(LeaderElection.java:259)
	at org.apache.ratis.server.impl.LeaderElection.askForVotes(LeaderElection.java:197)
	at org.apache.ratis.server.impl.LeaderElection.run(LeaderElection.java:133)
	at java.lang.Thread.run(Thread.java:748)
Caused by: org.apache.ratis.thirdparty.io.grpc.StatusRuntimeException: UNAVAILABLE: io exception
	at org.apache.ratis.thirdparty.io.grpc.stub.ClientCalls.toStatusRuntimeException(ClientCalls.java:233)
	at org.apache.ratis.thirdparty.io.grpc.stub.ClientCalls.getUnchecked(ClientCalls.java:214)
	at org.apache.ratis.thirdparty.io.grpc.stub.ClientCalls.blockingUnaryCall(ClientCalls.java:139)
	at org.apache.ratis.proto.grpc.RaftServerProtocolServiceGrpc$RaftServerProtocolServiceBlockingStub.requestVote(RaftServerProtocolServiceGrpc.java:265)
	at org.apache.ratis.grpc.server.GrpcServerProtocolClient.requestVote(GrpcServerProtocolClient.java:99)
	at org.apache.ratis.grpc.server.GrpcService.requestVote(GrpcService.java:204)
	at org.apache.ratis.server.impl.LeaderElection.lambda$submitRequests$1(LeaderElection.java:234)
	at java.util.concurrent.FutureTask.run(FutureTask.java:266)
	at java.util.concurrent.Executors$RunnableAdapter.call(Executors.java:511)
	at java.util.concurrent.FutureTask.run(FutureTask.java:266)
	at java.util.concurrent.ThreadPoolExecutor.runWorker(ThreadPoolExecutor.java:1149)
	at java.util.concurrent.ThreadPoolExecutor$Worker.run(ThreadPoolExecutor.java:624)
	... 1 more
Caused by: org.apache.ratis.thirdparty.io.netty.channel.AbstractChannel$AnnotatedConnectException: Connection refused: /192.168.157.242:42362
	at sun.nio.ch.SocketChannelImpl.checkConnect(Native Method)
	at sun.nio.ch.SocketChannelImpl.finishConnect(SocketChannelImpl.java:717)
	at org.apache.ratis.thirdparty.io.netty.channel.socket.nio.NioSocketChannel.doFinishConnect(NioSocketChannel.java:327)
	at org.apache.ratis.thirdparty.io.netty.channel.nio.AbstractNioChannel$AbstractNioUnsafe.finishConnect(AbstractNioChannel.java:340)
	at org.apache.ratis.thirdparty.io.netty.channel.nio.NioEventLoop.processSelectedKey(NioEventLoop.java:632)
	at org.apache.ratis.thirdparty.io.netty.channel.nio.NioEventLoop.processSelectedKeysOptimized(NioEventLoop.java:579)
	at org.apache.ratis.thirdparty.io.netty.channel.nio.NioEventLoop.processSelectedKeys(NioEventLoop.java:496)
	at org.apache.ratis.thirdparty.io.netty.channel.nio.NioEventLoop.run(NioEventLoop.java:458)
	at org.apache.ratis.thirdparty.io.netty.util.concurrent.SingleThreadEventExecutor$5.run(SingleThreadEventExecutor.java:897)
	at org.apache.ratis.thirdparty.io.netty.util.concurrent.FastThreadLocalRunnable.run(FastThreadLocalRunnable.java:30)
	... 1 more
Caused by: java.net.ConnectException: Connection refused
	... 11 more
2019-10-19 01:26:44,822 [8bce6a00-3bba-419d-83ac-b35141b6b559@group-31C3DC938042-LeaderElection155] INFO  impl.RaftServerImpl (RaftServerImpl.java:setRole(184)) - 8bce6a00-3bba-419d-83ac-b35141b6b559@group-31C3DC938042: changes role from CANDIDATE to FOLLOWER at term 140 for DISCOVERED_A_NEW_TERM
2019-10-19 01:26:44,822 [8bce6a00-3bba-419d-83ac-b35141b6b559@group-31C3DC938042-LeaderElection155] INFO  impl.RoleInfo (RoleInfo.java:shutdownLeaderElection(134)) - 8bce6a00-3bba-419d-83ac-b35141b6b559: shutdown LeaderElection
2019-10-19 01:26:44,822 [8bce6a00-3bba-419d-83ac-b35141b6b559@group-31C3DC938042-LeaderElection155] INFO  impl.RoleInfo (RoleInfo.java:updateAndGet(143)) - 8bce6a00-3bba-419d-83ac-b35141b6b559: start FollowerState
2019-10-19 01:26:44,933 [Thread-1524] INFO  impl.FollowerState (FollowerState.java:run(108)) - 8bce6a00-3bba-419d-83ac-b35141b6b559@group-31C3DC938042-FollowerState: change to CANDIDATE, lastRpcTime:111ms, electionTimeout:111ms
2019-10-19 01:26:44,934 [Thread-1524] INFO  impl.RoleInfo (RoleInfo.java:shutdownFollowerState(121)) - 8bce6a00-3bba-419d-83ac-b35141b6b559: shutdown FollowerState
2019-10-19 01:26:44,934 [Thread-1524] INFO  impl.RaftServerImpl (RaftServerImpl.java:setRole(184)) - 8bce6a00-3bba-419d-83ac-b35141b6b559@group-31C3DC938042: changes role from  FOLLOWER to CANDIDATE at term 140 for changeToCandidate
2019-10-19 01:26:44,934 [Thread-1524] INFO  impl.RoleInfo (RoleInfo.java:updateAndGet(143)) - 8bce6a00-3bba-419d-83ac-b35141b6b559: start LeaderElection
2019-10-19 01:26:44,943 [8bce6a00-3bba-419d-83ac-b35141b6b559@group-31C3DC938042-LeaderElection156] INFO  impl.LeaderElection (LeaderElection.java:askForVotes(178)) - 8bce6a00-3bba-419d-83ac-b35141b6b559@group-31C3DC938042-LeaderElection156: begin an election at term 141 for -1: [774c78e1-8dd4-453d-975e-442189a07fe2:192.168.157.242:38712, 7247ad7d-2ca2-4af8-9337-77c07ea89cb3:192.168.157.242:42362, 8bce6a00-3bba-419d-83ac-b35141b6b559:192.168.157.242:37801], old=null
2019-10-19 01:26:44,944 [8bce6a00-3bba-419d-83ac-b35141b6b559@group-31C3DC938042-LeaderElection156] INFO  impl.LeaderElection (LogUtils.java:infoOrTrace(149)) - 8bce6a00-3bba-419d-83ac-b35141b6b559@group-31C3DC938042-LeaderElection156 got exception when requesting votes: {}
java.util.concurrent.ExecutionException: org.apache.ratis.thirdparty.io.grpc.StatusRuntimeException: UNAVAILABLE: io exception
	at java.util.concurrent.FutureTask.report(FutureTask.java:122)
	at java.util.concurrent.FutureTask.get(FutureTask.java:192)
	at org.apache.ratis.server.impl.LeaderElection.waitForResults(LeaderElection.java:259)
	at org.apache.ratis.server.impl.LeaderElection.askForVotes(LeaderElection.java:197)
	at org.apache.ratis.server.impl.LeaderElection.run(LeaderElection.java:133)
	at java.lang.Thread.run(Thread.java:748)
Caused by: org.apache.ratis.thirdparty.io.grpc.StatusRuntimeException: UNAVAILABLE: io exception
	at org.apache.ratis.thirdparty.io.grpc.stub.ClientCalls.toStatusRuntimeException(ClientCalls.java:233)
	at org.apache.ratis.thirdparty.io.grpc.stub.ClientCalls.getUnchecked(ClientCalls.java:214)
	at org.apache.ratis.thirdparty.io.grpc.stub.ClientCalls.blockingUnaryCall(ClientCalls.java:139)
	at org.apache.ratis.proto.grpc.RaftServerProtocolServiceGrpc$RaftServerProtocolServiceBlockingStub.requestVote(RaftServerProtocolServiceGrpc.java:265)
	at org.apache.ratis.grpc.server.GrpcServerProtocolClient.requestVote(GrpcServerProtocolClient.java:99)
	at org.apache.ratis.grpc.server.GrpcService.requestVote(GrpcService.java:204)
	at org.apache.ratis.server.impl.LeaderElection.lambda$submitRequests$1(LeaderElection.java:234)
	at java.util.concurrent.FutureTask.run(FutureTask.java:266)
	at java.util.concurrent.Executors$RunnableAdapter.call(Executors.java:511)
	at java.util.concurrent.FutureTask.run(FutureTask.java:266)
	at java.util.concurrent.ThreadPoolExecutor.runWorker(ThreadPoolExecutor.java:1149)
	at java.util.concurrent.ThreadPoolExecutor$Worker.run(ThreadPoolExecutor.java:624)
	... 1 more
Caused by: org.apache.ratis.thirdparty.io.netty.channel.AbstractChannel$AnnotatedConnectException: Connection refused: /192.168.157.242:42362
	at sun.nio.ch.SocketChannelImpl.checkConnect(Native Method)
	at sun.nio.ch.SocketChannelImpl.finishConnect(SocketChannelImpl.java:717)
	at org.apache.ratis.thirdparty.io.netty.channel.socket.nio.NioSocketChannel.doFinishConnect(NioSocketChannel.java:327)
	at org.apache.ratis.thirdparty.io.netty.channel.nio.AbstractNioChannel$AbstractNioUnsafe.finishConnect(AbstractNioChannel.java:340)
	at org.apache.ratis.thirdparty.io.netty.channel.nio.NioEventLoop.processSelectedKey(NioEventLoop.java:632)
	at org.apache.ratis.thirdparty.io.netty.channel.nio.NioEventLoop.processSelectedKeysOptimized(NioEventLoop.java:579)
	at org.apache.ratis.thirdparty.io.netty.channel.nio.NioEventLoop.processSelectedKeys(NioEventLoop.java:496)
	at org.apache.ratis.thirdparty.io.netty.channel.nio.NioEventLoop.run(NioEventLoop.java:458)
	at org.apache.ratis.thirdparty.io.netty.util.concurrent.SingleThreadEventExecutor$5.run(SingleThreadEventExecutor.java:897)
	at org.apache.ratis.thirdparty.io.netty.util.concurrent.FastThreadLocalRunnable.run(FastThreadLocalRunnable.java:30)
	... 1 more
Caused by: java.net.ConnectException: Connection refused
	... 11 more
2019-10-19 01:26:44,948 [grpc-default-executor-0] INFO  impl.RaftServerImpl (RaftServerImpl.java:setRole(184)) - 774c78e1-8dd4-453d-975e-442189a07fe2@group-31C3DC938042: changes role from  FOLLOWER to FOLLOWER at term 141 for recognizeCandidate:8bce6a00-3bba-419d-83ac-b35141b6b559
2019-10-19 01:26:44,948 [grpc-default-executor-0] INFO  impl.RoleInfo (RoleInfo.java:shutdownFollowerState(121)) - 774c78e1-8dd4-453d-975e-442189a07fe2: shutdown FollowerState
2019-10-19 01:26:44,948 [grpc-default-executor-0] INFO  impl.RoleInfo (RoleInfo.java:updateAndGet(143)) - 774c78e1-8dd4-453d-975e-442189a07fe2: start FollowerState
2019-10-19 01:26:44,948 [Thread-1523] INFO  impl.FollowerState (FollowerState.java:run(117)) - 774c78e1-8dd4-453d-975e-442189a07fe2@group-31C3DC938042-FollowerState was interrupted: java.lang.InterruptedException: sleep interrupted
2019-10-19 01:26:44,954 [8bce6a00-3bba-419d-83ac-b35141b6b559@group-31C3DC938042-LeaderElection156] INFO  impl.LeaderElection (LeaderElection.java:logAndReturn(56)) - 8bce6a00-3bba-419d-83ac-b35141b6b559@group-31C3DC938042-LeaderElection156: Election TIMEOUT; received 0 response(s) [] and 1 exception(s); 8bce6a00-3bba-419d-83ac-b35141b6b559@group-31C3DC938042:t141, leader=null, voted=8bce6a00-3bba-419d-83ac-b35141b6b559, raftlog=8bce6a00-3bba-419d-83ac-b35141b6b559@group-31C3DC938042-SegmentedRaftLog:OPENED:c-1,f-1,i0, conf=-1: [774c78e1-8dd4-453d-975e-442189a07fe2:192.168.157.242:38712, 7247ad7d-2ca2-4af8-9337-77c07ea89cb3:192.168.157.242:42362, 8bce6a00-3bba-419d-83ac-b35141b6b559:192.168.157.242:37801], old=null
2019-10-19 01:26:44,954 [8bce6a00-3bba-419d-83ac-b35141b6b559@group-31C3DC938042-LeaderElection156] INFO  impl.LeaderElection (LogUtils.java:infoOrTrace(149)) -   Exception 0: {}
java.util.concurrent.ExecutionException: org.apache.ratis.thirdparty.io.grpc.StatusRuntimeException: UNAVAILABLE: io exception
	at java.util.concurrent.FutureTask.report(FutureTask.java:122)
	at java.util.concurrent.FutureTask.get(FutureTask.java:192)
	at org.apache.ratis.server.impl.LeaderElection.waitForResults(LeaderElection.java:259)
	at org.apache.ratis.server.impl.LeaderElection.askForVotes(LeaderElection.java:197)
	at org.apache.ratis.server.impl.LeaderElection.run(LeaderElection.java:133)
	at java.lang.Thread.run(Thread.java:748)
Caused by: org.apache.ratis.thirdparty.io.grpc.StatusRuntimeException: UNAVAILABLE: io exception
	at org.apache.ratis.thirdparty.io.grpc.stub.ClientCalls.toStatusRuntimeException(ClientCalls.java:233)
	at org.apache.ratis.thirdparty.io.grpc.stub.ClientCalls.getUnchecked(ClientCalls.java:214)
	at org.apache.ratis.thirdparty.io.grpc.stub.ClientCalls.blockingUnaryCall(ClientCalls.java:139)
	at org.apache.ratis.proto.grpc.RaftServerProtocolServiceGrpc$RaftServerProtocolServiceBlockingStub.requestVote(RaftServerProtocolServiceGrpc.java:265)
	at org.apache.ratis.grpc.server.GrpcServerProtocolClient.requestVote(GrpcServerProtocolClient.java:99)
	at org.apache.ratis.grpc.server.GrpcService.requestVote(GrpcService.java:204)
	at org.apache.ratis.server.impl.LeaderElection.lambda$submitRequests$1(LeaderElection.java:234)
	at java.util.concurrent.FutureTask.run(FutureTask.java:266)
	at java.util.concurrent.Executors$RunnableAdapter.call(Executors.java:511)
	at java.util.concurrent.FutureTask.run(FutureTask.java:266)
	at java.util.concurrent.ThreadPoolExecutor.runWorker(ThreadPoolExecutor.java:1149)
	at java.util.concurrent.ThreadPoolExecutor$Worker.run(ThreadPoolExecutor.java:624)
	... 1 more
Caused by: org.apache.ratis.thirdparty.io.netty.channel.AbstractChannel$AnnotatedConnectException: Connection refused: /192.168.157.242:42362
	at sun.nio.ch.SocketChannelImpl.checkConnect(Native Method)
	at sun.nio.ch.SocketChannelImpl.finishConnect(SocketChannelImpl.java:717)
	at org.apache.ratis.thirdparty.io.netty.channel.socket.nio.NioSocketChannel.doFinishConnect(NioSocketChannel.java:327)
	at org.apache.ratis.thirdparty.io.netty.channel.nio.AbstractNioChannel$AbstractNioUnsafe.finishConnect(AbstractNioChannel.java:340)
	at org.apache.ratis.thirdparty.io.netty.channel.nio.NioEventLoop.processSelectedKey(NioEventLoop.java:632)
	at org.apache.ratis.thirdparty.io.netty.channel.nio.NioEventLoop.processSelectedKeysOptimized(NioEventLoop.java:579)
	at org.apache.ratis.thirdparty.io.netty.channel.nio.NioEventLoop.processSelectedKeys(NioEventLoop.java:496)
	at org.apache.ratis.thirdparty.io.netty.channel.nio.NioEventLoop.run(NioEventLoop.java:458)
	at org.apache.ratis.thirdparty.io.netty.util.concurrent.SingleThreadEventExecutor$5.run(SingleThreadEventExecutor.java:897)
	at org.apache.ratis.thirdparty.io.netty.util.concurrent.FastThreadLocalRunnable.run(FastThreadLocalRunnable.java:30)
	... 1 more
Caused by: java.net.ConnectException: Connection refused
	... 11 more
2019-10-19 01:26:44,979 [8bce6a00-3bba-419d-83ac-b35141b6b559@group-31C3DC938042-LeaderElection156] INFO  impl.LeaderElection (LeaderElection.java:askForVotes(178)) - 8bce6a00-3bba-419d-83ac-b35141b6b559@group-31C3DC938042-LeaderElection156: begin an election at term 142 for -1: [774c78e1-8dd4-453d-975e-442189a07fe2:192.168.157.242:38712, 7247ad7d-2ca2-4af8-9337-77c07ea89cb3:192.168.157.242:42362, 8bce6a00-3bba-419d-83ac-b35141b6b559:192.168.157.242:37801], old=null
2019-10-19 01:26:44,980 [8bce6a00-3bba-419d-83ac-b35141b6b559@group-31C3DC938042-LeaderElection156] INFO  impl.LeaderElection (LogUtils.java:infoOrTrace(149)) - 8bce6a00-3bba-419d-83ac-b35141b6b559@group-31C3DC938042-LeaderElection156 got exception when requesting votes: {}
java.util.concurrent.ExecutionException: org.apache.ratis.thirdparty.io.grpc.StatusRuntimeException: UNAVAILABLE: io exception
	at java.util.concurrent.FutureTask.report(FutureTask.java:122)
	at java.util.concurrent.FutureTask.get(FutureTask.java:192)
	at org.apache.ratis.server.impl.LeaderElection.waitForResults(LeaderElection.java:259)
	at org.apache.ratis.server.impl.LeaderElection.askForVotes(LeaderElection.java:197)
	at org.apache.ratis.server.impl.LeaderElection.run(LeaderElection.java:133)
	at java.lang.Thread.run(Thread.java:748)
Caused by: org.apache.ratis.thirdparty.io.grpc.StatusRuntimeException: UNAVAILABLE: io exception
	at org.apache.ratis.thirdparty.io.grpc.stub.ClientCalls.toStatusRuntimeException(ClientCalls.java:233)
	at org.apache.ratis.thirdparty.io.grpc.stub.ClientCalls.getUnchecked(ClientCalls.java:214)
	at org.apache.ratis.thirdparty.io.grpc.stub.ClientCalls.blockingUnaryCall(ClientCalls.java:139)
	at org.apache.ratis.proto.grpc.RaftServerProtocolServiceGrpc$RaftServerProtocolServiceBlockingStub.requestVote(RaftServerProtocolServiceGrpc.java:265)
	at org.apache.ratis.grpc.server.GrpcServerProtocolClient.requestVote(GrpcServerProtocolClient.java:99)
	at org.apache.ratis.grpc.server.GrpcService.requestVote(GrpcService.java:204)
	at org.apache.ratis.server.impl.LeaderElection.lambda$submitRequests$1(LeaderElection.java:234)
	at java.util.concurrent.FutureTask.run(FutureTask.java:266)
	at java.util.concurrent.Executors$RunnableAdapter.call(Executors.java:511)
	at java.util.concurrent.FutureTask.run(FutureTask.java:266)
	at java.util.concurrent.ThreadPoolExecutor.runWorker(ThreadPoolExecutor.java:1149)
	at java.util.concurrent.ThreadPoolExecutor$Worker.run(ThreadPoolExecutor.java:624)
	... 1 more
Caused by: org.apache.ratis.thirdparty.io.netty.channel.AbstractChannel$AnnotatedConnectException: Connection refused: /192.168.157.242:42362
	at sun.nio.ch.SocketChannelImpl.checkConnect(Native Method)
	at sun.nio.ch.SocketChannelImpl.finishConnect(SocketChannelImpl.java:717)
	at org.apache.ratis.thirdparty.io.netty.channel.socket.nio.NioSocketChannel.doFinishConnect(NioSocketChannel.java:327)
	at org.apache.ratis.thirdparty.io.netty.channel.nio.AbstractNioChannel$AbstractNioUnsafe.finishConnect(AbstractNioChannel.java:340)
	at org.apache.ratis.thirdparty.io.netty.channel.nio.NioEventLoop.processSelectedKey(NioEventLoop.java:632)
	at org.apache.ratis.thirdparty.io.netty.channel.nio.NioEventLoop.processSelectedKeysOptimized(NioEventLoop.java:579)
	at org.apache.ratis.thirdparty.io.netty.channel.nio.NioEventLoop.processSelectedKeys(NioEventLoop.java:496)
	at org.apache.ratis.thirdparty.io.netty.channel.nio.NioEventLoop.run(NioEventLoop.java:458)
	at org.apache.ratis.thirdparty.io.netty.util.concurrent.SingleThreadEventExecutor$5.run(SingleThreadEventExecutor.java:897)
	at org.apache.ratis.thirdparty.io.netty.util.concurrent.FastThreadLocalRunnable.run(FastThreadLocalRunnable.java:30)
	... 1 more
Caused by: java.net.ConnectException: Connection refused
	... 11 more
2019-10-19 01:26:44,983 [grpc-default-executor-0] INFO  impl.RaftServerImpl (RaftServerImpl.java:setRole(184)) - 774c78e1-8dd4-453d-975e-442189a07fe2@group-31C3DC938042: changes role from  FOLLOWER to FOLLOWER at term 142 for recognizeCandidate:8bce6a00-3bba-419d-83ac-b35141b6b559
2019-10-19 01:26:44,983 [grpc-default-executor-0] INFO  impl.RoleInfo (RoleInfo.java:shutdownFollowerState(121)) - 774c78e1-8dd4-453d-975e-442189a07fe2: shutdown FollowerState
2019-10-19 01:26:44,983 [grpc-default-executor-0] INFO  impl.RoleInfo (RoleInfo.java:updateAndGet(143)) - 774c78e1-8dd4-453d-975e-442189a07fe2: start FollowerState
2019-10-19 01:26:44,983 [Thread-1530] INFO  impl.FollowerState (FollowerState.java:run(117)) - 774c78e1-8dd4-453d-975e-442189a07fe2@group-31C3DC938042-FollowerState was interrupted: java.lang.InterruptedException: sleep interrupted
2019-10-19 01:26:44,996 [8bce6a00-3bba-419d-83ac-b35141b6b559@group-31C3DC938042-LeaderElection156] INFO  impl.LeaderElection (LeaderElection.java:logAndReturn(56)) - 8bce6a00-3bba-419d-83ac-b35141b6b559@group-31C3DC938042-LeaderElection156: Election REJECTED; received 1 response(s) [8bce6a00-3bba-419d-83ac-b35141b6b559<-774c78e1-8dd4-453d-975e-442189a07fe2#0:FAIL-t142] and 1 exception(s); 8bce6a00-3bba-419d-83ac-b35141b6b559@group-31C3DC938042:t142, leader=null, voted=8bce6a00-3bba-419d-83ac-b35141b6b559, raftlog=8bce6a00-3bba-419d-83ac-b35141b6b559@group-31C3DC938042-SegmentedRaftLog:OPENED:c-1,f-1,i0, conf=-1: [774c78e1-8dd4-453d-975e-442189a07fe2:192.168.157.242:38712, 7247ad7d-2ca2-4af8-9337-77c07ea89cb3:192.168.157.242:42362, 8bce6a00-3bba-419d-83ac-b35141b6b559:192.168.157.242:37801], old=null
2019-10-19 01:26:44,996 [8bce6a00-3bba-419d-83ac-b35141b6b559@group-31C3DC938042-LeaderElection156] INFO  impl.LeaderElection (LogUtils.java:infoOrTrace(149)) -   Exception 0: {}
java.util.concurrent.ExecutionException: org.apache.ratis.thirdparty.io.grpc.StatusRuntimeException: UNAVAILABLE: io exception
	at java.util.concurrent.FutureTask.report(FutureTask.java:122)
	at java.util.concurrent.FutureTask.get(FutureTask.java:192)
	at org.apache.ratis.server.impl.LeaderElection.waitForResults(LeaderElection.java:259)
	at org.apache.ratis.server.impl.LeaderElection.askForVotes(LeaderElection.java:197)
	at org.apache.ratis.server.impl.LeaderElection.run(LeaderElection.java:133)
	at java.lang.Thread.run(Thread.java:748)
Caused by: org.apache.ratis.thirdparty.io.grpc.StatusRuntimeException: UNAVAILABLE: io exception
	at org.apache.ratis.thirdparty.io.grpc.stub.ClientCalls.toStatusRuntimeException(ClientCalls.java:233)
	at org.apache.ratis.thirdparty.io.grpc.stub.ClientCalls.getUnchecked(ClientCalls.java:214)
	at org.apache.ratis.thirdparty.io.grpc.stub.ClientCalls.blockingUnaryCall(ClientCalls.java:139)
	at org.apache.ratis.proto.grpc.RaftServerProtocolServiceGrpc$RaftServerProtocolServiceBlockingStub.requestVote(RaftServerProtocolServiceGrpc.java:265)
	at org.apache.ratis.grpc.server.GrpcServerProtocolClient.requestVote(GrpcServerProtocolClient.java:99)
	at org.apache.ratis.grpc.server.GrpcService.requestVote(GrpcService.java:204)
	at org.apache.ratis.server.impl.LeaderElection.lambda$submitRequests$1(LeaderElection.java:234)
	at java.util.concurrent.FutureTask.run(FutureTask.java:266)
	at java.util.concurrent.Executors$RunnableAdapter.call(Executors.java:511)
	at java.util.concurrent.FutureTask.run(FutureTask.java:266)
	at java.util.concurrent.ThreadPoolExecutor.runWorker(ThreadPoolExecutor.java:1149)
	at java.util.concurrent.ThreadPoolExecutor$Worker.run(ThreadPoolExecutor.java:624)
	... 1 more
Caused by: org.apache.ratis.thirdparty.io.netty.channel.AbstractChannel$AnnotatedConnectException: Connection refused: /192.168.157.242:42362
	at sun.nio.ch.SocketChannelImpl.checkConnect(Native Method)
	at sun.nio.ch.SocketChannelImpl.finishConnect(SocketChannelImpl.java:717)
	at org.apache.ratis.thirdparty.io.netty.channel.socket.nio.NioSocketChannel.doFinishConnect(NioSocketChannel.java:327)
	at org.apache.ratis.thirdparty.io.netty.channel.nio.AbstractNioChannel$AbstractNioUnsafe.finishConnect(AbstractNioChannel.java:340)
	at org.apache.ratis.thirdparty.io.netty.channel.nio.NioEventLoop.processSelectedKey(NioEventLoop.java:632)
	at org.apache.ratis.thirdparty.io.netty.channel.nio.NioEventLoop.processSelectedKeysOptimized(NioEventLoop.java:579)
	at org.apache.ratis.thirdparty.io.netty.channel.nio.NioEventLoop.processSelectedKeys(NioEventLoop.java:496)
	at org.apache.ratis.thirdparty.io.netty.channel.nio.NioEventLoop.run(NioEventLoop.java:458)
	at org.apache.ratis.thirdparty.io.netty.util.concurrent.SingleThreadEventExecutor$5.run(SingleThreadEventExecutor.java:897)
	at org.apache.ratis.thirdparty.io.netty.util.concurrent.FastThreadLocalRunnable.run(FastThreadLocalRunnable.java:30)
	... 1 more
Caused by: java.net.ConnectException: Connection refused
	... 11 more
2019-10-19 01:26:44,997 [8bce6a00-3bba-419d-83ac-b35141b6b559@group-31C3DC938042-LeaderElection156] INFO  impl.RaftServerImpl (RaftServerImpl.java:setRole(184)) - 8bce6a00-3bba-419d-83ac-b35141b6b559@group-31C3DC938042: changes role from CANDIDATE to FOLLOWER at term 142 for DISCOVERED_A_NEW_TERM
2019-10-19 01:26:44,997 [8bce6a00-3bba-419d-83ac-b35141b6b559@group-31C3DC938042-LeaderElection156] INFO  impl.RoleInfo (RoleInfo.java:shutdownLeaderElection(134)) - 8bce6a00-3bba-419d-83ac-b35141b6b559: shutdown LeaderElection
2019-10-19 01:26:44,997 [8bce6a00-3bba-419d-83ac-b35141b6b559@group-31C3DC938042-LeaderElection156] INFO  impl.RoleInfo (RoleInfo.java:updateAndGet(143)) - 8bce6a00-3bba-419d-83ac-b35141b6b559: start FollowerState
2019-10-19 01:26:45,014 [Thread-1534] INFO  impl.FollowerState (FollowerState.java:run(108)) - 8bce6a00-3bba-419d-83ac-b35141b6b559@group-31C3DC938042-FollowerState: change to CANDIDATE, lastRpcTime:17ms, electionTimeout:17ms
2019-10-19 01:26:45,015 [Thread-1534] INFO  impl.RoleInfo (RoleInfo.java:shutdownFollowerState(121)) - 8bce6a00-3bba-419d-83ac-b35141b6b559: shutdown FollowerState
2019-10-19 01:26:45,015 [Thread-1534] INFO  impl.RaftServerImpl (RaftServerImpl.java:setRole(184)) - 8bce6a00-3bba-419d-83ac-b35141b6b559@group-31C3DC938042: changes role from  FOLLOWER to CANDIDATE at term 142 for changeToCandidate
2019-10-19 01:26:45,015 [Thread-1534] INFO  impl.RoleInfo (RoleInfo.java:updateAndGet(143)) - 8bce6a00-3bba-419d-83ac-b35141b6b559: start LeaderElection
2019-10-19 01:26:45,023 [8bce6a00-3bba-419d-83ac-b35141b6b559@group-31C3DC938042-LeaderElection157] INFO  impl.LeaderElection (LeaderElection.java:askForVotes(178)) - 8bce6a00-3bba-419d-83ac-b35141b6b559@group-31C3DC938042-LeaderElection157: begin an election at term 143 for -1: [774c78e1-8dd4-453d-975e-442189a07fe2:192.168.157.242:38712, 7247ad7d-2ca2-4af8-9337-77c07ea89cb3:192.168.157.242:42362, 8bce6a00-3bba-419d-83ac-b35141b6b559:192.168.157.242:37801], old=null
2019-10-19 01:26:45,024 [8bce6a00-3bba-419d-83ac-b35141b6b559@group-31C3DC938042-LeaderElection157] INFO  impl.LeaderElection (LogUtils.java:infoOrTrace(149)) - 8bce6a00-3bba-419d-83ac-b35141b6b559@group-31C3DC938042-LeaderElection157 got exception when requesting votes: {}
java.util.concurrent.ExecutionException: org.apache.ratis.thirdparty.io.grpc.StatusRuntimeException: UNAVAILABLE: io exception
	at java.util.concurrent.FutureTask.report(FutureTask.java:122)
	at java.util.concurrent.FutureTask.get(FutureTask.java:192)
	at org.apache.ratis.server.impl.LeaderElection.waitForResults(LeaderElection.java:259)
	at org.apache.ratis.server.impl.LeaderElection.askForVotes(LeaderElection.java:197)
	at org.apache.ratis.server.impl.LeaderElection.run(LeaderElection.java:133)
	at java.lang.Thread.run(Thread.java:748)
Caused by: org.apache.ratis.thirdparty.io.grpc.StatusRuntimeException: UNAVAILABLE: io exception
	at org.apache.ratis.thirdparty.io.grpc.stub.ClientCalls.toStatusRuntimeException(ClientCalls.java:233)
	at org.apache.ratis.thirdparty.io.grpc.stub.ClientCalls.getUnchecked(ClientCalls.java:214)
	at org.apache.ratis.thirdparty.io.grpc.stub.ClientCalls.blockingUnaryCall(ClientCalls.java:139)
	at org.apache.ratis.proto.grpc.RaftServerProtocolServiceGrpc$RaftServerProtocolServiceBlockingStub.requestVote(RaftServerProtocolServiceGrpc.java:265)
	at org.apache.ratis.grpc.server.GrpcServerProtocolClient.requestVote(GrpcServerProtocolClient.java:99)
	at org.apache.ratis.grpc.server.GrpcService.requestVote(GrpcService.java:204)
	at org.apache.ratis.server.impl.LeaderElection.lambda$submitRequests$1(LeaderElection.java:234)
	at java.util.concurrent.FutureTask.run(FutureTask.java:266)
	at java.util.concurrent.Executors$RunnableAdapter.call(Executors.java:511)
	at java.util.concurrent.FutureTask.run(FutureTask.java:266)
	at java.util.concurrent.ThreadPoolExecutor.runWorker(ThreadPoolExecutor.java:1149)
	at java.util.concurrent.ThreadPoolExecutor$Worker.run(ThreadPoolExecutor.java:624)
	... 1 more
Caused by: org.apache.ratis.thirdparty.io.netty.channel.AbstractChannel$AnnotatedConnectException: Connection refused: /192.168.157.242:42362
	at sun.nio.ch.SocketChannelImpl.checkConnect(Native Method)
	at sun.nio.ch.SocketChannelImpl.finishConnect(SocketChannelImpl.java:717)
	at org.apache.ratis.thirdparty.io.netty.channel.socket.nio.NioSocketChannel.doFinishConnect(NioSocketChannel.java:327)
	at org.apache.ratis.thirdparty.io.netty.channel.nio.AbstractNioChannel$AbstractNioUnsafe.finishConnect(AbstractNioChannel.java:340)
	at org.apache.ratis.thirdparty.io.netty.channel.nio.NioEventLoop.processSelectedKey(NioEventLoop.java:632)
	at org.apache.ratis.thirdparty.io.netty.channel.nio.NioEventLoop.processSelectedKeysOptimized(NioEventLoop.java:579)
	at org.apache.ratis.thirdparty.io.netty.channel.nio.NioEventLoop.processSelectedKeys(NioEventLoop.java:496)
	at org.apache.ratis.thirdparty.io.netty.channel.nio.NioEventLoop.run(NioEventLoop.java:458)
	at org.apache.ratis.thirdparty.io.netty.util.concurrent.SingleThreadEventExecutor$5.run(SingleThreadEventExecutor.java:897)
	at org.apache.ratis.thirdparty.io.netty.util.concurrent.FastThreadLocalRunnable.run(FastThreadLocalRunnable.java:30)
	... 1 more
Caused by: java.net.ConnectException: Connection refused
	... 11 more
2019-10-19 01:26:45,028 [grpc-default-executor-0] INFO  impl.RaftServerImpl (RaftServerImpl.java:setRole(184)) - 774c78e1-8dd4-453d-975e-442189a07fe2@group-31C3DC938042: changes role from  FOLLOWER to FOLLOWER at term 143 for recognizeCandidate:8bce6a00-3bba-419d-83ac-b35141b6b559
2019-10-19 01:26:45,028 [grpc-default-executor-0] INFO  impl.RoleInfo (RoleInfo.java:shutdownFollowerState(121)) - 774c78e1-8dd4-453d-975e-442189a07fe2: shutdown FollowerState
2019-10-19 01:26:45,028 [grpc-default-executor-0] INFO  impl.RoleInfo (RoleInfo.java:updateAndGet(143)) - 774c78e1-8dd4-453d-975e-442189a07fe2: start FollowerState
2019-10-19 01:26:45,028 [Thread-1533] INFO  impl.FollowerState (FollowerState.java:run(117)) - 774c78e1-8dd4-453d-975e-442189a07fe2@group-31C3DC938042-FollowerState was interrupted: java.lang.InterruptedException: sleep interrupted
2019-10-19 01:26:45,058 [8bce6a00-3bba-419d-83ac-b35141b6b559@group-31C3DC938042-LeaderElection157] INFO  impl.LeaderElection (LeaderElection.java:logAndReturn(56)) - 8bce6a00-3bba-419d-83ac-b35141b6b559@group-31C3DC938042-LeaderElection157: Election REJECTED; received 1 response(s) [8bce6a00-3bba-419d-83ac-b35141b6b559<-774c78e1-8dd4-453d-975e-442189a07fe2#0:FAIL-t143] and 1 exception(s); 8bce6a00-3bba-419d-83ac-b35141b6b559@group-31C3DC938042:t143, leader=null, voted=8bce6a00-3bba-419d-83ac-b35141b6b559, raftlog=8bce6a00-3bba-419d-83ac-b35141b6b559@group-31C3DC938042-SegmentedRaftLog:OPENED:c-1,f-1,i0, conf=-1: [774c78e1-8dd4-453d-975e-442189a07fe2:192.168.157.242:38712, 7247ad7d-2ca2-4af8-9337-77c07ea89cb3:192.168.157.242:42362, 8bce6a00-3bba-419d-83ac-b35141b6b559:192.168.157.242:37801], old=null
2019-10-19 01:26:45,059 [8bce6a00-3bba-419d-83ac-b35141b6b559@group-31C3DC938042-LeaderElection157] INFO  impl.LeaderElection (LogUtils.java:infoOrTrace(149)) -   Exception 0: {}
java.util.concurrent.ExecutionException: org.apache.ratis.thirdparty.io.grpc.StatusRuntimeException: UNAVAILABLE: io exception
	at java.util.concurrent.FutureTask.report(FutureTask.java:122)
	at java.util.concurrent.FutureTask.get(FutureTask.java:192)
	at org.apache.ratis.server.impl.LeaderElection.waitForResults(LeaderElection.java:259)
	at org.apache.ratis.server.impl.LeaderElection.askForVotes(LeaderElection.java:197)
	at org.apache.ratis.server.impl.LeaderElection.run(LeaderElection.java:133)
	at java.lang.Thread.run(Thread.java:748)
Caused by: org.apache.ratis.thirdparty.io.grpc.StatusRuntimeException: UNAVAILABLE: io exception
	at org.apache.ratis.thirdparty.io.grpc.stub.ClientCalls.toStatusRuntimeException(ClientCalls.java:233)
	at org.apache.ratis.thirdparty.io.grpc.stub.ClientCalls.getUnchecked(ClientCalls.java:214)
	at org.apache.ratis.thirdparty.io.grpc.stub.ClientCalls.blockingUnaryCall(ClientCalls.java:139)
	at org.apache.ratis.proto.grpc.RaftServerProtocolServiceGrpc$RaftServerProtocolServiceBlockingStub.requestVote(RaftServerProtocolServiceGrpc.java:265)
	at org.apache.ratis.grpc.server.GrpcServerProtocolClient.requestVote(GrpcServerProtocolClient.java:99)
	at org.apache.ratis.grpc.server.GrpcService.requestVote(GrpcService.java:204)
	at org.apache.ratis.server.impl.LeaderElection.lambda$submitRequests$1(LeaderElection.java:234)
	at java.util.concurrent.FutureTask.run(FutureTask.java:266)
	at java.util.concurrent.Executors$RunnableAdapter.call(Executors.java:511)
	at java.util.concurrent.FutureTask.run(FutureTask.java:266)
	at java.util.concurrent.ThreadPoolExecutor.runWorker(ThreadPoolExecutor.java:1149)
	at java.util.concurrent.ThreadPoolExecutor$Worker.run(ThreadPoolExecutor.java:624)
	... 1 more
Caused by: org.apache.ratis.thirdparty.io.netty.channel.AbstractChannel$AnnotatedConnectException: Connection refused: /192.168.157.242:42362
	at sun.nio.ch.SocketChannelImpl.checkConnect(Native Method)
	at sun.nio.ch.SocketChannelImpl.finishConnect(SocketChannelImpl.java:717)
	at org.apache.ratis.thirdparty.io.netty.channel.socket.nio.NioSocketChannel.doFinishConnect(NioSocketChannel.java:327)
	at org.apache.ratis.thirdparty.io.netty.channel.nio.AbstractNioChannel$AbstractNioUnsafe.finishConnect(AbstractNioChannel.java:340)
	at org.apache.ratis.thirdparty.io.netty.channel.nio.NioEventLoop.processSelectedKey(NioEventLoop.java:632)
	at org.apache.ratis.thirdparty.io.netty.channel.nio.NioEventLoop.processSelectedKeysOptimized(NioEventLoop.java:579)
	at org.apache.ratis.thirdparty.io.netty.channel.nio.NioEventLoop.processSelectedKeys(NioEventLoop.java:496)
	at org.apache.ratis.thirdparty.io.netty.channel.nio.NioEventLoop.run(NioEventLoop.java:458)
	at org.apache.ratis.thirdparty.io.netty.util.concurrent.SingleThreadEventExecutor$5.run(SingleThreadEventExecutor.java:897)
	at org.apache.ratis.thirdparty.io.netty.util.concurrent.FastThreadLocalRunnable.run(FastThreadLocalRunnable.java:30)
	... 1 more
Caused by: java.net.ConnectException: Connection refused
	... 11 more
2019-10-19 01:26:45,059 [8bce6a00-3bba-419d-83ac-b35141b6b559@group-31C3DC938042-LeaderElection157] INFO  impl.RaftServerImpl (RaftServerImpl.java:setRole(184)) - 8bce6a00-3bba-419d-83ac-b35141b6b559@group-31C3DC938042: changes role from CANDIDATE to FOLLOWER at term 143 for DISCOVERED_A_NEW_TERM
2019-10-19 01:26:45,059 [8bce6a00-3bba-419d-83ac-b35141b6b559@group-31C3DC938042-LeaderElection157] INFO  impl.RoleInfo (RoleInfo.java:shutdownLeaderElection(134)) - 8bce6a00-3bba-419d-83ac-b35141b6b559: shutdown LeaderElection
2019-10-19 01:26:45,059 [8bce6a00-3bba-419d-83ac-b35141b6b559@group-31C3DC938042-LeaderElection157] INFO  impl.RoleInfo (RoleInfo.java:updateAndGet(143)) - 8bce6a00-3bba-419d-83ac-b35141b6b559: start FollowerState
2019-10-19 01:26:45,076 [Thread-1539] INFO  impl.FollowerState (FollowerState.java:run(108)) - 8bce6a00-3bba-419d-83ac-b35141b6b559@group-31C3DC938042-FollowerState: change to CANDIDATE, lastRpcTime:17ms, electionTimeout:17ms
2019-10-19 01:26:45,077 [Thread-1539] INFO  impl.RoleInfo (RoleInfo.java:shutdownFollowerState(121)) - 8bce6a00-3bba-419d-83ac-b35141b6b559: shutdown FollowerState
2019-10-19 01:26:45,077 [Thread-1539] INFO  impl.RaftServerImpl (RaftServerImpl.java:setRole(184)) - 8bce6a00-3bba-419d-83ac-b35141b6b559@group-31C3DC938042: changes role from  FOLLOWER to CANDIDATE at term 143 for changeToCandidate
2019-10-19 01:26:45,077 [Thread-1539] INFO  impl.RoleInfo (RoleInfo.java:updateAndGet(143)) - 8bce6a00-3bba-419d-83ac-b35141b6b559: start LeaderElection
2019-10-19 01:26:45,110 [8bce6a00-3bba-419d-83ac-b35141b6b559@group-31C3DC938042-LeaderElection158] INFO  impl.LeaderElection (LeaderElection.java:askForVotes(178)) - 8bce6a00-3bba-419d-83ac-b35141b6b559@group-31C3DC938042-LeaderElection158: begin an election at term 144 for -1: [774c78e1-8dd4-453d-975e-442189a07fe2:192.168.157.242:38712, 7247ad7d-2ca2-4af8-9337-77c07ea89cb3:192.168.157.242:42362, 8bce6a00-3bba-419d-83ac-b35141b6b559:192.168.157.242:37801], old=null
2019-10-19 01:26:45,111 [8bce6a00-3bba-419d-83ac-b35141b6b559@group-31C3DC938042-LeaderElection158] INFO  impl.LeaderElection (LogUtils.java:infoOrTrace(149)) - 8bce6a00-3bba-419d-83ac-b35141b6b559@group-31C3DC938042-LeaderElection158 got exception when requesting votes: {}
java.util.concurrent.ExecutionException: org.apache.ratis.thirdparty.io.grpc.StatusRuntimeException: UNAVAILABLE: io exception
	at java.util.concurrent.FutureTask.report(FutureTask.java:122)
	at java.util.concurrent.FutureTask.get(FutureTask.java:192)
	at org.apache.ratis.server.impl.LeaderElection.waitForResults(LeaderElection.java:259)
	at org.apache.ratis.server.impl.LeaderElection.askForVotes(LeaderElection.java:197)
	at org.apache.ratis.server.impl.LeaderElection.run(LeaderElection.java:133)
	at java.lang.Thread.run(Thread.java:748)
Caused by: org.apache.ratis.thirdparty.io.grpc.StatusRuntimeException: UNAVAILABLE: io exception
	at org.apache.ratis.thirdparty.io.grpc.stub.ClientCalls.toStatusRuntimeException(ClientCalls.java:233)
	at org.apache.ratis.thirdparty.io.grpc.stub.ClientCalls.getUnchecked(ClientCalls.java:214)
	at org.apache.ratis.thirdparty.io.grpc.stub.ClientCalls.blockingUnaryCall(ClientCalls.java:139)
	at org.apache.ratis.proto.grpc.RaftServerProtocolServiceGrpc$RaftServerProtocolServiceBlockingStub.requestVote(RaftServerProtocolServiceGrpc.java:265)
	at org.apache.ratis.grpc.server.GrpcServerProtocolClient.requestVote(GrpcServerProtocolClient.java:99)
	at org.apache.ratis.grpc.server.GrpcService.requestVote(GrpcService.java:204)
	at org.apache.ratis.server.impl.LeaderElection.lambda$submitRequests$1(LeaderElection.java:234)
	at java.util.concurrent.FutureTask.run(FutureTask.java:266)
	at java.util.concurrent.Executors$RunnableAdapter.call(Executors.java:511)
	at java.util.concurrent.FutureTask.run(FutureTask.java:266)
	at java.util.concurrent.ThreadPoolExecutor.runWorker(ThreadPoolExecutor.java:1149)
	at java.util.concurrent.ThreadPoolExecutor$Worker.run(ThreadPoolExecutor.java:624)
	... 1 more
Caused by: org.apache.ratis.thirdparty.io.netty.channel.AbstractChannel$AnnotatedConnectException: Connection refused: /192.168.157.242:42362
	at sun.nio.ch.SocketChannelImpl.checkConnect(Native Method)
	at sun.nio.ch.SocketChannelImpl.finishConnect(SocketChannelImpl.java:717)
	at org.apache.ratis.thirdparty.io.netty.channel.socket.nio.NioSocketChannel.doFinishConnect(NioSocketChannel.java:327)
	at org.apache.ratis.thirdparty.io.netty.channel.nio.AbstractNioChannel$AbstractNioUnsafe.finishConnect(AbstractNioChannel.java:340)
	at org.apache.ratis.thirdparty.io.netty.channel.nio.NioEventLoop.processSelectedKey(NioEventLoop.java:632)
	at org.apache.ratis.thirdparty.io.netty.channel.nio.NioEventLoop.processSelectedKeysOptimized(NioEventLoop.java:579)
	at org.apache.ratis.thirdparty.io.netty.channel.nio.NioEventLoop.processSelectedKeys(NioEventLoop.java:496)
	at org.apache.ratis.thirdparty.io.netty.channel.nio.NioEventLoop.run(NioEventLoop.java:458)
	at org.apache.ratis.thirdparty.io.netty.util.concurrent.SingleThreadEventExecutor$5.run(SingleThreadEventExecutor.java:897)
	at org.apache.ratis.thirdparty.io.netty.util.concurrent.FastThreadLocalRunnable.run(FastThreadLocalRunnable.java:30)
	... 1 more
Caused by: java.net.ConnectException: Connection refused
	... 11 more
2019-10-19 01:26:45,113 [grpc-default-executor-0] INFO  impl.RaftServerImpl (RaftServerImpl.java:setRole(184)) - 774c78e1-8dd4-453d-975e-442189a07fe2@group-31C3DC938042: changes role from  FOLLOWER to FOLLOWER at term 144 for recognizeCandidate:8bce6a00-3bba-419d-83ac-b35141b6b559
2019-10-19 01:26:45,114 [grpc-default-executor-0] INFO  impl.RoleInfo (RoleInfo.java:shutdownFollowerState(121)) - 774c78e1-8dd4-453d-975e-442189a07fe2: shutdown FollowerState
2019-10-19 01:26:45,114 [grpc-default-executor-0] INFO  impl.RoleInfo (RoleInfo.java:updateAndGet(143)) - 774c78e1-8dd4-453d-975e-442189a07fe2: start FollowerState
2019-10-19 01:26:45,114 [Thread-1538] INFO  impl.FollowerState (FollowerState.java:run(117)) - 774c78e1-8dd4-453d-975e-442189a07fe2@group-31C3DC938042-FollowerState was interrupted: java.lang.InterruptedException: sleep interrupted
2019-10-19 01:26:45,149 [8bce6a00-3bba-419d-83ac-b35141b6b559@group-31C3DC938042-LeaderElection158] INFO  impl.LeaderElection (LeaderElection.java:logAndReturn(56)) - 8bce6a00-3bba-419d-83ac-b35141b6b559@group-31C3DC938042-LeaderElection158: Election REJECTED; received 1 response(s) [8bce6a00-3bba-419d-83ac-b35141b6b559<-774c78e1-8dd4-453d-975e-442189a07fe2#0:FAIL-t144] and 1 exception(s); 8bce6a00-3bba-419d-83ac-b35141b6b559@group-31C3DC938042:t144, leader=null, voted=8bce6a00-3bba-419d-83ac-b35141b6b559, raftlog=8bce6a00-3bba-419d-83ac-b35141b6b559@group-31C3DC938042-SegmentedRaftLog:OPENED:c-1,f-1,i0, conf=-1: [774c78e1-8dd4-453d-975e-442189a07fe2:192.168.157.242:38712, 7247ad7d-2ca2-4af8-9337-77c07ea89cb3:192.168.157.242:42362, 8bce6a00-3bba-419d-83ac-b35141b6b559:192.168.157.242:37801], old=null
2019-10-19 01:26:45,149 [8bce6a00-3bba-419d-83ac-b35141b6b559@group-31C3DC938042-LeaderElection158] INFO  impl.LeaderElection (LogUtils.java:infoOrTrace(149)) -   Exception 0: {}
java.util.concurrent.ExecutionException: org.apache.ratis.thirdparty.io.grpc.StatusRuntimeException: UNAVAILABLE: io exception
	at java.util.concurrent.FutureTask.report(FutureTask.java:122)
	at java.util.concurrent.FutureTask.get(FutureTask.java:192)
	at org.apache.ratis.server.impl.LeaderElection.waitForResults(LeaderElection.java:259)
	at org.apache.ratis.server.impl.LeaderElection.askForVotes(LeaderElection.java:197)
	at org.apache.ratis.server.impl.LeaderElection.run(LeaderElection.java:133)
	at java.lang.Thread.run(Thread.java:748)
Caused by: org.apache.ratis.thirdparty.io.grpc.StatusRuntimeException: UNAVAILABLE: io exception
	at org.apache.ratis.thirdparty.io.grpc.stub.ClientCalls.toStatusRuntimeException(ClientCalls.java:233)
	at org.apache.ratis.thirdparty.io.grpc.stub.ClientCalls.getUnchecked(ClientCalls.java:214)
	at org.apache.ratis.thirdparty.io.grpc.stub.ClientCalls.blockingUnaryCall(ClientCalls.java:139)
	at org.apache.ratis.proto.grpc.RaftServerProtocolServiceGrpc$RaftServerProtocolServiceBlockingStub.requestVote(RaftServerProtocolServiceGrpc.java:265)
	at org.apache.ratis.grpc.server.GrpcServerProtocolClient.requestVote(GrpcServerProtocolClient.java:99)
	at org.apache.ratis.grpc.server.GrpcService.requestVote(GrpcService.java:204)
	at org.apache.ratis.server.impl.LeaderElection.lambda$submitRequests$1(LeaderElection.java:234)
	at java.util.concurrent.FutureTask.run(FutureTask.java:266)
	at java.util.concurrent.Executors$RunnableAdapter.call(Executors.java:511)
	at java.util.concurrent.FutureTask.run(FutureTask.java:266)
	at java.util.concurrent.ThreadPoolExecutor.runWorker(ThreadPoolExecutor.java:1149)
	at java.util.concurrent.ThreadPoolExecutor$Worker.run(ThreadPoolExecutor.java:624)
	... 1 more
Caused by: org.apache.ratis.thirdparty.io.netty.channel.AbstractChannel$AnnotatedConnectException: Connection refused: /192.168.157.242:42362
	at sun.nio.ch.SocketChannelImpl.checkConnect(Native Method)
	at sun.nio.ch.SocketChannelImpl.finishConnect(SocketChannelImpl.java:717)
	at org.apache.ratis.thirdparty.io.netty.channel.socket.nio.NioSocketChannel.doFinishConnect(NioSocketChannel.java:327)
	at org.apache.ratis.thirdparty.io.netty.channel.nio.AbstractNioChannel$AbstractNioUnsafe.finishConnect(AbstractNioChannel.java:340)
	at org.apache.ratis.thirdparty.io.netty.channel.nio.NioEventLoop.processSelectedKey(NioEventLoop.java:632)
	at org.apache.ratis.thirdparty.io.netty.channel.nio.NioEventLoop.processSelectedKeysOptimized(NioEventLoop.java:579)
	at org.apache.ratis.thirdparty.io.netty.channel.nio.NioEventLoop.processSelectedKeys(NioEventLoop.java:496)
	at org.apache.ratis.thirdparty.io.netty.channel.nio.NioEventLoop.run(NioEventLoop.java:458)
	at org.apache.ratis.thirdparty.io.netty.util.concurrent.SingleThreadEventExecutor$5.run(SingleThreadEventExecutor.java:897)
	at org.apache.ratis.thirdparty.io.netty.util.concurrent.FastThreadLocalRunnable.run(FastThreadLocalRunnable.java:30)
	... 1 more
Caused by: java.net.ConnectException: Connection refused
	... 11 more
2019-10-19 01:26:45,150 [8bce6a00-3bba-419d-83ac-b35141b6b559@group-31C3DC938042-LeaderElection158] INFO  impl.RaftServerImpl (RaftServerImpl.java:setRole(184)) - 8bce6a00-3bba-419d-83ac-b35141b6b559@group-31C3DC938042: changes role from CANDIDATE to FOLLOWER at term 144 for DISCOVERED_A_NEW_TERM
2019-10-19 01:26:45,150 [8bce6a00-3bba-419d-83ac-b35141b6b559@group-31C3DC938042-LeaderElection158] INFO  impl.RoleInfo (RoleInfo.java:shutdownLeaderElection(134)) - 8bce6a00-3bba-419d-83ac-b35141b6b559: shutdown LeaderElection
2019-10-19 01:26:45,150 [8bce6a00-3bba-419d-83ac-b35141b6b559@group-31C3DC938042-LeaderElection158] INFO  impl.RoleInfo (RoleInfo.java:updateAndGet(143)) - 8bce6a00-3bba-419d-83ac-b35141b6b559: start FollowerState
2019-10-19 01:26:45,264 [Thread-1545] INFO  impl.FollowerState (FollowerState.java:run(108)) - 8bce6a00-3bba-419d-83ac-b35141b6b559@group-31C3DC938042-FollowerState: change to CANDIDATE, lastRpcTime:113ms, electionTimeout:113ms
2019-10-19 01:26:45,264 [Thread-1545] INFO  impl.RoleInfo (RoleInfo.java:shutdownFollowerState(121)) - 8bce6a00-3bba-419d-83ac-b35141b6b559: shutdown FollowerState
2019-10-19 01:26:45,264 [Thread-1545] INFO  impl.RaftServerImpl (RaftServerImpl.java:setRole(184)) - 8bce6a00-3bba-419d-83ac-b35141b6b559@group-31C3DC938042: changes role from  FOLLOWER to CANDIDATE at term 144 for changeToCandidate
2019-10-19 01:26:45,264 [Thread-1545] INFO  impl.RoleInfo (RoleInfo.java:updateAndGet(143)) - 8bce6a00-3bba-419d-83ac-b35141b6b559: start LeaderElection
2019-10-19 01:26:45,271 [8bce6a00-3bba-419d-83ac-b35141b6b559@group-31C3DC938042-LeaderElection159] INFO  impl.LeaderElection (LeaderElection.java:askForVotes(178)) - 8bce6a00-3bba-419d-83ac-b35141b6b559@group-31C3DC938042-LeaderElection159: begin an election at term 145 for -1: [774c78e1-8dd4-453d-975e-442189a07fe2:192.168.157.242:38712, 7247ad7d-2ca2-4af8-9337-77c07ea89cb3:192.168.157.242:42362, 8bce6a00-3bba-419d-83ac-b35141b6b559:192.168.157.242:37801], old=null
2019-10-19 01:26:45,272 [8bce6a00-3bba-419d-83ac-b35141b6b559@group-31C3DC938042-LeaderElection159] INFO  impl.LeaderElection (LogUtils.java:infoOrTrace(149)) - 8bce6a00-3bba-419d-83ac-b35141b6b559@group-31C3DC938042-LeaderElection159 got exception when requesting votes: {}
java.util.concurrent.ExecutionException: org.apache.ratis.thirdparty.io.grpc.StatusRuntimeException: UNAVAILABLE: io exception
	at java.util.concurrent.FutureTask.report(FutureTask.java:122)
	at java.util.concurrent.FutureTask.get(FutureTask.java:192)
	at org.apache.ratis.server.impl.LeaderElection.waitForResults(LeaderElection.java:259)
	at org.apache.ratis.server.impl.LeaderElection.askForVotes(LeaderElection.java:197)
	at org.apache.ratis.server.impl.LeaderElection.run(LeaderElection.java:133)
	at java.lang.Thread.run(Thread.java:748)
Caused by: org.apache.ratis.thirdparty.io.grpc.StatusRuntimeException: UNAVAILABLE: io exception
	at org.apache.ratis.thirdparty.io.grpc.stub.ClientCalls.toStatusRuntimeException(ClientCalls.java:233)
	at org.apache.ratis.thirdparty.io.grpc.stub.ClientCalls.getUnchecked(ClientCalls.java:214)
	at org.apache.ratis.thirdparty.io.grpc.stub.ClientCalls.blockingUnaryCall(ClientCalls.java:139)
	at org.apache.ratis.proto.grpc.RaftServerProtocolServiceGrpc$RaftServerProtocolServiceBlockingStub.requestVote(RaftServerProtocolServiceGrpc.java:265)
	at org.apache.ratis.grpc.server.GrpcServerProtocolClient.requestVote(GrpcServerProtocolClient.java:99)
	at org.apache.ratis.grpc.server.GrpcService.requestVote(GrpcService.java:204)
	at org.apache.ratis.server.impl.LeaderElection.lambda$submitRequests$1(LeaderElection.java:234)
	at java.util.concurrent.FutureTask.run(FutureTask.java:266)
	at java.util.concurrent.Executors$RunnableAdapter.call(Executors.java:511)
	at java.util.concurrent.FutureTask.run(FutureTask.java:266)
	at java.util.concurrent.ThreadPoolExecutor.runWorker(ThreadPoolExecutor.java:1149)
	at java.util.concurrent.ThreadPoolExecutor$Worker.run(ThreadPoolExecutor.java:624)
	... 1 more
Caused by: org.apache.ratis.thirdparty.io.netty.channel.AbstractChannel$AnnotatedConnectException: Connection refused: /192.168.157.242:42362
	at sun.nio.ch.SocketChannelImpl.checkConnect(Native Method)
	at sun.nio.ch.SocketChannelImpl.finishConnect(SocketChannelImpl.java:717)
	at org.apache.ratis.thirdparty.io.netty.channel.socket.nio.NioSocketChannel.doFinishConnect(NioSocketChannel.java:327)
	at org.apache.ratis.thirdparty.io.netty.channel.nio.AbstractNioChannel$AbstractNioUnsafe.finishConnect(AbstractNioChannel.java:340)
	at org.apache.ratis.thirdparty.io.netty.channel.nio.NioEventLoop.processSelectedKey(NioEventLoop.java:632)
	at org.apache.ratis.thirdparty.io.netty.channel.nio.NioEventLoop.processSelectedKeysOptimized(NioEventLoop.java:579)
	at org.apache.ratis.thirdparty.io.netty.channel.nio.NioEventLoop.processSelectedKeys(NioEventLoop.java:496)
	at org.apache.ratis.thirdparty.io.netty.channel.nio.NioEventLoop.run(NioEventLoop.java:458)
	at org.apache.ratis.thirdparty.io.netty.util.concurrent.SingleThreadEventExecutor$5.run(SingleThreadEventExecutor.java:897)
	at org.apache.ratis.thirdparty.io.netty.util.concurrent.FastThreadLocalRunnable.run(FastThreadLocalRunnable.java:30)
	... 1 more
Caused by: java.net.ConnectException: Connection refused
	... 11 more
2019-10-19 01:26:45,276 [grpc-default-executor-0] INFO  impl.RaftServerImpl (RaftServerImpl.java:setRole(184)) - 774c78e1-8dd4-453d-975e-442189a07fe2@group-31C3DC938042: changes role from  FOLLOWER to FOLLOWER at term 145 for recognizeCandidate:8bce6a00-3bba-419d-83ac-b35141b6b559
2019-10-19 01:26:45,276 [grpc-default-executor-0] INFO  impl.RoleInfo (RoleInfo.java:shutdownFollowerState(121)) - 774c78e1-8dd4-453d-975e-442189a07fe2: shutdown FollowerState
2019-10-19 01:26:45,276 [grpc-default-executor-0] INFO  impl.RoleInfo (RoleInfo.java:updateAndGet(143)) - 774c78e1-8dd4-453d-975e-442189a07fe2: start FollowerState
2019-10-19 01:26:45,276 [Thread-1543] INFO  impl.FollowerState (FollowerState.java:run(117)) - 774c78e1-8dd4-453d-975e-442189a07fe2@group-31C3DC938042-FollowerState was interrupted: java.lang.InterruptedException: sleep interrupted
2019-10-19 01:26:45,290 [8bce6a00-3bba-419d-83ac-b35141b6b559@group-31C3DC938042-LeaderElection159] INFO  impl.LeaderElection (LeaderElection.java:logAndReturn(56)) - 8bce6a00-3bba-419d-83ac-b35141b6b559@group-31C3DC938042-LeaderElection159: Election REJECTED; received 1 response(s) [8bce6a00-3bba-419d-83ac-b35141b6b559<-774c78e1-8dd4-453d-975e-442189a07fe2#0:FAIL-t145] and 1 exception(s); 8bce6a00-3bba-419d-83ac-b35141b6b559@group-31C3DC938042:t145, leader=null, voted=8bce6a00-3bba-419d-83ac-b35141b6b559, raftlog=8bce6a00-3bba-419d-83ac-b35141b6b559@group-31C3DC938042-SegmentedRaftLog:OPENED:c-1,f-1,i0, conf=-1: [774c78e1-8dd4-453d-975e-442189a07fe2:192.168.157.242:38712, 7247ad7d-2ca2-4af8-9337-77c07ea89cb3:192.168.157.242:42362, 8bce6a00-3bba-419d-83ac-b35141b6b559:192.168.157.242:37801], old=null
2019-10-19 01:26:45,290 [8bce6a00-3bba-419d-83ac-b35141b6b559@group-31C3DC938042-LeaderElection159] INFO  impl.LeaderElection (LogUtils.java:infoOrTrace(149)) -   Exception 0: {}
java.util.concurrent.ExecutionException: org.apache.ratis.thirdparty.io.grpc.StatusRuntimeException: UNAVAILABLE: io exception
	at java.util.concurrent.FutureTask.report(FutureTask.java:122)
	at java.util.concurrent.FutureTask.get(FutureTask.java:192)
	at org.apache.ratis.server.impl.LeaderElection.waitForResults(LeaderElection.java:259)
	at org.apache.ratis.server.impl.LeaderElection.askForVotes(LeaderElection.java:197)
	at org.apache.ratis.server.impl.LeaderElection.run(LeaderElection.java:133)
	at java.lang.Thread.run(Thread.java:748)
Caused by: org.apache.ratis.thirdparty.io.grpc.StatusRuntimeException: UNAVAILABLE: io exception
	at org.apache.ratis.thirdparty.io.grpc.stub.ClientCalls.toStatusRuntimeException(ClientCalls.java:233)
	at org.apache.ratis.thirdparty.io.grpc.stub.ClientCalls.getUnchecked(ClientCalls.java:214)
	at org.apache.ratis.thirdparty.io.grpc.stub.ClientCalls.blockingUnaryCall(ClientCalls.java:139)
	at org.apache.ratis.proto.grpc.RaftServerProtocolServiceGrpc$RaftServerProtocolServiceBlockingStub.requestVote(RaftServerProtocolServiceGrpc.java:265)
	at org.apache.ratis.grpc.server.GrpcServerProtocolClient.requestVote(GrpcServerProtocolClient.java:99)
	at org.apache.ratis.grpc.server.GrpcService.requestVote(GrpcService.java:204)
	at org.apache.ratis.server.impl.LeaderElection.lambda$submitRequests$1(LeaderElection.java:234)
	at java.util.concurrent.FutureTask.run(FutureTask.java:266)
	at java.util.concurrent.Executors$RunnableAdapter.call(Executors.java:511)
	at java.util.concurrent.FutureTask.run(FutureTask.java:266)
	at java.util.concurrent.ThreadPoolExecutor.runWorker(ThreadPoolExecutor.java:1149)
	at java.util.concurrent.ThreadPoolExecutor$Worker.run(ThreadPoolExecutor.java:624)
	... 1 more
Caused by: org.apache.ratis.thirdparty.io.netty.channel.AbstractChannel$AnnotatedConnectException: Connection refused: /192.168.157.242:42362
	at sun.nio.ch.SocketChannelImpl.checkConnect(Native Method)
	at sun.nio.ch.SocketChannelImpl.finishConnect(SocketChannelImpl.java:717)
	at org.apache.ratis.thirdparty.io.netty.channel.socket.nio.NioSocketChannel.doFinishConnect(NioSocketChannel.java:327)
	at org.apache.ratis.thirdparty.io.netty.channel.nio.AbstractNioChannel$AbstractNioUnsafe.finishConnect(AbstractNioChannel.java:340)
	at org.apache.ratis.thirdparty.io.netty.channel.nio.NioEventLoop.processSelectedKey(NioEventLoop.java:632)
	at org.apache.ratis.thirdparty.io.netty.channel.nio.NioEventLoop.processSelectedKeysOptimized(NioEventLoop.java:579)
	at org.apache.ratis.thirdparty.io.netty.channel.nio.NioEventLoop.processSelectedKeys(NioEventLoop.java:496)
	at org.apache.ratis.thirdparty.io.netty.channel.nio.NioEventLoop.run(NioEventLoop.java:458)
	at org.apache.ratis.thirdparty.io.netty.util.concurrent.SingleThreadEventExecutor$5.run(SingleThreadEventExecutor.java:897)
	at org.apache.ratis.thirdparty.io.netty.util.concurrent.FastThreadLocalRunnable.run(FastThreadLocalRunnable.java:30)
	... 1 more
Caused by: java.net.ConnectException: Connection refused
	... 11 more
2019-10-19 01:26:45,290 [8bce6a00-3bba-419d-83ac-b35141b6b559@group-31C3DC938042-LeaderElection159] INFO  impl.RaftServerImpl (RaftServerImpl.java:setRole(184)) - 8bce6a00-3bba-419d-83ac-b35141b6b559@group-31C3DC938042: changes role from CANDIDATE to FOLLOWER at term 145 for DISCOVERED_A_NEW_TERM
2019-10-19 01:26:45,290 [8bce6a00-3bba-419d-83ac-b35141b6b559@group-31C3DC938042-LeaderElection159] INFO  impl.RoleInfo (RoleInfo.java:shutdownLeaderElection(134)) - 8bce6a00-3bba-419d-83ac-b35141b6b559: shutdown LeaderElection
2019-10-19 01:26:45,290 [8bce6a00-3bba-419d-83ac-b35141b6b559@group-31C3DC938042-LeaderElection159] INFO  impl.RoleInfo (RoleInfo.java:updateAndGet(143)) - 8bce6a00-3bba-419d-83ac-b35141b6b559: start FollowerState
2019-10-19 01:26:45,379 [Thread-1550] INFO  impl.FollowerState (FollowerState.java:run(108)) - 8bce6a00-3bba-419d-83ac-b35141b6b559@group-31C3DC938042-FollowerState: change to CANDIDATE, lastRpcTime:88ms, electionTimeout:88ms
2019-10-19 01:26:45,379 [Thread-1550] INFO  impl.RoleInfo (RoleInfo.java:shutdownFollowerState(121)) - 8bce6a00-3bba-419d-83ac-b35141b6b559: shutdown FollowerState
2019-10-19 01:26:45,379 [Thread-1550] INFO  impl.RaftServerImpl (RaftServerImpl.java:setRole(184)) - 8bce6a00-3bba-419d-83ac-b35141b6b559@group-31C3DC938042: changes role from  FOLLOWER to CANDIDATE at term 145 for changeToCandidate
2019-10-19 01:26:45,379 [Thread-1550] INFO  impl.RoleInfo (RoleInfo.java:updateAndGet(143)) - 8bce6a00-3bba-419d-83ac-b35141b6b559: start LeaderElection
2019-10-19 01:26:45,383 [8bce6a00-3bba-419d-83ac-b35141b6b559@group-31C3DC938042-LeaderElection160] INFO  impl.LeaderElection (LeaderElection.java:askForVotes(178)) - 8bce6a00-3bba-419d-83ac-b35141b6b559@group-31C3DC938042-LeaderElection160: begin an election at term 146 for -1: [774c78e1-8dd4-453d-975e-442189a07fe2:192.168.157.242:38712, 7247ad7d-2ca2-4af8-9337-77c07ea89cb3:192.168.157.242:42362, 8bce6a00-3bba-419d-83ac-b35141b6b559:192.168.157.242:37801], old=null
2019-10-19 01:26:45,384 [8bce6a00-3bba-419d-83ac-b35141b6b559@group-31C3DC938042-LeaderElection160] INFO  impl.LeaderElection (LogUtils.java:infoOrTrace(149)) - 8bce6a00-3bba-419d-83ac-b35141b6b559@group-31C3DC938042-LeaderElection160 got exception when requesting votes: {}
java.util.concurrent.ExecutionException: org.apache.ratis.thirdparty.io.grpc.StatusRuntimeException: UNAVAILABLE: io exception
	at java.util.concurrent.FutureTask.report(FutureTask.java:122)
	at java.util.concurrent.FutureTask.get(FutureTask.java:192)
	at org.apache.ratis.server.impl.LeaderElection.waitForResults(LeaderElection.java:259)
	at org.apache.ratis.server.impl.LeaderElection.askForVotes(LeaderElection.java:197)
	at org.apache.ratis.server.impl.LeaderElection.run(LeaderElection.java:133)
	at java.lang.Thread.run(Thread.java:748)
Caused by: org.apache.ratis.thirdparty.io.grpc.StatusRuntimeException: UNAVAILABLE: io exception
	at org.apache.ratis.thirdparty.io.grpc.stub.ClientCalls.toStatusRuntimeException(ClientCalls.java:233)
	at org.apache.ratis.thirdparty.io.grpc.stub.ClientCalls.getUnchecked(ClientCalls.java:214)
	at org.apache.ratis.thirdparty.io.grpc.stub.ClientCalls.blockingUnaryCall(ClientCalls.java:139)
	at org.apache.ratis.proto.grpc.RaftServerProtocolServiceGrpc$RaftServerProtocolServiceBlockingStub.requestVote(RaftServerProtocolServiceGrpc.java:265)
	at org.apache.ratis.grpc.server.GrpcServerProtocolClient.requestVote(GrpcServerProtocolClient.java:99)
	at org.apache.ratis.grpc.server.GrpcService.requestVote(GrpcService.java:204)
	at org.apache.ratis.server.impl.LeaderElection.lambda$submitRequests$1(LeaderElection.java:234)
	at java.util.concurrent.FutureTask.run(FutureTask.java:266)
	at java.util.concurrent.Executors$RunnableAdapter.call(Executors.java:511)
	at java.util.concurrent.FutureTask.run(FutureTask.java:266)
	at java.util.concurrent.ThreadPoolExecutor.runWorker(ThreadPoolExecutor.java:1149)
	at java.util.concurrent.ThreadPoolExecutor$Worker.run(ThreadPoolExecutor.java:624)
	... 1 more
Caused by: org.apache.ratis.thirdparty.io.netty.channel.AbstractChannel$AnnotatedConnectException: Connection refused: /192.168.157.242:42362
	at sun.nio.ch.SocketChannelImpl.checkConnect(Native Method)
	at sun.nio.ch.SocketChannelImpl.finishConnect(SocketChannelImpl.java:717)
	at org.apache.ratis.thirdparty.io.netty.channel.socket.nio.NioSocketChannel.doFinishConnect(NioSocketChannel.java:327)
	at org.apache.ratis.thirdparty.io.netty.channel.nio.AbstractNioChannel$AbstractNioUnsafe.finishConnect(AbstractNioChannel.java:340)
	at org.apache.ratis.thirdparty.io.netty.channel.nio.NioEventLoop.processSelectedKey(NioEventLoop.java:632)
	at org.apache.ratis.thirdparty.io.netty.channel.nio.NioEventLoop.processSelectedKeysOptimized(NioEventLoop.java:579)
	at org.apache.ratis.thirdparty.io.netty.channel.nio.NioEventLoop.processSelectedKeys(NioEventLoop.java:496)
	at org.apache.ratis.thirdparty.io.netty.channel.nio.NioEventLoop.run(NioEventLoop.java:458)
	at org.apache.ratis.thirdparty.io.netty.util.concurrent.SingleThreadEventExecutor$5.run(SingleThreadEventExecutor.java:897)
	at org.apache.ratis.thirdparty.io.netty.util.concurrent.FastThreadLocalRunnable.run(FastThreadLocalRunnable.java:30)
	... 1 more
Caused by: java.net.ConnectException: Connection refused
	... 11 more
2019-10-19 01:26:45,389 [grpc-default-executor-0] INFO  impl.RaftServerImpl (RaftServerImpl.java:setRole(184)) - 774c78e1-8dd4-453d-975e-442189a07fe2@group-31C3DC938042: changes role from  FOLLOWER to FOLLOWER at term 146 for recognizeCandidate:8bce6a00-3bba-419d-83ac-b35141b6b559
2019-10-19 01:26:45,389 [grpc-default-executor-0] INFO  impl.RoleInfo (RoleInfo.java:shutdownFollowerState(121)) - 774c78e1-8dd4-453d-975e-442189a07fe2: shutdown FollowerState
2019-10-19 01:26:45,389 [grpc-default-executor-0] INFO  impl.RoleInfo (RoleInfo.java:updateAndGet(143)) - 774c78e1-8dd4-453d-975e-442189a07fe2: start FollowerState
2019-10-19 01:26:45,389 [Thread-1549] INFO  impl.FollowerState (FollowerState.java:run(117)) - 774c78e1-8dd4-453d-975e-442189a07fe2@group-31C3DC938042-FollowerState was interrupted: java.lang.InterruptedException: sleep interrupted
2019-10-19 01:26:45,397 [8bce6a00-3bba-419d-83ac-b35141b6b559@group-31C3DC938042-LeaderElection160] INFO  impl.LeaderElection (LeaderElection.java:logAndReturn(56)) - 8bce6a00-3bba-419d-83ac-b35141b6b559@group-31C3DC938042-LeaderElection160: Election REJECTED; received 1 response(s) [8bce6a00-3bba-419d-83ac-b35141b6b559<-774c78e1-8dd4-453d-975e-442189a07fe2#0:FAIL-t146] and 1 exception(s); 8bce6a00-3bba-419d-83ac-b35141b6b559@group-31C3DC938042:t146, leader=null, voted=8bce6a00-3bba-419d-83ac-b35141b6b559, raftlog=8bce6a00-3bba-419d-83ac-b35141b6b559@group-31C3DC938042-SegmentedRaftLog:OPENED:c-1,f-1,i0, conf=-1: [774c78e1-8dd4-453d-975e-442189a07fe2:192.168.157.242:38712, 7247ad7d-2ca2-4af8-9337-77c07ea89cb3:192.168.157.242:42362, 8bce6a00-3bba-419d-83ac-b35141b6b559:192.168.157.242:37801], old=null
2019-10-19 01:26:45,398 [8bce6a00-3bba-419d-83ac-b35141b6b559@group-31C3DC938042-LeaderElection160] INFO  impl.LeaderElection (LogUtils.java:infoOrTrace(149)) -   Exception 0: {}
java.util.concurrent.ExecutionException: org.apache.ratis.thirdparty.io.grpc.StatusRuntimeException: UNAVAILABLE: io exception
	at java.util.concurrent.FutureTask.report(FutureTask.java:122)
	at java.util.concurrent.FutureTask.get(FutureTask.java:192)
	at org.apache.ratis.server.impl.LeaderElection.waitForResults(LeaderElection.java:259)
	at org.apache.ratis.server.impl.LeaderElection.askForVotes(LeaderElection.java:197)
	at org.apache.ratis.server.impl.LeaderElection.run(LeaderElection.java:133)
	at java.lang.Thread.run(Thread.java:748)
Caused by: org.apache.ratis.thirdparty.io.grpc.StatusRuntimeException: UNAVAILABLE: io exception
	at org.apache.ratis.thirdparty.io.grpc.stub.ClientCalls.toStatusRuntimeException(ClientCalls.java:233)
	at org.apache.ratis.thirdparty.io.grpc.stub.ClientCalls.getUnchecked(ClientCalls.java:214)
	at org.apache.ratis.thirdparty.io.grpc.stub.ClientCalls.blockingUnaryCall(ClientCalls.java:139)
	at org.apache.ratis.proto.grpc.RaftServerProtocolServiceGrpc$RaftServerProtocolServiceBlockingStub.requestVote(RaftServerProtocolServiceGrpc.java:265)
	at org.apache.ratis.grpc.server.GrpcServerProtocolClient.requestVote(GrpcServerProtocolClient.java:99)
	at org.apache.ratis.grpc.server.GrpcService.requestVote(GrpcService.java:204)
	at org.apache.ratis.server.impl.LeaderElection.lambda$submitRequests$1(LeaderElection.java:234)
	at java.util.concurrent.FutureTask.run(FutureTask.java:266)
	at java.util.concurrent.Executors$RunnableAdapter.call(Executors.java:511)
	at java.util.concurrent.FutureTask.run(FutureTask.java:266)
	at java.util.concurrent.ThreadPoolExecutor.runWorker(ThreadPoolExecutor.java:1149)
	at java.util.concurrent.ThreadPoolExecutor$Worker.run(ThreadPoolExecutor.java:624)
	... 1 more
Caused by: org.apache.ratis.thirdparty.io.netty.channel.AbstractChannel$AnnotatedConnectException: Connection refused: /192.168.157.242:42362
	at sun.nio.ch.SocketChannelImpl.checkConnect(Native Method)
	at sun.nio.ch.SocketChannelImpl.finishConnect(SocketChannelImpl.java:717)
	at org.apache.ratis.thirdparty.io.netty.channel.socket.nio.NioSocketChannel.doFinishConnect(NioSocketChannel.java:327)
	at org.apache.ratis.thirdparty.io.netty.channel.nio.AbstractNioChannel$AbstractNioUnsafe.finishConnect(AbstractNioChannel.java:340)
	at org.apache.ratis.thirdparty.io.netty.channel.nio.NioEventLoop.processSelectedKey(NioEventLoop.java:632)
	at org.apache.ratis.thirdparty.io.netty.channel.nio.NioEventLoop.processSelectedKeysOptimized(NioEventLoop.java:579)
	at org.apache.ratis.thirdparty.io.netty.channel.nio.NioEventLoop.processSelectedKeys(NioEventLoop.java:496)
	at org.apache.ratis.thirdparty.io.netty.channel.nio.NioEventLoop.run(NioEventLoop.java:458)
	at org.apache.ratis.thirdparty.io.netty.util.concurrent.SingleThreadEventExecutor$5.run(SingleThreadEventExecutor.java:897)
	at org.apache.ratis.thirdparty.io.netty.util.concurrent.FastThreadLocalRunnable.run(FastThreadLocalRunnable.java:30)
	... 1 more
Caused by: java.net.ConnectException: Connection refused
	... 11 more
2019-10-19 01:26:45,398 [8bce6a00-3bba-419d-83ac-b35141b6b559@group-31C3DC938042-LeaderElection160] INFO  impl.RaftServerImpl (RaftServerImpl.java:setRole(184)) - 8bce6a00-3bba-419d-83ac-b35141b6b559@group-31C3DC938042: changes role from CANDIDATE to FOLLOWER at term 146 for DISCOVERED_A_NEW_TERM
2019-10-19 01:26:45,398 [8bce6a00-3bba-419d-83ac-b35141b6b559@group-31C3DC938042-LeaderElection160] INFO  impl.RoleInfo (RoleInfo.java:shutdownLeaderElection(134)) - 8bce6a00-3bba-419d-83ac-b35141b6b559: shutdown LeaderElection
2019-10-19 01:26:45,398 [8bce6a00-3bba-419d-83ac-b35141b6b559@group-31C3DC938042-LeaderElection160] INFO  impl.RoleInfo (RoleInfo.java:updateAndGet(143)) - 8bce6a00-3bba-419d-83ac-b35141b6b559: start FollowerState
2019-10-19 01:26:45,579 [Thread-1555] INFO  impl.FollowerState (FollowerState.java:run(108)) - 8bce6a00-3bba-419d-83ac-b35141b6b559@group-31C3DC938042-FollowerState: change to CANDIDATE, lastRpcTime:180ms, electionTimeout:180ms
2019-10-19 01:26:45,579 [Thread-1555] INFO  impl.RoleInfo (RoleInfo.java:shutdownFollowerState(121)) - 8bce6a00-3bba-419d-83ac-b35141b6b559: shutdown FollowerState
2019-10-19 01:26:45,579 [Thread-1555] INFO  impl.RaftServerImpl (RaftServerImpl.java:setRole(184)) - 8bce6a00-3bba-419d-83ac-b35141b6b559@group-31C3DC938042: changes role from  FOLLOWER to CANDIDATE at term 146 for changeToCandidate
2019-10-19 01:26:45,580 [Thread-1555] INFO  impl.RoleInfo (RoleInfo.java:updateAndGet(143)) - 8bce6a00-3bba-419d-83ac-b35141b6b559: start LeaderElection
2019-10-19 01:26:45,588 [8bce6a00-3bba-419d-83ac-b35141b6b559@group-31C3DC938042-LeaderElection161] INFO  impl.LeaderElection (LeaderElection.java:askForVotes(178)) - 8bce6a00-3bba-419d-83ac-b35141b6b559@group-31C3DC938042-LeaderElection161: begin an election at term 147 for -1: [774c78e1-8dd4-453d-975e-442189a07fe2:192.168.157.242:38712, 7247ad7d-2ca2-4af8-9337-77c07ea89cb3:192.168.157.242:42362, 8bce6a00-3bba-419d-83ac-b35141b6b559:192.168.157.242:37801], old=null
2019-10-19 01:26:45,589 [8bce6a00-3bba-419d-83ac-b35141b6b559@group-31C3DC938042-LeaderElection161] INFO  impl.LeaderElection (LogUtils.java:infoOrTrace(149)) - 8bce6a00-3bba-419d-83ac-b35141b6b559@group-31C3DC938042-LeaderElection161 got exception when requesting votes: {}
java.util.concurrent.ExecutionException: org.apache.ratis.thirdparty.io.grpc.StatusRuntimeException: UNAVAILABLE: io exception
	at java.util.concurrent.FutureTask.report(FutureTask.java:122)
	at java.util.concurrent.FutureTask.get(FutureTask.java:192)
	at org.apache.ratis.server.impl.LeaderElection.waitForResults(LeaderElection.java:259)
	at org.apache.ratis.server.impl.LeaderElection.askForVotes(LeaderElection.java:197)
	at org.apache.ratis.server.impl.LeaderElection.run(LeaderElection.java:133)
	at java.lang.Thread.run(Thread.java:748)
Caused by: org.apache.ratis.thirdparty.io.grpc.StatusRuntimeException: UNAVAILABLE: io exception
	at org.apache.ratis.thirdparty.io.grpc.stub.ClientCalls.toStatusRuntimeException(ClientCalls.java:233)
	at org.apache.ratis.thirdparty.io.grpc.stub.ClientCalls.getUnchecked(ClientCalls.java:214)
	at org.apache.ratis.thirdparty.io.grpc.stub.ClientCalls.blockingUnaryCall(ClientCalls.java:139)
	at org.apache.ratis.proto.grpc.RaftServerProtocolServiceGrpc$RaftServerProtocolServiceBlockingStub.requestVote(RaftServerProtocolServiceGrpc.java:265)
	at org.apache.ratis.grpc.server.GrpcServerProtocolClient.requestVote(GrpcServerProtocolClient.java:99)
	at org.apache.ratis.grpc.server.GrpcService.requestVote(GrpcService.java:204)
	at org.apache.ratis.server.impl.LeaderElection.lambda$submitRequests$1(LeaderElection.java:234)
	at java.util.concurrent.FutureTask.run(FutureTask.java:266)
	at java.util.concurrent.Executors$RunnableAdapter.call(Executors.java:511)
	at java.util.concurrent.FutureTask.run(FutureTask.java:266)
	at java.util.concurrent.ThreadPoolExecutor.runWorker(ThreadPoolExecutor.java:1149)
	at java.util.concurrent.ThreadPoolExecutor$Worker.run(ThreadPoolExecutor.java:624)
	... 1 more
Caused by: org.apache.ratis.thirdparty.io.netty.channel.AbstractChannel$AnnotatedConnectException: Connection refused: /192.168.157.242:42362
	at sun.nio.ch.SocketChannelImpl.checkConnect(Native Method)
	at sun.nio.ch.SocketChannelImpl.finishConnect(SocketChannelImpl.java:717)
	at org.apache.ratis.thirdparty.io.netty.channel.socket.nio.NioSocketChannel.doFinishConnect(NioSocketChannel.java:327)
	at org.apache.ratis.thirdparty.io.netty.channel.nio.AbstractNioChannel$AbstractNioUnsafe.finishConnect(AbstractNioChannel.java:340)
	at org.apache.ratis.thirdparty.io.netty.channel.nio.NioEventLoop.processSelectedKey(NioEventLoop.java:632)
	at org.apache.ratis.thirdparty.io.netty.channel.nio.NioEventLoop.processSelectedKeysOptimized(NioEventLoop.java:579)
	at org.apache.ratis.thirdparty.io.netty.channel.nio.NioEventLoop.processSelectedKeys(NioEventLoop.java:496)
	at org.apache.ratis.thirdparty.io.netty.channel.nio.NioEventLoop.run(NioEventLoop.java:458)
	at org.apache.ratis.thirdparty.io.netty.util.concurrent.SingleThreadEventExecutor$5.run(SingleThreadEventExecutor.java:897)
	at org.apache.ratis.thirdparty.io.netty.util.concurrent.FastThreadLocalRunnable.run(FastThreadLocalRunnable.java:30)
	... 1 more
Caused by: java.net.ConnectException: Connection refused
	... 11 more
2019-10-19 01:26:45,593 [grpc-default-executor-0] INFO  impl.RaftServerImpl (RaftServerImpl.java:setRole(184)) - 774c78e1-8dd4-453d-975e-442189a07fe2@group-31C3DC938042: changes role from  FOLLOWER to FOLLOWER at term 147 for recognizeCandidate:8bce6a00-3bba-419d-83ac-b35141b6b559
2019-10-19 01:26:45,593 [grpc-default-executor-0] INFO  impl.RoleInfo (RoleInfo.java:shutdownFollowerState(121)) - 774c78e1-8dd4-453d-975e-442189a07fe2: shutdown FollowerState
2019-10-19 01:26:45,594 [grpc-default-executor-0] INFO  impl.RoleInfo (RoleInfo.java:updateAndGet(143)) - 774c78e1-8dd4-453d-975e-442189a07fe2: start FollowerState
2019-10-19 01:26:45,594 [Thread-1554] INFO  impl.FollowerState (FollowerState.java:run(117)) - 774c78e1-8dd4-453d-975e-442189a07fe2@group-31C3DC938042-FollowerState was interrupted: java.lang.InterruptedException: sleep interrupted
2019-10-19 01:26:45,605 [8bce6a00-3bba-419d-83ac-b35141b6b559@group-31C3DC938042-LeaderElection161] INFO  impl.LeaderElection (LeaderElection.java:logAndReturn(56)) - 8bce6a00-3bba-419d-83ac-b35141b6b559@group-31C3DC938042-LeaderElection161: Election REJECTED; received 1 response(s) [8bce6a00-3bba-419d-83ac-b35141b6b559<-774c78e1-8dd4-453d-975e-442189a07fe2#0:FAIL-t147] and 1 exception(s); 8bce6a00-3bba-419d-83ac-b35141b6b559@group-31C3DC938042:t147, leader=null, voted=8bce6a00-3bba-419d-83ac-b35141b6b559, raftlog=8bce6a00-3bba-419d-83ac-b35141b6b559@group-31C3DC938042-SegmentedRaftLog:OPENED:c-1,f-1,i0, conf=-1: [774c78e1-8dd4-453d-975e-442189a07fe2:192.168.157.242:38712, 7247ad7d-2ca2-4af8-9337-77c07ea89cb3:192.168.157.242:42362, 8bce6a00-3bba-419d-83ac-b35141b6b559:192.168.157.242:37801], old=null
2019-10-19 01:26:45,605 [8bce6a00-3bba-419d-83ac-b35141b6b559@group-31C3DC938042-LeaderElection161] INFO  impl.LeaderElection (LogUtils.java:infoOrTrace(149)) -   Exception 0: {}
java.util.concurrent.ExecutionException: org.apache.ratis.thirdparty.io.grpc.StatusRuntimeException: UNAVAILABLE: io exception
	at java.util.concurrent.FutureTask.report(FutureTask.java:122)
	at java.util.concurrent.FutureTask.get(FutureTask.java:192)
	at org.apache.ratis.server.impl.LeaderElection.waitForResults(LeaderElection.java:259)
	at org.apache.ratis.server.impl.LeaderElection.askForVotes(LeaderElection.java:197)
	at org.apache.ratis.server.impl.LeaderElection.run(LeaderElection.java:133)
	at java.lang.Thread.run(Thread.java:748)
Caused by: org.apache.ratis.thirdparty.io.grpc.StatusRuntimeException: UNAVAILABLE: io exception
	at org.apache.ratis.thirdparty.io.grpc.stub.ClientCalls.toStatusRuntimeException(ClientCalls.java:233)
	at org.apache.ratis.thirdparty.io.grpc.stub.ClientCalls.getUnchecked(ClientCalls.java:214)
	at org.apache.ratis.thirdparty.io.grpc.stub.ClientCalls.blockingUnaryCall(ClientCalls.java:139)
	at org.apache.ratis.proto.grpc.RaftServerProtocolServiceGrpc$RaftServerProtocolServiceBlockingStub.requestVote(RaftServerProtocolServiceGrpc.java:265)
	at org.apache.ratis.grpc.server.GrpcServerProtocolClient.requestVote(GrpcServerProtocolClient.java:99)
	at org.apache.ratis.grpc.server.GrpcService.requestVote(GrpcService.java:204)
	at org.apache.ratis.server.impl.LeaderElection.lambda$submitRequests$1(LeaderElection.java:234)
	at java.util.concurrent.FutureTask.run(FutureTask.java:266)
	at java.util.concurrent.Executors$RunnableAdapter.call(Executors.java:511)
	at java.util.concurrent.FutureTask.run(FutureTask.java:266)
	at java.util.concurrent.ThreadPoolExecutor.runWorker(ThreadPoolExecutor.java:1149)
	at java.util.concurrent.ThreadPoolExecutor$Worker.run(ThreadPoolExecutor.java:624)
	... 1 more
Caused by: org.apache.ratis.thirdparty.io.netty.channel.AbstractChannel$AnnotatedConnectException: Connection refused: /192.168.157.242:42362
	at sun.nio.ch.SocketChannelImpl.checkConnect(Native Method)
	at sun.nio.ch.SocketChannelImpl.finishConnect(SocketChannelImpl.java:717)
	at org.apache.ratis.thirdparty.io.netty.channel.socket.nio.NioSocketChannel.doFinishConnect(NioSocketChannel.java:327)
	at org.apache.ratis.thirdparty.io.netty.channel.nio.AbstractNioChannel$AbstractNioUnsafe.finishConnect(AbstractNioChannel.java:340)
	at org.apache.ratis.thirdparty.io.netty.channel.nio.NioEventLoop.processSelectedKey(NioEventLoop.java:632)
	at org.apache.ratis.thirdparty.io.netty.channel.nio.NioEventLoop.processSelectedKeysOptimized(NioEventLoop.java:579)
	at org.apache.ratis.thirdparty.io.netty.channel.nio.NioEventLoop.processSelectedKeys(NioEventLoop.java:496)
	at org.apache.ratis.thirdparty.io.netty.channel.nio.NioEventLoop.run(NioEventLoop.java:458)
	at org.apache.ratis.thirdparty.io.netty.util.concurrent.SingleThreadEventExecutor$5.run(SingleThreadEventExecutor.java:897)
	at org.apache.ratis.thirdparty.io.netty.util.concurrent.FastThreadLocalRunnable.run(FastThreadLocalRunnable.java:30)
	... 1 more
Caused by: java.net.ConnectException: Connection refused
	... 11 more
2019-10-19 01:26:45,605 [8bce6a00-3bba-419d-83ac-b35141b6b559@group-31C3DC938042-LeaderElection161] INFO  impl.RaftServerImpl (RaftServerImpl.java:setRole(184)) - 8bce6a00-3bba-419d-83ac-b35141b6b559@group-31C3DC938042: changes role from CANDIDATE to FOLLOWER at term 147 for DISCOVERED_A_NEW_TERM
2019-10-19 01:26:45,606 [8bce6a00-3bba-419d-83ac-b35141b6b559@group-31C3DC938042-LeaderElection161] INFO  impl.RoleInfo (RoleInfo.java:shutdownLeaderElection(134)) - 8bce6a00-3bba-419d-83ac-b35141b6b559: shutdown LeaderElection
2019-10-19 01:26:45,606 [8bce6a00-3bba-419d-83ac-b35141b6b559@group-31C3DC938042-LeaderElection161] INFO  impl.RoleInfo (RoleInfo.java:updateAndGet(143)) - 8bce6a00-3bba-419d-83ac-b35141b6b559: start FollowerState
2019-10-19 01:26:45,730 [Thread-1562] INFO  impl.FollowerState (FollowerState.java:run(108)) - 8bce6a00-3bba-419d-83ac-b35141b6b559@group-31C3DC938042-FollowerState: change to CANDIDATE, lastRpcTime:124ms, electionTimeout:124ms
2019-10-19 01:26:45,730 [Thread-1562] INFO  impl.RoleInfo (RoleInfo.java:shutdownFollowerState(121)) - 8bce6a00-3bba-419d-83ac-b35141b6b559: shutdown FollowerState
2019-10-19 01:26:45,730 [Thread-1562] INFO  impl.RaftServerImpl (RaftServerImpl.java:setRole(184)) - 8bce6a00-3bba-419d-83ac-b35141b6b559@group-31C3DC938042: changes role from  FOLLOWER to CANDIDATE at term 147 for changeToCandidate
2019-10-19 01:26:45,730 [Thread-1562] INFO  impl.RoleInfo (RoleInfo.java:updateAndGet(143)) - 8bce6a00-3bba-419d-83ac-b35141b6b559: start LeaderElection
2019-10-19 01:26:45,744 [8bce6a00-3bba-419d-83ac-b35141b6b559@group-31C3DC938042-LeaderElection162] INFO  impl.LeaderElection (LeaderElection.java:askForVotes(178)) - 8bce6a00-3bba-419d-83ac-b35141b6b559@group-31C3DC938042-LeaderElection162: begin an election at term 148 for -1: [774c78e1-8dd4-453d-975e-442189a07fe2:192.168.157.242:38712, 7247ad7d-2ca2-4af8-9337-77c07ea89cb3:192.168.157.242:42362, 8bce6a00-3bba-419d-83ac-b35141b6b559:192.168.157.242:37801], old=null
2019-10-19 01:26:45,745 [8bce6a00-3bba-419d-83ac-b35141b6b559@group-31C3DC938042-LeaderElection162] INFO  impl.LeaderElection (LogUtils.java:infoOrTrace(149)) - 8bce6a00-3bba-419d-83ac-b35141b6b559@group-31C3DC938042-LeaderElection162 got exception when requesting votes: {}
java.util.concurrent.ExecutionException: org.apache.ratis.thirdparty.io.grpc.StatusRuntimeException: UNAVAILABLE: io exception
	at java.util.concurrent.FutureTask.report(FutureTask.java:122)
	at java.util.concurrent.FutureTask.get(FutureTask.java:192)
	at org.apache.ratis.server.impl.LeaderElection.waitForResults(LeaderElection.java:259)
	at org.apache.ratis.server.impl.LeaderElection.askForVotes(LeaderElection.java:197)
	at org.apache.ratis.server.impl.LeaderElection.run(LeaderElection.java:133)
	at java.lang.Thread.run(Thread.java:748)
Caused by: org.apache.ratis.thirdparty.io.grpc.StatusRuntimeException: UNAVAILABLE: io exception
	at org.apache.ratis.thirdparty.io.grpc.stub.ClientCalls.toStatusRuntimeException(ClientCalls.java:233)
	at org.apache.ratis.thirdparty.io.grpc.stub.ClientCalls.getUnchecked(ClientCalls.java:214)
	at org.apache.ratis.thirdparty.io.grpc.stub.ClientCalls.blockingUnaryCall(ClientCalls.java:139)
	at org.apache.ratis.proto.grpc.RaftServerProtocolServiceGrpc$RaftServerProtocolServiceBlockingStub.requestVote(RaftServerProtocolServiceGrpc.java:265)
	at org.apache.ratis.grpc.server.GrpcServerProtocolClient.requestVote(GrpcServerProtocolClient.java:99)
	at org.apache.ratis.grpc.server.GrpcService.requestVote(GrpcService.java:204)
	at org.apache.ratis.server.impl.LeaderElection.lambda$submitRequests$1(LeaderElection.java:234)
	at java.util.concurrent.FutureTask.run(FutureTask.java:266)
	at java.util.concurrent.Executors$RunnableAdapter.call(Executors.java:511)
	at java.util.concurrent.FutureTask.run(FutureTask.java:266)
	at java.util.concurrent.ThreadPoolExecutor.runWorker(ThreadPoolExecutor.java:1149)
	at java.util.concurrent.ThreadPoolExecutor$Worker.run(ThreadPoolExecutor.java:624)
	... 1 more
Caused by: org.apache.ratis.thirdparty.io.netty.channel.AbstractChannel$AnnotatedConnectException: Connection refused: /192.168.157.242:42362
	at sun.nio.ch.SocketChannelImpl.checkConnect(Native Method)
	at sun.nio.ch.SocketChannelImpl.finishConnect(SocketChannelImpl.java:717)
	at org.apache.ratis.thirdparty.io.netty.channel.socket.nio.NioSocketChannel.doFinishConnect(NioSocketChannel.java:327)
	at org.apache.ratis.thirdparty.io.netty.channel.nio.AbstractNioChannel$AbstractNioUnsafe.finishConnect(AbstractNioChannel.java:340)
	at org.apache.ratis.thirdparty.io.netty.channel.nio.NioEventLoop.processSelectedKey(NioEventLoop.java:632)
	at org.apache.ratis.thirdparty.io.netty.channel.nio.NioEventLoop.processSelectedKeysOptimized(NioEventLoop.java:579)
	at org.apache.ratis.thirdparty.io.netty.channel.nio.NioEventLoop.processSelectedKeys(NioEventLoop.java:496)
	at org.apache.ratis.thirdparty.io.netty.channel.nio.NioEventLoop.run(NioEventLoop.java:458)
	at org.apache.ratis.thirdparty.io.netty.util.concurrent.SingleThreadEventExecutor$5.run(SingleThreadEventExecutor.java:897)
	at org.apache.ratis.thirdparty.io.netty.util.concurrent.FastThreadLocalRunnable.run(FastThreadLocalRunnable.java:30)
	... 1 more
Caused by: java.net.ConnectException: Connection refused
	... 11 more
2019-10-19 01:26:45,748 [grpc-default-executor-0] INFO  impl.RaftServerImpl (RaftServerImpl.java:setRole(184)) - 774c78e1-8dd4-453d-975e-442189a07fe2@group-31C3DC938042: changes role from  FOLLOWER to FOLLOWER at term 148 for recognizeCandidate:8bce6a00-3bba-419d-83ac-b35141b6b559
2019-10-19 01:26:45,748 [grpc-default-executor-0] INFO  impl.RoleInfo (RoleInfo.java:shutdownFollowerState(121)) - 774c78e1-8dd4-453d-975e-442189a07fe2: shutdown FollowerState
2019-10-19 01:26:45,748 [grpc-default-executor-0] INFO  impl.RoleInfo (RoleInfo.java:updateAndGet(143)) - 774c78e1-8dd4-453d-975e-442189a07fe2: start FollowerState
2019-10-19 01:26:45,748 [Thread-1561] INFO  impl.FollowerState (FollowerState.java:run(117)) - 774c78e1-8dd4-453d-975e-442189a07fe2@group-31C3DC938042-FollowerState was interrupted: java.lang.InterruptedException: sleep interrupted
2019-10-19 01:26:45,774 [8bce6a00-3bba-419d-83ac-b35141b6b559@group-31C3DC938042-LeaderElection162] INFO  impl.LeaderElection (LeaderElection.java:logAndReturn(56)) - 8bce6a00-3bba-419d-83ac-b35141b6b559@group-31C3DC938042-LeaderElection162: Election REJECTED; received 1 response(s) [8bce6a00-3bba-419d-83ac-b35141b6b559<-774c78e1-8dd4-453d-975e-442189a07fe2#0:FAIL-t148] and 1 exception(s); 8bce6a00-3bba-419d-83ac-b35141b6b559@group-31C3DC938042:t148, leader=null, voted=8bce6a00-3bba-419d-83ac-b35141b6b559, raftlog=8bce6a00-3bba-419d-83ac-b35141b6b559@group-31C3DC938042-SegmentedRaftLog:OPENED:c-1,f-1,i0, conf=-1: [774c78e1-8dd4-453d-975e-442189a07fe2:192.168.157.242:38712, 7247ad7d-2ca2-4af8-9337-77c07ea89cb3:192.168.157.242:42362, 8bce6a00-3bba-419d-83ac-b35141b6b559:192.168.157.242:37801], old=null
2019-10-19 01:26:45,774 [8bce6a00-3bba-419d-83ac-b35141b6b559@group-31C3DC938042-LeaderElection162] INFO  impl.LeaderElection (LogUtils.java:infoOrTrace(149)) -   Exception 0: {}
java.util.concurrent.ExecutionException: org.apache.ratis.thirdparty.io.grpc.StatusRuntimeException: UNAVAILABLE: io exception
	at java.util.concurrent.FutureTask.report(FutureTask.java:122)
	at java.util.concurrent.FutureTask.get(FutureTask.java:192)
	at org.apache.ratis.server.impl.LeaderElection.waitForResults(LeaderElection.java:259)
	at org.apache.ratis.server.impl.LeaderElection.askForVotes(LeaderElection.java:197)
	at org.apache.ratis.server.impl.LeaderElection.run(LeaderElection.java:133)
	at java.lang.Thread.run(Thread.java:748)
Caused by: org.apache.ratis.thirdparty.io.grpc.StatusRuntimeException: UNAVAILABLE: io exception
	at org.apache.ratis.thirdparty.io.grpc.stub.ClientCalls.toStatusRuntimeException(ClientCalls.java:233)
	at org.apache.ratis.thirdparty.io.grpc.stub.ClientCalls.getUnchecked(ClientCalls.java:214)
	at org.apache.ratis.thirdparty.io.grpc.stub.ClientCalls.blockingUnaryCall(ClientCalls.java:139)
	at org.apache.ratis.proto.grpc.RaftServerProtocolServiceGrpc$RaftServerProtocolServiceBlockingStub.requestVote(RaftServerProtocolServiceGrpc.java:265)
	at org.apache.ratis.grpc.server.GrpcServerProtocolClient.requestVote(GrpcServerProtocolClient.java:99)
	at org.apache.ratis.grpc.server.GrpcService.requestVote(GrpcService.java:204)
	at org.apache.ratis.server.impl.LeaderElection.lambda$submitRequests$1(LeaderElection.java:234)
	at java.util.concurrent.FutureTask.run(FutureTask.java:266)
	at java.util.concurrent.Executors$RunnableAdapter.call(Executors.java:511)
	at java.util.concurrent.FutureTask.run(FutureTask.java:266)
	at java.util.concurrent.ThreadPoolExecutor.runWorker(ThreadPoolExecutor.java:1149)
	at java.util.concurrent.ThreadPoolExecutor$Worker.run(ThreadPoolExecutor.java:624)
	... 1 more
Caused by: org.apache.ratis.thirdparty.io.netty.channel.AbstractChannel$AnnotatedConnectException: Connection refused: /192.168.157.242:42362
	at sun.nio.ch.SocketChannelImpl.checkConnect(Native Method)
	at sun.nio.ch.SocketChannelImpl.finishConnect(SocketChannelImpl.java:717)
	at org.apache.ratis.thirdparty.io.netty.channel.socket.nio.NioSocketChannel.doFinishConnect(NioSocketChannel.java:327)
	at org.apache.ratis.thirdparty.io.netty.channel.nio.AbstractNioChannel$AbstractNioUnsafe.finishConnect(AbstractNioChannel.java:340)
	at org.apache.ratis.thirdparty.io.netty.channel.nio.NioEventLoop.processSelectedKey(NioEventLoop.java:632)
	at org.apache.ratis.thirdparty.io.netty.channel.nio.NioEventLoop.processSelectedKeysOptimized(NioEventLoop.java:579)
	at org.apache.ratis.thirdparty.io.netty.channel.nio.NioEventLoop.processSelectedKeys(NioEventLoop.java:496)
	at org.apache.ratis.thirdparty.io.netty.channel.nio.NioEventLoop.run(NioEventLoop.java:458)
	at org.apache.ratis.thirdparty.io.netty.util.concurrent.SingleThreadEventExecutor$5.run(SingleThreadEventExecutor.java:897)
	at org.apache.ratis.thirdparty.io.netty.util.concurrent.FastThreadLocalRunnable.run(FastThreadLocalRunnable.java:30)
	... 1 more
Caused by: java.net.ConnectException: Connection refused
	... 11 more
2019-10-19 01:26:45,774 [8bce6a00-3bba-419d-83ac-b35141b6b559@group-31C3DC938042-LeaderElection162] INFO  impl.RaftServerImpl (RaftServerImpl.java:setRole(184)) - 8bce6a00-3bba-419d-83ac-b35141b6b559@group-31C3DC938042: changes role from CANDIDATE to FOLLOWER at term 148 for DISCOVERED_A_NEW_TERM
2019-10-19 01:26:45,775 [8bce6a00-3bba-419d-83ac-b35141b6b559@group-31C3DC938042-LeaderElection162] INFO  impl.RoleInfo (RoleInfo.java:shutdownLeaderElection(134)) - 8bce6a00-3bba-419d-83ac-b35141b6b559: shutdown LeaderElection
2019-10-19 01:26:45,775 [8bce6a00-3bba-419d-83ac-b35141b6b559@group-31C3DC938042-LeaderElection162] INFO  impl.RoleInfo (RoleInfo.java:updateAndGet(143)) - 8bce6a00-3bba-419d-83ac-b35141b6b559: start FollowerState
2019-10-19 01:26:45,964 [Thread-1568] INFO  impl.FollowerState (FollowerState.java:run(108)) - 8bce6a00-3bba-419d-83ac-b35141b6b559@group-31C3DC938042-FollowerState: change to CANDIDATE, lastRpcTime:189ms, electionTimeout:189ms
2019-10-19 01:26:45,964 [Thread-1568] INFO  impl.RoleInfo (RoleInfo.java:shutdownFollowerState(121)) - 8bce6a00-3bba-419d-83ac-b35141b6b559: shutdown FollowerState
2019-10-19 01:26:45,964 [Thread-1568] INFO  impl.RaftServerImpl (RaftServerImpl.java:setRole(184)) - 8bce6a00-3bba-419d-83ac-b35141b6b559@group-31C3DC938042: changes role from  FOLLOWER to CANDIDATE at term 148 for changeToCandidate
2019-10-19 01:26:45,964 [Thread-1568] INFO  impl.RoleInfo (RoleInfo.java:updateAndGet(143)) - 8bce6a00-3bba-419d-83ac-b35141b6b559: start LeaderElection
2019-10-19 01:26:45,986 [java.util.concurrent.ThreadPoolExecutor$Worker@7e604fd[State = -1, empty queue]] WARN  server.GrpcLogAppender (GrpcLogAppender.java:timeoutAppendRequest(209)) - 964c97d4-fbb7-48cf-b727-382e7669b5e9@group-F842E1832D96->236187ad-c3a6-4195-8acc-6254fb470a95-GrpcLogAppender: appendEntries Timeout, request=964c97d4-fbb7-48cf-b727-382e7669b5e9->236187ad-c3a6-4195-8acc-6254fb470a95#0-t7, previous=(t:6, i:16), leaderCommit=16, initializing? false, entries: <empty>
2019-10-19 01:26:45,988 [8bce6a00-3bba-419d-83ac-b35141b6b559@group-31C3DC938042-LeaderElection163] INFO  impl.LeaderElection (LeaderElection.java:askForVotes(178)) - 8bce6a00-3bba-419d-83ac-b35141b6b559@group-31C3DC938042-LeaderElection163: begin an election at term 149 for -1: [774c78e1-8dd4-453d-975e-442189a07fe2:192.168.157.242:38712, 7247ad7d-2ca2-4af8-9337-77c07ea89cb3:192.168.157.242:42362, 8bce6a00-3bba-419d-83ac-b35141b6b559:192.168.157.242:37801], old=null
2019-10-19 01:26:45,990 [8bce6a00-3bba-419d-83ac-b35141b6b559@group-31C3DC938042-LeaderElection163] INFO  impl.LeaderElection (LogUtils.java:infoOrTrace(149)) - 8bce6a00-3bba-419d-83ac-b35141b6b559@group-31C3DC938042-LeaderElection163 got exception when requesting votes: {}
java.util.concurrent.ExecutionException: org.apache.ratis.thirdparty.io.grpc.StatusRuntimeException: UNAVAILABLE: io exception
	at java.util.concurrent.FutureTask.report(FutureTask.java:122)
	at java.util.concurrent.FutureTask.get(FutureTask.java:192)
	at org.apache.ratis.server.impl.LeaderElection.waitForResults(LeaderElection.java:259)
	at org.apache.ratis.server.impl.LeaderElection.askForVotes(LeaderElection.java:197)
	at org.apache.ratis.server.impl.LeaderElection.run(LeaderElection.java:133)
	at java.lang.Thread.run(Thread.java:748)
Caused by: org.apache.ratis.thirdparty.io.grpc.StatusRuntimeException: UNAVAILABLE: io exception
	at org.apache.ratis.thirdparty.io.grpc.stub.ClientCalls.toStatusRuntimeException(ClientCalls.java:233)
	at org.apache.ratis.thirdparty.io.grpc.stub.ClientCalls.getUnchecked(ClientCalls.java:214)
	at org.apache.ratis.thirdparty.io.grpc.stub.ClientCalls.blockingUnaryCall(ClientCalls.java:139)
	at org.apache.ratis.proto.grpc.RaftServerProtocolServiceGrpc$RaftServerProtocolServiceBlockingStub.requestVote(RaftServerProtocolServiceGrpc.java:265)
	at org.apache.ratis.grpc.server.GrpcServerProtocolClient.requestVote(GrpcServerProtocolClient.java:99)
	at org.apache.ratis.grpc.server.GrpcService.requestVote(GrpcService.java:204)
	at org.apache.ratis.server.impl.LeaderElection.lambda$submitRequests$1(LeaderElection.java:234)
	at java.util.concurrent.FutureTask.run(FutureTask.java:266)
	at java.util.concurrent.Executors$RunnableAdapter.call(Executors.java:511)
	at java.util.concurrent.FutureTask.run(FutureTask.java:266)
	at java.util.concurrent.ThreadPoolExecutor.runWorker(ThreadPoolExecutor.java:1149)
	at java.util.concurrent.ThreadPoolExecutor$Worker.run(ThreadPoolExecutor.java:624)
	... 1 more
Caused by: org.apache.ratis.thirdparty.io.netty.channel.AbstractChannel$AnnotatedConnectException: Connection refused: /192.168.157.242:42362
	at sun.nio.ch.SocketChannelImpl.checkConnect(Native Method)
	at sun.nio.ch.SocketChannelImpl.finishConnect(SocketChannelImpl.java:717)
	at org.apache.ratis.thirdparty.io.netty.channel.socket.nio.NioSocketChannel.doFinishConnect(NioSocketChannel.java:327)
	at org.apache.ratis.thirdparty.io.netty.channel.nio.AbstractNioChannel$AbstractNioUnsafe.finishConnect(AbstractNioChannel.java:340)
	at org.apache.ratis.thirdparty.io.netty.channel.nio.NioEventLoop.processSelectedKey(NioEventLoop.java:632)
	at org.apache.ratis.thirdparty.io.netty.channel.nio.NioEventLoop.processSelectedKeysOptimized(NioEventLoop.java:579)
	at org.apache.ratis.thirdparty.io.netty.channel.nio.NioEventLoop.processSelectedKeys(NioEventLoop.java:496)
	at org.apache.ratis.thirdparty.io.netty.channel.nio.NioEventLoop.run(NioEventLoop.java:458)
	at org.apache.ratis.thirdparty.io.netty.util.concurrent.SingleThreadEventExecutor$5.run(SingleThreadEventExecutor.java:897)
	at org.apache.ratis.thirdparty.io.netty.util.concurrent.FastThreadLocalRunnable.run(FastThreadLocalRunnable.java:30)
	... 1 more
Caused by: java.net.ConnectException: Connection refused
	... 11 more
2019-10-19 01:26:45,993 [grpc-default-executor-0] INFO  impl.RaftServerImpl (RaftServerImpl.java:setRole(184)) - 774c78e1-8dd4-453d-975e-442189a07fe2@group-31C3DC938042: changes role from  FOLLOWER to FOLLOWER at term 149 for recognizeCandidate:8bce6a00-3bba-419d-83ac-b35141b6b559
2019-10-19 01:26:45,993 [grpc-default-executor-0] INFO  impl.RoleInfo (RoleInfo.java:shutdownFollowerState(121)) - 774c78e1-8dd4-453d-975e-442189a07fe2: shutdown FollowerState
2019-10-19 01:26:45,993 [grpc-default-executor-0] INFO  impl.RoleInfo (RoleInfo.java:updateAndGet(143)) - 774c78e1-8dd4-453d-975e-442189a07fe2: start FollowerState
2019-10-19 01:26:45,993 [Thread-1567] INFO  impl.FollowerState (FollowerState.java:run(117)) - 774c78e1-8dd4-453d-975e-442189a07fe2@group-31C3DC938042-FollowerState was interrupted: java.lang.InterruptedException: sleep interrupted
2019-10-19 01:26:46,026 [8bce6a00-3bba-419d-83ac-b35141b6b559@group-31C3DC938042-LeaderElection163] INFO  impl.LeaderElection (LeaderElection.java:logAndReturn(56)) - 8bce6a00-3bba-419d-83ac-b35141b6b559@group-31C3DC938042-LeaderElection163: Election REJECTED; received 1 response(s) [8bce6a00-3bba-419d-83ac-b35141b6b559<-774c78e1-8dd4-453d-975e-442189a07fe2#0:FAIL-t149] and 1 exception(s); 8bce6a00-3bba-419d-83ac-b35141b6b559@group-31C3DC938042:t149, leader=null, voted=8bce6a00-3bba-419d-83ac-b35141b6b559, raftlog=8bce6a00-3bba-419d-83ac-b35141b6b559@group-31C3DC938042-SegmentedRaftLog:OPENED:c-1,f-1,i0, conf=-1: [774c78e1-8dd4-453d-975e-442189a07fe2:192.168.157.242:38712, 7247ad7d-2ca2-4af8-9337-77c07ea89cb3:192.168.157.242:42362, 8bce6a00-3bba-419d-83ac-b35141b6b559:192.168.157.242:37801], old=null
2019-10-19 01:26:46,026 [8bce6a00-3bba-419d-83ac-b35141b6b559@group-31C3DC938042-LeaderElection163] INFO  impl.LeaderElection (LogUtils.java:infoOrTrace(149)) -   Exception 0: {}
java.util.concurrent.ExecutionException: org.apache.ratis.thirdparty.io.grpc.StatusRuntimeException: UNAVAILABLE: io exception
	at java.util.concurrent.FutureTask.report(FutureTask.java:122)
	at java.util.concurrent.FutureTask.get(FutureTask.java:192)
	at org.apache.ratis.server.impl.LeaderElection.waitForResults(LeaderElection.java:259)
	at org.apache.ratis.server.impl.LeaderElection.askForVotes(LeaderElection.java:197)
	at org.apache.ratis.server.impl.LeaderElection.run(LeaderElection.java:133)
	at java.lang.Thread.run(Thread.java:748)
Caused by: org.apache.ratis.thirdparty.io.grpc.StatusRuntimeException: UNAVAILABLE: io exception
	at org.apache.ratis.thirdparty.io.grpc.stub.ClientCalls.toStatusRuntimeException(ClientCalls.java:233)
	at org.apache.ratis.thirdparty.io.grpc.stub.ClientCalls.getUnchecked(ClientCalls.java:214)
	at org.apache.ratis.thirdparty.io.grpc.stub.ClientCalls.blockingUnaryCall(ClientCalls.java:139)
	at org.apache.ratis.proto.grpc.RaftServerProtocolServiceGrpc$RaftServerProtocolServiceBlockingStub.requestVote(RaftServerProtocolServiceGrpc.java:265)
	at org.apache.ratis.grpc.server.GrpcServerProtocolClient.requestVote(GrpcServerProtocolClient.java:99)
	at org.apache.ratis.grpc.server.GrpcService.requestVote(GrpcService.java:204)
	at org.apache.ratis.server.impl.LeaderElection.lambda$submitRequests$1(LeaderElection.java:234)
	at java.util.concurrent.FutureTask.run(FutureTask.java:266)
	at java.util.concurrent.Executors$RunnableAdapter.call(Executors.java:511)
	at java.util.concurrent.FutureTask.run(FutureTask.java:266)
	at java.util.concurrent.ThreadPoolExecutor.runWorker(ThreadPoolExecutor.java:1149)
	at java.util.concurrent.ThreadPoolExecutor$Worker.run(ThreadPoolExecutor.java:624)
	... 1 more
Caused by: org.apache.ratis.thirdparty.io.netty.channel.AbstractChannel$AnnotatedConnectException: Connection refused: /192.168.157.242:42362
	at sun.nio.ch.SocketChannelImpl.checkConnect(Native Method)
	at sun.nio.ch.SocketChannelImpl.finishConnect(SocketChannelImpl.java:717)
	at org.apache.ratis.thirdparty.io.netty.channel.socket.nio.NioSocketChannel.doFinishConnect(NioSocketChannel.java:327)
	at org.apache.ratis.thirdparty.io.netty.channel.nio.AbstractNioChannel$AbstractNioUnsafe.finishConnect(AbstractNioChannel.java:340)
	at org.apache.ratis.thirdparty.io.netty.channel.nio.NioEventLoop.processSelectedKey(NioEventLoop.java:632)
	at org.apache.ratis.thirdparty.io.netty.channel.nio.NioEventLoop.processSelectedKeysOptimized(NioEventLoop.java:579)
	at org.apache.ratis.thirdparty.io.netty.channel.nio.NioEventLoop.processSelectedKeys(NioEventLoop.java:496)
	at org.apache.ratis.thirdparty.io.netty.channel.nio.NioEventLoop.run(NioEventLoop.java:458)
	at org.apache.ratis.thirdparty.io.netty.util.concurrent.SingleThreadEventExecutor$5.run(SingleThreadEventExecutor.java:897)
	at org.apache.ratis.thirdparty.io.netty.util.concurrent.FastThreadLocalRunnable.run(FastThreadLocalRunnable.java:30)
	... 1 more
Caused by: java.net.ConnectException: Connection refused
	... 11 more
2019-10-19 01:26:46,026 [8bce6a00-3bba-419d-83ac-b35141b6b559@group-31C3DC938042-LeaderElection163] INFO  impl.RaftServerImpl (RaftServerImpl.java:setRole(184)) - 8bce6a00-3bba-419d-83ac-b35141b6b559@group-31C3DC938042: changes role from CANDIDATE to FOLLOWER at term 149 for DISCOVERED_A_NEW_TERM
2019-10-19 01:26:46,026 [8bce6a00-3bba-419d-83ac-b35141b6b559@group-31C3DC938042-LeaderElection163] INFO  impl.RoleInfo (RoleInfo.java:shutdownLeaderElection(134)) - 8bce6a00-3bba-419d-83ac-b35141b6b559: shutdown LeaderElection
2019-10-19 01:26:46,026 [8bce6a00-3bba-419d-83ac-b35141b6b559@group-31C3DC938042-LeaderElection163] INFO  impl.RoleInfo (RoleInfo.java:updateAndGet(143)) - 8bce6a00-3bba-419d-83ac-b35141b6b559: start FollowerState
2019-10-19 01:26:46,107 [Thread-1575] INFO  impl.FollowerState (FollowerState.java:run(108)) - 8bce6a00-3bba-419d-83ac-b35141b6b559@group-31C3DC938042-FollowerState: change to CANDIDATE, lastRpcTime:80ms, electionTimeout:80ms
2019-10-19 01:26:46,107 [Thread-1575] INFO  impl.RoleInfo (RoleInfo.java:shutdownFollowerState(121)) - 8bce6a00-3bba-419d-83ac-b35141b6b559: shutdown FollowerState
2019-10-19 01:26:46,107 [Thread-1575] INFO  impl.RaftServerImpl (RaftServerImpl.java:setRole(184)) - 8bce6a00-3bba-419d-83ac-b35141b6b559@group-31C3DC938042: changes role from  FOLLOWER to CANDIDATE at term 149 for changeToCandidate
2019-10-19 01:26:46,107 [Thread-1575] INFO  impl.RoleInfo (RoleInfo.java:updateAndGet(143)) - 8bce6a00-3bba-419d-83ac-b35141b6b559: start LeaderElection
2019-10-19 01:26:46,117 [8bce6a00-3bba-419d-83ac-b35141b6b559@group-31C3DC938042-LeaderElection164] INFO  impl.LeaderElection (LeaderElection.java:askForVotes(178)) - 8bce6a00-3bba-419d-83ac-b35141b6b559@group-31C3DC938042-LeaderElection164: begin an election at term 150 for -1: [774c78e1-8dd4-453d-975e-442189a07fe2:192.168.157.242:38712, 7247ad7d-2ca2-4af8-9337-77c07ea89cb3:192.168.157.242:42362, 8bce6a00-3bba-419d-83ac-b35141b6b559:192.168.157.242:37801], old=null
2019-10-19 01:26:46,117 [8bce6a00-3bba-419d-83ac-b35141b6b559@group-31C3DC938042-LeaderElection164] INFO  impl.LeaderElection (LogUtils.java:infoOrTrace(149)) - 8bce6a00-3bba-419d-83ac-b35141b6b559@group-31C3DC938042-LeaderElection164 got exception when requesting votes: {}
java.util.concurrent.ExecutionException: org.apache.ratis.thirdparty.io.grpc.StatusRuntimeException: UNAVAILABLE: io exception
	at java.util.concurrent.FutureTask.report(FutureTask.java:122)
	at java.util.concurrent.FutureTask.get(FutureTask.java:192)
	at org.apache.ratis.server.impl.LeaderElection.waitForResults(LeaderElection.java:259)
	at org.apache.ratis.server.impl.LeaderElection.askForVotes(LeaderElection.java:197)
	at org.apache.ratis.server.impl.LeaderElection.run(LeaderElection.java:133)
	at java.lang.Thread.run(Thread.java:748)
Caused by: org.apache.ratis.thirdparty.io.grpc.StatusRuntimeException: UNAVAILABLE: io exception
	at org.apache.ratis.thirdparty.io.grpc.stub.ClientCalls.toStatusRuntimeException(ClientCalls.java:233)
	at org.apache.ratis.thirdparty.io.grpc.stub.ClientCalls.getUnchecked(ClientCalls.java:214)
	at org.apache.ratis.thirdparty.io.grpc.stub.ClientCalls.blockingUnaryCall(ClientCalls.java:139)
	at org.apache.ratis.proto.grpc.RaftServerProtocolServiceGrpc$RaftServerProtocolServiceBlockingStub.requestVote(RaftServerProtocolServiceGrpc.java:265)
	at org.apache.ratis.grpc.server.GrpcServerProtocolClient.requestVote(GrpcServerProtocolClient.java:99)
	at org.apache.ratis.grpc.server.GrpcService.requestVote(GrpcService.java:204)
	at org.apache.ratis.server.impl.LeaderElection.lambda$submitRequests$1(LeaderElection.java:234)
	at java.util.concurrent.FutureTask.run(FutureTask.java:266)
	at java.util.concurrent.Executors$RunnableAdapter.call(Executors.java:511)
	at java.util.concurrent.FutureTask.run(FutureTask.java:266)
	at java.util.concurrent.ThreadPoolExecutor.runWorker(ThreadPoolExecutor.java:1149)
	at java.util.concurrent.ThreadPoolExecutor$Worker.run(ThreadPoolExecutor.java:624)
	... 1 more
Caused by: org.apache.ratis.thirdparty.io.netty.channel.AbstractChannel$AnnotatedConnectException: Connection refused: /192.168.157.242:42362
	at sun.nio.ch.SocketChannelImpl.checkConnect(Native Method)
	at sun.nio.ch.SocketChannelImpl.finishConnect(SocketChannelImpl.java:717)
	at org.apache.ratis.thirdparty.io.netty.channel.socket.nio.NioSocketChannel.doFinishConnect(NioSocketChannel.java:327)
	at org.apache.ratis.thirdparty.io.netty.channel.nio.AbstractNioChannel$AbstractNioUnsafe.finishConnect(AbstractNioChannel.java:340)
	at org.apache.ratis.thirdparty.io.netty.channel.nio.NioEventLoop.processSelectedKey(NioEventLoop.java:632)
	at org.apache.ratis.thirdparty.io.netty.channel.nio.NioEventLoop.processSelectedKeysOptimized(NioEventLoop.java:579)
	at org.apache.ratis.thirdparty.io.netty.channel.nio.NioEventLoop.processSelectedKeys(NioEventLoop.java:496)
	at org.apache.ratis.thirdparty.io.netty.channel.nio.NioEventLoop.run(NioEventLoop.java:458)
	at org.apache.ratis.thirdparty.io.netty.util.concurrent.SingleThreadEventExecutor$5.run(SingleThreadEventExecutor.java:897)
	at org.apache.ratis.thirdparty.io.netty.util.concurrent.FastThreadLocalRunnable.run(FastThreadLocalRunnable.java:30)
	... 1 more
Caused by: java.net.ConnectException: Connection refused
	... 11 more
2019-10-19 01:26:46,126 [grpc-default-executor-0] INFO  impl.RaftServerImpl (RaftServerImpl.java:setRole(184)) - 774c78e1-8dd4-453d-975e-442189a07fe2@group-31C3DC938042: changes role from  FOLLOWER to FOLLOWER at term 150 for recognizeCandidate:8bce6a00-3bba-419d-83ac-b35141b6b559
2019-10-19 01:26:46,126 [grpc-default-executor-0] INFO  impl.RoleInfo (RoleInfo.java:shutdownFollowerState(121)) - 774c78e1-8dd4-453d-975e-442189a07fe2: shutdown FollowerState
2019-10-19 01:26:46,126 [grpc-default-executor-0] INFO  impl.RoleInfo (RoleInfo.java:updateAndGet(143)) - 774c78e1-8dd4-453d-975e-442189a07fe2: start FollowerState
2019-10-19 01:26:46,126 [Thread-1574] INFO  impl.FollowerState (FollowerState.java:run(117)) - 774c78e1-8dd4-453d-975e-442189a07fe2@group-31C3DC938042-FollowerState was interrupted: java.lang.InterruptedException: sleep interrupted
2019-10-19 01:26:46,143 [8bce6a00-3bba-419d-83ac-b35141b6b559@group-31C3DC938042-LeaderElection164] INFO  impl.LeaderElection (LeaderElection.java:logAndReturn(56)) - 8bce6a00-3bba-419d-83ac-b35141b6b559@group-31C3DC938042-LeaderElection164: Election REJECTED; received 1 response(s) [8bce6a00-3bba-419d-83ac-b35141b6b559<-774c78e1-8dd4-453d-975e-442189a07fe2#0:FAIL-t150] and 1 exception(s); 8bce6a00-3bba-419d-83ac-b35141b6b559@group-31C3DC938042:t150, leader=null, voted=8bce6a00-3bba-419d-83ac-b35141b6b559, raftlog=8bce6a00-3bba-419d-83ac-b35141b6b559@group-31C3DC938042-SegmentedRaftLog:OPENED:c-1,f-1,i0, conf=-1: [774c78e1-8dd4-453d-975e-442189a07fe2:192.168.157.242:38712, 7247ad7d-2ca2-4af8-9337-77c07ea89cb3:192.168.157.242:42362, 8bce6a00-3bba-419d-83ac-b35141b6b559:192.168.157.242:37801], old=null
2019-10-19 01:26:46,144 [8bce6a00-3bba-419d-83ac-b35141b6b559@group-31C3DC938042-LeaderElection164] INFO  impl.LeaderElection (LogUtils.java:infoOrTrace(149)) -   Exception 0: {}
java.util.concurrent.ExecutionException: org.apache.ratis.thirdparty.io.grpc.StatusRuntimeException: UNAVAILABLE: io exception
	at java.util.concurrent.FutureTask.report(FutureTask.java:122)
	at java.util.concurrent.FutureTask.get(FutureTask.java:192)
	at org.apache.ratis.server.impl.LeaderElection.waitForResults(LeaderElection.java:259)
	at org.apache.ratis.server.impl.LeaderElection.askForVotes(LeaderElection.java:197)
	at org.apache.ratis.server.impl.LeaderElection.run(LeaderElection.java:133)
	at java.lang.Thread.run(Thread.java:748)
Caused by: org.apache.ratis.thirdparty.io.grpc.StatusRuntimeException: UNAVAILABLE: io exception
	at org.apache.ratis.thirdparty.io.grpc.stub.ClientCalls.toStatusRuntimeException(ClientCalls.java:233)
	at org.apache.ratis.thirdparty.io.grpc.stub.ClientCalls.getUnchecked(ClientCalls.java:214)
	at org.apache.ratis.thirdparty.io.grpc.stub.ClientCalls.blockingUnaryCall(ClientCalls.java:139)
	at org.apache.ratis.proto.grpc.RaftServerProtocolServiceGrpc$RaftServerProtocolServiceBlockingStub.requestVote(RaftServerProtocolServiceGrpc.java:265)
	at org.apache.ratis.grpc.server.GrpcServerProtocolClient.requestVote(GrpcServerProtocolClient.java:99)
	at org.apache.ratis.grpc.server.GrpcService.requestVote(GrpcService.java:204)
	at org.apache.ratis.server.impl.LeaderElection.lambda$submitRequests$1(LeaderElection.java:234)
	at java.util.concurrent.FutureTask.run(FutureTask.java:266)
	at java.util.concurrent.Executors$RunnableAdapter.call(Executors.java:511)
	at java.util.concurrent.FutureTask.run(FutureTask.java:266)
	at java.util.concurrent.ThreadPoolExecutor.runWorker(ThreadPoolExecutor.java:1149)
	at java.util.concurrent.ThreadPoolExecutor$Worker.run(ThreadPoolExecutor.java:624)
	... 1 more
Caused by: org.apache.ratis.thirdparty.io.netty.channel.AbstractChannel$AnnotatedConnectException: Connection refused: /192.168.157.242:42362
	at sun.nio.ch.SocketChannelImpl.checkConnect(Native Method)
	at sun.nio.ch.SocketChannelImpl.finishConnect(SocketChannelImpl.java:717)
	at org.apache.ratis.thirdparty.io.netty.channel.socket.nio.NioSocketChannel.doFinishConnect(NioSocketChannel.java:327)
	at org.apache.ratis.thirdparty.io.netty.channel.nio.AbstractNioChannel$AbstractNioUnsafe.finishConnect(AbstractNioChannel.java:340)
	at org.apache.ratis.thirdparty.io.netty.channel.nio.NioEventLoop.processSelectedKey(NioEventLoop.java:632)
	at org.apache.ratis.thirdparty.io.netty.channel.nio.NioEventLoop.processSelectedKeysOptimized(NioEventLoop.java:579)
	at org.apache.ratis.thirdparty.io.netty.channel.nio.NioEventLoop.processSelectedKeys(NioEventLoop.java:496)
	at org.apache.ratis.thirdparty.io.netty.channel.nio.NioEventLoop.run(NioEventLoop.java:458)
	at org.apache.ratis.thirdparty.io.netty.util.concurrent.SingleThreadEventExecutor$5.run(SingleThreadEventExecutor.java:897)
	at org.apache.ratis.thirdparty.io.netty.util.concurrent.FastThreadLocalRunnable.run(FastThreadLocalRunnable.java:30)
	... 1 more
Caused by: java.net.ConnectException: Connection refused
	... 11 more
2019-10-19 01:26:46,144 [8bce6a00-3bba-419d-83ac-b35141b6b559@group-31C3DC938042-LeaderElection164] INFO  impl.RaftServerImpl (RaftServerImpl.java:setRole(184)) - 8bce6a00-3bba-419d-83ac-b35141b6b559@group-31C3DC938042: changes role from CANDIDATE to FOLLOWER at term 150 for DISCOVERED_A_NEW_TERM
2019-10-19 01:26:46,144 [8bce6a00-3bba-419d-83ac-b35141b6b559@group-31C3DC938042-LeaderElection164] INFO  impl.RoleInfo (RoleInfo.java:shutdownLeaderElection(134)) - 8bce6a00-3bba-419d-83ac-b35141b6b559: shutdown LeaderElection
2019-10-19 01:26:46,144 [8bce6a00-3bba-419d-83ac-b35141b6b559@group-31C3DC938042-LeaderElection164] INFO  impl.RoleInfo (RoleInfo.java:updateAndGet(143)) - 8bce6a00-3bba-419d-83ac-b35141b6b559: start FollowerState
2019-10-19 01:26:46,237 [Thread-1580] INFO  impl.FollowerState (FollowerState.java:run(108)) - 8bce6a00-3bba-419d-83ac-b35141b6b559@group-31C3DC938042-FollowerState: change to CANDIDATE, lastRpcTime:93ms, electionTimeout:93ms
2019-10-19 01:26:46,238 [Thread-1580] INFO  impl.RoleInfo (RoleInfo.java:shutdownFollowerState(121)) - 8bce6a00-3bba-419d-83ac-b35141b6b559: shutdown FollowerState
2019-10-19 01:26:46,238 [Thread-1580] INFO  impl.RaftServerImpl (RaftServerImpl.java:setRole(184)) - 8bce6a00-3bba-419d-83ac-b35141b6b559@group-31C3DC938042: changes role from  FOLLOWER to CANDIDATE at term 150 for changeToCandidate
2019-10-19 01:26:46,238 [Thread-1580] INFO  impl.RoleInfo (RoleInfo.java:updateAndGet(143)) - 8bce6a00-3bba-419d-83ac-b35141b6b559: start LeaderElection
2019-10-19 01:26:46,286 [8bce6a00-3bba-419d-83ac-b35141b6b559@group-31C3DC938042-LeaderElection165] INFO  impl.LeaderElection (LeaderElection.java:askForVotes(178)) - 8bce6a00-3bba-419d-83ac-b35141b6b559@group-31C3DC938042-LeaderElection165: begin an election at term 151 for -1: [774c78e1-8dd4-453d-975e-442189a07fe2:192.168.157.242:38712, 7247ad7d-2ca2-4af8-9337-77c07ea89cb3:192.168.157.242:42362, 8bce6a00-3bba-419d-83ac-b35141b6b559:192.168.157.242:37801], old=null
2019-10-19 01:26:46,287 [8bce6a00-3bba-419d-83ac-b35141b6b559@group-31C3DC938042-LeaderElection165] INFO  impl.LeaderElection (LogUtils.java:infoOrTrace(149)) - 8bce6a00-3bba-419d-83ac-b35141b6b559@group-31C3DC938042-LeaderElection165 got exception when requesting votes: {}
java.util.concurrent.ExecutionException: org.apache.ratis.thirdparty.io.grpc.StatusRuntimeException: UNAVAILABLE: io exception
	at java.util.concurrent.FutureTask.report(FutureTask.java:122)
	at java.util.concurrent.FutureTask.get(FutureTask.java:192)
	at org.apache.ratis.server.impl.LeaderElection.waitForResults(LeaderElection.java:259)
	at org.apache.ratis.server.impl.LeaderElection.askForVotes(LeaderElection.java:197)
	at org.apache.ratis.server.impl.LeaderElection.run(LeaderElection.java:133)
	at java.lang.Thread.run(Thread.java:748)
Caused by: org.apache.ratis.thirdparty.io.grpc.StatusRuntimeException: UNAVAILABLE: io exception
	at org.apache.ratis.thirdparty.io.grpc.stub.ClientCalls.toStatusRuntimeException(ClientCalls.java:233)
	at org.apache.ratis.thirdparty.io.grpc.stub.ClientCalls.getUnchecked(ClientCalls.java:214)
	at org.apache.ratis.thirdparty.io.grpc.stub.ClientCalls.blockingUnaryCall(ClientCalls.java:139)
	at org.apache.ratis.proto.grpc.RaftServerProtocolServiceGrpc$RaftServerProtocolServiceBlockingStub.requestVote(RaftServerProtocolServiceGrpc.java:265)
	at org.apache.ratis.grpc.server.GrpcServerProtocolClient.requestVote(GrpcServerProtocolClient.java:99)
	at org.apache.ratis.grpc.server.GrpcService.requestVote(GrpcService.java:204)
	at org.apache.ratis.server.impl.LeaderElection.lambda$submitRequests$1(LeaderElection.java:234)
	at java.util.concurrent.FutureTask.run(FutureTask.java:266)
	at java.util.concurrent.Executors$RunnableAdapter.call(Executors.java:511)
	at java.util.concurrent.FutureTask.run(FutureTask.java:266)
	at java.util.concurrent.ThreadPoolExecutor.runWorker(ThreadPoolExecutor.java:1149)
	at java.util.concurrent.ThreadPoolExecutor$Worker.run(ThreadPoolExecutor.java:624)
	... 1 more
Caused by: org.apache.ratis.thirdparty.io.netty.channel.AbstractChannel$AnnotatedConnectException: Connection refused: /192.168.157.242:42362
	at sun.nio.ch.SocketChannelImpl.checkConnect(Native Method)
	at sun.nio.ch.SocketChannelImpl.finishConnect(SocketChannelImpl.java:717)
	at org.apache.ratis.thirdparty.io.netty.channel.socket.nio.NioSocketChannel.doFinishConnect(NioSocketChannel.java:327)
	at org.apache.ratis.thirdparty.io.netty.channel.nio.AbstractNioChannel$AbstractNioUnsafe.finishConnect(AbstractNioChannel.java:340)
	at org.apache.ratis.thirdparty.io.netty.channel.nio.NioEventLoop.processSelectedKey(NioEventLoop.java:632)
	at org.apache.ratis.thirdparty.io.netty.channel.nio.NioEventLoop.processSelectedKeysOptimized(NioEventLoop.java:579)
	at org.apache.ratis.thirdparty.io.netty.channel.nio.NioEventLoop.processSelectedKeys(NioEventLoop.java:496)
	at org.apache.ratis.thirdparty.io.netty.channel.nio.NioEventLoop.run(NioEventLoop.java:458)
	at org.apache.ratis.thirdparty.io.netty.util.concurrent.SingleThreadEventExecutor$5.run(SingleThreadEventExecutor.java:897)
	at org.apache.ratis.thirdparty.io.netty.util.concurrent.FastThreadLocalRunnable.run(FastThreadLocalRunnable.java:30)
	... 1 more
Caused by: java.net.ConnectException: Connection refused
	... 11 more
2019-10-19 01:26:46,290 [grpc-default-executor-0] INFO  impl.RaftServerImpl (RaftServerImpl.java:setRole(184)) - 774c78e1-8dd4-453d-975e-442189a07fe2@group-31C3DC938042: changes role from  FOLLOWER to FOLLOWER at term 151 for recognizeCandidate:8bce6a00-3bba-419d-83ac-b35141b6b559
2019-10-19 01:26:46,290 [grpc-default-executor-0] INFO  impl.RoleInfo (RoleInfo.java:shutdownFollowerState(121)) - 774c78e1-8dd4-453d-975e-442189a07fe2: shutdown FollowerState
2019-10-19 01:26:46,290 [grpc-default-executor-0] INFO  impl.RoleInfo (RoleInfo.java:updateAndGet(143)) - 774c78e1-8dd4-453d-975e-442189a07fe2: start FollowerState
2019-10-19 01:26:46,290 [Thread-1579] INFO  impl.FollowerState (FollowerState.java:run(117)) - 774c78e1-8dd4-453d-975e-442189a07fe2@group-31C3DC938042-FollowerState was interrupted: java.lang.InterruptedException: sleep interrupted
2019-10-19 01:26:46,310 [8bce6a00-3bba-419d-83ac-b35141b6b559@group-31C3DC938042-LeaderElection165] INFO  impl.LeaderElection (LeaderElection.java:logAndReturn(56)) - 8bce6a00-3bba-419d-83ac-b35141b6b559@group-31C3DC938042-LeaderElection165: Election REJECTED; received 1 response(s) [8bce6a00-3bba-419d-83ac-b35141b6b559<-774c78e1-8dd4-453d-975e-442189a07fe2#0:FAIL-t151] and 1 exception(s); 8bce6a00-3bba-419d-83ac-b35141b6b559@group-31C3DC938042:t151, leader=null, voted=8bce6a00-3bba-419d-83ac-b35141b6b559, raftlog=8bce6a00-3bba-419d-83ac-b35141b6b559@group-31C3DC938042-SegmentedRaftLog:OPENED:c-1,f-1,i0, conf=-1: [774c78e1-8dd4-453d-975e-442189a07fe2:192.168.157.242:38712, 7247ad7d-2ca2-4af8-9337-77c07ea89cb3:192.168.157.242:42362, 8bce6a00-3bba-419d-83ac-b35141b6b559:192.168.157.242:37801], old=null
2019-10-19 01:26:46,311 [8bce6a00-3bba-419d-83ac-b35141b6b559@group-31C3DC938042-LeaderElection165] INFO  impl.LeaderElection (LogUtils.java:infoOrTrace(149)) -   Exception 0: {}
java.util.concurrent.ExecutionException: org.apache.ratis.thirdparty.io.grpc.StatusRuntimeException: UNAVAILABLE: io exception
	at java.util.concurrent.FutureTask.report(FutureTask.java:122)
	at java.util.concurrent.FutureTask.get(FutureTask.java:192)
	at org.apache.ratis.server.impl.LeaderElection.waitForResults(LeaderElection.java:259)
	at org.apache.ratis.server.impl.LeaderElection.askForVotes(LeaderElection.java:197)
	at org.apache.ratis.server.impl.LeaderElection.run(LeaderElection.java:133)
	at java.lang.Thread.run(Thread.java:748)
Caused by: org.apache.ratis.thirdparty.io.grpc.StatusRuntimeException: UNAVAILABLE: io exception
	at org.apache.ratis.thirdparty.io.grpc.stub.ClientCalls.toStatusRuntimeException(ClientCalls.java:233)
	at org.apache.ratis.thirdparty.io.grpc.stub.ClientCalls.getUnchecked(ClientCalls.java:214)
	at org.apache.ratis.thirdparty.io.grpc.stub.ClientCalls.blockingUnaryCall(ClientCalls.java:139)
	at org.apache.ratis.proto.grpc.RaftServerProtocolServiceGrpc$RaftServerProtocolServiceBlockingStub.requestVote(RaftServerProtocolServiceGrpc.java:265)
	at org.apache.ratis.grpc.server.GrpcServerProtocolClient.requestVote(GrpcServerProtocolClient.java:99)
	at org.apache.ratis.grpc.server.GrpcService.requestVote(GrpcService.java:204)
	at org.apache.ratis.server.impl.LeaderElection.lambda$submitRequests$1(LeaderElection.java:234)
	at java.util.concurrent.FutureTask.run(FutureTask.java:266)
	at java.util.concurrent.Executors$RunnableAdapter.call(Executors.java:511)
	at java.util.concurrent.FutureTask.run(FutureTask.java:266)
	at java.util.concurrent.ThreadPoolExecutor.runWorker(ThreadPoolExecutor.java:1149)
	at java.util.concurrent.ThreadPoolExecutor$Worker.run(ThreadPoolExecutor.java:624)
	... 1 more
Caused by: org.apache.ratis.thirdparty.io.netty.channel.AbstractChannel$AnnotatedConnectException: Connection refused: /192.168.157.242:42362
	at sun.nio.ch.SocketChannelImpl.checkConnect(Native Method)
	at sun.nio.ch.SocketChannelImpl.finishConnect(SocketChannelImpl.java:717)
	at org.apache.ratis.thirdparty.io.netty.channel.socket.nio.NioSocketChannel.doFinishConnect(NioSocketChannel.java:327)
	at org.apache.ratis.thirdparty.io.netty.channel.nio.AbstractNioChannel$AbstractNioUnsafe.finishConnect(AbstractNioChannel.java:340)
	at org.apache.ratis.thirdparty.io.netty.channel.nio.NioEventLoop.processSelectedKey(NioEventLoop.java:632)
	at org.apache.ratis.thirdparty.io.netty.channel.nio.NioEventLoop.processSelectedKeysOptimized(NioEventLoop.java:579)
	at org.apache.ratis.thirdparty.io.netty.channel.nio.NioEventLoop.processSelectedKeys(NioEventLoop.java:496)
	at org.apache.ratis.thirdparty.io.netty.channel.nio.NioEventLoop.run(NioEventLoop.java:458)
	at org.apache.ratis.thirdparty.io.netty.util.concurrent.SingleThreadEventExecutor$5.run(SingleThreadEventExecutor.java:897)
	at org.apache.ratis.thirdparty.io.netty.util.concurrent.FastThreadLocalRunnable.run(FastThreadLocalRunnable.java:30)
	... 1 more
Caused by: java.net.ConnectException: Connection refused
	... 11 more
2019-10-19 01:26:46,311 [8bce6a00-3bba-419d-83ac-b35141b6b559@group-31C3DC938042-LeaderElection165] INFO  impl.RaftServerImpl (RaftServerImpl.java:setRole(184)) - 8bce6a00-3bba-419d-83ac-b35141b6b559@group-31C3DC938042: changes role from CANDIDATE to FOLLOWER at term 151 for DISCOVERED_A_NEW_TERM
2019-10-19 01:26:46,311 [8bce6a00-3bba-419d-83ac-b35141b6b559@group-31C3DC938042-LeaderElection165] INFO  impl.RoleInfo (RoleInfo.java:shutdownLeaderElection(134)) - 8bce6a00-3bba-419d-83ac-b35141b6b559: shutdown LeaderElection
2019-10-19 01:26:46,311 [8bce6a00-3bba-419d-83ac-b35141b6b559@group-31C3DC938042-LeaderElection165] INFO  impl.RoleInfo (RoleInfo.java:updateAndGet(143)) - 8bce6a00-3bba-419d-83ac-b35141b6b559: start FollowerState
2019-10-19 01:26:46,470 [Thread-1586] INFO  impl.FollowerState (FollowerState.java:run(108)) - 8bce6a00-3bba-419d-83ac-b35141b6b559@group-31C3DC938042-FollowerState: change to CANDIDATE, lastRpcTime:158ms, electionTimeout:158ms
2019-10-19 01:26:46,470 [Thread-1586] INFO  impl.RoleInfo (RoleInfo.java:shutdownFollowerState(121)) - 8bce6a00-3bba-419d-83ac-b35141b6b559: shutdown FollowerState
2019-10-19 01:26:46,470 [Thread-1586] INFO  impl.RaftServerImpl (RaftServerImpl.java:setRole(184)) - 8bce6a00-3bba-419d-83ac-b35141b6b559@group-31C3DC938042: changes role from  FOLLOWER to CANDIDATE at term 151 for changeToCandidate
2019-10-19 01:26:46,470 [Thread-1586] INFO  impl.RoleInfo (RoleInfo.java:updateAndGet(143)) - 8bce6a00-3bba-419d-83ac-b35141b6b559: start LeaderElection
2019-10-19 01:26:46,476 [8bce6a00-3bba-419d-83ac-b35141b6b559@group-31C3DC938042-LeaderElection166] INFO  impl.LeaderElection (LeaderElection.java:askForVotes(178)) - 8bce6a00-3bba-419d-83ac-b35141b6b559@group-31C3DC938042-LeaderElection166: begin an election at term 152 for -1: [774c78e1-8dd4-453d-975e-442189a07fe2:192.168.157.242:38712, 7247ad7d-2ca2-4af8-9337-77c07ea89cb3:192.168.157.242:42362, 8bce6a00-3bba-419d-83ac-b35141b6b559:192.168.157.242:37801], old=null
2019-10-19 01:26:46,477 [8bce6a00-3bba-419d-83ac-b35141b6b559@group-31C3DC938042-LeaderElection166] INFO  impl.LeaderElection (LogUtils.java:infoOrTrace(149)) - 8bce6a00-3bba-419d-83ac-b35141b6b559@group-31C3DC938042-LeaderElection166 got exception when requesting votes: {}
java.util.concurrent.ExecutionException: org.apache.ratis.thirdparty.io.grpc.StatusRuntimeException: UNAVAILABLE: io exception
	at java.util.concurrent.FutureTask.report(FutureTask.java:122)
	at java.util.concurrent.FutureTask.get(FutureTask.java:192)
	at org.apache.ratis.server.impl.LeaderElection.waitForResults(LeaderElection.java:259)
	at org.apache.ratis.server.impl.LeaderElection.askForVotes(LeaderElection.java:197)
	at org.apache.ratis.server.impl.LeaderElection.run(LeaderElection.java:133)
	at java.lang.Thread.run(Thread.java:748)
Caused by: org.apache.ratis.thirdparty.io.grpc.StatusRuntimeException: UNAVAILABLE: io exception
	at org.apache.ratis.thirdparty.io.grpc.stub.ClientCalls.toStatusRuntimeException(ClientCalls.java:233)
	at org.apache.ratis.thirdparty.io.grpc.stub.ClientCalls.getUnchecked(ClientCalls.java:214)
	at org.apache.ratis.thirdparty.io.grpc.stub.ClientCalls.blockingUnaryCall(ClientCalls.java:139)
	at org.apache.ratis.proto.grpc.RaftServerProtocolServiceGrpc$RaftServerProtocolServiceBlockingStub.requestVote(RaftServerProtocolServiceGrpc.java:265)
	at org.apache.ratis.grpc.server.GrpcServerProtocolClient.requestVote(GrpcServerProtocolClient.java:99)
	at org.apache.ratis.grpc.server.GrpcService.requestVote(GrpcService.java:204)
	at org.apache.ratis.server.impl.LeaderElection.lambda$submitRequests$1(LeaderElection.java:234)
	at java.util.concurrent.FutureTask.run(FutureTask.java:266)
	at java.util.concurrent.Executors$RunnableAdapter.call(Executors.java:511)
	at java.util.concurrent.FutureTask.run(FutureTask.java:266)
	at java.util.concurrent.ThreadPoolExecutor.runWorker(ThreadPoolExecutor.java:1149)
	at java.util.concurrent.ThreadPoolExecutor$Worker.run(ThreadPoolExecutor.java:624)
	... 1 more
Caused by: org.apache.ratis.thirdparty.io.netty.channel.AbstractChannel$AnnotatedConnectException: Connection refused: /192.168.157.242:42362
	at sun.nio.ch.SocketChannelImpl.checkConnect(Native Method)
	at sun.nio.ch.SocketChannelImpl.finishConnect(SocketChannelImpl.java:717)
	at org.apache.ratis.thirdparty.io.netty.channel.socket.nio.NioSocketChannel.doFinishConnect(NioSocketChannel.java:327)
	at org.apache.ratis.thirdparty.io.netty.channel.nio.AbstractNioChannel$AbstractNioUnsafe.finishConnect(AbstractNioChannel.java:340)
	at org.apache.ratis.thirdparty.io.netty.channel.nio.NioEventLoop.processSelectedKey(NioEventLoop.java:632)
	at org.apache.ratis.thirdparty.io.netty.channel.nio.NioEventLoop.processSelectedKeysOptimized(NioEventLoop.java:579)
	at org.apache.ratis.thirdparty.io.netty.channel.nio.NioEventLoop.processSelectedKeys(NioEventLoop.java:496)
	at org.apache.ratis.thirdparty.io.netty.channel.nio.NioEventLoop.run(NioEventLoop.java:458)
	at org.apache.ratis.thirdparty.io.netty.util.concurrent.SingleThreadEventExecutor$5.run(SingleThreadEventExecutor.java:897)
	at org.apache.ratis.thirdparty.io.netty.util.concurrent.FastThreadLocalRunnable.run(FastThreadLocalRunnable.java:30)
	... 1 more
Caused by: java.net.ConnectException: Connection refused
	... 11 more
2019-10-19 01:26:46,480 [grpc-default-executor-4] INFO  impl.RaftServerImpl (RaftServerImpl.java:setRole(184)) - 774c78e1-8dd4-453d-975e-442189a07fe2@group-31C3DC938042: changes role from  FOLLOWER to FOLLOWER at term 152 for recognizeCandidate:8bce6a00-3bba-419d-83ac-b35141b6b559
2019-10-19 01:26:46,480 [grpc-default-executor-4] INFO  impl.RoleInfo (RoleInfo.java:shutdownFollowerState(121)) - 774c78e1-8dd4-453d-975e-442189a07fe2: shutdown FollowerState
2019-10-19 01:26:46,480 [grpc-default-executor-4] INFO  impl.RoleInfo (RoleInfo.java:updateAndGet(143)) - 774c78e1-8dd4-453d-975e-442189a07fe2: start FollowerState
2019-10-19 01:26:46,480 [Thread-1585] INFO  impl.FollowerState (FollowerState.java:run(117)) - 774c78e1-8dd4-453d-975e-442189a07fe2@group-31C3DC938042-FollowerState was interrupted: java.lang.InterruptedException: sleep interrupted
2019-10-19 01:26:46,485 [8bce6a00-3bba-419d-83ac-b35141b6b559@group-31C3DC938042-LeaderElection166] INFO  impl.LeaderElection (LeaderElection.java:logAndReturn(56)) - 8bce6a00-3bba-419d-83ac-b35141b6b559@group-31C3DC938042-LeaderElection166: Election REJECTED; received 1 response(s) [8bce6a00-3bba-419d-83ac-b35141b6b559<-774c78e1-8dd4-453d-975e-442189a07fe2#0:FAIL-t152] and 1 exception(s); 8bce6a00-3bba-419d-83ac-b35141b6b559@group-31C3DC938042:t152, leader=null, voted=8bce6a00-3bba-419d-83ac-b35141b6b559, raftlog=8bce6a00-3bba-419d-83ac-b35141b6b559@group-31C3DC938042-SegmentedRaftLog:OPENED:c-1,f-1,i0, conf=-1: [774c78e1-8dd4-453d-975e-442189a07fe2:192.168.157.242:38712, 7247ad7d-2ca2-4af8-9337-77c07ea89cb3:192.168.157.242:42362, 8bce6a00-3bba-419d-83ac-b35141b6b559:192.168.157.242:37801], old=null
2019-10-19 01:26:46,485 [8bce6a00-3bba-419d-83ac-b35141b6b559@group-31C3DC938042-LeaderElection166] INFO  impl.LeaderElection (LogUtils.java:infoOrTrace(149)) -   Exception 0: {}
java.util.concurrent.ExecutionException: org.apache.ratis.thirdparty.io.grpc.StatusRuntimeException: UNAVAILABLE: io exception
	at java.util.concurrent.FutureTask.report(FutureTask.java:122)
	at java.util.concurrent.FutureTask.get(FutureTask.java:192)
	at org.apache.ratis.server.impl.LeaderElection.waitForResults(LeaderElection.java:259)
	at org.apache.ratis.server.impl.LeaderElection.askForVotes(LeaderElection.java:197)
	at org.apache.ratis.server.impl.LeaderElection.run(LeaderElection.java:133)
	at java.lang.Thread.run(Thread.java:748)
Caused by: org.apache.ratis.thirdparty.io.grpc.StatusRuntimeException: UNAVAILABLE: io exception
	at org.apache.ratis.thirdparty.io.grpc.stub.ClientCalls.toStatusRuntimeException(ClientCalls.java:233)
	at org.apache.ratis.thirdparty.io.grpc.stub.ClientCalls.getUnchecked(ClientCalls.java:214)
	at org.apache.ratis.thirdparty.io.grpc.stub.ClientCalls.blockingUnaryCall(ClientCalls.java:139)
	at org.apache.ratis.proto.grpc.RaftServerProtocolServiceGrpc$RaftServerProtocolServiceBlockingStub.requestVote(RaftServerProtocolServiceGrpc.java:265)
	at org.apache.ratis.grpc.server.GrpcServerProtocolClient.requestVote(GrpcServerProtocolClient.java:99)
	at org.apache.ratis.grpc.server.GrpcService.requestVote(GrpcService.java:204)
	at org.apache.ratis.server.impl.LeaderElection.lambda$submitRequests$1(LeaderElection.java:234)
	at java.util.concurrent.FutureTask.run(FutureTask.java:266)
	at java.util.concurrent.Executors$RunnableAdapter.call(Executors.java:511)
	at java.util.concurrent.FutureTask.run(FutureTask.java:266)
	at java.util.concurrent.ThreadPoolExecutor.runWorker(ThreadPoolExecutor.java:1149)
	at java.util.concurrent.ThreadPoolExecutor$Worker.run(ThreadPoolExecutor.java:624)
	... 1 more
Caused by: org.apache.ratis.thirdparty.io.netty.channel.AbstractChannel$AnnotatedConnectException: Connection refused: /192.168.157.242:42362
	at sun.nio.ch.SocketChannelImpl.checkConnect(Native Method)
	at sun.nio.ch.SocketChannelImpl.finishConnect(SocketChannelImpl.java:717)
	at org.apache.ratis.thirdparty.io.netty.channel.socket.nio.NioSocketChannel.doFinishConnect(NioSocketChannel.java:327)
	at org.apache.ratis.thirdparty.io.netty.channel.nio.AbstractNioChannel$AbstractNioUnsafe.finishConnect(AbstractNioChannel.java:340)
	at org.apache.ratis.thirdparty.io.netty.channel.nio.NioEventLoop.processSelectedKey(NioEventLoop.java:632)
	at org.apache.ratis.thirdparty.io.netty.channel.nio.NioEventLoop.processSelectedKeysOptimized(NioEventLoop.java:579)
	at org.apache.ratis.thirdparty.io.netty.channel.nio.NioEventLoop.processSelectedKeys(NioEventLoop.java:496)
	at org.apache.ratis.thirdparty.io.netty.channel.nio.NioEventLoop.run(NioEventLoop.java:458)
	at org.apache.ratis.thirdparty.io.netty.util.concurrent.SingleThreadEventExecutor$5.run(SingleThreadEventExecutor.java:897)
	at org.apache.ratis.thirdparty.io.netty.util.concurrent.FastThreadLocalRunnable.run(FastThreadLocalRunnable.java:30)
	... 1 more
Caused by: java.net.ConnectException: Connection refused
	... 11 more
2019-10-19 01:26:46,486 [8bce6a00-3bba-419d-83ac-b35141b6b559@group-31C3DC938042-LeaderElection166] INFO  impl.RaftServerImpl (RaftServerImpl.java:setRole(184)) - 8bce6a00-3bba-419d-83ac-b35141b6b559@group-31C3DC938042: changes role from CANDIDATE to FOLLOWER at term 152 for DISCOVERED_A_NEW_TERM
2019-10-19 01:26:46,486 [8bce6a00-3bba-419d-83ac-b35141b6b559@group-31C3DC938042-LeaderElection166] INFO  impl.RoleInfo (RoleInfo.java:shutdownLeaderElection(134)) - 8bce6a00-3bba-419d-83ac-b35141b6b559: shutdown LeaderElection
2019-10-19 01:26:46,486 [8bce6a00-3bba-419d-83ac-b35141b6b559@group-31C3DC938042-LeaderElection166] INFO  impl.RoleInfo (RoleInfo.java:updateAndGet(143)) - 8bce6a00-3bba-419d-83ac-b35141b6b559: start FollowerState
2019-10-19 01:26:46,565 [main] INFO  ozoneimpl.OzoneContainer (OzoneContainer.java:stop(227)) - Attempting to stop container services.
2019-10-19 01:26:46,566 [main] INFO  impl.RaftServerProxy (RaftServerProxy.java:lambda$close$4(314)) - df8ea49b-ef0b-40b0-a5d0-e4c136909b6f: close
2019-10-19 01:26:46,567 [main] INFO  impl.RaftServerImpl (RaftServerImpl.java:lambda$shutdown$3(261)) - df8ea49b-ef0b-40b0-a5d0-e4c136909b6f@group-12F62FEB2D83: shutdown
2019-10-19 01:26:46,567 [main] INFO  util.JmxRegister (JmxRegister.java:unregister(73)) - Successfully un-registered JMX Bean with object name Ratis:service=RaftServer,group=group-12F62FEB2D83,id=df8ea49b-ef0b-40b0-a5d0-e4c136909b6f
2019-10-19 01:26:46,568 [main] INFO  impl.RoleInfo (RoleInfo.java:shutdownFollowerState(121)) - df8ea49b-ef0b-40b0-a5d0-e4c136909b6f: shutdown FollowerState
2019-10-19 01:26:46,568 [main] INFO  impl.StateMachineUpdater (StateMachineUpdater.java:stopAndJoin(136)) - df8ea49b-ef0b-40b0-a5d0-e4c136909b6f@group-12F62FEB2D83-StateMachineUpdater: set stopIndex = 4
2019-10-19 01:26:46,568 [df8ea49b-ef0b-40b0-a5d0-e4c136909b6f@group-12F62FEB2D83-StateMachineUpdater] INFO  ratis.ContainerStateMachine (ContainerStateMachine.java:takeSnapshot(294)) - group-12F62FEB2D83: Taking a snapshot at:(t:10, i:3) file /workdir/hadoop-ozone/integration-test/target/test-dir/MiniOzoneClusterImpl-be769f72-d0ac-4a2c-8dca-159e9fc5eefe/datanode-6/data/ratis/bbab9873-e064-4dee-a03d-12f62feb2d83/sm/snapshot.10_3
2019-10-19 01:26:46,568 [Thread-494] INFO  impl.FollowerState (FollowerState.java:run(117)) - df8ea49b-ef0b-40b0-a5d0-e4c136909b6f@group-12F62FEB2D83-FollowerState was interrupted: java.lang.InterruptedException: sleep interrupted
2019-10-19 01:26:46,574 [Thread-1593] INFO  impl.FollowerState (FollowerState.java:run(108)) - 8bce6a00-3bba-419d-83ac-b35141b6b559@group-31C3DC938042-FollowerState: change to CANDIDATE, lastRpcTime:88ms, electionTimeout:88ms
2019-10-19 01:26:46,575 [Thread-1593] INFO  impl.RoleInfo (RoleInfo.java:shutdownFollowerState(121)) - 8bce6a00-3bba-419d-83ac-b35141b6b559: shutdown FollowerState
2019-10-19 01:26:46,575 [Thread-1593] INFO  impl.RaftServerImpl (RaftServerImpl.java:setRole(184)) - 8bce6a00-3bba-419d-83ac-b35141b6b559@group-31C3DC938042: changes role from  FOLLOWER to CANDIDATE at term 152 for changeToCandidate
2019-10-19 01:26:46,575 [Thread-1593] INFO  impl.RoleInfo (RoleInfo.java:updateAndGet(143)) - 8bce6a00-3bba-419d-83ac-b35141b6b559: start LeaderElection
2019-10-19 01:26:46,585 [df8ea49b-ef0b-40b0-a5d0-e4c136909b6f@group-12F62FEB2D83-StateMachineUpdater] INFO  ratis.ContainerStateMachine (ContainerStateMachine.java:takeSnapshot(305)) - group-12F62FEB2D83: Finished taking a snapshot at:(t:10, i:3) file:/workdir/hadoop-ozone/integration-test/target/test-dir/MiniOzoneClusterImpl-be769f72-d0ac-4a2c-8dca-159e9fc5eefe/datanode-6/data/ratis/bbab9873-e064-4dee-a03d-12f62feb2d83/sm/snapshot.10_3 time:17
2019-10-19 01:26:46,585 [df8ea49b-ef0b-40b0-a5d0-e4c136909b6f@group-12F62FEB2D83-StateMachineUpdater] INFO  impl.StateMachineUpdater (StateMachineUpdater.java:takeSnapshot(269)) - df8ea49b-ef0b-40b0-a5d0-e4c136909b6f@group-12F62FEB2D83-StateMachineUpdater: Took a snapshot at index 3
2019-10-19 01:26:46,585 [df8ea49b-ef0b-40b0-a5d0-e4c136909b6f@group-12F62FEB2D83-StateMachineUpdater] INFO  impl.StateMachineUpdater (StateMachineUpdater.java:lambda$new$0(84)) - df8ea49b-ef0b-40b0-a5d0-e4c136909b6f@group-12F62FEB2D83-StateMachineUpdater: snapshotIndex: updateIncreasingly -1 -> 3
2019-10-19 01:26:46,586 [df8ea49b-ef0b-40b0-a5d0-e4c136909b6f@group-12F62FEB2D83-StateMachineUpdater] INFO  ratis.ContainerStateMachine (ContainerStateMachine.java:takeSnapshot(294)) - group-12F62FEB2D83: Taking a snapshot at:(t:10, i:3) file /workdir/hadoop-ozone/integration-test/target/test-dir/MiniOzoneClusterImpl-be769f72-d0ac-4a2c-8dca-159e9fc5eefe/datanode-6/data/ratis/bbab9873-e064-4dee-a03d-12f62feb2d83/sm/snapshot.10_3
2019-10-19 01:26:46,587 [8bce6a00-3bba-419d-83ac-b35141b6b559@group-31C3DC938042-LeaderElection167] INFO  impl.LeaderElection (LeaderElection.java:askForVotes(178)) - 8bce6a00-3bba-419d-83ac-b35141b6b559@group-31C3DC938042-LeaderElection167: begin an election at term 153 for -1: [774c78e1-8dd4-453d-975e-442189a07fe2:192.168.157.242:38712, 7247ad7d-2ca2-4af8-9337-77c07ea89cb3:192.168.157.242:42362, 8bce6a00-3bba-419d-83ac-b35141b6b559:192.168.157.242:37801], old=null
2019-10-19 01:26:46,587 [8bce6a00-3bba-419d-83ac-b35141b6b559@group-31C3DC938042-LeaderElection167] INFO  impl.LeaderElection (LogUtils.java:infoOrTrace(149)) - 8bce6a00-3bba-419d-83ac-b35141b6b559@group-31C3DC938042-LeaderElection167 got exception when requesting votes: {}
java.util.concurrent.ExecutionException: org.apache.ratis.thirdparty.io.grpc.StatusRuntimeException: UNAVAILABLE: io exception
	at java.util.concurrent.FutureTask.report(FutureTask.java:122)
	at java.util.concurrent.FutureTask.get(FutureTask.java:192)
	at org.apache.ratis.server.impl.LeaderElection.waitForResults(LeaderElection.java:259)
	at org.apache.ratis.server.impl.LeaderElection.askForVotes(LeaderElection.java:197)
	at org.apache.ratis.server.impl.LeaderElection.run(LeaderElection.java:133)
	at java.lang.Thread.run(Thread.java:748)
Caused by: org.apache.ratis.thirdparty.io.grpc.StatusRuntimeException: UNAVAILABLE: io exception
	at org.apache.ratis.thirdparty.io.grpc.stub.ClientCalls.toStatusRuntimeException(ClientCalls.java:233)
	at org.apache.ratis.thirdparty.io.grpc.stub.ClientCalls.getUnchecked(ClientCalls.java:214)
	at org.apache.ratis.thirdparty.io.grpc.stub.ClientCalls.blockingUnaryCall(ClientCalls.java:139)
	at org.apache.ratis.proto.grpc.RaftServerProtocolServiceGrpc$RaftServerProtocolServiceBlockingStub.requestVote(RaftServerProtocolServiceGrpc.java:265)
	at org.apache.ratis.grpc.server.GrpcServerProtocolClient.requestVote(GrpcServerProtocolClient.java:99)
	at org.apache.ratis.grpc.server.GrpcService.requestVote(GrpcService.java:204)
	at org.apache.ratis.server.impl.LeaderElection.lambda$submitRequests$1(LeaderElection.java:234)
	at java.util.concurrent.FutureTask.run(FutureTask.java:266)
	at java.util.concurrent.Executors$RunnableAdapter.call(Executors.java:511)
	at java.util.concurrent.FutureTask.run(FutureTask.java:266)
	at java.util.concurrent.ThreadPoolExecutor.runWorker(ThreadPoolExecutor.java:1149)
	at java.util.concurrent.ThreadPoolExecutor$Worker.run(ThreadPoolExecutor.java:624)
	... 1 more
Caused by: org.apache.ratis.thirdparty.io.netty.channel.AbstractChannel$AnnotatedConnectException: Connection refused: /192.168.157.242:42362
	at sun.nio.ch.SocketChannelImpl.checkConnect(Native Method)
	at sun.nio.ch.SocketChannelImpl.finishConnect(SocketChannelImpl.java:717)
	at org.apache.ratis.thirdparty.io.netty.channel.socket.nio.NioSocketChannel.doFinishConnect(NioSocketChannel.java:327)
	at org.apache.ratis.thirdparty.io.netty.channel.nio.AbstractNioChannel$AbstractNioUnsafe.finishConnect(AbstractNioChannel.java:340)
	at org.apache.ratis.thirdparty.io.netty.channel.nio.NioEventLoop.processSelectedKey(NioEventLoop.java:632)
	at org.apache.ratis.thirdparty.io.netty.channel.nio.NioEventLoop.processSelectedKeysOptimized(NioEventLoop.java:579)
	at org.apache.ratis.thirdparty.io.netty.channel.nio.NioEventLoop.processSelectedKeys(NioEventLoop.java:496)
	at org.apache.ratis.thirdparty.io.netty.channel.nio.NioEventLoop.run(NioEventLoop.java:458)
	at org.apache.ratis.thirdparty.io.netty.util.concurrent.SingleThreadEventExecutor$5.run(SingleThreadEventExecutor.java:897)
	at org.apache.ratis.thirdparty.io.netty.util.concurrent.FastThreadLocalRunnable.run(FastThreadLocalRunnable.java:30)
	... 1 more
Caused by: java.net.ConnectException: Connection refused
	... 11 more
2019-10-19 01:26:46,591 [grpc-default-executor-4] INFO  impl.RaftServerImpl (RaftServerImpl.java:setRole(184)) - 774c78e1-8dd4-453d-975e-442189a07fe2@group-31C3DC938042: changes role from  FOLLOWER to FOLLOWER at term 153 for recognizeCandidate:8bce6a00-3bba-419d-83ac-b35141b6b559
2019-10-19 01:26:46,591 [grpc-default-executor-4] INFO  impl.RoleInfo (RoleInfo.java:shutdownFollowerState(121)) - 774c78e1-8dd4-453d-975e-442189a07fe2: shutdown FollowerState
2019-10-19 01:26:46,591 [grpc-default-executor-4] INFO  impl.RoleInfo (RoleInfo.java:updateAndGet(143)) - 774c78e1-8dd4-453d-975e-442189a07fe2: start FollowerState
2019-10-19 01:26:46,591 [Thread-1592] INFO  impl.FollowerState (FollowerState.java:run(117)) - 774c78e1-8dd4-453d-975e-442189a07fe2@group-31C3DC938042-FollowerState was interrupted: java.lang.InterruptedException: sleep interrupted
2019-10-19 01:26:46,609 [ForkJoinPool.commonPool-worker-0] INFO  ozoneimpl.OzoneContainer (OzoneContainer.java:stop(227)) - Attempting to stop container services.
2019-10-19 01:26:46,609 [ForkJoinPool.commonPool-worker-0] INFO  impl.RaftServerProxy (RaftServerProxy.java:lambda$close$4(314)) - 7bdff0e9-7b76-4a2e-87b8-7520d2e34914: close
2019-10-19 01:26:46,610 [ForkJoinPool.commonPool-worker-0] INFO  impl.RaftServerImpl (RaftServerImpl.java:lambda$shutdown$3(261)) - 7bdff0e9-7b76-4a2e-87b8-7520d2e34914@group-12F62FEB2D83: shutdown
2019-10-19 01:26:46,610 [ForkJoinPool.commonPool-worker-0] INFO  util.JmxRegister (JmxRegister.java:unregister(73)) - Successfully un-registered JMX Bean with object name Ratis:service=RaftServer,group=group-12F62FEB2D83,id=7bdff0e9-7b76-4a2e-87b8-7520d2e34914
2019-10-19 01:26:46,610 [ForkJoinPool.commonPool-worker-0] INFO  impl.RoleInfo (RoleInfo.java:shutdownLeaderState(104)) - 7bdff0e9-7b76-4a2e-87b8-7520d2e34914: shutdown LeaderState
2019-10-19 01:26:46,613 [org.apache.ratis.server.impl.LogAppender$AppenderDaemon$$Lambda$457/1783297556@2d4d060e] WARN  server.GrpcLogAppender (GrpcLogAppender.java:mayWait(149)) - 7bdff0e9-7b76-4a2e-87b8-7520d2e34914@group-12F62FEB2D83->df8ea49b-ef0b-40b0-a5d0-e4c136909b6f-GrpcLogAppender: Wait interrupted by java.lang.InterruptedException
2019-10-19 01:26:46,613 [ForkJoinPool.commonPool-worker-0] INFO  impl.PendingRequests (PendingRequests.java:sendNotLeaderResponses(202)) - 7bdff0e9-7b76-4a2e-87b8-7520d2e34914@group-12F62FEB2D83-PendingRequests: sendNotLeaderResponses
2019-10-19 01:26:46,613 [org.apache.ratis.server.impl.LogAppender$AppenderDaemon$$Lambda$457/1783297556@7c34813e] WARN  server.GrpcLogAppender (GrpcLogAppender.java:mayWait(149)) - 7bdff0e9-7b76-4a2e-87b8-7520d2e34914@group-12F62FEB2D83->a47f4692-6292-482b-87e1-943728217a13-GrpcLogAppender: Wait interrupted by java.lang.InterruptedException
2019-10-19 01:26:46,613 [grpc-default-executor-0] INFO  server.GrpcServerProtocolService (GrpcServerProtocolService.java:onCompleted(113)) - df8ea49b-ef0b-40b0-a5d0-e4c136909b6f: Completed APPEND_ENTRIES, lastRequest: 7bdff0e9-7b76-4a2e-87b8-7520d2e34914->df8ea49b-ef0b-40b0-a5d0-e4c136909b6f#45-t10, previous=(t:10, i:4), leaderCommit=4, initializing? false, entries: <empty>
2019-10-19 01:26:46,615 [ForkJoinPool.commonPool-worker-0] INFO  impl.StateMachineUpdater (StateMachineUpdater.java:stopAndJoin(136)) - 7bdff0e9-7b76-4a2e-87b8-7520d2e34914@group-12F62FEB2D83-StateMachineUpdater: set stopIndex = 4
2019-10-19 01:26:46,615 [7bdff0e9-7b76-4a2e-87b8-7520d2e34914@group-12F62FEB2D83-StateMachineUpdater] INFO  ratis.ContainerStateMachine (ContainerStateMachine.java:takeSnapshot(294)) - group-12F62FEB2D83: Taking a snapshot at:(t:10, i:4) file /workdir/hadoop-ozone/integration-test/target/test-dir/MiniOzoneClusterImpl-be769f72-d0ac-4a2c-8dca-159e9fc5eefe/datanode-3/data/ratis/bbab9873-e064-4dee-a03d-12f62feb2d83/sm/snapshot.10_4
2019-10-19 01:26:46,616 [grpc-default-executor-1] INFO  server.GrpcLogAppender (GrpcLogAppender.java:onCompleted(308)) - 7bdff0e9-7b76-4a2e-87b8-7520d2e34914@group-12F62FEB2D83->df8ea49b-ef0b-40b0-a5d0-e4c136909b6f-AppendLogResponseHandler: follower responses appendEntries COMPLETED
2019-10-19 01:26:46,615 [grpc-default-executor-3] INFO  server.GrpcServerProtocolService (GrpcServerProtocolService.java:onCompleted(113)) - a47f4692-6292-482b-87e1-943728217a13: Completed APPEND_ENTRIES, lastRequest: 7bdff0e9-7b76-4a2e-87b8-7520d2e34914->a47f4692-6292-482b-87e1-943728217a13#45-t10, previous=(t:10, i:4), leaderCommit=4, initializing? false, entries: <empty>
2019-10-19 01:26:46,616 [grpc-default-executor-3] INFO  server.GrpcLogAppender (GrpcLogAppender.java:onCompleted(308)) - 7bdff0e9-7b76-4a2e-87b8-7520d2e34914@group-12F62FEB2D83->a47f4692-6292-482b-87e1-943728217a13-AppendLogResponseHandler: follower responses appendEntries COMPLETED
2019-10-19 01:26:46,616 [grpc-default-executor-1] INFO  impl.FollowerInfo (FollowerInfo.java:lambda$new$0(51)) - 7bdff0e9-7b76-4a2e-87b8-7520d2e34914@group-12F62FEB2D83->df8ea49b-ef0b-40b0-a5d0-e4c136909b6f: nextIndex: updateUnconditionally 5 -> 4
2019-10-19 01:26:46,617 [grpc-default-executor-3] INFO  impl.FollowerInfo (FollowerInfo.java:lambda$new$0(51)) - 7bdff0e9-7b76-4a2e-87b8-7520d2e34914@group-12F62FEB2D83->a47f4692-6292-482b-87e1-943728217a13: nextIndex: updateUnconditionally 5 -> 4
2019-10-19 01:26:46,617 [8bce6a00-3bba-419d-83ac-b35141b6b559@group-31C3DC938042-LeaderElection167] INFO  impl.LeaderElection (LeaderElection.java:logAndReturn(56)) - 8bce6a00-3bba-419d-83ac-b35141b6b559@group-31C3DC938042-LeaderElection167: Election TIMEOUT; received 0 response(s) [] and 1 exception(s); 8bce6a00-3bba-419d-83ac-b35141b6b559@group-31C3DC938042:t153, leader=null, voted=8bce6a00-3bba-419d-83ac-b35141b6b559, raftlog=8bce6a00-3bba-419d-83ac-b35141b6b559@group-31C3DC938042-SegmentedRaftLog:OPENED:c-1,f-1,i0, conf=-1: [774c78e1-8dd4-453d-975e-442189a07fe2:192.168.157.242:38712, 7247ad7d-2ca2-4af8-9337-77c07ea89cb3:192.168.157.242:42362, 8bce6a00-3bba-419d-83ac-b35141b6b559:192.168.157.242:37801], old=null
2019-10-19 01:26:46,617 [8bce6a00-3bba-419d-83ac-b35141b6b559@group-31C3DC938042-LeaderElection167] INFO  impl.LeaderElection (LogUtils.java:infoOrTrace(149)) -   Exception 0: {}
java.util.concurrent.ExecutionException: org.apache.ratis.thirdparty.io.grpc.StatusRuntimeException: UNAVAILABLE: io exception
	at java.util.concurrent.FutureTask.report(FutureTask.java:122)
	at java.util.concurrent.FutureTask.get(FutureTask.java:192)
	at org.apache.ratis.server.impl.LeaderElection.waitForResults(LeaderElection.java:259)
	at org.apache.ratis.server.impl.LeaderElection.askForVotes(LeaderElection.java:197)
	at org.apache.ratis.server.impl.LeaderElection.run(LeaderElection.java:133)
	at java.lang.Thread.run(Thread.java:748)
Caused by: org.apache.ratis.thirdparty.io.grpc.StatusRuntimeException: UNAVAILABLE: io exception
	at org.apache.ratis.thirdparty.io.grpc.stub.ClientCalls.toStatusRuntimeException(ClientCalls.java:233)
	at org.apache.ratis.thirdparty.io.grpc.stub.ClientCalls.getUnchecked(ClientCalls.java:214)
	at org.apache.ratis.thirdparty.io.grpc.stub.ClientCalls.blockingUnaryCall(ClientCalls.java:139)
	at org.apache.ratis.proto.grpc.RaftServerProtocolServiceGrpc$RaftServerProtocolServiceBlockingStub.requestVote(RaftServerProtocolServiceGrpc.java:265)
	at org.apache.ratis.grpc.server.GrpcServerProtocolClient.requestVote(GrpcServerProtocolClient.java:99)
	at org.apache.ratis.grpc.server.GrpcService.requestVote(GrpcService.java:204)
	at org.apache.ratis.server.impl.LeaderElection.lambda$submitRequests$1(LeaderElection.java:234)
	at java.util.concurrent.FutureTask.run(FutureTask.java:266)
	at java.util.concurrent.Executors$RunnableAdapter.call(Executors.java:511)
	at java.util.concurrent.FutureTask.run(FutureTask.java:266)
	at java.util.concurrent.ThreadPoolExecutor.runWorker(ThreadPoolExecutor.java:1149)
	at java.util.concurrent.ThreadPoolExecutor$Worker.run(ThreadPoolExecutor.java:624)
	... 1 more
Caused by: org.apache.ratis.thirdparty.io.netty.channel.AbstractChannel$AnnotatedConnectException: Connection refused: /192.168.157.242:42362
	at sun.nio.ch.SocketChannelImpl.checkConnect(Native Method)
	at sun.nio.ch.SocketChannelImpl.finishConnect(SocketChannelImpl.java:717)
	at org.apache.ratis.thirdparty.io.netty.channel.socket.nio.NioSocketChannel.doFinishConnect(NioSocketChannel.java:327)
	at org.apache.ratis.thirdparty.io.netty.channel.nio.AbstractNioChannel$AbstractNioUnsafe.finishConnect(AbstractNioChannel.java:340)
	at org.apache.ratis.thirdparty.io.netty.channel.nio.NioEventLoop.processSelectedKey(NioEventLoop.java:632)
	at org.apache.ratis.thirdparty.io.netty.channel.nio.NioEventLoop.processSelectedKeysOptimized(NioEventLoop.java:579)
	at org.apache.ratis.thirdparty.io.netty.channel.nio.NioEventLoop.processSelectedKeys(NioEventLoop.java:496)
	at org.apache.ratis.thirdparty.io.netty.channel.nio.NioEventLoop.run(NioEventLoop.java:458)
	at org.apache.ratis.thirdparty.io.netty.util.concurrent.SingleThreadEventExecutor$5.run(SingleThreadEventExecutor.java:897)
	at org.apache.ratis.thirdparty.io.netty.util.concurrent.FastThreadLocalRunnable.run(FastThreadLocalRunnable.java:30)
	... 1 more
Caused by: java.net.ConnectException: Connection refused
	... 11 more
2019-10-19 01:26:46,625 [df8ea49b-ef0b-40b0-a5d0-e4c136909b6f@group-12F62FEB2D83-StateMachineUpdater] INFO  ratis.ContainerStateMachine (ContainerStateMachine.java:takeSnapshot(305)) - group-12F62FEB2D83: Finished taking a snapshot at:(t:10, i:3) file:/workdir/hadoop-ozone/integration-test/target/test-dir/MiniOzoneClusterImpl-be769f72-d0ac-4a2c-8dca-159e9fc5eefe/datanode-6/data/ratis/bbab9873-e064-4dee-a03d-12f62feb2d83/sm/snapshot.10_3 time:39
2019-10-19 01:26:46,625 [df8ea49b-ef0b-40b0-a5d0-e4c136909b6f@group-12F62FEB2D83-StateMachineUpdater] INFO  impl.StateMachineUpdater (StateMachineUpdater.java:takeSnapshot(269)) - df8ea49b-ef0b-40b0-a5d0-e4c136909b6f@group-12F62FEB2D83-StateMachineUpdater: Took a snapshot at index 3
2019-10-19 01:26:46,625 [df8ea49b-ef0b-40b0-a5d0-e4c136909b6f@group-12F62FEB2D83-StateMachineUpdater] INFO  impl.StateMachineUpdater (StateMachineUpdater.java:lambda$new$0(84)) - df8ea49b-ef0b-40b0-a5d0-e4c136909b6f@group-12F62FEB2D83-StateMachineUpdater: snapshotIndex: updateIncreasingly 3 -> 3
2019-10-19 01:26:46,625 [main] INFO  impl.RaftServerImpl (ServerState.java:close(388)) - df8ea49b-ef0b-40b0-a5d0-e4c136909b6f@group-12F62FEB2D83: closes. applyIndex: 4
2019-10-19 01:26:46,626 [df8ea49b-ef0b-40b0-a5d0-e4c136909b6f@group-12F62FEB2D83-SegmentedRaftLogWorker] INFO  segmented.SegmentedRaftLogWorker (SegmentedRaftLogWorker.java:run(316)) - df8ea49b-ef0b-40b0-a5d0-e4c136909b6f@group-12F62FEB2D83-SegmentedRaftLogWorker was interrupted, exiting. There are 0 tasks remaining in the queue.
2019-10-19 01:26:46,628 [7bdff0e9-7b76-4a2e-87b8-7520d2e34914@group-12F62FEB2D83-StateMachineUpdater] INFO  ratis.ContainerStateMachine (ContainerStateMachine.java:takeSnapshot(305)) - group-12F62FEB2D83: Finished taking a snapshot at:(t:10, i:4) file:/workdir/hadoop-ozone/integration-test/target/test-dir/MiniOzoneClusterImpl-be769f72-d0ac-4a2c-8dca-159e9fc5eefe/datanode-3/data/ratis/bbab9873-e064-4dee-a03d-12f62feb2d83/sm/snapshot.10_4 time:12
2019-10-19 01:26:46,628 [main] INFO  segmented.SegmentedRaftLogWorker (SegmentedRaftLogWorker.java:close(224)) - df8ea49b-ef0b-40b0-a5d0-e4c136909b6f@group-12F62FEB2D83-SegmentedRaftLogWorker close()
2019-10-19 01:26:46,628 [7bdff0e9-7b76-4a2e-87b8-7520d2e34914@group-12F62FEB2D83-StateMachineUpdater] INFO  impl.StateMachineUpdater (StateMachineUpdater.java:takeSnapshot(269)) - 7bdff0e9-7b76-4a2e-87b8-7520d2e34914@group-12F62FEB2D83-StateMachineUpdater: Took a snapshot at index 4
2019-10-19 01:26:46,628 [8bce6a00-3bba-419d-83ac-b35141b6b559@group-31C3DC938042-LeaderElection167] INFO  impl.LeaderElection (LeaderElection.java:askForVotes(178)) - 8bce6a00-3bba-419d-83ac-b35141b6b559@group-31C3DC938042-LeaderElection167: begin an election at term 154 for -1: [774c78e1-8dd4-453d-975e-442189a07fe2:192.168.157.242:38712, 7247ad7d-2ca2-4af8-9337-77c07ea89cb3:192.168.157.242:42362, 8bce6a00-3bba-419d-83ac-b35141b6b559:192.168.157.242:37801], old=null
2019-10-19 01:26:46,630 [7bdff0e9-7b76-4a2e-87b8-7520d2e34914@group-12F62FEB2D83-StateMachineUpdater] INFO  impl.StateMachineUpdater (StateMachineUpdater.java:lambda$new$0(84)) - 7bdff0e9-7b76-4a2e-87b8-7520d2e34914@group-12F62FEB2D83-StateMachineUpdater: snapshotIndex: updateIncreasingly -1 -> 4
2019-10-19 01:26:46,630 [main] INFO  impl.RaftServerImpl (RaftServerImpl.java:lambda$shutdown$3(261)) - df8ea49b-ef0b-40b0-a5d0-e4c136909b6f@group-D03DC1538B69: shutdown
2019-10-19 01:26:46,631 [ForkJoinPool.commonPool-worker-0] INFO  impl.RaftServerImpl (ServerState.java:close(388)) - 7bdff0e9-7b76-4a2e-87b8-7520d2e34914@group-12F62FEB2D83: closes. applyIndex: 4
2019-10-19 01:26:46,631 [main] INFO  util.JmxRegister (JmxRegister.java:unregister(73)) - Successfully un-registered JMX Bean with object name Ratis:service=RaftServer,group=group-D03DC1538B69,id=df8ea49b-ef0b-40b0-a5d0-e4c136909b6f
2019-10-19 01:26:46,631 [7bdff0e9-7b76-4a2e-87b8-7520d2e34914@group-12F62FEB2D83-SegmentedRaftLogWorker] INFO  segmented.SegmentedRaftLogWorker (SegmentedRaftLogWorker.java:run(316)) - 7bdff0e9-7b76-4a2e-87b8-7520d2e34914@group-12F62FEB2D83-SegmentedRaftLogWorker was interrupted, exiting. There are 0 tasks remaining in the queue.
2019-10-19 01:26:46,631 [8bce6a00-3bba-419d-83ac-b35141b6b559@group-31C3DC938042-LeaderElection167] INFO  impl.LeaderElection (LogUtils.java:infoOrTrace(149)) - 8bce6a00-3bba-419d-83ac-b35141b6b559@group-31C3DC938042-LeaderElection167 got exception when requesting votes: {}
java.util.concurrent.ExecutionException: org.apache.ratis.thirdparty.io.grpc.StatusRuntimeException: UNAVAILABLE: io exception
	at java.util.concurrent.FutureTask.report(FutureTask.java:122)
	at java.util.concurrent.FutureTask.get(FutureTask.java:192)
	at org.apache.ratis.server.impl.LeaderElection.waitForResults(LeaderElection.java:259)
	at org.apache.ratis.server.impl.LeaderElection.askForVotes(LeaderElection.java:197)
	at org.apache.ratis.server.impl.LeaderElection.run(LeaderElection.java:133)
	at java.lang.Thread.run(Thread.java:748)
Caused by: org.apache.ratis.thirdparty.io.grpc.StatusRuntimeException: UNAVAILABLE: io exception
	at org.apache.ratis.thirdparty.io.grpc.stub.ClientCalls.toStatusRuntimeException(ClientCalls.java:233)
	at org.apache.ratis.thirdparty.io.grpc.stub.ClientCalls.getUnchecked(ClientCalls.java:214)
	at org.apache.ratis.thirdparty.io.grpc.stub.ClientCalls.blockingUnaryCall(ClientCalls.java:139)
	at org.apache.ratis.proto.grpc.RaftServerProtocolServiceGrpc$RaftServerProtocolServiceBlockingStub.requestVote(RaftServerProtocolServiceGrpc.java:265)
	at org.apache.ratis.grpc.server.GrpcServerProtocolClient.requestVote(GrpcServerProtocolClient.java:99)
	at org.apache.ratis.grpc.server.GrpcService.requestVote(GrpcService.java:204)
	at org.apache.ratis.server.impl.LeaderElection.lambda$submitRequests$1(LeaderElection.java:234)
	at java.util.concurrent.FutureTask.run(FutureTask.java:266)
	at java.util.concurrent.Executors$RunnableAdapter.call(Executors.java:511)
	at java.util.concurrent.FutureTask.run(FutureTask.java:266)
	at java.util.concurrent.ThreadPoolExecutor.runWorker(ThreadPoolExecutor.java:1149)
	at java.util.concurrent.ThreadPoolExecutor$Worker.run(ThreadPoolExecutor.java:624)
	... 1 more
Caused by: org.apache.ratis.thirdparty.io.netty.channel.AbstractChannel$AnnotatedConnectException: Connection refused: /192.168.157.242:42362
	at sun.nio.ch.SocketChannelImpl.checkConnect(Native Method)
	at sun.nio.ch.SocketChannelImpl.finishConnect(SocketChannelImpl.java:717)
	at org.apache.ratis.thirdparty.io.netty.channel.socket.nio.NioSocketChannel.doFinishConnect(NioSocketChannel.java:327)
	at org.apache.ratis.thirdparty.io.netty.channel.nio.AbstractNioChannel$AbstractNioUnsafe.finishConnect(AbstractNioChannel.java:340)
	at org.apache.ratis.thirdparty.io.netty.channel.nio.NioEventLoop.processSelectedKey(NioEventLoop.java:632)
	at org.apache.ratis.thirdparty.io.netty.channel.nio.NioEventLoop.processSelectedKeysOptimized(NioEventLoop.java:579)
	at org.apache.ratis.thirdparty.io.netty.channel.nio.NioEventLoop.processSelectedKeys(NioEventLoop.java:496)
	at org.apache.ratis.thirdparty.io.netty.channel.nio.NioEventLoop.run(NioEventLoop.java:458)
	at org.apache.ratis.thirdparty.io.netty.util.concurrent.SingleThreadEventExecutor$5.run(SingleThreadEventExecutor.java:897)
	at org.apache.ratis.thirdparty.io.netty.util.concurrent.FastThreadLocalRunnable.run(FastThreadLocalRunnable.java:30)
	... 1 more
Caused by: java.net.ConnectException: Connection refused
	... 11 more
2019-10-19 01:26:46,633 [grpc-default-executor-4] INFO  impl.RaftServerImpl (RaftServerImpl.java:setRole(184)) - 774c78e1-8dd4-453d-975e-442189a07fe2@group-31C3DC938042: changes role from  FOLLOWER to FOLLOWER at term 154 for recognizeCandidate:8bce6a00-3bba-419d-83ac-b35141b6b559
2019-10-19 01:26:46,634 [grpc-default-executor-4] INFO  impl.RoleInfo (RoleInfo.java:shutdownFollowerState(121)) - 774c78e1-8dd4-453d-975e-442189a07fe2: shutdown FollowerState
2019-10-19 01:26:46,631 [main] INFO  impl.RoleInfo (RoleInfo.java:shutdownLeaderState(104)) - df8ea49b-ef0b-40b0-a5d0-e4c136909b6f: shutdown LeaderState
2019-10-19 01:26:46,635 [Thread-1597] INFO  impl.FollowerState (FollowerState.java:run(117)) - 774c78e1-8dd4-453d-975e-442189a07fe2@group-31C3DC938042-FollowerState was interrupted: java.lang.InterruptedException: sleep interrupted
2019-10-19 01:26:46,634 [grpc-default-executor-4] INFO  impl.RoleInfo (RoleInfo.java:updateAndGet(143)) - 774c78e1-8dd4-453d-975e-442189a07fe2: start FollowerState
2019-10-19 01:26:46,635 [main] INFO  impl.PendingRequests (PendingRequests.java:sendNotLeaderResponses(202)) - df8ea49b-ef0b-40b0-a5d0-e4c136909b6f@group-D03DC1538B69-PendingRequests: sendNotLeaderResponses
2019-10-19 01:26:46,635 [main] INFO  impl.StateMachineUpdater (StateMachineUpdater.java:stopAndJoin(136)) - df8ea49b-ef0b-40b0-a5d0-e4c136909b6f@group-D03DC1538B69-StateMachineUpdater: set stopIndex = 0
2019-10-19 01:26:46,636 [main] INFO  impl.RaftServerImpl (ServerState.java:close(388)) - df8ea49b-ef0b-40b0-a5d0-e4c136909b6f@group-D03DC1538B69: closes. applyIndex: 0
2019-10-19 01:26:46,636 [df8ea49b-ef0b-40b0-a5d0-e4c136909b6f@group-D03DC1538B69-SegmentedRaftLogWorker] INFO  segmented.SegmentedRaftLogWorker (SegmentedRaftLogWorker.java:run(316)) - df8ea49b-ef0b-40b0-a5d0-e4c136909b6f@group-D03DC1538B69-SegmentedRaftLogWorker was interrupted, exiting. There are 0 tasks remaining in the queue.
2019-10-19 01:26:46,645 [main] INFO  segmented.SegmentedRaftLogWorker (SegmentedRaftLogWorker.java:close(224)) - df8ea49b-ef0b-40b0-a5d0-e4c136909b6f@group-D03DC1538B69-SegmentedRaftLogWorker close()
2019-10-19 01:26:46,645 [ForkJoinPool.commonPool-worker-0] INFO  segmented.SegmentedRaftLogWorker (SegmentedRaftLogWorker.java:close(224)) - 7bdff0e9-7b76-4a2e-87b8-7520d2e34914@group-12F62FEB2D83-SegmentedRaftLogWorker close()
2019-10-19 01:26:46,647 [main] INFO  server.GrpcService (GrpcService.java:closeImpl(164)) - df8ea49b-ef0b-40b0-a5d0-e4c136909b6f: shutdown server with port 40644 now
2019-10-19 01:26:46,650 [ForkJoinPool.commonPool-worker-0] INFO  impl.RaftServerImpl (RaftServerImpl.java:lambda$shutdown$3(261)) - 7bdff0e9-7b76-4a2e-87b8-7520d2e34914@group-E686C16D813B: shutdown
2019-10-19 01:26:46,650 [ForkJoinPool.commonPool-worker-0] INFO  util.JmxRegister (JmxRegister.java:unregister(73)) - Successfully un-registered JMX Bean with object name Ratis:service=RaftServer,group=group-E686C16D813B,id=7bdff0e9-7b76-4a2e-87b8-7520d2e34914
2019-10-19 01:26:46,650 [8bce6a00-3bba-419d-83ac-b35141b6b559@group-31C3DC938042-LeaderElection167] INFO  impl.LeaderElection (LeaderElection.java:logAndReturn(56)) - 8bce6a00-3bba-419d-83ac-b35141b6b559@group-31C3DC938042-LeaderElection167: Election REJECTED; received 1 response(s) [8bce6a00-3bba-419d-83ac-b35141b6b559<-774c78e1-8dd4-453d-975e-442189a07fe2#0:FAIL-t154] and 1 exception(s); 8bce6a00-3bba-419d-83ac-b35141b6b559@group-31C3DC938042:t154, leader=null, voted=8bce6a00-3bba-419d-83ac-b35141b6b559, raftlog=8bce6a00-3bba-419d-83ac-b35141b6b559@group-31C3DC938042-SegmentedRaftLog:OPENED:c-1,f-1,i0, conf=-1: [774c78e1-8dd4-453d-975e-442189a07fe2:192.168.157.242:38712, 7247ad7d-2ca2-4af8-9337-77c07ea89cb3:192.168.157.242:42362, 8bce6a00-3bba-419d-83ac-b35141b6b559:192.168.157.242:37801], old=null
2019-10-19 01:26:46,650 [main] INFO  server.GrpcService (GrpcService.java:closeImpl(172)) - df8ea49b-ef0b-40b0-a5d0-e4c136909b6f: shutdown server with port 40644 successfully
2019-10-19 01:26:46,651 [8bce6a00-3bba-419d-83ac-b35141b6b559@group-31C3DC938042-LeaderElection167] INFO  impl.LeaderElection (LogUtils.java:infoOrTrace(149)) -   Exception 0: {}
java.util.concurrent.ExecutionException: org.apache.ratis.thirdparty.io.grpc.StatusRuntimeException: UNAVAILABLE: io exception
	at java.util.concurrent.FutureTask.report(FutureTask.java:122)
	at java.util.concurrent.FutureTask.get(FutureTask.java:192)
	at org.apache.ratis.server.impl.LeaderElection.waitForResults(LeaderElection.java:259)
	at org.apache.ratis.server.impl.LeaderElection.askForVotes(LeaderElection.java:197)
	at org.apache.ratis.server.impl.LeaderElection.run(LeaderElection.java:133)
	at java.lang.Thread.run(Thread.java:748)
Caused by: org.apache.ratis.thirdparty.io.grpc.StatusRuntimeException: UNAVAILABLE: io exception
	at org.apache.ratis.thirdparty.io.grpc.stub.ClientCalls.toStatusRuntimeException(ClientCalls.java:233)
	at org.apache.ratis.thirdparty.io.grpc.stub.ClientCalls.getUnchecked(ClientCalls.java:214)
	at org.apache.ratis.thirdparty.io.grpc.stub.ClientCalls.blockingUnaryCall(ClientCalls.java:139)
	at org.apache.ratis.proto.grpc.RaftServerProtocolServiceGrpc$RaftServerProtocolServiceBlockingStub.requestVote(RaftServerProtocolServiceGrpc.java:265)
	at org.apache.ratis.grpc.server.GrpcServerProtocolClient.requestVote(GrpcServerProtocolClient.java:99)
	at org.apache.ratis.grpc.server.GrpcService.requestVote(GrpcService.java:204)
	at org.apache.ratis.server.impl.LeaderElection.lambda$submitRequests$1(LeaderElection.java:234)
	at java.util.concurrent.FutureTask.run(FutureTask.java:266)
	at java.util.concurrent.Executors$RunnableAdapter.call(Executors.java:511)
	at java.util.concurrent.FutureTask.run(FutureTask.java:266)
	at java.util.concurrent.ThreadPoolExecutor.runWorker(ThreadPoolExecutor.java:1149)
	at java.util.concurrent.ThreadPoolExecutor$Worker.run(ThreadPoolExecutor.java:624)
	... 1 more
Caused by: org.apache.ratis.thirdparty.io.netty.channel.AbstractChannel$AnnotatedConnectException: Connection refused: /192.168.157.242:42362
	at sun.nio.ch.SocketChannelImpl.checkConnect(Native Method)
	at sun.nio.ch.SocketChannelImpl.finishConnect(SocketChannelImpl.java:717)
	at org.apache.ratis.thirdparty.io.netty.channel.socket.nio.NioSocketChannel.doFinishConnect(NioSocketChannel.java:327)
	at org.apache.ratis.thirdparty.io.netty.channel.nio.AbstractNioChannel$AbstractNioUnsafe.finishConnect(AbstractNioChannel.java:340)
	at org.apache.ratis.thirdparty.io.netty.channel.nio.NioEventLoop.processSelectedKey(NioEventLoop.java:632)
	at org.apache.ratis.thirdparty.io.netty.channel.nio.NioEventLoop.processSelectedKeysOptimized(NioEventLoop.java:579)
	at org.apache.ratis.thirdparty.io.netty.channel.nio.NioEventLoop.processSelectedKeys(NioEventLoop.java:496)
	at org.apache.ratis.thirdparty.io.netty.channel.nio.NioEventLoop.run(NioEventLoop.java:458)
	at org.apache.ratis.thirdparty.io.netty.util.concurrent.SingleThreadEventExecutor$5.run(SingleThreadEventExecutor.java:897)
	at org.apache.ratis.thirdparty.io.netty.util.concurrent.FastThreadLocalRunnable.run(FastThreadLocalRunnable.java:30)
	... 1 more
Caused by: java.net.ConnectException: Connection refused
	... 11 more
2019-10-19 01:26:46,651 [ForkJoinPool.commonPool-worker-0] INFO  impl.RoleInfo (RoleInfo.java:shutdownLeaderState(104)) - 7bdff0e9-7b76-4a2e-87b8-7520d2e34914: shutdown LeaderState
2019-10-19 01:26:46,652 [8bce6a00-3bba-419d-83ac-b35141b6b559@group-31C3DC938042-LeaderElection167] INFO  impl.RaftServerImpl (RaftServerImpl.java:setRole(184)) - 8bce6a00-3bba-419d-83ac-b35141b6b559@group-31C3DC938042: changes role from CANDIDATE to FOLLOWER at term 154 for DISCOVERED_A_NEW_TERM
2019-10-19 01:26:46,652 [refreshUsed-/workdir/hadoop-ozone/integration-test/target/test-dir/MiniOzoneClusterImpl-be769f72-d0ac-4a2c-8dca-159e9fc5eefe/datanode-6/data/containers] WARN  fs.CachingGetSpaceUsed (CachingGetSpaceUsed.java:run(183)) - Thread Interrupted waiting to refresh disk information: sleep interrupted
2019-10-19 01:26:46,653 [8bce6a00-3bba-419d-83ac-b35141b6b559@group-31C3DC938042-LeaderElection167] INFO  impl.RoleInfo (RoleInfo.java:shutdownLeaderElection(134)) - 8bce6a00-3bba-419d-83ac-b35141b6b559: shutdown LeaderElection
2019-10-19 01:26:46,653 [ForkJoinPool.commonPool-worker-0] INFO  impl.PendingRequests (PendingRequests.java:sendNotLeaderResponses(202)) - 7bdff0e9-7b76-4a2e-87b8-7520d2e34914@group-E686C16D813B-PendingRequests: sendNotLeaderResponses
2019-10-19 01:26:46,653 [8bce6a00-3bba-419d-83ac-b35141b6b559@group-31C3DC938042-LeaderElection167] INFO  impl.RoleInfo (RoleInfo.java:updateAndGet(143)) - 8bce6a00-3bba-419d-83ac-b35141b6b559: start FollowerState
2019-10-19 01:26:46,654 [ForkJoinPool.commonPool-worker-0] INFO  impl.StateMachineUpdater (StateMachineUpdater.java:stopAndJoin(136)) - 7bdff0e9-7b76-4a2e-87b8-7520d2e34914@group-E686C16D813B-StateMachineUpdater: set stopIndex = 0
2019-10-19 01:26:46,654 [ForkJoinPool.commonPool-worker-0] INFO  impl.RaftServerImpl (ServerState.java:close(388)) - 7bdff0e9-7b76-4a2e-87b8-7520d2e34914@group-E686C16D813B: closes. applyIndex: 0
2019-10-19 01:26:46,657 [7bdff0e9-7b76-4a2e-87b8-7520d2e34914@group-E686C16D813B-SegmentedRaftLogWorker] INFO  segmented.SegmentedRaftLogWorker (SegmentedRaftLogWorker.java:run(316)) - 7bdff0e9-7b76-4a2e-87b8-7520d2e34914@group-E686C16D813B-SegmentedRaftLogWorker was interrupted, exiting. There are 0 tasks remaining in the queue.
2019-10-19 01:26:46,658 [ForkJoinPool.commonPool-worker-0] INFO  segmented.SegmentedRaftLogWorker (SegmentedRaftLogWorker.java:close(224)) - 7bdff0e9-7b76-4a2e-87b8-7520d2e34914@group-E686C16D813B-SegmentedRaftLogWorker close()
2019-10-19 01:26:46,660 [ForkJoinPool.commonPool-worker-0] INFO  server.GrpcService (GrpcService.java:closeImpl(164)) - 7bdff0e9-7b76-4a2e-87b8-7520d2e34914: shutdown server with port 33030 now
2019-10-19 01:26:46,661 [ForkJoinPool.commonPool-worker-0] INFO  server.GrpcService (GrpcService.java:closeImpl(172)) - 7bdff0e9-7b76-4a2e-87b8-7520d2e34914: shutdown server with port 33030 successfully
2019-10-19 01:26:46,662 [refreshUsed-/workdir/hadoop-ozone/integration-test/target/test-dir/MiniOzoneClusterImpl-be769f72-d0ac-4a2c-8dca-159e9fc5eefe/datanode-3/data/containers] WARN  fs.CachingGetSpaceUsed (CachingGetSpaceUsed.java:run(183)) - Thread Interrupted waiting to refresh disk information: sleep interrupted
2019-10-19 01:26:46,678 [main] INFO  utils.BackgroundService (BackgroundService.java:shutdown(151)) - Shutting down service BlockDeletingService
2019-10-19 01:26:46,682 [main] INFO  statemachine.DatanodeStateMachine (DatanodeStateMachine.java:stopDaemon(395)) - Ozone container server stopped.
2019-10-19 01:26:46,683 [main] INFO  handler.ContextHandler (ContextHandler.java:doStop(910)) - Stopped o.e.j.w.WebAppContext@2630dbc4{/,null,UNAVAILABLE}{/hddsDatanode}
2019-10-19 01:26:46,684 [main] INFO  server.AbstractConnector (AbstractConnector.java:doStop(318)) - Stopped ServerConnector@5ea4300e{HTTP/1.1,[http/1.1]}{0.0.0.0:0}
2019-10-19 01:26:46,685 [main] INFO  handler.ContextHandler (ContextHandler.java:doStop(910)) - Stopped o.e.j.s.ServletContextHandler@68b9834c{/static,jar:file:/home/user/.m2/repository/org/apache/hadoop/hadoop-hdds-container-service/0.5.0-SNAPSHOT/hadoop-hdds-container-service-0.5.0-SNAPSHOT.jar!/webapps/static,UNAVAILABLE}
2019-10-19 01:26:46,685 [main] INFO  handler.ContextHandler (ContextHandler.java:doStop(910)) - Stopped o.e.j.s.ServletContextHandler@17fa1336{/logs,file:///workdir/hadoop-ozone/integration-test/target/log,UNAVAILABLE}
2019-10-19 01:26:46,694 [ForkJoinPool.commonPool-worker-0] INFO  utils.BackgroundService (BackgroundService.java:shutdown(151)) - Shutting down service BlockDeletingService
2019-10-19 01:26:46,699 [ForkJoinPool.commonPool-worker-0] INFO  statemachine.DatanodeStateMachine (DatanodeStateMachine.java:stopDaemon(395)) - Ozone container server stopped.
2019-10-19 01:26:46,703 [ForkJoinPool.commonPool-worker-0] INFO  handler.ContextHandler (ContextHandler.java:doStop(910)) - Stopped o.e.j.w.WebAppContext@4da6d664{/,null,UNAVAILABLE}{/hddsDatanode}
2019-10-19 01:26:46,704 [ForkJoinPool.commonPool-worker-0] INFO  server.AbstractConnector (AbstractConnector.java:doStop(318)) - Stopped ServerConnector@5e5af8e1{HTTP/1.1,[http/1.1]}{0.0.0.0:0}
2019-10-19 01:26:46,708 [ForkJoinPool.commonPool-worker-0] INFO  handler.ContextHandler (ContextHandler.java:doStop(910)) - Stopped o.e.j.s.ServletContextHandler@68d7a2df{/static,jar:file:/home/user/.m2/repository/org/apache/hadoop/hadoop-hdds-container-service/0.5.0-SNAPSHOT/hadoop-hdds-container-service-0.5.0-SNAPSHOT.jar!/webapps/static,UNAVAILABLE}
2019-10-19 01:26:46,710 [ForkJoinPool.commonPool-worker-0] INFO  handler.ContextHandler (ContextHandler.java:doStop(910)) - Stopped o.e.j.s.ServletContextHandler@4b200971{/logs,file:///workdir/hadoop-ozone/integration-test/target/log,UNAVAILABLE}
2019-10-19 01:26:46,769 [Thread-1602] INFO  impl.FollowerState (FollowerState.java:run(108)) - 8bce6a00-3bba-419d-83ac-b35141b6b559@group-31C3DC938042-FollowerState: change to CANDIDATE, lastRpcTime:115ms, electionTimeout:115ms
2019-10-19 01:26:46,769 [Thread-1602] INFO  impl.RoleInfo (RoleInfo.java:shutdownFollowerState(121)) - 8bce6a00-3bba-419d-83ac-b35141b6b559: shutdown FollowerState
2019-10-19 01:26:46,769 [Thread-1602] INFO  impl.RaftServerImpl (RaftServerImpl.java:setRole(184)) - 8bce6a00-3bba-419d-83ac-b35141b6b559@group-31C3DC938042: changes role from  FOLLOWER to CANDIDATE at term 154 for changeToCandidate
2019-10-19 01:26:46,769 [Thread-1602] INFO  impl.RoleInfo (RoleInfo.java:updateAndGet(143)) - 8bce6a00-3bba-419d-83ac-b35141b6b559: start LeaderElection
2019-10-19 01:26:46,777 [8bce6a00-3bba-419d-83ac-b35141b6b559@group-31C3DC938042-LeaderElection168] INFO  impl.LeaderElection (LeaderElection.java:askForVotes(178)) - 8bce6a00-3bba-419d-83ac-b35141b6b559@group-31C3DC938042-LeaderElection168: begin an election at term 155 for -1: [774c78e1-8dd4-453d-975e-442189a07fe2:192.168.157.242:38712, 7247ad7d-2ca2-4af8-9337-77c07ea89cb3:192.168.157.242:42362, 8bce6a00-3bba-419d-83ac-b35141b6b559:192.168.157.242:37801], old=null
2019-10-19 01:26:46,778 [8bce6a00-3bba-419d-83ac-b35141b6b559@group-31C3DC938042-LeaderElection168] INFO  impl.LeaderElection (LogUtils.java:infoOrTrace(149)) - 8bce6a00-3bba-419d-83ac-b35141b6b559@group-31C3DC938042-LeaderElection168 got exception when requesting votes: {}
java.util.concurrent.ExecutionException: org.apache.ratis.thirdparty.io.grpc.StatusRuntimeException: UNAVAILABLE: io exception
	at java.util.concurrent.FutureTask.report(FutureTask.java:122)
	at java.util.concurrent.FutureTask.get(FutureTask.java:192)
	at org.apache.ratis.server.impl.LeaderElection.waitForResults(LeaderElection.java:259)
	at org.apache.ratis.server.impl.LeaderElection.askForVotes(LeaderElection.java:197)
	at org.apache.ratis.server.impl.LeaderElection.run(LeaderElection.java:133)
	at java.lang.Thread.run(Thread.java:748)
Caused by: org.apache.ratis.thirdparty.io.grpc.StatusRuntimeException: UNAVAILABLE: io exception
	at org.apache.ratis.thirdparty.io.grpc.stub.ClientCalls.toStatusRuntimeException(ClientCalls.java:233)
	at org.apache.ratis.thirdparty.io.grpc.stub.ClientCalls.getUnchecked(ClientCalls.java:214)
	at org.apache.ratis.thirdparty.io.grpc.stub.ClientCalls.blockingUnaryCall(ClientCalls.java:139)
	at org.apache.ratis.proto.grpc.RaftServerProtocolServiceGrpc$RaftServerProtocolServiceBlockingStub.requestVote(RaftServerProtocolServiceGrpc.java:265)
	at org.apache.ratis.grpc.server.GrpcServerProtocolClient.requestVote(GrpcServerProtocolClient.java:99)
	at org.apache.ratis.grpc.server.GrpcService.requestVote(GrpcService.java:204)
	at org.apache.ratis.server.impl.LeaderElection.lambda$submitRequests$1(LeaderElection.java:234)
	at java.util.concurrent.FutureTask.run(FutureTask.java:266)
	at java.util.concurrent.Executors$RunnableAdapter.call(Executors.java:511)
	at java.util.concurrent.FutureTask.run(FutureTask.java:266)
	at java.util.concurrent.ThreadPoolExecutor.runWorker(ThreadPoolExecutor.java:1149)
	at java.util.concurrent.ThreadPoolExecutor$Worker.run(ThreadPoolExecutor.java:624)
	... 1 more
Caused by: org.apache.ratis.thirdparty.io.netty.channel.AbstractChannel$AnnotatedConnectException: Connection refused: /192.168.157.242:42362
	at sun.nio.ch.SocketChannelImpl.checkConnect(Native Method)
	at sun.nio.ch.SocketChannelImpl.finishConnect(SocketChannelImpl.java:717)
	at org.apache.ratis.thirdparty.io.netty.channel.socket.nio.NioSocketChannel.doFinishConnect(NioSocketChannel.java:327)
	at org.apache.ratis.thirdparty.io.netty.channel.nio.AbstractNioChannel$AbstractNioUnsafe.finishConnect(AbstractNioChannel.java:340)
	at org.apache.ratis.thirdparty.io.netty.channel.nio.NioEventLoop.processSelectedKey(NioEventLoop.java:632)
	at org.apache.ratis.thirdparty.io.netty.channel.nio.NioEventLoop.processSelectedKeysOptimized(NioEventLoop.java:579)
	at org.apache.ratis.thirdparty.io.netty.channel.nio.NioEventLoop.processSelectedKeys(NioEventLoop.java:496)
	at org.apache.ratis.thirdparty.io.netty.channel.nio.NioEventLoop.run(NioEventLoop.java:458)
	at org.apache.ratis.thirdparty.io.netty.util.concurrent.SingleThreadEventExecutor$5.run(SingleThreadEventExecutor.java:897)
	at org.apache.ratis.thirdparty.io.netty.util.concurrent.FastThreadLocalRunnable.run(FastThreadLocalRunnable.java:30)
	... 1 more
Caused by: java.net.ConnectException: Connection refused
	... 11 more
2019-10-19 01:26:46,781 [grpc-default-executor-4] INFO  impl.RaftServerImpl (RaftServerImpl.java:setRole(184)) - 774c78e1-8dd4-453d-975e-442189a07fe2@group-31C3DC938042: changes role from  FOLLOWER to FOLLOWER at term 155 for recognizeCandidate:8bce6a00-3bba-419d-83ac-b35141b6b559
2019-10-19 01:26:46,781 [grpc-default-executor-4] INFO  impl.RoleInfo (RoleInfo.java:shutdownFollowerState(121)) - 774c78e1-8dd4-453d-975e-442189a07fe2: shutdown FollowerState
2019-10-19 01:26:46,781 [grpc-default-executor-4] INFO  impl.RoleInfo (RoleInfo.java:updateAndGet(143)) - 774c78e1-8dd4-453d-975e-442189a07fe2: start FollowerState
2019-10-19 01:26:46,781 [Thread-1600] INFO  impl.FollowerState (FollowerState.java:run(117)) - 774c78e1-8dd4-453d-975e-442189a07fe2@group-31C3DC938042-FollowerState was interrupted: java.lang.InterruptedException: sleep interrupted
2019-10-19 01:26:46,796 [8bce6a00-3bba-419d-83ac-b35141b6b559@group-31C3DC938042-LeaderElection168] INFO  impl.LeaderElection (LeaderElection.java:logAndReturn(56)) - 8bce6a00-3bba-419d-83ac-b35141b6b559@group-31C3DC938042-LeaderElection168: Election REJECTED; received 1 response(s) [8bce6a00-3bba-419d-83ac-b35141b6b559<-774c78e1-8dd4-453d-975e-442189a07fe2#0:FAIL-t155] and 1 exception(s); 8bce6a00-3bba-419d-83ac-b35141b6b559@group-31C3DC938042:t155, leader=null, voted=8bce6a00-3bba-419d-83ac-b35141b6b559, raftlog=8bce6a00-3bba-419d-83ac-b35141b6b559@group-31C3DC938042-SegmentedRaftLog:OPENED:c-1,f-1,i0, conf=-1: [774c78e1-8dd4-453d-975e-442189a07fe2:192.168.157.242:38712, 7247ad7d-2ca2-4af8-9337-77c07ea89cb3:192.168.157.242:42362, 8bce6a00-3bba-419d-83ac-b35141b6b559:192.168.157.242:37801], old=null
2019-10-19 01:26:46,796 [8bce6a00-3bba-419d-83ac-b35141b6b559@group-31C3DC938042-LeaderElection168] INFO  impl.LeaderElection (LogUtils.java:infoOrTrace(149)) -   Exception 0: {}
java.util.concurrent.ExecutionException: org.apache.ratis.thirdparty.io.grpc.StatusRuntimeException: UNAVAILABLE: io exception
	at java.util.concurrent.FutureTask.report(FutureTask.java:122)
	at java.util.concurrent.FutureTask.get(FutureTask.java:192)
	at org.apache.ratis.server.impl.LeaderElection.waitForResults(LeaderElection.java:259)
	at org.apache.ratis.server.impl.LeaderElection.askForVotes(LeaderElection.java:197)
	at org.apache.ratis.server.impl.LeaderElection.run(LeaderElection.java:133)
	at java.lang.Thread.run(Thread.java:748)
Caused by: org.apache.ratis.thirdparty.io.grpc.StatusRuntimeException: UNAVAILABLE: io exception
	at org.apache.ratis.thirdparty.io.grpc.stub.ClientCalls.toStatusRuntimeException(ClientCalls.java:233)
	at org.apache.ratis.thirdparty.io.grpc.stub.ClientCalls.getUnchecked(ClientCalls.java:214)
	at org.apache.ratis.thirdparty.io.grpc.stub.ClientCalls.blockingUnaryCall(ClientCalls.java:139)
	at org.apache.ratis.proto.grpc.RaftServerProtocolServiceGrpc$RaftServerProtocolServiceBlockingStub.requestVote(RaftServerProtocolServiceGrpc.java:265)
	at org.apache.ratis.grpc.server.GrpcServerProtocolClient.requestVote(GrpcServerProtocolClient.java:99)
	at org.apache.ratis.grpc.server.GrpcService.requestVote(GrpcService.java:204)
	at org.apache.ratis.server.impl.LeaderElection.lambda$submitRequests$1(LeaderElection.java:234)
	at java.util.concurrent.FutureTask.run(FutureTask.java:266)
	at java.util.concurrent.Executors$RunnableAdapter.call(Executors.java:511)
	at java.util.concurrent.FutureTask.run(FutureTask.java:266)
	at java.util.concurrent.ThreadPoolExecutor.runWorker(ThreadPoolExecutor.java:1149)
	at java.util.concurrent.ThreadPoolExecutor$Worker.run(ThreadPoolExecutor.java:624)
	... 1 more
Caused by: org.apache.ratis.thirdparty.io.netty.channel.AbstractChannel$AnnotatedConnectException: Connection refused: /192.168.157.242:42362
	at sun.nio.ch.SocketChannelImpl.checkConnect(Native Method)
	at sun.nio.ch.SocketChannelImpl.finishConnect(SocketChannelImpl.java:717)
	at org.apache.ratis.thirdparty.io.netty.channel.socket.nio.NioSocketChannel.doFinishConnect(NioSocketChannel.java:327)
	at org.apache.ratis.thirdparty.io.netty.channel.nio.AbstractNioChannel$AbstractNioUnsafe.finishConnect(AbstractNioChannel.java:340)
	at org.apache.ratis.thirdparty.io.netty.channel.nio.NioEventLoop.processSelectedKey(NioEventLoop.java:632)
	at org.apache.ratis.thirdparty.io.netty.channel.nio.NioEventLoop.processSelectedKeysOptimized(NioEventLoop.java:579)
	at org.apache.ratis.thirdparty.io.netty.channel.nio.NioEventLoop.processSelectedKeys(NioEventLoop.java:496)
	at org.apache.ratis.thirdparty.io.netty.channel.nio.NioEventLoop.run(NioEventLoop.java:458)
	at org.apache.ratis.thirdparty.io.netty.util.concurrent.SingleThreadEventExecutor$5.run(SingleThreadEventExecutor.java:897)
	at org.apache.ratis.thirdparty.io.netty.util.concurrent.FastThreadLocalRunnable.run(FastThreadLocalRunnable.java:30)
	... 1 more
Caused by: java.net.ConnectException: Connection refused
	... 11 more
2019-10-19 01:26:46,796 [8bce6a00-3bba-419d-83ac-b35141b6b559@group-31C3DC938042-LeaderElection168] INFO  impl.RaftServerImpl (RaftServerImpl.java:setRole(184)) - 8bce6a00-3bba-419d-83ac-b35141b6b559@group-31C3DC938042: changes role from CANDIDATE to FOLLOWER at term 155 for DISCOVERED_A_NEW_TERM
2019-10-19 01:26:46,796 [8bce6a00-3bba-419d-83ac-b35141b6b559@group-31C3DC938042-LeaderElection168] INFO  impl.RoleInfo (RoleInfo.java:shutdownLeaderElection(134)) - 8bce6a00-3bba-419d-83ac-b35141b6b559: shutdown LeaderElection
2019-10-19 01:26:46,796 [8bce6a00-3bba-419d-83ac-b35141b6b559@group-31C3DC938042-LeaderElection168] INFO  impl.RoleInfo (RoleInfo.java:updateAndGet(143)) - 8bce6a00-3bba-419d-83ac-b35141b6b559: start FollowerState
2019-10-19 01:26:46,909 [Thread-1607] INFO  impl.FollowerState (FollowerState.java:run(108)) - 8bce6a00-3bba-419d-83ac-b35141b6b559@group-31C3DC938042-FollowerState: change to CANDIDATE, lastRpcTime:112ms, electionTimeout:112ms
2019-10-19 01:26:46,909 [Thread-1607] INFO  impl.RoleInfo (RoleInfo.java:shutdownFollowerState(121)) - 8bce6a00-3bba-419d-83ac-b35141b6b559: shutdown FollowerState
2019-10-19 01:26:46,909 [Thread-1607] INFO  impl.RaftServerImpl (RaftServerImpl.java:setRole(184)) - 8bce6a00-3bba-419d-83ac-b35141b6b559@group-31C3DC938042: changes role from  FOLLOWER to CANDIDATE at term 155 for changeToCandidate
2019-10-19 01:26:46,909 [Thread-1607] INFO  impl.RoleInfo (RoleInfo.java:updateAndGet(143)) - 8bce6a00-3bba-419d-83ac-b35141b6b559: start LeaderElection
2019-10-19 01:26:46,917 [8bce6a00-3bba-419d-83ac-b35141b6b559@group-31C3DC938042-LeaderElection169] INFO  impl.LeaderElection (LeaderElection.java:askForVotes(178)) - 8bce6a00-3bba-419d-83ac-b35141b6b559@group-31C3DC938042-LeaderElection169: begin an election at term 156 for -1: [774c78e1-8dd4-453d-975e-442189a07fe2:192.168.157.242:38712, 7247ad7d-2ca2-4af8-9337-77c07ea89cb3:192.168.157.242:42362, 8bce6a00-3bba-419d-83ac-b35141b6b559:192.168.157.242:37801], old=null
2019-10-19 01:26:46,918 [8bce6a00-3bba-419d-83ac-b35141b6b559@group-31C3DC938042-LeaderElection169] INFO  impl.LeaderElection (LogUtils.java:infoOrTrace(149)) - 8bce6a00-3bba-419d-83ac-b35141b6b559@group-31C3DC938042-LeaderElection169 got exception when requesting votes: {}
java.util.concurrent.ExecutionException: org.apache.ratis.thirdparty.io.grpc.StatusRuntimeException: UNAVAILABLE: io exception
	at java.util.concurrent.FutureTask.report(FutureTask.java:122)
	at java.util.concurrent.FutureTask.get(FutureTask.java:192)
	at org.apache.ratis.server.impl.LeaderElection.waitForResults(LeaderElection.java:259)
	at org.apache.ratis.server.impl.LeaderElection.askForVotes(LeaderElection.java:197)
	at org.apache.ratis.server.impl.LeaderElection.run(LeaderElection.java:133)
	at java.lang.Thread.run(Thread.java:748)
Caused by: org.apache.ratis.thirdparty.io.grpc.StatusRuntimeException: UNAVAILABLE: io exception
	at org.apache.ratis.thirdparty.io.grpc.stub.ClientCalls.toStatusRuntimeException(ClientCalls.java:233)
	at org.apache.ratis.thirdparty.io.grpc.stub.ClientCalls.getUnchecked(ClientCalls.java:214)
	at org.apache.ratis.thirdparty.io.grpc.stub.ClientCalls.blockingUnaryCall(ClientCalls.java:139)
	at org.apache.ratis.proto.grpc.RaftServerProtocolServiceGrpc$RaftServerProtocolServiceBlockingStub.requestVote(RaftServerProtocolServiceGrpc.java:265)
	at org.apache.ratis.grpc.server.GrpcServerProtocolClient.requestVote(GrpcServerProtocolClient.java:99)
	at org.apache.ratis.grpc.server.GrpcService.requestVote(GrpcService.java:204)
	at org.apache.ratis.server.impl.LeaderElection.lambda$submitRequests$1(LeaderElection.java:234)
	at java.util.concurrent.FutureTask.run(FutureTask.java:266)
	at java.util.concurrent.Executors$RunnableAdapter.call(Executors.java:511)
	at java.util.concurrent.FutureTask.run(FutureTask.java:266)
	at java.util.concurrent.ThreadPoolExecutor.runWorker(ThreadPoolExecutor.java:1149)
	at java.util.concurrent.ThreadPoolExecutor$Worker.run(ThreadPoolExecutor.java:624)
	... 1 more
Caused by: org.apache.ratis.thirdparty.io.netty.channel.AbstractChannel$AnnotatedConnectException: Connection refused: /192.168.157.242:42362
	at sun.nio.ch.SocketChannelImpl.checkConnect(Native Method)
	at sun.nio.ch.SocketChannelImpl.finishConnect(SocketChannelImpl.java:717)
	at org.apache.ratis.thirdparty.io.netty.channel.socket.nio.NioSocketChannel.doFinishConnect(NioSocketChannel.java:327)
	at org.apache.ratis.thirdparty.io.netty.channel.nio.AbstractNioChannel$AbstractNioUnsafe.finishConnect(AbstractNioChannel.java:340)
	at org.apache.ratis.thirdparty.io.netty.channel.nio.NioEventLoop.processSelectedKey(NioEventLoop.java:632)
	at org.apache.ratis.thirdparty.io.netty.channel.nio.NioEventLoop.processSelectedKeysOptimized(NioEventLoop.java:579)
	at org.apache.ratis.thirdparty.io.netty.channel.nio.NioEventLoop.processSelectedKeys(NioEventLoop.java:496)
	at org.apache.ratis.thirdparty.io.netty.channel.nio.NioEventLoop.run(NioEventLoop.java:458)
	at org.apache.ratis.thirdparty.io.netty.util.concurrent.SingleThreadEventExecutor$5.run(SingleThreadEventExecutor.java:897)
	at org.apache.ratis.thirdparty.io.netty.util.concurrent.FastThreadLocalRunnable.run(FastThreadLocalRunnable.java:30)
	... 1 more
Caused by: java.net.ConnectException: Connection refused
	... 11 more
2019-10-19 01:26:46,931 [grpc-default-executor-4] INFO  impl.RaftServerImpl (RaftServerImpl.java:setRole(184)) - 774c78e1-8dd4-453d-975e-442189a07fe2@group-31C3DC938042: changes role from  FOLLOWER to FOLLOWER at term 156 for recognizeCandidate:8bce6a00-3bba-419d-83ac-b35141b6b559
2019-10-19 01:26:46,931 [grpc-default-executor-4] INFO  impl.RoleInfo (RoleInfo.java:shutdownFollowerState(121)) - 774c78e1-8dd4-453d-975e-442189a07fe2: shutdown FollowerState
2019-10-19 01:26:46,931 [grpc-default-executor-4] INFO  impl.RoleInfo (RoleInfo.java:updateAndGet(143)) - 774c78e1-8dd4-453d-975e-442189a07fe2: start FollowerState
2019-10-19 01:26:46,931 [Thread-1606] INFO  impl.FollowerState (FollowerState.java:run(117)) - 774c78e1-8dd4-453d-975e-442189a07fe2@group-31C3DC938042-FollowerState was interrupted: java.lang.InterruptedException: sleep interrupted
2019-10-19 01:26:46,947 [8bce6a00-3bba-419d-83ac-b35141b6b559@group-31C3DC938042-LeaderElection169] INFO  impl.LeaderElection (LeaderElection.java:logAndReturn(56)) - 8bce6a00-3bba-419d-83ac-b35141b6b559@group-31C3DC938042-LeaderElection169: Election REJECTED; received 1 response(s) [8bce6a00-3bba-419d-83ac-b35141b6b559<-774c78e1-8dd4-453d-975e-442189a07fe2#0:FAIL-t156] and 1 exception(s); 8bce6a00-3bba-419d-83ac-b35141b6b559@group-31C3DC938042:t156, leader=null, voted=8bce6a00-3bba-419d-83ac-b35141b6b559, raftlog=8bce6a00-3bba-419d-83ac-b35141b6b559@group-31C3DC938042-SegmentedRaftLog:OPENED:c-1,f-1,i0, conf=-1: [774c78e1-8dd4-453d-975e-442189a07fe2:192.168.157.242:38712, 7247ad7d-2ca2-4af8-9337-77c07ea89cb3:192.168.157.242:42362, 8bce6a00-3bba-419d-83ac-b35141b6b559:192.168.157.242:37801], old=null
2019-10-19 01:26:46,947 [8bce6a00-3bba-419d-83ac-b35141b6b559@group-31C3DC938042-LeaderElection169] INFO  impl.LeaderElection (LogUtils.java:infoOrTrace(149)) -   Exception 0: {}
java.util.concurrent.ExecutionException: org.apache.ratis.thirdparty.io.grpc.StatusRuntimeException: UNAVAILABLE: io exception
	at java.util.concurrent.FutureTask.report(FutureTask.java:122)
	at java.util.concurrent.FutureTask.get(FutureTask.java:192)
	at org.apache.ratis.server.impl.LeaderElection.waitForResults(LeaderElection.java:259)
	at org.apache.ratis.server.impl.LeaderElection.askForVotes(LeaderElection.java:197)
	at org.apache.ratis.server.impl.LeaderElection.run(LeaderElection.java:133)
	at java.lang.Thread.run(Thread.java:748)
Caused by: org.apache.ratis.thirdparty.io.grpc.StatusRuntimeException: UNAVAILABLE: io exception
	at org.apache.ratis.thirdparty.io.grpc.stub.ClientCalls.toStatusRuntimeException(ClientCalls.java:233)
	at org.apache.ratis.thirdparty.io.grpc.stub.ClientCalls.getUnchecked(ClientCalls.java:214)
	at org.apache.ratis.thirdparty.io.grpc.stub.ClientCalls.blockingUnaryCall(ClientCalls.java:139)
	at org.apache.ratis.proto.grpc.RaftServerProtocolServiceGrpc$RaftServerProtocolServiceBlockingStub.requestVote(RaftServerProtocolServiceGrpc.java:265)
	at org.apache.ratis.grpc.server.GrpcServerProtocolClient.requestVote(GrpcServerProtocolClient.java:99)
	at org.apache.ratis.grpc.server.GrpcService.requestVote(GrpcService.java:204)
	at org.apache.ratis.server.impl.LeaderElection.lambda$submitRequests$1(LeaderElection.java:234)
	at java.util.concurrent.FutureTask.run(FutureTask.java:266)
	at java.util.concurrent.Executors$RunnableAdapter.call(Executors.java:511)
	at java.util.concurrent.FutureTask.run(FutureTask.java:266)
	at java.util.concurrent.ThreadPoolExecutor.runWorker(ThreadPoolExecutor.java:1149)
	at java.util.concurrent.ThreadPoolExecutor$Worker.run(ThreadPoolExecutor.java:624)
	... 1 more
Caused by: org.apache.ratis.thirdparty.io.netty.channel.AbstractChannel$AnnotatedConnectException: Connection refused: /192.168.157.242:42362
	at sun.nio.ch.SocketChannelImpl.checkConnect(Native Method)
	at sun.nio.ch.SocketChannelImpl.finishConnect(SocketChannelImpl.java:717)
	at org.apache.ratis.thirdparty.io.netty.channel.socket.nio.NioSocketChannel.doFinishConnect(NioSocketChannel.java:327)
	at org.apache.ratis.thirdparty.io.netty.channel.nio.AbstractNioChannel$AbstractNioUnsafe.finishConnect(AbstractNioChannel.java:340)
	at org.apache.ratis.thirdparty.io.netty.channel.nio.NioEventLoop.processSelectedKey(NioEventLoop.java:632)
	at org.apache.ratis.thirdparty.io.netty.channel.nio.NioEventLoop.processSelectedKeysOptimized(NioEventLoop.java:579)
	at org.apache.ratis.thirdparty.io.netty.channel.nio.NioEventLoop.processSelectedKeys(NioEventLoop.java:496)
	at org.apache.ratis.thirdparty.io.netty.channel.nio.NioEventLoop.run(NioEventLoop.java:458)
	at org.apache.ratis.thirdparty.io.netty.util.concurrent.SingleThreadEventExecutor$5.run(SingleThreadEventExecutor.java:897)
	at org.apache.ratis.thirdparty.io.netty.util.concurrent.FastThreadLocalRunnable.run(FastThreadLocalRunnable.java:30)
	... 1 more
Caused by: java.net.ConnectException: Connection refused
	... 11 more
2019-10-19 01:26:46,948 [8bce6a00-3bba-419d-83ac-b35141b6b559@group-31C3DC938042-LeaderElection169] INFO  impl.RaftServerImpl (RaftServerImpl.java:setRole(184)) - 8bce6a00-3bba-419d-83ac-b35141b6b559@group-31C3DC938042: changes role from CANDIDATE to FOLLOWER at term 156 for DISCOVERED_A_NEW_TERM
2019-10-19 01:26:46,948 [8bce6a00-3bba-419d-83ac-b35141b6b559@group-31C3DC938042-LeaderElection169] INFO  impl.RoleInfo (RoleInfo.java:shutdownLeaderElection(134)) - 8bce6a00-3bba-419d-83ac-b35141b6b559: shutdown LeaderElection
2019-10-19 01:26:46,948 [8bce6a00-3bba-419d-83ac-b35141b6b559@group-31C3DC938042-LeaderElection169] INFO  impl.RoleInfo (RoleInfo.java:updateAndGet(143)) - 8bce6a00-3bba-419d-83ac-b35141b6b559: start FollowerState
2019-10-19 01:26:47,119 [Thread-1612] INFO  impl.FollowerState (FollowerState.java:run(108)) - 8bce6a00-3bba-419d-83ac-b35141b6b559@group-31C3DC938042-FollowerState: change to CANDIDATE, lastRpcTime:171ms, electionTimeout:171ms
2019-10-19 01:26:47,120 [Thread-1612] INFO  impl.RoleInfo (RoleInfo.java:shutdownFollowerState(121)) - 8bce6a00-3bba-419d-83ac-b35141b6b559: shutdown FollowerState
2019-10-19 01:26:47,120 [Thread-1612] INFO  impl.RaftServerImpl (RaftServerImpl.java:setRole(184)) - 8bce6a00-3bba-419d-83ac-b35141b6b559@group-31C3DC938042: changes role from  FOLLOWER to CANDIDATE at term 156 for changeToCandidate
2019-10-19 01:26:47,120 [Thread-1612] INFO  impl.RoleInfo (RoleInfo.java:updateAndGet(143)) - 8bce6a00-3bba-419d-83ac-b35141b6b559: start LeaderElection
2019-10-19 01:26:47,133 [8bce6a00-3bba-419d-83ac-b35141b6b559@group-31C3DC938042-LeaderElection170] INFO  impl.LeaderElection (LeaderElection.java:askForVotes(178)) - 8bce6a00-3bba-419d-83ac-b35141b6b559@group-31C3DC938042-LeaderElection170: begin an election at term 157 for -1: [774c78e1-8dd4-453d-975e-442189a07fe2:192.168.157.242:38712, 7247ad7d-2ca2-4af8-9337-77c07ea89cb3:192.168.157.242:42362, 8bce6a00-3bba-419d-83ac-b35141b6b559:192.168.157.242:37801], old=null
2019-10-19 01:26:47,134 [8bce6a00-3bba-419d-83ac-b35141b6b559@group-31C3DC938042-LeaderElection170] INFO  impl.LeaderElection (LogUtils.java:infoOrTrace(149)) - 8bce6a00-3bba-419d-83ac-b35141b6b559@group-31C3DC938042-LeaderElection170 got exception when requesting votes: {}
java.util.concurrent.ExecutionException: org.apache.ratis.thirdparty.io.grpc.StatusRuntimeException: UNAVAILABLE: io exception
	at java.util.concurrent.FutureTask.report(FutureTask.java:122)
	at java.util.concurrent.FutureTask.get(FutureTask.java:192)
	at org.apache.ratis.server.impl.LeaderElection.waitForResults(LeaderElection.java:259)
	at org.apache.ratis.server.impl.LeaderElection.askForVotes(LeaderElection.java:197)
	at org.apache.ratis.server.impl.LeaderElection.run(LeaderElection.java:133)
	at java.lang.Thread.run(Thread.java:748)
Caused by: org.apache.ratis.thirdparty.io.grpc.StatusRuntimeException: UNAVAILABLE: io exception
	at org.apache.ratis.thirdparty.io.grpc.stub.ClientCalls.toStatusRuntimeException(ClientCalls.java:233)
	at org.apache.ratis.thirdparty.io.grpc.stub.ClientCalls.getUnchecked(ClientCalls.java:214)
	at org.apache.ratis.thirdparty.io.grpc.stub.ClientCalls.blockingUnaryCall(ClientCalls.java:139)
	at org.apache.ratis.proto.grpc.RaftServerProtocolServiceGrpc$RaftServerProtocolServiceBlockingStub.requestVote(RaftServerProtocolServiceGrpc.java:265)
	at org.apache.ratis.grpc.server.GrpcServerProtocolClient.requestVote(GrpcServerProtocolClient.java:99)
	at org.apache.ratis.grpc.server.GrpcService.requestVote(GrpcService.java:204)
	at org.apache.ratis.server.impl.LeaderElection.lambda$submitRequests$1(LeaderElection.java:234)
	at java.util.concurrent.FutureTask.run(FutureTask.java:266)
	at java.util.concurrent.Executors$RunnableAdapter.call(Executors.java:511)
	at java.util.concurrent.FutureTask.run(FutureTask.java:266)
	at java.util.concurrent.ThreadPoolExecutor.runWorker(ThreadPoolExecutor.java:1149)
	at java.util.concurrent.ThreadPoolExecutor$Worker.run(ThreadPoolExecutor.java:624)
	... 1 more
Caused by: org.apache.ratis.thirdparty.io.netty.channel.AbstractChannel$AnnotatedConnectException: Connection refused: /192.168.157.242:42362
	at sun.nio.ch.SocketChannelImpl.checkConnect(Native Method)
	at sun.nio.ch.SocketChannelImpl.finishConnect(SocketChannelImpl.java:717)
	at org.apache.ratis.thirdparty.io.netty.channel.socket.nio.NioSocketChannel.doFinishConnect(NioSocketChannel.java:327)
	at org.apache.ratis.thirdparty.io.netty.channel.nio.AbstractNioChannel$AbstractNioUnsafe.finishConnect(AbstractNioChannel.java:340)
	at org.apache.ratis.thirdparty.io.netty.channel.nio.NioEventLoop.processSelectedKey(NioEventLoop.java:632)
	at org.apache.ratis.thirdparty.io.netty.channel.nio.NioEventLoop.processSelectedKeysOptimized(NioEventLoop.java:579)
	at org.apache.ratis.thirdparty.io.netty.channel.nio.NioEventLoop.processSelectedKeys(NioEventLoop.java:496)
	at org.apache.ratis.thirdparty.io.netty.channel.nio.NioEventLoop.run(NioEventLoop.java:458)
	at org.apache.ratis.thirdparty.io.netty.util.concurrent.SingleThreadEventExecutor$5.run(SingleThreadEventExecutor.java:897)
	at org.apache.ratis.thirdparty.io.netty.util.concurrent.FastThreadLocalRunnable.run(FastThreadLocalRunnable.java:30)
	... 1 more
Caused by: java.net.ConnectException: Connection refused
	... 11 more
2019-10-19 01:26:47,135 [grpc-default-executor-4] INFO  impl.RaftServerImpl (RaftServerImpl.java:setRole(184)) - 774c78e1-8dd4-453d-975e-442189a07fe2@group-31C3DC938042: changes role from  FOLLOWER to FOLLOWER at term 157 for recognizeCandidate:8bce6a00-3bba-419d-83ac-b35141b6b559
2019-10-19 01:26:47,135 [grpc-default-executor-4] INFO  impl.RoleInfo (RoleInfo.java:shutdownFollowerState(121)) - 774c78e1-8dd4-453d-975e-442189a07fe2: shutdown FollowerState
2019-10-19 01:26:47,135 [grpc-default-executor-4] INFO  impl.RoleInfo (RoleInfo.java:updateAndGet(143)) - 774c78e1-8dd4-453d-975e-442189a07fe2: start FollowerState
2019-10-19 01:26:47,135 [Thread-1611] INFO  impl.FollowerState (FollowerState.java:run(117)) - 774c78e1-8dd4-453d-975e-442189a07fe2@group-31C3DC938042-FollowerState was interrupted: java.lang.InterruptedException: sleep interrupted
2019-10-19 01:26:47,139 [8bce6a00-3bba-419d-83ac-b35141b6b559@group-31C3DC938042-LeaderElection170] INFO  impl.LeaderElection (LeaderElection.java:logAndReturn(56)) - 8bce6a00-3bba-419d-83ac-b35141b6b559@group-31C3DC938042-LeaderElection170: Election REJECTED; received 1 response(s) [8bce6a00-3bba-419d-83ac-b35141b6b559<-774c78e1-8dd4-453d-975e-442189a07fe2#0:FAIL-t157] and 1 exception(s); 8bce6a00-3bba-419d-83ac-b35141b6b559@group-31C3DC938042:t157, leader=null, voted=8bce6a00-3bba-419d-83ac-b35141b6b559, raftlog=8bce6a00-3bba-419d-83ac-b35141b6b559@group-31C3DC938042-SegmentedRaftLog:OPENED:c-1,f-1,i0, conf=-1: [774c78e1-8dd4-453d-975e-442189a07fe2:192.168.157.242:38712, 7247ad7d-2ca2-4af8-9337-77c07ea89cb3:192.168.157.242:42362, 8bce6a00-3bba-419d-83ac-b35141b6b559:192.168.157.242:37801], old=null
2019-10-19 01:26:47,139 [8bce6a00-3bba-419d-83ac-b35141b6b559@group-31C3DC938042-LeaderElection170] INFO  impl.LeaderElection (LogUtils.java:infoOrTrace(149)) -   Exception 0: {}
java.util.concurrent.ExecutionException: org.apache.ratis.thirdparty.io.grpc.StatusRuntimeException: UNAVAILABLE: io exception
	at java.util.concurrent.FutureTask.report(FutureTask.java:122)
	at java.util.concurrent.FutureTask.get(FutureTask.java:192)
	at org.apache.ratis.server.impl.LeaderElection.waitForResults(LeaderElection.java:259)
	at org.apache.ratis.server.impl.LeaderElection.askForVotes(LeaderElection.java:197)
	at org.apache.ratis.server.impl.LeaderElection.run(LeaderElection.java:133)
	at java.lang.Thread.run(Thread.java:748)
Caused by: org.apache.ratis.thirdparty.io.grpc.StatusRuntimeException: UNAVAILABLE: io exception
	at org.apache.ratis.thirdparty.io.grpc.stub.ClientCalls.toStatusRuntimeException(ClientCalls.java:233)
	at org.apache.ratis.thirdparty.io.grpc.stub.ClientCalls.getUnchecked(ClientCalls.java:214)
	at org.apache.ratis.thirdparty.io.grpc.stub.ClientCalls.blockingUnaryCall(ClientCalls.java:139)
	at org.apache.ratis.proto.grpc.RaftServerProtocolServiceGrpc$RaftServerProtocolServiceBlockingStub.requestVote(RaftServerProtocolServiceGrpc.java:265)
	at org.apache.ratis.grpc.server.GrpcServerProtocolClient.requestVote(GrpcServerProtocolClient.java:99)
	at org.apache.ratis.grpc.server.GrpcService.requestVote(GrpcService.java:204)
	at org.apache.ratis.server.impl.LeaderElection.lambda$submitRequests$1(LeaderElection.java:234)
	at java.util.concurrent.FutureTask.run(FutureTask.java:266)
	at java.util.concurrent.Executors$RunnableAdapter.call(Executors.java:511)
	at java.util.concurrent.FutureTask.run(FutureTask.java:266)
	at java.util.concurrent.ThreadPoolExecutor.runWorker(ThreadPoolExecutor.java:1149)
	at java.util.concurrent.ThreadPoolExecutor$Worker.run(ThreadPoolExecutor.java:624)
	... 1 more
Caused by: org.apache.ratis.thirdparty.io.netty.channel.AbstractChannel$AnnotatedConnectException: Connection refused: /192.168.157.242:42362
	at sun.nio.ch.SocketChannelImpl.checkConnect(Native Method)
	at sun.nio.ch.SocketChannelImpl.finishConnect(SocketChannelImpl.java:717)
	at org.apache.ratis.thirdparty.io.netty.channel.socket.nio.NioSocketChannel.doFinishConnect(NioSocketChannel.java:327)
	at org.apache.ratis.thirdparty.io.netty.channel.nio.AbstractNioChannel$AbstractNioUnsafe.finishConnect(AbstractNioChannel.java:340)
	at org.apache.ratis.thirdparty.io.netty.channel.nio.NioEventLoop.processSelectedKey(NioEventLoop.java:632)
	at org.apache.ratis.thirdparty.io.netty.channel.nio.NioEventLoop.processSelectedKeysOptimized(NioEventLoop.java:579)
	at org.apache.ratis.thirdparty.io.netty.channel.nio.NioEventLoop.processSelectedKeys(NioEventLoop.java:496)
	at org.apache.ratis.thirdparty.io.netty.channel.nio.NioEventLoop.run(NioEventLoop.java:458)
	at org.apache.ratis.thirdparty.io.netty.util.concurrent.SingleThreadEventExecutor$5.run(SingleThreadEventExecutor.java:897)
	at org.apache.ratis.thirdparty.io.netty.util.concurrent.FastThreadLocalRunnable.run(FastThreadLocalRunnable.java:30)
	... 1 more
Caused by: java.net.ConnectException: Connection refused
	... 11 more
2019-10-19 01:26:47,140 [8bce6a00-3bba-419d-83ac-b35141b6b559@group-31C3DC938042-LeaderElection170] INFO  impl.RaftServerImpl (RaftServerImpl.java:setRole(184)) - 8bce6a00-3bba-419d-83ac-b35141b6b559@group-31C3DC938042: changes role from CANDIDATE to FOLLOWER at term 157 for DISCOVERED_A_NEW_TERM
2019-10-19 01:26:47,140 [8bce6a00-3bba-419d-83ac-b35141b6b559@group-31C3DC938042-LeaderElection170] INFO  impl.RoleInfo (RoleInfo.java:shutdownLeaderElection(134)) - 8bce6a00-3bba-419d-83ac-b35141b6b559: shutdown LeaderElection
2019-10-19 01:26:47,140 [8bce6a00-3bba-419d-83ac-b35141b6b559@group-31C3DC938042-LeaderElection170] INFO  impl.RoleInfo (RoleInfo.java:updateAndGet(143)) - 8bce6a00-3bba-419d-83ac-b35141b6b559: start FollowerState
2019-10-19 01:26:47,181 [Thread-1617] INFO  impl.FollowerState (FollowerState.java:run(108)) - 8bce6a00-3bba-419d-83ac-b35141b6b559@group-31C3DC938042-FollowerState: change to CANDIDATE, lastRpcTime:41ms, electionTimeout:41ms
2019-10-19 01:26:47,182 [Thread-1617] INFO  impl.RoleInfo (RoleInfo.java:shutdownFollowerState(121)) - 8bce6a00-3bba-419d-83ac-b35141b6b559: shutdown FollowerState
2019-10-19 01:26:47,182 [Thread-1617] INFO  impl.RaftServerImpl (RaftServerImpl.java:setRole(184)) - 8bce6a00-3bba-419d-83ac-b35141b6b559@group-31C3DC938042: changes role from  FOLLOWER to CANDIDATE at term 157 for changeToCandidate
2019-10-19 01:26:47,182 [Thread-1617] INFO  impl.RoleInfo (RoleInfo.java:updateAndGet(143)) - 8bce6a00-3bba-419d-83ac-b35141b6b559: start LeaderElection
2019-10-19 01:26:47,209 [8bce6a00-3bba-419d-83ac-b35141b6b559@group-31C3DC938042-LeaderElection171] INFO  impl.LeaderElection (LeaderElection.java:askForVotes(178)) - 8bce6a00-3bba-419d-83ac-b35141b6b559@group-31C3DC938042-LeaderElection171: begin an election at term 158 for -1: [774c78e1-8dd4-453d-975e-442189a07fe2:192.168.157.242:38712, 7247ad7d-2ca2-4af8-9337-77c07ea89cb3:192.168.157.242:42362, 8bce6a00-3bba-419d-83ac-b35141b6b559:192.168.157.242:37801], old=null
2019-10-19 01:26:47,210 [8bce6a00-3bba-419d-83ac-b35141b6b559@group-31C3DC938042-LeaderElection171] INFO  impl.LeaderElection (LogUtils.java:infoOrTrace(149)) - 8bce6a00-3bba-419d-83ac-b35141b6b559@group-31C3DC938042-LeaderElection171 got exception when requesting votes: {}
java.util.concurrent.ExecutionException: org.apache.ratis.thirdparty.io.grpc.StatusRuntimeException: UNAVAILABLE: io exception
	at java.util.concurrent.FutureTask.report(FutureTask.java:122)
	at java.util.concurrent.FutureTask.get(FutureTask.java:192)
	at org.apache.ratis.server.impl.LeaderElection.waitForResults(LeaderElection.java:259)
	at org.apache.ratis.server.impl.LeaderElection.askForVotes(LeaderElection.java:197)
	at org.apache.ratis.server.impl.LeaderElection.run(LeaderElection.java:133)
	at java.lang.Thread.run(Thread.java:748)
Caused by: org.apache.ratis.thirdparty.io.grpc.StatusRuntimeException: UNAVAILABLE: io exception
	at org.apache.ratis.thirdparty.io.grpc.stub.ClientCalls.toStatusRuntimeException(ClientCalls.java:233)
	at org.apache.ratis.thirdparty.io.grpc.stub.ClientCalls.getUnchecked(ClientCalls.java:214)
	at org.apache.ratis.thirdparty.io.grpc.stub.ClientCalls.blockingUnaryCall(ClientCalls.java:139)
	at org.apache.ratis.proto.grpc.RaftServerProtocolServiceGrpc$RaftServerProtocolServiceBlockingStub.requestVote(RaftServerProtocolServiceGrpc.java:265)
	at org.apache.ratis.grpc.server.GrpcServerProtocolClient.requestVote(GrpcServerProtocolClient.java:99)
	at org.apache.ratis.grpc.server.GrpcService.requestVote(GrpcService.java:204)
	at org.apache.ratis.server.impl.LeaderElection.lambda$submitRequests$1(LeaderElection.java:234)
	at java.util.concurrent.FutureTask.run(FutureTask.java:266)
	at java.util.concurrent.Executors$RunnableAdapter.call(Executors.java:511)
	at java.util.concurrent.FutureTask.run(FutureTask.java:266)
	at java.util.concurrent.ThreadPoolExecutor.runWorker(ThreadPoolExecutor.java:1149)
	at java.util.concurrent.ThreadPoolExecutor$Worker.run(ThreadPoolExecutor.java:624)
	... 1 more
Caused by: org.apache.ratis.thirdparty.io.netty.channel.AbstractChannel$AnnotatedConnectException: Connection refused: /192.168.157.242:42362
	at sun.nio.ch.SocketChannelImpl.checkConnect(Native Method)
	at sun.nio.ch.SocketChannelImpl.finishConnect(SocketChannelImpl.java:717)
	at org.apache.ratis.thirdparty.io.netty.channel.socket.nio.NioSocketChannel.doFinishConnect(NioSocketChannel.java:327)
	at org.apache.ratis.thirdparty.io.netty.channel.nio.AbstractNioChannel$AbstractNioUnsafe.finishConnect(AbstractNioChannel.java:340)
	at org.apache.ratis.thirdparty.io.netty.channel.nio.NioEventLoop.processSelectedKey(NioEventLoop.java:632)
	at org.apache.ratis.thirdparty.io.netty.channel.nio.NioEventLoop.processSelectedKeysOptimized(NioEventLoop.java:579)
	at org.apache.ratis.thirdparty.io.netty.channel.nio.NioEventLoop.processSelectedKeys(NioEventLoop.java:496)
	at org.apache.ratis.thirdparty.io.netty.channel.nio.NioEventLoop.run(NioEventLoop.java:458)
	at org.apache.ratis.thirdparty.io.netty.util.concurrent.SingleThreadEventExecutor$5.run(SingleThreadEventExecutor.java:897)
	at org.apache.ratis.thirdparty.io.netty.util.concurrent.FastThreadLocalRunnable.run(FastThreadLocalRunnable.java:30)
	... 1 more
Caused by: java.net.ConnectException: Connection refused
	... 11 more
2019-10-19 01:26:47,210 [grpc-default-executor-4] INFO  impl.RaftServerImpl (RaftServerImpl.java:setRole(184)) - 774c78e1-8dd4-453d-975e-442189a07fe2@group-31C3DC938042: changes role from  FOLLOWER to FOLLOWER at term 158 for recognizeCandidate:8bce6a00-3bba-419d-83ac-b35141b6b559
2019-10-19 01:26:47,211 [grpc-default-executor-4] INFO  impl.RoleInfo (RoleInfo.java:shutdownFollowerState(121)) - 774c78e1-8dd4-453d-975e-442189a07fe2: shutdown FollowerState
2019-10-19 01:26:47,211 [grpc-default-executor-4] INFO  impl.RoleInfo (RoleInfo.java:updateAndGet(143)) - 774c78e1-8dd4-453d-975e-442189a07fe2: start FollowerState
2019-10-19 01:26:47,211 [Thread-1616] INFO  impl.FollowerState (FollowerState.java:run(117)) - 774c78e1-8dd4-453d-975e-442189a07fe2@group-31C3DC938042-FollowerState was interrupted: java.lang.InterruptedException: sleep interrupted
2019-10-19 01:26:47,224 [8bce6a00-3bba-419d-83ac-b35141b6b559@group-31C3DC938042-LeaderElection171] INFO  impl.LeaderElection (LeaderElection.java:logAndReturn(56)) - 8bce6a00-3bba-419d-83ac-b35141b6b559@group-31C3DC938042-LeaderElection171: Election REJECTED; received 1 response(s) [8bce6a00-3bba-419d-83ac-b35141b6b559<-774c78e1-8dd4-453d-975e-442189a07fe2#0:FAIL-t158] and 1 exception(s); 8bce6a00-3bba-419d-83ac-b35141b6b559@group-31C3DC938042:t158, leader=null, voted=8bce6a00-3bba-419d-83ac-b35141b6b559, raftlog=8bce6a00-3bba-419d-83ac-b35141b6b559@group-31C3DC938042-SegmentedRaftLog:OPENED:c-1,f-1,i0, conf=-1: [774c78e1-8dd4-453d-975e-442189a07fe2:192.168.157.242:38712, 7247ad7d-2ca2-4af8-9337-77c07ea89cb3:192.168.157.242:42362, 8bce6a00-3bba-419d-83ac-b35141b6b559:192.168.157.242:37801], old=null
2019-10-19 01:26:47,224 [8bce6a00-3bba-419d-83ac-b35141b6b559@group-31C3DC938042-LeaderElection171] INFO  impl.LeaderElection (LogUtils.java:infoOrTrace(149)) -   Exception 0: {}
java.util.concurrent.ExecutionException: org.apache.ratis.thirdparty.io.grpc.StatusRuntimeException: UNAVAILABLE: io exception
	at java.util.concurrent.FutureTask.report(FutureTask.java:122)
	at java.util.concurrent.FutureTask.get(FutureTask.java:192)
	at org.apache.ratis.server.impl.LeaderElection.waitForResults(LeaderElection.java:259)
	at org.apache.ratis.server.impl.LeaderElection.askForVotes(LeaderElection.java:197)
	at org.apache.ratis.server.impl.LeaderElection.run(LeaderElection.java:133)
	at java.lang.Thread.run(Thread.java:748)
Caused by: org.apache.ratis.thirdparty.io.grpc.StatusRuntimeException: UNAVAILABLE: io exception
	at org.apache.ratis.thirdparty.io.grpc.stub.ClientCalls.toStatusRuntimeException(ClientCalls.java:233)
	at org.apache.ratis.thirdparty.io.grpc.stub.ClientCalls.getUnchecked(ClientCalls.java:214)
	at org.apache.ratis.thirdparty.io.grpc.stub.ClientCalls.blockingUnaryCall(ClientCalls.java:139)
	at org.apache.ratis.proto.grpc.RaftServerProtocolServiceGrpc$RaftServerProtocolServiceBlockingStub.requestVote(RaftServerProtocolServiceGrpc.java:265)
	at org.apache.ratis.grpc.server.GrpcServerProtocolClient.requestVote(GrpcServerProtocolClient.java:99)
	at org.apache.ratis.grpc.server.GrpcService.requestVote(GrpcService.java:204)
	at org.apache.ratis.server.impl.LeaderElection.lambda$submitRequests$1(LeaderElection.java:234)
	at java.util.concurrent.FutureTask.run(FutureTask.java:266)
	at java.util.concurrent.Executors$RunnableAdapter.call(Executors.java:511)
	at java.util.concurrent.FutureTask.run(FutureTask.java:266)
	at java.util.concurrent.ThreadPoolExecutor.runWorker(ThreadPoolExecutor.java:1149)
	at java.util.concurrent.ThreadPoolExecutor$Worker.run(ThreadPoolExecutor.java:624)
	... 1 more
Caused by: org.apache.ratis.thirdparty.io.netty.channel.AbstractChannel$AnnotatedConnectException: Connection refused: /192.168.157.242:42362
	at sun.nio.ch.SocketChannelImpl.checkConnect(Native Method)
	at sun.nio.ch.SocketChannelImpl.finishConnect(SocketChannelImpl.java:717)
	at org.apache.ratis.thirdparty.io.netty.channel.socket.nio.NioSocketChannel.doFinishConnect(NioSocketChannel.java:327)
	at org.apache.ratis.thirdparty.io.netty.channel.nio.AbstractNioChannel$AbstractNioUnsafe.finishConnect(AbstractNioChannel.java:340)
	at org.apache.ratis.thirdparty.io.netty.channel.nio.NioEventLoop.processSelectedKey(NioEventLoop.java:632)
	at org.apache.ratis.thirdparty.io.netty.channel.nio.NioEventLoop.processSelectedKeysOptimized(NioEventLoop.java:579)
	at org.apache.ratis.thirdparty.io.netty.channel.nio.NioEventLoop.processSelectedKeys(NioEventLoop.java:496)
	at org.apache.ratis.thirdparty.io.netty.channel.nio.NioEventLoop.run(NioEventLoop.java:458)
	at org.apache.ratis.thirdparty.io.netty.util.concurrent.SingleThreadEventExecutor$5.run(SingleThreadEventExecutor.java:897)
	at org.apache.ratis.thirdparty.io.netty.util.concurrent.FastThreadLocalRunnable.run(FastThreadLocalRunnable.java:30)
	... 1 more
Caused by: java.net.ConnectException: Connection refused
	... 11 more
2019-10-19 01:26:47,225 [8bce6a00-3bba-419d-83ac-b35141b6b559@group-31C3DC938042-LeaderElection171] INFO  impl.RaftServerImpl (RaftServerImpl.java:setRole(184)) - 8bce6a00-3bba-419d-83ac-b35141b6b559@group-31C3DC938042: changes role from CANDIDATE to FOLLOWER at term 158 for DISCOVERED_A_NEW_TERM
2019-10-19 01:26:47,225 [8bce6a00-3bba-419d-83ac-b35141b6b559@group-31C3DC938042-LeaderElection171] INFO  impl.RoleInfo (RoleInfo.java:shutdownLeaderElection(134)) - 8bce6a00-3bba-419d-83ac-b35141b6b559: shutdown LeaderElection
2019-10-19 01:26:47,225 [8bce6a00-3bba-419d-83ac-b35141b6b559@group-31C3DC938042-LeaderElection171] INFO  impl.RoleInfo (RoleInfo.java:updateAndGet(143)) - 8bce6a00-3bba-419d-83ac-b35141b6b559: start FollowerState
2019-10-19 01:26:47,400 [Thread-1623] INFO  impl.FollowerState (FollowerState.java:run(108)) - 8bce6a00-3bba-419d-83ac-b35141b6b559@group-31C3DC938042-FollowerState: change to CANDIDATE, lastRpcTime:175ms, electionTimeout:175ms
2019-10-19 01:26:47,400 [Thread-1623] INFO  impl.RoleInfo (RoleInfo.java:shutdownFollowerState(121)) - 8bce6a00-3bba-419d-83ac-b35141b6b559: shutdown FollowerState
2019-10-19 01:26:47,401 [Thread-1623] INFO  impl.RaftServerImpl (RaftServerImpl.java:setRole(184)) - 8bce6a00-3bba-419d-83ac-b35141b6b559@group-31C3DC938042: changes role from  FOLLOWER to CANDIDATE at term 158 for changeToCandidate
2019-10-19 01:26:47,401 [Thread-1623] INFO  impl.RoleInfo (RoleInfo.java:updateAndGet(143)) - 8bce6a00-3bba-419d-83ac-b35141b6b559: start LeaderElection
2019-10-19 01:26:47,422 [8bce6a00-3bba-419d-83ac-b35141b6b559@group-31C3DC938042-LeaderElection172] INFO  impl.LeaderElection (LeaderElection.java:askForVotes(178)) - 8bce6a00-3bba-419d-83ac-b35141b6b559@group-31C3DC938042-LeaderElection172: begin an election at term 159 for -1: [774c78e1-8dd4-453d-975e-442189a07fe2:192.168.157.242:38712, 7247ad7d-2ca2-4af8-9337-77c07ea89cb3:192.168.157.242:42362, 8bce6a00-3bba-419d-83ac-b35141b6b559:192.168.157.242:37801], old=null
2019-10-19 01:26:47,423 [8bce6a00-3bba-419d-83ac-b35141b6b559@group-31C3DC938042-LeaderElection172] INFO  impl.LeaderElection (LogUtils.java:infoOrTrace(149)) - 8bce6a00-3bba-419d-83ac-b35141b6b559@group-31C3DC938042-LeaderElection172 got exception when requesting votes: {}
java.util.concurrent.ExecutionException: org.apache.ratis.thirdparty.io.grpc.StatusRuntimeException: UNAVAILABLE: io exception
	at java.util.concurrent.FutureTask.report(FutureTask.java:122)
	at java.util.concurrent.FutureTask.get(FutureTask.java:192)
	at org.apache.ratis.server.impl.LeaderElection.waitForResults(LeaderElection.java:259)
	at org.apache.ratis.server.impl.LeaderElection.askForVotes(LeaderElection.java:197)
	at org.apache.ratis.server.impl.LeaderElection.run(LeaderElection.java:133)
	at java.lang.Thread.run(Thread.java:748)
Caused by: org.apache.ratis.thirdparty.io.grpc.StatusRuntimeException: UNAVAILABLE: io exception
	at org.apache.ratis.thirdparty.io.grpc.stub.ClientCalls.toStatusRuntimeException(ClientCalls.java:233)
	at org.apache.ratis.thirdparty.io.grpc.stub.ClientCalls.getUnchecked(ClientCalls.java:214)
	at org.apache.ratis.thirdparty.io.grpc.stub.ClientCalls.blockingUnaryCall(ClientCalls.java:139)
	at org.apache.ratis.proto.grpc.RaftServerProtocolServiceGrpc$RaftServerProtocolServiceBlockingStub.requestVote(RaftServerProtocolServiceGrpc.java:265)
	at org.apache.ratis.grpc.server.GrpcServerProtocolClient.requestVote(GrpcServerProtocolClient.java:99)
	at org.apache.ratis.grpc.server.GrpcService.requestVote(GrpcService.java:204)
	at org.apache.ratis.server.impl.LeaderElection.lambda$submitRequests$1(LeaderElection.java:234)
	at java.util.concurrent.FutureTask.run(FutureTask.java:266)
	at java.util.concurrent.Executors$RunnableAdapter.call(Executors.java:511)
	at java.util.concurrent.FutureTask.run(FutureTask.java:266)
	at java.util.concurrent.ThreadPoolExecutor.runWorker(ThreadPoolExecutor.java:1149)
	at java.util.concurrent.ThreadPoolExecutor$Worker.run(ThreadPoolExecutor.java:624)
	... 1 more
Caused by: org.apache.ratis.thirdparty.io.netty.channel.AbstractChannel$AnnotatedConnectException: Connection refused: /192.168.157.242:42362
	at sun.nio.ch.SocketChannelImpl.checkConnect(Native Method)
	at sun.nio.ch.SocketChannelImpl.finishConnect(SocketChannelImpl.java:717)
	at org.apache.ratis.thirdparty.io.netty.channel.socket.nio.NioSocketChannel.doFinishConnect(NioSocketChannel.java:327)
	at org.apache.ratis.thirdparty.io.netty.channel.nio.AbstractNioChannel$AbstractNioUnsafe.finishConnect(AbstractNioChannel.java:340)
	at org.apache.ratis.thirdparty.io.netty.channel.nio.NioEventLoop.processSelectedKey(NioEventLoop.java:632)
	at org.apache.ratis.thirdparty.io.netty.channel.nio.NioEventLoop.processSelectedKeysOptimized(NioEventLoop.java:579)
	at org.apache.ratis.thirdparty.io.netty.channel.nio.NioEventLoop.processSelectedKeys(NioEventLoop.java:496)
	at org.apache.ratis.thirdparty.io.netty.channel.nio.NioEventLoop.run(NioEventLoop.java:458)
	at org.apache.ratis.thirdparty.io.netty.util.concurrent.SingleThreadEventExecutor$5.run(SingleThreadEventExecutor.java:897)
	at org.apache.ratis.thirdparty.io.netty.util.concurrent.FastThreadLocalRunnable.run(FastThreadLocalRunnable.java:30)
	... 1 more
Caused by: java.net.ConnectException: Connection refused
	... 11 more
2019-10-19 01:26:47,424 [grpc-default-executor-4] INFO  impl.RaftServerImpl (RaftServerImpl.java:setRole(184)) - 774c78e1-8dd4-453d-975e-442189a07fe2@group-31C3DC938042: changes role from  FOLLOWER to FOLLOWER at term 159 for recognizeCandidate:8bce6a00-3bba-419d-83ac-b35141b6b559
2019-10-19 01:26:47,424 [grpc-default-executor-4] INFO  impl.RoleInfo (RoleInfo.java:shutdownFollowerState(121)) - 774c78e1-8dd4-453d-975e-442189a07fe2: shutdown FollowerState
2019-10-19 01:26:47,424 [grpc-default-executor-4] INFO  impl.RoleInfo (RoleInfo.java:updateAndGet(143)) - 774c78e1-8dd4-453d-975e-442189a07fe2: start FollowerState
2019-10-19 01:26:47,425 [Thread-1622] INFO  impl.FollowerState (FollowerState.java:run(117)) - 774c78e1-8dd4-453d-975e-442189a07fe2@group-31C3DC938042-FollowerState was interrupted: java.lang.InterruptedException: sleep interrupted
2019-10-19 01:26:47,461 [8bce6a00-3bba-419d-83ac-b35141b6b559@group-31C3DC938042-LeaderElection172] INFO  impl.LeaderElection (LeaderElection.java:logAndReturn(56)) - 8bce6a00-3bba-419d-83ac-b35141b6b559@group-31C3DC938042-LeaderElection172: Election REJECTED; received 1 response(s) [8bce6a00-3bba-419d-83ac-b35141b6b559<-774c78e1-8dd4-453d-975e-442189a07fe2#0:FAIL-t159] and 1 exception(s); 8bce6a00-3bba-419d-83ac-b35141b6b559@group-31C3DC938042:t159, leader=null, voted=8bce6a00-3bba-419d-83ac-b35141b6b559, raftlog=8bce6a00-3bba-419d-83ac-b35141b6b559@group-31C3DC938042-SegmentedRaftLog:OPENED:c-1,f-1,i0, conf=-1: [774c78e1-8dd4-453d-975e-442189a07fe2:192.168.157.242:38712, 7247ad7d-2ca2-4af8-9337-77c07ea89cb3:192.168.157.242:42362, 8bce6a00-3bba-419d-83ac-b35141b6b559:192.168.157.242:37801], old=null
2019-10-19 01:26:47,461 [8bce6a00-3bba-419d-83ac-b35141b6b559@group-31C3DC938042-LeaderElection172] INFO  impl.LeaderElection (LogUtils.java:infoOrTrace(149)) -   Exception 0: {}
java.util.concurrent.ExecutionException: org.apache.ratis.thirdparty.io.grpc.StatusRuntimeException: UNAVAILABLE: io exception
	at java.util.concurrent.FutureTask.report(FutureTask.java:122)
	at java.util.concurrent.FutureTask.get(FutureTask.java:192)
	at org.apache.ratis.server.impl.LeaderElection.waitForResults(LeaderElection.java:259)
	at org.apache.ratis.server.impl.LeaderElection.askForVotes(LeaderElection.java:197)
	at org.apache.ratis.server.impl.LeaderElection.run(LeaderElection.java:133)
	at java.lang.Thread.run(Thread.java:748)
Caused by: org.apache.ratis.thirdparty.io.grpc.StatusRuntimeException: UNAVAILABLE: io exception
	at org.apache.ratis.thirdparty.io.grpc.stub.ClientCalls.toStatusRuntimeException(ClientCalls.java:233)
	at org.apache.ratis.thirdparty.io.grpc.stub.ClientCalls.getUnchecked(ClientCalls.java:214)
	at org.apache.ratis.thirdparty.io.grpc.stub.ClientCalls.blockingUnaryCall(ClientCalls.java:139)
	at org.apache.ratis.proto.grpc.RaftServerProtocolServiceGrpc$RaftServerProtocolServiceBlockingStub.requestVote(RaftServerProtocolServiceGrpc.java:265)
	at org.apache.ratis.grpc.server.GrpcServerProtocolClient.requestVote(GrpcServerProtocolClient.java:99)
	at org.apache.ratis.grpc.server.GrpcService.requestVote(GrpcService.java:204)
	at org.apache.ratis.server.impl.LeaderElection.lambda$submitRequests$1(LeaderElection.java:234)
	at java.util.concurrent.FutureTask.run(FutureTask.java:266)
	at java.util.concurrent.Executors$RunnableAdapter.call(Executors.java:511)
	at java.util.concurrent.FutureTask.run(FutureTask.java:266)
	at java.util.concurrent.ThreadPoolExecutor.runWorker(ThreadPoolExecutor.java:1149)
	at java.util.concurrent.ThreadPoolExecutor$Worker.run(ThreadPoolExecutor.java:624)
	... 1 more
Caused by: org.apache.ratis.thirdparty.io.netty.channel.AbstractChannel$AnnotatedConnectException: Connection refused: /192.168.157.242:42362
	at sun.nio.ch.SocketChannelImpl.checkConnect(Native Method)
	at sun.nio.ch.SocketChannelImpl.finishConnect(SocketChannelImpl.java:717)
	at org.apache.ratis.thirdparty.io.netty.channel.socket.nio.NioSocketChannel.doFinishConnect(NioSocketChannel.java:327)
	at org.apache.ratis.thirdparty.io.netty.channel.nio.AbstractNioChannel$AbstractNioUnsafe.finishConnect(AbstractNioChannel.java:340)
	at org.apache.ratis.thirdparty.io.netty.channel.nio.NioEventLoop.processSelectedKey(NioEventLoop.java:632)
	at org.apache.ratis.thirdparty.io.netty.channel.nio.NioEventLoop.processSelectedKeysOptimized(NioEventLoop.java:579)
	at org.apache.ratis.thirdparty.io.netty.channel.nio.NioEventLoop.processSelectedKeys(NioEventLoop.java:496)
	at org.apache.ratis.thirdparty.io.netty.channel.nio.NioEventLoop.run(NioEventLoop.java:458)
	at org.apache.ratis.thirdparty.io.netty.util.concurrent.SingleThreadEventExecutor$5.run(SingleThreadEventExecutor.java:897)
	at org.apache.ratis.thirdparty.io.netty.util.concurrent.FastThreadLocalRunnable.run(FastThreadLocalRunnable.java:30)
	... 1 more
Caused by: java.net.ConnectException: Connection refused
	... 11 more
2019-10-19 01:26:47,461 [8bce6a00-3bba-419d-83ac-b35141b6b559@group-31C3DC938042-LeaderElection172] INFO  impl.RaftServerImpl (RaftServerImpl.java:setRole(184)) - 8bce6a00-3bba-419d-83ac-b35141b6b559@group-31C3DC938042: changes role from CANDIDATE to FOLLOWER at term 159 for DISCOVERED_A_NEW_TERM
2019-10-19 01:26:47,461 [8bce6a00-3bba-419d-83ac-b35141b6b559@group-31C3DC938042-LeaderElection172] INFO  impl.RoleInfo (RoleInfo.java:shutdownLeaderElection(134)) - 8bce6a00-3bba-419d-83ac-b35141b6b559: shutdown LeaderElection
2019-10-19 01:26:47,462 [8bce6a00-3bba-419d-83ac-b35141b6b559@group-31C3DC938042-LeaderElection172] INFO  impl.RoleInfo (RoleInfo.java:updateAndGet(143)) - 8bce6a00-3bba-419d-83ac-b35141b6b559: start FollowerState
2019-10-19 01:26:47,560 [Thread-495] INFO  impl.FollowerState (FollowerState.java:run(108)) - a47f4692-6292-482b-87e1-943728217a13@group-12F62FEB2D83-FollowerState: change to CANDIDATE, lastRpcTime:1118ms, electionTimeout:1023ms
2019-10-19 01:26:47,561 [Thread-495] INFO  impl.RoleInfo (RoleInfo.java:shutdownFollowerState(121)) - a47f4692-6292-482b-87e1-943728217a13: shutdown FollowerState
2019-10-19 01:26:47,561 [Thread-495] INFO  impl.RaftServerImpl (RaftServerImpl.java:setRole(184)) - a47f4692-6292-482b-87e1-943728217a13@group-12F62FEB2D83: changes role from  FOLLOWER to CANDIDATE at term 10 for changeToCandidate
2019-10-19 01:26:47,561 [Thread-495] INFO  impl.RoleInfo (RoleInfo.java:updateAndGet(143)) - a47f4692-6292-482b-87e1-943728217a13: start LeaderElection
2019-10-19 01:26:47,561 [a47f4692-6292-482b-87e1-943728217a13@group-12F62FEB2D83-LeaderElection173] INFO  impl.RaftServerImpl (ServerState.java:setLeader(256)) - a47f4692-6292-482b-87e1-943728217a13@group-12F62FEB2D83: change Leader from 7bdff0e9-7b76-4a2e-87b8-7520d2e34914 to null at term 10 for initElection
2019-10-19 01:26:47,571 [a47f4692-6292-482b-87e1-943728217a13@group-12F62FEB2D83-LeaderElection173] INFO  impl.LeaderElection (LeaderElection.java:askForVotes(178)) - a47f4692-6292-482b-87e1-943728217a13@group-12F62FEB2D83-LeaderElection173: begin an election at term 11 for 0: [7bdff0e9-7b76-4a2e-87b8-7520d2e34914:192.168.157.242:33030, df8ea49b-ef0b-40b0-a5d0-e4c136909b6f:192.168.157.242:40644, a47f4692-6292-482b-87e1-943728217a13:192.168.157.242:34977], old=null
2019-10-19 01:26:47,573 [a47f4692-6292-482b-87e1-943728217a13@group-12F62FEB2D83-LeaderElection173] INFO  impl.LeaderElection (LogUtils.java:infoOrTrace(149)) - a47f4692-6292-482b-87e1-943728217a13@group-12F62FEB2D83-LeaderElection173 got exception when requesting votes: {}
java.util.concurrent.ExecutionException: org.apache.ratis.thirdparty.io.grpc.StatusRuntimeException: UNAVAILABLE: io exception
	at java.util.concurrent.FutureTask.report(FutureTask.java:122)
	at java.util.concurrent.FutureTask.get(FutureTask.java:192)
	at org.apache.ratis.server.impl.LeaderElection.waitForResults(LeaderElection.java:259)
	at org.apache.ratis.server.impl.LeaderElection.askForVotes(LeaderElection.java:197)
	at org.apache.ratis.server.impl.LeaderElection.run(LeaderElection.java:133)
	at java.lang.Thread.run(Thread.java:748)
Caused by: org.apache.ratis.thirdparty.io.grpc.StatusRuntimeException: UNAVAILABLE: io exception
	at org.apache.ratis.thirdparty.io.grpc.stub.ClientCalls.toStatusRuntimeException(ClientCalls.java:233)
	at org.apache.ratis.thirdparty.io.grpc.stub.ClientCalls.getUnchecked(ClientCalls.java:214)
	at org.apache.ratis.thirdparty.io.grpc.stub.ClientCalls.blockingUnaryCall(ClientCalls.java:139)
	at org.apache.ratis.proto.grpc.RaftServerProtocolServiceGrpc$RaftServerProtocolServiceBlockingStub.requestVote(RaftServerProtocolServiceGrpc.java:265)
	at org.apache.ratis.grpc.server.GrpcServerProtocolClient.requestVote(GrpcServerProtocolClient.java:99)
	at org.apache.ratis.grpc.server.GrpcService.requestVote(GrpcService.java:204)
	at org.apache.ratis.server.impl.LeaderElection.lambda$submitRequests$1(LeaderElection.java:234)
	at java.util.concurrent.FutureTask.run(FutureTask.java:266)
	at java.util.concurrent.Executors$RunnableAdapter.call(Executors.java:511)
	at java.util.concurrent.FutureTask.run(FutureTask.java:266)
	at java.util.concurrent.ThreadPoolExecutor.runWorker(ThreadPoolExecutor.java:1149)
	at java.util.concurrent.ThreadPoolExecutor$Worker.run(ThreadPoolExecutor.java:624)
	... 1 more
Caused by: org.apache.ratis.thirdparty.io.netty.channel.AbstractChannel$AnnotatedConnectException: Connection refused: /192.168.157.242:33030
	at sun.nio.ch.SocketChannelImpl.checkConnect(Native Method)
	at sun.nio.ch.SocketChannelImpl.finishConnect(SocketChannelImpl.java:717)
	at org.apache.ratis.thirdparty.io.netty.channel.socket.nio.NioSocketChannel.doFinishConnect(NioSocketChannel.java:327)
	at org.apache.ratis.thirdparty.io.netty.channel.nio.AbstractNioChannel$AbstractNioUnsafe.finishConnect(AbstractNioChannel.java:340)
	at org.apache.ratis.thirdparty.io.netty.channel.nio.NioEventLoop.processSelectedKey(NioEventLoop.java:632)
	at org.apache.ratis.thirdparty.io.netty.channel.nio.NioEventLoop.processSelectedKeysOptimized(NioEventLoop.java:579)
	at org.apache.ratis.thirdparty.io.netty.channel.nio.NioEventLoop.processSelectedKeys(NioEventLoop.java:496)
	at org.apache.ratis.thirdparty.io.netty.channel.nio.NioEventLoop.run(NioEventLoop.java:458)
	at org.apache.ratis.thirdparty.io.netty.util.concurrent.SingleThreadEventExecutor$5.run(SingleThreadEventExecutor.java:897)
	at org.apache.ratis.thirdparty.io.netty.util.concurrent.FastThreadLocalRunnable.run(FastThreadLocalRunnable.java:30)
	... 1 more
Caused by: java.net.ConnectException: Connection refused
	... 11 more
2019-10-19 01:26:47,574 [a47f4692-6292-482b-87e1-943728217a13@group-12F62FEB2D83-LeaderElection173] INFO  impl.LeaderElection (LogUtils.java:infoOrTrace(149)) - a47f4692-6292-482b-87e1-943728217a13@group-12F62FEB2D83-LeaderElection173 got exception when requesting votes: {}
java.util.concurrent.ExecutionException: org.apache.ratis.thirdparty.io.grpc.StatusRuntimeException: UNAVAILABLE: io exception
	at java.util.concurrent.FutureTask.report(FutureTask.java:122)
	at java.util.concurrent.FutureTask.get(FutureTask.java:192)
	at org.apache.ratis.server.impl.LeaderElection.waitForResults(LeaderElection.java:259)
	at org.apache.ratis.server.impl.LeaderElection.askForVotes(LeaderElection.java:197)
	at org.apache.ratis.server.impl.LeaderElection.run(LeaderElection.java:133)
	at java.lang.Thread.run(Thread.java:748)
Caused by: org.apache.ratis.thirdparty.io.grpc.StatusRuntimeException: UNAVAILABLE: io exception
	at org.apache.ratis.thirdparty.io.grpc.stub.ClientCalls.toStatusRuntimeException(ClientCalls.java:233)
	at org.apache.ratis.thirdparty.io.grpc.stub.ClientCalls.getUnchecked(ClientCalls.java:214)
	at org.apache.ratis.thirdparty.io.grpc.stub.ClientCalls.blockingUnaryCall(ClientCalls.java:139)
	at org.apache.ratis.proto.grpc.RaftServerProtocolServiceGrpc$RaftServerProtocolServiceBlockingStub.requestVote(RaftServerProtocolServiceGrpc.java:265)
	at org.apache.ratis.grpc.server.GrpcServerProtocolClient.requestVote(GrpcServerProtocolClient.java:99)
	at org.apache.ratis.grpc.server.GrpcService.requestVote(GrpcService.java:204)
	at org.apache.ratis.server.impl.LeaderElection.lambda$submitRequests$1(LeaderElection.java:234)
	at java.util.concurrent.FutureTask.run(FutureTask.java:266)
	at java.util.concurrent.Executors$RunnableAdapter.call(Executors.java:511)
	at java.util.concurrent.FutureTask.run(FutureTask.java:266)
	at java.util.concurrent.ThreadPoolExecutor.runWorker(ThreadPoolExecutor.java:1149)
	at java.util.concurrent.ThreadPoolExecutor$Worker.run(ThreadPoolExecutor.java:624)
	... 1 more
Caused by: org.apache.ratis.thirdparty.io.netty.channel.AbstractChannel$AnnotatedConnectException: Connection refused: /192.168.157.242:40644
	at sun.nio.ch.SocketChannelImpl.checkConnect(Native Method)
	at sun.nio.ch.SocketChannelImpl.finishConnect(SocketChannelImpl.java:717)
	at org.apache.ratis.thirdparty.io.netty.channel.socket.nio.NioSocketChannel.doFinishConnect(NioSocketChannel.java:327)
	at org.apache.ratis.thirdparty.io.netty.channel.nio.AbstractNioChannel$AbstractNioUnsafe.finishConnect(AbstractNioChannel.java:340)
	at org.apache.ratis.thirdparty.io.netty.channel.nio.NioEventLoop.processSelectedKey(NioEventLoop.java:632)
	at org.apache.ratis.thirdparty.io.netty.channel.nio.NioEventLoop.processSelectedKeysOptimized(NioEventLoop.java:579)
	at org.apache.ratis.thirdparty.io.netty.channel.nio.NioEventLoop.processSelectedKeys(NioEventLoop.java:496)
	at org.apache.ratis.thirdparty.io.netty.channel.nio.NioEventLoop.run(NioEventLoop.java:458)
	at org.apache.ratis.thirdparty.io.netty.util.concurrent.SingleThreadEventExecutor$5.run(SingleThreadEventExecutor.java:897)
	at org.apache.ratis.thirdparty.io.netty.util.concurrent.FastThreadLocalRunnable.run(FastThreadLocalRunnable.java:30)
	... 1 more
Caused by: java.net.ConnectException: Connection refused
	... 11 more
2019-10-19 01:26:47,574 [a47f4692-6292-482b-87e1-943728217a13@group-12F62FEB2D83-LeaderElection173] INFO  impl.LeaderElection (LeaderElection.java:logAndReturn(56)) - a47f4692-6292-482b-87e1-943728217a13@group-12F62FEB2D83-LeaderElection173: Election REJECTED; received 0 response(s) [] and 2 exception(s); a47f4692-6292-482b-87e1-943728217a13@group-12F62FEB2D83:t11, leader=null, voted=a47f4692-6292-482b-87e1-943728217a13, raftlog=a47f4692-6292-482b-87e1-943728217a13@group-12F62FEB2D83-SegmentedRaftLog:OPENED:c4,f4,i4, conf=0: [7bdff0e9-7b76-4a2e-87b8-7520d2e34914:192.168.157.242:33030, df8ea49b-ef0b-40b0-a5d0-e4c136909b6f:192.168.157.242:40644, a47f4692-6292-482b-87e1-943728217a13:192.168.157.242:34977], old=null
2019-10-19 01:26:47,574 [a47f4692-6292-482b-87e1-943728217a13@group-12F62FEB2D83-LeaderElection173] INFO  impl.LeaderElection (LogUtils.java:infoOrTrace(149)) -   Exception 0: {}
java.util.concurrent.ExecutionException: org.apache.ratis.thirdparty.io.grpc.StatusRuntimeException: UNAVAILABLE: io exception
	at java.util.concurrent.FutureTask.report(FutureTask.java:122)
	at java.util.concurrent.FutureTask.get(FutureTask.java:192)
	at org.apache.ratis.server.impl.LeaderElection.waitForResults(LeaderElection.java:259)
	at org.apache.ratis.server.impl.LeaderElection.askForVotes(LeaderElection.java:197)
	at org.apache.ratis.server.impl.LeaderElection.run(LeaderElection.java:133)
	at java.lang.Thread.run(Thread.java:748)
Caused by: org.apache.ratis.thirdparty.io.grpc.StatusRuntimeException: UNAVAILABLE: io exception
	at org.apache.ratis.thirdparty.io.grpc.stub.ClientCalls.toStatusRuntimeException(ClientCalls.java:233)
	at org.apache.ratis.thirdparty.io.grpc.stub.ClientCalls.getUnchecked(ClientCalls.java:214)
	at org.apache.ratis.thirdparty.io.grpc.stub.ClientCalls.blockingUnaryCall(ClientCalls.java:139)
	at org.apache.ratis.proto.grpc.RaftServerProtocolServiceGrpc$RaftServerProtocolServiceBlockingStub.requestVote(RaftServerProtocolServiceGrpc.java:265)
	at org.apache.ratis.grpc.server.GrpcServerProtocolClient.requestVote(GrpcServerProtocolClient.java:99)
	at org.apache.ratis.grpc.server.GrpcService.requestVote(GrpcService.java:204)
	at org.apache.ratis.server.impl.LeaderElection.lambda$submitRequests$1(LeaderElection.java:234)
	at java.util.concurrent.FutureTask.run(FutureTask.java:266)
	at java.util.concurrent.Executors$RunnableAdapter.call(Executors.java:511)
	at java.util.concurrent.FutureTask.run(FutureTask.java:266)
	at java.util.concurrent.ThreadPoolExecutor.runWorker(ThreadPoolExecutor.java:1149)
	at java.util.concurrent.ThreadPoolExecutor$Worker.run(ThreadPoolExecutor.java:624)
	... 1 more
Caused by: org.apache.ratis.thirdparty.io.netty.channel.AbstractChannel$AnnotatedConnectException: Connection refused: /192.168.157.242:33030
	at sun.nio.ch.SocketChannelImpl.checkConnect(Native Method)
	at sun.nio.ch.SocketChannelImpl.finishConnect(SocketChannelImpl.java:717)
	at org.apache.ratis.thirdparty.io.netty.channel.socket.nio.NioSocketChannel.doFinishConnect(NioSocketChannel.java:327)
	at org.apache.ratis.thirdparty.io.netty.channel.nio.AbstractNioChannel$AbstractNioUnsafe.finishConnect(AbstractNioChannel.java:340)
	at org.apache.ratis.thirdparty.io.netty.channel.nio.NioEventLoop.processSelectedKey(NioEventLoop.java:632)
	at org.apache.ratis.thirdparty.io.netty.channel.nio.NioEventLoop.processSelectedKeysOptimized(NioEventLoop.java:579)
	at org.apache.ratis.thirdparty.io.netty.channel.nio.NioEventLoop.processSelectedKeys(NioEventLoop.java:496)
	at org.apache.ratis.thirdparty.io.netty.channel.nio.NioEventLoop.run(NioEventLoop.java:458)
	at org.apache.ratis.thirdparty.io.netty.util.concurrent.SingleThreadEventExecutor$5.run(SingleThreadEventExecutor.java:897)
	at org.apache.ratis.thirdparty.io.netty.util.concurrent.FastThreadLocalRunnable.run(FastThreadLocalRunnable.java:30)
	... 1 more
Caused by: java.net.ConnectException: Connection refused
	... 11 more
2019-10-19 01:26:47,575 [a47f4692-6292-482b-87e1-943728217a13@group-12F62FEB2D83-LeaderElection173] INFO  impl.LeaderElection (LogUtils.java:infoOrTrace(149)) -   Exception 1: {}
java.util.concurrent.ExecutionException: org.apache.ratis.thirdparty.io.grpc.StatusRuntimeException: UNAVAILABLE: io exception
	at java.util.concurrent.FutureTask.report(FutureTask.java:122)
	at java.util.concurrent.FutureTask.get(FutureTask.java:192)
	at org.apache.ratis.server.impl.LeaderElection.waitForResults(LeaderElection.java:259)
	at org.apache.ratis.server.impl.LeaderElection.askForVotes(LeaderElection.java:197)
	at org.apache.ratis.server.impl.LeaderElection.run(LeaderElection.java:133)
	at java.lang.Thread.run(Thread.java:748)
Caused by: org.apache.ratis.thirdparty.io.grpc.StatusRuntimeException: UNAVAILABLE: io exception
	at org.apache.ratis.thirdparty.io.grpc.stub.ClientCalls.toStatusRuntimeException(ClientCalls.java:233)
	at org.apache.ratis.thirdparty.io.grpc.stub.ClientCalls.getUnchecked(ClientCalls.java:214)
	at org.apache.ratis.thirdparty.io.grpc.stub.ClientCalls.blockingUnaryCall(ClientCalls.java:139)
	at org.apache.ratis.proto.grpc.RaftServerProtocolServiceGrpc$RaftServerProtocolServiceBlockingStub.requestVote(RaftServerProtocolServiceGrpc.java:265)
	at org.apache.ratis.grpc.server.GrpcServerProtocolClient.requestVote(GrpcServerProtocolClient.java:99)
	at org.apache.ratis.grpc.server.GrpcService.requestVote(GrpcService.java:204)
	at org.apache.ratis.server.impl.LeaderElection.lambda$submitRequests$1(LeaderElection.java:234)
	at java.util.concurrent.FutureTask.run(FutureTask.java:266)
	at java.util.concurrent.Executors$RunnableAdapter.call(Executors.java:511)
	at java.util.concurrent.FutureTask.run(FutureTask.java:266)
	at java.util.concurrent.ThreadPoolExecutor.runWorker(ThreadPoolExecutor.java:1149)
	at java.util.concurrent.ThreadPoolExecutor$Worker.run(ThreadPoolExecutor.java:624)
	... 1 more
Caused by: org.apache.ratis.thirdparty.io.netty.channel.AbstractChannel$AnnotatedConnectException: Connection refused: /192.168.157.242:40644
	at sun.nio.ch.SocketChannelImpl.checkConnect(Native Method)
	at sun.nio.ch.SocketChannelImpl.finishConnect(SocketChannelImpl.java:717)
	at org.apache.ratis.thirdparty.io.netty.channel.socket.nio.NioSocketChannel.doFinishConnect(NioSocketChannel.java:327)
	at org.apache.ratis.thirdparty.io.netty.channel.nio.AbstractNioChannel$AbstractNioUnsafe.finishConnect(AbstractNioChannel.java:340)
	at org.apache.ratis.thirdparty.io.netty.channel.nio.NioEventLoop.processSelectedKey(NioEventLoop.java:632)
	at org.apache.ratis.thirdparty.io.netty.channel.nio.NioEventLoop.processSelectedKeysOptimized(NioEventLoop.java:579)
	at org.apache.ratis.thirdparty.io.netty.channel.nio.NioEventLoop.processSelectedKeys(NioEventLoop.java:496)
	at org.apache.ratis.thirdparty.io.netty.channel.nio.NioEventLoop.run(NioEventLoop.java:458)
	at org.apache.ratis.thirdparty.io.netty.util.concurrent.SingleThreadEventExecutor$5.run(SingleThreadEventExecutor.java:897)
	at org.apache.ratis.thirdparty.io.netty.util.concurrent.FastThreadLocalRunnable.run(FastThreadLocalRunnable.java:30)
	... 1 more
Caused by: java.net.ConnectException: Connection refused
	... 11 more
2019-10-19 01:26:47,575 [a47f4692-6292-482b-87e1-943728217a13@group-12F62FEB2D83-LeaderElection173] INFO  impl.RaftServerImpl (RaftServerImpl.java:setRole(184)) - a47f4692-6292-482b-87e1-943728217a13@group-12F62FEB2D83: changes role from CANDIDATE to FOLLOWER at term 11 for DISCOVERED_A_NEW_TERM
2019-10-19 01:26:47,575 [a47f4692-6292-482b-87e1-943728217a13@group-12F62FEB2D83-LeaderElection173] INFO  impl.RoleInfo (RoleInfo.java:shutdownLeaderElection(134)) - a47f4692-6292-482b-87e1-943728217a13: shutdown LeaderElection
2019-10-19 01:26:47,575 [a47f4692-6292-482b-87e1-943728217a13@group-12F62FEB2D83-LeaderElection173] INFO  impl.RoleInfo (RoleInfo.java:updateAndGet(143)) - a47f4692-6292-482b-87e1-943728217a13: start FollowerState
2019-10-19 01:26:47,607 [Thread-1628] INFO  impl.FollowerState (FollowerState.java:run(108)) - 8bce6a00-3bba-419d-83ac-b35141b6b559@group-31C3DC938042-FollowerState: change to CANDIDATE, lastRpcTime:145ms, electionTimeout:145ms
2019-10-19 01:26:47,607 [Thread-1628] INFO  impl.RoleInfo (RoleInfo.java:shutdownFollowerState(121)) - 8bce6a00-3bba-419d-83ac-b35141b6b559: shutdown FollowerState
2019-10-19 01:26:47,607 [Thread-1628] INFO  impl.RaftServerImpl (RaftServerImpl.java:setRole(184)) - 8bce6a00-3bba-419d-83ac-b35141b6b559@group-31C3DC938042: changes role from  FOLLOWER to CANDIDATE at term 159 for changeToCandidate
2019-10-19 01:26:47,607 [Thread-1628] INFO  impl.RoleInfo (RoleInfo.java:updateAndGet(143)) - 8bce6a00-3bba-419d-83ac-b35141b6b559: start LeaderElection
2019-10-19 01:26:47,616 [Datanode State Machine Thread - 0] INFO  statemachine.DatanodeStateMachine (DatanodeStateMachine.java:lambda$startDaemon$0(350)) - Ozone container server started.
2019-10-19 01:26:47,622 [8bce6a00-3bba-419d-83ac-b35141b6b559@group-31C3DC938042-LeaderElection174] INFO  impl.LeaderElection (LeaderElection.java:askForVotes(178)) - 8bce6a00-3bba-419d-83ac-b35141b6b559@group-31C3DC938042-LeaderElection174: begin an election at term 160 for -1: [774c78e1-8dd4-453d-975e-442189a07fe2:192.168.157.242:38712, 7247ad7d-2ca2-4af8-9337-77c07ea89cb3:192.168.157.242:42362, 8bce6a00-3bba-419d-83ac-b35141b6b559:192.168.157.242:37801], old=null
2019-10-19 01:26:47,622 [8bce6a00-3bba-419d-83ac-b35141b6b559@group-31C3DC938042-LeaderElection174] INFO  impl.LeaderElection (LogUtils.java:infoOrTrace(149)) - 8bce6a00-3bba-419d-83ac-b35141b6b559@group-31C3DC938042-LeaderElection174 got exception when requesting votes: {}
java.util.concurrent.ExecutionException: org.apache.ratis.thirdparty.io.grpc.StatusRuntimeException: UNAVAILABLE: io exception
	at java.util.concurrent.FutureTask.report(FutureTask.java:122)
	at java.util.concurrent.FutureTask.get(FutureTask.java:192)
	at org.apache.ratis.server.impl.LeaderElection.waitForResults(LeaderElection.java:259)
	at org.apache.ratis.server.impl.LeaderElection.askForVotes(LeaderElection.java:197)
	at org.apache.ratis.server.impl.LeaderElection.run(LeaderElection.java:133)
	at java.lang.Thread.run(Thread.java:748)
Caused by: org.apache.ratis.thirdparty.io.grpc.StatusRuntimeException: UNAVAILABLE: io exception
	at org.apache.ratis.thirdparty.io.grpc.stub.ClientCalls.toStatusRuntimeException(ClientCalls.java:233)
	at org.apache.ratis.thirdparty.io.grpc.stub.ClientCalls.getUnchecked(ClientCalls.java:214)
	at org.apache.ratis.thirdparty.io.grpc.stub.ClientCalls.blockingUnaryCall(ClientCalls.java:139)
	at org.apache.ratis.proto.grpc.RaftServerProtocolServiceGrpc$RaftServerProtocolServiceBlockingStub.requestVote(RaftServerProtocolServiceGrpc.java:265)
	at org.apache.ratis.grpc.server.GrpcServerProtocolClient.requestVote(GrpcServerProtocolClient.java:99)
	at org.apache.ratis.grpc.server.GrpcService.requestVote(GrpcService.java:204)
	at org.apache.ratis.server.impl.LeaderElection.lambda$submitRequests$1(LeaderElection.java:234)
	at java.util.concurrent.FutureTask.run(FutureTask.java:266)
	at java.util.concurrent.Executors$RunnableAdapter.call(Executors.java:511)
	at java.util.concurrent.FutureTask.run(FutureTask.java:266)
	at java.util.concurrent.ThreadPoolExecutor.runWorker(ThreadPoolExecutor.java:1149)
	at java.util.concurrent.ThreadPoolExecutor$Worker.run(ThreadPoolExecutor.java:624)
	... 1 more
Caused by: org.apache.ratis.thirdparty.io.netty.channel.AbstractChannel$AnnotatedConnectException: Connection refused: /192.168.157.242:42362
	at sun.nio.ch.SocketChannelImpl.checkConnect(Native Method)
	at sun.nio.ch.SocketChannelImpl.finishConnect(SocketChannelImpl.java:717)
	at org.apache.ratis.thirdparty.io.netty.channel.socket.nio.NioSocketChannel.doFinishConnect(NioSocketChannel.java:327)
	at org.apache.ratis.thirdparty.io.netty.channel.nio.AbstractNioChannel$AbstractNioUnsafe.finishConnect(AbstractNioChannel.java:340)
	at org.apache.ratis.thirdparty.io.netty.channel.nio.NioEventLoop.processSelectedKey(NioEventLoop.java:632)
	at org.apache.ratis.thirdparty.io.netty.channel.nio.NioEventLoop.processSelectedKeysOptimized(NioEventLoop.java:579)
	at org.apache.ratis.thirdparty.io.netty.channel.nio.NioEventLoop.processSelectedKeys(NioEventLoop.java:496)
	at org.apache.ratis.thirdparty.io.netty.channel.nio.NioEventLoop.run(NioEventLoop.java:458)
	at org.apache.ratis.thirdparty.io.netty.util.concurrent.SingleThreadEventExecutor$5.run(SingleThreadEventExecutor.java:897)
	at org.apache.ratis.thirdparty.io.netty.util.concurrent.FastThreadLocalRunnable.run(FastThreadLocalRunnable.java:30)
	... 1 more
Caused by: java.net.ConnectException: Connection refused
	... 11 more
2019-10-19 01:26:47,624 [grpc-default-executor-4] INFO  impl.RaftServerImpl (RaftServerImpl.java:setRole(184)) - 774c78e1-8dd4-453d-975e-442189a07fe2@group-31C3DC938042: changes role from  FOLLOWER to FOLLOWER at term 160 for recognizeCandidate:8bce6a00-3bba-419d-83ac-b35141b6b559
2019-10-19 01:26:47,624 [grpc-default-executor-4] INFO  impl.RoleInfo (RoleInfo.java:shutdownFollowerState(121)) - 774c78e1-8dd4-453d-975e-442189a07fe2: shutdown FollowerState
2019-10-19 01:26:47,624 [grpc-default-executor-4] INFO  impl.RoleInfo (RoleInfo.java:updateAndGet(143)) - 774c78e1-8dd4-453d-975e-442189a07fe2: start FollowerState
2019-10-19 01:26:47,624 [Thread-1627] INFO  impl.FollowerState (FollowerState.java:run(117)) - 774c78e1-8dd4-453d-975e-442189a07fe2@group-31C3DC938042-FollowerState was interrupted: java.lang.InterruptedException: sleep interrupted
2019-10-19 01:26:47,630 [Datanode State Machine Thread - 0] INFO  statemachine.DatanodeStateMachine (DatanodeStateMachine.java:lambda$startDaemon$0(350)) - Ozone container server started.
2019-10-19 01:26:47,644 [8bce6a00-3bba-419d-83ac-b35141b6b559@group-31C3DC938042-LeaderElection174] INFO  impl.LeaderElection (LeaderElection.java:logAndReturn(56)) - 8bce6a00-3bba-419d-83ac-b35141b6b559@group-31C3DC938042-LeaderElection174: Election REJECTED; received 1 response(s) [8bce6a00-3bba-419d-83ac-b35141b6b559<-774c78e1-8dd4-453d-975e-442189a07fe2#0:FAIL-t160] and 1 exception(s); 8bce6a00-3bba-419d-83ac-b35141b6b559@group-31C3DC938042:t160, leader=null, voted=8bce6a00-3bba-419d-83ac-b35141b6b559, raftlog=8bce6a00-3bba-419d-83ac-b35141b6b559@group-31C3DC938042-SegmentedRaftLog:OPENED:c-1,f-1,i0, conf=-1: [774c78e1-8dd4-453d-975e-442189a07fe2:192.168.157.242:38712, 7247ad7d-2ca2-4af8-9337-77c07ea89cb3:192.168.157.242:42362, 8bce6a00-3bba-419d-83ac-b35141b6b559:192.168.157.242:37801], old=null
2019-10-19 01:26:47,645 [8bce6a00-3bba-419d-83ac-b35141b6b559@group-31C3DC938042-LeaderElection174] INFO  impl.LeaderElection (LogUtils.java:infoOrTrace(149)) -   Exception 0: {}
java.util.concurrent.ExecutionException: org.apache.ratis.thirdparty.io.grpc.StatusRuntimeException: UNAVAILABLE: io exception
	at java.util.concurrent.FutureTask.report(FutureTask.java:122)
	at java.util.concurrent.FutureTask.get(FutureTask.java:192)
	at org.apache.ratis.server.impl.LeaderElection.waitForResults(LeaderElection.java:259)
	at org.apache.ratis.server.impl.LeaderElection.askForVotes(LeaderElection.java:197)
	at org.apache.ratis.server.impl.LeaderElection.run(LeaderElection.java:133)
	at java.lang.Thread.run(Thread.java:748)
Caused by: org.apache.ratis.thirdparty.io.grpc.StatusRuntimeException: UNAVAILABLE: io exception
	at org.apache.ratis.thirdparty.io.grpc.stub.ClientCalls.toStatusRuntimeException(ClientCalls.java:233)
	at org.apache.ratis.thirdparty.io.grpc.stub.ClientCalls.getUnchecked(ClientCalls.java:214)
	at org.apache.ratis.thirdparty.io.grpc.stub.ClientCalls.blockingUnaryCall(ClientCalls.java:139)
	at org.apache.ratis.proto.grpc.RaftServerProtocolServiceGrpc$RaftServerProtocolServiceBlockingStub.requestVote(RaftServerProtocolServiceGrpc.java:265)
	at org.apache.ratis.grpc.server.GrpcServerProtocolClient.requestVote(GrpcServerProtocolClient.java:99)
	at org.apache.ratis.grpc.server.GrpcService.requestVote(GrpcService.java:204)
	at org.apache.ratis.server.impl.LeaderElection.lambda$submitRequests$1(LeaderElection.java:234)
	at java.util.concurrent.FutureTask.run(FutureTask.java:266)
	at java.util.concurrent.Executors$RunnableAdapter.call(Executors.java:511)
	at java.util.concurrent.FutureTask.run(FutureTask.java:266)
	at java.util.concurrent.ThreadPoolExecutor.runWorker(ThreadPoolExecutor.java:1149)
	at java.util.concurrent.ThreadPoolExecutor$Worker.run(ThreadPoolExecutor.java:624)
	... 1 more
Caused by: org.apache.ratis.thirdparty.io.netty.channel.AbstractChannel$AnnotatedConnectException: Connection refused: /192.168.157.242:42362
	at sun.nio.ch.SocketChannelImpl.checkConnect(Native Method)
	at sun.nio.ch.SocketChannelImpl.finishConnect(SocketChannelImpl.java:717)
	at org.apache.ratis.thirdparty.io.netty.channel.socket.nio.NioSocketChannel.doFinishConnect(NioSocketChannel.java:327)
	at org.apache.ratis.thirdparty.io.netty.channel.nio.AbstractNioChannel$AbstractNioUnsafe.finishConnect(AbstractNioChannel.java:340)
	at org.apache.ratis.thirdparty.io.netty.channel.nio.NioEventLoop.processSelectedKey(NioEventLoop.java:632)
	at org.apache.ratis.thirdparty.io.netty.channel.nio.NioEventLoop.processSelectedKeysOptimized(NioEventLoop.java:579)
	at org.apache.ratis.thirdparty.io.netty.channel.nio.NioEventLoop.processSelectedKeys(NioEventLoop.java:496)
	at org.apache.ratis.thirdparty.io.netty.channel.nio.NioEventLoop.run(NioEventLoop.java:458)
	at org.apache.ratis.thirdparty.io.netty.util.concurrent.SingleThreadEventExecutor$5.run(SingleThreadEventExecutor.java:897)
	at org.apache.ratis.thirdparty.io.netty.util.concurrent.FastThreadLocalRunnable.run(FastThreadLocalRunnable.java:30)
	... 1 more
Caused by: java.net.ConnectException: Connection refused
	... 11 more
2019-10-19 01:26:47,645 [8bce6a00-3bba-419d-83ac-b35141b6b559@group-31C3DC938042-LeaderElection174] INFO  impl.RaftServerImpl (RaftServerImpl.java:setRole(184)) - 8bce6a00-3bba-419d-83ac-b35141b6b559@group-31C3DC938042: changes role from CANDIDATE to FOLLOWER at term 160 for DISCOVERED_A_NEW_TERM
2019-10-19 01:26:47,645 [8bce6a00-3bba-419d-83ac-b35141b6b559@group-31C3DC938042-LeaderElection174] INFO  impl.RoleInfo (RoleInfo.java:shutdownLeaderElection(134)) - 8bce6a00-3bba-419d-83ac-b35141b6b559: shutdown LeaderElection
2019-10-19 01:26:47,645 [8bce6a00-3bba-419d-83ac-b35141b6b559@group-31C3DC938042-LeaderElection174] INFO  impl.RoleInfo (RoleInfo.java:updateAndGet(143)) - 8bce6a00-3bba-419d-83ac-b35141b6b559: start FollowerState
2019-10-19 01:26:47,723 [Thread-1637] INFO  impl.FollowerState (FollowerState.java:run(108)) - 8bce6a00-3bba-419d-83ac-b35141b6b559@group-31C3DC938042-FollowerState: change to CANDIDATE, lastRpcTime:77ms, electionTimeout:77ms
2019-10-19 01:26:47,723 [Thread-1637] INFO  impl.RoleInfo (RoleInfo.java:shutdownFollowerState(121)) - 8bce6a00-3bba-419d-83ac-b35141b6b559: shutdown FollowerState
2019-10-19 01:26:47,723 [Thread-1637] INFO  impl.RaftServerImpl (RaftServerImpl.java:setRole(184)) - 8bce6a00-3bba-419d-83ac-b35141b6b559@group-31C3DC938042: changes role from  FOLLOWER to CANDIDATE at term 160 for changeToCandidate
2019-10-19 01:26:47,723 [Thread-1637] INFO  impl.RoleInfo (RoleInfo.java:updateAndGet(143)) - 8bce6a00-3bba-419d-83ac-b35141b6b559: start LeaderElection
2019-10-19 01:26:47,737 [8bce6a00-3bba-419d-83ac-b35141b6b559@group-31C3DC938042-LeaderElection175] INFO  impl.LeaderElection (LeaderElection.java:askForVotes(178)) - 8bce6a00-3bba-419d-83ac-b35141b6b559@group-31C3DC938042-LeaderElection175: begin an election at term 161 for -1: [774c78e1-8dd4-453d-975e-442189a07fe2:192.168.157.242:38712, 7247ad7d-2ca2-4af8-9337-77c07ea89cb3:192.168.157.242:42362, 8bce6a00-3bba-419d-83ac-b35141b6b559:192.168.157.242:37801], old=null
2019-10-19 01:26:47,738 [8bce6a00-3bba-419d-83ac-b35141b6b559@group-31C3DC938042-LeaderElection175] INFO  impl.LeaderElection (LogUtils.java:infoOrTrace(149)) - 8bce6a00-3bba-419d-83ac-b35141b6b559@group-31C3DC938042-LeaderElection175 got exception when requesting votes: {}
java.util.concurrent.ExecutionException: org.apache.ratis.thirdparty.io.grpc.StatusRuntimeException: UNAVAILABLE: io exception
	at java.util.concurrent.FutureTask.report(FutureTask.java:122)
	at java.util.concurrent.FutureTask.get(FutureTask.java:192)
	at org.apache.ratis.server.impl.LeaderElection.waitForResults(LeaderElection.java:259)
	at org.apache.ratis.server.impl.LeaderElection.askForVotes(LeaderElection.java:197)
	at org.apache.ratis.server.impl.LeaderElection.run(LeaderElection.java:133)
	at java.lang.Thread.run(Thread.java:748)
Caused by: org.apache.ratis.thirdparty.io.grpc.StatusRuntimeException: UNAVAILABLE: io exception
	at org.apache.ratis.thirdparty.io.grpc.stub.ClientCalls.toStatusRuntimeException(ClientCalls.java:233)
	at org.apache.ratis.thirdparty.io.grpc.stub.ClientCalls.getUnchecked(ClientCalls.java:214)
	at org.apache.ratis.thirdparty.io.grpc.stub.ClientCalls.blockingUnaryCall(ClientCalls.java:139)
	at org.apache.ratis.proto.grpc.RaftServerProtocolServiceGrpc$RaftServerProtocolServiceBlockingStub.requestVote(RaftServerProtocolServiceGrpc.java:265)
	at org.apache.ratis.grpc.server.GrpcServerProtocolClient.requestVote(GrpcServerProtocolClient.java:99)
	at org.apache.ratis.grpc.server.GrpcService.requestVote(GrpcService.java:204)
	at org.apache.ratis.server.impl.LeaderElection.lambda$submitRequests$1(LeaderElection.java:234)
	at java.util.concurrent.FutureTask.run(FutureTask.java:266)
	at java.util.concurrent.Executors$RunnableAdapter.call(Executors.java:511)
	at java.util.concurrent.FutureTask.run(FutureTask.java:266)
	at java.util.concurrent.ThreadPoolExecutor.runWorker(ThreadPoolExecutor.java:1149)
	at java.util.concurrent.ThreadPoolExecutor$Worker.run(ThreadPoolExecutor.java:624)
	... 1 more
Caused by: org.apache.ratis.thirdparty.io.netty.channel.AbstractChannel$AnnotatedConnectException: Connection refused: /192.168.157.242:42362
	at sun.nio.ch.SocketChannelImpl.checkConnect(Native Method)
	at sun.nio.ch.SocketChannelImpl.finishConnect(SocketChannelImpl.java:717)
	at org.apache.ratis.thirdparty.io.netty.channel.socket.nio.NioSocketChannel.doFinishConnect(NioSocketChannel.java:327)
	at org.apache.ratis.thirdparty.io.netty.channel.nio.AbstractNioChannel$AbstractNioUnsafe.finishConnect(AbstractNioChannel.java:340)
	at org.apache.ratis.thirdparty.io.netty.channel.nio.NioEventLoop.processSelectedKey(NioEventLoop.java:632)
	at org.apache.ratis.thirdparty.io.netty.channel.nio.NioEventLoop.processSelectedKeysOptimized(NioEventLoop.java:579)
	at org.apache.ratis.thirdparty.io.netty.channel.nio.NioEventLoop.processSelectedKeys(NioEventLoop.java:496)
	at org.apache.ratis.thirdparty.io.netty.channel.nio.NioEventLoop.run(NioEventLoop.java:458)
	at org.apache.ratis.thirdparty.io.netty.util.concurrent.SingleThreadEventExecutor$5.run(SingleThreadEventExecutor.java:897)
	at org.apache.ratis.thirdparty.io.netty.util.concurrent.FastThreadLocalRunnable.run(FastThreadLocalRunnable.java:30)
	... 1 more
Caused by: java.net.ConnectException: Connection refused
	... 11 more
2019-10-19 01:26:47,739 [grpc-default-executor-4] INFO  impl.RaftServerImpl (RaftServerImpl.java:setRole(184)) - 774c78e1-8dd4-453d-975e-442189a07fe2@group-31C3DC938042: changes role from  FOLLOWER to FOLLOWER at term 161 for recognizeCandidate:8bce6a00-3bba-419d-83ac-b35141b6b559
2019-10-19 01:26:47,739 [grpc-default-executor-4] INFO  impl.RoleInfo (RoleInfo.java:shutdownFollowerState(121)) - 774c78e1-8dd4-453d-975e-442189a07fe2: shutdown FollowerState
2019-10-19 01:26:47,739 [grpc-default-executor-4] INFO  impl.RoleInfo (RoleInfo.java:updateAndGet(143)) - 774c78e1-8dd4-453d-975e-442189a07fe2: start FollowerState
2019-10-19 01:26:47,739 [Thread-1636] INFO  impl.FollowerState (FollowerState.java:run(117)) - 774c78e1-8dd4-453d-975e-442189a07fe2@group-31C3DC938042-FollowerState was interrupted: java.lang.InterruptedException: sleep interrupted
2019-10-19 01:26:47,743 [8bce6a00-3bba-419d-83ac-b35141b6b559@group-31C3DC938042-LeaderElection175] INFO  impl.LeaderElection (LeaderElection.java:logAndReturn(56)) - 8bce6a00-3bba-419d-83ac-b35141b6b559@group-31C3DC938042-LeaderElection175: Election REJECTED; received 1 response(s) [8bce6a00-3bba-419d-83ac-b35141b6b559<-774c78e1-8dd4-453d-975e-442189a07fe2#0:FAIL-t161] and 1 exception(s); 8bce6a00-3bba-419d-83ac-b35141b6b559@group-31C3DC938042:t161, leader=null, voted=8bce6a00-3bba-419d-83ac-b35141b6b559, raftlog=8bce6a00-3bba-419d-83ac-b35141b6b559@group-31C3DC938042-SegmentedRaftLog:OPENED:c-1,f-1,i0, conf=-1: [774c78e1-8dd4-453d-975e-442189a07fe2:192.168.157.242:38712, 7247ad7d-2ca2-4af8-9337-77c07ea89cb3:192.168.157.242:42362, 8bce6a00-3bba-419d-83ac-b35141b6b559:192.168.157.242:37801], old=null
2019-10-19 01:26:47,743 [8bce6a00-3bba-419d-83ac-b35141b6b559@group-31C3DC938042-LeaderElection175] INFO  impl.LeaderElection (LogUtils.java:infoOrTrace(149)) -   Exception 0: {}
java.util.concurrent.ExecutionException: org.apache.ratis.thirdparty.io.grpc.StatusRuntimeException: UNAVAILABLE: io exception
	at java.util.concurrent.FutureTask.report(FutureTask.java:122)
	at java.util.concurrent.FutureTask.get(FutureTask.java:192)
	at org.apache.ratis.server.impl.LeaderElection.waitForResults(LeaderElection.java:259)
	at org.apache.ratis.server.impl.LeaderElection.askForVotes(LeaderElection.java:197)
	at org.apache.ratis.server.impl.LeaderElection.run(LeaderElection.java:133)
	at java.lang.Thread.run(Thread.java:748)
Caused by: org.apache.ratis.thirdparty.io.grpc.StatusRuntimeException: UNAVAILABLE: io exception
	at org.apache.ratis.thirdparty.io.grpc.stub.ClientCalls.toStatusRuntimeException(ClientCalls.java:233)
	at org.apache.ratis.thirdparty.io.grpc.stub.ClientCalls.getUnchecked(ClientCalls.java:214)
	at org.apache.ratis.thirdparty.io.grpc.stub.ClientCalls.blockingUnaryCall(ClientCalls.java:139)
	at org.apache.ratis.proto.grpc.RaftServerProtocolServiceGrpc$RaftServerProtocolServiceBlockingStub.requestVote(RaftServerProtocolServiceGrpc.java:265)
	at org.apache.ratis.grpc.server.GrpcServerProtocolClient.requestVote(GrpcServerProtocolClient.java:99)
	at org.apache.ratis.grpc.server.GrpcService.requestVote(GrpcService.java:204)
	at org.apache.ratis.server.impl.LeaderElection.lambda$submitRequests$1(LeaderElection.java:234)
	at java.util.concurrent.FutureTask.run(FutureTask.java:266)
	at java.util.concurrent.Executors$RunnableAdapter.call(Executors.java:511)
	at java.util.concurrent.FutureTask.run(FutureTask.java:266)
	at java.util.concurrent.ThreadPoolExecutor.runWorker(ThreadPoolExecutor.java:1149)
	at java.util.concurrent.ThreadPoolExecutor$Worker.run(ThreadPoolExecutor.java:624)
	... 1 more
Caused by: org.apache.ratis.thirdparty.io.netty.channel.AbstractChannel$AnnotatedConnectException: Connection refused: /192.168.157.242:42362
	at sun.nio.ch.SocketChannelImpl.checkConnect(Native Method)
	at sun.nio.ch.SocketChannelImpl.finishConnect(SocketChannelImpl.java:717)
	at org.apache.ratis.thirdparty.io.netty.channel.socket.nio.NioSocketChannel.doFinishConnect(NioSocketChannel.java:327)
	at org.apache.ratis.thirdparty.io.netty.channel.nio.AbstractNioChannel$AbstractNioUnsafe.finishConnect(AbstractNioChannel.java:340)
	at org.apache.ratis.thirdparty.io.netty.channel.nio.NioEventLoop.processSelectedKey(NioEventLoop.java:632)
	at org.apache.ratis.thirdparty.io.netty.channel.nio.NioEventLoop.processSelectedKeysOptimized(NioEventLoop.java:579)
	at org.apache.ratis.thirdparty.io.netty.channel.nio.NioEventLoop.processSelectedKeys(NioEventLoop.java:496)
	at org.apache.ratis.thirdparty.io.netty.channel.nio.NioEventLoop.run(NioEventLoop.java:458)
	at org.apache.ratis.thirdparty.io.netty.util.concurrent.SingleThreadEventExecutor$5.run(SingleThreadEventExecutor.java:897)
	at org.apache.ratis.thirdparty.io.netty.util.concurrent.FastThreadLocalRunnable.run(FastThreadLocalRunnable.java:30)
	... 1 more
Caused by: java.net.ConnectException: Connection refused
	... 11 more
2019-10-19 01:26:47,744 [8bce6a00-3bba-419d-83ac-b35141b6b559@group-31C3DC938042-LeaderElection175] INFO  impl.RaftServerImpl (RaftServerImpl.java:setRole(184)) - 8bce6a00-3bba-419d-83ac-b35141b6b559@group-31C3DC938042: changes role from CANDIDATE to FOLLOWER at term 161 for DISCOVERED_A_NEW_TERM
2019-10-19 01:26:47,744 [8bce6a00-3bba-419d-83ac-b35141b6b559@group-31C3DC938042-LeaderElection175] INFO  impl.RoleInfo (RoleInfo.java:shutdownLeaderElection(134)) - 8bce6a00-3bba-419d-83ac-b35141b6b559: shutdown LeaderElection
2019-10-19 01:26:47,744 [8bce6a00-3bba-419d-83ac-b35141b6b559@group-31C3DC938042-LeaderElection175] INFO  impl.RoleInfo (RoleInfo.java:updateAndGet(143)) - 8bce6a00-3bba-419d-83ac-b35141b6b559: start FollowerState
2019-10-19 01:26:47,775 [Thread-1643] INFO  impl.FollowerState (FollowerState.java:run(108)) - 8bce6a00-3bba-419d-83ac-b35141b6b559@group-31C3DC938042-FollowerState: change to CANDIDATE, lastRpcTime:31ms, electionTimeout:31ms
2019-10-19 01:26:47,775 [Thread-1643] INFO  impl.RoleInfo (RoleInfo.java:shutdownFollowerState(121)) - 8bce6a00-3bba-419d-83ac-b35141b6b559: shutdown FollowerState
2019-10-19 01:26:47,776 [Thread-1643] INFO  impl.RaftServerImpl (RaftServerImpl.java:setRole(184)) - 8bce6a00-3bba-419d-83ac-b35141b6b559@group-31C3DC938042: changes role from  FOLLOWER to CANDIDATE at term 161 for changeToCandidate
2019-10-19 01:26:47,776 [Thread-1643] INFO  impl.RoleInfo (RoleInfo.java:updateAndGet(143)) - 8bce6a00-3bba-419d-83ac-b35141b6b559: start LeaderElection
2019-10-19 01:26:47,789 [8bce6a00-3bba-419d-83ac-b35141b6b559@group-31C3DC938042-LeaderElection176] INFO  impl.LeaderElection (LeaderElection.java:askForVotes(178)) - 8bce6a00-3bba-419d-83ac-b35141b6b559@group-31C3DC938042-LeaderElection176: begin an election at term 162 for -1: [774c78e1-8dd4-453d-975e-442189a07fe2:192.168.157.242:38712, 7247ad7d-2ca2-4af8-9337-77c07ea89cb3:192.168.157.242:42362, 8bce6a00-3bba-419d-83ac-b35141b6b559:192.168.157.242:37801], old=null
2019-10-19 01:26:47,790 [8bce6a00-3bba-419d-83ac-b35141b6b559@group-31C3DC938042-LeaderElection176] INFO  impl.LeaderElection (LogUtils.java:infoOrTrace(149)) - 8bce6a00-3bba-419d-83ac-b35141b6b559@group-31C3DC938042-LeaderElection176 got exception when requesting votes: {}
java.util.concurrent.ExecutionException: org.apache.ratis.thirdparty.io.grpc.StatusRuntimeException: UNAVAILABLE: io exception
	at java.util.concurrent.FutureTask.report(FutureTask.java:122)
	at java.util.concurrent.FutureTask.get(FutureTask.java:192)
	at org.apache.ratis.server.impl.LeaderElection.waitForResults(LeaderElection.java:259)
	at org.apache.ratis.server.impl.LeaderElection.askForVotes(LeaderElection.java:197)
	at org.apache.ratis.server.impl.LeaderElection.run(LeaderElection.java:133)
	at java.lang.Thread.run(Thread.java:748)
Caused by: org.apache.ratis.thirdparty.io.grpc.StatusRuntimeException: UNAVAILABLE: io exception
	at org.apache.ratis.thirdparty.io.grpc.stub.ClientCalls.toStatusRuntimeException(ClientCalls.java:233)
	at org.apache.ratis.thirdparty.io.grpc.stub.ClientCalls.getUnchecked(ClientCalls.java:214)
	at org.apache.ratis.thirdparty.io.grpc.stub.ClientCalls.blockingUnaryCall(ClientCalls.java:139)
	at org.apache.ratis.proto.grpc.RaftServerProtocolServiceGrpc$RaftServerProtocolServiceBlockingStub.requestVote(RaftServerProtocolServiceGrpc.java:265)
	at org.apache.ratis.grpc.server.GrpcServerProtocolClient.requestVote(GrpcServerProtocolClient.java:99)
	at org.apache.ratis.grpc.server.GrpcService.requestVote(GrpcService.java:204)
	at org.apache.ratis.server.impl.LeaderElection.lambda$submitRequests$1(LeaderElection.java:234)
	at java.util.concurrent.FutureTask.run(FutureTask.java:266)
	at java.util.concurrent.Executors$RunnableAdapter.call(Executors.java:511)
	at java.util.concurrent.FutureTask.run(FutureTask.java:266)
	at java.util.concurrent.ThreadPoolExecutor.runWorker(ThreadPoolExecutor.java:1149)
	at java.util.concurrent.ThreadPoolExecutor$Worker.run(ThreadPoolExecutor.java:624)
	... 1 more
Caused by: org.apache.ratis.thirdparty.io.netty.channel.AbstractChannel$AnnotatedConnectException: Connection refused: /192.168.157.242:42362
	at sun.nio.ch.SocketChannelImpl.checkConnect(Native Method)
	at sun.nio.ch.SocketChannelImpl.finishConnect(SocketChannelImpl.java:717)
	at org.apache.ratis.thirdparty.io.netty.channel.socket.nio.NioSocketChannel.doFinishConnect(NioSocketChannel.java:327)
	at org.apache.ratis.thirdparty.io.netty.channel.nio.AbstractNioChannel$AbstractNioUnsafe.finishConnect(AbstractNioChannel.java:340)
	at org.apache.ratis.thirdparty.io.netty.channel.nio.NioEventLoop.processSelectedKey(NioEventLoop.java:632)
	at org.apache.ratis.thirdparty.io.netty.channel.nio.NioEventLoop.processSelectedKeysOptimized(NioEventLoop.java:579)
	at org.apache.ratis.thirdparty.io.netty.channel.nio.NioEventLoop.processSelectedKeys(NioEventLoop.java:496)
	at org.apache.ratis.thirdparty.io.netty.channel.nio.NioEventLoop.run(NioEventLoop.java:458)
	at org.apache.ratis.thirdparty.io.netty.util.concurrent.SingleThreadEventExecutor$5.run(SingleThreadEventExecutor.java:897)
	at org.apache.ratis.thirdparty.io.netty.util.concurrent.FastThreadLocalRunnable.run(FastThreadLocalRunnable.java:30)
	... 1 more
Caused by: java.net.ConnectException: Connection refused
	... 11 more
2019-10-19 01:26:47,791 [grpc-default-executor-4] INFO  impl.RaftServerImpl (RaftServerImpl.java:setRole(184)) - 774c78e1-8dd4-453d-975e-442189a07fe2@group-31C3DC938042: changes role from  FOLLOWER to FOLLOWER at term 162 for recognizeCandidate:8bce6a00-3bba-419d-83ac-b35141b6b559
2019-10-19 01:26:47,791 [grpc-default-executor-4] INFO  impl.RoleInfo (RoleInfo.java:shutdownFollowerState(121)) - 774c78e1-8dd4-453d-975e-442189a07fe2: shutdown FollowerState
2019-10-19 01:26:47,791 [grpc-default-executor-4] INFO  impl.RoleInfo (RoleInfo.java:updateAndGet(143)) - 774c78e1-8dd4-453d-975e-442189a07fe2: start FollowerState
2019-10-19 01:26:47,791 [Thread-1642] INFO  impl.FollowerState (FollowerState.java:run(117)) - 774c78e1-8dd4-453d-975e-442189a07fe2@group-31C3DC938042-FollowerState was interrupted: java.lang.InterruptedException: sleep interrupted
2019-10-19 01:26:47,806 [8bce6a00-3bba-419d-83ac-b35141b6b559@group-31C3DC938042-LeaderElection176] INFO  impl.LeaderElection (LeaderElection.java:logAndReturn(56)) - 8bce6a00-3bba-419d-83ac-b35141b6b559@group-31C3DC938042-LeaderElection176: Election REJECTED; received 1 response(s) [8bce6a00-3bba-419d-83ac-b35141b6b559<-774c78e1-8dd4-453d-975e-442189a07fe2#0:FAIL-t162] and 1 exception(s); 8bce6a00-3bba-419d-83ac-b35141b6b559@group-31C3DC938042:t162, leader=null, voted=8bce6a00-3bba-419d-83ac-b35141b6b559, raftlog=8bce6a00-3bba-419d-83ac-b35141b6b559@group-31C3DC938042-SegmentedRaftLog:OPENED:c-1,f-1,i0, conf=-1: [774c78e1-8dd4-453d-975e-442189a07fe2:192.168.157.242:38712, 7247ad7d-2ca2-4af8-9337-77c07ea89cb3:192.168.157.242:42362, 8bce6a00-3bba-419d-83ac-b35141b6b559:192.168.157.242:37801], old=null
2019-10-19 01:26:47,806 [8bce6a00-3bba-419d-83ac-b35141b6b559@group-31C3DC938042-LeaderElection176] INFO  impl.LeaderElection (LogUtils.java:infoOrTrace(149)) -   Exception 0: {}
java.util.concurrent.ExecutionException: org.apache.ratis.thirdparty.io.grpc.StatusRuntimeException: UNAVAILABLE: io exception
	at java.util.concurrent.FutureTask.report(FutureTask.java:122)
	at java.util.concurrent.FutureTask.get(FutureTask.java:192)
	at org.apache.ratis.server.impl.LeaderElection.waitForResults(LeaderElection.java:259)
	at org.apache.ratis.server.impl.LeaderElection.askForVotes(LeaderElection.java:197)
	at org.apache.ratis.server.impl.LeaderElection.run(LeaderElection.java:133)
	at java.lang.Thread.run(Thread.java:748)
Caused by: org.apache.ratis.thirdparty.io.grpc.StatusRuntimeException: UNAVAILABLE: io exception
	at org.apache.ratis.thirdparty.io.grpc.stub.ClientCalls.toStatusRuntimeException(ClientCalls.java:233)
	at org.apache.ratis.thirdparty.io.grpc.stub.ClientCalls.getUnchecked(ClientCalls.java:214)
	at org.apache.ratis.thirdparty.io.grpc.stub.ClientCalls.blockingUnaryCall(ClientCalls.java:139)
	at org.apache.ratis.proto.grpc.RaftServerProtocolServiceGrpc$RaftServerProtocolServiceBlockingStub.requestVote(RaftServerProtocolServiceGrpc.java:265)
	at org.apache.ratis.grpc.server.GrpcServerProtocolClient.requestVote(GrpcServerProtocolClient.java:99)
	at org.apache.ratis.grpc.server.GrpcService.requestVote(GrpcService.java:204)
	at org.apache.ratis.server.impl.LeaderElection.lambda$submitRequests$1(LeaderElection.java:234)
	at java.util.concurrent.FutureTask.run(FutureTask.java:266)
	at java.util.concurrent.Executors$RunnableAdapter.call(Executors.java:511)
	at java.util.concurrent.FutureTask.run(FutureTask.java:266)
	at java.util.concurrent.ThreadPoolExecutor.runWorker(ThreadPoolExecutor.java:1149)
	at java.util.concurrent.ThreadPoolExecutor$Worker.run(ThreadPoolExecutor.java:624)
	... 1 more
Caused by: org.apache.ratis.thirdparty.io.netty.channel.AbstractChannel$AnnotatedConnectException: Connection refused: /192.168.157.242:42362
	at sun.nio.ch.SocketChannelImpl.checkConnect(Native Method)
	at sun.nio.ch.SocketChannelImpl.finishConnect(SocketChannelImpl.java:717)
	at org.apache.ratis.thirdparty.io.netty.channel.socket.nio.NioSocketChannel.doFinishConnect(NioSocketChannel.java:327)
	at org.apache.ratis.thirdparty.io.netty.channel.nio.AbstractNioChannel$AbstractNioUnsafe.finishConnect(AbstractNioChannel.java:340)
	at org.apache.ratis.thirdparty.io.netty.channel.nio.NioEventLoop.processSelectedKey(NioEventLoop.java:632)
	at org.apache.ratis.thirdparty.io.netty.channel.nio.NioEventLoop.processSelectedKeysOptimized(NioEventLoop.java:579)
	at org.apache.ratis.thirdparty.io.netty.channel.nio.NioEventLoop.processSelectedKeys(NioEventLoop.java:496)
	at org.apache.ratis.thirdparty.io.netty.channel.nio.NioEventLoop.run(NioEventLoop.java:458)
	at org.apache.ratis.thirdparty.io.netty.util.concurrent.SingleThreadEventExecutor$5.run(SingleThreadEventExecutor.java:897)
	at org.apache.ratis.thirdparty.io.netty.util.concurrent.FastThreadLocalRunnable.run(FastThreadLocalRunnable.java:30)
	... 1 more
Caused by: java.net.ConnectException: Connection refused
	... 11 more
2019-10-19 01:26:47,806 [8bce6a00-3bba-419d-83ac-b35141b6b559@group-31C3DC938042-LeaderElection176] INFO  impl.RaftServerImpl (RaftServerImpl.java:setRole(184)) - 8bce6a00-3bba-419d-83ac-b35141b6b559@group-31C3DC938042: changes role from CANDIDATE to FOLLOWER at term 162 for DISCOVERED_A_NEW_TERM
2019-10-19 01:26:47,806 [8bce6a00-3bba-419d-83ac-b35141b6b559@group-31C3DC938042-LeaderElection176] INFO  impl.RoleInfo (RoleInfo.java:shutdownLeaderElection(134)) - 8bce6a00-3bba-419d-83ac-b35141b6b559: shutdown LeaderElection
2019-10-19 01:26:47,806 [8bce6a00-3bba-419d-83ac-b35141b6b559@group-31C3DC938042-LeaderElection176] INFO  impl.RoleInfo (RoleInfo.java:updateAndGet(143)) - 8bce6a00-3bba-419d-83ac-b35141b6b559: start FollowerState
2019-10-19 01:26:47,918 [Thread-1648] INFO  impl.FollowerState (FollowerState.java:run(108)) - 8bce6a00-3bba-419d-83ac-b35141b6b559@group-31C3DC938042-FollowerState: change to CANDIDATE, lastRpcTime:111ms, electionTimeout:111ms
2019-10-19 01:26:47,918 [Thread-1648] INFO  impl.RoleInfo (RoleInfo.java:shutdownFollowerState(121)) - 8bce6a00-3bba-419d-83ac-b35141b6b559: shutdown FollowerState
2019-10-19 01:26:47,918 [Thread-1648] INFO  impl.RaftServerImpl (RaftServerImpl.java:setRole(184)) - 8bce6a00-3bba-419d-83ac-b35141b6b559@group-31C3DC938042: changes role from  FOLLOWER to CANDIDATE at term 162 for changeToCandidate
2019-10-19 01:26:47,918 [Thread-1648] INFO  impl.RoleInfo (RoleInfo.java:updateAndGet(143)) - 8bce6a00-3bba-419d-83ac-b35141b6b559: start LeaderElection
2019-10-19 01:26:47,923 [8bce6a00-3bba-419d-83ac-b35141b6b559@group-31C3DC938042-LeaderElection177] INFO  impl.LeaderElection (LeaderElection.java:askForVotes(178)) - 8bce6a00-3bba-419d-83ac-b35141b6b559@group-31C3DC938042-LeaderElection177: begin an election at term 163 for -1: [774c78e1-8dd4-453d-975e-442189a07fe2:192.168.157.242:38712, 7247ad7d-2ca2-4af8-9337-77c07ea89cb3:192.168.157.242:42362, 8bce6a00-3bba-419d-83ac-b35141b6b559:192.168.157.242:37801], old=null
2019-10-19 01:26:47,924 [8bce6a00-3bba-419d-83ac-b35141b6b559@group-31C3DC938042-LeaderElection177] INFO  impl.LeaderElection (LogUtils.java:infoOrTrace(149)) - 8bce6a00-3bba-419d-83ac-b35141b6b559@group-31C3DC938042-LeaderElection177 got exception when requesting votes: {}
java.util.concurrent.ExecutionException: org.apache.ratis.thirdparty.io.grpc.StatusRuntimeException: UNAVAILABLE: io exception
	at java.util.concurrent.FutureTask.report(FutureTask.java:122)
	at java.util.concurrent.FutureTask.get(FutureTask.java:192)
	at org.apache.ratis.server.impl.LeaderElection.waitForResults(LeaderElection.java:259)
	at org.apache.ratis.server.impl.LeaderElection.askForVotes(LeaderElection.java:197)
	at org.apache.ratis.server.impl.LeaderElection.run(LeaderElection.java:133)
	at java.lang.Thread.run(Thread.java:748)
Caused by: org.apache.ratis.thirdparty.io.grpc.StatusRuntimeException: UNAVAILABLE: io exception
	at org.apache.ratis.thirdparty.io.grpc.stub.ClientCalls.toStatusRuntimeException(ClientCalls.java:233)
	at org.apache.ratis.thirdparty.io.grpc.stub.ClientCalls.getUnchecked(ClientCalls.java:214)
	at org.apache.ratis.thirdparty.io.grpc.stub.ClientCalls.blockingUnaryCall(ClientCalls.java:139)
	at org.apache.ratis.proto.grpc.RaftServerProtocolServiceGrpc$RaftServerProtocolServiceBlockingStub.requestVote(RaftServerProtocolServiceGrpc.java:265)
	at org.apache.ratis.grpc.server.GrpcServerProtocolClient.requestVote(GrpcServerProtocolClient.java:99)
	at org.apache.ratis.grpc.server.GrpcService.requestVote(GrpcService.java:204)
	at org.apache.ratis.server.impl.LeaderElection.lambda$submitRequests$1(LeaderElection.java:234)
	at java.util.concurrent.FutureTask.run(FutureTask.java:266)
	at java.util.concurrent.Executors$RunnableAdapter.call(Executors.java:511)
	at java.util.concurrent.FutureTask.run(FutureTask.java:266)
	at java.util.concurrent.ThreadPoolExecutor.runWorker(ThreadPoolExecutor.java:1149)
	at java.util.concurrent.ThreadPoolExecutor$Worker.run(ThreadPoolExecutor.java:624)
	... 1 more
Caused by: org.apache.ratis.thirdparty.io.netty.channel.AbstractChannel$AnnotatedConnectException: Connection refused: /192.168.157.242:42362
	at sun.nio.ch.SocketChannelImpl.checkConnect(Native Method)
	at sun.nio.ch.SocketChannelImpl.finishConnect(SocketChannelImpl.java:717)
	at org.apache.ratis.thirdparty.io.netty.channel.socket.nio.NioSocketChannel.doFinishConnect(NioSocketChannel.java:327)
	at org.apache.ratis.thirdparty.io.netty.channel.nio.AbstractNioChannel$AbstractNioUnsafe.finishConnect(AbstractNioChannel.java:340)
	at org.apache.ratis.thirdparty.io.netty.channel.nio.NioEventLoop.processSelectedKey(NioEventLoop.java:632)
	at org.apache.ratis.thirdparty.io.netty.channel.nio.NioEventLoop.processSelectedKeysOptimized(NioEventLoop.java:579)
	at org.apache.ratis.thirdparty.io.netty.channel.nio.NioEventLoop.processSelectedKeys(NioEventLoop.java:496)
	at org.apache.ratis.thirdparty.io.netty.channel.nio.NioEventLoop.run(NioEventLoop.java:458)
	at org.apache.ratis.thirdparty.io.netty.util.concurrent.SingleThreadEventExecutor$5.run(SingleThreadEventExecutor.java:897)
	at org.apache.ratis.thirdparty.io.netty.util.concurrent.FastThreadLocalRunnable.run(FastThreadLocalRunnable.java:30)
	... 1 more
Caused by: java.net.ConnectException: Connection refused
	... 11 more
2019-10-19 01:26:47,925 [grpc-default-executor-4] INFO  impl.RaftServerImpl (RaftServerImpl.java:setRole(184)) - 774c78e1-8dd4-453d-975e-442189a07fe2@group-31C3DC938042: changes role from  FOLLOWER to FOLLOWER at term 163 for recognizeCandidate:8bce6a00-3bba-419d-83ac-b35141b6b559
2019-10-19 01:26:47,925 [grpc-default-executor-4] INFO  impl.RoleInfo (RoleInfo.java:shutdownFollowerState(121)) - 774c78e1-8dd4-453d-975e-442189a07fe2: shutdown FollowerState
2019-10-19 01:26:47,925 [grpc-default-executor-4] INFO  impl.RoleInfo (RoleInfo.java:updateAndGet(143)) - 774c78e1-8dd4-453d-975e-442189a07fe2: start FollowerState
2019-10-19 01:26:47,925 [Thread-1647] INFO  impl.FollowerState (FollowerState.java:run(117)) - 774c78e1-8dd4-453d-975e-442189a07fe2@group-31C3DC938042-FollowerState was interrupted: java.lang.InterruptedException: sleep interrupted
2019-10-19 01:26:47,961 [8bce6a00-3bba-419d-83ac-b35141b6b559@group-31C3DC938042-LeaderElection177] INFO  impl.LeaderElection (LeaderElection.java:logAndReturn(56)) - 8bce6a00-3bba-419d-83ac-b35141b6b559@group-31C3DC938042-LeaderElection177: Election REJECTED; received 1 response(s) [8bce6a00-3bba-419d-83ac-b35141b6b559<-774c78e1-8dd4-453d-975e-442189a07fe2#0:FAIL-t163] and 1 exception(s); 8bce6a00-3bba-419d-83ac-b35141b6b559@group-31C3DC938042:t163, leader=null, voted=8bce6a00-3bba-419d-83ac-b35141b6b559, raftlog=8bce6a00-3bba-419d-83ac-b35141b6b559@group-31C3DC938042-SegmentedRaftLog:OPENED:c-1,f-1,i0, conf=-1: [774c78e1-8dd4-453d-975e-442189a07fe2:192.168.157.242:38712, 7247ad7d-2ca2-4af8-9337-77c07ea89cb3:192.168.157.242:42362, 8bce6a00-3bba-419d-83ac-b35141b6b559:192.168.157.242:37801], old=null
2019-10-19 01:26:47,961 [8bce6a00-3bba-419d-83ac-b35141b6b559@group-31C3DC938042-LeaderElection177] INFO  impl.LeaderElection (LogUtils.java:infoOrTrace(149)) -   Exception 0: {}
java.util.concurrent.ExecutionException: org.apache.ratis.thirdparty.io.grpc.StatusRuntimeException: UNAVAILABLE: io exception
	at java.util.concurrent.FutureTask.report(FutureTask.java:122)
	at java.util.concurrent.FutureTask.get(FutureTask.java:192)
	at org.apache.ratis.server.impl.LeaderElection.waitForResults(LeaderElection.java:259)
	at org.apache.ratis.server.impl.LeaderElection.askForVotes(LeaderElection.java:197)
	at org.apache.ratis.server.impl.LeaderElection.run(LeaderElection.java:133)
	at java.lang.Thread.run(Thread.java:748)
Caused by: org.apache.ratis.thirdparty.io.grpc.StatusRuntimeException: UNAVAILABLE: io exception
	at org.apache.ratis.thirdparty.io.grpc.stub.ClientCalls.toStatusRuntimeException(ClientCalls.java:233)
	at org.apache.ratis.thirdparty.io.grpc.stub.ClientCalls.getUnchecked(ClientCalls.java:214)
	at org.apache.ratis.thirdparty.io.grpc.stub.ClientCalls.blockingUnaryCall(ClientCalls.java:139)
	at org.apache.ratis.proto.grpc.RaftServerProtocolServiceGrpc$RaftServerProtocolServiceBlockingStub.requestVote(RaftServerProtocolServiceGrpc.java:265)
	at org.apache.ratis.grpc.server.GrpcServerProtocolClient.requestVote(GrpcServerProtocolClient.java:99)
	at org.apache.ratis.grpc.server.GrpcService.requestVote(GrpcService.java:204)
	at org.apache.ratis.server.impl.LeaderElection.lambda$submitRequests$1(LeaderElection.java:234)
	at java.util.concurrent.FutureTask.run(FutureTask.java:266)
	at java.util.concurrent.Executors$RunnableAdapter.call(Executors.java:511)
	at java.util.concurrent.FutureTask.run(FutureTask.java:266)
	at java.util.concurrent.ThreadPoolExecutor.runWorker(ThreadPoolExecutor.java:1149)
	at java.util.concurrent.ThreadPoolExecutor$Worker.run(ThreadPoolExecutor.java:624)
	... 1 more
Caused by: org.apache.ratis.thirdparty.io.netty.channel.AbstractChannel$AnnotatedConnectException: Connection refused: /192.168.157.242:42362
	at sun.nio.ch.SocketChannelImpl.checkConnect(Native Method)
	at sun.nio.ch.SocketChannelImpl.finishConnect(SocketChannelImpl.java:717)
	at org.apache.ratis.thirdparty.io.netty.channel.socket.nio.NioSocketChannel.doFinishConnect(NioSocketChannel.java:327)
	at org.apache.ratis.thirdparty.io.netty.channel.nio.AbstractNioChannel$AbstractNioUnsafe.finishConnect(AbstractNioChannel.java:340)
	at org.apache.ratis.thirdparty.io.netty.channel.nio.NioEventLoop.processSelectedKey(NioEventLoop.java:632)
	at org.apache.ratis.thirdparty.io.netty.channel.nio.NioEventLoop.processSelectedKeysOptimized(NioEventLoop.java:579)
	at org.apache.ratis.thirdparty.io.netty.channel.nio.NioEventLoop.processSelectedKeys(NioEventLoop.java:496)
	at org.apache.ratis.thirdparty.io.netty.channel.nio.NioEventLoop.run(NioEventLoop.java:458)
	at org.apache.ratis.thirdparty.io.netty.util.concurrent.SingleThreadEventExecutor$5.run(SingleThreadEventExecutor.java:897)
	at org.apache.ratis.thirdparty.io.netty.util.concurrent.FastThreadLocalRunnable.run(FastThreadLocalRunnable.java:30)
	... 1 more
Caused by: java.net.ConnectException: Connection refused
	... 11 more
2019-10-19 01:26:47,961 [8bce6a00-3bba-419d-83ac-b35141b6b559@group-31C3DC938042-LeaderElection177] INFO  impl.RaftServerImpl (RaftServerImpl.java:setRole(184)) - 8bce6a00-3bba-419d-83ac-b35141b6b559@group-31C3DC938042: changes role from CANDIDATE to FOLLOWER at term 163 for DISCOVERED_A_NEW_TERM
2019-10-19 01:26:47,961 [8bce6a00-3bba-419d-83ac-b35141b6b559@group-31C3DC938042-LeaderElection177] INFO  impl.RoleInfo (RoleInfo.java:shutdownLeaderElection(134)) - 8bce6a00-3bba-419d-83ac-b35141b6b559: shutdown LeaderElection
2019-10-19 01:26:47,961 [8bce6a00-3bba-419d-83ac-b35141b6b559@group-31C3DC938042-LeaderElection177] INFO  impl.RoleInfo (RoleInfo.java:updateAndGet(143)) - 8bce6a00-3bba-419d-83ac-b35141b6b559: start FollowerState
2019-10-19 01:26:47,970 [Thread-1653] INFO  impl.FollowerState (FollowerState.java:run(108)) - 8bce6a00-3bba-419d-83ac-b35141b6b559@group-31C3DC938042-FollowerState: change to CANDIDATE, lastRpcTime:8ms, electionTimeout:8ms
2019-10-19 01:26:47,970 [Thread-1653] INFO  impl.RoleInfo (RoleInfo.java:shutdownFollowerState(121)) - 8bce6a00-3bba-419d-83ac-b35141b6b559: shutdown FollowerState
2019-10-19 01:26:47,970 [Thread-1653] INFO  impl.RaftServerImpl (RaftServerImpl.java:setRole(184)) - 8bce6a00-3bba-419d-83ac-b35141b6b559@group-31C3DC938042: changes role from  FOLLOWER to CANDIDATE at term 163 for changeToCandidate
2019-10-19 01:26:47,970 [Thread-1653] INFO  impl.RoleInfo (RoleInfo.java:updateAndGet(143)) - 8bce6a00-3bba-419d-83ac-b35141b6b559: start LeaderElection
2019-10-19 01:26:47,995 [8bce6a00-3bba-419d-83ac-b35141b6b559@group-31C3DC938042-LeaderElection178] INFO  impl.LeaderElection (LeaderElection.java:askForVotes(178)) - 8bce6a00-3bba-419d-83ac-b35141b6b559@group-31C3DC938042-LeaderElection178: begin an election at term 164 for -1: [774c78e1-8dd4-453d-975e-442189a07fe2:192.168.157.242:38712, 7247ad7d-2ca2-4af8-9337-77c07ea89cb3:192.168.157.242:42362, 8bce6a00-3bba-419d-83ac-b35141b6b559:192.168.157.242:37801], old=null
2019-10-19 01:26:47,995 [8bce6a00-3bba-419d-83ac-b35141b6b559@group-31C3DC938042-LeaderElection178] INFO  impl.LeaderElection (LogUtils.java:infoOrTrace(149)) - 8bce6a00-3bba-419d-83ac-b35141b6b559@group-31C3DC938042-LeaderElection178 got exception when requesting votes: {}
java.util.concurrent.ExecutionException: org.apache.ratis.thirdparty.io.grpc.StatusRuntimeException: UNAVAILABLE: io exception
	at java.util.concurrent.FutureTask.report(FutureTask.java:122)
	at java.util.concurrent.FutureTask.get(FutureTask.java:192)
	at org.apache.ratis.server.impl.LeaderElection.waitForResults(LeaderElection.java:259)
	at org.apache.ratis.server.impl.LeaderElection.askForVotes(LeaderElection.java:197)
	at org.apache.ratis.server.impl.LeaderElection.run(LeaderElection.java:133)
	at java.lang.Thread.run(Thread.java:748)
Caused by: org.apache.ratis.thirdparty.io.grpc.StatusRuntimeException: UNAVAILABLE: io exception
	at org.apache.ratis.thirdparty.io.grpc.stub.ClientCalls.toStatusRuntimeException(ClientCalls.java:233)
	at org.apache.ratis.thirdparty.io.grpc.stub.ClientCalls.getUnchecked(ClientCalls.java:214)
	at org.apache.ratis.thirdparty.io.grpc.stub.ClientCalls.blockingUnaryCall(ClientCalls.java:139)
	at org.apache.ratis.proto.grpc.RaftServerProtocolServiceGrpc$RaftServerProtocolServiceBlockingStub.requestVote(RaftServerProtocolServiceGrpc.java:265)
	at org.apache.ratis.grpc.server.GrpcServerProtocolClient.requestVote(GrpcServerProtocolClient.java:99)
	at org.apache.ratis.grpc.server.GrpcService.requestVote(GrpcService.java:204)
	at org.apache.ratis.server.impl.LeaderElection.lambda$submitRequests$1(LeaderElection.java:234)
	at java.util.concurrent.FutureTask.run(FutureTask.java:266)
	at java.util.concurrent.Executors$RunnableAdapter.call(Executors.java:511)
	at java.util.concurrent.FutureTask.run(FutureTask.java:266)
	at java.util.concurrent.ThreadPoolExecutor.runWorker(ThreadPoolExecutor.java:1149)
	at java.util.concurrent.ThreadPoolExecutor$Worker.run(ThreadPoolExecutor.java:624)
	... 1 more
Caused by: org.apache.ratis.thirdparty.io.netty.channel.AbstractChannel$AnnotatedConnectException: Connection refused: /192.168.157.242:42362
	at sun.nio.ch.SocketChannelImpl.checkConnect(Native Method)
	at sun.nio.ch.SocketChannelImpl.finishConnect(SocketChannelImpl.java:717)
	at org.apache.ratis.thirdparty.io.netty.channel.socket.nio.NioSocketChannel.doFinishConnect(NioSocketChannel.java:327)
	at org.apache.ratis.thirdparty.io.netty.channel.nio.AbstractNioChannel$AbstractNioUnsafe.finishConnect(AbstractNioChannel.java:340)
	at org.apache.ratis.thirdparty.io.netty.channel.nio.NioEventLoop.processSelectedKey(NioEventLoop.java:632)
	at org.apache.ratis.thirdparty.io.netty.channel.nio.NioEventLoop.processSelectedKeysOptimized(NioEventLoop.java:579)
	at org.apache.ratis.thirdparty.io.netty.channel.nio.NioEventLoop.processSelectedKeys(NioEventLoop.java:496)
	at org.apache.ratis.thirdparty.io.netty.channel.nio.NioEventLoop.run(NioEventLoop.java:458)
	at org.apache.ratis.thirdparty.io.netty.util.concurrent.SingleThreadEventExecutor$5.run(SingleThreadEventExecutor.java:897)
	at org.apache.ratis.thirdparty.io.netty.util.concurrent.FastThreadLocalRunnable.run(FastThreadLocalRunnable.java:30)
	... 1 more
Caused by: java.net.ConnectException: Connection refused
	... 11 more
2019-10-19 01:26:47,996 [grpc-default-executor-4] INFO  impl.RaftServerImpl (RaftServerImpl.java:setRole(184)) - 774c78e1-8dd4-453d-975e-442189a07fe2@group-31C3DC938042: changes role from  FOLLOWER to FOLLOWER at term 164 for recognizeCandidate:8bce6a00-3bba-419d-83ac-b35141b6b559
2019-10-19 01:26:47,996 [grpc-default-executor-4] INFO  impl.RoleInfo (RoleInfo.java:shutdownFollowerState(121)) - 774c78e1-8dd4-453d-975e-442189a07fe2: shutdown FollowerState
2019-10-19 01:26:47,996 [grpc-default-executor-4] INFO  impl.RoleInfo (RoleInfo.java:updateAndGet(143)) - 774c78e1-8dd4-453d-975e-442189a07fe2: start FollowerState
2019-10-19 01:26:47,996 [Thread-1652] INFO  impl.FollowerState (FollowerState.java:run(117)) - 774c78e1-8dd4-453d-975e-442189a07fe2@group-31C3DC938042-FollowerState was interrupted: java.lang.InterruptedException: sleep interrupted
2019-10-19 01:26:48,001 [8bce6a00-3bba-419d-83ac-b35141b6b559@group-31C3DC938042-LeaderElection178] INFO  impl.LeaderElection (LeaderElection.java:logAndReturn(56)) - 8bce6a00-3bba-419d-83ac-b35141b6b559@group-31C3DC938042-LeaderElection178: Election REJECTED; received 1 response(s) [8bce6a00-3bba-419d-83ac-b35141b6b559<-774c78e1-8dd4-453d-975e-442189a07fe2#0:FAIL-t164] and 1 exception(s); 8bce6a00-3bba-419d-83ac-b35141b6b559@group-31C3DC938042:t164, leader=null, voted=8bce6a00-3bba-419d-83ac-b35141b6b559, raftlog=8bce6a00-3bba-419d-83ac-b35141b6b559@group-31C3DC938042-SegmentedRaftLog:OPENED:c-1,f-1,i0, conf=-1: [774c78e1-8dd4-453d-975e-442189a07fe2:192.168.157.242:38712, 7247ad7d-2ca2-4af8-9337-77c07ea89cb3:192.168.157.242:42362, 8bce6a00-3bba-419d-83ac-b35141b6b559:192.168.157.242:37801], old=null
2019-10-19 01:26:48,002 [8bce6a00-3bba-419d-83ac-b35141b6b559@group-31C3DC938042-LeaderElection178] INFO  impl.LeaderElection (LogUtils.java:infoOrTrace(149)) -   Exception 0: {}
java.util.concurrent.ExecutionException: org.apache.ratis.thirdparty.io.grpc.StatusRuntimeException: UNAVAILABLE: io exception
	at java.util.concurrent.FutureTask.report(FutureTask.java:122)
	at java.util.concurrent.FutureTask.get(FutureTask.java:192)
	at org.apache.ratis.server.impl.LeaderElection.waitForResults(LeaderElection.java:259)
	at org.apache.ratis.server.impl.LeaderElection.askForVotes(LeaderElection.java:197)
	at org.apache.ratis.server.impl.LeaderElection.run(LeaderElection.java:133)
	at java.lang.Thread.run(Thread.java:748)
Caused by: org.apache.ratis.thirdparty.io.grpc.StatusRuntimeException: UNAVAILABLE: io exception
	at org.apache.ratis.thirdparty.io.grpc.stub.ClientCalls.toStatusRuntimeException(ClientCalls.java:233)
	at org.apache.ratis.thirdparty.io.grpc.stub.ClientCalls.getUnchecked(ClientCalls.java:214)
	at org.apache.ratis.thirdparty.io.grpc.stub.ClientCalls.blockingUnaryCall(ClientCalls.java:139)
	at org.apache.ratis.proto.grpc.RaftServerProtocolServiceGrpc$RaftServerProtocolServiceBlockingStub.requestVote(RaftServerProtocolServiceGrpc.java:265)
	at org.apache.ratis.grpc.server.GrpcServerProtocolClient.requestVote(GrpcServerProtocolClient.java:99)
	at org.apache.ratis.grpc.server.GrpcService.requestVote(GrpcService.java:204)
	at org.apache.ratis.server.impl.LeaderElection.lambda$submitRequests$1(LeaderElection.java:234)
	at java.util.concurrent.FutureTask.run(FutureTask.java:266)
	at java.util.concurrent.Executors$RunnableAdapter.call(Executors.java:511)
	at java.util.concurrent.FutureTask.run(FutureTask.java:266)
	at java.util.concurrent.ThreadPoolExecutor.runWorker(ThreadPoolExecutor.java:1149)
	at java.util.concurrent.ThreadPoolExecutor$Worker.run(ThreadPoolExecutor.java:624)
	... 1 more
Caused by: org.apache.ratis.thirdparty.io.netty.channel.AbstractChannel$AnnotatedConnectException: Connection refused: /192.168.157.242:42362
	at sun.nio.ch.SocketChannelImpl.checkConnect(Native Method)
	at sun.nio.ch.SocketChannelImpl.finishConnect(SocketChannelImpl.java:717)
	at org.apache.ratis.thirdparty.io.netty.channel.socket.nio.NioSocketChannel.doFinishConnect(NioSocketChannel.java:327)
	at org.apache.ratis.thirdparty.io.netty.channel.nio.AbstractNioChannel$AbstractNioUnsafe.finishConnect(AbstractNioChannel.java:340)
	at org.apache.ratis.thirdparty.io.netty.channel.nio.NioEventLoop.processSelectedKey(NioEventLoop.java:632)
	at org.apache.ratis.thirdparty.io.netty.channel.nio.NioEventLoop.processSelectedKeysOptimized(NioEventLoop.java:579)
	at org.apache.ratis.thirdparty.io.netty.channel.nio.NioEventLoop.processSelectedKeys(NioEventLoop.java:496)
	at org.apache.ratis.thirdparty.io.netty.channel.nio.NioEventLoop.run(NioEventLoop.java:458)
	at org.apache.ratis.thirdparty.io.netty.util.concurrent.SingleThreadEventExecutor$5.run(SingleThreadEventExecutor.java:897)
	at org.apache.ratis.thirdparty.io.netty.util.concurrent.FastThreadLocalRunnable.run(FastThreadLocalRunnable.java:30)
	... 1 more
Caused by: java.net.ConnectException: Connection refused
	... 11 more
2019-10-19 01:26:48,002 [8bce6a00-3bba-419d-83ac-b35141b6b559@group-31C3DC938042-LeaderElection178] INFO  impl.RaftServerImpl (RaftServerImpl.java:setRole(184)) - 8bce6a00-3bba-419d-83ac-b35141b6b559@group-31C3DC938042: changes role from CANDIDATE to FOLLOWER at term 164 for DISCOVERED_A_NEW_TERM
2019-10-19 01:26:48,002 [8bce6a00-3bba-419d-83ac-b35141b6b559@group-31C3DC938042-LeaderElection178] INFO  impl.RoleInfo (RoleInfo.java:shutdownLeaderElection(134)) - 8bce6a00-3bba-419d-83ac-b35141b6b559: shutdown LeaderElection
2019-10-19 01:26:48,002 [8bce6a00-3bba-419d-83ac-b35141b6b559@group-31C3DC938042-LeaderElection178] INFO  impl.RoleInfo (RoleInfo.java:updateAndGet(143)) - 8bce6a00-3bba-419d-83ac-b35141b6b559: start FollowerState
2019-10-19 01:26:48,094 [Thread-1658] INFO  impl.FollowerState (FollowerState.java:run(108)) - 8bce6a00-3bba-419d-83ac-b35141b6b559@group-31C3DC938042-FollowerState: change to CANDIDATE, lastRpcTime:91ms, electionTimeout:91ms
2019-10-19 01:26:48,094 [Thread-1658] INFO  impl.RoleInfo (RoleInfo.java:shutdownFollowerState(121)) - 8bce6a00-3bba-419d-83ac-b35141b6b559: shutdown FollowerState
2019-10-19 01:26:48,094 [Thread-1658] INFO  impl.RaftServerImpl (RaftServerImpl.java:setRole(184)) - 8bce6a00-3bba-419d-83ac-b35141b6b559@group-31C3DC938042: changes role from  FOLLOWER to CANDIDATE at term 164 for changeToCandidate
2019-10-19 01:26:48,094 [Thread-1658] INFO  impl.RoleInfo (RoleInfo.java:updateAndGet(143)) - 8bce6a00-3bba-419d-83ac-b35141b6b559: start LeaderElection
2019-10-19 01:26:48,108 [8bce6a00-3bba-419d-83ac-b35141b6b559@group-31C3DC938042-LeaderElection179] INFO  impl.LeaderElection (LeaderElection.java:askForVotes(178)) - 8bce6a00-3bba-419d-83ac-b35141b6b559@group-31C3DC938042-LeaderElection179: begin an election at term 165 for -1: [774c78e1-8dd4-453d-975e-442189a07fe2:192.168.157.242:38712, 7247ad7d-2ca2-4af8-9337-77c07ea89cb3:192.168.157.242:42362, 8bce6a00-3bba-419d-83ac-b35141b6b559:192.168.157.242:37801], old=null
2019-10-19 01:26:48,108 [8bce6a00-3bba-419d-83ac-b35141b6b559@group-31C3DC938042-LeaderElection179] INFO  impl.LeaderElection (LogUtils.java:infoOrTrace(149)) - 8bce6a00-3bba-419d-83ac-b35141b6b559@group-31C3DC938042-LeaderElection179 got exception when requesting votes: {}
java.util.concurrent.ExecutionException: org.apache.ratis.thirdparty.io.grpc.StatusRuntimeException: UNAVAILABLE: io exception
	at java.util.concurrent.FutureTask.report(FutureTask.java:122)
	at java.util.concurrent.FutureTask.get(FutureTask.java:192)
	at org.apache.ratis.server.impl.LeaderElection.waitForResults(LeaderElection.java:259)
	at org.apache.ratis.server.impl.LeaderElection.askForVotes(LeaderElection.java:197)
	at org.apache.ratis.server.impl.LeaderElection.run(LeaderElection.java:133)
	at java.lang.Thread.run(Thread.java:748)
Caused by: org.apache.ratis.thirdparty.io.grpc.StatusRuntimeException: UNAVAILABLE: io exception
	at org.apache.ratis.thirdparty.io.grpc.stub.ClientCalls.toStatusRuntimeException(ClientCalls.java:233)
	at org.apache.ratis.thirdparty.io.grpc.stub.ClientCalls.getUnchecked(ClientCalls.java:214)
	at org.apache.ratis.thirdparty.io.grpc.stub.ClientCalls.blockingUnaryCall(ClientCalls.java:139)
	at org.apache.ratis.proto.grpc.RaftServerProtocolServiceGrpc$RaftServerProtocolServiceBlockingStub.requestVote(RaftServerProtocolServiceGrpc.java:265)
	at org.apache.ratis.grpc.server.GrpcServerProtocolClient.requestVote(GrpcServerProtocolClient.java:99)
	at org.apache.ratis.grpc.server.GrpcService.requestVote(GrpcService.java:204)
	at org.apache.ratis.server.impl.LeaderElection.lambda$submitRequests$1(LeaderElection.java:234)
	at java.util.concurrent.FutureTask.run(FutureTask.java:266)
	at java.util.concurrent.Executors$RunnableAdapter.call(Executors.java:511)
	at java.util.concurrent.FutureTask.run(FutureTask.java:266)
	at java.util.concurrent.ThreadPoolExecutor.runWorker(ThreadPoolExecutor.java:1149)
	at java.util.concurrent.ThreadPoolExecutor$Worker.run(ThreadPoolExecutor.java:624)
	... 1 more
Caused by: org.apache.ratis.thirdparty.io.netty.channel.AbstractChannel$AnnotatedConnectException: Connection refused: /192.168.157.242:42362
	at sun.nio.ch.SocketChannelImpl.checkConnect(Native Method)
	at sun.nio.ch.SocketChannelImpl.finishConnect(SocketChannelImpl.java:717)
	at org.apache.ratis.thirdparty.io.netty.channel.socket.nio.NioSocketChannel.doFinishConnect(NioSocketChannel.java:327)
	at org.apache.ratis.thirdparty.io.netty.channel.nio.AbstractNioChannel$AbstractNioUnsafe.finishConnect(AbstractNioChannel.java:340)
	at org.apache.ratis.thirdparty.io.netty.channel.nio.NioEventLoop.processSelectedKey(NioEventLoop.java:632)
	at org.apache.ratis.thirdparty.io.netty.channel.nio.NioEventLoop.processSelectedKeysOptimized(NioEventLoop.java:579)
	at org.apache.ratis.thirdparty.io.netty.channel.nio.NioEventLoop.processSelectedKeys(NioEventLoop.java:496)
	at org.apache.ratis.thirdparty.io.netty.channel.nio.NioEventLoop.run(NioEventLoop.java:458)
	at org.apache.ratis.thirdparty.io.netty.util.concurrent.SingleThreadEventExecutor$5.run(SingleThreadEventExecutor.java:897)
	at org.apache.ratis.thirdparty.io.netty.util.concurrent.FastThreadLocalRunnable.run(FastThreadLocalRunnable.java:30)
	... 1 more
Caused by: java.net.ConnectException: Connection refused
	... 11 more
2019-10-19 01:26:48,110 [grpc-default-executor-4] INFO  impl.RaftServerImpl (RaftServerImpl.java:setRole(184)) - 774c78e1-8dd4-453d-975e-442189a07fe2@group-31C3DC938042: changes role from  FOLLOWER to FOLLOWER at term 165 for recognizeCandidate:8bce6a00-3bba-419d-83ac-b35141b6b559
2019-10-19 01:26:48,110 [grpc-default-executor-4] INFO  impl.RoleInfo (RoleInfo.java:shutdownFollowerState(121)) - 774c78e1-8dd4-453d-975e-442189a07fe2: shutdown FollowerState
2019-10-19 01:26:48,110 [grpc-default-executor-4] INFO  impl.RoleInfo (RoleInfo.java:updateAndGet(143)) - 774c78e1-8dd4-453d-975e-442189a07fe2: start FollowerState
2019-10-19 01:26:48,110 [Thread-1657] INFO  impl.FollowerState (FollowerState.java:run(117)) - 774c78e1-8dd4-453d-975e-442189a07fe2@group-31C3DC938042-FollowerState was interrupted: java.lang.InterruptedException: sleep interrupted
2019-10-19 01:26:48,138 [8bce6a00-3bba-419d-83ac-b35141b6b559@group-31C3DC938042-LeaderElection179] INFO  impl.LeaderElection (LeaderElection.java:logAndReturn(56)) - 8bce6a00-3bba-419d-83ac-b35141b6b559@group-31C3DC938042-LeaderElection179: Election REJECTED; received 1 response(s) [8bce6a00-3bba-419d-83ac-b35141b6b559<-774c78e1-8dd4-453d-975e-442189a07fe2#0:FAIL-t165] and 1 exception(s); 8bce6a00-3bba-419d-83ac-b35141b6b559@group-31C3DC938042:t165, leader=null, voted=8bce6a00-3bba-419d-83ac-b35141b6b559, raftlog=8bce6a00-3bba-419d-83ac-b35141b6b559@group-31C3DC938042-SegmentedRaftLog:OPENED:c-1,f-1,i0, conf=-1: [774c78e1-8dd4-453d-975e-442189a07fe2:192.168.157.242:38712, 7247ad7d-2ca2-4af8-9337-77c07ea89cb3:192.168.157.242:42362, 8bce6a00-3bba-419d-83ac-b35141b6b559:192.168.157.242:37801], old=null
2019-10-19 01:26:48,138 [8bce6a00-3bba-419d-83ac-b35141b6b559@group-31C3DC938042-LeaderElection179] INFO  impl.LeaderElection (LogUtils.java:infoOrTrace(149)) -   Exception 0: {}
java.util.concurrent.ExecutionException: org.apache.ratis.thirdparty.io.grpc.StatusRuntimeException: UNAVAILABLE: io exception
	at java.util.concurrent.FutureTask.report(FutureTask.java:122)
	at java.util.concurrent.FutureTask.get(FutureTask.java:192)
	at org.apache.ratis.server.impl.LeaderElection.waitForResults(LeaderElection.java:259)
	at org.apache.ratis.server.impl.LeaderElection.askForVotes(LeaderElection.java:197)
	at org.apache.ratis.server.impl.LeaderElection.run(LeaderElection.java:133)
	at java.lang.Thread.run(Thread.java:748)
Caused by: org.apache.ratis.thirdparty.io.grpc.StatusRuntimeException: UNAVAILABLE: io exception
	at org.apache.ratis.thirdparty.io.grpc.stub.ClientCalls.toStatusRuntimeException(ClientCalls.java:233)
	at org.apache.ratis.thirdparty.io.grpc.stub.ClientCalls.getUnchecked(ClientCalls.java:214)
	at org.apache.ratis.thirdparty.io.grpc.stub.ClientCalls.blockingUnaryCall(ClientCalls.java:139)
	at org.apache.ratis.proto.grpc.RaftServerProtocolServiceGrpc$RaftServerProtocolServiceBlockingStub.requestVote(RaftServerProtocolServiceGrpc.java:265)
	at org.apache.ratis.grpc.server.GrpcServerProtocolClient.requestVote(GrpcServerProtocolClient.java:99)
	at org.apache.ratis.grpc.server.GrpcService.requestVote(GrpcService.java:204)
	at org.apache.ratis.server.impl.LeaderElection.lambda$submitRequests$1(LeaderElection.java:234)
	at java.util.concurrent.FutureTask.run(FutureTask.java:266)
	at java.util.concurrent.Executors$RunnableAdapter.call(Executors.java:511)
	at java.util.concurrent.FutureTask.run(FutureTask.java:266)
	at java.util.concurrent.ThreadPoolExecutor.runWorker(ThreadPoolExecutor.java:1149)
	at java.util.concurrent.ThreadPoolExecutor$Worker.run(ThreadPoolExecutor.java:624)
	... 1 more
Caused by: org.apache.ratis.thirdparty.io.netty.channel.AbstractChannel$AnnotatedConnectException: Connection refused: /192.168.157.242:42362
	at sun.nio.ch.SocketChannelImpl.checkConnect(Native Method)
	at sun.nio.ch.SocketChannelImpl.finishConnect(SocketChannelImpl.java:717)
	at org.apache.ratis.thirdparty.io.netty.channel.socket.nio.NioSocketChannel.doFinishConnect(NioSocketChannel.java:327)
	at org.apache.ratis.thirdparty.io.netty.channel.nio.AbstractNioChannel$AbstractNioUnsafe.finishConnect(AbstractNioChannel.java:340)
	at org.apache.ratis.thirdparty.io.netty.channel.nio.NioEventLoop.processSelectedKey(NioEventLoop.java:632)
	at org.apache.ratis.thirdparty.io.netty.channel.nio.NioEventLoop.processSelectedKeysOptimized(NioEventLoop.java:579)
	at org.apache.ratis.thirdparty.io.netty.channel.nio.NioEventLoop.processSelectedKeys(NioEventLoop.java:496)
	at org.apache.ratis.thirdparty.io.netty.channel.nio.NioEventLoop.run(NioEventLoop.java:458)
	at org.apache.ratis.thirdparty.io.netty.util.concurrent.SingleThreadEventExecutor$5.run(SingleThreadEventExecutor.java:897)
	at org.apache.ratis.thirdparty.io.netty.util.concurrent.FastThreadLocalRunnable.run(FastThreadLocalRunnable.java:30)
	... 1 more
Caused by: java.net.ConnectException: Connection refused
	... 11 more
2019-10-19 01:26:48,138 [8bce6a00-3bba-419d-83ac-b35141b6b559@group-31C3DC938042-LeaderElection179] INFO  impl.RaftServerImpl (RaftServerImpl.java:setRole(184)) - 8bce6a00-3bba-419d-83ac-b35141b6b559@group-31C3DC938042: changes role from CANDIDATE to FOLLOWER at term 165 for DISCOVERED_A_NEW_TERM
2019-10-19 01:26:48,138 [8bce6a00-3bba-419d-83ac-b35141b6b559@group-31C3DC938042-LeaderElection179] INFO  impl.RoleInfo (RoleInfo.java:shutdownLeaderElection(134)) - 8bce6a00-3bba-419d-83ac-b35141b6b559: shutdown LeaderElection
2019-10-19 01:26:48,139 [8bce6a00-3bba-419d-83ac-b35141b6b559@group-31C3DC938042-LeaderElection179] INFO  impl.RoleInfo (RoleInfo.java:updateAndGet(143)) - 8bce6a00-3bba-419d-83ac-b35141b6b559: start FollowerState
2019-10-19 01:26:48,311 [Thread-1663] INFO  impl.FollowerState (FollowerState.java:run(108)) - 8bce6a00-3bba-419d-83ac-b35141b6b559@group-31C3DC938042-FollowerState: change to CANDIDATE, lastRpcTime:172ms, electionTimeout:172ms
2019-10-19 01:26:48,311 [Thread-1663] INFO  impl.RoleInfo (RoleInfo.java:shutdownFollowerState(121)) - 8bce6a00-3bba-419d-83ac-b35141b6b559: shutdown FollowerState
2019-10-19 01:26:48,311 [Thread-1663] INFO  impl.RaftServerImpl (RaftServerImpl.java:setRole(184)) - 8bce6a00-3bba-419d-83ac-b35141b6b559@group-31C3DC938042: changes role from  FOLLOWER to CANDIDATE at term 165 for changeToCandidate
2019-10-19 01:26:48,311 [Thread-1663] INFO  impl.RoleInfo (RoleInfo.java:updateAndGet(143)) - 8bce6a00-3bba-419d-83ac-b35141b6b559: start LeaderElection
2019-10-19 01:26:48,321 [8bce6a00-3bba-419d-83ac-b35141b6b559@group-31C3DC938042-LeaderElection180] INFO  impl.LeaderElection (LeaderElection.java:askForVotes(178)) - 8bce6a00-3bba-419d-83ac-b35141b6b559@group-31C3DC938042-LeaderElection180: begin an election at term 166 for -1: [774c78e1-8dd4-453d-975e-442189a07fe2:192.168.157.242:38712, 7247ad7d-2ca2-4af8-9337-77c07ea89cb3:192.168.157.242:42362, 8bce6a00-3bba-419d-83ac-b35141b6b559:192.168.157.242:37801], old=null
2019-10-19 01:26:48,321 [8bce6a00-3bba-419d-83ac-b35141b6b559@group-31C3DC938042-LeaderElection180] INFO  impl.LeaderElection (LogUtils.java:infoOrTrace(149)) - 8bce6a00-3bba-419d-83ac-b35141b6b559@group-31C3DC938042-LeaderElection180 got exception when requesting votes: {}
java.util.concurrent.ExecutionException: org.apache.ratis.thirdparty.io.grpc.StatusRuntimeException: UNAVAILABLE: io exception
	at java.util.concurrent.FutureTask.report(FutureTask.java:122)
	at java.util.concurrent.FutureTask.get(FutureTask.java:192)
	at org.apache.ratis.server.impl.LeaderElection.waitForResults(LeaderElection.java:259)
	at org.apache.ratis.server.impl.LeaderElection.askForVotes(LeaderElection.java:197)
	at org.apache.ratis.server.impl.LeaderElection.run(LeaderElection.java:133)
	at java.lang.Thread.run(Thread.java:748)
Caused by: org.apache.ratis.thirdparty.io.grpc.StatusRuntimeException: UNAVAILABLE: io exception
	at org.apache.ratis.thirdparty.io.grpc.stub.ClientCalls.toStatusRuntimeException(ClientCalls.java:233)
	at org.apache.ratis.thirdparty.io.grpc.stub.ClientCalls.getUnchecked(ClientCalls.java:214)
	at org.apache.ratis.thirdparty.io.grpc.stub.ClientCalls.blockingUnaryCall(ClientCalls.java:139)
	at org.apache.ratis.proto.grpc.RaftServerProtocolServiceGrpc$RaftServerProtocolServiceBlockingStub.requestVote(RaftServerProtocolServiceGrpc.java:265)
	at org.apache.ratis.grpc.server.GrpcServerProtocolClient.requestVote(GrpcServerProtocolClient.java:99)
	at org.apache.ratis.grpc.server.GrpcService.requestVote(GrpcService.java:204)
	at org.apache.ratis.server.impl.LeaderElection.lambda$submitRequests$1(LeaderElection.java:234)
	at java.util.concurrent.FutureTask.run(FutureTask.java:266)
	at java.util.concurrent.Executors$RunnableAdapter.call(Executors.java:511)
	at java.util.concurrent.FutureTask.run(FutureTask.java:266)
	at java.util.concurrent.ThreadPoolExecutor.runWorker(ThreadPoolExecutor.java:1149)
	at java.util.concurrent.ThreadPoolExecutor$Worker.run(ThreadPoolExecutor.java:624)
	... 1 more
Caused by: org.apache.ratis.thirdparty.io.netty.channel.AbstractChannel$AnnotatedConnectException: Connection refused: /192.168.157.242:42362
	at sun.nio.ch.SocketChannelImpl.checkConnect(Native Method)
	at sun.nio.ch.SocketChannelImpl.finishConnect(SocketChannelImpl.java:717)
	at org.apache.ratis.thirdparty.io.netty.channel.socket.nio.NioSocketChannel.doFinishConnect(NioSocketChannel.java:327)
	at org.apache.ratis.thirdparty.io.netty.channel.nio.AbstractNioChannel$AbstractNioUnsafe.finishConnect(AbstractNioChannel.java:340)
	at org.apache.ratis.thirdparty.io.netty.channel.nio.NioEventLoop.processSelectedKey(NioEventLoop.java:632)
	at org.apache.ratis.thirdparty.io.netty.channel.nio.NioEventLoop.processSelectedKeysOptimized(NioEventLoop.java:579)
	at org.apache.ratis.thirdparty.io.netty.channel.nio.NioEventLoop.processSelectedKeys(NioEventLoop.java:496)
	at org.apache.ratis.thirdparty.io.netty.channel.nio.NioEventLoop.run(NioEventLoop.java:458)
	at org.apache.ratis.thirdparty.io.netty.util.concurrent.SingleThreadEventExecutor$5.run(SingleThreadEventExecutor.java:897)
	at org.apache.ratis.thirdparty.io.netty.util.concurrent.FastThreadLocalRunnable.run(FastThreadLocalRunnable.java:30)
	... 1 more
Caused by: java.net.ConnectException: Connection refused
	... 11 more
2019-10-19 01:26:48,323 [grpc-default-executor-4] INFO  impl.RaftServerImpl (RaftServerImpl.java:setRole(184)) - 774c78e1-8dd4-453d-975e-442189a07fe2@group-31C3DC938042: changes role from  FOLLOWER to FOLLOWER at term 166 for recognizeCandidate:8bce6a00-3bba-419d-83ac-b35141b6b559
2019-10-19 01:26:48,323 [grpc-default-executor-4] INFO  impl.RoleInfo (RoleInfo.java:shutdownFollowerState(121)) - 774c78e1-8dd4-453d-975e-442189a07fe2: shutdown FollowerState
2019-10-19 01:26:48,323 [grpc-default-executor-4] INFO  impl.RoleInfo (RoleInfo.java:updateAndGet(143)) - 774c78e1-8dd4-453d-975e-442189a07fe2: start FollowerState
2019-10-19 01:26:48,323 [Thread-1662] INFO  impl.FollowerState (FollowerState.java:run(117)) - 774c78e1-8dd4-453d-975e-442189a07fe2@group-31C3DC938042-FollowerState was interrupted: java.lang.InterruptedException: sleep interrupted
2019-10-19 01:26:48,337 [8bce6a00-3bba-419d-83ac-b35141b6b559@group-31C3DC938042-LeaderElection180] INFO  impl.LeaderElection (LeaderElection.java:logAndReturn(56)) - 8bce6a00-3bba-419d-83ac-b35141b6b559@group-31C3DC938042-LeaderElection180: Election REJECTED; received 1 response(s) [8bce6a00-3bba-419d-83ac-b35141b6b559<-774c78e1-8dd4-453d-975e-442189a07fe2#0:FAIL-t166] and 1 exception(s); 8bce6a00-3bba-419d-83ac-b35141b6b559@group-31C3DC938042:t166, leader=null, voted=8bce6a00-3bba-419d-83ac-b35141b6b559, raftlog=8bce6a00-3bba-419d-83ac-b35141b6b559@group-31C3DC938042-SegmentedRaftLog:OPENED:c-1,f-1,i0, conf=-1: [774c78e1-8dd4-453d-975e-442189a07fe2:192.168.157.242:38712, 7247ad7d-2ca2-4af8-9337-77c07ea89cb3:192.168.157.242:42362, 8bce6a00-3bba-419d-83ac-b35141b6b559:192.168.157.242:37801], old=null
2019-10-19 01:26:48,337 [8bce6a00-3bba-419d-83ac-b35141b6b559@group-31C3DC938042-LeaderElection180] INFO  impl.LeaderElection (LogUtils.java:infoOrTrace(149)) -   Exception 0: {}
java.util.concurrent.ExecutionException: org.apache.ratis.thirdparty.io.grpc.StatusRuntimeException: UNAVAILABLE: io exception
	at java.util.concurrent.FutureTask.report(FutureTask.java:122)
	at java.util.concurrent.FutureTask.get(FutureTask.java:192)
	at org.apache.ratis.server.impl.LeaderElection.waitForResults(LeaderElection.java:259)
	at org.apache.ratis.server.impl.LeaderElection.askForVotes(LeaderElection.java:197)
	at org.apache.ratis.server.impl.LeaderElection.run(LeaderElection.java:133)
	at java.lang.Thread.run(Thread.java:748)
Caused by: org.apache.ratis.thirdparty.io.grpc.StatusRuntimeException: UNAVAILABLE: io exception
	at org.apache.ratis.thirdparty.io.grpc.stub.ClientCalls.toStatusRuntimeException(ClientCalls.java:233)
	at org.apache.ratis.thirdparty.io.grpc.stub.ClientCalls.getUnchecked(ClientCalls.java:214)
	at org.apache.ratis.thirdparty.io.grpc.stub.ClientCalls.blockingUnaryCall(ClientCalls.java:139)
	at org.apache.ratis.proto.grpc.RaftServerProtocolServiceGrpc$RaftServerProtocolServiceBlockingStub.requestVote(RaftServerProtocolServiceGrpc.java:265)
	at org.apache.ratis.grpc.server.GrpcServerProtocolClient.requestVote(GrpcServerProtocolClient.java:99)
	at org.apache.ratis.grpc.server.GrpcService.requestVote(GrpcService.java:204)
	at org.apache.ratis.server.impl.LeaderElection.lambda$submitRequests$1(LeaderElection.java:234)
	at java.util.concurrent.FutureTask.run(FutureTask.java:266)
	at java.util.concurrent.Executors$RunnableAdapter.call(Executors.java:511)
	at java.util.concurrent.FutureTask.run(FutureTask.java:266)
	at java.util.concurrent.ThreadPoolExecutor.runWorker(ThreadPoolExecutor.java:1149)
	at java.util.concurrent.ThreadPoolExecutor$Worker.run(ThreadPoolExecutor.java:624)
	... 1 more
Caused by: org.apache.ratis.thirdparty.io.netty.channel.AbstractChannel$AnnotatedConnectException: Connection refused: /192.168.157.242:42362
	at sun.nio.ch.SocketChannelImpl.checkConnect(Native Method)
	at sun.nio.ch.SocketChannelImpl.finishConnect(SocketChannelImpl.java:717)
	at org.apache.ratis.thirdparty.io.netty.channel.socket.nio.NioSocketChannel.doFinishConnect(NioSocketChannel.java:327)
	at org.apache.ratis.thirdparty.io.netty.channel.nio.AbstractNioChannel$AbstractNioUnsafe.finishConnect(AbstractNioChannel.java:340)
	at org.apache.ratis.thirdparty.io.netty.channel.nio.NioEventLoop.processSelectedKey(NioEventLoop.java:632)
	at org.apache.ratis.thirdparty.io.netty.channel.nio.NioEventLoop.processSelectedKeysOptimized(NioEventLoop.java:579)
	at org.apache.ratis.thirdparty.io.netty.channel.nio.NioEventLoop.processSelectedKeys(NioEventLoop.java:496)
	at org.apache.ratis.thirdparty.io.netty.channel.nio.NioEventLoop.run(NioEventLoop.java:458)
	at org.apache.ratis.thirdparty.io.netty.util.concurrent.SingleThreadEventExecutor$5.run(SingleThreadEventExecutor.java:897)
	at org.apache.ratis.thirdparty.io.netty.util.concurrent.FastThreadLocalRunnable.run(FastThreadLocalRunnable.java:30)
	... 1 more
Caused by: java.net.ConnectException: Connection refused
	... 11 more
2019-10-19 01:26:48,338 [8bce6a00-3bba-419d-83ac-b35141b6b559@group-31C3DC938042-LeaderElection180] INFO  impl.RaftServerImpl (RaftServerImpl.java:setRole(184)) - 8bce6a00-3bba-419d-83ac-b35141b6b559@group-31C3DC938042: changes role from CANDIDATE to FOLLOWER at term 166 for DISCOVERED_A_NEW_TERM
2019-10-19 01:26:48,338 [8bce6a00-3bba-419d-83ac-b35141b6b559@group-31C3DC938042-LeaderElection180] INFO  impl.RoleInfo (RoleInfo.java:shutdownLeaderElection(134)) - 8bce6a00-3bba-419d-83ac-b35141b6b559: shutdown LeaderElection
2019-10-19 01:26:48,338 [8bce6a00-3bba-419d-83ac-b35141b6b559@group-31C3DC938042-LeaderElection180] INFO  impl.RoleInfo (RoleInfo.java:updateAndGet(143)) - 8bce6a00-3bba-419d-83ac-b35141b6b559: start FollowerState
2019-10-19 01:26:48,388 [Thread-1669] INFO  impl.FollowerState (FollowerState.java:run(108)) - 8bce6a00-3bba-419d-83ac-b35141b6b559@group-31C3DC938042-FollowerState: change to CANDIDATE, lastRpcTime:50ms, electionTimeout:50ms
2019-10-19 01:26:48,388 [Thread-1669] INFO  impl.RoleInfo (RoleInfo.java:shutdownFollowerState(121)) - 8bce6a00-3bba-419d-83ac-b35141b6b559: shutdown FollowerState
2019-10-19 01:26:48,388 [Thread-1669] INFO  impl.RaftServerImpl (RaftServerImpl.java:setRole(184)) - 8bce6a00-3bba-419d-83ac-b35141b6b559@group-31C3DC938042: changes role from  FOLLOWER to CANDIDATE at term 166 for changeToCandidate
2019-10-19 01:26:48,389 [Thread-1669] INFO  impl.RoleInfo (RoleInfo.java:updateAndGet(143)) - 8bce6a00-3bba-419d-83ac-b35141b6b559: start LeaderElection
2019-10-19 01:26:48,408 [8bce6a00-3bba-419d-83ac-b35141b6b559@group-31C3DC938042-LeaderElection181] INFO  impl.LeaderElection (LeaderElection.java:askForVotes(178)) - 8bce6a00-3bba-419d-83ac-b35141b6b559@group-31C3DC938042-LeaderElection181: begin an election at term 167 for -1: [774c78e1-8dd4-453d-975e-442189a07fe2:192.168.157.242:38712, 7247ad7d-2ca2-4af8-9337-77c07ea89cb3:192.168.157.242:42362, 8bce6a00-3bba-419d-83ac-b35141b6b559:192.168.157.242:37801], old=null
2019-10-19 01:26:48,409 [8bce6a00-3bba-419d-83ac-b35141b6b559@group-31C3DC938042-LeaderElection181] INFO  impl.LeaderElection (LogUtils.java:infoOrTrace(149)) - 8bce6a00-3bba-419d-83ac-b35141b6b559@group-31C3DC938042-LeaderElection181 got exception when requesting votes: {}
java.util.concurrent.ExecutionException: org.apache.ratis.thirdparty.io.grpc.StatusRuntimeException: UNAVAILABLE: io exception
	at java.util.concurrent.FutureTask.report(FutureTask.java:122)
	at java.util.concurrent.FutureTask.get(FutureTask.java:192)
	at org.apache.ratis.server.impl.LeaderElection.waitForResults(LeaderElection.java:259)
	at org.apache.ratis.server.impl.LeaderElection.askForVotes(LeaderElection.java:197)
	at org.apache.ratis.server.impl.LeaderElection.run(LeaderElection.java:133)
	at java.lang.Thread.run(Thread.java:748)
Caused by: org.apache.ratis.thirdparty.io.grpc.StatusRuntimeException: UNAVAILABLE: io exception
	at org.apache.ratis.thirdparty.io.grpc.stub.ClientCalls.toStatusRuntimeException(ClientCalls.java:233)
	at org.apache.ratis.thirdparty.io.grpc.stub.ClientCalls.getUnchecked(ClientCalls.java:214)
	at org.apache.ratis.thirdparty.io.grpc.stub.ClientCalls.blockingUnaryCall(ClientCalls.java:139)
	at org.apache.ratis.proto.grpc.RaftServerProtocolServiceGrpc$RaftServerProtocolServiceBlockingStub.requestVote(RaftServerProtocolServiceGrpc.java:265)
	at org.apache.ratis.grpc.server.GrpcServerProtocolClient.requestVote(GrpcServerProtocolClient.java:99)
	at org.apache.ratis.grpc.server.GrpcService.requestVote(GrpcService.java:204)
	at org.apache.ratis.server.impl.LeaderElection.lambda$submitRequests$1(LeaderElection.java:234)
	at java.util.concurrent.FutureTask.run(FutureTask.java:266)
	at java.util.concurrent.Executors$RunnableAdapter.call(Executors.java:511)
	at java.util.concurrent.FutureTask.run(FutureTask.java:266)
	at java.util.concurrent.ThreadPoolExecutor.runWorker(ThreadPoolExecutor.java:1149)
	at java.util.concurrent.ThreadPoolExecutor$Worker.run(ThreadPoolExecutor.java:624)
	... 1 more
Caused by: org.apache.ratis.thirdparty.io.netty.channel.AbstractChannel$AnnotatedConnectException: Connection refused: /192.168.157.242:42362
	at sun.nio.ch.SocketChannelImpl.checkConnect(Native Method)
	at sun.nio.ch.SocketChannelImpl.finishConnect(SocketChannelImpl.java:717)
	at org.apache.ratis.thirdparty.io.netty.channel.socket.nio.NioSocketChannel.doFinishConnect(NioSocketChannel.java:327)
	at org.apache.ratis.thirdparty.io.netty.channel.nio.AbstractNioChannel$AbstractNioUnsafe.finishConnect(AbstractNioChannel.java:340)
	at org.apache.ratis.thirdparty.io.netty.channel.nio.NioEventLoop.processSelectedKey(NioEventLoop.java:632)
	at org.apache.ratis.thirdparty.io.netty.channel.nio.NioEventLoop.processSelectedKeysOptimized(NioEventLoop.java:579)
	at org.apache.ratis.thirdparty.io.netty.channel.nio.NioEventLoop.processSelectedKeys(NioEventLoop.java:496)
	at org.apache.ratis.thirdparty.io.netty.channel.nio.NioEventLoop.run(NioEventLoop.java:458)
	at org.apache.ratis.thirdparty.io.netty.util.concurrent.SingleThreadEventExecutor$5.run(SingleThreadEventExecutor.java:897)
	at org.apache.ratis.thirdparty.io.netty.util.concurrent.FastThreadLocalRunnable.run(FastThreadLocalRunnable.java:30)
	... 1 more
Caused by: java.net.ConnectException: Connection refused
	... 11 more
2019-10-19 01:26:48,410 [grpc-default-executor-4] INFO  impl.RaftServerImpl (RaftServerImpl.java:setRole(184)) - 774c78e1-8dd4-453d-975e-442189a07fe2@group-31C3DC938042: changes role from  FOLLOWER to FOLLOWER at term 167 for recognizeCandidate:8bce6a00-3bba-419d-83ac-b35141b6b559
2019-10-19 01:26:48,410 [grpc-default-executor-4] INFO  impl.RoleInfo (RoleInfo.java:shutdownFollowerState(121)) - 774c78e1-8dd4-453d-975e-442189a07fe2: shutdown FollowerState
2019-10-19 01:26:48,410 [grpc-default-executor-4] INFO  impl.RoleInfo (RoleInfo.java:updateAndGet(143)) - 774c78e1-8dd4-453d-975e-442189a07fe2: start FollowerState
2019-10-19 01:26:48,411 [Thread-1668] INFO  impl.FollowerState (FollowerState.java:run(117)) - 774c78e1-8dd4-453d-975e-442189a07fe2@group-31C3DC938042-FollowerState was interrupted: java.lang.InterruptedException: sleep interrupted
2019-10-19 01:26:48,425 [8bce6a00-3bba-419d-83ac-b35141b6b559@group-31C3DC938042-LeaderElection181] INFO  impl.LeaderElection (LeaderElection.java:logAndReturn(56)) - 8bce6a00-3bba-419d-83ac-b35141b6b559@group-31C3DC938042-LeaderElection181: Election REJECTED; received 1 response(s) [8bce6a00-3bba-419d-83ac-b35141b6b559<-774c78e1-8dd4-453d-975e-442189a07fe2#0:FAIL-t167] and 1 exception(s); 8bce6a00-3bba-419d-83ac-b35141b6b559@group-31C3DC938042:t167, leader=null, voted=8bce6a00-3bba-419d-83ac-b35141b6b559, raftlog=8bce6a00-3bba-419d-83ac-b35141b6b559@group-31C3DC938042-SegmentedRaftLog:OPENED:c-1,f-1,i0, conf=-1: [774c78e1-8dd4-453d-975e-442189a07fe2:192.168.157.242:38712, 7247ad7d-2ca2-4af8-9337-77c07ea89cb3:192.168.157.242:42362, 8bce6a00-3bba-419d-83ac-b35141b6b559:192.168.157.242:37801], old=null
2019-10-19 01:26:48,425 [8bce6a00-3bba-419d-83ac-b35141b6b559@group-31C3DC938042-LeaderElection181] INFO  impl.LeaderElection (LogUtils.java:infoOrTrace(149)) -   Exception 0: {}
java.util.concurrent.ExecutionException: org.apache.ratis.thirdparty.io.grpc.StatusRuntimeException: UNAVAILABLE: io exception
	at java.util.concurrent.FutureTask.report(FutureTask.java:122)
	at java.util.concurrent.FutureTask.get(FutureTask.java:192)
	at org.apache.ratis.server.impl.LeaderElection.waitForResults(LeaderElection.java:259)
	at org.apache.ratis.server.impl.LeaderElection.askForVotes(LeaderElection.java:197)
	at org.apache.ratis.server.impl.LeaderElection.run(LeaderElection.java:133)
	at java.lang.Thread.run(Thread.java:748)
Caused by: org.apache.ratis.thirdparty.io.grpc.StatusRuntimeException: UNAVAILABLE: io exception
	at org.apache.ratis.thirdparty.io.grpc.stub.ClientCalls.toStatusRuntimeException(ClientCalls.java:233)
	at org.apache.ratis.thirdparty.io.grpc.stub.ClientCalls.getUnchecked(ClientCalls.java:214)
	at org.apache.ratis.thirdparty.io.grpc.stub.ClientCalls.blockingUnaryCall(ClientCalls.java:139)
	at org.apache.ratis.proto.grpc.RaftServerProtocolServiceGrpc$RaftServerProtocolServiceBlockingStub.requestVote(RaftServerProtocolServiceGrpc.java:265)
	at org.apache.ratis.grpc.server.GrpcServerProtocolClient.requestVote(GrpcServerProtocolClient.java:99)
	at org.apache.ratis.grpc.server.GrpcService.requestVote(GrpcService.java:204)
	at org.apache.ratis.server.impl.LeaderElection.lambda$submitRequests$1(LeaderElection.java:234)
	at java.util.concurrent.FutureTask.run(FutureTask.java:266)
	at java.util.concurrent.Executors$RunnableAdapter.call(Executors.java:511)
	at java.util.concurrent.FutureTask.run(FutureTask.java:266)
	at java.util.concurrent.ThreadPoolExecutor.runWorker(ThreadPoolExecutor.java:1149)
	at java.util.concurrent.ThreadPoolExecutor$Worker.run(ThreadPoolExecutor.java:624)
	... 1 more
Caused by: org.apache.ratis.thirdparty.io.netty.channel.AbstractChannel$AnnotatedConnectException: Connection refused: /192.168.157.242:42362
	at sun.nio.ch.SocketChannelImpl.checkConnect(Native Method)
	at sun.nio.ch.SocketChannelImpl.finishConnect(SocketChannelImpl.java:717)
	at org.apache.ratis.thirdparty.io.netty.channel.socket.nio.NioSocketChannel.doFinishConnect(NioSocketChannel.java:327)
	at org.apache.ratis.thirdparty.io.netty.channel.nio.AbstractNioChannel$AbstractNioUnsafe.finishConnect(AbstractNioChannel.java:340)
	at org.apache.ratis.thirdparty.io.netty.channel.nio.NioEventLoop.processSelectedKey(NioEventLoop.java:632)
	at org.apache.ratis.thirdparty.io.netty.channel.nio.NioEventLoop.processSelectedKeysOptimized(NioEventLoop.java:579)
	at org.apache.ratis.thirdparty.io.netty.channel.nio.NioEventLoop.processSelectedKeys(NioEventLoop.java:496)
	at org.apache.ratis.thirdparty.io.netty.channel.nio.NioEventLoop.run(NioEventLoop.java:458)
	at org.apache.ratis.thirdparty.io.netty.util.concurrent.SingleThreadEventExecutor$5.run(SingleThreadEventExecutor.java:897)
	at org.apache.ratis.thirdparty.io.netty.util.concurrent.FastThreadLocalRunnable.run(FastThreadLocalRunnable.java:30)
	... 1 more
Caused by: java.net.ConnectException: Connection refused
	... 11 more
2019-10-19 01:26:48,425 [8bce6a00-3bba-419d-83ac-b35141b6b559@group-31C3DC938042-LeaderElection181] INFO  impl.RaftServerImpl (RaftServerImpl.java:setRole(184)) - 8bce6a00-3bba-419d-83ac-b35141b6b559@group-31C3DC938042: changes role from CANDIDATE to FOLLOWER at term 167 for DISCOVERED_A_NEW_TERM
2019-10-19 01:26:48,426 [8bce6a00-3bba-419d-83ac-b35141b6b559@group-31C3DC938042-LeaderElection181] INFO  impl.RoleInfo (RoleInfo.java:shutdownLeaderElection(134)) - 8bce6a00-3bba-419d-83ac-b35141b6b559: shutdown LeaderElection
2019-10-19 01:26:48,426 [8bce6a00-3bba-419d-83ac-b35141b6b559@group-31C3DC938042-LeaderElection181] INFO  impl.RoleInfo (RoleInfo.java:updateAndGet(143)) - 8bce6a00-3bba-419d-83ac-b35141b6b559: start FollowerState
2019-10-19 01:26:48,524 [Thread-1674] INFO  impl.FollowerState (FollowerState.java:run(108)) - 8bce6a00-3bba-419d-83ac-b35141b6b559@group-31C3DC938042-FollowerState: change to CANDIDATE, lastRpcTime:98ms, electionTimeout:98ms
2019-10-19 01:26:48,524 [Thread-1674] INFO  impl.RoleInfo (RoleInfo.java:shutdownFollowerState(121)) - 8bce6a00-3bba-419d-83ac-b35141b6b559: shutdown FollowerState
2019-10-19 01:26:48,525 [Thread-1674] INFO  impl.RaftServerImpl (RaftServerImpl.java:setRole(184)) - 8bce6a00-3bba-419d-83ac-b35141b6b559@group-31C3DC938042: changes role from  FOLLOWER to CANDIDATE at term 167 for changeToCandidate
2019-10-19 01:26:48,525 [Thread-1674] INFO  impl.RoleInfo (RoleInfo.java:updateAndGet(143)) - 8bce6a00-3bba-419d-83ac-b35141b6b559: start LeaderElection
2019-10-19 01:26:48,559 [8bce6a00-3bba-419d-83ac-b35141b6b559@group-31C3DC938042-LeaderElection182] INFO  impl.LeaderElection (LeaderElection.java:askForVotes(178)) - 8bce6a00-3bba-419d-83ac-b35141b6b559@group-31C3DC938042-LeaderElection182: begin an election at term 168 for -1: [774c78e1-8dd4-453d-975e-442189a07fe2:192.168.157.242:38712, 7247ad7d-2ca2-4af8-9337-77c07ea89cb3:192.168.157.242:42362, 8bce6a00-3bba-419d-83ac-b35141b6b559:192.168.157.242:37801], old=null
2019-10-19 01:26:48,560 [8bce6a00-3bba-419d-83ac-b35141b6b559@group-31C3DC938042-LeaderElection182] INFO  impl.LeaderElection (LogUtils.java:infoOrTrace(149)) - 8bce6a00-3bba-419d-83ac-b35141b6b559@group-31C3DC938042-LeaderElection182 got exception when requesting votes: {}
java.util.concurrent.ExecutionException: org.apache.ratis.thirdparty.io.grpc.StatusRuntimeException: UNAVAILABLE: io exception
	at java.util.concurrent.FutureTask.report(FutureTask.java:122)
	at java.util.concurrent.FutureTask.get(FutureTask.java:192)
	at org.apache.ratis.server.impl.LeaderElection.waitForResults(LeaderElection.java:259)
	at org.apache.ratis.server.impl.LeaderElection.askForVotes(LeaderElection.java:197)
	at org.apache.ratis.server.impl.LeaderElection.run(LeaderElection.java:133)
	at java.lang.Thread.run(Thread.java:748)
Caused by: org.apache.ratis.thirdparty.io.grpc.StatusRuntimeException: UNAVAILABLE: io exception
	at org.apache.ratis.thirdparty.io.grpc.stub.ClientCalls.toStatusRuntimeException(ClientCalls.java:233)
	at org.apache.ratis.thirdparty.io.grpc.stub.ClientCalls.getUnchecked(ClientCalls.java:214)
	at org.apache.ratis.thirdparty.io.grpc.stub.ClientCalls.blockingUnaryCall(ClientCalls.java:139)
	at org.apache.ratis.proto.grpc.RaftServerProtocolServiceGrpc$RaftServerProtocolServiceBlockingStub.requestVote(RaftServerProtocolServiceGrpc.java:265)
	at org.apache.ratis.grpc.server.GrpcServerProtocolClient.requestVote(GrpcServerProtocolClient.java:99)
	at org.apache.ratis.grpc.server.GrpcService.requestVote(GrpcService.java:204)
	at org.apache.ratis.server.impl.LeaderElection.lambda$submitRequests$1(LeaderElection.java:234)
	at java.util.concurrent.FutureTask.run(FutureTask.java:266)
	at java.util.concurrent.Executors$RunnableAdapter.call(Executors.java:511)
	at java.util.concurrent.FutureTask.run(FutureTask.java:266)
	at java.util.concurrent.ThreadPoolExecutor.runWorker(ThreadPoolExecutor.java:1149)
	at java.util.concurrent.ThreadPoolExecutor$Worker.run(ThreadPoolExecutor.java:624)
	... 1 more
Caused by: org.apache.ratis.thirdparty.io.netty.channel.AbstractChannel$AnnotatedConnectException: Connection refused: /192.168.157.242:42362
	at sun.nio.ch.SocketChannelImpl.checkConnect(Native Method)
	at sun.nio.ch.SocketChannelImpl.finishConnect(SocketChannelImpl.java:717)
	at org.apache.ratis.thirdparty.io.netty.channel.socket.nio.NioSocketChannel.doFinishConnect(NioSocketChannel.java:327)
	at org.apache.ratis.thirdparty.io.netty.channel.nio.AbstractNioChannel$AbstractNioUnsafe.finishConnect(AbstractNioChannel.java:340)
	at org.apache.ratis.thirdparty.io.netty.channel.nio.NioEventLoop.processSelectedKey(NioEventLoop.java:632)
	at org.apache.ratis.thirdparty.io.netty.channel.nio.NioEventLoop.processSelectedKeysOptimized(NioEventLoop.java:579)
	at org.apache.ratis.thirdparty.io.netty.channel.nio.NioEventLoop.processSelectedKeys(NioEventLoop.java:496)
	at org.apache.ratis.thirdparty.io.netty.channel.nio.NioEventLoop.run(NioEventLoop.java:458)
	at org.apache.ratis.thirdparty.io.netty.util.concurrent.SingleThreadEventExecutor$5.run(SingleThreadEventExecutor.java:897)
	at org.apache.ratis.thirdparty.io.netty.util.concurrent.FastThreadLocalRunnable.run(FastThreadLocalRunnable.java:30)
	... 1 more
Caused by: java.net.ConnectException: Connection refused
	... 11 more
2019-10-19 01:26:48,562 [grpc-default-executor-4] INFO  impl.RaftServerImpl (RaftServerImpl.java:setRole(184)) - 774c78e1-8dd4-453d-975e-442189a07fe2@group-31C3DC938042: changes role from  FOLLOWER to FOLLOWER at term 168 for recognizeCandidate:8bce6a00-3bba-419d-83ac-b35141b6b559
2019-10-19 01:26:48,562 [grpc-default-executor-4] INFO  impl.RoleInfo (RoleInfo.java:shutdownFollowerState(121)) - 774c78e1-8dd4-453d-975e-442189a07fe2: shutdown FollowerState
2019-10-19 01:26:48,562 [grpc-default-executor-4] INFO  impl.RoleInfo (RoleInfo.java:updateAndGet(143)) - 774c78e1-8dd4-453d-975e-442189a07fe2: start FollowerState
2019-10-19 01:26:48,563 [Thread-1673] INFO  impl.FollowerState (FollowerState.java:run(117)) - 774c78e1-8dd4-453d-975e-442189a07fe2@group-31C3DC938042-FollowerState was interrupted: java.lang.InterruptedException: sleep interrupted
2019-10-19 01:26:48,590 [8bce6a00-3bba-419d-83ac-b35141b6b559@group-31C3DC938042-LeaderElection182] INFO  impl.LeaderElection (LeaderElection.java:logAndReturn(56)) - 8bce6a00-3bba-419d-83ac-b35141b6b559@group-31C3DC938042-LeaderElection182: Election REJECTED; received 1 response(s) [8bce6a00-3bba-419d-83ac-b35141b6b559<-774c78e1-8dd4-453d-975e-442189a07fe2#0:FAIL-t168] and 1 exception(s); 8bce6a00-3bba-419d-83ac-b35141b6b559@group-31C3DC938042:t168, leader=null, voted=8bce6a00-3bba-419d-83ac-b35141b6b559, raftlog=8bce6a00-3bba-419d-83ac-b35141b6b559@group-31C3DC938042-SegmentedRaftLog:OPENED:c-1,f-1,i0, conf=-1: [774c78e1-8dd4-453d-975e-442189a07fe2:192.168.157.242:38712, 7247ad7d-2ca2-4af8-9337-77c07ea89cb3:192.168.157.242:42362, 8bce6a00-3bba-419d-83ac-b35141b6b559:192.168.157.242:37801], old=null
2019-10-19 01:26:48,590 [8bce6a00-3bba-419d-83ac-b35141b6b559@group-31C3DC938042-LeaderElection182] INFO  impl.LeaderElection (LogUtils.java:infoOrTrace(149)) -   Exception 0: {}
java.util.concurrent.ExecutionException: org.apache.ratis.thirdparty.io.grpc.StatusRuntimeException: UNAVAILABLE: io exception
	at java.util.concurrent.FutureTask.report(FutureTask.java:122)
	at java.util.concurrent.FutureTask.get(FutureTask.java:192)
	at org.apache.ratis.server.impl.LeaderElection.waitForResults(LeaderElection.java:259)
	at org.apache.ratis.server.impl.LeaderElection.askForVotes(LeaderElection.java:197)
	at org.apache.ratis.server.impl.LeaderElection.run(LeaderElection.java:133)
	at java.lang.Thread.run(Thread.java:748)
Caused by: org.apache.ratis.thirdparty.io.grpc.StatusRuntimeException: UNAVAILABLE: io exception
	at org.apache.ratis.thirdparty.io.grpc.stub.ClientCalls.toStatusRuntimeException(ClientCalls.java:233)
	at org.apache.ratis.thirdparty.io.grpc.stub.ClientCalls.getUnchecked(ClientCalls.java:214)
	at org.apache.ratis.thirdparty.io.grpc.stub.ClientCalls.blockingUnaryCall(ClientCalls.java:139)
	at org.apache.ratis.proto.grpc.RaftServerProtocolServiceGrpc$RaftServerProtocolServiceBlockingStub.requestVote(RaftServerProtocolServiceGrpc.java:265)
	at org.apache.ratis.grpc.server.GrpcServerProtocolClient.requestVote(GrpcServerProtocolClient.java:99)
	at org.apache.ratis.grpc.server.GrpcService.requestVote(GrpcService.java:204)
	at org.apache.ratis.server.impl.LeaderElection.lambda$submitRequests$1(LeaderElection.java:234)
	at java.util.concurrent.FutureTask.run(FutureTask.java:266)
	at java.util.concurrent.Executors$RunnableAdapter.call(Executors.java:511)
	at java.util.concurrent.FutureTask.run(FutureTask.java:266)
	at java.util.concurrent.ThreadPoolExecutor.runWorker(ThreadPoolExecutor.java:1149)
	at java.util.concurrent.ThreadPoolExecutor$Worker.run(ThreadPoolExecutor.java:624)
	... 1 more
Caused by: org.apache.ratis.thirdparty.io.netty.channel.AbstractChannel$AnnotatedConnectException: Connection refused: /192.168.157.242:42362
	at sun.nio.ch.SocketChannelImpl.checkConnect(Native Method)
	at sun.nio.ch.SocketChannelImpl.finishConnect(SocketChannelImpl.java:717)
	at org.apache.ratis.thirdparty.io.netty.channel.socket.nio.NioSocketChannel.doFinishConnect(NioSocketChannel.java:327)
	at org.apache.ratis.thirdparty.io.netty.channel.nio.AbstractNioChannel$AbstractNioUnsafe.finishConnect(AbstractNioChannel.java:340)
	at org.apache.ratis.thirdparty.io.netty.channel.nio.NioEventLoop.processSelectedKey(NioEventLoop.java:632)
	at org.apache.ratis.thirdparty.io.netty.channel.nio.NioEventLoop.processSelectedKeysOptimized(NioEventLoop.java:579)
	at org.apache.ratis.thirdparty.io.netty.channel.nio.NioEventLoop.processSelectedKeys(NioEventLoop.java:496)
	at org.apache.ratis.thirdparty.io.netty.channel.nio.NioEventLoop.run(NioEventLoop.java:458)
	at org.apache.ratis.thirdparty.io.netty.util.concurrent.SingleThreadEventExecutor$5.run(SingleThreadEventExecutor.java:897)
	at org.apache.ratis.thirdparty.io.netty.util.concurrent.FastThreadLocalRunnable.run(FastThreadLocalRunnable.java:30)
	... 1 more
Caused by: java.net.ConnectException: Connection refused
	... 11 more
2019-10-19 01:26:48,590 [8bce6a00-3bba-419d-83ac-b35141b6b559@group-31C3DC938042-LeaderElection182] INFO  impl.RaftServerImpl (RaftServerImpl.java:setRole(184)) - 8bce6a00-3bba-419d-83ac-b35141b6b559@group-31C3DC938042: changes role from CANDIDATE to FOLLOWER at term 168 for DISCOVERED_A_NEW_TERM
2019-10-19 01:26:48,590 [8bce6a00-3bba-419d-83ac-b35141b6b559@group-31C3DC938042-LeaderElection182] INFO  impl.RoleInfo (RoleInfo.java:shutdownLeaderElection(134)) - 8bce6a00-3bba-419d-83ac-b35141b6b559: shutdown LeaderElection
2019-10-19 01:26:48,591 [8bce6a00-3bba-419d-83ac-b35141b6b559@group-31C3DC938042-LeaderElection182] INFO  impl.RoleInfo (RoleInfo.java:updateAndGet(143)) - 8bce6a00-3bba-419d-83ac-b35141b6b559: start FollowerState
2019-10-19 01:26:48,620 [Thread-1679] INFO  impl.FollowerState (FollowerState.java:run(108)) - 8bce6a00-3bba-419d-83ac-b35141b6b559@group-31C3DC938042-FollowerState: change to CANDIDATE, lastRpcTime:29ms, electionTimeout:29ms
2019-10-19 01:26:48,620 [Thread-1679] INFO  impl.RoleInfo (RoleInfo.java:shutdownFollowerState(121)) - 8bce6a00-3bba-419d-83ac-b35141b6b559: shutdown FollowerState
2019-10-19 01:26:48,620 [Thread-1679] INFO  impl.RaftServerImpl (RaftServerImpl.java:setRole(184)) - 8bce6a00-3bba-419d-83ac-b35141b6b559@group-31C3DC938042: changes role from  FOLLOWER to CANDIDATE at term 168 for changeToCandidate
2019-10-19 01:26:48,621 [Thread-1679] INFO  impl.RoleInfo (RoleInfo.java:updateAndGet(143)) - 8bce6a00-3bba-419d-83ac-b35141b6b559: start LeaderElection
2019-10-19 01:26:48,653 [8bce6a00-3bba-419d-83ac-b35141b6b559@group-31C3DC938042-LeaderElection183] INFO  impl.LeaderElection (LeaderElection.java:askForVotes(178)) - 8bce6a00-3bba-419d-83ac-b35141b6b559@group-31C3DC938042-LeaderElection183: begin an election at term 169 for -1: [774c78e1-8dd4-453d-975e-442189a07fe2:192.168.157.242:38712, 7247ad7d-2ca2-4af8-9337-77c07ea89cb3:192.168.157.242:42362, 8bce6a00-3bba-419d-83ac-b35141b6b559:192.168.157.242:37801], old=null
2019-10-19 01:26:48,654 [8bce6a00-3bba-419d-83ac-b35141b6b559@group-31C3DC938042-LeaderElection183] INFO  impl.LeaderElection (LogUtils.java:infoOrTrace(149)) - 8bce6a00-3bba-419d-83ac-b35141b6b559@group-31C3DC938042-LeaderElection183 got exception when requesting votes: {}
java.util.concurrent.ExecutionException: org.apache.ratis.thirdparty.io.grpc.StatusRuntimeException: UNAVAILABLE: io exception
	at java.util.concurrent.FutureTask.report(FutureTask.java:122)
	at java.util.concurrent.FutureTask.get(FutureTask.java:192)
	at org.apache.ratis.server.impl.LeaderElection.waitForResults(LeaderElection.java:259)
	at org.apache.ratis.server.impl.LeaderElection.askForVotes(LeaderElection.java:197)
	at org.apache.ratis.server.impl.LeaderElection.run(LeaderElection.java:133)
	at java.lang.Thread.run(Thread.java:748)
Caused by: org.apache.ratis.thirdparty.io.grpc.StatusRuntimeException: UNAVAILABLE: io exception
	at org.apache.ratis.thirdparty.io.grpc.stub.ClientCalls.toStatusRuntimeException(ClientCalls.java:233)
	at org.apache.ratis.thirdparty.io.grpc.stub.ClientCalls.getUnchecked(ClientCalls.java:214)
	at org.apache.ratis.thirdparty.io.grpc.stub.ClientCalls.blockingUnaryCall(ClientCalls.java:139)
	at org.apache.ratis.proto.grpc.RaftServerProtocolServiceGrpc$RaftServerProtocolServiceBlockingStub.requestVote(RaftServerProtocolServiceGrpc.java:265)
	at org.apache.ratis.grpc.server.GrpcServerProtocolClient.requestVote(GrpcServerProtocolClient.java:99)
	at org.apache.ratis.grpc.server.GrpcService.requestVote(GrpcService.java:204)
	at org.apache.ratis.server.impl.LeaderElection.lambda$submitRequests$1(LeaderElection.java:234)
	at java.util.concurrent.FutureTask.run(FutureTask.java:266)
	at java.util.concurrent.Executors$RunnableAdapter.call(Executors.java:511)
	at java.util.concurrent.FutureTask.run(FutureTask.java:266)
	at java.util.concurrent.ThreadPoolExecutor.runWorker(ThreadPoolExecutor.java:1149)
	at java.util.concurrent.ThreadPoolExecutor$Worker.run(ThreadPoolExecutor.java:624)
	... 1 more
Caused by: org.apache.ratis.thirdparty.io.netty.channel.AbstractChannel$AnnotatedConnectException: Connection refused: /192.168.157.242:42362
	at sun.nio.ch.SocketChannelImpl.checkConnect(Native Method)
	at sun.nio.ch.SocketChannelImpl.finishConnect(SocketChannelImpl.java:717)
	at org.apache.ratis.thirdparty.io.netty.channel.socket.nio.NioSocketChannel.doFinishConnect(NioSocketChannel.java:327)
	at org.apache.ratis.thirdparty.io.netty.channel.nio.AbstractNioChannel$AbstractNioUnsafe.finishConnect(AbstractNioChannel.java:340)
	at org.apache.ratis.thirdparty.io.netty.channel.nio.NioEventLoop.processSelectedKey(NioEventLoop.java:632)
	at org.apache.ratis.thirdparty.io.netty.channel.nio.NioEventLoop.processSelectedKeysOptimized(NioEventLoop.java:579)
	at org.apache.ratis.thirdparty.io.netty.channel.nio.NioEventLoop.processSelectedKeys(NioEventLoop.java:496)
	at org.apache.ratis.thirdparty.io.netty.channel.nio.NioEventLoop.run(NioEventLoop.java:458)
	at org.apache.ratis.thirdparty.io.netty.util.concurrent.SingleThreadEventExecutor$5.run(SingleThreadEventExecutor.java:897)
	at org.apache.ratis.thirdparty.io.netty.util.concurrent.FastThreadLocalRunnable.run(FastThreadLocalRunnable.java:30)
	... 1 more
Caused by: java.net.ConnectException: Connection refused
	... 11 more
2019-10-19 01:26:48,656 [grpc-default-executor-4] INFO  impl.RaftServerImpl (RaftServerImpl.java:setRole(184)) - 774c78e1-8dd4-453d-975e-442189a07fe2@group-31C3DC938042: changes role from  FOLLOWER to FOLLOWER at term 169 for recognizeCandidate:8bce6a00-3bba-419d-83ac-b35141b6b559
2019-10-19 01:26:48,656 [grpc-default-executor-4] INFO  impl.RoleInfo (RoleInfo.java:shutdownFollowerState(121)) - 774c78e1-8dd4-453d-975e-442189a07fe2: shutdown FollowerState
2019-10-19 01:26:48,656 [grpc-default-executor-4] INFO  impl.RoleInfo (RoleInfo.java:updateAndGet(143)) - 774c78e1-8dd4-453d-975e-442189a07fe2: start FollowerState
2019-10-19 01:26:48,656 [Thread-1678] INFO  impl.FollowerState (FollowerState.java:run(117)) - 774c78e1-8dd4-453d-975e-442189a07fe2@group-31C3DC938042-FollowerState was interrupted: java.lang.InterruptedException: sleep interrupted
2019-10-19 01:26:48,670 [8bce6a00-3bba-419d-83ac-b35141b6b559@group-31C3DC938042-LeaderElection183] INFO  impl.LeaderElection (LeaderElection.java:logAndReturn(56)) - 8bce6a00-3bba-419d-83ac-b35141b6b559@group-31C3DC938042-LeaderElection183: Election REJECTED; received 1 response(s) [8bce6a00-3bba-419d-83ac-b35141b6b559<-774c78e1-8dd4-453d-975e-442189a07fe2#0:FAIL-t169] and 1 exception(s); 8bce6a00-3bba-419d-83ac-b35141b6b559@group-31C3DC938042:t169, leader=null, voted=8bce6a00-3bba-419d-83ac-b35141b6b559, raftlog=8bce6a00-3bba-419d-83ac-b35141b6b559@group-31C3DC938042-SegmentedRaftLog:OPENED:c-1,f-1,i0, conf=-1: [774c78e1-8dd4-453d-975e-442189a07fe2:192.168.157.242:38712, 7247ad7d-2ca2-4af8-9337-77c07ea89cb3:192.168.157.242:42362, 8bce6a00-3bba-419d-83ac-b35141b6b559:192.168.157.242:37801], old=null
2019-10-19 01:26:48,670 [8bce6a00-3bba-419d-83ac-b35141b6b559@group-31C3DC938042-LeaderElection183] INFO  impl.LeaderElection (LogUtils.java:infoOrTrace(149)) -   Exception 0: {}
java.util.concurrent.ExecutionException: org.apache.ratis.thirdparty.io.grpc.StatusRuntimeException: UNAVAILABLE: io exception
	at java.util.concurrent.FutureTask.report(FutureTask.java:122)
	at java.util.concurrent.FutureTask.get(FutureTask.java:192)
	at org.apache.ratis.server.impl.LeaderElection.waitForResults(LeaderElection.java:259)
	at org.apache.ratis.server.impl.LeaderElection.askForVotes(LeaderElection.java:197)
	at org.apache.ratis.server.impl.LeaderElection.run(LeaderElection.java:133)
	at java.lang.Thread.run(Thread.java:748)
Caused by: org.apache.ratis.thirdparty.io.grpc.StatusRuntimeException: UNAVAILABLE: io exception
	at org.apache.ratis.thirdparty.io.grpc.stub.ClientCalls.toStatusRuntimeException(ClientCalls.java:233)
	at org.apache.ratis.thirdparty.io.grpc.stub.ClientCalls.getUnchecked(ClientCalls.java:214)
	at org.apache.ratis.thirdparty.io.grpc.stub.ClientCalls.blockingUnaryCall(ClientCalls.java:139)
	at org.apache.ratis.proto.grpc.RaftServerProtocolServiceGrpc$RaftServerProtocolServiceBlockingStub.requestVote(RaftServerProtocolServiceGrpc.java:265)
	at org.apache.ratis.grpc.server.GrpcServerProtocolClient.requestVote(GrpcServerProtocolClient.java:99)
	at org.apache.ratis.grpc.server.GrpcService.requestVote(GrpcService.java:204)
	at org.apache.ratis.server.impl.LeaderElection.lambda$submitRequests$1(LeaderElection.java:234)
	at java.util.concurrent.FutureTask.run(FutureTask.java:266)
	at java.util.concurrent.Executors$RunnableAdapter.call(Executors.java:511)
	at java.util.concurrent.FutureTask.run(FutureTask.java:266)
	at java.util.concurrent.ThreadPoolExecutor.runWorker(ThreadPoolExecutor.java:1149)
	at java.util.concurrent.ThreadPoolExecutor$Worker.run(ThreadPoolExecutor.java:624)
	... 1 more
Caused by: org.apache.ratis.thirdparty.io.netty.channel.AbstractChannel$AnnotatedConnectException: Connection refused: /192.168.157.242:42362
	at sun.nio.ch.SocketChannelImpl.checkConnect(Native Method)
	at sun.nio.ch.SocketChannelImpl.finishConnect(SocketChannelImpl.java:717)
	at org.apache.ratis.thirdparty.io.netty.channel.socket.nio.NioSocketChannel.doFinishConnect(NioSocketChannel.java:327)
	at org.apache.ratis.thirdparty.io.netty.channel.nio.AbstractNioChannel$AbstractNioUnsafe.finishConnect(AbstractNioChannel.java:340)
	at org.apache.ratis.thirdparty.io.netty.channel.nio.NioEventLoop.processSelectedKey(NioEventLoop.java:632)
	at org.apache.ratis.thirdparty.io.netty.channel.nio.NioEventLoop.processSelectedKeysOptimized(NioEventLoop.java:579)
	at org.apache.ratis.thirdparty.io.netty.channel.nio.NioEventLoop.processSelectedKeys(NioEventLoop.java:496)
	at org.apache.ratis.thirdparty.io.netty.channel.nio.NioEventLoop.run(NioEventLoop.java:458)
	at org.apache.ratis.thirdparty.io.netty.util.concurrent.SingleThreadEventExecutor$5.run(SingleThreadEventExecutor.java:897)
	at org.apache.ratis.thirdparty.io.netty.util.concurrent.FastThreadLocalRunnable.run(FastThreadLocalRunnable.java:30)
	... 1 more
Caused by: java.net.ConnectException: Connection refused
	... 11 more
2019-10-19 01:26:48,671 [8bce6a00-3bba-419d-83ac-b35141b6b559@group-31C3DC938042-LeaderElection183] INFO  impl.RaftServerImpl (RaftServerImpl.java:setRole(184)) - 8bce6a00-3bba-419d-83ac-b35141b6b559@group-31C3DC938042: changes role from CANDIDATE to FOLLOWER at term 169 for DISCOVERED_A_NEW_TERM
2019-10-19 01:26:48,671 [8bce6a00-3bba-419d-83ac-b35141b6b559@group-31C3DC938042-LeaderElection183] INFO  impl.RoleInfo (RoleInfo.java:shutdownLeaderElection(134)) - 8bce6a00-3bba-419d-83ac-b35141b6b559: shutdown LeaderElection
2019-10-19 01:26:48,671 [8bce6a00-3bba-419d-83ac-b35141b6b559@group-31C3DC938042-LeaderElection183] INFO  impl.RoleInfo (RoleInfo.java:updateAndGet(143)) - 8bce6a00-3bba-419d-83ac-b35141b6b559: start FollowerState
2019-10-19 01:26:48,673 [Thread-1632] INFO  impl.FollowerState (FollowerState.java:run(108)) - a47f4692-6292-482b-87e1-943728217a13@group-12F62FEB2D83-FollowerState: change to CANDIDATE, lastRpcTime:1097ms, electionTimeout:1097ms
2019-10-19 01:26:48,673 [Thread-1632] INFO  impl.RoleInfo (RoleInfo.java:shutdownFollowerState(121)) - a47f4692-6292-482b-87e1-943728217a13: shutdown FollowerState
2019-10-19 01:26:48,673 [Thread-1632] INFO  impl.RaftServerImpl (RaftServerImpl.java:setRole(184)) - a47f4692-6292-482b-87e1-943728217a13@group-12F62FEB2D83: changes role from  FOLLOWER to CANDIDATE at term 11 for changeToCandidate
2019-10-19 01:26:48,673 [Thread-1632] INFO  impl.RoleInfo (RoleInfo.java:updateAndGet(143)) - a47f4692-6292-482b-87e1-943728217a13: start LeaderElection
2019-10-19 01:26:48,686 [a47f4692-6292-482b-87e1-943728217a13@group-12F62FEB2D83-LeaderElection184] INFO  impl.LeaderElection (LeaderElection.java:askForVotes(178)) - a47f4692-6292-482b-87e1-943728217a13@group-12F62FEB2D83-LeaderElection184: begin an election at term 12 for 0: [7bdff0e9-7b76-4a2e-87b8-7520d2e34914:192.168.157.242:33030, df8ea49b-ef0b-40b0-a5d0-e4c136909b6f:192.168.157.242:40644, a47f4692-6292-482b-87e1-943728217a13:192.168.157.242:34977], old=null
2019-10-19 01:26:48,687 [a47f4692-6292-482b-87e1-943728217a13@group-12F62FEB2D83-LeaderElection184] INFO  impl.LeaderElection (LogUtils.java:infoOrTrace(149)) - a47f4692-6292-482b-87e1-943728217a13@group-12F62FEB2D83-LeaderElection184 got exception when requesting votes: {}
java.util.concurrent.ExecutionException: org.apache.ratis.thirdparty.io.grpc.StatusRuntimeException: UNAVAILABLE: io exception
	at java.util.concurrent.FutureTask.report(FutureTask.java:122)
	at java.util.concurrent.FutureTask.get(FutureTask.java:192)
	at org.apache.ratis.server.impl.LeaderElection.waitForResults(LeaderElection.java:259)
	at org.apache.ratis.server.impl.LeaderElection.askForVotes(LeaderElection.java:197)
	at org.apache.ratis.server.impl.LeaderElection.run(LeaderElection.java:133)
	at java.lang.Thread.run(Thread.java:748)
Caused by: org.apache.ratis.thirdparty.io.grpc.StatusRuntimeException: UNAVAILABLE: io exception
	at org.apache.ratis.thirdparty.io.grpc.stub.ClientCalls.toStatusRuntimeException(ClientCalls.java:233)
	at org.apache.ratis.thirdparty.io.grpc.stub.ClientCalls.getUnchecked(ClientCalls.java:214)
	at org.apache.ratis.thirdparty.io.grpc.stub.ClientCalls.blockingUnaryCall(ClientCalls.java:139)
	at org.apache.ratis.proto.grpc.RaftServerProtocolServiceGrpc$RaftServerProtocolServiceBlockingStub.requestVote(RaftServerProtocolServiceGrpc.java:265)
	at org.apache.ratis.grpc.server.GrpcServerProtocolClient.requestVote(GrpcServerProtocolClient.java:99)
	at org.apache.ratis.grpc.server.GrpcService.requestVote(GrpcService.java:204)
	at org.apache.ratis.server.impl.LeaderElection.lambda$submitRequests$1(LeaderElection.java:234)
	at java.util.concurrent.FutureTask.run(FutureTask.java:266)
	at java.util.concurrent.Executors$RunnableAdapter.call(Executors.java:511)
	at java.util.concurrent.FutureTask.run(FutureTask.java:266)
	at java.util.concurrent.ThreadPoolExecutor.runWorker(ThreadPoolExecutor.java:1149)
	at java.util.concurrent.ThreadPoolExecutor$Worker.run(ThreadPoolExecutor.java:624)
	... 1 more
Caused by: org.apache.ratis.thirdparty.io.netty.channel.AbstractChannel$AnnotatedConnectException: Connection refused: /192.168.157.242:33030
	at sun.nio.ch.SocketChannelImpl.checkConnect(Native Method)
	at sun.nio.ch.SocketChannelImpl.finishConnect(SocketChannelImpl.java:717)
	at org.apache.ratis.thirdparty.io.netty.channel.socket.nio.NioSocketChannel.doFinishConnect(NioSocketChannel.java:327)
	at org.apache.ratis.thirdparty.io.netty.channel.nio.AbstractNioChannel$AbstractNioUnsafe.finishConnect(AbstractNioChannel.java:340)
	at org.apache.ratis.thirdparty.io.netty.channel.nio.NioEventLoop.processSelectedKey(NioEventLoop.java:632)
	at org.apache.ratis.thirdparty.io.netty.channel.nio.NioEventLoop.processSelectedKeysOptimized(NioEventLoop.java:579)
	at org.apache.ratis.thirdparty.io.netty.channel.nio.NioEventLoop.processSelectedKeys(NioEventLoop.java:496)
	at org.apache.ratis.thirdparty.io.netty.channel.nio.NioEventLoop.run(NioEventLoop.java:458)
	at org.apache.ratis.thirdparty.io.netty.util.concurrent.SingleThreadEventExecutor$5.run(SingleThreadEventExecutor.java:897)
	at org.apache.ratis.thirdparty.io.netty.util.concurrent.FastThreadLocalRunnable.run(FastThreadLocalRunnable.java:30)
	... 1 more
Caused by: java.net.ConnectException: Connection refused
	... 11 more
2019-10-19 01:26:48,688 [a47f4692-6292-482b-87e1-943728217a13@group-12F62FEB2D83-LeaderElection184] INFO  impl.LeaderElection (LogUtils.java:infoOrTrace(149)) - a47f4692-6292-482b-87e1-943728217a13@group-12F62FEB2D83-LeaderElection184 got exception when requesting votes: {}
java.util.concurrent.ExecutionException: org.apache.ratis.thirdparty.io.grpc.StatusRuntimeException: UNAVAILABLE: io exception
	at java.util.concurrent.FutureTask.report(FutureTask.java:122)
	at java.util.concurrent.FutureTask.get(FutureTask.java:192)
	at org.apache.ratis.server.impl.LeaderElection.waitForResults(LeaderElection.java:259)
	at org.apache.ratis.server.impl.LeaderElection.askForVotes(LeaderElection.java:197)
	at org.apache.ratis.server.impl.LeaderElection.run(LeaderElection.java:133)
	at java.lang.Thread.run(Thread.java:748)
Caused by: org.apache.ratis.thirdparty.io.grpc.StatusRuntimeException: UNAVAILABLE: io exception
	at org.apache.ratis.thirdparty.io.grpc.stub.ClientCalls.toStatusRuntimeException(ClientCalls.java:233)
	at org.apache.ratis.thirdparty.io.grpc.stub.ClientCalls.getUnchecked(ClientCalls.java:214)
	at org.apache.ratis.thirdparty.io.grpc.stub.ClientCalls.blockingUnaryCall(ClientCalls.java:139)
	at org.apache.ratis.proto.grpc.RaftServerProtocolServiceGrpc$RaftServerProtocolServiceBlockingStub.requestVote(RaftServerProtocolServiceGrpc.java:265)
	at org.apache.ratis.grpc.server.GrpcServerProtocolClient.requestVote(GrpcServerProtocolClient.java:99)
	at org.apache.ratis.grpc.server.GrpcService.requestVote(GrpcService.java:204)
	at org.apache.ratis.server.impl.LeaderElection.lambda$submitRequests$1(LeaderElection.java:234)
	at java.util.concurrent.FutureTask.run(FutureTask.java:266)
	at java.util.concurrent.Executors$RunnableAdapter.call(Executors.java:511)
	at java.util.concurrent.FutureTask.run(FutureTask.java:266)
	at java.util.concurrent.ThreadPoolExecutor.runWorker(ThreadPoolExecutor.java:1149)
	at java.util.concurrent.ThreadPoolExecutor$Worker.run(ThreadPoolExecutor.java:624)
	... 1 more
Caused by: org.apache.ratis.thirdparty.io.netty.channel.AbstractChannel$AnnotatedConnectException: Connection refused: /192.168.157.242:40644
	at sun.nio.ch.SocketChannelImpl.checkConnect(Native Method)
	at sun.nio.ch.SocketChannelImpl.finishConnect(SocketChannelImpl.java:717)
	at org.apache.ratis.thirdparty.io.netty.channel.socket.nio.NioSocketChannel.doFinishConnect(NioSocketChannel.java:327)
	at org.apache.ratis.thirdparty.io.netty.channel.nio.AbstractNioChannel$AbstractNioUnsafe.finishConnect(AbstractNioChannel.java:340)
	at org.apache.ratis.thirdparty.io.netty.channel.nio.NioEventLoop.processSelectedKey(NioEventLoop.java:632)
	at org.apache.ratis.thirdparty.io.netty.channel.nio.NioEventLoop.processSelectedKeysOptimized(NioEventLoop.java:579)
	at org.apache.ratis.thirdparty.io.netty.channel.nio.NioEventLoop.processSelectedKeys(NioEventLoop.java:496)
	at org.apache.ratis.thirdparty.io.netty.channel.nio.NioEventLoop.run(NioEventLoop.java:458)
	at org.apache.ratis.thirdparty.io.netty.util.concurrent.SingleThreadEventExecutor$5.run(SingleThreadEventExecutor.java:897)
	at org.apache.ratis.thirdparty.io.netty.util.concurrent.FastThreadLocalRunnable.run(FastThreadLocalRunnable.java:30)
	... 1 more
Caused by: java.net.ConnectException: Connection refused
	... 11 more
2019-10-19 01:26:48,688 [a47f4692-6292-482b-87e1-943728217a13@group-12F62FEB2D83-LeaderElection184] INFO  impl.LeaderElection (LeaderElection.java:logAndReturn(56)) - a47f4692-6292-482b-87e1-943728217a13@group-12F62FEB2D83-LeaderElection184: Election REJECTED; received 0 response(s) [] and 2 exception(s); a47f4692-6292-482b-87e1-943728217a13@group-12F62FEB2D83:t12, leader=null, voted=a47f4692-6292-482b-87e1-943728217a13, raftlog=a47f4692-6292-482b-87e1-943728217a13@group-12F62FEB2D83-SegmentedRaftLog:OPENED:c4,f4,i4, conf=0: [7bdff0e9-7b76-4a2e-87b8-7520d2e34914:192.168.157.242:33030, df8ea49b-ef0b-40b0-a5d0-e4c136909b6f:192.168.157.242:40644, a47f4692-6292-482b-87e1-943728217a13:192.168.157.242:34977], old=null
2019-10-19 01:26:48,688 [a47f4692-6292-482b-87e1-943728217a13@group-12F62FEB2D83-LeaderElection184] INFO  impl.LeaderElection (LogUtils.java:infoOrTrace(149)) -   Exception 0: {}
java.util.concurrent.ExecutionException: org.apache.ratis.thirdparty.io.grpc.StatusRuntimeException: UNAVAILABLE: io exception
	at java.util.concurrent.FutureTask.report(FutureTask.java:122)
	at java.util.concurrent.FutureTask.get(FutureTask.java:192)
	at org.apache.ratis.server.impl.LeaderElection.waitForResults(LeaderElection.java:259)
	at org.apache.ratis.server.impl.LeaderElection.askForVotes(LeaderElection.java:197)
	at org.apache.ratis.server.impl.LeaderElection.run(LeaderElection.java:133)
	at java.lang.Thread.run(Thread.java:748)
Caused by: org.apache.ratis.thirdparty.io.grpc.StatusRuntimeException: UNAVAILABLE: io exception
	at org.apache.ratis.thirdparty.io.grpc.stub.ClientCalls.toStatusRuntimeException(ClientCalls.java:233)
	at org.apache.ratis.thirdparty.io.grpc.stub.ClientCalls.getUnchecked(ClientCalls.java:214)
	at org.apache.ratis.thirdparty.io.grpc.stub.ClientCalls.blockingUnaryCall(ClientCalls.java:139)
	at org.apache.ratis.proto.grpc.RaftServerProtocolServiceGrpc$RaftServerProtocolServiceBlockingStub.requestVote(RaftServerProtocolServiceGrpc.java:265)
	at org.apache.ratis.grpc.server.GrpcServerProtocolClient.requestVote(GrpcServerProtocolClient.java:99)
	at org.apache.ratis.grpc.server.GrpcService.requestVote(GrpcService.java:204)
	at org.apache.ratis.server.impl.LeaderElection.lambda$submitRequests$1(LeaderElection.java:234)
	at java.util.concurrent.FutureTask.run(FutureTask.java:266)
	at java.util.concurrent.Executors$RunnableAdapter.call(Executors.java:511)
	at java.util.concurrent.FutureTask.run(FutureTask.java:266)
	at java.util.concurrent.ThreadPoolExecutor.runWorker(ThreadPoolExecutor.java:1149)
	at java.util.concurrent.ThreadPoolExecutor$Worker.run(ThreadPoolExecutor.java:624)
	... 1 more
Caused by: org.apache.ratis.thirdparty.io.netty.channel.AbstractChannel$AnnotatedConnectException: Connection refused: /192.168.157.242:33030
	at sun.nio.ch.SocketChannelImpl.checkConnect(Native Method)
	at sun.nio.ch.SocketChannelImpl.finishConnect(SocketChannelImpl.java:717)
	at org.apache.ratis.thirdparty.io.netty.channel.socket.nio.NioSocketChannel.doFinishConnect(NioSocketChannel.java:327)
	at org.apache.ratis.thirdparty.io.netty.channel.nio.AbstractNioChannel$AbstractNioUnsafe.finishConnect(AbstractNioChannel.java:340)
	at org.apache.ratis.thirdparty.io.netty.channel.nio.NioEventLoop.processSelectedKey(NioEventLoop.java:632)
	at org.apache.ratis.thirdparty.io.netty.channel.nio.NioEventLoop.processSelectedKeysOptimized(NioEventLoop.java:579)
	at org.apache.ratis.thirdparty.io.netty.channel.nio.NioEventLoop.processSelectedKeys(NioEventLoop.java:496)
	at org.apache.ratis.thirdparty.io.netty.channel.nio.NioEventLoop.run(NioEventLoop.java:458)
	at org.apache.ratis.thirdparty.io.netty.util.concurrent.SingleThreadEventExecutor$5.run(SingleThreadEventExecutor.java:897)
	at org.apache.ratis.thirdparty.io.netty.util.concurrent.FastThreadLocalRunnable.run(FastThreadLocalRunnable.java:30)
	... 1 more
Caused by: java.net.ConnectException: Connection refused
	... 11 more
2019-10-19 01:26:48,689 [a47f4692-6292-482b-87e1-943728217a13@group-12F62FEB2D83-LeaderElection184] INFO  impl.LeaderElection (LogUtils.java:infoOrTrace(149)) -   Exception 1: {}
java.util.concurrent.ExecutionException: org.apache.ratis.thirdparty.io.grpc.StatusRuntimeException: UNAVAILABLE: io exception
	at java.util.concurrent.FutureTask.report(FutureTask.java:122)
	at java.util.concurrent.FutureTask.get(FutureTask.java:192)
	at org.apache.ratis.server.impl.LeaderElection.waitForResults(LeaderElection.java:259)
	at org.apache.ratis.server.impl.LeaderElection.askForVotes(LeaderElection.java:197)
	at org.apache.ratis.server.impl.LeaderElection.run(LeaderElection.java:133)
	at java.lang.Thread.run(Thread.java:748)
Caused by: org.apache.ratis.thirdparty.io.grpc.StatusRuntimeException: UNAVAILABLE: io exception
	at org.apache.ratis.thirdparty.io.grpc.stub.ClientCalls.toStatusRuntimeException(ClientCalls.java:233)
	at org.apache.ratis.thirdparty.io.grpc.stub.ClientCalls.getUnchecked(ClientCalls.java:214)
	at org.apache.ratis.thirdparty.io.grpc.stub.ClientCalls.blockingUnaryCall(ClientCalls.java:139)
	at org.apache.ratis.proto.grpc.RaftServerProtocolServiceGrpc$RaftServerProtocolServiceBlockingStub.requestVote(RaftServerProtocolServiceGrpc.java:265)
	at org.apache.ratis.grpc.server.GrpcServerProtocolClient.requestVote(GrpcServerProtocolClient.java:99)
	at org.apache.ratis.grpc.server.GrpcService.requestVote(GrpcService.java:204)
	at org.apache.ratis.server.impl.LeaderElection.lambda$submitRequests$1(LeaderElection.java:234)
	at java.util.concurrent.FutureTask.run(FutureTask.java:266)
	at java.util.concurrent.Executors$RunnableAdapter.call(Executors.java:511)
	at java.util.concurrent.FutureTask.run(FutureTask.java:266)
	at java.util.concurrent.ThreadPoolExecutor.runWorker(ThreadPoolExecutor.java:1149)
	at java.util.concurrent.ThreadPoolExecutor$Worker.run(ThreadPoolExecutor.java:624)
	... 1 more
Caused by: org.apache.ratis.thirdparty.io.netty.channel.AbstractChannel$AnnotatedConnectException: Connection refused: /192.168.157.242:40644
	at sun.nio.ch.SocketChannelImpl.checkConnect(Native Method)
	at sun.nio.ch.SocketChannelImpl.finishConnect(SocketChannelImpl.java:717)
	at org.apache.ratis.thirdparty.io.netty.channel.socket.nio.NioSocketChannel.doFinishConnect(NioSocketChannel.java:327)
	at org.apache.ratis.thirdparty.io.netty.channel.nio.AbstractNioChannel$AbstractNioUnsafe.finishConnect(AbstractNioChannel.java:340)
	at org.apache.ratis.thirdparty.io.netty.channel.nio.NioEventLoop.processSelectedKey(NioEventLoop.java:632)
	at org.apache.ratis.thirdparty.io.netty.channel.nio.NioEventLoop.processSelectedKeysOptimized(NioEventLoop.java:579)
	at org.apache.ratis.thirdparty.io.netty.channel.nio.NioEventLoop.processSelectedKeys(NioEventLoop.java:496)
	at org.apache.ratis.thirdparty.io.netty.channel.nio.NioEventLoop.run(NioEventLoop.java:458)
	at org.apache.ratis.thirdparty.io.netty.util.concurrent.SingleThreadEventExecutor$5.run(SingleThreadEventExecutor.java:897)
	at org.apache.ratis.thirdparty.io.netty.util.concurrent.FastThreadLocalRunnable.run(FastThreadLocalRunnable.java:30)
	... 1 more
Caused by: java.net.ConnectException: Connection refused
	... 11 more
2019-10-19 01:26:48,689 [a47f4692-6292-482b-87e1-943728217a13@group-12F62FEB2D83-LeaderElection184] INFO  impl.RaftServerImpl (RaftServerImpl.java:setRole(184)) - a47f4692-6292-482b-87e1-943728217a13@group-12F62FEB2D83: changes role from CANDIDATE to FOLLOWER at term 12 for DISCOVERED_A_NEW_TERM
2019-10-19 01:26:48,689 [a47f4692-6292-482b-87e1-943728217a13@group-12F62FEB2D83-LeaderElection184] INFO  impl.RoleInfo (RoleInfo.java:shutdownLeaderElection(134)) - a47f4692-6292-482b-87e1-943728217a13: shutdown LeaderElection
2019-10-19 01:26:48,689 [a47f4692-6292-482b-87e1-943728217a13@group-12F62FEB2D83-LeaderElection184] INFO  impl.RoleInfo (RoleInfo.java:updateAndGet(143)) - a47f4692-6292-482b-87e1-943728217a13: start FollowerState
2019-10-19 01:26:48,849 [Thread-1685] INFO  impl.FollowerState (FollowerState.java:run(108)) - 8bce6a00-3bba-419d-83ac-b35141b6b559@group-31C3DC938042-FollowerState: change to CANDIDATE, lastRpcTime:178ms, electionTimeout:178ms
2019-10-19 01:26:48,849 [Thread-1685] INFO  impl.RoleInfo (RoleInfo.java:shutdownFollowerState(121)) - 8bce6a00-3bba-419d-83ac-b35141b6b559: shutdown FollowerState
2019-10-19 01:26:48,850 [Thread-1685] INFO  impl.RaftServerImpl (RaftServerImpl.java:setRole(184)) - 8bce6a00-3bba-419d-83ac-b35141b6b559@group-31C3DC938042: changes role from  FOLLOWER to CANDIDATE at term 169 for changeToCandidate
2019-10-19 01:26:48,850 [Thread-1685] INFO  impl.RoleInfo (RoleInfo.java:updateAndGet(143)) - 8bce6a00-3bba-419d-83ac-b35141b6b559: start LeaderElection
2019-10-19 01:26:48,862 [8bce6a00-3bba-419d-83ac-b35141b6b559@group-31C3DC938042-LeaderElection185] INFO  impl.LeaderElection (LeaderElection.java:askForVotes(178)) - 8bce6a00-3bba-419d-83ac-b35141b6b559@group-31C3DC938042-LeaderElection185: begin an election at term 170 for -1: [774c78e1-8dd4-453d-975e-442189a07fe2:192.168.157.242:38712, 7247ad7d-2ca2-4af8-9337-77c07ea89cb3:192.168.157.242:42362, 8bce6a00-3bba-419d-83ac-b35141b6b559:192.168.157.242:37801], old=null
2019-10-19 01:26:48,863 [8bce6a00-3bba-419d-83ac-b35141b6b559@group-31C3DC938042-LeaderElection185] INFO  impl.LeaderElection (LogUtils.java:infoOrTrace(149)) - 8bce6a00-3bba-419d-83ac-b35141b6b559@group-31C3DC938042-LeaderElection185 got exception when requesting votes: {}
java.util.concurrent.ExecutionException: org.apache.ratis.thirdparty.io.grpc.StatusRuntimeException: UNAVAILABLE: io exception
	at java.util.concurrent.FutureTask.report(FutureTask.java:122)
	at java.util.concurrent.FutureTask.get(FutureTask.java:192)
	at org.apache.ratis.server.impl.LeaderElection.waitForResults(LeaderElection.java:259)
	at org.apache.ratis.server.impl.LeaderElection.askForVotes(LeaderElection.java:197)
	at org.apache.ratis.server.impl.LeaderElection.run(LeaderElection.java:133)
	at java.lang.Thread.run(Thread.java:748)
Caused by: org.apache.ratis.thirdparty.io.grpc.StatusRuntimeException: UNAVAILABLE: io exception
	at org.apache.ratis.thirdparty.io.grpc.stub.ClientCalls.toStatusRuntimeException(ClientCalls.java:233)
	at org.apache.ratis.thirdparty.io.grpc.stub.ClientCalls.getUnchecked(ClientCalls.java:214)
	at org.apache.ratis.thirdparty.io.grpc.stub.ClientCalls.blockingUnaryCall(ClientCalls.java:139)
	at org.apache.ratis.proto.grpc.RaftServerProtocolServiceGrpc$RaftServerProtocolServiceBlockingStub.requestVote(RaftServerProtocolServiceGrpc.java:265)
	at org.apache.ratis.grpc.server.GrpcServerProtocolClient.requestVote(GrpcServerProtocolClient.java:99)
	at org.apache.ratis.grpc.server.GrpcService.requestVote(GrpcService.java:204)
	at org.apache.ratis.server.impl.LeaderElection.lambda$submitRequests$1(LeaderElection.java:234)
	at java.util.concurrent.FutureTask.run(FutureTask.java:266)
	at java.util.concurrent.Executors$RunnableAdapter.call(Executors.java:511)
	at java.util.concurrent.FutureTask.run(FutureTask.java:266)
	at java.util.concurrent.ThreadPoolExecutor.runWorker(ThreadPoolExecutor.java:1149)
	at java.util.concurrent.ThreadPoolExecutor$Worker.run(ThreadPoolExecutor.java:624)
	... 1 more
Caused by: org.apache.ratis.thirdparty.io.netty.channel.AbstractChannel$AnnotatedConnectException: Connection refused: /192.168.157.242:42362
	at sun.nio.ch.SocketChannelImpl.checkConnect(Native Method)
	at sun.nio.ch.SocketChannelImpl.finishConnect(SocketChannelImpl.java:717)
	at org.apache.ratis.thirdparty.io.netty.channel.socket.nio.NioSocketChannel.doFinishConnect(NioSocketChannel.java:327)
	at org.apache.ratis.thirdparty.io.netty.channel.nio.AbstractNioChannel$AbstractNioUnsafe.finishConnect(AbstractNioChannel.java:340)
	at org.apache.ratis.thirdparty.io.netty.channel.nio.NioEventLoop.processSelectedKey(NioEventLoop.java:632)
	at org.apache.ratis.thirdparty.io.netty.channel.nio.NioEventLoop.processSelectedKeysOptimized(NioEventLoop.java:579)
	at org.apache.ratis.thirdparty.io.netty.channel.nio.NioEventLoop.processSelectedKeys(NioEventLoop.java:496)
	at org.apache.ratis.thirdparty.io.netty.channel.nio.NioEventLoop.run(NioEventLoop.java:458)
	at org.apache.ratis.thirdparty.io.netty.util.concurrent.SingleThreadEventExecutor$5.run(SingleThreadEventExecutor.java:897)
	at org.apache.ratis.thirdparty.io.netty.util.concurrent.FastThreadLocalRunnable.run(FastThreadLocalRunnable.java:30)
	... 1 more
Caused by: java.net.ConnectException: Connection refused
	... 11 more
2019-10-19 01:26:48,864 [grpc-default-executor-4] INFO  impl.RaftServerImpl (RaftServerImpl.java:setRole(184)) - 774c78e1-8dd4-453d-975e-442189a07fe2@group-31C3DC938042: changes role from  FOLLOWER to FOLLOWER at term 170 for recognizeCandidate:8bce6a00-3bba-419d-83ac-b35141b6b559
2019-10-19 01:26:48,864 [grpc-default-executor-4] INFO  impl.RoleInfo (RoleInfo.java:shutdownFollowerState(121)) - 774c78e1-8dd4-453d-975e-442189a07fe2: shutdown FollowerState
2019-10-19 01:26:48,864 [grpc-default-executor-4] INFO  impl.RoleInfo (RoleInfo.java:updateAndGet(143)) - 774c78e1-8dd4-453d-975e-442189a07fe2: start FollowerState
2019-10-19 01:26:48,865 [Thread-1683] INFO  impl.FollowerState (FollowerState.java:run(117)) - 774c78e1-8dd4-453d-975e-442189a07fe2@group-31C3DC938042-FollowerState was interrupted: java.lang.InterruptedException: sleep interrupted
2019-10-19 01:26:48,878 [8bce6a00-3bba-419d-83ac-b35141b6b559@group-31C3DC938042-LeaderElection185] INFO  impl.LeaderElection (LeaderElection.java:logAndReturn(56)) - 8bce6a00-3bba-419d-83ac-b35141b6b559@group-31C3DC938042-LeaderElection185: Election REJECTED; received 1 response(s) [8bce6a00-3bba-419d-83ac-b35141b6b559<-774c78e1-8dd4-453d-975e-442189a07fe2#0:FAIL-t170] and 1 exception(s); 8bce6a00-3bba-419d-83ac-b35141b6b559@group-31C3DC938042:t170, leader=null, voted=8bce6a00-3bba-419d-83ac-b35141b6b559, raftlog=8bce6a00-3bba-419d-83ac-b35141b6b559@group-31C3DC938042-SegmentedRaftLog:OPENED:c-1,f-1,i0, conf=-1: [774c78e1-8dd4-453d-975e-442189a07fe2:192.168.157.242:38712, 7247ad7d-2ca2-4af8-9337-77c07ea89cb3:192.168.157.242:42362, 8bce6a00-3bba-419d-83ac-b35141b6b559:192.168.157.242:37801], old=null
2019-10-19 01:26:48,878 [8bce6a00-3bba-419d-83ac-b35141b6b559@group-31C3DC938042-LeaderElection185] INFO  impl.LeaderElection (LogUtils.java:infoOrTrace(149)) -   Exception 0: {}
java.util.concurrent.ExecutionException: org.apache.ratis.thirdparty.io.grpc.StatusRuntimeException: UNAVAILABLE: io exception
	at java.util.concurrent.FutureTask.report(FutureTask.java:122)
	at java.util.concurrent.FutureTask.get(FutureTask.java:192)
	at org.apache.ratis.server.impl.LeaderElection.waitForResults(LeaderElection.java:259)
	at org.apache.ratis.server.impl.LeaderElection.askForVotes(LeaderElection.java:197)
	at org.apache.ratis.server.impl.LeaderElection.run(LeaderElection.java:133)
	at java.lang.Thread.run(Thread.java:748)
Caused by: org.apache.ratis.thirdparty.io.grpc.StatusRuntimeException: UNAVAILABLE: io exception
	at org.apache.ratis.thirdparty.io.grpc.stub.ClientCalls.toStatusRuntimeException(ClientCalls.java:233)
	at org.apache.ratis.thirdparty.io.grpc.stub.ClientCalls.getUnchecked(ClientCalls.java:214)
	at org.apache.ratis.thirdparty.io.grpc.stub.ClientCalls.blockingUnaryCall(ClientCalls.java:139)
	at org.apache.ratis.proto.grpc.RaftServerProtocolServiceGrpc$RaftServerProtocolServiceBlockingStub.requestVote(RaftServerProtocolServiceGrpc.java:265)
	at org.apache.ratis.grpc.server.GrpcServerProtocolClient.requestVote(GrpcServerProtocolClient.java:99)
	at org.apache.ratis.grpc.server.GrpcService.requestVote(GrpcService.java:204)
	at org.apache.ratis.server.impl.LeaderElection.lambda$submitRequests$1(LeaderElection.java:234)
	at java.util.concurrent.FutureTask.run(FutureTask.java:266)
	at java.util.concurrent.Executors$RunnableAdapter.call(Executors.java:511)
	at java.util.concurrent.FutureTask.run(FutureTask.java:266)
	at java.util.concurrent.ThreadPoolExecutor.runWorker(ThreadPoolExecutor.java:1149)
	at java.util.concurrent.ThreadPoolExecutor$Worker.run(ThreadPoolExecutor.java:624)
	... 1 more
Caused by: org.apache.ratis.thirdparty.io.netty.channel.AbstractChannel$AnnotatedConnectException: Connection refused: /192.168.157.242:42362
	at sun.nio.ch.SocketChannelImpl.checkConnect(Native Method)
	at sun.nio.ch.SocketChannelImpl.finishConnect(SocketChannelImpl.java:717)
	at org.apache.ratis.thirdparty.io.netty.channel.socket.nio.NioSocketChannel.doFinishConnect(NioSocketChannel.java:327)
	at org.apache.ratis.thirdparty.io.netty.channel.nio.AbstractNioChannel$AbstractNioUnsafe.finishConnect(AbstractNioChannel.java:340)
	at org.apache.ratis.thirdparty.io.netty.channel.nio.NioEventLoop.processSelectedKey(NioEventLoop.java:632)
	at org.apache.ratis.thirdparty.io.netty.channel.nio.NioEventLoop.processSelectedKeysOptimized(NioEventLoop.java:579)
	at org.apache.ratis.thirdparty.io.netty.channel.nio.NioEventLoop.processSelectedKeys(NioEventLoop.java:496)
	at org.apache.ratis.thirdparty.io.netty.channel.nio.NioEventLoop.run(NioEventLoop.java:458)
	at org.apache.ratis.thirdparty.io.netty.util.concurrent.SingleThreadEventExecutor$5.run(SingleThreadEventExecutor.java:897)
	at org.apache.ratis.thirdparty.io.netty.util.concurrent.FastThreadLocalRunnable.run(FastThreadLocalRunnable.java:30)
	... 1 more
Caused by: java.net.ConnectException: Connection refused
	... 11 more
2019-10-19 01:26:48,879 [8bce6a00-3bba-419d-83ac-b35141b6b559@group-31C3DC938042-LeaderElection185] INFO  impl.RaftServerImpl (RaftServerImpl.java:setRole(184)) - 8bce6a00-3bba-419d-83ac-b35141b6b559@group-31C3DC938042: changes role from CANDIDATE to FOLLOWER at term 170 for DISCOVERED_A_NEW_TERM
2019-10-19 01:26:48,879 [8bce6a00-3bba-419d-83ac-b35141b6b559@group-31C3DC938042-LeaderElection185] INFO  impl.RoleInfo (RoleInfo.java:shutdownLeaderElection(134)) - 8bce6a00-3bba-419d-83ac-b35141b6b559: shutdown LeaderElection
2019-10-19 01:26:48,879 [8bce6a00-3bba-419d-83ac-b35141b6b559@group-31C3DC938042-LeaderElection185] INFO  impl.RoleInfo (RoleInfo.java:updateAndGet(143)) - 8bce6a00-3bba-419d-83ac-b35141b6b559: start FollowerState
2019-10-19 01:26:48,986 [Thread-1694] INFO  impl.FollowerState (FollowerState.java:run(108)) - 8bce6a00-3bba-419d-83ac-b35141b6b559@group-31C3DC938042-FollowerState: change to CANDIDATE, lastRpcTime:107ms, electionTimeout:107ms
2019-10-19 01:26:48,987 [Thread-1694] INFO  impl.RoleInfo (RoleInfo.java:shutdownFollowerState(121)) - 8bce6a00-3bba-419d-83ac-b35141b6b559: shutdown FollowerState
2019-10-19 01:26:48,987 [Thread-1694] INFO  impl.RaftServerImpl (RaftServerImpl.java:setRole(184)) - 8bce6a00-3bba-419d-83ac-b35141b6b559@group-31C3DC938042: changes role from  FOLLOWER to CANDIDATE at term 170 for changeToCandidate
2019-10-19 01:26:48,987 [Thread-1694] INFO  impl.RoleInfo (RoleInfo.java:updateAndGet(143)) - 8bce6a00-3bba-419d-83ac-b35141b6b559: start LeaderElection
2019-10-19 01:26:49,019 [8bce6a00-3bba-419d-83ac-b35141b6b559@group-31C3DC938042-LeaderElection186] INFO  impl.LeaderElection (LeaderElection.java:askForVotes(178)) - 8bce6a00-3bba-419d-83ac-b35141b6b559@group-31C3DC938042-LeaderElection186: begin an election at term 171 for -1: [774c78e1-8dd4-453d-975e-442189a07fe2:192.168.157.242:38712, 7247ad7d-2ca2-4af8-9337-77c07ea89cb3:192.168.157.242:42362, 8bce6a00-3bba-419d-83ac-b35141b6b559:192.168.157.242:37801], old=null
2019-10-19 01:26:49,020 [8bce6a00-3bba-419d-83ac-b35141b6b559@group-31C3DC938042-LeaderElection186] INFO  impl.LeaderElection (LogUtils.java:infoOrTrace(149)) - 8bce6a00-3bba-419d-83ac-b35141b6b559@group-31C3DC938042-LeaderElection186 got exception when requesting votes: {}
java.util.concurrent.ExecutionException: org.apache.ratis.thirdparty.io.grpc.StatusRuntimeException: UNAVAILABLE: io exception
	at java.util.concurrent.FutureTask.report(FutureTask.java:122)
	at java.util.concurrent.FutureTask.get(FutureTask.java:192)
	at org.apache.ratis.server.impl.LeaderElection.waitForResults(LeaderElection.java:259)
	at org.apache.ratis.server.impl.LeaderElection.askForVotes(LeaderElection.java:197)
	at org.apache.ratis.server.impl.LeaderElection.run(LeaderElection.java:133)
	at java.lang.Thread.run(Thread.java:748)
Caused by: org.apache.ratis.thirdparty.io.grpc.StatusRuntimeException: UNAVAILABLE: io exception
	at org.apache.ratis.thirdparty.io.grpc.stub.ClientCalls.toStatusRuntimeException(ClientCalls.java:233)
	at org.apache.ratis.thirdparty.io.grpc.stub.ClientCalls.getUnchecked(ClientCalls.java:214)
	at org.apache.ratis.thirdparty.io.grpc.stub.ClientCalls.blockingUnaryCall(ClientCalls.java:139)
	at org.apache.ratis.proto.grpc.RaftServerProtocolServiceGrpc$RaftServerProtocolServiceBlockingStub.requestVote(RaftServerProtocolServiceGrpc.java:265)
	at org.apache.ratis.grpc.server.GrpcServerProtocolClient.requestVote(GrpcServerProtocolClient.java:99)
	at org.apache.ratis.grpc.server.GrpcService.requestVote(GrpcService.java:204)
	at org.apache.ratis.server.impl.LeaderElection.lambda$submitRequests$1(LeaderElection.java:234)
	at java.util.concurrent.FutureTask.run(FutureTask.java:266)
	at java.util.concurrent.Executors$RunnableAdapter.call(Executors.java:511)
	at java.util.concurrent.FutureTask.run(FutureTask.java:266)
	at java.util.concurrent.ThreadPoolExecutor.runWorker(ThreadPoolExecutor.java:1149)
	at java.util.concurrent.ThreadPoolExecutor$Worker.run(ThreadPoolExecutor.java:624)
	... 1 more
Caused by: org.apache.ratis.thirdparty.io.netty.channel.AbstractChannel$AnnotatedConnectException: Connection refused: /192.168.157.242:42362
	at sun.nio.ch.SocketChannelImpl.checkConnect(Native Method)
	at sun.nio.ch.SocketChannelImpl.finishConnect(SocketChannelImpl.java:717)
	at org.apache.ratis.thirdparty.io.netty.channel.socket.nio.NioSocketChannel.doFinishConnect(NioSocketChannel.java:327)
	at org.apache.ratis.thirdparty.io.netty.channel.nio.AbstractNioChannel$AbstractNioUnsafe.finishConnect(AbstractNioChannel.java:340)
	at org.apache.ratis.thirdparty.io.netty.channel.nio.NioEventLoop.processSelectedKey(NioEventLoop.java:632)
	at org.apache.ratis.thirdparty.io.netty.channel.nio.NioEventLoop.processSelectedKeysOptimized(NioEventLoop.java:579)
	at org.apache.ratis.thirdparty.io.netty.channel.nio.NioEventLoop.processSelectedKeys(NioEventLoop.java:496)
	at org.apache.ratis.thirdparty.io.netty.channel.nio.NioEventLoop.run(NioEventLoop.java:458)
	at org.apache.ratis.thirdparty.io.netty.util.concurrent.SingleThreadEventExecutor$5.run(SingleThreadEventExecutor.java:897)
	at org.apache.ratis.thirdparty.io.netty.util.concurrent.FastThreadLocalRunnable.run(FastThreadLocalRunnable.java:30)
	... 1 more
Caused by: java.net.ConnectException: Connection refused
	... 11 more
2019-10-19 01:26:49,022 [grpc-default-executor-4] INFO  impl.RaftServerImpl (RaftServerImpl.java:setRole(184)) - 774c78e1-8dd4-453d-975e-442189a07fe2@group-31C3DC938042: changes role from  FOLLOWER to FOLLOWER at term 171 for recognizeCandidate:8bce6a00-3bba-419d-83ac-b35141b6b559
2019-10-19 01:26:49,022 [grpc-default-executor-4] INFO  impl.RoleInfo (RoleInfo.java:shutdownFollowerState(121)) - 774c78e1-8dd4-453d-975e-442189a07fe2: shutdown FollowerState
2019-10-19 01:26:49,022 [grpc-default-executor-4] INFO  impl.RoleInfo (RoleInfo.java:updateAndGet(143)) - 774c78e1-8dd4-453d-975e-442189a07fe2: start FollowerState
2019-10-19 01:26:49,022 [Thread-1693] INFO  impl.FollowerState (FollowerState.java:run(117)) - 774c78e1-8dd4-453d-975e-442189a07fe2@group-31C3DC938042-FollowerState was interrupted: java.lang.InterruptedException: sleep interrupted
2019-10-19 01:26:49,036 [8bce6a00-3bba-419d-83ac-b35141b6b559@group-31C3DC938042-LeaderElection186] INFO  impl.LeaderElection (LeaderElection.java:logAndReturn(56)) - 8bce6a00-3bba-419d-83ac-b35141b6b559@group-31C3DC938042-LeaderElection186: Election REJECTED; received 1 response(s) [8bce6a00-3bba-419d-83ac-b35141b6b559<-774c78e1-8dd4-453d-975e-442189a07fe2#0:FAIL-t171] and 1 exception(s); 8bce6a00-3bba-419d-83ac-b35141b6b559@group-31C3DC938042:t171, leader=null, voted=8bce6a00-3bba-419d-83ac-b35141b6b559, raftlog=8bce6a00-3bba-419d-83ac-b35141b6b559@group-31C3DC938042-SegmentedRaftLog:OPENED:c-1,f-1,i0, conf=-1: [774c78e1-8dd4-453d-975e-442189a07fe2:192.168.157.242:38712, 7247ad7d-2ca2-4af8-9337-77c07ea89cb3:192.168.157.242:42362, 8bce6a00-3bba-419d-83ac-b35141b6b559:192.168.157.242:37801], old=null
2019-10-19 01:26:49,036 [8bce6a00-3bba-419d-83ac-b35141b6b559@group-31C3DC938042-LeaderElection186] INFO  impl.LeaderElection (LogUtils.java:infoOrTrace(149)) -   Exception 0: {}
java.util.concurrent.ExecutionException: org.apache.ratis.thirdparty.io.grpc.StatusRuntimeException: UNAVAILABLE: io exception
	at java.util.concurrent.FutureTask.report(FutureTask.java:122)
	at java.util.concurrent.FutureTask.get(FutureTask.java:192)
	at org.apache.ratis.server.impl.LeaderElection.waitForResults(LeaderElection.java:259)
	at org.apache.ratis.server.impl.LeaderElection.askForVotes(LeaderElection.java:197)
	at org.apache.ratis.server.impl.LeaderElection.run(LeaderElection.java:133)
	at java.lang.Thread.run(Thread.java:748)
Caused by: org.apache.ratis.thirdparty.io.grpc.StatusRuntimeException: UNAVAILABLE: io exception
	at org.apache.ratis.thirdparty.io.grpc.stub.ClientCalls.toStatusRuntimeException(ClientCalls.java:233)
	at org.apache.ratis.thirdparty.io.grpc.stub.ClientCalls.getUnchecked(ClientCalls.java:214)
	at org.apache.ratis.thirdparty.io.grpc.stub.ClientCalls.blockingUnaryCall(ClientCalls.java:139)
	at org.apache.ratis.proto.grpc.RaftServerProtocolServiceGrpc$RaftServerProtocolServiceBlockingStub.requestVote(RaftServerProtocolServiceGrpc.java:265)
	at org.apache.ratis.grpc.server.GrpcServerProtocolClient.requestVote(GrpcServerProtocolClient.java:99)
	at org.apache.ratis.grpc.server.GrpcService.requestVote(GrpcService.java:204)
	at org.apache.ratis.server.impl.LeaderElection.lambda$submitRequests$1(LeaderElection.java:234)
	at java.util.concurrent.FutureTask.run(FutureTask.java:266)
	at java.util.concurrent.Executors$RunnableAdapter.call(Executors.java:511)
	at java.util.concurrent.FutureTask.run(FutureTask.java:266)
	at java.util.concurrent.ThreadPoolExecutor.runWorker(ThreadPoolExecutor.java:1149)
	at java.util.concurrent.ThreadPoolExecutor$Worker.run(ThreadPoolExecutor.java:624)
	... 1 more
Caused by: org.apache.ratis.thirdparty.io.netty.channel.AbstractChannel$AnnotatedConnectException: Connection refused: /192.168.157.242:42362
	at sun.nio.ch.SocketChannelImpl.checkConnect(Native Method)
	at sun.nio.ch.SocketChannelImpl.finishConnect(SocketChannelImpl.java:717)
	at org.apache.ratis.thirdparty.io.netty.channel.socket.nio.NioSocketChannel.doFinishConnect(NioSocketChannel.java:327)
	at org.apache.ratis.thirdparty.io.netty.channel.nio.AbstractNioChannel$AbstractNioUnsafe.finishConnect(AbstractNioChannel.java:340)
	at org.apache.ratis.thirdparty.io.netty.channel.nio.NioEventLoop.processSelectedKey(NioEventLoop.java:632)
	at org.apache.ratis.thirdparty.io.netty.channel.nio.NioEventLoop.processSelectedKeysOptimized(NioEventLoop.java:579)
	at org.apache.ratis.thirdparty.io.netty.channel.nio.NioEventLoop.processSelectedKeys(NioEventLoop.java:496)
	at org.apache.ratis.thirdparty.io.netty.channel.nio.NioEventLoop.run(NioEventLoop.java:458)
	at org.apache.ratis.thirdparty.io.netty.util.concurrent.SingleThreadEventExecutor$5.run(SingleThreadEventExecutor.java:897)
	at org.apache.ratis.thirdparty.io.netty.util.concurrent.FastThreadLocalRunnable.run(FastThreadLocalRunnable.java:30)
	... 1 more
Caused by: java.net.ConnectException: Connection refused
	... 11 more
2019-10-19 01:26:49,036 [8bce6a00-3bba-419d-83ac-b35141b6b559@group-31C3DC938042-LeaderElection186] INFO  impl.RaftServerImpl (RaftServerImpl.java:setRole(184)) - 8bce6a00-3bba-419d-83ac-b35141b6b559@group-31C3DC938042: changes role from CANDIDATE to FOLLOWER at term 171 for DISCOVERED_A_NEW_TERM
2019-10-19 01:26:49,036 [8bce6a00-3bba-419d-83ac-b35141b6b559@group-31C3DC938042-LeaderElection186] INFO  impl.RoleInfo (RoleInfo.java:shutdownLeaderElection(134)) - 8bce6a00-3bba-419d-83ac-b35141b6b559: shutdown LeaderElection
2019-10-19 01:26:49,036 [8bce6a00-3bba-419d-83ac-b35141b6b559@group-31C3DC938042-LeaderElection186] INFO  impl.RoleInfo (RoleInfo.java:updateAndGet(143)) - 8bce6a00-3bba-419d-83ac-b35141b6b559: start FollowerState
2019-10-19 01:26:49,099 [Thread-1699] INFO  impl.FollowerState (FollowerState.java:run(108)) - 8bce6a00-3bba-419d-83ac-b35141b6b559@group-31C3DC938042-FollowerState: change to CANDIDATE, lastRpcTime:62ms, electionTimeout:62ms
2019-10-19 01:26:49,099 [Thread-1699] INFO  impl.RoleInfo (RoleInfo.java:shutdownFollowerState(121)) - 8bce6a00-3bba-419d-83ac-b35141b6b559: shutdown FollowerState
2019-10-19 01:26:49,099 [Thread-1699] INFO  impl.RaftServerImpl (RaftServerImpl.java:setRole(184)) - 8bce6a00-3bba-419d-83ac-b35141b6b559@group-31C3DC938042: changes role from  FOLLOWER to CANDIDATE at term 171 for changeToCandidate
2019-10-19 01:26:49,099 [Thread-1699] INFO  impl.RoleInfo (RoleInfo.java:updateAndGet(143)) - 8bce6a00-3bba-419d-83ac-b35141b6b559: start LeaderElection
2019-10-19 01:26:49,104 [8bce6a00-3bba-419d-83ac-b35141b6b559@group-31C3DC938042-LeaderElection187] INFO  impl.LeaderElection (LeaderElection.java:askForVotes(178)) - 8bce6a00-3bba-419d-83ac-b35141b6b559@group-31C3DC938042-LeaderElection187: begin an election at term 172 for -1: [774c78e1-8dd4-453d-975e-442189a07fe2:192.168.157.242:38712, 7247ad7d-2ca2-4af8-9337-77c07ea89cb3:192.168.157.242:42362, 8bce6a00-3bba-419d-83ac-b35141b6b559:192.168.157.242:37801], old=null
2019-10-19 01:26:49,105 [8bce6a00-3bba-419d-83ac-b35141b6b559@group-31C3DC938042-LeaderElection187] INFO  impl.LeaderElection (LogUtils.java:infoOrTrace(149)) - 8bce6a00-3bba-419d-83ac-b35141b6b559@group-31C3DC938042-LeaderElection187 got exception when requesting votes: {}
java.util.concurrent.ExecutionException: org.apache.ratis.thirdparty.io.grpc.StatusRuntimeException: UNAVAILABLE: io exception
	at java.util.concurrent.FutureTask.report(FutureTask.java:122)
	at java.util.concurrent.FutureTask.get(FutureTask.java:192)
	at org.apache.ratis.server.impl.LeaderElection.waitForResults(LeaderElection.java:259)
	at org.apache.ratis.server.impl.LeaderElection.askForVotes(LeaderElection.java:197)
	at org.apache.ratis.server.impl.LeaderElection.run(LeaderElection.java:133)
	at java.lang.Thread.run(Thread.java:748)
Caused by: org.apache.ratis.thirdparty.io.grpc.StatusRuntimeException: UNAVAILABLE: io exception
	at org.apache.ratis.thirdparty.io.grpc.stub.ClientCalls.toStatusRuntimeException(ClientCalls.java:233)
	at org.apache.ratis.thirdparty.io.grpc.stub.ClientCalls.getUnchecked(ClientCalls.java:214)
	at org.apache.ratis.thirdparty.io.grpc.stub.ClientCalls.blockingUnaryCall(ClientCalls.java:139)
	at org.apache.ratis.proto.grpc.RaftServerProtocolServiceGrpc$RaftServerProtocolServiceBlockingStub.requestVote(RaftServerProtocolServiceGrpc.java:265)
	at org.apache.ratis.grpc.server.GrpcServerProtocolClient.requestVote(GrpcServerProtocolClient.java:99)
	at org.apache.ratis.grpc.server.GrpcService.requestVote(GrpcService.java:204)
	at org.apache.ratis.server.impl.LeaderElection.lambda$submitRequests$1(LeaderElection.java:234)
	at java.util.concurrent.FutureTask.run(FutureTask.java:266)
	at java.util.concurrent.Executors$RunnableAdapter.call(Executors.java:511)
	at java.util.concurrent.FutureTask.run(FutureTask.java:266)
	at java.util.concurrent.ThreadPoolExecutor.runWorker(ThreadPoolExecutor.java:1149)
	at java.util.concurrent.ThreadPoolExecutor$Worker.run(ThreadPoolExecutor.java:624)
	... 1 more
Caused by: org.apache.ratis.thirdparty.io.netty.channel.AbstractChannel$AnnotatedConnectException: Connection refused: /192.168.157.242:42362
	at sun.nio.ch.SocketChannelImpl.checkConnect(Native Method)
	at sun.nio.ch.SocketChannelImpl.finishConnect(SocketChannelImpl.java:717)
	at org.apache.ratis.thirdparty.io.netty.channel.socket.nio.NioSocketChannel.doFinishConnect(NioSocketChannel.java:327)
	at org.apache.ratis.thirdparty.io.netty.channel.nio.AbstractNioChannel$AbstractNioUnsafe.finishConnect(AbstractNioChannel.java:340)
	at org.apache.ratis.thirdparty.io.netty.channel.nio.NioEventLoop.processSelectedKey(NioEventLoop.java:632)
	at org.apache.ratis.thirdparty.io.netty.channel.nio.NioEventLoop.processSelectedKeysOptimized(NioEventLoop.java:579)
	at org.apache.ratis.thirdparty.io.netty.channel.nio.NioEventLoop.processSelectedKeys(NioEventLoop.java:496)
	at org.apache.ratis.thirdparty.io.netty.channel.nio.NioEventLoop.run(NioEventLoop.java:458)
	at org.apache.ratis.thirdparty.io.netty.util.concurrent.SingleThreadEventExecutor$5.run(SingleThreadEventExecutor.java:897)
	at org.apache.ratis.thirdparty.io.netty.util.concurrent.FastThreadLocalRunnable.run(FastThreadLocalRunnable.java:30)
	... 1 more
Caused by: java.net.ConnectException: Connection refused
	... 11 more
2019-10-19 01:26:49,106 [grpc-default-executor-4] INFO  impl.RaftServerImpl (RaftServerImpl.java:setRole(184)) - 774c78e1-8dd4-453d-975e-442189a07fe2@group-31C3DC938042: changes role from  FOLLOWER to FOLLOWER at term 172 for recognizeCandidate:8bce6a00-3bba-419d-83ac-b35141b6b559
2019-10-19 01:26:49,106 [grpc-default-executor-4] INFO  impl.RoleInfo (RoleInfo.java:shutdownFollowerState(121)) - 774c78e1-8dd4-453d-975e-442189a07fe2: shutdown FollowerState
2019-10-19 01:26:49,106 [grpc-default-executor-4] INFO  impl.RoleInfo (RoleInfo.java:updateAndGet(143)) - 774c78e1-8dd4-453d-975e-442189a07fe2: start FollowerState
2019-10-19 01:26:49,106 [Thread-1698] INFO  impl.FollowerState (FollowerState.java:run(117)) - 774c78e1-8dd4-453d-975e-442189a07fe2@group-31C3DC938042-FollowerState was interrupted: java.lang.InterruptedException: sleep interrupted
2019-10-19 01:26:49,120 [8bce6a00-3bba-419d-83ac-b35141b6b559@group-31C3DC938042-LeaderElection187] INFO  impl.LeaderElection (LeaderElection.java:logAndReturn(56)) - 8bce6a00-3bba-419d-83ac-b35141b6b559@group-31C3DC938042-LeaderElection187: Election REJECTED; received 1 response(s) [8bce6a00-3bba-419d-83ac-b35141b6b559<-774c78e1-8dd4-453d-975e-442189a07fe2#0:FAIL-t172] and 1 exception(s); 8bce6a00-3bba-419d-83ac-b35141b6b559@group-31C3DC938042:t172, leader=null, voted=8bce6a00-3bba-419d-83ac-b35141b6b559, raftlog=8bce6a00-3bba-419d-83ac-b35141b6b559@group-31C3DC938042-SegmentedRaftLog:OPENED:c-1,f-1,i0, conf=-1: [774c78e1-8dd4-453d-975e-442189a07fe2:192.168.157.242:38712, 7247ad7d-2ca2-4af8-9337-77c07ea89cb3:192.168.157.242:42362, 8bce6a00-3bba-419d-83ac-b35141b6b559:192.168.157.242:37801], old=null
2019-10-19 01:26:49,121 [8bce6a00-3bba-419d-83ac-b35141b6b559@group-31C3DC938042-LeaderElection187] INFO  impl.LeaderElection (LogUtils.java:infoOrTrace(149)) -   Exception 0: {}
java.util.concurrent.ExecutionException: org.apache.ratis.thirdparty.io.grpc.StatusRuntimeException: UNAVAILABLE: io exception
	at java.util.concurrent.FutureTask.report(FutureTask.java:122)
	at java.util.concurrent.FutureTask.get(FutureTask.java:192)
	at org.apache.ratis.server.impl.LeaderElection.waitForResults(LeaderElection.java:259)
	at org.apache.ratis.server.impl.LeaderElection.askForVotes(LeaderElection.java:197)
	at org.apache.ratis.server.impl.LeaderElection.run(LeaderElection.java:133)
	at java.lang.Thread.run(Thread.java:748)
Caused by: org.apache.ratis.thirdparty.io.grpc.StatusRuntimeException: UNAVAILABLE: io exception
	at org.apache.ratis.thirdparty.io.grpc.stub.ClientCalls.toStatusRuntimeException(ClientCalls.java:233)
	at org.apache.ratis.thirdparty.io.grpc.stub.ClientCalls.getUnchecked(ClientCalls.java:214)
	at org.apache.ratis.thirdparty.io.grpc.stub.ClientCalls.blockingUnaryCall(ClientCalls.java:139)
	at org.apache.ratis.proto.grpc.RaftServerProtocolServiceGrpc$RaftServerProtocolServiceBlockingStub.requestVote(RaftServerProtocolServiceGrpc.java:265)
	at org.apache.ratis.grpc.server.GrpcServerProtocolClient.requestVote(GrpcServerProtocolClient.java:99)
	at org.apache.ratis.grpc.server.GrpcService.requestVote(GrpcService.java:204)
	at org.apache.ratis.server.impl.LeaderElection.lambda$submitRequests$1(LeaderElection.java:234)
	at java.util.concurrent.FutureTask.run(FutureTask.java:266)
	at java.util.concurrent.Executors$RunnableAdapter.call(Executors.java:511)
	at java.util.concurrent.FutureTask.run(FutureTask.java:266)
	at java.util.concurrent.ThreadPoolExecutor.runWorker(ThreadPoolExecutor.java:1149)
	at java.util.concurrent.ThreadPoolExecutor$Worker.run(ThreadPoolExecutor.java:624)
	... 1 more
Caused by: org.apache.ratis.thirdparty.io.netty.channel.AbstractChannel$AnnotatedConnectException: Connection refused: /192.168.157.242:42362
	at sun.nio.ch.SocketChannelImpl.checkConnect(Native Method)
	at sun.nio.ch.SocketChannelImpl.finishConnect(SocketChannelImpl.java:717)
	at org.apache.ratis.thirdparty.io.netty.channel.socket.nio.NioSocketChannel.doFinishConnect(NioSocketChannel.java:327)
	at org.apache.ratis.thirdparty.io.netty.channel.nio.AbstractNioChannel$AbstractNioUnsafe.finishConnect(AbstractNioChannel.java:340)
	at org.apache.ratis.thirdparty.io.netty.channel.nio.NioEventLoop.processSelectedKey(NioEventLoop.java:632)
	at org.apache.ratis.thirdparty.io.netty.channel.nio.NioEventLoop.processSelectedKeysOptimized(NioEventLoop.java:579)
	at org.apache.ratis.thirdparty.io.netty.channel.nio.NioEventLoop.processSelectedKeys(NioEventLoop.java:496)
	at org.apache.ratis.thirdparty.io.netty.channel.nio.NioEventLoop.run(NioEventLoop.java:458)
	at org.apache.ratis.thirdparty.io.netty.util.concurrent.SingleThreadEventExecutor$5.run(SingleThreadEventExecutor.java:897)
	at org.apache.ratis.thirdparty.io.netty.util.concurrent.FastThreadLocalRunnable.run(FastThreadLocalRunnable.java:30)
	... 1 more
Caused by: java.net.ConnectException: Connection refused
	... 11 more
2019-10-19 01:26:49,121 [8bce6a00-3bba-419d-83ac-b35141b6b559@group-31C3DC938042-LeaderElection187] INFO  impl.RaftServerImpl (RaftServerImpl.java:setRole(184)) - 8bce6a00-3bba-419d-83ac-b35141b6b559@group-31C3DC938042: changes role from CANDIDATE to FOLLOWER at term 172 for DISCOVERED_A_NEW_TERM
2019-10-19 01:26:49,121 [8bce6a00-3bba-419d-83ac-b35141b6b559@group-31C3DC938042-LeaderElection187] INFO  impl.RoleInfo (RoleInfo.java:shutdownLeaderElection(134)) - 8bce6a00-3bba-419d-83ac-b35141b6b559: shutdown LeaderElection
2019-10-19 01:26:49,121 [8bce6a00-3bba-419d-83ac-b35141b6b559@group-31C3DC938042-LeaderElection187] INFO  impl.RoleInfo (RoleInfo.java:updateAndGet(143)) - 8bce6a00-3bba-419d-83ac-b35141b6b559: start FollowerState
2019-10-19 01:26:49,138 [java.util.concurrent.ThreadPoolExecutor$Worker@7e604fd[State = -1, empty queue]] WARN  server.GrpcLogAppender (GrpcLogAppender.java:timeoutAppendRequest(209)) - 964c97d4-fbb7-48cf-b727-382e7669b5e9@group-F842E1832D96->236187ad-c3a6-4195-8acc-6254fb470a95-GrpcLogAppender: appendEntries Timeout, request=964c97d4-fbb7-48cf-b727-382e7669b5e9->236187ad-c3a6-4195-8acc-6254fb470a95#1-t7, previous=(t:6, i:16), leaderCommit=18, initializing? false, entries: <empty>
2019-10-19 01:26:49,265 [Thread-1704] INFO  impl.FollowerState (FollowerState.java:run(108)) - 8bce6a00-3bba-419d-83ac-b35141b6b559@group-31C3DC938042-FollowerState: change to CANDIDATE, lastRpcTime:143ms, electionTimeout:143ms
2019-10-19 01:26:49,265 [Thread-1704] INFO  impl.RoleInfo (RoleInfo.java:shutdownFollowerState(121)) - 8bce6a00-3bba-419d-83ac-b35141b6b559: shutdown FollowerState
2019-10-19 01:26:49,265 [Thread-1704] INFO  impl.RaftServerImpl (RaftServerImpl.java:setRole(184)) - 8bce6a00-3bba-419d-83ac-b35141b6b559@group-31C3DC938042: changes role from  FOLLOWER to CANDIDATE at term 172 for changeToCandidate
2019-10-19 01:26:49,265 [Thread-1704] INFO  impl.RoleInfo (RoleInfo.java:updateAndGet(143)) - 8bce6a00-3bba-419d-83ac-b35141b6b559: start LeaderElection
2019-10-19 01:26:49,279 [8bce6a00-3bba-419d-83ac-b35141b6b559@group-31C3DC938042-LeaderElection188] INFO  impl.LeaderElection (LeaderElection.java:askForVotes(178)) - 8bce6a00-3bba-419d-83ac-b35141b6b559@group-31C3DC938042-LeaderElection188: begin an election at term 173 for -1: [774c78e1-8dd4-453d-975e-442189a07fe2:192.168.157.242:38712, 7247ad7d-2ca2-4af8-9337-77c07ea89cb3:192.168.157.242:42362, 8bce6a00-3bba-419d-83ac-b35141b6b559:192.168.157.242:37801], old=null
2019-10-19 01:26:49,280 [8bce6a00-3bba-419d-83ac-b35141b6b559@group-31C3DC938042-LeaderElection188] INFO  impl.LeaderElection (LogUtils.java:infoOrTrace(149)) - 8bce6a00-3bba-419d-83ac-b35141b6b559@group-31C3DC938042-LeaderElection188 got exception when requesting votes: {}
java.util.concurrent.ExecutionException: org.apache.ratis.thirdparty.io.grpc.StatusRuntimeException: UNAVAILABLE: io exception
	at java.util.concurrent.FutureTask.report(FutureTask.java:122)
	at java.util.concurrent.FutureTask.get(FutureTask.java:192)
	at org.apache.ratis.server.impl.LeaderElection.waitForResults(LeaderElection.java:259)
	at org.apache.ratis.server.impl.LeaderElection.askForVotes(LeaderElection.java:197)
	at org.apache.ratis.server.impl.LeaderElection.run(LeaderElection.java:133)
	at java.lang.Thread.run(Thread.java:748)
Caused by: org.apache.ratis.thirdparty.io.grpc.StatusRuntimeException: UNAVAILABLE: io exception
	at org.apache.ratis.thirdparty.io.grpc.stub.ClientCalls.toStatusRuntimeException(ClientCalls.java:233)
	at org.apache.ratis.thirdparty.io.grpc.stub.ClientCalls.getUnchecked(ClientCalls.java:214)
	at org.apache.ratis.thirdparty.io.grpc.stub.ClientCalls.blockingUnaryCall(ClientCalls.java:139)
	at org.apache.ratis.proto.grpc.RaftServerProtocolServiceGrpc$RaftServerProtocolServiceBlockingStub.requestVote(RaftServerProtocolServiceGrpc.java:265)
	at org.apache.ratis.grpc.server.GrpcServerProtocolClient.requestVote(GrpcServerProtocolClient.java:99)
	at org.apache.ratis.grpc.server.GrpcService.requestVote(GrpcService.java:204)
	at org.apache.ratis.server.impl.LeaderElection.lambda$submitRequests$1(LeaderElection.java:234)
	at java.util.concurrent.FutureTask.run(FutureTask.java:266)
	at java.util.concurrent.Executors$RunnableAdapter.call(Executors.java:511)
	at java.util.concurrent.FutureTask.run(FutureTask.java:266)
	at java.util.concurrent.ThreadPoolExecutor.runWorker(ThreadPoolExecutor.java:1149)
	at java.util.concurrent.ThreadPoolExecutor$Worker.run(ThreadPoolExecutor.java:624)
	... 1 more
Caused by: org.apache.ratis.thirdparty.io.netty.channel.AbstractChannel$AnnotatedConnectException: Connection refused: /192.168.157.242:42362
	at sun.nio.ch.SocketChannelImpl.checkConnect(Native Method)
	at sun.nio.ch.SocketChannelImpl.finishConnect(SocketChannelImpl.java:717)
	at org.apache.ratis.thirdparty.io.netty.channel.socket.nio.NioSocketChannel.doFinishConnect(NioSocketChannel.java:327)
	at org.apache.ratis.thirdparty.io.netty.channel.nio.AbstractNioChannel$AbstractNioUnsafe.finishConnect(AbstractNioChannel.java:340)
	at org.apache.ratis.thirdparty.io.netty.channel.nio.NioEventLoop.processSelectedKey(NioEventLoop.java:632)
	at org.apache.ratis.thirdparty.io.netty.channel.nio.NioEventLoop.processSelectedKeysOptimized(NioEventLoop.java:579)
	at org.apache.ratis.thirdparty.io.netty.channel.nio.NioEventLoop.processSelectedKeys(NioEventLoop.java:496)
	at org.apache.ratis.thirdparty.io.netty.channel.nio.NioEventLoop.run(NioEventLoop.java:458)
	at org.apache.ratis.thirdparty.io.netty.util.concurrent.SingleThreadEventExecutor$5.run(SingleThreadEventExecutor.java:897)
	at org.apache.ratis.thirdparty.io.netty.util.concurrent.FastThreadLocalRunnable.run(FastThreadLocalRunnable.java:30)
	... 1 more
Caused by: java.net.ConnectException: Connection refused
	... 11 more
2019-10-19 01:26:49,281 [grpc-default-executor-4] INFO  impl.RaftServerImpl (RaftServerImpl.java:setRole(184)) - 774c78e1-8dd4-453d-975e-442189a07fe2@group-31C3DC938042: changes role from  FOLLOWER to FOLLOWER at term 173 for recognizeCandidate:8bce6a00-3bba-419d-83ac-b35141b6b559
2019-10-19 01:26:49,282 [grpc-default-executor-4] INFO  impl.RoleInfo (RoleInfo.java:shutdownFollowerState(121)) - 774c78e1-8dd4-453d-975e-442189a07fe2: shutdown FollowerState
2019-10-19 01:26:49,282 [grpc-default-executor-4] INFO  impl.RoleInfo (RoleInfo.java:updateAndGet(143)) - 774c78e1-8dd4-453d-975e-442189a07fe2: start FollowerState
2019-10-19 01:26:49,282 [Thread-1703] INFO  impl.FollowerState (FollowerState.java:run(117)) - 774c78e1-8dd4-453d-975e-442189a07fe2@group-31C3DC938042-FollowerState was interrupted: java.lang.InterruptedException: sleep interrupted
2019-10-19 01:26:49,292 [8bce6a00-3bba-419d-83ac-b35141b6b559@group-31C3DC938042-LeaderElection188] INFO  impl.LeaderElection (LeaderElection.java:logAndReturn(56)) - 8bce6a00-3bba-419d-83ac-b35141b6b559@group-31C3DC938042-LeaderElection188: Election TIMEOUT; received 0 response(s) [] and 1 exception(s); 8bce6a00-3bba-419d-83ac-b35141b6b559@group-31C3DC938042:t173, leader=null, voted=8bce6a00-3bba-419d-83ac-b35141b6b559, raftlog=8bce6a00-3bba-419d-83ac-b35141b6b559@group-31C3DC938042-SegmentedRaftLog:OPENED:c-1,f-1,i0, conf=-1: [774c78e1-8dd4-453d-975e-442189a07fe2:192.168.157.242:38712, 7247ad7d-2ca2-4af8-9337-77c07ea89cb3:192.168.157.242:42362, 8bce6a00-3bba-419d-83ac-b35141b6b559:192.168.157.242:37801], old=null
2019-10-19 01:26:49,293 [8bce6a00-3bba-419d-83ac-b35141b6b559@group-31C3DC938042-LeaderElection188] INFO  impl.LeaderElection (LogUtils.java:infoOrTrace(149)) -   Exception 0: {}
java.util.concurrent.ExecutionException: org.apache.ratis.thirdparty.io.grpc.StatusRuntimeException: UNAVAILABLE: io exception
	at java.util.concurrent.FutureTask.report(FutureTask.java:122)
	at java.util.concurrent.FutureTask.get(FutureTask.java:192)
	at org.apache.ratis.server.impl.LeaderElection.waitForResults(LeaderElection.java:259)
	at org.apache.ratis.server.impl.LeaderElection.askForVotes(LeaderElection.java:197)
	at org.apache.ratis.server.impl.LeaderElection.run(LeaderElection.java:133)
	at java.lang.Thread.run(Thread.java:748)
Caused by: org.apache.ratis.thirdparty.io.grpc.StatusRuntimeException: UNAVAILABLE: io exception
	at org.apache.ratis.thirdparty.io.grpc.stub.ClientCalls.toStatusRuntimeException(ClientCalls.java:233)
	at org.apache.ratis.thirdparty.io.grpc.stub.ClientCalls.getUnchecked(ClientCalls.java:214)
	at org.apache.ratis.thirdparty.io.grpc.stub.ClientCalls.blockingUnaryCall(ClientCalls.java:139)
	at org.apache.ratis.proto.grpc.RaftServerProtocolServiceGrpc$RaftServerProtocolServiceBlockingStub.requestVote(RaftServerProtocolServiceGrpc.java:265)
	at org.apache.ratis.grpc.server.GrpcServerProtocolClient.requestVote(GrpcServerProtocolClient.java:99)
	at org.apache.ratis.grpc.server.GrpcService.requestVote(GrpcService.java:204)
	at org.apache.ratis.server.impl.LeaderElection.lambda$submitRequests$1(LeaderElection.java:234)
	at java.util.concurrent.FutureTask.run(FutureTask.java:266)
	at java.util.concurrent.Executors$RunnableAdapter.call(Executors.java:511)
	at java.util.concurrent.FutureTask.run(FutureTask.java:266)
	at java.util.concurrent.ThreadPoolExecutor.runWorker(ThreadPoolExecutor.java:1149)
	at java.util.concurrent.ThreadPoolExecutor$Worker.run(ThreadPoolExecutor.java:624)
	... 1 more
Caused by: org.apache.ratis.thirdparty.io.netty.channel.AbstractChannel$AnnotatedConnectException: Connection refused: /192.168.157.242:42362
	at sun.nio.ch.SocketChannelImpl.checkConnect(Native Method)
	at sun.nio.ch.SocketChannelImpl.finishConnect(SocketChannelImpl.java:717)
	at org.apache.ratis.thirdparty.io.netty.channel.socket.nio.NioSocketChannel.doFinishConnect(NioSocketChannel.java:327)
	at org.apache.ratis.thirdparty.io.netty.channel.nio.AbstractNioChannel$AbstractNioUnsafe.finishConnect(AbstractNioChannel.java:340)
	at org.apache.ratis.thirdparty.io.netty.channel.nio.NioEventLoop.processSelectedKey(NioEventLoop.java:632)
	at org.apache.ratis.thirdparty.io.netty.channel.nio.NioEventLoop.processSelectedKeysOptimized(NioEventLoop.java:579)
	at org.apache.ratis.thirdparty.io.netty.channel.nio.NioEventLoop.processSelectedKeys(NioEventLoop.java:496)
	at org.apache.ratis.thirdparty.io.netty.channel.nio.NioEventLoop.run(NioEventLoop.java:458)
	at org.apache.ratis.thirdparty.io.netty.util.concurrent.SingleThreadEventExecutor$5.run(SingleThreadEventExecutor.java:897)
	at org.apache.ratis.thirdparty.io.netty.util.concurrent.FastThreadLocalRunnable.run(FastThreadLocalRunnable.java:30)
	... 1 more
Caused by: java.net.ConnectException: Connection refused
	... 11 more
2019-10-19 01:26:49,298 [8bce6a00-3bba-419d-83ac-b35141b6b559@group-31C3DC938042-LeaderElection188] INFO  impl.LeaderElection (LeaderElection.java:askForVotes(178)) - 8bce6a00-3bba-419d-83ac-b35141b6b559@group-31C3DC938042-LeaderElection188: begin an election at term 174 for -1: [774c78e1-8dd4-453d-975e-442189a07fe2:192.168.157.242:38712, 7247ad7d-2ca2-4af8-9337-77c07ea89cb3:192.168.157.242:42362, 8bce6a00-3bba-419d-83ac-b35141b6b559:192.168.157.242:37801], old=null
2019-10-19 01:26:49,299 [8bce6a00-3bba-419d-83ac-b35141b6b559@group-31C3DC938042-LeaderElection188] INFO  impl.LeaderElection (LogUtils.java:infoOrTrace(149)) - 8bce6a00-3bba-419d-83ac-b35141b6b559@group-31C3DC938042-LeaderElection188 got exception when requesting votes: {}
java.util.concurrent.ExecutionException: org.apache.ratis.thirdparty.io.grpc.StatusRuntimeException: UNAVAILABLE: io exception
	at java.util.concurrent.FutureTask.report(FutureTask.java:122)
	at java.util.concurrent.FutureTask.get(FutureTask.java:192)
	at org.apache.ratis.server.impl.LeaderElection.waitForResults(LeaderElection.java:259)
	at org.apache.ratis.server.impl.LeaderElection.askForVotes(LeaderElection.java:197)
	at org.apache.ratis.server.impl.LeaderElection.run(LeaderElection.java:133)
	at java.lang.Thread.run(Thread.java:748)
Caused by: org.apache.ratis.thirdparty.io.grpc.StatusRuntimeException: UNAVAILABLE: io exception
	at org.apache.ratis.thirdparty.io.grpc.stub.ClientCalls.toStatusRuntimeException(ClientCalls.java:233)
	at org.apache.ratis.thirdparty.io.grpc.stub.ClientCalls.getUnchecked(ClientCalls.java:214)
	at org.apache.ratis.thirdparty.io.grpc.stub.ClientCalls.blockingUnaryCall(ClientCalls.java:139)
	at org.apache.ratis.proto.grpc.RaftServerProtocolServiceGrpc$RaftServerProtocolServiceBlockingStub.requestVote(RaftServerProtocolServiceGrpc.java:265)
	at org.apache.ratis.grpc.server.GrpcServerProtocolClient.requestVote(GrpcServerProtocolClient.java:99)
	at org.apache.ratis.grpc.server.GrpcService.requestVote(GrpcService.java:204)
	at org.apache.ratis.server.impl.LeaderElection.lambda$submitRequests$1(LeaderElection.java:234)
	at java.util.concurrent.FutureTask.run(FutureTask.java:266)
	at java.util.concurrent.Executors$RunnableAdapter.call(Executors.java:511)
	at java.util.concurrent.FutureTask.run(FutureTask.java:266)
	at java.util.concurrent.ThreadPoolExecutor.runWorker(ThreadPoolExecutor.java:1149)
	at java.util.concurrent.ThreadPoolExecutor$Worker.run(ThreadPoolExecutor.java:624)
	... 1 more
Caused by: org.apache.ratis.thirdparty.io.netty.channel.AbstractChannel$AnnotatedConnectException: Connection refused: /192.168.157.242:42362
	at sun.nio.ch.SocketChannelImpl.checkConnect(Native Method)
	at sun.nio.ch.SocketChannelImpl.finishConnect(SocketChannelImpl.java:717)
	at org.apache.ratis.thirdparty.io.netty.channel.socket.nio.NioSocketChannel.doFinishConnect(NioSocketChannel.java:327)
	at org.apache.ratis.thirdparty.io.netty.channel.nio.AbstractNioChannel$AbstractNioUnsafe.finishConnect(AbstractNioChannel.java:340)
	at org.apache.ratis.thirdparty.io.netty.channel.nio.NioEventLoop.processSelectedKey(NioEventLoop.java:632)
	at org.apache.ratis.thirdparty.io.netty.channel.nio.NioEventLoop.processSelectedKeysOptimized(NioEventLoop.java:579)
	at org.apache.ratis.thirdparty.io.netty.channel.nio.NioEventLoop.processSelectedKeys(NioEventLoop.java:496)
	at org.apache.ratis.thirdparty.io.netty.channel.nio.NioEventLoop.run(NioEventLoop.java:458)
	at org.apache.ratis.thirdparty.io.netty.util.concurrent.SingleThreadEventExecutor$5.run(SingleThreadEventExecutor.java:897)
	at org.apache.ratis.thirdparty.io.netty.util.concurrent.FastThreadLocalRunnable.run(FastThreadLocalRunnable.java:30)
	... 1 more
Caused by: java.net.ConnectException: Connection refused
	... 11 more
2019-10-19 01:26:49,300 [grpc-default-executor-4] INFO  impl.RaftServerImpl (RaftServerImpl.java:setRole(184)) - 774c78e1-8dd4-453d-975e-442189a07fe2@group-31C3DC938042: changes role from  FOLLOWER to FOLLOWER at term 174 for recognizeCandidate:8bce6a00-3bba-419d-83ac-b35141b6b559
2019-10-19 01:26:49,300 [grpc-default-executor-4] INFO  impl.RoleInfo (RoleInfo.java:shutdownFollowerState(121)) - 774c78e1-8dd4-453d-975e-442189a07fe2: shutdown FollowerState
2019-10-19 01:26:49,300 [grpc-default-executor-4] INFO  impl.RoleInfo (RoleInfo.java:updateAndGet(143)) - 774c78e1-8dd4-453d-975e-442189a07fe2: start FollowerState
2019-10-19 01:26:49,300 [Thread-1709] INFO  impl.FollowerState (FollowerState.java:run(117)) - 774c78e1-8dd4-453d-975e-442189a07fe2@group-31C3DC938042-FollowerState was interrupted: java.lang.InterruptedException: sleep interrupted
2019-10-19 01:26:49,327 [8bce6a00-3bba-419d-83ac-b35141b6b559@group-31C3DC938042-LeaderElection188] INFO  impl.LeaderElection (LeaderElection.java:logAndReturn(56)) - 8bce6a00-3bba-419d-83ac-b35141b6b559@group-31C3DC938042-LeaderElection188: Election REJECTED; received 1 response(s) [8bce6a00-3bba-419d-83ac-b35141b6b559<-774c78e1-8dd4-453d-975e-442189a07fe2#0:FAIL-t174] and 1 exception(s); 8bce6a00-3bba-419d-83ac-b35141b6b559@group-31C3DC938042:t174, leader=null, voted=8bce6a00-3bba-419d-83ac-b35141b6b559, raftlog=8bce6a00-3bba-419d-83ac-b35141b6b559@group-31C3DC938042-SegmentedRaftLog:OPENED:c-1,f-1,i0, conf=-1: [774c78e1-8dd4-453d-975e-442189a07fe2:192.168.157.242:38712, 7247ad7d-2ca2-4af8-9337-77c07ea89cb3:192.168.157.242:42362, 8bce6a00-3bba-419d-83ac-b35141b6b559:192.168.157.242:37801], old=null
2019-10-19 01:26:49,327 [8bce6a00-3bba-419d-83ac-b35141b6b559@group-31C3DC938042-LeaderElection188] INFO  impl.LeaderElection (LogUtils.java:infoOrTrace(149)) -   Exception 0: {}
java.util.concurrent.ExecutionException: org.apache.ratis.thirdparty.io.grpc.StatusRuntimeException: UNAVAILABLE: io exception
	at java.util.concurrent.FutureTask.report(FutureTask.java:122)
	at java.util.concurrent.FutureTask.get(FutureTask.java:192)
	at org.apache.ratis.server.impl.LeaderElection.waitForResults(LeaderElection.java:259)
	at org.apache.ratis.server.impl.LeaderElection.askForVotes(LeaderElection.java:197)
	at org.apache.ratis.server.impl.LeaderElection.run(LeaderElection.java:133)
	at java.lang.Thread.run(Thread.java:748)
Caused by: org.apache.ratis.thirdparty.io.grpc.StatusRuntimeException: UNAVAILABLE: io exception
	at org.apache.ratis.thirdparty.io.grpc.stub.ClientCalls.toStatusRuntimeException(ClientCalls.java:233)
	at org.apache.ratis.thirdparty.io.grpc.stub.ClientCalls.getUnchecked(ClientCalls.java:214)
	at org.apache.ratis.thirdparty.io.grpc.stub.ClientCalls.blockingUnaryCall(ClientCalls.java:139)
	at org.apache.ratis.proto.grpc.RaftServerProtocolServiceGrpc$RaftServerProtocolServiceBlockingStub.requestVote(RaftServerProtocolServiceGrpc.java:265)
	at org.apache.ratis.grpc.server.GrpcServerProtocolClient.requestVote(GrpcServerProtocolClient.java:99)
	at org.apache.ratis.grpc.server.GrpcService.requestVote(GrpcService.java:204)
	at org.apache.ratis.server.impl.LeaderElection.lambda$submitRequests$1(LeaderElection.java:234)
	at java.util.concurrent.FutureTask.run(FutureTask.java:266)
	at java.util.concurrent.Executors$RunnableAdapter.call(Executors.java:511)
	at java.util.concurrent.FutureTask.run(FutureTask.java:266)
	at java.util.concurrent.ThreadPoolExecutor.runWorker(ThreadPoolExecutor.java:1149)
	at java.util.concurrent.ThreadPoolExecutor$Worker.run(ThreadPoolExecutor.java:624)
	... 1 more
Caused by: org.apache.ratis.thirdparty.io.netty.channel.AbstractChannel$AnnotatedConnectException: Connection refused: /192.168.157.242:42362
	at sun.nio.ch.SocketChannelImpl.checkConnect(Native Method)
	at sun.nio.ch.SocketChannelImpl.finishConnect(SocketChannelImpl.java:717)
	at org.apache.ratis.thirdparty.io.netty.channel.socket.nio.NioSocketChannel.doFinishConnect(NioSocketChannel.java:327)
	at org.apache.ratis.thirdparty.io.netty.channel.nio.AbstractNioChannel$AbstractNioUnsafe.finishConnect(AbstractNioChannel.java:340)
	at org.apache.ratis.thirdparty.io.netty.channel.nio.NioEventLoop.processSelectedKey(NioEventLoop.java:632)
	at org.apache.ratis.thirdparty.io.netty.channel.nio.NioEventLoop.processSelectedKeysOptimized(NioEventLoop.java:579)
	at org.apache.ratis.thirdparty.io.netty.channel.nio.NioEventLoop.processSelectedKeys(NioEventLoop.java:496)
	at org.apache.ratis.thirdparty.io.netty.channel.nio.NioEventLoop.run(NioEventLoop.java:458)
	at org.apache.ratis.thirdparty.io.netty.util.concurrent.SingleThreadEventExecutor$5.run(SingleThreadEventExecutor.java:897)
	at org.apache.ratis.thirdparty.io.netty.util.concurrent.FastThreadLocalRunnable.run(FastThreadLocalRunnable.java:30)
	... 1 more
Caused by: java.net.ConnectException: Connection refused
	... 11 more
2019-10-19 01:26:49,328 [8bce6a00-3bba-419d-83ac-b35141b6b559@group-31C3DC938042-LeaderElection188] INFO  impl.RaftServerImpl (RaftServerImpl.java:setRole(184)) - 8bce6a00-3bba-419d-83ac-b35141b6b559@group-31C3DC938042: changes role from CANDIDATE to FOLLOWER at term 174 for DISCOVERED_A_NEW_TERM
2019-10-19 01:26:49,328 [8bce6a00-3bba-419d-83ac-b35141b6b559@group-31C3DC938042-LeaderElection188] INFO  impl.RoleInfo (RoleInfo.java:shutdownLeaderElection(134)) - 8bce6a00-3bba-419d-83ac-b35141b6b559: shutdown LeaderElection
2019-10-19 01:26:49,328 [8bce6a00-3bba-419d-83ac-b35141b6b559@group-31C3DC938042-LeaderElection188] INFO  impl.RoleInfo (RoleInfo.java:updateAndGet(143)) - 8bce6a00-3bba-419d-83ac-b35141b6b559: start FollowerState
2019-10-19 01:26:49,464 [Thread-1713] INFO  impl.FollowerState (FollowerState.java:run(108)) - 8bce6a00-3bba-419d-83ac-b35141b6b559@group-31C3DC938042-FollowerState: change to CANDIDATE, lastRpcTime:136ms, electionTimeout:136ms
2019-10-19 01:26:49,465 [Thread-1713] INFO  impl.RoleInfo (RoleInfo.java:shutdownFollowerState(121)) - 8bce6a00-3bba-419d-83ac-b35141b6b559: shutdown FollowerState
2019-10-19 01:26:49,465 [Thread-1713] INFO  impl.RaftServerImpl (RaftServerImpl.java:setRole(184)) - 8bce6a00-3bba-419d-83ac-b35141b6b559@group-31C3DC938042: changes role from  FOLLOWER to CANDIDATE at term 174 for changeToCandidate
2019-10-19 01:26:49,465 [Thread-1713] INFO  impl.RoleInfo (RoleInfo.java:updateAndGet(143)) - 8bce6a00-3bba-419d-83ac-b35141b6b559: start LeaderElection
2019-10-19 01:26:49,492 [8bce6a00-3bba-419d-83ac-b35141b6b559@group-31C3DC938042-LeaderElection189] INFO  impl.LeaderElection (LeaderElection.java:askForVotes(178)) - 8bce6a00-3bba-419d-83ac-b35141b6b559@group-31C3DC938042-LeaderElection189: begin an election at term 175 for -1: [774c78e1-8dd4-453d-975e-442189a07fe2:192.168.157.242:38712, 7247ad7d-2ca2-4af8-9337-77c07ea89cb3:192.168.157.242:42362, 8bce6a00-3bba-419d-83ac-b35141b6b559:192.168.157.242:37801], old=null
2019-10-19 01:26:49,493 [8bce6a00-3bba-419d-83ac-b35141b6b559@group-31C3DC938042-LeaderElection189] INFO  impl.LeaderElection (LogUtils.java:infoOrTrace(149)) - 8bce6a00-3bba-419d-83ac-b35141b6b559@group-31C3DC938042-LeaderElection189 got exception when requesting votes: {}
java.util.concurrent.ExecutionException: org.apache.ratis.thirdparty.io.grpc.StatusRuntimeException: UNAVAILABLE: io exception
	at java.util.concurrent.FutureTask.report(FutureTask.java:122)
	at java.util.concurrent.FutureTask.get(FutureTask.java:192)
	at org.apache.ratis.server.impl.LeaderElection.waitForResults(LeaderElection.java:259)
	at org.apache.ratis.server.impl.LeaderElection.askForVotes(LeaderElection.java:197)
	at org.apache.ratis.server.impl.LeaderElection.run(LeaderElection.java:133)
	at java.lang.Thread.run(Thread.java:748)
Caused by: org.apache.ratis.thirdparty.io.grpc.StatusRuntimeException: UNAVAILABLE: io exception
	at org.apache.ratis.thirdparty.io.grpc.stub.ClientCalls.toStatusRuntimeException(ClientCalls.java:233)
	at org.apache.ratis.thirdparty.io.grpc.stub.ClientCalls.getUnchecked(ClientCalls.java:214)
	at org.apache.ratis.thirdparty.io.grpc.stub.ClientCalls.blockingUnaryCall(ClientCalls.java:139)
	at org.apache.ratis.proto.grpc.RaftServerProtocolServiceGrpc$RaftServerProtocolServiceBlockingStub.requestVote(RaftServerProtocolServiceGrpc.java:265)
	at org.apache.ratis.grpc.server.GrpcServerProtocolClient.requestVote(GrpcServerProtocolClient.java:99)
	at org.apache.ratis.grpc.server.GrpcService.requestVote(GrpcService.java:204)
	at org.apache.ratis.server.impl.LeaderElection.lambda$submitRequests$1(LeaderElection.java:234)
	at java.util.concurrent.FutureTask.run(FutureTask.java:266)
	at java.util.concurrent.Executors$RunnableAdapter.call(Executors.java:511)
	at java.util.concurrent.FutureTask.run(FutureTask.java:266)
	at java.util.concurrent.ThreadPoolExecutor.runWorker(ThreadPoolExecutor.java:1149)
	at java.util.concurrent.ThreadPoolExecutor$Worker.run(ThreadPoolExecutor.java:624)
	... 1 more
Caused by: org.apache.ratis.thirdparty.io.netty.channel.AbstractChannel$AnnotatedConnectException: Connection refused: /192.168.157.242:42362
	at sun.nio.ch.SocketChannelImpl.checkConnect(Native Method)
	at sun.nio.ch.SocketChannelImpl.finishConnect(SocketChannelImpl.java:717)
	at org.apache.ratis.thirdparty.io.netty.channel.socket.nio.NioSocketChannel.doFinishConnect(NioSocketChannel.java:327)
	at org.apache.ratis.thirdparty.io.netty.channel.nio.AbstractNioChannel$AbstractNioUnsafe.finishConnect(AbstractNioChannel.java:340)
	at org.apache.ratis.thirdparty.io.netty.channel.nio.NioEventLoop.processSelectedKey(NioEventLoop.java:632)
	at org.apache.ratis.thirdparty.io.netty.channel.nio.NioEventLoop.processSelectedKeysOptimized(NioEventLoop.java:579)
	at org.apache.ratis.thirdparty.io.netty.channel.nio.NioEventLoop.processSelectedKeys(NioEventLoop.java:496)
	at org.apache.ratis.thirdparty.io.netty.channel.nio.NioEventLoop.run(NioEventLoop.java:458)
	at org.apache.ratis.thirdparty.io.netty.util.concurrent.SingleThreadEventExecutor$5.run(SingleThreadEventExecutor.java:897)
	at org.apache.ratis.thirdparty.io.netty.util.concurrent.FastThreadLocalRunnable.run(FastThreadLocalRunnable.java:30)
	... 1 more
Caused by: java.net.ConnectException: Connection refused
	... 11 more
2019-10-19 01:26:49,497 [grpc-default-executor-4] INFO  impl.RaftServerImpl (RaftServerImpl.java:setRole(184)) - 774c78e1-8dd4-453d-975e-442189a07fe2@group-31C3DC938042: changes role from  FOLLOWER to FOLLOWER at term 175 for recognizeCandidate:8bce6a00-3bba-419d-83ac-b35141b6b559
2019-10-19 01:26:49,497 [grpc-default-executor-4] INFO  impl.RoleInfo (RoleInfo.java:shutdownFollowerState(121)) - 774c78e1-8dd4-453d-975e-442189a07fe2: shutdown FollowerState
2019-10-19 01:26:49,497 [grpc-default-executor-4] INFO  impl.RoleInfo (RoleInfo.java:updateAndGet(143)) - 774c78e1-8dd4-453d-975e-442189a07fe2: start FollowerState
2019-10-19 01:26:49,497 [Thread-1712] INFO  impl.FollowerState (FollowerState.java:run(117)) - 774c78e1-8dd4-453d-975e-442189a07fe2@group-31C3DC938042-FollowerState was interrupted: java.lang.InterruptedException: sleep interrupted
2019-10-19 01:26:49,533 [8bce6a00-3bba-419d-83ac-b35141b6b559@group-31C3DC938042-LeaderElection189] INFO  impl.LeaderElection (LeaderElection.java:logAndReturn(56)) - 8bce6a00-3bba-419d-83ac-b35141b6b559@group-31C3DC938042-LeaderElection189: Election REJECTED; received 1 response(s) [8bce6a00-3bba-419d-83ac-b35141b6b559<-774c78e1-8dd4-453d-975e-442189a07fe2#0:FAIL-t175] and 1 exception(s); 8bce6a00-3bba-419d-83ac-b35141b6b559@group-31C3DC938042:t175, leader=null, voted=8bce6a00-3bba-419d-83ac-b35141b6b559, raftlog=8bce6a00-3bba-419d-83ac-b35141b6b559@group-31C3DC938042-SegmentedRaftLog:OPENED:c-1,f-1,i0, conf=-1: [774c78e1-8dd4-453d-975e-442189a07fe2:192.168.157.242:38712, 7247ad7d-2ca2-4af8-9337-77c07ea89cb3:192.168.157.242:42362, 8bce6a00-3bba-419d-83ac-b35141b6b559:192.168.157.242:37801], old=null
2019-10-19 01:26:49,533 [8bce6a00-3bba-419d-83ac-b35141b6b559@group-31C3DC938042-LeaderElection189] INFO  impl.LeaderElection (LogUtils.java:infoOrTrace(149)) -   Exception 0: {}
java.util.concurrent.ExecutionException: org.apache.ratis.thirdparty.io.grpc.StatusRuntimeException: UNAVAILABLE: io exception
	at java.util.concurrent.FutureTask.report(FutureTask.java:122)
	at java.util.concurrent.FutureTask.get(FutureTask.java:192)
	at org.apache.ratis.server.impl.LeaderElection.waitForResults(LeaderElection.java:259)
	at org.apache.ratis.server.impl.LeaderElection.askForVotes(LeaderElection.java:197)
	at org.apache.ratis.server.impl.LeaderElection.run(LeaderElection.java:133)
	at java.lang.Thread.run(Thread.java:748)
Caused by: org.apache.ratis.thirdparty.io.grpc.StatusRuntimeException: UNAVAILABLE: io exception
	at org.apache.ratis.thirdparty.io.grpc.stub.ClientCalls.toStatusRuntimeException(ClientCalls.java:233)
	at org.apache.ratis.thirdparty.io.grpc.stub.ClientCalls.getUnchecked(ClientCalls.java:214)
	at org.apache.ratis.thirdparty.io.grpc.stub.ClientCalls.blockingUnaryCall(ClientCalls.java:139)
	at org.apache.ratis.proto.grpc.RaftServerProtocolServiceGrpc$RaftServerProtocolServiceBlockingStub.requestVote(RaftServerProtocolServiceGrpc.java:265)
	at org.apache.ratis.grpc.server.GrpcServerProtocolClient.requestVote(GrpcServerProtocolClient.java:99)
	at org.apache.ratis.grpc.server.GrpcService.requestVote(GrpcService.java:204)
	at org.apache.ratis.server.impl.LeaderElection.lambda$submitRequests$1(LeaderElection.java:234)
	at java.util.concurrent.FutureTask.run(FutureTask.java:266)
	at java.util.concurrent.Executors$RunnableAdapter.call(Executors.java:511)
	at java.util.concurrent.FutureTask.run(FutureTask.java:266)
	at java.util.concurrent.ThreadPoolExecutor.runWorker(ThreadPoolExecutor.java:1149)
	at java.util.concurrent.ThreadPoolExecutor$Worker.run(ThreadPoolExecutor.java:624)
	... 1 more
Caused by: org.apache.ratis.thirdparty.io.netty.channel.AbstractChannel$AnnotatedConnectException: Connection refused: /192.168.157.242:42362
	at sun.nio.ch.SocketChannelImpl.checkConnect(Native Method)
	at sun.nio.ch.SocketChannelImpl.finishConnect(SocketChannelImpl.java:717)
	at org.apache.ratis.thirdparty.io.netty.channel.socket.nio.NioSocketChannel.doFinishConnect(NioSocketChannel.java:327)
	at org.apache.ratis.thirdparty.io.netty.channel.nio.AbstractNioChannel$AbstractNioUnsafe.finishConnect(AbstractNioChannel.java:340)
	at org.apache.ratis.thirdparty.io.netty.channel.nio.NioEventLoop.processSelectedKey(NioEventLoop.java:632)
	at org.apache.ratis.thirdparty.io.netty.channel.nio.NioEventLoop.processSelectedKeysOptimized(NioEventLoop.java:579)
	at org.apache.ratis.thirdparty.io.netty.channel.nio.NioEventLoop.processSelectedKeys(NioEventLoop.java:496)
	at org.apache.ratis.thirdparty.io.netty.channel.nio.NioEventLoop.run(NioEventLoop.java:458)
	at org.apache.ratis.thirdparty.io.netty.util.concurrent.SingleThreadEventExecutor$5.run(SingleThreadEventExecutor.java:897)
	at org.apache.ratis.thirdparty.io.netty.util.concurrent.FastThreadLocalRunnable.run(FastThreadLocalRunnable.java:30)
	... 1 more
Caused by: java.net.ConnectException: Connection refused
	... 11 more
2019-10-19 01:26:49,533 [8bce6a00-3bba-419d-83ac-b35141b6b559@group-31C3DC938042-LeaderElection189] INFO  impl.RaftServerImpl (RaftServerImpl.java:setRole(184)) - 8bce6a00-3bba-419d-83ac-b35141b6b559@group-31C3DC938042: changes role from CANDIDATE to FOLLOWER at term 175 for DISCOVERED_A_NEW_TERM
2019-10-19 01:26:49,533 [8bce6a00-3bba-419d-83ac-b35141b6b559@group-31C3DC938042-LeaderElection189] INFO  impl.RoleInfo (RoleInfo.java:shutdownLeaderElection(134)) - 8bce6a00-3bba-419d-83ac-b35141b6b559: shutdown LeaderElection
2019-10-19 01:26:49,533 [8bce6a00-3bba-419d-83ac-b35141b6b559@group-31C3DC938042-LeaderElection189] INFO  impl.RoleInfo (RoleInfo.java:updateAndGet(143)) - 8bce6a00-3bba-419d-83ac-b35141b6b559: start FollowerState
2019-10-19 01:26:49,712 [Thread-1718] INFO  impl.FollowerState (FollowerState.java:run(108)) - 8bce6a00-3bba-419d-83ac-b35141b6b559@group-31C3DC938042-FollowerState: change to CANDIDATE, lastRpcTime:178ms, electionTimeout:178ms
2019-10-19 01:26:49,712 [Thread-1718] INFO  impl.RoleInfo (RoleInfo.java:shutdownFollowerState(121)) - 8bce6a00-3bba-419d-83ac-b35141b6b559: shutdown FollowerState
2019-10-19 01:26:49,712 [Thread-1718] INFO  impl.RaftServerImpl (RaftServerImpl.java:setRole(184)) - 8bce6a00-3bba-419d-83ac-b35141b6b559@group-31C3DC938042: changes role from  FOLLOWER to CANDIDATE at term 175 for changeToCandidate
2019-10-19 01:26:49,712 [Thread-1718] INFO  impl.RoleInfo (RoleInfo.java:updateAndGet(143)) - 8bce6a00-3bba-419d-83ac-b35141b6b559: start LeaderElection
2019-10-19 01:26:49,728 [8bce6a00-3bba-419d-83ac-b35141b6b559@group-31C3DC938042-LeaderElection190] INFO  impl.LeaderElection (LeaderElection.java:askForVotes(178)) - 8bce6a00-3bba-419d-83ac-b35141b6b559@group-31C3DC938042-LeaderElection190: begin an election at term 176 for -1: [774c78e1-8dd4-453d-975e-442189a07fe2:192.168.157.242:38712, 7247ad7d-2ca2-4af8-9337-77c07ea89cb3:192.168.157.242:42362, 8bce6a00-3bba-419d-83ac-b35141b6b559:192.168.157.242:37801], old=null
2019-10-19 01:26:49,729 [8bce6a00-3bba-419d-83ac-b35141b6b559@group-31C3DC938042-LeaderElection190] INFO  impl.LeaderElection (LogUtils.java:infoOrTrace(149)) - 8bce6a00-3bba-419d-83ac-b35141b6b559@group-31C3DC938042-LeaderElection190 got exception when requesting votes: {}
java.util.concurrent.ExecutionException: org.apache.ratis.thirdparty.io.grpc.StatusRuntimeException: UNAVAILABLE: io exception
	at java.util.concurrent.FutureTask.report(FutureTask.java:122)
	at java.util.concurrent.FutureTask.get(FutureTask.java:192)
	at org.apache.ratis.server.impl.LeaderElection.waitForResults(LeaderElection.java:259)
	at org.apache.ratis.server.impl.LeaderElection.askForVotes(LeaderElection.java:197)
	at org.apache.ratis.server.impl.LeaderElection.run(LeaderElection.java:133)
	at java.lang.Thread.run(Thread.java:748)
Caused by: org.apache.ratis.thirdparty.io.grpc.StatusRuntimeException: UNAVAILABLE: io exception
	at org.apache.ratis.thirdparty.io.grpc.stub.ClientCalls.toStatusRuntimeException(ClientCalls.java:233)
	at org.apache.ratis.thirdparty.io.grpc.stub.ClientCalls.getUnchecked(ClientCalls.java:214)
	at org.apache.ratis.thirdparty.io.grpc.stub.ClientCalls.blockingUnaryCall(ClientCalls.java:139)
	at org.apache.ratis.proto.grpc.RaftServerProtocolServiceGrpc$RaftServerProtocolServiceBlockingStub.requestVote(RaftServerProtocolServiceGrpc.java:265)
	at org.apache.ratis.grpc.server.GrpcServerProtocolClient.requestVote(GrpcServerProtocolClient.java:99)
	at org.apache.ratis.grpc.server.GrpcService.requestVote(GrpcService.java:204)
	at org.apache.ratis.server.impl.LeaderElection.lambda$submitRequests$1(LeaderElection.java:234)
	at java.util.concurrent.FutureTask.run(FutureTask.java:266)
	at java.util.concurrent.Executors$RunnableAdapter.call(Executors.java:511)
	at java.util.concurrent.FutureTask.run(FutureTask.java:266)
	at java.util.concurrent.ThreadPoolExecutor.runWorker(ThreadPoolExecutor.java:1149)
	at java.util.concurrent.ThreadPoolExecutor$Worker.run(ThreadPoolExecutor.java:624)
	... 1 more
Caused by: org.apache.ratis.thirdparty.io.netty.channel.AbstractChannel$AnnotatedConnectException: Connection refused: /192.168.157.242:42362
	at sun.nio.ch.SocketChannelImpl.checkConnect(Native Method)
	at sun.nio.ch.SocketChannelImpl.finishConnect(SocketChannelImpl.java:717)
	at org.apache.ratis.thirdparty.io.netty.channel.socket.nio.NioSocketChannel.doFinishConnect(NioSocketChannel.java:327)
	at org.apache.ratis.thirdparty.io.netty.channel.nio.AbstractNioChannel$AbstractNioUnsafe.finishConnect(AbstractNioChannel.java:340)
	at org.apache.ratis.thirdparty.io.netty.channel.nio.NioEventLoop.processSelectedKey(NioEventLoop.java:632)
	at org.apache.ratis.thirdparty.io.netty.channel.nio.NioEventLoop.processSelectedKeysOptimized(NioEventLoop.java:579)
	at org.apache.ratis.thirdparty.io.netty.channel.nio.NioEventLoop.processSelectedKeys(NioEventLoop.java:496)
	at org.apache.ratis.thirdparty.io.netty.channel.nio.NioEventLoop.run(NioEventLoop.java:458)
	at org.apache.ratis.thirdparty.io.netty.util.concurrent.SingleThreadEventExecutor$5.run(SingleThreadEventExecutor.java:897)
	at org.apache.ratis.thirdparty.io.netty.util.concurrent.FastThreadLocalRunnable.run(FastThreadLocalRunnable.java:30)
	... 1 more
Caused by: java.net.ConnectException: Connection refused
	... 11 more
2019-10-19 01:26:49,730 [grpc-default-executor-4] INFO  impl.RaftServerImpl (RaftServerImpl.java:setRole(184)) - 774c78e1-8dd4-453d-975e-442189a07fe2@group-31C3DC938042: changes role from  FOLLOWER to FOLLOWER at term 176 for recognizeCandidate:8bce6a00-3bba-419d-83ac-b35141b6b559
2019-10-19 01:26:49,730 [grpc-default-executor-4] INFO  impl.RoleInfo (RoleInfo.java:shutdownFollowerState(121)) - 774c78e1-8dd4-453d-975e-442189a07fe2: shutdown FollowerState
2019-10-19 01:26:49,730 [grpc-default-executor-4] INFO  impl.RoleInfo (RoleInfo.java:updateAndGet(143)) - 774c78e1-8dd4-453d-975e-442189a07fe2: start FollowerState
2019-10-19 01:26:49,730 [Thread-1717] INFO  impl.FollowerState (FollowerState.java:run(117)) - 774c78e1-8dd4-453d-975e-442189a07fe2@group-31C3DC938042-FollowerState was interrupted: java.lang.InterruptedException: sleep interrupted
2019-10-19 01:26:49,734 [8bce6a00-3bba-419d-83ac-b35141b6b559@group-31C3DC938042-LeaderElection190] INFO  impl.LeaderElection (LeaderElection.java:logAndReturn(56)) - 8bce6a00-3bba-419d-83ac-b35141b6b559@group-31C3DC938042-LeaderElection190: Election REJECTED; received 1 response(s) [8bce6a00-3bba-419d-83ac-b35141b6b559<-774c78e1-8dd4-453d-975e-442189a07fe2#0:FAIL-t176] and 1 exception(s); 8bce6a00-3bba-419d-83ac-b35141b6b559@group-31C3DC938042:t176, leader=null, voted=8bce6a00-3bba-419d-83ac-b35141b6b559, raftlog=8bce6a00-3bba-419d-83ac-b35141b6b559@group-31C3DC938042-SegmentedRaftLog:OPENED:c-1,f-1,i0, conf=-1: [774c78e1-8dd4-453d-975e-442189a07fe2:192.168.157.242:38712, 7247ad7d-2ca2-4af8-9337-77c07ea89cb3:192.168.157.242:42362, 8bce6a00-3bba-419d-83ac-b35141b6b559:192.168.157.242:37801], old=null
2019-10-19 01:26:49,734 [8bce6a00-3bba-419d-83ac-b35141b6b559@group-31C3DC938042-LeaderElection190] INFO  impl.LeaderElection (LogUtils.java:infoOrTrace(149)) -   Exception 0: {}
java.util.concurrent.ExecutionException: org.apache.ratis.thirdparty.io.grpc.StatusRuntimeException: UNAVAILABLE: io exception
	at java.util.concurrent.FutureTask.report(FutureTask.java:122)
	at java.util.concurrent.FutureTask.get(FutureTask.java:192)
	at org.apache.ratis.server.impl.LeaderElection.waitForResults(LeaderElection.java:259)
	at org.apache.ratis.server.impl.LeaderElection.askForVotes(LeaderElection.java:197)
	at org.apache.ratis.server.impl.LeaderElection.run(LeaderElection.java:133)
	at java.lang.Thread.run(Thread.java:748)
Caused by: org.apache.ratis.thirdparty.io.grpc.StatusRuntimeException: UNAVAILABLE: io exception
	at org.apache.ratis.thirdparty.io.grpc.stub.ClientCalls.toStatusRuntimeException(ClientCalls.java:233)
	at org.apache.ratis.thirdparty.io.grpc.stub.ClientCalls.getUnchecked(ClientCalls.java:214)
	at org.apache.ratis.thirdparty.io.grpc.stub.ClientCalls.blockingUnaryCall(ClientCalls.java:139)
	at org.apache.ratis.proto.grpc.RaftServerProtocolServiceGrpc$RaftServerProtocolServiceBlockingStub.requestVote(RaftServerProtocolServiceGrpc.java:265)
	at org.apache.ratis.grpc.server.GrpcServerProtocolClient.requestVote(GrpcServerProtocolClient.java:99)
	at org.apache.ratis.grpc.server.GrpcService.requestVote(GrpcService.java:204)
	at org.apache.ratis.server.impl.LeaderElection.lambda$submitRequests$1(LeaderElection.java:234)
	at java.util.concurrent.FutureTask.run(FutureTask.java:266)
	at java.util.concurrent.Executors$RunnableAdapter.call(Executors.java:511)
	at java.util.concurrent.FutureTask.run(FutureTask.java:266)
	at java.util.concurrent.ThreadPoolExecutor.runWorker(ThreadPoolExecutor.java:1149)
	at java.util.concurrent.ThreadPoolExecutor$Worker.run(ThreadPoolExecutor.java:624)
	... 1 more
Caused by: org.apache.ratis.thirdparty.io.netty.channel.AbstractChannel$AnnotatedConnectException: Connection refused: /192.168.157.242:42362
	at sun.nio.ch.SocketChannelImpl.checkConnect(Native Method)
	at sun.nio.ch.SocketChannelImpl.finishConnect(SocketChannelImpl.java:717)
	at org.apache.ratis.thirdparty.io.netty.channel.socket.nio.NioSocketChannel.doFinishConnect(NioSocketChannel.java:327)
	at org.apache.ratis.thirdparty.io.netty.channel.nio.AbstractNioChannel$AbstractNioUnsafe.finishConnect(AbstractNioChannel.java:340)
	at org.apache.ratis.thirdparty.io.netty.channel.nio.NioEventLoop.processSelectedKey(NioEventLoop.java:632)
	at org.apache.ratis.thirdparty.io.netty.channel.nio.NioEventLoop.processSelectedKeysOptimized(NioEventLoop.java:579)
	at org.apache.ratis.thirdparty.io.netty.channel.nio.NioEventLoop.processSelectedKeys(NioEventLoop.java:496)
	at org.apache.ratis.thirdparty.io.netty.channel.nio.NioEventLoop.run(NioEventLoop.java:458)
	at org.apache.ratis.thirdparty.io.netty.util.concurrent.SingleThreadEventExecutor$5.run(SingleThreadEventExecutor.java:897)
	at org.apache.ratis.thirdparty.io.netty.util.concurrent.FastThreadLocalRunnable.run(FastThreadLocalRunnable.java:30)
	... 1 more
Caused by: java.net.ConnectException: Connection refused
	... 11 more
2019-10-19 01:26:49,734 [8bce6a00-3bba-419d-83ac-b35141b6b559@group-31C3DC938042-LeaderElection190] INFO  impl.RaftServerImpl (RaftServerImpl.java:setRole(184)) - 8bce6a00-3bba-419d-83ac-b35141b6b559@group-31C3DC938042: changes role from CANDIDATE to FOLLOWER at term 176 for DISCOVERED_A_NEW_TERM
2019-10-19 01:26:49,734 [8bce6a00-3bba-419d-83ac-b35141b6b559@group-31C3DC938042-LeaderElection190] INFO  impl.RoleInfo (RoleInfo.java:shutdownLeaderElection(134)) - 8bce6a00-3bba-419d-83ac-b35141b6b559: shutdown LeaderElection
2019-10-19 01:26:49,734 [8bce6a00-3bba-419d-83ac-b35141b6b559@group-31C3DC938042-LeaderElection190] INFO  impl.RoleInfo (RoleInfo.java:updateAndGet(143)) - 8bce6a00-3bba-419d-83ac-b35141b6b559: start FollowerState
2019-10-19 01:26:49,745 [Thread-1689] INFO  impl.FollowerState (FollowerState.java:run(108)) - a47f4692-6292-482b-87e1-943728217a13@group-12F62FEB2D83-FollowerState: change to CANDIDATE, lastRpcTime:1055ms, electionTimeout:1055ms
2019-10-19 01:26:49,745 [Thread-1689] INFO  impl.RoleInfo (RoleInfo.java:shutdownFollowerState(121)) - a47f4692-6292-482b-87e1-943728217a13: shutdown FollowerState
2019-10-19 01:26:49,745 [Thread-1689] INFO  impl.RaftServerImpl (RaftServerImpl.java:setRole(184)) - a47f4692-6292-482b-87e1-943728217a13@group-12F62FEB2D83: changes role from  FOLLOWER to CANDIDATE at term 12 for changeToCandidate
2019-10-19 01:26:49,745 [Thread-1689] INFO  impl.RoleInfo (RoleInfo.java:updateAndGet(143)) - a47f4692-6292-482b-87e1-943728217a13: start LeaderElection
2019-10-19 01:26:49,748 [a47f4692-6292-482b-87e1-943728217a13@group-12F62FEB2D83-LeaderElection191] INFO  impl.LeaderElection (LeaderElection.java:askForVotes(178)) - a47f4692-6292-482b-87e1-943728217a13@group-12F62FEB2D83-LeaderElection191: begin an election at term 13 for 0: [7bdff0e9-7b76-4a2e-87b8-7520d2e34914:192.168.157.242:33030, df8ea49b-ef0b-40b0-a5d0-e4c136909b6f:192.168.157.242:40644, a47f4692-6292-482b-87e1-943728217a13:192.168.157.242:34977], old=null
2019-10-19 01:26:49,749 [a47f4692-6292-482b-87e1-943728217a13@group-12F62FEB2D83-LeaderElection191] INFO  impl.LeaderElection (LogUtils.java:infoOrTrace(149)) - a47f4692-6292-482b-87e1-943728217a13@group-12F62FEB2D83-LeaderElection191 got exception when requesting votes: {}
java.util.concurrent.ExecutionException: org.apache.ratis.thirdparty.io.grpc.StatusRuntimeException: UNAVAILABLE: io exception
	at java.util.concurrent.FutureTask.report(FutureTask.java:122)
	at java.util.concurrent.FutureTask.get(FutureTask.java:192)
	at org.apache.ratis.server.impl.LeaderElection.waitForResults(LeaderElection.java:259)
	at org.apache.ratis.server.impl.LeaderElection.askForVotes(LeaderElection.java:197)
	at org.apache.ratis.server.impl.LeaderElection.run(LeaderElection.java:133)
	at java.lang.Thread.run(Thread.java:748)
Caused by: org.apache.ratis.thirdparty.io.grpc.StatusRuntimeException: UNAVAILABLE: io exception
	at org.apache.ratis.thirdparty.io.grpc.stub.ClientCalls.toStatusRuntimeException(ClientCalls.java:233)
	at org.apache.ratis.thirdparty.io.grpc.stub.ClientCalls.getUnchecked(ClientCalls.java:214)
	at org.apache.ratis.thirdparty.io.grpc.stub.ClientCalls.blockingUnaryCall(ClientCalls.java:139)
	at org.apache.ratis.proto.grpc.RaftServerProtocolServiceGrpc$RaftServerProtocolServiceBlockingStub.requestVote(RaftServerProtocolServiceGrpc.java:265)
	at org.apache.ratis.grpc.server.GrpcServerProtocolClient.requestVote(GrpcServerProtocolClient.java:99)
	at org.apache.ratis.grpc.server.GrpcService.requestVote(GrpcService.java:204)
	at org.apache.ratis.server.impl.LeaderElection.lambda$submitRequests$1(LeaderElection.java:234)
	at java.util.concurrent.FutureTask.run(FutureTask.java:266)
	at java.util.concurrent.Executors$RunnableAdapter.call(Executors.java:511)
	at java.util.concurrent.FutureTask.run(FutureTask.java:266)
	at java.util.concurrent.ThreadPoolExecutor.runWorker(ThreadPoolExecutor.java:1149)
	at java.util.concurrent.ThreadPoolExecutor$Worker.run(ThreadPoolExecutor.java:624)
	... 1 more
Caused by: org.apache.ratis.thirdparty.io.netty.channel.AbstractChannel$AnnotatedConnectException: Connection refused: /192.168.157.242:33030
	at sun.nio.ch.SocketChannelImpl.checkConnect(Native Method)
	at sun.nio.ch.SocketChannelImpl.finishConnect(SocketChannelImpl.java:717)
	at org.apache.ratis.thirdparty.io.netty.channel.socket.nio.NioSocketChannel.doFinishConnect(NioSocketChannel.java:327)
	at org.apache.ratis.thirdparty.io.netty.channel.nio.AbstractNioChannel$AbstractNioUnsafe.finishConnect(AbstractNioChannel.java:340)
	at org.apache.ratis.thirdparty.io.netty.channel.nio.NioEventLoop.processSelectedKey(NioEventLoop.java:632)
	at org.apache.ratis.thirdparty.io.netty.channel.nio.NioEventLoop.processSelectedKeysOptimized(NioEventLoop.java:579)
	at org.apache.ratis.thirdparty.io.netty.channel.nio.NioEventLoop.processSelectedKeys(NioEventLoop.java:496)
	at org.apache.ratis.thirdparty.io.netty.channel.nio.NioEventLoop.run(NioEventLoop.java:458)
	at org.apache.ratis.thirdparty.io.netty.util.concurrent.SingleThreadEventExecutor$5.run(SingleThreadEventExecutor.java:897)
	at org.apache.ratis.thirdparty.io.netty.util.concurrent.FastThreadLocalRunnable.run(FastThreadLocalRunnable.java:30)
	... 1 more
Caused by: java.net.ConnectException: Connection refused
	... 11 more
2019-10-19 01:26:49,749 [a47f4692-6292-482b-87e1-943728217a13@group-12F62FEB2D83-LeaderElection191] INFO  impl.LeaderElection (LogUtils.java:infoOrTrace(149)) - a47f4692-6292-482b-87e1-943728217a13@group-12F62FEB2D83-LeaderElection191 got exception when requesting votes: {}
java.util.concurrent.ExecutionException: org.apache.ratis.thirdparty.io.grpc.StatusRuntimeException: UNAVAILABLE: io exception
	at java.util.concurrent.FutureTask.report(FutureTask.java:122)
	at java.util.concurrent.FutureTask.get(FutureTask.java:192)
	at org.apache.ratis.server.impl.LeaderElection.waitForResults(LeaderElection.java:259)
	at org.apache.ratis.server.impl.LeaderElection.askForVotes(LeaderElection.java:197)
	at org.apache.ratis.server.impl.LeaderElection.run(LeaderElection.java:133)
	at java.lang.Thread.run(Thread.java:748)
Caused by: org.apache.ratis.thirdparty.io.grpc.StatusRuntimeException: UNAVAILABLE: io exception
	at org.apache.ratis.thirdparty.io.grpc.stub.ClientCalls.toStatusRuntimeException(ClientCalls.java:233)
	at org.apache.ratis.thirdparty.io.grpc.stub.ClientCalls.getUnchecked(ClientCalls.java:214)
	at org.apache.ratis.thirdparty.io.grpc.stub.ClientCalls.blockingUnaryCall(ClientCalls.java:139)
	at org.apache.ratis.proto.grpc.RaftServerProtocolServiceGrpc$RaftServerProtocolServiceBlockingStub.requestVote(RaftServerProtocolServiceGrpc.java:265)
	at org.apache.ratis.grpc.server.GrpcServerProtocolClient.requestVote(GrpcServerProtocolClient.java:99)
	at org.apache.ratis.grpc.server.GrpcService.requestVote(GrpcService.java:204)
	at org.apache.ratis.server.impl.LeaderElection.lambda$submitRequests$1(LeaderElection.java:234)
	at java.util.concurrent.FutureTask.run(FutureTask.java:266)
	at java.util.concurrent.Executors$RunnableAdapter.call(Executors.java:511)
	at java.util.concurrent.FutureTask.run(FutureTask.java:266)
	at java.util.concurrent.ThreadPoolExecutor.runWorker(ThreadPoolExecutor.java:1149)
	at java.util.concurrent.ThreadPoolExecutor$Worker.run(ThreadPoolExecutor.java:624)
	... 1 more
Caused by: org.apache.ratis.thirdparty.io.netty.channel.AbstractChannel$AnnotatedConnectException: Connection refused: /192.168.157.242:40644
	at sun.nio.ch.SocketChannelImpl.checkConnect(Native Method)
	at sun.nio.ch.SocketChannelImpl.finishConnect(SocketChannelImpl.java:717)
	at org.apache.ratis.thirdparty.io.netty.channel.socket.nio.NioSocketChannel.doFinishConnect(NioSocketChannel.java:327)
	at org.apache.ratis.thirdparty.io.netty.channel.nio.AbstractNioChannel$AbstractNioUnsafe.finishConnect(AbstractNioChannel.java:340)
	at org.apache.ratis.thirdparty.io.netty.channel.nio.NioEventLoop.processSelectedKey(NioEventLoop.java:632)
	at org.apache.ratis.thirdparty.io.netty.channel.nio.NioEventLoop.processSelectedKeysOptimized(NioEventLoop.java:579)
	at org.apache.ratis.thirdparty.io.netty.channel.nio.NioEventLoop.processSelectedKeys(NioEventLoop.java:496)
	at org.apache.ratis.thirdparty.io.netty.channel.nio.NioEventLoop.run(NioEventLoop.java:458)
	at org.apache.ratis.thirdparty.io.netty.util.concurrent.SingleThreadEventExecutor$5.run(SingleThreadEventExecutor.java:897)
	at org.apache.ratis.thirdparty.io.netty.util.concurrent.FastThreadLocalRunnable.run(FastThreadLocalRunnable.java:30)
	... 1 more
Caused by: java.net.ConnectException: Connection refused
	... 11 more
2019-10-19 01:26:49,749 [a47f4692-6292-482b-87e1-943728217a13@group-12F62FEB2D83-LeaderElection191] INFO  impl.LeaderElection (LeaderElection.java:logAndReturn(56)) - a47f4692-6292-482b-87e1-943728217a13@group-12F62FEB2D83-LeaderElection191: Election REJECTED; received 0 response(s) [] and 2 exception(s); a47f4692-6292-482b-87e1-943728217a13@group-12F62FEB2D83:t13, leader=null, voted=a47f4692-6292-482b-87e1-943728217a13, raftlog=a47f4692-6292-482b-87e1-943728217a13@group-12F62FEB2D83-SegmentedRaftLog:OPENED:c4,f4,i4, conf=0: [7bdff0e9-7b76-4a2e-87b8-7520d2e34914:192.168.157.242:33030, df8ea49b-ef0b-40b0-a5d0-e4c136909b6f:192.168.157.242:40644, a47f4692-6292-482b-87e1-943728217a13:192.168.157.242:34977], old=null
2019-10-19 01:26:49,749 [a47f4692-6292-482b-87e1-943728217a13@group-12F62FEB2D83-LeaderElection191] INFO  impl.LeaderElection (LogUtils.java:infoOrTrace(149)) -   Exception 0: {}
java.util.concurrent.ExecutionException: org.apache.ratis.thirdparty.io.grpc.StatusRuntimeException: UNAVAILABLE: io exception
	at java.util.concurrent.FutureTask.report(FutureTask.java:122)
	at java.util.concurrent.FutureTask.get(FutureTask.java:192)
	at org.apache.ratis.server.impl.LeaderElection.waitForResults(LeaderElection.java:259)
	at org.apache.ratis.server.impl.LeaderElection.askForVotes(LeaderElection.java:197)
	at org.apache.ratis.server.impl.LeaderElection.run(LeaderElection.java:133)
	at java.lang.Thread.run(Thread.java:748)
Caused by: org.apache.ratis.thirdparty.io.grpc.StatusRuntimeException: UNAVAILABLE: io exception
	at org.apache.ratis.thirdparty.io.grpc.stub.ClientCalls.toStatusRuntimeException(ClientCalls.java:233)
	at org.apache.ratis.thirdparty.io.grpc.stub.ClientCalls.getUnchecked(ClientCalls.java:214)
	at org.apache.ratis.thirdparty.io.grpc.stub.ClientCalls.blockingUnaryCall(ClientCalls.java:139)
	at org.apache.ratis.proto.grpc.RaftServerProtocolServiceGrpc$RaftServerProtocolServiceBlockingStub.requestVote(RaftServerProtocolServiceGrpc.java:265)
	at org.apache.ratis.grpc.server.GrpcServerProtocolClient.requestVote(GrpcServerProtocolClient.java:99)
	at org.apache.ratis.grpc.server.GrpcService.requestVote(GrpcService.java:204)
	at org.apache.ratis.server.impl.LeaderElection.lambda$submitRequests$1(LeaderElection.java:234)
	at java.util.concurrent.FutureTask.run(FutureTask.java:266)
	at java.util.concurrent.Executors$RunnableAdapter.call(Executors.java:511)
	at java.util.concurrent.FutureTask.run(FutureTask.java:266)
	at java.util.concurrent.ThreadPoolExecutor.runWorker(ThreadPoolExecutor.java:1149)
	at java.util.concurrent.ThreadPoolExecutor$Worker.run(ThreadPoolExecutor.java:624)
	... 1 more
Caused by: org.apache.ratis.thirdparty.io.netty.channel.AbstractChannel$AnnotatedConnectException: Connection refused: /192.168.157.242:33030
	at sun.nio.ch.SocketChannelImpl.checkConnect(Native Method)
	at sun.nio.ch.SocketChannelImpl.finishConnect(SocketChannelImpl.java:717)
	at org.apache.ratis.thirdparty.io.netty.channel.socket.nio.NioSocketChannel.doFinishConnect(NioSocketChannel.java:327)
	at org.apache.ratis.thirdparty.io.netty.channel.nio.AbstractNioChannel$AbstractNioUnsafe.finishConnect(AbstractNioChannel.java:340)
	at org.apache.ratis.thirdparty.io.netty.channel.nio.NioEventLoop.processSelectedKey(NioEventLoop.java:632)
	at org.apache.ratis.thirdparty.io.netty.channel.nio.NioEventLoop.processSelectedKeysOptimized(NioEventLoop.java:579)
	at org.apache.ratis.thirdparty.io.netty.channel.nio.NioEventLoop.processSelectedKeys(NioEventLoop.java:496)
	at org.apache.ratis.thirdparty.io.netty.channel.nio.NioEventLoop.run(NioEventLoop.java:458)
	at org.apache.ratis.thirdparty.io.netty.util.concurrent.SingleThreadEventExecutor$5.run(SingleThreadEventExecutor.java:897)
	at org.apache.ratis.thirdparty.io.netty.util.concurrent.FastThreadLocalRunnable.run(FastThreadLocalRunnable.java:30)
	... 1 more
Caused by: java.net.ConnectException: Connection refused
	... 11 more
2019-10-19 01:26:49,750 [a47f4692-6292-482b-87e1-943728217a13@group-12F62FEB2D83-LeaderElection191] INFO  impl.LeaderElection (LogUtils.java:infoOrTrace(149)) -   Exception 1: {}
java.util.concurrent.ExecutionException: org.apache.ratis.thirdparty.io.grpc.StatusRuntimeException: UNAVAILABLE: io exception
	at java.util.concurrent.FutureTask.report(FutureTask.java:122)
	at java.util.concurrent.FutureTask.get(FutureTask.java:192)
	at org.apache.ratis.server.impl.LeaderElection.waitForResults(LeaderElection.java:259)
	at org.apache.ratis.server.impl.LeaderElection.askForVotes(LeaderElection.java:197)
	at org.apache.ratis.server.impl.LeaderElection.run(LeaderElection.java:133)
	at java.lang.Thread.run(Thread.java:748)
Caused by: org.apache.ratis.thirdparty.io.grpc.StatusRuntimeException: UNAVAILABLE: io exception
	at org.apache.ratis.thirdparty.io.grpc.stub.ClientCalls.toStatusRuntimeException(ClientCalls.java:233)
	at org.apache.ratis.thirdparty.io.grpc.stub.ClientCalls.getUnchecked(ClientCalls.java:214)
	at org.apache.ratis.thirdparty.io.grpc.stub.ClientCalls.blockingUnaryCall(ClientCalls.java:139)
	at org.apache.ratis.proto.grpc.RaftServerProtocolServiceGrpc$RaftServerProtocolServiceBlockingStub.requestVote(RaftServerProtocolServiceGrpc.java:265)
	at org.apache.ratis.grpc.server.GrpcServerProtocolClient.requestVote(GrpcServerProtocolClient.java:99)
	at org.apache.ratis.grpc.server.GrpcService.requestVote(GrpcService.java:204)
	at org.apache.ratis.server.impl.LeaderElection.lambda$submitRequests$1(LeaderElection.java:234)
	at java.util.concurrent.FutureTask.run(FutureTask.java:266)
	at java.util.concurrent.Executors$RunnableAdapter.call(Executors.java:511)
	at java.util.concurrent.FutureTask.run(FutureTask.java:266)
	at java.util.concurrent.ThreadPoolExecutor.runWorker(ThreadPoolExecutor.java:1149)
	at java.util.concurrent.ThreadPoolExecutor$Worker.run(ThreadPoolExecutor.java:624)
	... 1 more
Caused by: org.apache.ratis.thirdparty.io.netty.channel.AbstractChannel$AnnotatedConnectException: Connection refused: /192.168.157.242:40644
	at sun.nio.ch.SocketChannelImpl.checkConnect(Native Method)
	at sun.nio.ch.SocketChannelImpl.finishConnect(SocketChannelImpl.java:717)
	at org.apache.ratis.thirdparty.io.netty.channel.socket.nio.NioSocketChannel.doFinishConnect(NioSocketChannel.java:327)
	at org.apache.ratis.thirdparty.io.netty.channel.nio.AbstractNioChannel$AbstractNioUnsafe.finishConnect(AbstractNioChannel.java:340)
	at org.apache.ratis.thirdparty.io.netty.channel.nio.NioEventLoop.processSelectedKey(NioEventLoop.java:632)
	at org.apache.ratis.thirdparty.io.netty.channel.nio.NioEventLoop.processSelectedKeysOptimized(NioEventLoop.java:579)
	at org.apache.ratis.thirdparty.io.netty.channel.nio.NioEventLoop.processSelectedKeys(NioEventLoop.java:496)
	at org.apache.ratis.thirdparty.io.netty.channel.nio.NioEventLoop.run(NioEventLoop.java:458)
	at org.apache.ratis.thirdparty.io.netty.util.concurrent.SingleThreadEventExecutor$5.run(SingleThreadEventExecutor.java:897)
	at org.apache.ratis.thirdparty.io.netty.util.concurrent.FastThreadLocalRunnable.run(FastThreadLocalRunnable.java:30)
	... 1 more
Caused by: java.net.ConnectException: Connection refused
	... 11 more
2019-10-19 01:26:49,750 [a47f4692-6292-482b-87e1-943728217a13@group-12F62FEB2D83-LeaderElection191] INFO  impl.RaftServerImpl (RaftServerImpl.java:setRole(184)) - a47f4692-6292-482b-87e1-943728217a13@group-12F62FEB2D83: changes role from CANDIDATE to FOLLOWER at term 13 for DISCOVERED_A_NEW_TERM
2019-10-19 01:26:49,750 [a47f4692-6292-482b-87e1-943728217a13@group-12F62FEB2D83-LeaderElection191] INFO  impl.RoleInfo (RoleInfo.java:shutdownLeaderElection(134)) - a47f4692-6292-482b-87e1-943728217a13: shutdown LeaderElection
2019-10-19 01:26:49,750 [a47f4692-6292-482b-87e1-943728217a13@group-12F62FEB2D83-LeaderElection191] INFO  impl.RoleInfo (RoleInfo.java:updateAndGet(143)) - a47f4692-6292-482b-87e1-943728217a13: start FollowerState
2019-10-19 01:26:49,756 [Thread-1724] INFO  impl.FollowerState (FollowerState.java:run(108)) - 8bce6a00-3bba-419d-83ac-b35141b6b559@group-31C3DC938042-FollowerState: change to CANDIDATE, lastRpcTime:21ms, electionTimeout:21ms
2019-10-19 01:26:49,756 [Thread-1724] INFO  impl.RoleInfo (RoleInfo.java:shutdownFollowerState(121)) - 8bce6a00-3bba-419d-83ac-b35141b6b559: shutdown FollowerState
2019-10-19 01:26:49,756 [Thread-1724] INFO  impl.RaftServerImpl (RaftServerImpl.java:setRole(184)) - 8bce6a00-3bba-419d-83ac-b35141b6b559@group-31C3DC938042: changes role from  FOLLOWER to CANDIDATE at term 176 for changeToCandidate
2019-10-19 01:26:49,756 [Thread-1724] INFO  impl.RoleInfo (RoleInfo.java:updateAndGet(143)) - 8bce6a00-3bba-419d-83ac-b35141b6b559: start LeaderElection
2019-10-19 01:26:49,785 [8bce6a00-3bba-419d-83ac-b35141b6b559@group-31C3DC938042-LeaderElection192] INFO  impl.LeaderElection (LeaderElection.java:askForVotes(178)) - 8bce6a00-3bba-419d-83ac-b35141b6b559@group-31C3DC938042-LeaderElection192: begin an election at term 177 for -1: [774c78e1-8dd4-453d-975e-442189a07fe2:192.168.157.242:38712, 7247ad7d-2ca2-4af8-9337-77c07ea89cb3:192.168.157.242:42362, 8bce6a00-3bba-419d-83ac-b35141b6b559:192.168.157.242:37801], old=null
2019-10-19 01:26:49,786 [8bce6a00-3bba-419d-83ac-b35141b6b559@group-31C3DC938042-LeaderElection192] INFO  impl.LeaderElection (LogUtils.java:infoOrTrace(149)) - 8bce6a00-3bba-419d-83ac-b35141b6b559@group-31C3DC938042-LeaderElection192 got exception when requesting votes: {}
java.util.concurrent.ExecutionException: org.apache.ratis.thirdparty.io.grpc.StatusRuntimeException: UNAVAILABLE: io exception
	at java.util.concurrent.FutureTask.report(FutureTask.java:122)
	at java.util.concurrent.FutureTask.get(FutureTask.java:192)
	at org.apache.ratis.server.impl.LeaderElection.waitForResults(LeaderElection.java:259)
	at org.apache.ratis.server.impl.LeaderElection.askForVotes(LeaderElection.java:197)
	at org.apache.ratis.server.impl.LeaderElection.run(LeaderElection.java:133)
	at java.lang.Thread.run(Thread.java:748)
Caused by: org.apache.ratis.thirdparty.io.grpc.StatusRuntimeException: UNAVAILABLE: io exception
	at org.apache.ratis.thirdparty.io.grpc.stub.ClientCalls.toStatusRuntimeException(ClientCalls.java:233)
	at org.apache.ratis.thirdparty.io.grpc.stub.ClientCalls.getUnchecked(ClientCalls.java:214)
	at org.apache.ratis.thirdparty.io.grpc.stub.ClientCalls.blockingUnaryCall(ClientCalls.java:139)
	at org.apache.ratis.proto.grpc.RaftServerProtocolServiceGrpc$RaftServerProtocolServiceBlockingStub.requestVote(RaftServerProtocolServiceGrpc.java:265)
	at org.apache.ratis.grpc.server.GrpcServerProtocolClient.requestVote(GrpcServerProtocolClient.java:99)
	at org.apache.ratis.grpc.server.GrpcService.requestVote(GrpcService.java:204)
	at org.apache.ratis.server.impl.LeaderElection.lambda$submitRequests$1(LeaderElection.java:234)
	at java.util.concurrent.FutureTask.run(FutureTask.java:266)
	at java.util.concurrent.Executors$RunnableAdapter.call(Executors.java:511)
	at java.util.concurrent.FutureTask.run(FutureTask.java:266)
	at java.util.concurrent.ThreadPoolExecutor.runWorker(ThreadPoolExecutor.java:1149)
	at java.util.concurrent.ThreadPoolExecutor$Worker.run(ThreadPoolExecutor.java:624)
	... 1 more
Caused by: org.apache.ratis.thirdparty.io.netty.channel.AbstractChannel$AnnotatedConnectException: Connection refused: /192.168.157.242:42362
	at sun.nio.ch.SocketChannelImpl.checkConnect(Native Method)
	at sun.nio.ch.SocketChannelImpl.finishConnect(SocketChannelImpl.java:717)
	at org.apache.ratis.thirdparty.io.netty.channel.socket.nio.NioSocketChannel.doFinishConnect(NioSocketChannel.java:327)
	at org.apache.ratis.thirdparty.io.netty.channel.nio.AbstractNioChannel$AbstractNioUnsafe.finishConnect(AbstractNioChannel.java:340)
	at org.apache.ratis.thirdparty.io.netty.channel.nio.NioEventLoop.processSelectedKey(NioEventLoop.java:632)
	at org.apache.ratis.thirdparty.io.netty.channel.nio.NioEventLoop.processSelectedKeysOptimized(NioEventLoop.java:579)
	at org.apache.ratis.thirdparty.io.netty.channel.nio.NioEventLoop.processSelectedKeys(NioEventLoop.java:496)
	at org.apache.ratis.thirdparty.io.netty.channel.nio.NioEventLoop.run(NioEventLoop.java:458)
	at org.apache.ratis.thirdparty.io.netty.util.concurrent.SingleThreadEventExecutor$5.run(SingleThreadEventExecutor.java:897)
	at org.apache.ratis.thirdparty.io.netty.util.concurrent.FastThreadLocalRunnable.run(FastThreadLocalRunnable.java:30)
	... 1 more
Caused by: java.net.ConnectException: Connection refused
	... 11 more
2019-10-19 01:26:49,787 [grpc-default-executor-4] INFO  impl.RaftServerImpl (RaftServerImpl.java:setRole(184)) - 774c78e1-8dd4-453d-975e-442189a07fe2@group-31C3DC938042: changes role from  FOLLOWER to FOLLOWER at term 177 for recognizeCandidate:8bce6a00-3bba-419d-83ac-b35141b6b559
2019-10-19 01:26:49,787 [grpc-default-executor-4] INFO  impl.RoleInfo (RoleInfo.java:shutdownFollowerState(121)) - 774c78e1-8dd4-453d-975e-442189a07fe2: shutdown FollowerState
2019-10-19 01:26:49,787 [grpc-default-executor-4] INFO  impl.RoleInfo (RoleInfo.java:updateAndGet(143)) - 774c78e1-8dd4-453d-975e-442189a07fe2: start FollowerState
2019-10-19 01:26:49,787 [Thread-1723] INFO  impl.FollowerState (FollowerState.java:run(117)) - 774c78e1-8dd4-453d-975e-442189a07fe2@group-31C3DC938042-FollowerState was interrupted: java.lang.InterruptedException: sleep interrupted
2019-10-19 01:26:49,801 [8bce6a00-3bba-419d-83ac-b35141b6b559@group-31C3DC938042-LeaderElection192] INFO  impl.LeaderElection (LeaderElection.java:logAndReturn(56)) - 8bce6a00-3bba-419d-83ac-b35141b6b559@group-31C3DC938042-LeaderElection192: Election REJECTED; received 1 response(s) [8bce6a00-3bba-419d-83ac-b35141b6b559<-774c78e1-8dd4-453d-975e-442189a07fe2#0:FAIL-t177] and 1 exception(s); 8bce6a00-3bba-419d-83ac-b35141b6b559@group-31C3DC938042:t177, leader=null, voted=8bce6a00-3bba-419d-83ac-b35141b6b559, raftlog=8bce6a00-3bba-419d-83ac-b35141b6b559@group-31C3DC938042-SegmentedRaftLog:OPENED:c-1,f-1,i0, conf=-1: [774c78e1-8dd4-453d-975e-442189a07fe2:192.168.157.242:38712, 7247ad7d-2ca2-4af8-9337-77c07ea89cb3:192.168.157.242:42362, 8bce6a00-3bba-419d-83ac-b35141b6b559:192.168.157.242:37801], old=null
2019-10-19 01:26:49,801 [8bce6a00-3bba-419d-83ac-b35141b6b559@group-31C3DC938042-LeaderElection192] INFO  impl.LeaderElection (LogUtils.java:infoOrTrace(149)) -   Exception 0: {}
java.util.concurrent.ExecutionException: org.apache.ratis.thirdparty.io.grpc.StatusRuntimeException: UNAVAILABLE: io exception
	at java.util.concurrent.FutureTask.report(FutureTask.java:122)
	at java.util.concurrent.FutureTask.get(FutureTask.java:192)
	at org.apache.ratis.server.impl.LeaderElection.waitForResults(LeaderElection.java:259)
	at org.apache.ratis.server.impl.LeaderElection.askForVotes(LeaderElection.java:197)
	at org.apache.ratis.server.impl.LeaderElection.run(LeaderElection.java:133)
	at java.lang.Thread.run(Thread.java:748)
Caused by: org.apache.ratis.thirdparty.io.grpc.StatusRuntimeException: UNAVAILABLE: io exception
	at org.apache.ratis.thirdparty.io.grpc.stub.ClientCalls.toStatusRuntimeException(ClientCalls.java:233)
	at org.apache.ratis.thirdparty.io.grpc.stub.ClientCalls.getUnchecked(ClientCalls.java:214)
	at org.apache.ratis.thirdparty.io.grpc.stub.ClientCalls.blockingUnaryCall(ClientCalls.java:139)
	at org.apache.ratis.proto.grpc.RaftServerProtocolServiceGrpc$RaftServerProtocolServiceBlockingStub.requestVote(RaftServerProtocolServiceGrpc.java:265)
	at org.apache.ratis.grpc.server.GrpcServerProtocolClient.requestVote(GrpcServerProtocolClient.java:99)
	at org.apache.ratis.grpc.server.GrpcService.requestVote(GrpcService.java:204)
	at org.apache.ratis.server.impl.LeaderElection.lambda$submitRequests$1(LeaderElection.java:234)
	at java.util.concurrent.FutureTask.run(FutureTask.java:266)
	at java.util.concurrent.Executors$RunnableAdapter.call(Executors.java:511)
	at java.util.concurrent.FutureTask.run(FutureTask.java:266)
	at java.util.concurrent.ThreadPoolExecutor.runWorker(ThreadPoolExecutor.java:1149)
	at java.util.concurrent.ThreadPoolExecutor$Worker.run(ThreadPoolExecutor.java:624)
	... 1 more
Caused by: org.apache.ratis.thirdparty.io.netty.channel.AbstractChannel$AnnotatedConnectException: Connection refused: /192.168.157.242:42362
	at sun.nio.ch.SocketChannelImpl.checkConnect(Native Method)
	at sun.nio.ch.SocketChannelImpl.finishConnect(SocketChannelImpl.java:717)
	at org.apache.ratis.thirdparty.io.netty.channel.socket.nio.NioSocketChannel.doFinishConnect(NioSocketChannel.java:327)
	at org.apache.ratis.thirdparty.io.netty.channel.nio.AbstractNioChannel$AbstractNioUnsafe.finishConnect(AbstractNioChannel.java:340)
	at org.apache.ratis.thirdparty.io.netty.channel.nio.NioEventLoop.processSelectedKey(NioEventLoop.java:632)
	at org.apache.ratis.thirdparty.io.netty.channel.nio.NioEventLoop.processSelectedKeysOptimized(NioEventLoop.java:579)
	at org.apache.ratis.thirdparty.io.netty.channel.nio.NioEventLoop.processSelectedKeys(NioEventLoop.java:496)
	at org.apache.ratis.thirdparty.io.netty.channel.nio.NioEventLoop.run(NioEventLoop.java:458)
	at org.apache.ratis.thirdparty.io.netty.util.concurrent.SingleThreadEventExecutor$5.run(SingleThreadEventExecutor.java:897)
	at org.apache.ratis.thirdparty.io.netty.util.concurrent.FastThreadLocalRunnable.run(FastThreadLocalRunnable.java:30)
	... 1 more
Caused by: java.net.ConnectException: Connection refused
	... 11 more
2019-10-19 01:26:49,801 [8bce6a00-3bba-419d-83ac-b35141b6b559@group-31C3DC938042-LeaderElection192] INFO  impl.RaftServerImpl (RaftServerImpl.java:setRole(184)) - 8bce6a00-3bba-419d-83ac-b35141b6b559@group-31C3DC938042: changes role from CANDIDATE to FOLLOWER at term 177 for DISCOVERED_A_NEW_TERM
2019-10-19 01:26:49,801 [8bce6a00-3bba-419d-83ac-b35141b6b559@group-31C3DC938042-LeaderElection192] INFO  impl.RoleInfo (RoleInfo.java:shutdownLeaderElection(134)) - 8bce6a00-3bba-419d-83ac-b35141b6b559: shutdown LeaderElection
2019-10-19 01:26:49,801 [8bce6a00-3bba-419d-83ac-b35141b6b559@group-31C3DC938042-LeaderElection192] INFO  impl.RoleInfo (RoleInfo.java:updateAndGet(143)) - 8bce6a00-3bba-419d-83ac-b35141b6b559: start FollowerState
2019-10-19 01:26:49,979 [Thread-1733] INFO  impl.FollowerState (FollowerState.java:run(108)) - 8bce6a00-3bba-419d-83ac-b35141b6b559@group-31C3DC938042-FollowerState: change to CANDIDATE, lastRpcTime:177ms, electionTimeout:177ms
2019-10-19 01:26:49,979 [Thread-1733] INFO  impl.RoleInfo (RoleInfo.java:shutdownFollowerState(121)) - 8bce6a00-3bba-419d-83ac-b35141b6b559: shutdown FollowerState
2019-10-19 01:26:49,979 [Thread-1733] INFO  impl.RaftServerImpl (RaftServerImpl.java:setRole(184)) - 8bce6a00-3bba-419d-83ac-b35141b6b559@group-31C3DC938042: changes role from  FOLLOWER to CANDIDATE at term 177 for changeToCandidate
2019-10-19 01:26:49,979 [Thread-1733] INFO  impl.RoleInfo (RoleInfo.java:updateAndGet(143)) - 8bce6a00-3bba-419d-83ac-b35141b6b559: start LeaderElection
2019-10-19 01:26:50,000 [8bce6a00-3bba-419d-83ac-b35141b6b559@group-31C3DC938042-LeaderElection193] INFO  impl.LeaderElection (LeaderElection.java:askForVotes(178)) - 8bce6a00-3bba-419d-83ac-b35141b6b559@group-31C3DC938042-LeaderElection193: begin an election at term 178 for -1: [774c78e1-8dd4-453d-975e-442189a07fe2:192.168.157.242:38712, 7247ad7d-2ca2-4af8-9337-77c07ea89cb3:192.168.157.242:42362, 8bce6a00-3bba-419d-83ac-b35141b6b559:192.168.157.242:37801], old=null
2019-10-19 01:26:50,001 [8bce6a00-3bba-419d-83ac-b35141b6b559@group-31C3DC938042-LeaderElection193] INFO  impl.LeaderElection (LogUtils.java:infoOrTrace(149)) - 8bce6a00-3bba-419d-83ac-b35141b6b559@group-31C3DC938042-LeaderElection193 got exception when requesting votes: {}
java.util.concurrent.ExecutionException: org.apache.ratis.thirdparty.io.grpc.StatusRuntimeException: UNAVAILABLE: io exception
	at java.util.concurrent.FutureTask.report(FutureTask.java:122)
	at java.util.concurrent.FutureTask.get(FutureTask.java:192)
	at org.apache.ratis.server.impl.LeaderElection.waitForResults(LeaderElection.java:259)
	at org.apache.ratis.server.impl.LeaderElection.askForVotes(LeaderElection.java:197)
	at org.apache.ratis.server.impl.LeaderElection.run(LeaderElection.java:133)
	at java.lang.Thread.run(Thread.java:748)
Caused by: org.apache.ratis.thirdparty.io.grpc.StatusRuntimeException: UNAVAILABLE: io exception
	at org.apache.ratis.thirdparty.io.grpc.stub.ClientCalls.toStatusRuntimeException(ClientCalls.java:233)
	at org.apache.ratis.thirdparty.io.grpc.stub.ClientCalls.getUnchecked(ClientCalls.java:214)
	at org.apache.ratis.thirdparty.io.grpc.stub.ClientCalls.blockingUnaryCall(ClientCalls.java:139)
	at org.apache.ratis.proto.grpc.RaftServerProtocolServiceGrpc$RaftServerProtocolServiceBlockingStub.requestVote(RaftServerProtocolServiceGrpc.java:265)
	at org.apache.ratis.grpc.server.GrpcServerProtocolClient.requestVote(GrpcServerProtocolClient.java:99)
	at org.apache.ratis.grpc.server.GrpcService.requestVote(GrpcService.java:204)
	at org.apache.ratis.server.impl.LeaderElection.lambda$submitRequests$1(LeaderElection.java:234)
	at java.util.concurrent.FutureTask.run(FutureTask.java:266)
	at java.util.concurrent.Executors$RunnableAdapter.call(Executors.java:511)
	at java.util.concurrent.FutureTask.run(FutureTask.java:266)
	at java.util.concurrent.ThreadPoolExecutor.runWorker(ThreadPoolExecutor.java:1149)
	at java.util.concurrent.ThreadPoolExecutor$Worker.run(ThreadPoolExecutor.java:624)
	... 1 more
Caused by: org.apache.ratis.thirdparty.io.netty.channel.AbstractChannel$AnnotatedConnectException: Connection refused: /192.168.157.242:42362
	at sun.nio.ch.SocketChannelImpl.checkConnect(Native Method)
	at sun.nio.ch.SocketChannelImpl.finishConnect(SocketChannelImpl.java:717)
	at org.apache.ratis.thirdparty.io.netty.channel.socket.nio.NioSocketChannel.doFinishConnect(NioSocketChannel.java:327)
	at org.apache.ratis.thirdparty.io.netty.channel.nio.AbstractNioChannel$AbstractNioUnsafe.finishConnect(AbstractNioChannel.java:340)
	at org.apache.ratis.thirdparty.io.netty.channel.nio.NioEventLoop.processSelectedKey(NioEventLoop.java:632)
	at org.apache.ratis.thirdparty.io.netty.channel.nio.NioEventLoop.processSelectedKeysOptimized(NioEventLoop.java:579)
	at org.apache.ratis.thirdparty.io.netty.channel.nio.NioEventLoop.processSelectedKeys(NioEventLoop.java:496)
	at org.apache.ratis.thirdparty.io.netty.channel.nio.NioEventLoop.run(NioEventLoop.java:458)
	at org.apache.ratis.thirdparty.io.netty.util.concurrent.SingleThreadEventExecutor$5.run(SingleThreadEventExecutor.java:897)
	at org.apache.ratis.thirdparty.io.netty.util.concurrent.FastThreadLocalRunnable.run(FastThreadLocalRunnable.java:30)
	... 1 more
Caused by: java.net.ConnectException: Connection refused
	... 11 more
2019-10-19 01:26:50,002 [grpc-default-executor-4] INFO  impl.RaftServerImpl (RaftServerImpl.java:setRole(184)) - 774c78e1-8dd4-453d-975e-442189a07fe2@group-31C3DC938042: changes role from  FOLLOWER to FOLLOWER at term 178 for recognizeCandidate:8bce6a00-3bba-419d-83ac-b35141b6b559
2019-10-19 01:26:50,003 [grpc-default-executor-4] INFO  impl.RoleInfo (RoleInfo.java:shutdownFollowerState(121)) - 774c78e1-8dd4-453d-975e-442189a07fe2: shutdown FollowerState
2019-10-19 01:26:50,003 [grpc-default-executor-4] INFO  impl.RoleInfo (RoleInfo.java:updateAndGet(143)) - 774c78e1-8dd4-453d-975e-442189a07fe2: start FollowerState
2019-10-19 01:26:50,003 [Thread-1732] INFO  impl.FollowerState (FollowerState.java:run(117)) - 774c78e1-8dd4-453d-975e-442189a07fe2@group-31C3DC938042-FollowerState was interrupted: java.lang.InterruptedException: sleep interrupted
2019-10-19 01:26:50,089 [8bce6a00-3bba-419d-83ac-b35141b6b559@group-31C3DC938042-LeaderElection193] INFO  impl.LeaderElection (LeaderElection.java:logAndReturn(56)) - 8bce6a00-3bba-419d-83ac-b35141b6b559@group-31C3DC938042-LeaderElection193: Election REJECTED; received 1 response(s) [8bce6a00-3bba-419d-83ac-b35141b6b559<-774c78e1-8dd4-453d-975e-442189a07fe2#0:FAIL-t178] and 1 exception(s); 8bce6a00-3bba-419d-83ac-b35141b6b559@group-31C3DC938042:t178, leader=null, voted=8bce6a00-3bba-419d-83ac-b35141b6b559, raftlog=8bce6a00-3bba-419d-83ac-b35141b6b559@group-31C3DC938042-SegmentedRaftLog:OPENED:c-1,f-1,i0, conf=-1: [774c78e1-8dd4-453d-975e-442189a07fe2:192.168.157.242:38712, 7247ad7d-2ca2-4af8-9337-77c07ea89cb3:192.168.157.242:42362, 8bce6a00-3bba-419d-83ac-b35141b6b559:192.168.157.242:37801], old=null
2019-10-19 01:26:50,089 [8bce6a00-3bba-419d-83ac-b35141b6b559@group-31C3DC938042-LeaderElection193] INFO  impl.LeaderElection (LogUtils.java:infoOrTrace(149)) -   Exception 0: {}
java.util.concurrent.ExecutionException: org.apache.ratis.thirdparty.io.grpc.StatusRuntimeException: UNAVAILABLE: io exception
	at java.util.concurrent.FutureTask.report(FutureTask.java:122)
	at java.util.concurrent.FutureTask.get(FutureTask.java:192)
	at org.apache.ratis.server.impl.LeaderElection.waitForResults(LeaderElection.java:259)
	at org.apache.ratis.server.impl.LeaderElection.askForVotes(LeaderElection.java:197)
	at org.apache.ratis.server.impl.LeaderElection.run(LeaderElection.java:133)
	at java.lang.Thread.run(Thread.java:748)
Caused by: org.apache.ratis.thirdparty.io.grpc.StatusRuntimeException: UNAVAILABLE: io exception
	at org.apache.ratis.thirdparty.io.grpc.stub.ClientCalls.toStatusRuntimeException(ClientCalls.java:233)
	at org.apache.ratis.thirdparty.io.grpc.stub.ClientCalls.getUnchecked(ClientCalls.java:214)
	at org.apache.ratis.thirdparty.io.grpc.stub.ClientCalls.blockingUnaryCall(ClientCalls.java:139)
	at org.apache.ratis.proto.grpc.RaftServerProtocolServiceGrpc$RaftServerProtocolServiceBlockingStub.requestVote(RaftServerProtocolServiceGrpc.java:265)
	at org.apache.ratis.grpc.server.GrpcServerProtocolClient.requestVote(GrpcServerProtocolClient.java:99)
	at org.apache.ratis.grpc.server.GrpcService.requestVote(GrpcService.java:204)
	at org.apache.ratis.server.impl.LeaderElection.lambda$submitRequests$1(LeaderElection.java:234)
	at java.util.concurrent.FutureTask.run(FutureTask.java:266)
	at java.util.concurrent.Executors$RunnableAdapter.call(Executors.java:511)
	at java.util.concurrent.FutureTask.run(FutureTask.java:266)
	at java.util.concurrent.ThreadPoolExecutor.runWorker(ThreadPoolExecutor.java:1149)
	at java.util.concurrent.ThreadPoolExecutor$Worker.run(ThreadPoolExecutor.java:624)
	... 1 more
Caused by: org.apache.ratis.thirdparty.io.netty.channel.AbstractChannel$AnnotatedConnectException: Connection refused: /192.168.157.242:42362
	at sun.nio.ch.SocketChannelImpl.checkConnect(Native Method)
	at sun.nio.ch.SocketChannelImpl.finishConnect(SocketChannelImpl.java:717)
	at org.apache.ratis.thirdparty.io.netty.channel.socket.nio.NioSocketChannel.doFinishConnect(NioSocketChannel.java:327)
	at org.apache.ratis.thirdparty.io.netty.channel.nio.AbstractNioChannel$AbstractNioUnsafe.finishConnect(AbstractNioChannel.java:340)
	at org.apache.ratis.thirdparty.io.netty.channel.nio.NioEventLoop.processSelectedKey(NioEventLoop.java:632)
	at org.apache.ratis.thirdparty.io.netty.channel.nio.NioEventLoop.processSelectedKeysOptimized(NioEventLoop.java:579)
	at org.apache.ratis.thirdparty.io.netty.channel.nio.NioEventLoop.processSelectedKeys(NioEventLoop.java:496)
	at org.apache.ratis.thirdparty.io.netty.channel.nio.NioEventLoop.run(NioEventLoop.java:458)
	at org.apache.ratis.thirdparty.io.netty.util.concurrent.SingleThreadEventExecutor$5.run(SingleThreadEventExecutor.java:897)
	at org.apache.ratis.thirdparty.io.netty.util.concurrent.FastThreadLocalRunnable.run(FastThreadLocalRunnable.java:30)
	... 1 more
Caused by: java.net.ConnectException: Connection refused
	... 11 more
2019-10-19 01:26:50,090 [8bce6a00-3bba-419d-83ac-b35141b6b559@group-31C3DC938042-LeaderElection193] INFO  impl.RaftServerImpl (RaftServerImpl.java:setRole(184)) - 8bce6a00-3bba-419d-83ac-b35141b6b559@group-31C3DC938042: changes role from CANDIDATE to FOLLOWER at term 178 for DISCOVERED_A_NEW_TERM
2019-10-19 01:26:50,090 [8bce6a00-3bba-419d-83ac-b35141b6b559@group-31C3DC938042-LeaderElection193] INFO  impl.RoleInfo (RoleInfo.java:shutdownLeaderElection(134)) - 8bce6a00-3bba-419d-83ac-b35141b6b559: shutdown LeaderElection
2019-10-19 01:26:50,090 [8bce6a00-3bba-419d-83ac-b35141b6b559@group-31C3DC938042-LeaderElection193] INFO  impl.RoleInfo (RoleInfo.java:updateAndGet(143)) - 8bce6a00-3bba-419d-83ac-b35141b6b559: start FollowerState
2019-10-19 01:26:50,257 [Thread-1738] INFO  impl.FollowerState (FollowerState.java:run(108)) - 8bce6a00-3bba-419d-83ac-b35141b6b559@group-31C3DC938042-FollowerState: change to CANDIDATE, lastRpcTime:167ms, electionTimeout:167ms
2019-10-19 01:26:50,257 [Thread-1738] INFO  impl.RoleInfo (RoleInfo.java:shutdownFollowerState(121)) - 8bce6a00-3bba-419d-83ac-b35141b6b559: shutdown FollowerState
2019-10-19 01:26:50,258 [Thread-1738] INFO  impl.RaftServerImpl (RaftServerImpl.java:setRole(184)) - 8bce6a00-3bba-419d-83ac-b35141b6b559@group-31C3DC938042: changes role from  FOLLOWER to CANDIDATE at term 178 for changeToCandidate
2019-10-19 01:26:50,258 [Thread-1738] INFO  impl.RoleInfo (RoleInfo.java:updateAndGet(143)) - 8bce6a00-3bba-419d-83ac-b35141b6b559: start LeaderElection
2019-10-19 01:26:50,287 [8bce6a00-3bba-419d-83ac-b35141b6b559@group-31C3DC938042-LeaderElection194] INFO  impl.LeaderElection (LeaderElection.java:askForVotes(178)) - 8bce6a00-3bba-419d-83ac-b35141b6b559@group-31C3DC938042-LeaderElection194: begin an election at term 179 for -1: [774c78e1-8dd4-453d-975e-442189a07fe2:192.168.157.242:38712, 7247ad7d-2ca2-4af8-9337-77c07ea89cb3:192.168.157.242:42362, 8bce6a00-3bba-419d-83ac-b35141b6b559:192.168.157.242:37801], old=null
2019-10-19 01:26:50,288 [8bce6a00-3bba-419d-83ac-b35141b6b559@group-31C3DC938042-LeaderElection194] INFO  impl.LeaderElection (LogUtils.java:infoOrTrace(149)) - 8bce6a00-3bba-419d-83ac-b35141b6b559@group-31C3DC938042-LeaderElection194 got exception when requesting votes: {}
java.util.concurrent.ExecutionException: org.apache.ratis.thirdparty.io.grpc.StatusRuntimeException: UNAVAILABLE: io exception
	at java.util.concurrent.FutureTask.report(FutureTask.java:122)
	at java.util.concurrent.FutureTask.get(FutureTask.java:192)
	at org.apache.ratis.server.impl.LeaderElection.waitForResults(LeaderElection.java:259)
	at org.apache.ratis.server.impl.LeaderElection.askForVotes(LeaderElection.java:197)
	at org.apache.ratis.server.impl.LeaderElection.run(LeaderElection.java:133)
	at java.lang.Thread.run(Thread.java:748)
Caused by: org.apache.ratis.thirdparty.io.grpc.StatusRuntimeException: UNAVAILABLE: io exception
	at org.apache.ratis.thirdparty.io.grpc.stub.ClientCalls.toStatusRuntimeException(ClientCalls.java:233)
	at org.apache.ratis.thirdparty.io.grpc.stub.ClientCalls.getUnchecked(ClientCalls.java:214)
	at org.apache.ratis.thirdparty.io.grpc.stub.ClientCalls.blockingUnaryCall(ClientCalls.java:139)
	at org.apache.ratis.proto.grpc.RaftServerProtocolServiceGrpc$RaftServerProtocolServiceBlockingStub.requestVote(RaftServerProtocolServiceGrpc.java:265)
	at org.apache.ratis.grpc.server.GrpcServerProtocolClient.requestVote(GrpcServerProtocolClient.java:99)
	at org.apache.ratis.grpc.server.GrpcService.requestVote(GrpcService.java:204)
	at org.apache.ratis.server.impl.LeaderElection.lambda$submitRequests$1(LeaderElection.java:234)
	at java.util.concurrent.FutureTask.run(FutureTask.java:266)
	at java.util.concurrent.Executors$RunnableAdapter.call(Executors.java:511)
	at java.util.concurrent.FutureTask.run(FutureTask.java:266)
	at java.util.concurrent.ThreadPoolExecutor.runWorker(ThreadPoolExecutor.java:1149)
	at java.util.concurrent.ThreadPoolExecutor$Worker.run(ThreadPoolExecutor.java:624)
	... 1 more
Caused by: org.apache.ratis.thirdparty.io.netty.channel.AbstractChannel$AnnotatedConnectException: Connection refused: /192.168.157.242:42362
	at sun.nio.ch.SocketChannelImpl.checkConnect(Native Method)
	at sun.nio.ch.SocketChannelImpl.finishConnect(SocketChannelImpl.java:717)
	at org.apache.ratis.thirdparty.io.netty.channel.socket.nio.NioSocketChannel.doFinishConnect(NioSocketChannel.java:327)
	at org.apache.ratis.thirdparty.io.netty.channel.nio.AbstractNioChannel$AbstractNioUnsafe.finishConnect(AbstractNioChannel.java:340)
	at org.apache.ratis.thirdparty.io.netty.channel.nio.NioEventLoop.processSelectedKey(NioEventLoop.java:632)
	at org.apache.ratis.thirdparty.io.netty.channel.nio.NioEventLoop.processSelectedKeysOptimized(NioEventLoop.java:579)
	at org.apache.ratis.thirdparty.io.netty.channel.nio.NioEventLoop.processSelectedKeys(NioEventLoop.java:496)
	at org.apache.ratis.thirdparty.io.netty.channel.nio.NioEventLoop.run(NioEventLoop.java:458)
	at org.apache.ratis.thirdparty.io.netty.util.concurrent.SingleThreadEventExecutor$5.run(SingleThreadEventExecutor.java:897)
	at org.apache.ratis.thirdparty.io.netty.util.concurrent.FastThreadLocalRunnable.run(FastThreadLocalRunnable.java:30)
	... 1 more
Caused by: java.net.ConnectException: Connection refused
	... 11 more
2019-10-19 01:26:50,289 [grpc-default-executor-4] INFO  impl.RaftServerImpl (RaftServerImpl.java:setRole(184)) - 774c78e1-8dd4-453d-975e-442189a07fe2@group-31C3DC938042: changes role from  FOLLOWER to FOLLOWER at term 179 for recognizeCandidate:8bce6a00-3bba-419d-83ac-b35141b6b559
2019-10-19 01:26:50,289 [grpc-default-executor-4] INFO  impl.RoleInfo (RoleInfo.java:shutdownFollowerState(121)) - 774c78e1-8dd4-453d-975e-442189a07fe2: shutdown FollowerState
2019-10-19 01:26:50,289 [grpc-default-executor-4] INFO  impl.RoleInfo (RoleInfo.java:updateAndGet(143)) - 774c78e1-8dd4-453d-975e-442189a07fe2: start FollowerState
2019-10-19 01:26:50,289 [Thread-1737] INFO  impl.FollowerState (FollowerState.java:run(117)) - 774c78e1-8dd4-453d-975e-442189a07fe2@group-31C3DC938042-FollowerState was interrupted: java.lang.InterruptedException: sleep interrupted
2019-10-19 01:26:50,294 [8bce6a00-3bba-419d-83ac-b35141b6b559@group-31C3DC938042-LeaderElection194] INFO  impl.LeaderElection (LeaderElection.java:logAndReturn(56)) - 8bce6a00-3bba-419d-83ac-b35141b6b559@group-31C3DC938042-LeaderElection194: Election REJECTED; received 1 response(s) [8bce6a00-3bba-419d-83ac-b35141b6b559<-774c78e1-8dd4-453d-975e-442189a07fe2#0:FAIL-t179] and 1 exception(s); 8bce6a00-3bba-419d-83ac-b35141b6b559@group-31C3DC938042:t179, leader=null, voted=8bce6a00-3bba-419d-83ac-b35141b6b559, raftlog=8bce6a00-3bba-419d-83ac-b35141b6b559@group-31C3DC938042-SegmentedRaftLog:OPENED:c-1,f-1,i0, conf=-1: [774c78e1-8dd4-453d-975e-442189a07fe2:192.168.157.242:38712, 7247ad7d-2ca2-4af8-9337-77c07ea89cb3:192.168.157.242:42362, 8bce6a00-3bba-419d-83ac-b35141b6b559:192.168.157.242:37801], old=null
2019-10-19 01:26:50,294 [8bce6a00-3bba-419d-83ac-b35141b6b559@group-31C3DC938042-LeaderElection194] INFO  impl.LeaderElection (LogUtils.java:infoOrTrace(149)) -   Exception 0: {}
java.util.concurrent.ExecutionException: org.apache.ratis.thirdparty.io.grpc.StatusRuntimeException: UNAVAILABLE: io exception
	at java.util.concurrent.FutureTask.report(FutureTask.java:122)
	at java.util.concurrent.FutureTask.get(FutureTask.java:192)
	at org.apache.ratis.server.impl.LeaderElection.waitForResults(LeaderElection.java:259)
	at org.apache.ratis.server.impl.LeaderElection.askForVotes(LeaderElection.java:197)
	at org.apache.ratis.server.impl.LeaderElection.run(LeaderElection.java:133)
	at java.lang.Thread.run(Thread.java:748)
Caused by: org.apache.ratis.thirdparty.io.grpc.StatusRuntimeException: UNAVAILABLE: io exception
	at org.apache.ratis.thirdparty.io.grpc.stub.ClientCalls.toStatusRuntimeException(ClientCalls.java:233)
	at org.apache.ratis.thirdparty.io.grpc.stub.ClientCalls.getUnchecked(ClientCalls.java:214)
	at org.apache.ratis.thirdparty.io.grpc.stub.ClientCalls.blockingUnaryCall(ClientCalls.java:139)
	at org.apache.ratis.proto.grpc.RaftServerProtocolServiceGrpc$RaftServerProtocolServiceBlockingStub.requestVote(RaftServerProtocolServiceGrpc.java:265)
	at org.apache.ratis.grpc.server.GrpcServerProtocolClient.requestVote(GrpcServerProtocolClient.java:99)
	at org.apache.ratis.grpc.server.GrpcService.requestVote(GrpcService.java:204)
	at org.apache.ratis.server.impl.LeaderElection.lambda$submitRequests$1(LeaderElection.java:234)
	at java.util.concurrent.FutureTask.run(FutureTask.java:266)
	at java.util.concurrent.Executors$RunnableAdapter.call(Executors.java:511)
	at java.util.concurrent.FutureTask.run(FutureTask.java:266)
	at java.util.concurrent.ThreadPoolExecutor.runWorker(ThreadPoolExecutor.java:1149)
	at java.util.concurrent.ThreadPoolExecutor$Worker.run(ThreadPoolExecutor.java:624)
	... 1 more
Caused by: org.apache.ratis.thirdparty.io.netty.channel.AbstractChannel$AnnotatedConnectException: Connection refused: /192.168.157.242:42362
	at sun.nio.ch.SocketChannelImpl.checkConnect(Native Method)
	at sun.nio.ch.SocketChannelImpl.finishConnect(SocketChannelImpl.java:717)
	at org.apache.ratis.thirdparty.io.netty.channel.socket.nio.NioSocketChannel.doFinishConnect(NioSocketChannel.java:327)
	at org.apache.ratis.thirdparty.io.netty.channel.nio.AbstractNioChannel$AbstractNioUnsafe.finishConnect(AbstractNioChannel.java:340)
	at org.apache.ratis.thirdparty.io.netty.channel.nio.NioEventLoop.processSelectedKey(NioEventLoop.java:632)
	at org.apache.ratis.thirdparty.io.netty.channel.nio.NioEventLoop.processSelectedKeysOptimized(NioEventLoop.java:579)
	at org.apache.ratis.thirdparty.io.netty.channel.nio.NioEventLoop.processSelectedKeys(NioEventLoop.java:496)
	at org.apache.ratis.thirdparty.io.netty.channel.nio.NioEventLoop.run(NioEventLoop.java:458)
	at org.apache.ratis.thirdparty.io.netty.util.concurrent.SingleThreadEventExecutor$5.run(SingleThreadEventExecutor.java:897)
	at org.apache.ratis.thirdparty.io.netty.util.concurrent.FastThreadLocalRunnable.run(FastThreadLocalRunnable.java:30)
	... 1 more
Caused by: java.net.ConnectException: Connection refused
	... 11 more
2019-10-19 01:26:50,294 [8bce6a00-3bba-419d-83ac-b35141b6b559@group-31C3DC938042-LeaderElection194] INFO  impl.RaftServerImpl (RaftServerImpl.java:setRole(184)) - 8bce6a00-3bba-419d-83ac-b35141b6b559@group-31C3DC938042: changes role from CANDIDATE to FOLLOWER at term 179 for DISCOVERED_A_NEW_TERM
2019-10-19 01:26:50,294 [8bce6a00-3bba-419d-83ac-b35141b6b559@group-31C3DC938042-LeaderElection194] INFO  impl.RoleInfo (RoleInfo.java:shutdownLeaderElection(134)) - 8bce6a00-3bba-419d-83ac-b35141b6b559: shutdown LeaderElection
2019-10-19 01:26:50,294 [8bce6a00-3bba-419d-83ac-b35141b6b559@group-31C3DC938042-LeaderElection194] INFO  impl.RoleInfo (RoleInfo.java:updateAndGet(143)) - 8bce6a00-3bba-419d-83ac-b35141b6b559: start FollowerState
2019-10-19 01:26:50,485 [Thread-1744] INFO  impl.FollowerState (FollowerState.java:run(108)) - 8bce6a00-3bba-419d-83ac-b35141b6b559@group-31C3DC938042-FollowerState: change to CANDIDATE, lastRpcTime:190ms, electionTimeout:190ms
2019-10-19 01:26:50,485 [Thread-1744] INFO  impl.RoleInfo (RoleInfo.java:shutdownFollowerState(121)) - 8bce6a00-3bba-419d-83ac-b35141b6b559: shutdown FollowerState
2019-10-19 01:26:50,485 [Thread-1744] INFO  impl.RaftServerImpl (RaftServerImpl.java:setRole(184)) - 8bce6a00-3bba-419d-83ac-b35141b6b559@group-31C3DC938042: changes role from  FOLLOWER to CANDIDATE at term 179 for changeToCandidate
2019-10-19 01:26:50,485 [Thread-1744] INFO  impl.RoleInfo (RoleInfo.java:updateAndGet(143)) - 8bce6a00-3bba-419d-83ac-b35141b6b559: start LeaderElection
2019-10-19 01:26:50,719 [8bce6a00-3bba-419d-83ac-b35141b6b559@group-31C3DC938042-LeaderElection195] INFO  impl.LeaderElection (LeaderElection.java:askForVotes(178)) - 8bce6a00-3bba-419d-83ac-b35141b6b559@group-31C3DC938042-LeaderElection195: begin an election at term 180 for -1: [774c78e1-8dd4-453d-975e-442189a07fe2:192.168.157.242:38712, 7247ad7d-2ca2-4af8-9337-77c07ea89cb3:192.168.157.242:42362, 8bce6a00-3bba-419d-83ac-b35141b6b559:192.168.157.242:37801], old=null
2019-10-19 01:26:50,720 [8bce6a00-3bba-419d-83ac-b35141b6b559@group-31C3DC938042-LeaderElection195] INFO  impl.LeaderElection (LogUtils.java:infoOrTrace(149)) - 8bce6a00-3bba-419d-83ac-b35141b6b559@group-31C3DC938042-LeaderElection195 got exception when requesting votes: {}
java.util.concurrent.ExecutionException: org.apache.ratis.thirdparty.io.grpc.StatusRuntimeException: UNAVAILABLE: io exception
	at java.util.concurrent.FutureTask.report(FutureTask.java:122)
	at java.util.concurrent.FutureTask.get(FutureTask.java:192)
	at org.apache.ratis.server.impl.LeaderElection.waitForResults(LeaderElection.java:259)
	at org.apache.ratis.server.impl.LeaderElection.askForVotes(LeaderElection.java:197)
	at org.apache.ratis.server.impl.LeaderElection.run(LeaderElection.java:133)
	at java.lang.Thread.run(Thread.java:748)
Caused by: org.apache.ratis.thirdparty.io.grpc.StatusRuntimeException: UNAVAILABLE: io exception
	at org.apache.ratis.thirdparty.io.grpc.stub.ClientCalls.toStatusRuntimeException(ClientCalls.java:233)
	at org.apache.ratis.thirdparty.io.grpc.stub.ClientCalls.getUnchecked(ClientCalls.java:214)
	at org.apache.ratis.thirdparty.io.grpc.stub.ClientCalls.blockingUnaryCall(ClientCalls.java:139)
	at org.apache.ratis.proto.grpc.RaftServerProtocolServiceGrpc$RaftServerProtocolServiceBlockingStub.requestVote(RaftServerProtocolServiceGrpc.java:265)
	at org.apache.ratis.grpc.server.GrpcServerProtocolClient.requestVote(GrpcServerProtocolClient.java:99)
	at org.apache.ratis.grpc.server.GrpcService.requestVote(GrpcService.java:204)
	at org.apache.ratis.server.impl.LeaderElection.lambda$submitRequests$1(LeaderElection.java:234)
	at java.util.concurrent.FutureTask.run(FutureTask.java:266)
	at java.util.concurrent.Executors$RunnableAdapter.call(Executors.java:511)
	at java.util.concurrent.FutureTask.run(FutureTask.java:266)
	at java.util.concurrent.ThreadPoolExecutor.runWorker(ThreadPoolExecutor.java:1149)
	at java.util.concurrent.ThreadPoolExecutor$Worker.run(ThreadPoolExecutor.java:624)
	... 1 more
Caused by: org.apache.ratis.thirdparty.io.netty.channel.AbstractChannel$AnnotatedConnectException: Connection refused: /192.168.157.242:42362
	at sun.nio.ch.SocketChannelImpl.checkConnect(Native Method)
	at sun.nio.ch.SocketChannelImpl.finishConnect(SocketChannelImpl.java:717)
	at org.apache.ratis.thirdparty.io.netty.channel.socket.nio.NioSocketChannel.doFinishConnect(NioSocketChannel.java:327)
	at org.apache.ratis.thirdparty.io.netty.channel.nio.AbstractNioChannel$AbstractNioUnsafe.finishConnect(AbstractNioChannel.java:340)
	at org.apache.ratis.thirdparty.io.netty.channel.nio.NioEventLoop.processSelectedKey(NioEventLoop.java:632)
	at org.apache.ratis.thirdparty.io.netty.channel.nio.NioEventLoop.processSelectedKeysOptimized(NioEventLoop.java:579)
	at org.apache.ratis.thirdparty.io.netty.channel.nio.NioEventLoop.processSelectedKeys(NioEventLoop.java:496)
	at org.apache.ratis.thirdparty.io.netty.channel.nio.NioEventLoop.run(NioEventLoop.java:458)
	at org.apache.ratis.thirdparty.io.netty.util.concurrent.SingleThreadEventExecutor$5.run(SingleThreadEventExecutor.java:897)
	at org.apache.ratis.thirdparty.io.netty.util.concurrent.FastThreadLocalRunnable.run(FastThreadLocalRunnable.java:30)
	... 1 more
Caused by: java.net.ConnectException: Connection refused
	... 11 more
2019-10-19 01:26:50,721 [grpc-default-executor-4] INFO  impl.RaftServerImpl (RaftServerImpl.java:setRole(184)) - 774c78e1-8dd4-453d-975e-442189a07fe2@group-31C3DC938042: changes role from  FOLLOWER to FOLLOWER at term 180 for recognizeCandidate:8bce6a00-3bba-419d-83ac-b35141b6b559
2019-10-19 01:26:50,722 [grpc-default-executor-4] INFO  impl.RoleInfo (RoleInfo.java:shutdownFollowerState(121)) - 774c78e1-8dd4-453d-975e-442189a07fe2: shutdown FollowerState
2019-10-19 01:26:50,722 [grpc-default-executor-4] INFO  impl.RoleInfo (RoleInfo.java:updateAndGet(143)) - 774c78e1-8dd4-453d-975e-442189a07fe2: start FollowerState
2019-10-19 01:26:50,722 [Thread-1743] INFO  impl.FollowerState (FollowerState.java:run(117)) - 774c78e1-8dd4-453d-975e-442189a07fe2@group-31C3DC938042-FollowerState was interrupted: java.lang.InterruptedException: sleep interrupted
2019-10-19 01:26:50,734 [8bce6a00-3bba-419d-83ac-b35141b6b559@group-31C3DC938042-LeaderElection195] INFO  impl.LeaderElection (LeaderElection.java:logAndReturn(56)) - 8bce6a00-3bba-419d-83ac-b35141b6b559@group-31C3DC938042-LeaderElection195: Election REJECTED; received 1 response(s) [8bce6a00-3bba-419d-83ac-b35141b6b559<-774c78e1-8dd4-453d-975e-442189a07fe2#0:FAIL-t180] and 1 exception(s); 8bce6a00-3bba-419d-83ac-b35141b6b559@group-31C3DC938042:t180, leader=null, voted=8bce6a00-3bba-419d-83ac-b35141b6b559, raftlog=8bce6a00-3bba-419d-83ac-b35141b6b559@group-31C3DC938042-SegmentedRaftLog:OPENED:c-1,f-1,i0, conf=-1: [774c78e1-8dd4-453d-975e-442189a07fe2:192.168.157.242:38712, 7247ad7d-2ca2-4af8-9337-77c07ea89cb3:192.168.157.242:42362, 8bce6a00-3bba-419d-83ac-b35141b6b559:192.168.157.242:37801], old=null
2019-10-19 01:26:50,734 [8bce6a00-3bba-419d-83ac-b35141b6b559@group-31C3DC938042-LeaderElection195] INFO  impl.LeaderElection (LogUtils.java:infoOrTrace(149)) -   Exception 0: {}
java.util.concurrent.ExecutionException: org.apache.ratis.thirdparty.io.grpc.StatusRuntimeException: UNAVAILABLE: io exception
	at java.util.concurrent.FutureTask.report(FutureTask.java:122)
	at java.util.concurrent.FutureTask.get(FutureTask.java:192)
	at org.apache.ratis.server.impl.LeaderElection.waitForResults(LeaderElection.java:259)
	at org.apache.ratis.server.impl.LeaderElection.askForVotes(LeaderElection.java:197)
	at org.apache.ratis.server.impl.LeaderElection.run(LeaderElection.java:133)
	at java.lang.Thread.run(Thread.java:748)
Caused by: org.apache.ratis.thirdparty.io.grpc.StatusRuntimeException: UNAVAILABLE: io exception
	at org.apache.ratis.thirdparty.io.grpc.stub.ClientCalls.toStatusRuntimeException(ClientCalls.java:233)
	at org.apache.ratis.thirdparty.io.grpc.stub.ClientCalls.getUnchecked(ClientCalls.java:214)
	at org.apache.ratis.thirdparty.io.grpc.stub.ClientCalls.blockingUnaryCall(ClientCalls.java:139)
	at org.apache.ratis.proto.grpc.RaftServerProtocolServiceGrpc$RaftServerProtocolServiceBlockingStub.requestVote(RaftServerProtocolServiceGrpc.java:265)
	at org.apache.ratis.grpc.server.GrpcServerProtocolClient.requestVote(GrpcServerProtocolClient.java:99)
	at org.apache.ratis.grpc.server.GrpcService.requestVote(GrpcService.java:204)
	at org.apache.ratis.server.impl.LeaderElection.lambda$submitRequests$1(LeaderElection.java:234)
	at java.util.concurrent.FutureTask.run(FutureTask.java:266)
	at java.util.concurrent.Executors$RunnableAdapter.call(Executors.java:511)
	at java.util.concurrent.FutureTask.run(FutureTask.java:266)
	at java.util.concurrent.ThreadPoolExecutor.runWorker(ThreadPoolExecutor.java:1149)
	at java.util.concurrent.ThreadPoolExecutor$Worker.run(ThreadPoolExecutor.java:624)
	... 1 more
Caused by: org.apache.ratis.thirdparty.io.netty.channel.AbstractChannel$AnnotatedConnectException: Connection refused: /192.168.157.242:42362
	at sun.nio.ch.SocketChannelImpl.checkConnect(Native Method)
	at sun.nio.ch.SocketChannelImpl.finishConnect(SocketChannelImpl.java:717)
	at org.apache.ratis.thirdparty.io.netty.channel.socket.nio.NioSocketChannel.doFinishConnect(NioSocketChannel.java:327)
	at org.apache.ratis.thirdparty.io.netty.channel.nio.AbstractNioChannel$AbstractNioUnsafe.finishConnect(AbstractNioChannel.java:340)
	at org.apache.ratis.thirdparty.io.netty.channel.nio.NioEventLoop.processSelectedKey(NioEventLoop.java:632)
	at org.apache.ratis.thirdparty.io.netty.channel.nio.NioEventLoop.processSelectedKeysOptimized(NioEventLoop.java:579)
	at org.apache.ratis.thirdparty.io.netty.channel.nio.NioEventLoop.processSelectedKeys(NioEventLoop.java:496)
	at org.apache.ratis.thirdparty.io.netty.channel.nio.NioEventLoop.run(NioEventLoop.java:458)
	at org.apache.ratis.thirdparty.io.netty.util.concurrent.SingleThreadEventExecutor$5.run(SingleThreadEventExecutor.java:897)
	at org.apache.ratis.thirdparty.io.netty.util.concurrent.FastThreadLocalRunnable.run(FastThreadLocalRunnable.java:30)
	... 1 more
Caused by: java.net.ConnectException: Connection refused
	... 11 more
2019-10-19 01:26:50,734 [8bce6a00-3bba-419d-83ac-b35141b6b559@group-31C3DC938042-LeaderElection195] INFO  impl.RaftServerImpl (RaftServerImpl.java:setRole(184)) - 8bce6a00-3bba-419d-83ac-b35141b6b559@group-31C3DC938042: changes role from CANDIDATE to FOLLOWER at term 180 for DISCOVERED_A_NEW_TERM
2019-10-19 01:26:50,734 [8bce6a00-3bba-419d-83ac-b35141b6b559@group-31C3DC938042-LeaderElection195] INFO  impl.RoleInfo (RoleInfo.java:shutdownLeaderElection(134)) - 8bce6a00-3bba-419d-83ac-b35141b6b559: shutdown LeaderElection
2019-10-19 01:26:50,734 [8bce6a00-3bba-419d-83ac-b35141b6b559@group-31C3DC938042-LeaderElection195] INFO  impl.RoleInfo (RoleInfo.java:updateAndGet(143)) - 8bce6a00-3bba-419d-83ac-b35141b6b559: start FollowerState
2019-10-19 01:26:50,843 [Thread-1728] INFO  impl.FollowerState (FollowerState.java:run(108)) - a47f4692-6292-482b-87e1-943728217a13@group-12F62FEB2D83-FollowerState: change to CANDIDATE, lastRpcTime:1093ms, electionTimeout:1093ms
2019-10-19 01:26:50,844 [Thread-1728] INFO  impl.RoleInfo (RoleInfo.java:shutdownFollowerState(121)) - a47f4692-6292-482b-87e1-943728217a13: shutdown FollowerState
2019-10-19 01:26:50,844 [Thread-1728] INFO  impl.RaftServerImpl (RaftServerImpl.java:setRole(184)) - a47f4692-6292-482b-87e1-943728217a13@group-12F62FEB2D83: changes role from  FOLLOWER to CANDIDATE at term 13 for changeToCandidate
2019-10-19 01:26:50,844 [Thread-1728] INFO  impl.RoleInfo (RoleInfo.java:updateAndGet(143)) - a47f4692-6292-482b-87e1-943728217a13: start LeaderElection
2019-10-19 01:26:50,854 [a47f4692-6292-482b-87e1-943728217a13@group-12F62FEB2D83-LeaderElection196] INFO  impl.LeaderElection (LeaderElection.java:askForVotes(178)) - a47f4692-6292-482b-87e1-943728217a13@group-12F62FEB2D83-LeaderElection196: begin an election at term 14 for 0: [7bdff0e9-7b76-4a2e-87b8-7520d2e34914:192.168.157.242:33030, df8ea49b-ef0b-40b0-a5d0-e4c136909b6f:192.168.157.242:40644, a47f4692-6292-482b-87e1-943728217a13:192.168.157.242:34977], old=null
2019-10-19 01:26:50,855 [a47f4692-6292-482b-87e1-943728217a13@group-12F62FEB2D83-LeaderElection196] INFO  impl.LeaderElection (LogUtils.java:infoOrTrace(149)) - a47f4692-6292-482b-87e1-943728217a13@group-12F62FEB2D83-LeaderElection196 got exception when requesting votes: {}
java.util.concurrent.ExecutionException: org.apache.ratis.thirdparty.io.grpc.StatusRuntimeException: UNAVAILABLE: io exception
	at java.util.concurrent.FutureTask.report(FutureTask.java:122)
	at java.util.concurrent.FutureTask.get(FutureTask.java:192)
	at org.apache.ratis.server.impl.LeaderElection.waitForResults(LeaderElection.java:259)
	at org.apache.ratis.server.impl.LeaderElection.askForVotes(LeaderElection.java:197)
	at org.apache.ratis.server.impl.LeaderElection.run(LeaderElection.java:133)
	at java.lang.Thread.run(Thread.java:748)
Caused by: org.apache.ratis.thirdparty.io.grpc.StatusRuntimeException: UNAVAILABLE: io exception
	at org.apache.ratis.thirdparty.io.grpc.stub.ClientCalls.toStatusRuntimeException(ClientCalls.java:233)
	at org.apache.ratis.thirdparty.io.grpc.stub.ClientCalls.getUnchecked(ClientCalls.java:214)
	at org.apache.ratis.thirdparty.io.grpc.stub.ClientCalls.blockingUnaryCall(ClientCalls.java:139)
	at org.apache.ratis.proto.grpc.RaftServerProtocolServiceGrpc$RaftServerProtocolServiceBlockingStub.requestVote(RaftServerProtocolServiceGrpc.java:265)
	at org.apache.ratis.grpc.server.GrpcServerProtocolClient.requestVote(GrpcServerProtocolClient.java:99)
	at org.apache.ratis.grpc.server.GrpcService.requestVote(GrpcService.java:204)
	at org.apache.ratis.server.impl.LeaderElection.lambda$submitRequests$1(LeaderElection.java:234)
	at java.util.concurrent.FutureTask.run(FutureTask.java:266)
	at java.util.concurrent.Executors$RunnableAdapter.call(Executors.java:511)
	at java.util.concurrent.FutureTask.run(FutureTask.java:266)
	at java.util.concurrent.ThreadPoolExecutor.runWorker(ThreadPoolExecutor.java:1149)
	at java.util.concurrent.ThreadPoolExecutor$Worker.run(ThreadPoolExecutor.java:624)
	... 1 more
Caused by: org.apache.ratis.thirdparty.io.netty.channel.AbstractChannel$AnnotatedConnectException: Connection refused: /192.168.157.242:33030
	at sun.nio.ch.SocketChannelImpl.checkConnect(Native Method)
	at sun.nio.ch.SocketChannelImpl.finishConnect(SocketChannelImpl.java:717)
	at org.apache.ratis.thirdparty.io.netty.channel.socket.nio.NioSocketChannel.doFinishConnect(NioSocketChannel.java:327)
	at org.apache.ratis.thirdparty.io.netty.channel.nio.AbstractNioChannel$AbstractNioUnsafe.finishConnect(AbstractNioChannel.java:340)
	at org.apache.ratis.thirdparty.io.netty.channel.nio.NioEventLoop.processSelectedKey(NioEventLoop.java:632)
	at org.apache.ratis.thirdparty.io.netty.channel.nio.NioEventLoop.processSelectedKeysOptimized(NioEventLoop.java:579)
	at org.apache.ratis.thirdparty.io.netty.channel.nio.NioEventLoop.processSelectedKeys(NioEventLoop.java:496)
	at org.apache.ratis.thirdparty.io.netty.channel.nio.NioEventLoop.run(NioEventLoop.java:458)
	at org.apache.ratis.thirdparty.io.netty.util.concurrent.SingleThreadEventExecutor$5.run(SingleThreadEventExecutor.java:897)
	at org.apache.ratis.thirdparty.io.netty.util.concurrent.FastThreadLocalRunnable.run(FastThreadLocalRunnable.java:30)
	... 1 more
Caused by: java.net.ConnectException: Connection refused
	... 11 more
2019-10-19 01:26:50,855 [a47f4692-6292-482b-87e1-943728217a13@group-12F62FEB2D83-LeaderElection196] INFO  impl.LeaderElection (LogUtils.java:infoOrTrace(149)) - a47f4692-6292-482b-87e1-943728217a13@group-12F62FEB2D83-LeaderElection196 got exception when requesting votes: {}
java.util.concurrent.ExecutionException: org.apache.ratis.thirdparty.io.grpc.StatusRuntimeException: UNAVAILABLE: io exception
	at java.util.concurrent.FutureTask.report(FutureTask.java:122)
	at java.util.concurrent.FutureTask.get(FutureTask.java:192)
	at org.apache.ratis.server.impl.LeaderElection.waitForResults(LeaderElection.java:259)
	at org.apache.ratis.server.impl.LeaderElection.askForVotes(LeaderElection.java:197)
	at org.apache.ratis.server.impl.LeaderElection.run(LeaderElection.java:133)
	at java.lang.Thread.run(Thread.java:748)
Caused by: org.apache.ratis.thirdparty.io.grpc.StatusRuntimeException: UNAVAILABLE: io exception
	at org.apache.ratis.thirdparty.io.grpc.stub.ClientCalls.toStatusRuntimeException(ClientCalls.java:233)
	at org.apache.ratis.thirdparty.io.grpc.stub.ClientCalls.getUnchecked(ClientCalls.java:214)
	at org.apache.ratis.thirdparty.io.grpc.stub.ClientCalls.blockingUnaryCall(ClientCalls.java:139)
	at org.apache.ratis.proto.grpc.RaftServerProtocolServiceGrpc$RaftServerProtocolServiceBlockingStub.requestVote(RaftServerProtocolServiceGrpc.java:265)
	at org.apache.ratis.grpc.server.GrpcServerProtocolClient.requestVote(GrpcServerProtocolClient.java:99)
	at org.apache.ratis.grpc.server.GrpcService.requestVote(GrpcService.java:204)
	at org.apache.ratis.server.impl.LeaderElection.lambda$submitRequests$1(LeaderElection.java:234)
	at java.util.concurrent.FutureTask.run(FutureTask.java:266)
	at java.util.concurrent.Executors$RunnableAdapter.call(Executors.java:511)
	at java.util.concurrent.FutureTask.run(FutureTask.java:266)
	at java.util.concurrent.ThreadPoolExecutor.runWorker(ThreadPoolExecutor.java:1149)
	at java.util.concurrent.ThreadPoolExecutor$Worker.run(ThreadPoolExecutor.java:624)
	... 1 more
Caused by: org.apache.ratis.thirdparty.io.netty.channel.AbstractChannel$AnnotatedConnectException: Connection refused: /192.168.157.242:40644
	at sun.nio.ch.SocketChannelImpl.checkConnect(Native Method)
	at sun.nio.ch.SocketChannelImpl.finishConnect(SocketChannelImpl.java:717)
	at org.apache.ratis.thirdparty.io.netty.channel.socket.nio.NioSocketChannel.doFinishConnect(NioSocketChannel.java:327)
	at org.apache.ratis.thirdparty.io.netty.channel.nio.AbstractNioChannel$AbstractNioUnsafe.finishConnect(AbstractNioChannel.java:340)
	at org.apache.ratis.thirdparty.io.netty.channel.nio.NioEventLoop.processSelectedKey(NioEventLoop.java:632)
	at org.apache.ratis.thirdparty.io.netty.channel.nio.NioEventLoop.processSelectedKeysOptimized(NioEventLoop.java:579)
	at org.apache.ratis.thirdparty.io.netty.channel.nio.NioEventLoop.processSelectedKeys(NioEventLoop.java:496)
	at org.apache.ratis.thirdparty.io.netty.channel.nio.NioEventLoop.run(NioEventLoop.java:458)
	at org.apache.ratis.thirdparty.io.netty.util.concurrent.SingleThreadEventExecutor$5.run(SingleThreadEventExecutor.java:897)
	at org.apache.ratis.thirdparty.io.netty.util.concurrent.FastThreadLocalRunnable.run(FastThreadLocalRunnable.java:30)
	... 1 more
Caused by: java.net.ConnectException: Connection refused
	... 11 more
2019-10-19 01:26:50,855 [a47f4692-6292-482b-87e1-943728217a13@group-12F62FEB2D83-LeaderElection196] INFO  impl.LeaderElection (LeaderElection.java:logAndReturn(56)) - a47f4692-6292-482b-87e1-943728217a13@group-12F62FEB2D83-LeaderElection196: Election REJECTED; received 0 response(s) [] and 2 exception(s); a47f4692-6292-482b-87e1-943728217a13@group-12F62FEB2D83:t14, leader=null, voted=a47f4692-6292-482b-87e1-943728217a13, raftlog=a47f4692-6292-482b-87e1-943728217a13@group-12F62FEB2D83-SegmentedRaftLog:OPENED:c4,f4,i4, conf=0: [7bdff0e9-7b76-4a2e-87b8-7520d2e34914:192.168.157.242:33030, df8ea49b-ef0b-40b0-a5d0-e4c136909b6f:192.168.157.242:40644, a47f4692-6292-482b-87e1-943728217a13:192.168.157.242:34977], old=null
2019-10-19 01:26:50,855 [a47f4692-6292-482b-87e1-943728217a13@group-12F62FEB2D83-LeaderElection196] INFO  impl.LeaderElection (LogUtils.java:infoOrTrace(149)) -   Exception 0: {}
java.util.concurrent.ExecutionException: org.apache.ratis.thirdparty.io.grpc.StatusRuntimeException: UNAVAILABLE: io exception
	at java.util.concurrent.FutureTask.report(FutureTask.java:122)
	at java.util.concurrent.FutureTask.get(FutureTask.java:192)
	at org.apache.ratis.server.impl.LeaderElection.waitForResults(LeaderElection.java:259)
	at org.apache.ratis.server.impl.LeaderElection.askForVotes(LeaderElection.java:197)
	at org.apache.ratis.server.impl.LeaderElection.run(LeaderElection.java:133)
	at java.lang.Thread.run(Thread.java:748)
Caused by: org.apache.ratis.thirdparty.io.grpc.StatusRuntimeException: UNAVAILABLE: io exception
	at org.apache.ratis.thirdparty.io.grpc.stub.ClientCalls.toStatusRuntimeException(ClientCalls.java:233)
	at org.apache.ratis.thirdparty.io.grpc.stub.ClientCalls.getUnchecked(ClientCalls.java:214)
	at org.apache.ratis.thirdparty.io.grpc.stub.ClientCalls.blockingUnaryCall(ClientCalls.java:139)
	at org.apache.ratis.proto.grpc.RaftServerProtocolServiceGrpc$RaftServerProtocolServiceBlockingStub.requestVote(RaftServerProtocolServiceGrpc.java:265)
	at org.apache.ratis.grpc.server.GrpcServerProtocolClient.requestVote(GrpcServerProtocolClient.java:99)
	at org.apache.ratis.grpc.server.GrpcService.requestVote(GrpcService.java:204)
	at org.apache.ratis.server.impl.LeaderElection.lambda$submitRequests$1(LeaderElection.java:234)
	at java.util.concurrent.FutureTask.run(FutureTask.java:266)
	at java.util.concurrent.Executors$RunnableAdapter.call(Executors.java:511)
	at java.util.concurrent.FutureTask.run(FutureTask.java:266)
	at java.util.concurrent.ThreadPoolExecutor.runWorker(ThreadPoolExecutor.java:1149)
	at java.util.concurrent.ThreadPoolExecutor$Worker.run(ThreadPoolExecutor.java:624)
	... 1 more
Caused by: org.apache.ratis.thirdparty.io.netty.channel.AbstractChannel$AnnotatedConnectException: Connection refused: /192.168.157.242:33030
	at sun.nio.ch.SocketChannelImpl.checkConnect(Native Method)
	at sun.nio.ch.SocketChannelImpl.finishConnect(SocketChannelImpl.java:717)
	at org.apache.ratis.thirdparty.io.netty.channel.socket.nio.NioSocketChannel.doFinishConnect(NioSocketChannel.java:327)
	at org.apache.ratis.thirdparty.io.netty.channel.nio.AbstractNioChannel$AbstractNioUnsafe.finishConnect(AbstractNioChannel.java:340)
	at org.apache.ratis.thirdparty.io.netty.channel.nio.NioEventLoop.processSelectedKey(NioEventLoop.java:632)
	at org.apache.ratis.thirdparty.io.netty.channel.nio.NioEventLoop.processSelectedKeysOptimized(NioEventLoop.java:579)
	at org.apache.ratis.thirdparty.io.netty.channel.nio.NioEventLoop.processSelectedKeys(NioEventLoop.java:496)
	at org.apache.ratis.thirdparty.io.netty.channel.nio.NioEventLoop.run(NioEventLoop.java:458)
	at org.apache.ratis.thirdparty.io.netty.util.concurrent.SingleThreadEventExecutor$5.run(SingleThreadEventExecutor.java:897)
	at org.apache.ratis.thirdparty.io.netty.util.concurrent.FastThreadLocalRunnable.run(FastThreadLocalRunnable.java:30)
	... 1 more
Caused by: java.net.ConnectException: Connection refused
	... 11 more
2019-10-19 01:26:50,856 [a47f4692-6292-482b-87e1-943728217a13@group-12F62FEB2D83-LeaderElection196] INFO  impl.LeaderElection (LogUtils.java:infoOrTrace(149)) -   Exception 1: {}
java.util.concurrent.ExecutionException: org.apache.ratis.thirdparty.io.grpc.StatusRuntimeException: UNAVAILABLE: io exception
	at java.util.concurrent.FutureTask.report(FutureTask.java:122)
	at java.util.concurrent.FutureTask.get(FutureTask.java:192)
	at org.apache.ratis.server.impl.LeaderElection.waitForResults(LeaderElection.java:259)
	at org.apache.ratis.server.impl.LeaderElection.askForVotes(LeaderElection.java:197)
	at org.apache.ratis.server.impl.LeaderElection.run(LeaderElection.java:133)
	at java.lang.Thread.run(Thread.java:748)
Caused by: org.apache.ratis.thirdparty.io.grpc.StatusRuntimeException: UNAVAILABLE: io exception
	at org.apache.ratis.thirdparty.io.grpc.stub.ClientCalls.toStatusRuntimeException(ClientCalls.java:233)
	at org.apache.ratis.thirdparty.io.grpc.stub.ClientCalls.getUnchecked(ClientCalls.java:214)
	at org.apache.ratis.thirdparty.io.grpc.stub.ClientCalls.blockingUnaryCall(ClientCalls.java:139)
	at org.apache.ratis.proto.grpc.RaftServerProtocolServiceGrpc$RaftServerProtocolServiceBlockingStub.requestVote(RaftServerProtocolServiceGrpc.java:265)
	at org.apache.ratis.grpc.server.GrpcServerProtocolClient.requestVote(GrpcServerProtocolClient.java:99)
	at org.apache.ratis.grpc.server.GrpcService.requestVote(GrpcService.java:204)
	at org.apache.ratis.server.impl.LeaderElection.lambda$submitRequests$1(LeaderElection.java:234)
	at java.util.concurrent.FutureTask.run(FutureTask.java:266)
	at java.util.concurrent.Executors$RunnableAdapter.call(Executors.java:511)
	at java.util.concurrent.FutureTask.run(FutureTask.java:266)
	at java.util.concurrent.ThreadPoolExecutor.runWorker(ThreadPoolExecutor.java:1149)
	at java.util.concurrent.ThreadPoolExecutor$Worker.run(ThreadPoolExecutor.java:624)
	... 1 more
Caused by: org.apache.ratis.thirdparty.io.netty.channel.AbstractChannel$AnnotatedConnectException: Connection refused: /192.168.157.242:40644
	at sun.nio.ch.SocketChannelImpl.checkConnect(Native Method)
	at sun.nio.ch.SocketChannelImpl.finishConnect(SocketChannelImpl.java:717)
	at org.apache.ratis.thirdparty.io.netty.channel.socket.nio.NioSocketChannel.doFinishConnect(NioSocketChannel.java:327)
	at org.apache.ratis.thirdparty.io.netty.channel.nio.AbstractNioChannel$AbstractNioUnsafe.finishConnect(AbstractNioChannel.java:340)
	at org.apache.ratis.thirdparty.io.netty.channel.nio.NioEventLoop.processSelectedKey(NioEventLoop.java:632)
	at org.apache.ratis.thirdparty.io.netty.channel.nio.NioEventLoop.processSelectedKeysOptimized(NioEventLoop.java:579)
	at org.apache.ratis.thirdparty.io.netty.channel.nio.NioEventLoop.processSelectedKeys(NioEventLoop.java:496)
	at org.apache.ratis.thirdparty.io.netty.channel.nio.NioEventLoop.run(NioEventLoop.java:458)
	at org.apache.ratis.thirdparty.io.netty.util.concurrent.SingleThreadEventExecutor$5.run(SingleThreadEventExecutor.java:897)
	at org.apache.ratis.thirdparty.io.netty.util.concurrent.FastThreadLocalRunnable.run(FastThreadLocalRunnable.java:30)
	... 1 more
Caused by: java.net.ConnectException: Connection refused
	... 11 more
2019-10-19 01:26:50,856 [a47f4692-6292-482b-87e1-943728217a13@group-12F62FEB2D83-LeaderElection196] INFO  impl.RaftServerImpl (RaftServerImpl.java:setRole(184)) - a47f4692-6292-482b-87e1-943728217a13@group-12F62FEB2D83: changes role from CANDIDATE to FOLLOWER at term 14 for DISCOVERED_A_NEW_TERM
2019-10-19 01:26:50,856 [a47f4692-6292-482b-87e1-943728217a13@group-12F62FEB2D83-LeaderElection196] INFO  impl.RoleInfo (RoleInfo.java:shutdownLeaderElection(134)) - a47f4692-6292-482b-87e1-943728217a13: shutdown LeaderElection
2019-10-19 01:26:50,856 [a47f4692-6292-482b-87e1-943728217a13@group-12F62FEB2D83-LeaderElection196] INFO  impl.RoleInfo (RoleInfo.java:updateAndGet(143)) - a47f4692-6292-482b-87e1-943728217a13: start FollowerState
2019-10-19 01:26:50,912 [Thread-1750] INFO  impl.FollowerState (FollowerState.java:run(108)) - 8bce6a00-3bba-419d-83ac-b35141b6b559@group-31C3DC938042-FollowerState: change to CANDIDATE, lastRpcTime:177ms, electionTimeout:177ms
2019-10-19 01:26:50,912 [Thread-1750] INFO  impl.RoleInfo (RoleInfo.java:shutdownFollowerState(121)) - 8bce6a00-3bba-419d-83ac-b35141b6b559: shutdown FollowerState
2019-10-19 01:26:50,912 [Thread-1750] INFO  impl.RaftServerImpl (RaftServerImpl.java:setRole(184)) - 8bce6a00-3bba-419d-83ac-b35141b6b559@group-31C3DC938042: changes role from  FOLLOWER to CANDIDATE at term 180 for changeToCandidate
2019-10-19 01:26:50,912 [Thread-1750] INFO  impl.RoleInfo (RoleInfo.java:updateAndGet(143)) - 8bce6a00-3bba-419d-83ac-b35141b6b559: start LeaderElection
2019-10-19 01:26:50,922 [8bce6a00-3bba-419d-83ac-b35141b6b559@group-31C3DC938042-LeaderElection197] INFO  impl.LeaderElection (LeaderElection.java:askForVotes(178)) - 8bce6a00-3bba-419d-83ac-b35141b6b559@group-31C3DC938042-LeaderElection197: begin an election at term 181 for -1: [774c78e1-8dd4-453d-975e-442189a07fe2:192.168.157.242:38712, 7247ad7d-2ca2-4af8-9337-77c07ea89cb3:192.168.157.242:42362, 8bce6a00-3bba-419d-83ac-b35141b6b559:192.168.157.242:37801], old=null
2019-10-19 01:26:50,922 [8bce6a00-3bba-419d-83ac-b35141b6b559@group-31C3DC938042-LeaderElection197] INFO  impl.LeaderElection (LogUtils.java:infoOrTrace(149)) - 8bce6a00-3bba-419d-83ac-b35141b6b559@group-31C3DC938042-LeaderElection197 got exception when requesting votes: {}
java.util.concurrent.ExecutionException: org.apache.ratis.thirdparty.io.grpc.StatusRuntimeException: UNAVAILABLE: io exception
	at java.util.concurrent.FutureTask.report(FutureTask.java:122)
	at java.util.concurrent.FutureTask.get(FutureTask.java:192)
	at org.apache.ratis.server.impl.LeaderElection.waitForResults(LeaderElection.java:259)
	at org.apache.ratis.server.impl.LeaderElection.askForVotes(LeaderElection.java:197)
	at org.apache.ratis.server.impl.LeaderElection.run(LeaderElection.java:133)
	at java.lang.Thread.run(Thread.java:748)
Caused by: org.apache.ratis.thirdparty.io.grpc.StatusRuntimeException: UNAVAILABLE: io exception
	at org.apache.ratis.thirdparty.io.grpc.stub.ClientCalls.toStatusRuntimeException(ClientCalls.java:233)
	at org.apache.ratis.thirdparty.io.grpc.stub.ClientCalls.getUnchecked(ClientCalls.java:214)
	at org.apache.ratis.thirdparty.io.grpc.stub.ClientCalls.blockingUnaryCall(ClientCalls.java:139)
	at org.apache.ratis.proto.grpc.RaftServerProtocolServiceGrpc$RaftServerProtocolServiceBlockingStub.requestVote(RaftServerProtocolServiceGrpc.java:265)
	at org.apache.ratis.grpc.server.GrpcServerProtocolClient.requestVote(GrpcServerProtocolClient.java:99)
	at org.apache.ratis.grpc.server.GrpcService.requestVote(GrpcService.java:204)
	at org.apache.ratis.server.impl.LeaderElection.lambda$submitRequests$1(LeaderElection.java:234)
	at java.util.concurrent.FutureTask.run(FutureTask.java:266)
	at java.util.concurrent.Executors$RunnableAdapter.call(Executors.java:511)
	at java.util.concurrent.FutureTask.run(FutureTask.java:266)
	at java.util.concurrent.ThreadPoolExecutor.runWorker(ThreadPoolExecutor.java:1149)
	at java.util.concurrent.ThreadPoolExecutor$Worker.run(ThreadPoolExecutor.java:624)
	... 1 more
Caused by: org.apache.ratis.thirdparty.io.netty.channel.AbstractChannel$AnnotatedConnectException: Connection refused: /192.168.157.242:42362
	at sun.nio.ch.SocketChannelImpl.checkConnect(Native Method)
	at sun.nio.ch.SocketChannelImpl.finishConnect(SocketChannelImpl.java:717)
	at org.apache.ratis.thirdparty.io.netty.channel.socket.nio.NioSocketChannel.doFinishConnect(NioSocketChannel.java:327)
	at org.apache.ratis.thirdparty.io.netty.channel.nio.AbstractNioChannel$AbstractNioUnsafe.finishConnect(AbstractNioChannel.java:340)
	at org.apache.ratis.thirdparty.io.netty.channel.nio.NioEventLoop.processSelectedKey(NioEventLoop.java:632)
	at org.apache.ratis.thirdparty.io.netty.channel.nio.NioEventLoop.processSelectedKeysOptimized(NioEventLoop.java:579)
	at org.apache.ratis.thirdparty.io.netty.channel.nio.NioEventLoop.processSelectedKeys(NioEventLoop.java:496)
	at org.apache.ratis.thirdparty.io.netty.channel.nio.NioEventLoop.run(NioEventLoop.java:458)
	at org.apache.ratis.thirdparty.io.netty.util.concurrent.SingleThreadEventExecutor$5.run(SingleThreadEventExecutor.java:897)
	at org.apache.ratis.thirdparty.io.netty.util.concurrent.FastThreadLocalRunnable.run(FastThreadLocalRunnable.java:30)
	... 1 more
Caused by: java.net.ConnectException: Connection refused
	... 11 more
2019-10-19 01:26:50,923 [grpc-default-executor-4] INFO  impl.RaftServerImpl (RaftServerImpl.java:setRole(184)) - 774c78e1-8dd4-453d-975e-442189a07fe2@group-31C3DC938042: changes role from  FOLLOWER to FOLLOWER at term 181 for recognizeCandidate:8bce6a00-3bba-419d-83ac-b35141b6b559
2019-10-19 01:26:50,923 [grpc-default-executor-4] INFO  impl.RoleInfo (RoleInfo.java:shutdownFollowerState(121)) - 774c78e1-8dd4-453d-975e-442189a07fe2: shutdown FollowerState
2019-10-19 01:26:50,923 [grpc-default-executor-4] INFO  impl.RoleInfo (RoleInfo.java:updateAndGet(143)) - 774c78e1-8dd4-453d-975e-442189a07fe2: start FollowerState
2019-10-19 01:26:50,923 [Thread-1749] INFO  impl.FollowerState (FollowerState.java:run(117)) - 774c78e1-8dd4-453d-975e-442189a07fe2@group-31C3DC938042-FollowerState was interrupted: java.lang.InterruptedException: sleep interrupted
2019-10-19 01:26:50,937 [8bce6a00-3bba-419d-83ac-b35141b6b559@group-31C3DC938042-LeaderElection197] INFO  impl.LeaderElection (LeaderElection.java:logAndReturn(56)) - 8bce6a00-3bba-419d-83ac-b35141b6b559@group-31C3DC938042-LeaderElection197: Election TIMEOUT; received 0 response(s) [] and 1 exception(s); 8bce6a00-3bba-419d-83ac-b35141b6b559@group-31C3DC938042:t181, leader=null, voted=8bce6a00-3bba-419d-83ac-b35141b6b559, raftlog=8bce6a00-3bba-419d-83ac-b35141b6b559@group-31C3DC938042-SegmentedRaftLog:OPENED:c-1,f-1,i0, conf=-1: [774c78e1-8dd4-453d-975e-442189a07fe2:192.168.157.242:38712, 7247ad7d-2ca2-4af8-9337-77c07ea89cb3:192.168.157.242:42362, 8bce6a00-3bba-419d-83ac-b35141b6b559:192.168.157.242:37801], old=null
2019-10-19 01:26:50,937 [8bce6a00-3bba-419d-83ac-b35141b6b559@group-31C3DC938042-LeaderElection197] INFO  impl.LeaderElection (LogUtils.java:infoOrTrace(149)) -   Exception 0: {}
java.util.concurrent.ExecutionException: org.apache.ratis.thirdparty.io.grpc.StatusRuntimeException: UNAVAILABLE: io exception
	at java.util.concurrent.FutureTask.report(FutureTask.java:122)
	at java.util.concurrent.FutureTask.get(FutureTask.java:192)
	at org.apache.ratis.server.impl.LeaderElection.waitForResults(LeaderElection.java:259)
	at org.apache.ratis.server.impl.LeaderElection.askForVotes(LeaderElection.java:197)
	at org.apache.ratis.server.impl.LeaderElection.run(LeaderElection.java:133)
	at java.lang.Thread.run(Thread.java:748)
Caused by: org.apache.ratis.thirdparty.io.grpc.StatusRuntimeException: UNAVAILABLE: io exception
	at org.apache.ratis.thirdparty.io.grpc.stub.ClientCalls.toStatusRuntimeException(ClientCalls.java:233)
	at org.apache.ratis.thirdparty.io.grpc.stub.ClientCalls.getUnchecked(ClientCalls.java:214)
	at org.apache.ratis.thirdparty.io.grpc.stub.ClientCalls.blockingUnaryCall(ClientCalls.java:139)
	at org.apache.ratis.proto.grpc.RaftServerProtocolServiceGrpc$RaftServerProtocolServiceBlockingStub.requestVote(RaftServerProtocolServiceGrpc.java:265)
	at org.apache.ratis.grpc.server.GrpcServerProtocolClient.requestVote(GrpcServerProtocolClient.java:99)
	at org.apache.ratis.grpc.server.GrpcService.requestVote(GrpcService.java:204)
	at org.apache.ratis.server.impl.LeaderElection.lambda$submitRequests$1(LeaderElection.java:234)
	at java.util.concurrent.FutureTask.run(FutureTask.java:266)
	at java.util.concurrent.Executors$RunnableAdapter.call(Executors.java:511)
	at java.util.concurrent.FutureTask.run(FutureTask.java:266)
	at java.util.concurrent.ThreadPoolExecutor.runWorker(ThreadPoolExecutor.java:1149)
	at java.util.concurrent.ThreadPoolExecutor$Worker.run(ThreadPoolExecutor.java:624)
	... 1 more
Caused by: org.apache.ratis.thirdparty.io.netty.channel.AbstractChannel$AnnotatedConnectException: Connection refused: /192.168.157.242:42362
	at sun.nio.ch.SocketChannelImpl.checkConnect(Native Method)
	at sun.nio.ch.SocketChannelImpl.finishConnect(SocketChannelImpl.java:717)
	at org.apache.ratis.thirdparty.io.netty.channel.socket.nio.NioSocketChannel.doFinishConnect(NioSocketChannel.java:327)
	at org.apache.ratis.thirdparty.io.netty.channel.nio.AbstractNioChannel$AbstractNioUnsafe.finishConnect(AbstractNioChannel.java:340)
	at org.apache.ratis.thirdparty.io.netty.channel.nio.NioEventLoop.processSelectedKey(NioEventLoop.java:632)
	at org.apache.ratis.thirdparty.io.netty.channel.nio.NioEventLoop.processSelectedKeysOptimized(NioEventLoop.java:579)
	at org.apache.ratis.thirdparty.io.netty.channel.nio.NioEventLoop.processSelectedKeys(NioEventLoop.java:496)
	at org.apache.ratis.thirdparty.io.netty.channel.nio.NioEventLoop.run(NioEventLoop.java:458)
	at org.apache.ratis.thirdparty.io.netty.util.concurrent.SingleThreadEventExecutor$5.run(SingleThreadEventExecutor.java:897)
	at org.apache.ratis.thirdparty.io.netty.util.concurrent.FastThreadLocalRunnable.run(FastThreadLocalRunnable.java:30)
	... 1 more
Caused by: java.net.ConnectException: Connection refused
	... 11 more
2019-10-19 01:26:50,942 [8bce6a00-3bba-419d-83ac-b35141b6b559@group-31C3DC938042-LeaderElection197] INFO  impl.LeaderElection (LeaderElection.java:askForVotes(178)) - 8bce6a00-3bba-419d-83ac-b35141b6b559@group-31C3DC938042-LeaderElection197: begin an election at term 182 for -1: [774c78e1-8dd4-453d-975e-442189a07fe2:192.168.157.242:38712, 7247ad7d-2ca2-4af8-9337-77c07ea89cb3:192.168.157.242:42362, 8bce6a00-3bba-419d-83ac-b35141b6b559:192.168.157.242:37801], old=null
2019-10-19 01:26:50,942 [8bce6a00-3bba-419d-83ac-b35141b6b559@group-31C3DC938042-LeaderElection197] INFO  impl.LeaderElection (LogUtils.java:infoOrTrace(149)) - 8bce6a00-3bba-419d-83ac-b35141b6b559@group-31C3DC938042-LeaderElection197 got exception when requesting votes: {}
java.util.concurrent.ExecutionException: org.apache.ratis.thirdparty.io.grpc.StatusRuntimeException: UNAVAILABLE: io exception
	at java.util.concurrent.FutureTask.report(FutureTask.java:122)
	at java.util.concurrent.FutureTask.get(FutureTask.java:192)
	at org.apache.ratis.server.impl.LeaderElection.waitForResults(LeaderElection.java:259)
	at org.apache.ratis.server.impl.LeaderElection.askForVotes(LeaderElection.java:197)
	at org.apache.ratis.server.impl.LeaderElection.run(LeaderElection.java:133)
	at java.lang.Thread.run(Thread.java:748)
Caused by: org.apache.ratis.thirdparty.io.grpc.StatusRuntimeException: UNAVAILABLE: io exception
	at org.apache.ratis.thirdparty.io.grpc.stub.ClientCalls.toStatusRuntimeException(ClientCalls.java:233)
	at org.apache.ratis.thirdparty.io.grpc.stub.ClientCalls.getUnchecked(ClientCalls.java:214)
	at org.apache.ratis.thirdparty.io.grpc.stub.ClientCalls.blockingUnaryCall(ClientCalls.java:139)
	at org.apache.ratis.proto.grpc.RaftServerProtocolServiceGrpc$RaftServerProtocolServiceBlockingStub.requestVote(RaftServerProtocolServiceGrpc.java:265)
	at org.apache.ratis.grpc.server.GrpcServerProtocolClient.requestVote(GrpcServerProtocolClient.java:99)
	at org.apache.ratis.grpc.server.GrpcService.requestVote(GrpcService.java:204)
	at org.apache.ratis.server.impl.LeaderElection.lambda$submitRequests$1(LeaderElection.java:234)
	at java.util.concurrent.FutureTask.run(FutureTask.java:266)
	at java.util.concurrent.Executors$RunnableAdapter.call(Executors.java:511)
	at java.util.concurrent.FutureTask.run(FutureTask.java:266)
	at java.util.concurrent.ThreadPoolExecutor.runWorker(ThreadPoolExecutor.java:1149)
	at java.util.concurrent.ThreadPoolExecutor$Worker.run(ThreadPoolExecutor.java:624)
	... 1 more
Caused by: org.apache.ratis.thirdparty.io.netty.channel.AbstractChannel$AnnotatedConnectException: Connection refused: /192.168.157.242:42362
	at sun.nio.ch.SocketChannelImpl.checkConnect(Native Method)
	at sun.nio.ch.SocketChannelImpl.finishConnect(SocketChannelImpl.java:717)
	at org.apache.ratis.thirdparty.io.netty.channel.socket.nio.NioSocketChannel.doFinishConnect(NioSocketChannel.java:327)
	at org.apache.ratis.thirdparty.io.netty.channel.nio.AbstractNioChannel$AbstractNioUnsafe.finishConnect(AbstractNioChannel.java:340)
	at org.apache.ratis.thirdparty.io.netty.channel.nio.NioEventLoop.processSelectedKey(NioEventLoop.java:632)
	at org.apache.ratis.thirdparty.io.netty.channel.nio.NioEventLoop.processSelectedKeysOptimized(NioEventLoop.java:579)
	at org.apache.ratis.thirdparty.io.netty.channel.nio.NioEventLoop.processSelectedKeys(NioEventLoop.java:496)
	at org.apache.ratis.thirdparty.io.netty.channel.nio.NioEventLoop.run(NioEventLoop.java:458)
	at org.apache.ratis.thirdparty.io.netty.util.concurrent.SingleThreadEventExecutor$5.run(SingleThreadEventExecutor.java:897)
	at org.apache.ratis.thirdparty.io.netty.util.concurrent.FastThreadLocalRunnable.run(FastThreadLocalRunnable.java:30)
	... 1 more
Caused by: java.net.ConnectException: Connection refused
	... 11 more
2019-10-19 01:26:50,943 [grpc-default-executor-4] INFO  impl.RaftServerImpl (RaftServerImpl.java:setRole(184)) - 774c78e1-8dd4-453d-975e-442189a07fe2@group-31C3DC938042: changes role from  FOLLOWER to FOLLOWER at term 182 for recognizeCandidate:8bce6a00-3bba-419d-83ac-b35141b6b559
2019-10-19 01:26:50,943 [grpc-default-executor-4] INFO  impl.RoleInfo (RoleInfo.java:shutdownFollowerState(121)) - 774c78e1-8dd4-453d-975e-442189a07fe2: shutdown FollowerState
2019-10-19 01:26:50,943 [grpc-default-executor-4] INFO  impl.RoleInfo (RoleInfo.java:updateAndGet(143)) - 774c78e1-8dd4-453d-975e-442189a07fe2: start FollowerState
2019-10-19 01:26:50,943 [Thread-1758] INFO  impl.FollowerState (FollowerState.java:run(117)) - 774c78e1-8dd4-453d-975e-442189a07fe2@group-31C3DC938042-FollowerState was interrupted: java.lang.InterruptedException: sleep interrupted
2019-10-19 01:26:50,960 [8bce6a00-3bba-419d-83ac-b35141b6b559@group-31C3DC938042-LeaderElection197] INFO  impl.LeaderElection (LeaderElection.java:logAndReturn(56)) - 8bce6a00-3bba-419d-83ac-b35141b6b559@group-31C3DC938042-LeaderElection197: Election REJECTED; received 1 response(s) [8bce6a00-3bba-419d-83ac-b35141b6b559<-774c78e1-8dd4-453d-975e-442189a07fe2#0:FAIL-t182] and 1 exception(s); 8bce6a00-3bba-419d-83ac-b35141b6b559@group-31C3DC938042:t182, leader=null, voted=8bce6a00-3bba-419d-83ac-b35141b6b559, raftlog=8bce6a00-3bba-419d-83ac-b35141b6b559@group-31C3DC938042-SegmentedRaftLog:OPENED:c-1,f-1,i0, conf=-1: [774c78e1-8dd4-453d-975e-442189a07fe2:192.168.157.242:38712, 7247ad7d-2ca2-4af8-9337-77c07ea89cb3:192.168.157.242:42362, 8bce6a00-3bba-419d-83ac-b35141b6b559:192.168.157.242:37801], old=null
2019-10-19 01:26:50,960 [8bce6a00-3bba-419d-83ac-b35141b6b559@group-31C3DC938042-LeaderElection197] INFO  impl.LeaderElection (LogUtils.java:infoOrTrace(149)) -   Exception 0: {}
java.util.concurrent.ExecutionException: org.apache.ratis.thirdparty.io.grpc.StatusRuntimeException: UNAVAILABLE: io exception
	at java.util.concurrent.FutureTask.report(FutureTask.java:122)
	at java.util.concurrent.FutureTask.get(FutureTask.java:192)
	at org.apache.ratis.server.impl.LeaderElection.waitForResults(LeaderElection.java:259)
	at org.apache.ratis.server.impl.LeaderElection.askForVotes(LeaderElection.java:197)
	at org.apache.ratis.server.impl.LeaderElection.run(LeaderElection.java:133)
	at java.lang.Thread.run(Thread.java:748)
Caused by: org.apache.ratis.thirdparty.io.grpc.StatusRuntimeException: UNAVAILABLE: io exception
	at org.apache.ratis.thirdparty.io.grpc.stub.ClientCalls.toStatusRuntimeException(ClientCalls.java:233)
	at org.apache.ratis.thirdparty.io.grpc.stub.ClientCalls.getUnchecked(ClientCalls.java:214)
	at org.apache.ratis.thirdparty.io.grpc.stub.ClientCalls.blockingUnaryCall(ClientCalls.java:139)
	at org.apache.ratis.proto.grpc.RaftServerProtocolServiceGrpc$RaftServerProtocolServiceBlockingStub.requestVote(RaftServerProtocolServiceGrpc.java:265)
	at org.apache.ratis.grpc.server.GrpcServerProtocolClient.requestVote(GrpcServerProtocolClient.java:99)
	at org.apache.ratis.grpc.server.GrpcService.requestVote(GrpcService.java:204)
	at org.apache.ratis.server.impl.LeaderElection.lambda$submitRequests$1(LeaderElection.java:234)
	at java.util.concurrent.FutureTask.run(FutureTask.java:266)
	at java.util.concurrent.Executors$RunnableAdapter.call(Executors.java:511)
	at java.util.concurrent.FutureTask.run(FutureTask.java:266)
	at java.util.concurrent.ThreadPoolExecutor.runWorker(ThreadPoolExecutor.java:1149)
	at java.util.concurrent.ThreadPoolExecutor$Worker.run(ThreadPoolExecutor.java:624)
	... 1 more
Caused by: org.apache.ratis.thirdparty.io.netty.channel.AbstractChannel$AnnotatedConnectException: Connection refused: /192.168.157.242:42362
	at sun.nio.ch.SocketChannelImpl.checkConnect(Native Method)
	at sun.nio.ch.SocketChannelImpl.finishConnect(SocketChannelImpl.java:717)
	at org.apache.ratis.thirdparty.io.netty.channel.socket.nio.NioSocketChannel.doFinishConnect(NioSocketChannel.java:327)
	at org.apache.ratis.thirdparty.io.netty.channel.nio.AbstractNioChannel$AbstractNioUnsafe.finishConnect(AbstractNioChannel.java:340)
	at org.apache.ratis.thirdparty.io.netty.channel.nio.NioEventLoop.processSelectedKey(NioEventLoop.java:632)
	at org.apache.ratis.thirdparty.io.netty.channel.nio.NioEventLoop.processSelectedKeysOptimized(NioEventLoop.java:579)
	at org.apache.ratis.thirdparty.io.netty.channel.nio.NioEventLoop.processSelectedKeys(NioEventLoop.java:496)
	at org.apache.ratis.thirdparty.io.netty.channel.nio.NioEventLoop.run(NioEventLoop.java:458)
	at org.apache.ratis.thirdparty.io.netty.util.concurrent.SingleThreadEventExecutor$5.run(SingleThreadEventExecutor.java:897)
	at org.apache.ratis.thirdparty.io.netty.util.concurrent.FastThreadLocalRunnable.run(FastThreadLocalRunnable.java:30)
	... 1 more
Caused by: java.net.ConnectException: Connection refused
	... 11 more
2019-10-19 01:26:50,960 [8bce6a00-3bba-419d-83ac-b35141b6b559@group-31C3DC938042-LeaderElection197] INFO  impl.RaftServerImpl (RaftServerImpl.java:setRole(184)) - 8bce6a00-3bba-419d-83ac-b35141b6b559@group-31C3DC938042: changes role from CANDIDATE to FOLLOWER at term 182 for DISCOVERED_A_NEW_TERM
2019-10-19 01:26:50,960 [8bce6a00-3bba-419d-83ac-b35141b6b559@group-31C3DC938042-LeaderElection197] INFO  impl.RoleInfo (RoleInfo.java:shutdownLeaderElection(134)) - 8bce6a00-3bba-419d-83ac-b35141b6b559: shutdown LeaderElection
2019-10-19 01:26:50,960 [8bce6a00-3bba-419d-83ac-b35141b6b559@group-31C3DC938042-LeaderElection197] INFO  impl.RoleInfo (RoleInfo.java:updateAndGet(143)) - 8bce6a00-3bba-419d-83ac-b35141b6b559: start FollowerState
2019-10-19 01:26:50,961 [Thread-1762] INFO  impl.FollowerState (FollowerState.java:run(108)) - 8bce6a00-3bba-419d-83ac-b35141b6b559@group-31C3DC938042-FollowerState: change to CANDIDATE, lastRpcTime:1ms, electionTimeout:1ms
2019-10-19 01:26:50,962 [Thread-1762] INFO  impl.RoleInfo (RoleInfo.java:shutdownFollowerState(121)) - 8bce6a00-3bba-419d-83ac-b35141b6b559: shutdown FollowerState
2019-10-19 01:26:50,962 [Thread-1762] INFO  impl.RaftServerImpl (RaftServerImpl.java:setRole(184)) - 8bce6a00-3bba-419d-83ac-b35141b6b559@group-31C3DC938042: changes role from  FOLLOWER to CANDIDATE at term 182 for changeToCandidate
2019-10-19 01:26:50,962 [Thread-1762] INFO  impl.RoleInfo (RoleInfo.java:updateAndGet(143)) - 8bce6a00-3bba-419d-83ac-b35141b6b559: start LeaderElection
2019-10-19 01:26:50,982 [8bce6a00-3bba-419d-83ac-b35141b6b559@group-31C3DC938042-LeaderElection198] INFO  impl.LeaderElection (LeaderElection.java:askForVotes(178)) - 8bce6a00-3bba-419d-83ac-b35141b6b559@group-31C3DC938042-LeaderElection198: begin an election at term 183 for -1: [774c78e1-8dd4-453d-975e-442189a07fe2:192.168.157.242:38712, 7247ad7d-2ca2-4af8-9337-77c07ea89cb3:192.168.157.242:42362, 8bce6a00-3bba-419d-83ac-b35141b6b559:192.168.157.242:37801], old=null
2019-10-19 01:26:50,982 [8bce6a00-3bba-419d-83ac-b35141b6b559@group-31C3DC938042-LeaderElection198] INFO  impl.LeaderElection (LogUtils.java:infoOrTrace(149)) - 8bce6a00-3bba-419d-83ac-b35141b6b559@group-31C3DC938042-LeaderElection198 got exception when requesting votes: {}
java.util.concurrent.ExecutionException: org.apache.ratis.thirdparty.io.grpc.StatusRuntimeException: UNAVAILABLE: io exception
	at java.util.concurrent.FutureTask.report(FutureTask.java:122)
	at java.util.concurrent.FutureTask.get(FutureTask.java:192)
	at org.apache.ratis.server.impl.LeaderElection.waitForResults(LeaderElection.java:259)
	at org.apache.ratis.server.impl.LeaderElection.askForVotes(LeaderElection.java:197)
	at org.apache.ratis.server.impl.LeaderElection.run(LeaderElection.java:133)
	at java.lang.Thread.run(Thread.java:748)
Caused by: org.apache.ratis.thirdparty.io.grpc.StatusRuntimeException: UNAVAILABLE: io exception
	at org.apache.ratis.thirdparty.io.grpc.stub.ClientCalls.toStatusRuntimeException(ClientCalls.java:233)
	at org.apache.ratis.thirdparty.io.grpc.stub.ClientCalls.getUnchecked(ClientCalls.java:214)
	at org.apache.ratis.thirdparty.io.grpc.stub.ClientCalls.blockingUnaryCall(ClientCalls.java:139)
	at org.apache.ratis.proto.grpc.RaftServerProtocolServiceGrpc$RaftServerProtocolServiceBlockingStub.requestVote(RaftServerProtocolServiceGrpc.java:265)
	at org.apache.ratis.grpc.server.GrpcServerProtocolClient.requestVote(GrpcServerProtocolClient.java:99)
	at org.apache.ratis.grpc.server.GrpcService.requestVote(GrpcService.java:204)
	at org.apache.ratis.server.impl.LeaderElection.lambda$submitRequests$1(LeaderElection.java:234)
	at java.util.concurrent.FutureTask.run(FutureTask.java:266)
	at java.util.concurrent.Executors$RunnableAdapter.call(Executors.java:511)
	at java.util.concurrent.FutureTask.run(FutureTask.java:266)
	at java.util.concurrent.ThreadPoolExecutor.runWorker(ThreadPoolExecutor.java:1149)
	at java.util.concurrent.ThreadPoolExecutor$Worker.run(ThreadPoolExecutor.java:624)
	... 1 more
Caused by: org.apache.ratis.thirdparty.io.netty.channel.AbstractChannel$AnnotatedConnectException: Connection refused: /192.168.157.242:42362
	at sun.nio.ch.SocketChannelImpl.checkConnect(Native Method)
	at sun.nio.ch.SocketChannelImpl.finishConnect(SocketChannelImpl.java:717)
	at org.apache.ratis.thirdparty.io.netty.channel.socket.nio.NioSocketChannel.doFinishConnect(NioSocketChannel.java:327)
	at org.apache.ratis.thirdparty.io.netty.channel.nio.AbstractNioChannel$AbstractNioUnsafe.finishConnect(AbstractNioChannel.java:340)
	at org.apache.ratis.thirdparty.io.netty.channel.nio.NioEventLoop.processSelectedKey(NioEventLoop.java:632)
	at org.apache.ratis.thirdparty.io.netty.channel.nio.NioEventLoop.processSelectedKeysOptimized(NioEventLoop.java:579)
	at org.apache.ratis.thirdparty.io.netty.channel.nio.NioEventLoop.processSelectedKeys(NioEventLoop.java:496)
	at org.apache.ratis.thirdparty.io.netty.channel.nio.NioEventLoop.run(NioEventLoop.java:458)
	at org.apache.ratis.thirdparty.io.netty.util.concurrent.SingleThreadEventExecutor$5.run(SingleThreadEventExecutor.java:897)
	at org.apache.ratis.thirdparty.io.netty.util.concurrent.FastThreadLocalRunnable.run(FastThreadLocalRunnable.java:30)
	... 1 more
Caused by: java.net.ConnectException: Connection refused
	... 11 more
2019-10-19 01:26:50,983 [grpc-default-executor-4] INFO  impl.RaftServerImpl (RaftServerImpl.java:setRole(184)) - 774c78e1-8dd4-453d-975e-442189a07fe2@group-31C3DC938042: changes role from  FOLLOWER to FOLLOWER at term 183 for recognizeCandidate:8bce6a00-3bba-419d-83ac-b35141b6b559
2019-10-19 01:26:50,983 [grpc-default-executor-4] INFO  impl.RoleInfo (RoleInfo.java:shutdownFollowerState(121)) - 774c78e1-8dd4-453d-975e-442189a07fe2: shutdown FollowerState
2019-10-19 01:26:50,983 [grpc-default-executor-4] INFO  impl.RoleInfo (RoleInfo.java:updateAndGet(143)) - 774c78e1-8dd4-453d-975e-442189a07fe2: start FollowerState
2019-10-19 01:26:50,983 [Thread-1761] INFO  impl.FollowerState (FollowerState.java:run(117)) - 774c78e1-8dd4-453d-975e-442189a07fe2@group-31C3DC938042-FollowerState was interrupted: java.lang.InterruptedException: sleep interrupted
2019-10-19 01:26:50,993 [8bce6a00-3bba-419d-83ac-b35141b6b559@group-31C3DC938042-LeaderElection198] INFO  impl.LeaderElection (LeaderElection.java:logAndReturn(56)) - 8bce6a00-3bba-419d-83ac-b35141b6b559@group-31C3DC938042-LeaderElection198: Election REJECTED; received 1 response(s) [8bce6a00-3bba-419d-83ac-b35141b6b559<-774c78e1-8dd4-453d-975e-442189a07fe2#0:FAIL-t183] and 1 exception(s); 8bce6a00-3bba-419d-83ac-b35141b6b559@group-31C3DC938042:t183, leader=null, voted=8bce6a00-3bba-419d-83ac-b35141b6b559, raftlog=8bce6a00-3bba-419d-83ac-b35141b6b559@group-31C3DC938042-SegmentedRaftLog:OPENED:c-1,f-1,i0, conf=-1: [774c78e1-8dd4-453d-975e-442189a07fe2:192.168.157.242:38712, 7247ad7d-2ca2-4af8-9337-77c07ea89cb3:192.168.157.242:42362, 8bce6a00-3bba-419d-83ac-b35141b6b559:192.168.157.242:37801], old=null
2019-10-19 01:26:50,993 [8bce6a00-3bba-419d-83ac-b35141b6b559@group-31C3DC938042-LeaderElection198] INFO  impl.LeaderElection (LogUtils.java:infoOrTrace(149)) -   Exception 0: {}
java.util.concurrent.ExecutionException: org.apache.ratis.thirdparty.io.grpc.StatusRuntimeException: UNAVAILABLE: io exception
	at java.util.concurrent.FutureTask.report(FutureTask.java:122)
	at java.util.concurrent.FutureTask.get(FutureTask.java:192)
	at org.apache.ratis.server.impl.LeaderElection.waitForResults(LeaderElection.java:259)
	at org.apache.ratis.server.impl.LeaderElection.askForVotes(LeaderElection.java:197)
	at org.apache.ratis.server.impl.LeaderElection.run(LeaderElection.java:133)
	at java.lang.Thread.run(Thread.java:748)
Caused by: org.apache.ratis.thirdparty.io.grpc.StatusRuntimeException: UNAVAILABLE: io exception
	at org.apache.ratis.thirdparty.io.grpc.stub.ClientCalls.toStatusRuntimeException(ClientCalls.java:233)
	at org.apache.ratis.thirdparty.io.grpc.stub.ClientCalls.getUnchecked(ClientCalls.java:214)
	at org.apache.ratis.thirdparty.io.grpc.stub.ClientCalls.blockingUnaryCall(ClientCalls.java:139)
	at org.apache.ratis.proto.grpc.RaftServerProtocolServiceGrpc$RaftServerProtocolServiceBlockingStub.requestVote(RaftServerProtocolServiceGrpc.java:265)
	at org.apache.ratis.grpc.server.GrpcServerProtocolClient.requestVote(GrpcServerProtocolClient.java:99)
	at org.apache.ratis.grpc.server.GrpcService.requestVote(GrpcService.java:204)
	at org.apache.ratis.server.impl.LeaderElection.lambda$submitRequests$1(LeaderElection.java:234)
	at java.util.concurrent.FutureTask.run(FutureTask.java:266)
	at java.util.concurrent.Executors$RunnableAdapter.call(Executors.java:511)
	at java.util.concurrent.FutureTask.run(FutureTask.java:266)
	at java.util.concurrent.ThreadPoolExecutor.runWorker(ThreadPoolExecutor.java:1149)
	at java.util.concurrent.ThreadPoolExecutor$Worker.run(ThreadPoolExecutor.java:624)
	... 1 more
Caused by: org.apache.ratis.thirdparty.io.netty.channel.AbstractChannel$AnnotatedConnectException: Connection refused: /192.168.157.242:42362
	at sun.nio.ch.SocketChannelImpl.checkConnect(Native Method)
	at sun.nio.ch.SocketChannelImpl.finishConnect(SocketChannelImpl.java:717)
	at org.apache.ratis.thirdparty.io.netty.channel.socket.nio.NioSocketChannel.doFinishConnect(NioSocketChannel.java:327)
	at org.apache.ratis.thirdparty.io.netty.channel.nio.AbstractNioChannel$AbstractNioUnsafe.finishConnect(AbstractNioChannel.java:340)
	at org.apache.ratis.thirdparty.io.netty.channel.nio.NioEventLoop.processSelectedKey(NioEventLoop.java:632)
	at org.apache.ratis.thirdparty.io.netty.channel.nio.NioEventLoop.processSelectedKeysOptimized(NioEventLoop.java:579)
	at org.apache.ratis.thirdparty.io.netty.channel.nio.NioEventLoop.processSelectedKeys(NioEventLoop.java:496)
	at org.apache.ratis.thirdparty.io.netty.channel.nio.NioEventLoop.run(NioEventLoop.java:458)
	at org.apache.ratis.thirdparty.io.netty.util.concurrent.SingleThreadEventExecutor$5.run(SingleThreadEventExecutor.java:897)
	at org.apache.ratis.thirdparty.io.netty.util.concurrent.FastThreadLocalRunnable.run(FastThreadLocalRunnable.java:30)
	... 1 more
Caused by: java.net.ConnectException: Connection refused
	... 11 more
2019-10-19 01:26:50,994 [8bce6a00-3bba-419d-83ac-b35141b6b559@group-31C3DC938042-LeaderElection198] INFO  impl.RaftServerImpl (RaftServerImpl.java:setRole(184)) - 8bce6a00-3bba-419d-83ac-b35141b6b559@group-31C3DC938042: changes role from CANDIDATE to FOLLOWER at term 183 for DISCOVERED_A_NEW_TERM
2019-10-19 01:26:50,994 [8bce6a00-3bba-419d-83ac-b35141b6b559@group-31C3DC938042-LeaderElection198] INFO  impl.RoleInfo (RoleInfo.java:shutdownLeaderElection(134)) - 8bce6a00-3bba-419d-83ac-b35141b6b559: shutdown LeaderElection
2019-10-19 01:26:50,994 [8bce6a00-3bba-419d-83ac-b35141b6b559@group-31C3DC938042-LeaderElection198] INFO  impl.RoleInfo (RoleInfo.java:updateAndGet(143)) - 8bce6a00-3bba-419d-83ac-b35141b6b559: start FollowerState
2019-10-19 01:26:51,052 [Thread-1767] INFO  impl.FollowerState (FollowerState.java:run(108)) - 8bce6a00-3bba-419d-83ac-b35141b6b559@group-31C3DC938042-FollowerState: change to CANDIDATE, lastRpcTime:58ms, electionTimeout:58ms
2019-10-19 01:26:51,052 [Thread-1767] INFO  impl.RoleInfo (RoleInfo.java:shutdownFollowerState(121)) - 8bce6a00-3bba-419d-83ac-b35141b6b559: shutdown FollowerState
2019-10-19 01:26:51,053 [Thread-1767] INFO  impl.RaftServerImpl (RaftServerImpl.java:setRole(184)) - 8bce6a00-3bba-419d-83ac-b35141b6b559@group-31C3DC938042: changes role from  FOLLOWER to CANDIDATE at term 183 for changeToCandidate
2019-10-19 01:26:51,053 [Thread-1767] INFO  impl.RoleInfo (RoleInfo.java:updateAndGet(143)) - 8bce6a00-3bba-419d-83ac-b35141b6b559: start LeaderElection
2019-10-19 01:26:51,066 [8bce6a00-3bba-419d-83ac-b35141b6b559@group-31C3DC938042-LeaderElection199] INFO  impl.LeaderElection (LeaderElection.java:askForVotes(178)) - 8bce6a00-3bba-419d-83ac-b35141b6b559@group-31C3DC938042-LeaderElection199: begin an election at term 184 for -1: [774c78e1-8dd4-453d-975e-442189a07fe2:192.168.157.242:38712, 7247ad7d-2ca2-4af8-9337-77c07ea89cb3:192.168.157.242:42362, 8bce6a00-3bba-419d-83ac-b35141b6b559:192.168.157.242:37801], old=null
2019-10-19 01:26:51,068 [8bce6a00-3bba-419d-83ac-b35141b6b559@group-31C3DC938042-LeaderElection199] INFO  impl.LeaderElection (LogUtils.java:infoOrTrace(149)) - 8bce6a00-3bba-419d-83ac-b35141b6b559@group-31C3DC938042-LeaderElection199 got exception when requesting votes: {}
java.util.concurrent.ExecutionException: org.apache.ratis.thirdparty.io.grpc.StatusRuntimeException: UNAVAILABLE: io exception
	at java.util.concurrent.FutureTask.report(FutureTask.java:122)
	at java.util.concurrent.FutureTask.get(FutureTask.java:192)
	at org.apache.ratis.server.impl.LeaderElection.waitForResults(LeaderElection.java:259)
	at org.apache.ratis.server.impl.LeaderElection.askForVotes(LeaderElection.java:197)
	at org.apache.ratis.server.impl.LeaderElection.run(LeaderElection.java:133)
	at java.lang.Thread.run(Thread.java:748)
Caused by: org.apache.ratis.thirdparty.io.grpc.StatusRuntimeException: UNAVAILABLE: io exception
	at org.apache.ratis.thirdparty.io.grpc.stub.ClientCalls.toStatusRuntimeException(ClientCalls.java:233)
	at org.apache.ratis.thirdparty.io.grpc.stub.ClientCalls.getUnchecked(ClientCalls.java:214)
	at org.apache.ratis.thirdparty.io.grpc.stub.ClientCalls.blockingUnaryCall(ClientCalls.java:139)
	at org.apache.ratis.proto.grpc.RaftServerProtocolServiceGrpc$RaftServerProtocolServiceBlockingStub.requestVote(RaftServerProtocolServiceGrpc.java:265)
	at org.apache.ratis.grpc.server.GrpcServerProtocolClient.requestVote(GrpcServerProtocolClient.java:99)
	at org.apache.ratis.grpc.server.GrpcService.requestVote(GrpcService.java:204)
	at org.apache.ratis.server.impl.LeaderElection.lambda$submitRequests$1(LeaderElection.java:234)
	at java.util.concurrent.FutureTask.run(FutureTask.java:266)
	at java.util.concurrent.Executors$RunnableAdapter.call(Executors.java:511)
	at java.util.concurrent.FutureTask.run(FutureTask.java:266)
	at java.util.concurrent.ThreadPoolExecutor.runWorker(ThreadPoolExecutor.java:1149)
	at java.util.concurrent.ThreadPoolExecutor$Worker.run(ThreadPoolExecutor.java:624)
	... 1 more
Caused by: org.apache.ratis.thirdparty.io.netty.channel.AbstractChannel$AnnotatedConnectException: Connection refused: /192.168.157.242:42362
	at sun.nio.ch.SocketChannelImpl.checkConnect(Native Method)
	at sun.nio.ch.SocketChannelImpl.finishConnect(SocketChannelImpl.java:717)
	at org.apache.ratis.thirdparty.io.netty.channel.socket.nio.NioSocketChannel.doFinishConnect(NioSocketChannel.java:327)
	at org.apache.ratis.thirdparty.io.netty.channel.nio.AbstractNioChannel$AbstractNioUnsafe.finishConnect(AbstractNioChannel.java:340)
	at org.apache.ratis.thirdparty.io.netty.channel.nio.NioEventLoop.processSelectedKey(NioEventLoop.java:632)
	at org.apache.ratis.thirdparty.io.netty.channel.nio.NioEventLoop.processSelectedKeysOptimized(NioEventLoop.java:579)
	at org.apache.ratis.thirdparty.io.netty.channel.nio.NioEventLoop.processSelectedKeys(NioEventLoop.java:496)
	at org.apache.ratis.thirdparty.io.netty.channel.nio.NioEventLoop.run(NioEventLoop.java:458)
	at org.apache.ratis.thirdparty.io.netty.util.concurrent.SingleThreadEventExecutor$5.run(SingleThreadEventExecutor.java:897)
	at org.apache.ratis.thirdparty.io.netty.util.concurrent.FastThreadLocalRunnable.run(FastThreadLocalRunnable.java:30)
	... 1 more
Caused by: java.net.ConnectException: Connection refused
	... 11 more
2019-10-19 01:26:51,069 [grpc-default-executor-4] INFO  impl.RaftServerImpl (RaftServerImpl.java:setRole(184)) - 774c78e1-8dd4-453d-975e-442189a07fe2@group-31C3DC938042: changes role from  FOLLOWER to FOLLOWER at term 184 for recognizeCandidate:8bce6a00-3bba-419d-83ac-b35141b6b559
2019-10-19 01:26:51,069 [grpc-default-executor-4] INFO  impl.RoleInfo (RoleInfo.java:shutdownFollowerState(121)) - 774c78e1-8dd4-453d-975e-442189a07fe2: shutdown FollowerState
2019-10-19 01:26:51,069 [grpc-default-executor-4] INFO  impl.RoleInfo (RoleInfo.java:updateAndGet(143)) - 774c78e1-8dd4-453d-975e-442189a07fe2: start FollowerState
2019-10-19 01:26:51,070 [Thread-1766] INFO  impl.FollowerState (FollowerState.java:run(117)) - 774c78e1-8dd4-453d-975e-442189a07fe2@group-31C3DC938042-FollowerState was interrupted: java.lang.InterruptedException: sleep interrupted
2019-10-19 01:26:51,080 [8bce6a00-3bba-419d-83ac-b35141b6b559@group-31C3DC938042-LeaderElection199] INFO  impl.LeaderElection (LeaderElection.java:logAndReturn(56)) - 8bce6a00-3bba-419d-83ac-b35141b6b559@group-31C3DC938042-LeaderElection199: Election REJECTED; received 1 response(s) [8bce6a00-3bba-419d-83ac-b35141b6b559<-774c78e1-8dd4-453d-975e-442189a07fe2#0:FAIL-t184] and 1 exception(s); 8bce6a00-3bba-419d-83ac-b35141b6b559@group-31C3DC938042:t184, leader=null, voted=8bce6a00-3bba-419d-83ac-b35141b6b559, raftlog=8bce6a00-3bba-419d-83ac-b35141b6b559@group-31C3DC938042-SegmentedRaftLog:OPENED:c-1,f-1,i0, conf=-1: [774c78e1-8dd4-453d-975e-442189a07fe2:192.168.157.242:38712, 7247ad7d-2ca2-4af8-9337-77c07ea89cb3:192.168.157.242:42362, 8bce6a00-3bba-419d-83ac-b35141b6b559:192.168.157.242:37801], old=null
2019-10-19 01:26:51,080 [8bce6a00-3bba-419d-83ac-b35141b6b559@group-31C3DC938042-LeaderElection199] INFO  impl.LeaderElection (LogUtils.java:infoOrTrace(149)) -   Exception 0: {}
java.util.concurrent.ExecutionException: org.apache.ratis.thirdparty.io.grpc.StatusRuntimeException: UNAVAILABLE: io exception
	at java.util.concurrent.FutureTask.report(FutureTask.java:122)
	at java.util.concurrent.FutureTask.get(FutureTask.java:192)
	at org.apache.ratis.server.impl.LeaderElection.waitForResults(LeaderElection.java:259)
	at org.apache.ratis.server.impl.LeaderElection.askForVotes(LeaderElection.java:197)
	at org.apache.ratis.server.impl.LeaderElection.run(LeaderElection.java:133)
	at java.lang.Thread.run(Thread.java:748)
Caused by: org.apache.ratis.thirdparty.io.grpc.StatusRuntimeException: UNAVAILABLE: io exception
	at org.apache.ratis.thirdparty.io.grpc.stub.ClientCalls.toStatusRuntimeException(ClientCalls.java:233)
	at org.apache.ratis.thirdparty.io.grpc.stub.ClientCalls.getUnchecked(ClientCalls.java:214)
	at org.apache.ratis.thirdparty.io.grpc.stub.ClientCalls.blockingUnaryCall(ClientCalls.java:139)
	at org.apache.ratis.proto.grpc.RaftServerProtocolServiceGrpc$RaftServerProtocolServiceBlockingStub.requestVote(RaftServerProtocolServiceGrpc.java:265)
	at org.apache.ratis.grpc.server.GrpcServerProtocolClient.requestVote(GrpcServerProtocolClient.java:99)
	at org.apache.ratis.grpc.server.GrpcService.requestVote(GrpcService.java:204)
	at org.apache.ratis.server.impl.LeaderElection.lambda$submitRequests$1(LeaderElection.java:234)
	at java.util.concurrent.FutureTask.run(FutureTask.java:266)
	at java.util.concurrent.Executors$RunnableAdapter.call(Executors.java:511)
	at java.util.concurrent.FutureTask.run(FutureTask.java:266)
	at java.util.concurrent.ThreadPoolExecutor.runWorker(ThreadPoolExecutor.java:1149)
	at java.util.concurrent.ThreadPoolExecutor$Worker.run(ThreadPoolExecutor.java:624)
	... 1 more
Caused by: org.apache.ratis.thirdparty.io.netty.channel.AbstractChannel$AnnotatedConnectException: Connection refused: /192.168.157.242:42362
	at sun.nio.ch.SocketChannelImpl.checkConnect(Native Method)
	at sun.nio.ch.SocketChannelImpl.finishConnect(SocketChannelImpl.java:717)
	at org.apache.ratis.thirdparty.io.netty.channel.socket.nio.NioSocketChannel.doFinishConnect(NioSocketChannel.java:327)
	at org.apache.ratis.thirdparty.io.netty.channel.nio.AbstractNioChannel$AbstractNioUnsafe.finishConnect(AbstractNioChannel.java:340)
	at org.apache.ratis.thirdparty.io.netty.channel.nio.NioEventLoop.processSelectedKey(NioEventLoop.java:632)
	at org.apache.ratis.thirdparty.io.netty.channel.nio.NioEventLoop.processSelectedKeysOptimized(NioEventLoop.java:579)
	at org.apache.ratis.thirdparty.io.netty.channel.nio.NioEventLoop.processSelectedKeys(NioEventLoop.java:496)
	at org.apache.ratis.thirdparty.io.netty.channel.nio.NioEventLoop.run(NioEventLoop.java:458)
	at org.apache.ratis.thirdparty.io.netty.util.concurrent.SingleThreadEventExecutor$5.run(SingleThreadEventExecutor.java:897)
	at org.apache.ratis.thirdparty.io.netty.util.concurrent.FastThreadLocalRunnable.run(FastThreadLocalRunnable.java:30)
	... 1 more
Caused by: java.net.ConnectException: Connection refused
	... 11 more
2019-10-19 01:26:51,080 [8bce6a00-3bba-419d-83ac-b35141b6b559@group-31C3DC938042-LeaderElection199] INFO  impl.RaftServerImpl (RaftServerImpl.java:setRole(184)) - 8bce6a00-3bba-419d-83ac-b35141b6b559@group-31C3DC938042: changes role from CANDIDATE to FOLLOWER at term 184 for DISCOVERED_A_NEW_TERM
2019-10-19 01:26:51,081 [8bce6a00-3bba-419d-83ac-b35141b6b559@group-31C3DC938042-LeaderElection199] INFO  impl.RoleInfo (RoleInfo.java:shutdownLeaderElection(134)) - 8bce6a00-3bba-419d-83ac-b35141b6b559: shutdown LeaderElection
2019-10-19 01:26:51,081 [8bce6a00-3bba-419d-83ac-b35141b6b559@group-31C3DC938042-LeaderElection199] INFO  impl.RoleInfo (RoleInfo.java:updateAndGet(143)) - 8bce6a00-3bba-419d-83ac-b35141b6b559: start FollowerState
2019-10-19 01:26:51,123 [Thread-1772] INFO  impl.FollowerState (FollowerState.java:run(108)) - 8bce6a00-3bba-419d-83ac-b35141b6b559@group-31C3DC938042-FollowerState: change to CANDIDATE, lastRpcTime:42ms, electionTimeout:42ms
2019-10-19 01:26:51,123 [Thread-1772] INFO  impl.RoleInfo (RoleInfo.java:shutdownFollowerState(121)) - 8bce6a00-3bba-419d-83ac-b35141b6b559: shutdown FollowerState
2019-10-19 01:26:51,123 [Thread-1772] INFO  impl.RaftServerImpl (RaftServerImpl.java:setRole(184)) - 8bce6a00-3bba-419d-83ac-b35141b6b559@group-31C3DC938042: changes role from  FOLLOWER to CANDIDATE at term 184 for changeToCandidate
2019-10-19 01:26:51,124 [Thread-1772] INFO  impl.RoleInfo (RoleInfo.java:updateAndGet(143)) - 8bce6a00-3bba-419d-83ac-b35141b6b559: start LeaderElection
2019-10-19 01:26:51,128 [8bce6a00-3bba-419d-83ac-b35141b6b559@group-31C3DC938042-LeaderElection200] INFO  impl.LeaderElection (LeaderElection.java:askForVotes(178)) - 8bce6a00-3bba-419d-83ac-b35141b6b559@group-31C3DC938042-LeaderElection200: begin an election at term 185 for -1: [774c78e1-8dd4-453d-975e-442189a07fe2:192.168.157.242:38712, 7247ad7d-2ca2-4af8-9337-77c07ea89cb3:192.168.157.242:42362, 8bce6a00-3bba-419d-83ac-b35141b6b559:192.168.157.242:37801], old=null
2019-10-19 01:26:51,129 [8bce6a00-3bba-419d-83ac-b35141b6b559@group-31C3DC938042-LeaderElection200] INFO  impl.LeaderElection (LogUtils.java:infoOrTrace(149)) - 8bce6a00-3bba-419d-83ac-b35141b6b559@group-31C3DC938042-LeaderElection200 got exception when requesting votes: {}
java.util.concurrent.ExecutionException: org.apache.ratis.thirdparty.io.grpc.StatusRuntimeException: UNAVAILABLE: io exception
	at java.util.concurrent.FutureTask.report(FutureTask.java:122)
	at java.util.concurrent.FutureTask.get(FutureTask.java:192)
	at org.apache.ratis.server.impl.LeaderElection.waitForResults(LeaderElection.java:259)
	at org.apache.ratis.server.impl.LeaderElection.askForVotes(LeaderElection.java:197)
	at org.apache.ratis.server.impl.LeaderElection.run(LeaderElection.java:133)
	at java.lang.Thread.run(Thread.java:748)
Caused by: org.apache.ratis.thirdparty.io.grpc.StatusRuntimeException: UNAVAILABLE: io exception
	at org.apache.ratis.thirdparty.io.grpc.stub.ClientCalls.toStatusRuntimeException(ClientCalls.java:233)
	at org.apache.ratis.thirdparty.io.grpc.stub.ClientCalls.getUnchecked(ClientCalls.java:214)
	at org.apache.ratis.thirdparty.io.grpc.stub.ClientCalls.blockingUnaryCall(ClientCalls.java:139)
	at org.apache.ratis.proto.grpc.RaftServerProtocolServiceGrpc$RaftServerProtocolServiceBlockingStub.requestVote(RaftServerProtocolServiceGrpc.java:265)
	at org.apache.ratis.grpc.server.GrpcServerProtocolClient.requestVote(GrpcServerProtocolClient.java:99)
	at org.apache.ratis.grpc.server.GrpcService.requestVote(GrpcService.java:204)
	at org.apache.ratis.server.impl.LeaderElection.lambda$submitRequests$1(LeaderElection.java:234)
	at java.util.concurrent.FutureTask.run(FutureTask.java:266)
	at java.util.concurrent.Executors$RunnableAdapter.call(Executors.java:511)
	at java.util.concurrent.FutureTask.run(FutureTask.java:266)
	at java.util.concurrent.ThreadPoolExecutor.runWorker(ThreadPoolExecutor.java:1149)
	at java.util.concurrent.ThreadPoolExecutor$Worker.run(ThreadPoolExecutor.java:624)
	... 1 more
Caused by: org.apache.ratis.thirdparty.io.netty.channel.AbstractChannel$AnnotatedConnectException: Connection refused: /192.168.157.242:42362
	at sun.nio.ch.SocketChannelImpl.checkConnect(Native Method)
	at sun.nio.ch.SocketChannelImpl.finishConnect(SocketChannelImpl.java:717)
	at org.apache.ratis.thirdparty.io.netty.channel.socket.nio.NioSocketChannel.doFinishConnect(NioSocketChannel.java:327)
	at org.apache.ratis.thirdparty.io.netty.channel.nio.AbstractNioChannel$AbstractNioUnsafe.finishConnect(AbstractNioChannel.java:340)
	at org.apache.ratis.thirdparty.io.netty.channel.nio.NioEventLoop.processSelectedKey(NioEventLoop.java:632)
	at org.apache.ratis.thirdparty.io.netty.channel.nio.NioEventLoop.processSelectedKeysOptimized(NioEventLoop.java:579)
	at org.apache.ratis.thirdparty.io.netty.channel.nio.NioEventLoop.processSelectedKeys(NioEventLoop.java:496)
	at org.apache.ratis.thirdparty.io.netty.channel.nio.NioEventLoop.run(NioEventLoop.java:458)
	at org.apache.ratis.thirdparty.io.netty.util.concurrent.SingleThreadEventExecutor$5.run(SingleThreadEventExecutor.java:897)
	at org.apache.ratis.thirdparty.io.netty.util.concurrent.FastThreadLocalRunnable.run(FastThreadLocalRunnable.java:30)
	... 1 more
Caused by: java.net.ConnectException: Connection refused
	... 11 more
2019-10-19 01:26:51,130 [grpc-default-executor-4] INFO  impl.RaftServerImpl (RaftServerImpl.java:setRole(184)) - 774c78e1-8dd4-453d-975e-442189a07fe2@group-31C3DC938042: changes role from  FOLLOWER to FOLLOWER at term 185 for recognizeCandidate:8bce6a00-3bba-419d-83ac-b35141b6b559
2019-10-19 01:26:51,130 [grpc-default-executor-4] INFO  impl.RoleInfo (RoleInfo.java:shutdownFollowerState(121)) - 774c78e1-8dd4-453d-975e-442189a07fe2: shutdown FollowerState
2019-10-19 01:26:51,130 [grpc-default-executor-4] INFO  impl.RoleInfo (RoleInfo.java:updateAndGet(143)) - 774c78e1-8dd4-453d-975e-442189a07fe2: start FollowerState
2019-10-19 01:26:51,130 [Thread-1771] INFO  impl.FollowerState (FollowerState.java:run(117)) - 774c78e1-8dd4-453d-975e-442189a07fe2@group-31C3DC938042-FollowerState was interrupted: java.lang.InterruptedException: sleep interrupted
2019-10-19 01:26:51,137 [8bce6a00-3bba-419d-83ac-b35141b6b559@group-31C3DC938042-LeaderElection200] INFO  impl.LeaderElection (LeaderElection.java:logAndReturn(56)) - 8bce6a00-3bba-419d-83ac-b35141b6b559@group-31C3DC938042-LeaderElection200: Election REJECTED; received 1 response(s) [8bce6a00-3bba-419d-83ac-b35141b6b559<-774c78e1-8dd4-453d-975e-442189a07fe2#0:FAIL-t185] and 1 exception(s); 8bce6a00-3bba-419d-83ac-b35141b6b559@group-31C3DC938042:t185, leader=null, voted=8bce6a00-3bba-419d-83ac-b35141b6b559, raftlog=8bce6a00-3bba-419d-83ac-b35141b6b559@group-31C3DC938042-SegmentedRaftLog:OPENED:c-1,f-1,i0, conf=-1: [774c78e1-8dd4-453d-975e-442189a07fe2:192.168.157.242:38712, 7247ad7d-2ca2-4af8-9337-77c07ea89cb3:192.168.157.242:42362, 8bce6a00-3bba-419d-83ac-b35141b6b559:192.168.157.242:37801], old=null
2019-10-19 01:26:51,137 [8bce6a00-3bba-419d-83ac-b35141b6b559@group-31C3DC938042-LeaderElection200] INFO  impl.LeaderElection (LogUtils.java:infoOrTrace(149)) -   Exception 0: {}
java.util.concurrent.ExecutionException: org.apache.ratis.thirdparty.io.grpc.StatusRuntimeException: UNAVAILABLE: io exception
	at java.util.concurrent.FutureTask.report(FutureTask.java:122)
	at java.util.concurrent.FutureTask.get(FutureTask.java:192)
	at org.apache.ratis.server.impl.LeaderElection.waitForResults(LeaderElection.java:259)
	at org.apache.ratis.server.impl.LeaderElection.askForVotes(LeaderElection.java:197)
	at org.apache.ratis.server.impl.LeaderElection.run(LeaderElection.java:133)
	at java.lang.Thread.run(Thread.java:748)
Caused by: org.apache.ratis.thirdparty.io.grpc.StatusRuntimeException: UNAVAILABLE: io exception
	at org.apache.ratis.thirdparty.io.grpc.stub.ClientCalls.toStatusRuntimeException(ClientCalls.java:233)
	at org.apache.ratis.thirdparty.io.grpc.stub.ClientCalls.getUnchecked(ClientCalls.java:214)
	at org.apache.ratis.thirdparty.io.grpc.stub.ClientCalls.blockingUnaryCall(ClientCalls.java:139)
	at org.apache.ratis.proto.grpc.RaftServerProtocolServiceGrpc$RaftServerProtocolServiceBlockingStub.requestVote(RaftServerProtocolServiceGrpc.java:265)
	at org.apache.ratis.grpc.server.GrpcServerProtocolClient.requestVote(GrpcServerProtocolClient.java:99)
	at org.apache.ratis.grpc.server.GrpcService.requestVote(GrpcService.java:204)
	at org.apache.ratis.server.impl.LeaderElection.lambda$submitRequests$1(LeaderElection.java:234)
	at java.util.concurrent.FutureTask.run(FutureTask.java:266)
	at java.util.concurrent.Executors$RunnableAdapter.call(Executors.java:511)
	at java.util.concurrent.FutureTask.run(FutureTask.java:266)
	at java.util.concurrent.ThreadPoolExecutor.runWorker(ThreadPoolExecutor.java:1149)
	at java.util.concurrent.ThreadPoolExecutor$Worker.run(ThreadPoolExecutor.java:624)
	... 1 more
Caused by: org.apache.ratis.thirdparty.io.netty.channel.AbstractChannel$AnnotatedConnectException: Connection refused: /192.168.157.242:42362
	at sun.nio.ch.SocketChannelImpl.checkConnect(Native Method)
	at sun.nio.ch.SocketChannelImpl.finishConnect(SocketChannelImpl.java:717)
	at org.apache.ratis.thirdparty.io.netty.channel.socket.nio.NioSocketChannel.doFinishConnect(NioSocketChannel.java:327)
	at org.apache.ratis.thirdparty.io.netty.channel.nio.AbstractNioChannel$AbstractNioUnsafe.finishConnect(AbstractNioChannel.java:340)
	at org.apache.ratis.thirdparty.io.netty.channel.nio.NioEventLoop.processSelectedKey(NioEventLoop.java:632)
	at org.apache.ratis.thirdparty.io.netty.channel.nio.NioEventLoop.processSelectedKeysOptimized(NioEventLoop.java:579)
	at org.apache.ratis.thirdparty.io.netty.channel.nio.NioEventLoop.processSelectedKeys(NioEventLoop.java:496)
	at org.apache.ratis.thirdparty.io.netty.channel.nio.NioEventLoop.run(NioEventLoop.java:458)
	at org.apache.ratis.thirdparty.io.netty.util.concurrent.SingleThreadEventExecutor$5.run(SingleThreadEventExecutor.java:897)
	at org.apache.ratis.thirdparty.io.netty.util.concurrent.FastThreadLocalRunnable.run(FastThreadLocalRunnable.java:30)
	... 1 more
Caused by: java.net.ConnectException: Connection refused
	... 11 more
2019-10-19 01:26:51,137 [8bce6a00-3bba-419d-83ac-b35141b6b559@group-31C3DC938042-LeaderElection200] INFO  impl.RaftServerImpl (RaftServerImpl.java:setRole(184)) - 8bce6a00-3bba-419d-83ac-b35141b6b559@group-31C3DC938042: changes role from CANDIDATE to FOLLOWER at term 185 for DISCOVERED_A_NEW_TERM
2019-10-19 01:26:51,137 [8bce6a00-3bba-419d-83ac-b35141b6b559@group-31C3DC938042-LeaderElection200] INFO  impl.RoleInfo (RoleInfo.java:shutdownLeaderElection(134)) - 8bce6a00-3bba-419d-83ac-b35141b6b559: shutdown LeaderElection
2019-10-19 01:26:51,137 [8bce6a00-3bba-419d-83ac-b35141b6b559@group-31C3DC938042-LeaderElection200] INFO  impl.RoleInfo (RoleInfo.java:updateAndGet(143)) - 8bce6a00-3bba-419d-83ac-b35141b6b559: start FollowerState
2019-10-19 01:26:51,205 [Thread-1777] INFO  impl.FollowerState (FollowerState.java:run(108)) - 8bce6a00-3bba-419d-83ac-b35141b6b559@group-31C3DC938042-FollowerState: change to CANDIDATE, lastRpcTime:67ms, electionTimeout:67ms
2019-10-19 01:26:51,205 [Thread-1777] INFO  impl.RoleInfo (RoleInfo.java:shutdownFollowerState(121)) - 8bce6a00-3bba-419d-83ac-b35141b6b559: shutdown FollowerState
2019-10-19 01:26:51,205 [Thread-1777] INFO  impl.RaftServerImpl (RaftServerImpl.java:setRole(184)) - 8bce6a00-3bba-419d-83ac-b35141b6b559@group-31C3DC938042: changes role from  FOLLOWER to CANDIDATE at term 185 for changeToCandidate
2019-10-19 01:26:51,205 [Thread-1777] INFO  impl.RoleInfo (RoleInfo.java:updateAndGet(143)) - 8bce6a00-3bba-419d-83ac-b35141b6b559: start LeaderElection
2019-10-19 01:26:51,210 [8bce6a00-3bba-419d-83ac-b35141b6b559@group-31C3DC938042-LeaderElection201] INFO  impl.LeaderElection (LeaderElection.java:askForVotes(178)) - 8bce6a00-3bba-419d-83ac-b35141b6b559@group-31C3DC938042-LeaderElection201: begin an election at term 186 for -1: [774c78e1-8dd4-453d-975e-442189a07fe2:192.168.157.242:38712, 7247ad7d-2ca2-4af8-9337-77c07ea89cb3:192.168.157.242:42362, 8bce6a00-3bba-419d-83ac-b35141b6b559:192.168.157.242:37801], old=null
2019-10-19 01:26:51,210 [8bce6a00-3bba-419d-83ac-b35141b6b559@group-31C3DC938042-LeaderElection201] INFO  impl.LeaderElection (LogUtils.java:infoOrTrace(149)) - 8bce6a00-3bba-419d-83ac-b35141b6b559@group-31C3DC938042-LeaderElection201 got exception when requesting votes: {}
java.util.concurrent.ExecutionException: org.apache.ratis.thirdparty.io.grpc.StatusRuntimeException: UNAVAILABLE: io exception
	at java.util.concurrent.FutureTask.report(FutureTask.java:122)
	at java.util.concurrent.FutureTask.get(FutureTask.java:192)
	at org.apache.ratis.server.impl.LeaderElection.waitForResults(LeaderElection.java:259)
	at org.apache.ratis.server.impl.LeaderElection.askForVotes(LeaderElection.java:197)
	at org.apache.ratis.server.impl.LeaderElection.run(LeaderElection.java:133)
	at java.lang.Thread.run(Thread.java:748)
Caused by: org.apache.ratis.thirdparty.io.grpc.StatusRuntimeException: UNAVAILABLE: io exception
	at org.apache.ratis.thirdparty.io.grpc.stub.ClientCalls.toStatusRuntimeException(ClientCalls.java:233)
	at org.apache.ratis.thirdparty.io.grpc.stub.ClientCalls.getUnchecked(ClientCalls.java:214)
	at org.apache.ratis.thirdparty.io.grpc.stub.ClientCalls.blockingUnaryCall(ClientCalls.java:139)
	at org.apache.ratis.proto.grpc.RaftServerProtocolServiceGrpc$RaftServerProtocolServiceBlockingStub.requestVote(RaftServerProtocolServiceGrpc.java:265)
	at org.apache.ratis.grpc.server.GrpcServerProtocolClient.requestVote(GrpcServerProtocolClient.java:99)
	at org.apache.ratis.grpc.server.GrpcService.requestVote(GrpcService.java:204)
	at org.apache.ratis.server.impl.LeaderElection.lambda$submitRequests$1(LeaderElection.java:234)
	at java.util.concurrent.FutureTask.run(FutureTask.java:266)
	at java.util.concurrent.Executors$RunnableAdapter.call(Executors.java:511)
	at java.util.concurrent.FutureTask.run(FutureTask.java:266)
	at java.util.concurrent.ThreadPoolExecutor.runWorker(ThreadPoolExecutor.java:1149)
	at java.util.concurrent.ThreadPoolExecutor$Worker.run(ThreadPoolExecutor.java:624)
	... 1 more
Caused by: org.apache.ratis.thirdparty.io.netty.channel.AbstractChannel$AnnotatedConnectException: Connection refused: /192.168.157.242:42362
	at sun.nio.ch.SocketChannelImpl.checkConnect(Native Method)
	at sun.nio.ch.SocketChannelImpl.finishConnect(SocketChannelImpl.java:717)
	at org.apache.ratis.thirdparty.io.netty.channel.socket.nio.NioSocketChannel.doFinishConnect(NioSocketChannel.java:327)
	at org.apache.ratis.thirdparty.io.netty.channel.nio.AbstractNioChannel$AbstractNioUnsafe.finishConnect(AbstractNioChannel.java:340)
	at org.apache.ratis.thirdparty.io.netty.channel.nio.NioEventLoop.processSelectedKey(NioEventLoop.java:632)
	at org.apache.ratis.thirdparty.io.netty.channel.nio.NioEventLoop.processSelectedKeysOptimized(NioEventLoop.java:579)
	at org.apache.ratis.thirdparty.io.netty.channel.nio.NioEventLoop.processSelectedKeys(NioEventLoop.java:496)
	at org.apache.ratis.thirdparty.io.netty.channel.nio.NioEventLoop.run(NioEventLoop.java:458)
	at org.apache.ratis.thirdparty.io.netty.util.concurrent.SingleThreadEventExecutor$5.run(SingleThreadEventExecutor.java:897)
	at org.apache.ratis.thirdparty.io.netty.util.concurrent.FastThreadLocalRunnable.run(FastThreadLocalRunnable.java:30)
	... 1 more
Caused by: java.net.ConnectException: Connection refused
	... 11 more
2019-10-19 01:26:51,211 [grpc-default-executor-4] INFO  impl.RaftServerImpl (RaftServerImpl.java:setRole(184)) - 774c78e1-8dd4-453d-975e-442189a07fe2@group-31C3DC938042: changes role from  FOLLOWER to FOLLOWER at term 186 for recognizeCandidate:8bce6a00-3bba-419d-83ac-b35141b6b559
2019-10-19 01:26:51,211 [grpc-default-executor-4] INFO  impl.RoleInfo (RoleInfo.java:shutdownFollowerState(121)) - 774c78e1-8dd4-453d-975e-442189a07fe2: shutdown FollowerState
2019-10-19 01:26:51,211 [grpc-default-executor-4] INFO  impl.RoleInfo (RoleInfo.java:updateAndGet(143)) - 774c78e1-8dd4-453d-975e-442189a07fe2: start FollowerState
2019-10-19 01:26:51,211 [Thread-1776] INFO  impl.FollowerState (FollowerState.java:run(117)) - 774c78e1-8dd4-453d-975e-442189a07fe2@group-31C3DC938042-FollowerState was interrupted: java.lang.InterruptedException: sleep interrupted
2019-10-19 01:26:51,215 [8bce6a00-3bba-419d-83ac-b35141b6b559@group-31C3DC938042-LeaderElection201] INFO  impl.LeaderElection (LeaderElection.java:logAndReturn(56)) - 8bce6a00-3bba-419d-83ac-b35141b6b559@group-31C3DC938042-LeaderElection201: Election REJECTED; received 1 response(s) [8bce6a00-3bba-419d-83ac-b35141b6b559<-774c78e1-8dd4-453d-975e-442189a07fe2#0:FAIL-t186] and 1 exception(s); 8bce6a00-3bba-419d-83ac-b35141b6b559@group-31C3DC938042:t186, leader=null, voted=8bce6a00-3bba-419d-83ac-b35141b6b559, raftlog=8bce6a00-3bba-419d-83ac-b35141b6b559@group-31C3DC938042-SegmentedRaftLog:OPENED:c-1,f-1,i0, conf=-1: [774c78e1-8dd4-453d-975e-442189a07fe2:192.168.157.242:38712, 7247ad7d-2ca2-4af8-9337-77c07ea89cb3:192.168.157.242:42362, 8bce6a00-3bba-419d-83ac-b35141b6b559:192.168.157.242:37801], old=null
2019-10-19 01:26:51,215 [8bce6a00-3bba-419d-83ac-b35141b6b559@group-31C3DC938042-LeaderElection201] INFO  impl.LeaderElection (LogUtils.java:infoOrTrace(149)) -   Exception 0: {}
java.util.concurrent.ExecutionException: org.apache.ratis.thirdparty.io.grpc.StatusRuntimeException: UNAVAILABLE: io exception
	at java.util.concurrent.FutureTask.report(FutureTask.java:122)
	at java.util.concurrent.FutureTask.get(FutureTask.java:192)
	at org.apache.ratis.server.impl.LeaderElection.waitForResults(LeaderElection.java:259)
	at org.apache.ratis.server.impl.LeaderElection.askForVotes(LeaderElection.java:197)
	at org.apache.ratis.server.impl.LeaderElection.run(LeaderElection.java:133)
	at java.lang.Thread.run(Thread.java:748)
Caused by: org.apache.ratis.thirdparty.io.grpc.StatusRuntimeException: UNAVAILABLE: io exception
	at org.apache.ratis.thirdparty.io.grpc.stub.ClientCalls.toStatusRuntimeException(ClientCalls.java:233)
	at org.apache.ratis.thirdparty.io.grpc.stub.ClientCalls.getUnchecked(ClientCalls.java:214)
	at org.apache.ratis.thirdparty.io.grpc.stub.ClientCalls.blockingUnaryCall(ClientCalls.java:139)
	at org.apache.ratis.proto.grpc.RaftServerProtocolServiceGrpc$RaftServerProtocolServiceBlockingStub.requestVote(RaftServerProtocolServiceGrpc.java:265)
	at org.apache.ratis.grpc.server.GrpcServerProtocolClient.requestVote(GrpcServerProtocolClient.java:99)
	at org.apache.ratis.grpc.server.GrpcService.requestVote(GrpcService.java:204)
	at org.apache.ratis.server.impl.LeaderElection.lambda$submitRequests$1(LeaderElection.java:234)
	at java.util.concurrent.FutureTask.run(FutureTask.java:266)
	at java.util.concurrent.Executors$RunnableAdapter.call(Executors.java:511)
	at java.util.concurrent.FutureTask.run(FutureTask.java:266)
	at java.util.concurrent.ThreadPoolExecutor.runWorker(ThreadPoolExecutor.java:1149)
	at java.util.concurrent.ThreadPoolExecutor$Worker.run(ThreadPoolExecutor.java:624)
	... 1 more
Caused by: org.apache.ratis.thirdparty.io.netty.channel.AbstractChannel$AnnotatedConnectException: Connection refused: /192.168.157.242:42362
	at sun.nio.ch.SocketChannelImpl.checkConnect(Native Method)
	at sun.nio.ch.SocketChannelImpl.finishConnect(SocketChannelImpl.java:717)
	at org.apache.ratis.thirdparty.io.netty.channel.socket.nio.NioSocketChannel.doFinishConnect(NioSocketChannel.java:327)
	at org.apache.ratis.thirdparty.io.netty.channel.nio.AbstractNioChannel$AbstractNioUnsafe.finishConnect(AbstractNioChannel.java:340)
	at org.apache.ratis.thirdparty.io.netty.channel.nio.NioEventLoop.processSelectedKey(NioEventLoop.java:632)
	at org.apache.ratis.thirdparty.io.netty.channel.nio.NioEventLoop.processSelectedKeysOptimized(NioEventLoop.java:579)
	at org.apache.ratis.thirdparty.io.netty.channel.nio.NioEventLoop.processSelectedKeys(NioEventLoop.java:496)
	at org.apache.ratis.thirdparty.io.netty.channel.nio.NioEventLoop.run(NioEventLoop.java:458)
	at org.apache.ratis.thirdparty.io.netty.util.concurrent.SingleThreadEventExecutor$5.run(SingleThreadEventExecutor.java:897)
	at org.apache.ratis.thirdparty.io.netty.util.concurrent.FastThreadLocalRunnable.run(FastThreadLocalRunnable.java:30)
	... 1 more
Caused by: java.net.ConnectException: Connection refused
	... 11 more
2019-10-19 01:26:51,215 [8bce6a00-3bba-419d-83ac-b35141b6b559@group-31C3DC938042-LeaderElection201] INFO  impl.RaftServerImpl (RaftServerImpl.java:setRole(184)) - 8bce6a00-3bba-419d-83ac-b35141b6b559@group-31C3DC938042: changes role from CANDIDATE to FOLLOWER at term 186 for DISCOVERED_A_NEW_TERM
2019-10-19 01:26:51,215 [8bce6a00-3bba-419d-83ac-b35141b6b559@group-31C3DC938042-LeaderElection201] INFO  impl.RoleInfo (RoleInfo.java:shutdownLeaderElection(134)) - 8bce6a00-3bba-419d-83ac-b35141b6b559: shutdown LeaderElection
2019-10-19 01:26:51,215 [8bce6a00-3bba-419d-83ac-b35141b6b559@group-31C3DC938042-LeaderElection201] INFO  impl.RoleInfo (RoleInfo.java:updateAndGet(143)) - 8bce6a00-3bba-419d-83ac-b35141b6b559: start FollowerState
2019-10-19 01:26:51,346 [Thread-1783] INFO  impl.FollowerState (FollowerState.java:run(108)) - 8bce6a00-3bba-419d-83ac-b35141b6b559@group-31C3DC938042-FollowerState: change to CANDIDATE, lastRpcTime:130ms, electionTimeout:130ms
2019-10-19 01:26:51,346 [Thread-1783] INFO  impl.RoleInfo (RoleInfo.java:shutdownFollowerState(121)) - 8bce6a00-3bba-419d-83ac-b35141b6b559: shutdown FollowerState
2019-10-19 01:26:51,346 [Thread-1783] INFO  impl.RaftServerImpl (RaftServerImpl.java:setRole(184)) - 8bce6a00-3bba-419d-83ac-b35141b6b559@group-31C3DC938042: changes role from  FOLLOWER to CANDIDATE at term 186 for changeToCandidate
2019-10-19 01:26:51,347 [Thread-1783] INFO  impl.RoleInfo (RoleInfo.java:updateAndGet(143)) - 8bce6a00-3bba-419d-83ac-b35141b6b559: start LeaderElection
2019-10-19 01:26:51,373 [8bce6a00-3bba-419d-83ac-b35141b6b559@group-31C3DC938042-LeaderElection202] INFO  impl.LeaderElection (LeaderElection.java:askForVotes(178)) - 8bce6a00-3bba-419d-83ac-b35141b6b559@group-31C3DC938042-LeaderElection202: begin an election at term 187 for -1: [774c78e1-8dd4-453d-975e-442189a07fe2:192.168.157.242:38712, 7247ad7d-2ca2-4af8-9337-77c07ea89cb3:192.168.157.242:42362, 8bce6a00-3bba-419d-83ac-b35141b6b559:192.168.157.242:37801], old=null
2019-10-19 01:26:51,376 [8bce6a00-3bba-419d-83ac-b35141b6b559@group-31C3DC938042-LeaderElection202] INFO  impl.LeaderElection (LogUtils.java:infoOrTrace(149)) - 8bce6a00-3bba-419d-83ac-b35141b6b559@group-31C3DC938042-LeaderElection202 got exception when requesting votes: {}
java.util.concurrent.ExecutionException: org.apache.ratis.thirdparty.io.grpc.StatusRuntimeException: UNAVAILABLE: io exception
	at java.util.concurrent.FutureTask.report(FutureTask.java:122)
	at java.util.concurrent.FutureTask.get(FutureTask.java:192)
	at org.apache.ratis.server.impl.LeaderElection.waitForResults(LeaderElection.java:259)
	at org.apache.ratis.server.impl.LeaderElection.askForVotes(LeaderElection.java:197)
	at org.apache.ratis.server.impl.LeaderElection.run(LeaderElection.java:133)
	at java.lang.Thread.run(Thread.java:748)
Caused by: org.apache.ratis.thirdparty.io.grpc.StatusRuntimeException: UNAVAILABLE: io exception
	at org.apache.ratis.thirdparty.io.grpc.stub.ClientCalls.toStatusRuntimeException(ClientCalls.java:233)
	at org.apache.ratis.thirdparty.io.grpc.stub.ClientCalls.getUnchecked(ClientCalls.java:214)
	at org.apache.ratis.thirdparty.io.grpc.stub.ClientCalls.blockingUnaryCall(ClientCalls.java:139)
	at org.apache.ratis.proto.grpc.RaftServerProtocolServiceGrpc$RaftServerProtocolServiceBlockingStub.requestVote(RaftServerProtocolServiceGrpc.java:265)
	at org.apache.ratis.grpc.server.GrpcServerProtocolClient.requestVote(GrpcServerProtocolClient.java:99)
	at org.apache.ratis.grpc.server.GrpcService.requestVote(GrpcService.java:204)
	at org.apache.ratis.server.impl.LeaderElection.lambda$submitRequests$1(LeaderElection.java:234)
	at java.util.concurrent.FutureTask.run(FutureTask.java:266)
	at java.util.concurrent.Executors$RunnableAdapter.call(Executors.java:511)
	at java.util.concurrent.FutureTask.run(FutureTask.java:266)
	at java.util.concurrent.ThreadPoolExecutor.runWorker(ThreadPoolExecutor.java:1149)
	at java.util.concurrent.ThreadPoolExecutor$Worker.run(ThreadPoolExecutor.java:624)
	... 1 more
Caused by: org.apache.ratis.thirdparty.io.netty.channel.AbstractChannel$AnnotatedConnectException: Connection refused: /192.168.157.242:42362
	at sun.nio.ch.SocketChannelImpl.checkConnect(Native Method)
	at sun.nio.ch.SocketChannelImpl.finishConnect(SocketChannelImpl.java:717)
	at org.apache.ratis.thirdparty.io.netty.channel.socket.nio.NioSocketChannel.doFinishConnect(NioSocketChannel.java:327)
	at org.apache.ratis.thirdparty.io.netty.channel.nio.AbstractNioChannel$AbstractNioUnsafe.finishConnect(AbstractNioChannel.java:340)
	at org.apache.ratis.thirdparty.io.netty.channel.nio.NioEventLoop.processSelectedKey(NioEventLoop.java:632)
	at org.apache.ratis.thirdparty.io.netty.channel.nio.NioEventLoop.processSelectedKeysOptimized(NioEventLoop.java:579)
	at org.apache.ratis.thirdparty.io.netty.channel.nio.NioEventLoop.processSelectedKeys(NioEventLoop.java:496)
	at org.apache.ratis.thirdparty.io.netty.channel.nio.NioEventLoop.run(NioEventLoop.java:458)
	at org.apache.ratis.thirdparty.io.netty.util.concurrent.SingleThreadEventExecutor$5.run(SingleThreadEventExecutor.java:897)
	at org.apache.ratis.thirdparty.io.netty.util.concurrent.FastThreadLocalRunnable.run(FastThreadLocalRunnable.java:30)
	... 1 more
Caused by: java.net.ConnectException: Connection refused
	... 11 more
2019-10-19 01:26:51,380 [grpc-default-executor-4] INFO  impl.RaftServerImpl (RaftServerImpl.java:setRole(184)) - 774c78e1-8dd4-453d-975e-442189a07fe2@group-31C3DC938042: changes role from  FOLLOWER to FOLLOWER at term 187 for recognizeCandidate:8bce6a00-3bba-419d-83ac-b35141b6b559
2019-10-19 01:26:51,380 [grpc-default-executor-4] INFO  impl.RoleInfo (RoleInfo.java:shutdownFollowerState(121)) - 774c78e1-8dd4-453d-975e-442189a07fe2: shutdown FollowerState
2019-10-19 01:26:51,380 [grpc-default-executor-4] INFO  impl.RoleInfo (RoleInfo.java:updateAndGet(143)) - 774c78e1-8dd4-453d-975e-442189a07fe2: start FollowerState
2019-10-19 01:26:51,380 [Thread-1782] INFO  impl.FollowerState (FollowerState.java:run(117)) - 774c78e1-8dd4-453d-975e-442189a07fe2@group-31C3DC938042-FollowerState was interrupted: java.lang.InterruptedException: sleep interrupted
2019-10-19 01:26:51,397 [8bce6a00-3bba-419d-83ac-b35141b6b559@group-31C3DC938042-LeaderElection202] INFO  impl.LeaderElection (LeaderElection.java:logAndReturn(56)) - 8bce6a00-3bba-419d-83ac-b35141b6b559@group-31C3DC938042-LeaderElection202: Election REJECTED; received 1 response(s) [8bce6a00-3bba-419d-83ac-b35141b6b559<-774c78e1-8dd4-453d-975e-442189a07fe2#0:FAIL-t187] and 1 exception(s); 8bce6a00-3bba-419d-83ac-b35141b6b559@group-31C3DC938042:t187, leader=null, voted=8bce6a00-3bba-419d-83ac-b35141b6b559, raftlog=8bce6a00-3bba-419d-83ac-b35141b6b559@group-31C3DC938042-SegmentedRaftLog:OPENED:c-1,f-1,i0, conf=-1: [774c78e1-8dd4-453d-975e-442189a07fe2:192.168.157.242:38712, 7247ad7d-2ca2-4af8-9337-77c07ea89cb3:192.168.157.242:42362, 8bce6a00-3bba-419d-83ac-b35141b6b559:192.168.157.242:37801], old=null
2019-10-19 01:26:51,397 [8bce6a00-3bba-419d-83ac-b35141b6b559@group-31C3DC938042-LeaderElection202] INFO  impl.LeaderElection (LogUtils.java:infoOrTrace(149)) -   Exception 0: {}
java.util.concurrent.ExecutionException: org.apache.ratis.thirdparty.io.grpc.StatusRuntimeException: UNAVAILABLE: io exception
	at java.util.concurrent.FutureTask.report(FutureTask.java:122)
	at java.util.concurrent.FutureTask.get(FutureTask.java:192)
	at org.apache.ratis.server.impl.LeaderElection.waitForResults(LeaderElection.java:259)
	at org.apache.ratis.server.impl.LeaderElection.askForVotes(LeaderElection.java:197)
	at org.apache.ratis.server.impl.LeaderElection.run(LeaderElection.java:133)
	at java.lang.Thread.run(Thread.java:748)
Caused by: org.apache.ratis.thirdparty.io.grpc.StatusRuntimeException: UNAVAILABLE: io exception
	at org.apache.ratis.thirdparty.io.grpc.stub.ClientCalls.toStatusRuntimeException(ClientCalls.java:233)
	at org.apache.ratis.thirdparty.io.grpc.stub.ClientCalls.getUnchecked(ClientCalls.java:214)
	at org.apache.ratis.thirdparty.io.grpc.stub.ClientCalls.blockingUnaryCall(ClientCalls.java:139)
	at org.apache.ratis.proto.grpc.RaftServerProtocolServiceGrpc$RaftServerProtocolServiceBlockingStub.requestVote(RaftServerProtocolServiceGrpc.java:265)
	at org.apache.ratis.grpc.server.GrpcServerProtocolClient.requestVote(GrpcServerProtocolClient.java:99)
	at org.apache.ratis.grpc.server.GrpcService.requestVote(GrpcService.java:204)
	at org.apache.ratis.server.impl.LeaderElection.lambda$submitRequests$1(LeaderElection.java:234)
	at java.util.concurrent.FutureTask.run(FutureTask.java:266)
	at java.util.concurrent.Executors$RunnableAdapter.call(Executors.java:511)
	at java.util.concurrent.FutureTask.run(FutureTask.java:266)
	at java.util.concurrent.ThreadPoolExecutor.runWorker(ThreadPoolExecutor.java:1149)
	at java.util.concurrent.ThreadPoolExecutor$Worker.run(ThreadPoolExecutor.java:624)
	... 1 more
Caused by: org.apache.ratis.thirdparty.io.netty.channel.AbstractChannel$AnnotatedConnectException: Connection refused: /192.168.157.242:42362
	at sun.nio.ch.SocketChannelImpl.checkConnect(Native Method)
	at sun.nio.ch.SocketChannelImpl.finishConnect(SocketChannelImpl.java:717)
	at org.apache.ratis.thirdparty.io.netty.channel.socket.nio.NioSocketChannel.doFinishConnect(NioSocketChannel.java:327)
	at org.apache.ratis.thirdparty.io.netty.channel.nio.AbstractNioChannel$AbstractNioUnsafe.finishConnect(AbstractNioChannel.java:340)
	at org.apache.ratis.thirdparty.io.netty.channel.nio.NioEventLoop.processSelectedKey(NioEventLoop.java:632)
	at org.apache.ratis.thirdparty.io.netty.channel.nio.NioEventLoop.processSelectedKeysOptimized(NioEventLoop.java:579)
	at org.apache.ratis.thirdparty.io.netty.channel.nio.NioEventLoop.processSelectedKeys(NioEventLoop.java:496)
	at org.apache.ratis.thirdparty.io.netty.channel.nio.NioEventLoop.run(NioEventLoop.java:458)
	at org.apache.ratis.thirdparty.io.netty.util.concurrent.SingleThreadEventExecutor$5.run(SingleThreadEventExecutor.java:897)
	at org.apache.ratis.thirdparty.io.netty.util.concurrent.FastThreadLocalRunnable.run(FastThreadLocalRunnable.java:30)
	... 1 more
Caused by: java.net.ConnectException: Connection refused
	... 11 more
2019-10-19 01:26:51,398 [8bce6a00-3bba-419d-83ac-b35141b6b559@group-31C3DC938042-LeaderElection202] INFO  impl.RaftServerImpl (RaftServerImpl.java:setRole(184)) - 8bce6a00-3bba-419d-83ac-b35141b6b559@group-31C3DC938042: changes role from CANDIDATE to FOLLOWER at term 187 for DISCOVERED_A_NEW_TERM
2019-10-19 01:26:51,398 [8bce6a00-3bba-419d-83ac-b35141b6b559@group-31C3DC938042-LeaderElection202] INFO  impl.RoleInfo (RoleInfo.java:shutdownLeaderElection(134)) - 8bce6a00-3bba-419d-83ac-b35141b6b559: shutdown LeaderElection
2019-10-19 01:26:51,398 [8bce6a00-3bba-419d-83ac-b35141b6b559@group-31C3DC938042-LeaderElection202] INFO  impl.RoleInfo (RoleInfo.java:updateAndGet(143)) - 8bce6a00-3bba-419d-83ac-b35141b6b559: start FollowerState
2019-10-19 01:26:51,463 [Thread-1788] INFO  impl.FollowerState (FollowerState.java:run(108)) - 8bce6a00-3bba-419d-83ac-b35141b6b559@group-31C3DC938042-FollowerState: change to CANDIDATE, lastRpcTime:65ms, electionTimeout:65ms
2019-10-19 01:26:51,463 [Thread-1788] INFO  impl.RoleInfo (RoleInfo.java:shutdownFollowerState(121)) - 8bce6a00-3bba-419d-83ac-b35141b6b559: shutdown FollowerState
2019-10-19 01:26:51,464 [Thread-1788] INFO  impl.RaftServerImpl (RaftServerImpl.java:setRole(184)) - 8bce6a00-3bba-419d-83ac-b35141b6b559@group-31C3DC938042: changes role from  FOLLOWER to CANDIDATE at term 187 for changeToCandidate
2019-10-19 01:26:51,464 [Thread-1788] INFO  impl.RoleInfo (RoleInfo.java:updateAndGet(143)) - 8bce6a00-3bba-419d-83ac-b35141b6b559: start LeaderElection
2019-10-19 01:26:51,473 [8bce6a00-3bba-419d-83ac-b35141b6b559@group-31C3DC938042-LeaderElection203] INFO  impl.LeaderElection (LeaderElection.java:askForVotes(178)) - 8bce6a00-3bba-419d-83ac-b35141b6b559@group-31C3DC938042-LeaderElection203: begin an election at term 188 for -1: [774c78e1-8dd4-453d-975e-442189a07fe2:192.168.157.242:38712, 7247ad7d-2ca2-4af8-9337-77c07ea89cb3:192.168.157.242:42362, 8bce6a00-3bba-419d-83ac-b35141b6b559:192.168.157.242:37801], old=null
2019-10-19 01:26:51,474 [8bce6a00-3bba-419d-83ac-b35141b6b559@group-31C3DC938042-LeaderElection203] INFO  impl.LeaderElection (LogUtils.java:infoOrTrace(149)) - 8bce6a00-3bba-419d-83ac-b35141b6b559@group-31C3DC938042-LeaderElection203 got exception when requesting votes: {}
java.util.concurrent.ExecutionException: org.apache.ratis.thirdparty.io.grpc.StatusRuntimeException: UNAVAILABLE: io exception
	at java.util.concurrent.FutureTask.report(FutureTask.java:122)
	at java.util.concurrent.FutureTask.get(FutureTask.java:192)
	at org.apache.ratis.server.impl.LeaderElection.waitForResults(LeaderElection.java:259)
	at org.apache.ratis.server.impl.LeaderElection.askForVotes(LeaderElection.java:197)
	at org.apache.ratis.server.impl.LeaderElection.run(LeaderElection.java:133)
	at java.lang.Thread.run(Thread.java:748)
Caused by: org.apache.ratis.thirdparty.io.grpc.StatusRuntimeException: UNAVAILABLE: io exception
	at org.apache.ratis.thirdparty.io.grpc.stub.ClientCalls.toStatusRuntimeException(ClientCalls.java:233)
	at org.apache.ratis.thirdparty.io.grpc.stub.ClientCalls.getUnchecked(ClientCalls.java:214)
	at org.apache.ratis.thirdparty.io.grpc.stub.ClientCalls.blockingUnaryCall(ClientCalls.java:139)
	at org.apache.ratis.proto.grpc.RaftServerProtocolServiceGrpc$RaftServerProtocolServiceBlockingStub.requestVote(RaftServerProtocolServiceGrpc.java:265)
	at org.apache.ratis.grpc.server.GrpcServerProtocolClient.requestVote(GrpcServerProtocolClient.java:99)
	at org.apache.ratis.grpc.server.GrpcService.requestVote(GrpcService.java:204)
	at org.apache.ratis.server.impl.LeaderElection.lambda$submitRequests$1(LeaderElection.java:234)
	at java.util.concurrent.FutureTask.run(FutureTask.java:266)
	at java.util.concurrent.Executors$RunnableAdapter.call(Executors.java:511)
	at java.util.concurrent.FutureTask.run(FutureTask.java:266)
	at java.util.concurrent.ThreadPoolExecutor.runWorker(ThreadPoolExecutor.java:1149)
	at java.util.concurrent.ThreadPoolExecutor$Worker.run(ThreadPoolExecutor.java:624)
	... 1 more
Caused by: org.apache.ratis.thirdparty.io.netty.channel.AbstractChannel$AnnotatedConnectException: Connection refused: /192.168.157.242:42362
	at sun.nio.ch.SocketChannelImpl.checkConnect(Native Method)
	at sun.nio.ch.SocketChannelImpl.finishConnect(SocketChannelImpl.java:717)
	at org.apache.ratis.thirdparty.io.netty.channel.socket.nio.NioSocketChannel.doFinishConnect(NioSocketChannel.java:327)
	at org.apache.ratis.thirdparty.io.netty.channel.nio.AbstractNioChannel$AbstractNioUnsafe.finishConnect(AbstractNioChannel.java:340)
	at org.apache.ratis.thirdparty.io.netty.channel.nio.NioEventLoop.processSelectedKey(NioEventLoop.java:632)
	at org.apache.ratis.thirdparty.io.netty.channel.nio.NioEventLoop.processSelectedKeysOptimized(NioEventLoop.java:579)
	at org.apache.ratis.thirdparty.io.netty.channel.nio.NioEventLoop.processSelectedKeys(NioEventLoop.java:496)
	at org.apache.ratis.thirdparty.io.netty.channel.nio.NioEventLoop.run(NioEventLoop.java:458)
	at org.apache.ratis.thirdparty.io.netty.util.concurrent.SingleThreadEventExecutor$5.run(SingleThreadEventExecutor.java:897)
	at org.apache.ratis.thirdparty.io.netty.util.concurrent.FastThreadLocalRunnable.run(FastThreadLocalRunnable.java:30)
	... 1 more
Caused by: java.net.ConnectException: Connection refused
	... 11 more
2019-10-19 01:26:51,476 [grpc-default-executor-4] INFO  impl.RaftServerImpl (RaftServerImpl.java:setRole(184)) - 774c78e1-8dd4-453d-975e-442189a07fe2@group-31C3DC938042: changes role from  FOLLOWER to FOLLOWER at term 188 for recognizeCandidate:8bce6a00-3bba-419d-83ac-b35141b6b559
2019-10-19 01:26:51,476 [grpc-default-executor-4] INFO  impl.RoleInfo (RoleInfo.java:shutdownFollowerState(121)) - 774c78e1-8dd4-453d-975e-442189a07fe2: shutdown FollowerState
2019-10-19 01:26:51,476 [grpc-default-executor-4] INFO  impl.RoleInfo (RoleInfo.java:updateAndGet(143)) - 774c78e1-8dd4-453d-975e-442189a07fe2: start FollowerState
2019-10-19 01:26:51,476 [Thread-1787] INFO  impl.FollowerState (FollowerState.java:run(117)) - 774c78e1-8dd4-453d-975e-442189a07fe2@group-31C3DC938042-FollowerState was interrupted: java.lang.InterruptedException: sleep interrupted
2019-10-19 01:26:51,489 [8bce6a00-3bba-419d-83ac-b35141b6b559@group-31C3DC938042-LeaderElection203] INFO  impl.LeaderElection (LeaderElection.java:logAndReturn(56)) - 8bce6a00-3bba-419d-83ac-b35141b6b559@group-31C3DC938042-LeaderElection203: Election REJECTED; received 1 response(s) [8bce6a00-3bba-419d-83ac-b35141b6b559<-774c78e1-8dd4-453d-975e-442189a07fe2#0:FAIL-t188] and 1 exception(s); 8bce6a00-3bba-419d-83ac-b35141b6b559@group-31C3DC938042:t188, leader=null, voted=8bce6a00-3bba-419d-83ac-b35141b6b559, raftlog=8bce6a00-3bba-419d-83ac-b35141b6b559@group-31C3DC938042-SegmentedRaftLog:OPENED:c-1,f-1,i0, conf=-1: [774c78e1-8dd4-453d-975e-442189a07fe2:192.168.157.242:38712, 7247ad7d-2ca2-4af8-9337-77c07ea89cb3:192.168.157.242:42362, 8bce6a00-3bba-419d-83ac-b35141b6b559:192.168.157.242:37801], old=null
2019-10-19 01:26:51,490 [8bce6a00-3bba-419d-83ac-b35141b6b559@group-31C3DC938042-LeaderElection203] INFO  impl.LeaderElection (LogUtils.java:infoOrTrace(149)) -   Exception 0: {}
java.util.concurrent.ExecutionException: org.apache.ratis.thirdparty.io.grpc.StatusRuntimeException: UNAVAILABLE: io exception
	at java.util.concurrent.FutureTask.report(FutureTask.java:122)
	at java.util.concurrent.FutureTask.get(FutureTask.java:192)
	at org.apache.ratis.server.impl.LeaderElection.waitForResults(LeaderElection.java:259)
	at org.apache.ratis.server.impl.LeaderElection.askForVotes(LeaderElection.java:197)
	at org.apache.ratis.server.impl.LeaderElection.run(LeaderElection.java:133)
	at java.lang.Thread.run(Thread.java:748)
Caused by: org.apache.ratis.thirdparty.io.grpc.StatusRuntimeException: UNAVAILABLE: io exception
	at org.apache.ratis.thirdparty.io.grpc.stub.ClientCalls.toStatusRuntimeException(ClientCalls.java:233)
	at org.apache.ratis.thirdparty.io.grpc.stub.ClientCalls.getUnchecked(ClientCalls.java:214)
	at org.apache.ratis.thirdparty.io.grpc.stub.ClientCalls.blockingUnaryCall(ClientCalls.java:139)
	at org.apache.ratis.proto.grpc.RaftServerProtocolServiceGrpc$RaftServerProtocolServiceBlockingStub.requestVote(RaftServerProtocolServiceGrpc.java:265)
	at org.apache.ratis.grpc.server.GrpcServerProtocolClient.requestVote(GrpcServerProtocolClient.java:99)
	at org.apache.ratis.grpc.server.GrpcService.requestVote(GrpcService.java:204)
	at org.apache.ratis.server.impl.LeaderElection.lambda$submitRequests$1(LeaderElection.java:234)
	at java.util.concurrent.FutureTask.run(FutureTask.java:266)
	at java.util.concurrent.Executors$RunnableAdapter.call(Executors.java:511)
	at java.util.concurrent.FutureTask.run(FutureTask.java:266)
	at java.util.concurrent.ThreadPoolExecutor.runWorker(ThreadPoolExecutor.java:1149)
	at java.util.concurrent.ThreadPoolExecutor$Worker.run(ThreadPoolExecutor.java:624)
	... 1 more
Caused by: org.apache.ratis.thirdparty.io.netty.channel.AbstractChannel$AnnotatedConnectException: Connection refused: /192.168.157.242:42362
	at sun.nio.ch.SocketChannelImpl.checkConnect(Native Method)
	at sun.nio.ch.SocketChannelImpl.finishConnect(SocketChannelImpl.java:717)
	at org.apache.ratis.thirdparty.io.netty.channel.socket.nio.NioSocketChannel.doFinishConnect(NioSocketChannel.java:327)
	at org.apache.ratis.thirdparty.io.netty.channel.nio.AbstractNioChannel$AbstractNioUnsafe.finishConnect(AbstractNioChannel.java:340)
	at org.apache.ratis.thirdparty.io.netty.channel.nio.NioEventLoop.processSelectedKey(NioEventLoop.java:632)
	at org.apache.ratis.thirdparty.io.netty.channel.nio.NioEventLoop.processSelectedKeysOptimized(NioEventLoop.java:579)
	at org.apache.ratis.thirdparty.io.netty.channel.nio.NioEventLoop.processSelectedKeys(NioEventLoop.java:496)
	at org.apache.ratis.thirdparty.io.netty.channel.nio.NioEventLoop.run(NioEventLoop.java:458)
	at org.apache.ratis.thirdparty.io.netty.util.concurrent.SingleThreadEventExecutor$5.run(SingleThreadEventExecutor.java:897)
	at org.apache.ratis.thirdparty.io.netty.util.concurrent.FastThreadLocalRunnable.run(FastThreadLocalRunnable.java:30)
	... 1 more
Caused by: java.net.ConnectException: Connection refused
	... 11 more
2019-10-19 01:26:51,490 [8bce6a00-3bba-419d-83ac-b35141b6b559@group-31C3DC938042-LeaderElection203] INFO  impl.RaftServerImpl (RaftServerImpl.java:setRole(184)) - 8bce6a00-3bba-419d-83ac-b35141b6b559@group-31C3DC938042: changes role from CANDIDATE to FOLLOWER at term 188 for DISCOVERED_A_NEW_TERM
2019-10-19 01:26:51,491 [8bce6a00-3bba-419d-83ac-b35141b6b559@group-31C3DC938042-LeaderElection203] INFO  impl.RoleInfo (RoleInfo.java:shutdownLeaderElection(134)) - 8bce6a00-3bba-419d-83ac-b35141b6b559: shutdown LeaderElection
2019-10-19 01:26:51,491 [8bce6a00-3bba-419d-83ac-b35141b6b559@group-31C3DC938042-LeaderElection203] INFO  impl.RoleInfo (RoleInfo.java:updateAndGet(143)) - 8bce6a00-3bba-419d-83ac-b35141b6b559: start FollowerState
2019-10-19 01:26:51,573 [Thread-1793] INFO  impl.FollowerState (FollowerState.java:run(108)) - 8bce6a00-3bba-419d-83ac-b35141b6b559@group-31C3DC938042-FollowerState: change to CANDIDATE, lastRpcTime:82ms, electionTimeout:82ms
2019-10-19 01:26:51,573 [Thread-1793] INFO  impl.RoleInfo (RoleInfo.java:shutdownFollowerState(121)) - 8bce6a00-3bba-419d-83ac-b35141b6b559: shutdown FollowerState
2019-10-19 01:26:51,573 [Thread-1793] INFO  impl.RaftServerImpl (RaftServerImpl.java:setRole(184)) - 8bce6a00-3bba-419d-83ac-b35141b6b559@group-31C3DC938042: changes role from  FOLLOWER to CANDIDATE at term 188 for changeToCandidate
2019-10-19 01:26:51,574 [Thread-1793] INFO  impl.RoleInfo (RoleInfo.java:updateAndGet(143)) - 8bce6a00-3bba-419d-83ac-b35141b6b559: start LeaderElection
2019-10-19 01:26:51,580 [8bce6a00-3bba-419d-83ac-b35141b6b559@group-31C3DC938042-LeaderElection204] INFO  impl.LeaderElection (LeaderElection.java:askForVotes(178)) - 8bce6a00-3bba-419d-83ac-b35141b6b559@group-31C3DC938042-LeaderElection204: begin an election at term 189 for -1: [774c78e1-8dd4-453d-975e-442189a07fe2:192.168.157.242:38712, 7247ad7d-2ca2-4af8-9337-77c07ea89cb3:192.168.157.242:42362, 8bce6a00-3bba-419d-83ac-b35141b6b559:192.168.157.242:37801], old=null
2019-10-19 01:26:51,581 [8bce6a00-3bba-419d-83ac-b35141b6b559@group-31C3DC938042-LeaderElection204] INFO  impl.LeaderElection (LogUtils.java:infoOrTrace(149)) - 8bce6a00-3bba-419d-83ac-b35141b6b559@group-31C3DC938042-LeaderElection204 got exception when requesting votes: {}
java.util.concurrent.ExecutionException: org.apache.ratis.thirdparty.io.grpc.StatusRuntimeException: UNAVAILABLE: io exception
	at java.util.concurrent.FutureTask.report(FutureTask.java:122)
	at java.util.concurrent.FutureTask.get(FutureTask.java:192)
	at org.apache.ratis.server.impl.LeaderElection.waitForResults(LeaderElection.java:259)
	at org.apache.ratis.server.impl.LeaderElection.askForVotes(LeaderElection.java:197)
	at org.apache.ratis.server.impl.LeaderElection.run(LeaderElection.java:133)
	at java.lang.Thread.run(Thread.java:748)
Caused by: org.apache.ratis.thirdparty.io.grpc.StatusRuntimeException: UNAVAILABLE: io exception
	at org.apache.ratis.thirdparty.io.grpc.stub.ClientCalls.toStatusRuntimeException(ClientCalls.java:233)
	at org.apache.ratis.thirdparty.io.grpc.stub.ClientCalls.getUnchecked(ClientCalls.java:214)
	at org.apache.ratis.thirdparty.io.grpc.stub.ClientCalls.blockingUnaryCall(ClientCalls.java:139)
	at org.apache.ratis.proto.grpc.RaftServerProtocolServiceGrpc$RaftServerProtocolServiceBlockingStub.requestVote(RaftServerProtocolServiceGrpc.java:265)
	at org.apache.ratis.grpc.server.GrpcServerProtocolClient.requestVote(GrpcServerProtocolClient.java:99)
	at org.apache.ratis.grpc.server.GrpcService.requestVote(GrpcService.java:204)
	at org.apache.ratis.server.impl.LeaderElection.lambda$submitRequests$1(LeaderElection.java:234)
	at java.util.concurrent.FutureTask.run(FutureTask.java:266)
	at java.util.concurrent.Executors$RunnableAdapter.call(Executors.java:511)
	at java.util.concurrent.FutureTask.run(FutureTask.java:266)
	at java.util.concurrent.ThreadPoolExecutor.runWorker(ThreadPoolExecutor.java:1149)
	at java.util.concurrent.ThreadPoolExecutor$Worker.run(ThreadPoolExecutor.java:624)
	... 1 more
Caused by: org.apache.ratis.thirdparty.io.netty.channel.AbstractChannel$AnnotatedConnectException: Connection refused: /192.168.157.242:42362
	at sun.nio.ch.SocketChannelImpl.checkConnect(Native Method)
	at sun.nio.ch.SocketChannelImpl.finishConnect(SocketChannelImpl.java:717)
	at org.apache.ratis.thirdparty.io.netty.channel.socket.nio.NioSocketChannel.doFinishConnect(NioSocketChannel.java:327)
	at org.apache.ratis.thirdparty.io.netty.channel.nio.AbstractNioChannel$AbstractNioUnsafe.finishConnect(AbstractNioChannel.java:340)
	at org.apache.ratis.thirdparty.io.netty.channel.nio.NioEventLoop.processSelectedKey(NioEventLoop.java:632)
	at org.apache.ratis.thirdparty.io.netty.channel.nio.NioEventLoop.processSelectedKeysOptimized(NioEventLoop.java:579)
	at org.apache.ratis.thirdparty.io.netty.channel.nio.NioEventLoop.processSelectedKeys(NioEventLoop.java:496)
	at org.apache.ratis.thirdparty.io.netty.channel.nio.NioEventLoop.run(NioEventLoop.java:458)
	at org.apache.ratis.thirdparty.io.netty.util.concurrent.SingleThreadEventExecutor$5.run(SingleThreadEventExecutor.java:897)
	at org.apache.ratis.thirdparty.io.netty.util.concurrent.FastThreadLocalRunnable.run(FastThreadLocalRunnable.java:30)
	... 1 more
Caused by: java.net.ConnectException: Connection refused
	... 11 more
2019-10-19 01:26:51,582 [grpc-default-executor-4] INFO  impl.RaftServerImpl (RaftServerImpl.java:setRole(184)) - 774c78e1-8dd4-453d-975e-442189a07fe2@group-31C3DC938042: changes role from  FOLLOWER to FOLLOWER at term 189 for recognizeCandidate:8bce6a00-3bba-419d-83ac-b35141b6b559
2019-10-19 01:26:51,582 [grpc-default-executor-4] INFO  impl.RoleInfo (RoleInfo.java:shutdownFollowerState(121)) - 774c78e1-8dd4-453d-975e-442189a07fe2: shutdown FollowerState
2019-10-19 01:26:51,582 [grpc-default-executor-4] INFO  impl.RoleInfo (RoleInfo.java:updateAndGet(143)) - 774c78e1-8dd4-453d-975e-442189a07fe2: start FollowerState
2019-10-19 01:26:51,582 [Thread-1792] INFO  impl.FollowerState (FollowerState.java:run(117)) - 774c78e1-8dd4-453d-975e-442189a07fe2@group-31C3DC938042-FollowerState was interrupted: java.lang.InterruptedException: sleep interrupted
2019-10-19 01:26:51,615 [8bce6a00-3bba-419d-83ac-b35141b6b559@group-31C3DC938042-LeaderElection204] INFO  impl.LeaderElection (LeaderElection.java:logAndReturn(56)) - 8bce6a00-3bba-419d-83ac-b35141b6b559@group-31C3DC938042-LeaderElection204: Election REJECTED; received 1 response(s) [8bce6a00-3bba-419d-83ac-b35141b6b559<-774c78e1-8dd4-453d-975e-442189a07fe2#0:FAIL-t189] and 1 exception(s); 8bce6a00-3bba-419d-83ac-b35141b6b559@group-31C3DC938042:t189, leader=null, voted=8bce6a00-3bba-419d-83ac-b35141b6b559, raftlog=8bce6a00-3bba-419d-83ac-b35141b6b559@group-31C3DC938042-SegmentedRaftLog:OPENED:c-1,f-1,i0, conf=-1: [774c78e1-8dd4-453d-975e-442189a07fe2:192.168.157.242:38712, 7247ad7d-2ca2-4af8-9337-77c07ea89cb3:192.168.157.242:42362, 8bce6a00-3bba-419d-83ac-b35141b6b559:192.168.157.242:37801], old=null
2019-10-19 01:26:51,615 [8bce6a00-3bba-419d-83ac-b35141b6b559@group-31C3DC938042-LeaderElection204] INFO  impl.LeaderElection (LogUtils.java:infoOrTrace(149)) -   Exception 0: {}
java.util.concurrent.ExecutionException: org.apache.ratis.thirdparty.io.grpc.StatusRuntimeException: UNAVAILABLE: io exception
	at java.util.concurrent.FutureTask.report(FutureTask.java:122)
	at java.util.concurrent.FutureTask.get(FutureTask.java:192)
	at org.apache.ratis.server.impl.LeaderElection.waitForResults(LeaderElection.java:259)
	at org.apache.ratis.server.impl.LeaderElection.askForVotes(LeaderElection.java:197)
	at org.apache.ratis.server.impl.LeaderElection.run(LeaderElection.java:133)
	at java.lang.Thread.run(Thread.java:748)
Caused by: org.apache.ratis.thirdparty.io.grpc.StatusRuntimeException: UNAVAILABLE: io exception
	at org.apache.ratis.thirdparty.io.grpc.stub.ClientCalls.toStatusRuntimeException(ClientCalls.java:233)
	at org.apache.ratis.thirdparty.io.grpc.stub.ClientCalls.getUnchecked(ClientCalls.java:214)
	at org.apache.ratis.thirdparty.io.grpc.stub.ClientCalls.blockingUnaryCall(ClientCalls.java:139)
	at org.apache.ratis.proto.grpc.RaftServerProtocolServiceGrpc$RaftServerProtocolServiceBlockingStub.requestVote(RaftServerProtocolServiceGrpc.java:265)
	at org.apache.ratis.grpc.server.GrpcServerProtocolClient.requestVote(GrpcServerProtocolClient.java:99)
	at org.apache.ratis.grpc.server.GrpcService.requestVote(GrpcService.java:204)
	at org.apache.ratis.server.impl.LeaderElection.lambda$submitRequests$1(LeaderElection.java:234)
	at java.util.concurrent.FutureTask.run(FutureTask.java:266)
	at java.util.concurrent.Executors$RunnableAdapter.call(Executors.java:511)
	at java.util.concurrent.FutureTask.run(FutureTask.java:266)
	at java.util.concurrent.ThreadPoolExecutor.runWorker(ThreadPoolExecutor.java:1149)
	at java.util.concurrent.ThreadPoolExecutor$Worker.run(ThreadPoolExecutor.java:624)
	... 1 more
Caused by: org.apache.ratis.thirdparty.io.netty.channel.AbstractChannel$AnnotatedConnectException: Connection refused: /192.168.157.242:42362
	at sun.nio.ch.SocketChannelImpl.checkConnect(Native Method)
	at sun.nio.ch.SocketChannelImpl.finishConnect(SocketChannelImpl.java:717)
	at org.apache.ratis.thirdparty.io.netty.channel.socket.nio.NioSocketChannel.doFinishConnect(NioSocketChannel.java:327)
	at org.apache.ratis.thirdparty.io.netty.channel.nio.AbstractNioChannel$AbstractNioUnsafe.finishConnect(AbstractNioChannel.java:340)
	at org.apache.ratis.thirdparty.io.netty.channel.nio.NioEventLoop.processSelectedKey(NioEventLoop.java:632)
	at org.apache.ratis.thirdparty.io.netty.channel.nio.NioEventLoop.processSelectedKeysOptimized(NioEventLoop.java:579)
	at org.apache.ratis.thirdparty.io.netty.channel.nio.NioEventLoop.processSelectedKeys(NioEventLoop.java:496)
	at org.apache.ratis.thirdparty.io.netty.channel.nio.NioEventLoop.run(NioEventLoop.java:458)
	at org.apache.ratis.thirdparty.io.netty.util.concurrent.SingleThreadEventExecutor$5.run(SingleThreadEventExecutor.java:897)
	at org.apache.ratis.thirdparty.io.netty.util.concurrent.FastThreadLocalRunnable.run(FastThreadLocalRunnable.java:30)
	... 1 more
Caused by: java.net.ConnectException: Connection refused
	... 11 more
2019-10-19 01:26:51,615 [8bce6a00-3bba-419d-83ac-b35141b6b559@group-31C3DC938042-LeaderElection204] INFO  impl.RaftServerImpl (RaftServerImpl.java:setRole(184)) - 8bce6a00-3bba-419d-83ac-b35141b6b559@group-31C3DC938042: changes role from CANDIDATE to FOLLOWER at term 189 for DISCOVERED_A_NEW_TERM
2019-10-19 01:26:51,615 [8bce6a00-3bba-419d-83ac-b35141b6b559@group-31C3DC938042-LeaderElection204] INFO  impl.RoleInfo (RoleInfo.java:shutdownLeaderElection(134)) - 8bce6a00-3bba-419d-83ac-b35141b6b559: shutdown LeaderElection
2019-10-19 01:26:51,616 [8bce6a00-3bba-419d-83ac-b35141b6b559@group-31C3DC938042-LeaderElection204] INFO  impl.RoleInfo (RoleInfo.java:updateAndGet(143)) - 8bce6a00-3bba-419d-83ac-b35141b6b559: start FollowerState
2019-10-19 01:26:51,687 [main] INFO  ozoneimpl.OzoneContainer (OzoneContainer.java:stop(227)) - Attempting to stop container services.
2019-10-19 01:26:51,689 [main] INFO  impl.RaftServerProxy (RaftServerProxy.java:lambda$close$4(314)) - a47f4692-6292-482b-87e1-943728217a13: close
2019-10-19 01:26:51,689 [main] INFO  impl.RaftServerImpl (RaftServerImpl.java:lambda$shutdown$3(261)) - a47f4692-6292-482b-87e1-943728217a13@group-12F62FEB2D83: shutdown
2019-10-19 01:26:51,690 [main] INFO  util.JmxRegister (JmxRegister.java:unregister(73)) - Successfully un-registered JMX Bean with object name Ratis:service=RaftServer,group=group-12F62FEB2D83,id=a47f4692-6292-482b-87e1-943728217a13
2019-10-19 01:26:51,690 [main] INFO  impl.RoleInfo (RoleInfo.java:shutdownFollowerState(121)) - a47f4692-6292-482b-87e1-943728217a13: shutdown FollowerState
2019-10-19 01:26:51,690 [main] INFO  impl.StateMachineUpdater (StateMachineUpdater.java:stopAndJoin(136)) - a47f4692-6292-482b-87e1-943728217a13@group-12F62FEB2D83-StateMachineUpdater: set stopIndex = 4
2019-10-19 01:26:51,690 [Thread-1754] INFO  impl.FollowerState (FollowerState.java:run(117)) - a47f4692-6292-482b-87e1-943728217a13@group-12F62FEB2D83-FollowerState was interrupted: java.lang.InterruptedException: sleep interrupted
2019-10-19 01:26:51,690 [a47f4692-6292-482b-87e1-943728217a13@group-12F62FEB2D83-StateMachineUpdater] INFO  ratis.ContainerStateMachine (ContainerStateMachine.java:takeSnapshot(294)) - group-12F62FEB2D83: Taking a snapshot at:(t:10, i:3) file /workdir/hadoop-ozone/integration-test/target/test-dir/MiniOzoneClusterImpl-be769f72-d0ac-4a2c-8dca-159e9fc5eefe/datanode-8/data/ratis/bbab9873-e064-4dee-a03d-12f62feb2d83/sm/snapshot.10_3
2019-10-19 01:26:51,696 [a47f4692-6292-482b-87e1-943728217a13@group-12F62FEB2D83-StateMachineUpdater] INFO  ratis.ContainerStateMachine (ContainerStateMachine.java:takeSnapshot(305)) - group-12F62FEB2D83: Finished taking a snapshot at:(t:10, i:3) file:/workdir/hadoop-ozone/integration-test/target/test-dir/MiniOzoneClusterImpl-be769f72-d0ac-4a2c-8dca-159e9fc5eefe/datanode-8/data/ratis/bbab9873-e064-4dee-a03d-12f62feb2d83/sm/snapshot.10_3 time:6
2019-10-19 01:26:51,697 [a47f4692-6292-482b-87e1-943728217a13@group-12F62FEB2D83-StateMachineUpdater] INFO  impl.StateMachineUpdater (StateMachineUpdater.java:takeSnapshot(269)) - a47f4692-6292-482b-87e1-943728217a13@group-12F62FEB2D83-StateMachineUpdater: Took a snapshot at index 3
2019-10-19 01:26:51,697 [a47f4692-6292-482b-87e1-943728217a13@group-12F62FEB2D83-StateMachineUpdater] INFO  impl.StateMachineUpdater (StateMachineUpdater.java:lambda$new$0(84)) - a47f4692-6292-482b-87e1-943728217a13@group-12F62FEB2D83-StateMachineUpdater: snapshotIndex: updateIncreasingly -1 -> 3
2019-10-19 01:26:51,697 [a47f4692-6292-482b-87e1-943728217a13@group-12F62FEB2D83-StateMachineUpdater] INFO  ratis.ContainerStateMachine (ContainerStateMachine.java:takeSnapshot(294)) - group-12F62FEB2D83: Taking a snapshot at:(t:10, i:3) file /workdir/hadoop-ozone/integration-test/target/test-dir/MiniOzoneClusterImpl-be769f72-d0ac-4a2c-8dca-159e9fc5eefe/datanode-8/data/ratis/bbab9873-e064-4dee-a03d-12f62feb2d83/sm/snapshot.10_3
2019-10-19 01:26:51,711 [a47f4692-6292-482b-87e1-943728217a13@group-12F62FEB2D83-StateMachineUpdater] INFO  ratis.ContainerStateMachine (ContainerStateMachine.java:takeSnapshot(305)) - group-12F62FEB2D83: Finished taking a snapshot at:(t:10, i:3) file:/workdir/hadoop-ozone/integration-test/target/test-dir/MiniOzoneClusterImpl-be769f72-d0ac-4a2c-8dca-159e9fc5eefe/datanode-8/data/ratis/bbab9873-e064-4dee-a03d-12f62feb2d83/sm/snapshot.10_3 time:13
2019-10-19 01:26:51,711 [a47f4692-6292-482b-87e1-943728217a13@group-12F62FEB2D83-StateMachineUpdater] INFO  impl.StateMachineUpdater (StateMachineUpdater.java:takeSnapshot(269)) - a47f4692-6292-482b-87e1-943728217a13@group-12F62FEB2D83-StateMachineUpdater: Took a snapshot at index 3
2019-10-19 01:26:51,711 [a47f4692-6292-482b-87e1-943728217a13@group-12F62FEB2D83-StateMachineUpdater] INFO  impl.StateMachineUpdater (StateMachineUpdater.java:lambda$new$0(84)) - a47f4692-6292-482b-87e1-943728217a13@group-12F62FEB2D83-StateMachineUpdater: snapshotIndex: updateIncreasingly 3 -> 3
2019-10-19 01:26:51,711 [main] INFO  impl.RaftServerImpl (ServerState.java:close(388)) - a47f4692-6292-482b-87e1-943728217a13@group-12F62FEB2D83: closes. applyIndex: 4
2019-10-19 01:26:51,711 [ForkJoinPool.commonPool-worker-0] INFO  ozoneimpl.OzoneContainer (OzoneContainer.java:stop(227)) - Attempting to stop container services.
2019-10-19 01:26:51,712 [ForkJoinPool.commonPool-worker-0] INFO  impl.RaftServerProxy (RaftServerProxy.java:lambda$close$4(314)) - 8bce6a00-3bba-419d-83ac-b35141b6b559: close
2019-10-19 01:26:51,712 [a47f4692-6292-482b-87e1-943728217a13@group-12F62FEB2D83-SegmentedRaftLogWorker] INFO  segmented.SegmentedRaftLogWorker (SegmentedRaftLogWorker.java:run(316)) - a47f4692-6292-482b-87e1-943728217a13@group-12F62FEB2D83-SegmentedRaftLogWorker was interrupted, exiting. There are 0 tasks remaining in the queue.
2019-10-19 01:26:51,712 [ForkJoinPool.commonPool-worker-0] INFO  impl.RaftServerImpl (RaftServerImpl.java:lambda$shutdown$3(261)) - 8bce6a00-3bba-419d-83ac-b35141b6b559@group-FAD52EF9DE2D: shutdown
2019-10-19 01:26:51,715 [ForkJoinPool.commonPool-worker-0] INFO  util.JmxRegister (JmxRegister.java:unregister(73)) - Successfully un-registered JMX Bean with object name Ratis:service=RaftServer,group=group-FAD52EF9DE2D,id=8bce6a00-3bba-419d-83ac-b35141b6b559
2019-10-19 01:26:51,715 [main] INFO  segmented.SegmentedRaftLogWorker (SegmentedRaftLogWorker.java:close(224)) - a47f4692-6292-482b-87e1-943728217a13@group-12F62FEB2D83-SegmentedRaftLogWorker close()
2019-10-19 01:26:51,715 [ForkJoinPool.commonPool-worker-0] INFO  impl.RoleInfo (RoleInfo.java:shutdownLeaderState(104)) - 8bce6a00-3bba-419d-83ac-b35141b6b559: shutdown LeaderState
2019-10-19 01:26:51,717 [main] INFO  impl.RaftServerImpl (RaftServerImpl.java:lambda$shutdown$3(261)) - a47f4692-6292-482b-87e1-943728217a13@group-C0E80F0EEB3E: shutdown
2019-10-19 01:26:51,718 [ForkJoinPool.commonPool-worker-0] INFO  impl.PendingRequests (PendingRequests.java:sendNotLeaderResponses(202)) - 8bce6a00-3bba-419d-83ac-b35141b6b559@group-FAD52EF9DE2D-PendingRequests: sendNotLeaderResponses
2019-10-19 01:26:51,718 [main] INFO  util.JmxRegister (JmxRegister.java:unregister(73)) - Successfully un-registered JMX Bean with object name Ratis:service=RaftServer,group=group-C0E80F0EEB3E,id=a47f4692-6292-482b-87e1-943728217a13
2019-10-19 01:26:51,718 [ForkJoinPool.commonPool-worker-0] INFO  impl.StateMachineUpdater (StateMachineUpdater.java:stopAndJoin(136)) - 8bce6a00-3bba-419d-83ac-b35141b6b559@group-FAD52EF9DE2D-StateMachineUpdater: set stopIndex = 0
2019-10-19 01:26:51,718 [main] INFO  impl.RoleInfo (RoleInfo.java:shutdownLeaderState(104)) - a47f4692-6292-482b-87e1-943728217a13: shutdown LeaderState
2019-10-19 01:26:51,718 [ForkJoinPool.commonPool-worker-0] INFO  impl.RaftServerImpl (ServerState.java:close(388)) - 8bce6a00-3bba-419d-83ac-b35141b6b559@group-FAD52EF9DE2D: closes. applyIndex: 0
2019-10-19 01:26:51,719 [main] INFO  impl.PendingRequests (PendingRequests.java:sendNotLeaderResponses(202)) - a47f4692-6292-482b-87e1-943728217a13@group-C0E80F0EEB3E-PendingRequests: sendNotLeaderResponses
2019-10-19 01:26:51,719 [8bce6a00-3bba-419d-83ac-b35141b6b559@group-FAD52EF9DE2D-SegmentedRaftLogWorker] INFO  segmented.SegmentedRaftLogWorker (SegmentedRaftLogWorker.java:run(316)) - 8bce6a00-3bba-419d-83ac-b35141b6b559@group-FAD52EF9DE2D-SegmentedRaftLogWorker was interrupted, exiting. There are 0 tasks remaining in the queue.
2019-10-19 01:26:51,719 [main] INFO  impl.StateMachineUpdater (StateMachineUpdater.java:stopAndJoin(136)) - a47f4692-6292-482b-87e1-943728217a13@group-C0E80F0EEB3E-StateMachineUpdater: set stopIndex = 0
2019-10-19 01:26:51,720 [ForkJoinPool.commonPool-worker-0] INFO  segmented.SegmentedRaftLogWorker (SegmentedRaftLogWorker.java:close(224)) - 8bce6a00-3bba-419d-83ac-b35141b6b559@group-FAD52EF9DE2D-SegmentedRaftLogWorker close()
2019-10-19 01:26:51,721 [main] INFO  impl.RaftServerImpl (ServerState.java:close(388)) - a47f4692-6292-482b-87e1-943728217a13@group-C0E80F0EEB3E: closes. applyIndex: 0
2019-10-19 01:26:51,733 [ForkJoinPool.commonPool-worker-0] INFO  impl.RaftServerImpl (RaftServerImpl.java:lambda$shutdown$3(261)) - 8bce6a00-3bba-419d-83ac-b35141b6b559@group-31C3DC938042: shutdown
2019-10-19 01:26:51,733 [a47f4692-6292-482b-87e1-943728217a13@group-C0E80F0EEB3E-SegmentedRaftLogWorker] INFO  segmented.SegmentedRaftLogWorker (SegmentedRaftLogWorker.java:run(316)) - a47f4692-6292-482b-87e1-943728217a13@group-C0E80F0EEB3E-SegmentedRaftLogWorker was interrupted, exiting. There are 0 tasks remaining in the queue.
2019-10-19 01:26:51,733 [ForkJoinPool.commonPool-worker-0] INFO  util.JmxRegister (JmxRegister.java:unregister(73)) - Successfully un-registered JMX Bean with object name Ratis:service=RaftServer,group=group-31C3DC938042,id=8bce6a00-3bba-419d-83ac-b35141b6b559
2019-10-19 01:26:51,733 [ForkJoinPool.commonPool-worker-0] INFO  impl.RoleInfo (RoleInfo.java:shutdownFollowerState(121)) - 8bce6a00-3bba-419d-83ac-b35141b6b559: shutdown FollowerState
2019-10-19 01:26:51,733 [main] INFO  segmented.SegmentedRaftLogWorker (SegmentedRaftLogWorker.java:close(224)) - a47f4692-6292-482b-87e1-943728217a13@group-C0E80F0EEB3E-SegmentedRaftLogWorker close()
2019-10-19 01:26:51,734 [Thread-1798] INFO  impl.FollowerState (FollowerState.java:run(117)) - 8bce6a00-3bba-419d-83ac-b35141b6b559@group-31C3DC938042-FollowerState was interrupted: java.lang.InterruptedException: sleep interrupted
2019-10-19 01:26:51,733 [ForkJoinPool.commonPool-worker-0] INFO  impl.StateMachineUpdater (StateMachineUpdater.java:stopAndJoin(136)) - 8bce6a00-3bba-419d-83ac-b35141b6b559@group-31C3DC938042-StateMachineUpdater: set stopIndex = -1
2019-10-19 01:26:51,735 [main] INFO  server.GrpcService (GrpcService.java:closeImpl(164)) - a47f4692-6292-482b-87e1-943728217a13: shutdown server with port 34977 now
2019-10-19 01:26:51,735 [ForkJoinPool.commonPool-worker-0] INFO  impl.RaftServerImpl (ServerState.java:close(388)) - 8bce6a00-3bba-419d-83ac-b35141b6b559@group-31C3DC938042: closes. applyIndex: -1
2019-10-19 01:26:51,736 [8bce6a00-3bba-419d-83ac-b35141b6b559@group-31C3DC938042-SegmentedRaftLogWorker] INFO  segmented.SegmentedRaftLogWorker (SegmentedRaftLogWorker.java:run(316)) - 8bce6a00-3bba-419d-83ac-b35141b6b559@group-31C3DC938042-SegmentedRaftLogWorker was interrupted, exiting. There are 0 tasks remaining in the queue.
2019-10-19 01:26:51,736 [ForkJoinPool.commonPool-worker-0] INFO  segmented.SegmentedRaftLogWorker (SegmentedRaftLogWorker.java:close(224)) - 8bce6a00-3bba-419d-83ac-b35141b6b559@group-31C3DC938042-SegmentedRaftLogWorker close()
2019-10-19 01:26:51,736 [main] INFO  server.GrpcService (GrpcService.java:closeImpl(172)) - a47f4692-6292-482b-87e1-943728217a13: shutdown server with port 34977 successfully
2019-10-19 01:26:51,737 [ForkJoinPool.commonPool-worker-0] INFO  server.GrpcService (GrpcService.java:closeImpl(164)) - 8bce6a00-3bba-419d-83ac-b35141b6b559: shutdown server with port 37801 now
2019-10-19 01:26:51,739 [ForkJoinPool.commonPool-worker-0] INFO  server.GrpcService (GrpcService.java:closeImpl(172)) - 8bce6a00-3bba-419d-83ac-b35141b6b559: shutdown server with port 37801 successfully
2019-10-19 01:26:51,742 [refreshUsed-/workdir/hadoop-ozone/integration-test/target/test-dir/MiniOzoneClusterImpl-be769f72-d0ac-4a2c-8dca-159e9fc5eefe/datanode-4/data/containers] WARN  fs.CachingGetSpaceUsed (CachingGetSpaceUsed.java:run(183)) - Thread Interrupted waiting to refresh disk information: sleep interrupted
2019-10-19 01:26:51,742 [refreshUsed-/workdir/hadoop-ozone/integration-test/target/test-dir/MiniOzoneClusterImpl-be769f72-d0ac-4a2c-8dca-159e9fc5eefe/datanode-8/data/containers] WARN  fs.CachingGetSpaceUsed (CachingGetSpaceUsed.java:run(183)) - Thread Interrupted waiting to refresh disk information: sleep interrupted
2019-10-19 01:26:51,763 [ForkJoinPool.commonPool-worker-0] INFO  utils.BackgroundService (BackgroundService.java:shutdown(151)) - Shutting down service BlockDeletingService
2019-10-19 01:26:51,766 [main] INFO  utils.BackgroundService (BackgroundService.java:shutdown(151)) - Shutting down service BlockDeletingService
2019-10-19 01:26:51,767 [ForkJoinPool.commonPool-worker-0] INFO  statemachine.DatanodeStateMachine (DatanodeStateMachine.java:stopDaemon(395)) - Ozone container server stopped.
2019-10-19 01:26:51,772 [main] INFO  statemachine.DatanodeStateMachine (DatanodeStateMachine.java:stopDaemon(395)) - Ozone container server stopped.
2019-10-19 01:26:51,774 [ForkJoinPool.commonPool-worker-0] INFO  handler.ContextHandler (ContextHandler.java:doStop(910)) - Stopped o.e.j.w.WebAppContext@588f63c{/,null,UNAVAILABLE}{/hddsDatanode}
2019-10-19 01:26:51,774 [main] INFO  handler.ContextHandler (ContextHandler.java:doStop(910)) - Stopped o.e.j.w.WebAppContext@57272109{/,null,UNAVAILABLE}{/hddsDatanode}
2019-10-19 01:26:51,775 [ForkJoinPool.commonPool-worker-0] INFO  server.AbstractConnector (AbstractConnector.java:doStop(318)) - Stopped ServerConnector@5a6fa56e{HTTP/1.1,[http/1.1]}{0.0.0.0:0}
2019-10-19 01:26:51,775 [main] INFO  server.AbstractConnector (AbstractConnector.java:doStop(318)) - Stopped ServerConnector@59696551{HTTP/1.1,[http/1.1]}{0.0.0.0:0}
2019-10-19 01:26:51,776 [ForkJoinPool.commonPool-worker-0] INFO  handler.ContextHandler (ContextHandler.java:doStop(910)) - Stopped o.e.j.s.ServletContextHandler@32e54a9d{/static,jar:file:/home/user/.m2/repository/org/apache/hadoop/hadoop-hdds-container-service/0.5.0-SNAPSHOT/hadoop-hdds-container-service-0.5.0-SNAPSHOT.jar!/webapps/static,UNAVAILABLE}
2019-10-19 01:26:51,777 [main] INFO  handler.ContextHandler (ContextHandler.java:doStop(910)) - Stopped o.e.j.s.ServletContextHandler@66b59b7d{/static,jar:file:/home/user/.m2/repository/org/apache/hadoop/hadoop-hdds-container-service/0.5.0-SNAPSHOT/hadoop-hdds-container-service-0.5.0-SNAPSHOT.jar!/webapps/static,UNAVAILABLE}
2019-10-19 01:26:51,777 [ForkJoinPool.commonPool-worker-0] INFO  handler.ContextHandler (ContextHandler.java:doStop(910)) - Stopped o.e.j.s.ServletContextHandler@7100dea{/logs,file:///workdir/hadoop-ozone/integration-test/target/log,UNAVAILABLE}
2019-10-19 01:26:51,778 [main] INFO  handler.ContextHandler (ContextHandler.java:doStop(910)) - Stopped o.e.j.s.ServletContextHandler@6edf29c1{/logs,file:///workdir/hadoop-ozone/integration-test/target/log,UNAVAILABLE}
2019-10-19 01:26:51,841 [Datanode State Machine Thread - 0] INFO  statemachine.DatanodeStateMachine (DatanodeStateMachine.java:lambda$startDaemon$0(350)) - Ozone container server started.
2019-10-19 01:26:52,111 [Datanode State Machine Thread - 0] INFO  statemachine.DatanodeStateMachine (DatanodeStateMachine.java:lambda$startDaemon$0(350)) - Ozone container server started.
2019-10-19 01:26:52,139 [java.util.concurrent.ThreadPoolExecutor$Worker@7e604fd[State = -1, empty queue]] WARN  server.GrpcLogAppender (GrpcLogAppender.java:timeoutAppendRequest(209)) - 964c97d4-fbb7-48cf-b727-382e7669b5e9@group-F842E1832D96->236187ad-c3a6-4195-8acc-6254fb470a95-GrpcLogAppender: appendEntries Timeout, request=964c97d4-fbb7-48cf-b727-382e7669b5e9->236187ad-c3a6-4195-8acc-6254fb470a95#2-t7, previous=(t:6, i:16), leaderCommit=18, initializing? false, entries: <empty>
2019-10-19 01:26:52,740 [Thread-1797] INFO  impl.FollowerState (FollowerState.java:run(108)) - 774c78e1-8dd4-453d-975e-442189a07fe2@group-31C3DC938042-FollowerState: change to CANDIDATE, lastRpcTime:1157ms, electionTimeout:1157ms
2019-10-19 01:26:52,740 [Thread-1797] INFO  impl.RoleInfo (RoleInfo.java:shutdownFollowerState(121)) - 774c78e1-8dd4-453d-975e-442189a07fe2: shutdown FollowerState
2019-10-19 01:26:52,740 [Thread-1797] INFO  impl.RaftServerImpl (RaftServerImpl.java:setRole(184)) - 774c78e1-8dd4-453d-975e-442189a07fe2@group-31C3DC938042: changes role from  FOLLOWER to CANDIDATE at term 189 for changeToCandidate
2019-10-19 01:26:52,740 [Thread-1797] INFO  impl.RoleInfo (RoleInfo.java:updateAndGet(143)) - 774c78e1-8dd4-453d-975e-442189a07fe2: start LeaderElection
2019-10-19 01:26:52,753 [774c78e1-8dd4-453d-975e-442189a07fe2@group-31C3DC938042-LeaderElection205] INFO  impl.LeaderElection (LeaderElection.java:askForVotes(178)) - 774c78e1-8dd4-453d-975e-442189a07fe2@group-31C3DC938042-LeaderElection205: begin an election at term 190 for 0: [774c78e1-8dd4-453d-975e-442189a07fe2:192.168.157.242:38712, 7247ad7d-2ca2-4af8-9337-77c07ea89cb3:192.168.157.242:42362, 8bce6a00-3bba-419d-83ac-b35141b6b559:192.168.157.242:37801], old=null
2019-10-19 01:26:52,756 [774c78e1-8dd4-453d-975e-442189a07fe2@group-31C3DC938042-LeaderElection205] INFO  impl.LeaderElection (LogUtils.java:infoOrTrace(149)) - 774c78e1-8dd4-453d-975e-442189a07fe2@group-31C3DC938042-LeaderElection205 got exception when requesting votes: {}
java.util.concurrent.ExecutionException: org.apache.ratis.thirdparty.io.grpc.StatusRuntimeException: UNAVAILABLE: io exception
	at java.util.concurrent.FutureTask.report(FutureTask.java:122)
	at java.util.concurrent.FutureTask.get(FutureTask.java:192)
	at org.apache.ratis.server.impl.LeaderElection.waitForResults(LeaderElection.java:259)
	at org.apache.ratis.server.impl.LeaderElection.askForVotes(LeaderElection.java:197)
	at org.apache.ratis.server.impl.LeaderElection.run(LeaderElection.java:133)
	at java.lang.Thread.run(Thread.java:748)
Caused by: org.apache.ratis.thirdparty.io.grpc.StatusRuntimeException: UNAVAILABLE: io exception
	at org.apache.ratis.thirdparty.io.grpc.stub.ClientCalls.toStatusRuntimeException(ClientCalls.java:233)
	at org.apache.ratis.thirdparty.io.grpc.stub.ClientCalls.getUnchecked(ClientCalls.java:214)
	at org.apache.ratis.thirdparty.io.grpc.stub.ClientCalls.blockingUnaryCall(ClientCalls.java:139)
	at org.apache.ratis.proto.grpc.RaftServerProtocolServiceGrpc$RaftServerProtocolServiceBlockingStub.requestVote(RaftServerProtocolServiceGrpc.java:265)
	at org.apache.ratis.grpc.server.GrpcServerProtocolClient.requestVote(GrpcServerProtocolClient.java:99)
	at org.apache.ratis.grpc.server.GrpcService.requestVote(GrpcService.java:204)
	at org.apache.ratis.server.impl.LeaderElection.lambda$submitRequests$1(LeaderElection.java:234)
	at java.util.concurrent.FutureTask.run(FutureTask.java:266)
	at java.util.concurrent.Executors$RunnableAdapter.call(Executors.java:511)
	at java.util.concurrent.FutureTask.run(FutureTask.java:266)
	at java.util.concurrent.ThreadPoolExecutor.runWorker(ThreadPoolExecutor.java:1149)
	at java.util.concurrent.ThreadPoolExecutor$Worker.run(ThreadPoolExecutor.java:624)
	... 1 more
Caused by: org.apache.ratis.thirdparty.io.netty.channel.AbstractChannel$AnnotatedConnectException: Connection refused: /192.168.157.242:37801
	at sun.nio.ch.SocketChannelImpl.checkConnect(Native Method)
	at sun.nio.ch.SocketChannelImpl.finishConnect(SocketChannelImpl.java:717)
	at org.apache.ratis.thirdparty.io.netty.channel.socket.nio.NioSocketChannel.doFinishConnect(NioSocketChannel.java:327)
	at org.apache.ratis.thirdparty.io.netty.channel.nio.AbstractNioChannel$AbstractNioUnsafe.finishConnect(AbstractNioChannel.java:340)
	at org.apache.ratis.thirdparty.io.netty.channel.nio.NioEventLoop.processSelectedKey(NioEventLoop.java:632)
	at org.apache.ratis.thirdparty.io.netty.channel.nio.NioEventLoop.processSelectedKeysOptimized(NioEventLoop.java:579)
	at org.apache.ratis.thirdparty.io.netty.channel.nio.NioEventLoop.processSelectedKeys(NioEventLoop.java:496)
	at org.apache.ratis.thirdparty.io.netty.channel.nio.NioEventLoop.run(NioEventLoop.java:458)
	at org.apache.ratis.thirdparty.io.netty.util.concurrent.SingleThreadEventExecutor$5.run(SingleThreadEventExecutor.java:897)
	at org.apache.ratis.thirdparty.io.netty.util.concurrent.FastThreadLocalRunnable.run(FastThreadLocalRunnable.java:30)
	... 1 more
Caused by: java.net.ConnectException: Connection refused
	... 11 more
2019-10-19 01:26:52,757 [774c78e1-8dd4-453d-975e-442189a07fe2@group-31C3DC938042-LeaderElection205] INFO  impl.LeaderElection (LogUtils.java:infoOrTrace(149)) - 774c78e1-8dd4-453d-975e-442189a07fe2@group-31C3DC938042-LeaderElection205 got exception when requesting votes: {}
java.util.concurrent.ExecutionException: org.apache.ratis.thirdparty.io.grpc.StatusRuntimeException: UNAVAILABLE: io exception
	at java.util.concurrent.FutureTask.report(FutureTask.java:122)
	at java.util.concurrent.FutureTask.get(FutureTask.java:192)
	at org.apache.ratis.server.impl.LeaderElection.waitForResults(LeaderElection.java:259)
	at org.apache.ratis.server.impl.LeaderElection.askForVotes(LeaderElection.java:197)
	at org.apache.ratis.server.impl.LeaderElection.run(LeaderElection.java:133)
	at java.lang.Thread.run(Thread.java:748)
Caused by: org.apache.ratis.thirdparty.io.grpc.StatusRuntimeException: UNAVAILABLE: io exception
	at org.apache.ratis.thirdparty.io.grpc.stub.ClientCalls.toStatusRuntimeException(ClientCalls.java:233)
	at org.apache.ratis.thirdparty.io.grpc.stub.ClientCalls.getUnchecked(ClientCalls.java:214)
	at org.apache.ratis.thirdparty.io.grpc.stub.ClientCalls.blockingUnaryCall(ClientCalls.java:139)
	at org.apache.ratis.proto.grpc.RaftServerProtocolServiceGrpc$RaftServerProtocolServiceBlockingStub.requestVote(RaftServerProtocolServiceGrpc.java:265)
	at org.apache.ratis.grpc.server.GrpcServerProtocolClient.requestVote(GrpcServerProtocolClient.java:99)
	at org.apache.ratis.grpc.server.GrpcService.requestVote(GrpcService.java:204)
	at org.apache.ratis.server.impl.LeaderElection.lambda$submitRequests$1(LeaderElection.java:234)
	at java.util.concurrent.FutureTask.run(FutureTask.java:266)
	at java.util.concurrent.Executors$RunnableAdapter.call(Executors.java:511)
	at java.util.concurrent.FutureTask.run(FutureTask.java:266)
	at java.util.concurrent.ThreadPoolExecutor.runWorker(ThreadPoolExecutor.java:1149)
	at java.util.concurrent.ThreadPoolExecutor$Worker.run(ThreadPoolExecutor.java:624)
	... 1 more
Caused by: org.apache.ratis.thirdparty.io.netty.channel.AbstractChannel$AnnotatedConnectException: Connection refused: /192.168.157.242:42362
	at sun.nio.ch.SocketChannelImpl.checkConnect(Native Method)
	at sun.nio.ch.SocketChannelImpl.finishConnect(SocketChannelImpl.java:717)
	at org.apache.ratis.thirdparty.io.netty.channel.socket.nio.NioSocketChannel.doFinishConnect(NioSocketChannel.java:327)
	at org.apache.ratis.thirdparty.io.netty.channel.nio.AbstractNioChannel$AbstractNioUnsafe.finishConnect(AbstractNioChannel.java:340)
	at org.apache.ratis.thirdparty.io.netty.channel.nio.NioEventLoop.processSelectedKey(NioEventLoop.java:632)
	at org.apache.ratis.thirdparty.io.netty.channel.nio.NioEventLoop.processSelectedKeysOptimized(NioEventLoop.java:579)
	at org.apache.ratis.thirdparty.io.netty.channel.nio.NioEventLoop.processSelectedKeys(NioEventLoop.java:496)
	at org.apache.ratis.thirdparty.io.netty.channel.nio.NioEventLoop.run(NioEventLoop.java:458)
	at org.apache.ratis.thirdparty.io.netty.util.concurrent.SingleThreadEventExecutor$5.run(SingleThreadEventExecutor.java:897)
	at org.apache.ratis.thirdparty.io.netty.util.concurrent.FastThreadLocalRunnable.run(FastThreadLocalRunnable.java:30)
	... 1 more
Caused by: java.net.ConnectException: Connection refused
	... 11 more
2019-10-19 01:26:52,757 [774c78e1-8dd4-453d-975e-442189a07fe2@group-31C3DC938042-LeaderElection205] INFO  impl.LeaderElection (LeaderElection.java:logAndReturn(56)) - 774c78e1-8dd4-453d-975e-442189a07fe2@group-31C3DC938042-LeaderElection205: Election REJECTED; received 0 response(s) [] and 2 exception(s); 774c78e1-8dd4-453d-975e-442189a07fe2@group-31C3DC938042:t190, leader=null, voted=774c78e1-8dd4-453d-975e-442189a07fe2, raftlog=774c78e1-8dd4-453d-975e-442189a07fe2@group-31C3DC938042-SegmentedRaftLog:OPENED:c-1,f0,i0, conf=0: [774c78e1-8dd4-453d-975e-442189a07fe2:192.168.157.242:38712, 7247ad7d-2ca2-4af8-9337-77c07ea89cb3:192.168.157.242:42362, 8bce6a00-3bba-419d-83ac-b35141b6b559:192.168.157.242:37801], old=null
2019-10-19 01:26:52,758 [774c78e1-8dd4-453d-975e-442189a07fe2@group-31C3DC938042-LeaderElection205] INFO  impl.LeaderElection (LogUtils.java:infoOrTrace(149)) -   Exception 0: {}
java.util.concurrent.ExecutionException: org.apache.ratis.thirdparty.io.grpc.StatusRuntimeException: UNAVAILABLE: io exception
	at java.util.concurrent.FutureTask.report(FutureTask.java:122)
	at java.util.concurrent.FutureTask.get(FutureTask.java:192)
	at org.apache.ratis.server.impl.LeaderElection.waitForResults(LeaderElection.java:259)
	at org.apache.ratis.server.impl.LeaderElection.askForVotes(LeaderElection.java:197)
	at org.apache.ratis.server.impl.LeaderElection.run(LeaderElection.java:133)
	at java.lang.Thread.run(Thread.java:748)
Caused by: org.apache.ratis.thirdparty.io.grpc.StatusRuntimeException: UNAVAILABLE: io exception
	at org.apache.ratis.thirdparty.io.grpc.stub.ClientCalls.toStatusRuntimeException(ClientCalls.java:233)
	at org.apache.ratis.thirdparty.io.grpc.stub.ClientCalls.getUnchecked(ClientCalls.java:214)
	at org.apache.ratis.thirdparty.io.grpc.stub.ClientCalls.blockingUnaryCall(ClientCalls.java:139)
	at org.apache.ratis.proto.grpc.RaftServerProtocolServiceGrpc$RaftServerProtocolServiceBlockingStub.requestVote(RaftServerProtocolServiceGrpc.java:265)
	at org.apache.ratis.grpc.server.GrpcServerProtocolClient.requestVote(GrpcServerProtocolClient.java:99)
	at org.apache.ratis.grpc.server.GrpcService.requestVote(GrpcService.java:204)
	at org.apache.ratis.server.impl.LeaderElection.lambda$submitRequests$1(LeaderElection.java:234)
	at java.util.concurrent.FutureTask.run(FutureTask.java:266)
	at java.util.concurrent.Executors$RunnableAdapter.call(Executors.java:511)
	at java.util.concurrent.FutureTask.run(FutureTask.java:266)
	at java.util.concurrent.ThreadPoolExecutor.runWorker(ThreadPoolExecutor.java:1149)
	at java.util.concurrent.ThreadPoolExecutor$Worker.run(ThreadPoolExecutor.java:624)
	... 1 more
Caused by: org.apache.ratis.thirdparty.io.netty.channel.AbstractChannel$AnnotatedConnectException: Connection refused: /192.168.157.242:37801
	at sun.nio.ch.SocketChannelImpl.checkConnect(Native Method)
	at sun.nio.ch.SocketChannelImpl.finishConnect(SocketChannelImpl.java:717)
	at org.apache.ratis.thirdparty.io.netty.channel.socket.nio.NioSocketChannel.doFinishConnect(NioSocketChannel.java:327)
	at org.apache.ratis.thirdparty.io.netty.channel.nio.AbstractNioChannel$AbstractNioUnsafe.finishConnect(AbstractNioChannel.java:340)
	at org.apache.ratis.thirdparty.io.netty.channel.nio.NioEventLoop.processSelectedKey(NioEventLoop.java:632)
	at org.apache.ratis.thirdparty.io.netty.channel.nio.NioEventLoop.processSelectedKeysOptimized(NioEventLoop.java:579)
	at org.apache.ratis.thirdparty.io.netty.channel.nio.NioEventLoop.processSelectedKeys(NioEventLoop.java:496)
	at org.apache.ratis.thirdparty.io.netty.channel.nio.NioEventLoop.run(NioEventLoop.java:458)
	at org.apache.ratis.thirdparty.io.netty.util.concurrent.SingleThreadEventExecutor$5.run(SingleThreadEventExecutor.java:897)
	at org.apache.ratis.thirdparty.io.netty.util.concurrent.FastThreadLocalRunnable.run(FastThreadLocalRunnable.java:30)
	... 1 more
Caused by: java.net.ConnectException: Connection refused
	... 11 more
2019-10-19 01:26:52,758 [774c78e1-8dd4-453d-975e-442189a07fe2@group-31C3DC938042-LeaderElection205] INFO  impl.LeaderElection (LogUtils.java:infoOrTrace(149)) -   Exception 1: {}
java.util.concurrent.ExecutionException: org.apache.ratis.thirdparty.io.grpc.StatusRuntimeException: UNAVAILABLE: io exception
	at java.util.concurrent.FutureTask.report(FutureTask.java:122)
	at java.util.concurrent.FutureTask.get(FutureTask.java:192)
	at org.apache.ratis.server.impl.LeaderElection.waitForResults(LeaderElection.java:259)
	at org.apache.ratis.server.impl.LeaderElection.askForVotes(LeaderElection.java:197)
	at org.apache.ratis.server.impl.LeaderElection.run(LeaderElection.java:133)
	at java.lang.Thread.run(Thread.java:748)
Caused by: org.apache.ratis.thirdparty.io.grpc.StatusRuntimeException: UNAVAILABLE: io exception
	at org.apache.ratis.thirdparty.io.grpc.stub.ClientCalls.toStatusRuntimeException(ClientCalls.java:233)
	at org.apache.ratis.thirdparty.io.grpc.stub.ClientCalls.getUnchecked(ClientCalls.java:214)
	at org.apache.ratis.thirdparty.io.grpc.stub.ClientCalls.blockingUnaryCall(ClientCalls.java:139)
	at org.apache.ratis.proto.grpc.RaftServerProtocolServiceGrpc$RaftServerProtocolServiceBlockingStub.requestVote(RaftServerProtocolServiceGrpc.java:265)
	at org.apache.ratis.grpc.server.GrpcServerProtocolClient.requestVote(GrpcServerProtocolClient.java:99)
	at org.apache.ratis.grpc.server.GrpcService.requestVote(GrpcService.java:204)
	at org.apache.ratis.server.impl.LeaderElection.lambda$submitRequests$1(LeaderElection.java:234)
	at java.util.concurrent.FutureTask.run(FutureTask.java:266)
	at java.util.concurrent.Executors$RunnableAdapter.call(Executors.java:511)
	at java.util.concurrent.FutureTask.run(FutureTask.java:266)
	at java.util.concurrent.ThreadPoolExecutor.runWorker(ThreadPoolExecutor.java:1149)
	at java.util.concurrent.ThreadPoolExecutor$Worker.run(ThreadPoolExecutor.java:624)
	... 1 more
Caused by: org.apache.ratis.thirdparty.io.netty.channel.AbstractChannel$AnnotatedConnectException: Connection refused: /192.168.157.242:42362
	at sun.nio.ch.SocketChannelImpl.checkConnect(Native Method)
	at sun.nio.ch.SocketChannelImpl.finishConnect(SocketChannelImpl.java:717)
	at org.apache.ratis.thirdparty.io.netty.channel.socket.nio.NioSocketChannel.doFinishConnect(NioSocketChannel.java:327)
	at org.apache.ratis.thirdparty.io.netty.channel.nio.AbstractNioChannel$AbstractNioUnsafe.finishConnect(AbstractNioChannel.java:340)
	at org.apache.ratis.thirdparty.io.netty.channel.nio.NioEventLoop.processSelectedKey(NioEventLoop.java:632)
	at org.apache.ratis.thirdparty.io.netty.channel.nio.NioEventLoop.processSelectedKeysOptimized(NioEventLoop.java:579)
	at org.apache.ratis.thirdparty.io.netty.channel.nio.NioEventLoop.processSelectedKeys(NioEventLoop.java:496)
	at org.apache.ratis.thirdparty.io.netty.channel.nio.NioEventLoop.run(NioEventLoop.java:458)
	at org.apache.ratis.thirdparty.io.netty.util.concurrent.SingleThreadEventExecutor$5.run(SingleThreadEventExecutor.java:897)
	at org.apache.ratis.thirdparty.io.netty.util.concurrent.FastThreadLocalRunnable.run(FastThreadLocalRunnable.java:30)
	... 1 more
Caused by: java.net.ConnectException: Connection refused
	... 11 more
2019-10-19 01:26:52,758 [774c78e1-8dd4-453d-975e-442189a07fe2@group-31C3DC938042-LeaderElection205] INFO  impl.RaftServerImpl (RaftServerImpl.java:setRole(184)) - 774c78e1-8dd4-453d-975e-442189a07fe2@group-31C3DC938042: changes role from CANDIDATE to FOLLOWER at term 190 for DISCOVERED_A_NEW_TERM
2019-10-19 01:26:52,758 [774c78e1-8dd4-453d-975e-442189a07fe2@group-31C3DC938042-LeaderElection205] INFO  impl.RoleInfo (RoleInfo.java:shutdownLeaderElection(134)) - 774c78e1-8dd4-453d-975e-442189a07fe2: shutdown LeaderElection
2019-10-19 01:26:52,758 [774c78e1-8dd4-453d-975e-442189a07fe2@group-31C3DC938042-LeaderElection205] INFO  impl.RoleInfo (RoleInfo.java:updateAndGet(143)) - 774c78e1-8dd4-453d-975e-442189a07fe2: start FollowerState
2019-10-19 01:26:53,812 [Thread-1805] INFO  impl.FollowerState (FollowerState.java:run(108)) - 774c78e1-8dd4-453d-975e-442189a07fe2@group-31C3DC938042-FollowerState: change to CANDIDATE, lastRpcTime:1053ms, electionTimeout:1053ms
2019-10-19 01:26:53,812 [Thread-1805] INFO  impl.RoleInfo (RoleInfo.java:shutdownFollowerState(121)) - 774c78e1-8dd4-453d-975e-442189a07fe2: shutdown FollowerState
2019-10-19 01:26:53,812 [Thread-1805] INFO  impl.RaftServerImpl (RaftServerImpl.java:setRole(184)) - 774c78e1-8dd4-453d-975e-442189a07fe2@group-31C3DC938042: changes role from  FOLLOWER to CANDIDATE at term 190 for changeToCandidate
2019-10-19 01:26:53,812 [Thread-1805] INFO  impl.RoleInfo (RoleInfo.java:updateAndGet(143)) - 774c78e1-8dd4-453d-975e-442189a07fe2: start LeaderElection
2019-10-19 01:26:53,834 [774c78e1-8dd4-453d-975e-442189a07fe2@group-31C3DC938042-LeaderElection206] INFO  impl.LeaderElection (LeaderElection.java:askForVotes(178)) - 774c78e1-8dd4-453d-975e-442189a07fe2@group-31C3DC938042-LeaderElection206: begin an election at term 191 for 0: [774c78e1-8dd4-453d-975e-442189a07fe2:192.168.157.242:38712, 7247ad7d-2ca2-4af8-9337-77c07ea89cb3:192.168.157.242:42362, 8bce6a00-3bba-419d-83ac-b35141b6b559:192.168.157.242:37801], old=null
2019-10-19 01:26:53,835 [774c78e1-8dd4-453d-975e-442189a07fe2@group-31C3DC938042-LeaderElection206] INFO  impl.LeaderElection (LogUtils.java:infoOrTrace(149)) - 774c78e1-8dd4-453d-975e-442189a07fe2@group-31C3DC938042-LeaderElection206 got exception when requesting votes: {}
java.util.concurrent.ExecutionException: org.apache.ratis.thirdparty.io.grpc.StatusRuntimeException: UNAVAILABLE: io exception
	at java.util.concurrent.FutureTask.report(FutureTask.java:122)
	at java.util.concurrent.FutureTask.get(FutureTask.java:192)
	at org.apache.ratis.server.impl.LeaderElection.waitForResults(LeaderElection.java:259)
	at org.apache.ratis.server.impl.LeaderElection.askForVotes(LeaderElection.java:197)
	at org.apache.ratis.server.impl.LeaderElection.run(LeaderElection.java:133)
	at java.lang.Thread.run(Thread.java:748)
Caused by: org.apache.ratis.thirdparty.io.grpc.StatusRuntimeException: UNAVAILABLE: io exception
	at org.apache.ratis.thirdparty.io.grpc.stub.ClientCalls.toStatusRuntimeException(ClientCalls.java:233)
	at org.apache.ratis.thirdparty.io.grpc.stub.ClientCalls.getUnchecked(ClientCalls.java:214)
	at org.apache.ratis.thirdparty.io.grpc.stub.ClientCalls.blockingUnaryCall(ClientCalls.java:139)
	at org.apache.ratis.proto.grpc.RaftServerProtocolServiceGrpc$RaftServerProtocolServiceBlockingStub.requestVote(RaftServerProtocolServiceGrpc.java:265)
	at org.apache.ratis.grpc.server.GrpcServerProtocolClient.requestVote(GrpcServerProtocolClient.java:99)
	at org.apache.ratis.grpc.server.GrpcService.requestVote(GrpcService.java:204)
	at org.apache.ratis.server.impl.LeaderElection.lambda$submitRequests$1(LeaderElection.java:234)
	at java.util.concurrent.FutureTask.run(FutureTask.java:266)
	at java.util.concurrent.Executors$RunnableAdapter.call(Executors.java:511)
	at java.util.concurrent.FutureTask.run(FutureTask.java:266)
	at java.util.concurrent.ThreadPoolExecutor.runWorker(ThreadPoolExecutor.java:1149)
	at java.util.concurrent.ThreadPoolExecutor$Worker.run(ThreadPoolExecutor.java:624)
	... 1 more
Caused by: org.apache.ratis.thirdparty.io.netty.channel.AbstractChannel$AnnotatedConnectException: Connection refused: /192.168.157.242:37801
	at sun.nio.ch.SocketChannelImpl.checkConnect(Native Method)
	at sun.nio.ch.SocketChannelImpl.finishConnect(SocketChannelImpl.java:717)
	at org.apache.ratis.thirdparty.io.netty.channel.socket.nio.NioSocketChannel.doFinishConnect(NioSocketChannel.java:327)
	at org.apache.ratis.thirdparty.io.netty.channel.nio.AbstractNioChannel$AbstractNioUnsafe.finishConnect(AbstractNioChannel.java:340)
	at org.apache.ratis.thirdparty.io.netty.channel.nio.NioEventLoop.processSelectedKey(NioEventLoop.java:632)
	at org.apache.ratis.thirdparty.io.netty.channel.nio.NioEventLoop.processSelectedKeysOptimized(NioEventLoop.java:579)
	at org.apache.ratis.thirdparty.io.netty.channel.nio.NioEventLoop.processSelectedKeys(NioEventLoop.java:496)
	at org.apache.ratis.thirdparty.io.netty.channel.nio.NioEventLoop.run(NioEventLoop.java:458)
	at org.apache.ratis.thirdparty.io.netty.util.concurrent.SingleThreadEventExecutor$5.run(SingleThreadEventExecutor.java:897)
	at org.apache.ratis.thirdparty.io.netty.util.concurrent.FastThreadLocalRunnable.run(FastThreadLocalRunnable.java:30)
	... 1 more
Caused by: java.net.ConnectException: Connection refused
	... 11 more
2019-10-19 01:26:53,835 [774c78e1-8dd4-453d-975e-442189a07fe2@group-31C3DC938042-LeaderElection206] INFO  impl.LeaderElection (LogUtils.java:infoOrTrace(149)) - 774c78e1-8dd4-453d-975e-442189a07fe2@group-31C3DC938042-LeaderElection206 got exception when requesting votes: {}
java.util.concurrent.ExecutionException: org.apache.ratis.thirdparty.io.grpc.StatusRuntimeException: UNAVAILABLE: io exception
	at java.util.concurrent.FutureTask.report(FutureTask.java:122)
	at java.util.concurrent.FutureTask.get(FutureTask.java:192)
	at org.apache.ratis.server.impl.LeaderElection.waitForResults(LeaderElection.java:259)
	at org.apache.ratis.server.impl.LeaderElection.askForVotes(LeaderElection.java:197)
	at org.apache.ratis.server.impl.LeaderElection.run(LeaderElection.java:133)
	at java.lang.Thread.run(Thread.java:748)
Caused by: org.apache.ratis.thirdparty.io.grpc.StatusRuntimeException: UNAVAILABLE: io exception
	at org.apache.ratis.thirdparty.io.grpc.stub.ClientCalls.toStatusRuntimeException(ClientCalls.java:233)
	at org.apache.ratis.thirdparty.io.grpc.stub.ClientCalls.getUnchecked(ClientCalls.java:214)
	at org.apache.ratis.thirdparty.io.grpc.stub.ClientCalls.blockingUnaryCall(ClientCalls.java:139)
	at org.apache.ratis.proto.grpc.RaftServerProtocolServiceGrpc$RaftServerProtocolServiceBlockingStub.requestVote(RaftServerProtocolServiceGrpc.java:265)
	at org.apache.ratis.grpc.server.GrpcServerProtocolClient.requestVote(GrpcServerProtocolClient.java:99)
	at org.apache.ratis.grpc.server.GrpcService.requestVote(GrpcService.java:204)
	at org.apache.ratis.server.impl.LeaderElection.lambda$submitRequests$1(LeaderElection.java:234)
	at java.util.concurrent.FutureTask.run(FutureTask.java:266)
	at java.util.concurrent.Executors$RunnableAdapter.call(Executors.java:511)
	at java.util.concurrent.FutureTask.run(FutureTask.java:266)
	at java.util.concurrent.ThreadPoolExecutor.runWorker(ThreadPoolExecutor.java:1149)
	at java.util.concurrent.ThreadPoolExecutor$Worker.run(ThreadPoolExecutor.java:624)
	... 1 more
Caused by: org.apache.ratis.thirdparty.io.netty.channel.AbstractChannel$AnnotatedConnectException: Connection refused: /192.168.157.242:42362
	at sun.nio.ch.SocketChannelImpl.checkConnect(Native Method)
	at sun.nio.ch.SocketChannelImpl.finishConnect(SocketChannelImpl.java:717)
	at org.apache.ratis.thirdparty.io.netty.channel.socket.nio.NioSocketChannel.doFinishConnect(NioSocketChannel.java:327)
	at org.apache.ratis.thirdparty.io.netty.channel.nio.AbstractNioChannel$AbstractNioUnsafe.finishConnect(AbstractNioChannel.java:340)
	at org.apache.ratis.thirdparty.io.netty.channel.nio.NioEventLoop.processSelectedKey(NioEventLoop.java:632)
	at org.apache.ratis.thirdparty.io.netty.channel.nio.NioEventLoop.processSelectedKeysOptimized(NioEventLoop.java:579)
	at org.apache.ratis.thirdparty.io.netty.channel.nio.NioEventLoop.processSelectedKeys(NioEventLoop.java:496)
	at org.apache.ratis.thirdparty.io.netty.channel.nio.NioEventLoop.run(NioEventLoop.java:458)
	at org.apache.ratis.thirdparty.io.netty.util.concurrent.SingleThreadEventExecutor$5.run(SingleThreadEventExecutor.java:897)
	at org.apache.ratis.thirdparty.io.netty.util.concurrent.FastThreadLocalRunnable.run(FastThreadLocalRunnable.java:30)
	... 1 more
Caused by: java.net.ConnectException: Connection refused
	... 11 more
2019-10-19 01:26:53,836 [774c78e1-8dd4-453d-975e-442189a07fe2@group-31C3DC938042-LeaderElection206] INFO  impl.LeaderElection (LeaderElection.java:logAndReturn(56)) - 774c78e1-8dd4-453d-975e-442189a07fe2@group-31C3DC938042-LeaderElection206: Election REJECTED; received 0 response(s) [] and 2 exception(s); 774c78e1-8dd4-453d-975e-442189a07fe2@group-31C3DC938042:t191, leader=null, voted=774c78e1-8dd4-453d-975e-442189a07fe2, raftlog=774c78e1-8dd4-453d-975e-442189a07fe2@group-31C3DC938042-SegmentedRaftLog:OPENED:c-1,f0,i0, conf=0: [774c78e1-8dd4-453d-975e-442189a07fe2:192.168.157.242:38712, 7247ad7d-2ca2-4af8-9337-77c07ea89cb3:192.168.157.242:42362, 8bce6a00-3bba-419d-83ac-b35141b6b559:192.168.157.242:37801], old=null
2019-10-19 01:26:53,836 [774c78e1-8dd4-453d-975e-442189a07fe2@group-31C3DC938042-LeaderElection206] INFO  impl.LeaderElection (LogUtils.java:infoOrTrace(149)) -   Exception 0: {}
java.util.concurrent.ExecutionException: org.apache.ratis.thirdparty.io.grpc.StatusRuntimeException: UNAVAILABLE: io exception
	at java.util.concurrent.FutureTask.report(FutureTask.java:122)
	at java.util.concurrent.FutureTask.get(FutureTask.java:192)
	at org.apache.ratis.server.impl.LeaderElection.waitForResults(LeaderElection.java:259)
	at org.apache.ratis.server.impl.LeaderElection.askForVotes(LeaderElection.java:197)
	at org.apache.ratis.server.impl.LeaderElection.run(LeaderElection.java:133)
	at java.lang.Thread.run(Thread.java:748)
Caused by: org.apache.ratis.thirdparty.io.grpc.StatusRuntimeException: UNAVAILABLE: io exception
	at org.apache.ratis.thirdparty.io.grpc.stub.ClientCalls.toStatusRuntimeException(ClientCalls.java:233)
	at org.apache.ratis.thirdparty.io.grpc.stub.ClientCalls.getUnchecked(ClientCalls.java:214)
	at org.apache.ratis.thirdparty.io.grpc.stub.ClientCalls.blockingUnaryCall(ClientCalls.java:139)
	at org.apache.ratis.proto.grpc.RaftServerProtocolServiceGrpc$RaftServerProtocolServiceBlockingStub.requestVote(RaftServerProtocolServiceGrpc.java:265)
	at org.apache.ratis.grpc.server.GrpcServerProtocolClient.requestVote(GrpcServerProtocolClient.java:99)
	at org.apache.ratis.grpc.server.GrpcService.requestVote(GrpcService.java:204)
	at org.apache.ratis.server.impl.LeaderElection.lambda$submitRequests$1(LeaderElection.java:234)
	at java.util.concurrent.FutureTask.run(FutureTask.java:266)
	at java.util.concurrent.Executors$RunnableAdapter.call(Executors.java:511)
	at java.util.concurrent.FutureTask.run(FutureTask.java:266)
	at java.util.concurrent.ThreadPoolExecutor.runWorker(ThreadPoolExecutor.java:1149)
	at java.util.concurrent.ThreadPoolExecutor$Worker.run(ThreadPoolExecutor.java:624)
	... 1 more
Caused by: org.apache.ratis.thirdparty.io.netty.channel.AbstractChannel$AnnotatedConnectException: Connection refused: /192.168.157.242:37801
	at sun.nio.ch.SocketChannelImpl.checkConnect(Native Method)
	at sun.nio.ch.SocketChannelImpl.finishConnect(SocketChannelImpl.java:717)
	at org.apache.ratis.thirdparty.io.netty.channel.socket.nio.NioSocketChannel.doFinishConnect(NioSocketChannel.java:327)
	at org.apache.ratis.thirdparty.io.netty.channel.nio.AbstractNioChannel$AbstractNioUnsafe.finishConnect(AbstractNioChannel.java:340)
	at org.apache.ratis.thirdparty.io.netty.channel.nio.NioEventLoop.processSelectedKey(NioEventLoop.java:632)
	at org.apache.ratis.thirdparty.io.netty.channel.nio.NioEventLoop.processSelectedKeysOptimized(NioEventLoop.java:579)
	at org.apache.ratis.thirdparty.io.netty.channel.nio.NioEventLoop.processSelectedKeys(NioEventLoop.java:496)
	at org.apache.ratis.thirdparty.io.netty.channel.nio.NioEventLoop.run(NioEventLoop.java:458)
	at org.apache.ratis.thirdparty.io.netty.util.concurrent.SingleThreadEventExecutor$5.run(SingleThreadEventExecutor.java:897)
	at org.apache.ratis.thirdparty.io.netty.util.concurrent.FastThreadLocalRunnable.run(FastThreadLocalRunnable.java:30)
	... 1 more
Caused by: java.net.ConnectException: Connection refused
	... 11 more
2019-10-19 01:26:53,836 [774c78e1-8dd4-453d-975e-442189a07fe2@group-31C3DC938042-LeaderElection206] INFO  impl.LeaderElection (LogUtils.java:infoOrTrace(149)) -   Exception 1: {}
java.util.concurrent.ExecutionException: org.apache.ratis.thirdparty.io.grpc.StatusRuntimeException: UNAVAILABLE: io exception
	at java.util.concurrent.FutureTask.report(FutureTask.java:122)
	at java.util.concurrent.FutureTask.get(FutureTask.java:192)
	at org.apache.ratis.server.impl.LeaderElection.waitForResults(LeaderElection.java:259)
	at org.apache.ratis.server.impl.LeaderElection.askForVotes(LeaderElection.java:197)
	at org.apache.ratis.server.impl.LeaderElection.run(LeaderElection.java:133)
	at java.lang.Thread.run(Thread.java:748)
Caused by: org.apache.ratis.thirdparty.io.grpc.StatusRuntimeException: UNAVAILABLE: io exception
	at org.apache.ratis.thirdparty.io.grpc.stub.ClientCalls.toStatusRuntimeException(ClientCalls.java:233)
	at org.apache.ratis.thirdparty.io.grpc.stub.ClientCalls.getUnchecked(ClientCalls.java:214)
	at org.apache.ratis.thirdparty.io.grpc.stub.ClientCalls.blockingUnaryCall(ClientCalls.java:139)
	at org.apache.ratis.proto.grpc.RaftServerProtocolServiceGrpc$RaftServerProtocolServiceBlockingStub.requestVote(RaftServerProtocolServiceGrpc.java:265)
	at org.apache.ratis.grpc.server.GrpcServerProtocolClient.requestVote(GrpcServerProtocolClient.java:99)
	at org.apache.ratis.grpc.server.GrpcService.requestVote(GrpcService.java:204)
	at org.apache.ratis.server.impl.LeaderElection.lambda$submitRequests$1(LeaderElection.java:234)
	at java.util.concurrent.FutureTask.run(FutureTask.java:266)
	at java.util.concurrent.Executors$RunnableAdapter.call(Executors.java:511)
	at java.util.concurrent.FutureTask.run(FutureTask.java:266)
	at java.util.concurrent.ThreadPoolExecutor.runWorker(ThreadPoolExecutor.java:1149)
	at java.util.concurrent.ThreadPoolExecutor$Worker.run(ThreadPoolExecutor.java:624)
	... 1 more
Caused by: org.apache.ratis.thirdparty.io.netty.channel.AbstractChannel$AnnotatedConnectException: Connection refused: /192.168.157.242:42362
	at sun.nio.ch.SocketChannelImpl.checkConnect(Native Method)
	at sun.nio.ch.SocketChannelImpl.finishConnect(SocketChannelImpl.java:717)
	at org.apache.ratis.thirdparty.io.netty.channel.socket.nio.NioSocketChannel.doFinishConnect(NioSocketChannel.java:327)
	at org.apache.ratis.thirdparty.io.netty.channel.nio.AbstractNioChannel$AbstractNioUnsafe.finishConnect(AbstractNioChannel.java:340)
	at org.apache.ratis.thirdparty.io.netty.channel.nio.NioEventLoop.processSelectedKey(NioEventLoop.java:632)
	at org.apache.ratis.thirdparty.io.netty.channel.nio.NioEventLoop.processSelectedKeysOptimized(NioEventLoop.java:579)
	at org.apache.ratis.thirdparty.io.netty.channel.nio.NioEventLoop.processSelectedKeys(NioEventLoop.java:496)
	at org.apache.ratis.thirdparty.io.netty.channel.nio.NioEventLoop.run(NioEventLoop.java:458)
	at org.apache.ratis.thirdparty.io.netty.util.concurrent.SingleThreadEventExecutor$5.run(SingleThreadEventExecutor.java:897)
	at org.apache.ratis.thirdparty.io.netty.util.concurrent.FastThreadLocalRunnable.run(FastThreadLocalRunnable.java:30)
	... 1 more
Caused by: java.net.ConnectException: Connection refused
	... 11 more
2019-10-19 01:26:53,837 [774c78e1-8dd4-453d-975e-442189a07fe2@group-31C3DC938042-LeaderElection206] INFO  impl.RaftServerImpl (RaftServerImpl.java:setRole(184)) - 774c78e1-8dd4-453d-975e-442189a07fe2@group-31C3DC938042: changes role from CANDIDATE to FOLLOWER at term 191 for DISCOVERED_A_NEW_TERM
2019-10-19 01:26:53,837 [774c78e1-8dd4-453d-975e-442189a07fe2@group-31C3DC938042-LeaderElection206] INFO  impl.RoleInfo (RoleInfo.java:shutdownLeaderElection(134)) - 774c78e1-8dd4-453d-975e-442189a07fe2: shutdown LeaderElection
2019-10-19 01:26:53,837 [774c78e1-8dd4-453d-975e-442189a07fe2@group-31C3DC938042-LeaderElection206] INFO  impl.RoleInfo (RoleInfo.java:updateAndGet(143)) - 774c78e1-8dd4-453d-975e-442189a07fe2: start FollowerState
2019-10-19 01:26:54,956 [Thread-1811] INFO  impl.FollowerState (FollowerState.java:run(108)) - 774c78e1-8dd4-453d-975e-442189a07fe2@group-31C3DC938042-FollowerState: change to CANDIDATE, lastRpcTime:1119ms, electionTimeout:1119ms
2019-10-19 01:26:54,956 [Thread-1811] INFO  impl.RoleInfo (RoleInfo.java:shutdownFollowerState(121)) - 774c78e1-8dd4-453d-975e-442189a07fe2: shutdown FollowerState
2019-10-19 01:26:54,956 [Thread-1811] INFO  impl.RaftServerImpl (RaftServerImpl.java:setRole(184)) - 774c78e1-8dd4-453d-975e-442189a07fe2@group-31C3DC938042: changes role from  FOLLOWER to CANDIDATE at term 191 for changeToCandidate
2019-10-19 01:26:54,957 [Thread-1811] INFO  impl.RoleInfo (RoleInfo.java:updateAndGet(143)) - 774c78e1-8dd4-453d-975e-442189a07fe2: start LeaderElection
2019-10-19 01:26:54,969 [774c78e1-8dd4-453d-975e-442189a07fe2@group-31C3DC938042-LeaderElection207] INFO  impl.LeaderElection (LeaderElection.java:askForVotes(178)) - 774c78e1-8dd4-453d-975e-442189a07fe2@group-31C3DC938042-LeaderElection207: begin an election at term 192 for 0: [774c78e1-8dd4-453d-975e-442189a07fe2:192.168.157.242:38712, 7247ad7d-2ca2-4af8-9337-77c07ea89cb3:192.168.157.242:42362, 8bce6a00-3bba-419d-83ac-b35141b6b559:192.168.157.242:37801], old=null
2019-10-19 01:26:54,970 [774c78e1-8dd4-453d-975e-442189a07fe2@group-31C3DC938042-LeaderElection207] INFO  impl.LeaderElection (LogUtils.java:infoOrTrace(149)) - 774c78e1-8dd4-453d-975e-442189a07fe2@group-31C3DC938042-LeaderElection207 got exception when requesting votes: {}
java.util.concurrent.ExecutionException: org.apache.ratis.thirdparty.io.grpc.StatusRuntimeException: UNAVAILABLE: io exception
	at java.util.concurrent.FutureTask.report(FutureTask.java:122)
	at java.util.concurrent.FutureTask.get(FutureTask.java:192)
	at org.apache.ratis.server.impl.LeaderElection.waitForResults(LeaderElection.java:259)
	at org.apache.ratis.server.impl.LeaderElection.askForVotes(LeaderElection.java:197)
	at org.apache.ratis.server.impl.LeaderElection.run(LeaderElection.java:133)
	at java.lang.Thread.run(Thread.java:748)
Caused by: org.apache.ratis.thirdparty.io.grpc.StatusRuntimeException: UNAVAILABLE: io exception
	at org.apache.ratis.thirdparty.io.grpc.stub.ClientCalls.toStatusRuntimeException(ClientCalls.java:233)
	at org.apache.ratis.thirdparty.io.grpc.stub.ClientCalls.getUnchecked(ClientCalls.java:214)
	at org.apache.ratis.thirdparty.io.grpc.stub.ClientCalls.blockingUnaryCall(ClientCalls.java:139)
	at org.apache.ratis.proto.grpc.RaftServerProtocolServiceGrpc$RaftServerProtocolServiceBlockingStub.requestVote(RaftServerProtocolServiceGrpc.java:265)
	at org.apache.ratis.grpc.server.GrpcServerProtocolClient.requestVote(GrpcServerProtocolClient.java:99)
	at org.apache.ratis.grpc.server.GrpcService.requestVote(GrpcService.java:204)
	at org.apache.ratis.server.impl.LeaderElection.lambda$submitRequests$1(LeaderElection.java:234)
	at java.util.concurrent.FutureTask.run(FutureTask.java:266)
	at java.util.concurrent.Executors$RunnableAdapter.call(Executors.java:511)
	at java.util.concurrent.FutureTask.run(FutureTask.java:266)
	at java.util.concurrent.ThreadPoolExecutor.runWorker(ThreadPoolExecutor.java:1149)
	at java.util.concurrent.ThreadPoolExecutor$Worker.run(ThreadPoolExecutor.java:624)
	... 1 more
Caused by: org.apache.ratis.thirdparty.io.netty.channel.AbstractChannel$AnnotatedConnectException: Connection refused: /192.168.157.242:37801
	at sun.nio.ch.SocketChannelImpl.checkConnect(Native Method)
	at sun.nio.ch.SocketChannelImpl.finishConnect(SocketChannelImpl.java:717)
	at org.apache.ratis.thirdparty.io.netty.channel.socket.nio.NioSocketChannel.doFinishConnect(NioSocketChannel.java:327)
	at org.apache.ratis.thirdparty.io.netty.channel.nio.AbstractNioChannel$AbstractNioUnsafe.finishConnect(AbstractNioChannel.java:340)
	at org.apache.ratis.thirdparty.io.netty.channel.nio.NioEventLoop.processSelectedKey(NioEventLoop.java:632)
	at org.apache.ratis.thirdparty.io.netty.channel.nio.NioEventLoop.processSelectedKeysOptimized(NioEventLoop.java:579)
	at org.apache.ratis.thirdparty.io.netty.channel.nio.NioEventLoop.processSelectedKeys(NioEventLoop.java:496)
	at org.apache.ratis.thirdparty.io.netty.channel.nio.NioEventLoop.run(NioEventLoop.java:458)
	at org.apache.ratis.thirdparty.io.netty.util.concurrent.SingleThreadEventExecutor$5.run(SingleThreadEventExecutor.java:897)
	at org.apache.ratis.thirdparty.io.netty.util.concurrent.FastThreadLocalRunnable.run(FastThreadLocalRunnable.java:30)
	... 1 more
Caused by: java.net.ConnectException: Connection refused
	... 11 more
2019-10-19 01:26:54,971 [774c78e1-8dd4-453d-975e-442189a07fe2@group-31C3DC938042-LeaderElection207] INFO  impl.LeaderElection (LogUtils.java:infoOrTrace(149)) - 774c78e1-8dd4-453d-975e-442189a07fe2@group-31C3DC938042-LeaderElection207 got exception when requesting votes: {}
java.util.concurrent.ExecutionException: org.apache.ratis.thirdparty.io.grpc.StatusRuntimeException: UNAVAILABLE: io exception
	at java.util.concurrent.FutureTask.report(FutureTask.java:122)
	at java.util.concurrent.FutureTask.get(FutureTask.java:192)
	at org.apache.ratis.server.impl.LeaderElection.waitForResults(LeaderElection.java:259)
	at org.apache.ratis.server.impl.LeaderElection.askForVotes(LeaderElection.java:197)
	at org.apache.ratis.server.impl.LeaderElection.run(LeaderElection.java:133)
	at java.lang.Thread.run(Thread.java:748)
Caused by: org.apache.ratis.thirdparty.io.grpc.StatusRuntimeException: UNAVAILABLE: io exception
	at org.apache.ratis.thirdparty.io.grpc.stub.ClientCalls.toStatusRuntimeException(ClientCalls.java:233)
	at org.apache.ratis.thirdparty.io.grpc.stub.ClientCalls.getUnchecked(ClientCalls.java:214)
	at org.apache.ratis.thirdparty.io.grpc.stub.ClientCalls.blockingUnaryCall(ClientCalls.java:139)
	at org.apache.ratis.proto.grpc.RaftServerProtocolServiceGrpc$RaftServerProtocolServiceBlockingStub.requestVote(RaftServerProtocolServiceGrpc.java:265)
	at org.apache.ratis.grpc.server.GrpcServerProtocolClient.requestVote(GrpcServerProtocolClient.java:99)
	at org.apache.ratis.grpc.server.GrpcService.requestVote(GrpcService.java:204)
	at org.apache.ratis.server.impl.LeaderElection.lambda$submitRequests$1(LeaderElection.java:234)
	at java.util.concurrent.FutureTask.run(FutureTask.java:266)
	at java.util.concurrent.Executors$RunnableAdapter.call(Executors.java:511)
	at java.util.concurrent.FutureTask.run(FutureTask.java:266)
	at java.util.concurrent.ThreadPoolExecutor.runWorker(ThreadPoolExecutor.java:1149)
	at java.util.concurrent.ThreadPoolExecutor$Worker.run(ThreadPoolExecutor.java:624)
	... 1 more
Caused by: org.apache.ratis.thirdparty.io.netty.channel.AbstractChannel$AnnotatedConnectException: Connection refused: /192.168.157.242:42362
	at sun.nio.ch.SocketChannelImpl.checkConnect(Native Method)
	at sun.nio.ch.SocketChannelImpl.finishConnect(SocketChannelImpl.java:717)
	at org.apache.ratis.thirdparty.io.netty.channel.socket.nio.NioSocketChannel.doFinishConnect(NioSocketChannel.java:327)
	at org.apache.ratis.thirdparty.io.netty.channel.nio.AbstractNioChannel$AbstractNioUnsafe.finishConnect(AbstractNioChannel.java:340)
	at org.apache.ratis.thirdparty.io.netty.channel.nio.NioEventLoop.processSelectedKey(NioEventLoop.java:632)
	at org.apache.ratis.thirdparty.io.netty.channel.nio.NioEventLoop.processSelectedKeysOptimized(NioEventLoop.java:579)
	at org.apache.ratis.thirdparty.io.netty.channel.nio.NioEventLoop.processSelectedKeys(NioEventLoop.java:496)
	at org.apache.ratis.thirdparty.io.netty.channel.nio.NioEventLoop.run(NioEventLoop.java:458)
	at org.apache.ratis.thirdparty.io.netty.util.concurrent.SingleThreadEventExecutor$5.run(SingleThreadEventExecutor.java:897)
	at org.apache.ratis.thirdparty.io.netty.util.concurrent.FastThreadLocalRunnable.run(FastThreadLocalRunnable.java:30)
	... 1 more
Caused by: java.net.ConnectException: Connection refused
	... 11 more
2019-10-19 01:26:54,972 [774c78e1-8dd4-453d-975e-442189a07fe2@group-31C3DC938042-LeaderElection207] INFO  impl.LeaderElection (LeaderElection.java:logAndReturn(56)) - 774c78e1-8dd4-453d-975e-442189a07fe2@group-31C3DC938042-LeaderElection207: Election REJECTED; received 0 response(s) [] and 2 exception(s); 774c78e1-8dd4-453d-975e-442189a07fe2@group-31C3DC938042:t192, leader=null, voted=774c78e1-8dd4-453d-975e-442189a07fe2, raftlog=774c78e1-8dd4-453d-975e-442189a07fe2@group-31C3DC938042-SegmentedRaftLog:OPENED:c-1,f0,i0, conf=0: [774c78e1-8dd4-453d-975e-442189a07fe2:192.168.157.242:38712, 7247ad7d-2ca2-4af8-9337-77c07ea89cb3:192.168.157.242:42362, 8bce6a00-3bba-419d-83ac-b35141b6b559:192.168.157.242:37801], old=null
2019-10-19 01:26:54,972 [774c78e1-8dd4-453d-975e-442189a07fe2@group-31C3DC938042-LeaderElection207] INFO  impl.LeaderElection (LogUtils.java:infoOrTrace(149)) -   Exception 0: {}
java.util.concurrent.ExecutionException: org.apache.ratis.thirdparty.io.grpc.StatusRuntimeException: UNAVAILABLE: io exception
	at java.util.concurrent.FutureTask.report(FutureTask.java:122)
	at java.util.concurrent.FutureTask.get(FutureTask.java:192)
	at org.apache.ratis.server.impl.LeaderElection.waitForResults(LeaderElection.java:259)
	at org.apache.ratis.server.impl.LeaderElection.askForVotes(LeaderElection.java:197)
	at org.apache.ratis.server.impl.LeaderElection.run(LeaderElection.java:133)
	at java.lang.Thread.run(Thread.java:748)
Caused by: org.apache.ratis.thirdparty.io.grpc.StatusRuntimeException: UNAVAILABLE: io exception
	at org.apache.ratis.thirdparty.io.grpc.stub.ClientCalls.toStatusRuntimeException(ClientCalls.java:233)
	at org.apache.ratis.thirdparty.io.grpc.stub.ClientCalls.getUnchecked(ClientCalls.java:214)
	at org.apache.ratis.thirdparty.io.grpc.stub.ClientCalls.blockingUnaryCall(ClientCalls.java:139)
	at org.apache.ratis.proto.grpc.RaftServerProtocolServiceGrpc$RaftServerProtocolServiceBlockingStub.requestVote(RaftServerProtocolServiceGrpc.java:265)
	at org.apache.ratis.grpc.server.GrpcServerProtocolClient.requestVote(GrpcServerProtocolClient.java:99)
	at org.apache.ratis.grpc.server.GrpcService.requestVote(GrpcService.java:204)
	at org.apache.ratis.server.impl.LeaderElection.lambda$submitRequests$1(LeaderElection.java:234)
	at java.util.concurrent.FutureTask.run(FutureTask.java:266)
	at java.util.concurrent.Executors$RunnableAdapter.call(Executors.java:511)
	at java.util.concurrent.FutureTask.run(FutureTask.java:266)
	at java.util.concurrent.ThreadPoolExecutor.runWorker(ThreadPoolExecutor.java:1149)
	at java.util.concurrent.ThreadPoolExecutor$Worker.run(ThreadPoolExecutor.java:624)
	... 1 more
Caused by: org.apache.ratis.thirdparty.io.netty.channel.AbstractChannel$AnnotatedConnectException: Connection refused: /192.168.157.242:37801
	at sun.nio.ch.SocketChannelImpl.checkConnect(Native Method)
	at sun.nio.ch.SocketChannelImpl.finishConnect(SocketChannelImpl.java:717)
	at org.apache.ratis.thirdparty.io.netty.channel.socket.nio.NioSocketChannel.doFinishConnect(NioSocketChannel.java:327)
	at org.apache.ratis.thirdparty.io.netty.channel.nio.AbstractNioChannel$AbstractNioUnsafe.finishConnect(AbstractNioChannel.java:340)
	at org.apache.ratis.thirdparty.io.netty.channel.nio.NioEventLoop.processSelectedKey(NioEventLoop.java:632)
	at org.apache.ratis.thirdparty.io.netty.channel.nio.NioEventLoop.processSelectedKeysOptimized(NioEventLoop.java:579)
	at org.apache.ratis.thirdparty.io.netty.channel.nio.NioEventLoop.processSelectedKeys(NioEventLoop.java:496)
	at org.apache.ratis.thirdparty.io.netty.channel.nio.NioEventLoop.run(NioEventLoop.java:458)
	at org.apache.ratis.thirdparty.io.netty.util.concurrent.SingleThreadEventExecutor$5.run(SingleThreadEventExecutor.java:897)
	at org.apache.ratis.thirdparty.io.netty.util.concurrent.FastThreadLocalRunnable.run(FastThreadLocalRunnable.java:30)
	... 1 more
Caused by: java.net.ConnectException: Connection refused
	... 11 more
2019-10-19 01:26:54,972 [774c78e1-8dd4-453d-975e-442189a07fe2@group-31C3DC938042-LeaderElection207] INFO  impl.LeaderElection (LogUtils.java:infoOrTrace(149)) -   Exception 1: {}
java.util.concurrent.ExecutionException: org.apache.ratis.thirdparty.io.grpc.StatusRuntimeException: UNAVAILABLE: io exception
	at java.util.concurrent.FutureTask.report(FutureTask.java:122)
	at java.util.concurrent.FutureTask.get(FutureTask.java:192)
	at org.apache.ratis.server.impl.LeaderElection.waitForResults(LeaderElection.java:259)
	at org.apache.ratis.server.impl.LeaderElection.askForVotes(LeaderElection.java:197)
	at org.apache.ratis.server.impl.LeaderElection.run(LeaderElection.java:133)
	at java.lang.Thread.run(Thread.java:748)
Caused by: org.apache.ratis.thirdparty.io.grpc.StatusRuntimeException: UNAVAILABLE: io exception
	at org.apache.ratis.thirdparty.io.grpc.stub.ClientCalls.toStatusRuntimeException(ClientCalls.java:233)
	at org.apache.ratis.thirdparty.io.grpc.stub.ClientCalls.getUnchecked(ClientCalls.java:214)
	at org.apache.ratis.thirdparty.io.grpc.stub.ClientCalls.blockingUnaryCall(ClientCalls.java:139)
	at org.apache.ratis.proto.grpc.RaftServerProtocolServiceGrpc$RaftServerProtocolServiceBlockingStub.requestVote(RaftServerProtocolServiceGrpc.java:265)
	at org.apache.ratis.grpc.server.GrpcServerProtocolClient.requestVote(GrpcServerProtocolClient.java:99)
	at org.apache.ratis.grpc.server.GrpcService.requestVote(GrpcService.java:204)
	at org.apache.ratis.server.impl.LeaderElection.lambda$submitRequests$1(LeaderElection.java:234)
	at java.util.concurrent.FutureTask.run(FutureTask.java:266)
	at java.util.concurrent.Executors$RunnableAdapter.call(Executors.java:511)
	at java.util.concurrent.FutureTask.run(FutureTask.java:266)
	at java.util.concurrent.ThreadPoolExecutor.runWorker(ThreadPoolExecutor.java:1149)
	at java.util.concurrent.ThreadPoolExecutor$Worker.run(ThreadPoolExecutor.java:624)
	... 1 more
Caused by: org.apache.ratis.thirdparty.io.netty.channel.AbstractChannel$AnnotatedConnectException: Connection refused: /192.168.157.242:42362
	at sun.nio.ch.SocketChannelImpl.checkConnect(Native Method)
	at sun.nio.ch.SocketChannelImpl.finishConnect(SocketChannelImpl.java:717)
	at org.apache.ratis.thirdparty.io.netty.channel.socket.nio.NioSocketChannel.doFinishConnect(NioSocketChannel.java:327)
	at org.apache.ratis.thirdparty.io.netty.channel.nio.AbstractNioChannel$AbstractNioUnsafe.finishConnect(AbstractNioChannel.java:340)
	at org.apache.ratis.thirdparty.io.netty.channel.nio.NioEventLoop.processSelectedKey(NioEventLoop.java:632)
	at org.apache.ratis.thirdparty.io.netty.channel.nio.NioEventLoop.processSelectedKeysOptimized(NioEventLoop.java:579)
	at org.apache.ratis.thirdparty.io.netty.channel.nio.NioEventLoop.processSelectedKeys(NioEventLoop.java:496)
	at org.apache.ratis.thirdparty.io.netty.channel.nio.NioEventLoop.run(NioEventLoop.java:458)
	at org.apache.ratis.thirdparty.io.netty.util.concurrent.SingleThreadEventExecutor$5.run(SingleThreadEventExecutor.java:897)
	at org.apache.ratis.thirdparty.io.netty.util.concurrent.FastThreadLocalRunnable.run(FastThreadLocalRunnable.java:30)
	... 1 more
Caused by: java.net.ConnectException: Connection refused
	... 11 more
2019-10-19 01:26:54,973 [774c78e1-8dd4-453d-975e-442189a07fe2@group-31C3DC938042-LeaderElection207] INFO  impl.RaftServerImpl (RaftServerImpl.java:setRole(184)) - 774c78e1-8dd4-453d-975e-442189a07fe2@group-31C3DC938042: changes role from CANDIDATE to FOLLOWER at term 192 for DISCOVERED_A_NEW_TERM
2019-10-19 01:26:54,973 [774c78e1-8dd4-453d-975e-442189a07fe2@group-31C3DC938042-LeaderElection207] INFO  impl.RoleInfo (RoleInfo.java:shutdownLeaderElection(134)) - 774c78e1-8dd4-453d-975e-442189a07fe2: shutdown LeaderElection
2019-10-19 01:26:54,973 [774c78e1-8dd4-453d-975e-442189a07fe2@group-31C3DC938042-LeaderElection207] INFO  impl.RoleInfo (RoleInfo.java:updateAndGet(143)) - 774c78e1-8dd4-453d-975e-442189a07fe2: start FollowerState
2019-10-19 01:26:55,140 [java.util.concurrent.ThreadPoolExecutor$Worker@7e604fd[State = -1, empty queue]] WARN  server.GrpcLogAppender (GrpcLogAppender.java:timeoutAppendRequest(209)) - 964c97d4-fbb7-48cf-b727-382e7669b5e9@group-F842E1832D96->236187ad-c3a6-4195-8acc-6254fb470a95-GrpcLogAppender: appendEntries Timeout, request=964c97d4-fbb7-48cf-b727-382e7669b5e9->236187ad-c3a6-4195-8acc-6254fb470a95#3-t7, previous=(t:6, i:16), leaderCommit=18, initializing? false, entries: <empty>
2019-10-19 01:26:56,099 [Thread-1817] INFO  impl.FollowerState (FollowerState.java:run(108)) - 774c78e1-8dd4-453d-975e-442189a07fe2@group-31C3DC938042-FollowerState: change to CANDIDATE, lastRpcTime:1126ms, electionTimeout:1126ms
2019-10-19 01:26:56,100 [Thread-1817] INFO  impl.RoleInfo (RoleInfo.java:shutdownFollowerState(121)) - 774c78e1-8dd4-453d-975e-442189a07fe2: shutdown FollowerState
2019-10-19 01:26:56,100 [Thread-1817] INFO  impl.RaftServerImpl (RaftServerImpl.java:setRole(184)) - 774c78e1-8dd4-453d-975e-442189a07fe2@group-31C3DC938042: changes role from  FOLLOWER to CANDIDATE at term 192 for changeToCandidate
2019-10-19 01:26:56,100 [Thread-1817] INFO  impl.RoleInfo (RoleInfo.java:updateAndGet(143)) - 774c78e1-8dd4-453d-975e-442189a07fe2: start LeaderElection
2019-10-19 01:26:56,124 [774c78e1-8dd4-453d-975e-442189a07fe2@group-31C3DC938042-LeaderElection208] INFO  impl.LeaderElection (LeaderElection.java:askForVotes(178)) - 774c78e1-8dd4-453d-975e-442189a07fe2@group-31C3DC938042-LeaderElection208: begin an election at term 193 for 0: [774c78e1-8dd4-453d-975e-442189a07fe2:192.168.157.242:38712, 7247ad7d-2ca2-4af8-9337-77c07ea89cb3:192.168.157.242:42362, 8bce6a00-3bba-419d-83ac-b35141b6b559:192.168.157.242:37801], old=null
2019-10-19 01:26:56,125 [774c78e1-8dd4-453d-975e-442189a07fe2@group-31C3DC938042-LeaderElection208] INFO  impl.LeaderElection (LogUtils.java:infoOrTrace(149)) - 774c78e1-8dd4-453d-975e-442189a07fe2@group-31C3DC938042-LeaderElection208 got exception when requesting votes: {}
java.util.concurrent.ExecutionException: org.apache.ratis.thirdparty.io.grpc.StatusRuntimeException: UNAVAILABLE: io exception
	at java.util.concurrent.FutureTask.report(FutureTask.java:122)
	at java.util.concurrent.FutureTask.get(FutureTask.java:192)
	at org.apache.ratis.server.impl.LeaderElection.waitForResults(LeaderElection.java:259)
	at org.apache.ratis.server.impl.LeaderElection.askForVotes(LeaderElection.java:197)
	at org.apache.ratis.server.impl.LeaderElection.run(LeaderElection.java:133)
	at java.lang.Thread.run(Thread.java:748)
Caused by: org.apache.ratis.thirdparty.io.grpc.StatusRuntimeException: UNAVAILABLE: io exception
	at org.apache.ratis.thirdparty.io.grpc.stub.ClientCalls.toStatusRuntimeException(ClientCalls.java:233)
	at org.apache.ratis.thirdparty.io.grpc.stub.ClientCalls.getUnchecked(ClientCalls.java:214)
	at org.apache.ratis.thirdparty.io.grpc.stub.ClientCalls.blockingUnaryCall(ClientCalls.java:139)
	at org.apache.ratis.proto.grpc.RaftServerProtocolServiceGrpc$RaftServerProtocolServiceBlockingStub.requestVote(RaftServerProtocolServiceGrpc.java:265)
	at org.apache.ratis.grpc.server.GrpcServerProtocolClient.requestVote(GrpcServerProtocolClient.java:99)
	at org.apache.ratis.grpc.server.GrpcService.requestVote(GrpcService.java:204)
	at org.apache.ratis.server.impl.LeaderElection.lambda$submitRequests$1(LeaderElection.java:234)
	at java.util.concurrent.FutureTask.run(FutureTask.java:266)
	at java.util.concurrent.Executors$RunnableAdapter.call(Executors.java:511)
	at java.util.concurrent.FutureTask.run(FutureTask.java:266)
	at java.util.concurrent.ThreadPoolExecutor.runWorker(ThreadPoolExecutor.java:1149)
	at java.util.concurrent.ThreadPoolExecutor$Worker.run(ThreadPoolExecutor.java:624)
	... 1 more
Caused by: org.apache.ratis.thirdparty.io.netty.channel.AbstractChannel$AnnotatedConnectException: Connection refused: /192.168.157.242:37801
	at sun.nio.ch.SocketChannelImpl.checkConnect(Native Method)
	at sun.nio.ch.SocketChannelImpl.finishConnect(SocketChannelImpl.java:717)
	at org.apache.ratis.thirdparty.io.netty.channel.socket.nio.NioSocketChannel.doFinishConnect(NioSocketChannel.java:327)
	at org.apache.ratis.thirdparty.io.netty.channel.nio.AbstractNioChannel$AbstractNioUnsafe.finishConnect(AbstractNioChannel.java:340)
	at org.apache.ratis.thirdparty.io.netty.channel.nio.NioEventLoop.processSelectedKey(NioEventLoop.java:632)
	at org.apache.ratis.thirdparty.io.netty.channel.nio.NioEventLoop.processSelectedKeysOptimized(NioEventLoop.java:579)
	at org.apache.ratis.thirdparty.io.netty.channel.nio.NioEventLoop.processSelectedKeys(NioEventLoop.java:496)
	at org.apache.ratis.thirdparty.io.netty.channel.nio.NioEventLoop.run(NioEventLoop.java:458)
	at org.apache.ratis.thirdparty.io.netty.util.concurrent.SingleThreadEventExecutor$5.run(SingleThreadEventExecutor.java:897)
	at org.apache.ratis.thirdparty.io.netty.util.concurrent.FastThreadLocalRunnable.run(FastThreadLocalRunnable.java:30)
	... 1 more
Caused by: java.net.ConnectException: Connection refused
	... 11 more
2019-10-19 01:26:56,126 [774c78e1-8dd4-453d-975e-442189a07fe2@group-31C3DC938042-LeaderElection208] INFO  impl.LeaderElection (LogUtils.java:infoOrTrace(149)) - 774c78e1-8dd4-453d-975e-442189a07fe2@group-31C3DC938042-LeaderElection208 got exception when requesting votes: {}
java.util.concurrent.ExecutionException: org.apache.ratis.thirdparty.io.grpc.StatusRuntimeException: UNAVAILABLE: io exception
	at java.util.concurrent.FutureTask.report(FutureTask.java:122)
	at java.util.concurrent.FutureTask.get(FutureTask.java:192)
	at org.apache.ratis.server.impl.LeaderElection.waitForResults(LeaderElection.java:259)
	at org.apache.ratis.server.impl.LeaderElection.askForVotes(LeaderElection.java:197)
	at org.apache.ratis.server.impl.LeaderElection.run(LeaderElection.java:133)
	at java.lang.Thread.run(Thread.java:748)
Caused by: org.apache.ratis.thirdparty.io.grpc.StatusRuntimeException: UNAVAILABLE: io exception
	at org.apache.ratis.thirdparty.io.grpc.stub.ClientCalls.toStatusRuntimeException(ClientCalls.java:233)
	at org.apache.ratis.thirdparty.io.grpc.stub.ClientCalls.getUnchecked(ClientCalls.java:214)
	at org.apache.ratis.thirdparty.io.grpc.stub.ClientCalls.blockingUnaryCall(ClientCalls.java:139)
	at org.apache.ratis.proto.grpc.RaftServerProtocolServiceGrpc$RaftServerProtocolServiceBlockingStub.requestVote(RaftServerProtocolServiceGrpc.java:265)
	at org.apache.ratis.grpc.server.GrpcServerProtocolClient.requestVote(GrpcServerProtocolClient.java:99)
	at org.apache.ratis.grpc.server.GrpcService.requestVote(GrpcService.java:204)
	at org.apache.ratis.server.impl.LeaderElection.lambda$submitRequests$1(LeaderElection.java:234)
	at java.util.concurrent.FutureTask.run(FutureTask.java:266)
	at java.util.concurrent.Executors$RunnableAdapter.call(Executors.java:511)
	at java.util.concurrent.FutureTask.run(FutureTask.java:266)
	at java.util.concurrent.ThreadPoolExecutor.runWorker(ThreadPoolExecutor.java:1149)
	at java.util.concurrent.ThreadPoolExecutor$Worker.run(ThreadPoolExecutor.java:624)
	... 1 more
Caused by: org.apache.ratis.thirdparty.io.netty.channel.AbstractChannel$AnnotatedConnectException: Connection refused: /192.168.157.242:42362
	at sun.nio.ch.SocketChannelImpl.checkConnect(Native Method)
	at sun.nio.ch.SocketChannelImpl.finishConnect(SocketChannelImpl.java:717)
	at org.apache.ratis.thirdparty.io.netty.channel.socket.nio.NioSocketChannel.doFinishConnect(NioSocketChannel.java:327)
	at org.apache.ratis.thirdparty.io.netty.channel.nio.AbstractNioChannel$AbstractNioUnsafe.finishConnect(AbstractNioChannel.java:340)
	at org.apache.ratis.thirdparty.io.netty.channel.nio.NioEventLoop.processSelectedKey(NioEventLoop.java:632)
	at org.apache.ratis.thirdparty.io.netty.channel.nio.NioEventLoop.processSelectedKeysOptimized(NioEventLoop.java:579)
	at org.apache.ratis.thirdparty.io.netty.channel.nio.NioEventLoop.processSelectedKeys(NioEventLoop.java:496)
	at org.apache.ratis.thirdparty.io.netty.channel.nio.NioEventLoop.run(NioEventLoop.java:458)
	at org.apache.ratis.thirdparty.io.netty.util.concurrent.SingleThreadEventExecutor$5.run(SingleThreadEventExecutor.java:897)
	at org.apache.ratis.thirdparty.io.netty.util.concurrent.FastThreadLocalRunnable.run(FastThreadLocalRunnable.java:30)
	... 1 more
Caused by: java.net.ConnectException: Connection refused
	... 11 more
2019-10-19 01:26:56,127 [774c78e1-8dd4-453d-975e-442189a07fe2@group-31C3DC938042-LeaderElection208] INFO  impl.LeaderElection (LeaderElection.java:logAndReturn(56)) - 774c78e1-8dd4-453d-975e-442189a07fe2@group-31C3DC938042-LeaderElection208: Election REJECTED; received 0 response(s) [] and 2 exception(s); 774c78e1-8dd4-453d-975e-442189a07fe2@group-31C3DC938042:t193, leader=null, voted=774c78e1-8dd4-453d-975e-442189a07fe2, raftlog=774c78e1-8dd4-453d-975e-442189a07fe2@group-31C3DC938042-SegmentedRaftLog:OPENED:c-1,f0,i0, conf=0: [774c78e1-8dd4-453d-975e-442189a07fe2:192.168.157.242:38712, 7247ad7d-2ca2-4af8-9337-77c07ea89cb3:192.168.157.242:42362, 8bce6a00-3bba-419d-83ac-b35141b6b559:192.168.157.242:37801], old=null
2019-10-19 01:26:56,127 [774c78e1-8dd4-453d-975e-442189a07fe2@group-31C3DC938042-LeaderElection208] INFO  impl.LeaderElection (LogUtils.java:infoOrTrace(149)) -   Exception 0: {}
java.util.concurrent.ExecutionException: org.apache.ratis.thirdparty.io.grpc.StatusRuntimeException: UNAVAILABLE: io exception
	at java.util.concurrent.FutureTask.report(FutureTask.java:122)
	at java.util.concurrent.FutureTask.get(FutureTask.java:192)
	at org.apache.ratis.server.impl.LeaderElection.waitForResults(LeaderElection.java:259)
	at org.apache.ratis.server.impl.LeaderElection.askForVotes(LeaderElection.java:197)
	at org.apache.ratis.server.impl.LeaderElection.run(LeaderElection.java:133)
	at java.lang.Thread.run(Thread.java:748)
Caused by: org.apache.ratis.thirdparty.io.grpc.StatusRuntimeException: UNAVAILABLE: io exception
	at org.apache.ratis.thirdparty.io.grpc.stub.ClientCalls.toStatusRuntimeException(ClientCalls.java:233)
	at org.apache.ratis.thirdparty.io.grpc.stub.ClientCalls.getUnchecked(ClientCalls.java:214)
	at org.apache.ratis.thirdparty.io.grpc.stub.ClientCalls.blockingUnaryCall(ClientCalls.java:139)
	at org.apache.ratis.proto.grpc.RaftServerProtocolServiceGrpc$RaftServerProtocolServiceBlockingStub.requestVote(RaftServerProtocolServiceGrpc.java:265)
	at org.apache.ratis.grpc.server.GrpcServerProtocolClient.requestVote(GrpcServerProtocolClient.java:99)
	at org.apache.ratis.grpc.server.GrpcService.requestVote(GrpcService.java:204)
	at org.apache.ratis.server.impl.LeaderElection.lambda$submitRequests$1(LeaderElection.java:234)
	at java.util.concurrent.FutureTask.run(FutureTask.java:266)
	at java.util.concurrent.Executors$RunnableAdapter.call(Executors.java:511)
	at java.util.concurrent.FutureTask.run(FutureTask.java:266)
	at java.util.concurrent.ThreadPoolExecutor.runWorker(ThreadPoolExecutor.java:1149)
	at java.util.concurrent.ThreadPoolExecutor$Worker.run(ThreadPoolExecutor.java:624)
	... 1 more
Caused by: org.apache.ratis.thirdparty.io.netty.channel.AbstractChannel$AnnotatedConnectException: Connection refused: /192.168.157.242:37801
	at sun.nio.ch.SocketChannelImpl.checkConnect(Native Method)
	at sun.nio.ch.SocketChannelImpl.finishConnect(SocketChannelImpl.java:717)
	at org.apache.ratis.thirdparty.io.netty.channel.socket.nio.NioSocketChannel.doFinishConnect(NioSocketChannel.java:327)
	at org.apache.ratis.thirdparty.io.netty.channel.nio.AbstractNioChannel$AbstractNioUnsafe.finishConnect(AbstractNioChannel.java:340)
	at org.apache.ratis.thirdparty.io.netty.channel.nio.NioEventLoop.processSelectedKey(NioEventLoop.java:632)
	at org.apache.ratis.thirdparty.io.netty.channel.nio.NioEventLoop.processSelectedKeysOptimized(NioEventLoop.java:579)
	at org.apache.ratis.thirdparty.io.netty.channel.nio.NioEventLoop.processSelectedKeys(NioEventLoop.java:496)
	at org.apache.ratis.thirdparty.io.netty.channel.nio.NioEventLoop.run(NioEventLoop.java:458)
	at org.apache.ratis.thirdparty.io.netty.util.concurrent.SingleThreadEventExecutor$5.run(SingleThreadEventExecutor.java:897)
	at org.apache.ratis.thirdparty.io.netty.util.concurrent.FastThreadLocalRunnable.run(FastThreadLocalRunnable.java:30)
	... 1 more
Caused by: java.net.ConnectException: Connection refused
	... 11 more
2019-10-19 01:26:56,127 [774c78e1-8dd4-453d-975e-442189a07fe2@group-31C3DC938042-LeaderElection208] INFO  impl.LeaderElection (LogUtils.java:infoOrTrace(149)) -   Exception 1: {}
java.util.concurrent.ExecutionException: org.apache.ratis.thirdparty.io.grpc.StatusRuntimeException: UNAVAILABLE: io exception
	at java.util.concurrent.FutureTask.report(FutureTask.java:122)
	at java.util.concurrent.FutureTask.get(FutureTask.java:192)
	at org.apache.ratis.server.impl.LeaderElection.waitForResults(LeaderElection.java:259)
	at org.apache.ratis.server.impl.LeaderElection.askForVotes(LeaderElection.java:197)
	at org.apache.ratis.server.impl.LeaderElection.run(LeaderElection.java:133)
	at java.lang.Thread.run(Thread.java:748)
Caused by: org.apache.ratis.thirdparty.io.grpc.StatusRuntimeException: UNAVAILABLE: io exception
	at org.apache.ratis.thirdparty.io.grpc.stub.ClientCalls.toStatusRuntimeException(ClientCalls.java:233)
	at org.apache.ratis.thirdparty.io.grpc.stub.ClientCalls.getUnchecked(ClientCalls.java:214)
	at org.apache.ratis.thirdparty.io.grpc.stub.ClientCalls.blockingUnaryCall(ClientCalls.java:139)
	at org.apache.ratis.proto.grpc.RaftServerProtocolServiceGrpc$RaftServerProtocolServiceBlockingStub.requestVote(RaftServerProtocolServiceGrpc.java:265)
	at org.apache.ratis.grpc.server.GrpcServerProtocolClient.requestVote(GrpcServerProtocolClient.java:99)
	at org.apache.ratis.grpc.server.GrpcService.requestVote(GrpcService.java:204)
	at org.apache.ratis.server.impl.LeaderElection.lambda$submitRequests$1(LeaderElection.java:234)
	at java.util.concurrent.FutureTask.run(FutureTask.java:266)
	at java.util.concurrent.Executors$RunnableAdapter.call(Executors.java:511)
	at java.util.concurrent.FutureTask.run(FutureTask.java:266)
	at java.util.concurrent.ThreadPoolExecutor.runWorker(ThreadPoolExecutor.java:1149)
	at java.util.concurrent.ThreadPoolExecutor$Worker.run(ThreadPoolExecutor.java:624)
	... 1 more
Caused by: org.apache.ratis.thirdparty.io.netty.channel.AbstractChannel$AnnotatedConnectException: Connection refused: /192.168.157.242:42362
	at sun.nio.ch.SocketChannelImpl.checkConnect(Native Method)
	at sun.nio.ch.SocketChannelImpl.finishConnect(SocketChannelImpl.java:717)
	at org.apache.ratis.thirdparty.io.netty.channel.socket.nio.NioSocketChannel.doFinishConnect(NioSocketChannel.java:327)
	at org.apache.ratis.thirdparty.io.netty.channel.nio.AbstractNioChannel$AbstractNioUnsafe.finishConnect(AbstractNioChannel.java:340)
	at org.apache.ratis.thirdparty.io.netty.channel.nio.NioEventLoop.processSelectedKey(NioEventLoop.java:632)
	at org.apache.ratis.thirdparty.io.netty.channel.nio.NioEventLoop.processSelectedKeysOptimized(NioEventLoop.java:579)
	at org.apache.ratis.thirdparty.io.netty.channel.nio.NioEventLoop.processSelectedKeys(NioEventLoop.java:496)
	at org.apache.ratis.thirdparty.io.netty.channel.nio.NioEventLoop.run(NioEventLoop.java:458)
	at org.apache.ratis.thirdparty.io.netty.util.concurrent.SingleThreadEventExecutor$5.run(SingleThreadEventExecutor.java:897)
	at org.apache.ratis.thirdparty.io.netty.util.concurrent.FastThreadLocalRunnable.run(FastThreadLocalRunnable.java:30)
	... 1 more
Caused by: java.net.ConnectException: Connection refused
	... 11 more
2019-10-19 01:26:56,128 [774c78e1-8dd4-453d-975e-442189a07fe2@group-31C3DC938042-LeaderElection208] INFO  impl.RaftServerImpl (RaftServerImpl.java:setRole(184)) - 774c78e1-8dd4-453d-975e-442189a07fe2@group-31C3DC938042: changes role from CANDIDATE to FOLLOWER at term 193 for DISCOVERED_A_NEW_TERM
2019-10-19 01:26:56,128 [774c78e1-8dd4-453d-975e-442189a07fe2@group-31C3DC938042-LeaderElection208] INFO  impl.RoleInfo (RoleInfo.java:shutdownLeaderElection(134)) - 774c78e1-8dd4-453d-975e-442189a07fe2: shutdown LeaderElection
2019-10-19 01:26:56,128 [774c78e1-8dd4-453d-975e-442189a07fe2@group-31C3DC938042-LeaderElection208] INFO  impl.RoleInfo (RoleInfo.java:updateAndGet(143)) - 774c78e1-8dd4-453d-975e-442189a07fe2: start FollowerState
2019-10-19 01:26:56,780 [ForkJoinPool.commonPool-worker-0] INFO  ozoneimpl.OzoneContainer (OzoneContainer.java:stop(227)) - Attempting to stop container services.
2019-10-19 01:26:56,780 [main] INFO  ozoneimpl.OzoneContainer (OzoneContainer.java:stop(227)) - Attempting to stop container services.
2019-10-19 01:26:56,781 [ForkJoinPool.commonPool-worker-0] INFO  impl.RaftServerProxy (RaftServerProxy.java:lambda$close$4(314)) - 964c97d4-fbb7-48cf-b727-382e7669b5e9: close
2019-10-19 01:26:56,782 [main] INFO  impl.RaftServerProxy (RaftServerProxy.java:lambda$close$4(314)) - 66201fde-c333-4aaa-b68d-70b7cf9182b0: close
2019-10-19 01:26:56,782 [ForkJoinPool.commonPool-worker-0] INFO  impl.RaftServerImpl (RaftServerImpl.java:lambda$shutdown$3(261)) - 964c97d4-fbb7-48cf-b727-382e7669b5e9@group-A93645E99FF2: shutdown
2019-10-19 01:26:56,782 [main] INFO  impl.RaftServerImpl (RaftServerImpl.java:lambda$shutdown$3(261)) - 66201fde-c333-4aaa-b68d-70b7cf9182b0@group-656982B3D798: shutdown
2019-10-19 01:26:56,782 [ForkJoinPool.commonPool-worker-0] INFO  util.JmxRegister (JmxRegister.java:unregister(73)) - Successfully un-registered JMX Bean with object name Ratis:service=RaftServer,group=group-A93645E99FF2,id=964c97d4-fbb7-48cf-b727-382e7669b5e9
2019-10-19 01:26:56,783 [main] INFO  util.JmxRegister (JmxRegister.java:unregister(73)) - Successfully un-registered JMX Bean with object name Ratis:service=RaftServer,group=group-656982B3D798,id=66201fde-c333-4aaa-b68d-70b7cf9182b0
2019-10-19 01:26:56,783 [ForkJoinPool.commonPool-worker-0] INFO  impl.RoleInfo (RoleInfo.java:shutdownLeaderState(104)) - 964c97d4-fbb7-48cf-b727-382e7669b5e9: shutdown LeaderState
2019-10-19 01:26:56,783 [main] INFO  impl.RoleInfo (RoleInfo.java:shutdownLeaderState(104)) - 66201fde-c333-4aaa-b68d-70b7cf9182b0: shutdown LeaderState
2019-10-19 01:26:56,783 [ForkJoinPool.commonPool-worker-0] INFO  impl.PendingRequests (PendingRequests.java:sendNotLeaderResponses(202)) - 964c97d4-fbb7-48cf-b727-382e7669b5e9@group-A93645E99FF2-PendingRequests: sendNotLeaderResponses
2019-10-19 01:26:56,783 [main] INFO  impl.PendingRequests (PendingRequests.java:sendNotLeaderResponses(202)) - 66201fde-c333-4aaa-b68d-70b7cf9182b0@group-656982B3D798-PendingRequests: sendNotLeaderResponses
2019-10-19 01:26:56,783 [main] INFO  impl.StateMachineUpdater (StateMachineUpdater.java:stopAndJoin(136)) - 66201fde-c333-4aaa-b68d-70b7cf9182b0@group-656982B3D798-StateMachineUpdater: set stopIndex = 0
2019-10-19 01:26:56,783 [ForkJoinPool.commonPool-worker-0] INFO  impl.StateMachineUpdater (StateMachineUpdater.java:stopAndJoin(136)) - 964c97d4-fbb7-48cf-b727-382e7669b5e9@group-A93645E99FF2-StateMachineUpdater: set stopIndex = 0
2019-10-19 01:26:56,784 [ForkJoinPool.commonPool-worker-0] INFO  impl.RaftServerImpl (ServerState.java:close(388)) - 964c97d4-fbb7-48cf-b727-382e7669b5e9@group-A93645E99FF2: closes. applyIndex: 0
2019-10-19 01:26:56,784 [main] INFO  impl.RaftServerImpl (ServerState.java:close(388)) - 66201fde-c333-4aaa-b68d-70b7cf9182b0@group-656982B3D798: closes. applyIndex: 0
2019-10-19 01:26:56,787 [964c97d4-fbb7-48cf-b727-382e7669b5e9@group-A93645E99FF2-SegmentedRaftLogWorker] INFO  segmented.SegmentedRaftLogWorker (SegmentedRaftLogWorker.java:run(316)) - 964c97d4-fbb7-48cf-b727-382e7669b5e9@group-A93645E99FF2-SegmentedRaftLogWorker was interrupted, exiting. There are 0 tasks remaining in the queue.
2019-10-19 01:26:56,787 [66201fde-c333-4aaa-b68d-70b7cf9182b0@group-656982B3D798-SegmentedRaftLogWorker] INFO  segmented.SegmentedRaftLogWorker (SegmentedRaftLogWorker.java:run(316)) - 66201fde-c333-4aaa-b68d-70b7cf9182b0@group-656982B3D798-SegmentedRaftLogWorker was interrupted, exiting. There are 0 tasks remaining in the queue.
2019-10-19 01:26:56,794 [ForkJoinPool.commonPool-worker-0] INFO  segmented.SegmentedRaftLogWorker (SegmentedRaftLogWorker.java:close(224)) - 964c97d4-fbb7-48cf-b727-382e7669b5e9@group-A93645E99FF2-SegmentedRaftLogWorker close()
2019-10-19 01:26:56,794 [main] INFO  segmented.SegmentedRaftLogWorker (SegmentedRaftLogWorker.java:close(224)) - 66201fde-c333-4aaa-b68d-70b7cf9182b0@group-656982B3D798-SegmentedRaftLogWorker close()
2019-10-19 01:26:56,797 [ForkJoinPool.commonPool-worker-0] INFO  impl.RaftServerImpl (RaftServerImpl.java:lambda$shutdown$3(261)) - 964c97d4-fbb7-48cf-b727-382e7669b5e9@group-F842E1832D96: shutdown
2019-10-19 01:26:56,799 [main] INFO  server.GrpcService (GrpcService.java:closeImpl(164)) - 66201fde-c333-4aaa-b68d-70b7cf9182b0: shutdown server with port 35281 now
2019-10-19 01:26:56,799 [ForkJoinPool.commonPool-worker-0] INFO  util.JmxRegister (JmxRegister.java:unregister(73)) - Successfully un-registered JMX Bean with object name Ratis:service=RaftServer,group=group-F842E1832D96,id=964c97d4-fbb7-48cf-b727-382e7669b5e9
2019-10-19 01:26:56,799 [ForkJoinPool.commonPool-worker-0] INFO  impl.RoleInfo (RoleInfo.java:shutdownLeaderState(104)) - 964c97d4-fbb7-48cf-b727-382e7669b5e9: shutdown LeaderState
2019-10-19 01:26:56,800 [main] INFO  server.GrpcService (GrpcService.java:closeImpl(172)) - 66201fde-c333-4aaa-b68d-70b7cf9182b0: shutdown server with port 35281 successfully
2019-10-19 01:26:56,801 [org.apache.ratis.server.impl.LogAppender$AppenderDaemon$$Lambda$457/1783297556@26695708] WARN  server.GrpcLogAppender (GrpcLogAppender.java:mayWait(149)) - 964c97d4-fbb7-48cf-b727-382e7669b5e9@group-F842E1832D96->236187ad-c3a6-4195-8acc-6254fb470a95-GrpcLogAppender: Wait interrupted by java.lang.InterruptedException
2019-10-19 01:26:56,801 [org.apache.ratis.server.impl.LogAppender$AppenderDaemon$$Lambda$457/1783297556@771bfc63] WARN  server.GrpcLogAppender (GrpcLogAppender.java:mayWait(149)) - 964c97d4-fbb7-48cf-b727-382e7669b5e9@group-F842E1832D96->abe27936-fa37-414d-b2e1-4e10a1c095a6-GrpcLogAppender: Wait interrupted by java.lang.InterruptedException
2019-10-19 01:26:56,801 [ForkJoinPool.commonPool-worker-0] INFO  impl.PendingRequests (PendingRequests.java:sendNotLeaderResponses(202)) - 964c97d4-fbb7-48cf-b727-382e7669b5e9@group-F842E1832D96-PendingRequests: sendNotLeaderResponses
2019-10-19 01:26:56,802 [ForkJoinPool.commonPool-worker-0] INFO  impl.StateMachineUpdater (StateMachineUpdater.java:stopAndJoin(136)) - 964c97d4-fbb7-48cf-b727-382e7669b5e9@group-F842E1832D96-StateMachineUpdater: set stopIndex = 18
2019-10-19 01:26:56,803 [964c97d4-fbb7-48cf-b727-382e7669b5e9@group-F842E1832D96-StateMachineUpdater] INFO  ratis.ContainerStateMachine (ContainerStateMachine.java:takeSnapshot(294)) - group-F842E1832D96: Taking a snapshot at:(t:6, i:12) file /workdir/hadoop-ozone/integration-test/target/test-dir/MiniOzoneClusterImpl-be769f72-d0ac-4a2c-8dca-159e9fc5eefe/datanode-0/data/ratis/72b83858-5b43-40ac-9506-f842e1832d96/sm/snapshot.6_12
2019-10-19 01:26:56,803 [grpc-default-executor-4] INFO  server.GrpcServerProtocolService (GrpcServerProtocolService.java:onCompleted(113)) - abe27936-fa37-414d-b2e1-4e10a1c095a6: Completed APPEND_ENTRIES, lastRequest: 964c97d4-fbb7-48cf-b727-382e7669b5e9->abe27936-fa37-414d-b2e1-4e10a1c095a6#29-t7, previous=(t:7, i:18), leaderCommit=18, initializing? false, entries: <empty>
2019-10-19 01:26:56,804 [grpc-default-executor-4] INFO  server.GrpcLogAppender (GrpcLogAppender.java:onCompleted(308)) - 964c97d4-fbb7-48cf-b727-382e7669b5e9@group-F842E1832D96->abe27936-fa37-414d-b2e1-4e10a1c095a6-AppendLogResponseHandler: follower responses appendEntries COMPLETED
2019-10-19 01:26:56,805 [grpc-default-executor-4] INFO  impl.FollowerInfo (FollowerInfo.java:lambda$new$0(51)) - 964c97d4-fbb7-48cf-b727-382e7669b5e9@group-F842E1832D96->abe27936-fa37-414d-b2e1-4e10a1c095a6: nextIndex: updateUnconditionally 19 -> 18
2019-10-19 01:26:56,810 [refreshUsed-/workdir/hadoop-ozone/integration-test/target/test-dir/MiniOzoneClusterImpl-be769f72-d0ac-4a2c-8dca-159e9fc5eefe/datanode-9/data/containers] WARN  fs.CachingGetSpaceUsed (CachingGetSpaceUsed.java:run(183)) - Thread Interrupted waiting to refresh disk information: sleep interrupted
2019-10-19 01:26:56,814 [964c97d4-fbb7-48cf-b727-382e7669b5e9@group-F842E1832D96-StateMachineUpdater] INFO  ratis.ContainerStateMachine (ContainerStateMachine.java:takeSnapshot(305)) - group-F842E1832D96: Finished taking a snapshot at:(t:6, i:12) file:/workdir/hadoop-ozone/integration-test/target/test-dir/MiniOzoneClusterImpl-be769f72-d0ac-4a2c-8dca-159e9fc5eefe/datanode-0/data/ratis/72b83858-5b43-40ac-9506-f842e1832d96/sm/snapshot.6_12 time:11
2019-10-19 01:26:56,814 [964c97d4-fbb7-48cf-b727-382e7669b5e9@group-F842E1832D96-StateMachineUpdater] INFO  impl.StateMachineUpdater (StateMachineUpdater.java:takeSnapshot(269)) - 964c97d4-fbb7-48cf-b727-382e7669b5e9@group-F842E1832D96-StateMachineUpdater: Took a snapshot at index 12
2019-10-19 01:26:56,814 [964c97d4-fbb7-48cf-b727-382e7669b5e9@group-F842E1832D96-StateMachineUpdater] INFO  impl.StateMachineUpdater (StateMachineUpdater.java:lambda$new$0(84)) - 964c97d4-fbb7-48cf-b727-382e7669b5e9@group-F842E1832D96-StateMachineUpdater: snapshotIndex: updateIncreasingly -1 -> 12
2019-10-19 01:26:56,814 [964c97d4-fbb7-48cf-b727-382e7669b5e9@group-F842E1832D96-StateMachineUpdater] INFO  ratis.ContainerStateMachine (ContainerStateMachine.java:takeSnapshot(294)) - group-F842E1832D96: Taking a snapshot at:(t:6, i:12) file /workdir/hadoop-ozone/integration-test/target/test-dir/MiniOzoneClusterImpl-be769f72-d0ac-4a2c-8dca-159e9fc5eefe/datanode-0/data/ratis/72b83858-5b43-40ac-9506-f842e1832d96/sm/snapshot.6_12
2019-10-19 01:26:56,821 [main] INFO  utils.BackgroundService (BackgroundService.java:shutdown(151)) - Shutting down service BlockDeletingService
2019-10-19 01:26:56,824 [main] INFO  statemachine.DatanodeStateMachine (DatanodeStateMachine.java:stopDaemon(395)) - Ozone container server stopped.
2019-10-19 01:26:56,825 [main] INFO  handler.ContextHandler (ContextHandler.java:doStop(910)) - Stopped o.e.j.w.WebAppContext@10c72a6f{/,null,UNAVAILABLE}{/hddsDatanode}
2019-10-19 01:26:56,826 [main] INFO  server.AbstractConnector (AbstractConnector.java:doStop(318)) - Stopped ServerConnector@70e94ecb{HTTP/1.1,[http/1.1]}{0.0.0.0:0}
2019-10-19 01:26:56,826 [main] INFO  handler.ContextHandler (ContextHandler.java:doStop(910)) - Stopped o.e.j.s.ServletContextHandler@19a64eae{/static,jar:file:/home/user/.m2/repository/org/apache/hadoop/hadoop-hdds-container-service/0.5.0-SNAPSHOT/hadoop-hdds-container-service-0.5.0-SNAPSHOT.jar!/webapps/static,UNAVAILABLE}
2019-10-19 01:26:56,826 [main] INFO  handler.ContextHandler (ContextHandler.java:doStop(910)) - Stopped o.e.j.s.ServletContextHandler@6cbd0674{/logs,file:///workdir/hadoop-ozone/integration-test/target/log,UNAVAILABLE}
2019-10-19 01:26:56,831 [Datanode State Machine Thread - 0] INFO  statemachine.DatanodeStateMachine (DatanodeStateMachine.java:lambda$startDaemon$0(350)) - Ozone container server started.
2019-10-19 01:26:56,858 [964c97d4-fbb7-48cf-b727-382e7669b5e9@group-F842E1832D96-StateMachineUpdater] INFO  ratis.ContainerStateMachine (ContainerStateMachine.java:takeSnapshot(305)) - group-F842E1832D96: Finished taking a snapshot at:(t:6, i:12) file:/workdir/hadoop-ozone/integration-test/target/test-dir/MiniOzoneClusterImpl-be769f72-d0ac-4a2c-8dca-159e9fc5eefe/datanode-0/data/ratis/72b83858-5b43-40ac-9506-f842e1832d96/sm/snapshot.6_12 time:44
2019-10-19 01:26:56,859 [964c97d4-fbb7-48cf-b727-382e7669b5e9@group-F842E1832D96-StateMachineUpdater] INFO  impl.StateMachineUpdater (StateMachineUpdater.java:takeSnapshot(269)) - 964c97d4-fbb7-48cf-b727-382e7669b5e9@group-F842E1832D96-StateMachineUpdater: Took a snapshot at index 12
2019-10-19 01:26:56,859 [964c97d4-fbb7-48cf-b727-382e7669b5e9@group-F842E1832D96-StateMachineUpdater] INFO  impl.StateMachineUpdater (StateMachineUpdater.java:lambda$new$0(84)) - 964c97d4-fbb7-48cf-b727-382e7669b5e9@group-F842E1832D96-StateMachineUpdater: snapshotIndex: updateIncreasingly 12 -> 12
2019-10-19 01:26:56,859 [ForkJoinPool.commonPool-worker-0] INFO  impl.RaftServerImpl (ServerState.java:close(388)) - 964c97d4-fbb7-48cf-b727-382e7669b5e9@group-F842E1832D96: closes. applyIndex: 18
2019-10-19 01:26:56,860 [964c97d4-fbb7-48cf-b727-382e7669b5e9@group-F842E1832D96-SegmentedRaftLogWorker] INFO  segmented.SegmentedRaftLogWorker (SegmentedRaftLogWorker.java:run(316)) - 964c97d4-fbb7-48cf-b727-382e7669b5e9@group-F842E1832D96-SegmentedRaftLogWorker was interrupted, exiting. There are 0 tasks remaining in the queue.
2019-10-19 01:26:56,860 [ForkJoinPool.commonPool-worker-0] INFO  segmented.SegmentedRaftLogWorker (SegmentedRaftLogWorker.java:close(224)) - 964c97d4-fbb7-48cf-b727-382e7669b5e9@group-F842E1832D96-SegmentedRaftLogWorker close()
2019-10-19 01:26:56,861 [ForkJoinPool.commonPool-worker-0] INFO  server.GrpcService (GrpcService.java:closeImpl(164)) - 964c97d4-fbb7-48cf-b727-382e7669b5e9: shutdown server with port 42114 now
2019-10-19 01:26:56,861 [ForkJoinPool.commonPool-worker-0] INFO  server.GrpcService (GrpcService.java:closeImpl(172)) - 964c97d4-fbb7-48cf-b727-382e7669b5e9: shutdown server with port 42114 successfully
2019-10-19 01:26:56,863 [refreshUsed-/workdir/hadoop-ozone/integration-test/target/test-dir/MiniOzoneClusterImpl-be769f72-d0ac-4a2c-8dca-159e9fc5eefe/datanode-0/data/containers] WARN  fs.CachingGetSpaceUsed (CachingGetSpaceUsed.java:run(183)) - Thread Interrupted waiting to refresh disk information: sleep interrupted
2019-10-19 01:26:56,878 [ForkJoinPool.commonPool-worker-0] INFO  utils.BackgroundService (BackgroundService.java:shutdown(151)) - Shutting down service BlockDeletingService
2019-10-19 01:26:56,880 [ForkJoinPool.commonPool-worker-0] INFO  statemachine.DatanodeStateMachine (DatanodeStateMachine.java:stopDaemon(395)) - Ozone container server stopped.
2019-10-19 01:26:56,883 [ForkJoinPool.commonPool-worker-0] INFO  handler.ContextHandler (ContextHandler.java:doStop(910)) - Stopped o.e.j.w.WebAppContext@61cd1c71{/,null,UNAVAILABLE}{/hddsDatanode}
2019-10-19 01:26:56,884 [ForkJoinPool.commonPool-worker-0] INFO  server.AbstractConnector (AbstractConnector.java:doStop(318)) - Stopped ServerConnector@6724cdec{HTTP/1.1,[http/1.1]}{0.0.0.0:0}
2019-10-19 01:26:56,884 [ForkJoinPool.commonPool-worker-0] INFO  handler.ContextHandler (ContextHandler.java:doStop(910)) - Stopped o.e.j.s.ServletContextHandler@13d9261f{/static,jar:file:/home/user/.m2/repository/org/apache/hadoop/hadoop-hdds-container-service/0.5.0-SNAPSHOT/hadoop-hdds-container-service-0.5.0-SNAPSHOT.jar!/webapps/static,UNAVAILABLE}
2019-10-19 01:26:56,885 [ForkJoinPool.commonPool-worker-0] INFO  handler.ContextHandler (ContextHandler.java:doStop(910)) - Stopped o.e.j.s.ServletContextHandler@644ded04{/logs,file:///workdir/hadoop-ozone/integration-test/target/log,UNAVAILABLE}
2019-10-19 01:26:57,174 [Thread-1823] INFO  impl.FollowerState (FollowerState.java:run(108)) - 774c78e1-8dd4-453d-975e-442189a07fe2@group-31C3DC938042-FollowerState: change to CANDIDATE, lastRpcTime:1045ms, electionTimeout:1045ms
2019-10-19 01:26:57,174 [Thread-1823] INFO  impl.RoleInfo (RoleInfo.java:shutdownFollowerState(121)) - 774c78e1-8dd4-453d-975e-442189a07fe2: shutdown FollowerState
2019-10-19 01:26:57,174 [Thread-1823] INFO  impl.RaftServerImpl (RaftServerImpl.java:setRole(184)) - 774c78e1-8dd4-453d-975e-442189a07fe2@group-31C3DC938042: changes role from  FOLLOWER to CANDIDATE at term 193 for changeToCandidate
2019-10-19 01:26:57,174 [Thread-1823] INFO  impl.RoleInfo (RoleInfo.java:updateAndGet(143)) - 774c78e1-8dd4-453d-975e-442189a07fe2: start LeaderElection
2019-10-19 01:26:57,189 [774c78e1-8dd4-453d-975e-442189a07fe2@group-31C3DC938042-LeaderElection209] INFO  impl.LeaderElection (LeaderElection.java:askForVotes(178)) - 774c78e1-8dd4-453d-975e-442189a07fe2@group-31C3DC938042-LeaderElection209: begin an election at term 194 for 0: [774c78e1-8dd4-453d-975e-442189a07fe2:192.168.157.242:38712, 7247ad7d-2ca2-4af8-9337-77c07ea89cb3:192.168.157.242:42362, 8bce6a00-3bba-419d-83ac-b35141b6b559:192.168.157.242:37801], old=null
2019-10-19 01:26:57,190 [774c78e1-8dd4-453d-975e-442189a07fe2@group-31C3DC938042-LeaderElection209] INFO  impl.LeaderElection (LogUtils.java:infoOrTrace(149)) - 774c78e1-8dd4-453d-975e-442189a07fe2@group-31C3DC938042-LeaderElection209 got exception when requesting votes: {}
java.util.concurrent.ExecutionException: org.apache.ratis.thirdparty.io.grpc.StatusRuntimeException: UNAVAILABLE: io exception
	at java.util.concurrent.FutureTask.report(FutureTask.java:122)
	at java.util.concurrent.FutureTask.get(FutureTask.java:192)
	at org.apache.ratis.server.impl.LeaderElection.waitForResults(LeaderElection.java:259)
	at org.apache.ratis.server.impl.LeaderElection.askForVotes(LeaderElection.java:197)
	at org.apache.ratis.server.impl.LeaderElection.run(LeaderElection.java:133)
	at java.lang.Thread.run(Thread.java:748)
Caused by: org.apache.ratis.thirdparty.io.grpc.StatusRuntimeException: UNAVAILABLE: io exception
	at org.apache.ratis.thirdparty.io.grpc.stub.ClientCalls.toStatusRuntimeException(ClientCalls.java:233)
	at org.apache.ratis.thirdparty.io.grpc.stub.ClientCalls.getUnchecked(ClientCalls.java:214)
	at org.apache.ratis.thirdparty.io.grpc.stub.ClientCalls.blockingUnaryCall(ClientCalls.java:139)
	at org.apache.ratis.proto.grpc.RaftServerProtocolServiceGrpc$RaftServerProtocolServiceBlockingStub.requestVote(RaftServerProtocolServiceGrpc.java:265)
	at org.apache.ratis.grpc.server.GrpcServerProtocolClient.requestVote(GrpcServerProtocolClient.java:99)
	at org.apache.ratis.grpc.server.GrpcService.requestVote(GrpcService.java:204)
	at org.apache.ratis.server.impl.LeaderElection.lambda$submitRequests$1(LeaderElection.java:234)
	at java.util.concurrent.FutureTask.run(FutureTask.java:266)
	at java.util.concurrent.Executors$RunnableAdapter.call(Executors.java:511)
	at java.util.concurrent.FutureTask.run(FutureTask.java:266)
	at java.util.concurrent.ThreadPoolExecutor.runWorker(ThreadPoolExecutor.java:1149)
	at java.util.concurrent.ThreadPoolExecutor$Worker.run(ThreadPoolExecutor.java:624)
	... 1 more
Caused by: org.apache.ratis.thirdparty.io.netty.channel.AbstractChannel$AnnotatedConnectException: Connection refused: /192.168.157.242:42362
	at sun.nio.ch.SocketChannelImpl.checkConnect(Native Method)
	at sun.nio.ch.SocketChannelImpl.finishConnect(SocketChannelImpl.java:717)
	at org.apache.ratis.thirdparty.io.netty.channel.socket.nio.NioSocketChannel.doFinishConnect(NioSocketChannel.java:327)
	at org.apache.ratis.thirdparty.io.netty.channel.nio.AbstractNioChannel$AbstractNioUnsafe.finishConnect(AbstractNioChannel.java:340)
	at org.apache.ratis.thirdparty.io.netty.channel.nio.NioEventLoop.processSelectedKey(NioEventLoop.java:632)
	at org.apache.ratis.thirdparty.io.netty.channel.nio.NioEventLoop.processSelectedKeysOptimized(NioEventLoop.java:579)
	at org.apache.ratis.thirdparty.io.netty.channel.nio.NioEventLoop.processSelectedKeys(NioEventLoop.java:496)
	at org.apache.ratis.thirdparty.io.netty.channel.nio.NioEventLoop.run(NioEventLoop.java:458)
	at org.apache.ratis.thirdparty.io.netty.util.concurrent.SingleThreadEventExecutor$5.run(SingleThreadEventExecutor.java:897)
	at org.apache.ratis.thirdparty.io.netty.util.concurrent.FastThreadLocalRunnable.run(FastThreadLocalRunnable.java:30)
	... 1 more
Caused by: java.net.ConnectException: Connection refused
	... 11 more
2019-10-19 01:26:57,190 [774c78e1-8dd4-453d-975e-442189a07fe2@group-31C3DC938042-LeaderElection209] INFO  impl.LeaderElection (LogUtils.java:infoOrTrace(149)) - 774c78e1-8dd4-453d-975e-442189a07fe2@group-31C3DC938042-LeaderElection209 got exception when requesting votes: {}
java.util.concurrent.ExecutionException: org.apache.ratis.thirdparty.io.grpc.StatusRuntimeException: UNAVAILABLE: io exception
	at java.util.concurrent.FutureTask.report(FutureTask.java:122)
	at java.util.concurrent.FutureTask.get(FutureTask.java:192)
	at org.apache.ratis.server.impl.LeaderElection.waitForResults(LeaderElection.java:259)
	at org.apache.ratis.server.impl.LeaderElection.askForVotes(LeaderElection.java:197)
	at org.apache.ratis.server.impl.LeaderElection.run(LeaderElection.java:133)
	at java.lang.Thread.run(Thread.java:748)
Caused by: org.apache.ratis.thirdparty.io.grpc.StatusRuntimeException: UNAVAILABLE: io exception
	at org.apache.ratis.thirdparty.io.grpc.stub.ClientCalls.toStatusRuntimeException(ClientCalls.java:233)
	at org.apache.ratis.thirdparty.io.grpc.stub.ClientCalls.getUnchecked(ClientCalls.java:214)
	at org.apache.ratis.thirdparty.io.grpc.stub.ClientCalls.blockingUnaryCall(ClientCalls.java:139)
	at org.apache.ratis.proto.grpc.RaftServerProtocolServiceGrpc$RaftServerProtocolServiceBlockingStub.requestVote(RaftServerProtocolServiceGrpc.java:265)
	at org.apache.ratis.grpc.server.GrpcServerProtocolClient.requestVote(GrpcServerProtocolClient.java:99)
	at org.apache.ratis.grpc.server.GrpcService.requestVote(GrpcService.java:204)
	at org.apache.ratis.server.impl.LeaderElection.lambda$submitRequests$1(LeaderElection.java:234)
	at java.util.concurrent.FutureTask.run(FutureTask.java:266)
	at java.util.concurrent.Executors$RunnableAdapter.call(Executors.java:511)
	at java.util.concurrent.FutureTask.run(FutureTask.java:266)
	at java.util.concurrent.ThreadPoolExecutor.runWorker(ThreadPoolExecutor.java:1149)
	at java.util.concurrent.ThreadPoolExecutor$Worker.run(ThreadPoolExecutor.java:624)
	... 1 more
Caused by: org.apache.ratis.thirdparty.io.netty.channel.AbstractChannel$AnnotatedConnectException: Connection refused: /192.168.157.242:37801
	at sun.nio.ch.SocketChannelImpl.checkConnect(Native Method)
	at sun.nio.ch.SocketChannelImpl.finishConnect(SocketChannelImpl.java:717)
	at org.apache.ratis.thirdparty.io.netty.channel.socket.nio.NioSocketChannel.doFinishConnect(NioSocketChannel.java:327)
	at org.apache.ratis.thirdparty.io.netty.channel.nio.AbstractNioChannel$AbstractNioUnsafe.finishConnect(AbstractNioChannel.java:340)
	at org.apache.ratis.thirdparty.io.netty.channel.nio.NioEventLoop.processSelectedKey(NioEventLoop.java:632)
	at org.apache.ratis.thirdparty.io.netty.channel.nio.NioEventLoop.processSelectedKeysOptimized(NioEventLoop.java:579)
	at org.apache.ratis.thirdparty.io.netty.channel.nio.NioEventLoop.processSelectedKeys(NioEventLoop.java:496)
	at org.apache.ratis.thirdparty.io.netty.channel.nio.NioEventLoop.run(NioEventLoop.java:458)
	at org.apache.ratis.thirdparty.io.netty.util.concurrent.SingleThreadEventExecutor$5.run(SingleThreadEventExecutor.java:897)
	at org.apache.ratis.thirdparty.io.netty.util.concurrent.FastThreadLocalRunnable.run(FastThreadLocalRunnable.java:30)
	... 1 more
Caused by: java.net.ConnectException: Connection refused
	... 11 more
2019-10-19 01:26:57,190 [774c78e1-8dd4-453d-975e-442189a07fe2@group-31C3DC938042-LeaderElection209] INFO  impl.LeaderElection (LeaderElection.java:logAndReturn(56)) - 774c78e1-8dd4-453d-975e-442189a07fe2@group-31C3DC938042-LeaderElection209: Election REJECTED; received 0 response(s) [] and 2 exception(s); 774c78e1-8dd4-453d-975e-442189a07fe2@group-31C3DC938042:t194, leader=null, voted=774c78e1-8dd4-453d-975e-442189a07fe2, raftlog=774c78e1-8dd4-453d-975e-442189a07fe2@group-31C3DC938042-SegmentedRaftLog:OPENED:c-1,f0,i0, conf=0: [774c78e1-8dd4-453d-975e-442189a07fe2:192.168.157.242:38712, 7247ad7d-2ca2-4af8-9337-77c07ea89cb3:192.168.157.242:42362, 8bce6a00-3bba-419d-83ac-b35141b6b559:192.168.157.242:37801], old=null
2019-10-19 01:26:57,190 [774c78e1-8dd4-453d-975e-442189a07fe2@group-31C3DC938042-LeaderElection209] INFO  impl.LeaderElection (LogUtils.java:infoOrTrace(149)) -   Exception 0: {}
java.util.concurrent.ExecutionException: org.apache.ratis.thirdparty.io.grpc.StatusRuntimeException: UNAVAILABLE: io exception
	at java.util.concurrent.FutureTask.report(FutureTask.java:122)
	at java.util.concurrent.FutureTask.get(FutureTask.java:192)
	at org.apache.ratis.server.impl.LeaderElection.waitForResults(LeaderElection.java:259)
	at org.apache.ratis.server.impl.LeaderElection.askForVotes(LeaderElection.java:197)
	at org.apache.ratis.server.impl.LeaderElection.run(LeaderElection.java:133)
	at java.lang.Thread.run(Thread.java:748)
Caused by: org.apache.ratis.thirdparty.io.grpc.StatusRuntimeException: UNAVAILABLE: io exception
	at org.apache.ratis.thirdparty.io.grpc.stub.ClientCalls.toStatusRuntimeException(ClientCalls.java:233)
	at org.apache.ratis.thirdparty.io.grpc.stub.ClientCalls.getUnchecked(ClientCalls.java:214)
	at org.apache.ratis.thirdparty.io.grpc.stub.ClientCalls.blockingUnaryCall(ClientCalls.java:139)
	at org.apache.ratis.proto.grpc.RaftServerProtocolServiceGrpc$RaftServerProtocolServiceBlockingStub.requestVote(RaftServerProtocolServiceGrpc.java:265)
	at org.apache.ratis.grpc.server.GrpcServerProtocolClient.requestVote(GrpcServerProtocolClient.java:99)
	at org.apache.ratis.grpc.server.GrpcService.requestVote(GrpcService.java:204)
	at org.apache.ratis.server.impl.LeaderElection.lambda$submitRequests$1(LeaderElection.java:234)
	at java.util.concurrent.FutureTask.run(FutureTask.java:266)
	at java.util.concurrent.Executors$RunnableAdapter.call(Executors.java:511)
	at java.util.concurrent.FutureTask.run(FutureTask.java:266)
	at java.util.concurrent.ThreadPoolExecutor.runWorker(ThreadPoolExecutor.java:1149)
	at java.util.concurrent.ThreadPoolExecutor$Worker.run(ThreadPoolExecutor.java:624)
	... 1 more
Caused by: org.apache.ratis.thirdparty.io.netty.channel.AbstractChannel$AnnotatedConnectException: Connection refused: /192.168.157.242:42362
	at sun.nio.ch.SocketChannelImpl.checkConnect(Native Method)
	at sun.nio.ch.SocketChannelImpl.finishConnect(SocketChannelImpl.java:717)
	at org.apache.ratis.thirdparty.io.netty.channel.socket.nio.NioSocketChannel.doFinishConnect(NioSocketChannel.java:327)
	at org.apache.ratis.thirdparty.io.netty.channel.nio.AbstractNioChannel$AbstractNioUnsafe.finishConnect(AbstractNioChannel.java:340)
	at org.apache.ratis.thirdparty.io.netty.channel.nio.NioEventLoop.processSelectedKey(NioEventLoop.java:632)
	at org.apache.ratis.thirdparty.io.netty.channel.nio.NioEventLoop.processSelectedKeysOptimized(NioEventLoop.java:579)
	at org.apache.ratis.thirdparty.io.netty.channel.nio.NioEventLoop.processSelectedKeys(NioEventLoop.java:496)
	at org.apache.ratis.thirdparty.io.netty.channel.nio.NioEventLoop.run(NioEventLoop.java:458)
	at org.apache.ratis.thirdparty.io.netty.util.concurrent.SingleThreadEventExecutor$5.run(SingleThreadEventExecutor.java:897)
	at org.apache.ratis.thirdparty.io.netty.util.concurrent.FastThreadLocalRunnable.run(FastThreadLocalRunnable.java:30)
	... 1 more
Caused by: java.net.ConnectException: Connection refused
	... 11 more
2019-10-19 01:26:57,191 [774c78e1-8dd4-453d-975e-442189a07fe2@group-31C3DC938042-LeaderElection209] INFO  impl.LeaderElection (LogUtils.java:infoOrTrace(149)) -   Exception 1: {}
java.util.concurrent.ExecutionException: org.apache.ratis.thirdparty.io.grpc.StatusRuntimeException: UNAVAILABLE: io exception
	at java.util.concurrent.FutureTask.report(FutureTask.java:122)
	at java.util.concurrent.FutureTask.get(FutureTask.java:192)
	at org.apache.ratis.server.impl.LeaderElection.waitForResults(LeaderElection.java:259)
	at org.apache.ratis.server.impl.LeaderElection.askForVotes(LeaderElection.java:197)
	at org.apache.ratis.server.impl.LeaderElection.run(LeaderElection.java:133)
	at java.lang.Thread.run(Thread.java:748)
Caused by: org.apache.ratis.thirdparty.io.grpc.StatusRuntimeException: UNAVAILABLE: io exception
	at org.apache.ratis.thirdparty.io.grpc.stub.ClientCalls.toStatusRuntimeException(ClientCalls.java:233)
	at org.apache.ratis.thirdparty.io.grpc.stub.ClientCalls.getUnchecked(ClientCalls.java:214)
	at org.apache.ratis.thirdparty.io.grpc.stub.ClientCalls.blockingUnaryCall(ClientCalls.java:139)
	at org.apache.ratis.proto.grpc.RaftServerProtocolServiceGrpc$RaftServerProtocolServiceBlockingStub.requestVote(RaftServerProtocolServiceGrpc.java:265)
	at org.apache.ratis.grpc.server.GrpcServerProtocolClient.requestVote(GrpcServerProtocolClient.java:99)
	at org.apache.ratis.grpc.server.GrpcService.requestVote(GrpcService.java:204)
	at org.apache.ratis.server.impl.LeaderElection.lambda$submitRequests$1(LeaderElection.java:234)
	at java.util.concurrent.FutureTask.run(FutureTask.java:266)
	at java.util.concurrent.Executors$RunnableAdapter.call(Executors.java:511)
	at java.util.concurrent.FutureTask.run(FutureTask.java:266)
	at java.util.concurrent.ThreadPoolExecutor.runWorker(ThreadPoolExecutor.java:1149)
	at java.util.concurrent.ThreadPoolExecutor$Worker.run(ThreadPoolExecutor.java:624)
	... 1 more
Caused by: org.apache.ratis.thirdparty.io.netty.channel.AbstractChannel$AnnotatedConnectException: Connection refused: /192.168.157.242:37801
	at sun.nio.ch.SocketChannelImpl.checkConnect(Native Method)
	at sun.nio.ch.SocketChannelImpl.finishConnect(SocketChannelImpl.java:717)
	at org.apache.ratis.thirdparty.io.netty.channel.socket.nio.NioSocketChannel.doFinishConnect(NioSocketChannel.java:327)
	at org.apache.ratis.thirdparty.io.netty.channel.nio.AbstractNioChannel$AbstractNioUnsafe.finishConnect(AbstractNioChannel.java:340)
	at org.apache.ratis.thirdparty.io.netty.channel.nio.NioEventLoop.processSelectedKey(NioEventLoop.java:632)
	at org.apache.ratis.thirdparty.io.netty.channel.nio.NioEventLoop.processSelectedKeysOptimized(NioEventLoop.java:579)
	at org.apache.ratis.thirdparty.io.netty.channel.nio.NioEventLoop.processSelectedKeys(NioEventLoop.java:496)
	at org.apache.ratis.thirdparty.io.netty.channel.nio.NioEventLoop.run(NioEventLoop.java:458)
	at org.apache.ratis.thirdparty.io.netty.util.concurrent.SingleThreadEventExecutor$5.run(SingleThreadEventExecutor.java:897)
	at org.apache.ratis.thirdparty.io.netty.util.concurrent.FastThreadLocalRunnable.run(FastThreadLocalRunnable.java:30)
	... 1 more
Caused by: java.net.ConnectException: Connection refused
	... 11 more
2019-10-19 01:26:57,191 [774c78e1-8dd4-453d-975e-442189a07fe2@group-31C3DC938042-LeaderElection209] INFO  impl.RaftServerImpl (RaftServerImpl.java:setRole(184)) - 774c78e1-8dd4-453d-975e-442189a07fe2@group-31C3DC938042: changes role from CANDIDATE to FOLLOWER at term 194 for DISCOVERED_A_NEW_TERM
2019-10-19 01:26:57,191 [774c78e1-8dd4-453d-975e-442189a07fe2@group-31C3DC938042-LeaderElection209] INFO  impl.RoleInfo (RoleInfo.java:shutdownLeaderElection(134)) - 774c78e1-8dd4-453d-975e-442189a07fe2: shutdown LeaderElection
2019-10-19 01:26:57,191 [774c78e1-8dd4-453d-975e-442189a07fe2@group-31C3DC938042-LeaderElection209] INFO  impl.RoleInfo (RoleInfo.java:updateAndGet(143)) - 774c78e1-8dd4-453d-975e-442189a07fe2: start FollowerState
2019-10-19 01:26:57,847 [Datanode State Machine Thread - 0] INFO  statemachine.DatanodeStateMachine (DatanodeStateMachine.java:lambda$startDaemon$0(350)) - Ozone container server started.
2019-10-19 01:26:58,130 [Thread-1452] INFO  impl.FollowerState (FollowerState.java:run(108)) - abe27936-fa37-414d-b2e1-4e10a1c095a6@group-F842E1832D96-FollowerState: change to CANDIDATE, lastRpcTime:1429ms, electionTimeout:1129ms
2019-10-19 01:26:58,130 [Thread-1452] INFO  impl.RoleInfo (RoleInfo.java:shutdownFollowerState(121)) - abe27936-fa37-414d-b2e1-4e10a1c095a6: shutdown FollowerState
2019-10-19 01:26:58,130 [Thread-1452] INFO  impl.RaftServerImpl (RaftServerImpl.java:setRole(184)) - abe27936-fa37-414d-b2e1-4e10a1c095a6@group-F842E1832D96: changes role from  FOLLOWER to CANDIDATE at term 7 for changeToCandidate
2019-10-19 01:26:58,131 [Thread-1452] INFO  impl.RoleInfo (RoleInfo.java:updateAndGet(143)) - abe27936-fa37-414d-b2e1-4e10a1c095a6: start LeaderElection
2019-10-19 01:26:58,134 [abe27936-fa37-414d-b2e1-4e10a1c095a6@group-F842E1832D96-LeaderElection210] INFO  impl.RaftServerImpl (ServerState.java:setLeader(256)) - abe27936-fa37-414d-b2e1-4e10a1c095a6@group-F842E1832D96: change Leader from 964c97d4-fbb7-48cf-b727-382e7669b5e9 to null at term 7 for initElection
2019-10-19 01:26:58,141 [java.util.concurrent.ThreadPoolExecutor$Worker@7e604fd[State = -1, empty queue]] WARN  server.GrpcLogAppender (GrpcLogAppender.java:timeoutAppendRequest(209)) - 964c97d4-fbb7-48cf-b727-382e7669b5e9@group-F842E1832D96->236187ad-c3a6-4195-8acc-6254fb470a95-GrpcLogAppender: appendEntries Timeout, request=964c97d4-fbb7-48cf-b727-382e7669b5e9->236187ad-c3a6-4195-8acc-6254fb470a95#4-t7, previous=(t:6, i:16), leaderCommit=18, initializing? false, entries: <empty>
2019-10-19 01:26:58,145 [abe27936-fa37-414d-b2e1-4e10a1c095a6@group-F842E1832D96-LeaderElection210] INFO  impl.LeaderElection (LeaderElection.java:askForVotes(178)) - abe27936-fa37-414d-b2e1-4e10a1c095a6@group-F842E1832D96-LeaderElection210: begin an election at term 8 for 17: [236187ad-c3a6-4195-8acc-6254fb470a95:192.168.157.242:36973, 964c97d4-fbb7-48cf-b727-382e7669b5e9:192.168.157.242:42114, abe27936-fa37-414d-b2e1-4e10a1c095a6:192.168.157.242:42932], old=null
2019-10-19 01:26:58,149 [abe27936-fa37-414d-b2e1-4e10a1c095a6@group-F842E1832D96-LeaderElection210] INFO  impl.LeaderElection (LogUtils.java:infoOrTrace(149)) - abe27936-fa37-414d-b2e1-4e10a1c095a6@group-F842E1832D96-LeaderElection210 got exception when requesting votes: {}
java.util.concurrent.ExecutionException: org.apache.ratis.thirdparty.io.grpc.StatusRuntimeException: UNAVAILABLE: io exception
	at java.util.concurrent.FutureTask.report(FutureTask.java:122)
	at java.util.concurrent.FutureTask.get(FutureTask.java:192)
	at org.apache.ratis.server.impl.LeaderElection.waitForResults(LeaderElection.java:259)
	at org.apache.ratis.server.impl.LeaderElection.askForVotes(LeaderElection.java:197)
	at org.apache.ratis.server.impl.LeaderElection.run(LeaderElection.java:133)
	at java.lang.Thread.run(Thread.java:748)
Caused by: org.apache.ratis.thirdparty.io.grpc.StatusRuntimeException: UNAVAILABLE: io exception
	at org.apache.ratis.thirdparty.io.grpc.stub.ClientCalls.toStatusRuntimeException(ClientCalls.java:233)
	at org.apache.ratis.thirdparty.io.grpc.stub.ClientCalls.getUnchecked(ClientCalls.java:214)
	at org.apache.ratis.thirdparty.io.grpc.stub.ClientCalls.blockingUnaryCall(ClientCalls.java:139)
	at org.apache.ratis.proto.grpc.RaftServerProtocolServiceGrpc$RaftServerProtocolServiceBlockingStub.requestVote(RaftServerProtocolServiceGrpc.java:265)
	at org.apache.ratis.grpc.server.GrpcServerProtocolClient.requestVote(GrpcServerProtocolClient.java:99)
	at org.apache.ratis.grpc.server.GrpcService.requestVote(GrpcService.java:204)
	at org.apache.ratis.server.impl.LeaderElection.lambda$submitRequests$1(LeaderElection.java:234)
	at java.util.concurrent.FutureTask.run(FutureTask.java:266)
	at java.util.concurrent.Executors$RunnableAdapter.call(Executors.java:511)
	at java.util.concurrent.FutureTask.run(FutureTask.java:266)
	at java.util.concurrent.ThreadPoolExecutor.runWorker(ThreadPoolExecutor.java:1149)
	at java.util.concurrent.ThreadPoolExecutor$Worker.run(ThreadPoolExecutor.java:624)
	... 1 more
Caused by: org.apache.ratis.thirdparty.io.netty.channel.AbstractChannel$AnnotatedConnectException: Connection refused: /192.168.157.242:36973
	at sun.nio.ch.SocketChannelImpl.checkConnect(Native Method)
	at sun.nio.ch.SocketChannelImpl.finishConnect(SocketChannelImpl.java:717)
	at org.apache.ratis.thirdparty.io.netty.channel.socket.nio.NioSocketChannel.doFinishConnect(NioSocketChannel.java:327)
	at org.apache.ratis.thirdparty.io.netty.channel.nio.AbstractNioChannel$AbstractNioUnsafe.finishConnect(AbstractNioChannel.java:340)
	at org.apache.ratis.thirdparty.io.netty.channel.nio.NioEventLoop.processSelectedKey(NioEventLoop.java:632)
	at org.apache.ratis.thirdparty.io.netty.channel.nio.NioEventLoop.processSelectedKeysOptimized(NioEventLoop.java:579)
	at org.apache.ratis.thirdparty.io.netty.channel.nio.NioEventLoop.processSelectedKeys(NioEventLoop.java:496)
	at org.apache.ratis.thirdparty.io.netty.channel.nio.NioEventLoop.run(NioEventLoop.java:458)
	at org.apache.ratis.thirdparty.io.netty.util.concurrent.SingleThreadEventExecutor$5.run(SingleThreadEventExecutor.java:897)
	at org.apache.ratis.thirdparty.io.netty.util.concurrent.FastThreadLocalRunnable.run(FastThreadLocalRunnable.java:30)
	... 1 more
Caused by: java.net.ConnectException: Connection refused
	... 11 more
2019-10-19 01:26:58,149 [abe27936-fa37-414d-b2e1-4e10a1c095a6@group-F842E1832D96-LeaderElection210] INFO  impl.LeaderElection (LogUtils.java:infoOrTrace(149)) - abe27936-fa37-414d-b2e1-4e10a1c095a6@group-F842E1832D96-LeaderElection210 got exception when requesting votes: {}
java.util.concurrent.ExecutionException: org.apache.ratis.thirdparty.io.grpc.StatusRuntimeException: UNAVAILABLE: io exception
	at java.util.concurrent.FutureTask.report(FutureTask.java:122)
	at java.util.concurrent.FutureTask.get(FutureTask.java:192)
	at org.apache.ratis.server.impl.LeaderElection.waitForResults(LeaderElection.java:259)
	at org.apache.ratis.server.impl.LeaderElection.askForVotes(LeaderElection.java:197)
	at org.apache.ratis.server.impl.LeaderElection.run(LeaderElection.java:133)
	at java.lang.Thread.run(Thread.java:748)
Caused by: org.apache.ratis.thirdparty.io.grpc.StatusRuntimeException: UNAVAILABLE: io exception
	at org.apache.ratis.thirdparty.io.grpc.stub.ClientCalls.toStatusRuntimeException(ClientCalls.java:233)
	at org.apache.ratis.thirdparty.io.grpc.stub.ClientCalls.getUnchecked(ClientCalls.java:214)
	at org.apache.ratis.thirdparty.io.grpc.stub.ClientCalls.blockingUnaryCall(ClientCalls.java:139)
	at org.apache.ratis.proto.grpc.RaftServerProtocolServiceGrpc$RaftServerProtocolServiceBlockingStub.requestVote(RaftServerProtocolServiceGrpc.java:265)
	at org.apache.ratis.grpc.server.GrpcServerProtocolClient.requestVote(GrpcServerProtocolClient.java:99)
	at org.apache.ratis.grpc.server.GrpcService.requestVote(GrpcService.java:204)
	at org.apache.ratis.server.impl.LeaderElection.lambda$submitRequests$1(LeaderElection.java:234)
	at java.util.concurrent.FutureTask.run(FutureTask.java:266)
	at java.util.concurrent.Executors$RunnableAdapter.call(Executors.java:511)
	at java.util.concurrent.FutureTask.run(FutureTask.java:266)
	at java.util.concurrent.ThreadPoolExecutor.runWorker(ThreadPoolExecutor.java:1149)
	at java.util.concurrent.ThreadPoolExecutor$Worker.run(ThreadPoolExecutor.java:624)
	... 1 more
Caused by: org.apache.ratis.thirdparty.io.netty.channel.AbstractChannel$AnnotatedConnectException: Connection refused: /192.168.157.242:42114
	at sun.nio.ch.SocketChannelImpl.checkConnect(Native Method)
	at sun.nio.ch.SocketChannelImpl.finishConnect(SocketChannelImpl.java:717)
	at org.apache.ratis.thirdparty.io.netty.channel.socket.nio.NioSocketChannel.doFinishConnect(NioSocketChannel.java:327)
	at org.apache.ratis.thirdparty.io.netty.channel.nio.AbstractNioChannel$AbstractNioUnsafe.finishConnect(AbstractNioChannel.java:340)
	at org.apache.ratis.thirdparty.io.netty.channel.nio.NioEventLoop.processSelectedKey(NioEventLoop.java:632)
	at org.apache.ratis.thirdparty.io.netty.channel.nio.NioEventLoop.processSelectedKeysOptimized(NioEventLoop.java:579)
	at org.apache.ratis.thirdparty.io.netty.channel.nio.NioEventLoop.processSelectedKeys(NioEventLoop.java:496)
	at org.apache.ratis.thirdparty.io.netty.channel.nio.NioEventLoop.run(NioEventLoop.java:458)
	at org.apache.ratis.thirdparty.io.netty.util.concurrent.SingleThreadEventExecutor$5.run(SingleThreadEventExecutor.java:897)
	at org.apache.ratis.thirdparty.io.netty.util.concurrent.FastThreadLocalRunnable.run(FastThreadLocalRunnable.java:30)
	... 1 more
Caused by: java.net.ConnectException: Connection refused
	... 11 more
2019-10-19 01:26:58,150 [abe27936-fa37-414d-b2e1-4e10a1c095a6@group-F842E1832D96-LeaderElection210] INFO  impl.LeaderElection (LeaderElection.java:logAndReturn(56)) - abe27936-fa37-414d-b2e1-4e10a1c095a6@group-F842E1832D96-LeaderElection210: Election REJECTED; received 0 response(s) [] and 2 exception(s); abe27936-fa37-414d-b2e1-4e10a1c095a6@group-F842E1832D96:t8, leader=null, voted=abe27936-fa37-414d-b2e1-4e10a1c095a6, raftlog=abe27936-fa37-414d-b2e1-4e10a1c095a6@group-F842E1832D96-SegmentedRaftLog:OPENED:c18,f18,i18, conf=17: [236187ad-c3a6-4195-8acc-6254fb470a95:192.168.157.242:36973, 964c97d4-fbb7-48cf-b727-382e7669b5e9:192.168.157.242:42114, abe27936-fa37-414d-b2e1-4e10a1c095a6:192.168.157.242:42932], old=null
2019-10-19 01:26:58,150 [abe27936-fa37-414d-b2e1-4e10a1c095a6@group-F842E1832D96-LeaderElection210] INFO  impl.LeaderElection (LogUtils.java:infoOrTrace(149)) -   Exception 0: {}
java.util.concurrent.ExecutionException: org.apache.ratis.thirdparty.io.grpc.StatusRuntimeException: UNAVAILABLE: io exception
	at java.util.concurrent.FutureTask.report(FutureTask.java:122)
	at java.util.concurrent.FutureTask.get(FutureTask.java:192)
	at org.apache.ratis.server.impl.LeaderElection.waitForResults(LeaderElection.java:259)
	at org.apache.ratis.server.impl.LeaderElection.askForVotes(LeaderElection.java:197)
	at org.apache.ratis.server.impl.LeaderElection.run(LeaderElection.java:133)
	at java.lang.Thread.run(Thread.java:748)
Caused by: org.apache.ratis.thirdparty.io.grpc.StatusRuntimeException: UNAVAILABLE: io exception
	at org.apache.ratis.thirdparty.io.grpc.stub.ClientCalls.toStatusRuntimeException(ClientCalls.java:233)
	at org.apache.ratis.thirdparty.io.grpc.stub.ClientCalls.getUnchecked(ClientCalls.java:214)
	at org.apache.ratis.thirdparty.io.grpc.stub.ClientCalls.blockingUnaryCall(ClientCalls.java:139)
	at org.apache.ratis.proto.grpc.RaftServerProtocolServiceGrpc$RaftServerProtocolServiceBlockingStub.requestVote(RaftServerProtocolServiceGrpc.java:265)
	at org.apache.ratis.grpc.server.GrpcServerProtocolClient.requestVote(GrpcServerProtocolClient.java:99)
	at org.apache.ratis.grpc.server.GrpcService.requestVote(GrpcService.java:204)
	at org.apache.ratis.server.impl.LeaderElection.lambda$submitRequests$1(LeaderElection.java:234)
	at java.util.concurrent.FutureTask.run(FutureTask.java:266)
	at java.util.concurrent.Executors$RunnableAdapter.call(Executors.java:511)
	at java.util.concurrent.FutureTask.run(FutureTask.java:266)
	at java.util.concurrent.ThreadPoolExecutor.runWorker(ThreadPoolExecutor.java:1149)
	at java.util.concurrent.ThreadPoolExecutor$Worker.run(ThreadPoolExecutor.java:624)
	... 1 more
Caused by: org.apache.ratis.thirdparty.io.netty.channel.AbstractChannel$AnnotatedConnectException: Connection refused: /192.168.157.242:36973
	at sun.nio.ch.SocketChannelImpl.checkConnect(Native Method)
	at sun.nio.ch.SocketChannelImpl.finishConnect(SocketChannelImpl.java:717)
	at org.apache.ratis.thirdparty.io.netty.channel.socket.nio.NioSocketChannel.doFinishConnect(NioSocketChannel.java:327)
	at org.apache.ratis.thirdparty.io.netty.channel.nio.AbstractNioChannel$AbstractNioUnsafe.finishConnect(AbstractNioChannel.java:340)
	at org.apache.ratis.thirdparty.io.netty.channel.nio.NioEventLoop.processSelectedKey(NioEventLoop.java:632)
	at org.apache.ratis.thirdparty.io.netty.channel.nio.NioEventLoop.processSelectedKeysOptimized(NioEventLoop.java:579)
	at org.apache.ratis.thirdparty.io.netty.channel.nio.NioEventLoop.processSelectedKeys(NioEventLoop.java:496)
	at org.apache.ratis.thirdparty.io.netty.channel.nio.NioEventLoop.run(NioEventLoop.java:458)
	at org.apache.ratis.thirdparty.io.netty.util.concurrent.SingleThreadEventExecutor$5.run(SingleThreadEventExecutor.java:897)
	at org.apache.ratis.thirdparty.io.netty.util.concurrent.FastThreadLocalRunnable.run(FastThreadLocalRunnable.java:30)
	... 1 more
Caused by: java.net.ConnectException: Connection refused
	... 11 more
2019-10-19 01:26:58,150 [abe27936-fa37-414d-b2e1-4e10a1c095a6@group-F842E1832D96-LeaderElection210] INFO  impl.LeaderElection (LogUtils.java:infoOrTrace(149)) -   Exception 1: {}
java.util.concurrent.ExecutionException: org.apache.ratis.thirdparty.io.grpc.StatusRuntimeException: UNAVAILABLE: io exception
	at java.util.concurrent.FutureTask.report(FutureTask.java:122)
	at java.util.concurrent.FutureTask.get(FutureTask.java:192)
	at org.apache.ratis.server.impl.LeaderElection.waitForResults(LeaderElection.java:259)
	at org.apache.ratis.server.impl.LeaderElection.askForVotes(LeaderElection.java:197)
	at org.apache.ratis.server.impl.LeaderElection.run(LeaderElection.java:133)
	at java.lang.Thread.run(Thread.java:748)
Caused by: org.apache.ratis.thirdparty.io.grpc.StatusRuntimeException: UNAVAILABLE: io exception
	at org.apache.ratis.thirdparty.io.grpc.stub.ClientCalls.toStatusRuntimeException(ClientCalls.java:233)
	at org.apache.ratis.thirdparty.io.grpc.stub.ClientCalls.getUnchecked(ClientCalls.java:214)
	at org.apache.ratis.thirdparty.io.grpc.stub.ClientCalls.blockingUnaryCall(ClientCalls.java:139)
	at org.apache.ratis.proto.grpc.RaftServerProtocolServiceGrpc$RaftServerProtocolServiceBlockingStub.requestVote(RaftServerProtocolServiceGrpc.java:265)
	at org.apache.ratis.grpc.server.GrpcServerProtocolClient.requestVote(GrpcServerProtocolClient.java:99)
	at org.apache.ratis.grpc.server.GrpcService.requestVote(GrpcService.java:204)
	at org.apache.ratis.server.impl.LeaderElection.lambda$submitRequests$1(LeaderElection.java:234)
	at java.util.concurrent.FutureTask.run(FutureTask.java:266)
	at java.util.concurrent.Executors$RunnableAdapter.call(Executors.java:511)
	at java.util.concurrent.FutureTask.run(FutureTask.java:266)
	at java.util.concurrent.ThreadPoolExecutor.runWorker(ThreadPoolExecutor.java:1149)
	at java.util.concurrent.ThreadPoolExecutor$Worker.run(ThreadPoolExecutor.java:624)
	... 1 more
Caused by: org.apache.ratis.thirdparty.io.netty.channel.AbstractChannel$AnnotatedConnectException: Connection refused: /192.168.157.242:42114
	at sun.nio.ch.SocketChannelImpl.checkConnect(Native Method)
	at sun.nio.ch.SocketChannelImpl.finishConnect(SocketChannelImpl.java:717)
	at org.apache.ratis.thirdparty.io.netty.channel.socket.nio.NioSocketChannel.doFinishConnect(NioSocketChannel.java:327)
	at org.apache.ratis.thirdparty.io.netty.channel.nio.AbstractNioChannel$AbstractNioUnsafe.finishConnect(AbstractNioChannel.java:340)
	at org.apache.ratis.thirdparty.io.netty.channel.nio.NioEventLoop.processSelectedKey(NioEventLoop.java:632)
	at org.apache.ratis.thirdparty.io.netty.channel.nio.NioEventLoop.processSelectedKeysOptimized(NioEventLoop.java:579)
	at org.apache.ratis.thirdparty.io.netty.channel.nio.NioEventLoop.processSelectedKeys(NioEventLoop.java:496)
	at org.apache.ratis.thirdparty.io.netty.channel.nio.NioEventLoop.run(NioEventLoop.java:458)
	at org.apache.ratis.thirdparty.io.netty.util.concurrent.SingleThreadEventExecutor$5.run(SingleThreadEventExecutor.java:897)
	at org.apache.ratis.thirdparty.io.netty.util.concurrent.FastThreadLocalRunnable.run(FastThreadLocalRunnable.java:30)
	... 1 more
Caused by: java.net.ConnectException: Connection refused
	... 11 more
2019-10-19 01:26:58,150 [abe27936-fa37-414d-b2e1-4e10a1c095a6@group-F842E1832D96-LeaderElection210] INFO  impl.RaftServerImpl (RaftServerImpl.java:setRole(184)) - abe27936-fa37-414d-b2e1-4e10a1c095a6@group-F842E1832D96: changes role from CANDIDATE to FOLLOWER at term 8 for DISCOVERED_A_NEW_TERM
2019-10-19 01:26:58,150 [abe27936-fa37-414d-b2e1-4e10a1c095a6@group-F842E1832D96-LeaderElection210] INFO  impl.RoleInfo (RoleInfo.java:shutdownLeaderElection(134)) - abe27936-fa37-414d-b2e1-4e10a1c095a6: shutdown LeaderElection
2019-10-19 01:26:58,150 [abe27936-fa37-414d-b2e1-4e10a1c095a6@group-F842E1832D96-LeaderElection210] INFO  impl.RoleInfo (RoleInfo.java:updateAndGet(143)) - abe27936-fa37-414d-b2e1-4e10a1c095a6: start FollowerState
2019-10-19 01:26:58,255 [Thread-1829] INFO  impl.FollowerState (FollowerState.java:run(108)) - 774c78e1-8dd4-453d-975e-442189a07fe2@group-31C3DC938042-FollowerState: change to CANDIDATE, lastRpcTime:1064ms, electionTimeout:1064ms
2019-10-19 01:26:58,256 [Thread-1829] INFO  impl.RoleInfo (RoleInfo.java:shutdownFollowerState(121)) - 774c78e1-8dd4-453d-975e-442189a07fe2: shutdown FollowerState
2019-10-19 01:26:58,256 [Thread-1829] INFO  impl.RaftServerImpl (RaftServerImpl.java:setRole(184)) - 774c78e1-8dd4-453d-975e-442189a07fe2@group-31C3DC938042: changes role from  FOLLOWER to CANDIDATE at term 194 for changeToCandidate
2019-10-19 01:26:58,256 [Thread-1829] INFO  impl.RoleInfo (RoleInfo.java:updateAndGet(143)) - 774c78e1-8dd4-453d-975e-442189a07fe2: start LeaderElection
2019-10-19 01:26:58,305 [774c78e1-8dd4-453d-975e-442189a07fe2@group-31C3DC938042-LeaderElection211] INFO  impl.LeaderElection (LeaderElection.java:askForVotes(178)) - 774c78e1-8dd4-453d-975e-442189a07fe2@group-31C3DC938042-LeaderElection211: begin an election at term 195 for 0: [774c78e1-8dd4-453d-975e-442189a07fe2:192.168.157.242:38712, 7247ad7d-2ca2-4af8-9337-77c07ea89cb3:192.168.157.242:42362, 8bce6a00-3bba-419d-83ac-b35141b6b559:192.168.157.242:37801], old=null
2019-10-19 01:26:58,306 [774c78e1-8dd4-453d-975e-442189a07fe2@group-31C3DC938042-LeaderElection211] INFO  impl.LeaderElection (LogUtils.java:infoOrTrace(149)) - 774c78e1-8dd4-453d-975e-442189a07fe2@group-31C3DC938042-LeaderElection211 got exception when requesting votes: {}
java.util.concurrent.ExecutionException: org.apache.ratis.thirdparty.io.grpc.StatusRuntimeException: UNAVAILABLE: io exception
	at java.util.concurrent.FutureTask.report(FutureTask.java:122)
	at java.util.concurrent.FutureTask.get(FutureTask.java:192)
	at org.apache.ratis.server.impl.LeaderElection.waitForResults(LeaderElection.java:259)
	at org.apache.ratis.server.impl.LeaderElection.askForVotes(LeaderElection.java:197)
	at org.apache.ratis.server.impl.LeaderElection.run(LeaderElection.java:133)
	at java.lang.Thread.run(Thread.java:748)
Caused by: org.apache.ratis.thirdparty.io.grpc.StatusRuntimeException: UNAVAILABLE: io exception
	at org.apache.ratis.thirdparty.io.grpc.stub.ClientCalls.toStatusRuntimeException(ClientCalls.java:233)
	at org.apache.ratis.thirdparty.io.grpc.stub.ClientCalls.getUnchecked(ClientCalls.java:214)
	at org.apache.ratis.thirdparty.io.grpc.stub.ClientCalls.blockingUnaryCall(ClientCalls.java:139)
	at org.apache.ratis.proto.grpc.RaftServerProtocolServiceGrpc$RaftServerProtocolServiceBlockingStub.requestVote(RaftServerProtocolServiceGrpc.java:265)
	at org.apache.ratis.grpc.server.GrpcServerProtocolClient.requestVote(GrpcServerProtocolClient.java:99)
	at org.apache.ratis.grpc.server.GrpcService.requestVote(GrpcService.java:204)
	at org.apache.ratis.server.impl.LeaderElection.lambda$submitRequests$1(LeaderElection.java:234)
	at java.util.concurrent.FutureTask.run(FutureTask.java:266)
	at java.util.concurrent.Executors$RunnableAdapter.call(Executors.java:511)
	at java.util.concurrent.FutureTask.run(FutureTask.java:266)
	at java.util.concurrent.ThreadPoolExecutor.runWorker(ThreadPoolExecutor.java:1149)
	at java.util.concurrent.ThreadPoolExecutor$Worker.run(ThreadPoolExecutor.java:624)
	... 1 more
Caused by: org.apache.ratis.thirdparty.io.netty.channel.AbstractChannel$AnnotatedConnectException: Connection refused: /192.168.157.242:37801
	at sun.nio.ch.SocketChannelImpl.checkConnect(Native Method)
	at sun.nio.ch.SocketChannelImpl.finishConnect(SocketChannelImpl.java:717)
	at org.apache.ratis.thirdparty.io.netty.channel.socket.nio.NioSocketChannel.doFinishConnect(NioSocketChannel.java:327)
	at org.apache.ratis.thirdparty.io.netty.channel.nio.AbstractNioChannel$AbstractNioUnsafe.finishConnect(AbstractNioChannel.java:340)
	at org.apache.ratis.thirdparty.io.netty.channel.nio.NioEventLoop.processSelectedKey(NioEventLoop.java:632)
	at org.apache.ratis.thirdparty.io.netty.channel.nio.NioEventLoop.processSelectedKeysOptimized(NioEventLoop.java:579)
	at org.apache.ratis.thirdparty.io.netty.channel.nio.NioEventLoop.processSelectedKeys(NioEventLoop.java:496)
	at org.apache.ratis.thirdparty.io.netty.channel.nio.NioEventLoop.run(NioEventLoop.java:458)
	at org.apache.ratis.thirdparty.io.netty.util.concurrent.SingleThreadEventExecutor$5.run(SingleThreadEventExecutor.java:897)
	at org.apache.ratis.thirdparty.io.netty.util.concurrent.FastThreadLocalRunnable.run(FastThreadLocalRunnable.java:30)
	... 1 more
Caused by: java.net.ConnectException: Connection refused
	... 11 more
2019-10-19 01:26:58,306 [774c78e1-8dd4-453d-975e-442189a07fe2@group-31C3DC938042-LeaderElection211] INFO  impl.LeaderElection (LogUtils.java:infoOrTrace(149)) - 774c78e1-8dd4-453d-975e-442189a07fe2@group-31C3DC938042-LeaderElection211 got exception when requesting votes: {}
java.util.concurrent.ExecutionException: org.apache.ratis.thirdparty.io.grpc.StatusRuntimeException: UNAVAILABLE: io exception
	at java.util.concurrent.FutureTask.report(FutureTask.java:122)
	at java.util.concurrent.FutureTask.get(FutureTask.java:192)
	at org.apache.ratis.server.impl.LeaderElection.waitForResults(LeaderElection.java:259)
	at org.apache.ratis.server.impl.LeaderElection.askForVotes(LeaderElection.java:197)
	at org.apache.ratis.server.impl.LeaderElection.run(LeaderElection.java:133)
	at java.lang.Thread.run(Thread.java:748)
Caused by: org.apache.ratis.thirdparty.io.grpc.StatusRuntimeException: UNAVAILABLE: io exception
	at org.apache.ratis.thirdparty.io.grpc.stub.ClientCalls.toStatusRuntimeException(ClientCalls.java:233)
	at org.apache.ratis.thirdparty.io.grpc.stub.ClientCalls.getUnchecked(ClientCalls.java:214)
	at org.apache.ratis.thirdparty.io.grpc.stub.ClientCalls.blockingUnaryCall(ClientCalls.java:139)
	at org.apache.ratis.proto.grpc.RaftServerProtocolServiceGrpc$RaftServerProtocolServiceBlockingStub.requestVote(RaftServerProtocolServiceGrpc.java:265)
	at org.apache.ratis.grpc.server.GrpcServerProtocolClient.requestVote(GrpcServerProtocolClient.java:99)
	at org.apache.ratis.grpc.server.GrpcService.requestVote(GrpcService.java:204)
	at org.apache.ratis.server.impl.LeaderElection.lambda$submitRequests$1(LeaderElection.java:234)
	at java.util.concurrent.FutureTask.run(FutureTask.java:266)
	at java.util.concurrent.Executors$RunnableAdapter.call(Executors.java:511)
	at java.util.concurrent.FutureTask.run(FutureTask.java:266)
	at java.util.concurrent.ThreadPoolExecutor.runWorker(ThreadPoolExecutor.java:1149)
	at java.util.concurrent.ThreadPoolExecutor$Worker.run(ThreadPoolExecutor.java:624)
	... 1 more
Caused by: org.apache.ratis.thirdparty.io.netty.channel.AbstractChannel$AnnotatedConnectException: Connection refused: /192.168.157.242:42362
	at sun.nio.ch.SocketChannelImpl.checkConnect(Native Method)
	at sun.nio.ch.SocketChannelImpl.finishConnect(SocketChannelImpl.java:717)
	at org.apache.ratis.thirdparty.io.netty.channel.socket.nio.NioSocketChannel.doFinishConnect(NioSocketChannel.java:327)
	at org.apache.ratis.thirdparty.io.netty.channel.nio.AbstractNioChannel$AbstractNioUnsafe.finishConnect(AbstractNioChannel.java:340)
	at org.apache.ratis.thirdparty.io.netty.channel.nio.NioEventLoop.processSelectedKey(NioEventLoop.java:632)
	at org.apache.ratis.thirdparty.io.netty.channel.nio.NioEventLoop.processSelectedKeysOptimized(NioEventLoop.java:579)
	at org.apache.ratis.thirdparty.io.netty.channel.nio.NioEventLoop.processSelectedKeys(NioEventLoop.java:496)
	at org.apache.ratis.thirdparty.io.netty.channel.nio.NioEventLoop.run(NioEventLoop.java:458)
	at org.apache.ratis.thirdparty.io.netty.util.concurrent.SingleThreadEventExecutor$5.run(SingleThreadEventExecutor.java:897)
	at org.apache.ratis.thirdparty.io.netty.util.concurrent.FastThreadLocalRunnable.run(FastThreadLocalRunnable.java:30)
	... 1 more
Caused by: java.net.ConnectException: Connection refused
	... 11 more
2019-10-19 01:26:58,306 [774c78e1-8dd4-453d-975e-442189a07fe2@group-31C3DC938042-LeaderElection211] INFO  impl.LeaderElection (LeaderElection.java:logAndReturn(56)) - 774c78e1-8dd4-453d-975e-442189a07fe2@group-31C3DC938042-LeaderElection211: Election REJECTED; received 0 response(s) [] and 2 exception(s); 774c78e1-8dd4-453d-975e-442189a07fe2@group-31C3DC938042:t195, leader=null, voted=774c78e1-8dd4-453d-975e-442189a07fe2, raftlog=774c78e1-8dd4-453d-975e-442189a07fe2@group-31C3DC938042-SegmentedRaftLog:OPENED:c-1,f0,i0, conf=0: [774c78e1-8dd4-453d-975e-442189a07fe2:192.168.157.242:38712, 7247ad7d-2ca2-4af8-9337-77c07ea89cb3:192.168.157.242:42362, 8bce6a00-3bba-419d-83ac-b35141b6b559:192.168.157.242:37801], old=null
2019-10-19 01:26:58,306 [774c78e1-8dd4-453d-975e-442189a07fe2@group-31C3DC938042-LeaderElection211] INFO  impl.LeaderElection (LogUtils.java:infoOrTrace(149)) -   Exception 0: {}
java.util.concurrent.ExecutionException: org.apache.ratis.thirdparty.io.grpc.StatusRuntimeException: UNAVAILABLE: io exception
	at java.util.concurrent.FutureTask.report(FutureTask.java:122)
	at java.util.concurrent.FutureTask.get(FutureTask.java:192)
	at org.apache.ratis.server.impl.LeaderElection.waitForResults(LeaderElection.java:259)
	at org.apache.ratis.server.impl.LeaderElection.askForVotes(LeaderElection.java:197)
	at org.apache.ratis.server.impl.LeaderElection.run(LeaderElection.java:133)
	at java.lang.Thread.run(Thread.java:748)
Caused by: org.apache.ratis.thirdparty.io.grpc.StatusRuntimeException: UNAVAILABLE: io exception
	at org.apache.ratis.thirdparty.io.grpc.stub.ClientCalls.toStatusRuntimeException(ClientCalls.java:233)
	at org.apache.ratis.thirdparty.io.grpc.stub.ClientCalls.getUnchecked(ClientCalls.java:214)
	at org.apache.ratis.thirdparty.io.grpc.stub.ClientCalls.blockingUnaryCall(ClientCalls.java:139)
	at org.apache.ratis.proto.grpc.RaftServerProtocolServiceGrpc$RaftServerProtocolServiceBlockingStub.requestVote(RaftServerProtocolServiceGrpc.java:265)
	at org.apache.ratis.grpc.server.GrpcServerProtocolClient.requestVote(GrpcServerProtocolClient.java:99)
	at org.apache.ratis.grpc.server.GrpcService.requestVote(GrpcService.java:204)
	at org.apache.ratis.server.impl.LeaderElection.lambda$submitRequests$1(LeaderElection.java:234)
	at java.util.concurrent.FutureTask.run(FutureTask.java:266)
	at java.util.concurrent.Executors$RunnableAdapter.call(Executors.java:511)
	at java.util.concurrent.FutureTask.run(FutureTask.java:266)
	at java.util.concurrent.ThreadPoolExecutor.runWorker(ThreadPoolExecutor.java:1149)
	at java.util.concurrent.ThreadPoolExecutor$Worker.run(ThreadPoolExecutor.java:624)
	... 1 more
Caused by: org.apache.ratis.thirdparty.io.netty.channel.AbstractChannel$AnnotatedConnectException: Connection refused: /192.168.157.242:37801
	at sun.nio.ch.SocketChannelImpl.checkConnect(Native Method)
	at sun.nio.ch.SocketChannelImpl.finishConnect(SocketChannelImpl.java:717)
	at org.apache.ratis.thirdparty.io.netty.channel.socket.nio.NioSocketChannel.doFinishConnect(NioSocketChannel.java:327)
	at org.apache.ratis.thirdparty.io.netty.channel.nio.AbstractNioChannel$AbstractNioUnsafe.finishConnect(AbstractNioChannel.java:340)
	at org.apache.ratis.thirdparty.io.netty.channel.nio.NioEventLoop.processSelectedKey(NioEventLoop.java:632)
	at org.apache.ratis.thirdparty.io.netty.channel.nio.NioEventLoop.processSelectedKeysOptimized(NioEventLoop.java:579)
	at org.apache.ratis.thirdparty.io.netty.channel.nio.NioEventLoop.processSelectedKeys(NioEventLoop.java:496)
	at org.apache.ratis.thirdparty.io.netty.channel.nio.NioEventLoop.run(NioEventLoop.java:458)
	at org.apache.ratis.thirdparty.io.netty.util.concurrent.SingleThreadEventExecutor$5.run(SingleThreadEventExecutor.java:897)
	at org.apache.ratis.thirdparty.io.netty.util.concurrent.FastThreadLocalRunnable.run(FastThreadLocalRunnable.java:30)
	... 1 more
Caused by: java.net.ConnectException: Connection refused
	... 11 more
2019-10-19 01:26:58,307 [774c78e1-8dd4-453d-975e-442189a07fe2@group-31C3DC938042-LeaderElection211] INFO  impl.LeaderElection (LogUtils.java:infoOrTrace(149)) -   Exception 1: {}
java.util.concurrent.ExecutionException: org.apache.ratis.thirdparty.io.grpc.StatusRuntimeException: UNAVAILABLE: io exception
	at java.util.concurrent.FutureTask.report(FutureTask.java:122)
	at java.util.concurrent.FutureTask.get(FutureTask.java:192)
	at org.apache.ratis.server.impl.LeaderElection.waitForResults(LeaderElection.java:259)
	at org.apache.ratis.server.impl.LeaderElection.askForVotes(LeaderElection.java:197)
	at org.apache.ratis.server.impl.LeaderElection.run(LeaderElection.java:133)
	at java.lang.Thread.run(Thread.java:748)
Caused by: org.apache.ratis.thirdparty.io.grpc.StatusRuntimeException: UNAVAILABLE: io exception
	at org.apache.ratis.thirdparty.io.grpc.stub.ClientCalls.toStatusRuntimeException(ClientCalls.java:233)
	at org.apache.ratis.thirdparty.io.grpc.stub.ClientCalls.getUnchecked(ClientCalls.java:214)
	at org.apache.ratis.thirdparty.io.grpc.stub.ClientCalls.blockingUnaryCall(ClientCalls.java:139)
	at org.apache.ratis.proto.grpc.RaftServerProtocolServiceGrpc$RaftServerProtocolServiceBlockingStub.requestVote(RaftServerProtocolServiceGrpc.java:265)
	at org.apache.ratis.grpc.server.GrpcServerProtocolClient.requestVote(GrpcServerProtocolClient.java:99)
	at org.apache.ratis.grpc.server.GrpcService.requestVote(GrpcService.java:204)
	at org.apache.ratis.server.impl.LeaderElection.lambda$submitRequests$1(LeaderElection.java:234)
	at java.util.concurrent.FutureTask.run(FutureTask.java:266)
	at java.util.concurrent.Executors$RunnableAdapter.call(Executors.java:511)
	at java.util.concurrent.FutureTask.run(FutureTask.java:266)
	at java.util.concurrent.ThreadPoolExecutor.runWorker(ThreadPoolExecutor.java:1149)
	at java.util.concurrent.ThreadPoolExecutor$Worker.run(ThreadPoolExecutor.java:624)
	... 1 more
Caused by: org.apache.ratis.thirdparty.io.netty.channel.AbstractChannel$AnnotatedConnectException: Connection refused: /192.168.157.242:42362
	at sun.nio.ch.SocketChannelImpl.checkConnect(Native Method)
	at sun.nio.ch.SocketChannelImpl.finishConnect(SocketChannelImpl.java:717)
	at org.apache.ratis.thirdparty.io.netty.channel.socket.nio.NioSocketChannel.doFinishConnect(NioSocketChannel.java:327)
	at org.apache.ratis.thirdparty.io.netty.channel.nio.AbstractNioChannel$AbstractNioUnsafe.finishConnect(AbstractNioChannel.java:340)
	at org.apache.ratis.thirdparty.io.netty.channel.nio.NioEventLoop.processSelectedKey(NioEventLoop.java:632)
	at org.apache.ratis.thirdparty.io.netty.channel.nio.NioEventLoop.processSelectedKeysOptimized(NioEventLoop.java:579)
	at org.apache.ratis.thirdparty.io.netty.channel.nio.NioEventLoop.processSelectedKeys(NioEventLoop.java:496)
	at org.apache.ratis.thirdparty.io.netty.channel.nio.NioEventLoop.run(NioEventLoop.java:458)
	at org.apache.ratis.thirdparty.io.netty.util.concurrent.SingleThreadEventExecutor$5.run(SingleThreadEventExecutor.java:897)
	at org.apache.ratis.thirdparty.io.netty.util.concurrent.FastThreadLocalRunnable.run(FastThreadLocalRunnable.java:30)
	... 1 more
Caused by: java.net.ConnectException: Connection refused
	... 11 more
2019-10-19 01:26:58,307 [774c78e1-8dd4-453d-975e-442189a07fe2@group-31C3DC938042-LeaderElection211] INFO  impl.RaftServerImpl (RaftServerImpl.java:setRole(184)) - 774c78e1-8dd4-453d-975e-442189a07fe2@group-31C3DC938042: changes role from CANDIDATE to FOLLOWER at term 195 for DISCOVERED_A_NEW_TERM
2019-10-19 01:26:58,307 [774c78e1-8dd4-453d-975e-442189a07fe2@group-31C3DC938042-LeaderElection211] INFO  impl.RoleInfo (RoleInfo.java:shutdownLeaderElection(134)) - 774c78e1-8dd4-453d-975e-442189a07fe2: shutdown LeaderElection
2019-10-19 01:26:58,307 [774c78e1-8dd4-453d-975e-442189a07fe2@group-31C3DC938042-LeaderElection211] INFO  impl.RoleInfo (RoleInfo.java:updateAndGet(143)) - 774c78e1-8dd4-453d-975e-442189a07fe2: start FollowerState
2019-10-19 01:26:59,316 [Thread-1833] INFO  impl.FollowerState (FollowerState.java:run(108)) - abe27936-fa37-414d-b2e1-4e10a1c095a6@group-F842E1832D96-FollowerState: change to CANDIDATE, lastRpcTime:1165ms, electionTimeout:1165ms
2019-10-19 01:26:59,316 [Thread-1833] INFO  impl.RoleInfo (RoleInfo.java:shutdownFollowerState(121)) - abe27936-fa37-414d-b2e1-4e10a1c095a6: shutdown FollowerState
2019-10-19 01:26:59,316 [Thread-1833] INFO  impl.RaftServerImpl (RaftServerImpl.java:setRole(184)) - abe27936-fa37-414d-b2e1-4e10a1c095a6@group-F842E1832D96: changes role from  FOLLOWER to CANDIDATE at term 8 for changeToCandidate
2019-10-19 01:26:59,316 [Thread-1833] INFO  impl.RoleInfo (RoleInfo.java:updateAndGet(143)) - abe27936-fa37-414d-b2e1-4e10a1c095a6: start LeaderElection
2019-10-19 01:26:59,339 [abe27936-fa37-414d-b2e1-4e10a1c095a6@group-F842E1832D96-LeaderElection212] INFO  impl.LeaderElection (LeaderElection.java:askForVotes(178)) - abe27936-fa37-414d-b2e1-4e10a1c095a6@group-F842E1832D96-LeaderElection212: begin an election at term 9 for 17: [236187ad-c3a6-4195-8acc-6254fb470a95:192.168.157.242:36973, 964c97d4-fbb7-48cf-b727-382e7669b5e9:192.168.157.242:42114, abe27936-fa37-414d-b2e1-4e10a1c095a6:192.168.157.242:42932], old=null
2019-10-19 01:26:59,340 [abe27936-fa37-414d-b2e1-4e10a1c095a6@group-F842E1832D96-LeaderElection212] INFO  impl.LeaderElection (LogUtils.java:infoOrTrace(149)) - abe27936-fa37-414d-b2e1-4e10a1c095a6@group-F842E1832D96-LeaderElection212 got exception when requesting votes: {}
java.util.concurrent.ExecutionException: org.apache.ratis.thirdparty.io.grpc.StatusRuntimeException: UNAVAILABLE: io exception
	at java.util.concurrent.FutureTask.report(FutureTask.java:122)
	at java.util.concurrent.FutureTask.get(FutureTask.java:192)
	at org.apache.ratis.server.impl.LeaderElection.waitForResults(LeaderElection.java:259)
	at org.apache.ratis.server.impl.LeaderElection.askForVotes(LeaderElection.java:197)
	at org.apache.ratis.server.impl.LeaderElection.run(LeaderElection.java:133)
	at java.lang.Thread.run(Thread.java:748)
Caused by: org.apache.ratis.thirdparty.io.grpc.StatusRuntimeException: UNAVAILABLE: io exception
	at org.apache.ratis.thirdparty.io.grpc.stub.ClientCalls.toStatusRuntimeException(ClientCalls.java:233)
	at org.apache.ratis.thirdparty.io.grpc.stub.ClientCalls.getUnchecked(ClientCalls.java:214)
	at org.apache.ratis.thirdparty.io.grpc.stub.ClientCalls.blockingUnaryCall(ClientCalls.java:139)
	at org.apache.ratis.proto.grpc.RaftServerProtocolServiceGrpc$RaftServerProtocolServiceBlockingStub.requestVote(RaftServerProtocolServiceGrpc.java:265)
	at org.apache.ratis.grpc.server.GrpcServerProtocolClient.requestVote(GrpcServerProtocolClient.java:99)
	at org.apache.ratis.grpc.server.GrpcService.requestVote(GrpcService.java:204)
	at org.apache.ratis.server.impl.LeaderElection.lambda$submitRequests$1(LeaderElection.java:234)
	at java.util.concurrent.FutureTask.run(FutureTask.java:266)
	at java.util.concurrent.Executors$RunnableAdapter.call(Executors.java:511)
	at java.util.concurrent.FutureTask.run(FutureTask.java:266)
	at java.util.concurrent.ThreadPoolExecutor.runWorker(ThreadPoolExecutor.java:1149)
	at java.util.concurrent.ThreadPoolExecutor$Worker.run(ThreadPoolExecutor.java:624)
	... 1 more
Caused by: org.apache.ratis.thirdparty.io.netty.channel.AbstractChannel$AnnotatedConnectException: Connection refused: /192.168.157.242:42114
	at sun.nio.ch.SocketChannelImpl.checkConnect(Native Method)
	at sun.nio.ch.SocketChannelImpl.finishConnect(SocketChannelImpl.java:717)
	at org.apache.ratis.thirdparty.io.netty.channel.socket.nio.NioSocketChannel.doFinishConnect(NioSocketChannel.java:327)
	at org.apache.ratis.thirdparty.io.netty.channel.nio.AbstractNioChannel$AbstractNioUnsafe.finishConnect(AbstractNioChannel.java:340)
	at org.apache.ratis.thirdparty.io.netty.channel.nio.NioEventLoop.processSelectedKey(NioEventLoop.java:632)
	at org.apache.ratis.thirdparty.io.netty.channel.nio.NioEventLoop.processSelectedKeysOptimized(NioEventLoop.java:579)
	at org.apache.ratis.thirdparty.io.netty.channel.nio.NioEventLoop.processSelectedKeys(NioEventLoop.java:496)
	at org.apache.ratis.thirdparty.io.netty.channel.nio.NioEventLoop.run(NioEventLoop.java:458)
	at org.apache.ratis.thirdparty.io.netty.util.concurrent.SingleThreadEventExecutor$5.run(SingleThreadEventExecutor.java:897)
	at org.apache.ratis.thirdparty.io.netty.util.concurrent.FastThreadLocalRunnable.run(FastThreadLocalRunnable.java:30)
	... 1 more
Caused by: java.net.ConnectException: Connection refused
	... 11 more
2019-10-19 01:26:59,341 [abe27936-fa37-414d-b2e1-4e10a1c095a6@group-F842E1832D96-LeaderElection212] INFO  impl.LeaderElection (LogUtils.java:infoOrTrace(149)) - abe27936-fa37-414d-b2e1-4e10a1c095a6@group-F842E1832D96-LeaderElection212 got exception when requesting votes: {}
java.util.concurrent.ExecutionException: org.apache.ratis.thirdparty.io.grpc.StatusRuntimeException: UNAVAILABLE: io exception
	at java.util.concurrent.FutureTask.report(FutureTask.java:122)
	at java.util.concurrent.FutureTask.get(FutureTask.java:192)
	at org.apache.ratis.server.impl.LeaderElection.waitForResults(LeaderElection.java:259)
	at org.apache.ratis.server.impl.LeaderElection.askForVotes(LeaderElection.java:197)
	at org.apache.ratis.server.impl.LeaderElection.run(LeaderElection.java:133)
	at java.lang.Thread.run(Thread.java:748)
Caused by: org.apache.ratis.thirdparty.io.grpc.StatusRuntimeException: UNAVAILABLE: io exception
	at org.apache.ratis.thirdparty.io.grpc.stub.ClientCalls.toStatusRuntimeException(ClientCalls.java:233)
	at org.apache.ratis.thirdparty.io.grpc.stub.ClientCalls.getUnchecked(ClientCalls.java:214)
	at org.apache.ratis.thirdparty.io.grpc.stub.ClientCalls.blockingUnaryCall(ClientCalls.java:139)
	at org.apache.ratis.proto.grpc.RaftServerProtocolServiceGrpc$RaftServerProtocolServiceBlockingStub.requestVote(RaftServerProtocolServiceGrpc.java:265)
	at org.apache.ratis.grpc.server.GrpcServerProtocolClient.requestVote(GrpcServerProtocolClient.java:99)
	at org.apache.ratis.grpc.server.GrpcService.requestVote(GrpcService.java:204)
	at org.apache.ratis.server.impl.LeaderElection.lambda$submitRequests$1(LeaderElection.java:234)
	at java.util.concurrent.FutureTask.run(FutureTask.java:266)
	at java.util.concurrent.Executors$RunnableAdapter.call(Executors.java:511)
	at java.util.concurrent.FutureTask.run(FutureTask.java:266)
	at java.util.concurrent.ThreadPoolExecutor.runWorker(ThreadPoolExecutor.java:1149)
	at java.util.concurrent.ThreadPoolExecutor$Worker.run(ThreadPoolExecutor.java:624)
	... 1 more
Caused by: org.apache.ratis.thirdparty.io.netty.channel.AbstractChannel$AnnotatedConnectException: Connection refused: /192.168.157.242:36973
	at sun.nio.ch.SocketChannelImpl.checkConnect(Native Method)
	at sun.nio.ch.SocketChannelImpl.finishConnect(SocketChannelImpl.java:717)
	at org.apache.ratis.thirdparty.io.netty.channel.socket.nio.NioSocketChannel.doFinishConnect(NioSocketChannel.java:327)
	at org.apache.ratis.thirdparty.io.netty.channel.nio.AbstractNioChannel$AbstractNioUnsafe.finishConnect(AbstractNioChannel.java:340)
	at org.apache.ratis.thirdparty.io.netty.channel.nio.NioEventLoop.processSelectedKey(NioEventLoop.java:632)
	at org.apache.ratis.thirdparty.io.netty.channel.nio.NioEventLoop.processSelectedKeysOptimized(NioEventLoop.java:579)
	at org.apache.ratis.thirdparty.io.netty.channel.nio.NioEventLoop.processSelectedKeys(NioEventLoop.java:496)
	at org.apache.ratis.thirdparty.io.netty.channel.nio.NioEventLoop.run(NioEventLoop.java:458)
	at org.apache.ratis.thirdparty.io.netty.util.concurrent.SingleThreadEventExecutor$5.run(SingleThreadEventExecutor.java:897)
	at org.apache.ratis.thirdparty.io.netty.util.concurrent.FastThreadLocalRunnable.run(FastThreadLocalRunnable.java:30)
	... 1 more
Caused by: java.net.ConnectException: Connection refused
	... 11 more
2019-10-19 01:26:59,342 [abe27936-fa37-414d-b2e1-4e10a1c095a6@group-F842E1832D96-LeaderElection212] INFO  impl.LeaderElection (LeaderElection.java:logAndReturn(56)) - abe27936-fa37-414d-b2e1-4e10a1c095a6@group-F842E1832D96-LeaderElection212: Election REJECTED; received 0 response(s) [] and 2 exception(s); abe27936-fa37-414d-b2e1-4e10a1c095a6@group-F842E1832D96:t9, leader=null, voted=abe27936-fa37-414d-b2e1-4e10a1c095a6, raftlog=abe27936-fa37-414d-b2e1-4e10a1c095a6@group-F842E1832D96-SegmentedRaftLog:OPENED:c18,f18,i18, conf=17: [236187ad-c3a6-4195-8acc-6254fb470a95:192.168.157.242:36973, 964c97d4-fbb7-48cf-b727-382e7669b5e9:192.168.157.242:42114, abe27936-fa37-414d-b2e1-4e10a1c095a6:192.168.157.242:42932], old=null
2019-10-19 01:26:59,342 [abe27936-fa37-414d-b2e1-4e10a1c095a6@group-F842E1832D96-LeaderElection212] INFO  impl.LeaderElection (LogUtils.java:infoOrTrace(149)) -   Exception 0: {}
java.util.concurrent.ExecutionException: org.apache.ratis.thirdparty.io.grpc.StatusRuntimeException: UNAVAILABLE: io exception
	at java.util.concurrent.FutureTask.report(FutureTask.java:122)
	at java.util.concurrent.FutureTask.get(FutureTask.java:192)
	at org.apache.ratis.server.impl.LeaderElection.waitForResults(LeaderElection.java:259)
	at org.apache.ratis.server.impl.LeaderElection.askForVotes(LeaderElection.java:197)
	at org.apache.ratis.server.impl.LeaderElection.run(LeaderElection.java:133)
	at java.lang.Thread.run(Thread.java:748)
Caused by: org.apache.ratis.thirdparty.io.grpc.StatusRuntimeException: UNAVAILABLE: io exception
	at org.apache.ratis.thirdparty.io.grpc.stub.ClientCalls.toStatusRuntimeException(ClientCalls.java:233)
	at org.apache.ratis.thirdparty.io.grpc.stub.ClientCalls.getUnchecked(ClientCalls.java:214)
	at org.apache.ratis.thirdparty.io.grpc.stub.ClientCalls.blockingUnaryCall(ClientCalls.java:139)
	at org.apache.ratis.proto.grpc.RaftServerProtocolServiceGrpc$RaftServerProtocolServiceBlockingStub.requestVote(RaftServerProtocolServiceGrpc.java:265)
	at org.apache.ratis.grpc.server.GrpcServerProtocolClient.requestVote(GrpcServerProtocolClient.java:99)
	at org.apache.ratis.grpc.server.GrpcService.requestVote(GrpcService.java:204)
	at org.apache.ratis.server.impl.LeaderElection.lambda$submitRequests$1(LeaderElection.java:234)
	at java.util.concurrent.FutureTask.run(FutureTask.java:266)
	at java.util.concurrent.Executors$RunnableAdapter.call(Executors.java:511)
	at java.util.concurrent.FutureTask.run(FutureTask.java:266)
	at java.util.concurrent.ThreadPoolExecutor.runWorker(ThreadPoolExecutor.java:1149)
	at java.util.concurrent.ThreadPoolExecutor$Worker.run(ThreadPoolExecutor.java:624)
	... 1 more
Caused by: org.apache.ratis.thirdparty.io.netty.channel.AbstractChannel$AnnotatedConnectException: Connection refused: /192.168.157.242:42114
	at sun.nio.ch.SocketChannelImpl.checkConnect(Native Method)
	at sun.nio.ch.SocketChannelImpl.finishConnect(SocketChannelImpl.java:717)
	at org.apache.ratis.thirdparty.io.netty.channel.socket.nio.NioSocketChannel.doFinishConnect(NioSocketChannel.java:327)
	at org.apache.ratis.thirdparty.io.netty.channel.nio.AbstractNioChannel$AbstractNioUnsafe.finishConnect(AbstractNioChannel.java:340)
	at org.apache.ratis.thirdparty.io.netty.channel.nio.NioEventLoop.processSelectedKey(NioEventLoop.java:632)
	at org.apache.ratis.thirdparty.io.netty.channel.nio.NioEventLoop.processSelectedKeysOptimized(NioEventLoop.java:579)
	at org.apache.ratis.thirdparty.io.netty.channel.nio.NioEventLoop.processSelectedKeys(NioEventLoop.java:496)
	at org.apache.ratis.thirdparty.io.netty.channel.nio.NioEventLoop.run(NioEventLoop.java:458)
	at org.apache.ratis.thirdparty.io.netty.util.concurrent.SingleThreadEventExecutor$5.run(SingleThreadEventExecutor.java:897)
	at org.apache.ratis.thirdparty.io.netty.util.concurrent.FastThreadLocalRunnable.run(FastThreadLocalRunnable.java:30)
	... 1 more
Caused by: java.net.ConnectException: Connection refused
	... 11 more
2019-10-19 01:26:59,343 [abe27936-fa37-414d-b2e1-4e10a1c095a6@group-F842E1832D96-LeaderElection212] INFO  impl.LeaderElection (LogUtils.java:infoOrTrace(149)) -   Exception 1: {}
java.util.concurrent.ExecutionException: org.apache.ratis.thirdparty.io.grpc.StatusRuntimeException: UNAVAILABLE: io exception
	at java.util.concurrent.FutureTask.report(FutureTask.java:122)
	at java.util.concurrent.FutureTask.get(FutureTask.java:192)
	at org.apache.ratis.server.impl.LeaderElection.waitForResults(LeaderElection.java:259)
	at org.apache.ratis.server.impl.LeaderElection.askForVotes(LeaderElection.java:197)
	at org.apache.ratis.server.impl.LeaderElection.run(LeaderElection.java:133)
	at java.lang.Thread.run(Thread.java:748)
Caused by: org.apache.ratis.thirdparty.io.grpc.StatusRuntimeException: UNAVAILABLE: io exception
	at org.apache.ratis.thirdparty.io.grpc.stub.ClientCalls.toStatusRuntimeException(ClientCalls.java:233)
	at org.apache.ratis.thirdparty.io.grpc.stub.ClientCalls.getUnchecked(ClientCalls.java:214)
	at org.apache.ratis.thirdparty.io.grpc.stub.ClientCalls.blockingUnaryCall(ClientCalls.java:139)
	at org.apache.ratis.proto.grpc.RaftServerProtocolServiceGrpc$RaftServerProtocolServiceBlockingStub.requestVote(RaftServerProtocolServiceGrpc.java:265)
	at org.apache.ratis.grpc.server.GrpcServerProtocolClient.requestVote(GrpcServerProtocolClient.java:99)
	at org.apache.ratis.grpc.server.GrpcService.requestVote(GrpcService.java:204)
	at org.apache.ratis.server.impl.LeaderElection.lambda$submitRequests$1(LeaderElection.java:234)
	at java.util.concurrent.FutureTask.run(FutureTask.java:266)
	at java.util.concurrent.Executors$RunnableAdapter.call(Executors.java:511)
	at java.util.concurrent.FutureTask.run(FutureTask.java:266)
	at java.util.concurrent.ThreadPoolExecutor.runWorker(ThreadPoolExecutor.java:1149)
	at java.util.concurrent.ThreadPoolExecutor$Worker.run(ThreadPoolExecutor.java:624)
	... 1 more
Caused by: org.apache.ratis.thirdparty.io.netty.channel.AbstractChannel$AnnotatedConnectException: Connection refused: /192.168.157.242:36973
	at sun.nio.ch.SocketChannelImpl.checkConnect(Native Method)
	at sun.nio.ch.SocketChannelImpl.finishConnect(SocketChannelImpl.java:717)
	at org.apache.ratis.thirdparty.io.netty.channel.socket.nio.NioSocketChannel.doFinishConnect(NioSocketChannel.java:327)
	at org.apache.ratis.thirdparty.io.netty.channel.nio.AbstractNioChannel$AbstractNioUnsafe.finishConnect(AbstractNioChannel.java:340)
	at org.apache.ratis.thirdparty.io.netty.channel.nio.NioEventLoop.processSelectedKey(NioEventLoop.java:632)
	at org.apache.ratis.thirdparty.io.netty.channel.nio.NioEventLoop.processSelectedKeysOptimized(NioEventLoop.java:579)
	at org.apache.ratis.thirdparty.io.netty.channel.nio.NioEventLoop.processSelectedKeys(NioEventLoop.java:496)
	at org.apache.ratis.thirdparty.io.netty.channel.nio.NioEventLoop.run(NioEventLoop.java:458)
	at org.apache.ratis.thirdparty.io.netty.util.concurrent.SingleThreadEventExecutor$5.run(SingleThreadEventExecutor.java:897)
	at org.apache.ratis.thirdparty.io.netty.util.concurrent.FastThreadLocalRunnable.run(FastThreadLocalRunnable.java:30)
	... 1 more
Caused by: java.net.ConnectException: Connection refused
	... 11 more
2019-10-19 01:26:59,343 [abe27936-fa37-414d-b2e1-4e10a1c095a6@group-F842E1832D96-LeaderElection212] INFO  impl.RaftServerImpl (RaftServerImpl.java:setRole(184)) - abe27936-fa37-414d-b2e1-4e10a1c095a6@group-F842E1832D96: changes role from CANDIDATE to FOLLOWER at term 9 for DISCOVERED_A_NEW_TERM
2019-10-19 01:26:59,343 [abe27936-fa37-414d-b2e1-4e10a1c095a6@group-F842E1832D96-LeaderElection212] INFO  impl.RoleInfo (RoleInfo.java:shutdownLeaderElection(134)) - abe27936-fa37-414d-b2e1-4e10a1c095a6: shutdown LeaderElection
2019-10-19 01:26:59,343 [abe27936-fa37-414d-b2e1-4e10a1c095a6@group-F842E1832D96-LeaderElection212] INFO  impl.RoleInfo (RoleInfo.java:updateAndGet(143)) - abe27936-fa37-414d-b2e1-4e10a1c095a6: start FollowerState
2019-10-19 01:26:59,477 [Thread-1837] INFO  impl.FollowerState (FollowerState.java:run(108)) - 774c78e1-8dd4-453d-975e-442189a07fe2@group-31C3DC938042-FollowerState: change to CANDIDATE, lastRpcTime:1170ms, electionTimeout:1170ms
2019-10-19 01:26:59,478 [Thread-1837] INFO  impl.RoleInfo (RoleInfo.java:shutdownFollowerState(121)) - 774c78e1-8dd4-453d-975e-442189a07fe2: shutdown FollowerState
2019-10-19 01:26:59,478 [Thread-1837] INFO  impl.RaftServerImpl (RaftServerImpl.java:setRole(184)) - 774c78e1-8dd4-453d-975e-442189a07fe2@group-31C3DC938042: changes role from  FOLLOWER to CANDIDATE at term 195 for changeToCandidate
2019-10-19 01:26:59,478 [Thread-1837] INFO  impl.RoleInfo (RoleInfo.java:updateAndGet(143)) - 774c78e1-8dd4-453d-975e-442189a07fe2: start LeaderElection
2019-10-19 01:26:59,524 [774c78e1-8dd4-453d-975e-442189a07fe2@group-31C3DC938042-LeaderElection213] INFO  impl.LeaderElection (LeaderElection.java:askForVotes(178)) - 774c78e1-8dd4-453d-975e-442189a07fe2@group-31C3DC938042-LeaderElection213: begin an election at term 196 for 0: [774c78e1-8dd4-453d-975e-442189a07fe2:192.168.157.242:38712, 7247ad7d-2ca2-4af8-9337-77c07ea89cb3:192.168.157.242:42362, 8bce6a00-3bba-419d-83ac-b35141b6b559:192.168.157.242:37801], old=null
2019-10-19 01:26:59,525 [774c78e1-8dd4-453d-975e-442189a07fe2@group-31C3DC938042-LeaderElection213] INFO  impl.LeaderElection (LogUtils.java:infoOrTrace(149)) - 774c78e1-8dd4-453d-975e-442189a07fe2@group-31C3DC938042-LeaderElection213 got exception when requesting votes: {}
java.util.concurrent.ExecutionException: org.apache.ratis.thirdparty.io.grpc.StatusRuntimeException: UNAVAILABLE: io exception
	at java.util.concurrent.FutureTask.report(FutureTask.java:122)
	at java.util.concurrent.FutureTask.get(FutureTask.java:192)
	at org.apache.ratis.server.impl.LeaderElection.waitForResults(LeaderElection.java:259)
	at org.apache.ratis.server.impl.LeaderElection.askForVotes(LeaderElection.java:197)
	at org.apache.ratis.server.impl.LeaderElection.run(LeaderElection.java:133)
	at java.lang.Thread.run(Thread.java:748)
Caused by: org.apache.ratis.thirdparty.io.grpc.StatusRuntimeException: UNAVAILABLE: io exception
	at org.apache.ratis.thirdparty.io.grpc.stub.ClientCalls.toStatusRuntimeException(ClientCalls.java:233)
	at org.apache.ratis.thirdparty.io.grpc.stub.ClientCalls.getUnchecked(ClientCalls.java:214)
	at org.apache.ratis.thirdparty.io.grpc.stub.ClientCalls.blockingUnaryCall(ClientCalls.java:139)
	at org.apache.ratis.proto.grpc.RaftServerProtocolServiceGrpc$RaftServerProtocolServiceBlockingStub.requestVote(RaftServerProtocolServiceGrpc.java:265)
	at org.apache.ratis.grpc.server.GrpcServerProtocolClient.requestVote(GrpcServerProtocolClient.java:99)
	at org.apache.ratis.grpc.server.GrpcService.requestVote(GrpcService.java:204)
	at org.apache.ratis.server.impl.LeaderElection.lambda$submitRequests$1(LeaderElection.java:234)
	at java.util.concurrent.FutureTask.run(FutureTask.java:266)
	at java.util.concurrent.Executors$RunnableAdapter.call(Executors.java:511)
	at java.util.concurrent.FutureTask.run(FutureTask.java:266)
	at java.util.concurrent.ThreadPoolExecutor.runWorker(ThreadPoolExecutor.java:1149)
	at java.util.concurrent.ThreadPoolExecutor$Worker.run(ThreadPoolExecutor.java:624)
	... 1 more
Caused by: org.apache.ratis.thirdparty.io.netty.channel.AbstractChannel$AnnotatedConnectException: Connection refused: /192.168.157.242:42362
	at sun.nio.ch.SocketChannelImpl.checkConnect(Native Method)
	at sun.nio.ch.SocketChannelImpl.finishConnect(SocketChannelImpl.java:717)
	at org.apache.ratis.thirdparty.io.netty.channel.socket.nio.NioSocketChannel.doFinishConnect(NioSocketChannel.java:327)
	at org.apache.ratis.thirdparty.io.netty.channel.nio.AbstractNioChannel$AbstractNioUnsafe.finishConnect(AbstractNioChannel.java:340)
	at org.apache.ratis.thirdparty.io.netty.channel.nio.NioEventLoop.processSelectedKey(NioEventLoop.java:632)
	at org.apache.ratis.thirdparty.io.netty.channel.nio.NioEventLoop.processSelectedKeysOptimized(NioEventLoop.java:579)
	at org.apache.ratis.thirdparty.io.netty.channel.nio.NioEventLoop.processSelectedKeys(NioEventLoop.java:496)
	at org.apache.ratis.thirdparty.io.netty.channel.nio.NioEventLoop.run(NioEventLoop.java:458)
	at org.apache.ratis.thirdparty.io.netty.util.concurrent.SingleThreadEventExecutor$5.run(SingleThreadEventExecutor.java:897)
	at org.apache.ratis.thirdparty.io.netty.util.concurrent.FastThreadLocalRunnable.run(FastThreadLocalRunnable.java:30)
	... 1 more
Caused by: java.net.ConnectException: Connection refused
	... 11 more
2019-10-19 01:26:59,525 [774c78e1-8dd4-453d-975e-442189a07fe2@group-31C3DC938042-LeaderElection213] INFO  impl.LeaderElection (LogUtils.java:infoOrTrace(149)) - 774c78e1-8dd4-453d-975e-442189a07fe2@group-31C3DC938042-LeaderElection213 got exception when requesting votes: {}
java.util.concurrent.ExecutionException: org.apache.ratis.thirdparty.io.grpc.StatusRuntimeException: UNAVAILABLE: io exception
	at java.util.concurrent.FutureTask.report(FutureTask.java:122)
	at java.util.concurrent.FutureTask.get(FutureTask.java:192)
	at org.apache.ratis.server.impl.LeaderElection.waitForResults(LeaderElection.java:259)
	at org.apache.ratis.server.impl.LeaderElection.askForVotes(LeaderElection.java:197)
	at org.apache.ratis.server.impl.LeaderElection.run(LeaderElection.java:133)
	at java.lang.Thread.run(Thread.java:748)
Caused by: org.apache.ratis.thirdparty.io.grpc.StatusRuntimeException: UNAVAILABLE: io exception
	at org.apache.ratis.thirdparty.io.grpc.stub.ClientCalls.toStatusRuntimeException(ClientCalls.java:233)
	at org.apache.ratis.thirdparty.io.grpc.stub.ClientCalls.getUnchecked(ClientCalls.java:214)
	at org.apache.ratis.thirdparty.io.grpc.stub.ClientCalls.blockingUnaryCall(ClientCalls.java:139)
	at org.apache.ratis.proto.grpc.RaftServerProtocolServiceGrpc$RaftServerProtocolServiceBlockingStub.requestVote(RaftServerProtocolServiceGrpc.java:265)
	at org.apache.ratis.grpc.server.GrpcServerProtocolClient.requestVote(GrpcServerProtocolClient.java:99)
	at org.apache.ratis.grpc.server.GrpcService.requestVote(GrpcService.java:204)
	at org.apache.ratis.server.impl.LeaderElection.lambda$submitRequests$1(LeaderElection.java:234)
	at java.util.concurrent.FutureTask.run(FutureTask.java:266)
	at java.util.concurrent.Executors$RunnableAdapter.call(Executors.java:511)
	at java.util.concurrent.FutureTask.run(FutureTask.java:266)
	at java.util.concurrent.ThreadPoolExecutor.runWorker(ThreadPoolExecutor.java:1149)
	at java.util.concurrent.ThreadPoolExecutor$Worker.run(ThreadPoolExecutor.java:624)
	... 1 more
Caused by: org.apache.ratis.thirdparty.io.netty.channel.AbstractChannel$AnnotatedConnectException: Connection refused: /192.168.157.242:37801
	at sun.nio.ch.SocketChannelImpl.checkConnect(Native Method)
	at sun.nio.ch.SocketChannelImpl.finishConnect(SocketChannelImpl.java:717)
	at org.apache.ratis.thirdparty.io.netty.channel.socket.nio.NioSocketChannel.doFinishConnect(NioSocketChannel.java:327)
	at org.apache.ratis.thirdparty.io.netty.channel.nio.AbstractNioChannel$AbstractNioUnsafe.finishConnect(AbstractNioChannel.java:340)
	at org.apache.ratis.thirdparty.io.netty.channel.nio.NioEventLoop.processSelectedKey(NioEventLoop.java:632)
	at org.apache.ratis.thirdparty.io.netty.channel.nio.NioEventLoop.processSelectedKeysOptimized(NioEventLoop.java:579)
	at org.apache.ratis.thirdparty.io.netty.channel.nio.NioEventLoop.processSelectedKeys(NioEventLoop.java:496)
	at org.apache.ratis.thirdparty.io.netty.channel.nio.NioEventLoop.run(NioEventLoop.java:458)
	at org.apache.ratis.thirdparty.io.netty.util.concurrent.SingleThreadEventExecutor$5.run(SingleThreadEventExecutor.java:897)
	at org.apache.ratis.thirdparty.io.netty.util.concurrent.FastThreadLocalRunnable.run(FastThreadLocalRunnable.java:30)
	... 1 more
Caused by: java.net.ConnectException: Connection refused
	... 11 more
2019-10-19 01:26:59,525 [774c78e1-8dd4-453d-975e-442189a07fe2@group-31C3DC938042-LeaderElection213] INFO  impl.LeaderElection (LeaderElection.java:logAndReturn(56)) - 774c78e1-8dd4-453d-975e-442189a07fe2@group-31C3DC938042-LeaderElection213: Election REJECTED; received 0 response(s) [] and 2 exception(s); 774c78e1-8dd4-453d-975e-442189a07fe2@group-31C3DC938042:t196, leader=null, voted=774c78e1-8dd4-453d-975e-442189a07fe2, raftlog=774c78e1-8dd4-453d-975e-442189a07fe2@group-31C3DC938042-SegmentedRaftLog:OPENED:c-1,f0,i0, conf=0: [774c78e1-8dd4-453d-975e-442189a07fe2:192.168.157.242:38712, 7247ad7d-2ca2-4af8-9337-77c07ea89cb3:192.168.157.242:42362, 8bce6a00-3bba-419d-83ac-b35141b6b559:192.168.157.242:37801], old=null
2019-10-19 01:26:59,525 [774c78e1-8dd4-453d-975e-442189a07fe2@group-31C3DC938042-LeaderElection213] INFO  impl.LeaderElection (LogUtils.java:infoOrTrace(149)) -   Exception 0: {}
java.util.concurrent.ExecutionException: org.apache.ratis.thirdparty.io.grpc.StatusRuntimeException: UNAVAILABLE: io exception
	at java.util.concurrent.FutureTask.report(FutureTask.java:122)
	at java.util.concurrent.FutureTask.get(FutureTask.java:192)
	at org.apache.ratis.server.impl.LeaderElection.waitForResults(LeaderElection.java:259)
	at org.apache.ratis.server.impl.LeaderElection.askForVotes(LeaderElection.java:197)
	at org.apache.ratis.server.impl.LeaderElection.run(LeaderElection.java:133)
	at java.lang.Thread.run(Thread.java:748)
Caused by: org.apache.ratis.thirdparty.io.grpc.StatusRuntimeException: UNAVAILABLE: io exception
	at org.apache.ratis.thirdparty.io.grpc.stub.ClientCalls.toStatusRuntimeException(ClientCalls.java:233)
	at org.apache.ratis.thirdparty.io.grpc.stub.ClientCalls.getUnchecked(ClientCalls.java:214)
	at org.apache.ratis.thirdparty.io.grpc.stub.ClientCalls.blockingUnaryCall(ClientCalls.java:139)
	at org.apache.ratis.proto.grpc.RaftServerProtocolServiceGrpc$RaftServerProtocolServiceBlockingStub.requestVote(RaftServerProtocolServiceGrpc.java:265)
	at org.apache.ratis.grpc.server.GrpcServerProtocolClient.requestVote(GrpcServerProtocolClient.java:99)
	at org.apache.ratis.grpc.server.GrpcService.requestVote(GrpcService.java:204)
	at org.apache.ratis.server.impl.LeaderElection.lambda$submitRequests$1(LeaderElection.java:234)
	at java.util.concurrent.FutureTask.run(FutureTask.java:266)
	at java.util.concurrent.Executors$RunnableAdapter.call(Executors.java:511)
	at java.util.concurrent.FutureTask.run(FutureTask.java:266)
	at java.util.concurrent.ThreadPoolExecutor.runWorker(ThreadPoolExecutor.java:1149)
	at java.util.concurrent.ThreadPoolExecutor$Worker.run(ThreadPoolExecutor.java:624)
	... 1 more
Caused by: org.apache.ratis.thirdparty.io.netty.channel.AbstractChannel$AnnotatedConnectException: Connection refused: /192.168.157.242:42362
	at sun.nio.ch.SocketChannelImpl.checkConnect(Native Method)
	at sun.nio.ch.SocketChannelImpl.finishConnect(SocketChannelImpl.java:717)
	at org.apache.ratis.thirdparty.io.netty.channel.socket.nio.NioSocketChannel.doFinishConnect(NioSocketChannel.java:327)
	at org.apache.ratis.thirdparty.io.netty.channel.nio.AbstractNioChannel$AbstractNioUnsafe.finishConnect(AbstractNioChannel.java:340)
	at org.apache.ratis.thirdparty.io.netty.channel.nio.NioEventLoop.processSelectedKey(NioEventLoop.java:632)
	at org.apache.ratis.thirdparty.io.netty.channel.nio.NioEventLoop.processSelectedKeysOptimized(NioEventLoop.java:579)
	at org.apache.ratis.thirdparty.io.netty.channel.nio.NioEventLoop.processSelectedKeys(NioEventLoop.java:496)
	at org.apache.ratis.thirdparty.io.netty.channel.nio.NioEventLoop.run(NioEventLoop.java:458)
	at org.apache.ratis.thirdparty.io.netty.util.concurrent.SingleThreadEventExecutor$5.run(SingleThreadEventExecutor.java:897)
	at org.apache.ratis.thirdparty.io.netty.util.concurrent.FastThreadLocalRunnable.run(FastThreadLocalRunnable.java:30)
	... 1 more
Caused by: java.net.ConnectException: Connection refused
	... 11 more
2019-10-19 01:26:59,525 [774c78e1-8dd4-453d-975e-442189a07fe2@group-31C3DC938042-LeaderElection213] INFO  impl.LeaderElection (LogUtils.java:infoOrTrace(149)) -   Exception 1: {}
java.util.concurrent.ExecutionException: org.apache.ratis.thirdparty.io.grpc.StatusRuntimeException: UNAVAILABLE: io exception
	at java.util.concurrent.FutureTask.report(FutureTask.java:122)
	at java.util.concurrent.FutureTask.get(FutureTask.java:192)
	at org.apache.ratis.server.impl.LeaderElection.waitForResults(LeaderElection.java:259)
	at org.apache.ratis.server.impl.LeaderElection.askForVotes(LeaderElection.java:197)
	at org.apache.ratis.server.impl.LeaderElection.run(LeaderElection.java:133)
	at java.lang.Thread.run(Thread.java:748)
Caused by: org.apache.ratis.thirdparty.io.grpc.StatusRuntimeException: UNAVAILABLE: io exception
	at org.apache.ratis.thirdparty.io.grpc.stub.ClientCalls.toStatusRuntimeException(ClientCalls.java:233)
	at org.apache.ratis.thirdparty.io.grpc.stub.ClientCalls.getUnchecked(ClientCalls.java:214)
	at org.apache.ratis.thirdparty.io.grpc.stub.ClientCalls.blockingUnaryCall(ClientCalls.java:139)
	at org.apache.ratis.proto.grpc.RaftServerProtocolServiceGrpc$RaftServerProtocolServiceBlockingStub.requestVote(RaftServerProtocolServiceGrpc.java:265)
	at org.apache.ratis.grpc.server.GrpcServerProtocolClient.requestVote(GrpcServerProtocolClient.java:99)
	at org.apache.ratis.grpc.server.GrpcService.requestVote(GrpcService.java:204)
	at org.apache.ratis.server.impl.LeaderElection.lambda$submitRequests$1(LeaderElection.java:234)
	at java.util.concurrent.FutureTask.run(FutureTask.java:266)
	at java.util.concurrent.Executors$RunnableAdapter.call(Executors.java:511)
	at java.util.concurrent.FutureTask.run(FutureTask.java:266)
	at java.util.concurrent.ThreadPoolExecutor.runWorker(ThreadPoolExecutor.java:1149)
	at java.util.concurrent.ThreadPoolExecutor$Worker.run(ThreadPoolExecutor.java:624)
	... 1 more
Caused by: org.apache.ratis.thirdparty.io.netty.channel.AbstractChannel$AnnotatedConnectException: Connection refused: /192.168.157.242:37801
	at sun.nio.ch.SocketChannelImpl.checkConnect(Native Method)
	at sun.nio.ch.SocketChannelImpl.finishConnect(SocketChannelImpl.java:717)
	at org.apache.ratis.thirdparty.io.netty.channel.socket.nio.NioSocketChannel.doFinishConnect(NioSocketChannel.java:327)
	at org.apache.ratis.thirdparty.io.netty.channel.nio.AbstractNioChannel$AbstractNioUnsafe.finishConnect(AbstractNioChannel.java:340)
	at org.apache.ratis.thirdparty.io.netty.channel.nio.NioEventLoop.processSelectedKey(NioEventLoop.java:632)
	at org.apache.ratis.thirdparty.io.netty.channel.nio.NioEventLoop.processSelectedKeysOptimized(NioEventLoop.java:579)
	at org.apache.ratis.thirdparty.io.netty.channel.nio.NioEventLoop.processSelectedKeys(NioEventLoop.java:496)
	at org.apache.ratis.thirdparty.io.netty.channel.nio.NioEventLoop.run(NioEventLoop.java:458)
	at org.apache.ratis.thirdparty.io.netty.util.concurrent.SingleThreadEventExecutor$5.run(SingleThreadEventExecutor.java:897)
	at org.apache.ratis.thirdparty.io.netty.util.concurrent.FastThreadLocalRunnable.run(FastThreadLocalRunnable.java:30)
	... 1 more
Caused by: java.net.ConnectException: Connection refused
	... 11 more
2019-10-19 01:26:59,526 [774c78e1-8dd4-453d-975e-442189a07fe2@group-31C3DC938042-LeaderElection213] INFO  impl.RaftServerImpl (RaftServerImpl.java:setRole(184)) - 774c78e1-8dd4-453d-975e-442189a07fe2@group-31C3DC938042: changes role from CANDIDATE to FOLLOWER at term 196 for DISCOVERED_A_NEW_TERM
2019-10-19 01:26:59,526 [774c78e1-8dd4-453d-975e-442189a07fe2@group-31C3DC938042-LeaderElection213] INFO  impl.RoleInfo (RoleInfo.java:shutdownLeaderElection(134)) - 774c78e1-8dd4-453d-975e-442189a07fe2: shutdown LeaderElection
2019-10-19 01:26:59,526 [774c78e1-8dd4-453d-975e-442189a07fe2@group-31C3DC938042-LeaderElection213] INFO  impl.RoleInfo (RoleInfo.java:updateAndGet(143)) - 774c78e1-8dd4-453d-975e-442189a07fe2: start FollowerState
2019-10-19 01:27:00,434 [Thread-1841] INFO  impl.FollowerState (FollowerState.java:run(108)) - abe27936-fa37-414d-b2e1-4e10a1c095a6@group-F842E1832D96-FollowerState: change to CANDIDATE, lastRpcTime:1090ms, electionTimeout:1090ms
2019-10-19 01:27:00,434 [Thread-1841] INFO  impl.RoleInfo (RoleInfo.java:shutdownFollowerState(121)) - abe27936-fa37-414d-b2e1-4e10a1c095a6: shutdown FollowerState
2019-10-19 01:27:00,434 [Thread-1841] INFO  impl.RaftServerImpl (RaftServerImpl.java:setRole(184)) - abe27936-fa37-414d-b2e1-4e10a1c095a6@group-F842E1832D96: changes role from  FOLLOWER to CANDIDATE at term 9 for changeToCandidate
2019-10-19 01:27:00,434 [Thread-1841] INFO  impl.RoleInfo (RoleInfo.java:updateAndGet(143)) - abe27936-fa37-414d-b2e1-4e10a1c095a6: start LeaderElection
2019-10-19 01:27:00,449 [abe27936-fa37-414d-b2e1-4e10a1c095a6@group-F842E1832D96-LeaderElection214] INFO  impl.LeaderElection (LeaderElection.java:askForVotes(178)) - abe27936-fa37-414d-b2e1-4e10a1c095a6@group-F842E1832D96-LeaderElection214: begin an election at term 10 for 17: [236187ad-c3a6-4195-8acc-6254fb470a95:192.168.157.242:36973, 964c97d4-fbb7-48cf-b727-382e7669b5e9:192.168.157.242:42114, abe27936-fa37-414d-b2e1-4e10a1c095a6:192.168.157.242:42932], old=null
2019-10-19 01:27:00,449 [abe27936-fa37-414d-b2e1-4e10a1c095a6@group-F842E1832D96-LeaderElection214] INFO  impl.LeaderElection (LogUtils.java:infoOrTrace(149)) - abe27936-fa37-414d-b2e1-4e10a1c095a6@group-F842E1832D96-LeaderElection214 got exception when requesting votes: {}
java.util.concurrent.ExecutionException: org.apache.ratis.thirdparty.io.grpc.StatusRuntimeException: UNAVAILABLE: io exception
	at java.util.concurrent.FutureTask.report(FutureTask.java:122)
	at java.util.concurrent.FutureTask.get(FutureTask.java:192)
	at org.apache.ratis.server.impl.LeaderElection.waitForResults(LeaderElection.java:259)
	at org.apache.ratis.server.impl.LeaderElection.askForVotes(LeaderElection.java:197)
	at org.apache.ratis.server.impl.LeaderElection.run(LeaderElection.java:133)
	at java.lang.Thread.run(Thread.java:748)
Caused by: org.apache.ratis.thirdparty.io.grpc.StatusRuntimeException: UNAVAILABLE: io exception
	at org.apache.ratis.thirdparty.io.grpc.stub.ClientCalls.toStatusRuntimeException(ClientCalls.java:233)
	at org.apache.ratis.thirdparty.io.grpc.stub.ClientCalls.getUnchecked(ClientCalls.java:214)
	at org.apache.ratis.thirdparty.io.grpc.stub.ClientCalls.blockingUnaryCall(ClientCalls.java:139)
	at org.apache.ratis.proto.grpc.RaftServerProtocolServiceGrpc$RaftServerProtocolServiceBlockingStub.requestVote(RaftServerProtocolServiceGrpc.java:265)
	at org.apache.ratis.grpc.server.GrpcServerProtocolClient.requestVote(GrpcServerProtocolClient.java:99)
	at org.apache.ratis.grpc.server.GrpcService.requestVote(GrpcService.java:204)
	at org.apache.ratis.server.impl.LeaderElection.lambda$submitRequests$1(LeaderElection.java:234)
	at java.util.concurrent.FutureTask.run(FutureTask.java:266)
	at java.util.concurrent.Executors$RunnableAdapter.call(Executors.java:511)
	at java.util.concurrent.FutureTask.run(FutureTask.java:266)
	at java.util.concurrent.ThreadPoolExecutor.runWorker(ThreadPoolExecutor.java:1149)
	at java.util.concurrent.ThreadPoolExecutor$Worker.run(ThreadPoolExecutor.java:624)
	... 1 more
Caused by: org.apache.ratis.thirdparty.io.netty.channel.AbstractChannel$AnnotatedConnectException: Connection refused: /192.168.157.242:42114
	at sun.nio.ch.SocketChannelImpl.checkConnect(Native Method)
	at sun.nio.ch.SocketChannelImpl.finishConnect(SocketChannelImpl.java:717)
	at org.apache.ratis.thirdparty.io.netty.channel.socket.nio.NioSocketChannel.doFinishConnect(NioSocketChannel.java:327)
	at org.apache.ratis.thirdparty.io.netty.channel.nio.AbstractNioChannel$AbstractNioUnsafe.finishConnect(AbstractNioChannel.java:340)
	at org.apache.ratis.thirdparty.io.netty.channel.nio.NioEventLoop.processSelectedKey(NioEventLoop.java:632)
	at org.apache.ratis.thirdparty.io.netty.channel.nio.NioEventLoop.processSelectedKeysOptimized(NioEventLoop.java:579)
	at org.apache.ratis.thirdparty.io.netty.channel.nio.NioEventLoop.processSelectedKeys(NioEventLoop.java:496)
	at org.apache.ratis.thirdparty.io.netty.channel.nio.NioEventLoop.run(NioEventLoop.java:458)
	at org.apache.ratis.thirdparty.io.netty.util.concurrent.SingleThreadEventExecutor$5.run(SingleThreadEventExecutor.java:897)
	at org.apache.ratis.thirdparty.io.netty.util.concurrent.FastThreadLocalRunnable.run(FastThreadLocalRunnable.java:30)
	... 1 more
Caused by: java.net.ConnectException: Connection refused
	... 11 more
2019-10-19 01:27:00,450 [abe27936-fa37-414d-b2e1-4e10a1c095a6@group-F842E1832D96-LeaderElection214] INFO  impl.LeaderElection (LogUtils.java:infoOrTrace(149)) - abe27936-fa37-414d-b2e1-4e10a1c095a6@group-F842E1832D96-LeaderElection214 got exception when requesting votes: {}
java.util.concurrent.ExecutionException: org.apache.ratis.thirdparty.io.grpc.StatusRuntimeException: UNAVAILABLE: io exception
	at java.util.concurrent.FutureTask.report(FutureTask.java:122)
	at java.util.concurrent.FutureTask.get(FutureTask.java:192)
	at org.apache.ratis.server.impl.LeaderElection.waitForResults(LeaderElection.java:259)
	at org.apache.ratis.server.impl.LeaderElection.askForVotes(LeaderElection.java:197)
	at org.apache.ratis.server.impl.LeaderElection.run(LeaderElection.java:133)
	at java.lang.Thread.run(Thread.java:748)
Caused by: org.apache.ratis.thirdparty.io.grpc.StatusRuntimeException: UNAVAILABLE: io exception
	at org.apache.ratis.thirdparty.io.grpc.stub.ClientCalls.toStatusRuntimeException(ClientCalls.java:233)
	at org.apache.ratis.thirdparty.io.grpc.stub.ClientCalls.getUnchecked(ClientCalls.java:214)
	at org.apache.ratis.thirdparty.io.grpc.stub.ClientCalls.blockingUnaryCall(ClientCalls.java:139)
	at org.apache.ratis.proto.grpc.RaftServerProtocolServiceGrpc$RaftServerProtocolServiceBlockingStub.requestVote(RaftServerProtocolServiceGrpc.java:265)
	at org.apache.ratis.grpc.server.GrpcServerProtocolClient.requestVote(GrpcServerProtocolClient.java:99)
	at org.apache.ratis.grpc.server.GrpcService.requestVote(GrpcService.java:204)
	at org.apache.ratis.server.impl.LeaderElection.lambda$submitRequests$1(LeaderElection.java:234)
	at java.util.concurrent.FutureTask.run(FutureTask.java:266)
	at java.util.concurrent.Executors$RunnableAdapter.call(Executors.java:511)
	at java.util.concurrent.FutureTask.run(FutureTask.java:266)
	at java.util.concurrent.ThreadPoolExecutor.runWorker(ThreadPoolExecutor.java:1149)
	at java.util.concurrent.ThreadPoolExecutor$Worker.run(ThreadPoolExecutor.java:624)
	... 1 more
Caused by: org.apache.ratis.thirdparty.io.netty.channel.AbstractChannel$AnnotatedConnectException: Connection refused: /192.168.157.242:36973
	at sun.nio.ch.SocketChannelImpl.checkConnect(Native Method)
	at sun.nio.ch.SocketChannelImpl.finishConnect(SocketChannelImpl.java:717)
	at org.apache.ratis.thirdparty.io.netty.channel.socket.nio.NioSocketChannel.doFinishConnect(NioSocketChannel.java:327)
	at org.apache.ratis.thirdparty.io.netty.channel.nio.AbstractNioChannel$AbstractNioUnsafe.finishConnect(AbstractNioChannel.java:340)
	at org.apache.ratis.thirdparty.io.netty.channel.nio.NioEventLoop.processSelectedKey(NioEventLoop.java:632)
	at org.apache.ratis.thirdparty.io.netty.channel.nio.NioEventLoop.processSelectedKeysOptimized(NioEventLoop.java:579)
	at org.apache.ratis.thirdparty.io.netty.channel.nio.NioEventLoop.processSelectedKeys(NioEventLoop.java:496)
	at org.apache.ratis.thirdparty.io.netty.channel.nio.NioEventLoop.run(NioEventLoop.java:458)
	at org.apache.ratis.thirdparty.io.netty.util.concurrent.SingleThreadEventExecutor$5.run(SingleThreadEventExecutor.java:897)
	at org.apache.ratis.thirdparty.io.netty.util.concurrent.FastThreadLocalRunnable.run(FastThreadLocalRunnable.java:30)
	... 1 more
Caused by: java.net.ConnectException: Connection refused
	... 11 more
2019-10-19 01:27:00,450 [abe27936-fa37-414d-b2e1-4e10a1c095a6@group-F842E1832D96-LeaderElection214] INFO  impl.LeaderElection (LeaderElection.java:logAndReturn(56)) - abe27936-fa37-414d-b2e1-4e10a1c095a6@group-F842E1832D96-LeaderElection214: Election REJECTED; received 0 response(s) [] and 2 exception(s); abe27936-fa37-414d-b2e1-4e10a1c095a6@group-F842E1832D96:t10, leader=null, voted=abe27936-fa37-414d-b2e1-4e10a1c095a6, raftlog=abe27936-fa37-414d-b2e1-4e10a1c095a6@group-F842E1832D96-SegmentedRaftLog:OPENED:c18,f18,i18, conf=17: [236187ad-c3a6-4195-8acc-6254fb470a95:192.168.157.242:36973, 964c97d4-fbb7-48cf-b727-382e7669b5e9:192.168.157.242:42114, abe27936-fa37-414d-b2e1-4e10a1c095a6:192.168.157.242:42932], old=null
2019-10-19 01:27:00,450 [abe27936-fa37-414d-b2e1-4e10a1c095a6@group-F842E1832D96-LeaderElection214] INFO  impl.LeaderElection (LogUtils.java:infoOrTrace(149)) -   Exception 0: {}
java.util.concurrent.ExecutionException: org.apache.ratis.thirdparty.io.grpc.StatusRuntimeException: UNAVAILABLE: io exception
	at java.util.concurrent.FutureTask.report(FutureTask.java:122)
	at java.util.concurrent.FutureTask.get(FutureTask.java:192)
	at org.apache.ratis.server.impl.LeaderElection.waitForResults(LeaderElection.java:259)
	at org.apache.ratis.server.impl.LeaderElection.askForVotes(LeaderElection.java:197)
	at org.apache.ratis.server.impl.LeaderElection.run(LeaderElection.java:133)
	at java.lang.Thread.run(Thread.java:748)
Caused by: org.apache.ratis.thirdparty.io.grpc.StatusRuntimeException: UNAVAILABLE: io exception
	at org.apache.ratis.thirdparty.io.grpc.stub.ClientCalls.toStatusRuntimeException(ClientCalls.java:233)
	at org.apache.ratis.thirdparty.io.grpc.stub.ClientCalls.getUnchecked(ClientCalls.java:214)
	at org.apache.ratis.thirdparty.io.grpc.stub.ClientCalls.blockingUnaryCall(ClientCalls.java:139)
	at org.apache.ratis.proto.grpc.RaftServerProtocolServiceGrpc$RaftServerProtocolServiceBlockingStub.requestVote(RaftServerProtocolServiceGrpc.java:265)
	at org.apache.ratis.grpc.server.GrpcServerProtocolClient.requestVote(GrpcServerProtocolClient.java:99)
	at org.apache.ratis.grpc.server.GrpcService.requestVote(GrpcService.java:204)
	at org.apache.ratis.server.impl.LeaderElection.lambda$submitRequests$1(LeaderElection.java:234)
	at java.util.concurrent.FutureTask.run(FutureTask.java:266)
	at java.util.concurrent.Executors$RunnableAdapter.call(Executors.java:511)
	at java.util.concurrent.FutureTask.run(FutureTask.java:266)
	at java.util.concurrent.ThreadPoolExecutor.runWorker(ThreadPoolExecutor.java:1149)
	at java.util.concurrent.ThreadPoolExecutor$Worker.run(ThreadPoolExecutor.java:624)
	... 1 more
Caused by: org.apache.ratis.thirdparty.io.netty.channel.AbstractChannel$AnnotatedConnectException: Connection refused: /192.168.157.242:42114
	at sun.nio.ch.SocketChannelImpl.checkConnect(Native Method)
	at sun.nio.ch.SocketChannelImpl.finishConnect(SocketChannelImpl.java:717)
	at org.apache.ratis.thirdparty.io.netty.channel.socket.nio.NioSocketChannel.doFinishConnect(NioSocketChannel.java:327)
	at org.apache.ratis.thirdparty.io.netty.channel.nio.AbstractNioChannel$AbstractNioUnsafe.finishConnect(AbstractNioChannel.java:340)
	at org.apache.ratis.thirdparty.io.netty.channel.nio.NioEventLoop.processSelectedKey(NioEventLoop.java:632)
	at org.apache.ratis.thirdparty.io.netty.channel.nio.NioEventLoop.processSelectedKeysOptimized(NioEventLoop.java:579)
	at org.apache.ratis.thirdparty.io.netty.channel.nio.NioEventLoop.processSelectedKeys(NioEventLoop.java:496)
	at org.apache.ratis.thirdparty.io.netty.channel.nio.NioEventLoop.run(NioEventLoop.java:458)
	at org.apache.ratis.thirdparty.io.netty.util.concurrent.SingleThreadEventExecutor$5.run(SingleThreadEventExecutor.java:897)
	at org.apache.ratis.thirdparty.io.netty.util.concurrent.FastThreadLocalRunnable.run(FastThreadLocalRunnable.java:30)
	... 1 more
Caused by: java.net.ConnectException: Connection refused
	... 11 more
2019-10-19 01:27:00,451 [abe27936-fa37-414d-b2e1-4e10a1c095a6@group-F842E1832D96-LeaderElection214] INFO  impl.LeaderElection (LogUtils.java:infoOrTrace(149)) -   Exception 1: {}
java.util.concurrent.ExecutionException: org.apache.ratis.thirdparty.io.grpc.StatusRuntimeException: UNAVAILABLE: io exception
	at java.util.concurrent.FutureTask.report(FutureTask.java:122)
	at java.util.concurrent.FutureTask.get(FutureTask.java:192)
	at org.apache.ratis.server.impl.LeaderElection.waitForResults(LeaderElection.java:259)
	at org.apache.ratis.server.impl.LeaderElection.askForVotes(LeaderElection.java:197)
	at org.apache.ratis.server.impl.LeaderElection.run(LeaderElection.java:133)
	at java.lang.Thread.run(Thread.java:748)
Caused by: org.apache.ratis.thirdparty.io.grpc.StatusRuntimeException: UNAVAILABLE: io exception
	at org.apache.ratis.thirdparty.io.grpc.stub.ClientCalls.toStatusRuntimeException(ClientCalls.java:233)
	at org.apache.ratis.thirdparty.io.grpc.stub.ClientCalls.getUnchecked(ClientCalls.java:214)
	at org.apache.ratis.thirdparty.io.grpc.stub.ClientCalls.blockingUnaryCall(ClientCalls.java:139)
	at org.apache.ratis.proto.grpc.RaftServerProtocolServiceGrpc$RaftServerProtocolServiceBlockingStub.requestVote(RaftServerProtocolServiceGrpc.java:265)
	at org.apache.ratis.grpc.server.GrpcServerProtocolClient.requestVote(GrpcServerProtocolClient.java:99)
	at org.apache.ratis.grpc.server.GrpcService.requestVote(GrpcService.java:204)
	at org.apache.ratis.server.impl.LeaderElection.lambda$submitRequests$1(LeaderElection.java:234)
	at java.util.concurrent.FutureTask.run(FutureTask.java:266)
	at java.util.concurrent.Executors$RunnableAdapter.call(Executors.java:511)
	at java.util.concurrent.FutureTask.run(FutureTask.java:266)
	at java.util.concurrent.ThreadPoolExecutor.runWorker(ThreadPoolExecutor.java:1149)
	at java.util.concurrent.ThreadPoolExecutor$Worker.run(ThreadPoolExecutor.java:624)
	... 1 more
Caused by: org.apache.ratis.thirdparty.io.netty.channel.AbstractChannel$AnnotatedConnectException: Connection refused: /192.168.157.242:36973
	at sun.nio.ch.SocketChannelImpl.checkConnect(Native Method)
	at sun.nio.ch.SocketChannelImpl.finishConnect(SocketChannelImpl.java:717)
	at org.apache.ratis.thirdparty.io.netty.channel.socket.nio.NioSocketChannel.doFinishConnect(NioSocketChannel.java:327)
	at org.apache.ratis.thirdparty.io.netty.channel.nio.AbstractNioChannel$AbstractNioUnsafe.finishConnect(AbstractNioChannel.java:340)
	at org.apache.ratis.thirdparty.io.netty.channel.nio.NioEventLoop.processSelectedKey(NioEventLoop.java:632)
	at org.apache.ratis.thirdparty.io.netty.channel.nio.NioEventLoop.processSelectedKeysOptimized(NioEventLoop.java:579)
	at org.apache.ratis.thirdparty.io.netty.channel.nio.NioEventLoop.processSelectedKeys(NioEventLoop.java:496)
	at org.apache.ratis.thirdparty.io.netty.channel.nio.NioEventLoop.run(NioEventLoop.java:458)
	at org.apache.ratis.thirdparty.io.netty.util.concurrent.SingleThreadEventExecutor$5.run(SingleThreadEventExecutor.java:897)
	at org.apache.ratis.thirdparty.io.netty.util.concurrent.FastThreadLocalRunnable.run(FastThreadLocalRunnable.java:30)
	... 1 more
Caused by: java.net.ConnectException: Connection refused
	... 11 more
2019-10-19 01:27:00,451 [abe27936-fa37-414d-b2e1-4e10a1c095a6@group-F842E1832D96-LeaderElection214] INFO  impl.RaftServerImpl (RaftServerImpl.java:setRole(184)) - abe27936-fa37-414d-b2e1-4e10a1c095a6@group-F842E1832D96: changes role from CANDIDATE to FOLLOWER at term 10 for DISCOVERED_A_NEW_TERM
2019-10-19 01:27:00,451 [abe27936-fa37-414d-b2e1-4e10a1c095a6@group-F842E1832D96-LeaderElection214] INFO  impl.RoleInfo (RoleInfo.java:shutdownLeaderElection(134)) - abe27936-fa37-414d-b2e1-4e10a1c095a6: shutdown LeaderElection
2019-10-19 01:27:00,451 [abe27936-fa37-414d-b2e1-4e10a1c095a6@group-F842E1832D96-LeaderElection214] INFO  impl.RoleInfo (RoleInfo.java:updateAndGet(143)) - abe27936-fa37-414d-b2e1-4e10a1c095a6: start FollowerState
2019-10-19 01:27:00,593 [Thread-1845] INFO  impl.FollowerState (FollowerState.java:run(108)) - 774c78e1-8dd4-453d-975e-442189a07fe2@group-31C3DC938042-FollowerState: change to CANDIDATE, lastRpcTime:1067ms, electionTimeout:1067ms
2019-10-19 01:27:00,593 [Thread-1845] INFO  impl.RoleInfo (RoleInfo.java:shutdownFollowerState(121)) - 774c78e1-8dd4-453d-975e-442189a07fe2: shutdown FollowerState
2019-10-19 01:27:00,593 [Thread-1845] INFO  impl.RaftServerImpl (RaftServerImpl.java:setRole(184)) - 774c78e1-8dd4-453d-975e-442189a07fe2@group-31C3DC938042: changes role from  FOLLOWER to CANDIDATE at term 196 for changeToCandidate
2019-10-19 01:27:00,593 [Thread-1845] INFO  impl.RoleInfo (RoleInfo.java:updateAndGet(143)) - 774c78e1-8dd4-453d-975e-442189a07fe2: start LeaderElection
2019-10-19 01:27:00,603 [774c78e1-8dd4-453d-975e-442189a07fe2@group-31C3DC938042-LeaderElection215] INFO  impl.LeaderElection (LeaderElection.java:askForVotes(178)) - 774c78e1-8dd4-453d-975e-442189a07fe2@group-31C3DC938042-LeaderElection215: begin an election at term 197 for 0: [774c78e1-8dd4-453d-975e-442189a07fe2:192.168.157.242:38712, 7247ad7d-2ca2-4af8-9337-77c07ea89cb3:192.168.157.242:42362, 8bce6a00-3bba-419d-83ac-b35141b6b559:192.168.157.242:37801], old=null
2019-10-19 01:27:00,604 [774c78e1-8dd4-453d-975e-442189a07fe2@group-31C3DC938042-LeaderElection215] INFO  impl.LeaderElection (LogUtils.java:infoOrTrace(149)) - 774c78e1-8dd4-453d-975e-442189a07fe2@group-31C3DC938042-LeaderElection215 got exception when requesting votes: {}
java.util.concurrent.ExecutionException: org.apache.ratis.thirdparty.io.grpc.StatusRuntimeException: UNAVAILABLE: io exception
	at java.util.concurrent.FutureTask.report(FutureTask.java:122)
	at java.util.concurrent.FutureTask.get(FutureTask.java:192)
	at org.apache.ratis.server.impl.LeaderElection.waitForResults(LeaderElection.java:259)
	at org.apache.ratis.server.impl.LeaderElection.askForVotes(LeaderElection.java:197)
	at org.apache.ratis.server.impl.LeaderElection.run(LeaderElection.java:133)
	at java.lang.Thread.run(Thread.java:748)
Caused by: org.apache.ratis.thirdparty.io.grpc.StatusRuntimeException: UNAVAILABLE: io exception
	at org.apache.ratis.thirdparty.io.grpc.stub.ClientCalls.toStatusRuntimeException(ClientCalls.java:233)
	at org.apache.ratis.thirdparty.io.grpc.stub.ClientCalls.getUnchecked(ClientCalls.java:214)
	at org.apache.ratis.thirdparty.io.grpc.stub.ClientCalls.blockingUnaryCall(ClientCalls.java:139)
	at org.apache.ratis.proto.grpc.RaftServerProtocolServiceGrpc$RaftServerProtocolServiceBlockingStub.requestVote(RaftServerProtocolServiceGrpc.java:265)
	at org.apache.ratis.grpc.server.GrpcServerProtocolClient.requestVote(GrpcServerProtocolClient.java:99)
	at org.apache.ratis.grpc.server.GrpcService.requestVote(GrpcService.java:204)
	at org.apache.ratis.server.impl.LeaderElection.lambda$submitRequests$1(LeaderElection.java:234)
	at java.util.concurrent.FutureTask.run(FutureTask.java:266)
	at java.util.concurrent.Executors$RunnableAdapter.call(Executors.java:511)
	at java.util.concurrent.FutureTask.run(FutureTask.java:266)
	at java.util.concurrent.ThreadPoolExecutor.runWorker(ThreadPoolExecutor.java:1149)
	at java.util.concurrent.ThreadPoolExecutor$Worker.run(ThreadPoolExecutor.java:624)
	... 1 more
Caused by: org.apache.ratis.thirdparty.io.netty.channel.AbstractChannel$AnnotatedConnectException: Connection refused: /192.168.157.242:42362
	at sun.nio.ch.SocketChannelImpl.checkConnect(Native Method)
	at sun.nio.ch.SocketChannelImpl.finishConnect(SocketChannelImpl.java:717)
	at org.apache.ratis.thirdparty.io.netty.channel.socket.nio.NioSocketChannel.doFinishConnect(NioSocketChannel.java:327)
	at org.apache.ratis.thirdparty.io.netty.channel.nio.AbstractNioChannel$AbstractNioUnsafe.finishConnect(AbstractNioChannel.java:340)
	at org.apache.ratis.thirdparty.io.netty.channel.nio.NioEventLoop.processSelectedKey(NioEventLoop.java:632)
	at org.apache.ratis.thirdparty.io.netty.channel.nio.NioEventLoop.processSelectedKeysOptimized(NioEventLoop.java:579)
	at org.apache.ratis.thirdparty.io.netty.channel.nio.NioEventLoop.processSelectedKeys(NioEventLoop.java:496)
	at org.apache.ratis.thirdparty.io.netty.channel.nio.NioEventLoop.run(NioEventLoop.java:458)
	at org.apache.ratis.thirdparty.io.netty.util.concurrent.SingleThreadEventExecutor$5.run(SingleThreadEventExecutor.java:897)
	at org.apache.ratis.thirdparty.io.netty.util.concurrent.FastThreadLocalRunnable.run(FastThreadLocalRunnable.java:30)
	... 1 more
Caused by: java.net.ConnectException: Connection refused
	... 11 more
2019-10-19 01:27:00,604 [774c78e1-8dd4-453d-975e-442189a07fe2@group-31C3DC938042-LeaderElection215] INFO  impl.LeaderElection (LogUtils.java:infoOrTrace(149)) - 774c78e1-8dd4-453d-975e-442189a07fe2@group-31C3DC938042-LeaderElection215 got exception when requesting votes: {}
java.util.concurrent.ExecutionException: org.apache.ratis.thirdparty.io.grpc.StatusRuntimeException: UNAVAILABLE: io exception
	at java.util.concurrent.FutureTask.report(FutureTask.java:122)
	at java.util.concurrent.FutureTask.get(FutureTask.java:192)
	at org.apache.ratis.server.impl.LeaderElection.waitForResults(LeaderElection.java:259)
	at org.apache.ratis.server.impl.LeaderElection.askForVotes(LeaderElection.java:197)
	at org.apache.ratis.server.impl.LeaderElection.run(LeaderElection.java:133)
	at java.lang.Thread.run(Thread.java:748)
Caused by: org.apache.ratis.thirdparty.io.grpc.StatusRuntimeException: UNAVAILABLE: io exception
	at org.apache.ratis.thirdparty.io.grpc.stub.ClientCalls.toStatusRuntimeException(ClientCalls.java:233)
	at org.apache.ratis.thirdparty.io.grpc.stub.ClientCalls.getUnchecked(ClientCalls.java:214)
	at org.apache.ratis.thirdparty.io.grpc.stub.ClientCalls.blockingUnaryCall(ClientCalls.java:139)
	at org.apache.ratis.proto.grpc.RaftServerProtocolServiceGrpc$RaftServerProtocolServiceBlockingStub.requestVote(RaftServerProtocolServiceGrpc.java:265)
	at org.apache.ratis.grpc.server.GrpcServerProtocolClient.requestVote(GrpcServerProtocolClient.java:99)
	at org.apache.ratis.grpc.server.GrpcService.requestVote(GrpcService.java:204)
	at org.apache.ratis.server.impl.LeaderElection.lambda$submitRequests$1(LeaderElection.java:234)
	at java.util.concurrent.FutureTask.run(FutureTask.java:266)
	at java.util.concurrent.Executors$RunnableAdapter.call(Executors.java:511)
	at java.util.concurrent.FutureTask.run(FutureTask.java:266)
	at java.util.concurrent.ThreadPoolExecutor.runWorker(ThreadPoolExecutor.java:1149)
	at java.util.concurrent.ThreadPoolExecutor$Worker.run(ThreadPoolExecutor.java:624)
	... 1 more
Caused by: org.apache.ratis.thirdparty.io.netty.channel.AbstractChannel$AnnotatedConnectException: Connection refused: /192.168.157.242:37801
	at sun.nio.ch.SocketChannelImpl.checkConnect(Native Method)
	at sun.nio.ch.SocketChannelImpl.finishConnect(SocketChannelImpl.java:717)
	at org.apache.ratis.thirdparty.io.netty.channel.socket.nio.NioSocketChannel.doFinishConnect(NioSocketChannel.java:327)
	at org.apache.ratis.thirdparty.io.netty.channel.nio.AbstractNioChannel$AbstractNioUnsafe.finishConnect(AbstractNioChannel.java:340)
	at org.apache.ratis.thirdparty.io.netty.channel.nio.NioEventLoop.processSelectedKey(NioEventLoop.java:632)
	at org.apache.ratis.thirdparty.io.netty.channel.nio.NioEventLoop.processSelectedKeysOptimized(NioEventLoop.java:579)
	at org.apache.ratis.thirdparty.io.netty.channel.nio.NioEventLoop.processSelectedKeys(NioEventLoop.java:496)
	at org.apache.ratis.thirdparty.io.netty.channel.nio.NioEventLoop.run(NioEventLoop.java:458)
	at org.apache.ratis.thirdparty.io.netty.util.concurrent.SingleThreadEventExecutor$5.run(SingleThreadEventExecutor.java:897)
	at org.apache.ratis.thirdparty.io.netty.util.concurrent.FastThreadLocalRunnable.run(FastThreadLocalRunnable.java:30)
	... 1 more
Caused by: java.net.ConnectException: Connection refused
	... 11 more
2019-10-19 01:27:00,604 [774c78e1-8dd4-453d-975e-442189a07fe2@group-31C3DC938042-LeaderElection215] INFO  impl.LeaderElection (LeaderElection.java:logAndReturn(56)) - 774c78e1-8dd4-453d-975e-442189a07fe2@group-31C3DC938042-LeaderElection215: Election REJECTED; received 0 response(s) [] and 2 exception(s); 774c78e1-8dd4-453d-975e-442189a07fe2@group-31C3DC938042:t197, leader=null, voted=774c78e1-8dd4-453d-975e-442189a07fe2, raftlog=774c78e1-8dd4-453d-975e-442189a07fe2@group-31C3DC938042-SegmentedRaftLog:OPENED:c-1,f0,i0, conf=0: [774c78e1-8dd4-453d-975e-442189a07fe2:192.168.157.242:38712, 7247ad7d-2ca2-4af8-9337-77c07ea89cb3:192.168.157.242:42362, 8bce6a00-3bba-419d-83ac-b35141b6b559:192.168.157.242:37801], old=null
2019-10-19 01:27:00,604 [774c78e1-8dd4-453d-975e-442189a07fe2@group-31C3DC938042-LeaderElection215] INFO  impl.LeaderElection (LogUtils.java:infoOrTrace(149)) -   Exception 0: {}
java.util.concurrent.ExecutionException: org.apache.ratis.thirdparty.io.grpc.StatusRuntimeException: UNAVAILABLE: io exception
	at java.util.concurrent.FutureTask.report(FutureTask.java:122)
	at java.util.concurrent.FutureTask.get(FutureTask.java:192)
	at org.apache.ratis.server.impl.LeaderElection.waitForResults(LeaderElection.java:259)
	at org.apache.ratis.server.impl.LeaderElection.askForVotes(LeaderElection.java:197)
	at org.apache.ratis.server.impl.LeaderElection.run(LeaderElection.java:133)
	at java.lang.Thread.run(Thread.java:748)
Caused by: org.apache.ratis.thirdparty.io.grpc.StatusRuntimeException: UNAVAILABLE: io exception
	at org.apache.ratis.thirdparty.io.grpc.stub.ClientCalls.toStatusRuntimeException(ClientCalls.java:233)
	at org.apache.ratis.thirdparty.io.grpc.stub.ClientCalls.getUnchecked(ClientCalls.java:214)
	at org.apache.ratis.thirdparty.io.grpc.stub.ClientCalls.blockingUnaryCall(ClientCalls.java:139)
	at org.apache.ratis.proto.grpc.RaftServerProtocolServiceGrpc$RaftServerProtocolServiceBlockingStub.requestVote(RaftServerProtocolServiceGrpc.java:265)
	at org.apache.ratis.grpc.server.GrpcServerProtocolClient.requestVote(GrpcServerProtocolClient.java:99)
	at org.apache.ratis.grpc.server.GrpcService.requestVote(GrpcService.java:204)
	at org.apache.ratis.server.impl.LeaderElection.lambda$submitRequests$1(LeaderElection.java:234)
	at java.util.concurrent.FutureTask.run(FutureTask.java:266)
	at java.util.concurrent.Executors$RunnableAdapter.call(Executors.java:511)
	at java.util.concurrent.FutureTask.run(FutureTask.java:266)
	at java.util.concurrent.ThreadPoolExecutor.runWorker(ThreadPoolExecutor.java:1149)
	at java.util.concurrent.ThreadPoolExecutor$Worker.run(ThreadPoolExecutor.java:624)
	... 1 more
Caused by: org.apache.ratis.thirdparty.io.netty.channel.AbstractChannel$AnnotatedConnectException: Connection refused: /192.168.157.242:42362
	at sun.nio.ch.SocketChannelImpl.checkConnect(Native Method)
	at sun.nio.ch.SocketChannelImpl.finishConnect(SocketChannelImpl.java:717)
	at org.apache.ratis.thirdparty.io.netty.channel.socket.nio.NioSocketChannel.doFinishConnect(NioSocketChannel.java:327)
	at org.apache.ratis.thirdparty.io.netty.channel.nio.AbstractNioChannel$AbstractNioUnsafe.finishConnect(AbstractNioChannel.java:340)
	at org.apache.ratis.thirdparty.io.netty.channel.nio.NioEventLoop.processSelectedKey(NioEventLoop.java:632)
	at org.apache.ratis.thirdparty.io.netty.channel.nio.NioEventLoop.processSelectedKeysOptimized(NioEventLoop.java:579)
	at org.apache.ratis.thirdparty.io.netty.channel.nio.NioEventLoop.processSelectedKeys(NioEventLoop.java:496)
	at org.apache.ratis.thirdparty.io.netty.channel.nio.NioEventLoop.run(NioEventLoop.java:458)
	at org.apache.ratis.thirdparty.io.netty.util.concurrent.SingleThreadEventExecutor$5.run(SingleThreadEventExecutor.java:897)
	at org.apache.ratis.thirdparty.io.netty.util.concurrent.FastThreadLocalRunnable.run(FastThreadLocalRunnable.java:30)
	... 1 more
Caused by: java.net.ConnectException: Connection refused
	... 11 more
2019-10-19 01:27:00,604 [774c78e1-8dd4-453d-975e-442189a07fe2@group-31C3DC938042-LeaderElection215] INFO  impl.LeaderElection (LogUtils.java:infoOrTrace(149)) -   Exception 1: {}
java.util.concurrent.ExecutionException: org.apache.ratis.thirdparty.io.grpc.StatusRuntimeException: UNAVAILABLE: io exception
	at java.util.concurrent.FutureTask.report(FutureTask.java:122)
	at java.util.concurrent.FutureTask.get(FutureTask.java:192)
	at org.apache.ratis.server.impl.LeaderElection.waitForResults(LeaderElection.java:259)
	at org.apache.ratis.server.impl.LeaderElection.askForVotes(LeaderElection.java:197)
	at org.apache.ratis.server.impl.LeaderElection.run(LeaderElection.java:133)
	at java.lang.Thread.run(Thread.java:748)
Caused by: org.apache.ratis.thirdparty.io.grpc.StatusRuntimeException: UNAVAILABLE: io exception
	at org.apache.ratis.thirdparty.io.grpc.stub.ClientCalls.toStatusRuntimeException(ClientCalls.java:233)
	at org.apache.ratis.thirdparty.io.grpc.stub.ClientCalls.getUnchecked(ClientCalls.java:214)
	at org.apache.ratis.thirdparty.io.grpc.stub.ClientCalls.blockingUnaryCall(ClientCalls.java:139)
	at org.apache.ratis.proto.grpc.RaftServerProtocolServiceGrpc$RaftServerProtocolServiceBlockingStub.requestVote(RaftServerProtocolServiceGrpc.java:265)
	at org.apache.ratis.grpc.server.GrpcServerProtocolClient.requestVote(GrpcServerProtocolClient.java:99)
	at org.apache.ratis.grpc.server.GrpcService.requestVote(GrpcService.java:204)
	at org.apache.ratis.server.impl.LeaderElection.lambda$submitRequests$1(LeaderElection.java:234)
	at java.util.concurrent.FutureTask.run(FutureTask.java:266)
	at java.util.concurrent.Executors$RunnableAdapter.call(Executors.java:511)
	at java.util.concurrent.FutureTask.run(FutureTask.java:266)
	at java.util.concurrent.ThreadPoolExecutor.runWorker(ThreadPoolExecutor.java:1149)
	at java.util.concurrent.ThreadPoolExecutor$Worker.run(ThreadPoolExecutor.java:624)
	... 1 more
Caused by: org.apache.ratis.thirdparty.io.netty.channel.AbstractChannel$AnnotatedConnectException: Connection refused: /192.168.157.242:37801
	at sun.nio.ch.SocketChannelImpl.checkConnect(Native Method)
	at sun.nio.ch.SocketChannelImpl.finishConnect(SocketChannelImpl.java:717)
	at org.apache.ratis.thirdparty.io.netty.channel.socket.nio.NioSocketChannel.doFinishConnect(NioSocketChannel.java:327)
	at org.apache.ratis.thirdparty.io.netty.channel.nio.AbstractNioChannel$AbstractNioUnsafe.finishConnect(AbstractNioChannel.java:340)
	at org.apache.ratis.thirdparty.io.netty.channel.nio.NioEventLoop.processSelectedKey(NioEventLoop.java:632)
	at org.apache.ratis.thirdparty.io.netty.channel.nio.NioEventLoop.processSelectedKeysOptimized(NioEventLoop.java:579)
	at org.apache.ratis.thirdparty.io.netty.channel.nio.NioEventLoop.processSelectedKeys(NioEventLoop.java:496)
	at org.apache.ratis.thirdparty.io.netty.channel.nio.NioEventLoop.run(NioEventLoop.java:458)
	at org.apache.ratis.thirdparty.io.netty.util.concurrent.SingleThreadEventExecutor$5.run(SingleThreadEventExecutor.java:897)
	at org.apache.ratis.thirdparty.io.netty.util.concurrent.FastThreadLocalRunnable.run(FastThreadLocalRunnable.java:30)
	... 1 more
Caused by: java.net.ConnectException: Connection refused
	... 11 more
2019-10-19 01:27:00,605 [774c78e1-8dd4-453d-975e-442189a07fe2@group-31C3DC938042-LeaderElection215] INFO  impl.RaftServerImpl (RaftServerImpl.java:setRole(184)) - 774c78e1-8dd4-453d-975e-442189a07fe2@group-31C3DC938042: changes role from CANDIDATE to FOLLOWER at term 197 for DISCOVERED_A_NEW_TERM
2019-10-19 01:27:00,605 [774c78e1-8dd4-453d-975e-442189a07fe2@group-31C3DC938042-LeaderElection215] INFO  impl.RoleInfo (RoleInfo.java:shutdownLeaderElection(134)) - 774c78e1-8dd4-453d-975e-442189a07fe2: shutdown LeaderElection
2019-10-19 01:27:00,605 [774c78e1-8dd4-453d-975e-442189a07fe2@group-31C3DC938042-LeaderElection215] INFO  impl.RoleInfo (RoleInfo.java:updateAndGet(143)) - 774c78e1-8dd4-453d-975e-442189a07fe2: start FollowerState
2019-10-19 01:27:01,458 [Thread-1849] INFO  impl.FollowerState (FollowerState.java:run(108)) - abe27936-fa37-414d-b2e1-4e10a1c095a6@group-F842E1832D96-FollowerState: change to CANDIDATE, lastRpcTime:1006ms, electionTimeout:1006ms
2019-10-19 01:27:01,458 [Thread-1849] INFO  impl.RoleInfo (RoleInfo.java:shutdownFollowerState(121)) - abe27936-fa37-414d-b2e1-4e10a1c095a6: shutdown FollowerState
2019-10-19 01:27:01,458 [Thread-1849] INFO  impl.RaftServerImpl (RaftServerImpl.java:setRole(184)) - abe27936-fa37-414d-b2e1-4e10a1c095a6@group-F842E1832D96: changes role from  FOLLOWER to CANDIDATE at term 10 for changeToCandidate
2019-10-19 01:27:01,458 [Thread-1849] INFO  impl.RoleInfo (RoleInfo.java:updateAndGet(143)) - abe27936-fa37-414d-b2e1-4e10a1c095a6: start LeaderElection
2019-10-19 01:27:01,472 [abe27936-fa37-414d-b2e1-4e10a1c095a6@group-F842E1832D96-LeaderElection216] INFO  impl.LeaderElection (LeaderElection.java:askForVotes(178)) - abe27936-fa37-414d-b2e1-4e10a1c095a6@group-F842E1832D96-LeaderElection216: begin an election at term 11 for 17: [236187ad-c3a6-4195-8acc-6254fb470a95:192.168.157.242:36973, 964c97d4-fbb7-48cf-b727-382e7669b5e9:192.168.157.242:42114, abe27936-fa37-414d-b2e1-4e10a1c095a6:192.168.157.242:42932], old=null
2019-10-19 01:27:01,473 [abe27936-fa37-414d-b2e1-4e10a1c095a6@group-F842E1832D96-LeaderElection216] INFO  impl.LeaderElection (LogUtils.java:infoOrTrace(149)) - abe27936-fa37-414d-b2e1-4e10a1c095a6@group-F842E1832D96-LeaderElection216 got exception when requesting votes: {}
java.util.concurrent.ExecutionException: org.apache.ratis.thirdparty.io.grpc.StatusRuntimeException: UNAVAILABLE: io exception
	at java.util.concurrent.FutureTask.report(FutureTask.java:122)
	at java.util.concurrent.FutureTask.get(FutureTask.java:192)
	at org.apache.ratis.server.impl.LeaderElection.waitForResults(LeaderElection.java:259)
	at org.apache.ratis.server.impl.LeaderElection.askForVotes(LeaderElection.java:197)
	at org.apache.ratis.server.impl.LeaderElection.run(LeaderElection.java:133)
	at java.lang.Thread.run(Thread.java:748)
Caused by: org.apache.ratis.thirdparty.io.grpc.StatusRuntimeException: UNAVAILABLE: io exception
	at org.apache.ratis.thirdparty.io.grpc.stub.ClientCalls.toStatusRuntimeException(ClientCalls.java:233)
	at org.apache.ratis.thirdparty.io.grpc.stub.ClientCalls.getUnchecked(ClientCalls.java:214)
	at org.apache.ratis.thirdparty.io.grpc.stub.ClientCalls.blockingUnaryCall(ClientCalls.java:139)
	at org.apache.ratis.proto.grpc.RaftServerProtocolServiceGrpc$RaftServerProtocolServiceBlockingStub.requestVote(RaftServerProtocolServiceGrpc.java:265)
	at org.apache.ratis.grpc.server.GrpcServerProtocolClient.requestVote(GrpcServerProtocolClient.java:99)
	at org.apache.ratis.grpc.server.GrpcService.requestVote(GrpcService.java:204)
	at org.apache.ratis.server.impl.LeaderElection.lambda$submitRequests$1(LeaderElection.java:234)
	at java.util.concurrent.FutureTask.run(FutureTask.java:266)
	at java.util.concurrent.Executors$RunnableAdapter.call(Executors.java:511)
	at java.util.concurrent.FutureTask.run(FutureTask.java:266)
	at java.util.concurrent.ThreadPoolExecutor.runWorker(ThreadPoolExecutor.java:1149)
	at java.util.concurrent.ThreadPoolExecutor$Worker.run(ThreadPoolExecutor.java:624)
	... 1 more
Caused by: org.apache.ratis.thirdparty.io.netty.channel.AbstractChannel$AnnotatedConnectException: Connection refused: /192.168.157.242:42114
	at sun.nio.ch.SocketChannelImpl.checkConnect(Native Method)
	at sun.nio.ch.SocketChannelImpl.finishConnect(SocketChannelImpl.java:717)
	at org.apache.ratis.thirdparty.io.netty.channel.socket.nio.NioSocketChannel.doFinishConnect(NioSocketChannel.java:327)
	at org.apache.ratis.thirdparty.io.netty.channel.nio.AbstractNioChannel$AbstractNioUnsafe.finishConnect(AbstractNioChannel.java:340)
	at org.apache.ratis.thirdparty.io.netty.channel.nio.NioEventLoop.processSelectedKey(NioEventLoop.java:632)
	at org.apache.ratis.thirdparty.io.netty.channel.nio.NioEventLoop.processSelectedKeysOptimized(NioEventLoop.java:579)
	at org.apache.ratis.thirdparty.io.netty.channel.nio.NioEventLoop.processSelectedKeys(NioEventLoop.java:496)
	at org.apache.ratis.thirdparty.io.netty.channel.nio.NioEventLoop.run(NioEventLoop.java:458)
	at org.apache.ratis.thirdparty.io.netty.util.concurrent.SingleThreadEventExecutor$5.run(SingleThreadEventExecutor.java:897)
	at org.apache.ratis.thirdparty.io.netty.util.concurrent.FastThreadLocalRunnable.run(FastThreadLocalRunnable.java:30)
	... 1 more
Caused by: java.net.ConnectException: Connection refused
	... 11 more
2019-10-19 01:27:01,474 [abe27936-fa37-414d-b2e1-4e10a1c095a6@group-F842E1832D96-LeaderElection216] INFO  impl.LeaderElection (LogUtils.java:infoOrTrace(149)) - abe27936-fa37-414d-b2e1-4e10a1c095a6@group-F842E1832D96-LeaderElection216 got exception when requesting votes: {}
java.util.concurrent.ExecutionException: org.apache.ratis.thirdparty.io.grpc.StatusRuntimeException: UNAVAILABLE: io exception
	at java.util.concurrent.FutureTask.report(FutureTask.java:122)
	at java.util.concurrent.FutureTask.get(FutureTask.java:192)
	at org.apache.ratis.server.impl.LeaderElection.waitForResults(LeaderElection.java:259)
	at org.apache.ratis.server.impl.LeaderElection.askForVotes(LeaderElection.java:197)
	at org.apache.ratis.server.impl.LeaderElection.run(LeaderElection.java:133)
	at java.lang.Thread.run(Thread.java:748)
Caused by: org.apache.ratis.thirdparty.io.grpc.StatusRuntimeException: UNAVAILABLE: io exception
	at org.apache.ratis.thirdparty.io.grpc.stub.ClientCalls.toStatusRuntimeException(ClientCalls.java:233)
	at org.apache.ratis.thirdparty.io.grpc.stub.ClientCalls.getUnchecked(ClientCalls.java:214)
	at org.apache.ratis.thirdparty.io.grpc.stub.ClientCalls.blockingUnaryCall(ClientCalls.java:139)
	at org.apache.ratis.proto.grpc.RaftServerProtocolServiceGrpc$RaftServerProtocolServiceBlockingStub.requestVote(RaftServerProtocolServiceGrpc.java:265)
	at org.apache.ratis.grpc.server.GrpcServerProtocolClient.requestVote(GrpcServerProtocolClient.java:99)
	at org.apache.ratis.grpc.server.GrpcService.requestVote(GrpcService.java:204)
	at org.apache.ratis.server.impl.LeaderElection.lambda$submitRequests$1(LeaderElection.java:234)
	at java.util.concurrent.FutureTask.run(FutureTask.java:266)
	at java.util.concurrent.Executors$RunnableAdapter.call(Executors.java:511)
	at java.util.concurrent.FutureTask.run(FutureTask.java:266)
	at java.util.concurrent.ThreadPoolExecutor.runWorker(ThreadPoolExecutor.java:1149)
	at java.util.concurrent.ThreadPoolExecutor$Worker.run(ThreadPoolExecutor.java:624)
	... 1 more
Caused by: org.apache.ratis.thirdparty.io.netty.channel.AbstractChannel$AnnotatedConnectException: Connection refused: /192.168.157.242:36973
	at sun.nio.ch.SocketChannelImpl.checkConnect(Native Method)
	at sun.nio.ch.SocketChannelImpl.finishConnect(SocketChannelImpl.java:717)
	at org.apache.ratis.thirdparty.io.netty.channel.socket.nio.NioSocketChannel.doFinishConnect(NioSocketChannel.java:327)
	at org.apache.ratis.thirdparty.io.netty.channel.nio.AbstractNioChannel$AbstractNioUnsafe.finishConnect(AbstractNioChannel.java:340)
	at org.apache.ratis.thirdparty.io.netty.channel.nio.NioEventLoop.processSelectedKey(NioEventLoop.java:632)
	at org.apache.ratis.thirdparty.io.netty.channel.nio.NioEventLoop.processSelectedKeysOptimized(NioEventLoop.java:579)
	at org.apache.ratis.thirdparty.io.netty.channel.nio.NioEventLoop.processSelectedKeys(NioEventLoop.java:496)
	at org.apache.ratis.thirdparty.io.netty.channel.nio.NioEventLoop.run(NioEventLoop.java:458)
	at org.apache.ratis.thirdparty.io.netty.util.concurrent.SingleThreadEventExecutor$5.run(SingleThreadEventExecutor.java:897)
	at org.apache.ratis.thirdparty.io.netty.util.concurrent.FastThreadLocalRunnable.run(FastThreadLocalRunnable.java:30)
	... 1 more
Caused by: java.net.ConnectException: Connection refused
	... 11 more
2019-10-19 01:27:01,474 [abe27936-fa37-414d-b2e1-4e10a1c095a6@group-F842E1832D96-LeaderElection216] INFO  impl.LeaderElection (LeaderElection.java:logAndReturn(56)) - abe27936-fa37-414d-b2e1-4e10a1c095a6@group-F842E1832D96-LeaderElection216: Election REJECTED; received 0 response(s) [] and 2 exception(s); abe27936-fa37-414d-b2e1-4e10a1c095a6@group-F842E1832D96:t11, leader=null, voted=abe27936-fa37-414d-b2e1-4e10a1c095a6, raftlog=abe27936-fa37-414d-b2e1-4e10a1c095a6@group-F842E1832D96-SegmentedRaftLog:OPENED:c18,f18,i18, conf=17: [236187ad-c3a6-4195-8acc-6254fb470a95:192.168.157.242:36973, 964c97d4-fbb7-48cf-b727-382e7669b5e9:192.168.157.242:42114, abe27936-fa37-414d-b2e1-4e10a1c095a6:192.168.157.242:42932], old=null
2019-10-19 01:27:01,475 [abe27936-fa37-414d-b2e1-4e10a1c095a6@group-F842E1832D96-LeaderElection216] INFO  impl.LeaderElection (LogUtils.java:infoOrTrace(149)) -   Exception 0: {}
java.util.concurrent.ExecutionException: org.apache.ratis.thirdparty.io.grpc.StatusRuntimeException: UNAVAILABLE: io exception
	at java.util.concurrent.FutureTask.report(FutureTask.java:122)
	at java.util.concurrent.FutureTask.get(FutureTask.java:192)
	at org.apache.ratis.server.impl.LeaderElection.waitForResults(LeaderElection.java:259)
	at org.apache.ratis.server.impl.LeaderElection.askForVotes(LeaderElection.java:197)
	at org.apache.ratis.server.impl.LeaderElection.run(LeaderElection.java:133)
	at java.lang.Thread.run(Thread.java:748)
Caused by: org.apache.ratis.thirdparty.io.grpc.StatusRuntimeException: UNAVAILABLE: io exception
	at org.apache.ratis.thirdparty.io.grpc.stub.ClientCalls.toStatusRuntimeException(ClientCalls.java:233)
	at org.apache.ratis.thirdparty.io.grpc.stub.ClientCalls.getUnchecked(ClientCalls.java:214)
	at org.apache.ratis.thirdparty.io.grpc.stub.ClientCalls.blockingUnaryCall(ClientCalls.java:139)
	at org.apache.ratis.proto.grpc.RaftServerProtocolServiceGrpc$RaftServerProtocolServiceBlockingStub.requestVote(RaftServerProtocolServiceGrpc.java:265)
	at org.apache.ratis.grpc.server.GrpcServerProtocolClient.requestVote(GrpcServerProtocolClient.java:99)
	at org.apache.ratis.grpc.server.GrpcService.requestVote(GrpcService.java:204)
	at org.apache.ratis.server.impl.LeaderElection.lambda$submitRequests$1(LeaderElection.java:234)
	at java.util.concurrent.FutureTask.run(FutureTask.java:266)
	at java.util.concurrent.Executors$RunnableAdapter.call(Executors.java:511)
	at java.util.concurrent.FutureTask.run(FutureTask.java:266)
	at java.util.concurrent.ThreadPoolExecutor.runWorker(ThreadPoolExecutor.java:1149)
	at java.util.concurrent.ThreadPoolExecutor$Worker.run(ThreadPoolExecutor.java:624)
	... 1 more
Caused by: org.apache.ratis.thirdparty.io.netty.channel.AbstractChannel$AnnotatedConnectException: Connection refused: /192.168.157.242:42114
	at sun.nio.ch.SocketChannelImpl.checkConnect(Native Method)
	at sun.nio.ch.SocketChannelImpl.finishConnect(SocketChannelImpl.java:717)
	at org.apache.ratis.thirdparty.io.netty.channel.socket.nio.NioSocketChannel.doFinishConnect(NioSocketChannel.java:327)
	at org.apache.ratis.thirdparty.io.netty.channel.nio.AbstractNioChannel$AbstractNioUnsafe.finishConnect(AbstractNioChannel.java:340)
	at org.apache.ratis.thirdparty.io.netty.channel.nio.NioEventLoop.processSelectedKey(NioEventLoop.java:632)
	at org.apache.ratis.thirdparty.io.netty.channel.nio.NioEventLoop.processSelectedKeysOptimized(NioEventLoop.java:579)
	at org.apache.ratis.thirdparty.io.netty.channel.nio.NioEventLoop.processSelectedKeys(NioEventLoop.java:496)
	at org.apache.ratis.thirdparty.io.netty.channel.nio.NioEventLoop.run(NioEventLoop.java:458)
	at org.apache.ratis.thirdparty.io.netty.util.concurrent.SingleThreadEventExecutor$5.run(SingleThreadEventExecutor.java:897)
	at org.apache.ratis.thirdparty.io.netty.util.concurrent.FastThreadLocalRunnable.run(FastThreadLocalRunnable.java:30)
	... 1 more
Caused by: java.net.ConnectException: Connection refused
	... 11 more
2019-10-19 01:27:01,475 [abe27936-fa37-414d-b2e1-4e10a1c095a6@group-F842E1832D96-LeaderElection216] INFO  impl.LeaderElection (LogUtils.java:infoOrTrace(149)) -   Exception 1: {}
java.util.concurrent.ExecutionException: org.apache.ratis.thirdparty.io.grpc.StatusRuntimeException: UNAVAILABLE: io exception
	at java.util.concurrent.FutureTask.report(FutureTask.java:122)
	at java.util.concurrent.FutureTask.get(FutureTask.java:192)
	at org.apache.ratis.server.impl.LeaderElection.waitForResults(LeaderElection.java:259)
	at org.apache.ratis.server.impl.LeaderElection.askForVotes(LeaderElection.java:197)
	at org.apache.ratis.server.impl.LeaderElection.run(LeaderElection.java:133)
	at java.lang.Thread.run(Thread.java:748)
Caused by: org.apache.ratis.thirdparty.io.grpc.StatusRuntimeException: UNAVAILABLE: io exception
	at org.apache.ratis.thirdparty.io.grpc.stub.ClientCalls.toStatusRuntimeException(ClientCalls.java:233)
	at org.apache.ratis.thirdparty.io.grpc.stub.ClientCalls.getUnchecked(ClientCalls.java:214)
	at org.apache.ratis.thirdparty.io.grpc.stub.ClientCalls.blockingUnaryCall(ClientCalls.java:139)
	at org.apache.ratis.proto.grpc.RaftServerProtocolServiceGrpc$RaftServerProtocolServiceBlockingStub.requestVote(RaftServerProtocolServiceGrpc.java:265)
	at org.apache.ratis.grpc.server.GrpcServerProtocolClient.requestVote(GrpcServerProtocolClient.java:99)
	at org.apache.ratis.grpc.server.GrpcService.requestVote(GrpcService.java:204)
	at org.apache.ratis.server.impl.LeaderElection.lambda$submitRequests$1(LeaderElection.java:234)
	at java.util.concurrent.FutureTask.run(FutureTask.java:266)
	at java.util.concurrent.Executors$RunnableAdapter.call(Executors.java:511)
	at java.util.concurrent.FutureTask.run(FutureTask.java:266)
	at java.util.concurrent.ThreadPoolExecutor.runWorker(ThreadPoolExecutor.java:1149)
	at java.util.concurrent.ThreadPoolExecutor$Worker.run(ThreadPoolExecutor.java:624)
	... 1 more
Caused by: org.apache.ratis.thirdparty.io.netty.channel.AbstractChannel$AnnotatedConnectException: Connection refused: /192.168.157.242:36973
	at sun.nio.ch.SocketChannelImpl.checkConnect(Native Method)
	at sun.nio.ch.SocketChannelImpl.finishConnect(SocketChannelImpl.java:717)
	at org.apache.ratis.thirdparty.io.netty.channel.socket.nio.NioSocketChannel.doFinishConnect(NioSocketChannel.java:327)
	at org.apache.ratis.thirdparty.io.netty.channel.nio.AbstractNioChannel$AbstractNioUnsafe.finishConnect(AbstractNioChannel.java:340)
	at org.apache.ratis.thirdparty.io.netty.channel.nio.NioEventLoop.processSelectedKey(NioEventLoop.java:632)
	at org.apache.ratis.thirdparty.io.netty.channel.nio.NioEventLoop.processSelectedKeysOptimized(NioEventLoop.java:579)
	at org.apache.ratis.thirdparty.io.netty.channel.nio.NioEventLoop.processSelectedKeys(NioEventLoop.java:496)
	at org.apache.ratis.thirdparty.io.netty.channel.nio.NioEventLoop.run(NioEventLoop.java:458)
	at org.apache.ratis.thirdparty.io.netty.util.concurrent.SingleThreadEventExecutor$5.run(SingleThreadEventExecutor.java:897)
	at org.apache.ratis.thirdparty.io.netty.util.concurrent.FastThreadLocalRunnable.run(FastThreadLocalRunnable.java:30)
	... 1 more
Caused by: java.net.ConnectException: Connection refused
	... 11 more
2019-10-19 01:27:01,475 [abe27936-fa37-414d-b2e1-4e10a1c095a6@group-F842E1832D96-LeaderElection216] INFO  impl.RaftServerImpl (RaftServerImpl.java:setRole(184)) - abe27936-fa37-414d-b2e1-4e10a1c095a6@group-F842E1832D96: changes role from CANDIDATE to FOLLOWER at term 11 for DISCOVERED_A_NEW_TERM
2019-10-19 01:27:01,475 [abe27936-fa37-414d-b2e1-4e10a1c095a6@group-F842E1832D96-LeaderElection216] INFO  impl.RoleInfo (RoleInfo.java:shutdownLeaderElection(134)) - abe27936-fa37-414d-b2e1-4e10a1c095a6: shutdown LeaderElection
2019-10-19 01:27:01,476 [abe27936-fa37-414d-b2e1-4e10a1c095a6@group-F842E1832D96-LeaderElection216] INFO  impl.RoleInfo (RoleInfo.java:updateAndGet(143)) - abe27936-fa37-414d-b2e1-4e10a1c095a6: start FollowerState
2019-10-19 01:27:01,611 [Thread-1853] INFO  impl.FollowerState (FollowerState.java:run(108)) - 774c78e1-8dd4-453d-975e-442189a07fe2@group-31C3DC938042-FollowerState: change to CANDIDATE, lastRpcTime:1006ms, electionTimeout:1006ms
2019-10-19 01:27:01,612 [Thread-1853] INFO  impl.RoleInfo (RoleInfo.java:shutdownFollowerState(121)) - 774c78e1-8dd4-453d-975e-442189a07fe2: shutdown FollowerState
2019-10-19 01:27:01,612 [Thread-1853] INFO  impl.RaftServerImpl (RaftServerImpl.java:setRole(184)) - 774c78e1-8dd4-453d-975e-442189a07fe2@group-31C3DC938042: changes role from  FOLLOWER to CANDIDATE at term 197 for changeToCandidate
2019-10-19 01:27:01,612 [Thread-1853] INFO  impl.RoleInfo (RoleInfo.java:updateAndGet(143)) - 774c78e1-8dd4-453d-975e-442189a07fe2: start LeaderElection
2019-10-19 01:27:01,614 [774c78e1-8dd4-453d-975e-442189a07fe2@group-31C3DC938042-LeaderElection217] INFO  impl.LeaderElection (LeaderElection.java:askForVotes(178)) - 774c78e1-8dd4-453d-975e-442189a07fe2@group-31C3DC938042-LeaderElection217: begin an election at term 198 for 0: [774c78e1-8dd4-453d-975e-442189a07fe2:192.168.157.242:38712, 7247ad7d-2ca2-4af8-9337-77c07ea89cb3:192.168.157.242:42362, 8bce6a00-3bba-419d-83ac-b35141b6b559:192.168.157.242:37801], old=null
2019-10-19 01:27:01,615 [774c78e1-8dd4-453d-975e-442189a07fe2@group-31C3DC938042-LeaderElection217] INFO  impl.LeaderElection (LogUtils.java:infoOrTrace(149)) - 774c78e1-8dd4-453d-975e-442189a07fe2@group-31C3DC938042-LeaderElection217 got exception when requesting votes: {}
java.util.concurrent.ExecutionException: org.apache.ratis.thirdparty.io.grpc.StatusRuntimeException: UNAVAILABLE: io exception
	at java.util.concurrent.FutureTask.report(FutureTask.java:122)
	at java.util.concurrent.FutureTask.get(FutureTask.java:192)
	at org.apache.ratis.server.impl.LeaderElection.waitForResults(LeaderElection.java:259)
	at org.apache.ratis.server.impl.LeaderElection.askForVotes(LeaderElection.java:197)
	at org.apache.ratis.server.impl.LeaderElection.run(LeaderElection.java:133)
	at java.lang.Thread.run(Thread.java:748)
Caused by: org.apache.ratis.thirdparty.io.grpc.StatusRuntimeException: UNAVAILABLE: io exception
	at org.apache.ratis.thirdparty.io.grpc.stub.ClientCalls.toStatusRuntimeException(ClientCalls.java:233)
	at org.apache.ratis.thirdparty.io.grpc.stub.ClientCalls.getUnchecked(ClientCalls.java:214)
	at org.apache.ratis.thirdparty.io.grpc.stub.ClientCalls.blockingUnaryCall(ClientCalls.java:139)
	at org.apache.ratis.proto.grpc.RaftServerProtocolServiceGrpc$RaftServerProtocolServiceBlockingStub.requestVote(RaftServerProtocolServiceGrpc.java:265)
	at org.apache.ratis.grpc.server.GrpcServerProtocolClient.requestVote(GrpcServerProtocolClient.java:99)
	at org.apache.ratis.grpc.server.GrpcService.requestVote(GrpcService.java:204)
	at org.apache.ratis.server.impl.LeaderElection.lambda$submitRequests$1(LeaderElection.java:234)
	at java.util.concurrent.FutureTask.run(FutureTask.java:266)
	at java.util.concurrent.Executors$RunnableAdapter.call(Executors.java:511)
	at java.util.concurrent.FutureTask.run(FutureTask.java:266)
	at java.util.concurrent.ThreadPoolExecutor.runWorker(ThreadPoolExecutor.java:1149)
	at java.util.concurrent.ThreadPoolExecutor$Worker.run(ThreadPoolExecutor.java:624)
	... 1 more
Caused by: org.apache.ratis.thirdparty.io.netty.channel.AbstractChannel$AnnotatedConnectException: Connection refused: /192.168.157.242:42362
	at sun.nio.ch.SocketChannelImpl.checkConnect(Native Method)
	at sun.nio.ch.SocketChannelImpl.finishConnect(SocketChannelImpl.java:717)
	at org.apache.ratis.thirdparty.io.netty.channel.socket.nio.NioSocketChannel.doFinishConnect(NioSocketChannel.java:327)
	at org.apache.ratis.thirdparty.io.netty.channel.nio.AbstractNioChannel$AbstractNioUnsafe.finishConnect(AbstractNioChannel.java:340)
	at org.apache.ratis.thirdparty.io.netty.channel.nio.NioEventLoop.processSelectedKey(NioEventLoop.java:632)
	at org.apache.ratis.thirdparty.io.netty.channel.nio.NioEventLoop.processSelectedKeysOptimized(NioEventLoop.java:579)
	at org.apache.ratis.thirdparty.io.netty.channel.nio.NioEventLoop.processSelectedKeys(NioEventLoop.java:496)
	at org.apache.ratis.thirdparty.io.netty.channel.nio.NioEventLoop.run(NioEventLoop.java:458)
	at org.apache.ratis.thirdparty.io.netty.util.concurrent.SingleThreadEventExecutor$5.run(SingleThreadEventExecutor.java:897)
	at org.apache.ratis.thirdparty.io.netty.util.concurrent.FastThreadLocalRunnable.run(FastThreadLocalRunnable.java:30)
	... 1 more
Caused by: java.net.ConnectException: Connection refused
	... 11 more
2019-10-19 01:27:01,616 [774c78e1-8dd4-453d-975e-442189a07fe2@group-31C3DC938042-LeaderElection217] INFO  impl.LeaderElection (LogUtils.java:infoOrTrace(149)) - 774c78e1-8dd4-453d-975e-442189a07fe2@group-31C3DC938042-LeaderElection217 got exception when requesting votes: {}
java.util.concurrent.ExecutionException: org.apache.ratis.thirdparty.io.grpc.StatusRuntimeException: UNAVAILABLE: io exception
	at java.util.concurrent.FutureTask.report(FutureTask.java:122)
	at java.util.concurrent.FutureTask.get(FutureTask.java:192)
	at org.apache.ratis.server.impl.LeaderElection.waitForResults(LeaderElection.java:259)
	at org.apache.ratis.server.impl.LeaderElection.askForVotes(LeaderElection.java:197)
	at org.apache.ratis.server.impl.LeaderElection.run(LeaderElection.java:133)
	at java.lang.Thread.run(Thread.java:748)
Caused by: org.apache.ratis.thirdparty.io.grpc.StatusRuntimeException: UNAVAILABLE: io exception
	at org.apache.ratis.thirdparty.io.grpc.stub.ClientCalls.toStatusRuntimeException(ClientCalls.java:233)
	at org.apache.ratis.thirdparty.io.grpc.stub.ClientCalls.getUnchecked(ClientCalls.java:214)
	at org.apache.ratis.thirdparty.io.grpc.stub.ClientCalls.blockingUnaryCall(ClientCalls.java:139)
	at org.apache.ratis.proto.grpc.RaftServerProtocolServiceGrpc$RaftServerProtocolServiceBlockingStub.requestVote(RaftServerProtocolServiceGrpc.java:265)
	at org.apache.ratis.grpc.server.GrpcServerProtocolClient.requestVote(GrpcServerProtocolClient.java:99)
	at org.apache.ratis.grpc.server.GrpcService.requestVote(GrpcService.java:204)
	at org.apache.ratis.server.impl.LeaderElection.lambda$submitRequests$1(LeaderElection.java:234)
	at java.util.concurrent.FutureTask.run(FutureTask.java:266)
	at java.util.concurrent.Executors$RunnableAdapter.call(Executors.java:511)
	at java.util.concurrent.FutureTask.run(FutureTask.java:266)
	at java.util.concurrent.ThreadPoolExecutor.runWorker(ThreadPoolExecutor.java:1149)
	at java.util.concurrent.ThreadPoolExecutor$Worker.run(ThreadPoolExecutor.java:624)
	... 1 more
Caused by: org.apache.ratis.thirdparty.io.netty.channel.AbstractChannel$AnnotatedConnectException: Connection refused: /192.168.157.242:37801
	at sun.nio.ch.SocketChannelImpl.checkConnect(Native Method)
	at sun.nio.ch.SocketChannelImpl.finishConnect(SocketChannelImpl.java:717)
	at org.apache.ratis.thirdparty.io.netty.channel.socket.nio.NioSocketChannel.doFinishConnect(NioSocketChannel.java:327)
	at org.apache.ratis.thirdparty.io.netty.channel.nio.AbstractNioChannel$AbstractNioUnsafe.finishConnect(AbstractNioChannel.java:340)
	at org.apache.ratis.thirdparty.io.netty.channel.nio.NioEventLoop.processSelectedKey(NioEventLoop.java:632)
	at org.apache.ratis.thirdparty.io.netty.channel.nio.NioEventLoop.processSelectedKeysOptimized(NioEventLoop.java:579)
	at org.apache.ratis.thirdparty.io.netty.channel.nio.NioEventLoop.processSelectedKeys(NioEventLoop.java:496)
	at org.apache.ratis.thirdparty.io.netty.channel.nio.NioEventLoop.run(NioEventLoop.java:458)
	at org.apache.ratis.thirdparty.io.netty.util.concurrent.SingleThreadEventExecutor$5.run(SingleThreadEventExecutor.java:897)
	at org.apache.ratis.thirdparty.io.netty.util.concurrent.FastThreadLocalRunnable.run(FastThreadLocalRunnable.java:30)
	... 1 more
Caused by: java.net.ConnectException: Connection refused
	... 11 more
2019-10-19 01:27:01,616 [774c78e1-8dd4-453d-975e-442189a07fe2@group-31C3DC938042-LeaderElection217] INFO  impl.LeaderElection (LeaderElection.java:logAndReturn(56)) - 774c78e1-8dd4-453d-975e-442189a07fe2@group-31C3DC938042-LeaderElection217: Election REJECTED; received 0 response(s) [] and 2 exception(s); 774c78e1-8dd4-453d-975e-442189a07fe2@group-31C3DC938042:t198, leader=null, voted=774c78e1-8dd4-453d-975e-442189a07fe2, raftlog=774c78e1-8dd4-453d-975e-442189a07fe2@group-31C3DC938042-SegmentedRaftLog:OPENED:c-1,f0,i0, conf=0: [774c78e1-8dd4-453d-975e-442189a07fe2:192.168.157.242:38712, 7247ad7d-2ca2-4af8-9337-77c07ea89cb3:192.168.157.242:42362, 8bce6a00-3bba-419d-83ac-b35141b6b559:192.168.157.242:37801], old=null
2019-10-19 01:27:01,616 [774c78e1-8dd4-453d-975e-442189a07fe2@group-31C3DC938042-LeaderElection217] INFO  impl.LeaderElection (LogUtils.java:infoOrTrace(149)) -   Exception 0: {}
java.util.concurrent.ExecutionException: org.apache.ratis.thirdparty.io.grpc.StatusRuntimeException: UNAVAILABLE: io exception
	at java.util.concurrent.FutureTask.report(FutureTask.java:122)
	at java.util.concurrent.FutureTask.get(FutureTask.java:192)
	at org.apache.ratis.server.impl.LeaderElection.waitForResults(LeaderElection.java:259)
	at org.apache.ratis.server.impl.LeaderElection.askForVotes(LeaderElection.java:197)
	at org.apache.ratis.server.impl.LeaderElection.run(LeaderElection.java:133)
	at java.lang.Thread.run(Thread.java:748)
Caused by: org.apache.ratis.thirdparty.io.grpc.StatusRuntimeException: UNAVAILABLE: io exception
	at org.apache.ratis.thirdparty.io.grpc.stub.ClientCalls.toStatusRuntimeException(ClientCalls.java:233)
	at org.apache.ratis.thirdparty.io.grpc.stub.ClientCalls.getUnchecked(ClientCalls.java:214)
	at org.apache.ratis.thirdparty.io.grpc.stub.ClientCalls.blockingUnaryCall(ClientCalls.java:139)
	at org.apache.ratis.proto.grpc.RaftServerProtocolServiceGrpc$RaftServerProtocolServiceBlockingStub.requestVote(RaftServerProtocolServiceGrpc.java:265)
	at org.apache.ratis.grpc.server.GrpcServerProtocolClient.requestVote(GrpcServerProtocolClient.java:99)
	at org.apache.ratis.grpc.server.GrpcService.requestVote(GrpcService.java:204)
	at org.apache.ratis.server.impl.LeaderElection.lambda$submitRequests$1(LeaderElection.java:234)
	at java.util.concurrent.FutureTask.run(FutureTask.java:266)
	at java.util.concurrent.Executors$RunnableAdapter.call(Executors.java:511)
	at java.util.concurrent.FutureTask.run(FutureTask.java:266)
	at java.util.concurrent.ThreadPoolExecutor.runWorker(ThreadPoolExecutor.java:1149)
	at java.util.concurrent.ThreadPoolExecutor$Worker.run(ThreadPoolExecutor.java:624)
	... 1 more
Caused by: org.apache.ratis.thirdparty.io.netty.channel.AbstractChannel$AnnotatedConnectException: Connection refused: /192.168.157.242:42362
	at sun.nio.ch.SocketChannelImpl.checkConnect(Native Method)
	at sun.nio.ch.SocketChannelImpl.finishConnect(SocketChannelImpl.java:717)
	at org.apache.ratis.thirdparty.io.netty.channel.socket.nio.NioSocketChannel.doFinishConnect(NioSocketChannel.java:327)
	at org.apache.ratis.thirdparty.io.netty.channel.nio.AbstractNioChannel$AbstractNioUnsafe.finishConnect(AbstractNioChannel.java:340)
	at org.apache.ratis.thirdparty.io.netty.channel.nio.NioEventLoop.processSelectedKey(NioEventLoop.java:632)
	at org.apache.ratis.thirdparty.io.netty.channel.nio.NioEventLoop.processSelectedKeysOptimized(NioEventLoop.java:579)
	at org.apache.ratis.thirdparty.io.netty.channel.nio.NioEventLoop.processSelectedKeys(NioEventLoop.java:496)
	at org.apache.ratis.thirdparty.io.netty.channel.nio.NioEventLoop.run(NioEventLoop.java:458)
	at org.apache.ratis.thirdparty.io.netty.util.concurrent.SingleThreadEventExecutor$5.run(SingleThreadEventExecutor.java:897)
	at org.apache.ratis.thirdparty.io.netty.util.concurrent.FastThreadLocalRunnable.run(FastThreadLocalRunnable.java:30)
	... 1 more
Caused by: java.net.ConnectException: Connection refused
	... 11 more
2019-10-19 01:27:01,616 [774c78e1-8dd4-453d-975e-442189a07fe2@group-31C3DC938042-LeaderElection217] INFO  impl.LeaderElection (LogUtils.java:infoOrTrace(149)) -   Exception 1: {}
java.util.concurrent.ExecutionException: org.apache.ratis.thirdparty.io.grpc.StatusRuntimeException: UNAVAILABLE: io exception
	at java.util.concurrent.FutureTask.report(FutureTask.java:122)
	at java.util.concurrent.FutureTask.get(FutureTask.java:192)
	at org.apache.ratis.server.impl.LeaderElection.waitForResults(LeaderElection.java:259)
	at org.apache.ratis.server.impl.LeaderElection.askForVotes(LeaderElection.java:197)
	at org.apache.ratis.server.impl.LeaderElection.run(LeaderElection.java:133)
	at java.lang.Thread.run(Thread.java:748)
Caused by: org.apache.ratis.thirdparty.io.grpc.StatusRuntimeException: UNAVAILABLE: io exception
	at org.apache.ratis.thirdparty.io.grpc.stub.ClientCalls.toStatusRuntimeException(ClientCalls.java:233)
	at org.apache.ratis.thirdparty.io.grpc.stub.ClientCalls.getUnchecked(ClientCalls.java:214)
	at org.apache.ratis.thirdparty.io.grpc.stub.ClientCalls.blockingUnaryCall(ClientCalls.java:139)
	at org.apache.ratis.proto.grpc.RaftServerProtocolServiceGrpc$RaftServerProtocolServiceBlockingStub.requestVote(RaftServerProtocolServiceGrpc.java:265)
	at org.apache.ratis.grpc.server.GrpcServerProtocolClient.requestVote(GrpcServerProtocolClient.java:99)
	at org.apache.ratis.grpc.server.GrpcService.requestVote(GrpcService.java:204)
	at org.apache.ratis.server.impl.LeaderElection.lambda$submitRequests$1(LeaderElection.java:234)
	at java.util.concurrent.FutureTask.run(FutureTask.java:266)
	at java.util.concurrent.Executors$RunnableAdapter.call(Executors.java:511)
	at java.util.concurrent.FutureTask.run(FutureTask.java:266)
	at java.util.concurrent.ThreadPoolExecutor.runWorker(ThreadPoolExecutor.java:1149)
	at java.util.concurrent.ThreadPoolExecutor$Worker.run(ThreadPoolExecutor.java:624)
	... 1 more
Caused by: org.apache.ratis.thirdparty.io.netty.channel.AbstractChannel$AnnotatedConnectException: Connection refused: /192.168.157.242:37801
	at sun.nio.ch.SocketChannelImpl.checkConnect(Native Method)
	at sun.nio.ch.SocketChannelImpl.finishConnect(SocketChannelImpl.java:717)
	at org.apache.ratis.thirdparty.io.netty.channel.socket.nio.NioSocketChannel.doFinishConnect(NioSocketChannel.java:327)
	at org.apache.ratis.thirdparty.io.netty.channel.nio.AbstractNioChannel$AbstractNioUnsafe.finishConnect(AbstractNioChannel.java:340)
	at org.apache.ratis.thirdparty.io.netty.channel.nio.NioEventLoop.processSelectedKey(NioEventLoop.java:632)
	at org.apache.ratis.thirdparty.io.netty.channel.nio.NioEventLoop.processSelectedKeysOptimized(NioEventLoop.java:579)
	at org.apache.ratis.thirdparty.io.netty.channel.nio.NioEventLoop.processSelectedKeys(NioEventLoop.java:496)
	at org.apache.ratis.thirdparty.io.netty.channel.nio.NioEventLoop.run(NioEventLoop.java:458)
	at org.apache.ratis.thirdparty.io.netty.util.concurrent.SingleThreadEventExecutor$5.run(SingleThreadEventExecutor.java:897)
	at org.apache.ratis.thirdparty.io.netty.util.concurrent.FastThreadLocalRunnable.run(FastThreadLocalRunnable.java:30)
	... 1 more
Caused by: java.net.ConnectException: Connection refused
	... 11 more
2019-10-19 01:27:01,616 [774c78e1-8dd4-453d-975e-442189a07fe2@group-31C3DC938042-LeaderElection217] INFO  impl.RaftServerImpl (RaftServerImpl.java:setRole(184)) - 774c78e1-8dd4-453d-975e-442189a07fe2@group-31C3DC938042: changes role from CANDIDATE to FOLLOWER at term 198 for DISCOVERED_A_NEW_TERM
2019-10-19 01:27:01,616 [774c78e1-8dd4-453d-975e-442189a07fe2@group-31C3DC938042-LeaderElection217] INFO  impl.RoleInfo (RoleInfo.java:shutdownLeaderElection(134)) - 774c78e1-8dd4-453d-975e-442189a07fe2: shutdown LeaderElection
2019-10-19 01:27:01,617 [774c78e1-8dd4-453d-975e-442189a07fe2@group-31C3DC938042-LeaderElection217] INFO  impl.RoleInfo (RoleInfo.java:updateAndGet(143)) - 774c78e1-8dd4-453d-975e-442189a07fe2: start FollowerState
2019-10-19 01:27:01,828 [main] INFO  ozoneimpl.OzoneContainer (OzoneContainer.java:stop(227)) - Attempting to stop container services.
2019-10-19 01:27:01,828 [main] INFO  impl.RaftServerProxy (RaftServerProxy.java:lambda$close$4(314)) - 774c78e1-8dd4-453d-975e-442189a07fe2: close
2019-10-19 01:27:01,829 [main] INFO  impl.RaftServerImpl (RaftServerImpl.java:lambda$shutdown$3(261)) - 774c78e1-8dd4-453d-975e-442189a07fe2@group-35203FA84AAF: shutdown
2019-10-19 01:27:01,829 [main] INFO  util.JmxRegister (JmxRegister.java:unregister(73)) - Successfully un-registered JMX Bean with object name Ratis:service=RaftServer,group=group-35203FA84AAF,id=774c78e1-8dd4-453d-975e-442189a07fe2
2019-10-19 01:27:01,829 [main] INFO  impl.RoleInfo (RoleInfo.java:shutdownLeaderState(104)) - 774c78e1-8dd4-453d-975e-442189a07fe2: shutdown LeaderState
2019-10-19 01:27:01,829 [main] INFO  impl.PendingRequests (PendingRequests.java:sendNotLeaderResponses(202)) - 774c78e1-8dd4-453d-975e-442189a07fe2@group-35203FA84AAF-PendingRequests: sendNotLeaderResponses
2019-10-19 01:27:01,829 [main] INFO  impl.StateMachineUpdater (StateMachineUpdater.java:stopAndJoin(136)) - 774c78e1-8dd4-453d-975e-442189a07fe2@group-35203FA84AAF-StateMachineUpdater: set stopIndex = 0
2019-10-19 01:27:01,830 [main] INFO  impl.RaftServerImpl (ServerState.java:close(388)) - 774c78e1-8dd4-453d-975e-442189a07fe2@group-35203FA84AAF: closes. applyIndex: 0
2019-10-19 01:27:01,830 [774c78e1-8dd4-453d-975e-442189a07fe2@group-35203FA84AAF-SegmentedRaftLogWorker] INFO  segmented.SegmentedRaftLogWorker (SegmentedRaftLogWorker.java:run(316)) - 774c78e1-8dd4-453d-975e-442189a07fe2@group-35203FA84AAF-SegmentedRaftLogWorker was interrupted, exiting. There are 0 tasks remaining in the queue.
2019-10-19 01:27:01,830 [main] INFO  segmented.SegmentedRaftLogWorker (SegmentedRaftLogWorker.java:close(224)) - 774c78e1-8dd4-453d-975e-442189a07fe2@group-35203FA84AAF-SegmentedRaftLogWorker close()
2019-10-19 01:27:01,832 [main] INFO  impl.RaftServerImpl (RaftServerImpl.java:lambda$shutdown$3(261)) - 774c78e1-8dd4-453d-975e-442189a07fe2@group-31C3DC938042: shutdown
2019-10-19 01:27:01,832 [main] INFO  util.JmxRegister (JmxRegister.java:unregister(73)) - Successfully un-registered JMX Bean with object name Ratis:service=RaftServer,group=group-31C3DC938042,id=774c78e1-8dd4-453d-975e-442189a07fe2
2019-10-19 01:27:01,832 [main] INFO  impl.RoleInfo (RoleInfo.java:shutdownFollowerState(121)) - 774c78e1-8dd4-453d-975e-442189a07fe2: shutdown FollowerState
2019-10-19 01:27:01,832 [main] INFO  impl.StateMachineUpdater (StateMachineUpdater.java:stopAndJoin(136)) - 774c78e1-8dd4-453d-975e-442189a07fe2@group-31C3DC938042-StateMachineUpdater: set stopIndex = -1
2019-10-19 01:27:01,832 [Thread-1861] INFO  impl.FollowerState (FollowerState.java:run(117)) - 774c78e1-8dd4-453d-975e-442189a07fe2@group-31C3DC938042-FollowerState was interrupted: java.lang.InterruptedException: sleep interrupted
2019-10-19 01:27:01,832 [main] INFO  impl.RaftServerImpl (ServerState.java:close(388)) - 774c78e1-8dd4-453d-975e-442189a07fe2@group-31C3DC938042: closes. applyIndex: -1
2019-10-19 01:27:01,833 [774c78e1-8dd4-453d-975e-442189a07fe2@group-31C3DC938042-SegmentedRaftLogWorker] INFO  segmented.SegmentedRaftLogWorker (SegmentedRaftLogWorker.java:run(316)) - 774c78e1-8dd4-453d-975e-442189a07fe2@group-31C3DC938042-SegmentedRaftLogWorker was interrupted, exiting. There are 0 tasks remaining in the queue.
2019-10-19 01:27:01,833 [main] INFO  segmented.SegmentedRaftLogWorker (SegmentedRaftLogWorker.java:close(224)) - 774c78e1-8dd4-453d-975e-442189a07fe2@group-31C3DC938042-SegmentedRaftLogWorker close()
2019-10-19 01:27:01,834 [main] INFO  server.GrpcService (GrpcService.java:closeImpl(164)) - 774c78e1-8dd4-453d-975e-442189a07fe2: shutdown server with port 38712 now
2019-10-19 01:27:01,835 [main] INFO  server.GrpcService (GrpcService.java:closeImpl(172)) - 774c78e1-8dd4-453d-975e-442189a07fe2: shutdown server with port 38712 successfully
2019-10-19 01:27:01,837 [refreshUsed-/workdir/hadoop-ozone/integration-test/target/test-dir/MiniOzoneClusterImpl-be769f72-d0ac-4a2c-8dca-159e9fc5eefe/datanode-7/data/containers] WARN  fs.CachingGetSpaceUsed (CachingGetSpaceUsed.java:run(183)) - Thread Interrupted waiting to refresh disk information: sleep interrupted
2019-10-19 01:27:01,850 [main] INFO  utils.BackgroundService (BackgroundService.java:shutdown(151)) - Shutting down service BlockDeletingService
2019-10-19 01:27:01,853 [main] INFO  statemachine.DatanodeStateMachine (DatanodeStateMachine.java:stopDaemon(395)) - Ozone container server stopped.
2019-10-19 01:27:01,853 [main] INFO  handler.ContextHandler (ContextHandler.java:doStop(910)) - Stopped o.e.j.w.WebAppContext@268cbb86{/,null,UNAVAILABLE}{/hddsDatanode}
2019-10-19 01:27:01,854 [main] INFO  server.AbstractConnector (AbstractConnector.java:doStop(318)) - Stopped ServerConnector@10f7918f{HTTP/1.1,[http/1.1]}{0.0.0.0:0}
2019-10-19 01:27:01,854 [main] INFO  handler.ContextHandler (ContextHandler.java:doStop(910)) - Stopped o.e.j.s.ServletContextHandler@3c3c4a71{/static,jar:file:/home/user/.m2/repository/org/apache/hadoop/hadoop-hdds-container-service/0.5.0-SNAPSHOT/hadoop-hdds-container-service-0.5.0-SNAPSHOT.jar!/webapps/static,UNAVAILABLE}
2019-10-19 01:27:01,854 [main] INFO  handler.ContextHandler (ContextHandler.java:doStop(910)) - Stopped o.e.j.s.ServletContextHandler@31ddb930{/logs,file:///workdir/hadoop-ozone/integration-test/target/log,UNAVAILABLE}
2019-10-19 01:27:01,886 [ForkJoinPool.commonPool-worker-0] INFO  ozoneimpl.OzoneContainer (OzoneContainer.java:stop(227)) - Attempting to stop container services.
2019-10-19 01:27:01,887 [ForkJoinPool.commonPool-worker-0] INFO  impl.RaftServerProxy (RaftServerProxy.java:lambda$close$4(314)) - abe27936-fa37-414d-b2e1-4e10a1c095a6: close
2019-10-19 01:27:01,887 [ForkJoinPool.commonPool-worker-0] INFO  impl.RaftServerImpl (RaftServerImpl.java:lambda$shutdown$3(261)) - abe27936-fa37-414d-b2e1-4e10a1c095a6@group-823F7ED841BF: shutdown
2019-10-19 01:27:01,887 [ForkJoinPool.commonPool-worker-0] INFO  util.JmxRegister (JmxRegister.java:unregister(73)) - Successfully un-registered JMX Bean with object name Ratis:service=RaftServer,group=group-823F7ED841BF,id=abe27936-fa37-414d-b2e1-4e10a1c095a6
2019-10-19 01:27:01,887 [ForkJoinPool.commonPool-worker-0] INFO  impl.RoleInfo (RoleInfo.java:shutdownLeaderState(104)) - abe27936-fa37-414d-b2e1-4e10a1c095a6: shutdown LeaderState
2019-10-19 01:27:01,888 [ForkJoinPool.commonPool-worker-0] INFO  impl.PendingRequests (PendingRequests.java:sendNotLeaderResponses(202)) - abe27936-fa37-414d-b2e1-4e10a1c095a6@group-823F7ED841BF-PendingRequests: sendNotLeaderResponses
2019-10-19 01:27:01,888 [ForkJoinPool.commonPool-worker-0] INFO  impl.StateMachineUpdater (StateMachineUpdater.java:stopAndJoin(136)) - abe27936-fa37-414d-b2e1-4e10a1c095a6@group-823F7ED841BF-StateMachineUpdater: set stopIndex = 0
2019-10-19 01:27:01,888 [ForkJoinPool.commonPool-worker-0] INFO  impl.RaftServerImpl (ServerState.java:close(388)) - abe27936-fa37-414d-b2e1-4e10a1c095a6@group-823F7ED841BF: closes. applyIndex: 0
2019-10-19 01:27:01,888 [abe27936-fa37-414d-b2e1-4e10a1c095a6@group-823F7ED841BF-SegmentedRaftLogWorker] INFO  segmented.SegmentedRaftLogWorker (SegmentedRaftLogWorker.java:run(316)) - abe27936-fa37-414d-b2e1-4e10a1c095a6@group-823F7ED841BF-SegmentedRaftLogWorker was interrupted, exiting. There are 0 tasks remaining in the queue.
2019-10-19 01:27:01,896 [ForkJoinPool.commonPool-worker-0] INFO  segmented.SegmentedRaftLogWorker (SegmentedRaftLogWorker.java:close(224)) - abe27936-fa37-414d-b2e1-4e10a1c095a6@group-823F7ED841BF-SegmentedRaftLogWorker close()
2019-10-19 01:27:01,897 [ForkJoinPool.commonPool-worker-0] INFO  impl.RaftServerImpl (RaftServerImpl.java:lambda$shutdown$3(261)) - abe27936-fa37-414d-b2e1-4e10a1c095a6@group-F842E1832D96: shutdown
2019-10-19 01:27:01,897 [ForkJoinPool.commonPool-worker-0] INFO  util.JmxRegister (JmxRegister.java:unregister(73)) - Successfully un-registered JMX Bean with object name Ratis:service=RaftServer,group=group-F842E1832D96,id=abe27936-fa37-414d-b2e1-4e10a1c095a6
2019-10-19 01:27:01,897 [ForkJoinPool.commonPool-worker-0] INFO  impl.RoleInfo (RoleInfo.java:shutdownFollowerState(121)) - abe27936-fa37-414d-b2e1-4e10a1c095a6: shutdown FollowerState
2019-10-19 01:27:01,897 [ForkJoinPool.commonPool-worker-0] INFO  impl.StateMachineUpdater (StateMachineUpdater.java:stopAndJoin(136)) - abe27936-fa37-414d-b2e1-4e10a1c095a6@group-F842E1832D96-StateMachineUpdater: set stopIndex = 18
2019-10-19 01:27:01,898 [abe27936-fa37-414d-b2e1-4e10a1c095a6@group-F842E1832D96-StateMachineUpdater] INFO  ratis.ContainerStateMachine (ContainerStateMachine.java:takeSnapshot(294)) - group-F842E1832D96: Taking a snapshot at:(t:6, i:12) file /workdir/hadoop-ozone/integration-test/target/test-dir/MiniOzoneClusterImpl-be769f72-d0ac-4a2c-8dca-159e9fc5eefe/datanode-1/data/ratis/72b83858-5b43-40ac-9506-f842e1832d96/sm/snapshot.6_12
2019-10-19 01:27:01,898 [Thread-1857] INFO  impl.FollowerState (FollowerState.java:run(117)) - abe27936-fa37-414d-b2e1-4e10a1c095a6@group-F842E1832D96-FollowerState was interrupted: java.lang.InterruptedException: sleep interrupted
2019-10-19 01:27:01,907 [abe27936-fa37-414d-b2e1-4e10a1c095a6@group-F842E1832D96-StateMachineUpdater] INFO  ratis.ContainerStateMachine (ContainerStateMachine.java:takeSnapshot(305)) - group-F842E1832D96: Finished taking a snapshot at:(t:6, i:12) file:/workdir/hadoop-ozone/integration-test/target/test-dir/MiniOzoneClusterImpl-be769f72-d0ac-4a2c-8dca-159e9fc5eefe/datanode-1/data/ratis/72b83858-5b43-40ac-9506-f842e1832d96/sm/snapshot.6_12 time:10
2019-10-19 01:27:01,908 [abe27936-fa37-414d-b2e1-4e10a1c095a6@group-F842E1832D96-StateMachineUpdater] INFO  impl.StateMachineUpdater (StateMachineUpdater.java:takeSnapshot(269)) - abe27936-fa37-414d-b2e1-4e10a1c095a6@group-F842E1832D96-StateMachineUpdater: Took a snapshot at index 12
2019-10-19 01:27:01,908 [abe27936-fa37-414d-b2e1-4e10a1c095a6@group-F842E1832D96-StateMachineUpdater] INFO  impl.StateMachineUpdater (StateMachineUpdater.java:lambda$new$0(84)) - abe27936-fa37-414d-b2e1-4e10a1c095a6@group-F842E1832D96-StateMachineUpdater: snapshotIndex: updateIncreasingly -1 -> 12
2019-10-19 01:27:01,908 [abe27936-fa37-414d-b2e1-4e10a1c095a6@group-F842E1832D96-StateMachineUpdater] INFO  ratis.ContainerStateMachine (ContainerStateMachine.java:takeSnapshot(294)) - group-F842E1832D96: Taking a snapshot at:(t:6, i:12) file /workdir/hadoop-ozone/integration-test/target/test-dir/MiniOzoneClusterImpl-be769f72-d0ac-4a2c-8dca-159e9fc5eefe/datanode-1/data/ratis/72b83858-5b43-40ac-9506-f842e1832d96/sm/snapshot.6_12
2019-10-19 01:27:01,938 [abe27936-fa37-414d-b2e1-4e10a1c095a6@group-F842E1832D96-StateMachineUpdater] INFO  ratis.ContainerStateMachine (ContainerStateMachine.java:takeSnapshot(305)) - group-F842E1832D96: Finished taking a snapshot at:(t:6, i:12) file:/workdir/hadoop-ozone/integration-test/target/test-dir/MiniOzoneClusterImpl-be769f72-d0ac-4a2c-8dca-159e9fc5eefe/datanode-1/data/ratis/72b83858-5b43-40ac-9506-f842e1832d96/sm/snapshot.6_12 time:29
2019-10-19 01:27:01,938 [abe27936-fa37-414d-b2e1-4e10a1c095a6@group-F842E1832D96-StateMachineUpdater] INFO  impl.StateMachineUpdater (StateMachineUpdater.java:takeSnapshot(269)) - abe27936-fa37-414d-b2e1-4e10a1c095a6@group-F842E1832D96-StateMachineUpdater: Took a snapshot at index 12
2019-10-19 01:27:01,938 [abe27936-fa37-414d-b2e1-4e10a1c095a6@group-F842E1832D96-StateMachineUpdater] INFO  impl.StateMachineUpdater (StateMachineUpdater.java:lambda$new$0(84)) - abe27936-fa37-414d-b2e1-4e10a1c095a6@group-F842E1832D96-StateMachineUpdater: snapshotIndex: updateIncreasingly 12 -> 12
2019-10-19 01:27:01,938 [ForkJoinPool.commonPool-worker-0] INFO  impl.RaftServerImpl (ServerState.java:close(388)) - abe27936-fa37-414d-b2e1-4e10a1c095a6@group-F842E1832D96: closes. applyIndex: 18
2019-10-19 01:27:01,939 [abe27936-fa37-414d-b2e1-4e10a1c095a6@group-F842E1832D96-SegmentedRaftLogWorker] INFO  segmented.SegmentedRaftLogWorker (SegmentedRaftLogWorker.java:run(316)) - abe27936-fa37-414d-b2e1-4e10a1c095a6@group-F842E1832D96-SegmentedRaftLogWorker was interrupted, exiting. There are 0 tasks remaining in the queue.
2019-10-19 01:27:01,939 [ForkJoinPool.commonPool-worker-0] INFO  segmented.SegmentedRaftLogWorker (SegmentedRaftLogWorker.java:close(224)) - abe27936-fa37-414d-b2e1-4e10a1c095a6@group-F842E1832D96-SegmentedRaftLogWorker close()
2019-10-19 01:27:01,940 [ForkJoinPool.commonPool-worker-0] INFO  server.GrpcService (GrpcService.java:closeImpl(164)) - abe27936-fa37-414d-b2e1-4e10a1c095a6: shutdown server with port 42932 now
2019-10-19 01:27:01,942 [ForkJoinPool.commonPool-worker-0] INFO  server.GrpcService (GrpcService.java:closeImpl(172)) - abe27936-fa37-414d-b2e1-4e10a1c095a6: shutdown server with port 42932 successfully
2019-10-19 01:27:01,943 [refreshUsed-/workdir/hadoop-ozone/integration-test/target/test-dir/MiniOzoneClusterImpl-be769f72-d0ac-4a2c-8dca-159e9fc5eefe/datanode-1/data/containers] WARN  fs.CachingGetSpaceUsed (CachingGetSpaceUsed.java:run(183)) - Thread Interrupted waiting to refresh disk information: sleep interrupted
2019-10-19 01:27:01,956 [ForkJoinPool.commonPool-worker-0] INFO  utils.BackgroundService (BackgroundService.java:shutdown(151)) - Shutting down service BlockDeletingService
2019-10-19 01:27:01,957 [ForkJoinPool.commonPool-worker-0] INFO  statemachine.DatanodeStateMachine (DatanodeStateMachine.java:stopDaemon(395)) - Ozone container server stopped.
2019-10-19 01:27:01,960 [ForkJoinPool.commonPool-worker-0] INFO  handler.ContextHandler (ContextHandler.java:doStop(910)) - Stopped o.e.j.w.WebAppContext@1e58512c{/,null,UNAVAILABLE}{/hddsDatanode}
2019-10-19 01:27:01,960 [ForkJoinPool.commonPool-worker-0] INFO  server.AbstractConnector (AbstractConnector.java:doStop(318)) - Stopped ServerConnector@210308d5{HTTP/1.1,[http/1.1]}{0.0.0.0:0}
2019-10-19 01:27:01,961 [ForkJoinPool.commonPool-worker-0] INFO  handler.ContextHandler (ContextHandler.java:doStop(910)) - Stopped o.e.j.s.ServletContextHandler@1dba4e06{/static,jar:file:/home/user/.m2/repository/org/apache/hadoop/hadoop-hdds-container-service/0.5.0-SNAPSHOT/hadoop-hdds-container-service-0.5.0-SNAPSHOT.jar!/webapps/static,UNAVAILABLE}
2019-10-19 01:27:01,962 [ForkJoinPool.commonPool-worker-0] INFO  handler.ContextHandler (ContextHandler.java:doStop(910)) - Stopped o.e.j.s.ServletContextHandler@6a094db2{/logs,file:///workdir/hadoop-ozone/integration-test/target/log,UNAVAILABLE}
2019-10-19 01:27:01,962 [main] INFO  ozone.MiniOzoneClusterImpl (MiniOzoneClusterImpl.java:stopSCM(392)) - Stopping the StorageContainerManager
2019-10-19 01:27:01,963 [main] INFO  server.StorageContainerManager (StorageContainerManager.java:stop(810)) - Stopping Replication Manager Service.
2019-10-19 01:27:01,963 [main] INFO  container.ReplicationManager (ReplicationManager.java:stop(203)) - Stopping Replication Monitor Thread.
2019-10-19 01:27:01,963 [main] INFO  server.StorageContainerManager (StorageContainerManager.java:stop(817)) - Stopping Lease Manager of the command watchers
2019-10-19 01:27:01,963 [main] INFO  server.StorageContainerManager (StorageContainerManager.java:stop(824)) - Stopping datanode service RPC server
2019-10-19 01:27:01,963 [main] INFO  server.SCMDatanodeProtocolServer (SCMDatanodeProtocolServer.java:stop(346)) - Stopping the RPC server for DataNodes
2019-10-19 01:27:01,964 [main] INFO  ipc.Server (Server.java:stop(3082)) - Stopping server on 42326
2019-10-19 01:27:01,964 [IPC Server listener on 42326] INFO  ipc.Server (Server.java:run(1185)) - Stopping IPC Server listener on 42326
2019-10-19 01:27:01,964 [IPC Server Responder] INFO  ipc.Server (Server.java:run(1319)) - Stopping IPC Server Responder
2019-10-19 01:27:02,045 [SCM Heartbeat Processing Thread - 0] WARN  node.NodeStateManager (NodeStateManager.java:scheduleNextHealthCheck(646)) - Current Thread is interrupted, shutting down HB processing thread for Node Manager.
2019-10-19 01:27:02,045 [main] INFO  server.StorageContainerManager (StorageContainerManager.java:stop(832)) - Stopping block service RPC server
2019-10-19 01:27:02,045 [main] INFO  server.SCMBlockProtocolServer (SCMBlockProtocolServer.java:stop(155)) - Stopping the RPC server for Block Protocol
2019-10-19 01:27:02,045 [main] INFO  ipc.Server (Server.java:stop(3082)) - Stopping server on 44268
2019-10-19 01:27:02,047 [IPC Server listener on 44268] INFO  ipc.Server (Server.java:run(1185)) - Stopping IPC Server listener on 44268
2019-10-19 01:27:02,047 [main] INFO  server.StorageContainerManager (StorageContainerManager.java:stop(839)) - Stopping the StorageContainerLocationProtocol RPC server
2019-10-19 01:27:02,047 [IPC Server Responder] INFO  ipc.Server (Server.java:run(1319)) - Stopping IPC Server Responder
2019-10-19 01:27:02,048 [main] INFO  server.SCMClientProtocolServer (SCMClientProtocolServer.java:stop(168)) - Stopping the RPC server for Client Protocol
2019-10-19 01:27:02,048 [main] INFO  ipc.Server (Server.java:stop(3082)) - Stopping server on 40869
2019-10-19 01:27:02,049 [IPC Server listener on 40869] INFO  ipc.Server (Server.java:run(1185)) - Stopping IPC Server listener on 40869
2019-10-19 01:27:02,049 [main] INFO  server.StorageContainerManager (StorageContainerManager.java:stop(846)) - Stopping Storage Container Manager HTTP server.
2019-10-19 01:27:02,049 [IPC Server Responder] INFO  ipc.Server (Server.java:run(1319)) - Stopping IPC Server Responder
2019-10-19 01:27:02,050 [main] INFO  handler.ContextHandler (ContextHandler.java:doStop(910)) - Stopped o.e.j.w.WebAppContext@3b366632{/,null,UNAVAILABLE}{/scm}
2019-10-19 01:27:02,051 [main] INFO  server.AbstractConnector (AbstractConnector.java:doStop(318)) - Stopped ServerConnector@6815c5f2{HTTP/1.1,[http/1.1]}{0.0.0.0:0}
2019-10-19 01:27:02,051 [main] INFO  handler.ContextHandler (ContextHandler.java:doStop(910)) - Stopped o.e.j.s.ServletContextHandler@37052337{/static,file:///workdir/hadoop-ozone/integration-test/target/test-classes/webapps/static,UNAVAILABLE}
2019-10-19 01:27:02,052 [main] INFO  handler.ContextHandler (ContextHandler.java:doStop(910)) - Stopped o.e.j.s.ServletContextHandler@340da44c{/logs,file:///workdir/hadoop-ozone/integration-test/target/log,UNAVAILABLE}
2019-10-19 01:27:02,052 [main] INFO  server.StorageContainerManager (StorageContainerManager.java:stop(857)) - Stopping Block Manager Service.
2019-10-19 01:27:02,053 [main] INFO  utils.BackgroundService (BackgroundService.java:shutdown(151)) - Shutting down service SCMBlockDeletingService
2019-10-19 01:27:02,053 [main] INFO  utils.BackgroundService (BackgroundService.java:shutdown(151)) - Shutting down service SCMBlockDeletingService
2019-10-19 01:27:02,053 [main] INFO  server.StorageContainerManager (StorageContainerManager.java:stop(879)) - Stopping SCM Event Queue.
2019-10-19 01:27:02,069 [main] INFO  impl.MetricsSystemImpl (MetricsSystemImpl.java:stop(210)) - Stopping XceiverClientMetrics metrics system...
2019-10-19 01:27:02,079 [prometheus] INFO  impl.MetricsSinkAdapter (MetricsSinkAdapter.java:publishMetricsFromQueue(141)) - prometheus thread interrupted.
2019-10-19 01:27:02,079 [main] INFO  impl.MetricsSystemImpl (MetricsSystemImpl.java:stop(216)) - XceiverClientMetrics metrics system stopped.
]]></system-out>
    <system-err><![CDATA[ERROR StatusLogger No Log4j 2 configuration file found. Using default configuration (logging only errors to the console), or user programmatically provided configurations. Set system property 'log4j2.debug' to show Log4j 2 internal initialization logging. See https://logging.apache.org/log4j/2.x/manual/configuration.html for instructions on how to configure Log4j 2
Oct 19, 2019 1:26:42 AM org.apache.ratis.thirdparty.io.grpc.internal.SerializingExecutor run
SEVERE: Exception while executing runnable org.apache.ratis.thirdparty.io.grpc.internal.ClientCallImpl$ClientStreamListenerImpl$1StreamClosed@3941ee38
java.lang.NullPointerException
	at org.apache.ratis.grpc.server.GrpcLogAppender$AppendLogResponseHandler.onError(GrpcLogAppender.java:303)
	at org.apache.ratis.thirdparty.io.grpc.stub.ClientCalls$StreamObserverToCallListenerAdapter.onClose(ClientCalls.java:434)
	at org.apache.ratis.thirdparty.io.grpc.PartialForwardingClientCallListener.onClose(PartialForwardingClientCallListener.java:39)
	at org.apache.ratis.thirdparty.io.grpc.ForwardingClientCallListener.onClose(ForwardingClientCallListener.java:23)
	at org.apache.ratis.thirdparty.io.grpc.ForwardingClientCallListener$SimpleForwardingClientCallListener.onClose(ForwardingClientCallListener.java:40)
	at org.apache.ratis.thirdparty.io.grpc.internal.CensusStatsModule$StatsClientInterceptor$1$1.onClose(CensusStatsModule.java:678)
	at org.apache.ratis.thirdparty.io.grpc.PartialForwardingClientCallListener.onClose(PartialForwardingClientCallListener.java:39)
	at org.apache.ratis.thirdparty.io.grpc.ForwardingClientCallListener.onClose(ForwardingClientCallListener.java:23)
	at org.apache.ratis.thirdparty.io.grpc.ForwardingClientCallListener$SimpleForwardingClientCallListener.onClose(ForwardingClientCallListener.java:40)
	at org.apache.ratis.thirdparty.io.grpc.internal.CensusTracingModule$TracingClientInterceptor$1$1.onClose(CensusTracingModule.java:397)
	at org.apache.ratis.thirdparty.io.grpc.internal.ClientCallImpl.closeObserver(ClientCallImpl.java:459)
	at org.apache.ratis.thirdparty.io.grpc.internal.ClientCallImpl.access$300(ClientCallImpl.java:63)
	at org.apache.ratis.thirdparty.io.grpc.internal.ClientCallImpl$ClientStreamListenerImpl.close(ClientCallImpl.java:546)
	at org.apache.ratis.thirdparty.io.grpc.internal.ClientCallImpl$ClientStreamListenerImpl.access$600(ClientCallImpl.java:467)
	at org.apache.ratis.thirdparty.io.grpc.internal.ClientCallImpl$ClientStreamListenerImpl$1StreamClosed.runInContext(ClientCallImpl.java:584)
	at org.apache.ratis.thirdparty.io.grpc.internal.ContextRunnable.run(ContextRunnable.java:37)
	at org.apache.ratis.thirdparty.io.grpc.internal.SerializingExecutor.run(SerializingExecutor.java:123)
	at java.util.concurrent.ThreadPoolExecutor.runWorker(ThreadPoolExecutor.java:1149)
	at java.util.concurrent.ThreadPoolExecutor$Worker.run(ThreadPoolExecutor.java:624)
	at java.lang.Thread.run(Thread.java:748)

]]></system-err>
  </testcase>
  <testcase name="testMultiBlockWritesWithDnFailures" classname="org.apache.hadoop.ozone.client.rpc.TestMultiBlockWritesWithDnFailures" time="140.749"/>
</testsuite>