<?xml version="1.0" encoding="UTF-8"?>
<testsuite xmlns:xsi="http://www.w3.org/2001/XMLSchema-instance" xsi:noNamespaceSchemaLocation="https://maven.apache.org/surefire/maven-surefire-plugin/xsd/surefire-test-report.xsd" name="org.apache.hadoop.ozone.client.rpc.TestWatchForCommit" time="258.471" tests="5" errors="1" skipped="0" failures="0">
  <properties>
    <property name="awt.toolkit" value="sun.awt.X11.XToolkit"/>
    <property name="file.encoding.pkg" value="sun.io"/>
    <property name="java.specification.version" value="1.8"/>
    <property name="sun.cpu.isalist" value=""/>
    <property name="sun.jnu.encoding" value="UTF-8"/>
    <property name="java.class.path" value="/workdir/hadoop-ozone/integration-test/target/test-classes:/workdir/hadoop-ozone/integration-test/target/classes:/home/user/.m2/repository/org/apache/hadoop/hadoop-ozone-common/0.5.0-SNAPSHOT/hadoop-ozone-common-0.5.0-SNAPSHOT.jar:/home/user/.m2/repository/org/apache/commons/commons-compress/1.4.1/commons-compress-1.4.1.jar:/home/user/.m2/repository/org/tukaani/xz/1.0/xz-1.0.jar:/home/user/.m2/repository/org/apache/hadoop/hadoop-common/3.2.0/hadoop-common-3.2.0.jar:/home/user/.m2/repository/org/apache/hadoop/hadoop-hdfs/3.2.0/hadoop-hdfs-3.2.0.jar:/home/user/.m2/repository/org/apache/hadoop/hadoop-hdfs-client/3.2.0/hadoop-hdfs-client-3.2.0.jar:/home/user/.m2/repository/com/fasterxml/jackson/core/jackson-annotations/2.9.9/jackson-annotations-2.9.9.jar:/home/user/.m2/repository/org/apache/hadoop/hadoop-hdds-common/0.5.0-SNAPSHOT/hadoop-hdds-common-0.5.0-SNAPSHOT.jar:/home/user/.m2/repository/javax/annotation/javax.annotation-api/1.2/javax.annotation-api-1.2.jar:/home/user/.m2/repository/org/apache/ratis/ratis-server/0.5.0-201fc85-SNAPSHOT/ratis-server-0.5.0-201fc85-SNAPSHOT.jar:/home/user/.m2/repository/org/apache/ratis/ratis-thirdparty-misc/0.2.0/ratis-thirdparty-misc-0.2.0.jar:/home/user/.m2/repository/org/apache/ratis/ratis-proto/0.5.0-201fc85-SNAPSHOT/ratis-proto-0.5.0-201fc85-SNAPSHOT.jar:/home/user/.m2/repository/org/apache/ratis/ratis-common/0.5.0-201fc85-SNAPSHOT/ratis-common-0.5.0-201fc85-SNAPSHOT.jar:/home/user/.m2/repository/org/apache/ratis/ratis-client/0.5.0-201fc85-SNAPSHOT/ratis-client-0.5.0-201fc85-SNAPSHOT.jar:/home/user/.m2/repository/org/apache/ratis/ratis-metrics/0.5.0-201fc85-SNAPSHOT/ratis-metrics-0.5.0-201fc85-SNAPSHOT.jar:/home/user/.m2/repository/com/github/joshelser/dropwizard-metrics-hadoop-metrics2-reporter/0.1.2/dropwizard-metrics-hadoop-metrics2-reporter-0.1.2.jar:/home/user/.m2/repository/io/dropwizard/metrics/metrics-jvm/3.2.5/metrics-jvm-3.2.5.jar:/home/user/.m2/repository/io/dropwizard/metrics/metrics-ganglia/3.2.5/metrics-ganglia-3.2.5.jar:/home/user/.m2/repository/info/ganglia/gmetric4j/gmetric4j/1.0.7/gmetric4j-1.0.7.jar:/home/user/.m2/repository/org/apache/ratis/ratis-netty/0.5.0-201fc85-SNAPSHOT/ratis-netty-0.5.0-201fc85-SNAPSHOT.jar:/home/user/.m2/repository/org/apache/ratis/ratis-grpc/0.5.0-201fc85-SNAPSHOT/ratis-grpc-0.5.0-201fc85-SNAPSHOT.jar:/home/user/.m2/repository/org/rocksdb/rocksdbjni/6.0.1/rocksdbjni-6.0.1.jar:/home/user/.m2/repository/org/apache/logging/log4j/log4j-api/2.11.0/log4j-api-2.11.0.jar:/home/user/.m2/repository/org/apache/logging/log4j/log4j-core/2.11.0/log4j-core-2.11.0.jar:/home/user/.m2/repository/com/lmax/disruptor/3.4.2/disruptor-3.4.2.jar:/home/user/.m2/repository/org/apache/commons/commons-pool2/2.6.0/commons-pool2-2.6.0.jar:/home/user/.m2/repository/org/bouncycastle/bcpkix-jdk15on/1.60/bcpkix-jdk15on-1.60.jar:/home/user/.m2/repository/commons-validator/commons-validator/1.6/commons-validator-1.6.jar:/home/user/.m2/repository/commons-digester/commons-digester/1.8.1/commons-digester-1.8.1.jar:/home/user/.m2/repository/io/jaegertracing/jaeger-client/0.34.0/jaeger-client-0.34.0.jar:/home/user/.m2/repository/io/jaegertracing/jaeger-thrift/0.34.0/jaeger-thrift-0.34.0.jar:/home/user/.m2/repository/org/apache/thrift/libthrift/0.12.0/libthrift-0.12.0.jar:/home/user/.m2/repository/com/squareup/okhttp3/okhttp/3.9.0/okhttp-3.9.0.jar:/home/user/.m2/repository/com/squareup/okio/okio/1.13.0/okio-1.13.0.jar:/home/user/.m2/repository/io/jaegertracing/jaeger-core/0.34.0/jaeger-core-0.34.0.jar:/home/user/.m2/repository/io/jaegertracing/jaeger-tracerresolver/0.34.0/jaeger-tracerresolver-0.34.0.jar:/home/user/.m2/repository/io/opentracing/contrib/opentracing-tracerresolver/0.1.5/opentracing-tracerresolver-0.1.5.jar:/home/user/.m2/repository/io/opentracing/opentracing-util/0.31.0/opentracing-util-0.31.0.jar:/home/user/.m2/repository/io/opentracing/opentracing-api/0.31.0/opentracing-api-0.31.0.jar:/home/user/.m2/repository/io/opentracing/opentracing-noop/0.31.0/opentracing-noop-0.31.0.jar:/home/user/.m2/repository/org/apache/hadoop/hadoop-hdds-server-framework/0.5.0-SNAPSHOT/hadoop-hdds-server-framework-0.5.0-SNAPSHOT.jar:/home/user/.m2/repository/org/apache/hadoop/hadoop-hdds-container-service/0.5.0-SNAPSHOT/hadoop-hdds-container-service-0.5.0-SNAPSHOT.jar:/home/user/.m2/repository/org/apache/hadoop/hadoop-hdds-client/0.5.0-SNAPSHOT/hadoop-hdds-client-0.5.0-SNAPSHOT.jar:/home/user/.m2/repository/org/apache/hadoop/hadoop-hdds-tools/0.5.0-SNAPSHOT/hadoop-hdds-tools-0.5.0-SNAPSHOT.jar:/home/user/.m2/repository/org/apache/hadoop/hadoop-hdds-server-scm/0.5.0-SNAPSHOT/hadoop-hdds-server-scm-0.5.0-SNAPSHOT.jar:/home/user/.m2/repository/org/apache/hadoop/hadoop-hdds-docs/0.5.0-SNAPSHOT/hadoop-hdds-docs-0.5.0-SNAPSHOT.jar:/home/user/.m2/repository/io/dropwizard/metrics/metrics-core/3.2.4/metrics-core-3.2.4.jar:/home/user/.m2/repository/org/hamcrest/hamcrest-all/1.3/hamcrest-all-1.3.jar:/home/user/.m2/repository/org/bouncycastle/bcprov-jdk15on/1.60/bcprov-jdk15on-1.60.jar:/home/user/.m2/repository/info/picocli/picocli/3.9.6/picocli-3.9.6.jar:/home/user/.m2/repository/com/google/protobuf/protobuf-java/2.5.0/protobuf-java-2.5.0.jar:/home/user/.m2/repository/com/google/guava/guava/11.0.2/guava-11.0.2.jar:/home/user/.m2/repository/org/apache/hadoop/hadoop-ozone-ozone-manager/0.5.0-SNAPSHOT/hadoop-ozone-ozone-manager-0.5.0-SNAPSHOT.jar:/home/user/.m2/repository/org/apache/hadoop/hadoop-minikdc/3.2.0/hadoop-minikdc-3.2.0.jar:/home/user/.m2/repository/commons-io/commons-io/2.5/commons-io-2.5.jar:/home/user/.m2/repository/org/apache/kerby/kerb-simplekdc/1.0.1/kerb-simplekdc-1.0.1.jar:/home/user/.m2/repository/org/apache/kerby/kerb-client/1.0.1/kerb-client-1.0.1.jar:/home/user/.m2/repository/org/apache/kerby/kerby-config/1.0.1/kerby-config-1.0.1.jar:/home/user/.m2/repository/org/apache/kerby/kerb-core/1.0.1/kerb-core-1.0.1.jar:/home/user/.m2/repository/org/apache/kerby/kerby-pkix/1.0.1/kerby-pkix-1.0.1.jar:/home/user/.m2/repository/org/apache/kerby/kerby-asn1/1.0.1/kerby-asn1-1.0.1.jar:/home/user/.m2/repository/org/apache/kerby/kerby-util/1.0.1/kerby-util-1.0.1.jar:/home/user/.m2/repository/org/apache/kerby/kerb-common/1.0.1/kerb-common-1.0.1.jar:/home/user/.m2/repository/org/apache/kerby/kerb-crypto/1.0.1/kerb-crypto-1.0.1.jar:/home/user/.m2/repository/org/apache/kerby/kerb-util/1.0.1/kerb-util-1.0.1.jar:/home/user/.m2/repository/org/apache/kerby/token-provider/1.0.1/token-provider-1.0.1.jar:/home/user/.m2/repository/org/apache/kerby/kerb-admin/1.0.1/kerb-admin-1.0.1.jar:/home/user/.m2/repository/org/apache/kerby/kerb-server/1.0.1/kerb-server-1.0.1.jar:/home/user/.m2/repository/org/apache/kerby/kerb-identity/1.0.1/kerb-identity-1.0.1.jar:/home/user/.m2/repository/org/apache/kerby/kerby-xdr/1.0.1/kerby-xdr-1.0.1.jar:/home/user/.m2/repository/org/slf4j/slf4j-log4j12/1.7.25/slf4j-log4j12-1.7.25.jar:/home/user/.m2/repository/org/apache/hadoop/hadoop-ozone-s3gateway/0.5.0-SNAPSHOT/hadoop-ozone-s3gateway-0.5.0-SNAPSHOT.jar:/home/user/.m2/repository/org/jboss/weld/servlet/weld-servlet/2.4.7.Final/weld-servlet-2.4.7.Final.jar:/home/user/.m2/repository/org/glassfish/jersey/containers/jersey-container-servlet-core/2.27/jersey-container-servlet-core-2.27.jar:/home/user/.m2/repository/org/glassfish/hk2/external/javax.inject/2.5.0-b42/javax.inject-2.5.0-b42.jar:/home/user/.m2/repository/org/glassfish/jersey/core/jersey-common/2.27/jersey-common-2.27.jar:/home/user/.m2/repository/org/glassfish/hk2/osgi-resource-locator/1.0.1/osgi-resource-locator-1.0.1.jar:/home/user/.m2/repository/javax/ws/rs/javax.ws.rs-api/2.1/javax.ws.rs-api-2.1.jar:/home/user/.m2/repository/org/glassfish/jersey/ext/cdi/jersey-cdi1x/2.27/jersey-cdi1x-2.27.jar:/home/user/.m2/repository/org/glassfish/jersey/inject/jersey-hk2/2.27/jersey-hk2-2.27.jar:/home/user/.m2/repository/org/glassfish/hk2/hk2-locator/2.5.0-b42/hk2-locator-2.5.0-b42.jar:/home/user/.m2/repository/org/javassist/javassist/3.22.0-CR2/javassist-3.22.0-CR2.jar:/home/user/.m2/repository/org/glassfish/hk2/hk2-api/2.5.0/hk2-api-2.5.0.jar:/home/user/.m2/repository/org/glassfish/hk2/external/jakarta.inject/2.5.0/jakarta.inject-2.5.0.jar:/home/user/.m2/repository/org/glassfish/hk2/hk2-utils/2.5.0/hk2-utils-2.5.0.jar:/home/user/.m2/repository/jakarta/annotation/jakarta.annotation-api/1.3.4/jakarta.annotation-api-1.3.4.jar:/home/user/.m2/repository/org/glassfish/hk2/external/aopalliance-repackaged/2.5.0/aopalliance-repackaged-2.5.0.jar:/home/user/.m2/repository/com/fasterxml/jackson/dataformat/jackson-dataformat-xml/2.9.0/jackson-dataformat-xml-2.9.0.jar:/home/user/.m2/repository/com/fasterxml/jackson/core/jackson-core/2.9.9/jackson-core-2.9.9.jar:/home/user/.m2/repository/com/fasterxml/jackson/module/jackson-module-jaxb-annotations/2.9.9/jackson-module-jaxb-annotations-2.9.9.jar:/home/user/.m2/repository/javax/enterprise/cdi-api/1.2/cdi-api-1.2.jar:/home/user/.m2/repository/javax/el/javax.el-api/3.0.0/javax.el-api-3.0.0.jar:/home/user/.m2/repository/javax/interceptor/javax.interceptor-api/1.2/javax.interceptor-api-1.2.jar:/home/user/.m2/repository/javax/inject/javax.inject/1/javax.inject-1.jar:/home/user/.m2/repository/com/sun/xml/bind/jaxb-impl/2.3.0.1/jaxb-impl-2.3.0.1.jar:/home/user/.m2/repository/com/sun/xml/bind/jaxb-core/2.3.0.1/jaxb-core-2.3.0.1.jar:/home/user/.m2/repository/javax/xml/bind/jaxb-api/2.3.0/jaxb-api-2.3.0.jar:/home/user/.m2/repository/javax/activation/activation/1.1.1/activation-1.1.1.jar:/home/user/.m2/repository/org/apache/hadoop/hadoop-ozone-csi/0.5.0-SNAPSHOT/hadoop-ozone-csi-0.5.0-SNAPSHOT.jar:/home/user/.m2/repository/com/google/protobuf/protobuf-java-util/3.5.1/protobuf-java-util-3.5.1.jar:/home/user/.m2/repository/org/apache/hadoop/hadoop-hdds-config/0.5.0-SNAPSHOT/hadoop-hdds-config-0.5.0-SNAPSHOT.jar:/home/user/.m2/repository/io/grpc/grpc-netty/1.17.1/grpc-netty-1.17.1.jar:/home/user/.m2/repository/io/grpc/grpc-core/1.17.1/grpc-core-1.17.1.jar:/home/user/.m2/repository/io/grpc/grpc-context/1.17.1/grpc-context-1.17.1.jar:/home/user/.m2/repository/com/google/errorprone/error_prone_annotations/2.2.0/error_prone_annotations-2.2.0.jar:/home/user/.m2/repository/org/codehaus/mojo/animal-sniffer-annotations/1.17/animal-sniffer-annotations-1.17.jar:/home/user/.m2/repository/io/opencensus/opencensus-api/0.17.0/opencensus-api-0.17.0.jar:/home/user/.m2/repository/io/opencensus/opencensus-contrib-grpc-metrics/0.17.0/opencensus-contrib-grpc-metrics-0.17.0.jar:/home/user/.m2/repository/io/netty/netty-codec-http2/4.1.30.Final/netty-codec-http2-4.1.30.Final.jar:/home/user/.m2/repository/io/netty/netty-codec-http/4.1.30.Final/netty-codec-http-4.1.30.Final.jar:/home/user/.m2/repository/io/netty/netty-codec/4.1.30.Final/netty-codec-4.1.30.Final.jar:/home/user/.m2/repository/io/netty/netty-handler/4.1.30.Final/netty-handler-4.1.30.Final.jar:/home/user/.m2/repository/io/netty/netty-handler-proxy/4.1.30.Final/netty-handler-proxy-4.1.30.Final.jar:/home/user/.m2/repository/io/netty/netty-codec-socks/4.1.30.Final/netty-codec-socks-4.1.30.Final.jar:/home/user/.m2/repository/io/netty/netty-transport-native-epoll/4.1.30.Final/netty-transport-native-epoll-4.1.30.Final.jar:/home/user/.m2/repository/io/netty/netty-common/4.1.30.Final/netty-common-4.1.30.Final.jar:/home/user/.m2/repository/io/netty/netty-buffer/4.1.30.Final/netty-buffer-4.1.30.Final.jar:/home/user/.m2/repository/io/netty/netty-transport/4.1.30.Final/netty-transport-4.1.30.Final.jar:/home/user/.m2/repository/io/netty/netty-resolver/4.1.30.Final/netty-resolver-4.1.30.Final.jar:/home/user/.m2/repository/io/netty/netty-transport-native-unix-common/4.1.30.Final/netty-transport-native-unix-common-4.1.30.Final.jar:/home/user/.m2/repository/io/grpc/grpc-protobuf/1.17.1/grpc-protobuf-1.17.1.jar:/home/user/.m2/repository/com/google/api/grpc/proto-google-common-protos/1.0.0/proto-google-common-protos-1.0.0.jar:/home/user/.m2/repository/io/grpc/grpc-protobuf-lite/1.17.1/grpc-protobuf-lite-1.17.1.jar:/home/user/.m2/repository/io/grpc/grpc-stub/1.17.1/grpc-stub-1.17.1.jar:/home/user/.m2/repository/org/apache/hadoop/hadoop-ozone-recon/0.5.0-SNAPSHOT/hadoop-ozone-recon-0.5.0-SNAPSHOT.jar:/home/user/.m2/repository/org/apache/hadoop/hadoop-ozone-reconcodegen/0.5.0-SNAPSHOT/hadoop-ozone-reconcodegen-0.5.0-SNAPSHOT.jar:/home/user/.m2/repository/com/google/inject/extensions/guice-multibindings/4.0/guice-multibindings-4.0.jar:/home/user/.m2/repository/com/google/inject/guice/4.0/guice-4.0.jar:/home/user/.m2/repository/aopalliance/aopalliance/1.0/aopalliance-1.0.jar:/home/user/.m2/repository/com/google/inject/extensions/guice-servlet/4.0/guice-servlet-4.0.jar:/home/user/.m2/repository/org/glassfish/jersey/containers/jersey-container-servlet/2.27/jersey-container-servlet-2.27.jar:/home/user/.m2/repository/org/glassfish/hk2/guice-bridge/2.5.0/guice-bridge-2.5.0.jar:/home/user/.m2/repository/org/glassfish/jersey/core/jersey-server/2.27/jersey-server-2.27.jar:/home/user/.m2/repository/org/glassfish/jersey/core/jersey-client/2.27/jersey-client-2.27.jar:/home/user/.m2/repository/org/glassfish/jersey/media/jersey-media-jaxb/2.27/jersey-media-jaxb-2.27.jar:/home/user/.m2/repository/javax/validation/validation-api/1.1.0.Final/validation-api-1.1.0.Final.jar:/home/user/.m2/repository/org/glassfish/jersey/media/jersey-media-json-jackson/2.27/jersey-media-json-jackson-2.27.jar:/home/user/.m2/repository/org/glassfish/jersey/ext/jersey-entity-filtering/2.27/jersey-entity-filtering-2.27.jar:/home/user/.m2/repository/com/google/inject/extensions/guice-assistedinject/4.0/guice-assistedinject-4.0.jar:/home/user/.m2/repository/org/jooq/jooq/3.11.10/jooq-3.11.10.jar:/home/user/.m2/repository/org/jooq/jooq-meta/3.11.10/jooq-meta-3.11.10.jar:/home/user/.m2/repository/org/jooq/jooq-codegen/3.11.10/jooq-codegen-3.11.10.jar:/home/user/.m2/repository/com/jolbox/bonecp/0.8.0.RELEASE/bonecp-0.8.0.RELEASE.jar:/home/user/.m2/repository/org/xerial/sqlite-jdbc/3.25.2/sqlite-jdbc-3.25.2.jar:/home/user/.m2/repository/org/springframework/spring-jdbc/5.1.3.RELEASE/spring-jdbc-5.1.3.RELEASE.jar:/home/user/.m2/repository/org/springframework/spring-beans/5.1.3.RELEASE/spring-beans-5.1.3.RELEASE.jar:/home/user/.m2/repository/org/springframework/spring-core/5.1.3.RELEASE/spring-core-5.1.3.RELEASE.jar:/home/user/.m2/repository/org/springframework/spring-jcl/5.1.3.RELEASE/spring-jcl-5.1.3.RELEASE.jar:/home/user/.m2/repository/org/springframework/spring-tx/5.1.3.RELEASE/spring-tx-5.1.3.RELEASE.jar:/home/user/.m2/repository/org/apache/hadoop/hadoop-ozone-client/0.5.0-SNAPSHOT/hadoop-ozone-client-0.5.0-SNAPSHOT.jar:/home/user/.m2/repository/commons-lang/commons-lang/2.6/commons-lang-2.6.jar:/home/user/.m2/repository/org/apache/hadoop/hadoop-ozone-ozone-manager/0.5.0-SNAPSHOT/hadoop-ozone-ozone-manager-0.5.0-SNAPSHOT-tests.jar:/home/user/.m2/repository/junit/junit/4.11/junit-4.11.jar:/home/user/.m2/repository/org/hamcrest/hamcrest-core/1.3/hamcrest-core-1.3.jar:/home/user/.m2/repository/org/openjdk/jmh/jmh-core/1.19/jmh-core-1.19.jar:/home/user/.m2/repository/net/sf/jopt-simple/jopt-simple/4.6/jopt-simple-4.6.jar:/home/user/.m2/repository/org/apache/commons/commons-math3/3.1.1/commons-math3-3.1.1.jar:/home/user/.m2/repository/org/openjdk/jmh/jmh-generator-annprocess/1.19/jmh-generator-annprocess-1.19.jar:/home/user/.m2/repository/org/mockito/mockito-all/1.8.5/mockito-all-1.8.5.jar:/home/user/.m2/repository/org/apache/hadoop/hadoop-kms/3.2.0/hadoop-kms-3.2.0.jar:/home/user/.m2/repository/org/apache/hadoop/hadoop-auth/3.2.0/hadoop-auth-3.2.0.jar:/home/user/.m2/repository/com/nimbusds/nimbus-jose-jwt/4.41.1/nimbus-jose-jwt-4.41.1.jar:/home/user/.m2/repository/com/github/stephenc/jcip/jcip-annotations/1.0-1/jcip-annotations-1.0-1.jar:/home/user/.m2/repository/net/minidev/json-smart/2.3/json-smart-2.3.jar:/home/user/.m2/repository/net/minidev/accessors-smart/1.2/accessors-smart-1.2.jar:/home/user/.m2/repository/org/ow2/asm/asm/5.0.4/asm-5.0.4.jar:/home/user/.m2/repository/org/apache/curator/curator-framework/2.12.0/curator-framework-2.12.0.jar:/home/user/.m2/repository/com/sun/jersey/jersey-core/1.19/jersey-core-1.19.jar:/home/user/.m2/repository/javax/ws/rs/jsr311-api/1.1.1/jsr311-api-1.1.1.jar:/home/user/.m2/repository/com/sun/jersey/jersey-server/1.19/jersey-server-1.19.jar:/home/user/.m2/repository/javax/servlet/javax.servlet-api/3.1.0/javax.servlet-api-3.1.0.jar:/home/user/.m2/repository/org/eclipse/jetty/jetty-server/9.3.25.v20180904/jetty-server-9.3.25.v20180904.jar:/home/user/.m2/repository/org/eclipse/jetty/jetty-http/9.3.25.v20180904/jetty-http-9.3.25.v20180904.jar:/home/user/.m2/repository/org/eclipse/jetty/jetty-io/9.3.25.v20180904/jetty-io-9.3.25.v20180904.jar:/home/user/.m2/repository/org/eclipse/jetty/jetty-webapp/9.3.25.v20180904/jetty-webapp-9.3.25.v20180904.jar:/home/user/.m2/repository/org/eclipse/jetty/jetty-xml/9.3.25.v20180904/jetty-xml-9.3.25.v20180904.jar:/home/user/.m2/repository/log4j/log4j/1.2.17/log4j-1.2.17.jar:/home/user/.m2/repository/org/slf4j/slf4j-api/1.7.25/slf4j-api-1.7.25.jar:/home/user/.m2/repository/org/slf4j/jul-to-slf4j/1.7.25/jul-to-slf4j-1.7.25.jar:/home/user/.m2/repository/org/eclipse/jetty/jetty-util/9.3.25.v20180904/jetty-util-9.3.25.v20180904.jar:/home/user/.m2/repository/com/fasterxml/jackson/core/jackson-databind/2.9.9/jackson-databind-2.9.9.jar:/home/user/.m2/repository/org/apache/hadoop/hadoop-kms/3.2.0/hadoop-kms-3.2.0-tests.jar:/home/user/.m2/repository/org/apache/hadoop/hadoop-hdds-server-scm/0.5.0-SNAPSHOT/hadoop-hdds-server-scm-0.5.0-SNAPSHOT-tests.jar:/home/user/.m2/repository/org/apache/hadoop/hadoop-hdds-container-service/0.5.0-SNAPSHOT/hadoop-hdds-container-service-0.5.0-SNAPSHOT-tests.jar:/home/user/.m2/repository/org/yaml/snakeyaml/1.16/snakeyaml-1.16.jar:/home/user/.m2/repository/org/apache/hadoop/hadoop-common/3.2.0/hadoop-common-3.2.0-tests.jar:/home/user/.m2/repository/org/apache/hadoop/hadoop-annotations/3.2.0/hadoop-annotations-3.2.0.jar:/usr/lib/jvm/java-1.8-openjdk/jre/../lib/tools.jar:/home/user/.m2/repository/commons-cli/commons-cli/1.2/commons-cli-1.2.jar:/home/user/.m2/repository/org/apache/httpcomponents/httpclient/4.5.2/httpclient-4.5.2.jar:/home/user/.m2/repository/org/apache/httpcomponents/httpcore/4.4.4/httpcore-4.4.4.jar:/home/user/.m2/repository/commons-codec/commons-codec/1.11/commons-codec-1.11.jar:/home/user/.m2/repository/commons-net/commons-net/3.6/commons-net-3.6.jar:/home/user/.m2/repository/commons-collections/commons-collections/3.2.2/commons-collections-3.2.2.jar:/home/user/.m2/repository/org/eclipse/jetty/jetty-servlet/9.3.25.v20180904/jetty-servlet-9.3.25.v20180904.jar:/home/user/.m2/repository/org/eclipse/jetty/jetty-security/9.3.25.v20180904/jetty-security-9.3.25.v20180904.jar:/home/user/.m2/repository/javax/servlet/jsp/jsp-api/2.1/jsp-api-2.1.jar:/home/user/.m2/repository/com/sun/jersey/jersey-servlet/1.19/jersey-servlet-1.19.jar:/home/user/.m2/repository/com/sun/jersey/jersey-json/1.19/jersey-json-1.19.jar:/home/user/.m2/repository/org/codehaus/jettison/jettison/1.1/jettison-1.1.jar:/home/user/.m2/repository/org/codehaus/jackson/jackson-core-asl/1.9.13/jackson-core-asl-1.9.13.jar:/home/user/.m2/repository/org/codehaus/jackson/jackson-mapper-asl/1.9.13/jackson-mapper-asl-1.9.13.jar:/home/user/.m2/repository/org/codehaus/jackson/jackson-jaxrs/1.9.13/jackson-jaxrs-1.9.13.jar:/home/user/.m2/repository/org/codehaus/jackson/jackson-xc/1.9.13/jackson-xc-1.9.13.jar:/home/user/.m2/repository/commons-logging/commons-logging/1.1.3/commons-logging-1.1.3.jar:/home/user/.m2/repository/commons-beanutils/commons-beanutils/1.9.4/commons-beanutils-1.9.4.jar:/home/user/.m2/repository/org/apache/commons/commons-configuration2/2.1.1/commons-configuration2-2.1.1.jar:/home/user/.m2/repository/org/apache/commons/commons-lang3/3.7/commons-lang3-3.7.jar:/home/user/.m2/repository/org/apache/commons/commons-text/1.4/commons-text-1.4.jar:/home/user/.m2/repository/org/apache/avro/avro/1.7.7/avro-1.7.7.jar:/home/user/.m2/repository/com/thoughtworks/paranamer/paranamer/2.3/paranamer-2.3.jar:/home/user/.m2/repository/org/xerial/snappy/snappy-java/1.0.5/snappy-java-1.0.5.jar:/home/user/.m2/repository/com/google/re2j/re2j/1.1/re2j-1.1.jar:/home/user/.m2/repository/com/google/code/gson/gson/2.2.4/gson-2.2.4.jar:/home/user/.m2/repository/com/jcraft/jsch/0.1.54/jsch-0.1.54.jar:/home/user/.m2/repository/org/apache/curator/curator-client/2.12.0/curator-client-2.12.0.jar:/home/user/.m2/repository/org/apache/curator/curator-recipes/2.12.0/curator-recipes-2.12.0.jar:/home/user/.m2/repository/com/google/code/findbugs/jsr305/3.0.0/jsr305-3.0.0.jar:/home/user/.m2/repository/org/apache/htrace/htrace-core4/4.1.0-incubating/htrace-core4-4.1.0-incubating.jar:/home/user/.m2/repository/org/apache/zookeeper/zookeeper/3.4.13/zookeeper-3.4.13.jar:/home/user/.m2/repository/jline/jline/0.9.94/jline-0.9.94.jar:/home/user/.m2/repository/org/apache/yetus/audience-annotations/0.5.0/audience-annotations-0.5.0.jar:/home/user/.m2/repository/org/codehaus/woodstox/stax2-api/3.1.4/stax2-api-3.1.4.jar:/home/user/.m2/repository/com/fasterxml/woodstox/woodstox-core/5.0.3/woodstox-core-5.0.3.jar:/home/user/.m2/repository/dnsjava/dnsjava/2.1.7/dnsjava-2.1.7.jar:/home/user/.m2/repository/org/apache/hadoop/hadoop-hdfs/3.2.0/hadoop-hdfs-3.2.0-tests.jar:/home/user/.m2/repository/org/eclipse/jetty/jetty-util-ajax/9.3.25.v20180904/jetty-util-ajax-9.3.25.v20180904.jar:/home/user/.m2/repository/commons-daemon/commons-daemon/1.0.13/commons-daemon-1.0.13.jar:/home/user/.m2/repository/io/netty/netty/3.10.5.Final/netty-3.10.5.Final.jar:/home/user/.m2/repository/io/netty/netty-all/4.0.52.Final/netty-all-4.0.52.Final.jar:/home/user/.m2/repository/org/fusesource/leveldbjni/leveldbjni-all/1.8/leveldbjni-all-1.8.jar:"/>
    <property name="java.vm.vendor" value="IcedTea"/>
    <property name="sun.arch.data.model" value="64"/>
    <property name="test.build.dir" value="/workdir/hadoop-ozone/integration-test/target/test-dir"/>
    <property name="test.cache.data" value=""/>
    <property name="java.vendor.url" value="https://icedtea.classpath.org"/>
    <property name="user.timezone" value=""/>
    <property name="java.vm.specification.version" value="1.8"/>
    <property name="os.name" value="Linux"/>
    <property name="test.build.data" value="/workdir/hadoop-ozone/integration-test/target/test-dir"/>
    <property name="user.country" value="US"/>
    <property name="sun.java.launcher" value="SUN_STANDARD"/>
    <property name="sun.boot.library.path" value="/usr/lib/jvm/java-1.8-openjdk/jre/lib/amd64"/>
    <property name="sun.java.command" value="/workdir/hadoop-ozone/integration-test/target/surefire/surefirebooter437302505775189754.jar /workdir/hadoop-ozone/integration-test/target/surefire 2019-10-09T23-26-38_477-jvmRun1 surefire1343936190205024519tmp surefire_762514965920594492262tmp"/>
    <property name="test" value="!TestMiniChaosOzoneCluster"/>
    <property name="surefire.test.class.path" value="/workdir/hadoop-ozone/integration-test/target/test-classes:/workdir/hadoop-ozone/integration-test/target/classes:/home/user/.m2/repository/org/apache/hadoop/hadoop-ozone-common/0.5.0-SNAPSHOT/hadoop-ozone-common-0.5.0-SNAPSHOT.jar:/home/user/.m2/repository/org/apache/commons/commons-compress/1.4.1/commons-compress-1.4.1.jar:/home/user/.m2/repository/org/tukaani/xz/1.0/xz-1.0.jar:/home/user/.m2/repository/org/apache/hadoop/hadoop-common/3.2.0/hadoop-common-3.2.0.jar:/home/user/.m2/repository/org/apache/hadoop/hadoop-hdfs/3.2.0/hadoop-hdfs-3.2.0.jar:/home/user/.m2/repository/org/apache/hadoop/hadoop-hdfs-client/3.2.0/hadoop-hdfs-client-3.2.0.jar:/home/user/.m2/repository/com/fasterxml/jackson/core/jackson-annotations/2.9.9/jackson-annotations-2.9.9.jar:/home/user/.m2/repository/org/apache/hadoop/hadoop-hdds-common/0.5.0-SNAPSHOT/hadoop-hdds-common-0.5.0-SNAPSHOT.jar:/home/user/.m2/repository/javax/annotation/javax.annotation-api/1.2/javax.annotation-api-1.2.jar:/home/user/.m2/repository/org/apache/ratis/ratis-server/0.5.0-201fc85-SNAPSHOT/ratis-server-0.5.0-201fc85-SNAPSHOT.jar:/home/user/.m2/repository/org/apache/ratis/ratis-thirdparty-misc/0.2.0/ratis-thirdparty-misc-0.2.0.jar:/home/user/.m2/repository/org/apache/ratis/ratis-proto/0.5.0-201fc85-SNAPSHOT/ratis-proto-0.5.0-201fc85-SNAPSHOT.jar:/home/user/.m2/repository/org/apache/ratis/ratis-common/0.5.0-201fc85-SNAPSHOT/ratis-common-0.5.0-201fc85-SNAPSHOT.jar:/home/user/.m2/repository/org/apache/ratis/ratis-client/0.5.0-201fc85-SNAPSHOT/ratis-client-0.5.0-201fc85-SNAPSHOT.jar:/home/user/.m2/repository/org/apache/ratis/ratis-metrics/0.5.0-201fc85-SNAPSHOT/ratis-metrics-0.5.0-201fc85-SNAPSHOT.jar:/home/user/.m2/repository/com/github/joshelser/dropwizard-metrics-hadoop-metrics2-reporter/0.1.2/dropwizard-metrics-hadoop-metrics2-reporter-0.1.2.jar:/home/user/.m2/repository/io/dropwizard/metrics/metrics-jvm/3.2.5/metrics-jvm-3.2.5.jar:/home/user/.m2/repository/io/dropwizard/metrics/metrics-ganglia/3.2.5/metrics-ganglia-3.2.5.jar:/home/user/.m2/repository/info/ganglia/gmetric4j/gmetric4j/1.0.7/gmetric4j-1.0.7.jar:/home/user/.m2/repository/org/apache/ratis/ratis-netty/0.5.0-201fc85-SNAPSHOT/ratis-netty-0.5.0-201fc85-SNAPSHOT.jar:/home/user/.m2/repository/org/apache/ratis/ratis-grpc/0.5.0-201fc85-SNAPSHOT/ratis-grpc-0.5.0-201fc85-SNAPSHOT.jar:/home/user/.m2/repository/org/rocksdb/rocksdbjni/6.0.1/rocksdbjni-6.0.1.jar:/home/user/.m2/repository/org/apache/logging/log4j/log4j-api/2.11.0/log4j-api-2.11.0.jar:/home/user/.m2/repository/org/apache/logging/log4j/log4j-core/2.11.0/log4j-core-2.11.0.jar:/home/user/.m2/repository/com/lmax/disruptor/3.4.2/disruptor-3.4.2.jar:/home/user/.m2/repository/org/apache/commons/commons-pool2/2.6.0/commons-pool2-2.6.0.jar:/home/user/.m2/repository/org/bouncycastle/bcpkix-jdk15on/1.60/bcpkix-jdk15on-1.60.jar:/home/user/.m2/repository/commons-validator/commons-validator/1.6/commons-validator-1.6.jar:/home/user/.m2/repository/commons-digester/commons-digester/1.8.1/commons-digester-1.8.1.jar:/home/user/.m2/repository/io/jaegertracing/jaeger-client/0.34.0/jaeger-client-0.34.0.jar:/home/user/.m2/repository/io/jaegertracing/jaeger-thrift/0.34.0/jaeger-thrift-0.34.0.jar:/home/user/.m2/repository/org/apache/thrift/libthrift/0.12.0/libthrift-0.12.0.jar:/home/user/.m2/repository/com/squareup/okhttp3/okhttp/3.9.0/okhttp-3.9.0.jar:/home/user/.m2/repository/com/squareup/okio/okio/1.13.0/okio-1.13.0.jar:/home/user/.m2/repository/io/jaegertracing/jaeger-core/0.34.0/jaeger-core-0.34.0.jar:/home/user/.m2/repository/io/jaegertracing/jaeger-tracerresolver/0.34.0/jaeger-tracerresolver-0.34.0.jar:/home/user/.m2/repository/io/opentracing/contrib/opentracing-tracerresolver/0.1.5/opentracing-tracerresolver-0.1.5.jar:/home/user/.m2/repository/io/opentracing/opentracing-util/0.31.0/opentracing-util-0.31.0.jar:/home/user/.m2/repository/io/opentracing/opentracing-api/0.31.0/opentracing-api-0.31.0.jar:/home/user/.m2/repository/io/opentracing/opentracing-noop/0.31.0/opentracing-noop-0.31.0.jar:/home/user/.m2/repository/org/apache/hadoop/hadoop-hdds-server-framework/0.5.0-SNAPSHOT/hadoop-hdds-server-framework-0.5.0-SNAPSHOT.jar:/home/user/.m2/repository/org/apache/hadoop/hadoop-hdds-container-service/0.5.0-SNAPSHOT/hadoop-hdds-container-service-0.5.0-SNAPSHOT.jar:/home/user/.m2/repository/org/apache/hadoop/hadoop-hdds-client/0.5.0-SNAPSHOT/hadoop-hdds-client-0.5.0-SNAPSHOT.jar:/home/user/.m2/repository/org/apache/hadoop/hadoop-hdds-tools/0.5.0-SNAPSHOT/hadoop-hdds-tools-0.5.0-SNAPSHOT.jar:/home/user/.m2/repository/org/apache/hadoop/hadoop-hdds-server-scm/0.5.0-SNAPSHOT/hadoop-hdds-server-scm-0.5.0-SNAPSHOT.jar:/home/user/.m2/repository/org/apache/hadoop/hadoop-hdds-docs/0.5.0-SNAPSHOT/hadoop-hdds-docs-0.5.0-SNAPSHOT.jar:/home/user/.m2/repository/io/dropwizard/metrics/metrics-core/3.2.4/metrics-core-3.2.4.jar:/home/user/.m2/repository/org/hamcrest/hamcrest-all/1.3/hamcrest-all-1.3.jar:/home/user/.m2/repository/org/bouncycastle/bcprov-jdk15on/1.60/bcprov-jdk15on-1.60.jar:/home/user/.m2/repository/info/picocli/picocli/3.9.6/picocli-3.9.6.jar:/home/user/.m2/repository/com/google/protobuf/protobuf-java/2.5.0/protobuf-java-2.5.0.jar:/home/user/.m2/repository/com/google/guava/guava/11.0.2/guava-11.0.2.jar:/home/user/.m2/repository/org/apache/hadoop/hadoop-ozone-ozone-manager/0.5.0-SNAPSHOT/hadoop-ozone-ozone-manager-0.5.0-SNAPSHOT.jar:/home/user/.m2/repository/org/apache/hadoop/hadoop-minikdc/3.2.0/hadoop-minikdc-3.2.0.jar:/home/user/.m2/repository/commons-io/commons-io/2.5/commons-io-2.5.jar:/home/user/.m2/repository/org/apache/kerby/kerb-simplekdc/1.0.1/kerb-simplekdc-1.0.1.jar:/home/user/.m2/repository/org/apache/kerby/kerb-client/1.0.1/kerb-client-1.0.1.jar:/home/user/.m2/repository/org/apache/kerby/kerby-config/1.0.1/kerby-config-1.0.1.jar:/home/user/.m2/repository/org/apache/kerby/kerb-core/1.0.1/kerb-core-1.0.1.jar:/home/user/.m2/repository/org/apache/kerby/kerby-pkix/1.0.1/kerby-pkix-1.0.1.jar:/home/user/.m2/repository/org/apache/kerby/kerby-asn1/1.0.1/kerby-asn1-1.0.1.jar:/home/user/.m2/repository/org/apache/kerby/kerby-util/1.0.1/kerby-util-1.0.1.jar:/home/user/.m2/repository/org/apache/kerby/kerb-common/1.0.1/kerb-common-1.0.1.jar:/home/user/.m2/repository/org/apache/kerby/kerb-crypto/1.0.1/kerb-crypto-1.0.1.jar:/home/user/.m2/repository/org/apache/kerby/kerb-util/1.0.1/kerb-util-1.0.1.jar:/home/user/.m2/repository/org/apache/kerby/token-provider/1.0.1/token-provider-1.0.1.jar:/home/user/.m2/repository/org/apache/kerby/kerb-admin/1.0.1/kerb-admin-1.0.1.jar:/home/user/.m2/repository/org/apache/kerby/kerb-server/1.0.1/kerb-server-1.0.1.jar:/home/user/.m2/repository/org/apache/kerby/kerb-identity/1.0.1/kerb-identity-1.0.1.jar:/home/user/.m2/repository/org/apache/kerby/kerby-xdr/1.0.1/kerby-xdr-1.0.1.jar:/home/user/.m2/repository/org/slf4j/slf4j-log4j12/1.7.25/slf4j-log4j12-1.7.25.jar:/home/user/.m2/repository/org/apache/hadoop/hadoop-ozone-s3gateway/0.5.0-SNAPSHOT/hadoop-ozone-s3gateway-0.5.0-SNAPSHOT.jar:/home/user/.m2/repository/org/jboss/weld/servlet/weld-servlet/2.4.7.Final/weld-servlet-2.4.7.Final.jar:/home/user/.m2/repository/org/glassfish/jersey/containers/jersey-container-servlet-core/2.27/jersey-container-servlet-core-2.27.jar:/home/user/.m2/repository/org/glassfish/hk2/external/javax.inject/2.5.0-b42/javax.inject-2.5.0-b42.jar:/home/user/.m2/repository/org/glassfish/jersey/core/jersey-common/2.27/jersey-common-2.27.jar:/home/user/.m2/repository/org/glassfish/hk2/osgi-resource-locator/1.0.1/osgi-resource-locator-1.0.1.jar:/home/user/.m2/repository/javax/ws/rs/javax.ws.rs-api/2.1/javax.ws.rs-api-2.1.jar:/home/user/.m2/repository/org/glassfish/jersey/ext/cdi/jersey-cdi1x/2.27/jersey-cdi1x-2.27.jar:/home/user/.m2/repository/org/glassfish/jersey/inject/jersey-hk2/2.27/jersey-hk2-2.27.jar:/home/user/.m2/repository/org/glassfish/hk2/hk2-locator/2.5.0-b42/hk2-locator-2.5.0-b42.jar:/home/user/.m2/repository/org/javassist/javassist/3.22.0-CR2/javassist-3.22.0-CR2.jar:/home/user/.m2/repository/org/glassfish/hk2/hk2-api/2.5.0/hk2-api-2.5.0.jar:/home/user/.m2/repository/org/glassfish/hk2/external/jakarta.inject/2.5.0/jakarta.inject-2.5.0.jar:/home/user/.m2/repository/org/glassfish/hk2/hk2-utils/2.5.0/hk2-utils-2.5.0.jar:/home/user/.m2/repository/jakarta/annotation/jakarta.annotation-api/1.3.4/jakarta.annotation-api-1.3.4.jar:/home/user/.m2/repository/org/glassfish/hk2/external/aopalliance-repackaged/2.5.0/aopalliance-repackaged-2.5.0.jar:/home/user/.m2/repository/com/fasterxml/jackson/dataformat/jackson-dataformat-xml/2.9.0/jackson-dataformat-xml-2.9.0.jar:/home/user/.m2/repository/com/fasterxml/jackson/core/jackson-core/2.9.9/jackson-core-2.9.9.jar:/home/user/.m2/repository/com/fasterxml/jackson/module/jackson-module-jaxb-annotations/2.9.9/jackson-module-jaxb-annotations-2.9.9.jar:/home/user/.m2/repository/javax/enterprise/cdi-api/1.2/cdi-api-1.2.jar:/home/user/.m2/repository/javax/el/javax.el-api/3.0.0/javax.el-api-3.0.0.jar:/home/user/.m2/repository/javax/interceptor/javax.interceptor-api/1.2/javax.interceptor-api-1.2.jar:/home/user/.m2/repository/javax/inject/javax.inject/1/javax.inject-1.jar:/home/user/.m2/repository/com/sun/xml/bind/jaxb-impl/2.3.0.1/jaxb-impl-2.3.0.1.jar:/home/user/.m2/repository/com/sun/xml/bind/jaxb-core/2.3.0.1/jaxb-core-2.3.0.1.jar:/home/user/.m2/repository/javax/xml/bind/jaxb-api/2.3.0/jaxb-api-2.3.0.jar:/home/user/.m2/repository/javax/activation/activation/1.1.1/activation-1.1.1.jar:/home/user/.m2/repository/org/apache/hadoop/hadoop-ozone-csi/0.5.0-SNAPSHOT/hadoop-ozone-csi-0.5.0-SNAPSHOT.jar:/home/user/.m2/repository/com/google/protobuf/protobuf-java-util/3.5.1/protobuf-java-util-3.5.1.jar:/home/user/.m2/repository/org/apache/hadoop/hadoop-hdds-config/0.5.0-SNAPSHOT/hadoop-hdds-config-0.5.0-SNAPSHOT.jar:/home/user/.m2/repository/io/grpc/grpc-netty/1.17.1/grpc-netty-1.17.1.jar:/home/user/.m2/repository/io/grpc/grpc-core/1.17.1/grpc-core-1.17.1.jar:/home/user/.m2/repository/io/grpc/grpc-context/1.17.1/grpc-context-1.17.1.jar:/home/user/.m2/repository/com/google/errorprone/error_prone_annotations/2.2.0/error_prone_annotations-2.2.0.jar:/home/user/.m2/repository/org/codehaus/mojo/animal-sniffer-annotations/1.17/animal-sniffer-annotations-1.17.jar:/home/user/.m2/repository/io/opencensus/opencensus-api/0.17.0/opencensus-api-0.17.0.jar:/home/user/.m2/repository/io/opencensus/opencensus-contrib-grpc-metrics/0.17.0/opencensus-contrib-grpc-metrics-0.17.0.jar:/home/user/.m2/repository/io/netty/netty-codec-http2/4.1.30.Final/netty-codec-http2-4.1.30.Final.jar:/home/user/.m2/repository/io/netty/netty-codec-http/4.1.30.Final/netty-codec-http-4.1.30.Final.jar:/home/user/.m2/repository/io/netty/netty-codec/4.1.30.Final/netty-codec-4.1.30.Final.jar:/home/user/.m2/repository/io/netty/netty-handler/4.1.30.Final/netty-handler-4.1.30.Final.jar:/home/user/.m2/repository/io/netty/netty-handler-proxy/4.1.30.Final/netty-handler-proxy-4.1.30.Final.jar:/home/user/.m2/repository/io/netty/netty-codec-socks/4.1.30.Final/netty-codec-socks-4.1.30.Final.jar:/home/user/.m2/repository/io/netty/netty-transport-native-epoll/4.1.30.Final/netty-transport-native-epoll-4.1.30.Final.jar:/home/user/.m2/repository/io/netty/netty-common/4.1.30.Final/netty-common-4.1.30.Final.jar:/home/user/.m2/repository/io/netty/netty-buffer/4.1.30.Final/netty-buffer-4.1.30.Final.jar:/home/user/.m2/repository/io/netty/netty-transport/4.1.30.Final/netty-transport-4.1.30.Final.jar:/home/user/.m2/repository/io/netty/netty-resolver/4.1.30.Final/netty-resolver-4.1.30.Final.jar:/home/user/.m2/repository/io/netty/netty-transport-native-unix-common/4.1.30.Final/netty-transport-native-unix-common-4.1.30.Final.jar:/home/user/.m2/repository/io/grpc/grpc-protobuf/1.17.1/grpc-protobuf-1.17.1.jar:/home/user/.m2/repository/com/google/api/grpc/proto-google-common-protos/1.0.0/proto-google-common-protos-1.0.0.jar:/home/user/.m2/repository/io/grpc/grpc-protobuf-lite/1.17.1/grpc-protobuf-lite-1.17.1.jar:/home/user/.m2/repository/io/grpc/grpc-stub/1.17.1/grpc-stub-1.17.1.jar:/home/user/.m2/repository/org/apache/hadoop/hadoop-ozone-recon/0.5.0-SNAPSHOT/hadoop-ozone-recon-0.5.0-SNAPSHOT.jar:/home/user/.m2/repository/org/apache/hadoop/hadoop-ozone-reconcodegen/0.5.0-SNAPSHOT/hadoop-ozone-reconcodegen-0.5.0-SNAPSHOT.jar:/home/user/.m2/repository/com/google/inject/extensions/guice-multibindings/4.0/guice-multibindings-4.0.jar:/home/user/.m2/repository/com/google/inject/guice/4.0/guice-4.0.jar:/home/user/.m2/repository/aopalliance/aopalliance/1.0/aopalliance-1.0.jar:/home/user/.m2/repository/com/google/inject/extensions/guice-servlet/4.0/guice-servlet-4.0.jar:/home/user/.m2/repository/org/glassfish/jersey/containers/jersey-container-servlet/2.27/jersey-container-servlet-2.27.jar:/home/user/.m2/repository/org/glassfish/hk2/guice-bridge/2.5.0/guice-bridge-2.5.0.jar:/home/user/.m2/repository/org/glassfish/jersey/core/jersey-server/2.27/jersey-server-2.27.jar:/home/user/.m2/repository/org/glassfish/jersey/core/jersey-client/2.27/jersey-client-2.27.jar:/home/user/.m2/repository/org/glassfish/jersey/media/jersey-media-jaxb/2.27/jersey-media-jaxb-2.27.jar:/home/user/.m2/repository/javax/validation/validation-api/1.1.0.Final/validation-api-1.1.0.Final.jar:/home/user/.m2/repository/org/glassfish/jersey/media/jersey-media-json-jackson/2.27/jersey-media-json-jackson-2.27.jar:/home/user/.m2/repository/org/glassfish/jersey/ext/jersey-entity-filtering/2.27/jersey-entity-filtering-2.27.jar:/home/user/.m2/repository/com/google/inject/extensions/guice-assistedinject/4.0/guice-assistedinject-4.0.jar:/home/user/.m2/repository/org/jooq/jooq/3.11.10/jooq-3.11.10.jar:/home/user/.m2/repository/org/jooq/jooq-meta/3.11.10/jooq-meta-3.11.10.jar:/home/user/.m2/repository/org/jooq/jooq-codegen/3.11.10/jooq-codegen-3.11.10.jar:/home/user/.m2/repository/com/jolbox/bonecp/0.8.0.RELEASE/bonecp-0.8.0.RELEASE.jar:/home/user/.m2/repository/org/xerial/sqlite-jdbc/3.25.2/sqlite-jdbc-3.25.2.jar:/home/user/.m2/repository/org/springframework/spring-jdbc/5.1.3.RELEASE/spring-jdbc-5.1.3.RELEASE.jar:/home/user/.m2/repository/org/springframework/spring-beans/5.1.3.RELEASE/spring-beans-5.1.3.RELEASE.jar:/home/user/.m2/repository/org/springframework/spring-core/5.1.3.RELEASE/spring-core-5.1.3.RELEASE.jar:/home/user/.m2/repository/org/springframework/spring-jcl/5.1.3.RELEASE/spring-jcl-5.1.3.RELEASE.jar:/home/user/.m2/repository/org/springframework/spring-tx/5.1.3.RELEASE/spring-tx-5.1.3.RELEASE.jar:/home/user/.m2/repository/org/apache/hadoop/hadoop-ozone-client/0.5.0-SNAPSHOT/hadoop-ozone-client-0.5.0-SNAPSHOT.jar:/home/user/.m2/repository/commons-lang/commons-lang/2.6/commons-lang-2.6.jar:/home/user/.m2/repository/org/apache/hadoop/hadoop-ozone-ozone-manager/0.5.0-SNAPSHOT/hadoop-ozone-ozone-manager-0.5.0-SNAPSHOT-tests.jar:/home/user/.m2/repository/junit/junit/4.11/junit-4.11.jar:/home/user/.m2/repository/org/hamcrest/hamcrest-core/1.3/hamcrest-core-1.3.jar:/home/user/.m2/repository/org/openjdk/jmh/jmh-core/1.19/jmh-core-1.19.jar:/home/user/.m2/repository/net/sf/jopt-simple/jopt-simple/4.6/jopt-simple-4.6.jar:/home/user/.m2/repository/org/apache/commons/commons-math3/3.1.1/commons-math3-3.1.1.jar:/home/user/.m2/repository/org/openjdk/jmh/jmh-generator-annprocess/1.19/jmh-generator-annprocess-1.19.jar:/home/user/.m2/repository/org/mockito/mockito-all/1.8.5/mockito-all-1.8.5.jar:/home/user/.m2/repository/org/apache/hadoop/hadoop-kms/3.2.0/hadoop-kms-3.2.0.jar:/home/user/.m2/repository/org/apache/hadoop/hadoop-auth/3.2.0/hadoop-auth-3.2.0.jar:/home/user/.m2/repository/com/nimbusds/nimbus-jose-jwt/4.41.1/nimbus-jose-jwt-4.41.1.jar:/home/user/.m2/repository/com/github/stephenc/jcip/jcip-annotations/1.0-1/jcip-annotations-1.0-1.jar:/home/user/.m2/repository/net/minidev/json-smart/2.3/json-smart-2.3.jar:/home/user/.m2/repository/net/minidev/accessors-smart/1.2/accessors-smart-1.2.jar:/home/user/.m2/repository/org/ow2/asm/asm/5.0.4/asm-5.0.4.jar:/home/user/.m2/repository/org/apache/curator/curator-framework/2.12.0/curator-framework-2.12.0.jar:/home/user/.m2/repository/com/sun/jersey/jersey-core/1.19/jersey-core-1.19.jar:/home/user/.m2/repository/javax/ws/rs/jsr311-api/1.1.1/jsr311-api-1.1.1.jar:/home/user/.m2/repository/com/sun/jersey/jersey-server/1.19/jersey-server-1.19.jar:/home/user/.m2/repository/javax/servlet/javax.servlet-api/3.1.0/javax.servlet-api-3.1.0.jar:/home/user/.m2/repository/org/eclipse/jetty/jetty-server/9.3.25.v20180904/jetty-server-9.3.25.v20180904.jar:/home/user/.m2/repository/org/eclipse/jetty/jetty-http/9.3.25.v20180904/jetty-http-9.3.25.v20180904.jar:/home/user/.m2/repository/org/eclipse/jetty/jetty-io/9.3.25.v20180904/jetty-io-9.3.25.v20180904.jar:/home/user/.m2/repository/org/eclipse/jetty/jetty-webapp/9.3.25.v20180904/jetty-webapp-9.3.25.v20180904.jar:/home/user/.m2/repository/org/eclipse/jetty/jetty-xml/9.3.25.v20180904/jetty-xml-9.3.25.v20180904.jar:/home/user/.m2/repository/log4j/log4j/1.2.17/log4j-1.2.17.jar:/home/user/.m2/repository/org/slf4j/slf4j-api/1.7.25/slf4j-api-1.7.25.jar:/home/user/.m2/repository/org/slf4j/jul-to-slf4j/1.7.25/jul-to-slf4j-1.7.25.jar:/home/user/.m2/repository/org/eclipse/jetty/jetty-util/9.3.25.v20180904/jetty-util-9.3.25.v20180904.jar:/home/user/.m2/repository/com/fasterxml/jackson/core/jackson-databind/2.9.9/jackson-databind-2.9.9.jar:/home/user/.m2/repository/org/apache/hadoop/hadoop-kms/3.2.0/hadoop-kms-3.2.0-tests.jar:/home/user/.m2/repository/org/apache/hadoop/hadoop-hdds-server-scm/0.5.0-SNAPSHOT/hadoop-hdds-server-scm-0.5.0-SNAPSHOT-tests.jar:/home/user/.m2/repository/org/apache/hadoop/hadoop-hdds-container-service/0.5.0-SNAPSHOT/hadoop-hdds-container-service-0.5.0-SNAPSHOT-tests.jar:/home/user/.m2/repository/org/yaml/snakeyaml/1.16/snakeyaml-1.16.jar:/home/user/.m2/repository/org/apache/hadoop/hadoop-common/3.2.0/hadoop-common-3.2.0-tests.jar:/home/user/.m2/repository/org/apache/hadoop/hadoop-annotations/3.2.0/hadoop-annotations-3.2.0.jar:/usr/lib/jvm/java-1.8-openjdk/jre/../lib/tools.jar:/home/user/.m2/repository/commons-cli/commons-cli/1.2/commons-cli-1.2.jar:/home/user/.m2/repository/org/apache/httpcomponents/httpclient/4.5.2/httpclient-4.5.2.jar:/home/user/.m2/repository/org/apache/httpcomponents/httpcore/4.4.4/httpcore-4.4.4.jar:/home/user/.m2/repository/commons-codec/commons-codec/1.11/commons-codec-1.11.jar:/home/user/.m2/repository/commons-net/commons-net/3.6/commons-net-3.6.jar:/home/user/.m2/repository/commons-collections/commons-collections/3.2.2/commons-collections-3.2.2.jar:/home/user/.m2/repository/org/eclipse/jetty/jetty-servlet/9.3.25.v20180904/jetty-servlet-9.3.25.v20180904.jar:/home/user/.m2/repository/org/eclipse/jetty/jetty-security/9.3.25.v20180904/jetty-security-9.3.25.v20180904.jar:/home/user/.m2/repository/javax/servlet/jsp/jsp-api/2.1/jsp-api-2.1.jar:/home/user/.m2/repository/com/sun/jersey/jersey-servlet/1.19/jersey-servlet-1.19.jar:/home/user/.m2/repository/com/sun/jersey/jersey-json/1.19/jersey-json-1.19.jar:/home/user/.m2/repository/org/codehaus/jettison/jettison/1.1/jettison-1.1.jar:/home/user/.m2/repository/org/codehaus/jackson/jackson-core-asl/1.9.13/jackson-core-asl-1.9.13.jar:/home/user/.m2/repository/org/codehaus/jackson/jackson-mapper-asl/1.9.13/jackson-mapper-asl-1.9.13.jar:/home/user/.m2/repository/org/codehaus/jackson/jackson-jaxrs/1.9.13/jackson-jaxrs-1.9.13.jar:/home/user/.m2/repository/org/codehaus/jackson/jackson-xc/1.9.13/jackson-xc-1.9.13.jar:/home/user/.m2/repository/commons-logging/commons-logging/1.1.3/commons-logging-1.1.3.jar:/home/user/.m2/repository/commons-beanutils/commons-beanutils/1.9.4/commons-beanutils-1.9.4.jar:/home/user/.m2/repository/org/apache/commons/commons-configuration2/2.1.1/commons-configuration2-2.1.1.jar:/home/user/.m2/repository/org/apache/commons/commons-lang3/3.7/commons-lang3-3.7.jar:/home/user/.m2/repository/org/apache/commons/commons-text/1.4/commons-text-1.4.jar:/home/user/.m2/repository/org/apache/avro/avro/1.7.7/avro-1.7.7.jar:/home/user/.m2/repository/com/thoughtworks/paranamer/paranamer/2.3/paranamer-2.3.jar:/home/user/.m2/repository/org/xerial/snappy/snappy-java/1.0.5/snappy-java-1.0.5.jar:/home/user/.m2/repository/com/google/re2j/re2j/1.1/re2j-1.1.jar:/home/user/.m2/repository/com/google/code/gson/gson/2.2.4/gson-2.2.4.jar:/home/user/.m2/repository/com/jcraft/jsch/0.1.54/jsch-0.1.54.jar:/home/user/.m2/repository/org/apache/curator/curator-client/2.12.0/curator-client-2.12.0.jar:/home/user/.m2/repository/org/apache/curator/curator-recipes/2.12.0/curator-recipes-2.12.0.jar:/home/user/.m2/repository/com/google/code/findbugs/jsr305/3.0.0/jsr305-3.0.0.jar:/home/user/.m2/repository/org/apache/htrace/htrace-core4/4.1.0-incubating/htrace-core4-4.1.0-incubating.jar:/home/user/.m2/repository/org/apache/zookeeper/zookeeper/3.4.13/zookeeper-3.4.13.jar:/home/user/.m2/repository/jline/jline/0.9.94/jline-0.9.94.jar:/home/user/.m2/repository/org/apache/yetus/audience-annotations/0.5.0/audience-annotations-0.5.0.jar:/home/user/.m2/repository/org/codehaus/woodstox/stax2-api/3.1.4/stax2-api-3.1.4.jar:/home/user/.m2/repository/com/fasterxml/woodstox/woodstox-core/5.0.3/woodstox-core-5.0.3.jar:/home/user/.m2/repository/dnsjava/dnsjava/2.1.7/dnsjava-2.1.7.jar:/home/user/.m2/repository/org/apache/hadoop/hadoop-hdfs/3.2.0/hadoop-hdfs-3.2.0-tests.jar:/home/user/.m2/repository/org/eclipse/jetty/jetty-util-ajax/9.3.25.v20180904/jetty-util-ajax-9.3.25.v20180904.jar:/home/user/.m2/repository/commons-daemon/commons-daemon/1.0.13/commons-daemon-1.0.13.jar:/home/user/.m2/repository/io/netty/netty/3.10.5.Final/netty-3.10.5.Final.jar:/home/user/.m2/repository/io/netty/netty-all/4.0.52.Final/netty-all-4.0.52.Final.jar:/home/user/.m2/repository/org/fusesource/leveldbjni/leveldbjni-all/1.8/leveldbjni-all-1.8.jar:"/>
    <property name="sun.cpu.endian" value="little"/>
    <property name="user.home" value="/home/user"/>
    <property name="user.language" value="en"/>
    <property name="java.specification.vendor" value="Oracle Corporation"/>
    <property name="java.home" value="/usr/lib/jvm/java-1.8-openjdk/jre"/>
    <property name="java.security.krb5.conf" value="/workdir/hadoop-ozone/integration-test/target/test-classes/krb5.conf"/>
    <property name="basedir" value="/workdir/hadoop-ozone/integration-test"/>
    <property name="file.separator" value="/"/>
    <property name="line.separator" value="&#10;"/>
    <property name="java.vm.specification.vendor" value="Oracle Corporation"/>
    <property name="java.specification.name" value="Java Platform API Specification"/>
    <property name="java.awt.graphicsenv" value="sun.awt.X11GraphicsEnvironment"/>
    <property name="surefire.real.class.path" value="/workdir/hadoop-ozone/integration-test/target/surefire/surefirebooter437302505775189754.jar"/>
    <property name="hadoop.log.dir" value="/workdir/hadoop-ozone/integration-test/target/log"/>
    <property name="sun.boot.class.path" value="/usr/lib/jvm/java-1.8-openjdk/jre/lib/resources.jar:/usr/lib/jvm/java-1.8-openjdk/jre/lib/rt.jar:/usr/lib/jvm/java-1.8-openjdk/jre/lib/sunrsasign.jar:/usr/lib/jvm/java-1.8-openjdk/jre/lib/jsse.jar:/usr/lib/jvm/java-1.8-openjdk/jre/lib/jce.jar:/usr/lib/jvm/java-1.8-openjdk/jre/lib/charsets.jar:/usr/lib/jvm/java-1.8-openjdk/jre/lib/jfr.jar:/usr/lib/jvm/java-1.8-openjdk/jre/classes"/>
    <property name="sun.management.compiler" value="HotSpot 64-Bit Tiered Compilers"/>
    <property name="java.runtime.version" value="1.8.0_212-b04"/>
    <property name="java.net.preferIPv4Stack" value="true"/>
    <property name="user.name" value="jenkins1000"/>
    <property name="path.separator" value=":"/>
    <property name="java.security.egd" value="file:///dev/urandom"/>
    <property name="os.version" value="3.10.0-957.12.2.el7.x86_64"/>
    <property name="java.endorsed.dirs" value="/usr/lib/jvm/java-1.8-openjdk/jre/lib/endorsed"/>
    <property name="java.runtime.name" value="OpenJDK Runtime Environment"/>
    <property name="file.encoding" value="UTF-8"/>
    <property name="java.vm.name" value="OpenJDK 64-Bit Server VM"/>
    <property name="test.build.webapps" value=""/>
    <property name="localRepository" value="/home/user/.m2/repository"/>
    <property name="java.vendor.url.bug" value="https://icedtea.classpath.org/bugzilla"/>
    <property name="java.io.tmpdir" value="/tmp"/>
    <property name="require.test.libhadoop" value=""/>
    <property name="java.version" value="1.8.0_212"/>
    <property name="user.dir" value="/workdir/hadoop-ozone/integration-test"/>
    <property name="os.arch" value="amd64"/>
    <property name="java.vm.specification.name" value="Java Virtual Machine Specification"/>
    <property name="test.build.classes" value="/workdir/hadoop-ozone/integration-test/target/test-classes"/>
    <property name="java.awt.printerjob" value="sun.print.PSPrinterJob"/>
    <property name="sun.os.patch.level" value="unknown"/>
    <property name="hadoop.tmp.dir" value="/workdir/hadoop-ozone/integration-test/target/tmp"/>
    <property name="java.library.path" value="/usr/lib/jvm/java-1.8-openjdk/jre/lib/amd64/server:/usr/lib/jvm/java-1.8-openjdk/jre/lib/amd64:/usr/lib/jvm/java-1.8-openjdk/jre/../lib/amd64:/workdir/hadoop-ozone/integration-test/target/native/target/usr/local/lib:/workdir/hadoop-ozone/integration-test/../../hadoop-common-project/hadoop-common/target/native/target/usr/local/lib:/usr/java/packages/lib/amd64:/usr/lib64:/lib64:/lib:/usr/lib"/>
    <property name="java.vm.info" value="mixed mode"/>
    <property name="java.vendor" value="IcedTea"/>
    <property name="java.vm.version" value="25.212-b04"/>
    <property name="java.ext.dirs" value="/usr/lib/jvm/java-1.8-openjdk/jre/lib/ext:/usr/java/packages/lib/ext"/>
    <property name="sun.io.unicode.encoding" value="UnicodeLittle"/>
    <property name="java.class.version" value="52.0"/>
  </properties>
  <testcase name="testWatchForCommitWithKeyWrite" classname="org.apache.hadoop.ozone.client.rpc.TestWatchForCommit" time="81.559"/>
  <testcase name="testWatchForCommitWithSmallerTimeoutValue" classname="org.apache.hadoop.ozone.client.rpc.TestWatchForCommit" time="42.692"/>
  <testcase name="testWatchForCommitForRetryfailure" classname="org.apache.hadoop.ozone.client.rpc.TestWatchForCommit" time="74.113"/>
  <testcase name="testWatchForCommitForGroupMismatchException" classname="org.apache.hadoop.ozone.client.rpc.TestWatchForCommit" time="32.483"/>
  <testcase name="test2WayCommitForTimeoutException" classname="org.apache.hadoop.ozone.client.rpc.TestWatchForCommit" time="27.539">
    <error type="java.util.concurrent.TimeoutException">java.util.concurrent.TimeoutException
	at java.util.concurrent.CompletableFuture.timedGet(CompletableFuture.java:1771)
	at java.util.concurrent.CompletableFuture.get(CompletableFuture.java:1915)
	at org.apache.hadoop.hdds.scm.XceiverClientRatis.watchForCommit(XceiverClientRatis.java:283)
	at org.apache.hadoop.ozone.client.rpc.TestWatchForCommit.test2WayCommitForTimeoutException(TestWatchForCommit.java:391)
	at sun.reflect.NativeMethodAccessorImpl.invoke0(Native Method)
	at sun.reflect.NativeMethodAccessorImpl.invoke(NativeMethodAccessorImpl.java:62)
	at sun.reflect.DelegatingMethodAccessorImpl.invoke(DelegatingMethodAccessorImpl.java:43)
	at java.lang.reflect.Method.invoke(Method.java:498)
	at org.junit.runners.model.FrameworkMethod$1.runReflectiveCall(FrameworkMethod.java:47)
	at org.junit.internal.runners.model.ReflectiveCallable.run(ReflectiveCallable.java:12)
	at org.junit.runners.model.FrameworkMethod.invokeExplosively(FrameworkMethod.java:44)
	at org.junit.internal.runners.statements.InvokeMethod.evaluate(InvokeMethod.java:17)
	at org.junit.runners.ParentRunner.runLeaf(ParentRunner.java:271)
	at org.junit.runners.BlockJUnit4ClassRunner.runChild(BlockJUnit4ClassRunner.java:70)
	at org.junit.runners.BlockJUnit4ClassRunner.runChild(BlockJUnit4ClassRunner.java:50)
	at org.junit.runners.ParentRunner$3.run(ParentRunner.java:238)
	at org.junit.runners.ParentRunner$1.schedule(ParentRunner.java:63)
	at org.junit.runners.ParentRunner.runChildren(ParentRunner.java:236)
	at org.junit.runners.ParentRunner.access$000(ParentRunner.java:53)
	at org.junit.runners.ParentRunner$2.evaluate(ParentRunner.java:229)
	at org.junit.runners.ParentRunner.run(ParentRunner.java:309)
	at org.apache.maven.surefire.junit4.JUnit4Provider.execute(JUnit4Provider.java:365)
	at org.apache.maven.surefire.junit4.JUnit4Provider.executeWithRerun(JUnit4Provider.java:273)
	at org.apache.maven.surefire.junit4.JUnit4Provider.executeTestSet(JUnit4Provider.java:238)
	at org.apache.maven.surefire.junit4.JUnit4Provider.invoke(JUnit4Provider.java:159)
	at org.apache.maven.surefire.booter.ForkedBooter.invokeProviderInSameClassLoader(ForkedBooter.java:384)
	at org.apache.maven.surefire.booter.ForkedBooter.runSuitesInProcess(ForkedBooter.java:345)
	at org.apache.maven.surefire.booter.ForkedBooter.execute(ForkedBooter.java:126)
	at org.apache.maven.surefire.booter.ForkedBooter.main(ForkedBooter.java:418)
</error>
    <system-out><![CDATA[2019-10-10 00:41:27,905 [main] WARN  server.ServerUtils (ServerUtils.java:getScmDbDir(145)) - ozone.scm.db.dirs is not configured. We recommend adding this setting. Falling back to ozone.metadata.dirs instead.
2019-10-10 00:41:27,950 [main] WARN  server.ServerUtils (ServerUtils.java:getScmDbDir(145)) - ozone.scm.db.dirs is not configured. We recommend adding this setting. Falling back to ozone.metadata.dirs instead.
2019-10-10 00:41:27,950 [main] WARN  server.ServerUtils (ServerUtils.java:getScmDbDir(145)) - ozone.scm.db.dirs is not configured. We recommend adding this setting. Falling back to ozone.metadata.dirs instead.
2019-10-10 00:41:27,951 [main] INFO  db.DBStoreBuilder (DBStoreBuilder.java:addTable(117)) - using custom profile for table: deletedBlocks
2019-10-10 00:41:27,951 [main] INFO  db.DBStoreBuilder (DBStoreBuilder.java:processTables(168)) - Using default column profile:DBProfile.DISK for Table:deletedBlocks
2019-10-10 00:41:27,951 [main] INFO  db.DBStoreBuilder (DBStoreBuilder.java:addTable(117)) - using custom profile for table: validCerts
2019-10-10 00:41:27,952 [main] INFO  db.DBStoreBuilder (DBStoreBuilder.java:processTables(168)) - Using default column profile:DBProfile.DISK for Table:validCerts
2019-10-10 00:41:27,952 [main] INFO  db.DBStoreBuilder (DBStoreBuilder.java:addTable(117)) - using custom profile for table: revokedCerts
2019-10-10 00:41:27,952 [main] INFO  db.DBStoreBuilder (DBStoreBuilder.java:processTables(168)) - Using default column profile:DBProfile.DISK for Table:revokedCerts
2019-10-10 00:41:27,952 [main] INFO  db.DBStoreBuilder (DBStoreBuilder.java:addTable(117)) - using custom profile for table: default
2019-10-10 00:41:27,953 [main] INFO  db.DBStoreBuilder (DBStoreBuilder.java:processTables(174)) - Using default column profile:DBProfile.DISK for Table:default
2019-10-10 00:41:27,953 [main] INFO  db.DBStoreBuilder (DBStoreBuilder.java:getDbProfile(205)) - Using default options. DBProfile.DISK
2019-10-10 00:41:28,165 [main] INFO  net.NodeSchemaLoader (NodeSchemaLoader.java:loadSchemaFromFile(125)) - Loading file from sun.misc.CompoundEnumeration@3e28d779
2019-10-10 00:41:28,166 [main] INFO  net.NodeSchemaLoader (NodeSchemaLoader.java:loadSchema(171)) - Loading network topology layer schema file
2019-10-10 00:41:28,171 [main] WARN  server.ServerUtils (ServerUtils.java:sanitizeUserArgs(70)) - ozone.scm.stale.node.interval value = 300000 is larger than max = 100000 based on the key value of ozone.scm.heartbeat.thread.interval, reset to the max value 100000.
2019-10-10 00:41:28,171 [main] WARN  server.ServerUtils (ServerUtils.java:sanitizeUserArgs(70)) - ozone.scm.stale.node.interval value = 300000 is larger than max = 100000 based on the key value of ozone.scm.heartbeat.thread.interval, reset to the max value 100000.
2019-10-10 00:41:28,171 [main] INFO  node.SCMNodeManager (SCMNodeManager.java:<init>(116)) - Entering startup safe mode.
2019-10-10 00:41:28,172 [main] INFO  algorithms.ContainerPlacementPolicyFactory (ContainerPlacementPolicyFactory.java:getPolicy(57)) - Create container placement policy of type org.apache.hadoop.hdds.scm.container.placement.algorithms.SCMContainerPlacementRandom
2019-10-10 00:41:28,172 [main] WARN  server.ServerUtils (ServerUtils.java:getScmDbDir(145)) - ozone.scm.db.dirs is not configured. We recommend adding this setting. Falling back to ozone.metadata.dirs instead.
2019-10-10 00:41:28,272 [main] INFO  pipeline.SCMPipelineManager (SCMPipelineManager.java:initializePipelineState(132)) - No pipeline exists in current db
2019-10-10 00:41:28,273 [main] WARN  server.ServerUtils (ServerUtils.java:getScmDbDir(145)) - ozone.scm.db.dirs is not configured. We recommend adding this setting. Falling back to ozone.metadata.dirs instead.
2019-10-10 00:41:28,346 [main] WARN  events.EventQueue (EventQueue.java:fireEvent(183)) - No event handler registered for event TypedEvent{payloadType=SafeModeStatus, name='SafeModeStatus'}
2019-10-10 00:41:28,347 [main] INFO  ipc.CallQueueManager (CallQueueManager.java:<init>(84)) - Using callQueue: class java.util.concurrent.LinkedBlockingQueue, queueCapacity: 2000, scheduler: class org.apache.hadoop.ipc.DefaultRpcScheduler, ipcBackoff: false.
2019-10-10 00:41:28,347 [Socket Reader #1 for port 38952] INFO  ipc.Server (Server.java:run(1074)) - Starting Socket Reader #1 for port 38952
2019-10-10 00:41:28,349 [main] INFO  ipc.CallQueueManager (CallQueueManager.java:<init>(84)) - Using callQueue: class java.util.concurrent.LinkedBlockingQueue, queueCapacity: 2000, scheduler: class org.apache.hadoop.ipc.DefaultRpcScheduler, ipcBackoff: false.
2019-10-10 00:41:28,350 [Socket Reader #1 for port 37770] INFO  ipc.Server (Server.java:run(1074)) - Starting Socket Reader #1 for port 37770
2019-10-10 00:41:28,351 [main] INFO  ipc.CallQueueManager (CallQueueManager.java:<init>(84)) - Using callQueue: class java.util.concurrent.LinkedBlockingQueue, queueCapacity: 2000, scheduler: class org.apache.hadoop.ipc.DefaultRpcScheduler, ipcBackoff: false.
2019-10-10 00:41:28,352 [Socket Reader #1 for port 45309] INFO  ipc.Server (Server.java:run(1074)) - Starting Socket Reader #1 for port 45309
2019-10-10 00:41:28,353 [main] INFO  hdfs.DFSUtil (DFSUtil.java:httpServerTemplateForNNAndJN(1641)) - Starting Web-server for scm at: http://0.0.0.0:0
2019-10-10 00:41:28,355 [main] INFO  server.AuthenticationFilter (AuthenticationFilter.java:constructSecretProvider(240)) - Unable to initialize FileSignerSecretProvider, falling back to use random secrets.
2019-10-10 00:41:28,355 [main] WARN  http.HttpRequestLog (HttpRequestLog.java:getRequestLog(97)) - Jetty request log can only be enabled using Log4j
2019-10-10 00:41:28,357 [main] INFO  http.HttpServer2 (HttpServer2.java:addGlobalFilter(975)) - Added global filter 'safety' (class=org.apache.hadoop.http.HttpServer2$QuotingInputFilter)
2019-10-10 00:41:28,357 [main] INFO  http.HttpServer2 (HttpServer2.java:addFilter(948)) - Added filter static_user_filter (class=org.apache.hadoop.http.lib.StaticUserWebFilter$StaticUserFilter) to context scm
2019-10-10 00:41:28,357 [main] INFO  http.HttpServer2 (HttpServer2.java:addFilter(958)) - Added filter static_user_filter (class=org.apache.hadoop.http.lib.StaticUserWebFilter$StaticUserFilter) to context static
2019-10-10 00:41:28,357 [main] INFO  http.HttpServer2 (HttpServer2.java:addFilter(958)) - Added filter static_user_filter (class=org.apache.hadoop.http.lib.StaticUserWebFilter$StaticUserFilter) to context logs
2019-10-10 00:41:28,359 [main] INFO  server.StorageContainerManager (StorageContainerManager.java:start(772)) - StorageContainerLocationProtocol RPC server is listening at /0.0.0.0:45309
2019-10-10 00:41:28,361 [main] WARN  impl.MetricsConfig (MetricsConfig.java:loadFirst(134)) - Cannot locate configuration: tried hadoop-metrics2-storagecontainermanager.properties,hadoop-metrics2.properties
2019-10-10 00:41:28,361 [main] INFO  impl.MetricsSystemImpl (MetricsSystemImpl.java:startTimer(374)) - Scheduled Metric snapshot period at 10 second(s).
2019-10-10 00:41:28,361 [main] INFO  impl.MetricsSystemImpl (MetricsSystemImpl.java:start(191)) - StorageContainerManager metrics system started
2019-10-10 00:41:28,414 [main] WARN  impl.MetricsSystemImpl (MetricsSystemImpl.java:register(276)) - Sink prometheus already exists!
2019-10-10 00:41:28,493 [main] INFO  server.SCMClientProtocolServer (SCMClientProtocolServer.java:start(159)) - RPC server for Client  is listening at /0.0.0.0:45309
2019-10-10 00:41:28,493 [IPC Server Responder] INFO  ipc.Server (Server.java:run(1314)) - IPC Server Responder: starting
2019-10-10 00:41:28,493 [IPC Server listener on 45309] INFO  ipc.Server (Server.java:run(1153)) - IPC Server listener on 45309: starting
2019-10-10 00:41:28,497 [main] INFO  server.StorageContainerManager (StorageContainerManager.java:start(782)) - ScmBlockLocationProtocol RPC server is listening at /0.0.0.0:37770
2019-10-10 00:41:28,498 [main] INFO  server.SCMBlockProtocolServer (SCMBlockProtocolServer.java:start(146)) - RPC server for Block Protocol is listening at /0.0.0.0:37770
2019-10-10 00:41:28,498 [IPC Server Responder] INFO  ipc.Server (Server.java:run(1314)) - IPC Server Responder: starting
2019-10-10 00:41:28,498 [IPC Server listener on 37770] INFO  ipc.Server (Server.java:run(1153)) - IPC Server listener on 37770: starting
2019-10-10 00:41:28,503 [main] INFO  server.StorageContainerManager (StorageContainerManager.java:start(786)) - ScmDatanodeProtocl RPC server is listening at /0.0.0.0:38952
2019-10-10 00:41:28,504 [main] INFO  server.SCMDatanodeProtocolServer (SCMDatanodeProtocolServer.java:start(169)) - RPC server for DataNodes is listening at /0.0.0.0:38952
2019-10-10 00:41:28,504 [IPC Server Responder] INFO  ipc.Server (Server.java:run(1314)) - IPC Server Responder: starting
2019-10-10 00:41:28,504 [IPC Server listener on 38952] INFO  ipc.Server (Server.java:run(1153)) - IPC Server listener on 38952: starting
2019-10-10 00:41:28,507 [main] INFO  http.HttpServer2 (HttpServer2.java:bindListener(1191)) - Jetty bound to port 40197
2019-10-10 00:41:28,508 [main] INFO  server.Server (Server.java:doStart(351)) - jetty-9.3.25.v20180904, build timestamp: 2018-09-04T21:11:46Z, git hash: 3ce520221d0240229c862b122d2b06c12a625732
2019-10-10 00:41:28,509 [main] INFO  handler.ContextHandler (ContextHandler.java:doStart(781)) - Started o.e.j.s.ServletContextHandler@764fffa0{/logs,file:///workdir/hadoop-ozone/integration-test/target/log,AVAILABLE}
2019-10-10 00:41:28,510 [main] INFO  handler.ContextHandler (ContextHandler.java:doStart(781)) - Started o.e.j.s.ServletContextHandler@77524ca7{/static,file:///workdir/hadoop-ozone/integration-test/target/test-classes/webapps/static,AVAILABLE}
2019-10-10 00:41:28,513 [main] INFO  handler.ContextHandler (ContextHandler.java:doStart(781)) - Started o.e.j.w.WebAppContext@26c8b296{/,file:///workdir/hadoop-ozone/integration-test/target/test-classes/webapps/scm/,AVAILABLE}{/scm}
2019-10-10 00:41:28,513 [main] INFO  server.AbstractConnector (AbstractConnector.java:doStart(278)) - Started ServerConnector@1d289d3f{HTTP/1.1,[http/1.1]}{0.0.0.0:40197}
2019-10-10 00:41:28,514 [main] INFO  server.Server (Server.java:doStart(419)) - Started @231908ms
2019-10-10 00:41:28,514 [main] WARN  impl.MetricsSystemImpl (MetricsSystemImpl.java:register(276)) - Sink prometheus already exists!
2019-10-10 00:41:28,515 [main] INFO  server.BaseHttpServer (BaseHttpServer.java:updateConnectorAddress(215)) - HTTP server of SCM is listening at http://0.0.0.0:40197
2019-10-10 00:41:28,516 [main] WARN  server.ServerUtils (ServerUtils.java:getDBPath(222)) - ozone.om.db.dirs is not configured. We recommend adding this setting. Falling back to ozone.metadata.dirs instead.
2019-10-10 00:41:28,516 [org.apache.hadoop.util.JvmPauseMonitor$Monitor@7f27f59b] INFO  util.JvmPauseMonitor (JvmPauseMonitor.java:run(188)) - Starting JVM pause monitor
2019-10-10 00:41:28,530 [main] INFO  ha.OMHANodeDetails (OMHANodeDetails.java:loadOMHAConfig(190)) - Configuration either no ozone.om.address set. Falling back to the default OM address /127.0.0.1:0
2019-10-10 00:41:28,530 [main] INFO  ha.OMHANodeDetails (OMHANodeDetails.java:getOMNodeDetails(220)) - OM Service ID is not set. Setting it to the default ID: omServiceIdDefault
2019-10-10 00:41:28,530 [main] WARN  server.ServerUtils (ServerUtils.java:getDBPath(222)) - ozone.om.db.dirs is not configured. We recommend adding this setting. Falling back to ozone.metadata.dirs instead.
2019-10-10 00:41:28,531 [main] WARN  server.ServerUtils (ServerUtils.java:getDBPath(222)) - ozone.om.db.dirs is not configured. We recommend adding this setting. Falling back to ozone.metadata.dirs instead.
2019-10-10 00:41:28,539 [main] WARN  server.ServerUtils (ServerUtils.java:getDBPath(222)) - ozone.om.db.dirs is not configured. We recommend adding this setting. Falling back to ozone.metadata.dirs instead.
2019-10-10 00:41:28,539 [main] INFO  db.DBStoreBuilder (DBStoreBuilder.java:addTable(117)) - using custom profile for table: userTable
2019-10-10 00:41:28,540 [main] INFO  db.DBStoreBuilder (DBStoreBuilder.java:processTables(168)) - Using default column profile:DBProfile.DISK for Table:userTable
2019-10-10 00:41:28,540 [main] INFO  db.DBStoreBuilder (DBStoreBuilder.java:addTable(117)) - using custom profile for table: volumeTable
2019-10-10 00:41:28,540 [main] INFO  db.DBStoreBuilder (DBStoreBuilder.java:processTables(168)) - Using default column profile:DBProfile.DISK for Table:volumeTable
2019-10-10 00:41:28,540 [main] INFO  db.DBStoreBuilder (DBStoreBuilder.java:addTable(117)) - using custom profile for table: bucketTable
2019-10-10 00:41:28,540 [main] INFO  db.DBStoreBuilder (DBStoreBuilder.java:processTables(168)) - Using default column profile:DBProfile.DISK for Table:bucketTable
2019-10-10 00:41:28,540 [main] INFO  db.DBStoreBuilder (DBStoreBuilder.java:addTable(117)) - using custom profile for table: keyTable
2019-10-10 00:41:28,541 [main] INFO  db.DBStoreBuilder (DBStoreBuilder.java:processTables(168)) - Using default column profile:DBProfile.DISK for Table:keyTable
2019-10-10 00:41:28,541 [main] INFO  db.DBStoreBuilder (DBStoreBuilder.java:addTable(117)) - using custom profile for table: deletedTable
2019-10-10 00:41:28,541 [main] INFO  db.DBStoreBuilder (DBStoreBuilder.java:processTables(168)) - Using default column profile:DBProfile.DISK for Table:deletedTable
2019-10-10 00:41:28,541 [main] INFO  db.DBStoreBuilder (DBStoreBuilder.java:addTable(117)) - using custom profile for table: openKeyTable
2019-10-10 00:41:28,541 [main] INFO  db.DBStoreBuilder (DBStoreBuilder.java:processTables(168)) - Using default column profile:DBProfile.DISK for Table:openKeyTable
2019-10-10 00:41:28,541 [main] INFO  db.DBStoreBuilder (DBStoreBuilder.java:addTable(117)) - using custom profile for table: s3Table
2019-10-10 00:41:28,542 [main] INFO  db.DBStoreBuilder (DBStoreBuilder.java:processTables(168)) - Using default column profile:DBProfile.DISK for Table:s3Table
2019-10-10 00:41:28,542 [main] INFO  db.DBStoreBuilder (DBStoreBuilder.java:addTable(117)) - using custom profile for table: multipartInfoTable
2019-10-10 00:41:28,542 [main] INFO  db.DBStoreBuilder (DBStoreBuilder.java:processTables(168)) - Using default column profile:DBProfile.DISK for Table:multipartInfoTable
2019-10-10 00:41:28,542 [main] INFO  db.DBStoreBuilder (DBStoreBuilder.java:addTable(117)) - using custom profile for table: dTokenTable
2019-10-10 00:41:28,542 [main] INFO  db.DBStoreBuilder (DBStoreBuilder.java:processTables(168)) - Using default column profile:DBProfile.DISK for Table:dTokenTable
2019-10-10 00:41:28,542 [main] INFO  db.DBStoreBuilder (DBStoreBuilder.java:addTable(117)) - using custom profile for table: s3SecretTable
2019-10-10 00:41:28,543 [main] INFO  db.DBStoreBuilder (DBStoreBuilder.java:processTables(168)) - Using default column profile:DBProfile.DISK for Table:s3SecretTable
2019-10-10 00:41:28,543 [main] INFO  db.DBStoreBuilder (DBStoreBuilder.java:addTable(117)) - using custom profile for table: prefixTable
2019-10-10 00:41:28,543 [main] INFO  db.DBStoreBuilder (DBStoreBuilder.java:processTables(168)) - Using default column profile:DBProfile.DISK for Table:prefixTable
2019-10-10 00:41:28,543 [main] INFO  db.DBStoreBuilder (DBStoreBuilder.java:addTable(117)) - using custom profile for table: default
2019-10-10 00:41:28,543 [main] INFO  db.DBStoreBuilder (DBStoreBuilder.java:processTables(174)) - Using default column profile:DBProfile.DISK for Table:default
2019-10-10 00:41:28,543 [main] INFO  db.DBStoreBuilder (DBStoreBuilder.java:getDbProfile(205)) - Using default options. DBProfile.DISK
2019-10-10 00:41:29,159 [main] INFO  ipc.CallQueueManager (CallQueueManager.java:<init>(84)) - Using callQueue: class java.util.concurrent.LinkedBlockingQueue, queueCapacity: 2000, scheduler: class org.apache.hadoop.ipc.DefaultRpcScheduler, ipcBackoff: false.
2019-10-10 00:41:29,160 [Socket Reader #1 for port 34259] INFO  ipc.Server (Server.java:run(1074)) - Starting Socket Reader #1 for port 34259
2019-10-10 00:41:29,180 [main] INFO  om.OzoneManager (OzoneManager.java:start(1069)) - OzoneManager RPC server is listening at localhost/127.0.0.1:34259
2019-10-10 00:41:29,180 [main] INFO  impl.MetricsSystemImpl (MetricsSystemImpl.java:init(158)) - OzoneManager metrics system started (again)
2019-10-10 00:41:29,181 [IPC Server Responder] INFO  ipc.Server (Server.java:run(1314)) - IPC Server Responder: starting
2019-10-10 00:41:29,182 [IPC Server listener on 34259] INFO  ipc.Server (Server.java:run(1153)) - IPC Server listener on 34259: starting
2019-10-10 00:41:29,187 [main] INFO  hdfs.DFSUtil (DFSUtil.java:httpServerTemplateForNNAndJN(1641)) - Starting Web-server for ozoneManager at: http://0.0.0.0:0
2019-10-10 00:41:29,189 [main] INFO  server.AuthenticationFilter (AuthenticationFilter.java:constructSecretProvider(240)) - Unable to initialize FileSignerSecretProvider, falling back to use random secrets.
2019-10-10 00:41:29,189 [main] WARN  http.HttpRequestLog (HttpRequestLog.java:getRequestLog(97)) - Jetty request log can only be enabled using Log4j
2019-10-10 00:41:29,191 [main] INFO  http.HttpServer2 (HttpServer2.java:addGlobalFilter(975)) - Added global filter 'safety' (class=org.apache.hadoop.http.HttpServer2$QuotingInputFilter)
2019-10-10 00:41:29,192 [main] INFO  http.HttpServer2 (HttpServer2.java:addFilter(948)) - Added filter static_user_filter (class=org.apache.hadoop.http.lib.StaticUserWebFilter$StaticUserFilter) to context ozoneManager
2019-10-10 00:41:29,192 [main] INFO  http.HttpServer2 (HttpServer2.java:addFilter(958)) - Added filter static_user_filter (class=org.apache.hadoop.http.lib.StaticUserWebFilter$StaticUserFilter) to context static
2019-10-10 00:41:29,192 [main] INFO  http.HttpServer2 (HttpServer2.java:addFilter(958)) - Added filter static_user_filter (class=org.apache.hadoop.http.lib.StaticUserWebFilter$StaticUserFilter) to context logs
2019-10-10 00:41:29,193 [main] INFO  http.HttpServer2 (HttpServer2.java:bindListener(1191)) - Jetty bound to port 34934
2019-10-10 00:41:29,193 [main] INFO  server.Server (Server.java:doStart(351)) - jetty-9.3.25.v20180904, build timestamp: 2018-09-04T21:11:46Z, git hash: 3ce520221d0240229c862b122d2b06c12a625732
2019-10-10 00:41:29,195 [main] INFO  handler.ContextHandler (ContextHandler.java:doStart(781)) - Started o.e.j.s.ServletContextHandler@41e9f86{/logs,file:///workdir/hadoop-ozone/integration-test/target/log,AVAILABLE}
2019-10-10 00:41:29,196 [main] INFO  handler.ContextHandler (ContextHandler.java:doStart(781)) - Started o.e.j.s.ServletContextHandler@233f52f8{/static,file:///workdir/hadoop-ozone/integration-test/target/test-classes/webapps/static,AVAILABLE}
2019-10-10 00:41:29,200 [main] INFO  handler.ContextHandler (ContextHandler.java:doStart(781)) - Started o.e.j.w.WebAppContext@3a11c0eb{/,file:///workdir/hadoop-ozone/integration-test/target/test-classes/webapps/ozoneManager/,AVAILABLE}{/ozoneManager}
2019-10-10 00:41:29,200 [main] INFO  server.AbstractConnector (AbstractConnector.java:doStart(278)) - Started ServerConnector@3313d477{HTTP/1.1,[http/1.1]}{0.0.0.0:34934}
2019-10-10 00:41:29,202 [main] INFO  server.Server (Server.java:doStart(419)) - Started @232596ms
2019-10-10 00:41:29,202 [main] WARN  impl.MetricsSystemImpl (MetricsSystemImpl.java:register(276)) - Sink prometheus already exists!
2019-10-10 00:41:29,203 [main] INFO  server.BaseHttpServer (BaseHttpServer.java:updateConnectorAddress(215)) - HTTP server of OZONEMANAGER is listening at http://0.0.0.0:34934
2019-10-10 00:41:29,215 [main] INFO  impl.MetricsSystemImpl (MetricsSystemImpl.java:init(158)) - HddsDatanode metrics system started (again)
2019-10-10 00:41:29,218 [main] INFO  ozone.HddsDatanodeService (HddsDatanodeService.java:start(184)) - HddsDatanodeService host:pr-hdds-2181-sj4vp-878094216 ip:192.168.151.65
2019-10-10 00:41:29,223 [main] INFO  volume.HddsVolume (HddsVolume.java:<init>(176)) - Creating Volume: /workdir/hadoop-ozone/integration-test/target/test-dir/MiniOzoneClusterImpl-5064c2d2-feb5-4d54-999e-b61ab3625433/datanode-0/data/containers/hdds of  storage type : DISK and capacity : 1482555576320
2019-10-10 00:41:29,224 [main] INFO  volume.VolumeSet (VolumeSet.java:initializeVolumeSet(170)) - Added Volume : /workdir/hadoop-ozone/integration-test/target/test-dir/MiniOzoneClusterImpl-5064c2d2-feb5-4d54-999e-b61ab3625433/datanode-0/data/containers/hdds to VolumeSet
2019-10-10 00:41:29,224 [main] INFO  volume.ThrottledAsyncChecker (ThrottledAsyncChecker.java:schedule(141)) - Scheduling a check for org.apache.hadoop.ozone.container.common.volume.HddsVolume@1e6060f1
2019-10-10 00:41:29,225 [main] INFO  volume.HddsVolumeChecker (HddsVolumeChecker.java:checkAllVolumes(204)) - Scheduled health check for volume org.apache.hadoop.ozone.container.common.volume.HddsVolume@1e6060f1
2019-10-10 00:41:29,240 [main] INFO  impl.RaftServerProxy (ConfUtils.java:logGet(43)) - raft.rpc.type = GRPC (default)
2019-10-10 00:41:29,241 [main] INFO  grpc.GrpcFactory (GrpcFactory.java:checkPooledByteBufAllocatorUseCacheForAllThreads(45)) - PERFORMANCE WARNING: useCacheForAllThreads is true that may cause Netty to create a lot garbage objects and, as a result, trigger GC.
	It is recommended to disable useCacheForAllThreads by setting -Dorg.apache.ratis.thirdparty.io.netty.allocator.useCacheForAllThreads=false in command line.
2019-10-10 00:41:29,241 [main] INFO  grpc.GrpcConfigKeys$Server (ConfUtils.java:logGet(43)) - raft.grpc.server.port = 0 (default)
2019-10-10 00:41:29,241 [main] INFO  server.GrpcService (ConfUtils.java:logGet(43)) - raft.grpc.message.size.max = 33570816 (custom)
2019-10-10 00:41:29,241 [main] INFO  server.RaftServerConfigKeys (ConfUtils.java:logGet(43)) - raft.server.log.appender.buffer.byte-limit = 33554432 (custom)
2019-10-10 00:41:29,242 [main] INFO  server.GrpcService (ConfUtils.java:logGet(43)) - raft.grpc.flow.control.window = 1MB (=1048576) (default)
2019-10-10 00:41:29,242 [main] INFO  server.RaftServerConfigKeys (ConfUtils.java:logGet(43)) - raft.server.rpc.request.timeout = 3000ms (default)
2019-10-10 00:41:29,243 [main] INFO  server.RaftServerConfigKeys (ConfUtils.java:logGet(43)) - raft.server.storage.dir = [/workdir/hadoop-ozone/integration-test/target/test-dir/MiniOzoneClusterImpl-5064c2d2-feb5-4d54-999e-b61ab3625433/datanode-0/data/ratis] (custom)
2019-10-10 00:41:29,244 [main] INFO  hdfs.DFSUtil (DFSUtil.java:httpServerTemplateForNNAndJN(1641)) - Starting Web-server for hddsDatanode at: http://0.0.0.0:0
2019-10-10 00:41:29,245 [main] INFO  server.AuthenticationFilter (AuthenticationFilter.java:constructSecretProvider(240)) - Unable to initialize FileSignerSecretProvider, falling back to use random secrets.
2019-10-10 00:41:29,245 [main] WARN  http.HttpRequestLog (HttpRequestLog.java:getRequestLog(97)) - Jetty request log can only be enabled using Log4j
2019-10-10 00:41:29,247 [main] INFO  http.HttpServer2 (HttpServer2.java:addGlobalFilter(975)) - Added global filter 'safety' (class=org.apache.hadoop.http.HttpServer2$QuotingInputFilter)
2019-10-10 00:41:29,247 [main] INFO  http.HttpServer2 (HttpServer2.java:addFilter(948)) - Added filter static_user_filter (class=org.apache.hadoop.http.lib.StaticUserWebFilter$StaticUserFilter) to context hddsDatanode
2019-10-10 00:41:29,247 [main] INFO  http.HttpServer2 (HttpServer2.java:addFilter(958)) - Added filter static_user_filter (class=org.apache.hadoop.http.lib.StaticUserWebFilter$StaticUserFilter) to context logs
2019-10-10 00:41:29,247 [main] INFO  http.HttpServer2 (HttpServer2.java:addFilter(958)) - Added filter static_user_filter (class=org.apache.hadoop.http.lib.StaticUserWebFilter$StaticUserFilter) to context static
2019-10-10 00:41:29,248 [main] INFO  http.HttpServer2 (HttpServer2.java:bindListener(1191)) - Jetty bound to port 44173
2019-10-10 00:41:29,248 [main] INFO  server.Server (Server.java:doStart(351)) - jetty-9.3.25.v20180904, build timestamp: 2018-09-04T21:11:46Z, git hash: 3ce520221d0240229c862b122d2b06c12a625732
2019-10-10 00:41:29,249 [main] INFO  handler.ContextHandler (ContextHandler.java:doStart(781)) - Started o.e.j.s.ServletContextHandler@1a1f79ce{/logs,file:///workdir/hadoop-ozone/integration-test/target/log,AVAILABLE}
2019-10-10 00:41:29,250 [main] INFO  handler.ContextHandler (ContextHandler.java:doStart(781)) - Started o.e.j.s.ServletContextHandler@52abed9d{/static,jar:file:/home/user/.m2/repository/org/apache/hadoop/hadoop-hdds-container-service/0.5.0-SNAPSHOT/hadoop-hdds-container-service-0.5.0-SNAPSHOT.jar!/webapps/static,AVAILABLE}
2019-10-10 00:41:29,276 [main] INFO  handler.ContextHandler (ContextHandler.java:doStart(781)) - Started o.e.j.w.WebAppContext@38732364{/,file:///tmp/jetty-0.0.0.0-44173-hddsDatanode-_-any-5356857842552660906.dir/webapp/,AVAILABLE}{/hddsDatanode}
2019-10-10 00:41:29,277 [main] INFO  server.AbstractConnector (AbstractConnector.java:doStart(278)) - Started ServerConnector@7c70aae1{HTTP/1.1,[http/1.1]}{0.0.0.0:44173}
2019-10-10 00:41:29,278 [main] INFO  server.Server (Server.java:doStart(419)) - Started @232673ms
2019-10-10 00:41:29,278 [main] WARN  impl.MetricsSystemImpl (MetricsSystemImpl.java:register(276)) - Sink prometheus already exists!
2019-10-10 00:41:29,279 [main] INFO  server.BaseHttpServer (BaseHttpServer.java:updateConnectorAddress(215)) - HTTP server of HDDSDATANODE is listening at http://0.0.0.0:44173
2019-10-10 00:41:29,279 [main] INFO  impl.MetricsSystemImpl (MetricsSystemImpl.java:init(158)) - HddsDatanode metrics system started (again)
2019-10-10 00:41:29,283 [org.apache.hadoop.util.JvmPauseMonitor$Monitor@7aac19da] INFO  util.JvmPauseMonitor (JvmPauseMonitor.java:run(188)) - Starting JVM pause monitor
2019-10-10 00:41:29,283 [main] INFO  ozone.HddsDatanodeService (HddsDatanodeService.java:start(184)) - HddsDatanodeService host:pr-hdds-2181-sj4vp-878094216 ip:192.168.151.65
2019-10-10 00:41:29,285 [Datanode State Machine Thread - 0] INFO  datanode.InitDatanodeState (InitDatanodeState.java:persistContainerDatanodeDetails(140)) - DatanodeDetails is persisted to /workdir/hadoop-ozone/integration-test/target/test-dir/MiniOzoneClusterImpl-5064c2d2-feb5-4d54-999e-b61ab3625433/datanode-0/meta/datanode.id
2019-10-10 00:41:29,288 [main] INFO  volume.HddsVolume (HddsVolume.java:<init>(176)) - Creating Volume: /workdir/hadoop-ozone/integration-test/target/test-dir/MiniOzoneClusterImpl-5064c2d2-feb5-4d54-999e-b61ab3625433/datanode-1/data/containers/hdds of  storage type : DISK and capacity : 1482555576320
2019-10-10 00:41:29,288 [main] INFO  volume.VolumeSet (VolumeSet.java:initializeVolumeSet(170)) - Added Volume : /workdir/hadoop-ozone/integration-test/target/test-dir/MiniOzoneClusterImpl-5064c2d2-feb5-4d54-999e-b61ab3625433/datanode-1/data/containers/hdds to VolumeSet
2019-10-10 00:41:29,289 [main] INFO  volume.ThrottledAsyncChecker (ThrottledAsyncChecker.java:schedule(141)) - Scheduling a check for org.apache.hadoop.ozone.container.common.volume.HddsVolume@443a06ad
2019-10-10 00:41:29,289 [main] INFO  volume.HddsVolumeChecker (HddsVolumeChecker.java:checkAllVolumes(204)) - Scheduled health check for volume org.apache.hadoop.ozone.container.common.volume.HddsVolume@443a06ad
2019-10-10 00:41:29,304 [main] INFO  impl.RaftServerProxy (ConfUtils.java:logGet(43)) - raft.rpc.type = GRPC (default)
2019-10-10 00:41:29,304 [main] INFO  grpc.GrpcFactory (GrpcFactory.java:checkPooledByteBufAllocatorUseCacheForAllThreads(45)) - PERFORMANCE WARNING: useCacheForAllThreads is true that may cause Netty to create a lot garbage objects and, as a result, trigger GC.
	It is recommended to disable useCacheForAllThreads by setting -Dorg.apache.ratis.thirdparty.io.netty.allocator.useCacheForAllThreads=false in command line.
2019-10-10 00:41:29,305 [main] INFO  grpc.GrpcConfigKeys$Server (ConfUtils.java:logGet(43)) - raft.grpc.server.port = 0 (default)
2019-10-10 00:41:29,305 [main] INFO  server.GrpcService (ConfUtils.java:logGet(43)) - raft.grpc.message.size.max = 33570816 (custom)
2019-10-10 00:41:29,305 [main] INFO  server.RaftServerConfigKeys (ConfUtils.java:logGet(43)) - raft.server.log.appender.buffer.byte-limit = 33554432 (custom)
2019-10-10 00:41:29,305 [main] INFO  server.GrpcService (ConfUtils.java:logGet(43)) - raft.grpc.flow.control.window = 1MB (=1048576) (default)
2019-10-10 00:41:29,306 [main] INFO  server.RaftServerConfigKeys (ConfUtils.java:logGet(43)) - raft.server.rpc.request.timeout = 3000ms (default)
2019-10-10 00:41:29,306 [main] INFO  server.RaftServerConfigKeys (ConfUtils.java:logGet(43)) - raft.server.storage.dir = [/workdir/hadoop-ozone/integration-test/target/test-dir/MiniOzoneClusterImpl-5064c2d2-feb5-4d54-999e-b61ab3625433/datanode-1/data/ratis] (custom)
2019-10-10 00:41:29,307 [main] INFO  hdfs.DFSUtil (DFSUtil.java:httpServerTemplateForNNAndJN(1641)) - Starting Web-server for hddsDatanode at: http://0.0.0.0:0
2019-10-10 00:41:29,309 [main] INFO  server.AuthenticationFilter (AuthenticationFilter.java:constructSecretProvider(240)) - Unable to initialize FileSignerSecretProvider, falling back to use random secrets.
2019-10-10 00:41:29,309 [main] WARN  http.HttpRequestLog (HttpRequestLog.java:getRequestLog(97)) - Jetty request log can only be enabled using Log4j
2019-10-10 00:41:29,310 [main] INFO  http.HttpServer2 (HttpServer2.java:addGlobalFilter(975)) - Added global filter 'safety' (class=org.apache.hadoop.http.HttpServer2$QuotingInputFilter)
2019-10-10 00:41:29,311 [main] INFO  http.HttpServer2 (HttpServer2.java:addFilter(948)) - Added filter static_user_filter (class=org.apache.hadoop.http.lib.StaticUserWebFilter$StaticUserFilter) to context hddsDatanode
2019-10-10 00:41:29,311 [main] INFO  http.HttpServer2 (HttpServer2.java:addFilter(958)) - Added filter static_user_filter (class=org.apache.hadoop.http.lib.StaticUserWebFilter$StaticUserFilter) to context static
2019-10-10 00:41:29,311 [main] INFO  http.HttpServer2 (HttpServer2.java:addFilter(958)) - Added filter static_user_filter (class=org.apache.hadoop.http.lib.StaticUserWebFilter$StaticUserFilter) to context logs
2019-10-10 00:41:29,312 [main] INFO  http.HttpServer2 (HttpServer2.java:bindListener(1191)) - Jetty bound to port 41920
2019-10-10 00:41:29,312 [main] INFO  server.Server (Server.java:doStart(351)) - jetty-9.3.25.v20180904, build timestamp: 2018-09-04T21:11:46Z, git hash: 3ce520221d0240229c862b122d2b06c12a625732
2019-10-10 00:41:29,313 [main] INFO  handler.ContextHandler (ContextHandler.java:doStart(781)) - Started o.e.j.s.ServletContextHandler@5d194314{/logs,file:///workdir/hadoop-ozone/integration-test/target/log,AVAILABLE}
2019-10-10 00:41:29,313 [main] INFO  handler.ContextHandler (ContextHandler.java:doStart(781)) - Started o.e.j.s.ServletContextHandler@637c840d{/static,jar:file:/home/user/.m2/repository/org/apache/hadoop/hadoop-hdds-container-service/0.5.0-SNAPSHOT/hadoop-hdds-container-service-0.5.0-SNAPSHOT.jar!/webapps/static,AVAILABLE}
2019-10-10 00:41:29,340 [main] INFO  handler.ContextHandler (ContextHandler.java:doStart(781)) - Started o.e.j.w.WebAppContext@38ac8968{/,file:///tmp/jetty-0.0.0.0-41920-hddsDatanode-_-any-2060195718762875812.dir/webapp/,AVAILABLE}{/hddsDatanode}
2019-10-10 00:41:29,340 [main] INFO  server.AbstractConnector (AbstractConnector.java:doStart(278)) - Started ServerConnector@17ff8810{HTTP/1.1,[http/1.1]}{0.0.0.0:41920}
2019-10-10 00:41:29,341 [main] INFO  server.Server (Server.java:doStart(419)) - Started @232736ms
2019-10-10 00:41:29,342 [main] WARN  impl.MetricsSystemImpl (MetricsSystemImpl.java:register(276)) - Sink prometheus already exists!
2019-10-10 00:41:29,343 [main] INFO  server.BaseHttpServer (BaseHttpServer.java:updateConnectorAddress(215)) - HTTP server of HDDSDATANODE is listening at http://0.0.0.0:41920
2019-10-10 00:41:29,343 [main] INFO  impl.MetricsSystemImpl (MetricsSystemImpl.java:init(158)) - HddsDatanode metrics system started (again)
2019-10-10 00:41:29,347 [org.apache.hadoop.util.JvmPauseMonitor$Monitor@24a1767b] INFO  util.JvmPauseMonitor (JvmPauseMonitor.java:run(188)) - Starting JVM pause monitor
2019-10-10 00:41:29,348 [main] INFO  ozone.HddsDatanodeService (HddsDatanodeService.java:start(184)) - HddsDatanodeService host:pr-hdds-2181-sj4vp-878094216 ip:192.168.151.65
2019-10-10 00:41:29,348 [Datanode State Machine Thread - 0] INFO  datanode.InitDatanodeState (InitDatanodeState.java:persistContainerDatanodeDetails(140)) - DatanodeDetails is persisted to /workdir/hadoop-ozone/integration-test/target/test-dir/MiniOzoneClusterImpl-5064c2d2-feb5-4d54-999e-b61ab3625433/datanode-1/meta/datanode.id
2019-10-10 00:41:29,354 [main] INFO  volume.HddsVolume (HddsVolume.java:<init>(176)) - Creating Volume: /workdir/hadoop-ozone/integration-test/target/test-dir/MiniOzoneClusterImpl-5064c2d2-feb5-4d54-999e-b61ab3625433/datanode-2/data/containers/hdds of  storage type : DISK and capacity : 1482555576320
2019-10-10 00:41:29,354 [main] INFO  volume.VolumeSet (VolumeSet.java:initializeVolumeSet(170)) - Added Volume : /workdir/hadoop-ozone/integration-test/target/test-dir/MiniOzoneClusterImpl-5064c2d2-feb5-4d54-999e-b61ab3625433/datanode-2/data/containers/hdds to VolumeSet
2019-10-10 00:41:29,354 [main] INFO  volume.ThrottledAsyncChecker (ThrottledAsyncChecker.java:schedule(141)) - Scheduling a check for org.apache.hadoop.ozone.container.common.volume.HddsVolume@6de7778f
2019-10-10 00:41:29,354 [main] INFO  volume.HddsVolumeChecker (HddsVolumeChecker.java:checkAllVolumes(204)) - Scheduled health check for volume org.apache.hadoop.ozone.container.common.volume.HddsVolume@6de7778f
2019-10-10 00:41:29,366 [main] INFO  impl.RaftServerProxy (ConfUtils.java:logGet(43)) - raft.rpc.type = GRPC (default)
2019-10-10 00:41:29,366 [main] INFO  grpc.GrpcFactory (GrpcFactory.java:checkPooledByteBufAllocatorUseCacheForAllThreads(45)) - PERFORMANCE WARNING: useCacheForAllThreads is true that may cause Netty to create a lot garbage objects and, as a result, trigger GC.
	It is recommended to disable useCacheForAllThreads by setting -Dorg.apache.ratis.thirdparty.io.netty.allocator.useCacheForAllThreads=false in command line.
2019-10-10 00:41:29,366 [main] INFO  grpc.GrpcConfigKeys$Server (ConfUtils.java:logGet(43)) - raft.grpc.server.port = 0 (default)
2019-10-10 00:41:29,366 [main] INFO  server.GrpcService (ConfUtils.java:logGet(43)) - raft.grpc.message.size.max = 33570816 (custom)
2019-10-10 00:41:29,366 [main] INFO  server.RaftServerConfigKeys (ConfUtils.java:logGet(43)) - raft.server.log.appender.buffer.byte-limit = 33554432 (custom)
2019-10-10 00:41:29,366 [main] INFO  server.GrpcService (ConfUtils.java:logGet(43)) - raft.grpc.flow.control.window = 1MB (=1048576) (default)
2019-10-10 00:41:29,367 [main] INFO  server.RaftServerConfigKeys (ConfUtils.java:logGet(43)) - raft.server.rpc.request.timeout = 3000ms (default)
2019-10-10 00:41:29,367 [main] INFO  server.RaftServerConfigKeys (ConfUtils.java:logGet(43)) - raft.server.storage.dir = [/workdir/hadoop-ozone/integration-test/target/test-dir/MiniOzoneClusterImpl-5064c2d2-feb5-4d54-999e-b61ab3625433/datanode-2/data/ratis] (custom)
2019-10-10 00:41:29,368 [main] INFO  hdfs.DFSUtil (DFSUtil.java:httpServerTemplateForNNAndJN(1641)) - Starting Web-server for hddsDatanode at: http://0.0.0.0:0
2019-10-10 00:41:29,369 [main] INFO  server.AuthenticationFilter (AuthenticationFilter.java:constructSecretProvider(240)) - Unable to initialize FileSignerSecretProvider, falling back to use random secrets.
2019-10-10 00:41:29,370 [main] WARN  http.HttpRequestLog (HttpRequestLog.java:getRequestLog(97)) - Jetty request log can only be enabled using Log4j
2019-10-10 00:41:29,371 [main] INFO  http.HttpServer2 (HttpServer2.java:addGlobalFilter(975)) - Added global filter 'safety' (class=org.apache.hadoop.http.HttpServer2$QuotingInputFilter)
2019-10-10 00:41:29,371 [main] INFO  http.HttpServer2 (HttpServer2.java:addFilter(948)) - Added filter static_user_filter (class=org.apache.hadoop.http.lib.StaticUserWebFilter$StaticUserFilter) to context hddsDatanode
2019-10-10 00:41:29,371 [main] INFO  http.HttpServer2 (HttpServer2.java:addFilter(958)) - Added filter static_user_filter (class=org.apache.hadoop.http.lib.StaticUserWebFilter$StaticUserFilter) to context static
2019-10-10 00:41:29,371 [main] INFO  http.HttpServer2 (HttpServer2.java:addFilter(958)) - Added filter static_user_filter (class=org.apache.hadoop.http.lib.StaticUserWebFilter$StaticUserFilter) to context logs
2019-10-10 00:41:29,372 [main] INFO  http.HttpServer2 (HttpServer2.java:bindListener(1191)) - Jetty bound to port 39794
2019-10-10 00:41:29,372 [main] INFO  server.Server (Server.java:doStart(351)) - jetty-9.3.25.v20180904, build timestamp: 2018-09-04T21:11:46Z, git hash: 3ce520221d0240229c862b122d2b06c12a625732
2019-10-10 00:41:29,373 [main] INFO  handler.ContextHandler (ContextHandler.java:doStart(781)) - Started o.e.j.s.ServletContextHandler@3dfd6220{/logs,file:///workdir/hadoop-ozone/integration-test/target/log,AVAILABLE}
2019-10-10 00:41:29,374 [main] INFO  handler.ContextHandler (ContextHandler.java:doStart(781)) - Started o.e.j.s.ServletContextHandler@6de43bc1{/static,jar:file:/home/user/.m2/repository/org/apache/hadoop/hadoop-hdds-container-service/0.5.0-SNAPSHOT/hadoop-hdds-container-service-0.5.0-SNAPSHOT.jar!/webapps/static,AVAILABLE}
2019-10-10 00:41:29,400 [main] INFO  handler.ContextHandler (ContextHandler.java:doStart(781)) - Started o.e.j.w.WebAppContext@5a592c70{/,file:///tmp/jetty-0.0.0.0-39794-hddsDatanode-_-any-349436243401014018.dir/webapp/,AVAILABLE}{/hddsDatanode}
2019-10-10 00:41:29,400 [main] INFO  server.AbstractConnector (AbstractConnector.java:doStart(278)) - Started ServerConnector@252ec02e{HTTP/1.1,[http/1.1]}{0.0.0.0:39794}
2019-10-10 00:41:29,400 [main] INFO  server.Server (Server.java:doStart(419)) - Started @232795ms
2019-10-10 00:41:29,402 [main] WARN  impl.MetricsSystemImpl (MetricsSystemImpl.java:register(276)) - Sink prometheus already exists!
2019-10-10 00:41:29,403 [main] INFO  server.BaseHttpServer (BaseHttpServer.java:updateConnectorAddress(215)) - HTTP server of HDDSDATANODE is listening at http://0.0.0.0:39794
2019-10-10 00:41:29,403 [main] INFO  impl.MetricsSystemImpl (MetricsSystemImpl.java:init(158)) - HddsDatanode metrics system started (again)
2019-10-10 00:41:29,406 [org.apache.hadoop.util.JvmPauseMonitor$Monitor@6e5ebdc0] INFO  util.JvmPauseMonitor (JvmPauseMonitor.java:run(188)) - Starting JVM pause monitor
2019-10-10 00:41:29,407 [main] INFO  ozone.HddsDatanodeService (HddsDatanodeService.java:start(184)) - HddsDatanodeService host:pr-hdds-2181-sj4vp-878094216 ip:192.168.151.65
2019-10-10 00:41:29,408 [Datanode State Machine Thread - 0] INFO  datanode.InitDatanodeState (InitDatanodeState.java:persistContainerDatanodeDetails(140)) - DatanodeDetails is persisted to /workdir/hadoop-ozone/integration-test/target/test-dir/MiniOzoneClusterImpl-5064c2d2-feb5-4d54-999e-b61ab3625433/datanode-2/meta/datanode.id
2019-10-10 00:41:29,412 [main] INFO  volume.HddsVolume (HddsVolume.java:<init>(176)) - Creating Volume: /workdir/hadoop-ozone/integration-test/target/test-dir/MiniOzoneClusterImpl-5064c2d2-feb5-4d54-999e-b61ab3625433/datanode-3/data/containers/hdds of  storage type : DISK and capacity : 1482555576320
2019-10-10 00:41:29,413 [main] INFO  volume.VolumeSet (VolumeSet.java:initializeVolumeSet(170)) - Added Volume : /workdir/hadoop-ozone/integration-test/target/test-dir/MiniOzoneClusterImpl-5064c2d2-feb5-4d54-999e-b61ab3625433/datanode-3/data/containers/hdds to VolumeSet
2019-10-10 00:41:29,413 [main] INFO  volume.ThrottledAsyncChecker (ThrottledAsyncChecker.java:schedule(141)) - Scheduling a check for org.apache.hadoop.ozone.container.common.volume.HddsVolume@3e6ec74
2019-10-10 00:41:29,413 [main] INFO  volume.HddsVolumeChecker (HddsVolumeChecker.java:checkAllVolumes(204)) - Scheduled health check for volume org.apache.hadoop.ozone.container.common.volume.HddsVolume@3e6ec74
2019-10-10 00:41:29,424 [main] INFO  impl.RaftServerProxy (ConfUtils.java:logGet(43)) - raft.rpc.type = GRPC (default)
2019-10-10 00:41:29,425 [main] INFO  grpc.GrpcFactory (GrpcFactory.java:checkPooledByteBufAllocatorUseCacheForAllThreads(45)) - PERFORMANCE WARNING: useCacheForAllThreads is true that may cause Netty to create a lot garbage objects and, as a result, trigger GC.
	It is recommended to disable useCacheForAllThreads by setting -Dorg.apache.ratis.thirdparty.io.netty.allocator.useCacheForAllThreads=false in command line.
2019-10-10 00:41:29,425 [main] INFO  grpc.GrpcConfigKeys$Server (ConfUtils.java:logGet(43)) - raft.grpc.server.port = 0 (default)
2019-10-10 00:41:29,425 [main] INFO  server.GrpcService (ConfUtils.java:logGet(43)) - raft.grpc.message.size.max = 33570816 (custom)
2019-10-10 00:41:29,425 [main] INFO  server.RaftServerConfigKeys (ConfUtils.java:logGet(43)) - raft.server.log.appender.buffer.byte-limit = 33554432 (custom)
2019-10-10 00:41:29,425 [main] INFO  server.GrpcService (ConfUtils.java:logGet(43)) - raft.grpc.flow.control.window = 1MB (=1048576) (default)
2019-10-10 00:41:29,425 [main] INFO  server.RaftServerConfigKeys (ConfUtils.java:logGet(43)) - raft.server.rpc.request.timeout = 3000ms (default)
2019-10-10 00:41:29,426 [main] INFO  server.RaftServerConfigKeys (ConfUtils.java:logGet(43)) - raft.server.storage.dir = [/workdir/hadoop-ozone/integration-test/target/test-dir/MiniOzoneClusterImpl-5064c2d2-feb5-4d54-999e-b61ab3625433/datanode-3/data/ratis] (custom)
2019-10-10 00:41:29,427 [main] INFO  hdfs.DFSUtil (DFSUtil.java:httpServerTemplateForNNAndJN(1641)) - Starting Web-server for hddsDatanode at: http://0.0.0.0:0
2019-10-10 00:41:29,428 [main] INFO  server.AuthenticationFilter (AuthenticationFilter.java:constructSecretProvider(240)) - Unable to initialize FileSignerSecretProvider, falling back to use random secrets.
2019-10-10 00:41:29,428 [main] WARN  http.HttpRequestLog (HttpRequestLog.java:getRequestLog(97)) - Jetty request log can only be enabled using Log4j
2019-10-10 00:41:29,429 [main] INFO  http.HttpServer2 (HttpServer2.java:addGlobalFilter(975)) - Added global filter 'safety' (class=org.apache.hadoop.http.HttpServer2$QuotingInputFilter)
2019-10-10 00:41:29,430 [main] INFO  http.HttpServer2 (HttpServer2.java:addFilter(948)) - Added filter static_user_filter (class=org.apache.hadoop.http.lib.StaticUserWebFilter$StaticUserFilter) to context hddsDatanode
2019-10-10 00:41:29,430 [main] INFO  http.HttpServer2 (HttpServer2.java:addFilter(958)) - Added filter static_user_filter (class=org.apache.hadoop.http.lib.StaticUserWebFilter$StaticUserFilter) to context static
2019-10-10 00:41:29,430 [main] INFO  http.HttpServer2 (HttpServer2.java:addFilter(958)) - Added filter static_user_filter (class=org.apache.hadoop.http.lib.StaticUserWebFilter$StaticUserFilter) to context logs
2019-10-10 00:41:29,431 [main] INFO  http.HttpServer2 (HttpServer2.java:bindListener(1191)) - Jetty bound to port 38505
2019-10-10 00:41:29,431 [main] INFO  server.Server (Server.java:doStart(351)) - jetty-9.3.25.v20180904, build timestamp: 2018-09-04T21:11:46Z, git hash: 3ce520221d0240229c862b122d2b06c12a625732
2019-10-10 00:41:29,432 [main] INFO  handler.ContextHandler (ContextHandler.java:doStart(781)) - Started o.e.j.s.ServletContextHandler@5785e813{/logs,file:///workdir/hadoop-ozone/integration-test/target/log,AVAILABLE}
2019-10-10 00:41:29,432 [main] INFO  handler.ContextHandler (ContextHandler.java:doStart(781)) - Started o.e.j.s.ServletContextHandler@6d294ddc{/static,jar:file:/home/user/.m2/repository/org/apache/hadoop/hadoop-hdds-container-service/0.5.0-SNAPSHOT/hadoop-hdds-container-service-0.5.0-SNAPSHOT.jar!/webapps/static,AVAILABLE}
2019-10-10 00:41:29,459 [main] INFO  handler.ContextHandler (ContextHandler.java:doStart(781)) - Started o.e.j.w.WebAppContext@5111de7c{/,file:///tmp/jetty-0.0.0.0-38505-hddsDatanode-_-any-308228989319543564.dir/webapp/,AVAILABLE}{/hddsDatanode}
2019-10-10 00:41:29,459 [main] INFO  server.AbstractConnector (AbstractConnector.java:doStart(278)) - Started ServerConnector@7ac48e10{HTTP/1.1,[http/1.1]}{0.0.0.0:38505}
2019-10-10 00:41:29,460 [main] INFO  server.Server (Server.java:doStart(419)) - Started @232855ms
2019-10-10 00:41:29,461 [main] WARN  impl.MetricsSystemImpl (MetricsSystemImpl.java:register(276)) - Sink prometheus already exists!
2019-10-10 00:41:29,461 [main] INFO  server.BaseHttpServer (BaseHttpServer.java:updateConnectorAddress(215)) - HTTP server of HDDSDATANODE is listening at http://0.0.0.0:38505
2019-10-10 00:41:29,462 [main] INFO  impl.MetricsSystemImpl (MetricsSystemImpl.java:init(158)) - HddsDatanode metrics system started (again)
2019-10-10 00:41:29,466 [main] INFO  ozone.HddsDatanodeService (HddsDatanodeService.java:start(184)) - HddsDatanodeService host:pr-hdds-2181-sj4vp-878094216 ip:192.168.151.65
2019-10-10 00:41:29,466 [org.apache.hadoop.util.JvmPauseMonitor$Monitor@58cba0b2] INFO  util.JvmPauseMonitor (JvmPauseMonitor.java:run(188)) - Starting JVM pause monitor
2019-10-10 00:41:29,467 [Datanode State Machine Thread - 0] INFO  datanode.InitDatanodeState (InitDatanodeState.java:persistContainerDatanodeDetails(140)) - DatanodeDetails is persisted to /workdir/hadoop-ozone/integration-test/target/test-dir/MiniOzoneClusterImpl-5064c2d2-feb5-4d54-999e-b61ab3625433/datanode-3/meta/datanode.id
2019-10-10 00:41:29,471 [main] INFO  volume.HddsVolume (HddsVolume.java:<init>(176)) - Creating Volume: /workdir/hadoop-ozone/integration-test/target/test-dir/MiniOzoneClusterImpl-5064c2d2-feb5-4d54-999e-b61ab3625433/datanode-4/data/containers/hdds of  storage type : DISK and capacity : 1482555576320
2019-10-10 00:41:29,471 [main] INFO  volume.VolumeSet (VolumeSet.java:initializeVolumeSet(170)) - Added Volume : /workdir/hadoop-ozone/integration-test/target/test-dir/MiniOzoneClusterImpl-5064c2d2-feb5-4d54-999e-b61ab3625433/datanode-4/data/containers/hdds to VolumeSet
2019-10-10 00:41:29,472 [main] INFO  volume.ThrottledAsyncChecker (ThrottledAsyncChecker.java:schedule(141)) - Scheduling a check for org.apache.hadoop.ozone.container.common.volume.HddsVolume@7a0ab480
2019-10-10 00:41:29,472 [main] INFO  volume.HddsVolumeChecker (HddsVolumeChecker.java:checkAllVolumes(204)) - Scheduled health check for volume org.apache.hadoop.ozone.container.common.volume.HddsVolume@7a0ab480
2019-10-10 00:41:29,484 [main] INFO  impl.RaftServerProxy (ConfUtils.java:logGet(43)) - raft.rpc.type = GRPC (default)
2019-10-10 00:41:29,484 [main] INFO  grpc.GrpcFactory (GrpcFactory.java:checkPooledByteBufAllocatorUseCacheForAllThreads(45)) - PERFORMANCE WARNING: useCacheForAllThreads is true that may cause Netty to create a lot garbage objects and, as a result, trigger GC.
	It is recommended to disable useCacheForAllThreads by setting -Dorg.apache.ratis.thirdparty.io.netty.allocator.useCacheForAllThreads=false in command line.
2019-10-10 00:41:29,484 [main] INFO  grpc.GrpcConfigKeys$Server (ConfUtils.java:logGet(43)) - raft.grpc.server.port = 0 (default)
2019-10-10 00:41:29,484 [main] INFO  server.GrpcService (ConfUtils.java:logGet(43)) - raft.grpc.message.size.max = 33570816 (custom)
2019-10-10 00:41:29,484 [main] INFO  server.RaftServerConfigKeys (ConfUtils.java:logGet(43)) - raft.server.log.appender.buffer.byte-limit = 33554432 (custom)
2019-10-10 00:41:29,485 [main] INFO  server.GrpcService (ConfUtils.java:logGet(43)) - raft.grpc.flow.control.window = 1MB (=1048576) (default)
2019-10-10 00:41:29,485 [main] INFO  server.RaftServerConfigKeys (ConfUtils.java:logGet(43)) - raft.server.rpc.request.timeout = 3000ms (default)
2019-10-10 00:41:29,485 [main] INFO  server.RaftServerConfigKeys (ConfUtils.java:logGet(43)) - raft.server.storage.dir = [/workdir/hadoop-ozone/integration-test/target/test-dir/MiniOzoneClusterImpl-5064c2d2-feb5-4d54-999e-b61ab3625433/datanode-4/data/ratis] (custom)
2019-10-10 00:41:29,486 [main] INFO  hdfs.DFSUtil (DFSUtil.java:httpServerTemplateForNNAndJN(1641)) - Starting Web-server for hddsDatanode at: http://0.0.0.0:0
2019-10-10 00:41:29,487 [main] INFO  server.AuthenticationFilter (AuthenticationFilter.java:constructSecretProvider(240)) - Unable to initialize FileSignerSecretProvider, falling back to use random secrets.
2019-10-10 00:41:29,488 [main] WARN  http.HttpRequestLog (HttpRequestLog.java:getRequestLog(97)) - Jetty request log can only be enabled using Log4j
2019-10-10 00:41:29,489 [main] INFO  http.HttpServer2 (HttpServer2.java:addGlobalFilter(975)) - Added global filter 'safety' (class=org.apache.hadoop.http.HttpServer2$QuotingInputFilter)
2019-10-10 00:41:29,490 [main] INFO  http.HttpServer2 (HttpServer2.java:addFilter(948)) - Added filter static_user_filter (class=org.apache.hadoop.http.lib.StaticUserWebFilter$StaticUserFilter) to context hddsDatanode
2019-10-10 00:41:29,490 [main] INFO  http.HttpServer2 (HttpServer2.java:addFilter(958)) - Added filter static_user_filter (class=org.apache.hadoop.http.lib.StaticUserWebFilter$StaticUserFilter) to context static
2019-10-10 00:41:29,490 [main] INFO  http.HttpServer2 (HttpServer2.java:addFilter(958)) - Added filter static_user_filter (class=org.apache.hadoop.http.lib.StaticUserWebFilter$StaticUserFilter) to context logs
2019-10-10 00:41:29,490 [main] INFO  http.HttpServer2 (HttpServer2.java:bindListener(1191)) - Jetty bound to port 36705
2019-10-10 00:41:29,490 [main] INFO  server.Server (Server.java:doStart(351)) - jetty-9.3.25.v20180904, build timestamp: 2018-09-04T21:11:46Z, git hash: 3ce520221d0240229c862b122d2b06c12a625732
2019-10-10 00:41:29,492 [main] INFO  handler.ContextHandler (ContextHandler.java:doStart(781)) - Started o.e.j.s.ServletContextHandler@2b43f314{/logs,file:///workdir/hadoop-ozone/integration-test/target/log,AVAILABLE}
2019-10-10 00:41:29,492 [main] INFO  handler.ContextHandler (ContextHandler.java:doStart(781)) - Started o.e.j.s.ServletContextHandler@4f3356c0{/static,jar:file:/home/user/.m2/repository/org/apache/hadoop/hadoop-hdds-container-service/0.5.0-SNAPSHOT/hadoop-hdds-container-service-0.5.0-SNAPSHOT.jar!/webapps/static,AVAILABLE}
2019-10-10 00:41:29,518 [main] INFO  handler.ContextHandler (ContextHandler.java:doStart(781)) - Started o.e.j.w.WebAppContext@36c07c75{/,file:///tmp/jetty-0.0.0.0-36705-hddsDatanode-_-any-562280780929907062.dir/webapp/,AVAILABLE}{/hddsDatanode}
2019-10-10 00:41:29,519 [main] INFO  server.AbstractConnector (AbstractConnector.java:doStart(278)) - Started ServerConnector@6750e381{HTTP/1.1,[http/1.1]}{0.0.0.0:36705}
2019-10-10 00:41:29,520 [main] INFO  server.Server (Server.java:doStart(419)) - Started @232915ms
2019-10-10 00:41:29,520 [main] WARN  impl.MetricsSystemImpl (MetricsSystemImpl.java:register(276)) - Sink prometheus already exists!
2019-10-10 00:41:29,521 [main] INFO  server.BaseHttpServer (BaseHttpServer.java:updateConnectorAddress(215)) - HTTP server of HDDSDATANODE is listening at http://0.0.0.0:36705
2019-10-10 00:41:29,521 [main] INFO  impl.MetricsSystemImpl (MetricsSystemImpl.java:init(158)) - HddsDatanode metrics system started (again)
2019-10-10 00:41:29,525 [org.apache.hadoop.util.JvmPauseMonitor$Monitor@69f87f5c] INFO  util.JvmPauseMonitor (JvmPauseMonitor.java:run(188)) - Starting JVM pause monitor
2019-10-10 00:41:29,526 [main] INFO  ozone.HddsDatanodeService (HddsDatanodeService.java:start(184)) - HddsDatanodeService host:pr-hdds-2181-sj4vp-878094216 ip:192.168.151.65
2019-10-10 00:41:29,526 [Datanode State Machine Thread - 0] INFO  datanode.InitDatanodeState (InitDatanodeState.java:persistContainerDatanodeDetails(140)) - DatanodeDetails is persisted to /workdir/hadoop-ozone/integration-test/target/test-dir/MiniOzoneClusterImpl-5064c2d2-feb5-4d54-999e-b61ab3625433/datanode-4/meta/datanode.id
2019-10-10 00:41:29,531 [main] INFO  volume.HddsVolume (HddsVolume.java:<init>(176)) - Creating Volume: /workdir/hadoop-ozone/integration-test/target/test-dir/MiniOzoneClusterImpl-5064c2d2-feb5-4d54-999e-b61ab3625433/datanode-5/data/containers/hdds of  storage type : DISK and capacity : 1482555576320
2019-10-10 00:41:29,531 [main] INFO  volume.VolumeSet (VolumeSet.java:initializeVolumeSet(170)) - Added Volume : /workdir/hadoop-ozone/integration-test/target/test-dir/MiniOzoneClusterImpl-5064c2d2-feb5-4d54-999e-b61ab3625433/datanode-5/data/containers/hdds to VolumeSet
2019-10-10 00:41:29,531 [main] INFO  volume.ThrottledAsyncChecker (ThrottledAsyncChecker.java:schedule(141)) - Scheduling a check for org.apache.hadoop.ozone.container.common.volume.HddsVolume@6b4a4e40
2019-10-10 00:41:29,531 [main] INFO  volume.HddsVolumeChecker (HddsVolumeChecker.java:checkAllVolumes(204)) - Scheduled health check for volume org.apache.hadoop.ozone.container.common.volume.HddsVolume@6b4a4e40
2019-10-10 00:41:29,543 [main] INFO  impl.RaftServerProxy (ConfUtils.java:logGet(43)) - raft.rpc.type = GRPC (default)
2019-10-10 00:41:29,543 [main] INFO  grpc.GrpcFactory (GrpcFactory.java:checkPooledByteBufAllocatorUseCacheForAllThreads(45)) - PERFORMANCE WARNING: useCacheForAllThreads is true that may cause Netty to create a lot garbage objects and, as a result, trigger GC.
	It is recommended to disable useCacheForAllThreads by setting -Dorg.apache.ratis.thirdparty.io.netty.allocator.useCacheForAllThreads=false in command line.
2019-10-10 00:41:29,543 [main] INFO  grpc.GrpcConfigKeys$Server (ConfUtils.java:logGet(43)) - raft.grpc.server.port = 0 (default)
2019-10-10 00:41:29,543 [main] INFO  server.GrpcService (ConfUtils.java:logGet(43)) - raft.grpc.message.size.max = 33570816 (custom)
2019-10-10 00:41:29,543 [main] INFO  server.RaftServerConfigKeys (ConfUtils.java:logGet(43)) - raft.server.log.appender.buffer.byte-limit = 33554432 (custom)
2019-10-10 00:41:29,543 [main] INFO  server.GrpcService (ConfUtils.java:logGet(43)) - raft.grpc.flow.control.window = 1MB (=1048576) (default)
2019-10-10 00:41:29,544 [main] INFO  server.RaftServerConfigKeys (ConfUtils.java:logGet(43)) - raft.server.rpc.request.timeout = 3000ms (default)
2019-10-10 00:41:29,544 [main] INFO  server.RaftServerConfigKeys (ConfUtils.java:logGet(43)) - raft.server.storage.dir = [/workdir/hadoop-ozone/integration-test/target/test-dir/MiniOzoneClusterImpl-5064c2d2-feb5-4d54-999e-b61ab3625433/datanode-5/data/ratis] (custom)
2019-10-10 00:41:29,545 [main] INFO  hdfs.DFSUtil (DFSUtil.java:httpServerTemplateForNNAndJN(1641)) - Starting Web-server for hddsDatanode at: http://0.0.0.0:0
2019-10-10 00:41:29,547 [main] INFO  server.AuthenticationFilter (AuthenticationFilter.java:constructSecretProvider(240)) - Unable to initialize FileSignerSecretProvider, falling back to use random secrets.
2019-10-10 00:41:29,547 [main] WARN  http.HttpRequestLog (HttpRequestLog.java:getRequestLog(97)) - Jetty request log can only be enabled using Log4j
2019-10-10 00:41:29,549 [main] INFO  http.HttpServer2 (HttpServer2.java:addGlobalFilter(975)) - Added global filter 'safety' (class=org.apache.hadoop.http.HttpServer2$QuotingInputFilter)
2019-10-10 00:41:29,550 [main] INFO  http.HttpServer2 (HttpServer2.java:addFilter(948)) - Added filter static_user_filter (class=org.apache.hadoop.http.lib.StaticUserWebFilter$StaticUserFilter) to context hddsDatanode
2019-10-10 00:41:29,550 [main] INFO  http.HttpServer2 (HttpServer2.java:addFilter(958)) - Added filter static_user_filter (class=org.apache.hadoop.http.lib.StaticUserWebFilter$StaticUserFilter) to context static
2019-10-10 00:41:29,550 [main] INFO  http.HttpServer2 (HttpServer2.java:addFilter(958)) - Added filter static_user_filter (class=org.apache.hadoop.http.lib.StaticUserWebFilter$StaticUserFilter) to context logs
2019-10-10 00:41:29,551 [main] INFO  http.HttpServer2 (HttpServer2.java:bindListener(1191)) - Jetty bound to port 38976
2019-10-10 00:41:29,551 [main] INFO  server.Server (Server.java:doStart(351)) - jetty-9.3.25.v20180904, build timestamp: 2018-09-04T21:11:46Z, git hash: 3ce520221d0240229c862b122d2b06c12a625732
2019-10-10 00:41:29,553 [main] INFO  handler.ContextHandler (ContextHandler.java:doStart(781)) - Started o.e.j.s.ServletContextHandler@5bb8e6fc{/logs,file:///workdir/hadoop-ozone/integration-test/target/log,AVAILABLE}
2019-10-10 00:41:29,553 [main] INFO  handler.ContextHandler (ContextHandler.java:doStart(781)) - Started o.e.j.s.ServletContextHandler@72c9ebfa{/static,jar:file:/home/user/.m2/repository/org/apache/hadoop/hadoop-hdds-container-service/0.5.0-SNAPSHOT/hadoop-hdds-container-service-0.5.0-SNAPSHOT.jar!/webapps/static,AVAILABLE}
2019-10-10 00:41:29,590 [main] INFO  handler.ContextHandler (ContextHandler.java:doStart(781)) - Started o.e.j.w.WebAppContext@52ecc989{/,file:///tmp/jetty-0.0.0.0-38976-hddsDatanode-_-any-2298363568252913236.dir/webapp/,AVAILABLE}{/hddsDatanode}
2019-10-10 00:41:29,591 [main] INFO  server.AbstractConnector (AbstractConnector.java:doStart(278)) - Started ServerConnector@756808cc{HTTP/1.1,[http/1.1]}{0.0.0.0:38976}
2019-10-10 00:41:29,593 [main] INFO  server.Server (Server.java:doStart(419)) - Started @232987ms
2019-10-10 00:41:29,593 [main] WARN  impl.MetricsSystemImpl (MetricsSystemImpl.java:register(276)) - Sink prometheus already exists!
2019-10-10 00:41:29,594 [main] INFO  server.BaseHttpServer (BaseHttpServer.java:updateConnectorAddress(215)) - HTTP server of HDDSDATANODE is listening at http://0.0.0.0:38976
2019-10-10 00:41:29,594 [main] INFO  impl.MetricsSystemImpl (MetricsSystemImpl.java:init(158)) - HddsDatanode metrics system started (again)
2019-10-10 00:41:29,599 [org.apache.hadoop.util.JvmPauseMonitor$Monitor@bbfa8e6] INFO  util.JvmPauseMonitor (JvmPauseMonitor.java:run(188)) - Starting JVM pause monitor
2019-10-10 00:41:29,600 [Datanode State Machine Thread - 0] INFO  datanode.InitDatanodeState (InitDatanodeState.java:persistContainerDatanodeDetails(140)) - DatanodeDetails is persisted to /workdir/hadoop-ozone/integration-test/target/test-dir/MiniOzoneClusterImpl-5064c2d2-feb5-4d54-999e-b61ab3625433/datanode-5/meta/datanode.id
2019-10-10 00:41:29,600 [main] INFO  ozone.HddsDatanodeService (HddsDatanodeService.java:start(184)) - HddsDatanodeService host:pr-hdds-2181-sj4vp-878094216 ip:192.168.151.65
2019-10-10 00:41:29,605 [main] INFO  volume.HddsVolume (HddsVolume.java:<init>(176)) - Creating Volume: /workdir/hadoop-ozone/integration-test/target/test-dir/MiniOzoneClusterImpl-5064c2d2-feb5-4d54-999e-b61ab3625433/datanode-6/data/containers/hdds of  storage type : DISK and capacity : 1482555576320
2019-10-10 00:41:29,605 [main] INFO  volume.VolumeSet (VolumeSet.java:initializeVolumeSet(170)) - Added Volume : /workdir/hadoop-ozone/integration-test/target/test-dir/MiniOzoneClusterImpl-5064c2d2-feb5-4d54-999e-b61ab3625433/datanode-6/data/containers/hdds to VolumeSet
2019-10-10 00:41:29,605 [main] INFO  volume.ThrottledAsyncChecker (ThrottledAsyncChecker.java:schedule(141)) - Scheduling a check for org.apache.hadoop.ozone.container.common.volume.HddsVolume@238291d4
2019-10-10 00:41:29,605 [main] INFO  volume.HddsVolumeChecker (HddsVolumeChecker.java:checkAllVolumes(204)) - Scheduled health check for volume org.apache.hadoop.ozone.container.common.volume.HddsVolume@238291d4
2019-10-10 00:41:29,617 [main] INFO  impl.RaftServerProxy (ConfUtils.java:logGet(43)) - raft.rpc.type = GRPC (default)
2019-10-10 00:41:29,617 [main] INFO  grpc.GrpcFactory (GrpcFactory.java:checkPooledByteBufAllocatorUseCacheForAllThreads(45)) - PERFORMANCE WARNING: useCacheForAllThreads is true that may cause Netty to create a lot garbage objects and, as a result, trigger GC.
	It is recommended to disable useCacheForAllThreads by setting -Dorg.apache.ratis.thirdparty.io.netty.allocator.useCacheForAllThreads=false in command line.
2019-10-10 00:41:29,617 [main] INFO  grpc.GrpcConfigKeys$Server (ConfUtils.java:logGet(43)) - raft.grpc.server.port = 0 (default)
2019-10-10 00:41:29,618 [main] INFO  server.GrpcService (ConfUtils.java:logGet(43)) - raft.grpc.message.size.max = 33570816 (custom)
2019-10-10 00:41:29,618 [main] INFO  server.RaftServerConfigKeys (ConfUtils.java:logGet(43)) - raft.server.log.appender.buffer.byte-limit = 33554432 (custom)
2019-10-10 00:41:29,618 [main] INFO  server.GrpcService (ConfUtils.java:logGet(43)) - raft.grpc.flow.control.window = 1MB (=1048576) (default)
2019-10-10 00:41:29,618 [main] INFO  server.RaftServerConfigKeys (ConfUtils.java:logGet(43)) - raft.server.rpc.request.timeout = 3000ms (default)
2019-10-10 00:41:29,618 [main] INFO  server.RaftServerConfigKeys (ConfUtils.java:logGet(43)) - raft.server.storage.dir = [/workdir/hadoop-ozone/integration-test/target/test-dir/MiniOzoneClusterImpl-5064c2d2-feb5-4d54-999e-b61ab3625433/datanode-6/data/ratis] (custom)
2019-10-10 00:41:29,620 [main] INFO  hdfs.DFSUtil (DFSUtil.java:httpServerTemplateForNNAndJN(1641)) - Starting Web-server for hddsDatanode at: http://0.0.0.0:0
2019-10-10 00:41:29,621 [main] INFO  server.AuthenticationFilter (AuthenticationFilter.java:constructSecretProvider(240)) - Unable to initialize FileSignerSecretProvider, falling back to use random secrets.
2019-10-10 00:41:29,621 [main] WARN  http.HttpRequestLog (HttpRequestLog.java:getRequestLog(97)) - Jetty request log can only be enabled using Log4j
2019-10-10 00:41:29,622 [main] INFO  http.HttpServer2 (HttpServer2.java:addGlobalFilter(975)) - Added global filter 'safety' (class=org.apache.hadoop.http.HttpServer2$QuotingInputFilter)
2019-10-10 00:41:29,623 [main] INFO  http.HttpServer2 (HttpServer2.java:addFilter(948)) - Added filter static_user_filter (class=org.apache.hadoop.http.lib.StaticUserWebFilter$StaticUserFilter) to context hddsDatanode
2019-10-10 00:41:29,623 [main] INFO  http.HttpServer2 (HttpServer2.java:addFilter(958)) - Added filter static_user_filter (class=org.apache.hadoop.http.lib.StaticUserWebFilter$StaticUserFilter) to context static
2019-10-10 00:41:29,623 [main] INFO  http.HttpServer2 (HttpServer2.java:addFilter(958)) - Added filter static_user_filter (class=org.apache.hadoop.http.lib.StaticUserWebFilter$StaticUserFilter) to context logs
2019-10-10 00:41:29,623 [main] INFO  http.HttpServer2 (HttpServer2.java:bindListener(1191)) - Jetty bound to port 39519
2019-10-10 00:41:29,623 [main] INFO  server.Server (Server.java:doStart(351)) - jetty-9.3.25.v20180904, build timestamp: 2018-09-04T21:11:46Z, git hash: 3ce520221d0240229c862b122d2b06c12a625732
2019-10-10 00:41:29,625 [main] INFO  handler.ContextHandler (ContextHandler.java:doStart(781)) - Started o.e.j.s.ServletContextHandler@755b5f30{/logs,file:///workdir/hadoop-ozone/integration-test/target/log,AVAILABLE}
2019-10-10 00:41:29,625 [main] INFO  handler.ContextHandler (ContextHandler.java:doStart(781)) - Started o.e.j.s.ServletContextHandler@272778ae{/static,jar:file:/home/user/.m2/repository/org/apache/hadoop/hadoop-hdds-container-service/0.5.0-SNAPSHOT/hadoop-hdds-container-service-0.5.0-SNAPSHOT.jar!/webapps/static,AVAILABLE}
2019-10-10 00:41:29,651 [main] INFO  handler.ContextHandler (ContextHandler.java:doStart(781)) - Started o.e.j.w.WebAppContext@77083e41{/,file:///tmp/jetty-0.0.0.0-39519-hddsDatanode-_-any-7380259527105617134.dir/webapp/,AVAILABLE}{/hddsDatanode}
2019-10-10 00:41:29,651 [main] INFO  server.AbstractConnector (AbstractConnector.java:doStart(278)) - Started ServerConnector@231df705{HTTP/1.1,[http/1.1]}{0.0.0.0:39519}
2019-10-10 00:41:29,653 [main] INFO  server.Server (Server.java:doStart(419)) - Started @233047ms
2019-10-10 00:41:29,653 [main] WARN  impl.MetricsSystemImpl (MetricsSystemImpl.java:register(276)) - Sink prometheus already exists!
2019-10-10 00:41:29,653 [main] INFO  server.BaseHttpServer (BaseHttpServer.java:updateConnectorAddress(215)) - HTTP server of HDDSDATANODE is listening at http://0.0.0.0:39519
2019-10-10 00:41:29,654 [main] INFO  ozone.MiniOzoneClusterImpl (MiniOzoneClusterImpl.java:lambda$waitForClusterToBeReady$0(147)) - Waiting for cluster to be ready. Got 0 of 7 DN Heartbeats.
2019-10-10 00:41:29,654 [org.apache.hadoop.util.JvmPauseMonitor$Monitor@592a5822] INFO  util.JvmPauseMonitor (JvmPauseMonitor.java:run(188)) - Starting JVM pause monitor
2019-10-10 00:41:29,655 [Datanode State Machine Thread - 0] INFO  datanode.InitDatanodeState (InitDatanodeState.java:persistContainerDatanodeDetails(140)) - DatanodeDetails is persisted to /workdir/hadoop-ozone/integration-test/target/test-dir/MiniOzoneClusterImpl-5064c2d2-feb5-4d54-999e-b61ab3625433/datanode-6/meta/datanode.id
2019-10-10 00:41:30,654 [main] INFO  ozone.MiniOzoneClusterImpl (MiniOzoneClusterImpl.java:lambda$waitForClusterToBeReady$0(147)) - Waiting for cluster to be ready. Got 0 of 7 DN Heartbeats.
2019-10-10 00:41:31,363 [Datanode State Machine Thread - 0] INFO  ozoneimpl.OzoneContainer (OzoneContainer.java:start(213)) - Attempting to start container services.
2019-10-10 00:41:31,364 [Datanode State Machine Thread - 0] INFO  ozoneimpl.OzoneContainer (OzoneContainer.java:startContainerScrub(177)) - Background container scanner has been disabled.
2019-10-10 00:41:31,364 [Datanode State Machine Thread - 0] INFO  ratis.XceiverServerRatis (XceiverServerRatis.java:start(418)) - Starting XceiverServerRatis d495a13f-0a7b-428d-b6dc-21df85afa43a at port 0
2019-10-10 00:41:31,365 [Datanode State Machine Thread - 0] INFO  ozoneimpl.OzoneContainer (OzoneContainer.java:start(213)) - Attempting to start container services.
2019-10-10 00:41:31,365 [Datanode State Machine Thread - 0] INFO  ozoneimpl.OzoneContainer (OzoneContainer.java:startContainerScrub(177)) - Background container scanner has been disabled.
2019-10-10 00:41:31,366 [Datanode State Machine Thread - 0] INFO  ratis.XceiverServerRatis (XceiverServerRatis.java:start(418)) - Starting XceiverServerRatis ca37b42e-f95b-46f6-a9aa-3d6a566edb7e at port 0
2019-10-10 00:41:31,377 [Datanode State Machine Thread - 0] INFO  impl.RaftServerProxy (RaftServerProxy.java:lambda$start$3(299)) - d495a13f-0a7b-428d-b6dc-21df85afa43a: start RPC server
2019-10-10 00:41:31,388 [Datanode State Machine Thread - 0] INFO  server.GrpcService (GrpcService.java:startImpl(158)) - d495a13f-0a7b-428d-b6dc-21df85afa43a: GrpcService started, listening on 0.0.0.0/0.0.0.0:45138
2019-10-10 00:41:31,389 [Datanode State Machine Thread - 0] INFO  ratis.XceiverServerRatis (XceiverServerRatis.java:start(428)) - XceiverServerRatis d495a13f-0a7b-428d-b6dc-21df85afa43a is started using port 45138
2019-10-10 00:41:31,390 [Datanode State Machine Thread - 0] INFO  server.XceiverServerGrpc (XceiverServerGrpc.java:start(149)) - XceiverServerGrpc d495a13f-0a7b-428d-b6dc-21df85afa43a is started using port 37431
2019-10-10 00:41:31,396 [Datanode State Machine Thread - 0] INFO  impl.RaftServerProxy (RaftServerProxy.java:lambda$start$3(299)) - ca37b42e-f95b-46f6-a9aa-3d6a566edb7e: start RPC server
2019-10-10 00:41:31,398 [Datanode State Machine Thread - 0] INFO  server.GrpcService (GrpcService.java:startImpl(158)) - ca37b42e-f95b-46f6-a9aa-3d6a566edb7e: GrpcService started, listening on 0.0.0.0/0.0.0.0:36464
2019-10-10 00:41:31,398 [Datanode State Machine Thread - 0] INFO  ratis.XceiverServerRatis (XceiverServerRatis.java:start(428)) - XceiverServerRatis ca37b42e-f95b-46f6-a9aa-3d6a566edb7e is started using port 36464
2019-10-10 00:41:31,398 [Datanode State Machine Thread - 0] INFO  server.XceiverServerGrpc (XceiverServerGrpc.java:start(149)) - XceiverServerGrpc ca37b42e-f95b-46f6-a9aa-3d6a566edb7e is started using port 33275
2019-10-10 00:41:31,420 [Datanode State Machine Thread - 0] INFO  ozoneimpl.OzoneContainer (OzoneContainer.java:start(213)) - Attempting to start container services.
2019-10-10 00:41:31,420 [Datanode State Machine Thread - 0] INFO  ozoneimpl.OzoneContainer (OzoneContainer.java:startContainerScrub(177)) - Background container scanner has been disabled.
2019-10-10 00:41:31,420 [Datanode State Machine Thread - 0] INFO  ratis.XceiverServerRatis (XceiverServerRatis.java:start(418)) - Starting XceiverServerRatis fac24f77-0377-4290-a08b-a58c53fb1ebe at port 0
2019-10-10 00:41:31,427 [Datanode State Machine Thread - 0] INFO  impl.RaftServerProxy (RaftServerProxy.java:lambda$start$3(299)) - fac24f77-0377-4290-a08b-a58c53fb1ebe: start RPC server
2019-10-10 00:41:31,429 [Datanode State Machine Thread - 0] INFO  server.GrpcService (GrpcService.java:startImpl(158)) - fac24f77-0377-4290-a08b-a58c53fb1ebe: GrpcService started, listening on 0.0.0.0/0.0.0.0:42834
2019-10-10 00:41:31,429 [Datanode State Machine Thread - 0] INFO  ratis.XceiverServerRatis (XceiverServerRatis.java:start(428)) - XceiverServerRatis fac24f77-0377-4290-a08b-a58c53fb1ebe is started using port 42834
2019-10-10 00:41:31,430 [Datanode State Machine Thread - 0] INFO  server.XceiverServerGrpc (XceiverServerGrpc.java:start(149)) - XceiverServerGrpc fac24f77-0377-4290-a08b-a58c53fb1ebe is started using port 46218
2019-10-10 00:41:31,480 [Datanode State Machine Thread - 0] INFO  ozoneimpl.OzoneContainer (OzoneContainer.java:start(213)) - Attempting to start container services.
2019-10-10 00:41:31,480 [Datanode State Machine Thread - 0] INFO  ozoneimpl.OzoneContainer (OzoneContainer.java:startContainerScrub(177)) - Background container scanner has been disabled.
2019-10-10 00:41:31,480 [Datanode State Machine Thread - 0] INFO  ratis.XceiverServerRatis (XceiverServerRatis.java:start(418)) - Starting XceiverServerRatis a7239857-a50b-4b60-a79a-ec06882c000c at port 0
2019-10-10 00:41:31,486 [Datanode State Machine Thread - 0] INFO  impl.RaftServerProxy (RaftServerProxy.java:lambda$start$3(299)) - a7239857-a50b-4b60-a79a-ec06882c000c: start RPC server
2019-10-10 00:41:31,489 [Datanode State Machine Thread - 0] INFO  server.GrpcService (GrpcService.java:startImpl(158)) - a7239857-a50b-4b60-a79a-ec06882c000c: GrpcService started, listening on 0.0.0.0/0.0.0.0:33305
2019-10-10 00:41:31,489 [Datanode State Machine Thread - 0] INFO  ratis.XceiverServerRatis (XceiverServerRatis.java:start(428)) - XceiverServerRatis a7239857-a50b-4b60-a79a-ec06882c000c is started using port 33305
2019-10-10 00:41:31,490 [Datanode State Machine Thread - 0] INFO  server.XceiverServerGrpc (XceiverServerGrpc.java:start(149)) - XceiverServerGrpc a7239857-a50b-4b60-a79a-ec06882c000c is started using port 44215
2019-10-10 00:41:31,531 [Datanode State Machine Thread - 0] INFO  ozoneimpl.OzoneContainer (OzoneContainer.java:start(213)) - Attempting to start container services.
2019-10-10 00:41:31,532 [Datanode State Machine Thread - 0] INFO  ozoneimpl.OzoneContainer (OzoneContainer.java:startContainerScrub(177)) - Background container scanner has been disabled.
2019-10-10 00:41:31,532 [Datanode State Machine Thread - 0] INFO  ratis.XceiverServerRatis (XceiverServerRatis.java:start(418)) - Starting XceiverServerRatis 73b9ed2c-c92d-4181-a079-a18a14bceeef at port 0
2019-10-10 00:41:31,539 [Datanode State Machine Thread - 0] INFO  impl.RaftServerProxy (RaftServerProxy.java:lambda$start$3(299)) - 73b9ed2c-c92d-4181-a079-a18a14bceeef: start RPC server
2019-10-10 00:41:31,541 [Datanode State Machine Thread - 0] INFO  server.GrpcService (GrpcService.java:startImpl(158)) - 73b9ed2c-c92d-4181-a079-a18a14bceeef: GrpcService started, listening on 0.0.0.0/0.0.0.0:45285
2019-10-10 00:41:31,542 [Datanode State Machine Thread - 0] INFO  ratis.XceiverServerRatis (XceiverServerRatis.java:start(428)) - XceiverServerRatis 73b9ed2c-c92d-4181-a079-a18a14bceeef is started using port 45285
2019-10-10 00:41:31,542 [Datanode State Machine Thread - 0] INFO  server.XceiverServerGrpc (XceiverServerGrpc.java:start(149)) - XceiverServerGrpc 73b9ed2c-c92d-4181-a079-a18a14bceeef is started using port 36357
2019-10-10 00:41:31,626 [Datanode State Machine Thread - 0] INFO  ozoneimpl.OzoneContainer (OzoneContainer.java:start(213)) - Attempting to start container services.
2019-10-10 00:41:31,627 [Datanode State Machine Thread - 0] INFO  ozoneimpl.OzoneContainer (OzoneContainer.java:startContainerScrub(177)) - Background container scanner has been disabled.
2019-10-10 00:41:31,627 [Datanode State Machine Thread - 0] INFO  ratis.XceiverServerRatis (XceiverServerRatis.java:start(418)) - Starting XceiverServerRatis 7b9e8594-92f5-4ba9-87dc-8331683642a0 at port 0
2019-10-10 00:41:31,633 [Datanode State Machine Thread - 0] INFO  impl.RaftServerProxy (RaftServerProxy.java:lambda$start$3(299)) - 7b9e8594-92f5-4ba9-87dc-8331683642a0: start RPC server
2019-10-10 00:41:31,636 [Datanode State Machine Thread - 0] INFO  server.GrpcService (GrpcService.java:startImpl(158)) - 7b9e8594-92f5-4ba9-87dc-8331683642a0: GrpcService started, listening on 0.0.0.0/0.0.0.0:40056
2019-10-10 00:41:31,636 [Datanode State Machine Thread - 0] INFO  ratis.XceiverServerRatis (XceiverServerRatis.java:start(428)) - XceiverServerRatis 7b9e8594-92f5-4ba9-87dc-8331683642a0 is started using port 40056
2019-10-10 00:41:31,637 [Datanode State Machine Thread - 0] INFO  server.XceiverServerGrpc (XceiverServerGrpc.java:start(149)) - XceiverServerGrpc 7b9e8594-92f5-4ba9-87dc-8331683642a0 is started using port 44789
2019-10-10 00:41:31,655 [main] INFO  ozone.MiniOzoneClusterImpl (MiniOzoneClusterImpl.java:lambda$waitForClusterToBeReady$0(147)) - Waiting for cluster to be ready. Got 0 of 7 DN Heartbeats.
2019-10-10 00:41:31,668 [Datanode State Machine Thread - 0] INFO  ozoneimpl.OzoneContainer (OzoneContainer.java:start(213)) - Attempting to start container services.
2019-10-10 00:41:31,669 [Datanode State Machine Thread - 0] INFO  ozoneimpl.OzoneContainer (OzoneContainer.java:startContainerScrub(177)) - Background container scanner has been disabled.
2019-10-10 00:41:31,669 [Datanode State Machine Thread - 0] INFO  ratis.XceiverServerRatis (XceiverServerRatis.java:start(418)) - Starting XceiverServerRatis 860807a3-4e07-4141-8516-a5fa052767bb at port 0
2019-10-10 00:41:31,676 [Datanode State Machine Thread - 0] INFO  impl.RaftServerProxy (RaftServerProxy.java:lambda$start$3(299)) - 860807a3-4e07-4141-8516-a5fa052767bb: start RPC server
2019-10-10 00:41:31,679 [Datanode State Machine Thread - 0] INFO  server.GrpcService (GrpcService.java:startImpl(158)) - 860807a3-4e07-4141-8516-a5fa052767bb: GrpcService started, listening on 0.0.0.0/0.0.0.0:35141
2019-10-10 00:41:31,679 [Datanode State Machine Thread - 0] INFO  ratis.XceiverServerRatis (XceiverServerRatis.java:start(428)) - XceiverServerRatis 860807a3-4e07-4141-8516-a5fa052767bb is started using port 35141
2019-10-10 00:41:31,691 [Datanode State Machine Thread - 0] INFO  server.XceiverServerGrpc (XceiverServerGrpc.java:start(149)) - XceiverServerGrpc 860807a3-4e07-4141-8516-a5fa052767bb is started using port 41419
2019-10-10 00:41:32,656 [main] INFO  ozone.MiniOzoneClusterImpl (MiniOzoneClusterImpl.java:lambda$waitForClusterToBeReady$0(147)) - Waiting for cluster to be ready. Got 0 of 7 DN Heartbeats.
2019-10-10 00:41:33,289 [IPC Server handler 4 on 38952] INFO  net.NetworkTopology (NetworkTopologyImpl.java:add(111)) - Added a new node: /default-rack/ca37b42e-f95b-46f6-a9aa-3d6a566edb7e
2019-10-10 00:41:33,292 [IPC Server handler 4 on 38952] INFO  node.SCMNodeManager (SCMNodeManager.java:register(268)) - Registered Data node : ca37b42e-f95b-46f6-a9aa-3d6a566edb7e{ip: 192.168.151.65, host: pr-hdds-2181-sj4vp-878094216, networkLocation: /default-rack, certSerialId: null}
2019-10-10 00:41:33,294 [EventQueue-NodeRegistrationContainerReportForDataNodeSafeModeRule] INFO  safemode.SCMSafeModeManager (DataNodeSafeModeRule.java:process(71)) - SCM in safe mode. 1 DataNodes registered, 1 required.
2019-10-10 00:41:33,296 [EventQueue-NodeRegistrationContainerReportForDataNodeSafeModeRule] INFO  safemode.SCMSafeModeManager (SCMSafeModeManager.java:validateSafeModeExitRules(177)) - ScmSafeModeManager, all rules are successfully validated
2019-10-10 00:41:33,296 [EventQueue-NodeRegistrationContainerReportForDataNodeSafeModeRule] INFO  safemode.SCMSafeModeManager (SCMSafeModeManager.java:exitSafeMode(193)) - SCM exiting safe mode.
2019-10-10 00:41:33,309 [grpc-default-executor-8] INFO  impl.RaftServerProxy (RaftServerProxy.java:addNew(89)) - ca37b42e-f95b-46f6-a9aa-3d6a566edb7e: addNew group-3A3C186C4F46:[ca37b42e-f95b-46f6-a9aa-3d6a566edb7e:192.168.151.65:36464] returns group-3A3C186C4F46:java.util.concurrent.CompletableFuture@5a09b58d[Not completed]
2019-10-10 00:41:33,315 [pool-383-thread-1] INFO  impl.RaftServerImpl (RaftServerImpl.java:<init>(95)) - ca37b42e-f95b-46f6-a9aa-3d6a566edb7e: new RaftServerImpl for group-3A3C186C4F46:[ca37b42e-f95b-46f6-a9aa-3d6a566edb7e:192.168.151.65:36464] with ContainerStateMachine:uninitialized
2019-10-10 00:41:33,316 [pool-383-thread-1] INFO  server.RaftServerConfigKeys (ConfUtils.java:logGet(43)) - raft.server.rpc.timeout.min = 5s (custom)
2019-10-10 00:41:33,316 [pool-383-thread-1] INFO  server.RaftServerConfigKeys (ConfUtils.java:logGet(43)) - raft.server.rpc.timeout.max = 5200ms (custom)
2019-10-10 00:41:33,316 [pool-383-thread-1] INFO  server.RaftServerConfigKeys (ConfUtils.java:logGet(43)) - raft.server.rpcslowness.timeout = 120s (custom)
2019-10-10 00:41:33,316 [pool-383-thread-1] INFO  server.RaftServerConfigKeys (ConfUtils.java:logGet(43)) - raft.server.sleep.deviation.threshold = 300 (default)
2019-10-10 00:41:33,316 [pool-383-thread-1] INFO  server.RaftServerConfigKeys (ConfUtils.java:logGet(43)) - raft.server.log.appender.install.snapshot.enabled = false (custom)
2019-10-10 00:41:33,317 [pool-383-thread-1] INFO  impl.RaftServerImpl (ServerState.java:<init>(103)) - ca37b42e-f95b-46f6-a9aa-3d6a566edb7e@group-3A3C186C4F46: ConfigurationManager, init=-1: [ca37b42e-f95b-46f6-a9aa-3d6a566edb7e:192.168.151.65:36464], old=null, confs=<EMPTY_MAP>
2019-10-10 00:41:33,317 [pool-383-thread-1] INFO  server.RaftServerConfigKeys (ConfUtils.java:logGet(43)) - raft.server.storage.dir = [/workdir/hadoop-ozone/integration-test/target/test-dir/MiniOzoneClusterImpl-5064c2d2-feb5-4d54-999e-b61ab3625433/datanode-0/data/ratis] (custom)
2019-10-10 00:41:33,317 [pool-383-thread-1] INFO  server.RaftServerConfigKeys (ConfUtils.java:logGet(43)) - raft.server.log.corruption.policy = EXCEPTION (default)
2019-10-10 00:41:33,318 [pool-383-thread-1] INFO  storage.RaftStorageDirectory (RaftStorageDirectory.java:analyzeStorage(246)) - The storage directory /workdir/hadoop-ozone/integration-test/target/test-dir/MiniOzoneClusterImpl-5064c2d2-feb5-4d54-999e-b61ab3625433/datanode-0/data/ratis/b0642a3e-1aa5-4553-ae39-3a3c186c4f46 does not exist. Creating ...
2019-10-10 00:41:33,339 [pool-383-thread-1] INFO  storage.RaftStorageDirectory (RaftStorageDirectory.java:tryLock(328)) - Lock on /workdir/hadoop-ozone/integration-test/target/test-dir/MiniOzoneClusterImpl-5064c2d2-feb5-4d54-999e-b61ab3625433/datanode-0/data/ratis/b0642a3e-1aa5-4553-ae39-3a3c186c4f46/in_use.lock acquired by nodename 20695@pr-hdds-2181-sj4vp-878094216
2019-10-10 00:41:33,348 [IPC Server handler 2 on 38952] INFO  net.NetworkTopology (NetworkTopologyImpl.java:add(111)) - Added a new node: /default-rack/d495a13f-0a7b-428d-b6dc-21df85afa43a
2019-10-10 00:41:33,348 [IPC Server handler 2 on 38952] INFO  node.SCMNodeManager (SCMNodeManager.java:register(268)) - Registered Data node : d495a13f-0a7b-428d-b6dc-21df85afa43a{ip: 192.168.151.65, host: pr-hdds-2181-sj4vp-878094216, networkLocation: /default-rack, certSerialId: null}
2019-10-10 00:41:33,352 [pool-383-thread-1] INFO  storage.RaftStorage (RaftStorage.java:format(84)) - Storage directory /workdir/hadoop-ozone/integration-test/target/test-dir/MiniOzoneClusterImpl-5064c2d2-feb5-4d54-999e-b61ab3625433/datanode-0/data/ratis/b0642a3e-1aa5-4553-ae39-3a3c186c4f46 has been successfully formatted.
2019-10-10 00:41:33,352 [pool-383-thread-1] INFO  ratis.ContainerStateMachine (ContainerStateMachine.java:loadSnapshot(231)) - group-3A3C186C4F46: The snapshot info is null. Setting the last applied indexto:(t:0, i:~)
2019-10-10 00:41:33,352 [pool-383-thread-1] INFO  server.RaftServerConfigKeys (ConfUtils.java:logGet(43)) - raft.server.notification.no-leader.timeout = 120s (custom)
2019-10-10 00:41:33,352 [pool-383-thread-1] INFO  server.RaftServerConfigKeys (ConfUtils.java:logGet(43)) - raft.server.log.use.memory = false (default)
2019-10-10 00:41:33,353 [pool-383-thread-1] INFO  server.RaftServerConfigKeys (ConfUtils.java:logGet(43)) - raft.server.log.purge.gap = 1000000 (custom)
2019-10-10 00:41:33,353 [pool-383-thread-1] INFO  server.RaftServerConfigKeys (ConfUtils.java:logGet(43)) - raft.server.log.appender.buffer.byte-limit = 33554432 (custom)
2019-10-10 00:41:33,353 [pool-383-thread-1] INFO  server.RaftServerConfigKeys (ConfUtils.java:logGet(43)) - raft.server.log.segment.size.max = 1048576 (custom)
2019-10-10 00:41:33,355 [pool-383-thread-1] INFO  server.RaftServerConfigKeys (ConfUtils.java:logGet(43)) - raft.server.log.segment.cache.num.max = 2 (custom)
2019-10-10 00:41:33,355 [pool-383-thread-1] INFO  segmented.SegmentedRaftLogWorker (SegmentedRaftLogWorker.java:<init>(173)) - new ca37b42e-f95b-46f6-a9aa-3d6a566edb7e@group-3A3C186C4F46-SegmentedRaftLogWorker for RaftStorage:Storage Directory /workdir/hadoop-ozone/integration-test/target/test-dir/MiniOzoneClusterImpl-5064c2d2-feb5-4d54-999e-b61ab3625433/datanode-0/data/ratis/b0642a3e-1aa5-4553-ae39-3a3c186c4f46
2019-10-10 00:41:33,356 [pool-383-thread-1] INFO  server.RaftServerConfigKeys (ConfUtils.java:logGet(43)) - raft.server.log.queue.byte-limit = 2147483647 (custom)
2019-10-10 00:41:33,356 [pool-383-thread-1] INFO  server.RaftServerConfigKeys (ConfUtils.java:logGet(43)) - raft.server.log.queue.element-limit = 1024 (custom)
2019-10-10 00:41:33,356 [pool-383-thread-1] INFO  server.RaftServerConfigKeys (ConfUtils.java:logGet(43)) - raft.server.log.segment.size.max = 1048576 (custom)
2019-10-10 00:41:33,356 [pool-383-thread-1] INFO  server.RaftServerConfigKeys (ConfUtils.java:logGet(43)) - raft.server.log.preallocated.size = 16384 (custom)
2019-10-10 00:41:33,356 [pool-383-thread-1] INFO  server.RaftServerConfigKeys (ConfUtils.java:logGet(43)) - raft.server.log.write.buffer.size = 33554432 (custom)
2019-10-10 00:41:33,356 [pool-383-thread-1] INFO  server.RaftServerConfigKeys (ConfUtils.java:logGet(43)) - raft.server.log.force.sync.num = 128 (default)
2019-10-10 00:41:33,356 [pool-383-thread-1] INFO  server.RaftServerConfigKeys (ConfUtils.java:logGet(43)) - raft.server.log.statemachine.data.sync = true (default)
2019-10-10 00:41:33,357 [pool-383-thread-1] INFO  server.RaftServerConfigKeys (ConfUtils.java:logGet(43)) - raft.server.log.statemachine.data.sync.timeout = 10s (default)
2019-10-10 00:41:33,357 [pool-383-thread-1] INFO  server.RaftServerConfigKeys (ConfUtils.java:logGet(43)) - raft.server.log.statemachine.data.sync.timeout.retry = -1 (default)
2019-10-10 00:41:33,357 [pool-383-thread-1] INFO  server.RaftServerConfigKeys (ConfUtils.java:logGet(43)) - raft.server.log.statemachine.data.caching.enabled = true (custom)
2019-10-10 00:41:33,358 [pool-383-thread-1] INFO  segmented.SegmentedRaftLogWorker (SegmentedRaftLogWorker.java:lambda$new$0(128)) - ca37b42e-f95b-46f6-a9aa-3d6a566edb7e@group-3A3C186C4F46-SegmentedRaftLogWorker: flushIndex: setUnconditionally 0 -> -1
2019-10-10 00:41:33,358 [pool-383-thread-1] INFO  server.RaftServerConfigKeys (ConfUtils.java:logGet(43)) - raft.server.snapshot.auto.trigger.enabled = true (custom)
2019-10-10 00:41:33,358 [pool-383-thread-1] INFO  server.RaftServerConfigKeys (ConfUtils.java:logGet(43)) - raft.server.snapshot.auto.trigger.threshold = 10000 (custom)
2019-10-10 00:41:33,358 [pool-383-thread-1] INFO  server.RaftServerConfigKeys (ConfUtils.java:logGet(43)) - raft.server.snapshot.retention.file.num = 5 (custom)
2019-10-10 00:41:33,359 [pool-383-thread-1] INFO  server.RaftServerConfigKeys (ConfUtils.java:logGet(43)) - raft.server.retrycache.expirytime = 600000ms (custom)
2019-10-10 00:41:33,360 [pool-383-thread-1] INFO  impl.RaftServerImpl (RaftServerImpl.java:start(181)) - ca37b42e-f95b-46f6-a9aa-3d6a566edb7e@group-3A3C186C4F46: start as a follower, conf=-1: [ca37b42e-f95b-46f6-a9aa-3d6a566edb7e:192.168.151.65:36464], old=null
2019-10-10 00:41:33,361 [pool-383-thread-1] INFO  impl.RaftServerImpl (RaftServerImpl.java:setRole(170)) - ca37b42e-f95b-46f6-a9aa-3d6a566edb7e@group-3A3C186C4F46: changes role from      null to FOLLOWER at term 0 for startAsFollower
2019-10-10 00:41:33,361 [pool-383-thread-1] INFO  impl.RoleInfo (RoleInfo.java:updateAndGet(143)) - ca37b42e-f95b-46f6-a9aa-3d6a566edb7e: start FollowerState
2019-10-10 00:41:33,361 [pool-383-thread-1] INFO  util.JmxRegister (JmxRegister.java:tryRegister(44)) - Successfully registered JMX Bean with object name Ratis:service=RaftServer,group=group-3A3C186C4F46,id=ca37b42e-f95b-46f6-a9aa-3d6a566edb7e
2019-10-10 00:41:33,367 [RatisPipelineUtilsThread] INFO  pipeline.PipelineStateManager (PipelineStateManager.java:addPipeline(56)) - Created pipeline Pipeline[ Id: b0642a3e-1aa5-4553-ae39-3a3c186c4f46, Nodes: ca37b42e-f95b-46f6-a9aa-3d6a566edb7e{ip: 192.168.151.65, host: pr-hdds-2181-sj4vp-878094216, networkLocation: /default-rack, certSerialId: null}, Type:RATIS, Factor:ONE, State:OPEN]
2019-10-10 00:41:33,374 [grpc-default-executor-8] INFO  impl.RaftServerProxy (RaftServerProxy.java:addNew(89)) - d495a13f-0a7b-428d-b6dc-21df85afa43a: addNew group-A1591137FF5B:[d495a13f-0a7b-428d-b6dc-21df85afa43a:192.168.151.65:45138] returns group-A1591137FF5B:java.util.concurrent.CompletableFuture@563f48f3[Not completed]
2019-10-10 00:41:33,375 [pool-393-thread-1] INFO  impl.RaftServerImpl (RaftServerImpl.java:<init>(95)) - d495a13f-0a7b-428d-b6dc-21df85afa43a: new RaftServerImpl for group-A1591137FF5B:[d495a13f-0a7b-428d-b6dc-21df85afa43a:192.168.151.65:45138] with ContainerStateMachine:uninitialized
2019-10-10 00:41:33,375 [pool-393-thread-1] INFO  server.RaftServerConfigKeys (ConfUtils.java:logGet(43)) - raft.server.rpc.timeout.min = 5s (custom)
2019-10-10 00:41:33,375 [pool-393-thread-1] INFO  server.RaftServerConfigKeys (ConfUtils.java:logGet(43)) - raft.server.rpc.timeout.max = 5200ms (custom)
2019-10-10 00:41:33,375 [pool-393-thread-1] INFO  server.RaftServerConfigKeys (ConfUtils.java:logGet(43)) - raft.server.rpcslowness.timeout = 120s (custom)
2019-10-10 00:41:33,376 [pool-393-thread-1] INFO  server.RaftServerConfigKeys (ConfUtils.java:logGet(43)) - raft.server.sleep.deviation.threshold = 300 (default)
2019-10-10 00:41:33,376 [pool-393-thread-1] INFO  server.RaftServerConfigKeys (ConfUtils.java:logGet(43)) - raft.server.log.appender.install.snapshot.enabled = false (custom)
2019-10-10 00:41:33,376 [pool-393-thread-1] INFO  impl.RaftServerImpl (ServerState.java:<init>(103)) - d495a13f-0a7b-428d-b6dc-21df85afa43a@group-A1591137FF5B: ConfigurationManager, init=-1: [d495a13f-0a7b-428d-b6dc-21df85afa43a:192.168.151.65:45138], old=null, confs=<EMPTY_MAP>
2019-10-10 00:41:33,376 [pool-393-thread-1] INFO  server.RaftServerConfigKeys (ConfUtils.java:logGet(43)) - raft.server.storage.dir = [/workdir/hadoop-ozone/integration-test/target/test-dir/MiniOzoneClusterImpl-5064c2d2-feb5-4d54-999e-b61ab3625433/datanode-1/data/ratis] (custom)
2019-10-10 00:41:33,376 [pool-393-thread-1] INFO  server.RaftServerConfigKeys (ConfUtils.java:logGet(43)) - raft.server.log.corruption.policy = EXCEPTION (default)
2019-10-10 00:41:33,376 [pool-393-thread-1] INFO  storage.RaftStorageDirectory (RaftStorageDirectory.java:analyzeStorage(246)) - The storage directory /workdir/hadoop-ozone/integration-test/target/test-dir/MiniOzoneClusterImpl-5064c2d2-feb5-4d54-999e-b61ab3625433/datanode-1/data/ratis/c31513fe-6499-4102-a28c-a1591137ff5b does not exist. Creating ...
2019-10-10 00:41:33,389 [pool-393-thread-1] INFO  storage.RaftStorageDirectory (RaftStorageDirectory.java:tryLock(328)) - Lock on /workdir/hadoop-ozone/integration-test/target/test-dir/MiniOzoneClusterImpl-5064c2d2-feb5-4d54-999e-b61ab3625433/datanode-1/data/ratis/c31513fe-6499-4102-a28c-a1591137ff5b/in_use.lock acquired by nodename 20695@pr-hdds-2181-sj4vp-878094216
2019-10-10 00:41:33,402 [pool-393-thread-1] INFO  storage.RaftStorage (RaftStorage.java:format(84)) - Storage directory /workdir/hadoop-ozone/integration-test/target/test-dir/MiniOzoneClusterImpl-5064c2d2-feb5-4d54-999e-b61ab3625433/datanode-1/data/ratis/c31513fe-6499-4102-a28c-a1591137ff5b has been successfully formatted.
2019-10-10 00:41:33,403 [pool-393-thread-1] INFO  ratis.ContainerStateMachine (ContainerStateMachine.java:loadSnapshot(231)) - group-A1591137FF5B: The snapshot info is null. Setting the last applied indexto:(t:0, i:~)
2019-10-10 00:41:33,403 [pool-393-thread-1] INFO  server.RaftServerConfigKeys (ConfUtils.java:logGet(43)) - raft.server.notification.no-leader.timeout = 120s (custom)
2019-10-10 00:41:33,403 [pool-393-thread-1] INFO  server.RaftServerConfigKeys (ConfUtils.java:logGet(43)) - raft.server.log.use.memory = false (default)
2019-10-10 00:41:33,403 [pool-393-thread-1] INFO  server.RaftServerConfigKeys (ConfUtils.java:logGet(43)) - raft.server.log.purge.gap = 1000000 (custom)
2019-10-10 00:41:33,403 [pool-393-thread-1] INFO  server.RaftServerConfigKeys (ConfUtils.java:logGet(43)) - raft.server.log.appender.buffer.byte-limit = 33554432 (custom)
2019-10-10 00:41:33,404 [pool-393-thread-1] INFO  server.RaftServerConfigKeys (ConfUtils.java:logGet(43)) - raft.server.log.segment.size.max = 1048576 (custom)
2019-10-10 00:41:33,405 [pool-393-thread-1] INFO  server.RaftServerConfigKeys (ConfUtils.java:logGet(43)) - raft.server.log.segment.cache.num.max = 2 (custom)
2019-10-10 00:41:33,405 [pool-393-thread-1] INFO  segmented.SegmentedRaftLogWorker (SegmentedRaftLogWorker.java:<init>(173)) - new d495a13f-0a7b-428d-b6dc-21df85afa43a@group-A1591137FF5B-SegmentedRaftLogWorker for RaftStorage:Storage Directory /workdir/hadoop-ozone/integration-test/target/test-dir/MiniOzoneClusterImpl-5064c2d2-feb5-4d54-999e-b61ab3625433/datanode-1/data/ratis/c31513fe-6499-4102-a28c-a1591137ff5b
2019-10-10 00:41:33,405 [pool-393-thread-1] INFO  server.RaftServerConfigKeys (ConfUtils.java:logGet(43)) - raft.server.log.queue.byte-limit = 2147483647 (custom)
2019-10-10 00:41:33,406 [pool-393-thread-1] INFO  server.RaftServerConfigKeys (ConfUtils.java:logGet(43)) - raft.server.log.queue.element-limit = 1024 (custom)
2019-10-10 00:41:33,406 [pool-393-thread-1] INFO  server.RaftServerConfigKeys (ConfUtils.java:logGet(43)) - raft.server.log.segment.size.max = 1048576 (custom)
2019-10-10 00:41:33,406 [pool-393-thread-1] INFO  server.RaftServerConfigKeys (ConfUtils.java:logGet(43)) - raft.server.log.preallocated.size = 16384 (custom)
2019-10-10 00:41:33,406 [pool-393-thread-1] INFO  server.RaftServerConfigKeys (ConfUtils.java:logGet(43)) - raft.server.log.write.buffer.size = 33554432 (custom)
2019-10-10 00:41:33,406 [pool-393-thread-1] INFO  server.RaftServerConfigKeys (ConfUtils.java:logGet(43)) - raft.server.log.force.sync.num = 128 (default)
2019-10-10 00:41:33,406 [pool-393-thread-1] INFO  server.RaftServerConfigKeys (ConfUtils.java:logGet(43)) - raft.server.log.statemachine.data.sync = true (default)
2019-10-10 00:41:33,406 [pool-393-thread-1] INFO  server.RaftServerConfigKeys (ConfUtils.java:logGet(43)) - raft.server.log.statemachine.data.sync.timeout = 10s (default)
2019-10-10 00:41:33,406 [pool-393-thread-1] INFO  server.RaftServerConfigKeys (ConfUtils.java:logGet(43)) - raft.server.log.statemachine.data.sync.timeout.retry = -1 (default)
2019-10-10 00:41:33,407 [pool-393-thread-1] INFO  server.RaftServerConfigKeys (ConfUtils.java:logGet(43)) - raft.server.log.statemachine.data.caching.enabled = true (custom)
2019-10-10 00:41:33,407 [pool-393-thread-1] INFO  segmented.SegmentedRaftLogWorker (SegmentedRaftLogWorker.java:lambda$new$0(128)) - d495a13f-0a7b-428d-b6dc-21df85afa43a@group-A1591137FF5B-SegmentedRaftLogWorker: flushIndex: setUnconditionally 0 -> -1
2019-10-10 00:41:33,407 [pool-393-thread-1] INFO  server.RaftServerConfigKeys (ConfUtils.java:logGet(43)) - raft.server.snapshot.auto.trigger.enabled = true (custom)
2019-10-10 00:41:33,407 [pool-393-thread-1] INFO  server.RaftServerConfigKeys (ConfUtils.java:logGet(43)) - raft.server.snapshot.auto.trigger.threshold = 10000 (custom)
2019-10-10 00:41:33,407 [IPC Server handler 5 on 38952] INFO  net.NetworkTopology (NetworkTopologyImpl.java:add(111)) - Added a new node: /default-rack/fac24f77-0377-4290-a08b-a58c53fb1ebe
2019-10-10 00:41:33,407 [pool-393-thread-1] INFO  server.RaftServerConfigKeys (ConfUtils.java:logGet(43)) - raft.server.snapshot.retention.file.num = 5 (custom)
2019-10-10 00:41:33,408 [IPC Server handler 5 on 38952] INFO  node.SCMNodeManager (SCMNodeManager.java:register(268)) - Registered Data node : fac24f77-0377-4290-a08b-a58c53fb1ebe{ip: 192.168.151.65, host: pr-hdds-2181-sj4vp-878094216, networkLocation: /default-rack, certSerialId: null}
2019-10-10 00:41:33,408 [pool-393-thread-1] INFO  server.RaftServerConfigKeys (ConfUtils.java:logGet(43)) - raft.server.retrycache.expirytime = 600000ms (custom)
2019-10-10 00:41:33,409 [pool-393-thread-1] INFO  impl.RaftServerImpl (RaftServerImpl.java:start(181)) - d495a13f-0a7b-428d-b6dc-21df85afa43a@group-A1591137FF5B: start as a follower, conf=-1: [d495a13f-0a7b-428d-b6dc-21df85afa43a:192.168.151.65:45138], old=null
2019-10-10 00:41:33,409 [pool-393-thread-1] INFO  impl.RaftServerImpl (RaftServerImpl.java:setRole(170)) - d495a13f-0a7b-428d-b6dc-21df85afa43a@group-A1591137FF5B: changes role from      null to FOLLOWER at term 0 for startAsFollower
2019-10-10 00:41:33,410 [pool-393-thread-1] INFO  impl.RoleInfo (RoleInfo.java:updateAndGet(143)) - d495a13f-0a7b-428d-b6dc-21df85afa43a: start FollowerState
2019-10-10 00:41:33,410 [pool-393-thread-1] INFO  util.JmxRegister (JmxRegister.java:tryRegister(44)) - Successfully registered JMX Bean with object name Ratis:service=RaftServer,group=group-A1591137FF5B,id=d495a13f-0a7b-428d-b6dc-21df85afa43a
2019-10-10 00:41:33,413 [RatisPipelineUtilsThread] INFO  pipeline.PipelineStateManager (PipelineStateManager.java:addPipeline(56)) - Created pipeline Pipeline[ Id: c31513fe-6499-4102-a28c-a1591137ff5b, Nodes: d495a13f-0a7b-428d-b6dc-21df85afa43a{ip: 192.168.151.65, host: pr-hdds-2181-sj4vp-878094216, networkLocation: /default-rack, certSerialId: null}, Type:RATIS, Factor:ONE, State:OPEN]
2019-10-10 00:41:33,420 [grpc-default-executor-8] INFO  impl.RaftServerProxy (RaftServerProxy.java:addNew(89)) - fac24f77-0377-4290-a08b-a58c53fb1ebe: addNew group-E9703E120EA8:[fac24f77-0377-4290-a08b-a58c53fb1ebe:192.168.151.65:42834] returns group-E9703E120EA8:java.util.concurrent.CompletableFuture@5a113a7c[Not completed]
2019-10-10 00:41:33,421 [pool-403-thread-1] INFO  impl.RaftServerImpl (RaftServerImpl.java:<init>(95)) - fac24f77-0377-4290-a08b-a58c53fb1ebe: new RaftServerImpl for group-E9703E120EA8:[fac24f77-0377-4290-a08b-a58c53fb1ebe:192.168.151.65:42834] with ContainerStateMachine:uninitialized
2019-10-10 00:41:33,421 [pool-403-thread-1] INFO  server.RaftServerConfigKeys (ConfUtils.java:logGet(43)) - raft.server.rpc.timeout.min = 5s (custom)
2019-10-10 00:41:33,422 [pool-403-thread-1] INFO  server.RaftServerConfigKeys (ConfUtils.java:logGet(43)) - raft.server.rpc.timeout.max = 5200ms (custom)
2019-10-10 00:41:33,422 [pool-403-thread-1] INFO  server.RaftServerConfigKeys (ConfUtils.java:logGet(43)) - raft.server.rpcslowness.timeout = 120s (custom)
2019-10-10 00:41:33,422 [pool-403-thread-1] INFO  server.RaftServerConfigKeys (ConfUtils.java:logGet(43)) - raft.server.sleep.deviation.threshold = 300 (default)
2019-10-10 00:41:33,422 [pool-403-thread-1] INFO  server.RaftServerConfigKeys (ConfUtils.java:logGet(43)) - raft.server.log.appender.install.snapshot.enabled = false (custom)
2019-10-10 00:41:33,422 [pool-403-thread-1] INFO  impl.RaftServerImpl (ServerState.java:<init>(103)) - fac24f77-0377-4290-a08b-a58c53fb1ebe@group-E9703E120EA8: ConfigurationManager, init=-1: [fac24f77-0377-4290-a08b-a58c53fb1ebe:192.168.151.65:42834], old=null, confs=<EMPTY_MAP>
2019-10-10 00:41:33,422 [pool-403-thread-1] INFO  server.RaftServerConfigKeys (ConfUtils.java:logGet(43)) - raft.server.storage.dir = [/workdir/hadoop-ozone/integration-test/target/test-dir/MiniOzoneClusterImpl-5064c2d2-feb5-4d54-999e-b61ab3625433/datanode-2/data/ratis] (custom)
2019-10-10 00:41:33,423 [pool-403-thread-1] INFO  server.RaftServerConfigKeys (ConfUtils.java:logGet(43)) - raft.server.log.corruption.policy = EXCEPTION (default)
2019-10-10 00:41:33,423 [pool-403-thread-1] INFO  storage.RaftStorageDirectory (RaftStorageDirectory.java:analyzeStorage(246)) - The storage directory /workdir/hadoop-ozone/integration-test/target/test-dir/MiniOzoneClusterImpl-5064c2d2-feb5-4d54-999e-b61ab3625433/datanode-2/data/ratis/a0250df9-e342-4e55-bcbd-e9703e120ea8 does not exist. Creating ...
2019-10-10 00:41:33,436 [pool-403-thread-1] INFO  storage.RaftStorageDirectory (RaftStorageDirectory.java:tryLock(328)) - Lock on /workdir/hadoop-ozone/integration-test/target/test-dir/MiniOzoneClusterImpl-5064c2d2-feb5-4d54-999e-b61ab3625433/datanode-2/data/ratis/a0250df9-e342-4e55-bcbd-e9703e120ea8/in_use.lock acquired by nodename 20695@pr-hdds-2181-sj4vp-878094216
2019-10-10 00:41:33,449 [pool-403-thread-1] INFO  storage.RaftStorage (RaftStorage.java:format(84)) - Storage directory /workdir/hadoop-ozone/integration-test/target/test-dir/MiniOzoneClusterImpl-5064c2d2-feb5-4d54-999e-b61ab3625433/datanode-2/data/ratis/a0250df9-e342-4e55-bcbd-e9703e120ea8 has been successfully formatted.
2019-10-10 00:41:33,449 [pool-403-thread-1] INFO  ratis.ContainerStateMachine (ContainerStateMachine.java:loadSnapshot(231)) - group-E9703E120EA8: The snapshot info is null. Setting the last applied indexto:(t:0, i:~)
2019-10-10 00:41:33,449 [pool-403-thread-1] INFO  server.RaftServerConfigKeys (ConfUtils.java:logGet(43)) - raft.server.notification.no-leader.timeout = 120s (custom)
2019-10-10 00:41:33,449 [pool-403-thread-1] INFO  server.RaftServerConfigKeys (ConfUtils.java:logGet(43)) - raft.server.log.use.memory = false (default)
2019-10-10 00:41:33,449 [pool-403-thread-1] INFO  server.RaftServerConfigKeys (ConfUtils.java:logGet(43)) - raft.server.log.purge.gap = 1000000 (custom)
2019-10-10 00:41:33,449 [pool-403-thread-1] INFO  server.RaftServerConfigKeys (ConfUtils.java:logGet(43)) - raft.server.log.appender.buffer.byte-limit = 33554432 (custom)
2019-10-10 00:41:33,450 [pool-403-thread-1] INFO  server.RaftServerConfigKeys (ConfUtils.java:logGet(43)) - raft.server.log.segment.size.max = 1048576 (custom)
2019-10-10 00:41:33,451 [pool-403-thread-1] INFO  server.RaftServerConfigKeys (ConfUtils.java:logGet(43)) - raft.server.log.segment.cache.num.max = 2 (custom)
2019-10-10 00:41:33,451 [pool-403-thread-1] INFO  segmented.SegmentedRaftLogWorker (SegmentedRaftLogWorker.java:<init>(173)) - new fac24f77-0377-4290-a08b-a58c53fb1ebe@group-E9703E120EA8-SegmentedRaftLogWorker for RaftStorage:Storage Directory /workdir/hadoop-ozone/integration-test/target/test-dir/MiniOzoneClusterImpl-5064c2d2-feb5-4d54-999e-b61ab3625433/datanode-2/data/ratis/a0250df9-e342-4e55-bcbd-e9703e120ea8
2019-10-10 00:41:33,451 [pool-403-thread-1] INFO  server.RaftServerConfigKeys (ConfUtils.java:logGet(43)) - raft.server.log.queue.byte-limit = 2147483647 (custom)
2019-10-10 00:41:33,452 [pool-403-thread-1] INFO  server.RaftServerConfigKeys (ConfUtils.java:logGet(43)) - raft.server.log.queue.element-limit = 1024 (custom)
2019-10-10 00:41:33,452 [pool-403-thread-1] INFO  server.RaftServerConfigKeys (ConfUtils.java:logGet(43)) - raft.server.log.segment.size.max = 1048576 (custom)
2019-10-10 00:41:33,452 [pool-403-thread-1] INFO  server.RaftServerConfigKeys (ConfUtils.java:logGet(43)) - raft.server.log.preallocated.size = 16384 (custom)
2019-10-10 00:41:33,452 [pool-403-thread-1] INFO  server.RaftServerConfigKeys (ConfUtils.java:logGet(43)) - raft.server.log.write.buffer.size = 33554432 (custom)
2019-10-10 00:41:33,452 [pool-403-thread-1] INFO  server.RaftServerConfigKeys (ConfUtils.java:logGet(43)) - raft.server.log.force.sync.num = 128 (default)
2019-10-10 00:41:33,452 [pool-403-thread-1] INFO  server.RaftServerConfigKeys (ConfUtils.java:logGet(43)) - raft.server.log.statemachine.data.sync = true (default)
2019-10-10 00:41:33,452 [pool-403-thread-1] INFO  server.RaftServerConfigKeys (ConfUtils.java:logGet(43)) - raft.server.log.statemachine.data.sync.timeout = 10s (default)
2019-10-10 00:41:33,452 [pool-403-thread-1] INFO  server.RaftServerConfigKeys (ConfUtils.java:logGet(43)) - raft.server.log.statemachine.data.sync.timeout.retry = -1 (default)
2019-10-10 00:41:33,453 [pool-403-thread-1] INFO  server.RaftServerConfigKeys (ConfUtils.java:logGet(43)) - raft.server.log.statemachine.data.caching.enabled = true (custom)
2019-10-10 00:41:33,453 [pool-403-thread-1] INFO  segmented.SegmentedRaftLogWorker (SegmentedRaftLogWorker.java:lambda$new$0(128)) - fac24f77-0377-4290-a08b-a58c53fb1ebe@group-E9703E120EA8-SegmentedRaftLogWorker: flushIndex: setUnconditionally 0 -> -1
2019-10-10 00:41:33,453 [pool-403-thread-1] INFO  server.RaftServerConfigKeys (ConfUtils.java:logGet(43)) - raft.server.snapshot.auto.trigger.enabled = true (custom)
2019-10-10 00:41:33,453 [pool-403-thread-1] INFO  server.RaftServerConfigKeys (ConfUtils.java:logGet(43)) - raft.server.snapshot.auto.trigger.threshold = 10000 (custom)
2019-10-10 00:41:33,453 [pool-403-thread-1] INFO  server.RaftServerConfigKeys (ConfUtils.java:logGet(43)) - raft.server.snapshot.retention.file.num = 5 (custom)
2019-10-10 00:41:33,453 [pool-403-thread-1] INFO  server.RaftServerConfigKeys (ConfUtils.java:logGet(43)) - raft.server.retrycache.expirytime = 600000ms (custom)
2019-10-10 00:41:33,454 [pool-403-thread-1] INFO  impl.RaftServerImpl (RaftServerImpl.java:start(181)) - fac24f77-0377-4290-a08b-a58c53fb1ebe@group-E9703E120EA8: start as a follower, conf=-1: [fac24f77-0377-4290-a08b-a58c53fb1ebe:192.168.151.65:42834], old=null
2019-10-10 00:41:33,454 [pool-403-thread-1] INFO  impl.RaftServerImpl (RaftServerImpl.java:setRole(170)) - fac24f77-0377-4290-a08b-a58c53fb1ebe@group-E9703E120EA8: changes role from      null to FOLLOWER at term 0 for startAsFollower
2019-10-10 00:41:33,455 [pool-403-thread-1] INFO  impl.RoleInfo (RoleInfo.java:updateAndGet(143)) - fac24f77-0377-4290-a08b-a58c53fb1ebe: start FollowerState
2019-10-10 00:41:33,455 [pool-403-thread-1] INFO  util.JmxRegister (JmxRegister.java:tryRegister(44)) - Successfully registered JMX Bean with object name Ratis:service=RaftServer,group=group-E9703E120EA8,id=fac24f77-0377-4290-a08b-a58c53fb1ebe
2019-10-10 00:41:33,458 [RatisPipelineUtilsThread] INFO  pipeline.PipelineStateManager (PipelineStateManager.java:addPipeline(56)) - Created pipeline Pipeline[ Id: a0250df9-e342-4e55-bcbd-e9703e120ea8, Nodes: fac24f77-0377-4290-a08b-a58c53fb1ebe{ip: 192.168.151.65, host: pr-hdds-2181-sj4vp-878094216, networkLocation: /default-rack, certSerialId: null}, Type:RATIS, Factor:ONE, State:OPEN]
2019-10-10 00:41:33,471 [IPC Server handler 7 on 38952] INFO  net.NetworkTopology (NetworkTopologyImpl.java:add(111)) - Added a new node: /default-rack/a7239857-a50b-4b60-a79a-ec06882c000c
2019-10-10 00:41:33,471 [IPC Server handler 7 on 38952] INFO  node.SCMNodeManager (SCMNodeManager.java:register(268)) - Registered Data node : a7239857-a50b-4b60-a79a-ec06882c000c{ip: 192.168.151.65, host: pr-hdds-2181-sj4vp-878094216, networkLocation: /default-rack, certSerialId: null}
2019-10-10 00:41:33,472 [grpc-default-executor-7] INFO  impl.RaftServerProxy (RaftServerProxy.java:addNew(89)) - fac24f77-0377-4290-a08b-a58c53fb1ebe: addNew group-632C288FA379:[d495a13f-0a7b-428d-b6dc-21df85afa43a:192.168.151.65:45138, fac24f77-0377-4290-a08b-a58c53fb1ebe:192.168.151.65:42834, ca37b42e-f95b-46f6-a9aa-3d6a566edb7e:192.168.151.65:36464] returns group-632C288FA379:java.util.concurrent.CompletableFuture@6bfe94c6[Not completed]
2019-10-10 00:41:33,472 [grpc-default-executor-5] INFO  impl.RaftServerProxy (RaftServerProxy.java:addNew(89)) - d495a13f-0a7b-428d-b6dc-21df85afa43a: addNew group-632C288FA379:[d495a13f-0a7b-428d-b6dc-21df85afa43a:192.168.151.65:45138, fac24f77-0377-4290-a08b-a58c53fb1ebe:192.168.151.65:42834, ca37b42e-f95b-46f6-a9aa-3d6a566edb7e:192.168.151.65:36464] returns group-632C288FA379:java.util.concurrent.CompletableFuture@1423c252[Not completed]
2019-10-10 00:41:33,473 [grpc-default-executor-7] INFO  impl.RaftServerProxy (RaftServerProxy.java:addNew(89)) - ca37b42e-f95b-46f6-a9aa-3d6a566edb7e: addNew group-632C288FA379:[d495a13f-0a7b-428d-b6dc-21df85afa43a:192.168.151.65:45138, fac24f77-0377-4290-a08b-a58c53fb1ebe:192.168.151.65:42834, ca37b42e-f95b-46f6-a9aa-3d6a566edb7e:192.168.151.65:36464] returns group-632C288FA379:java.util.concurrent.CompletableFuture@6cdd21a8[Not completed]
2019-10-10 00:41:33,473 [pool-393-thread-1] INFO  impl.RaftServerImpl (RaftServerImpl.java:<init>(95)) - d495a13f-0a7b-428d-b6dc-21df85afa43a: new RaftServerImpl for group-632C288FA379:[d495a13f-0a7b-428d-b6dc-21df85afa43a:192.168.151.65:45138, fac24f77-0377-4290-a08b-a58c53fb1ebe:192.168.151.65:42834, ca37b42e-f95b-46f6-a9aa-3d6a566edb7e:192.168.151.65:36464] with ContainerStateMachine:uninitialized
2019-10-10 00:41:33,473 [pool-393-thread-1] INFO  server.RaftServerConfigKeys (ConfUtils.java:logGet(43)) - raft.server.rpc.timeout.min = 5s (custom)
2019-10-10 00:41:33,473 [pool-393-thread-1] INFO  server.RaftServerConfigKeys (ConfUtils.java:logGet(43)) - raft.server.rpc.timeout.max = 5200ms (custom)
2019-10-10 00:41:33,473 [pool-393-thread-1] INFO  server.RaftServerConfigKeys (ConfUtils.java:logGet(43)) - raft.server.rpcslowness.timeout = 120s (custom)
2019-10-10 00:41:33,473 [pool-393-thread-1] INFO  server.RaftServerConfigKeys (ConfUtils.java:logGet(43)) - raft.server.sleep.deviation.threshold = 300 (default)
2019-10-10 00:41:33,473 [pool-393-thread-1] INFO  server.RaftServerConfigKeys (ConfUtils.java:logGet(43)) - raft.server.log.appender.install.snapshot.enabled = false (custom)
2019-10-10 00:41:33,473 [pool-393-thread-1] INFO  impl.RaftServerImpl (ServerState.java:<init>(103)) - d495a13f-0a7b-428d-b6dc-21df85afa43a@group-632C288FA379: ConfigurationManager, init=-1: [d495a13f-0a7b-428d-b6dc-21df85afa43a:192.168.151.65:45138, fac24f77-0377-4290-a08b-a58c53fb1ebe:192.168.151.65:42834, ca37b42e-f95b-46f6-a9aa-3d6a566edb7e:192.168.151.65:36464], old=null, confs=<EMPTY_MAP>
2019-10-10 00:41:33,473 [pool-393-thread-1] INFO  server.RaftServerConfigKeys (ConfUtils.java:logGet(43)) - raft.server.storage.dir = [/workdir/hadoop-ozone/integration-test/target/test-dir/MiniOzoneClusterImpl-5064c2d2-feb5-4d54-999e-b61ab3625433/datanode-1/data/ratis] (custom)
2019-10-10 00:41:33,474 [pool-393-thread-1] INFO  server.RaftServerConfigKeys (ConfUtils.java:logGet(43)) - raft.server.log.corruption.policy = EXCEPTION (default)
2019-10-10 00:41:33,474 [pool-393-thread-1] INFO  storage.RaftStorageDirectory (RaftStorageDirectory.java:analyzeStorage(246)) - The storage directory /workdir/hadoop-ozone/integration-test/target/test-dir/MiniOzoneClusterImpl-5064c2d2-feb5-4d54-999e-b61ab3625433/datanode-1/data/ratis/b23ca7a1-6ed0-4b4f-ae7a-632c288fa379 does not exist. Creating ...
2019-10-10 00:41:33,474 [pool-403-thread-1] INFO  impl.RaftServerImpl (RaftServerImpl.java:<init>(95)) - fac24f77-0377-4290-a08b-a58c53fb1ebe: new RaftServerImpl for group-632C288FA379:[d495a13f-0a7b-428d-b6dc-21df85afa43a:192.168.151.65:45138, fac24f77-0377-4290-a08b-a58c53fb1ebe:192.168.151.65:42834, ca37b42e-f95b-46f6-a9aa-3d6a566edb7e:192.168.151.65:36464] with ContainerStateMachine:uninitialized
2019-10-10 00:41:33,474 [pool-403-thread-1] INFO  server.RaftServerConfigKeys (ConfUtils.java:logGet(43)) - raft.server.rpc.timeout.min = 5s (custom)
2019-10-10 00:41:33,474 [pool-403-thread-1] INFO  server.RaftServerConfigKeys (ConfUtils.java:logGet(43)) - raft.server.rpc.timeout.max = 5200ms (custom)
2019-10-10 00:41:33,474 [pool-403-thread-1] INFO  server.RaftServerConfigKeys (ConfUtils.java:logGet(43)) - raft.server.rpcslowness.timeout = 120s (custom)
2019-10-10 00:41:33,475 [pool-403-thread-1] INFO  server.RaftServerConfigKeys (ConfUtils.java:logGet(43)) - raft.server.sleep.deviation.threshold = 300 (default)
2019-10-10 00:41:33,475 [pool-403-thread-1] INFO  server.RaftServerConfigKeys (ConfUtils.java:logGet(43)) - raft.server.log.appender.install.snapshot.enabled = false (custom)
2019-10-10 00:41:33,475 [pool-403-thread-1] INFO  impl.RaftServerImpl (ServerState.java:<init>(103)) - fac24f77-0377-4290-a08b-a58c53fb1ebe@group-632C288FA379: ConfigurationManager, init=-1: [d495a13f-0a7b-428d-b6dc-21df85afa43a:192.168.151.65:45138, fac24f77-0377-4290-a08b-a58c53fb1ebe:192.168.151.65:42834, ca37b42e-f95b-46f6-a9aa-3d6a566edb7e:192.168.151.65:36464], old=null, confs=<EMPTY_MAP>
2019-10-10 00:41:33,475 [pool-403-thread-1] INFO  server.RaftServerConfigKeys (ConfUtils.java:logGet(43)) - raft.server.storage.dir = [/workdir/hadoop-ozone/integration-test/target/test-dir/MiniOzoneClusterImpl-5064c2d2-feb5-4d54-999e-b61ab3625433/datanode-2/data/ratis] (custom)
2019-10-10 00:41:33,475 [pool-403-thread-1] INFO  server.RaftServerConfigKeys (ConfUtils.java:logGet(43)) - raft.server.log.corruption.policy = EXCEPTION (default)
2019-10-10 00:41:33,475 [pool-383-thread-1] INFO  impl.RaftServerImpl (RaftServerImpl.java:<init>(95)) - ca37b42e-f95b-46f6-a9aa-3d6a566edb7e: new RaftServerImpl for group-632C288FA379:[d495a13f-0a7b-428d-b6dc-21df85afa43a:192.168.151.65:45138, fac24f77-0377-4290-a08b-a58c53fb1ebe:192.168.151.65:42834, ca37b42e-f95b-46f6-a9aa-3d6a566edb7e:192.168.151.65:36464] with ContainerStateMachine:uninitialized
2019-10-10 00:41:33,476 [pool-403-thread-1] INFO  storage.RaftStorageDirectory (RaftStorageDirectory.java:analyzeStorage(246)) - The storage directory /workdir/hadoop-ozone/integration-test/target/test-dir/MiniOzoneClusterImpl-5064c2d2-feb5-4d54-999e-b61ab3625433/datanode-2/data/ratis/b23ca7a1-6ed0-4b4f-ae7a-632c288fa379 does not exist. Creating ...
2019-10-10 00:41:33,476 [pool-383-thread-1] INFO  server.RaftServerConfigKeys (ConfUtils.java:logGet(43)) - raft.server.rpc.timeout.min = 5s (custom)
2019-10-10 00:41:33,476 [pool-383-thread-1] INFO  server.RaftServerConfigKeys (ConfUtils.java:logGet(43)) - raft.server.rpc.timeout.max = 5200ms (custom)
2019-10-10 00:41:33,476 [pool-383-thread-1] INFO  server.RaftServerConfigKeys (ConfUtils.java:logGet(43)) - raft.server.rpcslowness.timeout = 120s (custom)
2019-10-10 00:41:33,476 [pool-383-thread-1] INFO  server.RaftServerConfigKeys (ConfUtils.java:logGet(43)) - raft.server.sleep.deviation.threshold = 300 (default)
2019-10-10 00:41:33,476 [pool-383-thread-1] INFO  server.RaftServerConfigKeys (ConfUtils.java:logGet(43)) - raft.server.log.appender.install.snapshot.enabled = false (custom)
2019-10-10 00:41:33,476 [pool-383-thread-1] INFO  impl.RaftServerImpl (ServerState.java:<init>(103)) - ca37b42e-f95b-46f6-a9aa-3d6a566edb7e@group-632C288FA379: ConfigurationManager, init=-1: [d495a13f-0a7b-428d-b6dc-21df85afa43a:192.168.151.65:45138, fac24f77-0377-4290-a08b-a58c53fb1ebe:192.168.151.65:42834, ca37b42e-f95b-46f6-a9aa-3d6a566edb7e:192.168.151.65:36464], old=null, confs=<EMPTY_MAP>
2019-10-10 00:41:33,477 [pool-383-thread-1] INFO  server.RaftServerConfigKeys (ConfUtils.java:logGet(43)) - raft.server.storage.dir = [/workdir/hadoop-ozone/integration-test/target/test-dir/MiniOzoneClusterImpl-5064c2d2-feb5-4d54-999e-b61ab3625433/datanode-0/data/ratis] (custom)
2019-10-10 00:41:33,477 [pool-383-thread-1] INFO  server.RaftServerConfigKeys (ConfUtils.java:logGet(43)) - raft.server.log.corruption.policy = EXCEPTION (default)
2019-10-10 00:41:33,477 [pool-383-thread-1] INFO  storage.RaftStorageDirectory (RaftStorageDirectory.java:analyzeStorage(246)) - The storage directory /workdir/hadoop-ozone/integration-test/target/test-dir/MiniOzoneClusterImpl-5064c2d2-feb5-4d54-999e-b61ab3625433/datanode-0/data/ratis/b23ca7a1-6ed0-4b4f-ae7a-632c288fa379 does not exist. Creating ...
2019-10-10 00:41:33,486 [pool-393-thread-1] INFO  storage.RaftStorageDirectory (RaftStorageDirectory.java:tryLock(328)) - Lock on /workdir/hadoop-ozone/integration-test/target/test-dir/MiniOzoneClusterImpl-5064c2d2-feb5-4d54-999e-b61ab3625433/datanode-1/data/ratis/b23ca7a1-6ed0-4b4f-ae7a-632c288fa379/in_use.lock acquired by nodename 20695@pr-hdds-2181-sj4vp-878094216
2019-10-10 00:41:33,487 [pool-403-thread-1] INFO  storage.RaftStorageDirectory (RaftStorageDirectory.java:tryLock(328)) - Lock on /workdir/hadoop-ozone/integration-test/target/test-dir/MiniOzoneClusterImpl-5064c2d2-feb5-4d54-999e-b61ab3625433/datanode-2/data/ratis/b23ca7a1-6ed0-4b4f-ae7a-632c288fa379/in_use.lock acquired by nodename 20695@pr-hdds-2181-sj4vp-878094216
2019-10-10 00:41:33,486 [pool-383-thread-1] INFO  storage.RaftStorageDirectory (RaftStorageDirectory.java:tryLock(328)) - Lock on /workdir/hadoop-ozone/integration-test/target/test-dir/MiniOzoneClusterImpl-5064c2d2-feb5-4d54-999e-b61ab3625433/datanode-0/data/ratis/b23ca7a1-6ed0-4b4f-ae7a-632c288fa379/in_use.lock acquired by nodename 20695@pr-hdds-2181-sj4vp-878094216
2019-10-10 00:41:33,501 [pool-393-thread-1] INFO  storage.RaftStorage (RaftStorage.java:format(84)) - Storage directory /workdir/hadoop-ozone/integration-test/target/test-dir/MiniOzoneClusterImpl-5064c2d2-feb5-4d54-999e-b61ab3625433/datanode-1/data/ratis/b23ca7a1-6ed0-4b4f-ae7a-632c288fa379 has been successfully formatted.
2019-10-10 00:41:33,501 [pool-383-thread-1] INFO  storage.RaftStorage (RaftStorage.java:format(84)) - Storage directory /workdir/hadoop-ozone/integration-test/target/test-dir/MiniOzoneClusterImpl-5064c2d2-feb5-4d54-999e-b61ab3625433/datanode-0/data/ratis/b23ca7a1-6ed0-4b4f-ae7a-632c288fa379 has been successfully formatted.
2019-10-10 00:41:33,501 [pool-403-thread-1] INFO  storage.RaftStorage (RaftStorage.java:format(84)) - Storage directory /workdir/hadoop-ozone/integration-test/target/test-dir/MiniOzoneClusterImpl-5064c2d2-feb5-4d54-999e-b61ab3625433/datanode-2/data/ratis/b23ca7a1-6ed0-4b4f-ae7a-632c288fa379 has been successfully formatted.
2019-10-10 00:41:33,501 [pool-383-thread-1] INFO  ratis.ContainerStateMachine (ContainerStateMachine.java:loadSnapshot(231)) - group-632C288FA379: The snapshot info is null. Setting the last applied indexto:(t:0, i:~)
2019-10-10 00:41:33,501 [pool-393-thread-1] INFO  ratis.ContainerStateMachine (ContainerStateMachine.java:loadSnapshot(231)) - group-632C288FA379: The snapshot info is null. Setting the last applied indexto:(t:0, i:~)
2019-10-10 00:41:33,501 [pool-383-thread-1] INFO  server.RaftServerConfigKeys (ConfUtils.java:logGet(43)) - raft.server.notification.no-leader.timeout = 120s (custom)
2019-10-10 00:41:33,501 [pool-403-thread-1] INFO  ratis.ContainerStateMachine (ContainerStateMachine.java:loadSnapshot(231)) - group-632C288FA379: The snapshot info is null. Setting the last applied indexto:(t:0, i:~)
2019-10-10 00:41:33,501 [pool-383-thread-1] INFO  server.RaftServerConfigKeys (ConfUtils.java:logGet(43)) - raft.server.log.use.memory = false (default)
2019-10-10 00:41:33,501 [pool-393-thread-1] INFO  server.RaftServerConfigKeys (ConfUtils.java:logGet(43)) - raft.server.notification.no-leader.timeout = 120s (custom)
2019-10-10 00:41:33,502 [pool-383-thread-1] INFO  server.RaftServerConfigKeys (ConfUtils.java:logGet(43)) - raft.server.log.purge.gap = 1000000 (custom)
2019-10-10 00:41:33,501 [pool-403-thread-1] INFO  server.RaftServerConfigKeys (ConfUtils.java:logGet(43)) - raft.server.notification.no-leader.timeout = 120s (custom)
2019-10-10 00:41:33,502 [pool-383-thread-1] INFO  server.RaftServerConfigKeys (ConfUtils.java:logGet(43)) - raft.server.log.appender.buffer.byte-limit = 33554432 (custom)
2019-10-10 00:41:33,502 [pool-393-thread-1] INFO  server.RaftServerConfigKeys (ConfUtils.java:logGet(43)) - raft.server.log.use.memory = false (default)
2019-10-10 00:41:33,502 [pool-383-thread-1] INFO  server.RaftServerConfigKeys (ConfUtils.java:logGet(43)) - raft.server.log.segment.size.max = 1048576 (custom)
2019-10-10 00:41:33,502 [pool-403-thread-1] INFO  server.RaftServerConfigKeys (ConfUtils.java:logGet(43)) - raft.server.log.use.memory = false (default)
2019-10-10 00:41:33,502 [pool-383-thread-1] INFO  server.RaftServerConfigKeys (ConfUtils.java:logGet(43)) - raft.server.log.segment.cache.num.max = 2 (custom)
2019-10-10 00:41:33,502 [pool-393-thread-1] INFO  server.RaftServerConfigKeys (ConfUtils.java:logGet(43)) - raft.server.log.purge.gap = 1000000 (custom)
2019-10-10 00:41:33,503 [pool-383-thread-1] INFO  segmented.SegmentedRaftLogWorker (SegmentedRaftLogWorker.java:<init>(173)) - new ca37b42e-f95b-46f6-a9aa-3d6a566edb7e@group-632C288FA379-SegmentedRaftLogWorker for RaftStorage:Storage Directory /workdir/hadoop-ozone/integration-test/target/test-dir/MiniOzoneClusterImpl-5064c2d2-feb5-4d54-999e-b61ab3625433/datanode-0/data/ratis/b23ca7a1-6ed0-4b4f-ae7a-632c288fa379
2019-10-10 00:41:33,502 [pool-403-thread-1] INFO  server.RaftServerConfigKeys (ConfUtils.java:logGet(43)) - raft.server.log.purge.gap = 1000000 (custom)
2019-10-10 00:41:33,503 [pool-383-thread-1] INFO  server.RaftServerConfigKeys (ConfUtils.java:logGet(43)) - raft.server.log.queue.byte-limit = 2147483647 (custom)
2019-10-10 00:41:33,503 [pool-393-thread-1] INFO  server.RaftServerConfigKeys (ConfUtils.java:logGet(43)) - raft.server.log.appender.buffer.byte-limit = 33554432 (custom)
2019-10-10 00:41:33,503 [pool-383-thread-1] INFO  server.RaftServerConfigKeys (ConfUtils.java:logGet(43)) - raft.server.log.queue.element-limit = 1024 (custom)
2019-10-10 00:41:33,503 [pool-403-thread-1] INFO  server.RaftServerConfigKeys (ConfUtils.java:logGet(43)) - raft.server.log.appender.buffer.byte-limit = 33554432 (custom)
2019-10-10 00:41:33,503 [pool-383-thread-1] INFO  server.RaftServerConfigKeys (ConfUtils.java:logGet(43)) - raft.server.log.segment.size.max = 1048576 (custom)
2019-10-10 00:41:33,503 [pool-393-thread-1] INFO  server.RaftServerConfigKeys (ConfUtils.java:logGet(43)) - raft.server.log.segment.size.max = 1048576 (custom)
2019-10-10 00:41:33,504 [pool-383-thread-1] INFO  server.RaftServerConfigKeys (ConfUtils.java:logGet(43)) - raft.server.log.preallocated.size = 16384 (custom)
2019-10-10 00:41:33,503 [pool-403-thread-1] INFO  server.RaftServerConfigKeys (ConfUtils.java:logGet(43)) - raft.server.log.segment.size.max = 1048576 (custom)
2019-10-10 00:41:33,504 [pool-383-thread-1] INFO  server.RaftServerConfigKeys (ConfUtils.java:logGet(43)) - raft.server.log.write.buffer.size = 33554432 (custom)
2019-10-10 00:41:33,504 [pool-393-thread-1] INFO  server.RaftServerConfigKeys (ConfUtils.java:logGet(43)) - raft.server.log.segment.cache.num.max = 2 (custom)
2019-10-10 00:41:33,504 [pool-383-thread-1] INFO  server.RaftServerConfigKeys (ConfUtils.java:logGet(43)) - raft.server.log.force.sync.num = 128 (default)
2019-10-10 00:41:33,504 [pool-403-thread-1] INFO  server.RaftServerConfigKeys (ConfUtils.java:logGet(43)) - raft.server.log.segment.cache.num.max = 2 (custom)
2019-10-10 00:41:33,504 [pool-383-thread-1] INFO  server.RaftServerConfigKeys (ConfUtils.java:logGet(43)) - raft.server.log.statemachine.data.sync = true (default)
2019-10-10 00:41:33,504 [pool-393-thread-1] INFO  segmented.SegmentedRaftLogWorker (SegmentedRaftLogWorker.java:<init>(173)) - new d495a13f-0a7b-428d-b6dc-21df85afa43a@group-632C288FA379-SegmentedRaftLogWorker for RaftStorage:Storage Directory /workdir/hadoop-ozone/integration-test/target/test-dir/MiniOzoneClusterImpl-5064c2d2-feb5-4d54-999e-b61ab3625433/datanode-1/data/ratis/b23ca7a1-6ed0-4b4f-ae7a-632c288fa379
2019-10-10 00:41:33,505 [pool-383-thread-1] INFO  server.RaftServerConfigKeys (ConfUtils.java:logGet(43)) - raft.server.log.statemachine.data.sync.timeout = 10s (default)
2019-10-10 00:41:33,504 [pool-403-thread-1] INFO  segmented.SegmentedRaftLogWorker (SegmentedRaftLogWorker.java:<init>(173)) - new fac24f77-0377-4290-a08b-a58c53fb1ebe@group-632C288FA379-SegmentedRaftLogWorker for RaftStorage:Storage Directory /workdir/hadoop-ozone/integration-test/target/test-dir/MiniOzoneClusterImpl-5064c2d2-feb5-4d54-999e-b61ab3625433/datanode-2/data/ratis/b23ca7a1-6ed0-4b4f-ae7a-632c288fa379
2019-10-10 00:41:33,505 [pool-383-thread-1] INFO  server.RaftServerConfigKeys (ConfUtils.java:logGet(43)) - raft.server.log.statemachine.data.sync.timeout.retry = -1 (default)
2019-10-10 00:41:33,505 [pool-393-thread-1] INFO  server.RaftServerConfigKeys (ConfUtils.java:logGet(43)) - raft.server.log.queue.byte-limit = 2147483647 (custom)
2019-10-10 00:41:33,505 [pool-383-thread-1] INFO  server.RaftServerConfigKeys (ConfUtils.java:logGet(43)) - raft.server.log.statemachine.data.caching.enabled = true (custom)
2019-10-10 00:41:33,505 [pool-403-thread-1] INFO  server.RaftServerConfigKeys (ConfUtils.java:logGet(43)) - raft.server.log.queue.byte-limit = 2147483647 (custom)
2019-10-10 00:41:33,505 [pool-393-thread-1] INFO  server.RaftServerConfigKeys (ConfUtils.java:logGet(43)) - raft.server.log.queue.element-limit = 1024 (custom)
2019-10-10 00:41:33,506 [pool-383-thread-1] INFO  segmented.SegmentedRaftLogWorker (SegmentedRaftLogWorker.java:lambda$new$0(128)) - ca37b42e-f95b-46f6-a9aa-3d6a566edb7e@group-632C288FA379-SegmentedRaftLogWorker: flushIndex: setUnconditionally 0 -> -1
2019-10-10 00:41:33,506 [pool-403-thread-1] INFO  server.RaftServerConfigKeys (ConfUtils.java:logGet(43)) - raft.server.log.queue.element-limit = 1024 (custom)
2019-10-10 00:41:33,506 [pool-393-thread-1] INFO  server.RaftServerConfigKeys (ConfUtils.java:logGet(43)) - raft.server.log.segment.size.max = 1048576 (custom)
2019-10-10 00:41:33,506 [pool-383-thread-1] INFO  server.RaftServerConfigKeys (ConfUtils.java:logGet(43)) - raft.server.snapshot.auto.trigger.enabled = true (custom)
2019-10-10 00:41:33,506 [pool-403-thread-1] INFO  server.RaftServerConfigKeys (ConfUtils.java:logGet(43)) - raft.server.log.segment.size.max = 1048576 (custom)
2019-10-10 00:41:33,506 [pool-383-thread-1] INFO  server.RaftServerConfigKeys (ConfUtils.java:logGet(43)) - raft.server.snapshot.auto.trigger.threshold = 10000 (custom)
2019-10-10 00:41:33,506 [pool-393-thread-1] INFO  server.RaftServerConfigKeys (ConfUtils.java:logGet(43)) - raft.server.log.preallocated.size = 16384 (custom)
2019-10-10 00:41:33,506 [pool-383-thread-1] INFO  server.RaftServerConfigKeys (ConfUtils.java:logGet(43)) - raft.server.snapshot.retention.file.num = 5 (custom)
2019-10-10 00:41:33,506 [pool-403-thread-1] INFO  server.RaftServerConfigKeys (ConfUtils.java:logGet(43)) - raft.server.log.preallocated.size = 16384 (custom)
2019-10-10 00:41:33,507 [pool-383-thread-1] INFO  server.RaftServerConfigKeys (ConfUtils.java:logGet(43)) - raft.server.retrycache.expirytime = 600000ms (custom)
2019-10-10 00:41:33,506 [pool-393-thread-1] INFO  server.RaftServerConfigKeys (ConfUtils.java:logGet(43)) - raft.server.log.write.buffer.size = 33554432 (custom)
2019-10-10 00:41:33,507 [pool-403-thread-1] INFO  server.RaftServerConfigKeys (ConfUtils.java:logGet(43)) - raft.server.log.write.buffer.size = 33554432 (custom)
2019-10-10 00:41:33,507 [pool-393-thread-1] INFO  server.RaftServerConfigKeys (ConfUtils.java:logGet(43)) - raft.server.log.force.sync.num = 128 (default)
2019-10-10 00:41:33,507 [pool-403-thread-1] INFO  server.RaftServerConfigKeys (ConfUtils.java:logGet(43)) - raft.server.log.force.sync.num = 128 (default)
2019-10-10 00:41:33,507 [pool-393-thread-1] INFO  server.RaftServerConfigKeys (ConfUtils.java:logGet(43)) - raft.server.log.statemachine.data.sync = true (default)
2019-10-10 00:41:33,507 [pool-403-thread-1] INFO  server.RaftServerConfigKeys (ConfUtils.java:logGet(43)) - raft.server.log.statemachine.data.sync = true (default)
2019-10-10 00:41:33,507 [pool-393-thread-1] INFO  server.RaftServerConfigKeys (ConfUtils.java:logGet(43)) - raft.server.log.statemachine.data.sync.timeout = 10s (default)
2019-10-10 00:41:33,507 [pool-403-thread-1] INFO  server.RaftServerConfigKeys (ConfUtils.java:logGet(43)) - raft.server.log.statemachine.data.sync.timeout = 10s (default)
2019-10-10 00:41:33,508 [pool-393-thread-1] INFO  server.RaftServerConfigKeys (ConfUtils.java:logGet(43)) - raft.server.log.statemachine.data.sync.timeout.retry = -1 (default)
2019-10-10 00:41:33,508 [pool-403-thread-1] INFO  server.RaftServerConfigKeys (ConfUtils.java:logGet(43)) - raft.server.log.statemachine.data.sync.timeout.retry = -1 (default)
2019-10-10 00:41:33,508 [pool-393-thread-1] INFO  server.RaftServerConfigKeys (ConfUtils.java:logGet(43)) - raft.server.log.statemachine.data.caching.enabled = true (custom)
2019-10-10 00:41:33,508 [pool-403-thread-1] INFO  server.RaftServerConfigKeys (ConfUtils.java:logGet(43)) - raft.server.log.statemachine.data.caching.enabled = true (custom)
2019-10-10 00:41:33,508 [pool-393-thread-1] INFO  segmented.SegmentedRaftLogWorker (SegmentedRaftLogWorker.java:lambda$new$0(128)) - d495a13f-0a7b-428d-b6dc-21df85afa43a@group-632C288FA379-SegmentedRaftLogWorker: flushIndex: setUnconditionally 0 -> -1
2019-10-10 00:41:33,508 [pool-403-thread-1] INFO  segmented.SegmentedRaftLogWorker (SegmentedRaftLogWorker.java:lambda$new$0(128)) - fac24f77-0377-4290-a08b-a58c53fb1ebe@group-632C288FA379-SegmentedRaftLogWorker: flushIndex: setUnconditionally 0 -> -1
2019-10-10 00:41:33,508 [pool-393-thread-1] INFO  server.RaftServerConfigKeys (ConfUtils.java:logGet(43)) - raft.server.snapshot.auto.trigger.enabled = true (custom)
2019-10-10 00:41:33,509 [pool-403-thread-1] INFO  server.RaftServerConfigKeys (ConfUtils.java:logGet(43)) - raft.server.snapshot.auto.trigger.enabled = true (custom)
2019-10-10 00:41:33,509 [pool-393-thread-1] INFO  server.RaftServerConfigKeys (ConfUtils.java:logGet(43)) - raft.server.snapshot.auto.trigger.threshold = 10000 (custom)
2019-10-10 00:41:33,509 [pool-383-thread-1] INFO  impl.RaftServerImpl (RaftServerImpl.java:start(181)) - ca37b42e-f95b-46f6-a9aa-3d6a566edb7e@group-632C288FA379: start as a follower, conf=-1: [d495a13f-0a7b-428d-b6dc-21df85afa43a:192.168.151.65:45138, fac24f77-0377-4290-a08b-a58c53fb1ebe:192.168.151.65:42834, ca37b42e-f95b-46f6-a9aa-3d6a566edb7e:192.168.151.65:36464], old=null
2019-10-10 00:41:33,509 [pool-403-thread-1] INFO  server.RaftServerConfigKeys (ConfUtils.java:logGet(43)) - raft.server.snapshot.auto.trigger.threshold = 10000 (custom)
2019-10-10 00:41:33,509 [pool-383-thread-1] INFO  impl.RaftServerImpl (RaftServerImpl.java:setRole(170)) - ca37b42e-f95b-46f6-a9aa-3d6a566edb7e@group-632C288FA379: changes role from      null to FOLLOWER at term 0 for startAsFollower
2019-10-10 00:41:33,509 [pool-393-thread-1] INFO  server.RaftServerConfigKeys (ConfUtils.java:logGet(43)) - raft.server.snapshot.retention.file.num = 5 (custom)
2019-10-10 00:41:33,509 [pool-383-thread-1] INFO  impl.RoleInfo (RoleInfo.java:updateAndGet(143)) - ca37b42e-f95b-46f6-a9aa-3d6a566edb7e: start FollowerState
2019-10-10 00:41:33,509 [pool-403-thread-1] INFO  server.RaftServerConfigKeys (ConfUtils.java:logGet(43)) - raft.server.snapshot.retention.file.num = 5 (custom)
2019-10-10 00:41:33,509 [pool-393-thread-1] INFO  server.RaftServerConfigKeys (ConfUtils.java:logGet(43)) - raft.server.retrycache.expirytime = 600000ms (custom)
2019-10-10 00:41:33,509 [pool-403-thread-1] INFO  server.RaftServerConfigKeys (ConfUtils.java:logGet(43)) - raft.server.retrycache.expirytime = 600000ms (custom)
2019-10-10 00:41:33,510 [pool-383-thread-1] INFO  util.JmxRegister (JmxRegister.java:tryRegister(44)) - Successfully registered JMX Bean with object name Ratis:service=RaftServer,group=group-632C288FA379,id=ca37b42e-f95b-46f6-a9aa-3d6a566edb7e
2019-10-10 00:41:33,513 [pool-393-thread-1] INFO  impl.RaftServerImpl (RaftServerImpl.java:start(181)) - d495a13f-0a7b-428d-b6dc-21df85afa43a@group-632C288FA379: start as a follower, conf=-1: [d495a13f-0a7b-428d-b6dc-21df85afa43a:192.168.151.65:45138, fac24f77-0377-4290-a08b-a58c53fb1ebe:192.168.151.65:42834, ca37b42e-f95b-46f6-a9aa-3d6a566edb7e:192.168.151.65:36464], old=null
2019-10-10 00:41:33,513 [pool-393-thread-1] INFO  impl.RaftServerImpl (RaftServerImpl.java:setRole(170)) - d495a13f-0a7b-428d-b6dc-21df85afa43a@group-632C288FA379: changes role from      null to FOLLOWER at term 0 for startAsFollower
2019-10-10 00:41:33,513 [pool-403-thread-1] INFO  impl.RaftServerImpl (RaftServerImpl.java:start(181)) - fac24f77-0377-4290-a08b-a58c53fb1ebe@group-632C288FA379: start as a follower, conf=-1: [d495a13f-0a7b-428d-b6dc-21df85afa43a:192.168.151.65:45138, fac24f77-0377-4290-a08b-a58c53fb1ebe:192.168.151.65:42834, ca37b42e-f95b-46f6-a9aa-3d6a566edb7e:192.168.151.65:36464], old=null
2019-10-10 00:41:33,513 [pool-393-thread-1] INFO  impl.RoleInfo (RoleInfo.java:updateAndGet(143)) - d495a13f-0a7b-428d-b6dc-21df85afa43a: start FollowerState
2019-10-10 00:41:33,513 [pool-403-thread-1] INFO  impl.RaftServerImpl (RaftServerImpl.java:setRole(170)) - fac24f77-0377-4290-a08b-a58c53fb1ebe@group-632C288FA379: changes role from      null to FOLLOWER at term 0 for startAsFollower
2019-10-10 00:41:33,514 [pool-393-thread-1] INFO  util.JmxRegister (JmxRegister.java:tryRegister(44)) - Successfully registered JMX Bean with object name Ratis:service=RaftServer,group=group-632C288FA379,id=d495a13f-0a7b-428d-b6dc-21df85afa43a
2019-10-10 00:41:33,514 [pool-403-thread-1] INFO  impl.RoleInfo (RoleInfo.java:updateAndGet(143)) - fac24f77-0377-4290-a08b-a58c53fb1ebe: start FollowerState
2019-10-10 00:41:33,514 [pool-403-thread-1] INFO  util.JmxRegister (JmxRegister.java:tryRegister(44)) - Successfully registered JMX Bean with object name Ratis:service=RaftServer,group=group-632C288FA379,id=fac24f77-0377-4290-a08b-a58c53fb1ebe
2019-10-10 00:41:33,519 [RatisPipelineUtilsThread] INFO  pipeline.PipelineStateManager (PipelineStateManager.java:addPipeline(56)) - Created pipeline Pipeline[ Id: b23ca7a1-6ed0-4b4f-ae7a-632c288fa379, Nodes: fac24f77-0377-4290-a08b-a58c53fb1ebe{ip: 192.168.151.65, host: pr-hdds-2181-sj4vp-878094216, networkLocation: /default-rack, certSerialId: null}ca37b42e-f95b-46f6-a9aa-3d6a566edb7e{ip: 192.168.151.65, host: pr-hdds-2181-sj4vp-878094216, networkLocation: /default-rack, certSerialId: null}d495a13f-0a7b-428d-b6dc-21df85afa43a{ip: 192.168.151.65, host: pr-hdds-2181-sj4vp-878094216, networkLocation: /default-rack, certSerialId: null}, Type:RATIS, Factor:THREE, State:OPEN]
2019-10-10 00:41:33,528 [grpc-default-executor-7] INFO  impl.RaftServerProxy (RaftServerProxy.java:addNew(89)) - a7239857-a50b-4b60-a79a-ec06882c000c: addNew group-E7EC032C0311:[a7239857-a50b-4b60-a79a-ec06882c000c:192.168.151.65:33305] returns group-E7EC032C0311:java.util.concurrent.CompletableFuture@bd16b89[Not completed]
2019-10-10 00:41:33,529 [IPC Server handler 0 on 38952] INFO  net.NetworkTopology (NetworkTopologyImpl.java:add(111)) - Added a new node: /default-rack/73b9ed2c-c92d-4181-a079-a18a14bceeef
2019-10-10 00:41:33,530 [pool-413-thread-1] INFO  impl.RaftServerImpl (RaftServerImpl.java:<init>(95)) - a7239857-a50b-4b60-a79a-ec06882c000c: new RaftServerImpl for group-E7EC032C0311:[a7239857-a50b-4b60-a79a-ec06882c000c:192.168.151.65:33305] with ContainerStateMachine:uninitialized
2019-10-10 00:41:33,531 [IPC Server handler 0 on 38952] INFO  node.SCMNodeManager (SCMNodeManager.java:register(268)) - Registered Data node : 73b9ed2c-c92d-4181-a079-a18a14bceeef{ip: 192.168.151.65, host: pr-hdds-2181-sj4vp-878094216, networkLocation: /default-rack, certSerialId: null}
2019-10-10 00:41:33,531 [pool-413-thread-1] INFO  server.RaftServerConfigKeys (ConfUtils.java:logGet(43)) - raft.server.rpc.timeout.min = 5s (custom)
2019-10-10 00:41:33,531 [pool-413-thread-1] INFO  server.RaftServerConfigKeys (ConfUtils.java:logGet(43)) - raft.server.rpc.timeout.max = 5200ms (custom)
2019-10-10 00:41:33,531 [pool-413-thread-1] INFO  server.RaftServerConfigKeys (ConfUtils.java:logGet(43)) - raft.server.rpcslowness.timeout = 120s (custom)
2019-10-10 00:41:33,531 [pool-413-thread-1] INFO  server.RaftServerConfigKeys (ConfUtils.java:logGet(43)) - raft.server.sleep.deviation.threshold = 300 (default)
2019-10-10 00:41:33,531 [pool-413-thread-1] INFO  server.RaftServerConfigKeys (ConfUtils.java:logGet(43)) - raft.server.log.appender.install.snapshot.enabled = false (custom)
2019-10-10 00:41:33,531 [pool-413-thread-1] INFO  impl.RaftServerImpl (ServerState.java:<init>(103)) - a7239857-a50b-4b60-a79a-ec06882c000c@group-E7EC032C0311: ConfigurationManager, init=-1: [a7239857-a50b-4b60-a79a-ec06882c000c:192.168.151.65:33305], old=null, confs=<EMPTY_MAP>
2019-10-10 00:41:33,532 [pool-413-thread-1] INFO  server.RaftServerConfigKeys (ConfUtils.java:logGet(43)) - raft.server.storage.dir = [/workdir/hadoop-ozone/integration-test/target/test-dir/MiniOzoneClusterImpl-5064c2d2-feb5-4d54-999e-b61ab3625433/datanode-3/data/ratis] (custom)
2019-10-10 00:41:33,532 [pool-413-thread-1] INFO  server.RaftServerConfigKeys (ConfUtils.java:logGet(43)) - raft.server.log.corruption.policy = EXCEPTION (default)
2019-10-10 00:41:33,532 [pool-413-thread-1] INFO  storage.RaftStorageDirectory (RaftStorageDirectory.java:analyzeStorage(246)) - The storage directory /workdir/hadoop-ozone/integration-test/target/test-dir/MiniOzoneClusterImpl-5064c2d2-feb5-4d54-999e-b61ab3625433/datanode-3/data/ratis/90b3fe6b-c4f2-446c-989f-e7ec032c0311 does not exist. Creating ...
2019-10-10 00:41:33,544 [pool-413-thread-1] INFO  storage.RaftStorageDirectory (RaftStorageDirectory.java:tryLock(328)) - Lock on /workdir/hadoop-ozone/integration-test/target/test-dir/MiniOzoneClusterImpl-5064c2d2-feb5-4d54-999e-b61ab3625433/datanode-3/data/ratis/90b3fe6b-c4f2-446c-989f-e7ec032c0311/in_use.lock acquired by nodename 20695@pr-hdds-2181-sj4vp-878094216
2019-10-10 00:41:33,557 [pool-413-thread-1] INFO  storage.RaftStorage (RaftStorage.java:format(84)) - Storage directory /workdir/hadoop-ozone/integration-test/target/test-dir/MiniOzoneClusterImpl-5064c2d2-feb5-4d54-999e-b61ab3625433/datanode-3/data/ratis/90b3fe6b-c4f2-446c-989f-e7ec032c0311 has been successfully formatted.
2019-10-10 00:41:33,557 [pool-413-thread-1] INFO  ratis.ContainerStateMachine (ContainerStateMachine.java:loadSnapshot(231)) - group-E7EC032C0311: The snapshot info is null. Setting the last applied indexto:(t:0, i:~)
2019-10-10 00:41:33,557 [pool-413-thread-1] INFO  server.RaftServerConfigKeys (ConfUtils.java:logGet(43)) - raft.server.notification.no-leader.timeout = 120s (custom)
2019-10-10 00:41:33,558 [pool-413-thread-1] INFO  server.RaftServerConfigKeys (ConfUtils.java:logGet(43)) - raft.server.log.use.memory = false (default)
2019-10-10 00:41:33,558 [pool-413-thread-1] INFO  server.RaftServerConfigKeys (ConfUtils.java:logGet(43)) - raft.server.log.purge.gap = 1000000 (custom)
2019-10-10 00:41:33,558 [pool-413-thread-1] INFO  server.RaftServerConfigKeys (ConfUtils.java:logGet(43)) - raft.server.log.appender.buffer.byte-limit = 33554432 (custom)
2019-10-10 00:41:33,558 [pool-413-thread-1] INFO  server.RaftServerConfigKeys (ConfUtils.java:logGet(43)) - raft.server.log.segment.size.max = 1048576 (custom)
2019-10-10 00:41:33,560 [pool-413-thread-1] INFO  server.RaftServerConfigKeys (ConfUtils.java:logGet(43)) - raft.server.log.segment.cache.num.max = 2 (custom)
2019-10-10 00:41:33,560 [pool-413-thread-1] INFO  segmented.SegmentedRaftLogWorker (SegmentedRaftLogWorker.java:<init>(173)) - new a7239857-a50b-4b60-a79a-ec06882c000c@group-E7EC032C0311-SegmentedRaftLogWorker for RaftStorage:Storage Directory /workdir/hadoop-ozone/integration-test/target/test-dir/MiniOzoneClusterImpl-5064c2d2-feb5-4d54-999e-b61ab3625433/datanode-3/data/ratis/90b3fe6b-c4f2-446c-989f-e7ec032c0311
2019-10-10 00:41:33,560 [pool-413-thread-1] INFO  server.RaftServerConfigKeys (ConfUtils.java:logGet(43)) - raft.server.log.queue.byte-limit = 2147483647 (custom)
2019-10-10 00:41:33,560 [pool-413-thread-1] INFO  server.RaftServerConfigKeys (ConfUtils.java:logGet(43)) - raft.server.log.queue.element-limit = 1024 (custom)
2019-10-10 00:41:33,560 [pool-413-thread-1] INFO  server.RaftServerConfigKeys (ConfUtils.java:logGet(43)) - raft.server.log.segment.size.max = 1048576 (custom)
2019-10-10 00:41:33,561 [pool-413-thread-1] INFO  server.RaftServerConfigKeys (ConfUtils.java:logGet(43)) - raft.server.log.preallocated.size = 16384 (custom)
2019-10-10 00:41:33,561 [pool-413-thread-1] INFO  server.RaftServerConfigKeys (ConfUtils.java:logGet(43)) - raft.server.log.write.buffer.size = 33554432 (custom)
2019-10-10 00:41:33,561 [pool-413-thread-1] INFO  server.RaftServerConfigKeys (ConfUtils.java:logGet(43)) - raft.server.log.force.sync.num = 128 (default)
2019-10-10 00:41:33,561 [pool-413-thread-1] INFO  server.RaftServerConfigKeys (ConfUtils.java:logGet(43)) - raft.server.log.statemachine.data.sync = true (default)
2019-10-10 00:41:33,561 [pool-413-thread-1] INFO  server.RaftServerConfigKeys (ConfUtils.java:logGet(43)) - raft.server.log.statemachine.data.sync.timeout = 10s (default)
2019-10-10 00:41:33,561 [pool-413-thread-1] INFO  server.RaftServerConfigKeys (ConfUtils.java:logGet(43)) - raft.server.log.statemachine.data.sync.timeout.retry = -1 (default)
2019-10-10 00:41:33,562 [pool-413-thread-1] INFO  server.RaftServerConfigKeys (ConfUtils.java:logGet(43)) - raft.server.log.statemachine.data.caching.enabled = true (custom)
2019-10-10 00:41:33,562 [pool-413-thread-1] INFO  segmented.SegmentedRaftLogWorker (SegmentedRaftLogWorker.java:lambda$new$0(128)) - a7239857-a50b-4b60-a79a-ec06882c000c@group-E7EC032C0311-SegmentedRaftLogWorker: flushIndex: setUnconditionally 0 -> -1
2019-10-10 00:41:33,562 [pool-413-thread-1] INFO  server.RaftServerConfigKeys (ConfUtils.java:logGet(43)) - raft.server.snapshot.auto.trigger.enabled = true (custom)
2019-10-10 00:41:33,562 [pool-413-thread-1] INFO  server.RaftServerConfigKeys (ConfUtils.java:logGet(43)) - raft.server.snapshot.auto.trigger.threshold = 10000 (custom)
2019-10-10 00:41:33,562 [pool-413-thread-1] INFO  server.RaftServerConfigKeys (ConfUtils.java:logGet(43)) - raft.server.snapshot.retention.file.num = 5 (custom)
2019-10-10 00:41:33,563 [pool-413-thread-1] INFO  server.RaftServerConfigKeys (ConfUtils.java:logGet(43)) - raft.server.retrycache.expirytime = 600000ms (custom)
2019-10-10 00:41:33,565 [pool-413-thread-1] INFO  impl.RaftServerImpl (RaftServerImpl.java:start(181)) - a7239857-a50b-4b60-a79a-ec06882c000c@group-E7EC032C0311: start as a follower, conf=-1: [a7239857-a50b-4b60-a79a-ec06882c000c:192.168.151.65:33305], old=null
2019-10-10 00:41:33,565 [pool-413-thread-1] INFO  impl.RaftServerImpl (RaftServerImpl.java:setRole(170)) - a7239857-a50b-4b60-a79a-ec06882c000c@group-E7EC032C0311: changes role from      null to FOLLOWER at term 0 for startAsFollower
2019-10-10 00:41:33,565 [pool-413-thread-1] INFO  impl.RoleInfo (RoleInfo.java:updateAndGet(143)) - a7239857-a50b-4b60-a79a-ec06882c000c: start FollowerState
2019-10-10 00:41:33,565 [pool-413-thread-1] INFO  util.JmxRegister (JmxRegister.java:tryRegister(44)) - Successfully registered JMX Bean with object name Ratis:service=RaftServer,group=group-E7EC032C0311,id=a7239857-a50b-4b60-a79a-ec06882c000c
2019-10-10 00:41:33,570 [RatisPipelineUtilsThread] INFO  pipeline.PipelineStateManager (PipelineStateManager.java:addPipeline(56)) - Created pipeline Pipeline[ Id: 90b3fe6b-c4f2-446c-989f-e7ec032c0311, Nodes: a7239857-a50b-4b60-a79a-ec06882c000c{ip: 192.168.151.65, host: pr-hdds-2181-sj4vp-878094216, networkLocation: /default-rack, certSerialId: null}, Type:RATIS, Factor:ONE, State:OPEN]
2019-10-10 00:41:33,577 [grpc-default-executor-7] INFO  impl.RaftServerProxy (RaftServerProxy.java:addNew(89)) - 73b9ed2c-c92d-4181-a079-a18a14bceeef: addNew group-FE1B47AB9232:[73b9ed2c-c92d-4181-a079-a18a14bceeef:192.168.151.65:45285] returns group-FE1B47AB9232:java.util.concurrent.CompletableFuture@f123ba9[Not completed]
2019-10-10 00:41:33,579 [pool-423-thread-1] INFO  impl.RaftServerImpl (RaftServerImpl.java:<init>(95)) - 73b9ed2c-c92d-4181-a079-a18a14bceeef: new RaftServerImpl for group-FE1B47AB9232:[73b9ed2c-c92d-4181-a079-a18a14bceeef:192.168.151.65:45285] with ContainerStateMachine:uninitialized
2019-10-10 00:41:33,579 [pool-423-thread-1] INFO  server.RaftServerConfigKeys (ConfUtils.java:logGet(43)) - raft.server.rpc.timeout.min = 5s (custom)
2019-10-10 00:41:33,579 [pool-423-thread-1] INFO  server.RaftServerConfigKeys (ConfUtils.java:logGet(43)) - raft.server.rpc.timeout.max = 5200ms (custom)
2019-10-10 00:41:33,579 [pool-423-thread-1] INFO  server.RaftServerConfigKeys (ConfUtils.java:logGet(43)) - raft.server.rpcslowness.timeout = 120s (custom)
2019-10-10 00:41:33,579 [pool-423-thread-1] INFO  server.RaftServerConfigKeys (ConfUtils.java:logGet(43)) - raft.server.sleep.deviation.threshold = 300 (default)
2019-10-10 00:41:33,579 [pool-423-thread-1] INFO  server.RaftServerConfigKeys (ConfUtils.java:logGet(43)) - raft.server.log.appender.install.snapshot.enabled = false (custom)
2019-10-10 00:41:33,580 [pool-423-thread-1] INFO  impl.RaftServerImpl (ServerState.java:<init>(103)) - 73b9ed2c-c92d-4181-a079-a18a14bceeef@group-FE1B47AB9232: ConfigurationManager, init=-1: [73b9ed2c-c92d-4181-a079-a18a14bceeef:192.168.151.65:45285], old=null, confs=<EMPTY_MAP>
2019-10-10 00:41:33,580 [pool-423-thread-1] INFO  server.RaftServerConfigKeys (ConfUtils.java:logGet(43)) - raft.server.storage.dir = [/workdir/hadoop-ozone/integration-test/target/test-dir/MiniOzoneClusterImpl-5064c2d2-feb5-4d54-999e-b61ab3625433/datanode-4/data/ratis] (custom)
2019-10-10 00:41:33,580 [pool-423-thread-1] INFO  server.RaftServerConfigKeys (ConfUtils.java:logGet(43)) - raft.server.log.corruption.policy = EXCEPTION (default)
2019-10-10 00:41:33,580 [pool-423-thread-1] INFO  storage.RaftStorageDirectory (RaftStorageDirectory.java:analyzeStorage(246)) - The storage directory /workdir/hadoop-ozone/integration-test/target/test-dir/MiniOzoneClusterImpl-5064c2d2-feb5-4d54-999e-b61ab3625433/datanode-4/data/ratis/7a887032-119a-43cb-b246-fe1b47ab9232 does not exist. Creating ...
2019-10-10 00:41:33,593 [pool-423-thread-1] INFO  storage.RaftStorageDirectory (RaftStorageDirectory.java:tryLock(328)) - Lock on /workdir/hadoop-ozone/integration-test/target/test-dir/MiniOzoneClusterImpl-5064c2d2-feb5-4d54-999e-b61ab3625433/datanode-4/data/ratis/7a887032-119a-43cb-b246-fe1b47ab9232/in_use.lock acquired by nodename 20695@pr-hdds-2181-sj4vp-878094216
2019-10-10 00:41:33,600 [IPC Server handler 3 on 38952] INFO  net.NetworkTopology (NetworkTopologyImpl.java:add(111)) - Added a new node: /default-rack/7b9e8594-92f5-4ba9-87dc-8331683642a0
2019-10-10 00:41:33,601 [IPC Server handler 3 on 38952] INFO  node.SCMNodeManager (SCMNodeManager.java:register(268)) - Registered Data node : 7b9e8594-92f5-4ba9-87dc-8331683642a0{ip: 192.168.151.65, host: pr-hdds-2181-sj4vp-878094216, networkLocation: /default-rack, certSerialId: null}
2019-10-10 00:41:33,606 [pool-423-thread-1] INFO  storage.RaftStorage (RaftStorage.java:format(84)) - Storage directory /workdir/hadoop-ozone/integration-test/target/test-dir/MiniOzoneClusterImpl-5064c2d2-feb5-4d54-999e-b61ab3625433/datanode-4/data/ratis/7a887032-119a-43cb-b246-fe1b47ab9232 has been successfully formatted.
2019-10-10 00:41:33,607 [pool-423-thread-1] INFO  ratis.ContainerStateMachine (ContainerStateMachine.java:loadSnapshot(231)) - group-FE1B47AB9232: The snapshot info is null. Setting the last applied indexto:(t:0, i:~)
2019-10-10 00:41:33,607 [pool-423-thread-1] INFO  server.RaftServerConfigKeys (ConfUtils.java:logGet(43)) - raft.server.notification.no-leader.timeout = 120s (custom)
2019-10-10 00:41:33,607 [pool-423-thread-1] INFO  server.RaftServerConfigKeys (ConfUtils.java:logGet(43)) - raft.server.log.use.memory = false (default)
2019-10-10 00:41:33,607 [pool-423-thread-1] INFO  server.RaftServerConfigKeys (ConfUtils.java:logGet(43)) - raft.server.log.purge.gap = 1000000 (custom)
2019-10-10 00:41:33,607 [pool-423-thread-1] INFO  server.RaftServerConfigKeys (ConfUtils.java:logGet(43)) - raft.server.log.appender.buffer.byte-limit = 33554432 (custom)
2019-10-10 00:41:33,607 [pool-423-thread-1] INFO  server.RaftServerConfigKeys (ConfUtils.java:logGet(43)) - raft.server.log.segment.size.max = 1048576 (custom)
2019-10-10 00:41:33,609 [pool-423-thread-1] INFO  server.RaftServerConfigKeys (ConfUtils.java:logGet(43)) - raft.server.log.segment.cache.num.max = 2 (custom)
2019-10-10 00:41:33,609 [pool-423-thread-1] INFO  segmented.SegmentedRaftLogWorker (SegmentedRaftLogWorker.java:<init>(173)) - new 73b9ed2c-c92d-4181-a079-a18a14bceeef@group-FE1B47AB9232-SegmentedRaftLogWorker for RaftStorage:Storage Directory /workdir/hadoop-ozone/integration-test/target/test-dir/MiniOzoneClusterImpl-5064c2d2-feb5-4d54-999e-b61ab3625433/datanode-4/data/ratis/7a887032-119a-43cb-b246-fe1b47ab9232
2019-10-10 00:41:33,610 [pool-423-thread-1] INFO  server.RaftServerConfigKeys (ConfUtils.java:logGet(43)) - raft.server.log.queue.byte-limit = 2147483647 (custom)
2019-10-10 00:41:33,610 [pool-423-thread-1] INFO  server.RaftServerConfigKeys (ConfUtils.java:logGet(43)) - raft.server.log.queue.element-limit = 1024 (custom)
2019-10-10 00:41:33,610 [pool-423-thread-1] INFO  server.RaftServerConfigKeys (ConfUtils.java:logGet(43)) - raft.server.log.segment.size.max = 1048576 (custom)
2019-10-10 00:41:33,610 [pool-423-thread-1] INFO  server.RaftServerConfigKeys (ConfUtils.java:logGet(43)) - raft.server.log.preallocated.size = 16384 (custom)
2019-10-10 00:41:33,610 [pool-423-thread-1] INFO  server.RaftServerConfigKeys (ConfUtils.java:logGet(43)) - raft.server.log.write.buffer.size = 33554432 (custom)
2019-10-10 00:41:33,610 [pool-423-thread-1] INFO  server.RaftServerConfigKeys (ConfUtils.java:logGet(43)) - raft.server.log.force.sync.num = 128 (default)
2019-10-10 00:41:33,610 [pool-423-thread-1] INFO  server.RaftServerConfigKeys (ConfUtils.java:logGet(43)) - raft.server.log.statemachine.data.sync = true (default)
2019-10-10 00:41:33,611 [pool-423-thread-1] INFO  server.RaftServerConfigKeys (ConfUtils.java:logGet(43)) - raft.server.log.statemachine.data.sync.timeout = 10s (default)
2019-10-10 00:41:33,611 [pool-423-thread-1] INFO  server.RaftServerConfigKeys (ConfUtils.java:logGet(43)) - raft.server.log.statemachine.data.sync.timeout.retry = -1 (default)
2019-10-10 00:41:33,611 [pool-423-thread-1] INFO  server.RaftServerConfigKeys (ConfUtils.java:logGet(43)) - raft.server.log.statemachine.data.caching.enabled = true (custom)
2019-10-10 00:41:33,611 [pool-423-thread-1] INFO  segmented.SegmentedRaftLogWorker (SegmentedRaftLogWorker.java:lambda$new$0(128)) - 73b9ed2c-c92d-4181-a079-a18a14bceeef@group-FE1B47AB9232-SegmentedRaftLogWorker: flushIndex: setUnconditionally 0 -> -1
2019-10-10 00:41:33,612 [pool-423-thread-1] INFO  server.RaftServerConfigKeys (ConfUtils.java:logGet(43)) - raft.server.snapshot.auto.trigger.enabled = true (custom)
2019-10-10 00:41:33,612 [pool-423-thread-1] INFO  server.RaftServerConfigKeys (ConfUtils.java:logGet(43)) - raft.server.snapshot.auto.trigger.threshold = 10000 (custom)
2019-10-10 00:41:33,612 [pool-423-thread-1] INFO  server.RaftServerConfigKeys (ConfUtils.java:logGet(43)) - raft.server.snapshot.retention.file.num = 5 (custom)
2019-10-10 00:41:33,612 [pool-423-thread-1] INFO  server.RaftServerConfigKeys (ConfUtils.java:logGet(43)) - raft.server.retrycache.expirytime = 600000ms (custom)
2019-10-10 00:41:33,614 [pool-423-thread-1] INFO  impl.RaftServerImpl (RaftServerImpl.java:start(181)) - 73b9ed2c-c92d-4181-a079-a18a14bceeef@group-FE1B47AB9232: start as a follower, conf=-1: [73b9ed2c-c92d-4181-a079-a18a14bceeef:192.168.151.65:45285], old=null
2019-10-10 00:41:33,614 [pool-423-thread-1] INFO  impl.RaftServerImpl (RaftServerImpl.java:setRole(170)) - 73b9ed2c-c92d-4181-a079-a18a14bceeef@group-FE1B47AB9232: changes role from      null to FOLLOWER at term 0 for startAsFollower
2019-10-10 00:41:33,614 [pool-423-thread-1] INFO  impl.RoleInfo (RoleInfo.java:updateAndGet(143)) - 73b9ed2c-c92d-4181-a079-a18a14bceeef: start FollowerState
2019-10-10 00:41:33,615 [pool-423-thread-1] INFO  util.JmxRegister (JmxRegister.java:tryRegister(44)) - Successfully registered JMX Bean with object name Ratis:service=RaftServer,group=group-FE1B47AB9232,id=73b9ed2c-c92d-4181-a079-a18a14bceeef
2019-10-10 00:41:33,619 [RatisPipelineUtilsThread] INFO  pipeline.PipelineStateManager (PipelineStateManager.java:addPipeline(56)) - Created pipeline Pipeline[ Id: 7a887032-119a-43cb-b246-fe1b47ab9232, Nodes: 73b9ed2c-c92d-4181-a079-a18a14bceeef{ip: 192.168.151.65, host: pr-hdds-2181-sj4vp-878094216, networkLocation: /default-rack, certSerialId: null}, Type:RATIS, Factor:ONE, State:OPEN]
2019-10-10 00:41:33,627 [grpc-default-executor-7] INFO  impl.RaftServerProxy (RaftServerProxy.java:addNew(89)) - 7b9e8594-92f5-4ba9-87dc-8331683642a0: addNew group-6779A0652EC5:[7b9e8594-92f5-4ba9-87dc-8331683642a0:192.168.151.65:40056] returns group-6779A0652EC5:java.util.concurrent.CompletableFuture@72c7118c[Not completed]
2019-10-10 00:41:33,628 [pool-433-thread-1] INFO  impl.RaftServerImpl (RaftServerImpl.java:<init>(95)) - 7b9e8594-92f5-4ba9-87dc-8331683642a0: new RaftServerImpl for group-6779A0652EC5:[7b9e8594-92f5-4ba9-87dc-8331683642a0:192.168.151.65:40056] with ContainerStateMachine:uninitialized
2019-10-10 00:41:33,628 [pool-433-thread-1] INFO  server.RaftServerConfigKeys (ConfUtils.java:logGet(43)) - raft.server.rpc.timeout.min = 5s (custom)
2019-10-10 00:41:33,628 [pool-433-thread-1] INFO  server.RaftServerConfigKeys (ConfUtils.java:logGet(43)) - raft.server.rpc.timeout.max = 5200ms (custom)
2019-10-10 00:41:33,628 [pool-433-thread-1] INFO  server.RaftServerConfigKeys (ConfUtils.java:logGet(43)) - raft.server.rpcslowness.timeout = 120s (custom)
2019-10-10 00:41:33,629 [pool-433-thread-1] INFO  server.RaftServerConfigKeys (ConfUtils.java:logGet(43)) - raft.server.sleep.deviation.threshold = 300 (default)
2019-10-10 00:41:33,629 [pool-433-thread-1] INFO  server.RaftServerConfigKeys (ConfUtils.java:logGet(43)) - raft.server.log.appender.install.snapshot.enabled = false (custom)
2019-10-10 00:41:33,629 [pool-433-thread-1] INFO  impl.RaftServerImpl (ServerState.java:<init>(103)) - 7b9e8594-92f5-4ba9-87dc-8331683642a0@group-6779A0652EC5: ConfigurationManager, init=-1: [7b9e8594-92f5-4ba9-87dc-8331683642a0:192.168.151.65:40056], old=null, confs=<EMPTY_MAP>
2019-10-10 00:41:33,629 [pool-433-thread-1] INFO  server.RaftServerConfigKeys (ConfUtils.java:logGet(43)) - raft.server.storage.dir = [/workdir/hadoop-ozone/integration-test/target/test-dir/MiniOzoneClusterImpl-5064c2d2-feb5-4d54-999e-b61ab3625433/datanode-5/data/ratis] (custom)
2019-10-10 00:41:33,629 [pool-433-thread-1] INFO  server.RaftServerConfigKeys (ConfUtils.java:logGet(43)) - raft.server.log.corruption.policy = EXCEPTION (default)
2019-10-10 00:41:33,629 [pool-433-thread-1] INFO  storage.RaftStorageDirectory (RaftStorageDirectory.java:analyzeStorage(246)) - The storage directory /workdir/hadoop-ozone/integration-test/target/test-dir/MiniOzoneClusterImpl-5064c2d2-feb5-4d54-999e-b61ab3625433/datanode-5/data/ratis/22544151-c5a9-416e-afef-6779a0652ec5 does not exist. Creating ...
2019-10-10 00:41:33,651 [pool-433-thread-1] INFO  storage.RaftStorageDirectory (RaftStorageDirectory.java:tryLock(328)) - Lock on /workdir/hadoop-ozone/integration-test/target/test-dir/MiniOzoneClusterImpl-5064c2d2-feb5-4d54-999e-b61ab3625433/datanode-5/data/ratis/22544151-c5a9-416e-afef-6779a0652ec5/in_use.lock acquired by nodename 20695@pr-hdds-2181-sj4vp-878094216
2019-10-10 00:41:33,655 [IPC Server handler 4 on 38952] INFO  net.NetworkTopology (NetworkTopologyImpl.java:add(111)) - Added a new node: /default-rack/860807a3-4e07-4141-8516-a5fa052767bb
2019-10-10 00:41:33,656 [IPC Server handler 4 on 38952] INFO  node.SCMNodeManager (SCMNodeManager.java:register(268)) - Registered Data node : 860807a3-4e07-4141-8516-a5fa052767bb{ip: 192.168.151.65, host: pr-hdds-2181-sj4vp-878094216, networkLocation: /default-rack, certSerialId: null}
2019-10-10 00:41:33,656 [main] INFO  ozone.MiniOzoneClusterImpl (MiniOzoneClusterImpl.java:lambda$waitForClusterToBeReady$0(147)) - Cluster is ready. Got 7 of 7 DN Heartbeats.
2019-10-10 00:41:33,667 [pool-433-thread-1] INFO  storage.RaftStorage (RaftStorage.java:format(84)) - Storage directory /workdir/hadoop-ozone/integration-test/target/test-dir/MiniOzoneClusterImpl-5064c2d2-feb5-4d54-999e-b61ab3625433/datanode-5/data/ratis/22544151-c5a9-416e-afef-6779a0652ec5 has been successfully formatted.
2019-10-10 00:41:33,667 [pool-433-thread-1] INFO  ratis.ContainerStateMachine (ContainerStateMachine.java:loadSnapshot(231)) - group-6779A0652EC5: The snapshot info is null. Setting the last applied indexto:(t:0, i:~)
2019-10-10 00:41:33,670 [pool-433-thread-1] INFO  server.RaftServerConfigKeys (ConfUtils.java:logGet(43)) - raft.server.notification.no-leader.timeout = 120s (custom)
2019-10-10 00:41:33,670 [pool-433-thread-1] INFO  server.RaftServerConfigKeys (ConfUtils.java:logGet(43)) - raft.server.log.use.memory = false (default)
2019-10-10 00:41:33,670 [pool-433-thread-1] INFO  server.RaftServerConfigKeys (ConfUtils.java:logGet(43)) - raft.server.log.purge.gap = 1000000 (custom)
2019-10-10 00:41:33,670 [pool-433-thread-1] INFO  server.RaftServerConfigKeys (ConfUtils.java:logGet(43)) - raft.server.log.appender.buffer.byte-limit = 33554432 (custom)
2019-10-10 00:41:33,671 [pool-433-thread-1] INFO  server.RaftServerConfigKeys (ConfUtils.java:logGet(43)) - raft.server.log.segment.size.max = 1048576 (custom)
2019-10-10 00:41:33,689 [pool-433-thread-1] INFO  server.RaftServerConfigKeys (ConfUtils.java:logGet(43)) - raft.server.log.segment.cache.num.max = 2 (custom)
2019-10-10 00:41:33,690 [pool-433-thread-1] INFO  segmented.SegmentedRaftLogWorker (SegmentedRaftLogWorker.java:<init>(173)) - new 7b9e8594-92f5-4ba9-87dc-8331683642a0@group-6779A0652EC5-SegmentedRaftLogWorker for RaftStorage:Storage Directory /workdir/hadoop-ozone/integration-test/target/test-dir/MiniOzoneClusterImpl-5064c2d2-feb5-4d54-999e-b61ab3625433/datanode-5/data/ratis/22544151-c5a9-416e-afef-6779a0652ec5
2019-10-10 00:41:33,690 [pool-433-thread-1] INFO  server.RaftServerConfigKeys (ConfUtils.java:logGet(43)) - raft.server.log.queue.byte-limit = 2147483647 (custom)
2019-10-10 00:41:33,690 [pool-433-thread-1] INFO  server.RaftServerConfigKeys (ConfUtils.java:logGet(43)) - raft.server.log.queue.element-limit = 1024 (custom)
2019-10-10 00:41:33,690 [pool-433-thread-1] INFO  server.RaftServerConfigKeys (ConfUtils.java:logGet(43)) - raft.server.log.segment.size.max = 1048576 (custom)
2019-10-10 00:41:33,690 [pool-433-thread-1] INFO  server.RaftServerConfigKeys (ConfUtils.java:logGet(43)) - raft.server.log.preallocated.size = 16384 (custom)
2019-10-10 00:41:33,690 [pool-433-thread-1] INFO  server.RaftServerConfigKeys (ConfUtils.java:logGet(43)) - raft.server.log.write.buffer.size = 33554432 (custom)
2019-10-10 00:41:33,690 [pool-433-thread-1] INFO  server.RaftServerConfigKeys (ConfUtils.java:logGet(43)) - raft.server.log.force.sync.num = 128 (default)
2019-10-10 00:41:33,691 [pool-433-thread-1] INFO  server.RaftServerConfigKeys (ConfUtils.java:logGet(43)) - raft.server.log.statemachine.data.sync = true (default)
2019-10-10 00:41:33,691 [pool-433-thread-1] INFO  server.RaftServerConfigKeys (ConfUtils.java:logGet(43)) - raft.server.log.statemachine.data.sync.timeout = 10s (default)
2019-10-10 00:41:33,691 [pool-433-thread-1] INFO  server.RaftServerConfigKeys (ConfUtils.java:logGet(43)) - raft.server.log.statemachine.data.sync.timeout.retry = -1 (default)
2019-10-10 00:41:33,691 [pool-433-thread-1] INFO  server.RaftServerConfigKeys (ConfUtils.java:logGet(43)) - raft.server.log.statemachine.data.caching.enabled = true (custom)
2019-10-10 00:41:33,694 [pool-433-thread-1] INFO  segmented.SegmentedRaftLogWorker (SegmentedRaftLogWorker.java:lambda$new$0(128)) - 7b9e8594-92f5-4ba9-87dc-8331683642a0@group-6779A0652EC5-SegmentedRaftLogWorker: flushIndex: setUnconditionally 0 -> -1
2019-10-10 00:41:33,694 [pool-433-thread-1] INFO  server.RaftServerConfigKeys (ConfUtils.java:logGet(43)) - raft.server.snapshot.auto.trigger.enabled = true (custom)
2019-10-10 00:41:33,694 [pool-433-thread-1] INFO  server.RaftServerConfigKeys (ConfUtils.java:logGet(43)) - raft.server.snapshot.auto.trigger.threshold = 10000 (custom)
2019-10-10 00:41:33,694 [pool-433-thread-1] INFO  server.RaftServerConfigKeys (ConfUtils.java:logGet(43)) - raft.server.snapshot.retention.file.num = 5 (custom)
2019-10-10 00:41:33,703 [pool-433-thread-1] INFO  server.RaftServerConfigKeys (ConfUtils.java:logGet(43)) - raft.server.retrycache.expirytime = 600000ms (custom)
2019-10-10 00:41:33,703 [main] INFO  rpc.RpcClient (RpcClient.java:createVolume(277)) - Creating Volume: watchforcommithandlingtest, with jenkins1000 as owner.
2019-10-10 00:41:33,706 [pool-433-thread-1] INFO  impl.RaftServerImpl (RaftServerImpl.java:start(181)) - 7b9e8594-92f5-4ba9-87dc-8331683642a0@group-6779A0652EC5: start as a follower, conf=-1: [7b9e8594-92f5-4ba9-87dc-8331683642a0:192.168.151.65:40056], old=null
2019-10-10 00:41:33,706 [pool-433-thread-1] INFO  impl.RaftServerImpl (RaftServerImpl.java:setRole(170)) - 7b9e8594-92f5-4ba9-87dc-8331683642a0@group-6779A0652EC5: changes role from      null to FOLLOWER at term 0 for startAsFollower
2019-10-10 00:41:33,706 [pool-433-thread-1] INFO  impl.RoleInfo (RoleInfo.java:updateAndGet(143)) - 7b9e8594-92f5-4ba9-87dc-8331683642a0: start FollowerState
2019-10-10 00:41:33,707 [pool-433-thread-1] INFO  util.JmxRegister (JmxRegister.java:tryRegister(44)) - Successfully registered JMX Bean with object name Ratis:service=RaftServer,group=group-6779A0652EC5,id=7b9e8594-92f5-4ba9-87dc-8331683642a0
2019-10-10 00:41:33,708 [IPC Server handler 0 on 34259] INFO  volume.OMVolumeCreateRequest (OMVolumeCreateRequest.java:validateAndUpdateCache(193)) - created volume:watchforcommithandlingtest for user:jenkins1000
2019-10-10 00:41:33,712 [RatisPipelineUtilsThread] INFO  pipeline.PipelineStateManager (PipelineStateManager.java:addPipeline(56)) - Created pipeline Pipeline[ Id: 22544151-c5a9-416e-afef-6779a0652ec5, Nodes: 7b9e8594-92f5-4ba9-87dc-8331683642a0{ip: 192.168.151.65, host: pr-hdds-2181-sj4vp-878094216, networkLocation: /default-rack, certSerialId: null}, Type:RATIS, Factor:ONE, State:OPEN]
2019-10-10 00:41:33,735 [main] INFO  rpc.RpcClient (RpcClient.java:createBucket(416)) - Creating Bucket: watchforcommithandlingtest/watchforcommithandlingtest, with Versioning false and Storage Type set to DISK and Encryption set to false 
2019-10-10 00:41:33,738 [grpc-default-executor-7] INFO  impl.RaftServerProxy (RaftServerProxy.java:addNew(89)) - 860807a3-4e07-4141-8516-a5fa052767bb: addNew group-BA91C6D61A20:[860807a3-4e07-4141-8516-a5fa052767bb:192.168.151.65:35141] returns group-BA91C6D61A20:java.util.concurrent.CompletableFuture@6e5fa172[Not completed]
2019-10-10 00:41:33,741 [pool-443-thread-1] INFO  impl.RaftServerImpl (RaftServerImpl.java:<init>(95)) - 860807a3-4e07-4141-8516-a5fa052767bb: new RaftServerImpl for group-BA91C6D61A20:[860807a3-4e07-4141-8516-a5fa052767bb:192.168.151.65:35141] with ContainerStateMachine:uninitialized
2019-10-10 00:41:33,741 [pool-443-thread-1] INFO  server.RaftServerConfigKeys (ConfUtils.java:logGet(43)) - raft.server.rpc.timeout.min = 5s (custom)
2019-10-10 00:41:33,741 [pool-443-thread-1] INFO  server.RaftServerConfigKeys (ConfUtils.java:logGet(43)) - raft.server.rpc.timeout.max = 5200ms (custom)
2019-10-10 00:41:33,741 [pool-443-thread-1] INFO  server.RaftServerConfigKeys (ConfUtils.java:logGet(43)) - raft.server.rpcslowness.timeout = 120s (custom)
2019-10-10 00:41:33,741 [pool-443-thread-1] INFO  server.RaftServerConfigKeys (ConfUtils.java:logGet(43)) - raft.server.sleep.deviation.threshold = 300 (default)
2019-10-10 00:41:33,742 [pool-443-thread-1] INFO  server.RaftServerConfigKeys (ConfUtils.java:logGet(43)) - raft.server.log.appender.install.snapshot.enabled = false (custom)
2019-10-10 00:41:33,742 [main] INFO  ozone.MiniOzoneClusterImpl (MiniOzoneClusterImpl.java:getStorageContainerLocationClient(234)) - Creating StorageContainerLocationProtocol RPC client with address /0.0.0.0:45309
2019-10-10 00:41:33,742 [pool-443-thread-1] INFO  impl.RaftServerImpl (ServerState.java:<init>(103)) - 860807a3-4e07-4141-8516-a5fa052767bb@group-BA91C6D61A20: ConfigurationManager, init=-1: [860807a3-4e07-4141-8516-a5fa052767bb:192.168.151.65:35141], old=null, confs=<EMPTY_MAP>
2019-10-10 00:41:33,742 [pool-443-thread-1] INFO  server.RaftServerConfigKeys (ConfUtils.java:logGet(43)) - raft.server.storage.dir = [/workdir/hadoop-ozone/integration-test/target/test-dir/MiniOzoneClusterImpl-5064c2d2-feb5-4d54-999e-b61ab3625433/datanode-6/data/ratis] (custom)
2019-10-10 00:41:33,742 [pool-443-thread-1] INFO  server.RaftServerConfigKeys (ConfUtils.java:logGet(43)) - raft.server.log.corruption.policy = EXCEPTION (default)
2019-10-10 00:41:33,742 [pool-443-thread-1] INFO  storage.RaftStorageDirectory (RaftStorageDirectory.java:analyzeStorage(246)) - The storage directory /workdir/hadoop-ozone/integration-test/target/test-dir/MiniOzoneClusterImpl-5064c2d2-feb5-4d54-999e-b61ab3625433/datanode-6/data/ratis/4a301c3b-b8a8-4638-9c35-ba91c6d61a20 does not exist. Creating ...
2019-10-10 00:41:33,753 [pool-443-thread-1] INFO  storage.RaftStorageDirectory (RaftStorageDirectory.java:tryLock(328)) - Lock on /workdir/hadoop-ozone/integration-test/target/test-dir/MiniOzoneClusterImpl-5064c2d2-feb5-4d54-999e-b61ab3625433/datanode-6/data/ratis/4a301c3b-b8a8-4638-9c35-ba91c6d61a20/in_use.lock acquired by nodename 20695@pr-hdds-2181-sj4vp-878094216
2019-10-10 00:41:33,766 [pool-443-thread-1] INFO  storage.RaftStorage (RaftStorage.java:format(84)) - Storage directory /workdir/hadoop-ozone/integration-test/target/test-dir/MiniOzoneClusterImpl-5064c2d2-feb5-4d54-999e-b61ab3625433/datanode-6/data/ratis/4a301c3b-b8a8-4638-9c35-ba91c6d61a20 has been successfully formatted.
2019-10-10 00:41:33,766 [pool-443-thread-1] INFO  ratis.ContainerStateMachine (ContainerStateMachine.java:loadSnapshot(231)) - group-BA91C6D61A20: The snapshot info is null. Setting the last applied indexto:(t:0, i:~)
2019-10-10 00:41:33,767 [pool-443-thread-1] INFO  server.RaftServerConfigKeys (ConfUtils.java:logGet(43)) - raft.server.notification.no-leader.timeout = 120s (custom)
2019-10-10 00:41:33,767 [pool-443-thread-1] INFO  server.RaftServerConfigKeys (ConfUtils.java:logGet(43)) - raft.server.log.use.memory = false (default)
2019-10-10 00:41:33,767 [pool-443-thread-1] INFO  server.RaftServerConfigKeys (ConfUtils.java:logGet(43)) - raft.server.log.purge.gap = 1000000 (custom)
2019-10-10 00:41:33,767 [pool-443-thread-1] INFO  server.RaftServerConfigKeys (ConfUtils.java:logGet(43)) - raft.server.log.appender.buffer.byte-limit = 33554432 (custom)
2019-10-10 00:41:33,767 [pool-443-thread-1] INFO  server.RaftServerConfigKeys (ConfUtils.java:logGet(43)) - raft.server.log.segment.size.max = 1048576 (custom)
2019-10-10 00:41:33,768 [pool-443-thread-1] INFO  server.RaftServerConfigKeys (ConfUtils.java:logGet(43)) - raft.server.log.segment.cache.num.max = 2 (custom)
2019-10-10 00:41:33,768 [pool-443-thread-1] INFO  segmented.SegmentedRaftLogWorker (SegmentedRaftLogWorker.java:<init>(173)) - new 860807a3-4e07-4141-8516-a5fa052767bb@group-BA91C6D61A20-SegmentedRaftLogWorker for RaftStorage:Storage Directory /workdir/hadoop-ozone/integration-test/target/test-dir/MiniOzoneClusterImpl-5064c2d2-feb5-4d54-999e-b61ab3625433/datanode-6/data/ratis/4a301c3b-b8a8-4638-9c35-ba91c6d61a20
2019-10-10 00:41:33,768 [pool-443-thread-1] INFO  server.RaftServerConfigKeys (ConfUtils.java:logGet(43)) - raft.server.log.queue.byte-limit = 2147483647 (custom)
2019-10-10 00:41:33,768 [pool-443-thread-1] INFO  server.RaftServerConfigKeys (ConfUtils.java:logGet(43)) - raft.server.log.queue.element-limit = 1024 (custom)
2019-10-10 00:41:33,769 [pool-443-thread-1] INFO  server.RaftServerConfigKeys (ConfUtils.java:logGet(43)) - raft.server.log.segment.size.max = 1048576 (custom)
2019-10-10 00:41:33,769 [pool-443-thread-1] INFO  server.RaftServerConfigKeys (ConfUtils.java:logGet(43)) - raft.server.log.preallocated.size = 16384 (custom)
2019-10-10 00:41:33,769 [pool-443-thread-1] INFO  server.RaftServerConfigKeys (ConfUtils.java:logGet(43)) - raft.server.log.write.buffer.size = 33554432 (custom)
2019-10-10 00:41:33,769 [pool-443-thread-1] INFO  server.RaftServerConfigKeys (ConfUtils.java:logGet(43)) - raft.server.log.force.sync.num = 128 (default)
2019-10-10 00:41:33,769 [pool-443-thread-1] INFO  server.RaftServerConfigKeys (ConfUtils.java:logGet(43)) - raft.server.log.statemachine.data.sync = true (default)
2019-10-10 00:41:33,769 [pool-443-thread-1] INFO  server.RaftServerConfigKeys (ConfUtils.java:logGet(43)) - raft.server.log.statemachine.data.sync.timeout = 10s (default)
2019-10-10 00:41:33,769 [pool-443-thread-1] INFO  server.RaftServerConfigKeys (ConfUtils.java:logGet(43)) - raft.server.log.statemachine.data.sync.timeout.retry = -1 (default)
2019-10-10 00:41:33,769 [pool-443-thread-1] INFO  server.RaftServerConfigKeys (ConfUtils.java:logGet(43)) - raft.server.log.statemachine.data.caching.enabled = true (custom)
2019-10-10 00:41:33,770 [pool-443-thread-1] INFO  segmented.SegmentedRaftLogWorker (SegmentedRaftLogWorker.java:lambda$new$0(128)) - 860807a3-4e07-4141-8516-a5fa052767bb@group-BA91C6D61A20-SegmentedRaftLogWorker: flushIndex: setUnconditionally 0 -> -1
2019-10-10 00:41:33,770 [pool-443-thread-1] INFO  server.RaftServerConfigKeys (ConfUtils.java:logGet(43)) - raft.server.snapshot.auto.trigger.enabled = true (custom)
2019-10-10 00:41:33,770 [pool-443-thread-1] INFO  server.RaftServerConfigKeys (ConfUtils.java:logGet(43)) - raft.server.snapshot.auto.trigger.threshold = 10000 (custom)
2019-10-10 00:41:33,770 [pool-443-thread-1] INFO  server.RaftServerConfigKeys (ConfUtils.java:logGet(43)) - raft.server.snapshot.retention.file.num = 5 (custom)
2019-10-10 00:41:33,770 [pool-443-thread-1] INFO  server.RaftServerConfigKeys (ConfUtils.java:logGet(43)) - raft.server.retrycache.expirytime = 600000ms (custom)
2019-10-10 00:41:33,771 [pool-443-thread-1] INFO  impl.RaftServerImpl (RaftServerImpl.java:start(181)) - 860807a3-4e07-4141-8516-a5fa052767bb@group-BA91C6D61A20: start as a follower, conf=-1: [860807a3-4e07-4141-8516-a5fa052767bb:192.168.151.65:35141], old=null
2019-10-10 00:41:33,771 [pool-443-thread-1] INFO  impl.RaftServerImpl (RaftServerImpl.java:setRole(170)) - 860807a3-4e07-4141-8516-a5fa052767bb@group-BA91C6D61A20: changes role from      null to FOLLOWER at term 0 for startAsFollower
2019-10-10 00:41:33,771 [pool-443-thread-1] INFO  impl.RoleInfo (RoleInfo.java:updateAndGet(143)) - 860807a3-4e07-4141-8516-a5fa052767bb: start FollowerState
2019-10-10 00:41:33,772 [pool-443-thread-1] INFO  util.JmxRegister (JmxRegister.java:tryRegister(44)) - Successfully registered JMX Bean with object name Ratis:service=RaftServer,group=group-BA91C6D61A20,id=860807a3-4e07-4141-8516-a5fa052767bb
2019-10-10 00:41:33,774 [RatisPipelineUtilsThread] INFO  pipeline.PipelineStateManager (PipelineStateManager.java:addPipeline(56)) - Created pipeline Pipeline[ Id: 4a301c3b-b8a8-4638-9c35-ba91c6d61a20, Nodes: 860807a3-4e07-4141-8516-a5fa052767bb{ip: 192.168.151.65, host: pr-hdds-2181-sj4vp-878094216, networkLocation: /default-rack, certSerialId: null}, Type:RATIS, Factor:ONE, State:OPEN]
2019-10-10 00:41:33,783 [grpc-default-executor-5] INFO  impl.RaftServerProxy (RaftServerProxy.java:addNew(89)) - 73b9ed2c-c92d-4181-a079-a18a14bceeef: addNew group-6226E59A11AF:[7b9e8594-92f5-4ba9-87dc-8331683642a0:192.168.151.65:40056, a7239857-a50b-4b60-a79a-ec06882c000c:192.168.151.65:33305, 73b9ed2c-c92d-4181-a079-a18a14bceeef:192.168.151.65:45285] returns group-6226E59A11AF:java.util.concurrent.CompletableFuture@50f2e341[Not completed]
2019-10-10 00:41:33,783 [grpc-default-executor-8] INFO  impl.RaftServerProxy (RaftServerProxy.java:addNew(89)) - 7b9e8594-92f5-4ba9-87dc-8331683642a0: addNew group-6226E59A11AF:[7b9e8594-92f5-4ba9-87dc-8331683642a0:192.168.151.65:40056, a7239857-a50b-4b60-a79a-ec06882c000c:192.168.151.65:33305, 73b9ed2c-c92d-4181-a079-a18a14bceeef:192.168.151.65:45285] returns group-6226E59A11AF:java.util.concurrent.CompletableFuture@4b566a68[Not completed]
2019-10-10 00:41:33,783 [grpc-default-executor-7] INFO  impl.RaftServerProxy (RaftServerProxy.java:addNew(89)) - a7239857-a50b-4b60-a79a-ec06882c000c: addNew group-6226E59A11AF:[7b9e8594-92f5-4ba9-87dc-8331683642a0:192.168.151.65:40056, a7239857-a50b-4b60-a79a-ec06882c000c:192.168.151.65:33305, 73b9ed2c-c92d-4181-a079-a18a14bceeef:192.168.151.65:45285] returns group-6226E59A11AF:java.util.concurrent.CompletableFuture@7d89cf12[Not completed]
2019-10-10 00:41:33,784 [pool-413-thread-1] INFO  impl.RaftServerImpl (RaftServerImpl.java:<init>(95)) - a7239857-a50b-4b60-a79a-ec06882c000c: new RaftServerImpl for group-6226E59A11AF:[7b9e8594-92f5-4ba9-87dc-8331683642a0:192.168.151.65:40056, a7239857-a50b-4b60-a79a-ec06882c000c:192.168.151.65:33305, 73b9ed2c-c92d-4181-a079-a18a14bceeef:192.168.151.65:45285] with ContainerStateMachine:uninitialized
2019-10-10 00:41:33,784 [pool-413-thread-1] INFO  server.RaftServerConfigKeys (ConfUtils.java:logGet(43)) - raft.server.rpc.timeout.min = 5s (custom)
2019-10-10 00:41:33,784 [pool-413-thread-1] INFO  server.RaftServerConfigKeys (ConfUtils.java:logGet(43)) - raft.server.rpc.timeout.max = 5200ms (custom)
2019-10-10 00:41:33,784 [pool-413-thread-1] INFO  server.RaftServerConfigKeys (ConfUtils.java:logGet(43)) - raft.server.rpcslowness.timeout = 120s (custom)
2019-10-10 00:41:33,784 [pool-423-thread-1] INFO  impl.RaftServerImpl (RaftServerImpl.java:<init>(95)) - 73b9ed2c-c92d-4181-a079-a18a14bceeef: new RaftServerImpl for group-6226E59A11AF:[7b9e8594-92f5-4ba9-87dc-8331683642a0:192.168.151.65:40056, a7239857-a50b-4b60-a79a-ec06882c000c:192.168.151.65:33305, 73b9ed2c-c92d-4181-a079-a18a14bceeef:192.168.151.65:45285] with ContainerStateMachine:uninitialized
2019-10-10 00:41:33,784 [pool-413-thread-1] INFO  server.RaftServerConfigKeys (ConfUtils.java:logGet(43)) - raft.server.sleep.deviation.threshold = 300 (default)
2019-10-10 00:41:33,785 [pool-423-thread-1] INFO  server.RaftServerConfigKeys (ConfUtils.java:logGet(43)) - raft.server.rpc.timeout.min = 5s (custom)
2019-10-10 00:41:33,785 [pool-433-thread-1] INFO  impl.RaftServerImpl (RaftServerImpl.java:<init>(95)) - 7b9e8594-92f5-4ba9-87dc-8331683642a0: new RaftServerImpl for group-6226E59A11AF:[7b9e8594-92f5-4ba9-87dc-8331683642a0:192.168.151.65:40056, a7239857-a50b-4b60-a79a-ec06882c000c:192.168.151.65:33305, 73b9ed2c-c92d-4181-a079-a18a14bceeef:192.168.151.65:45285] with ContainerStateMachine:uninitialized
2019-10-10 00:41:33,785 [pool-413-thread-1] INFO  server.RaftServerConfigKeys (ConfUtils.java:logGet(43)) - raft.server.log.appender.install.snapshot.enabled = false (custom)
2019-10-10 00:41:33,785 [pool-433-thread-1] INFO  server.RaftServerConfigKeys (ConfUtils.java:logGet(43)) - raft.server.rpc.timeout.min = 5s (custom)
2019-10-10 00:41:33,785 [pool-423-thread-1] INFO  server.RaftServerConfigKeys (ConfUtils.java:logGet(43)) - raft.server.rpc.timeout.max = 5200ms (custom)
2019-10-10 00:41:33,785 [pool-433-thread-1] INFO  server.RaftServerConfigKeys (ConfUtils.java:logGet(43)) - raft.server.rpc.timeout.max = 5200ms (custom)
2019-10-10 00:41:33,785 [pool-413-thread-1] INFO  impl.RaftServerImpl (ServerState.java:<init>(103)) - a7239857-a50b-4b60-a79a-ec06882c000c@group-6226E59A11AF: ConfigurationManager, init=-1: [7b9e8594-92f5-4ba9-87dc-8331683642a0:192.168.151.65:40056, a7239857-a50b-4b60-a79a-ec06882c000c:192.168.151.65:33305, 73b9ed2c-c92d-4181-a079-a18a14bceeef:192.168.151.65:45285], old=null, confs=<EMPTY_MAP>
2019-10-10 00:41:33,785 [pool-433-thread-1] INFO  server.RaftServerConfigKeys (ConfUtils.java:logGet(43)) - raft.server.rpcslowness.timeout = 120s (custom)
2019-10-10 00:41:33,785 [pool-413-thread-1] INFO  server.RaftServerConfigKeys (ConfUtils.java:logGet(43)) - raft.server.storage.dir = [/workdir/hadoop-ozone/integration-test/target/test-dir/MiniOzoneClusterImpl-5064c2d2-feb5-4d54-999e-b61ab3625433/datanode-3/data/ratis] (custom)
2019-10-10 00:41:33,785 [pool-423-thread-1] INFO  server.RaftServerConfigKeys (ConfUtils.java:logGet(43)) - raft.server.rpcslowness.timeout = 120s (custom)
2019-10-10 00:41:33,785 [pool-433-thread-1] INFO  server.RaftServerConfigKeys (ConfUtils.java:logGet(43)) - raft.server.sleep.deviation.threshold = 300 (default)
2019-10-10 00:41:33,785 [pool-413-thread-1] INFO  server.RaftServerConfigKeys (ConfUtils.java:logGet(43)) - raft.server.log.corruption.policy = EXCEPTION (default)
2019-10-10 00:41:33,785 [pool-423-thread-1] INFO  server.RaftServerConfigKeys (ConfUtils.java:logGet(43)) - raft.server.sleep.deviation.threshold = 300 (default)
2019-10-10 00:41:33,786 [pool-413-thread-1] INFO  storage.RaftStorageDirectory (RaftStorageDirectory.java:analyzeStorage(246)) - The storage directory /workdir/hadoop-ozone/integration-test/target/test-dir/MiniOzoneClusterImpl-5064c2d2-feb5-4d54-999e-b61ab3625433/datanode-3/data/ratis/8cd0ad2e-f6fe-440b-b0d8-6226e59a11af does not exist. Creating ...
2019-10-10 00:41:33,786 [pool-433-thread-1] INFO  server.RaftServerConfigKeys (ConfUtils.java:logGet(43)) - raft.server.log.appender.install.snapshot.enabled = false (custom)
2019-10-10 00:41:33,786 [pool-423-thread-1] INFO  server.RaftServerConfigKeys (ConfUtils.java:logGet(43)) - raft.server.log.appender.install.snapshot.enabled = false (custom)
2019-10-10 00:41:33,786 [pool-433-thread-1] INFO  impl.RaftServerImpl (ServerState.java:<init>(103)) - 7b9e8594-92f5-4ba9-87dc-8331683642a0@group-6226E59A11AF: ConfigurationManager, init=-1: [7b9e8594-92f5-4ba9-87dc-8331683642a0:192.168.151.65:40056, a7239857-a50b-4b60-a79a-ec06882c000c:192.168.151.65:33305, 73b9ed2c-c92d-4181-a079-a18a14bceeef:192.168.151.65:45285], old=null, confs=<EMPTY_MAP>
2019-10-10 00:41:33,786 [pool-423-thread-1] INFO  impl.RaftServerImpl (ServerState.java:<init>(103)) - 73b9ed2c-c92d-4181-a079-a18a14bceeef@group-6226E59A11AF: ConfigurationManager, init=-1: [7b9e8594-92f5-4ba9-87dc-8331683642a0:192.168.151.65:40056, a7239857-a50b-4b60-a79a-ec06882c000c:192.168.151.65:33305, 73b9ed2c-c92d-4181-a079-a18a14bceeef:192.168.151.65:45285], old=null, confs=<EMPTY_MAP>
2019-10-10 00:41:33,786 [pool-433-thread-1] INFO  server.RaftServerConfigKeys (ConfUtils.java:logGet(43)) - raft.server.storage.dir = [/workdir/hadoop-ozone/integration-test/target/test-dir/MiniOzoneClusterImpl-5064c2d2-feb5-4d54-999e-b61ab3625433/datanode-5/data/ratis] (custom)
2019-10-10 00:41:33,786 [pool-423-thread-1] INFO  server.RaftServerConfigKeys (ConfUtils.java:logGet(43)) - raft.server.storage.dir = [/workdir/hadoop-ozone/integration-test/target/test-dir/MiniOzoneClusterImpl-5064c2d2-feb5-4d54-999e-b61ab3625433/datanode-4/data/ratis] (custom)
2019-10-10 00:41:33,786 [pool-433-thread-1] INFO  server.RaftServerConfigKeys (ConfUtils.java:logGet(43)) - raft.server.log.corruption.policy = EXCEPTION (default)
2019-10-10 00:41:33,786 [pool-423-thread-1] INFO  server.RaftServerConfigKeys (ConfUtils.java:logGet(43)) - raft.server.log.corruption.policy = EXCEPTION (default)
2019-10-10 00:41:33,786 [pool-433-thread-1] INFO  storage.RaftStorageDirectory (RaftStorageDirectory.java:analyzeStorage(246)) - The storage directory /workdir/hadoop-ozone/integration-test/target/test-dir/MiniOzoneClusterImpl-5064c2d2-feb5-4d54-999e-b61ab3625433/datanode-5/data/ratis/8cd0ad2e-f6fe-440b-b0d8-6226e59a11af does not exist. Creating ...
2019-10-10 00:41:33,787 [pool-423-thread-1] INFO  storage.RaftStorageDirectory (RaftStorageDirectory.java:analyzeStorage(246)) - The storage directory /workdir/hadoop-ozone/integration-test/target/test-dir/MiniOzoneClusterImpl-5064c2d2-feb5-4d54-999e-b61ab3625433/datanode-4/data/ratis/8cd0ad2e-f6fe-440b-b0d8-6226e59a11af does not exist. Creating ...
2019-10-10 00:41:33,791 [pool-423-thread-1] INFO  storage.RaftStorageDirectory (RaftStorageDirectory.java:tryLock(328)) - Lock on /workdir/hadoop-ozone/integration-test/target/test-dir/MiniOzoneClusterImpl-5064c2d2-feb5-4d54-999e-b61ab3625433/datanode-4/data/ratis/8cd0ad2e-f6fe-440b-b0d8-6226e59a11af/in_use.lock acquired by nodename 20695@pr-hdds-2181-sj4vp-878094216
2019-10-10 00:41:33,791 [pool-413-thread-1] INFO  storage.RaftStorageDirectory (RaftStorageDirectory.java:tryLock(328)) - Lock on /workdir/hadoop-ozone/integration-test/target/test-dir/MiniOzoneClusterImpl-5064c2d2-feb5-4d54-999e-b61ab3625433/datanode-3/data/ratis/8cd0ad2e-f6fe-440b-b0d8-6226e59a11af/in_use.lock acquired by nodename 20695@pr-hdds-2181-sj4vp-878094216
2019-10-10 00:41:33,791 [pool-433-thread-1] INFO  storage.RaftStorageDirectory (RaftStorageDirectory.java:tryLock(328)) - Lock on /workdir/hadoop-ozone/integration-test/target/test-dir/MiniOzoneClusterImpl-5064c2d2-feb5-4d54-999e-b61ab3625433/datanode-5/data/ratis/8cd0ad2e-f6fe-440b-b0d8-6226e59a11af/in_use.lock acquired by nodename 20695@pr-hdds-2181-sj4vp-878094216
2019-10-10 00:41:33,795 [pool-413-thread-1] INFO  storage.RaftStorage (RaftStorage.java:format(84)) - Storage directory /workdir/hadoop-ozone/integration-test/target/test-dir/MiniOzoneClusterImpl-5064c2d2-feb5-4d54-999e-b61ab3625433/datanode-3/data/ratis/8cd0ad2e-f6fe-440b-b0d8-6226e59a11af has been successfully formatted.
2019-10-10 00:41:33,795 [pool-423-thread-1] INFO  storage.RaftStorage (RaftStorage.java:format(84)) - Storage directory /workdir/hadoop-ozone/integration-test/target/test-dir/MiniOzoneClusterImpl-5064c2d2-feb5-4d54-999e-b61ab3625433/datanode-4/data/ratis/8cd0ad2e-f6fe-440b-b0d8-6226e59a11af has been successfully formatted.
2019-10-10 00:41:33,795 [pool-433-thread-1] INFO  storage.RaftStorage (RaftStorage.java:format(84)) - Storage directory /workdir/hadoop-ozone/integration-test/target/test-dir/MiniOzoneClusterImpl-5064c2d2-feb5-4d54-999e-b61ab3625433/datanode-5/data/ratis/8cd0ad2e-f6fe-440b-b0d8-6226e59a11af has been successfully formatted.
2019-10-10 00:41:33,795 [pool-413-thread-1] INFO  ratis.ContainerStateMachine (ContainerStateMachine.java:loadSnapshot(231)) - group-6226E59A11AF: The snapshot info is null. Setting the last applied indexto:(t:0, i:~)
2019-10-10 00:41:33,795 [pool-423-thread-1] INFO  ratis.ContainerStateMachine (ContainerStateMachine.java:loadSnapshot(231)) - group-6226E59A11AF: The snapshot info is null. Setting the last applied indexto:(t:0, i:~)
2019-10-10 00:41:33,795 [pool-413-thread-1] INFO  server.RaftServerConfigKeys (ConfUtils.java:logGet(43)) - raft.server.notification.no-leader.timeout = 120s (custom)
2019-10-10 00:41:33,795 [pool-433-thread-1] INFO  ratis.ContainerStateMachine (ContainerStateMachine.java:loadSnapshot(231)) - group-6226E59A11AF: The snapshot info is null. Setting the last applied indexto:(t:0, i:~)
2019-10-10 00:41:33,795 [pool-413-thread-1] INFO  server.RaftServerConfigKeys (ConfUtils.java:logGet(43)) - raft.server.log.use.memory = false (default)
2019-10-10 00:41:33,795 [pool-423-thread-1] INFO  server.RaftServerConfigKeys (ConfUtils.java:logGet(43)) - raft.server.notification.no-leader.timeout = 120s (custom)
2019-10-10 00:41:33,795 [pool-413-thread-1] INFO  server.RaftServerConfigKeys (ConfUtils.java:logGet(43)) - raft.server.log.purge.gap = 1000000 (custom)
2019-10-10 00:41:33,795 [pool-433-thread-1] INFO  server.RaftServerConfigKeys (ConfUtils.java:logGet(43)) - raft.server.notification.no-leader.timeout = 120s (custom)
2019-10-10 00:41:33,796 [pool-413-thread-1] INFO  server.RaftServerConfigKeys (ConfUtils.java:logGet(43)) - raft.server.log.appender.buffer.byte-limit = 33554432 (custom)
2019-10-10 00:41:33,795 [pool-423-thread-1] INFO  server.RaftServerConfigKeys (ConfUtils.java:logGet(43)) - raft.server.log.use.memory = false (default)
2019-10-10 00:41:33,796 [pool-413-thread-1] INFO  server.RaftServerConfigKeys (ConfUtils.java:logGet(43)) - raft.server.log.segment.size.max = 1048576 (custom)
2019-10-10 00:41:33,796 [pool-433-thread-1] INFO  server.RaftServerConfigKeys (ConfUtils.java:logGet(43)) - raft.server.log.use.memory = false (default)
2019-10-10 00:41:33,796 [pool-413-thread-1] INFO  server.RaftServerConfigKeys (ConfUtils.java:logGet(43)) - raft.server.log.segment.cache.num.max = 2 (custom)
2019-10-10 00:41:33,796 [pool-423-thread-1] INFO  server.RaftServerConfigKeys (ConfUtils.java:logGet(43)) - raft.server.log.purge.gap = 1000000 (custom)
2019-10-10 00:41:33,796 [pool-413-thread-1] INFO  segmented.SegmentedRaftLogWorker (SegmentedRaftLogWorker.java:<init>(173)) - new a7239857-a50b-4b60-a79a-ec06882c000c@group-6226E59A11AF-SegmentedRaftLogWorker for RaftStorage:Storage Directory /workdir/hadoop-ozone/integration-test/target/test-dir/MiniOzoneClusterImpl-5064c2d2-feb5-4d54-999e-b61ab3625433/datanode-3/data/ratis/8cd0ad2e-f6fe-440b-b0d8-6226e59a11af
2019-10-10 00:41:33,796 [pool-433-thread-1] INFO  server.RaftServerConfigKeys (ConfUtils.java:logGet(43)) - raft.server.log.purge.gap = 1000000 (custom)
2019-10-10 00:41:33,796 [pool-413-thread-1] INFO  server.RaftServerConfigKeys (ConfUtils.java:logGet(43)) - raft.server.log.queue.byte-limit = 2147483647 (custom)
2019-10-10 00:41:33,796 [pool-423-thread-1] INFO  server.RaftServerConfigKeys (ConfUtils.java:logGet(43)) - raft.server.log.appender.buffer.byte-limit = 33554432 (custom)
2019-10-10 00:41:33,796 [pool-413-thread-1] INFO  server.RaftServerConfigKeys (ConfUtils.java:logGet(43)) - raft.server.log.queue.element-limit = 1024 (custom)
2019-10-10 00:41:33,796 [pool-433-thread-1] INFO  server.RaftServerConfigKeys (ConfUtils.java:logGet(43)) - raft.server.log.appender.buffer.byte-limit = 33554432 (custom)
2019-10-10 00:41:33,797 [pool-413-thread-1] INFO  server.RaftServerConfigKeys (ConfUtils.java:logGet(43)) - raft.server.log.segment.size.max = 1048576 (custom)
2019-10-10 00:41:33,797 [pool-423-thread-1] INFO  server.RaftServerConfigKeys (ConfUtils.java:logGet(43)) - raft.server.log.segment.size.max = 1048576 (custom)
2019-10-10 00:41:33,797 [pool-413-thread-1] INFO  server.RaftServerConfigKeys (ConfUtils.java:logGet(43)) - raft.server.log.preallocated.size = 16384 (custom)
2019-10-10 00:41:33,797 [pool-433-thread-1] INFO  server.RaftServerConfigKeys (ConfUtils.java:logGet(43)) - raft.server.log.segment.size.max = 1048576 (custom)
2019-10-10 00:41:33,797 [pool-413-thread-1] INFO  server.RaftServerConfigKeys (ConfUtils.java:logGet(43)) - raft.server.log.write.buffer.size = 33554432 (custom)
2019-10-10 00:41:33,797 [pool-423-thread-1] INFO  server.RaftServerConfigKeys (ConfUtils.java:logGet(43)) - raft.server.log.segment.cache.num.max = 2 (custom)
2019-10-10 00:41:33,797 [pool-413-thread-1] INFO  server.RaftServerConfigKeys (ConfUtils.java:logGet(43)) - raft.server.log.force.sync.num = 128 (default)
2019-10-10 00:41:33,797 [pool-433-thread-1] INFO  server.RaftServerConfigKeys (ConfUtils.java:logGet(43)) - raft.server.log.segment.cache.num.max = 2 (custom)
2019-10-10 00:41:33,797 [pool-413-thread-1] INFO  server.RaftServerConfigKeys (ConfUtils.java:logGet(43)) - raft.server.log.statemachine.data.sync = true (default)
2019-10-10 00:41:33,797 [pool-423-thread-1] INFO  segmented.SegmentedRaftLogWorker (SegmentedRaftLogWorker.java:<init>(173)) - new 73b9ed2c-c92d-4181-a079-a18a14bceeef@group-6226E59A11AF-SegmentedRaftLogWorker for RaftStorage:Storage Directory /workdir/hadoop-ozone/integration-test/target/test-dir/MiniOzoneClusterImpl-5064c2d2-feb5-4d54-999e-b61ab3625433/datanode-4/data/ratis/8cd0ad2e-f6fe-440b-b0d8-6226e59a11af
2019-10-10 00:41:33,798 [pool-413-thread-1] INFO  server.RaftServerConfigKeys (ConfUtils.java:logGet(43)) - raft.server.log.statemachine.data.sync.timeout = 10s (default)
2019-10-10 00:41:33,797 [pool-433-thread-1] INFO  segmented.SegmentedRaftLogWorker (SegmentedRaftLogWorker.java:<init>(173)) - new 7b9e8594-92f5-4ba9-87dc-8331683642a0@group-6226E59A11AF-SegmentedRaftLogWorker for RaftStorage:Storage Directory /workdir/hadoop-ozone/integration-test/target/test-dir/MiniOzoneClusterImpl-5064c2d2-feb5-4d54-999e-b61ab3625433/datanode-5/data/ratis/8cd0ad2e-f6fe-440b-b0d8-6226e59a11af
2019-10-10 00:41:33,798 [pool-413-thread-1] INFO  server.RaftServerConfigKeys (ConfUtils.java:logGet(43)) - raft.server.log.statemachine.data.sync.timeout.retry = -1 (default)
2019-10-10 00:41:33,798 [pool-423-thread-1] INFO  server.RaftServerConfigKeys (ConfUtils.java:logGet(43)) - raft.server.log.queue.byte-limit = 2147483647 (custom)
2019-10-10 00:41:33,798 [pool-413-thread-1] INFO  server.RaftServerConfigKeys (ConfUtils.java:logGet(43)) - raft.server.log.statemachine.data.caching.enabled = true (custom)
2019-10-10 00:41:33,798 [pool-433-thread-1] INFO  server.RaftServerConfigKeys (ConfUtils.java:logGet(43)) - raft.server.log.queue.byte-limit = 2147483647 (custom)
2019-10-10 00:41:33,798 [pool-423-thread-1] INFO  server.RaftServerConfigKeys (ConfUtils.java:logGet(43)) - raft.server.log.queue.element-limit = 1024 (custom)
2019-10-10 00:41:33,798 [pool-413-thread-1] INFO  segmented.SegmentedRaftLogWorker (SegmentedRaftLogWorker.java:lambda$new$0(128)) - a7239857-a50b-4b60-a79a-ec06882c000c@group-6226E59A11AF-SegmentedRaftLogWorker: flushIndex: setUnconditionally 0 -> -1
2019-10-10 00:41:33,798 [pool-433-thread-1] INFO  server.RaftServerConfigKeys (ConfUtils.java:logGet(43)) - raft.server.log.queue.element-limit = 1024 (custom)
2019-10-10 00:41:33,798 [pool-423-thread-1] INFO  server.RaftServerConfigKeys (ConfUtils.java:logGet(43)) - raft.server.log.segment.size.max = 1048576 (custom)
2019-10-10 00:41:33,798 [pool-433-thread-1] INFO  server.RaftServerConfigKeys (ConfUtils.java:logGet(43)) - raft.server.log.segment.size.max = 1048576 (custom)
2019-10-10 00:41:33,798 [pool-413-thread-1] INFO  server.RaftServerConfigKeys (ConfUtils.java:logGet(43)) - raft.server.snapshot.auto.trigger.enabled = true (custom)
2019-10-10 00:41:33,799 [pool-433-thread-1] INFO  server.RaftServerConfigKeys (ConfUtils.java:logGet(43)) - raft.server.log.preallocated.size = 16384 (custom)
2019-10-10 00:41:33,799 [pool-423-thread-1] INFO  server.RaftServerConfigKeys (ConfUtils.java:logGet(43)) - raft.server.log.preallocated.size = 16384 (custom)
2019-10-10 00:41:33,799 [pool-433-thread-1] INFO  server.RaftServerConfigKeys (ConfUtils.java:logGet(43)) - raft.server.log.write.buffer.size = 33554432 (custom)
2019-10-10 00:41:33,799 [pool-413-thread-1] INFO  server.RaftServerConfigKeys (ConfUtils.java:logGet(43)) - raft.server.snapshot.auto.trigger.threshold = 10000 (custom)
2019-10-10 00:41:33,799 [pool-433-thread-1] INFO  server.RaftServerConfigKeys (ConfUtils.java:logGet(43)) - raft.server.log.force.sync.num = 128 (default)
2019-10-10 00:41:33,799 [pool-423-thread-1] INFO  server.RaftServerConfigKeys (ConfUtils.java:logGet(43)) - raft.server.log.write.buffer.size = 33554432 (custom)
2019-10-10 00:41:33,799 [pool-433-thread-1] INFO  server.RaftServerConfigKeys (ConfUtils.java:logGet(43)) - raft.server.log.statemachine.data.sync = true (default)
2019-10-10 00:41:33,799 [pool-413-thread-1] INFO  server.RaftServerConfigKeys (ConfUtils.java:logGet(43)) - raft.server.snapshot.retention.file.num = 5 (custom)
2019-10-10 00:41:33,799 [pool-433-thread-1] INFO  server.RaftServerConfigKeys (ConfUtils.java:logGet(43)) - raft.server.log.statemachine.data.sync.timeout = 10s (default)
2019-10-10 00:41:33,800 [pool-433-thread-1] INFO  server.RaftServerConfigKeys (ConfUtils.java:logGet(43)) - raft.server.log.statemachine.data.sync.timeout.retry = -1 (default)
2019-10-10 00:41:33,799 [pool-423-thread-1] INFO  server.RaftServerConfigKeys (ConfUtils.java:logGet(43)) - raft.server.log.force.sync.num = 128 (default)
2019-10-10 00:41:33,800 [pool-433-thread-1] INFO  server.RaftServerConfigKeys (ConfUtils.java:logGet(43)) - raft.server.log.statemachine.data.caching.enabled = true (custom)
2019-10-10 00:41:33,800 [pool-413-thread-1] INFO  server.RaftServerConfigKeys (ConfUtils.java:logGet(43)) - raft.server.retrycache.expirytime = 600000ms (custom)
2019-10-10 00:41:33,800 [pool-423-thread-1] INFO  server.RaftServerConfigKeys (ConfUtils.java:logGet(43)) - raft.server.log.statemachine.data.sync = true (default)
2019-10-10 00:41:33,800 [pool-433-thread-1] INFO  segmented.SegmentedRaftLogWorker (SegmentedRaftLogWorker.java:lambda$new$0(128)) - 7b9e8594-92f5-4ba9-87dc-8331683642a0@group-6226E59A11AF-SegmentedRaftLogWorker: flushIndex: setUnconditionally 0 -> -1
2019-10-10 00:41:33,800 [pool-423-thread-1] INFO  server.RaftServerConfigKeys (ConfUtils.java:logGet(43)) - raft.server.log.statemachine.data.sync.timeout = 10s (default)
2019-10-10 00:41:33,800 [pool-423-thread-1] INFO  server.RaftServerConfigKeys (ConfUtils.java:logGet(43)) - raft.server.log.statemachine.data.sync.timeout.retry = -1 (default)
2019-10-10 00:41:33,800 [pool-433-thread-1] INFO  server.RaftServerConfigKeys (ConfUtils.java:logGet(43)) - raft.server.snapshot.auto.trigger.enabled = true (custom)
2019-10-10 00:41:33,800 [pool-433-thread-1] INFO  server.RaftServerConfigKeys (ConfUtils.java:logGet(43)) - raft.server.snapshot.auto.trigger.threshold = 10000 (custom)
2019-10-10 00:41:33,800 [pool-423-thread-1] INFO  server.RaftServerConfigKeys (ConfUtils.java:logGet(43)) - raft.server.log.statemachine.data.caching.enabled = true (custom)
2019-10-10 00:41:33,801 [pool-433-thread-1] INFO  server.RaftServerConfigKeys (ConfUtils.java:logGet(43)) - raft.server.snapshot.retention.file.num = 5 (custom)
2019-10-10 00:41:33,801 [pool-423-thread-1] INFO  segmented.SegmentedRaftLogWorker (SegmentedRaftLogWorker.java:lambda$new$0(128)) - 73b9ed2c-c92d-4181-a079-a18a14bceeef@group-6226E59A11AF-SegmentedRaftLogWorker: flushIndex: setUnconditionally 0 -> -1
2019-10-10 00:41:33,801 [pool-433-thread-1] INFO  server.RaftServerConfigKeys (ConfUtils.java:logGet(43)) - raft.server.retrycache.expirytime = 600000ms (custom)
2019-10-10 00:41:33,801 [pool-423-thread-1] INFO  server.RaftServerConfigKeys (ConfUtils.java:logGet(43)) - raft.server.snapshot.auto.trigger.enabled = true (custom)
2019-10-10 00:41:33,801 [pool-423-thread-1] INFO  server.RaftServerConfigKeys (ConfUtils.java:logGet(43)) - raft.server.snapshot.auto.trigger.threshold = 10000 (custom)
2019-10-10 00:41:33,801 [pool-423-thread-1] INFO  server.RaftServerConfigKeys (ConfUtils.java:logGet(43)) - raft.server.snapshot.retention.file.num = 5 (custom)
2019-10-10 00:41:33,801 [pool-413-thread-1] INFO  impl.RaftServerImpl (RaftServerImpl.java:start(181)) - a7239857-a50b-4b60-a79a-ec06882c000c@group-6226E59A11AF: start as a follower, conf=-1: [7b9e8594-92f5-4ba9-87dc-8331683642a0:192.168.151.65:40056, a7239857-a50b-4b60-a79a-ec06882c000c:192.168.151.65:33305, 73b9ed2c-c92d-4181-a079-a18a14bceeef:192.168.151.65:45285], old=null
2019-10-10 00:41:33,801 [pool-423-thread-1] INFO  server.RaftServerConfigKeys (ConfUtils.java:logGet(43)) - raft.server.retrycache.expirytime = 600000ms (custom)
2019-10-10 00:41:33,801 [pool-413-thread-1] INFO  impl.RaftServerImpl (RaftServerImpl.java:setRole(170)) - a7239857-a50b-4b60-a79a-ec06882c000c@group-6226E59A11AF: changes role from      null to FOLLOWER at term 0 for startAsFollower
2019-10-10 00:41:33,801 [pool-413-thread-1] INFO  impl.RoleInfo (RoleInfo.java:updateAndGet(143)) - a7239857-a50b-4b60-a79a-ec06882c000c: start FollowerState
2019-10-10 00:41:33,802 [pool-413-thread-1] INFO  util.JmxRegister (JmxRegister.java:tryRegister(44)) - Successfully registered JMX Bean with object name Ratis:service=RaftServer,group=group-6226E59A11AF,id=a7239857-a50b-4b60-a79a-ec06882c000c
2019-10-10 00:41:33,803 [pool-433-thread-1] INFO  impl.RaftServerImpl (RaftServerImpl.java:start(181)) - 7b9e8594-92f5-4ba9-87dc-8331683642a0@group-6226E59A11AF: start as a follower, conf=-1: [7b9e8594-92f5-4ba9-87dc-8331683642a0:192.168.151.65:40056, a7239857-a50b-4b60-a79a-ec06882c000c:192.168.151.65:33305, 73b9ed2c-c92d-4181-a079-a18a14bceeef:192.168.151.65:45285], old=null
2019-10-10 00:41:33,803 [pool-433-thread-1] INFO  impl.RaftServerImpl (RaftServerImpl.java:setRole(170)) - 7b9e8594-92f5-4ba9-87dc-8331683642a0@group-6226E59A11AF: changes role from      null to FOLLOWER at term 0 for startAsFollower
2019-10-10 00:41:33,803 [pool-433-thread-1] INFO  impl.RoleInfo (RoleInfo.java:updateAndGet(143)) - 7b9e8594-92f5-4ba9-87dc-8331683642a0: start FollowerState
2019-10-10 00:41:33,803 [pool-433-thread-1] INFO  util.JmxRegister (JmxRegister.java:tryRegister(44)) - Successfully registered JMX Bean with object name Ratis:service=RaftServer,group=group-6226E59A11AF,id=7b9e8594-92f5-4ba9-87dc-8331683642a0
2019-10-10 00:41:33,803 [pool-423-thread-1] INFO  impl.RaftServerImpl (RaftServerImpl.java:start(181)) - 73b9ed2c-c92d-4181-a079-a18a14bceeef@group-6226E59A11AF: start as a follower, conf=-1: [7b9e8594-92f5-4ba9-87dc-8331683642a0:192.168.151.65:40056, a7239857-a50b-4b60-a79a-ec06882c000c:192.168.151.65:33305, 73b9ed2c-c92d-4181-a079-a18a14bceeef:192.168.151.65:45285], old=null
2019-10-10 00:41:33,803 [pool-423-thread-1] INFO  impl.RaftServerImpl (RaftServerImpl.java:setRole(170)) - 73b9ed2c-c92d-4181-a079-a18a14bceeef@group-6226E59A11AF: changes role from      null to FOLLOWER at term 0 for startAsFollower
2019-10-10 00:41:33,803 [pool-423-thread-1] INFO  impl.RoleInfo (RoleInfo.java:updateAndGet(143)) - 73b9ed2c-c92d-4181-a079-a18a14bceeef: start FollowerState
2019-10-10 00:41:33,804 [pool-423-thread-1] INFO  util.JmxRegister (JmxRegister.java:tryRegister(44)) - Successfully registered JMX Bean with object name Ratis:service=RaftServer,group=group-6226E59A11AF,id=73b9ed2c-c92d-4181-a079-a18a14bceeef
2019-10-10 00:41:33,807 [RatisPipelineUtilsThread] INFO  pipeline.PipelineStateManager (PipelineStateManager.java:addPipeline(56)) - Created pipeline Pipeline[ Id: 8cd0ad2e-f6fe-440b-b0d8-6226e59a11af, Nodes: a7239857-a50b-4b60-a79a-ec06882c000c{ip: 192.168.151.65, host: pr-hdds-2181-sj4vp-878094216, networkLocation: /default-rack, certSerialId: null}73b9ed2c-c92d-4181-a079-a18a14bceeef{ip: 192.168.151.65, host: pr-hdds-2181-sj4vp-878094216, networkLocation: /default-rack, certSerialId: null}7b9e8594-92f5-4ba9-87dc-8331683642a0{ip: 192.168.151.65, host: pr-hdds-2181-sj4vp-878094216, networkLocation: /default-rack, certSerialId: null}, Type:RATIS, Factor:THREE, State:OPEN]
2019-10-10 00:41:36,298 [Thread-2335] INFO  container.ReplicationManager (ReplicationManager.java:start(162)) - Starting Replication Monitor Thread.
2019-10-10 00:41:36,302 [ReplicationMonitor] INFO  container.ReplicationManager (ReplicationManager.java:run(225)) - Replication Monitor Thread took 0 milliseconds for processing 1 containers.
2019-10-10 00:41:38,461 [Thread-2340] INFO  impl.FollowerState (FollowerState.java:run(108)) - d495a13f-0a7b-428d-b6dc-21df85afa43a@group-A1591137FF5B-FollowerState: change to CANDIDATE, lastRpcTime:5051ms, electionTimeout:5051ms
2019-10-10 00:41:38,462 [Thread-2340] INFO  impl.RoleInfo (RoleInfo.java:shutdownFollowerState(121)) - d495a13f-0a7b-428d-b6dc-21df85afa43a: shutdown FollowerState
2019-10-10 00:41:38,462 [Thread-2340] INFO  impl.RaftServerImpl (RaftServerImpl.java:setRole(170)) - d495a13f-0a7b-428d-b6dc-21df85afa43a@group-A1591137FF5B: changes role from  FOLLOWER to CANDIDATE at term 0 for changeToCandidate
2019-10-10 00:41:38,462 [Thread-2340] INFO  impl.RoleInfo (RoleInfo.java:updateAndGet(143)) - d495a13f-0a7b-428d-b6dc-21df85afa43a: start LeaderElection
2019-10-10 00:41:38,468 [Thread-2343] INFO  impl.FollowerState (FollowerState.java:run(108)) - fac24f77-0377-4290-a08b-a58c53fb1ebe@group-E9703E120EA8-FollowerState: change to CANDIDATE, lastRpcTime:5013ms, electionTimeout:5011ms
2019-10-10 00:41:38,468 [Thread-2343] INFO  impl.RoleInfo (RoleInfo.java:shutdownFollowerState(121)) - fac24f77-0377-4290-a08b-a58c53fb1ebe: shutdown FollowerState
2019-10-10 00:41:38,475 [Thread-2343] INFO  impl.RaftServerImpl (RaftServerImpl.java:setRole(170)) - fac24f77-0377-4290-a08b-a58c53fb1ebe@group-E9703E120EA8: changes role from  FOLLOWER to CANDIDATE at term 0 for changeToCandidate
2019-10-10 00:41:38,475 [Thread-2343] INFO  impl.RoleInfo (RoleInfo.java:updateAndGet(143)) - fac24f77-0377-4290-a08b-a58c53fb1ebe: start LeaderElection
2019-10-10 00:41:38,497 [fac24f77-0377-4290-a08b-a58c53fb1ebe@group-E9703E120EA8-LeaderElection61] INFO  impl.LeaderElection (LeaderElection.java:askForVotes(178)) - fac24f77-0377-4290-a08b-a58c53fb1ebe@group-E9703E120EA8-LeaderElection61: begin an election at term 1 for -1: [fac24f77-0377-4290-a08b-a58c53fb1ebe:192.168.151.65:42834], old=null
2019-10-10 00:41:38,497 [d495a13f-0a7b-428d-b6dc-21df85afa43a@group-A1591137FF5B-LeaderElection60] INFO  impl.LeaderElection (LeaderElection.java:askForVotes(178)) - d495a13f-0a7b-428d-b6dc-21df85afa43a@group-A1591137FF5B-LeaderElection60: begin an election at term 1 for -1: [d495a13f-0a7b-428d-b6dc-21df85afa43a:192.168.151.65:45138], old=null
2019-10-10 00:41:38,498 [fac24f77-0377-4290-a08b-a58c53fb1ebe@group-E9703E120EA8-LeaderElection61] INFO  impl.RoleInfo (RoleInfo.java:shutdownLeaderElection(134)) - fac24f77-0377-4290-a08b-a58c53fb1ebe: shutdown LeaderElection
2019-10-10 00:41:38,498 [d495a13f-0a7b-428d-b6dc-21df85afa43a@group-A1591137FF5B-LeaderElection60] INFO  impl.RoleInfo (RoleInfo.java:shutdownLeaderElection(134)) - d495a13f-0a7b-428d-b6dc-21df85afa43a: shutdown LeaderElection
2019-10-10 00:41:38,498 [fac24f77-0377-4290-a08b-a58c53fb1ebe@group-E9703E120EA8-LeaderElection61] INFO  impl.RaftServerImpl (RaftServerImpl.java:setRole(170)) - fac24f77-0377-4290-a08b-a58c53fb1ebe@group-E9703E120EA8: changes role from CANDIDATE to LEADER at term 1 for changeToLeader
2019-10-10 00:41:38,498 [d495a13f-0a7b-428d-b6dc-21df85afa43a@group-A1591137FF5B-LeaderElection60] INFO  impl.RaftServerImpl (RaftServerImpl.java:setRole(170)) - d495a13f-0a7b-428d-b6dc-21df85afa43a@group-A1591137FF5B: changes role from CANDIDATE to LEADER at term 1 for changeToLeader
2019-10-10 00:41:38,498 [fac24f77-0377-4290-a08b-a58c53fb1ebe@group-E9703E120EA8-LeaderElection61] INFO  impl.RaftServerImpl (ServerState.java:setLeader(255)) - fac24f77-0377-4290-a08b-a58c53fb1ebe@group-E9703E120EA8: change Leader from null to fac24f77-0377-4290-a08b-a58c53fb1ebe at term 1 for becomeLeader, leader elected after 5049ms
2019-10-10 00:41:38,498 [d495a13f-0a7b-428d-b6dc-21df85afa43a@group-A1591137FF5B-LeaderElection60] INFO  impl.RaftServerImpl (ServerState.java:setLeader(255)) - d495a13f-0a7b-428d-b6dc-21df85afa43a@group-A1591137FF5B: change Leader from null to d495a13f-0a7b-428d-b6dc-21df85afa43a at term 1 for becomeLeader, leader elected after 5095ms
2019-10-10 00:41:38,499 [fac24f77-0377-4290-a08b-a58c53fb1ebe@group-E9703E120EA8-LeaderElection61] INFO  server.RaftServerConfigKeys (ConfUtils.java:logGet(43)) - raft.server.staging.catchup.gap = 1000 (default)
2019-10-10 00:41:38,499 [d495a13f-0a7b-428d-b6dc-21df85afa43a@group-A1591137FF5B-LeaderElection60] INFO  server.RaftServerConfigKeys (ConfUtils.java:logGet(43)) - raft.server.staging.catchup.gap = 1000 (default)
2019-10-10 00:41:38,499 [fac24f77-0377-4290-a08b-a58c53fb1ebe@group-E9703E120EA8-LeaderElection61] INFO  server.RaftServerConfigKeys (ConfUtils.java:logGet(43)) - raft.server.rpc.sleep.time = 25ms (default)
2019-10-10 00:41:38,499 [d495a13f-0a7b-428d-b6dc-21df85afa43a@group-A1591137FF5B-LeaderElection60] INFO  server.RaftServerConfigKeys (ConfUtils.java:logGet(43)) - raft.server.rpc.sleep.time = 25ms (default)
2019-10-10 00:41:38,500 [fac24f77-0377-4290-a08b-a58c53fb1ebe@group-E9703E120EA8-LeaderElection61] INFO  server.RaftServerConfigKeys (ConfUtils.java:logGet(43)) - raft.server.write.element-limit = 4096 (default)
2019-10-10 00:41:38,500 [d495a13f-0a7b-428d-b6dc-21df85afa43a@group-A1591137FF5B-LeaderElection60] INFO  server.RaftServerConfigKeys (ConfUtils.java:logGet(43)) - raft.server.write.element-limit = 4096 (default)
2019-10-10 00:41:38,500 [fac24f77-0377-4290-a08b-a58c53fb1ebe@group-E9703E120EA8-LeaderElection61] INFO  server.RaftServerConfigKeys (ConfUtils.java:logGet(43)) - raft.server.watch.timeout = 10s (default)
2019-10-10 00:41:38,500 [d495a13f-0a7b-428d-b6dc-21df85afa43a@group-A1591137FF5B-LeaderElection60] INFO  server.RaftServerConfigKeys (ConfUtils.java:logGet(43)) - raft.server.watch.timeout = 10s (default)
2019-10-10 00:41:38,500 [fac24f77-0377-4290-a08b-a58c53fb1ebe@group-E9703E120EA8-LeaderElection61] INFO  server.RaftServerConfigKeys (ConfUtils.java:logGet(43)) - raft.server.watch.timeout.denomination = 1s (default)
2019-10-10 00:41:38,500 [d495a13f-0a7b-428d-b6dc-21df85afa43a@group-A1591137FF5B-LeaderElection60] INFO  server.RaftServerConfigKeys (ConfUtils.java:logGet(43)) - raft.server.watch.timeout.denomination = 1s (default)
2019-10-10 00:41:38,500 [fac24f77-0377-4290-a08b-a58c53fb1ebe@group-E9703E120EA8-LeaderElection61] INFO  server.RaftServerConfigKeys (ConfUtils.java:logGet(43)) - raft.server.watch.element-limit = 65536 (default)
2019-10-10 00:41:38,500 [d495a13f-0a7b-428d-b6dc-21df85afa43a@group-A1591137FF5B-LeaderElection60] INFO  server.RaftServerConfigKeys (ConfUtils.java:logGet(43)) - raft.server.watch.element-limit = 65536 (default)
2019-10-10 00:41:38,503 [fac24f77-0377-4290-a08b-a58c53fb1ebe@group-E9703E120EA8-LeaderElection61] INFO  impl.RoleInfo (RoleInfo.java:updateAndGet(143)) - fac24f77-0377-4290-a08b-a58c53fb1ebe: start LeaderState
2019-10-10 00:41:38,503 [d495a13f-0a7b-428d-b6dc-21df85afa43a@group-A1591137FF5B-LeaderElection60] INFO  impl.RoleInfo (RoleInfo.java:updateAndGet(143)) - d495a13f-0a7b-428d-b6dc-21df85afa43a: start LeaderState
2019-10-10 00:41:38,504 [fac24f77-0377-4290-a08b-a58c53fb1ebe@group-E9703E120EA8-LeaderElection61] INFO  segmented.SegmentedRaftLogWorker (SegmentedRaftLogWorker.java:startLogSegment(385)) - fac24f77-0377-4290-a08b-a58c53fb1ebe@group-E9703E120EA8-SegmentedRaftLogWorker: Starting segment from index:0
2019-10-10 00:41:38,504 [d495a13f-0a7b-428d-b6dc-21df85afa43a@group-A1591137FF5B-LeaderElection60] INFO  segmented.SegmentedRaftLogWorker (SegmentedRaftLogWorker.java:startLogSegment(385)) - d495a13f-0a7b-428d-b6dc-21df85afa43a@group-A1591137FF5B-SegmentedRaftLogWorker: Starting segment from index:0
2019-10-10 00:41:38,505 [fac24f77-0377-4290-a08b-a58c53fb1ebe@group-E9703E120EA8-LeaderElection61] INFO  impl.RaftServerImpl (ServerState.java:setRaftConf(356)) - fac24f77-0377-4290-a08b-a58c53fb1ebe@group-E9703E120EA8: set configuration 0: [fac24f77-0377-4290-a08b-a58c53fb1ebe:192.168.151.65:42834], old=null at 0
2019-10-10 00:41:38,505 [d495a13f-0a7b-428d-b6dc-21df85afa43a@group-A1591137FF5B-LeaderElection60] INFO  impl.RaftServerImpl (ServerState.java:setRaftConf(356)) - d495a13f-0a7b-428d-b6dc-21df85afa43a@group-A1591137FF5B: set configuration 0: [d495a13f-0a7b-428d-b6dc-21df85afa43a:192.168.151.65:45138], old=null at 0
2019-10-10 00:41:38,526 [Thread-2337] INFO  impl.FollowerState (FollowerState.java:run(108)) - ca37b42e-f95b-46f6-a9aa-3d6a566edb7e@group-3A3C186C4F46-FollowerState: change to CANDIDATE, lastRpcTime:5165ms, electionTimeout:5165ms
2019-10-10 00:41:38,526 [Thread-2337] INFO  impl.RoleInfo (RoleInfo.java:shutdownFollowerState(121)) - ca37b42e-f95b-46f6-a9aa-3d6a566edb7e: shutdown FollowerState
2019-10-10 00:41:38,527 [Thread-2337] INFO  impl.RaftServerImpl (RaftServerImpl.java:setRole(170)) - ca37b42e-f95b-46f6-a9aa-3d6a566edb7e@group-3A3C186C4F46: changes role from  FOLLOWER to CANDIDATE at term 0 for changeToCandidate
2019-10-10 00:41:38,527 [Thread-2337] INFO  impl.RoleInfo (RoleInfo.java:updateAndGet(143)) - ca37b42e-f95b-46f6-a9aa-3d6a566edb7e: start LeaderElection
2019-10-10 00:41:38,544 [Thread-2346] INFO  impl.FollowerState (FollowerState.java:run(108)) - ca37b42e-f95b-46f6-a9aa-3d6a566edb7e@group-632C288FA379-FollowerState: change to CANDIDATE, lastRpcTime:5035ms, electionTimeout:5025ms
2019-10-10 00:41:38,544 [Thread-2350] INFO  impl.FollowerState (FollowerState.java:run(108)) - fac24f77-0377-4290-a08b-a58c53fb1ebe@group-632C288FA379-FollowerState: change to CANDIDATE, lastRpcTime:5030ms, electionTimeout:5014ms
2019-10-10 00:41:38,545 [Thread-2346] INFO  impl.RoleInfo (RoleInfo.java:shutdownFollowerState(121)) - ca37b42e-f95b-46f6-a9aa-3d6a566edb7e: shutdown FollowerState
2019-10-10 00:41:38,545 [Thread-2350] INFO  impl.RoleInfo (RoleInfo.java:shutdownFollowerState(121)) - fac24f77-0377-4290-a08b-a58c53fb1ebe: shutdown FollowerState
2019-10-10 00:41:38,549 [Thread-2346] INFO  impl.RaftServerImpl (RaftServerImpl.java:setRole(170)) - ca37b42e-f95b-46f6-a9aa-3d6a566edb7e@group-632C288FA379: changes role from  FOLLOWER to CANDIDATE at term 0 for changeToCandidate
2019-10-10 00:41:38,549 [Thread-2350] INFO  impl.RaftServerImpl (RaftServerImpl.java:setRole(170)) - fac24f77-0377-4290-a08b-a58c53fb1ebe@group-632C288FA379: changes role from  FOLLOWER to CANDIDATE at term 0 for changeToCandidate
2019-10-10 00:41:38,549 [Thread-2350] INFO  impl.RoleInfo (RoleInfo.java:updateAndGet(143)) - fac24f77-0377-4290-a08b-a58c53fb1ebe: start LeaderElection
2019-10-10 00:41:38,549 [Thread-2346] INFO  impl.RoleInfo (RoleInfo.java:updateAndGet(143)) - ca37b42e-f95b-46f6-a9aa-3d6a566edb7e: start LeaderElection
2019-10-10 00:41:38,558 [fac24f77-0377-4290-a08b-a58c53fb1ebe@group-E9703E120EA8-SegmentedRaftLogWorker] INFO  segmented.SegmentedRaftLogWorker (SegmentedRaftLogWorker.java:execute(574)) - fac24f77-0377-4290-a08b-a58c53fb1ebe@group-E9703E120EA8-SegmentedRaftLogWorker: created new log segment /workdir/hadoop-ozone/integration-test/target/test-dir/MiniOzoneClusterImpl-5064c2d2-feb5-4d54-999e-b61ab3625433/datanode-2/data/ratis/a0250df9-e342-4e55-bcbd-e9703e120ea8/current/log_inprogress_0
2019-10-10 00:41:38,558 [d495a13f-0a7b-428d-b6dc-21df85afa43a@group-A1591137FF5B-SegmentedRaftLogWorker] INFO  segmented.SegmentedRaftLogWorker (SegmentedRaftLogWorker.java:execute(574)) - d495a13f-0a7b-428d-b6dc-21df85afa43a@group-A1591137FF5B-SegmentedRaftLogWorker: created new log segment /workdir/hadoop-ozone/integration-test/target/test-dir/MiniOzoneClusterImpl-5064c2d2-feb5-4d54-999e-b61ab3625433/datanode-1/data/ratis/c31513fe-6499-4102-a28c-a1591137ff5b/current/log_inprogress_0
2019-10-10 00:41:38,578 [Thread-2349] INFO  impl.FollowerState (FollowerState.java:run(108)) - d495a13f-0a7b-428d-b6dc-21df85afa43a@group-632C288FA379-FollowerState: change to CANDIDATE, lastRpcTime:5064ms, electionTimeout:5064ms
2019-10-10 00:41:38,578 [ca37b42e-f95b-46f6-a9aa-3d6a566edb7e@group-3A3C186C4F46-LeaderElection62] INFO  impl.LeaderElection (LeaderElection.java:askForVotes(178)) - ca37b42e-f95b-46f6-a9aa-3d6a566edb7e@group-3A3C186C4F46-LeaderElection62: begin an election at term 1 for -1: [ca37b42e-f95b-46f6-a9aa-3d6a566edb7e:192.168.151.65:36464], old=null
2019-10-10 00:41:38,578 [Thread-2349] INFO  impl.RoleInfo (RoleInfo.java:shutdownFollowerState(121)) - d495a13f-0a7b-428d-b6dc-21df85afa43a: shutdown FollowerState
2019-10-10 00:41:38,578 [ca37b42e-f95b-46f6-a9aa-3d6a566edb7e@group-3A3C186C4F46-LeaderElection62] INFO  impl.RoleInfo (RoleInfo.java:shutdownLeaderElection(134)) - ca37b42e-f95b-46f6-a9aa-3d6a566edb7e: shutdown LeaderElection
2019-10-10 00:41:38,578 [ca37b42e-f95b-46f6-a9aa-3d6a566edb7e@group-632C288FA379-LeaderElection63] INFO  impl.LeaderElection (LeaderElection.java:askForVotes(178)) - ca37b42e-f95b-46f6-a9aa-3d6a566edb7e@group-632C288FA379-LeaderElection63: begin an election at term 1 for -1: [d495a13f-0a7b-428d-b6dc-21df85afa43a:192.168.151.65:45138, fac24f77-0377-4290-a08b-a58c53fb1ebe:192.168.151.65:42834, ca37b42e-f95b-46f6-a9aa-3d6a566edb7e:192.168.151.65:36464], old=null
2019-10-10 00:41:38,578 [fac24f77-0377-4290-a08b-a58c53fb1ebe@group-632C288FA379-LeaderElection64] INFO  impl.LeaderElection (LeaderElection.java:askForVotes(178)) - fac24f77-0377-4290-a08b-a58c53fb1ebe@group-632C288FA379-LeaderElection64: begin an election at term 1 for -1: [d495a13f-0a7b-428d-b6dc-21df85afa43a:192.168.151.65:45138, fac24f77-0377-4290-a08b-a58c53fb1ebe:192.168.151.65:42834, ca37b42e-f95b-46f6-a9aa-3d6a566edb7e:192.168.151.65:36464], old=null
2019-10-10 00:41:38,578 [ca37b42e-f95b-46f6-a9aa-3d6a566edb7e@group-3A3C186C4F46-LeaderElection62] INFO  impl.RaftServerImpl (RaftServerImpl.java:setRole(170)) - ca37b42e-f95b-46f6-a9aa-3d6a566edb7e@group-3A3C186C4F46: changes role from CANDIDATE to LEADER at term 1 for changeToLeader
2019-10-10 00:41:38,578 [Thread-2349] INFO  impl.RaftServerImpl (RaftServerImpl.java:setRole(170)) - d495a13f-0a7b-428d-b6dc-21df85afa43a@group-632C288FA379: changes role from  FOLLOWER to CANDIDATE at term 0 for changeToCandidate
2019-10-10 00:41:38,579 [ca37b42e-f95b-46f6-a9aa-3d6a566edb7e@group-3A3C186C4F46-LeaderElection62] INFO  impl.RaftServerImpl (ServerState.java:setLeader(255)) - ca37b42e-f95b-46f6-a9aa-3d6a566edb7e@group-3A3C186C4F46: change Leader from null to ca37b42e-f95b-46f6-a9aa-3d6a566edb7e at term 1 for becomeLeader, leader elected after 5226ms
2019-10-10 00:41:38,579 [ca37b42e-f95b-46f6-a9aa-3d6a566edb7e@group-3A3C186C4F46-LeaderElection62] INFO  server.RaftServerConfigKeys (ConfUtils.java:logGet(43)) - raft.server.staging.catchup.gap = 1000 (default)
2019-10-10 00:41:38,579 [Thread-2349] INFO  impl.RoleInfo (RoleInfo.java:updateAndGet(143)) - d495a13f-0a7b-428d-b6dc-21df85afa43a: start LeaderElection
2019-10-10 00:41:38,579 [ca37b42e-f95b-46f6-a9aa-3d6a566edb7e@group-3A3C186C4F46-LeaderElection62] INFO  server.RaftServerConfigKeys (ConfUtils.java:logGet(43)) - raft.server.rpc.sleep.time = 25ms (default)
2019-10-10 00:41:38,580 [ca37b42e-f95b-46f6-a9aa-3d6a566edb7e@group-3A3C186C4F46-LeaderElection62] INFO  server.RaftServerConfigKeys (ConfUtils.java:logGet(43)) - raft.server.write.element-limit = 4096 (default)
2019-10-10 00:41:38,583 [ca37b42e-f95b-46f6-a9aa-3d6a566edb7e@group-3A3C186C4F46-LeaderElection62] INFO  server.RaftServerConfigKeys (ConfUtils.java:logGet(43)) - raft.server.watch.timeout = 10s (default)
2019-10-10 00:41:38,585 [ca37b42e-f95b-46f6-a9aa-3d6a566edb7e@group-3A3C186C4F46-LeaderElection62] INFO  server.RaftServerConfigKeys (ConfUtils.java:logGet(43)) - raft.server.watch.timeout.denomination = 1s (default)
2019-10-10 00:41:38,585 [ca37b42e-f95b-46f6-a9aa-3d6a566edb7e@group-3A3C186C4F46-LeaderElection62] INFO  server.RaftServerConfigKeys (ConfUtils.java:logGet(43)) - raft.server.watch.element-limit = 65536 (default)
2019-10-10 00:41:38,587 [ca37b42e-f95b-46f6-a9aa-3d6a566edb7e@group-3A3C186C4F46-LeaderElection62] INFO  impl.RoleInfo (RoleInfo.java:updateAndGet(143)) - ca37b42e-f95b-46f6-a9aa-3d6a566edb7e: start LeaderState
2019-10-10 00:41:38,587 [ca37b42e-f95b-46f6-a9aa-3d6a566edb7e@group-3A3C186C4F46-LeaderElection62] INFO  segmented.SegmentedRaftLogWorker (SegmentedRaftLogWorker.java:startLogSegment(385)) - ca37b42e-f95b-46f6-a9aa-3d6a566edb7e@group-3A3C186C4F46-SegmentedRaftLogWorker: Starting segment from index:0
2019-10-10 00:41:38,587 [ca37b42e-f95b-46f6-a9aa-3d6a566edb7e@group-3A3C186C4F46-LeaderElection62] INFO  impl.RaftServerImpl (ServerState.java:setRaftConf(356)) - ca37b42e-f95b-46f6-a9aa-3d6a566edb7e@group-3A3C186C4F46: set configuration 0: [ca37b42e-f95b-46f6-a9aa-3d6a566edb7e:192.168.151.65:36464], old=null at 0
2019-10-10 00:41:38,599 [d495a13f-0a7b-428d-b6dc-21df85afa43a@group-632C288FA379-LeaderElection65] INFO  impl.LeaderElection (LeaderElection.java:askForVotes(178)) - d495a13f-0a7b-428d-b6dc-21df85afa43a@group-632C288FA379-LeaderElection65: begin an election at term 1 for -1: [d495a13f-0a7b-428d-b6dc-21df85afa43a:192.168.151.65:45138, fac24f77-0377-4290-a08b-a58c53fb1ebe:192.168.151.65:42834, ca37b42e-f95b-46f6-a9aa-3d6a566edb7e:192.168.151.65:36464], old=null
2019-10-10 00:41:38,599 [ca37b42e-f95b-46f6-a9aa-3d6a566edb7e@group-632C288FA379-LeaderElection63] INFO  impl.LeaderElection (LeaderElection.java:logAndReturn(56)) - ca37b42e-f95b-46f6-a9aa-3d6a566edb7e@group-632C288FA379-LeaderElection63: Election REJECTED; received 2 response(s) [ca37b42e-f95b-46f6-a9aa-3d6a566edb7e<-d495a13f-0a7b-428d-b6dc-21df85afa43a#0:FAIL-t1, ca37b42e-f95b-46f6-a9aa-3d6a566edb7e<-fac24f77-0377-4290-a08b-a58c53fb1ebe#0:FAIL-t1] and 0 exception(s); ca37b42e-f95b-46f6-a9aa-3d6a566edb7e@group-632C288FA379:t1, leader=null, voted=ca37b42e-f95b-46f6-a9aa-3d6a566edb7e, raftlog=ca37b42e-f95b-46f6-a9aa-3d6a566edb7e@group-632C288FA379-SegmentedRaftLog:OPENED:c-1,f-1,i0, conf=-1: [d495a13f-0a7b-428d-b6dc-21df85afa43a:192.168.151.65:45138, fac24f77-0377-4290-a08b-a58c53fb1ebe:192.168.151.65:42834, ca37b42e-f95b-46f6-a9aa-3d6a566edb7e:192.168.151.65:36464], old=null
2019-10-10 00:41:38,599 [fac24f77-0377-4290-a08b-a58c53fb1ebe@group-632C288FA379-LeaderElection64] INFO  impl.LeaderElection (LeaderElection.java:logAndReturn(56)) - fac24f77-0377-4290-a08b-a58c53fb1ebe@group-632C288FA379-LeaderElection64: Election REJECTED; received 2 response(s) [fac24f77-0377-4290-a08b-a58c53fb1ebe<-d495a13f-0a7b-428d-b6dc-21df85afa43a#0:FAIL-t1, fac24f77-0377-4290-a08b-a58c53fb1ebe<-ca37b42e-f95b-46f6-a9aa-3d6a566edb7e#0:FAIL-t1] and 0 exception(s); fac24f77-0377-4290-a08b-a58c53fb1ebe@group-632C288FA379:t1, leader=null, voted=fac24f77-0377-4290-a08b-a58c53fb1ebe, raftlog=fac24f77-0377-4290-a08b-a58c53fb1ebe@group-632C288FA379-SegmentedRaftLog:OPENED:c-1,f-1,i0, conf=-1: [d495a13f-0a7b-428d-b6dc-21df85afa43a:192.168.151.65:45138, fac24f77-0377-4290-a08b-a58c53fb1ebe:192.168.151.65:42834, ca37b42e-f95b-46f6-a9aa-3d6a566edb7e:192.168.151.65:36464], old=null
2019-10-10 00:41:38,600 [ca37b42e-f95b-46f6-a9aa-3d6a566edb7e@group-632C288FA379-LeaderElection63] INFO  impl.RaftServerImpl (RaftServerImpl.java:setRole(170)) - ca37b42e-f95b-46f6-a9aa-3d6a566edb7e@group-632C288FA379: changes role from CANDIDATE to FOLLOWER at term 1 for DISCOVERED_A_NEW_TERM
2019-10-10 00:41:38,621 [ca37b42e-f95b-46f6-a9aa-3d6a566edb7e@group-632C288FA379-LeaderElection63] INFO  impl.RoleInfo (RoleInfo.java:shutdownLeaderElection(134)) - ca37b42e-f95b-46f6-a9aa-3d6a566edb7e: shutdown LeaderElection
2019-10-10 00:41:38,621 [fac24f77-0377-4290-a08b-a58c53fb1ebe@group-632C288FA379-LeaderElection64] INFO  impl.RaftServerImpl (RaftServerImpl.java:setRole(170)) - fac24f77-0377-4290-a08b-a58c53fb1ebe@group-632C288FA379: changes role from CANDIDATE to FOLLOWER at term 1 for DISCOVERED_A_NEW_TERM
2019-10-10 00:41:38,624 [fac24f77-0377-4290-a08b-a58c53fb1ebe@group-632C288FA379-LeaderElection64] INFO  impl.RoleInfo (RoleInfo.java:shutdownLeaderElection(134)) - fac24f77-0377-4290-a08b-a58c53fb1ebe: shutdown LeaderElection
2019-10-10 00:41:38,624 [fac24f77-0377-4290-a08b-a58c53fb1ebe@group-632C288FA379-LeaderElection64] INFO  impl.RoleInfo (RoleInfo.java:updateAndGet(143)) - fac24f77-0377-4290-a08b-a58c53fb1ebe: start FollowerState
2019-10-10 00:41:38,625 [ca37b42e-f95b-46f6-a9aa-3d6a566edb7e@group-632C288FA379-LeaderElection63] INFO  impl.RoleInfo (RoleInfo.java:updateAndGet(143)) - ca37b42e-f95b-46f6-a9aa-3d6a566edb7e: start FollowerState
2019-10-10 00:41:38,627 [d495a13f-0a7b-428d-b6dc-21df85afa43a@group-632C288FA379-LeaderElection65] INFO  impl.LeaderElection (LeaderElection.java:logAndReturn(56)) - d495a13f-0a7b-428d-b6dc-21df85afa43a@group-632C288FA379-LeaderElection65: Election REJECTED; received 2 response(s) [d495a13f-0a7b-428d-b6dc-21df85afa43a<-ca37b42e-f95b-46f6-a9aa-3d6a566edb7e#0:FAIL-t1, d495a13f-0a7b-428d-b6dc-21df85afa43a<-fac24f77-0377-4290-a08b-a58c53fb1ebe#0:FAIL-t1] and 0 exception(s); d495a13f-0a7b-428d-b6dc-21df85afa43a@group-632C288FA379:t1, leader=null, voted=d495a13f-0a7b-428d-b6dc-21df85afa43a, raftlog=d495a13f-0a7b-428d-b6dc-21df85afa43a@group-632C288FA379-SegmentedRaftLog:OPENED:c-1,f-1,i0, conf=-1: [d495a13f-0a7b-428d-b6dc-21df85afa43a:192.168.151.65:45138, fac24f77-0377-4290-a08b-a58c53fb1ebe:192.168.151.65:42834, ca37b42e-f95b-46f6-a9aa-3d6a566edb7e:192.168.151.65:36464], old=null
2019-10-10 00:41:38,627 [d495a13f-0a7b-428d-b6dc-21df85afa43a@group-632C288FA379-LeaderElection65] INFO  impl.RaftServerImpl (RaftServerImpl.java:setRole(170)) - d495a13f-0a7b-428d-b6dc-21df85afa43a@group-632C288FA379: changes role from CANDIDATE to FOLLOWER at term 1 for DISCOVERED_A_NEW_TERM
2019-10-10 00:41:38,628 [d495a13f-0a7b-428d-b6dc-21df85afa43a@group-632C288FA379-LeaderElection65] INFO  impl.RoleInfo (RoleInfo.java:shutdownLeaderElection(134)) - d495a13f-0a7b-428d-b6dc-21df85afa43a: shutdown LeaderElection
2019-10-10 00:41:38,628 [d495a13f-0a7b-428d-b6dc-21df85afa43a@group-632C288FA379-LeaderElection65] INFO  impl.RoleInfo (RoleInfo.java:updateAndGet(143)) - d495a13f-0a7b-428d-b6dc-21df85afa43a: start FollowerState
2019-10-10 00:41:38,645 [ca37b42e-f95b-46f6-a9aa-3d6a566edb7e@group-3A3C186C4F46-SegmentedRaftLogWorker] INFO  segmented.SegmentedRaftLogWorker (SegmentedRaftLogWorker.java:execute(574)) - ca37b42e-f95b-46f6-a9aa-3d6a566edb7e@group-3A3C186C4F46-SegmentedRaftLogWorker: created new log segment /workdir/hadoop-ozone/integration-test/target/test-dir/MiniOzoneClusterImpl-5064c2d2-feb5-4d54-999e-b61ab3625433/datanode-0/data/ratis/b0642a3e-1aa5-4553-ae39-3a3c186c4f46/current/log_inprogress_0
2019-10-10 00:41:38,662 [Thread-2355] INFO  impl.FollowerState (FollowerState.java:run(108)) - a7239857-a50b-4b60-a79a-ec06882c000c@group-E7EC032C0311-FollowerState: change to CANDIDATE, lastRpcTime:5097ms, electionTimeout:5097ms
2019-10-10 00:41:38,662 [Thread-2355] INFO  impl.RoleInfo (RoleInfo.java:shutdownFollowerState(121)) - a7239857-a50b-4b60-a79a-ec06882c000c: shutdown FollowerState
2019-10-10 00:41:38,663 [Thread-2355] INFO  impl.RaftServerImpl (RaftServerImpl.java:setRole(170)) - a7239857-a50b-4b60-a79a-ec06882c000c@group-E7EC032C0311: changes role from  FOLLOWER to CANDIDATE at term 0 for changeToCandidate
2019-10-10 00:41:38,663 [Thread-2355] INFO  impl.RoleInfo (RoleInfo.java:updateAndGet(143)) - a7239857-a50b-4b60-a79a-ec06882c000c: start LeaderElection
2019-10-10 00:41:38,681 [a7239857-a50b-4b60-a79a-ec06882c000c@group-E7EC032C0311-LeaderElection66] INFO  impl.LeaderElection (LeaderElection.java:askForVotes(178)) - a7239857-a50b-4b60-a79a-ec06882c000c@group-E7EC032C0311-LeaderElection66: begin an election at term 1 for -1: [a7239857-a50b-4b60-a79a-ec06882c000c:192.168.151.65:33305], old=null
2019-10-10 00:41:38,682 [a7239857-a50b-4b60-a79a-ec06882c000c@group-E7EC032C0311-LeaderElection66] INFO  impl.RoleInfo (RoleInfo.java:shutdownLeaderElection(134)) - a7239857-a50b-4b60-a79a-ec06882c000c: shutdown LeaderElection
2019-10-10 00:41:38,682 [a7239857-a50b-4b60-a79a-ec06882c000c@group-E7EC032C0311-LeaderElection66] INFO  impl.RaftServerImpl (RaftServerImpl.java:setRole(170)) - a7239857-a50b-4b60-a79a-ec06882c000c@group-E7EC032C0311: changes role from CANDIDATE to LEADER at term 1 for changeToLeader
2019-10-10 00:41:38,682 [a7239857-a50b-4b60-a79a-ec06882c000c@group-E7EC032C0311-LeaderElection66] INFO  impl.RaftServerImpl (ServerState.java:setLeader(255)) - a7239857-a50b-4b60-a79a-ec06882c000c@group-E7EC032C0311: change Leader from null to a7239857-a50b-4b60-a79a-ec06882c000c at term 1 for becomeLeader, leader elected after 5124ms
2019-10-10 00:41:38,682 [a7239857-a50b-4b60-a79a-ec06882c000c@group-E7EC032C0311-LeaderElection66] INFO  server.RaftServerConfigKeys (ConfUtils.java:logGet(43)) - raft.server.staging.catchup.gap = 1000 (default)
2019-10-10 00:41:38,682 [a7239857-a50b-4b60-a79a-ec06882c000c@group-E7EC032C0311-LeaderElection66] INFO  server.RaftServerConfigKeys (ConfUtils.java:logGet(43)) - raft.server.rpc.sleep.time = 25ms (default)
2019-10-10 00:41:38,682 [a7239857-a50b-4b60-a79a-ec06882c000c@group-E7EC032C0311-LeaderElection66] INFO  server.RaftServerConfigKeys (ConfUtils.java:logGet(43)) - raft.server.write.element-limit = 4096 (default)
2019-10-10 00:41:38,682 [a7239857-a50b-4b60-a79a-ec06882c000c@group-E7EC032C0311-LeaderElection66] INFO  server.RaftServerConfigKeys (ConfUtils.java:logGet(43)) - raft.server.watch.timeout = 10s (default)
2019-10-10 00:41:38,683 [a7239857-a50b-4b60-a79a-ec06882c000c@group-E7EC032C0311-LeaderElection66] INFO  server.RaftServerConfigKeys (ConfUtils.java:logGet(43)) - raft.server.watch.timeout.denomination = 1s (default)
2019-10-10 00:41:38,683 [a7239857-a50b-4b60-a79a-ec06882c000c@group-E7EC032C0311-LeaderElection66] INFO  server.RaftServerConfigKeys (ConfUtils.java:logGet(43)) - raft.server.watch.element-limit = 65536 (default)
2019-10-10 00:41:38,685 [a7239857-a50b-4b60-a79a-ec06882c000c@group-E7EC032C0311-LeaderElection66] INFO  impl.RoleInfo (RoleInfo.java:updateAndGet(143)) - a7239857-a50b-4b60-a79a-ec06882c000c: start LeaderState
2019-10-10 00:41:38,685 [a7239857-a50b-4b60-a79a-ec06882c000c@group-E7EC032C0311-LeaderElection66] INFO  segmented.SegmentedRaftLogWorker (SegmentedRaftLogWorker.java:startLogSegment(385)) - a7239857-a50b-4b60-a79a-ec06882c000c@group-E7EC032C0311-SegmentedRaftLogWorker: Starting segment from index:0
2019-10-10 00:41:38,686 [a7239857-a50b-4b60-a79a-ec06882c000c@group-E7EC032C0311-LeaderElection66] INFO  impl.RaftServerImpl (ServerState.java:setRaftConf(356)) - a7239857-a50b-4b60-a79a-ec06882c000c@group-E7EC032C0311: set configuration 0: [a7239857-a50b-4b60-a79a-ec06882c000c:192.168.151.65:33305], old=null at 0
2019-10-10 00:41:38,733 [a7239857-a50b-4b60-a79a-ec06882c000c@group-E7EC032C0311-SegmentedRaftLogWorker] INFO  segmented.SegmentedRaftLogWorker (SegmentedRaftLogWorker.java:execute(574)) - a7239857-a50b-4b60-a79a-ec06882c000c@group-E7EC032C0311-SegmentedRaftLogWorker: created new log segment /workdir/hadoop-ozone/integration-test/target/test-dir/MiniOzoneClusterImpl-5064c2d2-feb5-4d54-999e-b61ab3625433/datanode-3/data/ratis/90b3fe6b-c4f2-446c-989f-e7ec032c0311/current/log_inprogress_0
2019-10-10 00:41:38,764 [Thread-2358] INFO  impl.FollowerState (FollowerState.java:run(108)) - 73b9ed2c-c92d-4181-a079-a18a14bceeef@group-FE1B47AB9232-FollowerState: change to CANDIDATE, lastRpcTime:5149ms, electionTimeout:5149ms
2019-10-10 00:41:38,764 [Thread-2358] INFO  impl.RoleInfo (RoleInfo.java:shutdownFollowerState(121)) - 73b9ed2c-c92d-4181-a079-a18a14bceeef: shutdown FollowerState
2019-10-10 00:41:38,764 [Thread-2358] INFO  impl.RaftServerImpl (RaftServerImpl.java:setRole(170)) - 73b9ed2c-c92d-4181-a079-a18a14bceeef@group-FE1B47AB9232: changes role from  FOLLOWER to CANDIDATE at term 0 for changeToCandidate
2019-10-10 00:41:38,764 [Thread-2358] INFO  impl.RoleInfo (RoleInfo.java:updateAndGet(143)) - 73b9ed2c-c92d-4181-a079-a18a14bceeef: start LeaderElection
2019-10-10 00:41:38,785 [73b9ed2c-c92d-4181-a079-a18a14bceeef@group-FE1B47AB9232-LeaderElection67] INFO  impl.LeaderElection (LeaderElection.java:askForVotes(178)) - 73b9ed2c-c92d-4181-a079-a18a14bceeef@group-FE1B47AB9232-LeaderElection67: begin an election at term 1 for -1: [73b9ed2c-c92d-4181-a079-a18a14bceeef:192.168.151.65:45285], old=null
2019-10-10 00:41:38,785 [73b9ed2c-c92d-4181-a079-a18a14bceeef@group-FE1B47AB9232-LeaderElection67] INFO  impl.RoleInfo (RoleInfo.java:shutdownLeaderElection(134)) - 73b9ed2c-c92d-4181-a079-a18a14bceeef: shutdown LeaderElection
2019-10-10 00:41:38,786 [73b9ed2c-c92d-4181-a079-a18a14bceeef@group-FE1B47AB9232-LeaderElection67] INFO  impl.RaftServerImpl (RaftServerImpl.java:setRole(170)) - 73b9ed2c-c92d-4181-a079-a18a14bceeef@group-FE1B47AB9232: changes role from CANDIDATE to LEADER at term 1 for changeToLeader
2019-10-10 00:41:38,786 [73b9ed2c-c92d-4181-a079-a18a14bceeef@group-FE1B47AB9232-LeaderElection67] INFO  impl.RaftServerImpl (ServerState.java:setLeader(255)) - 73b9ed2c-c92d-4181-a079-a18a14bceeef@group-FE1B47AB9232: change Leader from null to 73b9ed2c-c92d-4181-a079-a18a14bceeef at term 1 for becomeLeader, leader elected after 5178ms
2019-10-10 00:41:38,786 [73b9ed2c-c92d-4181-a079-a18a14bceeef@group-FE1B47AB9232-LeaderElection67] INFO  server.RaftServerConfigKeys (ConfUtils.java:logGet(43)) - raft.server.staging.catchup.gap = 1000 (default)
2019-10-10 00:41:38,786 [73b9ed2c-c92d-4181-a079-a18a14bceeef@group-FE1B47AB9232-LeaderElection67] INFO  server.RaftServerConfigKeys (ConfUtils.java:logGet(43)) - raft.server.rpc.sleep.time = 25ms (default)
2019-10-10 00:41:38,786 [73b9ed2c-c92d-4181-a079-a18a14bceeef@group-FE1B47AB9232-LeaderElection67] INFO  server.RaftServerConfigKeys (ConfUtils.java:logGet(43)) - raft.server.write.element-limit = 4096 (default)
2019-10-10 00:41:38,787 [73b9ed2c-c92d-4181-a079-a18a14bceeef@group-FE1B47AB9232-LeaderElection67] INFO  server.RaftServerConfigKeys (ConfUtils.java:logGet(43)) - raft.server.watch.timeout = 10s (default)
2019-10-10 00:41:38,787 [73b9ed2c-c92d-4181-a079-a18a14bceeef@group-FE1B47AB9232-LeaderElection67] INFO  server.RaftServerConfigKeys (ConfUtils.java:logGet(43)) - raft.server.watch.timeout.denomination = 1s (default)
2019-10-10 00:41:38,787 [73b9ed2c-c92d-4181-a079-a18a14bceeef@group-FE1B47AB9232-LeaderElection67] INFO  server.RaftServerConfigKeys (ConfUtils.java:logGet(43)) - raft.server.watch.element-limit = 65536 (default)
2019-10-10 00:41:38,789 [73b9ed2c-c92d-4181-a079-a18a14bceeef@group-FE1B47AB9232-LeaderElection67] INFO  impl.RoleInfo (RoleInfo.java:updateAndGet(143)) - 73b9ed2c-c92d-4181-a079-a18a14bceeef: start LeaderState
2019-10-10 00:41:38,789 [73b9ed2c-c92d-4181-a079-a18a14bceeef@group-FE1B47AB9232-LeaderElection67] INFO  segmented.SegmentedRaftLogWorker (SegmentedRaftLogWorker.java:startLogSegment(385)) - 73b9ed2c-c92d-4181-a079-a18a14bceeef@group-FE1B47AB9232-SegmentedRaftLogWorker: Starting segment from index:0
2019-10-10 00:41:38,789 [73b9ed2c-c92d-4181-a079-a18a14bceeef@group-FE1B47AB9232-LeaderElection67] INFO  impl.RaftServerImpl (ServerState.java:setRaftConf(356)) - 73b9ed2c-c92d-4181-a079-a18a14bceeef@group-FE1B47AB9232: set configuration 0: [73b9ed2c-c92d-4181-a079-a18a14bceeef:192.168.151.65:45285], old=null at 0
2019-10-10 00:41:38,827 [73b9ed2c-c92d-4181-a079-a18a14bceeef@group-FE1B47AB9232-SegmentedRaftLogWorker] INFO  segmented.SegmentedRaftLogWorker (SegmentedRaftLogWorker.java:execute(574)) - 73b9ed2c-c92d-4181-a079-a18a14bceeef@group-FE1B47AB9232-SegmentedRaftLogWorker: created new log segment /workdir/hadoop-ozone/integration-test/target/test-dir/MiniOzoneClusterImpl-5064c2d2-feb5-4d54-999e-b61ab3625433/datanode-4/data/ratis/7a887032-119a-43cb-b246-fe1b47ab9232/current/log_inprogress_0
2019-10-10 00:41:38,842 [Thread-2363] INFO  impl.FollowerState (FollowerState.java:run(108)) - 7b9e8594-92f5-4ba9-87dc-8331683642a0@group-6779A0652EC5-FollowerState: change to CANDIDATE, lastRpcTime:5135ms, electionTimeout:5135ms
2019-10-10 00:41:38,842 [Thread-2363] INFO  impl.RoleInfo (RoleInfo.java:shutdownFollowerState(121)) - 7b9e8594-92f5-4ba9-87dc-8331683642a0: shutdown FollowerState
2019-10-10 00:41:38,842 [Thread-2363] INFO  impl.RaftServerImpl (RaftServerImpl.java:setRole(170)) - 7b9e8594-92f5-4ba9-87dc-8331683642a0@group-6779A0652EC5: changes role from  FOLLOWER to CANDIDATE at term 0 for changeToCandidate
2019-10-10 00:41:38,842 [Thread-2363] INFO  impl.RoleInfo (RoleInfo.java:updateAndGet(143)) - 7b9e8594-92f5-4ba9-87dc-8331683642a0: start LeaderElection
2019-10-10 00:41:38,850 [Thread-2373] INFO  impl.FollowerState (FollowerState.java:run(108)) - 73b9ed2c-c92d-4181-a079-a18a14bceeef@group-6226E59A11AF-FollowerState: change to CANDIDATE, lastRpcTime:5046ms, electionTimeout:5043ms
2019-10-10 00:41:38,851 [Thread-2373] INFO  impl.RoleInfo (RoleInfo.java:shutdownFollowerState(121)) - 73b9ed2c-c92d-4181-a079-a18a14bceeef: shutdown FollowerState
2019-10-10 00:41:38,851 [Thread-2373] INFO  impl.RaftServerImpl (RaftServerImpl.java:setRole(170)) - 73b9ed2c-c92d-4181-a079-a18a14bceeef@group-6226E59A11AF: changes role from  FOLLOWER to CANDIDATE at term 0 for changeToCandidate
2019-10-10 00:41:38,851 [Thread-2373] INFO  impl.RoleInfo (RoleInfo.java:updateAndGet(143)) - 73b9ed2c-c92d-4181-a079-a18a14bceeef: start LeaderElection
2019-10-10 00:41:38,869 [73b9ed2c-c92d-4181-a079-a18a14bceeef@group-6226E59A11AF-LeaderElection69] INFO  impl.LeaderElection (LeaderElection.java:askForVotes(178)) - 73b9ed2c-c92d-4181-a079-a18a14bceeef@group-6226E59A11AF-LeaderElection69: begin an election at term 1 for -1: [7b9e8594-92f5-4ba9-87dc-8331683642a0:192.168.151.65:40056, a7239857-a50b-4b60-a79a-ec06882c000c:192.168.151.65:33305, 73b9ed2c-c92d-4181-a079-a18a14bceeef:192.168.151.65:45285], old=null
2019-10-10 00:41:38,869 [7b9e8594-92f5-4ba9-87dc-8331683642a0@group-6779A0652EC5-LeaderElection68] INFO  impl.LeaderElection (LeaderElection.java:askForVotes(178)) - 7b9e8594-92f5-4ba9-87dc-8331683642a0@group-6779A0652EC5-LeaderElection68: begin an election at term 1 for -1: [7b9e8594-92f5-4ba9-87dc-8331683642a0:192.168.151.65:40056], old=null
2019-10-10 00:41:38,869 [7b9e8594-92f5-4ba9-87dc-8331683642a0@group-6779A0652EC5-LeaderElection68] INFO  impl.RoleInfo (RoleInfo.java:shutdownLeaderElection(134)) - 7b9e8594-92f5-4ba9-87dc-8331683642a0: shutdown LeaderElection
2019-10-10 00:41:38,869 [7b9e8594-92f5-4ba9-87dc-8331683642a0@group-6779A0652EC5-LeaderElection68] INFO  impl.RaftServerImpl (RaftServerImpl.java:setRole(170)) - 7b9e8594-92f5-4ba9-87dc-8331683642a0@group-6779A0652EC5: changes role from CANDIDATE to LEADER at term 1 for changeToLeader
2019-10-10 00:41:38,870 [7b9e8594-92f5-4ba9-87dc-8331683642a0@group-6779A0652EC5-LeaderElection68] INFO  impl.RaftServerImpl (ServerState.java:setLeader(255)) - 7b9e8594-92f5-4ba9-87dc-8331683642a0@group-6779A0652EC5: change Leader from null to 7b9e8594-92f5-4ba9-87dc-8331683642a0 at term 1 for becomeLeader, leader elected after 5202ms
2019-10-10 00:41:38,870 [7b9e8594-92f5-4ba9-87dc-8331683642a0@group-6779A0652EC5-LeaderElection68] INFO  server.RaftServerConfigKeys (ConfUtils.java:logGet(43)) - raft.server.staging.catchup.gap = 1000 (default)
2019-10-10 00:41:38,870 [7b9e8594-92f5-4ba9-87dc-8331683642a0@group-6779A0652EC5-LeaderElection68] INFO  server.RaftServerConfigKeys (ConfUtils.java:logGet(43)) - raft.server.rpc.sleep.time = 25ms (default)
2019-10-10 00:41:38,870 [7b9e8594-92f5-4ba9-87dc-8331683642a0@group-6779A0652EC5-LeaderElection68] INFO  server.RaftServerConfigKeys (ConfUtils.java:logGet(43)) - raft.server.write.element-limit = 4096 (default)
2019-10-10 00:41:38,871 [7b9e8594-92f5-4ba9-87dc-8331683642a0@group-6779A0652EC5-LeaderElection68] INFO  server.RaftServerConfigKeys (ConfUtils.java:logGet(43)) - raft.server.watch.timeout = 10s (default)
2019-10-10 00:41:38,871 [7b9e8594-92f5-4ba9-87dc-8331683642a0@group-6779A0652EC5-LeaderElection68] INFO  server.RaftServerConfigKeys (ConfUtils.java:logGet(43)) - raft.server.watch.timeout.denomination = 1s (default)
2019-10-10 00:41:38,871 [7b9e8594-92f5-4ba9-87dc-8331683642a0@group-6779A0652EC5-LeaderElection68] INFO  server.RaftServerConfigKeys (ConfUtils.java:logGet(43)) - raft.server.watch.element-limit = 65536 (default)
2019-10-10 00:41:38,874 [grpc-default-executor-7] INFO  impl.RaftServerImpl (RaftServerImpl.java:setRole(170)) - 7b9e8594-92f5-4ba9-87dc-8331683642a0@group-6226E59A11AF: changes role from  FOLLOWER to FOLLOWER at term 1 for recognizeCandidate:73b9ed2c-c92d-4181-a079-a18a14bceeef
2019-10-10 00:41:38,876 [grpc-default-executor-5] INFO  impl.RaftServerImpl (RaftServerImpl.java:setRole(170)) - a7239857-a50b-4b60-a79a-ec06882c000c@group-6226E59A11AF: changes role from  FOLLOWER to FOLLOWER at term 1 for recognizeCandidate:73b9ed2c-c92d-4181-a079-a18a14bceeef
2019-10-10 00:41:38,877 [grpc-default-executor-7] INFO  impl.RoleInfo (RoleInfo.java:shutdownFollowerState(121)) - 7b9e8594-92f5-4ba9-87dc-8331683642a0: shutdown FollowerState
2019-10-10 00:41:38,877 [grpc-default-executor-5] INFO  impl.RoleInfo (RoleInfo.java:shutdownFollowerState(121)) - a7239857-a50b-4b60-a79a-ec06882c000c: shutdown FollowerState
2019-10-10 00:41:38,877 [Thread-2372] INFO  impl.FollowerState (FollowerState.java:run(117)) - 7b9e8594-92f5-4ba9-87dc-8331683642a0@group-6226E59A11AF-FollowerState was interrupted: java.lang.InterruptedException: sleep interrupted
2019-10-10 00:41:38,877 [grpc-default-executor-7] INFO  impl.RoleInfo (RoleInfo.java:updateAndGet(143)) - 7b9e8594-92f5-4ba9-87dc-8331683642a0: start FollowerState
2019-10-10 00:41:38,877 [grpc-default-executor-5] INFO  impl.RoleInfo (RoleInfo.java:updateAndGet(143)) - a7239857-a50b-4b60-a79a-ec06882c000c: start FollowerState
2019-10-10 00:41:38,879 [Thread-2371] INFO  impl.FollowerState (FollowerState.java:run(117)) - a7239857-a50b-4b60-a79a-ec06882c000c@group-6226E59A11AF-FollowerState was interrupted: java.lang.InterruptedException: sleep interrupted
2019-10-10 00:41:38,881 [Thread-2366] INFO  impl.FollowerState (FollowerState.java:run(108)) - 860807a3-4e07-4141-8516-a5fa052767bb@group-BA91C6D61A20-FollowerState: change to CANDIDATE, lastRpcTime:5109ms, electionTimeout:5109ms
2019-10-10 00:41:38,881 [Thread-2366] INFO  impl.RoleInfo (RoleInfo.java:shutdownFollowerState(121)) - 860807a3-4e07-4141-8516-a5fa052767bb: shutdown FollowerState
2019-10-10 00:41:38,881 [7b9e8594-92f5-4ba9-87dc-8331683642a0@group-6779A0652EC5-LeaderElection68] INFO  impl.RoleInfo (RoleInfo.java:updateAndGet(143)) - 7b9e8594-92f5-4ba9-87dc-8331683642a0: start LeaderState
2019-10-10 00:41:38,881 [Thread-2366] INFO  impl.RaftServerImpl (RaftServerImpl.java:setRole(170)) - 860807a3-4e07-4141-8516-a5fa052767bb@group-BA91C6D61A20: changes role from  FOLLOWER to CANDIDATE at term 0 for changeToCandidate
2019-10-10 00:41:38,882 [Thread-2366] INFO  impl.RoleInfo (RoleInfo.java:updateAndGet(143)) - 860807a3-4e07-4141-8516-a5fa052767bb: start LeaderElection
2019-10-10 00:41:38,882 [7b9e8594-92f5-4ba9-87dc-8331683642a0@group-6779A0652EC5-LeaderElection68] INFO  segmented.SegmentedRaftLogWorker (SegmentedRaftLogWorker.java:startLogSegment(385)) - 7b9e8594-92f5-4ba9-87dc-8331683642a0@group-6779A0652EC5-SegmentedRaftLogWorker: Starting segment from index:0
2019-10-10 00:41:38,887 [7b9e8594-92f5-4ba9-87dc-8331683642a0@group-6779A0652EC5-LeaderElection68] INFO  impl.RaftServerImpl (ServerState.java:setRaftConf(356)) - 7b9e8594-92f5-4ba9-87dc-8331683642a0@group-6779A0652EC5: set configuration 0: [7b9e8594-92f5-4ba9-87dc-8331683642a0:192.168.151.65:40056], old=null at 0
2019-10-10 00:41:38,912 [860807a3-4e07-4141-8516-a5fa052767bb@group-BA91C6D61A20-LeaderElection70] INFO  impl.LeaderElection (LeaderElection.java:askForVotes(178)) - 860807a3-4e07-4141-8516-a5fa052767bb@group-BA91C6D61A20-LeaderElection70: begin an election at term 1 for -1: [860807a3-4e07-4141-8516-a5fa052767bb:192.168.151.65:35141], old=null
2019-10-10 00:41:38,912 [860807a3-4e07-4141-8516-a5fa052767bb@group-BA91C6D61A20-LeaderElection70] INFO  impl.RoleInfo (RoleInfo.java:shutdownLeaderElection(134)) - 860807a3-4e07-4141-8516-a5fa052767bb: shutdown LeaderElection
2019-10-10 00:41:38,912 [860807a3-4e07-4141-8516-a5fa052767bb@group-BA91C6D61A20-LeaderElection70] INFO  impl.RaftServerImpl (RaftServerImpl.java:setRole(170)) - 860807a3-4e07-4141-8516-a5fa052767bb@group-BA91C6D61A20: changes role from CANDIDATE to LEADER at term 1 for changeToLeader
2019-10-10 00:41:38,913 [860807a3-4e07-4141-8516-a5fa052767bb@group-BA91C6D61A20-LeaderElection70] INFO  impl.RaftServerImpl (ServerState.java:setLeader(255)) - 860807a3-4e07-4141-8516-a5fa052767bb@group-BA91C6D61A20: change Leader from null to 860807a3-4e07-4141-8516-a5fa052767bb at term 1 for becomeLeader, leader elected after 5145ms
2019-10-10 00:41:38,913 [860807a3-4e07-4141-8516-a5fa052767bb@group-BA91C6D61A20-LeaderElection70] INFO  server.RaftServerConfigKeys (ConfUtils.java:logGet(43)) - raft.server.staging.catchup.gap = 1000 (default)
2019-10-10 00:41:38,913 [860807a3-4e07-4141-8516-a5fa052767bb@group-BA91C6D61A20-LeaderElection70] INFO  server.RaftServerConfigKeys (ConfUtils.java:logGet(43)) - raft.server.rpc.sleep.time = 25ms (default)
2019-10-10 00:41:38,913 [860807a3-4e07-4141-8516-a5fa052767bb@group-BA91C6D61A20-LeaderElection70] INFO  server.RaftServerConfigKeys (ConfUtils.java:logGet(43)) - raft.server.write.element-limit = 4096 (default)
2019-10-10 00:41:38,913 [73b9ed2c-c92d-4181-a079-a18a14bceeef@group-6226E59A11AF-LeaderElection69] INFO  impl.LeaderElection (LeaderElection.java:logAndReturn(56)) - 73b9ed2c-c92d-4181-a079-a18a14bceeef@group-6226E59A11AF-LeaderElection69: Election PASSED; received 1 response(s) [73b9ed2c-c92d-4181-a079-a18a14bceeef<-7b9e8594-92f5-4ba9-87dc-8331683642a0#0:OK-t1] and 0 exception(s); 73b9ed2c-c92d-4181-a079-a18a14bceeef@group-6226E59A11AF:t1, leader=null, voted=73b9ed2c-c92d-4181-a079-a18a14bceeef, raftlog=73b9ed2c-c92d-4181-a079-a18a14bceeef@group-6226E59A11AF-SegmentedRaftLog:OPENED:c-1,f-1,i0, conf=-1: [7b9e8594-92f5-4ba9-87dc-8331683642a0:192.168.151.65:40056, a7239857-a50b-4b60-a79a-ec06882c000c:192.168.151.65:33305, 73b9ed2c-c92d-4181-a079-a18a14bceeef:192.168.151.65:45285], old=null
2019-10-10 00:41:38,913 [860807a3-4e07-4141-8516-a5fa052767bb@group-BA91C6D61A20-LeaderElection70] INFO  server.RaftServerConfigKeys (ConfUtils.java:logGet(43)) - raft.server.watch.timeout = 10s (default)
2019-10-10 00:41:38,913 [73b9ed2c-c92d-4181-a079-a18a14bceeef@group-6226E59A11AF-LeaderElection69] INFO  impl.RoleInfo (RoleInfo.java:shutdownLeaderElection(134)) - 73b9ed2c-c92d-4181-a079-a18a14bceeef: shutdown LeaderElection
2019-10-10 00:41:38,913 [860807a3-4e07-4141-8516-a5fa052767bb@group-BA91C6D61A20-LeaderElection70] INFO  server.RaftServerConfigKeys (ConfUtils.java:logGet(43)) - raft.server.watch.timeout.denomination = 1s (default)
2019-10-10 00:41:38,915 [73b9ed2c-c92d-4181-a079-a18a14bceeef@group-6226E59A11AF-LeaderElection69] INFO  impl.RaftServerImpl (RaftServerImpl.java:setRole(170)) - 73b9ed2c-c92d-4181-a079-a18a14bceeef@group-6226E59A11AF: changes role from CANDIDATE to LEADER at term 1 for changeToLeader
2019-10-10 00:41:38,917 [860807a3-4e07-4141-8516-a5fa052767bb@group-BA91C6D61A20-LeaderElection70] INFO  server.RaftServerConfigKeys (ConfUtils.java:logGet(43)) - raft.server.watch.element-limit = 65536 (default)
2019-10-10 00:41:38,917 [73b9ed2c-c92d-4181-a079-a18a14bceeef@group-6226E59A11AF-LeaderElection69] INFO  impl.RaftServerImpl (ServerState.java:setLeader(255)) - 73b9ed2c-c92d-4181-a079-a18a14bceeef@group-6226E59A11AF: change Leader from null to 73b9ed2c-c92d-4181-a079-a18a14bceeef at term 1 for becomeLeader, leader elected after 5122ms
2019-10-10 00:41:38,918 [73b9ed2c-c92d-4181-a079-a18a14bceeef@group-6226E59A11AF-LeaderElection69] INFO  server.RaftServerConfigKeys (ConfUtils.java:logGet(43)) - raft.server.staging.catchup.gap = 1000 (default)
2019-10-10 00:41:38,918 [73b9ed2c-c92d-4181-a079-a18a14bceeef@group-6226E59A11AF-LeaderElection69] INFO  server.RaftServerConfigKeys (ConfUtils.java:logGet(43)) - raft.server.rpc.sleep.time = 25ms (default)
2019-10-10 00:41:38,918 [73b9ed2c-c92d-4181-a079-a18a14bceeef@group-6226E59A11AF-LeaderElection69] INFO  server.RaftServerConfigKeys (ConfUtils.java:logGet(43)) - raft.server.write.element-limit = 4096 (default)
2019-10-10 00:41:38,918 [73b9ed2c-c92d-4181-a079-a18a14bceeef@group-6226E59A11AF-LeaderElection69] INFO  server.RaftServerConfigKeys (ConfUtils.java:logGet(43)) - raft.server.watch.timeout = 10s (default)
2019-10-10 00:41:38,918 [73b9ed2c-c92d-4181-a079-a18a14bceeef@group-6226E59A11AF-LeaderElection69] INFO  server.RaftServerConfigKeys (ConfUtils.java:logGet(43)) - raft.server.watch.timeout.denomination = 1s (default)
2019-10-10 00:41:38,919 [73b9ed2c-c92d-4181-a079-a18a14bceeef@group-6226E59A11AF-LeaderElection69] INFO  server.RaftServerConfigKeys (ConfUtils.java:logGet(43)) - raft.server.watch.element-limit = 65536 (default)
2019-10-10 00:41:38,919 [860807a3-4e07-4141-8516-a5fa052767bb@group-BA91C6D61A20-LeaderElection70] INFO  impl.RoleInfo (RoleInfo.java:updateAndGet(143)) - 860807a3-4e07-4141-8516-a5fa052767bb: start LeaderState
2019-10-10 00:41:38,919 [860807a3-4e07-4141-8516-a5fa052767bb@group-BA91C6D61A20-LeaderElection70] INFO  segmented.SegmentedRaftLogWorker (SegmentedRaftLogWorker.java:startLogSegment(385)) - 860807a3-4e07-4141-8516-a5fa052767bb@group-BA91C6D61A20-SegmentedRaftLogWorker: Starting segment from index:0
2019-10-10 00:41:38,920 [860807a3-4e07-4141-8516-a5fa052767bb@group-BA91C6D61A20-LeaderElection70] INFO  impl.RaftServerImpl (ServerState.java:setRaftConf(356)) - 860807a3-4e07-4141-8516-a5fa052767bb@group-BA91C6D61A20: set configuration 0: [860807a3-4e07-4141-8516-a5fa052767bb:192.168.151.65:35141], old=null at 0
2019-10-10 00:41:38,921 [73b9ed2c-c92d-4181-a079-a18a14bceeef@group-6226E59A11AF-LeaderElection69] INFO  server.RaftServerConfigKeys (ConfUtils.java:logGet(43)) - raft.server.log.appender.snapshot.chunk.size.max = 16MB (=16777216) (default)
2019-10-10 00:41:38,921 [73b9ed2c-c92d-4181-a079-a18a14bceeef@group-6226E59A11AF-LeaderElection69] INFO  server.RaftServerConfigKeys (ConfUtils.java:logGet(43)) - raft.server.log.appender.buffer.byte-limit = 33554432 (custom)
2019-10-10 00:41:38,921 [73b9ed2c-c92d-4181-a079-a18a14bceeef@group-6226E59A11AF-LeaderElection69] INFO  server.RaftServerConfigKeys (ConfUtils.java:logGet(43)) - raft.server.log.appender.buffer.element-limit = 1 (custom)
2019-10-10 00:41:38,921 [73b9ed2c-c92d-4181-a079-a18a14bceeef@group-6226E59A11AF-LeaderElection69] INFO  grpc.GrpcConfigKeys$Server (ConfUtils.java:logGet(43)) - raft.grpc.server.leader.outstanding.appends.max = 128 (default)
2019-10-10 00:41:38,922 [73b9ed2c-c92d-4181-a079-a18a14bceeef@group-6226E59A11AF-LeaderElection69] INFO  server.RaftServerConfigKeys (ConfUtils.java:logGet(43)) - raft.server.rpc.request.timeout = 3000ms (default)
2019-10-10 00:41:38,922 [73b9ed2c-c92d-4181-a079-a18a14bceeef@group-6226E59A11AF-LeaderElection69] INFO  server.RaftServerConfigKeys (ConfUtils.java:logGet(43)) - raft.server.log.appender.install.snapshot.enabled = false (custom)
2019-10-10 00:41:38,922 [73b9ed2c-c92d-4181-a079-a18a14bceeef@group-6226E59A11AF-LeaderElection69] INFO  server.RaftServerConfigKeys (ConfUtils.java:logGet(43)) - raft.server.log.appender.snapshot.chunk.size.max = 16MB (=16777216) (default)
2019-10-10 00:41:38,922 [73b9ed2c-c92d-4181-a079-a18a14bceeef@group-6226E59A11AF-LeaderElection69] INFO  server.RaftServerConfigKeys (ConfUtils.java:logGet(43)) - raft.server.log.appender.buffer.byte-limit = 33554432 (custom)
2019-10-10 00:41:38,922 [73b9ed2c-c92d-4181-a079-a18a14bceeef@group-6226E59A11AF-LeaderElection69] INFO  server.RaftServerConfigKeys (ConfUtils.java:logGet(43)) - raft.server.log.appender.buffer.element-limit = 1 (custom)
2019-10-10 00:41:38,923 [73b9ed2c-c92d-4181-a079-a18a14bceeef@group-6226E59A11AF-LeaderElection69] INFO  grpc.GrpcConfigKeys$Server (ConfUtils.java:logGet(43)) - raft.grpc.server.leader.outstanding.appends.max = 128 (default)
2019-10-10 00:41:38,923 [73b9ed2c-c92d-4181-a079-a18a14bceeef@group-6226E59A11AF-LeaderElection69] INFO  server.RaftServerConfigKeys (ConfUtils.java:logGet(43)) - raft.server.rpc.request.timeout = 3000ms (default)
2019-10-10 00:41:38,923 [73b9ed2c-c92d-4181-a079-a18a14bceeef@group-6226E59A11AF-LeaderElection69] INFO  server.RaftServerConfigKeys (ConfUtils.java:logGet(43)) - raft.server.log.appender.install.snapshot.enabled = false (custom)
2019-10-10 00:41:38,923 [73b9ed2c-c92d-4181-a079-a18a14bceeef@group-6226E59A11AF-LeaderElection69] INFO  impl.RoleInfo (RoleInfo.java:updateAndGet(143)) - 73b9ed2c-c92d-4181-a079-a18a14bceeef: start LeaderState
2019-10-10 00:41:38,923 [73b9ed2c-c92d-4181-a079-a18a14bceeef@group-6226E59A11AF-LeaderElection69] INFO  segmented.SegmentedRaftLogWorker (SegmentedRaftLogWorker.java:startLogSegment(385)) - 73b9ed2c-c92d-4181-a079-a18a14bceeef@group-6226E59A11AF-SegmentedRaftLogWorker: Starting segment from index:0
2019-10-10 00:41:38,924 [73b9ed2c-c92d-4181-a079-a18a14bceeef@group-6226E59A11AF-LeaderElection69] INFO  impl.RaftServerImpl (ServerState.java:setRaftConf(356)) - 73b9ed2c-c92d-4181-a079-a18a14bceeef@group-6226E59A11AF: set configuration 0: [7b9e8594-92f5-4ba9-87dc-8331683642a0:192.168.151.65:40056, a7239857-a50b-4b60-a79a-ec06882c000c:192.168.151.65:33305, 73b9ed2c-c92d-4181-a079-a18a14bceeef:192.168.151.65:45285], old=null at 0
2019-10-10 00:41:38,952 [7b9e8594-92f5-4ba9-87dc-8331683642a0@group-6779A0652EC5-SegmentedRaftLogWorker] INFO  segmented.SegmentedRaftLogWorker (SegmentedRaftLogWorker.java:execute(574)) - 7b9e8594-92f5-4ba9-87dc-8331683642a0@group-6779A0652EC5-SegmentedRaftLogWorker: created new log segment /workdir/hadoop-ozone/integration-test/target/test-dir/MiniOzoneClusterImpl-5064c2d2-feb5-4d54-999e-b61ab3625433/datanode-5/data/ratis/22544151-c5a9-416e-afef-6779a0652ec5/current/log_inprogress_0
2019-10-10 00:41:38,983 [grpc-default-executor-7] INFO  impl.RaftServerImpl (ServerState.java:setLeader(255)) - a7239857-a50b-4b60-a79a-ec06882c000c@group-6226E59A11AF: change Leader from null to 73b9ed2c-c92d-4181-a079-a18a14bceeef at term 1 for appendEntries, leader elected after 5187ms
2019-10-10 00:41:38,983 [860807a3-4e07-4141-8516-a5fa052767bb@group-BA91C6D61A20-SegmentedRaftLogWorker] INFO  segmented.SegmentedRaftLogWorker (SegmentedRaftLogWorker.java:execute(574)) - 860807a3-4e07-4141-8516-a5fa052767bb@group-BA91C6D61A20-SegmentedRaftLogWorker: created new log segment /workdir/hadoop-ozone/integration-test/target/test-dir/MiniOzoneClusterImpl-5064c2d2-feb5-4d54-999e-b61ab3625433/datanode-6/data/ratis/4a301c3b-b8a8-4638-9c35-ba91c6d61a20/current/log_inprogress_0
2019-10-10 00:41:38,983 [grpc-default-executor-8] INFO  impl.RaftServerImpl (ServerState.java:setLeader(255)) - 7b9e8594-92f5-4ba9-87dc-8331683642a0@group-6226E59A11AF: change Leader from null to 73b9ed2c-c92d-4181-a079-a18a14bceeef at term 1 for appendEntries, leader elected after 5187ms
2019-10-10 00:41:38,986 [grpc-default-executor-8] INFO  impl.RaftServerImpl (ServerState.java:setRaftConf(356)) - 7b9e8594-92f5-4ba9-87dc-8331683642a0@group-6226E59A11AF: set configuration 0: [7b9e8594-92f5-4ba9-87dc-8331683642a0:192.168.151.65:40056, a7239857-a50b-4b60-a79a-ec06882c000c:192.168.151.65:33305, 73b9ed2c-c92d-4181-a079-a18a14bceeef:192.168.151.65:45285], old=null at 0
2019-10-10 00:41:38,986 [grpc-default-executor-8] INFO  segmented.SegmentedRaftLogWorker (SegmentedRaftLogWorker.java:startLogSegment(385)) - 7b9e8594-92f5-4ba9-87dc-8331683642a0@group-6226E59A11AF-SegmentedRaftLogWorker: Starting segment from index:0
2019-10-10 00:41:38,986 [grpc-default-executor-7] INFO  impl.RaftServerImpl (ServerState.java:setRaftConf(356)) - a7239857-a50b-4b60-a79a-ec06882c000c@group-6226E59A11AF: set configuration 0: [7b9e8594-92f5-4ba9-87dc-8331683642a0:192.168.151.65:40056, a7239857-a50b-4b60-a79a-ec06882c000c:192.168.151.65:33305, 73b9ed2c-c92d-4181-a079-a18a14bceeef:192.168.151.65:45285], old=null at 0
2019-10-10 00:41:38,986 [grpc-default-executor-7] INFO  segmented.SegmentedRaftLogWorker (SegmentedRaftLogWorker.java:startLogSegment(385)) - a7239857-a50b-4b60-a79a-ec06882c000c@group-6226E59A11AF-SegmentedRaftLogWorker: Starting segment from index:0
2019-10-10 00:41:38,996 [73b9ed2c-c92d-4181-a079-a18a14bceeef@group-6226E59A11AF-SegmentedRaftLogWorker] INFO  segmented.SegmentedRaftLogWorker (SegmentedRaftLogWorker.java:execute(574)) - 73b9ed2c-c92d-4181-a079-a18a14bceeef@group-6226E59A11AF-SegmentedRaftLogWorker: created new log segment /workdir/hadoop-ozone/integration-test/target/test-dir/MiniOzoneClusterImpl-5064c2d2-feb5-4d54-999e-b61ab3625433/datanode-4/data/ratis/8cd0ad2e-f6fe-440b-b0d8-6226e59a11af/current/log_inprogress_0
2019-10-10 00:41:39,025 [a7239857-a50b-4b60-a79a-ec06882c000c@group-6226E59A11AF-SegmentedRaftLogWorker] INFO  segmented.SegmentedRaftLogWorker (SegmentedRaftLogWorker.java:execute(574)) - a7239857-a50b-4b60-a79a-ec06882c000c@group-6226E59A11AF-SegmentedRaftLogWorker: created new log segment /workdir/hadoop-ozone/integration-test/target/test-dir/MiniOzoneClusterImpl-5064c2d2-feb5-4d54-999e-b61ab3625433/datanode-3/data/ratis/8cd0ad2e-f6fe-440b-b0d8-6226e59a11af/current/log_inprogress_0
2019-10-10 00:41:39,025 [7b9e8594-92f5-4ba9-87dc-8331683642a0@group-6226E59A11AF-SegmentedRaftLogWorker] INFO  segmented.SegmentedRaftLogWorker (SegmentedRaftLogWorker.java:execute(574)) - 7b9e8594-92f5-4ba9-87dc-8331683642a0@group-6226E59A11AF-SegmentedRaftLogWorker: created new log segment /workdir/hadoop-ozone/integration-test/target/test-dir/MiniOzoneClusterImpl-5064c2d2-feb5-4d54-999e-b61ab3625433/datanode-5/data/ratis/8cd0ad2e-f6fe-440b-b0d8-6226e59a11af/current/log_inprogress_0
2019-10-10 00:41:43,723 [Thread-2406] INFO  impl.FollowerState (FollowerState.java:run(108)) - d495a13f-0a7b-428d-b6dc-21df85afa43a@group-632C288FA379-FollowerState: change to CANDIDATE, lastRpcTime:5095ms, electionTimeout:5095ms
2019-10-10 00:41:43,723 [Thread-2406] INFO  impl.RoleInfo (RoleInfo.java:shutdownFollowerState(121)) - d495a13f-0a7b-428d-b6dc-21df85afa43a: shutdown FollowerState
2019-10-10 00:41:43,724 [Thread-2406] INFO  impl.RaftServerImpl (RaftServerImpl.java:setRole(170)) - d495a13f-0a7b-428d-b6dc-21df85afa43a@group-632C288FA379: changes role from  FOLLOWER to CANDIDATE at term 1 for changeToCandidate
2019-10-10 00:41:43,724 [Thread-2406] INFO  impl.RoleInfo (RoleInfo.java:updateAndGet(143)) - d495a13f-0a7b-428d-b6dc-21df85afa43a: start LeaderElection
2019-10-10 00:41:43,744 [Thread-2405] INFO  impl.FollowerState (FollowerState.java:run(108)) - fac24f77-0377-4290-a08b-a58c53fb1ebe@group-632C288FA379-FollowerState: change to CANDIDATE, lastRpcTime:5119ms, electionTimeout:5119ms
2019-10-10 00:41:43,744 [Thread-2405] INFO  impl.RoleInfo (RoleInfo.java:shutdownFollowerState(121)) - fac24f77-0377-4290-a08b-a58c53fb1ebe: shutdown FollowerState
2019-10-10 00:41:43,744 [Thread-2405] INFO  impl.RaftServerImpl (RaftServerImpl.java:setRole(170)) - fac24f77-0377-4290-a08b-a58c53fb1ebe@group-632C288FA379: changes role from  FOLLOWER to CANDIDATE at term 1 for changeToCandidate
2019-10-10 00:41:43,744 [Thread-2405] INFO  impl.RoleInfo (RoleInfo.java:updateAndGet(143)) - fac24f77-0377-4290-a08b-a58c53fb1ebe: start LeaderElection
2019-10-10 00:41:43,748 [d495a13f-0a7b-428d-b6dc-21df85afa43a@group-632C288FA379-LeaderElection71] INFO  impl.LeaderElection (LeaderElection.java:askForVotes(178)) - d495a13f-0a7b-428d-b6dc-21df85afa43a@group-632C288FA379-LeaderElection71: begin an election at term 2 for -1: [d495a13f-0a7b-428d-b6dc-21df85afa43a:192.168.151.65:45138, fac24f77-0377-4290-a08b-a58c53fb1ebe:192.168.151.65:42834, ca37b42e-f95b-46f6-a9aa-3d6a566edb7e:192.168.151.65:36464], old=null
2019-10-10 00:41:43,751 [fac24f77-0377-4290-a08b-a58c53fb1ebe@group-632C288FA379-LeaderElection72] INFO  impl.LeaderElection (LeaderElection.java:askForVotes(178)) - fac24f77-0377-4290-a08b-a58c53fb1ebe@group-632C288FA379-LeaderElection72: begin an election at term 2 for -1: [d495a13f-0a7b-428d-b6dc-21df85afa43a:192.168.151.65:45138, fac24f77-0377-4290-a08b-a58c53fb1ebe:192.168.151.65:42834, ca37b42e-f95b-46f6-a9aa-3d6a566edb7e:192.168.151.65:36464], old=null
2019-10-10 00:41:43,753 [grpc-default-executor-8] INFO  impl.RaftServerImpl (RaftServerImpl.java:setRole(170)) - ca37b42e-f95b-46f6-a9aa-3d6a566edb7e@group-632C288FA379: changes role from  FOLLOWER to FOLLOWER at term 2 for recognizeCandidate:d495a13f-0a7b-428d-b6dc-21df85afa43a
2019-10-10 00:41:43,753 [grpc-default-executor-8] INFO  impl.RoleInfo (RoleInfo.java:shutdownFollowerState(121)) - ca37b42e-f95b-46f6-a9aa-3d6a566edb7e: shutdown FollowerState
2019-10-10 00:41:43,754 [grpc-default-executor-8] INFO  impl.RoleInfo (RoleInfo.java:updateAndGet(143)) - ca37b42e-f95b-46f6-a9aa-3d6a566edb7e: start FollowerState
2019-10-10 00:41:43,754 [Thread-2404] INFO  impl.FollowerState (FollowerState.java:run(117)) - ca37b42e-f95b-46f6-a9aa-3d6a566edb7e@group-632C288FA379-FollowerState was interrupted: java.lang.InterruptedException: sleep interrupted
2019-10-10 00:41:43,770 [d495a13f-0a7b-428d-b6dc-21df85afa43a@group-632C288FA379-LeaderElection71] INFO  impl.LeaderElection (LeaderElection.java:logAndReturn(56)) - d495a13f-0a7b-428d-b6dc-21df85afa43a@group-632C288FA379-LeaderElection71: Election PASSED; received 2 response(s) [d495a13f-0a7b-428d-b6dc-21df85afa43a<-fac24f77-0377-4290-a08b-a58c53fb1ebe#0:FAIL-t2, d495a13f-0a7b-428d-b6dc-21df85afa43a<-ca37b42e-f95b-46f6-a9aa-3d6a566edb7e#0:OK-t2] and 0 exception(s); d495a13f-0a7b-428d-b6dc-21df85afa43a@group-632C288FA379:t2, leader=null, voted=d495a13f-0a7b-428d-b6dc-21df85afa43a, raftlog=d495a13f-0a7b-428d-b6dc-21df85afa43a@group-632C288FA379-SegmentedRaftLog:OPENED:c-1,f-1,i0, conf=-1: [d495a13f-0a7b-428d-b6dc-21df85afa43a:192.168.151.65:45138, fac24f77-0377-4290-a08b-a58c53fb1ebe:192.168.151.65:42834, ca37b42e-f95b-46f6-a9aa-3d6a566edb7e:192.168.151.65:36464], old=null
2019-10-10 00:41:43,770 [fac24f77-0377-4290-a08b-a58c53fb1ebe@group-632C288FA379-LeaderElection72] INFO  impl.LeaderElection (LeaderElection.java:logAndReturn(56)) - fac24f77-0377-4290-a08b-a58c53fb1ebe@group-632C288FA379-LeaderElection72: Election REJECTED; received 2 response(s) [fac24f77-0377-4290-a08b-a58c53fb1ebe<-d495a13f-0a7b-428d-b6dc-21df85afa43a#0:FAIL-t2, fac24f77-0377-4290-a08b-a58c53fb1ebe<-ca37b42e-f95b-46f6-a9aa-3d6a566edb7e#0:FAIL-t2] and 0 exception(s); fac24f77-0377-4290-a08b-a58c53fb1ebe@group-632C288FA379:t2, leader=null, voted=fac24f77-0377-4290-a08b-a58c53fb1ebe, raftlog=fac24f77-0377-4290-a08b-a58c53fb1ebe@group-632C288FA379-SegmentedRaftLog:OPENED:c-1,f-1,i0, conf=-1: [d495a13f-0a7b-428d-b6dc-21df85afa43a:192.168.151.65:45138, fac24f77-0377-4290-a08b-a58c53fb1ebe:192.168.151.65:42834, ca37b42e-f95b-46f6-a9aa-3d6a566edb7e:192.168.151.65:36464], old=null
2019-10-10 00:41:43,770 [d495a13f-0a7b-428d-b6dc-21df85afa43a@group-632C288FA379-LeaderElection71] INFO  impl.RoleInfo (RoleInfo.java:shutdownLeaderElection(134)) - d495a13f-0a7b-428d-b6dc-21df85afa43a: shutdown LeaderElection
2019-10-10 00:41:43,773 [d495a13f-0a7b-428d-b6dc-21df85afa43a@group-632C288FA379-LeaderElection71] INFO  impl.RaftServerImpl (RaftServerImpl.java:setRole(170)) - d495a13f-0a7b-428d-b6dc-21df85afa43a@group-632C288FA379: changes role from CANDIDATE to LEADER at term 2 for changeToLeader
2019-10-10 00:41:43,774 [fac24f77-0377-4290-a08b-a58c53fb1ebe@group-632C288FA379-LeaderElection72] INFO  impl.RaftServerImpl (RaftServerImpl.java:setRole(170)) - fac24f77-0377-4290-a08b-a58c53fb1ebe@group-632C288FA379: changes role from CANDIDATE to FOLLOWER at term 2 for DISCOVERED_A_NEW_TERM
2019-10-10 00:41:43,776 [fac24f77-0377-4290-a08b-a58c53fb1ebe@group-632C288FA379-LeaderElection72] INFO  impl.RoleInfo (RoleInfo.java:shutdownLeaderElection(134)) - fac24f77-0377-4290-a08b-a58c53fb1ebe: shutdown LeaderElection
2019-10-10 00:41:43,776 [d495a13f-0a7b-428d-b6dc-21df85afa43a@group-632C288FA379-LeaderElection71] INFO  impl.RaftServerImpl (ServerState.java:setLeader(255)) - d495a13f-0a7b-428d-b6dc-21df85afa43a@group-632C288FA379: change Leader from null to d495a13f-0a7b-428d-b6dc-21df85afa43a at term 2 for becomeLeader, leader elected after 10272ms
2019-10-10 00:41:43,776 [fac24f77-0377-4290-a08b-a58c53fb1ebe@group-632C288FA379-LeaderElection72] INFO  impl.RoleInfo (RoleInfo.java:updateAndGet(143)) - fac24f77-0377-4290-a08b-a58c53fb1ebe: start FollowerState
2019-10-10 00:41:43,776 [d495a13f-0a7b-428d-b6dc-21df85afa43a@group-632C288FA379-LeaderElection71] INFO  server.RaftServerConfigKeys (ConfUtils.java:logGet(43)) - raft.server.staging.catchup.gap = 1000 (default)
2019-10-10 00:41:43,776 [d495a13f-0a7b-428d-b6dc-21df85afa43a@group-632C288FA379-LeaderElection71] INFO  server.RaftServerConfigKeys (ConfUtils.java:logGet(43)) - raft.server.rpc.sleep.time = 25ms (default)
2019-10-10 00:41:43,777 [d495a13f-0a7b-428d-b6dc-21df85afa43a@group-632C288FA379-LeaderElection71] INFO  server.RaftServerConfigKeys (ConfUtils.java:logGet(43)) - raft.server.write.element-limit = 4096 (default)
2019-10-10 00:41:43,777 [d495a13f-0a7b-428d-b6dc-21df85afa43a@group-632C288FA379-LeaderElection71] INFO  server.RaftServerConfigKeys (ConfUtils.java:logGet(43)) - raft.server.watch.timeout = 10s (default)
2019-10-10 00:41:43,777 [d495a13f-0a7b-428d-b6dc-21df85afa43a@group-632C288FA379-LeaderElection71] INFO  server.RaftServerConfigKeys (ConfUtils.java:logGet(43)) - raft.server.watch.timeout.denomination = 1s (default)
2019-10-10 00:41:43,777 [d495a13f-0a7b-428d-b6dc-21df85afa43a@group-632C288FA379-LeaderElection71] INFO  server.RaftServerConfigKeys (ConfUtils.java:logGet(43)) - raft.server.watch.element-limit = 65536 (default)
2019-10-10 00:41:43,779 [d495a13f-0a7b-428d-b6dc-21df85afa43a@group-632C288FA379-LeaderElection71] INFO  server.RaftServerConfigKeys (ConfUtils.java:logGet(43)) - raft.server.log.appender.snapshot.chunk.size.max = 16MB (=16777216) (default)
2019-10-10 00:41:43,779 [d495a13f-0a7b-428d-b6dc-21df85afa43a@group-632C288FA379-LeaderElection71] INFO  server.RaftServerConfigKeys (ConfUtils.java:logGet(43)) - raft.server.log.appender.buffer.byte-limit = 33554432 (custom)
2019-10-10 00:41:43,779 [d495a13f-0a7b-428d-b6dc-21df85afa43a@group-632C288FA379-LeaderElection71] INFO  server.RaftServerConfigKeys (ConfUtils.java:logGet(43)) - raft.server.log.appender.buffer.element-limit = 1 (custom)
2019-10-10 00:41:43,780 [d495a13f-0a7b-428d-b6dc-21df85afa43a@group-632C288FA379-LeaderElection71] INFO  grpc.GrpcConfigKeys$Server (ConfUtils.java:logGet(43)) - raft.grpc.server.leader.outstanding.appends.max = 128 (default)
2019-10-10 00:41:43,780 [d495a13f-0a7b-428d-b6dc-21df85afa43a@group-632C288FA379-LeaderElection71] INFO  server.RaftServerConfigKeys (ConfUtils.java:logGet(43)) - raft.server.rpc.request.timeout = 3000ms (default)
2019-10-10 00:41:43,780 [d495a13f-0a7b-428d-b6dc-21df85afa43a@group-632C288FA379-LeaderElection71] INFO  server.RaftServerConfigKeys (ConfUtils.java:logGet(43)) - raft.server.log.appender.install.snapshot.enabled = false (custom)
2019-10-10 00:41:43,780 [d495a13f-0a7b-428d-b6dc-21df85afa43a@group-632C288FA379-LeaderElection71] INFO  server.RaftServerConfigKeys (ConfUtils.java:logGet(43)) - raft.server.log.appender.snapshot.chunk.size.max = 16MB (=16777216) (default)
2019-10-10 00:41:43,780 [d495a13f-0a7b-428d-b6dc-21df85afa43a@group-632C288FA379-LeaderElection71] INFO  server.RaftServerConfigKeys (ConfUtils.java:logGet(43)) - raft.server.log.appender.buffer.byte-limit = 33554432 (custom)
2019-10-10 00:41:43,780 [d495a13f-0a7b-428d-b6dc-21df85afa43a@group-632C288FA379-LeaderElection71] INFO  server.RaftServerConfigKeys (ConfUtils.java:logGet(43)) - raft.server.log.appender.buffer.element-limit = 1 (custom)
2019-10-10 00:41:43,781 [d495a13f-0a7b-428d-b6dc-21df85afa43a@group-632C288FA379-LeaderElection71] INFO  grpc.GrpcConfigKeys$Server (ConfUtils.java:logGet(43)) - raft.grpc.server.leader.outstanding.appends.max = 128 (default)
2019-10-10 00:41:43,781 [d495a13f-0a7b-428d-b6dc-21df85afa43a@group-632C288FA379-LeaderElection71] INFO  server.RaftServerConfigKeys (ConfUtils.java:logGet(43)) - raft.server.rpc.request.timeout = 3000ms (default)
2019-10-10 00:41:43,781 [d495a13f-0a7b-428d-b6dc-21df85afa43a@group-632C288FA379-LeaderElection71] INFO  server.RaftServerConfigKeys (ConfUtils.java:logGet(43)) - raft.server.log.appender.install.snapshot.enabled = false (custom)
2019-10-10 00:41:43,781 [d495a13f-0a7b-428d-b6dc-21df85afa43a@group-632C288FA379-LeaderElection71] INFO  impl.RoleInfo (RoleInfo.java:updateAndGet(143)) - d495a13f-0a7b-428d-b6dc-21df85afa43a: start LeaderState
2019-10-10 00:41:43,781 [d495a13f-0a7b-428d-b6dc-21df85afa43a@group-632C288FA379-LeaderElection71] INFO  segmented.SegmentedRaftLogWorker (SegmentedRaftLogWorker.java:startLogSegment(385)) - d495a13f-0a7b-428d-b6dc-21df85afa43a@group-632C288FA379-SegmentedRaftLogWorker: Starting segment from index:0
2019-10-10 00:41:43,782 [d495a13f-0a7b-428d-b6dc-21df85afa43a@group-632C288FA379-LeaderElection71] INFO  impl.RaftServerImpl (ServerState.java:setRaftConf(356)) - d495a13f-0a7b-428d-b6dc-21df85afa43a@group-632C288FA379: set configuration 0: [d495a13f-0a7b-428d-b6dc-21df85afa43a:192.168.151.65:45138, fac24f77-0377-4290-a08b-a58c53fb1ebe:192.168.151.65:42834, ca37b42e-f95b-46f6-a9aa-3d6a566edb7e:192.168.151.65:36464], old=null at 0
2019-10-10 00:41:43,783 [grpc-default-executor-0] INFO  impl.RaftServerImpl (ServerState.java:setLeader(255)) - ca37b42e-f95b-46f6-a9aa-3d6a566edb7e@group-632C288FA379: change Leader from null to d495a13f-0a7b-428d-b6dc-21df85afa43a at term 2 for appendEntries, leader elected after 10282ms
2019-10-10 00:41:43,783 [grpc-default-executor-8] INFO  impl.RaftServerImpl (ServerState.java:setLeader(255)) - fac24f77-0377-4290-a08b-a58c53fb1ebe@group-632C288FA379: change Leader from null to d495a13f-0a7b-428d-b6dc-21df85afa43a at term 2 for appendEntries, leader elected after 10281ms
2019-10-10 00:41:43,786 [grpc-default-executor-0] INFO  impl.RaftServerImpl (ServerState.java:setRaftConf(356)) - fac24f77-0377-4290-a08b-a58c53fb1ebe@group-632C288FA379: set configuration 0: [d495a13f-0a7b-428d-b6dc-21df85afa43a:192.168.151.65:45138, fac24f77-0377-4290-a08b-a58c53fb1ebe:192.168.151.65:42834, ca37b42e-f95b-46f6-a9aa-3d6a566edb7e:192.168.151.65:36464], old=null at 0
2019-10-10 00:41:43,786 [grpc-default-executor-8] INFO  impl.RaftServerImpl (ServerState.java:setRaftConf(356)) - ca37b42e-f95b-46f6-a9aa-3d6a566edb7e@group-632C288FA379: set configuration 0: [d495a13f-0a7b-428d-b6dc-21df85afa43a:192.168.151.65:45138, fac24f77-0377-4290-a08b-a58c53fb1ebe:192.168.151.65:42834, ca37b42e-f95b-46f6-a9aa-3d6a566edb7e:192.168.151.65:36464], old=null at 0
2019-10-10 00:41:43,786 [grpc-default-executor-0] INFO  segmented.SegmentedRaftLogWorker (SegmentedRaftLogWorker.java:startLogSegment(385)) - fac24f77-0377-4290-a08b-a58c53fb1ebe@group-632C288FA379-SegmentedRaftLogWorker: Starting segment from index:0
2019-10-10 00:41:43,786 [grpc-default-executor-8] INFO  segmented.SegmentedRaftLogWorker (SegmentedRaftLogWorker.java:startLogSegment(385)) - ca37b42e-f95b-46f6-a9aa-3d6a566edb7e@group-632C288FA379-SegmentedRaftLogWorker: Starting segment from index:0
2019-10-10 00:41:43,821 [d495a13f-0a7b-428d-b6dc-21df85afa43a@group-632C288FA379-SegmentedRaftLogWorker] INFO  segmented.SegmentedRaftLogWorker (SegmentedRaftLogWorker.java:execute(574)) - d495a13f-0a7b-428d-b6dc-21df85afa43a@group-632C288FA379-SegmentedRaftLogWorker: created new log segment /workdir/hadoop-ozone/integration-test/target/test-dir/MiniOzoneClusterImpl-5064c2d2-feb5-4d54-999e-b61ab3625433/datanode-1/data/ratis/b23ca7a1-6ed0-4b4f-ae7a-632c288fa379/current/log_inprogress_0
2019-10-10 00:41:43,821 [ca37b42e-f95b-46f6-a9aa-3d6a566edb7e@group-632C288FA379-SegmentedRaftLogWorker] INFO  segmented.SegmentedRaftLogWorker (SegmentedRaftLogWorker.java:execute(574)) - ca37b42e-f95b-46f6-a9aa-3d6a566edb7e@group-632C288FA379-SegmentedRaftLogWorker: created new log segment /workdir/hadoop-ozone/integration-test/target/test-dir/MiniOzoneClusterImpl-5064c2d2-feb5-4d54-999e-b61ab3625433/datanode-0/data/ratis/b23ca7a1-6ed0-4b4f-ae7a-632c288fa379/current/log_inprogress_0
2019-10-10 00:41:43,821 [fac24f77-0377-4290-a08b-a58c53fb1ebe@group-632C288FA379-SegmentedRaftLogWorker] INFO  segmented.SegmentedRaftLogWorker (SegmentedRaftLogWorker.java:execute(574)) - fac24f77-0377-4290-a08b-a58c53fb1ebe@group-632C288FA379-SegmentedRaftLogWorker: created new log segment /workdir/hadoop-ozone/integration-test/target/test-dir/MiniOzoneClusterImpl-5064c2d2-feb5-4d54-999e-b61ab3625433/datanode-2/data/ratis/b23ca7a1-6ed0-4b4f-ae7a-632c288fa379/current/log_inprogress_0
2019-10-10 00:41:45,146 [Datanode State Machine Thread - 0] INFO  statemachine.DatanodeStateMachine (DatanodeStateMachine.java:lambda$startDaemon$0(350)) - Ozone container server started.
2019-10-10 00:41:49,157 [main] INFO  ozoneimpl.OzoneContainer (OzoneContainer.java:stop(227)) - Attempting to stop container services.
2019-10-10 00:41:49,158 [main] INFO  impl.RaftServerProxy (RaftServerProxy.java:lambda$close$4(314)) - fac24f77-0377-4290-a08b-a58c53fb1ebe: close
2019-10-10 00:41:49,159 [main] INFO  impl.RaftServerImpl (RaftServerImpl.java:lambda$shutdown$3(247)) - fac24f77-0377-4290-a08b-a58c53fb1ebe@group-632C288FA379: shutdown
2019-10-10 00:41:49,159 [ForkJoinPool.commonPool-worker-1] INFO  impl.RaftServerImpl (RaftServerImpl.java:lambda$shutdown$3(247)) - fac24f77-0377-4290-a08b-a58c53fb1ebe@group-E9703E120EA8: shutdown
2019-10-10 00:41:49,159 [main] INFO  util.JmxRegister (JmxRegister.java:unregister(73)) - Successfully un-registered JMX Bean with object name Ratis:service=RaftServer,group=group-632C288FA379,id=fac24f77-0377-4290-a08b-a58c53fb1ebe
2019-10-10 00:41:49,159 [ForkJoinPool.commonPool-worker-1] INFO  util.JmxRegister (JmxRegister.java:unregister(73)) - Successfully un-registered JMX Bean with object name Ratis:service=RaftServer,group=group-E9703E120EA8,id=fac24f77-0377-4290-a08b-a58c53fb1ebe
2019-10-10 00:41:49,159 [main] INFO  impl.RoleInfo (RoleInfo.java:shutdownFollowerState(121)) - fac24f77-0377-4290-a08b-a58c53fb1ebe: shutdown FollowerState
2019-10-10 00:41:49,160 [ForkJoinPool.commonPool-worker-1] INFO  impl.RoleInfo (RoleInfo.java:shutdownLeaderState(104)) - fac24f77-0377-4290-a08b-a58c53fb1ebe: shutdown LeaderState
2019-10-10 00:41:49,160 [Thread-2448] INFO  impl.FollowerState (FollowerState.java:run(117)) - fac24f77-0377-4290-a08b-a58c53fb1ebe@group-632C288FA379-FollowerState was interrupted: java.lang.InterruptedException: sleep interrupted
2019-10-10 00:41:49,160 [main] INFO  impl.StateMachineUpdater (StateMachineUpdater.java:stopAndJoin(136)) - fac24f77-0377-4290-a08b-a58c53fb1ebe@group-632C288FA379-StateMachineUpdater: set stopIndex = 2
2019-10-10 00:41:49,165 [fac24f77-0377-4290-a08b-a58c53fb1ebe@group-632C288FA379-StateMachineUpdater] INFO  ratis.ContainerStateMachine (ContainerStateMachine.java:takeSnapshot(294)) - group-632C288FA379: Taking a snapshot at:(t:2, i:1) file /workdir/hadoop-ozone/integration-test/target/test-dir/MiniOzoneClusterImpl-5064c2d2-feb5-4d54-999e-b61ab3625433/datanode-2/data/ratis/b23ca7a1-6ed0-4b4f-ae7a-632c288fa379/sm/snapshot.2_1
2019-10-10 00:41:49,166 [ForkJoinPool.commonPool-worker-1] INFO  impl.PendingRequests (PendingRequests.java:sendNotLeaderResponses(202)) - fac24f77-0377-4290-a08b-a58c53fb1ebe@group-E9703E120EA8-PendingRequests: sendNotLeaderResponses
2019-10-10 00:41:49,166 [ForkJoinPool.commonPool-worker-1] INFO  impl.StateMachineUpdater (StateMachineUpdater.java:stopAndJoin(136)) - fac24f77-0377-4290-a08b-a58c53fb1ebe@group-E9703E120EA8-StateMachineUpdater: set stopIndex = 0
2019-10-10 00:41:49,167 [ForkJoinPool.commonPool-worker-1] INFO  impl.RaftServerImpl (ServerState.java:close(387)) - fac24f77-0377-4290-a08b-a58c53fb1ebe@group-E9703E120EA8: closes. applyIndex: 0
2019-10-10 00:41:49,167 [fac24f77-0377-4290-a08b-a58c53fb1ebe@group-E9703E120EA8-SegmentedRaftLogWorker] INFO  segmented.SegmentedRaftLogWorker (SegmentedRaftLogWorker.java:run(316)) - fac24f77-0377-4290-a08b-a58c53fb1ebe@group-E9703E120EA8-SegmentedRaftLogWorker was interrupted, exiting. There are 0 tasks remaining in the queue.
2019-10-10 00:41:49,169 [ForkJoinPool.commonPool-worker-1] INFO  segmented.SegmentedRaftLogWorker (SegmentedRaftLogWorker.java:close(224)) - fac24f77-0377-4290-a08b-a58c53fb1ebe@group-E9703E120EA8-SegmentedRaftLogWorker close()
2019-10-10 00:41:49,179 [fac24f77-0377-4290-a08b-a58c53fb1ebe@group-632C288FA379-StateMachineUpdater] INFO  ratis.ContainerStateMachine (ContainerStateMachine.java:takeSnapshot(305)) - group-632C288FA379: Finished taking a snapshot at:(t:2, i:1) file:/workdir/hadoop-ozone/integration-test/target/test-dir/MiniOzoneClusterImpl-5064c2d2-feb5-4d54-999e-b61ab3625433/datanode-2/data/ratis/b23ca7a1-6ed0-4b4f-ae7a-632c288fa379/sm/snapshot.2_1 time:19
2019-10-10 00:41:49,179 [fac24f77-0377-4290-a08b-a58c53fb1ebe@group-632C288FA379-StateMachineUpdater] INFO  impl.StateMachineUpdater (StateMachineUpdater.java:takeSnapshot(269)) - fac24f77-0377-4290-a08b-a58c53fb1ebe@group-632C288FA379-StateMachineUpdater: Took a snapshot at index 1
2019-10-10 00:41:49,180 [fac24f77-0377-4290-a08b-a58c53fb1ebe@group-632C288FA379-StateMachineUpdater] INFO  impl.StateMachineUpdater (StateMachineUpdater.java:lambda$new$0(84)) - fac24f77-0377-4290-a08b-a58c53fb1ebe@group-632C288FA379-StateMachineUpdater: snapshotIndex: updateIncreasingly -1 -> 1
2019-10-10 00:41:49,180 [fac24f77-0377-4290-a08b-a58c53fb1ebe@group-632C288FA379-StateMachineUpdater] INFO  ratis.ContainerStateMachine (ContainerStateMachine.java:takeSnapshot(294)) - group-632C288FA379: Taking a snapshot at:(t:2, i:1) file /workdir/hadoop-ozone/integration-test/target/test-dir/MiniOzoneClusterImpl-5064c2d2-feb5-4d54-999e-b61ab3625433/datanode-2/data/ratis/b23ca7a1-6ed0-4b4f-ae7a-632c288fa379/sm/snapshot.2_1
2019-10-10 00:41:49,192 [fac24f77-0377-4290-a08b-a58c53fb1ebe@group-632C288FA379-StateMachineUpdater] INFO  ratis.ContainerStateMachine (ContainerStateMachine.java:takeSnapshot(305)) - group-632C288FA379: Finished taking a snapshot at:(t:2, i:1) file:/workdir/hadoop-ozone/integration-test/target/test-dir/MiniOzoneClusterImpl-5064c2d2-feb5-4d54-999e-b61ab3625433/datanode-2/data/ratis/b23ca7a1-6ed0-4b4f-ae7a-632c288fa379/sm/snapshot.2_1 time:12
2019-10-10 00:41:49,192 [fac24f77-0377-4290-a08b-a58c53fb1ebe@group-632C288FA379-StateMachineUpdater] INFO  impl.StateMachineUpdater (StateMachineUpdater.java:takeSnapshot(269)) - fac24f77-0377-4290-a08b-a58c53fb1ebe@group-632C288FA379-StateMachineUpdater: Took a snapshot at index 1
2019-10-10 00:41:49,192 [fac24f77-0377-4290-a08b-a58c53fb1ebe@group-632C288FA379-StateMachineUpdater] INFO  impl.StateMachineUpdater (StateMachineUpdater.java:lambda$new$0(84)) - fac24f77-0377-4290-a08b-a58c53fb1ebe@group-632C288FA379-StateMachineUpdater: snapshotIndex: updateIncreasingly 1 -> 1
2019-10-10 00:41:49,193 [main] INFO  impl.RaftServerImpl (ServerState.java:close(387)) - fac24f77-0377-4290-a08b-a58c53fb1ebe@group-632C288FA379: closes. applyIndex: 2
2019-10-10 00:41:49,193 [fac24f77-0377-4290-a08b-a58c53fb1ebe@group-632C288FA379-SegmentedRaftLogWorker] INFO  segmented.SegmentedRaftLogWorker (SegmentedRaftLogWorker.java:run(316)) - fac24f77-0377-4290-a08b-a58c53fb1ebe@group-632C288FA379-SegmentedRaftLogWorker was interrupted, exiting. There are 0 tasks remaining in the queue.
2019-10-10 00:41:49,195 [main] INFO  segmented.SegmentedRaftLogWorker (SegmentedRaftLogWorker.java:close(224)) - fac24f77-0377-4290-a08b-a58c53fb1ebe@group-632C288FA379-SegmentedRaftLogWorker close()
2019-10-10 00:41:49,200 [main] INFO  server.GrpcService (GrpcService.java:closeImpl(164)) - fac24f77-0377-4290-a08b-a58c53fb1ebe: shutdown server with port 42834 now
2019-10-10 00:41:49,201 [grpc-default-executor-0] WARN  server.GrpcServerProtocolService (LogUtils.java:warn(134)) - fac24f77-0377-4290-a08b-a58c53fb1ebe: installSnapshot onError, lastRequest: d495a13f-0a7b-428d-b6dc-21df85afa43a->fac24f77-0377-4290-a08b-a58c53fb1ebe#5-t2, previous=(t:2, i:2), leaderCommit=2, initializing? false, entries: <empty>: org.apache.ratis.thirdparty.io.grpc.StatusRuntimeException: CANCELLED: cancelled before receiving half close
2019-10-10 00:41:49,201 [main] INFO  server.GrpcService (GrpcService.java:closeImpl(172)) - fac24f77-0377-4290-a08b-a58c53fb1ebe: shutdown server with port 42834 successfully
2019-10-10 00:41:49,202 [grpc-default-executor-8] WARN  server.GrpcLogAppender (LogUtils.java:warn(134)) - d495a13f-0a7b-428d-b6dc-21df85afa43a@group-632C288FA379->fac24f77-0377-4290-a08b-a58c53fb1ebe-AppendLogResponseHandler: Failed appendEntries: org.apache.ratis.thirdparty.io.grpc.StatusRuntimeException: CANCELLED: HTTP/2 error code: CANCEL
Received Rst Stream
2019-10-10 00:41:49,202 [grpc-default-executor-8] INFO  impl.FollowerInfo (FollowerInfo.java:lambda$new$0(51)) - d495a13f-0a7b-428d-b6dc-21df85afa43a@group-632C288FA379->fac24f77-0377-4290-a08b-a58c53fb1ebe: nextIndex: updateUnconditionally 3 -> 2
2019-10-10 00:41:49,203 [refreshUsed-/workdir/hadoop-ozone/integration-test/target/test-dir/MiniOzoneClusterImpl-5064c2d2-feb5-4d54-999e-b61ab3625433/datanode-2/data/containers] WARN  fs.CachingGetSpaceUsed (CachingGetSpaceUsed.java:run(183)) - Thread Interrupted waiting to refresh disk information: sleep interrupted
2019-10-10 00:41:49,217 [main] INFO  utils.BackgroundService (BackgroundService.java:shutdown(151)) - Shutting down service BlockDeletingService
2019-10-10 00:41:49,224 [main] INFO  statemachine.DatanodeStateMachine (DatanodeStateMachine.java:stopDaemon(395)) - Ozone container server stopped.
2019-10-10 00:41:49,225 [main] INFO  handler.ContextHandler (ContextHandler.java:doStop(910)) - Stopped o.e.j.w.WebAppContext@5a592c70{/,null,UNAVAILABLE}{/hddsDatanode}
2019-10-10 00:41:49,226 [main] INFO  server.AbstractConnector (AbstractConnector.java:doStop(318)) - Stopped ServerConnector@252ec02e{HTTP/1.1,[http/1.1]}{0.0.0.0:0}
2019-10-10 00:41:49,226 [main] INFO  handler.ContextHandler (ContextHandler.java:doStop(910)) - Stopped o.e.j.s.ServletContextHandler@6de43bc1{/static,jar:file:/home/user/.m2/repository/org/apache/hadoop/hadoop-hdds-container-service/0.5.0-SNAPSHOT/hadoop-hdds-container-service-0.5.0-SNAPSHOT.jar!/webapps/static,UNAVAILABLE}
2019-10-10 00:41:49,226 [main] INFO  handler.ContextHandler (ContextHandler.java:doStop(910)) - Stopped o.e.j.s.ServletContextHandler@3dfd6220{/logs,file:///workdir/hadoop-ozone/integration-test/target/log,UNAVAILABLE}
2019-10-10 00:41:49,233 [grpc-default-executor-0] WARN  server.GrpcLogAppender (LogUtils.java:warn(134)) - d495a13f-0a7b-428d-b6dc-21df85afa43a@group-632C288FA379->fac24f77-0377-4290-a08b-a58c53fb1ebe-AppendLogResponseHandler: Failed appendEntries: org.apache.ratis.thirdparty.io.grpc.StatusRuntimeException: UNAVAILABLE: io exception
2019-10-10 00:41:49,233 [grpc-default-executor-0] INFO  impl.FollowerInfo (FollowerInfo.java:lambda$new$0(51)) - d495a13f-0a7b-428d-b6dc-21df85afa43a@group-632C288FA379->fac24f77-0377-4290-a08b-a58c53fb1ebe: nextIndex: updateUnconditionally 3 -> 2
2019-10-10 00:41:49,245 [grpc-default-executor-5] WARN  server.GrpcLogAppender (LogUtils.java:warn(134)) - d495a13f-0a7b-428d-b6dc-21df85afa43a@group-632C288FA379->fac24f77-0377-4290-a08b-a58c53fb1ebe-AppendLogResponseHandler: Failed appendEntries: org.apache.ratis.thirdparty.io.grpc.StatusRuntimeException: UNAVAILABLE: io exception
2019-10-10 00:41:49,245 [grpc-default-executor-5] INFO  impl.FollowerInfo (FollowerInfo.java:lambda$new$0(51)) - d495a13f-0a7b-428d-b6dc-21df85afa43a@group-632C288FA379->fac24f77-0377-4290-a08b-a58c53fb1ebe: nextIndex: updateUnconditionally 3 -> 2
2019-10-10 00:41:49,260 [grpc-default-executor-0] WARN  server.GrpcLogAppender (LogUtils.java:warn(134)) - d495a13f-0a7b-428d-b6dc-21df85afa43a@group-632C288FA379->fac24f77-0377-4290-a08b-a58c53fb1ebe-AppendLogResponseHandler: Failed appendEntries: org.apache.ratis.thirdparty.io.grpc.StatusRuntimeException: UNAVAILABLE: io exception
2019-10-10 00:41:49,261 [grpc-default-executor-0] INFO  impl.FollowerInfo (FollowerInfo.java:lambda$new$0(51)) - d495a13f-0a7b-428d-b6dc-21df85afa43a@group-632C288FA379->fac24f77-0377-4290-a08b-a58c53fb1ebe: nextIndex: updateUnconditionally 3 -> 2
2019-10-10 00:41:49,271 [EventQueue-IncrementalContainerReportForIncrementalContainerReportHandler] WARN  container.IncrementalContainerReportHandler (AbstractContainerReportHandler.java:updateContainerState(145)) - Container #1 is in OPEN state, but the datanode d495a13f-0a7b-428d-b6dc-21df85afa43a{ip: 192.168.151.65, host: pr-hdds-2181-sj4vp-878094216, networkLocation: /default-rack, certSerialId: null} reports an CLOSING replica.
2019-10-10 00:41:49,295 [EventQueue-IncrementalContainerReportForIncrementalContainerReportHandler] WARN  container.IncrementalContainerReportHandler (AbstractContainerReportHandler.java:updateContainerState(145)) - Container #1 is in OPEN state, but the datanode ca37b42e-f95b-46f6-a9aa-3d6a566edb7e{ip: 192.168.151.65, host: pr-hdds-2181-sj4vp-878094216, networkLocation: /default-rack, certSerialId: null} reports an CLOSING replica.
2019-10-10 00:41:49,329 [RatisApplyTransactionExecutor 1] INFO  interfaces.Container (KeyValueContainer.java:flushAndSyncDB(386)) - Container 1 is synced with bcsId 0.
2019-10-10 00:41:49,382 [RatisApplyTransactionExecutor 1] INFO  interfaces.Container (KeyValueContainer.java:flushAndSyncDB(386)) - Container 1 is synced with bcsId 0.
2019-10-10 00:41:49,394 [RatisApplyTransactionExecutor 1] INFO  interfaces.Container (KeyValueContainer.java:flushAndSyncDB(386)) - Container 1 is synced with bcsId 0.
2019-10-10 00:41:49,394 [RatisApplyTransactionExecutor 1] INFO  interfaces.Container (KeyValueContainer.java:flushAndSyncDB(386)) - Container 1 is synced with bcsId 0.
2019-10-10 00:41:49,396 [RatisApplyTransactionExecutor 1] INFO  interfaces.Container (KeyValueContainer.java:close(335)) - Container 1 is closed with bcsId 0.
2019-10-10 00:41:49,403 [EventQueue-IncrementalContainerReportForIncrementalContainerReportHandler] WARN  container.IncrementalContainerReportHandler (AbstractContainerReportHandler.java:updateContainerState(145)) - Container #1 is in OPEN state, but the datanode d495a13f-0a7b-428d-b6dc-21df85afa43a{ip: 192.168.151.65, host: pr-hdds-2181-sj4vp-878094216, networkLocation: /default-rack, certSerialId: null} reports an CLOSED replica.
2019-10-10 00:41:49,413 [RatisApplyTransactionExecutor 1] INFO  interfaces.Container (KeyValueContainer.java:close(335)) - Container 1 is closed with bcsId 0.
2019-10-10 00:41:49,425 [EventQueue-IncrementalContainerReportForIncrementalContainerReportHandler] WARN  container.IncrementalContainerReportHandler (AbstractContainerReportHandler.java:updateContainerState(145)) - Container #1 is in OPEN state, but the datanode ca37b42e-f95b-46f6-a9aa-3d6a566edb7e{ip: 192.168.151.65, host: pr-hdds-2181-sj4vp-878094216, networkLocation: /default-rack, certSerialId: null} reports an CLOSED replica.
2019-10-10 00:41:51,761 [grpc-default-executor-0] WARN  server.GrpcLogAppender (LogUtils.java:warn(134)) - d495a13f-0a7b-428d-b6dc-21df85afa43a@group-632C288FA379->fac24f77-0377-4290-a08b-a58c53fb1ebe-AppendLogResponseHandler: Failed appendEntries: org.apache.ratis.thirdparty.io.grpc.StatusRuntimeException: UNAVAILABLE: io exception
2019-10-10 00:41:51,761 [grpc-default-executor-0] INFO  impl.FollowerInfo (FollowerInfo.java:lambda$new$0(51)) - d495a13f-0a7b-428d-b6dc-21df85afa43a@group-632C288FA379->fac24f77-0377-4290-a08b-a58c53fb1ebe: nextIndex: updateUnconditionally 2 -> 1
2019-10-10 00:41:52,406 [main] WARN  scm.XceiverClientRatis (XceiverClientRatis.java:watchForCommit(277)) - 3 way commit failed on pipeline Pipeline[ Id: b23ca7a1-6ed0-4b4f-ae7a-632c288fa379, Nodes: fac24f77-0377-4290-a08b-a58c53fb1ebe{ip: 192.168.151.65, host: pr-hdds-2181-sj4vp-878094216, networkLocation: /default-rack, certSerialId: null}ca37b42e-f95b-46f6-a9aa-3d6a566edb7e{ip: 192.168.151.65, host: pr-hdds-2181-sj4vp-878094216, networkLocation: /default-rack, certSerialId: null}d495a13f-0a7b-428d-b6dc-21df85afa43a{ip: 192.168.151.65, host: pr-hdds-2181-sj4vp-878094216, networkLocation: /default-rack, certSerialId: null}, Type:RATIS, Factor:THREE, State:OPEN]
java.util.concurrent.TimeoutException
	at java.util.concurrent.CompletableFuture.timedGet(CompletableFuture.java:1771)
	at java.util.concurrent.CompletableFuture.get(CompletableFuture.java:1915)
	at org.apache.hadoop.hdds.scm.XceiverClientRatis.watchForCommit(XceiverClientRatis.java:274)
	at org.apache.hadoop.ozone.client.rpc.TestWatchForCommit.test2WayCommitForTimeoutException(TestWatchForCommit.java:391)
	at sun.reflect.NativeMethodAccessorImpl.invoke0(Native Method)
	at sun.reflect.NativeMethodAccessorImpl.invoke(NativeMethodAccessorImpl.java:62)
	at sun.reflect.DelegatingMethodAccessorImpl.invoke(DelegatingMethodAccessorImpl.java:43)
	at java.lang.reflect.Method.invoke(Method.java:498)
	at org.junit.runners.model.FrameworkMethod$1.runReflectiveCall(FrameworkMethod.java:47)
	at org.junit.internal.runners.model.ReflectiveCallable.run(ReflectiveCallable.java:12)
	at org.junit.runners.model.FrameworkMethod.invokeExplosively(FrameworkMethod.java:44)
	at org.junit.internal.runners.statements.InvokeMethod.evaluate(InvokeMethod.java:17)
	at org.junit.runners.ParentRunner.runLeaf(ParentRunner.java:271)
	at org.junit.runners.BlockJUnit4ClassRunner.runChild(BlockJUnit4ClassRunner.java:70)
	at org.junit.runners.BlockJUnit4ClassRunner.runChild(BlockJUnit4ClassRunner.java:50)
	at org.junit.runners.ParentRunner$3.run(ParentRunner.java:238)
	at org.junit.runners.ParentRunner$1.schedule(ParentRunner.java:63)
	at org.junit.runners.ParentRunner.runChildren(ParentRunner.java:236)
	at org.junit.runners.ParentRunner.access$000(ParentRunner.java:53)
	at org.junit.runners.ParentRunner$2.evaluate(ParentRunner.java:229)
	at org.junit.runners.ParentRunner.run(ParentRunner.java:309)
	at org.apache.maven.surefire.junit4.JUnit4Provider.execute(JUnit4Provider.java:365)
	at org.apache.maven.surefire.junit4.JUnit4Provider.executeWithRerun(JUnit4Provider.java:273)
	at org.apache.maven.surefire.junit4.JUnit4Provider.executeTestSet(JUnit4Provider.java:238)
	at org.apache.maven.surefire.junit4.JUnit4Provider.invoke(JUnit4Provider.java:159)
	at org.apache.maven.surefire.booter.ForkedBooter.invokeProviderInSameClassLoader(ForkedBooter.java:384)
	at org.apache.maven.surefire.booter.ForkedBooter.runSuitesInProcess(ForkedBooter.java:345)
	at org.apache.maven.surefire.booter.ForkedBooter.execute(ForkedBooter.java:126)
	at org.apache.maven.surefire.booter.ForkedBooter.main(ForkedBooter.java:418)
2019-10-10 00:41:54,264 [grpc-default-executor-0] WARN  server.GrpcLogAppender (LogUtils.java:warn(134)) - d495a13f-0a7b-428d-b6dc-21df85afa43a@group-632C288FA379->fac24f77-0377-4290-a08b-a58c53fb1ebe-AppendLogResponseHandler: Failed appendEntries: org.apache.ratis.thirdparty.io.grpc.StatusRuntimeException: UNAVAILABLE: io exception
2019-10-10 00:41:54,268 [grpc-default-executor-0] INFO  impl.FollowerInfo (FollowerInfo.java:lambda$new$0(51)) - d495a13f-0a7b-428d-b6dc-21df85afa43a@group-632C288FA379->fac24f77-0377-4290-a08b-a58c53fb1ebe: nextIndex: updateUnconditionally 1 -> 0
]]></system-out>
    <system-err><![CDATA[Oct 10, 2019 12:41:49 AM org.apache.ratis.thirdparty.io.grpc.internal.SerializingExecutor run
SEVERE: Exception while executing runnable org.apache.ratis.thirdparty.io.grpc.internal.ServerImpl$JumpToApplicationThreadServerStreamListener$1Closed@2c7e98a4
org.apache.ratis.thirdparty.io.grpc.StatusRuntimeException: CANCELLED: call already cancelled
	at org.apache.ratis.thirdparty.io.grpc.Status.asRuntimeException(Status.java:517)
	at org.apache.ratis.thirdparty.io.grpc.stub.ServerCalls$ServerCallStreamObserverImpl.onCompleted(ServerCalls.java:356)
	at org.apache.ratis.grpc.server.GrpcServerProtocolService$ServerRequestStreamObserver.onError(GrpcServerProtocolService.java:121)
	at org.apache.ratis.thirdparty.io.grpc.stub.ServerCalls$StreamingServerCallHandler$StreamingServerCallListener.onCancel(ServerCalls.java:269)
	at org.apache.ratis.thirdparty.io.grpc.internal.ServerCallImpl$ServerStreamListenerImpl.closed(ServerCallImpl.java:293)
	at org.apache.ratis.thirdparty.io.grpc.internal.ServerImpl$JumpToApplicationThreadServerStreamListener$1Closed.runInContext(ServerImpl.java:741)
	at org.apache.ratis.thirdparty.io.grpc.internal.ContextRunnable.run(ContextRunnable.java:37)
	at org.apache.ratis.thirdparty.io.grpc.internal.SerializingExecutor.run(SerializingExecutor.java:123)
	at java.util.concurrent.ThreadPoolExecutor.runWorker(ThreadPoolExecutor.java:1149)
	at java.util.concurrent.ThreadPoolExecutor$Worker.run(ThreadPoolExecutor.java:624)
	at java.lang.Thread.run(Thread.java:748)

]]></system-err>
  </testcase>
</testsuite>