<?xml version="1.0" encoding="UTF-8"?>
<testsuite xmlns:xsi="http://www.w3.org/2001/XMLSchema-instance" xsi:noNamespaceSchemaLocation="https://maven.apache.org/surefire/maven-surefire-plugin/xsd/surefire-test-report.xsd" name="org.apache.hadoop.ozone.client.rpc.TestDeleteWithSlowFollower" time="133.726" tests="1" errors="0" skipped="0" failures="1">
  <properties>
    <property name="awt.toolkit" value="sun.awt.X11.XToolkit"/>
    <property name="file.encoding.pkg" value="sun.io"/>
    <property name="java.specification.version" value="1.8"/>
    <property name="sun.cpu.isalist" value=""/>
    <property name="sun.jnu.encoding" value="ANSI_X3.4-1968"/>
    <property name="java.class.path" value="/workdir/hadoop-ozone/integration-test/target/test-classes:/workdir/hadoop-ozone/integration-test/target/classes:/home/user/.m2/repository/org/apache/hadoop/hadoop-ozone-common/0.5.0-SNAPSHOT/hadoop-ozone-common-0.5.0-SNAPSHOT.jar:/home/user/.m2/repository/org/apache/commons/commons-compress/1.4.1/commons-compress-1.4.1.jar:/home/user/.m2/repository/org/tukaani/xz/1.0/xz-1.0.jar:/home/user/.m2/repository/org/apache/hadoop/hadoop-common/3.2.0/hadoop-common-3.2.0.jar:/home/user/.m2/repository/org/apache/hadoop/hadoop-hdfs/3.2.0/hadoop-hdfs-3.2.0.jar:/home/user/.m2/repository/org/apache/hadoop/hadoop-hdfs-client/3.2.0/hadoop-hdfs-client-3.2.0.jar:/home/user/.m2/repository/com/fasterxml/jackson/core/jackson-annotations/2.9.9/jackson-annotations-2.9.9.jar:/home/user/.m2/repository/org/apache/hadoop/hadoop-hdds-common/0.5.0-SNAPSHOT/hadoop-hdds-common-0.5.0-SNAPSHOT.jar:/home/user/.m2/repository/javax/annotation/javax.annotation-api/1.2/javax.annotation-api-1.2.jar:/home/user/.m2/repository/org/apache/ratis/ratis-server/0.5.0-3f446aa-SNAPSHOT/ratis-server-0.5.0-3f446aa-SNAPSHOT.jar:/home/user/.m2/repository/org/apache/ratis/ratis-thirdparty-misc/0.2.0/ratis-thirdparty-misc-0.2.0.jar:/home/user/.m2/repository/org/apache/ratis/ratis-proto/0.5.0-3f446aa-SNAPSHOT/ratis-proto-0.5.0-3f446aa-SNAPSHOT.jar:/home/user/.m2/repository/org/apache/ratis/ratis-common/0.5.0-3f446aa-SNAPSHOT/ratis-common-0.5.0-3f446aa-SNAPSHOT.jar:/home/user/.m2/repository/org/apache/ratis/ratis-client/0.5.0-3f446aa-SNAPSHOT/ratis-client-0.5.0-3f446aa-SNAPSHOT.jar:/home/user/.m2/repository/org/apache/ratis/ratis-metrics/0.5.0-3f446aa-SNAPSHOT/ratis-metrics-0.5.0-3f446aa-SNAPSHOT.jar:/home/user/.m2/repository/com/github/joshelser/dropwizard-metrics-hadoop-metrics2-reporter/0.1.2/dropwizard-metrics-hadoop-metrics2-reporter-0.1.2.jar:/home/user/.m2/repository/io/dropwizard/metrics/metrics-jvm/3.2.5/metrics-jvm-3.2.5.jar:/home/user/.m2/repository/io/dropwizard/metrics/metrics-ganglia/3.2.5/metrics-ganglia-3.2.5.jar:/home/user/.m2/repository/info/ganglia/gmetric4j/gmetric4j/1.0.7/gmetric4j-1.0.7.jar:/home/user/.m2/repository/org/apache/ratis/ratis-netty/0.5.0-3f446aa-SNAPSHOT/ratis-netty-0.5.0-3f446aa-SNAPSHOT.jar:/home/user/.m2/repository/org/apache/ratis/ratis-grpc/0.5.0-3f446aa-SNAPSHOT/ratis-grpc-0.5.0-3f446aa-SNAPSHOT.jar:/home/user/.m2/repository/org/rocksdb/rocksdbjni/6.0.1/rocksdbjni-6.0.1.jar:/home/user/.m2/repository/org/apache/logging/log4j/log4j-api/2.11.0/log4j-api-2.11.0.jar:/home/user/.m2/repository/org/apache/logging/log4j/log4j-core/2.11.0/log4j-core-2.11.0.jar:/home/user/.m2/repository/com/lmax/disruptor/3.4.2/disruptor-3.4.2.jar:/home/user/.m2/repository/org/apache/commons/commons-pool2/2.6.0/commons-pool2-2.6.0.jar:/home/user/.m2/repository/org/bouncycastle/bcpkix-jdk15on/1.60/bcpkix-jdk15on-1.60.jar:/home/user/.m2/repository/commons-validator/commons-validator/1.6/commons-validator-1.6.jar:/home/user/.m2/repository/commons-digester/commons-digester/1.8.1/commons-digester-1.8.1.jar:/home/user/.m2/repository/io/jaegertracing/jaeger-client/0.34.0/jaeger-client-0.34.0.jar:/home/user/.m2/repository/io/jaegertracing/jaeger-thrift/0.34.0/jaeger-thrift-0.34.0.jar:/home/user/.m2/repository/org/apache/thrift/libthrift/0.12.0/libthrift-0.12.0.jar:/home/user/.m2/repository/com/squareup/okhttp3/okhttp/3.9.0/okhttp-3.9.0.jar:/home/user/.m2/repository/com/squareup/okio/okio/1.13.0/okio-1.13.0.jar:/home/user/.m2/repository/io/jaegertracing/jaeger-core/0.34.0/jaeger-core-0.34.0.jar:/home/user/.m2/repository/io/jaegertracing/jaeger-tracerresolver/0.34.0/jaeger-tracerresolver-0.34.0.jar:/home/user/.m2/repository/io/opentracing/contrib/opentracing-tracerresolver/0.1.5/opentracing-tracerresolver-0.1.5.jar:/home/user/.m2/repository/io/opentracing/opentracing-util/0.31.0/opentracing-util-0.31.0.jar:/home/user/.m2/repository/io/opentracing/opentracing-api/0.31.0/opentracing-api-0.31.0.jar:/home/user/.m2/repository/io/opentracing/opentracing-noop/0.31.0/opentracing-noop-0.31.0.jar:/home/user/.m2/repository/org/apache/hadoop/hadoop-hdds-server-framework/0.5.0-SNAPSHOT/hadoop-hdds-server-framework-0.5.0-SNAPSHOT.jar:/home/user/.m2/repository/org/apache/hadoop/hadoop-hdds-container-service/0.5.0-SNAPSHOT/hadoop-hdds-container-service-0.5.0-SNAPSHOT.jar:/home/user/.m2/repository/org/apache/hadoop/hadoop-hdds-client/0.5.0-SNAPSHOT/hadoop-hdds-client-0.5.0-SNAPSHOT.jar:/home/user/.m2/repository/org/apache/hadoop/hadoop-hdds-tools/0.5.0-SNAPSHOT/hadoop-hdds-tools-0.5.0-SNAPSHOT.jar:/home/user/.m2/repository/org/apache/hadoop/hadoop-hdds-server-scm/0.5.0-SNAPSHOT/hadoop-hdds-server-scm-0.5.0-SNAPSHOT.jar:/home/user/.m2/repository/org/apache/hadoop/hadoop-hdds-docs/0.5.0-SNAPSHOT/hadoop-hdds-docs-0.5.0-SNAPSHOT.jar:/home/user/.m2/repository/io/dropwizard/metrics/metrics-core/3.2.4/metrics-core-3.2.4.jar:/home/user/.m2/repository/org/hamcrest/hamcrest-all/1.3/hamcrest-all-1.3.jar:/home/user/.m2/repository/org/bouncycastle/bcprov-jdk15on/1.60/bcprov-jdk15on-1.60.jar:/home/user/.m2/repository/info/picocli/picocli/3.9.6/picocli-3.9.6.jar:/home/user/.m2/repository/com/google/protobuf/protobuf-java/2.5.0/protobuf-java-2.5.0.jar:/home/user/.m2/repository/com/google/guava/guava/11.0.2/guava-11.0.2.jar:/home/user/.m2/repository/org/apache/hadoop/hadoop-ozone-ozone-manager/0.5.0-SNAPSHOT/hadoop-ozone-ozone-manager-0.5.0-SNAPSHOT.jar:/home/user/.m2/repository/org/apache/hadoop/hadoop-minikdc/3.2.0/hadoop-minikdc-3.2.0.jar:/home/user/.m2/repository/commons-io/commons-io/2.5/commons-io-2.5.jar:/home/user/.m2/repository/org/apache/kerby/kerb-simplekdc/1.0.1/kerb-simplekdc-1.0.1.jar:/home/user/.m2/repository/org/apache/kerby/kerb-client/1.0.1/kerb-client-1.0.1.jar:/home/user/.m2/repository/org/apache/kerby/kerby-config/1.0.1/kerby-config-1.0.1.jar:/home/user/.m2/repository/org/apache/kerby/kerb-core/1.0.1/kerb-core-1.0.1.jar:/home/user/.m2/repository/org/apache/kerby/kerby-pkix/1.0.1/kerby-pkix-1.0.1.jar:/home/user/.m2/repository/org/apache/kerby/kerby-asn1/1.0.1/kerby-asn1-1.0.1.jar:/home/user/.m2/repository/org/apache/kerby/kerby-util/1.0.1/kerby-util-1.0.1.jar:/home/user/.m2/repository/org/apache/kerby/kerb-common/1.0.1/kerb-common-1.0.1.jar:/home/user/.m2/repository/org/apache/kerby/kerb-crypto/1.0.1/kerb-crypto-1.0.1.jar:/home/user/.m2/repository/org/apache/kerby/kerb-util/1.0.1/kerb-util-1.0.1.jar:/home/user/.m2/repository/org/apache/kerby/token-provider/1.0.1/token-provider-1.0.1.jar:/home/user/.m2/repository/org/apache/kerby/kerb-admin/1.0.1/kerb-admin-1.0.1.jar:/home/user/.m2/repository/org/apache/kerby/kerb-server/1.0.1/kerb-server-1.0.1.jar:/home/user/.m2/repository/org/apache/kerby/kerb-identity/1.0.1/kerb-identity-1.0.1.jar:/home/user/.m2/repository/org/apache/kerby/kerby-xdr/1.0.1/kerby-xdr-1.0.1.jar:/home/user/.m2/repository/org/slf4j/slf4j-log4j12/1.7.25/slf4j-log4j12-1.7.25.jar:/home/user/.m2/repository/org/apache/hadoop/hadoop-ozone-s3gateway/0.5.0-SNAPSHOT/hadoop-ozone-s3gateway-0.5.0-SNAPSHOT.jar:/home/user/.m2/repository/org/jboss/weld/servlet/weld-servlet/2.4.7.Final/weld-servlet-2.4.7.Final.jar:/home/user/.m2/repository/org/glassfish/jersey/containers/jersey-container-servlet-core/2.27/jersey-container-servlet-core-2.27.jar:/home/user/.m2/repository/org/glassfish/hk2/external/javax.inject/2.5.0-b42/javax.inject-2.5.0-b42.jar:/home/user/.m2/repository/org/glassfish/jersey/core/jersey-common/2.27/jersey-common-2.27.jar:/home/user/.m2/repository/org/glassfish/hk2/osgi-resource-locator/1.0.1/osgi-resource-locator-1.0.1.jar:/home/user/.m2/repository/javax/ws/rs/javax.ws.rs-api/2.1/javax.ws.rs-api-2.1.jar:/home/user/.m2/repository/org/glassfish/jersey/ext/cdi/jersey-cdi1x/2.27/jersey-cdi1x-2.27.jar:/home/user/.m2/repository/org/glassfish/jersey/inject/jersey-hk2/2.27/jersey-hk2-2.27.jar:/home/user/.m2/repository/org/glassfish/hk2/hk2-locator/2.5.0-b42/hk2-locator-2.5.0-b42.jar:/home/user/.m2/repository/org/javassist/javassist/3.22.0-CR2/javassist-3.22.0-CR2.jar:/home/user/.m2/repository/org/glassfish/hk2/hk2-api/2.5.0/hk2-api-2.5.0.jar:/home/user/.m2/repository/org/glassfish/hk2/external/jakarta.inject/2.5.0/jakarta.inject-2.5.0.jar:/home/user/.m2/repository/org/glassfish/hk2/hk2-utils/2.5.0/hk2-utils-2.5.0.jar:/home/user/.m2/repository/jakarta/annotation/jakarta.annotation-api/1.3.4/jakarta.annotation-api-1.3.4.jar:/home/user/.m2/repository/org/glassfish/hk2/external/aopalliance-repackaged/2.5.0/aopalliance-repackaged-2.5.0.jar:/home/user/.m2/repository/com/fasterxml/jackson/dataformat/jackson-dataformat-xml/2.9.0/jackson-dataformat-xml-2.9.0.jar:/home/user/.m2/repository/com/fasterxml/jackson/core/jackson-core/2.9.9/jackson-core-2.9.9.jar:/home/user/.m2/repository/com/fasterxml/jackson/module/jackson-module-jaxb-annotations/2.9.9/jackson-module-jaxb-annotations-2.9.9.jar:/home/user/.m2/repository/javax/enterprise/cdi-api/1.2/cdi-api-1.2.jar:/home/user/.m2/repository/javax/el/javax.el-api/3.0.0/javax.el-api-3.0.0.jar:/home/user/.m2/repository/javax/interceptor/javax.interceptor-api/1.2/javax.interceptor-api-1.2.jar:/home/user/.m2/repository/javax/inject/javax.inject/1/javax.inject-1.jar:/home/user/.m2/repository/com/sun/xml/bind/jaxb-impl/2.3.0.1/jaxb-impl-2.3.0.1.jar:/home/user/.m2/repository/com/sun/xml/bind/jaxb-core/2.3.0.1/jaxb-core-2.3.0.1.jar:/home/user/.m2/repository/javax/xml/bind/jaxb-api/2.3.0/jaxb-api-2.3.0.jar:/home/user/.m2/repository/javax/activation/activation/1.1.1/activation-1.1.1.jar:/home/user/.m2/repository/org/apache/hadoop/hadoop-ozone-csi/0.5.0-SNAPSHOT/hadoop-ozone-csi-0.5.0-SNAPSHOT.jar:/home/user/.m2/repository/com/google/protobuf/protobuf-java-util/3.5.1/protobuf-java-util-3.5.1.jar:/home/user/.m2/repository/org/apache/hadoop/hadoop-hdds-config/0.5.0-SNAPSHOT/hadoop-hdds-config-0.5.0-SNAPSHOT.jar:/home/user/.m2/repository/io/grpc/grpc-netty/1.17.1/grpc-netty-1.17.1.jar:/home/user/.m2/repository/io/grpc/grpc-core/1.17.1/grpc-core-1.17.1.jar:/home/user/.m2/repository/io/grpc/grpc-context/1.17.1/grpc-context-1.17.1.jar:/home/user/.m2/repository/com/google/errorprone/error_prone_annotations/2.2.0/error_prone_annotations-2.2.0.jar:/home/user/.m2/repository/org/codehaus/mojo/animal-sniffer-annotations/1.17/animal-sniffer-annotations-1.17.jar:/home/user/.m2/repository/io/opencensus/opencensus-api/0.17.0/opencensus-api-0.17.0.jar:/home/user/.m2/repository/io/opencensus/opencensus-contrib-grpc-metrics/0.17.0/opencensus-contrib-grpc-metrics-0.17.0.jar:/home/user/.m2/repository/io/netty/netty-codec-http2/4.1.30.Final/netty-codec-http2-4.1.30.Final.jar:/home/user/.m2/repository/io/netty/netty-codec-http/4.1.30.Final/netty-codec-http-4.1.30.Final.jar:/home/user/.m2/repository/io/netty/netty-codec/4.1.30.Final/netty-codec-4.1.30.Final.jar:/home/user/.m2/repository/io/netty/netty-handler/4.1.30.Final/netty-handler-4.1.30.Final.jar:/home/user/.m2/repository/io/netty/netty-handler-proxy/4.1.30.Final/netty-handler-proxy-4.1.30.Final.jar:/home/user/.m2/repository/io/netty/netty-codec-socks/4.1.30.Final/netty-codec-socks-4.1.30.Final.jar:/home/user/.m2/repository/io/netty/netty-transport-native-epoll/4.1.30.Final/netty-transport-native-epoll-4.1.30.Final.jar:/home/user/.m2/repository/io/netty/netty-common/4.1.30.Final/netty-common-4.1.30.Final.jar:/home/user/.m2/repository/io/netty/netty-buffer/4.1.30.Final/netty-buffer-4.1.30.Final.jar:/home/user/.m2/repository/io/netty/netty-transport/4.1.30.Final/netty-transport-4.1.30.Final.jar:/home/user/.m2/repository/io/netty/netty-resolver/4.1.30.Final/netty-resolver-4.1.30.Final.jar:/home/user/.m2/repository/io/netty/netty-transport-native-unix-common/4.1.30.Final/netty-transport-native-unix-common-4.1.30.Final.jar:/home/user/.m2/repository/io/grpc/grpc-protobuf/1.17.1/grpc-protobuf-1.17.1.jar:/home/user/.m2/repository/com/google/api/grpc/proto-google-common-protos/1.0.0/proto-google-common-protos-1.0.0.jar:/home/user/.m2/repository/io/grpc/grpc-protobuf-lite/1.17.1/grpc-protobuf-lite-1.17.1.jar:/home/user/.m2/repository/io/grpc/grpc-stub/1.17.1/grpc-stub-1.17.1.jar:/home/user/.m2/repository/org/apache/hadoop/hadoop-ozone-recon/0.5.0-SNAPSHOT/hadoop-ozone-recon-0.5.0-SNAPSHOT.jar:/home/user/.m2/repository/org/apache/hadoop/hadoop-ozone-reconcodegen/0.5.0-SNAPSHOT/hadoop-ozone-reconcodegen-0.5.0-SNAPSHOT.jar:/home/user/.m2/repository/com/google/inject/extensions/guice-multibindings/4.0/guice-multibindings-4.0.jar:/home/user/.m2/repository/com/google/inject/guice/4.0/guice-4.0.jar:/home/user/.m2/repository/aopalliance/aopalliance/1.0/aopalliance-1.0.jar:/home/user/.m2/repository/com/google/inject/extensions/guice-servlet/4.0/guice-servlet-4.0.jar:/home/user/.m2/repository/org/glassfish/jersey/containers/jersey-container-servlet/2.27/jersey-container-servlet-2.27.jar:/home/user/.m2/repository/org/glassfish/hk2/guice-bridge/2.5.0/guice-bridge-2.5.0.jar:/home/user/.m2/repository/org/glassfish/jersey/core/jersey-server/2.27/jersey-server-2.27.jar:/home/user/.m2/repository/org/glassfish/jersey/core/jersey-client/2.27/jersey-client-2.27.jar:/home/user/.m2/repository/org/glassfish/jersey/media/jersey-media-jaxb/2.27/jersey-media-jaxb-2.27.jar:/home/user/.m2/repository/javax/validation/validation-api/1.1.0.Final/validation-api-1.1.0.Final.jar:/home/user/.m2/repository/org/glassfish/jersey/media/jersey-media-json-jackson/2.27/jersey-media-json-jackson-2.27.jar:/home/user/.m2/repository/org/glassfish/jersey/ext/jersey-entity-filtering/2.27/jersey-entity-filtering-2.27.jar:/home/user/.m2/repository/com/google/inject/extensions/guice-assistedinject/4.0/guice-assistedinject-4.0.jar:/home/user/.m2/repository/org/jooq/jooq/3.11.10/jooq-3.11.10.jar:/home/user/.m2/repository/org/jooq/jooq-meta/3.11.10/jooq-meta-3.11.10.jar:/home/user/.m2/repository/org/jooq/jooq-codegen/3.11.10/jooq-codegen-3.11.10.jar:/home/user/.m2/repository/com/jolbox/bonecp/0.8.0.RELEASE/bonecp-0.8.0.RELEASE.jar:/home/user/.m2/repository/org/xerial/sqlite-jdbc/3.25.2/sqlite-jdbc-3.25.2.jar:/home/user/.m2/repository/org/springframework/spring-jdbc/5.1.3.RELEASE/spring-jdbc-5.1.3.RELEASE.jar:/home/user/.m2/repository/org/springframework/spring-beans/5.1.3.RELEASE/spring-beans-5.1.3.RELEASE.jar:/home/user/.m2/repository/org/springframework/spring-core/5.1.3.RELEASE/spring-core-5.1.3.RELEASE.jar:/home/user/.m2/repository/org/springframework/spring-jcl/5.1.3.RELEASE/spring-jcl-5.1.3.RELEASE.jar:/home/user/.m2/repository/org/springframework/spring-tx/5.1.3.RELEASE/spring-tx-5.1.3.RELEASE.jar:/home/user/.m2/repository/org/apache/hadoop/hadoop-ozone-client/0.5.0-SNAPSHOT/hadoop-ozone-client-0.5.0-SNAPSHOT.jar:/home/user/.m2/repository/commons-lang/commons-lang/2.6/commons-lang-2.6.jar:/home/user/.m2/repository/org/apache/hadoop/hadoop-ozone-ozone-manager/0.5.0-SNAPSHOT/hadoop-ozone-ozone-manager-0.5.0-SNAPSHOT-tests.jar:/home/user/.m2/repository/junit/junit/4.11/junit-4.11.jar:/home/user/.m2/repository/org/hamcrest/hamcrest-core/1.3/hamcrest-core-1.3.jar:/home/user/.m2/repository/org/openjdk/jmh/jmh-core/1.19/jmh-core-1.19.jar:/home/user/.m2/repository/net/sf/jopt-simple/jopt-simple/4.6/jopt-simple-4.6.jar:/home/user/.m2/repository/org/apache/commons/commons-math3/3.1.1/commons-math3-3.1.1.jar:/home/user/.m2/repository/org/openjdk/jmh/jmh-generator-annprocess/1.19/jmh-generator-annprocess-1.19.jar:/home/user/.m2/repository/org/mockito/mockito-all/1.8.5/mockito-all-1.8.5.jar:/home/user/.m2/repository/org/apache/hadoop/hadoop-kms/3.2.0/hadoop-kms-3.2.0.jar:/home/user/.m2/repository/org/apache/hadoop/hadoop-auth/3.2.0/hadoop-auth-3.2.0.jar:/home/user/.m2/repository/com/nimbusds/nimbus-jose-jwt/4.41.1/nimbus-jose-jwt-4.41.1.jar:/home/user/.m2/repository/com/github/stephenc/jcip/jcip-annotations/1.0-1/jcip-annotations-1.0-1.jar:/home/user/.m2/repository/net/minidev/json-smart/2.3/json-smart-2.3.jar:/home/user/.m2/repository/net/minidev/accessors-smart/1.2/accessors-smart-1.2.jar:/home/user/.m2/repository/org/ow2/asm/asm/5.0.4/asm-5.0.4.jar:/home/user/.m2/repository/org/apache/curator/curator-framework/2.12.0/curator-framework-2.12.0.jar:/home/user/.m2/repository/com/sun/jersey/jersey-core/1.19/jersey-core-1.19.jar:/home/user/.m2/repository/javax/ws/rs/jsr311-api/1.1.1/jsr311-api-1.1.1.jar:/home/user/.m2/repository/com/sun/jersey/jersey-server/1.19/jersey-server-1.19.jar:/home/user/.m2/repository/javax/servlet/javax.servlet-api/3.1.0/javax.servlet-api-3.1.0.jar:/home/user/.m2/repository/org/eclipse/jetty/jetty-server/9.3.25.v20180904/jetty-server-9.3.25.v20180904.jar:/home/user/.m2/repository/org/eclipse/jetty/jetty-http/9.3.25.v20180904/jetty-http-9.3.25.v20180904.jar:/home/user/.m2/repository/org/eclipse/jetty/jetty-io/9.3.25.v20180904/jetty-io-9.3.25.v20180904.jar:/home/user/.m2/repository/org/eclipse/jetty/jetty-webapp/9.3.25.v20180904/jetty-webapp-9.3.25.v20180904.jar:/home/user/.m2/repository/org/eclipse/jetty/jetty-xml/9.3.25.v20180904/jetty-xml-9.3.25.v20180904.jar:/home/user/.m2/repository/log4j/log4j/1.2.17/log4j-1.2.17.jar:/home/user/.m2/repository/org/slf4j/slf4j-api/1.7.25/slf4j-api-1.7.25.jar:/home/user/.m2/repository/org/slf4j/jul-to-slf4j/1.7.25/jul-to-slf4j-1.7.25.jar:/home/user/.m2/repository/org/eclipse/jetty/jetty-util/9.3.25.v20180904/jetty-util-9.3.25.v20180904.jar:/home/user/.m2/repository/com/fasterxml/jackson/core/jackson-databind/2.9.9/jackson-databind-2.9.9.jar:/home/user/.m2/repository/org/apache/hadoop/hadoop-kms/3.2.0/hadoop-kms-3.2.0-tests.jar:/home/user/.m2/repository/org/apache/hadoop/hadoop-hdds-server-scm/0.5.0-SNAPSHOT/hadoop-hdds-server-scm-0.5.0-SNAPSHOT-tests.jar:/home/user/.m2/repository/org/apache/hadoop/hadoop-hdds-container-service/0.5.0-SNAPSHOT/hadoop-hdds-container-service-0.5.0-SNAPSHOT-tests.jar:/home/user/.m2/repository/org/yaml/snakeyaml/1.16/snakeyaml-1.16.jar:/home/user/.m2/repository/org/apache/hadoop/hadoop-common/3.2.0/hadoop-common-3.2.0-tests.jar:/home/user/.m2/repository/org/apache/hadoop/hadoop-annotations/3.2.0/hadoop-annotations-3.2.0.jar:/usr/lib/jvm/java-1.8.0-openjdk-1.8.0.222.b10-1.el7_7.x86_64/jre/../lib/tools.jar:/home/user/.m2/repository/commons-cli/commons-cli/1.2/commons-cli-1.2.jar:/home/user/.m2/repository/org/apache/httpcomponents/httpclient/4.5.2/httpclient-4.5.2.jar:/home/user/.m2/repository/org/apache/httpcomponents/httpcore/4.4.4/httpcore-4.4.4.jar:/home/user/.m2/repository/commons-codec/commons-codec/1.11/commons-codec-1.11.jar:/home/user/.m2/repository/commons-net/commons-net/3.6/commons-net-3.6.jar:/home/user/.m2/repository/commons-collections/commons-collections/3.2.2/commons-collections-3.2.2.jar:/home/user/.m2/repository/org/eclipse/jetty/jetty-servlet/9.3.25.v20180904/jetty-servlet-9.3.25.v20180904.jar:/home/user/.m2/repository/org/eclipse/jetty/jetty-security/9.3.25.v20180904/jetty-security-9.3.25.v20180904.jar:/home/user/.m2/repository/javax/servlet/jsp/jsp-api/2.1/jsp-api-2.1.jar:/home/user/.m2/repository/com/sun/jersey/jersey-servlet/1.19/jersey-servlet-1.19.jar:/home/user/.m2/repository/com/sun/jersey/jersey-json/1.19/jersey-json-1.19.jar:/home/user/.m2/repository/org/codehaus/jettison/jettison/1.1/jettison-1.1.jar:/home/user/.m2/repository/org/codehaus/jackson/jackson-core-asl/1.9.13/jackson-core-asl-1.9.13.jar:/home/user/.m2/repository/org/codehaus/jackson/jackson-mapper-asl/1.9.13/jackson-mapper-asl-1.9.13.jar:/home/user/.m2/repository/org/codehaus/jackson/jackson-jaxrs/1.9.13/jackson-jaxrs-1.9.13.jar:/home/user/.m2/repository/org/codehaus/jackson/jackson-xc/1.9.13/jackson-xc-1.9.13.jar:/home/user/.m2/repository/commons-logging/commons-logging/1.1.3/commons-logging-1.1.3.jar:/home/user/.m2/repository/commons-beanutils/commons-beanutils/1.9.4/commons-beanutils-1.9.4.jar:/home/user/.m2/repository/org/apache/commons/commons-configuration2/2.1.1/commons-configuration2-2.1.1.jar:/home/user/.m2/repository/org/apache/commons/commons-lang3/3.7/commons-lang3-3.7.jar:/home/user/.m2/repository/org/apache/commons/commons-text/1.4/commons-text-1.4.jar:/home/user/.m2/repository/org/apache/avro/avro/1.7.7/avro-1.7.7.jar:/home/user/.m2/repository/com/thoughtworks/paranamer/paranamer/2.3/paranamer-2.3.jar:/home/user/.m2/repository/org/xerial/snappy/snappy-java/1.0.5/snappy-java-1.0.5.jar:/home/user/.m2/repository/com/google/re2j/re2j/1.1/re2j-1.1.jar:/home/user/.m2/repository/com/google/code/gson/gson/2.2.4/gson-2.2.4.jar:/home/user/.m2/repository/com/jcraft/jsch/0.1.54/jsch-0.1.54.jar:/home/user/.m2/repository/org/apache/curator/curator-client/2.12.0/curator-client-2.12.0.jar:/home/user/.m2/repository/org/apache/curator/curator-recipes/2.12.0/curator-recipes-2.12.0.jar:/home/user/.m2/repository/com/google/code/findbugs/jsr305/3.0.0/jsr305-3.0.0.jar:/home/user/.m2/repository/org/apache/htrace/htrace-core4/4.1.0-incubating/htrace-core4-4.1.0-incubating.jar:/home/user/.m2/repository/org/apache/zookeeper/zookeeper/3.4.13/zookeeper-3.4.13.jar:/home/user/.m2/repository/jline/jline/0.9.94/jline-0.9.94.jar:/home/user/.m2/repository/org/apache/yetus/audience-annotations/0.5.0/audience-annotations-0.5.0.jar:/home/user/.m2/repository/org/codehaus/woodstox/stax2-api/3.1.4/stax2-api-3.1.4.jar:/home/user/.m2/repository/com/fasterxml/woodstox/woodstox-core/5.0.3/woodstox-core-5.0.3.jar:/home/user/.m2/repository/dnsjava/dnsjava/2.1.7/dnsjava-2.1.7.jar:/home/user/.m2/repository/org/apache/hadoop/hadoop-hdfs/3.2.0/hadoop-hdfs-3.2.0-tests.jar:/home/user/.m2/repository/org/eclipse/jetty/jetty-util-ajax/9.3.25.v20180904/jetty-util-ajax-9.3.25.v20180904.jar:/home/user/.m2/repository/commons-daemon/commons-daemon/1.0.13/commons-daemon-1.0.13.jar:/home/user/.m2/repository/io/netty/netty/3.10.5.Final/netty-3.10.5.Final.jar:/home/user/.m2/repository/io/netty/netty-all/4.0.52.Final/netty-all-4.0.52.Final.jar:/home/user/.m2/repository/org/fusesource/leveldbjni/leveldbjni-all/1.8/leveldbjni-all-1.8.jar:"/>
    <property name="java.vm.vendor" value="Oracle Corporation"/>
    <property name="sun.arch.data.model" value="64"/>
    <property name="test.build.dir" value="/workdir/hadoop-ozone/integration-test/target/test-dir"/>
    <property name="test.cache.data" value=""/>
    <property name="java.vendor.url" value="http://java.oracle.com/"/>
    <property name="user.timezone" value=""/>
    <property name="java.vm.specification.version" value="1.8"/>
    <property name="os.name" value="Linux"/>
    <property name="test.build.data" value="/workdir/hadoop-ozone/integration-test/target/test-dir"/>
    <property name="user.country" value="US"/>
    <property name="sun.java.launcher" value="SUN_STANDARD"/>
    <property name="sun.boot.library.path" value="/usr/lib/jvm/java-1.8.0-openjdk-1.8.0.222.b10-1.el7_7.x86_64/jre/lib/amd64"/>
    <property name="sun.java.command" value="/workdir/hadoop-ozone/integration-test/target/surefire/surefirebooter7583352079411832959.jar /workdir/hadoop-ozone/integration-test/target/surefire 2019-10-17T06-40-26_920-jvmRun1 surefire6794155039841614859tmp surefire_482647726905326139578tmp"/>
    <property name="surefire.test.class.path" value="/workdir/hadoop-ozone/integration-test/target/test-classes:/workdir/hadoop-ozone/integration-test/target/classes:/home/user/.m2/repository/org/apache/hadoop/hadoop-ozone-common/0.5.0-SNAPSHOT/hadoop-ozone-common-0.5.0-SNAPSHOT.jar:/home/user/.m2/repository/org/apache/commons/commons-compress/1.4.1/commons-compress-1.4.1.jar:/home/user/.m2/repository/org/tukaani/xz/1.0/xz-1.0.jar:/home/user/.m2/repository/org/apache/hadoop/hadoop-common/3.2.0/hadoop-common-3.2.0.jar:/home/user/.m2/repository/org/apache/hadoop/hadoop-hdfs/3.2.0/hadoop-hdfs-3.2.0.jar:/home/user/.m2/repository/org/apache/hadoop/hadoop-hdfs-client/3.2.0/hadoop-hdfs-client-3.2.0.jar:/home/user/.m2/repository/com/fasterxml/jackson/core/jackson-annotations/2.9.9/jackson-annotations-2.9.9.jar:/home/user/.m2/repository/org/apache/hadoop/hadoop-hdds-common/0.5.0-SNAPSHOT/hadoop-hdds-common-0.5.0-SNAPSHOT.jar:/home/user/.m2/repository/javax/annotation/javax.annotation-api/1.2/javax.annotation-api-1.2.jar:/home/user/.m2/repository/org/apache/ratis/ratis-server/0.5.0-3f446aa-SNAPSHOT/ratis-server-0.5.0-3f446aa-SNAPSHOT.jar:/home/user/.m2/repository/org/apache/ratis/ratis-thirdparty-misc/0.2.0/ratis-thirdparty-misc-0.2.0.jar:/home/user/.m2/repository/org/apache/ratis/ratis-proto/0.5.0-3f446aa-SNAPSHOT/ratis-proto-0.5.0-3f446aa-SNAPSHOT.jar:/home/user/.m2/repository/org/apache/ratis/ratis-common/0.5.0-3f446aa-SNAPSHOT/ratis-common-0.5.0-3f446aa-SNAPSHOT.jar:/home/user/.m2/repository/org/apache/ratis/ratis-client/0.5.0-3f446aa-SNAPSHOT/ratis-client-0.5.0-3f446aa-SNAPSHOT.jar:/home/user/.m2/repository/org/apache/ratis/ratis-metrics/0.5.0-3f446aa-SNAPSHOT/ratis-metrics-0.5.0-3f446aa-SNAPSHOT.jar:/home/user/.m2/repository/com/github/joshelser/dropwizard-metrics-hadoop-metrics2-reporter/0.1.2/dropwizard-metrics-hadoop-metrics2-reporter-0.1.2.jar:/home/user/.m2/repository/io/dropwizard/metrics/metrics-jvm/3.2.5/metrics-jvm-3.2.5.jar:/home/user/.m2/repository/io/dropwizard/metrics/metrics-ganglia/3.2.5/metrics-ganglia-3.2.5.jar:/home/user/.m2/repository/info/ganglia/gmetric4j/gmetric4j/1.0.7/gmetric4j-1.0.7.jar:/home/user/.m2/repository/org/apache/ratis/ratis-netty/0.5.0-3f446aa-SNAPSHOT/ratis-netty-0.5.0-3f446aa-SNAPSHOT.jar:/home/user/.m2/repository/org/apache/ratis/ratis-grpc/0.5.0-3f446aa-SNAPSHOT/ratis-grpc-0.5.0-3f446aa-SNAPSHOT.jar:/home/user/.m2/repository/org/rocksdb/rocksdbjni/6.0.1/rocksdbjni-6.0.1.jar:/home/user/.m2/repository/org/apache/logging/log4j/log4j-api/2.11.0/log4j-api-2.11.0.jar:/home/user/.m2/repository/org/apache/logging/log4j/log4j-core/2.11.0/log4j-core-2.11.0.jar:/home/user/.m2/repository/com/lmax/disruptor/3.4.2/disruptor-3.4.2.jar:/home/user/.m2/repository/org/apache/commons/commons-pool2/2.6.0/commons-pool2-2.6.0.jar:/home/user/.m2/repository/org/bouncycastle/bcpkix-jdk15on/1.60/bcpkix-jdk15on-1.60.jar:/home/user/.m2/repository/commons-validator/commons-validator/1.6/commons-validator-1.6.jar:/home/user/.m2/repository/commons-digester/commons-digester/1.8.1/commons-digester-1.8.1.jar:/home/user/.m2/repository/io/jaegertracing/jaeger-client/0.34.0/jaeger-client-0.34.0.jar:/home/user/.m2/repository/io/jaegertracing/jaeger-thrift/0.34.0/jaeger-thrift-0.34.0.jar:/home/user/.m2/repository/org/apache/thrift/libthrift/0.12.0/libthrift-0.12.0.jar:/home/user/.m2/repository/com/squareup/okhttp3/okhttp/3.9.0/okhttp-3.9.0.jar:/home/user/.m2/repository/com/squareup/okio/okio/1.13.0/okio-1.13.0.jar:/home/user/.m2/repository/io/jaegertracing/jaeger-core/0.34.0/jaeger-core-0.34.0.jar:/home/user/.m2/repository/io/jaegertracing/jaeger-tracerresolver/0.34.0/jaeger-tracerresolver-0.34.0.jar:/home/user/.m2/repository/io/opentracing/contrib/opentracing-tracerresolver/0.1.5/opentracing-tracerresolver-0.1.5.jar:/home/user/.m2/repository/io/opentracing/opentracing-util/0.31.0/opentracing-util-0.31.0.jar:/home/user/.m2/repository/io/opentracing/opentracing-api/0.31.0/opentracing-api-0.31.0.jar:/home/user/.m2/repository/io/opentracing/opentracing-noop/0.31.0/opentracing-noop-0.31.0.jar:/home/user/.m2/repository/org/apache/hadoop/hadoop-hdds-server-framework/0.5.0-SNAPSHOT/hadoop-hdds-server-framework-0.5.0-SNAPSHOT.jar:/home/user/.m2/repository/org/apache/hadoop/hadoop-hdds-container-service/0.5.0-SNAPSHOT/hadoop-hdds-container-service-0.5.0-SNAPSHOT.jar:/home/user/.m2/repository/org/apache/hadoop/hadoop-hdds-client/0.5.0-SNAPSHOT/hadoop-hdds-client-0.5.0-SNAPSHOT.jar:/home/user/.m2/repository/org/apache/hadoop/hadoop-hdds-tools/0.5.0-SNAPSHOT/hadoop-hdds-tools-0.5.0-SNAPSHOT.jar:/home/user/.m2/repository/org/apache/hadoop/hadoop-hdds-server-scm/0.5.0-SNAPSHOT/hadoop-hdds-server-scm-0.5.0-SNAPSHOT.jar:/home/user/.m2/repository/org/apache/hadoop/hadoop-hdds-docs/0.5.0-SNAPSHOT/hadoop-hdds-docs-0.5.0-SNAPSHOT.jar:/home/user/.m2/repository/io/dropwizard/metrics/metrics-core/3.2.4/metrics-core-3.2.4.jar:/home/user/.m2/repository/org/hamcrest/hamcrest-all/1.3/hamcrest-all-1.3.jar:/home/user/.m2/repository/org/bouncycastle/bcprov-jdk15on/1.60/bcprov-jdk15on-1.60.jar:/home/user/.m2/repository/info/picocli/picocli/3.9.6/picocli-3.9.6.jar:/home/user/.m2/repository/com/google/protobuf/protobuf-java/2.5.0/protobuf-java-2.5.0.jar:/home/user/.m2/repository/com/google/guava/guava/11.0.2/guava-11.0.2.jar:/home/user/.m2/repository/org/apache/hadoop/hadoop-ozone-ozone-manager/0.5.0-SNAPSHOT/hadoop-ozone-ozone-manager-0.5.0-SNAPSHOT.jar:/home/user/.m2/repository/org/apache/hadoop/hadoop-minikdc/3.2.0/hadoop-minikdc-3.2.0.jar:/home/user/.m2/repository/commons-io/commons-io/2.5/commons-io-2.5.jar:/home/user/.m2/repository/org/apache/kerby/kerb-simplekdc/1.0.1/kerb-simplekdc-1.0.1.jar:/home/user/.m2/repository/org/apache/kerby/kerb-client/1.0.1/kerb-client-1.0.1.jar:/home/user/.m2/repository/org/apache/kerby/kerby-config/1.0.1/kerby-config-1.0.1.jar:/home/user/.m2/repository/org/apache/kerby/kerb-core/1.0.1/kerb-core-1.0.1.jar:/home/user/.m2/repository/org/apache/kerby/kerby-pkix/1.0.1/kerby-pkix-1.0.1.jar:/home/user/.m2/repository/org/apache/kerby/kerby-asn1/1.0.1/kerby-asn1-1.0.1.jar:/home/user/.m2/repository/org/apache/kerby/kerby-util/1.0.1/kerby-util-1.0.1.jar:/home/user/.m2/repository/org/apache/kerby/kerb-common/1.0.1/kerb-common-1.0.1.jar:/home/user/.m2/repository/org/apache/kerby/kerb-crypto/1.0.1/kerb-crypto-1.0.1.jar:/home/user/.m2/repository/org/apache/kerby/kerb-util/1.0.1/kerb-util-1.0.1.jar:/home/user/.m2/repository/org/apache/kerby/token-provider/1.0.1/token-provider-1.0.1.jar:/home/user/.m2/repository/org/apache/kerby/kerb-admin/1.0.1/kerb-admin-1.0.1.jar:/home/user/.m2/repository/org/apache/kerby/kerb-server/1.0.1/kerb-server-1.0.1.jar:/home/user/.m2/repository/org/apache/kerby/kerb-identity/1.0.1/kerb-identity-1.0.1.jar:/home/user/.m2/repository/org/apache/kerby/kerby-xdr/1.0.1/kerby-xdr-1.0.1.jar:/home/user/.m2/repository/org/slf4j/slf4j-log4j12/1.7.25/slf4j-log4j12-1.7.25.jar:/home/user/.m2/repository/org/apache/hadoop/hadoop-ozone-s3gateway/0.5.0-SNAPSHOT/hadoop-ozone-s3gateway-0.5.0-SNAPSHOT.jar:/home/user/.m2/repository/org/jboss/weld/servlet/weld-servlet/2.4.7.Final/weld-servlet-2.4.7.Final.jar:/home/user/.m2/repository/org/glassfish/jersey/containers/jersey-container-servlet-core/2.27/jersey-container-servlet-core-2.27.jar:/home/user/.m2/repository/org/glassfish/hk2/external/javax.inject/2.5.0-b42/javax.inject-2.5.0-b42.jar:/home/user/.m2/repository/org/glassfish/jersey/core/jersey-common/2.27/jersey-common-2.27.jar:/home/user/.m2/repository/org/glassfish/hk2/osgi-resource-locator/1.0.1/osgi-resource-locator-1.0.1.jar:/home/user/.m2/repository/javax/ws/rs/javax.ws.rs-api/2.1/javax.ws.rs-api-2.1.jar:/home/user/.m2/repository/org/glassfish/jersey/ext/cdi/jersey-cdi1x/2.27/jersey-cdi1x-2.27.jar:/home/user/.m2/repository/org/glassfish/jersey/inject/jersey-hk2/2.27/jersey-hk2-2.27.jar:/home/user/.m2/repository/org/glassfish/hk2/hk2-locator/2.5.0-b42/hk2-locator-2.5.0-b42.jar:/home/user/.m2/repository/org/javassist/javassist/3.22.0-CR2/javassist-3.22.0-CR2.jar:/home/user/.m2/repository/org/glassfish/hk2/hk2-api/2.5.0/hk2-api-2.5.0.jar:/home/user/.m2/repository/org/glassfish/hk2/external/jakarta.inject/2.5.0/jakarta.inject-2.5.0.jar:/home/user/.m2/repository/org/glassfish/hk2/hk2-utils/2.5.0/hk2-utils-2.5.0.jar:/home/user/.m2/repository/jakarta/annotation/jakarta.annotation-api/1.3.4/jakarta.annotation-api-1.3.4.jar:/home/user/.m2/repository/org/glassfish/hk2/external/aopalliance-repackaged/2.5.0/aopalliance-repackaged-2.5.0.jar:/home/user/.m2/repository/com/fasterxml/jackson/dataformat/jackson-dataformat-xml/2.9.0/jackson-dataformat-xml-2.9.0.jar:/home/user/.m2/repository/com/fasterxml/jackson/core/jackson-core/2.9.9/jackson-core-2.9.9.jar:/home/user/.m2/repository/com/fasterxml/jackson/module/jackson-module-jaxb-annotations/2.9.9/jackson-module-jaxb-annotations-2.9.9.jar:/home/user/.m2/repository/javax/enterprise/cdi-api/1.2/cdi-api-1.2.jar:/home/user/.m2/repository/javax/el/javax.el-api/3.0.0/javax.el-api-3.0.0.jar:/home/user/.m2/repository/javax/interceptor/javax.interceptor-api/1.2/javax.interceptor-api-1.2.jar:/home/user/.m2/repository/javax/inject/javax.inject/1/javax.inject-1.jar:/home/user/.m2/repository/com/sun/xml/bind/jaxb-impl/2.3.0.1/jaxb-impl-2.3.0.1.jar:/home/user/.m2/repository/com/sun/xml/bind/jaxb-core/2.3.0.1/jaxb-core-2.3.0.1.jar:/home/user/.m2/repository/javax/xml/bind/jaxb-api/2.3.0/jaxb-api-2.3.0.jar:/home/user/.m2/repository/javax/activation/activation/1.1.1/activation-1.1.1.jar:/home/user/.m2/repository/org/apache/hadoop/hadoop-ozone-csi/0.5.0-SNAPSHOT/hadoop-ozone-csi-0.5.0-SNAPSHOT.jar:/home/user/.m2/repository/com/google/protobuf/protobuf-java-util/3.5.1/protobuf-java-util-3.5.1.jar:/home/user/.m2/repository/org/apache/hadoop/hadoop-hdds-config/0.5.0-SNAPSHOT/hadoop-hdds-config-0.5.0-SNAPSHOT.jar:/home/user/.m2/repository/io/grpc/grpc-netty/1.17.1/grpc-netty-1.17.1.jar:/home/user/.m2/repository/io/grpc/grpc-core/1.17.1/grpc-core-1.17.1.jar:/home/user/.m2/repository/io/grpc/grpc-context/1.17.1/grpc-context-1.17.1.jar:/home/user/.m2/repository/com/google/errorprone/error_prone_annotations/2.2.0/error_prone_annotations-2.2.0.jar:/home/user/.m2/repository/org/codehaus/mojo/animal-sniffer-annotations/1.17/animal-sniffer-annotations-1.17.jar:/home/user/.m2/repository/io/opencensus/opencensus-api/0.17.0/opencensus-api-0.17.0.jar:/home/user/.m2/repository/io/opencensus/opencensus-contrib-grpc-metrics/0.17.0/opencensus-contrib-grpc-metrics-0.17.0.jar:/home/user/.m2/repository/io/netty/netty-codec-http2/4.1.30.Final/netty-codec-http2-4.1.30.Final.jar:/home/user/.m2/repository/io/netty/netty-codec-http/4.1.30.Final/netty-codec-http-4.1.30.Final.jar:/home/user/.m2/repository/io/netty/netty-codec/4.1.30.Final/netty-codec-4.1.30.Final.jar:/home/user/.m2/repository/io/netty/netty-handler/4.1.30.Final/netty-handler-4.1.30.Final.jar:/home/user/.m2/repository/io/netty/netty-handler-proxy/4.1.30.Final/netty-handler-proxy-4.1.30.Final.jar:/home/user/.m2/repository/io/netty/netty-codec-socks/4.1.30.Final/netty-codec-socks-4.1.30.Final.jar:/home/user/.m2/repository/io/netty/netty-transport-native-epoll/4.1.30.Final/netty-transport-native-epoll-4.1.30.Final.jar:/home/user/.m2/repository/io/netty/netty-common/4.1.30.Final/netty-common-4.1.30.Final.jar:/home/user/.m2/repository/io/netty/netty-buffer/4.1.30.Final/netty-buffer-4.1.30.Final.jar:/home/user/.m2/repository/io/netty/netty-transport/4.1.30.Final/netty-transport-4.1.30.Final.jar:/home/user/.m2/repository/io/netty/netty-resolver/4.1.30.Final/netty-resolver-4.1.30.Final.jar:/home/user/.m2/repository/io/netty/netty-transport-native-unix-common/4.1.30.Final/netty-transport-native-unix-common-4.1.30.Final.jar:/home/user/.m2/repository/io/grpc/grpc-protobuf/1.17.1/grpc-protobuf-1.17.1.jar:/home/user/.m2/repository/com/google/api/grpc/proto-google-common-protos/1.0.0/proto-google-common-protos-1.0.0.jar:/home/user/.m2/repository/io/grpc/grpc-protobuf-lite/1.17.1/grpc-protobuf-lite-1.17.1.jar:/home/user/.m2/repository/io/grpc/grpc-stub/1.17.1/grpc-stub-1.17.1.jar:/home/user/.m2/repository/org/apache/hadoop/hadoop-ozone-recon/0.5.0-SNAPSHOT/hadoop-ozone-recon-0.5.0-SNAPSHOT.jar:/home/user/.m2/repository/org/apache/hadoop/hadoop-ozone-reconcodegen/0.5.0-SNAPSHOT/hadoop-ozone-reconcodegen-0.5.0-SNAPSHOT.jar:/home/user/.m2/repository/com/google/inject/extensions/guice-multibindings/4.0/guice-multibindings-4.0.jar:/home/user/.m2/repository/com/google/inject/guice/4.0/guice-4.0.jar:/home/user/.m2/repository/aopalliance/aopalliance/1.0/aopalliance-1.0.jar:/home/user/.m2/repository/com/google/inject/extensions/guice-servlet/4.0/guice-servlet-4.0.jar:/home/user/.m2/repository/org/glassfish/jersey/containers/jersey-container-servlet/2.27/jersey-container-servlet-2.27.jar:/home/user/.m2/repository/org/glassfish/hk2/guice-bridge/2.5.0/guice-bridge-2.5.0.jar:/home/user/.m2/repository/org/glassfish/jersey/core/jersey-server/2.27/jersey-server-2.27.jar:/home/user/.m2/repository/org/glassfish/jersey/core/jersey-client/2.27/jersey-client-2.27.jar:/home/user/.m2/repository/org/glassfish/jersey/media/jersey-media-jaxb/2.27/jersey-media-jaxb-2.27.jar:/home/user/.m2/repository/javax/validation/validation-api/1.1.0.Final/validation-api-1.1.0.Final.jar:/home/user/.m2/repository/org/glassfish/jersey/media/jersey-media-json-jackson/2.27/jersey-media-json-jackson-2.27.jar:/home/user/.m2/repository/org/glassfish/jersey/ext/jersey-entity-filtering/2.27/jersey-entity-filtering-2.27.jar:/home/user/.m2/repository/com/google/inject/extensions/guice-assistedinject/4.0/guice-assistedinject-4.0.jar:/home/user/.m2/repository/org/jooq/jooq/3.11.10/jooq-3.11.10.jar:/home/user/.m2/repository/org/jooq/jooq-meta/3.11.10/jooq-meta-3.11.10.jar:/home/user/.m2/repository/org/jooq/jooq-codegen/3.11.10/jooq-codegen-3.11.10.jar:/home/user/.m2/repository/com/jolbox/bonecp/0.8.0.RELEASE/bonecp-0.8.0.RELEASE.jar:/home/user/.m2/repository/org/xerial/sqlite-jdbc/3.25.2/sqlite-jdbc-3.25.2.jar:/home/user/.m2/repository/org/springframework/spring-jdbc/5.1.3.RELEASE/spring-jdbc-5.1.3.RELEASE.jar:/home/user/.m2/repository/org/springframework/spring-beans/5.1.3.RELEASE/spring-beans-5.1.3.RELEASE.jar:/home/user/.m2/repository/org/springframework/spring-core/5.1.3.RELEASE/spring-core-5.1.3.RELEASE.jar:/home/user/.m2/repository/org/springframework/spring-jcl/5.1.3.RELEASE/spring-jcl-5.1.3.RELEASE.jar:/home/user/.m2/repository/org/springframework/spring-tx/5.1.3.RELEASE/spring-tx-5.1.3.RELEASE.jar:/home/user/.m2/repository/org/apache/hadoop/hadoop-ozone-client/0.5.0-SNAPSHOT/hadoop-ozone-client-0.5.0-SNAPSHOT.jar:/home/user/.m2/repository/commons-lang/commons-lang/2.6/commons-lang-2.6.jar:/home/user/.m2/repository/org/apache/hadoop/hadoop-ozone-ozone-manager/0.5.0-SNAPSHOT/hadoop-ozone-ozone-manager-0.5.0-SNAPSHOT-tests.jar:/home/user/.m2/repository/junit/junit/4.11/junit-4.11.jar:/home/user/.m2/repository/org/hamcrest/hamcrest-core/1.3/hamcrest-core-1.3.jar:/home/user/.m2/repository/org/openjdk/jmh/jmh-core/1.19/jmh-core-1.19.jar:/home/user/.m2/repository/net/sf/jopt-simple/jopt-simple/4.6/jopt-simple-4.6.jar:/home/user/.m2/repository/org/apache/commons/commons-math3/3.1.1/commons-math3-3.1.1.jar:/home/user/.m2/repository/org/openjdk/jmh/jmh-generator-annprocess/1.19/jmh-generator-annprocess-1.19.jar:/home/user/.m2/repository/org/mockito/mockito-all/1.8.5/mockito-all-1.8.5.jar:/home/user/.m2/repository/org/apache/hadoop/hadoop-kms/3.2.0/hadoop-kms-3.2.0.jar:/home/user/.m2/repository/org/apache/hadoop/hadoop-auth/3.2.0/hadoop-auth-3.2.0.jar:/home/user/.m2/repository/com/nimbusds/nimbus-jose-jwt/4.41.1/nimbus-jose-jwt-4.41.1.jar:/home/user/.m2/repository/com/github/stephenc/jcip/jcip-annotations/1.0-1/jcip-annotations-1.0-1.jar:/home/user/.m2/repository/net/minidev/json-smart/2.3/json-smart-2.3.jar:/home/user/.m2/repository/net/minidev/accessors-smart/1.2/accessors-smart-1.2.jar:/home/user/.m2/repository/org/ow2/asm/asm/5.0.4/asm-5.0.4.jar:/home/user/.m2/repository/org/apache/curator/curator-framework/2.12.0/curator-framework-2.12.0.jar:/home/user/.m2/repository/com/sun/jersey/jersey-core/1.19/jersey-core-1.19.jar:/home/user/.m2/repository/javax/ws/rs/jsr311-api/1.1.1/jsr311-api-1.1.1.jar:/home/user/.m2/repository/com/sun/jersey/jersey-server/1.19/jersey-server-1.19.jar:/home/user/.m2/repository/javax/servlet/javax.servlet-api/3.1.0/javax.servlet-api-3.1.0.jar:/home/user/.m2/repository/org/eclipse/jetty/jetty-server/9.3.25.v20180904/jetty-server-9.3.25.v20180904.jar:/home/user/.m2/repository/org/eclipse/jetty/jetty-http/9.3.25.v20180904/jetty-http-9.3.25.v20180904.jar:/home/user/.m2/repository/org/eclipse/jetty/jetty-io/9.3.25.v20180904/jetty-io-9.3.25.v20180904.jar:/home/user/.m2/repository/org/eclipse/jetty/jetty-webapp/9.3.25.v20180904/jetty-webapp-9.3.25.v20180904.jar:/home/user/.m2/repository/org/eclipse/jetty/jetty-xml/9.3.25.v20180904/jetty-xml-9.3.25.v20180904.jar:/home/user/.m2/repository/log4j/log4j/1.2.17/log4j-1.2.17.jar:/home/user/.m2/repository/org/slf4j/slf4j-api/1.7.25/slf4j-api-1.7.25.jar:/home/user/.m2/repository/org/slf4j/jul-to-slf4j/1.7.25/jul-to-slf4j-1.7.25.jar:/home/user/.m2/repository/org/eclipse/jetty/jetty-util/9.3.25.v20180904/jetty-util-9.3.25.v20180904.jar:/home/user/.m2/repository/com/fasterxml/jackson/core/jackson-databind/2.9.9/jackson-databind-2.9.9.jar:/home/user/.m2/repository/org/apache/hadoop/hadoop-kms/3.2.0/hadoop-kms-3.2.0-tests.jar:/home/user/.m2/repository/org/apache/hadoop/hadoop-hdds-server-scm/0.5.0-SNAPSHOT/hadoop-hdds-server-scm-0.5.0-SNAPSHOT-tests.jar:/home/user/.m2/repository/org/apache/hadoop/hadoop-hdds-container-service/0.5.0-SNAPSHOT/hadoop-hdds-container-service-0.5.0-SNAPSHOT-tests.jar:/home/user/.m2/repository/org/yaml/snakeyaml/1.16/snakeyaml-1.16.jar:/home/user/.m2/repository/org/apache/hadoop/hadoop-common/3.2.0/hadoop-common-3.2.0-tests.jar:/home/user/.m2/repository/org/apache/hadoop/hadoop-annotations/3.2.0/hadoop-annotations-3.2.0.jar:/usr/lib/jvm/java-1.8.0-openjdk-1.8.0.222.b10-1.el7_7.x86_64/jre/../lib/tools.jar:/home/user/.m2/repository/commons-cli/commons-cli/1.2/commons-cli-1.2.jar:/home/user/.m2/repository/org/apache/httpcomponents/httpclient/4.5.2/httpclient-4.5.2.jar:/home/user/.m2/repository/org/apache/httpcomponents/httpcore/4.4.4/httpcore-4.4.4.jar:/home/user/.m2/repository/commons-codec/commons-codec/1.11/commons-codec-1.11.jar:/home/user/.m2/repository/commons-net/commons-net/3.6/commons-net-3.6.jar:/home/user/.m2/repository/commons-collections/commons-collections/3.2.2/commons-collections-3.2.2.jar:/home/user/.m2/repository/org/eclipse/jetty/jetty-servlet/9.3.25.v20180904/jetty-servlet-9.3.25.v20180904.jar:/home/user/.m2/repository/org/eclipse/jetty/jetty-security/9.3.25.v20180904/jetty-security-9.3.25.v20180904.jar:/home/user/.m2/repository/javax/servlet/jsp/jsp-api/2.1/jsp-api-2.1.jar:/home/user/.m2/repository/com/sun/jersey/jersey-servlet/1.19/jersey-servlet-1.19.jar:/home/user/.m2/repository/com/sun/jersey/jersey-json/1.19/jersey-json-1.19.jar:/home/user/.m2/repository/org/codehaus/jettison/jettison/1.1/jettison-1.1.jar:/home/user/.m2/repository/org/codehaus/jackson/jackson-core-asl/1.9.13/jackson-core-asl-1.9.13.jar:/home/user/.m2/repository/org/codehaus/jackson/jackson-mapper-asl/1.9.13/jackson-mapper-asl-1.9.13.jar:/home/user/.m2/repository/org/codehaus/jackson/jackson-jaxrs/1.9.13/jackson-jaxrs-1.9.13.jar:/home/user/.m2/repository/org/codehaus/jackson/jackson-xc/1.9.13/jackson-xc-1.9.13.jar:/home/user/.m2/repository/commons-logging/commons-logging/1.1.3/commons-logging-1.1.3.jar:/home/user/.m2/repository/commons-beanutils/commons-beanutils/1.9.4/commons-beanutils-1.9.4.jar:/home/user/.m2/repository/org/apache/commons/commons-configuration2/2.1.1/commons-configuration2-2.1.1.jar:/home/user/.m2/repository/org/apache/commons/commons-lang3/3.7/commons-lang3-3.7.jar:/home/user/.m2/repository/org/apache/commons/commons-text/1.4/commons-text-1.4.jar:/home/user/.m2/repository/org/apache/avro/avro/1.7.7/avro-1.7.7.jar:/home/user/.m2/repository/com/thoughtworks/paranamer/paranamer/2.3/paranamer-2.3.jar:/home/user/.m2/repository/org/xerial/snappy/snappy-java/1.0.5/snappy-java-1.0.5.jar:/home/user/.m2/repository/com/google/re2j/re2j/1.1/re2j-1.1.jar:/home/user/.m2/repository/com/google/code/gson/gson/2.2.4/gson-2.2.4.jar:/home/user/.m2/repository/com/jcraft/jsch/0.1.54/jsch-0.1.54.jar:/home/user/.m2/repository/org/apache/curator/curator-client/2.12.0/curator-client-2.12.0.jar:/home/user/.m2/repository/org/apache/curator/curator-recipes/2.12.0/curator-recipes-2.12.0.jar:/home/user/.m2/repository/com/google/code/findbugs/jsr305/3.0.0/jsr305-3.0.0.jar:/home/user/.m2/repository/org/apache/htrace/htrace-core4/4.1.0-incubating/htrace-core4-4.1.0-incubating.jar:/home/user/.m2/repository/org/apache/zookeeper/zookeeper/3.4.13/zookeeper-3.4.13.jar:/home/user/.m2/repository/jline/jline/0.9.94/jline-0.9.94.jar:/home/user/.m2/repository/org/apache/yetus/audience-annotations/0.5.0/audience-annotations-0.5.0.jar:/home/user/.m2/repository/org/codehaus/woodstox/stax2-api/3.1.4/stax2-api-3.1.4.jar:/home/user/.m2/repository/com/fasterxml/woodstox/woodstox-core/5.0.3/woodstox-core-5.0.3.jar:/home/user/.m2/repository/dnsjava/dnsjava/2.1.7/dnsjava-2.1.7.jar:/home/user/.m2/repository/org/apache/hadoop/hadoop-hdfs/3.2.0/hadoop-hdfs-3.2.0-tests.jar:/home/user/.m2/repository/org/eclipse/jetty/jetty-util-ajax/9.3.25.v20180904/jetty-util-ajax-9.3.25.v20180904.jar:/home/user/.m2/repository/commons-daemon/commons-daemon/1.0.13/commons-daemon-1.0.13.jar:/home/user/.m2/repository/io/netty/netty/3.10.5.Final/netty-3.10.5.Final.jar:/home/user/.m2/repository/io/netty/netty-all/4.0.52.Final/netty-all-4.0.52.Final.jar:/home/user/.m2/repository/org/fusesource/leveldbjni/leveldbjni-all/1.8/leveldbjni-all-1.8.jar:"/>
    <property name="sun.cpu.endian" value="little"/>
    <property name="user.home" value="/home/user"/>
    <property name="user.language" value="en"/>
    <property name="java.specification.vendor" value="Oracle Corporation"/>
    <property name="java.home" value="/usr/lib/jvm/java-1.8.0-openjdk-1.8.0.222.b10-1.el7_7.x86_64/jre"/>
    <property name="surefire.excludesFile" value="/tools/ozone-bad-unit-tests"/>
    <property name="java.security.krb5.conf" value="/workdir/hadoop-ozone/integration-test/target/test-classes/krb5.conf"/>
    <property name="basedir" value="/workdir/hadoop-ozone/integration-test"/>
    <property name="file.separator" value="/"/>
    <property name="line.separator" value="&#10;"/>
    <property name="java.vm.specification.vendor" value="Oracle Corporation"/>
    <property name="java.specification.name" value="Java Platform API Specification"/>
    <property name="java.awt.graphicsenv" value="sun.awt.X11GraphicsEnvironment"/>
    <property name="surefire.real.class.path" value="/workdir/hadoop-ozone/integration-test/target/surefire/surefirebooter7583352079411832959.jar"/>
    <property name="hadoop.log.dir" value="/workdir/hadoop-ozone/integration-test/target/log"/>
    <property name="sun.boot.class.path" value="/usr/lib/jvm/java-1.8.0-openjdk-1.8.0.222.b10-1.el7_7.x86_64/jre/lib/resources.jar:/usr/lib/jvm/java-1.8.0-openjdk-1.8.0.222.b10-1.el7_7.x86_64/jre/lib/rt.jar:/usr/lib/jvm/java-1.8.0-openjdk-1.8.0.222.b10-1.el7_7.x86_64/jre/lib/sunrsasign.jar:/usr/lib/jvm/java-1.8.0-openjdk-1.8.0.222.b10-1.el7_7.x86_64/jre/lib/jsse.jar:/usr/lib/jvm/java-1.8.0-openjdk-1.8.0.222.b10-1.el7_7.x86_64/jre/lib/jce.jar:/usr/lib/jvm/java-1.8.0-openjdk-1.8.0.222.b10-1.el7_7.x86_64/jre/lib/charsets.jar:/usr/lib/jvm/java-1.8.0-openjdk-1.8.0.222.b10-1.el7_7.x86_64/jre/lib/jfr.jar:/usr/lib/jvm/java-1.8.0-openjdk-1.8.0.222.b10-1.el7_7.x86_64/jre/classes"/>
    <property name="sun.management.compiler" value="HotSpot 64-Bit Tiered Compilers"/>
    <property name="java.runtime.version" value="1.8.0_222-b10"/>
    <property name="java.net.preferIPv4Stack" value="true"/>
    <property name="user.name" value="jenkins1000"/>
    <property name="path.separator" value=":"/>
    <property name="java.security.egd" value="file:///dev/urandom"/>
    <property name="os.version" value="3.10.0-957.12.2.el7.x86_64"/>
    <property name="java.endorsed.dirs" value="/usr/lib/jvm/java-1.8.0-openjdk-1.8.0.222.b10-1.el7_7.x86_64/jre/lib/endorsed"/>
    <property name="java.runtime.name" value="OpenJDK Runtime Environment"/>
    <property name="file.encoding" value="ANSI_X3.4-1968"/>
    <property name="java.vm.name" value="OpenJDK 64-Bit Server VM"/>
    <property name="test.build.webapps" value=""/>
    <property name="localRepository" value="/home/user/.m2/repository"/>
    <property name="java.vendor.url.bug" value="http://bugreport.sun.com/bugreport/"/>
    <property name="java.io.tmpdir" value="/tmp"/>
    <property name="require.test.libhadoop" value=""/>
    <property name="java.version" value="1.8.0_222"/>
    <property name="user.dir" value="/workdir/hadoop-ozone/integration-test"/>
    <property name="os.arch" value="amd64"/>
    <property name="java.vm.specification.name" value="Java Virtual Machine Specification"/>
    <property name="test.build.classes" value="/workdir/hadoop-ozone/integration-test/target/test-classes"/>
    <property name="java.awt.printerjob" value="sun.print.PSPrinterJob"/>
    <property name="sun.os.patch.level" value="unknown"/>
    <property name="hadoop.tmp.dir" value="/workdir/hadoop-ozone/integration-test/target/tmp"/>
    <property name="java.library.path" value="/usr/lib:/workdir/hadoop-ozone/integration-test/target/native/target/usr/local/lib:/workdir/hadoop-ozone/integration-test/../../hadoop-common-project/hadoop-common/target/native/target/usr/local/lib:/usr/java/packages/lib/amd64:/usr/lib64:/lib64:/lib:/usr/lib"/>
    <property name="java.vm.info" value="mixed mode"/>
    <property name="java.vendor" value="Oracle Corporation"/>
    <property name="java.vm.version" value="25.222-b10"/>
    <property name="java.ext.dirs" value="/usr/lib/jvm/java-1.8.0-openjdk-1.8.0.222.b10-1.el7_7.x86_64/jre/lib/ext:/usr/java/packages/lib/ext"/>
    <property name="sun.io.unicode.encoding" value="UnicodeLittle"/>
    <property name="java.class.version" value="52.0"/>
  </properties>
  <testcase name="testDeleteKeyWithSlowFollower" classname="org.apache.hadoop.ozone.client.rpc.TestDeleteWithSlowFollower" time="112.038">
    <failure type="java.lang.AssertionError">java.lang.AssertionError
	at org.junit.Assert.fail(Assert.java:86)
	at org.junit.Assert.assertTrue(Assert.java:41)
	at org.junit.Assert.assertTrue(Assert.java:52)
	at org.apache.hadoop.ozone.client.rpc.TestDeleteWithSlowFollower.testDeleteKeyWithSlowFollower(TestDeleteWithSlowFollower.java:265)
	at sun.reflect.NativeMethodAccessorImpl.invoke0(Native Method)
	at sun.reflect.NativeMethodAccessorImpl.invoke(NativeMethodAccessorImpl.java:62)
	at sun.reflect.DelegatingMethodAccessorImpl.invoke(DelegatingMethodAccessorImpl.java:43)
	at java.lang.reflect.Method.invoke(Method.java:498)
	at org.junit.runners.model.FrameworkMethod$1.runReflectiveCall(FrameworkMethod.java:47)
	at org.junit.internal.runners.model.ReflectiveCallable.run(ReflectiveCallable.java:12)
	at org.junit.runners.model.FrameworkMethod.invokeExplosively(FrameworkMethod.java:44)
	at org.junit.internal.runners.statements.InvokeMethod.evaluate(InvokeMethod.java:17)
	at org.junit.runners.ParentRunner.runLeaf(ParentRunner.java:271)
	at org.junit.runners.BlockJUnit4ClassRunner.runChild(BlockJUnit4ClassRunner.java:70)
	at org.junit.runners.BlockJUnit4ClassRunner.runChild(BlockJUnit4ClassRunner.java:50)
	at org.junit.runners.ParentRunner$3.run(ParentRunner.java:238)
	at org.junit.runners.ParentRunner$1.schedule(ParentRunner.java:63)
	at org.junit.runners.ParentRunner.runChildren(ParentRunner.java:236)
	at org.junit.runners.ParentRunner.access$000(ParentRunner.java:53)
	at org.junit.runners.ParentRunner$2.evaluate(ParentRunner.java:229)
	at org.junit.internal.runners.statements.RunBefores.evaluate(RunBefores.java:26)
	at org.junit.internal.runners.statements.RunAfters.evaluate(RunAfters.java:27)
	at org.junit.runners.ParentRunner.run(ParentRunner.java:309)
	at org.apache.maven.surefire.junit4.JUnit4Provider.execute(JUnit4Provider.java:365)
	at org.apache.maven.surefire.junit4.JUnit4Provider.executeWithRerun(JUnit4Provider.java:273)
	at org.apache.maven.surefire.junit4.JUnit4Provider.executeTestSet(JUnit4Provider.java:238)
	at org.apache.maven.surefire.junit4.JUnit4Provider.invoke(JUnit4Provider.java:159)
	at org.apache.maven.surefire.booter.ForkedBooter.invokeProviderInSameClassLoader(ForkedBooter.java:384)
	at org.apache.maven.surefire.booter.ForkedBooter.runSuitesInProcess(ForkedBooter.java:345)
	at org.apache.maven.surefire.booter.ForkedBooter.execute(ForkedBooter.java:126)
	at org.apache.maven.surefire.booter.ForkedBooter.main(ForkedBooter.java:418)
</failure>
    <system-out><![CDATA[2019-10-17 07:41:12,016 [main] WARN  server.ServerUtils (ServerUtils.java:getScmDbDir(145)) - ozone.scm.db.dirs is not configured. We recommend adding this setting. Falling back to ozone.metadata.dirs instead.
2019-10-17 07:41:12,162 [main] WARN  server.ServerUtils (ServerUtils.java:getScmDbDir(145)) - ozone.scm.db.dirs is not configured. We recommend adding this setting. Falling back to ozone.metadata.dirs instead.
2019-10-17 07:41:12,166 [main] WARN  server.ServerUtils (ServerUtils.java:getScmDbDir(145)) - ozone.scm.db.dirs is not configured. We recommend adding this setting. Falling back to ozone.metadata.dirs instead.
2019-10-17 07:41:12,193 [main] INFO  util.log (Log.java:initialized(192)) - Logging initialized @908ms
2019-10-17 07:41:12,287 [main] INFO  db.DBStoreBuilder (DBStoreBuilder.java:addTable(117)) - using custom profile for table: deletedBlocks
2019-10-17 07:41:12,288 [main] INFO  db.DBStoreBuilder (DBStoreBuilder.java:processTables(168)) - Using default column profile:DBProfile.DISK for Table:deletedBlocks
2019-10-17 07:41:12,288 [main] INFO  db.DBStoreBuilder (DBStoreBuilder.java:addTable(117)) - using custom profile for table: validCerts
2019-10-17 07:41:12,288 [main] INFO  db.DBStoreBuilder (DBStoreBuilder.java:processTables(168)) - Using default column profile:DBProfile.DISK for Table:validCerts
2019-10-17 07:41:12,289 [main] INFO  db.DBStoreBuilder (DBStoreBuilder.java:addTable(117)) - using custom profile for table: revokedCerts
2019-10-17 07:41:12,289 [main] INFO  db.DBStoreBuilder (DBStoreBuilder.java:processTables(168)) - Using default column profile:DBProfile.DISK for Table:revokedCerts
2019-10-17 07:41:12,300 [main] INFO  db.DBStoreBuilder (DBStoreBuilder.java:addTable(117)) - using custom profile for table: default
2019-10-17 07:41:12,300 [main] INFO  db.DBStoreBuilder (DBStoreBuilder.java:processTables(174)) - Using default column profile:DBProfile.DISK for Table:default
2019-10-17 07:41:12,301 [main] INFO  db.DBStoreBuilder (DBStoreBuilder.java:getDbProfile(205)) - Using default options. DBProfile.DISK
2019-10-17 07:41:12,706 [main] INFO  net.NodeSchemaLoader (NodeSchemaLoader.java:loadSchemaFromFile(125)) - Loading file from sun.misc.CompoundEnumeration@74235045
2019-10-17 07:41:12,708 [main] INFO  net.NodeSchemaLoader (NodeSchemaLoader.java:loadSchema(171)) - Loading network topology layer schema file
2019-10-17 07:41:12,768 [main] WARN  server.ServerUtils (ServerUtils.java:sanitizeUserArgs(70)) - ozone.scm.stale.node.interval value = 1000000 is larger than max = 100000 based on the key value of ozone.scm.heartbeat.thread.interval, reset to the max value 100000.
2019-10-17 07:41:12,770 [main] WARN  server.ServerUtils (ServerUtils.java:sanitizeUserArgs(70)) - ozone.scm.stale.node.interval value = 1000000 is larger than max = 100000 based on the key value of ozone.scm.heartbeat.thread.interval, reset to the max value 100000.
2019-10-17 07:41:12,772 [main] INFO  node.SCMNodeManager (SCMNodeManager.java:<init>(116)) - Entering startup safe mode.
2019-10-17 07:41:12,842 [main] INFO  algorithms.ContainerPlacementPolicyFactory (ContainerPlacementPolicyFactory.java:getPolicy(57)) - Create container placement policy of type org.apache.hadoop.hdds.scm.container.placement.algorithms.SCMContainerPlacementRandom
2019-10-17 07:41:12,855 [main] WARN  server.ServerUtils (ServerUtils.java:getScmDbDir(145)) - ozone.scm.db.dirs is not configured. We recommend adding this setting. Falling back to ozone.metadata.dirs instead.
2019-10-17 07:41:13,000 [main] INFO  pipeline.SCMPipelineManager (SCMPipelineManager.java:initializePipelineState(132)) - No pipeline exists in current db
2019-10-17 07:41:13,002 [main] WARN  server.ServerUtils (ServerUtils.java:getScmDbDir(145)) - ozone.scm.db.dirs is not configured. We recommend adding this setting. Falling back to ozone.metadata.dirs instead.
2019-10-17 07:41:13,204 [main] WARN  events.EventQueue (EventQueue.java:fireEvent(183)) - No event handler registered for event TypedEvent{payloadType=SafeModeStatus, name='SafeModeStatus'}
2019-10-17 07:41:13,584 [main] INFO  ipc.CallQueueManager (CallQueueManager.java:<init>(84)) - Using callQueue: class java.util.concurrent.LinkedBlockingQueue, queueCapacity: 2000, scheduler: class org.apache.hadoop.ipc.DefaultRpcScheduler, ipcBackoff: false.
2019-10-17 07:41:13,687 [Socket Reader #1 for port 36188] INFO  ipc.Server (Server.java:run(1074)) - Starting Socket Reader #1 for port 36188
2019-10-17 07:41:13,711 [main] INFO  ipc.CallQueueManager (CallQueueManager.java:<init>(84)) - Using callQueue: class java.util.concurrent.LinkedBlockingQueue, queueCapacity: 2000, scheduler: class org.apache.hadoop.ipc.DefaultRpcScheduler, ipcBackoff: false.
2019-10-17 07:41:13,712 [Socket Reader #1 for port 39645] INFO  ipc.Server (Server.java:run(1074)) - Starting Socket Reader #1 for port 39645
2019-10-17 07:41:13,721 [main] INFO  ipc.CallQueueManager (CallQueueManager.java:<init>(84)) - Using callQueue: class java.util.concurrent.LinkedBlockingQueue, queueCapacity: 2000, scheduler: class org.apache.hadoop.ipc.DefaultRpcScheduler, ipcBackoff: false.
2019-10-17 07:41:13,723 [Socket Reader #1 for port 46016] INFO  ipc.Server (Server.java:run(1074)) - Starting Socket Reader #1 for port 46016
2019-10-17 07:41:13,747 [main] INFO  hdfs.DFSUtil (DFSUtil.java:httpServerTemplateForNNAndJN(1641)) - Starting Web-server for scm at: http://0.0.0.0:0
2019-10-17 07:41:13,920 [main] INFO  server.AuthenticationFilter (AuthenticationFilter.java:constructSecretProvider(240)) - Unable to initialize FileSignerSecretProvider, falling back to use random secrets.
2019-10-17 07:41:13,930 [main] WARN  http.HttpRequestLog (HttpRequestLog.java:getRequestLog(97)) - Jetty request log can only be enabled using Log4j
2019-10-17 07:41:13,939 [main] INFO  http.HttpServer2 (HttpServer2.java:addGlobalFilter(975)) - Added global filter 'safety' (class=org.apache.hadoop.http.HttpServer2$QuotingInputFilter)
2019-10-17 07:41:13,942 [main] INFO  http.HttpServer2 (HttpServer2.java:addFilter(948)) - Added filter static_user_filter (class=org.apache.hadoop.http.lib.StaticUserWebFilter$StaticUserFilter) to context scm
2019-10-17 07:41:13,943 [main] INFO  http.HttpServer2 (HttpServer2.java:addFilter(958)) - Added filter static_user_filter (class=org.apache.hadoop.http.lib.StaticUserWebFilter$StaticUserFilter) to context static
2019-10-17 07:41:13,943 [main] INFO  http.HttpServer2 (HttpServer2.java:addFilter(958)) - Added filter static_user_filter (class=org.apache.hadoop.http.lib.StaticUserWebFilter$StaticUserFilter) to context logs
2019-10-17 07:41:13,981 [main] INFO  server.StorageContainerManager (StorageContainerManager.java:start(772)) - StorageContainerLocationProtocol RPC server is listening at /0.0.0.0:46016
2019-10-17 07:41:14,058 [main] WARN  impl.MetricsConfig (MetricsConfig.java:loadFirst(134)) - Cannot locate configuration: tried hadoop-metrics2-storagecontainermanager.properties,hadoop-metrics2.properties
2019-10-17 07:41:14,072 [main] INFO  impl.MetricsSystemImpl (MetricsSystemImpl.java:startTimer(374)) - Scheduled Metric snapshot period at 10 second(s).
2019-10-17 07:41:14,073 [main] INFO  impl.MetricsSystemImpl (MetricsSystemImpl.java:start(191)) - StorageContainerManager metrics system started
2019-10-17 07:41:14,318 [main] INFO  server.SCMClientProtocolServer (SCMClientProtocolServer.java:start(159)) - RPC server for Client  is listening at /0.0.0.0:46016
2019-10-17 07:41:14,319 [IPC Server Responder] INFO  ipc.Server (Server.java:run(1314)) - IPC Server Responder: starting
2019-10-17 07:41:14,319 [IPC Server listener on 46016] INFO  ipc.Server (Server.java:run(1153)) - IPC Server listener on 46016: starting
2019-10-17 07:41:14,321 [main] INFO  server.StorageContainerManager (StorageContainerManager.java:start(782)) - ScmBlockLocationProtocol RPC server is listening at /0.0.0.0:39645
2019-10-17 07:41:14,322 [main] INFO  server.SCMBlockProtocolServer (SCMBlockProtocolServer.java:start(146)) - RPC server for Block Protocol is listening at /0.0.0.0:39645
2019-10-17 07:41:14,322 [IPC Server Responder] INFO  ipc.Server (Server.java:run(1314)) - IPC Server Responder: starting
2019-10-17 07:41:14,323 [IPC Server listener on 39645] INFO  ipc.Server (Server.java:run(1153)) - IPC Server listener on 39645: starting
2019-10-17 07:41:14,325 [main] INFO  server.StorageContainerManager (StorageContainerManager.java:start(786)) - ScmDatanodeProtocl RPC server is listening at /0.0.0.0:36188
2019-10-17 07:41:14,325 [main] INFO  server.SCMDatanodeProtocolServer (SCMDatanodeProtocolServer.java:start(169)) - RPC server for DataNodes is listening at /0.0.0.0:36188
2019-10-17 07:41:14,326 [IPC Server Responder] INFO  ipc.Server (Server.java:run(1314)) - IPC Server Responder: starting
2019-10-17 07:41:14,326 [IPC Server listener on 36188] INFO  ipc.Server (Server.java:run(1153)) - IPC Server listener on 36188: starting
2019-10-17 07:41:14,329 [main] INFO  http.HttpServer2 (HttpServer2.java:bindListener(1191)) - Jetty bound to port 38327
2019-10-17 07:41:14,331 [main] INFO  server.Server (Server.java:doStart(351)) - jetty-9.3.25.v20180904, build timestamp: 2018-09-04T21:11:46Z, git hash: 3ce520221d0240229c862b122d2b06c12a625732
2019-10-17 07:41:14,367 [main] INFO  handler.ContextHandler (ContextHandler.java:doStart(781)) - Started o.e.j.s.ServletContextHandler@65fe9e33{/logs,file:///workdir/hadoop-ozone/integration-test/target/log,AVAILABLE}
2019-10-17 07:41:14,368 [main] INFO  handler.ContextHandler (ContextHandler.java:doStart(781)) - Started o.e.j.s.ServletContextHandler@42f8285e{/static,file:///workdir/hadoop-ozone/integration-test/target/test-classes/webapps/static,AVAILABLE}
2019-10-17 07:41:14,402 [main] INFO  handler.ContextHandler (ContextHandler.java:doStart(781)) - Started o.e.j.w.WebAppContext@3d6300e8{/,file:///workdir/hadoop-ozone/integration-test/target/test-classes/webapps/scm/,AVAILABLE}{/scm}
2019-10-17 07:41:14,408 [main] INFO  server.AbstractConnector (AbstractConnector.java:doStart(278)) - Started ServerConnector@3af4e0bf{HTTP/1.1,[http/1.1]}{0.0.0.0:38327}
2019-10-17 07:41:14,409 [main] INFO  server.Server (Server.java:doStart(419)) - Started @3123ms
2019-10-17 07:41:14,411 [main] INFO  impl.MetricsSinkAdapter (MetricsSinkAdapter.java:start(204)) - Sink prometheus started
2019-10-17 07:41:14,411 [main] INFO  impl.MetricsSystemImpl (MetricsSystemImpl.java:registerSink(301)) - Registered sink prometheus
2019-10-17 07:41:14,413 [main] INFO  server.BaseHttpServer (BaseHttpServer.java:updateConnectorAddress(215)) - HTTP server of SCM is listening at http://0.0.0.0:38327
2019-10-17 07:41:14,418 [org.apache.hadoop.util.JvmPauseMonitor$Monitor@1a2e2935] INFO  util.JvmPauseMonitor (JvmPauseMonitor.java:run(188)) - Starting JVM pause monitor
2019-10-17 07:41:14,421 [main] WARN  server.ServerUtils (ServerUtils.java:getDBPath(222)) - ozone.om.db.dirs is not configured. We recommend adding this setting. Falling back to ozone.metadata.dirs instead.
2019-10-17 07:41:14,535 [main] INFO  ha.OMHANodeDetails (OMHANodeDetails.java:loadOMHAConfig(190)) - Configuration either no ozone.om.address set. Falling back to the default OM address /127.0.0.1:0
2019-10-17 07:41:14,535 [main] INFO  ha.OMHANodeDetails (OMHANodeDetails.java:getOMNodeDetails(220)) - OM Service ID is not set. Setting it to the default ID: omServiceIdDefault
2019-10-17 07:41:14,537 [main] WARN  server.ServerUtils (ServerUtils.java:getDBPath(222)) - ozone.om.db.dirs is not configured. We recommend adding this setting. Falling back to ozone.metadata.dirs instead.
2019-10-17 07:41:14,538 [main] WARN  server.ServerUtils (ServerUtils.java:getDBPath(222)) - ozone.om.db.dirs is not configured. We recommend adding this setting. Falling back to ozone.metadata.dirs instead.
2019-10-17 07:41:15,128 [main] WARN  server.ServerUtils (ServerUtils.java:getDBPath(222)) - ozone.om.db.dirs is not configured. We recommend adding this setting. Falling back to ozone.metadata.dirs instead.
2019-10-17 07:41:15,135 [main] INFO  db.DBStoreBuilder (DBStoreBuilder.java:addTable(117)) - using custom profile for table: userTable
2019-10-17 07:41:15,135 [main] INFO  db.DBStoreBuilder (DBStoreBuilder.java:processTables(168)) - Using default column profile:DBProfile.DISK for Table:userTable
2019-10-17 07:41:15,135 [main] INFO  db.DBStoreBuilder (DBStoreBuilder.java:addTable(117)) - using custom profile for table: volumeTable
2019-10-17 07:41:15,136 [main] INFO  db.DBStoreBuilder (DBStoreBuilder.java:processTables(168)) - Using default column profile:DBProfile.DISK for Table:volumeTable
2019-10-17 07:41:15,136 [main] INFO  db.DBStoreBuilder (DBStoreBuilder.java:addTable(117)) - using custom profile for table: bucketTable
2019-10-17 07:41:15,136 [main] INFO  db.DBStoreBuilder (DBStoreBuilder.java:processTables(168)) - Using default column profile:DBProfile.DISK for Table:bucketTable
2019-10-17 07:41:15,136 [main] INFO  db.DBStoreBuilder (DBStoreBuilder.java:addTable(117)) - using custom profile for table: keyTable
2019-10-17 07:41:15,136 [main] INFO  db.DBStoreBuilder (DBStoreBuilder.java:processTables(168)) - Using default column profile:DBProfile.DISK for Table:keyTable
2019-10-17 07:41:15,137 [main] INFO  db.DBStoreBuilder (DBStoreBuilder.java:addTable(117)) - using custom profile for table: deletedTable
2019-10-17 07:41:15,137 [main] INFO  db.DBStoreBuilder (DBStoreBuilder.java:processTables(168)) - Using default column profile:DBProfile.DISK for Table:deletedTable
2019-10-17 07:41:15,137 [main] INFO  db.DBStoreBuilder (DBStoreBuilder.java:addTable(117)) - using custom profile for table: openKeyTable
2019-10-17 07:41:15,137 [main] INFO  db.DBStoreBuilder (DBStoreBuilder.java:processTables(168)) - Using default column profile:DBProfile.DISK for Table:openKeyTable
2019-10-17 07:41:15,137 [main] INFO  db.DBStoreBuilder (DBStoreBuilder.java:addTable(117)) - using custom profile for table: s3Table
2019-10-17 07:41:15,137 [main] INFO  db.DBStoreBuilder (DBStoreBuilder.java:processTables(168)) - Using default column profile:DBProfile.DISK for Table:s3Table
2019-10-17 07:41:15,138 [main] INFO  db.DBStoreBuilder (DBStoreBuilder.java:addTable(117)) - using custom profile for table: multipartInfoTable
2019-10-17 07:41:15,138 [main] INFO  db.DBStoreBuilder (DBStoreBuilder.java:processTables(168)) - Using default column profile:DBProfile.DISK for Table:multipartInfoTable
2019-10-17 07:41:15,138 [main] INFO  db.DBStoreBuilder (DBStoreBuilder.java:addTable(117)) - using custom profile for table: dTokenTable
2019-10-17 07:41:15,138 [main] INFO  db.DBStoreBuilder (DBStoreBuilder.java:processTables(168)) - Using default column profile:DBProfile.DISK for Table:dTokenTable
2019-10-17 07:41:15,139 [main] INFO  db.DBStoreBuilder (DBStoreBuilder.java:addTable(117)) - using custom profile for table: s3SecretTable
2019-10-17 07:41:15,139 [main] INFO  db.DBStoreBuilder (DBStoreBuilder.java:processTables(168)) - Using default column profile:DBProfile.DISK for Table:s3SecretTable
2019-10-17 07:41:15,139 [main] INFO  db.DBStoreBuilder (DBStoreBuilder.java:addTable(117)) - using custom profile for table: prefixTable
2019-10-17 07:41:15,139 [main] INFO  db.DBStoreBuilder (DBStoreBuilder.java:processTables(168)) - Using default column profile:DBProfile.DISK for Table:prefixTable
2019-10-17 07:41:15,139 [main] INFO  db.DBStoreBuilder (DBStoreBuilder.java:addTable(117)) - using custom profile for table: default
2019-10-17 07:41:15,139 [main] INFO  db.DBStoreBuilder (DBStoreBuilder.java:processTables(174)) - Using default column profile:DBProfile.DISK for Table:default
2019-10-17 07:41:15,140 [main] INFO  db.DBStoreBuilder (DBStoreBuilder.java:getDbProfile(205)) - Using default options. DBProfile.DISK
2019-10-17 07:41:15,955 [main] INFO  ipc.CallQueueManager (CallQueueManager.java:<init>(84)) - Using callQueue: class java.util.concurrent.LinkedBlockingQueue, queueCapacity: 2000, scheduler: class org.apache.hadoop.ipc.DefaultRpcScheduler, ipcBackoff: false.
2019-10-17 07:41:15,956 [Socket Reader #1 for port 40555] INFO  ipc.Server (Server.java:run(1074)) - Starting Socket Reader #1 for port 40555
2019-10-17 07:41:15,983 [main] INFO  om.OzoneManager (OzoneManager.java:start(1071)) - OzoneManager RPC server is listening at localhost/127.0.0.1:40555
2019-10-17 07:41:15,983 [main] INFO  impl.MetricsSystemImpl (MetricsSystemImpl.java:init(158)) - OzoneManager metrics system started (again)
2019-10-17 07:41:15,995 [IPC Server Responder] INFO  ipc.Server (Server.java:run(1314)) - IPC Server Responder: starting
2019-10-17 07:41:15,995 [IPC Server listener on 40555] INFO  ipc.Server (Server.java:run(1153)) - IPC Server listener on 40555: starting
2019-10-17 07:41:16,004 [main] INFO  hdfs.DFSUtil (DFSUtil.java:httpServerTemplateForNNAndJN(1641)) - Starting Web-server for ozoneManager at: http://0.0.0.0:0
2019-10-17 07:41:16,007 [main] INFO  server.AuthenticationFilter (AuthenticationFilter.java:constructSecretProvider(240)) - Unable to initialize FileSignerSecretProvider, falling back to use random secrets.
2019-10-17 07:41:16,008 [main] WARN  http.HttpRequestLog (HttpRequestLog.java:getRequestLog(97)) - Jetty request log can only be enabled using Log4j
2019-10-17 07:41:16,010 [main] INFO  http.HttpServer2 (HttpServer2.java:addGlobalFilter(975)) - Added global filter 'safety' (class=org.apache.hadoop.http.HttpServer2$QuotingInputFilter)
2019-10-17 07:41:16,011 [main] INFO  http.HttpServer2 (HttpServer2.java:addFilter(948)) - Added filter static_user_filter (class=org.apache.hadoop.http.lib.StaticUserWebFilter$StaticUserFilter) to context ozoneManager
2019-10-17 07:41:16,011 [main] INFO  http.HttpServer2 (HttpServer2.java:addFilter(958)) - Added filter static_user_filter (class=org.apache.hadoop.http.lib.StaticUserWebFilter$StaticUserFilter) to context static
2019-10-17 07:41:16,011 [main] INFO  http.HttpServer2 (HttpServer2.java:addFilter(958)) - Added filter static_user_filter (class=org.apache.hadoop.http.lib.StaticUserWebFilter$StaticUserFilter) to context logs
2019-10-17 07:41:16,014 [main] INFO  http.HttpServer2 (HttpServer2.java:bindListener(1191)) - Jetty bound to port 41991
2019-10-17 07:41:16,014 [main] INFO  server.Server (Server.java:doStart(351)) - jetty-9.3.25.v20180904, build timestamp: 2018-09-04T21:11:46Z, git hash: 3ce520221d0240229c862b122d2b06c12a625732
2019-10-17 07:41:16,016 [main] INFO  handler.ContextHandler (ContextHandler.java:doStart(781)) - Started o.e.j.s.ServletContextHandler@368d5c00{/logs,file:///workdir/hadoop-ozone/integration-test/target/log,AVAILABLE}
2019-10-17 07:41:16,017 [main] INFO  handler.ContextHandler (ContextHandler.java:doStart(781)) - Started o.e.j.s.ServletContextHandler@aa10649{/static,file:///workdir/hadoop-ozone/integration-test/target/test-classes/webapps/static,AVAILABLE}
2019-10-17 07:41:16,022 [main] INFO  handler.ContextHandler (ContextHandler.java:doStart(781)) - Started o.e.j.w.WebAppContext@41aaedaa{/,file:///workdir/hadoop-ozone/integration-test/target/test-classes/webapps/ozoneManager/,AVAILABLE}{/ozoneManager}
2019-10-17 07:41:16,023 [main] INFO  server.AbstractConnector (AbstractConnector.java:doStart(278)) - Started ServerConnector@303a5119{HTTP/1.1,[http/1.1]}{0.0.0.0:41991}
2019-10-17 07:41:16,024 [main] INFO  server.Server (Server.java:doStart(419)) - Started @4738ms
2019-10-17 07:41:16,024 [main] WARN  impl.MetricsSystemImpl (MetricsSystemImpl.java:register(276)) - Sink prometheus already exists!
2019-10-17 07:41:16,025 [main] INFO  server.BaseHttpServer (BaseHttpServer.java:updateConnectorAddress(215)) - HTTP server of OZONEMANAGER is listening at http://0.0.0.0:41991
2019-10-17 07:41:16,270 [main] INFO  impl.MetricsSystemImpl (MetricsSystemImpl.java:init(158)) - HddsDatanode metrics system started (again)
2019-10-17 07:41:16,333 [main] INFO  ozone.HddsDatanodeService (HddsDatanodeService.java:start(184)) - HddsDatanodeService host:pr-hdds-2283-cnrrq-1638407854 ip:192.168.164.211
2019-10-17 07:41:16,365 [main] INFO  volume.HddsVolume (HddsVolume.java:<init>(176)) - Creating Volume: /workdir/hadoop-ozone/integration-test/target/test-dir/MiniOzoneClusterImpl-e6097d48-8480-4a37-8188-3862b7c67c50/datanode-0/data/containers/hdds of  storage type : DISK and capacity : 1482555576320
2019-10-17 07:41:16,367 [main] INFO  volume.VolumeSet (VolumeSet.java:initializeVolumeSet(170)) - Added Volume : /workdir/hadoop-ozone/integration-test/target/test-dir/MiniOzoneClusterImpl-e6097d48-8480-4a37-8188-3862b7c67c50/datanode-0/data/containers/hdds to VolumeSet
2019-10-17 07:41:16,370 [main] INFO  volume.ThrottledAsyncChecker (ThrottledAsyncChecker.java:schedule(141)) - Scheduling a check for /workdir/hadoop-ozone/integration-test/target/test-dir/MiniOzoneClusterImpl-e6097d48-8480-4a37-8188-3862b7c67c50/datanode-0/data/containers/hdds
2019-10-17 07:41:16,386 [main] INFO  volume.HddsVolumeChecker (HddsVolumeChecker.java:checkAllVolumes(204)) - Scheduled health check for volume /workdir/hadoop-ozone/integration-test/target/test-dir/MiniOzoneClusterImpl-e6097d48-8480-4a37-8188-3862b7c67c50/datanode-0/data/containers/hdds
2019-10-17 07:41:16,503 [main] INFO  impl.RaftServerProxy (ConfUtils.java:logGet(43)) - raft.rpc.type = GRPC (default)
2019-10-17 07:41:16,565 [main] INFO  grpc.GrpcFactory (GrpcFactory.java:checkPooledByteBufAllocatorUseCacheForAllThreads(45)) - PERFORMANCE WARNING: useCacheForAllThreads is true that may cause Netty to create a lot garbage objects and, as a result, trigger GC.
	It is recommended to disable useCacheForAllThreads by setting -Dorg.apache.ratis.thirdparty.io.netty.allocator.useCacheForAllThreads=false in command line.
2019-10-17 07:41:16,570 [main] INFO  grpc.GrpcConfigKeys$Server (ConfUtils.java:logGet(43)) - raft.grpc.server.port = 0 (default)
2019-10-17 07:41:16,570 [main] INFO  server.GrpcService (ConfUtils.java:logGet(43)) - raft.grpc.message.size.max = 33570816 (custom)
2019-10-17 07:41:16,572 [main] INFO  server.RaftServerConfigKeys (ConfUtils.java:logGet(43)) - raft.server.log.appender.buffer.byte-limit = 33554432 (custom)
2019-10-17 07:41:16,573 [main] INFO  server.GrpcService (ConfUtils.java:logGet(43)) - raft.grpc.flow.control.window = 1MB (=1048576) (default)
2019-10-17 07:41:16,573 [main] INFO  server.RaftServerConfigKeys (ConfUtils.java:logGet(43)) - raft.server.rpc.request.timeout = 3000ms (default)
2019-10-17 07:41:16,734 [main] INFO  server.RaftServerConfigKeys (ConfUtils.java:logGet(43)) - raft.server.storage.dir = [/workdir/hadoop-ozone/integration-test/target/test-dir/MiniOzoneClusterImpl-e6097d48-8480-4a37-8188-3862b7c67c50/datanode-0/data/ratis] (custom)
2019-10-17 07:41:16,785 [main] INFO  hdfs.DFSUtil (DFSUtil.java:httpServerTemplateForNNAndJN(1641)) - Starting Web-server for hddsDatanode at: http://0.0.0.0:0
2019-10-17 07:41:16,787 [main] INFO  server.AuthenticationFilter (AuthenticationFilter.java:constructSecretProvider(240)) - Unable to initialize FileSignerSecretProvider, falling back to use random secrets.
2019-10-17 07:41:16,788 [main] WARN  http.HttpRequestLog (HttpRequestLog.java:getRequestLog(97)) - Jetty request log can only be enabled using Log4j
2019-10-17 07:41:16,790 [main] INFO  http.HttpServer2 (HttpServer2.java:addGlobalFilter(975)) - Added global filter 'safety' (class=org.apache.hadoop.http.HttpServer2$QuotingInputFilter)
2019-10-17 07:41:16,791 [main] INFO  http.HttpServer2 (HttpServer2.java:addFilter(948)) - Added filter static_user_filter (class=org.apache.hadoop.http.lib.StaticUserWebFilter$StaticUserFilter) to context hddsDatanode
2019-10-17 07:41:16,791 [main] INFO  http.HttpServer2 (HttpServer2.java:addFilter(958)) - Added filter static_user_filter (class=org.apache.hadoop.http.lib.StaticUserWebFilter$StaticUserFilter) to context static
2019-10-17 07:41:16,791 [main] INFO  http.HttpServer2 (HttpServer2.java:addFilter(958)) - Added filter static_user_filter (class=org.apache.hadoop.http.lib.StaticUserWebFilter$StaticUserFilter) to context logs
2019-10-17 07:41:16,792 [main] INFO  http.HttpServer2 (HttpServer2.java:bindListener(1191)) - Jetty bound to port 40107
2019-10-17 07:41:16,792 [main] INFO  server.Server (Server.java:doStart(351)) - jetty-9.3.25.v20180904, build timestamp: 2018-09-04T21:11:46Z, git hash: 3ce520221d0240229c862b122d2b06c12a625732
2019-10-17 07:41:16,795 [main] INFO  handler.ContextHandler (ContextHandler.java:doStart(781)) - Started o.e.j.s.ServletContextHandler@46185a1b{/logs,file:///workdir/hadoop-ozone/integration-test/target/log,AVAILABLE}
2019-10-17 07:41:16,795 [main] INFO  handler.ContextHandler (ContextHandler.java:doStart(781)) - Started o.e.j.s.ServletContextHandler@60cf62ad{/static,jar:file:/home/user/.m2/repository/org/apache/hadoop/hadoop-hdds-container-service/0.5.0-SNAPSHOT/hadoop-hdds-container-service-0.5.0-SNAPSHOT.jar!/webapps/static,AVAILABLE}
2019-10-17 07:41:16,830 [main] INFO  handler.ContextHandler (ContextHandler.java:doStart(781)) - Started o.e.j.w.WebAppContext@1aabf50d{/,file:///tmp/jetty-0.0.0.0-40107-hddsDatanode-_-any-8442023467184998111.dir/webapp/,AVAILABLE}{/hddsDatanode}
2019-10-17 07:41:16,830 [main] INFO  server.AbstractConnector (AbstractConnector.java:doStart(278)) - Started ServerConnector@73c9e8e8{HTTP/1.1,[http/1.1]}{0.0.0.0:40107}
2019-10-17 07:41:16,832 [main] INFO  server.Server (Server.java:doStart(419)) - Started @5546ms
2019-10-17 07:41:16,832 [main] WARN  impl.MetricsSystemImpl (MetricsSystemImpl.java:register(276)) - Sink prometheus already exists!
2019-10-17 07:41:16,833 [main] INFO  server.BaseHttpServer (BaseHttpServer.java:updateConnectorAddress(215)) - HTTP server of HDDSDATANODE is listening at http://0.0.0.0:40107
2019-10-17 07:41:16,834 [main] INFO  impl.MetricsSystemImpl (MetricsSystemImpl.java:init(158)) - HddsDatanode metrics system started (again)
2019-10-17 07:41:16,837 [main] INFO  ozone.HddsDatanodeService (HddsDatanodeService.java:start(184)) - HddsDatanodeService host:pr-hdds-2283-cnrrq-1638407854 ip:192.168.164.211
2019-10-17 07:41:16,839 [org.apache.hadoop.util.JvmPauseMonitor$Monitor@53a5a503] INFO  util.JvmPauseMonitor (JvmPauseMonitor.java:run(188)) - Starting JVM pause monitor
2019-10-17 07:41:16,846 [main] INFO  volume.HddsVolume (HddsVolume.java:<init>(176)) - Creating Volume: /workdir/hadoop-ozone/integration-test/target/test-dir/MiniOzoneClusterImpl-e6097d48-8480-4a37-8188-3862b7c67c50/datanode-1/data/containers/hdds of  storage type : DISK and capacity : 1482555576320
2019-10-17 07:41:16,847 [main] INFO  volume.VolumeSet (VolumeSet.java:initializeVolumeSet(170)) - Added Volume : /workdir/hadoop-ozone/integration-test/target/test-dir/MiniOzoneClusterImpl-e6097d48-8480-4a37-8188-3862b7c67c50/datanode-1/data/containers/hdds to VolumeSet
2019-10-17 07:41:16,848 [main] INFO  volume.ThrottledAsyncChecker (ThrottledAsyncChecker.java:schedule(141)) - Scheduling a check for /workdir/hadoop-ozone/integration-test/target/test-dir/MiniOzoneClusterImpl-e6097d48-8480-4a37-8188-3862b7c67c50/datanode-1/data/containers/hdds
2019-10-17 07:41:16,848 [main] INFO  volume.HddsVolumeChecker (HddsVolumeChecker.java:checkAllVolumes(204)) - Scheduled health check for volume /workdir/hadoop-ozone/integration-test/target/test-dir/MiniOzoneClusterImpl-e6097d48-8480-4a37-8188-3862b7c67c50/datanode-1/data/containers/hdds
2019-10-17 07:41:16,868 [main] INFO  impl.RaftServerProxy (ConfUtils.java:logGet(43)) - raft.rpc.type = GRPC (default)
2019-10-17 07:41:16,869 [main] INFO  grpc.GrpcFactory (GrpcFactory.java:checkPooledByteBufAllocatorUseCacheForAllThreads(45)) - PERFORMANCE WARNING: useCacheForAllThreads is true that may cause Netty to create a lot garbage objects and, as a result, trigger GC.
	It is recommended to disable useCacheForAllThreads by setting -Dorg.apache.ratis.thirdparty.io.netty.allocator.useCacheForAllThreads=false in command line.
2019-10-17 07:41:16,869 [main] INFO  grpc.GrpcConfigKeys$Server (ConfUtils.java:logGet(43)) - raft.grpc.server.port = 0 (default)
2019-10-17 07:41:16,869 [main] INFO  server.GrpcService (ConfUtils.java:logGet(43)) - raft.grpc.message.size.max = 33570816 (custom)
2019-10-17 07:41:16,870 [main] INFO  server.RaftServerConfigKeys (ConfUtils.java:logGet(43)) - raft.server.log.appender.buffer.byte-limit = 33554432 (custom)
2019-10-17 07:41:16,870 [main] INFO  server.GrpcService (ConfUtils.java:logGet(43)) - raft.grpc.flow.control.window = 1MB (=1048576) (default)
2019-10-17 07:41:16,870 [main] INFO  server.RaftServerConfigKeys (ConfUtils.java:logGet(43)) - raft.server.rpc.request.timeout = 3000ms (default)
2019-10-17 07:41:16,872 [main] INFO  server.RaftServerConfigKeys (ConfUtils.java:logGet(43)) - raft.server.storage.dir = [/workdir/hadoop-ozone/integration-test/target/test-dir/MiniOzoneClusterImpl-e6097d48-8480-4a37-8188-3862b7c67c50/datanode-1/data/ratis] (custom)
2019-10-17 07:41:16,874 [main] INFO  hdfs.DFSUtil (DFSUtil.java:httpServerTemplateForNNAndJN(1641)) - Starting Web-server for hddsDatanode at: http://0.0.0.0:0
2019-10-17 07:41:16,876 [main] INFO  server.AuthenticationFilter (AuthenticationFilter.java:constructSecretProvider(240)) - Unable to initialize FileSignerSecretProvider, falling back to use random secrets.
2019-10-17 07:41:16,876 [main] WARN  http.HttpRequestLog (HttpRequestLog.java:getRequestLog(97)) - Jetty request log can only be enabled using Log4j
2019-10-17 07:41:16,879 [main] INFO  http.HttpServer2 (HttpServer2.java:addGlobalFilter(975)) - Added global filter 'safety' (class=org.apache.hadoop.http.HttpServer2$QuotingInputFilter)
2019-10-17 07:41:16,879 [main] INFO  http.HttpServer2 (HttpServer2.java:addFilter(948)) - Added filter static_user_filter (class=org.apache.hadoop.http.lib.StaticUserWebFilter$StaticUserFilter) to context hddsDatanode
2019-10-17 07:41:16,880 [main] INFO  http.HttpServer2 (HttpServer2.java:addFilter(958)) - Added filter static_user_filter (class=org.apache.hadoop.http.lib.StaticUserWebFilter$StaticUserFilter) to context logs
2019-10-17 07:41:16,880 [main] INFO  http.HttpServer2 (HttpServer2.java:addFilter(958)) - Added filter static_user_filter (class=org.apache.hadoop.http.lib.StaticUserWebFilter$StaticUserFilter) to context static
2019-10-17 07:41:16,881 [main] INFO  http.HttpServer2 (HttpServer2.java:bindListener(1191)) - Jetty bound to port 36103
2019-10-17 07:41:16,881 [main] INFO  server.Server (Server.java:doStart(351)) - jetty-9.3.25.v20180904, build timestamp: 2018-09-04T21:11:46Z, git hash: 3ce520221d0240229c862b122d2b06c12a625732
2019-10-17 07:41:16,885 [main] INFO  handler.ContextHandler (ContextHandler.java:doStart(781)) - Started o.e.j.s.ServletContextHandler@6a472566{/logs,file:///workdir/hadoop-ozone/integration-test/target/log,AVAILABLE}
2019-10-17 07:41:16,886 [main] INFO  handler.ContextHandler (ContextHandler.java:doStart(781)) - Started o.e.j.s.ServletContextHandler@5e65afb6{/static,jar:file:/home/user/.m2/repository/org/apache/hadoop/hadoop-hdds-container-service/0.5.0-SNAPSHOT/hadoop-hdds-container-service-0.5.0-SNAPSHOT.jar!/webapps/static,AVAILABLE}
2019-10-17 07:41:16,923 [main] INFO  handler.ContextHandler (ContextHandler.java:doStart(781)) - Started o.e.j.w.WebAppContext@5c77ba8f{/,file:///tmp/jetty-0.0.0.0-36103-hddsDatanode-_-any-6623746820857306549.dir/webapp/,AVAILABLE}{/hddsDatanode}
2019-10-17 07:41:16,924 [main] INFO  server.AbstractConnector (AbstractConnector.java:doStart(278)) - Started ServerConnector@660f0c{HTTP/1.1,[http/1.1]}{0.0.0.0:36103}
2019-10-17 07:41:16,925 [main] INFO  server.Server (Server.java:doStart(419)) - Started @5639ms
2019-10-17 07:41:16,925 [main] WARN  impl.MetricsSystemImpl (MetricsSystemImpl.java:register(276)) - Sink prometheus already exists!
2019-10-17 07:41:16,926 [main] INFO  server.BaseHttpServer (BaseHttpServer.java:updateConnectorAddress(215)) - HTTP server of HDDSDATANODE is listening at http://0.0.0.0:36103
2019-10-17 07:41:16,927 [main] INFO  impl.MetricsSystemImpl (MetricsSystemImpl.java:init(158)) - HddsDatanode metrics system started (again)
2019-10-17 07:41:16,930 [main] INFO  ozone.HddsDatanodeService (HddsDatanodeService.java:start(184)) - HddsDatanodeService host:pr-hdds-2283-cnrrq-1638407854 ip:192.168.164.211
2019-10-17 07:41:16,930 [org.apache.hadoop.util.JvmPauseMonitor$Monitor@f7c2add] INFO  util.JvmPauseMonitor (JvmPauseMonitor.java:run(188)) - Starting JVM pause monitor
2019-10-17 07:41:16,939 [main] INFO  volume.HddsVolume (HddsVolume.java:<init>(176)) - Creating Volume: /workdir/hadoop-ozone/integration-test/target/test-dir/MiniOzoneClusterImpl-e6097d48-8480-4a37-8188-3862b7c67c50/datanode-2/data/containers/hdds of  storage type : DISK and capacity : 1482555576320
2019-10-17 07:41:16,940 [main] INFO  volume.VolumeSet (VolumeSet.java:initializeVolumeSet(170)) - Added Volume : /workdir/hadoop-ozone/integration-test/target/test-dir/MiniOzoneClusterImpl-e6097d48-8480-4a37-8188-3862b7c67c50/datanode-2/data/containers/hdds to VolumeSet
2019-10-17 07:41:16,940 [main] INFO  volume.ThrottledAsyncChecker (ThrottledAsyncChecker.java:schedule(141)) - Scheduling a check for /workdir/hadoop-ozone/integration-test/target/test-dir/MiniOzoneClusterImpl-e6097d48-8480-4a37-8188-3862b7c67c50/datanode-2/data/containers/hdds
2019-10-17 07:41:16,941 [main] INFO  volume.HddsVolumeChecker (HddsVolumeChecker.java:checkAllVolumes(204)) - Scheduled health check for volume /workdir/hadoop-ozone/integration-test/target/test-dir/MiniOzoneClusterImpl-e6097d48-8480-4a37-8188-3862b7c67c50/datanode-2/data/containers/hdds
2019-10-17 07:41:16,954 [main] INFO  impl.RaftServerProxy (ConfUtils.java:logGet(43)) - raft.rpc.type = GRPC (default)
2019-10-17 07:41:16,954 [main] INFO  grpc.GrpcFactory (GrpcFactory.java:checkPooledByteBufAllocatorUseCacheForAllThreads(45)) - PERFORMANCE WARNING: useCacheForAllThreads is true that may cause Netty to create a lot garbage objects and, as a result, trigger GC.
	It is recommended to disable useCacheForAllThreads by setting -Dorg.apache.ratis.thirdparty.io.netty.allocator.useCacheForAllThreads=false in command line.
2019-10-17 07:41:16,954 [main] INFO  grpc.GrpcConfigKeys$Server (ConfUtils.java:logGet(43)) - raft.grpc.server.port = 0 (default)
2019-10-17 07:41:16,955 [main] INFO  server.GrpcService (ConfUtils.java:logGet(43)) - raft.grpc.message.size.max = 33570816 (custom)
2019-10-17 07:41:16,955 [main] INFO  server.RaftServerConfigKeys (ConfUtils.java:logGet(43)) - raft.server.log.appender.buffer.byte-limit = 33554432 (custom)
2019-10-17 07:41:16,955 [main] INFO  server.GrpcService (ConfUtils.java:logGet(43)) - raft.grpc.flow.control.window = 1MB (=1048576) (default)
2019-10-17 07:41:16,955 [main] INFO  server.RaftServerConfigKeys (ConfUtils.java:logGet(43)) - raft.server.rpc.request.timeout = 3000ms (default)
2019-10-17 07:41:16,956 [main] INFO  server.RaftServerConfigKeys (ConfUtils.java:logGet(43)) - raft.server.storage.dir = [/workdir/hadoop-ozone/integration-test/target/test-dir/MiniOzoneClusterImpl-e6097d48-8480-4a37-8188-3862b7c67c50/datanode-2/data/ratis] (custom)
2019-10-17 07:41:16,958 [main] INFO  hdfs.DFSUtil (DFSUtil.java:httpServerTemplateForNNAndJN(1641)) - Starting Web-server for hddsDatanode at: http://0.0.0.0:0
2019-10-17 07:41:16,960 [main] INFO  server.AuthenticationFilter (AuthenticationFilter.java:constructSecretProvider(240)) - Unable to initialize FileSignerSecretProvider, falling back to use random secrets.
2019-10-17 07:41:16,960 [main] WARN  http.HttpRequestLog (HttpRequestLog.java:getRequestLog(97)) - Jetty request log can only be enabled using Log4j
2019-10-17 07:41:16,962 [main] INFO  http.HttpServer2 (HttpServer2.java:addGlobalFilter(975)) - Added global filter 'safety' (class=org.apache.hadoop.http.HttpServer2$QuotingInputFilter)
2019-10-17 07:41:16,963 [main] INFO  http.HttpServer2 (HttpServer2.java:addFilter(948)) - Added filter static_user_filter (class=org.apache.hadoop.http.lib.StaticUserWebFilter$StaticUserFilter) to context hddsDatanode
2019-10-17 07:41:16,963 [main] INFO  http.HttpServer2 (HttpServer2.java:addFilter(958)) - Added filter static_user_filter (class=org.apache.hadoop.http.lib.StaticUserWebFilter$StaticUserFilter) to context static
2019-10-17 07:41:16,963 [main] INFO  http.HttpServer2 (HttpServer2.java:addFilter(958)) - Added filter static_user_filter (class=org.apache.hadoop.http.lib.StaticUserWebFilter$StaticUserFilter) to context logs
2019-10-17 07:41:16,964 [main] INFO  http.HttpServer2 (HttpServer2.java:bindListener(1191)) - Jetty bound to port 44125
2019-10-17 07:41:16,964 [main] INFO  server.Server (Server.java:doStart(351)) - jetty-9.3.25.v20180904, build timestamp: 2018-09-04T21:11:46Z, git hash: 3ce520221d0240229c862b122d2b06c12a625732
2019-10-17 07:41:16,966 [main] INFO  handler.ContextHandler (ContextHandler.java:doStart(781)) - Started o.e.j.s.ServletContextHandler@6920614{/logs,file:///workdir/hadoop-ozone/integration-test/target/log,AVAILABLE}
2019-10-17 07:41:16,967 [main] INFO  handler.ContextHandler (ContextHandler.java:doStart(781)) - Started o.e.j.s.ServletContextHandler@5fa23c{/static,jar:file:/home/user/.m2/repository/org/apache/hadoop/hadoop-hdds-container-service/0.5.0-SNAPSHOT/hadoop-hdds-container-service-0.5.0-SNAPSHOT.jar!/webapps/static,AVAILABLE}
2019-10-17 07:41:16,979 [Datanode State Machine Thread - 0] INFO  datanode.InitDatanodeState (InitDatanodeState.java:persistContainerDatanodeDetails(140)) - DatanodeDetails is persisted to /workdir/hadoop-ozone/integration-test/target/test-dir/MiniOzoneClusterImpl-e6097d48-8480-4a37-8188-3862b7c67c50/datanode-0/meta/datanode.id
2019-10-17 07:41:16,984 [Datanode State Machine Thread - 0] INFO  datanode.InitDatanodeState (InitDatanodeState.java:persistContainerDatanodeDetails(140)) - DatanodeDetails is persisted to /workdir/hadoop-ozone/integration-test/target/test-dir/MiniOzoneClusterImpl-e6097d48-8480-4a37-8188-3862b7c67c50/datanode-1/meta/datanode.id
2019-10-17 07:41:16,999 [main] INFO  handler.ContextHandler (ContextHandler.java:doStart(781)) - Started o.e.j.w.WebAppContext@7a0e7ecd{/,file:///tmp/jetty-0.0.0.0-44125-hddsDatanode-_-any-2497901832658101813.dir/webapp/,AVAILABLE}{/hddsDatanode}
2019-10-17 07:41:17,000 [main] INFO  server.AbstractConnector (AbstractConnector.java:doStart(278)) - Started ServerConnector@54e3658c{HTTP/1.1,[http/1.1]}{0.0.0.0:44125}
2019-10-17 07:41:17,000 [main] INFO  server.Server (Server.java:doStart(419)) - Started @5715ms
2019-10-17 07:41:17,000 [main] WARN  impl.MetricsSystemImpl (MetricsSystemImpl.java:register(276)) - Sink prometheus already exists!
2019-10-17 07:41:17,002 [main] INFO  server.BaseHttpServer (BaseHttpServer.java:updateConnectorAddress(215)) - HTTP server of HDDSDATANODE is listening at http://0.0.0.0:44125
2019-10-17 07:41:17,004 [main] INFO  ozone.MiniOzoneClusterImpl (MiniOzoneClusterImpl.java:lambda$waitForClusterToBeReady$0(147)) - Waiting for cluster to be ready. Got 0 of 3 DN Heartbeats.
2019-10-17 07:41:17,005 [org.apache.hadoop.util.JvmPauseMonitor$Monitor@2d4708eb] INFO  util.JvmPauseMonitor (JvmPauseMonitor.java:run(188)) - Starting JVM pause monitor
2019-10-17 07:41:17,009 [Datanode State Machine Thread - 0] INFO  datanode.InitDatanodeState (InitDatanodeState.java:persistContainerDatanodeDetails(140)) - DatanodeDetails is persisted to /workdir/hadoop-ozone/integration-test/target/test-dir/MiniOzoneClusterImpl-e6097d48-8480-4a37-8188-3862b7c67c50/datanode-2/meta/datanode.id
2019-10-17 07:41:18,005 [main] INFO  ozone.MiniOzoneClusterImpl (MiniOzoneClusterImpl.java:lambda$waitForClusterToBeReady$0(147)) - Waiting for cluster to be ready. Got 0 of 3 DN Heartbeats.
2019-10-17 07:41:18,944 [Datanode State Machine Thread - 0] INFO  ozoneimpl.OzoneContainer (OzoneContainer.java:start(213)) - Attempting to start container services.
2019-10-17 07:41:18,947 [Datanode State Machine Thread - 0] INFO  ozoneimpl.OzoneContainer (OzoneContainer.java:startContainerScrub(177)) - Background container scanner has been disabled.
2019-10-17 07:41:18,947 [Datanode State Machine Thread - 0] INFO  ratis.XceiverServerRatis (XceiverServerRatis.java:start(418)) - Starting XceiverServerRatis 722c44df-b170-4eeb-abb4-8ab07bb69a54 at port 0
2019-10-17 07:41:18,966 [Datanode State Machine Thread - 0] INFO  ozoneimpl.OzoneContainer (OzoneContainer.java:start(213)) - Attempting to start container services.
2019-10-17 07:41:18,971 [Datanode State Machine Thread - 0] INFO  ozoneimpl.OzoneContainer (OzoneContainer.java:startContainerScrub(177)) - Background container scanner has been disabled.
2019-10-17 07:41:18,971 [Datanode State Machine Thread - 0] INFO  ratis.XceiverServerRatis (XceiverServerRatis.java:start(418)) - Starting XceiverServerRatis 6ea7cc1b-6dd1-4a6f-b526-a2c2472221ee at port 0
2019-10-17 07:41:18,977 [Datanode State Machine Thread - 0] INFO  impl.RaftServerProxy (RaftServerProxy.java:lambda$start$3(299)) - 722c44df-b170-4eeb-abb4-8ab07bb69a54: start RPC server
2019-10-17 07:41:18,984 [Datanode State Machine Thread - 0] INFO  impl.RaftServerProxy (RaftServerProxy.java:lambda$start$3(299)) - 6ea7cc1b-6dd1-4a6f-b526-a2c2472221ee: start RPC server
2019-10-17 07:41:19,006 [main] INFO  ozone.MiniOzoneClusterImpl (MiniOzoneClusterImpl.java:lambda$waitForClusterToBeReady$0(147)) - Waiting for cluster to be ready. Got 0 of 3 DN Heartbeats.
2019-10-17 07:41:19,033 [Datanode State Machine Thread - 0] INFO  ozoneimpl.OzoneContainer (OzoneContainer.java:start(213)) - Attempting to start container services.
2019-10-17 07:41:19,035 [Datanode State Machine Thread - 0] INFO  ozoneimpl.OzoneContainer (OzoneContainer.java:startContainerScrub(177)) - Background container scanner has been disabled.
2019-10-17 07:41:19,035 [Datanode State Machine Thread - 0] INFO  ratis.XceiverServerRatis (XceiverServerRatis.java:start(418)) - Starting XceiverServerRatis 84d87b42-83ce-4078-8a37-3864f9520041 at port 0
2019-10-17 07:41:19,048 [Datanode State Machine Thread - 0] INFO  impl.RaftServerProxy (RaftServerProxy.java:lambda$start$3(299)) - 84d87b42-83ce-4078-8a37-3864f9520041: start RPC server
2019-10-17 07:41:19,129 [Datanode State Machine Thread - 0] INFO  server.GrpcService (GrpcService.java:startImpl(158)) - 6ea7cc1b-6dd1-4a6f-b526-a2c2472221ee: GrpcService started, listening on 0.0.0.0/0.0.0.0:45347
2019-10-17 07:41:19,129 [Datanode State Machine Thread - 0] INFO  server.GrpcService (GrpcService.java:startImpl(158)) - 84d87b42-83ce-4078-8a37-3864f9520041: GrpcService started, listening on 0.0.0.0/0.0.0.0:42413
2019-10-17 07:41:19,129 [Datanode State Machine Thread - 0] INFO  server.GrpcService (GrpcService.java:startImpl(158)) - 722c44df-b170-4eeb-abb4-8ab07bb69a54: GrpcService started, listening on 0.0.0.0/0.0.0.0:33246
2019-10-17 07:41:19,130 [Datanode State Machine Thread - 0] INFO  ratis.XceiverServerRatis (XceiverServerRatis.java:start(428)) - XceiverServerRatis 84d87b42-83ce-4078-8a37-3864f9520041 is started using port 42413
2019-10-17 07:41:19,130 [Datanode State Machine Thread - 0] INFO  ratis.XceiverServerRatis (XceiverServerRatis.java:start(428)) - XceiverServerRatis 6ea7cc1b-6dd1-4a6f-b526-a2c2472221ee is started using port 45347
2019-10-17 07:41:19,131 [Datanode State Machine Thread - 0] INFO  ratis.XceiverServerRatis (XceiverServerRatis.java:start(428)) - XceiverServerRatis 722c44df-b170-4eeb-abb4-8ab07bb69a54 is started using port 33246
2019-10-17 07:41:19,135 [Datanode State Machine Thread - 0] INFO  server.XceiverServerGrpc (XceiverServerGrpc.java:start(149)) - XceiverServerGrpc 722c44df-b170-4eeb-abb4-8ab07bb69a54 is started using port 40260
2019-10-17 07:41:19,135 [Datanode State Machine Thread - 0] INFO  server.XceiverServerGrpc (XceiverServerGrpc.java:start(149)) - XceiverServerGrpc 84d87b42-83ce-4078-8a37-3864f9520041 is started using port 36534
2019-10-17 07:41:19,135 [Datanode State Machine Thread - 0] INFO  server.XceiverServerGrpc (XceiverServerGrpc.java:start(149)) - XceiverServerGrpc 6ea7cc1b-6dd1-4a6f-b526-a2c2472221ee is started using port 43833
2019-10-17 07:41:20,007 [main] INFO  ozone.MiniOzoneClusterImpl (MiniOzoneClusterImpl.java:lambda$waitForClusterToBeReady$0(147)) - Waiting for cluster to be ready. Got 0 of 3 DN Heartbeats.
2019-10-17 07:41:20,874 [IPC Server handler 4 on 36188] INFO  net.NetworkTopology (NetworkTopologyImpl.java:add(111)) - Added a new node: /default-rack/722c44df-b170-4eeb-abb4-8ab07bb69a54
2019-10-17 07:41:20,876 [IPC Server handler 4 on 36188] INFO  node.SCMNodeManager (SCMNodeManager.java:register(268)) - Registered Data node : 722c44df-b170-4eeb-abb4-8ab07bb69a54{ip: 192.168.164.211, host: pr-hdds-2283-cnrrq-1638407854, networkLocation: /default-rack, certSerialId: null}
2019-10-17 07:41:20,878 [EventQueue-NodeRegistrationContainerReportForDataNodeSafeModeRule] INFO  safemode.SCMSafeModeManager (DataNodeSafeModeRule.java:process(71)) - SCM in safe mode. 1 DataNodes registered, 1 required.
2019-10-17 07:41:20,878 [EventQueue-NodeRegistrationContainerReportForDataNodeSafeModeRule] INFO  safemode.SCMSafeModeManager (SCMSafeModeManager.java:validateSafeModeExitRules(177)) - ScmSafeModeManager, all rules are successfully validated
2019-10-17 07:41:20,879 [EventQueue-NodeRegistrationContainerReportForDataNodeSafeModeRule] INFO  safemode.SCMSafeModeManager (SCMSafeModeManager.java:exitSafeMode(193)) - SCM exiting safe mode.
2019-10-17 07:41:20,933 [IPC Server handler 1 on 36188] INFO  net.NetworkTopology (NetworkTopologyImpl.java:add(111)) - Added a new node: /default-rack/6ea7cc1b-6dd1-4a6f-b526-a2c2472221ee
2019-10-17 07:41:20,934 [IPC Server handler 1 on 36188] INFO  node.SCMNodeManager (SCMNodeManager.java:register(268)) - Registered Data node : 6ea7cc1b-6dd1-4a6f-b526-a2c2472221ee{ip: 192.168.164.211, host: pr-hdds-2283-cnrrq-1638407854, networkLocation: /default-rack, certSerialId: null}
2019-10-17 07:41:21,007 [main] INFO  ozone.MiniOzoneClusterImpl (MiniOzoneClusterImpl.java:lambda$waitForClusterToBeReady$0(147)) - Waiting for cluster to be ready. Got 2 of 3 DN Heartbeats.
2019-10-17 07:41:21,011 [IPC Server handler 3 on 36188] INFO  net.NetworkTopology (NetworkTopologyImpl.java:add(111)) - Added a new node: /default-rack/84d87b42-83ce-4078-8a37-3864f9520041
2019-10-17 07:41:21,011 [IPC Server handler 3 on 36188] INFO  node.SCMNodeManager (SCMNodeManager.java:register(268)) - Registered Data node : 84d87b42-83ce-4078-8a37-3864f9520041{ip: 192.168.164.211, host: pr-hdds-2283-cnrrq-1638407854, networkLocation: /default-rack, certSerialId: null}
2019-10-17 07:41:21,355 [grpc-default-executor-0] INFO  impl.RaftServerProxy (RaftServerProxy.java:addNew(89)) - 722c44df-b170-4eeb-abb4-8ab07bb69a54: addNew group-4992A3E89366:[722c44df-b170-4eeb-abb4-8ab07bb69a54:192.168.164.211:33246] returns group-4992A3E89366:java.util.concurrent.CompletableFuture@7660f28d[Not completed]
2019-10-17 07:41:21,366 [pool-27-thread-1] INFO  impl.RaftServerImpl (RaftServerImpl.java:<init>(104)) - 722c44df-b170-4eeb-abb4-8ab07bb69a54: new RaftServerImpl for group-4992A3E89366:[722c44df-b170-4eeb-abb4-8ab07bb69a54:192.168.164.211:33246] with ContainerStateMachine:uninitialized
2019-10-17 07:41:21,369 [pool-27-thread-1] INFO  server.RaftServerConfigKeys (ConfUtils.java:logGet(43)) - raft.server.rpc.timeout.min = 5s (custom)
2019-10-17 07:41:21,370 [pool-27-thread-1] INFO  server.RaftServerConfigKeys (ConfUtils.java:logGet(43)) - raft.server.rpc.timeout.max = 5200ms (custom)
2019-10-17 07:41:21,370 [pool-27-thread-1] INFO  server.RaftServerConfigKeys (ConfUtils.java:logGet(43)) - raft.server.rpcslowness.timeout = 1000s (custom)
2019-10-17 07:41:21,371 [pool-27-thread-1] INFO  server.RaftServerConfigKeys (ConfUtils.java:logGet(43)) - raft.server.sleep.deviation.threshold = 300 (default)
2019-10-17 07:41:21,371 [pool-27-thread-1] INFO  server.RaftServerConfigKeys (ConfUtils.java:logGet(43)) - raft.server.log.appender.install.snapshot.enabled = false (custom)
2019-10-17 07:41:21,379 [pool-27-thread-1] INFO  impl.RaftServerImpl (ServerState.java:<init>(103)) - 722c44df-b170-4eeb-abb4-8ab07bb69a54@group-4992A3E89366: ConfigurationManager, init=-1: [722c44df-b170-4eeb-abb4-8ab07bb69a54:192.168.164.211:33246], old=null, confs=<EMPTY_MAP>
2019-10-17 07:41:21,379 [pool-27-thread-1] INFO  server.RaftServerConfigKeys (ConfUtils.java:logGet(43)) - raft.server.storage.dir = [/workdir/hadoop-ozone/integration-test/target/test-dir/MiniOzoneClusterImpl-e6097d48-8480-4a37-8188-3862b7c67c50/datanode-0/data/ratis] (custom)
2019-10-17 07:41:21,384 [pool-27-thread-1] INFO  server.RaftServerConfigKeys (ConfUtils.java:logGet(43)) - raft.server.log.corruption.policy = EXCEPTION (default)
2019-10-17 07:41:21,386 [pool-27-thread-1] INFO  storage.RaftStorageDirectory (RaftStorageDirectory.java:analyzeStorage(246)) - The storage directory /workdir/hadoop-ozone/integration-test/target/test-dir/MiniOzoneClusterImpl-e6097d48-8480-4a37-8188-3862b7c67c50/datanode-0/data/ratis/21d24713-a0c3-487c-a818-4992a3e89366 does not exist. Creating ...
2019-10-17 07:41:21,413 [pool-27-thread-1] INFO  storage.RaftStorageDirectory (RaftStorageDirectory.java:tryLock(328)) - Lock on /workdir/hadoop-ozone/integration-test/target/test-dir/MiniOzoneClusterImpl-e6097d48-8480-4a37-8188-3862b7c67c50/datanode-0/data/ratis/21d24713-a0c3-487c-a818-4992a3e89366/in_use.lock acquired by nodename 1358@pr-hdds-2283-cnrrq-1638407854
2019-10-17 07:41:21,429 [pool-27-thread-1] INFO  storage.RaftStorage (RaftStorage.java:format(84)) - Storage directory /workdir/hadoop-ozone/integration-test/target/test-dir/MiniOzoneClusterImpl-e6097d48-8480-4a37-8188-3862b7c67c50/datanode-0/data/ratis/21d24713-a0c3-487c-a818-4992a3e89366 has been successfully formatted.
2019-10-17 07:41:21,431 [pool-27-thread-1] INFO  ratis.ContainerStateMachine (ContainerStateMachine.java:loadSnapshot(231)) - group-4992A3E89366: The snapshot info is null. Setting the last applied indexto:(t:0, i:~)
2019-10-17 07:41:21,431 [pool-27-thread-1] INFO  server.RaftServerConfigKeys (ConfUtils.java:logGet(43)) - raft.server.notification.no-leader.timeout = 1000s (custom)
2019-10-17 07:41:21,433 [pool-27-thread-1] INFO  server.RaftServerConfigKeys (ConfUtils.java:logGet(43)) - raft.server.log.use.memory = false (default)
2019-10-17 07:41:21,438 [pool-27-thread-1] INFO  server.RaftServerConfigKeys (ConfUtils.java:logGet(43)) - raft.server.log.purge.gap = 1000000 (custom)
2019-10-17 07:41:21,438 [pool-27-thread-1] INFO  server.RaftServerConfigKeys (ConfUtils.java:logGet(43)) - raft.server.log.appender.buffer.byte-limit = 33554432 (custom)
2019-10-17 07:41:21,440 [pool-27-thread-1] INFO  server.RaftServerConfigKeys (ConfUtils.java:logGet(43)) - raft.server.log.segment.size.max = 1048576 (custom)
2019-10-17 07:41:21,441 [pool-27-thread-1] INFO  impl.MetricsSystemImpl (MetricsSystemImpl.java:init(158)) - ratis metrics system started (again)
2019-10-17 07:41:21,445 [pool-27-thread-1] INFO  metrics.MetricRegistries (MetricRegistriesLoader.java:load(64)) - Loaded MetricRegistries class org.apache.ratis.metrics.impl.MetricRegistriesImpl
2019-10-17 07:41:21,478 [pool-27-thread-1] INFO  server.RaftServerConfigKeys (ConfUtils.java:logGet(43)) - raft.server.log.segment.cache.num.max = 2 (custom)
2019-10-17 07:41:21,483 [pool-27-thread-1] INFO  segmented.SegmentedRaftLogWorker (SegmentedRaftLogWorker.java:<init>(173)) - new 722c44df-b170-4eeb-abb4-8ab07bb69a54@group-4992A3E89366-SegmentedRaftLogWorker for RaftStorage:Storage Directory /workdir/hadoop-ozone/integration-test/target/test-dir/MiniOzoneClusterImpl-e6097d48-8480-4a37-8188-3862b7c67c50/datanode-0/data/ratis/21d24713-a0c3-487c-a818-4992a3e89366
2019-10-17 07:41:21,483 [pool-27-thread-1] INFO  server.RaftServerConfigKeys (ConfUtils.java:logGet(43)) - raft.server.log.queue.byte-limit = 2147483647 (custom)
2019-10-17 07:41:21,484 [pool-27-thread-1] INFO  server.RaftServerConfigKeys (ConfUtils.java:logGet(43)) - raft.server.log.queue.element-limit = 1024 (custom)
2019-10-17 07:41:21,485 [pool-27-thread-1] INFO  server.RaftServerConfigKeys (ConfUtils.java:logGet(43)) - raft.server.log.segment.size.max = 1048576 (custom)
2019-10-17 07:41:21,485 [pool-27-thread-1] INFO  server.RaftServerConfigKeys (ConfUtils.java:logGet(43)) - raft.server.log.preallocated.size = 16384 (custom)
2019-10-17 07:41:21,486 [pool-27-thread-1] INFO  server.RaftServerConfigKeys (ConfUtils.java:logGet(43)) - raft.server.log.write.buffer.size = 33554432 (custom)
2019-10-17 07:41:21,486 [pool-27-thread-1] INFO  server.RaftServerConfigKeys (ConfUtils.java:logGet(43)) - raft.server.log.force.sync.num = 128 (default)
2019-10-17 07:41:21,487 [pool-27-thread-1] INFO  server.RaftServerConfigKeys (ConfUtils.java:logGet(43)) - raft.server.log.statemachine.data.sync = true (default)
2019-10-17 07:41:21,487 [pool-27-thread-1] INFO  server.RaftServerConfigKeys (ConfUtils.java:logGet(43)) - raft.server.log.statemachine.data.sync.timeout = 10s (default)
2019-10-17 07:41:21,487 [pool-27-thread-1] INFO  server.RaftServerConfigKeys (ConfUtils.java:logGet(43)) - raft.server.log.statemachine.data.sync.timeout.retry = -1 (default)
2019-10-17 07:41:21,498 [pool-27-thread-1] INFO  server.RaftServerConfigKeys (ConfUtils.java:logGet(43)) - raft.server.log.statemachine.data.caching.enabled = true (custom)
2019-10-17 07:41:21,502 [pool-27-thread-1] INFO  segmented.SegmentedRaftLogWorker (SegmentedRaftLogWorker.java:lambda$new$0(128)) - 722c44df-b170-4eeb-abb4-8ab07bb69a54@group-4992A3E89366-SegmentedRaftLogWorker: flushIndex: setUnconditionally 0 -> -1
2019-10-17 07:41:21,506 [pool-27-thread-1] INFO  server.RaftServerConfigKeys (ConfUtils.java:logGet(43)) - raft.server.snapshot.auto.trigger.enabled = true (custom)
2019-10-17 07:41:21,507 [pool-27-thread-1] INFO  server.RaftServerConfigKeys (ConfUtils.java:logGet(43)) - raft.server.snapshot.auto.trigger.threshold = 10000 (custom)
2019-10-17 07:41:21,507 [pool-27-thread-1] INFO  server.RaftServerConfigKeys (ConfUtils.java:logGet(43)) - raft.server.snapshot.retention.file.num = 5 (custom)
2019-10-17 07:41:21,508 [pool-27-thread-1] INFO  server.RaftServerConfigKeys (ConfUtils.java:logGet(43)) - raft.server.retrycache.expirytime = 600000ms (custom)
2019-10-17 07:41:21,534 [pool-27-thread-1] INFO  impl.RaftServerImpl (RaftServerImpl.java:start(195)) - 722c44df-b170-4eeb-abb4-8ab07bb69a54@group-4992A3E89366: start as a follower, conf=-1: [722c44df-b170-4eeb-abb4-8ab07bb69a54:192.168.164.211:33246], old=null
2019-10-17 07:41:21,535 [pool-27-thread-1] INFO  impl.RaftServerImpl (RaftServerImpl.java:setRole(184)) - 722c44df-b170-4eeb-abb4-8ab07bb69a54@group-4992A3E89366: changes role from      null to FOLLOWER at term 0 for startAsFollower
2019-10-17 07:41:21,536 [pool-27-thread-1] INFO  impl.RoleInfo (RoleInfo.java:updateAndGet(143)) - 722c44df-b170-4eeb-abb4-8ab07bb69a54: start FollowerState
2019-10-17 07:41:21,537 [pool-27-thread-1] INFO  util.JmxRegister (JmxRegister.java:tryRegister(44)) - Successfully registered JMX Bean with object name Ratis:service=RaftServer,group=group-4992A3E89366,id=722c44df-b170-4eeb-abb4-8ab07bb69a54
2019-10-17 07:41:21,541 [Thread-186] INFO  impl.FollowerState (FollowerState.java:run(108)) - 722c44df-b170-4eeb-abb4-8ab07bb69a54@group-4992A3E89366-FollowerState: change to CANDIDATE, lastRpcTime:6ms, electionTimeout:5ms
2019-10-17 07:41:21,545 [Thread-186] INFO  impl.RoleInfo (RoleInfo.java:shutdownFollowerState(121)) - 722c44df-b170-4eeb-abb4-8ab07bb69a54: shutdown FollowerState
2019-10-17 07:41:21,546 [Thread-186] INFO  impl.RaftServerImpl (RaftServerImpl.java:setRole(184)) - 722c44df-b170-4eeb-abb4-8ab07bb69a54@group-4992A3E89366: changes role from  FOLLOWER to CANDIDATE at term 0 for changeToCandidate
2019-10-17 07:41:21,551 [Thread-186] INFO  impl.RoleInfo (RoleInfo.java:updateAndGet(143)) - 722c44df-b170-4eeb-abb4-8ab07bb69a54: start LeaderElection
2019-10-17 07:41:21,577 [722c44df-b170-4eeb-abb4-8ab07bb69a54@group-4992A3E89366-LeaderElection1] INFO  impl.LeaderElection (LeaderElection.java:askForVotes(178)) - 722c44df-b170-4eeb-abb4-8ab07bb69a54@group-4992A3E89366-LeaderElection1: begin an election at term 1 for -1: [722c44df-b170-4eeb-abb4-8ab07bb69a54:192.168.164.211:33246], old=null
2019-10-17 07:41:21,579 [722c44df-b170-4eeb-abb4-8ab07bb69a54@group-4992A3E89366-LeaderElection1] INFO  impl.RoleInfo (RoleInfo.java:shutdownLeaderElection(134)) - 722c44df-b170-4eeb-abb4-8ab07bb69a54: shutdown LeaderElection
2019-10-17 07:41:21,581 [722c44df-b170-4eeb-abb4-8ab07bb69a54@group-4992A3E89366-LeaderElection1] INFO  impl.RaftServerImpl (RaftServerImpl.java:setRole(184)) - 722c44df-b170-4eeb-abb4-8ab07bb69a54@group-4992A3E89366: changes role from CANDIDATE to LEADER at term 1 for changeToLeader
2019-10-17 07:41:21,581 [722c44df-b170-4eeb-abb4-8ab07bb69a54@group-4992A3E89366-LeaderElection1] INFO  impl.RaftServerImpl (ServerState.java:setLeader(256)) - 722c44df-b170-4eeb-abb4-8ab07bb69a54@group-4992A3E89366: change Leader from null to 722c44df-b170-4eeb-abb4-8ab07bb69a54 at term 1 for becomeLeader, leader elected after 149ms
2019-10-17 07:41:21,587 [722c44df-b170-4eeb-abb4-8ab07bb69a54@group-4992A3E89366-LeaderElection1] INFO  server.RaftServerConfigKeys (ConfUtils.java:logGet(43)) - raft.server.staging.catchup.gap = 1000 (default)
2019-10-17 07:41:21,587 [722c44df-b170-4eeb-abb4-8ab07bb69a54@group-4992A3E89366-LeaderElection1] INFO  server.RaftServerConfigKeys (ConfUtils.java:logGet(43)) - raft.server.rpc.sleep.time = 25ms (default)
2019-10-17 07:41:21,593 [722c44df-b170-4eeb-abb4-8ab07bb69a54@group-4992A3E89366-LeaderElection1] INFO  server.RaftServerConfigKeys (ConfUtils.java:logGet(43)) - raft.server.write.element-limit = 4096 (default)
2019-10-17 07:41:21,596 [722c44df-b170-4eeb-abb4-8ab07bb69a54@group-4992A3E89366-LeaderElection1] INFO  server.RaftServerConfigKeys (ConfUtils.java:logGet(43)) - raft.server.watch.timeout = 10s (default)
2019-10-17 07:41:21,596 [722c44df-b170-4eeb-abb4-8ab07bb69a54@group-4992A3E89366-LeaderElection1] INFO  server.RaftServerConfigKeys (ConfUtils.java:logGet(43)) - raft.server.watch.timeout.denomination = 1s (default)
2019-10-17 07:41:21,597 [722c44df-b170-4eeb-abb4-8ab07bb69a54@group-4992A3E89366-LeaderElection1] INFO  server.RaftServerConfigKeys (ConfUtils.java:logGet(43)) - raft.server.watch.element-limit = 65536 (default)
2019-10-17 07:41:21,603 [RatisPipelineUtilsThread] INFO  pipeline.PipelineStateManager (PipelineStateManager.java:addPipeline(56)) - Created pipeline Pipeline[ Id: 21d24713-a0c3-487c-a818-4992a3e89366, Nodes: 722c44df-b170-4eeb-abb4-8ab07bb69a54{ip: 192.168.164.211, host: pr-hdds-2283-cnrrq-1638407854, networkLocation: /default-rack, certSerialId: null}, Type:RATIS, Factor:ONE, State:OPEN]
2019-10-17 07:41:21,638 [722c44df-b170-4eeb-abb4-8ab07bb69a54@group-4992A3E89366-LeaderElection1] INFO  impl.RoleInfo (RoleInfo.java:updateAndGet(143)) - 722c44df-b170-4eeb-abb4-8ab07bb69a54: start LeaderState
2019-10-17 07:41:21,641 [grpc-default-executor-0] INFO  impl.RaftServerProxy (RaftServerProxy.java:addNew(89)) - 6ea7cc1b-6dd1-4a6f-b526-a2c2472221ee: addNew group-3F917A92BABF:[6ea7cc1b-6dd1-4a6f-b526-a2c2472221ee:192.168.164.211:45347] returns group-3F917A92BABF:java.util.concurrent.CompletableFuture@4ed7872c[Not completed]
2019-10-17 07:41:21,643 [pool-37-thread-1] INFO  impl.RaftServerImpl (RaftServerImpl.java:<init>(104)) - 6ea7cc1b-6dd1-4a6f-b526-a2c2472221ee: new RaftServerImpl for group-3F917A92BABF:[6ea7cc1b-6dd1-4a6f-b526-a2c2472221ee:192.168.164.211:45347] with ContainerStateMachine:uninitialized
2019-10-17 07:41:21,644 [pool-37-thread-1] INFO  server.RaftServerConfigKeys (ConfUtils.java:logGet(43)) - raft.server.rpc.timeout.min = 5s (custom)
2019-10-17 07:41:21,645 [pool-37-thread-1] INFO  server.RaftServerConfigKeys (ConfUtils.java:logGet(43)) - raft.server.rpc.timeout.max = 5200ms (custom)
2019-10-17 07:41:21,645 [pool-37-thread-1] INFO  server.RaftServerConfigKeys (ConfUtils.java:logGet(43)) - raft.server.rpcslowness.timeout = 1000s (custom)
2019-10-17 07:41:21,645 [pool-37-thread-1] INFO  server.RaftServerConfigKeys (ConfUtils.java:logGet(43)) - raft.server.sleep.deviation.threshold = 300 (default)
2019-10-17 07:41:21,645 [pool-37-thread-1] INFO  server.RaftServerConfigKeys (ConfUtils.java:logGet(43)) - raft.server.log.appender.install.snapshot.enabled = false (custom)
2019-10-17 07:41:21,645 [pool-37-thread-1] INFO  impl.RaftServerImpl (ServerState.java:<init>(103)) - 6ea7cc1b-6dd1-4a6f-b526-a2c2472221ee@group-3F917A92BABF: ConfigurationManager, init=-1: [6ea7cc1b-6dd1-4a6f-b526-a2c2472221ee:192.168.164.211:45347], old=null, confs=<EMPTY_MAP>
2019-10-17 07:41:21,646 [pool-37-thread-1] INFO  server.RaftServerConfigKeys (ConfUtils.java:logGet(43)) - raft.server.storage.dir = [/workdir/hadoop-ozone/integration-test/target/test-dir/MiniOzoneClusterImpl-e6097d48-8480-4a37-8188-3862b7c67c50/datanode-1/data/ratis] (custom)
2019-10-17 07:41:21,646 [pool-37-thread-1] INFO  server.RaftServerConfigKeys (ConfUtils.java:logGet(43)) - raft.server.log.corruption.policy = EXCEPTION (default)
2019-10-17 07:41:21,646 [pool-37-thread-1] INFO  storage.RaftStorageDirectory (RaftStorageDirectory.java:analyzeStorage(246)) - The storage directory /workdir/hadoop-ozone/integration-test/target/test-dir/MiniOzoneClusterImpl-e6097d48-8480-4a37-8188-3862b7c67c50/datanode-1/data/ratis/86d3d250-dc32-4a6a-9ad8-3f917a92babf does not exist. Creating ...
2019-10-17 07:41:21,662 [722c44df-b170-4eeb-abb4-8ab07bb69a54@group-4992A3E89366-LeaderElection1] INFO  segmented.SegmentedRaftLogWorker (SegmentedRaftLogWorker.java:startLogSegment(385)) - 722c44df-b170-4eeb-abb4-8ab07bb69a54@group-4992A3E89366-SegmentedRaftLogWorker: Starting segment from index:0
2019-10-17 07:41:21,670 [pool-37-thread-1] INFO  storage.RaftStorageDirectory (RaftStorageDirectory.java:tryLock(328)) - Lock on /workdir/hadoop-ozone/integration-test/target/test-dir/MiniOzoneClusterImpl-e6097d48-8480-4a37-8188-3862b7c67c50/datanode-1/data/ratis/86d3d250-dc32-4a6a-9ad8-3f917a92babf/in_use.lock acquired by nodename 1358@pr-hdds-2283-cnrrq-1638407854
2019-10-17 07:41:21,674 [722c44df-b170-4eeb-abb4-8ab07bb69a54@group-4992A3E89366-LeaderElection1] INFO  impl.RaftServerImpl (ServerState.java:setRaftConf(357)) - 722c44df-b170-4eeb-abb4-8ab07bb69a54@group-4992A3E89366: set configuration 0: [722c44df-b170-4eeb-abb4-8ab07bb69a54:192.168.164.211:33246], old=null at 0
2019-10-17 07:41:21,695 [pool-37-thread-1] INFO  storage.RaftStorage (RaftStorage.java:format(84)) - Storage directory /workdir/hadoop-ozone/integration-test/target/test-dir/MiniOzoneClusterImpl-e6097d48-8480-4a37-8188-3862b7c67c50/datanode-1/data/ratis/86d3d250-dc32-4a6a-9ad8-3f917a92babf has been successfully formatted.
2019-10-17 07:41:21,696 [pool-37-thread-1] INFO  ratis.ContainerStateMachine (ContainerStateMachine.java:loadSnapshot(231)) - group-3F917A92BABF: The snapshot info is null. Setting the last applied indexto:(t:0, i:~)
2019-10-17 07:41:21,697 [pool-37-thread-1] INFO  server.RaftServerConfigKeys (ConfUtils.java:logGet(43)) - raft.server.notification.no-leader.timeout = 1000s (custom)
2019-10-17 07:41:21,697 [pool-37-thread-1] INFO  server.RaftServerConfigKeys (ConfUtils.java:logGet(43)) - raft.server.log.use.memory = false (default)
2019-10-17 07:41:21,697 [pool-37-thread-1] INFO  server.RaftServerConfigKeys (ConfUtils.java:logGet(43)) - raft.server.log.purge.gap = 1000000 (custom)
2019-10-17 07:41:21,698 [pool-37-thread-1] INFO  server.RaftServerConfigKeys (ConfUtils.java:logGet(43)) - raft.server.log.appender.buffer.byte-limit = 33554432 (custom)
2019-10-17 07:41:21,698 [pool-37-thread-1] INFO  server.RaftServerConfigKeys (ConfUtils.java:logGet(43)) - raft.server.log.segment.size.max = 1048576 (custom)
2019-10-17 07:41:21,720 [pool-37-thread-1] INFO  server.RaftServerConfigKeys (ConfUtils.java:logGet(43)) - raft.server.log.segment.cache.num.max = 2 (custom)
2019-10-17 07:41:21,720 [pool-37-thread-1] INFO  segmented.SegmentedRaftLogWorker (SegmentedRaftLogWorker.java:<init>(173)) - new 6ea7cc1b-6dd1-4a6f-b526-a2c2472221ee@group-3F917A92BABF-SegmentedRaftLogWorker for RaftStorage:Storage Directory /workdir/hadoop-ozone/integration-test/target/test-dir/MiniOzoneClusterImpl-e6097d48-8480-4a37-8188-3862b7c67c50/datanode-1/data/ratis/86d3d250-dc32-4a6a-9ad8-3f917a92babf
2019-10-17 07:41:21,720 [pool-37-thread-1] INFO  server.RaftServerConfigKeys (ConfUtils.java:logGet(43)) - raft.server.log.queue.byte-limit = 2147483647 (custom)
2019-10-17 07:41:21,720 [pool-37-thread-1] INFO  server.RaftServerConfigKeys (ConfUtils.java:logGet(43)) - raft.server.log.queue.element-limit = 1024 (custom)
2019-10-17 07:41:21,720 [pool-37-thread-1] INFO  server.RaftServerConfigKeys (ConfUtils.java:logGet(43)) - raft.server.log.segment.size.max = 1048576 (custom)
2019-10-17 07:41:21,721 [pool-37-thread-1] INFO  server.RaftServerConfigKeys (ConfUtils.java:logGet(43)) - raft.server.log.preallocated.size = 16384 (custom)
2019-10-17 07:41:21,721 [pool-37-thread-1] INFO  server.RaftServerConfigKeys (ConfUtils.java:logGet(43)) - raft.server.log.write.buffer.size = 33554432 (custom)
2019-10-17 07:41:21,721 [pool-37-thread-1] INFO  server.RaftServerConfigKeys (ConfUtils.java:logGet(43)) - raft.server.log.force.sync.num = 128 (default)
2019-10-17 07:41:21,721 [pool-37-thread-1] INFO  server.RaftServerConfigKeys (ConfUtils.java:logGet(43)) - raft.server.log.statemachine.data.sync = true (default)
2019-10-17 07:41:21,721 [pool-37-thread-1] INFO  server.RaftServerConfigKeys (ConfUtils.java:logGet(43)) - raft.server.log.statemachine.data.sync.timeout = 10s (default)
2019-10-17 07:41:21,721 [pool-37-thread-1] INFO  server.RaftServerConfigKeys (ConfUtils.java:logGet(43)) - raft.server.log.statemachine.data.sync.timeout.retry = -1 (default)
2019-10-17 07:41:21,722 [pool-37-thread-1] INFO  server.RaftServerConfigKeys (ConfUtils.java:logGet(43)) - raft.server.log.statemachine.data.caching.enabled = true (custom)
2019-10-17 07:41:21,722 [pool-37-thread-1] INFO  segmented.SegmentedRaftLogWorker (SegmentedRaftLogWorker.java:lambda$new$0(128)) - 6ea7cc1b-6dd1-4a6f-b526-a2c2472221ee@group-3F917A92BABF-SegmentedRaftLogWorker: flushIndex: setUnconditionally 0 -> -1
2019-10-17 07:41:21,723 [pool-37-thread-1] INFO  server.RaftServerConfigKeys (ConfUtils.java:logGet(43)) - raft.server.snapshot.auto.trigger.enabled = true (custom)
2019-10-17 07:41:21,723 [pool-37-thread-1] INFO  server.RaftServerConfigKeys (ConfUtils.java:logGet(43)) - raft.server.snapshot.auto.trigger.threshold = 10000 (custom)
2019-10-17 07:41:21,723 [pool-37-thread-1] INFO  server.RaftServerConfigKeys (ConfUtils.java:logGet(43)) - raft.server.snapshot.retention.file.num = 5 (custom)
2019-10-17 07:41:21,723 [pool-37-thread-1] INFO  server.RaftServerConfigKeys (ConfUtils.java:logGet(43)) - raft.server.retrycache.expirytime = 600000ms (custom)
2019-10-17 07:41:21,730 [pool-37-thread-1] INFO  impl.RaftServerImpl (RaftServerImpl.java:start(195)) - 6ea7cc1b-6dd1-4a6f-b526-a2c2472221ee@group-3F917A92BABF: start as a follower, conf=-1: [6ea7cc1b-6dd1-4a6f-b526-a2c2472221ee:192.168.164.211:45347], old=null
2019-10-17 07:41:21,730 [pool-37-thread-1] INFO  impl.RaftServerImpl (RaftServerImpl.java:setRole(184)) - 6ea7cc1b-6dd1-4a6f-b526-a2c2472221ee@group-3F917A92BABF: changes role from      null to FOLLOWER at term 0 for startAsFollower
2019-10-17 07:41:21,730 [pool-37-thread-1] INFO  impl.RoleInfo (RoleInfo.java:updateAndGet(143)) - 6ea7cc1b-6dd1-4a6f-b526-a2c2472221ee: start FollowerState
2019-10-17 07:41:21,731 [pool-37-thread-1] INFO  util.JmxRegister (JmxRegister.java:tryRegister(44)) - Successfully registered JMX Bean with object name Ratis:service=RaftServer,group=group-3F917A92BABF,id=6ea7cc1b-6dd1-4a6f-b526-a2c2472221ee
2019-10-17 07:41:21,746 [RatisPipelineUtilsThread] INFO  pipeline.PipelineStateManager (PipelineStateManager.java:addPipeline(56)) - Created pipeline Pipeline[ Id: 86d3d250-dc32-4a6a-9ad8-3f917a92babf, Nodes: 6ea7cc1b-6dd1-4a6f-b526-a2c2472221ee{ip: 192.168.164.211, host: pr-hdds-2283-cnrrq-1638407854, networkLocation: /default-rack, certSerialId: null}, Type:RATIS, Factor:ONE, State:OPEN]
2019-10-17 07:41:21,762 [grpc-default-executor-0] INFO  impl.RaftServerProxy (RaftServerProxy.java:addNew(89)) - 84d87b42-83ce-4078-8a37-3864f9520041: addNew group-1D8AAF838ABD:[84d87b42-83ce-4078-8a37-3864f9520041:192.168.164.211:42413] returns group-1D8AAF838ABD:java.util.concurrent.CompletableFuture@299fce43[Not completed]
2019-10-17 07:41:21,771 [pool-47-thread-1] INFO  impl.RaftServerImpl (RaftServerImpl.java:<init>(104)) - 84d87b42-83ce-4078-8a37-3864f9520041: new RaftServerImpl for group-1D8AAF838ABD:[84d87b42-83ce-4078-8a37-3864f9520041:192.168.164.211:42413] with ContainerStateMachine:uninitialized
2019-10-17 07:41:21,772 [pool-47-thread-1] INFO  server.RaftServerConfigKeys (ConfUtils.java:logGet(43)) - raft.server.rpc.timeout.min = 5s (custom)
2019-10-17 07:41:21,772 [pool-47-thread-1] INFO  server.RaftServerConfigKeys (ConfUtils.java:logGet(43)) - raft.server.rpc.timeout.max = 5200ms (custom)
2019-10-17 07:41:21,772 [pool-47-thread-1] INFO  server.RaftServerConfigKeys (ConfUtils.java:logGet(43)) - raft.server.rpcslowness.timeout = 1000s (custom)
2019-10-17 07:41:21,772 [pool-47-thread-1] INFO  server.RaftServerConfigKeys (ConfUtils.java:logGet(43)) - raft.server.sleep.deviation.threshold = 300 (default)
2019-10-17 07:41:21,773 [pool-47-thread-1] INFO  server.RaftServerConfigKeys (ConfUtils.java:logGet(43)) - raft.server.log.appender.install.snapshot.enabled = false (custom)
2019-10-17 07:41:21,773 [pool-47-thread-1] INFO  impl.RaftServerImpl (ServerState.java:<init>(103)) - 84d87b42-83ce-4078-8a37-3864f9520041@group-1D8AAF838ABD: ConfigurationManager, init=-1: [84d87b42-83ce-4078-8a37-3864f9520041:192.168.164.211:42413], old=null, confs=<EMPTY_MAP>
2019-10-17 07:41:21,773 [pool-47-thread-1] INFO  server.RaftServerConfigKeys (ConfUtils.java:logGet(43)) - raft.server.storage.dir = [/workdir/hadoop-ozone/integration-test/target/test-dir/MiniOzoneClusterImpl-e6097d48-8480-4a37-8188-3862b7c67c50/datanode-2/data/ratis] (custom)
2019-10-17 07:41:21,773 [pool-47-thread-1] INFO  server.RaftServerConfigKeys (ConfUtils.java:logGet(43)) - raft.server.log.corruption.policy = EXCEPTION (default)
2019-10-17 07:41:21,774 [pool-47-thread-1] INFO  storage.RaftStorageDirectory (RaftStorageDirectory.java:analyzeStorage(246)) - The storage directory /workdir/hadoop-ozone/integration-test/target/test-dir/MiniOzoneClusterImpl-e6097d48-8480-4a37-8188-3862b7c67c50/datanode-2/data/ratis/ef0d0675-0d45-403c-ba89-1d8aaf838abd does not exist. Creating ...
2019-10-17 07:41:21,797 [pool-47-thread-1] INFO  storage.RaftStorageDirectory (RaftStorageDirectory.java:tryLock(328)) - Lock on /workdir/hadoop-ozone/integration-test/target/test-dir/MiniOzoneClusterImpl-e6097d48-8480-4a37-8188-3862b7c67c50/datanode-2/data/ratis/ef0d0675-0d45-403c-ba89-1d8aaf838abd/in_use.lock acquired by nodename 1358@pr-hdds-2283-cnrrq-1638407854
2019-10-17 07:41:21,820 [pool-47-thread-1] INFO  storage.RaftStorage (RaftStorage.java:format(84)) - Storage directory /workdir/hadoop-ozone/integration-test/target/test-dir/MiniOzoneClusterImpl-e6097d48-8480-4a37-8188-3862b7c67c50/datanode-2/data/ratis/ef0d0675-0d45-403c-ba89-1d8aaf838abd has been successfully formatted.
2019-10-17 07:41:21,821 [pool-47-thread-1] INFO  ratis.ContainerStateMachine (ContainerStateMachine.java:loadSnapshot(231)) - group-1D8AAF838ABD: The snapshot info is null. Setting the last applied indexto:(t:0, i:~)
2019-10-17 07:41:21,821 [pool-47-thread-1] INFO  server.RaftServerConfigKeys (ConfUtils.java:logGet(43)) - raft.server.notification.no-leader.timeout = 1000s (custom)
2019-10-17 07:41:21,821 [pool-47-thread-1] INFO  server.RaftServerConfigKeys (ConfUtils.java:logGet(43)) - raft.server.log.use.memory = false (default)
2019-10-17 07:41:21,822 [pool-47-thread-1] INFO  server.RaftServerConfigKeys (ConfUtils.java:logGet(43)) - raft.server.log.purge.gap = 1000000 (custom)
2019-10-17 07:41:21,822 [pool-47-thread-1] INFO  server.RaftServerConfigKeys (ConfUtils.java:logGet(43)) - raft.server.log.appender.buffer.byte-limit = 33554432 (custom)
2019-10-17 07:41:21,822 [pool-47-thread-1] INFO  server.RaftServerConfigKeys (ConfUtils.java:logGet(43)) - raft.server.log.segment.size.max = 1048576 (custom)
2019-10-17 07:41:21,826 [pool-47-thread-1] INFO  server.RaftServerConfigKeys (ConfUtils.java:logGet(43)) - raft.server.log.segment.cache.num.max = 2 (custom)
2019-10-17 07:41:21,827 [pool-47-thread-1] INFO  segmented.SegmentedRaftLogWorker (SegmentedRaftLogWorker.java:<init>(173)) - new 84d87b42-83ce-4078-8a37-3864f9520041@group-1D8AAF838ABD-SegmentedRaftLogWorker for RaftStorage:Storage Directory /workdir/hadoop-ozone/integration-test/target/test-dir/MiniOzoneClusterImpl-e6097d48-8480-4a37-8188-3862b7c67c50/datanode-2/data/ratis/ef0d0675-0d45-403c-ba89-1d8aaf838abd
2019-10-17 07:41:21,827 [pool-47-thread-1] INFO  server.RaftServerConfigKeys (ConfUtils.java:logGet(43)) - raft.server.log.queue.byte-limit = 2147483647 (custom)
2019-10-17 07:41:21,827 [pool-47-thread-1] INFO  server.RaftServerConfigKeys (ConfUtils.java:logGet(43)) - raft.server.log.queue.element-limit = 1024 (custom)
2019-10-17 07:41:21,827 [pool-47-thread-1] INFO  server.RaftServerConfigKeys (ConfUtils.java:logGet(43)) - raft.server.log.segment.size.max = 1048576 (custom)
2019-10-17 07:41:21,827 [pool-47-thread-1] INFO  server.RaftServerConfigKeys (ConfUtils.java:logGet(43)) - raft.server.log.preallocated.size = 16384 (custom)
2019-10-17 07:41:21,828 [pool-47-thread-1] INFO  server.RaftServerConfigKeys (ConfUtils.java:logGet(43)) - raft.server.log.write.buffer.size = 33554432 (custom)
2019-10-17 07:41:21,828 [pool-47-thread-1] INFO  server.RaftServerConfigKeys (ConfUtils.java:logGet(43)) - raft.server.log.force.sync.num = 128 (default)
2019-10-17 07:41:21,828 [pool-47-thread-1] INFO  server.RaftServerConfigKeys (ConfUtils.java:logGet(43)) - raft.server.log.statemachine.data.sync = true (default)
2019-10-17 07:41:21,828 [pool-47-thread-1] INFO  server.RaftServerConfigKeys (ConfUtils.java:logGet(43)) - raft.server.log.statemachine.data.sync.timeout = 10s (default)
2019-10-17 07:41:21,828 [pool-47-thread-1] INFO  server.RaftServerConfigKeys (ConfUtils.java:logGet(43)) - raft.server.log.statemachine.data.sync.timeout.retry = -1 (default)
2019-10-17 07:41:21,829 [pool-47-thread-1] INFO  server.RaftServerConfigKeys (ConfUtils.java:logGet(43)) - raft.server.log.statemachine.data.caching.enabled = true (custom)
2019-10-17 07:41:21,830 [pool-47-thread-1] INFO  segmented.SegmentedRaftLogWorker (SegmentedRaftLogWorker.java:lambda$new$0(128)) - 84d87b42-83ce-4078-8a37-3864f9520041@group-1D8AAF838ABD-SegmentedRaftLogWorker: flushIndex: setUnconditionally 0 -> -1
2019-10-17 07:41:21,830 [pool-47-thread-1] INFO  server.RaftServerConfigKeys (ConfUtils.java:logGet(43)) - raft.server.snapshot.auto.trigger.enabled = true (custom)
2019-10-17 07:41:21,830 [pool-47-thread-1] INFO  server.RaftServerConfigKeys (ConfUtils.java:logGet(43)) - raft.server.snapshot.auto.trigger.threshold = 10000 (custom)
2019-10-17 07:41:21,830 [pool-47-thread-1] INFO  server.RaftServerConfigKeys (ConfUtils.java:logGet(43)) - raft.server.snapshot.retention.file.num = 5 (custom)
2019-10-17 07:41:21,831 [pool-47-thread-1] INFO  server.RaftServerConfigKeys (ConfUtils.java:logGet(43)) - raft.server.retrycache.expirytime = 600000ms (custom)
2019-10-17 07:41:21,837 [pool-47-thread-1] INFO  impl.RaftServerImpl (RaftServerImpl.java:start(195)) - 84d87b42-83ce-4078-8a37-3864f9520041@group-1D8AAF838ABD: start as a follower, conf=-1: [84d87b42-83ce-4078-8a37-3864f9520041:192.168.164.211:42413], old=null
2019-10-17 07:41:21,837 [pool-47-thread-1] INFO  impl.RaftServerImpl (RaftServerImpl.java:setRole(184)) - 84d87b42-83ce-4078-8a37-3864f9520041@group-1D8AAF838ABD: changes role from      null to FOLLOWER at term 0 for startAsFollower
2019-10-17 07:41:21,838 [pool-47-thread-1] INFO  impl.RoleInfo (RoleInfo.java:updateAndGet(143)) - 84d87b42-83ce-4078-8a37-3864f9520041: start FollowerState
2019-10-17 07:41:21,838 [pool-47-thread-1] INFO  util.JmxRegister (JmxRegister.java:tryRegister(44)) - Successfully registered JMX Bean with object name Ratis:service=RaftServer,group=group-1D8AAF838ABD,id=84d87b42-83ce-4078-8a37-3864f9520041
2019-10-17 07:41:21,863 [RatisPipelineUtilsThread] INFO  pipeline.PipelineStateManager (PipelineStateManager.java:addPipeline(56)) - Created pipeline Pipeline[ Id: ef0d0675-0d45-403c-ba89-1d8aaf838abd, Nodes: 84d87b42-83ce-4078-8a37-3864f9520041{ip: 192.168.164.211, host: pr-hdds-2283-cnrrq-1638407854, networkLocation: /default-rack, certSerialId: null}, Type:RATIS, Factor:ONE, State:OPEN]
2019-10-17 07:41:21,889 [grpc-default-executor-2] INFO  impl.RaftServerProxy (RaftServerProxy.java:addNew(89)) - 84d87b42-83ce-4078-8a37-3864f9520041: addNew group-F450BAF5DF14:[6ea7cc1b-6dd1-4a6f-b526-a2c2472221ee:192.168.164.211:45347, 722c44df-b170-4eeb-abb4-8ab07bb69a54:192.168.164.211:33246, 84d87b42-83ce-4078-8a37-3864f9520041:192.168.164.211:42413] returns group-F450BAF5DF14:java.util.concurrent.CompletableFuture@7e3c9a8d[Not completed]
2019-10-17 07:41:21,891 [grpc-default-executor-0] INFO  impl.RaftServerProxy (RaftServerProxy.java:addNew(89)) - 722c44df-b170-4eeb-abb4-8ab07bb69a54: addNew group-F450BAF5DF14:[6ea7cc1b-6dd1-4a6f-b526-a2c2472221ee:192.168.164.211:45347, 722c44df-b170-4eeb-abb4-8ab07bb69a54:192.168.164.211:33246, 84d87b42-83ce-4078-8a37-3864f9520041:192.168.164.211:42413] returns group-F450BAF5DF14:java.util.concurrent.CompletableFuture@50d654e[Not completed]
2019-10-17 07:41:21,891 [grpc-default-executor-2] INFO  impl.RaftServerProxy (RaftServerProxy.java:addNew(89)) - 6ea7cc1b-6dd1-4a6f-b526-a2c2472221ee: addNew group-F450BAF5DF14:[6ea7cc1b-6dd1-4a6f-b526-a2c2472221ee:192.168.164.211:45347, 722c44df-b170-4eeb-abb4-8ab07bb69a54:192.168.164.211:33246, 84d87b42-83ce-4078-8a37-3864f9520041:192.168.164.211:42413] returns group-F450BAF5DF14:java.util.concurrent.CompletableFuture@3b3e0b2e[Not completed]
2019-10-17 07:41:21,892 [pool-47-thread-1] INFO  impl.RaftServerImpl (RaftServerImpl.java:<init>(104)) - 84d87b42-83ce-4078-8a37-3864f9520041: new RaftServerImpl for group-F450BAF5DF14:[6ea7cc1b-6dd1-4a6f-b526-a2c2472221ee:192.168.164.211:45347, 722c44df-b170-4eeb-abb4-8ab07bb69a54:192.168.164.211:33246, 84d87b42-83ce-4078-8a37-3864f9520041:192.168.164.211:42413] with ContainerStateMachine:uninitialized
2019-10-17 07:41:21,892 [pool-47-thread-1] INFO  server.RaftServerConfigKeys (ConfUtils.java:logGet(43)) - raft.server.rpc.timeout.min = 5s (custom)
2019-10-17 07:41:21,892 [pool-47-thread-1] INFO  server.RaftServerConfigKeys (ConfUtils.java:logGet(43)) - raft.server.rpc.timeout.max = 5200ms (custom)
2019-10-17 07:41:21,892 [pool-47-thread-1] INFO  server.RaftServerConfigKeys (ConfUtils.java:logGet(43)) - raft.server.rpcslowness.timeout = 1000s (custom)
2019-10-17 07:41:21,892 [pool-47-thread-1] INFO  server.RaftServerConfigKeys (ConfUtils.java:logGet(43)) - raft.server.sleep.deviation.threshold = 300 (default)
2019-10-17 07:41:21,892 [pool-47-thread-1] INFO  server.RaftServerConfigKeys (ConfUtils.java:logGet(43)) - raft.server.log.appender.install.snapshot.enabled = false (custom)
2019-10-17 07:41:21,893 [pool-27-thread-1] INFO  impl.RaftServerImpl (RaftServerImpl.java:<init>(104)) - 722c44df-b170-4eeb-abb4-8ab07bb69a54: new RaftServerImpl for group-F450BAF5DF14:[6ea7cc1b-6dd1-4a6f-b526-a2c2472221ee:192.168.164.211:45347, 722c44df-b170-4eeb-abb4-8ab07bb69a54:192.168.164.211:33246, 84d87b42-83ce-4078-8a37-3864f9520041:192.168.164.211:42413] with ContainerStateMachine:uninitialized
2019-10-17 07:41:21,893 [pool-47-thread-1] INFO  impl.RaftServerImpl (ServerState.java:<init>(103)) - 84d87b42-83ce-4078-8a37-3864f9520041@group-F450BAF5DF14: ConfigurationManager, init=-1: [6ea7cc1b-6dd1-4a6f-b526-a2c2472221ee:192.168.164.211:45347, 722c44df-b170-4eeb-abb4-8ab07bb69a54:192.168.164.211:33246, 84d87b42-83ce-4078-8a37-3864f9520041:192.168.164.211:42413], old=null, confs=<EMPTY_MAP>
2019-10-17 07:41:21,893 [pool-27-thread-1] INFO  server.RaftServerConfigKeys (ConfUtils.java:logGet(43)) - raft.server.rpc.timeout.min = 5s (custom)
2019-10-17 07:41:21,893 [pool-27-thread-1] INFO  server.RaftServerConfigKeys (ConfUtils.java:logGet(43)) - raft.server.rpc.timeout.max = 5200ms (custom)
2019-10-17 07:41:21,893 [pool-47-thread-1] INFO  server.RaftServerConfigKeys (ConfUtils.java:logGet(43)) - raft.server.storage.dir = [/workdir/hadoop-ozone/integration-test/target/test-dir/MiniOzoneClusterImpl-e6097d48-8480-4a37-8188-3862b7c67c50/datanode-2/data/ratis] (custom)
2019-10-17 07:41:21,893 [pool-27-thread-1] INFO  server.RaftServerConfigKeys (ConfUtils.java:logGet(43)) - raft.server.rpcslowness.timeout = 1000s (custom)
2019-10-17 07:41:21,893 [pool-27-thread-1] INFO  server.RaftServerConfigKeys (ConfUtils.java:logGet(43)) - raft.server.sleep.deviation.threshold = 300 (default)
2019-10-17 07:41:21,893 [pool-27-thread-1] INFO  server.RaftServerConfigKeys (ConfUtils.java:logGet(43)) - raft.server.log.appender.install.snapshot.enabled = false (custom)
2019-10-17 07:41:21,893 [pool-47-thread-1] INFO  server.RaftServerConfigKeys (ConfUtils.java:logGet(43)) - raft.server.log.corruption.policy = EXCEPTION (default)
2019-10-17 07:41:21,893 [pool-27-thread-1] INFO  impl.RaftServerImpl (ServerState.java:<init>(103)) - 722c44df-b170-4eeb-abb4-8ab07bb69a54@group-F450BAF5DF14: ConfigurationManager, init=-1: [6ea7cc1b-6dd1-4a6f-b526-a2c2472221ee:192.168.164.211:45347, 722c44df-b170-4eeb-abb4-8ab07bb69a54:192.168.164.211:33246, 84d87b42-83ce-4078-8a37-3864f9520041:192.168.164.211:42413], old=null, confs=<EMPTY_MAP>
2019-10-17 07:41:21,894 [pool-37-thread-1] INFO  impl.RaftServerImpl (RaftServerImpl.java:<init>(104)) - 6ea7cc1b-6dd1-4a6f-b526-a2c2472221ee: new RaftServerImpl for group-F450BAF5DF14:[6ea7cc1b-6dd1-4a6f-b526-a2c2472221ee:192.168.164.211:45347, 722c44df-b170-4eeb-abb4-8ab07bb69a54:192.168.164.211:33246, 84d87b42-83ce-4078-8a37-3864f9520041:192.168.164.211:42413] with ContainerStateMachine:uninitialized
2019-10-17 07:41:21,894 [pool-27-thread-1] INFO  server.RaftServerConfigKeys (ConfUtils.java:logGet(43)) - raft.server.storage.dir = [/workdir/hadoop-ozone/integration-test/target/test-dir/MiniOzoneClusterImpl-e6097d48-8480-4a37-8188-3862b7c67c50/datanode-0/data/ratis] (custom)
2019-10-17 07:41:21,894 [pool-47-thread-1] INFO  storage.RaftStorageDirectory (RaftStorageDirectory.java:analyzeStorage(246)) - The storage directory /workdir/hadoop-ozone/integration-test/target/test-dir/MiniOzoneClusterImpl-e6097d48-8480-4a37-8188-3862b7c67c50/datanode-2/data/ratis/6e647d31-eff2-4ddc-80e8-f450baf5df14 does not exist. Creating ...
2019-10-17 07:41:21,894 [pool-37-thread-1] INFO  server.RaftServerConfigKeys (ConfUtils.java:logGet(43)) - raft.server.rpc.timeout.min = 5s (custom)
2019-10-17 07:41:21,894 [pool-27-thread-1] INFO  server.RaftServerConfigKeys (ConfUtils.java:logGet(43)) - raft.server.log.corruption.policy = EXCEPTION (default)
2019-10-17 07:41:21,894 [pool-37-thread-1] INFO  server.RaftServerConfigKeys (ConfUtils.java:logGet(43)) - raft.server.rpc.timeout.max = 5200ms (custom)
2019-10-17 07:41:21,894 [pool-27-thread-1] INFO  storage.RaftStorageDirectory (RaftStorageDirectory.java:analyzeStorage(246)) - The storage directory /workdir/hadoop-ozone/integration-test/target/test-dir/MiniOzoneClusterImpl-e6097d48-8480-4a37-8188-3862b7c67c50/datanode-0/data/ratis/6e647d31-eff2-4ddc-80e8-f450baf5df14 does not exist. Creating ...
2019-10-17 07:41:21,894 [pool-37-thread-1] INFO  server.RaftServerConfigKeys (ConfUtils.java:logGet(43)) - raft.server.rpcslowness.timeout = 1000s (custom)
2019-10-17 07:41:21,895 [pool-37-thread-1] INFO  server.RaftServerConfigKeys (ConfUtils.java:logGet(43)) - raft.server.sleep.deviation.threshold = 300 (default)
2019-10-17 07:41:21,895 [pool-37-thread-1] INFO  server.RaftServerConfigKeys (ConfUtils.java:logGet(43)) - raft.server.log.appender.install.snapshot.enabled = false (custom)
2019-10-17 07:41:21,895 [pool-37-thread-1] INFO  impl.RaftServerImpl (ServerState.java:<init>(103)) - 6ea7cc1b-6dd1-4a6f-b526-a2c2472221ee@group-F450BAF5DF14: ConfigurationManager, init=-1: [6ea7cc1b-6dd1-4a6f-b526-a2c2472221ee:192.168.164.211:45347, 722c44df-b170-4eeb-abb4-8ab07bb69a54:192.168.164.211:33246, 84d87b42-83ce-4078-8a37-3864f9520041:192.168.164.211:42413], old=null, confs=<EMPTY_MAP>
2019-10-17 07:41:21,895 [pool-37-thread-1] INFO  server.RaftServerConfigKeys (ConfUtils.java:logGet(43)) - raft.server.storage.dir = [/workdir/hadoop-ozone/integration-test/target/test-dir/MiniOzoneClusterImpl-e6097d48-8480-4a37-8188-3862b7c67c50/datanode-1/data/ratis] (custom)
2019-10-17 07:41:21,895 [pool-37-thread-1] INFO  server.RaftServerConfigKeys (ConfUtils.java:logGet(43)) - raft.server.log.corruption.policy = EXCEPTION (default)
2019-10-17 07:41:21,896 [pool-37-thread-1] INFO  storage.RaftStorageDirectory (RaftStorageDirectory.java:analyzeStorage(246)) - The storage directory /workdir/hadoop-ozone/integration-test/target/test-dir/MiniOzoneClusterImpl-e6097d48-8480-4a37-8188-3862b7c67c50/datanode-1/data/ratis/6e647d31-eff2-4ddc-80e8-f450baf5df14 does not exist. Creating ...
2019-10-17 07:41:21,897 [Thread-194] INFO  impl.FollowerState (FollowerState.java:run(108)) - 84d87b42-83ce-4078-8a37-3864f9520041@group-1D8AAF838ABD-FollowerState: change to CANDIDATE, lastRpcTime:59ms, electionTimeout:59ms
2019-10-17 07:41:21,898 [Thread-194] INFO  impl.RoleInfo (RoleInfo.java:shutdownFollowerState(121)) - 84d87b42-83ce-4078-8a37-3864f9520041: shutdown FollowerState
2019-10-17 07:41:21,898 [Thread-194] INFO  impl.RaftServerImpl (RaftServerImpl.java:setRole(184)) - 84d87b42-83ce-4078-8a37-3864f9520041@group-1D8AAF838ABD: changes role from  FOLLOWER to CANDIDATE at term 0 for changeToCandidate
2019-10-17 07:41:21,899 [Thread-194] INFO  impl.RoleInfo (RoleInfo.java:updateAndGet(143)) - 84d87b42-83ce-4078-8a37-3864f9520041: start LeaderElection
2019-10-17 07:41:21,902 [722c44df-b170-4eeb-abb4-8ab07bb69a54@group-4992A3E89366-SegmentedRaftLogWorker] INFO  segmented.SegmentedRaftLogWorker (SegmentedRaftLogWorker.java:execute(576)) - 722c44df-b170-4eeb-abb4-8ab07bb69a54@group-4992A3E89366-SegmentedRaftLogWorker: created new log segment /workdir/hadoop-ozone/integration-test/target/test-dir/MiniOzoneClusterImpl-e6097d48-8480-4a37-8188-3862b7c67c50/datanode-0/data/ratis/21d24713-a0c3-487c-a818-4992a3e89366/current/log_inprogress_0
2019-10-17 07:41:21,911 [Thread-191] INFO  impl.FollowerState (FollowerState.java:run(108)) - 6ea7cc1b-6dd1-4a6f-b526-a2c2472221ee@group-3F917A92BABF-FollowerState: change to CANDIDATE, lastRpcTime:180ms, electionTimeout:180ms
2019-10-17 07:41:21,911 [Thread-191] INFO  impl.RoleInfo (RoleInfo.java:shutdownFollowerState(121)) - 6ea7cc1b-6dd1-4a6f-b526-a2c2472221ee: shutdown FollowerState
2019-10-17 07:41:21,911 [Thread-191] INFO  impl.RaftServerImpl (RaftServerImpl.java:setRole(184)) - 6ea7cc1b-6dd1-4a6f-b526-a2c2472221ee@group-3F917A92BABF: changes role from  FOLLOWER to CANDIDATE at term 0 for changeToCandidate
2019-10-17 07:41:21,912 [Thread-191] INFO  impl.RoleInfo (RoleInfo.java:updateAndGet(143)) - 6ea7cc1b-6dd1-4a6f-b526-a2c2472221ee: start LeaderElection
2019-10-17 07:41:21,919 [pool-27-thread-1] INFO  storage.RaftStorageDirectory (RaftStorageDirectory.java:tryLock(328)) - Lock on /workdir/hadoop-ozone/integration-test/target/test-dir/MiniOzoneClusterImpl-e6097d48-8480-4a37-8188-3862b7c67c50/datanode-0/data/ratis/6e647d31-eff2-4ddc-80e8-f450baf5df14/in_use.lock acquired by nodename 1358@pr-hdds-2283-cnrrq-1638407854
2019-10-17 07:41:21,919 [pool-37-thread-1] INFO  storage.RaftStorageDirectory (RaftStorageDirectory.java:tryLock(328)) - Lock on /workdir/hadoop-ozone/integration-test/target/test-dir/MiniOzoneClusterImpl-e6097d48-8480-4a37-8188-3862b7c67c50/datanode-1/data/ratis/6e647d31-eff2-4ddc-80e8-f450baf5df14/in_use.lock acquired by nodename 1358@pr-hdds-2283-cnrrq-1638407854
2019-10-17 07:41:21,919 [pool-47-thread-1] INFO  storage.RaftStorageDirectory (RaftStorageDirectory.java:tryLock(328)) - Lock on /workdir/hadoop-ozone/integration-test/target/test-dir/MiniOzoneClusterImpl-e6097d48-8480-4a37-8188-3862b7c67c50/datanode-2/data/ratis/6e647d31-eff2-4ddc-80e8-f450baf5df14/in_use.lock acquired by nodename 1358@pr-hdds-2283-cnrrq-1638407854
2019-10-17 07:41:21,919 [84d87b42-83ce-4078-8a37-3864f9520041@group-1D8AAF838ABD-LeaderElection2] INFO  impl.LeaderElection (LeaderElection.java:askForVotes(178)) - 84d87b42-83ce-4078-8a37-3864f9520041@group-1D8AAF838ABD-LeaderElection2: begin an election at term 1 for -1: [84d87b42-83ce-4078-8a37-3864f9520041:192.168.164.211:42413], old=null
2019-10-17 07:41:21,921 [84d87b42-83ce-4078-8a37-3864f9520041@group-1D8AAF838ABD-LeaderElection2] INFO  impl.RoleInfo (RoleInfo.java:shutdownLeaderElection(134)) - 84d87b42-83ce-4078-8a37-3864f9520041: shutdown LeaderElection
2019-10-17 07:41:21,921 [84d87b42-83ce-4078-8a37-3864f9520041@group-1D8AAF838ABD-LeaderElection2] INFO  impl.RaftServerImpl (RaftServerImpl.java:setRole(184)) - 84d87b42-83ce-4078-8a37-3864f9520041@group-1D8AAF838ABD: changes role from CANDIDATE to LEADER at term 1 for changeToLeader
2019-10-17 07:41:21,921 [84d87b42-83ce-4078-8a37-3864f9520041@group-1D8AAF838ABD-LeaderElection2] INFO  impl.RaftServerImpl (ServerState.java:setLeader(256)) - 84d87b42-83ce-4078-8a37-3864f9520041@group-1D8AAF838ABD: change Leader from null to 84d87b42-83ce-4078-8a37-3864f9520041 at term 1 for becomeLeader, leader elected after 99ms
2019-10-17 07:41:21,921 [84d87b42-83ce-4078-8a37-3864f9520041@group-1D8AAF838ABD-LeaderElection2] INFO  server.RaftServerConfigKeys (ConfUtils.java:logGet(43)) - raft.server.staging.catchup.gap = 1000 (default)
2019-10-17 07:41:21,921 [84d87b42-83ce-4078-8a37-3864f9520041@group-1D8AAF838ABD-LeaderElection2] INFO  server.RaftServerConfigKeys (ConfUtils.java:logGet(43)) - raft.server.rpc.sleep.time = 25ms (default)
2019-10-17 07:41:21,922 [84d87b42-83ce-4078-8a37-3864f9520041@group-1D8AAF838ABD-LeaderElection2] INFO  server.RaftServerConfigKeys (ConfUtils.java:logGet(43)) - raft.server.write.element-limit = 4096 (default)
2019-10-17 07:41:21,922 [84d87b42-83ce-4078-8a37-3864f9520041@group-1D8AAF838ABD-LeaderElection2] INFO  server.RaftServerConfigKeys (ConfUtils.java:logGet(43)) - raft.server.watch.timeout = 10s (default)
2019-10-17 07:41:21,922 [84d87b42-83ce-4078-8a37-3864f9520041@group-1D8AAF838ABD-LeaderElection2] INFO  server.RaftServerConfigKeys (ConfUtils.java:logGet(43)) - raft.server.watch.timeout.denomination = 1s (default)
2019-10-17 07:41:21,922 [84d87b42-83ce-4078-8a37-3864f9520041@group-1D8AAF838ABD-LeaderElection2] INFO  server.RaftServerConfigKeys (ConfUtils.java:logGet(43)) - raft.server.watch.element-limit = 65536 (default)
2019-10-17 07:41:21,926 [84d87b42-83ce-4078-8a37-3864f9520041@group-1D8AAF838ABD-LeaderElection2] INFO  impl.RoleInfo (RoleInfo.java:updateAndGet(143)) - 84d87b42-83ce-4078-8a37-3864f9520041: start LeaderState
2019-10-17 07:41:21,927 [84d87b42-83ce-4078-8a37-3864f9520041@group-1D8AAF838ABD-LeaderElection2] INFO  segmented.SegmentedRaftLogWorker (SegmentedRaftLogWorker.java:startLogSegment(385)) - 84d87b42-83ce-4078-8a37-3864f9520041@group-1D8AAF838ABD-SegmentedRaftLogWorker: Starting segment from index:0
2019-10-17 07:41:21,927 [84d87b42-83ce-4078-8a37-3864f9520041@group-1D8AAF838ABD-LeaderElection2] INFO  impl.RaftServerImpl (ServerState.java:setRaftConf(357)) - 84d87b42-83ce-4078-8a37-3864f9520041@group-1D8AAF838ABD: set configuration 0: [84d87b42-83ce-4078-8a37-3864f9520041:192.168.164.211:42413], old=null at 0
2019-10-17 07:41:21,937 [pool-47-thread-1] INFO  storage.RaftStorage (RaftStorage.java:format(84)) - Storage directory /workdir/hadoop-ozone/integration-test/target/test-dir/MiniOzoneClusterImpl-e6097d48-8480-4a37-8188-3862b7c67c50/datanode-2/data/ratis/6e647d31-eff2-4ddc-80e8-f450baf5df14 has been successfully formatted.
2019-10-17 07:41:21,937 [6ea7cc1b-6dd1-4a6f-b526-a2c2472221ee@group-3F917A92BABF-LeaderElection3] INFO  impl.LeaderElection (LeaderElection.java:askForVotes(178)) - 6ea7cc1b-6dd1-4a6f-b526-a2c2472221ee@group-3F917A92BABF-LeaderElection3: begin an election at term 1 for -1: [6ea7cc1b-6dd1-4a6f-b526-a2c2472221ee:192.168.164.211:45347], old=null
2019-10-17 07:41:21,937 [pool-37-thread-1] INFO  storage.RaftStorage (RaftStorage.java:format(84)) - Storage directory /workdir/hadoop-ozone/integration-test/target/test-dir/MiniOzoneClusterImpl-e6097d48-8480-4a37-8188-3862b7c67c50/datanode-1/data/ratis/6e647d31-eff2-4ddc-80e8-f450baf5df14 has been successfully formatted.
2019-10-17 07:41:21,937 [pool-27-thread-1] INFO  storage.RaftStorage (RaftStorage.java:format(84)) - Storage directory /workdir/hadoop-ozone/integration-test/target/test-dir/MiniOzoneClusterImpl-e6097d48-8480-4a37-8188-3862b7c67c50/datanode-0/data/ratis/6e647d31-eff2-4ddc-80e8-f450baf5df14 has been successfully formatted.
2019-10-17 07:41:21,937 [pool-37-thread-1] INFO  ratis.ContainerStateMachine (ContainerStateMachine.java:loadSnapshot(231)) - group-F450BAF5DF14: The snapshot info is null. Setting the last applied indexto:(t:0, i:~)
2019-10-17 07:41:21,937 [pool-47-thread-1] INFO  ratis.ContainerStateMachine (ContainerStateMachine.java:loadSnapshot(231)) - group-F450BAF5DF14: The snapshot info is null. Setting the last applied indexto:(t:0, i:~)
2019-10-17 07:41:21,938 [pool-27-thread-1] INFO  ratis.ContainerStateMachine (ContainerStateMachine.java:loadSnapshot(231)) - group-F450BAF5DF14: The snapshot info is null. Setting the last applied indexto:(t:0, i:~)
2019-10-17 07:41:21,937 [6ea7cc1b-6dd1-4a6f-b526-a2c2472221ee@group-3F917A92BABF-LeaderElection3] INFO  impl.RoleInfo (RoleInfo.java:shutdownLeaderElection(134)) - 6ea7cc1b-6dd1-4a6f-b526-a2c2472221ee: shutdown LeaderElection
2019-10-17 07:41:21,938 [pool-27-thread-1] INFO  server.RaftServerConfigKeys (ConfUtils.java:logGet(43)) - raft.server.notification.no-leader.timeout = 1000s (custom)
2019-10-17 07:41:21,938 [pool-47-thread-1] INFO  server.RaftServerConfigKeys (ConfUtils.java:logGet(43)) - raft.server.notification.no-leader.timeout = 1000s (custom)
2019-10-17 07:41:21,938 [pool-37-thread-1] INFO  server.RaftServerConfigKeys (ConfUtils.java:logGet(43)) - raft.server.notification.no-leader.timeout = 1000s (custom)
2019-10-17 07:41:21,938 [pool-47-thread-1] INFO  server.RaftServerConfigKeys (ConfUtils.java:logGet(43)) - raft.server.log.use.memory = false (default)
2019-10-17 07:41:21,938 [pool-27-thread-1] INFO  server.RaftServerConfigKeys (ConfUtils.java:logGet(43)) - raft.server.log.use.memory = false (default)
2019-10-17 07:41:21,938 [6ea7cc1b-6dd1-4a6f-b526-a2c2472221ee@group-3F917A92BABF-LeaderElection3] INFO  impl.RaftServerImpl (RaftServerImpl.java:setRole(184)) - 6ea7cc1b-6dd1-4a6f-b526-a2c2472221ee@group-3F917A92BABF: changes role from CANDIDATE to LEADER at term 1 for changeToLeader
2019-10-17 07:41:21,938 [pool-27-thread-1] INFO  server.RaftServerConfigKeys (ConfUtils.java:logGet(43)) - raft.server.log.purge.gap = 1000000 (custom)
2019-10-17 07:41:21,938 [pool-47-thread-1] INFO  server.RaftServerConfigKeys (ConfUtils.java:logGet(43)) - raft.server.log.purge.gap = 1000000 (custom)
2019-10-17 07:41:21,938 [pool-37-thread-1] INFO  server.RaftServerConfigKeys (ConfUtils.java:logGet(43)) - raft.server.log.use.memory = false (default)
2019-10-17 07:41:21,939 [pool-47-thread-1] INFO  server.RaftServerConfigKeys (ConfUtils.java:logGet(43)) - raft.server.log.appender.buffer.byte-limit = 33554432 (custom)
2019-10-17 07:41:21,939 [pool-47-thread-1] INFO  server.RaftServerConfigKeys (ConfUtils.java:logGet(43)) - raft.server.log.segment.size.max = 1048576 (custom)
2019-10-17 07:41:21,939 [pool-27-thread-1] INFO  server.RaftServerConfigKeys (ConfUtils.java:logGet(43)) - raft.server.log.appender.buffer.byte-limit = 33554432 (custom)
2019-10-17 07:41:21,939 [6ea7cc1b-6dd1-4a6f-b526-a2c2472221ee@group-3F917A92BABF-LeaderElection3] INFO  impl.RaftServerImpl (ServerState.java:setLeader(256)) - 6ea7cc1b-6dd1-4a6f-b526-a2c2472221ee@group-3F917A92BABF: change Leader from null to 6ea7cc1b-6dd1-4a6f-b526-a2c2472221ee at term 1 for becomeLeader, leader elected after 241ms
2019-10-17 07:41:21,940 [pool-27-thread-1] INFO  server.RaftServerConfigKeys (ConfUtils.java:logGet(43)) - raft.server.log.segment.size.max = 1048576 (custom)
2019-10-17 07:41:21,939 [pool-47-thread-1] INFO  server.RaftServerConfigKeys (ConfUtils.java:logGet(43)) - raft.server.log.segment.cache.num.max = 2 (custom)
2019-10-17 07:41:21,939 [pool-37-thread-1] INFO  server.RaftServerConfigKeys (ConfUtils.java:logGet(43)) - raft.server.log.purge.gap = 1000000 (custom)
2019-10-17 07:41:21,940 [pool-47-thread-1] INFO  segmented.SegmentedRaftLogWorker (SegmentedRaftLogWorker.java:<init>(173)) - new 84d87b42-83ce-4078-8a37-3864f9520041@group-F450BAF5DF14-SegmentedRaftLogWorker for RaftStorage:Storage Directory /workdir/hadoop-ozone/integration-test/target/test-dir/MiniOzoneClusterImpl-e6097d48-8480-4a37-8188-3862b7c67c50/datanode-2/data/ratis/6e647d31-eff2-4ddc-80e8-f450baf5df14
2019-10-17 07:41:21,940 [pool-27-thread-1] INFO  server.RaftServerConfigKeys (ConfUtils.java:logGet(43)) - raft.server.log.segment.cache.num.max = 2 (custom)
2019-10-17 07:41:21,940 [6ea7cc1b-6dd1-4a6f-b526-a2c2472221ee@group-3F917A92BABF-LeaderElection3] INFO  server.RaftServerConfigKeys (ConfUtils.java:logGet(43)) - raft.server.staging.catchup.gap = 1000 (default)
2019-10-17 07:41:21,941 [pool-27-thread-1] INFO  segmented.SegmentedRaftLogWorker (SegmentedRaftLogWorker.java:<init>(173)) - new 722c44df-b170-4eeb-abb4-8ab07bb69a54@group-F450BAF5DF14-SegmentedRaftLogWorker for RaftStorage:Storage Directory /workdir/hadoop-ozone/integration-test/target/test-dir/MiniOzoneClusterImpl-e6097d48-8480-4a37-8188-3862b7c67c50/datanode-0/data/ratis/6e647d31-eff2-4ddc-80e8-f450baf5df14
2019-10-17 07:41:21,941 [pool-47-thread-1] INFO  server.RaftServerConfigKeys (ConfUtils.java:logGet(43)) - raft.server.log.queue.byte-limit = 2147483647 (custom)
2019-10-17 07:41:21,940 [pool-37-thread-1] INFO  server.RaftServerConfigKeys (ConfUtils.java:logGet(43)) - raft.server.log.appender.buffer.byte-limit = 33554432 (custom)
2019-10-17 07:41:21,941 [pool-47-thread-1] INFO  server.RaftServerConfigKeys (ConfUtils.java:logGet(43)) - raft.server.log.queue.element-limit = 1024 (custom)
2019-10-17 07:41:21,941 [pool-27-thread-1] INFO  server.RaftServerConfigKeys (ConfUtils.java:logGet(43)) - raft.server.log.queue.byte-limit = 2147483647 (custom)
2019-10-17 07:41:21,941 [6ea7cc1b-6dd1-4a6f-b526-a2c2472221ee@group-3F917A92BABF-LeaderElection3] INFO  server.RaftServerConfigKeys (ConfUtils.java:logGet(43)) - raft.server.rpc.sleep.time = 25ms (default)
2019-10-17 07:41:21,942 [pool-27-thread-1] INFO  server.RaftServerConfigKeys (ConfUtils.java:logGet(43)) - raft.server.log.queue.element-limit = 1024 (custom)
2019-10-17 07:41:21,942 [pool-47-thread-1] INFO  server.RaftServerConfigKeys (ConfUtils.java:logGet(43)) - raft.server.log.segment.size.max = 1048576 (custom)
2019-10-17 07:41:21,942 [pool-37-thread-1] INFO  server.RaftServerConfigKeys (ConfUtils.java:logGet(43)) - raft.server.log.segment.size.max = 1048576 (custom)
2019-10-17 07:41:21,942 [pool-47-thread-1] INFO  server.RaftServerConfigKeys (ConfUtils.java:logGet(43)) - raft.server.log.preallocated.size = 16384 (custom)
2019-10-17 07:41:21,943 [pool-47-thread-1] INFO  server.RaftServerConfigKeys (ConfUtils.java:logGet(43)) - raft.server.log.write.buffer.size = 33554432 (custom)
2019-10-17 07:41:21,943 [pool-47-thread-1] INFO  server.RaftServerConfigKeys (ConfUtils.java:logGet(43)) - raft.server.log.force.sync.num = 128 (default)
2019-10-17 07:41:21,943 [pool-47-thread-1] INFO  server.RaftServerConfigKeys (ConfUtils.java:logGet(43)) - raft.server.log.statemachine.data.sync = true (default)
2019-10-17 07:41:21,943 [pool-47-thread-1] INFO  server.RaftServerConfigKeys (ConfUtils.java:logGet(43)) - raft.server.log.statemachine.data.sync.timeout = 10s (default)
2019-10-17 07:41:21,944 [pool-47-thread-1] INFO  server.RaftServerConfigKeys (ConfUtils.java:logGet(43)) - raft.server.log.statemachine.data.sync.timeout.retry = -1 (default)
2019-10-17 07:41:21,944 [pool-47-thread-1] INFO  server.RaftServerConfigKeys (ConfUtils.java:logGet(43)) - raft.server.log.statemachine.data.caching.enabled = true (custom)
2019-10-17 07:41:21,942 [pool-27-thread-1] INFO  server.RaftServerConfigKeys (ConfUtils.java:logGet(43)) - raft.server.log.segment.size.max = 1048576 (custom)
2019-10-17 07:41:21,945 [pool-47-thread-1] INFO  segmented.SegmentedRaftLogWorker (SegmentedRaftLogWorker.java:lambda$new$0(128)) - 84d87b42-83ce-4078-8a37-3864f9520041@group-F450BAF5DF14-SegmentedRaftLogWorker: flushIndex: setUnconditionally 0 -> -1
2019-10-17 07:41:21,942 [6ea7cc1b-6dd1-4a6f-b526-a2c2472221ee@group-3F917A92BABF-LeaderElection3] INFO  server.RaftServerConfigKeys (ConfUtils.java:logGet(43)) - raft.server.write.element-limit = 4096 (default)
2019-10-17 07:41:21,945 [pool-27-thread-1] INFO  server.RaftServerConfigKeys (ConfUtils.java:logGet(43)) - raft.server.log.preallocated.size = 16384 (custom)
2019-10-17 07:41:21,943 [pool-37-thread-1] INFO  server.RaftServerConfigKeys (ConfUtils.java:logGet(43)) - raft.server.log.segment.cache.num.max = 2 (custom)
2019-10-17 07:41:21,945 [pool-27-thread-1] INFO  server.RaftServerConfigKeys (ConfUtils.java:logGet(43)) - raft.server.log.write.buffer.size = 33554432 (custom)
2019-10-17 07:41:21,945 [6ea7cc1b-6dd1-4a6f-b526-a2c2472221ee@group-3F917A92BABF-LeaderElection3] INFO  server.RaftServerConfigKeys (ConfUtils.java:logGet(43)) - raft.server.watch.timeout = 10s (default)
2019-10-17 07:41:21,945 [pool-47-thread-1] INFO  server.RaftServerConfigKeys (ConfUtils.java:logGet(43)) - raft.server.snapshot.auto.trigger.enabled = true (custom)
2019-10-17 07:41:21,946 [6ea7cc1b-6dd1-4a6f-b526-a2c2472221ee@group-3F917A92BABF-LeaderElection3] INFO  server.RaftServerConfigKeys (ConfUtils.java:logGet(43)) - raft.server.watch.timeout.denomination = 1s (default)
2019-10-17 07:41:21,946 [pool-27-thread-1] INFO  server.RaftServerConfigKeys (ConfUtils.java:logGet(43)) - raft.server.log.force.sync.num = 128 (default)
2019-10-17 07:41:21,945 [pool-37-thread-1] INFO  segmented.SegmentedRaftLogWorker (SegmentedRaftLogWorker.java:<init>(173)) - new 6ea7cc1b-6dd1-4a6f-b526-a2c2472221ee@group-F450BAF5DF14-SegmentedRaftLogWorker for RaftStorage:Storage Directory /workdir/hadoop-ozone/integration-test/target/test-dir/MiniOzoneClusterImpl-e6097d48-8480-4a37-8188-3862b7c67c50/datanode-1/data/ratis/6e647d31-eff2-4ddc-80e8-f450baf5df14
2019-10-17 07:41:21,946 [pool-27-thread-1] INFO  server.RaftServerConfigKeys (ConfUtils.java:logGet(43)) - raft.server.log.statemachine.data.sync = true (default)
2019-10-17 07:41:21,946 [6ea7cc1b-6dd1-4a6f-b526-a2c2472221ee@group-3F917A92BABF-LeaderElection3] INFO  server.RaftServerConfigKeys (ConfUtils.java:logGet(43)) - raft.server.watch.element-limit = 65536 (default)
2019-10-17 07:41:21,946 [pool-47-thread-1] INFO  server.RaftServerConfigKeys (ConfUtils.java:logGet(43)) - raft.server.snapshot.auto.trigger.threshold = 10000 (custom)
2019-10-17 07:41:21,947 [pool-27-thread-1] INFO  server.RaftServerConfigKeys (ConfUtils.java:logGet(43)) - raft.server.log.statemachine.data.sync.timeout = 10s (default)
2019-10-17 07:41:21,946 [pool-37-thread-1] INFO  server.RaftServerConfigKeys (ConfUtils.java:logGet(43)) - raft.server.log.queue.byte-limit = 2147483647 (custom)
2019-10-17 07:41:21,947 [pool-27-thread-1] INFO  server.RaftServerConfigKeys (ConfUtils.java:logGet(43)) - raft.server.log.statemachine.data.sync.timeout.retry = -1 (default)
2019-10-17 07:41:21,947 [pool-47-thread-1] INFO  server.RaftServerConfigKeys (ConfUtils.java:logGet(43)) - raft.server.snapshot.retention.file.num = 5 (custom)
2019-10-17 07:41:21,948 [pool-37-thread-1] INFO  server.RaftServerConfigKeys (ConfUtils.java:logGet(43)) - raft.server.log.queue.element-limit = 1024 (custom)
2019-10-17 07:41:21,948 [pool-47-thread-1] INFO  server.RaftServerConfigKeys (ConfUtils.java:logGet(43)) - raft.server.retrycache.expirytime = 600000ms (custom)
2019-10-17 07:41:21,948 [pool-27-thread-1] INFO  server.RaftServerConfigKeys (ConfUtils.java:logGet(43)) - raft.server.log.statemachine.data.caching.enabled = true (custom)
2019-10-17 07:41:21,948 [pool-37-thread-1] INFO  server.RaftServerConfigKeys (ConfUtils.java:logGet(43)) - raft.server.log.segment.size.max = 1048576 (custom)
2019-10-17 07:41:21,949 [pool-37-thread-1] INFO  server.RaftServerConfigKeys (ConfUtils.java:logGet(43)) - raft.server.log.preallocated.size = 16384 (custom)
2019-10-17 07:41:21,949 [pool-27-thread-1] INFO  segmented.SegmentedRaftLogWorker (SegmentedRaftLogWorker.java:lambda$new$0(128)) - 722c44df-b170-4eeb-abb4-8ab07bb69a54@group-F450BAF5DF14-SegmentedRaftLogWorker: flushIndex: setUnconditionally 0 -> -1
2019-10-17 07:41:21,949 [pool-37-thread-1] INFO  server.RaftServerConfigKeys (ConfUtils.java:logGet(43)) - raft.server.log.write.buffer.size = 33554432 (custom)
2019-10-17 07:41:21,950 [pool-37-thread-1] INFO  server.RaftServerConfigKeys (ConfUtils.java:logGet(43)) - raft.server.log.force.sync.num = 128 (default)
2019-10-17 07:41:21,950 [pool-27-thread-1] INFO  server.RaftServerConfigKeys (ConfUtils.java:logGet(43)) - raft.server.snapshot.auto.trigger.enabled = true (custom)
2019-10-17 07:41:21,950 [pool-37-thread-1] INFO  server.RaftServerConfigKeys (ConfUtils.java:logGet(43)) - raft.server.log.statemachine.data.sync = true (default)
2019-10-17 07:41:21,950 [pool-27-thread-1] INFO  server.RaftServerConfigKeys (ConfUtils.java:logGet(43)) - raft.server.snapshot.auto.trigger.threshold = 10000 (custom)
2019-10-17 07:41:21,950 [pool-37-thread-1] INFO  server.RaftServerConfigKeys (ConfUtils.java:logGet(43)) - raft.server.log.statemachine.data.sync.timeout = 10s (default)
2019-10-17 07:41:21,951 [pool-37-thread-1] INFO  server.RaftServerConfigKeys (ConfUtils.java:logGet(43)) - raft.server.log.statemachine.data.sync.timeout.retry = -1 (default)
2019-10-17 07:41:21,950 [pool-27-thread-1] INFO  server.RaftServerConfigKeys (ConfUtils.java:logGet(43)) - raft.server.snapshot.retention.file.num = 5 (custom)
2019-10-17 07:41:21,951 [pool-37-thread-1] INFO  server.RaftServerConfigKeys (ConfUtils.java:logGet(43)) - raft.server.log.statemachine.data.caching.enabled = true (custom)
2019-10-17 07:41:21,951 [pool-27-thread-1] INFO  server.RaftServerConfigKeys (ConfUtils.java:logGet(43)) - raft.server.retrycache.expirytime = 600000ms (custom)
2019-10-17 07:41:21,952 [6ea7cc1b-6dd1-4a6f-b526-a2c2472221ee@group-3F917A92BABF-LeaderElection3] INFO  impl.RoleInfo (RoleInfo.java:updateAndGet(143)) - 6ea7cc1b-6dd1-4a6f-b526-a2c2472221ee: start LeaderState
2019-10-17 07:41:21,952 [pool-37-thread-1] INFO  segmented.SegmentedRaftLogWorker (SegmentedRaftLogWorker.java:lambda$new$0(128)) - 6ea7cc1b-6dd1-4a6f-b526-a2c2472221ee@group-F450BAF5DF14-SegmentedRaftLogWorker: flushIndex: setUnconditionally 0 -> -1
2019-10-17 07:41:21,952 [pool-47-thread-1] INFO  impl.RaftServerImpl (RaftServerImpl.java:start(195)) - 84d87b42-83ce-4078-8a37-3864f9520041@group-F450BAF5DF14: start as a follower, conf=-1: [6ea7cc1b-6dd1-4a6f-b526-a2c2472221ee:192.168.164.211:45347, 722c44df-b170-4eeb-abb4-8ab07bb69a54:192.168.164.211:33246, 84d87b42-83ce-4078-8a37-3864f9520041:192.168.164.211:42413], old=null
2019-10-17 07:41:21,952 [6ea7cc1b-6dd1-4a6f-b526-a2c2472221ee@group-3F917A92BABF-LeaderElection3] INFO  segmented.SegmentedRaftLogWorker (SegmentedRaftLogWorker.java:startLogSegment(385)) - 6ea7cc1b-6dd1-4a6f-b526-a2c2472221ee@group-3F917A92BABF-SegmentedRaftLogWorker: Starting segment from index:0
2019-10-17 07:41:21,952 [pool-37-thread-1] INFO  server.RaftServerConfigKeys (ConfUtils.java:logGet(43)) - raft.server.snapshot.auto.trigger.enabled = true (custom)
2019-10-17 07:41:21,952 [pool-47-thread-1] INFO  impl.RaftServerImpl (RaftServerImpl.java:setRole(184)) - 84d87b42-83ce-4078-8a37-3864f9520041@group-F450BAF5DF14: changes role from      null to FOLLOWER at term 0 for startAsFollower
2019-10-17 07:41:21,953 [pool-37-thread-1] INFO  server.RaftServerConfigKeys (ConfUtils.java:logGet(43)) - raft.server.snapshot.auto.trigger.threshold = 10000 (custom)
2019-10-17 07:41:21,953 [pool-47-thread-1] INFO  impl.RoleInfo (RoleInfo.java:updateAndGet(143)) - 84d87b42-83ce-4078-8a37-3864f9520041: start FollowerState
2019-10-17 07:41:21,953 [pool-37-thread-1] INFO  server.RaftServerConfigKeys (ConfUtils.java:logGet(43)) - raft.server.snapshot.retention.file.num = 5 (custom)
2019-10-17 07:41:21,954 [pool-37-thread-1] INFO  server.RaftServerConfigKeys (ConfUtils.java:logGet(43)) - raft.server.retrycache.expirytime = 600000ms (custom)
2019-10-17 07:41:21,954 [pool-47-thread-1] INFO  util.JmxRegister (JmxRegister.java:tryRegister(44)) - Successfully registered JMX Bean with object name Ratis:service=RaftServer,group=group-F450BAF5DF14,id=84d87b42-83ce-4078-8a37-3864f9520041
2019-10-17 07:41:21,954 [6ea7cc1b-6dd1-4a6f-b526-a2c2472221ee@group-3F917A92BABF-LeaderElection3] INFO  impl.RaftServerImpl (ServerState.java:setRaftConf(357)) - 6ea7cc1b-6dd1-4a6f-b526-a2c2472221ee@group-3F917A92BABF: set configuration 0: [6ea7cc1b-6dd1-4a6f-b526-a2c2472221ee:192.168.164.211:45347], old=null at 0
2019-10-17 07:41:21,984 [pool-27-thread-1] INFO  impl.RaftServerImpl (RaftServerImpl.java:start(195)) - 722c44df-b170-4eeb-abb4-8ab07bb69a54@group-F450BAF5DF14: start as a follower, conf=-1: [6ea7cc1b-6dd1-4a6f-b526-a2c2472221ee:192.168.164.211:45347, 722c44df-b170-4eeb-abb4-8ab07bb69a54:192.168.164.211:33246, 84d87b42-83ce-4078-8a37-3864f9520041:192.168.164.211:42413], old=null
2019-10-17 07:41:21,984 [pool-27-thread-1] INFO  impl.RaftServerImpl (RaftServerImpl.java:setRole(184)) - 722c44df-b170-4eeb-abb4-8ab07bb69a54@group-F450BAF5DF14: changes role from      null to FOLLOWER at term 0 for startAsFollower
2019-10-17 07:41:21,984 [pool-27-thread-1] INFO  impl.RoleInfo (RoleInfo.java:updateAndGet(143)) - 722c44df-b170-4eeb-abb4-8ab07bb69a54: start FollowerState
2019-10-17 07:41:21,984 [pool-27-thread-1] INFO  util.JmxRegister (JmxRegister.java:tryRegister(44)) - Successfully registered JMX Bean with object name Ratis:service=RaftServer,group=group-F450BAF5DF14,id=722c44df-b170-4eeb-abb4-8ab07bb69a54
2019-10-17 07:41:21,985 [pool-37-thread-1] INFO  impl.RaftServerImpl (RaftServerImpl.java:start(195)) - 6ea7cc1b-6dd1-4a6f-b526-a2c2472221ee@group-F450BAF5DF14: start as a follower, conf=-1: [6ea7cc1b-6dd1-4a6f-b526-a2c2472221ee:192.168.164.211:45347, 722c44df-b170-4eeb-abb4-8ab07bb69a54:192.168.164.211:33246, 84d87b42-83ce-4078-8a37-3864f9520041:192.168.164.211:42413], old=null
2019-10-17 07:41:21,985 [pool-37-thread-1] INFO  impl.RaftServerImpl (RaftServerImpl.java:setRole(184)) - 6ea7cc1b-6dd1-4a6f-b526-a2c2472221ee@group-F450BAF5DF14: changes role from      null to FOLLOWER at term 0 for startAsFollower
2019-10-17 07:41:21,985 [pool-37-thread-1] INFO  impl.RoleInfo (RoleInfo.java:updateAndGet(143)) - 6ea7cc1b-6dd1-4a6f-b526-a2c2472221ee: start FollowerState
2019-10-17 07:41:21,986 [pool-37-thread-1] INFO  util.JmxRegister (JmxRegister.java:tryRegister(44)) - Successfully registered JMX Bean with object name Ratis:service=RaftServer,group=group-F450BAF5DF14,id=6ea7cc1b-6dd1-4a6f-b526-a2c2472221ee
2019-10-17 07:41:22,006 [RatisPipelineUtilsThread] INFO  pipeline.PipelineStateManager (PipelineStateManager.java:addPipeline(56)) - Created pipeline Pipeline[ Id: 6e647d31-eff2-4ddc-80e8-f450baf5df14, Nodes: 6ea7cc1b-6dd1-4a6f-b526-a2c2472221ee{ip: 192.168.164.211, host: pr-hdds-2283-cnrrq-1638407854, networkLocation: /default-rack, certSerialId: null}84d87b42-83ce-4078-8a37-3864f9520041{ip: 192.168.164.211, host: pr-hdds-2283-cnrrq-1638407854, networkLocation: /default-rack, certSerialId: null}722c44df-b170-4eeb-abb4-8ab07bb69a54{ip: 192.168.164.211, host: pr-hdds-2283-cnrrq-1638407854, networkLocation: /default-rack, certSerialId: null}, Type:RATIS, Factor:THREE, State:OPEN]
2019-10-17 07:41:22,009 [main] INFO  ozone.MiniOzoneClusterImpl (MiniOzoneClusterImpl.java:lambda$waitForClusterToBeReady$0(147)) - Cluster is ready. Got 3 of 3 DN Heartbeats.
2019-10-17 07:41:22,012 [6ea7cc1b-6dd1-4a6f-b526-a2c2472221ee@group-3F917A92BABF-SegmentedRaftLogWorker] INFO  segmented.SegmentedRaftLogWorker (SegmentedRaftLogWorker.java:execute(576)) - 6ea7cc1b-6dd1-4a6f-b526-a2c2472221ee@group-3F917A92BABF-SegmentedRaftLogWorker: created new log segment /workdir/hadoop-ozone/integration-test/target/test-dir/MiniOzoneClusterImpl-e6097d48-8480-4a37-8188-3862b7c67c50/datanode-1/data/ratis/86d3d250-dc32-4a6a-9ad8-3f917a92babf/current/log_inprogress_0
2019-10-17 07:41:22,012 [84d87b42-83ce-4078-8a37-3864f9520041@group-1D8AAF838ABD-SegmentedRaftLogWorker] INFO  segmented.SegmentedRaftLogWorker (SegmentedRaftLogWorker.java:execute(576)) - 84d87b42-83ce-4078-8a37-3864f9520041@group-1D8AAF838ABD-SegmentedRaftLogWorker: created new log segment /workdir/hadoop-ozone/integration-test/target/test-dir/MiniOzoneClusterImpl-e6097d48-8480-4a37-8188-3862b7c67c50/datanode-2/data/ratis/ef0d0675-0d45-403c-ba89-1d8aaf838abd/current/log_inprogress_0
2019-10-17 07:41:22,016 [Thread-202] INFO  impl.FollowerState (FollowerState.java:run(108)) - 84d87b42-83ce-4078-8a37-3864f9520041@group-F450BAF5DF14-FollowerState: change to CANDIDATE, lastRpcTime:62ms, electionTimeout:62ms
2019-10-17 07:41:22,016 [Thread-202] INFO  impl.RoleInfo (RoleInfo.java:shutdownFollowerState(121)) - 84d87b42-83ce-4078-8a37-3864f9520041: shutdown FollowerState
2019-10-17 07:41:22,016 [Thread-202] INFO  impl.RaftServerImpl (RaftServerImpl.java:setRole(184)) - 84d87b42-83ce-4078-8a37-3864f9520041@group-F450BAF5DF14: changes role from  FOLLOWER to CANDIDATE at term 0 for changeToCandidate
2019-10-17 07:41:22,017 [Thread-202] INFO  impl.RoleInfo (RoleInfo.java:updateAndGet(143)) - 84d87b42-83ce-4078-8a37-3864f9520041: start LeaderElection
2019-10-17 07:41:22,027 [Thread-204] INFO  impl.FollowerState (FollowerState.java:run(108)) - 722c44df-b170-4eeb-abb4-8ab07bb69a54@group-F450BAF5DF14-FollowerState: change to CANDIDATE, lastRpcTime:42ms, electionTimeout:42ms
2019-10-17 07:41:22,027 [Thread-204] INFO  impl.RoleInfo (RoleInfo.java:shutdownFollowerState(121)) - 722c44df-b170-4eeb-abb4-8ab07bb69a54: shutdown FollowerState
2019-10-17 07:41:22,027 [Thread-204] INFO  impl.RaftServerImpl (RaftServerImpl.java:setRole(184)) - 722c44df-b170-4eeb-abb4-8ab07bb69a54@group-F450BAF5DF14: changes role from  FOLLOWER to CANDIDATE at term 0 for changeToCandidate
2019-10-17 07:41:22,027 [Thread-204] INFO  impl.RoleInfo (RoleInfo.java:updateAndGet(143)) - 722c44df-b170-4eeb-abb4-8ab07bb69a54: start LeaderElection
2019-10-17 07:41:22,037 [84d87b42-83ce-4078-8a37-3864f9520041@group-F450BAF5DF14-LeaderElection4] INFO  impl.LeaderElection (LeaderElection.java:askForVotes(178)) - 84d87b42-83ce-4078-8a37-3864f9520041@group-F450BAF5DF14-LeaderElection4: begin an election at term 1 for -1: [6ea7cc1b-6dd1-4a6f-b526-a2c2472221ee:192.168.164.211:45347, 722c44df-b170-4eeb-abb4-8ab07bb69a54:192.168.164.211:33246, 84d87b42-83ce-4078-8a37-3864f9520041:192.168.164.211:42413], old=null
2019-10-17 07:41:22,053 [Thread-205] INFO  impl.FollowerState (FollowerState.java:run(108)) - 6ea7cc1b-6dd1-4a6f-b526-a2c2472221ee@group-F450BAF5DF14-FollowerState: change to CANDIDATE, lastRpcTime:67ms, electionTimeout:67ms
2019-10-17 07:41:22,054 [Thread-205] INFO  impl.RoleInfo (RoleInfo.java:shutdownFollowerState(121)) - 6ea7cc1b-6dd1-4a6f-b526-a2c2472221ee: shutdown FollowerState
2019-10-17 07:41:22,054 [Thread-205] INFO  impl.RaftServerImpl (RaftServerImpl.java:setRole(184)) - 6ea7cc1b-6dd1-4a6f-b526-a2c2472221ee@group-F450BAF5DF14: changes role from  FOLLOWER to CANDIDATE at term 0 for changeToCandidate
2019-10-17 07:41:22,054 [722c44df-b170-4eeb-abb4-8ab07bb69a54@group-F450BAF5DF14-LeaderElection5] INFO  impl.LeaderElection (LeaderElection.java:askForVotes(178)) - 722c44df-b170-4eeb-abb4-8ab07bb69a54@group-F450BAF5DF14-LeaderElection5: begin an election at term 1 for -1: [6ea7cc1b-6dd1-4a6f-b526-a2c2472221ee:192.168.164.211:45347, 722c44df-b170-4eeb-abb4-8ab07bb69a54:192.168.164.211:33246, 84d87b42-83ce-4078-8a37-3864f9520041:192.168.164.211:42413], old=null
2019-10-17 07:41:22,055 [Thread-205] INFO  impl.RoleInfo (RoleInfo.java:updateAndGet(143)) - 6ea7cc1b-6dd1-4a6f-b526-a2c2472221ee: start LeaderElection
2019-10-17 07:41:22,088 [6ea7cc1b-6dd1-4a6f-b526-a2c2472221ee@group-F450BAF5DF14-LeaderElection6] INFO  impl.LeaderElection (LeaderElection.java:askForVotes(178)) - 6ea7cc1b-6dd1-4a6f-b526-a2c2472221ee@group-F450BAF5DF14-LeaderElection6: begin an election at term 1 for -1: [6ea7cc1b-6dd1-4a6f-b526-a2c2472221ee:192.168.164.211:45347, 722c44df-b170-4eeb-abb4-8ab07bb69a54:192.168.164.211:33246, 84d87b42-83ce-4078-8a37-3864f9520041:192.168.164.211:42413], old=null
2019-10-17 07:41:22,099 [722c44df-b170-4eeb-abb4-8ab07bb69a54@group-F450BAF5DF14-LeaderElection5] INFO  impl.LeaderElection (LeaderElection.java:logAndReturn(56)) - 722c44df-b170-4eeb-abb4-8ab07bb69a54@group-F450BAF5DF14-LeaderElection5: Election REJECTED; received 2 response(s) [722c44df-b170-4eeb-abb4-8ab07bb69a54<-6ea7cc1b-6dd1-4a6f-b526-a2c2472221ee#0:FAIL-t1, 722c44df-b170-4eeb-abb4-8ab07bb69a54<-84d87b42-83ce-4078-8a37-3864f9520041#0:FAIL-t1] and 0 exception(s); 722c44df-b170-4eeb-abb4-8ab07bb69a54@group-F450BAF5DF14:t1, leader=null, voted=722c44df-b170-4eeb-abb4-8ab07bb69a54, raftlog=722c44df-b170-4eeb-abb4-8ab07bb69a54@group-F450BAF5DF14-SegmentedRaftLog:OPENED:c-1,f-1,i0, conf=-1: [6ea7cc1b-6dd1-4a6f-b526-a2c2472221ee:192.168.164.211:45347, 722c44df-b170-4eeb-abb4-8ab07bb69a54:192.168.164.211:33246, 84d87b42-83ce-4078-8a37-3864f9520041:192.168.164.211:42413], old=null
2019-10-17 07:41:22,099 [84d87b42-83ce-4078-8a37-3864f9520041@group-F450BAF5DF14-LeaderElection4] INFO  impl.LeaderElection (LeaderElection.java:logAndReturn(56)) - 84d87b42-83ce-4078-8a37-3864f9520041@group-F450BAF5DF14-LeaderElection4: Election REJECTED; received 2 response(s) [84d87b42-83ce-4078-8a37-3864f9520041<-6ea7cc1b-6dd1-4a6f-b526-a2c2472221ee#0:FAIL-t1, 84d87b42-83ce-4078-8a37-3864f9520041<-722c44df-b170-4eeb-abb4-8ab07bb69a54#0:FAIL-t1] and 0 exception(s); 84d87b42-83ce-4078-8a37-3864f9520041@group-F450BAF5DF14:t1, leader=null, voted=84d87b42-83ce-4078-8a37-3864f9520041, raftlog=84d87b42-83ce-4078-8a37-3864f9520041@group-F450BAF5DF14-SegmentedRaftLog:OPENED:c-1,f-1,i0, conf=-1: [6ea7cc1b-6dd1-4a6f-b526-a2c2472221ee:192.168.164.211:45347, 722c44df-b170-4eeb-abb4-8ab07bb69a54:192.168.164.211:33246, 84d87b42-83ce-4078-8a37-3864f9520041:192.168.164.211:42413], old=null
2019-10-17 07:41:22,102 [722c44df-b170-4eeb-abb4-8ab07bb69a54@group-F450BAF5DF14-LeaderElection5] INFO  impl.RaftServerImpl (RaftServerImpl.java:setRole(184)) - 722c44df-b170-4eeb-abb4-8ab07bb69a54@group-F450BAF5DF14: changes role from CANDIDATE to FOLLOWER at term 1 for DISCOVERED_A_NEW_TERM
2019-10-17 07:41:22,102 [84d87b42-83ce-4078-8a37-3864f9520041@group-F450BAF5DF14-LeaderElection4] INFO  impl.RaftServerImpl (RaftServerImpl.java:setRole(184)) - 84d87b42-83ce-4078-8a37-3864f9520041@group-F450BAF5DF14: changes role from CANDIDATE to FOLLOWER at term 1 for DISCOVERED_A_NEW_TERM
2019-10-17 07:41:22,103 [722c44df-b170-4eeb-abb4-8ab07bb69a54@group-F450BAF5DF14-LeaderElection5] INFO  impl.RoleInfo (RoleInfo.java:shutdownLeaderElection(134)) - 722c44df-b170-4eeb-abb4-8ab07bb69a54: shutdown LeaderElection
2019-10-17 07:41:22,103 [84d87b42-83ce-4078-8a37-3864f9520041@group-F450BAF5DF14-LeaderElection4] INFO  impl.RoleInfo (RoleInfo.java:shutdownLeaderElection(134)) - 84d87b42-83ce-4078-8a37-3864f9520041: shutdown LeaderElection
2019-10-17 07:41:22,103 [722c44df-b170-4eeb-abb4-8ab07bb69a54@group-F450BAF5DF14-LeaderElection5] INFO  impl.RoleInfo (RoleInfo.java:updateAndGet(143)) - 722c44df-b170-4eeb-abb4-8ab07bb69a54: start FollowerState
2019-10-17 07:41:22,103 [84d87b42-83ce-4078-8a37-3864f9520041@group-F450BAF5DF14-LeaderElection4] INFO  impl.RoleInfo (RoleInfo.java:updateAndGet(143)) - 84d87b42-83ce-4078-8a37-3864f9520041: start FollowerState
2019-10-17 07:41:22,113 [6ea7cc1b-6dd1-4a6f-b526-a2c2472221ee@group-F450BAF5DF14-LeaderElection6] INFO  impl.LeaderElection (LeaderElection.java:logAndReturn(56)) - 6ea7cc1b-6dd1-4a6f-b526-a2c2472221ee@group-F450BAF5DF14-LeaderElection6: Election REJECTED; received 2 response(s) [6ea7cc1b-6dd1-4a6f-b526-a2c2472221ee<-722c44df-b170-4eeb-abb4-8ab07bb69a54#0:FAIL-t1, 6ea7cc1b-6dd1-4a6f-b526-a2c2472221ee<-84d87b42-83ce-4078-8a37-3864f9520041#0:FAIL-t1] and 0 exception(s); 6ea7cc1b-6dd1-4a6f-b526-a2c2472221ee@group-F450BAF5DF14:t1, leader=null, voted=6ea7cc1b-6dd1-4a6f-b526-a2c2472221ee, raftlog=6ea7cc1b-6dd1-4a6f-b526-a2c2472221ee@group-F450BAF5DF14-SegmentedRaftLog:OPENED:c-1,f-1,i0, conf=-1: [6ea7cc1b-6dd1-4a6f-b526-a2c2472221ee:192.168.164.211:45347, 722c44df-b170-4eeb-abb4-8ab07bb69a54:192.168.164.211:33246, 84d87b42-83ce-4078-8a37-3864f9520041:192.168.164.211:42413], old=null
2019-10-17 07:41:22,113 [6ea7cc1b-6dd1-4a6f-b526-a2c2472221ee@group-F450BAF5DF14-LeaderElection6] INFO  impl.RaftServerImpl (RaftServerImpl.java:setRole(184)) - 6ea7cc1b-6dd1-4a6f-b526-a2c2472221ee@group-F450BAF5DF14: changes role from CANDIDATE to FOLLOWER at term 1 for DISCOVERED_A_NEW_TERM
2019-10-17 07:41:22,113 [6ea7cc1b-6dd1-4a6f-b526-a2c2472221ee@group-F450BAF5DF14-LeaderElection6] INFO  impl.RoleInfo (RoleInfo.java:shutdownLeaderElection(134)) - 6ea7cc1b-6dd1-4a6f-b526-a2c2472221ee: shutdown LeaderElection
2019-10-17 07:41:22,114 [6ea7cc1b-6dd1-4a6f-b526-a2c2472221ee@group-F450BAF5DF14-LeaderElection6] INFO  impl.RoleInfo (RoleInfo.java:updateAndGet(143)) - 6ea7cc1b-6dd1-4a6f-b526-a2c2472221ee: start FollowerState
2019-10-17 07:41:22,116 [Thread-219] INFO  impl.FollowerState (FollowerState.java:run(108)) - 84d87b42-83ce-4078-8a37-3864f9520041@group-F450BAF5DF14-FollowerState: change to CANDIDATE, lastRpcTime:12ms, electionTimeout:11ms
2019-10-17 07:41:22,116 [Thread-219] INFO  impl.RoleInfo (RoleInfo.java:shutdownFollowerState(121)) - 84d87b42-83ce-4078-8a37-3864f9520041: shutdown FollowerState
2019-10-17 07:41:22,116 [Thread-219] INFO  impl.RaftServerImpl (RaftServerImpl.java:setRole(184)) - 84d87b42-83ce-4078-8a37-3864f9520041@group-F450BAF5DF14: changes role from  FOLLOWER to CANDIDATE at term 1 for changeToCandidate
2019-10-17 07:41:22,117 [Thread-219] INFO  impl.RoleInfo (RoleInfo.java:updateAndGet(143)) - 84d87b42-83ce-4078-8a37-3864f9520041: start LeaderElection
2019-10-17 07:41:22,147 [84d87b42-83ce-4078-8a37-3864f9520041@group-F450BAF5DF14-LeaderElection7] INFO  impl.LeaderElection (LeaderElection.java:askForVotes(178)) - 84d87b42-83ce-4078-8a37-3864f9520041@group-F450BAF5DF14-LeaderElection7: begin an election at term 2 for -1: [6ea7cc1b-6dd1-4a6f-b526-a2c2472221ee:192.168.164.211:45347, 722c44df-b170-4eeb-abb4-8ab07bb69a54:192.168.164.211:33246, 84d87b42-83ce-4078-8a37-3864f9520041:192.168.164.211:42413], old=null
2019-10-17 07:41:22,151 [grpc-default-executor-2] INFO  impl.RaftServerImpl (RaftServerImpl.java:setRole(184)) - 722c44df-b170-4eeb-abb4-8ab07bb69a54@group-F450BAF5DF14: changes role from  FOLLOWER to FOLLOWER at term 2 for recognizeCandidate:84d87b42-83ce-4078-8a37-3864f9520041
2019-10-17 07:41:22,151 [grpc-default-executor-0] INFO  impl.RaftServerImpl (RaftServerImpl.java:setRole(184)) - 6ea7cc1b-6dd1-4a6f-b526-a2c2472221ee@group-F450BAF5DF14: changes role from  FOLLOWER to FOLLOWER at term 2 for recognizeCandidate:84d87b42-83ce-4078-8a37-3864f9520041
2019-10-17 07:41:22,151 [grpc-default-executor-2] INFO  impl.RoleInfo (RoleInfo.java:shutdownFollowerState(121)) - 722c44df-b170-4eeb-abb4-8ab07bb69a54: shutdown FollowerState
2019-10-17 07:41:22,151 [grpc-default-executor-0] INFO  impl.RoleInfo (RoleInfo.java:shutdownFollowerState(121)) - 6ea7cc1b-6dd1-4a6f-b526-a2c2472221ee: shutdown FollowerState
2019-10-17 07:41:22,152 [Thread-218] INFO  impl.FollowerState (FollowerState.java:run(117)) - 722c44df-b170-4eeb-abb4-8ab07bb69a54@group-F450BAF5DF14-FollowerState was interrupted: java.lang.InterruptedException: sleep interrupted
2019-10-17 07:41:22,152 [grpc-default-executor-2] INFO  impl.RoleInfo (RoleInfo.java:updateAndGet(143)) - 722c44df-b170-4eeb-abb4-8ab07bb69a54: start FollowerState
2019-10-17 07:41:22,152 [grpc-default-executor-0] INFO  impl.RoleInfo (RoleInfo.java:updateAndGet(143)) - 6ea7cc1b-6dd1-4a6f-b526-a2c2472221ee: start FollowerState
2019-10-17 07:41:22,152 [Thread-220] INFO  impl.FollowerState (FollowerState.java:run(117)) - 6ea7cc1b-6dd1-4a6f-b526-a2c2472221ee@group-F450BAF5DF14-FollowerState was interrupted: java.lang.InterruptedException: sleep interrupted
2019-10-17 07:41:22,185 [84d87b42-83ce-4078-8a37-3864f9520041@group-F450BAF5DF14-LeaderElection7] INFO  impl.LeaderElection (LeaderElection.java:logAndReturn(56)) - 84d87b42-83ce-4078-8a37-3864f9520041@group-F450BAF5DF14-LeaderElection7: Election PASSED; received 1 response(s) [84d87b42-83ce-4078-8a37-3864f9520041<-6ea7cc1b-6dd1-4a6f-b526-a2c2472221ee#0:OK-t2] and 0 exception(s); 84d87b42-83ce-4078-8a37-3864f9520041@group-F450BAF5DF14:t2, leader=null, voted=84d87b42-83ce-4078-8a37-3864f9520041, raftlog=84d87b42-83ce-4078-8a37-3864f9520041@group-F450BAF5DF14-SegmentedRaftLog:OPENED:c-1,f-1,i0, conf=-1: [6ea7cc1b-6dd1-4a6f-b526-a2c2472221ee:192.168.164.211:45347, 722c44df-b170-4eeb-abb4-8ab07bb69a54:192.168.164.211:33246, 84d87b42-83ce-4078-8a37-3864f9520041:192.168.164.211:42413], old=null
2019-10-17 07:41:22,185 [84d87b42-83ce-4078-8a37-3864f9520041@group-F450BAF5DF14-LeaderElection7] INFO  impl.RoleInfo (RoleInfo.java:shutdownLeaderElection(134)) - 84d87b42-83ce-4078-8a37-3864f9520041: shutdown LeaderElection
2019-10-17 07:41:22,186 [84d87b42-83ce-4078-8a37-3864f9520041@group-F450BAF5DF14-LeaderElection7] INFO  impl.RaftServerImpl (RaftServerImpl.java:setRole(184)) - 84d87b42-83ce-4078-8a37-3864f9520041@group-F450BAF5DF14: changes role from CANDIDATE to LEADER at term 2 for changeToLeader
2019-10-17 07:41:22,187 [84d87b42-83ce-4078-8a37-3864f9520041@group-F450BAF5DF14-LeaderElection7] INFO  impl.RaftServerImpl (ServerState.java:setLeader(256)) - 84d87b42-83ce-4078-8a37-3864f9520041@group-F450BAF5DF14: change Leader from null to 84d87b42-83ce-4078-8a37-3864f9520041 at term 2 for becomeLeader, leader elected after 249ms
2019-10-17 07:41:22,187 [84d87b42-83ce-4078-8a37-3864f9520041@group-F450BAF5DF14-LeaderElection7] INFO  server.RaftServerConfigKeys (ConfUtils.java:logGet(43)) - raft.server.staging.catchup.gap = 1000 (default)
2019-10-17 07:41:22,187 [84d87b42-83ce-4078-8a37-3864f9520041@group-F450BAF5DF14-LeaderElection7] INFO  server.RaftServerConfigKeys (ConfUtils.java:logGet(43)) - raft.server.rpc.sleep.time = 25ms (default)
2019-10-17 07:41:22,187 [84d87b42-83ce-4078-8a37-3864f9520041@group-F450BAF5DF14-LeaderElection7] INFO  server.RaftServerConfigKeys (ConfUtils.java:logGet(43)) - raft.server.write.element-limit = 4096 (default)
2019-10-17 07:41:22,187 [84d87b42-83ce-4078-8a37-3864f9520041@group-F450BAF5DF14-LeaderElection7] INFO  server.RaftServerConfigKeys (ConfUtils.java:logGet(43)) - raft.server.watch.timeout = 10s (default)
2019-10-17 07:41:22,187 [84d87b42-83ce-4078-8a37-3864f9520041@group-F450BAF5DF14-LeaderElection7] INFO  server.RaftServerConfigKeys (ConfUtils.java:logGet(43)) - raft.server.watch.timeout.denomination = 1s (default)
2019-10-17 07:41:22,187 [84d87b42-83ce-4078-8a37-3864f9520041@group-F450BAF5DF14-LeaderElection7] INFO  server.RaftServerConfigKeys (ConfUtils.java:logGet(43)) - raft.server.watch.element-limit = 65536 (default)
2019-10-17 07:41:22,192 [84d87b42-83ce-4078-8a37-3864f9520041@group-F450BAF5DF14-LeaderElection7] INFO  server.RaftServerConfigKeys (ConfUtils.java:logGet(43)) - raft.server.log.appender.snapshot.chunk.size.max = 16MB (=16777216) (default)
2019-10-17 07:41:22,192 [84d87b42-83ce-4078-8a37-3864f9520041@group-F450BAF5DF14-LeaderElection7] INFO  server.RaftServerConfigKeys (ConfUtils.java:logGet(43)) - raft.server.log.appender.buffer.byte-limit = 33554432 (custom)
2019-10-17 07:41:22,193 [84d87b42-83ce-4078-8a37-3864f9520041@group-F450BAF5DF14-LeaderElection7] INFO  server.RaftServerConfigKeys (ConfUtils.java:logGet(43)) - raft.server.log.appender.buffer.element-limit = 1 (custom)
2019-10-17 07:41:22,195 [84d87b42-83ce-4078-8a37-3864f9520041@group-F450BAF5DF14-LeaderElection7] INFO  grpc.GrpcConfigKeys$Server (ConfUtils.java:logGet(43)) - raft.grpc.server.leader.outstanding.appends.max = 128 (default)
2019-10-17 07:41:22,198 [84d87b42-83ce-4078-8a37-3864f9520041@group-F450BAF5DF14-LeaderElection7] INFO  server.RaftServerConfigKeys (ConfUtils.java:logGet(43)) - raft.server.rpc.request.timeout = 3000ms (default)
2019-10-17 07:41:22,198 [84d87b42-83ce-4078-8a37-3864f9520041@group-F450BAF5DF14-LeaderElection7] INFO  server.RaftServerConfigKeys (ConfUtils.java:logGet(43)) - raft.server.log.appender.install.snapshot.enabled = false (custom)
2019-10-17 07:41:22,202 [84d87b42-83ce-4078-8a37-3864f9520041@group-F450BAF5DF14-LeaderElection7] INFO  server.RaftServerConfigKeys (ConfUtils.java:logGet(43)) - raft.server.log.appender.snapshot.chunk.size.max = 16MB (=16777216) (default)
2019-10-17 07:41:22,202 [84d87b42-83ce-4078-8a37-3864f9520041@group-F450BAF5DF14-LeaderElection7] INFO  server.RaftServerConfigKeys (ConfUtils.java:logGet(43)) - raft.server.log.appender.buffer.byte-limit = 33554432 (custom)
2019-10-17 07:41:22,202 [84d87b42-83ce-4078-8a37-3864f9520041@group-F450BAF5DF14-LeaderElection7] INFO  server.RaftServerConfigKeys (ConfUtils.java:logGet(43)) - raft.server.log.appender.buffer.element-limit = 1 (custom)
2019-10-17 07:41:22,203 [84d87b42-83ce-4078-8a37-3864f9520041@group-F450BAF5DF14-LeaderElection7] INFO  grpc.GrpcConfigKeys$Server (ConfUtils.java:logGet(43)) - raft.grpc.server.leader.outstanding.appends.max = 128 (default)
2019-10-17 07:41:22,203 [84d87b42-83ce-4078-8a37-3864f9520041@group-F450BAF5DF14-LeaderElection7] INFO  server.RaftServerConfigKeys (ConfUtils.java:logGet(43)) - raft.server.rpc.request.timeout = 3000ms (default)
2019-10-17 07:41:22,203 [84d87b42-83ce-4078-8a37-3864f9520041@group-F450BAF5DF14-LeaderElection7] INFO  server.RaftServerConfigKeys (ConfUtils.java:logGet(43)) - raft.server.log.appender.install.snapshot.enabled = false (custom)
2019-10-17 07:41:22,207 [84d87b42-83ce-4078-8a37-3864f9520041@group-F450BAF5DF14-LeaderElection7] INFO  impl.RoleInfo (RoleInfo.java:updateAndGet(143)) - 84d87b42-83ce-4078-8a37-3864f9520041: start LeaderState
2019-10-17 07:41:22,208 [84d87b42-83ce-4078-8a37-3864f9520041@group-F450BAF5DF14-LeaderElection7] INFO  segmented.SegmentedRaftLogWorker (SegmentedRaftLogWorker.java:startLogSegment(385)) - 84d87b42-83ce-4078-8a37-3864f9520041@group-F450BAF5DF14-SegmentedRaftLogWorker: Starting segment from index:0
2019-10-17 07:41:22,209 [84d87b42-83ce-4078-8a37-3864f9520041@group-F450BAF5DF14-LeaderElection7] INFO  impl.RaftServerImpl (ServerState.java:setRaftConf(357)) - 84d87b42-83ce-4078-8a37-3864f9520041@group-F450BAF5DF14: set configuration 0: [6ea7cc1b-6dd1-4a6f-b526-a2c2472221ee:192.168.164.211:45347, 722c44df-b170-4eeb-abb4-8ab07bb69a54:192.168.164.211:33246, 84d87b42-83ce-4078-8a37-3864f9520041:192.168.164.211:42413], old=null at 0
2019-10-17 07:41:22,246 [Thread-227] INFO  impl.FollowerState (FollowerState.java:run(108)) - 722c44df-b170-4eeb-abb4-8ab07bb69a54@group-F450BAF5DF14-FollowerState: change to CANDIDATE, lastRpcTime:93ms, electionTimeout:72ms
2019-10-17 07:41:22,247 [Thread-227] INFO  impl.RoleInfo (RoleInfo.java:shutdownFollowerState(121)) - 722c44df-b170-4eeb-abb4-8ab07bb69a54: shutdown FollowerState
2019-10-17 07:41:22,247 [Thread-227] INFO  impl.RaftServerImpl (RaftServerImpl.java:setRole(184)) - 722c44df-b170-4eeb-abb4-8ab07bb69a54@group-F450BAF5DF14: changes role from  FOLLOWER to CANDIDATE at term 2 for changeToCandidate
2019-10-17 07:41:22,247 [Thread-227] INFO  impl.RoleInfo (RoleInfo.java:updateAndGet(143)) - 722c44df-b170-4eeb-abb4-8ab07bb69a54: start LeaderElection
2019-10-17 07:41:22,267 [grpc-default-executor-2] INFO  impl.RaftServerImpl (ServerState.java:setLeader(256)) - 6ea7cc1b-6dd1-4a6f-b526-a2c2472221ee@group-F450BAF5DF14: change Leader from null to 84d87b42-83ce-4078-8a37-3864f9520041 at term 2 for appendEntries, leader elected after 329ms
2019-10-17 07:41:22,281 [84d87b42-83ce-4078-8a37-3864f9520041@group-F450BAF5DF14-SegmentedRaftLogWorker] INFO  segmented.SegmentedRaftLogWorker (SegmentedRaftLogWorker.java:execute(576)) - 84d87b42-83ce-4078-8a37-3864f9520041@group-F450BAF5DF14-SegmentedRaftLogWorker: created new log segment /workdir/hadoop-ozone/integration-test/target/test-dir/MiniOzoneClusterImpl-e6097d48-8480-4a37-8188-3862b7c67c50/datanode-2/data/ratis/6e647d31-eff2-4ddc-80e8-f450baf5df14/current/log_inprogress_0
2019-10-17 07:41:22,281 [722c44df-b170-4eeb-abb4-8ab07bb69a54@group-F450BAF5DF14-LeaderElection8] INFO  impl.LeaderElection (LeaderElection.java:askForVotes(178)) - 722c44df-b170-4eeb-abb4-8ab07bb69a54@group-F450BAF5DF14-LeaderElection8: begin an election at term 3 for -1: [6ea7cc1b-6dd1-4a6f-b526-a2c2472221ee:192.168.164.211:45347, 722c44df-b170-4eeb-abb4-8ab07bb69a54:192.168.164.211:33246, 84d87b42-83ce-4078-8a37-3864f9520041:192.168.164.211:42413], old=null
2019-10-17 07:41:22,283 [Thread-229] INFO  impl.RaftServerImpl (ServerState.java:setLeader(256)) - 84d87b42-83ce-4078-8a37-3864f9520041@group-F450BAF5DF14: change Leader from 84d87b42-83ce-4078-8a37-3864f9520041 to null at term 3 for updateCurrentTerm
2019-10-17 07:41:22,283 [Thread-229] INFO  impl.RaftServerImpl (RaftServerImpl.java:setRole(184)) - 84d87b42-83ce-4078-8a37-3864f9520041@group-F450BAF5DF14: changes role from    LEADER to FOLLOWER at term 3 for stepDown
2019-10-17 07:41:22,284 [Thread-229] INFO  impl.RoleInfo (RoleInfo.java:shutdownLeaderState(104)) - 84d87b42-83ce-4078-8a37-3864f9520041: shutdown LeaderState
2019-10-17 07:41:22,285 [grpc-default-executor-0] INFO  impl.RaftServerImpl (ServerState.java:setLeader(256)) - 6ea7cc1b-6dd1-4a6f-b526-a2c2472221ee@group-F450BAF5DF14: change Leader from 84d87b42-83ce-4078-8a37-3864f9520041 to null at term 3 for updateCurrentTerm
2019-10-17 07:41:22,285 [grpc-default-executor-0] INFO  impl.RaftServerImpl (RaftServerImpl.java:setRole(184)) - 6ea7cc1b-6dd1-4a6f-b526-a2c2472221ee@group-F450BAF5DF14: changes role from  FOLLOWER to FOLLOWER at term 3 for recognizeCandidate:722c44df-b170-4eeb-abb4-8ab07bb69a54
2019-10-17 07:41:22,285 [grpc-default-executor-0] INFO  impl.RoleInfo (RoleInfo.java:shutdownFollowerState(121)) - 6ea7cc1b-6dd1-4a6f-b526-a2c2472221ee: shutdown FollowerState
2019-10-17 07:41:22,285 [grpc-default-executor-0] INFO  impl.RoleInfo (RoleInfo.java:updateAndGet(143)) - 6ea7cc1b-6dd1-4a6f-b526-a2c2472221ee: start FollowerState
2019-10-17 07:41:22,285 [Thread-228] INFO  impl.FollowerState (FollowerState.java:run(117)) - 6ea7cc1b-6dd1-4a6f-b526-a2c2472221ee@group-F450BAF5DF14-FollowerState was interrupted: java.lang.InterruptedException: sleep interrupted
2019-10-17 07:41:22,287 [org.apache.ratis.server.impl.LogAppender$AppenderDaemon$$Lambda$393/611780068@3fca26ae] WARN  server.GrpcLogAppender (GrpcLogAppender.java:mayWait(149)) - 84d87b42-83ce-4078-8a37-3864f9520041@group-F450BAF5DF14->722c44df-b170-4eeb-abb4-8ab07bb69a54-GrpcLogAppender: Wait interrupted by java.lang.InterruptedException
2019-10-17 07:41:22,287 [org.apache.ratis.server.impl.LogAppender$AppenderDaemon$$Lambda$393/611780068@56fb59a9] WARN  server.GrpcLogAppender (GrpcLogAppender.java:mayWait(149)) - 84d87b42-83ce-4078-8a37-3864f9520041@group-F450BAF5DF14->6ea7cc1b-6dd1-4a6f-b526-a2c2472221ee-GrpcLogAppender: Wait interrupted by java.lang.InterruptedException
2019-10-17 07:41:22,288 [Thread-229] INFO  impl.PendingRequests (PendingRequests.java:sendNotLeaderResponses(202)) - 84d87b42-83ce-4078-8a37-3864f9520041@group-F450BAF5DF14-PendingRequests: sendNotLeaderResponses
2019-10-17 07:41:22,290 [Thread-229] INFO  impl.RoleInfo (RoleInfo.java:updateAndGet(143)) - 84d87b42-83ce-4078-8a37-3864f9520041: start FollowerState
2019-10-17 07:41:22,291 [grpc-default-executor-3] INFO  server.GrpcServerProtocolService (GrpcServerProtocolService.java:onCompleted(113)) - 722c44df-b170-4eeb-abb4-8ab07bb69a54: Completed APPEND_ENTRIES, lastRequest: 84d87b42-83ce-4078-8a37-3864f9520041->722c44df-b170-4eeb-abb4-8ab07bb69a54#0-t2, previous=(t:0, i:0), leaderCommit=-1, initializing? false, entries: <empty>
2019-10-17 07:41:22,293 [grpc-default-executor-3] INFO  server.GrpcLogAppender (GrpcLogAppender.java:onCompleted(308)) - 84d87b42-83ce-4078-8a37-3864f9520041@group-F450BAF5DF14->722c44df-b170-4eeb-abb4-8ab07bb69a54-AppendLogResponseHandler: follower responses appendEntries COMPLETED
2019-10-17 07:41:22,296 [grpc-default-executor-3] INFO  impl.FollowerInfo (FollowerInfo.java:lambda$new$0(51)) - 84d87b42-83ce-4078-8a37-3864f9520041@group-F450BAF5DF14->722c44df-b170-4eeb-abb4-8ab07bb69a54: nextIndex: updateUnconditionally 0 -> 0
2019-10-17 07:41:22,306 [grpc-default-executor-2] INFO  impl.RaftServerImpl (RaftServerImpl.java:setRole(184)) - 84d87b42-83ce-4078-8a37-3864f9520041@group-F450BAF5DF14: changes role from  FOLLOWER to FOLLOWER at term 3 for recognizeCandidate:722c44df-b170-4eeb-abb4-8ab07bb69a54
2019-10-17 07:41:22,307 [grpc-default-executor-2] INFO  impl.RoleInfo (RoleInfo.java:shutdownFollowerState(121)) - 84d87b42-83ce-4078-8a37-3864f9520041: shutdown FollowerState
2019-10-17 07:41:22,307 [grpc-default-executor-2] INFO  impl.RoleInfo (RoleInfo.java:updateAndGet(143)) - 84d87b42-83ce-4078-8a37-3864f9520041: start FollowerState
2019-10-17 07:41:22,307 [Thread-240] INFO  impl.FollowerState (FollowerState.java:run(117)) - 84d87b42-83ce-4078-8a37-3864f9520041@group-F450BAF5DF14-FollowerState was interrupted: java.lang.InterruptedException: sleep interrupted
2019-10-17 07:41:22,308 [grpc-default-executor-1] INFO  server.GrpcServerProtocolService (GrpcServerProtocolService.java:onCompleted(113)) - 6ea7cc1b-6dd1-4a6f-b526-a2c2472221ee: Completed APPEND_ENTRIES, lastRequest: 84d87b42-83ce-4078-8a37-3864f9520041->6ea7cc1b-6dd1-4a6f-b526-a2c2472221ee#1-t2, previous=(t:0, i:0), leaderCommit=-1, initializing? false, entries: size=1, first=(t:2, i:0), CONFIGURATIONENTRY
2019-10-17 07:41:22,310 [722c44df-b170-4eeb-abb4-8ab07bb69a54@group-F450BAF5DF14-LeaderElection8] INFO  impl.LeaderElection (LeaderElection.java:logAndReturn(56)) - 722c44df-b170-4eeb-abb4-8ab07bb69a54@group-F450BAF5DF14-LeaderElection8: Election PASSED; received 1 response(s) [722c44df-b170-4eeb-abb4-8ab07bb69a54<-6ea7cc1b-6dd1-4a6f-b526-a2c2472221ee#0:OK-t3] and 0 exception(s); 722c44df-b170-4eeb-abb4-8ab07bb69a54@group-F450BAF5DF14:t3, leader=null, voted=722c44df-b170-4eeb-abb4-8ab07bb69a54, raftlog=722c44df-b170-4eeb-abb4-8ab07bb69a54@group-F450BAF5DF14-SegmentedRaftLog:OPENED:c-1,f-1,i0, conf=-1: [6ea7cc1b-6dd1-4a6f-b526-a2c2472221ee:192.168.164.211:45347, 722c44df-b170-4eeb-abb4-8ab07bb69a54:192.168.164.211:33246, 84d87b42-83ce-4078-8a37-3864f9520041:192.168.164.211:42413], old=null
2019-10-17 07:41:22,310 [722c44df-b170-4eeb-abb4-8ab07bb69a54@group-F450BAF5DF14-LeaderElection8] INFO  impl.RoleInfo (RoleInfo.java:shutdownLeaderElection(134)) - 722c44df-b170-4eeb-abb4-8ab07bb69a54: shutdown LeaderElection
2019-10-17 07:41:22,312 [722c44df-b170-4eeb-abb4-8ab07bb69a54@group-F450BAF5DF14-LeaderElection8] INFO  impl.RaftServerImpl (RaftServerImpl.java:setRole(184)) - 722c44df-b170-4eeb-abb4-8ab07bb69a54@group-F450BAF5DF14: changes role from CANDIDATE to LEADER at term 3 for changeToLeader
2019-10-17 07:41:22,312 [722c44df-b170-4eeb-abb4-8ab07bb69a54@group-F450BAF5DF14-LeaderElection8] INFO  impl.RaftServerImpl (ServerState.java:setLeader(256)) - 722c44df-b170-4eeb-abb4-8ab07bb69a54@group-F450BAF5DF14: change Leader from null to 722c44df-b170-4eeb-abb4-8ab07bb69a54 at term 3 for becomeLeader, leader elected after 374ms
2019-10-17 07:41:22,312 [722c44df-b170-4eeb-abb4-8ab07bb69a54@group-F450BAF5DF14-LeaderElection8] INFO  server.RaftServerConfigKeys (ConfUtils.java:logGet(43)) - raft.server.staging.catchup.gap = 1000 (default)
2019-10-17 07:41:22,313 [722c44df-b170-4eeb-abb4-8ab07bb69a54@group-F450BAF5DF14-LeaderElection8] INFO  server.RaftServerConfigKeys (ConfUtils.java:logGet(43)) - raft.server.rpc.sleep.time = 25ms (default)
2019-10-17 07:41:22,313 [722c44df-b170-4eeb-abb4-8ab07bb69a54@group-F450BAF5DF14-LeaderElection8] INFO  server.RaftServerConfigKeys (ConfUtils.java:logGet(43)) - raft.server.write.element-limit = 4096 (default)
2019-10-17 07:41:22,313 [grpc-default-executor-2] INFO  server.GrpcLogAppender (GrpcLogAppender.java:onCompleted(308)) - 84d87b42-83ce-4078-8a37-3864f9520041@group-F450BAF5DF14->6ea7cc1b-6dd1-4a6f-b526-a2c2472221ee-AppendLogResponseHandler: follower responses appendEntries COMPLETED
2019-10-17 07:41:22,314 [722c44df-b170-4eeb-abb4-8ab07bb69a54@group-F450BAF5DF14-LeaderElection8] INFO  server.RaftServerConfigKeys (ConfUtils.java:logGet(43)) - raft.server.watch.timeout = 10s (default)
2019-10-17 07:41:22,314 [722c44df-b170-4eeb-abb4-8ab07bb69a54@group-F450BAF5DF14-LeaderElection8] INFO  server.RaftServerConfigKeys (ConfUtils.java:logGet(43)) - raft.server.watch.timeout.denomination = 1s (default)
2019-10-17 07:41:22,314 [722c44df-b170-4eeb-abb4-8ab07bb69a54@group-F450BAF5DF14-LeaderElection8] INFO  server.RaftServerConfigKeys (ConfUtils.java:logGet(43)) - raft.server.watch.element-limit = 65536 (default)
2019-10-17 07:41:22,316 [grpc-default-executor-2] INFO  impl.FollowerInfo (FollowerInfo.java:lambda$new$0(51)) - 84d87b42-83ce-4078-8a37-3864f9520041@group-F450BAF5DF14->6ea7cc1b-6dd1-4a6f-b526-a2c2472221ee: nextIndex: updateUnconditionally 1 -> 0
2019-10-17 07:41:22,318 [722c44df-b170-4eeb-abb4-8ab07bb69a54@group-F450BAF5DF14-LeaderElection8] INFO  server.RaftServerConfigKeys (ConfUtils.java:logGet(43)) - raft.server.log.appender.snapshot.chunk.size.max = 16MB (=16777216) (default)
2019-10-17 07:41:22,318 [722c44df-b170-4eeb-abb4-8ab07bb69a54@group-F450BAF5DF14-LeaderElection8] INFO  server.RaftServerConfigKeys (ConfUtils.java:logGet(43)) - raft.server.log.appender.buffer.byte-limit = 33554432 (custom)
2019-10-17 07:41:22,319 [722c44df-b170-4eeb-abb4-8ab07bb69a54@group-F450BAF5DF14-LeaderElection8] INFO  server.RaftServerConfigKeys (ConfUtils.java:logGet(43)) - raft.server.log.appender.buffer.element-limit = 1 (custom)
2019-10-17 07:41:22,319 [722c44df-b170-4eeb-abb4-8ab07bb69a54@group-F450BAF5DF14-LeaderElection8] INFO  grpc.GrpcConfigKeys$Server (ConfUtils.java:logGet(43)) - raft.grpc.server.leader.outstanding.appends.max = 128 (default)
2019-10-17 07:41:22,320 [722c44df-b170-4eeb-abb4-8ab07bb69a54@group-F450BAF5DF14-LeaderElection8] INFO  server.RaftServerConfigKeys (ConfUtils.java:logGet(43)) - raft.server.rpc.request.timeout = 3000ms (default)
2019-10-17 07:41:22,320 [722c44df-b170-4eeb-abb4-8ab07bb69a54@group-F450BAF5DF14-LeaderElection8] INFO  server.RaftServerConfigKeys (ConfUtils.java:logGet(43)) - raft.server.log.appender.install.snapshot.enabled = false (custom)
2019-10-17 07:41:22,323 [722c44df-b170-4eeb-abb4-8ab07bb69a54@group-F450BAF5DF14-LeaderElection8] INFO  server.RaftServerConfigKeys (ConfUtils.java:logGet(43)) - raft.server.log.appender.snapshot.chunk.size.max = 16MB (=16777216) (default)
2019-10-17 07:41:22,323 [722c44df-b170-4eeb-abb4-8ab07bb69a54@group-F450BAF5DF14-LeaderElection8] INFO  server.RaftServerConfigKeys (ConfUtils.java:logGet(43)) - raft.server.log.appender.buffer.byte-limit = 33554432 (custom)
2019-10-17 07:41:22,323 [722c44df-b170-4eeb-abb4-8ab07bb69a54@group-F450BAF5DF14-LeaderElection8] INFO  server.RaftServerConfigKeys (ConfUtils.java:logGet(43)) - raft.server.log.appender.buffer.element-limit = 1 (custom)
2019-10-17 07:41:22,325 [722c44df-b170-4eeb-abb4-8ab07bb69a54@group-F450BAF5DF14-LeaderElection8] INFO  grpc.GrpcConfigKeys$Server (ConfUtils.java:logGet(43)) - raft.grpc.server.leader.outstanding.appends.max = 128 (default)
2019-10-17 07:41:22,325 [722c44df-b170-4eeb-abb4-8ab07bb69a54@group-F450BAF5DF14-LeaderElection8] INFO  server.RaftServerConfigKeys (ConfUtils.java:logGet(43)) - raft.server.rpc.request.timeout = 3000ms (default)
2019-10-17 07:41:22,325 [722c44df-b170-4eeb-abb4-8ab07bb69a54@group-F450BAF5DF14-LeaderElection8] INFO  server.RaftServerConfigKeys (ConfUtils.java:logGet(43)) - raft.server.log.appender.install.snapshot.enabled = false (custom)
2019-10-17 07:41:22,327 [722c44df-b170-4eeb-abb4-8ab07bb69a54@group-F450BAF5DF14-LeaderElection8] INFO  impl.RoleInfo (RoleInfo.java:updateAndGet(143)) - 722c44df-b170-4eeb-abb4-8ab07bb69a54: start LeaderState
2019-10-17 07:41:22,328 [722c44df-b170-4eeb-abb4-8ab07bb69a54@group-F450BAF5DF14-LeaderElection8] INFO  segmented.SegmentedRaftLogWorker (SegmentedRaftLogWorker.java:startLogSegment(385)) - 722c44df-b170-4eeb-abb4-8ab07bb69a54@group-F450BAF5DF14-SegmentedRaftLogWorker: Starting segment from index:0
2019-10-17 07:41:22,329 [722c44df-b170-4eeb-abb4-8ab07bb69a54@group-F450BAF5DF14-LeaderElection8] INFO  impl.RaftServerImpl (ServerState.java:setRaftConf(357)) - 722c44df-b170-4eeb-abb4-8ab07bb69a54@group-F450BAF5DF14: set configuration 0: [6ea7cc1b-6dd1-4a6f-b526-a2c2472221ee:192.168.164.211:45347, 722c44df-b170-4eeb-abb4-8ab07bb69a54:192.168.164.211:33246, 84d87b42-83ce-4078-8a37-3864f9520041:192.168.164.211:42413], old=null at 0
2019-10-17 07:41:22,358 [grpc-default-executor-2] INFO  impl.RaftServerImpl (ServerState.java:setLeader(256)) - 6ea7cc1b-6dd1-4a6f-b526-a2c2472221ee@group-F450BAF5DF14: change Leader from null to 722c44df-b170-4eeb-abb4-8ab07bb69a54 at term 3 for appendEntries, leader elected after 73ms
2019-10-17 07:41:22,358 [grpc-default-executor-1] INFO  impl.RaftServerImpl (ServerState.java:setLeader(256)) - 84d87b42-83ce-4078-8a37-3864f9520041@group-F450BAF5DF14: change Leader from null to 722c44df-b170-4eeb-abb4-8ab07bb69a54 at term 3 for appendEntries, leader elected after 74ms
2019-10-17 07:41:22,363 [grpc-default-executor-2] INFO  impl.RaftServerImpl (ServerState.java:setRaftConf(357)) - 6ea7cc1b-6dd1-4a6f-b526-a2c2472221ee@group-F450BAF5DF14: set configuration 0: [6ea7cc1b-6dd1-4a6f-b526-a2c2472221ee:192.168.164.211:45347, 722c44df-b170-4eeb-abb4-8ab07bb69a54:192.168.164.211:33246, 84d87b42-83ce-4078-8a37-3864f9520041:192.168.164.211:42413], old=null at 0
2019-10-17 07:41:22,363 [grpc-default-executor-1] INFO  impl.RaftServerImpl (ServerState.java:setRaftConf(357)) - 84d87b42-83ce-4078-8a37-3864f9520041@group-F450BAF5DF14: set configuration 0: [6ea7cc1b-6dd1-4a6f-b526-a2c2472221ee:192.168.164.211:45347, 722c44df-b170-4eeb-abb4-8ab07bb69a54:192.168.164.211:33246, 84d87b42-83ce-4078-8a37-3864f9520041:192.168.164.211:42413], old=null at 0
2019-10-17 07:41:22,364 [grpc-default-executor-2] INFO  segmented.SegmentedRaftLogWorker (SegmentedRaftLogWorker.java:startLogSegment(385)) - 6ea7cc1b-6dd1-4a6f-b526-a2c2472221ee@group-F450BAF5DF14-SegmentedRaftLogWorker: Starting segment from index:0
2019-10-17 07:41:22,367 [grpc-default-executor-1] INFO  segmented.SegmentedRaftLogWorker (SegmentedRaftLogWorker.java:truncate(401)) - 84d87b42-83ce-4078-8a37-3864f9520041@group-F450BAF5DF14-SegmentedRaftLogWorker: Truncating segments toTruncate: null
  toDelete: [(0, 0) isOpen? true, length=0, newEndIndex=-1], start index 0
2019-10-17 07:41:22,367 [grpc-default-executor-1] INFO  segmented.SegmentedRaftLogWorker (SegmentedRaftLogWorker.java:startLogSegment(385)) - 84d87b42-83ce-4078-8a37-3864f9520041@group-F450BAF5DF14-SegmentedRaftLogWorker: Starting segment from index:0
2019-10-17 07:41:22,374 [84d87b42-83ce-4078-8a37-3864f9520041@group-F450BAF5DF14-SegmentedRaftLogWorker] INFO  segmented.SegmentedRaftLogWorker (SegmentedRaftLogWorker.java:execute(640)) - 84d87b42-83ce-4078-8a37-3864f9520041@group-F450BAF5DF14-SegmentedRaftLogWorker: Deleted log file /workdir/hadoop-ozone/integration-test/target/test-dir/MiniOzoneClusterImpl-e6097d48-8480-4a37-8188-3862b7c67c50/datanode-2/data/ratis/6e647d31-eff2-4ddc-80e8-f450baf5df14/current/log_inprogress_0
2019-10-17 07:41:22,374 [84d87b42-83ce-4078-8a37-3864f9520041@group-F450BAF5DF14-SegmentedRaftLogWorker] INFO  segmented.SegmentedRaftLogWorker (SegmentedRaftLogWorker.java:lambda$new$0(128)) - 84d87b42-83ce-4078-8a37-3864f9520041@group-F450BAF5DF14-SegmentedRaftLogWorker: flushIndex: setUnconditionally 0 -> -1
2019-10-17 07:41:22,381 [722c44df-b170-4eeb-abb4-8ab07bb69a54@group-F450BAF5DF14-SegmentedRaftLogWorker] INFO  segmented.SegmentedRaftLogWorker (SegmentedRaftLogWorker.java:execute(576)) - 722c44df-b170-4eeb-abb4-8ab07bb69a54@group-F450BAF5DF14-SegmentedRaftLogWorker: created new log segment /workdir/hadoop-ozone/integration-test/target/test-dir/MiniOzoneClusterImpl-e6097d48-8480-4a37-8188-3862b7c67c50/datanode-0/data/ratis/6e647d31-eff2-4ddc-80e8-f450baf5df14/current/log_inprogress_0
2019-10-17 07:41:22,407 [6ea7cc1b-6dd1-4a6f-b526-a2c2472221ee@group-F450BAF5DF14-SegmentedRaftLogWorker] INFO  segmented.SegmentedRaftLogWorker (SegmentedRaftLogWorker.java:execute(576)) - 6ea7cc1b-6dd1-4a6f-b526-a2c2472221ee@group-F450BAF5DF14-SegmentedRaftLogWorker: created new log segment /workdir/hadoop-ozone/integration-test/target/test-dir/MiniOzoneClusterImpl-e6097d48-8480-4a37-8188-3862b7c67c50/datanode-1/data/ratis/6e647d31-eff2-4ddc-80e8-f450baf5df14/current/log_inprogress_0
2019-10-17 07:41:22,423 [84d87b42-83ce-4078-8a37-3864f9520041@group-F450BAF5DF14-SegmentedRaftLogWorker] INFO  segmented.SegmentedRaftLogWorker (SegmentedRaftLogWorker.java:execute(576)) - 84d87b42-83ce-4078-8a37-3864f9520041@group-F450BAF5DF14-SegmentedRaftLogWorker: created new log segment /workdir/hadoop-ozone/integration-test/target/test-dir/MiniOzoneClusterImpl-e6097d48-8480-4a37-8188-3862b7c67c50/datanode-2/data/ratis/6e647d31-eff2-4ddc-80e8-f450baf5df14/current/log_inprogress_0
2019-10-17 07:41:22,879 [main] INFO  rpc.RpcClient (RpcClient.java:createVolume(272)) - Creating Volume: testcontainerstatemachinefailures, with jenkins1000 as owner.
2019-10-17 07:41:22,967 [IPC Server handler 3 on 40555] INFO  volume.OMVolumeCreateRequest (OMVolumeCreateRequest.java:validateAndUpdateCache(193)) - created volume:testcontainerstatemachinefailures for user:jenkins1000
2019-10-17 07:41:22,993 [main] INFO  rpc.RpcClient (RpcClient.java:createBucket(411)) - Creating Bucket: testcontainerstatemachinefailures/testcontainerstatemachinefailures, with Versioning false and Storage Type set to DISK and Encryption set to false 
2019-10-17 07:41:23,135 [main] INFO  impl.MetricsSystemImpl (MetricsSystemImpl.java:init(158)) - XceiverClientMetrics metrics system started (again)
2019-10-17 07:41:23,883 [Thread-181] INFO  container.ReplicationManager (ReplicationManager.java:start(162)) - Starting Replication Monitor Thread.
2019-10-17 07:41:23,885 [ReplicationMonitor] INFO  container.ReplicationManager (ReplicationManager.java:run(225)) - Replication Monitor Thread took 1 milliseconds for processing 1 containers.
2019-10-17 07:41:23,974 [Datanode State Machine Thread - 0] INFO  statemachine.DatanodeStateMachine (DatanodeStateMachine.java:lambda$startDaemon$0(350)) - Ozone container server started.
2019-10-17 07:41:28,950 [main] INFO  ozoneimpl.OzoneContainer (OzoneContainer.java:stop(227)) - Attempting to stop container services.
2019-10-17 07:41:28,952 [main] INFO  impl.RaftServerProxy (RaftServerProxy.java:lambda$close$4(314)) - 84d87b42-83ce-4078-8a37-3864f9520041: close
2019-10-17 07:41:28,954 [main] INFO  impl.RaftServerImpl (RaftServerImpl.java:lambda$shutdown$3(261)) - 84d87b42-83ce-4078-8a37-3864f9520041@group-F450BAF5DF14: shutdown
2019-10-17 07:41:28,954 [ForkJoinPool.commonPool-worker-0] INFO  impl.RaftServerImpl (RaftServerImpl.java:lambda$shutdown$3(261)) - 84d87b42-83ce-4078-8a37-3864f9520041@group-1D8AAF838ABD: shutdown
2019-10-17 07:41:28,954 [main] INFO  util.JmxRegister (JmxRegister.java:unregister(73)) - Successfully un-registered JMX Bean with object name Ratis:service=RaftServer,group=group-F450BAF5DF14,id=84d87b42-83ce-4078-8a37-3864f9520041
2019-10-17 07:41:28,954 [ForkJoinPool.commonPool-worker-0] INFO  util.JmxRegister (JmxRegister.java:unregister(73)) - Successfully un-registered JMX Bean with object name Ratis:service=RaftServer,group=group-1D8AAF838ABD,id=84d87b42-83ce-4078-8a37-3864f9520041
2019-10-17 07:41:28,954 [main] INFO  impl.RoleInfo (RoleInfo.java:shutdownFollowerState(121)) - 84d87b42-83ce-4078-8a37-3864f9520041: shutdown FollowerState
2019-10-17 07:41:28,954 [ForkJoinPool.commonPool-worker-0] INFO  impl.RoleInfo (RoleInfo.java:shutdownLeaderState(104)) - 84d87b42-83ce-4078-8a37-3864f9520041: shutdown LeaderState
2019-10-17 07:41:28,955 [main] INFO  impl.StateMachineUpdater (StateMachineUpdater.java:stopAndJoin(136)) - 84d87b42-83ce-4078-8a37-3864f9520041@group-F450BAF5DF14-StateMachineUpdater: set stopIndex = 4
2019-10-17 07:41:28,955 [ForkJoinPool.commonPool-worker-0] INFO  impl.PendingRequests (PendingRequests.java:sendNotLeaderResponses(202)) - 84d87b42-83ce-4078-8a37-3864f9520041@group-1D8AAF838ABD-PendingRequests: sendNotLeaderResponses
2019-10-17 07:41:28,955 [Thread-241] INFO  impl.FollowerState (FollowerState.java:run(117)) - 84d87b42-83ce-4078-8a37-3864f9520041@group-F450BAF5DF14-FollowerState was interrupted: java.lang.InterruptedException: sleep interrupted
2019-10-17 07:41:28,956 [ForkJoinPool.commonPool-worker-0] INFO  impl.StateMachineUpdater (StateMachineUpdater.java:stopAndJoin(136)) - 84d87b42-83ce-4078-8a37-3864f9520041@group-1D8AAF838ABD-StateMachineUpdater: set stopIndex = 0
2019-10-17 07:41:28,956 [84d87b42-83ce-4078-8a37-3864f9520041@group-F450BAF5DF14-StateMachineUpdater] INFO  ratis.ContainerStateMachine (ContainerStateMachine.java:takeSnapshot(294)) - group-F450BAF5DF14: Taking a snapshot at:(t:3, i:3) file /workdir/hadoop-ozone/integration-test/target/test-dir/MiniOzoneClusterImpl-e6097d48-8480-4a37-8188-3862b7c67c50/datanode-2/data/ratis/6e647d31-eff2-4ddc-80e8-f450baf5df14/sm/snapshot.3_3
2019-10-17 07:41:28,958 [ForkJoinPool.commonPool-worker-0] INFO  impl.RaftServerImpl (ServerState.java:close(388)) - 84d87b42-83ce-4078-8a37-3864f9520041@group-1D8AAF838ABD: closes. applyIndex: 0
2019-10-17 07:41:28,959 [84d87b42-83ce-4078-8a37-3864f9520041@group-1D8AAF838ABD-SegmentedRaftLogWorker] INFO  segmented.SegmentedRaftLogWorker (SegmentedRaftLogWorker.java:run(316)) - 84d87b42-83ce-4078-8a37-3864f9520041@group-1D8AAF838ABD-SegmentedRaftLogWorker was interrupted, exiting. There are 0 tasks remaining in the queue.
2019-10-17 07:41:28,970 [ForkJoinPool.commonPool-worker-0] INFO  segmented.SegmentedRaftLogWorker (SegmentedRaftLogWorker.java:close(224)) - 84d87b42-83ce-4078-8a37-3864f9520041@group-1D8AAF838ABD-SegmentedRaftLogWorker close()
2019-10-17 07:41:29,073 [84d87b42-83ce-4078-8a37-3864f9520041@group-F450BAF5DF14-StateMachineUpdater] INFO  ratis.ContainerStateMachine (ContainerStateMachine.java:takeSnapshot(305)) - group-F450BAF5DF14: Finished taking a snapshot at:(t:3, i:3) file:/workdir/hadoop-ozone/integration-test/target/test-dir/MiniOzoneClusterImpl-e6097d48-8480-4a37-8188-3862b7c67c50/datanode-2/data/ratis/6e647d31-eff2-4ddc-80e8-f450baf5df14/sm/snapshot.3_3 time:119
2019-10-17 07:41:29,075 [84d87b42-83ce-4078-8a37-3864f9520041@group-F450BAF5DF14-StateMachineUpdater] INFO  impl.StateMachineUpdater (StateMachineUpdater.java:takeSnapshot(269)) - 84d87b42-83ce-4078-8a37-3864f9520041@group-F450BAF5DF14-StateMachineUpdater: Took a snapshot at index 3
2019-10-17 07:41:29,075 [84d87b42-83ce-4078-8a37-3864f9520041@group-F450BAF5DF14-StateMachineUpdater] INFO  impl.StateMachineUpdater (StateMachineUpdater.java:lambda$new$0(84)) - 84d87b42-83ce-4078-8a37-3864f9520041@group-F450BAF5DF14-StateMachineUpdater: snapshotIndex: updateIncreasingly -1 -> 3
2019-10-17 07:41:29,079 [84d87b42-83ce-4078-8a37-3864f9520041@group-F450BAF5DF14-StateMachineUpdater] INFO  ratis.ContainerStateMachine (ContainerStateMachine.java:takeSnapshot(294)) - group-F450BAF5DF14: Taking a snapshot at:(t:3, i:3) file /workdir/hadoop-ozone/integration-test/target/test-dir/MiniOzoneClusterImpl-e6097d48-8480-4a37-8188-3862b7c67c50/datanode-2/data/ratis/6e647d31-eff2-4ddc-80e8-f450baf5df14/sm/snapshot.3_3
2019-10-17 07:41:29,102 [84d87b42-83ce-4078-8a37-3864f9520041@group-F450BAF5DF14-StateMachineUpdater] INFO  ratis.ContainerStateMachine (ContainerStateMachine.java:takeSnapshot(305)) - group-F450BAF5DF14: Finished taking a snapshot at:(t:3, i:3) file:/workdir/hadoop-ozone/integration-test/target/test-dir/MiniOzoneClusterImpl-e6097d48-8480-4a37-8188-3862b7c67c50/datanode-2/data/ratis/6e647d31-eff2-4ddc-80e8-f450baf5df14/sm/snapshot.3_3 time:23
2019-10-17 07:41:29,102 [84d87b42-83ce-4078-8a37-3864f9520041@group-F450BAF5DF14-StateMachineUpdater] INFO  impl.StateMachineUpdater (StateMachineUpdater.java:takeSnapshot(269)) - 84d87b42-83ce-4078-8a37-3864f9520041@group-F450BAF5DF14-StateMachineUpdater: Took a snapshot at index 3
2019-10-17 07:41:29,102 [84d87b42-83ce-4078-8a37-3864f9520041@group-F450BAF5DF14-StateMachineUpdater] INFO  impl.StateMachineUpdater (StateMachineUpdater.java:lambda$new$0(84)) - 84d87b42-83ce-4078-8a37-3864f9520041@group-F450BAF5DF14-StateMachineUpdater: snapshotIndex: updateIncreasingly 3 -> 3
2019-10-17 07:41:29,103 [main] INFO  impl.RaftServerImpl (ServerState.java:close(388)) - 84d87b42-83ce-4078-8a37-3864f9520041@group-F450BAF5DF14: closes. applyIndex: 4
2019-10-17 07:41:29,103 [84d87b42-83ce-4078-8a37-3864f9520041@group-F450BAF5DF14-SegmentedRaftLogWorker] INFO  segmented.SegmentedRaftLogWorker (SegmentedRaftLogWorker.java:run(316)) - 84d87b42-83ce-4078-8a37-3864f9520041@group-F450BAF5DF14-SegmentedRaftLogWorker was interrupted, exiting. There are 0 tasks remaining in the queue.
2019-10-17 07:41:29,105 [main] INFO  segmented.SegmentedRaftLogWorker (SegmentedRaftLogWorker.java:close(224)) - 84d87b42-83ce-4078-8a37-3864f9520041@group-F450BAF5DF14-SegmentedRaftLogWorker close()
2019-10-17 07:41:29,107 [main] INFO  server.GrpcService (GrpcService.java:closeImpl(164)) - 84d87b42-83ce-4078-8a37-3864f9520041: shutdown server with port 42413 now
2019-10-17 07:41:29,113 [grpc-default-executor-0] WARN  server.GrpcServerProtocolService (LogUtils.java:warn(134)) - 84d87b42-83ce-4078-8a37-3864f9520041: installSnapshot onError, lastRequest: 722c44df-b170-4eeb-abb4-8ab07bb69a54->84d87b42-83ce-4078-8a37-3864f9520041#7-t3, previous=(t:3, i:4), leaderCommit=4, initializing? false, entries: <empty>: org.apache.ratis.thirdparty.io.grpc.StatusRuntimeException: CANCELLED: cancelled before receiving half close
2019-10-17 07:41:29,115 [main] INFO  server.GrpcService (GrpcService.java:closeImpl(172)) - 84d87b42-83ce-4078-8a37-3864f9520041: shutdown server with port 42413 successfully
2019-10-17 07:41:29,115 [grpc-default-executor-1] WARN  server.GrpcLogAppender (LogUtils.java:warn(134)) - 722c44df-b170-4eeb-abb4-8ab07bb69a54@group-F450BAF5DF14->84d87b42-83ce-4078-8a37-3864f9520041-AppendLogResponseHandler: Failed appendEntries: org.apache.ratis.thirdparty.io.grpc.StatusRuntimeException: CANCELLED: HTTP/2 error code: CANCEL
Received Rst Stream
2019-10-17 07:41:29,119 [refreshUsed-/workdir/hadoop-ozone/integration-test/target/test-dir/MiniOzoneClusterImpl-e6097d48-8480-4a37-8188-3862b7c67c50/datanode-2/data/containers] WARN  fs.CachingGetSpaceUsed (CachingGetSpaceUsed.java:run(183)) - Thread Interrupted waiting to refresh disk information: sleep interrupted
2019-10-17 07:41:29,140 [main] INFO  utils.BackgroundService (BackgroundService.java:shutdown(151)) - Shutting down service BlockDeletingService
2019-10-17 07:41:29,143 [main] INFO  statemachine.DatanodeStateMachine (DatanodeStateMachine.java:stopDaemon(395)) - Ozone container server stopped.
2019-10-17 07:41:29,148 [main] INFO  handler.ContextHandler (ContextHandler.java:doStop(910)) - Stopped o.e.j.w.WebAppContext@7a0e7ecd{/,null,UNAVAILABLE}{/hddsDatanode}
2019-10-17 07:41:29,154 [main] INFO  server.AbstractConnector (AbstractConnector.java:doStop(318)) - Stopped ServerConnector@54e3658c{HTTP/1.1,[http/1.1]}{0.0.0.0:0}
2019-10-17 07:41:29,155 [main] INFO  handler.ContextHandler (ContextHandler.java:doStop(910)) - Stopped o.e.j.s.ServletContextHandler@5fa23c{/static,jar:file:/home/user/.m2/repository/org/apache/hadoop/hadoop-hdds-container-service/0.5.0-SNAPSHOT/hadoop-hdds-container-service-0.5.0-SNAPSHOT.jar!/webapps/static,UNAVAILABLE}
2019-10-17 07:41:29,155 [main] INFO  handler.ContextHandler (ContextHandler.java:doStop(910)) - Stopped o.e.j.s.ServletContextHandler@6920614{/logs,file:///workdir/hadoop-ozone/integration-test/target/log,UNAVAILABLE}
2019-10-17 07:41:32,162 [java.util.concurrent.ThreadPoolExecutor$Worker@3d6cb76e[State = -1, empty queue]] WARN  server.GrpcLogAppender (GrpcLogAppender.java:timeoutAppendRequest(209)) - 722c44df-b170-4eeb-abb4-8ab07bb69a54@group-F450BAF5DF14->84d87b42-83ce-4078-8a37-3864f9520041-GrpcLogAppender: appendEntries Timeout, request=722c44df-b170-4eeb-abb4-8ab07bb69a54->84d87b42-83ce-4078-8a37-3864f9520041#8-t3, previous=(t:3, i:4), leaderCommit=4, initializing? false, entries: size=1, first=(t:3, i:5), STATEMACHINELOGENTRY, client-352DFC73CCDB, cid=8
2019-10-17 07:41:32,162 [java.util.concurrent.ThreadPoolExecutor$Worker@3d6cb76e[State = -1, empty queue]] WARN  server.GrpcLogAppender (GrpcLogAppender.java:timeoutAppendRequest(209)) - 722c44df-b170-4eeb-abb4-8ab07bb69a54@group-F450BAF5DF14->84d87b42-83ce-4078-8a37-3864f9520041-GrpcLogAppender: appendEntries Timeout, request=722c44df-b170-4eeb-abb4-8ab07bb69a54->84d87b42-83ce-4078-8a37-3864f9520041#9-t3, previous=(t:3, i:5), leaderCommit=4, initializing? false, entries: size=1, first=(t:3, i:6), STATEMACHINELOGENTRY, client-352DFC73CCDB, cid=9
2019-10-17 07:41:32,177 [java.util.concurrent.ThreadPoolExecutor$Worker@3d6cb76e[State = -1, empty queue]] WARN  server.GrpcLogAppender (GrpcLogAppender.java:timeoutAppendRequest(209)) - 722c44df-b170-4eeb-abb4-8ab07bb69a54@group-F450BAF5DF14->84d87b42-83ce-4078-8a37-3864f9520041-GrpcLogAppender: appendEntries Timeout, request=722c44df-b170-4eeb-abb4-8ab07bb69a54->84d87b42-83ce-4078-8a37-3864f9520041#10-t3, previous=(t:3, i:6), leaderCommit=5, initializing? false, entries: size=1, first=(t:3, i:7), METADATAENTRY(c5)
2019-10-17 07:41:32,177 [java.util.concurrent.ThreadPoolExecutor$Worker@3d6cb76e[State = -1, empty queue]] WARN  server.GrpcLogAppender (GrpcLogAppender.java:timeoutAppendRequest(209)) - 722c44df-b170-4eeb-abb4-8ab07bb69a54@group-F450BAF5DF14->84d87b42-83ce-4078-8a37-3864f9520041-GrpcLogAppender: appendEntries Timeout, request=722c44df-b170-4eeb-abb4-8ab07bb69a54->84d87b42-83ce-4078-8a37-3864f9520041#11-t3, previous=(t:3, i:7), leaderCommit=6, initializing? false, entries: size=1, first=(t:3, i:8), METADATAENTRY(c6)
2019-10-17 07:41:34,679 [java.util.concurrent.ThreadPoolExecutor$Worker@3d6cb76e[State = -1, empty queue]] WARN  server.GrpcLogAppender (GrpcLogAppender.java:timeoutAppendRequest(209)) - 722c44df-b170-4eeb-abb4-8ab07bb69a54@group-F450BAF5DF14->84d87b42-83ce-4078-8a37-3864f9520041-GrpcLogAppender: appendEntries Timeout, request=722c44df-b170-4eeb-abb4-8ab07bb69a54->84d87b42-83ce-4078-8a37-3864f9520041#12-t3, previous=(t:3, i:8), leaderCommit=8, initializing? false, entries: <empty>
2019-10-17 07:41:37,180 [java.util.concurrent.ThreadPoolExecutor$Worker@3d6cb76e[State = -1, empty queue]] WARN  server.GrpcLogAppender (GrpcLogAppender.java:timeoutAppendRequest(209)) - 722c44df-b170-4eeb-abb4-8ab07bb69a54@group-F450BAF5DF14->84d87b42-83ce-4078-8a37-3864f9520041-GrpcLogAppender: appendEntries Timeout, request=722c44df-b170-4eeb-abb4-8ab07bb69a54->84d87b42-83ce-4078-8a37-3864f9520041#13-t3, previous=(t:3, i:8), leaderCommit=8, initializing? false, entries: <empty>
2019-10-17 07:41:38,213 [Thread-303] INFO  client.GrpcClientProtocolService (GrpcClientProtocolService.java:lambda$processClientRequest$0(278)) - Failed RaftClientRequest:client-352DFC73CCDB->6ea7cc1b-6dd1-4a6f-b526-a2c2472221ee@group-F450BAF5DF14, cid=10, seq=0, Watch-ALL_COMMITTED(6), Message:<EMPTY>, reply=RaftClientReply:client-352DFC73CCDB->6ea7cc1b-6dd1-4a6f-b526-a2c2472221ee@group-F450BAF5DF14, cid=10, FAILED org.apache.ratis.protocol.NotLeaderException: Server 6ea7cc1b-6dd1-4a6f-b526-a2c2472221ee@group-F450BAF5DF14 is not the leader 722c44df-b170-4eeb-abb4-8ab07bb69a54:192.168.164.211:33246, logIndex=0, commits[6ea7cc1b-6dd1-4a6f-b526-a2c2472221ee:c8, 722c44df-b170-4eeb-abb4-8ab07bb69a54:c8, 84d87b42-83ce-4078-8a37-3864f9520041:c4]
2019-10-17 07:41:39,680 [java.util.concurrent.ThreadPoolExecutor$Worker@3d6cb76e[State = -1, empty queue]] WARN  server.GrpcLogAppender (GrpcLogAppender.java:timeoutAppendRequest(209)) - 722c44df-b170-4eeb-abb4-8ab07bb69a54@group-F450BAF5DF14->84d87b42-83ce-4078-8a37-3864f9520041-GrpcLogAppender: appendEntries Timeout, request=722c44df-b170-4eeb-abb4-8ab07bb69a54->84d87b42-83ce-4078-8a37-3864f9520041#14-t3, previous=(t:3, i:8), leaderCommit=8, initializing? false, entries: <empty>
2019-10-17 07:41:39,688 [Thread-307] INFO  client.GrpcClientProtocolService (GrpcClientProtocolService.java:lambda$processClientRequest$0(278)) - Failed RaftClientRequest:client-352DFC73CCDB->722c44df-b170-4eeb-abb4-8ab07bb69a54@group-F450BAF5DF14, cid=10, seq=0, Watch-ALL_COMMITTED(6), Message:<EMPTY>, reply=RaftClientReply:client-352DFC73CCDB->722c44df-b170-4eeb-abb4-8ab07bb69a54@group-F450BAF5DF14, cid=10, FAILED org.apache.ratis.protocol.NotReplicatedException: Request with call Id 10 and log index 6 is not yet replicated to ALL_COMMITTED, logIndex=6, commits[722c44df-b170-4eeb-abb4-8ab07bb69a54:c8, 6ea7cc1b-6dd1-4a6f-b526-a2c2472221ee:c8, 84d87b42-83ce-4078-8a37-3864f9520041:c4]
2019-10-17 07:41:42,181 [java.util.concurrent.ThreadPoolExecutor$Worker@3d6cb76e[State = -1, empty queue]] WARN  server.GrpcLogAppender (GrpcLogAppender.java:timeoutAppendRequest(209)) - 722c44df-b170-4eeb-abb4-8ab07bb69a54@group-F450BAF5DF14->84d87b42-83ce-4078-8a37-3864f9520041-GrpcLogAppender: appendEntries Timeout, request=722c44df-b170-4eeb-abb4-8ab07bb69a54->84d87b42-83ce-4078-8a37-3864f9520041#15-t3, previous=(t:3, i:8), leaderCommit=8, initializing? false, entries: <empty>
2019-10-17 07:41:44,682 [java.util.concurrent.ThreadPoolExecutor$Worker@3d6cb76e[State = -1, empty queue]] WARN  server.GrpcLogAppender (GrpcLogAppender.java:timeoutAppendRequest(209)) - 722c44df-b170-4eeb-abb4-8ab07bb69a54@group-F450BAF5DF14->84d87b42-83ce-4078-8a37-3864f9520041-GrpcLogAppender: appendEntries Timeout, request=722c44df-b170-4eeb-abb4-8ab07bb69a54->84d87b42-83ce-4078-8a37-3864f9520041#16-t3, previous=(t:3, i:8), leaderCommit=8, initializing? false, entries: <empty>
2019-10-17 07:41:47,183 [java.util.concurrent.ThreadPoolExecutor$Worker@3d6cb76e[State = -1, empty queue]] WARN  server.GrpcLogAppender (GrpcLogAppender.java:timeoutAppendRequest(209)) - 722c44df-b170-4eeb-abb4-8ab07bb69a54@group-F450BAF5DF14->84d87b42-83ce-4078-8a37-3864f9520041-GrpcLogAppender: appendEntries Timeout, request=722c44df-b170-4eeb-abb4-8ab07bb69a54->84d87b42-83ce-4078-8a37-3864f9520041#17-t3, previous=(t:3, i:8), leaderCommit=8, initializing? false, entries: <empty>
2019-10-17 07:41:48,256 [Thread-315] INFO  client.GrpcClientProtocolService (GrpcClientProtocolService.java:lambda$processClientRequest$0(278)) - Failed RaftClientRequest:client-352DFC73CCDB->6ea7cc1b-6dd1-4a6f-b526-a2c2472221ee@group-F450BAF5DF14, cid=10, seq=0, Watch-ALL_COMMITTED(6), Message:<EMPTY>, reply=RaftClientReply:client-352DFC73CCDB->6ea7cc1b-6dd1-4a6f-b526-a2c2472221ee@group-F450BAF5DF14, cid=10, FAILED org.apache.ratis.protocol.NotLeaderException: Server 6ea7cc1b-6dd1-4a6f-b526-a2c2472221ee@group-F450BAF5DF14 is not the leader 722c44df-b170-4eeb-abb4-8ab07bb69a54:192.168.164.211:33246, logIndex=0, commits[6ea7cc1b-6dd1-4a6f-b526-a2c2472221ee:c8, 722c44df-b170-4eeb-abb4-8ab07bb69a54:c8, 84d87b42-83ce-4078-8a37-3864f9520041:c4]
2019-10-17 07:41:48,682 [Thread-318] INFO  client.GrpcClientProtocolService (GrpcClientProtocolService.java:lambda$processClientRequest$0(278)) - Failed RaftClientRequest:client-352DFC73CCDB->722c44df-b170-4eeb-abb4-8ab07bb69a54@group-F450BAF5DF14, cid=10, seq=0, Watch-ALL_COMMITTED(6), Message:<EMPTY>, reply=RaftClientReply:client-352DFC73CCDB->722c44df-b170-4eeb-abb4-8ab07bb69a54@group-F450BAF5DF14, cid=10, FAILED org.apache.ratis.protocol.NotReplicatedException: Request with call Id 10 and log index 6 is not yet replicated to ALL_COMMITTED, logIndex=6, commits[722c44df-b170-4eeb-abb4-8ab07bb69a54:c8, 6ea7cc1b-6dd1-4a6f-b526-a2c2472221ee:c8, 84d87b42-83ce-4078-8a37-3864f9520041:c4]
2019-10-17 07:41:49,684 [java.util.concurrent.ThreadPoolExecutor$Worker@3d6cb76e[State = -1, empty queue]] WARN  server.GrpcLogAppender (GrpcLogAppender.java:timeoutAppendRequest(209)) - 722c44df-b170-4eeb-abb4-8ab07bb69a54@group-F450BAF5DF14->84d87b42-83ce-4078-8a37-3864f9520041-GrpcLogAppender: appendEntries Timeout, request=722c44df-b170-4eeb-abb4-8ab07bb69a54->84d87b42-83ce-4078-8a37-3864f9520041#18-t3, previous=(t:3, i:8), leaderCommit=8, initializing? false, entries: <empty>
2019-10-17 07:41:52,185 [java.util.concurrent.ThreadPoolExecutor$Worker@3d6cb76e[State = -1, empty queue]] WARN  server.GrpcLogAppender (GrpcLogAppender.java:timeoutAppendRequest(209)) - 722c44df-b170-4eeb-abb4-8ab07bb69a54@group-F450BAF5DF14->84d87b42-83ce-4078-8a37-3864f9520041-GrpcLogAppender: appendEntries Timeout, request=722c44df-b170-4eeb-abb4-8ab07bb69a54->84d87b42-83ce-4078-8a37-3864f9520041#19-t3, previous=(t:3, i:8), leaderCommit=8, initializing? false, entries: <empty>
2019-10-17 07:41:54,687 [java.util.concurrent.ThreadPoolExecutor$Worker@3d6cb76e[State = -1, empty queue]] WARN  server.GrpcLogAppender (GrpcLogAppender.java:timeoutAppendRequest(209)) - 722c44df-b170-4eeb-abb4-8ab07bb69a54@group-F450BAF5DF14->84d87b42-83ce-4078-8a37-3864f9520041-GrpcLogAppender: appendEntries Timeout, request=722c44df-b170-4eeb-abb4-8ab07bb69a54->84d87b42-83ce-4078-8a37-3864f9520041#20-t3, previous=(t:3, i:8), leaderCommit=8, initializing? false, entries: <empty>
2019-10-17 07:41:57,189 [java.util.concurrent.ThreadPoolExecutor$Worker@3d6cb76e[State = -1, empty queue]] WARN  server.GrpcLogAppender (GrpcLogAppender.java:timeoutAppendRequest(209)) - 722c44df-b170-4eeb-abb4-8ab07bb69a54@group-F450BAF5DF14->84d87b42-83ce-4078-8a37-3864f9520041-GrpcLogAppender: appendEntries Timeout, request=722c44df-b170-4eeb-abb4-8ab07bb69a54->84d87b42-83ce-4078-8a37-3864f9520041#21-t3, previous=(t:3, i:8), leaderCommit=8, initializing? false, entries: <empty>
2019-10-17 07:41:57,283 [Thread-325] INFO  client.GrpcClientProtocolService (GrpcClientProtocolService.java:lambda$processClientRequest$0(278)) - Failed RaftClientRequest:client-352DFC73CCDB->6ea7cc1b-6dd1-4a6f-b526-a2c2472221ee@group-F450BAF5DF14, cid=10, seq=0, Watch-ALL_COMMITTED(6), Message:<EMPTY>, reply=RaftClientReply:client-352DFC73CCDB->6ea7cc1b-6dd1-4a6f-b526-a2c2472221ee@group-F450BAF5DF14, cid=10, FAILED org.apache.ratis.protocol.NotLeaderException: Server 6ea7cc1b-6dd1-4a6f-b526-a2c2472221ee@group-F450BAF5DF14 is not the leader 722c44df-b170-4eeb-abb4-8ab07bb69a54:192.168.164.211:33246, logIndex=0, commits[6ea7cc1b-6dd1-4a6f-b526-a2c2472221ee:c8, 722c44df-b170-4eeb-abb4-8ab07bb69a54:c8, 84d87b42-83ce-4078-8a37-3864f9520041:c4]
2019-10-17 07:41:58,682 [Thread-328] INFO  client.GrpcClientProtocolService (GrpcClientProtocolService.java:lambda$processClientRequest$0(278)) - Failed RaftClientRequest:client-352DFC73CCDB->722c44df-b170-4eeb-abb4-8ab07bb69a54@group-F450BAF5DF14, cid=10, seq=0, Watch-ALL_COMMITTED(6), Message:<EMPTY>, reply=RaftClientReply:client-352DFC73CCDB->722c44df-b170-4eeb-abb4-8ab07bb69a54@group-F450BAF5DF14, cid=10, FAILED org.apache.ratis.protocol.NotReplicatedException: Request with call Id 10 and log index 6 is not yet replicated to ALL_COMMITTED, logIndex=6, commits[722c44df-b170-4eeb-abb4-8ab07bb69a54:c8, 6ea7cc1b-6dd1-4a6f-b526-a2c2472221ee:c8, 84d87b42-83ce-4078-8a37-3864f9520041:c4]
2019-10-17 07:41:59,194 [main] WARN  scm.XceiverClientRatis (XceiverClientRatis.java:watchForCommit(277)) - 3 way commit failed on pipeline Pipeline[ Id: 6e647d31-eff2-4ddc-80e8-f450baf5df14, Nodes: 6ea7cc1b-6dd1-4a6f-b526-a2c2472221ee{ip: 192.168.164.211, host: pr-hdds-2283-cnrrq-1638407854, networkLocation: /default-rack, certSerialId: null}84d87b42-83ce-4078-8a37-3864f9520041{ip: 192.168.164.211, host: pr-hdds-2283-cnrrq-1638407854, networkLocation: /default-rack, certSerialId: null}722c44df-b170-4eeb-abb4-8ab07bb69a54{ip: 192.168.164.211, host: pr-hdds-2283-cnrrq-1638407854, networkLocation: /default-rack, certSerialId: null}, Type:RATIS, Factor:THREE, State:OPEN]
java.util.concurrent.TimeoutException
	at java.util.concurrent.CompletableFuture.timedGet(CompletableFuture.java:1771)
	at java.util.concurrent.CompletableFuture.get(CompletableFuture.java:1915)
	at org.apache.hadoop.hdds.scm.XceiverClientRatis.watchForCommit(XceiverClientRatis.java:274)
	at org.apache.hadoop.hdds.scm.storage.CommitWatcher.watchForCommit(CommitWatcher.java:198)
	at org.apache.hadoop.hdds.scm.storage.CommitWatcher.watchOnLastIndex(CommitWatcher.java:161)
	at org.apache.hadoop.hdds.scm.storage.BlockOutputStream.watchForCommit(BlockOutputStream.java:346)
	at org.apache.hadoop.hdds.scm.storage.BlockOutputStream.handleFlush(BlockOutputStream.java:482)
	at org.apache.hadoop.hdds.scm.storage.BlockOutputStream.close(BlockOutputStream.java:496)
	at org.apache.hadoop.ozone.client.io.BlockOutputStreamEntry.close(BlockOutputStreamEntry.java:143)
	at org.apache.hadoop.ozone.client.io.KeyOutputStream.handleFlushOrClose(KeyOutputStream.java:435)
	at org.apache.hadoop.ozone.client.io.KeyOutputStream.close(KeyOutputStream.java:473)
	at org.apache.hadoop.ozone.client.io.OzoneOutputStream.close(OzoneOutputStream.java:60)
	at org.apache.hadoop.ozone.client.rpc.TestDeleteWithSlowFollower.testDeleteKeyWithSlowFollower(TestDeleteWithSlowFollower.java:193)
	at sun.reflect.NativeMethodAccessorImpl.invoke0(Native Method)
	at sun.reflect.NativeMethodAccessorImpl.invoke(NativeMethodAccessorImpl.java:62)
	at sun.reflect.DelegatingMethodAccessorImpl.invoke(DelegatingMethodAccessorImpl.java:43)
	at java.lang.reflect.Method.invoke(Method.java:498)
	at org.junit.runners.model.FrameworkMethod$1.runReflectiveCall(FrameworkMethod.java:47)
	at org.junit.internal.runners.model.ReflectiveCallable.run(ReflectiveCallable.java:12)
	at org.junit.runners.model.FrameworkMethod.invokeExplosively(FrameworkMethod.java:44)
	at org.junit.internal.runners.statements.InvokeMethod.evaluate(InvokeMethod.java:17)
	at org.junit.runners.ParentRunner.runLeaf(ParentRunner.java:271)
	at org.junit.runners.BlockJUnit4ClassRunner.runChild(BlockJUnit4ClassRunner.java:70)
	at org.junit.runners.BlockJUnit4ClassRunner.runChild(BlockJUnit4ClassRunner.java:50)
	at org.junit.runners.ParentRunner$3.run(ParentRunner.java:238)
	at org.junit.runners.ParentRunner$1.schedule(ParentRunner.java:63)
	at org.junit.runners.ParentRunner.runChildren(ParentRunner.java:236)
	at org.junit.runners.ParentRunner.access$000(ParentRunner.java:53)
	at org.junit.runners.ParentRunner$2.evaluate(ParentRunner.java:229)
	at org.junit.internal.runners.statements.RunBefores.evaluate(RunBefores.java:26)
	at org.junit.internal.runners.statements.RunAfters.evaluate(RunAfters.java:27)
	at org.junit.runners.ParentRunner.run(ParentRunner.java:309)
	at org.apache.maven.surefire.junit4.JUnit4Provider.execute(JUnit4Provider.java:365)
	at org.apache.maven.surefire.junit4.JUnit4Provider.executeWithRerun(JUnit4Provider.java:273)
	at org.apache.maven.surefire.junit4.JUnit4Provider.executeTestSet(JUnit4Provider.java:238)
	at org.apache.maven.surefire.junit4.JUnit4Provider.invoke(JUnit4Provider.java:159)
	at org.apache.maven.surefire.booter.ForkedBooter.invokeProviderInSameClassLoader(ForkedBooter.java:384)
	at org.apache.maven.surefire.booter.ForkedBooter.runSuitesInProcess(ForkedBooter.java:345)
	at org.apache.maven.surefire.booter.ForkedBooter.execute(ForkedBooter.java:126)
	at org.apache.maven.surefire.booter.ForkedBooter.main(ForkedBooter.java:418)
2019-10-17 07:41:59,214 [main] INFO  scm.XceiverClientRatis (XceiverClientRatis.java:lambda$watchForCommit$5(295)) - Could not commit index 6 on pipeline Pipeline[ Id: 6e647d31-eff2-4ddc-80e8-f450baf5df14, Nodes: 6ea7cc1b-6dd1-4a6f-b526-a2c2472221ee{ip: 192.168.164.211, host: pr-hdds-2283-cnrrq-1638407854, networkLocation: /default-rack, certSerialId: null}84d87b42-83ce-4078-8a37-3864f9520041{ip: 192.168.164.211, host: pr-hdds-2283-cnrrq-1638407854, networkLocation: /default-rack, certSerialId: null}722c44df-b170-4eeb-abb4-8ab07bb69a54{ip: 192.168.164.211, host: pr-hdds-2283-cnrrq-1638407854, networkLocation: /default-rack, certSerialId: null}, Type:RATIS, Factor:THREE, State:OPEN] to all the nodes. Server 84d87b42-83ce-4078-8a37-3864f9520041 has failed. Committed by majority.
2019-10-17 07:41:59,215 [main] WARN  storage.BlockOutputStream (BlockOutputStream.java:watchForCommit(352)) - Failed to commit BlockId conID: 1 locID: 102976591172075520 bcsId: 6 on Pipeline[ Id: 6e647d31-eff2-4ddc-80e8-f450baf5df14, Nodes: 6ea7cc1b-6dd1-4a6f-b526-a2c2472221ee{ip: 192.168.164.211, host: pr-hdds-2283-cnrrq-1638407854, networkLocation: /default-rack, certSerialId: null}84d87b42-83ce-4078-8a37-3864f9520041{ip: 192.168.164.211, host: pr-hdds-2283-cnrrq-1638407854, networkLocation: /default-rack, certSerialId: null}722c44df-b170-4eeb-abb4-8ab07bb69a54{ip: 192.168.164.211, host: pr-hdds-2283-cnrrq-1638407854, networkLocation: /default-rack, certSerialId: null}, Type:RATIS, Factor:THREE, State:OPEN]. Failed nodes: [84d87b42-83ce-4078-8a37-3864f9520041{ip: null, host: null, networkLocation: /default-rack, certSerialId: null}]
2019-10-17 07:41:59,299 [EventQueue-IncrementalContainerReportForIncrementalContainerReportHandler] WARN  container.IncrementalContainerReportHandler (AbstractContainerReportHandler.java:updateContainerState(145)) - Container #1 is in OPEN state, but the datanode 722c44df-b170-4eeb-abb4-8ab07bb69a54{ip: 192.168.164.211, host: pr-hdds-2283-cnrrq-1638407854, networkLocation: /default-rack, certSerialId: null} reports an CLOSING replica.
2019-10-17 07:41:59,302 [RatisApplyTransactionExecutor 1] INFO  interfaces.Container (KeyValueContainer.java:flushAndSyncDB(386)) - Container 1 is synced with bcsId 6.
2019-10-17 07:41:59,303 [RatisApplyTransactionExecutor 1] INFO  interfaces.Container (KeyValueContainer.java:flushAndSyncDB(386)) - Container 1 is synced with bcsId 6.
2019-10-17 07:41:59,318 [RatisApplyTransactionExecutor 1] INFO  interfaces.Container (KeyValueContainer.java:close(335)) - Container 1 is closed with bcsId 6.
2019-10-17 07:41:59,319 [RatisApplyTransactionExecutor 1] INFO  interfaces.Container (KeyValueContainer.java:flushAndSyncDB(386)) - Container 1 is synced with bcsId 6.
2019-10-17 07:41:59,320 [RatisApplyTransactionExecutor 1] INFO  interfaces.Container (KeyValueContainer.java:flushAndSyncDB(386)) - Container 1 is synced with bcsId 6.
2019-10-17 07:41:59,322 [EventQueue-IncrementalContainerReportForIncrementalContainerReportHandler] WARN  container.IncrementalContainerReportHandler (AbstractContainerReportHandler.java:updateContainerState(145)) - Container #1 is in OPEN state, but the datanode 722c44df-b170-4eeb-abb4-8ab07bb69a54{ip: 192.168.164.211, host: pr-hdds-2283-cnrrq-1638407854, networkLocation: /default-rack, certSerialId: null} reports an CLOSED replica.
2019-10-17 07:41:59,322 [EventQueue-IncrementalContainerReportForIncrementalContainerReportHandler] WARN  container.IncrementalContainerReportHandler (AbstractContainerReportHandler.java:updateContainerState(145)) - Container #1 is in OPEN state, but the datanode 6ea7cc1b-6dd1-4a6f-b526-a2c2472221ee{ip: 192.168.164.211, host: pr-hdds-2283-cnrrq-1638407854, networkLocation: /default-rack, certSerialId: null} reports an CLOSING replica.
2019-10-17 07:41:59,339 [RatisApplyTransactionExecutor 1] INFO  interfaces.Container (KeyValueContainer.java:close(335)) - Container 1 is closed with bcsId 6.
2019-10-17 07:41:59,340 [EventQueue-IncrementalContainerReportForIncrementalContainerReportHandler] WARN  container.IncrementalContainerReportHandler (AbstractContainerReportHandler.java:updateContainerState(145)) - Container #1 is in OPEN state, but the datanode 6ea7cc1b-6dd1-4a6f-b526-a2c2472221ee{ip: 192.168.164.211, host: pr-hdds-2283-cnrrq-1638407854, networkLocation: /default-rack, certSerialId: null} reports an CLOSED replica.
2019-10-17 07:41:59,619 [EventQueue-ContainerReportForContainerReportHandler] WARN  container.ContainerReportHandler (AbstractContainerReportHandler.java:updateContainerState(145)) - Container #1 is in OPEN state, but the datanode 722c44df-b170-4eeb-abb4-8ab07bb69a54{ip: 192.168.164.211, host: pr-hdds-2283-cnrrq-1638407854, networkLocation: /default-rack, certSerialId: null} reports an CLOSED replica.
2019-10-17 07:41:59,640 [EventQueue-ContainerReportForContainerReportHandler] WARN  container.ContainerReportHandler (AbstractContainerReportHandler.java:updateContainerState(145)) - Container #1 is in OPEN state, but the datanode 6ea7cc1b-6dd1-4a6f-b526-a2c2472221ee{ip: 192.168.164.211, host: pr-hdds-2283-cnrrq-1638407854, networkLocation: /default-rack, certSerialId: null} reports an CLOSED replica.
2019-10-17 07:41:59,692 [java.util.concurrent.ThreadPoolExecutor$Worker@3d6cb76e[State = -1, empty queue]] WARN  server.GrpcLogAppender (GrpcLogAppender.java:timeoutAppendRequest(209)) - 722c44df-b170-4eeb-abb4-8ab07bb69a54@group-F450BAF5DF14->84d87b42-83ce-4078-8a37-3864f9520041-GrpcLogAppender: appendEntries Timeout, request=722c44df-b170-4eeb-abb4-8ab07bb69a54->84d87b42-83ce-4078-8a37-3864f9520041#22-t3, previous=(t:3, i:8), leaderCommit=8, initializing? false, entries: <empty>
2019-10-17 07:41:59,841 [EventQueue-ContainerReportForContainerReportHandler] WARN  container.ContainerReportHandler (AbstractContainerReportHandler.java:updateContainerState(145)) - Container #1 is in OPEN state, but the datanode 6ea7cc1b-6dd1-4a6f-b526-a2c2472221ee{ip: 192.168.164.211, host: pr-hdds-2283-cnrrq-1638407854, networkLocation: /default-rack, certSerialId: null} reports an CLOSED replica.
2019-10-17 07:42:00,023 [EventQueue-ContainerReportForContainerReportHandler] WARN  container.ContainerReportHandler (AbstractContainerReportHandler.java:updateContainerState(145)) - Container #1 is in OPEN state, but the datanode 722c44df-b170-4eeb-abb4-8ab07bb69a54{ip: 192.168.164.211, host: pr-hdds-2283-cnrrq-1638407854, networkLocation: /default-rack, certSerialId: null} reports an CLOSED replica.
2019-10-17 07:42:00,036 [IPC Server handler 4 on 39645] INFO  server.SCMBlockProtocolServer (SCMBlockProtocolServer.java:deleteKeyBlocks(212)) - SCM is informed by OM to delete 1 blocks
2019-10-17 07:42:00,036 [IPC Server handler 4 on 39645] INFO  block.BlockManagerImpl (BlockManagerImpl.java:deleteBlocks(285)) - Deleting blocks conID: 1 locID: 102976591172075520 bcsId: 0
2019-10-17 07:42:00,140 [EventQueue-ContainerReportForContainerReportHandler] WARN  container.ContainerReportHandler (AbstractContainerReportHandler.java:updateContainerState(145)) - Container #1 is in OPEN state, but the datanode 6ea7cc1b-6dd1-4a6f-b526-a2c2472221ee{ip: 192.168.164.211, host: pr-hdds-2283-cnrrq-1638407854, networkLocation: /default-rack, certSerialId: null} reports an CLOSED replica.
2019-10-17 07:42:00,173 [BlockDeletingService#2] WARN  background.BlockDeletingService (BlockDeletingService.java:isDeletionAllowed(187)) - Close Container log Index 6 is not replicated across allthe servers in the pipeline 6e647d31-eff2-4ddc-80e8-f450baf5df14 as the min replicated index is 4. Deletion is not allowed in this container yet.
2019-10-17 07:42:00,174 [BlockDeletingService#2] WARN  background.BlockDeletingService (BlockDeletingService.java:isDeletionAllowed(187)) - Close Container log Index 6 is not replicated across allthe servers in the pipeline 6e647d31-eff2-4ddc-80e8-f450baf5df14 as the min replicated index is 4. Deletion is not allowed in this container yet.
2019-10-17 07:42:00,420 [EventQueue-ContainerReportForContainerReportHandler] WARN  container.ContainerReportHandler (AbstractContainerReportHandler.java:updateContainerState(145)) - Container #1 is in OPEN state, but the datanode 722c44df-b170-4eeb-abb4-8ab07bb69a54{ip: 192.168.164.211, host: pr-hdds-2283-cnrrq-1638407854, networkLocation: /default-rack, certSerialId: null} reports an CLOSED replica.
2019-10-17 07:42:00,442 [EventQueue-ContainerReportForContainerReportHandler] WARN  container.ContainerReportHandler (AbstractContainerReportHandler.java:updateContainerState(145)) - Container #1 is in OPEN state, but the datanode 6ea7cc1b-6dd1-4a6f-b526-a2c2472221ee{ip: 192.168.164.211, host: pr-hdds-2283-cnrrq-1638407854, networkLocation: /default-rack, certSerialId: null} reports an CLOSED replica.
2019-10-17 07:42:00,720 [EventQueue-ContainerReportForContainerReportHandler] WARN  container.ContainerReportHandler (AbstractContainerReportHandler.java:updateContainerState(145)) - Container #1 is in OPEN state, but the datanode 722c44df-b170-4eeb-abb4-8ab07bb69a54{ip: 192.168.164.211, host: pr-hdds-2283-cnrrq-1638407854, networkLocation: /default-rack, certSerialId: null} reports an CLOSED replica.
2019-10-17 07:42:00,743 [EventQueue-ContainerReportForContainerReportHandler] WARN  container.ContainerReportHandler (AbstractContainerReportHandler.java:updateContainerState(145)) - Container #1 is in OPEN state, but the datanode 6ea7cc1b-6dd1-4a6f-b526-a2c2472221ee{ip: 192.168.164.211, host: pr-hdds-2283-cnrrq-1638407854, networkLocation: /default-rack, certSerialId: null} reports an CLOSED replica.
2019-10-17 07:42:01,043 [EventQueue-ContainerReportForContainerReportHandler] WARN  container.ContainerReportHandler (AbstractContainerReportHandler.java:updateContainerState(145)) - Container #1 is in OPEN state, but the datanode 6ea7cc1b-6dd1-4a6f-b526-a2c2472221ee{ip: 192.168.164.211, host: pr-hdds-2283-cnrrq-1638407854, networkLocation: /default-rack, certSerialId: null} reports an CLOSED replica.
2019-10-17 07:42:01,120 [EventQueue-ContainerReportForContainerReportHandler] WARN  container.ContainerReportHandler (AbstractContainerReportHandler.java:updateContainerState(145)) - Container #1 is in OPEN state, but the datanode 722c44df-b170-4eeb-abb4-8ab07bb69a54{ip: 192.168.164.211, host: pr-hdds-2283-cnrrq-1638407854, networkLocation: /default-rack, certSerialId: null} reports an CLOSED replica.
2019-10-17 07:42:01,175 [BlockDeletingService#2] WARN  background.BlockDeletingService (BlockDeletingService.java:isDeletionAllowed(187)) - Close Container log Index 6 is not replicated across allthe servers in the pipeline 6e647d31-eff2-4ddc-80e8-f450baf5df14 as the min replicated index is 4. Deletion is not allowed in this container yet.
2019-10-17 07:42:01,176 [BlockDeletingService#2] WARN  background.BlockDeletingService (BlockDeletingService.java:isDeletionAllowed(187)) - Close Container log Index 6 is not replicated across allthe servers in the pipeline 6e647d31-eff2-4ddc-80e8-f450baf5df14 as the min replicated index is 4. Deletion is not allowed in this container yet.
2019-10-17 07:42:01,421 [EventQueue-ContainerReportForContainerReportHandler] WARN  container.ContainerReportHandler (AbstractContainerReportHandler.java:updateContainerState(145)) - Container #1 is in OPEN state, but the datanode 722c44df-b170-4eeb-abb4-8ab07bb69a54{ip: 192.168.164.211, host: pr-hdds-2283-cnrrq-1638407854, networkLocation: /default-rack, certSerialId: null} reports an CLOSED replica.
2019-10-17 07:42:01,444 [EventQueue-ContainerReportForContainerReportHandler] WARN  container.ContainerReportHandler (AbstractContainerReportHandler.java:updateContainerState(145)) - Container #1 is in OPEN state, but the datanode 6ea7cc1b-6dd1-4a6f-b526-a2c2472221ee{ip: 192.168.164.211, host: pr-hdds-2283-cnrrq-1638407854, networkLocation: /default-rack, certSerialId: null} reports an CLOSED replica.
2019-10-17 07:42:01,621 [EventQueue-ContainerReportForContainerReportHandler] WARN  container.ContainerReportHandler (AbstractContainerReportHandler.java:updateContainerState(145)) - Container #1 is in OPEN state, but the datanode 722c44df-b170-4eeb-abb4-8ab07bb69a54{ip: 192.168.164.211, host: pr-hdds-2283-cnrrq-1638407854, networkLocation: /default-rack, certSerialId: null} reports an CLOSED replica.
2019-10-17 07:42:01,643 [EventQueue-ContainerReportForContainerReportHandler] WARN  container.ContainerReportHandler (AbstractContainerReportHandler.java:updateContainerState(145)) - Container #1 is in OPEN state, but the datanode 6ea7cc1b-6dd1-4a6f-b526-a2c2472221ee{ip: 192.168.164.211, host: pr-hdds-2283-cnrrq-1638407854, networkLocation: /default-rack, certSerialId: null} reports an CLOSED replica.
2019-10-17 07:42:01,844 [EventQueue-ContainerReportForContainerReportHandler] WARN  container.ContainerReportHandler (AbstractContainerReportHandler.java:updateContainerState(145)) - Container #1 is in OPEN state, but the datanode 6ea7cc1b-6dd1-4a6f-b526-a2c2472221ee{ip: 192.168.164.211, host: pr-hdds-2283-cnrrq-1638407854, networkLocation: /default-rack, certSerialId: null} reports an CLOSED replica.
2019-10-17 07:42:02,021 [EventQueue-ContainerReportForContainerReportHandler] WARN  container.ContainerReportHandler (AbstractContainerReportHandler.java:updateContainerState(145)) - Container #1 is in OPEN state, but the datanode 722c44df-b170-4eeb-abb4-8ab07bb69a54{ip: 192.168.164.211, host: pr-hdds-2283-cnrrq-1638407854, networkLocation: /default-rack, certSerialId: null} reports an CLOSED replica.
2019-10-17 07:42:02,144 [EventQueue-ContainerReportForContainerReportHandler] WARN  container.ContainerReportHandler (AbstractContainerReportHandler.java:updateContainerState(145)) - Container #1 is in OPEN state, but the datanode 6ea7cc1b-6dd1-4a6f-b526-a2c2472221ee{ip: 192.168.164.211, host: pr-hdds-2283-cnrrq-1638407854, networkLocation: /default-rack, certSerialId: null} reports an CLOSED replica.
2019-10-17 07:42:02,177 [BlockDeletingService#2] WARN  background.BlockDeletingService (BlockDeletingService.java:isDeletionAllowed(187)) - Close Container log Index 6 is not replicated across allthe servers in the pipeline 6e647d31-eff2-4ddc-80e8-f450baf5df14 as the min replicated index is 4. Deletion is not allowed in this container yet.
2019-10-17 07:42:02,178 [BlockDeletingService#2] WARN  background.BlockDeletingService (BlockDeletingService.java:isDeletionAllowed(187)) - Close Container log Index 6 is not replicated across allthe servers in the pipeline 6e647d31-eff2-4ddc-80e8-f450baf5df14 as the min replicated index is 4. Deletion is not allowed in this container yet.
2019-10-17 07:42:02,192 [java.util.concurrent.ThreadPoolExecutor$Worker@3d6cb76e[State = -1, empty queue]] WARN  server.GrpcLogAppender (GrpcLogAppender.java:timeoutAppendRequest(209)) - 722c44df-b170-4eeb-abb4-8ab07bb69a54@group-F450BAF5DF14->84d87b42-83ce-4078-8a37-3864f9520041-GrpcLogAppender: appendEntries Timeout, request=722c44df-b170-4eeb-abb4-8ab07bb69a54->84d87b42-83ce-4078-8a37-3864f9520041#23-t3, previous=(t:3, i:8), leaderCommit=8, initializing? false, entries: <empty>
2019-10-17 07:42:02,263 [java.util.concurrent.ThreadPoolExecutor$Worker@3d6cb76e[State = -1, empty queue]] WARN  server.GrpcLogAppender (GrpcLogAppender.java:timeoutAppendRequest(209)) - 722c44df-b170-4eeb-abb4-8ab07bb69a54@group-F450BAF5DF14->84d87b42-83ce-4078-8a37-3864f9520041-GrpcLogAppender: appendEntries Timeout, request=722c44df-b170-4eeb-abb4-8ab07bb69a54->84d87b42-83ce-4078-8a37-3864f9520041#24-t3, previous=(t:3, i:8), leaderCommit=8, initializing? false, entries: size=1, first=(t:3, i:9), STATEMACHINELOGENTRY, client-8B22A0711EA8, cid=12
2019-10-17 07:42:02,276 [java.util.concurrent.ThreadPoolExecutor$Worker@3d6cb76e[State = -1, empty queue]] WARN  server.GrpcLogAppender (GrpcLogAppender.java:timeoutAppendRequest(209)) - 722c44df-b170-4eeb-abb4-8ab07bb69a54@group-F450BAF5DF14->84d87b42-83ce-4078-8a37-3864f9520041-GrpcLogAppender: appendEntries Timeout, request=722c44df-b170-4eeb-abb4-8ab07bb69a54->84d87b42-83ce-4078-8a37-3864f9520041#25-t3, previous=(t:3, i:9), leaderCommit=9, initializing? false, entries: size=1, first=(t:3, i:10), METADATAENTRY(c9)
2019-10-17 07:42:02,422 [EventQueue-ContainerReportForContainerReportHandler] WARN  container.ContainerReportHandler (AbstractContainerReportHandler.java:updateContainerState(145)) - Container #1 is in OPEN state, but the datanode 722c44df-b170-4eeb-abb4-8ab07bb69a54{ip: 192.168.164.211, host: pr-hdds-2283-cnrrq-1638407854, networkLocation: /default-rack, certSerialId: null} reports an CLOSED replica.
2019-10-17 07:42:02,444 [EventQueue-ContainerReportForContainerReportHandler] WARN  container.ContainerReportHandler (AbstractContainerReportHandler.java:updateContainerState(145)) - Container #1 is in OPEN state, but the datanode 6ea7cc1b-6dd1-4a6f-b526-a2c2472221ee{ip: 192.168.164.211, host: pr-hdds-2283-cnrrq-1638407854, networkLocation: /default-rack, certSerialId: null} reports an CLOSED replica.
2019-10-17 07:42:02,622 [EventQueue-ContainerReportForContainerReportHandler] WARN  container.ContainerReportHandler (AbstractContainerReportHandler.java:updateContainerState(145)) - Container #1 is in OPEN state, but the datanode 722c44df-b170-4eeb-abb4-8ab07bb69a54{ip: 192.168.164.211, host: pr-hdds-2283-cnrrq-1638407854, networkLocation: /default-rack, certSerialId: null} reports an CLOSED replica.
2019-10-17 07:42:02,845 [EventQueue-ContainerReportForContainerReportHandler] WARN  container.ContainerReportHandler (AbstractContainerReportHandler.java:updateContainerState(145)) - Container #1 is in OPEN state, but the datanode 6ea7cc1b-6dd1-4a6f-b526-a2c2472221ee{ip: 192.168.164.211, host: pr-hdds-2283-cnrrq-1638407854, networkLocation: /default-rack, certSerialId: null} reports an CLOSED replica.
2019-10-17 07:42:03,023 [EventQueue-ContainerReportForContainerReportHandler] WARN  container.ContainerReportHandler (AbstractContainerReportHandler.java:updateContainerState(145)) - Container #1 is in OPEN state, but the datanode 722c44df-b170-4eeb-abb4-8ab07bb69a54{ip: 192.168.164.211, host: pr-hdds-2283-cnrrq-1638407854, networkLocation: /default-rack, certSerialId: null} reports an CLOSED replica.
2019-10-17 07:42:03,145 [EventQueue-ContainerReportForContainerReportHandler] WARN  container.ContainerReportHandler (AbstractContainerReportHandler.java:updateContainerState(145)) - Container #1 is in OPEN state, but the datanode 6ea7cc1b-6dd1-4a6f-b526-a2c2472221ee{ip: 192.168.164.211, host: pr-hdds-2283-cnrrq-1638407854, networkLocation: /default-rack, certSerialId: null} reports an CLOSED replica.
2019-10-17 07:42:03,179 [BlockDeletingService#2] WARN  background.BlockDeletingService (BlockDeletingService.java:isDeletionAllowed(187)) - Close Container log Index 6 is not replicated across allthe servers in the pipeline 6e647d31-eff2-4ddc-80e8-f450baf5df14 as the min replicated index is 4. Deletion is not allowed in this container yet.
2019-10-17 07:42:03,179 [BlockDeletingService#2] WARN  background.BlockDeletingService (BlockDeletingService.java:isDeletionAllowed(187)) - Close Container log Index 6 is not replicated across allthe servers in the pipeline 6e647d31-eff2-4ddc-80e8-f450baf5df14 as the min replicated index is 4. Deletion is not allowed in this container yet.
2019-10-17 07:42:03,324 [EventQueue-ContainerReportForContainerReportHandler] WARN  container.ContainerReportHandler (AbstractContainerReportHandler.java:updateContainerState(145)) - Container #1 is in OPEN state, but the datanode 722c44df-b170-4eeb-abb4-8ab07bb69a54{ip: 192.168.164.211, host: pr-hdds-2283-cnrrq-1638407854, networkLocation: /default-rack, certSerialId: null} reports an CLOSED replica.
2019-10-17 07:42:03,446 [EventQueue-ContainerReportForContainerReportHandler] WARN  container.ContainerReportHandler (AbstractContainerReportHandler.java:updateContainerState(145)) - Container #1 is in OPEN state, but the datanode 6ea7cc1b-6dd1-4a6f-b526-a2c2472221ee{ip: 192.168.164.211, host: pr-hdds-2283-cnrrq-1638407854, networkLocation: /default-rack, certSerialId: null} reports an CLOSED replica.
2019-10-17 07:42:03,623 [EventQueue-ContainerReportForContainerReportHandler] WARN  container.ContainerReportHandler (AbstractContainerReportHandler.java:updateContainerState(145)) - Container #1 is in OPEN state, but the datanode 722c44df-b170-4eeb-abb4-8ab07bb69a54{ip: 192.168.164.211, host: pr-hdds-2283-cnrrq-1638407854, networkLocation: /default-rack, certSerialId: null} reports an CLOSED replica.
2019-10-17 07:42:03,647 [EventQueue-ContainerReportForContainerReportHandler] WARN  container.ContainerReportHandler (AbstractContainerReportHandler.java:updateContainerState(145)) - Container #1 is in OPEN state, but the datanode 6ea7cc1b-6dd1-4a6f-b526-a2c2472221ee{ip: 192.168.164.211, host: pr-hdds-2283-cnrrq-1638407854, networkLocation: /default-rack, certSerialId: null} reports an CLOSED replica.
2019-10-17 07:42:03,824 [EventQueue-ContainerReportForContainerReportHandler] WARN  container.ContainerReportHandler (AbstractContainerReportHandler.java:updateContainerState(145)) - Container #1 is in OPEN state, but the datanode 722c44df-b170-4eeb-abb4-8ab07bb69a54{ip: 192.168.164.211, host: pr-hdds-2283-cnrrq-1638407854, networkLocation: /default-rack, certSerialId: null} reports an CLOSED replica.
2019-10-17 07:42:03,847 [EventQueue-ContainerReportForContainerReportHandler] WARN  container.ContainerReportHandler (AbstractContainerReportHandler.java:updateContainerState(145)) - Container #1 is in OPEN state, but the datanode 6ea7cc1b-6dd1-4a6f-b526-a2c2472221ee{ip: 192.168.164.211, host: pr-hdds-2283-cnrrq-1638407854, networkLocation: /default-rack, certSerialId: null} reports an CLOSED replica.
2019-10-17 07:42:04,123 [EventQueue-ContainerReportForContainerReportHandler] WARN  container.ContainerReportHandler (AbstractContainerReportHandler.java:updateContainerState(145)) - Container #1 is in OPEN state, but the datanode 722c44df-b170-4eeb-abb4-8ab07bb69a54{ip: 192.168.164.211, host: pr-hdds-2283-cnrrq-1638407854, networkLocation: /default-rack, certSerialId: null} reports an CLOSED replica.
2019-10-17 07:42:04,148 [EventQueue-ContainerReportForContainerReportHandler] WARN  container.ContainerReportHandler (AbstractContainerReportHandler.java:updateContainerState(145)) - Container #1 is in OPEN state, but the datanode 6ea7cc1b-6dd1-4a6f-b526-a2c2472221ee{ip: 192.168.164.211, host: pr-hdds-2283-cnrrq-1638407854, networkLocation: /default-rack, certSerialId: null} reports an CLOSED replica.
2019-10-17 07:42:04,183 [BlockDeletingService#2] WARN  background.BlockDeletingService (BlockDeletingService.java:isDeletionAllowed(187)) - Close Container log Index 6 is not replicated across allthe servers in the pipeline 6e647d31-eff2-4ddc-80e8-f450baf5df14 as the min replicated index is 4. Deletion is not allowed in this container yet.
2019-10-17 07:42:04,183 [BlockDeletingService#2] WARN  background.BlockDeletingService (BlockDeletingService.java:isDeletionAllowed(187)) - Close Container log Index 6 is not replicated across allthe servers in the pipeline 6e647d31-eff2-4ddc-80e8-f450baf5df14 as the min replicated index is 4. Deletion is not allowed in this container yet.
2019-10-17 07:42:04,348 [EventQueue-ContainerReportForContainerReportHandler] WARN  container.ContainerReportHandler (AbstractContainerReportHandler.java:updateContainerState(145)) - Container #1 is in OPEN state, but the datanode 6ea7cc1b-6dd1-4a6f-b526-a2c2472221ee{ip: 192.168.164.211, host: pr-hdds-2283-cnrrq-1638407854, networkLocation: /default-rack, certSerialId: null} reports an CLOSED replica.
2019-10-17 07:42:04,423 [EventQueue-ContainerReportForContainerReportHandler] WARN  container.ContainerReportHandler (AbstractContainerReportHandler.java:updateContainerState(145)) - Container #1 is in OPEN state, but the datanode 722c44df-b170-4eeb-abb4-8ab07bb69a54{ip: 192.168.164.211, host: pr-hdds-2283-cnrrq-1638407854, networkLocation: /default-rack, certSerialId: null} reports an CLOSED replica.
2019-10-17 07:42:04,726 [EventQueue-ContainerReportForContainerReportHandler] WARN  container.ContainerReportHandler (AbstractContainerReportHandler.java:updateContainerState(145)) - Container #1 is in OPEN state, but the datanode 722c44df-b170-4eeb-abb4-8ab07bb69a54{ip: 192.168.164.211, host: pr-hdds-2283-cnrrq-1638407854, networkLocation: /default-rack, certSerialId: null} reports an CLOSED replica.
2019-10-17 07:42:04,749 [EventQueue-ContainerReportForContainerReportHandler] WARN  container.ContainerReportHandler (AbstractContainerReportHandler.java:updateContainerState(145)) - Container #1 is in OPEN state, but the datanode 6ea7cc1b-6dd1-4a6f-b526-a2c2472221ee{ip: 192.168.164.211, host: pr-hdds-2283-cnrrq-1638407854, networkLocation: /default-rack, certSerialId: null} reports an CLOSED replica.
2019-10-17 07:42:04,777 [java.util.concurrent.ThreadPoolExecutor$Worker@3d6cb76e[State = -1, empty queue]] WARN  server.GrpcLogAppender (GrpcLogAppender.java:timeoutAppendRequest(209)) - 722c44df-b170-4eeb-abb4-8ab07bb69a54@group-F450BAF5DF14->84d87b42-83ce-4078-8a37-3864f9520041-GrpcLogAppender: appendEntries Timeout, request=722c44df-b170-4eeb-abb4-8ab07bb69a54->84d87b42-83ce-4078-8a37-3864f9520041#26-t3, previous=(t:3, i:10), leaderCommit=10, initializing? false, entries: <empty>
2019-10-17 07:42:04,924 [EventQueue-ContainerReportForContainerReportHandler] WARN  container.ContainerReportHandler (AbstractContainerReportHandler.java:updateContainerState(145)) - Container #1 is in OPEN state, but the datanode 722c44df-b170-4eeb-abb4-8ab07bb69a54{ip: 192.168.164.211, host: pr-hdds-2283-cnrrq-1638407854, networkLocation: /default-rack, certSerialId: null} reports an CLOSED replica.
2019-10-17 07:42:05,052 [EventQueue-ContainerReportForContainerReportHandler] WARN  container.ContainerReportHandler (AbstractContainerReportHandler.java:updateContainerState(145)) - Container #1 is in OPEN state, but the datanode 6ea7cc1b-6dd1-4a6f-b526-a2c2472221ee{ip: 192.168.164.211, host: pr-hdds-2283-cnrrq-1638407854, networkLocation: /default-rack, certSerialId: null} reports an CLOSED replica.
2019-10-17 07:42:05,186 [BlockDeletingService#2] WARN  background.BlockDeletingService (BlockDeletingService.java:isDeletionAllowed(187)) - Close Container log Index 6 is not replicated across allthe servers in the pipeline 6e647d31-eff2-4ddc-80e8-f450baf5df14 as the min replicated index is 4. Deletion is not allowed in this container yet.
2019-10-17 07:42:05,186 [BlockDeletingService#2] WARN  background.BlockDeletingService (BlockDeletingService.java:isDeletionAllowed(187)) - Close Container log Index 6 is not replicated across allthe servers in the pipeline 6e647d31-eff2-4ddc-80e8-f450baf5df14 as the min replicated index is 4. Deletion is not allowed in this container yet.
2019-10-17 07:42:05,252 [EventQueue-ContainerReportForContainerReportHandler] WARN  container.ContainerReportHandler (AbstractContainerReportHandler.java:updateContainerState(145)) - Container #1 is in OPEN state, but the datanode 6ea7cc1b-6dd1-4a6f-b526-a2c2472221ee{ip: 192.168.164.211, host: pr-hdds-2283-cnrrq-1638407854, networkLocation: /default-rack, certSerialId: null} reports an CLOSED replica.
2019-10-17 07:42:05,325 [EventQueue-ContainerReportForContainerReportHandler] WARN  container.ContainerReportHandler (AbstractContainerReportHandler.java:updateContainerState(145)) - Container #1 is in OPEN state, but the datanode 722c44df-b170-4eeb-abb4-8ab07bb69a54{ip: 192.168.164.211, host: pr-hdds-2283-cnrrq-1638407854, networkLocation: /default-rack, certSerialId: null} reports an CLOSED replica.
2019-10-17 07:42:05,525 [EventQueue-ContainerReportForContainerReportHandler] WARN  container.ContainerReportHandler (AbstractContainerReportHandler.java:updateContainerState(145)) - Container #1 is in OPEN state, but the datanode 722c44df-b170-4eeb-abb4-8ab07bb69a54{ip: 192.168.164.211, host: pr-hdds-2283-cnrrq-1638407854, networkLocation: /default-rack, certSerialId: null} reports an CLOSED replica.
2019-10-17 07:42:05,552 [EventQueue-ContainerReportForContainerReportHandler] WARN  container.ContainerReportHandler (AbstractContainerReportHandler.java:updateContainerState(145)) - Container #1 is in OPEN state, but the datanode 6ea7cc1b-6dd1-4a6f-b526-a2c2472221ee{ip: 192.168.164.211, host: pr-hdds-2283-cnrrq-1638407854, networkLocation: /default-rack, certSerialId: null} reports an CLOSED replica.
2019-10-17 07:42:05,852 [EventQueue-ContainerReportForContainerReportHandler] WARN  container.ContainerReportHandler (AbstractContainerReportHandler.java:updateContainerState(145)) - Container #1 is in OPEN state, but the datanode 6ea7cc1b-6dd1-4a6f-b526-a2c2472221ee{ip: 192.168.164.211, host: pr-hdds-2283-cnrrq-1638407854, networkLocation: /default-rack, certSerialId: null} reports an CLOSED replica.
2019-10-17 07:42:05,926 [EventQueue-ContainerReportForContainerReportHandler] WARN  container.ContainerReportHandler (AbstractContainerReportHandler.java:updateContainerState(145)) - Container #1 is in OPEN state, but the datanode 722c44df-b170-4eeb-abb4-8ab07bb69a54{ip: 192.168.164.211, host: pr-hdds-2283-cnrrq-1638407854, networkLocation: /default-rack, certSerialId: null} reports an CLOSED replica.
2019-10-17 07:42:06,153 [EventQueue-ContainerReportForContainerReportHandler] WARN  container.ContainerReportHandler (AbstractContainerReportHandler.java:updateContainerState(145)) - Container #1 is in OPEN state, but the datanode 6ea7cc1b-6dd1-4a6f-b526-a2c2472221ee{ip: 192.168.164.211, host: pr-hdds-2283-cnrrq-1638407854, networkLocation: /default-rack, certSerialId: null} reports an CLOSED replica.
2019-10-17 07:42:06,187 [BlockDeletingService#2] WARN  background.BlockDeletingService (BlockDeletingService.java:isDeletionAllowed(187)) - Close Container log Index 6 is not replicated across allthe servers in the pipeline 6e647d31-eff2-4ddc-80e8-f450baf5df14 as the min replicated index is 4. Deletion is not allowed in this container yet.
2019-10-17 07:42:06,187 [BlockDeletingService#2] WARN  background.BlockDeletingService (BlockDeletingService.java:isDeletionAllowed(187)) - Close Container log Index 6 is not replicated across allthe servers in the pipeline 6e647d31-eff2-4ddc-80e8-f450baf5df14 as the min replicated index is 4. Deletion is not allowed in this container yet.
2019-10-17 07:42:06,226 [EventQueue-ContainerReportForContainerReportHandler] WARN  container.ContainerReportHandler (AbstractContainerReportHandler.java:updateContainerState(145)) - Container #1 is in OPEN state, but the datanode 722c44df-b170-4eeb-abb4-8ab07bb69a54{ip: 192.168.164.211, host: pr-hdds-2283-cnrrq-1638407854, networkLocation: /default-rack, certSerialId: null} reports an CLOSED replica.
2019-10-17 07:42:06,452 [EventQueue-ContainerReportForContainerReportHandler] WARN  container.ContainerReportHandler (AbstractContainerReportHandler.java:updateContainerState(145)) - Container #1 is in OPEN state, but the datanode 6ea7cc1b-6dd1-4a6f-b526-a2c2472221ee{ip: 192.168.164.211, host: pr-hdds-2283-cnrrq-1638407854, networkLocation: /default-rack, certSerialId: null} reports an CLOSED replica.
2019-10-17 07:42:06,527 [EventQueue-ContainerReportForContainerReportHandler] WARN  container.ContainerReportHandler (AbstractContainerReportHandler.java:updateContainerState(145)) - Container #1 is in OPEN state, but the datanode 722c44df-b170-4eeb-abb4-8ab07bb69a54{ip: 192.168.164.211, host: pr-hdds-2283-cnrrq-1638407854, networkLocation: /default-rack, certSerialId: null} reports an CLOSED replica.
2019-10-17 07:42:06,827 [EventQueue-ContainerReportForContainerReportHandler] WARN  container.ContainerReportHandler (AbstractContainerReportHandler.java:updateContainerState(145)) - Container #1 is in OPEN state, but the datanode 722c44df-b170-4eeb-abb4-8ab07bb69a54{ip: 192.168.164.211, host: pr-hdds-2283-cnrrq-1638407854, networkLocation: /default-rack, certSerialId: null} reports an CLOSED replica.
2019-10-17 07:42:06,853 [EventQueue-ContainerReportForContainerReportHandler] WARN  container.ContainerReportHandler (AbstractContainerReportHandler.java:updateContainerState(145)) - Container #1 is in OPEN state, but the datanode 6ea7cc1b-6dd1-4a6f-b526-a2c2472221ee{ip: 192.168.164.211, host: pr-hdds-2283-cnrrq-1638407854, networkLocation: /default-rack, certSerialId: null} reports an CLOSED replica.
2019-10-17 07:42:07,129 [EventQueue-ContainerReportForContainerReportHandler] WARN  container.ContainerReportHandler (AbstractContainerReportHandler.java:updateContainerState(145)) - Container #1 is in OPEN state, but the datanode 722c44df-b170-4eeb-abb4-8ab07bb69a54{ip: 192.168.164.211, host: pr-hdds-2283-cnrrq-1638407854, networkLocation: /default-rack, certSerialId: null} reports an CLOSED replica.
2019-10-17 07:42:07,153 [EventQueue-ContainerReportForContainerReportHandler] WARN  container.ContainerReportHandler (AbstractContainerReportHandler.java:updateContainerState(145)) - Container #1 is in OPEN state, but the datanode 6ea7cc1b-6dd1-4a6f-b526-a2c2472221ee{ip: 192.168.164.211, host: pr-hdds-2283-cnrrq-1638407854, networkLocation: /default-rack, certSerialId: null} reports an CLOSED replica.
2019-10-17 07:42:07,189 [BlockDeletingService#2] WARN  background.BlockDeletingService (BlockDeletingService.java:isDeletionAllowed(187)) - Close Container log Index 6 is not replicated across allthe servers in the pipeline 6e647d31-eff2-4ddc-80e8-f450baf5df14 as the min replicated index is 4. Deletion is not allowed in this container yet.
2019-10-17 07:42:07,189 [BlockDeletingService#2] WARN  background.BlockDeletingService (BlockDeletingService.java:isDeletionAllowed(187)) - Close Container log Index 6 is not replicated across allthe servers in the pipeline 6e647d31-eff2-4ddc-80e8-f450baf5df14 as the min replicated index is 4. Deletion is not allowed in this container yet.
2019-10-17 07:42:07,279 [java.util.concurrent.ThreadPoolExecutor$Worker@3d6cb76e[State = -1, empty queue]] WARN  server.GrpcLogAppender (GrpcLogAppender.java:timeoutAppendRequest(209)) - 722c44df-b170-4eeb-abb4-8ab07bb69a54@group-F450BAF5DF14->84d87b42-83ce-4078-8a37-3864f9520041-GrpcLogAppender: appendEntries Timeout, request=722c44df-b170-4eeb-abb4-8ab07bb69a54->84d87b42-83ce-4078-8a37-3864f9520041#27-t3, previous=(t:3, i:10), leaderCommit=10, initializing? false, entries: <empty>
2019-10-17 07:42:07,322 [Thread-364] INFO  client.GrpcClientProtocolService (GrpcClientProtocolService.java:lambda$processClientRequest$0(278)) - Failed RaftClientRequest:client-352DFC73CCDB->6ea7cc1b-6dd1-4a6f-b526-a2c2472221ee@group-F450BAF5DF14, cid=10, seq=0, Watch-ALL_COMMITTED(6), Message:<EMPTY>, reply=RaftClientReply:client-352DFC73CCDB->6ea7cc1b-6dd1-4a6f-b526-a2c2472221ee@group-F450BAF5DF14, cid=10, FAILED org.apache.ratis.protocol.NotLeaderException: Server 6ea7cc1b-6dd1-4a6f-b526-a2c2472221ee@group-F450BAF5DF14 is not the leader 722c44df-b170-4eeb-abb4-8ab07bb69a54:192.168.164.211:33246, logIndex=0, commits[6ea7cc1b-6dd1-4a6f-b526-a2c2472221ee:c10, 722c44df-b170-4eeb-abb4-8ab07bb69a54:c10, 84d87b42-83ce-4078-8a37-3864f9520041:c4]
2019-10-17 07:42:07,453 [EventQueue-ContainerReportForContainerReportHandler] WARN  container.ContainerReportHandler (AbstractContainerReportHandler.java:updateContainerState(145)) - Container #1 is in OPEN state, but the datanode 6ea7cc1b-6dd1-4a6f-b526-a2c2472221ee{ip: 192.168.164.211, host: pr-hdds-2283-cnrrq-1638407854, networkLocation: /default-rack, certSerialId: null} reports an CLOSED replica.
2019-10-17 07:42:07,529 [EventQueue-ContainerReportForContainerReportHandler] WARN  container.ContainerReportHandler (AbstractContainerReportHandler.java:updateContainerState(145)) - Container #1 is in OPEN state, but the datanode 722c44df-b170-4eeb-abb4-8ab07bb69a54{ip: 192.168.164.211, host: pr-hdds-2283-cnrrq-1638407854, networkLocation: /default-rack, certSerialId: null} reports an CLOSED replica.
2019-10-17 07:42:07,682 [Thread-367] INFO  client.GrpcClientProtocolService (GrpcClientProtocolService.java:lambda$processClientRequest$0(278)) - Failed RaftClientRequest:client-352DFC73CCDB->722c44df-b170-4eeb-abb4-8ab07bb69a54@group-F450BAF5DF14, cid=10, seq=0, Watch-ALL_COMMITTED(6), Message:<EMPTY>, reply=RaftClientReply:client-352DFC73CCDB->722c44df-b170-4eeb-abb4-8ab07bb69a54@group-F450BAF5DF14, cid=10, FAILED org.apache.ratis.protocol.NotReplicatedException: Request with call Id 10 and log index 6 is not yet replicated to ALL_COMMITTED, logIndex=6, commits[722c44df-b170-4eeb-abb4-8ab07bb69a54:c10, 6ea7cc1b-6dd1-4a6f-b526-a2c2472221ee:c10, 84d87b42-83ce-4078-8a37-3864f9520041:c4]
2019-10-17 07:42:07,830 [EventQueue-ContainerReportForContainerReportHandler] WARN  container.ContainerReportHandler (AbstractContainerReportHandler.java:updateContainerState(145)) - Container #1 is in OPEN state, but the datanode 722c44df-b170-4eeb-abb4-8ab07bb69a54{ip: 192.168.164.211, host: pr-hdds-2283-cnrrq-1638407854, networkLocation: /default-rack, certSerialId: null} reports an CLOSED replica.
2019-10-17 07:42:07,852 [EventQueue-ContainerReportForContainerReportHandler] WARN  container.ContainerReportHandler (AbstractContainerReportHandler.java:updateContainerState(145)) - Container #1 is in OPEN state, but the datanode 6ea7cc1b-6dd1-4a6f-b526-a2c2472221ee{ip: 192.168.164.211, host: pr-hdds-2283-cnrrq-1638407854, networkLocation: /default-rack, certSerialId: null} reports an CLOSED replica.
2019-10-17 07:42:08,030 [EventQueue-ContainerReportForContainerReportHandler] WARN  container.ContainerReportHandler (AbstractContainerReportHandler.java:updateContainerState(145)) - Container #1 is in OPEN state, but the datanode 722c44df-b170-4eeb-abb4-8ab07bb69a54{ip: 192.168.164.211, host: pr-hdds-2283-cnrrq-1638407854, networkLocation: /default-rack, certSerialId: null} reports an CLOSED replica.
2019-10-17 07:42:08,152 [EventQueue-ContainerReportForContainerReportHandler] WARN  container.ContainerReportHandler (AbstractContainerReportHandler.java:updateContainerState(145)) - Container #1 is in OPEN state, but the datanode 6ea7cc1b-6dd1-4a6f-b526-a2c2472221ee{ip: 192.168.164.211, host: pr-hdds-2283-cnrrq-1638407854, networkLocation: /default-rack, certSerialId: null} reports an CLOSED replica.
2019-10-17 07:42:08,190 [BlockDeletingService#2] WARN  background.BlockDeletingService (BlockDeletingService.java:isDeletionAllowed(187)) - Close Container log Index 6 is not replicated across allthe servers in the pipeline 6e647d31-eff2-4ddc-80e8-f450baf5df14 as the min replicated index is 4. Deletion is not allowed in this container yet.
2019-10-17 07:42:08,190 [BlockDeletingService#2] WARN  background.BlockDeletingService (BlockDeletingService.java:isDeletionAllowed(187)) - Close Container log Index 6 is not replicated across allthe servers in the pipeline 6e647d31-eff2-4ddc-80e8-f450baf5df14 as the min replicated index is 4. Deletion is not allowed in this container yet.
2019-10-17 07:42:08,431 [EventQueue-ContainerReportForContainerReportHandler] WARN  container.ContainerReportHandler (AbstractContainerReportHandler.java:updateContainerState(145)) - Container #1 is in OPEN state, but the datanode 722c44df-b170-4eeb-abb4-8ab07bb69a54{ip: 192.168.164.211, host: pr-hdds-2283-cnrrq-1638407854, networkLocation: /default-rack, certSerialId: null} reports an CLOSED replica.
2019-10-17 07:42:08,454 [EventQueue-ContainerReportForContainerReportHandler] WARN  container.ContainerReportHandler (AbstractContainerReportHandler.java:updateContainerState(145)) - Container #1 is in OPEN state, but the datanode 6ea7cc1b-6dd1-4a6f-b526-a2c2472221ee{ip: 192.168.164.211, host: pr-hdds-2283-cnrrq-1638407854, networkLocation: /default-rack, certSerialId: null} reports an CLOSED replica.
2019-10-17 07:42:08,630 [EventQueue-ContainerReportForContainerReportHandler] WARN  container.ContainerReportHandler (AbstractContainerReportHandler.java:updateContainerState(145)) - Container #1 is in OPEN state, but the datanode 722c44df-b170-4eeb-abb4-8ab07bb69a54{ip: 192.168.164.211, host: pr-hdds-2283-cnrrq-1638407854, networkLocation: /default-rack, certSerialId: null} reports an CLOSED replica.
2019-10-17 07:42:08,653 [EventQueue-ContainerReportForContainerReportHandler] WARN  container.ContainerReportHandler (AbstractContainerReportHandler.java:updateContainerState(145)) - Container #1 is in OPEN state, but the datanode 6ea7cc1b-6dd1-4a6f-b526-a2c2472221ee{ip: 192.168.164.211, host: pr-hdds-2283-cnrrq-1638407854, networkLocation: /default-rack, certSerialId: null} reports an CLOSED replica.
2019-10-17 07:42:08,831 [EventQueue-ContainerReportForContainerReportHandler] WARN  container.ContainerReportHandler (AbstractContainerReportHandler.java:updateContainerState(145)) - Container #1 is in OPEN state, but the datanode 722c44df-b170-4eeb-abb4-8ab07bb69a54{ip: 192.168.164.211, host: pr-hdds-2283-cnrrq-1638407854, networkLocation: /default-rack, certSerialId: null} reports an CLOSED replica.
2019-10-17 07:42:08,954 [EventQueue-ContainerReportForContainerReportHandler] WARN  container.ContainerReportHandler (AbstractContainerReportHandler.java:updateContainerState(145)) - Container #1 is in OPEN state, but the datanode 6ea7cc1b-6dd1-4a6f-b526-a2c2472221ee{ip: 192.168.164.211, host: pr-hdds-2283-cnrrq-1638407854, networkLocation: /default-rack, certSerialId: null} reports an CLOSED replica.
2019-10-17 07:42:09,193 [BlockDeletingService#2] WARN  background.BlockDeletingService (BlockDeletingService.java:isDeletionAllowed(187)) - Close Container log Index 6 is not replicated across allthe servers in the pipeline 6e647d31-eff2-4ddc-80e8-f450baf5df14 as the min replicated index is 4. Deletion is not allowed in this container yet.
2019-10-17 07:42:09,193 [BlockDeletingService#2] WARN  background.BlockDeletingService (BlockDeletingService.java:isDeletionAllowed(187)) - Close Container log Index 6 is not replicated across allthe servers in the pipeline 6e647d31-eff2-4ddc-80e8-f450baf5df14 as the min replicated index is 4. Deletion is not allowed in this container yet.
2019-10-17 07:42:09,231 [EventQueue-ContainerReportForContainerReportHandler] WARN  container.ContainerReportHandler (AbstractContainerReportHandler.java:updateContainerState(145)) - Container #1 is in OPEN state, but the datanode 722c44df-b170-4eeb-abb4-8ab07bb69a54{ip: 192.168.164.211, host: pr-hdds-2283-cnrrq-1638407854, networkLocation: /default-rack, certSerialId: null} reports an CLOSED replica.
2019-10-17 07:42:09,354 [EventQueue-ContainerReportForContainerReportHandler] WARN  container.ContainerReportHandler (AbstractContainerReportHandler.java:updateContainerState(145)) - Container #1 is in OPEN state, but the datanode 6ea7cc1b-6dd1-4a6f-b526-a2c2472221ee{ip: 192.168.164.211, host: pr-hdds-2283-cnrrq-1638407854, networkLocation: /default-rack, certSerialId: null} reports an CLOSED replica.
2019-10-17 07:42:09,431 [EventQueue-ContainerReportForContainerReportHandler] WARN  container.ContainerReportHandler (AbstractContainerReportHandler.java:updateContainerState(145)) - Container #1 is in OPEN state, but the datanode 722c44df-b170-4eeb-abb4-8ab07bb69a54{ip: 192.168.164.211, host: pr-hdds-2283-cnrrq-1638407854, networkLocation: /default-rack, certSerialId: null} reports an CLOSED replica.
2019-10-17 07:42:09,554 [EventQueue-ContainerReportForContainerReportHandler] WARN  container.ContainerReportHandler (AbstractContainerReportHandler.java:updateContainerState(145)) - Container #1 is in OPEN state, but the datanode 6ea7cc1b-6dd1-4a6f-b526-a2c2472221ee{ip: 192.168.164.211, host: pr-hdds-2283-cnrrq-1638407854, networkLocation: /default-rack, certSerialId: null} reports an CLOSED replica.
2019-10-17 07:42:09,780 [java.util.concurrent.ThreadPoolExecutor$Worker@3d6cb76e[State = -1, empty queue]] WARN  server.GrpcLogAppender (GrpcLogAppender.java:timeoutAppendRequest(209)) - 722c44df-b170-4eeb-abb4-8ab07bb69a54@group-F450BAF5DF14->84d87b42-83ce-4078-8a37-3864f9520041-GrpcLogAppender: appendEntries Timeout, request=722c44df-b170-4eeb-abb4-8ab07bb69a54->84d87b42-83ce-4078-8a37-3864f9520041#28-t3, previous=(t:3, i:10), leaderCommit=10, initializing? false, entries: <empty>
2019-10-17 07:42:09,835 [EventQueue-ContainerReportForContainerReportHandler] WARN  container.ContainerReportHandler (AbstractContainerReportHandler.java:updateContainerState(145)) - Container #1 is in OPEN state, but the datanode 722c44df-b170-4eeb-abb4-8ab07bb69a54{ip: 192.168.164.211, host: pr-hdds-2283-cnrrq-1638407854, networkLocation: /default-rack, certSerialId: null} reports an CLOSED replica.
2019-10-17 07:42:09,854 [EventQueue-ContainerReportForContainerReportHandler] WARN  container.ContainerReportHandler (AbstractContainerReportHandler.java:updateContainerState(145)) - Container #1 is in OPEN state, but the datanode 6ea7cc1b-6dd1-4a6f-b526-a2c2472221ee{ip: 192.168.164.211, host: pr-hdds-2283-cnrrq-1638407854, networkLocation: /default-rack, certSerialId: null} reports an CLOSED replica.
2019-10-17 07:42:10,035 [EventQueue-ContainerReportForContainerReportHandler] WARN  container.ContainerReportHandler (AbstractContainerReportHandler.java:updateContainerState(145)) - Container #1 is in OPEN state, but the datanode 722c44df-b170-4eeb-abb4-8ab07bb69a54{ip: 192.168.164.211, host: pr-hdds-2283-cnrrq-1638407854, networkLocation: /default-rack, certSerialId: null} reports an CLOSED replica.
2019-10-17 07:42:10,195 [BlockDeletingService#2] WARN  background.BlockDeletingService (BlockDeletingService.java:isDeletionAllowed(187)) - Close Container log Index 6 is not replicated across allthe servers in the pipeline 6e647d31-eff2-4ddc-80e8-f450baf5df14 as the min replicated index is 4. Deletion is not allowed in this container yet.
2019-10-17 07:42:10,195 [BlockDeletingService#2] WARN  background.BlockDeletingService (BlockDeletingService.java:isDeletionAllowed(187)) - Close Container log Index 6 is not replicated across allthe servers in the pipeline 6e647d31-eff2-4ddc-80e8-f450baf5df14 as the min replicated index is 4. Deletion is not allowed in this container yet.
2019-10-17 07:42:10,254 [EventQueue-ContainerReportForContainerReportHandler] WARN  container.ContainerReportHandler (AbstractContainerReportHandler.java:updateContainerState(145)) - Container #1 is in OPEN state, but the datanode 6ea7cc1b-6dd1-4a6f-b526-a2c2472221ee{ip: 192.168.164.211, host: pr-hdds-2283-cnrrq-1638407854, networkLocation: /default-rack, certSerialId: null} reports an CLOSED replica.
2019-10-17 07:42:10,334 [EventQueue-ContainerReportForContainerReportHandler] WARN  container.ContainerReportHandler (AbstractContainerReportHandler.java:updateContainerState(145)) - Container #1 is in OPEN state, but the datanode 722c44df-b170-4eeb-abb4-8ab07bb69a54{ip: 192.168.164.211, host: pr-hdds-2283-cnrrq-1638407854, networkLocation: /default-rack, certSerialId: null} reports an CLOSED replica.
2019-10-17 07:42:10,454 [EventQueue-ContainerReportForContainerReportHandler] WARN  container.ContainerReportHandler (AbstractContainerReportHandler.java:updateContainerState(145)) - Container #1 is in OPEN state, but the datanode 6ea7cc1b-6dd1-4a6f-b526-a2c2472221ee{ip: 192.168.164.211, host: pr-hdds-2283-cnrrq-1638407854, networkLocation: /default-rack, certSerialId: null} reports an CLOSED replica.
2019-10-17 07:42:10,635 [EventQueue-ContainerReportForContainerReportHandler] WARN  container.ContainerReportHandler (AbstractContainerReportHandler.java:updateContainerState(145)) - Container #1 is in OPEN state, but the datanode 722c44df-b170-4eeb-abb4-8ab07bb69a54{ip: 192.168.164.211, host: pr-hdds-2283-cnrrq-1638407854, networkLocation: /default-rack, certSerialId: null} reports an CLOSED replica.
2019-10-17 07:42:10,654 [EventQueue-ContainerReportForContainerReportHandler] WARN  container.ContainerReportHandler (AbstractContainerReportHandler.java:updateContainerState(145)) - Container #1 is in OPEN state, but the datanode 6ea7cc1b-6dd1-4a6f-b526-a2c2472221ee{ip: 192.168.164.211, host: pr-hdds-2283-cnrrq-1638407854, networkLocation: /default-rack, certSerialId: null} reports an CLOSED replica.
2019-10-17 07:42:10,835 [EventQueue-ContainerReportForContainerReportHandler] WARN  container.ContainerReportHandler (AbstractContainerReportHandler.java:updateContainerState(145)) - Container #1 is in OPEN state, but the datanode 722c44df-b170-4eeb-abb4-8ab07bb69a54{ip: 192.168.164.211, host: pr-hdds-2283-cnrrq-1638407854, networkLocation: /default-rack, certSerialId: null} reports an CLOSED replica.
2019-10-17 07:42:10,956 [EventQueue-ContainerReportForContainerReportHandler] WARN  container.ContainerReportHandler (AbstractContainerReportHandler.java:updateContainerState(145)) - Container #1 is in OPEN state, but the datanode 6ea7cc1b-6dd1-4a6f-b526-a2c2472221ee{ip: 192.168.164.211, host: pr-hdds-2283-cnrrq-1638407854, networkLocation: /default-rack, certSerialId: null} reports an CLOSED replica.
2019-10-17 07:42:11,157 [EventQueue-ContainerReportForContainerReportHandler] WARN  container.ContainerReportHandler (AbstractContainerReportHandler.java:updateContainerState(145)) - Container #1 is in OPEN state, but the datanode 6ea7cc1b-6dd1-4a6f-b526-a2c2472221ee{ip: 192.168.164.211, host: pr-hdds-2283-cnrrq-1638407854, networkLocation: /default-rack, certSerialId: null} reports an CLOSED replica.
2019-10-17 07:42:11,196 [BlockDeletingService#2] WARN  background.BlockDeletingService (BlockDeletingService.java:isDeletionAllowed(187)) - Close Container log Index 6 is not replicated across allthe servers in the pipeline 6e647d31-eff2-4ddc-80e8-f450baf5df14 as the min replicated index is 4. Deletion is not allowed in this container yet.
2019-10-17 07:42:11,196 [BlockDeletingService#2] WARN  background.BlockDeletingService (BlockDeletingService.java:isDeletionAllowed(187)) - Close Container log Index 6 is not replicated across allthe servers in the pipeline 6e647d31-eff2-4ddc-80e8-f450baf5df14 as the min replicated index is 4. Deletion is not allowed in this container yet.
2019-10-17 07:42:11,235 [EventQueue-ContainerReportForContainerReportHandler] WARN  container.ContainerReportHandler (AbstractContainerReportHandler.java:updateContainerState(145)) - Container #1 is in OPEN state, but the datanode 722c44df-b170-4eeb-abb4-8ab07bb69a54{ip: 192.168.164.211, host: pr-hdds-2283-cnrrq-1638407854, networkLocation: /default-rack, certSerialId: null} reports an CLOSED replica.
2019-10-17 07:42:11,435 [EventQueue-ContainerReportForContainerReportHandler] WARN  container.ContainerReportHandler (AbstractContainerReportHandler.java:updateContainerState(145)) - Container #1 is in OPEN state, but the datanode 722c44df-b170-4eeb-abb4-8ab07bb69a54{ip: 192.168.164.211, host: pr-hdds-2283-cnrrq-1638407854, networkLocation: /default-rack, certSerialId: null} reports an CLOSED replica.
2019-10-17 07:42:11,456 [EventQueue-ContainerReportForContainerReportHandler] WARN  container.ContainerReportHandler (AbstractContainerReportHandler.java:updateContainerState(145)) - Container #1 is in OPEN state, but the datanode 6ea7cc1b-6dd1-4a6f-b526-a2c2472221ee{ip: 192.168.164.211, host: pr-hdds-2283-cnrrq-1638407854, networkLocation: /default-rack, certSerialId: null} reports an CLOSED replica.
2019-10-17 07:42:11,657 [EventQueue-ContainerReportForContainerReportHandler] WARN  container.ContainerReportHandler (AbstractContainerReportHandler.java:updateContainerState(145)) - Container #1 is in OPEN state, but the datanode 6ea7cc1b-6dd1-4a6f-b526-a2c2472221ee{ip: 192.168.164.211, host: pr-hdds-2283-cnrrq-1638407854, networkLocation: /default-rack, certSerialId: null} reports an CLOSED replica.
2019-10-17 07:42:11,735 [EventQueue-ContainerReportForContainerReportHandler] WARN  container.ContainerReportHandler (AbstractContainerReportHandler.java:updateContainerState(145)) - Container #1 is in OPEN state, but the datanode 722c44df-b170-4eeb-abb4-8ab07bb69a54{ip: 192.168.164.211, host: pr-hdds-2283-cnrrq-1638407854, networkLocation: /default-rack, certSerialId: null} reports an CLOSED replica.
2019-10-17 07:42:11,957 [EventQueue-ContainerReportForContainerReportHandler] WARN  container.ContainerReportHandler (AbstractContainerReportHandler.java:updateContainerState(145)) - Container #1 is in OPEN state, but the datanode 6ea7cc1b-6dd1-4a6f-b526-a2c2472221ee{ip: 192.168.164.211, host: pr-hdds-2283-cnrrq-1638407854, networkLocation: /default-rack, certSerialId: null} reports an CLOSED replica.
2019-10-17 07:42:12,036 [EventQueue-ContainerReportForContainerReportHandler] WARN  container.ContainerReportHandler (AbstractContainerReportHandler.java:updateContainerState(145)) - Container #1 is in OPEN state, but the datanode 722c44df-b170-4eeb-abb4-8ab07bb69a54{ip: 192.168.164.211, host: pr-hdds-2283-cnrrq-1638407854, networkLocation: /default-rack, certSerialId: null} reports an CLOSED replica.
2019-10-17 07:42:12,157 [EventQueue-ContainerReportForContainerReportHandler] WARN  container.ContainerReportHandler (AbstractContainerReportHandler.java:updateContainerState(145)) - Container #1 is in OPEN state, but the datanode 6ea7cc1b-6dd1-4a6f-b526-a2c2472221ee{ip: 192.168.164.211, host: pr-hdds-2283-cnrrq-1638407854, networkLocation: /default-rack, certSerialId: null} reports an CLOSED replica.
2019-10-17 07:42:12,198 [BlockDeletingService#2] WARN  background.BlockDeletingService (BlockDeletingService.java:isDeletionAllowed(187)) - Close Container log Index 6 is not replicated across allthe servers in the pipeline 6e647d31-eff2-4ddc-80e8-f450baf5df14 as the min replicated index is 4. Deletion is not allowed in this container yet.
2019-10-17 07:42:12,198 [BlockDeletingService#2] WARN  background.BlockDeletingService (BlockDeletingService.java:isDeletionAllowed(187)) - Close Container log Index 6 is not replicated across allthe servers in the pipeline 6e647d31-eff2-4ddc-80e8-f450baf5df14 as the min replicated index is 4. Deletion is not allowed in this container yet.
2019-10-17 07:42:12,281 [java.util.concurrent.ThreadPoolExecutor$Worker@3d6cb76e[State = -1, empty queue]] WARN  server.GrpcLogAppender (GrpcLogAppender.java:timeoutAppendRequest(209)) - 722c44df-b170-4eeb-abb4-8ab07bb69a54@group-F450BAF5DF14->84d87b42-83ce-4078-8a37-3864f9520041-GrpcLogAppender: appendEntries Timeout, request=722c44df-b170-4eeb-abb4-8ab07bb69a54->84d87b42-83ce-4078-8a37-3864f9520041#29-t3, previous=(t:3, i:10), leaderCommit=10, initializing? false, entries: <empty>
2019-10-17 07:42:12,336 [EventQueue-ContainerReportForContainerReportHandler] WARN  container.ContainerReportHandler (AbstractContainerReportHandler.java:updateContainerState(145)) - Container #1 is in OPEN state, but the datanode 722c44df-b170-4eeb-abb4-8ab07bb69a54{ip: 192.168.164.211, host: pr-hdds-2283-cnrrq-1638407854, networkLocation: /default-rack, certSerialId: null} reports an CLOSED replica.
2019-10-17 07:42:12,357 [EventQueue-ContainerReportForContainerReportHandler] WARN  container.ContainerReportHandler (AbstractContainerReportHandler.java:updateContainerState(145)) - Container #1 is in OPEN state, but the datanode 6ea7cc1b-6dd1-4a6f-b526-a2c2472221ee{ip: 192.168.164.211, host: pr-hdds-2283-cnrrq-1638407854, networkLocation: /default-rack, certSerialId: null} reports an CLOSED replica.
2019-10-17 07:42:12,537 [EventQueue-ContainerReportForContainerReportHandler] WARN  container.ContainerReportHandler (AbstractContainerReportHandler.java:updateContainerState(145)) - Container #1 is in OPEN state, but the datanode 722c44df-b170-4eeb-abb4-8ab07bb69a54{ip: 192.168.164.211, host: pr-hdds-2283-cnrrq-1638407854, networkLocation: /default-rack, certSerialId: null} reports an CLOSED replica.
2019-10-17 07:42:12,657 [EventQueue-ContainerReportForContainerReportHandler] WARN  container.ContainerReportHandler (AbstractContainerReportHandler.java:updateContainerState(145)) - Container #1 is in OPEN state, but the datanode 6ea7cc1b-6dd1-4a6f-b526-a2c2472221ee{ip: 192.168.164.211, host: pr-hdds-2283-cnrrq-1638407854, networkLocation: /default-rack, certSerialId: null} reports an CLOSED replica.
2019-10-17 07:42:12,938 [EventQueue-ContainerReportForContainerReportHandler] WARN  container.ContainerReportHandler (AbstractContainerReportHandler.java:updateContainerState(145)) - Container #1 is in OPEN state, but the datanode 722c44df-b170-4eeb-abb4-8ab07bb69a54{ip: 192.168.164.211, host: pr-hdds-2283-cnrrq-1638407854, networkLocation: /default-rack, certSerialId: null} reports an CLOSED replica.
2019-10-17 07:42:13,057 [EventQueue-ContainerReportForContainerReportHandler] WARN  container.ContainerReportHandler (AbstractContainerReportHandler.java:updateContainerState(145)) - Container #1 is in OPEN state, but the datanode 6ea7cc1b-6dd1-4a6f-b526-a2c2472221ee{ip: 192.168.164.211, host: pr-hdds-2283-cnrrq-1638407854, networkLocation: /default-rack, certSerialId: null} reports an CLOSED replica.
2019-10-17 07:42:13,199 [BlockDeletingService#2] WARN  background.BlockDeletingService (BlockDeletingService.java:isDeletionAllowed(187)) - Close Container log Index 6 is not replicated across allthe servers in the pipeline 6e647d31-eff2-4ddc-80e8-f450baf5df14 as the min replicated index is 4. Deletion is not allowed in this container yet.
2019-10-17 07:42:13,199 [BlockDeletingService#2] WARN  background.BlockDeletingService (BlockDeletingService.java:isDeletionAllowed(187)) - Close Container log Index 6 is not replicated across allthe servers in the pipeline 6e647d31-eff2-4ddc-80e8-f450baf5df14 as the min replicated index is 4. Deletion is not allowed in this container yet.
2019-10-17 07:42:13,238 [EventQueue-ContainerReportForContainerReportHandler] WARN  container.ContainerReportHandler (AbstractContainerReportHandler.java:updateContainerState(145)) - Container #1 is in OPEN state, but the datanode 722c44df-b170-4eeb-abb4-8ab07bb69a54{ip: 192.168.164.211, host: pr-hdds-2283-cnrrq-1638407854, networkLocation: /default-rack, certSerialId: null} reports an CLOSED replica.
2019-10-17 07:42:13,359 [EventQueue-ContainerReportForContainerReportHandler] WARN  container.ContainerReportHandler (AbstractContainerReportHandler.java:updateContainerState(145)) - Container #1 is in OPEN state, but the datanode 6ea7cc1b-6dd1-4a6f-b526-a2c2472221ee{ip: 192.168.164.211, host: pr-hdds-2283-cnrrq-1638407854, networkLocation: /default-rack, certSerialId: null} reports an CLOSED replica.
2019-10-17 07:42:13,638 [EventQueue-ContainerReportForContainerReportHandler] WARN  container.ContainerReportHandler (AbstractContainerReportHandler.java:updateContainerState(145)) - Container #1 is in OPEN state, but the datanode 722c44df-b170-4eeb-abb4-8ab07bb69a54{ip: 192.168.164.211, host: pr-hdds-2283-cnrrq-1638407854, networkLocation: /default-rack, certSerialId: null} reports an CLOSED replica.
2019-10-17 07:42:13,659 [EventQueue-ContainerReportForContainerReportHandler] WARN  container.ContainerReportHandler (AbstractContainerReportHandler.java:updateContainerState(145)) - Container #1 is in OPEN state, but the datanode 6ea7cc1b-6dd1-4a6f-b526-a2c2472221ee{ip: 192.168.164.211, host: pr-hdds-2283-cnrrq-1638407854, networkLocation: /default-rack, certSerialId: null} reports an CLOSED replica.
2019-10-17 07:42:13,838 [EventQueue-ContainerReportForContainerReportHandler] WARN  container.ContainerReportHandler (AbstractContainerReportHandler.java:updateContainerState(145)) - Container #1 is in OPEN state, but the datanode 722c44df-b170-4eeb-abb4-8ab07bb69a54{ip: 192.168.164.211, host: pr-hdds-2283-cnrrq-1638407854, networkLocation: /default-rack, certSerialId: null} reports an CLOSED replica.
2019-10-17 07:42:13,959 [EventQueue-ContainerReportForContainerReportHandler] WARN  container.ContainerReportHandler (AbstractContainerReportHandler.java:updateContainerState(145)) - Container #1 is in OPEN state, but the datanode 6ea7cc1b-6dd1-4a6f-b526-a2c2472221ee{ip: 192.168.164.211, host: pr-hdds-2283-cnrrq-1638407854, networkLocation: /default-rack, certSerialId: null} reports an CLOSED replica.
2019-10-17 07:42:14,139 [EventQueue-ContainerReportForContainerReportHandler] WARN  container.ContainerReportHandler (AbstractContainerReportHandler.java:updateContainerState(145)) - Container #1 is in OPEN state, but the datanode 722c44df-b170-4eeb-abb4-8ab07bb69a54{ip: 192.168.164.211, host: pr-hdds-2283-cnrrq-1638407854, networkLocation: /default-rack, certSerialId: null} reports an CLOSED replica.
2019-10-17 07:42:14,200 [BlockDeletingService#2] WARN  background.BlockDeletingService (BlockDeletingService.java:isDeletionAllowed(187)) - Close Container log Index 6 is not replicated across allthe servers in the pipeline 6e647d31-eff2-4ddc-80e8-f450baf5df14 as the min replicated index is 4. Deletion is not allowed in this container yet.
2019-10-17 07:42:14,200 [BlockDeletingService#2] WARN  background.BlockDeletingService (BlockDeletingService.java:isDeletionAllowed(187)) - Close Container log Index 6 is not replicated across allthe servers in the pipeline 6e647d31-eff2-4ddc-80e8-f450baf5df14 as the min replicated index is 4. Deletion is not allowed in this container yet.
2019-10-17 07:42:14,338 [EventQueue-ContainerReportForContainerReportHandler] WARN  container.ContainerReportHandler (AbstractContainerReportHandler.java:updateContainerState(145)) - Container #1 is in OPEN state, but the datanode 722c44df-b170-4eeb-abb4-8ab07bb69a54{ip: 192.168.164.211, host: pr-hdds-2283-cnrrq-1638407854, networkLocation: /default-rack, certSerialId: null} reports an CLOSED replica.
2019-10-17 07:42:14,360 [EventQueue-ContainerReportForContainerReportHandler] WARN  container.ContainerReportHandler (AbstractContainerReportHandler.java:updateContainerState(145)) - Container #1 is in OPEN state, but the datanode 6ea7cc1b-6dd1-4a6f-b526-a2c2472221ee{ip: 192.168.164.211, host: pr-hdds-2283-cnrrq-1638407854, networkLocation: /default-rack, certSerialId: null} reports an CLOSED replica.
2019-10-17 07:42:14,660 [EventQueue-ContainerReportForContainerReportHandler] WARN  container.ContainerReportHandler (AbstractContainerReportHandler.java:updateContainerState(145)) - Container #1 is in OPEN state, but the datanode 6ea7cc1b-6dd1-4a6f-b526-a2c2472221ee{ip: 192.168.164.211, host: pr-hdds-2283-cnrrq-1638407854, networkLocation: /default-rack, certSerialId: null} reports an CLOSED replica.
2019-10-17 07:42:14,739 [EventQueue-ContainerReportForContainerReportHandler] WARN  container.ContainerReportHandler (AbstractContainerReportHandler.java:updateContainerState(145)) - Container #1 is in OPEN state, but the datanode 722c44df-b170-4eeb-abb4-8ab07bb69a54{ip: 192.168.164.211, host: pr-hdds-2283-cnrrq-1638407854, networkLocation: /default-rack, certSerialId: null} reports an CLOSED replica.
2019-10-17 07:42:14,781 [java.util.concurrent.ThreadPoolExecutor$Worker@3d6cb76e[State = -1, empty queue]] WARN  server.GrpcLogAppender (GrpcLogAppender.java:timeoutAppendRequest(209)) - 722c44df-b170-4eeb-abb4-8ab07bb69a54@group-F450BAF5DF14->84d87b42-83ce-4078-8a37-3864f9520041-GrpcLogAppender: appendEntries Timeout, request=722c44df-b170-4eeb-abb4-8ab07bb69a54->84d87b42-83ce-4078-8a37-3864f9520041#30-t3, previous=(t:3, i:10), leaderCommit=10, initializing? false, entries: <empty>
2019-10-17 07:42:14,860 [EventQueue-ContainerReportForContainerReportHandler] WARN  container.ContainerReportHandler (AbstractContainerReportHandler.java:updateContainerState(145)) - Container #1 is in OPEN state, but the datanode 6ea7cc1b-6dd1-4a6f-b526-a2c2472221ee{ip: 192.168.164.211, host: pr-hdds-2283-cnrrq-1638407854, networkLocation: /default-rack, certSerialId: null} reports an CLOSED replica.
2019-10-17 07:42:15,139 [EventQueue-ContainerReportForContainerReportHandler] WARN  container.ContainerReportHandler (AbstractContainerReportHandler.java:updateContainerState(145)) - Container #1 is in OPEN state, but the datanode 722c44df-b170-4eeb-abb4-8ab07bb69a54{ip: 192.168.164.211, host: pr-hdds-2283-cnrrq-1638407854, networkLocation: /default-rack, certSerialId: null} reports an CLOSED replica.
2019-10-17 07:42:15,202 [BlockDeletingService#2] WARN  background.BlockDeletingService (BlockDeletingService.java:isDeletionAllowed(187)) - Close Container log Index 6 is not replicated across allthe servers in the pipeline 6e647d31-eff2-4ddc-80e8-f450baf5df14 as the min replicated index is 4. Deletion is not allowed in this container yet.
2019-10-17 07:42:15,202 [BlockDeletingService#2] WARN  background.BlockDeletingService (BlockDeletingService.java:isDeletionAllowed(187)) - Close Container log Index 6 is not replicated across allthe servers in the pipeline 6e647d31-eff2-4ddc-80e8-f450baf5df14 as the min replicated index is 4. Deletion is not allowed in this container yet.
2019-10-17 07:42:15,260 [EventQueue-ContainerReportForContainerReportHandler] WARN  container.ContainerReportHandler (AbstractContainerReportHandler.java:updateContainerState(145)) - Container #1 is in OPEN state, but the datanode 6ea7cc1b-6dd1-4a6f-b526-a2c2472221ee{ip: 192.168.164.211, host: pr-hdds-2283-cnrrq-1638407854, networkLocation: /default-rack, certSerialId: null} reports an CLOSED replica.
2019-10-17 07:42:15,439 [EventQueue-ContainerReportForContainerReportHandler] WARN  container.ContainerReportHandler (AbstractContainerReportHandler.java:updateContainerState(145)) - Container #1 is in OPEN state, but the datanode 722c44df-b170-4eeb-abb4-8ab07bb69a54{ip: 192.168.164.211, host: pr-hdds-2283-cnrrq-1638407854, networkLocation: /default-rack, certSerialId: null} reports an CLOSED replica.
2019-10-17 07:42:15,561 [EventQueue-ContainerReportForContainerReportHandler] WARN  container.ContainerReportHandler (AbstractContainerReportHandler.java:updateContainerState(145)) - Container #1 is in OPEN state, but the datanode 6ea7cc1b-6dd1-4a6f-b526-a2c2472221ee{ip: 192.168.164.211, host: pr-hdds-2283-cnrrq-1638407854, networkLocation: /default-rack, certSerialId: null} reports an CLOSED replica.
2019-10-17 07:42:15,640 [EventQueue-ContainerReportForContainerReportHandler] WARN  container.ContainerReportHandler (AbstractContainerReportHandler.java:updateContainerState(145)) - Container #1 is in OPEN state, but the datanode 722c44df-b170-4eeb-abb4-8ab07bb69a54{ip: 192.168.164.211, host: pr-hdds-2283-cnrrq-1638407854, networkLocation: /default-rack, certSerialId: null} reports an CLOSED replica.
2019-10-17 07:42:15,840 [EventQueue-ContainerReportForContainerReportHandler] WARN  container.ContainerReportHandler (AbstractContainerReportHandler.java:updateContainerState(145)) - Container #1 is in OPEN state, but the datanode 722c44df-b170-4eeb-abb4-8ab07bb69a54{ip: 192.168.164.211, host: pr-hdds-2283-cnrrq-1638407854, networkLocation: /default-rack, certSerialId: null} reports an CLOSED replica.
2019-10-17 07:42:15,861 [EventQueue-ContainerReportForContainerReportHandler] WARN  container.ContainerReportHandler (AbstractContainerReportHandler.java:updateContainerState(145)) - Container #1 is in OPEN state, but the datanode 6ea7cc1b-6dd1-4a6f-b526-a2c2472221ee{ip: 192.168.164.211, host: pr-hdds-2283-cnrrq-1638407854, networkLocation: /default-rack, certSerialId: null} reports an CLOSED replica.
2019-10-17 07:42:16,061 [EventQueue-ContainerReportForContainerReportHandler] WARN  container.ContainerReportHandler (AbstractContainerReportHandler.java:updateContainerState(145)) - Container #1 is in OPEN state, but the datanode 6ea7cc1b-6dd1-4a6f-b526-a2c2472221ee{ip: 192.168.164.211, host: pr-hdds-2283-cnrrq-1638407854, networkLocation: /default-rack, certSerialId: null} reports an CLOSED replica.
2019-10-17 07:42:16,140 [EventQueue-ContainerReportForContainerReportHandler] WARN  container.ContainerReportHandler (AbstractContainerReportHandler.java:updateContainerState(145)) - Container #1 is in OPEN state, but the datanode 722c44df-b170-4eeb-abb4-8ab07bb69a54{ip: 192.168.164.211, host: pr-hdds-2283-cnrrq-1638407854, networkLocation: /default-rack, certSerialId: null} reports an CLOSED replica.
2019-10-17 07:42:16,203 [BlockDeletingService#2] WARN  background.BlockDeletingService (BlockDeletingService.java:isDeletionAllowed(187)) - Close Container log Index 6 is not replicated across allthe servers in the pipeline 6e647d31-eff2-4ddc-80e8-f450baf5df14 as the min replicated index is 4. Deletion is not allowed in this container yet.
2019-10-17 07:42:16,204 [BlockDeletingService#2] WARN  background.BlockDeletingService (BlockDeletingService.java:isDeletionAllowed(187)) - Close Container log Index 6 is not replicated across allthe servers in the pipeline 6e647d31-eff2-4ddc-80e8-f450baf5df14 as the min replicated index is 4. Deletion is not allowed in this container yet.
2019-10-17 07:42:16,339 [EventQueue-ContainerReportForContainerReportHandler] WARN  container.ContainerReportHandler (AbstractContainerReportHandler.java:updateContainerState(145)) - Container #1 is in OPEN state, but the datanode 722c44df-b170-4eeb-abb4-8ab07bb69a54{ip: 192.168.164.211, host: pr-hdds-2283-cnrrq-1638407854, networkLocation: /default-rack, certSerialId: null} reports an CLOSED replica.
2019-10-17 07:42:16,350 [Thread-391] INFO  client.GrpcClientProtocolService (GrpcClientProtocolService.java:lambda$processClientRequest$0(278)) - Failed RaftClientRequest:client-352DFC73CCDB->6ea7cc1b-6dd1-4a6f-b526-a2c2472221ee@group-F450BAF5DF14, cid=10, seq=0, Watch-ALL_COMMITTED(6), Message:<EMPTY>, reply=RaftClientReply:client-352DFC73CCDB->6ea7cc1b-6dd1-4a6f-b526-a2c2472221ee@group-F450BAF5DF14, cid=10, FAILED org.apache.ratis.protocol.NotLeaderException: Server 6ea7cc1b-6dd1-4a6f-b526-a2c2472221ee@group-F450BAF5DF14 is not the leader 722c44df-b170-4eeb-abb4-8ab07bb69a54:192.168.164.211:33246, logIndex=0, commits[6ea7cc1b-6dd1-4a6f-b526-a2c2472221ee:c10, 722c44df-b170-4eeb-abb4-8ab07bb69a54:c10, 84d87b42-83ce-4078-8a37-3864f9520041:c4]
2019-10-17 07:42:16,462 [EventQueue-ContainerReportForContainerReportHandler] WARN  container.ContainerReportHandler (AbstractContainerReportHandler.java:updateContainerState(145)) - Container #1 is in OPEN state, but the datanode 6ea7cc1b-6dd1-4a6f-b526-a2c2472221ee{ip: 192.168.164.211, host: pr-hdds-2283-cnrrq-1638407854, networkLocation: /default-rack, certSerialId: null} reports an CLOSED replica.
2019-10-17 07:42:16,740 [EventQueue-ContainerReportForContainerReportHandler] WARN  container.ContainerReportHandler (AbstractContainerReportHandler.java:updateContainerState(145)) - Container #1 is in OPEN state, but the datanode 722c44df-b170-4eeb-abb4-8ab07bb69a54{ip: 192.168.164.211, host: pr-hdds-2283-cnrrq-1638407854, networkLocation: /default-rack, certSerialId: null} reports an CLOSED replica.
2019-10-17 07:42:16,762 [EventQueue-ContainerReportForContainerReportHandler] WARN  container.ContainerReportHandler (AbstractContainerReportHandler.java:updateContainerState(145)) - Container #1 is in OPEN state, but the datanode 6ea7cc1b-6dd1-4a6f-b526-a2c2472221ee{ip: 192.168.164.211, host: pr-hdds-2283-cnrrq-1638407854, networkLocation: /default-rack, certSerialId: null} reports an CLOSED replica.
2019-10-17 07:42:17,041 [EventQueue-ContainerReportForContainerReportHandler] WARN  container.ContainerReportHandler (AbstractContainerReportHandler.java:updateContainerState(145)) - Container #1 is in OPEN state, but the datanode 722c44df-b170-4eeb-abb4-8ab07bb69a54{ip: 192.168.164.211, host: pr-hdds-2283-cnrrq-1638407854, networkLocation: /default-rack, certSerialId: null} reports an CLOSED replica.
2019-10-17 07:42:17,163 [EventQueue-ContainerReportForContainerReportHandler] WARN  container.ContainerReportHandler (AbstractContainerReportHandler.java:updateContainerState(145)) - Container #1 is in OPEN state, but the datanode 6ea7cc1b-6dd1-4a6f-b526-a2c2472221ee{ip: 192.168.164.211, host: pr-hdds-2283-cnrrq-1638407854, networkLocation: /default-rack, certSerialId: null} reports an CLOSED replica.
2019-10-17 07:42:17,205 [BlockDeletingService#2] WARN  background.BlockDeletingService (BlockDeletingService.java:isDeletionAllowed(187)) - Close Container log Index 6 is not replicated across allthe servers in the pipeline 6e647d31-eff2-4ddc-80e8-f450baf5df14 as the min replicated index is 4. Deletion is not allowed in this container yet.
2019-10-17 07:42:17,206 [BlockDeletingService#2] WARN  background.BlockDeletingService (BlockDeletingService.java:isDeletionAllowed(187)) - Close Container log Index 6 is not replicated across allthe servers in the pipeline 6e647d31-eff2-4ddc-80e8-f450baf5df14 as the min replicated index is 4. Deletion is not allowed in this container yet.
2019-10-17 07:42:17,282 [java.util.concurrent.ThreadPoolExecutor$Worker@3d6cb76e[State = -1, empty queue]] WARN  server.GrpcLogAppender (GrpcLogAppender.java:timeoutAppendRequest(209)) - 722c44df-b170-4eeb-abb4-8ab07bb69a54@group-F450BAF5DF14->84d87b42-83ce-4078-8a37-3864f9520041-GrpcLogAppender: appendEntries Timeout, request=722c44df-b170-4eeb-abb4-8ab07bb69a54->84d87b42-83ce-4078-8a37-3864f9520041#31-t3, previous=(t:3, i:10), leaderCommit=10, initializing? false, entries: <empty>
2019-10-17 07:42:17,341 [EventQueue-ContainerReportForContainerReportHandler] WARN  container.ContainerReportHandler (AbstractContainerReportHandler.java:updateContainerState(145)) - Container #1 is in OPEN state, but the datanode 722c44df-b170-4eeb-abb4-8ab07bb69a54{ip: 192.168.164.211, host: pr-hdds-2283-cnrrq-1638407854, networkLocation: /default-rack, certSerialId: null} reports an CLOSED replica.
2019-10-17 07:42:17,463 [EventQueue-ContainerReportForContainerReportHandler] WARN  container.ContainerReportHandler (AbstractContainerReportHandler.java:updateContainerState(145)) - Container #1 is in OPEN state, but the datanode 6ea7cc1b-6dd1-4a6f-b526-a2c2472221ee{ip: 192.168.164.211, host: pr-hdds-2283-cnrrq-1638407854, networkLocation: /default-rack, certSerialId: null} reports an CLOSED replica.
2019-10-17 07:42:17,541 [EventQueue-ContainerReportForContainerReportHandler] WARN  container.ContainerReportHandler (AbstractContainerReportHandler.java:updateContainerState(145)) - Container #1 is in OPEN state, but the datanode 722c44df-b170-4eeb-abb4-8ab07bb69a54{ip: 192.168.164.211, host: pr-hdds-2283-cnrrq-1638407854, networkLocation: /default-rack, certSerialId: null} reports an CLOSED replica.
2019-10-17 07:42:17,663 [EventQueue-ContainerReportForContainerReportHandler] WARN  container.ContainerReportHandler (AbstractContainerReportHandler.java:updateContainerState(145)) - Container #1 is in OPEN state, but the datanode 6ea7cc1b-6dd1-4a6f-b526-a2c2472221ee{ip: 192.168.164.211, host: pr-hdds-2283-cnrrq-1638407854, networkLocation: /default-rack, certSerialId: null} reports an CLOSED replica.
2019-10-17 07:42:17,682 [Thread-398] INFO  client.GrpcClientProtocolService (GrpcClientProtocolService.java:lambda$processClientRequest$0(278)) - Failed RaftClientRequest:client-352DFC73CCDB->722c44df-b170-4eeb-abb4-8ab07bb69a54@group-F450BAF5DF14, cid=10, seq=0, Watch-ALL_COMMITTED(6), Message:<EMPTY>, reply=RaftClientReply:client-352DFC73CCDB->722c44df-b170-4eeb-abb4-8ab07bb69a54@group-F450BAF5DF14, cid=10, FAILED org.apache.ratis.protocol.NotReplicatedException: Request with call Id 10 and log index 6 is not yet replicated to ALL_COMMITTED, logIndex=6, commits[722c44df-b170-4eeb-abb4-8ab07bb69a54:c10, 6ea7cc1b-6dd1-4a6f-b526-a2c2472221ee:c10, 84d87b42-83ce-4078-8a37-3864f9520041:c4]
2019-10-17 07:42:17,841 [EventQueue-ContainerReportForContainerReportHandler] WARN  container.ContainerReportHandler (AbstractContainerReportHandler.java:updateContainerState(145)) - Container #1 is in OPEN state, but the datanode 722c44df-b170-4eeb-abb4-8ab07bb69a54{ip: 192.168.164.211, host: pr-hdds-2283-cnrrq-1638407854, networkLocation: /default-rack, certSerialId: null} reports an CLOSED replica.
2019-10-17 07:42:17,963 [EventQueue-ContainerReportForContainerReportHandler] WARN  container.ContainerReportHandler (AbstractContainerReportHandler.java:updateContainerState(145)) - Container #1 is in OPEN state, but the datanode 6ea7cc1b-6dd1-4a6f-b526-a2c2472221ee{ip: 192.168.164.211, host: pr-hdds-2283-cnrrq-1638407854, networkLocation: /default-rack, certSerialId: null} reports an CLOSED replica.
2019-10-17 07:42:18,042 [EventQueue-ContainerReportForContainerReportHandler] WARN  container.ContainerReportHandler (AbstractContainerReportHandler.java:updateContainerState(145)) - Container #1 is in OPEN state, but the datanode 722c44df-b170-4eeb-abb4-8ab07bb69a54{ip: 192.168.164.211, host: pr-hdds-2283-cnrrq-1638407854, networkLocation: /default-rack, certSerialId: null} reports an CLOSED replica.
2019-10-17 07:42:18,207 [BlockDeletingService#2] WARN  background.BlockDeletingService (BlockDeletingService.java:isDeletionAllowed(187)) - Close Container log Index 6 is not replicated across allthe servers in the pipeline 6e647d31-eff2-4ddc-80e8-f450baf5df14 as the min replicated index is 4. Deletion is not allowed in this container yet.
2019-10-17 07:42:18,207 [BlockDeletingService#2] WARN  background.BlockDeletingService (BlockDeletingService.java:isDeletionAllowed(187)) - Close Container log Index 6 is not replicated across allthe servers in the pipeline 6e647d31-eff2-4ddc-80e8-f450baf5df14 as the min replicated index is 4. Deletion is not allowed in this container yet.
2019-10-17 07:42:18,263 [EventQueue-ContainerReportForContainerReportHandler] WARN  container.ContainerReportHandler (AbstractContainerReportHandler.java:updateContainerState(145)) - Container #1 is in OPEN state, but the datanode 6ea7cc1b-6dd1-4a6f-b526-a2c2472221ee{ip: 192.168.164.211, host: pr-hdds-2283-cnrrq-1638407854, networkLocation: /default-rack, certSerialId: null} reports an CLOSED replica.
2019-10-17 07:42:18,342 [EventQueue-ContainerReportForContainerReportHandler] WARN  container.ContainerReportHandler (AbstractContainerReportHandler.java:updateContainerState(145)) - Container #1 is in OPEN state, but the datanode 722c44df-b170-4eeb-abb4-8ab07bb69a54{ip: 192.168.164.211, host: pr-hdds-2283-cnrrq-1638407854, networkLocation: /default-rack, certSerialId: null} reports an CLOSED replica.
2019-10-17 07:42:18,542 [EventQueue-ContainerReportForContainerReportHandler] WARN  container.ContainerReportHandler (AbstractContainerReportHandler.java:updateContainerState(145)) - Container #1 is in OPEN state, but the datanode 722c44df-b170-4eeb-abb4-8ab07bb69a54{ip: 192.168.164.211, host: pr-hdds-2283-cnrrq-1638407854, networkLocation: /default-rack, certSerialId: null} reports an CLOSED replica.
2019-10-17 07:42:18,564 [EventQueue-ContainerReportForContainerReportHandler] WARN  container.ContainerReportHandler (AbstractContainerReportHandler.java:updateContainerState(145)) - Container #1 is in OPEN state, but the datanode 6ea7cc1b-6dd1-4a6f-b526-a2c2472221ee{ip: 192.168.164.211, host: pr-hdds-2283-cnrrq-1638407854, networkLocation: /default-rack, certSerialId: null} reports an CLOSED replica.
2019-10-17 07:42:18,842 [EventQueue-ContainerReportForContainerReportHandler] WARN  container.ContainerReportHandler (AbstractContainerReportHandler.java:updateContainerState(145)) - Container #1 is in OPEN state, but the datanode 722c44df-b170-4eeb-abb4-8ab07bb69a54{ip: 192.168.164.211, host: pr-hdds-2283-cnrrq-1638407854, networkLocation: /default-rack, certSerialId: null} reports an CLOSED replica.
2019-10-17 07:42:18,964 [EventQueue-ContainerReportForContainerReportHandler] WARN  container.ContainerReportHandler (AbstractContainerReportHandler.java:updateContainerState(145)) - Container #1 is in OPEN state, but the datanode 6ea7cc1b-6dd1-4a6f-b526-a2c2472221ee{ip: 192.168.164.211, host: pr-hdds-2283-cnrrq-1638407854, networkLocation: /default-rack, certSerialId: null} reports an CLOSED replica.
2019-10-17 07:42:19,213 [BlockDeletingService#2] WARN  background.BlockDeletingService (BlockDeletingService.java:isDeletionAllowed(187)) - Close Container log Index 6 is not replicated across allthe servers in the pipeline 6e647d31-eff2-4ddc-80e8-f450baf5df14 as the min replicated index is 4. Deletion is not allowed in this container yet.
2019-10-17 07:42:19,213 [BlockDeletingService#2] WARN  background.BlockDeletingService (BlockDeletingService.java:isDeletionAllowed(187)) - Close Container log Index 6 is not replicated across allthe servers in the pipeline 6e647d31-eff2-4ddc-80e8-f450baf5df14 as the min replicated index is 4. Deletion is not allowed in this container yet.
2019-10-17 07:42:19,242 [EventQueue-ContainerReportForContainerReportHandler] WARN  container.ContainerReportHandler (AbstractContainerReportHandler.java:updateContainerState(145)) - Container #1 is in OPEN state, but the datanode 722c44df-b170-4eeb-abb4-8ab07bb69a54{ip: 192.168.164.211, host: pr-hdds-2283-cnrrq-1638407854, networkLocation: /default-rack, certSerialId: null} reports an CLOSED replica.
2019-10-17 07:42:19,264 [EventQueue-ContainerReportForContainerReportHandler] WARN  container.ContainerReportHandler (AbstractContainerReportHandler.java:updateContainerState(145)) - Container #1 is in OPEN state, but the datanode 6ea7cc1b-6dd1-4a6f-b526-a2c2472221ee{ip: 192.168.164.211, host: pr-hdds-2283-cnrrq-1638407854, networkLocation: /default-rack, certSerialId: null} reports an CLOSED replica.
2019-10-17 07:42:19,543 [EventQueue-ContainerReportForContainerReportHandler] WARN  container.ContainerReportHandler (AbstractContainerReportHandler.java:updateContainerState(145)) - Container #1 is in OPEN state, but the datanode 722c44df-b170-4eeb-abb4-8ab07bb69a54{ip: 192.168.164.211, host: pr-hdds-2283-cnrrq-1638407854, networkLocation: /default-rack, certSerialId: null} reports an CLOSED replica.
2019-10-17 07:42:19,664 [EventQueue-ContainerReportForContainerReportHandler] WARN  container.ContainerReportHandler (AbstractContainerReportHandler.java:updateContainerState(145)) - Container #1 is in OPEN state, but the datanode 6ea7cc1b-6dd1-4a6f-b526-a2c2472221ee{ip: 192.168.164.211, host: pr-hdds-2283-cnrrq-1638407854, networkLocation: /default-rack, certSerialId: null} reports an CLOSED replica.
2019-10-17 07:42:19,783 [java.util.concurrent.ThreadPoolExecutor$Worker@3d6cb76e[State = -1, empty queue]] WARN  server.GrpcLogAppender (GrpcLogAppender.java:timeoutAppendRequest(209)) - 722c44df-b170-4eeb-abb4-8ab07bb69a54@group-F450BAF5DF14->84d87b42-83ce-4078-8a37-3864f9520041-GrpcLogAppender: appendEntries Timeout, request=722c44df-b170-4eeb-abb4-8ab07bb69a54->84d87b42-83ce-4078-8a37-3864f9520041#32-t3, previous=(t:3, i:10), leaderCommit=10, initializing? false, entries: <empty>
2019-10-17 07:42:19,842 [EventQueue-ContainerReportForContainerReportHandler] WARN  container.ContainerReportHandler (AbstractContainerReportHandler.java:updateContainerState(145)) - Container #1 is in OPEN state, but the datanode 722c44df-b170-4eeb-abb4-8ab07bb69a54{ip: 192.168.164.211, host: pr-hdds-2283-cnrrq-1638407854, networkLocation: /default-rack, certSerialId: null} reports an CLOSED replica.
2019-10-17 07:42:19,964 [EventQueue-ContainerReportForContainerReportHandler] WARN  container.ContainerReportHandler (AbstractContainerReportHandler.java:updateContainerState(145)) - Container #1 is in OPEN state, but the datanode 6ea7cc1b-6dd1-4a6f-b526-a2c2472221ee{ip: 192.168.164.211, host: pr-hdds-2283-cnrrq-1638407854, networkLocation: /default-rack, certSerialId: null} reports an CLOSED replica.
2019-10-17 07:42:20,043 [EventQueue-ContainerReportForContainerReportHandler] WARN  container.ContainerReportHandler (AbstractContainerReportHandler.java:updateContainerState(145)) - Container #1 is in OPEN state, but the datanode 722c44df-b170-4eeb-abb4-8ab07bb69a54{ip: 192.168.164.211, host: pr-hdds-2283-cnrrq-1638407854, networkLocation: /default-rack, certSerialId: null} reports an CLOSED replica.
2019-10-17 07:42:20,216 [BlockDeletingService#2] WARN  background.BlockDeletingService (BlockDeletingService.java:isDeletionAllowed(187)) - Close Container log Index 6 is not replicated across allthe servers in the pipeline 6e647d31-eff2-4ddc-80e8-f450baf5df14 as the min replicated index is 4. Deletion is not allowed in this container yet.
2019-10-17 07:42:20,216 [BlockDeletingService#2] WARN  background.BlockDeletingService (BlockDeletingService.java:isDeletionAllowed(187)) - Close Container log Index 6 is not replicated across allthe servers in the pipeline 6e647d31-eff2-4ddc-80e8-f450baf5df14 as the min replicated index is 4. Deletion is not allowed in this container yet.
2019-10-17 07:42:20,265 [EventQueue-ContainerReportForContainerReportHandler] WARN  container.ContainerReportHandler (AbstractContainerReportHandler.java:updateContainerState(145)) - Container #1 is in OPEN state, but the datanode 6ea7cc1b-6dd1-4a6f-b526-a2c2472221ee{ip: 192.168.164.211, host: pr-hdds-2283-cnrrq-1638407854, networkLocation: /default-rack, certSerialId: null} reports an CLOSED replica.
2019-10-17 07:42:20,342 [EventQueue-ContainerReportForContainerReportHandler] WARN  container.ContainerReportHandler (AbstractContainerReportHandler.java:updateContainerState(145)) - Container #1 is in OPEN state, but the datanode 722c44df-b170-4eeb-abb4-8ab07bb69a54{ip: 192.168.164.211, host: pr-hdds-2283-cnrrq-1638407854, networkLocation: /default-rack, certSerialId: null} reports an CLOSED replica.
2019-10-17 07:42:20,643 [EventQueue-ContainerReportForContainerReportHandler] WARN  container.ContainerReportHandler (AbstractContainerReportHandler.java:updateContainerState(145)) - Container #1 is in OPEN state, but the datanode 722c44df-b170-4eeb-abb4-8ab07bb69a54{ip: 192.168.164.211, host: pr-hdds-2283-cnrrq-1638407854, networkLocation: /default-rack, certSerialId: null} reports an CLOSED replica.
2019-10-17 07:42:20,665 [EventQueue-ContainerReportForContainerReportHandler] WARN  container.ContainerReportHandler (AbstractContainerReportHandler.java:updateContainerState(145)) - Container #1 is in OPEN state, but the datanode 6ea7cc1b-6dd1-4a6f-b526-a2c2472221ee{ip: 192.168.164.211, host: pr-hdds-2283-cnrrq-1638407854, networkLocation: /default-rack, certSerialId: null} reports an CLOSED replica.
2019-10-17 07:42:20,943 [EventQueue-ContainerReportForContainerReportHandler] WARN  container.ContainerReportHandler (AbstractContainerReportHandler.java:updateContainerState(145)) - Container #1 is in OPEN state, but the datanode 722c44df-b170-4eeb-abb4-8ab07bb69a54{ip: 192.168.164.211, host: pr-hdds-2283-cnrrq-1638407854, networkLocation: /default-rack, certSerialId: null} reports an CLOSED replica.
2019-10-17 07:42:20,965 [EventQueue-ContainerReportForContainerReportHandler] WARN  container.ContainerReportHandler (AbstractContainerReportHandler.java:updateContainerState(145)) - Container #1 is in OPEN state, but the datanode 6ea7cc1b-6dd1-4a6f-b526-a2c2472221ee{ip: 192.168.164.211, host: pr-hdds-2283-cnrrq-1638407854, networkLocation: /default-rack, certSerialId: null} reports an CLOSED replica.
2019-10-17 07:42:21,218 [BlockDeletingService#2] WARN  background.BlockDeletingService (BlockDeletingService.java:isDeletionAllowed(187)) - Close Container log Index 6 is not replicated across allthe servers in the pipeline 6e647d31-eff2-4ddc-80e8-f450baf5df14 as the min replicated index is 4. Deletion is not allowed in this container yet.
2019-10-17 07:42:21,218 [BlockDeletingService#2] WARN  background.BlockDeletingService (BlockDeletingService.java:isDeletionAllowed(187)) - Close Container log Index 6 is not replicated across allthe servers in the pipeline 6e647d31-eff2-4ddc-80e8-f450baf5df14 as the min replicated index is 4. Deletion is not allowed in this container yet.
2019-10-17 07:42:21,265 [EventQueue-ContainerReportForContainerReportHandler] WARN  container.ContainerReportHandler (AbstractContainerReportHandler.java:updateContainerState(145)) - Container #1 is in OPEN state, but the datanode 6ea7cc1b-6dd1-4a6f-b526-a2c2472221ee{ip: 192.168.164.211, host: pr-hdds-2283-cnrrq-1638407854, networkLocation: /default-rack, certSerialId: null} reports an CLOSED replica.
2019-10-17 07:42:21,343 [EventQueue-ContainerReportForContainerReportHandler] WARN  container.ContainerReportHandler (AbstractContainerReportHandler.java:updateContainerState(145)) - Container #1 is in OPEN state, but the datanode 722c44df-b170-4eeb-abb4-8ab07bb69a54{ip: 192.168.164.211, host: pr-hdds-2283-cnrrq-1638407854, networkLocation: /default-rack, certSerialId: null} reports an CLOSED replica.
2019-10-17 07:42:21,465 [EventQueue-ContainerReportForContainerReportHandler] WARN  container.ContainerReportHandler (AbstractContainerReportHandler.java:updateContainerState(145)) - Container #1 is in OPEN state, but the datanode 6ea7cc1b-6dd1-4a6f-b526-a2c2472221ee{ip: 192.168.164.211, host: pr-hdds-2283-cnrrq-1638407854, networkLocation: /default-rack, certSerialId: null} reports an CLOSED replica.
2019-10-17 07:42:21,643 [EventQueue-ContainerReportForContainerReportHandler] WARN  container.ContainerReportHandler (AbstractContainerReportHandler.java:updateContainerState(145)) - Container #1 is in OPEN state, but the datanode 722c44df-b170-4eeb-abb4-8ab07bb69a54{ip: 192.168.164.211, host: pr-hdds-2283-cnrrq-1638407854, networkLocation: /default-rack, certSerialId: null} reports an CLOSED replica.
2019-10-17 07:42:21,765 [EventQueue-ContainerReportForContainerReportHandler] WARN  container.ContainerReportHandler (AbstractContainerReportHandler.java:updateContainerState(145)) - Container #1 is in OPEN state, but the datanode 6ea7cc1b-6dd1-4a6f-b526-a2c2472221ee{ip: 192.168.164.211, host: pr-hdds-2283-cnrrq-1638407854, networkLocation: /default-rack, certSerialId: null} reports an CLOSED replica.
2019-10-17 07:42:21,844 [EventQueue-ContainerReportForContainerReportHandler] WARN  container.ContainerReportHandler (AbstractContainerReportHandler.java:updateContainerState(145)) - Container #1 is in OPEN state, but the datanode 722c44df-b170-4eeb-abb4-8ab07bb69a54{ip: 192.168.164.211, host: pr-hdds-2283-cnrrq-1638407854, networkLocation: /default-rack, certSerialId: null} reports an CLOSED replica.
2019-10-17 07:42:22,148 [EventQueue-ContainerReportForContainerReportHandler] WARN  container.ContainerReportHandler (AbstractContainerReportHandler.java:updateContainerState(145)) - Container #1 is in OPEN state, but the datanode 722c44df-b170-4eeb-abb4-8ab07bb69a54{ip: 192.168.164.211, host: pr-hdds-2283-cnrrq-1638407854, networkLocation: /default-rack, certSerialId: null} reports an CLOSED replica.
2019-10-17 07:42:22,167 [EventQueue-ContainerReportForContainerReportHandler] WARN  container.ContainerReportHandler (AbstractContainerReportHandler.java:updateContainerState(145)) - Container #1 is in OPEN state, but the datanode 6ea7cc1b-6dd1-4a6f-b526-a2c2472221ee{ip: 192.168.164.211, host: pr-hdds-2283-cnrrq-1638407854, networkLocation: /default-rack, certSerialId: null} reports an CLOSED replica.
2019-10-17 07:42:22,221 [BlockDeletingService#2] WARN  background.BlockDeletingService (BlockDeletingService.java:isDeletionAllowed(187)) - Close Container log Index 6 is not replicated across allthe servers in the pipeline 6e647d31-eff2-4ddc-80e8-f450baf5df14 as the min replicated index is 4. Deletion is not allowed in this container yet.
2019-10-17 07:42:22,221 [BlockDeletingService#2] WARN  background.BlockDeletingService (BlockDeletingService.java:isDeletionAllowed(187)) - Close Container log Index 6 is not replicated across allthe servers in the pipeline 6e647d31-eff2-4ddc-80e8-f450baf5df14 as the min replicated index is 4. Deletion is not allowed in this container yet.
2019-10-17 07:42:22,284 [java.util.concurrent.ThreadPoolExecutor$Worker@3d6cb76e[State = -1, empty queue]] WARN  server.GrpcLogAppender (GrpcLogAppender.java:timeoutAppendRequest(209)) - 722c44df-b170-4eeb-abb4-8ab07bb69a54@group-F450BAF5DF14->84d87b42-83ce-4078-8a37-3864f9520041-GrpcLogAppender: appendEntries Timeout, request=722c44df-b170-4eeb-abb4-8ab07bb69a54->84d87b42-83ce-4078-8a37-3864f9520041#33-t3, previous=(t:3, i:10), leaderCommit=10, initializing? false, entries: <empty>
2019-10-17 07:42:22,344 [EventQueue-ContainerReportForContainerReportHandler] WARN  container.ContainerReportHandler (AbstractContainerReportHandler.java:updateContainerState(145)) - Container #1 is in OPEN state, but the datanode 722c44df-b170-4eeb-abb4-8ab07bb69a54{ip: 192.168.164.211, host: pr-hdds-2283-cnrrq-1638407854, networkLocation: /default-rack, certSerialId: null} reports an CLOSED replica.
2019-10-17 07:42:22,466 [EventQueue-ContainerReportForContainerReportHandler] WARN  container.ContainerReportHandler (AbstractContainerReportHandler.java:updateContainerState(145)) - Container #1 is in OPEN state, but the datanode 6ea7cc1b-6dd1-4a6f-b526-a2c2472221ee{ip: 192.168.164.211, host: pr-hdds-2283-cnrrq-1638407854, networkLocation: /default-rack, certSerialId: null} reports an CLOSED replica.
2019-10-17 07:42:22,745 [EventQueue-ContainerReportForContainerReportHandler] WARN  container.ContainerReportHandler (AbstractContainerReportHandler.java:updateContainerState(145)) - Container #1 is in OPEN state, but the datanode 722c44df-b170-4eeb-abb4-8ab07bb69a54{ip: 192.168.164.211, host: pr-hdds-2283-cnrrq-1638407854, networkLocation: /default-rack, certSerialId: null} reports an CLOSED replica.
2019-10-17 07:42:22,766 [EventQueue-ContainerReportForContainerReportHandler] WARN  container.ContainerReportHandler (AbstractContainerReportHandler.java:updateContainerState(145)) - Container #1 is in OPEN state, but the datanode 6ea7cc1b-6dd1-4a6f-b526-a2c2472221ee{ip: 192.168.164.211, host: pr-hdds-2283-cnrrq-1638407854, networkLocation: /default-rack, certSerialId: null} reports an CLOSED replica.
2019-10-17 07:42:22,966 [EventQueue-ContainerReportForContainerReportHandler] WARN  container.ContainerReportHandler (AbstractContainerReportHandler.java:updateContainerState(145)) - Container #1 is in OPEN state, but the datanode 6ea7cc1b-6dd1-4a6f-b526-a2c2472221ee{ip: 192.168.164.211, host: pr-hdds-2283-cnrrq-1638407854, networkLocation: /default-rack, certSerialId: null} reports an CLOSED replica.
2019-10-17 07:42:23,145 [EventQueue-ContainerReportForContainerReportHandler] WARN  container.ContainerReportHandler (AbstractContainerReportHandler.java:updateContainerState(145)) - Container #1 is in OPEN state, but the datanode 722c44df-b170-4eeb-abb4-8ab07bb69a54{ip: 192.168.164.211, host: pr-hdds-2283-cnrrq-1638407854, networkLocation: /default-rack, certSerialId: null} reports an CLOSED replica.
2019-10-17 07:42:23,222 [BlockDeletingService#2] WARN  background.BlockDeletingService (BlockDeletingService.java:isDeletionAllowed(187)) - Close Container log Index 6 is not replicated across allthe servers in the pipeline 6e647d31-eff2-4ddc-80e8-f450baf5df14 as the min replicated index is 4. Deletion is not allowed in this container yet.
2019-10-17 07:42:23,222 [BlockDeletingService#2] WARN  background.BlockDeletingService (BlockDeletingService.java:isDeletionAllowed(187)) - Close Container log Index 6 is not replicated across allthe servers in the pipeline 6e647d31-eff2-4ddc-80e8-f450baf5df14 as the min replicated index is 4. Deletion is not allowed in this container yet.
2019-10-17 07:42:23,345 [EventQueue-ContainerReportForContainerReportHandler] WARN  container.ContainerReportHandler (AbstractContainerReportHandler.java:updateContainerState(145)) - Container #1 is in OPEN state, but the datanode 722c44df-b170-4eeb-abb4-8ab07bb69a54{ip: 192.168.164.211, host: pr-hdds-2283-cnrrq-1638407854, networkLocation: /default-rack, certSerialId: null} reports an CLOSED replica.
2019-10-17 07:42:23,367 [EventQueue-ContainerReportForContainerReportHandler] WARN  container.ContainerReportHandler (AbstractContainerReportHandler.java:updateContainerState(145)) - Container #1 is in OPEN state, but the datanode 6ea7cc1b-6dd1-4a6f-b526-a2c2472221ee{ip: 192.168.164.211, host: pr-hdds-2283-cnrrq-1638407854, networkLocation: /default-rack, certSerialId: null} reports an CLOSED replica.
2019-10-17 07:42:23,667 [EventQueue-ContainerReportForContainerReportHandler] WARN  container.ContainerReportHandler (AbstractContainerReportHandler.java:updateContainerState(145)) - Container #1 is in OPEN state, but the datanode 6ea7cc1b-6dd1-4a6f-b526-a2c2472221ee{ip: 192.168.164.211, host: pr-hdds-2283-cnrrq-1638407854, networkLocation: /default-rack, certSerialId: null} reports an CLOSED replica.
2019-10-17 07:42:23,745 [EventQueue-ContainerReportForContainerReportHandler] WARN  container.ContainerReportHandler (AbstractContainerReportHandler.java:updateContainerState(145)) - Container #1 is in OPEN state, but the datanode 722c44df-b170-4eeb-abb4-8ab07bb69a54{ip: 192.168.164.211, host: pr-hdds-2283-cnrrq-1638407854, networkLocation: /default-rack, certSerialId: null} reports an CLOSED replica.
2019-10-17 07:42:23,867 [EventQueue-ContainerReportForContainerReportHandler] WARN  container.ContainerReportHandler (AbstractContainerReportHandler.java:updateContainerState(145)) - Container #1 is in OPEN state, but the datanode 6ea7cc1b-6dd1-4a6f-b526-a2c2472221ee{ip: 192.168.164.211, host: pr-hdds-2283-cnrrq-1638407854, networkLocation: /default-rack, certSerialId: null} reports an CLOSED replica.
2019-10-17 07:42:24,045 [EventQueue-ContainerReportForContainerReportHandler] WARN  container.ContainerReportHandler (AbstractContainerReportHandler.java:updateContainerState(145)) - Container #1 is in OPEN state, but the datanode 722c44df-b170-4eeb-abb4-8ab07bb69a54{ip: 192.168.164.211, host: pr-hdds-2283-cnrrq-1638407854, networkLocation: /default-rack, certSerialId: null} reports an CLOSED replica.
2019-10-17 07:42:24,069 [EventQueue-ContainerReportForContainerReportHandler] WARN  container.ContainerReportHandler (AbstractContainerReportHandler.java:updateContainerState(145)) - Container #1 is in OPEN state, but the datanode 6ea7cc1b-6dd1-4a6f-b526-a2c2472221ee{ip: 192.168.164.211, host: pr-hdds-2283-cnrrq-1638407854, networkLocation: /default-rack, certSerialId: null} reports an CLOSED replica.
2019-10-17 07:42:24,224 [BlockDeletingService#2] WARN  background.BlockDeletingService (BlockDeletingService.java:isDeletionAllowed(187)) - Close Container log Index 6 is not replicated across allthe servers in the pipeline 6e647d31-eff2-4ddc-80e8-f450baf5df14 as the min replicated index is 4. Deletion is not allowed in this container yet.
2019-10-17 07:42:24,224 [BlockDeletingService#2] WARN  background.BlockDeletingService (BlockDeletingService.java:isDeletionAllowed(187)) - Close Container log Index 6 is not replicated across allthe servers in the pipeline 6e647d31-eff2-4ddc-80e8-f450baf5df14 as the min replicated index is 4. Deletion is not allowed in this container yet.
2019-10-17 07:42:24,245 [EventQueue-ContainerReportForContainerReportHandler] WARN  container.ContainerReportHandler (AbstractContainerReportHandler.java:updateContainerState(145)) - Container #1 is in OPEN state, but the datanode 722c44df-b170-4eeb-abb4-8ab07bb69a54{ip: 192.168.164.211, host: pr-hdds-2283-cnrrq-1638407854, networkLocation: /default-rack, certSerialId: null} reports an CLOSED replica.
2019-10-17 07:42:24,369 [EventQueue-ContainerReportForContainerReportHandler] WARN  container.ContainerReportHandler (AbstractContainerReportHandler.java:updateContainerState(145)) - Container #1 is in OPEN state, but the datanode 6ea7cc1b-6dd1-4a6f-b526-a2c2472221ee{ip: 192.168.164.211, host: pr-hdds-2283-cnrrq-1638407854, networkLocation: /default-rack, certSerialId: null} reports an CLOSED replica.
2019-10-17 07:42:24,445 [EventQueue-ContainerReportForContainerReportHandler] WARN  container.ContainerReportHandler (AbstractContainerReportHandler.java:updateContainerState(145)) - Container #1 is in OPEN state, but the datanode 722c44df-b170-4eeb-abb4-8ab07bb69a54{ip: 192.168.164.211, host: pr-hdds-2283-cnrrq-1638407854, networkLocation: /default-rack, certSerialId: null} reports an CLOSED replica.
2019-10-17 07:42:24,669 [EventQueue-ContainerReportForContainerReportHandler] WARN  container.ContainerReportHandler (AbstractContainerReportHandler.java:updateContainerState(145)) - Container #1 is in OPEN state, but the datanode 6ea7cc1b-6dd1-4a6f-b526-a2c2472221ee{ip: 192.168.164.211, host: pr-hdds-2283-cnrrq-1638407854, networkLocation: /default-rack, certSerialId: null} reports an CLOSED replica.
2019-10-17 07:42:24,745 [EventQueue-ContainerReportForContainerReportHandler] WARN  container.ContainerReportHandler (AbstractContainerReportHandler.java:updateContainerState(145)) - Container #1 is in OPEN state, but the datanode 722c44df-b170-4eeb-abb4-8ab07bb69a54{ip: 192.168.164.211, host: pr-hdds-2283-cnrrq-1638407854, networkLocation: /default-rack, certSerialId: null} reports an CLOSED replica.
2019-10-17 07:42:24,788 [java.util.concurrent.ThreadPoolExecutor$Worker@3d6cb76e[State = -1, empty queue]] WARN  server.GrpcLogAppender (GrpcLogAppender.java:timeoutAppendRequest(209)) - 722c44df-b170-4eeb-abb4-8ab07bb69a54@group-F450BAF5DF14->84d87b42-83ce-4078-8a37-3864f9520041-GrpcLogAppender: appendEntries Timeout, request=722c44df-b170-4eeb-abb4-8ab07bb69a54->84d87b42-83ce-4078-8a37-3864f9520041#34-t3, previous=(t:3, i:10), leaderCommit=10, initializing? false, entries: <empty>
2019-10-17 07:42:24,868 [EventQueue-ContainerReportForContainerReportHandler] WARN  container.ContainerReportHandler (AbstractContainerReportHandler.java:updateContainerState(145)) - Container #1 is in OPEN state, but the datanode 6ea7cc1b-6dd1-4a6f-b526-a2c2472221ee{ip: 192.168.164.211, host: pr-hdds-2283-cnrrq-1638407854, networkLocation: /default-rack, certSerialId: null} reports an CLOSED replica.
2019-10-17 07:42:25,045 [EventQueue-ContainerReportForContainerReportHandler] WARN  container.ContainerReportHandler (AbstractContainerReportHandler.java:updateContainerState(145)) - Container #1 is in OPEN state, but the datanode 722c44df-b170-4eeb-abb4-8ab07bb69a54{ip: 192.168.164.211, host: pr-hdds-2283-cnrrq-1638407854, networkLocation: /default-rack, certSerialId: null} reports an CLOSED replica.
2019-10-17 07:42:25,226 [BlockDeletingService#2] WARN  background.BlockDeletingService (BlockDeletingService.java:isDeletionAllowed(187)) - Close Container log Index 6 is not replicated across allthe servers in the pipeline 6e647d31-eff2-4ddc-80e8-f450baf5df14 as the min replicated index is 4. Deletion is not allowed in this container yet.
2019-10-17 07:42:25,226 [BlockDeletingService#2] WARN  background.BlockDeletingService (BlockDeletingService.java:isDeletionAllowed(187)) - Close Container log Index 6 is not replicated across allthe servers in the pipeline 6e647d31-eff2-4ddc-80e8-f450baf5df14 as the min replicated index is 4. Deletion is not allowed in this container yet.
2019-10-17 07:42:25,269 [EventQueue-ContainerReportForContainerReportHandler] WARN  container.ContainerReportHandler (AbstractContainerReportHandler.java:updateContainerState(145)) - Container #1 is in OPEN state, but the datanode 6ea7cc1b-6dd1-4a6f-b526-a2c2472221ee{ip: 192.168.164.211, host: pr-hdds-2283-cnrrq-1638407854, networkLocation: /default-rack, certSerialId: null} reports an CLOSED replica.
2019-10-17 07:42:25,345 [EventQueue-ContainerReportForContainerReportHandler] WARN  container.ContainerReportHandler (AbstractContainerReportHandler.java:updateContainerState(145)) - Container #1 is in OPEN state, but the datanode 722c44df-b170-4eeb-abb4-8ab07bb69a54{ip: 192.168.164.211, host: pr-hdds-2283-cnrrq-1638407854, networkLocation: /default-rack, certSerialId: null} reports an CLOSED replica.
2019-10-17 07:42:25,546 [EventQueue-ContainerReportForContainerReportHandler] WARN  container.ContainerReportHandler (AbstractContainerReportHandler.java:updateContainerState(145)) - Container #1 is in OPEN state, but the datanode 722c44df-b170-4eeb-abb4-8ab07bb69a54{ip: 192.168.164.211, host: pr-hdds-2283-cnrrq-1638407854, networkLocation: /default-rack, certSerialId: null} reports an CLOSED replica.
2019-10-17 07:42:25,570 [EventQueue-ContainerReportForContainerReportHandler] WARN  container.ContainerReportHandler (AbstractContainerReportHandler.java:updateContainerState(145)) - Container #1 is in OPEN state, but the datanode 6ea7cc1b-6dd1-4a6f-b526-a2c2472221ee{ip: 192.168.164.211, host: pr-hdds-2283-cnrrq-1638407854, networkLocation: /default-rack, certSerialId: null} reports an CLOSED replica.
2019-10-17 07:42:25,769 [EventQueue-ContainerReportForContainerReportHandler] WARN  container.ContainerReportHandler (AbstractContainerReportHandler.java:updateContainerState(145)) - Container #1 is in OPEN state, but the datanode 6ea7cc1b-6dd1-4a6f-b526-a2c2472221ee{ip: 192.168.164.211, host: pr-hdds-2283-cnrrq-1638407854, networkLocation: /default-rack, certSerialId: null} reports an CLOSED replica.
2019-10-17 07:42:25,946 [EventQueue-ContainerReportForContainerReportHandler] WARN  container.ContainerReportHandler (AbstractContainerReportHandler.java:updateContainerState(145)) - Container #1 is in OPEN state, but the datanode 722c44df-b170-4eeb-abb4-8ab07bb69a54{ip: 192.168.164.211, host: pr-hdds-2283-cnrrq-1638407854, networkLocation: /default-rack, certSerialId: null} reports an CLOSED replica.
2019-10-17 07:42:26,070 [EventQueue-ContainerReportForContainerReportHandler] WARN  container.ContainerReportHandler (AbstractContainerReportHandler.java:updateContainerState(145)) - Container #1 is in OPEN state, but the datanode 6ea7cc1b-6dd1-4a6f-b526-a2c2472221ee{ip: 192.168.164.211, host: pr-hdds-2283-cnrrq-1638407854, networkLocation: /default-rack, certSerialId: null} reports an CLOSED replica.
2019-10-17 07:42:26,146 [EventQueue-ContainerReportForContainerReportHandler] WARN  container.ContainerReportHandler (AbstractContainerReportHandler.java:updateContainerState(145)) - Container #1 is in OPEN state, but the datanode 722c44df-b170-4eeb-abb4-8ab07bb69a54{ip: 192.168.164.211, host: pr-hdds-2283-cnrrq-1638407854, networkLocation: /default-rack, certSerialId: null} reports an CLOSED replica.
2019-10-17 07:42:26,227 [BlockDeletingService#3] WARN  background.BlockDeletingService (BlockDeletingService.java:isDeletionAllowed(187)) - Close Container log Index 6 is not replicated across allthe servers in the pipeline 6e647d31-eff2-4ddc-80e8-f450baf5df14 as the min replicated index is 4. Deletion is not allowed in this container yet.
2019-10-17 07:42:26,227 [BlockDeletingService#2] WARN  background.BlockDeletingService (BlockDeletingService.java:isDeletionAllowed(187)) - Close Container log Index 6 is not replicated across allthe servers in the pipeline 6e647d31-eff2-4ddc-80e8-f450baf5df14 as the min replicated index is 4. Deletion is not allowed in this container yet.
2019-10-17 07:42:26,269 [EventQueue-ContainerReportForContainerReportHandler] WARN  container.ContainerReportHandler (AbstractContainerReportHandler.java:updateContainerState(145)) - Container #1 is in OPEN state, but the datanode 6ea7cc1b-6dd1-4a6f-b526-a2c2472221ee{ip: 192.168.164.211, host: pr-hdds-2283-cnrrq-1638407854, networkLocation: /default-rack, certSerialId: null} reports an CLOSED replica.
2019-10-17 07:42:26,445 [EventQueue-ContainerReportForContainerReportHandler] WARN  container.ContainerReportHandler (AbstractContainerReportHandler.java:updateContainerState(145)) - Container #1 is in OPEN state, but the datanode 722c44df-b170-4eeb-abb4-8ab07bb69a54{ip: 192.168.164.211, host: pr-hdds-2283-cnrrq-1638407854, networkLocation: /default-rack, certSerialId: null} reports an CLOSED replica.
2019-10-17 07:42:26,469 [EventQueue-ContainerReportForContainerReportHandler] WARN  container.ContainerReportHandler (AbstractContainerReportHandler.java:updateContainerState(145)) - Container #1 is in OPEN state, but the datanode 6ea7cc1b-6dd1-4a6f-b526-a2c2472221ee{ip: 192.168.164.211, host: pr-hdds-2283-cnrrq-1638407854, networkLocation: /default-rack, certSerialId: null} reports an CLOSED replica.
2019-10-17 07:42:26,682 [Thread-424] INFO  client.GrpcClientProtocolService (GrpcClientProtocolService.java:lambda$processClientRequest$0(278)) - Failed RaftClientRequest:client-352DFC73CCDB->722c44df-b170-4eeb-abb4-8ab07bb69a54@group-F450BAF5DF14, cid=10, seq=0, Watch-ALL_COMMITTED(6), Message:<EMPTY>, reply=RaftClientReply:client-352DFC73CCDB->722c44df-b170-4eeb-abb4-8ab07bb69a54@group-F450BAF5DF14, cid=10, FAILED org.apache.ratis.protocol.NotReplicatedException: Request with call Id 10 and log index 6 is not yet replicated to ALL_COMMITTED, logIndex=6, commits[722c44df-b170-4eeb-abb4-8ab07bb69a54:c10, 6ea7cc1b-6dd1-4a6f-b526-a2c2472221ee:c10, 84d87b42-83ce-4078-8a37-3864f9520041:c4]
2019-10-17 07:42:26,746 [EventQueue-ContainerReportForContainerReportHandler] WARN  container.ContainerReportHandler (AbstractContainerReportHandler.java:updateContainerState(145)) - Container #1 is in OPEN state, but the datanode 722c44df-b170-4eeb-abb4-8ab07bb69a54{ip: 192.168.164.211, host: pr-hdds-2283-cnrrq-1638407854, networkLocation: /default-rack, certSerialId: null} reports an CLOSED replica.
2019-10-17 07:42:26,769 [EventQueue-ContainerReportForContainerReportHandler] WARN  container.ContainerReportHandler (AbstractContainerReportHandler.java:updateContainerState(145)) - Container #1 is in OPEN state, but the datanode 6ea7cc1b-6dd1-4a6f-b526-a2c2472221ee{ip: 192.168.164.211, host: pr-hdds-2283-cnrrq-1638407854, networkLocation: /default-rack, certSerialId: null} reports an CLOSED replica.
2019-10-17 07:42:27,046 [EventQueue-ContainerReportForContainerReportHandler] WARN  container.ContainerReportHandler (AbstractContainerReportHandler.java:updateContainerState(145)) - Container #1 is in OPEN state, but the datanode 722c44df-b170-4eeb-abb4-8ab07bb69a54{ip: 192.168.164.211, host: pr-hdds-2283-cnrrq-1638407854, networkLocation: /default-rack, certSerialId: null} reports an CLOSED replica.
2019-10-17 07:42:27,070 [EventQueue-ContainerReportForContainerReportHandler] WARN  container.ContainerReportHandler (AbstractContainerReportHandler.java:updateContainerState(145)) - Container #1 is in OPEN state, but the datanode 6ea7cc1b-6dd1-4a6f-b526-a2c2472221ee{ip: 192.168.164.211, host: pr-hdds-2283-cnrrq-1638407854, networkLocation: /default-rack, certSerialId: null} reports an CLOSED replica.
2019-10-17 07:42:27,229 [BlockDeletingService#2] WARN  background.BlockDeletingService (BlockDeletingService.java:isDeletionAllowed(187)) - Close Container log Index 6 is not replicated across allthe servers in the pipeline 6e647d31-eff2-4ddc-80e8-f450baf5df14 as the min replicated index is 4. Deletion is not allowed in this container yet.
2019-10-17 07:42:27,229 [BlockDeletingService#3] WARN  background.BlockDeletingService (BlockDeletingService.java:isDeletionAllowed(187)) - Close Container log Index 6 is not replicated across allthe servers in the pipeline 6e647d31-eff2-4ddc-80e8-f450baf5df14 as the min replicated index is 4. Deletion is not allowed in this container yet.
2019-10-17 07:42:27,288 [java.util.concurrent.ThreadPoolExecutor$Worker@3d6cb76e[State = -1, empty queue]] WARN  server.GrpcLogAppender (GrpcLogAppender.java:timeoutAppendRequest(209)) - 722c44df-b170-4eeb-abb4-8ab07bb69a54@group-F450BAF5DF14->84d87b42-83ce-4078-8a37-3864f9520041-GrpcLogAppender: appendEntries Timeout, request=722c44df-b170-4eeb-abb4-8ab07bb69a54->84d87b42-83ce-4078-8a37-3864f9520041#35-t3, previous=(t:3, i:10), leaderCommit=10, initializing? false, entries: <empty>
2019-10-17 07:42:27,370 [EventQueue-ContainerReportForContainerReportHandler] WARN  container.ContainerReportHandler (AbstractContainerReportHandler.java:updateContainerState(145)) - Container #1 is in OPEN state, but the datanode 6ea7cc1b-6dd1-4a6f-b526-a2c2472221ee{ip: 192.168.164.211, host: pr-hdds-2283-cnrrq-1638407854, networkLocation: /default-rack, certSerialId: null} reports an CLOSED replica.
2019-10-17 07:42:27,446 [EventQueue-ContainerReportForContainerReportHandler] WARN  container.ContainerReportHandler (AbstractContainerReportHandler.java:updateContainerState(145)) - Container #1 is in OPEN state, but the datanode 722c44df-b170-4eeb-abb4-8ab07bb69a54{ip: 192.168.164.211, host: pr-hdds-2283-cnrrq-1638407854, networkLocation: /default-rack, certSerialId: null} reports an CLOSED replica.
2019-10-17 07:42:27,670 [EventQueue-ContainerReportForContainerReportHandler] WARN  container.ContainerReportHandler (AbstractContainerReportHandler.java:updateContainerState(145)) - Container #1 is in OPEN state, but the datanode 6ea7cc1b-6dd1-4a6f-b526-a2c2472221ee{ip: 192.168.164.211, host: pr-hdds-2283-cnrrq-1638407854, networkLocation: /default-rack, certSerialId: null} reports an CLOSED replica.
2019-10-17 07:42:27,746 [EventQueue-ContainerReportForContainerReportHandler] WARN  container.ContainerReportHandler (AbstractContainerReportHandler.java:updateContainerState(145)) - Container #1 is in OPEN state, but the datanode 722c44df-b170-4eeb-abb4-8ab07bb69a54{ip: 192.168.164.211, host: pr-hdds-2283-cnrrq-1638407854, networkLocation: /default-rack, certSerialId: null} reports an CLOSED replica.
2019-10-17 07:42:27,946 [EventQueue-ContainerReportForContainerReportHandler] WARN  container.ContainerReportHandler (AbstractContainerReportHandler.java:updateContainerState(145)) - Container #1 is in OPEN state, but the datanode 722c44df-b170-4eeb-abb4-8ab07bb69a54{ip: 192.168.164.211, host: pr-hdds-2283-cnrrq-1638407854, networkLocation: /default-rack, certSerialId: null} reports an CLOSED replica.
2019-10-17 07:42:28,071 [EventQueue-ContainerReportForContainerReportHandler] WARN  container.ContainerReportHandler (AbstractContainerReportHandler.java:updateContainerState(145)) - Container #1 is in OPEN state, but the datanode 6ea7cc1b-6dd1-4a6f-b526-a2c2472221ee{ip: 192.168.164.211, host: pr-hdds-2283-cnrrq-1638407854, networkLocation: /default-rack, certSerialId: null} reports an CLOSED replica.
2019-10-17 07:42:28,231 [BlockDeletingService#2] WARN  background.BlockDeletingService (BlockDeletingService.java:isDeletionAllowed(187)) - Close Container log Index 6 is not replicated across allthe servers in the pipeline 6e647d31-eff2-4ddc-80e8-f450baf5df14 as the min replicated index is 4. Deletion is not allowed in this container yet.
2019-10-17 07:42:28,231 [BlockDeletingService#3] WARN  background.BlockDeletingService (BlockDeletingService.java:isDeletionAllowed(187)) - Close Container log Index 6 is not replicated across allthe servers in the pipeline 6e647d31-eff2-4ddc-80e8-f450baf5df14 as the min replicated index is 4. Deletion is not allowed in this container yet.
2019-10-17 07:42:28,347 [EventQueue-ContainerReportForContainerReportHandler] WARN  container.ContainerReportHandler (AbstractContainerReportHandler.java:updateContainerState(145)) - Container #1 is in OPEN state, but the datanode 722c44df-b170-4eeb-abb4-8ab07bb69a54{ip: 192.168.164.211, host: pr-hdds-2283-cnrrq-1638407854, networkLocation: /default-rack, certSerialId: null} reports an CLOSED replica.
2019-10-17 07:42:28,370 [EventQueue-ContainerReportForContainerReportHandler] WARN  container.ContainerReportHandler (AbstractContainerReportHandler.java:updateContainerState(145)) - Container #1 is in OPEN state, but the datanode 6ea7cc1b-6dd1-4a6f-b526-a2c2472221ee{ip: 192.168.164.211, host: pr-hdds-2283-cnrrq-1638407854, networkLocation: /default-rack, certSerialId: null} reports an CLOSED replica.
2019-10-17 07:42:28,647 [EventQueue-ContainerReportForContainerReportHandler] WARN  container.ContainerReportHandler (AbstractContainerReportHandler.java:updateContainerState(145)) - Container #1 is in OPEN state, but the datanode 722c44df-b170-4eeb-abb4-8ab07bb69a54{ip: 192.168.164.211, host: pr-hdds-2283-cnrrq-1638407854, networkLocation: /default-rack, certSerialId: null} reports an CLOSED replica.
2019-10-17 07:42:28,671 [EventQueue-ContainerReportForContainerReportHandler] WARN  container.ContainerReportHandler (AbstractContainerReportHandler.java:updateContainerState(145)) - Container #1 is in OPEN state, but the datanode 6ea7cc1b-6dd1-4a6f-b526-a2c2472221ee{ip: 192.168.164.211, host: pr-hdds-2283-cnrrq-1638407854, networkLocation: /default-rack, certSerialId: null} reports an CLOSED replica.
2019-10-17 07:42:28,846 [EventQueue-ContainerReportForContainerReportHandler] WARN  container.ContainerReportHandler (AbstractContainerReportHandler.java:updateContainerState(145)) - Container #1 is in OPEN state, but the datanode 722c44df-b170-4eeb-abb4-8ab07bb69a54{ip: 192.168.164.211, host: pr-hdds-2283-cnrrq-1638407854, networkLocation: /default-rack, certSerialId: null} reports an CLOSED replica.
2019-10-17 07:42:28,872 [EventQueue-ContainerReportForContainerReportHandler] WARN  container.ContainerReportHandler (AbstractContainerReportHandler.java:updateContainerState(145)) - Container #1 is in OPEN state, but the datanode 6ea7cc1b-6dd1-4a6f-b526-a2c2472221ee{ip: 192.168.164.211, host: pr-hdds-2283-cnrrq-1638407854, networkLocation: /default-rack, certSerialId: null} reports an CLOSED replica.
2019-10-17 07:42:29,147 [EventQueue-ContainerReportForContainerReportHandler] WARN  container.ContainerReportHandler (AbstractContainerReportHandler.java:updateContainerState(145)) - Container #1 is in OPEN state, but the datanode 722c44df-b170-4eeb-abb4-8ab07bb69a54{ip: 192.168.164.211, host: pr-hdds-2283-cnrrq-1638407854, networkLocation: /default-rack, certSerialId: null} reports an CLOSED replica.
2019-10-17 07:42:29,171 [EventQueue-ContainerReportForContainerReportHandler] WARN  container.ContainerReportHandler (AbstractContainerReportHandler.java:updateContainerState(145)) - Container #1 is in OPEN state, but the datanode 6ea7cc1b-6dd1-4a6f-b526-a2c2472221ee{ip: 192.168.164.211, host: pr-hdds-2283-cnrrq-1638407854, networkLocation: /default-rack, certSerialId: null} reports an CLOSED replica.
2019-10-17 07:42:29,233 [BlockDeletingService#2] WARN  background.BlockDeletingService (BlockDeletingService.java:isDeletionAllowed(187)) - Close Container log Index 6 is not replicated across allthe servers in the pipeline 6e647d31-eff2-4ddc-80e8-f450baf5df14 as the min replicated index is 4. Deletion is not allowed in this container yet.
2019-10-17 07:42:29,233 [BlockDeletingService#3] WARN  background.BlockDeletingService (BlockDeletingService.java:isDeletionAllowed(187)) - Close Container log Index 6 is not replicated across allthe servers in the pipeline 6e647d31-eff2-4ddc-80e8-f450baf5df14 as the min replicated index is 4. Deletion is not allowed in this container yet.
2019-10-17 07:42:29,447 [EventQueue-ContainerReportForContainerReportHandler] WARN  container.ContainerReportHandler (AbstractContainerReportHandler.java:updateContainerState(145)) - Container #1 is in OPEN state, but the datanode 722c44df-b170-4eeb-abb4-8ab07bb69a54{ip: 192.168.164.211, host: pr-hdds-2283-cnrrq-1638407854, networkLocation: /default-rack, certSerialId: null} reports an CLOSED replica.
2019-10-17 07:42:29,472 [EventQueue-ContainerReportForContainerReportHandler] WARN  container.ContainerReportHandler (AbstractContainerReportHandler.java:updateContainerState(145)) - Container #1 is in OPEN state, but the datanode 6ea7cc1b-6dd1-4a6f-b526-a2c2472221ee{ip: 192.168.164.211, host: pr-hdds-2283-cnrrq-1638407854, networkLocation: /default-rack, certSerialId: null} reports an CLOSED replica.
2019-10-17 07:42:29,789 [java.util.concurrent.ThreadPoolExecutor$Worker@3d6cb76e[State = -1, empty queue]] WARN  server.GrpcLogAppender (GrpcLogAppender.java:timeoutAppendRequest(209)) - 722c44df-b170-4eeb-abb4-8ab07bb69a54@group-F450BAF5DF14->84d87b42-83ce-4078-8a37-3864f9520041-GrpcLogAppender: appendEntries Timeout, request=722c44df-b170-4eeb-abb4-8ab07bb69a54->84d87b42-83ce-4078-8a37-3864f9520041#36-t3, previous=(t:3, i:10), leaderCommit=10, initializing? false, entries: <empty>
2019-10-17 07:42:29,847 [EventQueue-ContainerReportForContainerReportHandler] WARN  container.ContainerReportHandler (AbstractContainerReportHandler.java:updateContainerState(145)) - Container #1 is in OPEN state, but the datanode 722c44df-b170-4eeb-abb4-8ab07bb69a54{ip: 192.168.164.211, host: pr-hdds-2283-cnrrq-1638407854, networkLocation: /default-rack, certSerialId: null} reports an CLOSED replica.
2019-10-17 07:42:29,872 [EventQueue-ContainerReportForContainerReportHandler] WARN  container.ContainerReportHandler (AbstractContainerReportHandler.java:updateContainerState(145)) - Container #1 is in OPEN state, but the datanode 6ea7cc1b-6dd1-4a6f-b526-a2c2472221ee{ip: 192.168.164.211, host: pr-hdds-2283-cnrrq-1638407854, networkLocation: /default-rack, certSerialId: null} reports an CLOSED replica.
2019-10-17 07:42:30,172 [EventQueue-ContainerReportForContainerReportHandler] WARN  container.ContainerReportHandler (AbstractContainerReportHandler.java:updateContainerState(145)) - Container #1 is in OPEN state, but the datanode 6ea7cc1b-6dd1-4a6f-b526-a2c2472221ee{ip: 192.168.164.211, host: pr-hdds-2283-cnrrq-1638407854, networkLocation: /default-rack, certSerialId: null} reports an CLOSED replica.
2019-10-17 07:42:30,234 [BlockDeletingService#2] WARN  background.BlockDeletingService (BlockDeletingService.java:isDeletionAllowed(187)) - Close Container log Index 6 is not replicated across allthe servers in the pipeline 6e647d31-eff2-4ddc-80e8-f450baf5df14 as the min replicated index is 4. Deletion is not allowed in this container yet.
2019-10-17 07:42:30,234 [BlockDeletingService#3] WARN  background.BlockDeletingService (BlockDeletingService.java:isDeletionAllowed(187)) - Close Container log Index 6 is not replicated across allthe servers in the pipeline 6e647d31-eff2-4ddc-80e8-f450baf5df14 as the min replicated index is 4. Deletion is not allowed in this container yet.
2019-10-17 07:42:30,248 [EventQueue-ContainerReportForContainerReportHandler] WARN  container.ContainerReportHandler (AbstractContainerReportHandler.java:updateContainerState(145)) - Container #1 is in OPEN state, but the datanode 722c44df-b170-4eeb-abb4-8ab07bb69a54{ip: 192.168.164.211, host: pr-hdds-2283-cnrrq-1638407854, networkLocation: /default-rack, certSerialId: null} reports an CLOSED replica.
2019-10-17 07:42:30,472 [EventQueue-ContainerReportForContainerReportHandler] WARN  container.ContainerReportHandler (AbstractContainerReportHandler.java:updateContainerState(145)) - Container #1 is in OPEN state, but the datanode 6ea7cc1b-6dd1-4a6f-b526-a2c2472221ee{ip: 192.168.164.211, host: pr-hdds-2283-cnrrq-1638407854, networkLocation: /default-rack, certSerialId: null} reports an CLOSED replica.
2019-10-17 07:42:30,548 [EventQueue-ContainerReportForContainerReportHandler] WARN  container.ContainerReportHandler (AbstractContainerReportHandler.java:updateContainerState(145)) - Container #1 is in OPEN state, but the datanode 722c44df-b170-4eeb-abb4-8ab07bb69a54{ip: 192.168.164.211, host: pr-hdds-2283-cnrrq-1638407854, networkLocation: /default-rack, certSerialId: null} reports an CLOSED replica.
2019-10-17 07:42:30,673 [EventQueue-ContainerReportForContainerReportHandler] WARN  container.ContainerReportHandler (AbstractContainerReportHandler.java:updateContainerState(145)) - Container #1 is in OPEN state, but the datanode 6ea7cc1b-6dd1-4a6f-b526-a2c2472221ee{ip: 192.168.164.211, host: pr-hdds-2283-cnrrq-1638407854, networkLocation: /default-rack, certSerialId: null} reports an CLOSED replica.
2019-10-17 07:42:30,748 [EventQueue-ContainerReportForContainerReportHandler] WARN  container.ContainerReportHandler (AbstractContainerReportHandler.java:updateContainerState(145)) - Container #1 is in OPEN state, but the datanode 722c44df-b170-4eeb-abb4-8ab07bb69a54{ip: 192.168.164.211, host: pr-hdds-2283-cnrrq-1638407854, networkLocation: /default-rack, certSerialId: null} reports an CLOSED replica.
2019-10-17 07:42:30,974 [EventQueue-ContainerReportForContainerReportHandler] WARN  container.ContainerReportHandler (AbstractContainerReportHandler.java:updateContainerState(145)) - Container #1 is in OPEN state, but the datanode 6ea7cc1b-6dd1-4a6f-b526-a2c2472221ee{ip: 192.168.164.211, host: pr-hdds-2283-cnrrq-1638407854, networkLocation: /default-rack, certSerialId: null} reports an CLOSED replica.
2019-10-17 07:42:31,147 [EventQueue-ContainerReportForContainerReportHandler] WARN  container.ContainerReportHandler (AbstractContainerReportHandler.java:updateContainerState(145)) - Container #1 is in OPEN state, but the datanode 722c44df-b170-4eeb-abb4-8ab07bb69a54{ip: 192.168.164.211, host: pr-hdds-2283-cnrrq-1638407854, networkLocation: /default-rack, certSerialId: null} reports an CLOSED replica.
2019-10-17 07:42:31,175 [EventQueue-ContainerReportForContainerReportHandler] WARN  container.ContainerReportHandler (AbstractContainerReportHandler.java:updateContainerState(145)) - Container #1 is in OPEN state, but the datanode 6ea7cc1b-6dd1-4a6f-b526-a2c2472221ee{ip: 192.168.164.211, host: pr-hdds-2283-cnrrq-1638407854, networkLocation: /default-rack, certSerialId: null} reports an CLOSED replica.
2019-10-17 07:42:31,235 [BlockDeletingService#2] WARN  background.BlockDeletingService (BlockDeletingService.java:isDeletionAllowed(187)) - Close Container log Index 6 is not replicated across allthe servers in the pipeline 6e647d31-eff2-4ddc-80e8-f450baf5df14 as the min replicated index is 4. Deletion is not allowed in this container yet.
2019-10-17 07:42:31,235 [BlockDeletingService#3] WARN  background.BlockDeletingService (BlockDeletingService.java:isDeletionAllowed(187)) - Close Container log Index 6 is not replicated across allthe servers in the pipeline 6e647d31-eff2-4ddc-80e8-f450baf5df14 as the min replicated index is 4. Deletion is not allowed in this container yet.
2019-10-17 07:42:31,448 [EventQueue-ContainerReportForContainerReportHandler] WARN  container.ContainerReportHandler (AbstractContainerReportHandler.java:updateContainerState(145)) - Container #1 is in OPEN state, but the datanode 722c44df-b170-4eeb-abb4-8ab07bb69a54{ip: 192.168.164.211, host: pr-hdds-2283-cnrrq-1638407854, networkLocation: /default-rack, certSerialId: null} reports an CLOSED replica.
2019-10-17 07:42:31,476 [EventQueue-ContainerReportForContainerReportHandler] WARN  container.ContainerReportHandler (AbstractContainerReportHandler.java:updateContainerState(145)) - Container #1 is in OPEN state, but the datanode 6ea7cc1b-6dd1-4a6f-b526-a2c2472221ee{ip: 192.168.164.211, host: pr-hdds-2283-cnrrq-1638407854, networkLocation: /default-rack, certSerialId: null} reports an CLOSED replica.
2019-10-17 07:42:31,647 [EventQueue-ContainerReportForContainerReportHandler] WARN  container.ContainerReportHandler (AbstractContainerReportHandler.java:updateContainerState(145)) - Container #1 is in OPEN state, but the datanode 722c44df-b170-4eeb-abb4-8ab07bb69a54{ip: 192.168.164.211, host: pr-hdds-2283-cnrrq-1638407854, networkLocation: /default-rack, certSerialId: null} reports an CLOSED replica.
2019-10-17 07:42:31,675 [EventQueue-ContainerReportForContainerReportHandler] WARN  container.ContainerReportHandler (AbstractContainerReportHandler.java:updateContainerState(145)) - Container #1 is in OPEN state, but the datanode 6ea7cc1b-6dd1-4a6f-b526-a2c2472221ee{ip: 192.168.164.211, host: pr-hdds-2283-cnrrq-1638407854, networkLocation: /default-rack, certSerialId: null} reports an CLOSED replica.
2019-10-17 07:42:31,948 [EventQueue-ContainerReportForContainerReportHandler] WARN  container.ContainerReportHandler (AbstractContainerReportHandler.java:updateContainerState(145)) - Container #1 is in OPEN state, but the datanode 722c44df-b170-4eeb-abb4-8ab07bb69a54{ip: 192.168.164.211, host: pr-hdds-2283-cnrrq-1638407854, networkLocation: /default-rack, certSerialId: null} reports an CLOSED replica.
2019-10-17 07:42:31,975 [EventQueue-ContainerReportForContainerReportHandler] WARN  container.ContainerReportHandler (AbstractContainerReportHandler.java:updateContainerState(145)) - Container #1 is in OPEN state, but the datanode 6ea7cc1b-6dd1-4a6f-b526-a2c2472221ee{ip: 192.168.164.211, host: pr-hdds-2283-cnrrq-1638407854, networkLocation: /default-rack, certSerialId: null} reports an CLOSED replica.
2019-10-17 07:42:32,237 [BlockDeletingService#3] WARN  background.BlockDeletingService (BlockDeletingService.java:isDeletionAllowed(187)) - Close Container log Index 6 is not replicated across allthe servers in the pipeline 6e647d31-eff2-4ddc-80e8-f450baf5df14 as the min replicated index is 4. Deletion is not allowed in this container yet.
2019-10-17 07:42:32,237 [BlockDeletingService#2] WARN  background.BlockDeletingService (BlockDeletingService.java:isDeletionAllowed(187)) - Close Container log Index 6 is not replicated across allthe servers in the pipeline 6e647d31-eff2-4ddc-80e8-f450baf5df14 as the min replicated index is 4. Deletion is not allowed in this container yet.
2019-10-17 07:42:32,248 [EventQueue-ContainerReportForContainerReportHandler] WARN  container.ContainerReportHandler (AbstractContainerReportHandler.java:updateContainerState(145)) - Container #1 is in OPEN state, but the datanode 722c44df-b170-4eeb-abb4-8ab07bb69a54{ip: 192.168.164.211, host: pr-hdds-2283-cnrrq-1638407854, networkLocation: /default-rack, certSerialId: null} reports an CLOSED replica.
2019-10-17 07:42:32,277 [EventQueue-ContainerReportForContainerReportHandler] WARN  container.ContainerReportHandler (AbstractContainerReportHandler.java:updateContainerState(145)) - Container #1 is in OPEN state, but the datanode 6ea7cc1b-6dd1-4a6f-b526-a2c2472221ee{ip: 192.168.164.211, host: pr-hdds-2283-cnrrq-1638407854, networkLocation: /default-rack, certSerialId: null} reports an CLOSED replica.
2019-10-17 07:42:32,289 [java.util.concurrent.ThreadPoolExecutor$Worker@3d6cb76e[State = -1, empty queue]] WARN  server.GrpcLogAppender (GrpcLogAppender.java:timeoutAppendRequest(209)) - 722c44df-b170-4eeb-abb4-8ab07bb69a54@group-F450BAF5DF14->84d87b42-83ce-4078-8a37-3864f9520041-GrpcLogAppender: appendEntries Timeout, request=722c44df-b170-4eeb-abb4-8ab07bb69a54->84d87b42-83ce-4078-8a37-3864f9520041#37-t3, previous=(t:3, i:10), leaderCommit=10, initializing? false, entries: <empty>
2019-10-17 07:42:32,448 [EventQueue-ContainerReportForContainerReportHandler] WARN  container.ContainerReportHandler (AbstractContainerReportHandler.java:updateContainerState(145)) - Container #1 is in OPEN state, but the datanode 722c44df-b170-4eeb-abb4-8ab07bb69a54{ip: 192.168.164.211, host: pr-hdds-2283-cnrrq-1638407854, networkLocation: /default-rack, certSerialId: null} reports an CLOSED replica.
2019-10-17 07:42:32,477 [EventQueue-ContainerReportForContainerReportHandler] WARN  container.ContainerReportHandler (AbstractContainerReportHandler.java:updateContainerState(145)) - Container #1 is in OPEN state, but the datanode 6ea7cc1b-6dd1-4a6f-b526-a2c2472221ee{ip: 192.168.164.211, host: pr-hdds-2283-cnrrq-1638407854, networkLocation: /default-rack, certSerialId: null} reports an CLOSED replica.
2019-10-17 07:42:32,778 [EventQueue-ContainerReportForContainerReportHandler] WARN  container.ContainerReportHandler (AbstractContainerReportHandler.java:updateContainerState(145)) - Container #1 is in OPEN state, but the datanode 6ea7cc1b-6dd1-4a6f-b526-a2c2472221ee{ip: 192.168.164.211, host: pr-hdds-2283-cnrrq-1638407854, networkLocation: /default-rack, certSerialId: null} reports an CLOSED replica.
2019-10-17 07:42:32,848 [EventQueue-ContainerReportForContainerReportHandler] WARN  container.ContainerReportHandler (AbstractContainerReportHandler.java:updateContainerState(145)) - Container #1 is in OPEN state, but the datanode 722c44df-b170-4eeb-abb4-8ab07bb69a54{ip: 192.168.164.211, host: pr-hdds-2283-cnrrq-1638407854, networkLocation: /default-rack, certSerialId: null} reports an CLOSED replica.
2019-10-17 07:42:32,978 [EventQueue-ContainerReportForContainerReportHandler] WARN  container.ContainerReportHandler (AbstractContainerReportHandler.java:updateContainerState(145)) - Container #1 is in OPEN state, but the datanode 6ea7cc1b-6dd1-4a6f-b526-a2c2472221ee{ip: 192.168.164.211, host: pr-hdds-2283-cnrrq-1638407854, networkLocation: /default-rack, certSerialId: null} reports an CLOSED replica.
2019-10-17 07:42:33,239 [BlockDeletingService#3] WARN  background.BlockDeletingService (BlockDeletingService.java:isDeletionAllowed(187)) - Close Container log Index 6 is not replicated across allthe servers in the pipeline 6e647d31-eff2-4ddc-80e8-f450baf5df14 as the min replicated index is 4. Deletion is not allowed in this container yet.
2019-10-17 07:42:33,239 [BlockDeletingService#2] WARN  background.BlockDeletingService (BlockDeletingService.java:isDeletionAllowed(187)) - Close Container log Index 6 is not replicated across allthe servers in the pipeline 6e647d31-eff2-4ddc-80e8-f450baf5df14 as the min replicated index is 4. Deletion is not allowed in this container yet.
2019-10-17 07:42:33,249 [EventQueue-ContainerReportForContainerReportHandler] WARN  container.ContainerReportHandler (AbstractContainerReportHandler.java:updateContainerState(145)) - Container #1 is in OPEN state, but the datanode 722c44df-b170-4eeb-abb4-8ab07bb69a54{ip: 192.168.164.211, host: pr-hdds-2283-cnrrq-1638407854, networkLocation: /default-rack, certSerialId: null} reports an CLOSED replica.
2019-10-17 07:42:33,378 [EventQueue-ContainerReportForContainerReportHandler] WARN  container.ContainerReportHandler (AbstractContainerReportHandler.java:updateContainerState(145)) - Container #1 is in OPEN state, but the datanode 6ea7cc1b-6dd1-4a6f-b526-a2c2472221ee{ip: 192.168.164.211, host: pr-hdds-2283-cnrrq-1638407854, networkLocation: /default-rack, certSerialId: null} reports an CLOSED replica.
2019-10-17 07:42:33,449 [EventQueue-ContainerReportForContainerReportHandler] WARN  container.ContainerReportHandler (AbstractContainerReportHandler.java:updateContainerState(145)) - Container #1 is in OPEN state, but the datanode 722c44df-b170-4eeb-abb4-8ab07bb69a54{ip: 192.168.164.211, host: pr-hdds-2283-cnrrq-1638407854, networkLocation: /default-rack, certSerialId: null} reports an CLOSED replica.
2019-10-17 07:42:33,678 [EventQueue-ContainerReportForContainerReportHandler] WARN  container.ContainerReportHandler (AbstractContainerReportHandler.java:updateContainerState(145)) - Container #1 is in OPEN state, but the datanode 6ea7cc1b-6dd1-4a6f-b526-a2c2472221ee{ip: 192.168.164.211, host: pr-hdds-2283-cnrrq-1638407854, networkLocation: /default-rack, certSerialId: null} reports an CLOSED replica.
2019-10-17 07:42:33,749 [EventQueue-ContainerReportForContainerReportHandler] WARN  container.ContainerReportHandler (AbstractContainerReportHandler.java:updateContainerState(145)) - Container #1 is in OPEN state, but the datanode 722c44df-b170-4eeb-abb4-8ab07bb69a54{ip: 192.168.164.211, host: pr-hdds-2283-cnrrq-1638407854, networkLocation: /default-rack, certSerialId: null} reports an CLOSED replica.
2019-10-17 07:42:33,978 [EventQueue-ContainerReportForContainerReportHandler] WARN  container.ContainerReportHandler (AbstractContainerReportHandler.java:updateContainerState(145)) - Container #1 is in OPEN state, but the datanode 6ea7cc1b-6dd1-4a6f-b526-a2c2472221ee{ip: 192.168.164.211, host: pr-hdds-2283-cnrrq-1638407854, networkLocation: /default-rack, certSerialId: null} reports an CLOSED replica.
2019-10-17 07:42:34,050 [EventQueue-ContainerReportForContainerReportHandler] WARN  container.ContainerReportHandler (AbstractContainerReportHandler.java:updateContainerState(145)) - Container #1 is in OPEN state, but the datanode 722c44df-b170-4eeb-abb4-8ab07bb69a54{ip: 192.168.164.211, host: pr-hdds-2283-cnrrq-1638407854, networkLocation: /default-rack, certSerialId: null} reports an CLOSED replica.
2019-10-17 07:42:34,240 [BlockDeletingService#3] WARN  background.BlockDeletingService (BlockDeletingService.java:isDeletionAllowed(187)) - Close Container log Index 6 is not replicated across allthe servers in the pipeline 6e647d31-eff2-4ddc-80e8-f450baf5df14 as the min replicated index is 4. Deletion is not allowed in this container yet.
2019-10-17 07:42:34,240 [BlockDeletingService#2] WARN  background.BlockDeletingService (BlockDeletingService.java:isDeletionAllowed(187)) - Close Container log Index 6 is not replicated across allthe servers in the pipeline 6e647d31-eff2-4ddc-80e8-f450baf5df14 as the min replicated index is 4. Deletion is not allowed in this container yet.
2019-10-17 07:42:34,250 [EventQueue-ContainerReportForContainerReportHandler] WARN  container.ContainerReportHandler (AbstractContainerReportHandler.java:updateContainerState(145)) - Container #1 is in OPEN state, but the datanode 722c44df-b170-4eeb-abb4-8ab07bb69a54{ip: 192.168.164.211, host: pr-hdds-2283-cnrrq-1638407854, networkLocation: /default-rack, certSerialId: null} reports an CLOSED replica.
2019-10-17 07:42:34,278 [EventQueue-ContainerReportForContainerReportHandler] WARN  container.ContainerReportHandler (AbstractContainerReportHandler.java:updateContainerState(145)) - Container #1 is in OPEN state, but the datanode 6ea7cc1b-6dd1-4a6f-b526-a2c2472221ee{ip: 192.168.164.211, host: pr-hdds-2283-cnrrq-1638407854, networkLocation: /default-rack, certSerialId: null} reports an CLOSED replica.
2019-10-17 07:42:34,650 [EventQueue-ContainerReportForContainerReportHandler] WARN  container.ContainerReportHandler (AbstractContainerReportHandler.java:updateContainerState(145)) - Container #1 is in OPEN state, but the datanode 722c44df-b170-4eeb-abb4-8ab07bb69a54{ip: 192.168.164.211, host: pr-hdds-2283-cnrrq-1638407854, networkLocation: /default-rack, certSerialId: null} reports an CLOSED replica.
2019-10-17 07:42:34,677 [EventQueue-ContainerReportForContainerReportHandler] WARN  container.ContainerReportHandler (AbstractContainerReportHandler.java:updateContainerState(145)) - Container #1 is in OPEN state, but the datanode 6ea7cc1b-6dd1-4a6f-b526-a2c2472221ee{ip: 192.168.164.211, host: pr-hdds-2283-cnrrq-1638407854, networkLocation: /default-rack, certSerialId: null} reports an CLOSED replica.
2019-10-17 07:42:34,790 [java.util.concurrent.ThreadPoolExecutor$Worker@3d6cb76e[State = -1, empty queue]] WARN  server.GrpcLogAppender (GrpcLogAppender.java:timeoutAppendRequest(209)) - 722c44df-b170-4eeb-abb4-8ab07bb69a54@group-F450BAF5DF14->84d87b42-83ce-4078-8a37-3864f9520041-GrpcLogAppender: appendEntries Timeout, request=722c44df-b170-4eeb-abb4-8ab07bb69a54->84d87b42-83ce-4078-8a37-3864f9520041#38-t3, previous=(t:3, i:10), leaderCommit=10, initializing? false, entries: <empty>
2019-10-17 07:42:34,951 [EventQueue-ContainerReportForContainerReportHandler] WARN  container.ContainerReportHandler (AbstractContainerReportHandler.java:updateContainerState(145)) - Container #1 is in OPEN state, but the datanode 722c44df-b170-4eeb-abb4-8ab07bb69a54{ip: 192.168.164.211, host: pr-hdds-2283-cnrrq-1638407854, networkLocation: /default-rack, certSerialId: null} reports an CLOSED replica.
2019-10-17 07:42:34,978 [EventQueue-ContainerReportForContainerReportHandler] WARN  container.ContainerReportHandler (AbstractContainerReportHandler.java:updateContainerState(145)) - Container #1 is in OPEN state, but the datanode 6ea7cc1b-6dd1-4a6f-b526-a2c2472221ee{ip: 192.168.164.211, host: pr-hdds-2283-cnrrq-1638407854, networkLocation: /default-rack, certSerialId: null} reports an CLOSED replica.
2019-10-17 07:42:35,151 [EventQueue-ContainerReportForContainerReportHandler] WARN  container.ContainerReportHandler (AbstractContainerReportHandler.java:updateContainerState(145)) - Container #1 is in OPEN state, but the datanode 722c44df-b170-4eeb-abb4-8ab07bb69a54{ip: 192.168.164.211, host: pr-hdds-2283-cnrrq-1638407854, networkLocation: /default-rack, certSerialId: null} reports an CLOSED replica.
2019-10-17 07:42:35,242 [BlockDeletingService#2] WARN  background.BlockDeletingService (BlockDeletingService.java:isDeletionAllowed(187)) - Close Container log Index 6 is not replicated across allthe servers in the pipeline 6e647d31-eff2-4ddc-80e8-f450baf5df14 as the min replicated index is 4. Deletion is not allowed in this container yet.
2019-10-17 07:42:35,242 [BlockDeletingService#3] WARN  background.BlockDeletingService (BlockDeletingService.java:isDeletionAllowed(187)) - Close Container log Index 6 is not replicated across allthe servers in the pipeline 6e647d31-eff2-4ddc-80e8-f450baf5df14 as the min replicated index is 4. Deletion is not allowed in this container yet.
2019-10-17 07:42:35,378 [EventQueue-ContainerReportForContainerReportHandler] WARN  container.ContainerReportHandler (AbstractContainerReportHandler.java:updateContainerState(145)) - Container #1 is in OPEN state, but the datanode 6ea7cc1b-6dd1-4a6f-b526-a2c2472221ee{ip: 192.168.164.211, host: pr-hdds-2283-cnrrq-1638407854, networkLocation: /default-rack, certSerialId: null} reports an CLOSED replica.
2019-10-17 07:42:35,452 [EventQueue-ContainerReportForContainerReportHandler] WARN  container.ContainerReportHandler (AbstractContainerReportHandler.java:updateContainerState(145)) - Container #1 is in OPEN state, but the datanode 722c44df-b170-4eeb-abb4-8ab07bb69a54{ip: 192.168.164.211, host: pr-hdds-2283-cnrrq-1638407854, networkLocation: /default-rack, certSerialId: null} reports an CLOSED replica.
2019-10-17 07:42:35,678 [EventQueue-ContainerReportForContainerReportHandler] WARN  container.ContainerReportHandler (AbstractContainerReportHandler.java:updateContainerState(145)) - Container #1 is in OPEN state, but the datanode 6ea7cc1b-6dd1-4a6f-b526-a2c2472221ee{ip: 192.168.164.211, host: pr-hdds-2283-cnrrq-1638407854, networkLocation: /default-rack, certSerialId: null} reports an CLOSED replica.
2019-10-17 07:42:35,752 [EventQueue-ContainerReportForContainerReportHandler] WARN  container.ContainerReportHandler (AbstractContainerReportHandler.java:updateContainerState(145)) - Container #1 is in OPEN state, but the datanode 722c44df-b170-4eeb-abb4-8ab07bb69a54{ip: 192.168.164.211, host: pr-hdds-2283-cnrrq-1638407854, networkLocation: /default-rack, certSerialId: null} reports an CLOSED replica.
2019-10-17 07:42:35,982 [EventQueue-ContainerReportForContainerReportHandler] WARN  container.ContainerReportHandler (AbstractContainerReportHandler.java:updateContainerState(145)) - Container #1 is in OPEN state, but the datanode 6ea7cc1b-6dd1-4a6f-b526-a2c2472221ee{ip: 192.168.164.211, host: pr-hdds-2283-cnrrq-1638407854, networkLocation: /default-rack, certSerialId: null} reports an CLOSED replica.
2019-10-17 07:42:36,054 [EventQueue-ContainerReportForContainerReportHandler] WARN  container.ContainerReportHandler (AbstractContainerReportHandler.java:updateContainerState(145)) - Container #1 is in OPEN state, but the datanode 722c44df-b170-4eeb-abb4-8ab07bb69a54{ip: 192.168.164.211, host: pr-hdds-2283-cnrrq-1638407854, networkLocation: /default-rack, certSerialId: null} reports an CLOSED replica.
2019-10-17 07:42:36,245 [BlockDeletingService#3] WARN  background.BlockDeletingService (BlockDeletingService.java:isDeletionAllowed(187)) - Close Container log Index 6 is not replicated across allthe servers in the pipeline 6e647d31-eff2-4ddc-80e8-f450baf5df14 as the min replicated index is 4. Deletion is not allowed in this container yet.
2019-10-17 07:42:36,245 [BlockDeletingService#2] WARN  background.BlockDeletingService (BlockDeletingService.java:isDeletionAllowed(187)) - Close Container log Index 6 is not replicated across allthe servers in the pipeline 6e647d31-eff2-4ddc-80e8-f450baf5df14 as the min replicated index is 4. Deletion is not allowed in this container yet.
2019-10-17 07:42:36,279 [EventQueue-ContainerReportForContainerReportHandler] WARN  container.ContainerReportHandler (AbstractContainerReportHandler.java:updateContainerState(145)) - Container #1 is in OPEN state, but the datanode 6ea7cc1b-6dd1-4a6f-b526-a2c2472221ee{ip: 192.168.164.211, host: pr-hdds-2283-cnrrq-1638407854, networkLocation: /default-rack, certSerialId: null} reports an CLOSED replica.
2019-10-17 07:42:36,355 [EventQueue-ContainerReportForContainerReportHandler] WARN  container.ContainerReportHandler (AbstractContainerReportHandler.java:updateContainerState(145)) - Container #1 is in OPEN state, but the datanode 722c44df-b170-4eeb-abb4-8ab07bb69a54{ip: 192.168.164.211, host: pr-hdds-2283-cnrrq-1638407854, networkLocation: /default-rack, certSerialId: null} reports an CLOSED replica.
2019-10-17 07:42:36,654 [EventQueue-ContainerReportForContainerReportHandler] WARN  container.ContainerReportHandler (AbstractContainerReportHandler.java:updateContainerState(145)) - Container #1 is in OPEN state, but the datanode 722c44df-b170-4eeb-abb4-8ab07bb69a54{ip: 192.168.164.211, host: pr-hdds-2283-cnrrq-1638407854, networkLocation: /default-rack, certSerialId: null} reports an CLOSED replica.
2019-10-17 07:42:36,681 [EventQueue-ContainerReportForContainerReportHandler] WARN  container.ContainerReportHandler (AbstractContainerReportHandler.java:updateContainerState(145)) - Container #1 is in OPEN state, but the datanode 6ea7cc1b-6dd1-4a6f-b526-a2c2472221ee{ip: 192.168.164.211, host: pr-hdds-2283-cnrrq-1638407854, networkLocation: /default-rack, certSerialId: null} reports an CLOSED replica.
2019-10-17 07:42:36,683 [Thread-453] INFO  client.GrpcClientProtocolService (GrpcClientProtocolService.java:lambda$processClientRequest$0(278)) - Failed RaftClientRequest:client-352DFC73CCDB->722c44df-b170-4eeb-abb4-8ab07bb69a54@group-F450BAF5DF14, cid=10, seq=0, Watch-ALL_COMMITTED(6), Message:<EMPTY>, reply=RaftClientReply:client-352DFC73CCDB->722c44df-b170-4eeb-abb4-8ab07bb69a54@group-F450BAF5DF14, cid=10, FAILED org.apache.ratis.protocol.NotReplicatedException: Request with call Id 10 and log index 6 is not yet replicated to ALL_COMMITTED, logIndex=6, commits[722c44df-b170-4eeb-abb4-8ab07bb69a54:c10, 6ea7cc1b-6dd1-4a6f-b526-a2c2472221ee:c10, 84d87b42-83ce-4078-8a37-3864f9520041:c4]
2019-10-17 07:42:36,881 [EventQueue-ContainerReportForContainerReportHandler] WARN  container.ContainerReportHandler (AbstractContainerReportHandler.java:updateContainerState(145)) - Container #1 is in OPEN state, but the datanode 6ea7cc1b-6dd1-4a6f-b526-a2c2472221ee{ip: 192.168.164.211, host: pr-hdds-2283-cnrrq-1638407854, networkLocation: /default-rack, certSerialId: null} reports an CLOSED replica.
2019-10-17 07:42:37,056 [EventQueue-ContainerReportForContainerReportHandler] WARN  container.ContainerReportHandler (AbstractContainerReportHandler.java:updateContainerState(145)) - Container #1 is in OPEN state, but the datanode 722c44df-b170-4eeb-abb4-8ab07bb69a54{ip: 192.168.164.211, host: pr-hdds-2283-cnrrq-1638407854, networkLocation: /default-rack, certSerialId: null} reports an CLOSED replica.
2019-10-17 07:42:37,247 [BlockDeletingService#3] WARN  background.BlockDeletingService (BlockDeletingService.java:isDeletionAllowed(187)) - Close Container log Index 6 is not replicated across allthe servers in the pipeline 6e647d31-eff2-4ddc-80e8-f450baf5df14 as the min replicated index is 4. Deletion is not allowed in this container yet.
2019-10-17 07:42:37,248 [BlockDeletingService#2] WARN  background.BlockDeletingService (BlockDeletingService.java:isDeletionAllowed(187)) - Close Container log Index 6 is not replicated across allthe servers in the pipeline 6e647d31-eff2-4ddc-80e8-f450baf5df14 as the min replicated index is 4. Deletion is not allowed in this container yet.
2019-10-17 07:42:37,281 [EventQueue-ContainerReportForContainerReportHandler] WARN  container.ContainerReportHandler (AbstractContainerReportHandler.java:updateContainerState(145)) - Container #1 is in OPEN state, but the datanode 6ea7cc1b-6dd1-4a6f-b526-a2c2472221ee{ip: 192.168.164.211, host: pr-hdds-2283-cnrrq-1638407854, networkLocation: /default-rack, certSerialId: null} reports an CLOSED replica.
2019-10-17 07:42:37,291 [java.util.concurrent.ThreadPoolExecutor$Worker@3d6cb76e[State = -1, empty queue]] WARN  server.GrpcLogAppender (GrpcLogAppender.java:timeoutAppendRequest(209)) - 722c44df-b170-4eeb-abb4-8ab07bb69a54@group-F450BAF5DF14->84d87b42-83ce-4078-8a37-3864f9520041-GrpcLogAppender: appendEntries Timeout, request=722c44df-b170-4eeb-abb4-8ab07bb69a54->84d87b42-83ce-4078-8a37-3864f9520041#39-t3, previous=(t:3, i:10), leaderCommit=10, initializing? false, entries: <empty>
2019-10-17 07:42:37,357 [EventQueue-ContainerReportForContainerReportHandler] WARN  container.ContainerReportHandler (AbstractContainerReportHandler.java:updateContainerState(145)) - Container #1 is in OPEN state, but the datanode 722c44df-b170-4eeb-abb4-8ab07bb69a54{ip: 192.168.164.211, host: pr-hdds-2283-cnrrq-1638407854, networkLocation: /default-rack, certSerialId: null} reports an CLOSED replica.
2019-10-17 07:42:37,482 [EventQueue-ContainerReportForContainerReportHandler] WARN  container.ContainerReportHandler (AbstractContainerReportHandler.java:updateContainerState(145)) - Container #1 is in OPEN state, but the datanode 6ea7cc1b-6dd1-4a6f-b526-a2c2472221ee{ip: 192.168.164.211, host: pr-hdds-2283-cnrrq-1638407854, networkLocation: /default-rack, certSerialId: null} reports an CLOSED replica.
2019-10-17 07:42:37,758 [EventQueue-ContainerReportForContainerReportHandler] WARN  container.ContainerReportHandler (AbstractContainerReportHandler.java:updateContainerState(145)) - Container #1 is in OPEN state, but the datanode 722c44df-b170-4eeb-abb4-8ab07bb69a54{ip: 192.168.164.211, host: pr-hdds-2283-cnrrq-1638407854, networkLocation: /default-rack, certSerialId: null} reports an CLOSED replica.
2019-10-17 07:42:37,783 [EventQueue-ContainerReportForContainerReportHandler] WARN  container.ContainerReportHandler (AbstractContainerReportHandler.java:updateContainerState(145)) - Container #1 is in OPEN state, but the datanode 6ea7cc1b-6dd1-4a6f-b526-a2c2472221ee{ip: 192.168.164.211, host: pr-hdds-2283-cnrrq-1638407854, networkLocation: /default-rack, certSerialId: null} reports an CLOSED replica.
2019-10-17 07:42:37,984 [EventQueue-ContainerReportForContainerReportHandler] WARN  container.ContainerReportHandler (AbstractContainerReportHandler.java:updateContainerState(145)) - Container #1 is in OPEN state, but the datanode 6ea7cc1b-6dd1-4a6f-b526-a2c2472221ee{ip: 192.168.164.211, host: pr-hdds-2283-cnrrq-1638407854, networkLocation: /default-rack, certSerialId: null} reports an CLOSED replica.
2019-10-17 07:42:38,057 [EventQueue-ContainerReportForContainerReportHandler] WARN  container.ContainerReportHandler (AbstractContainerReportHandler.java:updateContainerState(145)) - Container #1 is in OPEN state, but the datanode 722c44df-b170-4eeb-abb4-8ab07bb69a54{ip: 192.168.164.211, host: pr-hdds-2283-cnrrq-1638407854, networkLocation: /default-rack, certSerialId: null} reports an CLOSED replica.
2019-10-17 07:42:38,250 [BlockDeletingService#3] WARN  background.BlockDeletingService (BlockDeletingService.java:isDeletionAllowed(187)) - Close Container log Index 6 is not replicated across allthe servers in the pipeline 6e647d31-eff2-4ddc-80e8-f450baf5df14 as the min replicated index is 4. Deletion is not allowed in this container yet.
2019-10-17 07:42:38,250 [BlockDeletingService#2] WARN  background.BlockDeletingService (BlockDeletingService.java:isDeletionAllowed(187)) - Close Container log Index 6 is not replicated across allthe servers in the pipeline 6e647d31-eff2-4ddc-80e8-f450baf5df14 as the min replicated index is 4. Deletion is not allowed in this container yet.
2019-10-17 07:42:38,257 [EventQueue-ContainerReportForContainerReportHandler] WARN  container.ContainerReportHandler (AbstractContainerReportHandler.java:updateContainerState(145)) - Container #1 is in OPEN state, but the datanode 722c44df-b170-4eeb-abb4-8ab07bb69a54{ip: 192.168.164.211, host: pr-hdds-2283-cnrrq-1638407854, networkLocation: /default-rack, certSerialId: null} reports an CLOSED replica.
2019-10-17 07:42:38,286 [EventQueue-ContainerReportForContainerReportHandler] WARN  container.ContainerReportHandler (AbstractContainerReportHandler.java:updateContainerState(145)) - Container #1 is in OPEN state, but the datanode 6ea7cc1b-6dd1-4a6f-b526-a2c2472221ee{ip: 192.168.164.211, host: pr-hdds-2283-cnrrq-1638407854, networkLocation: /default-rack, certSerialId: null} reports an CLOSED replica.
2019-10-17 07:42:38,559 [EventQueue-ContainerReportForContainerReportHandler] WARN  container.ContainerReportHandler (AbstractContainerReportHandler.java:updateContainerState(145)) - Container #1 is in OPEN state, but the datanode 722c44df-b170-4eeb-abb4-8ab07bb69a54{ip: 192.168.164.211, host: pr-hdds-2283-cnrrq-1638407854, networkLocation: /default-rack, certSerialId: null} reports an CLOSED replica.
2019-10-17 07:42:38,685 [EventQueue-ContainerReportForContainerReportHandler] WARN  container.ContainerReportHandler (AbstractContainerReportHandler.java:updateContainerState(145)) - Container #1 is in OPEN state, but the datanode 6ea7cc1b-6dd1-4a6f-b526-a2c2472221ee{ip: 192.168.164.211, host: pr-hdds-2283-cnrrq-1638407854, networkLocation: /default-rack, certSerialId: null} reports an CLOSED replica.
2019-10-17 07:42:38,859 [EventQueue-ContainerReportForContainerReportHandler] WARN  container.ContainerReportHandler (AbstractContainerReportHandler.java:updateContainerState(145)) - Container #1 is in OPEN state, but the datanode 722c44df-b170-4eeb-abb4-8ab07bb69a54{ip: 192.168.164.211, host: pr-hdds-2283-cnrrq-1638407854, networkLocation: /default-rack, certSerialId: null} reports an CLOSED replica.
2019-10-17 07:42:38,985 [EventQueue-ContainerReportForContainerReportHandler] WARN  container.ContainerReportHandler (AbstractContainerReportHandler.java:updateContainerState(145)) - Container #1 is in OPEN state, but the datanode 6ea7cc1b-6dd1-4a6f-b526-a2c2472221ee{ip: 192.168.164.211, host: pr-hdds-2283-cnrrq-1638407854, networkLocation: /default-rack, certSerialId: null} reports an CLOSED replica.
2019-10-17 07:42:39,159 [EventQueue-ContainerReportForContainerReportHandler] WARN  container.ContainerReportHandler (AbstractContainerReportHandler.java:updateContainerState(145)) - Container #1 is in OPEN state, but the datanode 722c44df-b170-4eeb-abb4-8ab07bb69a54{ip: 192.168.164.211, host: pr-hdds-2283-cnrrq-1638407854, networkLocation: /default-rack, certSerialId: null} reports an CLOSED replica.
2019-10-17 07:42:39,251 [BlockDeletingService#3] WARN  background.BlockDeletingService (BlockDeletingService.java:isDeletionAllowed(187)) - Close Container log Index 6 is not replicated across allthe servers in the pipeline 6e647d31-eff2-4ddc-80e8-f450baf5df14 as the min replicated index is 4. Deletion is not allowed in this container yet.
2019-10-17 07:42:39,251 [BlockDeletingService#2] WARN  background.BlockDeletingService (BlockDeletingService.java:isDeletionAllowed(187)) - Close Container log Index 6 is not replicated across allthe servers in the pipeline 6e647d31-eff2-4ddc-80e8-f450baf5df14 as the min replicated index is 4. Deletion is not allowed in this container yet.
2019-10-17 07:42:39,387 [EventQueue-ContainerReportForContainerReportHandler] WARN  container.ContainerReportHandler (AbstractContainerReportHandler.java:updateContainerState(145)) - Container #1 is in OPEN state, but the datanode 6ea7cc1b-6dd1-4a6f-b526-a2c2472221ee{ip: 192.168.164.211, host: pr-hdds-2283-cnrrq-1638407854, networkLocation: /default-rack, certSerialId: null} reports an CLOSED replica.
2019-10-17 07:42:39,459 [EventQueue-ContainerReportForContainerReportHandler] WARN  container.ContainerReportHandler (AbstractContainerReportHandler.java:updateContainerState(145)) - Container #1 is in OPEN state, but the datanode 722c44df-b170-4eeb-abb4-8ab07bb69a54{ip: 192.168.164.211, host: pr-hdds-2283-cnrrq-1638407854, networkLocation: /default-rack, certSerialId: null} reports an CLOSED replica.
2019-10-17 07:42:39,587 [EventQueue-ContainerReportForContainerReportHandler] WARN  container.ContainerReportHandler (AbstractContainerReportHandler.java:updateContainerState(145)) - Container #1 is in OPEN state, but the datanode 6ea7cc1b-6dd1-4a6f-b526-a2c2472221ee{ip: 192.168.164.211, host: pr-hdds-2283-cnrrq-1638407854, networkLocation: /default-rack, certSerialId: null} reports an CLOSED replica.
2019-10-17 07:42:39,759 [EventQueue-ContainerReportForContainerReportHandler] WARN  container.ContainerReportHandler (AbstractContainerReportHandler.java:updateContainerState(145)) - Container #1 is in OPEN state, but the datanode 722c44df-b170-4eeb-abb4-8ab07bb69a54{ip: 192.168.164.211, host: pr-hdds-2283-cnrrq-1638407854, networkLocation: /default-rack, certSerialId: null} reports an CLOSED replica.
2019-10-17 07:42:39,791 [java.util.concurrent.ThreadPoolExecutor$Worker@3d6cb76e[State = -1, empty queue]] WARN  server.GrpcLogAppender (GrpcLogAppender.java:timeoutAppendRequest(209)) - 722c44df-b170-4eeb-abb4-8ab07bb69a54@group-F450BAF5DF14->84d87b42-83ce-4078-8a37-3864f9520041-GrpcLogAppender: appendEntries Timeout, request=722c44df-b170-4eeb-abb4-8ab07bb69a54->84d87b42-83ce-4078-8a37-3864f9520041#40-t3, previous=(t:3, i:10), leaderCommit=10, initializing? false, entries: <empty>
2019-10-17 07:42:39,987 [EventQueue-ContainerReportForContainerReportHandler] WARN  container.ContainerReportHandler (AbstractContainerReportHandler.java:updateContainerState(145)) - Container #1 is in OPEN state, but the datanode 6ea7cc1b-6dd1-4a6f-b526-a2c2472221ee{ip: 192.168.164.211, host: pr-hdds-2283-cnrrq-1638407854, networkLocation: /default-rack, certSerialId: null} reports an CLOSED replica.
2019-10-17 07:42:40,060 [EventQueue-ContainerReportForContainerReportHandler] WARN  container.ContainerReportHandler (AbstractContainerReportHandler.java:updateContainerState(145)) - Container #1 is in OPEN state, but the datanode 722c44df-b170-4eeb-abb4-8ab07bb69a54{ip: 192.168.164.211, host: pr-hdds-2283-cnrrq-1638407854, networkLocation: /default-rack, certSerialId: null} reports an CLOSED replica.
2019-10-17 07:42:40,187 [EventQueue-ContainerReportForContainerReportHandler] WARN  container.ContainerReportHandler (AbstractContainerReportHandler.java:updateContainerState(145)) - Container #1 is in OPEN state, but the datanode 6ea7cc1b-6dd1-4a6f-b526-a2c2472221ee{ip: 192.168.164.211, host: pr-hdds-2283-cnrrq-1638407854, networkLocation: /default-rack, certSerialId: null} reports an CLOSED replica.
2019-10-17 07:42:40,253 [BlockDeletingService#2] WARN  background.BlockDeletingService (BlockDeletingService.java:isDeletionAllowed(187)) - Close Container log Index 6 is not replicated across allthe servers in the pipeline 6e647d31-eff2-4ddc-80e8-f450baf5df14 as the min replicated index is 4. Deletion is not allowed in this container yet.
2019-10-17 07:42:40,253 [BlockDeletingService#3] WARN  background.BlockDeletingService (BlockDeletingService.java:isDeletionAllowed(187)) - Close Container log Index 6 is not replicated across allthe servers in the pipeline 6e647d31-eff2-4ddc-80e8-f450baf5df14 as the min replicated index is 4. Deletion is not allowed in this container yet.
2019-10-17 07:42:40,459 [EventQueue-ContainerReportForContainerReportHandler] WARN  container.ContainerReportHandler (AbstractContainerReportHandler.java:updateContainerState(145)) - Container #1 is in OPEN state, but the datanode 722c44df-b170-4eeb-abb4-8ab07bb69a54{ip: 192.168.164.211, host: pr-hdds-2283-cnrrq-1638407854, networkLocation: /default-rack, certSerialId: null} reports an CLOSED replica.
2019-10-17 07:42:40,587 [EventQueue-ContainerReportForContainerReportHandler] WARN  container.ContainerReportHandler (AbstractContainerReportHandler.java:updateContainerState(145)) - Container #1 is in OPEN state, but the datanode 6ea7cc1b-6dd1-4a6f-b526-a2c2472221ee{ip: 192.168.164.211, host: pr-hdds-2283-cnrrq-1638407854, networkLocation: /default-rack, certSerialId: null} reports an CLOSED replica.
2019-10-17 07:42:40,659 [EventQueue-ContainerReportForContainerReportHandler] WARN  container.ContainerReportHandler (AbstractContainerReportHandler.java:updateContainerState(145)) - Container #1 is in OPEN state, but the datanode 722c44df-b170-4eeb-abb4-8ab07bb69a54{ip: 192.168.164.211, host: pr-hdds-2283-cnrrq-1638407854, networkLocation: /default-rack, certSerialId: null} reports an CLOSED replica.
2019-10-17 07:42:40,887 [EventQueue-ContainerReportForContainerReportHandler] WARN  container.ContainerReportHandler (AbstractContainerReportHandler.java:updateContainerState(145)) - Container #1 is in OPEN state, but the datanode 6ea7cc1b-6dd1-4a6f-b526-a2c2472221ee{ip: 192.168.164.211, host: pr-hdds-2283-cnrrq-1638407854, networkLocation: /default-rack, certSerialId: null} reports an CLOSED replica.
2019-10-17 07:42:40,960 [EventQueue-ContainerReportForContainerReportHandler] WARN  container.ContainerReportHandler (AbstractContainerReportHandler.java:updateContainerState(145)) - Container #1 is in OPEN state, but the datanode 722c44df-b170-4eeb-abb4-8ab07bb69a54{ip: 192.168.164.211, host: pr-hdds-2283-cnrrq-1638407854, networkLocation: /default-rack, certSerialId: null} reports an CLOSED replica.
2019-10-17 07:42:41,160 [EventQueue-ContainerReportForContainerReportHandler] WARN  container.ContainerReportHandler (AbstractContainerReportHandler.java:updateContainerState(145)) - Container #1 is in OPEN state, but the datanode 722c44df-b170-4eeb-abb4-8ab07bb69a54{ip: 192.168.164.211, host: pr-hdds-2283-cnrrq-1638407854, networkLocation: /default-rack, certSerialId: null} reports an CLOSED replica.
2019-10-17 07:42:41,186 [EventQueue-ContainerReportForContainerReportHandler] WARN  container.ContainerReportHandler (AbstractContainerReportHandler.java:updateContainerState(145)) - Container #1 is in OPEN state, but the datanode 6ea7cc1b-6dd1-4a6f-b526-a2c2472221ee{ip: 192.168.164.211, host: pr-hdds-2283-cnrrq-1638407854, networkLocation: /default-rack, certSerialId: null} reports an CLOSED replica.
2019-10-17 07:42:41,254 [BlockDeletingService#3] WARN  background.BlockDeletingService (BlockDeletingService.java:isDeletionAllowed(187)) - Close Container log Index 6 is not replicated across allthe servers in the pipeline 6e647d31-eff2-4ddc-80e8-f450baf5df14 as the min replicated index is 4. Deletion is not allowed in this container yet.
2019-10-17 07:42:41,254 [BlockDeletingService#2] WARN  background.BlockDeletingService (BlockDeletingService.java:isDeletionAllowed(187)) - Close Container log Index 6 is not replicated across allthe servers in the pipeline 6e647d31-eff2-4ddc-80e8-f450baf5df14 as the min replicated index is 4. Deletion is not allowed in this container yet.
2019-10-17 07:42:41,386 [EventQueue-ContainerReportForContainerReportHandler] WARN  container.ContainerReportHandler (AbstractContainerReportHandler.java:updateContainerState(145)) - Container #1 is in OPEN state, but the datanode 6ea7cc1b-6dd1-4a6f-b526-a2c2472221ee{ip: 192.168.164.211, host: pr-hdds-2283-cnrrq-1638407854, networkLocation: /default-rack, certSerialId: null} reports an CLOSED replica.
2019-10-17 07:42:41,461 [EventQueue-ContainerReportForContainerReportHandler] WARN  container.ContainerReportHandler (AbstractContainerReportHandler.java:updateContainerState(145)) - Container #1 is in OPEN state, but the datanode 722c44df-b170-4eeb-abb4-8ab07bb69a54{ip: 192.168.164.211, host: pr-hdds-2283-cnrrq-1638407854, networkLocation: /default-rack, certSerialId: null} reports an CLOSED replica.
2019-10-17 07:42:41,686 [EventQueue-ContainerReportForContainerReportHandler] WARN  container.ContainerReportHandler (AbstractContainerReportHandler.java:updateContainerState(145)) - Container #1 is in OPEN state, but the datanode 6ea7cc1b-6dd1-4a6f-b526-a2c2472221ee{ip: 192.168.164.211, host: pr-hdds-2283-cnrrq-1638407854, networkLocation: /default-rack, certSerialId: null} reports an CLOSED replica.
2019-10-17 07:42:41,761 [EventQueue-ContainerReportForContainerReportHandler] WARN  container.ContainerReportHandler (AbstractContainerReportHandler.java:updateContainerState(145)) - Container #1 is in OPEN state, but the datanode 722c44df-b170-4eeb-abb4-8ab07bb69a54{ip: 192.168.164.211, host: pr-hdds-2283-cnrrq-1638407854, networkLocation: /default-rack, certSerialId: null} reports an CLOSED replica.
2019-10-17 07:42:41,987 [EventQueue-ContainerReportForContainerReportHandler] WARN  container.ContainerReportHandler (AbstractContainerReportHandler.java:updateContainerState(145)) - Container #1 is in OPEN state, but the datanode 6ea7cc1b-6dd1-4a6f-b526-a2c2472221ee{ip: 192.168.164.211, host: pr-hdds-2283-cnrrq-1638407854, networkLocation: /default-rack, certSerialId: null} reports an CLOSED replica.
2019-10-17 07:42:42,062 [EventQueue-ContainerReportForContainerReportHandler] WARN  container.ContainerReportHandler (AbstractContainerReportHandler.java:updateContainerState(145)) - Container #1 is in OPEN state, but the datanode 722c44df-b170-4eeb-abb4-8ab07bb69a54{ip: 192.168.164.211, host: pr-hdds-2283-cnrrq-1638407854, networkLocation: /default-rack, certSerialId: null} reports an CLOSED replica.
2019-10-17 07:42:42,256 [BlockDeletingService#2] WARN  background.BlockDeletingService (BlockDeletingService.java:isDeletionAllowed(187)) - Close Container log Index 6 is not replicated across allthe servers in the pipeline 6e647d31-eff2-4ddc-80e8-f450baf5df14 as the min replicated index is 4. Deletion is not allowed in this container yet.
2019-10-17 07:42:42,256 [BlockDeletingService#3] WARN  background.BlockDeletingService (BlockDeletingService.java:isDeletionAllowed(187)) - Close Container log Index 6 is not replicated across allthe servers in the pipeline 6e647d31-eff2-4ddc-80e8-f450baf5df14 as the min replicated index is 4. Deletion is not allowed in this container yet.
2019-10-17 07:42:42,262 [EventQueue-ContainerReportForContainerReportHandler] WARN  container.ContainerReportHandler (AbstractContainerReportHandler.java:updateContainerState(145)) - Container #1 is in OPEN state, but the datanode 722c44df-b170-4eeb-abb4-8ab07bb69a54{ip: 192.168.164.211, host: pr-hdds-2283-cnrrq-1638407854, networkLocation: /default-rack, certSerialId: null} reports an CLOSED replica.
2019-10-17 07:42:42,292 [java.util.concurrent.ThreadPoolExecutor$Worker@3d6cb76e[State = -1, empty queue]] WARN  server.GrpcLogAppender (GrpcLogAppender.java:timeoutAppendRequest(209)) - 722c44df-b170-4eeb-abb4-8ab07bb69a54@group-F450BAF5DF14->84d87b42-83ce-4078-8a37-3864f9520041-GrpcLogAppender: appendEntries Timeout, request=722c44df-b170-4eeb-abb4-8ab07bb69a54->84d87b42-83ce-4078-8a37-3864f9520041#41-t3, previous=(t:3, i:10), leaderCommit=10, initializing? false, entries: <empty>
2019-10-17 07:42:42,387 [EventQueue-ContainerReportForContainerReportHandler] WARN  container.ContainerReportHandler (AbstractContainerReportHandler.java:updateContainerState(145)) - Container #1 is in OPEN state, but the datanode 6ea7cc1b-6dd1-4a6f-b526-a2c2472221ee{ip: 192.168.164.211, host: pr-hdds-2283-cnrrq-1638407854, networkLocation: /default-rack, certSerialId: null} reports an CLOSED replica.
2019-10-17 07:42:42,563 [EventQueue-ContainerReportForContainerReportHandler] WARN  container.ContainerReportHandler (AbstractContainerReportHandler.java:updateContainerState(145)) - Container #1 is in OPEN state, but the datanode 722c44df-b170-4eeb-abb4-8ab07bb69a54{ip: 192.168.164.211, host: pr-hdds-2283-cnrrq-1638407854, networkLocation: /default-rack, certSerialId: null} reports an CLOSED replica.
2019-10-17 07:42:42,587 [EventQueue-ContainerReportForContainerReportHandler] WARN  container.ContainerReportHandler (AbstractContainerReportHandler.java:updateContainerState(145)) - Container #1 is in OPEN state, but the datanode 6ea7cc1b-6dd1-4a6f-b526-a2c2472221ee{ip: 192.168.164.211, host: pr-hdds-2283-cnrrq-1638407854, networkLocation: /default-rack, certSerialId: null} reports an CLOSED replica.
2019-10-17 07:42:42,763 [EventQueue-ContainerReportForContainerReportHandler] WARN  container.ContainerReportHandler (AbstractContainerReportHandler.java:updateContainerState(145)) - Container #1 is in OPEN state, but the datanode 722c44df-b170-4eeb-abb4-8ab07bb69a54{ip: 192.168.164.211, host: pr-hdds-2283-cnrrq-1638407854, networkLocation: /default-rack, certSerialId: null} reports an CLOSED replica.
2019-10-17 07:42:42,787 [EventQueue-ContainerReportForContainerReportHandler] WARN  container.ContainerReportHandler (AbstractContainerReportHandler.java:updateContainerState(145)) - Container #1 is in OPEN state, but the datanode 6ea7cc1b-6dd1-4a6f-b526-a2c2472221ee{ip: 192.168.164.211, host: pr-hdds-2283-cnrrq-1638407854, networkLocation: /default-rack, certSerialId: null} reports an CLOSED replica.
2019-10-17 07:42:43,064 [EventQueue-ContainerReportForContainerReportHandler] WARN  container.ContainerReportHandler (AbstractContainerReportHandler.java:updateContainerState(145)) - Container #1 is in OPEN state, but the datanode 722c44df-b170-4eeb-abb4-8ab07bb69a54{ip: 192.168.164.211, host: pr-hdds-2283-cnrrq-1638407854, networkLocation: /default-rack, certSerialId: null} reports an CLOSED replica.
2019-10-17 07:42:43,187 [EventQueue-ContainerReportForContainerReportHandler] WARN  container.ContainerReportHandler (AbstractContainerReportHandler.java:updateContainerState(145)) - Container #1 is in OPEN state, but the datanode 6ea7cc1b-6dd1-4a6f-b526-a2c2472221ee{ip: 192.168.164.211, host: pr-hdds-2283-cnrrq-1638407854, networkLocation: /default-rack, certSerialId: null} reports an CLOSED replica.
2019-10-17 07:42:43,257 [BlockDeletingService#2] WARN  background.BlockDeletingService (BlockDeletingService.java:isDeletionAllowed(187)) - Close Container log Index 6 is not replicated across allthe servers in the pipeline 6e647d31-eff2-4ddc-80e8-f450baf5df14 as the min replicated index is 4. Deletion is not allowed in this container yet.
2019-10-17 07:42:43,257 [BlockDeletingService#3] WARN  background.BlockDeletingService (BlockDeletingService.java:isDeletionAllowed(187)) - Close Container log Index 6 is not replicated across allthe servers in the pipeline 6e647d31-eff2-4ddc-80e8-f450baf5df14 as the min replicated index is 4. Deletion is not allowed in this container yet.
2019-10-17 07:42:43,364 [EventQueue-ContainerReportForContainerReportHandler] WARN  container.ContainerReportHandler (AbstractContainerReportHandler.java:updateContainerState(145)) - Container #1 is in OPEN state, but the datanode 722c44df-b170-4eeb-abb4-8ab07bb69a54{ip: 192.168.164.211, host: pr-hdds-2283-cnrrq-1638407854, networkLocation: /default-rack, certSerialId: null} reports an CLOSED replica.
2019-10-17 07:42:43,486 [EventQueue-ContainerReportForContainerReportHandler] WARN  container.ContainerReportHandler (AbstractContainerReportHandler.java:updateContainerState(145)) - Container #1 is in OPEN state, but the datanode 6ea7cc1b-6dd1-4a6f-b526-a2c2472221ee{ip: 192.168.164.211, host: pr-hdds-2283-cnrrq-1638407854, networkLocation: /default-rack, certSerialId: null} reports an CLOSED replica.
2019-10-17 07:42:43,563 [EventQueue-ContainerReportForContainerReportHandler] WARN  container.ContainerReportHandler (AbstractContainerReportHandler.java:updateContainerState(145)) - Container #1 is in OPEN state, but the datanode 722c44df-b170-4eeb-abb4-8ab07bb69a54{ip: 192.168.164.211, host: pr-hdds-2283-cnrrq-1638407854, networkLocation: /default-rack, certSerialId: null} reports an CLOSED replica.
2019-10-17 07:42:43,764 [EventQueue-ContainerReportForContainerReportHandler] WARN  container.ContainerReportHandler (AbstractContainerReportHandler.java:updateContainerState(145)) - Container #1 is in OPEN state, but the datanode 722c44df-b170-4eeb-abb4-8ab07bb69a54{ip: 192.168.164.211, host: pr-hdds-2283-cnrrq-1638407854, networkLocation: /default-rack, certSerialId: null} reports an CLOSED replica.
2019-10-17 07:42:43,886 [EventQueue-ContainerReportForContainerReportHandler] WARN  container.ContainerReportHandler (AbstractContainerReportHandler.java:updateContainerState(145)) - Container #1 is in OPEN state, but the datanode 6ea7cc1b-6dd1-4a6f-b526-a2c2472221ee{ip: 192.168.164.211, host: pr-hdds-2283-cnrrq-1638407854, networkLocation: /default-rack, certSerialId: null} reports an CLOSED replica.
2019-10-17 07:42:44,164 [EventQueue-ContainerReportForContainerReportHandler] WARN  container.ContainerReportHandler (AbstractContainerReportHandler.java:updateContainerState(145)) - Container #1 is in OPEN state, but the datanode 722c44df-b170-4eeb-abb4-8ab07bb69a54{ip: 192.168.164.211, host: pr-hdds-2283-cnrrq-1638407854, networkLocation: /default-rack, certSerialId: null} reports an CLOSED replica.
2019-10-17 07:42:44,187 [EventQueue-ContainerReportForContainerReportHandler] WARN  container.ContainerReportHandler (AbstractContainerReportHandler.java:updateContainerState(145)) - Container #1 is in OPEN state, but the datanode 6ea7cc1b-6dd1-4a6f-b526-a2c2472221ee{ip: 192.168.164.211, host: pr-hdds-2283-cnrrq-1638407854, networkLocation: /default-rack, certSerialId: null} reports an CLOSED replica.
2019-10-17 07:42:44,258 [BlockDeletingService#2] WARN  background.BlockDeletingService (BlockDeletingService.java:isDeletionAllowed(187)) - Close Container log Index 6 is not replicated across allthe servers in the pipeline 6e647d31-eff2-4ddc-80e8-f450baf5df14 as the min replicated index is 4. Deletion is not allowed in this container yet.
2019-10-17 07:42:44,258 [BlockDeletingService#3] WARN  background.BlockDeletingService (BlockDeletingService.java:isDeletionAllowed(187)) - Close Container log Index 6 is not replicated across allthe servers in the pipeline 6e647d31-eff2-4ddc-80e8-f450baf5df14 as the min replicated index is 4. Deletion is not allowed in this container yet.
2019-10-17 07:42:44,487 [EventQueue-ContainerReportForContainerReportHandler] WARN  container.ContainerReportHandler (AbstractContainerReportHandler.java:updateContainerState(145)) - Container #1 is in OPEN state, but the datanode 6ea7cc1b-6dd1-4a6f-b526-a2c2472221ee{ip: 192.168.164.211, host: pr-hdds-2283-cnrrq-1638407854, networkLocation: /default-rack, certSerialId: null} reports an CLOSED replica.
2019-10-17 07:42:44,563 [EventQueue-ContainerReportForContainerReportHandler] WARN  container.ContainerReportHandler (AbstractContainerReportHandler.java:updateContainerState(145)) - Container #1 is in OPEN state, but the datanode 722c44df-b170-4eeb-abb4-8ab07bb69a54{ip: 192.168.164.211, host: pr-hdds-2283-cnrrq-1638407854, networkLocation: /default-rack, certSerialId: null} reports an CLOSED replica.
2019-10-17 07:42:44,763 [EventQueue-ContainerReportForContainerReportHandler] WARN  container.ContainerReportHandler (AbstractContainerReportHandler.java:updateContainerState(145)) - Container #1 is in OPEN state, but the datanode 722c44df-b170-4eeb-abb4-8ab07bb69a54{ip: 192.168.164.211, host: pr-hdds-2283-cnrrq-1638407854, networkLocation: /default-rack, certSerialId: null} reports an CLOSED replica.
2019-10-17 07:42:44,793 [java.util.concurrent.ThreadPoolExecutor$Worker@3d6cb76e[State = -1, empty queue]] WARN  server.GrpcLogAppender (GrpcLogAppender.java:timeoutAppendRequest(209)) - 722c44df-b170-4eeb-abb4-8ab07bb69a54@group-F450BAF5DF14->84d87b42-83ce-4078-8a37-3864f9520041-GrpcLogAppender: appendEntries Timeout, request=722c44df-b170-4eeb-abb4-8ab07bb69a54->84d87b42-83ce-4078-8a37-3864f9520041#42-t3, previous=(t:3, i:10), leaderCommit=10, initializing? false, entries: <empty>
2019-10-17 07:42:44,886 [EventQueue-ContainerReportForContainerReportHandler] WARN  container.ContainerReportHandler (AbstractContainerReportHandler.java:updateContainerState(145)) - Container #1 is in OPEN state, but the datanode 6ea7cc1b-6dd1-4a6f-b526-a2c2472221ee{ip: 192.168.164.211, host: pr-hdds-2283-cnrrq-1638407854, networkLocation: /default-rack, certSerialId: null} reports an CLOSED replica.
2019-10-17 07:42:45,064 [EventQueue-ContainerReportForContainerReportHandler] WARN  container.ContainerReportHandler (AbstractContainerReportHandler.java:updateContainerState(145)) - Container #1 is in OPEN state, but the datanode 722c44df-b170-4eeb-abb4-8ab07bb69a54{ip: 192.168.164.211, host: pr-hdds-2283-cnrrq-1638407854, networkLocation: /default-rack, certSerialId: null} reports an CLOSED replica.
2019-10-17 07:42:45,186 [EventQueue-ContainerReportForContainerReportHandler] WARN  container.ContainerReportHandler (AbstractContainerReportHandler.java:updateContainerState(145)) - Container #1 is in OPEN state, but the datanode 6ea7cc1b-6dd1-4a6f-b526-a2c2472221ee{ip: 192.168.164.211, host: pr-hdds-2283-cnrrq-1638407854, networkLocation: /default-rack, certSerialId: null} reports an CLOSED replica.
2019-10-17 07:42:45,260 [BlockDeletingService#3] WARN  background.BlockDeletingService (BlockDeletingService.java:isDeletionAllowed(187)) - Close Container log Index 6 is not replicated across allthe servers in the pipeline 6e647d31-eff2-4ddc-80e8-f450baf5df14 as the min replicated index is 4. Deletion is not allowed in this container yet.
2019-10-17 07:42:45,260 [BlockDeletingService#2] WARN  background.BlockDeletingService (BlockDeletingService.java:isDeletionAllowed(187)) - Close Container log Index 6 is not replicated across allthe servers in the pipeline 6e647d31-eff2-4ddc-80e8-f450baf5df14 as the min replicated index is 4. Deletion is not allowed in this container yet.
2019-10-17 07:42:45,463 [EventQueue-ContainerReportForContainerReportHandler] WARN  container.ContainerReportHandler (AbstractContainerReportHandler.java:updateContainerState(145)) - Container #1 is in OPEN state, but the datanode 722c44df-b170-4eeb-abb4-8ab07bb69a54{ip: 192.168.164.211, host: pr-hdds-2283-cnrrq-1638407854, networkLocation: /default-rack, certSerialId: null} reports an CLOSED replica.
2019-10-17 07:42:45,486 [EventQueue-ContainerReportForContainerReportHandler] WARN  container.ContainerReportHandler (AbstractContainerReportHandler.java:updateContainerState(145)) - Container #1 is in OPEN state, but the datanode 6ea7cc1b-6dd1-4a6f-b526-a2c2472221ee{ip: 192.168.164.211, host: pr-hdds-2283-cnrrq-1638407854, networkLocation: /default-rack, certSerialId: null} reports an CLOSED replica.
2019-10-17 07:42:45,764 [EventQueue-ContainerReportForContainerReportHandler] WARN  container.ContainerReportHandler (AbstractContainerReportHandler.java:updateContainerState(145)) - Container #1 is in OPEN state, but the datanode 722c44df-b170-4eeb-abb4-8ab07bb69a54{ip: 192.168.164.211, host: pr-hdds-2283-cnrrq-1638407854, networkLocation: /default-rack, certSerialId: null} reports an CLOSED replica.
2019-10-17 07:42:45,787 [EventQueue-ContainerReportForContainerReportHandler] WARN  container.ContainerReportHandler (AbstractContainerReportHandler.java:updateContainerState(145)) - Container #1 is in OPEN state, but the datanode 6ea7cc1b-6dd1-4a6f-b526-a2c2472221ee{ip: 192.168.164.211, host: pr-hdds-2283-cnrrq-1638407854, networkLocation: /default-rack, certSerialId: null} reports an CLOSED replica.
2019-10-17 07:42:46,066 [EventQueue-ContainerReportForContainerReportHandler] WARN  container.ContainerReportHandler (AbstractContainerReportHandler.java:updateContainerState(145)) - Container #1 is in OPEN state, but the datanode 722c44df-b170-4eeb-abb4-8ab07bb69a54{ip: 192.168.164.211, host: pr-hdds-2283-cnrrq-1638407854, networkLocation: /default-rack, certSerialId: null} reports an CLOSED replica.
2019-10-17 07:42:46,187 [EventQueue-ContainerReportForContainerReportHandler] WARN  container.ContainerReportHandler (AbstractContainerReportHandler.java:updateContainerState(145)) - Container #1 is in OPEN state, but the datanode 6ea7cc1b-6dd1-4a6f-b526-a2c2472221ee{ip: 192.168.164.211, host: pr-hdds-2283-cnrrq-1638407854, networkLocation: /default-rack, certSerialId: null} reports an CLOSED replica.
2019-10-17 07:42:46,261 [BlockDeletingService#3] WARN  background.BlockDeletingService (BlockDeletingService.java:isDeletionAllowed(187)) - Close Container log Index 6 is not replicated across allthe servers in the pipeline 6e647d31-eff2-4ddc-80e8-f450baf5df14 as the min replicated index is 4. Deletion is not allowed in this container yet.
2019-10-17 07:42:46,261 [BlockDeletingService#2] WARN  background.BlockDeletingService (BlockDeletingService.java:isDeletionAllowed(187)) - Close Container log Index 6 is not replicated across allthe servers in the pipeline 6e647d31-eff2-4ddc-80e8-f450baf5df14 as the min replicated index is 4. Deletion is not allowed in this container yet.
2019-10-17 07:42:46,365 [EventQueue-ContainerReportForContainerReportHandler] WARN  container.ContainerReportHandler (AbstractContainerReportHandler.java:updateContainerState(145)) - Container #1 is in OPEN state, but the datanode 722c44df-b170-4eeb-abb4-8ab07bb69a54{ip: 192.168.164.211, host: pr-hdds-2283-cnrrq-1638407854, networkLocation: /default-rack, certSerialId: null} reports an CLOSED replica.
2019-10-17 07:42:46,420 [Thread-482] INFO  client.GrpcClientProtocolService (GrpcClientProtocolService.java:lambda$processClientRequest$0(278)) - Failed RaftClientRequest:client-352DFC73CCDB->6ea7cc1b-6dd1-4a6f-b526-a2c2472221ee@group-F450BAF5DF14, cid=10, seq=0, Watch-ALL_COMMITTED(6), Message:<EMPTY>, reply=RaftClientReply:client-352DFC73CCDB->6ea7cc1b-6dd1-4a6f-b526-a2c2472221ee@group-F450BAF5DF14, cid=10, FAILED org.apache.ratis.protocol.NotLeaderException: Server 6ea7cc1b-6dd1-4a6f-b526-a2c2472221ee@group-F450BAF5DF14 is not the leader 722c44df-b170-4eeb-abb4-8ab07bb69a54:192.168.164.211:33246, logIndex=0, commits[6ea7cc1b-6dd1-4a6f-b526-a2c2472221ee:c10, 722c44df-b170-4eeb-abb4-8ab07bb69a54:c10, 84d87b42-83ce-4078-8a37-3864f9520041:c4]
2019-10-17 07:42:46,487 [EventQueue-ContainerReportForContainerReportHandler] WARN  container.ContainerReportHandler (AbstractContainerReportHandler.java:updateContainerState(145)) - Container #1 is in OPEN state, but the datanode 6ea7cc1b-6dd1-4a6f-b526-a2c2472221ee{ip: 192.168.164.211, host: pr-hdds-2283-cnrrq-1638407854, networkLocation: /default-rack, certSerialId: null} reports an CLOSED replica.
2019-10-17 07:42:46,566 [EventQueue-ContainerReportForContainerReportHandler] WARN  container.ContainerReportHandler (AbstractContainerReportHandler.java:updateContainerState(145)) - Container #1 is in OPEN state, but the datanode 722c44df-b170-4eeb-abb4-8ab07bb69a54{ip: 192.168.164.211, host: pr-hdds-2283-cnrrq-1638407854, networkLocation: /default-rack, certSerialId: null} reports an CLOSED replica.
2019-10-17 07:42:46,682 [Thread-485] INFO  client.GrpcClientProtocolService (GrpcClientProtocolService.java:lambda$processClientRequest$0(278)) - Failed RaftClientRequest:client-352DFC73CCDB->722c44df-b170-4eeb-abb4-8ab07bb69a54@group-F450BAF5DF14, cid=10, seq=0, Watch-ALL_COMMITTED(6), Message:<EMPTY>, reply=RaftClientReply:client-352DFC73CCDB->722c44df-b170-4eeb-abb4-8ab07bb69a54@group-F450BAF5DF14, cid=10, FAILED org.apache.ratis.protocol.NotReplicatedException: Request with call Id 10 and log index 6 is not yet replicated to ALL_COMMITTED, logIndex=6, commits[722c44df-b170-4eeb-abb4-8ab07bb69a54:c10, 6ea7cc1b-6dd1-4a6f-b526-a2c2472221ee:c10, 84d87b42-83ce-4078-8a37-3864f9520041:c4]
2019-10-17 07:42:46,867 [EventQueue-ContainerReportForContainerReportHandler] WARN  container.ContainerReportHandler (AbstractContainerReportHandler.java:updateContainerState(145)) - Container #1 is in OPEN state, but the datanode 722c44df-b170-4eeb-abb4-8ab07bb69a54{ip: 192.168.164.211, host: pr-hdds-2283-cnrrq-1638407854, networkLocation: /default-rack, certSerialId: null} reports an CLOSED replica.
2019-10-17 07:42:46,886 [EventQueue-ContainerReportForContainerReportHandler] WARN  container.ContainerReportHandler (AbstractContainerReportHandler.java:updateContainerState(145)) - Container #1 is in OPEN state, but the datanode 6ea7cc1b-6dd1-4a6f-b526-a2c2472221ee{ip: 192.168.164.211, host: pr-hdds-2283-cnrrq-1638407854, networkLocation: /default-rack, certSerialId: null} reports an CLOSED replica.
2019-10-17 07:42:47,067 [EventQueue-ContainerReportForContainerReportHandler] WARN  container.ContainerReportHandler (AbstractContainerReportHandler.java:updateContainerState(145)) - Container #1 is in OPEN state, but the datanode 722c44df-b170-4eeb-abb4-8ab07bb69a54{ip: 192.168.164.211, host: pr-hdds-2283-cnrrq-1638407854, networkLocation: /default-rack, certSerialId: null} reports an CLOSED replica.
2019-10-17 07:42:47,262 [BlockDeletingService#3] WARN  background.BlockDeletingService (BlockDeletingService.java:isDeletionAllowed(187)) - Close Container log Index 6 is not replicated across allthe servers in the pipeline 6e647d31-eff2-4ddc-80e8-f450baf5df14 as the min replicated index is 4. Deletion is not allowed in this container yet.
2019-10-17 07:42:47,263 [BlockDeletingService#2] WARN  background.BlockDeletingService (BlockDeletingService.java:isDeletionAllowed(187)) - Close Container log Index 6 is not replicated across allthe servers in the pipeline 6e647d31-eff2-4ddc-80e8-f450baf5df14 as the min replicated index is 4. Deletion is not allowed in this container yet.
2019-10-17 07:42:47,287 [EventQueue-ContainerReportForContainerReportHandler] WARN  container.ContainerReportHandler (AbstractContainerReportHandler.java:updateContainerState(145)) - Container #1 is in OPEN state, but the datanode 6ea7cc1b-6dd1-4a6f-b526-a2c2472221ee{ip: 192.168.164.211, host: pr-hdds-2283-cnrrq-1638407854, networkLocation: /default-rack, certSerialId: null} reports an CLOSED replica.
2019-10-17 07:42:47,293 [java.util.concurrent.ThreadPoolExecutor$Worker@3d6cb76e[State = -1, empty queue]] WARN  server.GrpcLogAppender (GrpcLogAppender.java:timeoutAppendRequest(209)) - 722c44df-b170-4eeb-abb4-8ab07bb69a54@group-F450BAF5DF14->84d87b42-83ce-4078-8a37-3864f9520041-GrpcLogAppender: appendEntries Timeout, request=722c44df-b170-4eeb-abb4-8ab07bb69a54->84d87b42-83ce-4078-8a37-3864f9520041#43-t3, previous=(t:3, i:10), leaderCommit=10, initializing? false, entries: <empty>
2019-10-17 07:42:47,367 [EventQueue-ContainerReportForContainerReportHandler] WARN  container.ContainerReportHandler (AbstractContainerReportHandler.java:updateContainerState(145)) - Container #1 is in OPEN state, but the datanode 722c44df-b170-4eeb-abb4-8ab07bb69a54{ip: 192.168.164.211, host: pr-hdds-2283-cnrrq-1638407854, networkLocation: /default-rack, certSerialId: null} reports an CLOSED replica.
2019-10-17 07:42:47,667 [EventQueue-ContainerReportForContainerReportHandler] WARN  container.ContainerReportHandler (AbstractContainerReportHandler.java:updateContainerState(145)) - Container #1 is in OPEN state, but the datanode 722c44df-b170-4eeb-abb4-8ab07bb69a54{ip: 192.168.164.211, host: pr-hdds-2283-cnrrq-1638407854, networkLocation: /default-rack, certSerialId: null} reports an CLOSED replica.
2019-10-17 07:42:47,687 [EventQueue-ContainerReportForContainerReportHandler] WARN  container.ContainerReportHandler (AbstractContainerReportHandler.java:updateContainerState(145)) - Container #1 is in OPEN state, but the datanode 6ea7cc1b-6dd1-4a6f-b526-a2c2472221ee{ip: 192.168.164.211, host: pr-hdds-2283-cnrrq-1638407854, networkLocation: /default-rack, certSerialId: null} reports an CLOSED replica.
2019-10-17 07:42:47,887 [EventQueue-ContainerReportForContainerReportHandler] WARN  container.ContainerReportHandler (AbstractContainerReportHandler.java:updateContainerState(145)) - Container #1 is in OPEN state, but the datanode 6ea7cc1b-6dd1-4a6f-b526-a2c2472221ee{ip: 192.168.164.211, host: pr-hdds-2283-cnrrq-1638407854, networkLocation: /default-rack, certSerialId: null} reports an CLOSED replica.
2019-10-17 07:42:47,967 [EventQueue-ContainerReportForContainerReportHandler] WARN  container.ContainerReportHandler (AbstractContainerReportHandler.java:updateContainerState(145)) - Container #1 is in OPEN state, but the datanode 722c44df-b170-4eeb-abb4-8ab07bb69a54{ip: 192.168.164.211, host: pr-hdds-2283-cnrrq-1638407854, networkLocation: /default-rack, certSerialId: null} reports an CLOSED replica.
2019-10-17 07:42:48,187 [EventQueue-ContainerReportForContainerReportHandler] WARN  container.ContainerReportHandler (AbstractContainerReportHandler.java:updateContainerState(145)) - Container #1 is in OPEN state, but the datanode 6ea7cc1b-6dd1-4a6f-b526-a2c2472221ee{ip: 192.168.164.211, host: pr-hdds-2283-cnrrq-1638407854, networkLocation: /default-rack, certSerialId: null} reports an CLOSED replica.
2019-10-17 07:42:48,265 [BlockDeletingService#3] WARN  background.BlockDeletingService (BlockDeletingService.java:isDeletionAllowed(187)) - Close Container log Index 6 is not replicated across allthe servers in the pipeline 6e647d31-eff2-4ddc-80e8-f450baf5df14 as the min replicated index is 4. Deletion is not allowed in this container yet.
2019-10-17 07:42:48,265 [BlockDeletingService#2] WARN  background.BlockDeletingService (BlockDeletingService.java:isDeletionAllowed(187)) - Close Container log Index 6 is not replicated across allthe servers in the pipeline 6e647d31-eff2-4ddc-80e8-f450baf5df14 as the min replicated index is 4. Deletion is not allowed in this container yet.
2019-10-17 07:42:48,267 [EventQueue-ContainerReportForContainerReportHandler] WARN  container.ContainerReportHandler (AbstractContainerReportHandler.java:updateContainerState(145)) - Container #1 is in OPEN state, but the datanode 722c44df-b170-4eeb-abb4-8ab07bb69a54{ip: 192.168.164.211, host: pr-hdds-2283-cnrrq-1638407854, networkLocation: /default-rack, certSerialId: null} reports an CLOSED replica.
2019-10-17 07:42:48,487 [EventQueue-ContainerReportForContainerReportHandler] WARN  container.ContainerReportHandler (AbstractContainerReportHandler.java:updateContainerState(145)) - Container #1 is in OPEN state, but the datanode 6ea7cc1b-6dd1-4a6f-b526-a2c2472221ee{ip: 192.168.164.211, host: pr-hdds-2283-cnrrq-1638407854, networkLocation: /default-rack, certSerialId: null} reports an CLOSED replica.
2019-10-17 07:42:48,567 [EventQueue-ContainerReportForContainerReportHandler] WARN  container.ContainerReportHandler (AbstractContainerReportHandler.java:updateContainerState(145)) - Container #1 is in OPEN state, but the datanode 722c44df-b170-4eeb-abb4-8ab07bb69a54{ip: 192.168.164.211, host: pr-hdds-2283-cnrrq-1638407854, networkLocation: /default-rack, certSerialId: null} reports an CLOSED replica.
2019-10-17 07:42:48,788 [EventQueue-ContainerReportForContainerReportHandler] WARN  container.ContainerReportHandler (AbstractContainerReportHandler.java:updateContainerState(145)) - Container #1 is in OPEN state, but the datanode 6ea7cc1b-6dd1-4a6f-b526-a2c2472221ee{ip: 192.168.164.211, host: pr-hdds-2283-cnrrq-1638407854, networkLocation: /default-rack, certSerialId: null} reports an CLOSED replica.
2019-10-17 07:42:48,968 [EventQueue-ContainerReportForContainerReportHandler] WARN  container.ContainerReportHandler (AbstractContainerReportHandler.java:updateContainerState(145)) - Container #1 is in OPEN state, but the datanode 722c44df-b170-4eeb-abb4-8ab07bb69a54{ip: 192.168.164.211, host: pr-hdds-2283-cnrrq-1638407854, networkLocation: /default-rack, certSerialId: null} reports an CLOSED replica.
2019-10-17 07:42:49,188 [EventQueue-ContainerReportForContainerReportHandler] WARN  container.ContainerReportHandler (AbstractContainerReportHandler.java:updateContainerState(145)) - Container #1 is in OPEN state, but the datanode 6ea7cc1b-6dd1-4a6f-b526-a2c2472221ee{ip: 192.168.164.211, host: pr-hdds-2283-cnrrq-1638407854, networkLocation: /default-rack, certSerialId: null} reports an CLOSED replica.
2019-10-17 07:42:49,266 [BlockDeletingService#3] WARN  background.BlockDeletingService (BlockDeletingService.java:isDeletionAllowed(187)) - Close Container log Index 6 is not replicated across allthe servers in the pipeline 6e647d31-eff2-4ddc-80e8-f450baf5df14 as the min replicated index is 4. Deletion is not allowed in this container yet.
2019-10-17 07:42:49,267 [BlockDeletingService#2] WARN  background.BlockDeletingService (BlockDeletingService.java:isDeletionAllowed(187)) - Close Container log Index 6 is not replicated across allthe servers in the pipeline 6e647d31-eff2-4ddc-80e8-f450baf5df14 as the min replicated index is 4. Deletion is not allowed in this container yet.
2019-10-17 07:42:49,270 [EventQueue-ContainerReportForContainerReportHandler] WARN  container.ContainerReportHandler (AbstractContainerReportHandler.java:updateContainerState(145)) - Container #1 is in OPEN state, but the datanode 722c44df-b170-4eeb-abb4-8ab07bb69a54{ip: 192.168.164.211, host: pr-hdds-2283-cnrrq-1638407854, networkLocation: /default-rack, certSerialId: null} reports an CLOSED replica.
2019-10-17 07:42:49,487 [EventQueue-ContainerReportForContainerReportHandler] WARN  container.ContainerReportHandler (AbstractContainerReportHandler.java:updateContainerState(145)) - Container #1 is in OPEN state, but the datanode 6ea7cc1b-6dd1-4a6f-b526-a2c2472221ee{ip: 192.168.164.211, host: pr-hdds-2283-cnrrq-1638407854, networkLocation: /default-rack, certSerialId: null} reports an CLOSED replica.
2019-10-17 07:42:49,570 [EventQueue-ContainerReportForContainerReportHandler] WARN  container.ContainerReportHandler (AbstractContainerReportHandler.java:updateContainerState(145)) - Container #1 is in OPEN state, but the datanode 722c44df-b170-4eeb-abb4-8ab07bb69a54{ip: 192.168.164.211, host: pr-hdds-2283-cnrrq-1638407854, networkLocation: /default-rack, certSerialId: null} reports an CLOSED replica.
2019-10-17 07:42:49,789 [EventQueue-ContainerReportForContainerReportHandler] WARN  container.ContainerReportHandler (AbstractContainerReportHandler.java:updateContainerState(145)) - Container #1 is in OPEN state, but the datanode 6ea7cc1b-6dd1-4a6f-b526-a2c2472221ee{ip: 192.168.164.211, host: pr-hdds-2283-cnrrq-1638407854, networkLocation: /default-rack, certSerialId: null} reports an CLOSED replica.
2019-10-17 07:42:49,794 [java.util.concurrent.ThreadPoolExecutor$Worker@3d6cb76e[State = -1, empty queue]] WARN  server.GrpcLogAppender (GrpcLogAppender.java:timeoutAppendRequest(209)) - 722c44df-b170-4eeb-abb4-8ab07bb69a54@group-F450BAF5DF14->84d87b42-83ce-4078-8a37-3864f9520041-GrpcLogAppender: appendEntries Timeout, request=722c44df-b170-4eeb-abb4-8ab07bb69a54->84d87b42-83ce-4078-8a37-3864f9520041#44-t3, previous=(t:3, i:10), leaderCommit=10, initializing? false, entries: <empty>
2019-10-17 07:42:49,969 [EventQueue-ContainerReportForContainerReportHandler] WARN  container.ContainerReportHandler (AbstractContainerReportHandler.java:updateContainerState(145)) - Container #1 is in OPEN state, but the datanode 722c44df-b170-4eeb-abb4-8ab07bb69a54{ip: 192.168.164.211, host: pr-hdds-2283-cnrrq-1638407854, networkLocation: /default-rack, certSerialId: null} reports an CLOSED replica.
2019-10-17 07:42:50,170 [EventQueue-ContainerReportForContainerReportHandler] WARN  container.ContainerReportHandler (AbstractContainerReportHandler.java:updateContainerState(145)) - Container #1 is in OPEN state, but the datanode 722c44df-b170-4eeb-abb4-8ab07bb69a54{ip: 192.168.164.211, host: pr-hdds-2283-cnrrq-1638407854, networkLocation: /default-rack, certSerialId: null} reports an CLOSED replica.
2019-10-17 07:42:50,189 [EventQueue-ContainerReportForContainerReportHandler] WARN  container.ContainerReportHandler (AbstractContainerReportHandler.java:updateContainerState(145)) - Container #1 is in OPEN state, but the datanode 6ea7cc1b-6dd1-4a6f-b526-a2c2472221ee{ip: 192.168.164.211, host: pr-hdds-2283-cnrrq-1638407854, networkLocation: /default-rack, certSerialId: null} reports an CLOSED replica.
2019-10-17 07:42:50,268 [BlockDeletingService#3] WARN  background.BlockDeletingService (BlockDeletingService.java:isDeletionAllowed(187)) - Close Container log Index 6 is not replicated across allthe servers in the pipeline 6e647d31-eff2-4ddc-80e8-f450baf5df14 as the min replicated index is 4. Deletion is not allowed in this container yet.
2019-10-17 07:42:50,268 [BlockDeletingService#2] WARN  background.BlockDeletingService (BlockDeletingService.java:isDeletionAllowed(187)) - Close Container log Index 6 is not replicated across allthe servers in the pipeline 6e647d31-eff2-4ddc-80e8-f450baf5df14 as the min replicated index is 4. Deletion is not allowed in this container yet.
2019-10-17 07:42:50,470 [EventQueue-ContainerReportForContainerReportHandler] WARN  container.ContainerReportHandler (AbstractContainerReportHandler.java:updateContainerState(145)) - Container #1 is in OPEN state, but the datanode 722c44df-b170-4eeb-abb4-8ab07bb69a54{ip: 192.168.164.211, host: pr-hdds-2283-cnrrq-1638407854, networkLocation: /default-rack, certSerialId: null} reports an CLOSED replica.
2019-10-17 07:42:50,491 [EventQueue-ContainerReportForContainerReportHandler] WARN  container.ContainerReportHandler (AbstractContainerReportHandler.java:updateContainerState(145)) - Container #1 is in OPEN state, but the datanode 6ea7cc1b-6dd1-4a6f-b526-a2c2472221ee{ip: 192.168.164.211, host: pr-hdds-2283-cnrrq-1638407854, networkLocation: /default-rack, certSerialId: null} reports an CLOSED replica.
2019-10-17 07:42:50,871 [EventQueue-ContainerReportForContainerReportHandler] WARN  container.ContainerReportHandler (AbstractContainerReportHandler.java:updateContainerState(145)) - Container #1 is in OPEN state, but the datanode 722c44df-b170-4eeb-abb4-8ab07bb69a54{ip: 192.168.164.211, host: pr-hdds-2283-cnrrq-1638407854, networkLocation: /default-rack, certSerialId: null} reports an CLOSED replica.
2019-10-17 07:42:50,891 [EventQueue-ContainerReportForContainerReportHandler] WARN  container.ContainerReportHandler (AbstractContainerReportHandler.java:updateContainerState(145)) - Container #1 is in OPEN state, but the datanode 6ea7cc1b-6dd1-4a6f-b526-a2c2472221ee{ip: 192.168.164.211, host: pr-hdds-2283-cnrrq-1638407854, networkLocation: /default-rack, certSerialId: null} reports an CLOSED replica.
2019-10-17 07:42:51,190 [EventQueue-ContainerReportForContainerReportHandler] WARN  container.ContainerReportHandler (AbstractContainerReportHandler.java:updateContainerState(145)) - Container #1 is in OPEN state, but the datanode 6ea7cc1b-6dd1-4a6f-b526-a2c2472221ee{ip: 192.168.164.211, host: pr-hdds-2283-cnrrq-1638407854, networkLocation: /default-rack, certSerialId: null} reports an CLOSED replica.
2019-10-17 07:42:51,270 [BlockDeletingService#2] WARN  background.BlockDeletingService (BlockDeletingService.java:isDeletionAllowed(187)) - Close Container log Index 6 is not replicated across allthe servers in the pipeline 6e647d31-eff2-4ddc-80e8-f450baf5df14 as the min replicated index is 4. Deletion is not allowed in this container yet.
2019-10-17 07:42:51,270 [BlockDeletingService#3] WARN  background.BlockDeletingService (BlockDeletingService.java:isDeletionAllowed(187)) - Close Container log Index 6 is not replicated across allthe servers in the pipeline 6e647d31-eff2-4ddc-80e8-f450baf5df14 as the min replicated index is 4. Deletion is not allowed in this container yet.
2019-10-17 07:42:51,270 [EventQueue-ContainerReportForContainerReportHandler] WARN  container.ContainerReportHandler (AbstractContainerReportHandler.java:updateContainerState(145)) - Container #1 is in OPEN state, but the datanode 722c44df-b170-4eeb-abb4-8ab07bb69a54{ip: 192.168.164.211, host: pr-hdds-2283-cnrrq-1638407854, networkLocation: /default-rack, certSerialId: null} reports an CLOSED replica.
2019-10-17 07:42:51,470 [EventQueue-ContainerReportForContainerReportHandler] WARN  container.ContainerReportHandler (AbstractContainerReportHandler.java:updateContainerState(145)) - Container #1 is in OPEN state, but the datanode 722c44df-b170-4eeb-abb4-8ab07bb69a54{ip: 192.168.164.211, host: pr-hdds-2283-cnrrq-1638407854, networkLocation: /default-rack, certSerialId: null} reports an CLOSED replica.
2019-10-17 07:42:51,490 [EventQueue-ContainerReportForContainerReportHandler] WARN  container.ContainerReportHandler (AbstractContainerReportHandler.java:updateContainerState(145)) - Container #1 is in OPEN state, but the datanode 6ea7cc1b-6dd1-4a6f-b526-a2c2472221ee{ip: 192.168.164.211, host: pr-hdds-2283-cnrrq-1638407854, networkLocation: /default-rack, certSerialId: null} reports an CLOSED replica.
2019-10-17 07:42:51,772 [EventQueue-ContainerReportForContainerReportHandler] WARN  container.ContainerReportHandler (AbstractContainerReportHandler.java:updateContainerState(145)) - Container #1 is in OPEN state, but the datanode 722c44df-b170-4eeb-abb4-8ab07bb69a54{ip: 192.168.164.211, host: pr-hdds-2283-cnrrq-1638407854, networkLocation: /default-rack, certSerialId: null} reports an CLOSED replica.
2019-10-17 07:42:51,891 [EventQueue-ContainerReportForContainerReportHandler] WARN  container.ContainerReportHandler (AbstractContainerReportHandler.java:updateContainerState(145)) - Container #1 is in OPEN state, but the datanode 6ea7cc1b-6dd1-4a6f-b526-a2c2472221ee{ip: 192.168.164.211, host: pr-hdds-2283-cnrrq-1638407854, networkLocation: /default-rack, certSerialId: null} reports an CLOSED replica.
2019-10-17 07:42:51,973 [EventQueue-ContainerReportForContainerReportHandler] WARN  container.ContainerReportHandler (AbstractContainerReportHandler.java:updateContainerState(145)) - Container #1 is in OPEN state, but the datanode 722c44df-b170-4eeb-abb4-8ab07bb69a54{ip: 192.168.164.211, host: pr-hdds-2283-cnrrq-1638407854, networkLocation: /default-rack, certSerialId: null} reports an CLOSED replica.
2019-10-17 07:42:52,191 [EventQueue-ContainerReportForContainerReportHandler] WARN  container.ContainerReportHandler (AbstractContainerReportHandler.java:updateContainerState(145)) - Container #1 is in OPEN state, but the datanode 6ea7cc1b-6dd1-4a6f-b526-a2c2472221ee{ip: 192.168.164.211, host: pr-hdds-2283-cnrrq-1638407854, networkLocation: /default-rack, certSerialId: null} reports an CLOSED replica.
2019-10-17 07:42:52,272 [BlockDeletingService#2] WARN  background.BlockDeletingService (BlockDeletingService.java:isDeletionAllowed(187)) - Close Container log Index 6 is not replicated across allthe servers in the pipeline 6e647d31-eff2-4ddc-80e8-f450baf5df14 as the min replicated index is 4. Deletion is not allowed in this container yet.
2019-10-17 07:42:52,272 [BlockDeletingService#3] WARN  background.BlockDeletingService (BlockDeletingService.java:isDeletionAllowed(187)) - Close Container log Index 6 is not replicated across allthe servers in the pipeline 6e647d31-eff2-4ddc-80e8-f450baf5df14 as the min replicated index is 4. Deletion is not allowed in this container yet.
2019-10-17 07:42:52,274 [EventQueue-ContainerReportForContainerReportHandler] WARN  container.ContainerReportHandler (AbstractContainerReportHandler.java:updateContainerState(145)) - Container #1 is in OPEN state, but the datanode 722c44df-b170-4eeb-abb4-8ab07bb69a54{ip: 192.168.164.211, host: pr-hdds-2283-cnrrq-1638407854, networkLocation: /default-rack, certSerialId: null} reports an CLOSED replica.
2019-10-17 07:42:52,294 [java.util.concurrent.ThreadPoolExecutor$Worker@3d6cb76e[State = -1, empty queue]] WARN  server.GrpcLogAppender (GrpcLogAppender.java:timeoutAppendRequest(209)) - 722c44df-b170-4eeb-abb4-8ab07bb69a54@group-F450BAF5DF14->84d87b42-83ce-4078-8a37-3864f9520041-GrpcLogAppender: appendEntries Timeout, request=722c44df-b170-4eeb-abb4-8ab07bb69a54->84d87b42-83ce-4078-8a37-3864f9520041#45-t3, previous=(t:3, i:10), leaderCommit=10, initializing? false, entries: <empty>
2019-10-17 07:42:52,491 [EventQueue-ContainerReportForContainerReportHandler] WARN  container.ContainerReportHandler (AbstractContainerReportHandler.java:updateContainerState(145)) - Container #1 is in OPEN state, but the datanode 6ea7cc1b-6dd1-4a6f-b526-a2c2472221ee{ip: 192.168.164.211, host: pr-hdds-2283-cnrrq-1638407854, networkLocation: /default-rack, certSerialId: null} reports an CLOSED replica.
2019-10-17 07:42:52,574 [EventQueue-ContainerReportForContainerReportHandler] WARN  container.ContainerReportHandler (AbstractContainerReportHandler.java:updateContainerState(145)) - Container #1 is in OPEN state, but the datanode 722c44df-b170-4eeb-abb4-8ab07bb69a54{ip: 192.168.164.211, host: pr-hdds-2283-cnrrq-1638407854, networkLocation: /default-rack, certSerialId: null} reports an CLOSED replica.
2019-10-17 07:42:52,774 [EventQueue-ContainerReportForContainerReportHandler] WARN  container.ContainerReportHandler (AbstractContainerReportHandler.java:updateContainerState(145)) - Container #1 is in OPEN state, but the datanode 722c44df-b170-4eeb-abb4-8ab07bb69a54{ip: 192.168.164.211, host: pr-hdds-2283-cnrrq-1638407854, networkLocation: /default-rack, certSerialId: null} reports an CLOSED replica.
2019-10-17 07:42:52,790 [EventQueue-ContainerReportForContainerReportHandler] WARN  container.ContainerReportHandler (AbstractContainerReportHandler.java:updateContainerState(145)) - Container #1 is in OPEN state, but the datanode 6ea7cc1b-6dd1-4a6f-b526-a2c2472221ee{ip: 192.168.164.211, host: pr-hdds-2283-cnrrq-1638407854, networkLocation: /default-rack, certSerialId: null} reports an CLOSED replica.
2019-10-17 07:42:53,091 [EventQueue-ContainerReportForContainerReportHandler] WARN  container.ContainerReportHandler (AbstractContainerReportHandler.java:updateContainerState(145)) - Container #1 is in OPEN state, but the datanode 6ea7cc1b-6dd1-4a6f-b526-a2c2472221ee{ip: 192.168.164.211, host: pr-hdds-2283-cnrrq-1638407854, networkLocation: /default-rack, certSerialId: null} reports an CLOSED replica.
2019-10-17 07:42:53,174 [EventQueue-ContainerReportForContainerReportHandler] WARN  container.ContainerReportHandler (AbstractContainerReportHandler.java:updateContainerState(145)) - Container #1 is in OPEN state, but the datanode 722c44df-b170-4eeb-abb4-8ab07bb69a54{ip: 192.168.164.211, host: pr-hdds-2283-cnrrq-1638407854, networkLocation: /default-rack, certSerialId: null} reports an CLOSED replica.
2019-10-17 07:42:53,276 [BlockDeletingService#2] WARN  background.BlockDeletingService (BlockDeletingService.java:isDeletionAllowed(187)) - Close Container log Index 6 is not replicated across allthe servers in the pipeline 6e647d31-eff2-4ddc-80e8-f450baf5df14 as the min replicated index is 4. Deletion is not allowed in this container yet.
2019-10-17 07:42:53,276 [BlockDeletingService#3] WARN  background.BlockDeletingService (BlockDeletingService.java:isDeletionAllowed(187)) - Close Container log Index 6 is not replicated across allthe servers in the pipeline 6e647d31-eff2-4ddc-80e8-f450baf5df14 as the min replicated index is 4. Deletion is not allowed in this container yet.
2019-10-17 07:42:53,474 [EventQueue-ContainerReportForContainerReportHandler] WARN  container.ContainerReportHandler (AbstractContainerReportHandler.java:updateContainerState(145)) - Container #1 is in OPEN state, but the datanode 722c44df-b170-4eeb-abb4-8ab07bb69a54{ip: 192.168.164.211, host: pr-hdds-2283-cnrrq-1638407854, networkLocation: /default-rack, certSerialId: null} reports an CLOSED replica.
2019-10-17 07:42:53,491 [EventQueue-ContainerReportForContainerReportHandler] WARN  container.ContainerReportHandler (AbstractContainerReportHandler.java:updateContainerState(145)) - Container #1 is in OPEN state, but the datanode 6ea7cc1b-6dd1-4a6f-b526-a2c2472221ee{ip: 192.168.164.211, host: pr-hdds-2283-cnrrq-1638407854, networkLocation: /default-rack, certSerialId: null} reports an CLOSED replica.
2019-10-17 07:42:53,774 [EventQueue-ContainerReportForContainerReportHandler] WARN  container.ContainerReportHandler (AbstractContainerReportHandler.java:updateContainerState(145)) - Container #1 is in OPEN state, but the datanode 722c44df-b170-4eeb-abb4-8ab07bb69a54{ip: 192.168.164.211, host: pr-hdds-2283-cnrrq-1638407854, networkLocation: /default-rack, certSerialId: null} reports an CLOSED replica.
2019-10-17 07:42:53,894 [EventQueue-ContainerReportForContainerReportHandler] WARN  container.ContainerReportHandler (AbstractContainerReportHandler.java:updateContainerState(145)) - Container #1 is in OPEN state, but the datanode 6ea7cc1b-6dd1-4a6f-b526-a2c2472221ee{ip: 192.168.164.211, host: pr-hdds-2283-cnrrq-1638407854, networkLocation: /default-rack, certSerialId: null} reports an CLOSED replica.
2019-10-17 07:42:54,074 [EventQueue-ContainerReportForContainerReportHandler] WARN  container.ContainerReportHandler (AbstractContainerReportHandler.java:updateContainerState(145)) - Container #1 is in OPEN state, but the datanode 722c44df-b170-4eeb-abb4-8ab07bb69a54{ip: 192.168.164.211, host: pr-hdds-2283-cnrrq-1638407854, networkLocation: /default-rack, certSerialId: null} reports an CLOSED replica.
2019-10-17 07:42:54,095 [EventQueue-ContainerReportForContainerReportHandler] WARN  container.ContainerReportHandler (AbstractContainerReportHandler.java:updateContainerState(145)) - Container #1 is in OPEN state, but the datanode 6ea7cc1b-6dd1-4a6f-b526-a2c2472221ee{ip: 192.168.164.211, host: pr-hdds-2283-cnrrq-1638407854, networkLocation: /default-rack, certSerialId: null} reports an CLOSED replica.
2019-10-17 07:42:54,277 [BlockDeletingService#3] WARN  background.BlockDeletingService (BlockDeletingService.java:isDeletionAllowed(187)) - Close Container log Index 6 is not replicated across allthe servers in the pipeline 6e647d31-eff2-4ddc-80e8-f450baf5df14 as the min replicated index is 4. Deletion is not allowed in this container yet.
2019-10-17 07:42:54,277 [BlockDeletingService#2] WARN  background.BlockDeletingService (BlockDeletingService.java:isDeletionAllowed(187)) - Close Container log Index 6 is not replicated across allthe servers in the pipeline 6e647d31-eff2-4ddc-80e8-f450baf5df14 as the min replicated index is 4. Deletion is not allowed in this container yet.
2019-10-17 07:42:54,296 [EventQueue-ContainerReportForContainerReportHandler] WARN  container.ContainerReportHandler (AbstractContainerReportHandler.java:updateContainerState(145)) - Container #1 is in OPEN state, but the datanode 6ea7cc1b-6dd1-4a6f-b526-a2c2472221ee{ip: 192.168.164.211, host: pr-hdds-2283-cnrrq-1638407854, networkLocation: /default-rack, certSerialId: null} reports an CLOSED replica.
2019-10-17 07:42:54,476 [EventQueue-ContainerReportForContainerReportHandler] WARN  container.ContainerReportHandler (AbstractContainerReportHandler.java:updateContainerState(145)) - Container #1 is in OPEN state, but the datanode 722c44df-b170-4eeb-abb4-8ab07bb69a54{ip: 192.168.164.211, host: pr-hdds-2283-cnrrq-1638407854, networkLocation: /default-rack, certSerialId: null} reports an CLOSED replica.
2019-10-17 07:42:54,696 [EventQueue-ContainerReportForContainerReportHandler] WARN  container.ContainerReportHandler (AbstractContainerReportHandler.java:updateContainerState(145)) - Container #1 is in OPEN state, but the datanode 6ea7cc1b-6dd1-4a6f-b526-a2c2472221ee{ip: 192.168.164.211, host: pr-hdds-2283-cnrrq-1638407854, networkLocation: /default-rack, certSerialId: null} reports an CLOSED replica.
2019-10-17 07:42:54,779 [EventQueue-ContainerReportForContainerReportHandler] WARN  container.ContainerReportHandler (AbstractContainerReportHandler.java:updateContainerState(145)) - Container #1 is in OPEN state, but the datanode 722c44df-b170-4eeb-abb4-8ab07bb69a54{ip: 192.168.164.211, host: pr-hdds-2283-cnrrq-1638407854, networkLocation: /default-rack, certSerialId: null} reports an CLOSED replica.
2019-10-17 07:42:54,795 [java.util.concurrent.ThreadPoolExecutor$Worker@3d6cb76e[State = -1, empty queue]] WARN  server.GrpcLogAppender (GrpcLogAppender.java:timeoutAppendRequest(209)) - 722c44df-b170-4eeb-abb4-8ab07bb69a54@group-F450BAF5DF14->84d87b42-83ce-4078-8a37-3864f9520041-GrpcLogAppender: appendEntries Timeout, request=722c44df-b170-4eeb-abb4-8ab07bb69a54->84d87b42-83ce-4078-8a37-3864f9520041#46-t3, previous=(t:3, i:10), leaderCommit=10, initializing? false, entries: <empty>
2019-10-17 07:42:55,095 [EventQueue-ContainerReportForContainerReportHandler] WARN  container.ContainerReportHandler (AbstractContainerReportHandler.java:updateContainerState(145)) - Container #1 is in OPEN state, but the datanode 6ea7cc1b-6dd1-4a6f-b526-a2c2472221ee{ip: 192.168.164.211, host: pr-hdds-2283-cnrrq-1638407854, networkLocation: /default-rack, certSerialId: null} reports an CLOSED replica.
2019-10-17 07:42:55,183 [EventQueue-ContainerReportForContainerReportHandler] WARN  container.ContainerReportHandler (AbstractContainerReportHandler.java:updateContainerState(145)) - Container #1 is in OPEN state, but the datanode 722c44df-b170-4eeb-abb4-8ab07bb69a54{ip: 192.168.164.211, host: pr-hdds-2283-cnrrq-1638407854, networkLocation: /default-rack, certSerialId: null} reports an CLOSED replica.
2019-10-17 07:42:55,279 [BlockDeletingService#3] WARN  background.BlockDeletingService (BlockDeletingService.java:isDeletionAllowed(187)) - Close Container log Index 6 is not replicated across allthe servers in the pipeline 6e647d31-eff2-4ddc-80e8-f450baf5df14 as the min replicated index is 4. Deletion is not allowed in this container yet.
2019-10-17 07:42:55,279 [BlockDeletingService#2] WARN  background.BlockDeletingService (BlockDeletingService.java:isDeletionAllowed(187)) - Close Container log Index 6 is not replicated across allthe servers in the pipeline 6e647d31-eff2-4ddc-80e8-f450baf5df14 as the min replicated index is 4. Deletion is not allowed in this container yet.
2019-10-17 07:42:55,395 [EventQueue-ContainerReportForContainerReportHandler] WARN  container.ContainerReportHandler (AbstractContainerReportHandler.java:updateContainerState(145)) - Container #1 is in OPEN state, but the datanode 6ea7cc1b-6dd1-4a6f-b526-a2c2472221ee{ip: 192.168.164.211, host: pr-hdds-2283-cnrrq-1638407854, networkLocation: /default-rack, certSerialId: null} reports an CLOSED replica.
2019-10-17 07:42:55,483 [EventQueue-ContainerReportForContainerReportHandler] WARN  container.ContainerReportHandler (AbstractContainerReportHandler.java:updateContainerState(145)) - Container #1 is in OPEN state, but the datanode 722c44df-b170-4eeb-abb4-8ab07bb69a54{ip: 192.168.164.211, host: pr-hdds-2283-cnrrq-1638407854, networkLocation: /default-rack, certSerialId: null} reports an CLOSED replica.
2019-10-17 07:42:55,595 [EventQueue-ContainerReportForContainerReportHandler] WARN  container.ContainerReportHandler (AbstractContainerReportHandler.java:updateContainerState(145)) - Container #1 is in OPEN state, but the datanode 6ea7cc1b-6dd1-4a6f-b526-a2c2472221ee{ip: 192.168.164.211, host: pr-hdds-2283-cnrrq-1638407854, networkLocation: /default-rack, certSerialId: null} reports an CLOSED replica.
2019-10-17 07:42:55,683 [EventQueue-ContainerReportForContainerReportHandler] WARN  container.ContainerReportHandler (AbstractContainerReportHandler.java:updateContainerState(145)) - Container #1 is in OPEN state, but the datanode 722c44df-b170-4eeb-abb4-8ab07bb69a54{ip: 192.168.164.211, host: pr-hdds-2283-cnrrq-1638407854, networkLocation: /default-rack, certSerialId: null} reports an CLOSED replica.
2019-10-17 07:42:55,896 [EventQueue-ContainerReportForContainerReportHandler] WARN  container.ContainerReportHandler (AbstractContainerReportHandler.java:updateContainerState(145)) - Container #1 is in OPEN state, but the datanode 6ea7cc1b-6dd1-4a6f-b526-a2c2472221ee{ip: 192.168.164.211, host: pr-hdds-2283-cnrrq-1638407854, networkLocation: /default-rack, certSerialId: null} reports an CLOSED replica.
2019-10-17 07:42:55,983 [EventQueue-ContainerReportForContainerReportHandler] WARN  container.ContainerReportHandler (AbstractContainerReportHandler.java:updateContainerState(145)) - Container #1 is in OPEN state, but the datanode 722c44df-b170-4eeb-abb4-8ab07bb69a54{ip: 192.168.164.211, host: pr-hdds-2283-cnrrq-1638407854, networkLocation: /default-rack, certSerialId: null} reports an CLOSED replica.
2019-10-17 07:42:56,280 [BlockDeletingService#3] WARN  background.BlockDeletingService (BlockDeletingService.java:isDeletionAllowed(187)) - Close Container log Index 6 is not replicated across allthe servers in the pipeline 6e647d31-eff2-4ddc-80e8-f450baf5df14 as the min replicated index is 4. Deletion is not allowed in this container yet.
2019-10-17 07:42:56,280 [BlockDeletingService#2] WARN  background.BlockDeletingService (BlockDeletingService.java:isDeletionAllowed(187)) - Close Container log Index 6 is not replicated across allthe servers in the pipeline 6e647d31-eff2-4ddc-80e8-f450baf5df14 as the min replicated index is 4. Deletion is not allowed in this container yet.
2019-10-17 07:42:56,297 [EventQueue-ContainerReportForContainerReportHandler] WARN  container.ContainerReportHandler (AbstractContainerReportHandler.java:updateContainerState(145)) - Container #1 is in OPEN state, but the datanode 6ea7cc1b-6dd1-4a6f-b526-a2c2472221ee{ip: 192.168.164.211, host: pr-hdds-2283-cnrrq-1638407854, networkLocation: /default-rack, certSerialId: null} reports an CLOSED replica.
2019-10-17 07:42:56,384 [EventQueue-ContainerReportForContainerReportHandler] WARN  container.ContainerReportHandler (AbstractContainerReportHandler.java:updateContainerState(145)) - Container #1 is in OPEN state, but the datanode 722c44df-b170-4eeb-abb4-8ab07bb69a54{ip: 192.168.164.211, host: pr-hdds-2283-cnrrq-1638407854, networkLocation: /default-rack, certSerialId: null} reports an CLOSED replica.
2019-10-17 07:42:56,598 [EventQueue-ContainerReportForContainerReportHandler] WARN  container.ContainerReportHandler (AbstractContainerReportHandler.java:updateContainerState(145)) - Container #1 is in OPEN state, but the datanode 6ea7cc1b-6dd1-4a6f-b526-a2c2472221ee{ip: 192.168.164.211, host: pr-hdds-2283-cnrrq-1638407854, networkLocation: /default-rack, certSerialId: null} reports an CLOSED replica.
2019-10-17 07:42:56,682 [Thread-514] INFO  client.GrpcClientProtocolService (GrpcClientProtocolService.java:lambda$processClientRequest$0(278)) - Failed RaftClientRequest:client-352DFC73CCDB->722c44df-b170-4eeb-abb4-8ab07bb69a54@group-F450BAF5DF14, cid=10, seq=0, Watch-ALL_COMMITTED(6), Message:<EMPTY>, reply=RaftClientReply:client-352DFC73CCDB->722c44df-b170-4eeb-abb4-8ab07bb69a54@group-F450BAF5DF14, cid=10, FAILED org.apache.ratis.protocol.NotReplicatedException: Request with call Id 10 and log index 6 is not yet replicated to ALL_COMMITTED, logIndex=6, commits[722c44df-b170-4eeb-abb4-8ab07bb69a54:c10, 6ea7cc1b-6dd1-4a6f-b526-a2c2472221ee:c10, 84d87b42-83ce-4078-8a37-3864f9520041:c4]
2019-10-17 07:42:56,685 [EventQueue-ContainerReportForContainerReportHandler] WARN  container.ContainerReportHandler (AbstractContainerReportHandler.java:updateContainerState(145)) - Container #1 is in OPEN state, but the datanode 722c44df-b170-4eeb-abb4-8ab07bb69a54{ip: 192.168.164.211, host: pr-hdds-2283-cnrrq-1638407854, networkLocation: /default-rack, certSerialId: null} reports an CLOSED replica.
2019-10-17 07:42:56,899 [EventQueue-ContainerReportForContainerReportHandler] WARN  container.ContainerReportHandler (AbstractContainerReportHandler.java:updateContainerState(145)) - Container #1 is in OPEN state, but the datanode 6ea7cc1b-6dd1-4a6f-b526-a2c2472221ee{ip: 192.168.164.211, host: pr-hdds-2283-cnrrq-1638407854, networkLocation: /default-rack, certSerialId: null} reports an CLOSED replica.
2019-10-17 07:42:56,986 [EventQueue-ContainerReportForContainerReportHandler] WARN  container.ContainerReportHandler (AbstractContainerReportHandler.java:updateContainerState(145)) - Container #1 is in OPEN state, but the datanode 722c44df-b170-4eeb-abb4-8ab07bb69a54{ip: 192.168.164.211, host: pr-hdds-2283-cnrrq-1638407854, networkLocation: /default-rack, certSerialId: null} reports an CLOSED replica.
2019-10-17 07:42:57,199 [EventQueue-ContainerReportForContainerReportHandler] WARN  container.ContainerReportHandler (AbstractContainerReportHandler.java:updateContainerState(145)) - Container #1 is in OPEN state, but the datanode 6ea7cc1b-6dd1-4a6f-b526-a2c2472221ee{ip: 192.168.164.211, host: pr-hdds-2283-cnrrq-1638407854, networkLocation: /default-rack, certSerialId: null} reports an CLOSED replica.
2019-10-17 07:42:57,282 [BlockDeletingService#2] WARN  background.BlockDeletingService (BlockDeletingService.java:isDeletionAllowed(187)) - Close Container log Index 6 is not replicated across allthe servers in the pipeline 6e647d31-eff2-4ddc-80e8-f450baf5df14 as the min replicated index is 4. Deletion is not allowed in this container yet.
2019-10-17 07:42:57,284 [BlockDeletingService#3] WARN  background.BlockDeletingService (BlockDeletingService.java:isDeletionAllowed(187)) - Close Container log Index 6 is not replicated across allthe servers in the pipeline 6e647d31-eff2-4ddc-80e8-f450baf5df14 as the min replicated index is 4. Deletion is not allowed in this container yet.
2019-10-17 07:42:57,287 [EventQueue-ContainerReportForContainerReportHandler] WARN  container.ContainerReportHandler (AbstractContainerReportHandler.java:updateContainerState(145)) - Container #1 is in OPEN state, but the datanode 722c44df-b170-4eeb-abb4-8ab07bb69a54{ip: 192.168.164.211, host: pr-hdds-2283-cnrrq-1638407854, networkLocation: /default-rack, certSerialId: null} reports an CLOSED replica.
2019-10-17 07:42:57,297 [java.util.concurrent.ThreadPoolExecutor$Worker@3d6cb76e[State = -1, empty queue]] WARN  server.GrpcLogAppender (GrpcLogAppender.java:timeoutAppendRequest(209)) - 722c44df-b170-4eeb-abb4-8ab07bb69a54@group-F450BAF5DF14->84d87b42-83ce-4078-8a37-3864f9520041-GrpcLogAppender: appendEntries Timeout, request=722c44df-b170-4eeb-abb4-8ab07bb69a54->84d87b42-83ce-4078-8a37-3864f9520041#47-t3, previous=(t:3, i:10), leaderCommit=10, initializing? false, entries: <empty>
2019-10-17 07:42:57,499 [EventQueue-ContainerReportForContainerReportHandler] WARN  container.ContainerReportHandler (AbstractContainerReportHandler.java:updateContainerState(145)) - Container #1 is in OPEN state, but the datanode 6ea7cc1b-6dd1-4a6f-b526-a2c2472221ee{ip: 192.168.164.211, host: pr-hdds-2283-cnrrq-1638407854, networkLocation: /default-rack, certSerialId: null} reports an CLOSED replica.
2019-10-17 07:42:57,587 [EventQueue-ContainerReportForContainerReportHandler] WARN  container.ContainerReportHandler (AbstractContainerReportHandler.java:updateContainerState(145)) - Container #1 is in OPEN state, but the datanode 722c44df-b170-4eeb-abb4-8ab07bb69a54{ip: 192.168.164.211, host: pr-hdds-2283-cnrrq-1638407854, networkLocation: /default-rack, certSerialId: null} reports an CLOSED replica.
2019-10-17 07:42:57,699 [EventQueue-ContainerReportForContainerReportHandler] WARN  container.ContainerReportHandler (AbstractContainerReportHandler.java:updateContainerState(145)) - Container #1 is in OPEN state, but the datanode 6ea7cc1b-6dd1-4a6f-b526-a2c2472221ee{ip: 192.168.164.211, host: pr-hdds-2283-cnrrq-1638407854, networkLocation: /default-rack, certSerialId: null} reports an CLOSED replica.
2019-10-17 07:42:57,899 [EventQueue-ContainerReportForContainerReportHandler] WARN  container.ContainerReportHandler (AbstractContainerReportHandler.java:updateContainerState(145)) - Container #1 is in OPEN state, but the datanode 6ea7cc1b-6dd1-4a6f-b526-a2c2472221ee{ip: 192.168.164.211, host: pr-hdds-2283-cnrrq-1638407854, networkLocation: /default-rack, certSerialId: null} reports an CLOSED replica.
2019-10-17 07:42:57,988 [EventQueue-ContainerReportForContainerReportHandler] WARN  container.ContainerReportHandler (AbstractContainerReportHandler.java:updateContainerState(145)) - Container #1 is in OPEN state, but the datanode 722c44df-b170-4eeb-abb4-8ab07bb69a54{ip: 192.168.164.211, host: pr-hdds-2283-cnrrq-1638407854, networkLocation: /default-rack, certSerialId: null} reports an CLOSED replica.
2019-10-17 07:42:58,100 [EventQueue-ContainerReportForContainerReportHandler] WARN  container.ContainerReportHandler (AbstractContainerReportHandler.java:updateContainerState(145)) - Container #1 is in OPEN state, but the datanode 6ea7cc1b-6dd1-4a6f-b526-a2c2472221ee{ip: 192.168.164.211, host: pr-hdds-2283-cnrrq-1638407854, networkLocation: /default-rack, certSerialId: null} reports an CLOSED replica.
2019-10-17 07:42:58,285 [BlockDeletingService#3] WARN  background.BlockDeletingService (BlockDeletingService.java:isDeletionAllowed(187)) - Close Container log Index 6 is not replicated across allthe servers in the pipeline 6e647d31-eff2-4ddc-80e8-f450baf5df14 as the min replicated index is 4. Deletion is not allowed in this container yet.
2019-10-17 07:42:58,285 [BlockDeletingService#2] WARN  background.BlockDeletingService (BlockDeletingService.java:isDeletionAllowed(187)) - Close Container log Index 6 is not replicated across allthe servers in the pipeline 6e647d31-eff2-4ddc-80e8-f450baf5df14 as the min replicated index is 4. Deletion is not allowed in this container yet.
2019-10-17 07:42:58,289 [EventQueue-ContainerReportForContainerReportHandler] WARN  container.ContainerReportHandler (AbstractContainerReportHandler.java:updateContainerState(145)) - Container #1 is in OPEN state, but the datanode 722c44df-b170-4eeb-abb4-8ab07bb69a54{ip: 192.168.164.211, host: pr-hdds-2283-cnrrq-1638407854, networkLocation: /default-rack, certSerialId: null} reports an CLOSED replica.
2019-10-17 07:42:58,399 [EventQueue-ContainerReportForContainerReportHandler] WARN  container.ContainerReportHandler (AbstractContainerReportHandler.java:updateContainerState(145)) - Container #1 is in OPEN state, but the datanode 6ea7cc1b-6dd1-4a6f-b526-a2c2472221ee{ip: 192.168.164.211, host: pr-hdds-2283-cnrrq-1638407854, networkLocation: /default-rack, certSerialId: null} reports an CLOSED replica.
2019-10-17 07:42:58,590 [EventQueue-ContainerReportForContainerReportHandler] WARN  container.ContainerReportHandler (AbstractContainerReportHandler.java:updateContainerState(145)) - Container #1 is in OPEN state, but the datanode 722c44df-b170-4eeb-abb4-8ab07bb69a54{ip: 192.168.164.211, host: pr-hdds-2283-cnrrq-1638407854, networkLocation: /default-rack, certSerialId: null} reports an CLOSED replica.
2019-10-17 07:42:58,599 [EventQueue-ContainerReportForContainerReportHandler] WARN  container.ContainerReportHandler (AbstractContainerReportHandler.java:updateContainerState(145)) - Container #1 is in OPEN state, but the datanode 6ea7cc1b-6dd1-4a6f-b526-a2c2472221ee{ip: 192.168.164.211, host: pr-hdds-2283-cnrrq-1638407854, networkLocation: /default-rack, certSerialId: null} reports an CLOSED replica.
2019-10-17 07:42:58,889 [EventQueue-ContainerReportForContainerReportHandler] WARN  container.ContainerReportHandler (AbstractContainerReportHandler.java:updateContainerState(145)) - Container #1 is in OPEN state, but the datanode 722c44df-b170-4eeb-abb4-8ab07bb69a54{ip: 192.168.164.211, host: pr-hdds-2283-cnrrq-1638407854, networkLocation: /default-rack, certSerialId: null} reports an CLOSED replica.
2019-10-17 07:42:58,899 [EventQueue-ContainerReportForContainerReportHandler] WARN  container.ContainerReportHandler (AbstractContainerReportHandler.java:updateContainerState(145)) - Container #1 is in OPEN state, but the datanode 6ea7cc1b-6dd1-4a6f-b526-a2c2472221ee{ip: 192.168.164.211, host: pr-hdds-2283-cnrrq-1638407854, networkLocation: /default-rack, certSerialId: null} reports an CLOSED replica.
2019-10-17 07:42:59,089 [EventQueue-ContainerReportForContainerReportHandler] WARN  container.ContainerReportHandler (AbstractContainerReportHandler.java:updateContainerState(145)) - Container #1 is in OPEN state, but the datanode 722c44df-b170-4eeb-abb4-8ab07bb69a54{ip: 192.168.164.211, host: pr-hdds-2283-cnrrq-1638407854, networkLocation: /default-rack, certSerialId: null} reports an CLOSED replica.
2019-10-17 07:42:59,099 [EventQueue-ContainerReportForContainerReportHandler] WARN  container.ContainerReportHandler (AbstractContainerReportHandler.java:updateContainerState(145)) - Container #1 is in OPEN state, but the datanode 6ea7cc1b-6dd1-4a6f-b526-a2c2472221ee{ip: 192.168.164.211, host: pr-hdds-2283-cnrrq-1638407854, networkLocation: /default-rack, certSerialId: null} reports an CLOSED replica.
2019-10-17 07:42:59,287 [BlockDeletingService#3] WARN  background.BlockDeletingService (BlockDeletingService.java:isDeletionAllowed(187)) - Close Container log Index 6 is not replicated across allthe servers in the pipeline 6e647d31-eff2-4ddc-80e8-f450baf5df14 as the min replicated index is 4. Deletion is not allowed in this container yet.
2019-10-17 07:42:59,287 [BlockDeletingService#2] WARN  background.BlockDeletingService (BlockDeletingService.java:isDeletionAllowed(187)) - Close Container log Index 6 is not replicated across allthe servers in the pipeline 6e647d31-eff2-4ddc-80e8-f450baf5df14 as the min replicated index is 4. Deletion is not allowed in this container yet.
2019-10-17 07:42:59,389 [EventQueue-ContainerReportForContainerReportHandler] WARN  container.ContainerReportHandler (AbstractContainerReportHandler.java:updateContainerState(145)) - Container #1 is in OPEN state, but the datanode 722c44df-b170-4eeb-abb4-8ab07bb69a54{ip: 192.168.164.211, host: pr-hdds-2283-cnrrq-1638407854, networkLocation: /default-rack, certSerialId: null} reports an CLOSED replica.
2019-10-17 07:42:59,500 [EventQueue-ContainerReportForContainerReportHandler] WARN  container.ContainerReportHandler (AbstractContainerReportHandler.java:updateContainerState(145)) - Container #1 is in OPEN state, but the datanode 6ea7cc1b-6dd1-4a6f-b526-a2c2472221ee{ip: 192.168.164.211, host: pr-hdds-2283-cnrrq-1638407854, networkLocation: /default-rack, certSerialId: null} reports an CLOSED replica.
2019-10-17 07:42:59,691 [EventQueue-ContainerReportForContainerReportHandler] WARN  container.ContainerReportHandler (AbstractContainerReportHandler.java:updateContainerState(145)) - Container #1 is in OPEN state, but the datanode 722c44df-b170-4eeb-abb4-8ab07bb69a54{ip: 192.168.164.211, host: pr-hdds-2283-cnrrq-1638407854, networkLocation: /default-rack, certSerialId: null} reports an CLOSED replica.
2019-10-17 07:42:59,797 [java.util.concurrent.ThreadPoolExecutor$Worker@3d6cb76e[State = -1, empty queue]] WARN  server.GrpcLogAppender (GrpcLogAppender.java:timeoutAppendRequest(209)) - 722c44df-b170-4eeb-abb4-8ab07bb69a54@group-F450BAF5DF14->84d87b42-83ce-4078-8a37-3864f9520041-GrpcLogAppender: appendEntries Timeout, request=722c44df-b170-4eeb-abb4-8ab07bb69a54->84d87b42-83ce-4078-8a37-3864f9520041#48-t3, previous=(t:3, i:10), leaderCommit=10, initializing? false, entries: <empty>
2019-10-17 07:42:59,800 [EventQueue-ContainerReportForContainerReportHandler] WARN  container.ContainerReportHandler (AbstractContainerReportHandler.java:updateContainerState(145)) - Container #1 is in OPEN state, but the datanode 6ea7cc1b-6dd1-4a6f-b526-a2c2472221ee{ip: 192.168.164.211, host: pr-hdds-2283-cnrrq-1638407854, networkLocation: /default-rack, certSerialId: null} reports an CLOSED replica.
2019-10-17 07:43:00,091 [EventQueue-ContainerReportForContainerReportHandler] WARN  container.ContainerReportHandler (AbstractContainerReportHandler.java:updateContainerState(145)) - Container #1 is in OPEN state, but the datanode 722c44df-b170-4eeb-abb4-8ab07bb69a54{ip: 192.168.164.211, host: pr-hdds-2283-cnrrq-1638407854, networkLocation: /default-rack, certSerialId: null} reports an CLOSED replica.
2019-10-17 07:43:00,200 [EventQueue-ContainerReportForContainerReportHandler] WARN  container.ContainerReportHandler (AbstractContainerReportHandler.java:updateContainerState(145)) - Container #1 is in OPEN state, but the datanode 6ea7cc1b-6dd1-4a6f-b526-a2c2472221ee{ip: 192.168.164.211, host: pr-hdds-2283-cnrrq-1638407854, networkLocation: /default-rack, certSerialId: null} reports an CLOSED replica.
2019-10-17 07:43:00,290 [BlockDeletingService#3] WARN  background.BlockDeletingService (BlockDeletingService.java:isDeletionAllowed(187)) - Close Container log Index 6 is not replicated across allthe servers in the pipeline 6e647d31-eff2-4ddc-80e8-f450baf5df14 as the min replicated index is 4. Deletion is not allowed in this container yet.
2019-10-17 07:43:00,290 [BlockDeletingService#2] WARN  background.BlockDeletingService (BlockDeletingService.java:isDeletionAllowed(187)) - Close Container log Index 6 is not replicated across allthe servers in the pipeline 6e647d31-eff2-4ddc-80e8-f450baf5df14 as the min replicated index is 4. Deletion is not allowed in this container yet.
2019-10-17 07:43:00,291 [EventQueue-ContainerReportForContainerReportHandler] WARN  container.ContainerReportHandler (AbstractContainerReportHandler.java:updateContainerState(145)) - Container #1 is in OPEN state, but the datanode 722c44df-b170-4eeb-abb4-8ab07bb69a54{ip: 192.168.164.211, host: pr-hdds-2283-cnrrq-1638407854, networkLocation: /default-rack, certSerialId: null} reports an CLOSED replica.
2019-10-17 07:43:00,492 [EventQueue-ContainerReportForContainerReportHandler] WARN  container.ContainerReportHandler (AbstractContainerReportHandler.java:updateContainerState(145)) - Container #1 is in OPEN state, but the datanode 722c44df-b170-4eeb-abb4-8ab07bb69a54{ip: 192.168.164.211, host: pr-hdds-2283-cnrrq-1638407854, networkLocation: /default-rack, certSerialId: null} reports an CLOSED replica.
2019-10-17 07:43:00,499 [EventQueue-ContainerReportForContainerReportHandler] WARN  container.ContainerReportHandler (AbstractContainerReportHandler.java:updateContainerState(145)) - Container #1 is in OPEN state, but the datanode 6ea7cc1b-6dd1-4a6f-b526-a2c2472221ee{ip: 192.168.164.211, host: pr-hdds-2283-cnrrq-1638407854, networkLocation: /default-rack, certSerialId: null} reports an CLOSED replica.
2019-10-17 07:43:00,693 [EventQueue-ContainerReportForContainerReportHandler] WARN  container.ContainerReportHandler (AbstractContainerReportHandler.java:updateContainerState(145)) - Container #1 is in OPEN state, but the datanode 722c44df-b170-4eeb-abb4-8ab07bb69a54{ip: 192.168.164.211, host: pr-hdds-2283-cnrrq-1638407854, networkLocation: /default-rack, certSerialId: null} reports an CLOSED replica.
2019-10-17 07:43:00,700 [EventQueue-ContainerReportForContainerReportHandler] WARN  container.ContainerReportHandler (AbstractContainerReportHandler.java:updateContainerState(145)) - Container #1 is in OPEN state, but the datanode 6ea7cc1b-6dd1-4a6f-b526-a2c2472221ee{ip: 192.168.164.211, host: pr-hdds-2283-cnrrq-1638407854, networkLocation: /default-rack, certSerialId: null} reports an CLOSED replica.
2019-10-17 07:43:01,094 [EventQueue-ContainerReportForContainerReportHandler] WARN  container.ContainerReportHandler (AbstractContainerReportHandler.java:updateContainerState(145)) - Container #1 is in OPEN state, but the datanode 722c44df-b170-4eeb-abb4-8ab07bb69a54{ip: 192.168.164.211, host: pr-hdds-2283-cnrrq-1638407854, networkLocation: /default-rack, certSerialId: null} reports an CLOSED replica.
2019-10-17 07:43:01,099 [EventQueue-ContainerReportForContainerReportHandler] WARN  container.ContainerReportHandler (AbstractContainerReportHandler.java:updateContainerState(145)) - Container #1 is in OPEN state, but the datanode 6ea7cc1b-6dd1-4a6f-b526-a2c2472221ee{ip: 192.168.164.211, host: pr-hdds-2283-cnrrq-1638407854, networkLocation: /default-rack, certSerialId: null} reports an CLOSED replica.
2019-10-17 07:43:01,293 [BlockDeletingService#2] WARN  background.BlockDeletingService (BlockDeletingService.java:isDeletionAllowed(187)) - Close Container log Index 6 is not replicated across allthe servers in the pipeline 6e647d31-eff2-4ddc-80e8-f450baf5df14 as the min replicated index is 4. Deletion is not allowed in this container yet.
2019-10-17 07:43:01,293 [BlockDeletingService#3] WARN  background.BlockDeletingService (BlockDeletingService.java:isDeletionAllowed(187)) - Close Container log Index 6 is not replicated across allthe servers in the pipeline 6e647d31-eff2-4ddc-80e8-f450baf5df14 as the min replicated index is 4. Deletion is not allowed in this container yet.
2019-10-17 07:43:01,395 [EventQueue-ContainerReportForContainerReportHandler] WARN  container.ContainerReportHandler (AbstractContainerReportHandler.java:updateContainerState(145)) - Container #1 is in OPEN state, but the datanode 722c44df-b170-4eeb-abb4-8ab07bb69a54{ip: 192.168.164.211, host: pr-hdds-2283-cnrrq-1638407854, networkLocation: /default-rack, certSerialId: null} reports an CLOSED replica.
2019-10-17 07:43:01,499 [EventQueue-ContainerReportForContainerReportHandler] WARN  container.ContainerReportHandler (AbstractContainerReportHandler.java:updateContainerState(145)) - Container #1 is in OPEN state, but the datanode 6ea7cc1b-6dd1-4a6f-b526-a2c2472221ee{ip: 192.168.164.211, host: pr-hdds-2283-cnrrq-1638407854, networkLocation: /default-rack, certSerialId: null} reports an CLOSED replica.
2019-10-17 07:43:01,695 [EventQueue-ContainerReportForContainerReportHandler] WARN  container.ContainerReportHandler (AbstractContainerReportHandler.java:updateContainerState(145)) - Container #1 is in OPEN state, but the datanode 722c44df-b170-4eeb-abb4-8ab07bb69a54{ip: 192.168.164.211, host: pr-hdds-2283-cnrrq-1638407854, networkLocation: /default-rack, certSerialId: null} reports an CLOSED replica.
2019-10-17 07:43:01,701 [EventQueue-ContainerReportForContainerReportHandler] WARN  container.ContainerReportHandler (AbstractContainerReportHandler.java:updateContainerState(145)) - Container #1 is in OPEN state, but the datanode 6ea7cc1b-6dd1-4a6f-b526-a2c2472221ee{ip: 192.168.164.211, host: pr-hdds-2283-cnrrq-1638407854, networkLocation: /default-rack, certSerialId: null} reports an CLOSED replica.
2019-10-17 07:43:01,896 [EventQueue-ContainerReportForContainerReportHandler] WARN  container.ContainerReportHandler (AbstractContainerReportHandler.java:updateContainerState(145)) - Container #1 is in OPEN state, but the datanode 722c44df-b170-4eeb-abb4-8ab07bb69a54{ip: 192.168.164.211, host: pr-hdds-2283-cnrrq-1638407854, networkLocation: /default-rack, certSerialId: null} reports an CLOSED replica.
2019-10-17 07:43:02,004 [EventQueue-ContainerReportForContainerReportHandler] WARN  container.ContainerReportHandler (AbstractContainerReportHandler.java:updateContainerState(145)) - Container #1 is in OPEN state, but the datanode 6ea7cc1b-6dd1-4a6f-b526-a2c2472221ee{ip: 192.168.164.211, host: pr-hdds-2283-cnrrq-1638407854, networkLocation: /default-rack, certSerialId: null} reports an CLOSED replica.
2019-10-17 07:43:02,197 [EventQueue-ContainerReportForContainerReportHandler] WARN  container.ContainerReportHandler (AbstractContainerReportHandler.java:updateContainerState(145)) - Container #1 is in OPEN state, but the datanode 722c44df-b170-4eeb-abb4-8ab07bb69a54{ip: 192.168.164.211, host: pr-hdds-2283-cnrrq-1638407854, networkLocation: /default-rack, certSerialId: null} reports an CLOSED replica.
2019-10-17 07:43:02,294 [BlockDeletingService#2] WARN  background.BlockDeletingService (BlockDeletingService.java:isDeletionAllowed(187)) - Close Container log Index 6 is not replicated across allthe servers in the pipeline 6e647d31-eff2-4ddc-80e8-f450baf5df14 as the min replicated index is 4. Deletion is not allowed in this container yet.
2019-10-17 07:43:02,294 [BlockDeletingService#3] WARN  background.BlockDeletingService (BlockDeletingService.java:isDeletionAllowed(187)) - Close Container log Index 6 is not replicated across allthe servers in the pipeline 6e647d31-eff2-4ddc-80e8-f450baf5df14 as the min replicated index is 4. Deletion is not allowed in this container yet.
2019-10-17 07:43:02,299 [java.util.concurrent.ThreadPoolExecutor$Worker@3d6cb76e[State = -1, empty queue]] WARN  server.GrpcLogAppender (GrpcLogAppender.java:timeoutAppendRequest(209)) - 722c44df-b170-4eeb-abb4-8ab07bb69a54@group-F450BAF5DF14->84d87b42-83ce-4078-8a37-3864f9520041-GrpcLogAppender: appendEntries Timeout, request=722c44df-b170-4eeb-abb4-8ab07bb69a54->84d87b42-83ce-4078-8a37-3864f9520041#49-t3, previous=(t:3, i:10), leaderCommit=10, initializing? false, entries: <empty>
2019-10-17 07:43:02,304 [EventQueue-ContainerReportForContainerReportHandler] WARN  container.ContainerReportHandler (AbstractContainerReportHandler.java:updateContainerState(145)) - Container #1 is in OPEN state, but the datanode 6ea7cc1b-6dd1-4a6f-b526-a2c2472221ee{ip: 192.168.164.211, host: pr-hdds-2283-cnrrq-1638407854, networkLocation: /default-rack, certSerialId: null} reports an CLOSED replica.
2019-10-17 07:43:02,496 [EventQueue-ContainerReportForContainerReportHandler] WARN  container.ContainerReportHandler (AbstractContainerReportHandler.java:updateContainerState(145)) - Container #1 is in OPEN state, but the datanode 722c44df-b170-4eeb-abb4-8ab07bb69a54{ip: 192.168.164.211, host: pr-hdds-2283-cnrrq-1638407854, networkLocation: /default-rack, certSerialId: null} reports an CLOSED replica.
2019-10-17 07:43:02,603 [EventQueue-ContainerReportForContainerReportHandler] WARN  container.ContainerReportHandler (AbstractContainerReportHandler.java:updateContainerState(145)) - Container #1 is in OPEN state, but the datanode 6ea7cc1b-6dd1-4a6f-b526-a2c2472221ee{ip: 192.168.164.211, host: pr-hdds-2283-cnrrq-1638407854, networkLocation: /default-rack, certSerialId: null} reports an CLOSED replica.
2019-10-17 07:43:02,697 [EventQueue-ContainerReportForContainerReportHandler] WARN  container.ContainerReportHandler (AbstractContainerReportHandler.java:updateContainerState(145)) - Container #1 is in OPEN state, but the datanode 722c44df-b170-4eeb-abb4-8ab07bb69a54{ip: 192.168.164.211, host: pr-hdds-2283-cnrrq-1638407854, networkLocation: /default-rack, certSerialId: null} reports an CLOSED replica.
2019-10-17 07:43:02,905 [EventQueue-ContainerReportForContainerReportHandler] WARN  container.ContainerReportHandler (AbstractContainerReportHandler.java:updateContainerState(145)) - Container #1 is in OPEN state, but the datanode 6ea7cc1b-6dd1-4a6f-b526-a2c2472221ee{ip: 192.168.164.211, host: pr-hdds-2283-cnrrq-1638407854, networkLocation: /default-rack, certSerialId: null} reports an CLOSED replica.
2019-10-17 07:43:02,997 [EventQueue-ContainerReportForContainerReportHandler] WARN  container.ContainerReportHandler (AbstractContainerReportHandler.java:updateContainerState(145)) - Container #1 is in OPEN state, but the datanode 722c44df-b170-4eeb-abb4-8ab07bb69a54{ip: 192.168.164.211, host: pr-hdds-2283-cnrrq-1638407854, networkLocation: /default-rack, certSerialId: null} reports an CLOSED replica.
2019-10-17 07:43:03,105 [EventQueue-ContainerReportForContainerReportHandler] WARN  container.ContainerReportHandler (AbstractContainerReportHandler.java:updateContainerState(145)) - Container #1 is in OPEN state, but the datanode 6ea7cc1b-6dd1-4a6f-b526-a2c2472221ee{ip: 192.168.164.211, host: pr-hdds-2283-cnrrq-1638407854, networkLocation: /default-rack, certSerialId: null} reports an CLOSED replica.
2019-10-17 07:43:03,297 [BlockDeletingService#2] WARN  background.BlockDeletingService (BlockDeletingService.java:isDeletionAllowed(187)) - Close Container log Index 6 is not replicated across allthe servers in the pipeline 6e647d31-eff2-4ddc-80e8-f450baf5df14 as the min replicated index is 4. Deletion is not allowed in this container yet.
2019-10-17 07:43:03,297 [BlockDeletingService#3] WARN  background.BlockDeletingService (BlockDeletingService.java:isDeletionAllowed(187)) - Close Container log Index 6 is not replicated across allthe servers in the pipeline 6e647d31-eff2-4ddc-80e8-f450baf5df14 as the min replicated index is 4. Deletion is not allowed in this container yet.
2019-10-17 07:43:03,298 [EventQueue-ContainerReportForContainerReportHandler] WARN  container.ContainerReportHandler (AbstractContainerReportHandler.java:updateContainerState(145)) - Container #1 is in OPEN state, but the datanode 722c44df-b170-4eeb-abb4-8ab07bb69a54{ip: 192.168.164.211, host: pr-hdds-2283-cnrrq-1638407854, networkLocation: /default-rack, certSerialId: null} reports an CLOSED replica.
2019-10-17 07:43:03,499 [EventQueue-ContainerReportForContainerReportHandler] WARN  container.ContainerReportHandler (AbstractContainerReportHandler.java:updateContainerState(145)) - Container #1 is in OPEN state, but the datanode 722c44df-b170-4eeb-abb4-8ab07bb69a54{ip: 192.168.164.211, host: pr-hdds-2283-cnrrq-1638407854, networkLocation: /default-rack, certSerialId: null} reports an CLOSED replica.
2019-10-17 07:43:03,506 [EventQueue-ContainerReportForContainerReportHandler] WARN  container.ContainerReportHandler (AbstractContainerReportHandler.java:updateContainerState(145)) - Container #1 is in OPEN state, but the datanode 6ea7cc1b-6dd1-4a6f-b526-a2c2472221ee{ip: 192.168.164.211, host: pr-hdds-2283-cnrrq-1638407854, networkLocation: /default-rack, certSerialId: null} reports an CLOSED replica.
2019-10-17 07:43:03,700 [EventQueue-ContainerReportForContainerReportHandler] WARN  container.ContainerReportHandler (AbstractContainerReportHandler.java:updateContainerState(145)) - Container #1 is in OPEN state, but the datanode 722c44df-b170-4eeb-abb4-8ab07bb69a54{ip: 192.168.164.211, host: pr-hdds-2283-cnrrq-1638407854, networkLocation: /default-rack, certSerialId: null} reports an CLOSED replica.
2019-10-17 07:43:03,706 [EventQueue-ContainerReportForContainerReportHandler] WARN  container.ContainerReportHandler (AbstractContainerReportHandler.java:updateContainerState(145)) - Container #1 is in OPEN state, but the datanode 6ea7cc1b-6dd1-4a6f-b526-a2c2472221ee{ip: 192.168.164.211, host: pr-hdds-2283-cnrrq-1638407854, networkLocation: /default-rack, certSerialId: null} reports an CLOSED replica.
2019-10-17 07:43:03,968 [EventQueue-StaleNodeForStaleNodeHandler] INFO  node.StaleNodeHandler (StaleNodeHandler.java:onMessage(58)) - Datanode 84d87b42-83ce-4078-8a37-3864f9520041{ip: 192.168.164.211, host: pr-hdds-2283-cnrrq-1638407854, networkLocation: /default-rack, certSerialId: null} moved to stale state. Finalizing its pipelines [PipelineID=6e647d31-eff2-4ddc-80e8-f450baf5df14, PipelineID=ef0d0675-0d45-403c-ba89-1d8aaf838abd]
2019-10-17 07:43:03,969 [EventQueue-StaleNodeForStaleNodeHandler] INFO  pipeline.SCMPipelineManager (SCMPipelineManager.java:finalizeAndDestroyPipeline(315)) - destroying pipeline:Pipeline[ Id: 6e647d31-eff2-4ddc-80e8-f450baf5df14, Nodes: 6ea7cc1b-6dd1-4a6f-b526-a2c2472221ee{ip: 192.168.164.211, host: pr-hdds-2283-cnrrq-1638407854, networkLocation: /default-rack, certSerialId: null}84d87b42-83ce-4078-8a37-3864f9520041{ip: 192.168.164.211, host: pr-hdds-2283-cnrrq-1638407854, networkLocation: /default-rack, certSerialId: null}722c44df-b170-4eeb-abb4-8ab07bb69a54{ip: 192.168.164.211, host: pr-hdds-2283-cnrrq-1638407854, networkLocation: /default-rack, certSerialId: null}, Type:RATIS, Factor:THREE, State:OPEN]
2019-10-17 07:43:03,972 [EventQueue-StaleNodeForStaleNodeHandler] INFO  pipeline.PipelineStateManager (PipelineStateManager.java:finalizePipeline(123)) - Pipeline Pipeline[ Id: 6e647d31-eff2-4ddc-80e8-f450baf5df14, Nodes: 6ea7cc1b-6dd1-4a6f-b526-a2c2472221ee{ip: 192.168.164.211, host: pr-hdds-2283-cnrrq-1638407854, networkLocation: /default-rack, certSerialId: null}84d87b42-83ce-4078-8a37-3864f9520041{ip: 192.168.164.211, host: pr-hdds-2283-cnrrq-1638407854, networkLocation: /default-rack, certSerialId: null}722c44df-b170-4eeb-abb4-8ab07bb69a54{ip: 192.168.164.211, host: pr-hdds-2283-cnrrq-1638407854, networkLocation: /default-rack, certSerialId: null}, Type:RATIS, Factor:THREE, State:CLOSED] moved to CLOSED state
2019-10-17 07:43:03,973 [EventQueue-CloseContainerForCloseContainerEventHandler] INFO  container.CloseContainerEventHandler (CloseContainerEventHandler.java:onMessage(61)) - Close container Event triggered for container : #1
2019-10-17 07:43:03,977 [EventQueue-StaleNodeForStaleNodeHandler] INFO  pipeline.SCMPipelineManager (SCMPipelineManager.java:finalizeAndDestroyPipeline(315)) - destroying pipeline:Pipeline[ Id: ef0d0675-0d45-403c-ba89-1d8aaf838abd, Nodes: 84d87b42-83ce-4078-8a37-3864f9520041{ip: 192.168.164.211, host: pr-hdds-2283-cnrrq-1638407854, networkLocation: /default-rack, certSerialId: null}, Type:RATIS, Factor:ONE, State:OPEN]
2019-10-17 07:43:03,978 [EventQueue-StaleNodeForStaleNodeHandler] INFO  pipeline.PipelineStateManager (PipelineStateManager.java:finalizePipeline(123)) - Pipeline Pipeline[ Id: ef0d0675-0d45-403c-ba89-1d8aaf838abd, Nodes: 84d87b42-83ce-4078-8a37-3864f9520041{ip: 192.168.164.211, host: pr-hdds-2283-cnrrq-1638407854, networkLocation: /default-rack, certSerialId: null}, Type:RATIS, Factor:ONE, State:CLOSED] moved to CLOSED state
2019-10-17 07:43:04,001 [EventQueue-ContainerReportForContainerReportHandler] INFO  container.ContainerReportHandler (AbstractContainerReportHandler.java:updateContainerState(178)) - Moving container #1 to CLOSED state, datanode 722c44df-b170-4eeb-abb4-8ab07bb69a54{ip: 192.168.164.211, host: pr-hdds-2283-cnrrq-1638407854, networkLocation: /default-rack, certSerialId: null} reported CLOSED replica.
2019-10-17 07:43:04,299 [BlockDeletingService#3] WARN  background.BlockDeletingService (BlockDeletingService.java:isDeletionAllowed(187)) - Close Container log Index 6 is not replicated across allthe servers in the pipeline 6e647d31-eff2-4ddc-80e8-f450baf5df14 as the min replicated index is 4. Deletion is not allowed in this container yet.
2019-10-17 07:43:04,299 [BlockDeletingService#2] WARN  background.BlockDeletingService (BlockDeletingService.java:isDeletionAllowed(187)) - Close Container log Index 6 is not replicated across allthe servers in the pipeline 6e647d31-eff2-4ddc-80e8-f450baf5df14 as the min replicated index is 4. Deletion is not allowed in this container yet.
2019-10-17 07:43:04,483 [SCMBlockDeletingService#1] INFO  block.SCMBlockDeletingService (SCMBlockDeletingService.java:call(184)) - Totally added 3 delete blocks command for 3 datanodes, task elapsed time: 5ms
2019-10-17 07:43:04,601 [EventQueue-PendingDeleteStatusForPendingDeleteHandler] INFO  block.SCMBlockDeletingService (SCMBlockDeletingService.java:handlePendingDeletes(115)) - Block deletion txnID mismatch in datanode 722c44df-b170-4eeb-abb4-8ab07bb69a54 for containerID 1. Datanode delete txnID: 0, SCM txnID: 1
2019-10-17 07:43:04,602 [Command processor thread] INFO  commandhandler.DeleteBlocksCommandHandler (DeleteBlocksCommandHandler.java:handle(106)) - Start to delete container blocks, TXIDs=[1(0)], numOfContainers=1, numOfBlocks=1
2019-10-17 07:43:04,606 [EventQueue-PendingDeleteStatusForPendingDeleteHandler] INFO  block.SCMBlockDeletingService (SCMBlockDeletingService.java:handlePendingDeletes(115)) - Block deletion txnID mismatch in datanode 6ea7cc1b-6dd1-4a6f-b526-a2c2472221ee for containerID 1. Datanode delete txnID: 0, SCM txnID: 1
2019-10-17 07:43:04,801 [java.util.concurrent.ThreadPoolExecutor$Worker@3d6cb76e[State = -1, empty queue]] WARN  server.GrpcLogAppender (GrpcLogAppender.java:timeoutAppendRequest(209)) - 722c44df-b170-4eeb-abb4-8ab07bb69a54@group-F450BAF5DF14->84d87b42-83ce-4078-8a37-3864f9520041-GrpcLogAppender: appendEntries Timeout, request=722c44df-b170-4eeb-abb4-8ab07bb69a54->84d87b42-83ce-4078-8a37-3864f9520041#50-t3, previous=(t:3, i:10), leaderCommit=10, initializing? false, entries: <empty>
2019-10-17 07:43:04,861 [main] INFO  impl.MetricsSystemImpl (MetricsSystemImpl.java:init(158)) - HddsDatanode metrics system started (again)
2019-10-17 07:43:04,912 [main] INFO  ozone.HddsDatanodeService (HddsDatanodeService.java:start(184)) - HddsDatanodeService host:pr-hdds-2283-cnrrq-1638407854 ip:192.168.164.211
2019-10-17 07:43:04,917 [main] INFO  volume.VolumeUsage (VolumeUsage.java:loadScmUsed(144)) - Cached ScmUsed found for /workdir/hadoop-ozone/integration-test/target/test-dir/MiniOzoneClusterImpl-e6097d48-8480-4a37-8188-3862b7c67c50/datanode-2/data/containers : 4096 
2019-10-17 07:43:04,918 [main] INFO  volume.HddsVolume (HddsVolume.java:<init>(176)) - Creating Volume: /workdir/hadoop-ozone/integration-test/target/test-dir/MiniOzoneClusterImpl-e6097d48-8480-4a37-8188-3862b7c67c50/datanode-2/data/containers/hdds of  storage type : DISK and capacity : 1482555576320
2019-10-17 07:43:04,918 [main] INFO  volume.VolumeSet (VolumeSet.java:initializeVolumeSet(170)) - Added Volume : /workdir/hadoop-ozone/integration-test/target/test-dir/MiniOzoneClusterImpl-e6097d48-8480-4a37-8188-3862b7c67c50/datanode-2/data/containers/hdds to VolumeSet
2019-10-17 07:43:04,919 [main] INFO  volume.ThrottledAsyncChecker (ThrottledAsyncChecker.java:schedule(141)) - Scheduling a check for /workdir/hadoop-ozone/integration-test/target/test-dir/MiniOzoneClusterImpl-e6097d48-8480-4a37-8188-3862b7c67c50/datanode-2/data/containers/hdds
2019-10-17 07:43:04,919 [main] INFO  volume.HddsVolumeChecker (HddsVolumeChecker.java:checkAllVolumes(204)) - Scheduled health check for volume /workdir/hadoop-ozone/integration-test/target/test-dir/MiniOzoneClusterImpl-e6097d48-8480-4a37-8188-3862b7c67c50/datanode-2/data/containers/hdds
2019-10-17 07:43:04,978 [main] INFO  impl.RaftServerProxy (ConfUtils.java:logGet(43)) - raft.rpc.type = GRPC (default)
2019-10-17 07:43:04,978 [main] INFO  grpc.GrpcFactory (GrpcFactory.java:checkPooledByteBufAllocatorUseCacheForAllThreads(45)) - PERFORMANCE WARNING: useCacheForAllThreads is true that may cause Netty to create a lot garbage objects and, as a result, trigger GC.
	It is recommended to disable useCacheForAllThreads by setting -Dorg.apache.ratis.thirdparty.io.netty.allocator.useCacheForAllThreads=false in command line.
2019-10-17 07:43:04,979 [main] INFO  grpc.GrpcConfigKeys$Server (ConfUtils.java:logGet(43)) - raft.grpc.server.port = 42413 (custom)
2019-10-17 07:43:04,979 [main] INFO  server.GrpcService (ConfUtils.java:logGet(43)) - raft.grpc.message.size.max = 33570816 (custom)
2019-10-17 07:43:04,979 [main] INFO  server.RaftServerConfigKeys (ConfUtils.java:logGet(43)) - raft.server.log.appender.buffer.byte-limit = 33554432 (custom)
2019-10-17 07:43:04,979 [main] INFO  server.GrpcService (ConfUtils.java:logGet(43)) - raft.grpc.flow.control.window = 1MB (=1048576) (default)
2019-10-17 07:43:04,980 [main] INFO  server.RaftServerConfigKeys (ConfUtils.java:logGet(43)) - raft.server.rpc.request.timeout = 3000ms (default)
2019-10-17 07:43:04,981 [main] INFO  server.RaftServerConfigKeys (ConfUtils.java:logGet(43)) - raft.server.storage.dir = [/workdir/hadoop-ozone/integration-test/target/test-dir/MiniOzoneClusterImpl-e6097d48-8480-4a37-8188-3862b7c67c50/datanode-2/data/ratis] (custom)
2019-10-17 07:43:04,981 [main] INFO  impl.RaftServerProxy (RaftServerProxy.java:lambda$null$0(191)) - 84d87b42-83ce-4078-8a37-3864f9520041: found a subdirectory /workdir/hadoop-ozone/integration-test/target/test-dir/MiniOzoneClusterImpl-e6097d48-8480-4a37-8188-3862b7c67c50/datanode-2/data/ratis/6e647d31-eff2-4ddc-80e8-f450baf5df14
2019-10-17 07:43:04,982 [main] INFO  impl.RaftServerProxy (RaftServerProxy.java:addNew(89)) - 84d87b42-83ce-4078-8a37-3864f9520041: addNew group-F450BAF5DF14:[] returns group-F450BAF5DF14:java.util.concurrent.CompletableFuture@3d1f558a[Not completed]
2019-10-17 07:43:04,983 [main] INFO  impl.RaftServerProxy (RaftServerProxy.java:lambda$null$0(191)) - 84d87b42-83ce-4078-8a37-3864f9520041: found a subdirectory /workdir/hadoop-ozone/integration-test/target/test-dir/MiniOzoneClusterImpl-e6097d48-8480-4a37-8188-3862b7c67c50/datanode-2/data/ratis/ef0d0675-0d45-403c-ba89-1d8aaf838abd
2019-10-17 07:43:04,983 [main] INFO  impl.RaftServerProxy (RaftServerProxy.java:addNew(89)) - 84d87b42-83ce-4078-8a37-3864f9520041: addNew group-1D8AAF838ABD:[] returns group-1D8AAF838ABD:java.util.concurrent.CompletableFuture@6abdec0e[Not completed]
2019-10-17 07:43:04,990 [main] INFO  hdfs.DFSUtil (DFSUtil.java:httpServerTemplateForNNAndJN(1641)) - Starting Web-server for hddsDatanode at: http://0.0.0.0:44125
2019-10-17 07:43:04,990 [pool-59-thread-1] INFO  impl.RaftServerImpl (RaftServerImpl.java:<init>(104)) - 84d87b42-83ce-4078-8a37-3864f9520041: new RaftServerImpl for group-F450BAF5DF14:[] with ContainerStateMachine:uninitialized
2019-10-17 07:43:04,991 [pool-59-thread-1] INFO  server.RaftServerConfigKeys (ConfUtils.java:logGet(43)) - raft.server.rpc.timeout.min = 5s (custom)
2019-10-17 07:43:04,991 [pool-59-thread-1] INFO  server.RaftServerConfigKeys (ConfUtils.java:logGet(43)) - raft.server.rpc.timeout.max = 5200ms (custom)
2019-10-17 07:43:04,991 [pool-59-thread-1] INFO  server.RaftServerConfigKeys (ConfUtils.java:logGet(43)) - raft.server.rpcslowness.timeout = 1000s (custom)
2019-10-17 07:43:04,991 [pool-59-thread-1] INFO  server.RaftServerConfigKeys (ConfUtils.java:logGet(43)) - raft.server.sleep.deviation.threshold = 300 (default)
2019-10-17 07:43:04,991 [pool-59-thread-1] INFO  server.RaftServerConfigKeys (ConfUtils.java:logGet(43)) - raft.server.log.appender.install.snapshot.enabled = false (custom)
2019-10-17 07:43:04,991 [pool-59-thread-1] INFO  impl.RaftServerImpl (ServerState.java:<init>(103)) - 84d87b42-83ce-4078-8a37-3864f9520041@group-F450BAF5DF14: ConfigurationManager, init=-1: [], old=null, confs=<EMPTY_MAP>
2019-10-17 07:43:04,992 [pool-59-thread-1] INFO  server.RaftServerConfigKeys (ConfUtils.java:logGet(43)) - raft.server.storage.dir = [/workdir/hadoop-ozone/integration-test/target/test-dir/MiniOzoneClusterImpl-e6097d48-8480-4a37-8188-3862b7c67c50/datanode-2/data/ratis] (custom)
2019-10-17 07:43:04,992 [pool-59-thread-1] INFO  server.RaftServerConfigKeys (ConfUtils.java:logGet(43)) - raft.server.log.corruption.policy = EXCEPTION (default)
2019-10-17 07:43:04,993 [main] INFO  server.AuthenticationFilter (AuthenticationFilter.java:constructSecretProvider(240)) - Unable to initialize FileSignerSecretProvider, falling back to use random secrets.
2019-10-17 07:43:04,994 [main] WARN  http.HttpRequestLog (HttpRequestLog.java:getRequestLog(97)) - Jetty request log can only be enabled using Log4j
2019-10-17 07:43:04,996 [main] INFO  http.HttpServer2 (HttpServer2.java:addGlobalFilter(975)) - Added global filter 'safety' (class=org.apache.hadoop.http.HttpServer2$QuotingInputFilter)
2019-10-17 07:43:04,997 [main] INFO  http.HttpServer2 (HttpServer2.java:addFilter(948)) - Added filter static_user_filter (class=org.apache.hadoop.http.lib.StaticUserWebFilter$StaticUserFilter) to context hddsDatanode
2019-10-17 07:43:04,997 [main] INFO  http.HttpServer2 (HttpServer2.java:addFilter(958)) - Added filter static_user_filter (class=org.apache.hadoop.http.lib.StaticUserWebFilter$StaticUserFilter) to context logs
2019-10-17 07:43:04,997 [main] INFO  http.HttpServer2 (HttpServer2.java:addFilter(958)) - Added filter static_user_filter (class=org.apache.hadoop.http.lib.StaticUserWebFilter$StaticUserFilter) to context static
2019-10-17 07:43:04,998 [main] INFO  http.HttpServer2 (HttpServer2.java:bindListener(1191)) - Jetty bound to port 44125
2019-10-17 07:43:04,999 [main] INFO  server.Server (Server.java:doStart(351)) - jetty-9.3.25.v20180904, build timestamp: 2018-09-04T21:11:46Z, git hash: 3ce520221d0240229c862b122d2b06c12a625732
2019-10-17 07:43:05,001 [main] INFO  handler.ContextHandler (ContextHandler.java:doStart(781)) - Started o.e.j.s.ServletContextHandler@2f7efd0b{/logs,file:///workdir/hadoop-ozone/integration-test/target/log,AVAILABLE}
2019-10-17 07:43:05,001 [main] INFO  handler.ContextHandler (ContextHandler.java:doStart(781)) - Started o.e.j.s.ServletContextHandler@6801b414{/static,jar:file:/home/user/.m2/repository/org/apache/hadoop/hadoop-hdds-container-service/0.5.0-SNAPSHOT/hadoop-hdds-container-service-0.5.0-SNAPSHOT.jar!/webapps/static,AVAILABLE}
2019-10-17 07:43:05,007 [EventQueue-PendingDeleteStatusForPendingDeleteHandler] INFO  block.SCMBlockDeletingService (SCMBlockDeletingService.java:handlePendingDeletes(115)) - Block deletion txnID mismatch in datanode 6ea7cc1b-6dd1-4a6f-b526-a2c2472221ee for containerID 1. Datanode delete txnID: 0, SCM txnID: 1
2019-10-17 07:43:05,016 [pool-59-thread-1] INFO  storage.RaftStorageDirectory (RaftStorageDirectory.java:tryLock(328)) - Lock on /workdir/hadoop-ozone/integration-test/target/test-dir/MiniOzoneClusterImpl-e6097d48-8480-4a37-8188-3862b7c67c50/datanode-2/data/ratis/6e647d31-eff2-4ddc-80e8-f450baf5df14/in_use.lock acquired by nodename 1358@pr-hdds-2283-cnrrq-1638407854
2019-10-17 07:43:05,020 [pool-59-thread-1] INFO  ratis.ContainerStateMachine (ContainerStateMachine.java:loadSnapshot(240)) - group-F450BAF5DF14: Setting the last applied index to (t:3, i:3)
2019-10-17 07:43:05,028 [pool-59-thread-1] INFO  impl.RaftServerImpl (ServerState.java:setRaftConf(357)) - 84d87b42-83ce-4078-8a37-3864f9520041@group-F450BAF5DF14: set configuration 0: [6ea7cc1b-6dd1-4a6f-b526-a2c2472221ee:192.168.164.211:45347, 722c44df-b170-4eeb-abb4-8ab07bb69a54:192.168.164.211:33246, 84d87b42-83ce-4078-8a37-3864f9520041:192.168.164.211:42413], old=null at 0
2019-10-17 07:43:05,029 [pool-59-thread-1] INFO  server.RaftServerConfigKeys (ConfUtils.java:logGet(43)) - raft.server.notification.no-leader.timeout = 1000s (custom)
2019-10-17 07:43:05,029 [pool-59-thread-1] INFO  server.RaftServerConfigKeys (ConfUtils.java:logGet(43)) - raft.server.log.use.memory = false (default)
2019-10-17 07:43:05,029 [pool-59-thread-1] INFO  server.RaftServerConfigKeys (ConfUtils.java:logGet(43)) - raft.server.log.purge.gap = 1000000 (custom)
2019-10-17 07:43:05,029 [pool-59-thread-1] INFO  server.RaftServerConfigKeys (ConfUtils.java:logGet(43)) - raft.server.log.appender.buffer.byte-limit = 33554432 (custom)
2019-10-17 07:43:05,029 [pool-59-thread-1] INFO  server.RaftServerConfigKeys (ConfUtils.java:logGet(43)) - raft.server.log.segment.size.max = 1048576 (custom)
2019-10-17 07:43:05,030 [pool-59-thread-1] INFO  server.RaftServerConfigKeys (ConfUtils.java:logGet(43)) - raft.server.log.segment.cache.num.max = 2 (custom)
2019-10-17 07:43:05,030 [pool-59-thread-1] INFO  segmented.SegmentedRaftLogWorker (SegmentedRaftLogWorker.java:<init>(173)) - new 84d87b42-83ce-4078-8a37-3864f9520041@group-F450BAF5DF14-SegmentedRaftLogWorker for RaftStorage:Storage Directory /workdir/hadoop-ozone/integration-test/target/test-dir/MiniOzoneClusterImpl-e6097d48-8480-4a37-8188-3862b7c67c50/datanode-2/data/ratis/6e647d31-eff2-4ddc-80e8-f450baf5df14
2019-10-17 07:43:05,030 [pool-59-thread-1] INFO  server.RaftServerConfigKeys (ConfUtils.java:logGet(43)) - raft.server.log.queue.byte-limit = 2147483647 (custom)
2019-10-17 07:43:05,030 [pool-59-thread-1] INFO  server.RaftServerConfigKeys (ConfUtils.java:logGet(43)) - raft.server.log.queue.element-limit = 1024 (custom)
2019-10-17 07:43:05,030 [pool-59-thread-1] INFO  server.RaftServerConfigKeys (ConfUtils.java:logGet(43)) - raft.server.log.segment.size.max = 1048576 (custom)
2019-10-17 07:43:05,030 [pool-59-thread-1] INFO  server.RaftServerConfigKeys (ConfUtils.java:logGet(43)) - raft.server.log.preallocated.size = 16384 (custom)
2019-10-17 07:43:05,031 [pool-59-thread-1] INFO  server.RaftServerConfigKeys (ConfUtils.java:logGet(43)) - raft.server.log.write.buffer.size = 33554432 (custom)
2019-10-17 07:43:05,031 [pool-59-thread-1] INFO  server.RaftServerConfigKeys (ConfUtils.java:logGet(43)) - raft.server.log.force.sync.num = 128 (default)
2019-10-17 07:43:05,031 [pool-59-thread-1] INFO  server.RaftServerConfigKeys (ConfUtils.java:logGet(43)) - raft.server.log.statemachine.data.sync = true (default)
2019-10-17 07:43:05,031 [pool-59-thread-1] INFO  server.RaftServerConfigKeys (ConfUtils.java:logGet(43)) - raft.server.log.statemachine.data.sync.timeout = 10s (default)
2019-10-17 07:43:05,031 [pool-59-thread-1] INFO  server.RaftServerConfigKeys (ConfUtils.java:logGet(43)) - raft.server.log.statemachine.data.sync.timeout.retry = -1 (default)
2019-10-17 07:43:05,031 [pool-59-thread-1] INFO  server.RaftServerConfigKeys (ConfUtils.java:logGet(43)) - raft.server.log.statemachine.data.caching.enabled = true (custom)
2019-10-17 07:43:05,038 [main] INFO  handler.ContextHandler (ContextHandler.java:doStart(781)) - Started o.e.j.w.WebAppContext@17ba57f0{/,file:///tmp/jetty-0.0.0.0-44125-hddsDatanode-_-any-9061413273429010293.dir/webapp/,AVAILABLE}{/hddsDatanode}
2019-10-17 07:43:05,039 [main] INFO  server.AbstractConnector (AbstractConnector.java:doStart(278)) - Started ServerConnector@3481ff98{HTTP/1.1,[http/1.1]}{0.0.0.0:44125}
2019-10-17 07:43:05,040 [main] INFO  server.Server (Server.java:doStart(419)) - Started @113755ms
2019-10-17 07:43:05,040 [main] WARN  impl.MetricsSystemImpl (MetricsSystemImpl.java:register(276)) - Sink prometheus already exists!
2019-10-17 07:43:05,041 [pool-59-thread-1] INFO  impl.RaftServerImpl (ServerState.java:setRaftConf(357)) - 84d87b42-83ce-4078-8a37-3864f9520041@group-F450BAF5DF14: set configuration 0: [6ea7cc1b-6dd1-4a6f-b526-a2c2472221ee:192.168.164.211:45347, 722c44df-b170-4eeb-abb4-8ab07bb69a54:192.168.164.211:33246, 84d87b42-83ce-4078-8a37-3864f9520041:192.168.164.211:42413], old=null at 0
2019-10-17 07:43:05,041 [main] INFO  server.BaseHttpServer (BaseHttpServer.java:updateConnectorAddress(215)) - HTTP server of HDDSDATANODE is listening at http://0.0.0.0:44125
2019-10-17 07:43:05,042 [pool-59-thread-1] INFO  segmented.LogSegment (LogSegment.java:loadSegment(140)) - Successfully read 5 entries from segment file /workdir/hadoop-ozone/integration-test/target/test-dir/MiniOzoneClusterImpl-e6097d48-8480-4a37-8188-3862b7c67c50/datanode-2/data/ratis/6e647d31-eff2-4ddc-80e8-f450baf5df14/current/log_inprogress_0
2019-10-17 07:43:05,042 [pool-59-thread-1] INFO  segmented.SegmentedRaftLogWorker (SegmentedRaftLogWorker.java:lambda$new$0(128)) - 84d87b42-83ce-4078-8a37-3864f9520041@group-F450BAF5DF14-SegmentedRaftLogWorker: flushIndex: setUnconditionally 0 -> 4
2019-10-17 07:43:05,043 [org.apache.hadoop.util.JvmPauseMonitor$Monitor@6a49b6d6] INFO  util.JvmPauseMonitor (JvmPauseMonitor.java:run(188)) - Starting JVM pause monitor
2019-10-17 07:43:05,072 [pool-59-thread-1] INFO  raftlog.RaftLog (RaftLog.java:lambda$new$0(61)) - 84d87b42-83ce-4078-8a37-3864f9520041@group-F450BAF5DF14-SegmentedRaftLog: commitIndex: updateToMax old=3, new=3, updated? false
2019-10-17 07:43:05,072 [pool-59-thread-1] INFO  server.RaftServerConfigKeys (ConfUtils.java:logGet(43)) - raft.server.snapshot.auto.trigger.enabled = true (custom)
2019-10-17 07:43:05,072 [pool-59-thread-1] INFO  server.RaftServerConfigKeys (ConfUtils.java:logGet(43)) - raft.server.snapshot.auto.trigger.threshold = 10000 (custom)
2019-10-17 07:43:05,073 [pool-59-thread-1] INFO  server.RaftServerConfigKeys (ConfUtils.java:logGet(43)) - raft.server.snapshot.retention.file.num = 5 (custom)
2019-10-17 07:43:05,073 [pool-59-thread-1] INFO  server.RaftServerConfigKeys (ConfUtils.java:logGet(43)) - raft.server.retrycache.expirytime = 600000ms (custom)
2019-10-17 07:43:05,074 [pool-59-thread-1] INFO  impl.RaftServerImpl (RaftServerImpl.java:<init>(104)) - 84d87b42-83ce-4078-8a37-3864f9520041: new RaftServerImpl for group-1D8AAF838ABD:[] with ContainerStateMachine:uninitialized
2019-10-17 07:43:05,075 [pool-59-thread-1] INFO  server.RaftServerConfigKeys (ConfUtils.java:logGet(43)) - raft.server.rpc.timeout.min = 5s (custom)
2019-10-17 07:43:05,075 [pool-59-thread-1] INFO  server.RaftServerConfigKeys (ConfUtils.java:logGet(43)) - raft.server.rpc.timeout.max = 5200ms (custom)
2019-10-17 07:43:05,075 [pool-59-thread-1] INFO  server.RaftServerConfigKeys (ConfUtils.java:logGet(43)) - raft.server.rpcslowness.timeout = 1000s (custom)
2019-10-17 07:43:05,075 [pool-59-thread-1] INFO  server.RaftServerConfigKeys (ConfUtils.java:logGet(43)) - raft.server.sleep.deviation.threshold = 300 (default)
2019-10-17 07:43:05,075 [pool-59-thread-1] INFO  server.RaftServerConfigKeys (ConfUtils.java:logGet(43)) - raft.server.log.appender.install.snapshot.enabled = false (custom)
2019-10-17 07:43:05,075 [pool-59-thread-1] INFO  impl.RaftServerImpl (ServerState.java:<init>(103)) - 84d87b42-83ce-4078-8a37-3864f9520041@group-1D8AAF838ABD: ConfigurationManager, init=-1: [], old=null, confs=<EMPTY_MAP>
2019-10-17 07:43:05,075 [pool-59-thread-1] INFO  server.RaftServerConfigKeys (ConfUtils.java:logGet(43)) - raft.server.storage.dir = [/workdir/hadoop-ozone/integration-test/target/test-dir/MiniOzoneClusterImpl-e6097d48-8480-4a37-8188-3862b7c67c50/datanode-2/data/ratis] (custom)
2019-10-17 07:43:05,076 [pool-59-thread-1] INFO  server.RaftServerConfigKeys (ConfUtils.java:logGet(43)) - raft.server.log.corruption.policy = EXCEPTION (default)
2019-10-17 07:43:05,093 [pool-59-thread-1] INFO  storage.RaftStorageDirectory (RaftStorageDirectory.java:tryLock(328)) - Lock on /workdir/hadoop-ozone/integration-test/target/test-dir/MiniOzoneClusterImpl-e6097d48-8480-4a37-8188-3862b7c67c50/datanode-2/data/ratis/ef0d0675-0d45-403c-ba89-1d8aaf838abd/in_use.lock acquired by nodename 1358@pr-hdds-2283-cnrrq-1638407854
2019-10-17 07:43:05,094 [pool-59-thread-1] INFO  ratis.ContainerStateMachine (ContainerStateMachine.java:loadSnapshot(231)) - group-1D8AAF838ABD: The snapshot info is null. Setting the last applied indexto:(t:0, i:~)
2019-10-17 07:43:05,094 [pool-59-thread-1] INFO  server.RaftServerConfigKeys (ConfUtils.java:logGet(43)) - raft.server.notification.no-leader.timeout = 1000s (custom)
2019-10-17 07:43:05,094 [pool-59-thread-1] INFO  server.RaftServerConfigKeys (ConfUtils.java:logGet(43)) - raft.server.log.use.memory = false (default)
2019-10-17 07:43:05,094 [pool-59-thread-1] INFO  server.RaftServerConfigKeys (ConfUtils.java:logGet(43)) - raft.server.log.purge.gap = 1000000 (custom)
2019-10-17 07:43:05,095 [pool-59-thread-1] INFO  server.RaftServerConfigKeys (ConfUtils.java:logGet(43)) - raft.server.log.appender.buffer.byte-limit = 33554432 (custom)
2019-10-17 07:43:05,095 [pool-59-thread-1] INFO  server.RaftServerConfigKeys (ConfUtils.java:logGet(43)) - raft.server.log.segment.size.max = 1048576 (custom)
2019-10-17 07:43:05,095 [pool-59-thread-1] INFO  server.RaftServerConfigKeys (ConfUtils.java:logGet(43)) - raft.server.log.segment.cache.num.max = 2 (custom)
2019-10-17 07:43:05,095 [pool-59-thread-1] INFO  segmented.SegmentedRaftLogWorker (SegmentedRaftLogWorker.java:<init>(173)) - new 84d87b42-83ce-4078-8a37-3864f9520041@group-1D8AAF838ABD-SegmentedRaftLogWorker for RaftStorage:Storage Directory /workdir/hadoop-ozone/integration-test/target/test-dir/MiniOzoneClusterImpl-e6097d48-8480-4a37-8188-3862b7c67c50/datanode-2/data/ratis/ef0d0675-0d45-403c-ba89-1d8aaf838abd
2019-10-17 07:43:05,095 [pool-59-thread-1] INFO  server.RaftServerConfigKeys (ConfUtils.java:logGet(43)) - raft.server.log.queue.byte-limit = 2147483647 (custom)
2019-10-17 07:43:05,095 [pool-59-thread-1] INFO  server.RaftServerConfigKeys (ConfUtils.java:logGet(43)) - raft.server.log.queue.element-limit = 1024 (custom)
2019-10-17 07:43:05,095 [pool-59-thread-1] INFO  server.RaftServerConfigKeys (ConfUtils.java:logGet(43)) - raft.server.log.segment.size.max = 1048576 (custom)
2019-10-17 07:43:05,095 [pool-59-thread-1] INFO  server.RaftServerConfigKeys (ConfUtils.java:logGet(43)) - raft.server.log.preallocated.size = 16384 (custom)
2019-10-17 07:43:05,095 [pool-59-thread-1] INFO  server.RaftServerConfigKeys (ConfUtils.java:logGet(43)) - raft.server.log.write.buffer.size = 33554432 (custom)
2019-10-17 07:43:05,095 [pool-59-thread-1] INFO  server.RaftServerConfigKeys (ConfUtils.java:logGet(43)) - raft.server.log.force.sync.num = 128 (default)
2019-10-17 07:43:05,096 [pool-59-thread-1] INFO  server.RaftServerConfigKeys (ConfUtils.java:logGet(43)) - raft.server.log.statemachine.data.sync = true (default)
2019-10-17 07:43:05,096 [pool-59-thread-1] INFO  server.RaftServerConfigKeys (ConfUtils.java:logGet(43)) - raft.server.log.statemachine.data.sync.timeout = 10s (default)
2019-10-17 07:43:05,096 [pool-59-thread-1] INFO  server.RaftServerConfigKeys (ConfUtils.java:logGet(43)) - raft.server.log.statemachine.data.sync.timeout.retry = -1 (default)
2019-10-17 07:43:05,096 [pool-59-thread-1] INFO  server.RaftServerConfigKeys (ConfUtils.java:logGet(43)) - raft.server.log.statemachine.data.caching.enabled = true (custom)
2019-10-17 07:43:05,097 [pool-59-thread-1] INFO  impl.RaftServerImpl (ServerState.java:setRaftConf(357)) - 84d87b42-83ce-4078-8a37-3864f9520041@group-1D8AAF838ABD: set configuration 0: [84d87b42-83ce-4078-8a37-3864f9520041:192.168.164.211:42413], old=null at 0
2019-10-17 07:43:05,097 [pool-59-thread-1] INFO  segmented.LogSegment (LogSegment.java:loadSegment(140)) - Successfully read 1 entries from segment file /workdir/hadoop-ozone/integration-test/target/test-dir/MiniOzoneClusterImpl-e6097d48-8480-4a37-8188-3862b7c67c50/datanode-2/data/ratis/ef0d0675-0d45-403c-ba89-1d8aaf838abd/current/log_inprogress_0
2019-10-17 07:43:05,097 [pool-59-thread-1] INFO  segmented.SegmentedRaftLogWorker (SegmentedRaftLogWorker.java:lambda$new$0(128)) - 84d87b42-83ce-4078-8a37-3864f9520041@group-1D8AAF838ABD-SegmentedRaftLogWorker: flushIndex: setUnconditionally 0 -> 0
2019-10-17 07:43:05,121 [pool-59-thread-1] INFO  server.RaftServerConfigKeys (ConfUtils.java:logGet(43)) - raft.server.snapshot.auto.trigger.enabled = true (custom)
2019-10-17 07:43:05,121 [pool-59-thread-1] INFO  server.RaftServerConfigKeys (ConfUtils.java:logGet(43)) - raft.server.snapshot.auto.trigger.threshold = 10000 (custom)
2019-10-17 07:43:05,121 [pool-59-thread-1] INFO  server.RaftServerConfigKeys (ConfUtils.java:logGet(43)) - raft.server.snapshot.retention.file.num = 5 (custom)
2019-10-17 07:43:05,121 [pool-59-thread-1] INFO  server.RaftServerConfigKeys (ConfUtils.java:logGet(43)) - raft.server.retrycache.expirytime = 600000ms (custom)
2019-10-17 07:43:05,301 [BlockDeletingService#2] WARN  background.BlockDeletingService (BlockDeletingService.java:isDeletionAllowed(187)) - Close Container log Index 6 is not replicated across allthe servers in the pipeline 6e647d31-eff2-4ddc-80e8-f450baf5df14 as the min replicated index is 4. Deletion is not allowed in this container yet.
2019-10-17 07:43:05,301 [BlockDeletingService#3] WARN  background.BlockDeletingService (BlockDeletingService.java:isDeletionAllowed(187)) - Close Container log Index 6 is not replicated across allthe servers in the pipeline 6e647d31-eff2-4ddc-80e8-f450baf5df14 as the min replicated index is 4. Deletion is not allowed in this container yet.
2019-10-17 07:43:05,407 [EventQueue-PendingDeleteStatusForPendingDeleteHandler] INFO  block.SCMBlockDeletingService (SCMBlockDeletingService.java:handlePendingDeletes(115)) - Block deletion txnID mismatch in datanode 6ea7cc1b-6dd1-4a6f-b526-a2c2472221ee for containerID 1. Datanode delete txnID: 0, SCM txnID: 1
2019-10-17 07:43:05,465 [Thread-562] INFO  client.GrpcClientProtocolService (GrpcClientProtocolService.java:lambda$processClientRequest$0(278)) - Failed RaftClientRequest:client-352DFC73CCDB->6ea7cc1b-6dd1-4a6f-b526-a2c2472221ee@group-F450BAF5DF14, cid=10, seq=0, Watch-ALL_COMMITTED(6), Message:<EMPTY>, reply=RaftClientReply:client-352DFC73CCDB->6ea7cc1b-6dd1-4a6f-b526-a2c2472221ee@group-F450BAF5DF14, cid=10, FAILED org.apache.ratis.protocol.NotLeaderException: Server 6ea7cc1b-6dd1-4a6f-b526-a2c2472221ee@group-F450BAF5DF14 is not the leader 722c44df-b170-4eeb-abb4-8ab07bb69a54:192.168.164.211:33246, logIndex=0, commits[6ea7cc1b-6dd1-4a6f-b526-a2c2472221ee:c10, 722c44df-b170-4eeb-abb4-8ab07bb69a54:c10, 84d87b42-83ce-4078-8a37-3864f9520041:c4]
2019-10-17 07:43:05,484 [pool-7-thread-1] INFO  commands.RetriableDatanodeEventWatcher (RetriableDatanodeEventWatcher.java:onTimeout(47)) - RetriableDatanodeCommand type=deleteBlocksCommand with id=1571298184482 timed out. Retrying.
2019-10-17 07:43:05,484 [SCMBlockDeletingService#1] INFO  block.SCMBlockDeletingService (SCMBlockDeletingService.java:call(184)) - Totally added 2 delete blocks command for 2 datanodes, task elapsed time: 0ms
2019-10-17 07:43:05,486 [pool-7-thread-2] INFO  commands.RetriableDatanodeEventWatcher (RetriableDatanodeEventWatcher.java:onTimeout(47)) - RetriableDatanodeCommand type=deleteBlocksCommand with id=1571298184483 timed out. Retrying.
2019-10-17 07:43:05,506 [Command processor thread] INFO  commandhandler.DeleteBlocksCommandHandler (DeleteBlocksCommandHandler.java:handle(106)) - Start to delete container blocks, TXIDs=[1(0)], numOfContainers=1, numOfBlocks=1
2019-10-17 07:43:06,303 [BlockDeletingService#3] WARN  background.BlockDeletingService (BlockDeletingService.java:isDeletionAllowed(187)) - Close Container log Index 6 is not replicated across allthe servers in the pipeline 6e647d31-eff2-4ddc-80e8-f450baf5df14 as the min replicated index is 4. Deletion is not allowed in this container yet.
2019-10-17 07:43:06,303 [BlockDeletingService#2] WARN  background.BlockDeletingService (BlockDeletingService.java:isDeletionAllowed(187)) - Close Container log Index 6 is not replicated across allthe servers in the pipeline 6e647d31-eff2-4ddc-80e8-f450baf5df14 as the min replicated index is 4. Deletion is not allowed in this container yet.
2019-10-17 07:43:06,484 [pool-7-thread-2] INFO  commands.RetriableDatanodeEventWatcher (RetriableDatanodeEventWatcher.java:onTimeout(47)) - RetriableDatanodeCommand type=deleteBlocksCommand with id=1571298184485 timed out. Retrying.
2019-10-17 07:43:06,486 [pool-7-thread-2] INFO  commands.RetriableDatanodeEventWatcher (RetriableDatanodeEventWatcher.java:onTimeout(47)) - RetriableDatanodeCommand type=deleteBlocksCommand with id=1571298184486 timed out. Retrying.
2019-10-17 07:43:06,486 [pool-7-thread-1] INFO  commands.RetriableDatanodeEventWatcher (RetriableDatanodeEventWatcher.java:onTimeout(47)) - RetriableDatanodeCommand type=deleteBlocksCommand with id=1571298184482 timed out. Retrying.
2019-10-17 07:43:06,486 [SCMBlockDeletingService#1] INFO  block.SCMBlockDeletingService (SCMBlockDeletingService.java:call(184)) - Totally added 2 delete blocks command for 2 datanodes, task elapsed time: 1ms
2019-10-17 07:43:06,486 [pool-7-thread-3] INFO  commands.RetriableDatanodeEventWatcher (RetriableDatanodeEventWatcher.java:onTimeout(47)) - RetriableDatanodeCommand type=deleteBlocksCommand with id=1571298184483 timed out. Retrying.
2019-10-17 07:43:06,606 [Command processor thread] INFO  commandhandler.DeleteBlocksCommandHandler (DeleteBlocksCommandHandler.java:handle(106)) - Start to delete container blocks, TXIDs=[1(2)], numOfContainers=1, numOfBlocks=1
2019-10-17 07:43:06,606 [Command processor thread] INFO  commandhandler.DeleteBlocksCommandHandler (DeleteBlocksCommandHandler.java:handle(106)) - Start to delete container blocks, TXIDs=[1(0)], numOfContainers=1, numOfBlocks=1
2019-10-17 07:43:06,606 [Command processor thread] INFO  commandhandler.DeleteBlocksCommandHandler (DeleteBlocksCommandHandler.java:handle(106)) - Start to delete container blocks, TXIDs=[1(2)], numOfContainers=1, numOfBlocks=1
2019-10-17 07:43:06,607 [Command processor thread] INFO  commandhandler.DeleteBlocksCommandHandler (DeleteBlocksCommandHandler.java:handle(106)) - Start to delete container blocks, TXIDs=[1(4)], numOfContainers=1, numOfBlocks=1
2019-10-17 07:43:06,607 [Command processor thread] INFO  commandhandler.DeleteBlocksCommandHandler (DeleteBlocksCommandHandler.java:handle(106)) - Start to delete container blocks, TXIDs=[1(0)], numOfContainers=1, numOfBlocks=1
2019-10-17 07:43:06,682 [Thread-567] INFO  client.GrpcClientProtocolService (GrpcClientProtocolService.java:lambda$processClientRequest$0(278)) - Failed RaftClientRequest:client-352DFC73CCDB->722c44df-b170-4eeb-abb4-8ab07bb69a54@group-F450BAF5DF14, cid=10, seq=0, Watch-ALL_COMMITTED(6), Message:<EMPTY>, reply=RaftClientReply:client-352DFC73CCDB->722c44df-b170-4eeb-abb4-8ab07bb69a54@group-F450BAF5DF14, cid=10, FAILED org.apache.ratis.protocol.NotReplicatedException: Request with call Id 10 and log index 6 is not yet replicated to ALL_COMMITTED, logIndex=6, commits[722c44df-b170-4eeb-abb4-8ab07bb69a54:c10, 6ea7cc1b-6dd1-4a6f-b526-a2c2472221ee:c10, 84d87b42-83ce-4078-8a37-3864f9520041:c4]
2019-10-17 07:43:07,046 [Datanode State Machine Thread - 0] INFO  ozoneimpl.OzoneContainer (OzoneContainer.java:start(213)) - Attempting to start container services.
2019-10-17 07:43:07,048 [Datanode State Machine Thread - 0] INFO  ozoneimpl.OzoneContainer (OzoneContainer.java:startContainerScrub(177)) - Background container scanner has been disabled.
2019-10-17 07:43:07,048 [Datanode State Machine Thread - 0] INFO  ratis.XceiverServerRatis (XceiverServerRatis.java:start(418)) - Starting XceiverServerRatis 84d87b42-83ce-4078-8a37-3864f9520041 at port 42413
2019-10-17 07:43:07,057 [Datanode State Machine Thread - 0] INFO  impl.RaftServerImpl (RaftServerImpl.java:start(195)) - 84d87b42-83ce-4078-8a37-3864f9520041@group-1D8AAF838ABD: start as a follower, conf=0: [84d87b42-83ce-4078-8a37-3864f9520041:192.168.164.211:42413], old=null
2019-10-17 07:43:07,058 [ForkJoinPool.commonPool-worker-0] INFO  impl.RaftServerImpl (RaftServerImpl.java:start(195)) - 84d87b42-83ce-4078-8a37-3864f9520041@group-F450BAF5DF14: start as a follower, conf=0: [6ea7cc1b-6dd1-4a6f-b526-a2c2472221ee:192.168.164.211:45347, 722c44df-b170-4eeb-abb4-8ab07bb69a54:192.168.164.211:33246, 84d87b42-83ce-4078-8a37-3864f9520041:192.168.164.211:42413], old=null
2019-10-17 07:43:07,059 [Datanode State Machine Thread - 0] INFO  impl.RaftServerImpl (RaftServerImpl.java:setRole(184)) - 84d87b42-83ce-4078-8a37-3864f9520041@group-1D8AAF838ABD: changes role from      null to FOLLOWER at term 1 for startAsFollower
2019-10-17 07:43:07,059 [ForkJoinPool.commonPool-worker-0] INFO  impl.RaftServerImpl (RaftServerImpl.java:setRole(184)) - 84d87b42-83ce-4078-8a37-3864f9520041@group-F450BAF5DF14: changes role from      null to FOLLOWER at term 3 for startAsFollower
2019-10-17 07:43:07,060 [Datanode State Machine Thread - 0] INFO  impl.RoleInfo (RoleInfo.java:updateAndGet(143)) - 84d87b42-83ce-4078-8a37-3864f9520041: start FollowerState
2019-10-17 07:43:07,060 [ForkJoinPool.commonPool-worker-0] INFO  impl.RoleInfo (RoleInfo.java:updateAndGet(143)) - 84d87b42-83ce-4078-8a37-3864f9520041: start FollowerState
2019-10-17 07:43:07,061 [Datanode State Machine Thread - 0] INFO  util.JmxRegister (JmxRegister.java:tryRegister(44)) - Successfully registered JMX Bean with object name Ratis:service=RaftServer,group=group-1D8AAF838ABD,id=84d87b42-83ce-4078-8a37-3864f9520041
2019-10-17 07:43:07,061 [ForkJoinPool.commonPool-worker-0] INFO  util.JmxRegister (JmxRegister.java:tryRegister(44)) - Successfully registered JMX Bean with object name Ratis:service=RaftServer,group=group-F450BAF5DF14,id=84d87b42-83ce-4078-8a37-3864f9520041
2019-10-17 07:43:07,063 [Datanode State Machine Thread - 0] INFO  impl.RaftServerProxy (RaftServerProxy.java:lambda$start$3(299)) - 84d87b42-83ce-4078-8a37-3864f9520041: start RPC server
2019-10-17 07:43:07,065 [Datanode State Machine Thread - 0] INFO  server.GrpcService (GrpcService.java:startImpl(158)) - 84d87b42-83ce-4078-8a37-3864f9520041: GrpcService started, listening on 0.0.0.0/0.0.0.0:42413
2019-10-17 07:43:07,082 [Thread-570] INFO  impl.FollowerState (FollowerState.java:run(108)) - 84d87b42-83ce-4078-8a37-3864f9520041@group-F450BAF5DF14-FollowerState: change to CANDIDATE, lastRpcTime:22ms, electionTimeout:22ms
2019-10-17 07:43:07,083 [Thread-570] INFO  impl.RoleInfo (RoleInfo.java:shutdownFollowerState(121)) - 84d87b42-83ce-4078-8a37-3864f9520041: shutdown FollowerState
2019-10-17 07:43:07,083 [Thread-570] INFO  impl.RaftServerImpl (RaftServerImpl.java:setRole(184)) - 84d87b42-83ce-4078-8a37-3864f9520041@group-F450BAF5DF14: changes role from  FOLLOWER to CANDIDATE at term 3 for changeToCandidate
2019-10-17 07:43:07,083 [Thread-570] INFO  impl.RoleInfo (RoleInfo.java:updateAndGet(143)) - 84d87b42-83ce-4078-8a37-3864f9520041: start LeaderElection
2019-10-17 07:43:07,101 [84d87b42-83ce-4078-8a37-3864f9520041@group-F450BAF5DF14-LeaderElection9] INFO  impl.LeaderElection (LeaderElection.java:askForVotes(178)) - 84d87b42-83ce-4078-8a37-3864f9520041@group-F450BAF5DF14-LeaderElection9: begin an election at term 4 for 0: [6ea7cc1b-6dd1-4a6f-b526-a2c2472221ee:192.168.164.211:45347, 722c44df-b170-4eeb-abb4-8ab07bb69a54:192.168.164.211:33246, 84d87b42-83ce-4078-8a37-3864f9520041:192.168.164.211:42413], old=null
2019-10-17 07:43:07,114 [grpc-default-executor-4] INFO  impl.RaftServerImpl (ServerState.java:setLeader(256)) - 722c44df-b170-4eeb-abb4-8ab07bb69a54@group-F450BAF5DF14: change Leader from 722c44df-b170-4eeb-abb4-8ab07bb69a54 to null at term 4 for updateCurrentTerm
2019-10-17 07:43:07,114 [grpc-default-executor-0] INFO  impl.RaftServerImpl (ServerState.java:setLeader(256)) - 6ea7cc1b-6dd1-4a6f-b526-a2c2472221ee@group-F450BAF5DF14: change Leader from 722c44df-b170-4eeb-abb4-8ab07bb69a54 to null at term 4 for updateCurrentTerm
2019-10-17 07:43:07,114 [grpc-default-executor-4] INFO  impl.RaftServerImpl (RaftServerImpl.java:setRole(184)) - 722c44df-b170-4eeb-abb4-8ab07bb69a54@group-F450BAF5DF14: changes role from    LEADER to FOLLOWER at term 4 for recognizeCandidate:84d87b42-83ce-4078-8a37-3864f9520041
2019-10-17 07:43:07,114 [grpc-default-executor-0] INFO  impl.RaftServerImpl (RaftServerImpl.java:setRole(184)) - 6ea7cc1b-6dd1-4a6f-b526-a2c2472221ee@group-F450BAF5DF14: changes role from  FOLLOWER to FOLLOWER at term 4 for recognizeCandidate:84d87b42-83ce-4078-8a37-3864f9520041
2019-10-17 07:43:07,114 [grpc-default-executor-4] INFO  impl.RoleInfo (RoleInfo.java:shutdownLeaderState(104)) - 722c44df-b170-4eeb-abb4-8ab07bb69a54: shutdown LeaderState
2019-10-17 07:43:07,114 [grpc-default-executor-0] INFO  impl.RoleInfo (RoleInfo.java:shutdownFollowerState(121)) - 6ea7cc1b-6dd1-4a6f-b526-a2c2472221ee: shutdown FollowerState
2019-10-17 07:43:07,116 [org.apache.ratis.server.impl.LogAppender$AppenderDaemon$$Lambda$393/611780068@788d21c7] WARN  server.GrpcLogAppender (GrpcLogAppender.java:mayWait(149)) - 722c44df-b170-4eeb-abb4-8ab07bb69a54@group-F450BAF5DF14->6ea7cc1b-6dd1-4a6f-b526-a2c2472221ee-GrpcLogAppender: Wait interrupted by java.lang.InterruptedException
2019-10-17 07:43:07,116 [grpc-default-executor-0] INFO  impl.RoleInfo (RoleInfo.java:updateAndGet(143)) - 6ea7cc1b-6dd1-4a6f-b526-a2c2472221ee: start FollowerState
2019-10-17 07:43:07,116 [Thread-239] INFO  impl.FollowerState (FollowerState.java:run(117)) - 6ea7cc1b-6dd1-4a6f-b526-a2c2472221ee@group-F450BAF5DF14-FollowerState was interrupted: java.lang.InterruptedException: sleep interrupted
2019-10-17 07:43:07,116 [org.apache.ratis.server.impl.LogAppender$AppenderDaemon$$Lambda$393/611780068@493f3b7d] WARN  server.GrpcLogAppender (GrpcLogAppender.java:mayWait(149)) - 722c44df-b170-4eeb-abb4-8ab07bb69a54@group-F450BAF5DF14->84d87b42-83ce-4078-8a37-3864f9520041-GrpcLogAppender: Wait interrupted by java.lang.InterruptedException
2019-10-17 07:43:07,116 [grpc-default-executor-4] INFO  impl.PendingRequests (PendingRequests.java:sendNotLeaderResponses(202)) - 722c44df-b170-4eeb-abb4-8ab07bb69a54@group-F450BAF5DF14-PendingRequests: sendNotLeaderResponses
2019-10-17 07:43:07,118 [grpc-default-executor-1] INFO  server.GrpcServerProtocolService (GrpcServerProtocolService.java:onCompleted(113)) - 6ea7cc1b-6dd1-4a6f-b526-a2c2472221ee: Completed APPEND_ENTRIES, lastRequest: 722c44df-b170-4eeb-abb4-8ab07bb69a54->6ea7cc1b-6dd1-4a6f-b526-a2c2472221ee#52-t3, previous=(t:3, i:10), leaderCommit=10, initializing? false, entries: <empty>
2019-10-17 07:43:07,122 [grpc-default-executor-4] INFO  impl.RoleInfo (RoleInfo.java:updateAndGet(143)) - 722c44df-b170-4eeb-abb4-8ab07bb69a54: start FollowerState
2019-10-17 07:43:07,122 [Thread-577] INFO  client.GrpcClientProtocolService (GrpcClientProtocolService.java:lambda$processClientRequest$0(278)) - Failed RaftClientRequest:client-352DFC73CCDB->722c44df-b170-4eeb-abb4-8ab07bb69a54@group-F450BAF5DF14, cid=10, seq=0, Watch-ALL_COMMITTED(6), Message:<EMPTY>, reply=RaftClientReply:client-352DFC73CCDB->722c44df-b170-4eeb-abb4-8ab07bb69a54@group-F450BAF5DF14, cid=10, FAILED org.apache.ratis.protocol.NotLeaderException: Server 722c44df-b170-4eeb-abb4-8ab07bb69a54@group-F450BAF5DF14 is not the leader, logIndex=0, commits[722c44df-b170-4eeb-abb4-8ab07bb69a54:c10, 6ea7cc1b-6dd1-4a6f-b526-a2c2472221ee:c10, 84d87b42-83ce-4078-8a37-3864f9520041:c4]
2019-10-17 07:43:07,122 [grpc-default-executor-5] INFO  server.GrpcLogAppender (GrpcLogAppender.java:onCompleted(308)) - 722c44df-b170-4eeb-abb4-8ab07bb69a54@group-F450BAF5DF14->6ea7cc1b-6dd1-4a6f-b526-a2c2472221ee-AppendLogResponseHandler: follower responses appendEntries COMPLETED
2019-10-17 07:43:07,122 [Thread-569] INFO  impl.FollowerState (FollowerState.java:run(108)) - 84d87b42-83ce-4078-8a37-3864f9520041@group-1D8AAF838ABD-FollowerState: change to CANDIDATE, lastRpcTime:62ms, electionTimeout:62ms
2019-10-17 07:43:07,125 [Thread-569] INFO  impl.RoleInfo (RoleInfo.java:shutdownFollowerState(121)) - 84d87b42-83ce-4078-8a37-3864f9520041: shutdown FollowerState
2019-10-17 07:43:07,125 [Thread-569] INFO  impl.RaftServerImpl (RaftServerImpl.java:setRole(184)) - 84d87b42-83ce-4078-8a37-3864f9520041@group-1D8AAF838ABD: changes role from  FOLLOWER to CANDIDATE at term 1 for changeToCandidate
2019-10-17 07:43:07,125 [Thread-569] INFO  impl.RoleInfo (RoleInfo.java:updateAndGet(143)) - 84d87b42-83ce-4078-8a37-3864f9520041: start LeaderElection
2019-10-17 07:43:07,125 [grpc-default-executor-5] INFO  impl.FollowerInfo (FollowerInfo.java:lambda$new$0(51)) - 722c44df-b170-4eeb-abb4-8ab07bb69a54@group-F450BAF5DF14->6ea7cc1b-6dd1-4a6f-b526-a2c2472221ee: nextIndex: updateUnconditionally 11 -> 10
2019-10-17 07:43:07,137 [84d87b42-83ce-4078-8a37-3864f9520041@group-F450BAF5DF14-LeaderElection9] INFO  impl.LeaderElection (LeaderElection.java:logAndReturn(56)) - 84d87b42-83ce-4078-8a37-3864f9520041@group-F450BAF5DF14-LeaderElection9: Election REJECTED; received 2 response(s) [84d87b42-83ce-4078-8a37-3864f9520041<-6ea7cc1b-6dd1-4a6f-b526-a2c2472221ee#0:FAIL-t4, 84d87b42-83ce-4078-8a37-3864f9520041<-722c44df-b170-4eeb-abb4-8ab07bb69a54#0:FAIL-t4] and 0 exception(s); 84d87b42-83ce-4078-8a37-3864f9520041@group-F450BAF5DF14:t4, leader=null, voted=84d87b42-83ce-4078-8a37-3864f9520041, raftlog=84d87b42-83ce-4078-8a37-3864f9520041@group-F450BAF5DF14-SegmentedRaftLog:OPENED:c3,f4,i4, conf=0: [6ea7cc1b-6dd1-4a6f-b526-a2c2472221ee:192.168.164.211:45347, 722c44df-b170-4eeb-abb4-8ab07bb69a54:192.168.164.211:33246, 84d87b42-83ce-4078-8a37-3864f9520041:192.168.164.211:42413], old=null
2019-10-17 07:43:07,137 [84d87b42-83ce-4078-8a37-3864f9520041@group-F450BAF5DF14-LeaderElection9] INFO  impl.RaftServerImpl (RaftServerImpl.java:setRole(184)) - 84d87b42-83ce-4078-8a37-3864f9520041@group-F450BAF5DF14: changes role from CANDIDATE to FOLLOWER at term 4 for DISCOVERED_A_NEW_TERM
2019-10-17 07:43:07,139 [84d87b42-83ce-4078-8a37-3864f9520041@group-F450BAF5DF14-LeaderElection9] INFO  impl.RoleInfo (RoleInfo.java:shutdownLeaderElection(134)) - 84d87b42-83ce-4078-8a37-3864f9520041: shutdown LeaderElection
2019-10-17 07:43:07,140 [84d87b42-83ce-4078-8a37-3864f9520041@group-F450BAF5DF14-LeaderElection9] INFO  impl.RoleInfo (RoleInfo.java:updateAndGet(143)) - 84d87b42-83ce-4078-8a37-3864f9520041: start FollowerState
2019-10-17 07:43:07,143 [Thread-581] INFO  impl.FollowerState (FollowerState.java:run(108)) - 84d87b42-83ce-4078-8a37-3864f9520041@group-F450BAF5DF14-FollowerState: change to CANDIDATE, lastRpcTime:3ms, electionTimeout:2ms
2019-10-17 07:43:07,144 [Thread-581] INFO  impl.RoleInfo (RoleInfo.java:shutdownFollowerState(121)) - 84d87b42-83ce-4078-8a37-3864f9520041: shutdown FollowerState
2019-10-17 07:43:07,144 [Thread-581] INFO  impl.RaftServerImpl (RaftServerImpl.java:setRole(184)) - 84d87b42-83ce-4078-8a37-3864f9520041@group-F450BAF5DF14: changes role from  FOLLOWER to CANDIDATE at term 4 for changeToCandidate
2019-10-17 07:43:07,144 [Thread-581] INFO  impl.RoleInfo (RoleInfo.java:updateAndGet(143)) - 84d87b42-83ce-4078-8a37-3864f9520041: start LeaderElection
2019-10-17 07:43:07,145 [84d87b42-83ce-4078-8a37-3864f9520041@group-1D8AAF838ABD-LeaderElection10] INFO  impl.LeaderElection (LeaderElection.java:askForVotes(178)) - 84d87b42-83ce-4078-8a37-3864f9520041@group-1D8AAF838ABD-LeaderElection10: begin an election at term 2 for 0: [84d87b42-83ce-4078-8a37-3864f9520041:192.168.164.211:42413], old=null
2019-10-17 07:43:07,145 [84d87b42-83ce-4078-8a37-3864f9520041@group-1D8AAF838ABD-LeaderElection10] INFO  impl.RoleInfo (RoleInfo.java:shutdownLeaderElection(134)) - 84d87b42-83ce-4078-8a37-3864f9520041: shutdown LeaderElection
2019-10-17 07:43:07,145 [84d87b42-83ce-4078-8a37-3864f9520041@group-1D8AAF838ABD-LeaderElection10] INFO  impl.RaftServerImpl (RaftServerImpl.java:setRole(184)) - 84d87b42-83ce-4078-8a37-3864f9520041@group-1D8AAF838ABD: changes role from CANDIDATE to LEADER at term 2 for changeToLeader
2019-10-17 07:43:07,145 [84d87b42-83ce-4078-8a37-3864f9520041@group-1D8AAF838ABD-LeaderElection10] INFO  impl.RaftServerImpl (ServerState.java:setLeader(256)) - 84d87b42-83ce-4078-8a37-3864f9520041@group-1D8AAF838ABD: change Leader from null to 84d87b42-83ce-4078-8a37-3864f9520041 at term 2 for becomeLeader, leader elected after 2051ms
2019-10-17 07:43:07,146 [84d87b42-83ce-4078-8a37-3864f9520041@group-1D8AAF838ABD-LeaderElection10] INFO  server.RaftServerConfigKeys (ConfUtils.java:logGet(43)) - raft.server.staging.catchup.gap = 1000 (default)
2019-10-17 07:43:07,146 [84d87b42-83ce-4078-8a37-3864f9520041@group-1D8AAF838ABD-LeaderElection10] INFO  server.RaftServerConfigKeys (ConfUtils.java:logGet(43)) - raft.server.rpc.sleep.time = 25ms (default)
2019-10-17 07:43:07,146 [84d87b42-83ce-4078-8a37-3864f9520041@group-1D8AAF838ABD-LeaderElection10] INFO  server.RaftServerConfigKeys (ConfUtils.java:logGet(43)) - raft.server.write.element-limit = 4096 (default)
2019-10-17 07:43:07,147 [84d87b42-83ce-4078-8a37-3864f9520041@group-1D8AAF838ABD-LeaderElection10] INFO  server.RaftServerConfigKeys (ConfUtils.java:logGet(43)) - raft.server.watch.timeout = 10s (default)
2019-10-17 07:43:07,147 [84d87b42-83ce-4078-8a37-3864f9520041@group-1D8AAF838ABD-LeaderElection10] INFO  server.RaftServerConfigKeys (ConfUtils.java:logGet(43)) - raft.server.watch.timeout.denomination = 1s (default)
2019-10-17 07:43:07,147 [84d87b42-83ce-4078-8a37-3864f9520041@group-1D8AAF838ABD-LeaderElection10] INFO  server.RaftServerConfigKeys (ConfUtils.java:logGet(43)) - raft.server.watch.element-limit = 65536 (default)
2019-10-17 07:43:07,147 [84d87b42-83ce-4078-8a37-3864f9520041@group-1D8AAF838ABD-LeaderElection10] INFO  impl.RoleInfo (RoleInfo.java:updateAndGet(143)) - 84d87b42-83ce-4078-8a37-3864f9520041: start LeaderState
2019-10-17 07:43:07,148 [84d87b42-83ce-4078-8a37-3864f9520041@group-1D8AAF838ABD-LeaderElection10] INFO  segmented.SegmentedRaftLogWorker (SegmentedRaftLogWorker.java:rollLogSegment(390)) - 84d87b42-83ce-4078-8a37-3864f9520041@group-1D8AAF838ABD-SegmentedRaftLogWorker: Rolling segment log-0_0 to index:0
2019-10-17 07:43:07,150 [84d87b42-83ce-4078-8a37-3864f9520041@group-1D8AAF838ABD-LeaderElection10] INFO  impl.RaftServerImpl (ServerState.java:setRaftConf(357)) - 84d87b42-83ce-4078-8a37-3864f9520041@group-1D8AAF838ABD: set configuration 1: [84d87b42-83ce-4078-8a37-3864f9520041:192.168.164.211:42413], old=null at 1
2019-10-17 07:43:07,152 [84d87b42-83ce-4078-8a37-3864f9520041@group-1D8AAF838ABD-SegmentedRaftLogWorker] INFO  segmented.SegmentedRaftLogWorker (SegmentedRaftLogWorker.java:execute(533)) - 84d87b42-83ce-4078-8a37-3864f9520041@group-1D8AAF838ABD-SegmentedRaftLogWorker: Rolled log segment from /workdir/hadoop-ozone/integration-test/target/test-dir/MiniOzoneClusterImpl-e6097d48-8480-4a37-8188-3862b7c67c50/datanode-2/data/ratis/ef0d0675-0d45-403c-ba89-1d8aaf838abd/current/log_inprogress_0 to /workdir/hadoop-ozone/integration-test/target/test-dir/MiniOzoneClusterImpl-e6097d48-8480-4a37-8188-3862b7c67c50/datanode-2/data/ratis/ef0d0675-0d45-403c-ba89-1d8aaf838abd/current/log_0-0
2019-10-17 07:43:07,160 [84d87b42-83ce-4078-8a37-3864f9520041@group-F450BAF5DF14-LeaderElection11] INFO  impl.LeaderElection (LeaderElection.java:askForVotes(178)) - 84d87b42-83ce-4078-8a37-3864f9520041@group-F450BAF5DF14-LeaderElection11: begin an election at term 5 for 0: [6ea7cc1b-6dd1-4a6f-b526-a2c2472221ee:192.168.164.211:45347, 722c44df-b170-4eeb-abb4-8ab07bb69a54:192.168.164.211:33246, 84d87b42-83ce-4078-8a37-3864f9520041:192.168.164.211:42413], old=null
2019-10-17 07:43:07,180 [grpc-default-executor-0] INFO  impl.RaftServerImpl (RaftServerImpl.java:setRole(184)) - 6ea7cc1b-6dd1-4a6f-b526-a2c2472221ee@group-F450BAF5DF14: changes role from  FOLLOWER to FOLLOWER at term 5 for recognizeCandidate:84d87b42-83ce-4078-8a37-3864f9520041
2019-10-17 07:43:07,180 [grpc-default-executor-5] INFO  impl.RaftServerImpl (RaftServerImpl.java:setRole(184)) - 722c44df-b170-4eeb-abb4-8ab07bb69a54@group-F450BAF5DF14: changes role from  FOLLOWER to FOLLOWER at term 5 for recognizeCandidate:84d87b42-83ce-4078-8a37-3864f9520041
2019-10-17 07:43:07,181 [grpc-default-executor-0] INFO  impl.RoleInfo (RoleInfo.java:shutdownFollowerState(121)) - 6ea7cc1b-6dd1-4a6f-b526-a2c2472221ee: shutdown FollowerState
2019-10-17 07:43:07,181 [grpc-default-executor-5] INFO  impl.RoleInfo (RoleInfo.java:shutdownFollowerState(121)) - 722c44df-b170-4eeb-abb4-8ab07bb69a54: shutdown FollowerState
2019-10-17 07:43:07,181 [grpc-default-executor-0] INFO  impl.RoleInfo (RoleInfo.java:updateAndGet(143)) - 6ea7cc1b-6dd1-4a6f-b526-a2c2472221ee: start FollowerState
2019-10-17 07:43:07,181 [Thread-576] INFO  impl.FollowerState (FollowerState.java:run(117)) - 6ea7cc1b-6dd1-4a6f-b526-a2c2472221ee@group-F450BAF5DF14-FollowerState was interrupted: java.lang.InterruptedException: sleep interrupted
2019-10-17 07:43:07,182 [Thread-578] INFO  impl.FollowerState (FollowerState.java:run(117)) - 722c44df-b170-4eeb-abb4-8ab07bb69a54@group-F450BAF5DF14-FollowerState was interrupted: java.lang.InterruptedException: sleep interrupted
2019-10-17 07:43:07,182 [grpc-default-executor-5] INFO  impl.RoleInfo (RoleInfo.java:updateAndGet(143)) - 722c44df-b170-4eeb-abb4-8ab07bb69a54: start FollowerState
2019-10-17 07:43:07,193 [84d87b42-83ce-4078-8a37-3864f9520041@group-1D8AAF838ABD-SegmentedRaftLogWorker] INFO  segmented.SegmentedRaftLogWorker (SegmentedRaftLogWorker.java:execute(576)) - 84d87b42-83ce-4078-8a37-3864f9520041@group-1D8AAF838ABD-SegmentedRaftLogWorker: created new log segment /workdir/hadoop-ozone/integration-test/target/test-dir/MiniOzoneClusterImpl-e6097d48-8480-4a37-8188-3862b7c67c50/datanode-2/data/ratis/ef0d0675-0d45-403c-ba89-1d8aaf838abd/current/log_inprogress_1
2019-10-17 07:43:07,194 [84d87b42-83ce-4078-8a37-3864f9520041@group-F450BAF5DF14-LeaderElection11] INFO  impl.LeaderElection (LeaderElection.java:logAndReturn(56)) - 84d87b42-83ce-4078-8a37-3864f9520041@group-F450BAF5DF14-LeaderElection11: Election REJECTED; received 2 response(s) [84d87b42-83ce-4078-8a37-3864f9520041<-6ea7cc1b-6dd1-4a6f-b526-a2c2472221ee#0:FAIL-t5, 84d87b42-83ce-4078-8a37-3864f9520041<-722c44df-b170-4eeb-abb4-8ab07bb69a54#0:FAIL-t5] and 0 exception(s); 84d87b42-83ce-4078-8a37-3864f9520041@group-F450BAF5DF14:t5, leader=null, voted=84d87b42-83ce-4078-8a37-3864f9520041, raftlog=84d87b42-83ce-4078-8a37-3864f9520041@group-F450BAF5DF14-SegmentedRaftLog:OPENED:c3,f4,i4, conf=0: [6ea7cc1b-6dd1-4a6f-b526-a2c2472221ee:192.168.164.211:45347, 722c44df-b170-4eeb-abb4-8ab07bb69a54:192.168.164.211:33246, 84d87b42-83ce-4078-8a37-3864f9520041:192.168.164.211:42413], old=null
2019-10-17 07:43:07,195 [84d87b42-83ce-4078-8a37-3864f9520041@group-F450BAF5DF14-LeaderElection11] INFO  impl.RaftServerImpl (RaftServerImpl.java:setRole(184)) - 84d87b42-83ce-4078-8a37-3864f9520041@group-F450BAF5DF14: changes role from CANDIDATE to FOLLOWER at term 5 for DISCOVERED_A_NEW_TERM
2019-10-17 07:43:07,195 [84d87b42-83ce-4078-8a37-3864f9520041@group-F450BAF5DF14-LeaderElection11] INFO  impl.RoleInfo (RoleInfo.java:shutdownLeaderElection(134)) - 84d87b42-83ce-4078-8a37-3864f9520041: shutdown LeaderElection
2019-10-17 07:43:07,196 [84d87b42-83ce-4078-8a37-3864f9520041@group-F450BAF5DF14-LeaderElection11] INFO  impl.RoleInfo (RoleInfo.java:updateAndGet(143)) - 84d87b42-83ce-4078-8a37-3864f9520041: start FollowerState
2019-10-17 07:43:07,287 [Thread-588] INFO  impl.FollowerState (FollowerState.java:run(108)) - 84d87b42-83ce-4078-8a37-3864f9520041@group-F450BAF5DF14-FollowerState: change to CANDIDATE, lastRpcTime:91ms, electionTimeout:13ms
2019-10-17 07:43:07,288 [Thread-588] INFO  impl.RoleInfo (RoleInfo.java:shutdownFollowerState(121)) - 84d87b42-83ce-4078-8a37-3864f9520041: shutdown FollowerState
2019-10-17 07:43:07,288 [Thread-588] INFO  impl.RaftServerImpl (RaftServerImpl.java:setRole(184)) - 84d87b42-83ce-4078-8a37-3864f9520041@group-F450BAF5DF14: changes role from  FOLLOWER to CANDIDATE at term 5 for changeToCandidate
2019-10-17 07:43:07,288 [Thread-588] INFO  impl.RoleInfo (RoleInfo.java:updateAndGet(143)) - 84d87b42-83ce-4078-8a37-3864f9520041: start LeaderElection
2019-10-17 07:43:07,302 [java.util.concurrent.ThreadPoolExecutor$Worker@3d6cb76e[State = -1, empty queue]] WARN  server.GrpcLogAppender (GrpcLogAppender.java:timeoutAppendRequest(209)) - 722c44df-b170-4eeb-abb4-8ab07bb69a54@group-F450BAF5DF14->84d87b42-83ce-4078-8a37-3864f9520041-GrpcLogAppender: appendEntries Timeout, request=722c44df-b170-4eeb-abb4-8ab07bb69a54->84d87b42-83ce-4078-8a37-3864f9520041#51-t3, previous=(t:3, i:10), leaderCommit=10, initializing? false, entries: <empty>
2019-10-17 07:43:07,304 [BlockDeletingService#3] WARN  background.BlockDeletingService (BlockDeletingService.java:isDeletionAllowed(187)) - Close Container log Index 6 is not replicated across allthe servers in the pipeline 6e647d31-eff2-4ddc-80e8-f450baf5df14 as the min replicated index is 4. Deletion is not allowed in this container yet.
2019-10-17 07:43:07,304 [BlockDeletingService#2] WARN  background.BlockDeletingService (BlockDeletingService.java:isDeletionAllowed(187)) - Close Container log Index 6 is not replicated across allthe servers in the pipeline 6e647d31-eff2-4ddc-80e8-f450baf5df14 as the min replicated index is 4. Deletion is not allowed in this container yet.
2019-10-17 07:43:07,315 [84d87b42-83ce-4078-8a37-3864f9520041@group-F450BAF5DF14-LeaderElection12] INFO  impl.LeaderElection (LeaderElection.java:askForVotes(178)) - 84d87b42-83ce-4078-8a37-3864f9520041@group-F450BAF5DF14-LeaderElection12: begin an election at term 6 for 0: [6ea7cc1b-6dd1-4a6f-b526-a2c2472221ee:192.168.164.211:45347, 722c44df-b170-4eeb-abb4-8ab07bb69a54:192.168.164.211:33246, 84d87b42-83ce-4078-8a37-3864f9520041:192.168.164.211:42413], old=null
2019-10-17 07:43:07,316 [84d87b42-83ce-4078-8a37-3864f9520041@group-F450BAF5DF14-LeaderElection12] INFO  impl.LeaderElection (LeaderElection.java:logAndReturn(56)) - 84d87b42-83ce-4078-8a37-3864f9520041@group-F450BAF5DF14-LeaderElection12: Election TIMEOUT; received 0 response(s) [] and 0 exception(s); 84d87b42-83ce-4078-8a37-3864f9520041@group-F450BAF5DF14:t6, leader=null, voted=84d87b42-83ce-4078-8a37-3864f9520041, raftlog=84d87b42-83ce-4078-8a37-3864f9520041@group-F450BAF5DF14-SegmentedRaftLog:OPENED:c3,f4,i4, conf=0: [6ea7cc1b-6dd1-4a6f-b526-a2c2472221ee:192.168.164.211:45347, 722c44df-b170-4eeb-abb4-8ab07bb69a54:192.168.164.211:33246, 84d87b42-83ce-4078-8a37-3864f9520041:192.168.164.211:42413], old=null
2019-10-17 07:43:07,320 [grpc-default-executor-5] INFO  impl.RaftServerImpl (RaftServerImpl.java:setRole(184)) - 6ea7cc1b-6dd1-4a6f-b526-a2c2472221ee@group-F450BAF5DF14: changes role from  FOLLOWER to FOLLOWER at term 6 for recognizeCandidate:84d87b42-83ce-4078-8a37-3864f9520041
2019-10-17 07:43:07,320 [grpc-default-executor-0] INFO  impl.RaftServerImpl (RaftServerImpl.java:setRole(184)) - 722c44df-b170-4eeb-abb4-8ab07bb69a54@group-F450BAF5DF14: changes role from  FOLLOWER to FOLLOWER at term 6 for recognizeCandidate:84d87b42-83ce-4078-8a37-3864f9520041
2019-10-17 07:43:07,321 [grpc-default-executor-5] INFO  impl.RoleInfo (RoleInfo.java:shutdownFollowerState(121)) - 6ea7cc1b-6dd1-4a6f-b526-a2c2472221ee: shutdown FollowerState
2019-10-17 07:43:07,321 [grpc-default-executor-0] INFO  impl.RoleInfo (RoleInfo.java:shutdownFollowerState(121)) - 722c44df-b170-4eeb-abb4-8ab07bb69a54: shutdown FollowerState
2019-10-17 07:43:07,321 [Thread-586] INFO  impl.FollowerState (FollowerState.java:run(117)) - 6ea7cc1b-6dd1-4a6f-b526-a2c2472221ee@group-F450BAF5DF14-FollowerState was interrupted: java.lang.InterruptedException: sleep interrupted
2019-10-17 07:43:07,321 [grpc-default-executor-5] INFO  impl.RoleInfo (RoleInfo.java:updateAndGet(143)) - 6ea7cc1b-6dd1-4a6f-b526-a2c2472221ee: start FollowerState
2019-10-17 07:43:07,321 [Thread-587] INFO  impl.FollowerState (FollowerState.java:run(117)) - 722c44df-b170-4eeb-abb4-8ab07bb69a54@group-F450BAF5DF14-FollowerState was interrupted: java.lang.InterruptedException: sleep interrupted
2019-10-17 07:43:07,321 [grpc-default-executor-0] INFO  impl.RoleInfo (RoleInfo.java:updateAndGet(143)) - 722c44df-b170-4eeb-abb4-8ab07bb69a54: start FollowerState
2019-10-17 07:43:07,330 [84d87b42-83ce-4078-8a37-3864f9520041@group-F450BAF5DF14-LeaderElection12] INFO  impl.LeaderElection (LeaderElection.java:askForVotes(178)) - 84d87b42-83ce-4078-8a37-3864f9520041@group-F450BAF5DF14-LeaderElection12: begin an election at term 7 for 0: [6ea7cc1b-6dd1-4a6f-b526-a2c2472221ee:192.168.164.211:45347, 722c44df-b170-4eeb-abb4-8ab07bb69a54:192.168.164.211:33246, 84d87b42-83ce-4078-8a37-3864f9520041:192.168.164.211:42413], old=null
2019-10-17 07:43:07,335 [grpc-default-executor-5] INFO  impl.RaftServerImpl (RaftServerImpl.java:setRole(184)) - 6ea7cc1b-6dd1-4a6f-b526-a2c2472221ee@group-F450BAF5DF14: changes role from  FOLLOWER to FOLLOWER at term 7 for recognizeCandidate:84d87b42-83ce-4078-8a37-3864f9520041
2019-10-17 07:43:07,335 [grpc-default-executor-5] INFO  impl.RoleInfo (RoleInfo.java:shutdownFollowerState(121)) - 6ea7cc1b-6dd1-4a6f-b526-a2c2472221ee: shutdown FollowerState
2019-10-17 07:43:07,335 [grpc-default-executor-0] INFO  impl.RaftServerImpl (RaftServerImpl.java:setRole(184)) - 722c44df-b170-4eeb-abb4-8ab07bb69a54@group-F450BAF5DF14: changes role from  FOLLOWER to FOLLOWER at term 7 for recognizeCandidate:84d87b42-83ce-4078-8a37-3864f9520041
2019-10-17 07:43:07,335 [Thread-594] INFO  impl.FollowerState (FollowerState.java:run(117)) - 6ea7cc1b-6dd1-4a6f-b526-a2c2472221ee@group-F450BAF5DF14-FollowerState was interrupted: java.lang.InterruptedException: sleep interrupted
2019-10-17 07:43:07,335 [grpc-default-executor-5] INFO  impl.RoleInfo (RoleInfo.java:updateAndGet(143)) - 6ea7cc1b-6dd1-4a6f-b526-a2c2472221ee: start FollowerState
2019-10-17 07:43:07,336 [grpc-default-executor-0] INFO  impl.RoleInfo (RoleInfo.java:shutdownFollowerState(121)) - 722c44df-b170-4eeb-abb4-8ab07bb69a54: shutdown FollowerState
2019-10-17 07:43:07,336 [grpc-default-executor-0] INFO  impl.RoleInfo (RoleInfo.java:updateAndGet(143)) - 722c44df-b170-4eeb-abb4-8ab07bb69a54: start FollowerState
2019-10-17 07:43:07,336 [Thread-595] INFO  impl.FollowerState (FollowerState.java:run(117)) - 722c44df-b170-4eeb-abb4-8ab07bb69a54@group-F450BAF5DF14-FollowerState was interrupted: java.lang.InterruptedException: sleep interrupted
2019-10-17 07:43:07,353 [84d87b42-83ce-4078-8a37-3864f9520041@group-F450BAF5DF14-LeaderElection12] INFO  impl.LeaderElection (LeaderElection.java:logAndReturn(56)) - 84d87b42-83ce-4078-8a37-3864f9520041@group-F450BAF5DF14-LeaderElection12: Election REJECTED; received 2 response(s) [84d87b42-83ce-4078-8a37-3864f9520041<-6ea7cc1b-6dd1-4a6f-b526-a2c2472221ee#0:FAIL-t7, 84d87b42-83ce-4078-8a37-3864f9520041<-722c44df-b170-4eeb-abb4-8ab07bb69a54#0:FAIL-t7] and 0 exception(s); 84d87b42-83ce-4078-8a37-3864f9520041@group-F450BAF5DF14:t7, leader=null, voted=84d87b42-83ce-4078-8a37-3864f9520041, raftlog=84d87b42-83ce-4078-8a37-3864f9520041@group-F450BAF5DF14-SegmentedRaftLog:OPENED:c3,f4,i4, conf=0: [6ea7cc1b-6dd1-4a6f-b526-a2c2472221ee:192.168.164.211:45347, 722c44df-b170-4eeb-abb4-8ab07bb69a54:192.168.164.211:33246, 84d87b42-83ce-4078-8a37-3864f9520041:192.168.164.211:42413], old=null
2019-10-17 07:43:07,353 [84d87b42-83ce-4078-8a37-3864f9520041@group-F450BAF5DF14-LeaderElection12] INFO  impl.RaftServerImpl (RaftServerImpl.java:setRole(184)) - 84d87b42-83ce-4078-8a37-3864f9520041@group-F450BAF5DF14: changes role from CANDIDATE to FOLLOWER at term 7 for DISCOVERED_A_NEW_TERM
2019-10-17 07:43:07,354 [84d87b42-83ce-4078-8a37-3864f9520041@group-F450BAF5DF14-LeaderElection12] INFO  impl.RoleInfo (RoleInfo.java:shutdownLeaderElection(134)) - 84d87b42-83ce-4078-8a37-3864f9520041: shutdown LeaderElection
2019-10-17 07:43:07,354 [84d87b42-83ce-4078-8a37-3864f9520041@group-F450BAF5DF14-LeaderElection12] INFO  impl.RoleInfo (RoleInfo.java:updateAndGet(143)) - 84d87b42-83ce-4078-8a37-3864f9520041: start FollowerState
2019-10-17 07:43:07,486 [pool-7-thread-3] INFO  commands.RetriableDatanodeEventWatcher (RetriableDatanodeEventWatcher.java:onTimeout(47)) - RetriableDatanodeCommand type=deleteBlocksCommand with id=1571298184488 timed out. Retrying.
2019-10-17 07:43:07,488 [pool-7-thread-1] INFO  commands.RetriableDatanodeEventWatcher (RetriableDatanodeEventWatcher.java:onTimeout(47)) - RetriableDatanodeCommand type=deleteBlocksCommand with id=1571298184486 timed out. Retrying.
2019-10-17 07:43:07,488 [pool-7-thread-2] INFO  commands.RetriableDatanodeEventWatcher (RetriableDatanodeEventWatcher.java:onTimeout(47)) - RetriableDatanodeCommand type=deleteBlocksCommand with id=1571298184483 timed out. Retrying.
2019-10-17 07:43:07,488 [SCMBlockDeletingService#1] INFO  block.SCMBlockDeletingService (SCMBlockDeletingService.java:call(184)) - Totally added 1 delete blocks command for 1 datanodes, task elapsed time: 0ms
2019-10-17 07:43:07,507 [Thread-600] INFO  impl.FollowerState (FollowerState.java:run(108)) - 84d87b42-83ce-4078-8a37-3864f9520041@group-F450BAF5DF14-FollowerState: change to CANDIDATE, lastRpcTime:152ms, electionTimeout:152ms
2019-10-17 07:43:07,507 [Thread-600] INFO  impl.RoleInfo (RoleInfo.java:shutdownFollowerState(121)) - 84d87b42-83ce-4078-8a37-3864f9520041: shutdown FollowerState
2019-10-17 07:43:07,508 [Thread-600] INFO  impl.RaftServerImpl (RaftServerImpl.java:setRole(184)) - 84d87b42-83ce-4078-8a37-3864f9520041@group-F450BAF5DF14: changes role from  FOLLOWER to CANDIDATE at term 7 for changeToCandidate
2019-10-17 07:43:07,508 [Thread-600] INFO  impl.RoleInfo (RoleInfo.java:updateAndGet(143)) - 84d87b42-83ce-4078-8a37-3864f9520041: start LeaderElection
2019-10-17 07:43:07,533 [84d87b42-83ce-4078-8a37-3864f9520041@group-F450BAF5DF14-LeaderElection13] INFO  impl.LeaderElection (LeaderElection.java:askForVotes(178)) - 84d87b42-83ce-4078-8a37-3864f9520041@group-F450BAF5DF14-LeaderElection13: begin an election at term 8 for 0: [6ea7cc1b-6dd1-4a6f-b526-a2c2472221ee:192.168.164.211:45347, 722c44df-b170-4eeb-abb4-8ab07bb69a54:192.168.164.211:33246, 84d87b42-83ce-4078-8a37-3864f9520041:192.168.164.211:42413], old=null
2019-10-17 07:43:07,538 [grpc-default-executor-0] INFO  impl.RaftServerImpl (RaftServerImpl.java:setRole(184)) - 6ea7cc1b-6dd1-4a6f-b526-a2c2472221ee@group-F450BAF5DF14: changes role from  FOLLOWER to FOLLOWER at term 8 for recognizeCandidate:84d87b42-83ce-4078-8a37-3864f9520041
2019-10-17 07:43:07,538 [grpc-default-executor-5] INFO  impl.RaftServerImpl (RaftServerImpl.java:setRole(184)) - 722c44df-b170-4eeb-abb4-8ab07bb69a54@group-F450BAF5DF14: changes role from  FOLLOWER to FOLLOWER at term 8 for recognizeCandidate:84d87b42-83ce-4078-8a37-3864f9520041
2019-10-17 07:43:07,538 [grpc-default-executor-0] INFO  impl.RoleInfo (RoleInfo.java:shutdownFollowerState(121)) - 6ea7cc1b-6dd1-4a6f-b526-a2c2472221ee: shutdown FollowerState
2019-10-17 07:43:07,538 [grpc-default-executor-5] INFO  impl.RoleInfo (RoleInfo.java:shutdownFollowerState(121)) - 722c44df-b170-4eeb-abb4-8ab07bb69a54: shutdown FollowerState
2019-10-17 07:43:07,539 [Thread-598] INFO  impl.FollowerState (FollowerState.java:run(117)) - 6ea7cc1b-6dd1-4a6f-b526-a2c2472221ee@group-F450BAF5DF14-FollowerState was interrupted: java.lang.InterruptedException: sleep interrupted
2019-10-17 07:43:07,539 [grpc-default-executor-0] INFO  impl.RoleInfo (RoleInfo.java:updateAndGet(143)) - 6ea7cc1b-6dd1-4a6f-b526-a2c2472221ee: start FollowerState
2019-10-17 07:43:07,539 [Thread-599] INFO  impl.FollowerState (FollowerState.java:run(117)) - 722c44df-b170-4eeb-abb4-8ab07bb69a54@group-F450BAF5DF14-FollowerState was interrupted: java.lang.InterruptedException: sleep interrupted
2019-10-17 07:43:07,539 [grpc-default-executor-5] INFO  impl.RoleInfo (RoleInfo.java:updateAndGet(143)) - 722c44df-b170-4eeb-abb4-8ab07bb69a54: start FollowerState
2019-10-17 07:43:07,566 [84d87b42-83ce-4078-8a37-3864f9520041@group-F450BAF5DF14-LeaderElection13] INFO  impl.LeaderElection (LeaderElection.java:logAndReturn(56)) - 84d87b42-83ce-4078-8a37-3864f9520041@group-F450BAF5DF14-LeaderElection13: Election REJECTED; received 2 response(s) [84d87b42-83ce-4078-8a37-3864f9520041<-6ea7cc1b-6dd1-4a6f-b526-a2c2472221ee#0:FAIL-t8, 84d87b42-83ce-4078-8a37-3864f9520041<-722c44df-b170-4eeb-abb4-8ab07bb69a54#0:FAIL-t8] and 0 exception(s); 84d87b42-83ce-4078-8a37-3864f9520041@group-F450BAF5DF14:t8, leader=null, voted=84d87b42-83ce-4078-8a37-3864f9520041, raftlog=84d87b42-83ce-4078-8a37-3864f9520041@group-F450BAF5DF14-SegmentedRaftLog:OPENED:c3,f4,i4, conf=0: [6ea7cc1b-6dd1-4a6f-b526-a2c2472221ee:192.168.164.211:45347, 722c44df-b170-4eeb-abb4-8ab07bb69a54:192.168.164.211:33246, 84d87b42-83ce-4078-8a37-3864f9520041:192.168.164.211:42413], old=null
2019-10-17 07:43:07,566 [84d87b42-83ce-4078-8a37-3864f9520041@group-F450BAF5DF14-LeaderElection13] INFO  impl.RaftServerImpl (RaftServerImpl.java:setRole(184)) - 84d87b42-83ce-4078-8a37-3864f9520041@group-F450BAF5DF14: changes role from CANDIDATE to FOLLOWER at term 8 for DISCOVERED_A_NEW_TERM
2019-10-17 07:43:07,567 [84d87b42-83ce-4078-8a37-3864f9520041@group-F450BAF5DF14-LeaderElection13] INFO  impl.RoleInfo (RoleInfo.java:shutdownLeaderElection(134)) - 84d87b42-83ce-4078-8a37-3864f9520041: shutdown LeaderElection
2019-10-17 07:43:07,567 [84d87b42-83ce-4078-8a37-3864f9520041@group-F450BAF5DF14-LeaderElection13] INFO  impl.RoleInfo (RoleInfo.java:updateAndGet(143)) - 84d87b42-83ce-4078-8a37-3864f9520041: start FollowerState
2019-10-17 07:43:07,645 [Thread-606] INFO  impl.FollowerState (FollowerState.java:run(108)) - 84d87b42-83ce-4078-8a37-3864f9520041@group-F450BAF5DF14-FollowerState: change to CANDIDATE, lastRpcTime:78ms, electionTimeout:77ms
2019-10-17 07:43:07,646 [Thread-606] INFO  impl.RoleInfo (RoleInfo.java:shutdownFollowerState(121)) - 84d87b42-83ce-4078-8a37-3864f9520041: shutdown FollowerState
2019-10-17 07:43:07,647 [Thread-606] INFO  impl.RaftServerImpl (RaftServerImpl.java:setRole(184)) - 84d87b42-83ce-4078-8a37-3864f9520041@group-F450BAF5DF14: changes role from  FOLLOWER to CANDIDATE at term 8 for changeToCandidate
2019-10-17 07:43:07,647 [Thread-606] INFO  impl.RoleInfo (RoleInfo.java:updateAndGet(143)) - 84d87b42-83ce-4078-8a37-3864f9520041: start LeaderElection
2019-10-17 07:43:07,677 [84d87b42-83ce-4078-8a37-3864f9520041@group-F450BAF5DF14-LeaderElection14] INFO  impl.LeaderElection (LeaderElection.java:askForVotes(178)) - 84d87b42-83ce-4078-8a37-3864f9520041@group-F450BAF5DF14-LeaderElection14: begin an election at term 9 for 0: [6ea7cc1b-6dd1-4a6f-b526-a2c2472221ee:192.168.164.211:45347, 722c44df-b170-4eeb-abb4-8ab07bb69a54:192.168.164.211:33246, 84d87b42-83ce-4078-8a37-3864f9520041:192.168.164.211:42413], old=null
2019-10-17 07:43:07,682 [grpc-default-executor-5] INFO  impl.RaftServerImpl (RaftServerImpl.java:setRole(184)) - 722c44df-b170-4eeb-abb4-8ab07bb69a54@group-F450BAF5DF14: changes role from  FOLLOWER to FOLLOWER at term 9 for recognizeCandidate:84d87b42-83ce-4078-8a37-3864f9520041
2019-10-17 07:43:07,682 [grpc-default-executor-5] INFO  impl.RoleInfo (RoleInfo.java:shutdownFollowerState(121)) - 722c44df-b170-4eeb-abb4-8ab07bb69a54: shutdown FollowerState
2019-10-17 07:43:07,686 [grpc-default-executor-5] INFO  impl.RoleInfo (RoleInfo.java:updateAndGet(143)) - 722c44df-b170-4eeb-abb4-8ab07bb69a54: start FollowerState
2019-10-17 07:43:07,686 [Thread-605] INFO  impl.FollowerState (FollowerState.java:run(117)) - 722c44df-b170-4eeb-abb4-8ab07bb69a54@group-F450BAF5DF14-FollowerState was interrupted: java.lang.InterruptedException: sleep interrupted
2019-10-17 07:43:07,686 [grpc-default-executor-0] INFO  impl.RaftServerImpl (RaftServerImpl.java:setRole(184)) - 6ea7cc1b-6dd1-4a6f-b526-a2c2472221ee@group-F450BAF5DF14: changes role from  FOLLOWER to FOLLOWER at term 9 for recognizeCandidate:84d87b42-83ce-4078-8a37-3864f9520041
2019-10-17 07:43:07,688 [grpc-default-executor-0] INFO  impl.RoleInfo (RoleInfo.java:shutdownFollowerState(121)) - 6ea7cc1b-6dd1-4a6f-b526-a2c2472221ee: shutdown FollowerState
2019-10-17 07:43:07,688 [grpc-default-executor-0] INFO  impl.RoleInfo (RoleInfo.java:updateAndGet(143)) - 6ea7cc1b-6dd1-4a6f-b526-a2c2472221ee: start FollowerState
2019-10-17 07:43:07,688 [Thread-604] INFO  impl.FollowerState (FollowerState.java:run(117)) - 6ea7cc1b-6dd1-4a6f-b526-a2c2472221ee@group-F450BAF5DF14-FollowerState was interrupted: java.lang.InterruptedException: sleep interrupted
2019-10-17 07:43:07,727 [84d87b42-83ce-4078-8a37-3864f9520041@group-F450BAF5DF14-LeaderElection14] INFO  impl.LeaderElection (LeaderElection.java:logAndReturn(56)) - 84d87b42-83ce-4078-8a37-3864f9520041@group-F450BAF5DF14-LeaderElection14: Election REJECTED; received 2 response(s) [84d87b42-83ce-4078-8a37-3864f9520041<-6ea7cc1b-6dd1-4a6f-b526-a2c2472221ee#0:FAIL-t9, 84d87b42-83ce-4078-8a37-3864f9520041<-722c44df-b170-4eeb-abb4-8ab07bb69a54#0:FAIL-t9] and 0 exception(s); 84d87b42-83ce-4078-8a37-3864f9520041@group-F450BAF5DF14:t9, leader=null, voted=84d87b42-83ce-4078-8a37-3864f9520041, raftlog=84d87b42-83ce-4078-8a37-3864f9520041@group-F450BAF5DF14-SegmentedRaftLog:OPENED:c3,f4,i4, conf=0: [6ea7cc1b-6dd1-4a6f-b526-a2c2472221ee:192.168.164.211:45347, 722c44df-b170-4eeb-abb4-8ab07bb69a54:192.168.164.211:33246, 84d87b42-83ce-4078-8a37-3864f9520041:192.168.164.211:42413], old=null
2019-10-17 07:43:07,727 [84d87b42-83ce-4078-8a37-3864f9520041@group-F450BAF5DF14-LeaderElection14] INFO  impl.RaftServerImpl (RaftServerImpl.java:setRole(184)) - 84d87b42-83ce-4078-8a37-3864f9520041@group-F450BAF5DF14: changes role from CANDIDATE to FOLLOWER at term 9 for DISCOVERED_A_NEW_TERM
2019-10-17 07:43:07,731 [84d87b42-83ce-4078-8a37-3864f9520041@group-F450BAF5DF14-LeaderElection14] INFO  impl.RoleInfo (RoleInfo.java:shutdownLeaderElection(134)) - 84d87b42-83ce-4078-8a37-3864f9520041: shutdown LeaderElection
2019-10-17 07:43:07,731 [84d87b42-83ce-4078-8a37-3864f9520041@group-F450BAF5DF14-LeaderElection14] INFO  impl.RoleInfo (RoleInfo.java:updateAndGet(143)) - 84d87b42-83ce-4078-8a37-3864f9520041: start FollowerState
2019-10-17 07:43:07,744 [Thread-612] INFO  impl.FollowerState (FollowerState.java:run(108)) - 84d87b42-83ce-4078-8a37-3864f9520041@group-F450BAF5DF14-FollowerState: change to CANDIDATE, lastRpcTime:13ms, electionTimeout:13ms
2019-10-17 07:43:07,746 [Thread-612] INFO  impl.RoleInfo (RoleInfo.java:shutdownFollowerState(121)) - 84d87b42-83ce-4078-8a37-3864f9520041: shutdown FollowerState
2019-10-17 07:43:07,746 [Thread-612] INFO  impl.RaftServerImpl (RaftServerImpl.java:setRole(184)) - 84d87b42-83ce-4078-8a37-3864f9520041@group-F450BAF5DF14: changes role from  FOLLOWER to CANDIDATE at term 9 for changeToCandidate
2019-10-17 07:43:07,746 [Thread-612] INFO  impl.RoleInfo (RoleInfo.java:updateAndGet(143)) - 84d87b42-83ce-4078-8a37-3864f9520041: start LeaderElection
2019-10-17 07:43:07,775 [84d87b42-83ce-4078-8a37-3864f9520041@group-F450BAF5DF14-LeaderElection15] INFO  impl.LeaderElection (LeaderElection.java:askForVotes(178)) - 84d87b42-83ce-4078-8a37-3864f9520041@group-F450BAF5DF14-LeaderElection15: begin an election at term 10 for 0: [6ea7cc1b-6dd1-4a6f-b526-a2c2472221ee:192.168.164.211:45347, 722c44df-b170-4eeb-abb4-8ab07bb69a54:192.168.164.211:33246, 84d87b42-83ce-4078-8a37-3864f9520041:192.168.164.211:42413], old=null
2019-10-17 07:43:07,780 [grpc-default-executor-5] INFO  impl.RaftServerImpl (RaftServerImpl.java:setRole(184)) - 722c44df-b170-4eeb-abb4-8ab07bb69a54@group-F450BAF5DF14: changes role from  FOLLOWER to FOLLOWER at term 10 for recognizeCandidate:84d87b42-83ce-4078-8a37-3864f9520041
2019-10-17 07:43:07,780 [grpc-default-executor-5] INFO  impl.RoleInfo (RoleInfo.java:shutdownFollowerState(121)) - 722c44df-b170-4eeb-abb4-8ab07bb69a54: shutdown FollowerState
2019-10-17 07:43:07,780 [grpc-default-executor-0] INFO  impl.RaftServerImpl (RaftServerImpl.java:setRole(184)) - 6ea7cc1b-6dd1-4a6f-b526-a2c2472221ee@group-F450BAF5DF14: changes role from  FOLLOWER to FOLLOWER at term 10 for recognizeCandidate:84d87b42-83ce-4078-8a37-3864f9520041
2019-10-17 07:43:07,780 [Thread-610] INFO  impl.FollowerState (FollowerState.java:run(117)) - 722c44df-b170-4eeb-abb4-8ab07bb69a54@group-F450BAF5DF14-FollowerState was interrupted: java.lang.InterruptedException: sleep interrupted
2019-10-17 07:43:07,780 [grpc-default-executor-5] INFO  impl.RoleInfo (RoleInfo.java:updateAndGet(143)) - 722c44df-b170-4eeb-abb4-8ab07bb69a54: start FollowerState
2019-10-17 07:43:07,780 [grpc-default-executor-0] INFO  impl.RoleInfo (RoleInfo.java:shutdownFollowerState(121)) - 6ea7cc1b-6dd1-4a6f-b526-a2c2472221ee: shutdown FollowerState
2019-10-17 07:43:07,782 [grpc-default-executor-0] INFO  impl.RoleInfo (RoleInfo.java:updateAndGet(143)) - 6ea7cc1b-6dd1-4a6f-b526-a2c2472221ee: start FollowerState
2019-10-17 07:43:07,782 [Thread-611] INFO  impl.FollowerState (FollowerState.java:run(117)) - 6ea7cc1b-6dd1-4a6f-b526-a2c2472221ee@group-F450BAF5DF14-FollowerState was interrupted: java.lang.InterruptedException: sleep interrupted
2019-10-17 07:43:07,810 [84d87b42-83ce-4078-8a37-3864f9520041@group-F450BAF5DF14-LeaderElection15] INFO  impl.LeaderElection (LeaderElection.java:logAndReturn(56)) - 84d87b42-83ce-4078-8a37-3864f9520041@group-F450BAF5DF14-LeaderElection15: Election REJECTED; received 2 response(s) [84d87b42-83ce-4078-8a37-3864f9520041<-6ea7cc1b-6dd1-4a6f-b526-a2c2472221ee#0:FAIL-t10, 84d87b42-83ce-4078-8a37-3864f9520041<-722c44df-b170-4eeb-abb4-8ab07bb69a54#0:FAIL-t10] and 0 exception(s); 84d87b42-83ce-4078-8a37-3864f9520041@group-F450BAF5DF14:t10, leader=null, voted=84d87b42-83ce-4078-8a37-3864f9520041, raftlog=84d87b42-83ce-4078-8a37-3864f9520041@group-F450BAF5DF14-SegmentedRaftLog:OPENED:c3,f4,i4, conf=0: [6ea7cc1b-6dd1-4a6f-b526-a2c2472221ee:192.168.164.211:45347, 722c44df-b170-4eeb-abb4-8ab07bb69a54:192.168.164.211:33246, 84d87b42-83ce-4078-8a37-3864f9520041:192.168.164.211:42413], old=null
2019-10-17 07:43:07,810 [84d87b42-83ce-4078-8a37-3864f9520041@group-F450BAF5DF14-LeaderElection15] INFO  impl.RaftServerImpl (RaftServerImpl.java:setRole(184)) - 84d87b42-83ce-4078-8a37-3864f9520041@group-F450BAF5DF14: changes role from CANDIDATE to FOLLOWER at term 10 for DISCOVERED_A_NEW_TERM
2019-10-17 07:43:07,810 [84d87b42-83ce-4078-8a37-3864f9520041@group-F450BAF5DF14-LeaderElection15] INFO  impl.RoleInfo (RoleInfo.java:shutdownLeaderElection(134)) - 84d87b42-83ce-4078-8a37-3864f9520041: shutdown LeaderElection
2019-10-17 07:43:07,810 [84d87b42-83ce-4078-8a37-3864f9520041@group-F450BAF5DF14-LeaderElection15] INFO  impl.RoleInfo (RoleInfo.java:updateAndGet(143)) - 84d87b42-83ce-4078-8a37-3864f9520041: start FollowerState
2019-10-17 07:43:08,004 [Thread-618] INFO  impl.FollowerState (FollowerState.java:run(108)) - 84d87b42-83ce-4078-8a37-3864f9520041@group-F450BAF5DF14-FollowerState: change to CANDIDATE, lastRpcTime:193ms, electionTimeout:193ms
2019-10-17 07:43:08,006 [Thread-618] INFO  impl.RoleInfo (RoleInfo.java:shutdownFollowerState(121)) - 84d87b42-83ce-4078-8a37-3864f9520041: shutdown FollowerState
2019-10-17 07:43:08,006 [Thread-618] INFO  impl.RaftServerImpl (RaftServerImpl.java:setRole(184)) - 84d87b42-83ce-4078-8a37-3864f9520041@group-F450BAF5DF14: changes role from  FOLLOWER to CANDIDATE at term 10 for changeToCandidate
2019-10-17 07:43:08,006 [Thread-618] INFO  impl.RoleInfo (RoleInfo.java:updateAndGet(143)) - 84d87b42-83ce-4078-8a37-3864f9520041: start LeaderElection
2019-10-17 07:43:08,034 [84d87b42-83ce-4078-8a37-3864f9520041@group-F450BAF5DF14-LeaderElection16] INFO  impl.LeaderElection (LeaderElection.java:askForVotes(178)) - 84d87b42-83ce-4078-8a37-3864f9520041@group-F450BAF5DF14-LeaderElection16: begin an election at term 11 for 0: [6ea7cc1b-6dd1-4a6f-b526-a2c2472221ee:192.168.164.211:45347, 722c44df-b170-4eeb-abb4-8ab07bb69a54:192.168.164.211:33246, 84d87b42-83ce-4078-8a37-3864f9520041:192.168.164.211:42413], old=null
2019-10-17 07:43:08,037 [grpc-default-executor-5] INFO  impl.RaftServerImpl (RaftServerImpl.java:setRole(184)) - 6ea7cc1b-6dd1-4a6f-b526-a2c2472221ee@group-F450BAF5DF14: changes role from  FOLLOWER to FOLLOWER at term 11 for recognizeCandidate:84d87b42-83ce-4078-8a37-3864f9520041
2019-10-17 07:43:08,037 [grpc-default-executor-0] INFO  impl.RaftServerImpl (RaftServerImpl.java:setRole(184)) - 722c44df-b170-4eeb-abb4-8ab07bb69a54@group-F450BAF5DF14: changes role from  FOLLOWER to FOLLOWER at term 11 for recognizeCandidate:84d87b42-83ce-4078-8a37-3864f9520041
2019-10-17 07:43:08,038 [grpc-default-executor-5] INFO  impl.RoleInfo (RoleInfo.java:shutdownFollowerState(121)) - 6ea7cc1b-6dd1-4a6f-b526-a2c2472221ee: shutdown FollowerState
2019-10-17 07:43:08,038 [grpc-default-executor-0] INFO  impl.RoleInfo (RoleInfo.java:shutdownFollowerState(121)) - 722c44df-b170-4eeb-abb4-8ab07bb69a54: shutdown FollowerState
2019-10-17 07:43:08,038 [Thread-617] INFO  impl.FollowerState (FollowerState.java:run(117)) - 6ea7cc1b-6dd1-4a6f-b526-a2c2472221ee@group-F450BAF5DF14-FollowerState was interrupted: java.lang.InterruptedException: sleep interrupted
2019-10-17 07:43:08,038 [grpc-default-executor-5] INFO  impl.RoleInfo (RoleInfo.java:updateAndGet(143)) - 6ea7cc1b-6dd1-4a6f-b526-a2c2472221ee: start FollowerState
2019-10-17 07:43:08,038 [grpc-default-executor-0] INFO  impl.RoleInfo (RoleInfo.java:updateAndGet(143)) - 722c44df-b170-4eeb-abb4-8ab07bb69a54: start FollowerState
2019-10-17 07:43:08,038 [Thread-616] INFO  impl.FollowerState (FollowerState.java:run(117)) - 722c44df-b170-4eeb-abb4-8ab07bb69a54@group-F450BAF5DF14-FollowerState was interrupted: java.lang.InterruptedException: sleep interrupted
2019-10-17 07:43:08,069 [84d87b42-83ce-4078-8a37-3864f9520041@group-F450BAF5DF14-LeaderElection16] INFO  impl.LeaderElection (LeaderElection.java:logAndReturn(56)) - 84d87b42-83ce-4078-8a37-3864f9520041@group-F450BAF5DF14-LeaderElection16: Election REJECTED; received 2 response(s) [84d87b42-83ce-4078-8a37-3864f9520041<-6ea7cc1b-6dd1-4a6f-b526-a2c2472221ee#0:FAIL-t11, 84d87b42-83ce-4078-8a37-3864f9520041<-722c44df-b170-4eeb-abb4-8ab07bb69a54#0:FAIL-t11] and 0 exception(s); 84d87b42-83ce-4078-8a37-3864f9520041@group-F450BAF5DF14:t11, leader=null, voted=84d87b42-83ce-4078-8a37-3864f9520041, raftlog=84d87b42-83ce-4078-8a37-3864f9520041@group-F450BAF5DF14-SegmentedRaftLog:OPENED:c3,f4,i4, conf=0: [6ea7cc1b-6dd1-4a6f-b526-a2c2472221ee:192.168.164.211:45347, 722c44df-b170-4eeb-abb4-8ab07bb69a54:192.168.164.211:33246, 84d87b42-83ce-4078-8a37-3864f9520041:192.168.164.211:42413], old=null
2019-10-17 07:43:08,069 [84d87b42-83ce-4078-8a37-3864f9520041@group-F450BAF5DF14-LeaderElection16] INFO  impl.RaftServerImpl (RaftServerImpl.java:setRole(184)) - 84d87b42-83ce-4078-8a37-3864f9520041@group-F450BAF5DF14: changes role from CANDIDATE to FOLLOWER at term 11 for DISCOVERED_A_NEW_TERM
2019-10-17 07:43:08,069 [84d87b42-83ce-4078-8a37-3864f9520041@group-F450BAF5DF14-LeaderElection16] INFO  impl.RoleInfo (RoleInfo.java:shutdownLeaderElection(134)) - 84d87b42-83ce-4078-8a37-3864f9520041: shutdown LeaderElection
2019-10-17 07:43:08,069 [84d87b42-83ce-4078-8a37-3864f9520041@group-F450BAF5DF14-LeaderElection16] INFO  impl.RoleInfo (RoleInfo.java:updateAndGet(143)) - 84d87b42-83ce-4078-8a37-3864f9520041: start FollowerState
2019-10-17 07:43:08,087 [Thread-625] INFO  impl.FollowerState (FollowerState.java:run(108)) - 84d87b42-83ce-4078-8a37-3864f9520041@group-F450BAF5DF14-FollowerState: change to CANDIDATE, lastRpcTime:18ms, electionTimeout:18ms
2019-10-17 07:43:08,088 [Thread-625] INFO  impl.RoleInfo (RoleInfo.java:shutdownFollowerState(121)) - 84d87b42-83ce-4078-8a37-3864f9520041: shutdown FollowerState
2019-10-17 07:43:08,088 [Thread-625] INFO  impl.RaftServerImpl (RaftServerImpl.java:setRole(184)) - 84d87b42-83ce-4078-8a37-3864f9520041@group-F450BAF5DF14: changes role from  FOLLOWER to CANDIDATE at term 11 for changeToCandidate
2019-10-17 07:43:08,089 [Thread-625] INFO  impl.RoleInfo (RoleInfo.java:updateAndGet(143)) - 84d87b42-83ce-4078-8a37-3864f9520041: start LeaderElection
2019-10-17 07:43:08,118 [84d87b42-83ce-4078-8a37-3864f9520041@group-F450BAF5DF14-LeaderElection17] INFO  impl.LeaderElection (LeaderElection.java:askForVotes(178)) - 84d87b42-83ce-4078-8a37-3864f9520041@group-F450BAF5DF14-LeaderElection17: begin an election at term 12 for 0: [6ea7cc1b-6dd1-4a6f-b526-a2c2472221ee:192.168.164.211:45347, 722c44df-b170-4eeb-abb4-8ab07bb69a54:192.168.164.211:33246, 84d87b42-83ce-4078-8a37-3864f9520041:192.168.164.211:42413], old=null
2019-10-17 07:43:08,122 [grpc-default-executor-5] INFO  impl.RaftServerImpl (RaftServerImpl.java:setRole(184)) - 722c44df-b170-4eeb-abb4-8ab07bb69a54@group-F450BAF5DF14: changes role from  FOLLOWER to FOLLOWER at term 12 for recognizeCandidate:84d87b42-83ce-4078-8a37-3864f9520041
2019-10-17 07:43:08,122 [grpc-default-executor-0] INFO  impl.RaftServerImpl (RaftServerImpl.java:setRole(184)) - 6ea7cc1b-6dd1-4a6f-b526-a2c2472221ee@group-F450BAF5DF14: changes role from  FOLLOWER to FOLLOWER at term 12 for recognizeCandidate:84d87b42-83ce-4078-8a37-3864f9520041
2019-10-17 07:43:08,122 [grpc-default-executor-5] INFO  impl.RoleInfo (RoleInfo.java:shutdownFollowerState(121)) - 722c44df-b170-4eeb-abb4-8ab07bb69a54: shutdown FollowerState
2019-10-17 07:43:08,122 [grpc-default-executor-0] INFO  impl.RoleInfo (RoleInfo.java:shutdownFollowerState(121)) - 6ea7cc1b-6dd1-4a6f-b526-a2c2472221ee: shutdown FollowerState
2019-10-17 07:43:08,122 [Thread-623] INFO  impl.FollowerState (FollowerState.java:run(117)) - 722c44df-b170-4eeb-abb4-8ab07bb69a54@group-F450BAF5DF14-FollowerState was interrupted: java.lang.InterruptedException: sleep interrupted
2019-10-17 07:43:08,122 [grpc-default-executor-5] INFO  impl.RoleInfo (RoleInfo.java:updateAndGet(143)) - 722c44df-b170-4eeb-abb4-8ab07bb69a54: start FollowerState
2019-10-17 07:43:08,122 [grpc-default-executor-0] INFO  impl.RoleInfo (RoleInfo.java:updateAndGet(143)) - 6ea7cc1b-6dd1-4a6f-b526-a2c2472221ee: start FollowerState
2019-10-17 07:43:08,122 [Thread-622] INFO  impl.FollowerState (FollowerState.java:run(117)) - 6ea7cc1b-6dd1-4a6f-b526-a2c2472221ee@group-F450BAF5DF14-FollowerState was interrupted: java.lang.InterruptedException: sleep interrupted
2019-10-17 07:43:08,149 [Thread-632] INFO  client.GrpcClientProtocolService (GrpcClientProtocolService.java:lambda$processClientRequest$0(278)) - Failed RaftClientRequest:client-352DFC73CCDB->6ea7cc1b-6dd1-4a6f-b526-a2c2472221ee@group-F450BAF5DF14, cid=10, seq=0, Watch-ALL_COMMITTED(6), Message:<EMPTY>, reply=RaftClientReply:client-352DFC73CCDB->6ea7cc1b-6dd1-4a6f-b526-a2c2472221ee@group-F450BAF5DF14, cid=10, FAILED org.apache.ratis.protocol.NotLeaderException: Server 6ea7cc1b-6dd1-4a6f-b526-a2c2472221ee@group-F450BAF5DF14 is not the leader, logIndex=0, commits[6ea7cc1b-6dd1-4a6f-b526-a2c2472221ee:c10, 722c44df-b170-4eeb-abb4-8ab07bb69a54:c10, 84d87b42-83ce-4078-8a37-3864f9520041:c4]
2019-10-17 07:43:08,155 [84d87b42-83ce-4078-8a37-3864f9520041@group-F450BAF5DF14-LeaderElection17] INFO  impl.LeaderElection (LeaderElection.java:logAndReturn(56)) - 84d87b42-83ce-4078-8a37-3864f9520041@group-F450BAF5DF14-LeaderElection17: Election REJECTED; received 2 response(s) [84d87b42-83ce-4078-8a37-3864f9520041<-6ea7cc1b-6dd1-4a6f-b526-a2c2472221ee#0:FAIL-t12, 84d87b42-83ce-4078-8a37-3864f9520041<-722c44df-b170-4eeb-abb4-8ab07bb69a54#0:FAIL-t12] and 0 exception(s); 84d87b42-83ce-4078-8a37-3864f9520041@group-F450BAF5DF14:t12, leader=null, voted=84d87b42-83ce-4078-8a37-3864f9520041, raftlog=84d87b42-83ce-4078-8a37-3864f9520041@group-F450BAF5DF14-SegmentedRaftLog:OPENED:c3,f4,i4, conf=0: [6ea7cc1b-6dd1-4a6f-b526-a2c2472221ee:192.168.164.211:45347, 722c44df-b170-4eeb-abb4-8ab07bb69a54:192.168.164.211:33246, 84d87b42-83ce-4078-8a37-3864f9520041:192.168.164.211:42413], old=null
2019-10-17 07:43:08,156 [84d87b42-83ce-4078-8a37-3864f9520041@group-F450BAF5DF14-LeaderElection17] INFO  impl.RaftServerImpl (RaftServerImpl.java:setRole(184)) - 84d87b42-83ce-4078-8a37-3864f9520041@group-F450BAF5DF14: changes role from CANDIDATE to FOLLOWER at term 12 for DISCOVERED_A_NEW_TERM
2019-10-17 07:43:08,156 [84d87b42-83ce-4078-8a37-3864f9520041@group-F450BAF5DF14-LeaderElection17] INFO  impl.RoleInfo (RoleInfo.java:shutdownLeaderElection(134)) - 84d87b42-83ce-4078-8a37-3864f9520041: shutdown LeaderElection
2019-10-17 07:43:08,156 [84d87b42-83ce-4078-8a37-3864f9520041@group-F450BAF5DF14-LeaderElection17] INFO  impl.RoleInfo (RoleInfo.java:updateAndGet(143)) - 84d87b42-83ce-4078-8a37-3864f9520041: start FollowerState
2019-10-17 07:43:08,236 [Thread-634] INFO  impl.FollowerState (FollowerState.java:run(108)) - 84d87b42-83ce-4078-8a37-3864f9520041@group-F450BAF5DF14-FollowerState: change to CANDIDATE, lastRpcTime:80ms, electionTimeout:79ms
2019-10-17 07:43:08,238 [Thread-634] INFO  impl.RoleInfo (RoleInfo.java:shutdownFollowerState(121)) - 84d87b42-83ce-4078-8a37-3864f9520041: shutdown FollowerState
2019-10-17 07:43:08,238 [Thread-634] INFO  impl.RaftServerImpl (RaftServerImpl.java:setRole(184)) - 84d87b42-83ce-4078-8a37-3864f9520041@group-F450BAF5DF14: changes role from  FOLLOWER to CANDIDATE at term 12 for changeToCandidate
2019-10-17 07:43:08,238 [Thread-634] INFO  impl.RoleInfo (RoleInfo.java:updateAndGet(143)) - 84d87b42-83ce-4078-8a37-3864f9520041: start LeaderElection
2019-10-17 07:43:08,268 [84d87b42-83ce-4078-8a37-3864f9520041@group-F450BAF5DF14-LeaderElection18] INFO  impl.LeaderElection (LeaderElection.java:askForVotes(178)) - 84d87b42-83ce-4078-8a37-3864f9520041@group-F450BAF5DF14-LeaderElection18: begin an election at term 13 for 0: [6ea7cc1b-6dd1-4a6f-b526-a2c2472221ee:192.168.164.211:45347, 722c44df-b170-4eeb-abb4-8ab07bb69a54:192.168.164.211:33246, 84d87b42-83ce-4078-8a37-3864f9520041:192.168.164.211:42413], old=null
2019-10-17 07:43:08,274 [grpc-default-executor-0] INFO  impl.RaftServerImpl (RaftServerImpl.java:setRole(184)) - 722c44df-b170-4eeb-abb4-8ab07bb69a54@group-F450BAF5DF14: changes role from  FOLLOWER to FOLLOWER at term 13 for recognizeCandidate:84d87b42-83ce-4078-8a37-3864f9520041
2019-10-17 07:43:08,274 [grpc-default-executor-4] INFO  impl.RaftServerImpl (RaftServerImpl.java:setRole(184)) - 6ea7cc1b-6dd1-4a6f-b526-a2c2472221ee@group-F450BAF5DF14: changes role from  FOLLOWER to FOLLOWER at term 13 for recognizeCandidate:84d87b42-83ce-4078-8a37-3864f9520041
2019-10-17 07:43:08,274 [grpc-default-executor-0] INFO  impl.RoleInfo (RoleInfo.java:shutdownFollowerState(121)) - 722c44df-b170-4eeb-abb4-8ab07bb69a54: shutdown FollowerState
2019-10-17 07:43:08,274 [grpc-default-executor-4] INFO  impl.RoleInfo (RoleInfo.java:shutdownFollowerState(121)) - 6ea7cc1b-6dd1-4a6f-b526-a2c2472221ee: shutdown FollowerState
2019-10-17 07:43:08,274 [Thread-629] INFO  impl.FollowerState (FollowerState.java:run(117)) - 722c44df-b170-4eeb-abb4-8ab07bb69a54@group-F450BAF5DF14-FollowerState was interrupted: java.lang.InterruptedException: sleep interrupted
2019-10-17 07:43:08,275 [Thread-630] INFO  impl.FollowerState (FollowerState.java:run(117)) - 6ea7cc1b-6dd1-4a6f-b526-a2c2472221ee@group-F450BAF5DF14-FollowerState was interrupted: java.lang.InterruptedException: sleep interrupted
2019-10-17 07:43:08,274 [grpc-default-executor-4] INFO  impl.RoleInfo (RoleInfo.java:updateAndGet(143)) - 6ea7cc1b-6dd1-4a6f-b526-a2c2472221ee: start FollowerState
2019-10-17 07:43:08,274 [grpc-default-executor-0] INFO  impl.RoleInfo (RoleInfo.java:updateAndGet(143)) - 722c44df-b170-4eeb-abb4-8ab07bb69a54: start FollowerState
2019-10-17 07:43:08,303 [84d87b42-83ce-4078-8a37-3864f9520041@group-F450BAF5DF14-LeaderElection18] INFO  impl.LeaderElection (LeaderElection.java:logAndReturn(56)) - 84d87b42-83ce-4078-8a37-3864f9520041@group-F450BAF5DF14-LeaderElection18: Election REJECTED; received 2 response(s) [84d87b42-83ce-4078-8a37-3864f9520041<-6ea7cc1b-6dd1-4a6f-b526-a2c2472221ee#0:FAIL-t13, 84d87b42-83ce-4078-8a37-3864f9520041<-722c44df-b170-4eeb-abb4-8ab07bb69a54#0:FAIL-t13] and 0 exception(s); 84d87b42-83ce-4078-8a37-3864f9520041@group-F450BAF5DF14:t13, leader=null, voted=84d87b42-83ce-4078-8a37-3864f9520041, raftlog=84d87b42-83ce-4078-8a37-3864f9520041@group-F450BAF5DF14-SegmentedRaftLog:OPENED:c3,f4,i4, conf=0: [6ea7cc1b-6dd1-4a6f-b526-a2c2472221ee:192.168.164.211:45347, 722c44df-b170-4eeb-abb4-8ab07bb69a54:192.168.164.211:33246, 84d87b42-83ce-4078-8a37-3864f9520041:192.168.164.211:42413], old=null
2019-10-17 07:43:08,304 [84d87b42-83ce-4078-8a37-3864f9520041@group-F450BAF5DF14-LeaderElection18] INFO  impl.RaftServerImpl (RaftServerImpl.java:setRole(184)) - 84d87b42-83ce-4078-8a37-3864f9520041@group-F450BAF5DF14: changes role from CANDIDATE to FOLLOWER at term 13 for DISCOVERED_A_NEW_TERM
2019-10-17 07:43:08,304 [84d87b42-83ce-4078-8a37-3864f9520041@group-F450BAF5DF14-LeaderElection18] INFO  impl.RoleInfo (RoleInfo.java:shutdownLeaderElection(134)) - 84d87b42-83ce-4078-8a37-3864f9520041: shutdown LeaderElection
2019-10-17 07:43:08,304 [84d87b42-83ce-4078-8a37-3864f9520041@group-F450BAF5DF14-LeaderElection18] INFO  impl.RoleInfo (RoleInfo.java:updateAndGet(143)) - 84d87b42-83ce-4078-8a37-3864f9520041: start FollowerState
2019-10-17 07:43:08,305 [BlockDeletingService#2] WARN  background.BlockDeletingService (BlockDeletingService.java:isDeletionAllowed(187)) - Close Container log Index 6 is not replicated across allthe servers in the pipeline 6e647d31-eff2-4ddc-80e8-f450baf5df14 as the min replicated index is 4. Deletion is not allowed in this container yet.
2019-10-17 07:43:08,306 [BlockDeletingService#3] WARN  background.BlockDeletingService (BlockDeletingService.java:isDeletionAllowed(187)) - Close Container log Index 6 is not replicated across allthe servers in the pipeline 6e647d31-eff2-4ddc-80e8-f450baf5df14 as the min replicated index is 4. Deletion is not allowed in this container yet.
2019-10-17 07:43:08,489 [pool-7-thread-2] INFO  commands.RetriableDatanodeEventWatcher (RetriableDatanodeEventWatcher.java:onTimeout(47)) - RetriableDatanodeCommand type=deleteBlocksCommand with id=1571298184486 timed out. Retrying.
2019-10-17 07:43:08,489 [pool-7-thread-4] INFO  commands.RetriableDatanodeEventWatcher (RetriableDatanodeEventWatcher.java:onTimeout(47)) - RetriableDatanodeCommand type=deleteBlocksCommand with id=1571298184489 timed out. Retrying.
2019-10-17 07:43:08,489 [SCMBlockDeletingService#1] INFO  block.SCMBlockDeletingService (SCMBlockDeletingService.java:call(184)) - Totally added 1 delete blocks command for 1 datanodes, task elapsed time: 1ms
2019-10-17 07:43:08,489 [pool-7-thread-3] INFO  commands.RetriableDatanodeEventWatcher (RetriableDatanodeEventWatcher.java:onTimeout(47)) - RetriableDatanodeCommand type=deleteBlocksCommand with id=1571298184488 timed out. Retrying.
2019-10-17 07:43:08,490 [pool-7-thread-1] INFO  commands.RetriableDatanodeEventWatcher (RetriableDatanodeEventWatcher.java:onTimeout(47)) - RetriableDatanodeCommand type=deleteBlocksCommand with id=1571298184483 timed out. Retrying.
2019-10-17 07:43:08,504 [Thread-640] INFO  impl.FollowerState (FollowerState.java:run(108)) - 84d87b42-83ce-4078-8a37-3864f9520041@group-F450BAF5DF14-FollowerState: change to CANDIDATE, lastRpcTime:200ms, electionTimeout:200ms
2019-10-17 07:43:08,505 [Thread-640] INFO  impl.RoleInfo (RoleInfo.java:shutdownFollowerState(121)) - 84d87b42-83ce-4078-8a37-3864f9520041: shutdown FollowerState
2019-10-17 07:43:08,505 [Thread-640] INFO  impl.RaftServerImpl (RaftServerImpl.java:setRole(184)) - 84d87b42-83ce-4078-8a37-3864f9520041@group-F450BAF5DF14: changes role from  FOLLOWER to CANDIDATE at term 13 for changeToCandidate
2019-10-17 07:43:08,505 [Thread-640] INFO  impl.RoleInfo (RoleInfo.java:updateAndGet(143)) - 84d87b42-83ce-4078-8a37-3864f9520041: start LeaderElection
2019-10-17 07:43:08,536 [84d87b42-83ce-4078-8a37-3864f9520041@group-F450BAF5DF14-LeaderElection19] INFO  impl.LeaderElection (LeaderElection.java:askForVotes(178)) - 84d87b42-83ce-4078-8a37-3864f9520041@group-F450BAF5DF14-LeaderElection19: begin an election at term 14 for 0: [6ea7cc1b-6dd1-4a6f-b526-a2c2472221ee:192.168.164.211:45347, 722c44df-b170-4eeb-abb4-8ab07bb69a54:192.168.164.211:33246, 84d87b42-83ce-4078-8a37-3864f9520041:192.168.164.211:42413], old=null
2019-10-17 07:43:08,540 [grpc-default-executor-0] INFO  impl.RaftServerImpl (RaftServerImpl.java:setRole(184)) - 722c44df-b170-4eeb-abb4-8ab07bb69a54@group-F450BAF5DF14: changes role from  FOLLOWER to FOLLOWER at term 14 for recognizeCandidate:84d87b42-83ce-4078-8a37-3864f9520041
2019-10-17 07:43:08,540 [grpc-default-executor-4] INFO  impl.RaftServerImpl (RaftServerImpl.java:setRole(184)) - 6ea7cc1b-6dd1-4a6f-b526-a2c2472221ee@group-F450BAF5DF14: changes role from  FOLLOWER to FOLLOWER at term 14 for recognizeCandidate:84d87b42-83ce-4078-8a37-3864f9520041
2019-10-17 07:43:08,540 [grpc-default-executor-0] INFO  impl.RoleInfo (RoleInfo.java:shutdownFollowerState(121)) - 722c44df-b170-4eeb-abb4-8ab07bb69a54: shutdown FollowerState
2019-10-17 07:43:08,540 [grpc-default-executor-4] INFO  impl.RoleInfo (RoleInfo.java:shutdownFollowerState(121)) - 6ea7cc1b-6dd1-4a6f-b526-a2c2472221ee: shutdown FollowerState
2019-10-17 07:43:08,541 [Thread-638] INFO  impl.FollowerState (FollowerState.java:run(117)) - 722c44df-b170-4eeb-abb4-8ab07bb69a54@group-F450BAF5DF14-FollowerState was interrupted: java.lang.InterruptedException: sleep interrupted
2019-10-17 07:43:08,541 [grpc-default-executor-0] INFO  impl.RoleInfo (RoleInfo.java:updateAndGet(143)) - 722c44df-b170-4eeb-abb4-8ab07bb69a54: start FollowerState
2019-10-17 07:43:08,541 [Thread-639] INFO  impl.FollowerState (FollowerState.java:run(117)) - 6ea7cc1b-6dd1-4a6f-b526-a2c2472221ee@group-F450BAF5DF14-FollowerState was interrupted: java.lang.InterruptedException: sleep interrupted
2019-10-17 07:43:08,541 [grpc-default-executor-4] INFO  impl.RoleInfo (RoleInfo.java:updateAndGet(143)) - 6ea7cc1b-6dd1-4a6f-b526-a2c2472221ee: start FollowerState
2019-10-17 07:43:08,570 [84d87b42-83ce-4078-8a37-3864f9520041@group-F450BAF5DF14-LeaderElection19] INFO  impl.LeaderElection (LeaderElection.java:logAndReturn(56)) - 84d87b42-83ce-4078-8a37-3864f9520041@group-F450BAF5DF14-LeaderElection19: Election REJECTED; received 2 response(s) [84d87b42-83ce-4078-8a37-3864f9520041<-6ea7cc1b-6dd1-4a6f-b526-a2c2472221ee#0:FAIL-t14, 84d87b42-83ce-4078-8a37-3864f9520041<-722c44df-b170-4eeb-abb4-8ab07bb69a54#0:FAIL-t14] and 0 exception(s); 84d87b42-83ce-4078-8a37-3864f9520041@group-F450BAF5DF14:t14, leader=null, voted=84d87b42-83ce-4078-8a37-3864f9520041, raftlog=84d87b42-83ce-4078-8a37-3864f9520041@group-F450BAF5DF14-SegmentedRaftLog:OPENED:c3,f4,i4, conf=0: [6ea7cc1b-6dd1-4a6f-b526-a2c2472221ee:192.168.164.211:45347, 722c44df-b170-4eeb-abb4-8ab07bb69a54:192.168.164.211:33246, 84d87b42-83ce-4078-8a37-3864f9520041:192.168.164.211:42413], old=null
2019-10-17 07:43:08,571 [84d87b42-83ce-4078-8a37-3864f9520041@group-F450BAF5DF14-LeaderElection19] INFO  impl.RaftServerImpl (RaftServerImpl.java:setRole(184)) - 84d87b42-83ce-4078-8a37-3864f9520041@group-F450BAF5DF14: changes role from CANDIDATE to FOLLOWER at term 14 for DISCOVERED_A_NEW_TERM
2019-10-17 07:43:08,571 [84d87b42-83ce-4078-8a37-3864f9520041@group-F450BAF5DF14-LeaderElection19] INFO  impl.RoleInfo (RoleInfo.java:shutdownLeaderElection(134)) - 84d87b42-83ce-4078-8a37-3864f9520041: shutdown LeaderElection
2019-10-17 07:43:08,571 [84d87b42-83ce-4078-8a37-3864f9520041@group-F450BAF5DF14-LeaderElection19] INFO  impl.RoleInfo (RoleInfo.java:updateAndGet(143)) - 84d87b42-83ce-4078-8a37-3864f9520041: start FollowerState
2019-10-17 07:43:08,601 [Thread-648] INFO  impl.FollowerState (FollowerState.java:run(108)) - 84d87b42-83ce-4078-8a37-3864f9520041@group-F450BAF5DF14-FollowerState: change to CANDIDATE, lastRpcTime:30ms, electionTimeout:30ms
2019-10-17 07:43:08,605 [Thread-648] INFO  impl.RoleInfo (RoleInfo.java:shutdownFollowerState(121)) - 84d87b42-83ce-4078-8a37-3864f9520041: shutdown FollowerState
2019-10-17 07:43:08,605 [Thread-648] INFO  impl.RaftServerImpl (RaftServerImpl.java:setRole(184)) - 84d87b42-83ce-4078-8a37-3864f9520041@group-F450BAF5DF14: changes role from  FOLLOWER to CANDIDATE at term 14 for changeToCandidate
2019-10-17 07:43:08,606 [Thread-648] INFO  impl.RoleInfo (RoleInfo.java:updateAndGet(143)) - 84d87b42-83ce-4078-8a37-3864f9520041: start LeaderElection
2019-10-17 07:43:08,628 [84d87b42-83ce-4078-8a37-3864f9520041@group-F450BAF5DF14-LeaderElection20] INFO  impl.LeaderElection (LeaderElection.java:askForVotes(178)) - 84d87b42-83ce-4078-8a37-3864f9520041@group-F450BAF5DF14-LeaderElection20: begin an election at term 15 for 0: [6ea7cc1b-6dd1-4a6f-b526-a2c2472221ee:192.168.164.211:45347, 722c44df-b170-4eeb-abb4-8ab07bb69a54:192.168.164.211:33246, 84d87b42-83ce-4078-8a37-3864f9520041:192.168.164.211:42413], old=null
2019-10-17 07:43:08,633 [grpc-default-executor-0] INFO  impl.RaftServerImpl (RaftServerImpl.java:setRole(184)) - 722c44df-b170-4eeb-abb4-8ab07bb69a54@group-F450BAF5DF14: changes role from  FOLLOWER to FOLLOWER at term 15 for recognizeCandidate:84d87b42-83ce-4078-8a37-3864f9520041
2019-10-17 07:43:08,633 [grpc-default-executor-4] INFO  impl.RaftServerImpl (RaftServerImpl.java:setRole(184)) - 6ea7cc1b-6dd1-4a6f-b526-a2c2472221ee@group-F450BAF5DF14: changes role from  FOLLOWER to FOLLOWER at term 15 for recognizeCandidate:84d87b42-83ce-4078-8a37-3864f9520041
2019-10-17 07:43:08,633 [grpc-default-executor-0] INFO  impl.RoleInfo (RoleInfo.java:shutdownFollowerState(121)) - 722c44df-b170-4eeb-abb4-8ab07bb69a54: shutdown FollowerState
2019-10-17 07:43:08,633 [grpc-default-executor-4] INFO  impl.RoleInfo (RoleInfo.java:shutdownFollowerState(121)) - 6ea7cc1b-6dd1-4a6f-b526-a2c2472221ee: shutdown FollowerState
2019-10-17 07:43:08,633 [grpc-default-executor-0] INFO  impl.RoleInfo (RoleInfo.java:updateAndGet(143)) - 722c44df-b170-4eeb-abb4-8ab07bb69a54: start FollowerState
2019-10-17 07:43:08,633 [Thread-646] INFO  impl.FollowerState (FollowerState.java:run(117)) - 722c44df-b170-4eeb-abb4-8ab07bb69a54@group-F450BAF5DF14-FollowerState was interrupted: java.lang.InterruptedException: sleep interrupted
2019-10-17 07:43:08,634 [Thread-647] INFO  impl.FollowerState (FollowerState.java:run(117)) - 6ea7cc1b-6dd1-4a6f-b526-a2c2472221ee@group-F450BAF5DF14-FollowerState was interrupted: java.lang.InterruptedException: sleep interrupted
2019-10-17 07:43:08,634 [grpc-default-executor-4] INFO  impl.RoleInfo (RoleInfo.java:updateAndGet(143)) - 6ea7cc1b-6dd1-4a6f-b526-a2c2472221ee: start FollowerState
2019-10-17 07:43:08,663 [84d87b42-83ce-4078-8a37-3864f9520041@group-F450BAF5DF14-LeaderElection20] INFO  impl.LeaderElection (LeaderElection.java:logAndReturn(56)) - 84d87b42-83ce-4078-8a37-3864f9520041@group-F450BAF5DF14-LeaderElection20: Election REJECTED; received 2 response(s) [84d87b42-83ce-4078-8a37-3864f9520041<-6ea7cc1b-6dd1-4a6f-b526-a2c2472221ee#0:FAIL-t15, 84d87b42-83ce-4078-8a37-3864f9520041<-722c44df-b170-4eeb-abb4-8ab07bb69a54#0:FAIL-t15] and 0 exception(s); 84d87b42-83ce-4078-8a37-3864f9520041@group-F450BAF5DF14:t15, leader=null, voted=84d87b42-83ce-4078-8a37-3864f9520041, raftlog=84d87b42-83ce-4078-8a37-3864f9520041@group-F450BAF5DF14-SegmentedRaftLog:OPENED:c3,f4,i4, conf=0: [6ea7cc1b-6dd1-4a6f-b526-a2c2472221ee:192.168.164.211:45347, 722c44df-b170-4eeb-abb4-8ab07bb69a54:192.168.164.211:33246, 84d87b42-83ce-4078-8a37-3864f9520041:192.168.164.211:42413], old=null
2019-10-17 07:43:08,663 [84d87b42-83ce-4078-8a37-3864f9520041@group-F450BAF5DF14-LeaderElection20] INFO  impl.RaftServerImpl (RaftServerImpl.java:setRole(184)) - 84d87b42-83ce-4078-8a37-3864f9520041@group-F450BAF5DF14: changes role from CANDIDATE to FOLLOWER at term 15 for DISCOVERED_A_NEW_TERM
2019-10-17 07:43:08,664 [84d87b42-83ce-4078-8a37-3864f9520041@group-F450BAF5DF14-LeaderElection20] INFO  impl.RoleInfo (RoleInfo.java:shutdownLeaderElection(134)) - 84d87b42-83ce-4078-8a37-3864f9520041: shutdown LeaderElection
2019-10-17 07:43:08,664 [84d87b42-83ce-4078-8a37-3864f9520041@group-F450BAF5DF14-LeaderElection20] INFO  impl.RoleInfo (RoleInfo.java:updateAndGet(143)) - 84d87b42-83ce-4078-8a37-3864f9520041: start FollowerState
2019-10-17 07:43:08,696 [Thread-654] INFO  impl.FollowerState (FollowerState.java:run(108)) - 84d87b42-83ce-4078-8a37-3864f9520041@group-F450BAF5DF14-FollowerState: change to CANDIDATE, lastRpcTime:32ms, electionTimeout:32ms
2019-10-17 07:43:08,697 [Thread-654] INFO  impl.RoleInfo (RoleInfo.java:shutdownFollowerState(121)) - 84d87b42-83ce-4078-8a37-3864f9520041: shutdown FollowerState
2019-10-17 07:43:08,698 [Thread-654] INFO  impl.RaftServerImpl (RaftServerImpl.java:setRole(184)) - 84d87b42-83ce-4078-8a37-3864f9520041@group-F450BAF5DF14: changes role from  FOLLOWER to CANDIDATE at term 15 for changeToCandidate
2019-10-17 07:43:08,698 [Thread-654] INFO  impl.RoleInfo (RoleInfo.java:updateAndGet(143)) - 84d87b42-83ce-4078-8a37-3864f9520041: start LeaderElection
2019-10-17 07:43:08,722 [84d87b42-83ce-4078-8a37-3864f9520041@group-F450BAF5DF14-LeaderElection21] INFO  impl.LeaderElection (LeaderElection.java:askForVotes(178)) - 84d87b42-83ce-4078-8a37-3864f9520041@group-F450BAF5DF14-LeaderElection21: begin an election at term 16 for 0: [6ea7cc1b-6dd1-4a6f-b526-a2c2472221ee:192.168.164.211:45347, 722c44df-b170-4eeb-abb4-8ab07bb69a54:192.168.164.211:33246, 84d87b42-83ce-4078-8a37-3864f9520041:192.168.164.211:42413], old=null
2019-10-17 07:43:08,725 [grpc-default-executor-4] INFO  impl.RaftServerImpl (RaftServerImpl.java:setRole(184)) - 6ea7cc1b-6dd1-4a6f-b526-a2c2472221ee@group-F450BAF5DF14: changes role from  FOLLOWER to FOLLOWER at term 16 for recognizeCandidate:84d87b42-83ce-4078-8a37-3864f9520041
2019-10-17 07:43:08,726 [grpc-default-executor-0] INFO  impl.RaftServerImpl (RaftServerImpl.java:setRole(184)) - 722c44df-b170-4eeb-abb4-8ab07bb69a54@group-F450BAF5DF14: changes role from  FOLLOWER to FOLLOWER at term 16 for recognizeCandidate:84d87b42-83ce-4078-8a37-3864f9520041
2019-10-17 07:43:08,726 [grpc-default-executor-4] INFO  impl.RoleInfo (RoleInfo.java:shutdownFollowerState(121)) - 6ea7cc1b-6dd1-4a6f-b526-a2c2472221ee: shutdown FollowerState
2019-10-17 07:43:08,726 [grpc-default-executor-0] INFO  impl.RoleInfo (RoleInfo.java:shutdownFollowerState(121)) - 722c44df-b170-4eeb-abb4-8ab07bb69a54: shutdown FollowerState
2019-10-17 07:43:08,726 [Thread-653] INFO  impl.FollowerState (FollowerState.java:run(117)) - 6ea7cc1b-6dd1-4a6f-b526-a2c2472221ee@group-F450BAF5DF14-FollowerState was interrupted: java.lang.InterruptedException: sleep interrupted
2019-10-17 07:43:08,726 [Thread-652] INFO  impl.FollowerState (FollowerState.java:run(117)) - 722c44df-b170-4eeb-abb4-8ab07bb69a54@group-F450BAF5DF14-FollowerState was interrupted: java.lang.InterruptedException: sleep interrupted
2019-10-17 07:43:08,726 [grpc-default-executor-4] INFO  impl.RoleInfo (RoleInfo.java:updateAndGet(143)) - 6ea7cc1b-6dd1-4a6f-b526-a2c2472221ee: start FollowerState
2019-10-17 07:43:08,726 [grpc-default-executor-0] INFO  impl.RoleInfo (RoleInfo.java:updateAndGet(143)) - 722c44df-b170-4eeb-abb4-8ab07bb69a54: start FollowerState
2019-10-17 07:43:08,753 [84d87b42-83ce-4078-8a37-3864f9520041@group-F450BAF5DF14-LeaderElection21] INFO  impl.LeaderElection (LeaderElection.java:logAndReturn(56)) - 84d87b42-83ce-4078-8a37-3864f9520041@group-F450BAF5DF14-LeaderElection21: Election TIMEOUT; received 0 response(s) [] and 0 exception(s); 84d87b42-83ce-4078-8a37-3864f9520041@group-F450BAF5DF14:t16, leader=null, voted=84d87b42-83ce-4078-8a37-3864f9520041, raftlog=84d87b42-83ce-4078-8a37-3864f9520041@group-F450BAF5DF14-SegmentedRaftLog:OPENED:c3,f4,i4, conf=0: [6ea7cc1b-6dd1-4a6f-b526-a2c2472221ee:192.168.164.211:45347, 722c44df-b170-4eeb-abb4-8ab07bb69a54:192.168.164.211:33246, 84d87b42-83ce-4078-8a37-3864f9520041:192.168.164.211:42413], old=null
2019-10-17 07:43:08,781 [84d87b42-83ce-4078-8a37-3864f9520041@group-F450BAF5DF14-LeaderElection21] INFO  impl.LeaderElection (LeaderElection.java:askForVotes(178)) - 84d87b42-83ce-4078-8a37-3864f9520041@group-F450BAF5DF14-LeaderElection21: begin an election at term 17 for 0: [6ea7cc1b-6dd1-4a6f-b526-a2c2472221ee:192.168.164.211:45347, 722c44df-b170-4eeb-abb4-8ab07bb69a54:192.168.164.211:33246, 84d87b42-83ce-4078-8a37-3864f9520041:192.168.164.211:42413], old=null
2019-10-17 07:43:08,784 [grpc-default-executor-4] INFO  impl.RaftServerImpl (RaftServerImpl.java:setRole(184)) - 6ea7cc1b-6dd1-4a6f-b526-a2c2472221ee@group-F450BAF5DF14: changes role from  FOLLOWER to FOLLOWER at term 17 for recognizeCandidate:84d87b42-83ce-4078-8a37-3864f9520041
2019-10-17 07:43:08,786 [grpc-default-executor-4] INFO  impl.RoleInfo (RoleInfo.java:shutdownFollowerState(121)) - 6ea7cc1b-6dd1-4a6f-b526-a2c2472221ee: shutdown FollowerState
2019-10-17 07:43:08,786 [grpc-default-executor-4] INFO  impl.RoleInfo (RoleInfo.java:updateAndGet(143)) - 6ea7cc1b-6dd1-4a6f-b526-a2c2472221ee: start FollowerState
2019-10-17 07:43:08,786 [Thread-658] INFO  impl.FollowerState (FollowerState.java:run(117)) - 6ea7cc1b-6dd1-4a6f-b526-a2c2472221ee@group-F450BAF5DF14-FollowerState was interrupted: java.lang.InterruptedException: sleep interrupted
2019-10-17 07:43:08,786 [grpc-default-executor-0] INFO  impl.RaftServerImpl (RaftServerImpl.java:setRole(184)) - 722c44df-b170-4eeb-abb4-8ab07bb69a54@group-F450BAF5DF14: changes role from  FOLLOWER to FOLLOWER at term 17 for recognizeCandidate:84d87b42-83ce-4078-8a37-3864f9520041
2019-10-17 07:43:08,787 [grpc-default-executor-0] INFO  impl.RoleInfo (RoleInfo.java:shutdownFollowerState(121)) - 722c44df-b170-4eeb-abb4-8ab07bb69a54: shutdown FollowerState
2019-10-17 07:43:08,787 [grpc-default-executor-0] INFO  impl.RoleInfo (RoleInfo.java:updateAndGet(143)) - 722c44df-b170-4eeb-abb4-8ab07bb69a54: start FollowerState
2019-10-17 07:43:08,787 [Thread-659] INFO  impl.FollowerState (FollowerState.java:run(117)) - 722c44df-b170-4eeb-abb4-8ab07bb69a54@group-F450BAF5DF14-FollowerState was interrupted: java.lang.InterruptedException: sleep interrupted
2019-10-17 07:43:08,816 [84d87b42-83ce-4078-8a37-3864f9520041@group-F450BAF5DF14-LeaderElection21] INFO  impl.LeaderElection (LeaderElection.java:logAndReturn(56)) - 84d87b42-83ce-4078-8a37-3864f9520041@group-F450BAF5DF14-LeaderElection21: Election REJECTED; received 2 response(s) [84d87b42-83ce-4078-8a37-3864f9520041<-6ea7cc1b-6dd1-4a6f-b526-a2c2472221ee#0:FAIL-t17, 84d87b42-83ce-4078-8a37-3864f9520041<-722c44df-b170-4eeb-abb4-8ab07bb69a54#0:FAIL-t17] and 0 exception(s); 84d87b42-83ce-4078-8a37-3864f9520041@group-F450BAF5DF14:t17, leader=null, voted=84d87b42-83ce-4078-8a37-3864f9520041, raftlog=84d87b42-83ce-4078-8a37-3864f9520041@group-F450BAF5DF14-SegmentedRaftLog:OPENED:c3,f4,i4, conf=0: [6ea7cc1b-6dd1-4a6f-b526-a2c2472221ee:192.168.164.211:45347, 722c44df-b170-4eeb-abb4-8ab07bb69a54:192.168.164.211:33246, 84d87b42-83ce-4078-8a37-3864f9520041:192.168.164.211:42413], old=null
2019-10-17 07:43:08,816 [84d87b42-83ce-4078-8a37-3864f9520041@group-F450BAF5DF14-LeaderElection21] INFO  impl.RaftServerImpl (RaftServerImpl.java:setRole(184)) - 84d87b42-83ce-4078-8a37-3864f9520041@group-F450BAF5DF14: changes role from CANDIDATE to FOLLOWER at term 17 for DISCOVERED_A_NEW_TERM
2019-10-17 07:43:08,816 [84d87b42-83ce-4078-8a37-3864f9520041@group-F450BAF5DF14-LeaderElection21] INFO  impl.RoleInfo (RoleInfo.java:shutdownLeaderElection(134)) - 84d87b42-83ce-4078-8a37-3864f9520041: shutdown LeaderElection
2019-10-17 07:43:08,816 [84d87b42-83ce-4078-8a37-3864f9520041@group-F450BAF5DF14-LeaderElection21] INFO  impl.RoleInfo (RoleInfo.java:updateAndGet(143)) - 84d87b42-83ce-4078-8a37-3864f9520041: start FollowerState
2019-10-17 07:43:08,989 [Thread-664] INFO  impl.FollowerState (FollowerState.java:run(108)) - 84d87b42-83ce-4078-8a37-3864f9520041@group-F450BAF5DF14-FollowerState: change to CANDIDATE, lastRpcTime:172ms, electionTimeout:172ms
2019-10-17 07:43:08,990 [Thread-664] INFO  impl.RoleInfo (RoleInfo.java:shutdownFollowerState(121)) - 84d87b42-83ce-4078-8a37-3864f9520041: shutdown FollowerState
2019-10-17 07:43:08,991 [Thread-664] INFO  impl.RaftServerImpl (RaftServerImpl.java:setRole(184)) - 84d87b42-83ce-4078-8a37-3864f9520041@group-F450BAF5DF14: changes role from  FOLLOWER to CANDIDATE at term 17 for changeToCandidate
2019-10-17 07:43:08,991 [Thread-664] INFO  impl.RoleInfo (RoleInfo.java:updateAndGet(143)) - 84d87b42-83ce-4078-8a37-3864f9520041: start LeaderElection
2019-10-17 07:43:09,007 [84d87b42-83ce-4078-8a37-3864f9520041@group-F450BAF5DF14-LeaderElection22] INFO  impl.LeaderElection (LeaderElection.java:askForVotes(178)) - 84d87b42-83ce-4078-8a37-3864f9520041@group-F450BAF5DF14-LeaderElection22: begin an election at term 18 for 0: [6ea7cc1b-6dd1-4a6f-b526-a2c2472221ee:192.168.164.211:45347, 722c44df-b170-4eeb-abb4-8ab07bb69a54:192.168.164.211:33246, 84d87b42-83ce-4078-8a37-3864f9520041:192.168.164.211:42413], old=null
2019-10-17 07:43:09,012 [grpc-default-executor-0] INFO  impl.RaftServerImpl (RaftServerImpl.java:setRole(184)) - 6ea7cc1b-6dd1-4a6f-b526-a2c2472221ee@group-F450BAF5DF14: changes role from  FOLLOWER to FOLLOWER at term 18 for recognizeCandidate:84d87b42-83ce-4078-8a37-3864f9520041
2019-10-17 07:43:09,012 [grpc-default-executor-4] INFO  impl.RaftServerImpl (RaftServerImpl.java:setRole(184)) - 722c44df-b170-4eeb-abb4-8ab07bb69a54@group-F450BAF5DF14: changes role from  FOLLOWER to FOLLOWER at term 18 for recognizeCandidate:84d87b42-83ce-4078-8a37-3864f9520041
2019-10-17 07:43:09,012 [grpc-default-executor-0] INFO  impl.RoleInfo (RoleInfo.java:shutdownFollowerState(121)) - 6ea7cc1b-6dd1-4a6f-b526-a2c2472221ee: shutdown FollowerState
2019-10-17 07:43:09,012 [grpc-default-executor-4] INFO  impl.RoleInfo (RoleInfo.java:shutdownFollowerState(121)) - 722c44df-b170-4eeb-abb4-8ab07bb69a54: shutdown FollowerState
2019-10-17 07:43:09,013 [grpc-default-executor-0] INFO  impl.RoleInfo (RoleInfo.java:updateAndGet(143)) - 6ea7cc1b-6dd1-4a6f-b526-a2c2472221ee: start FollowerState
2019-10-17 07:43:09,013 [grpc-default-executor-4] INFO  impl.RoleInfo (RoleInfo.java:updateAndGet(143)) - 722c44df-b170-4eeb-abb4-8ab07bb69a54: start FollowerState
2019-10-17 07:43:09,013 [Thread-662] INFO  impl.FollowerState (FollowerState.java:run(117)) - 6ea7cc1b-6dd1-4a6f-b526-a2c2472221ee@group-F450BAF5DF14-FollowerState was interrupted: java.lang.InterruptedException: sleep interrupted
2019-10-17 07:43:09,013 [Thread-663] INFO  impl.FollowerState (FollowerState.java:run(117)) - 722c44df-b170-4eeb-abb4-8ab07bb69a54@group-F450BAF5DF14-FollowerState was interrupted: java.lang.InterruptedException: sleep interrupted
2019-10-17 07:43:09,031 [84d87b42-83ce-4078-8a37-3864f9520041@group-F450BAF5DF14-LeaderElection22] INFO  impl.LeaderElection (LeaderElection.java:logAndReturn(56)) - 84d87b42-83ce-4078-8a37-3864f9520041@group-F450BAF5DF14-LeaderElection22: Election REJECTED; received 2 response(s) [84d87b42-83ce-4078-8a37-3864f9520041<-6ea7cc1b-6dd1-4a6f-b526-a2c2472221ee#0:FAIL-t18, 84d87b42-83ce-4078-8a37-3864f9520041<-722c44df-b170-4eeb-abb4-8ab07bb69a54#0:FAIL-t18] and 0 exception(s); 84d87b42-83ce-4078-8a37-3864f9520041@group-F450BAF5DF14:t18, leader=null, voted=84d87b42-83ce-4078-8a37-3864f9520041, raftlog=84d87b42-83ce-4078-8a37-3864f9520041@group-F450BAF5DF14-SegmentedRaftLog:OPENED:c3,f4,i4, conf=0: [6ea7cc1b-6dd1-4a6f-b526-a2c2472221ee:192.168.164.211:45347, 722c44df-b170-4eeb-abb4-8ab07bb69a54:192.168.164.211:33246, 84d87b42-83ce-4078-8a37-3864f9520041:192.168.164.211:42413], old=null
2019-10-17 07:43:09,031 [84d87b42-83ce-4078-8a37-3864f9520041@group-F450BAF5DF14-LeaderElection22] INFO  impl.RaftServerImpl (RaftServerImpl.java:setRole(184)) - 84d87b42-83ce-4078-8a37-3864f9520041@group-F450BAF5DF14: changes role from CANDIDATE to FOLLOWER at term 18 for DISCOVERED_A_NEW_TERM
2019-10-17 07:43:09,031 [84d87b42-83ce-4078-8a37-3864f9520041@group-F450BAF5DF14-LeaderElection22] INFO  impl.RoleInfo (RoleInfo.java:shutdownLeaderElection(134)) - 84d87b42-83ce-4078-8a37-3864f9520041: shutdown LeaderElection
2019-10-17 07:43:09,031 [84d87b42-83ce-4078-8a37-3864f9520041@group-F450BAF5DF14-LeaderElection22] INFO  impl.RoleInfo (RoleInfo.java:updateAndGet(143)) - 84d87b42-83ce-4078-8a37-3864f9520041: start FollowerState
2019-10-17 07:43:09,045 [EventQueue-PendingDeleteStatusForPendingDeleteHandler] INFO  block.SCMBlockDeletingService (SCMBlockDeletingService.java:handlePendingDeletes(115)) - Block deletion txnID mismatch in datanode 84d87b42-83ce-4078-8a37-3864f9520041 for containerID 1. Datanode delete txnID: 0, SCM txnID: 1
2019-10-17 07:43:09,164 [Thread-673] INFO  client.GrpcClientProtocolService (GrpcClientProtocolService.java:lambda$processClientRequest$0(278)) - Failed RaftClientRequest:client-352DFC73CCDB->84d87b42-83ce-4078-8a37-3864f9520041@group-F450BAF5DF14, cid=10, seq=0, Watch-ALL_COMMITTED(6), Message:<EMPTY>, reply=RaftClientReply:client-352DFC73CCDB->84d87b42-83ce-4078-8a37-3864f9520041@group-F450BAF5DF14, cid=10, FAILED org.apache.ratis.protocol.NotLeaderException: Server 84d87b42-83ce-4078-8a37-3864f9520041@group-F450BAF5DF14 is not the leader, logIndex=0, commits[84d87b42-83ce-4078-8a37-3864f9520041:c3]
2019-10-17 07:43:09,206 [Thread-670] INFO  impl.FollowerState (FollowerState.java:run(108)) - 84d87b42-83ce-4078-8a37-3864f9520041@group-F450BAF5DF14-FollowerState: change to CANDIDATE, lastRpcTime:174ms, electionTimeout:174ms
2019-10-17 07:43:09,206 [Thread-670] INFO  impl.RoleInfo (RoleInfo.java:shutdownFollowerState(121)) - 84d87b42-83ce-4078-8a37-3864f9520041: shutdown FollowerState
2019-10-17 07:43:09,206 [Thread-670] INFO  impl.RaftServerImpl (RaftServerImpl.java:setRole(184)) - 84d87b42-83ce-4078-8a37-3864f9520041@group-F450BAF5DF14: changes role from  FOLLOWER to CANDIDATE at term 18 for changeToCandidate
2019-10-17 07:43:09,206 [Thread-670] INFO  impl.RoleInfo (RoleInfo.java:updateAndGet(143)) - 84d87b42-83ce-4078-8a37-3864f9520041: start LeaderElection
2019-10-17 07:43:09,230 [84d87b42-83ce-4078-8a37-3864f9520041@group-F450BAF5DF14-LeaderElection23] INFO  impl.LeaderElection (LeaderElection.java:askForVotes(178)) - 84d87b42-83ce-4078-8a37-3864f9520041@group-F450BAF5DF14-LeaderElection23: begin an election at term 19 for 0: [6ea7cc1b-6dd1-4a6f-b526-a2c2472221ee:192.168.164.211:45347, 722c44df-b170-4eeb-abb4-8ab07bb69a54:192.168.164.211:33246, 84d87b42-83ce-4078-8a37-3864f9520041:192.168.164.211:42413], old=null
2019-10-17 07:43:09,236 [grpc-default-executor-0] INFO  impl.RaftServerImpl (RaftServerImpl.java:setRole(184)) - 722c44df-b170-4eeb-abb4-8ab07bb69a54@group-F450BAF5DF14: changes role from  FOLLOWER to FOLLOWER at term 19 for recognizeCandidate:84d87b42-83ce-4078-8a37-3864f9520041
2019-10-17 07:43:09,236 [grpc-default-executor-0] INFO  impl.RoleInfo (RoleInfo.java:shutdownFollowerState(121)) - 722c44df-b170-4eeb-abb4-8ab07bb69a54: shutdown FollowerState
2019-10-17 07:43:09,237 [grpc-default-executor-0] INFO  impl.RoleInfo (RoleInfo.java:updateAndGet(143)) - 722c44df-b170-4eeb-abb4-8ab07bb69a54: start FollowerState
2019-10-17 07:43:09,237 [Thread-669] INFO  impl.FollowerState (FollowerState.java:run(117)) - 722c44df-b170-4eeb-abb4-8ab07bb69a54@group-F450BAF5DF14-FollowerState was interrupted: java.lang.InterruptedException: sleep interrupted
2019-10-17 07:43:09,237 [grpc-default-executor-4] INFO  impl.RaftServerImpl (RaftServerImpl.java:setRole(184)) - 6ea7cc1b-6dd1-4a6f-b526-a2c2472221ee@group-F450BAF5DF14: changes role from  FOLLOWER to FOLLOWER at term 19 for recognizeCandidate:84d87b42-83ce-4078-8a37-3864f9520041
2019-10-17 07:43:09,237 [grpc-default-executor-4] INFO  impl.RoleInfo (RoleInfo.java:shutdownFollowerState(121)) - 6ea7cc1b-6dd1-4a6f-b526-a2c2472221ee: shutdown FollowerState
2019-10-17 07:43:09,237 [grpc-default-executor-4] INFO  impl.RoleInfo (RoleInfo.java:updateAndGet(143)) - 6ea7cc1b-6dd1-4a6f-b526-a2c2472221ee: start FollowerState
2019-10-17 07:43:09,237 [Thread-668] INFO  impl.FollowerState (FollowerState.java:run(117)) - 6ea7cc1b-6dd1-4a6f-b526-a2c2472221ee@group-F450BAF5DF14-FollowerState was interrupted: java.lang.InterruptedException: sleep interrupted
2019-10-17 07:43:09,256 [84d87b42-83ce-4078-8a37-3864f9520041@group-F450BAF5DF14-LeaderElection23] INFO  impl.LeaderElection (LeaderElection.java:logAndReturn(56)) - 84d87b42-83ce-4078-8a37-3864f9520041@group-F450BAF5DF14-LeaderElection23: Election REJECTED; received 2 response(s) [84d87b42-83ce-4078-8a37-3864f9520041<-6ea7cc1b-6dd1-4a6f-b526-a2c2472221ee#0:FAIL-t19, 84d87b42-83ce-4078-8a37-3864f9520041<-722c44df-b170-4eeb-abb4-8ab07bb69a54#0:FAIL-t19] and 0 exception(s); 84d87b42-83ce-4078-8a37-3864f9520041@group-F450BAF5DF14:t19, leader=null, voted=84d87b42-83ce-4078-8a37-3864f9520041, raftlog=84d87b42-83ce-4078-8a37-3864f9520041@group-F450BAF5DF14-SegmentedRaftLog:OPENED:c3,f4,i4, conf=0: [6ea7cc1b-6dd1-4a6f-b526-a2c2472221ee:192.168.164.211:45347, 722c44df-b170-4eeb-abb4-8ab07bb69a54:192.168.164.211:33246, 84d87b42-83ce-4078-8a37-3864f9520041:192.168.164.211:42413], old=null
2019-10-17 07:43:09,257 [84d87b42-83ce-4078-8a37-3864f9520041@group-F450BAF5DF14-LeaderElection23] INFO  impl.RaftServerImpl (RaftServerImpl.java:setRole(184)) - 84d87b42-83ce-4078-8a37-3864f9520041@group-F450BAF5DF14: changes role from CANDIDATE to FOLLOWER at term 19 for DISCOVERED_A_NEW_TERM
2019-10-17 07:43:09,257 [84d87b42-83ce-4078-8a37-3864f9520041@group-F450BAF5DF14-LeaderElection23] INFO  impl.RoleInfo (RoleInfo.java:shutdownLeaderElection(134)) - 84d87b42-83ce-4078-8a37-3864f9520041: shutdown LeaderElection
2019-10-17 07:43:09,257 [84d87b42-83ce-4078-8a37-3864f9520041@group-F450BAF5DF14-LeaderElection23] INFO  impl.RoleInfo (RoleInfo.java:updateAndGet(143)) - 84d87b42-83ce-4078-8a37-3864f9520041: start FollowerState
2019-10-17 07:43:09,307 [BlockDeletingService#2] WARN  background.BlockDeletingService (BlockDeletingService.java:isDeletionAllowed(187)) - Close Container log Index 6 is not replicated across allthe servers in the pipeline 6e647d31-eff2-4ddc-80e8-f450baf5df14 as the min replicated index is 4. Deletion is not allowed in this container yet.
2019-10-17 07:43:09,309 [BlockDeletingService#3] WARN  background.BlockDeletingService (BlockDeletingService.java:isDeletionAllowed(187)) - Close Container log Index 6 is not replicated across allthe servers in the pipeline 6e647d31-eff2-4ddc-80e8-f450baf5df14 as the min replicated index is 4. Deletion is not allowed in this container yet.
2019-10-17 07:43:09,435 [Thread-680] INFO  impl.FollowerState (FollowerState.java:run(108)) - 84d87b42-83ce-4078-8a37-3864f9520041@group-F450BAF5DF14-FollowerState: change to CANDIDATE, lastRpcTime:178ms, electionTimeout:178ms
2019-10-17 07:43:09,435 [Thread-680] INFO  impl.RoleInfo (RoleInfo.java:shutdownFollowerState(121)) - 84d87b42-83ce-4078-8a37-3864f9520041: shutdown FollowerState
2019-10-17 07:43:09,435 [Thread-680] INFO  impl.RaftServerImpl (RaftServerImpl.java:setRole(184)) - 84d87b42-83ce-4078-8a37-3864f9520041@group-F450BAF5DF14: changes role from  FOLLOWER to CANDIDATE at term 19 for changeToCandidate
2019-10-17 07:43:09,436 [Thread-680] INFO  impl.RoleInfo (RoleInfo.java:updateAndGet(143)) - 84d87b42-83ce-4078-8a37-3864f9520041: start LeaderElection
2019-10-17 07:43:09,460 [84d87b42-83ce-4078-8a37-3864f9520041@group-F450BAF5DF14-LeaderElection24] INFO  impl.LeaderElection (LeaderElection.java:askForVotes(178)) - 84d87b42-83ce-4078-8a37-3864f9520041@group-F450BAF5DF14-LeaderElection24: begin an election at term 20 for 0: [6ea7cc1b-6dd1-4a6f-b526-a2c2472221ee:192.168.164.211:45347, 722c44df-b170-4eeb-abb4-8ab07bb69a54:192.168.164.211:33246, 84d87b42-83ce-4078-8a37-3864f9520041:192.168.164.211:42413], old=null
2019-10-17 07:43:09,464 [grpc-default-executor-4] INFO  impl.RaftServerImpl (RaftServerImpl.java:setRole(184)) - 722c44df-b170-4eeb-abb4-8ab07bb69a54@group-F450BAF5DF14: changes role from  FOLLOWER to FOLLOWER at term 20 for recognizeCandidate:84d87b42-83ce-4078-8a37-3864f9520041
2019-10-17 07:43:09,464 [grpc-default-executor-0] INFO  impl.RaftServerImpl (RaftServerImpl.java:setRole(184)) - 6ea7cc1b-6dd1-4a6f-b526-a2c2472221ee@group-F450BAF5DF14: changes role from  FOLLOWER to FOLLOWER at term 20 for recognizeCandidate:84d87b42-83ce-4078-8a37-3864f9520041
2019-10-17 07:43:09,464 [grpc-default-executor-4] INFO  impl.RoleInfo (RoleInfo.java:shutdownFollowerState(121)) - 722c44df-b170-4eeb-abb4-8ab07bb69a54: shutdown FollowerState
2019-10-17 07:43:09,464 [grpc-default-executor-0] INFO  impl.RoleInfo (RoleInfo.java:shutdownFollowerState(121)) - 6ea7cc1b-6dd1-4a6f-b526-a2c2472221ee: shutdown FollowerState
2019-10-17 07:43:09,464 [Thread-678] INFO  impl.FollowerState (FollowerState.java:run(117)) - 722c44df-b170-4eeb-abb4-8ab07bb69a54@group-F450BAF5DF14-FollowerState was interrupted: java.lang.InterruptedException: sleep interrupted
2019-10-17 07:43:09,464 [grpc-default-executor-4] INFO  impl.RoleInfo (RoleInfo.java:updateAndGet(143)) - 722c44df-b170-4eeb-abb4-8ab07bb69a54: start FollowerState
2019-10-17 07:43:09,464 [Thread-679] INFO  impl.FollowerState (FollowerState.java:run(117)) - 6ea7cc1b-6dd1-4a6f-b526-a2c2472221ee@group-F450BAF5DF14-FollowerState was interrupted: java.lang.InterruptedException: sleep interrupted
2019-10-17 07:43:09,464 [grpc-default-executor-0] INFO  impl.RoleInfo (RoleInfo.java:updateAndGet(143)) - 6ea7cc1b-6dd1-4a6f-b526-a2c2472221ee: start FollowerState
2019-10-17 07:43:09,489 [pool-7-thread-1] INFO  commands.RetriableDatanodeEventWatcher (RetriableDatanodeEventWatcher.java:onTimeout(47)) - RetriableDatanodeCommand type=deleteBlocksCommand with id=1571298184490 timed out. Retrying.
2019-10-17 07:43:09,490 [pool-7-thread-1] INFO  commands.RetriableDatanodeEventWatcher (RetriableDatanodeEventWatcher.java:onTimeout(47)) - RetriableDatanodeCommand type=deleteBlocksCommand with id=1571298184486 timed out. Retrying.
2019-10-17 07:43:09,490 [pool-7-thread-4] INFO  commands.RetriableDatanodeEventWatcher (RetriableDatanodeEventWatcher.java:onTimeout(47)) - RetriableDatanodeCommand type=deleteBlocksCommand with id=1571298184488 timed out. Retrying.
2019-10-17 07:43:09,490 [84d87b42-83ce-4078-8a37-3864f9520041@group-F450BAF5DF14-LeaderElection24] INFO  impl.LeaderElection (LeaderElection.java:logAndReturn(56)) - 84d87b42-83ce-4078-8a37-3864f9520041@group-F450BAF5DF14-LeaderElection24: Election REJECTED; received 2 response(s) [84d87b42-83ce-4078-8a37-3864f9520041<-6ea7cc1b-6dd1-4a6f-b526-a2c2472221ee#0:FAIL-t20, 84d87b42-83ce-4078-8a37-3864f9520041<-722c44df-b170-4eeb-abb4-8ab07bb69a54#0:FAIL-t20] and 0 exception(s); 84d87b42-83ce-4078-8a37-3864f9520041@group-F450BAF5DF14:t20, leader=null, voted=84d87b42-83ce-4078-8a37-3864f9520041, raftlog=84d87b42-83ce-4078-8a37-3864f9520041@group-F450BAF5DF14-SegmentedRaftLog:OPENED:c3,f4,i4, conf=0: [6ea7cc1b-6dd1-4a6f-b526-a2c2472221ee:192.168.164.211:45347, 722c44df-b170-4eeb-abb4-8ab07bb69a54:192.168.164.211:33246, 84d87b42-83ce-4078-8a37-3864f9520041:192.168.164.211:42413], old=null
2019-10-17 07:43:09,490 [pool-7-thread-2] INFO  commands.RetriableDatanodeEventWatcher (RetriableDatanodeEventWatcher.java:onTimeout(47)) - RetriableDatanodeCommand type=deleteBlocksCommand with id=1571298184489 timed out. Retrying.
2019-10-17 07:43:09,490 [84d87b42-83ce-4078-8a37-3864f9520041@group-F450BAF5DF14-LeaderElection24] INFO  impl.RaftServerImpl (RaftServerImpl.java:setRole(184)) - 84d87b42-83ce-4078-8a37-3864f9520041@group-F450BAF5DF14: changes role from CANDIDATE to FOLLOWER at term 20 for DISCOVERED_A_NEW_TERM
2019-10-17 07:43:09,492 [pool-7-thread-3] INFO  commands.RetriableDatanodeEventWatcher (RetriableDatanodeEventWatcher.java:onTimeout(47)) - RetriableDatanodeCommand type=deleteBlocksCommand with id=1571298184483 timed out. Retrying.
2019-10-17 07:43:09,492 [SCMBlockDeletingService#1] INFO  block.SCMBlockDeletingService (SCMBlockDeletingService.java:call(184)) - Totally added 1 delete blocks command for 1 datanodes, task elapsed time: 2ms
2019-10-17 07:43:09,492 [84d87b42-83ce-4078-8a37-3864f9520041@group-F450BAF5DF14-LeaderElection24] INFO  impl.RoleInfo (RoleInfo.java:shutdownLeaderElection(134)) - 84d87b42-83ce-4078-8a37-3864f9520041: shutdown LeaderElection
2019-10-17 07:43:09,492 [84d87b42-83ce-4078-8a37-3864f9520041@group-F450BAF5DF14-LeaderElection24] INFO  impl.RoleInfo (RoleInfo.java:updateAndGet(143)) - 84d87b42-83ce-4078-8a37-3864f9520041: start FollowerState
2019-10-17 07:43:09,547 [Thread-688] INFO  impl.FollowerState (FollowerState.java:run(108)) - 84d87b42-83ce-4078-8a37-3864f9520041@group-F450BAF5DF14-FollowerState: change to CANDIDATE, lastRpcTime:54ms, electionTimeout:54ms
2019-10-17 07:43:09,547 [Thread-688] INFO  impl.RoleInfo (RoleInfo.java:shutdownFollowerState(121)) - 84d87b42-83ce-4078-8a37-3864f9520041: shutdown FollowerState
2019-10-17 07:43:09,547 [Thread-688] INFO  impl.RaftServerImpl (RaftServerImpl.java:setRole(184)) - 84d87b42-83ce-4078-8a37-3864f9520041@group-F450BAF5DF14: changes role from  FOLLOWER to CANDIDATE at term 20 for changeToCandidate
2019-10-17 07:43:09,547 [Thread-688] INFO  impl.RoleInfo (RoleInfo.java:updateAndGet(143)) - 84d87b42-83ce-4078-8a37-3864f9520041: start LeaderElection
2019-10-17 07:43:09,563 [84d87b42-83ce-4078-8a37-3864f9520041@group-F450BAF5DF14-LeaderElection25] INFO  impl.LeaderElection (LeaderElection.java:askForVotes(178)) - 84d87b42-83ce-4078-8a37-3864f9520041@group-F450BAF5DF14-LeaderElection25: begin an election at term 21 for 0: [6ea7cc1b-6dd1-4a6f-b526-a2c2472221ee:192.168.164.211:45347, 722c44df-b170-4eeb-abb4-8ab07bb69a54:192.168.164.211:33246, 84d87b42-83ce-4078-8a37-3864f9520041:192.168.164.211:42413], old=null
2019-10-17 07:43:09,568 [grpc-default-executor-4] INFO  impl.RaftServerImpl (RaftServerImpl.java:setRole(184)) - 722c44df-b170-4eeb-abb4-8ab07bb69a54@group-F450BAF5DF14: changes role from  FOLLOWER to FOLLOWER at term 21 for recognizeCandidate:84d87b42-83ce-4078-8a37-3864f9520041
2019-10-17 07:43:09,568 [grpc-default-executor-0] INFO  impl.RaftServerImpl (RaftServerImpl.java:setRole(184)) - 6ea7cc1b-6dd1-4a6f-b526-a2c2472221ee@group-F450BAF5DF14: changes role from  FOLLOWER to FOLLOWER at term 21 for recognizeCandidate:84d87b42-83ce-4078-8a37-3864f9520041
2019-10-17 07:43:09,568 [grpc-default-executor-4] INFO  impl.RoleInfo (RoleInfo.java:shutdownFollowerState(121)) - 722c44df-b170-4eeb-abb4-8ab07bb69a54: shutdown FollowerState
2019-10-17 07:43:09,568 [grpc-default-executor-0] INFO  impl.RoleInfo (RoleInfo.java:shutdownFollowerState(121)) - 6ea7cc1b-6dd1-4a6f-b526-a2c2472221ee: shutdown FollowerState
2019-10-17 07:43:09,568 [Thread-686] INFO  impl.FollowerState (FollowerState.java:run(117)) - 722c44df-b170-4eeb-abb4-8ab07bb69a54@group-F450BAF5DF14-FollowerState was interrupted: java.lang.InterruptedException: sleep interrupted
2019-10-17 07:43:09,568 [grpc-default-executor-4] INFO  impl.RoleInfo (RoleInfo.java:updateAndGet(143)) - 722c44df-b170-4eeb-abb4-8ab07bb69a54: start FollowerState
2019-10-17 07:43:09,568 [Thread-687] INFO  impl.FollowerState (FollowerState.java:run(117)) - 6ea7cc1b-6dd1-4a6f-b526-a2c2472221ee@group-F450BAF5DF14-FollowerState was interrupted: java.lang.InterruptedException: sleep interrupted
2019-10-17 07:43:09,568 [grpc-default-executor-0] INFO  impl.RoleInfo (RoleInfo.java:updateAndGet(143)) - 6ea7cc1b-6dd1-4a6f-b526-a2c2472221ee: start FollowerState
2019-10-17 07:43:09,577 [84d87b42-83ce-4078-8a37-3864f9520041@group-F450BAF5DF14-LeaderElection25] INFO  impl.LeaderElection (LeaderElection.java:logAndReturn(56)) - 84d87b42-83ce-4078-8a37-3864f9520041@group-F450BAF5DF14-LeaderElection25: Election REJECTED; received 2 response(s) [84d87b42-83ce-4078-8a37-3864f9520041<-6ea7cc1b-6dd1-4a6f-b526-a2c2472221ee#0:FAIL-t21, 84d87b42-83ce-4078-8a37-3864f9520041<-722c44df-b170-4eeb-abb4-8ab07bb69a54#0:FAIL-t21] and 0 exception(s); 84d87b42-83ce-4078-8a37-3864f9520041@group-F450BAF5DF14:t21, leader=null, voted=84d87b42-83ce-4078-8a37-3864f9520041, raftlog=84d87b42-83ce-4078-8a37-3864f9520041@group-F450BAF5DF14-SegmentedRaftLog:OPENED:c3,f4,i4, conf=0: [6ea7cc1b-6dd1-4a6f-b526-a2c2472221ee:192.168.164.211:45347, 722c44df-b170-4eeb-abb4-8ab07bb69a54:192.168.164.211:33246, 84d87b42-83ce-4078-8a37-3864f9520041:192.168.164.211:42413], old=null
2019-10-17 07:43:09,577 [84d87b42-83ce-4078-8a37-3864f9520041@group-F450BAF5DF14-LeaderElection25] INFO  impl.RaftServerImpl (RaftServerImpl.java:setRole(184)) - 84d87b42-83ce-4078-8a37-3864f9520041@group-F450BAF5DF14: changes role from CANDIDATE to FOLLOWER at term 21 for DISCOVERED_A_NEW_TERM
2019-10-17 07:43:09,577 [84d87b42-83ce-4078-8a37-3864f9520041@group-F450BAF5DF14-LeaderElection25] INFO  impl.RoleInfo (RoleInfo.java:shutdownLeaderElection(134)) - 84d87b42-83ce-4078-8a37-3864f9520041: shutdown LeaderElection
2019-10-17 07:43:09,577 [84d87b42-83ce-4078-8a37-3864f9520041@group-F450BAF5DF14-LeaderElection25] INFO  impl.RoleInfo (RoleInfo.java:updateAndGet(143)) - 84d87b42-83ce-4078-8a37-3864f9520041: start FollowerState
2019-10-17 07:43:09,767 [Thread-694] INFO  impl.FollowerState (FollowerState.java:run(108)) - 84d87b42-83ce-4078-8a37-3864f9520041@group-F450BAF5DF14-FollowerState: change to CANDIDATE, lastRpcTime:189ms, electionTimeout:189ms
2019-10-17 07:43:09,768 [Thread-694] INFO  impl.RoleInfo (RoleInfo.java:shutdownFollowerState(121)) - 84d87b42-83ce-4078-8a37-3864f9520041: shutdown FollowerState
2019-10-17 07:43:09,768 [Thread-694] INFO  impl.RaftServerImpl (RaftServerImpl.java:setRole(184)) - 84d87b42-83ce-4078-8a37-3864f9520041@group-F450BAF5DF14: changes role from  FOLLOWER to CANDIDATE at term 21 for changeToCandidate
2019-10-17 07:43:09,768 [Thread-694] INFO  impl.RoleInfo (RoleInfo.java:updateAndGet(143)) - 84d87b42-83ce-4078-8a37-3864f9520041: start LeaderElection
2019-10-17 07:43:09,793 [84d87b42-83ce-4078-8a37-3864f9520041@group-F450BAF5DF14-LeaderElection26] INFO  impl.LeaderElection (LeaderElection.java:askForVotes(178)) - 84d87b42-83ce-4078-8a37-3864f9520041@group-F450BAF5DF14-LeaderElection26: begin an election at term 22 for 0: [6ea7cc1b-6dd1-4a6f-b526-a2c2472221ee:192.168.164.211:45347, 722c44df-b170-4eeb-abb4-8ab07bb69a54:192.168.164.211:33246, 84d87b42-83ce-4078-8a37-3864f9520041:192.168.164.211:42413], old=null
2019-10-17 07:43:09,795 [grpc-default-executor-4] INFO  impl.RaftServerImpl (RaftServerImpl.java:setRole(184)) - 6ea7cc1b-6dd1-4a6f-b526-a2c2472221ee@group-F450BAF5DF14: changes role from  FOLLOWER to FOLLOWER at term 22 for recognizeCandidate:84d87b42-83ce-4078-8a37-3864f9520041
2019-10-17 07:43:09,796 [grpc-default-executor-4] INFO  impl.RoleInfo (RoleInfo.java:shutdownFollowerState(121)) - 6ea7cc1b-6dd1-4a6f-b526-a2c2472221ee: shutdown FollowerState
2019-10-17 07:43:09,796 [grpc-default-executor-0] INFO  impl.RaftServerImpl (RaftServerImpl.java:setRole(184)) - 722c44df-b170-4eeb-abb4-8ab07bb69a54@group-F450BAF5DF14: changes role from  FOLLOWER to FOLLOWER at term 22 for recognizeCandidate:84d87b42-83ce-4078-8a37-3864f9520041
2019-10-17 07:43:09,796 [grpc-default-executor-4] INFO  impl.RoleInfo (RoleInfo.java:updateAndGet(143)) - 6ea7cc1b-6dd1-4a6f-b526-a2c2472221ee: start FollowerState
2019-10-17 07:43:09,796 [Thread-693] INFO  impl.FollowerState (FollowerState.java:run(117)) - 6ea7cc1b-6dd1-4a6f-b526-a2c2472221ee@group-F450BAF5DF14-FollowerState was interrupted: java.lang.InterruptedException: sleep interrupted
2019-10-17 07:43:09,796 [grpc-default-executor-0] INFO  impl.RoleInfo (RoleInfo.java:shutdownFollowerState(121)) - 722c44df-b170-4eeb-abb4-8ab07bb69a54: shutdown FollowerState
2019-10-17 07:43:09,797 [Thread-692] INFO  impl.FollowerState (FollowerState.java:run(117)) - 722c44df-b170-4eeb-abb4-8ab07bb69a54@group-F450BAF5DF14-FollowerState was interrupted: java.lang.InterruptedException: sleep interrupted
2019-10-17 07:43:09,797 [grpc-default-executor-0] INFO  impl.RoleInfo (RoleInfo.java:updateAndGet(143)) - 722c44df-b170-4eeb-abb4-8ab07bb69a54: start FollowerState
2019-10-17 07:43:09,803 [java.util.concurrent.ThreadPoolExecutor$Worker@3d6cb76e[State = -1, empty queue]] WARN  server.GrpcLogAppender (GrpcLogAppender.java:timeoutAppendRequest(209)) - 722c44df-b170-4eeb-abb4-8ab07bb69a54@group-F450BAF5DF14->84d87b42-83ce-4078-8a37-3864f9520041-GrpcLogAppender: appendEntries Timeout, request=722c44df-b170-4eeb-abb4-8ab07bb69a54->84d87b42-83ce-4078-8a37-3864f9520041#52-t3, previous=(t:3, i:10), leaderCommit=10, initializing? false, entries: <empty>
2019-10-17 07:43:09,820 [84d87b42-83ce-4078-8a37-3864f9520041@group-F450BAF5DF14-LeaderElection26] INFO  impl.LeaderElection (LeaderElection.java:logAndReturn(56)) - 84d87b42-83ce-4078-8a37-3864f9520041@group-F450BAF5DF14-LeaderElection26: Election REJECTED; received 2 response(s) [84d87b42-83ce-4078-8a37-3864f9520041<-6ea7cc1b-6dd1-4a6f-b526-a2c2472221ee#0:FAIL-t22, 84d87b42-83ce-4078-8a37-3864f9520041<-722c44df-b170-4eeb-abb4-8ab07bb69a54#0:FAIL-t22] and 0 exception(s); 84d87b42-83ce-4078-8a37-3864f9520041@group-F450BAF5DF14:t22, leader=null, voted=84d87b42-83ce-4078-8a37-3864f9520041, raftlog=84d87b42-83ce-4078-8a37-3864f9520041@group-F450BAF5DF14-SegmentedRaftLog:OPENED:c3,f4,i4, conf=0: [6ea7cc1b-6dd1-4a6f-b526-a2c2472221ee:192.168.164.211:45347, 722c44df-b170-4eeb-abb4-8ab07bb69a54:192.168.164.211:33246, 84d87b42-83ce-4078-8a37-3864f9520041:192.168.164.211:42413], old=null
2019-10-17 07:43:09,820 [84d87b42-83ce-4078-8a37-3864f9520041@group-F450BAF5DF14-LeaderElection26] INFO  impl.RaftServerImpl (RaftServerImpl.java:setRole(184)) - 84d87b42-83ce-4078-8a37-3864f9520041@group-F450BAF5DF14: changes role from CANDIDATE to FOLLOWER at term 22 for DISCOVERED_A_NEW_TERM
2019-10-17 07:43:09,821 [84d87b42-83ce-4078-8a37-3864f9520041@group-F450BAF5DF14-LeaderElection26] INFO  impl.RoleInfo (RoleInfo.java:shutdownLeaderElection(134)) - 84d87b42-83ce-4078-8a37-3864f9520041: shutdown LeaderElection
2019-10-17 07:43:09,821 [84d87b42-83ce-4078-8a37-3864f9520041@group-F450BAF5DF14-LeaderElection26] INFO  impl.RoleInfo (RoleInfo.java:updateAndGet(143)) - 84d87b42-83ce-4078-8a37-3864f9520041: start FollowerState
2019-10-17 07:43:09,917 [Thread-700] INFO  impl.FollowerState (FollowerState.java:run(108)) - 84d87b42-83ce-4078-8a37-3864f9520041@group-F450BAF5DF14-FollowerState: change to CANDIDATE, lastRpcTime:96ms, electionTimeout:96ms
2019-10-17 07:43:09,919 [Thread-700] INFO  impl.RoleInfo (RoleInfo.java:shutdownFollowerState(121)) - 84d87b42-83ce-4078-8a37-3864f9520041: shutdown FollowerState
2019-10-17 07:43:09,919 [Thread-700] INFO  impl.RaftServerImpl (RaftServerImpl.java:setRole(184)) - 84d87b42-83ce-4078-8a37-3864f9520041@group-F450BAF5DF14: changes role from  FOLLOWER to CANDIDATE at term 22 for changeToCandidate
2019-10-17 07:43:09,919 [Thread-700] INFO  impl.RoleInfo (RoleInfo.java:updateAndGet(143)) - 84d87b42-83ce-4078-8a37-3864f9520041: start LeaderElection
2019-10-17 07:43:09,943 [84d87b42-83ce-4078-8a37-3864f9520041@group-F450BAF5DF14-LeaderElection27] INFO  impl.LeaderElection (LeaderElection.java:askForVotes(178)) - 84d87b42-83ce-4078-8a37-3864f9520041@group-F450BAF5DF14-LeaderElection27: begin an election at term 23 for 0: [6ea7cc1b-6dd1-4a6f-b526-a2c2472221ee:192.168.164.211:45347, 722c44df-b170-4eeb-abb4-8ab07bb69a54:192.168.164.211:33246, 84d87b42-83ce-4078-8a37-3864f9520041:192.168.164.211:42413], old=null
2019-10-17 07:43:09,947 [grpc-default-executor-4] INFO  impl.RaftServerImpl (RaftServerImpl.java:setRole(184)) - 722c44df-b170-4eeb-abb4-8ab07bb69a54@group-F450BAF5DF14: changes role from  FOLLOWER to FOLLOWER at term 23 for recognizeCandidate:84d87b42-83ce-4078-8a37-3864f9520041
2019-10-17 07:43:09,947 [grpc-default-executor-0] INFO  impl.RaftServerImpl (RaftServerImpl.java:setRole(184)) - 6ea7cc1b-6dd1-4a6f-b526-a2c2472221ee@group-F450BAF5DF14: changes role from  FOLLOWER to FOLLOWER at term 23 for recognizeCandidate:84d87b42-83ce-4078-8a37-3864f9520041
2019-10-17 07:43:09,947 [grpc-default-executor-4] INFO  impl.RoleInfo (RoleInfo.java:shutdownFollowerState(121)) - 722c44df-b170-4eeb-abb4-8ab07bb69a54: shutdown FollowerState
2019-10-17 07:43:09,947 [grpc-default-executor-0] INFO  impl.RoleInfo (RoleInfo.java:shutdownFollowerState(121)) - 6ea7cc1b-6dd1-4a6f-b526-a2c2472221ee: shutdown FollowerState
2019-10-17 07:43:09,947 [Thread-699] INFO  impl.FollowerState (FollowerState.java:run(117)) - 722c44df-b170-4eeb-abb4-8ab07bb69a54@group-F450BAF5DF14-FollowerState was interrupted: java.lang.InterruptedException: sleep interrupted
2019-10-17 07:43:09,947 [grpc-default-executor-4] INFO  impl.RoleInfo (RoleInfo.java:updateAndGet(143)) - 722c44df-b170-4eeb-abb4-8ab07bb69a54: start FollowerState
2019-10-17 07:43:09,947 [Thread-698] INFO  impl.FollowerState (FollowerState.java:run(117)) - 6ea7cc1b-6dd1-4a6f-b526-a2c2472221ee@group-F450BAF5DF14-FollowerState was interrupted: java.lang.InterruptedException: sleep interrupted
2019-10-17 07:43:09,947 [grpc-default-executor-0] INFO  impl.RoleInfo (RoleInfo.java:updateAndGet(143)) - 6ea7cc1b-6dd1-4a6f-b526-a2c2472221ee: start FollowerState
2019-10-17 07:43:09,963 [84d87b42-83ce-4078-8a37-3864f9520041@group-F450BAF5DF14-LeaderElection27] INFO  impl.LeaderElection (LeaderElection.java:logAndReturn(56)) - 84d87b42-83ce-4078-8a37-3864f9520041@group-F450BAF5DF14-LeaderElection27: Election REJECTED; received 2 response(s) [84d87b42-83ce-4078-8a37-3864f9520041<-6ea7cc1b-6dd1-4a6f-b526-a2c2472221ee#0:FAIL-t23, 84d87b42-83ce-4078-8a37-3864f9520041<-722c44df-b170-4eeb-abb4-8ab07bb69a54#0:FAIL-t23] and 0 exception(s); 84d87b42-83ce-4078-8a37-3864f9520041@group-F450BAF5DF14:t23, leader=null, voted=84d87b42-83ce-4078-8a37-3864f9520041, raftlog=84d87b42-83ce-4078-8a37-3864f9520041@group-F450BAF5DF14-SegmentedRaftLog:OPENED:c3,f4,i4, conf=0: [6ea7cc1b-6dd1-4a6f-b526-a2c2472221ee:192.168.164.211:45347, 722c44df-b170-4eeb-abb4-8ab07bb69a54:192.168.164.211:33246, 84d87b42-83ce-4078-8a37-3864f9520041:192.168.164.211:42413], old=null
2019-10-17 07:43:09,963 [84d87b42-83ce-4078-8a37-3864f9520041@group-F450BAF5DF14-LeaderElection27] INFO  impl.RaftServerImpl (RaftServerImpl.java:setRole(184)) - 84d87b42-83ce-4078-8a37-3864f9520041@group-F450BAF5DF14: changes role from CANDIDATE to FOLLOWER at term 23 for DISCOVERED_A_NEW_TERM
2019-10-17 07:43:09,963 [84d87b42-83ce-4078-8a37-3864f9520041@group-F450BAF5DF14-LeaderElection27] INFO  impl.RoleInfo (RoleInfo.java:shutdownLeaderElection(134)) - 84d87b42-83ce-4078-8a37-3864f9520041: shutdown LeaderElection
2019-10-17 07:43:09,963 [84d87b42-83ce-4078-8a37-3864f9520041@group-F450BAF5DF14-LeaderElection27] INFO  impl.RoleInfo (RoleInfo.java:updateAndGet(143)) - 84d87b42-83ce-4078-8a37-3864f9520041: start FollowerState
2019-10-17 07:43:10,129 [Thread-706] INFO  impl.FollowerState (FollowerState.java:run(108)) - 84d87b42-83ce-4078-8a37-3864f9520041@group-F450BAF5DF14-FollowerState: change to CANDIDATE, lastRpcTime:165ms, electionTimeout:165ms
2019-10-17 07:43:10,131 [Thread-706] INFO  impl.RoleInfo (RoleInfo.java:shutdownFollowerState(121)) - 84d87b42-83ce-4078-8a37-3864f9520041: shutdown FollowerState
2019-10-17 07:43:10,131 [Thread-706] INFO  impl.RaftServerImpl (RaftServerImpl.java:setRole(184)) - 84d87b42-83ce-4078-8a37-3864f9520041@group-F450BAF5DF14: changes role from  FOLLOWER to CANDIDATE at term 23 for changeToCandidate
2019-10-17 07:43:10,131 [Thread-706] INFO  impl.RoleInfo (RoleInfo.java:updateAndGet(143)) - 84d87b42-83ce-4078-8a37-3864f9520041: start LeaderElection
2019-10-17 07:43:10,156 [84d87b42-83ce-4078-8a37-3864f9520041@group-F450BAF5DF14-LeaderElection28] INFO  impl.LeaderElection (LeaderElection.java:askForVotes(178)) - 84d87b42-83ce-4078-8a37-3864f9520041@group-F450BAF5DF14-LeaderElection28: begin an election at term 24 for 0: [6ea7cc1b-6dd1-4a6f-b526-a2c2472221ee:192.168.164.211:45347, 722c44df-b170-4eeb-abb4-8ab07bb69a54:192.168.164.211:33246, 84d87b42-83ce-4078-8a37-3864f9520041:192.168.164.211:42413], old=null
2019-10-17 07:43:10,160 [grpc-default-executor-0] INFO  impl.RaftServerImpl (RaftServerImpl.java:setRole(184)) - 6ea7cc1b-6dd1-4a6f-b526-a2c2472221ee@group-F450BAF5DF14: changes role from  FOLLOWER to FOLLOWER at term 24 for recognizeCandidate:84d87b42-83ce-4078-8a37-3864f9520041
2019-10-17 07:43:10,160 [grpc-default-executor-4] INFO  impl.RaftServerImpl (RaftServerImpl.java:setRole(184)) - 722c44df-b170-4eeb-abb4-8ab07bb69a54@group-F450BAF5DF14: changes role from  FOLLOWER to FOLLOWER at term 24 for recognizeCandidate:84d87b42-83ce-4078-8a37-3864f9520041
2019-10-17 07:43:10,160 [grpc-default-executor-0] INFO  impl.RoleInfo (RoleInfo.java:shutdownFollowerState(121)) - 6ea7cc1b-6dd1-4a6f-b526-a2c2472221ee: shutdown FollowerState
2019-10-17 07:43:10,161 [grpc-default-executor-4] INFO  impl.RoleInfo (RoleInfo.java:shutdownFollowerState(121)) - 722c44df-b170-4eeb-abb4-8ab07bb69a54: shutdown FollowerState
2019-10-17 07:43:10,161 [grpc-default-executor-0] INFO  impl.RoleInfo (RoleInfo.java:updateAndGet(143)) - 6ea7cc1b-6dd1-4a6f-b526-a2c2472221ee: start FollowerState
2019-10-17 07:43:10,161 [Thread-704] INFO  impl.FollowerState (FollowerState.java:run(117)) - 722c44df-b170-4eeb-abb4-8ab07bb69a54@group-F450BAF5DF14-FollowerState was interrupted: java.lang.InterruptedException: sleep interrupted
2019-10-17 07:43:10,161 [Thread-705] INFO  impl.FollowerState (FollowerState.java:run(117)) - 6ea7cc1b-6dd1-4a6f-b526-a2c2472221ee@group-F450BAF5DF14-FollowerState was interrupted: java.lang.InterruptedException: sleep interrupted
2019-10-17 07:43:10,161 [grpc-default-executor-4] INFO  impl.RoleInfo (RoleInfo.java:updateAndGet(143)) - 722c44df-b170-4eeb-abb4-8ab07bb69a54: start FollowerState
2019-10-17 07:43:10,189 [84d87b42-83ce-4078-8a37-3864f9520041@group-F450BAF5DF14-LeaderElection28] INFO  impl.LeaderElection (LeaderElection.java:logAndReturn(56)) - 84d87b42-83ce-4078-8a37-3864f9520041@group-F450BAF5DF14-LeaderElection28: Election REJECTED; received 2 response(s) [84d87b42-83ce-4078-8a37-3864f9520041<-6ea7cc1b-6dd1-4a6f-b526-a2c2472221ee#0:FAIL-t24, 84d87b42-83ce-4078-8a37-3864f9520041<-722c44df-b170-4eeb-abb4-8ab07bb69a54#0:FAIL-t24] and 0 exception(s); 84d87b42-83ce-4078-8a37-3864f9520041@group-F450BAF5DF14:t24, leader=null, voted=84d87b42-83ce-4078-8a37-3864f9520041, raftlog=84d87b42-83ce-4078-8a37-3864f9520041@group-F450BAF5DF14-SegmentedRaftLog:OPENED:c3,f4,i4, conf=0: [6ea7cc1b-6dd1-4a6f-b526-a2c2472221ee:192.168.164.211:45347, 722c44df-b170-4eeb-abb4-8ab07bb69a54:192.168.164.211:33246, 84d87b42-83ce-4078-8a37-3864f9520041:192.168.164.211:42413], old=null
2019-10-17 07:43:10,189 [84d87b42-83ce-4078-8a37-3864f9520041@group-F450BAF5DF14-LeaderElection28] INFO  impl.RaftServerImpl (RaftServerImpl.java:setRole(184)) - 84d87b42-83ce-4078-8a37-3864f9520041@group-F450BAF5DF14: changes role from CANDIDATE to FOLLOWER at term 24 for DISCOVERED_A_NEW_TERM
2019-10-17 07:43:10,189 [84d87b42-83ce-4078-8a37-3864f9520041@group-F450BAF5DF14-LeaderElection28] INFO  impl.RoleInfo (RoleInfo.java:shutdownLeaderElection(134)) - 84d87b42-83ce-4078-8a37-3864f9520041: shutdown LeaderElection
2019-10-17 07:43:10,190 [84d87b42-83ce-4078-8a37-3864f9520041@group-F450BAF5DF14-LeaderElection28] INFO  impl.RoleInfo (RoleInfo.java:updateAndGet(143)) - 84d87b42-83ce-4078-8a37-3864f9520041: start FollowerState
2019-10-17 07:43:10,191 [Thread-715] INFO  client.GrpcClientProtocolService (GrpcClientProtocolService.java:lambda$processClientRequest$0(278)) - Failed RaftClientRequest:client-352DFC73CCDB->722c44df-b170-4eeb-abb4-8ab07bb69a54@group-F450BAF5DF14, cid=10, seq=0, Watch-ALL_COMMITTED(6), Message:<EMPTY>, reply=RaftClientReply:client-352DFC73CCDB->722c44df-b170-4eeb-abb4-8ab07bb69a54@group-F450BAF5DF14, cid=10, FAILED org.apache.ratis.protocol.NotLeaderException: Server 722c44df-b170-4eeb-abb4-8ab07bb69a54@group-F450BAF5DF14 is not the leader, logIndex=0, commits[722c44df-b170-4eeb-abb4-8ab07bb69a54:c10, 6ea7cc1b-6dd1-4a6f-b526-a2c2472221ee:c10, 84d87b42-83ce-4078-8a37-3864f9520041:c4]
2019-10-17 07:43:10,254 [Thread-714] INFO  impl.FollowerState (FollowerState.java:run(108)) - 84d87b42-83ce-4078-8a37-3864f9520041@group-F450BAF5DF14-FollowerState: change to CANDIDATE, lastRpcTime:64ms, electionTimeout:64ms
2019-10-17 07:43:10,255 [Thread-714] INFO  impl.RoleInfo (RoleInfo.java:shutdownFollowerState(121)) - 84d87b42-83ce-4078-8a37-3864f9520041: shutdown FollowerState
2019-10-17 07:43:10,255 [Thread-714] INFO  impl.RaftServerImpl (RaftServerImpl.java:setRole(184)) - 84d87b42-83ce-4078-8a37-3864f9520041@group-F450BAF5DF14: changes role from  FOLLOWER to CANDIDATE at term 24 for changeToCandidate
2019-10-17 07:43:10,255 [Thread-714] INFO  impl.RoleInfo (RoleInfo.java:updateAndGet(143)) - 84d87b42-83ce-4078-8a37-3864f9520041: start LeaderElection
2019-10-17 07:43:10,278 [84d87b42-83ce-4078-8a37-3864f9520041@group-F450BAF5DF14-LeaderElection29] INFO  impl.LeaderElection (LeaderElection.java:askForVotes(178)) - 84d87b42-83ce-4078-8a37-3864f9520041@group-F450BAF5DF14-LeaderElection29: begin an election at term 25 for 0: [6ea7cc1b-6dd1-4a6f-b526-a2c2472221ee:192.168.164.211:45347, 722c44df-b170-4eeb-abb4-8ab07bb69a54:192.168.164.211:33246, 84d87b42-83ce-4078-8a37-3864f9520041:192.168.164.211:42413], old=null
2019-10-17 07:43:10,282 [grpc-default-executor-0] INFO  impl.RaftServerImpl (RaftServerImpl.java:setRole(184)) - 722c44df-b170-4eeb-abb4-8ab07bb69a54@group-F450BAF5DF14: changes role from  FOLLOWER to FOLLOWER at term 25 for recognizeCandidate:84d87b42-83ce-4078-8a37-3864f9520041
2019-10-17 07:43:10,282 [grpc-default-executor-4] INFO  impl.RaftServerImpl (RaftServerImpl.java:setRole(184)) - 6ea7cc1b-6dd1-4a6f-b526-a2c2472221ee@group-F450BAF5DF14: changes role from  FOLLOWER to FOLLOWER at term 25 for recognizeCandidate:84d87b42-83ce-4078-8a37-3864f9520041
2019-10-17 07:43:10,283 [grpc-default-executor-0] INFO  impl.RoleInfo (RoleInfo.java:shutdownFollowerState(121)) - 722c44df-b170-4eeb-abb4-8ab07bb69a54: shutdown FollowerState
2019-10-17 07:43:10,283 [grpc-default-executor-4] INFO  impl.RoleInfo (RoleInfo.java:shutdownFollowerState(121)) - 6ea7cc1b-6dd1-4a6f-b526-a2c2472221ee: shutdown FollowerState
2019-10-17 07:43:10,283 [Thread-712] INFO  impl.FollowerState (FollowerState.java:run(117)) - 722c44df-b170-4eeb-abb4-8ab07bb69a54@group-F450BAF5DF14-FollowerState was interrupted: java.lang.InterruptedException: sleep interrupted
2019-10-17 07:43:10,283 [grpc-default-executor-0] INFO  impl.RoleInfo (RoleInfo.java:updateAndGet(143)) - 722c44df-b170-4eeb-abb4-8ab07bb69a54: start FollowerState
2019-10-17 07:43:10,283 [grpc-default-executor-4] INFO  impl.RoleInfo (RoleInfo.java:updateAndGet(143)) - 6ea7cc1b-6dd1-4a6f-b526-a2c2472221ee: start FollowerState
2019-10-17 07:43:10,283 [Thread-711] INFO  impl.FollowerState (FollowerState.java:run(117)) - 6ea7cc1b-6dd1-4a6f-b526-a2c2472221ee@group-F450BAF5DF14-FollowerState was interrupted: java.lang.InterruptedException: sleep interrupted
2019-10-17 07:43:10,310 [84d87b42-83ce-4078-8a37-3864f9520041@group-F450BAF5DF14-LeaderElection29] INFO  impl.LeaderElection (LeaderElection.java:logAndReturn(56)) - 84d87b42-83ce-4078-8a37-3864f9520041@group-F450BAF5DF14-LeaderElection29: Election REJECTED; received 2 response(s) [84d87b42-83ce-4078-8a37-3864f9520041<-6ea7cc1b-6dd1-4a6f-b526-a2c2472221ee#0:FAIL-t25, 84d87b42-83ce-4078-8a37-3864f9520041<-722c44df-b170-4eeb-abb4-8ab07bb69a54#0:FAIL-t25] and 0 exception(s); 84d87b42-83ce-4078-8a37-3864f9520041@group-F450BAF5DF14:t25, leader=null, voted=84d87b42-83ce-4078-8a37-3864f9520041, raftlog=84d87b42-83ce-4078-8a37-3864f9520041@group-F450BAF5DF14-SegmentedRaftLog:OPENED:c3,f4,i4, conf=0: [6ea7cc1b-6dd1-4a6f-b526-a2c2472221ee:192.168.164.211:45347, 722c44df-b170-4eeb-abb4-8ab07bb69a54:192.168.164.211:33246, 84d87b42-83ce-4078-8a37-3864f9520041:192.168.164.211:42413], old=null
2019-10-17 07:43:10,310 [84d87b42-83ce-4078-8a37-3864f9520041@group-F450BAF5DF14-LeaderElection29] INFO  impl.RaftServerImpl (RaftServerImpl.java:setRole(184)) - 84d87b42-83ce-4078-8a37-3864f9520041@group-F450BAF5DF14: changes role from CANDIDATE to FOLLOWER at term 25 for DISCOVERED_A_NEW_TERM
2019-10-17 07:43:10,310 [84d87b42-83ce-4078-8a37-3864f9520041@group-F450BAF5DF14-LeaderElection29] INFO  impl.RoleInfo (RoleInfo.java:shutdownLeaderElection(134)) - 84d87b42-83ce-4078-8a37-3864f9520041: shutdown LeaderElection
2019-10-17 07:43:10,310 [84d87b42-83ce-4078-8a37-3864f9520041@group-F450BAF5DF14-LeaderElection29] INFO  impl.RoleInfo (RoleInfo.java:updateAndGet(143)) - 84d87b42-83ce-4078-8a37-3864f9520041: start FollowerState
2019-10-17 07:43:10,310 [BlockDeletingService#3] WARN  background.BlockDeletingService (BlockDeletingService.java:isDeletionAllowed(187)) - Close Container log Index 6 is not replicated across allthe servers in the pipeline 6e647d31-eff2-4ddc-80e8-f450baf5df14 as the min replicated index is 4. Deletion is not allowed in this container yet.
2019-10-17 07:43:10,310 [BlockDeletingService#2] WARN  background.BlockDeletingService (BlockDeletingService.java:isDeletionAllowed(187)) - Close Container log Index 6 is not replicated across allthe servers in the pipeline 6e647d31-eff2-4ddc-80e8-f450baf5df14 as the min replicated index is 4. Deletion is not allowed in this container yet.
2019-10-17 07:43:10,385 [Thread-724] INFO  impl.FollowerState (FollowerState.java:run(108)) - 84d87b42-83ce-4078-8a37-3864f9520041@group-F450BAF5DF14-FollowerState: change to CANDIDATE, lastRpcTime:74ms, electionTimeout:73ms
2019-10-17 07:43:10,385 [Thread-724] INFO  impl.RoleInfo (RoleInfo.java:shutdownFollowerState(121)) - 84d87b42-83ce-4078-8a37-3864f9520041: shutdown FollowerState
2019-10-17 07:43:10,385 [Thread-724] INFO  impl.RaftServerImpl (RaftServerImpl.java:setRole(184)) - 84d87b42-83ce-4078-8a37-3864f9520041@group-F450BAF5DF14: changes role from  FOLLOWER to CANDIDATE at term 25 for changeToCandidate
2019-10-17 07:43:10,385 [Thread-724] INFO  impl.RoleInfo (RoleInfo.java:updateAndGet(143)) - 84d87b42-83ce-4078-8a37-3864f9520041: start LeaderElection
2019-10-17 07:43:10,410 [84d87b42-83ce-4078-8a37-3864f9520041@group-F450BAF5DF14-LeaderElection30] INFO  impl.LeaderElection (LeaderElection.java:askForVotes(178)) - 84d87b42-83ce-4078-8a37-3864f9520041@group-F450BAF5DF14-LeaderElection30: begin an election at term 26 for 0: [6ea7cc1b-6dd1-4a6f-b526-a2c2472221ee:192.168.164.211:45347, 722c44df-b170-4eeb-abb4-8ab07bb69a54:192.168.164.211:33246, 84d87b42-83ce-4078-8a37-3864f9520041:192.168.164.211:42413], old=null
2019-10-17 07:43:10,413 [grpc-default-executor-0] INFO  impl.RaftServerImpl (RaftServerImpl.java:setRole(184)) - 6ea7cc1b-6dd1-4a6f-b526-a2c2472221ee@group-F450BAF5DF14: changes role from  FOLLOWER to FOLLOWER at term 26 for recognizeCandidate:84d87b42-83ce-4078-8a37-3864f9520041
2019-10-17 07:43:10,413 [grpc-default-executor-4] INFO  impl.RaftServerImpl (RaftServerImpl.java:setRole(184)) - 722c44df-b170-4eeb-abb4-8ab07bb69a54@group-F450BAF5DF14: changes role from  FOLLOWER to FOLLOWER at term 26 for recognizeCandidate:84d87b42-83ce-4078-8a37-3864f9520041
2019-10-17 07:43:10,413 [grpc-default-executor-0] INFO  impl.RoleInfo (RoleInfo.java:shutdownFollowerState(121)) - 6ea7cc1b-6dd1-4a6f-b526-a2c2472221ee: shutdown FollowerState
2019-10-17 07:43:10,413 [grpc-default-executor-4] INFO  impl.RoleInfo (RoleInfo.java:shutdownFollowerState(121)) - 722c44df-b170-4eeb-abb4-8ab07bb69a54: shutdown FollowerState
2019-10-17 07:43:10,413 [Thread-721] INFO  impl.FollowerState (FollowerState.java:run(117)) - 6ea7cc1b-6dd1-4a6f-b526-a2c2472221ee@group-F450BAF5DF14-FollowerState was interrupted: java.lang.InterruptedException: sleep interrupted
2019-10-17 07:43:10,413 [grpc-default-executor-0] INFO  impl.RoleInfo (RoleInfo.java:updateAndGet(143)) - 6ea7cc1b-6dd1-4a6f-b526-a2c2472221ee: start FollowerState
2019-10-17 07:43:10,414 [Thread-720] INFO  impl.FollowerState (FollowerState.java:run(117)) - 722c44df-b170-4eeb-abb4-8ab07bb69a54@group-F450BAF5DF14-FollowerState was interrupted: java.lang.InterruptedException: sleep interrupted
2019-10-17 07:43:10,414 [grpc-default-executor-4] INFO  impl.RoleInfo (RoleInfo.java:updateAndGet(143)) - 722c44df-b170-4eeb-abb4-8ab07bb69a54: start FollowerState
2019-10-17 07:43:10,432 [84d87b42-83ce-4078-8a37-3864f9520041@group-F450BAF5DF14-LeaderElection30] INFO  impl.LeaderElection (LeaderElection.java:logAndReturn(56)) - 84d87b42-83ce-4078-8a37-3864f9520041@group-F450BAF5DF14-LeaderElection30: Election REJECTED; received 2 response(s) [84d87b42-83ce-4078-8a37-3864f9520041<-6ea7cc1b-6dd1-4a6f-b526-a2c2472221ee#0:FAIL-t26, 84d87b42-83ce-4078-8a37-3864f9520041<-722c44df-b170-4eeb-abb4-8ab07bb69a54#0:FAIL-t26] and 0 exception(s); 84d87b42-83ce-4078-8a37-3864f9520041@group-F450BAF5DF14:t26, leader=null, voted=84d87b42-83ce-4078-8a37-3864f9520041, raftlog=84d87b42-83ce-4078-8a37-3864f9520041@group-F450BAF5DF14-SegmentedRaftLog:OPENED:c3,f4,i4, conf=0: [6ea7cc1b-6dd1-4a6f-b526-a2c2472221ee:192.168.164.211:45347, 722c44df-b170-4eeb-abb4-8ab07bb69a54:192.168.164.211:33246, 84d87b42-83ce-4078-8a37-3864f9520041:192.168.164.211:42413], old=null
2019-10-17 07:43:10,433 [84d87b42-83ce-4078-8a37-3864f9520041@group-F450BAF5DF14-LeaderElection30] INFO  impl.RaftServerImpl (RaftServerImpl.java:setRole(184)) - 84d87b42-83ce-4078-8a37-3864f9520041@group-F450BAF5DF14: changes role from CANDIDATE to FOLLOWER at term 26 for DISCOVERED_A_NEW_TERM
2019-10-17 07:43:10,433 [84d87b42-83ce-4078-8a37-3864f9520041@group-F450BAF5DF14-LeaderElection30] INFO  impl.RoleInfo (RoleInfo.java:shutdownLeaderElection(134)) - 84d87b42-83ce-4078-8a37-3864f9520041: shutdown LeaderElection
2019-10-17 07:43:10,433 [84d87b42-83ce-4078-8a37-3864f9520041@group-F450BAF5DF14-LeaderElection30] INFO  impl.RoleInfo (RoleInfo.java:updateAndGet(143)) - 84d87b42-83ce-4078-8a37-3864f9520041: start FollowerState
2019-10-17 07:43:10,490 [pool-7-thread-3] INFO  commands.RetriableDatanodeEventWatcher (RetriableDatanodeEventWatcher.java:onTimeout(47)) - RetriableDatanodeCommand type=deleteBlocksCommand with id=1571298184486 timed out. Retrying.
2019-10-17 07:43:10,492 [pool-7-thread-2] INFO  commands.RetriableDatanodeEventWatcher (RetriableDatanodeEventWatcher.java:onTimeout(47)) - RetriableDatanodeCommand type=deleteBlocksCommand with id=1571298184490 timed out. Retrying.
2019-10-17 07:43:10,492 [pool-7-thread-3] INFO  commands.RetriableDatanodeEventWatcher (RetriableDatanodeEventWatcher.java:onTimeout(47)) - RetriableDatanodeCommand type=deleteBlocksCommand with id=1571298184491 timed out. Retrying.
2019-10-17 07:43:10,493 [pool-7-thread-3] INFO  commands.RetriableDatanodeEventWatcher (RetriableDatanodeEventWatcher.java:onTimeout(47)) - RetriableDatanodeCommand type=deleteBlocksCommand with id=1571298184483 timed out. Retrying.
2019-10-17 07:43:10,493 [SCMBlockDeletingService#1] INFO  block.SCMBlockDeletingService (SCMBlockDeletingService.java:call(184)) - Totally added 1 delete blocks command for 1 datanodes, task elapsed time: 0ms
2019-10-17 07:43:10,493 [pool-7-thread-4] INFO  commands.RetriableDatanodeEventWatcher (RetriableDatanodeEventWatcher.java:onTimeout(47)) - RetriableDatanodeCommand type=deleteBlocksCommand with id=1571298184489 timed out. Retrying.
2019-10-17 07:43:10,494 [pool-7-thread-2] INFO  commands.RetriableDatanodeEventWatcher (RetriableDatanodeEventWatcher.java:onTimeout(47)) - RetriableDatanodeCommand type=deleteBlocksCommand with id=1571298184488 timed out. Retrying.
2019-10-17 07:43:10,540 [Thread-730] INFO  impl.FollowerState (FollowerState.java:run(108)) - 84d87b42-83ce-4078-8a37-3864f9520041@group-F450BAF5DF14-FollowerState: change to CANDIDATE, lastRpcTime:107ms, electionTimeout:107ms
2019-10-17 07:43:10,540 [Thread-730] INFO  impl.RoleInfo (RoleInfo.java:shutdownFollowerState(121)) - 84d87b42-83ce-4078-8a37-3864f9520041: shutdown FollowerState
2019-10-17 07:43:10,541 [Thread-730] INFO  impl.RaftServerImpl (RaftServerImpl.java:setRole(184)) - 84d87b42-83ce-4078-8a37-3864f9520041@group-F450BAF5DF14: changes role from  FOLLOWER to CANDIDATE at term 26 for changeToCandidate
2019-10-17 07:43:10,541 [Thread-730] INFO  impl.RoleInfo (RoleInfo.java:updateAndGet(143)) - 84d87b42-83ce-4078-8a37-3864f9520041: start LeaderElection
2019-10-17 07:43:10,565 [84d87b42-83ce-4078-8a37-3864f9520041@group-F450BAF5DF14-LeaderElection31] INFO  impl.LeaderElection (LeaderElection.java:askForVotes(178)) - 84d87b42-83ce-4078-8a37-3864f9520041@group-F450BAF5DF14-LeaderElection31: begin an election at term 27 for 0: [6ea7cc1b-6dd1-4a6f-b526-a2c2472221ee:192.168.164.211:45347, 722c44df-b170-4eeb-abb4-8ab07bb69a54:192.168.164.211:33246, 84d87b42-83ce-4078-8a37-3864f9520041:192.168.164.211:42413], old=null
2019-10-17 07:43:10,567 [grpc-default-executor-4] INFO  impl.RaftServerImpl (RaftServerImpl.java:setRole(184)) - 6ea7cc1b-6dd1-4a6f-b526-a2c2472221ee@group-F450BAF5DF14: changes role from  FOLLOWER to FOLLOWER at term 27 for recognizeCandidate:84d87b42-83ce-4078-8a37-3864f9520041
2019-10-17 07:43:10,567 [grpc-default-executor-0] INFO  impl.RaftServerImpl (RaftServerImpl.java:setRole(184)) - 722c44df-b170-4eeb-abb4-8ab07bb69a54@group-F450BAF5DF14: changes role from  FOLLOWER to FOLLOWER at term 27 for recognizeCandidate:84d87b42-83ce-4078-8a37-3864f9520041
2019-10-17 07:43:10,567 [grpc-default-executor-4] INFO  impl.RoleInfo (RoleInfo.java:shutdownFollowerState(121)) - 6ea7cc1b-6dd1-4a6f-b526-a2c2472221ee: shutdown FollowerState
2019-10-17 07:43:10,567 [grpc-default-executor-0] INFO  impl.RoleInfo (RoleInfo.java:shutdownFollowerState(121)) - 722c44df-b170-4eeb-abb4-8ab07bb69a54: shutdown FollowerState
2019-10-17 07:43:10,568 [Thread-728] INFO  impl.FollowerState (FollowerState.java:run(117)) - 6ea7cc1b-6dd1-4a6f-b526-a2c2472221ee@group-F450BAF5DF14-FollowerState was interrupted: java.lang.InterruptedException: sleep interrupted
2019-10-17 07:43:10,568 [grpc-default-executor-4] INFO  impl.RoleInfo (RoleInfo.java:updateAndGet(143)) - 6ea7cc1b-6dd1-4a6f-b526-a2c2472221ee: start FollowerState
2019-10-17 07:43:10,568 [Thread-729] INFO  impl.FollowerState (FollowerState.java:run(117)) - 722c44df-b170-4eeb-abb4-8ab07bb69a54@group-F450BAF5DF14-FollowerState was interrupted: java.lang.InterruptedException: sleep interrupted
2019-10-17 07:43:10,568 [grpc-default-executor-0] INFO  impl.RoleInfo (RoleInfo.java:updateAndGet(143)) - 722c44df-b170-4eeb-abb4-8ab07bb69a54: start FollowerState
2019-10-17 07:43:10,593 [84d87b42-83ce-4078-8a37-3864f9520041@group-F450BAF5DF14-LeaderElection31] INFO  impl.LeaderElection (LeaderElection.java:logAndReturn(56)) - 84d87b42-83ce-4078-8a37-3864f9520041@group-F450BAF5DF14-LeaderElection31: Election REJECTED; received 2 response(s) [84d87b42-83ce-4078-8a37-3864f9520041<-6ea7cc1b-6dd1-4a6f-b526-a2c2472221ee#0:FAIL-t27, 84d87b42-83ce-4078-8a37-3864f9520041<-722c44df-b170-4eeb-abb4-8ab07bb69a54#0:FAIL-t27] and 0 exception(s); 84d87b42-83ce-4078-8a37-3864f9520041@group-F450BAF5DF14:t27, leader=null, voted=84d87b42-83ce-4078-8a37-3864f9520041, raftlog=84d87b42-83ce-4078-8a37-3864f9520041@group-F450BAF5DF14-SegmentedRaftLog:OPENED:c3,f4,i4, conf=0: [6ea7cc1b-6dd1-4a6f-b526-a2c2472221ee:192.168.164.211:45347, 722c44df-b170-4eeb-abb4-8ab07bb69a54:192.168.164.211:33246, 84d87b42-83ce-4078-8a37-3864f9520041:192.168.164.211:42413], old=null
2019-10-17 07:43:10,593 [84d87b42-83ce-4078-8a37-3864f9520041@group-F450BAF5DF14-LeaderElection31] INFO  impl.RaftServerImpl (RaftServerImpl.java:setRole(184)) - 84d87b42-83ce-4078-8a37-3864f9520041@group-F450BAF5DF14: changes role from CANDIDATE to FOLLOWER at term 27 for DISCOVERED_A_NEW_TERM
2019-10-17 07:43:10,593 [84d87b42-83ce-4078-8a37-3864f9520041@group-F450BAF5DF14-LeaderElection31] INFO  impl.RoleInfo (RoleInfo.java:shutdownLeaderElection(134)) - 84d87b42-83ce-4078-8a37-3864f9520041: shutdown LeaderElection
2019-10-17 07:43:10,593 [84d87b42-83ce-4078-8a37-3864f9520041@group-F450BAF5DF14-LeaderElection31] INFO  impl.RoleInfo (RoleInfo.java:updateAndGet(143)) - 84d87b42-83ce-4078-8a37-3864f9520041: start FollowerState
2019-10-17 07:43:10,657 [Thread-736] INFO  impl.FollowerState (FollowerState.java:run(108)) - 84d87b42-83ce-4078-8a37-3864f9520041@group-F450BAF5DF14-FollowerState: change to CANDIDATE, lastRpcTime:63ms, electionTimeout:63ms
2019-10-17 07:43:10,658 [Thread-736] INFO  impl.RoleInfo (RoleInfo.java:shutdownFollowerState(121)) - 84d87b42-83ce-4078-8a37-3864f9520041: shutdown FollowerState
2019-10-17 07:43:10,658 [Thread-736] INFO  impl.RaftServerImpl (RaftServerImpl.java:setRole(184)) - 84d87b42-83ce-4078-8a37-3864f9520041@group-F450BAF5DF14: changes role from  FOLLOWER to CANDIDATE at term 27 for changeToCandidate
2019-10-17 07:43:10,658 [Thread-736] INFO  impl.RoleInfo (RoleInfo.java:updateAndGet(143)) - 84d87b42-83ce-4078-8a37-3864f9520041: start LeaderElection
2019-10-17 07:43:10,677 [84d87b42-83ce-4078-8a37-3864f9520041@group-F450BAF5DF14-LeaderElection32] INFO  impl.LeaderElection (LeaderElection.java:askForVotes(178)) - 84d87b42-83ce-4078-8a37-3864f9520041@group-F450BAF5DF14-LeaderElection32: begin an election at term 28 for 0: [6ea7cc1b-6dd1-4a6f-b526-a2c2472221ee:192.168.164.211:45347, 722c44df-b170-4eeb-abb4-8ab07bb69a54:192.168.164.211:33246, 84d87b42-83ce-4078-8a37-3864f9520041:192.168.164.211:42413], old=null
2019-10-17 07:43:10,679 [grpc-default-executor-4] INFO  impl.RaftServerImpl (RaftServerImpl.java:setRole(184)) - 6ea7cc1b-6dd1-4a6f-b526-a2c2472221ee@group-F450BAF5DF14: changes role from  FOLLOWER to FOLLOWER at term 28 for recognizeCandidate:84d87b42-83ce-4078-8a37-3864f9520041
2019-10-17 07:43:10,680 [grpc-default-executor-4] INFO  impl.RoleInfo (RoleInfo.java:shutdownFollowerState(121)) - 6ea7cc1b-6dd1-4a6f-b526-a2c2472221ee: shutdown FollowerState
2019-10-17 07:43:10,680 [grpc-default-executor-0] INFO  impl.RaftServerImpl (RaftServerImpl.java:setRole(184)) - 722c44df-b170-4eeb-abb4-8ab07bb69a54@group-F450BAF5DF14: changes role from  FOLLOWER to FOLLOWER at term 28 for recognizeCandidate:84d87b42-83ce-4078-8a37-3864f9520041
2019-10-17 07:43:10,680 [grpc-default-executor-0] INFO  impl.RoleInfo (RoleInfo.java:shutdownFollowerState(121)) - 722c44df-b170-4eeb-abb4-8ab07bb69a54: shutdown FollowerState
2019-10-17 07:43:10,680 [Thread-734] INFO  impl.FollowerState (FollowerState.java:run(117)) - 6ea7cc1b-6dd1-4a6f-b526-a2c2472221ee@group-F450BAF5DF14-FollowerState was interrupted: java.lang.InterruptedException: sleep interrupted
2019-10-17 07:43:10,680 [grpc-default-executor-4] INFO  impl.RoleInfo (RoleInfo.java:updateAndGet(143)) - 6ea7cc1b-6dd1-4a6f-b526-a2c2472221ee: start FollowerState
2019-10-17 07:43:10,680 [Thread-735] INFO  impl.FollowerState (FollowerState.java:run(117)) - 722c44df-b170-4eeb-abb4-8ab07bb69a54@group-F450BAF5DF14-FollowerState was interrupted: java.lang.InterruptedException: sleep interrupted
2019-10-17 07:43:10,680 [grpc-default-executor-0] INFO  impl.RoleInfo (RoleInfo.java:updateAndGet(143)) - 722c44df-b170-4eeb-abb4-8ab07bb69a54: start FollowerState
2019-10-17 07:43:10,682 [84d87b42-83ce-4078-8a37-3864f9520041@group-F450BAF5DF14-LeaderElection32] INFO  impl.LeaderElection (LeaderElection.java:logAndReturn(56)) - 84d87b42-83ce-4078-8a37-3864f9520041@group-F450BAF5DF14-LeaderElection32: Election TIMEOUT; received 0 response(s) [] and 0 exception(s); 84d87b42-83ce-4078-8a37-3864f9520041@group-F450BAF5DF14:t28, leader=null, voted=84d87b42-83ce-4078-8a37-3864f9520041, raftlog=84d87b42-83ce-4078-8a37-3864f9520041@group-F450BAF5DF14-SegmentedRaftLog:OPENED:c3,f4,i4, conf=0: [6ea7cc1b-6dd1-4a6f-b526-a2c2472221ee:192.168.164.211:45347, 722c44df-b170-4eeb-abb4-8ab07bb69a54:192.168.164.211:33246, 84d87b42-83ce-4078-8a37-3864f9520041:192.168.164.211:42413], old=null
2019-10-17 07:43:10,704 [84d87b42-83ce-4078-8a37-3864f9520041@group-F450BAF5DF14-LeaderElection32] INFO  impl.LeaderElection (LeaderElection.java:askForVotes(178)) - 84d87b42-83ce-4078-8a37-3864f9520041@group-F450BAF5DF14-LeaderElection32: begin an election at term 29 for 0: [6ea7cc1b-6dd1-4a6f-b526-a2c2472221ee:192.168.164.211:45347, 722c44df-b170-4eeb-abb4-8ab07bb69a54:192.168.164.211:33246, 84d87b42-83ce-4078-8a37-3864f9520041:192.168.164.211:42413], old=null
2019-10-17 07:43:10,706 [grpc-default-executor-4] INFO  impl.RaftServerImpl (RaftServerImpl.java:setRole(184)) - 6ea7cc1b-6dd1-4a6f-b526-a2c2472221ee@group-F450BAF5DF14: changes role from  FOLLOWER to FOLLOWER at term 29 for recognizeCandidate:84d87b42-83ce-4078-8a37-3864f9520041
2019-10-17 07:43:10,708 [grpc-default-executor-4] INFO  impl.RoleInfo (RoleInfo.java:shutdownFollowerState(121)) - 6ea7cc1b-6dd1-4a6f-b526-a2c2472221ee: shutdown FollowerState
2019-10-17 07:43:10,708 [grpc-default-executor-4] INFO  impl.RoleInfo (RoleInfo.java:updateAndGet(143)) - 6ea7cc1b-6dd1-4a6f-b526-a2c2472221ee: start FollowerState
2019-10-17 07:43:10,708 [Thread-740] INFO  impl.FollowerState (FollowerState.java:run(117)) - 6ea7cc1b-6dd1-4a6f-b526-a2c2472221ee@group-F450BAF5DF14-FollowerState was interrupted: java.lang.InterruptedException: sleep interrupted
2019-10-17 07:43:10,708 [grpc-default-executor-0] INFO  impl.RaftServerImpl (RaftServerImpl.java:setRole(184)) - 722c44df-b170-4eeb-abb4-8ab07bb69a54@group-F450BAF5DF14: changes role from  FOLLOWER to FOLLOWER at term 29 for recognizeCandidate:84d87b42-83ce-4078-8a37-3864f9520041
2019-10-17 07:43:10,708 [grpc-default-executor-0] INFO  impl.RoleInfo (RoleInfo.java:shutdownFollowerState(121)) - 722c44df-b170-4eeb-abb4-8ab07bb69a54: shutdown FollowerState
2019-10-17 07:43:10,708 [grpc-default-executor-0] INFO  impl.RoleInfo (RoleInfo.java:updateAndGet(143)) - 722c44df-b170-4eeb-abb4-8ab07bb69a54: start FollowerState
2019-10-17 07:43:10,708 [Thread-741] INFO  impl.FollowerState (FollowerState.java:run(117)) - 722c44df-b170-4eeb-abb4-8ab07bb69a54@group-F450BAF5DF14-FollowerState was interrupted: java.lang.InterruptedException: sleep interrupted
2019-10-17 07:43:10,733 [84d87b42-83ce-4078-8a37-3864f9520041@group-F450BAF5DF14-LeaderElection32] INFO  impl.LeaderElection (LeaderElection.java:logAndReturn(56)) - 84d87b42-83ce-4078-8a37-3864f9520041@group-F450BAF5DF14-LeaderElection32: Election REJECTED; received 2 response(s) [84d87b42-83ce-4078-8a37-3864f9520041<-6ea7cc1b-6dd1-4a6f-b526-a2c2472221ee#0:FAIL-t29, 84d87b42-83ce-4078-8a37-3864f9520041<-722c44df-b170-4eeb-abb4-8ab07bb69a54#0:FAIL-t29] and 0 exception(s); 84d87b42-83ce-4078-8a37-3864f9520041@group-F450BAF5DF14:t29, leader=null, voted=84d87b42-83ce-4078-8a37-3864f9520041, raftlog=84d87b42-83ce-4078-8a37-3864f9520041@group-F450BAF5DF14-SegmentedRaftLog:OPENED:c3,f4,i4, conf=0: [6ea7cc1b-6dd1-4a6f-b526-a2c2472221ee:192.168.164.211:45347, 722c44df-b170-4eeb-abb4-8ab07bb69a54:192.168.164.211:33246, 84d87b42-83ce-4078-8a37-3864f9520041:192.168.164.211:42413], old=null
2019-10-17 07:43:10,733 [84d87b42-83ce-4078-8a37-3864f9520041@group-F450BAF5DF14-LeaderElection32] INFO  impl.RaftServerImpl (RaftServerImpl.java:setRole(184)) - 84d87b42-83ce-4078-8a37-3864f9520041@group-F450BAF5DF14: changes role from CANDIDATE to FOLLOWER at term 29 for DISCOVERED_A_NEW_TERM
2019-10-17 07:43:10,733 [84d87b42-83ce-4078-8a37-3864f9520041@group-F450BAF5DF14-LeaderElection32] INFO  impl.RoleInfo (RoleInfo.java:shutdownLeaderElection(134)) - 84d87b42-83ce-4078-8a37-3864f9520041: shutdown LeaderElection
2019-10-17 07:43:10,733 [84d87b42-83ce-4078-8a37-3864f9520041@group-F450BAF5DF14-LeaderElection32] INFO  impl.RoleInfo (RoleInfo.java:updateAndGet(143)) - 84d87b42-83ce-4078-8a37-3864f9520041: start FollowerState
2019-10-17 07:43:10,931 [Thread-746] INFO  impl.FollowerState (FollowerState.java:run(108)) - 84d87b42-83ce-4078-8a37-3864f9520041@group-F450BAF5DF14-FollowerState: change to CANDIDATE, lastRpcTime:197ms, electionTimeout:197ms
2019-10-17 07:43:10,936 [Thread-746] INFO  impl.RoleInfo (RoleInfo.java:shutdownFollowerState(121)) - 84d87b42-83ce-4078-8a37-3864f9520041: shutdown FollowerState
2019-10-17 07:43:10,937 [Thread-746] INFO  impl.RaftServerImpl (RaftServerImpl.java:setRole(184)) - 84d87b42-83ce-4078-8a37-3864f9520041@group-F450BAF5DF14: changes role from  FOLLOWER to CANDIDATE at term 29 for changeToCandidate
2019-10-17 07:43:10,937 [Thread-746] INFO  impl.RoleInfo (RoleInfo.java:updateAndGet(143)) - 84d87b42-83ce-4078-8a37-3864f9520041: start LeaderElection
2019-10-17 07:43:10,966 [84d87b42-83ce-4078-8a37-3864f9520041@group-F450BAF5DF14-LeaderElection33] INFO  impl.LeaderElection (LeaderElection.java:askForVotes(178)) - 84d87b42-83ce-4078-8a37-3864f9520041@group-F450BAF5DF14-LeaderElection33: begin an election at term 30 for 0: [6ea7cc1b-6dd1-4a6f-b526-a2c2472221ee:192.168.164.211:45347, 722c44df-b170-4eeb-abb4-8ab07bb69a54:192.168.164.211:33246, 84d87b42-83ce-4078-8a37-3864f9520041:192.168.164.211:42413], old=null
2019-10-17 07:43:10,971 [grpc-default-executor-0] INFO  impl.RaftServerImpl (RaftServerImpl.java:setRole(184)) - 6ea7cc1b-6dd1-4a6f-b526-a2c2472221ee@group-F450BAF5DF14: changes role from  FOLLOWER to FOLLOWER at term 30 for recognizeCandidate:84d87b42-83ce-4078-8a37-3864f9520041
2019-10-17 07:43:10,971 [grpc-default-executor-4] INFO  impl.RaftServerImpl (RaftServerImpl.java:setRole(184)) - 722c44df-b170-4eeb-abb4-8ab07bb69a54@group-F450BAF5DF14: changes role from  FOLLOWER to FOLLOWER at term 30 for recognizeCandidate:84d87b42-83ce-4078-8a37-3864f9520041
2019-10-17 07:43:10,972 [grpc-default-executor-0] INFO  impl.RoleInfo (RoleInfo.java:shutdownFollowerState(121)) - 6ea7cc1b-6dd1-4a6f-b526-a2c2472221ee: shutdown FollowerState
2019-10-17 07:43:10,972 [grpc-default-executor-4] INFO  impl.RoleInfo (RoleInfo.java:shutdownFollowerState(121)) - 722c44df-b170-4eeb-abb4-8ab07bb69a54: shutdown FollowerState
2019-10-17 07:43:10,972 [grpc-default-executor-0] INFO  impl.RoleInfo (RoleInfo.java:updateAndGet(143)) - 6ea7cc1b-6dd1-4a6f-b526-a2c2472221ee: start FollowerState
2019-10-17 07:43:10,972 [Thread-745] INFO  impl.FollowerState (FollowerState.java:run(117)) - 722c44df-b170-4eeb-abb4-8ab07bb69a54@group-F450BAF5DF14-FollowerState was interrupted: java.lang.InterruptedException: sleep interrupted
2019-10-17 07:43:10,972 [grpc-default-executor-4] INFO  impl.RoleInfo (RoleInfo.java:updateAndGet(143)) - 722c44df-b170-4eeb-abb4-8ab07bb69a54: start FollowerState
2019-10-17 07:43:10,972 [Thread-744] INFO  impl.FollowerState (FollowerState.java:run(117)) - 6ea7cc1b-6dd1-4a6f-b526-a2c2472221ee@group-F450BAF5DF14-FollowerState was interrupted: java.lang.InterruptedException: sleep interrupted
2019-10-17 07:43:11,002 [84d87b42-83ce-4078-8a37-3864f9520041@group-F450BAF5DF14-LeaderElection33] INFO  impl.LeaderElection (LeaderElection.java:logAndReturn(56)) - 84d87b42-83ce-4078-8a37-3864f9520041@group-F450BAF5DF14-LeaderElection33: Election REJECTED; received 2 response(s) [84d87b42-83ce-4078-8a37-3864f9520041<-6ea7cc1b-6dd1-4a6f-b526-a2c2472221ee#0:FAIL-t30, 84d87b42-83ce-4078-8a37-3864f9520041<-722c44df-b170-4eeb-abb4-8ab07bb69a54#0:FAIL-t30] and 0 exception(s); 84d87b42-83ce-4078-8a37-3864f9520041@group-F450BAF5DF14:t30, leader=null, voted=84d87b42-83ce-4078-8a37-3864f9520041, raftlog=84d87b42-83ce-4078-8a37-3864f9520041@group-F450BAF5DF14-SegmentedRaftLog:OPENED:c3,f4,i4, conf=0: [6ea7cc1b-6dd1-4a6f-b526-a2c2472221ee:192.168.164.211:45347, 722c44df-b170-4eeb-abb4-8ab07bb69a54:192.168.164.211:33246, 84d87b42-83ce-4078-8a37-3864f9520041:192.168.164.211:42413], old=null
2019-10-17 07:43:11,002 [84d87b42-83ce-4078-8a37-3864f9520041@group-F450BAF5DF14-LeaderElection33] INFO  impl.RaftServerImpl (RaftServerImpl.java:setRole(184)) - 84d87b42-83ce-4078-8a37-3864f9520041@group-F450BAF5DF14: changes role from CANDIDATE to FOLLOWER at term 30 for DISCOVERED_A_NEW_TERM
2019-10-17 07:43:11,002 [84d87b42-83ce-4078-8a37-3864f9520041@group-F450BAF5DF14-LeaderElection33] INFO  impl.RoleInfo (RoleInfo.java:shutdownLeaderElection(134)) - 84d87b42-83ce-4078-8a37-3864f9520041: shutdown LeaderElection
2019-10-17 07:43:11,002 [84d87b42-83ce-4078-8a37-3864f9520041@group-F450BAF5DF14-LeaderElection33] INFO  impl.RoleInfo (RoleInfo.java:updateAndGet(143)) - 84d87b42-83ce-4078-8a37-3864f9520041: start FollowerState
2019-10-17 07:43:11,044 [EventQueue-PendingDeleteStatusForPendingDeleteHandler] INFO  block.SCMBlockDeletingService (SCMBlockDeletingService.java:handlePendingDeletes(115)) - Block deletion txnID mismatch in datanode 84d87b42-83ce-4078-8a37-3864f9520041 for containerID 1. Datanode delete txnID: 0, SCM txnID: 1
2019-10-17 07:43:11,099 [grpc-default-executor-4] INFO  impl.RaftServerProxy (RaftServerProxy.java:addNew(89)) - 84d87b42-83ce-4078-8a37-3864f9520041: addNew group-1D40C168E3C4:[84d87b42-83ce-4078-8a37-3864f9520041:192.168.164.211:42413] returns group-1D40C168E3C4:java.util.concurrent.CompletableFuture@56154a71[Not completed]
2019-10-17 07:43:11,102 [pool-59-thread-1] INFO  impl.RaftServerImpl (RaftServerImpl.java:<init>(104)) - 84d87b42-83ce-4078-8a37-3864f9520041: new RaftServerImpl for group-1D40C168E3C4:[84d87b42-83ce-4078-8a37-3864f9520041:192.168.164.211:42413] with ContainerStateMachine:uninitialized
2019-10-17 07:43:11,103 [pool-59-thread-1] INFO  server.RaftServerConfigKeys (ConfUtils.java:logGet(43)) - raft.server.rpc.timeout.min = 5s (custom)
2019-10-17 07:43:11,103 [pool-59-thread-1] INFO  server.RaftServerConfigKeys (ConfUtils.java:logGet(43)) - raft.server.rpc.timeout.max = 5200ms (custom)
2019-10-17 07:43:11,103 [pool-59-thread-1] INFO  server.RaftServerConfigKeys (ConfUtils.java:logGet(43)) - raft.server.rpcslowness.timeout = 1000s (custom)
2019-10-17 07:43:11,103 [pool-59-thread-1] INFO  server.RaftServerConfigKeys (ConfUtils.java:logGet(43)) - raft.server.sleep.deviation.threshold = 300 (default)
2019-10-17 07:43:11,103 [pool-59-thread-1] INFO  server.RaftServerConfigKeys (ConfUtils.java:logGet(43)) - raft.server.log.appender.install.snapshot.enabled = false (custom)
2019-10-17 07:43:11,103 [pool-59-thread-1] INFO  impl.RaftServerImpl (ServerState.java:<init>(103)) - 84d87b42-83ce-4078-8a37-3864f9520041@group-1D40C168E3C4: ConfigurationManager, init=-1: [84d87b42-83ce-4078-8a37-3864f9520041:192.168.164.211:42413], old=null, confs=<EMPTY_MAP>
2019-10-17 07:43:11,104 [pool-59-thread-1] INFO  server.RaftServerConfigKeys (ConfUtils.java:logGet(43)) - raft.server.storage.dir = [/workdir/hadoop-ozone/integration-test/target/test-dir/MiniOzoneClusterImpl-e6097d48-8480-4a37-8188-3862b7c67c50/datanode-2/data/ratis] (custom)
2019-10-17 07:43:11,104 [pool-59-thread-1] INFO  server.RaftServerConfigKeys (ConfUtils.java:logGet(43)) - raft.server.log.corruption.policy = EXCEPTION (default)
2019-10-17 07:43:11,104 [pool-59-thread-1] INFO  storage.RaftStorageDirectory (RaftStorageDirectory.java:analyzeStorage(246)) - The storage directory /workdir/hadoop-ozone/integration-test/target/test-dir/MiniOzoneClusterImpl-e6097d48-8480-4a37-8188-3862b7c67c50/datanode-2/data/ratis/c71cbb08-dd68-40c8-8eb3-1d40c168e3c4 does not exist. Creating ...
2019-10-17 07:43:11,112 [Thread-752] INFO  impl.FollowerState (FollowerState.java:run(108)) - 84d87b42-83ce-4078-8a37-3864f9520041@group-F450BAF5DF14-FollowerState: change to CANDIDATE, lastRpcTime:109ms, electionTimeout:109ms
2019-10-17 07:43:11,112 [Thread-752] INFO  impl.RoleInfo (RoleInfo.java:shutdownFollowerState(121)) - 84d87b42-83ce-4078-8a37-3864f9520041: shutdown FollowerState
2019-10-17 07:43:11,112 [Thread-752] INFO  impl.RaftServerImpl (RaftServerImpl.java:setRole(184)) - 84d87b42-83ce-4078-8a37-3864f9520041@group-F450BAF5DF14: changes role from  FOLLOWER to CANDIDATE at term 30 for changeToCandidate
2019-10-17 07:43:11,112 [Thread-752] INFO  impl.RoleInfo (RoleInfo.java:updateAndGet(143)) - 84d87b42-83ce-4078-8a37-3864f9520041: start LeaderElection
2019-10-17 07:43:11,134 [pool-59-thread-1] INFO  storage.RaftStorageDirectory (RaftStorageDirectory.java:tryLock(328)) - Lock on /workdir/hadoop-ozone/integration-test/target/test-dir/MiniOzoneClusterImpl-e6097d48-8480-4a37-8188-3862b7c67c50/datanode-2/data/ratis/c71cbb08-dd68-40c8-8eb3-1d40c168e3c4/in_use.lock acquired by nodename 1358@pr-hdds-2283-cnrrq-1638407854
2019-10-17 07:43:11,134 [84d87b42-83ce-4078-8a37-3864f9520041@group-F450BAF5DF14-LeaderElection34] INFO  impl.LeaderElection (LeaderElection.java:askForVotes(178)) - 84d87b42-83ce-4078-8a37-3864f9520041@group-F450BAF5DF14-LeaderElection34: begin an election at term 31 for 0: [6ea7cc1b-6dd1-4a6f-b526-a2c2472221ee:192.168.164.211:45347, 722c44df-b170-4eeb-abb4-8ab07bb69a54:192.168.164.211:33246, 84d87b42-83ce-4078-8a37-3864f9520041:192.168.164.211:42413], old=null
2019-10-17 07:43:11,136 [grpc-default-executor-4] INFO  impl.RaftServerImpl (RaftServerImpl.java:setRole(184)) - 6ea7cc1b-6dd1-4a6f-b526-a2c2472221ee@group-F450BAF5DF14: changes role from  FOLLOWER to FOLLOWER at term 31 for recognizeCandidate:84d87b42-83ce-4078-8a37-3864f9520041
2019-10-17 07:43:11,136 [grpc-default-executor-0] INFO  impl.RaftServerImpl (RaftServerImpl.java:setRole(184)) - 722c44df-b170-4eeb-abb4-8ab07bb69a54@group-F450BAF5DF14: changes role from  FOLLOWER to FOLLOWER at term 31 for recognizeCandidate:84d87b42-83ce-4078-8a37-3864f9520041
2019-10-17 07:43:11,136 [grpc-default-executor-4] INFO  impl.RoleInfo (RoleInfo.java:shutdownFollowerState(121)) - 6ea7cc1b-6dd1-4a6f-b526-a2c2472221ee: shutdown FollowerState
2019-10-17 07:43:11,137 [grpc-default-executor-0] INFO  impl.RoleInfo (RoleInfo.java:shutdownFollowerState(121)) - 722c44df-b170-4eeb-abb4-8ab07bb69a54: shutdown FollowerState
2019-10-17 07:43:11,137 [Thread-750] INFO  impl.FollowerState (FollowerState.java:run(117)) - 6ea7cc1b-6dd1-4a6f-b526-a2c2472221ee@group-F450BAF5DF14-FollowerState was interrupted: java.lang.InterruptedException: sleep interrupted
2019-10-17 07:43:11,137 [grpc-default-executor-4] INFO  impl.RoleInfo (RoleInfo.java:updateAndGet(143)) - 6ea7cc1b-6dd1-4a6f-b526-a2c2472221ee: start FollowerState
2019-10-17 07:43:11,137 [Thread-751] INFO  impl.FollowerState (FollowerState.java:run(117)) - 722c44df-b170-4eeb-abb4-8ab07bb69a54@group-F450BAF5DF14-FollowerState was interrupted: java.lang.InterruptedException: sleep interrupted
2019-10-17 07:43:11,137 [grpc-default-executor-0] INFO  impl.RoleInfo (RoleInfo.java:updateAndGet(143)) - 722c44df-b170-4eeb-abb4-8ab07bb69a54: start FollowerState
2019-10-17 07:43:11,143 [84d87b42-83ce-4078-8a37-3864f9520041@group-F450BAF5DF14-LeaderElection34] INFO  impl.LeaderElection (LeaderElection.java:logAndReturn(56)) - 84d87b42-83ce-4078-8a37-3864f9520041@group-F450BAF5DF14-LeaderElection34: Election TIMEOUT; received 0 response(s) [] and 0 exception(s); 84d87b42-83ce-4078-8a37-3864f9520041@group-F450BAF5DF14:t31, leader=null, voted=84d87b42-83ce-4078-8a37-3864f9520041, raftlog=84d87b42-83ce-4078-8a37-3864f9520041@group-F450BAF5DF14-SegmentedRaftLog:OPENED:c3,f4,i4, conf=0: [6ea7cc1b-6dd1-4a6f-b526-a2c2472221ee:192.168.164.211:45347, 722c44df-b170-4eeb-abb4-8ab07bb69a54:192.168.164.211:33246, 84d87b42-83ce-4078-8a37-3864f9520041:192.168.164.211:42413], old=null
2019-10-17 07:43:11,144 [EventQueue-PendingDeleteStatusForPendingDeleteHandler] INFO  block.SCMBlockDeletingService (SCMBlockDeletingService.java:handlePendingDeletes(115)) - Block deletion txnID mismatch in datanode 84d87b42-83ce-4078-8a37-3864f9520041 for containerID 1. Datanode delete txnID: 0, SCM txnID: 1
2019-10-17 07:43:11,167 [pool-59-thread-1] INFO  storage.RaftStorage (RaftStorage.java:format(84)) - Storage directory /workdir/hadoop-ozone/integration-test/target/test-dir/MiniOzoneClusterImpl-e6097d48-8480-4a37-8188-3862b7c67c50/datanode-2/data/ratis/c71cbb08-dd68-40c8-8eb3-1d40c168e3c4 has been successfully formatted.
2019-10-17 07:43:11,168 [84d87b42-83ce-4078-8a37-3864f9520041@group-F450BAF5DF14-LeaderElection34] INFO  impl.LeaderElection (LeaderElection.java:askForVotes(178)) - 84d87b42-83ce-4078-8a37-3864f9520041@group-F450BAF5DF14-LeaderElection34: begin an election at term 32 for 0: [6ea7cc1b-6dd1-4a6f-b526-a2c2472221ee:192.168.164.211:45347, 722c44df-b170-4eeb-abb4-8ab07bb69a54:192.168.164.211:33246, 84d87b42-83ce-4078-8a37-3864f9520041:192.168.164.211:42413], old=null
2019-10-17 07:43:11,172 [pool-59-thread-1] INFO  ratis.ContainerStateMachine (ContainerStateMachine.java:loadSnapshot(231)) - group-1D40C168E3C4: The snapshot info is null. Setting the last applied indexto:(t:0, i:~)
2019-10-17 07:43:11,172 [pool-59-thread-1] INFO  server.RaftServerConfigKeys (ConfUtils.java:logGet(43)) - raft.server.notification.no-leader.timeout = 1000s (custom)
2019-10-17 07:43:11,173 [pool-59-thread-1] INFO  server.RaftServerConfigKeys (ConfUtils.java:logGet(43)) - raft.server.log.use.memory = false (default)
2019-10-17 07:43:11,173 [pool-59-thread-1] INFO  server.RaftServerConfigKeys (ConfUtils.java:logGet(43)) - raft.server.log.purge.gap = 1000000 (custom)
2019-10-17 07:43:11,173 [pool-59-thread-1] INFO  server.RaftServerConfigKeys (ConfUtils.java:logGet(43)) - raft.server.log.appender.buffer.byte-limit = 33554432 (custom)
2019-10-17 07:43:11,174 [pool-59-thread-1] INFO  server.RaftServerConfigKeys (ConfUtils.java:logGet(43)) - raft.server.log.segment.size.max = 1048576 (custom)
2019-10-17 07:43:11,174 [grpc-default-executor-0] INFO  impl.RaftServerImpl (RaftServerImpl.java:setRole(184)) - 722c44df-b170-4eeb-abb4-8ab07bb69a54@group-F450BAF5DF14: changes role from  FOLLOWER to FOLLOWER at term 32 for recognizeCandidate:84d87b42-83ce-4078-8a37-3864f9520041
2019-10-17 07:43:11,174 [grpc-default-executor-4] INFO  impl.RaftServerImpl (RaftServerImpl.java:setRole(184)) - 6ea7cc1b-6dd1-4a6f-b526-a2c2472221ee@group-F450BAF5DF14: changes role from  FOLLOWER to FOLLOWER at term 32 for recognizeCandidate:84d87b42-83ce-4078-8a37-3864f9520041
2019-10-17 07:43:11,174 [pool-59-thread-1] INFO  server.RaftServerConfigKeys (ConfUtils.java:logGet(43)) - raft.server.log.segment.cache.num.max = 2 (custom)
2019-10-17 07:43:11,174 [grpc-default-executor-4] INFO  impl.RoleInfo (RoleInfo.java:shutdownFollowerState(121)) - 6ea7cc1b-6dd1-4a6f-b526-a2c2472221ee: shutdown FollowerState
2019-10-17 07:43:11,174 [grpc-default-executor-0] INFO  impl.RoleInfo (RoleInfo.java:shutdownFollowerState(121)) - 722c44df-b170-4eeb-abb4-8ab07bb69a54: shutdown FollowerState
2019-10-17 07:43:11,175 [Thread-758] INFO  impl.FollowerState (FollowerState.java:run(117)) - 6ea7cc1b-6dd1-4a6f-b526-a2c2472221ee@group-F450BAF5DF14-FollowerState was interrupted: java.lang.InterruptedException: sleep interrupted
2019-10-17 07:43:11,175 [grpc-default-executor-4] INFO  impl.RoleInfo (RoleInfo.java:updateAndGet(143)) - 6ea7cc1b-6dd1-4a6f-b526-a2c2472221ee: start FollowerState
2019-10-17 07:43:11,174 [pool-59-thread-1] INFO  segmented.SegmentedRaftLogWorker (SegmentedRaftLogWorker.java:<init>(173)) - new 84d87b42-83ce-4078-8a37-3864f9520041@group-1D40C168E3C4-SegmentedRaftLogWorker for RaftStorage:Storage Directory /workdir/hadoop-ozone/integration-test/target/test-dir/MiniOzoneClusterImpl-e6097d48-8480-4a37-8188-3862b7c67c50/datanode-2/data/ratis/c71cbb08-dd68-40c8-8eb3-1d40c168e3c4
2019-10-17 07:43:11,175 [grpc-default-executor-0] INFO  impl.RoleInfo (RoleInfo.java:updateAndGet(143)) - 722c44df-b170-4eeb-abb4-8ab07bb69a54: start FollowerState
2019-10-17 07:43:11,175 [Thread-759] INFO  impl.FollowerState (FollowerState.java:run(117)) - 722c44df-b170-4eeb-abb4-8ab07bb69a54@group-F450BAF5DF14-FollowerState was interrupted: java.lang.InterruptedException: sleep interrupted
2019-10-17 07:43:11,175 [pool-59-thread-1] INFO  server.RaftServerConfigKeys (ConfUtils.java:logGet(43)) - raft.server.log.queue.byte-limit = 2147483647 (custom)
2019-10-17 07:43:11,176 [pool-59-thread-1] INFO  server.RaftServerConfigKeys (ConfUtils.java:logGet(43)) - raft.server.log.queue.element-limit = 1024 (custom)
2019-10-17 07:43:11,176 [pool-59-thread-1] INFO  server.RaftServerConfigKeys (ConfUtils.java:logGet(43)) - raft.server.log.segment.size.max = 1048576 (custom)
2019-10-17 07:43:11,176 [pool-59-thread-1] INFO  server.RaftServerConfigKeys (ConfUtils.java:logGet(43)) - raft.server.log.preallocated.size = 16384 (custom)
2019-10-17 07:43:11,176 [pool-59-thread-1] INFO  server.RaftServerConfigKeys (ConfUtils.java:logGet(43)) - raft.server.log.write.buffer.size = 33554432 (custom)
2019-10-17 07:43:11,176 [pool-59-thread-1] INFO  server.RaftServerConfigKeys (ConfUtils.java:logGet(43)) - raft.server.log.force.sync.num = 128 (default)
2019-10-17 07:43:11,177 [pool-59-thread-1] INFO  server.RaftServerConfigKeys (ConfUtils.java:logGet(43)) - raft.server.log.statemachine.data.sync = true (default)
2019-10-17 07:43:11,177 [pool-59-thread-1] INFO  server.RaftServerConfigKeys (ConfUtils.java:logGet(43)) - raft.server.log.statemachine.data.sync.timeout = 10s (default)
2019-10-17 07:43:11,177 [pool-59-thread-1] INFO  server.RaftServerConfigKeys (ConfUtils.java:logGet(43)) - raft.server.log.statemachine.data.sync.timeout.retry = -1 (default)
2019-10-17 07:43:11,177 [pool-59-thread-1] INFO  server.RaftServerConfigKeys (ConfUtils.java:logGet(43)) - raft.server.log.statemachine.data.caching.enabled = true (custom)
2019-10-17 07:43:11,178 [pool-59-thread-1] INFO  segmented.SegmentedRaftLogWorker (SegmentedRaftLogWorker.java:lambda$new$0(128)) - 84d87b42-83ce-4078-8a37-3864f9520041@group-1D40C168E3C4-SegmentedRaftLogWorker: flushIndex: setUnconditionally 0 -> -1
2019-10-17 07:43:11,178 [pool-59-thread-1] INFO  server.RaftServerConfigKeys (ConfUtils.java:logGet(43)) - raft.server.snapshot.auto.trigger.enabled = true (custom)
2019-10-17 07:43:11,178 [pool-59-thread-1] INFO  server.RaftServerConfigKeys (ConfUtils.java:logGet(43)) - raft.server.snapshot.auto.trigger.threshold = 10000 (custom)
2019-10-17 07:43:11,178 [pool-59-thread-1] INFO  server.RaftServerConfigKeys (ConfUtils.java:logGet(43)) - raft.server.snapshot.retention.file.num = 5 (custom)
2019-10-17 07:43:11,179 [pool-59-thread-1] INFO  server.RaftServerConfigKeys (ConfUtils.java:logGet(43)) - raft.server.retrycache.expirytime = 600000ms (custom)
2019-10-17 07:43:11,183 [pool-59-thread-1] INFO  impl.RaftServerImpl (RaftServerImpl.java:start(195)) - 84d87b42-83ce-4078-8a37-3864f9520041@group-1D40C168E3C4: start as a follower, conf=-1: [84d87b42-83ce-4078-8a37-3864f9520041:192.168.164.211:42413], old=null
2019-10-17 07:43:11,183 [pool-59-thread-1] INFO  impl.RaftServerImpl (RaftServerImpl.java:setRole(184)) - 84d87b42-83ce-4078-8a37-3864f9520041@group-1D40C168E3C4: changes role from      null to FOLLOWER at term 0 for startAsFollower
2019-10-17 07:43:11,183 [pool-59-thread-1] INFO  impl.RoleInfo (RoleInfo.java:updateAndGet(143)) - 84d87b42-83ce-4078-8a37-3864f9520041: start FollowerState
2019-10-17 07:43:11,184 [pool-59-thread-1] INFO  util.JmxRegister (JmxRegister.java:tryRegister(44)) - Successfully registered JMX Bean with object name Ratis:service=RaftServer,group=group-1D40C168E3C4,id=84d87b42-83ce-4078-8a37-3864f9520041
2019-10-17 07:43:11,191 [RatisPipelineUtilsThread] INFO  pipeline.PipelineStateManager (PipelineStateManager.java:addPipeline(56)) - Created pipeline Pipeline[ Id: c71cbb08-dd68-40c8-8eb3-1d40c168e3c4, Nodes: 84d87b42-83ce-4078-8a37-3864f9520041{ip: 192.168.164.211, host: pr-hdds-2283-cnrrq-1638407854, networkLocation: /default-rack, certSerialId: null}, Type:RATIS, Factor:ONE, State:OPEN]
2019-10-17 07:43:11,209 [84d87b42-83ce-4078-8a37-3864f9520041@group-F450BAF5DF14-LeaderElection34] INFO  impl.LeaderElection (LeaderElection.java:logAndReturn(56)) - 84d87b42-83ce-4078-8a37-3864f9520041@group-F450BAF5DF14-LeaderElection34: Election REJECTED; received 2 response(s) [84d87b42-83ce-4078-8a37-3864f9520041<-6ea7cc1b-6dd1-4a6f-b526-a2c2472221ee#0:FAIL-t32, 84d87b42-83ce-4078-8a37-3864f9520041<-722c44df-b170-4eeb-abb4-8ab07bb69a54#0:FAIL-t32] and 0 exception(s); 84d87b42-83ce-4078-8a37-3864f9520041@group-F450BAF5DF14:t32, leader=null, voted=84d87b42-83ce-4078-8a37-3864f9520041, raftlog=84d87b42-83ce-4078-8a37-3864f9520041@group-F450BAF5DF14-SegmentedRaftLog:OPENED:c3,f4,i4, conf=0: [6ea7cc1b-6dd1-4a6f-b526-a2c2472221ee:192.168.164.211:45347, 722c44df-b170-4eeb-abb4-8ab07bb69a54:192.168.164.211:33246, 84d87b42-83ce-4078-8a37-3864f9520041:192.168.164.211:42413], old=null
2019-10-17 07:43:11,211 [84d87b42-83ce-4078-8a37-3864f9520041@group-F450BAF5DF14-LeaderElection34] INFO  impl.RaftServerImpl (RaftServerImpl.java:setRole(184)) - 84d87b42-83ce-4078-8a37-3864f9520041@group-F450BAF5DF14: changes role from CANDIDATE to FOLLOWER at term 32 for DISCOVERED_A_NEW_TERM
2019-10-17 07:43:11,212 [84d87b42-83ce-4078-8a37-3864f9520041@group-F450BAF5DF14-LeaderElection34] INFO  impl.RoleInfo (RoleInfo.java:shutdownLeaderElection(134)) - 84d87b42-83ce-4078-8a37-3864f9520041: shutdown LeaderElection
2019-10-17 07:43:11,212 [grpc-default-executor-4] INFO  impl.RaftServerProxy (RaftServerProxy.java:addNew(89)) - 84d87b42-83ce-4078-8a37-3864f9520041: addNew group-BB62A460AFEC:[6ea7cc1b-6dd1-4a6f-b526-a2c2472221ee:192.168.164.211:45347, 722c44df-b170-4eeb-abb4-8ab07bb69a54:192.168.164.211:33246, 84d87b42-83ce-4078-8a37-3864f9520041:192.168.164.211:42413] returns group-BB62A460AFEC:java.util.concurrent.CompletableFuture@53d1140e[Not completed]
2019-10-17 07:43:11,212 [84d87b42-83ce-4078-8a37-3864f9520041@group-F450BAF5DF14-LeaderElection34] INFO  impl.RoleInfo (RoleInfo.java:updateAndGet(143)) - 84d87b42-83ce-4078-8a37-3864f9520041: start FollowerState
2019-10-17 07:43:11,212 [grpc-default-executor-0] INFO  impl.RaftServerProxy (RaftServerProxy.java:addNew(89)) - 6ea7cc1b-6dd1-4a6f-b526-a2c2472221ee: addNew group-BB62A460AFEC:[6ea7cc1b-6dd1-4a6f-b526-a2c2472221ee:192.168.164.211:45347, 722c44df-b170-4eeb-abb4-8ab07bb69a54:192.168.164.211:33246, 84d87b42-83ce-4078-8a37-3864f9520041:192.168.164.211:42413] returns group-BB62A460AFEC:java.util.concurrent.CompletableFuture@190dee89[Not completed]
2019-10-17 07:43:11,213 [grpc-default-executor-0] INFO  impl.RaftServerProxy (RaftServerProxy.java:addNew(89)) - 722c44df-b170-4eeb-abb4-8ab07bb69a54: addNew group-BB62A460AFEC:[6ea7cc1b-6dd1-4a6f-b526-a2c2472221ee:192.168.164.211:45347, 722c44df-b170-4eeb-abb4-8ab07bb69a54:192.168.164.211:33246, 84d87b42-83ce-4078-8a37-3864f9520041:192.168.164.211:42413] returns group-BB62A460AFEC:java.util.concurrent.CompletableFuture@206d213e[Not completed]
2019-10-17 07:43:11,214 [Thread-769] INFO  client.GrpcClientProtocolService (GrpcClientProtocolService.java:lambda$processClientRequest$0(278)) - Failed RaftClientRequest:client-352DFC73CCDB->84d87b42-83ce-4078-8a37-3864f9520041@group-F450BAF5DF14, cid=10, seq=0, Watch-ALL_COMMITTED(6), Message:<EMPTY>, reply=RaftClientReply:client-352DFC73CCDB->84d87b42-83ce-4078-8a37-3864f9520041@group-F450BAF5DF14, cid=10, FAILED org.apache.ratis.protocol.NotLeaderException: Server 84d87b42-83ce-4078-8a37-3864f9520041@group-F450BAF5DF14 is not the leader, logIndex=0, commits[84d87b42-83ce-4078-8a37-3864f9520041:c3]
2019-10-17 07:43:11,214 [pool-59-thread-1] INFO  impl.RaftServerImpl (RaftServerImpl.java:<init>(104)) - 84d87b42-83ce-4078-8a37-3864f9520041: new RaftServerImpl for group-BB62A460AFEC:[6ea7cc1b-6dd1-4a6f-b526-a2c2472221ee:192.168.164.211:45347, 722c44df-b170-4eeb-abb4-8ab07bb69a54:192.168.164.211:33246, 84d87b42-83ce-4078-8a37-3864f9520041:192.168.164.211:42413] with ContainerStateMachine:uninitialized
2019-10-17 07:43:11,215 [pool-59-thread-1] INFO  server.RaftServerConfigKeys (ConfUtils.java:logGet(43)) - raft.server.rpc.timeout.min = 5s (custom)
2019-10-17 07:43:11,216 [pool-59-thread-1] INFO  server.RaftServerConfigKeys (ConfUtils.java:logGet(43)) - raft.server.rpc.timeout.max = 5200ms (custom)
2019-10-17 07:43:11,216 [pool-59-thread-1] INFO  server.RaftServerConfigKeys (ConfUtils.java:logGet(43)) - raft.server.rpcslowness.timeout = 1000s (custom)
2019-10-17 07:43:11,217 [pool-27-thread-1] INFO  impl.RaftServerImpl (RaftServerImpl.java:<init>(104)) - 722c44df-b170-4eeb-abb4-8ab07bb69a54: new RaftServerImpl for group-BB62A460AFEC:[6ea7cc1b-6dd1-4a6f-b526-a2c2472221ee:192.168.164.211:45347, 722c44df-b170-4eeb-abb4-8ab07bb69a54:192.168.164.211:33246, 84d87b42-83ce-4078-8a37-3864f9520041:192.168.164.211:42413] with ContainerStateMachine:uninitialized
2019-10-17 07:43:11,217 [pool-59-thread-1] INFO  server.RaftServerConfigKeys (ConfUtils.java:logGet(43)) - raft.server.sleep.deviation.threshold = 300 (default)
2019-10-17 07:43:11,219 [pool-59-thread-1] INFO  server.RaftServerConfigKeys (ConfUtils.java:logGet(43)) - raft.server.log.appender.install.snapshot.enabled = false (custom)
2019-10-17 07:43:11,217 [pool-27-thread-1] INFO  server.RaftServerConfigKeys (ConfUtils.java:logGet(43)) - raft.server.rpc.timeout.min = 5s (custom)
2019-10-17 07:43:11,219 [pool-59-thread-1] INFO  impl.RaftServerImpl (ServerState.java:<init>(103)) - 84d87b42-83ce-4078-8a37-3864f9520041@group-BB62A460AFEC: ConfigurationManager, init=-1: [6ea7cc1b-6dd1-4a6f-b526-a2c2472221ee:192.168.164.211:45347, 722c44df-b170-4eeb-abb4-8ab07bb69a54:192.168.164.211:33246, 84d87b42-83ce-4078-8a37-3864f9520041:192.168.164.211:42413], old=null, confs=<EMPTY_MAP>
2019-10-17 07:43:11,222 [pool-37-thread-1] INFO  impl.RaftServerImpl (RaftServerImpl.java:<init>(104)) - 6ea7cc1b-6dd1-4a6f-b526-a2c2472221ee: new RaftServerImpl for group-BB62A460AFEC:[6ea7cc1b-6dd1-4a6f-b526-a2c2472221ee:192.168.164.211:45347, 722c44df-b170-4eeb-abb4-8ab07bb69a54:192.168.164.211:33246, 84d87b42-83ce-4078-8a37-3864f9520041:192.168.164.211:42413] with ContainerStateMachine:uninitialized
2019-10-17 07:43:11,222 [pool-59-thread-1] INFO  server.RaftServerConfigKeys (ConfUtils.java:logGet(43)) - raft.server.storage.dir = [/workdir/hadoop-ozone/integration-test/target/test-dir/MiniOzoneClusterImpl-e6097d48-8480-4a37-8188-3862b7c67c50/datanode-2/data/ratis] (custom)
2019-10-17 07:43:11,219 [pool-27-thread-1] INFO  server.RaftServerConfigKeys (ConfUtils.java:logGet(43)) - raft.server.rpc.timeout.max = 5200ms (custom)
2019-10-17 07:43:11,222 [pool-37-thread-1] INFO  server.RaftServerConfigKeys (ConfUtils.java:logGet(43)) - raft.server.rpc.timeout.min = 5s (custom)
2019-10-17 07:43:11,223 [pool-27-thread-1] INFO  server.RaftServerConfigKeys (ConfUtils.java:logGet(43)) - raft.server.rpcslowness.timeout = 1000s (custom)
2019-10-17 07:43:11,223 [pool-37-thread-1] INFO  server.RaftServerConfigKeys (ConfUtils.java:logGet(43)) - raft.server.rpc.timeout.max = 5200ms (custom)
2019-10-17 07:43:11,223 [pool-59-thread-1] INFO  server.RaftServerConfigKeys (ConfUtils.java:logGet(43)) - raft.server.log.corruption.policy = EXCEPTION (default)
2019-10-17 07:43:11,223 [pool-37-thread-1] INFO  server.RaftServerConfigKeys (ConfUtils.java:logGet(43)) - raft.server.rpcslowness.timeout = 1000s (custom)
2019-10-17 07:43:11,223 [pool-37-thread-1] INFO  server.RaftServerConfigKeys (ConfUtils.java:logGet(43)) - raft.server.sleep.deviation.threshold = 300 (default)
2019-10-17 07:43:11,225 [pool-37-thread-1] INFO  server.RaftServerConfigKeys (ConfUtils.java:logGet(43)) - raft.server.log.appender.install.snapshot.enabled = false (custom)
2019-10-17 07:43:11,225 [pool-59-thread-1] INFO  storage.RaftStorageDirectory (RaftStorageDirectory.java:analyzeStorage(246)) - The storage directory /workdir/hadoop-ozone/integration-test/target/test-dir/MiniOzoneClusterImpl-e6097d48-8480-4a37-8188-3862b7c67c50/datanode-2/data/ratis/94b7f6a7-cca0-4359-a04b-bb62a460afec does not exist. Creating ...
2019-10-17 07:43:11,223 [pool-27-thread-1] INFO  server.RaftServerConfigKeys (ConfUtils.java:logGet(43)) - raft.server.sleep.deviation.threshold = 300 (default)
2019-10-17 07:43:11,225 [pool-37-thread-1] INFO  impl.RaftServerImpl (ServerState.java:<init>(103)) - 6ea7cc1b-6dd1-4a6f-b526-a2c2472221ee@group-BB62A460AFEC: ConfigurationManager, init=-1: [6ea7cc1b-6dd1-4a6f-b526-a2c2472221ee:192.168.164.211:45347, 722c44df-b170-4eeb-abb4-8ab07bb69a54:192.168.164.211:33246, 84d87b42-83ce-4078-8a37-3864f9520041:192.168.164.211:42413], old=null, confs=<EMPTY_MAP>
2019-10-17 07:43:11,225 [pool-27-thread-1] INFO  server.RaftServerConfigKeys (ConfUtils.java:logGet(43)) - raft.server.log.appender.install.snapshot.enabled = false (custom)
2019-10-17 07:43:11,225 [pool-37-thread-1] INFO  server.RaftServerConfigKeys (ConfUtils.java:logGet(43)) - raft.server.storage.dir = [/workdir/hadoop-ozone/integration-test/target/test-dir/MiniOzoneClusterImpl-e6097d48-8480-4a37-8188-3862b7c67c50/datanode-1/data/ratis] (custom)
2019-10-17 07:43:11,225 [pool-27-thread-1] INFO  impl.RaftServerImpl (ServerState.java:<init>(103)) - 722c44df-b170-4eeb-abb4-8ab07bb69a54@group-BB62A460AFEC: ConfigurationManager, init=-1: [6ea7cc1b-6dd1-4a6f-b526-a2c2472221ee:192.168.164.211:45347, 722c44df-b170-4eeb-abb4-8ab07bb69a54:192.168.164.211:33246, 84d87b42-83ce-4078-8a37-3864f9520041:192.168.164.211:42413], old=null, confs=<EMPTY_MAP>
2019-10-17 07:43:11,226 [pool-27-thread-1] INFO  server.RaftServerConfigKeys (ConfUtils.java:logGet(43)) - raft.server.storage.dir = [/workdir/hadoop-ozone/integration-test/target/test-dir/MiniOzoneClusterImpl-e6097d48-8480-4a37-8188-3862b7c67c50/datanode-0/data/ratis] (custom)
2019-10-17 07:43:11,226 [pool-37-thread-1] INFO  server.RaftServerConfigKeys (ConfUtils.java:logGet(43)) - raft.server.log.corruption.policy = EXCEPTION (default)
2019-10-17 07:43:11,226 [pool-27-thread-1] INFO  server.RaftServerConfigKeys (ConfUtils.java:logGet(43)) - raft.server.log.corruption.policy = EXCEPTION (default)
2019-10-17 07:43:11,226 [pool-37-thread-1] INFO  storage.RaftStorageDirectory (RaftStorageDirectory.java:analyzeStorage(246)) - The storage directory /workdir/hadoop-ozone/integration-test/target/test-dir/MiniOzoneClusterImpl-e6097d48-8480-4a37-8188-3862b7c67c50/datanode-1/data/ratis/94b7f6a7-cca0-4359-a04b-bb62a460afec does not exist. Creating ...
2019-10-17 07:43:11,226 [pool-27-thread-1] INFO  storage.RaftStorageDirectory (RaftStorageDirectory.java:analyzeStorage(246)) - The storage directory /workdir/hadoop-ozone/integration-test/target/test-dir/MiniOzoneClusterImpl-e6097d48-8480-4a37-8188-3862b7c67c50/datanode-0/data/ratis/94b7f6a7-cca0-4359-a04b-bb62a460afec does not exist. Creating ...
2019-10-17 07:43:11,236 [Thread-765] INFO  impl.FollowerState (FollowerState.java:run(108)) - 84d87b42-83ce-4078-8a37-3864f9520041@group-1D40C168E3C4-FollowerState: change to CANDIDATE, lastRpcTime:52ms, electionTimeout:52ms
2019-10-17 07:43:11,236 [Thread-765] INFO  impl.RoleInfo (RoleInfo.java:shutdownFollowerState(121)) - 84d87b42-83ce-4078-8a37-3864f9520041: shutdown FollowerState
2019-10-17 07:43:11,236 [Thread-765] INFO  impl.RaftServerImpl (RaftServerImpl.java:setRole(184)) - 84d87b42-83ce-4078-8a37-3864f9520041@group-1D40C168E3C4: changes role from  FOLLOWER to CANDIDATE at term 0 for changeToCandidate
2019-10-17 07:43:11,236 [Thread-765] INFO  impl.RoleInfo (RoleInfo.java:updateAndGet(143)) - 84d87b42-83ce-4078-8a37-3864f9520041: start LeaderElection
2019-10-17 07:43:11,250 [Thread-768] INFO  impl.FollowerState (FollowerState.java:run(108)) - 84d87b42-83ce-4078-8a37-3864f9520041@group-F450BAF5DF14-FollowerState: change to CANDIDATE, lastRpcTime:37ms, electionTimeout:37ms
2019-10-17 07:43:11,250 [Thread-768] INFO  impl.RoleInfo (RoleInfo.java:shutdownFollowerState(121)) - 84d87b42-83ce-4078-8a37-3864f9520041: shutdown FollowerState
2019-10-17 07:43:11,250 [Thread-768] INFO  impl.RaftServerImpl (RaftServerImpl.java:setRole(184)) - 84d87b42-83ce-4078-8a37-3864f9520041@group-F450BAF5DF14: changes role from  FOLLOWER to CANDIDATE at term 32 for changeToCandidate
2019-10-17 07:43:11,250 [Thread-768] INFO  impl.RoleInfo (RoleInfo.java:updateAndGet(143)) - 84d87b42-83ce-4078-8a37-3864f9520041: start LeaderElection
2019-10-17 07:43:11,252 [pool-37-thread-1] INFO  storage.RaftStorageDirectory (RaftStorageDirectory.java:tryLock(328)) - Lock on /workdir/hadoop-ozone/integration-test/target/test-dir/MiniOzoneClusterImpl-e6097d48-8480-4a37-8188-3862b7c67c50/datanode-1/data/ratis/94b7f6a7-cca0-4359-a04b-bb62a460afec/in_use.lock acquired by nodename 1358@pr-hdds-2283-cnrrq-1638407854
2019-10-17 07:43:11,252 [pool-59-thread-1] INFO  storage.RaftStorageDirectory (RaftStorageDirectory.java:tryLock(328)) - Lock on /workdir/hadoop-ozone/integration-test/target/test-dir/MiniOzoneClusterImpl-e6097d48-8480-4a37-8188-3862b7c67c50/datanode-2/data/ratis/94b7f6a7-cca0-4359-a04b-bb62a460afec/in_use.lock acquired by nodename 1358@pr-hdds-2283-cnrrq-1638407854
2019-10-17 07:43:11,252 [pool-27-thread-1] INFO  storage.RaftStorageDirectory (RaftStorageDirectory.java:tryLock(328)) - Lock on /workdir/hadoop-ozone/integration-test/target/test-dir/MiniOzoneClusterImpl-e6097d48-8480-4a37-8188-3862b7c67c50/datanode-0/data/ratis/94b7f6a7-cca0-4359-a04b-bb62a460afec/in_use.lock acquired by nodename 1358@pr-hdds-2283-cnrrq-1638407854
2019-10-17 07:43:11,269 [pool-37-thread-1] INFO  storage.RaftStorage (RaftStorage.java:format(84)) - Storage directory /workdir/hadoop-ozone/integration-test/target/test-dir/MiniOzoneClusterImpl-e6097d48-8480-4a37-8188-3862b7c67c50/datanode-1/data/ratis/94b7f6a7-cca0-4359-a04b-bb62a460afec has been successfully formatted.
2019-10-17 07:43:11,269 [84d87b42-83ce-4078-8a37-3864f9520041@group-1D40C168E3C4-LeaderElection35] INFO  impl.LeaderElection (LeaderElection.java:askForVotes(178)) - 84d87b42-83ce-4078-8a37-3864f9520041@group-1D40C168E3C4-LeaderElection35: begin an election at term 1 for -1: [84d87b42-83ce-4078-8a37-3864f9520041:192.168.164.211:42413], old=null
2019-10-17 07:43:11,269 [84d87b42-83ce-4078-8a37-3864f9520041@group-F450BAF5DF14-LeaderElection36] INFO  impl.LeaderElection (LeaderElection.java:askForVotes(178)) - 84d87b42-83ce-4078-8a37-3864f9520041@group-F450BAF5DF14-LeaderElection36: begin an election at term 33 for 0: [6ea7cc1b-6dd1-4a6f-b526-a2c2472221ee:192.168.164.211:45347, 722c44df-b170-4eeb-abb4-8ab07bb69a54:192.168.164.211:33246, 84d87b42-83ce-4078-8a37-3864f9520041:192.168.164.211:42413], old=null
2019-10-17 07:43:11,269 [pool-27-thread-1] INFO  storage.RaftStorage (RaftStorage.java:format(84)) - Storage directory /workdir/hadoop-ozone/integration-test/target/test-dir/MiniOzoneClusterImpl-e6097d48-8480-4a37-8188-3862b7c67c50/datanode-0/data/ratis/94b7f6a7-cca0-4359-a04b-bb62a460afec has been successfully formatted.
2019-10-17 07:43:11,269 [pool-59-thread-1] INFO  storage.RaftStorage (RaftStorage.java:format(84)) - Storage directory /workdir/hadoop-ozone/integration-test/target/test-dir/MiniOzoneClusterImpl-e6097d48-8480-4a37-8188-3862b7c67c50/datanode-2/data/ratis/94b7f6a7-cca0-4359-a04b-bb62a460afec has been successfully formatted.
2019-10-17 07:43:11,269 [84d87b42-83ce-4078-8a37-3864f9520041@group-1D40C168E3C4-LeaderElection35] INFO  impl.RoleInfo (RoleInfo.java:shutdownLeaderElection(134)) - 84d87b42-83ce-4078-8a37-3864f9520041: shutdown LeaderElection
2019-10-17 07:43:11,269 [pool-37-thread-1] INFO  ratis.ContainerStateMachine (ContainerStateMachine.java:loadSnapshot(231)) - group-BB62A460AFEC: The snapshot info is null. Setting the last applied indexto:(t:0, i:~)
2019-10-17 07:43:11,270 [84d87b42-83ce-4078-8a37-3864f9520041@group-1D40C168E3C4-LeaderElection35] INFO  impl.RaftServerImpl (RaftServerImpl.java:setRole(184)) - 84d87b42-83ce-4078-8a37-3864f9520041@group-1D40C168E3C4: changes role from CANDIDATE to LEADER at term 1 for changeToLeader
2019-10-17 07:43:11,270 [pool-59-thread-1] INFO  ratis.ContainerStateMachine (ContainerStateMachine.java:loadSnapshot(231)) - group-BB62A460AFEC: The snapshot info is null. Setting the last applied indexto:(t:0, i:~)
2019-10-17 07:43:11,270 [pool-27-thread-1] INFO  ratis.ContainerStateMachine (ContainerStateMachine.java:loadSnapshot(231)) - group-BB62A460AFEC: The snapshot info is null. Setting the last applied indexto:(t:0, i:~)
2019-10-17 07:43:11,270 [pool-59-thread-1] INFO  server.RaftServerConfigKeys (ConfUtils.java:logGet(43)) - raft.server.notification.no-leader.timeout = 1000s (custom)
2019-10-17 07:43:11,270 [84d87b42-83ce-4078-8a37-3864f9520041@group-1D40C168E3C4-LeaderElection35] INFO  impl.RaftServerImpl (ServerState.java:setLeader(256)) - 84d87b42-83ce-4078-8a37-3864f9520041@group-1D40C168E3C4: change Leader from null to 84d87b42-83ce-4078-8a37-3864f9520041 at term 1 for becomeLeader, leader elected after 97ms
2019-10-17 07:43:11,270 [pool-37-thread-1] INFO  server.RaftServerConfigKeys (ConfUtils.java:logGet(43)) - raft.server.notification.no-leader.timeout = 1000s (custom)
2019-10-17 07:43:11,271 [84d87b42-83ce-4078-8a37-3864f9520041@group-1D40C168E3C4-LeaderElection35] INFO  server.RaftServerConfigKeys (ConfUtils.java:logGet(43)) - raft.server.staging.catchup.gap = 1000 (default)
2019-10-17 07:43:11,270 [pool-59-thread-1] INFO  server.RaftServerConfigKeys (ConfUtils.java:logGet(43)) - raft.server.log.use.memory = false (default)
2019-10-17 07:43:11,271 [pool-59-thread-1] INFO  server.RaftServerConfigKeys (ConfUtils.java:logGet(43)) - raft.server.log.purge.gap = 1000000 (custom)
2019-10-17 07:43:11,270 [pool-27-thread-1] INFO  server.RaftServerConfigKeys (ConfUtils.java:logGet(43)) - raft.server.notification.no-leader.timeout = 1000s (custom)
2019-10-17 07:43:11,271 [pool-59-thread-1] INFO  server.RaftServerConfigKeys (ConfUtils.java:logGet(43)) - raft.server.log.appender.buffer.byte-limit = 33554432 (custom)
2019-10-17 07:43:11,271 [84d87b42-83ce-4078-8a37-3864f9520041@group-1D40C168E3C4-LeaderElection35] INFO  server.RaftServerConfigKeys (ConfUtils.java:logGet(43)) - raft.server.rpc.sleep.time = 25ms (default)
2019-10-17 07:43:11,271 [pool-37-thread-1] INFO  server.RaftServerConfigKeys (ConfUtils.java:logGet(43)) - raft.server.log.use.memory = false (default)
2019-10-17 07:43:11,271 [grpc-default-executor-0] INFO  impl.RaftServerImpl (RaftServerImpl.java:setRole(184)) - 6ea7cc1b-6dd1-4a6f-b526-a2c2472221ee@group-F450BAF5DF14: changes role from  FOLLOWER to FOLLOWER at term 33 for recognizeCandidate:84d87b42-83ce-4078-8a37-3864f9520041
2019-10-17 07:43:11,271 [84d87b42-83ce-4078-8a37-3864f9520041@group-1D40C168E3C4-LeaderElection35] INFO  server.RaftServerConfigKeys (ConfUtils.java:logGet(43)) - raft.server.write.element-limit = 4096 (default)
2019-10-17 07:43:11,271 [pool-59-thread-1] INFO  server.RaftServerConfigKeys (ConfUtils.java:logGet(43)) - raft.server.log.segment.size.max = 1048576 (custom)
2019-10-17 07:43:11,272 [grpc-default-executor-4] INFO  impl.RaftServerImpl (RaftServerImpl.java:setRole(184)) - 722c44df-b170-4eeb-abb4-8ab07bb69a54@group-F450BAF5DF14: changes role from  FOLLOWER to FOLLOWER at term 33 for recognizeCandidate:84d87b42-83ce-4078-8a37-3864f9520041
2019-10-17 07:43:11,271 [pool-27-thread-1] INFO  server.RaftServerConfigKeys (ConfUtils.java:logGet(43)) - raft.server.log.use.memory = false (default)
2019-10-17 07:43:11,272 [grpc-default-executor-4] INFO  impl.RoleInfo (RoleInfo.java:shutdownFollowerState(121)) - 722c44df-b170-4eeb-abb4-8ab07bb69a54: shutdown FollowerState
2019-10-17 07:43:11,272 [pool-59-thread-1] INFO  server.RaftServerConfigKeys (ConfUtils.java:logGet(43)) - raft.server.log.segment.cache.num.max = 2 (custom)
2019-10-17 07:43:11,272 [84d87b42-83ce-4078-8a37-3864f9520041@group-1D40C168E3C4-LeaderElection35] INFO  server.RaftServerConfigKeys (ConfUtils.java:logGet(43)) - raft.server.watch.timeout = 10s (default)
2019-10-17 07:43:11,272 [grpc-default-executor-0] INFO  impl.RoleInfo (RoleInfo.java:shutdownFollowerState(121)) - 6ea7cc1b-6dd1-4a6f-b526-a2c2472221ee: shutdown FollowerState
2019-10-17 07:43:11,271 [pool-37-thread-1] INFO  server.RaftServerConfigKeys (ConfUtils.java:logGet(43)) - raft.server.log.purge.gap = 1000000 (custom)
2019-10-17 07:43:11,273 [Thread-762] INFO  impl.FollowerState (FollowerState.java:run(117)) - 6ea7cc1b-6dd1-4a6f-b526-a2c2472221ee@group-F450BAF5DF14-FollowerState was interrupted: java.lang.InterruptedException: sleep interrupted
2019-10-17 07:43:11,273 [grpc-default-executor-0] INFO  impl.RoleInfo (RoleInfo.java:updateAndGet(143)) - 6ea7cc1b-6dd1-4a6f-b526-a2c2472221ee: start FollowerState
2019-10-17 07:43:11,272 [84d87b42-83ce-4078-8a37-3864f9520041@group-1D40C168E3C4-LeaderElection35] INFO  server.RaftServerConfigKeys (ConfUtils.java:logGet(43)) - raft.server.watch.timeout.denomination = 1s (default)
2019-10-17 07:43:11,272 [pool-59-thread-1] INFO  segmented.SegmentedRaftLogWorker (SegmentedRaftLogWorker.java:<init>(173)) - new 84d87b42-83ce-4078-8a37-3864f9520041@group-BB62A460AFEC-SegmentedRaftLogWorker for RaftStorage:Storage Directory /workdir/hadoop-ozone/integration-test/target/test-dir/MiniOzoneClusterImpl-e6097d48-8480-4a37-8188-3862b7c67c50/datanode-2/data/ratis/94b7f6a7-cca0-4359-a04b-bb62a460afec
2019-10-17 07:43:11,272 [Thread-763] INFO  impl.FollowerState (FollowerState.java:run(117)) - 722c44df-b170-4eeb-abb4-8ab07bb69a54@group-F450BAF5DF14-FollowerState was interrupted: java.lang.InterruptedException: sleep interrupted
2019-10-17 07:43:11,272 [grpc-default-executor-4] INFO  impl.RoleInfo (RoleInfo.java:updateAndGet(143)) - 722c44df-b170-4eeb-abb4-8ab07bb69a54: start FollowerState
2019-10-17 07:43:11,272 [pool-27-thread-1] INFO  server.RaftServerConfigKeys (ConfUtils.java:logGet(43)) - raft.server.log.purge.gap = 1000000 (custom)
2019-10-17 07:43:11,273 [pool-59-thread-1] INFO  server.RaftServerConfigKeys (ConfUtils.java:logGet(43)) - raft.server.log.queue.byte-limit = 2147483647 (custom)
2019-10-17 07:43:11,273 [84d87b42-83ce-4078-8a37-3864f9520041@group-1D40C168E3C4-LeaderElection35] INFO  server.RaftServerConfigKeys (ConfUtils.java:logGet(43)) - raft.server.watch.element-limit = 65536 (default)
2019-10-17 07:43:11,273 [pool-37-thread-1] INFO  server.RaftServerConfigKeys (ConfUtils.java:logGet(43)) - raft.server.log.appender.buffer.byte-limit = 33554432 (custom)
2019-10-17 07:43:11,273 [pool-59-thread-1] INFO  server.RaftServerConfigKeys (ConfUtils.java:logGet(43)) - raft.server.log.queue.element-limit = 1024 (custom)
2019-10-17 07:43:11,273 [pool-27-thread-1] INFO  server.RaftServerConfigKeys (ConfUtils.java:logGet(43)) - raft.server.log.appender.buffer.byte-limit = 33554432 (custom)
2019-10-17 07:43:11,274 [pool-59-thread-1] INFO  server.RaftServerConfigKeys (ConfUtils.java:logGet(43)) - raft.server.log.segment.size.max = 1048576 (custom)
2019-10-17 07:43:11,274 [pool-37-thread-1] INFO  server.RaftServerConfigKeys (ConfUtils.java:logGet(43)) - raft.server.log.segment.size.max = 1048576 (custom)
2019-10-17 07:43:11,274 [pool-59-thread-1] INFO  server.RaftServerConfigKeys (ConfUtils.java:logGet(43)) - raft.server.log.preallocated.size = 16384 (custom)
2019-10-17 07:43:11,274 [pool-27-thread-1] INFO  server.RaftServerConfigKeys (ConfUtils.java:logGet(43)) - raft.server.log.segment.size.max = 1048576 (custom)
2019-10-17 07:43:11,274 [pool-59-thread-1] INFO  server.RaftServerConfigKeys (ConfUtils.java:logGet(43)) - raft.server.log.write.buffer.size = 33554432 (custom)
2019-10-17 07:43:11,274 [pool-37-thread-1] INFO  server.RaftServerConfigKeys (ConfUtils.java:logGet(43)) - raft.server.log.segment.cache.num.max = 2 (custom)
2019-10-17 07:43:11,274 [pool-59-thread-1] INFO  server.RaftServerConfigKeys (ConfUtils.java:logGet(43)) - raft.server.log.force.sync.num = 128 (default)
2019-10-17 07:43:11,274 [pool-27-thread-1] INFO  server.RaftServerConfigKeys (ConfUtils.java:logGet(43)) - raft.server.log.segment.cache.num.max = 2 (custom)
2019-10-17 07:43:11,275 [pool-59-thread-1] INFO  server.RaftServerConfigKeys (ConfUtils.java:logGet(43)) - raft.server.log.statemachine.data.sync = true (default)
2019-10-17 07:43:11,275 [pool-37-thread-1] INFO  segmented.SegmentedRaftLogWorker (SegmentedRaftLogWorker.java:<init>(173)) - new 6ea7cc1b-6dd1-4a6f-b526-a2c2472221ee@group-BB62A460AFEC-SegmentedRaftLogWorker for RaftStorage:Storage Directory /workdir/hadoop-ozone/integration-test/target/test-dir/MiniOzoneClusterImpl-e6097d48-8480-4a37-8188-3862b7c67c50/datanode-1/data/ratis/94b7f6a7-cca0-4359-a04b-bb62a460afec
2019-10-17 07:43:11,275 [pool-59-thread-1] INFO  server.RaftServerConfigKeys (ConfUtils.java:logGet(43)) - raft.server.log.statemachine.data.sync.timeout = 10s (default)
2019-10-17 07:43:11,275 [pool-27-thread-1] INFO  segmented.SegmentedRaftLogWorker (SegmentedRaftLogWorker.java:<init>(173)) - new 722c44df-b170-4eeb-abb4-8ab07bb69a54@group-BB62A460AFEC-SegmentedRaftLogWorker for RaftStorage:Storage Directory /workdir/hadoop-ozone/integration-test/target/test-dir/MiniOzoneClusterImpl-e6097d48-8480-4a37-8188-3862b7c67c50/datanode-0/data/ratis/94b7f6a7-cca0-4359-a04b-bb62a460afec
2019-10-17 07:43:11,275 [pool-59-thread-1] INFO  server.RaftServerConfigKeys (ConfUtils.java:logGet(43)) - raft.server.log.statemachine.data.sync.timeout.retry = -1 (default)
2019-10-17 07:43:11,275 [pool-37-thread-1] INFO  server.RaftServerConfigKeys (ConfUtils.java:logGet(43)) - raft.server.log.queue.byte-limit = 2147483647 (custom)
2019-10-17 07:43:11,275 [pool-59-thread-1] INFO  server.RaftServerConfigKeys (ConfUtils.java:logGet(43)) - raft.server.log.statemachine.data.caching.enabled = true (custom)
2019-10-17 07:43:11,275 [pool-27-thread-1] INFO  server.RaftServerConfigKeys (ConfUtils.java:logGet(43)) - raft.server.log.queue.byte-limit = 2147483647 (custom)
2019-10-17 07:43:11,275 [84d87b42-83ce-4078-8a37-3864f9520041@group-1D40C168E3C4-LeaderElection35] INFO  impl.RoleInfo (RoleInfo.java:updateAndGet(143)) - 84d87b42-83ce-4078-8a37-3864f9520041: start LeaderState
2019-10-17 07:43:11,276 [pool-59-thread-1] INFO  segmented.SegmentedRaftLogWorker (SegmentedRaftLogWorker.java:lambda$new$0(128)) - 84d87b42-83ce-4078-8a37-3864f9520041@group-BB62A460AFEC-SegmentedRaftLogWorker: flushIndex: setUnconditionally 0 -> -1
2019-10-17 07:43:11,275 [pool-37-thread-1] INFO  server.RaftServerConfigKeys (ConfUtils.java:logGet(43)) - raft.server.log.queue.element-limit = 1024 (custom)
2019-10-17 07:43:11,276 [84d87b42-83ce-4078-8a37-3864f9520041@group-1D40C168E3C4-LeaderElection35] INFO  segmented.SegmentedRaftLogWorker (SegmentedRaftLogWorker.java:startLogSegment(385)) - 84d87b42-83ce-4078-8a37-3864f9520041@group-1D40C168E3C4-SegmentedRaftLogWorker: Starting segment from index:0
2019-10-17 07:43:11,276 [pool-27-thread-1] INFO  server.RaftServerConfigKeys (ConfUtils.java:logGet(43)) - raft.server.log.queue.element-limit = 1024 (custom)
2019-10-17 07:43:11,276 [pool-37-thread-1] INFO  server.RaftServerConfigKeys (ConfUtils.java:logGet(43)) - raft.server.log.segment.size.max = 1048576 (custom)
2019-10-17 07:43:11,276 [pool-59-thread-1] INFO  server.RaftServerConfigKeys (ConfUtils.java:logGet(43)) - raft.server.snapshot.auto.trigger.enabled = true (custom)
2019-10-17 07:43:11,276 [pool-37-thread-1] INFO  server.RaftServerConfigKeys (ConfUtils.java:logGet(43)) - raft.server.log.preallocated.size = 16384 (custom)
2019-10-17 07:43:11,276 [pool-27-thread-1] INFO  server.RaftServerConfigKeys (ConfUtils.java:logGet(43)) - raft.server.log.segment.size.max = 1048576 (custom)
2019-10-17 07:43:11,277 [pool-37-thread-1] INFO  server.RaftServerConfigKeys (ConfUtils.java:logGet(43)) - raft.server.log.write.buffer.size = 33554432 (custom)
2019-10-17 07:43:11,277 [84d87b42-83ce-4078-8a37-3864f9520041@group-1D40C168E3C4-LeaderElection35] INFO  impl.RaftServerImpl (ServerState.java:setRaftConf(357)) - 84d87b42-83ce-4078-8a37-3864f9520041@group-1D40C168E3C4: set configuration 0: [84d87b42-83ce-4078-8a37-3864f9520041:192.168.164.211:42413], old=null at 0
2019-10-17 07:43:11,276 [pool-59-thread-1] INFO  server.RaftServerConfigKeys (ConfUtils.java:logGet(43)) - raft.server.snapshot.auto.trigger.threshold = 10000 (custom)
2019-10-17 07:43:11,277 [pool-37-thread-1] INFO  server.RaftServerConfigKeys (ConfUtils.java:logGet(43)) - raft.server.log.force.sync.num = 128 (default)
2019-10-17 07:43:11,277 [pool-27-thread-1] INFO  server.RaftServerConfigKeys (ConfUtils.java:logGet(43)) - raft.server.log.preallocated.size = 16384 (custom)
2019-10-17 07:43:11,277 [pool-37-thread-1] INFO  server.RaftServerConfigKeys (ConfUtils.java:logGet(43)) - raft.server.log.statemachine.data.sync = true (default)
2019-10-17 07:43:11,277 [pool-59-thread-1] INFO  server.RaftServerConfigKeys (ConfUtils.java:logGet(43)) - raft.server.snapshot.retention.file.num = 5 (custom)
2019-10-17 07:43:11,277 [pool-37-thread-1] INFO  server.RaftServerConfigKeys (ConfUtils.java:logGet(43)) - raft.server.log.statemachine.data.sync.timeout = 10s (default)
2019-10-17 07:43:11,277 [pool-27-thread-1] INFO  server.RaftServerConfigKeys (ConfUtils.java:logGet(43)) - raft.server.log.write.buffer.size = 33554432 (custom)
2019-10-17 07:43:11,278 [pool-37-thread-1] INFO  server.RaftServerConfigKeys (ConfUtils.java:logGet(43)) - raft.server.log.statemachine.data.sync.timeout.retry = -1 (default)
2019-10-17 07:43:11,277 [pool-59-thread-1] INFO  server.RaftServerConfigKeys (ConfUtils.java:logGet(43)) - raft.server.retrycache.expirytime = 600000ms (custom)
2019-10-17 07:43:11,278 [pool-37-thread-1] INFO  server.RaftServerConfigKeys (ConfUtils.java:logGet(43)) - raft.server.log.statemachine.data.caching.enabled = true (custom)
2019-10-17 07:43:11,278 [pool-27-thread-1] INFO  server.RaftServerConfigKeys (ConfUtils.java:logGet(43)) - raft.server.log.force.sync.num = 128 (default)
2019-10-17 07:43:11,278 [pool-27-thread-1] INFO  server.RaftServerConfigKeys (ConfUtils.java:logGet(43)) - raft.server.log.statemachine.data.sync = true (default)
2019-10-17 07:43:11,278 [pool-37-thread-1] INFO  segmented.SegmentedRaftLogWorker (SegmentedRaftLogWorker.java:lambda$new$0(128)) - 6ea7cc1b-6dd1-4a6f-b526-a2c2472221ee@group-BB62A460AFEC-SegmentedRaftLogWorker: flushIndex: setUnconditionally 0 -> -1
2019-10-17 07:43:11,278 [pool-27-thread-1] INFO  server.RaftServerConfigKeys (ConfUtils.java:logGet(43)) - raft.server.log.statemachine.data.sync.timeout = 10s (default)
2019-10-17 07:43:11,278 [pool-37-thread-1] INFO  server.RaftServerConfigKeys (ConfUtils.java:logGet(43)) - raft.server.snapshot.auto.trigger.enabled = true (custom)
2019-10-17 07:43:11,279 [pool-27-thread-1] INFO  server.RaftServerConfigKeys (ConfUtils.java:logGet(43)) - raft.server.log.statemachine.data.sync.timeout.retry = -1 (default)
2019-10-17 07:43:11,279 [pool-37-thread-1] INFO  server.RaftServerConfigKeys (ConfUtils.java:logGet(43)) - raft.server.snapshot.auto.trigger.threshold = 10000 (custom)
2019-10-17 07:43:11,279 [pool-27-thread-1] INFO  server.RaftServerConfigKeys (ConfUtils.java:logGet(43)) - raft.server.log.statemachine.data.caching.enabled = true (custom)
2019-10-17 07:43:11,279 [pool-37-thread-1] INFO  server.RaftServerConfigKeys (ConfUtils.java:logGet(43)) - raft.server.snapshot.retention.file.num = 5 (custom)
2019-10-17 07:43:11,279 [pool-37-thread-1] INFO  server.RaftServerConfigKeys (ConfUtils.java:logGet(43)) - raft.server.retrycache.expirytime = 600000ms (custom)
2019-10-17 07:43:11,279 [pool-27-thread-1] INFO  segmented.SegmentedRaftLogWorker (SegmentedRaftLogWorker.java:lambda$new$0(128)) - 722c44df-b170-4eeb-abb4-8ab07bb69a54@group-BB62A460AFEC-SegmentedRaftLogWorker: flushIndex: setUnconditionally 0 -> -1
2019-10-17 07:43:11,280 [pool-27-thread-1] INFO  server.RaftServerConfigKeys (ConfUtils.java:logGet(43)) - raft.server.snapshot.auto.trigger.enabled = true (custom)
2019-10-17 07:43:11,280 [pool-27-thread-1] INFO  server.RaftServerConfigKeys (ConfUtils.java:logGet(43)) - raft.server.snapshot.auto.trigger.threshold = 10000 (custom)
2019-10-17 07:43:11,280 [pool-27-thread-1] INFO  server.RaftServerConfigKeys (ConfUtils.java:logGet(43)) - raft.server.snapshot.retention.file.num = 5 (custom)
2019-10-17 07:43:11,280 [pool-27-thread-1] INFO  server.RaftServerConfigKeys (ConfUtils.java:logGet(43)) - raft.server.retrycache.expirytime = 600000ms (custom)
2019-10-17 07:43:11,282 [pool-59-thread-1] INFO  impl.RaftServerImpl (RaftServerImpl.java:start(195)) - 84d87b42-83ce-4078-8a37-3864f9520041@group-BB62A460AFEC: start as a follower, conf=-1: [6ea7cc1b-6dd1-4a6f-b526-a2c2472221ee:192.168.164.211:45347, 722c44df-b170-4eeb-abb4-8ab07bb69a54:192.168.164.211:33246, 84d87b42-83ce-4078-8a37-3864f9520041:192.168.164.211:42413], old=null
2019-10-17 07:43:11,282 [pool-59-thread-1] INFO  impl.RaftServerImpl (RaftServerImpl.java:setRole(184)) - 84d87b42-83ce-4078-8a37-3864f9520041@group-BB62A460AFEC: changes role from      null to FOLLOWER at term 0 for startAsFollower
2019-10-17 07:43:11,282 [pool-59-thread-1] INFO  impl.RoleInfo (RoleInfo.java:updateAndGet(143)) - 84d87b42-83ce-4078-8a37-3864f9520041: start FollowerState
2019-10-17 07:43:11,283 [pool-59-thread-1] INFO  util.JmxRegister (JmxRegister.java:tryRegister(44)) - Successfully registered JMX Bean with object name Ratis:service=RaftServer,group=group-BB62A460AFEC,id=84d87b42-83ce-4078-8a37-3864f9520041
2019-10-17 07:43:11,284 [pool-37-thread-1] INFO  impl.RaftServerImpl (RaftServerImpl.java:start(195)) - 6ea7cc1b-6dd1-4a6f-b526-a2c2472221ee@group-BB62A460AFEC: start as a follower, conf=-1: [6ea7cc1b-6dd1-4a6f-b526-a2c2472221ee:192.168.164.211:45347, 722c44df-b170-4eeb-abb4-8ab07bb69a54:192.168.164.211:33246, 84d87b42-83ce-4078-8a37-3864f9520041:192.168.164.211:42413], old=null
2019-10-17 07:43:11,284 [pool-37-thread-1] INFO  impl.RaftServerImpl (RaftServerImpl.java:setRole(184)) - 6ea7cc1b-6dd1-4a6f-b526-a2c2472221ee@group-BB62A460AFEC: changes role from      null to FOLLOWER at term 0 for startAsFollower
2019-10-17 07:43:11,284 [pool-37-thread-1] INFO  impl.RoleInfo (RoleInfo.java:updateAndGet(143)) - 6ea7cc1b-6dd1-4a6f-b526-a2c2472221ee: start FollowerState
2019-10-17 07:43:11,284 [pool-37-thread-1] INFO  util.JmxRegister (JmxRegister.java:tryRegister(44)) - Successfully registered JMX Bean with object name Ratis:service=RaftServer,group=group-BB62A460AFEC,id=6ea7cc1b-6dd1-4a6f-b526-a2c2472221ee
2019-10-17 07:43:11,285 [pool-27-thread-1] INFO  impl.RaftServerImpl (RaftServerImpl.java:start(195)) - 722c44df-b170-4eeb-abb4-8ab07bb69a54@group-BB62A460AFEC: start as a follower, conf=-1: [6ea7cc1b-6dd1-4a6f-b526-a2c2472221ee:192.168.164.211:45347, 722c44df-b170-4eeb-abb4-8ab07bb69a54:192.168.164.211:33246, 84d87b42-83ce-4078-8a37-3864f9520041:192.168.164.211:42413], old=null
2019-10-17 07:43:11,285 [pool-27-thread-1] INFO  impl.RaftServerImpl (RaftServerImpl.java:setRole(184)) - 722c44df-b170-4eeb-abb4-8ab07bb69a54@group-BB62A460AFEC: changes role from      null to FOLLOWER at term 0 for startAsFollower
2019-10-17 07:43:11,285 [pool-27-thread-1] INFO  impl.RoleInfo (RoleInfo.java:updateAndGet(143)) - 722c44df-b170-4eeb-abb4-8ab07bb69a54: start FollowerState
2019-10-17 07:43:11,285 [pool-27-thread-1] INFO  util.JmxRegister (JmxRegister.java:tryRegister(44)) - Successfully registered JMX Bean with object name Ratis:service=RaftServer,group=group-BB62A460AFEC,id=722c44df-b170-4eeb-abb4-8ab07bb69a54
2019-10-17 07:43:11,303 [Thread-783] INFO  impl.FollowerState (FollowerState.java:run(108)) - 722c44df-b170-4eeb-abb4-8ab07bb69a54@group-BB62A460AFEC-FollowerState: change to CANDIDATE, lastRpcTime:18ms, electionTimeout:17ms
2019-10-17 07:43:11,304 [Thread-783] INFO  impl.RoleInfo (RoleInfo.java:shutdownFollowerState(121)) - 722c44df-b170-4eeb-abb4-8ab07bb69a54: shutdown FollowerState
2019-10-17 07:43:11,304 [Thread-783] INFO  impl.RaftServerImpl (RaftServerImpl.java:setRole(184)) - 722c44df-b170-4eeb-abb4-8ab07bb69a54@group-BB62A460AFEC: changes role from  FOLLOWER to CANDIDATE at term 0 for changeToCandidate
2019-10-17 07:43:11,305 [Thread-783] INFO  impl.RoleInfo (RoleInfo.java:updateAndGet(143)) - 722c44df-b170-4eeb-abb4-8ab07bb69a54: start LeaderElection
2019-10-17 07:43:11,305 [84d87b42-83ce-4078-8a37-3864f9520041@group-F450BAF5DF14-LeaderElection36] INFO  impl.LeaderElection (LeaderElection.java:logAndReturn(56)) - 84d87b42-83ce-4078-8a37-3864f9520041@group-F450BAF5DF14-LeaderElection36: Election REJECTED; received 2 response(s) [84d87b42-83ce-4078-8a37-3864f9520041<-6ea7cc1b-6dd1-4a6f-b526-a2c2472221ee#0:FAIL-t33, 84d87b42-83ce-4078-8a37-3864f9520041<-722c44df-b170-4eeb-abb4-8ab07bb69a54#0:FAIL-t33] and 0 exception(s); 84d87b42-83ce-4078-8a37-3864f9520041@group-F450BAF5DF14:t33, leader=null, voted=84d87b42-83ce-4078-8a37-3864f9520041, raftlog=84d87b42-83ce-4078-8a37-3864f9520041@group-F450BAF5DF14-SegmentedRaftLog:OPENED:c3,f4,i4, conf=0: [6ea7cc1b-6dd1-4a6f-b526-a2c2472221ee:192.168.164.211:45347, 722c44df-b170-4eeb-abb4-8ab07bb69a54:192.168.164.211:33246, 84d87b42-83ce-4078-8a37-3864f9520041:192.168.164.211:42413], old=null
2019-10-17 07:43:11,307 [84d87b42-83ce-4078-8a37-3864f9520041@group-F450BAF5DF14-LeaderElection36] INFO  impl.RaftServerImpl (RaftServerImpl.java:setRole(184)) - 84d87b42-83ce-4078-8a37-3864f9520041@group-F450BAF5DF14: changes role from CANDIDATE to FOLLOWER at term 33 for DISCOVERED_A_NEW_TERM
2019-10-17 07:43:11,307 [84d87b42-83ce-4078-8a37-3864f9520041@group-F450BAF5DF14-LeaderElection36] INFO  impl.RoleInfo (RoleInfo.java:shutdownLeaderElection(134)) - 84d87b42-83ce-4078-8a37-3864f9520041: shutdown LeaderElection
2019-10-17 07:43:11,307 [84d87b42-83ce-4078-8a37-3864f9520041@group-F450BAF5DF14-LeaderElection36] INFO  impl.RoleInfo (RoleInfo.java:updateAndGet(143)) - 84d87b42-83ce-4078-8a37-3864f9520041: start FollowerState
2019-10-17 07:43:11,309 [RatisPipelineUtilsThread] INFO  pipeline.PipelineStateManager (PipelineStateManager.java:addPipeline(56)) - Created pipeline Pipeline[ Id: 94b7f6a7-cca0-4359-a04b-bb62a460afec, Nodes: 6ea7cc1b-6dd1-4a6f-b526-a2c2472221ee{ip: 192.168.164.211, host: pr-hdds-2283-cnrrq-1638407854, networkLocation: /default-rack, certSerialId: null}84d87b42-83ce-4078-8a37-3864f9520041{ip: 192.168.164.211, host: pr-hdds-2283-cnrrq-1638407854, networkLocation: /default-rack, certSerialId: null}722c44df-b170-4eeb-abb4-8ab07bb69a54{ip: 192.168.164.211, host: pr-hdds-2283-cnrrq-1638407854, networkLocation: /default-rack, certSerialId: null}, Type:RATIS, Factor:THREE, State:OPEN]
2019-10-17 07:43:11,312 [BlockDeletingService#3] WARN  background.BlockDeletingService (BlockDeletingService.java:isDeletionAllowed(187)) - Close Container log Index 6 is not replicated across allthe servers in the pipeline 6e647d31-eff2-4ddc-80e8-f450baf5df14 as the min replicated index is 4. Deletion is not allowed in this container yet.
2019-10-17 07:43:11,313 [BlockDeletingService#2] WARN  background.BlockDeletingService (BlockDeletingService.java:isDeletionAllowed(187)) - Close Container log Index 6 is not replicated across allthe servers in the pipeline 6e647d31-eff2-4ddc-80e8-f450baf5df14 as the min replicated index is 4. Deletion is not allowed in this container yet.
2019-10-17 07:43:11,328 [84d87b42-83ce-4078-8a37-3864f9520041@group-1D40C168E3C4-SegmentedRaftLogWorker] INFO  segmented.SegmentedRaftLogWorker (SegmentedRaftLogWorker.java:execute(576)) - 84d87b42-83ce-4078-8a37-3864f9520041@group-1D40C168E3C4-SegmentedRaftLogWorker: created new log segment /workdir/hadoop-ozone/integration-test/target/test-dir/MiniOzoneClusterImpl-e6097d48-8480-4a37-8188-3862b7c67c50/datanode-2/data/ratis/c71cbb08-dd68-40c8-8eb3-1d40c168e3c4/current/log_inprogress_0
2019-10-17 07:43:11,328 [722c44df-b170-4eeb-abb4-8ab07bb69a54@group-BB62A460AFEC-LeaderElection37] INFO  impl.LeaderElection (LeaderElection.java:askForVotes(178)) - 722c44df-b170-4eeb-abb4-8ab07bb69a54@group-BB62A460AFEC-LeaderElection37: begin an election at term 1 for -1: [6ea7cc1b-6dd1-4a6f-b526-a2c2472221ee:192.168.164.211:45347, 722c44df-b170-4eeb-abb4-8ab07bb69a54:192.168.164.211:33246, 84d87b42-83ce-4078-8a37-3864f9520041:192.168.164.211:42413], old=null
2019-10-17 07:43:11,336 [grpc-default-executor-4] INFO  impl.RaftServerImpl (RaftServerImpl.java:setRole(184)) - 84d87b42-83ce-4078-8a37-3864f9520041@group-BB62A460AFEC: changes role from  FOLLOWER to FOLLOWER at term 1 for recognizeCandidate:722c44df-b170-4eeb-abb4-8ab07bb69a54
2019-10-17 07:43:11,337 [grpc-default-executor-4] INFO  impl.RoleInfo (RoleInfo.java:shutdownFollowerState(121)) - 84d87b42-83ce-4078-8a37-3864f9520041: shutdown FollowerState
2019-10-17 07:43:11,337 [Thread-781] INFO  impl.FollowerState (FollowerState.java:run(117)) - 84d87b42-83ce-4078-8a37-3864f9520041@group-BB62A460AFEC-FollowerState was interrupted: java.lang.InterruptedException: sleep interrupted
2019-10-17 07:43:11,337 [grpc-default-executor-0] INFO  impl.RaftServerImpl (RaftServerImpl.java:setRole(184)) - 6ea7cc1b-6dd1-4a6f-b526-a2c2472221ee@group-BB62A460AFEC: changes role from  FOLLOWER to FOLLOWER at term 1 for recognizeCandidate:722c44df-b170-4eeb-abb4-8ab07bb69a54
2019-10-17 07:43:11,337 [grpc-default-executor-4] INFO  impl.RoleInfo (RoleInfo.java:updateAndGet(143)) - 84d87b42-83ce-4078-8a37-3864f9520041: start FollowerState
2019-10-17 07:43:11,338 [grpc-default-executor-0] INFO  impl.RoleInfo (RoleInfo.java:shutdownFollowerState(121)) - 6ea7cc1b-6dd1-4a6f-b526-a2c2472221ee: shutdown FollowerState
2019-10-17 07:43:11,338 [grpc-default-executor-0] INFO  impl.RoleInfo (RoleInfo.java:updateAndGet(143)) - 6ea7cc1b-6dd1-4a6f-b526-a2c2472221ee: start FollowerState
2019-10-17 07:43:11,338 [Thread-782] INFO  impl.FollowerState (FollowerState.java:run(117)) - 6ea7cc1b-6dd1-4a6f-b526-a2c2472221ee@group-BB62A460AFEC-FollowerState was interrupted: java.lang.InterruptedException: sleep interrupted
2019-10-17 07:43:11,358 [722c44df-b170-4eeb-abb4-8ab07bb69a54@group-BB62A460AFEC-LeaderElection37] INFO  impl.LeaderElection (LeaderElection.java:logAndReturn(56)) - 722c44df-b170-4eeb-abb4-8ab07bb69a54@group-BB62A460AFEC-LeaderElection37: Election PASSED; received 1 response(s) [722c44df-b170-4eeb-abb4-8ab07bb69a54<-84d87b42-83ce-4078-8a37-3864f9520041#0:OK-t1] and 0 exception(s); 722c44df-b170-4eeb-abb4-8ab07bb69a54@group-BB62A460AFEC:t1, leader=null, voted=722c44df-b170-4eeb-abb4-8ab07bb69a54, raftlog=722c44df-b170-4eeb-abb4-8ab07bb69a54@group-BB62A460AFEC-SegmentedRaftLog:OPENED:c-1,f-1,i0, conf=-1: [6ea7cc1b-6dd1-4a6f-b526-a2c2472221ee:192.168.164.211:45347, 722c44df-b170-4eeb-abb4-8ab07bb69a54:192.168.164.211:33246, 84d87b42-83ce-4078-8a37-3864f9520041:192.168.164.211:42413], old=null
2019-10-17 07:43:11,359 [722c44df-b170-4eeb-abb4-8ab07bb69a54@group-BB62A460AFEC-LeaderElection37] INFO  impl.RoleInfo (RoleInfo.java:shutdownLeaderElection(134)) - 722c44df-b170-4eeb-abb4-8ab07bb69a54: shutdown LeaderElection
2019-10-17 07:43:11,359 [722c44df-b170-4eeb-abb4-8ab07bb69a54@group-BB62A460AFEC-LeaderElection37] INFO  impl.RaftServerImpl (RaftServerImpl.java:setRole(184)) - 722c44df-b170-4eeb-abb4-8ab07bb69a54@group-BB62A460AFEC: changes role from CANDIDATE to LEADER at term 1 for changeToLeader
2019-10-17 07:43:11,359 [722c44df-b170-4eeb-abb4-8ab07bb69a54@group-BB62A460AFEC-LeaderElection37] INFO  impl.RaftServerImpl (ServerState.java:setLeader(256)) - 722c44df-b170-4eeb-abb4-8ab07bb69a54@group-BB62A460AFEC: change Leader from null to 722c44df-b170-4eeb-abb4-8ab07bb69a54 at term 1 for becomeLeader, leader elected after 88ms
2019-10-17 07:43:11,359 [722c44df-b170-4eeb-abb4-8ab07bb69a54@group-BB62A460AFEC-LeaderElection37] INFO  server.RaftServerConfigKeys (ConfUtils.java:logGet(43)) - raft.server.staging.catchup.gap = 1000 (default)
2019-10-17 07:43:11,359 [722c44df-b170-4eeb-abb4-8ab07bb69a54@group-BB62A460AFEC-LeaderElection37] INFO  server.RaftServerConfigKeys (ConfUtils.java:logGet(43)) - raft.server.rpc.sleep.time = 25ms (default)
2019-10-17 07:43:11,359 [722c44df-b170-4eeb-abb4-8ab07bb69a54@group-BB62A460AFEC-LeaderElection37] INFO  server.RaftServerConfigKeys (ConfUtils.java:logGet(43)) - raft.server.write.element-limit = 4096 (default)
2019-10-17 07:43:11,359 [722c44df-b170-4eeb-abb4-8ab07bb69a54@group-BB62A460AFEC-LeaderElection37] INFO  server.RaftServerConfigKeys (ConfUtils.java:logGet(43)) - raft.server.watch.timeout = 10s (default)
2019-10-17 07:43:11,359 [722c44df-b170-4eeb-abb4-8ab07bb69a54@group-BB62A460AFEC-LeaderElection37] INFO  server.RaftServerConfigKeys (ConfUtils.java:logGet(43)) - raft.server.watch.timeout.denomination = 1s (default)
2019-10-17 07:43:11,360 [722c44df-b170-4eeb-abb4-8ab07bb69a54@group-BB62A460AFEC-LeaderElection37] INFO  server.RaftServerConfigKeys (ConfUtils.java:logGet(43)) - raft.server.watch.element-limit = 65536 (default)
2019-10-17 07:43:11,362 [722c44df-b170-4eeb-abb4-8ab07bb69a54@group-BB62A460AFEC-LeaderElection37] INFO  server.RaftServerConfigKeys (ConfUtils.java:logGet(43)) - raft.server.log.appender.snapshot.chunk.size.max = 16MB (=16777216) (default)
2019-10-17 07:43:11,362 [722c44df-b170-4eeb-abb4-8ab07bb69a54@group-BB62A460AFEC-LeaderElection37] INFO  server.RaftServerConfigKeys (ConfUtils.java:logGet(43)) - raft.server.log.appender.buffer.byte-limit = 33554432 (custom)
2019-10-17 07:43:11,362 [722c44df-b170-4eeb-abb4-8ab07bb69a54@group-BB62A460AFEC-LeaderElection37] INFO  server.RaftServerConfigKeys (ConfUtils.java:logGet(43)) - raft.server.log.appender.buffer.element-limit = 1 (custom)
2019-10-17 07:43:11,363 [722c44df-b170-4eeb-abb4-8ab07bb69a54@group-BB62A460AFEC-LeaderElection37] INFO  grpc.GrpcConfigKeys$Server (ConfUtils.java:logGet(43)) - raft.grpc.server.leader.outstanding.appends.max = 128 (default)
2019-10-17 07:43:11,363 [722c44df-b170-4eeb-abb4-8ab07bb69a54@group-BB62A460AFEC-LeaderElection37] INFO  server.RaftServerConfigKeys (ConfUtils.java:logGet(43)) - raft.server.rpc.request.timeout = 3000ms (default)
2019-10-17 07:43:11,363 [722c44df-b170-4eeb-abb4-8ab07bb69a54@group-BB62A460AFEC-LeaderElection37] INFO  server.RaftServerConfigKeys (ConfUtils.java:logGet(43)) - raft.server.log.appender.install.snapshot.enabled = false (custom)
2019-10-17 07:43:11,365 [722c44df-b170-4eeb-abb4-8ab07bb69a54@group-BB62A460AFEC-LeaderElection37] INFO  server.RaftServerConfigKeys (ConfUtils.java:logGet(43)) - raft.server.log.appender.snapshot.chunk.size.max = 16MB (=16777216) (default)
2019-10-17 07:43:11,365 [722c44df-b170-4eeb-abb4-8ab07bb69a54@group-BB62A460AFEC-LeaderElection37] INFO  server.RaftServerConfigKeys (ConfUtils.java:logGet(43)) - raft.server.log.appender.buffer.byte-limit = 33554432 (custom)
2019-10-17 07:43:11,365 [722c44df-b170-4eeb-abb4-8ab07bb69a54@group-BB62A460AFEC-LeaderElection37] INFO  server.RaftServerConfigKeys (ConfUtils.java:logGet(43)) - raft.server.log.appender.buffer.element-limit = 1 (custom)
2019-10-17 07:43:11,366 [722c44df-b170-4eeb-abb4-8ab07bb69a54@group-BB62A460AFEC-LeaderElection37] INFO  grpc.GrpcConfigKeys$Server (ConfUtils.java:logGet(43)) - raft.grpc.server.leader.outstanding.appends.max = 128 (default)
2019-10-17 07:43:11,366 [722c44df-b170-4eeb-abb4-8ab07bb69a54@group-BB62A460AFEC-LeaderElection37] INFO  server.RaftServerConfigKeys (ConfUtils.java:logGet(43)) - raft.server.rpc.request.timeout = 3000ms (default)
2019-10-17 07:43:11,366 [722c44df-b170-4eeb-abb4-8ab07bb69a54@group-BB62A460AFEC-LeaderElection37] INFO  server.RaftServerConfigKeys (ConfUtils.java:logGet(43)) - raft.server.log.appender.install.snapshot.enabled = false (custom)
2019-10-17 07:43:11,368 [722c44df-b170-4eeb-abb4-8ab07bb69a54@group-BB62A460AFEC-LeaderElection37] INFO  impl.RoleInfo (RoleInfo.java:updateAndGet(143)) - 722c44df-b170-4eeb-abb4-8ab07bb69a54: start LeaderState
2019-10-17 07:43:11,368 [722c44df-b170-4eeb-abb4-8ab07bb69a54@group-BB62A460AFEC-LeaderElection37] INFO  segmented.SegmentedRaftLogWorker (SegmentedRaftLogWorker.java:startLogSegment(385)) - 722c44df-b170-4eeb-abb4-8ab07bb69a54@group-BB62A460AFEC-SegmentedRaftLogWorker: Starting segment from index:0
2019-10-17 07:43:11,369 [722c44df-b170-4eeb-abb4-8ab07bb69a54@group-BB62A460AFEC-LeaderElection37] INFO  impl.RaftServerImpl (ServerState.java:setRaftConf(357)) - 722c44df-b170-4eeb-abb4-8ab07bb69a54@group-BB62A460AFEC: set configuration 0: [6ea7cc1b-6dd1-4a6f-b526-a2c2472221ee:192.168.164.211:45347, 722c44df-b170-4eeb-abb4-8ab07bb69a54:192.168.164.211:33246, 84d87b42-83ce-4078-8a37-3864f9520041:192.168.164.211:42413], old=null at 0
2019-10-17 07:43:11,393 [grpc-default-executor-4] INFO  impl.RaftServerImpl (ServerState.java:setLeader(256)) - 6ea7cc1b-6dd1-4a6f-b526-a2c2472221ee@group-BB62A460AFEC: change Leader from null to 722c44df-b170-4eeb-abb4-8ab07bb69a54 at term 1 for appendEntries, leader elected after 122ms
2019-10-17 07:43:11,395 [grpc-default-executor-0] INFO  impl.RaftServerImpl (ServerState.java:setLeader(256)) - 84d87b42-83ce-4078-8a37-3864f9520041@group-BB62A460AFEC: change Leader from null to 722c44df-b170-4eeb-abb4-8ab07bb69a54 at term 1 for appendEntries, leader elected after 124ms
2019-10-17 07:43:11,398 [grpc-default-executor-4] INFO  impl.RaftServerImpl (ServerState.java:setRaftConf(357)) - 84d87b42-83ce-4078-8a37-3864f9520041@group-BB62A460AFEC: set configuration 0: [6ea7cc1b-6dd1-4a6f-b526-a2c2472221ee:192.168.164.211:45347, 722c44df-b170-4eeb-abb4-8ab07bb69a54:192.168.164.211:33246, 84d87b42-83ce-4078-8a37-3864f9520041:192.168.164.211:42413], old=null at 0
2019-10-17 07:43:11,398 [grpc-default-executor-0] INFO  impl.RaftServerImpl (ServerState.java:setRaftConf(357)) - 6ea7cc1b-6dd1-4a6f-b526-a2c2472221ee@group-BB62A460AFEC: set configuration 0: [6ea7cc1b-6dd1-4a6f-b526-a2c2472221ee:192.168.164.211:45347, 722c44df-b170-4eeb-abb4-8ab07bb69a54:192.168.164.211:33246, 84d87b42-83ce-4078-8a37-3864f9520041:192.168.164.211:42413], old=null at 0
2019-10-17 07:43:11,398 [grpc-default-executor-4] INFO  segmented.SegmentedRaftLogWorker (SegmentedRaftLogWorker.java:startLogSegment(385)) - 84d87b42-83ce-4078-8a37-3864f9520041@group-BB62A460AFEC-SegmentedRaftLogWorker: Starting segment from index:0
2019-10-17 07:43:11,398 [grpc-default-executor-0] INFO  segmented.SegmentedRaftLogWorker (SegmentedRaftLogWorker.java:startLogSegment(385)) - 6ea7cc1b-6dd1-4a6f-b526-a2c2472221ee@group-BB62A460AFEC-SegmentedRaftLogWorker: Starting segment from index:0
2019-10-17 07:43:11,421 [722c44df-b170-4eeb-abb4-8ab07bb69a54@group-BB62A460AFEC-SegmentedRaftLogWorker] INFO  segmented.SegmentedRaftLogWorker (SegmentedRaftLogWorker.java:execute(576)) - 722c44df-b170-4eeb-abb4-8ab07bb69a54@group-BB62A460AFEC-SegmentedRaftLogWorker: created new log segment /workdir/hadoop-ozone/integration-test/target/test-dir/MiniOzoneClusterImpl-e6097d48-8480-4a37-8188-3862b7c67c50/datanode-0/data/ratis/94b7f6a7-cca0-4359-a04b-bb62a460afec/current/log_inprogress_0
2019-10-17 07:43:11,444 [EventQueue-PendingDeleteStatusForPendingDeleteHandler] INFO  block.SCMBlockDeletingService (SCMBlockDeletingService.java:handlePendingDeletes(115)) - Block deletion txnID mismatch in datanode 84d87b42-83ce-4078-8a37-3864f9520041 for containerID 1. Datanode delete txnID: 0, SCM txnID: 1
2019-10-17 07:43:11,446 [6ea7cc1b-6dd1-4a6f-b526-a2c2472221ee@group-BB62A460AFEC-SegmentedRaftLogWorker] INFO  segmented.SegmentedRaftLogWorker (SegmentedRaftLogWorker.java:execute(576)) - 6ea7cc1b-6dd1-4a6f-b526-a2c2472221ee@group-BB62A460AFEC-SegmentedRaftLogWorker: created new log segment /workdir/hadoop-ozone/integration-test/target/test-dir/MiniOzoneClusterImpl-e6097d48-8480-4a37-8188-3862b7c67c50/datanode-1/data/ratis/94b7f6a7-cca0-4359-a04b-bb62a460afec/current/log_inprogress_0
2019-10-17 07:43:11,446 [84d87b42-83ce-4078-8a37-3864f9520041@group-BB62A460AFEC-SegmentedRaftLogWorker] INFO  segmented.SegmentedRaftLogWorker (SegmentedRaftLogWorker.java:execute(576)) - 84d87b42-83ce-4078-8a37-3864f9520041@group-BB62A460AFEC-SegmentedRaftLogWorker: created new log segment /workdir/hadoop-ozone/integration-test/target/test-dir/MiniOzoneClusterImpl-e6097d48-8480-4a37-8188-3862b7c67c50/datanode-2/data/ratis/94b7f6a7-cca0-4359-a04b-bb62a460afec/current/log_inprogress_0
2019-10-17 07:43:11,464 [Thread-788] INFO  impl.FollowerState (FollowerState.java:run(108)) - 84d87b42-83ce-4078-8a37-3864f9520041@group-F450BAF5DF14-FollowerState: change to CANDIDATE, lastRpcTime:157ms, electionTimeout:157ms
2019-10-17 07:43:11,464 [Thread-788] INFO  impl.RoleInfo (RoleInfo.java:shutdownFollowerState(121)) - 84d87b42-83ce-4078-8a37-3864f9520041: shutdown FollowerState
2019-10-17 07:43:11,464 [Thread-788] INFO  impl.RaftServerImpl (RaftServerImpl.java:setRole(184)) - 84d87b42-83ce-4078-8a37-3864f9520041@group-F450BAF5DF14: changes role from  FOLLOWER to CANDIDATE at term 33 for changeToCandidate
2019-10-17 07:43:11,465 [Thread-788] INFO  impl.RoleInfo (RoleInfo.java:updateAndGet(143)) - 84d87b42-83ce-4078-8a37-3864f9520041: start LeaderElection
2019-10-17 07:43:11,492 [pool-7-thread-2] INFO  commands.RetriableDatanodeEventWatcher (RetriableDatanodeEventWatcher.java:onTimeout(47)) - RetriableDatanodeCommand type=deleteBlocksCommand with id=1571298184486 timed out. Retrying.
2019-10-17 07:43:11,493 [pool-7-thread-4] INFO  commands.RetriableDatanodeEventWatcher (RetriableDatanodeEventWatcher.java:onTimeout(47)) - RetriableDatanodeCommand type=deleteBlocksCommand with id=1571298184490 timed out. Retrying.
2019-10-17 07:43:11,493 [pool-7-thread-3] INFO  commands.RetriableDatanodeEventWatcher (RetriableDatanodeEventWatcher.java:onTimeout(47)) - RetriableDatanodeCommand type=deleteBlocksCommand with id=1571298184491 timed out. Retrying.
2019-10-17 07:43:11,493 [pool-7-thread-3] INFO  commands.RetriableDatanodeEventWatcher (RetriableDatanodeEventWatcher.java:onTimeout(47)) - RetriableDatanodeCommand type=deleteBlocksCommand with id=1571298184492 timed out. Retrying.
2019-10-17 07:43:11,493 [pool-7-thread-3] INFO  commands.RetriableDatanodeEventWatcher (RetriableDatanodeEventWatcher.java:onTimeout(47)) - RetriableDatanodeCommand type=deleteBlocksCommand with id=1571298184483 timed out. Retrying.
2019-10-17 07:43:11,493 [pool-7-thread-2] INFO  commands.RetriableDatanodeEventWatcher (RetriableDatanodeEventWatcher.java:onTimeout(47)) - RetriableDatanodeCommand type=deleteBlocksCommand with id=1571298184489 timed out. Retrying.
2019-10-17 07:43:11,494 [pool-7-thread-4] INFO  commands.RetriableDatanodeEventWatcher (RetriableDatanodeEventWatcher.java:onTimeout(47)) - RetriableDatanodeCommand type=deleteBlocksCommand with id=1571298184488 timed out. Retrying.
2019-10-17 07:43:11,494 [SCMBlockDeletingService#1] INFO  block.SCMBlockDeletingService (SCMBlockDeletingService.java:call(184)) - Totally added 1 delete blocks command for 1 datanodes, task elapsed time: 1ms
2019-10-17 07:43:11,497 [84d87b42-83ce-4078-8a37-3864f9520041@group-F450BAF5DF14-LeaderElection38] INFO  impl.LeaderElection (LeaderElection.java:askForVotes(178)) - 84d87b42-83ce-4078-8a37-3864f9520041@group-F450BAF5DF14-LeaderElection38: begin an election at term 34 for 0: [6ea7cc1b-6dd1-4a6f-b526-a2c2472221ee:192.168.164.211:45347, 722c44df-b170-4eeb-abb4-8ab07bb69a54:192.168.164.211:33246, 84d87b42-83ce-4078-8a37-3864f9520041:192.168.164.211:42413], old=null
2019-10-17 07:43:11,500 [grpc-default-executor-4] INFO  impl.RaftServerImpl (RaftServerImpl.java:setRole(184)) - 6ea7cc1b-6dd1-4a6f-b526-a2c2472221ee@group-F450BAF5DF14: changes role from  FOLLOWER to FOLLOWER at term 34 for recognizeCandidate:84d87b42-83ce-4078-8a37-3864f9520041
2019-10-17 07:43:11,500 [grpc-default-executor-0] INFO  impl.RaftServerImpl (RaftServerImpl.java:setRole(184)) - 722c44df-b170-4eeb-abb4-8ab07bb69a54@group-F450BAF5DF14: changes role from  FOLLOWER to FOLLOWER at term 34 for recognizeCandidate:84d87b42-83ce-4078-8a37-3864f9520041
2019-10-17 07:43:11,500 [grpc-default-executor-4] INFO  impl.RoleInfo (RoleInfo.java:shutdownFollowerState(121)) - 6ea7cc1b-6dd1-4a6f-b526-a2c2472221ee: shutdown FollowerState
2019-10-17 07:43:11,500 [grpc-default-executor-0] INFO  impl.RoleInfo (RoleInfo.java:shutdownFollowerState(121)) - 722c44df-b170-4eeb-abb4-8ab07bb69a54: shutdown FollowerState
2019-10-17 07:43:11,500 [grpc-default-executor-4] INFO  impl.RoleInfo (RoleInfo.java:updateAndGet(143)) - 6ea7cc1b-6dd1-4a6f-b526-a2c2472221ee: start FollowerState
2019-10-17 07:43:11,500 [Thread-777] INFO  impl.FollowerState (FollowerState.java:run(117)) - 6ea7cc1b-6dd1-4a6f-b526-a2c2472221ee@group-F450BAF5DF14-FollowerState was interrupted: java.lang.InterruptedException: sleep interrupted
2019-10-17 07:43:11,501 [grpc-default-executor-0] INFO  impl.RoleInfo (RoleInfo.java:updateAndGet(143)) - 722c44df-b170-4eeb-abb4-8ab07bb69a54: start FollowerState
2019-10-17 07:43:11,501 [Thread-776] INFO  impl.FollowerState (FollowerState.java:run(117)) - 722c44df-b170-4eeb-abb4-8ab07bb69a54@group-F450BAF5DF14-FollowerState was interrupted: java.lang.InterruptedException: sleep interrupted
2019-10-17 07:43:11,523 [84d87b42-83ce-4078-8a37-3864f9520041@group-F450BAF5DF14-LeaderElection38] INFO  impl.LeaderElection (LeaderElection.java:logAndReturn(56)) - 84d87b42-83ce-4078-8a37-3864f9520041@group-F450BAF5DF14-LeaderElection38: Election REJECTED; received 2 response(s) [84d87b42-83ce-4078-8a37-3864f9520041<-6ea7cc1b-6dd1-4a6f-b526-a2c2472221ee#0:FAIL-t34, 84d87b42-83ce-4078-8a37-3864f9520041<-722c44df-b170-4eeb-abb4-8ab07bb69a54#0:FAIL-t34] and 0 exception(s); 84d87b42-83ce-4078-8a37-3864f9520041@group-F450BAF5DF14:t34, leader=null, voted=84d87b42-83ce-4078-8a37-3864f9520041, raftlog=84d87b42-83ce-4078-8a37-3864f9520041@group-F450BAF5DF14-SegmentedRaftLog:OPENED:c3,f4,i4, conf=0: [6ea7cc1b-6dd1-4a6f-b526-a2c2472221ee:192.168.164.211:45347, 722c44df-b170-4eeb-abb4-8ab07bb69a54:192.168.164.211:33246, 84d87b42-83ce-4078-8a37-3864f9520041:192.168.164.211:42413], old=null
2019-10-17 07:43:11,523 [84d87b42-83ce-4078-8a37-3864f9520041@group-F450BAF5DF14-LeaderElection38] INFO  impl.RaftServerImpl (RaftServerImpl.java:setRole(184)) - 84d87b42-83ce-4078-8a37-3864f9520041@group-F450BAF5DF14: changes role from CANDIDATE to FOLLOWER at term 34 for DISCOVERED_A_NEW_TERM
2019-10-17 07:43:11,524 [84d87b42-83ce-4078-8a37-3864f9520041@group-F450BAF5DF14-LeaderElection38] INFO  impl.RoleInfo (RoleInfo.java:shutdownLeaderElection(134)) - 84d87b42-83ce-4078-8a37-3864f9520041: shutdown LeaderElection
2019-10-17 07:43:11,524 [84d87b42-83ce-4078-8a37-3864f9520041@group-F450BAF5DF14-LeaderElection38] INFO  impl.RoleInfo (RoleInfo.java:updateAndGet(143)) - 84d87b42-83ce-4078-8a37-3864f9520041: start FollowerState
2019-10-17 07:43:11,713 [Thread-809] INFO  impl.FollowerState (FollowerState.java:run(108)) - 84d87b42-83ce-4078-8a37-3864f9520041@group-F450BAF5DF14-FollowerState: change to CANDIDATE, lastRpcTime:189ms, electionTimeout:189ms
2019-10-17 07:43:11,713 [Thread-809] INFO  impl.RoleInfo (RoleInfo.java:shutdownFollowerState(121)) - 84d87b42-83ce-4078-8a37-3864f9520041: shutdown FollowerState
2019-10-17 07:43:11,714 [Thread-809] INFO  impl.RaftServerImpl (RaftServerImpl.java:setRole(184)) - 84d87b42-83ce-4078-8a37-3864f9520041@group-F450BAF5DF14: changes role from  FOLLOWER to CANDIDATE at term 34 for changeToCandidate
2019-10-17 07:43:11,714 [Thread-809] INFO  impl.RoleInfo (RoleInfo.java:updateAndGet(143)) - 84d87b42-83ce-4078-8a37-3864f9520041: start LeaderElection
2019-10-17 07:43:11,744 [EventQueue-PendingDeleteStatusForPendingDeleteHandler] INFO  block.SCMBlockDeletingService (SCMBlockDeletingService.java:handlePendingDeletes(115)) - Block deletion txnID mismatch in datanode 84d87b42-83ce-4078-8a37-3864f9520041 for containerID 1. Datanode delete txnID: 0, SCM txnID: 1
2019-10-17 07:43:11,748 [84d87b42-83ce-4078-8a37-3864f9520041@group-F450BAF5DF14-LeaderElection39] INFO  impl.LeaderElection (LeaderElection.java:askForVotes(178)) - 84d87b42-83ce-4078-8a37-3864f9520041@group-F450BAF5DF14-LeaderElection39: begin an election at term 35 for 0: [6ea7cc1b-6dd1-4a6f-b526-a2c2472221ee:192.168.164.211:45347, 722c44df-b170-4eeb-abb4-8ab07bb69a54:192.168.164.211:33246, 84d87b42-83ce-4078-8a37-3864f9520041:192.168.164.211:42413], old=null
2019-10-17 07:43:11,751 [grpc-default-executor-4] INFO  impl.RaftServerImpl (RaftServerImpl.java:setRole(184)) - 6ea7cc1b-6dd1-4a6f-b526-a2c2472221ee@group-F450BAF5DF14: changes role from  FOLLOWER to FOLLOWER at term 35 for recognizeCandidate:84d87b42-83ce-4078-8a37-3864f9520041
2019-10-17 07:43:11,751 [grpc-default-executor-0] INFO  impl.RaftServerImpl (RaftServerImpl.java:setRole(184)) - 722c44df-b170-4eeb-abb4-8ab07bb69a54@group-F450BAF5DF14: changes role from  FOLLOWER to FOLLOWER at term 35 for recognizeCandidate:84d87b42-83ce-4078-8a37-3864f9520041
2019-10-17 07:43:11,751 [grpc-default-executor-4] INFO  impl.RoleInfo (RoleInfo.java:shutdownFollowerState(121)) - 6ea7cc1b-6dd1-4a6f-b526-a2c2472221ee: shutdown FollowerState
2019-10-17 07:43:11,751 [grpc-default-executor-0] INFO  impl.RoleInfo (RoleInfo.java:shutdownFollowerState(121)) - 722c44df-b170-4eeb-abb4-8ab07bb69a54: shutdown FollowerState
2019-10-17 07:43:11,751 [grpc-default-executor-4] INFO  impl.RoleInfo (RoleInfo.java:updateAndGet(143)) - 6ea7cc1b-6dd1-4a6f-b526-a2c2472221ee: start FollowerState
2019-10-17 07:43:11,751 [Thread-807] INFO  impl.FollowerState (FollowerState.java:run(117)) - 6ea7cc1b-6dd1-4a6f-b526-a2c2472221ee@group-F450BAF5DF14-FollowerState was interrupted: java.lang.InterruptedException: sleep interrupted
2019-10-17 07:43:11,752 [grpc-default-executor-0] INFO  impl.RoleInfo (RoleInfo.java:updateAndGet(143)) - 722c44df-b170-4eeb-abb4-8ab07bb69a54: start FollowerState
2019-10-17 07:43:11,752 [Thread-808] INFO  impl.FollowerState (FollowerState.java:run(117)) - 722c44df-b170-4eeb-abb4-8ab07bb69a54@group-F450BAF5DF14-FollowerState was interrupted: java.lang.InterruptedException: sleep interrupted
2019-10-17 07:43:11,775 [84d87b42-83ce-4078-8a37-3864f9520041@group-F450BAF5DF14-LeaderElection39] INFO  impl.LeaderElection (LeaderElection.java:logAndReturn(56)) - 84d87b42-83ce-4078-8a37-3864f9520041@group-F450BAF5DF14-LeaderElection39: Election TIMEOUT; received 0 response(s) [] and 0 exception(s); 84d87b42-83ce-4078-8a37-3864f9520041@group-F450BAF5DF14:t35, leader=null, voted=84d87b42-83ce-4078-8a37-3864f9520041, raftlog=84d87b42-83ce-4078-8a37-3864f9520041@group-F450BAF5DF14-SegmentedRaftLog:OPENED:c3,f4,i4, conf=0: [6ea7cc1b-6dd1-4a6f-b526-a2c2472221ee:192.168.164.211:45347, 722c44df-b170-4eeb-abb4-8ab07bb69a54:192.168.164.211:33246, 84d87b42-83ce-4078-8a37-3864f9520041:192.168.164.211:42413], old=null
2019-10-17 07:43:11,799 [84d87b42-83ce-4078-8a37-3864f9520041@group-F450BAF5DF14-LeaderElection39] INFO  impl.LeaderElection (LeaderElection.java:askForVotes(178)) - 84d87b42-83ce-4078-8a37-3864f9520041@group-F450BAF5DF14-LeaderElection39: begin an election at term 36 for 0: [6ea7cc1b-6dd1-4a6f-b526-a2c2472221ee:192.168.164.211:45347, 722c44df-b170-4eeb-abb4-8ab07bb69a54:192.168.164.211:33246, 84d87b42-83ce-4078-8a37-3864f9520041:192.168.164.211:42413], old=null
2019-10-17 07:43:11,802 [grpc-default-executor-0] INFO  impl.RaftServerImpl (RaftServerImpl.java:setRole(184)) - 6ea7cc1b-6dd1-4a6f-b526-a2c2472221ee@group-F450BAF5DF14: changes role from  FOLLOWER to FOLLOWER at term 36 for recognizeCandidate:84d87b42-83ce-4078-8a37-3864f9520041
2019-10-17 07:43:11,802 [grpc-default-executor-0] INFO  impl.RoleInfo (RoleInfo.java:shutdownFollowerState(121)) - 6ea7cc1b-6dd1-4a6f-b526-a2c2472221ee: shutdown FollowerState
2019-10-17 07:43:11,802 [grpc-default-executor-4] INFO  impl.RaftServerImpl (RaftServerImpl.java:setRole(184)) - 722c44df-b170-4eeb-abb4-8ab07bb69a54@group-F450BAF5DF14: changes role from  FOLLOWER to FOLLOWER at term 36 for recognizeCandidate:84d87b42-83ce-4078-8a37-3864f9520041
2019-10-17 07:43:11,803 [grpc-default-executor-4] INFO  impl.RoleInfo (RoleInfo.java:shutdownFollowerState(121)) - 722c44df-b170-4eeb-abb4-8ab07bb69a54: shutdown FollowerState
2019-10-17 07:43:11,803 [Thread-813] INFO  impl.FollowerState (FollowerState.java:run(117)) - 6ea7cc1b-6dd1-4a6f-b526-a2c2472221ee@group-F450BAF5DF14-FollowerState was interrupted: java.lang.InterruptedException: sleep interrupted
2019-10-17 07:43:11,803 [grpc-default-executor-0] INFO  impl.RoleInfo (RoleInfo.java:updateAndGet(143)) - 6ea7cc1b-6dd1-4a6f-b526-a2c2472221ee: start FollowerState
2019-10-17 07:43:11,803 [grpc-default-executor-4] INFO  impl.RoleInfo (RoleInfo.java:updateAndGet(143)) - 722c44df-b170-4eeb-abb4-8ab07bb69a54: start FollowerState
2019-10-17 07:43:11,803 [Thread-814] INFO  impl.FollowerState (FollowerState.java:run(117)) - 722c44df-b170-4eeb-abb4-8ab07bb69a54@group-F450BAF5DF14-FollowerState was interrupted: java.lang.InterruptedException: sleep interrupted
2019-10-17 07:43:11,826 [84d87b42-83ce-4078-8a37-3864f9520041@group-F450BAF5DF14-LeaderElection39] INFO  impl.LeaderElection (LeaderElection.java:logAndReturn(56)) - 84d87b42-83ce-4078-8a37-3864f9520041@group-F450BAF5DF14-LeaderElection39: Election REJECTED; received 2 response(s) [84d87b42-83ce-4078-8a37-3864f9520041<-6ea7cc1b-6dd1-4a6f-b526-a2c2472221ee#0:FAIL-t36, 84d87b42-83ce-4078-8a37-3864f9520041<-722c44df-b170-4eeb-abb4-8ab07bb69a54#0:FAIL-t36] and 0 exception(s); 84d87b42-83ce-4078-8a37-3864f9520041@group-F450BAF5DF14:t36, leader=null, voted=84d87b42-83ce-4078-8a37-3864f9520041, raftlog=84d87b42-83ce-4078-8a37-3864f9520041@group-F450BAF5DF14-SegmentedRaftLog:OPENED:c3,f4,i4, conf=0: [6ea7cc1b-6dd1-4a6f-b526-a2c2472221ee:192.168.164.211:45347, 722c44df-b170-4eeb-abb4-8ab07bb69a54:192.168.164.211:33246, 84d87b42-83ce-4078-8a37-3864f9520041:192.168.164.211:42413], old=null
2019-10-17 07:43:11,826 [84d87b42-83ce-4078-8a37-3864f9520041@group-F450BAF5DF14-LeaderElection39] INFO  impl.RaftServerImpl (RaftServerImpl.java:setRole(184)) - 84d87b42-83ce-4078-8a37-3864f9520041@group-F450BAF5DF14: changes role from CANDIDATE to FOLLOWER at term 36 for DISCOVERED_A_NEW_TERM
2019-10-17 07:43:11,827 [84d87b42-83ce-4078-8a37-3864f9520041@group-F450BAF5DF14-LeaderElection39] INFO  impl.RoleInfo (RoleInfo.java:shutdownLeaderElection(134)) - 84d87b42-83ce-4078-8a37-3864f9520041: shutdown LeaderElection
2019-10-17 07:43:11,827 [84d87b42-83ce-4078-8a37-3864f9520041@group-F450BAF5DF14-LeaderElection39] INFO  impl.RoleInfo (RoleInfo.java:updateAndGet(143)) - 84d87b42-83ce-4078-8a37-3864f9520041: start FollowerState
2019-10-17 07:43:11,938 [Thread-819] INFO  impl.FollowerState (FollowerState.java:run(108)) - 84d87b42-83ce-4078-8a37-3864f9520041@group-F450BAF5DF14-FollowerState: change to CANDIDATE, lastRpcTime:111ms, electionTimeout:111ms
2019-10-17 07:43:11,938 [Thread-819] INFO  impl.RoleInfo (RoleInfo.java:shutdownFollowerState(121)) - 84d87b42-83ce-4078-8a37-3864f9520041: shutdown FollowerState
2019-10-17 07:43:11,939 [Thread-819] INFO  impl.RaftServerImpl (RaftServerImpl.java:setRole(184)) - 84d87b42-83ce-4078-8a37-3864f9520041@group-F450BAF5DF14: changes role from  FOLLOWER to CANDIDATE at term 36 for changeToCandidate
2019-10-17 07:43:11,939 [Thread-819] INFO  impl.RoleInfo (RoleInfo.java:updateAndGet(143)) - 84d87b42-83ce-4078-8a37-3864f9520041: start LeaderElection
2019-10-17 07:43:11,967 [84d87b42-83ce-4078-8a37-3864f9520041@group-F450BAF5DF14-LeaderElection40] INFO  impl.LeaderElection (LeaderElection.java:askForVotes(178)) - 84d87b42-83ce-4078-8a37-3864f9520041@group-F450BAF5DF14-LeaderElection40: begin an election at term 37 for 0: [6ea7cc1b-6dd1-4a6f-b526-a2c2472221ee:192.168.164.211:45347, 722c44df-b170-4eeb-abb4-8ab07bb69a54:192.168.164.211:33246, 84d87b42-83ce-4078-8a37-3864f9520041:192.168.164.211:42413], old=null
2019-10-17 07:43:11,971 [grpc-default-executor-4] INFO  impl.RaftServerImpl (RaftServerImpl.java:setRole(184)) - 6ea7cc1b-6dd1-4a6f-b526-a2c2472221ee@group-F450BAF5DF14: changes role from  FOLLOWER to FOLLOWER at term 37 for recognizeCandidate:84d87b42-83ce-4078-8a37-3864f9520041
2019-10-17 07:43:11,971 [grpc-default-executor-4] INFO  impl.RoleInfo (RoleInfo.java:shutdownFollowerState(121)) - 6ea7cc1b-6dd1-4a6f-b526-a2c2472221ee: shutdown FollowerState
2019-10-17 07:43:11,971 [grpc-default-executor-0] INFO  impl.RaftServerImpl (RaftServerImpl.java:setRole(184)) - 722c44df-b170-4eeb-abb4-8ab07bb69a54@group-F450BAF5DF14: changes role from  FOLLOWER to FOLLOWER at term 37 for recognizeCandidate:84d87b42-83ce-4078-8a37-3864f9520041
2019-10-17 07:43:11,971 [Thread-817] INFO  impl.FollowerState (FollowerState.java:run(117)) - 6ea7cc1b-6dd1-4a6f-b526-a2c2472221ee@group-F450BAF5DF14-FollowerState was interrupted: java.lang.InterruptedException: sleep interrupted
2019-10-17 07:43:11,971 [grpc-default-executor-0] INFO  impl.RoleInfo (RoleInfo.java:shutdownFollowerState(121)) - 722c44df-b170-4eeb-abb4-8ab07bb69a54: shutdown FollowerState
2019-10-17 07:43:11,971 [grpc-default-executor-4] INFO  impl.RoleInfo (RoleInfo.java:updateAndGet(143)) - 6ea7cc1b-6dd1-4a6f-b526-a2c2472221ee: start FollowerState
2019-10-17 07:43:11,971 [Thread-818] INFO  impl.FollowerState (FollowerState.java:run(117)) - 722c44df-b170-4eeb-abb4-8ab07bb69a54@group-F450BAF5DF14-FollowerState was interrupted: java.lang.InterruptedException: sleep interrupted
2019-10-17 07:43:11,971 [grpc-default-executor-0] INFO  impl.RoleInfo (RoleInfo.java:updateAndGet(143)) - 722c44df-b170-4eeb-abb4-8ab07bb69a54: start FollowerState
2019-10-17 07:43:12,002 [84d87b42-83ce-4078-8a37-3864f9520041@group-F450BAF5DF14-LeaderElection40] INFO  impl.LeaderElection (LeaderElection.java:logAndReturn(56)) - 84d87b42-83ce-4078-8a37-3864f9520041@group-F450BAF5DF14-LeaderElection40: Election REJECTED; received 2 response(s) [84d87b42-83ce-4078-8a37-3864f9520041<-6ea7cc1b-6dd1-4a6f-b526-a2c2472221ee#0:FAIL-t37, 84d87b42-83ce-4078-8a37-3864f9520041<-722c44df-b170-4eeb-abb4-8ab07bb69a54#0:FAIL-t37] and 0 exception(s); 84d87b42-83ce-4078-8a37-3864f9520041@group-F450BAF5DF14:t37, leader=null, voted=84d87b42-83ce-4078-8a37-3864f9520041, raftlog=84d87b42-83ce-4078-8a37-3864f9520041@group-F450BAF5DF14-SegmentedRaftLog:OPENED:c3,f4,i4, conf=0: [6ea7cc1b-6dd1-4a6f-b526-a2c2472221ee:192.168.164.211:45347, 722c44df-b170-4eeb-abb4-8ab07bb69a54:192.168.164.211:33246, 84d87b42-83ce-4078-8a37-3864f9520041:192.168.164.211:42413], old=null
2019-10-17 07:43:12,003 [84d87b42-83ce-4078-8a37-3864f9520041@group-F450BAF5DF14-LeaderElection40] INFO  impl.RaftServerImpl (RaftServerImpl.java:setRole(184)) - 84d87b42-83ce-4078-8a37-3864f9520041@group-F450BAF5DF14: changes role from CANDIDATE to FOLLOWER at term 37 for DISCOVERED_A_NEW_TERM
2019-10-17 07:43:12,003 [84d87b42-83ce-4078-8a37-3864f9520041@group-F450BAF5DF14-LeaderElection40] INFO  impl.RoleInfo (RoleInfo.java:shutdownLeaderElection(134)) - 84d87b42-83ce-4078-8a37-3864f9520041: shutdown LeaderElection
2019-10-17 07:43:12,003 [84d87b42-83ce-4078-8a37-3864f9520041@group-F450BAF5DF14-LeaderElection40] INFO  impl.RoleInfo (RoleInfo.java:updateAndGet(143)) - 84d87b42-83ce-4078-8a37-3864f9520041: start FollowerState
2019-10-17 07:43:12,069 [Command processor thread] INFO  commandhandler.DeleteBlocksCommandHandler (DeleteBlocksCommandHandler.java:handle(106)) - Start to delete container blocks, TXIDs=[1(0)], numOfContainers=1, numOfBlocks=1
2019-10-17 07:43:12,069 [Command processor thread] INFO  commandhandler.DeleteBlocksCommandHandler (DeleteBlocksCommandHandler.java:handle(106)) - Start to delete container blocks, TXIDs=[1(2)], numOfContainers=1, numOfBlocks=1
2019-10-17 07:43:12,069 [Command processor thread] INFO  commandhandler.DeleteBlocksCommandHandler (DeleteBlocksCommandHandler.java:handle(106)) - Start to delete container blocks, TXIDs=[1(0)], numOfContainers=1, numOfBlocks=1
2019-10-17 07:43:12,070 [Command processor thread] INFO  commandhandler.DeleteBlocksCommandHandler (DeleteBlocksCommandHandler.java:handle(106)) - Start to delete container blocks, TXIDs=[1(4)], numOfContainers=1, numOfBlocks=1
2019-10-17 07:43:12,070 [Command processor thread] INFO  commandhandler.DeleteBlocksCommandHandler (DeleteBlocksCommandHandler.java:handle(106)) - Start to delete container blocks, TXIDs=[1(2)], numOfContainers=1, numOfBlocks=1
2019-10-17 07:43:12,070 [Command processor thread] INFO  commandhandler.DeleteBlocksCommandHandler (DeleteBlocksCommandHandler.java:handle(106)) - Start to delete container blocks, TXIDs=[1(0)], numOfContainers=1, numOfBlocks=1
2019-10-17 07:43:12,070 [Command processor thread] INFO  commandhandler.DeleteBlocksCommandHandler (DeleteBlocksCommandHandler.java:handle(106)) - Start to delete container blocks, TXIDs=[1(4)], numOfContainers=1, numOfBlocks=1
2019-10-17 07:43:12,070 [Command processor thread] INFO  commandhandler.DeleteBlocksCommandHandler (DeleteBlocksCommandHandler.java:handle(106)) - Start to delete container blocks, TXIDs=[1(7)], numOfContainers=1, numOfBlocks=1
2019-10-17 07:43:12,070 [Command processor thread] INFO  commandhandler.DeleteBlocksCommandHandler (DeleteBlocksCommandHandler.java:handle(106)) - Start to delete container blocks, TXIDs=[1(2)], numOfContainers=1, numOfBlocks=1
2019-10-17 07:43:12,071 [Command processor thread] INFO  commandhandler.DeleteBlocksCommandHandler (DeleteBlocksCommandHandler.java:handle(106)) - Start to delete container blocks, TXIDs=[1(0)], numOfContainers=1, numOfBlocks=1
2019-10-17 07:43:12,071 [Command processor thread] INFO  commandhandler.DeleteBlocksCommandHandler (DeleteBlocksCommandHandler.java:handle(106)) - Start to delete container blocks, TXIDs=[1(7)], numOfContainers=1, numOfBlocks=1
2019-10-17 07:43:12,071 [Command processor thread] INFO  commandhandler.DeleteBlocksCommandHandler (DeleteBlocksCommandHandler.java:handle(106)) - Start to delete container blocks, TXIDs=[1(2)], numOfContainers=1, numOfBlocks=1
2019-10-17 07:43:12,071 [Command processor thread] INFO  commandhandler.DeleteBlocksCommandHandler (DeleteBlocksCommandHandler.java:handle(106)) - Start to delete container blocks, TXIDs=[1(7)], numOfContainers=1, numOfBlocks=1
2019-10-17 07:43:12,071 [Command processor thread] INFO  commandhandler.DeleteBlocksCommandHandler (DeleteBlocksCommandHandler.java:handle(106)) - Start to delete container blocks, TXIDs=[1(4)], numOfContainers=1, numOfBlocks=1
2019-10-17 07:43:12,071 [Command processor thread] INFO  commandhandler.DeleteBlocksCommandHandler (DeleteBlocksCommandHandler.java:handle(106)) - Start to delete container blocks, TXIDs=[1(0)], numOfContainers=1, numOfBlocks=1
2019-10-17 07:43:12,072 [Command processor thread] INFO  commandhandler.DeleteBlocksCommandHandler (DeleteBlocksCommandHandler.java:handle(106)) - Start to delete container blocks, TXIDs=[1(7)], numOfContainers=1, numOfBlocks=1
2019-10-17 07:43:12,072 [Command processor thread] INFO  commandhandler.DeleteBlocksCommandHandler (DeleteBlocksCommandHandler.java:handle(106)) - Start to delete container blocks, TXIDs=[1(2)], numOfContainers=1, numOfBlocks=1
2019-10-17 07:43:12,072 [Command processor thread] INFO  commandhandler.DeleteBlocksCommandHandler (DeleteBlocksCommandHandler.java:handle(106)) - Start to delete container blocks, TXIDs=[1(7)], numOfContainers=1, numOfBlocks=1
2019-10-17 07:43:12,072 [Command processor thread] INFO  commandhandler.DeleteBlocksCommandHandler (DeleteBlocksCommandHandler.java:handle(106)) - Start to delete container blocks, TXIDs=[1(4)], numOfContainers=1, numOfBlocks=1
2019-10-17 07:43:12,072 [Command processor thread] INFO  commandhandler.DeleteBlocksCommandHandler (DeleteBlocksCommandHandler.java:handle(106)) - Start to delete container blocks, TXIDs=[1(7)], numOfContainers=1, numOfBlocks=1
2019-10-17 07:43:12,072 [Command processor thread] INFO  commandhandler.DeleteBlocksCommandHandler (DeleteBlocksCommandHandler.java:handle(106)) - Start to delete container blocks, TXIDs=[1(0)], numOfContainers=1, numOfBlocks=1
2019-10-17 07:43:12,072 [Command processor thread] INFO  commandhandler.DeleteBlocksCommandHandler (DeleteBlocksCommandHandler.java:handle(106)) - Start to delete container blocks, TXIDs=[1(2)], numOfContainers=1, numOfBlocks=1
2019-10-17 07:43:12,073 [Command processor thread] INFO  commandhandler.DeleteBlocksCommandHandler (DeleteBlocksCommandHandler.java:handle(106)) - Start to delete container blocks, TXIDs=[1(7)], numOfContainers=1, numOfBlocks=1
2019-10-17 07:43:12,073 [Command processor thread] INFO  commandhandler.DeleteBlocksCommandHandler (DeleteBlocksCommandHandler.java:handle(106)) - Start to delete container blocks, TXIDs=[1(7)], numOfContainers=1, numOfBlocks=1
2019-10-17 07:43:12,073 [Command processor thread] INFO  commandhandler.DeleteBlocksCommandHandler (DeleteBlocksCommandHandler.java:handle(106)) - Start to delete container blocks, TXIDs=[1(7)], numOfContainers=1, numOfBlocks=1
2019-10-17 07:43:12,073 [Command processor thread] INFO  commandhandler.DeleteBlocksCommandHandler (DeleteBlocksCommandHandler.java:handle(106)) - Start to delete container blocks, TXIDs=[1(0)], numOfContainers=1, numOfBlocks=1
2019-10-17 07:43:12,073 [Command processor thread] INFO  commandhandler.DeleteBlocksCommandHandler (DeleteBlocksCommandHandler.java:handle(106)) - Start to delete container blocks, TXIDs=[1(7)], numOfContainers=1, numOfBlocks=1
2019-10-17 07:43:12,073 [Command processor thread] INFO  commandhandler.DeleteBlocksCommandHandler (DeleteBlocksCommandHandler.java:handle(106)) - Start to delete container blocks, TXIDs=[1(4)], numOfContainers=1, numOfBlocks=1
2019-10-17 07:43:12,074 [Command processor thread] INFO  commandhandler.DeleteBlocksCommandHandler (DeleteBlocksCommandHandler.java:handle(106)) - Start to delete container blocks, TXIDs=[1(2)], numOfContainers=1, numOfBlocks=1
2019-10-17 07:43:12,074 [Command processor thread] INFO  commandhandler.DeleteBlocksCommandHandler (DeleteBlocksCommandHandler.java:handle(106)) - Start to delete container blocks, TXIDs=[1(7)], numOfContainers=1, numOfBlocks=1
2019-10-17 07:43:12,074 [Command processor thread] INFO  commandhandler.DeleteBlocksCommandHandler (DeleteBlocksCommandHandler.java:handle(106)) - Start to delete container blocks, TXIDs=[1(7)], numOfContainers=1, numOfBlocks=1
2019-10-17 07:43:12,074 [Command processor thread] INFO  commandhandler.DeleteBlocksCommandHandler (DeleteBlocksCommandHandler.java:handle(106)) - Start to delete container blocks, TXIDs=[1(7)], numOfContainers=1, numOfBlocks=1
2019-10-17 07:43:12,074 [Command processor thread] INFO  commandhandler.DeleteBlocksCommandHandler (DeleteBlocksCommandHandler.java:handle(106)) - Start to delete container blocks, TXIDs=[1(0)], numOfContainers=1, numOfBlocks=1
2019-10-17 07:43:12,074 [Command processor thread] INFO  commandhandler.DeleteBlocksCommandHandler (DeleteBlocksCommandHandler.java:handle(106)) - Start to delete container blocks, TXIDs=[1(7)], numOfContainers=1, numOfBlocks=1
2019-10-17 07:43:12,075 [Command processor thread] INFO  commandhandler.DeleteBlocksCommandHandler (DeleteBlocksCommandHandler.java:handle(106)) - Start to delete container blocks, TXIDs=[1(4)], numOfContainers=1, numOfBlocks=1
2019-10-17 07:43:12,075 [Command processor thread] INFO  commandhandler.DeleteBlocksCommandHandler (DeleteBlocksCommandHandler.java:handle(106)) - Start to delete container blocks, TXIDs=[1(35)], numOfContainers=1, numOfBlocks=1
2019-10-17 07:43:12,103 [Thread-825] INFO  impl.FollowerState (FollowerState.java:run(108)) - 84d87b42-83ce-4078-8a37-3864f9520041@group-F450BAF5DF14-FollowerState: change to CANDIDATE, lastRpcTime:99ms, electionTimeout:99ms
2019-10-17 07:43:12,103 [Thread-825] INFO  impl.RoleInfo (RoleInfo.java:shutdownFollowerState(121)) - 84d87b42-83ce-4078-8a37-3864f9520041: shutdown FollowerState
2019-10-17 07:43:12,103 [Thread-825] INFO  impl.RaftServerImpl (RaftServerImpl.java:setRole(184)) - 84d87b42-83ce-4078-8a37-3864f9520041@group-F450BAF5DF14: changes role from  FOLLOWER to CANDIDATE at term 37 for changeToCandidate
2019-10-17 07:43:12,103 [Thread-825] INFO  impl.RoleInfo (RoleInfo.java:updateAndGet(143)) - 84d87b42-83ce-4078-8a37-3864f9520041: start LeaderElection
2019-10-17 07:43:12,127 [84d87b42-83ce-4078-8a37-3864f9520041@group-F450BAF5DF14-LeaderElection41] INFO  impl.LeaderElection (LeaderElection.java:askForVotes(178)) - 84d87b42-83ce-4078-8a37-3864f9520041@group-F450BAF5DF14-LeaderElection41: begin an election at term 38 for 0: [6ea7cc1b-6dd1-4a6f-b526-a2c2472221ee:192.168.164.211:45347, 722c44df-b170-4eeb-abb4-8ab07bb69a54:192.168.164.211:33246, 84d87b42-83ce-4078-8a37-3864f9520041:192.168.164.211:42413], old=null
2019-10-17 07:43:12,129 [grpc-default-executor-4] INFO  impl.RaftServerImpl (RaftServerImpl.java:setRole(184)) - 6ea7cc1b-6dd1-4a6f-b526-a2c2472221ee@group-F450BAF5DF14: changes role from  FOLLOWER to FOLLOWER at term 38 for recognizeCandidate:84d87b42-83ce-4078-8a37-3864f9520041
2019-10-17 07:43:12,129 [grpc-default-executor-0] INFO  impl.RaftServerImpl (RaftServerImpl.java:setRole(184)) - 722c44df-b170-4eeb-abb4-8ab07bb69a54@group-F450BAF5DF14: changes role from  FOLLOWER to FOLLOWER at term 38 for recognizeCandidate:84d87b42-83ce-4078-8a37-3864f9520041
2019-10-17 07:43:12,130 [grpc-default-executor-4] INFO  impl.RoleInfo (RoleInfo.java:shutdownFollowerState(121)) - 6ea7cc1b-6dd1-4a6f-b526-a2c2472221ee: shutdown FollowerState
2019-10-17 07:43:12,130 [grpc-default-executor-0] INFO  impl.RoleInfo (RoleInfo.java:shutdownFollowerState(121)) - 722c44df-b170-4eeb-abb4-8ab07bb69a54: shutdown FollowerState
2019-10-17 07:43:12,130 [grpc-default-executor-4] INFO  impl.RoleInfo (RoleInfo.java:updateAndGet(143)) - 6ea7cc1b-6dd1-4a6f-b526-a2c2472221ee: start FollowerState
2019-10-17 07:43:12,130 [Thread-823] INFO  impl.FollowerState (FollowerState.java:run(117)) - 6ea7cc1b-6dd1-4a6f-b526-a2c2472221ee@group-F450BAF5DF14-FollowerState was interrupted: java.lang.InterruptedException: sleep interrupted
2019-10-17 07:43:12,130 [Thread-824] INFO  impl.FollowerState (FollowerState.java:run(117)) - 722c44df-b170-4eeb-abb4-8ab07bb69a54@group-F450BAF5DF14-FollowerState was interrupted: java.lang.InterruptedException: sleep interrupted
2019-10-17 07:43:12,130 [grpc-default-executor-0] INFO  impl.RoleInfo (RoleInfo.java:updateAndGet(143)) - 722c44df-b170-4eeb-abb4-8ab07bb69a54: start FollowerState
2019-10-17 07:43:12,153 [84d87b42-83ce-4078-8a37-3864f9520041@group-F450BAF5DF14-LeaderElection41] INFO  impl.LeaderElection (LeaderElection.java:logAndReturn(56)) - 84d87b42-83ce-4078-8a37-3864f9520041@group-F450BAF5DF14-LeaderElection41: Election REJECTED; received 2 response(s) [84d87b42-83ce-4078-8a37-3864f9520041<-6ea7cc1b-6dd1-4a6f-b526-a2c2472221ee#0:FAIL-t38, 84d87b42-83ce-4078-8a37-3864f9520041<-722c44df-b170-4eeb-abb4-8ab07bb69a54#0:FAIL-t38] and 0 exception(s); 84d87b42-83ce-4078-8a37-3864f9520041@group-F450BAF5DF14:t38, leader=null, voted=84d87b42-83ce-4078-8a37-3864f9520041, raftlog=84d87b42-83ce-4078-8a37-3864f9520041@group-F450BAF5DF14-SegmentedRaftLog:OPENED:c3,f4,i4, conf=0: [6ea7cc1b-6dd1-4a6f-b526-a2c2472221ee:192.168.164.211:45347, 722c44df-b170-4eeb-abb4-8ab07bb69a54:192.168.164.211:33246, 84d87b42-83ce-4078-8a37-3864f9520041:192.168.164.211:42413], old=null
2019-10-17 07:43:12,153 [84d87b42-83ce-4078-8a37-3864f9520041@group-F450BAF5DF14-LeaderElection41] INFO  impl.RaftServerImpl (RaftServerImpl.java:setRole(184)) - 84d87b42-83ce-4078-8a37-3864f9520041@group-F450BAF5DF14: changes role from CANDIDATE to FOLLOWER at term 38 for DISCOVERED_A_NEW_TERM
2019-10-17 07:43:12,153 [84d87b42-83ce-4078-8a37-3864f9520041@group-F450BAF5DF14-LeaderElection41] INFO  impl.RoleInfo (RoleInfo.java:shutdownLeaderElection(134)) - 84d87b42-83ce-4078-8a37-3864f9520041: shutdown LeaderElection
2019-10-17 07:43:12,153 [84d87b42-83ce-4078-8a37-3864f9520041@group-F450BAF5DF14-LeaderElection41] INFO  impl.RoleInfo (RoleInfo.java:updateAndGet(143)) - 84d87b42-83ce-4078-8a37-3864f9520041: start FollowerState
2019-10-17 07:43:12,169 [EventQueue-PendingDeleteStatusForPendingDeleteHandler] INFO  block.SCMBlockDeletingService (SCMBlockDeletingService.java:handlePendingDeletes(115)) - Block deletion txnID mismatch in datanode 84d87b42-83ce-4078-8a37-3864f9520041 for containerID 1. Datanode delete txnID: 0, SCM txnID: 1
2019-10-17 07:43:12,170 [EventQueue-DeleteBlockStatusForDeletedBlockLogImpl] WARN  block.DeletedBlockLogImpl (DeletedBlockLogImpl.java:commitTransactions(205)) - Transaction txId=1 commit by dnId=84d87b42-83ce-4078-8a37-3864f9520041 for containerID=#1 failed. Corresponding entry not found.
2019-10-17 07:43:12,170 [EventQueue-DeleteBlockStatusForDeletedBlockLogImpl] WARN  block.DeletedBlockLogImpl (DeletedBlockLogImpl.java:commitTransactions(205)) - Transaction txId=1 commit by dnId=84d87b42-83ce-4078-8a37-3864f9520041 for containerID=#1 failed. Corresponding entry not found.
2019-10-17 07:43:12,170 [EventQueue-DeleteBlockStatusForDeletedBlockLogImpl] WARN  block.DeletedBlockLogImpl (DeletedBlockLogImpl.java:commitTransactions(205)) - Transaction txId=1 commit by dnId=84d87b42-83ce-4078-8a37-3864f9520041 for containerID=#1 failed. Corresponding entry not found.
2019-10-17 07:43:12,170 [EventQueue-DeleteBlockStatusForDeletedBlockLogImpl] WARN  block.DeletedBlockLogImpl (DeletedBlockLogImpl.java:commitTransactions(205)) - Transaction txId=1 commit by dnId=84d87b42-83ce-4078-8a37-3864f9520041 for containerID=#1 failed. Corresponding entry not found.
2019-10-17 07:43:12,171 [EventQueue-DeleteBlockStatusForDeletedBlockLogImpl] WARN  block.DeletedBlockLogImpl (DeletedBlockLogImpl.java:commitTransactions(205)) - Transaction txId=1 commit by dnId=84d87b42-83ce-4078-8a37-3864f9520041 for containerID=#1 failed. Corresponding entry not found.
2019-10-17 07:43:12,171 [EventQueue-DeleteBlockStatusForDeletedBlockLogImpl] WARN  block.DeletedBlockLogImpl (DeletedBlockLogImpl.java:commitTransactions(205)) - Transaction txId=1 commit by dnId=84d87b42-83ce-4078-8a37-3864f9520041 for containerID=#1 failed. Corresponding entry not found.
2019-10-17 07:43:12,171 [EventQueue-DeleteBlockStatusForDeletedBlockLogImpl] WARN  block.DeletedBlockLogImpl (DeletedBlockLogImpl.java:commitTransactions(205)) - Transaction txId=1 commit by dnId=84d87b42-83ce-4078-8a37-3864f9520041 for containerID=#1 failed. Corresponding entry not found.
2019-10-17 07:43:12,233 [Thread-834] INFO  client.GrpcClientProtocolService (GrpcClientProtocolService.java:lambda$processClientRequest$0(278)) - Failed RaftClientRequest:client-352DFC73CCDB->6ea7cc1b-6dd1-4a6f-b526-a2c2472221ee@group-F450BAF5DF14, cid=10, seq=0, Watch-ALL_COMMITTED(6), Message:<EMPTY>, reply=RaftClientReply:client-352DFC73CCDB->6ea7cc1b-6dd1-4a6f-b526-a2c2472221ee@group-F450BAF5DF14, cid=10, FAILED org.apache.ratis.protocol.NotLeaderException: Server 6ea7cc1b-6dd1-4a6f-b526-a2c2472221ee@group-F450BAF5DF14 is not the leader, logIndex=0, commits[6ea7cc1b-6dd1-4a6f-b526-a2c2472221ee:c10, 722c44df-b170-4eeb-abb4-8ab07bb69a54:c10, 84d87b42-83ce-4078-8a37-3864f9520041:c4]
2019-10-17 07:43:12,314 [BlockDeletingService#3] WARN  background.BlockDeletingService (BlockDeletingService.java:isDeletionAllowed(187)) - Close Container log Index 6 is not replicated across allthe servers in the pipeline 6e647d31-eff2-4ddc-80e8-f450baf5df14 as the min replicated index is 4. Deletion is not allowed in this container yet.
2019-10-17 07:43:12,314 [BlockDeletingService#2] WARN  background.BlockDeletingService (BlockDeletingService.java:isDeletionAllowed(187)) - Close Container log Index 6 is not replicated across allthe servers in the pipeline 6e647d31-eff2-4ddc-80e8-f450baf5df14 as the min replicated index is 4. Deletion is not allowed in this container yet.
2019-10-17 07:43:12,350 [Thread-832] INFO  impl.FollowerState (FollowerState.java:run(108)) - 84d87b42-83ce-4078-8a37-3864f9520041@group-F450BAF5DF14-FollowerState: change to CANDIDATE, lastRpcTime:196ms, electionTimeout:196ms
2019-10-17 07:43:12,350 [Thread-832] INFO  impl.RoleInfo (RoleInfo.java:shutdownFollowerState(121)) - 84d87b42-83ce-4078-8a37-3864f9520041: shutdown FollowerState
2019-10-17 07:43:12,350 [Thread-832] INFO  impl.RaftServerImpl (RaftServerImpl.java:setRole(184)) - 84d87b42-83ce-4078-8a37-3864f9520041@group-F450BAF5DF14: changes role from  FOLLOWER to CANDIDATE at term 38 for changeToCandidate
2019-10-17 07:43:12,350 [Thread-832] INFO  impl.RoleInfo (RoleInfo.java:updateAndGet(143)) - 84d87b42-83ce-4078-8a37-3864f9520041: start LeaderElection
2019-10-17 07:43:12,455 [84d87b42-83ce-4078-8a37-3864f9520041@group-F450BAF5DF14-LeaderElection42] INFO  impl.LeaderElection (LeaderElection.java:askForVotes(178)) - 84d87b42-83ce-4078-8a37-3864f9520041@group-F450BAF5DF14-LeaderElection42: begin an election at term 39 for 0: [6ea7cc1b-6dd1-4a6f-b526-a2c2472221ee:192.168.164.211:45347, 722c44df-b170-4eeb-abb4-8ab07bb69a54:192.168.164.211:33246, 84d87b42-83ce-4078-8a37-3864f9520041:192.168.164.211:42413], old=null
2019-10-17 07:43:12,459 [grpc-default-executor-0] INFO  impl.RaftServerImpl (RaftServerImpl.java:setRole(184)) - 6ea7cc1b-6dd1-4a6f-b526-a2c2472221ee@group-F450BAF5DF14: changes role from  FOLLOWER to FOLLOWER at term 39 for recognizeCandidate:84d87b42-83ce-4078-8a37-3864f9520041
2019-10-17 07:43:12,459 [grpc-default-executor-4] INFO  impl.RaftServerImpl (RaftServerImpl.java:setRole(184)) - 722c44df-b170-4eeb-abb4-8ab07bb69a54@group-F450BAF5DF14: changes role from  FOLLOWER to FOLLOWER at term 39 for recognizeCandidate:84d87b42-83ce-4078-8a37-3864f9520041
2019-10-17 07:43:12,459 [grpc-default-executor-0] INFO  impl.RoleInfo (RoleInfo.java:shutdownFollowerState(121)) - 6ea7cc1b-6dd1-4a6f-b526-a2c2472221ee: shutdown FollowerState
2019-10-17 07:43:12,459 [grpc-default-executor-4] INFO  impl.RoleInfo (RoleInfo.java:shutdownFollowerState(121)) - 722c44df-b170-4eeb-abb4-8ab07bb69a54: shutdown FollowerState
2019-10-17 07:43:12,459 [Thread-830] INFO  impl.FollowerState (FollowerState.java:run(117)) - 6ea7cc1b-6dd1-4a6f-b526-a2c2472221ee@group-F450BAF5DF14-FollowerState was interrupted: java.lang.InterruptedException: sleep interrupted
2019-10-17 07:43:12,459 [grpc-default-executor-0] INFO  impl.RoleInfo (RoleInfo.java:updateAndGet(143)) - 6ea7cc1b-6dd1-4a6f-b526-a2c2472221ee: start FollowerState
2019-10-17 07:43:12,459 [Thread-831] INFO  impl.FollowerState (FollowerState.java:run(117)) - 722c44df-b170-4eeb-abb4-8ab07bb69a54@group-F450BAF5DF14-FollowerState was interrupted: java.lang.InterruptedException: sleep interrupted
2019-10-17 07:43:12,459 [grpc-default-executor-4] INFO  impl.RoleInfo (RoleInfo.java:updateAndGet(143)) - 722c44df-b170-4eeb-abb4-8ab07bb69a54: start FollowerState
2019-10-17 07:43:12,481 [84d87b42-83ce-4078-8a37-3864f9520041@group-F450BAF5DF14-LeaderElection42] INFO  impl.LeaderElection (LeaderElection.java:logAndReturn(56)) - 84d87b42-83ce-4078-8a37-3864f9520041@group-F450BAF5DF14-LeaderElection42: Election REJECTED; received 2 response(s) [84d87b42-83ce-4078-8a37-3864f9520041<-6ea7cc1b-6dd1-4a6f-b526-a2c2472221ee#0:FAIL-t39, 84d87b42-83ce-4078-8a37-3864f9520041<-722c44df-b170-4eeb-abb4-8ab07bb69a54#0:FAIL-t39] and 0 exception(s); 84d87b42-83ce-4078-8a37-3864f9520041@group-F450BAF5DF14:t39, leader=null, voted=84d87b42-83ce-4078-8a37-3864f9520041, raftlog=84d87b42-83ce-4078-8a37-3864f9520041@group-F450BAF5DF14-SegmentedRaftLog:OPENED:c3,f4,i4, conf=0: [6ea7cc1b-6dd1-4a6f-b526-a2c2472221ee:192.168.164.211:45347, 722c44df-b170-4eeb-abb4-8ab07bb69a54:192.168.164.211:33246, 84d87b42-83ce-4078-8a37-3864f9520041:192.168.164.211:42413], old=null
2019-10-17 07:43:12,482 [84d87b42-83ce-4078-8a37-3864f9520041@group-F450BAF5DF14-LeaderElection42] INFO  impl.RaftServerImpl (RaftServerImpl.java:setRole(184)) - 84d87b42-83ce-4078-8a37-3864f9520041@group-F450BAF5DF14: changes role from CANDIDATE to FOLLOWER at term 39 for DISCOVERED_A_NEW_TERM
2019-10-17 07:43:12,482 [84d87b42-83ce-4078-8a37-3864f9520041@group-F450BAF5DF14-LeaderElection42] INFO  impl.RoleInfo (RoleInfo.java:shutdownLeaderElection(134)) - 84d87b42-83ce-4078-8a37-3864f9520041: shutdown LeaderElection
2019-10-17 07:43:12,482 [84d87b42-83ce-4078-8a37-3864f9520041@group-F450BAF5DF14-LeaderElection42] INFO  impl.RoleInfo (RoleInfo.java:updateAndGet(143)) - 84d87b42-83ce-4078-8a37-3864f9520041: start FollowerState
2019-10-17 07:43:12,563 [Thread-843] INFO  impl.FollowerState (FollowerState.java:run(108)) - 84d87b42-83ce-4078-8a37-3864f9520041@group-F450BAF5DF14-FollowerState: change to CANDIDATE, lastRpcTime:81ms, electionTimeout:81ms
2019-10-17 07:43:12,564 [Thread-843] INFO  impl.RoleInfo (RoleInfo.java:shutdownFollowerState(121)) - 84d87b42-83ce-4078-8a37-3864f9520041: shutdown FollowerState
2019-10-17 07:43:12,564 [Thread-843] INFO  impl.RaftServerImpl (RaftServerImpl.java:setRole(184)) - 84d87b42-83ce-4078-8a37-3864f9520041@group-F450BAF5DF14: changes role from  FOLLOWER to CANDIDATE at term 39 for changeToCandidate
2019-10-17 07:43:12,564 [Thread-843] INFO  impl.RoleInfo (RoleInfo.java:updateAndGet(143)) - 84d87b42-83ce-4078-8a37-3864f9520041: start LeaderElection
2019-10-17 07:43:12,581 [84d87b42-83ce-4078-8a37-3864f9520041@group-F450BAF5DF14-LeaderElection43] INFO  impl.LeaderElection (LeaderElection.java:askForVotes(178)) - 84d87b42-83ce-4078-8a37-3864f9520041@group-F450BAF5DF14-LeaderElection43: begin an election at term 40 for 0: [6ea7cc1b-6dd1-4a6f-b526-a2c2472221ee:192.168.164.211:45347, 722c44df-b170-4eeb-abb4-8ab07bb69a54:192.168.164.211:33246, 84d87b42-83ce-4078-8a37-3864f9520041:192.168.164.211:42413], old=null
2019-10-17 07:43:12,585 [grpc-default-executor-4] INFO  impl.RaftServerImpl (RaftServerImpl.java:setRole(184)) - 722c44df-b170-4eeb-abb4-8ab07bb69a54@group-F450BAF5DF14: changes role from  FOLLOWER to FOLLOWER at term 40 for recognizeCandidate:84d87b42-83ce-4078-8a37-3864f9520041
2019-10-17 07:43:12,585 [grpc-default-executor-4] INFO  impl.RoleInfo (RoleInfo.java:shutdownFollowerState(121)) - 722c44df-b170-4eeb-abb4-8ab07bb69a54: shutdown FollowerState
2019-10-17 07:43:12,585 [grpc-default-executor-4] INFO  impl.RoleInfo (RoleInfo.java:updateAndGet(143)) - 722c44df-b170-4eeb-abb4-8ab07bb69a54: start FollowerState
2019-10-17 07:43:12,585 [Thread-842] INFO  impl.FollowerState (FollowerState.java:run(117)) - 722c44df-b170-4eeb-abb4-8ab07bb69a54@group-F450BAF5DF14-FollowerState was interrupted: java.lang.InterruptedException: sleep interrupted
2019-10-17 07:43:12,585 [grpc-default-executor-0] INFO  impl.RaftServerImpl (RaftServerImpl.java:setRole(184)) - 6ea7cc1b-6dd1-4a6f-b526-a2c2472221ee@group-F450BAF5DF14: changes role from  FOLLOWER to FOLLOWER at term 40 for recognizeCandidate:84d87b42-83ce-4078-8a37-3864f9520041
2019-10-17 07:43:12,585 [grpc-default-executor-0] INFO  impl.RoleInfo (RoleInfo.java:shutdownFollowerState(121)) - 6ea7cc1b-6dd1-4a6f-b526-a2c2472221ee: shutdown FollowerState
2019-10-17 07:43:12,586 [grpc-default-executor-0] INFO  impl.RoleInfo (RoleInfo.java:updateAndGet(143)) - 6ea7cc1b-6dd1-4a6f-b526-a2c2472221ee: start FollowerState
2019-10-17 07:43:12,586 [Thread-841] INFO  impl.FollowerState (FollowerState.java:run(117)) - 6ea7cc1b-6dd1-4a6f-b526-a2c2472221ee@group-F450BAF5DF14-FollowerState was interrupted: java.lang.InterruptedException: sleep interrupted
2019-10-17 07:43:12,601 [84d87b42-83ce-4078-8a37-3864f9520041@group-F450BAF5DF14-LeaderElection43] INFO  impl.LeaderElection (LeaderElection.java:logAndReturn(56)) - 84d87b42-83ce-4078-8a37-3864f9520041@group-F450BAF5DF14-LeaderElection43: Election TIMEOUT; received 0 response(s) [] and 0 exception(s); 84d87b42-83ce-4078-8a37-3864f9520041@group-F450BAF5DF14:t40, leader=null, voted=84d87b42-83ce-4078-8a37-3864f9520041, raftlog=84d87b42-83ce-4078-8a37-3864f9520041@group-F450BAF5DF14-SegmentedRaftLog:OPENED:c3,f4,i4, conf=0: [6ea7cc1b-6dd1-4a6f-b526-a2c2472221ee:192.168.164.211:45347, 722c44df-b170-4eeb-abb4-8ab07bb69a54:192.168.164.211:33246, 84d87b42-83ce-4078-8a37-3864f9520041:192.168.164.211:42413], old=null
2019-10-17 07:43:12,625 [84d87b42-83ce-4078-8a37-3864f9520041@group-F450BAF5DF14-LeaderElection43] INFO  impl.LeaderElection (LeaderElection.java:askForVotes(178)) - 84d87b42-83ce-4078-8a37-3864f9520041@group-F450BAF5DF14-LeaderElection43: begin an election at term 41 for 0: [6ea7cc1b-6dd1-4a6f-b526-a2c2472221ee:192.168.164.211:45347, 722c44df-b170-4eeb-abb4-8ab07bb69a54:192.168.164.211:33246, 84d87b42-83ce-4078-8a37-3864f9520041:192.168.164.211:42413], old=null
2019-10-17 07:43:12,628 [grpc-default-executor-0] INFO  impl.RaftServerImpl (RaftServerImpl.java:setRole(184)) - 6ea7cc1b-6dd1-4a6f-b526-a2c2472221ee@group-F450BAF5DF14: changes role from  FOLLOWER to FOLLOWER at term 41 for recognizeCandidate:84d87b42-83ce-4078-8a37-3864f9520041
2019-10-17 07:43:12,629 [grpc-default-executor-0] INFO  impl.RoleInfo (RoleInfo.java:shutdownFollowerState(121)) - 6ea7cc1b-6dd1-4a6f-b526-a2c2472221ee: shutdown FollowerState
2019-10-17 07:43:12,629 [grpc-default-executor-4] INFO  impl.RaftServerImpl (RaftServerImpl.java:setRole(184)) - 722c44df-b170-4eeb-abb4-8ab07bb69a54@group-F450BAF5DF14: changes role from  FOLLOWER to FOLLOWER at term 41 for recognizeCandidate:84d87b42-83ce-4078-8a37-3864f9520041
2019-10-17 07:43:12,629 [Thread-848] INFO  impl.FollowerState (FollowerState.java:run(117)) - 6ea7cc1b-6dd1-4a6f-b526-a2c2472221ee@group-F450BAF5DF14-FollowerState was interrupted: java.lang.InterruptedException: sleep interrupted
2019-10-17 07:43:12,629 [grpc-default-executor-0] INFO  impl.RoleInfo (RoleInfo.java:updateAndGet(143)) - 6ea7cc1b-6dd1-4a6f-b526-a2c2472221ee: start FollowerState
2019-10-17 07:43:12,629 [grpc-default-executor-4] INFO  impl.RoleInfo (RoleInfo.java:shutdownFollowerState(121)) - 722c44df-b170-4eeb-abb4-8ab07bb69a54: shutdown FollowerState
2019-10-17 07:43:12,630 [grpc-default-executor-4] INFO  impl.RoleInfo (RoleInfo.java:updateAndGet(143)) - 722c44df-b170-4eeb-abb4-8ab07bb69a54: start FollowerState
2019-10-17 07:43:12,630 [Thread-847] INFO  impl.FollowerState (FollowerState.java:run(117)) - 722c44df-b170-4eeb-abb4-8ab07bb69a54@group-F450BAF5DF14-FollowerState was interrupted: java.lang.InterruptedException: sleep interrupted
2019-10-17 07:43:12,654 [84d87b42-83ce-4078-8a37-3864f9520041@group-F450BAF5DF14-LeaderElection43] INFO  impl.LeaderElection (LeaderElection.java:logAndReturn(56)) - 84d87b42-83ce-4078-8a37-3864f9520041@group-F450BAF5DF14-LeaderElection43: Election REJECTED; received 2 response(s) [84d87b42-83ce-4078-8a37-3864f9520041<-6ea7cc1b-6dd1-4a6f-b526-a2c2472221ee#0:FAIL-t41, 84d87b42-83ce-4078-8a37-3864f9520041<-722c44df-b170-4eeb-abb4-8ab07bb69a54#0:FAIL-t41] and 0 exception(s); 84d87b42-83ce-4078-8a37-3864f9520041@group-F450BAF5DF14:t41, leader=null, voted=84d87b42-83ce-4078-8a37-3864f9520041, raftlog=84d87b42-83ce-4078-8a37-3864f9520041@group-F450BAF5DF14-SegmentedRaftLog:OPENED:c3,f4,i4, conf=0: [6ea7cc1b-6dd1-4a6f-b526-a2c2472221ee:192.168.164.211:45347, 722c44df-b170-4eeb-abb4-8ab07bb69a54:192.168.164.211:33246, 84d87b42-83ce-4078-8a37-3864f9520041:192.168.164.211:42413], old=null
2019-10-17 07:43:12,654 [84d87b42-83ce-4078-8a37-3864f9520041@group-F450BAF5DF14-LeaderElection43] INFO  impl.RaftServerImpl (RaftServerImpl.java:setRole(184)) - 84d87b42-83ce-4078-8a37-3864f9520041@group-F450BAF5DF14: changes role from CANDIDATE to FOLLOWER at term 41 for DISCOVERED_A_NEW_TERM
2019-10-17 07:43:12,654 [84d87b42-83ce-4078-8a37-3864f9520041@group-F450BAF5DF14-LeaderElection43] INFO  impl.RoleInfo (RoleInfo.java:shutdownLeaderElection(134)) - 84d87b42-83ce-4078-8a37-3864f9520041: shutdown LeaderElection
2019-10-17 07:43:12,654 [84d87b42-83ce-4078-8a37-3864f9520041@group-F450BAF5DF14-LeaderElection43] INFO  impl.RoleInfo (RoleInfo.java:updateAndGet(143)) - 84d87b42-83ce-4078-8a37-3864f9520041: start FollowerState
2019-10-17 07:43:12,791 [Thread-853] INFO  impl.FollowerState (FollowerState.java:run(108)) - 84d87b42-83ce-4078-8a37-3864f9520041@group-F450BAF5DF14-FollowerState: change to CANDIDATE, lastRpcTime:136ms, electionTimeout:136ms
2019-10-17 07:43:12,791 [Thread-853] INFO  impl.RoleInfo (RoleInfo.java:shutdownFollowerState(121)) - 84d87b42-83ce-4078-8a37-3864f9520041: shutdown FollowerState
2019-10-17 07:43:12,791 [Thread-853] INFO  impl.RaftServerImpl (RaftServerImpl.java:setRole(184)) - 84d87b42-83ce-4078-8a37-3864f9520041@group-F450BAF5DF14: changes role from  FOLLOWER to CANDIDATE at term 41 for changeToCandidate
2019-10-17 07:43:12,791 [Thread-853] INFO  impl.RoleInfo (RoleInfo.java:updateAndGet(143)) - 84d87b42-83ce-4078-8a37-3864f9520041: start LeaderElection
2019-10-17 07:43:12,816 [84d87b42-83ce-4078-8a37-3864f9520041@group-F450BAF5DF14-LeaderElection44] INFO  impl.LeaderElection (LeaderElection.java:askForVotes(178)) - 84d87b42-83ce-4078-8a37-3864f9520041@group-F450BAF5DF14-LeaderElection44: begin an election at term 42 for 0: [6ea7cc1b-6dd1-4a6f-b526-a2c2472221ee:192.168.164.211:45347, 722c44df-b170-4eeb-abb4-8ab07bb69a54:192.168.164.211:33246, 84d87b42-83ce-4078-8a37-3864f9520041:192.168.164.211:42413], old=null
2019-10-17 07:43:12,819 [grpc-default-executor-0] INFO  impl.RaftServerImpl (RaftServerImpl.java:setRole(184)) - 722c44df-b170-4eeb-abb4-8ab07bb69a54@group-F450BAF5DF14: changes role from  FOLLOWER to FOLLOWER at term 42 for recognizeCandidate:84d87b42-83ce-4078-8a37-3864f9520041
2019-10-17 07:43:12,820 [grpc-default-executor-0] INFO  impl.RoleInfo (RoleInfo.java:shutdownFollowerState(121)) - 722c44df-b170-4eeb-abb4-8ab07bb69a54: shutdown FollowerState
2019-10-17 07:43:12,820 [grpc-default-executor-4] INFO  impl.RaftServerImpl (RaftServerImpl.java:setRole(184)) - 6ea7cc1b-6dd1-4a6f-b526-a2c2472221ee@group-F450BAF5DF14: changes role from  FOLLOWER to FOLLOWER at term 42 for recognizeCandidate:84d87b42-83ce-4078-8a37-3864f9520041
2019-10-17 07:43:12,820 [grpc-default-executor-4] INFO  impl.RoleInfo (RoleInfo.java:shutdownFollowerState(121)) - 6ea7cc1b-6dd1-4a6f-b526-a2c2472221ee: shutdown FollowerState
2019-10-17 07:43:12,820 [Thread-852] INFO  impl.FollowerState (FollowerState.java:run(117)) - 722c44df-b170-4eeb-abb4-8ab07bb69a54@group-F450BAF5DF14-FollowerState was interrupted: java.lang.InterruptedException: sleep interrupted
2019-10-17 07:43:12,820 [grpc-default-executor-0] INFO  impl.RoleInfo (RoleInfo.java:updateAndGet(143)) - 722c44df-b170-4eeb-abb4-8ab07bb69a54: start FollowerState
2019-10-17 07:43:12,820 [Thread-851] INFO  impl.FollowerState (FollowerState.java:run(117)) - 6ea7cc1b-6dd1-4a6f-b526-a2c2472221ee@group-F450BAF5DF14-FollowerState was interrupted: java.lang.InterruptedException: sleep interrupted
2019-10-17 07:43:12,820 [grpc-default-executor-4] INFO  impl.RoleInfo (RoleInfo.java:updateAndGet(143)) - 6ea7cc1b-6dd1-4a6f-b526-a2c2472221ee: start FollowerState
2019-10-17 07:43:12,856 [84d87b42-83ce-4078-8a37-3864f9520041@group-F450BAF5DF14-LeaderElection44] INFO  impl.LeaderElection (LeaderElection.java:logAndReturn(56)) - 84d87b42-83ce-4078-8a37-3864f9520041@group-F450BAF5DF14-LeaderElection44: Election REJECTED; received 2 response(s) [84d87b42-83ce-4078-8a37-3864f9520041<-6ea7cc1b-6dd1-4a6f-b526-a2c2472221ee#0:FAIL-t42, 84d87b42-83ce-4078-8a37-3864f9520041<-722c44df-b170-4eeb-abb4-8ab07bb69a54#0:FAIL-t42] and 0 exception(s); 84d87b42-83ce-4078-8a37-3864f9520041@group-F450BAF5DF14:t42, leader=null, voted=84d87b42-83ce-4078-8a37-3864f9520041, raftlog=84d87b42-83ce-4078-8a37-3864f9520041@group-F450BAF5DF14-SegmentedRaftLog:OPENED:c3,f4,i4, conf=0: [6ea7cc1b-6dd1-4a6f-b526-a2c2472221ee:192.168.164.211:45347, 722c44df-b170-4eeb-abb4-8ab07bb69a54:192.168.164.211:33246, 84d87b42-83ce-4078-8a37-3864f9520041:192.168.164.211:42413], old=null
2019-10-17 07:43:12,856 [84d87b42-83ce-4078-8a37-3864f9520041@group-F450BAF5DF14-LeaderElection44] INFO  impl.RaftServerImpl (RaftServerImpl.java:setRole(184)) - 84d87b42-83ce-4078-8a37-3864f9520041@group-F450BAF5DF14: changes role from CANDIDATE to FOLLOWER at term 42 for DISCOVERED_A_NEW_TERM
2019-10-17 07:43:12,857 [84d87b42-83ce-4078-8a37-3864f9520041@group-F450BAF5DF14-LeaderElection44] INFO  impl.RoleInfo (RoleInfo.java:shutdownLeaderElection(134)) - 84d87b42-83ce-4078-8a37-3864f9520041: shutdown LeaderElection
2019-10-17 07:43:12,857 [84d87b42-83ce-4078-8a37-3864f9520041@group-F450BAF5DF14-LeaderElection44] INFO  impl.RoleInfo (RoleInfo.java:updateAndGet(143)) - 84d87b42-83ce-4078-8a37-3864f9520041: start FollowerState
2019-10-17 07:43:12,861 [Thread-859] INFO  impl.FollowerState (FollowerState.java:run(108)) - 84d87b42-83ce-4078-8a37-3864f9520041@group-F450BAF5DF14-FollowerState: change to CANDIDATE, lastRpcTime:4ms, electionTimeout:4ms
2019-10-17 07:43:12,861 [Thread-859] INFO  impl.RoleInfo (RoleInfo.java:shutdownFollowerState(121)) - 84d87b42-83ce-4078-8a37-3864f9520041: shutdown FollowerState
2019-10-17 07:43:12,861 [Thread-859] INFO  impl.RaftServerImpl (RaftServerImpl.java:setRole(184)) - 84d87b42-83ce-4078-8a37-3864f9520041@group-F450BAF5DF14: changes role from  FOLLOWER to CANDIDATE at term 42 for changeToCandidate
2019-10-17 07:43:12,861 [Thread-859] INFO  impl.RoleInfo (RoleInfo.java:updateAndGet(143)) - 84d87b42-83ce-4078-8a37-3864f9520041: start LeaderElection
2019-10-17 07:43:12,889 [84d87b42-83ce-4078-8a37-3864f9520041@group-F450BAF5DF14-LeaderElection45] INFO  impl.LeaderElection (LeaderElection.java:askForVotes(178)) - 84d87b42-83ce-4078-8a37-3864f9520041@group-F450BAF5DF14-LeaderElection45: begin an election at term 43 for 0: [6ea7cc1b-6dd1-4a6f-b526-a2c2472221ee:192.168.164.211:45347, 722c44df-b170-4eeb-abb4-8ab07bb69a54:192.168.164.211:33246, 84d87b42-83ce-4078-8a37-3864f9520041:192.168.164.211:42413], old=null
2019-10-17 07:43:12,892 [grpc-default-executor-0] INFO  impl.RaftServerImpl (RaftServerImpl.java:setRole(184)) - 722c44df-b170-4eeb-abb4-8ab07bb69a54@group-F450BAF5DF14: changes role from  FOLLOWER to FOLLOWER at term 43 for recognizeCandidate:84d87b42-83ce-4078-8a37-3864f9520041
2019-10-17 07:43:12,892 [grpc-default-executor-0] INFO  impl.RoleInfo (RoleInfo.java:shutdownFollowerState(121)) - 722c44df-b170-4eeb-abb4-8ab07bb69a54: shutdown FollowerState
2019-10-17 07:43:12,892 [grpc-default-executor-0] INFO  impl.RoleInfo (RoleInfo.java:updateAndGet(143)) - 722c44df-b170-4eeb-abb4-8ab07bb69a54: start FollowerState
2019-10-17 07:43:12,892 [Thread-857] INFO  impl.FollowerState (FollowerState.java:run(117)) - 722c44df-b170-4eeb-abb4-8ab07bb69a54@group-F450BAF5DF14-FollowerState was interrupted: java.lang.InterruptedException: sleep interrupted
2019-10-17 07:43:12,892 [grpc-default-executor-4] INFO  impl.RaftServerImpl (RaftServerImpl.java:setRole(184)) - 6ea7cc1b-6dd1-4a6f-b526-a2c2472221ee@group-F450BAF5DF14: changes role from  FOLLOWER to FOLLOWER at term 43 for recognizeCandidate:84d87b42-83ce-4078-8a37-3864f9520041
2019-10-17 07:43:12,893 [grpc-default-executor-4] INFO  impl.RoleInfo (RoleInfo.java:shutdownFollowerState(121)) - 6ea7cc1b-6dd1-4a6f-b526-a2c2472221ee: shutdown FollowerState
2019-10-17 07:43:12,893 [grpc-default-executor-4] INFO  impl.RoleInfo (RoleInfo.java:updateAndGet(143)) - 6ea7cc1b-6dd1-4a6f-b526-a2c2472221ee: start FollowerState
2019-10-17 07:43:12,893 [Thread-858] INFO  impl.FollowerState (FollowerState.java:run(117)) - 6ea7cc1b-6dd1-4a6f-b526-a2c2472221ee@group-F450BAF5DF14-FollowerState was interrupted: java.lang.InterruptedException: sleep interrupted
2019-10-17 07:43:12,915 [84d87b42-83ce-4078-8a37-3864f9520041@group-F450BAF5DF14-LeaderElection45] INFO  impl.LeaderElection (LeaderElection.java:logAndReturn(56)) - 84d87b42-83ce-4078-8a37-3864f9520041@group-F450BAF5DF14-LeaderElection45: Election REJECTED; received 2 response(s) [84d87b42-83ce-4078-8a37-3864f9520041<-6ea7cc1b-6dd1-4a6f-b526-a2c2472221ee#0:FAIL-t43, 84d87b42-83ce-4078-8a37-3864f9520041<-722c44df-b170-4eeb-abb4-8ab07bb69a54#0:FAIL-t43] and 0 exception(s); 84d87b42-83ce-4078-8a37-3864f9520041@group-F450BAF5DF14:t43, leader=null, voted=84d87b42-83ce-4078-8a37-3864f9520041, raftlog=84d87b42-83ce-4078-8a37-3864f9520041@group-F450BAF5DF14-SegmentedRaftLog:OPENED:c3,f4,i4, conf=0: [6ea7cc1b-6dd1-4a6f-b526-a2c2472221ee:192.168.164.211:45347, 722c44df-b170-4eeb-abb4-8ab07bb69a54:192.168.164.211:33246, 84d87b42-83ce-4078-8a37-3864f9520041:192.168.164.211:42413], old=null
2019-10-17 07:43:12,916 [84d87b42-83ce-4078-8a37-3864f9520041@group-F450BAF5DF14-LeaderElection45] INFO  impl.RaftServerImpl (RaftServerImpl.java:setRole(184)) - 84d87b42-83ce-4078-8a37-3864f9520041@group-F450BAF5DF14: changes role from CANDIDATE to FOLLOWER at term 43 for DISCOVERED_A_NEW_TERM
2019-10-17 07:43:12,916 [84d87b42-83ce-4078-8a37-3864f9520041@group-F450BAF5DF14-LeaderElection45] INFO  impl.RoleInfo (RoleInfo.java:shutdownLeaderElection(134)) - 84d87b42-83ce-4078-8a37-3864f9520041: shutdown LeaderElection
2019-10-17 07:43:12,916 [84d87b42-83ce-4078-8a37-3864f9520041@group-F450BAF5DF14-LeaderElection45] INFO  impl.RoleInfo (RoleInfo.java:updateAndGet(143)) - 84d87b42-83ce-4078-8a37-3864f9520041: start FollowerState
2019-10-17 07:43:13,070 [Thread-865] INFO  impl.FollowerState (FollowerState.java:run(108)) - 84d87b42-83ce-4078-8a37-3864f9520041@group-F450BAF5DF14-FollowerState: change to CANDIDATE, lastRpcTime:154ms, electionTimeout:154ms
2019-10-17 07:43:13,071 [Thread-865] INFO  impl.RoleInfo (RoleInfo.java:shutdownFollowerState(121)) - 84d87b42-83ce-4078-8a37-3864f9520041: shutdown FollowerState
2019-10-17 07:43:13,071 [Thread-865] INFO  impl.RaftServerImpl (RaftServerImpl.java:setRole(184)) - 84d87b42-83ce-4078-8a37-3864f9520041@group-F450BAF5DF14: changes role from  FOLLOWER to CANDIDATE at term 43 for changeToCandidate
2019-10-17 07:43:13,071 [Thread-865] INFO  impl.RoleInfo (RoleInfo.java:updateAndGet(143)) - 84d87b42-83ce-4078-8a37-3864f9520041: start LeaderElection
2019-10-17 07:43:13,106 [84d87b42-83ce-4078-8a37-3864f9520041@group-F450BAF5DF14-LeaderElection46] INFO  impl.LeaderElection (LeaderElection.java:askForVotes(178)) - 84d87b42-83ce-4078-8a37-3864f9520041@group-F450BAF5DF14-LeaderElection46: begin an election at term 44 for 0: [6ea7cc1b-6dd1-4a6f-b526-a2c2472221ee:192.168.164.211:45347, 722c44df-b170-4eeb-abb4-8ab07bb69a54:192.168.164.211:33246, 84d87b42-83ce-4078-8a37-3864f9520041:192.168.164.211:42413], old=null
2019-10-17 07:43:13,109 [grpc-default-executor-4] INFO  impl.RaftServerImpl (RaftServerImpl.java:setRole(184)) - 6ea7cc1b-6dd1-4a6f-b526-a2c2472221ee@group-F450BAF5DF14: changes role from  FOLLOWER to FOLLOWER at term 44 for recognizeCandidate:84d87b42-83ce-4078-8a37-3864f9520041
2019-10-17 07:43:13,109 [grpc-default-executor-4] INFO  impl.RoleInfo (RoleInfo.java:shutdownFollowerState(121)) - 6ea7cc1b-6dd1-4a6f-b526-a2c2472221ee: shutdown FollowerState
2019-10-17 07:43:13,110 [grpc-default-executor-0] INFO  impl.RaftServerImpl (RaftServerImpl.java:setRole(184)) - 722c44df-b170-4eeb-abb4-8ab07bb69a54@group-F450BAF5DF14: changes role from  FOLLOWER to FOLLOWER at term 44 for recognizeCandidate:84d87b42-83ce-4078-8a37-3864f9520041
2019-10-17 07:43:13,110 [Thread-864] INFO  impl.FollowerState (FollowerState.java:run(117)) - 6ea7cc1b-6dd1-4a6f-b526-a2c2472221ee@group-F450BAF5DF14-FollowerState was interrupted: java.lang.InterruptedException: sleep interrupted
2019-10-17 07:43:13,110 [grpc-default-executor-4] INFO  impl.RoleInfo (RoleInfo.java:updateAndGet(143)) - 6ea7cc1b-6dd1-4a6f-b526-a2c2472221ee: start FollowerState
2019-10-17 07:43:13,110 [grpc-default-executor-0] INFO  impl.RoleInfo (RoleInfo.java:shutdownFollowerState(121)) - 722c44df-b170-4eeb-abb4-8ab07bb69a54: shutdown FollowerState
2019-10-17 07:43:13,110 [grpc-default-executor-0] INFO  impl.RoleInfo (RoleInfo.java:updateAndGet(143)) - 722c44df-b170-4eeb-abb4-8ab07bb69a54: start FollowerState
2019-10-17 07:43:13,110 [Thread-863] INFO  impl.FollowerState (FollowerState.java:run(117)) - 722c44df-b170-4eeb-abb4-8ab07bb69a54@group-F450BAF5DF14-FollowerState was interrupted: java.lang.InterruptedException: sleep interrupted
2019-10-17 07:43:13,133 [84d87b42-83ce-4078-8a37-3864f9520041@group-F450BAF5DF14-LeaderElection46] INFO  impl.LeaderElection (LeaderElection.java:logAndReturn(56)) - 84d87b42-83ce-4078-8a37-3864f9520041@group-F450BAF5DF14-LeaderElection46: Election REJECTED; received 2 response(s) [84d87b42-83ce-4078-8a37-3864f9520041<-6ea7cc1b-6dd1-4a6f-b526-a2c2472221ee#0:FAIL-t44, 84d87b42-83ce-4078-8a37-3864f9520041<-722c44df-b170-4eeb-abb4-8ab07bb69a54#0:FAIL-t44] and 0 exception(s); 84d87b42-83ce-4078-8a37-3864f9520041@group-F450BAF5DF14:t44, leader=null, voted=84d87b42-83ce-4078-8a37-3864f9520041, raftlog=84d87b42-83ce-4078-8a37-3864f9520041@group-F450BAF5DF14-SegmentedRaftLog:OPENED:c3,f4,i4, conf=0: [6ea7cc1b-6dd1-4a6f-b526-a2c2472221ee:192.168.164.211:45347, 722c44df-b170-4eeb-abb4-8ab07bb69a54:192.168.164.211:33246, 84d87b42-83ce-4078-8a37-3864f9520041:192.168.164.211:42413], old=null
2019-10-17 07:43:13,133 [84d87b42-83ce-4078-8a37-3864f9520041@group-F450BAF5DF14-LeaderElection46] INFO  impl.RaftServerImpl (RaftServerImpl.java:setRole(184)) - 84d87b42-83ce-4078-8a37-3864f9520041@group-F450BAF5DF14: changes role from CANDIDATE to FOLLOWER at term 44 for DISCOVERED_A_NEW_TERM
2019-10-17 07:43:13,133 [84d87b42-83ce-4078-8a37-3864f9520041@group-F450BAF5DF14-LeaderElection46] INFO  impl.RoleInfo (RoleInfo.java:shutdownLeaderElection(134)) - 84d87b42-83ce-4078-8a37-3864f9520041: shutdown LeaderElection
2019-10-17 07:43:13,133 [84d87b42-83ce-4078-8a37-3864f9520041@group-F450BAF5DF14-LeaderElection46] INFO  impl.RoleInfo (RoleInfo.java:updateAndGet(143)) - 84d87b42-83ce-4078-8a37-3864f9520041: start FollowerState
2019-10-17 07:43:13,245 [Thread-874] INFO  client.GrpcClientProtocolService (GrpcClientProtocolService.java:lambda$processClientRequest$0(278)) - Failed RaftClientRequest:client-352DFC73CCDB->722c44df-b170-4eeb-abb4-8ab07bb69a54@group-F450BAF5DF14, cid=10, seq=0, Watch-ALL_COMMITTED(6), Message:<EMPTY>, reply=RaftClientReply:client-352DFC73CCDB->722c44df-b170-4eeb-abb4-8ab07bb69a54@group-F450BAF5DF14, cid=10, FAILED org.apache.ratis.protocol.NotLeaderException: Server 722c44df-b170-4eeb-abb4-8ab07bb69a54@group-F450BAF5DF14 is not the leader, logIndex=0, commits[722c44df-b170-4eeb-abb4-8ab07bb69a54:c10, 6ea7cc1b-6dd1-4a6f-b526-a2c2472221ee:c10, 84d87b42-83ce-4078-8a37-3864f9520041:c4]
2019-10-17 07:43:13,315 [BlockDeletingService#3] WARN  background.BlockDeletingService (BlockDeletingService.java:isDeletionAllowed(187)) - Close Container log Index 6 is not replicated across allthe servers in the pipeline 6e647d31-eff2-4ddc-80e8-f450baf5df14 as the min replicated index is 4. Deletion is not allowed in this container yet.
2019-10-17 07:43:13,315 [BlockDeletingService#2] WARN  background.BlockDeletingService (BlockDeletingService.java:isDeletionAllowed(187)) - Close Container log Index 6 is not replicated across allthe servers in the pipeline 6e647d31-eff2-4ddc-80e8-f450baf5df14 as the min replicated index is 4. Deletion is not allowed in this container yet.
2019-10-17 07:43:13,334 [Thread-872] INFO  impl.FollowerState (FollowerState.java:run(108)) - 84d87b42-83ce-4078-8a37-3864f9520041@group-F450BAF5DF14-FollowerState: change to CANDIDATE, lastRpcTime:200ms, electionTimeout:200ms
2019-10-17 07:43:13,334 [Thread-872] INFO  impl.RoleInfo (RoleInfo.java:shutdownFollowerState(121)) - 84d87b42-83ce-4078-8a37-3864f9520041: shutdown FollowerState
2019-10-17 07:43:13,334 [Thread-872] INFO  impl.RaftServerImpl (RaftServerImpl.java:setRole(184)) - 84d87b42-83ce-4078-8a37-3864f9520041@group-F450BAF5DF14: changes role from  FOLLOWER to CANDIDATE at term 44 for changeToCandidate
2019-10-17 07:43:13,334 [Thread-872] INFO  impl.RoleInfo (RoleInfo.java:updateAndGet(143)) - 84d87b42-83ce-4078-8a37-3864f9520041: start LeaderElection
2019-10-17 07:43:13,367 [84d87b42-83ce-4078-8a37-3864f9520041@group-F450BAF5DF14-LeaderElection47] INFO  impl.LeaderElection (LeaderElection.java:askForVotes(178)) - 84d87b42-83ce-4078-8a37-3864f9520041@group-F450BAF5DF14-LeaderElection47: begin an election at term 45 for 0: [6ea7cc1b-6dd1-4a6f-b526-a2c2472221ee:192.168.164.211:45347, 722c44df-b170-4eeb-abb4-8ab07bb69a54:192.168.164.211:33246, 84d87b42-83ce-4078-8a37-3864f9520041:192.168.164.211:42413], old=null
2019-10-17 07:43:13,370 [grpc-default-executor-0] INFO  impl.RaftServerImpl (RaftServerImpl.java:setRole(184)) - 722c44df-b170-4eeb-abb4-8ab07bb69a54@group-F450BAF5DF14: changes role from  FOLLOWER to FOLLOWER at term 45 for recognizeCandidate:84d87b42-83ce-4078-8a37-3864f9520041
2019-10-17 07:43:13,370 [grpc-default-executor-0] INFO  impl.RoleInfo (RoleInfo.java:shutdownFollowerState(121)) - 722c44df-b170-4eeb-abb4-8ab07bb69a54: shutdown FollowerState
2019-10-17 07:43:13,370 [grpc-default-executor-0] INFO  impl.RoleInfo (RoleInfo.java:updateAndGet(143)) - 722c44df-b170-4eeb-abb4-8ab07bb69a54: start FollowerState
2019-10-17 07:43:13,370 [Thread-871] INFO  impl.FollowerState (FollowerState.java:run(117)) - 722c44df-b170-4eeb-abb4-8ab07bb69a54@group-F450BAF5DF14-FollowerState was interrupted: java.lang.InterruptedException: sleep interrupted
2019-10-17 07:43:13,371 [84d87b42-83ce-4078-8a37-3864f9520041@group-F450BAF5DF14-LeaderElection47] INFO  impl.LeaderElection (LeaderElection.java:logAndReturn(56)) - 84d87b42-83ce-4078-8a37-3864f9520041@group-F450BAF5DF14-LeaderElection47: Election TIMEOUT; received 0 response(s) [] and 0 exception(s); 84d87b42-83ce-4078-8a37-3864f9520041@group-F450BAF5DF14:t45, leader=null, voted=84d87b42-83ce-4078-8a37-3864f9520041, raftlog=84d87b42-83ce-4078-8a37-3864f9520041@group-F450BAF5DF14-SegmentedRaftLog:OPENED:c3,f4,i4, conf=0: [6ea7cc1b-6dd1-4a6f-b526-a2c2472221ee:192.168.164.211:45347, 722c44df-b170-4eeb-abb4-8ab07bb69a54:192.168.164.211:33246, 84d87b42-83ce-4078-8a37-3864f9520041:192.168.164.211:42413], old=null
2019-10-17 07:43:13,371 [grpc-default-executor-4] INFO  impl.RaftServerImpl (RaftServerImpl.java:setRole(184)) - 6ea7cc1b-6dd1-4a6f-b526-a2c2472221ee@group-F450BAF5DF14: changes role from  FOLLOWER to FOLLOWER at term 45 for recognizeCandidate:84d87b42-83ce-4078-8a37-3864f9520041
2019-10-17 07:43:13,371 [grpc-default-executor-4] INFO  impl.RoleInfo (RoleInfo.java:shutdownFollowerState(121)) - 6ea7cc1b-6dd1-4a6f-b526-a2c2472221ee: shutdown FollowerState
2019-10-17 07:43:13,371 [grpc-default-executor-4] INFO  impl.RoleInfo (RoleInfo.java:updateAndGet(143)) - 6ea7cc1b-6dd1-4a6f-b526-a2c2472221ee: start FollowerState
2019-10-17 07:43:13,371 [Thread-870] INFO  impl.FollowerState (FollowerState.java:run(117)) - 6ea7cc1b-6dd1-4a6f-b526-a2c2472221ee@group-F450BAF5DF14-FollowerState was interrupted: java.lang.InterruptedException: sleep interrupted
2019-10-17 07:43:13,392 [84d87b42-83ce-4078-8a37-3864f9520041@group-F450BAF5DF14-LeaderElection47] INFO  impl.LeaderElection (LeaderElection.java:askForVotes(178)) - 84d87b42-83ce-4078-8a37-3864f9520041@group-F450BAF5DF14-LeaderElection47: begin an election at term 46 for 0: [6ea7cc1b-6dd1-4a6f-b526-a2c2472221ee:192.168.164.211:45347, 722c44df-b170-4eeb-abb4-8ab07bb69a54:192.168.164.211:33246, 84d87b42-83ce-4078-8a37-3864f9520041:192.168.164.211:42413], old=null
2019-10-17 07:43:13,394 [grpc-default-executor-4] INFO  impl.RaftServerImpl (RaftServerImpl.java:setRole(184)) - 722c44df-b170-4eeb-abb4-8ab07bb69a54@group-F450BAF5DF14: changes role from  FOLLOWER to FOLLOWER at term 46 for recognizeCandidate:84d87b42-83ce-4078-8a37-3864f9520041
2019-10-17 07:43:13,394 [grpc-default-executor-0] INFO  impl.RaftServerImpl (RaftServerImpl.java:setRole(184)) - 6ea7cc1b-6dd1-4a6f-b526-a2c2472221ee@group-F450BAF5DF14: changes role from  FOLLOWER to FOLLOWER at term 46 for recognizeCandidate:84d87b42-83ce-4078-8a37-3864f9520041
2019-10-17 07:43:13,394 [grpc-default-executor-4] INFO  impl.RoleInfo (RoleInfo.java:shutdownFollowerState(121)) - 722c44df-b170-4eeb-abb4-8ab07bb69a54: shutdown FollowerState
2019-10-17 07:43:13,395 [grpc-default-executor-0] INFO  impl.RoleInfo (RoleInfo.java:shutdownFollowerState(121)) - 6ea7cc1b-6dd1-4a6f-b526-a2c2472221ee: shutdown FollowerState
2019-10-17 07:43:13,395 [Thread-881] INFO  impl.FollowerState (FollowerState.java:run(117)) - 722c44df-b170-4eeb-abb4-8ab07bb69a54@group-F450BAF5DF14-FollowerState was interrupted: java.lang.InterruptedException: sleep interrupted
2019-10-17 07:43:13,395 [grpc-default-executor-4] INFO  impl.RoleInfo (RoleInfo.java:updateAndGet(143)) - 722c44df-b170-4eeb-abb4-8ab07bb69a54: start FollowerState
2019-10-17 07:43:13,395 [Thread-882] INFO  impl.FollowerState (FollowerState.java:run(117)) - 6ea7cc1b-6dd1-4a6f-b526-a2c2472221ee@group-F450BAF5DF14-FollowerState was interrupted: java.lang.InterruptedException: sleep interrupted
2019-10-17 07:43:13,395 [grpc-default-executor-0] INFO  impl.RoleInfo (RoleInfo.java:updateAndGet(143)) - 6ea7cc1b-6dd1-4a6f-b526-a2c2472221ee: start FollowerState
2019-10-17 07:43:13,418 [84d87b42-83ce-4078-8a37-3864f9520041@group-F450BAF5DF14-LeaderElection47] INFO  impl.LeaderElection (LeaderElection.java:logAndReturn(56)) - 84d87b42-83ce-4078-8a37-3864f9520041@group-F450BAF5DF14-LeaderElection47: Election REJECTED; received 2 response(s) [84d87b42-83ce-4078-8a37-3864f9520041<-6ea7cc1b-6dd1-4a6f-b526-a2c2472221ee#0:FAIL-t46, 84d87b42-83ce-4078-8a37-3864f9520041<-722c44df-b170-4eeb-abb4-8ab07bb69a54#0:FAIL-t46] and 0 exception(s); 84d87b42-83ce-4078-8a37-3864f9520041@group-F450BAF5DF14:t46, leader=null, voted=84d87b42-83ce-4078-8a37-3864f9520041, raftlog=84d87b42-83ce-4078-8a37-3864f9520041@group-F450BAF5DF14-SegmentedRaftLog:OPENED:c3,f4,i4, conf=0: [6ea7cc1b-6dd1-4a6f-b526-a2c2472221ee:192.168.164.211:45347, 722c44df-b170-4eeb-abb4-8ab07bb69a54:192.168.164.211:33246, 84d87b42-83ce-4078-8a37-3864f9520041:192.168.164.211:42413], old=null
2019-10-17 07:43:13,419 [84d87b42-83ce-4078-8a37-3864f9520041@group-F450BAF5DF14-LeaderElection47] INFO  impl.RaftServerImpl (RaftServerImpl.java:setRole(184)) - 84d87b42-83ce-4078-8a37-3864f9520041@group-F450BAF5DF14: changes role from CANDIDATE to FOLLOWER at term 46 for DISCOVERED_A_NEW_TERM
2019-10-17 07:43:13,419 [84d87b42-83ce-4078-8a37-3864f9520041@group-F450BAF5DF14-LeaderElection47] INFO  impl.RoleInfo (RoleInfo.java:shutdownLeaderElection(134)) - 84d87b42-83ce-4078-8a37-3864f9520041: shutdown LeaderElection
2019-10-17 07:43:13,419 [84d87b42-83ce-4078-8a37-3864f9520041@group-F450BAF5DF14-LeaderElection47] INFO  impl.RoleInfo (RoleInfo.java:updateAndGet(143)) - 84d87b42-83ce-4078-8a37-3864f9520041: start FollowerState
2019-10-17 07:43:13,488 [Thread-887] INFO  impl.FollowerState (FollowerState.java:run(108)) - 84d87b42-83ce-4078-8a37-3864f9520041@group-F450BAF5DF14-FollowerState: change to CANDIDATE, lastRpcTime:69ms, electionTimeout:69ms
2019-10-17 07:43:13,489 [Thread-887] INFO  impl.RoleInfo (RoleInfo.java:shutdownFollowerState(121)) - 84d87b42-83ce-4078-8a37-3864f9520041: shutdown FollowerState
2019-10-17 07:43:13,489 [Thread-887] INFO  impl.RaftServerImpl (RaftServerImpl.java:setRole(184)) - 84d87b42-83ce-4078-8a37-3864f9520041@group-F450BAF5DF14: changes role from  FOLLOWER to CANDIDATE at term 46 for changeToCandidate
2019-10-17 07:43:13,489 [Thread-887] INFO  impl.RoleInfo (RoleInfo.java:updateAndGet(143)) - 84d87b42-83ce-4078-8a37-3864f9520041: start LeaderElection
2019-10-17 07:43:13,512 [84d87b42-83ce-4078-8a37-3864f9520041@group-F450BAF5DF14-LeaderElection48] INFO  impl.LeaderElection (LeaderElection.java:askForVotes(178)) - 84d87b42-83ce-4078-8a37-3864f9520041@group-F450BAF5DF14-LeaderElection48: begin an election at term 47 for 0: [6ea7cc1b-6dd1-4a6f-b526-a2c2472221ee:192.168.164.211:45347, 722c44df-b170-4eeb-abb4-8ab07bb69a54:192.168.164.211:33246, 84d87b42-83ce-4078-8a37-3864f9520041:192.168.164.211:42413], old=null
2019-10-17 07:43:13,514 [grpc-default-executor-4] INFO  impl.RaftServerImpl (RaftServerImpl.java:setRole(184)) - 722c44df-b170-4eeb-abb4-8ab07bb69a54@group-F450BAF5DF14: changes role from  FOLLOWER to FOLLOWER at term 47 for recognizeCandidate:84d87b42-83ce-4078-8a37-3864f9520041
2019-10-17 07:43:13,514 [grpc-default-executor-0] INFO  impl.RaftServerImpl (RaftServerImpl.java:setRole(184)) - 6ea7cc1b-6dd1-4a6f-b526-a2c2472221ee@group-F450BAF5DF14: changes role from  FOLLOWER to FOLLOWER at term 47 for recognizeCandidate:84d87b42-83ce-4078-8a37-3864f9520041
2019-10-17 07:43:13,514 [grpc-default-executor-4] INFO  impl.RoleInfo (RoleInfo.java:shutdownFollowerState(121)) - 722c44df-b170-4eeb-abb4-8ab07bb69a54: shutdown FollowerState
2019-10-17 07:43:13,515 [grpc-default-executor-0] INFO  impl.RoleInfo (RoleInfo.java:shutdownFollowerState(121)) - 6ea7cc1b-6dd1-4a6f-b526-a2c2472221ee: shutdown FollowerState
2019-10-17 07:43:13,515 [Thread-885] INFO  impl.FollowerState (FollowerState.java:run(117)) - 722c44df-b170-4eeb-abb4-8ab07bb69a54@group-F450BAF5DF14-FollowerState was interrupted: java.lang.InterruptedException: sleep interrupted
2019-10-17 07:43:13,515 [Thread-886] INFO  impl.FollowerState (FollowerState.java:run(117)) - 6ea7cc1b-6dd1-4a6f-b526-a2c2472221ee@group-F450BAF5DF14-FollowerState was interrupted: java.lang.InterruptedException: sleep interrupted
2019-10-17 07:43:13,515 [grpc-default-executor-4] INFO  impl.RoleInfo (RoleInfo.java:updateAndGet(143)) - 722c44df-b170-4eeb-abb4-8ab07bb69a54: start FollowerState
2019-10-17 07:43:13,515 [grpc-default-executor-0] INFO  impl.RoleInfo (RoleInfo.java:updateAndGet(143)) - 6ea7cc1b-6dd1-4a6f-b526-a2c2472221ee: start FollowerState
2019-10-17 07:43:13,540 [84d87b42-83ce-4078-8a37-3864f9520041@group-F450BAF5DF14-LeaderElection48] INFO  impl.LeaderElection (LeaderElection.java:logAndReturn(56)) - 84d87b42-83ce-4078-8a37-3864f9520041@group-F450BAF5DF14-LeaderElection48: Election REJECTED; received 2 response(s) [84d87b42-83ce-4078-8a37-3864f9520041<-6ea7cc1b-6dd1-4a6f-b526-a2c2472221ee#0:FAIL-t47, 84d87b42-83ce-4078-8a37-3864f9520041<-722c44df-b170-4eeb-abb4-8ab07bb69a54#0:FAIL-t47] and 0 exception(s); 84d87b42-83ce-4078-8a37-3864f9520041@group-F450BAF5DF14:t47, leader=null, voted=84d87b42-83ce-4078-8a37-3864f9520041, raftlog=84d87b42-83ce-4078-8a37-3864f9520041@group-F450BAF5DF14-SegmentedRaftLog:OPENED:c3,f4,i4, conf=0: [6ea7cc1b-6dd1-4a6f-b526-a2c2472221ee:192.168.164.211:45347, 722c44df-b170-4eeb-abb4-8ab07bb69a54:192.168.164.211:33246, 84d87b42-83ce-4078-8a37-3864f9520041:192.168.164.211:42413], old=null
2019-10-17 07:43:13,540 [84d87b42-83ce-4078-8a37-3864f9520041@group-F450BAF5DF14-LeaderElection48] INFO  impl.RaftServerImpl (RaftServerImpl.java:setRole(184)) - 84d87b42-83ce-4078-8a37-3864f9520041@group-F450BAF5DF14: changes role from CANDIDATE to FOLLOWER at term 47 for DISCOVERED_A_NEW_TERM
2019-10-17 07:43:13,540 [84d87b42-83ce-4078-8a37-3864f9520041@group-F450BAF5DF14-LeaderElection48] INFO  impl.RoleInfo (RoleInfo.java:shutdownLeaderElection(134)) - 84d87b42-83ce-4078-8a37-3864f9520041: shutdown LeaderElection
2019-10-17 07:43:13,540 [84d87b42-83ce-4078-8a37-3864f9520041@group-F450BAF5DF14-LeaderElection48] INFO  impl.RoleInfo (RoleInfo.java:updateAndGet(143)) - 84d87b42-83ce-4078-8a37-3864f9520041: start FollowerState
2019-10-17 07:43:13,679 [Thread-893] INFO  impl.FollowerState (FollowerState.java:run(108)) - 84d87b42-83ce-4078-8a37-3864f9520041@group-F450BAF5DF14-FollowerState: change to CANDIDATE, lastRpcTime:138ms, electionTimeout:138ms
2019-10-17 07:43:13,679 [Thread-893] INFO  impl.RoleInfo (RoleInfo.java:shutdownFollowerState(121)) - 84d87b42-83ce-4078-8a37-3864f9520041: shutdown FollowerState
2019-10-17 07:43:13,679 [Thread-893] INFO  impl.RaftServerImpl (RaftServerImpl.java:setRole(184)) - 84d87b42-83ce-4078-8a37-3864f9520041@group-F450BAF5DF14: changes role from  FOLLOWER to CANDIDATE at term 47 for changeToCandidate
2019-10-17 07:43:13,679 [Thread-893] INFO  impl.RoleInfo (RoleInfo.java:updateAndGet(143)) - 84d87b42-83ce-4078-8a37-3864f9520041: start LeaderElection
2019-10-17 07:43:13,695 [84d87b42-83ce-4078-8a37-3864f9520041@group-F450BAF5DF14-LeaderElection49] INFO  impl.LeaderElection (LeaderElection.java:askForVotes(178)) - 84d87b42-83ce-4078-8a37-3864f9520041@group-F450BAF5DF14-LeaderElection49: begin an election at term 48 for 0: [6ea7cc1b-6dd1-4a6f-b526-a2c2472221ee:192.168.164.211:45347, 722c44df-b170-4eeb-abb4-8ab07bb69a54:192.168.164.211:33246, 84d87b42-83ce-4078-8a37-3864f9520041:192.168.164.211:42413], old=null
2019-10-17 07:43:13,698 [grpc-default-executor-0] INFO  impl.RaftServerImpl (RaftServerImpl.java:setRole(184)) - 6ea7cc1b-6dd1-4a6f-b526-a2c2472221ee@group-F450BAF5DF14: changes role from  FOLLOWER to FOLLOWER at term 48 for recognizeCandidate:84d87b42-83ce-4078-8a37-3864f9520041
2019-10-17 07:43:13,699 [grpc-default-executor-0] INFO  impl.RoleInfo (RoleInfo.java:shutdownFollowerState(121)) - 6ea7cc1b-6dd1-4a6f-b526-a2c2472221ee: shutdown FollowerState
2019-10-17 07:43:13,699 [grpc-default-executor-4] INFO  impl.RaftServerImpl (RaftServerImpl.java:setRole(184)) - 722c44df-b170-4eeb-abb4-8ab07bb69a54@group-F450BAF5DF14: changes role from  FOLLOWER to FOLLOWER at term 48 for recognizeCandidate:84d87b42-83ce-4078-8a37-3864f9520041
2019-10-17 07:43:13,699 [Thread-892] INFO  impl.FollowerState (FollowerState.java:run(117)) - 6ea7cc1b-6dd1-4a6f-b526-a2c2472221ee@group-F450BAF5DF14-FollowerState was interrupted: java.lang.InterruptedException: sleep interrupted
2019-10-17 07:43:13,699 [grpc-default-executor-0] INFO  impl.RoleInfo (RoleInfo.java:updateAndGet(143)) - 6ea7cc1b-6dd1-4a6f-b526-a2c2472221ee: start FollowerState
2019-10-17 07:43:13,699 [grpc-default-executor-4] INFO  impl.RoleInfo (RoleInfo.java:shutdownFollowerState(121)) - 722c44df-b170-4eeb-abb4-8ab07bb69a54: shutdown FollowerState
2019-10-17 07:43:13,700 [grpc-default-executor-4] INFO  impl.RoleInfo (RoleInfo.java:updateAndGet(143)) - 722c44df-b170-4eeb-abb4-8ab07bb69a54: start FollowerState
2019-10-17 07:43:13,700 [Thread-891] INFO  impl.FollowerState (FollowerState.java:run(117)) - 722c44df-b170-4eeb-abb4-8ab07bb69a54@group-F450BAF5DF14-FollowerState was interrupted: java.lang.InterruptedException: sleep interrupted
2019-10-17 07:43:13,715 [84d87b42-83ce-4078-8a37-3864f9520041@group-F450BAF5DF14-LeaderElection49] INFO  impl.LeaderElection (LeaderElection.java:logAndReturn(56)) - 84d87b42-83ce-4078-8a37-3864f9520041@group-F450BAF5DF14-LeaderElection49: Election REJECTED; received 2 response(s) [84d87b42-83ce-4078-8a37-3864f9520041<-6ea7cc1b-6dd1-4a6f-b526-a2c2472221ee#0:FAIL-t48, 84d87b42-83ce-4078-8a37-3864f9520041<-722c44df-b170-4eeb-abb4-8ab07bb69a54#0:FAIL-t48] and 0 exception(s); 84d87b42-83ce-4078-8a37-3864f9520041@group-F450BAF5DF14:t48, leader=null, voted=84d87b42-83ce-4078-8a37-3864f9520041, raftlog=84d87b42-83ce-4078-8a37-3864f9520041@group-F450BAF5DF14-SegmentedRaftLog:OPENED:c3,f4,i4, conf=0: [6ea7cc1b-6dd1-4a6f-b526-a2c2472221ee:192.168.164.211:45347, 722c44df-b170-4eeb-abb4-8ab07bb69a54:192.168.164.211:33246, 84d87b42-83ce-4078-8a37-3864f9520041:192.168.164.211:42413], old=null
2019-10-17 07:43:13,715 [84d87b42-83ce-4078-8a37-3864f9520041@group-F450BAF5DF14-LeaderElection49] INFO  impl.RaftServerImpl (RaftServerImpl.java:setRole(184)) - 84d87b42-83ce-4078-8a37-3864f9520041@group-F450BAF5DF14: changes role from CANDIDATE to FOLLOWER at term 48 for DISCOVERED_A_NEW_TERM
2019-10-17 07:43:13,715 [84d87b42-83ce-4078-8a37-3864f9520041@group-F450BAF5DF14-LeaderElection49] INFO  impl.RoleInfo (RoleInfo.java:shutdownLeaderElection(134)) - 84d87b42-83ce-4078-8a37-3864f9520041: shutdown LeaderElection
2019-10-17 07:43:13,715 [84d87b42-83ce-4078-8a37-3864f9520041@group-F450BAF5DF14-LeaderElection49] INFO  impl.RoleInfo (RoleInfo.java:updateAndGet(143)) - 84d87b42-83ce-4078-8a37-3864f9520041: start FollowerState
2019-10-17 07:43:13,749 [Thread-899] INFO  impl.FollowerState (FollowerState.java:run(108)) - 84d87b42-83ce-4078-8a37-3864f9520041@group-F450BAF5DF14-FollowerState: change to CANDIDATE, lastRpcTime:33ms, electionTimeout:33ms
2019-10-17 07:43:13,749 [Thread-899] INFO  impl.RoleInfo (RoleInfo.java:shutdownFollowerState(121)) - 84d87b42-83ce-4078-8a37-3864f9520041: shutdown FollowerState
2019-10-17 07:43:13,749 [Thread-899] INFO  impl.RaftServerImpl (RaftServerImpl.java:setRole(184)) - 84d87b42-83ce-4078-8a37-3864f9520041@group-F450BAF5DF14: changes role from  FOLLOWER to CANDIDATE at term 48 for changeToCandidate
2019-10-17 07:43:13,749 [Thread-899] INFO  impl.RoleInfo (RoleInfo.java:updateAndGet(143)) - 84d87b42-83ce-4078-8a37-3864f9520041: start LeaderElection
2019-10-17 07:43:13,772 [84d87b42-83ce-4078-8a37-3864f9520041@group-F450BAF5DF14-LeaderElection50] INFO  impl.LeaderElection (LeaderElection.java:askForVotes(178)) - 84d87b42-83ce-4078-8a37-3864f9520041@group-F450BAF5DF14-LeaderElection50: begin an election at term 49 for 0: [6ea7cc1b-6dd1-4a6f-b526-a2c2472221ee:192.168.164.211:45347, 722c44df-b170-4eeb-abb4-8ab07bb69a54:192.168.164.211:33246, 84d87b42-83ce-4078-8a37-3864f9520041:192.168.164.211:42413], old=null
2019-10-17 07:43:13,774 [grpc-default-executor-0] INFO  impl.RaftServerImpl (RaftServerImpl.java:setRole(184)) - 722c44df-b170-4eeb-abb4-8ab07bb69a54@group-F450BAF5DF14: changes role from  FOLLOWER to FOLLOWER at term 49 for recognizeCandidate:84d87b42-83ce-4078-8a37-3864f9520041
2019-10-17 07:43:13,774 [grpc-default-executor-4] INFO  impl.RaftServerImpl (RaftServerImpl.java:setRole(184)) - 6ea7cc1b-6dd1-4a6f-b526-a2c2472221ee@group-F450BAF5DF14: changes role from  FOLLOWER to FOLLOWER at term 49 for recognizeCandidate:84d87b42-83ce-4078-8a37-3864f9520041
2019-10-17 07:43:13,775 [grpc-default-executor-0] INFO  impl.RoleInfo (RoleInfo.java:shutdownFollowerState(121)) - 722c44df-b170-4eeb-abb4-8ab07bb69a54: shutdown FollowerState
2019-10-17 07:43:13,775 [grpc-default-executor-4] INFO  impl.RoleInfo (RoleInfo.java:shutdownFollowerState(121)) - 6ea7cc1b-6dd1-4a6f-b526-a2c2472221ee: shutdown FollowerState
2019-10-17 07:43:13,775 [Thread-898] INFO  impl.FollowerState (FollowerState.java:run(117)) - 722c44df-b170-4eeb-abb4-8ab07bb69a54@group-F450BAF5DF14-FollowerState was interrupted: java.lang.InterruptedException: sleep interrupted
2019-10-17 07:43:13,775 [grpc-default-executor-0] INFO  impl.RoleInfo (RoleInfo.java:updateAndGet(143)) - 722c44df-b170-4eeb-abb4-8ab07bb69a54: start FollowerState
2019-10-17 07:43:13,775 [Thread-897] INFO  impl.FollowerState (FollowerState.java:run(117)) - 6ea7cc1b-6dd1-4a6f-b526-a2c2472221ee@group-F450BAF5DF14-FollowerState was interrupted: java.lang.InterruptedException: sleep interrupted
2019-10-17 07:43:13,775 [grpc-default-executor-4] INFO  impl.RoleInfo (RoleInfo.java:updateAndGet(143)) - 6ea7cc1b-6dd1-4a6f-b526-a2c2472221ee: start FollowerState
2019-10-17 07:43:13,791 [84d87b42-83ce-4078-8a37-3864f9520041@group-F450BAF5DF14-LeaderElection50] INFO  impl.LeaderElection (LeaderElection.java:logAndReturn(56)) - 84d87b42-83ce-4078-8a37-3864f9520041@group-F450BAF5DF14-LeaderElection50: Election REJECTED; received 2 response(s) [84d87b42-83ce-4078-8a37-3864f9520041<-6ea7cc1b-6dd1-4a6f-b526-a2c2472221ee#0:FAIL-t49, 84d87b42-83ce-4078-8a37-3864f9520041<-722c44df-b170-4eeb-abb4-8ab07bb69a54#0:FAIL-t49] and 0 exception(s); 84d87b42-83ce-4078-8a37-3864f9520041@group-F450BAF5DF14:t49, leader=null, voted=84d87b42-83ce-4078-8a37-3864f9520041, raftlog=84d87b42-83ce-4078-8a37-3864f9520041@group-F450BAF5DF14-SegmentedRaftLog:OPENED:c3,f4,i4, conf=0: [6ea7cc1b-6dd1-4a6f-b526-a2c2472221ee:192.168.164.211:45347, 722c44df-b170-4eeb-abb4-8ab07bb69a54:192.168.164.211:33246, 84d87b42-83ce-4078-8a37-3864f9520041:192.168.164.211:42413], old=null
2019-10-17 07:43:13,792 [84d87b42-83ce-4078-8a37-3864f9520041@group-F450BAF5DF14-LeaderElection50] INFO  impl.RaftServerImpl (RaftServerImpl.java:setRole(184)) - 84d87b42-83ce-4078-8a37-3864f9520041@group-F450BAF5DF14: changes role from CANDIDATE to FOLLOWER at term 49 for DISCOVERED_A_NEW_TERM
2019-10-17 07:43:13,792 [84d87b42-83ce-4078-8a37-3864f9520041@group-F450BAF5DF14-LeaderElection50] INFO  impl.RoleInfo (RoleInfo.java:shutdownLeaderElection(134)) - 84d87b42-83ce-4078-8a37-3864f9520041: shutdown LeaderElection
2019-10-17 07:43:13,792 [84d87b42-83ce-4078-8a37-3864f9520041@group-F450BAF5DF14-LeaderElection50] INFO  impl.RoleInfo (RoleInfo.java:updateAndGet(143)) - 84d87b42-83ce-4078-8a37-3864f9520041: start FollowerState
2019-10-17 07:43:13,930 [Thread-905] INFO  impl.FollowerState (FollowerState.java:run(108)) - 84d87b42-83ce-4078-8a37-3864f9520041@group-F450BAF5DF14-FollowerState: change to CANDIDATE, lastRpcTime:138ms, electionTimeout:138ms
2019-10-17 07:43:13,931 [Thread-905] INFO  impl.RoleInfo (RoleInfo.java:shutdownFollowerState(121)) - 84d87b42-83ce-4078-8a37-3864f9520041: shutdown FollowerState
2019-10-17 07:43:13,931 [Thread-905] INFO  impl.RaftServerImpl (RaftServerImpl.java:setRole(184)) - 84d87b42-83ce-4078-8a37-3864f9520041@group-F450BAF5DF14: changes role from  FOLLOWER to CANDIDATE at term 49 for changeToCandidate
2019-10-17 07:43:13,931 [Thread-905] INFO  impl.RoleInfo (RoleInfo.java:updateAndGet(143)) - 84d87b42-83ce-4078-8a37-3864f9520041: start LeaderElection
2019-10-17 07:43:13,948 [84d87b42-83ce-4078-8a37-3864f9520041@group-F450BAF5DF14-LeaderElection51] INFO  impl.LeaderElection (LeaderElection.java:askForVotes(178)) - 84d87b42-83ce-4078-8a37-3864f9520041@group-F450BAF5DF14-LeaderElection51: begin an election at term 50 for 0: [6ea7cc1b-6dd1-4a6f-b526-a2c2472221ee:192.168.164.211:45347, 722c44df-b170-4eeb-abb4-8ab07bb69a54:192.168.164.211:33246, 84d87b42-83ce-4078-8a37-3864f9520041:192.168.164.211:42413], old=null
2019-10-17 07:43:13,953 [grpc-default-executor-0] INFO  impl.RaftServerImpl (RaftServerImpl.java:setRole(184)) - 722c44df-b170-4eeb-abb4-8ab07bb69a54@group-F450BAF5DF14: changes role from  FOLLOWER to FOLLOWER at term 50 for recognizeCandidate:84d87b42-83ce-4078-8a37-3864f9520041
2019-10-17 07:43:13,953 [grpc-default-executor-0] INFO  impl.RoleInfo (RoleInfo.java:shutdownFollowerState(121)) - 722c44df-b170-4eeb-abb4-8ab07bb69a54: shutdown FollowerState
2019-10-17 07:43:13,954 [grpc-default-executor-0] INFO  impl.RoleInfo (RoleInfo.java:updateAndGet(143)) - 722c44df-b170-4eeb-abb4-8ab07bb69a54: start FollowerState
2019-10-17 07:43:13,953 [grpc-default-executor-4] INFO  impl.RaftServerImpl (RaftServerImpl.java:setRole(184)) - 6ea7cc1b-6dd1-4a6f-b526-a2c2472221ee@group-F450BAF5DF14: changes role from  FOLLOWER to FOLLOWER at term 50 for recognizeCandidate:84d87b42-83ce-4078-8a37-3864f9520041
2019-10-17 07:43:13,954 [grpc-default-executor-4] INFO  impl.RoleInfo (RoleInfo.java:shutdownFollowerState(121)) - 6ea7cc1b-6dd1-4a6f-b526-a2c2472221ee: shutdown FollowerState
2019-10-17 07:43:13,954 [Thread-903] INFO  impl.FollowerState (FollowerState.java:run(117)) - 722c44df-b170-4eeb-abb4-8ab07bb69a54@group-F450BAF5DF14-FollowerState was interrupted: java.lang.InterruptedException: sleep interrupted
2019-10-17 07:43:13,955 [grpc-default-executor-4] INFO  impl.RoleInfo (RoleInfo.java:updateAndGet(143)) - 6ea7cc1b-6dd1-4a6f-b526-a2c2472221ee: start FollowerState
2019-10-17 07:43:13,955 [Thread-904] INFO  impl.FollowerState (FollowerState.java:run(117)) - 6ea7cc1b-6dd1-4a6f-b526-a2c2472221ee@group-F450BAF5DF14-FollowerState was interrupted: java.lang.InterruptedException: sleep interrupted
2019-10-17 07:43:13,983 [84d87b42-83ce-4078-8a37-3864f9520041@group-F450BAF5DF14-LeaderElection51] INFO  impl.LeaderElection (LeaderElection.java:logAndReturn(56)) - 84d87b42-83ce-4078-8a37-3864f9520041@group-F450BAF5DF14-LeaderElection51: Election TIMEOUT; received 0 response(s) [] and 0 exception(s); 84d87b42-83ce-4078-8a37-3864f9520041@group-F450BAF5DF14:t50, leader=null, voted=84d87b42-83ce-4078-8a37-3864f9520041, raftlog=84d87b42-83ce-4078-8a37-3864f9520041@group-F450BAF5DF14-SegmentedRaftLog:OPENED:c3,f4,i4, conf=0: [6ea7cc1b-6dd1-4a6f-b526-a2c2472221ee:192.168.164.211:45347, 722c44df-b170-4eeb-abb4-8ab07bb69a54:192.168.164.211:33246, 84d87b42-83ce-4078-8a37-3864f9520041:192.168.164.211:42413], old=null
2019-10-17 07:43:14,013 [84d87b42-83ce-4078-8a37-3864f9520041@group-F450BAF5DF14-LeaderElection51] INFO  impl.LeaderElection (LeaderElection.java:askForVotes(178)) - 84d87b42-83ce-4078-8a37-3864f9520041@group-F450BAF5DF14-LeaderElection51: begin an election at term 51 for 0: [6ea7cc1b-6dd1-4a6f-b526-a2c2472221ee:192.168.164.211:45347, 722c44df-b170-4eeb-abb4-8ab07bb69a54:192.168.164.211:33246, 84d87b42-83ce-4078-8a37-3864f9520041:192.168.164.211:42413], old=null
2019-10-17 07:43:14,016 [grpc-default-executor-0] INFO  impl.RaftServerImpl (RaftServerImpl.java:setRole(184)) - 6ea7cc1b-6dd1-4a6f-b526-a2c2472221ee@group-F450BAF5DF14: changes role from  FOLLOWER to FOLLOWER at term 51 for recognizeCandidate:84d87b42-83ce-4078-8a37-3864f9520041
2019-10-17 07:43:14,016 [grpc-default-executor-4] INFO  impl.RaftServerImpl (RaftServerImpl.java:setRole(184)) - 722c44df-b170-4eeb-abb4-8ab07bb69a54@group-F450BAF5DF14: changes role from  FOLLOWER to FOLLOWER at term 51 for recognizeCandidate:84d87b42-83ce-4078-8a37-3864f9520041
2019-10-17 07:43:14,017 [grpc-default-executor-0] INFO  impl.RoleInfo (RoleInfo.java:shutdownFollowerState(121)) - 6ea7cc1b-6dd1-4a6f-b526-a2c2472221ee: shutdown FollowerState
2019-10-17 07:43:14,017 [grpc-default-executor-4] INFO  impl.RoleInfo (RoleInfo.java:shutdownFollowerState(121)) - 722c44df-b170-4eeb-abb4-8ab07bb69a54: shutdown FollowerState
2019-10-17 07:43:14,017 [grpc-default-executor-0] INFO  impl.RoleInfo (RoleInfo.java:updateAndGet(143)) - 6ea7cc1b-6dd1-4a6f-b526-a2c2472221ee: start FollowerState
2019-10-17 07:43:14,017 [Thread-910] INFO  impl.FollowerState (FollowerState.java:run(117)) - 6ea7cc1b-6dd1-4a6f-b526-a2c2472221ee@group-F450BAF5DF14-FollowerState was interrupted: java.lang.InterruptedException: sleep interrupted
2019-10-17 07:43:14,017 [Thread-909] INFO  impl.FollowerState (FollowerState.java:run(117)) - 722c44df-b170-4eeb-abb4-8ab07bb69a54@group-F450BAF5DF14-FollowerState was interrupted: java.lang.InterruptedException: sleep interrupted
2019-10-17 07:43:14,017 [grpc-default-executor-4] INFO  impl.RoleInfo (RoleInfo.java:updateAndGet(143)) - 722c44df-b170-4eeb-abb4-8ab07bb69a54: start FollowerState
2019-10-17 07:43:14,040 [84d87b42-83ce-4078-8a37-3864f9520041@group-F450BAF5DF14-LeaderElection51] INFO  impl.LeaderElection (LeaderElection.java:logAndReturn(56)) - 84d87b42-83ce-4078-8a37-3864f9520041@group-F450BAF5DF14-LeaderElection51: Election TIMEOUT; received 0 response(s) [] and 0 exception(s); 84d87b42-83ce-4078-8a37-3864f9520041@group-F450BAF5DF14:t51, leader=null, voted=84d87b42-83ce-4078-8a37-3864f9520041, raftlog=84d87b42-83ce-4078-8a37-3864f9520041@group-F450BAF5DF14-SegmentedRaftLog:OPENED:c3,f4,i4, conf=0: [6ea7cc1b-6dd1-4a6f-b526-a2c2472221ee:192.168.164.211:45347, 722c44df-b170-4eeb-abb4-8ab07bb69a54:192.168.164.211:33246, 84d87b42-83ce-4078-8a37-3864f9520041:192.168.164.211:42413], old=null
2019-10-17 07:43:14,097 [84d87b42-83ce-4078-8a37-3864f9520041@group-F450BAF5DF14-LeaderElection51] INFO  impl.LeaderElection (LeaderElection.java:askForVotes(178)) - 84d87b42-83ce-4078-8a37-3864f9520041@group-F450BAF5DF14-LeaderElection51: begin an election at term 52 for 0: [6ea7cc1b-6dd1-4a6f-b526-a2c2472221ee:192.168.164.211:45347, 722c44df-b170-4eeb-abb4-8ab07bb69a54:192.168.164.211:33246, 84d87b42-83ce-4078-8a37-3864f9520041:192.168.164.211:42413], old=null
2019-10-17 07:43:14,102 [grpc-default-executor-4] INFO  impl.RaftServerImpl (RaftServerImpl.java:setRole(184)) - 6ea7cc1b-6dd1-4a6f-b526-a2c2472221ee@group-F450BAF5DF14: changes role from  FOLLOWER to FOLLOWER at term 52 for recognizeCandidate:84d87b42-83ce-4078-8a37-3864f9520041
2019-10-17 07:43:14,102 [grpc-default-executor-4] INFO  impl.RoleInfo (RoleInfo.java:shutdownFollowerState(121)) - 6ea7cc1b-6dd1-4a6f-b526-a2c2472221ee: shutdown FollowerState
2019-10-17 07:43:14,102 [grpc-default-executor-0] INFO  impl.RaftServerImpl (RaftServerImpl.java:setRole(184)) - 722c44df-b170-4eeb-abb4-8ab07bb69a54@group-F450BAF5DF14: changes role from  FOLLOWER to FOLLOWER at term 52 for recognizeCandidate:84d87b42-83ce-4078-8a37-3864f9520041
2019-10-17 07:43:14,102 [grpc-default-executor-0] INFO  impl.RoleInfo (RoleInfo.java:shutdownFollowerState(121)) - 722c44df-b170-4eeb-abb4-8ab07bb69a54: shutdown FollowerState
2019-10-17 07:43:14,106 [grpc-default-executor-0] INFO  impl.RoleInfo (RoleInfo.java:updateAndGet(143)) - 722c44df-b170-4eeb-abb4-8ab07bb69a54: start FollowerState
2019-10-17 07:43:14,106 [Thread-915] INFO  impl.FollowerState (FollowerState.java:run(117)) - 6ea7cc1b-6dd1-4a6f-b526-a2c2472221ee@group-F450BAF5DF14-FollowerState was interrupted: java.lang.InterruptedException: sleep interrupted
2019-10-17 07:43:14,106 [Thread-916] INFO  impl.FollowerState (FollowerState.java:run(117)) - 722c44df-b170-4eeb-abb4-8ab07bb69a54@group-F450BAF5DF14-FollowerState was interrupted: java.lang.InterruptedException: sleep interrupted
2019-10-17 07:43:14,106 [grpc-default-executor-4] INFO  impl.RoleInfo (RoleInfo.java:updateAndGet(143)) - 6ea7cc1b-6dd1-4a6f-b526-a2c2472221ee: start FollowerState
2019-10-17 07:43:14,145 [84d87b42-83ce-4078-8a37-3864f9520041@group-F450BAF5DF14-LeaderElection51] INFO  impl.LeaderElection (LeaderElection.java:logAndReturn(56)) - 84d87b42-83ce-4078-8a37-3864f9520041@group-F450BAF5DF14-LeaderElection51: Election REJECTED; received 2 response(s) [84d87b42-83ce-4078-8a37-3864f9520041<-6ea7cc1b-6dd1-4a6f-b526-a2c2472221ee#0:FAIL-t52, 84d87b42-83ce-4078-8a37-3864f9520041<-722c44df-b170-4eeb-abb4-8ab07bb69a54#0:FAIL-t52] and 0 exception(s); 84d87b42-83ce-4078-8a37-3864f9520041@group-F450BAF5DF14:t52, leader=null, voted=84d87b42-83ce-4078-8a37-3864f9520041, raftlog=84d87b42-83ce-4078-8a37-3864f9520041@group-F450BAF5DF14-SegmentedRaftLog:OPENED:c3,f4,i4, conf=0: [6ea7cc1b-6dd1-4a6f-b526-a2c2472221ee:192.168.164.211:45347, 722c44df-b170-4eeb-abb4-8ab07bb69a54:192.168.164.211:33246, 84d87b42-83ce-4078-8a37-3864f9520041:192.168.164.211:42413], old=null
2019-10-17 07:43:14,146 [84d87b42-83ce-4078-8a37-3864f9520041@group-F450BAF5DF14-LeaderElection51] INFO  impl.RaftServerImpl (RaftServerImpl.java:setRole(184)) - 84d87b42-83ce-4078-8a37-3864f9520041@group-F450BAF5DF14: changes role from CANDIDATE to FOLLOWER at term 52 for DISCOVERED_A_NEW_TERM
2019-10-17 07:43:14,146 [84d87b42-83ce-4078-8a37-3864f9520041@group-F450BAF5DF14-LeaderElection51] INFO  impl.RoleInfo (RoleInfo.java:shutdownLeaderElection(134)) - 84d87b42-83ce-4078-8a37-3864f9520041: shutdown LeaderElection
2019-10-17 07:43:14,146 [84d87b42-83ce-4078-8a37-3864f9520041@group-F450BAF5DF14-LeaderElection51] INFO  impl.RoleInfo (RoleInfo.java:updateAndGet(143)) - 84d87b42-83ce-4078-8a37-3864f9520041: start FollowerState
2019-10-17 07:43:14,252 [Thread-922] INFO  impl.FollowerState (FollowerState.java:run(108)) - 84d87b42-83ce-4078-8a37-3864f9520041@group-F450BAF5DF14-FollowerState: change to CANDIDATE, lastRpcTime:105ms, electionTimeout:105ms
2019-10-17 07:43:14,252 [Thread-922] INFO  impl.RoleInfo (RoleInfo.java:shutdownFollowerState(121)) - 84d87b42-83ce-4078-8a37-3864f9520041: shutdown FollowerState
2019-10-17 07:43:14,252 [Thread-922] INFO  impl.RaftServerImpl (RaftServerImpl.java:setRole(184)) - 84d87b42-83ce-4078-8a37-3864f9520041@group-F450BAF5DF14: changes role from  FOLLOWER to CANDIDATE at term 52 for changeToCandidate
2019-10-17 07:43:14,252 [Thread-922] INFO  impl.RoleInfo (RoleInfo.java:updateAndGet(143)) - 84d87b42-83ce-4078-8a37-3864f9520041: start LeaderElection
2019-10-17 07:43:14,259 [Thread-925] INFO  client.GrpcClientProtocolService (GrpcClientProtocolService.java:lambda$processClientRequest$0(278)) - Failed RaftClientRequest:client-352DFC73CCDB->6ea7cc1b-6dd1-4a6f-b526-a2c2472221ee@group-F450BAF5DF14, cid=10, seq=0, Watch-ALL_COMMITTED(6), Message:<EMPTY>, reply=RaftClientReply:client-352DFC73CCDB->6ea7cc1b-6dd1-4a6f-b526-a2c2472221ee@group-F450BAF5DF14, cid=10, FAILED org.apache.ratis.protocol.NotLeaderException: Server 6ea7cc1b-6dd1-4a6f-b526-a2c2472221ee@group-F450BAF5DF14 is not the leader, logIndex=0, commits[6ea7cc1b-6dd1-4a6f-b526-a2c2472221ee:c10, 722c44df-b170-4eeb-abb4-8ab07bb69a54:c10, 84d87b42-83ce-4078-8a37-3864f9520041:c4]
2019-10-17 07:43:14,281 [84d87b42-83ce-4078-8a37-3864f9520041@group-F450BAF5DF14-LeaderElection52] INFO  impl.LeaderElection (LeaderElection.java:askForVotes(178)) - 84d87b42-83ce-4078-8a37-3864f9520041@group-F450BAF5DF14-LeaderElection52: begin an election at term 53 for 0: [6ea7cc1b-6dd1-4a6f-b526-a2c2472221ee:192.168.164.211:45347, 722c44df-b170-4eeb-abb4-8ab07bb69a54:192.168.164.211:33246, 84d87b42-83ce-4078-8a37-3864f9520041:192.168.164.211:42413], old=null
2019-10-17 07:43:14,284 [grpc-default-executor-4] INFO  impl.RaftServerImpl (RaftServerImpl.java:setRole(184)) - 722c44df-b170-4eeb-abb4-8ab07bb69a54@group-F450BAF5DF14: changes role from  FOLLOWER to FOLLOWER at term 53 for recognizeCandidate:84d87b42-83ce-4078-8a37-3864f9520041
2019-10-17 07:43:14,284 [grpc-default-executor-0] INFO  impl.RaftServerImpl (RaftServerImpl.java:setRole(184)) - 6ea7cc1b-6dd1-4a6f-b526-a2c2472221ee@group-F450BAF5DF14: changes role from  FOLLOWER to FOLLOWER at term 53 for recognizeCandidate:84d87b42-83ce-4078-8a37-3864f9520041
2019-10-17 07:43:14,284 [grpc-default-executor-4] INFO  impl.RoleInfo (RoleInfo.java:shutdownFollowerState(121)) - 722c44df-b170-4eeb-abb4-8ab07bb69a54: shutdown FollowerState
2019-10-17 07:43:14,284 [grpc-default-executor-0] INFO  impl.RoleInfo (RoleInfo.java:shutdownFollowerState(121)) - 6ea7cc1b-6dd1-4a6f-b526-a2c2472221ee: shutdown FollowerState
2019-10-17 07:43:14,285 [grpc-default-executor-4] INFO  impl.RoleInfo (RoleInfo.java:updateAndGet(143)) - 722c44df-b170-4eeb-abb4-8ab07bb69a54: start FollowerState
2019-10-17 07:43:14,285 [Thread-920] INFO  impl.FollowerState (FollowerState.java:run(117)) - 722c44df-b170-4eeb-abb4-8ab07bb69a54@group-F450BAF5DF14-FollowerState was interrupted: java.lang.InterruptedException: sleep interrupted
2019-10-17 07:43:14,285 [Thread-921] INFO  impl.FollowerState (FollowerState.java:run(117)) - 6ea7cc1b-6dd1-4a6f-b526-a2c2472221ee@group-F450BAF5DF14-FollowerState was interrupted: java.lang.InterruptedException: sleep interrupted
2019-10-17 07:43:14,285 [grpc-default-executor-0] INFO  impl.RoleInfo (RoleInfo.java:updateAndGet(143)) - 6ea7cc1b-6dd1-4a6f-b526-a2c2472221ee: start FollowerState
2019-10-17 07:43:14,308 [84d87b42-83ce-4078-8a37-3864f9520041@group-F450BAF5DF14-LeaderElection52] INFO  impl.LeaderElection (LeaderElection.java:logAndReturn(56)) - 84d87b42-83ce-4078-8a37-3864f9520041@group-F450BAF5DF14-LeaderElection52: Election REJECTED; received 2 response(s) [84d87b42-83ce-4078-8a37-3864f9520041<-6ea7cc1b-6dd1-4a6f-b526-a2c2472221ee#0:FAIL-t53, 84d87b42-83ce-4078-8a37-3864f9520041<-722c44df-b170-4eeb-abb4-8ab07bb69a54#0:FAIL-t53] and 0 exception(s); 84d87b42-83ce-4078-8a37-3864f9520041@group-F450BAF5DF14:t53, leader=null, voted=84d87b42-83ce-4078-8a37-3864f9520041, raftlog=84d87b42-83ce-4078-8a37-3864f9520041@group-F450BAF5DF14-SegmentedRaftLog:OPENED:c3,f4,i4, conf=0: [6ea7cc1b-6dd1-4a6f-b526-a2c2472221ee:192.168.164.211:45347, 722c44df-b170-4eeb-abb4-8ab07bb69a54:192.168.164.211:33246, 84d87b42-83ce-4078-8a37-3864f9520041:192.168.164.211:42413], old=null
2019-10-17 07:43:14,308 [84d87b42-83ce-4078-8a37-3864f9520041@group-F450BAF5DF14-LeaderElection52] INFO  impl.RaftServerImpl (RaftServerImpl.java:setRole(184)) - 84d87b42-83ce-4078-8a37-3864f9520041@group-F450BAF5DF14: changes role from CANDIDATE to FOLLOWER at term 53 for DISCOVERED_A_NEW_TERM
2019-10-17 07:43:14,308 [84d87b42-83ce-4078-8a37-3864f9520041@group-F450BAF5DF14-LeaderElection52] INFO  impl.RoleInfo (RoleInfo.java:shutdownLeaderElection(134)) - 84d87b42-83ce-4078-8a37-3864f9520041: shutdown LeaderElection
2019-10-17 07:43:14,309 [84d87b42-83ce-4078-8a37-3864f9520041@group-F450BAF5DF14-LeaderElection52] INFO  impl.RoleInfo (RoleInfo.java:updateAndGet(143)) - 84d87b42-83ce-4078-8a37-3864f9520041: start FollowerState
2019-10-17 07:43:14,316 [BlockDeletingService#3] WARN  background.BlockDeletingService (BlockDeletingService.java:isDeletionAllowed(187)) - Close Container log Index 6 is not replicated across allthe servers in the pipeline 6e647d31-eff2-4ddc-80e8-f450baf5df14 as the min replicated index is 4. Deletion is not allowed in this container yet.
2019-10-17 07:43:14,316 [BlockDeletingService#2] WARN  background.BlockDeletingService (BlockDeletingService.java:isDeletionAllowed(187)) - Close Container log Index 6 is not replicated across allthe servers in the pipeline 6e647d31-eff2-4ddc-80e8-f450baf5df14 as the min replicated index is 4. Deletion is not allowed in this container yet.
2019-10-17 07:43:14,345 [Thread-931] INFO  impl.FollowerState (FollowerState.java:run(108)) - 84d87b42-83ce-4078-8a37-3864f9520041@group-F450BAF5DF14-FollowerState: change to CANDIDATE, lastRpcTime:36ms, electionTimeout:36ms
2019-10-17 07:43:14,345 [Thread-931] INFO  impl.RoleInfo (RoleInfo.java:shutdownFollowerState(121)) - 84d87b42-83ce-4078-8a37-3864f9520041: shutdown FollowerState
2019-10-17 07:43:14,345 [Thread-931] INFO  impl.RaftServerImpl (RaftServerImpl.java:setRole(184)) - 84d87b42-83ce-4078-8a37-3864f9520041@group-F450BAF5DF14: changes role from  FOLLOWER to CANDIDATE at term 53 for changeToCandidate
2019-10-17 07:43:14,345 [Thread-931] INFO  impl.RoleInfo (RoleInfo.java:updateAndGet(143)) - 84d87b42-83ce-4078-8a37-3864f9520041: start LeaderElection
2019-10-17 07:43:14,382 [84d87b42-83ce-4078-8a37-3864f9520041@group-F450BAF5DF14-LeaderElection53] INFO  impl.LeaderElection (LeaderElection.java:askForVotes(178)) - 84d87b42-83ce-4078-8a37-3864f9520041@group-F450BAF5DF14-LeaderElection53: begin an election at term 54 for 0: [6ea7cc1b-6dd1-4a6f-b526-a2c2472221ee:192.168.164.211:45347, 722c44df-b170-4eeb-abb4-8ab07bb69a54:192.168.164.211:33246, 84d87b42-83ce-4078-8a37-3864f9520041:192.168.164.211:42413], old=null
2019-10-17 07:43:14,385 [grpc-default-executor-4] INFO  impl.RaftServerImpl (RaftServerImpl.java:setRole(184)) - 722c44df-b170-4eeb-abb4-8ab07bb69a54@group-F450BAF5DF14: changes role from  FOLLOWER to FOLLOWER at term 54 for recognizeCandidate:84d87b42-83ce-4078-8a37-3864f9520041
2019-10-17 07:43:14,385 [grpc-default-executor-0] INFO  impl.RaftServerImpl (RaftServerImpl.java:setRole(184)) - 6ea7cc1b-6dd1-4a6f-b526-a2c2472221ee@group-F450BAF5DF14: changes role from  FOLLOWER to FOLLOWER at term 54 for recognizeCandidate:84d87b42-83ce-4078-8a37-3864f9520041
2019-10-17 07:43:14,385 [grpc-default-executor-4] INFO  impl.RoleInfo (RoleInfo.java:shutdownFollowerState(121)) - 722c44df-b170-4eeb-abb4-8ab07bb69a54: shutdown FollowerState
2019-10-17 07:43:14,385 [grpc-default-executor-0] INFO  impl.RoleInfo (RoleInfo.java:shutdownFollowerState(121)) - 6ea7cc1b-6dd1-4a6f-b526-a2c2472221ee: shutdown FollowerState
2019-10-17 07:43:14,385 [Thread-929] INFO  impl.FollowerState (FollowerState.java:run(117)) - 722c44df-b170-4eeb-abb4-8ab07bb69a54@group-F450BAF5DF14-FollowerState was interrupted: java.lang.InterruptedException: sleep interrupted
2019-10-17 07:43:14,385 [grpc-default-executor-4] INFO  impl.RoleInfo (RoleInfo.java:updateAndGet(143)) - 722c44df-b170-4eeb-abb4-8ab07bb69a54: start FollowerState
2019-10-17 07:43:14,385 [Thread-930] INFO  impl.FollowerState (FollowerState.java:run(117)) - 6ea7cc1b-6dd1-4a6f-b526-a2c2472221ee@group-F450BAF5DF14-FollowerState was interrupted: java.lang.InterruptedException: sleep interrupted
2019-10-17 07:43:14,385 [grpc-default-executor-0] INFO  impl.RoleInfo (RoleInfo.java:updateAndGet(143)) - 6ea7cc1b-6dd1-4a6f-b526-a2c2472221ee: start FollowerState
2019-10-17 07:43:14,409 [84d87b42-83ce-4078-8a37-3864f9520041@group-F450BAF5DF14-LeaderElection53] INFO  impl.LeaderElection (LeaderElection.java:logAndReturn(56)) - 84d87b42-83ce-4078-8a37-3864f9520041@group-F450BAF5DF14-LeaderElection53: Election REJECTED; received 2 response(s) [84d87b42-83ce-4078-8a37-3864f9520041<-6ea7cc1b-6dd1-4a6f-b526-a2c2472221ee#0:FAIL-t54, 84d87b42-83ce-4078-8a37-3864f9520041<-722c44df-b170-4eeb-abb4-8ab07bb69a54#0:FAIL-t54] and 0 exception(s); 84d87b42-83ce-4078-8a37-3864f9520041@group-F450BAF5DF14:t54, leader=null, voted=84d87b42-83ce-4078-8a37-3864f9520041, raftlog=84d87b42-83ce-4078-8a37-3864f9520041@group-F450BAF5DF14-SegmentedRaftLog:OPENED:c3,f4,i4, conf=0: [6ea7cc1b-6dd1-4a6f-b526-a2c2472221ee:192.168.164.211:45347, 722c44df-b170-4eeb-abb4-8ab07bb69a54:192.168.164.211:33246, 84d87b42-83ce-4078-8a37-3864f9520041:192.168.164.211:42413], old=null
2019-10-17 07:43:14,409 [84d87b42-83ce-4078-8a37-3864f9520041@group-F450BAF5DF14-LeaderElection53] INFO  impl.RaftServerImpl (RaftServerImpl.java:setRole(184)) - 84d87b42-83ce-4078-8a37-3864f9520041@group-F450BAF5DF14: changes role from CANDIDATE to FOLLOWER at term 54 for DISCOVERED_A_NEW_TERM
2019-10-17 07:43:14,409 [84d87b42-83ce-4078-8a37-3864f9520041@group-F450BAF5DF14-LeaderElection53] INFO  impl.RoleInfo (RoleInfo.java:shutdownLeaderElection(134)) - 84d87b42-83ce-4078-8a37-3864f9520041: shutdown LeaderElection
2019-10-17 07:43:14,409 [84d87b42-83ce-4078-8a37-3864f9520041@group-F450BAF5DF14-LeaderElection53] INFO  impl.RoleInfo (RoleInfo.java:updateAndGet(143)) - 84d87b42-83ce-4078-8a37-3864f9520041: start FollowerState
2019-10-17 07:43:14,505 [Thread-939] INFO  impl.FollowerState (FollowerState.java:run(108)) - 84d87b42-83ce-4078-8a37-3864f9520041@group-F450BAF5DF14-FollowerState: change to CANDIDATE, lastRpcTime:95ms, electionTimeout:95ms
2019-10-17 07:43:14,505 [Thread-939] INFO  impl.RoleInfo (RoleInfo.java:shutdownFollowerState(121)) - 84d87b42-83ce-4078-8a37-3864f9520041: shutdown FollowerState
2019-10-17 07:43:14,505 [Thread-939] INFO  impl.RaftServerImpl (RaftServerImpl.java:setRole(184)) - 84d87b42-83ce-4078-8a37-3864f9520041@group-F450BAF5DF14: changes role from  FOLLOWER to CANDIDATE at term 54 for changeToCandidate
2019-10-17 07:43:14,505 [Thread-939] INFO  impl.RoleInfo (RoleInfo.java:updateAndGet(143)) - 84d87b42-83ce-4078-8a37-3864f9520041: start LeaderElection
2019-10-17 07:43:14,533 [84d87b42-83ce-4078-8a37-3864f9520041@group-F450BAF5DF14-LeaderElection54] INFO  impl.LeaderElection (LeaderElection.java:askForVotes(178)) - 84d87b42-83ce-4078-8a37-3864f9520041@group-F450BAF5DF14-LeaderElection54: begin an election at term 55 for 0: [6ea7cc1b-6dd1-4a6f-b526-a2c2472221ee:192.168.164.211:45347, 722c44df-b170-4eeb-abb4-8ab07bb69a54:192.168.164.211:33246, 84d87b42-83ce-4078-8a37-3864f9520041:192.168.164.211:42413], old=null
2019-10-17 07:43:14,536 [grpc-default-executor-0] INFO  impl.RaftServerImpl (RaftServerImpl.java:setRole(184)) - 722c44df-b170-4eeb-abb4-8ab07bb69a54@group-F450BAF5DF14: changes role from  FOLLOWER to FOLLOWER at term 55 for recognizeCandidate:84d87b42-83ce-4078-8a37-3864f9520041
2019-10-17 07:43:14,536 [grpc-default-executor-4] INFO  impl.RaftServerImpl (RaftServerImpl.java:setRole(184)) - 6ea7cc1b-6dd1-4a6f-b526-a2c2472221ee@group-F450BAF5DF14: changes role from  FOLLOWER to FOLLOWER at term 55 for recognizeCandidate:84d87b42-83ce-4078-8a37-3864f9520041
2019-10-17 07:43:14,536 [grpc-default-executor-0] INFO  impl.RoleInfo (RoleInfo.java:shutdownFollowerState(121)) - 722c44df-b170-4eeb-abb4-8ab07bb69a54: shutdown FollowerState
2019-10-17 07:43:14,536 [grpc-default-executor-4] INFO  impl.RoleInfo (RoleInfo.java:shutdownFollowerState(121)) - 6ea7cc1b-6dd1-4a6f-b526-a2c2472221ee: shutdown FollowerState
2019-10-17 07:43:14,536 [Thread-937] INFO  impl.FollowerState (FollowerState.java:run(117)) - 722c44df-b170-4eeb-abb4-8ab07bb69a54@group-F450BAF5DF14-FollowerState was interrupted: java.lang.InterruptedException: sleep interrupted
2019-10-17 07:43:14,536 [grpc-default-executor-0] INFO  impl.RoleInfo (RoleInfo.java:updateAndGet(143)) - 722c44df-b170-4eeb-abb4-8ab07bb69a54: start FollowerState
2019-10-17 07:43:14,537 [Thread-938] INFO  impl.FollowerState (FollowerState.java:run(117)) - 6ea7cc1b-6dd1-4a6f-b526-a2c2472221ee@group-F450BAF5DF14-FollowerState was interrupted: java.lang.InterruptedException: sleep interrupted
2019-10-17 07:43:14,537 [grpc-default-executor-4] INFO  impl.RoleInfo (RoleInfo.java:updateAndGet(143)) - 6ea7cc1b-6dd1-4a6f-b526-a2c2472221ee: start FollowerState
2019-10-17 07:43:14,542 [84d87b42-83ce-4078-8a37-3864f9520041@group-F450BAF5DF14-LeaderElection54] INFO  impl.LeaderElection (LeaderElection.java:logAndReturn(56)) - 84d87b42-83ce-4078-8a37-3864f9520041@group-F450BAF5DF14-LeaderElection54: Election TIMEOUT; received 0 response(s) [] and 0 exception(s); 84d87b42-83ce-4078-8a37-3864f9520041@group-F450BAF5DF14:t55, leader=null, voted=84d87b42-83ce-4078-8a37-3864f9520041, raftlog=84d87b42-83ce-4078-8a37-3864f9520041@group-F450BAF5DF14-SegmentedRaftLog:OPENED:c3,f4,i4, conf=0: [6ea7cc1b-6dd1-4a6f-b526-a2c2472221ee:192.168.164.211:45347, 722c44df-b170-4eeb-abb4-8ab07bb69a54:192.168.164.211:33246, 84d87b42-83ce-4078-8a37-3864f9520041:192.168.164.211:42413], old=null
2019-10-17 07:43:14,568 [84d87b42-83ce-4078-8a37-3864f9520041@group-F450BAF5DF14-LeaderElection54] INFO  impl.LeaderElection (LeaderElection.java:askForVotes(178)) - 84d87b42-83ce-4078-8a37-3864f9520041@group-F450BAF5DF14-LeaderElection54: begin an election at term 56 for 0: [6ea7cc1b-6dd1-4a6f-b526-a2c2472221ee:192.168.164.211:45347, 722c44df-b170-4eeb-abb4-8ab07bb69a54:192.168.164.211:33246, 84d87b42-83ce-4078-8a37-3864f9520041:192.168.164.211:42413], old=null
2019-10-17 07:43:14,570 [grpc-default-executor-0] INFO  impl.RaftServerImpl (RaftServerImpl.java:setRole(184)) - 722c44df-b170-4eeb-abb4-8ab07bb69a54@group-F450BAF5DF14: changes role from  FOLLOWER to FOLLOWER at term 56 for recognizeCandidate:84d87b42-83ce-4078-8a37-3864f9520041
2019-10-17 07:43:14,570 [grpc-default-executor-4] INFO  impl.RaftServerImpl (RaftServerImpl.java:setRole(184)) - 6ea7cc1b-6dd1-4a6f-b526-a2c2472221ee@group-F450BAF5DF14: changes role from  FOLLOWER to FOLLOWER at term 56 for recognizeCandidate:84d87b42-83ce-4078-8a37-3864f9520041
2019-10-17 07:43:14,570 [grpc-default-executor-0] INFO  impl.RoleInfo (RoleInfo.java:shutdownFollowerState(121)) - 722c44df-b170-4eeb-abb4-8ab07bb69a54: shutdown FollowerState
2019-10-17 07:43:14,571 [grpc-default-executor-4] INFO  impl.RoleInfo (RoleInfo.java:shutdownFollowerState(121)) - 6ea7cc1b-6dd1-4a6f-b526-a2c2472221ee: shutdown FollowerState
2019-10-17 07:43:14,571 [Thread-943] INFO  impl.FollowerState (FollowerState.java:run(117)) - 722c44df-b170-4eeb-abb4-8ab07bb69a54@group-F450BAF5DF14-FollowerState was interrupted: java.lang.InterruptedException: sleep interrupted
2019-10-17 07:43:14,571 [grpc-default-executor-4] INFO  impl.RoleInfo (RoleInfo.java:updateAndGet(143)) - 6ea7cc1b-6dd1-4a6f-b526-a2c2472221ee: start FollowerState
2019-10-17 07:43:14,571 [grpc-default-executor-0] INFO  impl.RoleInfo (RoleInfo.java:updateAndGet(143)) - 722c44df-b170-4eeb-abb4-8ab07bb69a54: start FollowerState
2019-10-17 07:43:14,571 [Thread-944] INFO  impl.FollowerState (FollowerState.java:run(117)) - 6ea7cc1b-6dd1-4a6f-b526-a2c2472221ee@group-F450BAF5DF14-FollowerState was interrupted: java.lang.InterruptedException: sleep interrupted
2019-10-17 07:43:14,611 [84d87b42-83ce-4078-8a37-3864f9520041@group-F450BAF5DF14-LeaderElection54] INFO  impl.LeaderElection (LeaderElection.java:logAndReturn(56)) - 84d87b42-83ce-4078-8a37-3864f9520041@group-F450BAF5DF14-LeaderElection54: Election REJECTED; received 2 response(s) [84d87b42-83ce-4078-8a37-3864f9520041<-6ea7cc1b-6dd1-4a6f-b526-a2c2472221ee#0:FAIL-t56, 84d87b42-83ce-4078-8a37-3864f9520041<-722c44df-b170-4eeb-abb4-8ab07bb69a54#0:FAIL-t56] and 0 exception(s); 84d87b42-83ce-4078-8a37-3864f9520041@group-F450BAF5DF14:t56, leader=null, voted=84d87b42-83ce-4078-8a37-3864f9520041, raftlog=84d87b42-83ce-4078-8a37-3864f9520041@group-F450BAF5DF14-SegmentedRaftLog:OPENED:c3,f4,i4, conf=0: [6ea7cc1b-6dd1-4a6f-b526-a2c2472221ee:192.168.164.211:45347, 722c44df-b170-4eeb-abb4-8ab07bb69a54:192.168.164.211:33246, 84d87b42-83ce-4078-8a37-3864f9520041:192.168.164.211:42413], old=null
2019-10-17 07:43:14,612 [84d87b42-83ce-4078-8a37-3864f9520041@group-F450BAF5DF14-LeaderElection54] INFO  impl.RaftServerImpl (RaftServerImpl.java:setRole(184)) - 84d87b42-83ce-4078-8a37-3864f9520041@group-F450BAF5DF14: changes role from CANDIDATE to FOLLOWER at term 56 for DISCOVERED_A_NEW_TERM
2019-10-17 07:43:14,612 [84d87b42-83ce-4078-8a37-3864f9520041@group-F450BAF5DF14-LeaderElection54] INFO  impl.RoleInfo (RoleInfo.java:shutdownLeaderElection(134)) - 84d87b42-83ce-4078-8a37-3864f9520041: shutdown LeaderElection
2019-10-17 07:43:14,612 [84d87b42-83ce-4078-8a37-3864f9520041@group-F450BAF5DF14-LeaderElection54] INFO  impl.RoleInfo (RoleInfo.java:updateAndGet(143)) - 84d87b42-83ce-4078-8a37-3864f9520041: start FollowerState
2019-10-17 07:43:14,804 [Thread-949] INFO  impl.FollowerState (FollowerState.java:run(108)) - 84d87b42-83ce-4078-8a37-3864f9520041@group-F450BAF5DF14-FollowerState: change to CANDIDATE, lastRpcTime:192ms, electionTimeout:192ms
2019-10-17 07:43:14,804 [Thread-949] INFO  impl.RoleInfo (RoleInfo.java:shutdownFollowerState(121)) - 84d87b42-83ce-4078-8a37-3864f9520041: shutdown FollowerState
2019-10-17 07:43:14,805 [Thread-949] INFO  impl.RaftServerImpl (RaftServerImpl.java:setRole(184)) - 84d87b42-83ce-4078-8a37-3864f9520041@group-F450BAF5DF14: changes role from  FOLLOWER to CANDIDATE at term 56 for changeToCandidate
2019-10-17 07:43:14,805 [Thread-949] INFO  impl.RoleInfo (RoleInfo.java:updateAndGet(143)) - 84d87b42-83ce-4078-8a37-3864f9520041: start LeaderElection
2019-10-17 07:43:14,844 [84d87b42-83ce-4078-8a37-3864f9520041@group-F450BAF5DF14-LeaderElection55] INFO  impl.LeaderElection (LeaderElection.java:askForVotes(178)) - 84d87b42-83ce-4078-8a37-3864f9520041@group-F450BAF5DF14-LeaderElection55: begin an election at term 57 for 0: [6ea7cc1b-6dd1-4a6f-b526-a2c2472221ee:192.168.164.211:45347, 722c44df-b170-4eeb-abb4-8ab07bb69a54:192.168.164.211:33246, 84d87b42-83ce-4078-8a37-3864f9520041:192.168.164.211:42413], old=null
2019-10-17 07:43:14,847 [grpc-default-executor-4] INFO  impl.RaftServerImpl (RaftServerImpl.java:setRole(184)) - 722c44df-b170-4eeb-abb4-8ab07bb69a54@group-F450BAF5DF14: changes role from  FOLLOWER to FOLLOWER at term 57 for recognizeCandidate:84d87b42-83ce-4078-8a37-3864f9520041
2019-10-17 07:43:14,847 [grpc-default-executor-0] INFO  impl.RaftServerImpl (RaftServerImpl.java:setRole(184)) - 6ea7cc1b-6dd1-4a6f-b526-a2c2472221ee@group-F450BAF5DF14: changes role from  FOLLOWER to FOLLOWER at term 57 for recognizeCandidate:84d87b42-83ce-4078-8a37-3864f9520041
2019-10-17 07:43:14,847 [grpc-default-executor-4] INFO  impl.RoleInfo (RoleInfo.java:shutdownFollowerState(121)) - 722c44df-b170-4eeb-abb4-8ab07bb69a54: shutdown FollowerState
2019-10-17 07:43:14,847 [grpc-default-executor-0] INFO  impl.RoleInfo (RoleInfo.java:shutdownFollowerState(121)) - 6ea7cc1b-6dd1-4a6f-b526-a2c2472221ee: shutdown FollowerState
2019-10-17 07:43:14,848 [Thread-947] INFO  impl.FollowerState (FollowerState.java:run(117)) - 722c44df-b170-4eeb-abb4-8ab07bb69a54@group-F450BAF5DF14-FollowerState was interrupted: java.lang.InterruptedException: sleep interrupted
2019-10-17 07:43:14,848 [grpc-default-executor-4] INFO  impl.RoleInfo (RoleInfo.java:updateAndGet(143)) - 722c44df-b170-4eeb-abb4-8ab07bb69a54: start FollowerState
2019-10-17 07:43:14,848 [Thread-948] INFO  impl.FollowerState (FollowerState.java:run(117)) - 6ea7cc1b-6dd1-4a6f-b526-a2c2472221ee@group-F450BAF5DF14-FollowerState was interrupted: java.lang.InterruptedException: sleep interrupted
2019-10-17 07:43:14,848 [grpc-default-executor-0] INFO  impl.RoleInfo (RoleInfo.java:updateAndGet(143)) - 6ea7cc1b-6dd1-4a6f-b526-a2c2472221ee: start FollowerState
2019-10-17 07:43:14,885 [84d87b42-83ce-4078-8a37-3864f9520041@group-F450BAF5DF14-LeaderElection55] INFO  impl.LeaderElection (LeaderElection.java:logAndReturn(56)) - 84d87b42-83ce-4078-8a37-3864f9520041@group-F450BAF5DF14-LeaderElection55: Election TIMEOUT; received 0 response(s) [] and 0 exception(s); 84d87b42-83ce-4078-8a37-3864f9520041@group-F450BAF5DF14:t57, leader=null, voted=84d87b42-83ce-4078-8a37-3864f9520041, raftlog=84d87b42-83ce-4078-8a37-3864f9520041@group-F450BAF5DF14-SegmentedRaftLog:OPENED:c3,f4,i4, conf=0: [6ea7cc1b-6dd1-4a6f-b526-a2c2472221ee:192.168.164.211:45347, 722c44df-b170-4eeb-abb4-8ab07bb69a54:192.168.164.211:33246, 84d87b42-83ce-4078-8a37-3864f9520041:192.168.164.211:42413], old=null
2019-10-17 07:43:14,912 [84d87b42-83ce-4078-8a37-3864f9520041@group-F450BAF5DF14-LeaderElection55] INFO  impl.LeaderElection (LeaderElection.java:askForVotes(178)) - 84d87b42-83ce-4078-8a37-3864f9520041@group-F450BAF5DF14-LeaderElection55: begin an election at term 58 for 0: [6ea7cc1b-6dd1-4a6f-b526-a2c2472221ee:192.168.164.211:45347, 722c44df-b170-4eeb-abb4-8ab07bb69a54:192.168.164.211:33246, 84d87b42-83ce-4078-8a37-3864f9520041:192.168.164.211:42413], old=null
2019-10-17 07:43:14,914 [grpc-default-executor-4] INFO  impl.RaftServerImpl (RaftServerImpl.java:setRole(184)) - 722c44df-b170-4eeb-abb4-8ab07bb69a54@group-F450BAF5DF14: changes role from  FOLLOWER to FOLLOWER at term 58 for recognizeCandidate:84d87b42-83ce-4078-8a37-3864f9520041
2019-10-17 07:43:14,914 [grpc-default-executor-4] INFO  impl.RoleInfo (RoleInfo.java:shutdownFollowerState(121)) - 722c44df-b170-4eeb-abb4-8ab07bb69a54: shutdown FollowerState
2019-10-17 07:43:14,914 [grpc-default-executor-0] INFO  impl.RaftServerImpl (RaftServerImpl.java:setRole(184)) - 6ea7cc1b-6dd1-4a6f-b526-a2c2472221ee@group-F450BAF5DF14: changes role from  FOLLOWER to FOLLOWER at term 58 for recognizeCandidate:84d87b42-83ce-4078-8a37-3864f9520041
2019-10-17 07:43:14,914 [grpc-default-executor-4] INFO  impl.RoleInfo (RoleInfo.java:updateAndGet(143)) - 722c44df-b170-4eeb-abb4-8ab07bb69a54: start FollowerState
2019-10-17 07:43:14,914 [Thread-953] INFO  impl.FollowerState (FollowerState.java:run(117)) - 722c44df-b170-4eeb-abb4-8ab07bb69a54@group-F450BAF5DF14-FollowerState was interrupted: java.lang.InterruptedException: sleep interrupted
2019-10-17 07:43:14,915 [grpc-default-executor-0] INFO  impl.RoleInfo (RoleInfo.java:shutdownFollowerState(121)) - 6ea7cc1b-6dd1-4a6f-b526-a2c2472221ee: shutdown FollowerState
2019-10-17 07:43:14,915 [grpc-default-executor-0] INFO  impl.RoleInfo (RoleInfo.java:updateAndGet(143)) - 6ea7cc1b-6dd1-4a6f-b526-a2c2472221ee: start FollowerState
2019-10-17 07:43:14,915 [Thread-954] INFO  impl.FollowerState (FollowerState.java:run(117)) - 6ea7cc1b-6dd1-4a6f-b526-a2c2472221ee@group-F450BAF5DF14-FollowerState was interrupted: java.lang.InterruptedException: sleep interrupted
2019-10-17 07:43:14,918 [84d87b42-83ce-4078-8a37-3864f9520041@group-F450BAF5DF14-LeaderElection55] INFO  impl.LeaderElection (LeaderElection.java:logAndReturn(56)) - 84d87b42-83ce-4078-8a37-3864f9520041@group-F450BAF5DF14-LeaderElection55: Election TIMEOUT; received 0 response(s) [] and 0 exception(s); 84d87b42-83ce-4078-8a37-3864f9520041@group-F450BAF5DF14:t58, leader=null, voted=84d87b42-83ce-4078-8a37-3864f9520041, raftlog=84d87b42-83ce-4078-8a37-3864f9520041@group-F450BAF5DF14-SegmentedRaftLog:OPENED:c3,f4,i4, conf=0: [6ea7cc1b-6dd1-4a6f-b526-a2c2472221ee:192.168.164.211:45347, 722c44df-b170-4eeb-abb4-8ab07bb69a54:192.168.164.211:33246, 84d87b42-83ce-4078-8a37-3864f9520041:192.168.164.211:42413], old=null
2019-10-17 07:43:14,937 [84d87b42-83ce-4078-8a37-3864f9520041@group-F450BAF5DF14-LeaderElection55] INFO  impl.LeaderElection (LeaderElection.java:askForVotes(178)) - 84d87b42-83ce-4078-8a37-3864f9520041@group-F450BAF5DF14-LeaderElection55: begin an election at term 59 for 0: [6ea7cc1b-6dd1-4a6f-b526-a2c2472221ee:192.168.164.211:45347, 722c44df-b170-4eeb-abb4-8ab07bb69a54:192.168.164.211:33246, 84d87b42-83ce-4078-8a37-3864f9520041:192.168.164.211:42413], old=null
2019-10-17 07:43:14,939 [grpc-default-executor-4] INFO  impl.RaftServerImpl (RaftServerImpl.java:setRole(184)) - 6ea7cc1b-6dd1-4a6f-b526-a2c2472221ee@group-F450BAF5DF14: changes role from  FOLLOWER to FOLLOWER at term 59 for recognizeCandidate:84d87b42-83ce-4078-8a37-3864f9520041
2019-10-17 07:43:14,939 [grpc-default-executor-4] INFO  impl.RoleInfo (RoleInfo.java:shutdownFollowerState(121)) - 6ea7cc1b-6dd1-4a6f-b526-a2c2472221ee: shutdown FollowerState
2019-10-17 07:43:14,939 [grpc-default-executor-4] INFO  impl.RoleInfo (RoleInfo.java:updateAndGet(143)) - 6ea7cc1b-6dd1-4a6f-b526-a2c2472221ee: start FollowerState
2019-10-17 07:43:14,939 [Thread-958] INFO  impl.FollowerState (FollowerState.java:run(117)) - 6ea7cc1b-6dd1-4a6f-b526-a2c2472221ee@group-F450BAF5DF14-FollowerState was interrupted: java.lang.InterruptedException: sleep interrupted
2019-10-17 07:43:14,939 [grpc-default-executor-0] INFO  impl.RaftServerImpl (RaftServerImpl.java:setRole(184)) - 722c44df-b170-4eeb-abb4-8ab07bb69a54@group-F450BAF5DF14: changes role from  FOLLOWER to FOLLOWER at term 59 for recognizeCandidate:84d87b42-83ce-4078-8a37-3864f9520041
2019-10-17 07:43:14,940 [grpc-default-executor-0] INFO  impl.RoleInfo (RoleInfo.java:shutdownFollowerState(121)) - 722c44df-b170-4eeb-abb4-8ab07bb69a54: shutdown FollowerState
2019-10-17 07:43:14,940 [grpc-default-executor-0] INFO  impl.RoleInfo (RoleInfo.java:updateAndGet(143)) - 722c44df-b170-4eeb-abb4-8ab07bb69a54: start FollowerState
2019-10-17 07:43:14,940 [Thread-957] INFO  impl.FollowerState (FollowerState.java:run(117)) - 722c44df-b170-4eeb-abb4-8ab07bb69a54@group-F450BAF5DF14-FollowerState was interrupted: java.lang.InterruptedException: sleep interrupted
2019-10-17 07:43:14,964 [84d87b42-83ce-4078-8a37-3864f9520041@group-F450BAF5DF14-LeaderElection55] INFO  impl.LeaderElection (LeaderElection.java:logAndReturn(56)) - 84d87b42-83ce-4078-8a37-3864f9520041@group-F450BAF5DF14-LeaderElection55: Election REJECTED; received 2 response(s) [84d87b42-83ce-4078-8a37-3864f9520041<-6ea7cc1b-6dd1-4a6f-b526-a2c2472221ee#0:FAIL-t59, 84d87b42-83ce-4078-8a37-3864f9520041<-722c44df-b170-4eeb-abb4-8ab07bb69a54#0:FAIL-t59] and 0 exception(s); 84d87b42-83ce-4078-8a37-3864f9520041@group-F450BAF5DF14:t59, leader=null, voted=84d87b42-83ce-4078-8a37-3864f9520041, raftlog=84d87b42-83ce-4078-8a37-3864f9520041@group-F450BAF5DF14-SegmentedRaftLog:OPENED:c3,f4,i4, conf=0: [6ea7cc1b-6dd1-4a6f-b526-a2c2472221ee:192.168.164.211:45347, 722c44df-b170-4eeb-abb4-8ab07bb69a54:192.168.164.211:33246, 84d87b42-83ce-4078-8a37-3864f9520041:192.168.164.211:42413], old=null
2019-10-17 07:43:14,964 [84d87b42-83ce-4078-8a37-3864f9520041@group-F450BAF5DF14-LeaderElection55] INFO  impl.RaftServerImpl (RaftServerImpl.java:setRole(184)) - 84d87b42-83ce-4078-8a37-3864f9520041@group-F450BAF5DF14: changes role from CANDIDATE to FOLLOWER at term 59 for DISCOVERED_A_NEW_TERM
2019-10-17 07:43:14,964 [84d87b42-83ce-4078-8a37-3864f9520041@group-F450BAF5DF14-LeaderElection55] INFO  impl.RoleInfo (RoleInfo.java:shutdownLeaderElection(134)) - 84d87b42-83ce-4078-8a37-3864f9520041: shutdown LeaderElection
2019-10-17 07:43:14,964 [84d87b42-83ce-4078-8a37-3864f9520041@group-F450BAF5DF14-LeaderElection55] INFO  impl.RoleInfo (RoleInfo.java:updateAndGet(143)) - 84d87b42-83ce-4078-8a37-3864f9520041: start FollowerState
2019-10-17 07:43:15,014 [Thread-963] INFO  impl.FollowerState (FollowerState.java:run(108)) - 84d87b42-83ce-4078-8a37-3864f9520041@group-F450BAF5DF14-FollowerState: change to CANDIDATE, lastRpcTime:50ms, electionTimeout:50ms
2019-10-17 07:43:15,015 [Thread-963] INFO  impl.RoleInfo (RoleInfo.java:shutdownFollowerState(121)) - 84d87b42-83ce-4078-8a37-3864f9520041: shutdown FollowerState
2019-10-17 07:43:15,015 [Thread-963] INFO  impl.RaftServerImpl (RaftServerImpl.java:setRole(184)) - 84d87b42-83ce-4078-8a37-3864f9520041@group-F450BAF5DF14: changes role from  FOLLOWER to CANDIDATE at term 59 for changeToCandidate
2019-10-17 07:43:15,015 [Thread-963] INFO  impl.RoleInfo (RoleInfo.java:updateAndGet(143)) - 84d87b42-83ce-4078-8a37-3864f9520041: start LeaderElection
2019-10-17 07:43:15,038 [84d87b42-83ce-4078-8a37-3864f9520041@group-F450BAF5DF14-LeaderElection56] INFO  impl.LeaderElection (LeaderElection.java:askForVotes(178)) - 84d87b42-83ce-4078-8a37-3864f9520041@group-F450BAF5DF14-LeaderElection56: begin an election at term 60 for 0: [6ea7cc1b-6dd1-4a6f-b526-a2c2472221ee:192.168.164.211:45347, 722c44df-b170-4eeb-abb4-8ab07bb69a54:192.168.164.211:33246, 84d87b42-83ce-4078-8a37-3864f9520041:192.168.164.211:42413], old=null
2019-10-17 07:43:15,040 [grpc-default-executor-0] INFO  impl.RaftServerImpl (RaftServerImpl.java:setRole(184)) - 722c44df-b170-4eeb-abb4-8ab07bb69a54@group-F450BAF5DF14: changes role from  FOLLOWER to FOLLOWER at term 60 for recognizeCandidate:84d87b42-83ce-4078-8a37-3864f9520041
2019-10-17 07:43:15,040 [grpc-default-executor-4] INFO  impl.RaftServerImpl (RaftServerImpl.java:setRole(184)) - 6ea7cc1b-6dd1-4a6f-b526-a2c2472221ee@group-F450BAF5DF14: changes role from  FOLLOWER to FOLLOWER at term 60 for recognizeCandidate:84d87b42-83ce-4078-8a37-3864f9520041
2019-10-17 07:43:15,040 [grpc-default-executor-0] INFO  impl.RoleInfo (RoleInfo.java:shutdownFollowerState(121)) - 722c44df-b170-4eeb-abb4-8ab07bb69a54: shutdown FollowerState
2019-10-17 07:43:15,041 [grpc-default-executor-4] INFO  impl.RoleInfo (RoleInfo.java:shutdownFollowerState(121)) - 6ea7cc1b-6dd1-4a6f-b526-a2c2472221ee: shutdown FollowerState
2019-10-17 07:43:15,041 [Thread-962] INFO  impl.FollowerState (FollowerState.java:run(117)) - 722c44df-b170-4eeb-abb4-8ab07bb69a54@group-F450BAF5DF14-FollowerState was interrupted: java.lang.InterruptedException: sleep interrupted
2019-10-17 07:43:15,041 [grpc-default-executor-4] INFO  impl.RoleInfo (RoleInfo.java:updateAndGet(143)) - 6ea7cc1b-6dd1-4a6f-b526-a2c2472221ee: start FollowerState
2019-10-17 07:43:15,041 [grpc-default-executor-0] INFO  impl.RoleInfo (RoleInfo.java:updateAndGet(143)) - 722c44df-b170-4eeb-abb4-8ab07bb69a54: start FollowerState
2019-10-17 07:43:15,041 [Thread-961] INFO  impl.FollowerState (FollowerState.java:run(117)) - 6ea7cc1b-6dd1-4a6f-b526-a2c2472221ee@group-F450BAF5DF14-FollowerState was interrupted: java.lang.InterruptedException: sleep interrupted
]]></system-out>
    <system-err><![CDATA[ERROR StatusLogger No Log4j 2 configuration file found. Using default configuration (logging only errors to the console), or user programmatically provided configurations. Set system property 'log4j2.debug' to show Log4j 2 internal initialization logging. See https://logging.apache.org/log4j/2.x/manual/configuration.html for instructions on how to configure Log4j 2
Oct 17, 2019 7:41:29 AM org.apache.ratis.thirdparty.io.grpc.internal.SerializingExecutor run
SEVERE: Exception while executing runnable org.apache.ratis.thirdparty.io.grpc.internal.ServerImpl$JumpToApplicationThreadServerStreamListener$1Closed@25e9027e
org.apache.ratis.thirdparty.io.grpc.StatusRuntimeException: CANCELLED: call already cancelled
	at org.apache.ratis.thirdparty.io.grpc.Status.asRuntimeException(Status.java:517)
	at org.apache.ratis.thirdparty.io.grpc.stub.ServerCalls$ServerCallStreamObserverImpl.onCompleted(ServerCalls.java:356)
	at org.apache.ratis.grpc.server.GrpcServerProtocolService$ServerRequestStreamObserver.onError(GrpcServerProtocolService.java:121)
	at org.apache.ratis.thirdparty.io.grpc.stub.ServerCalls$StreamingServerCallHandler$StreamingServerCallListener.onCancel(ServerCalls.java:269)
	at org.apache.ratis.thirdparty.io.grpc.internal.ServerCallImpl$ServerStreamListenerImpl.closed(ServerCallImpl.java:293)
	at org.apache.ratis.thirdparty.io.grpc.internal.ServerImpl$JumpToApplicationThreadServerStreamListener$1Closed.runInContext(ServerImpl.java:741)
	at org.apache.ratis.thirdparty.io.grpc.internal.ContextRunnable.run(ContextRunnable.java:37)
	at org.apache.ratis.thirdparty.io.grpc.internal.SerializingExecutor.run(SerializingExecutor.java:123)
	at java.util.concurrent.ThreadPoolExecutor.runWorker(ThreadPoolExecutor.java:1149)
	at java.util.concurrent.ThreadPoolExecutor$Worker.run(ThreadPoolExecutor.java:624)
	at java.lang.Thread.run(Thread.java:748)

Oct 17, 2019 7:41:29 AM org.apache.ratis.thirdparty.io.grpc.internal.SerializingExecutor run
SEVERE: Exception while executing runnable org.apache.ratis.thirdparty.io.grpc.internal.ClientCallImpl$ClientStreamListenerImpl$1StreamClosed@3beea4d8
java.lang.NullPointerException
	at org.apache.ratis.grpc.server.GrpcLogAppender$AppendLogResponseHandler.onError(GrpcLogAppender.java:303)
	at org.apache.ratis.thirdparty.io.grpc.stub.ClientCalls$StreamObserverToCallListenerAdapter.onClose(ClientCalls.java:434)
	at org.apache.ratis.thirdparty.io.grpc.PartialForwardingClientCallListener.onClose(PartialForwardingClientCallListener.java:39)
	at org.apache.ratis.thirdparty.io.grpc.ForwardingClientCallListener.onClose(ForwardingClientCallListener.java:23)
	at org.apache.ratis.thirdparty.io.grpc.ForwardingClientCallListener$SimpleForwardingClientCallListener.onClose(ForwardingClientCallListener.java:40)
	at org.apache.ratis.thirdparty.io.grpc.internal.CensusStatsModule$StatsClientInterceptor$1$1.onClose(CensusStatsModule.java:678)
	at org.apache.ratis.thirdparty.io.grpc.PartialForwardingClientCallListener.onClose(PartialForwardingClientCallListener.java:39)
	at org.apache.ratis.thirdparty.io.grpc.ForwardingClientCallListener.onClose(ForwardingClientCallListener.java:23)
	at org.apache.ratis.thirdparty.io.grpc.ForwardingClientCallListener$SimpleForwardingClientCallListener.onClose(ForwardingClientCallListener.java:40)
	at org.apache.ratis.thirdparty.io.grpc.internal.CensusTracingModule$TracingClientInterceptor$1$1.onClose(CensusTracingModule.java:397)
	at org.apache.ratis.thirdparty.io.grpc.internal.ClientCallImpl.closeObserver(ClientCallImpl.java:459)
	at org.apache.ratis.thirdparty.io.grpc.internal.ClientCallImpl.access$300(ClientCallImpl.java:63)
	at org.apache.ratis.thirdparty.io.grpc.internal.ClientCallImpl$ClientStreamListenerImpl.close(ClientCallImpl.java:546)
	at org.apache.ratis.thirdparty.io.grpc.internal.ClientCallImpl$ClientStreamListenerImpl.access$600(ClientCallImpl.java:467)
	at org.apache.ratis.thirdparty.io.grpc.internal.ClientCallImpl$ClientStreamListenerImpl$1StreamClosed.runInContext(ClientCallImpl.java:584)
	at org.apache.ratis.thirdparty.io.grpc.internal.ContextRunnable.run(ContextRunnable.java:37)
	at org.apache.ratis.thirdparty.io.grpc.internal.SerializingExecutor.run(SerializingExecutor.java:123)
	at java.util.concurrent.ThreadPoolExecutor.runWorker(ThreadPoolExecutor.java:1149)
	at java.util.concurrent.ThreadPoolExecutor$Worker.run(ThreadPoolExecutor.java:624)
	at java.lang.Thread.run(Thread.java:748)

]]></system-err>
  </testcase>
</testsuite>