<?xml version="1.0" encoding="UTF-8"?>
<testsuite xmlns:xsi="http://www.w3.org/2001/XMLSchema-instance" xsi:noNamespaceSchemaLocation="https://maven.apache.org/surefire/maven-surefire-plugin/xsd/surefire-test-report.xsd" name="org.apache.hadoop.ozone.freon.TestRandomKeyGenerator" time="192.223" tests="6" errors="1" skipped="0" failures="0">
  <properties>
    <property name="awt.toolkit" value="sun.awt.X11.XToolkit"/>
    <property name="file.encoding.pkg" value="sun.io"/>
    <property name="java.specification.version" value="1.8"/>
    <property name="sun.cpu.isalist" value=""/>
    <property name="sun.jnu.encoding" value="UTF-8"/>
    <property name="java.class.path" value="/workdir/hadoop-ozone/tools/target/test-classes:/workdir/hadoop-ozone/tools/target/classes:/home/user/.m2/repository/org/apache/hadoop/hadoop-ozone-ozone-manager/0.5.0-SNAPSHOT/hadoop-ozone-ozone-manager-0.5.0-SNAPSHOT.jar:/home/user/.m2/repository/org/apache/hadoop/hadoop-hdds-docs/0.5.0-SNAPSHOT/hadoop-hdds-docs-0.5.0-SNAPSHOT.jar:/home/user/.m2/repository/org/bouncycastle/bcprov-jdk15on/1.60/bcprov-jdk15on-1.60.jar:/home/user/.m2/repository/org/apache/hadoop/hadoop-ozone-common/0.5.0-SNAPSHOT/hadoop-ozone-common-0.5.0-SNAPSHOT.jar:/home/user/.m2/repository/org/apache/commons/commons-compress/1.4.1/commons-compress-1.4.1.jar:/home/user/.m2/repository/org/tukaani/xz/1.0/xz-1.0.jar:/home/user/.m2/repository/org/apache/hadoop/hadoop-hdfs-client/3.2.0/hadoop-hdfs-client-3.2.0.jar:/home/user/.m2/repository/com/fasterxml/jackson/core/jackson-annotations/2.9.9/jackson-annotations-2.9.9.jar:/home/user/.m2/repository/org/apache/hadoop/hadoop-hdds-common/0.5.0-SNAPSHOT/hadoop-hdds-common-0.5.0-SNAPSHOT.jar:/home/user/.m2/repository/org/apache/hadoop/hadoop-hdds-config/0.5.0-SNAPSHOT/hadoop-hdds-config-0.5.0-SNAPSHOT.jar:/home/user/.m2/repository/javax/annotation/javax.annotation-api/1.2/javax.annotation-api-1.2.jar:/home/user/.m2/repository/org/apache/ratis/ratis-server/0.5.0-201fc85-SNAPSHOT/ratis-server-0.5.0-201fc85-SNAPSHOT.jar:/home/user/.m2/repository/org/apache/ratis/ratis-thirdparty-misc/0.2.0/ratis-thirdparty-misc-0.2.0.jar:/home/user/.m2/repository/org/apache/ratis/ratis-proto/0.5.0-201fc85-SNAPSHOT/ratis-proto-0.5.0-201fc85-SNAPSHOT.jar:/home/user/.m2/repository/org/apache/ratis/ratis-common/0.5.0-201fc85-SNAPSHOT/ratis-common-0.5.0-201fc85-SNAPSHOT.jar:/home/user/.m2/repository/org/apache/ratis/ratis-client/0.5.0-201fc85-SNAPSHOT/ratis-client-0.5.0-201fc85-SNAPSHOT.jar:/home/user/.m2/repository/org/apache/ratis/ratis-metrics/0.5.0-201fc85-SNAPSHOT/ratis-metrics-0.5.0-201fc85-SNAPSHOT.jar:/home/user/.m2/repository/com/github/joshelser/dropwizard-metrics-hadoop-metrics2-reporter/0.1.2/dropwizard-metrics-hadoop-metrics2-reporter-0.1.2.jar:/home/user/.m2/repository/io/dropwizard/metrics/metrics-jvm/3.2.5/metrics-jvm-3.2.5.jar:/home/user/.m2/repository/io/dropwizard/metrics/metrics-ganglia/3.2.5/metrics-ganglia-3.2.5.jar:/home/user/.m2/repository/info/ganglia/gmetric4j/gmetric4j/1.0.7/gmetric4j-1.0.7.jar:/home/user/.m2/repository/org/apache/ratis/ratis-netty/0.5.0-201fc85-SNAPSHOT/ratis-netty-0.5.0-201fc85-SNAPSHOT.jar:/home/user/.m2/repository/org/apache/ratis/ratis-grpc/0.5.0-201fc85-SNAPSHOT/ratis-grpc-0.5.0-201fc85-SNAPSHOT.jar:/home/user/.m2/repository/org/rocksdb/rocksdbjni/6.0.1/rocksdbjni-6.0.1.jar:/home/user/.m2/repository/org/apache/logging/log4j/log4j-api/2.11.0/log4j-api-2.11.0.jar:/home/user/.m2/repository/org/apache/logging/log4j/log4j-core/2.11.0/log4j-core-2.11.0.jar:/home/user/.m2/repository/com/lmax/disruptor/3.4.2/disruptor-3.4.2.jar:/home/user/.m2/repository/org/apache/commons/commons-pool2/2.6.0/commons-pool2-2.6.0.jar:/home/user/.m2/repository/org/bouncycastle/bcpkix-jdk15on/1.60/bcpkix-jdk15on-1.60.jar:/home/user/.m2/repository/commons-validator/commons-validator/1.6/commons-validator-1.6.jar:/home/user/.m2/repository/commons-digester/commons-digester/1.8.1/commons-digester-1.8.1.jar:/home/user/.m2/repository/io/jaegertracing/jaeger-client/0.34.0/jaeger-client-0.34.0.jar:/home/user/.m2/repository/io/jaegertracing/jaeger-thrift/0.34.0/jaeger-thrift-0.34.0.jar:/home/user/.m2/repository/org/apache/thrift/libthrift/0.12.0/libthrift-0.12.0.jar:/home/user/.m2/repository/com/squareup/okhttp3/okhttp/3.9.0/okhttp-3.9.0.jar:/home/user/.m2/repository/com/squareup/okio/okio/1.13.0/okio-1.13.0.jar:/home/user/.m2/repository/io/jaegertracing/jaeger-core/0.34.0/jaeger-core-0.34.0.jar:/home/user/.m2/repository/io/jaegertracing/jaeger-tracerresolver/0.34.0/jaeger-tracerresolver-0.34.0.jar:/home/user/.m2/repository/io/opentracing/contrib/opentracing-tracerresolver/0.1.5/opentracing-tracerresolver-0.1.5.jar:/home/user/.m2/repository/io/opentracing/opentracing-util/0.31.0/opentracing-util-0.31.0.jar:/home/user/.m2/repository/io/opentracing/opentracing-api/0.31.0/opentracing-api-0.31.0.jar:/home/user/.m2/repository/io/opentracing/opentracing-noop/0.31.0/opentracing-noop-0.31.0.jar:/home/user/.m2/repository/org/yaml/snakeyaml/1.16/snakeyaml-1.16.jar:/home/user/.m2/repository/org/apache/hadoop/hadoop-hdds-container-service/0.5.0-SNAPSHOT/hadoop-hdds-container-service-0.5.0-SNAPSHOT.jar:/home/user/.m2/repository/org/apache/hadoop/hadoop-hdds-client/0.5.0-SNAPSHOT/hadoop-hdds-client-0.5.0-SNAPSHOT.jar:/home/user/.m2/repository/org/apache/hadoop/hadoop-hdds-tools/0.5.0-SNAPSHOT/hadoop-hdds-tools-0.5.0-SNAPSHOT.jar:/home/user/.m2/repository/org/xerial/sqlite-jdbc/3.25.2/sqlite-jdbc-3.25.2.jar:/home/user/.m2/repository/org/apache/hadoop/hadoop-hdds-server-scm/0.5.0-SNAPSHOT/hadoop-hdds-server-scm-0.5.0-SNAPSHOT.jar:/home/user/.m2/repository/org/hamcrest/hamcrest-all/1.3/hamcrest-all-1.3.jar:/home/user/.m2/repository/info/picocli/picocli/3.9.6/picocli-3.9.6.jar:/home/user/.m2/repository/com/google/protobuf/protobuf-java/2.5.0/protobuf-java-2.5.0.jar:/home/user/.m2/repository/com/google/guava/guava/11.0.2/guava-11.0.2.jar:/home/user/.m2/repository/org/apache/hadoop/hadoop-ozone-client/0.5.0-SNAPSHOT/hadoop-ozone-client-0.5.0-SNAPSHOT.jar:/workdir/hadoop-ozone/ozonefs/target/classes:/home/user/.m2/repository/org/apache/httpcomponents/httpclient/4.5.2/httpclient-4.5.2.jar:/home/user/.m2/repository/org/apache/httpcomponents/httpcore/4.4.4/httpcore-4.4.4.jar:/home/user/.m2/repository/org/apache/hadoop/hadoop-hdds-server-framework/0.5.0-SNAPSHOT/hadoop-hdds-server-framework-0.5.0-SNAPSHOT.jar:/home/user/.m2/repository/org/apache/hadoop/hadoop-common/3.2.0/hadoop-common-3.2.0.jar:/home/user/.m2/repository/org/apache/hadoop/hadoop-annotations/3.2.0/hadoop-annotations-3.2.0.jar:/usr/lib/jvm/java-1.8-openjdk/jre/../lib/tools.jar:/home/user/.m2/repository/commons-cli/commons-cli/1.2/commons-cli-1.2.jar:/home/user/.m2/repository/org/apache/commons/commons-math3/3.1.1/commons-math3-3.1.1.jar:/home/user/.m2/repository/commons-codec/commons-codec/1.11/commons-codec-1.11.jar:/home/user/.m2/repository/commons-io/commons-io/2.5/commons-io-2.5.jar:/home/user/.m2/repository/commons-net/commons-net/3.6/commons-net-3.6.jar:/home/user/.m2/repository/commons-collections/commons-collections/3.2.2/commons-collections-3.2.2.jar:/home/user/.m2/repository/javax/servlet/javax.servlet-api/3.1.0/javax.servlet-api-3.1.0.jar:/home/user/.m2/repository/org/eclipse/jetty/jetty-server/9.3.25.v20180904/jetty-server-9.3.25.v20180904.jar:/home/user/.m2/repository/org/eclipse/jetty/jetty-http/9.3.25.v20180904/jetty-http-9.3.25.v20180904.jar:/home/user/.m2/repository/org/eclipse/jetty/jetty-io/9.3.25.v20180904/jetty-io-9.3.25.v20180904.jar:/home/user/.m2/repository/org/eclipse/jetty/jetty-util/9.3.25.v20180904/jetty-util-9.3.25.v20180904.jar:/home/user/.m2/repository/org/eclipse/jetty/jetty-servlet/9.3.25.v20180904/jetty-servlet-9.3.25.v20180904.jar:/home/user/.m2/repository/org/eclipse/jetty/jetty-security/9.3.25.v20180904/jetty-security-9.3.25.v20180904.jar:/home/user/.m2/repository/org/eclipse/jetty/jetty-webapp/9.3.25.v20180904/jetty-webapp-9.3.25.v20180904.jar:/home/user/.m2/repository/org/eclipse/jetty/jetty-xml/9.3.25.v20180904/jetty-xml-9.3.25.v20180904.jar:/home/user/.m2/repository/javax/servlet/jsp/jsp-api/2.1/jsp-api-2.1.jar:/home/user/.m2/repository/com/sun/jersey/jersey-core/1.19/jersey-core-1.19.jar:/home/user/.m2/repository/javax/ws/rs/jsr311-api/1.1.1/jsr311-api-1.1.1.jar:/home/user/.m2/repository/com/sun/jersey/jersey-servlet/1.19/jersey-servlet-1.19.jar:/home/user/.m2/repository/com/sun/jersey/jersey-json/1.19/jersey-json-1.19.jar:/home/user/.m2/repository/org/codehaus/jettison/jettison/1.1/jettison-1.1.jar:/home/user/.m2/repository/com/sun/xml/bind/jaxb-impl/2.3.0.1/jaxb-impl-2.3.0.1.jar:/home/user/.m2/repository/org/codehaus/jackson/jackson-core-asl/1.9.13/jackson-core-asl-1.9.13.jar:/home/user/.m2/repository/org/codehaus/jackson/jackson-mapper-asl/1.9.13/jackson-mapper-asl-1.9.13.jar:/home/user/.m2/repository/org/codehaus/jackson/jackson-jaxrs/1.9.13/jackson-jaxrs-1.9.13.jar:/home/user/.m2/repository/org/codehaus/jackson/jackson-xc/1.9.13/jackson-xc-1.9.13.jar:/home/user/.m2/repository/com/sun/jersey/jersey-server/1.19/jersey-server-1.19.jar:/home/user/.m2/repository/commons-logging/commons-logging/1.1.3/commons-logging-1.1.3.jar:/home/user/.m2/repository/log4j/log4j/1.2.17/log4j-1.2.17.jar:/home/user/.m2/repository/commons-beanutils/commons-beanutils/1.9.4/commons-beanutils-1.9.4.jar:/home/user/.m2/repository/org/apache/commons/commons-configuration2/2.1.1/commons-configuration2-2.1.1.jar:/home/user/.m2/repository/org/apache/commons/commons-lang3/3.7/commons-lang3-3.7.jar:/home/user/.m2/repository/org/apache/commons/commons-text/1.4/commons-text-1.4.jar:/home/user/.m2/repository/org/slf4j/slf4j-api/1.7.25/slf4j-api-1.7.25.jar:/home/user/.m2/repository/org/slf4j/slf4j-log4j12/1.7.25/slf4j-log4j12-1.7.25.jar:/home/user/.m2/repository/org/apache/avro/avro/1.7.7/avro-1.7.7.jar:/home/user/.m2/repository/com/thoughtworks/paranamer/paranamer/2.3/paranamer-2.3.jar:/home/user/.m2/repository/org/xerial/snappy/snappy-java/1.0.5/snappy-java-1.0.5.jar:/home/user/.m2/repository/com/google/re2j/re2j/1.1/re2j-1.1.jar:/home/user/.m2/repository/com/google/code/gson/gson/2.2.4/gson-2.2.4.jar:/home/user/.m2/repository/org/apache/hadoop/hadoop-auth/3.2.0/hadoop-auth-3.2.0.jar:/home/user/.m2/repository/com/nimbusds/nimbus-jose-jwt/4.41.1/nimbus-jose-jwt-4.41.1.jar:/home/user/.m2/repository/com/github/stephenc/jcip/jcip-annotations/1.0-1/jcip-annotations-1.0-1.jar:/home/user/.m2/repository/net/minidev/json-smart/2.3/json-smart-2.3.jar:/home/user/.m2/repository/net/minidev/accessors-smart/1.2/accessors-smart-1.2.jar:/home/user/.m2/repository/org/apache/curator/curator-framework/2.12.0/curator-framework-2.12.0.jar:/home/user/.m2/repository/com/jcraft/jsch/0.1.54/jsch-0.1.54.jar:/home/user/.m2/repository/org/apache/curator/curator-client/2.12.0/curator-client-2.12.0.jar:/home/user/.m2/repository/org/apache/curator/curator-recipes/2.12.0/curator-recipes-2.12.0.jar:/home/user/.m2/repository/com/google/code/findbugs/jsr305/3.0.0/jsr305-3.0.0.jar:/home/user/.m2/repository/org/apache/htrace/htrace-core4/4.1.0-incubating/htrace-core4-4.1.0-incubating.jar:/home/user/.m2/repository/org/apache/zookeeper/zookeeper/3.4.13/zookeeper-3.4.13.jar:/home/user/.m2/repository/jline/jline/0.9.94/jline-0.9.94.jar:/home/user/.m2/repository/org/apache/yetus/audience-annotations/0.5.0/audience-annotations-0.5.0.jar:/home/user/.m2/repository/org/apache/kerby/kerb-simplekdc/1.0.1/kerb-simplekdc-1.0.1.jar:/home/user/.m2/repository/org/apache/kerby/kerb-client/1.0.1/kerb-client-1.0.1.jar:/home/user/.m2/repository/org/apache/kerby/kerby-config/1.0.1/kerby-config-1.0.1.jar:/home/user/.m2/repository/org/apache/kerby/kerb-core/1.0.1/kerb-core-1.0.1.jar:/home/user/.m2/repository/org/apache/kerby/kerby-pkix/1.0.1/kerby-pkix-1.0.1.jar:/home/user/.m2/repository/org/apache/kerby/kerby-asn1/1.0.1/kerby-asn1-1.0.1.jar:/home/user/.m2/repository/org/apache/kerby/kerby-util/1.0.1/kerby-util-1.0.1.jar:/home/user/.m2/repository/org/apache/kerby/kerb-common/1.0.1/kerb-common-1.0.1.jar:/home/user/.m2/repository/org/apache/kerby/kerb-crypto/1.0.1/kerb-crypto-1.0.1.jar:/home/user/.m2/repository/org/apache/kerby/kerb-util/1.0.1/kerb-util-1.0.1.jar:/home/user/.m2/repository/org/apache/kerby/token-provider/1.0.1/token-provider-1.0.1.jar:/home/user/.m2/repository/org/apache/kerby/kerb-admin/1.0.1/kerb-admin-1.0.1.jar:/home/user/.m2/repository/org/apache/kerby/kerb-server/1.0.1/kerb-server-1.0.1.jar:/home/user/.m2/repository/org/apache/kerby/kerb-identity/1.0.1/kerb-identity-1.0.1.jar:/home/user/.m2/repository/org/apache/kerby/kerby-xdr/1.0.1/kerby-xdr-1.0.1.jar:/home/user/.m2/repository/com/fasterxml/jackson/core/jackson-databind/2.9.9/jackson-databind-2.9.9.jar:/home/user/.m2/repository/com/fasterxml/jackson/core/jackson-core/2.9.9/jackson-core-2.9.9.jar:/home/user/.m2/repository/org/codehaus/woodstox/stax2-api/3.1.4/stax2-api-3.1.4.jar:/home/user/.m2/repository/com/fasterxml/woodstox/woodstox-core/5.0.3/woodstox-core-5.0.3.jar:/home/user/.m2/repository/dnsjava/dnsjava/2.1.7/dnsjava-2.1.7.jar:/home/user/.m2/repository/org/apache/hadoop/hadoop-hdfs/3.2.0/hadoop-hdfs-3.2.0.jar:/home/user/.m2/repository/org/eclipse/jetty/jetty-util-ajax/9.3.25.v20180904/jetty-util-ajax-9.3.25.v20180904.jar:/home/user/.m2/repository/commons-daemon/commons-daemon/1.0.13/commons-daemon-1.0.13.jar:/home/user/.m2/repository/io/netty/netty/3.10.5.Final/netty-3.10.5.Final.jar:/home/user/.m2/repository/io/netty/netty-all/4.0.52.Final/netty-all-4.0.52.Final.jar:/home/user/.m2/repository/org/fusesource/leveldbjni/leveldbjni-all/1.8/leveldbjni-all-1.8.jar:/home/user/.m2/repository/com/sun/xml/bind/jaxb-core/2.3.0.1/jaxb-core-2.3.0.1.jar:/home/user/.m2/repository/javax/xml/bind/jaxb-api/2.3.0/jaxb-api-2.3.0.jar:/home/user/.m2/repository/javax/activation/activation/1.1.1/activation-1.1.1.jar:/home/user/.m2/repository/io/dropwizard/metrics/metrics-core/3.2.4/metrics-core-3.2.4.jar:/home/user/.m2/repository/org/openjdk/jmh/jmh-core/1.19/jmh-core-1.19.jar:/home/user/.m2/repository/net/sf/jopt-simple/jopt-simple/4.6/jopt-simple-4.6.jar:/home/user/.m2/repository/org/openjdk/jmh/jmh-generator-annprocess/1.19/jmh-generator-annprocess-1.19.jar:/home/user/.m2/repository/com/amazonaws/aws-java-sdk-s3/1.11.615/aws-java-sdk-s3-1.11.615.jar:/home/user/.m2/repository/com/amazonaws/aws-java-sdk-kms/1.11.615/aws-java-sdk-kms-1.11.615.jar:/home/user/.m2/repository/com/amazonaws/aws-java-sdk-core/1.11.615/aws-java-sdk-core-1.11.615.jar:/home/user/.m2/repository/software/amazon/ion/ion-java/1.0.2/ion-java-1.0.2.jar:/home/user/.m2/repository/com/fasterxml/jackson/dataformat/jackson-dataformat-cbor/2.9.9/jackson-dataformat-cbor-2.9.9.jar:/home/user/.m2/repository/joda-time/joda-time/2.9.9/joda-time-2.9.9.jar:/home/user/.m2/repository/com/amazonaws/jmespath-java/1.11.615/jmespath-java-1.11.615.jar:/home/user/.m2/repository/com/github/spotbugs/spotbugs/3.1.12/spotbugs-3.1.12.jar:/home/user/.m2/repository/org/ow2/asm/asm/5.0.4/asm-5.0.4.jar:/home/user/.m2/repository/org/ow2/asm/asm-analysis/7.0/asm-analysis-7.0.jar:/home/user/.m2/repository/org/ow2/asm/asm-commons/7.0/asm-commons-7.0.jar:/home/user/.m2/repository/org/ow2/asm/asm-tree/7.0/asm-tree-7.0.jar:/home/user/.m2/repository/org/ow2/asm/asm-util/7.0/asm-util-7.0.jar:/home/user/.m2/repository/org/apache/bcel/bcel/6.3/bcel-6.3.jar:/home/user/.m2/repository/net/jcip/jcip-annotations/1.0/jcip-annotations-1.0.jar:/home/user/.m2/repository/org/dom4j/dom4j/2.1.1/dom4j-2.1.1.jar:/home/user/.m2/repository/jaxen/jaxen/1.1.6/jaxen-1.1.6.jar:/home/user/.m2/repository/commons-lang/commons-lang/2.6/commons-lang-2.6.jar:/home/user/.m2/repository/com/github/spotbugs/spotbugs-annotations/3.1.12/spotbugs-annotations-3.1.12.jar:/home/user/.m2/repository/junit/junit/4.11/junit-4.11.jar:/home/user/.m2/repository/org/hamcrest/hamcrest-core/1.3/hamcrest-core-1.3.jar:/home/user/.m2/repository/org/apache/hadoop/hadoop-common/3.2.0/hadoop-common-3.2.0-tests.jar:/workdir/hadoop-ozone/integration-test/target/test-classes:/home/user/.m2/repository/org/apache/hadoop/hadoop-ozone-s3gateway/0.5.0-SNAPSHOT/hadoop-ozone-s3gateway-0.5.0-SNAPSHOT.jar:/home/user/.m2/repository/org/jboss/weld/servlet/weld-servlet/2.4.7.Final/weld-servlet-2.4.7.Final.jar:/home/user/.m2/repository/org/glassfish/jersey/containers/jersey-container-servlet-core/2.27/jersey-container-servlet-core-2.27.jar:/home/user/.m2/repository/org/glassfish/hk2/external/javax.inject/2.5.0-b42/javax.inject-2.5.0-b42.jar:/home/user/.m2/repository/org/glassfish/jersey/core/jersey-common/2.27/jersey-common-2.27.jar:/home/user/.m2/repository/org/glassfish/hk2/osgi-resource-locator/1.0.1/osgi-resource-locator-1.0.1.jar:/home/user/.m2/repository/javax/ws/rs/javax.ws.rs-api/2.1/javax.ws.rs-api-2.1.jar:/home/user/.m2/repository/org/glassfish/jersey/ext/cdi/jersey-cdi1x/2.27/jersey-cdi1x-2.27.jar:/home/user/.m2/repository/org/glassfish/jersey/inject/jersey-hk2/2.27/jersey-hk2-2.27.jar:/home/user/.m2/repository/org/glassfish/hk2/hk2-locator/2.5.0-b42/hk2-locator-2.5.0-b42.jar:/home/user/.m2/repository/org/javassist/javassist/3.22.0-CR2/javassist-3.22.0-CR2.jar:/home/user/.m2/repository/org/glassfish/hk2/hk2-api/2.5.0/hk2-api-2.5.0.jar:/home/user/.m2/repository/org/glassfish/hk2/external/jakarta.inject/2.5.0/jakarta.inject-2.5.0.jar:/home/user/.m2/repository/org/glassfish/hk2/hk2-utils/2.5.0/hk2-utils-2.5.0.jar:/home/user/.m2/repository/jakarta/annotation/jakarta.annotation-api/1.3.4/jakarta.annotation-api-1.3.4.jar:/home/user/.m2/repository/org/glassfish/hk2/external/aopalliance-repackaged/2.5.0/aopalliance-repackaged-2.5.0.jar:/home/user/.m2/repository/com/fasterxml/jackson/dataformat/jackson-dataformat-xml/2.9.0/jackson-dataformat-xml-2.9.0.jar:/home/user/.m2/repository/com/fasterxml/jackson/module/jackson-module-jaxb-annotations/2.9.9/jackson-module-jaxb-annotations-2.9.9.jar:/home/user/.m2/repository/javax/enterprise/cdi-api/1.2/cdi-api-1.2.jar:/home/user/.m2/repository/javax/el/javax.el-api/3.0.0/javax.el-api-3.0.0.jar:/home/user/.m2/repository/javax/interceptor/javax.interceptor-api/1.2/javax.interceptor-api-1.2.jar:/home/user/.m2/repository/javax/inject/javax.inject/1/javax.inject-1.jar:/home/user/.m2/repository/org/apache/hadoop/hadoop-ozone-csi/0.5.0-SNAPSHOT/hadoop-ozone-csi-0.5.0-SNAPSHOT.jar:/home/user/.m2/repository/com/google/protobuf/protobuf-java-util/3.5.1/protobuf-java-util-3.5.1.jar:/home/user/.m2/repository/io/grpc/grpc-netty/1.17.1/grpc-netty-1.17.1.jar:/home/user/.m2/repository/io/grpc/grpc-core/1.17.1/grpc-core-1.17.1.jar:/home/user/.m2/repository/io/grpc/grpc-context/1.17.1/grpc-context-1.17.1.jar:/home/user/.m2/repository/com/google/errorprone/error_prone_annotations/2.2.0/error_prone_annotations-2.2.0.jar:/home/user/.m2/repository/org/codehaus/mojo/animal-sniffer-annotations/1.17/animal-sniffer-annotations-1.17.jar:/home/user/.m2/repository/io/opencensus/opencensus-api/0.17.0/opencensus-api-0.17.0.jar:/home/user/.m2/repository/io/opencensus/opencensus-contrib-grpc-metrics/0.17.0/opencensus-contrib-grpc-metrics-0.17.0.jar:/home/user/.m2/repository/io/netty/netty-codec-http2/4.1.30.Final/netty-codec-http2-4.1.30.Final.jar:/home/user/.m2/repository/io/netty/netty-codec-http/4.1.30.Final/netty-codec-http-4.1.30.Final.jar:/home/user/.m2/repository/io/netty/netty-codec/4.1.30.Final/netty-codec-4.1.30.Final.jar:/home/user/.m2/repository/io/netty/netty-handler/4.1.30.Final/netty-handler-4.1.30.Final.jar:/home/user/.m2/repository/io/netty/netty-handler-proxy/4.1.30.Final/netty-handler-proxy-4.1.30.Final.jar:/home/user/.m2/repository/io/netty/netty-codec-socks/4.1.30.Final/netty-codec-socks-4.1.30.Final.jar:/home/user/.m2/repository/io/netty/netty-transport-native-epoll/4.1.30.Final/netty-transport-native-epoll-4.1.30.Final.jar:/home/user/.m2/repository/io/netty/netty-common/4.1.30.Final/netty-common-4.1.30.Final.jar:/home/user/.m2/repository/io/netty/netty-buffer/4.1.30.Final/netty-buffer-4.1.30.Final.jar:/home/user/.m2/repository/io/netty/netty-transport/4.1.30.Final/netty-transport-4.1.30.Final.jar:/home/user/.m2/repository/io/netty/netty-resolver/4.1.30.Final/netty-resolver-4.1.30.Final.jar:/home/user/.m2/repository/io/netty/netty-transport-native-unix-common/4.1.30.Final/netty-transport-native-unix-common-4.1.30.Final.jar:/home/user/.m2/repository/io/grpc/grpc-protobuf/1.17.1/grpc-protobuf-1.17.1.jar:/home/user/.m2/repository/com/google/api/grpc/proto-google-common-protos/1.0.0/proto-google-common-protos-1.0.0.jar:/home/user/.m2/repository/io/grpc/grpc-protobuf-lite/1.17.1/grpc-protobuf-lite-1.17.1.jar:/home/user/.m2/repository/io/grpc/grpc-stub/1.17.1/grpc-stub-1.17.1.jar:/home/user/.m2/repository/org/apache/hadoop/hadoop-ozone-recon/0.5.0-SNAPSHOT/hadoop-ozone-recon-0.5.0-SNAPSHOT.jar:/home/user/.m2/repository/org/apache/hadoop/hadoop-ozone-reconcodegen/0.5.0-SNAPSHOT/hadoop-ozone-reconcodegen-0.5.0-SNAPSHOT.jar:/home/user/.m2/repository/com/google/inject/extensions/guice-multibindings/4.0/guice-multibindings-4.0.jar:/home/user/.m2/repository/com/google/inject/guice/4.0/guice-4.0.jar:/home/user/.m2/repository/aopalliance/aopalliance/1.0/aopalliance-1.0.jar:/home/user/.m2/repository/com/google/inject/extensions/guice-servlet/4.0/guice-servlet-4.0.jar:/home/user/.m2/repository/org/glassfish/jersey/containers/jersey-container-servlet/2.27/jersey-container-servlet-2.27.jar:/home/user/.m2/repository/org/glassfish/hk2/guice-bridge/2.5.0/guice-bridge-2.5.0.jar:/home/user/.m2/repository/org/glassfish/jersey/core/jersey-server/2.27/jersey-server-2.27.jar:/home/user/.m2/repository/org/glassfish/jersey/core/jersey-client/2.27/jersey-client-2.27.jar:/home/user/.m2/repository/org/glassfish/jersey/media/jersey-media-jaxb/2.27/jersey-media-jaxb-2.27.jar:/home/user/.m2/repository/javax/validation/validation-api/1.1.0.Final/validation-api-1.1.0.Final.jar:/home/user/.m2/repository/org/glassfish/jersey/media/jersey-media-json-jackson/2.27/jersey-media-json-jackson-2.27.jar:/home/user/.m2/repository/org/glassfish/jersey/ext/jersey-entity-filtering/2.27/jersey-entity-filtering-2.27.jar:/home/user/.m2/repository/com/google/inject/extensions/guice-assistedinject/4.0/guice-assistedinject-4.0.jar:/home/user/.m2/repository/org/jooq/jooq/3.11.10/jooq-3.11.10.jar:/home/user/.m2/repository/org/jooq/jooq-meta/3.11.10/jooq-meta-3.11.10.jar:/home/user/.m2/repository/org/jooq/jooq-codegen/3.11.10/jooq-codegen-3.11.10.jar:/home/user/.m2/repository/com/jolbox/bonecp/0.8.0.RELEASE/bonecp-0.8.0.RELEASE.jar:/home/user/.m2/repository/org/springframework/spring-jdbc/5.1.3.RELEASE/spring-jdbc-5.1.3.RELEASE.jar:/home/user/.m2/repository/org/springframework/spring-beans/5.1.3.RELEASE/spring-beans-5.1.3.RELEASE.jar:/home/user/.m2/repository/org/springframework/spring-core/5.1.3.RELEASE/spring-core-5.1.3.RELEASE.jar:/home/user/.m2/repository/org/springframework/spring-jcl/5.1.3.RELEASE/spring-jcl-5.1.3.RELEASE.jar:/home/user/.m2/repository/org/springframework/spring-tx/5.1.3.RELEASE/spring-tx-5.1.3.RELEASE.jar:/home/user/.m2/repository/org/mockito/mockito-core/2.15.0/mockito-core-2.15.0.jar:/home/user/.m2/repository/net/bytebuddy/byte-buddy/1.7.9/byte-buddy-1.7.9.jar:/home/user/.m2/repository/net/bytebuddy/byte-buddy-agent/1.7.9/byte-buddy-agent-1.7.9.jar:/home/user/.m2/repository/org/objenesis/objenesis/1.0/objenesis-1.0.jar:"/>
    <property name="java.vm.vendor" value="IcedTea"/>
    <property name="sun.arch.data.model" value="64"/>
    <property name="test.build.dir" value="/workdir/hadoop-ozone/tools/target/test-dir"/>
    <property name="test.cache.data" value=""/>
    <property name="java.vendor.url" value="https://icedtea.classpath.org"/>
    <property name="user.timezone" value=""/>
    <property name="java.vm.specification.version" value="1.8"/>
    <property name="os.name" value="Linux"/>
    <property name="test.build.data" value="/workdir/hadoop-ozone/tools/target/test-dir"/>
    <property name="user.country" value="US"/>
    <property name="sun.java.launcher" value="SUN_STANDARD"/>
    <property name="sun.boot.library.path" value="/usr/lib/jvm/java-1.8-openjdk/jre/lib/amd64"/>
    <property name="sun.java.command" value="/workdir/hadoop-ozone/tools/target/surefire/surefirebooter7247789224243922577.jar /workdir/hadoop-ozone/tools/target/surefire 2019-10-02T05-41-45_105-jvmRun1 surefire2423815156734032158tmp surefire_1133065363023857588625tmp"/>
    <property name="test" value="!TestMiniChaosOzoneCluster"/>
    <property name="surefire.test.class.path" value="/workdir/hadoop-ozone/tools/target/test-classes:/workdir/hadoop-ozone/tools/target/classes:/home/user/.m2/repository/org/apache/hadoop/hadoop-ozone-ozone-manager/0.5.0-SNAPSHOT/hadoop-ozone-ozone-manager-0.5.0-SNAPSHOT.jar:/home/user/.m2/repository/org/apache/hadoop/hadoop-hdds-docs/0.5.0-SNAPSHOT/hadoop-hdds-docs-0.5.0-SNAPSHOT.jar:/home/user/.m2/repository/org/bouncycastle/bcprov-jdk15on/1.60/bcprov-jdk15on-1.60.jar:/home/user/.m2/repository/org/apache/hadoop/hadoop-ozone-common/0.5.0-SNAPSHOT/hadoop-ozone-common-0.5.0-SNAPSHOT.jar:/home/user/.m2/repository/org/apache/commons/commons-compress/1.4.1/commons-compress-1.4.1.jar:/home/user/.m2/repository/org/tukaani/xz/1.0/xz-1.0.jar:/home/user/.m2/repository/org/apache/hadoop/hadoop-hdfs-client/3.2.0/hadoop-hdfs-client-3.2.0.jar:/home/user/.m2/repository/com/fasterxml/jackson/core/jackson-annotations/2.9.9/jackson-annotations-2.9.9.jar:/home/user/.m2/repository/org/apache/hadoop/hadoop-hdds-common/0.5.0-SNAPSHOT/hadoop-hdds-common-0.5.0-SNAPSHOT.jar:/home/user/.m2/repository/org/apache/hadoop/hadoop-hdds-config/0.5.0-SNAPSHOT/hadoop-hdds-config-0.5.0-SNAPSHOT.jar:/home/user/.m2/repository/javax/annotation/javax.annotation-api/1.2/javax.annotation-api-1.2.jar:/home/user/.m2/repository/org/apache/ratis/ratis-server/0.5.0-201fc85-SNAPSHOT/ratis-server-0.5.0-201fc85-SNAPSHOT.jar:/home/user/.m2/repository/org/apache/ratis/ratis-thirdparty-misc/0.2.0/ratis-thirdparty-misc-0.2.0.jar:/home/user/.m2/repository/org/apache/ratis/ratis-proto/0.5.0-201fc85-SNAPSHOT/ratis-proto-0.5.0-201fc85-SNAPSHOT.jar:/home/user/.m2/repository/org/apache/ratis/ratis-common/0.5.0-201fc85-SNAPSHOT/ratis-common-0.5.0-201fc85-SNAPSHOT.jar:/home/user/.m2/repository/org/apache/ratis/ratis-client/0.5.0-201fc85-SNAPSHOT/ratis-client-0.5.0-201fc85-SNAPSHOT.jar:/home/user/.m2/repository/org/apache/ratis/ratis-metrics/0.5.0-201fc85-SNAPSHOT/ratis-metrics-0.5.0-201fc85-SNAPSHOT.jar:/home/user/.m2/repository/com/github/joshelser/dropwizard-metrics-hadoop-metrics2-reporter/0.1.2/dropwizard-metrics-hadoop-metrics2-reporter-0.1.2.jar:/home/user/.m2/repository/io/dropwizard/metrics/metrics-jvm/3.2.5/metrics-jvm-3.2.5.jar:/home/user/.m2/repository/io/dropwizard/metrics/metrics-ganglia/3.2.5/metrics-ganglia-3.2.5.jar:/home/user/.m2/repository/info/ganglia/gmetric4j/gmetric4j/1.0.7/gmetric4j-1.0.7.jar:/home/user/.m2/repository/org/apache/ratis/ratis-netty/0.5.0-201fc85-SNAPSHOT/ratis-netty-0.5.0-201fc85-SNAPSHOT.jar:/home/user/.m2/repository/org/apache/ratis/ratis-grpc/0.5.0-201fc85-SNAPSHOT/ratis-grpc-0.5.0-201fc85-SNAPSHOT.jar:/home/user/.m2/repository/org/rocksdb/rocksdbjni/6.0.1/rocksdbjni-6.0.1.jar:/home/user/.m2/repository/org/apache/logging/log4j/log4j-api/2.11.0/log4j-api-2.11.0.jar:/home/user/.m2/repository/org/apache/logging/log4j/log4j-core/2.11.0/log4j-core-2.11.0.jar:/home/user/.m2/repository/com/lmax/disruptor/3.4.2/disruptor-3.4.2.jar:/home/user/.m2/repository/org/apache/commons/commons-pool2/2.6.0/commons-pool2-2.6.0.jar:/home/user/.m2/repository/org/bouncycastle/bcpkix-jdk15on/1.60/bcpkix-jdk15on-1.60.jar:/home/user/.m2/repository/commons-validator/commons-validator/1.6/commons-validator-1.6.jar:/home/user/.m2/repository/commons-digester/commons-digester/1.8.1/commons-digester-1.8.1.jar:/home/user/.m2/repository/io/jaegertracing/jaeger-client/0.34.0/jaeger-client-0.34.0.jar:/home/user/.m2/repository/io/jaegertracing/jaeger-thrift/0.34.0/jaeger-thrift-0.34.0.jar:/home/user/.m2/repository/org/apache/thrift/libthrift/0.12.0/libthrift-0.12.0.jar:/home/user/.m2/repository/com/squareup/okhttp3/okhttp/3.9.0/okhttp-3.9.0.jar:/home/user/.m2/repository/com/squareup/okio/okio/1.13.0/okio-1.13.0.jar:/home/user/.m2/repository/io/jaegertracing/jaeger-core/0.34.0/jaeger-core-0.34.0.jar:/home/user/.m2/repository/io/jaegertracing/jaeger-tracerresolver/0.34.0/jaeger-tracerresolver-0.34.0.jar:/home/user/.m2/repository/io/opentracing/contrib/opentracing-tracerresolver/0.1.5/opentracing-tracerresolver-0.1.5.jar:/home/user/.m2/repository/io/opentracing/opentracing-util/0.31.0/opentracing-util-0.31.0.jar:/home/user/.m2/repository/io/opentracing/opentracing-api/0.31.0/opentracing-api-0.31.0.jar:/home/user/.m2/repository/io/opentracing/opentracing-noop/0.31.0/opentracing-noop-0.31.0.jar:/home/user/.m2/repository/org/yaml/snakeyaml/1.16/snakeyaml-1.16.jar:/home/user/.m2/repository/org/apache/hadoop/hadoop-hdds-container-service/0.5.0-SNAPSHOT/hadoop-hdds-container-service-0.5.0-SNAPSHOT.jar:/home/user/.m2/repository/org/apache/hadoop/hadoop-hdds-client/0.5.0-SNAPSHOT/hadoop-hdds-client-0.5.0-SNAPSHOT.jar:/home/user/.m2/repository/org/apache/hadoop/hadoop-hdds-tools/0.5.0-SNAPSHOT/hadoop-hdds-tools-0.5.0-SNAPSHOT.jar:/home/user/.m2/repository/org/xerial/sqlite-jdbc/3.25.2/sqlite-jdbc-3.25.2.jar:/home/user/.m2/repository/org/apache/hadoop/hadoop-hdds-server-scm/0.5.0-SNAPSHOT/hadoop-hdds-server-scm-0.5.0-SNAPSHOT.jar:/home/user/.m2/repository/org/hamcrest/hamcrest-all/1.3/hamcrest-all-1.3.jar:/home/user/.m2/repository/info/picocli/picocli/3.9.6/picocli-3.9.6.jar:/home/user/.m2/repository/com/google/protobuf/protobuf-java/2.5.0/protobuf-java-2.5.0.jar:/home/user/.m2/repository/com/google/guava/guava/11.0.2/guava-11.0.2.jar:/home/user/.m2/repository/org/apache/hadoop/hadoop-ozone-client/0.5.0-SNAPSHOT/hadoop-ozone-client-0.5.0-SNAPSHOT.jar:/workdir/hadoop-ozone/ozonefs/target/classes:/home/user/.m2/repository/org/apache/httpcomponents/httpclient/4.5.2/httpclient-4.5.2.jar:/home/user/.m2/repository/org/apache/httpcomponents/httpcore/4.4.4/httpcore-4.4.4.jar:/home/user/.m2/repository/org/apache/hadoop/hadoop-hdds-server-framework/0.5.0-SNAPSHOT/hadoop-hdds-server-framework-0.5.0-SNAPSHOT.jar:/home/user/.m2/repository/org/apache/hadoop/hadoop-common/3.2.0/hadoop-common-3.2.0.jar:/home/user/.m2/repository/org/apache/hadoop/hadoop-annotations/3.2.0/hadoop-annotations-3.2.0.jar:/usr/lib/jvm/java-1.8-openjdk/jre/../lib/tools.jar:/home/user/.m2/repository/commons-cli/commons-cli/1.2/commons-cli-1.2.jar:/home/user/.m2/repository/org/apache/commons/commons-math3/3.1.1/commons-math3-3.1.1.jar:/home/user/.m2/repository/commons-codec/commons-codec/1.11/commons-codec-1.11.jar:/home/user/.m2/repository/commons-io/commons-io/2.5/commons-io-2.5.jar:/home/user/.m2/repository/commons-net/commons-net/3.6/commons-net-3.6.jar:/home/user/.m2/repository/commons-collections/commons-collections/3.2.2/commons-collections-3.2.2.jar:/home/user/.m2/repository/javax/servlet/javax.servlet-api/3.1.0/javax.servlet-api-3.1.0.jar:/home/user/.m2/repository/org/eclipse/jetty/jetty-server/9.3.25.v20180904/jetty-server-9.3.25.v20180904.jar:/home/user/.m2/repository/org/eclipse/jetty/jetty-http/9.3.25.v20180904/jetty-http-9.3.25.v20180904.jar:/home/user/.m2/repository/org/eclipse/jetty/jetty-io/9.3.25.v20180904/jetty-io-9.3.25.v20180904.jar:/home/user/.m2/repository/org/eclipse/jetty/jetty-util/9.3.25.v20180904/jetty-util-9.3.25.v20180904.jar:/home/user/.m2/repository/org/eclipse/jetty/jetty-servlet/9.3.25.v20180904/jetty-servlet-9.3.25.v20180904.jar:/home/user/.m2/repository/org/eclipse/jetty/jetty-security/9.3.25.v20180904/jetty-security-9.3.25.v20180904.jar:/home/user/.m2/repository/org/eclipse/jetty/jetty-webapp/9.3.25.v20180904/jetty-webapp-9.3.25.v20180904.jar:/home/user/.m2/repository/org/eclipse/jetty/jetty-xml/9.3.25.v20180904/jetty-xml-9.3.25.v20180904.jar:/home/user/.m2/repository/javax/servlet/jsp/jsp-api/2.1/jsp-api-2.1.jar:/home/user/.m2/repository/com/sun/jersey/jersey-core/1.19/jersey-core-1.19.jar:/home/user/.m2/repository/javax/ws/rs/jsr311-api/1.1.1/jsr311-api-1.1.1.jar:/home/user/.m2/repository/com/sun/jersey/jersey-servlet/1.19/jersey-servlet-1.19.jar:/home/user/.m2/repository/com/sun/jersey/jersey-json/1.19/jersey-json-1.19.jar:/home/user/.m2/repository/org/codehaus/jettison/jettison/1.1/jettison-1.1.jar:/home/user/.m2/repository/com/sun/xml/bind/jaxb-impl/2.3.0.1/jaxb-impl-2.3.0.1.jar:/home/user/.m2/repository/org/codehaus/jackson/jackson-core-asl/1.9.13/jackson-core-asl-1.9.13.jar:/home/user/.m2/repository/org/codehaus/jackson/jackson-mapper-asl/1.9.13/jackson-mapper-asl-1.9.13.jar:/home/user/.m2/repository/org/codehaus/jackson/jackson-jaxrs/1.9.13/jackson-jaxrs-1.9.13.jar:/home/user/.m2/repository/org/codehaus/jackson/jackson-xc/1.9.13/jackson-xc-1.9.13.jar:/home/user/.m2/repository/com/sun/jersey/jersey-server/1.19/jersey-server-1.19.jar:/home/user/.m2/repository/commons-logging/commons-logging/1.1.3/commons-logging-1.1.3.jar:/home/user/.m2/repository/log4j/log4j/1.2.17/log4j-1.2.17.jar:/home/user/.m2/repository/commons-beanutils/commons-beanutils/1.9.4/commons-beanutils-1.9.4.jar:/home/user/.m2/repository/org/apache/commons/commons-configuration2/2.1.1/commons-configuration2-2.1.1.jar:/home/user/.m2/repository/org/apache/commons/commons-lang3/3.7/commons-lang3-3.7.jar:/home/user/.m2/repository/org/apache/commons/commons-text/1.4/commons-text-1.4.jar:/home/user/.m2/repository/org/slf4j/slf4j-api/1.7.25/slf4j-api-1.7.25.jar:/home/user/.m2/repository/org/slf4j/slf4j-log4j12/1.7.25/slf4j-log4j12-1.7.25.jar:/home/user/.m2/repository/org/apache/avro/avro/1.7.7/avro-1.7.7.jar:/home/user/.m2/repository/com/thoughtworks/paranamer/paranamer/2.3/paranamer-2.3.jar:/home/user/.m2/repository/org/xerial/snappy/snappy-java/1.0.5/snappy-java-1.0.5.jar:/home/user/.m2/repository/com/google/re2j/re2j/1.1/re2j-1.1.jar:/home/user/.m2/repository/com/google/code/gson/gson/2.2.4/gson-2.2.4.jar:/home/user/.m2/repository/org/apache/hadoop/hadoop-auth/3.2.0/hadoop-auth-3.2.0.jar:/home/user/.m2/repository/com/nimbusds/nimbus-jose-jwt/4.41.1/nimbus-jose-jwt-4.41.1.jar:/home/user/.m2/repository/com/github/stephenc/jcip/jcip-annotations/1.0-1/jcip-annotations-1.0-1.jar:/home/user/.m2/repository/net/minidev/json-smart/2.3/json-smart-2.3.jar:/home/user/.m2/repository/net/minidev/accessors-smart/1.2/accessors-smart-1.2.jar:/home/user/.m2/repository/org/apache/curator/curator-framework/2.12.0/curator-framework-2.12.0.jar:/home/user/.m2/repository/com/jcraft/jsch/0.1.54/jsch-0.1.54.jar:/home/user/.m2/repository/org/apache/curator/curator-client/2.12.0/curator-client-2.12.0.jar:/home/user/.m2/repository/org/apache/curator/curator-recipes/2.12.0/curator-recipes-2.12.0.jar:/home/user/.m2/repository/com/google/code/findbugs/jsr305/3.0.0/jsr305-3.0.0.jar:/home/user/.m2/repository/org/apache/htrace/htrace-core4/4.1.0-incubating/htrace-core4-4.1.0-incubating.jar:/home/user/.m2/repository/org/apache/zookeeper/zookeeper/3.4.13/zookeeper-3.4.13.jar:/home/user/.m2/repository/jline/jline/0.9.94/jline-0.9.94.jar:/home/user/.m2/repository/org/apache/yetus/audience-annotations/0.5.0/audience-annotations-0.5.0.jar:/home/user/.m2/repository/org/apache/kerby/kerb-simplekdc/1.0.1/kerb-simplekdc-1.0.1.jar:/home/user/.m2/repository/org/apache/kerby/kerb-client/1.0.1/kerb-client-1.0.1.jar:/home/user/.m2/repository/org/apache/kerby/kerby-config/1.0.1/kerby-config-1.0.1.jar:/home/user/.m2/repository/org/apache/kerby/kerb-core/1.0.1/kerb-core-1.0.1.jar:/home/user/.m2/repository/org/apache/kerby/kerby-pkix/1.0.1/kerby-pkix-1.0.1.jar:/home/user/.m2/repository/org/apache/kerby/kerby-asn1/1.0.1/kerby-asn1-1.0.1.jar:/home/user/.m2/repository/org/apache/kerby/kerby-util/1.0.1/kerby-util-1.0.1.jar:/home/user/.m2/repository/org/apache/kerby/kerb-common/1.0.1/kerb-common-1.0.1.jar:/home/user/.m2/repository/org/apache/kerby/kerb-crypto/1.0.1/kerb-crypto-1.0.1.jar:/home/user/.m2/repository/org/apache/kerby/kerb-util/1.0.1/kerb-util-1.0.1.jar:/home/user/.m2/repository/org/apache/kerby/token-provider/1.0.1/token-provider-1.0.1.jar:/home/user/.m2/repository/org/apache/kerby/kerb-admin/1.0.1/kerb-admin-1.0.1.jar:/home/user/.m2/repository/org/apache/kerby/kerb-server/1.0.1/kerb-server-1.0.1.jar:/home/user/.m2/repository/org/apache/kerby/kerb-identity/1.0.1/kerb-identity-1.0.1.jar:/home/user/.m2/repository/org/apache/kerby/kerby-xdr/1.0.1/kerby-xdr-1.0.1.jar:/home/user/.m2/repository/com/fasterxml/jackson/core/jackson-databind/2.9.9/jackson-databind-2.9.9.jar:/home/user/.m2/repository/com/fasterxml/jackson/core/jackson-core/2.9.9/jackson-core-2.9.9.jar:/home/user/.m2/repository/org/codehaus/woodstox/stax2-api/3.1.4/stax2-api-3.1.4.jar:/home/user/.m2/repository/com/fasterxml/woodstox/woodstox-core/5.0.3/woodstox-core-5.0.3.jar:/home/user/.m2/repository/dnsjava/dnsjava/2.1.7/dnsjava-2.1.7.jar:/home/user/.m2/repository/org/apache/hadoop/hadoop-hdfs/3.2.0/hadoop-hdfs-3.2.0.jar:/home/user/.m2/repository/org/eclipse/jetty/jetty-util-ajax/9.3.25.v20180904/jetty-util-ajax-9.3.25.v20180904.jar:/home/user/.m2/repository/commons-daemon/commons-daemon/1.0.13/commons-daemon-1.0.13.jar:/home/user/.m2/repository/io/netty/netty/3.10.5.Final/netty-3.10.5.Final.jar:/home/user/.m2/repository/io/netty/netty-all/4.0.52.Final/netty-all-4.0.52.Final.jar:/home/user/.m2/repository/org/fusesource/leveldbjni/leveldbjni-all/1.8/leveldbjni-all-1.8.jar:/home/user/.m2/repository/com/sun/xml/bind/jaxb-core/2.3.0.1/jaxb-core-2.3.0.1.jar:/home/user/.m2/repository/javax/xml/bind/jaxb-api/2.3.0/jaxb-api-2.3.0.jar:/home/user/.m2/repository/javax/activation/activation/1.1.1/activation-1.1.1.jar:/home/user/.m2/repository/io/dropwizard/metrics/metrics-core/3.2.4/metrics-core-3.2.4.jar:/home/user/.m2/repository/org/openjdk/jmh/jmh-core/1.19/jmh-core-1.19.jar:/home/user/.m2/repository/net/sf/jopt-simple/jopt-simple/4.6/jopt-simple-4.6.jar:/home/user/.m2/repository/org/openjdk/jmh/jmh-generator-annprocess/1.19/jmh-generator-annprocess-1.19.jar:/home/user/.m2/repository/com/amazonaws/aws-java-sdk-s3/1.11.615/aws-java-sdk-s3-1.11.615.jar:/home/user/.m2/repository/com/amazonaws/aws-java-sdk-kms/1.11.615/aws-java-sdk-kms-1.11.615.jar:/home/user/.m2/repository/com/amazonaws/aws-java-sdk-core/1.11.615/aws-java-sdk-core-1.11.615.jar:/home/user/.m2/repository/software/amazon/ion/ion-java/1.0.2/ion-java-1.0.2.jar:/home/user/.m2/repository/com/fasterxml/jackson/dataformat/jackson-dataformat-cbor/2.9.9/jackson-dataformat-cbor-2.9.9.jar:/home/user/.m2/repository/joda-time/joda-time/2.9.9/joda-time-2.9.9.jar:/home/user/.m2/repository/com/amazonaws/jmespath-java/1.11.615/jmespath-java-1.11.615.jar:/home/user/.m2/repository/com/github/spotbugs/spotbugs/3.1.12/spotbugs-3.1.12.jar:/home/user/.m2/repository/org/ow2/asm/asm/5.0.4/asm-5.0.4.jar:/home/user/.m2/repository/org/ow2/asm/asm-analysis/7.0/asm-analysis-7.0.jar:/home/user/.m2/repository/org/ow2/asm/asm-commons/7.0/asm-commons-7.0.jar:/home/user/.m2/repository/org/ow2/asm/asm-tree/7.0/asm-tree-7.0.jar:/home/user/.m2/repository/org/ow2/asm/asm-util/7.0/asm-util-7.0.jar:/home/user/.m2/repository/org/apache/bcel/bcel/6.3/bcel-6.3.jar:/home/user/.m2/repository/net/jcip/jcip-annotations/1.0/jcip-annotations-1.0.jar:/home/user/.m2/repository/org/dom4j/dom4j/2.1.1/dom4j-2.1.1.jar:/home/user/.m2/repository/jaxen/jaxen/1.1.6/jaxen-1.1.6.jar:/home/user/.m2/repository/commons-lang/commons-lang/2.6/commons-lang-2.6.jar:/home/user/.m2/repository/com/github/spotbugs/spotbugs-annotations/3.1.12/spotbugs-annotations-3.1.12.jar:/home/user/.m2/repository/junit/junit/4.11/junit-4.11.jar:/home/user/.m2/repository/org/hamcrest/hamcrest-core/1.3/hamcrest-core-1.3.jar:/home/user/.m2/repository/org/apache/hadoop/hadoop-common/3.2.0/hadoop-common-3.2.0-tests.jar:/workdir/hadoop-ozone/integration-test/target/test-classes:/home/user/.m2/repository/org/apache/hadoop/hadoop-ozone-s3gateway/0.5.0-SNAPSHOT/hadoop-ozone-s3gateway-0.5.0-SNAPSHOT.jar:/home/user/.m2/repository/org/jboss/weld/servlet/weld-servlet/2.4.7.Final/weld-servlet-2.4.7.Final.jar:/home/user/.m2/repository/org/glassfish/jersey/containers/jersey-container-servlet-core/2.27/jersey-container-servlet-core-2.27.jar:/home/user/.m2/repository/org/glassfish/hk2/external/javax.inject/2.5.0-b42/javax.inject-2.5.0-b42.jar:/home/user/.m2/repository/org/glassfish/jersey/core/jersey-common/2.27/jersey-common-2.27.jar:/home/user/.m2/repository/org/glassfish/hk2/osgi-resource-locator/1.0.1/osgi-resource-locator-1.0.1.jar:/home/user/.m2/repository/javax/ws/rs/javax.ws.rs-api/2.1/javax.ws.rs-api-2.1.jar:/home/user/.m2/repository/org/glassfish/jersey/ext/cdi/jersey-cdi1x/2.27/jersey-cdi1x-2.27.jar:/home/user/.m2/repository/org/glassfish/jersey/inject/jersey-hk2/2.27/jersey-hk2-2.27.jar:/home/user/.m2/repository/org/glassfish/hk2/hk2-locator/2.5.0-b42/hk2-locator-2.5.0-b42.jar:/home/user/.m2/repository/org/javassist/javassist/3.22.0-CR2/javassist-3.22.0-CR2.jar:/home/user/.m2/repository/org/glassfish/hk2/hk2-api/2.5.0/hk2-api-2.5.0.jar:/home/user/.m2/repository/org/glassfish/hk2/external/jakarta.inject/2.5.0/jakarta.inject-2.5.0.jar:/home/user/.m2/repository/org/glassfish/hk2/hk2-utils/2.5.0/hk2-utils-2.5.0.jar:/home/user/.m2/repository/jakarta/annotation/jakarta.annotation-api/1.3.4/jakarta.annotation-api-1.3.4.jar:/home/user/.m2/repository/org/glassfish/hk2/external/aopalliance-repackaged/2.5.0/aopalliance-repackaged-2.5.0.jar:/home/user/.m2/repository/com/fasterxml/jackson/dataformat/jackson-dataformat-xml/2.9.0/jackson-dataformat-xml-2.9.0.jar:/home/user/.m2/repository/com/fasterxml/jackson/module/jackson-module-jaxb-annotations/2.9.9/jackson-module-jaxb-annotations-2.9.9.jar:/home/user/.m2/repository/javax/enterprise/cdi-api/1.2/cdi-api-1.2.jar:/home/user/.m2/repository/javax/el/javax.el-api/3.0.0/javax.el-api-3.0.0.jar:/home/user/.m2/repository/javax/interceptor/javax.interceptor-api/1.2/javax.interceptor-api-1.2.jar:/home/user/.m2/repository/javax/inject/javax.inject/1/javax.inject-1.jar:/home/user/.m2/repository/org/apache/hadoop/hadoop-ozone-csi/0.5.0-SNAPSHOT/hadoop-ozone-csi-0.5.0-SNAPSHOT.jar:/home/user/.m2/repository/com/google/protobuf/protobuf-java-util/3.5.1/protobuf-java-util-3.5.1.jar:/home/user/.m2/repository/io/grpc/grpc-netty/1.17.1/grpc-netty-1.17.1.jar:/home/user/.m2/repository/io/grpc/grpc-core/1.17.1/grpc-core-1.17.1.jar:/home/user/.m2/repository/io/grpc/grpc-context/1.17.1/grpc-context-1.17.1.jar:/home/user/.m2/repository/com/google/errorprone/error_prone_annotations/2.2.0/error_prone_annotations-2.2.0.jar:/home/user/.m2/repository/org/codehaus/mojo/animal-sniffer-annotations/1.17/animal-sniffer-annotations-1.17.jar:/home/user/.m2/repository/io/opencensus/opencensus-api/0.17.0/opencensus-api-0.17.0.jar:/home/user/.m2/repository/io/opencensus/opencensus-contrib-grpc-metrics/0.17.0/opencensus-contrib-grpc-metrics-0.17.0.jar:/home/user/.m2/repository/io/netty/netty-codec-http2/4.1.30.Final/netty-codec-http2-4.1.30.Final.jar:/home/user/.m2/repository/io/netty/netty-codec-http/4.1.30.Final/netty-codec-http-4.1.30.Final.jar:/home/user/.m2/repository/io/netty/netty-codec/4.1.30.Final/netty-codec-4.1.30.Final.jar:/home/user/.m2/repository/io/netty/netty-handler/4.1.30.Final/netty-handler-4.1.30.Final.jar:/home/user/.m2/repository/io/netty/netty-handler-proxy/4.1.30.Final/netty-handler-proxy-4.1.30.Final.jar:/home/user/.m2/repository/io/netty/netty-codec-socks/4.1.30.Final/netty-codec-socks-4.1.30.Final.jar:/home/user/.m2/repository/io/netty/netty-transport-native-epoll/4.1.30.Final/netty-transport-native-epoll-4.1.30.Final.jar:/home/user/.m2/repository/io/netty/netty-common/4.1.30.Final/netty-common-4.1.30.Final.jar:/home/user/.m2/repository/io/netty/netty-buffer/4.1.30.Final/netty-buffer-4.1.30.Final.jar:/home/user/.m2/repository/io/netty/netty-transport/4.1.30.Final/netty-transport-4.1.30.Final.jar:/home/user/.m2/repository/io/netty/netty-resolver/4.1.30.Final/netty-resolver-4.1.30.Final.jar:/home/user/.m2/repository/io/netty/netty-transport-native-unix-common/4.1.30.Final/netty-transport-native-unix-common-4.1.30.Final.jar:/home/user/.m2/repository/io/grpc/grpc-protobuf/1.17.1/grpc-protobuf-1.17.1.jar:/home/user/.m2/repository/com/google/api/grpc/proto-google-common-protos/1.0.0/proto-google-common-protos-1.0.0.jar:/home/user/.m2/repository/io/grpc/grpc-protobuf-lite/1.17.1/grpc-protobuf-lite-1.17.1.jar:/home/user/.m2/repository/io/grpc/grpc-stub/1.17.1/grpc-stub-1.17.1.jar:/home/user/.m2/repository/org/apache/hadoop/hadoop-ozone-recon/0.5.0-SNAPSHOT/hadoop-ozone-recon-0.5.0-SNAPSHOT.jar:/home/user/.m2/repository/org/apache/hadoop/hadoop-ozone-reconcodegen/0.5.0-SNAPSHOT/hadoop-ozone-reconcodegen-0.5.0-SNAPSHOT.jar:/home/user/.m2/repository/com/google/inject/extensions/guice-multibindings/4.0/guice-multibindings-4.0.jar:/home/user/.m2/repository/com/google/inject/guice/4.0/guice-4.0.jar:/home/user/.m2/repository/aopalliance/aopalliance/1.0/aopalliance-1.0.jar:/home/user/.m2/repository/com/google/inject/extensions/guice-servlet/4.0/guice-servlet-4.0.jar:/home/user/.m2/repository/org/glassfish/jersey/containers/jersey-container-servlet/2.27/jersey-container-servlet-2.27.jar:/home/user/.m2/repository/org/glassfish/hk2/guice-bridge/2.5.0/guice-bridge-2.5.0.jar:/home/user/.m2/repository/org/glassfish/jersey/core/jersey-server/2.27/jersey-server-2.27.jar:/home/user/.m2/repository/org/glassfish/jersey/core/jersey-client/2.27/jersey-client-2.27.jar:/home/user/.m2/repository/org/glassfish/jersey/media/jersey-media-jaxb/2.27/jersey-media-jaxb-2.27.jar:/home/user/.m2/repository/javax/validation/validation-api/1.1.0.Final/validation-api-1.1.0.Final.jar:/home/user/.m2/repository/org/glassfish/jersey/media/jersey-media-json-jackson/2.27/jersey-media-json-jackson-2.27.jar:/home/user/.m2/repository/org/glassfish/jersey/ext/jersey-entity-filtering/2.27/jersey-entity-filtering-2.27.jar:/home/user/.m2/repository/com/google/inject/extensions/guice-assistedinject/4.0/guice-assistedinject-4.0.jar:/home/user/.m2/repository/org/jooq/jooq/3.11.10/jooq-3.11.10.jar:/home/user/.m2/repository/org/jooq/jooq-meta/3.11.10/jooq-meta-3.11.10.jar:/home/user/.m2/repository/org/jooq/jooq-codegen/3.11.10/jooq-codegen-3.11.10.jar:/home/user/.m2/repository/com/jolbox/bonecp/0.8.0.RELEASE/bonecp-0.8.0.RELEASE.jar:/home/user/.m2/repository/org/springframework/spring-jdbc/5.1.3.RELEASE/spring-jdbc-5.1.3.RELEASE.jar:/home/user/.m2/repository/org/springframework/spring-beans/5.1.3.RELEASE/spring-beans-5.1.3.RELEASE.jar:/home/user/.m2/repository/org/springframework/spring-core/5.1.3.RELEASE/spring-core-5.1.3.RELEASE.jar:/home/user/.m2/repository/org/springframework/spring-jcl/5.1.3.RELEASE/spring-jcl-5.1.3.RELEASE.jar:/home/user/.m2/repository/org/springframework/spring-tx/5.1.3.RELEASE/spring-tx-5.1.3.RELEASE.jar:/home/user/.m2/repository/org/mockito/mockito-core/2.15.0/mockito-core-2.15.0.jar:/home/user/.m2/repository/net/bytebuddy/byte-buddy/1.7.9/byte-buddy-1.7.9.jar:/home/user/.m2/repository/net/bytebuddy/byte-buddy-agent/1.7.9/byte-buddy-agent-1.7.9.jar:/home/user/.m2/repository/org/objenesis/objenesis/1.0/objenesis-1.0.jar:"/>
    <property name="sun.cpu.endian" value="little"/>
    <property name="user.home" value="/home/user"/>
    <property name="user.language" value="en"/>
    <property name="java.specification.vendor" value="Oracle Corporation"/>
    <property name="java.home" value="/usr/lib/jvm/java-1.8-openjdk/jre"/>
    <property name="java.security.krb5.conf" value="/workdir/hadoop-ozone/tools/target/test-classes/krb5.conf"/>
    <property name="basedir" value="/workdir/hadoop-ozone/tools"/>
    <property name="file.separator" value="/"/>
    <property name="line.separator" value="&#10;"/>
    <property name="java.vm.specification.vendor" value="Oracle Corporation"/>
    <property name="java.specification.name" value="Java Platform API Specification"/>
    <property name="java.awt.graphicsenv" value="sun.awt.X11GraphicsEnvironment"/>
    <property name="surefire.real.class.path" value="/workdir/hadoop-ozone/tools/target/surefire/surefirebooter7247789224243922577.jar"/>
    <property name="hadoop.log.dir" value="/workdir/hadoop-ozone/tools/target/log"/>
    <property name="sun.boot.class.path" value="/usr/lib/jvm/java-1.8-openjdk/jre/lib/resources.jar:/usr/lib/jvm/java-1.8-openjdk/jre/lib/rt.jar:/usr/lib/jvm/java-1.8-openjdk/jre/lib/sunrsasign.jar:/usr/lib/jvm/java-1.8-openjdk/jre/lib/jsse.jar:/usr/lib/jvm/java-1.8-openjdk/jre/lib/jce.jar:/usr/lib/jvm/java-1.8-openjdk/jre/lib/charsets.jar:/usr/lib/jvm/java-1.8-openjdk/jre/lib/jfr.jar:/usr/lib/jvm/java-1.8-openjdk/jre/classes"/>
    <property name="sun.management.compiler" value="HotSpot 64-Bit Tiered Compilers"/>
    <property name="java.runtime.version" value="1.8.0_212-b04"/>
    <property name="java.net.preferIPv4Stack" value="true"/>
    <property name="user.name" value="jenkins1000"/>
    <property name="path.separator" value=":"/>
    <property name="java.security.egd" value="file:///dev/urandom"/>
    <property name="os.version" value="3.10.0-957.12.2.el7.x86_64"/>
    <property name="java.endorsed.dirs" value="/usr/lib/jvm/java-1.8-openjdk/jre/lib/endorsed"/>
    <property name="java.runtime.name" value="OpenJDK Runtime Environment"/>
    <property name="file.encoding" value="UTF-8"/>
    <property name="java.vm.name" value="OpenJDK 64-Bit Server VM"/>
    <property name="test.build.webapps" value=""/>
    <property name="localRepository" value="/home/user/.m2/repository"/>
    <property name="java.vendor.url.bug" value="https://icedtea.classpath.org/bugzilla"/>
    <property name="java.io.tmpdir" value="/tmp"/>
    <property name="require.test.libhadoop" value=""/>
    <property name="java.version" value="1.8.0_212"/>
    <property name="user.dir" value="/workdir/hadoop-ozone/tools"/>
    <property name="os.arch" value="amd64"/>
    <property name="java.vm.specification.name" value="Java Virtual Machine Specification"/>
    <property name="test.build.classes" value="/workdir/hadoop-ozone/tools/target/test-classes"/>
    <property name="java.awt.printerjob" value="sun.print.PSPrinterJob"/>
    <property name="sun.os.patch.level" value="unknown"/>
    <property name="hadoop.tmp.dir" value="/workdir/hadoop-ozone/tools/target/tmp"/>
    <property name="java.library.path" value="/usr/lib/jvm/java-1.8-openjdk/jre/lib/amd64/server:/usr/lib/jvm/java-1.8-openjdk/jre/lib/amd64:/usr/lib/jvm/java-1.8-openjdk/jre/../lib/amd64:/workdir/hadoop-ozone/tools/target/native/target/usr/local/lib:/workdir/hadoop-ozone/tools/../../hadoop-common-project/hadoop-common/target/native/target/usr/local/lib:/usr/java/packages/lib/amd64:/usr/lib64:/lib64:/lib:/usr/lib"/>
    <property name="java.vm.info" value="mixed mode"/>
    <property name="java.vendor" value="IcedTea"/>
    <property name="java.vm.version" value="25.212-b04"/>
    <property name="java.ext.dirs" value="/usr/lib/jvm/java-1.8-openjdk/jre/lib/ext:/usr/java/packages/lib/ext"/>
    <property name="sun.io.unicode.encoding" value="UnicodeLittle"/>
    <property name="java.class.version" value="52.0"/>
  </properties>
  <testcase name="ratisTest3" classname="org.apache.hadoop.ozone.freon.TestRandomKeyGenerator" time="20.598"/>
  <testcase name="testThreadPoolSize" classname="org.apache.hadoop.ozone.freon.TestRandomKeyGenerator" time="5.051"/>
  <testcase name="defaultTest" classname="org.apache.hadoop.ozone.freon.TestRandomKeyGenerator" time="5.036"/>
  <testcase name="bigFileThan2GB" classname="org.apache.hadoop.ozone.freon.TestRandomKeyGenerator" time="114.237"/>
  <testcase name="fileWithSizeZero" classname="org.apache.hadoop.ozone.freon.TestRandomKeyGenerator" time="5.061"/>
  <testcase name="multiThread" classname="org.apache.hadoop.ozone.freon.TestRandomKeyGenerator" time="15.038">
    <error message="Allocated 0 blocks. Requested 1 blocks" type="INTERNAL_ERROR org.apache.hadoop.ozone.om.exceptions.OMException">INTERNAL_ERROR org.apache.hadoop.ozone.om.exceptions.OMException: Allocated 0 blocks. Requested 1 blocks
	at org.apache.hadoop.ozone.om.protocolPB.OzoneManagerProtocolClientSideTranslatorPB.handleError(OzoneManagerProtocolClientSideTranslatorPB.java:732)
	at org.apache.hadoop.ozone.om.protocolPB.OzoneManagerProtocolClientSideTranslatorPB.allocateBlock(OzoneManagerProtocolClientSideTranslatorPB.java:764)
	at sun.reflect.GeneratedMethodAccessor426.invoke(Unknown Source)
	at sun.reflect.DelegatingMethodAccessorImpl.invoke(DelegatingMethodAccessorImpl.java:43)
	at java.lang.reflect.Method.invoke(Method.java:498)
	at org.apache.hadoop.hdds.tracing.TraceAllMethod.invoke(TraceAllMethod.java:66)
	at com.sun.proxy.$Proxy37.allocateBlock(Unknown Source)
	at org.apache.hadoop.ozone.client.io.BlockOutputStreamEntryPool.allocateNewBlock(BlockOutputStreamEntryPool.java:248)
	at org.apache.hadoop.ozone.client.io.BlockOutputStreamEntryPool.allocateBlockIfNeeded(BlockOutputStreamEntryPool.java:296)
	at org.apache.hadoop.ozone.client.io.KeyOutputStream.handleWrite(KeyOutputStream.java:198)
	at org.apache.hadoop.ozone.client.io.KeyOutputStream.handleRetry(KeyOutputStream.java:375)
	at org.apache.hadoop.ozone.client.io.KeyOutputStream.handleException(KeyOutputStream.java:324)
	at org.apache.hadoop.ozone.client.io.KeyOutputStream.handleFlushOrClose(KeyOutputStream.java:449)
	at org.apache.hadoop.ozone.client.io.KeyOutputStream.close(KeyOutputStream.java:473)
	at org.apache.hadoop.ozone.client.io.OzoneOutputStream.close(OzoneOutputStream.java:60)
	at org.apache.hadoop.ozone.freon.RandomKeyGenerator.createKey(RandomKeyGenerator.java:710)
	at org.apache.hadoop.ozone.freon.RandomKeyGenerator.access$1100(RandomKeyGenerator.java:88)
	at org.apache.hadoop.ozone.freon.RandomKeyGenerator$ObjectCreator.run(RandomKeyGenerator.java:615)
	at java.util.concurrent.Executors$RunnableAdapter.call(Executors.java:511)
	at java.util.concurrent.FutureTask.run(FutureTask.java:266)
	at java.util.concurrent.ThreadPoolExecutor.runWorker(ThreadPoolExecutor.java:1149)
	at java.util.concurrent.ThreadPoolExecutor$Worker.run(ThreadPoolExecutor.java:624)
	at java.lang.Thread.run(Thread.java:748)
</error>
    <system-out><![CDATA[2019-10-02 07:29:50,153 [main] INFO  freon.RandomKeyGenerator (RandomKeyGenerator.java:call(283)) - Number of Threads: 10
2019-10-02 07:29:50,153 [main] INFO  freon.RandomKeyGenerator (RandomKeyGenerator.java:call(288)) - Number of Volumes: 10.
2019-10-02 07:29:50,153 [main] INFO  freon.RandomKeyGenerator (RandomKeyGenerator.java:call(289)) - Number of Buckets per Volume: 1.
2019-10-02 07:29:50,153 [main] INFO  freon.RandomKeyGenerator (RandomKeyGenerator.java:call(290)) - Number of Keys per Bucket: 10.
2019-10-02 07:29:50,154 [main] INFO  freon.RandomKeyGenerator (RandomKeyGenerator.java:call(291)) - Key size: 10240 bytes
2019-10-02 07:29:50,154 [main] INFO  freon.RandomKeyGenerator (RandomKeyGenerator.java:call(292)) - Buffer size: 4096 bytes
2019-10-02 07:29:50,154 [main] INFO  freon.RandomKeyGenerator (RandomKeyGenerator.java:call(293)) - validateWrites : false
2019-10-02 07:29:50,155 [pool-792-thread-1] INFO  rpc.RpcClient (RpcClient.java:createVolume(276)) - Creating Volume: vol-0-16940, with jenkins1000 as owner.
2019-10-02 07:29:50,156 [main] INFO  freon.RandomKeyGenerator (RandomKeyGenerator.java:call(313)) - Starting progress bar Thread.
2019-10-02 07:29:50,159 [pool-792-thread-3] INFO  rpc.RpcClient (RpcClient.java:createVolume(276)) - Creating Volume: vol-2-50012, with jenkins1000 as owner.

 0.00% |█                                                                                                    |  0/100 Time: 0:00:002019-10-02 07:29:50,159 [pool-792-thread-4] INFO  rpc.RpcClient (RpcClient.java:createVolume(276)) - Creating Volume: vol-3-56655, with jenkins1000 as owner.
2019-10-02 07:29:50,159 [pool-792-thread-6] INFO  rpc.RpcClient (RpcClient.java:createVolume(276)) - Creating Volume: vol-5-83738, with jenkins1000 as owner.
2019-10-02 07:29:50,159 [pool-792-thread-9] INFO  rpc.RpcClient (RpcClient.java:createVolume(276)) - Creating Volume: vol-8-10705, with jenkins1000 as owner.
2019-10-02 07:29:50,159 [pool-792-thread-5] INFO  rpc.RpcClient (RpcClient.java:createVolume(276)) - Creating Volume: vol-4-09180, with jenkins1000 as owner.
2019-10-02 07:29:50,159 [pool-792-thread-8] INFO  rpc.RpcClient (RpcClient.java:createVolume(276)) - Creating Volume: vol-7-85898, with jenkins1000 as owner.
2019-10-02 07:29:50,159 [pool-792-thread-10] INFO  rpc.RpcClient (RpcClient.java:createVolume(276)) - Creating Volume: vol-9-52806, with jenkins1000 as owner.
2019-10-02 07:29:50,159 [pool-792-thread-2] INFO  rpc.RpcClient (RpcClient.java:createVolume(276)) - Creating Volume: vol-1-89293, with jenkins1000 as owner.
2019-10-02 07:29:50,159 [pool-792-thread-7] INFO  rpc.RpcClient (RpcClient.java:createVolume(276)) - Creating Volume: vol-6-15572, with jenkins1000 as owner.
2019-10-02 07:29:50,164 [IPC Server handler 12 on 46525] INFO  volume.OMVolumeCreateRequest (OMVolumeCreateRequest.java:validateAndUpdateCache(194)) - created volume:vol-1-89293 for user:jenkins1000
2019-10-02 07:29:50,164 [IPC Server handler 3 on 46525] INFO  volume.OMVolumeCreateRequest (OMVolumeCreateRequest.java:validateAndUpdateCache(194)) - created volume:vol-0-16940 for user:jenkins1000
2019-10-02 07:29:50,164 [IPC Server handler 13 on 46525] INFO  volume.OMVolumeCreateRequest (OMVolumeCreateRequest.java:validateAndUpdateCache(194)) - created volume:vol-5-83738 for user:jenkins1000
2019-10-02 07:29:50,164 [IPC Server handler 14 on 46525] INFO  volume.OMVolumeCreateRequest (OMVolumeCreateRequest.java:validateAndUpdateCache(194)) - created volume:vol-8-10705 for user:jenkins1000
2019-10-02 07:29:50,164 [IPC Server handler 11 on 46525] INFO  volume.OMVolumeCreateRequest (OMVolumeCreateRequest.java:validateAndUpdateCache(194)) - created volume:vol-3-56655 for user:jenkins1000
2019-10-02 07:29:50,165 [IPC Server handler 7 on 46525] INFO  volume.OMVolumeCreateRequest (OMVolumeCreateRequest.java:validateAndUpdateCache(194)) - created volume:vol-6-15572 for user:jenkins1000
2019-10-02 07:29:50,164 [IPC Server handler 19 on 46525] INFO  volume.OMVolumeCreateRequest (OMVolumeCreateRequest.java:validateAndUpdateCache(194)) - created volume:vol-4-09180 for user:jenkins1000
2019-10-02 07:29:50,164 [IPC Server handler 1 on 46525] INFO  volume.OMVolumeCreateRequest (OMVolumeCreateRequest.java:validateAndUpdateCache(194)) - created volume:vol-7-85898 for user:jenkins1000
2019-10-02 07:29:50,164 [IPC Server handler 18 on 46525] INFO  volume.OMVolumeCreateRequest (OMVolumeCreateRequest.java:validateAndUpdateCache(194)) - created volume:vol-2-50012 for user:jenkins1000
2019-10-02 07:29:50,165 [IPC Server handler 6 on 46525] INFO  volume.OMVolumeCreateRequest (OMVolumeCreateRequest.java:validateAndUpdateCache(194)) - created volume:vol-9-52806 for user:jenkins1000
2019-10-02 07:29:50,171 [pool-792-thread-1] INFO  rpc.RpcClient (RpcClient.java:createBucket(415)) - Creating Bucket: vol-1-89293/bucket-0-77007, with Versioning false and Storage Type set to DISK and Encryption set to false 
2019-10-02 07:29:50,175 [pool-792-thread-8] INFO  rpc.RpcClient (RpcClient.java:createBucket(415)) - Creating Bucket: vol-4-09180/bucket-0-68236, with Versioning false and Storage Type set to DISK and Encryption set to false 
2019-10-02 07:29:50,182 [pool-792-thread-3] INFO  rpc.RpcClient (RpcClient.java:createBucket(415)) - Creating Bucket: vol-7-85898/bucket-0-13638, with Versioning false and Storage Type set to DISK and Encryption set to false 
2019-10-02 07:29:50,184 [pool-792-thread-10] INFO  rpc.RpcClient (RpcClient.java:createBucket(415)) - Creating Bucket: vol-8-10705/bucket-0-87279, with Versioning false and Storage Type set to DISK and Encryption set to false 
2019-10-02 07:29:50,184 [pool-792-thread-2] INFO  rpc.RpcClient (RpcClient.java:createBucket(415)) - Creating Bucket: vol-0-16940/bucket-0-98253, with Versioning false and Storage Type set to DISK and Encryption set to false 
2019-10-02 07:29:50,184 [pool-792-thread-7] INFO  rpc.RpcClient (RpcClient.java:createBucket(415)) - Creating Bucket: vol-9-52806/bucket-0-11034, with Versioning false and Storage Type set to DISK and Encryption set to false 
2019-10-02 07:29:50,185 [pool-792-thread-9] INFO  rpc.RpcClient (RpcClient.java:createBucket(415)) - Creating Bucket: vol-2-50012/bucket-0-69406, with Versioning false and Storage Type set to DISK and Encryption set to false 
2019-10-02 07:29:50,185 [pool-792-thread-5] INFO  rpc.RpcClient (RpcClient.java:createBucket(415)) - Creating Bucket: vol-3-56655/bucket-0-45762, with Versioning false and Storage Type set to DISK and Encryption set to false 
2019-10-02 07:29:50,185 [pool-792-thread-4] INFO  rpc.RpcClient (RpcClient.java:createBucket(415)) - Creating Bucket: vol-5-83738/bucket-0-41395, with Versioning false and Storage Type set to DISK and Encryption set to false 
2019-10-02 07:29:50,193 [pool-792-thread-6] INFO  rpc.RpcClient (RpcClient.java:createBucket(415)) - Creating Bucket: vol-6-15572/bucket-0-07188, with Versioning false and Storage Type set to DISK and Encryption set to false 
 28.00% |█████████████████████████████                                                                        |  28/100 Time: 0:00:01 28.00% |█████████████████████████████                                                                        |  28/100 Time: 0:00:02 28.00% |█████████████████████████████                                                                        |  28/100 Time: 0:00:032019-10-02 07:29:53,453 [java.util.concurrent.ThreadPoolExecutor$Worker@567589bc[State = -1, empty queue]] WARN  server.GrpcLogAppender (GrpcLogAppender.java:timeoutAppendRequest(200)) - 9c5e677a-9b0d-46c7-bf4a-7f09c688b1c4@group-0164058DC47A->a4bff7ee-65a9-4bf0-993e-899fcfcb4e33-GrpcLogAppender: appendEntries Timeout, request=9c5e677a-9b0d-46c7-bf4a-7f09c688b1c4->a4bff7ee-65a9-4bf0-993e-899fcfcb4e33#8864-t1, previous=(t:1, i:8838), leaderCommit=8836, initializing? false, entries: size=1, first=(t:1, i:8839), METADATAENTRY(c8835)
2019-10-02 07:29:53,453 [java.util.concurrent.ThreadPoolExecutor$Worker@6a9c3b[State = -1, empty queue]] WARN  server.GrpcLogAppender (GrpcLogAppender.java:timeoutAppendRequest(200)) - 9c5e677a-9b0d-46c7-bf4a-7f09c688b1c4@group-0164058DC47A->7c9b5175-d081-4d15-9961-4174fa06288a-GrpcLogAppender: appendEntries Timeout, request=9c5e677a-9b0d-46c7-bf4a-7f09c688b1c4->7c9b5175-d081-4d15-9961-4174fa06288a#8865-t1, previous=(t:1, i:8839), leaderCommit=8836, initializing? false, entries: size=1, first=(t:1, i:8840), METADATAENTRY(c8836)
2019-10-02 07:29:53,454 [java.util.concurrent.ThreadPoolExecutor$Worker@567589bc[State = -1, empty queue]] WARN  server.GrpcLogAppender (GrpcLogAppender.java:timeoutAppendRequest(200)) - 9c5e677a-9b0d-46c7-bf4a-7f09c688b1c4@group-0164058DC47A->a4bff7ee-65a9-4bf0-993e-899fcfcb4e33-GrpcLogAppender: appendEntries Timeout, request=9c5e677a-9b0d-46c7-bf4a-7f09c688b1c4->a4bff7ee-65a9-4bf0-993e-899fcfcb4e33#8865-t1, previous=(t:1, i:8839), leaderCommit=8836, initializing? false, entries: size=1, first=(t:1, i:8840), METADATAENTRY(c8836)
2019-10-02 07:29:53,460 [java.util.concurrent.ThreadPoolExecutor$Worker@6a9c3b[State = -1, empty queue]] WARN  server.GrpcLogAppender (GrpcLogAppender.java:timeoutAppendRequest(200)) - 9c5e677a-9b0d-46c7-bf4a-7f09c688b1c4@group-0164058DC47A->7c9b5175-d081-4d15-9961-4174fa06288a-GrpcLogAppender: appendEntries Timeout, request=9c5e677a-9b0d-46c7-bf4a-7f09c688b1c4->7c9b5175-d081-4d15-9961-4174fa06288a#8866-t1, previous=(t:1, i:8840), leaderCommit=8837, initializing? false, entries: size=1, first=(t:1, i:8841), STATEMACHINELOGENTRY, client-48BF89847230, cid=5801
2019-10-02 07:29:53,464 [java.util.concurrent.ThreadPoolExecutor$Worker@6a9c3b[State = -1, empty queue]] WARN  server.GrpcLogAppender (GrpcLogAppender.java:timeoutAppendRequest(200)) - 9c5e677a-9b0d-46c7-bf4a-7f09c688b1c4@group-0164058DC47A->7c9b5175-d081-4d15-9961-4174fa06288a-GrpcLogAppender: appendEntries Timeout, request=9c5e677a-9b0d-46c7-bf4a-7f09c688b1c4->7c9b5175-d081-4d15-9961-4174fa06288a#8867-t1, previous=(t:1, i:8841), leaderCommit=8837, initializing? false, entries: size=1, first=(t:1, i:8842), STATEMACHINELOGENTRY, client-48BF89847230, cid=5802
2019-10-02 07:29:53,464 [java.util.concurrent.ThreadPoolExecutor$Worker@567589bc[State = -1, empty queue]] WARN  server.GrpcLogAppender (GrpcLogAppender.java:timeoutAppendRequest(200)) - 9c5e677a-9b0d-46c7-bf4a-7f09c688b1c4@group-0164058DC47A->a4bff7ee-65a9-4bf0-993e-899fcfcb4e33-GrpcLogAppender: appendEntries Timeout, request=9c5e677a-9b0d-46c7-bf4a-7f09c688b1c4->a4bff7ee-65a9-4bf0-993e-899fcfcb4e33#8866-t1, previous=(t:1, i:8840), leaderCommit=8837, initializing? false, entries: size=1, first=(t:1, i:8841), STATEMACHINELOGENTRY, client-48BF89847230, cid=5801
2019-10-02 07:29:53,466 [java.util.concurrent.ThreadPoolExecutor$Worker@6a9c3b[State = -1, empty queue]] WARN  server.GrpcLogAppender (GrpcLogAppender.java:timeoutAppendRequest(200)) - 9c5e677a-9b0d-46c7-bf4a-7f09c688b1c4@group-0164058DC47A->7c9b5175-d081-4d15-9961-4174fa06288a-GrpcLogAppender: appendEntries Timeout, request=9c5e677a-9b0d-46c7-bf4a-7f09c688b1c4->7c9b5175-d081-4d15-9961-4174fa06288a#8868-t1, previous=(t:1, i:8842), leaderCommit=8837, initializing? false, entries: size=1, first=(t:1, i:8843), STATEMACHINELOGENTRY, client-48BF89847230, cid=5803
2019-10-02 07:29:53,468 [java.util.concurrent.ThreadPoolExecutor$Worker@567589bc[State = -1, empty queue]] WARN  server.GrpcLogAppender (GrpcLogAppender.java:timeoutAppendRequest(200)) - 9c5e677a-9b0d-46c7-bf4a-7f09c688b1c4@group-0164058DC47A->a4bff7ee-65a9-4bf0-993e-899fcfcb4e33-GrpcLogAppender: appendEntries Timeout, request=9c5e677a-9b0d-46c7-bf4a-7f09c688b1c4->a4bff7ee-65a9-4bf0-993e-899fcfcb4e33#8867-t1, previous=(t:1, i:8841), leaderCommit=8837, initializing? false, entries: size=1, first=(t:1, i:8842), STATEMACHINELOGENTRY, client-48BF89847230, cid=5802
2019-10-02 07:29:53,470 [java.util.concurrent.ThreadPoolExecutor$Worker@6a9c3b[State = -1, empty queue]] WARN  server.GrpcLogAppender (GrpcLogAppender.java:timeoutAppendRequest(200)) - 9c5e677a-9b0d-46c7-bf4a-7f09c688b1c4@group-0164058DC47A->7c9b5175-d081-4d15-9961-4174fa06288a-GrpcLogAppender: appendEntries Timeout, request=9c5e677a-9b0d-46c7-bf4a-7f09c688b1c4->7c9b5175-d081-4d15-9961-4174fa06288a#8869-t1, previous=(t:1, i:8843), leaderCommit=8837, initializing? false, entries: size=1, first=(t:1, i:8844), STATEMACHINELOGENTRY, client-48BF89847230, cid=5804
2019-10-02 07:29:53,473 [java.util.concurrent.ThreadPoolExecutor$Worker@567589bc[State = -1, empty queue]] WARN  server.GrpcLogAppender (GrpcLogAppender.java:timeoutAppendRequest(200)) - 9c5e677a-9b0d-46c7-bf4a-7f09c688b1c4@group-0164058DC47A->a4bff7ee-65a9-4bf0-993e-899fcfcb4e33-GrpcLogAppender: appendEntries Timeout, request=9c5e677a-9b0d-46c7-bf4a-7f09c688b1c4->a4bff7ee-65a9-4bf0-993e-899fcfcb4e33#8868-t1, previous=(t:1, i:8842), leaderCommit=8837, initializing? false, entries: size=1, first=(t:1, i:8843), STATEMACHINELOGENTRY, client-48BF89847230, cid=5803
2019-10-02 07:29:53,475 [java.util.concurrent.ThreadPoolExecutor$Worker@6a9c3b[State = -1, empty queue]] WARN  server.GrpcLogAppender (GrpcLogAppender.java:timeoutAppendRequest(200)) - 9c5e677a-9b0d-46c7-bf4a-7f09c688b1c4@group-0164058DC47A->7c9b5175-d081-4d15-9961-4174fa06288a-GrpcLogAppender: appendEntries Timeout, request=9c5e677a-9b0d-46c7-bf4a-7f09c688b1c4->7c9b5175-d081-4d15-9961-4174fa06288a#8870-t1, previous=(t:1, i:8844), leaderCommit=8837, initializing? false, entries: size=1, first=(t:1, i:8845), STATEMACHINELOGENTRY, client-48BF89847230, cid=5805
2019-10-02 07:29:53,476 [java.util.concurrent.ThreadPoolExecutor$Worker@567589bc[State = -1, empty queue]] WARN  server.GrpcLogAppender (GrpcLogAppender.java:timeoutAppendRequest(200)) - 9c5e677a-9b0d-46c7-bf4a-7f09c688b1c4@group-0164058DC47A->a4bff7ee-65a9-4bf0-993e-899fcfcb4e33-GrpcLogAppender: appendEntries Timeout, request=9c5e677a-9b0d-46c7-bf4a-7f09c688b1c4->a4bff7ee-65a9-4bf0-993e-899fcfcb4e33#8869-t1, previous=(t:1, i:8843), leaderCommit=8837, initializing? false, entries: size=1, first=(t:1, i:8844), STATEMACHINELOGENTRY, client-48BF89847230, cid=5804
2019-10-02 07:29:53,478 [java.util.concurrent.ThreadPoolExecutor$Worker@6a9c3b[State = -1, empty queue]] WARN  server.GrpcLogAppender (GrpcLogAppender.java:timeoutAppendRequest(200)) - 9c5e677a-9b0d-46c7-bf4a-7f09c688b1c4@group-0164058DC47A->7c9b5175-d081-4d15-9961-4174fa06288a-GrpcLogAppender: appendEntries Timeout, request=9c5e677a-9b0d-46c7-bf4a-7f09c688b1c4->7c9b5175-d081-4d15-9961-4174fa06288a#8871-t1, previous=(t:1, i:8845), leaderCommit=8837, initializing? false, entries: size=1, first=(t:1, i:8846), STATEMACHINELOGENTRY, client-48BF89847230, cid=5806
2019-10-02 07:29:53,479 [java.util.concurrent.ThreadPoolExecutor$Worker@567589bc[State = -1, empty queue]] WARN  server.GrpcLogAppender (GrpcLogAppender.java:timeoutAppendRequest(200)) - 9c5e677a-9b0d-46c7-bf4a-7f09c688b1c4@group-0164058DC47A->a4bff7ee-65a9-4bf0-993e-899fcfcb4e33-GrpcLogAppender: appendEntries Timeout, request=9c5e677a-9b0d-46c7-bf4a-7f09c688b1c4->a4bff7ee-65a9-4bf0-993e-899fcfcb4e33#8870-t1, previous=(t:1, i:8844), leaderCommit=8837, initializing? false, entries: size=1, first=(t:1, i:8845), STATEMACHINELOGENTRY, client-48BF89847230, cid=5805
2019-10-02 07:29:53,480 [java.util.concurrent.ThreadPoolExecutor$Worker@6a9c3b[State = -1, empty queue]] WARN  server.GrpcLogAppender (GrpcLogAppender.java:timeoutAppendRequest(200)) - 9c5e677a-9b0d-46c7-bf4a-7f09c688b1c4@group-0164058DC47A->7c9b5175-d081-4d15-9961-4174fa06288a-GrpcLogAppender: appendEntries Timeout, request=9c5e677a-9b0d-46c7-bf4a-7f09c688b1c4->7c9b5175-d081-4d15-9961-4174fa06288a#8872-t1, previous=(t:1, i:8846), leaderCommit=8837, initializing? false, entries: size=1, first=(t:1, i:8847), STATEMACHINELOGENTRY, client-48BF89847230, cid=5807
2019-10-02 07:29:53,482 [java.util.concurrent.ThreadPoolExecutor$Worker@567589bc[State = -1, empty queue]] WARN  server.GrpcLogAppender (GrpcLogAppender.java:timeoutAppendRequest(200)) - 9c5e677a-9b0d-46c7-bf4a-7f09c688b1c4@group-0164058DC47A->a4bff7ee-65a9-4bf0-993e-899fcfcb4e33-GrpcLogAppender: appendEntries Timeout, request=9c5e677a-9b0d-46c7-bf4a-7f09c688b1c4->a4bff7ee-65a9-4bf0-993e-899fcfcb4e33#8871-t1, previous=(t:1, i:8845), leaderCommit=8837, initializing? false, entries: size=1, first=(t:1, i:8846), STATEMACHINELOGENTRY, client-48BF89847230, cid=5806
2019-10-02 07:29:53,483 [java.util.concurrent.ThreadPoolExecutor$Worker@6a9c3b[State = -1, empty queue]] WARN  server.GrpcLogAppender (GrpcLogAppender.java:timeoutAppendRequest(200)) - 9c5e677a-9b0d-46c7-bf4a-7f09c688b1c4@group-0164058DC47A->7c9b5175-d081-4d15-9961-4174fa06288a-GrpcLogAppender: appendEntries Timeout, request=9c5e677a-9b0d-46c7-bf4a-7f09c688b1c4->7c9b5175-d081-4d15-9961-4174fa06288a#8873-t1, previous=(t:1, i:8847), leaderCommit=8837, initializing? false, entries: size=1, first=(t:1, i:8848), STATEMACHINELOGENTRY, client-48BF89847230, cid=5808
2019-10-02 07:29:53,484 [java.util.concurrent.ThreadPoolExecutor$Worker@567589bc[State = -1, empty queue]] WARN  server.GrpcLogAppender (GrpcLogAppender.java:timeoutAppendRequest(200)) - 9c5e677a-9b0d-46c7-bf4a-7f09c688b1c4@group-0164058DC47A->a4bff7ee-65a9-4bf0-993e-899fcfcb4e33-GrpcLogAppender: appendEntries Timeout, request=9c5e677a-9b0d-46c7-bf4a-7f09c688b1c4->a4bff7ee-65a9-4bf0-993e-899fcfcb4e33#8872-t1, previous=(t:1, i:8846), leaderCommit=8837, initializing? false, entries: size=1, first=(t:1, i:8847), STATEMACHINELOGENTRY, client-48BF89847230, cid=5807
2019-10-02 07:29:53,485 [java.util.concurrent.ThreadPoolExecutor$Worker@6a9c3b[State = -1, empty queue]] WARN  server.GrpcLogAppender (GrpcLogAppender.java:timeoutAppendRequest(200)) - 9c5e677a-9b0d-46c7-bf4a-7f09c688b1c4@group-0164058DC47A->7c9b5175-d081-4d15-9961-4174fa06288a-GrpcLogAppender: appendEntries Timeout, request=9c5e677a-9b0d-46c7-bf4a-7f09c688b1c4->7c9b5175-d081-4d15-9961-4174fa06288a#8874-t1, previous=(t:1, i:8848), leaderCommit=8837, initializing? false, entries: size=1, first=(t:1, i:8849), STATEMACHINELOGENTRY, client-48BF89847230, cid=5809
2019-10-02 07:29:53,487 [java.util.concurrent.ThreadPoolExecutor$Worker@567589bc[State = -1, empty queue]] WARN  server.GrpcLogAppender (GrpcLogAppender.java:timeoutAppendRequest(200)) - 9c5e677a-9b0d-46c7-bf4a-7f09c688b1c4@group-0164058DC47A->a4bff7ee-65a9-4bf0-993e-899fcfcb4e33-GrpcLogAppender: appendEntries Timeout, request=9c5e677a-9b0d-46c7-bf4a-7f09c688b1c4->a4bff7ee-65a9-4bf0-993e-899fcfcb4e33#8873-t1, previous=(t:1, i:8847), leaderCommit=8837, initializing? false, entries: size=1, first=(t:1, i:8848), STATEMACHINELOGENTRY, client-48BF89847230, cid=5808
2019-10-02 07:29:53,488 [java.util.concurrent.ThreadPoolExecutor$Worker@6a9c3b[State = -1, empty queue]] WARN  server.GrpcLogAppender (GrpcLogAppender.java:timeoutAppendRequest(200)) - 9c5e677a-9b0d-46c7-bf4a-7f09c688b1c4@group-0164058DC47A->7c9b5175-d081-4d15-9961-4174fa06288a-GrpcLogAppender: appendEntries Timeout, request=9c5e677a-9b0d-46c7-bf4a-7f09c688b1c4->7c9b5175-d081-4d15-9961-4174fa06288a#8875-t1, previous=(t:1, i:8849), leaderCommit=8837, initializing? false, entries: size=1, first=(t:1, i:8850), STATEMACHINELOGENTRY, client-48BF89847230, cid=5810
2019-10-02 07:29:53,490 [java.util.concurrent.ThreadPoolExecutor$Worker@567589bc[State = -1, empty queue]] WARN  server.GrpcLogAppender (GrpcLogAppender.java:timeoutAppendRequest(200)) - 9c5e677a-9b0d-46c7-bf4a-7f09c688b1c4@group-0164058DC47A->a4bff7ee-65a9-4bf0-993e-899fcfcb4e33-GrpcLogAppender: appendEntries Timeout, request=9c5e677a-9b0d-46c7-bf4a-7f09c688b1c4->a4bff7ee-65a9-4bf0-993e-899fcfcb4e33#8874-t1, previous=(t:1, i:8848), leaderCommit=8837, initializing? false, entries: size=1, first=(t:1, i:8849), STATEMACHINELOGENTRY, client-48BF89847230, cid=5809
2019-10-02 07:29:53,492 [java.util.concurrent.ThreadPoolExecutor$Worker@6a9c3b[State = -1, empty queue]] WARN  server.GrpcLogAppender (GrpcLogAppender.java:timeoutAppendRequest(200)) - 9c5e677a-9b0d-46c7-bf4a-7f09c688b1c4@group-0164058DC47A->7c9b5175-d081-4d15-9961-4174fa06288a-GrpcLogAppender: appendEntries Timeout, request=9c5e677a-9b0d-46c7-bf4a-7f09c688b1c4->7c9b5175-d081-4d15-9961-4174fa06288a#8876-t1, previous=(t:1, i:8850), leaderCommit=8838, initializing? false, entries: size=1, first=(t:1, i:8851), STATEMACHINELOGENTRY, client-48BF89847230, cid=5811
2019-10-02 07:29:53,500 [java.util.concurrent.ThreadPoolExecutor$Worker@567589bc[State = -1, empty queue]] WARN  server.GrpcLogAppender (GrpcLogAppender.java:timeoutAppendRequest(200)) - 9c5e677a-9b0d-46c7-bf4a-7f09c688b1c4@group-0164058DC47A->a4bff7ee-65a9-4bf0-993e-899fcfcb4e33-GrpcLogAppender: appendEntries Timeout, request=9c5e677a-9b0d-46c7-bf4a-7f09c688b1c4->a4bff7ee-65a9-4bf0-993e-899fcfcb4e33#8875-t1, previous=(t:1, i:8849), leaderCommit=8837, initializing? false, entries: size=1, first=(t:1, i:8850), STATEMACHINELOGENTRY, client-48BF89847230, cid=5810
2019-10-02 07:29:53,501 [java.util.concurrent.ThreadPoolExecutor$Worker@6a9c3b[State = -1, empty queue]] WARN  server.GrpcLogAppender (GrpcLogAppender.java:timeoutAppendRequest(200)) - 9c5e677a-9b0d-46c7-bf4a-7f09c688b1c4@group-0164058DC47A->7c9b5175-d081-4d15-9961-4174fa06288a-GrpcLogAppender: appendEntries Timeout, request=9c5e677a-9b0d-46c7-bf4a-7f09c688b1c4->7c9b5175-d081-4d15-9961-4174fa06288a#8877-t1, previous=(t:1, i:8851), leaderCommit=8838, initializing? false, entries: size=1, first=(t:1, i:8852), STATEMACHINELOGENTRY, client-48BF89847230, cid=5812
2019-10-02 07:29:53,503 [java.util.concurrent.ThreadPoolExecutor$Worker@567589bc[State = -1, empty queue]] WARN  server.GrpcLogAppender (GrpcLogAppender.java:timeoutAppendRequest(200)) - 9c5e677a-9b0d-46c7-bf4a-7f09c688b1c4@group-0164058DC47A->a4bff7ee-65a9-4bf0-993e-899fcfcb4e33-GrpcLogAppender: appendEntries Timeout, request=9c5e677a-9b0d-46c7-bf4a-7f09c688b1c4->a4bff7ee-65a9-4bf0-993e-899fcfcb4e33#8876-t1, previous=(t:1, i:8850), leaderCommit=8838, initializing? false, entries: size=1, first=(t:1, i:8851), STATEMACHINELOGENTRY, client-48BF89847230, cid=5811
2019-10-02 07:29:53,505 [java.util.concurrent.ThreadPoolExecutor$Worker@6a9c3b[State = -1, empty queue]] WARN  server.GrpcLogAppender (GrpcLogAppender.java:timeoutAppendRequest(200)) - 9c5e677a-9b0d-46c7-bf4a-7f09c688b1c4@group-0164058DC47A->7c9b5175-d081-4d15-9961-4174fa06288a-GrpcLogAppender: appendEntries Timeout, request=9c5e677a-9b0d-46c7-bf4a-7f09c688b1c4->7c9b5175-d081-4d15-9961-4174fa06288a#8878-t1, previous=(t:1, i:8852), leaderCommit=8838, initializing? false, entries: size=1, first=(t:1, i:8853), STATEMACHINELOGENTRY, client-48BF89847230, cid=5813
2019-10-02 07:29:53,506 [java.util.concurrent.ThreadPoolExecutor$Worker@567589bc[State = -1, empty queue]] WARN  server.GrpcLogAppender (GrpcLogAppender.java:timeoutAppendRequest(200)) - 9c5e677a-9b0d-46c7-bf4a-7f09c688b1c4@group-0164058DC47A->a4bff7ee-65a9-4bf0-993e-899fcfcb4e33-GrpcLogAppender: appendEntries Timeout, request=9c5e677a-9b0d-46c7-bf4a-7f09c688b1c4->a4bff7ee-65a9-4bf0-993e-899fcfcb4e33#8877-t1, previous=(t:1, i:8851), leaderCommit=8838, initializing? false, entries: size=1, first=(t:1, i:8852), STATEMACHINELOGENTRY, client-48BF89847230, cid=5812
2019-10-02 07:29:53,508 [java.util.concurrent.ThreadPoolExecutor$Worker@6a9c3b[State = -1, empty queue]] WARN  server.GrpcLogAppender (GrpcLogAppender.java:timeoutAppendRequest(200)) - 9c5e677a-9b0d-46c7-bf4a-7f09c688b1c4@group-0164058DC47A->7c9b5175-d081-4d15-9961-4174fa06288a-GrpcLogAppender: appendEntries Timeout, request=9c5e677a-9b0d-46c7-bf4a-7f09c688b1c4->7c9b5175-d081-4d15-9961-4174fa06288a#8879-t1, previous=(t:1, i:8853), leaderCommit=8838, initializing? false, entries: size=1, first=(t:1, i:8854), STATEMACHINELOGENTRY, client-48BF89847230, cid=5814
2019-10-02 07:29:53,510 [java.util.concurrent.ThreadPoolExecutor$Worker@567589bc[State = -1, empty queue]] WARN  server.GrpcLogAppender (GrpcLogAppender.java:timeoutAppendRequest(200)) - 9c5e677a-9b0d-46c7-bf4a-7f09c688b1c4@group-0164058DC47A->a4bff7ee-65a9-4bf0-993e-899fcfcb4e33-GrpcLogAppender: appendEntries Timeout, request=9c5e677a-9b0d-46c7-bf4a-7f09c688b1c4->a4bff7ee-65a9-4bf0-993e-899fcfcb4e33#8878-t1, previous=(t:1, i:8852), leaderCommit=8838, initializing? false, entries: size=1, first=(t:1, i:8853), STATEMACHINELOGENTRY, client-48BF89847230, cid=5813
2019-10-02 07:29:53,511 [java.util.concurrent.ThreadPoolExecutor$Worker@6a9c3b[State = -1, empty queue]] WARN  server.GrpcLogAppender (GrpcLogAppender.java:timeoutAppendRequest(200)) - 9c5e677a-9b0d-46c7-bf4a-7f09c688b1c4@group-0164058DC47A->7c9b5175-d081-4d15-9961-4174fa06288a-GrpcLogAppender: appendEntries Timeout, request=9c5e677a-9b0d-46c7-bf4a-7f09c688b1c4->7c9b5175-d081-4d15-9961-4174fa06288a#8880-t1, previous=(t:1, i:8854), leaderCommit=8838, initializing? false, entries: size=1, first=(t:1, i:8855), STATEMACHINELOGENTRY, client-48BF89847230, cid=5815
2019-10-02 07:29:53,513 [java.util.concurrent.ThreadPoolExecutor$Worker@567589bc[State = -1, empty queue]] WARN  server.GrpcLogAppender (GrpcLogAppender.java:timeoutAppendRequest(200)) - 9c5e677a-9b0d-46c7-bf4a-7f09c688b1c4@group-0164058DC47A->a4bff7ee-65a9-4bf0-993e-899fcfcb4e33-GrpcLogAppender: appendEntries Timeout, request=9c5e677a-9b0d-46c7-bf4a-7f09c688b1c4->a4bff7ee-65a9-4bf0-993e-899fcfcb4e33#8879-t1, previous=(t:1, i:8853), leaderCommit=8838, initializing? false, entries: size=1, first=(t:1, i:8854), STATEMACHINELOGENTRY, client-48BF89847230, cid=5814
2019-10-02 07:29:53,515 [java.util.concurrent.ThreadPoolExecutor$Worker@6a9c3b[State = -1, empty queue]] WARN  server.GrpcLogAppender (GrpcLogAppender.java:timeoutAppendRequest(200)) - 9c5e677a-9b0d-46c7-bf4a-7f09c688b1c4@group-0164058DC47A->7c9b5175-d081-4d15-9961-4174fa06288a-GrpcLogAppender: appendEntries Timeout, request=9c5e677a-9b0d-46c7-bf4a-7f09c688b1c4->7c9b5175-d081-4d15-9961-4174fa06288a#8881-t1, previous=(t:1, i:8855), leaderCommit=8838, initializing? false, entries: size=1, first=(t:1, i:8856), STATEMACHINELOGENTRY, client-48BF89847230, cid=5816
2019-10-02 07:29:53,516 [java.util.concurrent.ThreadPoolExecutor$Worker@567589bc[State = -1, empty queue]] WARN  server.GrpcLogAppender (GrpcLogAppender.java:timeoutAppendRequest(200)) - 9c5e677a-9b0d-46c7-bf4a-7f09c688b1c4@group-0164058DC47A->a4bff7ee-65a9-4bf0-993e-899fcfcb4e33-GrpcLogAppender: appendEntries Timeout, request=9c5e677a-9b0d-46c7-bf4a-7f09c688b1c4->a4bff7ee-65a9-4bf0-993e-899fcfcb4e33#8880-t1, previous=(t:1, i:8854), leaderCommit=8838, initializing? false, entries: size=1, first=(t:1, i:8855), STATEMACHINELOGENTRY, client-48BF89847230, cid=5815
2019-10-02 07:29:53,518 [java.util.concurrent.ThreadPoolExecutor$Worker@567589bc[State = -1, empty queue]] WARN  server.GrpcLogAppender (GrpcLogAppender.java:timeoutAppendRequest(200)) - 9c5e677a-9b0d-46c7-bf4a-7f09c688b1c4@group-0164058DC47A->a4bff7ee-65a9-4bf0-993e-899fcfcb4e33-GrpcLogAppender: appendEntries Timeout, request=9c5e677a-9b0d-46c7-bf4a-7f09c688b1c4->a4bff7ee-65a9-4bf0-993e-899fcfcb4e33#8881-t1, previous=(t:1, i:8855), leaderCommit=8838, initializing? false, entries: size=1, first=(t:1, i:8856), STATEMACHINELOGENTRY, client-48BF89847230, cid=5816
 28.00% |█████████████████████████████                                                                        |  28/100 Time: 0:00:042019-10-02 07:29:54,512 [grpc-default-executor-3] WARN  server.GrpcLogAppender (GrpcLogAppender.java:onNextImpl(251)) - 9c5e677a-9b0d-46c7-bf4a-7f09c688b1c4@group-0164058DC47A->a4bff7ee-65a9-4bf0-993e-899fcfcb4e33-AppendLogResponseHandler: Request not found, ignoring reply: 9c5e677a-9b0d-46c7-bf4a-7f09c688b1c4<-a4bff7ee-65a9-4bf0-993e-899fcfcb4e33#8864:OK,SUCCESS,nextIndex:8840,term:1,followerCommit:8838
2019-10-02 07:29:54,512 [grpc-default-executor-2] WARN  server.GrpcLogAppender (GrpcLogAppender.java:onNextImpl(251)) - 9c5e677a-9b0d-46c7-bf4a-7f09c688b1c4@group-0164058DC47A->7c9b5175-d081-4d15-9961-4174fa06288a-AppendLogResponseHandler: Request not found, ignoring reply: 9c5e677a-9b0d-46c7-bf4a-7f09c688b1c4<-7c9b5175-d081-4d15-9961-4174fa06288a#8865:OK,SUCCESS,nextIndex:8841,term:1,followerCommit:8838
2019-10-02 07:29:54,520 [grpc-default-executor-3] WARN  server.GrpcLogAppender (GrpcLogAppender.java:onNextImpl(251)) - 9c5e677a-9b0d-46c7-bf4a-7f09c688b1c4@group-0164058DC47A->7c9b5175-d081-4d15-9961-4174fa06288a-AppendLogResponseHandler: Request not found, ignoring reply: 9c5e677a-9b0d-46c7-bf4a-7f09c688b1c4<-7c9b5175-d081-4d15-9961-4174fa06288a#8866:OK,SUCCESS,nextIndex:8842,term:1,followerCommit:8838
2019-10-02 07:29:54,521 [grpc-default-executor-2] WARN  server.GrpcLogAppender (GrpcLogAppender.java:onNextImpl(251)) - 9c5e677a-9b0d-46c7-bf4a-7f09c688b1c4@group-0164058DC47A->a4bff7ee-65a9-4bf0-993e-899fcfcb4e33-AppendLogResponseHandler: Request not found, ignoring reply: 9c5e677a-9b0d-46c7-bf4a-7f09c688b1c4<-a4bff7ee-65a9-4bf0-993e-899fcfcb4e33#8865:OK,SUCCESS,nextIndex:8841,term:1,followerCommit:8838
2019-10-02 07:29:54,521 [grpc-default-executor-3] WARN  server.GrpcLogAppender (GrpcLogAppender.java:onNextImpl(251)) - 9c5e677a-9b0d-46c7-bf4a-7f09c688b1c4@group-0164058DC47A->7c9b5175-d081-4d15-9961-4174fa06288a-AppendLogResponseHandler: Request not found, ignoring reply: 9c5e677a-9b0d-46c7-bf4a-7f09c688b1c4<-7c9b5175-d081-4d15-9961-4174fa06288a#8867:OK,SUCCESS,nextIndex:8843,term:1,followerCommit:8838
2019-10-02 07:29:54,521 [grpc-default-executor-2] WARN  server.GrpcLogAppender (GrpcLogAppender.java:onNextImpl(251)) - 9c5e677a-9b0d-46c7-bf4a-7f09c688b1c4@group-0164058DC47A->a4bff7ee-65a9-4bf0-993e-899fcfcb4e33-AppendLogResponseHandler: Request not found, ignoring reply: 9c5e677a-9b0d-46c7-bf4a-7f09c688b1c4<-a4bff7ee-65a9-4bf0-993e-899fcfcb4e33#8866:OK,SUCCESS,nextIndex:8842,term:1,followerCommit:8838
2019-10-02 07:29:54,521 [grpc-default-executor-3] WARN  server.GrpcLogAppender (GrpcLogAppender.java:onNextImpl(251)) - 9c5e677a-9b0d-46c7-bf4a-7f09c688b1c4@group-0164058DC47A->7c9b5175-d081-4d15-9961-4174fa06288a-AppendLogResponseHandler: Request not found, ignoring reply: 9c5e677a-9b0d-46c7-bf4a-7f09c688b1c4<-7c9b5175-d081-4d15-9961-4174fa06288a#8868:OK,SUCCESS,nextIndex:8844,term:1,followerCommit:8838
2019-10-02 07:29:54,521 [grpc-default-executor-2] WARN  server.GrpcLogAppender (GrpcLogAppender.java:onNextImpl(251)) - 9c5e677a-9b0d-46c7-bf4a-7f09c688b1c4@group-0164058DC47A->a4bff7ee-65a9-4bf0-993e-899fcfcb4e33-AppendLogResponseHandler: Request not found, ignoring reply: 9c5e677a-9b0d-46c7-bf4a-7f09c688b1c4<-a4bff7ee-65a9-4bf0-993e-899fcfcb4e33#8867:OK,SUCCESS,nextIndex:8843,term:1,followerCommit:8838
2019-10-02 07:29:54,521 [grpc-default-executor-3] WARN  server.GrpcLogAppender (GrpcLogAppender.java:onNextImpl(251)) - 9c5e677a-9b0d-46c7-bf4a-7f09c688b1c4@group-0164058DC47A->7c9b5175-d081-4d15-9961-4174fa06288a-AppendLogResponseHandler: Request not found, ignoring reply: 9c5e677a-9b0d-46c7-bf4a-7f09c688b1c4<-7c9b5175-d081-4d15-9961-4174fa06288a#8869:OK,SUCCESS,nextIndex:8845,term:1,followerCommit:8838
2019-10-02 07:29:54,521 [grpc-default-executor-2] WARN  server.GrpcLogAppender (GrpcLogAppender.java:onNextImpl(251)) - 9c5e677a-9b0d-46c7-bf4a-7f09c688b1c4@group-0164058DC47A->a4bff7ee-65a9-4bf0-993e-899fcfcb4e33-AppendLogResponseHandler: Request not found, ignoring reply: 9c5e677a-9b0d-46c7-bf4a-7f09c688b1c4<-a4bff7ee-65a9-4bf0-993e-899fcfcb4e33#8868:OK,SUCCESS,nextIndex:8844,term:1,followerCommit:8838
2019-10-02 07:29:54,522 [grpc-default-executor-3] WARN  server.GrpcLogAppender (GrpcLogAppender.java:onNextImpl(251)) - 9c5e677a-9b0d-46c7-bf4a-7f09c688b1c4@group-0164058DC47A->7c9b5175-d081-4d15-9961-4174fa06288a-AppendLogResponseHandler: Request not found, ignoring reply: 9c5e677a-9b0d-46c7-bf4a-7f09c688b1c4<-7c9b5175-d081-4d15-9961-4174fa06288a#8870:OK,SUCCESS,nextIndex:8846,term:1,followerCommit:8838
2019-10-02 07:29:54,522 [grpc-default-executor-2] WARN  server.GrpcLogAppender (GrpcLogAppender.java:onNextImpl(251)) - 9c5e677a-9b0d-46c7-bf4a-7f09c688b1c4@group-0164058DC47A->a4bff7ee-65a9-4bf0-993e-899fcfcb4e33-AppendLogResponseHandler: Request not found, ignoring reply: 9c5e677a-9b0d-46c7-bf4a-7f09c688b1c4<-a4bff7ee-65a9-4bf0-993e-899fcfcb4e33#8869:OK,SUCCESS,nextIndex:8845,term:1,followerCommit:8838
2019-10-02 07:29:54,522 [grpc-default-executor-3] WARN  server.GrpcLogAppender (GrpcLogAppender.java:onNextImpl(251)) - 9c5e677a-9b0d-46c7-bf4a-7f09c688b1c4@group-0164058DC47A->7c9b5175-d081-4d15-9961-4174fa06288a-AppendLogResponseHandler: Request not found, ignoring reply: 9c5e677a-9b0d-46c7-bf4a-7f09c688b1c4<-7c9b5175-d081-4d15-9961-4174fa06288a#8871:OK,SUCCESS,nextIndex:8847,term:1,followerCommit:8838
2019-10-02 07:29:54,522 [grpc-default-executor-2] WARN  server.GrpcLogAppender (GrpcLogAppender.java:onNextImpl(251)) - 9c5e677a-9b0d-46c7-bf4a-7f09c688b1c4@group-0164058DC47A->a4bff7ee-65a9-4bf0-993e-899fcfcb4e33-AppendLogResponseHandler: Request not found, ignoring reply: 9c5e677a-9b0d-46c7-bf4a-7f09c688b1c4<-a4bff7ee-65a9-4bf0-993e-899fcfcb4e33#8870:OK,SUCCESS,nextIndex:8846,term:1,followerCommit:8838
2019-10-02 07:29:54,522 [grpc-default-executor-3] WARN  server.GrpcLogAppender (GrpcLogAppender.java:onNextImpl(251)) - 9c5e677a-9b0d-46c7-bf4a-7f09c688b1c4@group-0164058DC47A->7c9b5175-d081-4d15-9961-4174fa06288a-AppendLogResponseHandler: Request not found, ignoring reply: 9c5e677a-9b0d-46c7-bf4a-7f09c688b1c4<-7c9b5175-d081-4d15-9961-4174fa06288a#8872:OK,SUCCESS,nextIndex:8848,term:1,followerCommit:8838
2019-10-02 07:29:54,522 [grpc-default-executor-3] WARN  server.GrpcLogAppender (GrpcLogAppender.java:onNextImpl(251)) - 9c5e677a-9b0d-46c7-bf4a-7f09c688b1c4@group-0164058DC47A->7c9b5175-d081-4d15-9961-4174fa06288a-AppendLogResponseHandler: Request not found, ignoring reply: 9c5e677a-9b0d-46c7-bf4a-7f09c688b1c4<-7c9b5175-d081-4d15-9961-4174fa06288a#8873:OK,SUCCESS,nextIndex:8849,term:1,followerCommit:8838
2019-10-02 07:29:54,523 [grpc-default-executor-2] WARN  server.GrpcLogAppender (GrpcLogAppender.java:onNextImpl(251)) - 9c5e677a-9b0d-46c7-bf4a-7f09c688b1c4@group-0164058DC47A->a4bff7ee-65a9-4bf0-993e-899fcfcb4e33-AppendLogResponseHandler: Request not found, ignoring reply: 9c5e677a-9b0d-46c7-bf4a-7f09c688b1c4<-a4bff7ee-65a9-4bf0-993e-899fcfcb4e33#8871:OK,SUCCESS,nextIndex:8847,term:1,followerCommit:8838
2019-10-02 07:29:54,523 [grpc-default-executor-3] WARN  server.GrpcLogAppender (GrpcLogAppender.java:onNextImpl(251)) - 9c5e677a-9b0d-46c7-bf4a-7f09c688b1c4@group-0164058DC47A->7c9b5175-d081-4d15-9961-4174fa06288a-AppendLogResponseHandler: Request not found, ignoring reply: 9c5e677a-9b0d-46c7-bf4a-7f09c688b1c4<-7c9b5175-d081-4d15-9961-4174fa06288a#8874:OK,SUCCESS,nextIndex:8850,term:1,followerCommit:8838
2019-10-02 07:29:54,523 [grpc-default-executor-2] WARN  server.GrpcLogAppender (GrpcLogAppender.java:onNextImpl(251)) - 9c5e677a-9b0d-46c7-bf4a-7f09c688b1c4@group-0164058DC47A->a4bff7ee-65a9-4bf0-993e-899fcfcb4e33-AppendLogResponseHandler: Request not found, ignoring reply: 9c5e677a-9b0d-46c7-bf4a-7f09c688b1c4<-a4bff7ee-65a9-4bf0-993e-899fcfcb4e33#8872:OK,SUCCESS,nextIndex:8848,term:1,followerCommit:8838
2019-10-02 07:29:54,523 [grpc-default-executor-3] WARN  server.GrpcLogAppender (GrpcLogAppender.java:onNextImpl(251)) - 9c5e677a-9b0d-46c7-bf4a-7f09c688b1c4@group-0164058DC47A->7c9b5175-d081-4d15-9961-4174fa06288a-AppendLogResponseHandler: Request not found, ignoring reply: 9c5e677a-9b0d-46c7-bf4a-7f09c688b1c4<-7c9b5175-d081-4d15-9961-4174fa06288a#8875:OK,SUCCESS,nextIndex:8851,term:1,followerCommit:8838
2019-10-02 07:29:54,523 [grpc-default-executor-2] WARN  server.GrpcLogAppender (GrpcLogAppender.java:onNextImpl(251)) - 9c5e677a-9b0d-46c7-bf4a-7f09c688b1c4@group-0164058DC47A->a4bff7ee-65a9-4bf0-993e-899fcfcb4e33-AppendLogResponseHandler: Request not found, ignoring reply: 9c5e677a-9b0d-46c7-bf4a-7f09c688b1c4<-a4bff7ee-65a9-4bf0-993e-899fcfcb4e33#8873:OK,SUCCESS,nextIndex:8849,term:1,followerCommit:8838
2019-10-02 07:29:54,523 [grpc-default-executor-3] WARN  server.GrpcLogAppender (GrpcLogAppender.java:onNextImpl(251)) - 9c5e677a-9b0d-46c7-bf4a-7f09c688b1c4@group-0164058DC47A->7c9b5175-d081-4d15-9961-4174fa06288a-AppendLogResponseHandler: Request not found, ignoring reply: 9c5e677a-9b0d-46c7-bf4a-7f09c688b1c4<-7c9b5175-d081-4d15-9961-4174fa06288a#8876:OK,SUCCESS,nextIndex:8852,term:1,followerCommit:8838
2019-10-02 07:29:54,523 [grpc-default-executor-2] WARN  server.GrpcLogAppender (GrpcLogAppender.java:onNextImpl(251)) - 9c5e677a-9b0d-46c7-bf4a-7f09c688b1c4@group-0164058DC47A->a4bff7ee-65a9-4bf0-993e-899fcfcb4e33-AppendLogResponseHandler: Request not found, ignoring reply: 9c5e677a-9b0d-46c7-bf4a-7f09c688b1c4<-a4bff7ee-65a9-4bf0-993e-899fcfcb4e33#8874:OK,SUCCESS,nextIndex:8850,term:1,followerCommit:8838
2019-10-02 07:29:54,524 [grpc-default-executor-3] WARN  server.GrpcLogAppender (GrpcLogAppender.java:onNextImpl(251)) - 9c5e677a-9b0d-46c7-bf4a-7f09c688b1c4@group-0164058DC47A->7c9b5175-d081-4d15-9961-4174fa06288a-AppendLogResponseHandler: Request not found, ignoring reply: 9c5e677a-9b0d-46c7-bf4a-7f09c688b1c4<-7c9b5175-d081-4d15-9961-4174fa06288a#8877:OK,SUCCESS,nextIndex:8853,term:1,followerCommit:8838
2019-10-02 07:29:54,524 [grpc-default-executor-2] WARN  server.GrpcLogAppender (GrpcLogAppender.java:onNextImpl(251)) - 9c5e677a-9b0d-46c7-bf4a-7f09c688b1c4@group-0164058DC47A->a4bff7ee-65a9-4bf0-993e-899fcfcb4e33-AppendLogResponseHandler: Request not found, ignoring reply: 9c5e677a-9b0d-46c7-bf4a-7f09c688b1c4<-a4bff7ee-65a9-4bf0-993e-899fcfcb4e33#8875:OK,SUCCESS,nextIndex:8851,term:1,followerCommit:8838
2019-10-02 07:29:54,524 [grpc-default-executor-3] WARN  server.GrpcLogAppender (GrpcLogAppender.java:onNextImpl(251)) - 9c5e677a-9b0d-46c7-bf4a-7f09c688b1c4@group-0164058DC47A->7c9b5175-d081-4d15-9961-4174fa06288a-AppendLogResponseHandler: Request not found, ignoring reply: 9c5e677a-9b0d-46c7-bf4a-7f09c688b1c4<-7c9b5175-d081-4d15-9961-4174fa06288a#8878:OK,SUCCESS,nextIndex:8854,term:1,followerCommit:8838
2019-10-02 07:29:54,524 [grpc-default-executor-2] WARN  server.GrpcLogAppender (GrpcLogAppender.java:onNextImpl(251)) - 9c5e677a-9b0d-46c7-bf4a-7f09c688b1c4@group-0164058DC47A->a4bff7ee-65a9-4bf0-993e-899fcfcb4e33-AppendLogResponseHandler: Request not found, ignoring reply: 9c5e677a-9b0d-46c7-bf4a-7f09c688b1c4<-a4bff7ee-65a9-4bf0-993e-899fcfcb4e33#8876:OK,SUCCESS,nextIndex:8852,term:1,followerCommit:8838
2019-10-02 07:29:54,524 [grpc-default-executor-3] WARN  server.GrpcLogAppender (GrpcLogAppender.java:onNextImpl(251)) - 9c5e677a-9b0d-46c7-bf4a-7f09c688b1c4@group-0164058DC47A->7c9b5175-d081-4d15-9961-4174fa06288a-AppendLogResponseHandler: Request not found, ignoring reply: 9c5e677a-9b0d-46c7-bf4a-7f09c688b1c4<-7c9b5175-d081-4d15-9961-4174fa06288a#8879:OK,SUCCESS,nextIndex:8855,term:1,followerCommit:8838
2019-10-02 07:29:54,524 [grpc-default-executor-2] WARN  server.GrpcLogAppender (GrpcLogAppender.java:onNextImpl(251)) - 9c5e677a-9b0d-46c7-bf4a-7f09c688b1c4@group-0164058DC47A->a4bff7ee-65a9-4bf0-993e-899fcfcb4e33-AppendLogResponseHandler: Request not found, ignoring reply: 9c5e677a-9b0d-46c7-bf4a-7f09c688b1c4<-a4bff7ee-65a9-4bf0-993e-899fcfcb4e33#8877:OK,SUCCESS,nextIndex:8853,term:1,followerCommit:8838
2019-10-02 07:29:54,524 [grpc-default-executor-3] WARN  server.GrpcLogAppender (GrpcLogAppender.java:onNextImpl(251)) - 9c5e677a-9b0d-46c7-bf4a-7f09c688b1c4@group-0164058DC47A->7c9b5175-d081-4d15-9961-4174fa06288a-AppendLogResponseHandler: Request not found, ignoring reply: 9c5e677a-9b0d-46c7-bf4a-7f09c688b1c4<-7c9b5175-d081-4d15-9961-4174fa06288a#8880:OK,SUCCESS,nextIndex:8856,term:1,followerCommit:8838
2019-10-02 07:29:54,524 [grpc-default-executor-2] WARN  server.GrpcLogAppender (GrpcLogAppender.java:onNextImpl(251)) - 9c5e677a-9b0d-46c7-bf4a-7f09c688b1c4@group-0164058DC47A->a4bff7ee-65a9-4bf0-993e-899fcfcb4e33-AppendLogResponseHandler: Request not found, ignoring reply: 9c5e677a-9b0d-46c7-bf4a-7f09c688b1c4<-a4bff7ee-65a9-4bf0-993e-899fcfcb4e33#8878:OK,SUCCESS,nextIndex:8854,term:1,followerCommit:8838
2019-10-02 07:29:54,525 [grpc-default-executor-3] WARN  server.GrpcLogAppender (GrpcLogAppender.java:onNextImpl(251)) - 9c5e677a-9b0d-46c7-bf4a-7f09c688b1c4@group-0164058DC47A->7c9b5175-d081-4d15-9961-4174fa06288a-AppendLogResponseHandler: Request not found, ignoring reply: 9c5e677a-9b0d-46c7-bf4a-7f09c688b1c4<-7c9b5175-d081-4d15-9961-4174fa06288a#8881:OK,SUCCESS,nextIndex:8857,term:1,followerCommit:8838
2019-10-02 07:29:54,525 [grpc-default-executor-2] WARN  server.GrpcLogAppender (GrpcLogAppender.java:onNextImpl(251)) - 9c5e677a-9b0d-46c7-bf4a-7f09c688b1c4@group-0164058DC47A->a4bff7ee-65a9-4bf0-993e-899fcfcb4e33-AppendLogResponseHandler: Request not found, ignoring reply: 9c5e677a-9b0d-46c7-bf4a-7f09c688b1c4<-a4bff7ee-65a9-4bf0-993e-899fcfcb4e33#8879:OK,SUCCESS,nextIndex:8855,term:1,followerCommit:8838
2019-10-02 07:29:54,532 [grpc-default-executor-3] WARN  server.GrpcLogAppender (GrpcLogAppender.java:onNextImpl(251)) - 9c5e677a-9b0d-46c7-bf4a-7f09c688b1c4@group-0164058DC47A->a4bff7ee-65a9-4bf0-993e-899fcfcb4e33-AppendLogResponseHandler: Request not found, ignoring reply: 9c5e677a-9b0d-46c7-bf4a-7f09c688b1c4<-a4bff7ee-65a9-4bf0-993e-899fcfcb4e33#8880:OK,SUCCESS,nextIndex:8856,term:1,followerCommit:8838
2019-10-02 07:29:54,533 [grpc-default-executor-3] WARN  server.GrpcLogAppender (GrpcLogAppender.java:onNextImpl(251)) - 9c5e677a-9b0d-46c7-bf4a-7f09c688b1c4@group-0164058DC47A->a4bff7ee-65a9-4bf0-993e-899fcfcb4e33-AppendLogResponseHandler: Request not found, ignoring reply: 9c5e677a-9b0d-46c7-bf4a-7f09c688b1c4<-a4bff7ee-65a9-4bf0-993e-899fcfcb4e33#8881:OK,SUCCESS,nextIndex:8857,term:1,followerCommit:8838
 28.00% |█████████████████████████████                                                                        |  28/100 Time: 0:00:052019-10-02 07:29:55,456 [pool-792-thread-4] WARN  scm.XceiverClientRatis (XceiverClientRatis.java:watchForCommit(292)) - 3 way commit failed on pipeline Pipeline[ Id: e6231993-af96-4a34-b908-0164058dc47a, Nodes: a4bff7ee-65a9-4bf0-993e-899fcfcb4e33{ip: 192.168.151.120, host: pr-hdds-2226-secures3-8x5vf-3889971208, networkLocation: /default-rack, certSerialId: null}9c5e677a-9b0d-46c7-bf4a-7f09c688b1c4{ip: 192.168.151.120, host: pr-hdds-2226-secures3-8x5vf-3889971208, networkLocation: /default-rack, certSerialId: null}7c9b5175-d081-4d15-9961-4174fa06288a{ip: 192.168.151.120, host: pr-hdds-2226-secures3-8x5vf-3889971208, networkLocation: /default-rack, certSerialId: null}, Type:RATIS, Factor:THREE, State:OPEN]
java.util.concurrent.TimeoutException
	at java.util.concurrent.CompletableFuture.timedGet(CompletableFuture.java:1771)
	at java.util.concurrent.CompletableFuture.get(CompletableFuture.java:1915)
	at org.apache.hadoop.hdds.scm.XceiverClientRatis.watchForCommit(XceiverClientRatis.java:289)
	at org.apache.hadoop.hdds.scm.storage.CommitWatcher.watchForCommit(CommitWatcher.java:194)
	at org.apache.hadoop.hdds.scm.storage.CommitWatcher.watchOnLastIndex(CommitWatcher.java:157)
	at org.apache.hadoop.hdds.scm.storage.BlockOutputStream.watchForCommit(BlockOutputStream.java:347)
	at org.apache.hadoop.hdds.scm.storage.BlockOutputStream.handleFlush(BlockOutputStream.java:479)
	at org.apache.hadoop.hdds.scm.storage.BlockOutputStream.close(BlockOutputStream.java:493)
	at org.apache.hadoop.ozone.client.io.BlockOutputStreamEntry.close(BlockOutputStreamEntry.java:143)
	at org.apache.hadoop.ozone.client.io.KeyOutputStream.handleFlushOrClose(KeyOutputStream.java:435)
	at org.apache.hadoop.ozone.client.io.KeyOutputStream.close(KeyOutputStream.java:473)
	at org.apache.hadoop.ozone.client.io.OzoneOutputStream.close(OzoneOutputStream.java:60)
	at org.apache.hadoop.ozone.freon.RandomKeyGenerator.createKey(RandomKeyGenerator.java:710)
	at org.apache.hadoop.ozone.freon.RandomKeyGenerator.access$1100(RandomKeyGenerator.java:88)
	at org.apache.hadoop.ozone.freon.RandomKeyGenerator$ObjectCreator.run(RandomKeyGenerator.java:615)
	at java.util.concurrent.Executors$RunnableAdapter.call(Executors.java:511)
	at java.util.concurrent.FutureTask.run(FutureTask.java:266)
	at java.util.concurrent.ThreadPoolExecutor.runWorker(ThreadPoolExecutor.java:1149)
	at java.util.concurrent.ThreadPoolExecutor$Worker.run(ThreadPoolExecutor.java:624)
	at java.lang.Thread.run(Thread.java:748)
2019-10-02 07:29:55,456 [pool-792-thread-1] WARN  scm.XceiverClientRatis (XceiverClientRatis.java:watchForCommit(292)) - 3 way commit failed on pipeline Pipeline[ Id: e6231993-af96-4a34-b908-0164058dc47a, Nodes: a4bff7ee-65a9-4bf0-993e-899fcfcb4e33{ip: 192.168.151.120, host: pr-hdds-2226-secures3-8x5vf-3889971208, networkLocation: /default-rack, certSerialId: null}9c5e677a-9b0d-46c7-bf4a-7f09c688b1c4{ip: 192.168.151.120, host: pr-hdds-2226-secures3-8x5vf-3889971208, networkLocation: /default-rack, certSerialId: null}7c9b5175-d081-4d15-9961-4174fa06288a{ip: 192.168.151.120, host: pr-hdds-2226-secures3-8x5vf-3889971208, networkLocation: /default-rack, certSerialId: null}, Type:RATIS, Factor:THREE, State:OPEN]
java.util.concurrent.TimeoutException
	at java.util.concurrent.CompletableFuture.timedGet(CompletableFuture.java:1771)
	at java.util.concurrent.CompletableFuture.get(CompletableFuture.java:1915)
	at org.apache.hadoop.hdds.scm.XceiverClientRatis.watchForCommit(XceiverClientRatis.java:289)
	at org.apache.hadoop.hdds.scm.storage.CommitWatcher.watchForCommit(CommitWatcher.java:194)
	at org.apache.hadoop.hdds.scm.storage.CommitWatcher.watchOnLastIndex(CommitWatcher.java:157)
	at org.apache.hadoop.hdds.scm.storage.BlockOutputStream.watchForCommit(BlockOutputStream.java:347)
	at org.apache.hadoop.hdds.scm.storage.BlockOutputStream.handleFlush(BlockOutputStream.java:479)
	at org.apache.hadoop.hdds.scm.storage.BlockOutputStream.close(BlockOutputStream.java:493)
	at org.apache.hadoop.ozone.client.io.BlockOutputStreamEntry.close(BlockOutputStreamEntry.java:143)
	at org.apache.hadoop.ozone.client.io.KeyOutputStream.handleFlushOrClose(KeyOutputStream.java:435)
	at org.apache.hadoop.ozone.client.io.KeyOutputStream.close(KeyOutputStream.java:473)
	at org.apache.hadoop.ozone.client.io.OzoneOutputStream.close(OzoneOutputStream.java:60)
	at org.apache.hadoop.ozone.freon.RandomKeyGenerator.createKey(RandomKeyGenerator.java:710)
	at org.apache.hadoop.ozone.freon.RandomKeyGenerator.access$1100(RandomKeyGenerator.java:88)
	at org.apache.hadoop.ozone.freon.RandomKeyGenerator$ObjectCreator.run(RandomKeyGenerator.java:615)
	at java.util.concurrent.Executors$RunnableAdapter.call(Executors.java:511)
	at java.util.concurrent.FutureTask.run(FutureTask.java:266)
	at java.util.concurrent.ThreadPoolExecutor.runWorker(ThreadPoolExecutor.java:1149)
	at java.util.concurrent.ThreadPoolExecutor$Worker.run(ThreadPoolExecutor.java:624)
	at java.lang.Thread.run(Thread.java:748)
2019-10-02 07:29:55,489 [Thread-25168] INFO  client.GrpcClientProtocolService (GrpcClientProtocolService.java:lambda$processClientRequest$0(278)) - Failed RaftClientRequest:client-48BF89847230->7c9b5175-d081-4d15-9961-4174fa06288a@group-0164058DC47A, cid=5818, seq=0, Watch-MAJORITY_COMMITTED(8835), Message:<EMPTY>, reply=RaftClientReply:client-48BF89847230->7c9b5175-d081-4d15-9961-4174fa06288a@group-0164058DC47A, cid=5818, FAILED org.apache.ratis.protocol.NotLeaderException: Server 7c9b5175-d081-4d15-9961-4174fa06288a@group-0164058DC47A is not the leader 9c5e677a-9b0d-46c7-bf4a-7f09c688b1c4:192.168.151.120:41087, logIndex=0, commits[7c9b5175-d081-4d15-9961-4174fa06288a:c8856, a4bff7ee-65a9-4bf0-993e-899fcfcb4e33:c8834, 9c5e677a-9b0d-46c7-bf4a-7f09c688b1c4:c8856]
2019-10-02 07:29:55,489 [Thread-25169] INFO  client.GrpcClientProtocolService (GrpcClientProtocolService.java:lambda$processClientRequest$0(278)) - Failed RaftClientRequest:client-48BF89847230->7c9b5175-d081-4d15-9961-4174fa06288a@group-0164058DC47A, cid=5817, seq=0, Watch-MAJORITY_COMMITTED(8836), Message:<EMPTY>, reply=RaftClientReply:client-48BF89847230->7c9b5175-d081-4d15-9961-4174fa06288a@group-0164058DC47A, cid=5817, FAILED org.apache.ratis.protocol.NotLeaderException: Server 7c9b5175-d081-4d15-9961-4174fa06288a@group-0164058DC47A is not the leader 9c5e677a-9b0d-46c7-bf4a-7f09c688b1c4:192.168.151.120:41087, logIndex=0, commits[7c9b5175-d081-4d15-9961-4174fa06288a:c8856, a4bff7ee-65a9-4bf0-993e-899fcfcb4e33:c8834, 9c5e677a-9b0d-46c7-bf4a-7f09c688b1c4:c8856]
 29.00% |██████████████████████████████                                                                       |  29/100 Time: 0:00:06 29.00% |██████████████████████████████                                                                       |  29/100 Time: 0:00:07 29.00% |██████████████████████████████                                                                       |  29/100 Time: 0:00:08 29.00% |██████████████████████████████                                                                       |  29/100 Time: 0:00:09 29.00% |██████████████████████████████                                                                       |  29/100 Time: 0:00:102019-10-02 07:30:00,479 [pool-792-thread-1] WARN  storage.CommitWatcher (CommitWatcher.java:watchForCommit(203)) - watchForCommit failed for index 8835
java.util.concurrent.TimeoutException
	at java.util.concurrent.CompletableFuture.timedGet(CompletableFuture.java:1771)
	at java.util.concurrent.CompletableFuture.get(CompletableFuture.java:1915)
	at org.apache.hadoop.hdds.scm.XceiverClientRatis.watchForCommit(XceiverClientRatis.java:298)
	at org.apache.hadoop.hdds.scm.storage.CommitWatcher.watchForCommit(CommitWatcher.java:194)
	at org.apache.hadoop.hdds.scm.storage.CommitWatcher.watchOnLastIndex(CommitWatcher.java:157)
	at org.apache.hadoop.hdds.scm.storage.BlockOutputStream.watchForCommit(BlockOutputStream.java:347)
	at org.apache.hadoop.hdds.scm.storage.BlockOutputStream.handleFlush(BlockOutputStream.java:479)
	at org.apache.hadoop.hdds.scm.storage.BlockOutputStream.close(BlockOutputStream.java:493)
	at org.apache.hadoop.ozone.client.io.BlockOutputStreamEntry.close(BlockOutputStreamEntry.java:143)
	at org.apache.hadoop.ozone.client.io.KeyOutputStream.handleFlushOrClose(KeyOutputStream.java:435)
	at org.apache.hadoop.ozone.client.io.KeyOutputStream.close(KeyOutputStream.java:473)
	at org.apache.hadoop.ozone.client.io.OzoneOutputStream.close(OzoneOutputStream.java:60)
	at org.apache.hadoop.ozone.freon.RandomKeyGenerator.createKey(RandomKeyGenerator.java:710)
	at org.apache.hadoop.ozone.freon.RandomKeyGenerator.access$1100(RandomKeyGenerator.java:88)
	at org.apache.hadoop.ozone.freon.RandomKeyGenerator$ObjectCreator.run(RandomKeyGenerator.java:615)
	at java.util.concurrent.Executors$RunnableAdapter.call(Executors.java:511)
	at java.util.concurrent.FutureTask.run(FutureTask.java:266)
	at java.util.concurrent.ThreadPoolExecutor.runWorker(ThreadPoolExecutor.java:1149)
	at java.util.concurrent.ThreadPoolExecutor$Worker.run(ThreadPoolExecutor.java:624)
	at java.lang.Thread.run(Thread.java:748)
2019-10-02 07:30:00,487 [pool-792-thread-1] WARN  io.KeyOutputStream (KeyOutputStream.java:handleException(274)) - Encountered exception java.io.IOException: Unexpected Storage Container Exception: java.io.IOException: Unexpected Storage Container Exception: java.util.concurrent.TimeoutException on the pipeline Pipeline[ Id: e6231993-af96-4a34-b908-0164058dc47a, Nodes: a4bff7ee-65a9-4bf0-993e-899fcfcb4e33{ip: 192.168.151.120, host: pr-hdds-2226-secures3-8x5vf-3889971208, networkLocation: /default-rack, certSerialId: null}9c5e677a-9b0d-46c7-bf4a-7f09c688b1c4{ip: 192.168.151.120, host: pr-hdds-2226-secures3-8x5vf-3889971208, networkLocation: /default-rack, certSerialId: null}7c9b5175-d081-4d15-9961-4174fa06288a{ip: 192.168.151.120, host: pr-hdds-2226-secures3-8x5vf-3889971208, networkLocation: /default-rack, certSerialId: null}, Type:RATIS, Factor:THREE, State:OPEN]. The last committed block length is 0, uncommitted data length is 10240 retry count 0
2019-10-02 07:30:00,499 [IPC Server handler 17 on 34869] WARN  block.BlockManagerImpl (BlockManagerImpl.java:allocateBlock(192)) - Pipeline creation failed for type:RATIS factor:THREE. Retrying get pipelines call once.
org.apache.hadoop.hdds.scm.pipeline.InsufficientDatanodesException: Cannot create pipeline of factor 3 using 2 nodes.
	at org.apache.hadoop.hdds.scm.pipeline.RatisPipelineProvider.create(RatisPipelineProvider.java:153)
	at org.apache.hadoop.hdds.scm.pipeline.PipelineFactory.create(PipelineFactory.java:58)
	at org.apache.hadoop.hdds.scm.pipeline.SCMPipelineManager.createPipeline(SCMPipelineManager.java:155)
	at org.apache.hadoop.hdds.scm.block.BlockManagerImpl.allocateBlock(BlockManagerImpl.java:190)
	at org.apache.hadoop.hdds.scm.server.SCMBlockProtocolServer.allocateBlock(SCMBlockProtocolServer.java:182)
	at org.apache.hadoop.hdds.scm.protocol.ScmBlockLocationProtocolServerSideTranslatorPB.allocateScmBlock(ScmBlockLocationProtocolServerSideTranslatorPB.java:159)
	at org.apache.hadoop.hdds.scm.protocol.ScmBlockLocationProtocolServerSideTranslatorPB.processMessage(ScmBlockLocationProtocolServerSideTranslatorPB.java:117)
	at org.apache.hadoop.hdds.server.OzoneProtocolMessageDispatcher.processRequest(OzoneProtocolMessageDispatcher.java:72)
	at org.apache.hadoop.hdds.scm.protocol.ScmBlockLocationProtocolServerSideTranslatorPB.send(ScmBlockLocationProtocolServerSideTranslatorPB.java:98)
	at org.apache.hadoop.hdds.protocol.proto.ScmBlockLocationProtocolProtos$ScmBlockLocationProtocolService$2.callBlockingMethod(ScmBlockLocationProtocolProtos.java:13157)
	at org.apache.hadoop.ipc.ProtobufRpcEngine$Server$ProtoBufRpcInvoker.call(ProtobufRpcEngine.java:524)
	at org.apache.hadoop.ipc.RPC$Server.call(RPC.java:1025)
	at org.apache.hadoop.ipc.Server$RpcCall.run(Server.java:876)
	at org.apache.hadoop.ipc.Server$RpcCall.run(Server.java:822)
	at java.security.AccessController.doPrivileged(Native Method)
	at javax.security.auth.Subject.doAs(Subject.java:422)
	at org.apache.hadoop.security.UserGroupInformation.doAs(UserGroupInformation.java:1730)
	at org.apache.hadoop.ipc.Server$Handler.run(Server.java:2682)
2019-10-02 07:30:00,501 [IPC Server handler 17 on 34869] INFO  block.BlockManagerImpl (BlockManagerImpl.java:allocateBlock(198)) - Could not find available pipeline of type:RATIS and factor:THREE even after retrying
2019-10-02 07:30:00,501 [IPC Server handler 17 on 34869] ERROR block.BlockManagerImpl (BlockManagerImpl.java:allocateBlock(222)) - Unable to allocate a block for the size: 4194304, type: RATIS, factor: THREE
2019-10-02 07:30:00,505 [pool-792-thread-1] ERROR io.BlockOutputStreamEntryPool (BlockOutputStreamEntryPool.java:allocateBlockIfNeeded(299)) - Try to allocate more blocks for write failed, already allocated 0 blocks for this write.
INTERNAL_ERROR org.apache.hadoop.ozone.om.exceptions.OMException: Allocated 0 blocks. Requested 1 blocks
	at org.apache.hadoop.ozone.om.protocolPB.OzoneManagerProtocolClientSideTranslatorPB.handleError(OzoneManagerProtocolClientSideTranslatorPB.java:732)
	at org.apache.hadoop.ozone.om.protocolPB.OzoneManagerProtocolClientSideTranslatorPB.allocateBlock(OzoneManagerProtocolClientSideTranslatorPB.java:764)
	at sun.reflect.GeneratedMethodAccessor426.invoke(Unknown Source)
	at sun.reflect.DelegatingMethodAccessorImpl.invoke(DelegatingMethodAccessorImpl.java:43)
	at java.lang.reflect.Method.invoke(Method.java:498)
	at org.apache.hadoop.hdds.tracing.TraceAllMethod.invoke(TraceAllMethod.java:66)
	at com.sun.proxy.$Proxy37.allocateBlock(Unknown Source)
	at org.apache.hadoop.ozone.client.io.BlockOutputStreamEntryPool.allocateNewBlock(BlockOutputStreamEntryPool.java:248)
	at org.apache.hadoop.ozone.client.io.BlockOutputStreamEntryPool.allocateBlockIfNeeded(BlockOutputStreamEntryPool.java:296)
	at org.apache.hadoop.ozone.client.io.KeyOutputStream.handleWrite(KeyOutputStream.java:198)
	at org.apache.hadoop.ozone.client.io.KeyOutputStream.handleRetry(KeyOutputStream.java:375)
	at org.apache.hadoop.ozone.client.io.KeyOutputStream.handleException(KeyOutputStream.java:324)
	at org.apache.hadoop.ozone.client.io.KeyOutputStream.handleFlushOrClose(KeyOutputStream.java:449)
	at org.apache.hadoop.ozone.client.io.KeyOutputStream.close(KeyOutputStream.java:473)
	at org.apache.hadoop.ozone.client.io.OzoneOutputStream.close(OzoneOutputStream.java:60)
	at org.apache.hadoop.ozone.freon.RandomKeyGenerator.createKey(RandomKeyGenerator.java:710)
	at org.apache.hadoop.ozone.freon.RandomKeyGenerator.access$1100(RandomKeyGenerator.java:88)
	at org.apache.hadoop.ozone.freon.RandomKeyGenerator$ObjectCreator.run(RandomKeyGenerator.java:615)
	at java.util.concurrent.Executors$RunnableAdapter.call(Executors.java:511)
	at java.util.concurrent.FutureTask.run(FutureTask.java:266)
	at java.util.concurrent.ThreadPoolExecutor.runWorker(ThreadPoolExecutor.java:1149)
	at java.util.concurrent.ThreadPoolExecutor$Worker.run(ThreadPoolExecutor.java:624)
	at java.lang.Thread.run(Thread.java:748)
2019-10-02 07:30:00,508 [pool-792-thread-1] ERROR freon.RandomKeyGenerator (RandomKeyGenerator.java:createKey(733)) - Exception while adding key: key-2-37339 in bucket: bucket-0-87279 of volume: vol-8-10705.
INTERNAL_ERROR org.apache.hadoop.ozone.om.exceptions.OMException: Allocated 0 blocks. Requested 1 blocks
	at org.apache.hadoop.ozone.om.protocolPB.OzoneManagerProtocolClientSideTranslatorPB.handleError(OzoneManagerProtocolClientSideTranslatorPB.java:732)
	at org.apache.hadoop.ozone.om.protocolPB.OzoneManagerProtocolClientSideTranslatorPB.allocateBlock(OzoneManagerProtocolClientSideTranslatorPB.java:764)
	at sun.reflect.GeneratedMethodAccessor426.invoke(Unknown Source)
	at sun.reflect.DelegatingMethodAccessorImpl.invoke(DelegatingMethodAccessorImpl.java:43)
	at java.lang.reflect.Method.invoke(Method.java:498)
	at org.apache.hadoop.hdds.tracing.TraceAllMethod.invoke(TraceAllMethod.java:66)
	at com.sun.proxy.$Proxy37.allocateBlock(Unknown Source)
	at org.apache.hadoop.ozone.client.io.BlockOutputStreamEntryPool.allocateNewBlock(BlockOutputStreamEntryPool.java:248)
	at org.apache.hadoop.ozone.client.io.BlockOutputStreamEntryPool.allocateBlockIfNeeded(BlockOutputStreamEntryPool.java:296)
	at org.apache.hadoop.ozone.client.io.KeyOutputStream.handleWrite(KeyOutputStream.java:198)
	at org.apache.hadoop.ozone.client.io.KeyOutputStream.handleRetry(KeyOutputStream.java:375)
	at org.apache.hadoop.ozone.client.io.KeyOutputStream.handleException(KeyOutputStream.java:324)
	at org.apache.hadoop.ozone.client.io.KeyOutputStream.handleFlushOrClose(KeyOutputStream.java:449)
	at org.apache.hadoop.ozone.client.io.KeyOutputStream.close(KeyOutputStream.java:473)
	at org.apache.hadoop.ozone.client.io.OzoneOutputStream.close(OzoneOutputStream.java:60)
	at org.apache.hadoop.ozone.freon.RandomKeyGenerator.createKey(RandomKeyGenerator.java:710)
	at org.apache.hadoop.ozone.freon.RandomKeyGenerator.access$1100(RandomKeyGenerator.java:88)
	at org.apache.hadoop.ozone.freon.RandomKeyGenerator$ObjectCreator.run(RandomKeyGenerator.java:615)
	at java.util.concurrent.Executors$RunnableAdapter.call(Executors.java:511)
	at java.util.concurrent.FutureTask.run(FutureTask.java:266)
	at java.util.concurrent.ThreadPoolExecutor.runWorker(ThreadPoolExecutor.java:1149)
	at java.util.concurrent.ThreadPoolExecutor$Worker.run(ThreadPoolExecutor.java:624)
	at java.lang.Thread.run(Thread.java:748)
 29.00% |██████████████████████████████                                                                       |  29/100 Time: 0:00:11 29.00% |██████████████████████████████                                                                       |  29/100 Time: 0:00:12 29.00% |██████████████████████████████                                                                       |  29/100 Time: 0:00:132019-10-02 07:30:03,504 [java.util.concurrent.ThreadPoolExecutor$Worker@2cbf4eaf[State = -1, empty queue]] ERROR client.GrpcClientProtocolClient (GrpcClientProtocolClient.java:close(148)) - Unexpected exception while waiting for channel termination
java.lang.InterruptedException
	at java.util.concurrent.locks.AbstractQueuedSynchronizer.tryAcquireSharedNanos(AbstractQueuedSynchronizer.java:1326)
	at java.util.concurrent.CountDownLatch.await(CountDownLatch.java:277)
	at org.apache.ratis.thirdparty.io.grpc.internal.ManagedChannelImpl.awaitTermination(ManagedChannelImpl.java:763)
	at org.apache.ratis.thirdparty.io.grpc.internal.ForwardingManagedChannel.awaitTermination(ForwardingManagedChannel.java:57)
	at org.apache.ratis.thirdparty.io.grpc.internal.ManagedChannelOrphanWrapper.awaitTermination(ManagedChannelOrphanWrapper.java:70)
	at org.apache.ratis.grpc.client.GrpcClientProtocolClient.close(GrpcClientProtocolClient.java:146)
	at org.apache.ratis.util.PeerProxyMap$PeerAndProxy.lambda$close$1(PeerProxyMap.java:74)
	at org.apache.ratis.util.LifeCycle.lambda$checkStateAndClose$2(LifeCycle.java:231)
	at org.apache.ratis.util.LifeCycle.checkStateAndClose(LifeCycle.java:251)
	at org.apache.ratis.util.LifeCycle.checkStateAndClose(LifeCycle.java:229)
	at org.apache.ratis.util.PeerProxyMap$PeerAndProxy.close(PeerProxyMap.java:70)
	at org.apache.ratis.util.PeerProxyMap.resetProxy(PeerProxyMap.java:127)
	at org.apache.ratis.util.PeerProxyMap.handleException(PeerProxyMap.java:136)
	at org.apache.ratis.client.impl.RaftClientRpcWithProxy.handleException(RaftClientRpcWithProxy.java:47)
	at org.apache.ratis.client.impl.RaftClientImpl.handleIOException(RaftClientImpl.java:372)
	at org.apache.ratis.client.impl.OrderedAsync.lambda$sendRequest$10(OrderedAsync.java:236)
	at java.util.concurrent.CompletableFuture.uniExceptionally(CompletableFuture.java:870)
	at java.util.concurrent.CompletableFuture$UniExceptionally.tryFire(CompletableFuture.java:852)
	at java.util.concurrent.CompletableFuture.postComplete(CompletableFuture.java:474)
	at java.util.concurrent.CompletableFuture.completeExceptionally(CompletableFuture.java:1977)
	at org.apache.ratis.grpc.client.GrpcClientProtocolClient$AsyncStreamObservers.lambda$timeoutCheck$3(GrpcClientProtocolClient.java:324)
	at java.util.Optional.ifPresent(Optional.java:159)
	at org.apache.ratis.grpc.client.GrpcClientProtocolClient$AsyncStreamObservers.handleReplyFuture(GrpcClientProtocolClient.java:329)
	at org.apache.ratis.grpc.client.GrpcClientProtocolClient$AsyncStreamObservers.timeoutCheck(GrpcClientProtocolClient.java:324)
	at org.apache.ratis.grpc.client.GrpcClientProtocolClient$AsyncStreamObservers.lambda$onNext$1(GrpcClientProtocolClient.java:318)
	at org.apache.ratis.util.TimeoutScheduler.lambda$onTimeout$0(TimeoutScheduler.java:113)
	at org.apache.ratis.util.TimeoutScheduler.lambda$onTimeout$1(TimeoutScheduler.java:133)
	at org.apache.ratis.util.LogUtils.runAndLog(LogUtils.java:50)
	at org.apache.ratis.util.LogUtils$1.run(LogUtils.java:91)
	at java.util.concurrent.Executors$RunnableAdapter.call(Executors.java:511)
	at java.util.concurrent.FutureTask.run(FutureTask.java:266)
	at java.util.concurrent.ScheduledThreadPoolExecutor$ScheduledFutureTask.access$201(ScheduledThreadPoolExecutor.java:180)
	at java.util.concurrent.ScheduledThreadPoolExecutor$ScheduledFutureTask.run(ScheduledThreadPoolExecutor.java:293)
	at java.util.concurrent.ThreadPoolExecutor.runWorker(ThreadPoolExecutor.java:1149)
	at java.util.concurrent.ThreadPoolExecutor$Worker.run(ThreadPoolExecutor.java:624)
	at java.lang.Thread.run(Thread.java:748)
 29.00% |██████████████████████████████                                                                       |  29/100 Time: 0:00:14 100.00% |█████████████████████████████████████████████████████████████████████████████████████████████████████|  100/100 Time: 0:00:15
]]></system-out>
  </testcase>
</testsuite>