<?xml version="1.0" encoding="UTF-8"?>
<testsuite xmlns:xsi="http://www.w3.org/2001/XMLSchema-instance" xsi:noNamespaceSchemaLocation="https://maven.apache.org/surefire/maven-surefire-plugin/xsd/surefire-test-report.xsd" name="org.apache.hadoop.ozone.client.rpc.TestWatchForCommit" time="254.745" tests="5" errors="1" skipped="0" failures="0">
  <properties>
    <property name="awt.toolkit" value="sun.awt.X11.XToolkit"/>
    <property name="file.encoding.pkg" value="sun.io"/>
    <property name="java.specification.version" value="1.8"/>
    <property name="sun.cpu.isalist" value=""/>
    <property name="sun.jnu.encoding" value="UTF-8"/>
    <property name="java.class.path" value="/workdir/hadoop-ozone/integration-test/target/test-classes:/workdir/hadoop-ozone/integration-test/target/classes:/home/user/.m2/repository/org/apache/hadoop/hadoop-ozone-common/0.5.0-SNAPSHOT/hadoop-ozone-common-0.5.0-SNAPSHOT.jar:/home/user/.m2/repository/org/apache/commons/commons-compress/1.4.1/commons-compress-1.4.1.jar:/home/user/.m2/repository/org/tukaani/xz/1.0/xz-1.0.jar:/home/user/.m2/repository/org/apache/hadoop/hadoop-common/3.2.0/hadoop-common-3.2.0.jar:/home/user/.m2/repository/org/apache/hadoop/hadoop-hdfs/3.2.0/hadoop-hdfs-3.2.0.jar:/home/user/.m2/repository/org/apache/hadoop/hadoop-hdfs-client/3.2.0/hadoop-hdfs-client-3.2.0.jar:/home/user/.m2/repository/com/fasterxml/jackson/core/jackson-annotations/2.9.9/jackson-annotations-2.9.9.jar:/home/user/.m2/repository/org/apache/hadoop/hadoop-hdds-common/0.5.0-SNAPSHOT/hadoop-hdds-common-0.5.0-SNAPSHOT.jar:/home/user/.m2/repository/javax/annotation/javax.annotation-api/1.2/javax.annotation-api-1.2.jar:/home/user/.m2/repository/org/apache/ratis/ratis-server/0.5.0-201fc85-SNAPSHOT/ratis-server-0.5.0-201fc85-SNAPSHOT.jar:/home/user/.m2/repository/org/apache/ratis/ratis-thirdparty-misc/0.2.0/ratis-thirdparty-misc-0.2.0.jar:/home/user/.m2/repository/org/apache/ratis/ratis-proto/0.5.0-201fc85-SNAPSHOT/ratis-proto-0.5.0-201fc85-SNAPSHOT.jar:/home/user/.m2/repository/org/apache/ratis/ratis-common/0.5.0-201fc85-SNAPSHOT/ratis-common-0.5.0-201fc85-SNAPSHOT.jar:/home/user/.m2/repository/org/apache/ratis/ratis-client/0.5.0-201fc85-SNAPSHOT/ratis-client-0.5.0-201fc85-SNAPSHOT.jar:/home/user/.m2/repository/org/apache/ratis/ratis-metrics/0.5.0-201fc85-SNAPSHOT/ratis-metrics-0.5.0-201fc85-SNAPSHOT.jar:/home/user/.m2/repository/com/github/joshelser/dropwizard-metrics-hadoop-metrics2-reporter/0.1.2/dropwizard-metrics-hadoop-metrics2-reporter-0.1.2.jar:/home/user/.m2/repository/io/dropwizard/metrics/metrics-jvm/3.2.5/metrics-jvm-3.2.5.jar:/home/user/.m2/repository/io/dropwizard/metrics/metrics-ganglia/3.2.5/metrics-ganglia-3.2.5.jar:/home/user/.m2/repository/info/ganglia/gmetric4j/gmetric4j/1.0.7/gmetric4j-1.0.7.jar:/home/user/.m2/repository/org/apache/ratis/ratis-netty/0.5.0-201fc85-SNAPSHOT/ratis-netty-0.5.0-201fc85-SNAPSHOT.jar:/home/user/.m2/repository/org/apache/ratis/ratis-grpc/0.5.0-201fc85-SNAPSHOT/ratis-grpc-0.5.0-201fc85-SNAPSHOT.jar:/home/user/.m2/repository/org/rocksdb/rocksdbjni/6.0.1/rocksdbjni-6.0.1.jar:/home/user/.m2/repository/org/apache/logging/log4j/log4j-api/2.11.0/log4j-api-2.11.0.jar:/home/user/.m2/repository/org/apache/logging/log4j/log4j-core/2.11.0/log4j-core-2.11.0.jar:/home/user/.m2/repository/com/lmax/disruptor/3.4.2/disruptor-3.4.2.jar:/home/user/.m2/repository/org/apache/commons/commons-pool2/2.6.0/commons-pool2-2.6.0.jar:/home/user/.m2/repository/org/bouncycastle/bcpkix-jdk15on/1.60/bcpkix-jdk15on-1.60.jar:/home/user/.m2/repository/commons-validator/commons-validator/1.6/commons-validator-1.6.jar:/home/user/.m2/repository/commons-digester/commons-digester/1.8.1/commons-digester-1.8.1.jar:/home/user/.m2/repository/io/jaegertracing/jaeger-client/0.34.0/jaeger-client-0.34.0.jar:/home/user/.m2/repository/io/jaegertracing/jaeger-thrift/0.34.0/jaeger-thrift-0.34.0.jar:/home/user/.m2/repository/org/apache/thrift/libthrift/0.12.0/libthrift-0.12.0.jar:/home/user/.m2/repository/com/squareup/okhttp3/okhttp/3.9.0/okhttp-3.9.0.jar:/home/user/.m2/repository/com/squareup/okio/okio/1.13.0/okio-1.13.0.jar:/home/user/.m2/repository/io/jaegertracing/jaeger-core/0.34.0/jaeger-core-0.34.0.jar:/home/user/.m2/repository/io/jaegertracing/jaeger-tracerresolver/0.34.0/jaeger-tracerresolver-0.34.0.jar:/home/user/.m2/repository/io/opentracing/contrib/opentracing-tracerresolver/0.1.5/opentracing-tracerresolver-0.1.5.jar:/home/user/.m2/repository/io/opentracing/opentracing-util/0.31.0/opentracing-util-0.31.0.jar:/home/user/.m2/repository/io/opentracing/opentracing-api/0.31.0/opentracing-api-0.31.0.jar:/home/user/.m2/repository/io/opentracing/opentracing-noop/0.31.0/opentracing-noop-0.31.0.jar:/home/user/.m2/repository/org/apache/hadoop/hadoop-hdds-server-framework/0.5.0-SNAPSHOT/hadoop-hdds-server-framework-0.5.0-SNAPSHOT.jar:/home/user/.m2/repository/org/apache/hadoop/hadoop-hdds-container-service/0.5.0-SNAPSHOT/hadoop-hdds-container-service-0.5.0-SNAPSHOT.jar:/home/user/.m2/repository/org/apache/hadoop/hadoop-hdds-client/0.5.0-SNAPSHOT/hadoop-hdds-client-0.5.0-SNAPSHOT.jar:/home/user/.m2/repository/org/apache/hadoop/hadoop-hdds-tools/0.5.0-SNAPSHOT/hadoop-hdds-tools-0.5.0-SNAPSHOT.jar:/home/user/.m2/repository/org/apache/hadoop/hadoop-hdds-server-scm/0.5.0-SNAPSHOT/hadoop-hdds-server-scm-0.5.0-SNAPSHOT.jar:/home/user/.m2/repository/org/apache/hadoop/hadoop-hdds-docs/0.5.0-SNAPSHOT/hadoop-hdds-docs-0.5.0-SNAPSHOT.jar:/home/user/.m2/repository/io/dropwizard/metrics/metrics-core/3.2.4/metrics-core-3.2.4.jar:/home/user/.m2/repository/org/hamcrest/hamcrest-all/1.3/hamcrest-all-1.3.jar:/home/user/.m2/repository/org/bouncycastle/bcprov-jdk15on/1.60/bcprov-jdk15on-1.60.jar:/home/user/.m2/repository/info/picocli/picocli/3.9.6/picocli-3.9.6.jar:/home/user/.m2/repository/com/google/protobuf/protobuf-java/2.5.0/protobuf-java-2.5.0.jar:/home/user/.m2/repository/com/google/guava/guava/11.0.2/guava-11.0.2.jar:/home/user/.m2/repository/org/apache/hadoop/hadoop-ozone-ozone-manager/0.5.0-SNAPSHOT/hadoop-ozone-ozone-manager-0.5.0-SNAPSHOT.jar:/home/user/.m2/repository/org/apache/hadoop/hadoop-minikdc/3.2.0/hadoop-minikdc-3.2.0.jar:/home/user/.m2/repository/commons-io/commons-io/2.5/commons-io-2.5.jar:/home/user/.m2/repository/org/apache/kerby/kerb-simplekdc/1.0.1/kerb-simplekdc-1.0.1.jar:/home/user/.m2/repository/org/apache/kerby/kerb-client/1.0.1/kerb-client-1.0.1.jar:/home/user/.m2/repository/org/apache/kerby/kerby-config/1.0.1/kerby-config-1.0.1.jar:/home/user/.m2/repository/org/apache/kerby/kerb-core/1.0.1/kerb-core-1.0.1.jar:/home/user/.m2/repository/org/apache/kerby/kerby-pkix/1.0.1/kerby-pkix-1.0.1.jar:/home/user/.m2/repository/org/apache/kerby/kerby-asn1/1.0.1/kerby-asn1-1.0.1.jar:/home/user/.m2/repository/org/apache/kerby/kerby-util/1.0.1/kerby-util-1.0.1.jar:/home/user/.m2/repository/org/apache/kerby/kerb-common/1.0.1/kerb-common-1.0.1.jar:/home/user/.m2/repository/org/apache/kerby/kerb-crypto/1.0.1/kerb-crypto-1.0.1.jar:/home/user/.m2/repository/org/apache/kerby/kerb-util/1.0.1/kerb-util-1.0.1.jar:/home/user/.m2/repository/org/apache/kerby/token-provider/1.0.1/token-provider-1.0.1.jar:/home/user/.m2/repository/org/apache/kerby/kerb-admin/1.0.1/kerb-admin-1.0.1.jar:/home/user/.m2/repository/org/apache/kerby/kerb-server/1.0.1/kerb-server-1.0.1.jar:/home/user/.m2/repository/org/apache/kerby/kerb-identity/1.0.1/kerb-identity-1.0.1.jar:/home/user/.m2/repository/org/apache/kerby/kerby-xdr/1.0.1/kerby-xdr-1.0.1.jar:/home/user/.m2/repository/org/slf4j/slf4j-log4j12/1.7.25/slf4j-log4j12-1.7.25.jar:/home/user/.m2/repository/org/apache/hadoop/hadoop-ozone-s3gateway/0.5.0-SNAPSHOT/hadoop-ozone-s3gateway-0.5.0-SNAPSHOT.jar:/home/user/.m2/repository/org/jboss/weld/servlet/weld-servlet/2.4.7.Final/weld-servlet-2.4.7.Final.jar:/home/user/.m2/repository/org/glassfish/jersey/containers/jersey-container-servlet-core/2.27/jersey-container-servlet-core-2.27.jar:/home/user/.m2/repository/org/glassfish/hk2/external/javax.inject/2.5.0-b42/javax.inject-2.5.0-b42.jar:/home/user/.m2/repository/org/glassfish/jersey/core/jersey-common/2.27/jersey-common-2.27.jar:/home/user/.m2/repository/org/glassfish/hk2/osgi-resource-locator/1.0.1/osgi-resource-locator-1.0.1.jar:/home/user/.m2/repository/javax/ws/rs/javax.ws.rs-api/2.1/javax.ws.rs-api-2.1.jar:/home/user/.m2/repository/org/glassfish/jersey/ext/cdi/jersey-cdi1x/2.27/jersey-cdi1x-2.27.jar:/home/user/.m2/repository/org/glassfish/jersey/inject/jersey-hk2/2.27/jersey-hk2-2.27.jar:/home/user/.m2/repository/org/glassfish/hk2/hk2-locator/2.5.0-b42/hk2-locator-2.5.0-b42.jar:/home/user/.m2/repository/org/javassist/javassist/3.22.0-CR2/javassist-3.22.0-CR2.jar:/home/user/.m2/repository/org/glassfish/hk2/hk2-api/2.5.0/hk2-api-2.5.0.jar:/home/user/.m2/repository/org/glassfish/hk2/external/jakarta.inject/2.5.0/jakarta.inject-2.5.0.jar:/home/user/.m2/repository/org/glassfish/hk2/hk2-utils/2.5.0/hk2-utils-2.5.0.jar:/home/user/.m2/repository/jakarta/annotation/jakarta.annotation-api/1.3.4/jakarta.annotation-api-1.3.4.jar:/home/user/.m2/repository/org/glassfish/hk2/external/aopalliance-repackaged/2.5.0/aopalliance-repackaged-2.5.0.jar:/home/user/.m2/repository/com/fasterxml/jackson/dataformat/jackson-dataformat-xml/2.9.0/jackson-dataformat-xml-2.9.0.jar:/home/user/.m2/repository/com/fasterxml/jackson/core/jackson-core/2.9.9/jackson-core-2.9.9.jar:/home/user/.m2/repository/com/fasterxml/jackson/module/jackson-module-jaxb-annotations/2.9.9/jackson-module-jaxb-annotations-2.9.9.jar:/home/user/.m2/repository/javax/enterprise/cdi-api/1.2/cdi-api-1.2.jar:/home/user/.m2/repository/javax/el/javax.el-api/3.0.0/javax.el-api-3.0.0.jar:/home/user/.m2/repository/javax/interceptor/javax.interceptor-api/1.2/javax.interceptor-api-1.2.jar:/home/user/.m2/repository/javax/inject/javax.inject/1/javax.inject-1.jar:/home/user/.m2/repository/com/sun/xml/bind/jaxb-impl/2.3.0.1/jaxb-impl-2.3.0.1.jar:/home/user/.m2/repository/com/sun/xml/bind/jaxb-core/2.3.0.1/jaxb-core-2.3.0.1.jar:/home/user/.m2/repository/javax/xml/bind/jaxb-api/2.3.0/jaxb-api-2.3.0.jar:/home/user/.m2/repository/javax/activation/activation/1.1.1/activation-1.1.1.jar:/home/user/.m2/repository/org/apache/hadoop/hadoop-ozone-csi/0.5.0-SNAPSHOT/hadoop-ozone-csi-0.5.0-SNAPSHOT.jar:/home/user/.m2/repository/com/google/protobuf/protobuf-java-util/3.5.1/protobuf-java-util-3.5.1.jar:/home/user/.m2/repository/org/apache/hadoop/hadoop-hdds-config/0.5.0-SNAPSHOT/hadoop-hdds-config-0.5.0-SNAPSHOT.jar:/home/user/.m2/repository/io/grpc/grpc-netty/1.17.1/grpc-netty-1.17.1.jar:/home/user/.m2/repository/io/grpc/grpc-core/1.17.1/grpc-core-1.17.1.jar:/home/user/.m2/repository/io/grpc/grpc-context/1.17.1/grpc-context-1.17.1.jar:/home/user/.m2/repository/com/google/errorprone/error_prone_annotations/2.2.0/error_prone_annotations-2.2.0.jar:/home/user/.m2/repository/org/codehaus/mojo/animal-sniffer-annotations/1.17/animal-sniffer-annotations-1.17.jar:/home/user/.m2/repository/io/opencensus/opencensus-api/0.17.0/opencensus-api-0.17.0.jar:/home/user/.m2/repository/io/opencensus/opencensus-contrib-grpc-metrics/0.17.0/opencensus-contrib-grpc-metrics-0.17.0.jar:/home/user/.m2/repository/io/netty/netty-codec-http2/4.1.30.Final/netty-codec-http2-4.1.30.Final.jar:/home/user/.m2/repository/io/netty/netty-codec-http/4.1.30.Final/netty-codec-http-4.1.30.Final.jar:/home/user/.m2/repository/io/netty/netty-codec/4.1.30.Final/netty-codec-4.1.30.Final.jar:/home/user/.m2/repository/io/netty/netty-handler/4.1.30.Final/netty-handler-4.1.30.Final.jar:/home/user/.m2/repository/io/netty/netty-handler-proxy/4.1.30.Final/netty-handler-proxy-4.1.30.Final.jar:/home/user/.m2/repository/io/netty/netty-codec-socks/4.1.30.Final/netty-codec-socks-4.1.30.Final.jar:/home/user/.m2/repository/io/netty/netty-transport-native-epoll/4.1.30.Final/netty-transport-native-epoll-4.1.30.Final.jar:/home/user/.m2/repository/io/netty/netty-common/4.1.30.Final/netty-common-4.1.30.Final.jar:/home/user/.m2/repository/io/netty/netty-buffer/4.1.30.Final/netty-buffer-4.1.30.Final.jar:/home/user/.m2/repository/io/netty/netty-transport/4.1.30.Final/netty-transport-4.1.30.Final.jar:/home/user/.m2/repository/io/netty/netty-resolver/4.1.30.Final/netty-resolver-4.1.30.Final.jar:/home/user/.m2/repository/io/netty/netty-transport-native-unix-common/4.1.30.Final/netty-transport-native-unix-common-4.1.30.Final.jar:/home/user/.m2/repository/io/grpc/grpc-protobuf/1.17.1/grpc-protobuf-1.17.1.jar:/home/user/.m2/repository/com/google/api/grpc/proto-google-common-protos/1.0.0/proto-google-common-protos-1.0.0.jar:/home/user/.m2/repository/io/grpc/grpc-protobuf-lite/1.17.1/grpc-protobuf-lite-1.17.1.jar:/home/user/.m2/repository/io/grpc/grpc-stub/1.17.1/grpc-stub-1.17.1.jar:/home/user/.m2/repository/org/apache/hadoop/hadoop-ozone-recon/0.5.0-SNAPSHOT/hadoop-ozone-recon-0.5.0-SNAPSHOT.jar:/home/user/.m2/repository/org/apache/hadoop/hadoop-ozone-reconcodegen/0.5.0-SNAPSHOT/hadoop-ozone-reconcodegen-0.5.0-SNAPSHOT.jar:/home/user/.m2/repository/com/google/inject/extensions/guice-multibindings/4.0/guice-multibindings-4.0.jar:/home/user/.m2/repository/com/google/inject/guice/4.0/guice-4.0.jar:/home/user/.m2/repository/aopalliance/aopalliance/1.0/aopalliance-1.0.jar:/home/user/.m2/repository/com/google/inject/extensions/guice-servlet/4.0/guice-servlet-4.0.jar:/home/user/.m2/repository/org/glassfish/jersey/containers/jersey-container-servlet/2.27/jersey-container-servlet-2.27.jar:/home/user/.m2/repository/org/glassfish/hk2/guice-bridge/2.5.0/guice-bridge-2.5.0.jar:/home/user/.m2/repository/org/glassfish/jersey/core/jersey-server/2.27/jersey-server-2.27.jar:/home/user/.m2/repository/org/glassfish/jersey/core/jersey-client/2.27/jersey-client-2.27.jar:/home/user/.m2/repository/org/glassfish/jersey/media/jersey-media-jaxb/2.27/jersey-media-jaxb-2.27.jar:/home/user/.m2/repository/javax/validation/validation-api/1.1.0.Final/validation-api-1.1.0.Final.jar:/home/user/.m2/repository/org/glassfish/jersey/media/jersey-media-json-jackson/2.27/jersey-media-json-jackson-2.27.jar:/home/user/.m2/repository/org/glassfish/jersey/ext/jersey-entity-filtering/2.27/jersey-entity-filtering-2.27.jar:/home/user/.m2/repository/com/google/inject/extensions/guice-assistedinject/4.0/guice-assistedinject-4.0.jar:/home/user/.m2/repository/org/jooq/jooq/3.11.10/jooq-3.11.10.jar:/home/user/.m2/repository/org/jooq/jooq-meta/3.11.10/jooq-meta-3.11.10.jar:/home/user/.m2/repository/org/jooq/jooq-codegen/3.11.10/jooq-codegen-3.11.10.jar:/home/user/.m2/repository/com/jolbox/bonecp/0.8.0.RELEASE/bonecp-0.8.0.RELEASE.jar:/home/user/.m2/repository/org/xerial/sqlite-jdbc/3.25.2/sqlite-jdbc-3.25.2.jar:/home/user/.m2/repository/org/springframework/spring-jdbc/5.1.3.RELEASE/spring-jdbc-5.1.3.RELEASE.jar:/home/user/.m2/repository/org/springframework/spring-beans/5.1.3.RELEASE/spring-beans-5.1.3.RELEASE.jar:/home/user/.m2/repository/org/springframework/spring-core/5.1.3.RELEASE/spring-core-5.1.3.RELEASE.jar:/home/user/.m2/repository/org/springframework/spring-jcl/5.1.3.RELEASE/spring-jcl-5.1.3.RELEASE.jar:/home/user/.m2/repository/org/springframework/spring-tx/5.1.3.RELEASE/spring-tx-5.1.3.RELEASE.jar:/home/user/.m2/repository/org/apache/hadoop/hadoop-ozone-client/0.5.0-SNAPSHOT/hadoop-ozone-client-0.5.0-SNAPSHOT.jar:/home/user/.m2/repository/commons-lang/commons-lang/2.6/commons-lang-2.6.jar:/home/user/.m2/repository/org/apache/hadoop/hadoop-ozone-ozone-manager/0.5.0-SNAPSHOT/hadoop-ozone-ozone-manager-0.5.0-SNAPSHOT-tests.jar:/home/user/.m2/repository/junit/junit/4.11/junit-4.11.jar:/home/user/.m2/repository/org/hamcrest/hamcrest-core/1.3/hamcrest-core-1.3.jar:/home/user/.m2/repository/org/openjdk/jmh/jmh-core/1.19/jmh-core-1.19.jar:/home/user/.m2/repository/net/sf/jopt-simple/jopt-simple/4.6/jopt-simple-4.6.jar:/home/user/.m2/repository/org/apache/commons/commons-math3/3.1.1/commons-math3-3.1.1.jar:/home/user/.m2/repository/org/openjdk/jmh/jmh-generator-annprocess/1.19/jmh-generator-annprocess-1.19.jar:/home/user/.m2/repository/org/mockito/mockito-all/1.8.5/mockito-all-1.8.5.jar:/home/user/.m2/repository/org/apache/hadoop/hadoop-kms/3.2.0/hadoop-kms-3.2.0.jar:/home/user/.m2/repository/org/apache/hadoop/hadoop-auth/3.2.0/hadoop-auth-3.2.0.jar:/home/user/.m2/repository/com/nimbusds/nimbus-jose-jwt/4.41.1/nimbus-jose-jwt-4.41.1.jar:/home/user/.m2/repository/com/github/stephenc/jcip/jcip-annotations/1.0-1/jcip-annotations-1.0-1.jar:/home/user/.m2/repository/net/minidev/json-smart/2.3/json-smart-2.3.jar:/home/user/.m2/repository/net/minidev/accessors-smart/1.2/accessors-smart-1.2.jar:/home/user/.m2/repository/org/ow2/asm/asm/5.0.4/asm-5.0.4.jar:/home/user/.m2/repository/org/apache/curator/curator-framework/2.12.0/curator-framework-2.12.0.jar:/home/user/.m2/repository/com/sun/jersey/jersey-core/1.19/jersey-core-1.19.jar:/home/user/.m2/repository/javax/ws/rs/jsr311-api/1.1.1/jsr311-api-1.1.1.jar:/home/user/.m2/repository/com/sun/jersey/jersey-server/1.19/jersey-server-1.19.jar:/home/user/.m2/repository/javax/servlet/javax.servlet-api/3.1.0/javax.servlet-api-3.1.0.jar:/home/user/.m2/repository/org/eclipse/jetty/jetty-server/9.3.25.v20180904/jetty-server-9.3.25.v20180904.jar:/home/user/.m2/repository/org/eclipse/jetty/jetty-http/9.3.25.v20180904/jetty-http-9.3.25.v20180904.jar:/home/user/.m2/repository/org/eclipse/jetty/jetty-io/9.3.25.v20180904/jetty-io-9.3.25.v20180904.jar:/home/user/.m2/repository/org/eclipse/jetty/jetty-webapp/9.3.25.v20180904/jetty-webapp-9.3.25.v20180904.jar:/home/user/.m2/repository/org/eclipse/jetty/jetty-xml/9.3.25.v20180904/jetty-xml-9.3.25.v20180904.jar:/home/user/.m2/repository/log4j/log4j/1.2.17/log4j-1.2.17.jar:/home/user/.m2/repository/org/slf4j/slf4j-api/1.7.25/slf4j-api-1.7.25.jar:/home/user/.m2/repository/org/slf4j/jul-to-slf4j/1.7.25/jul-to-slf4j-1.7.25.jar:/home/user/.m2/repository/org/eclipse/jetty/jetty-util/9.3.25.v20180904/jetty-util-9.3.25.v20180904.jar:/home/user/.m2/repository/com/fasterxml/jackson/core/jackson-databind/2.9.9/jackson-databind-2.9.9.jar:/home/user/.m2/repository/org/apache/hadoop/hadoop-kms/3.2.0/hadoop-kms-3.2.0-tests.jar:/home/user/.m2/repository/org/apache/hadoop/hadoop-hdds-server-scm/0.5.0-SNAPSHOT/hadoop-hdds-server-scm-0.5.0-SNAPSHOT-tests.jar:/home/user/.m2/repository/org/apache/hadoop/hadoop-hdds-container-service/0.5.0-SNAPSHOT/hadoop-hdds-container-service-0.5.0-SNAPSHOT-tests.jar:/home/user/.m2/repository/org/yaml/snakeyaml/1.16/snakeyaml-1.16.jar:/home/user/.m2/repository/org/apache/hadoop/hadoop-common/3.2.0/hadoop-common-3.2.0-tests.jar:/home/user/.m2/repository/org/apache/hadoop/hadoop-annotations/3.2.0/hadoop-annotations-3.2.0.jar:/usr/lib/jvm/java-1.8-openjdk/jre/../lib/tools.jar:/home/user/.m2/repository/commons-cli/commons-cli/1.2/commons-cli-1.2.jar:/home/user/.m2/repository/org/apache/httpcomponents/httpclient/4.5.2/httpclient-4.5.2.jar:/home/user/.m2/repository/org/apache/httpcomponents/httpcore/4.4.4/httpcore-4.4.4.jar:/home/user/.m2/repository/commons-codec/commons-codec/1.11/commons-codec-1.11.jar:/home/user/.m2/repository/commons-net/commons-net/3.6/commons-net-3.6.jar:/home/user/.m2/repository/commons-collections/commons-collections/3.2.2/commons-collections-3.2.2.jar:/home/user/.m2/repository/org/eclipse/jetty/jetty-servlet/9.3.25.v20180904/jetty-servlet-9.3.25.v20180904.jar:/home/user/.m2/repository/org/eclipse/jetty/jetty-security/9.3.25.v20180904/jetty-security-9.3.25.v20180904.jar:/home/user/.m2/repository/javax/servlet/jsp/jsp-api/2.1/jsp-api-2.1.jar:/home/user/.m2/repository/com/sun/jersey/jersey-servlet/1.19/jersey-servlet-1.19.jar:/home/user/.m2/repository/com/sun/jersey/jersey-json/1.19/jersey-json-1.19.jar:/home/user/.m2/repository/org/codehaus/jettison/jettison/1.1/jettison-1.1.jar:/home/user/.m2/repository/org/codehaus/jackson/jackson-core-asl/1.9.13/jackson-core-asl-1.9.13.jar:/home/user/.m2/repository/org/codehaus/jackson/jackson-mapper-asl/1.9.13/jackson-mapper-asl-1.9.13.jar:/home/user/.m2/repository/org/codehaus/jackson/jackson-jaxrs/1.9.13/jackson-jaxrs-1.9.13.jar:/home/user/.m2/repository/org/codehaus/jackson/jackson-xc/1.9.13/jackson-xc-1.9.13.jar:/home/user/.m2/repository/commons-logging/commons-logging/1.1.3/commons-logging-1.1.3.jar:/home/user/.m2/repository/commons-beanutils/commons-beanutils/1.9.4/commons-beanutils-1.9.4.jar:/home/user/.m2/repository/org/apache/commons/commons-configuration2/2.1.1/commons-configuration2-2.1.1.jar:/home/user/.m2/repository/org/apache/commons/commons-lang3/3.7/commons-lang3-3.7.jar:/home/user/.m2/repository/org/apache/commons/commons-text/1.4/commons-text-1.4.jar:/home/user/.m2/repository/org/apache/avro/avro/1.7.7/avro-1.7.7.jar:/home/user/.m2/repository/com/thoughtworks/paranamer/paranamer/2.3/paranamer-2.3.jar:/home/user/.m2/repository/org/xerial/snappy/snappy-java/1.0.5/snappy-java-1.0.5.jar:/home/user/.m2/repository/com/google/re2j/re2j/1.1/re2j-1.1.jar:/home/user/.m2/repository/com/google/code/gson/gson/2.2.4/gson-2.2.4.jar:/home/user/.m2/repository/com/jcraft/jsch/0.1.54/jsch-0.1.54.jar:/home/user/.m2/repository/org/apache/curator/curator-client/2.12.0/curator-client-2.12.0.jar:/home/user/.m2/repository/org/apache/curator/curator-recipes/2.12.0/curator-recipes-2.12.0.jar:/home/user/.m2/repository/com/google/code/findbugs/jsr305/3.0.0/jsr305-3.0.0.jar:/home/user/.m2/repository/org/apache/htrace/htrace-core4/4.1.0-incubating/htrace-core4-4.1.0-incubating.jar:/home/user/.m2/repository/org/apache/zookeeper/zookeeper/3.4.13/zookeeper-3.4.13.jar:/home/user/.m2/repository/jline/jline/0.9.94/jline-0.9.94.jar:/home/user/.m2/repository/org/apache/yetus/audience-annotations/0.5.0/audience-annotations-0.5.0.jar:/home/user/.m2/repository/org/codehaus/woodstox/stax2-api/3.1.4/stax2-api-3.1.4.jar:/home/user/.m2/repository/com/fasterxml/woodstox/woodstox-core/5.0.3/woodstox-core-5.0.3.jar:/home/user/.m2/repository/dnsjava/dnsjava/2.1.7/dnsjava-2.1.7.jar:/home/user/.m2/repository/org/apache/hadoop/hadoop-hdfs/3.2.0/hadoop-hdfs-3.2.0-tests.jar:/home/user/.m2/repository/org/eclipse/jetty/jetty-util-ajax/9.3.25.v20180904/jetty-util-ajax-9.3.25.v20180904.jar:/home/user/.m2/repository/commons-daemon/commons-daemon/1.0.13/commons-daemon-1.0.13.jar:/home/user/.m2/repository/io/netty/netty/3.10.5.Final/netty-3.10.5.Final.jar:/home/user/.m2/repository/io/netty/netty-all/4.0.52.Final/netty-all-4.0.52.Final.jar:/home/user/.m2/repository/org/fusesource/leveldbjni/leveldbjni-all/1.8/leveldbjni-all-1.8.jar:"/>
    <property name="java.vm.vendor" value="IcedTea"/>
    <property name="sun.arch.data.model" value="64"/>
    <property name="test.build.dir" value="/workdir/hadoop-ozone/integration-test/target/test-dir"/>
    <property name="test.cache.data" value=""/>
    <property name="java.vendor.url" value="https://icedtea.classpath.org"/>
    <property name="user.timezone" value=""/>
    <property name="java.vm.specification.version" value="1.8"/>
    <property name="os.name" value="Linux"/>
    <property name="test.build.data" value="/workdir/hadoop-ozone/integration-test/target/test-dir"/>
    <property name="user.country" value="US"/>
    <property name="sun.java.launcher" value="SUN_STANDARD"/>
    <property name="sun.boot.library.path" value="/usr/lib/jvm/java-1.8-openjdk/jre/lib/amd64"/>
    <property name="sun.java.command" value="/workdir/hadoop-ozone/integration-test/target/surefire/surefirebooter4468046597700100107.jar /workdir/hadoop-ozone/integration-test/target/surefire 2019-10-11T02-50-46_393-jvmRun1 surefire591841993131929161tmp surefire_762082054284751427181tmp"/>
    <property name="test" value="!TestMiniChaosOzoneCluster"/>
    <property name="surefire.test.class.path" value="/workdir/hadoop-ozone/integration-test/target/test-classes:/workdir/hadoop-ozone/integration-test/target/classes:/home/user/.m2/repository/org/apache/hadoop/hadoop-ozone-common/0.5.0-SNAPSHOT/hadoop-ozone-common-0.5.0-SNAPSHOT.jar:/home/user/.m2/repository/org/apache/commons/commons-compress/1.4.1/commons-compress-1.4.1.jar:/home/user/.m2/repository/org/tukaani/xz/1.0/xz-1.0.jar:/home/user/.m2/repository/org/apache/hadoop/hadoop-common/3.2.0/hadoop-common-3.2.0.jar:/home/user/.m2/repository/org/apache/hadoop/hadoop-hdfs/3.2.0/hadoop-hdfs-3.2.0.jar:/home/user/.m2/repository/org/apache/hadoop/hadoop-hdfs-client/3.2.0/hadoop-hdfs-client-3.2.0.jar:/home/user/.m2/repository/com/fasterxml/jackson/core/jackson-annotations/2.9.9/jackson-annotations-2.9.9.jar:/home/user/.m2/repository/org/apache/hadoop/hadoop-hdds-common/0.5.0-SNAPSHOT/hadoop-hdds-common-0.5.0-SNAPSHOT.jar:/home/user/.m2/repository/javax/annotation/javax.annotation-api/1.2/javax.annotation-api-1.2.jar:/home/user/.m2/repository/org/apache/ratis/ratis-server/0.5.0-201fc85-SNAPSHOT/ratis-server-0.5.0-201fc85-SNAPSHOT.jar:/home/user/.m2/repository/org/apache/ratis/ratis-thirdparty-misc/0.2.0/ratis-thirdparty-misc-0.2.0.jar:/home/user/.m2/repository/org/apache/ratis/ratis-proto/0.5.0-201fc85-SNAPSHOT/ratis-proto-0.5.0-201fc85-SNAPSHOT.jar:/home/user/.m2/repository/org/apache/ratis/ratis-common/0.5.0-201fc85-SNAPSHOT/ratis-common-0.5.0-201fc85-SNAPSHOT.jar:/home/user/.m2/repository/org/apache/ratis/ratis-client/0.5.0-201fc85-SNAPSHOT/ratis-client-0.5.0-201fc85-SNAPSHOT.jar:/home/user/.m2/repository/org/apache/ratis/ratis-metrics/0.5.0-201fc85-SNAPSHOT/ratis-metrics-0.5.0-201fc85-SNAPSHOT.jar:/home/user/.m2/repository/com/github/joshelser/dropwizard-metrics-hadoop-metrics2-reporter/0.1.2/dropwizard-metrics-hadoop-metrics2-reporter-0.1.2.jar:/home/user/.m2/repository/io/dropwizard/metrics/metrics-jvm/3.2.5/metrics-jvm-3.2.5.jar:/home/user/.m2/repository/io/dropwizard/metrics/metrics-ganglia/3.2.5/metrics-ganglia-3.2.5.jar:/home/user/.m2/repository/info/ganglia/gmetric4j/gmetric4j/1.0.7/gmetric4j-1.0.7.jar:/home/user/.m2/repository/org/apache/ratis/ratis-netty/0.5.0-201fc85-SNAPSHOT/ratis-netty-0.5.0-201fc85-SNAPSHOT.jar:/home/user/.m2/repository/org/apache/ratis/ratis-grpc/0.5.0-201fc85-SNAPSHOT/ratis-grpc-0.5.0-201fc85-SNAPSHOT.jar:/home/user/.m2/repository/org/rocksdb/rocksdbjni/6.0.1/rocksdbjni-6.0.1.jar:/home/user/.m2/repository/org/apache/logging/log4j/log4j-api/2.11.0/log4j-api-2.11.0.jar:/home/user/.m2/repository/org/apache/logging/log4j/log4j-core/2.11.0/log4j-core-2.11.0.jar:/home/user/.m2/repository/com/lmax/disruptor/3.4.2/disruptor-3.4.2.jar:/home/user/.m2/repository/org/apache/commons/commons-pool2/2.6.0/commons-pool2-2.6.0.jar:/home/user/.m2/repository/org/bouncycastle/bcpkix-jdk15on/1.60/bcpkix-jdk15on-1.60.jar:/home/user/.m2/repository/commons-validator/commons-validator/1.6/commons-validator-1.6.jar:/home/user/.m2/repository/commons-digester/commons-digester/1.8.1/commons-digester-1.8.1.jar:/home/user/.m2/repository/io/jaegertracing/jaeger-client/0.34.0/jaeger-client-0.34.0.jar:/home/user/.m2/repository/io/jaegertracing/jaeger-thrift/0.34.0/jaeger-thrift-0.34.0.jar:/home/user/.m2/repository/org/apache/thrift/libthrift/0.12.0/libthrift-0.12.0.jar:/home/user/.m2/repository/com/squareup/okhttp3/okhttp/3.9.0/okhttp-3.9.0.jar:/home/user/.m2/repository/com/squareup/okio/okio/1.13.0/okio-1.13.0.jar:/home/user/.m2/repository/io/jaegertracing/jaeger-core/0.34.0/jaeger-core-0.34.0.jar:/home/user/.m2/repository/io/jaegertracing/jaeger-tracerresolver/0.34.0/jaeger-tracerresolver-0.34.0.jar:/home/user/.m2/repository/io/opentracing/contrib/opentracing-tracerresolver/0.1.5/opentracing-tracerresolver-0.1.5.jar:/home/user/.m2/repository/io/opentracing/opentracing-util/0.31.0/opentracing-util-0.31.0.jar:/home/user/.m2/repository/io/opentracing/opentracing-api/0.31.0/opentracing-api-0.31.0.jar:/home/user/.m2/repository/io/opentracing/opentracing-noop/0.31.0/opentracing-noop-0.31.0.jar:/home/user/.m2/repository/org/apache/hadoop/hadoop-hdds-server-framework/0.5.0-SNAPSHOT/hadoop-hdds-server-framework-0.5.0-SNAPSHOT.jar:/home/user/.m2/repository/org/apache/hadoop/hadoop-hdds-container-service/0.5.0-SNAPSHOT/hadoop-hdds-container-service-0.5.0-SNAPSHOT.jar:/home/user/.m2/repository/org/apache/hadoop/hadoop-hdds-client/0.5.0-SNAPSHOT/hadoop-hdds-client-0.5.0-SNAPSHOT.jar:/home/user/.m2/repository/org/apache/hadoop/hadoop-hdds-tools/0.5.0-SNAPSHOT/hadoop-hdds-tools-0.5.0-SNAPSHOT.jar:/home/user/.m2/repository/org/apache/hadoop/hadoop-hdds-server-scm/0.5.0-SNAPSHOT/hadoop-hdds-server-scm-0.5.0-SNAPSHOT.jar:/home/user/.m2/repository/org/apache/hadoop/hadoop-hdds-docs/0.5.0-SNAPSHOT/hadoop-hdds-docs-0.5.0-SNAPSHOT.jar:/home/user/.m2/repository/io/dropwizard/metrics/metrics-core/3.2.4/metrics-core-3.2.4.jar:/home/user/.m2/repository/org/hamcrest/hamcrest-all/1.3/hamcrest-all-1.3.jar:/home/user/.m2/repository/org/bouncycastle/bcprov-jdk15on/1.60/bcprov-jdk15on-1.60.jar:/home/user/.m2/repository/info/picocli/picocli/3.9.6/picocli-3.9.6.jar:/home/user/.m2/repository/com/google/protobuf/protobuf-java/2.5.0/protobuf-java-2.5.0.jar:/home/user/.m2/repository/com/google/guava/guava/11.0.2/guava-11.0.2.jar:/home/user/.m2/repository/org/apache/hadoop/hadoop-ozone-ozone-manager/0.5.0-SNAPSHOT/hadoop-ozone-ozone-manager-0.5.0-SNAPSHOT.jar:/home/user/.m2/repository/org/apache/hadoop/hadoop-minikdc/3.2.0/hadoop-minikdc-3.2.0.jar:/home/user/.m2/repository/commons-io/commons-io/2.5/commons-io-2.5.jar:/home/user/.m2/repository/org/apache/kerby/kerb-simplekdc/1.0.1/kerb-simplekdc-1.0.1.jar:/home/user/.m2/repository/org/apache/kerby/kerb-client/1.0.1/kerb-client-1.0.1.jar:/home/user/.m2/repository/org/apache/kerby/kerby-config/1.0.1/kerby-config-1.0.1.jar:/home/user/.m2/repository/org/apache/kerby/kerb-core/1.0.1/kerb-core-1.0.1.jar:/home/user/.m2/repository/org/apache/kerby/kerby-pkix/1.0.1/kerby-pkix-1.0.1.jar:/home/user/.m2/repository/org/apache/kerby/kerby-asn1/1.0.1/kerby-asn1-1.0.1.jar:/home/user/.m2/repository/org/apache/kerby/kerby-util/1.0.1/kerby-util-1.0.1.jar:/home/user/.m2/repository/org/apache/kerby/kerb-common/1.0.1/kerb-common-1.0.1.jar:/home/user/.m2/repository/org/apache/kerby/kerb-crypto/1.0.1/kerb-crypto-1.0.1.jar:/home/user/.m2/repository/org/apache/kerby/kerb-util/1.0.1/kerb-util-1.0.1.jar:/home/user/.m2/repository/org/apache/kerby/token-provider/1.0.1/token-provider-1.0.1.jar:/home/user/.m2/repository/org/apache/kerby/kerb-admin/1.0.1/kerb-admin-1.0.1.jar:/home/user/.m2/repository/org/apache/kerby/kerb-server/1.0.1/kerb-server-1.0.1.jar:/home/user/.m2/repository/org/apache/kerby/kerb-identity/1.0.1/kerb-identity-1.0.1.jar:/home/user/.m2/repository/org/apache/kerby/kerby-xdr/1.0.1/kerby-xdr-1.0.1.jar:/home/user/.m2/repository/org/slf4j/slf4j-log4j12/1.7.25/slf4j-log4j12-1.7.25.jar:/home/user/.m2/repository/org/apache/hadoop/hadoop-ozone-s3gateway/0.5.0-SNAPSHOT/hadoop-ozone-s3gateway-0.5.0-SNAPSHOT.jar:/home/user/.m2/repository/org/jboss/weld/servlet/weld-servlet/2.4.7.Final/weld-servlet-2.4.7.Final.jar:/home/user/.m2/repository/org/glassfish/jersey/containers/jersey-container-servlet-core/2.27/jersey-container-servlet-core-2.27.jar:/home/user/.m2/repository/org/glassfish/hk2/external/javax.inject/2.5.0-b42/javax.inject-2.5.0-b42.jar:/home/user/.m2/repository/org/glassfish/jersey/core/jersey-common/2.27/jersey-common-2.27.jar:/home/user/.m2/repository/org/glassfish/hk2/osgi-resource-locator/1.0.1/osgi-resource-locator-1.0.1.jar:/home/user/.m2/repository/javax/ws/rs/javax.ws.rs-api/2.1/javax.ws.rs-api-2.1.jar:/home/user/.m2/repository/org/glassfish/jersey/ext/cdi/jersey-cdi1x/2.27/jersey-cdi1x-2.27.jar:/home/user/.m2/repository/org/glassfish/jersey/inject/jersey-hk2/2.27/jersey-hk2-2.27.jar:/home/user/.m2/repository/org/glassfish/hk2/hk2-locator/2.5.0-b42/hk2-locator-2.5.0-b42.jar:/home/user/.m2/repository/org/javassist/javassist/3.22.0-CR2/javassist-3.22.0-CR2.jar:/home/user/.m2/repository/org/glassfish/hk2/hk2-api/2.5.0/hk2-api-2.5.0.jar:/home/user/.m2/repository/org/glassfish/hk2/external/jakarta.inject/2.5.0/jakarta.inject-2.5.0.jar:/home/user/.m2/repository/org/glassfish/hk2/hk2-utils/2.5.0/hk2-utils-2.5.0.jar:/home/user/.m2/repository/jakarta/annotation/jakarta.annotation-api/1.3.4/jakarta.annotation-api-1.3.4.jar:/home/user/.m2/repository/org/glassfish/hk2/external/aopalliance-repackaged/2.5.0/aopalliance-repackaged-2.5.0.jar:/home/user/.m2/repository/com/fasterxml/jackson/dataformat/jackson-dataformat-xml/2.9.0/jackson-dataformat-xml-2.9.0.jar:/home/user/.m2/repository/com/fasterxml/jackson/core/jackson-core/2.9.9/jackson-core-2.9.9.jar:/home/user/.m2/repository/com/fasterxml/jackson/module/jackson-module-jaxb-annotations/2.9.9/jackson-module-jaxb-annotations-2.9.9.jar:/home/user/.m2/repository/javax/enterprise/cdi-api/1.2/cdi-api-1.2.jar:/home/user/.m2/repository/javax/el/javax.el-api/3.0.0/javax.el-api-3.0.0.jar:/home/user/.m2/repository/javax/interceptor/javax.interceptor-api/1.2/javax.interceptor-api-1.2.jar:/home/user/.m2/repository/javax/inject/javax.inject/1/javax.inject-1.jar:/home/user/.m2/repository/com/sun/xml/bind/jaxb-impl/2.3.0.1/jaxb-impl-2.3.0.1.jar:/home/user/.m2/repository/com/sun/xml/bind/jaxb-core/2.3.0.1/jaxb-core-2.3.0.1.jar:/home/user/.m2/repository/javax/xml/bind/jaxb-api/2.3.0/jaxb-api-2.3.0.jar:/home/user/.m2/repository/javax/activation/activation/1.1.1/activation-1.1.1.jar:/home/user/.m2/repository/org/apache/hadoop/hadoop-ozone-csi/0.5.0-SNAPSHOT/hadoop-ozone-csi-0.5.0-SNAPSHOT.jar:/home/user/.m2/repository/com/google/protobuf/protobuf-java-util/3.5.1/protobuf-java-util-3.5.1.jar:/home/user/.m2/repository/org/apache/hadoop/hadoop-hdds-config/0.5.0-SNAPSHOT/hadoop-hdds-config-0.5.0-SNAPSHOT.jar:/home/user/.m2/repository/io/grpc/grpc-netty/1.17.1/grpc-netty-1.17.1.jar:/home/user/.m2/repository/io/grpc/grpc-core/1.17.1/grpc-core-1.17.1.jar:/home/user/.m2/repository/io/grpc/grpc-context/1.17.1/grpc-context-1.17.1.jar:/home/user/.m2/repository/com/google/errorprone/error_prone_annotations/2.2.0/error_prone_annotations-2.2.0.jar:/home/user/.m2/repository/org/codehaus/mojo/animal-sniffer-annotations/1.17/animal-sniffer-annotations-1.17.jar:/home/user/.m2/repository/io/opencensus/opencensus-api/0.17.0/opencensus-api-0.17.0.jar:/home/user/.m2/repository/io/opencensus/opencensus-contrib-grpc-metrics/0.17.0/opencensus-contrib-grpc-metrics-0.17.0.jar:/home/user/.m2/repository/io/netty/netty-codec-http2/4.1.30.Final/netty-codec-http2-4.1.30.Final.jar:/home/user/.m2/repository/io/netty/netty-codec-http/4.1.30.Final/netty-codec-http-4.1.30.Final.jar:/home/user/.m2/repository/io/netty/netty-codec/4.1.30.Final/netty-codec-4.1.30.Final.jar:/home/user/.m2/repository/io/netty/netty-handler/4.1.30.Final/netty-handler-4.1.30.Final.jar:/home/user/.m2/repository/io/netty/netty-handler-proxy/4.1.30.Final/netty-handler-proxy-4.1.30.Final.jar:/home/user/.m2/repository/io/netty/netty-codec-socks/4.1.30.Final/netty-codec-socks-4.1.30.Final.jar:/home/user/.m2/repository/io/netty/netty-transport-native-epoll/4.1.30.Final/netty-transport-native-epoll-4.1.30.Final.jar:/home/user/.m2/repository/io/netty/netty-common/4.1.30.Final/netty-common-4.1.30.Final.jar:/home/user/.m2/repository/io/netty/netty-buffer/4.1.30.Final/netty-buffer-4.1.30.Final.jar:/home/user/.m2/repository/io/netty/netty-transport/4.1.30.Final/netty-transport-4.1.30.Final.jar:/home/user/.m2/repository/io/netty/netty-resolver/4.1.30.Final/netty-resolver-4.1.30.Final.jar:/home/user/.m2/repository/io/netty/netty-transport-native-unix-common/4.1.30.Final/netty-transport-native-unix-common-4.1.30.Final.jar:/home/user/.m2/repository/io/grpc/grpc-protobuf/1.17.1/grpc-protobuf-1.17.1.jar:/home/user/.m2/repository/com/google/api/grpc/proto-google-common-protos/1.0.0/proto-google-common-protos-1.0.0.jar:/home/user/.m2/repository/io/grpc/grpc-protobuf-lite/1.17.1/grpc-protobuf-lite-1.17.1.jar:/home/user/.m2/repository/io/grpc/grpc-stub/1.17.1/grpc-stub-1.17.1.jar:/home/user/.m2/repository/org/apache/hadoop/hadoop-ozone-recon/0.5.0-SNAPSHOT/hadoop-ozone-recon-0.5.0-SNAPSHOT.jar:/home/user/.m2/repository/org/apache/hadoop/hadoop-ozone-reconcodegen/0.5.0-SNAPSHOT/hadoop-ozone-reconcodegen-0.5.0-SNAPSHOT.jar:/home/user/.m2/repository/com/google/inject/extensions/guice-multibindings/4.0/guice-multibindings-4.0.jar:/home/user/.m2/repository/com/google/inject/guice/4.0/guice-4.0.jar:/home/user/.m2/repository/aopalliance/aopalliance/1.0/aopalliance-1.0.jar:/home/user/.m2/repository/com/google/inject/extensions/guice-servlet/4.0/guice-servlet-4.0.jar:/home/user/.m2/repository/org/glassfish/jersey/containers/jersey-container-servlet/2.27/jersey-container-servlet-2.27.jar:/home/user/.m2/repository/org/glassfish/hk2/guice-bridge/2.5.0/guice-bridge-2.5.0.jar:/home/user/.m2/repository/org/glassfish/jersey/core/jersey-server/2.27/jersey-server-2.27.jar:/home/user/.m2/repository/org/glassfish/jersey/core/jersey-client/2.27/jersey-client-2.27.jar:/home/user/.m2/repository/org/glassfish/jersey/media/jersey-media-jaxb/2.27/jersey-media-jaxb-2.27.jar:/home/user/.m2/repository/javax/validation/validation-api/1.1.0.Final/validation-api-1.1.0.Final.jar:/home/user/.m2/repository/org/glassfish/jersey/media/jersey-media-json-jackson/2.27/jersey-media-json-jackson-2.27.jar:/home/user/.m2/repository/org/glassfish/jersey/ext/jersey-entity-filtering/2.27/jersey-entity-filtering-2.27.jar:/home/user/.m2/repository/com/google/inject/extensions/guice-assistedinject/4.0/guice-assistedinject-4.0.jar:/home/user/.m2/repository/org/jooq/jooq/3.11.10/jooq-3.11.10.jar:/home/user/.m2/repository/org/jooq/jooq-meta/3.11.10/jooq-meta-3.11.10.jar:/home/user/.m2/repository/org/jooq/jooq-codegen/3.11.10/jooq-codegen-3.11.10.jar:/home/user/.m2/repository/com/jolbox/bonecp/0.8.0.RELEASE/bonecp-0.8.0.RELEASE.jar:/home/user/.m2/repository/org/xerial/sqlite-jdbc/3.25.2/sqlite-jdbc-3.25.2.jar:/home/user/.m2/repository/org/springframework/spring-jdbc/5.1.3.RELEASE/spring-jdbc-5.1.3.RELEASE.jar:/home/user/.m2/repository/org/springframework/spring-beans/5.1.3.RELEASE/spring-beans-5.1.3.RELEASE.jar:/home/user/.m2/repository/org/springframework/spring-core/5.1.3.RELEASE/spring-core-5.1.3.RELEASE.jar:/home/user/.m2/repository/org/springframework/spring-jcl/5.1.3.RELEASE/spring-jcl-5.1.3.RELEASE.jar:/home/user/.m2/repository/org/springframework/spring-tx/5.1.3.RELEASE/spring-tx-5.1.3.RELEASE.jar:/home/user/.m2/repository/org/apache/hadoop/hadoop-ozone-client/0.5.0-SNAPSHOT/hadoop-ozone-client-0.5.0-SNAPSHOT.jar:/home/user/.m2/repository/commons-lang/commons-lang/2.6/commons-lang-2.6.jar:/home/user/.m2/repository/org/apache/hadoop/hadoop-ozone-ozone-manager/0.5.0-SNAPSHOT/hadoop-ozone-ozone-manager-0.5.0-SNAPSHOT-tests.jar:/home/user/.m2/repository/junit/junit/4.11/junit-4.11.jar:/home/user/.m2/repository/org/hamcrest/hamcrest-core/1.3/hamcrest-core-1.3.jar:/home/user/.m2/repository/org/openjdk/jmh/jmh-core/1.19/jmh-core-1.19.jar:/home/user/.m2/repository/net/sf/jopt-simple/jopt-simple/4.6/jopt-simple-4.6.jar:/home/user/.m2/repository/org/apache/commons/commons-math3/3.1.1/commons-math3-3.1.1.jar:/home/user/.m2/repository/org/openjdk/jmh/jmh-generator-annprocess/1.19/jmh-generator-annprocess-1.19.jar:/home/user/.m2/repository/org/mockito/mockito-all/1.8.5/mockito-all-1.8.5.jar:/home/user/.m2/repository/org/apache/hadoop/hadoop-kms/3.2.0/hadoop-kms-3.2.0.jar:/home/user/.m2/repository/org/apache/hadoop/hadoop-auth/3.2.0/hadoop-auth-3.2.0.jar:/home/user/.m2/repository/com/nimbusds/nimbus-jose-jwt/4.41.1/nimbus-jose-jwt-4.41.1.jar:/home/user/.m2/repository/com/github/stephenc/jcip/jcip-annotations/1.0-1/jcip-annotations-1.0-1.jar:/home/user/.m2/repository/net/minidev/json-smart/2.3/json-smart-2.3.jar:/home/user/.m2/repository/net/minidev/accessors-smart/1.2/accessors-smart-1.2.jar:/home/user/.m2/repository/org/ow2/asm/asm/5.0.4/asm-5.0.4.jar:/home/user/.m2/repository/org/apache/curator/curator-framework/2.12.0/curator-framework-2.12.0.jar:/home/user/.m2/repository/com/sun/jersey/jersey-core/1.19/jersey-core-1.19.jar:/home/user/.m2/repository/javax/ws/rs/jsr311-api/1.1.1/jsr311-api-1.1.1.jar:/home/user/.m2/repository/com/sun/jersey/jersey-server/1.19/jersey-server-1.19.jar:/home/user/.m2/repository/javax/servlet/javax.servlet-api/3.1.0/javax.servlet-api-3.1.0.jar:/home/user/.m2/repository/org/eclipse/jetty/jetty-server/9.3.25.v20180904/jetty-server-9.3.25.v20180904.jar:/home/user/.m2/repository/org/eclipse/jetty/jetty-http/9.3.25.v20180904/jetty-http-9.3.25.v20180904.jar:/home/user/.m2/repository/org/eclipse/jetty/jetty-io/9.3.25.v20180904/jetty-io-9.3.25.v20180904.jar:/home/user/.m2/repository/org/eclipse/jetty/jetty-webapp/9.3.25.v20180904/jetty-webapp-9.3.25.v20180904.jar:/home/user/.m2/repository/org/eclipse/jetty/jetty-xml/9.3.25.v20180904/jetty-xml-9.3.25.v20180904.jar:/home/user/.m2/repository/log4j/log4j/1.2.17/log4j-1.2.17.jar:/home/user/.m2/repository/org/slf4j/slf4j-api/1.7.25/slf4j-api-1.7.25.jar:/home/user/.m2/repository/org/slf4j/jul-to-slf4j/1.7.25/jul-to-slf4j-1.7.25.jar:/home/user/.m2/repository/org/eclipse/jetty/jetty-util/9.3.25.v20180904/jetty-util-9.3.25.v20180904.jar:/home/user/.m2/repository/com/fasterxml/jackson/core/jackson-databind/2.9.9/jackson-databind-2.9.9.jar:/home/user/.m2/repository/org/apache/hadoop/hadoop-kms/3.2.0/hadoop-kms-3.2.0-tests.jar:/home/user/.m2/repository/org/apache/hadoop/hadoop-hdds-server-scm/0.5.0-SNAPSHOT/hadoop-hdds-server-scm-0.5.0-SNAPSHOT-tests.jar:/home/user/.m2/repository/org/apache/hadoop/hadoop-hdds-container-service/0.5.0-SNAPSHOT/hadoop-hdds-container-service-0.5.0-SNAPSHOT-tests.jar:/home/user/.m2/repository/org/yaml/snakeyaml/1.16/snakeyaml-1.16.jar:/home/user/.m2/repository/org/apache/hadoop/hadoop-common/3.2.0/hadoop-common-3.2.0-tests.jar:/home/user/.m2/repository/org/apache/hadoop/hadoop-annotations/3.2.0/hadoop-annotations-3.2.0.jar:/usr/lib/jvm/java-1.8-openjdk/jre/../lib/tools.jar:/home/user/.m2/repository/commons-cli/commons-cli/1.2/commons-cli-1.2.jar:/home/user/.m2/repository/org/apache/httpcomponents/httpclient/4.5.2/httpclient-4.5.2.jar:/home/user/.m2/repository/org/apache/httpcomponents/httpcore/4.4.4/httpcore-4.4.4.jar:/home/user/.m2/repository/commons-codec/commons-codec/1.11/commons-codec-1.11.jar:/home/user/.m2/repository/commons-net/commons-net/3.6/commons-net-3.6.jar:/home/user/.m2/repository/commons-collections/commons-collections/3.2.2/commons-collections-3.2.2.jar:/home/user/.m2/repository/org/eclipse/jetty/jetty-servlet/9.3.25.v20180904/jetty-servlet-9.3.25.v20180904.jar:/home/user/.m2/repository/org/eclipse/jetty/jetty-security/9.3.25.v20180904/jetty-security-9.3.25.v20180904.jar:/home/user/.m2/repository/javax/servlet/jsp/jsp-api/2.1/jsp-api-2.1.jar:/home/user/.m2/repository/com/sun/jersey/jersey-servlet/1.19/jersey-servlet-1.19.jar:/home/user/.m2/repository/com/sun/jersey/jersey-json/1.19/jersey-json-1.19.jar:/home/user/.m2/repository/org/codehaus/jettison/jettison/1.1/jettison-1.1.jar:/home/user/.m2/repository/org/codehaus/jackson/jackson-core-asl/1.9.13/jackson-core-asl-1.9.13.jar:/home/user/.m2/repository/org/codehaus/jackson/jackson-mapper-asl/1.9.13/jackson-mapper-asl-1.9.13.jar:/home/user/.m2/repository/org/codehaus/jackson/jackson-jaxrs/1.9.13/jackson-jaxrs-1.9.13.jar:/home/user/.m2/repository/org/codehaus/jackson/jackson-xc/1.9.13/jackson-xc-1.9.13.jar:/home/user/.m2/repository/commons-logging/commons-logging/1.1.3/commons-logging-1.1.3.jar:/home/user/.m2/repository/commons-beanutils/commons-beanutils/1.9.4/commons-beanutils-1.9.4.jar:/home/user/.m2/repository/org/apache/commons/commons-configuration2/2.1.1/commons-configuration2-2.1.1.jar:/home/user/.m2/repository/org/apache/commons/commons-lang3/3.7/commons-lang3-3.7.jar:/home/user/.m2/repository/org/apache/commons/commons-text/1.4/commons-text-1.4.jar:/home/user/.m2/repository/org/apache/avro/avro/1.7.7/avro-1.7.7.jar:/home/user/.m2/repository/com/thoughtworks/paranamer/paranamer/2.3/paranamer-2.3.jar:/home/user/.m2/repository/org/xerial/snappy/snappy-java/1.0.5/snappy-java-1.0.5.jar:/home/user/.m2/repository/com/google/re2j/re2j/1.1/re2j-1.1.jar:/home/user/.m2/repository/com/google/code/gson/gson/2.2.4/gson-2.2.4.jar:/home/user/.m2/repository/com/jcraft/jsch/0.1.54/jsch-0.1.54.jar:/home/user/.m2/repository/org/apache/curator/curator-client/2.12.0/curator-client-2.12.0.jar:/home/user/.m2/repository/org/apache/curator/curator-recipes/2.12.0/curator-recipes-2.12.0.jar:/home/user/.m2/repository/com/google/code/findbugs/jsr305/3.0.0/jsr305-3.0.0.jar:/home/user/.m2/repository/org/apache/htrace/htrace-core4/4.1.0-incubating/htrace-core4-4.1.0-incubating.jar:/home/user/.m2/repository/org/apache/zookeeper/zookeeper/3.4.13/zookeeper-3.4.13.jar:/home/user/.m2/repository/jline/jline/0.9.94/jline-0.9.94.jar:/home/user/.m2/repository/org/apache/yetus/audience-annotations/0.5.0/audience-annotations-0.5.0.jar:/home/user/.m2/repository/org/codehaus/woodstox/stax2-api/3.1.4/stax2-api-3.1.4.jar:/home/user/.m2/repository/com/fasterxml/woodstox/woodstox-core/5.0.3/woodstox-core-5.0.3.jar:/home/user/.m2/repository/dnsjava/dnsjava/2.1.7/dnsjava-2.1.7.jar:/home/user/.m2/repository/org/apache/hadoop/hadoop-hdfs/3.2.0/hadoop-hdfs-3.2.0-tests.jar:/home/user/.m2/repository/org/eclipse/jetty/jetty-util-ajax/9.3.25.v20180904/jetty-util-ajax-9.3.25.v20180904.jar:/home/user/.m2/repository/commons-daemon/commons-daemon/1.0.13/commons-daemon-1.0.13.jar:/home/user/.m2/repository/io/netty/netty/3.10.5.Final/netty-3.10.5.Final.jar:/home/user/.m2/repository/io/netty/netty-all/4.0.52.Final/netty-all-4.0.52.Final.jar:/home/user/.m2/repository/org/fusesource/leveldbjni/leveldbjni-all/1.8/leveldbjni-all-1.8.jar:"/>
    <property name="sun.cpu.endian" value="little"/>
    <property name="user.home" value="/home/user"/>
    <property name="user.language" value="en"/>
    <property name="java.specification.vendor" value="Oracle Corporation"/>
    <property name="java.home" value="/usr/lib/jvm/java-1.8-openjdk/jre"/>
    <property name="java.security.krb5.conf" value="/workdir/hadoop-ozone/integration-test/target/test-classes/krb5.conf"/>
    <property name="basedir" value="/workdir/hadoop-ozone/integration-test"/>
    <property name="file.separator" value="/"/>
    <property name="line.separator" value="&#10;"/>
    <property name="java.vm.specification.vendor" value="Oracle Corporation"/>
    <property name="java.specification.name" value="Java Platform API Specification"/>
    <property name="java.awt.graphicsenv" value="sun.awt.X11GraphicsEnvironment"/>
    <property name="surefire.real.class.path" value="/workdir/hadoop-ozone/integration-test/target/surefire/surefirebooter4468046597700100107.jar"/>
    <property name="hadoop.log.dir" value="/workdir/hadoop-ozone/integration-test/target/log"/>
    <property name="sun.boot.class.path" value="/usr/lib/jvm/java-1.8-openjdk/jre/lib/resources.jar:/usr/lib/jvm/java-1.8-openjdk/jre/lib/rt.jar:/usr/lib/jvm/java-1.8-openjdk/jre/lib/sunrsasign.jar:/usr/lib/jvm/java-1.8-openjdk/jre/lib/jsse.jar:/usr/lib/jvm/java-1.8-openjdk/jre/lib/jce.jar:/usr/lib/jvm/java-1.8-openjdk/jre/lib/charsets.jar:/usr/lib/jvm/java-1.8-openjdk/jre/lib/jfr.jar:/usr/lib/jvm/java-1.8-openjdk/jre/classes"/>
    <property name="sun.management.compiler" value="HotSpot 64-Bit Tiered Compilers"/>
    <property name="java.runtime.version" value="1.8.0_212-b04"/>
    <property name="java.net.preferIPv4Stack" value="true"/>
    <property name="user.name" value="jenkins1000"/>
    <property name="path.separator" value=":"/>
    <property name="java.security.egd" value="file:///dev/urandom"/>
    <property name="os.version" value="3.10.0-957.12.2.el7.x86_64"/>
    <property name="java.endorsed.dirs" value="/usr/lib/jvm/java-1.8-openjdk/jre/lib/endorsed"/>
    <property name="java.runtime.name" value="OpenJDK Runtime Environment"/>
    <property name="file.encoding" value="UTF-8"/>
    <property name="java.vm.name" value="OpenJDK 64-Bit Server VM"/>
    <property name="test.build.webapps" value=""/>
    <property name="localRepository" value="/home/user/.m2/repository"/>
    <property name="java.vendor.url.bug" value="https://icedtea.classpath.org/bugzilla"/>
    <property name="java.io.tmpdir" value="/tmp"/>
    <property name="require.test.libhadoop" value=""/>
    <property name="java.version" value="1.8.0_212"/>
    <property name="user.dir" value="/workdir/hadoop-ozone/integration-test"/>
    <property name="os.arch" value="amd64"/>
    <property name="java.vm.specification.name" value="Java Virtual Machine Specification"/>
    <property name="test.build.classes" value="/workdir/hadoop-ozone/integration-test/target/test-classes"/>
    <property name="java.awt.printerjob" value="sun.print.PSPrinterJob"/>
    <property name="sun.os.patch.level" value="unknown"/>
    <property name="hadoop.tmp.dir" value="/workdir/hadoop-ozone/integration-test/target/tmp"/>
    <property name="java.library.path" value="/usr/lib/jvm/java-1.8-openjdk/jre/lib/amd64/server:/usr/lib/jvm/java-1.8-openjdk/jre/lib/amd64:/usr/lib/jvm/java-1.8-openjdk/jre/../lib/amd64:/workdir/hadoop-ozone/integration-test/target/native/target/usr/local/lib:/workdir/hadoop-ozone/integration-test/../../hadoop-common-project/hadoop-common/target/native/target/usr/local/lib:/usr/java/packages/lib/amd64:/usr/lib64:/lib64:/lib:/usr/lib"/>
    <property name="java.vm.info" value="mixed mode"/>
    <property name="java.vendor" value="IcedTea"/>
    <property name="java.vm.version" value="25.212-b04"/>
    <property name="java.ext.dirs" value="/usr/lib/jvm/java-1.8-openjdk/jre/lib/ext:/usr/java/packages/lib/ext"/>
    <property name="sun.io.unicode.encoding" value="UnicodeLittle"/>
    <property name="java.class.version" value="52.0"/>
  </properties>
  <testcase name="testWatchForCommitWithKeyWrite" classname="org.apache.hadoop.ozone.client.rpc.TestWatchForCommit" time="70.836"/>
  <testcase name="testWatchForCommitWithSmallerTimeoutValue" classname="org.apache.hadoop.ozone.client.rpc.TestWatchForCommit" time="53.757"/>
  <testcase name="testWatchForCommitForRetryfailure" classname="org.apache.hadoop.ozone.client.rpc.TestWatchForCommit" time="75.952"/>
  <testcase name="testWatchForCommitForGroupMismatchException" classname="org.apache.hadoop.ozone.client.rpc.TestWatchForCommit" time="32.083"/>
  <testcase name="test2WayCommitForTimeoutException" classname="org.apache.hadoop.ozone.client.rpc.TestWatchForCommit" time="22.043">
    <error type="java.util.concurrent.TimeoutException">java.util.concurrent.TimeoutException
	at java.util.concurrent.CompletableFuture.timedGet(CompletableFuture.java:1771)
	at java.util.concurrent.CompletableFuture.get(CompletableFuture.java:1915)
	at org.apache.hadoop.hdds.scm.XceiverClientRatis.watchForCommit(XceiverClientRatis.java:283)
	at org.apache.hadoop.ozone.client.rpc.TestWatchForCommit.test2WayCommitForTimeoutException(TestWatchForCommit.java:391)
	at sun.reflect.NativeMethodAccessorImpl.invoke0(Native Method)
	at sun.reflect.NativeMethodAccessorImpl.invoke(NativeMethodAccessorImpl.java:62)
	at sun.reflect.DelegatingMethodAccessorImpl.invoke(DelegatingMethodAccessorImpl.java:43)
	at java.lang.reflect.Method.invoke(Method.java:498)
	at org.junit.runners.model.FrameworkMethod$1.runReflectiveCall(FrameworkMethod.java:47)
	at org.junit.internal.runners.model.ReflectiveCallable.run(ReflectiveCallable.java:12)
	at org.junit.runners.model.FrameworkMethod.invokeExplosively(FrameworkMethod.java:44)
	at org.junit.internal.runners.statements.InvokeMethod.evaluate(InvokeMethod.java:17)
	at org.junit.runners.ParentRunner.runLeaf(ParentRunner.java:271)
	at org.junit.runners.BlockJUnit4ClassRunner.runChild(BlockJUnit4ClassRunner.java:70)
	at org.junit.runners.BlockJUnit4ClassRunner.runChild(BlockJUnit4ClassRunner.java:50)
	at org.junit.runners.ParentRunner$3.run(ParentRunner.java:238)
	at org.junit.runners.ParentRunner$1.schedule(ParentRunner.java:63)
	at org.junit.runners.ParentRunner.runChildren(ParentRunner.java:236)
	at org.junit.runners.ParentRunner.access$000(ParentRunner.java:53)
	at org.junit.runners.ParentRunner$2.evaluate(ParentRunner.java:229)
	at org.junit.runners.ParentRunner.run(ParentRunner.java:309)
	at org.apache.maven.surefire.junit4.JUnit4Provider.execute(JUnit4Provider.java:365)
	at org.apache.maven.surefire.junit4.JUnit4Provider.executeWithRerun(JUnit4Provider.java:273)
	at org.apache.maven.surefire.junit4.JUnit4Provider.executeTestSet(JUnit4Provider.java:238)
	at org.apache.maven.surefire.junit4.JUnit4Provider.invoke(JUnit4Provider.java:159)
	at org.apache.maven.surefire.booter.ForkedBooter.invokeProviderInSameClassLoader(ForkedBooter.java:384)
	at org.apache.maven.surefire.booter.ForkedBooter.runSuitesInProcess(ForkedBooter.java:345)
	at org.apache.maven.surefire.booter.ForkedBooter.execute(ForkedBooter.java:126)
	at org.apache.maven.surefire.booter.ForkedBooter.main(ForkedBooter.java:418)
</error>
    <system-out><![CDATA[2019-10-11 03:54:28,908 [main] WARN  server.ServerUtils (ServerUtils.java:getScmDbDir(145)) - ozone.scm.db.dirs is not configured. We recommend adding this setting. Falling back to ozone.metadata.dirs instead.
2019-10-11 03:54:28,938 [main] WARN  server.ServerUtils (ServerUtils.java:getScmDbDir(145)) - ozone.scm.db.dirs is not configured. We recommend adding this setting. Falling back to ozone.metadata.dirs instead.
2019-10-11 03:54:28,939 [main] WARN  server.ServerUtils (ServerUtils.java:getScmDbDir(145)) - ozone.scm.db.dirs is not configured. We recommend adding this setting. Falling back to ozone.metadata.dirs instead.
2019-10-11 03:54:28,940 [main] INFO  db.DBStoreBuilder (DBStoreBuilder.java:addTable(117)) - using custom profile for table: deletedBlocks
2019-10-11 03:54:28,940 [main] INFO  db.DBStoreBuilder (DBStoreBuilder.java:processTables(168)) - Using default column profile:DBProfile.DISK for Table:deletedBlocks
2019-10-11 03:54:28,941 [main] INFO  db.DBStoreBuilder (DBStoreBuilder.java:addTable(117)) - using custom profile for table: validCerts
2019-10-11 03:54:28,941 [main] INFO  db.DBStoreBuilder (DBStoreBuilder.java:processTables(168)) - Using default column profile:DBProfile.DISK for Table:validCerts
2019-10-11 03:54:28,941 [main] INFO  db.DBStoreBuilder (DBStoreBuilder.java:addTable(117)) - using custom profile for table: revokedCerts
2019-10-11 03:54:28,941 [main] INFO  db.DBStoreBuilder (DBStoreBuilder.java:processTables(168)) - Using default column profile:DBProfile.DISK for Table:revokedCerts
2019-10-11 03:54:28,942 [main] INFO  db.DBStoreBuilder (DBStoreBuilder.java:addTable(117)) - using custom profile for table: default
2019-10-11 03:54:28,942 [main] INFO  db.DBStoreBuilder (DBStoreBuilder.java:processTables(174)) - Using default column profile:DBProfile.DISK for Table:default
2019-10-11 03:54:28,942 [main] INFO  db.DBStoreBuilder (DBStoreBuilder.java:getDbProfile(205)) - Using default options. DBProfile.DISK
2019-10-11 03:54:29,084 [main] INFO  net.NodeSchemaLoader (NodeSchemaLoader.java:loadSchemaFromFile(125)) - Loading file from sun.misc.CompoundEnumeration@5db948c9
2019-10-11 03:54:29,084 [main] INFO  net.NodeSchemaLoader (NodeSchemaLoader.java:loadSchema(171)) - Loading network topology layer schema file
2019-10-11 03:54:29,088 [main] WARN  server.ServerUtils (ServerUtils.java:sanitizeUserArgs(70)) - ozone.scm.stale.node.interval value = 300000 is larger than max = 100000 based on the key value of ozone.scm.heartbeat.thread.interval, reset to the max value 100000.
2019-10-11 03:54:29,088 [main] WARN  server.ServerUtils (ServerUtils.java:sanitizeUserArgs(70)) - ozone.scm.stale.node.interval value = 300000 is larger than max = 100000 based on the key value of ozone.scm.heartbeat.thread.interval, reset to the max value 100000.
2019-10-11 03:54:29,088 [main] INFO  node.SCMNodeManager (SCMNodeManager.java:<init>(116)) - Entering startup safe mode.
2019-10-11 03:54:29,089 [main] INFO  algorithms.ContainerPlacementPolicyFactory (ContainerPlacementPolicyFactory.java:getPolicy(57)) - Create container placement policy of type org.apache.hadoop.hdds.scm.container.placement.algorithms.SCMContainerPlacementRandom
2019-10-11 03:54:29,089 [main] WARN  server.ServerUtils (ServerUtils.java:getScmDbDir(145)) - ozone.scm.db.dirs is not configured. We recommend adding this setting. Falling back to ozone.metadata.dirs instead.
2019-10-11 03:54:29,108 [main] INFO  pipeline.SCMPipelineManager (SCMPipelineManager.java:initializePipelineState(132)) - No pipeline exists in current db
2019-10-11 03:54:29,108 [main] WARN  server.ServerUtils (ServerUtils.java:getScmDbDir(145)) - ozone.scm.db.dirs is not configured. We recommend adding this setting. Falling back to ozone.metadata.dirs instead.
2019-10-11 03:54:29,164 [main] WARN  events.EventQueue (EventQueue.java:fireEvent(183)) - No event handler registered for event TypedEvent{payloadType=SafeModeStatus, name='SafeModeStatus'}
2019-10-11 03:54:29,164 [main] INFO  ipc.CallQueueManager (CallQueueManager.java:<init>(84)) - Using callQueue: class java.util.concurrent.LinkedBlockingQueue, queueCapacity: 2000, scheduler: class org.apache.hadoop.ipc.DefaultRpcScheduler, ipcBackoff: false.
2019-10-11 03:54:29,165 [Socket Reader #1 for port 42958] INFO  ipc.Server (Server.java:run(1074)) - Starting Socket Reader #1 for port 42958
2019-10-11 03:54:29,167 [main] INFO  ipc.CallQueueManager (CallQueueManager.java:<init>(84)) - Using callQueue: class java.util.concurrent.LinkedBlockingQueue, queueCapacity: 2000, scheduler: class org.apache.hadoop.ipc.DefaultRpcScheduler, ipcBackoff: false.
2019-10-11 03:54:29,168 [Socket Reader #1 for port 43103] INFO  ipc.Server (Server.java:run(1074)) - Starting Socket Reader #1 for port 43103
2019-10-11 03:54:29,169 [main] INFO  ipc.CallQueueManager (CallQueueManager.java:<init>(84)) - Using callQueue: class java.util.concurrent.LinkedBlockingQueue, queueCapacity: 2000, scheduler: class org.apache.hadoop.ipc.DefaultRpcScheduler, ipcBackoff: false.
2019-10-11 03:54:29,170 [Socket Reader #1 for port 42850] INFO  ipc.Server (Server.java:run(1074)) - Starting Socket Reader #1 for port 42850
2019-10-11 03:54:29,171 [main] INFO  hdfs.DFSUtil (DFSUtil.java:httpServerTemplateForNNAndJN(1641)) - Starting Web-server for scm at: http://0.0.0.0:0
2019-10-11 03:54:29,173 [main] INFO  server.AuthenticationFilter (AuthenticationFilter.java:constructSecretProvider(240)) - Unable to initialize FileSignerSecretProvider, falling back to use random secrets.
2019-10-11 03:54:29,173 [main] WARN  http.HttpRequestLog (HttpRequestLog.java:getRequestLog(97)) - Jetty request log can only be enabled using Log4j
2019-10-11 03:54:29,174 [main] INFO  http.HttpServer2 (HttpServer2.java:addGlobalFilter(975)) - Added global filter 'safety' (class=org.apache.hadoop.http.HttpServer2$QuotingInputFilter)
2019-10-11 03:54:29,175 [main] INFO  http.HttpServer2 (HttpServer2.java:addFilter(948)) - Added filter static_user_filter (class=org.apache.hadoop.http.lib.StaticUserWebFilter$StaticUserFilter) to context scm
2019-10-11 03:54:29,175 [main] INFO  http.HttpServer2 (HttpServer2.java:addFilter(958)) - Added filter static_user_filter (class=org.apache.hadoop.http.lib.StaticUserWebFilter$StaticUserFilter) to context logs
2019-10-11 03:54:29,175 [main] INFO  http.HttpServer2 (HttpServer2.java:addFilter(958)) - Added filter static_user_filter (class=org.apache.hadoop.http.lib.StaticUserWebFilter$StaticUserFilter) to context static
2019-10-11 03:54:29,177 [main] INFO  server.StorageContainerManager (StorageContainerManager.java:start(772)) - StorageContainerLocationProtocol RPC server is listening at /0.0.0.0:42850
2019-10-11 03:54:29,179 [main] WARN  impl.MetricsConfig (MetricsConfig.java:loadFirst(134)) - Cannot locate configuration: tried hadoop-metrics2-storagecontainermanager.properties,hadoop-metrics2.properties
2019-10-11 03:54:29,180 [main] INFO  impl.MetricsSystemImpl (MetricsSystemImpl.java:startTimer(374)) - Scheduled Metric snapshot period at 10 second(s).
2019-10-11 03:54:29,180 [main] INFO  impl.MetricsSystemImpl (MetricsSystemImpl.java:start(191)) - StorageContainerManager metrics system started
2019-10-11 03:54:29,227 [main] WARN  impl.MetricsSystemImpl (MetricsSystemImpl.java:register(276)) - Sink prometheus already exists!
2019-10-11 03:54:29,322 [main] INFO  server.SCMClientProtocolServer (SCMClientProtocolServer.java:start(159)) - RPC server for Client  is listening at /0.0.0.0:42850
2019-10-11 03:54:29,322 [IPC Server Responder] INFO  ipc.Server (Server.java:run(1314)) - IPC Server Responder: starting
2019-10-11 03:54:29,322 [IPC Server listener on 42850] INFO  ipc.Server (Server.java:run(1153)) - IPC Server listener on 42850: starting
2019-10-11 03:54:29,325 [main] INFO  server.StorageContainerManager (StorageContainerManager.java:start(782)) - ScmBlockLocationProtocol RPC server is listening at /0.0.0.0:43103
2019-10-11 03:54:29,326 [main] INFO  server.SCMBlockProtocolServer (SCMBlockProtocolServer.java:start(146)) - RPC server for Block Protocol is listening at /0.0.0.0:43103
2019-10-11 03:54:29,326 [IPC Server Responder] INFO  ipc.Server (Server.java:run(1314)) - IPC Server Responder: starting
2019-10-11 03:54:29,326 [IPC Server listener on 43103] INFO  ipc.Server (Server.java:run(1153)) - IPC Server listener on 43103: starting
2019-10-11 03:54:29,328 [main] INFO  server.StorageContainerManager (StorageContainerManager.java:start(786)) - ScmDatanodeProtocl RPC server is listening at /0.0.0.0:42958
2019-10-11 03:54:29,332 [main] INFO  server.SCMDatanodeProtocolServer (SCMDatanodeProtocolServer.java:start(169)) - RPC server for DataNodes is listening at /0.0.0.0:42958
2019-10-11 03:54:29,333 [IPC Server Responder] INFO  ipc.Server (Server.java:run(1314)) - IPC Server Responder: starting
2019-10-11 03:54:29,333 [IPC Server listener on 42958] INFO  ipc.Server (Server.java:run(1153)) - IPC Server listener on 42958: starting
2019-10-11 03:54:29,338 [main] INFO  http.HttpServer2 (HttpServer2.java:bindListener(1191)) - Jetty bound to port 44195
2019-10-11 03:54:29,338 [main] INFO  server.Server (Server.java:doStart(351)) - jetty-9.3.25.v20180904, build timestamp: 2018-09-04T21:11:46Z, git hash: 3ce520221d0240229c862b122d2b06c12a625732
2019-10-11 03:54:29,339 [main] INFO  handler.ContextHandler (ContextHandler.java:doStart(781)) - Started o.e.j.s.ServletContextHandler@3e28d779{/logs,file:///workdir/hadoop-ozone/integration-test/target/log,AVAILABLE}
2019-10-11 03:54:29,340 [main] INFO  handler.ContextHandler (ContextHandler.java:doStart(781)) - Started o.e.j.s.ServletContextHandler@784d9bc{/static,file:///workdir/hadoop-ozone/integration-test/target/test-classes/webapps/static,AVAILABLE}
2019-10-11 03:54:29,343 [main] INFO  handler.ContextHandler (ContextHandler.java:doStart(781)) - Started o.e.j.w.WebAppContext@25791d40{/,file:///workdir/hadoop-ozone/integration-test/target/test-classes/webapps/scm/,AVAILABLE}{/scm}
2019-10-11 03:54:29,343 [main] INFO  server.AbstractConnector (AbstractConnector.java:doStart(278)) - Started ServerConnector@448c92fc{HTTP/1.1,[http/1.1]}{0.0.0.0:44195}
2019-10-11 03:54:29,345 [main] INFO  server.Server (Server.java:doStart(419)) - Started @233512ms
2019-10-11 03:54:29,345 [main] WARN  impl.MetricsSystemImpl (MetricsSystemImpl.java:register(276)) - Sink prometheus already exists!
2019-10-11 03:54:29,345 [main] INFO  server.BaseHttpServer (BaseHttpServer.java:updateConnectorAddress(215)) - HTTP server of SCM is listening at http://0.0.0.0:44195
2019-10-11 03:54:29,347 [main] WARN  server.ServerUtils (ServerUtils.java:getDBPath(222)) - ozone.om.db.dirs is not configured. We recommend adding this setting. Falling back to ozone.metadata.dirs instead.
2019-10-11 03:54:29,347 [org.apache.hadoop.util.JvmPauseMonitor$Monitor@17c0274c] INFO  util.JvmPauseMonitor (JvmPauseMonitor.java:run(188)) - Starting JVM pause monitor
2019-10-11 03:54:29,360 [main] INFO  ha.OMHANodeDetails (OMHANodeDetails.java:loadOMHAConfig(190)) - Configuration either no ozone.om.address set. Falling back to the default OM address /127.0.0.1:0
2019-10-11 03:54:29,360 [main] INFO  ha.OMHANodeDetails (OMHANodeDetails.java:getOMNodeDetails(220)) - OM Service ID is not set. Setting it to the default ID: omServiceIdDefault
2019-10-11 03:54:29,360 [main] WARN  server.ServerUtils (ServerUtils.java:getDBPath(222)) - ozone.om.db.dirs is not configured. We recommend adding this setting. Falling back to ozone.metadata.dirs instead.
2019-10-11 03:54:29,360 [main] WARN  server.ServerUtils (ServerUtils.java:getDBPath(222)) - ozone.om.db.dirs is not configured. We recommend adding this setting. Falling back to ozone.metadata.dirs instead.
2019-10-11 03:54:29,374 [main] WARN  server.ServerUtils (ServerUtils.java:getDBPath(222)) - ozone.om.db.dirs is not configured. We recommend adding this setting. Falling back to ozone.metadata.dirs instead.
2019-10-11 03:54:29,374 [main] INFO  db.DBStoreBuilder (DBStoreBuilder.java:addTable(117)) - using custom profile for table: userTable
2019-10-11 03:54:29,374 [main] INFO  db.DBStoreBuilder (DBStoreBuilder.java:processTables(168)) - Using default column profile:DBProfile.DISK for Table:userTable
2019-10-11 03:54:29,375 [main] INFO  db.DBStoreBuilder (DBStoreBuilder.java:addTable(117)) - using custom profile for table: volumeTable
2019-10-11 03:54:29,375 [main] INFO  db.DBStoreBuilder (DBStoreBuilder.java:processTables(168)) - Using default column profile:DBProfile.DISK for Table:volumeTable
2019-10-11 03:54:29,375 [main] INFO  db.DBStoreBuilder (DBStoreBuilder.java:addTable(117)) - using custom profile for table: bucketTable
2019-10-11 03:54:29,375 [main] INFO  db.DBStoreBuilder (DBStoreBuilder.java:processTables(168)) - Using default column profile:DBProfile.DISK for Table:bucketTable
2019-10-11 03:54:29,375 [main] INFO  db.DBStoreBuilder (DBStoreBuilder.java:addTable(117)) - using custom profile for table: keyTable
2019-10-11 03:54:29,375 [main] INFO  db.DBStoreBuilder (DBStoreBuilder.java:processTables(168)) - Using default column profile:DBProfile.DISK for Table:keyTable
2019-10-11 03:54:29,376 [main] INFO  db.DBStoreBuilder (DBStoreBuilder.java:addTable(117)) - using custom profile for table: deletedTable
2019-10-11 03:54:29,376 [main] INFO  db.DBStoreBuilder (DBStoreBuilder.java:processTables(168)) - Using default column profile:DBProfile.DISK for Table:deletedTable
2019-10-11 03:54:29,376 [main] INFO  db.DBStoreBuilder (DBStoreBuilder.java:addTable(117)) - using custom profile for table: openKeyTable
2019-10-11 03:54:29,376 [main] INFO  db.DBStoreBuilder (DBStoreBuilder.java:processTables(168)) - Using default column profile:DBProfile.DISK for Table:openKeyTable
2019-10-11 03:54:29,376 [main] INFO  db.DBStoreBuilder (DBStoreBuilder.java:addTable(117)) - using custom profile for table: s3Table
2019-10-11 03:54:29,376 [main] INFO  db.DBStoreBuilder (DBStoreBuilder.java:processTables(168)) - Using default column profile:DBProfile.DISK for Table:s3Table
2019-10-11 03:54:29,376 [main] INFO  db.DBStoreBuilder (DBStoreBuilder.java:addTable(117)) - using custom profile for table: multipartInfoTable
2019-10-11 03:54:29,377 [main] INFO  db.DBStoreBuilder (DBStoreBuilder.java:processTables(168)) - Using default column profile:DBProfile.DISK for Table:multipartInfoTable
2019-10-11 03:54:29,377 [main] INFO  db.DBStoreBuilder (DBStoreBuilder.java:addTable(117)) - using custom profile for table: dTokenTable
2019-10-11 03:54:29,377 [main] INFO  db.DBStoreBuilder (DBStoreBuilder.java:processTables(168)) - Using default column profile:DBProfile.DISK for Table:dTokenTable
2019-10-11 03:54:29,377 [main] INFO  db.DBStoreBuilder (DBStoreBuilder.java:addTable(117)) - using custom profile for table: s3SecretTable
2019-10-11 03:54:29,377 [main] INFO  db.DBStoreBuilder (DBStoreBuilder.java:processTables(168)) - Using default column profile:DBProfile.DISK for Table:s3SecretTable
2019-10-11 03:54:29,377 [main] INFO  db.DBStoreBuilder (DBStoreBuilder.java:addTable(117)) - using custom profile for table: prefixTable
2019-10-11 03:54:29,378 [main] INFO  db.DBStoreBuilder (DBStoreBuilder.java:processTables(168)) - Using default column profile:DBProfile.DISK for Table:prefixTable
2019-10-11 03:54:29,378 [main] INFO  db.DBStoreBuilder (DBStoreBuilder.java:addTable(117)) - using custom profile for table: default
2019-10-11 03:54:29,378 [main] INFO  db.DBStoreBuilder (DBStoreBuilder.java:processTables(174)) - Using default column profile:DBProfile.DISK for Table:default
2019-10-11 03:54:29,378 [main] INFO  db.DBStoreBuilder (DBStoreBuilder.java:getDbProfile(205)) - Using default options. DBProfile.DISK
2019-10-11 03:54:29,836 [main] INFO  ipc.CallQueueManager (CallQueueManager.java:<init>(84)) - Using callQueue: class java.util.concurrent.LinkedBlockingQueue, queueCapacity: 2000, scheduler: class org.apache.hadoop.ipc.DefaultRpcScheduler, ipcBackoff: false.
2019-10-11 03:54:29,837 [Socket Reader #1 for port 44160] INFO  ipc.Server (Server.java:run(1074)) - Starting Socket Reader #1 for port 44160
2019-10-11 03:54:29,850 [main] INFO  om.OzoneManager (OzoneManager.java:start(1074)) - OzoneManager RPC server is listening at localhost/127.0.0.1:44160
2019-10-11 03:54:29,850 [main] INFO  impl.MetricsSystemImpl (MetricsSystemImpl.java:init(158)) - OzoneManager metrics system started (again)
2019-10-11 03:54:29,851 [IPC Server Responder] INFO  ipc.Server (Server.java:run(1314)) - IPC Server Responder: starting
2019-10-11 03:54:29,852 [IPC Server listener on 44160] INFO  ipc.Server (Server.java:run(1153)) - IPC Server listener on 44160: starting
2019-10-11 03:54:29,858 [main] INFO  hdfs.DFSUtil (DFSUtil.java:httpServerTemplateForNNAndJN(1641)) - Starting Web-server for ozoneManager at: http://0.0.0.0:0
2019-10-11 03:54:29,859 [main] INFO  server.AuthenticationFilter (AuthenticationFilter.java:constructSecretProvider(240)) - Unable to initialize FileSignerSecretProvider, falling back to use random secrets.
2019-10-11 03:54:29,859 [main] WARN  http.HttpRequestLog (HttpRequestLog.java:getRequestLog(97)) - Jetty request log can only be enabled using Log4j
2019-10-11 03:54:29,861 [main] INFO  http.HttpServer2 (HttpServer2.java:addGlobalFilter(975)) - Added global filter 'safety' (class=org.apache.hadoop.http.HttpServer2$QuotingInputFilter)
2019-10-11 03:54:29,862 [main] INFO  http.HttpServer2 (HttpServer2.java:addFilter(948)) - Added filter static_user_filter (class=org.apache.hadoop.http.lib.StaticUserWebFilter$StaticUserFilter) to context ozoneManager
2019-10-11 03:54:29,862 [main] INFO  http.HttpServer2 (HttpServer2.java:addFilter(958)) - Added filter static_user_filter (class=org.apache.hadoop.http.lib.StaticUserWebFilter$StaticUserFilter) to context static
2019-10-11 03:54:29,862 [main] INFO  http.HttpServer2 (HttpServer2.java:addFilter(958)) - Added filter static_user_filter (class=org.apache.hadoop.http.lib.StaticUserWebFilter$StaticUserFilter) to context logs
2019-10-11 03:54:29,863 [main] INFO  http.HttpServer2 (HttpServer2.java:bindListener(1191)) - Jetty bound to port 40539
2019-10-11 03:54:29,863 [main] INFO  server.Server (Server.java:doStart(351)) - jetty-9.3.25.v20180904, build timestamp: 2018-09-04T21:11:46Z, git hash: 3ce520221d0240229c862b122d2b06c12a625732
2019-10-11 03:54:29,864 [main] INFO  handler.ContextHandler (ContextHandler.java:doStart(781)) - Started o.e.j.s.ServletContextHandler@49cb3881{/logs,file:///workdir/hadoop-ozone/integration-test/target/log,AVAILABLE}
2019-10-11 03:54:29,864 [main] INFO  handler.ContextHandler (ContextHandler.java:doStart(781)) - Started o.e.j.s.ServletContextHandler@284bdeed{/static,file:///workdir/hadoop-ozone/integration-test/target/test-classes/webapps/static,AVAILABLE}
2019-10-11 03:54:29,868 [main] INFO  handler.ContextHandler (ContextHandler.java:doStart(781)) - Started o.e.j.w.WebAppContext@74b00247{/,file:///workdir/hadoop-ozone/integration-test/target/test-classes/webapps/ozoneManager/,AVAILABLE}{/ozoneManager}
2019-10-11 03:54:29,869 [main] INFO  server.AbstractConnector (AbstractConnector.java:doStart(278)) - Started ServerConnector@2aa14ae6{HTTP/1.1,[http/1.1]}{0.0.0.0:40539}
2019-10-11 03:54:29,870 [main] INFO  server.Server (Server.java:doStart(419)) - Started @234038ms
2019-10-11 03:54:29,870 [main] WARN  impl.MetricsSystemImpl (MetricsSystemImpl.java:register(276)) - Sink prometheus already exists!
2019-10-11 03:54:29,871 [main] INFO  server.BaseHttpServer (BaseHttpServer.java:updateConnectorAddress(215)) - HTTP server of OZONEMANAGER is listening at http://0.0.0.0:40539
2019-10-11 03:54:29,885 [main] INFO  impl.MetricsSystemImpl (MetricsSystemImpl.java:init(158)) - HddsDatanode metrics system started (again)
2019-10-11 03:54:29,889 [main] INFO  ozone.HddsDatanodeService (HddsDatanodeService.java:start(184)) - HddsDatanodeService host:pr-hdds-2181-p9m8s-78523098 ip:192.168.151.96
2019-10-11 03:54:29,895 [main] INFO  volume.HddsVolume (HddsVolume.java:<init>(176)) - Creating Volume: /workdir/hadoop-ozone/integration-test/target/test-dir/MiniOzoneClusterImpl-d05e7434-4910-4d2b-a3e8-e3c83698e793/datanode-0/data/containers/hdds of  storage type : DISK and capacity : 1482555576320
2019-10-11 03:54:29,896 [main] INFO  volume.VolumeSet (VolumeSet.java:initializeVolumeSet(170)) - Added Volume : /workdir/hadoop-ozone/integration-test/target/test-dir/MiniOzoneClusterImpl-d05e7434-4910-4d2b-a3e8-e3c83698e793/datanode-0/data/containers/hdds to VolumeSet
2019-10-11 03:54:29,896 [main] INFO  volume.ThrottledAsyncChecker (ThrottledAsyncChecker.java:schedule(141)) - Scheduling a check for org.apache.hadoop.ozone.container.common.volume.HddsVolume@1511d157
2019-10-11 03:54:29,896 [main] INFO  volume.HddsVolumeChecker (HddsVolumeChecker.java:checkAllVolumes(204)) - Scheduled health check for volume org.apache.hadoop.ozone.container.common.volume.HddsVolume@1511d157
2019-10-11 03:54:29,914 [main] INFO  impl.RaftServerProxy (ConfUtils.java:logGet(43)) - raft.rpc.type = GRPC (default)
2019-10-11 03:54:29,914 [main] INFO  grpc.GrpcFactory (GrpcFactory.java:checkPooledByteBufAllocatorUseCacheForAllThreads(45)) - PERFORMANCE WARNING: useCacheForAllThreads is true that may cause Netty to create a lot garbage objects and, as a result, trigger GC.
	It is recommended to disable useCacheForAllThreads by setting -Dorg.apache.ratis.thirdparty.io.netty.allocator.useCacheForAllThreads=false in command line.
2019-10-11 03:54:29,914 [main] INFO  grpc.GrpcConfigKeys$Server (ConfUtils.java:logGet(43)) - raft.grpc.server.port = 0 (default)
2019-10-11 03:54:29,914 [main] INFO  server.GrpcService (ConfUtils.java:logGet(43)) - raft.grpc.message.size.max = 33570816 (custom)
2019-10-11 03:54:29,914 [main] INFO  server.RaftServerConfigKeys (ConfUtils.java:logGet(43)) - raft.server.log.appender.buffer.byte-limit = 33554432 (custom)
2019-10-11 03:54:29,915 [main] INFO  server.GrpcService (ConfUtils.java:logGet(43)) - raft.grpc.flow.control.window = 1MB (=1048576) (default)
2019-10-11 03:54:29,915 [main] INFO  server.RaftServerConfigKeys (ConfUtils.java:logGet(43)) - raft.server.rpc.request.timeout = 3000ms (default)
2019-10-11 03:54:29,915 [main] INFO  server.RaftServerConfigKeys (ConfUtils.java:logGet(43)) - raft.server.storage.dir = [/workdir/hadoop-ozone/integration-test/target/test-dir/MiniOzoneClusterImpl-d05e7434-4910-4d2b-a3e8-e3c83698e793/datanode-0/data/ratis] (custom)
2019-10-11 03:54:29,917 [main] INFO  hdfs.DFSUtil (DFSUtil.java:httpServerTemplateForNNAndJN(1641)) - Starting Web-server for hddsDatanode at: http://0.0.0.0:0
2019-10-11 03:54:29,918 [main] INFO  server.AuthenticationFilter (AuthenticationFilter.java:constructSecretProvider(240)) - Unable to initialize FileSignerSecretProvider, falling back to use random secrets.
2019-10-11 03:54:29,919 [main] WARN  http.HttpRequestLog (HttpRequestLog.java:getRequestLog(97)) - Jetty request log can only be enabled using Log4j
2019-10-11 03:54:29,920 [main] INFO  http.HttpServer2 (HttpServer2.java:addGlobalFilter(975)) - Added global filter 'safety' (class=org.apache.hadoop.http.HttpServer2$QuotingInputFilter)
2019-10-11 03:54:29,921 [main] INFO  http.HttpServer2 (HttpServer2.java:addFilter(948)) - Added filter static_user_filter (class=org.apache.hadoop.http.lib.StaticUserWebFilter$StaticUserFilter) to context hddsDatanode
2019-10-11 03:54:29,921 [main] INFO  http.HttpServer2 (HttpServer2.java:addFilter(958)) - Added filter static_user_filter (class=org.apache.hadoop.http.lib.StaticUserWebFilter$StaticUserFilter) to context logs
2019-10-11 03:54:29,921 [main] INFO  http.HttpServer2 (HttpServer2.java:addFilter(958)) - Added filter static_user_filter (class=org.apache.hadoop.http.lib.StaticUserWebFilter$StaticUserFilter) to context static
2019-10-11 03:54:29,922 [main] INFO  http.HttpServer2 (HttpServer2.java:bindListener(1191)) - Jetty bound to port 36973
2019-10-11 03:54:29,922 [main] INFO  server.Server (Server.java:doStart(351)) - jetty-9.3.25.v20180904, build timestamp: 2018-09-04T21:11:46Z, git hash: 3ce520221d0240229c862b122d2b06c12a625732
2019-10-11 03:54:29,924 [main] INFO  handler.ContextHandler (ContextHandler.java:doStart(781)) - Started o.e.j.s.ServletContextHandler@1e40fbb3{/logs,file:///workdir/hadoop-ozone/integration-test/target/log,AVAILABLE}
2019-10-11 03:54:29,925 [main] INFO  handler.ContextHandler (ContextHandler.java:doStart(781)) - Started o.e.j.s.ServletContextHandler@9e02f84{/static,jar:file:/home/user/.m2/repository/org/apache/hadoop/hadoop-hdds-container-service/0.5.0-SNAPSHOT/hadoop-hdds-container-service-0.5.0-SNAPSHOT.jar!/webapps/static,AVAILABLE}
2019-10-11 03:54:29,962 [main] INFO  handler.ContextHandler (ContextHandler.java:doStart(781)) - Started o.e.j.w.WebAppContext@7aded903{/,file:///tmp/jetty-0.0.0.0-36973-hddsDatanode-_-any-2662866101063989398.dir/webapp/,AVAILABLE}{/hddsDatanode}
2019-10-11 03:54:29,963 [main] INFO  server.AbstractConnector (AbstractConnector.java:doStart(278)) - Started ServerConnector@2db86a7c{HTTP/1.1,[http/1.1]}{0.0.0.0:36973}
2019-10-11 03:54:29,964 [main] INFO  server.Server (Server.java:doStart(419)) - Started @234132ms
2019-10-11 03:54:29,965 [main] WARN  impl.MetricsSystemImpl (MetricsSystemImpl.java:register(276)) - Sink prometheus already exists!
2019-10-11 03:54:29,966 [main] INFO  server.BaseHttpServer (BaseHttpServer.java:updateConnectorAddress(215)) - HTTP server of HDDSDATANODE is listening at http://0.0.0.0:36973
2019-10-11 03:54:29,966 [main] INFO  impl.MetricsSystemImpl (MetricsSystemImpl.java:init(158)) - HddsDatanode metrics system started (again)
2019-10-11 03:54:29,969 [org.apache.hadoop.util.JvmPauseMonitor$Monitor@12947cc2] INFO  util.JvmPauseMonitor (JvmPauseMonitor.java:run(188)) - Starting JVM pause monitor
2019-10-11 03:54:29,970 [main] INFO  ozone.HddsDatanodeService (HddsDatanodeService.java:start(184)) - HddsDatanodeService host:pr-hdds-2181-p9m8s-78523098 ip:192.168.151.96
2019-10-11 03:54:29,971 [Datanode State Machine Thread - 0] INFO  datanode.InitDatanodeState (InitDatanodeState.java:persistContainerDatanodeDetails(140)) - DatanodeDetails is persisted to /workdir/hadoop-ozone/integration-test/target/test-dir/MiniOzoneClusterImpl-d05e7434-4910-4d2b-a3e8-e3c83698e793/datanode-0/meta/datanode.id
2019-10-11 03:54:29,979 [main] INFO  volume.HddsVolume (HddsVolume.java:<init>(176)) - Creating Volume: /workdir/hadoop-ozone/integration-test/target/test-dir/MiniOzoneClusterImpl-d05e7434-4910-4d2b-a3e8-e3c83698e793/datanode-1/data/containers/hdds of  storage type : DISK and capacity : 1482555576320
2019-10-11 03:54:29,980 [main] INFO  volume.VolumeSet (VolumeSet.java:initializeVolumeSet(170)) - Added Volume : /workdir/hadoop-ozone/integration-test/target/test-dir/MiniOzoneClusterImpl-d05e7434-4910-4d2b-a3e8-e3c83698e793/datanode-1/data/containers/hdds to VolumeSet
2019-10-11 03:54:29,980 [main] INFO  volume.ThrottledAsyncChecker (ThrottledAsyncChecker.java:schedule(141)) - Scheduling a check for org.apache.hadoop.ozone.container.common.volume.HddsVolume@75882261
2019-10-11 03:54:29,981 [main] INFO  volume.HddsVolumeChecker (HddsVolumeChecker.java:checkAllVolumes(204)) - Scheduled health check for volume org.apache.hadoop.ozone.container.common.volume.HddsVolume@75882261
2019-10-11 03:54:29,997 [main] INFO  impl.RaftServerProxy (ConfUtils.java:logGet(43)) - raft.rpc.type = GRPC (default)
2019-10-11 03:54:29,998 [main] INFO  grpc.GrpcFactory (GrpcFactory.java:checkPooledByteBufAllocatorUseCacheForAllThreads(45)) - PERFORMANCE WARNING: useCacheForAllThreads is true that may cause Netty to create a lot garbage objects and, as a result, trigger GC.
	It is recommended to disable useCacheForAllThreads by setting -Dorg.apache.ratis.thirdparty.io.netty.allocator.useCacheForAllThreads=false in command line.
2019-10-11 03:54:29,998 [main] INFO  grpc.GrpcConfigKeys$Server (ConfUtils.java:logGet(43)) - raft.grpc.server.port = 0 (default)
2019-10-11 03:54:29,998 [main] INFO  server.GrpcService (ConfUtils.java:logGet(43)) - raft.grpc.message.size.max = 33570816 (custom)
2019-10-11 03:54:29,998 [main] INFO  server.RaftServerConfigKeys (ConfUtils.java:logGet(43)) - raft.server.log.appender.buffer.byte-limit = 33554432 (custom)
2019-10-11 03:54:29,999 [main] INFO  server.GrpcService (ConfUtils.java:logGet(43)) - raft.grpc.flow.control.window = 1MB (=1048576) (default)
2019-10-11 03:54:29,999 [main] INFO  server.RaftServerConfigKeys (ConfUtils.java:logGet(43)) - raft.server.rpc.request.timeout = 3000ms (default)
2019-10-11 03:54:29,999 [main] INFO  server.RaftServerConfigKeys (ConfUtils.java:logGet(43)) - raft.server.storage.dir = [/workdir/hadoop-ozone/integration-test/target/test-dir/MiniOzoneClusterImpl-d05e7434-4910-4d2b-a3e8-e3c83698e793/datanode-1/data/ratis] (custom)
2019-10-11 03:54:30,001 [main] INFO  hdfs.DFSUtil (DFSUtil.java:httpServerTemplateForNNAndJN(1641)) - Starting Web-server for hddsDatanode at: http://0.0.0.0:0
2019-10-11 03:54:30,002 [main] INFO  server.AuthenticationFilter (AuthenticationFilter.java:constructSecretProvider(240)) - Unable to initialize FileSignerSecretProvider, falling back to use random secrets.
2019-10-11 03:54:30,002 [main] WARN  http.HttpRequestLog (HttpRequestLog.java:getRequestLog(97)) - Jetty request log can only be enabled using Log4j
2019-10-11 03:54:30,004 [main] INFO  http.HttpServer2 (HttpServer2.java:addGlobalFilter(975)) - Added global filter 'safety' (class=org.apache.hadoop.http.HttpServer2$QuotingInputFilter)
2019-10-11 03:54:30,005 [main] INFO  http.HttpServer2 (HttpServer2.java:addFilter(948)) - Added filter static_user_filter (class=org.apache.hadoop.http.lib.StaticUserWebFilter$StaticUserFilter) to context hddsDatanode
2019-10-11 03:54:30,005 [main] INFO  http.HttpServer2 (HttpServer2.java:addFilter(958)) - Added filter static_user_filter (class=org.apache.hadoop.http.lib.StaticUserWebFilter$StaticUserFilter) to context static
2019-10-11 03:54:30,005 [main] INFO  http.HttpServer2 (HttpServer2.java:addFilter(958)) - Added filter static_user_filter (class=org.apache.hadoop.http.lib.StaticUserWebFilter$StaticUserFilter) to context logs
2019-10-11 03:54:30,006 [main] INFO  http.HttpServer2 (HttpServer2.java:bindListener(1191)) - Jetty bound to port 35647
2019-10-11 03:54:30,006 [main] INFO  server.Server (Server.java:doStart(351)) - jetty-9.3.25.v20180904, build timestamp: 2018-09-04T21:11:46Z, git hash: 3ce520221d0240229c862b122d2b06c12a625732
2019-10-11 03:54:30,008 [main] INFO  handler.ContextHandler (ContextHandler.java:doStart(781)) - Started o.e.j.s.ServletContextHandler@526f6427{/logs,file:///workdir/hadoop-ozone/integration-test/target/log,AVAILABLE}
2019-10-11 03:54:30,008 [main] INFO  handler.ContextHandler (ContextHandler.java:doStart(781)) - Started o.e.j.s.ServletContextHandler@492521c4{/static,jar:file:/home/user/.m2/repository/org/apache/hadoop/hadoop-hdds-container-service/0.5.0-SNAPSHOT/hadoop-hdds-container-service-0.5.0-SNAPSHOT.jar!/webapps/static,AVAILABLE}
2019-10-11 03:54:30,042 [main] INFO  handler.ContextHandler (ContextHandler.java:doStart(781)) - Started o.e.j.w.WebAppContext@119290b9{/,file:///tmp/jetty-0.0.0.0-35647-hddsDatanode-_-any-7402412179321727751.dir/webapp/,AVAILABLE}{/hddsDatanode}
2019-10-11 03:54:30,042 [main] INFO  server.AbstractConnector (AbstractConnector.java:doStart(278)) - Started ServerConnector@640d604{HTTP/1.1,[http/1.1]}{0.0.0.0:35647}
2019-10-11 03:54:30,044 [main] INFO  server.Server (Server.java:doStart(419)) - Started @234211ms
2019-10-11 03:54:30,044 [main] WARN  impl.MetricsSystemImpl (MetricsSystemImpl.java:register(276)) - Sink prometheus already exists!
2019-10-11 03:54:30,045 [main] INFO  server.BaseHttpServer (BaseHttpServer.java:updateConnectorAddress(215)) - HTTP server of HDDSDATANODE is listening at http://0.0.0.0:35647
2019-10-11 03:54:30,045 [main] INFO  impl.MetricsSystemImpl (MetricsSystemImpl.java:init(158)) - HddsDatanode metrics system started (again)
2019-10-11 03:54:30,049 [org.apache.hadoop.util.JvmPauseMonitor$Monitor@5e5cd0c2] INFO  util.JvmPauseMonitor (JvmPauseMonitor.java:run(188)) - Starting JVM pause monitor
2019-10-11 03:54:30,049 [main] INFO  ozone.HddsDatanodeService (HddsDatanodeService.java:start(184)) - HddsDatanodeService host:pr-hdds-2181-p9m8s-78523098 ip:192.168.151.96
2019-10-11 03:54:30,050 [Datanode State Machine Thread - 0] INFO  datanode.InitDatanodeState (InitDatanodeState.java:persistContainerDatanodeDetails(140)) - DatanodeDetails is persisted to /workdir/hadoop-ozone/integration-test/target/test-dir/MiniOzoneClusterImpl-d05e7434-4910-4d2b-a3e8-e3c83698e793/datanode-1/meta/datanode.id
2019-10-11 03:54:30,054 [main] INFO  volume.HddsVolume (HddsVolume.java:<init>(176)) - Creating Volume: /workdir/hadoop-ozone/integration-test/target/test-dir/MiniOzoneClusterImpl-d05e7434-4910-4d2b-a3e8-e3c83698e793/datanode-2/data/containers/hdds of  storage type : DISK and capacity : 1482555576320
2019-10-11 03:54:30,055 [main] INFO  volume.VolumeSet (VolumeSet.java:initializeVolumeSet(170)) - Added Volume : /workdir/hadoop-ozone/integration-test/target/test-dir/MiniOzoneClusterImpl-d05e7434-4910-4d2b-a3e8-e3c83698e793/datanode-2/data/containers/hdds to VolumeSet
2019-10-11 03:54:30,055 [main] INFO  volume.ThrottledAsyncChecker (ThrottledAsyncChecker.java:schedule(141)) - Scheduling a check for org.apache.hadoop.ozone.container.common.volume.HddsVolume@382d71c7
2019-10-11 03:54:30,055 [main] INFO  volume.HddsVolumeChecker (HddsVolumeChecker.java:checkAllVolumes(204)) - Scheduled health check for volume org.apache.hadoop.ozone.container.common.volume.HddsVolume@382d71c7
2019-10-11 03:54:30,067 [main] INFO  impl.RaftServerProxy (ConfUtils.java:logGet(43)) - raft.rpc.type = GRPC (default)
2019-10-11 03:54:30,068 [main] INFO  grpc.GrpcFactory (GrpcFactory.java:checkPooledByteBufAllocatorUseCacheForAllThreads(45)) - PERFORMANCE WARNING: useCacheForAllThreads is true that may cause Netty to create a lot garbage objects and, as a result, trigger GC.
	It is recommended to disable useCacheForAllThreads by setting -Dorg.apache.ratis.thirdparty.io.netty.allocator.useCacheForAllThreads=false in command line.
2019-10-11 03:54:30,068 [main] INFO  grpc.GrpcConfigKeys$Server (ConfUtils.java:logGet(43)) - raft.grpc.server.port = 0 (default)
2019-10-11 03:54:30,068 [main] INFO  server.GrpcService (ConfUtils.java:logGet(43)) - raft.grpc.message.size.max = 33570816 (custom)
2019-10-11 03:54:30,068 [main] INFO  server.RaftServerConfigKeys (ConfUtils.java:logGet(43)) - raft.server.log.appender.buffer.byte-limit = 33554432 (custom)
2019-10-11 03:54:30,068 [main] INFO  server.GrpcService (ConfUtils.java:logGet(43)) - raft.grpc.flow.control.window = 1MB (=1048576) (default)
2019-10-11 03:54:30,068 [main] INFO  server.RaftServerConfigKeys (ConfUtils.java:logGet(43)) - raft.server.rpc.request.timeout = 3000ms (default)
2019-10-11 03:54:30,069 [main] INFO  server.RaftServerConfigKeys (ConfUtils.java:logGet(43)) - raft.server.storage.dir = [/workdir/hadoop-ozone/integration-test/target/test-dir/MiniOzoneClusterImpl-d05e7434-4910-4d2b-a3e8-e3c83698e793/datanode-2/data/ratis] (custom)
2019-10-11 03:54:30,070 [main] INFO  hdfs.DFSUtil (DFSUtil.java:httpServerTemplateForNNAndJN(1641)) - Starting Web-server for hddsDatanode at: http://0.0.0.0:0
2019-10-11 03:54:30,071 [main] INFO  server.AuthenticationFilter (AuthenticationFilter.java:constructSecretProvider(240)) - Unable to initialize FileSignerSecretProvider, falling back to use random secrets.
2019-10-11 03:54:30,071 [main] WARN  http.HttpRequestLog (HttpRequestLog.java:getRequestLog(97)) - Jetty request log can only be enabled using Log4j
2019-10-11 03:54:30,072 [main] INFO  http.HttpServer2 (HttpServer2.java:addGlobalFilter(975)) - Added global filter 'safety' (class=org.apache.hadoop.http.HttpServer2$QuotingInputFilter)
2019-10-11 03:54:30,073 [main] INFO  http.HttpServer2 (HttpServer2.java:addFilter(948)) - Added filter static_user_filter (class=org.apache.hadoop.http.lib.StaticUserWebFilter$StaticUserFilter) to context hddsDatanode
2019-10-11 03:54:30,073 [main] INFO  http.HttpServer2 (HttpServer2.java:addFilter(958)) - Added filter static_user_filter (class=org.apache.hadoop.http.lib.StaticUserWebFilter$StaticUserFilter) to context logs
2019-10-11 03:54:30,073 [main] INFO  http.HttpServer2 (HttpServer2.java:addFilter(958)) - Added filter static_user_filter (class=org.apache.hadoop.http.lib.StaticUserWebFilter$StaticUserFilter) to context static
2019-10-11 03:54:30,074 [main] INFO  http.HttpServer2 (HttpServer2.java:bindListener(1191)) - Jetty bound to port 45661
2019-10-11 03:54:30,074 [main] INFO  server.Server (Server.java:doStart(351)) - jetty-9.3.25.v20180904, build timestamp: 2018-09-04T21:11:46Z, git hash: 3ce520221d0240229c862b122d2b06c12a625732
2019-10-11 03:54:30,075 [main] INFO  handler.ContextHandler (ContextHandler.java:doStart(781)) - Started o.e.j.s.ServletContextHandler@28be7fec{/logs,file:///workdir/hadoop-ozone/integration-test/target/log,AVAILABLE}
2019-10-11 03:54:30,076 [main] INFO  handler.ContextHandler (ContextHandler.java:doStart(781)) - Started o.e.j.s.ServletContextHandler@34136bd1{/static,jar:file:/home/user/.m2/repository/org/apache/hadoop/hadoop-hdds-container-service/0.5.0-SNAPSHOT/hadoop-hdds-container-service-0.5.0-SNAPSHOT.jar!/webapps/static,AVAILABLE}
2019-10-11 03:54:30,102 [main] INFO  handler.ContextHandler (ContextHandler.java:doStart(781)) - Started o.e.j.w.WebAppContext@6222391a{/,file:///tmp/jetty-0.0.0.0-45661-hddsDatanode-_-any-8132877473370350719.dir/webapp/,AVAILABLE}{/hddsDatanode}
2019-10-11 03:54:30,102 [main] INFO  server.AbstractConnector (AbstractConnector.java:doStart(278)) - Started ServerConnector@538a2f0e{HTTP/1.1,[http/1.1]}{0.0.0.0:45661}
2019-10-11 03:54:30,104 [main] INFO  server.Server (Server.java:doStart(419)) - Started @234271ms
2019-10-11 03:54:30,104 [main] WARN  impl.MetricsSystemImpl (MetricsSystemImpl.java:register(276)) - Sink prometheus already exists!
2019-10-11 03:54:30,105 [main] INFO  server.BaseHttpServer (BaseHttpServer.java:updateConnectorAddress(215)) - HTTP server of HDDSDATANODE is listening at http://0.0.0.0:45661
2019-10-11 03:54:30,106 [main] INFO  impl.MetricsSystemImpl (MetricsSystemImpl.java:init(158)) - HddsDatanode metrics system started (again)
2019-10-11 03:54:30,109 [org.apache.hadoop.util.JvmPauseMonitor$Monitor@70bd52e1] INFO  util.JvmPauseMonitor (JvmPauseMonitor.java:run(188)) - Starting JVM pause monitor
2019-10-11 03:54:30,110 [main] INFO  ozone.HddsDatanodeService (HddsDatanodeService.java:start(184)) - HddsDatanodeService host:pr-hdds-2181-p9m8s-78523098 ip:192.168.151.96
2019-10-11 03:54:30,110 [Datanode State Machine Thread - 0] INFO  datanode.InitDatanodeState (InitDatanodeState.java:persistContainerDatanodeDetails(140)) - DatanodeDetails is persisted to /workdir/hadoop-ozone/integration-test/target/test-dir/MiniOzoneClusterImpl-d05e7434-4910-4d2b-a3e8-e3c83698e793/datanode-2/meta/datanode.id
2019-10-11 03:54:30,116 [main] INFO  volume.HddsVolume (HddsVolume.java:<init>(176)) - Creating Volume: /workdir/hadoop-ozone/integration-test/target/test-dir/MiniOzoneClusterImpl-d05e7434-4910-4d2b-a3e8-e3c83698e793/datanode-3/data/containers/hdds of  storage type : DISK and capacity : 1482555576320
2019-10-11 03:54:30,117 [main] INFO  volume.VolumeSet (VolumeSet.java:initializeVolumeSet(170)) - Added Volume : /workdir/hadoop-ozone/integration-test/target/test-dir/MiniOzoneClusterImpl-d05e7434-4910-4d2b-a3e8-e3c83698e793/datanode-3/data/containers/hdds to VolumeSet
2019-10-11 03:54:30,117 [main] INFO  volume.ThrottledAsyncChecker (ThrottledAsyncChecker.java:schedule(141)) - Scheduling a check for org.apache.hadoop.ozone.container.common.volume.HddsVolume@65cc5252
2019-10-11 03:54:30,118 [main] INFO  volume.HddsVolumeChecker (HddsVolumeChecker.java:checkAllVolumes(204)) - Scheduled health check for volume org.apache.hadoop.ozone.container.common.volume.HddsVolume@65cc5252
2019-10-11 03:54:30,148 [main] INFO  impl.RaftServerProxy (ConfUtils.java:logGet(43)) - raft.rpc.type = GRPC (default)
2019-10-11 03:54:30,149 [main] INFO  grpc.GrpcFactory (GrpcFactory.java:checkPooledByteBufAllocatorUseCacheForAllThreads(45)) - PERFORMANCE WARNING: useCacheForAllThreads is true that may cause Netty to create a lot garbage objects and, as a result, trigger GC.
	It is recommended to disable useCacheForAllThreads by setting -Dorg.apache.ratis.thirdparty.io.netty.allocator.useCacheForAllThreads=false in command line.
2019-10-11 03:54:30,149 [main] INFO  grpc.GrpcConfigKeys$Server (ConfUtils.java:logGet(43)) - raft.grpc.server.port = 0 (default)
2019-10-11 03:54:30,149 [main] INFO  server.GrpcService (ConfUtils.java:logGet(43)) - raft.grpc.message.size.max = 33570816 (custom)
2019-10-11 03:54:30,149 [main] INFO  server.RaftServerConfigKeys (ConfUtils.java:logGet(43)) - raft.server.log.appender.buffer.byte-limit = 33554432 (custom)
2019-10-11 03:54:30,150 [main] INFO  server.GrpcService (ConfUtils.java:logGet(43)) - raft.grpc.flow.control.window = 1MB (=1048576) (default)
2019-10-11 03:54:30,150 [main] INFO  server.RaftServerConfigKeys (ConfUtils.java:logGet(43)) - raft.server.rpc.request.timeout = 3000ms (default)
2019-10-11 03:54:30,150 [main] INFO  server.RaftServerConfigKeys (ConfUtils.java:logGet(43)) - raft.server.storage.dir = [/workdir/hadoop-ozone/integration-test/target/test-dir/MiniOzoneClusterImpl-d05e7434-4910-4d2b-a3e8-e3c83698e793/datanode-3/data/ratis] (custom)
2019-10-11 03:54:30,152 [main] INFO  hdfs.DFSUtil (DFSUtil.java:httpServerTemplateForNNAndJN(1641)) - Starting Web-server for hddsDatanode at: http://0.0.0.0:0
2019-10-11 03:54:30,153 [main] INFO  server.AuthenticationFilter (AuthenticationFilter.java:constructSecretProvider(240)) - Unable to initialize FileSignerSecretProvider, falling back to use random secrets.
2019-10-11 03:54:30,153 [main] WARN  http.HttpRequestLog (HttpRequestLog.java:getRequestLog(97)) - Jetty request log can only be enabled using Log4j
2019-10-11 03:54:30,155 [main] INFO  http.HttpServer2 (HttpServer2.java:addGlobalFilter(975)) - Added global filter 'safety' (class=org.apache.hadoop.http.HttpServer2$QuotingInputFilter)
2019-10-11 03:54:30,155 [main] INFO  http.HttpServer2 (HttpServer2.java:addFilter(948)) - Added filter static_user_filter (class=org.apache.hadoop.http.lib.StaticUserWebFilter$StaticUserFilter) to context hddsDatanode
2019-10-11 03:54:30,155 [main] INFO  http.HttpServer2 (HttpServer2.java:addFilter(958)) - Added filter static_user_filter (class=org.apache.hadoop.http.lib.StaticUserWebFilter$StaticUserFilter) to context logs
2019-10-11 03:54:30,155 [main] INFO  http.HttpServer2 (HttpServer2.java:addFilter(958)) - Added filter static_user_filter (class=org.apache.hadoop.http.lib.StaticUserWebFilter$StaticUserFilter) to context static
2019-10-11 03:54:30,156 [main] INFO  http.HttpServer2 (HttpServer2.java:bindListener(1191)) - Jetty bound to port 36690
2019-10-11 03:54:30,156 [main] INFO  server.Server (Server.java:doStart(351)) - jetty-9.3.25.v20180904, build timestamp: 2018-09-04T21:11:46Z, git hash: 3ce520221d0240229c862b122d2b06c12a625732
2019-10-11 03:54:30,158 [main] INFO  handler.ContextHandler (ContextHandler.java:doStart(781)) - Started o.e.j.s.ServletContextHandler@4ffced4e{/logs,file:///workdir/hadoop-ozone/integration-test/target/log,AVAILABLE}
2019-10-11 03:54:30,158 [main] INFO  handler.ContextHandler (ContextHandler.java:doStart(781)) - Started o.e.j.s.ServletContextHandler@bbb6f0{/static,jar:file:/home/user/.m2/repository/org/apache/hadoop/hadoop-hdds-container-service/0.5.0-SNAPSHOT/hadoop-hdds-container-service-0.5.0-SNAPSHOT.jar!/webapps/static,AVAILABLE}
2019-10-11 03:54:30,185 [main] INFO  handler.ContextHandler (ContextHandler.java:doStart(781)) - Started o.e.j.w.WebAppContext@7d0cd23c{/,file:///tmp/jetty-0.0.0.0-36690-hddsDatanode-_-any-2918466102244422338.dir/webapp/,AVAILABLE}{/hddsDatanode}
2019-10-11 03:54:30,185 [main] INFO  server.AbstractConnector (AbstractConnector.java:doStart(278)) - Started ServerConnector@17c4dc5b{HTTP/1.1,[http/1.1]}{0.0.0.0:36690}
2019-10-11 03:54:30,187 [main] INFO  server.Server (Server.java:doStart(419)) - Started @234354ms
2019-10-11 03:54:30,187 [main] WARN  impl.MetricsSystemImpl (MetricsSystemImpl.java:register(276)) - Sink prometheus already exists!
2019-10-11 03:54:30,188 [main] INFO  server.BaseHttpServer (BaseHttpServer.java:updateConnectorAddress(215)) - HTTP server of HDDSDATANODE is listening at http://0.0.0.0:36690
2019-10-11 03:54:30,188 [main] INFO  impl.MetricsSystemImpl (MetricsSystemImpl.java:init(158)) - HddsDatanode metrics system started (again)
2019-10-11 03:54:30,192 [org.apache.hadoop.util.JvmPauseMonitor$Monitor@666c3fef] INFO  util.JvmPauseMonitor (JvmPauseMonitor.java:run(188)) - Starting JVM pause monitor
2019-10-11 03:54:30,193 [main] INFO  ozone.HddsDatanodeService (HddsDatanodeService.java:start(184)) - HddsDatanodeService host:pr-hdds-2181-p9m8s-78523098 ip:192.168.151.96
2019-10-11 03:54:30,193 [Datanode State Machine Thread - 0] INFO  datanode.InitDatanodeState (InitDatanodeState.java:persistContainerDatanodeDetails(140)) - DatanodeDetails is persisted to /workdir/hadoop-ozone/integration-test/target/test-dir/MiniOzoneClusterImpl-d05e7434-4910-4d2b-a3e8-e3c83698e793/datanode-3/meta/datanode.id
2019-10-11 03:54:30,198 [main] INFO  volume.HddsVolume (HddsVolume.java:<init>(176)) - Creating Volume: /workdir/hadoop-ozone/integration-test/target/test-dir/MiniOzoneClusterImpl-d05e7434-4910-4d2b-a3e8-e3c83698e793/datanode-4/data/containers/hdds of  storage type : DISK and capacity : 1482555576320
2019-10-11 03:54:30,198 [main] INFO  volume.VolumeSet (VolumeSet.java:initializeVolumeSet(170)) - Added Volume : /workdir/hadoop-ozone/integration-test/target/test-dir/MiniOzoneClusterImpl-d05e7434-4910-4d2b-a3e8-e3c83698e793/datanode-4/data/containers/hdds to VolumeSet
2019-10-11 03:54:30,198 [main] INFO  volume.ThrottledAsyncChecker (ThrottledAsyncChecker.java:schedule(141)) - Scheduling a check for org.apache.hadoop.ozone.container.common.volume.HddsVolume@2506b881
2019-10-11 03:54:30,199 [main] INFO  volume.HddsVolumeChecker (HddsVolumeChecker.java:checkAllVolumes(204)) - Scheduled health check for volume org.apache.hadoop.ozone.container.common.volume.HddsVolume@2506b881
2019-10-11 03:54:30,211 [main] INFO  impl.RaftServerProxy (ConfUtils.java:logGet(43)) - raft.rpc.type = GRPC (default)
2019-10-11 03:54:30,211 [main] INFO  grpc.GrpcFactory (GrpcFactory.java:checkPooledByteBufAllocatorUseCacheForAllThreads(45)) - PERFORMANCE WARNING: useCacheForAllThreads is true that may cause Netty to create a lot garbage objects and, as a result, trigger GC.
	It is recommended to disable useCacheForAllThreads by setting -Dorg.apache.ratis.thirdparty.io.netty.allocator.useCacheForAllThreads=false in command line.
2019-10-11 03:54:30,211 [main] INFO  grpc.GrpcConfigKeys$Server (ConfUtils.java:logGet(43)) - raft.grpc.server.port = 0 (default)
2019-10-11 03:54:30,211 [main] INFO  server.GrpcService (ConfUtils.java:logGet(43)) - raft.grpc.message.size.max = 33570816 (custom)
2019-10-11 03:54:30,211 [main] INFO  server.RaftServerConfigKeys (ConfUtils.java:logGet(43)) - raft.server.log.appender.buffer.byte-limit = 33554432 (custom)
2019-10-11 03:54:30,211 [main] INFO  server.GrpcService (ConfUtils.java:logGet(43)) - raft.grpc.flow.control.window = 1MB (=1048576) (default)
2019-10-11 03:54:30,212 [main] INFO  server.RaftServerConfigKeys (ConfUtils.java:logGet(43)) - raft.server.rpc.request.timeout = 3000ms (default)
2019-10-11 03:54:30,212 [main] INFO  server.RaftServerConfigKeys (ConfUtils.java:logGet(43)) - raft.server.storage.dir = [/workdir/hadoop-ozone/integration-test/target/test-dir/MiniOzoneClusterImpl-d05e7434-4910-4d2b-a3e8-e3c83698e793/datanode-4/data/ratis] (custom)
2019-10-11 03:54:30,213 [main] INFO  hdfs.DFSUtil (DFSUtil.java:httpServerTemplateForNNAndJN(1641)) - Starting Web-server for hddsDatanode at: http://0.0.0.0:0
2019-10-11 03:54:30,214 [main] INFO  server.AuthenticationFilter (AuthenticationFilter.java:constructSecretProvider(240)) - Unable to initialize FileSignerSecretProvider, falling back to use random secrets.
2019-10-11 03:54:30,214 [main] WARN  http.HttpRequestLog (HttpRequestLog.java:getRequestLog(97)) - Jetty request log can only be enabled using Log4j
2019-10-11 03:54:30,216 [main] INFO  http.HttpServer2 (HttpServer2.java:addGlobalFilter(975)) - Added global filter 'safety' (class=org.apache.hadoop.http.HttpServer2$QuotingInputFilter)
2019-10-11 03:54:30,216 [main] INFO  http.HttpServer2 (HttpServer2.java:addFilter(948)) - Added filter static_user_filter (class=org.apache.hadoop.http.lib.StaticUserWebFilter$StaticUserFilter) to context hddsDatanode
2019-10-11 03:54:30,216 [main] INFO  http.HttpServer2 (HttpServer2.java:addFilter(958)) - Added filter static_user_filter (class=org.apache.hadoop.http.lib.StaticUserWebFilter$StaticUserFilter) to context logs
2019-10-11 03:54:30,216 [main] INFO  http.HttpServer2 (HttpServer2.java:addFilter(958)) - Added filter static_user_filter (class=org.apache.hadoop.http.lib.StaticUserWebFilter$StaticUserFilter) to context static
2019-10-11 03:54:30,217 [main] INFO  http.HttpServer2 (HttpServer2.java:bindListener(1191)) - Jetty bound to port 39288
2019-10-11 03:54:30,217 [main] INFO  server.Server (Server.java:doStart(351)) - jetty-9.3.25.v20180904, build timestamp: 2018-09-04T21:11:46Z, git hash: 3ce520221d0240229c862b122d2b06c12a625732
2019-10-11 03:54:30,219 [main] INFO  handler.ContextHandler (ContextHandler.java:doStart(781)) - Started o.e.j.s.ServletContextHandler@723e2d08{/logs,file:///workdir/hadoop-ozone/integration-test/target/log,AVAILABLE}
2019-10-11 03:54:30,219 [main] INFO  handler.ContextHandler (ContextHandler.java:doStart(781)) - Started o.e.j.s.ServletContextHandler@14f060b8{/static,jar:file:/home/user/.m2/repository/org/apache/hadoop/hadoop-hdds-container-service/0.5.0-SNAPSHOT/hadoop-hdds-container-service-0.5.0-SNAPSHOT.jar!/webapps/static,AVAILABLE}
2019-10-11 03:54:30,245 [main] INFO  handler.ContextHandler (ContextHandler.java:doStart(781)) - Started o.e.j.w.WebAppContext@5fb3111a{/,file:///tmp/jetty-0.0.0.0-39288-hddsDatanode-_-any-3424080509494555828.dir/webapp/,AVAILABLE}{/hddsDatanode}
2019-10-11 03:54:30,245 [main] INFO  server.AbstractConnector (AbstractConnector.java:doStart(278)) - Started ServerConnector@4aaecabd{HTTP/1.1,[http/1.1]}{0.0.0.0:39288}
2019-10-11 03:54:30,247 [main] INFO  server.Server (Server.java:doStart(419)) - Started @234414ms
2019-10-11 03:54:30,247 [main] WARN  impl.MetricsSystemImpl (MetricsSystemImpl.java:register(276)) - Sink prometheus already exists!
2019-10-11 03:54:30,248 [main] INFO  server.BaseHttpServer (BaseHttpServer.java:updateConnectorAddress(215)) - HTTP server of HDDSDATANODE is listening at http://0.0.0.0:39288
2019-10-11 03:54:30,248 [main] INFO  impl.MetricsSystemImpl (MetricsSystemImpl.java:init(158)) - HddsDatanode metrics system started (again)
2019-10-11 03:54:30,252 [org.apache.hadoop.util.JvmPauseMonitor$Monitor@4bdbe6b7] INFO  util.JvmPauseMonitor (JvmPauseMonitor.java:run(188)) - Starting JVM pause monitor
2019-10-11 03:54:30,253 [main] INFO  ozone.HddsDatanodeService (HddsDatanodeService.java:start(184)) - HddsDatanodeService host:pr-hdds-2181-p9m8s-78523098 ip:192.168.151.96
2019-10-11 03:54:30,254 [Datanode State Machine Thread - 0] INFO  datanode.InitDatanodeState (InitDatanodeState.java:persistContainerDatanodeDetails(140)) - DatanodeDetails is persisted to /workdir/hadoop-ozone/integration-test/target/test-dir/MiniOzoneClusterImpl-d05e7434-4910-4d2b-a3e8-e3c83698e793/datanode-4/meta/datanode.id
2019-10-11 03:54:30,258 [main] INFO  volume.HddsVolume (HddsVolume.java:<init>(176)) - Creating Volume: /workdir/hadoop-ozone/integration-test/target/test-dir/MiniOzoneClusterImpl-d05e7434-4910-4d2b-a3e8-e3c83698e793/datanode-5/data/containers/hdds of  storage type : DISK and capacity : 1482555576320
2019-10-11 03:54:30,259 [main] INFO  volume.VolumeSet (VolumeSet.java:initializeVolumeSet(170)) - Added Volume : /workdir/hadoop-ozone/integration-test/target/test-dir/MiniOzoneClusterImpl-d05e7434-4910-4d2b-a3e8-e3c83698e793/datanode-5/data/containers/hdds to VolumeSet
2019-10-11 03:54:30,259 [main] INFO  volume.ThrottledAsyncChecker (ThrottledAsyncChecker.java:schedule(141)) - Scheduling a check for org.apache.hadoop.ozone.container.common.volume.HddsVolume@6b8b5020
2019-10-11 03:54:30,259 [main] INFO  volume.HddsVolumeChecker (HddsVolumeChecker.java:checkAllVolumes(204)) - Scheduled health check for volume org.apache.hadoop.ozone.container.common.volume.HddsVolume@6b8b5020
2019-10-11 03:54:30,273 [main] INFO  impl.RaftServerProxy (ConfUtils.java:logGet(43)) - raft.rpc.type = GRPC (default)
2019-10-11 03:54:30,273 [main] INFO  grpc.GrpcFactory (GrpcFactory.java:checkPooledByteBufAllocatorUseCacheForAllThreads(45)) - PERFORMANCE WARNING: useCacheForAllThreads is true that may cause Netty to create a lot garbage objects and, as a result, trigger GC.
	It is recommended to disable useCacheForAllThreads by setting -Dorg.apache.ratis.thirdparty.io.netty.allocator.useCacheForAllThreads=false in command line.
2019-10-11 03:54:30,273 [main] INFO  grpc.GrpcConfigKeys$Server (ConfUtils.java:logGet(43)) - raft.grpc.server.port = 0 (default)
2019-10-11 03:54:30,274 [main] INFO  server.GrpcService (ConfUtils.java:logGet(43)) - raft.grpc.message.size.max = 33570816 (custom)
2019-10-11 03:54:30,274 [main] INFO  server.RaftServerConfigKeys (ConfUtils.java:logGet(43)) - raft.server.log.appender.buffer.byte-limit = 33554432 (custom)
2019-10-11 03:54:30,274 [main] INFO  server.GrpcService (ConfUtils.java:logGet(43)) - raft.grpc.flow.control.window = 1MB (=1048576) (default)
2019-10-11 03:54:30,274 [main] INFO  server.RaftServerConfigKeys (ConfUtils.java:logGet(43)) - raft.server.rpc.request.timeout = 3000ms (default)
2019-10-11 03:54:30,274 [main] INFO  server.RaftServerConfigKeys (ConfUtils.java:logGet(43)) - raft.server.storage.dir = [/workdir/hadoop-ozone/integration-test/target/test-dir/MiniOzoneClusterImpl-d05e7434-4910-4d2b-a3e8-e3c83698e793/datanode-5/data/ratis] (custom)
2019-10-11 03:54:30,276 [main] INFO  hdfs.DFSUtil (DFSUtil.java:httpServerTemplateForNNAndJN(1641)) - Starting Web-server for hddsDatanode at: http://0.0.0.0:0
2019-10-11 03:54:30,277 [main] INFO  server.AuthenticationFilter (AuthenticationFilter.java:constructSecretProvider(240)) - Unable to initialize FileSignerSecretProvider, falling back to use random secrets.
2019-10-11 03:54:30,277 [main] WARN  http.HttpRequestLog (HttpRequestLog.java:getRequestLog(97)) - Jetty request log can only be enabled using Log4j
2019-10-11 03:54:30,278 [main] INFO  http.HttpServer2 (HttpServer2.java:addGlobalFilter(975)) - Added global filter 'safety' (class=org.apache.hadoop.http.HttpServer2$QuotingInputFilter)
2019-10-11 03:54:30,279 [main] INFO  http.HttpServer2 (HttpServer2.java:addFilter(948)) - Added filter static_user_filter (class=org.apache.hadoop.http.lib.StaticUserWebFilter$StaticUserFilter) to context hddsDatanode
2019-10-11 03:54:30,279 [main] INFO  http.HttpServer2 (HttpServer2.java:addFilter(958)) - Added filter static_user_filter (class=org.apache.hadoop.http.lib.StaticUserWebFilter$StaticUserFilter) to context static
2019-10-11 03:54:30,279 [main] INFO  http.HttpServer2 (HttpServer2.java:addFilter(958)) - Added filter static_user_filter (class=org.apache.hadoop.http.lib.StaticUserWebFilter$StaticUserFilter) to context logs
2019-10-11 03:54:30,279 [main] INFO  http.HttpServer2 (HttpServer2.java:bindListener(1191)) - Jetty bound to port 44384
2019-10-11 03:54:30,280 [main] INFO  server.Server (Server.java:doStart(351)) - jetty-9.3.25.v20180904, build timestamp: 2018-09-04T21:11:46Z, git hash: 3ce520221d0240229c862b122d2b06c12a625732
2019-10-11 03:54:30,281 [main] INFO  handler.ContextHandler (ContextHandler.java:doStart(781)) - Started o.e.j.s.ServletContextHandler@67f946c3{/logs,file:///workdir/hadoop-ozone/integration-test/target/log,AVAILABLE}
2019-10-11 03:54:30,281 [main] INFO  handler.ContextHandler (ContextHandler.java:doStart(781)) - Started o.e.j.s.ServletContextHandler@1785d194{/static,jar:file:/home/user/.m2/repository/org/apache/hadoop/hadoop-hdds-container-service/0.5.0-SNAPSHOT/hadoop-hdds-container-service-0.5.0-SNAPSHOT.jar!/webapps/static,AVAILABLE}
2019-10-11 03:54:30,306 [main] INFO  handler.ContextHandler (ContextHandler.java:doStart(781)) - Started o.e.j.w.WebAppContext@27ec8754{/,file:///tmp/jetty-0.0.0.0-44384-hddsDatanode-_-any-2929169257332148870.dir/webapp/,AVAILABLE}{/hddsDatanode}
2019-10-11 03:54:30,307 [main] INFO  server.AbstractConnector (AbstractConnector.java:doStart(278)) - Started ServerConnector@3bbf1c0d{HTTP/1.1,[http/1.1]}{0.0.0.0:44384}
2019-10-11 03:54:30,308 [main] INFO  server.Server (Server.java:doStart(419)) - Started @234474ms
2019-10-11 03:54:30,308 [main] WARN  impl.MetricsSystemImpl (MetricsSystemImpl.java:register(276)) - Sink prometheus already exists!
2019-10-11 03:54:30,309 [main] INFO  server.BaseHttpServer (BaseHttpServer.java:updateConnectorAddress(215)) - HTTP server of HDDSDATANODE is listening at http://0.0.0.0:44384
2019-10-11 03:54:30,309 [main] INFO  impl.MetricsSystemImpl (MetricsSystemImpl.java:init(158)) - HddsDatanode metrics system started (again)
2019-10-11 03:54:30,314 [org.apache.hadoop.util.JvmPauseMonitor$Monitor@514ee072] INFO  util.JvmPauseMonitor (JvmPauseMonitor.java:run(188)) - Starting JVM pause monitor
2019-10-11 03:54:30,315 [Datanode State Machine Thread - 0] INFO  datanode.InitDatanodeState (InitDatanodeState.java:persistContainerDatanodeDetails(140)) - DatanodeDetails is persisted to /workdir/hadoop-ozone/integration-test/target/test-dir/MiniOzoneClusterImpl-d05e7434-4910-4d2b-a3e8-e3c83698e793/datanode-5/meta/datanode.id
2019-10-11 03:54:30,315 [main] INFO  ozone.HddsDatanodeService (HddsDatanodeService.java:start(184)) - HddsDatanodeService host:pr-hdds-2181-p9m8s-78523098 ip:192.168.151.96
2019-10-11 03:54:30,320 [main] INFO  volume.HddsVolume (HddsVolume.java:<init>(176)) - Creating Volume: /workdir/hadoop-ozone/integration-test/target/test-dir/MiniOzoneClusterImpl-d05e7434-4910-4d2b-a3e8-e3c83698e793/datanode-6/data/containers/hdds of  storage type : DISK and capacity : 1482555576320
2019-10-11 03:54:30,320 [main] INFO  volume.VolumeSet (VolumeSet.java:initializeVolumeSet(170)) - Added Volume : /workdir/hadoop-ozone/integration-test/target/test-dir/MiniOzoneClusterImpl-d05e7434-4910-4d2b-a3e8-e3c83698e793/datanode-6/data/containers/hdds to VolumeSet
2019-10-11 03:54:30,320 [main] INFO  volume.ThrottledAsyncChecker (ThrottledAsyncChecker.java:schedule(141)) - Scheduling a check for org.apache.hadoop.ozone.container.common.volume.HddsVolume@310d57b1
2019-10-11 03:54:30,320 [main] INFO  volume.HddsVolumeChecker (HddsVolumeChecker.java:checkAllVolumes(204)) - Scheduled health check for volume org.apache.hadoop.ozone.container.common.volume.HddsVolume@310d57b1
2019-10-11 03:54:30,332 [main] INFO  impl.RaftServerProxy (ConfUtils.java:logGet(43)) - raft.rpc.type = GRPC (default)
2019-10-11 03:54:30,332 [main] INFO  grpc.GrpcFactory (GrpcFactory.java:checkPooledByteBufAllocatorUseCacheForAllThreads(45)) - PERFORMANCE WARNING: useCacheForAllThreads is true that may cause Netty to create a lot garbage objects and, as a result, trigger GC.
	It is recommended to disable useCacheForAllThreads by setting -Dorg.apache.ratis.thirdparty.io.netty.allocator.useCacheForAllThreads=false in command line.
2019-10-11 03:54:30,332 [main] INFO  grpc.GrpcConfigKeys$Server (ConfUtils.java:logGet(43)) - raft.grpc.server.port = 0 (default)
2019-10-11 03:54:30,332 [main] INFO  server.GrpcService (ConfUtils.java:logGet(43)) - raft.grpc.message.size.max = 33570816 (custom)
2019-10-11 03:54:30,332 [main] INFO  server.RaftServerConfigKeys (ConfUtils.java:logGet(43)) - raft.server.log.appender.buffer.byte-limit = 33554432 (custom)
2019-10-11 03:54:30,333 [main] INFO  server.GrpcService (ConfUtils.java:logGet(43)) - raft.grpc.flow.control.window = 1MB (=1048576) (default)
2019-10-11 03:54:30,333 [main] INFO  server.RaftServerConfigKeys (ConfUtils.java:logGet(43)) - raft.server.rpc.request.timeout = 3000ms (default)
2019-10-11 03:54:30,333 [main] INFO  server.RaftServerConfigKeys (ConfUtils.java:logGet(43)) - raft.server.storage.dir = [/workdir/hadoop-ozone/integration-test/target/test-dir/MiniOzoneClusterImpl-d05e7434-4910-4d2b-a3e8-e3c83698e793/datanode-6/data/ratis] (custom)
2019-10-11 03:54:30,334 [main] INFO  hdfs.DFSUtil (DFSUtil.java:httpServerTemplateForNNAndJN(1641)) - Starting Web-server for hddsDatanode at: http://0.0.0.0:0
2019-10-11 03:54:30,335 [main] INFO  server.AuthenticationFilter (AuthenticationFilter.java:constructSecretProvider(240)) - Unable to initialize FileSignerSecretProvider, falling back to use random secrets.
2019-10-11 03:54:30,335 [main] WARN  http.HttpRequestLog (HttpRequestLog.java:getRequestLog(97)) - Jetty request log can only be enabled using Log4j
2019-10-11 03:54:30,336 [main] INFO  http.HttpServer2 (HttpServer2.java:addGlobalFilter(975)) - Added global filter 'safety' (class=org.apache.hadoop.http.HttpServer2$QuotingInputFilter)
2019-10-11 03:54:30,337 [main] INFO  http.HttpServer2 (HttpServer2.java:addFilter(948)) - Added filter static_user_filter (class=org.apache.hadoop.http.lib.StaticUserWebFilter$StaticUserFilter) to context hddsDatanode
2019-10-11 03:54:30,337 [main] INFO  http.HttpServer2 (HttpServer2.java:addFilter(958)) - Added filter static_user_filter (class=org.apache.hadoop.http.lib.StaticUserWebFilter$StaticUserFilter) to context logs
2019-10-11 03:54:30,337 [main] INFO  http.HttpServer2 (HttpServer2.java:addFilter(958)) - Added filter static_user_filter (class=org.apache.hadoop.http.lib.StaticUserWebFilter$StaticUserFilter) to context static
2019-10-11 03:54:30,338 [main] INFO  http.HttpServer2 (HttpServer2.java:bindListener(1191)) - Jetty bound to port 39243
2019-10-11 03:54:30,338 [main] INFO  server.Server (Server.java:doStart(351)) - jetty-9.3.25.v20180904, build timestamp: 2018-09-04T21:11:46Z, git hash: 3ce520221d0240229c862b122d2b06c12a625732
2019-10-11 03:54:30,339 [main] INFO  handler.ContextHandler (ContextHandler.java:doStart(781)) - Started o.e.j.s.ServletContextHandler@2997ddfc{/logs,file:///workdir/hadoop-ozone/integration-test/target/log,AVAILABLE}
2019-10-11 03:54:30,339 [main] INFO  handler.ContextHandler (ContextHandler.java:doStart(781)) - Started o.e.j.s.ServletContextHandler@78d73b1b{/static,jar:file:/home/user/.m2/repository/org/apache/hadoop/hadoop-hdds-container-service/0.5.0-SNAPSHOT/hadoop-hdds-container-service-0.5.0-SNAPSHOT.jar!/webapps/static,AVAILABLE}
2019-10-11 03:54:30,365 [main] INFO  handler.ContextHandler (ContextHandler.java:doStart(781)) - Started o.e.j.w.WebAppContext@39c87b42{/,file:///tmp/jetty-0.0.0.0-39243-hddsDatanode-_-any-3643961213826162977.dir/webapp/,AVAILABLE}{/hddsDatanode}
2019-10-11 03:54:30,365 [main] INFO  server.AbstractConnector (AbstractConnector.java:doStart(278)) - Started ServerConnector@47fcefb3{HTTP/1.1,[http/1.1]}{0.0.0.0:39243}
2019-10-11 03:54:30,367 [main] INFO  server.Server (Server.java:doStart(419)) - Started @234534ms
2019-10-11 03:54:30,367 [main] WARN  impl.MetricsSystemImpl (MetricsSystemImpl.java:register(276)) - Sink prometheus already exists!
2019-10-11 03:54:30,368 [main] INFO  server.BaseHttpServer (BaseHttpServer.java:updateConnectorAddress(215)) - HTTP server of HDDSDATANODE is listening at http://0.0.0.0:39243
2019-10-11 03:54:30,368 [main] INFO  ozone.MiniOzoneClusterImpl (MiniOzoneClusterImpl.java:lambda$waitForClusterToBeReady$0(147)) - Waiting for cluster to be ready. Got 0 of 7 DN Heartbeats.
2019-10-11 03:54:30,369 [org.apache.hadoop.util.JvmPauseMonitor$Monitor@4a4e0aab] INFO  util.JvmPauseMonitor (JvmPauseMonitor.java:run(188)) - Starting JVM pause monitor
2019-10-11 03:54:30,370 [Datanode State Machine Thread - 0] INFO  datanode.InitDatanodeState (InitDatanodeState.java:persistContainerDatanodeDetails(140)) - DatanodeDetails is persisted to /workdir/hadoop-ozone/integration-test/target/test-dir/MiniOzoneClusterImpl-d05e7434-4910-4d2b-a3e8-e3c83698e793/datanode-6/meta/datanode.id
2019-10-11 03:54:31,368 [main] INFO  ozone.MiniOzoneClusterImpl (MiniOzoneClusterImpl.java:lambda$waitForClusterToBeReady$0(147)) - Waiting for cluster to be ready. Got 0 of 7 DN Heartbeats.
2019-10-11 03:54:32,030 [Datanode State Machine Thread - 0] INFO  ozoneimpl.OzoneContainer (OzoneContainer.java:start(213)) - Attempting to start container services.
2019-10-11 03:54:32,031 [Datanode State Machine Thread - 0] INFO  ozoneimpl.OzoneContainer (OzoneContainer.java:startContainerScrub(177)) - Background container scanner has been disabled.
2019-10-11 03:54:32,031 [Datanode State Machine Thread - 0] INFO  ratis.XceiverServerRatis (XceiverServerRatis.java:start(418)) - Starting XceiverServerRatis 043f7723-8702-4b86-ad70-90a3422a20f9 at port 0
2019-10-11 03:54:32,038 [Datanode State Machine Thread - 0] INFO  impl.RaftServerProxy (RaftServerProxy.java:lambda$start$3(299)) - 043f7723-8702-4b86-ad70-90a3422a20f9: start RPC server
2019-10-11 03:54:32,040 [Datanode State Machine Thread - 0] INFO  server.GrpcService (GrpcService.java:startImpl(158)) - 043f7723-8702-4b86-ad70-90a3422a20f9: GrpcService started, listening on 0.0.0.0/0.0.0.0:33250
2019-10-11 03:54:32,040 [Datanode State Machine Thread - 0] INFO  ratis.XceiverServerRatis (XceiverServerRatis.java:start(428)) - XceiverServerRatis 043f7723-8702-4b86-ad70-90a3422a20f9 is started using port 33250
2019-10-11 03:54:32,041 [Datanode State Machine Thread - 0] INFO  server.XceiverServerGrpc (XceiverServerGrpc.java:start(149)) - XceiverServerGrpc 043f7723-8702-4b86-ad70-90a3422a20f9 is started using port 41028
2019-10-11 03:54:32,063 [Datanode State Machine Thread - 0] INFO  ozoneimpl.OzoneContainer (OzoneContainer.java:start(213)) - Attempting to start container services.
2019-10-11 03:54:32,064 [Datanode State Machine Thread - 0] INFO  ozoneimpl.OzoneContainer (OzoneContainer.java:startContainerScrub(177)) - Background container scanner has been disabled.
2019-10-11 03:54:32,064 [Datanode State Machine Thread - 0] INFO  ratis.XceiverServerRatis (XceiverServerRatis.java:start(418)) - Starting XceiverServerRatis b2c6ba06-f117-420e-a800-58b6dcdee706 at port 0
2019-10-11 03:54:32,070 [Datanode State Machine Thread - 0] INFO  impl.RaftServerProxy (RaftServerProxy.java:lambda$start$3(299)) - b2c6ba06-f117-420e-a800-58b6dcdee706: start RPC server
2019-10-11 03:54:32,072 [Datanode State Machine Thread - 0] INFO  server.GrpcService (GrpcService.java:startImpl(158)) - b2c6ba06-f117-420e-a800-58b6dcdee706: GrpcService started, listening on 0.0.0.0/0.0.0.0:35872
2019-10-11 03:54:32,073 [Datanode State Machine Thread - 0] INFO  ratis.XceiverServerRatis (XceiverServerRatis.java:start(428)) - XceiverServerRatis b2c6ba06-f117-420e-a800-58b6dcdee706 is started using port 35872
2019-10-11 03:54:32,079 [Datanode State Machine Thread - 0] INFO  server.XceiverServerGrpc (XceiverServerGrpc.java:start(149)) - XceiverServerGrpc b2c6ba06-f117-420e-a800-58b6dcdee706 is started using port 44275
2019-10-11 03:54:32,124 [Datanode State Machine Thread - 0] INFO  ozoneimpl.OzoneContainer (OzoneContainer.java:start(213)) - Attempting to start container services.
2019-10-11 03:54:32,124 [Datanode State Machine Thread - 0] INFO  ozoneimpl.OzoneContainer (OzoneContainer.java:startContainerScrub(177)) - Background container scanner has been disabled.
2019-10-11 03:54:32,124 [Datanode State Machine Thread - 0] INFO  ratis.XceiverServerRatis (XceiverServerRatis.java:start(418)) - Starting XceiverServerRatis 3a31073d-bde8-4fb6-83ae-5ae0804c27f7 at port 0
2019-10-11 03:54:32,130 [Datanode State Machine Thread - 0] INFO  impl.RaftServerProxy (RaftServerProxy.java:lambda$start$3(299)) - 3a31073d-bde8-4fb6-83ae-5ae0804c27f7: start RPC server
2019-10-11 03:54:32,130 [Datanode State Machine Thread - 0] INFO  server.GrpcService (GrpcService.java:startImpl(158)) - 3a31073d-bde8-4fb6-83ae-5ae0804c27f7: GrpcService started, listening on 0.0.0.0/0.0.0.0:33675
2019-10-11 03:54:32,130 [Datanode State Machine Thread - 0] INFO  ratis.XceiverServerRatis (XceiverServerRatis.java:start(428)) - XceiverServerRatis 3a31073d-bde8-4fb6-83ae-5ae0804c27f7 is started using port 33675
2019-10-11 03:54:32,131 [Datanode State Machine Thread - 0] INFO  server.XceiverServerGrpc (XceiverServerGrpc.java:start(149)) - XceiverServerGrpc 3a31073d-bde8-4fb6-83ae-5ae0804c27f7 is started using port 36863
2019-10-11 03:54:32,202 [Datanode State Machine Thread - 0] INFO  ozoneimpl.OzoneContainer (OzoneContainer.java:start(213)) - Attempting to start container services.
2019-10-11 03:54:32,202 [Datanode State Machine Thread - 0] INFO  ozoneimpl.OzoneContainer (OzoneContainer.java:startContainerScrub(177)) - Background container scanner has been disabled.
2019-10-11 03:54:32,202 [Datanode State Machine Thread - 0] INFO  ratis.XceiverServerRatis (XceiverServerRatis.java:start(418)) - Starting XceiverServerRatis fbde125c-9853-44e2-bb22-16aafde06b70 at port 0
2019-10-11 03:54:32,208 [Datanode State Machine Thread - 0] INFO  impl.RaftServerProxy (RaftServerProxy.java:lambda$start$3(299)) - fbde125c-9853-44e2-bb22-16aafde06b70: start RPC server
2019-10-11 03:54:32,212 [Datanode State Machine Thread - 0] INFO  server.GrpcService (GrpcService.java:startImpl(158)) - fbde125c-9853-44e2-bb22-16aafde06b70: GrpcService started, listening on 0.0.0.0/0.0.0.0:45281
2019-10-11 03:54:32,212 [Datanode State Machine Thread - 0] INFO  ratis.XceiverServerRatis (XceiverServerRatis.java:start(428)) - XceiverServerRatis fbde125c-9853-44e2-bb22-16aafde06b70 is started using port 45281
2019-10-11 03:54:32,212 [Datanode State Machine Thread - 0] INFO  server.XceiverServerGrpc (XceiverServerGrpc.java:start(149)) - XceiverServerGrpc fbde125c-9853-44e2-bb22-16aafde06b70 is started using port 45933
2019-10-11 03:54:32,262 [Datanode State Machine Thread - 0] INFO  ozoneimpl.OzoneContainer (OzoneContainer.java:start(213)) - Attempting to start container services.
2019-10-11 03:54:32,262 [Datanode State Machine Thread - 0] INFO  ozoneimpl.OzoneContainer (OzoneContainer.java:startContainerScrub(177)) - Background container scanner has been disabled.
2019-10-11 03:54:32,262 [Datanode State Machine Thread - 0] INFO  ratis.XceiverServerRatis (XceiverServerRatis.java:start(418)) - Starting XceiverServerRatis e9c7be31-368a-4ef0-bc3f-0ff4808bfa4e at port 0
2019-10-11 03:54:32,268 [Datanode State Machine Thread - 0] INFO  impl.RaftServerProxy (RaftServerProxy.java:lambda$start$3(299)) - e9c7be31-368a-4ef0-bc3f-0ff4808bfa4e: start RPC server
2019-10-11 03:54:32,271 [Datanode State Machine Thread - 0] INFO  server.GrpcService (GrpcService.java:startImpl(158)) - e9c7be31-368a-4ef0-bc3f-0ff4808bfa4e: GrpcService started, listening on 0.0.0.0/0.0.0.0:46656
2019-10-11 03:54:32,271 [Datanode State Machine Thread - 0] INFO  ratis.XceiverServerRatis (XceiverServerRatis.java:start(428)) - XceiverServerRatis e9c7be31-368a-4ef0-bc3f-0ff4808bfa4e is started using port 46656
2019-10-11 03:54:32,271 [Datanode State Machine Thread - 0] INFO  server.XceiverServerGrpc (XceiverServerGrpc.java:start(149)) - XceiverServerGrpc e9c7be31-368a-4ef0-bc3f-0ff4808bfa4e is started using port 38798
2019-10-11 03:54:32,322 [Datanode State Machine Thread - 0] INFO  ozoneimpl.OzoneContainer (OzoneContainer.java:start(213)) - Attempting to start container services.
2019-10-11 03:54:32,322 [Datanode State Machine Thread - 0] INFO  ozoneimpl.OzoneContainer (OzoneContainer.java:startContainerScrub(177)) - Background container scanner has been disabled.
2019-10-11 03:54:32,322 [Datanode State Machine Thread - 0] INFO  ratis.XceiverServerRatis (XceiverServerRatis.java:start(418)) - Starting XceiverServerRatis b342b30f-928a-4d9f-b427-be6ee5627e05 at port 0
2019-10-11 03:54:32,330 [Datanode State Machine Thread - 0] INFO  impl.RaftServerProxy (RaftServerProxy.java:lambda$start$3(299)) - b342b30f-928a-4d9f-b427-be6ee5627e05: start RPC server
2019-10-11 03:54:32,333 [Datanode State Machine Thread - 0] INFO  server.GrpcService (GrpcService.java:startImpl(158)) - b342b30f-928a-4d9f-b427-be6ee5627e05: GrpcService started, listening on 0.0.0.0/0.0.0.0:42361
2019-10-11 03:54:32,333 [Datanode State Machine Thread - 0] INFO  ratis.XceiverServerRatis (XceiverServerRatis.java:start(428)) - XceiverServerRatis b342b30f-928a-4d9f-b427-be6ee5627e05 is started using port 42361
2019-10-11 03:54:32,336 [Datanode State Machine Thread - 0] INFO  server.XceiverServerGrpc (XceiverServerGrpc.java:start(149)) - XceiverServerGrpc b342b30f-928a-4d9f-b427-be6ee5627e05 is started using port 45251
2019-10-11 03:54:32,369 [main] INFO  ozone.MiniOzoneClusterImpl (MiniOzoneClusterImpl.java:lambda$waitForClusterToBeReady$0(147)) - Waiting for cluster to be ready. Got 0 of 7 DN Heartbeats.
2019-10-11 03:54:32,387 [Datanode State Machine Thread - 0] INFO  ozoneimpl.OzoneContainer (OzoneContainer.java:start(213)) - Attempting to start container services.
2019-10-11 03:54:32,387 [Datanode State Machine Thread - 0] INFO  ozoneimpl.OzoneContainer (OzoneContainer.java:startContainerScrub(177)) - Background container scanner has been disabled.
2019-10-11 03:54:32,387 [Datanode State Machine Thread - 0] INFO  ratis.XceiverServerRatis (XceiverServerRatis.java:start(418)) - Starting XceiverServerRatis b50dc8d2-f1f5-4aea-9203-f8872e994f6c at port 0
2019-10-11 03:54:32,392 [Datanode State Machine Thread - 0] INFO  impl.RaftServerProxy (RaftServerProxy.java:lambda$start$3(299)) - b50dc8d2-f1f5-4aea-9203-f8872e994f6c: start RPC server
2019-10-11 03:54:32,395 [Datanode State Machine Thread - 0] INFO  server.GrpcService (GrpcService.java:startImpl(158)) - b50dc8d2-f1f5-4aea-9203-f8872e994f6c: GrpcService started, listening on 0.0.0.0/0.0.0.0:34956
2019-10-11 03:54:32,395 [Datanode State Machine Thread - 0] INFO  ratis.XceiverServerRatis (XceiverServerRatis.java:start(428)) - XceiverServerRatis b50dc8d2-f1f5-4aea-9203-f8872e994f6c is started using port 34956
2019-10-11 03:54:32,396 [Datanode State Machine Thread - 0] INFO  server.XceiverServerGrpc (XceiverServerGrpc.java:start(149)) - XceiverServerGrpc b50dc8d2-f1f5-4aea-9203-f8872e994f6c is started using port 39335
2019-10-11 03:54:33,369 [main] INFO  ozone.MiniOzoneClusterImpl (MiniOzoneClusterImpl.java:lambda$waitForClusterToBeReady$0(147)) - Waiting for cluster to be ready. Got 0 of 7 DN Heartbeats.
2019-10-11 03:54:33,974 [IPC Server handler 2 on 42958] INFO  net.NetworkTopology (NetworkTopologyImpl.java:add(111)) - Added a new node: /default-rack/043f7723-8702-4b86-ad70-90a3422a20f9
2019-10-11 03:54:33,976 [IPC Server handler 2 on 42958] INFO  node.SCMNodeManager (SCMNodeManager.java:register(268)) - Registered Data node : 043f7723-8702-4b86-ad70-90a3422a20f9{ip: 192.168.151.96, host: pr-hdds-2181-p9m8s-78523098, networkLocation: /default-rack, certSerialId: null}
2019-10-11 03:54:33,977 [EventQueue-NodeRegistrationContainerReportForDataNodeSafeModeRule] INFO  safemode.SCMSafeModeManager (DataNodeSafeModeRule.java:process(71)) - SCM in safe mode. 1 DataNodes registered, 1 required.
2019-10-11 03:54:33,979 [EventQueue-NodeRegistrationContainerReportForDataNodeSafeModeRule] INFO  safemode.SCMSafeModeManager (SCMSafeModeManager.java:validateSafeModeExitRules(177)) - ScmSafeModeManager, all rules are successfully validated
2019-10-11 03:54:33,979 [EventQueue-NodeRegistrationContainerReportForDataNodeSafeModeRule] INFO  safemode.SCMSafeModeManager (SCMSafeModeManager.java:exitSafeMode(193)) - SCM exiting safe mode.
2019-10-11 03:54:33,988 [grpc-default-executor-7] INFO  impl.RaftServerProxy (RaftServerProxy.java:addNew(89)) - 043f7723-8702-4b86-ad70-90a3422a20f9: addNew group-6D17F2921258:[043f7723-8702-4b86-ad70-90a3422a20f9:192.168.151.96:33250] returns group-6D17F2921258:java.util.concurrent.CompletableFuture@4b481223[Not completed]
2019-10-11 03:54:33,989 [pool-383-thread-1] INFO  impl.RaftServerImpl (RaftServerImpl.java:<init>(95)) - 043f7723-8702-4b86-ad70-90a3422a20f9: new RaftServerImpl for group-6D17F2921258:[043f7723-8702-4b86-ad70-90a3422a20f9:192.168.151.96:33250] with ContainerStateMachine:uninitialized
2019-10-11 03:54:33,989 [pool-383-thread-1] INFO  server.RaftServerConfigKeys (ConfUtils.java:logGet(43)) - raft.server.rpc.timeout.min = 5s (custom)
2019-10-11 03:54:33,989 [pool-383-thread-1] INFO  server.RaftServerConfigKeys (ConfUtils.java:logGet(43)) - raft.server.rpc.timeout.max = 5200ms (custom)
2019-10-11 03:54:33,989 [pool-383-thread-1] INFO  server.RaftServerConfigKeys (ConfUtils.java:logGet(43)) - raft.server.rpcslowness.timeout = 120s (custom)
2019-10-11 03:54:33,989 [pool-383-thread-1] INFO  server.RaftServerConfigKeys (ConfUtils.java:logGet(43)) - raft.server.sleep.deviation.threshold = 300 (default)
2019-10-11 03:54:33,989 [pool-383-thread-1] INFO  server.RaftServerConfigKeys (ConfUtils.java:logGet(43)) - raft.server.log.appender.install.snapshot.enabled = false (custom)
2019-10-11 03:54:33,990 [pool-383-thread-1] INFO  impl.RaftServerImpl (ServerState.java:<init>(103)) - 043f7723-8702-4b86-ad70-90a3422a20f9@group-6D17F2921258: ConfigurationManager, init=-1: [043f7723-8702-4b86-ad70-90a3422a20f9:192.168.151.96:33250], old=null, confs=<EMPTY_MAP>
2019-10-11 03:54:33,990 [pool-383-thread-1] INFO  server.RaftServerConfigKeys (ConfUtils.java:logGet(43)) - raft.server.storage.dir = [/workdir/hadoop-ozone/integration-test/target/test-dir/MiniOzoneClusterImpl-d05e7434-4910-4d2b-a3e8-e3c83698e793/datanode-0/data/ratis] (custom)
2019-10-11 03:54:33,990 [pool-383-thread-1] INFO  server.RaftServerConfigKeys (ConfUtils.java:logGet(43)) - raft.server.log.corruption.policy = EXCEPTION (default)
2019-10-11 03:54:33,990 [pool-383-thread-1] INFO  storage.RaftStorageDirectory (RaftStorageDirectory.java:analyzeStorage(246)) - The storage directory /workdir/hadoop-ozone/integration-test/target/test-dir/MiniOzoneClusterImpl-d05e7434-4910-4d2b-a3e8-e3c83698e793/datanode-0/data/ratis/9ba267ed-32ef-4ea3-be80-6d17f2921258 does not exist. Creating ...
2019-10-11 03:54:34,005 [pool-383-thread-1] INFO  storage.RaftStorageDirectory (RaftStorageDirectory.java:tryLock(328)) - Lock on /workdir/hadoop-ozone/integration-test/target/test-dir/MiniOzoneClusterImpl-d05e7434-4910-4d2b-a3e8-e3c83698e793/datanode-0/data/ratis/9ba267ed-32ef-4ea3-be80-6d17f2921258/in_use.lock acquired by nodename 31378@pr-hdds-2181-p9m8s-78523098
2019-10-11 03:54:34,019 [pool-383-thread-1] INFO  storage.RaftStorage (RaftStorage.java:format(84)) - Storage directory /workdir/hadoop-ozone/integration-test/target/test-dir/MiniOzoneClusterImpl-d05e7434-4910-4d2b-a3e8-e3c83698e793/datanode-0/data/ratis/9ba267ed-32ef-4ea3-be80-6d17f2921258 has been successfully formatted.
2019-10-11 03:54:34,019 [pool-383-thread-1] INFO  ratis.ContainerStateMachine (ContainerStateMachine.java:loadSnapshot(231)) - group-6D17F2921258: The snapshot info is null. Setting the last applied indexto:(t:0, i:~)
2019-10-11 03:54:34,019 [pool-383-thread-1] INFO  server.RaftServerConfigKeys (ConfUtils.java:logGet(43)) - raft.server.notification.no-leader.timeout = 120s (custom)
2019-10-11 03:54:34,019 [pool-383-thread-1] INFO  server.RaftServerConfigKeys (ConfUtils.java:logGet(43)) - raft.server.log.use.memory = false (default)
2019-10-11 03:54:34,020 [pool-383-thread-1] INFO  server.RaftServerConfigKeys (ConfUtils.java:logGet(43)) - raft.server.log.purge.gap = 1000000 (custom)
2019-10-11 03:54:34,020 [pool-383-thread-1] INFO  server.RaftServerConfigKeys (ConfUtils.java:logGet(43)) - raft.server.log.appender.buffer.byte-limit = 33554432 (custom)
2019-10-11 03:54:34,020 [pool-383-thread-1] INFO  server.RaftServerConfigKeys (ConfUtils.java:logGet(43)) - raft.server.log.segment.size.max = 1048576 (custom)
2019-10-11 03:54:34,022 [pool-383-thread-1] INFO  server.RaftServerConfigKeys (ConfUtils.java:logGet(43)) - raft.server.log.segment.cache.num.max = 2 (custom)
2019-10-11 03:54:34,023 [pool-383-thread-1] INFO  segmented.SegmentedRaftLogWorker (SegmentedRaftLogWorker.java:<init>(173)) - new 043f7723-8702-4b86-ad70-90a3422a20f9@group-6D17F2921258-SegmentedRaftLogWorker for RaftStorage:Storage Directory /workdir/hadoop-ozone/integration-test/target/test-dir/MiniOzoneClusterImpl-d05e7434-4910-4d2b-a3e8-e3c83698e793/datanode-0/data/ratis/9ba267ed-32ef-4ea3-be80-6d17f2921258
2019-10-11 03:54:34,023 [pool-383-thread-1] INFO  server.RaftServerConfigKeys (ConfUtils.java:logGet(43)) - raft.server.log.queue.byte-limit = 2147483647 (custom)
2019-10-11 03:54:34,023 [pool-383-thread-1] INFO  server.RaftServerConfigKeys (ConfUtils.java:logGet(43)) - raft.server.log.queue.element-limit = 1024 (custom)
2019-10-11 03:54:34,023 [pool-383-thread-1] INFO  server.RaftServerConfigKeys (ConfUtils.java:logGet(43)) - raft.server.log.segment.size.max = 1048576 (custom)
2019-10-11 03:54:34,023 [pool-383-thread-1] INFO  server.RaftServerConfigKeys (ConfUtils.java:logGet(43)) - raft.server.log.preallocated.size = 16384 (custom)
2019-10-11 03:54:34,023 [pool-383-thread-1] INFO  server.RaftServerConfigKeys (ConfUtils.java:logGet(43)) - raft.server.log.write.buffer.size = 33554432 (custom)
2019-10-11 03:54:34,024 [pool-383-thread-1] INFO  server.RaftServerConfigKeys (ConfUtils.java:logGet(43)) - raft.server.log.force.sync.num = 128 (default)
2019-10-11 03:54:34,024 [pool-383-thread-1] INFO  server.RaftServerConfigKeys (ConfUtils.java:logGet(43)) - raft.server.log.statemachine.data.sync = true (default)
2019-10-11 03:54:34,024 [pool-383-thread-1] INFO  server.RaftServerConfigKeys (ConfUtils.java:logGet(43)) - raft.server.log.statemachine.data.sync.timeout = 10s (default)
2019-10-11 03:54:34,024 [pool-383-thread-1] INFO  server.RaftServerConfigKeys (ConfUtils.java:logGet(43)) - raft.server.log.statemachine.data.sync.timeout.retry = -1 (default)
2019-10-11 03:54:34,024 [pool-383-thread-1] INFO  server.RaftServerConfigKeys (ConfUtils.java:logGet(43)) - raft.server.log.statemachine.data.caching.enabled = true (custom)
2019-10-11 03:54:34,025 [pool-383-thread-1] INFO  segmented.SegmentedRaftLogWorker (SegmentedRaftLogWorker.java:lambda$new$0(128)) - 043f7723-8702-4b86-ad70-90a3422a20f9@group-6D17F2921258-SegmentedRaftLogWorker: flushIndex: setUnconditionally 0 -> -1
2019-10-11 03:54:34,025 [pool-383-thread-1] INFO  server.RaftServerConfigKeys (ConfUtils.java:logGet(43)) - raft.server.snapshot.auto.trigger.enabled = true (custom)
2019-10-11 03:54:34,025 [pool-383-thread-1] INFO  server.RaftServerConfigKeys (ConfUtils.java:logGet(43)) - raft.server.snapshot.auto.trigger.threshold = 10000 (custom)
2019-10-11 03:54:34,026 [pool-383-thread-1] INFO  server.RaftServerConfigKeys (ConfUtils.java:logGet(43)) - raft.server.snapshot.retention.file.num = 5 (custom)
2019-10-11 03:54:34,026 [pool-383-thread-1] INFO  server.RaftServerConfigKeys (ConfUtils.java:logGet(43)) - raft.server.retrycache.expirytime = 600000ms (custom)
2019-10-11 03:54:34,028 [pool-383-thread-1] INFO  impl.RaftServerImpl (RaftServerImpl.java:start(181)) - 043f7723-8702-4b86-ad70-90a3422a20f9@group-6D17F2921258: start as a follower, conf=-1: [043f7723-8702-4b86-ad70-90a3422a20f9:192.168.151.96:33250], old=null
2019-10-11 03:54:34,028 [pool-383-thread-1] INFO  impl.RaftServerImpl (RaftServerImpl.java:setRole(170)) - 043f7723-8702-4b86-ad70-90a3422a20f9@group-6D17F2921258: changes role from      null to FOLLOWER at term 0 for startAsFollower
2019-10-11 03:54:34,028 [pool-383-thread-1] INFO  impl.RoleInfo (RoleInfo.java:updateAndGet(143)) - 043f7723-8702-4b86-ad70-90a3422a20f9: start FollowerState
2019-10-11 03:54:34,029 [pool-383-thread-1] INFO  util.JmxRegister (JmxRegister.java:tryRegister(44)) - Successfully registered JMX Bean with object name Ratis:service=RaftServer,group=group-6D17F2921258,id=043f7723-8702-4b86-ad70-90a3422a20f9
2019-10-11 03:54:34,049 [IPC Server handler 3 on 42958] INFO  net.NetworkTopology (NetworkTopologyImpl.java:add(111)) - Added a new node: /default-rack/b2c6ba06-f117-420e-a800-58b6dcdee706
2019-10-11 03:54:34,049 [RatisPipelineUtilsThread] INFO  pipeline.PipelineStateManager (PipelineStateManager.java:addPipeline(56)) - Created pipeline Pipeline[ Id: 9ba267ed-32ef-4ea3-be80-6d17f2921258, Nodes: 043f7723-8702-4b86-ad70-90a3422a20f9{ip: 192.168.151.96, host: pr-hdds-2181-p9m8s-78523098, networkLocation: /default-rack, certSerialId: null}, Type:RATIS, Factor:ONE, State:OPEN]
2019-10-11 03:54:34,049 [IPC Server handler 3 on 42958] INFO  node.SCMNodeManager (SCMNodeManager.java:register(268)) - Registered Data node : b2c6ba06-f117-420e-a800-58b6dcdee706{ip: 192.168.151.96, host: pr-hdds-2181-p9m8s-78523098, networkLocation: /default-rack, certSerialId: null}
2019-10-11 03:54:34,056 [grpc-default-executor-4] INFO  impl.RaftServerProxy (RaftServerProxy.java:addNew(89)) - b2c6ba06-f117-420e-a800-58b6dcdee706: addNew group-15ABB74AA037:[b2c6ba06-f117-420e-a800-58b6dcdee706:192.168.151.96:35872] returns group-15ABB74AA037:java.util.concurrent.CompletableFuture@25986a49[Not completed]
2019-10-11 03:54:34,057 [pool-393-thread-1] INFO  impl.RaftServerImpl (RaftServerImpl.java:<init>(95)) - b2c6ba06-f117-420e-a800-58b6dcdee706: new RaftServerImpl for group-15ABB74AA037:[b2c6ba06-f117-420e-a800-58b6dcdee706:192.168.151.96:35872] with ContainerStateMachine:uninitialized
2019-10-11 03:54:34,057 [pool-393-thread-1] INFO  server.RaftServerConfigKeys (ConfUtils.java:logGet(43)) - raft.server.rpc.timeout.min = 5s (custom)
2019-10-11 03:54:34,057 [pool-393-thread-1] INFO  server.RaftServerConfigKeys (ConfUtils.java:logGet(43)) - raft.server.rpc.timeout.max = 5200ms (custom)
2019-10-11 03:54:34,057 [pool-393-thread-1] INFO  server.RaftServerConfigKeys (ConfUtils.java:logGet(43)) - raft.server.rpcslowness.timeout = 120s (custom)
2019-10-11 03:54:34,058 [pool-393-thread-1] INFO  server.RaftServerConfigKeys (ConfUtils.java:logGet(43)) - raft.server.sleep.deviation.threshold = 300 (default)
2019-10-11 03:54:34,058 [pool-393-thread-1] INFO  server.RaftServerConfigKeys (ConfUtils.java:logGet(43)) - raft.server.log.appender.install.snapshot.enabled = false (custom)
2019-10-11 03:54:34,058 [pool-393-thread-1] INFO  impl.RaftServerImpl (ServerState.java:<init>(103)) - b2c6ba06-f117-420e-a800-58b6dcdee706@group-15ABB74AA037: ConfigurationManager, init=-1: [b2c6ba06-f117-420e-a800-58b6dcdee706:192.168.151.96:35872], old=null, confs=<EMPTY_MAP>
2019-10-11 03:54:34,058 [pool-393-thread-1] INFO  server.RaftServerConfigKeys (ConfUtils.java:logGet(43)) - raft.server.storage.dir = [/workdir/hadoop-ozone/integration-test/target/test-dir/MiniOzoneClusterImpl-d05e7434-4910-4d2b-a3e8-e3c83698e793/datanode-1/data/ratis] (custom)
2019-10-11 03:54:34,058 [pool-393-thread-1] INFO  server.RaftServerConfigKeys (ConfUtils.java:logGet(43)) - raft.server.log.corruption.policy = EXCEPTION (default)
2019-10-11 03:54:34,058 [pool-393-thread-1] INFO  storage.RaftStorageDirectory (RaftStorageDirectory.java:analyzeStorage(246)) - The storage directory /workdir/hadoop-ozone/integration-test/target/test-dir/MiniOzoneClusterImpl-d05e7434-4910-4d2b-a3e8-e3c83698e793/datanode-1/data/ratis/3f08eece-0f46-413f-a5cb-15abb74aa037 does not exist. Creating ...
2019-10-11 03:54:34,071 [pool-393-thread-1] INFO  storage.RaftStorageDirectory (RaftStorageDirectory.java:tryLock(328)) - Lock on /workdir/hadoop-ozone/integration-test/target/test-dir/MiniOzoneClusterImpl-d05e7434-4910-4d2b-a3e8-e3c83698e793/datanode-1/data/ratis/3f08eece-0f46-413f-a5cb-15abb74aa037/in_use.lock acquired by nodename 31378@pr-hdds-2181-p9m8s-78523098
2019-10-11 03:54:34,085 [pool-393-thread-1] INFO  storage.RaftStorage (RaftStorage.java:format(84)) - Storage directory /workdir/hadoop-ozone/integration-test/target/test-dir/MiniOzoneClusterImpl-d05e7434-4910-4d2b-a3e8-e3c83698e793/datanode-1/data/ratis/3f08eece-0f46-413f-a5cb-15abb74aa037 has been successfully formatted.
2019-10-11 03:54:34,085 [pool-393-thread-1] INFO  ratis.ContainerStateMachine (ContainerStateMachine.java:loadSnapshot(231)) - group-15ABB74AA037: The snapshot info is null. Setting the last applied indexto:(t:0, i:~)
2019-10-11 03:54:34,086 [pool-393-thread-1] INFO  server.RaftServerConfigKeys (ConfUtils.java:logGet(43)) - raft.server.notification.no-leader.timeout = 120s (custom)
2019-10-11 03:54:34,086 [pool-393-thread-1] INFO  server.RaftServerConfigKeys (ConfUtils.java:logGet(43)) - raft.server.log.use.memory = false (default)
2019-10-11 03:54:34,086 [pool-393-thread-1] INFO  server.RaftServerConfigKeys (ConfUtils.java:logGet(43)) - raft.server.log.purge.gap = 1000000 (custom)
2019-10-11 03:54:34,086 [pool-393-thread-1] INFO  server.RaftServerConfigKeys (ConfUtils.java:logGet(43)) - raft.server.log.appender.buffer.byte-limit = 33554432 (custom)
2019-10-11 03:54:34,086 [pool-393-thread-1] INFO  server.RaftServerConfigKeys (ConfUtils.java:logGet(43)) - raft.server.log.segment.size.max = 1048576 (custom)
2019-10-11 03:54:34,088 [pool-393-thread-1] INFO  server.RaftServerConfigKeys (ConfUtils.java:logGet(43)) - raft.server.log.segment.cache.num.max = 2 (custom)
2019-10-11 03:54:34,088 [pool-393-thread-1] INFO  segmented.SegmentedRaftLogWorker (SegmentedRaftLogWorker.java:<init>(173)) - new b2c6ba06-f117-420e-a800-58b6dcdee706@group-15ABB74AA037-SegmentedRaftLogWorker for RaftStorage:Storage Directory /workdir/hadoop-ozone/integration-test/target/test-dir/MiniOzoneClusterImpl-d05e7434-4910-4d2b-a3e8-e3c83698e793/datanode-1/data/ratis/3f08eece-0f46-413f-a5cb-15abb74aa037
2019-10-11 03:54:34,088 [pool-393-thread-1] INFO  server.RaftServerConfigKeys (ConfUtils.java:logGet(43)) - raft.server.log.queue.byte-limit = 2147483647 (custom)
2019-10-11 03:54:34,088 [pool-393-thread-1] INFO  server.RaftServerConfigKeys (ConfUtils.java:logGet(43)) - raft.server.log.queue.element-limit = 1024 (custom)
2019-10-11 03:54:34,088 [pool-393-thread-1] INFO  server.RaftServerConfigKeys (ConfUtils.java:logGet(43)) - raft.server.log.segment.size.max = 1048576 (custom)
2019-10-11 03:54:34,088 [pool-393-thread-1] INFO  server.RaftServerConfigKeys (ConfUtils.java:logGet(43)) - raft.server.log.preallocated.size = 16384 (custom)
2019-10-11 03:54:34,088 [pool-393-thread-1] INFO  server.RaftServerConfigKeys (ConfUtils.java:logGet(43)) - raft.server.log.write.buffer.size = 33554432 (custom)
2019-10-11 03:54:34,088 [pool-393-thread-1] INFO  server.RaftServerConfigKeys (ConfUtils.java:logGet(43)) - raft.server.log.force.sync.num = 128 (default)
2019-10-11 03:54:34,088 [pool-393-thread-1] INFO  server.RaftServerConfigKeys (ConfUtils.java:logGet(43)) - raft.server.log.statemachine.data.sync = true (default)
2019-10-11 03:54:34,088 [pool-393-thread-1] INFO  server.RaftServerConfigKeys (ConfUtils.java:logGet(43)) - raft.server.log.statemachine.data.sync.timeout = 10s (default)
2019-10-11 03:54:34,088 [pool-393-thread-1] INFO  server.RaftServerConfigKeys (ConfUtils.java:logGet(43)) - raft.server.log.statemachine.data.sync.timeout.retry = -1 (default)
2019-10-11 03:54:34,089 [pool-393-thread-1] INFO  server.RaftServerConfigKeys (ConfUtils.java:logGet(43)) - raft.server.log.statemachine.data.caching.enabled = true (custom)
2019-10-11 03:54:34,089 [pool-393-thread-1] INFO  segmented.SegmentedRaftLogWorker (SegmentedRaftLogWorker.java:lambda$new$0(128)) - b2c6ba06-f117-420e-a800-58b6dcdee706@group-15ABB74AA037-SegmentedRaftLogWorker: flushIndex: setUnconditionally 0 -> -1
2019-10-11 03:54:34,090 [pool-393-thread-1] INFO  server.RaftServerConfigKeys (ConfUtils.java:logGet(43)) - raft.server.snapshot.auto.trigger.enabled = true (custom)
2019-10-11 03:54:34,090 [pool-393-thread-1] INFO  server.RaftServerConfigKeys (ConfUtils.java:logGet(43)) - raft.server.snapshot.auto.trigger.threshold = 10000 (custom)
2019-10-11 03:54:34,090 [pool-393-thread-1] INFO  server.RaftServerConfigKeys (ConfUtils.java:logGet(43)) - raft.server.snapshot.retention.file.num = 5 (custom)
2019-10-11 03:54:34,090 [pool-393-thread-1] INFO  server.RaftServerConfigKeys (ConfUtils.java:logGet(43)) - raft.server.retrycache.expirytime = 600000ms (custom)
2019-10-11 03:54:34,091 [pool-393-thread-1] INFO  impl.RaftServerImpl (RaftServerImpl.java:start(181)) - b2c6ba06-f117-420e-a800-58b6dcdee706@group-15ABB74AA037: start as a follower, conf=-1: [b2c6ba06-f117-420e-a800-58b6dcdee706:192.168.151.96:35872], old=null
2019-10-11 03:54:34,091 [pool-393-thread-1] INFO  impl.RaftServerImpl (RaftServerImpl.java:setRole(170)) - b2c6ba06-f117-420e-a800-58b6dcdee706@group-15ABB74AA037: changes role from      null to FOLLOWER at term 0 for startAsFollower
2019-10-11 03:54:34,091 [pool-393-thread-1] INFO  impl.RoleInfo (RoleInfo.java:updateAndGet(143)) - b2c6ba06-f117-420e-a800-58b6dcdee706: start FollowerState
2019-10-11 03:54:34,092 [pool-393-thread-1] INFO  util.JmxRegister (JmxRegister.java:tryRegister(44)) - Successfully registered JMX Bean with object name Ratis:service=RaftServer,group=group-15ABB74AA037,id=b2c6ba06-f117-420e-a800-58b6dcdee706
2019-10-11 03:54:34,095 [RatisPipelineUtilsThread] INFO  pipeline.PipelineStateManager (PipelineStateManager.java:addPipeline(56)) - Created pipeline Pipeline[ Id: 3f08eece-0f46-413f-a5cb-15abb74aa037, Nodes: b2c6ba06-f117-420e-a800-58b6dcdee706{ip: 192.168.151.96, host: pr-hdds-2181-p9m8s-78523098, networkLocation: /default-rack, certSerialId: null}, Type:RATIS, Factor:ONE, State:OPEN]
2019-10-11 03:54:34,110 [IPC Server handler 1 on 42958] INFO  net.NetworkTopology (NetworkTopologyImpl.java:add(111)) - Added a new node: /default-rack/3a31073d-bde8-4fb6-83ae-5ae0804c27f7
2019-10-11 03:54:34,111 [IPC Server handler 1 on 42958] INFO  node.SCMNodeManager (SCMNodeManager.java:register(268)) - Registered Data node : 3a31073d-bde8-4fb6-83ae-5ae0804c27f7{ip: 192.168.151.96, host: pr-hdds-2181-p9m8s-78523098, networkLocation: /default-rack, certSerialId: null}
2019-10-11 03:54:34,116 [grpc-default-executor-4] INFO  impl.RaftServerProxy (RaftServerProxy.java:addNew(89)) - 3a31073d-bde8-4fb6-83ae-5ae0804c27f7: addNew group-77CF50743D94:[3a31073d-bde8-4fb6-83ae-5ae0804c27f7:192.168.151.96:33675] returns group-77CF50743D94:java.util.concurrent.CompletableFuture@124dc7dc[Not completed]
2019-10-11 03:54:34,117 [pool-403-thread-1] INFO  impl.RaftServerImpl (RaftServerImpl.java:<init>(95)) - 3a31073d-bde8-4fb6-83ae-5ae0804c27f7: new RaftServerImpl for group-77CF50743D94:[3a31073d-bde8-4fb6-83ae-5ae0804c27f7:192.168.151.96:33675] with ContainerStateMachine:uninitialized
2019-10-11 03:54:34,117 [pool-403-thread-1] INFO  server.RaftServerConfigKeys (ConfUtils.java:logGet(43)) - raft.server.rpc.timeout.min = 5s (custom)
2019-10-11 03:54:34,117 [pool-403-thread-1] INFO  server.RaftServerConfigKeys (ConfUtils.java:logGet(43)) - raft.server.rpc.timeout.max = 5200ms (custom)
2019-10-11 03:54:34,117 [pool-403-thread-1] INFO  server.RaftServerConfigKeys (ConfUtils.java:logGet(43)) - raft.server.rpcslowness.timeout = 120s (custom)
2019-10-11 03:54:34,118 [pool-403-thread-1] INFO  server.RaftServerConfigKeys (ConfUtils.java:logGet(43)) - raft.server.sleep.deviation.threshold = 300 (default)
2019-10-11 03:54:34,118 [pool-403-thread-1] INFO  server.RaftServerConfigKeys (ConfUtils.java:logGet(43)) - raft.server.log.appender.install.snapshot.enabled = false (custom)
2019-10-11 03:54:34,118 [pool-403-thread-1] INFO  impl.RaftServerImpl (ServerState.java:<init>(103)) - 3a31073d-bde8-4fb6-83ae-5ae0804c27f7@group-77CF50743D94: ConfigurationManager, init=-1: [3a31073d-bde8-4fb6-83ae-5ae0804c27f7:192.168.151.96:33675], old=null, confs=<EMPTY_MAP>
2019-10-11 03:54:34,118 [pool-403-thread-1] INFO  server.RaftServerConfigKeys (ConfUtils.java:logGet(43)) - raft.server.storage.dir = [/workdir/hadoop-ozone/integration-test/target/test-dir/MiniOzoneClusterImpl-d05e7434-4910-4d2b-a3e8-e3c83698e793/datanode-2/data/ratis] (custom)
2019-10-11 03:54:34,118 [pool-403-thread-1] INFO  server.RaftServerConfigKeys (ConfUtils.java:logGet(43)) - raft.server.log.corruption.policy = EXCEPTION (default)
2019-10-11 03:54:34,118 [pool-403-thread-1] INFO  storage.RaftStorageDirectory (RaftStorageDirectory.java:analyzeStorage(246)) - The storage directory /workdir/hadoop-ozone/integration-test/target/test-dir/MiniOzoneClusterImpl-d05e7434-4910-4d2b-a3e8-e3c83698e793/datanode-2/data/ratis/ed215a4a-164e-415a-8d82-77cf50743d94 does not exist. Creating ...
2019-10-11 03:54:34,132 [pool-403-thread-1] INFO  storage.RaftStorageDirectory (RaftStorageDirectory.java:tryLock(328)) - Lock on /workdir/hadoop-ozone/integration-test/target/test-dir/MiniOzoneClusterImpl-d05e7434-4910-4d2b-a3e8-e3c83698e793/datanode-2/data/ratis/ed215a4a-164e-415a-8d82-77cf50743d94/in_use.lock acquired by nodename 31378@pr-hdds-2181-p9m8s-78523098
2019-10-11 03:54:34,144 [pool-403-thread-1] INFO  storage.RaftStorage (RaftStorage.java:format(84)) - Storage directory /workdir/hadoop-ozone/integration-test/target/test-dir/MiniOzoneClusterImpl-d05e7434-4910-4d2b-a3e8-e3c83698e793/datanode-2/data/ratis/ed215a4a-164e-415a-8d82-77cf50743d94 has been successfully formatted.
2019-10-11 03:54:34,145 [pool-403-thread-1] INFO  ratis.ContainerStateMachine (ContainerStateMachine.java:loadSnapshot(231)) - group-77CF50743D94: The snapshot info is null. Setting the last applied indexto:(t:0, i:~)
2019-10-11 03:54:34,145 [pool-403-thread-1] INFO  server.RaftServerConfigKeys (ConfUtils.java:logGet(43)) - raft.server.notification.no-leader.timeout = 120s (custom)
2019-10-11 03:54:34,145 [pool-403-thread-1] INFO  server.RaftServerConfigKeys (ConfUtils.java:logGet(43)) - raft.server.log.use.memory = false (default)
2019-10-11 03:54:34,145 [pool-403-thread-1] INFO  server.RaftServerConfigKeys (ConfUtils.java:logGet(43)) - raft.server.log.purge.gap = 1000000 (custom)
2019-10-11 03:54:34,145 [pool-403-thread-1] INFO  server.RaftServerConfigKeys (ConfUtils.java:logGet(43)) - raft.server.log.appender.buffer.byte-limit = 33554432 (custom)
2019-10-11 03:54:34,145 [pool-403-thread-1] INFO  server.RaftServerConfigKeys (ConfUtils.java:logGet(43)) - raft.server.log.segment.size.max = 1048576 (custom)
2019-10-11 03:54:34,146 [pool-403-thread-1] INFO  server.RaftServerConfigKeys (ConfUtils.java:logGet(43)) - raft.server.log.segment.cache.num.max = 2 (custom)
2019-10-11 03:54:34,147 [pool-403-thread-1] INFO  segmented.SegmentedRaftLogWorker (SegmentedRaftLogWorker.java:<init>(173)) - new 3a31073d-bde8-4fb6-83ae-5ae0804c27f7@group-77CF50743D94-SegmentedRaftLogWorker for RaftStorage:Storage Directory /workdir/hadoop-ozone/integration-test/target/test-dir/MiniOzoneClusterImpl-d05e7434-4910-4d2b-a3e8-e3c83698e793/datanode-2/data/ratis/ed215a4a-164e-415a-8d82-77cf50743d94
2019-10-11 03:54:34,147 [pool-403-thread-1] INFO  server.RaftServerConfigKeys (ConfUtils.java:logGet(43)) - raft.server.log.queue.byte-limit = 2147483647 (custom)
2019-10-11 03:54:34,147 [pool-403-thread-1] INFO  server.RaftServerConfigKeys (ConfUtils.java:logGet(43)) - raft.server.log.queue.element-limit = 1024 (custom)
2019-10-11 03:54:34,147 [pool-403-thread-1] INFO  server.RaftServerConfigKeys (ConfUtils.java:logGet(43)) - raft.server.log.segment.size.max = 1048576 (custom)
2019-10-11 03:54:34,147 [pool-403-thread-1] INFO  server.RaftServerConfigKeys (ConfUtils.java:logGet(43)) - raft.server.log.preallocated.size = 16384 (custom)
2019-10-11 03:54:34,147 [pool-403-thread-1] INFO  server.RaftServerConfigKeys (ConfUtils.java:logGet(43)) - raft.server.log.write.buffer.size = 33554432 (custom)
2019-10-11 03:54:34,147 [pool-403-thread-1] INFO  server.RaftServerConfigKeys (ConfUtils.java:logGet(43)) - raft.server.log.force.sync.num = 128 (default)
2019-10-11 03:54:34,147 [pool-403-thread-1] INFO  server.RaftServerConfigKeys (ConfUtils.java:logGet(43)) - raft.server.log.statemachine.data.sync = true (default)
2019-10-11 03:54:34,147 [pool-403-thread-1] INFO  server.RaftServerConfigKeys (ConfUtils.java:logGet(43)) - raft.server.log.statemachine.data.sync.timeout = 10s (default)
2019-10-11 03:54:34,147 [pool-403-thread-1] INFO  server.RaftServerConfigKeys (ConfUtils.java:logGet(43)) - raft.server.log.statemachine.data.sync.timeout.retry = -1 (default)
2019-10-11 03:54:34,148 [pool-403-thread-1] INFO  server.RaftServerConfigKeys (ConfUtils.java:logGet(43)) - raft.server.log.statemachine.data.caching.enabled = true (custom)
2019-10-11 03:54:34,148 [pool-403-thread-1] INFO  segmented.SegmentedRaftLogWorker (SegmentedRaftLogWorker.java:lambda$new$0(128)) - 3a31073d-bde8-4fb6-83ae-5ae0804c27f7@group-77CF50743D94-SegmentedRaftLogWorker: flushIndex: setUnconditionally 0 -> -1
2019-10-11 03:54:34,148 [pool-403-thread-1] INFO  server.RaftServerConfigKeys (ConfUtils.java:logGet(43)) - raft.server.snapshot.auto.trigger.enabled = true (custom)
2019-10-11 03:54:34,148 [pool-403-thread-1] INFO  server.RaftServerConfigKeys (ConfUtils.java:logGet(43)) - raft.server.snapshot.auto.trigger.threshold = 10000 (custom)
2019-10-11 03:54:34,148 [pool-403-thread-1] INFO  server.RaftServerConfigKeys (ConfUtils.java:logGet(43)) - raft.server.snapshot.retention.file.num = 5 (custom)
2019-10-11 03:54:34,148 [pool-403-thread-1] INFO  server.RaftServerConfigKeys (ConfUtils.java:logGet(43)) - raft.server.retrycache.expirytime = 600000ms (custom)
2019-10-11 03:54:34,149 [pool-403-thread-1] INFO  impl.RaftServerImpl (RaftServerImpl.java:start(181)) - 3a31073d-bde8-4fb6-83ae-5ae0804c27f7@group-77CF50743D94: start as a follower, conf=-1: [3a31073d-bde8-4fb6-83ae-5ae0804c27f7:192.168.151.96:33675], old=null
2019-10-11 03:54:34,149 [pool-403-thread-1] INFO  impl.RaftServerImpl (RaftServerImpl.java:setRole(170)) - 3a31073d-bde8-4fb6-83ae-5ae0804c27f7@group-77CF50743D94: changes role from      null to FOLLOWER at term 0 for startAsFollower
2019-10-11 03:54:34,150 [pool-403-thread-1] INFO  impl.RoleInfo (RoleInfo.java:updateAndGet(143)) - 3a31073d-bde8-4fb6-83ae-5ae0804c27f7: start FollowerState
2019-10-11 03:54:34,150 [pool-403-thread-1] INFO  util.JmxRegister (JmxRegister.java:tryRegister(44)) - Successfully registered JMX Bean with object name Ratis:service=RaftServer,group=group-77CF50743D94,id=3a31073d-bde8-4fb6-83ae-5ae0804c27f7
2019-10-11 03:54:34,154 [RatisPipelineUtilsThread] INFO  pipeline.PipelineStateManager (PipelineStateManager.java:addPipeline(56)) - Created pipeline Pipeline[ Id: ed215a4a-164e-415a-8d82-77cf50743d94, Nodes: 3a31073d-bde8-4fb6-83ae-5ae0804c27f7{ip: 192.168.151.96, host: pr-hdds-2181-p9m8s-78523098, networkLocation: /default-rack, certSerialId: null}, Type:RATIS, Factor:ONE, State:OPEN]
2019-10-11 03:54:34,162 [grpc-default-executor-4] INFO  impl.RaftServerProxy (RaftServerProxy.java:addNew(89)) - 3a31073d-bde8-4fb6-83ae-5ae0804c27f7: addNew group-3946EEB1E57C:[043f7723-8702-4b86-ad70-90a3422a20f9:192.168.151.96:33250, b2c6ba06-f117-420e-a800-58b6dcdee706:192.168.151.96:35872, 3a31073d-bde8-4fb6-83ae-5ae0804c27f7:192.168.151.96:33675] returns group-3946EEB1E57C:java.util.concurrent.CompletableFuture@68baa6c3[Not completed]
2019-10-11 03:54:34,162 [grpc-default-executor-3] INFO  impl.RaftServerProxy (RaftServerProxy.java:addNew(89)) - 043f7723-8702-4b86-ad70-90a3422a20f9: addNew group-3946EEB1E57C:[043f7723-8702-4b86-ad70-90a3422a20f9:192.168.151.96:33250, b2c6ba06-f117-420e-a800-58b6dcdee706:192.168.151.96:35872, 3a31073d-bde8-4fb6-83ae-5ae0804c27f7:192.168.151.96:33675] returns group-3946EEB1E57C:java.util.concurrent.CompletableFuture@3a5515f1[Not completed]
2019-10-11 03:54:34,162 [grpc-default-executor-4] INFO  impl.RaftServerProxy (RaftServerProxy.java:addNew(89)) - b2c6ba06-f117-420e-a800-58b6dcdee706: addNew group-3946EEB1E57C:[043f7723-8702-4b86-ad70-90a3422a20f9:192.168.151.96:33250, b2c6ba06-f117-420e-a800-58b6dcdee706:192.168.151.96:35872, 3a31073d-bde8-4fb6-83ae-5ae0804c27f7:192.168.151.96:33675] returns group-3946EEB1E57C:java.util.concurrent.CompletableFuture@588889e2[Not completed]
2019-10-11 03:54:34,163 [pool-403-thread-1] INFO  impl.RaftServerImpl (RaftServerImpl.java:<init>(95)) - 3a31073d-bde8-4fb6-83ae-5ae0804c27f7: new RaftServerImpl for group-3946EEB1E57C:[043f7723-8702-4b86-ad70-90a3422a20f9:192.168.151.96:33250, b2c6ba06-f117-420e-a800-58b6dcdee706:192.168.151.96:35872, 3a31073d-bde8-4fb6-83ae-5ae0804c27f7:192.168.151.96:33675] with ContainerStateMachine:uninitialized
2019-10-11 03:54:34,163 [pool-403-thread-1] INFO  server.RaftServerConfigKeys (ConfUtils.java:logGet(43)) - raft.server.rpc.timeout.min = 5s (custom)
2019-10-11 03:54:34,163 [pool-403-thread-1] INFO  server.RaftServerConfigKeys (ConfUtils.java:logGet(43)) - raft.server.rpc.timeout.max = 5200ms (custom)
2019-10-11 03:54:34,163 [pool-403-thread-1] INFO  server.RaftServerConfigKeys (ConfUtils.java:logGet(43)) - raft.server.rpcslowness.timeout = 120s (custom)
2019-10-11 03:54:34,163 [pool-403-thread-1] INFO  server.RaftServerConfigKeys (ConfUtils.java:logGet(43)) - raft.server.sleep.deviation.threshold = 300 (default)
2019-10-11 03:54:34,163 [pool-403-thread-1] INFO  server.RaftServerConfigKeys (ConfUtils.java:logGet(43)) - raft.server.log.appender.install.snapshot.enabled = false (custom)
2019-10-11 03:54:34,163 [pool-403-thread-1] INFO  impl.RaftServerImpl (ServerState.java:<init>(103)) - 3a31073d-bde8-4fb6-83ae-5ae0804c27f7@group-3946EEB1E57C: ConfigurationManager, init=-1: [043f7723-8702-4b86-ad70-90a3422a20f9:192.168.151.96:33250, b2c6ba06-f117-420e-a800-58b6dcdee706:192.168.151.96:35872, 3a31073d-bde8-4fb6-83ae-5ae0804c27f7:192.168.151.96:33675], old=null, confs=<EMPTY_MAP>
2019-10-11 03:54:34,163 [pool-403-thread-1] INFO  server.RaftServerConfigKeys (ConfUtils.java:logGet(43)) - raft.server.storage.dir = [/workdir/hadoop-ozone/integration-test/target/test-dir/MiniOzoneClusterImpl-d05e7434-4910-4d2b-a3e8-e3c83698e793/datanode-2/data/ratis] (custom)
2019-10-11 03:54:34,164 [pool-393-thread-1] INFO  impl.RaftServerImpl (RaftServerImpl.java:<init>(95)) - b2c6ba06-f117-420e-a800-58b6dcdee706: new RaftServerImpl for group-3946EEB1E57C:[043f7723-8702-4b86-ad70-90a3422a20f9:192.168.151.96:33250, b2c6ba06-f117-420e-a800-58b6dcdee706:192.168.151.96:35872, 3a31073d-bde8-4fb6-83ae-5ae0804c27f7:192.168.151.96:33675] with ContainerStateMachine:uninitialized
2019-10-11 03:54:34,164 [pool-403-thread-1] INFO  server.RaftServerConfigKeys (ConfUtils.java:logGet(43)) - raft.server.log.corruption.policy = EXCEPTION (default)
2019-10-11 03:54:34,164 [pool-393-thread-1] INFO  server.RaftServerConfigKeys (ConfUtils.java:logGet(43)) - raft.server.rpc.timeout.min = 5s (custom)
2019-10-11 03:54:34,164 [pool-403-thread-1] INFO  storage.RaftStorageDirectory (RaftStorageDirectory.java:analyzeStorage(246)) - The storage directory /workdir/hadoop-ozone/integration-test/target/test-dir/MiniOzoneClusterImpl-d05e7434-4910-4d2b-a3e8-e3c83698e793/datanode-2/data/ratis/ac748dac-1119-4ef3-b94a-3946eeb1e57c does not exist. Creating ...
2019-10-11 03:54:34,164 [pool-393-thread-1] INFO  server.RaftServerConfigKeys (ConfUtils.java:logGet(43)) - raft.server.rpc.timeout.max = 5200ms (custom)
2019-10-11 03:54:34,164 [pool-393-thread-1] INFO  server.RaftServerConfigKeys (ConfUtils.java:logGet(43)) - raft.server.rpcslowness.timeout = 120s (custom)
2019-10-11 03:54:34,165 [pool-393-thread-1] INFO  server.RaftServerConfigKeys (ConfUtils.java:logGet(43)) - raft.server.sleep.deviation.threshold = 300 (default)
2019-10-11 03:54:34,165 [pool-383-thread-1] INFO  impl.RaftServerImpl (RaftServerImpl.java:<init>(95)) - 043f7723-8702-4b86-ad70-90a3422a20f9: new RaftServerImpl for group-3946EEB1E57C:[043f7723-8702-4b86-ad70-90a3422a20f9:192.168.151.96:33250, b2c6ba06-f117-420e-a800-58b6dcdee706:192.168.151.96:35872, 3a31073d-bde8-4fb6-83ae-5ae0804c27f7:192.168.151.96:33675] with ContainerStateMachine:uninitialized
2019-10-11 03:54:34,165 [pool-393-thread-1] INFO  server.RaftServerConfigKeys (ConfUtils.java:logGet(43)) - raft.server.log.appender.install.snapshot.enabled = false (custom)
2019-10-11 03:54:34,165 [pool-383-thread-1] INFO  server.RaftServerConfigKeys (ConfUtils.java:logGet(43)) - raft.server.rpc.timeout.min = 5s (custom)
2019-10-11 03:54:34,165 [pool-383-thread-1] INFO  server.RaftServerConfigKeys (ConfUtils.java:logGet(43)) - raft.server.rpc.timeout.max = 5200ms (custom)
2019-10-11 03:54:34,165 [pool-383-thread-1] INFO  server.RaftServerConfigKeys (ConfUtils.java:logGet(43)) - raft.server.rpcslowness.timeout = 120s (custom)
2019-10-11 03:54:34,165 [pool-393-thread-1] INFO  impl.RaftServerImpl (ServerState.java:<init>(103)) - b2c6ba06-f117-420e-a800-58b6dcdee706@group-3946EEB1E57C: ConfigurationManager, init=-1: [043f7723-8702-4b86-ad70-90a3422a20f9:192.168.151.96:33250, b2c6ba06-f117-420e-a800-58b6dcdee706:192.168.151.96:35872, 3a31073d-bde8-4fb6-83ae-5ae0804c27f7:192.168.151.96:33675], old=null, confs=<EMPTY_MAP>
2019-10-11 03:54:34,165 [pool-383-thread-1] INFO  server.RaftServerConfigKeys (ConfUtils.java:logGet(43)) - raft.server.sleep.deviation.threshold = 300 (default)
2019-10-11 03:54:34,166 [pool-393-thread-1] INFO  server.RaftServerConfigKeys (ConfUtils.java:logGet(43)) - raft.server.storage.dir = [/workdir/hadoop-ozone/integration-test/target/test-dir/MiniOzoneClusterImpl-d05e7434-4910-4d2b-a3e8-e3c83698e793/datanode-1/data/ratis] (custom)
2019-10-11 03:54:34,166 [pool-383-thread-1] INFO  server.RaftServerConfigKeys (ConfUtils.java:logGet(43)) - raft.server.log.appender.install.snapshot.enabled = false (custom)
2019-10-11 03:54:34,166 [pool-393-thread-1] INFO  server.RaftServerConfigKeys (ConfUtils.java:logGet(43)) - raft.server.log.corruption.policy = EXCEPTION (default)
2019-10-11 03:54:34,166 [pool-383-thread-1] INFO  impl.RaftServerImpl (ServerState.java:<init>(103)) - 043f7723-8702-4b86-ad70-90a3422a20f9@group-3946EEB1E57C: ConfigurationManager, init=-1: [043f7723-8702-4b86-ad70-90a3422a20f9:192.168.151.96:33250, b2c6ba06-f117-420e-a800-58b6dcdee706:192.168.151.96:35872, 3a31073d-bde8-4fb6-83ae-5ae0804c27f7:192.168.151.96:33675], old=null, confs=<EMPTY_MAP>
2019-10-11 03:54:34,166 [pool-393-thread-1] INFO  storage.RaftStorageDirectory (RaftStorageDirectory.java:analyzeStorage(246)) - The storage directory /workdir/hadoop-ozone/integration-test/target/test-dir/MiniOzoneClusterImpl-d05e7434-4910-4d2b-a3e8-e3c83698e793/datanode-1/data/ratis/ac748dac-1119-4ef3-b94a-3946eeb1e57c does not exist. Creating ...
2019-10-11 03:54:34,166 [pool-383-thread-1] INFO  server.RaftServerConfigKeys (ConfUtils.java:logGet(43)) - raft.server.storage.dir = [/workdir/hadoop-ozone/integration-test/target/test-dir/MiniOzoneClusterImpl-d05e7434-4910-4d2b-a3e8-e3c83698e793/datanode-0/data/ratis] (custom)
2019-10-11 03:54:34,167 [pool-383-thread-1] INFO  server.RaftServerConfigKeys (ConfUtils.java:logGet(43)) - raft.server.log.corruption.policy = EXCEPTION (default)
2019-10-11 03:54:34,167 [pool-383-thread-1] INFO  storage.RaftStorageDirectory (RaftStorageDirectory.java:analyzeStorage(246)) - The storage directory /workdir/hadoop-ozone/integration-test/target/test-dir/MiniOzoneClusterImpl-d05e7434-4910-4d2b-a3e8-e3c83698e793/datanode-0/data/ratis/ac748dac-1119-4ef3-b94a-3946eeb1e57c does not exist. Creating ...
2019-10-11 03:54:34,178 [pool-403-thread-1] INFO  storage.RaftStorageDirectory (RaftStorageDirectory.java:tryLock(328)) - Lock on /workdir/hadoop-ozone/integration-test/target/test-dir/MiniOzoneClusterImpl-d05e7434-4910-4d2b-a3e8-e3c83698e793/datanode-2/data/ratis/ac748dac-1119-4ef3-b94a-3946eeb1e57c/in_use.lock acquired by nodename 31378@pr-hdds-2181-p9m8s-78523098
2019-10-11 03:54:34,178 [pool-383-thread-1] INFO  storage.RaftStorageDirectory (RaftStorageDirectory.java:tryLock(328)) - Lock on /workdir/hadoop-ozone/integration-test/target/test-dir/MiniOzoneClusterImpl-d05e7434-4910-4d2b-a3e8-e3c83698e793/datanode-0/data/ratis/ac748dac-1119-4ef3-b94a-3946eeb1e57c/in_use.lock acquired by nodename 31378@pr-hdds-2181-p9m8s-78523098
2019-10-11 03:54:34,178 [pool-393-thread-1] INFO  storage.RaftStorageDirectory (RaftStorageDirectory.java:tryLock(328)) - Lock on /workdir/hadoop-ozone/integration-test/target/test-dir/MiniOzoneClusterImpl-d05e7434-4910-4d2b-a3e8-e3c83698e793/datanode-1/data/ratis/ac748dac-1119-4ef3-b94a-3946eeb1e57c/in_use.lock acquired by nodename 31378@pr-hdds-2181-p9m8s-78523098
2019-10-11 03:54:34,192 [pool-403-thread-1] INFO  storage.RaftStorage (RaftStorage.java:format(84)) - Storage directory /workdir/hadoop-ozone/integration-test/target/test-dir/MiniOzoneClusterImpl-d05e7434-4910-4d2b-a3e8-e3c83698e793/datanode-2/data/ratis/ac748dac-1119-4ef3-b94a-3946eeb1e57c has been successfully formatted.
2019-10-11 03:54:34,192 [pool-383-thread-1] INFO  storage.RaftStorage (RaftStorage.java:format(84)) - Storage directory /workdir/hadoop-ozone/integration-test/target/test-dir/MiniOzoneClusterImpl-d05e7434-4910-4d2b-a3e8-e3c83698e793/datanode-0/data/ratis/ac748dac-1119-4ef3-b94a-3946eeb1e57c has been successfully formatted.
2019-10-11 03:54:34,192 [pool-393-thread-1] INFO  storage.RaftStorage (RaftStorage.java:format(84)) - Storage directory /workdir/hadoop-ozone/integration-test/target/test-dir/MiniOzoneClusterImpl-d05e7434-4910-4d2b-a3e8-e3c83698e793/datanode-1/data/ratis/ac748dac-1119-4ef3-b94a-3946eeb1e57c has been successfully formatted.
2019-10-11 03:54:34,192 [pool-403-thread-1] INFO  ratis.ContainerStateMachine (ContainerStateMachine.java:loadSnapshot(231)) - group-3946EEB1E57C: The snapshot info is null. Setting the last applied indexto:(t:0, i:~)
2019-10-11 03:54:34,192 [pool-393-thread-1] INFO  ratis.ContainerStateMachine (ContainerStateMachine.java:loadSnapshot(231)) - group-3946EEB1E57C: The snapshot info is null. Setting the last applied indexto:(t:0, i:~)
2019-10-11 03:54:34,192 [pool-383-thread-1] INFO  ratis.ContainerStateMachine (ContainerStateMachine.java:loadSnapshot(231)) - group-3946EEB1E57C: The snapshot info is null. Setting the last applied indexto:(t:0, i:~)
2019-10-11 03:54:34,193 [pool-393-thread-1] INFO  server.RaftServerConfigKeys (ConfUtils.java:logGet(43)) - raft.server.notification.no-leader.timeout = 120s (custom)
2019-10-11 03:54:34,193 [pool-403-thread-1] INFO  server.RaftServerConfigKeys (ConfUtils.java:logGet(43)) - raft.server.notification.no-leader.timeout = 120s (custom)
2019-10-11 03:54:34,193 [pool-393-thread-1] INFO  server.RaftServerConfigKeys (ConfUtils.java:logGet(43)) - raft.server.log.use.memory = false (default)
2019-10-11 03:54:34,193 [pool-383-thread-1] INFO  server.RaftServerConfigKeys (ConfUtils.java:logGet(43)) - raft.server.notification.no-leader.timeout = 120s (custom)
2019-10-11 03:54:34,193 [pool-393-thread-1] INFO  server.RaftServerConfigKeys (ConfUtils.java:logGet(43)) - raft.server.log.purge.gap = 1000000 (custom)
2019-10-11 03:54:34,194 [IPC Server handler 5 on 42958] INFO  net.NetworkTopology (NetworkTopologyImpl.java:add(111)) - Added a new node: /default-rack/fbde125c-9853-44e2-bb22-16aafde06b70
2019-10-11 03:54:34,193 [pool-403-thread-1] INFO  server.RaftServerConfigKeys (ConfUtils.java:logGet(43)) - raft.server.log.use.memory = false (default)
2019-10-11 03:54:34,194 [IPC Server handler 5 on 42958] INFO  node.SCMNodeManager (SCMNodeManager.java:register(268)) - Registered Data node : fbde125c-9853-44e2-bb22-16aafde06b70{ip: 192.168.151.96, host: pr-hdds-2181-p9m8s-78523098, networkLocation: /default-rack, certSerialId: null}
2019-10-11 03:54:34,194 [pool-393-thread-1] INFO  server.RaftServerConfigKeys (ConfUtils.java:logGet(43)) - raft.server.log.appender.buffer.byte-limit = 33554432 (custom)
2019-10-11 03:54:34,193 [pool-383-thread-1] INFO  server.RaftServerConfigKeys (ConfUtils.java:logGet(43)) - raft.server.log.use.memory = false (default)
2019-10-11 03:54:34,194 [pool-393-thread-1] INFO  server.RaftServerConfigKeys (ConfUtils.java:logGet(43)) - raft.server.log.segment.size.max = 1048576 (custom)
2019-10-11 03:54:34,194 [pool-403-thread-1] INFO  server.RaftServerConfigKeys (ConfUtils.java:logGet(43)) - raft.server.log.purge.gap = 1000000 (custom)
2019-10-11 03:54:34,194 [pool-393-thread-1] INFO  server.RaftServerConfigKeys (ConfUtils.java:logGet(43)) - raft.server.log.segment.cache.num.max = 2 (custom)
2019-10-11 03:54:34,194 [pool-383-thread-1] INFO  server.RaftServerConfigKeys (ConfUtils.java:logGet(43)) - raft.server.log.purge.gap = 1000000 (custom)
2019-10-11 03:54:34,195 [pool-393-thread-1] INFO  segmented.SegmentedRaftLogWorker (SegmentedRaftLogWorker.java:<init>(173)) - new b2c6ba06-f117-420e-a800-58b6dcdee706@group-3946EEB1E57C-SegmentedRaftLogWorker for RaftStorage:Storage Directory /workdir/hadoop-ozone/integration-test/target/test-dir/MiniOzoneClusterImpl-d05e7434-4910-4d2b-a3e8-e3c83698e793/datanode-1/data/ratis/ac748dac-1119-4ef3-b94a-3946eeb1e57c
2019-10-11 03:54:34,194 [pool-403-thread-1] INFO  server.RaftServerConfigKeys (ConfUtils.java:logGet(43)) - raft.server.log.appender.buffer.byte-limit = 33554432 (custom)
2019-10-11 03:54:34,195 [pool-393-thread-1] INFO  server.RaftServerConfigKeys (ConfUtils.java:logGet(43)) - raft.server.log.queue.byte-limit = 2147483647 (custom)
2019-10-11 03:54:34,195 [pool-383-thread-1] INFO  server.RaftServerConfigKeys (ConfUtils.java:logGet(43)) - raft.server.log.appender.buffer.byte-limit = 33554432 (custom)
2019-10-11 03:54:34,195 [pool-393-thread-1] INFO  server.RaftServerConfigKeys (ConfUtils.java:logGet(43)) - raft.server.log.queue.element-limit = 1024 (custom)
2019-10-11 03:54:34,195 [pool-403-thread-1] INFO  server.RaftServerConfigKeys (ConfUtils.java:logGet(43)) - raft.server.log.segment.size.max = 1048576 (custom)
2019-10-11 03:54:34,196 [pool-393-thread-1] INFO  server.RaftServerConfigKeys (ConfUtils.java:logGet(43)) - raft.server.log.segment.size.max = 1048576 (custom)
2019-10-11 03:54:34,195 [pool-383-thread-1] INFO  server.RaftServerConfigKeys (ConfUtils.java:logGet(43)) - raft.server.log.segment.size.max = 1048576 (custom)
2019-10-11 03:54:34,196 [pool-393-thread-1] INFO  server.RaftServerConfigKeys (ConfUtils.java:logGet(43)) - raft.server.log.preallocated.size = 16384 (custom)
2019-10-11 03:54:34,196 [pool-403-thread-1] INFO  server.RaftServerConfigKeys (ConfUtils.java:logGet(43)) - raft.server.log.segment.cache.num.max = 2 (custom)
2019-10-11 03:54:34,196 [pool-393-thread-1] INFO  server.RaftServerConfigKeys (ConfUtils.java:logGet(43)) - raft.server.log.write.buffer.size = 33554432 (custom)
2019-10-11 03:54:34,196 [pool-383-thread-1] INFO  server.RaftServerConfigKeys (ConfUtils.java:logGet(43)) - raft.server.log.segment.cache.num.max = 2 (custom)
2019-10-11 03:54:34,196 [pool-393-thread-1] INFO  server.RaftServerConfigKeys (ConfUtils.java:logGet(43)) - raft.server.log.force.sync.num = 128 (default)
2019-10-11 03:54:34,196 [pool-403-thread-1] INFO  segmented.SegmentedRaftLogWorker (SegmentedRaftLogWorker.java:<init>(173)) - new 3a31073d-bde8-4fb6-83ae-5ae0804c27f7@group-3946EEB1E57C-SegmentedRaftLogWorker for RaftStorage:Storage Directory /workdir/hadoop-ozone/integration-test/target/test-dir/MiniOzoneClusterImpl-d05e7434-4910-4d2b-a3e8-e3c83698e793/datanode-2/data/ratis/ac748dac-1119-4ef3-b94a-3946eeb1e57c
2019-10-11 03:54:34,197 [pool-393-thread-1] INFO  server.RaftServerConfigKeys (ConfUtils.java:logGet(43)) - raft.server.log.statemachine.data.sync = true (default)
2019-10-11 03:54:34,196 [pool-383-thread-1] INFO  segmented.SegmentedRaftLogWorker (SegmentedRaftLogWorker.java:<init>(173)) - new 043f7723-8702-4b86-ad70-90a3422a20f9@group-3946EEB1E57C-SegmentedRaftLogWorker for RaftStorage:Storage Directory /workdir/hadoop-ozone/integration-test/target/test-dir/MiniOzoneClusterImpl-d05e7434-4910-4d2b-a3e8-e3c83698e793/datanode-0/data/ratis/ac748dac-1119-4ef3-b94a-3946eeb1e57c
2019-10-11 03:54:34,197 [pool-393-thread-1] INFO  server.RaftServerConfigKeys (ConfUtils.java:logGet(43)) - raft.server.log.statemachine.data.sync.timeout = 10s (default)
2019-10-11 03:54:34,197 [pool-403-thread-1] INFO  server.RaftServerConfigKeys (ConfUtils.java:logGet(43)) - raft.server.log.queue.byte-limit = 2147483647 (custom)
2019-10-11 03:54:34,197 [pool-393-thread-1] INFO  server.RaftServerConfigKeys (ConfUtils.java:logGet(43)) - raft.server.log.statemachine.data.sync.timeout.retry = -1 (default)
2019-10-11 03:54:34,197 [pool-383-thread-1] INFO  server.RaftServerConfigKeys (ConfUtils.java:logGet(43)) - raft.server.log.queue.byte-limit = 2147483647 (custom)
2019-10-11 03:54:34,198 [pool-393-thread-1] INFO  server.RaftServerConfigKeys (ConfUtils.java:logGet(43)) - raft.server.log.statemachine.data.caching.enabled = true (custom)
2019-10-11 03:54:34,197 [pool-403-thread-1] INFO  server.RaftServerConfigKeys (ConfUtils.java:logGet(43)) - raft.server.log.queue.element-limit = 1024 (custom)
2019-10-11 03:54:34,198 [pool-383-thread-1] INFO  server.RaftServerConfigKeys (ConfUtils.java:logGet(43)) - raft.server.log.queue.element-limit = 1024 (custom)
2019-10-11 03:54:34,198 [pool-393-thread-1] INFO  segmented.SegmentedRaftLogWorker (SegmentedRaftLogWorker.java:lambda$new$0(128)) - b2c6ba06-f117-420e-a800-58b6dcdee706@group-3946EEB1E57C-SegmentedRaftLogWorker: flushIndex: setUnconditionally 0 -> -1
2019-10-11 03:54:34,198 [pool-403-thread-1] INFO  server.RaftServerConfigKeys (ConfUtils.java:logGet(43)) - raft.server.log.segment.size.max = 1048576 (custom)
2019-10-11 03:54:34,198 [pool-383-thread-1] INFO  server.RaftServerConfigKeys (ConfUtils.java:logGet(43)) - raft.server.log.segment.size.max = 1048576 (custom)
2019-10-11 03:54:34,199 [pool-393-thread-1] INFO  server.RaftServerConfigKeys (ConfUtils.java:logGet(43)) - raft.server.snapshot.auto.trigger.enabled = true (custom)
2019-10-11 03:54:34,199 [pool-403-thread-1] INFO  server.RaftServerConfigKeys (ConfUtils.java:logGet(43)) - raft.server.log.preallocated.size = 16384 (custom)
2019-10-11 03:54:34,199 [pool-393-thread-1] INFO  server.RaftServerConfigKeys (ConfUtils.java:logGet(43)) - raft.server.snapshot.auto.trigger.threshold = 10000 (custom)
2019-10-11 03:54:34,199 [pool-383-thread-1] INFO  server.RaftServerConfigKeys (ConfUtils.java:logGet(43)) - raft.server.log.preallocated.size = 16384 (custom)
2019-10-11 03:54:34,199 [pool-393-thread-1] INFO  server.RaftServerConfigKeys (ConfUtils.java:logGet(43)) - raft.server.snapshot.retention.file.num = 5 (custom)
2019-10-11 03:54:34,199 [pool-403-thread-1] INFO  server.RaftServerConfigKeys (ConfUtils.java:logGet(43)) - raft.server.log.write.buffer.size = 33554432 (custom)
2019-10-11 03:54:34,199 [pool-393-thread-1] INFO  server.RaftServerConfigKeys (ConfUtils.java:logGet(43)) - raft.server.retrycache.expirytime = 600000ms (custom)
2019-10-11 03:54:34,199 [pool-383-thread-1] INFO  server.RaftServerConfigKeys (ConfUtils.java:logGet(43)) - raft.server.log.write.buffer.size = 33554432 (custom)
2019-10-11 03:54:34,200 [pool-403-thread-1] INFO  server.RaftServerConfigKeys (ConfUtils.java:logGet(43)) - raft.server.log.force.sync.num = 128 (default)
2019-10-11 03:54:34,200 [pool-383-thread-1] INFO  server.RaftServerConfigKeys (ConfUtils.java:logGet(43)) - raft.server.log.force.sync.num = 128 (default)
2019-10-11 03:54:34,200 [pool-403-thread-1] INFO  server.RaftServerConfigKeys (ConfUtils.java:logGet(43)) - raft.server.log.statemachine.data.sync = true (default)
2019-10-11 03:54:34,200 [pool-383-thread-1] INFO  server.RaftServerConfigKeys (ConfUtils.java:logGet(43)) - raft.server.log.statemachine.data.sync = true (default)
2019-10-11 03:54:34,200 [pool-403-thread-1] INFO  server.RaftServerConfigKeys (ConfUtils.java:logGet(43)) - raft.server.log.statemachine.data.sync.timeout = 10s (default)
2019-10-11 03:54:34,200 [pool-383-thread-1] INFO  server.RaftServerConfigKeys (ConfUtils.java:logGet(43)) - raft.server.log.statemachine.data.sync.timeout = 10s (default)
2019-10-11 03:54:34,201 [pool-403-thread-1] INFO  server.RaftServerConfigKeys (ConfUtils.java:logGet(43)) - raft.server.log.statemachine.data.sync.timeout.retry = -1 (default)
2019-10-11 03:54:34,201 [pool-383-thread-1] INFO  server.RaftServerConfigKeys (ConfUtils.java:logGet(43)) - raft.server.log.statemachine.data.sync.timeout.retry = -1 (default)
2019-10-11 03:54:34,201 [pool-403-thread-1] INFO  server.RaftServerConfigKeys (ConfUtils.java:logGet(43)) - raft.server.log.statemachine.data.caching.enabled = true (custom)
2019-10-11 03:54:34,201 [pool-383-thread-1] INFO  server.RaftServerConfigKeys (ConfUtils.java:logGet(43)) - raft.server.log.statemachine.data.caching.enabled = true (custom)
2019-10-11 03:54:34,201 [pool-403-thread-1] INFO  segmented.SegmentedRaftLogWorker (SegmentedRaftLogWorker.java:lambda$new$0(128)) - 3a31073d-bde8-4fb6-83ae-5ae0804c27f7@group-3946EEB1E57C-SegmentedRaftLogWorker: flushIndex: setUnconditionally 0 -> -1
2019-10-11 03:54:34,201 [pool-393-thread-1] INFO  impl.RaftServerImpl (RaftServerImpl.java:start(181)) - b2c6ba06-f117-420e-a800-58b6dcdee706@group-3946EEB1E57C: start as a follower, conf=-1: [043f7723-8702-4b86-ad70-90a3422a20f9:192.168.151.96:33250, b2c6ba06-f117-420e-a800-58b6dcdee706:192.168.151.96:35872, 3a31073d-bde8-4fb6-83ae-5ae0804c27f7:192.168.151.96:33675], old=null
2019-10-11 03:54:34,202 [pool-383-thread-1] INFO  segmented.SegmentedRaftLogWorker (SegmentedRaftLogWorker.java:lambda$new$0(128)) - 043f7723-8702-4b86-ad70-90a3422a20f9@group-3946EEB1E57C-SegmentedRaftLogWorker: flushIndex: setUnconditionally 0 -> -1
2019-10-11 03:54:34,202 [pool-403-thread-1] INFO  server.RaftServerConfigKeys (ConfUtils.java:logGet(43)) - raft.server.snapshot.auto.trigger.enabled = true (custom)
2019-10-11 03:54:34,202 [pool-393-thread-1] INFO  impl.RaftServerImpl (RaftServerImpl.java:setRole(170)) - b2c6ba06-f117-420e-a800-58b6dcdee706@group-3946EEB1E57C: changes role from      null to FOLLOWER at term 0 for startAsFollower
2019-10-11 03:54:34,202 [pool-383-thread-1] INFO  server.RaftServerConfigKeys (ConfUtils.java:logGet(43)) - raft.server.snapshot.auto.trigger.enabled = true (custom)
2019-10-11 03:54:34,202 [pool-403-thread-1] INFO  server.RaftServerConfigKeys (ConfUtils.java:logGet(43)) - raft.server.snapshot.auto.trigger.threshold = 10000 (custom)
2019-10-11 03:54:34,202 [pool-383-thread-1] INFO  server.RaftServerConfigKeys (ConfUtils.java:logGet(43)) - raft.server.snapshot.auto.trigger.threshold = 10000 (custom)
2019-10-11 03:54:34,202 [pool-393-thread-1] INFO  impl.RoleInfo (RoleInfo.java:updateAndGet(143)) - b2c6ba06-f117-420e-a800-58b6dcdee706: start FollowerState
2019-10-11 03:54:34,202 [pool-383-thread-1] INFO  server.RaftServerConfigKeys (ConfUtils.java:logGet(43)) - raft.server.snapshot.retention.file.num = 5 (custom)
2019-10-11 03:54:34,202 [pool-403-thread-1] INFO  server.RaftServerConfigKeys (ConfUtils.java:logGet(43)) - raft.server.snapshot.retention.file.num = 5 (custom)
2019-10-11 03:54:34,203 [pool-393-thread-1] INFO  util.JmxRegister (JmxRegister.java:tryRegister(44)) - Successfully registered JMX Bean with object name Ratis:service=RaftServer,group=group-3946EEB1E57C,id=b2c6ba06-f117-420e-a800-58b6dcdee706
2019-10-11 03:54:34,203 [pool-383-thread-1] INFO  server.RaftServerConfigKeys (ConfUtils.java:logGet(43)) - raft.server.retrycache.expirytime = 600000ms (custom)
2019-10-11 03:54:34,203 [pool-403-thread-1] INFO  server.RaftServerConfigKeys (ConfUtils.java:logGet(43)) - raft.server.retrycache.expirytime = 600000ms (custom)
2019-10-11 03:54:34,206 [pool-383-thread-1] INFO  impl.RaftServerImpl (RaftServerImpl.java:start(181)) - 043f7723-8702-4b86-ad70-90a3422a20f9@group-3946EEB1E57C: start as a follower, conf=-1: [043f7723-8702-4b86-ad70-90a3422a20f9:192.168.151.96:33250, b2c6ba06-f117-420e-a800-58b6dcdee706:192.168.151.96:35872, 3a31073d-bde8-4fb6-83ae-5ae0804c27f7:192.168.151.96:33675], old=null
2019-10-11 03:54:34,207 [pool-403-thread-1] INFO  impl.RaftServerImpl (RaftServerImpl.java:start(181)) - 3a31073d-bde8-4fb6-83ae-5ae0804c27f7@group-3946EEB1E57C: start as a follower, conf=-1: [043f7723-8702-4b86-ad70-90a3422a20f9:192.168.151.96:33250, b2c6ba06-f117-420e-a800-58b6dcdee706:192.168.151.96:35872, 3a31073d-bde8-4fb6-83ae-5ae0804c27f7:192.168.151.96:33675], old=null
2019-10-11 03:54:34,207 [pool-383-thread-1] INFO  impl.RaftServerImpl (RaftServerImpl.java:setRole(170)) - 043f7723-8702-4b86-ad70-90a3422a20f9@group-3946EEB1E57C: changes role from      null to FOLLOWER at term 0 for startAsFollower
2019-10-11 03:54:34,207 [pool-403-thread-1] INFO  impl.RaftServerImpl (RaftServerImpl.java:setRole(170)) - 3a31073d-bde8-4fb6-83ae-5ae0804c27f7@group-3946EEB1E57C: changes role from      null to FOLLOWER at term 0 for startAsFollower
2019-10-11 03:54:34,207 [pool-383-thread-1] INFO  impl.RoleInfo (RoleInfo.java:updateAndGet(143)) - 043f7723-8702-4b86-ad70-90a3422a20f9: start FollowerState
2019-10-11 03:54:34,207 [pool-403-thread-1] INFO  impl.RoleInfo (RoleInfo.java:updateAndGet(143)) - 3a31073d-bde8-4fb6-83ae-5ae0804c27f7: start FollowerState
2019-10-11 03:54:34,207 [pool-383-thread-1] INFO  util.JmxRegister (JmxRegister.java:tryRegister(44)) - Successfully registered JMX Bean with object name Ratis:service=RaftServer,group=group-3946EEB1E57C,id=043f7723-8702-4b86-ad70-90a3422a20f9
2019-10-11 03:54:34,208 [pool-403-thread-1] INFO  util.JmxRegister (JmxRegister.java:tryRegister(44)) - Successfully registered JMX Bean with object name Ratis:service=RaftServer,group=group-3946EEB1E57C,id=3a31073d-bde8-4fb6-83ae-5ae0804c27f7
2019-10-11 03:54:34,212 [RatisPipelineUtilsThread] INFO  pipeline.PipelineStateManager (PipelineStateManager.java:addPipeline(56)) - Created pipeline Pipeline[ Id: ac748dac-1119-4ef3-b94a-3946eeb1e57c, Nodes: b2c6ba06-f117-420e-a800-58b6dcdee706{ip: 192.168.151.96, host: pr-hdds-2181-p9m8s-78523098, networkLocation: /default-rack, certSerialId: null}3a31073d-bde8-4fb6-83ae-5ae0804c27f7{ip: 192.168.151.96, host: pr-hdds-2181-p9m8s-78523098, networkLocation: /default-rack, certSerialId: null}043f7723-8702-4b86-ad70-90a3422a20f9{ip: 192.168.151.96, host: pr-hdds-2181-p9m8s-78523098, networkLocation: /default-rack, certSerialId: null}, Type:RATIS, Factor:THREE, State:OPEN]
2019-10-11 03:54:34,253 [IPC Server handler 6 on 42958] INFO  net.NetworkTopology (NetworkTopologyImpl.java:add(111)) - Added a new node: /default-rack/e9c7be31-368a-4ef0-bc3f-0ff4808bfa4e
2019-10-11 03:54:34,254 [IPC Server handler 6 on 42958] INFO  node.SCMNodeManager (SCMNodeManager.java:register(268)) - Registered Data node : e9c7be31-368a-4ef0-bc3f-0ff4808bfa4e{ip: 192.168.151.96, host: pr-hdds-2181-p9m8s-78523098, networkLocation: /default-rack, certSerialId: null}
2019-10-11 03:54:34,261 [grpc-default-executor-4] INFO  impl.RaftServerProxy (RaftServerProxy.java:addNew(89)) - e9c7be31-368a-4ef0-bc3f-0ff4808bfa4e: addNew group-DF705E723771:[e9c7be31-368a-4ef0-bc3f-0ff4808bfa4e:192.168.151.96:46656] returns group-DF705E723771:java.util.concurrent.CompletableFuture@6445a8e8[Not completed]
2019-10-11 03:54:34,265 [pool-423-thread-1] INFO  impl.RaftServerImpl (RaftServerImpl.java:<init>(95)) - e9c7be31-368a-4ef0-bc3f-0ff4808bfa4e: new RaftServerImpl for group-DF705E723771:[e9c7be31-368a-4ef0-bc3f-0ff4808bfa4e:192.168.151.96:46656] with ContainerStateMachine:uninitialized
2019-10-11 03:54:34,265 [pool-423-thread-1] INFO  server.RaftServerConfigKeys (ConfUtils.java:logGet(43)) - raft.server.rpc.timeout.min = 5s (custom)
2019-10-11 03:54:34,265 [pool-423-thread-1] INFO  server.RaftServerConfigKeys (ConfUtils.java:logGet(43)) - raft.server.rpc.timeout.max = 5200ms (custom)
2019-10-11 03:54:34,265 [pool-423-thread-1] INFO  server.RaftServerConfigKeys (ConfUtils.java:logGet(43)) - raft.server.rpcslowness.timeout = 120s (custom)
2019-10-11 03:54:34,266 [pool-423-thread-1] INFO  server.RaftServerConfigKeys (ConfUtils.java:logGet(43)) - raft.server.sleep.deviation.threshold = 300 (default)
2019-10-11 03:54:34,266 [pool-423-thread-1] INFO  server.RaftServerConfigKeys (ConfUtils.java:logGet(43)) - raft.server.log.appender.install.snapshot.enabled = false (custom)
2019-10-11 03:54:34,266 [pool-423-thread-1] INFO  impl.RaftServerImpl (ServerState.java:<init>(103)) - e9c7be31-368a-4ef0-bc3f-0ff4808bfa4e@group-DF705E723771: ConfigurationManager, init=-1: [e9c7be31-368a-4ef0-bc3f-0ff4808bfa4e:192.168.151.96:46656], old=null, confs=<EMPTY_MAP>
2019-10-11 03:54:34,266 [pool-423-thread-1] INFO  server.RaftServerConfigKeys (ConfUtils.java:logGet(43)) - raft.server.storage.dir = [/workdir/hadoop-ozone/integration-test/target/test-dir/MiniOzoneClusterImpl-d05e7434-4910-4d2b-a3e8-e3c83698e793/datanode-4/data/ratis] (custom)
2019-10-11 03:54:34,266 [pool-423-thread-1] INFO  server.RaftServerConfigKeys (ConfUtils.java:logGet(43)) - raft.server.log.corruption.policy = EXCEPTION (default)
2019-10-11 03:54:34,266 [pool-423-thread-1] INFO  storage.RaftStorageDirectory (RaftStorageDirectory.java:analyzeStorage(246)) - The storage directory /workdir/hadoop-ozone/integration-test/target/test-dir/MiniOzoneClusterImpl-d05e7434-4910-4d2b-a3e8-e3c83698e793/datanode-4/data/ratis/b2bc24fc-30c0-4425-9d3c-df705e723771 does not exist. Creating ...
2019-10-11 03:54:34,280 [pool-423-thread-1] INFO  storage.RaftStorageDirectory (RaftStorageDirectory.java:tryLock(328)) - Lock on /workdir/hadoop-ozone/integration-test/target/test-dir/MiniOzoneClusterImpl-d05e7434-4910-4d2b-a3e8-e3c83698e793/datanode-4/data/ratis/b2bc24fc-30c0-4425-9d3c-df705e723771/in_use.lock acquired by nodename 31378@pr-hdds-2181-p9m8s-78523098
2019-10-11 03:54:34,293 [pool-423-thread-1] INFO  storage.RaftStorage (RaftStorage.java:format(84)) - Storage directory /workdir/hadoop-ozone/integration-test/target/test-dir/MiniOzoneClusterImpl-d05e7434-4910-4d2b-a3e8-e3c83698e793/datanode-4/data/ratis/b2bc24fc-30c0-4425-9d3c-df705e723771 has been successfully formatted.
2019-10-11 03:54:34,293 [pool-423-thread-1] INFO  ratis.ContainerStateMachine (ContainerStateMachine.java:loadSnapshot(231)) - group-DF705E723771: The snapshot info is null. Setting the last applied indexto:(t:0, i:~)
2019-10-11 03:54:34,294 [pool-423-thread-1] INFO  server.RaftServerConfigKeys (ConfUtils.java:logGet(43)) - raft.server.notification.no-leader.timeout = 120s (custom)
2019-10-11 03:54:34,294 [pool-423-thread-1] INFO  server.RaftServerConfigKeys (ConfUtils.java:logGet(43)) - raft.server.log.use.memory = false (default)
2019-10-11 03:54:34,294 [pool-423-thread-1] INFO  server.RaftServerConfigKeys (ConfUtils.java:logGet(43)) - raft.server.log.purge.gap = 1000000 (custom)
2019-10-11 03:54:34,294 [pool-423-thread-1] INFO  server.RaftServerConfigKeys (ConfUtils.java:logGet(43)) - raft.server.log.appender.buffer.byte-limit = 33554432 (custom)
2019-10-11 03:54:34,294 [pool-423-thread-1] INFO  server.RaftServerConfigKeys (ConfUtils.java:logGet(43)) - raft.server.log.segment.size.max = 1048576 (custom)
2019-10-11 03:54:34,352 [IPC Server handler 0 on 42958] INFO  net.NetworkTopology (NetworkTopologyImpl.java:add(111)) - Added a new node: /default-rack/b342b30f-928a-4d9f-b427-be6ee5627e05
2019-10-11 03:54:34,353 [IPC Server handler 0 on 42958] INFO  node.SCMNodeManager (SCMNodeManager.java:register(268)) - Registered Data node : b342b30f-928a-4d9f-b427-be6ee5627e05{ip: 192.168.151.96, host: pr-hdds-2181-p9m8s-78523098, networkLocation: /default-rack, certSerialId: null}
2019-10-11 03:54:34,353 [pool-423-thread-1] INFO  server.RaftServerConfigKeys (ConfUtils.java:logGet(43)) - raft.server.log.segment.cache.num.max = 2 (custom)
2019-10-11 03:54:34,353 [pool-423-thread-1] INFO  segmented.SegmentedRaftLogWorker (SegmentedRaftLogWorker.java:<init>(173)) - new e9c7be31-368a-4ef0-bc3f-0ff4808bfa4e@group-DF705E723771-SegmentedRaftLogWorker for RaftStorage:Storage Directory /workdir/hadoop-ozone/integration-test/target/test-dir/MiniOzoneClusterImpl-d05e7434-4910-4d2b-a3e8-e3c83698e793/datanode-4/data/ratis/b2bc24fc-30c0-4425-9d3c-df705e723771
2019-10-11 03:54:34,353 [pool-423-thread-1] INFO  server.RaftServerConfigKeys (ConfUtils.java:logGet(43)) - raft.server.log.queue.byte-limit = 2147483647 (custom)
2019-10-11 03:54:34,353 [pool-423-thread-1] INFO  server.RaftServerConfigKeys (ConfUtils.java:logGet(43)) - raft.server.log.queue.element-limit = 1024 (custom)
2019-10-11 03:54:34,353 [pool-423-thread-1] INFO  server.RaftServerConfigKeys (ConfUtils.java:logGet(43)) - raft.server.log.segment.size.max = 1048576 (custom)
2019-10-11 03:54:34,354 [pool-423-thread-1] INFO  server.RaftServerConfigKeys (ConfUtils.java:logGet(43)) - raft.server.log.preallocated.size = 16384 (custom)
2019-10-11 03:54:34,354 [pool-423-thread-1] INFO  server.RaftServerConfigKeys (ConfUtils.java:logGet(43)) - raft.server.log.write.buffer.size = 33554432 (custom)
2019-10-11 03:54:34,354 [pool-423-thread-1] INFO  server.RaftServerConfigKeys (ConfUtils.java:logGet(43)) - raft.server.log.force.sync.num = 128 (default)
2019-10-11 03:54:34,354 [pool-423-thread-1] INFO  server.RaftServerConfigKeys (ConfUtils.java:logGet(43)) - raft.server.log.statemachine.data.sync = true (default)
2019-10-11 03:54:34,354 [pool-423-thread-1] INFO  server.RaftServerConfigKeys (ConfUtils.java:logGet(43)) - raft.server.log.statemachine.data.sync.timeout = 10s (default)
2019-10-11 03:54:34,354 [pool-423-thread-1] INFO  server.RaftServerConfigKeys (ConfUtils.java:logGet(43)) - raft.server.log.statemachine.data.sync.timeout.retry = -1 (default)
2019-10-11 03:54:34,355 [pool-423-thread-1] INFO  server.RaftServerConfigKeys (ConfUtils.java:logGet(43)) - raft.server.log.statemachine.data.caching.enabled = true (custom)
2019-10-11 03:54:34,355 [pool-423-thread-1] INFO  segmented.SegmentedRaftLogWorker (SegmentedRaftLogWorker.java:lambda$new$0(128)) - e9c7be31-368a-4ef0-bc3f-0ff4808bfa4e@group-DF705E723771-SegmentedRaftLogWorker: flushIndex: setUnconditionally 0 -> -1
2019-10-11 03:54:34,355 [pool-423-thread-1] INFO  server.RaftServerConfigKeys (ConfUtils.java:logGet(43)) - raft.server.snapshot.auto.trigger.enabled = true (custom)
2019-10-11 03:54:34,355 [pool-423-thread-1] INFO  server.RaftServerConfigKeys (ConfUtils.java:logGet(43)) - raft.server.snapshot.auto.trigger.threshold = 10000 (custom)
2019-10-11 03:54:34,355 [pool-423-thread-1] INFO  server.RaftServerConfigKeys (ConfUtils.java:logGet(43)) - raft.server.snapshot.retention.file.num = 5 (custom)
2019-10-11 03:54:34,356 [pool-423-thread-1] INFO  server.RaftServerConfigKeys (ConfUtils.java:logGet(43)) - raft.server.retrycache.expirytime = 600000ms (custom)
2019-10-11 03:54:34,358 [pool-423-thread-1] INFO  impl.RaftServerImpl (RaftServerImpl.java:start(181)) - e9c7be31-368a-4ef0-bc3f-0ff4808bfa4e@group-DF705E723771: start as a follower, conf=-1: [e9c7be31-368a-4ef0-bc3f-0ff4808bfa4e:192.168.151.96:46656], old=null
2019-10-11 03:54:34,358 [pool-423-thread-1] INFO  impl.RaftServerImpl (RaftServerImpl.java:setRole(170)) - e9c7be31-368a-4ef0-bc3f-0ff4808bfa4e@group-DF705E723771: changes role from      null to FOLLOWER at term 0 for startAsFollower
2019-10-11 03:54:34,358 [pool-423-thread-1] INFO  impl.RoleInfo (RoleInfo.java:updateAndGet(143)) - e9c7be31-368a-4ef0-bc3f-0ff4808bfa4e: start FollowerState
2019-10-11 03:54:34,358 [pool-423-thread-1] INFO  util.JmxRegister (JmxRegister.java:tryRegister(44)) - Successfully registered JMX Bean with object name Ratis:service=RaftServer,group=group-DF705E723771,id=e9c7be31-368a-4ef0-bc3f-0ff4808bfa4e
2019-10-11 03:54:34,363 [RatisPipelineUtilsThread] INFO  pipeline.PipelineStateManager (PipelineStateManager.java:addPipeline(56)) - Created pipeline Pipeline[ Id: b2bc24fc-30c0-4425-9d3c-df705e723771, Nodes: e9c7be31-368a-4ef0-bc3f-0ff4808bfa4e{ip: 192.168.151.96, host: pr-hdds-2181-p9m8s-78523098, networkLocation: /default-rack, certSerialId: null}, Type:RATIS, Factor:ONE, State:OPEN]
2019-10-11 03:54:34,370 [grpc-default-executor-4] INFO  impl.RaftServerProxy (RaftServerProxy.java:addNew(89)) - b342b30f-928a-4d9f-b427-be6ee5627e05: addNew group-BD1198BE4211:[b342b30f-928a-4d9f-b427-be6ee5627e05:192.168.151.96:42361] returns group-BD1198BE4211:java.util.concurrent.CompletableFuture@1f37f832[Not completed]
2019-10-11 03:54:34,370 [main] INFO  ozone.MiniOzoneClusterImpl (MiniOzoneClusterImpl.java:lambda$waitForClusterToBeReady$0(147)) - Waiting for cluster to be ready. Got 6 of 7 DN Heartbeats.
2019-10-11 03:54:34,370 [IPC Server handler 2 on 42958] INFO  net.NetworkTopology (NetworkTopologyImpl.java:add(111)) - Added a new node: /default-rack/b50dc8d2-f1f5-4aea-9203-f8872e994f6c
2019-10-11 03:54:34,370 [IPC Server handler 2 on 42958] INFO  node.SCMNodeManager (SCMNodeManager.java:register(268)) - Registered Data node : b50dc8d2-f1f5-4aea-9203-f8872e994f6c{ip: 192.168.151.96, host: pr-hdds-2181-p9m8s-78523098, networkLocation: /default-rack, certSerialId: null}
2019-10-11 03:54:34,371 [pool-433-thread-1] INFO  impl.RaftServerImpl (RaftServerImpl.java:<init>(95)) - b342b30f-928a-4d9f-b427-be6ee5627e05: new RaftServerImpl for group-BD1198BE4211:[b342b30f-928a-4d9f-b427-be6ee5627e05:192.168.151.96:42361] with ContainerStateMachine:uninitialized
2019-10-11 03:54:34,371 [pool-433-thread-1] INFO  server.RaftServerConfigKeys (ConfUtils.java:logGet(43)) - raft.server.rpc.timeout.min = 5s (custom)
2019-10-11 03:54:34,371 [pool-433-thread-1] INFO  server.RaftServerConfigKeys (ConfUtils.java:logGet(43)) - raft.server.rpc.timeout.max = 5200ms (custom)
2019-10-11 03:54:34,371 [pool-433-thread-1] INFO  server.RaftServerConfigKeys (ConfUtils.java:logGet(43)) - raft.server.rpcslowness.timeout = 120s (custom)
2019-10-11 03:54:34,372 [pool-433-thread-1] INFO  server.RaftServerConfigKeys (ConfUtils.java:logGet(43)) - raft.server.sleep.deviation.threshold = 300 (default)
2019-10-11 03:54:34,372 [pool-433-thread-1] INFO  server.RaftServerConfigKeys (ConfUtils.java:logGet(43)) - raft.server.log.appender.install.snapshot.enabled = false (custom)
2019-10-11 03:54:34,372 [pool-433-thread-1] INFO  impl.RaftServerImpl (ServerState.java:<init>(103)) - b342b30f-928a-4d9f-b427-be6ee5627e05@group-BD1198BE4211: ConfigurationManager, init=-1: [b342b30f-928a-4d9f-b427-be6ee5627e05:192.168.151.96:42361], old=null, confs=<EMPTY_MAP>
2019-10-11 03:54:34,372 [pool-433-thread-1] INFO  server.RaftServerConfigKeys (ConfUtils.java:logGet(43)) - raft.server.storage.dir = [/workdir/hadoop-ozone/integration-test/target/test-dir/MiniOzoneClusterImpl-d05e7434-4910-4d2b-a3e8-e3c83698e793/datanode-5/data/ratis] (custom)
2019-10-11 03:54:34,372 [pool-433-thread-1] INFO  server.RaftServerConfigKeys (ConfUtils.java:logGet(43)) - raft.server.log.corruption.policy = EXCEPTION (default)
2019-10-11 03:54:34,373 [pool-433-thread-1] INFO  storage.RaftStorageDirectory (RaftStorageDirectory.java:analyzeStorage(246)) - The storage directory /workdir/hadoop-ozone/integration-test/target/test-dir/MiniOzoneClusterImpl-d05e7434-4910-4d2b-a3e8-e3c83698e793/datanode-5/data/ratis/0e4c0bd2-296c-4822-989c-bd1198be4211 does not exist. Creating ...
2019-10-11 03:54:34,386 [pool-433-thread-1] INFO  storage.RaftStorageDirectory (RaftStorageDirectory.java:tryLock(328)) - Lock on /workdir/hadoop-ozone/integration-test/target/test-dir/MiniOzoneClusterImpl-d05e7434-4910-4d2b-a3e8-e3c83698e793/datanode-5/data/ratis/0e4c0bd2-296c-4822-989c-bd1198be4211/in_use.lock acquired by nodename 31378@pr-hdds-2181-p9m8s-78523098
2019-10-11 03:54:34,408 [pool-433-thread-1] INFO  storage.RaftStorage (RaftStorage.java:format(84)) - Storage directory /workdir/hadoop-ozone/integration-test/target/test-dir/MiniOzoneClusterImpl-d05e7434-4910-4d2b-a3e8-e3c83698e793/datanode-5/data/ratis/0e4c0bd2-296c-4822-989c-bd1198be4211 has been successfully formatted.
2019-10-11 03:54:34,408 [pool-433-thread-1] INFO  ratis.ContainerStateMachine (ContainerStateMachine.java:loadSnapshot(231)) - group-BD1198BE4211: The snapshot info is null. Setting the last applied indexto:(t:0, i:~)
2019-10-11 03:54:34,408 [pool-433-thread-1] INFO  server.RaftServerConfigKeys (ConfUtils.java:logGet(43)) - raft.server.notification.no-leader.timeout = 120s (custom)
2019-10-11 03:54:34,408 [pool-433-thread-1] INFO  server.RaftServerConfigKeys (ConfUtils.java:logGet(43)) - raft.server.log.use.memory = false (default)
2019-10-11 03:54:34,408 [pool-433-thread-1] INFO  server.RaftServerConfigKeys (ConfUtils.java:logGet(43)) - raft.server.log.purge.gap = 1000000 (custom)
2019-10-11 03:54:34,408 [pool-433-thread-1] INFO  server.RaftServerConfigKeys (ConfUtils.java:logGet(43)) - raft.server.log.appender.buffer.byte-limit = 33554432 (custom)
2019-10-11 03:54:34,409 [pool-433-thread-1] INFO  server.RaftServerConfigKeys (ConfUtils.java:logGet(43)) - raft.server.log.segment.size.max = 1048576 (custom)
2019-10-11 03:54:34,410 [pool-433-thread-1] INFO  server.RaftServerConfigKeys (ConfUtils.java:logGet(43)) - raft.server.log.segment.cache.num.max = 2 (custom)
2019-10-11 03:54:34,411 [pool-433-thread-1] INFO  segmented.SegmentedRaftLogWorker (SegmentedRaftLogWorker.java:<init>(173)) - new b342b30f-928a-4d9f-b427-be6ee5627e05@group-BD1198BE4211-SegmentedRaftLogWorker for RaftStorage:Storage Directory /workdir/hadoop-ozone/integration-test/target/test-dir/MiniOzoneClusterImpl-d05e7434-4910-4d2b-a3e8-e3c83698e793/datanode-5/data/ratis/0e4c0bd2-296c-4822-989c-bd1198be4211
2019-10-11 03:54:34,411 [pool-433-thread-1] INFO  server.RaftServerConfigKeys (ConfUtils.java:logGet(43)) - raft.server.log.queue.byte-limit = 2147483647 (custom)
2019-10-11 03:54:34,411 [pool-433-thread-1] INFO  server.RaftServerConfigKeys (ConfUtils.java:logGet(43)) - raft.server.log.queue.element-limit = 1024 (custom)
2019-10-11 03:54:34,411 [pool-433-thread-1] INFO  server.RaftServerConfigKeys (ConfUtils.java:logGet(43)) - raft.server.log.segment.size.max = 1048576 (custom)
2019-10-11 03:54:34,411 [pool-433-thread-1] INFO  server.RaftServerConfigKeys (ConfUtils.java:logGet(43)) - raft.server.log.preallocated.size = 16384 (custom)
2019-10-11 03:54:34,411 [pool-433-thread-1] INFO  server.RaftServerConfigKeys (ConfUtils.java:logGet(43)) - raft.server.log.write.buffer.size = 33554432 (custom)
2019-10-11 03:54:34,411 [pool-433-thread-1] INFO  server.RaftServerConfigKeys (ConfUtils.java:logGet(43)) - raft.server.log.force.sync.num = 128 (default)
2019-10-11 03:54:34,412 [pool-433-thread-1] INFO  server.RaftServerConfigKeys (ConfUtils.java:logGet(43)) - raft.server.log.statemachine.data.sync = true (default)
2019-10-11 03:54:34,412 [pool-433-thread-1] INFO  server.RaftServerConfigKeys (ConfUtils.java:logGet(43)) - raft.server.log.statemachine.data.sync.timeout = 10s (default)
2019-10-11 03:54:34,412 [pool-433-thread-1] INFO  server.RaftServerConfigKeys (ConfUtils.java:logGet(43)) - raft.server.log.statemachine.data.sync.timeout.retry = -1 (default)
2019-10-11 03:54:34,412 [pool-433-thread-1] INFO  server.RaftServerConfigKeys (ConfUtils.java:logGet(43)) - raft.server.log.statemachine.data.caching.enabled = true (custom)
2019-10-11 03:54:34,412 [pool-433-thread-1] INFO  segmented.SegmentedRaftLogWorker (SegmentedRaftLogWorker.java:lambda$new$0(128)) - b342b30f-928a-4d9f-b427-be6ee5627e05@group-BD1198BE4211-SegmentedRaftLogWorker: flushIndex: setUnconditionally 0 -> -1
2019-10-11 03:54:34,413 [pool-433-thread-1] INFO  server.RaftServerConfigKeys (ConfUtils.java:logGet(43)) - raft.server.snapshot.auto.trigger.enabled = true (custom)
2019-10-11 03:54:34,413 [pool-433-thread-1] INFO  server.RaftServerConfigKeys (ConfUtils.java:logGet(43)) - raft.server.snapshot.auto.trigger.threshold = 10000 (custom)
2019-10-11 03:54:34,413 [pool-433-thread-1] INFO  server.RaftServerConfigKeys (ConfUtils.java:logGet(43)) - raft.server.snapshot.retention.file.num = 5 (custom)
2019-10-11 03:54:34,413 [pool-433-thread-1] INFO  server.RaftServerConfigKeys (ConfUtils.java:logGet(43)) - raft.server.retrycache.expirytime = 600000ms (custom)
2019-10-11 03:54:34,415 [pool-433-thread-1] INFO  impl.RaftServerImpl (RaftServerImpl.java:start(181)) - b342b30f-928a-4d9f-b427-be6ee5627e05@group-BD1198BE4211: start as a follower, conf=-1: [b342b30f-928a-4d9f-b427-be6ee5627e05:192.168.151.96:42361], old=null
2019-10-11 03:54:34,415 [pool-433-thread-1] INFO  impl.RaftServerImpl (RaftServerImpl.java:setRole(170)) - b342b30f-928a-4d9f-b427-be6ee5627e05@group-BD1198BE4211: changes role from      null to FOLLOWER at term 0 for startAsFollower
2019-10-11 03:54:34,415 [pool-433-thread-1] INFO  impl.RoleInfo (RoleInfo.java:updateAndGet(143)) - b342b30f-928a-4d9f-b427-be6ee5627e05: start FollowerState
2019-10-11 03:54:34,416 [pool-433-thread-1] INFO  util.JmxRegister (JmxRegister.java:tryRegister(44)) - Successfully registered JMX Bean with object name Ratis:service=RaftServer,group=group-BD1198BE4211,id=b342b30f-928a-4d9f-b427-be6ee5627e05
2019-10-11 03:54:34,420 [RatisPipelineUtilsThread] INFO  pipeline.PipelineStateManager (PipelineStateManager.java:addPipeline(56)) - Created pipeline Pipeline[ Id: 0e4c0bd2-296c-4822-989c-bd1198be4211, Nodes: b342b30f-928a-4d9f-b427-be6ee5627e05{ip: 192.168.151.96, host: pr-hdds-2181-p9m8s-78523098, networkLocation: /default-rack, certSerialId: null}, Type:RATIS, Factor:ONE, State:OPEN]
2019-10-11 03:54:34,427 [grpc-default-executor-4] INFO  impl.RaftServerProxy (RaftServerProxy.java:addNew(89)) - b50dc8d2-f1f5-4aea-9203-f8872e994f6c: addNew group-DC0FA5793F39:[b50dc8d2-f1f5-4aea-9203-f8872e994f6c:192.168.151.96:34956] returns group-DC0FA5793F39:java.util.concurrent.CompletableFuture@25d60fe7[Not completed]
2019-10-11 03:54:34,428 [pool-443-thread-1] INFO  impl.RaftServerImpl (RaftServerImpl.java:<init>(95)) - b50dc8d2-f1f5-4aea-9203-f8872e994f6c: new RaftServerImpl for group-DC0FA5793F39:[b50dc8d2-f1f5-4aea-9203-f8872e994f6c:192.168.151.96:34956] with ContainerStateMachine:uninitialized
2019-10-11 03:54:34,429 [pool-443-thread-1] INFO  server.RaftServerConfigKeys (ConfUtils.java:logGet(43)) - raft.server.rpc.timeout.min = 5s (custom)
2019-10-11 03:54:34,429 [pool-443-thread-1] INFO  server.RaftServerConfigKeys (ConfUtils.java:logGet(43)) - raft.server.rpc.timeout.max = 5200ms (custom)
2019-10-11 03:54:34,429 [pool-443-thread-1] INFO  server.RaftServerConfigKeys (ConfUtils.java:logGet(43)) - raft.server.rpcslowness.timeout = 120s (custom)
2019-10-11 03:54:34,429 [pool-443-thread-1] INFO  server.RaftServerConfigKeys (ConfUtils.java:logGet(43)) - raft.server.sleep.deviation.threshold = 300 (default)
2019-10-11 03:54:34,429 [pool-443-thread-1] INFO  server.RaftServerConfigKeys (ConfUtils.java:logGet(43)) - raft.server.log.appender.install.snapshot.enabled = false (custom)
2019-10-11 03:54:34,429 [pool-443-thread-1] INFO  impl.RaftServerImpl (ServerState.java:<init>(103)) - b50dc8d2-f1f5-4aea-9203-f8872e994f6c@group-DC0FA5793F39: ConfigurationManager, init=-1: [b50dc8d2-f1f5-4aea-9203-f8872e994f6c:192.168.151.96:34956], old=null, confs=<EMPTY_MAP>
2019-10-11 03:54:34,429 [pool-443-thread-1] INFO  server.RaftServerConfigKeys (ConfUtils.java:logGet(43)) - raft.server.storage.dir = [/workdir/hadoop-ozone/integration-test/target/test-dir/MiniOzoneClusterImpl-d05e7434-4910-4d2b-a3e8-e3c83698e793/datanode-6/data/ratis] (custom)
2019-10-11 03:54:34,430 [pool-443-thread-1] INFO  server.RaftServerConfigKeys (ConfUtils.java:logGet(43)) - raft.server.log.corruption.policy = EXCEPTION (default)
2019-10-11 03:54:34,430 [pool-443-thread-1] INFO  storage.RaftStorageDirectory (RaftStorageDirectory.java:analyzeStorage(246)) - The storage directory /workdir/hadoop-ozone/integration-test/target/test-dir/MiniOzoneClusterImpl-d05e7434-4910-4d2b-a3e8-e3c83698e793/datanode-6/data/ratis/c0468d2d-caa4-4554-bd28-dc0fa5793f39 does not exist. Creating ...
2019-10-11 03:54:34,443 [pool-443-thread-1] INFO  storage.RaftStorageDirectory (RaftStorageDirectory.java:tryLock(328)) - Lock on /workdir/hadoop-ozone/integration-test/target/test-dir/MiniOzoneClusterImpl-d05e7434-4910-4d2b-a3e8-e3c83698e793/datanode-6/data/ratis/c0468d2d-caa4-4554-bd28-dc0fa5793f39/in_use.lock acquired by nodename 31378@pr-hdds-2181-p9m8s-78523098
2019-10-11 03:54:34,457 [pool-443-thread-1] INFO  storage.RaftStorage (RaftStorage.java:format(84)) - Storage directory /workdir/hadoop-ozone/integration-test/target/test-dir/MiniOzoneClusterImpl-d05e7434-4910-4d2b-a3e8-e3c83698e793/datanode-6/data/ratis/c0468d2d-caa4-4554-bd28-dc0fa5793f39 has been successfully formatted.
2019-10-11 03:54:34,457 [pool-443-thread-1] INFO  ratis.ContainerStateMachine (ContainerStateMachine.java:loadSnapshot(231)) - group-DC0FA5793F39: The snapshot info is null. Setting the last applied indexto:(t:0, i:~)
2019-10-11 03:54:34,457 [pool-443-thread-1] INFO  server.RaftServerConfigKeys (ConfUtils.java:logGet(43)) - raft.server.notification.no-leader.timeout = 120s (custom)
2019-10-11 03:54:34,457 [pool-443-thread-1] INFO  server.RaftServerConfigKeys (ConfUtils.java:logGet(43)) - raft.server.log.use.memory = false (default)
2019-10-11 03:54:34,457 [pool-443-thread-1] INFO  server.RaftServerConfigKeys (ConfUtils.java:logGet(43)) - raft.server.log.purge.gap = 1000000 (custom)
2019-10-11 03:54:34,458 [pool-443-thread-1] INFO  server.RaftServerConfigKeys (ConfUtils.java:logGet(43)) - raft.server.log.appender.buffer.byte-limit = 33554432 (custom)
2019-10-11 03:54:34,458 [pool-443-thread-1] INFO  server.RaftServerConfigKeys (ConfUtils.java:logGet(43)) - raft.server.log.segment.size.max = 1048576 (custom)
2019-10-11 03:54:34,459 [pool-443-thread-1] INFO  server.RaftServerConfigKeys (ConfUtils.java:logGet(43)) - raft.server.log.segment.cache.num.max = 2 (custom)
2019-10-11 03:54:34,459 [pool-443-thread-1] INFO  segmented.SegmentedRaftLogWorker (SegmentedRaftLogWorker.java:<init>(173)) - new b50dc8d2-f1f5-4aea-9203-f8872e994f6c@group-DC0FA5793F39-SegmentedRaftLogWorker for RaftStorage:Storage Directory /workdir/hadoop-ozone/integration-test/target/test-dir/MiniOzoneClusterImpl-d05e7434-4910-4d2b-a3e8-e3c83698e793/datanode-6/data/ratis/c0468d2d-caa4-4554-bd28-dc0fa5793f39
2019-10-11 03:54:34,459 [pool-443-thread-1] INFO  server.RaftServerConfigKeys (ConfUtils.java:logGet(43)) - raft.server.log.queue.byte-limit = 2147483647 (custom)
2019-10-11 03:54:34,460 [pool-443-thread-1] INFO  server.RaftServerConfigKeys (ConfUtils.java:logGet(43)) - raft.server.log.queue.element-limit = 1024 (custom)
2019-10-11 03:54:34,460 [pool-443-thread-1] INFO  server.RaftServerConfigKeys (ConfUtils.java:logGet(43)) - raft.server.log.segment.size.max = 1048576 (custom)
2019-10-11 03:54:34,460 [pool-443-thread-1] INFO  server.RaftServerConfigKeys (ConfUtils.java:logGet(43)) - raft.server.log.preallocated.size = 16384 (custom)
2019-10-11 03:54:34,460 [pool-443-thread-1] INFO  server.RaftServerConfigKeys (ConfUtils.java:logGet(43)) - raft.server.log.write.buffer.size = 33554432 (custom)
2019-10-11 03:54:34,460 [pool-443-thread-1] INFO  server.RaftServerConfigKeys (ConfUtils.java:logGet(43)) - raft.server.log.force.sync.num = 128 (default)
2019-10-11 03:54:34,460 [pool-443-thread-1] INFO  server.RaftServerConfigKeys (ConfUtils.java:logGet(43)) - raft.server.log.statemachine.data.sync = true (default)
2019-10-11 03:54:34,460 [pool-443-thread-1] INFO  server.RaftServerConfigKeys (ConfUtils.java:logGet(43)) - raft.server.log.statemachine.data.sync.timeout = 10s (default)
2019-10-11 03:54:34,460 [pool-443-thread-1] INFO  server.RaftServerConfigKeys (ConfUtils.java:logGet(43)) - raft.server.log.statemachine.data.sync.timeout.retry = -1 (default)
2019-10-11 03:54:34,461 [pool-443-thread-1] INFO  server.RaftServerConfigKeys (ConfUtils.java:logGet(43)) - raft.server.log.statemachine.data.caching.enabled = true (custom)
2019-10-11 03:54:34,461 [pool-443-thread-1] INFO  segmented.SegmentedRaftLogWorker (SegmentedRaftLogWorker.java:lambda$new$0(128)) - b50dc8d2-f1f5-4aea-9203-f8872e994f6c@group-DC0FA5793F39-SegmentedRaftLogWorker: flushIndex: setUnconditionally 0 -> -1
2019-10-11 03:54:34,461 [pool-443-thread-1] INFO  server.RaftServerConfigKeys (ConfUtils.java:logGet(43)) - raft.server.snapshot.auto.trigger.enabled = true (custom)
2019-10-11 03:54:34,461 [pool-443-thread-1] INFO  server.RaftServerConfigKeys (ConfUtils.java:logGet(43)) - raft.server.snapshot.auto.trigger.threshold = 10000 (custom)
2019-10-11 03:54:34,461 [pool-443-thread-1] INFO  server.RaftServerConfigKeys (ConfUtils.java:logGet(43)) - raft.server.snapshot.retention.file.num = 5 (custom)
2019-10-11 03:54:34,462 [pool-443-thread-1] INFO  server.RaftServerConfigKeys (ConfUtils.java:logGet(43)) - raft.server.retrycache.expirytime = 600000ms (custom)
2019-10-11 03:54:34,463 [pool-443-thread-1] INFO  impl.RaftServerImpl (RaftServerImpl.java:start(181)) - b50dc8d2-f1f5-4aea-9203-f8872e994f6c@group-DC0FA5793F39: start as a follower, conf=-1: [b50dc8d2-f1f5-4aea-9203-f8872e994f6c:192.168.151.96:34956], old=null
2019-10-11 03:54:34,463 [pool-443-thread-1] INFO  impl.RaftServerImpl (RaftServerImpl.java:setRole(170)) - b50dc8d2-f1f5-4aea-9203-f8872e994f6c@group-DC0FA5793F39: changes role from      null to FOLLOWER at term 0 for startAsFollower
2019-10-11 03:54:34,463 [pool-443-thread-1] INFO  impl.RoleInfo (RoleInfo.java:updateAndGet(143)) - b50dc8d2-f1f5-4aea-9203-f8872e994f6c: start FollowerState
2019-10-11 03:54:34,464 [pool-443-thread-1] INFO  util.JmxRegister (JmxRegister.java:tryRegister(44)) - Successfully registered JMX Bean with object name Ratis:service=RaftServer,group=group-DC0FA5793F39,id=b50dc8d2-f1f5-4aea-9203-f8872e994f6c
2019-10-11 03:54:34,468 [RatisPipelineUtilsThread] INFO  pipeline.PipelineStateManager (PipelineStateManager.java:addPipeline(56)) - Created pipeline Pipeline[ Id: c0468d2d-caa4-4554-bd28-dc0fa5793f39, Nodes: b50dc8d2-f1f5-4aea-9203-f8872e994f6c{ip: 192.168.151.96, host: pr-hdds-2181-p9m8s-78523098, networkLocation: /default-rack, certSerialId: null}, Type:RATIS, Factor:ONE, State:OPEN]
2019-10-11 03:54:34,475 [grpc-default-executor-4] INFO  impl.RaftServerProxy (RaftServerProxy.java:addNew(89)) - fbde125c-9853-44e2-bb22-16aafde06b70: addNew group-C27FD3785063:[fbde125c-9853-44e2-bb22-16aafde06b70:192.168.151.96:45281] returns group-C27FD3785063:java.util.concurrent.CompletableFuture@576336f[Not completed]
2019-10-11 03:54:34,476 [pool-413-thread-1] INFO  impl.RaftServerImpl (RaftServerImpl.java:<init>(95)) - fbde125c-9853-44e2-bb22-16aafde06b70: new RaftServerImpl for group-C27FD3785063:[fbde125c-9853-44e2-bb22-16aafde06b70:192.168.151.96:45281] with ContainerStateMachine:uninitialized
2019-10-11 03:54:34,476 [pool-413-thread-1] INFO  server.RaftServerConfigKeys (ConfUtils.java:logGet(43)) - raft.server.rpc.timeout.min = 5s (custom)
2019-10-11 03:54:34,476 [pool-413-thread-1] INFO  server.RaftServerConfigKeys (ConfUtils.java:logGet(43)) - raft.server.rpc.timeout.max = 5200ms (custom)
2019-10-11 03:54:34,476 [pool-413-thread-1] INFO  server.RaftServerConfigKeys (ConfUtils.java:logGet(43)) - raft.server.rpcslowness.timeout = 120s (custom)
2019-10-11 03:54:34,476 [pool-413-thread-1] INFO  server.RaftServerConfigKeys (ConfUtils.java:logGet(43)) - raft.server.sleep.deviation.threshold = 300 (default)
2019-10-11 03:54:34,476 [pool-413-thread-1] INFO  server.RaftServerConfigKeys (ConfUtils.java:logGet(43)) - raft.server.log.appender.install.snapshot.enabled = false (custom)
2019-10-11 03:54:34,476 [pool-413-thread-1] INFO  impl.RaftServerImpl (ServerState.java:<init>(103)) - fbde125c-9853-44e2-bb22-16aafde06b70@group-C27FD3785063: ConfigurationManager, init=-1: [fbde125c-9853-44e2-bb22-16aafde06b70:192.168.151.96:45281], old=null, confs=<EMPTY_MAP>
2019-10-11 03:54:34,476 [pool-413-thread-1] INFO  server.RaftServerConfigKeys (ConfUtils.java:logGet(43)) - raft.server.storage.dir = [/workdir/hadoop-ozone/integration-test/target/test-dir/MiniOzoneClusterImpl-d05e7434-4910-4d2b-a3e8-e3c83698e793/datanode-3/data/ratis] (custom)
2019-10-11 03:54:34,477 [pool-413-thread-1] INFO  server.RaftServerConfigKeys (ConfUtils.java:logGet(43)) - raft.server.log.corruption.policy = EXCEPTION (default)
2019-10-11 03:54:34,477 [pool-413-thread-1] INFO  storage.RaftStorageDirectory (RaftStorageDirectory.java:analyzeStorage(246)) - The storage directory /workdir/hadoop-ozone/integration-test/target/test-dir/MiniOzoneClusterImpl-d05e7434-4910-4d2b-a3e8-e3c83698e793/datanode-3/data/ratis/1caa35cc-92a1-4e1a-bdf6-c27fd3785063 does not exist. Creating ...
2019-10-11 03:54:34,490 [pool-413-thread-1] INFO  storage.RaftStorageDirectory (RaftStorageDirectory.java:tryLock(328)) - Lock on /workdir/hadoop-ozone/integration-test/target/test-dir/MiniOzoneClusterImpl-d05e7434-4910-4d2b-a3e8-e3c83698e793/datanode-3/data/ratis/1caa35cc-92a1-4e1a-bdf6-c27fd3785063/in_use.lock acquired by nodename 31378@pr-hdds-2181-p9m8s-78523098
2019-10-11 03:54:34,503 [pool-413-thread-1] INFO  storage.RaftStorage (RaftStorage.java:format(84)) - Storage directory /workdir/hadoop-ozone/integration-test/target/test-dir/MiniOzoneClusterImpl-d05e7434-4910-4d2b-a3e8-e3c83698e793/datanode-3/data/ratis/1caa35cc-92a1-4e1a-bdf6-c27fd3785063 has been successfully formatted.
2019-10-11 03:54:34,503 [pool-413-thread-1] INFO  ratis.ContainerStateMachine (ContainerStateMachine.java:loadSnapshot(231)) - group-C27FD3785063: The snapshot info is null. Setting the last applied indexto:(t:0, i:~)
2019-10-11 03:54:34,503 [pool-413-thread-1] INFO  server.RaftServerConfigKeys (ConfUtils.java:logGet(43)) - raft.server.notification.no-leader.timeout = 120s (custom)
2019-10-11 03:54:34,503 [pool-413-thread-1] INFO  server.RaftServerConfigKeys (ConfUtils.java:logGet(43)) - raft.server.log.use.memory = false (default)
2019-10-11 03:54:34,503 [pool-413-thread-1] INFO  server.RaftServerConfigKeys (ConfUtils.java:logGet(43)) - raft.server.log.purge.gap = 1000000 (custom)
2019-10-11 03:54:34,503 [pool-413-thread-1] INFO  server.RaftServerConfigKeys (ConfUtils.java:logGet(43)) - raft.server.log.appender.buffer.byte-limit = 33554432 (custom)
2019-10-11 03:54:34,503 [pool-413-thread-1] INFO  server.RaftServerConfigKeys (ConfUtils.java:logGet(43)) - raft.server.log.segment.size.max = 1048576 (custom)
2019-10-11 03:54:34,505 [pool-413-thread-1] INFO  server.RaftServerConfigKeys (ConfUtils.java:logGet(43)) - raft.server.log.segment.cache.num.max = 2 (custom)
2019-10-11 03:54:34,505 [pool-413-thread-1] INFO  segmented.SegmentedRaftLogWorker (SegmentedRaftLogWorker.java:<init>(173)) - new fbde125c-9853-44e2-bb22-16aafde06b70@group-C27FD3785063-SegmentedRaftLogWorker for RaftStorage:Storage Directory /workdir/hadoop-ozone/integration-test/target/test-dir/MiniOzoneClusterImpl-d05e7434-4910-4d2b-a3e8-e3c83698e793/datanode-3/data/ratis/1caa35cc-92a1-4e1a-bdf6-c27fd3785063
2019-10-11 03:54:34,505 [pool-413-thread-1] INFO  server.RaftServerConfigKeys (ConfUtils.java:logGet(43)) - raft.server.log.queue.byte-limit = 2147483647 (custom)
2019-10-11 03:54:34,505 [pool-413-thread-1] INFO  server.RaftServerConfigKeys (ConfUtils.java:logGet(43)) - raft.server.log.queue.element-limit = 1024 (custom)
2019-10-11 03:54:34,506 [pool-413-thread-1] INFO  server.RaftServerConfigKeys (ConfUtils.java:logGet(43)) - raft.server.log.segment.size.max = 1048576 (custom)
2019-10-11 03:54:34,506 [pool-413-thread-1] INFO  server.RaftServerConfigKeys (ConfUtils.java:logGet(43)) - raft.server.log.preallocated.size = 16384 (custom)
2019-10-11 03:54:34,506 [pool-413-thread-1] INFO  server.RaftServerConfigKeys (ConfUtils.java:logGet(43)) - raft.server.log.write.buffer.size = 33554432 (custom)
2019-10-11 03:54:34,506 [pool-413-thread-1] INFO  server.RaftServerConfigKeys (ConfUtils.java:logGet(43)) - raft.server.log.force.sync.num = 128 (default)
2019-10-11 03:54:34,506 [pool-413-thread-1] INFO  server.RaftServerConfigKeys (ConfUtils.java:logGet(43)) - raft.server.log.statemachine.data.sync = true (default)
2019-10-11 03:54:34,506 [pool-413-thread-1] INFO  server.RaftServerConfigKeys (ConfUtils.java:logGet(43)) - raft.server.log.statemachine.data.sync.timeout = 10s (default)
2019-10-11 03:54:34,506 [pool-413-thread-1] INFO  server.RaftServerConfigKeys (ConfUtils.java:logGet(43)) - raft.server.log.statemachine.data.sync.timeout.retry = -1 (default)
2019-10-11 03:54:34,506 [pool-413-thread-1] INFO  server.RaftServerConfigKeys (ConfUtils.java:logGet(43)) - raft.server.log.statemachine.data.caching.enabled = true (custom)
2019-10-11 03:54:34,507 [pool-413-thread-1] INFO  segmented.SegmentedRaftLogWorker (SegmentedRaftLogWorker.java:lambda$new$0(128)) - fbde125c-9853-44e2-bb22-16aafde06b70@group-C27FD3785063-SegmentedRaftLogWorker: flushIndex: setUnconditionally 0 -> -1
2019-10-11 03:54:34,507 [pool-413-thread-1] INFO  server.RaftServerConfigKeys (ConfUtils.java:logGet(43)) - raft.server.snapshot.auto.trigger.enabled = true (custom)
2019-10-11 03:54:34,507 [pool-413-thread-1] INFO  server.RaftServerConfigKeys (ConfUtils.java:logGet(43)) - raft.server.snapshot.auto.trigger.threshold = 10000 (custom)
2019-10-11 03:54:34,507 [pool-413-thread-1] INFO  server.RaftServerConfigKeys (ConfUtils.java:logGet(43)) - raft.server.snapshot.retention.file.num = 5 (custom)
2019-10-11 03:54:34,507 [pool-413-thread-1] INFO  server.RaftServerConfigKeys (ConfUtils.java:logGet(43)) - raft.server.retrycache.expirytime = 600000ms (custom)
2019-10-11 03:54:34,509 [pool-413-thread-1] INFO  impl.RaftServerImpl (RaftServerImpl.java:start(181)) - fbde125c-9853-44e2-bb22-16aafde06b70@group-C27FD3785063: start as a follower, conf=-1: [fbde125c-9853-44e2-bb22-16aafde06b70:192.168.151.96:45281], old=null
2019-10-11 03:54:34,509 [pool-413-thread-1] INFO  impl.RaftServerImpl (RaftServerImpl.java:setRole(170)) - fbde125c-9853-44e2-bb22-16aafde06b70@group-C27FD3785063: changes role from      null to FOLLOWER at term 0 for startAsFollower
2019-10-11 03:54:34,509 [pool-413-thread-1] INFO  impl.RoleInfo (RoleInfo.java:updateAndGet(143)) - fbde125c-9853-44e2-bb22-16aafde06b70: start FollowerState
2019-10-11 03:54:34,509 [pool-413-thread-1] INFO  util.JmxRegister (JmxRegister.java:tryRegister(44)) - Successfully registered JMX Bean with object name Ratis:service=RaftServer,group=group-C27FD3785063,id=fbde125c-9853-44e2-bb22-16aafde06b70
2019-10-11 03:54:34,513 [RatisPipelineUtilsThread] INFO  pipeline.PipelineStateManager (PipelineStateManager.java:addPipeline(56)) - Created pipeline Pipeline[ Id: 1caa35cc-92a1-4e1a-bdf6-c27fd3785063, Nodes: fbde125c-9853-44e2-bb22-16aafde06b70{ip: 192.168.151.96, host: pr-hdds-2181-p9m8s-78523098, networkLocation: /default-rack, certSerialId: null}, Type:RATIS, Factor:ONE, State:OPEN]
2019-10-11 03:54:34,533 [grpc-default-executor-3] INFO  impl.RaftServerProxy (RaftServerProxy.java:addNew(89)) - b50dc8d2-f1f5-4aea-9203-f8872e994f6c: addNew group-F1795FD6A276:[b342b30f-928a-4d9f-b427-be6ee5627e05:192.168.151.96:42361, b50dc8d2-f1f5-4aea-9203-f8872e994f6c:192.168.151.96:34956, e9c7be31-368a-4ef0-bc3f-0ff4808bfa4e:192.168.151.96:46656] returns group-F1795FD6A276:java.util.concurrent.CompletableFuture@13c2b0e5[Not completed]
2019-10-11 03:54:34,533 [grpc-default-executor-4] INFO  impl.RaftServerProxy (RaftServerProxy.java:addNew(89)) - e9c7be31-368a-4ef0-bc3f-0ff4808bfa4e: addNew group-F1795FD6A276:[b342b30f-928a-4d9f-b427-be6ee5627e05:192.168.151.96:42361, b50dc8d2-f1f5-4aea-9203-f8872e994f6c:192.168.151.96:34956, e9c7be31-368a-4ef0-bc3f-0ff4808bfa4e:192.168.151.96:46656] returns group-F1795FD6A276:java.util.concurrent.CompletableFuture@1163bab2[Not completed]
2019-10-11 03:54:34,533 [grpc-default-executor-7] INFO  impl.RaftServerProxy (RaftServerProxy.java:addNew(89)) - b342b30f-928a-4d9f-b427-be6ee5627e05: addNew group-F1795FD6A276:[b342b30f-928a-4d9f-b427-be6ee5627e05:192.168.151.96:42361, b50dc8d2-f1f5-4aea-9203-f8872e994f6c:192.168.151.96:34956, e9c7be31-368a-4ef0-bc3f-0ff4808bfa4e:192.168.151.96:46656] returns group-F1795FD6A276:java.util.concurrent.CompletableFuture@294c193e[Not completed]
2019-10-11 03:54:34,534 [pool-423-thread-1] INFO  impl.RaftServerImpl (RaftServerImpl.java:<init>(95)) - e9c7be31-368a-4ef0-bc3f-0ff4808bfa4e: new RaftServerImpl for group-F1795FD6A276:[b342b30f-928a-4d9f-b427-be6ee5627e05:192.168.151.96:42361, b50dc8d2-f1f5-4aea-9203-f8872e994f6c:192.168.151.96:34956, e9c7be31-368a-4ef0-bc3f-0ff4808bfa4e:192.168.151.96:46656] with ContainerStateMachine:uninitialized
2019-10-11 03:54:34,534 [pool-423-thread-1] INFO  server.RaftServerConfigKeys (ConfUtils.java:logGet(43)) - raft.server.rpc.timeout.min = 5s (custom)
2019-10-11 03:54:34,535 [pool-423-thread-1] INFO  server.RaftServerConfigKeys (ConfUtils.java:logGet(43)) - raft.server.rpc.timeout.max = 5200ms (custom)
2019-10-11 03:54:34,535 [pool-423-thread-1] INFO  server.RaftServerConfigKeys (ConfUtils.java:logGet(43)) - raft.server.rpcslowness.timeout = 120s (custom)
2019-10-11 03:54:34,535 [pool-423-thread-1] INFO  server.RaftServerConfigKeys (ConfUtils.java:logGet(43)) - raft.server.sleep.deviation.threshold = 300 (default)
2019-10-11 03:54:34,535 [pool-433-thread-1] INFO  impl.RaftServerImpl (RaftServerImpl.java:<init>(95)) - b342b30f-928a-4d9f-b427-be6ee5627e05: new RaftServerImpl for group-F1795FD6A276:[b342b30f-928a-4d9f-b427-be6ee5627e05:192.168.151.96:42361, b50dc8d2-f1f5-4aea-9203-f8872e994f6c:192.168.151.96:34956, e9c7be31-368a-4ef0-bc3f-0ff4808bfa4e:192.168.151.96:46656] with ContainerStateMachine:uninitialized
2019-10-11 03:54:34,535 [pool-423-thread-1] INFO  server.RaftServerConfigKeys (ConfUtils.java:logGet(43)) - raft.server.log.appender.install.snapshot.enabled = false (custom)
2019-10-11 03:54:34,535 [pool-433-thread-1] INFO  server.RaftServerConfigKeys (ConfUtils.java:logGet(43)) - raft.server.rpc.timeout.min = 5s (custom)
2019-10-11 03:54:34,535 [pool-423-thread-1] INFO  impl.RaftServerImpl (ServerState.java:<init>(103)) - e9c7be31-368a-4ef0-bc3f-0ff4808bfa4e@group-F1795FD6A276: ConfigurationManager, init=-1: [b342b30f-928a-4d9f-b427-be6ee5627e05:192.168.151.96:42361, b50dc8d2-f1f5-4aea-9203-f8872e994f6c:192.168.151.96:34956, e9c7be31-368a-4ef0-bc3f-0ff4808bfa4e:192.168.151.96:46656], old=null, confs=<EMPTY_MAP>
2019-10-11 03:54:34,535 [pool-433-thread-1] INFO  server.RaftServerConfigKeys (ConfUtils.java:logGet(43)) - raft.server.rpc.timeout.max = 5200ms (custom)
2019-10-11 03:54:34,536 [pool-423-thread-1] INFO  server.RaftServerConfigKeys (ConfUtils.java:logGet(43)) - raft.server.storage.dir = [/workdir/hadoop-ozone/integration-test/target/test-dir/MiniOzoneClusterImpl-d05e7434-4910-4d2b-a3e8-e3c83698e793/datanode-4/data/ratis] (custom)
2019-10-11 03:54:34,536 [pool-443-thread-1] INFO  impl.RaftServerImpl (RaftServerImpl.java:<init>(95)) - b50dc8d2-f1f5-4aea-9203-f8872e994f6c: new RaftServerImpl for group-F1795FD6A276:[b342b30f-928a-4d9f-b427-be6ee5627e05:192.168.151.96:42361, b50dc8d2-f1f5-4aea-9203-f8872e994f6c:192.168.151.96:34956, e9c7be31-368a-4ef0-bc3f-0ff4808bfa4e:192.168.151.96:46656] with ContainerStateMachine:uninitialized
2019-10-11 03:54:34,536 [pool-433-thread-1] INFO  server.RaftServerConfigKeys (ConfUtils.java:logGet(43)) - raft.server.rpcslowness.timeout = 120s (custom)
2019-10-11 03:54:34,536 [pool-423-thread-1] INFO  server.RaftServerConfigKeys (ConfUtils.java:logGet(43)) - raft.server.log.corruption.policy = EXCEPTION (default)
2019-10-11 03:54:34,536 [pool-443-thread-1] INFO  server.RaftServerConfigKeys (ConfUtils.java:logGet(43)) - raft.server.rpc.timeout.min = 5s (custom)
2019-10-11 03:54:34,536 [pool-433-thread-1] INFO  server.RaftServerConfigKeys (ConfUtils.java:logGet(43)) - raft.server.sleep.deviation.threshold = 300 (default)
2019-10-11 03:54:34,536 [pool-443-thread-1] INFO  server.RaftServerConfigKeys (ConfUtils.java:logGet(43)) - raft.server.rpc.timeout.max = 5200ms (custom)
2019-10-11 03:54:34,536 [pool-423-thread-1] INFO  storage.RaftStorageDirectory (RaftStorageDirectory.java:analyzeStorage(246)) - The storage directory /workdir/hadoop-ozone/integration-test/target/test-dir/MiniOzoneClusterImpl-d05e7434-4910-4d2b-a3e8-e3c83698e793/datanode-4/data/ratis/384475d7-5401-4c65-977f-f1795fd6a276 does not exist. Creating ...
2019-10-11 03:54:34,536 [pool-443-thread-1] INFO  server.RaftServerConfigKeys (ConfUtils.java:logGet(43)) - raft.server.rpcslowness.timeout = 120s (custom)
2019-10-11 03:54:34,537 [pool-443-thread-1] INFO  server.RaftServerConfigKeys (ConfUtils.java:logGet(43)) - raft.server.sleep.deviation.threshold = 300 (default)
2019-10-11 03:54:34,536 [pool-433-thread-1] INFO  server.RaftServerConfigKeys (ConfUtils.java:logGet(43)) - raft.server.log.appender.install.snapshot.enabled = false (custom)
2019-10-11 03:54:34,537 [pool-443-thread-1] INFO  server.RaftServerConfigKeys (ConfUtils.java:logGet(43)) - raft.server.log.appender.install.snapshot.enabled = false (custom)
2019-10-11 03:54:34,537 [pool-433-thread-1] INFO  impl.RaftServerImpl (ServerState.java:<init>(103)) - b342b30f-928a-4d9f-b427-be6ee5627e05@group-F1795FD6A276: ConfigurationManager, init=-1: [b342b30f-928a-4d9f-b427-be6ee5627e05:192.168.151.96:42361, b50dc8d2-f1f5-4aea-9203-f8872e994f6c:192.168.151.96:34956, e9c7be31-368a-4ef0-bc3f-0ff4808bfa4e:192.168.151.96:46656], old=null, confs=<EMPTY_MAP>
2019-10-11 03:54:34,537 [pool-443-thread-1] INFO  impl.RaftServerImpl (ServerState.java:<init>(103)) - b50dc8d2-f1f5-4aea-9203-f8872e994f6c@group-F1795FD6A276: ConfigurationManager, init=-1: [b342b30f-928a-4d9f-b427-be6ee5627e05:192.168.151.96:42361, b50dc8d2-f1f5-4aea-9203-f8872e994f6c:192.168.151.96:34956, e9c7be31-368a-4ef0-bc3f-0ff4808bfa4e:192.168.151.96:46656], old=null, confs=<EMPTY_MAP>
2019-10-11 03:54:34,537 [pool-433-thread-1] INFO  server.RaftServerConfigKeys (ConfUtils.java:logGet(43)) - raft.server.storage.dir = [/workdir/hadoop-ozone/integration-test/target/test-dir/MiniOzoneClusterImpl-d05e7434-4910-4d2b-a3e8-e3c83698e793/datanode-5/data/ratis] (custom)
2019-10-11 03:54:34,537 [pool-443-thread-1] INFO  server.RaftServerConfigKeys (ConfUtils.java:logGet(43)) - raft.server.storage.dir = [/workdir/hadoop-ozone/integration-test/target/test-dir/MiniOzoneClusterImpl-d05e7434-4910-4d2b-a3e8-e3c83698e793/datanode-6/data/ratis] (custom)
2019-10-11 03:54:34,537 [pool-433-thread-1] INFO  server.RaftServerConfigKeys (ConfUtils.java:logGet(43)) - raft.server.log.corruption.policy = EXCEPTION (default)
2019-10-11 03:54:34,538 [pool-443-thread-1] INFO  server.RaftServerConfigKeys (ConfUtils.java:logGet(43)) - raft.server.log.corruption.policy = EXCEPTION (default)
2019-10-11 03:54:34,538 [pool-433-thread-1] INFO  storage.RaftStorageDirectory (RaftStorageDirectory.java:analyzeStorage(246)) - The storage directory /workdir/hadoop-ozone/integration-test/target/test-dir/MiniOzoneClusterImpl-d05e7434-4910-4d2b-a3e8-e3c83698e793/datanode-5/data/ratis/384475d7-5401-4c65-977f-f1795fd6a276 does not exist. Creating ...
2019-10-11 03:54:34,538 [pool-443-thread-1] INFO  storage.RaftStorageDirectory (RaftStorageDirectory.java:analyzeStorage(246)) - The storage directory /workdir/hadoop-ozone/integration-test/target/test-dir/MiniOzoneClusterImpl-d05e7434-4910-4d2b-a3e8-e3c83698e793/datanode-6/data/ratis/384475d7-5401-4c65-977f-f1795fd6a276 does not exist. Creating ...
2019-10-11 03:54:34,550 [pool-433-thread-1] INFO  storage.RaftStorageDirectory (RaftStorageDirectory.java:tryLock(328)) - Lock on /workdir/hadoop-ozone/integration-test/target/test-dir/MiniOzoneClusterImpl-d05e7434-4910-4d2b-a3e8-e3c83698e793/datanode-5/data/ratis/384475d7-5401-4c65-977f-f1795fd6a276/in_use.lock acquired by nodename 31378@pr-hdds-2181-p9m8s-78523098
2019-10-11 03:54:34,550 [pool-423-thread-1] INFO  storage.RaftStorageDirectory (RaftStorageDirectory.java:tryLock(328)) - Lock on /workdir/hadoop-ozone/integration-test/target/test-dir/MiniOzoneClusterImpl-d05e7434-4910-4d2b-a3e8-e3c83698e793/datanode-4/data/ratis/384475d7-5401-4c65-977f-f1795fd6a276/in_use.lock acquired by nodename 31378@pr-hdds-2181-p9m8s-78523098
2019-10-11 03:54:34,550 [pool-443-thread-1] INFO  storage.RaftStorageDirectory (RaftStorageDirectory.java:tryLock(328)) - Lock on /workdir/hadoop-ozone/integration-test/target/test-dir/MiniOzoneClusterImpl-d05e7434-4910-4d2b-a3e8-e3c83698e793/datanode-6/data/ratis/384475d7-5401-4c65-977f-f1795fd6a276/in_use.lock acquired by nodename 31378@pr-hdds-2181-p9m8s-78523098
2019-10-11 03:54:34,563 [pool-423-thread-1] INFO  storage.RaftStorage (RaftStorage.java:format(84)) - Storage directory /workdir/hadoop-ozone/integration-test/target/test-dir/MiniOzoneClusterImpl-d05e7434-4910-4d2b-a3e8-e3c83698e793/datanode-4/data/ratis/384475d7-5401-4c65-977f-f1795fd6a276 has been successfully formatted.
2019-10-11 03:54:34,563 [pool-443-thread-1] INFO  storage.RaftStorage (RaftStorage.java:format(84)) - Storage directory /workdir/hadoop-ozone/integration-test/target/test-dir/MiniOzoneClusterImpl-d05e7434-4910-4d2b-a3e8-e3c83698e793/datanode-6/data/ratis/384475d7-5401-4c65-977f-f1795fd6a276 has been successfully formatted.
2019-10-11 03:54:34,563 [pool-433-thread-1] INFO  storage.RaftStorage (RaftStorage.java:format(84)) - Storage directory /workdir/hadoop-ozone/integration-test/target/test-dir/MiniOzoneClusterImpl-d05e7434-4910-4d2b-a3e8-e3c83698e793/datanode-5/data/ratis/384475d7-5401-4c65-977f-f1795fd6a276 has been successfully formatted.
2019-10-11 03:54:34,563 [pool-443-thread-1] INFO  ratis.ContainerStateMachine (ContainerStateMachine.java:loadSnapshot(231)) - group-F1795FD6A276: The snapshot info is null. Setting the last applied indexto:(t:0, i:~)
2019-10-11 03:54:34,563 [pool-423-thread-1] INFO  ratis.ContainerStateMachine (ContainerStateMachine.java:loadSnapshot(231)) - group-F1795FD6A276: The snapshot info is null. Setting the last applied indexto:(t:0, i:~)
2019-10-11 03:54:34,564 [pool-443-thread-1] INFO  server.RaftServerConfigKeys (ConfUtils.java:logGet(43)) - raft.server.notification.no-leader.timeout = 120s (custom)
2019-10-11 03:54:34,563 [pool-433-thread-1] INFO  ratis.ContainerStateMachine (ContainerStateMachine.java:loadSnapshot(231)) - group-F1795FD6A276: The snapshot info is null. Setting the last applied indexto:(t:0, i:~)
2019-10-11 03:54:34,564 [pool-443-thread-1] INFO  server.RaftServerConfigKeys (ConfUtils.java:logGet(43)) - raft.server.log.use.memory = false (default)
2019-10-11 03:54:34,564 [pool-423-thread-1] INFO  server.RaftServerConfigKeys (ConfUtils.java:logGet(43)) - raft.server.notification.no-leader.timeout = 120s (custom)
2019-10-11 03:54:34,564 [pool-443-thread-1] INFO  server.RaftServerConfigKeys (ConfUtils.java:logGet(43)) - raft.server.log.purge.gap = 1000000 (custom)
2019-10-11 03:54:34,564 [pool-433-thread-1] INFO  server.RaftServerConfigKeys (ConfUtils.java:logGet(43)) - raft.server.notification.no-leader.timeout = 120s (custom)
2019-10-11 03:54:34,564 [pool-443-thread-1] INFO  server.RaftServerConfigKeys (ConfUtils.java:logGet(43)) - raft.server.log.appender.buffer.byte-limit = 33554432 (custom)
2019-10-11 03:54:34,564 [pool-423-thread-1] INFO  server.RaftServerConfigKeys (ConfUtils.java:logGet(43)) - raft.server.log.use.memory = false (default)
2019-10-11 03:54:34,565 [pool-443-thread-1] INFO  server.RaftServerConfigKeys (ConfUtils.java:logGet(43)) - raft.server.log.segment.size.max = 1048576 (custom)
2019-10-11 03:54:34,565 [pool-433-thread-1] INFO  server.RaftServerConfigKeys (ConfUtils.java:logGet(43)) - raft.server.log.use.memory = false (default)
2019-10-11 03:54:34,565 [pool-443-thread-1] INFO  server.RaftServerConfigKeys (ConfUtils.java:logGet(43)) - raft.server.log.segment.cache.num.max = 2 (custom)
2019-10-11 03:54:34,565 [pool-423-thread-1] INFO  server.RaftServerConfigKeys (ConfUtils.java:logGet(43)) - raft.server.log.purge.gap = 1000000 (custom)
2019-10-11 03:54:34,565 [pool-443-thread-1] INFO  segmented.SegmentedRaftLogWorker (SegmentedRaftLogWorker.java:<init>(173)) - new b50dc8d2-f1f5-4aea-9203-f8872e994f6c@group-F1795FD6A276-SegmentedRaftLogWorker for RaftStorage:Storage Directory /workdir/hadoop-ozone/integration-test/target/test-dir/MiniOzoneClusterImpl-d05e7434-4910-4d2b-a3e8-e3c83698e793/datanode-6/data/ratis/384475d7-5401-4c65-977f-f1795fd6a276
2019-10-11 03:54:34,566 [pool-443-thread-1] INFO  server.RaftServerConfigKeys (ConfUtils.java:logGet(43)) - raft.server.log.queue.byte-limit = 2147483647 (custom)
2019-10-11 03:54:34,565 [pool-433-thread-1] INFO  server.RaftServerConfigKeys (ConfUtils.java:logGet(43)) - raft.server.log.purge.gap = 1000000 (custom)
2019-10-11 03:54:34,566 [pool-443-thread-1] INFO  server.RaftServerConfigKeys (ConfUtils.java:logGet(43)) - raft.server.log.queue.element-limit = 1024 (custom)
2019-10-11 03:54:34,565 [pool-423-thread-1] INFO  server.RaftServerConfigKeys (ConfUtils.java:logGet(43)) - raft.server.log.appender.buffer.byte-limit = 33554432 (custom)
2019-10-11 03:54:34,566 [pool-443-thread-1] INFO  server.RaftServerConfigKeys (ConfUtils.java:logGet(43)) - raft.server.log.segment.size.max = 1048576 (custom)
2019-10-11 03:54:34,566 [pool-433-thread-1] INFO  server.RaftServerConfigKeys (ConfUtils.java:logGet(43)) - raft.server.log.appender.buffer.byte-limit = 33554432 (custom)
2019-10-11 03:54:34,566 [pool-443-thread-1] INFO  server.RaftServerConfigKeys (ConfUtils.java:logGet(43)) - raft.server.log.preallocated.size = 16384 (custom)
2019-10-11 03:54:34,566 [pool-423-thread-1] INFO  server.RaftServerConfigKeys (ConfUtils.java:logGet(43)) - raft.server.log.segment.size.max = 1048576 (custom)
2019-10-11 03:54:34,567 [pool-443-thread-1] INFO  server.RaftServerConfigKeys (ConfUtils.java:logGet(43)) - raft.server.log.write.buffer.size = 33554432 (custom)
2019-10-11 03:54:34,566 [pool-433-thread-1] INFO  server.RaftServerConfigKeys (ConfUtils.java:logGet(43)) - raft.server.log.segment.size.max = 1048576 (custom)
2019-10-11 03:54:34,567 [pool-443-thread-1] INFO  server.RaftServerConfigKeys (ConfUtils.java:logGet(43)) - raft.server.log.force.sync.num = 128 (default)
2019-10-11 03:54:34,567 [pool-423-thread-1] INFO  server.RaftServerConfigKeys (ConfUtils.java:logGet(43)) - raft.server.log.segment.cache.num.max = 2 (custom)
2019-10-11 03:54:34,567 [pool-443-thread-1] INFO  server.RaftServerConfigKeys (ConfUtils.java:logGet(43)) - raft.server.log.statemachine.data.sync = true (default)
2019-10-11 03:54:34,567 [pool-443-thread-1] INFO  server.RaftServerConfigKeys (ConfUtils.java:logGet(43)) - raft.server.log.statemachine.data.sync.timeout = 10s (default)
2019-10-11 03:54:34,567 [pool-433-thread-1] INFO  server.RaftServerConfigKeys (ConfUtils.java:logGet(43)) - raft.server.log.segment.cache.num.max = 2 (custom)
2019-10-11 03:54:34,568 [pool-443-thread-1] INFO  server.RaftServerConfigKeys (ConfUtils.java:logGet(43)) - raft.server.log.statemachine.data.sync.timeout.retry = -1 (default)
2019-10-11 03:54:34,567 [pool-423-thread-1] INFO  segmented.SegmentedRaftLogWorker (SegmentedRaftLogWorker.java:<init>(173)) - new e9c7be31-368a-4ef0-bc3f-0ff4808bfa4e@group-F1795FD6A276-SegmentedRaftLogWorker for RaftStorage:Storage Directory /workdir/hadoop-ozone/integration-test/target/test-dir/MiniOzoneClusterImpl-d05e7434-4910-4d2b-a3e8-e3c83698e793/datanode-4/data/ratis/384475d7-5401-4c65-977f-f1795fd6a276
2019-10-11 03:54:34,568 [pool-443-thread-1] INFO  server.RaftServerConfigKeys (ConfUtils.java:logGet(43)) - raft.server.log.statemachine.data.caching.enabled = true (custom)
2019-10-11 03:54:34,568 [pool-433-thread-1] INFO  segmented.SegmentedRaftLogWorker (SegmentedRaftLogWorker.java:<init>(173)) - new b342b30f-928a-4d9f-b427-be6ee5627e05@group-F1795FD6A276-SegmentedRaftLogWorker for RaftStorage:Storage Directory /workdir/hadoop-ozone/integration-test/target/test-dir/MiniOzoneClusterImpl-d05e7434-4910-4d2b-a3e8-e3c83698e793/datanode-5/data/ratis/384475d7-5401-4c65-977f-f1795fd6a276
2019-10-11 03:54:34,568 [pool-423-thread-1] INFO  server.RaftServerConfigKeys (ConfUtils.java:logGet(43)) - raft.server.log.queue.byte-limit = 2147483647 (custom)
2019-10-11 03:54:34,568 [pool-443-thread-1] INFO  segmented.SegmentedRaftLogWorker (SegmentedRaftLogWorker.java:lambda$new$0(128)) - b50dc8d2-f1f5-4aea-9203-f8872e994f6c@group-F1795FD6A276-SegmentedRaftLogWorker: flushIndex: setUnconditionally 0 -> -1
2019-10-11 03:54:34,568 [pool-433-thread-1] INFO  server.RaftServerConfigKeys (ConfUtils.java:logGet(43)) - raft.server.log.queue.byte-limit = 2147483647 (custom)
2019-10-11 03:54:34,568 [pool-423-thread-1] INFO  server.RaftServerConfigKeys (ConfUtils.java:logGet(43)) - raft.server.log.queue.element-limit = 1024 (custom)
2019-10-11 03:54:34,569 [pool-443-thread-1] INFO  server.RaftServerConfigKeys (ConfUtils.java:logGet(43)) - raft.server.snapshot.auto.trigger.enabled = true (custom)
2019-10-11 03:54:34,569 [pool-433-thread-1] INFO  server.RaftServerConfigKeys (ConfUtils.java:logGet(43)) - raft.server.log.queue.element-limit = 1024 (custom)
2019-10-11 03:54:34,569 [pool-443-thread-1] INFO  server.RaftServerConfigKeys (ConfUtils.java:logGet(43)) - raft.server.snapshot.auto.trigger.threshold = 10000 (custom)
2019-10-11 03:54:34,569 [pool-423-thread-1] INFO  server.RaftServerConfigKeys (ConfUtils.java:logGet(43)) - raft.server.log.segment.size.max = 1048576 (custom)
2019-10-11 03:54:34,569 [pool-443-thread-1] INFO  server.RaftServerConfigKeys (ConfUtils.java:logGet(43)) - raft.server.snapshot.retention.file.num = 5 (custom)
2019-10-11 03:54:34,569 [pool-433-thread-1] INFO  server.RaftServerConfigKeys (ConfUtils.java:logGet(43)) - raft.server.log.segment.size.max = 1048576 (custom)
2019-10-11 03:54:34,570 [pool-443-thread-1] INFO  server.RaftServerConfigKeys (ConfUtils.java:logGet(43)) - raft.server.retrycache.expirytime = 600000ms (custom)
2019-10-11 03:54:34,569 [pool-423-thread-1] INFO  server.RaftServerConfigKeys (ConfUtils.java:logGet(43)) - raft.server.log.preallocated.size = 16384 (custom)
2019-10-11 03:54:34,570 [pool-433-thread-1] INFO  server.RaftServerConfigKeys (ConfUtils.java:logGet(43)) - raft.server.log.preallocated.size = 16384 (custom)
2019-10-11 03:54:34,570 [pool-423-thread-1] INFO  server.RaftServerConfigKeys (ConfUtils.java:logGet(43)) - raft.server.log.write.buffer.size = 33554432 (custom)
2019-10-11 03:54:34,570 [pool-433-thread-1] INFO  server.RaftServerConfigKeys (ConfUtils.java:logGet(43)) - raft.server.log.write.buffer.size = 33554432 (custom)
2019-10-11 03:54:34,570 [pool-423-thread-1] INFO  server.RaftServerConfigKeys (ConfUtils.java:logGet(43)) - raft.server.log.force.sync.num = 128 (default)
2019-10-11 03:54:34,570 [pool-433-thread-1] INFO  server.RaftServerConfigKeys (ConfUtils.java:logGet(43)) - raft.server.log.force.sync.num = 128 (default)
2019-10-11 03:54:34,570 [pool-423-thread-1] INFO  server.RaftServerConfigKeys (ConfUtils.java:logGet(43)) - raft.server.log.statemachine.data.sync = true (default)
2019-10-11 03:54:34,570 [pool-433-thread-1] INFO  server.RaftServerConfigKeys (ConfUtils.java:logGet(43)) - raft.server.log.statemachine.data.sync = true (default)
2019-10-11 03:54:34,571 [pool-423-thread-1] INFO  server.RaftServerConfigKeys (ConfUtils.java:logGet(43)) - raft.server.log.statemachine.data.sync.timeout = 10s (default)
2019-10-11 03:54:34,571 [pool-433-thread-1] INFO  server.RaftServerConfigKeys (ConfUtils.java:logGet(43)) - raft.server.log.statemachine.data.sync.timeout = 10s (default)
2019-10-11 03:54:34,571 [pool-423-thread-1] INFO  server.RaftServerConfigKeys (ConfUtils.java:logGet(43)) - raft.server.log.statemachine.data.sync.timeout.retry = -1 (default)
2019-10-11 03:54:34,571 [pool-433-thread-1] INFO  server.RaftServerConfigKeys (ConfUtils.java:logGet(43)) - raft.server.log.statemachine.data.sync.timeout.retry = -1 (default)
2019-10-11 03:54:34,571 [pool-423-thread-1] INFO  server.RaftServerConfigKeys (ConfUtils.java:logGet(43)) - raft.server.log.statemachine.data.caching.enabled = true (custom)
2019-10-11 03:54:34,571 [pool-433-thread-1] INFO  server.RaftServerConfigKeys (ConfUtils.java:logGet(43)) - raft.server.log.statemachine.data.caching.enabled = true (custom)
2019-10-11 03:54:34,571 [pool-423-thread-1] INFO  segmented.SegmentedRaftLogWorker (SegmentedRaftLogWorker.java:lambda$new$0(128)) - e9c7be31-368a-4ef0-bc3f-0ff4808bfa4e@group-F1795FD6A276-SegmentedRaftLogWorker: flushIndex: setUnconditionally 0 -> -1
2019-10-11 03:54:34,572 [pool-433-thread-1] INFO  segmented.SegmentedRaftLogWorker (SegmentedRaftLogWorker.java:lambda$new$0(128)) - b342b30f-928a-4d9f-b427-be6ee5627e05@group-F1795FD6A276-SegmentedRaftLogWorker: flushIndex: setUnconditionally 0 -> -1
2019-10-11 03:54:34,572 [pool-423-thread-1] INFO  server.RaftServerConfigKeys (ConfUtils.java:logGet(43)) - raft.server.snapshot.auto.trigger.enabled = true (custom)
2019-10-11 03:54:34,572 [pool-433-thread-1] INFO  server.RaftServerConfigKeys (ConfUtils.java:logGet(43)) - raft.server.snapshot.auto.trigger.enabled = true (custom)
2019-10-11 03:54:34,572 [pool-423-thread-1] INFO  server.RaftServerConfigKeys (ConfUtils.java:logGet(43)) - raft.server.snapshot.auto.trigger.threshold = 10000 (custom)
2019-10-11 03:54:34,572 [pool-433-thread-1] INFO  server.RaftServerConfigKeys (ConfUtils.java:logGet(43)) - raft.server.snapshot.auto.trigger.threshold = 10000 (custom)
2019-10-11 03:54:34,572 [pool-423-thread-1] INFO  server.RaftServerConfigKeys (ConfUtils.java:logGet(43)) - raft.server.snapshot.retention.file.num = 5 (custom)
2019-10-11 03:54:34,572 [pool-443-thread-1] INFO  impl.RaftServerImpl (RaftServerImpl.java:start(181)) - b50dc8d2-f1f5-4aea-9203-f8872e994f6c@group-F1795FD6A276: start as a follower, conf=-1: [b342b30f-928a-4d9f-b427-be6ee5627e05:192.168.151.96:42361, b50dc8d2-f1f5-4aea-9203-f8872e994f6c:192.168.151.96:34956, e9c7be31-368a-4ef0-bc3f-0ff4808bfa4e:192.168.151.96:46656], old=null
2019-10-11 03:54:34,572 [pool-433-thread-1] INFO  server.RaftServerConfigKeys (ConfUtils.java:logGet(43)) - raft.server.snapshot.retention.file.num = 5 (custom)
2019-10-11 03:54:34,572 [pool-443-thread-1] INFO  impl.RaftServerImpl (RaftServerImpl.java:setRole(170)) - b50dc8d2-f1f5-4aea-9203-f8872e994f6c@group-F1795FD6A276: changes role from      null to FOLLOWER at term 0 for startAsFollower
2019-10-11 03:54:34,572 [pool-423-thread-1] INFO  server.RaftServerConfigKeys (ConfUtils.java:logGet(43)) - raft.server.retrycache.expirytime = 600000ms (custom)
2019-10-11 03:54:34,573 [pool-443-thread-1] INFO  impl.RoleInfo (RoleInfo.java:updateAndGet(143)) - b50dc8d2-f1f5-4aea-9203-f8872e994f6c: start FollowerState
2019-10-11 03:54:34,573 [pool-433-thread-1] INFO  server.RaftServerConfigKeys (ConfUtils.java:logGet(43)) - raft.server.retrycache.expirytime = 600000ms (custom)
2019-10-11 03:54:34,573 [pool-443-thread-1] INFO  util.JmxRegister (JmxRegister.java:tryRegister(44)) - Successfully registered JMX Bean with object name Ratis:service=RaftServer,group=group-F1795FD6A276,id=b50dc8d2-f1f5-4aea-9203-f8872e994f6c
2019-10-11 03:54:34,576 [pool-423-thread-1] INFO  impl.RaftServerImpl (RaftServerImpl.java:start(181)) - e9c7be31-368a-4ef0-bc3f-0ff4808bfa4e@group-F1795FD6A276: start as a follower, conf=-1: [b342b30f-928a-4d9f-b427-be6ee5627e05:192.168.151.96:42361, b50dc8d2-f1f5-4aea-9203-f8872e994f6c:192.168.151.96:34956, e9c7be31-368a-4ef0-bc3f-0ff4808bfa4e:192.168.151.96:46656], old=null
2019-10-11 03:54:34,576 [pool-423-thread-1] INFO  impl.RaftServerImpl (RaftServerImpl.java:setRole(170)) - e9c7be31-368a-4ef0-bc3f-0ff4808bfa4e@group-F1795FD6A276: changes role from      null to FOLLOWER at term 0 for startAsFollower
2019-10-11 03:54:34,576 [pool-423-thread-1] INFO  impl.RoleInfo (RoleInfo.java:updateAndGet(143)) - e9c7be31-368a-4ef0-bc3f-0ff4808bfa4e: start FollowerState
2019-10-11 03:54:34,576 [pool-433-thread-1] INFO  impl.RaftServerImpl (RaftServerImpl.java:start(181)) - b342b30f-928a-4d9f-b427-be6ee5627e05@group-F1795FD6A276: start as a follower, conf=-1: [b342b30f-928a-4d9f-b427-be6ee5627e05:192.168.151.96:42361, b50dc8d2-f1f5-4aea-9203-f8872e994f6c:192.168.151.96:34956, e9c7be31-368a-4ef0-bc3f-0ff4808bfa4e:192.168.151.96:46656], old=null
2019-10-11 03:54:34,576 [pool-433-thread-1] INFO  impl.RaftServerImpl (RaftServerImpl.java:setRole(170)) - b342b30f-928a-4d9f-b427-be6ee5627e05@group-F1795FD6A276: changes role from      null to FOLLOWER at term 0 for startAsFollower
2019-10-11 03:54:34,576 [pool-423-thread-1] INFO  util.JmxRegister (JmxRegister.java:tryRegister(44)) - Successfully registered JMX Bean with object name Ratis:service=RaftServer,group=group-F1795FD6A276,id=e9c7be31-368a-4ef0-bc3f-0ff4808bfa4e
2019-10-11 03:54:34,576 [pool-433-thread-1] INFO  impl.RoleInfo (RoleInfo.java:updateAndGet(143)) - b342b30f-928a-4d9f-b427-be6ee5627e05: start FollowerState
2019-10-11 03:54:34,577 [pool-433-thread-1] INFO  util.JmxRegister (JmxRegister.java:tryRegister(44)) - Successfully registered JMX Bean with object name Ratis:service=RaftServer,group=group-F1795FD6A276,id=b342b30f-928a-4d9f-b427-be6ee5627e05
2019-10-11 03:54:34,581 [RatisPipelineUtilsThread] INFO  pipeline.PipelineStateManager (PipelineStateManager.java:addPipeline(56)) - Created pipeline Pipeline[ Id: 384475d7-5401-4c65-977f-f1795fd6a276, Nodes: b50dc8d2-f1f5-4aea-9203-f8872e994f6c{ip: 192.168.151.96, host: pr-hdds-2181-p9m8s-78523098, networkLocation: /default-rack, certSerialId: null}e9c7be31-368a-4ef0-bc3f-0ff4808bfa4e{ip: 192.168.151.96, host: pr-hdds-2181-p9m8s-78523098, networkLocation: /default-rack, certSerialId: null}b342b30f-928a-4d9f-b427-be6ee5627e05{ip: 192.168.151.96, host: pr-hdds-2181-p9m8s-78523098, networkLocation: /default-rack, certSerialId: null}, Type:RATIS, Factor:THREE, State:OPEN]
2019-10-11 03:54:35,370 [main] INFO  ozone.MiniOzoneClusterImpl (MiniOzoneClusterImpl.java:lambda$waitForClusterToBeReady$0(147)) - Cluster is ready. Got 7 of 7 DN Heartbeats.
2019-10-11 03:54:35,403 [main] INFO  rpc.RpcClient (RpcClient.java:createVolume(272)) - Creating Volume: watchforcommithandlingtest, with jenkins1000 as owner.
2019-10-11 03:54:35,407 [IPC Server handler 2 on 44160] INFO  volume.OMVolumeCreateRequest (OMVolumeCreateRequest.java:validateAndUpdateCache(193)) - created volume:watchforcommithandlingtest for user:jenkins1000
2019-10-11 03:54:35,421 [main] INFO  rpc.RpcClient (RpcClient.java:createBucket(411)) - Creating Bucket: watchforcommithandlingtest/watchforcommithandlingtest, with Versioning false and Storage Type set to DISK and Encryption set to false 
2019-10-11 03:54:35,425 [main] INFO  ozone.MiniOzoneClusterImpl (MiniOzoneClusterImpl.java:getStorageContainerLocationClient(234)) - Creating StorageContainerLocationProtocol RPC client with address /0.0.0.0:42850
2019-10-11 03:54:36,980 [Thread-2368] INFO  container.ReplicationManager (ReplicationManager.java:start(162)) - Starting Replication Monitor Thread.
2019-10-11 03:54:36,984 [ReplicationMonitor] INFO  container.ReplicationManager (ReplicationManager.java:run(225)) - Replication Monitor Thread took 0 milliseconds for processing 1 containers.
2019-10-11 03:54:39,151 [Thread-2370] INFO  impl.FollowerState (FollowerState.java:run(108)) - 043f7723-8702-4b86-ad70-90a3422a20f9@group-6D17F2921258-FollowerState: change to CANDIDATE, lastRpcTime:5122ms, electionTimeout:5122ms
2019-10-11 03:54:39,151 [Thread-2370] INFO  impl.RoleInfo (RoleInfo.java:shutdownFollowerState(121)) - 043f7723-8702-4b86-ad70-90a3422a20f9: shutdown FollowerState
2019-10-11 03:54:39,151 [Thread-2370] INFO  impl.RaftServerImpl (RaftServerImpl.java:setRole(170)) - 043f7723-8702-4b86-ad70-90a3422a20f9@group-6D17F2921258: changes role from  FOLLOWER to CANDIDATE at term 0 for changeToCandidate
2019-10-11 03:54:39,151 [Thread-2370] INFO  impl.RoleInfo (RoleInfo.java:updateAndGet(143)) - 043f7723-8702-4b86-ad70-90a3422a20f9: start LeaderElection
2019-10-11 03:54:39,173 [Thread-2373] INFO  impl.FollowerState (FollowerState.java:run(108)) - b2c6ba06-f117-420e-a800-58b6dcdee706@group-15ABB74AA037-FollowerState: change to CANDIDATE, lastRpcTime:5081ms, electionTimeout:5081ms
2019-10-11 03:54:39,173 [Thread-2373] INFO  impl.RoleInfo (RoleInfo.java:shutdownFollowerState(121)) - b2c6ba06-f117-420e-a800-58b6dcdee706: shutdown FollowerState
2019-10-11 03:54:39,173 [Thread-2373] INFO  impl.RaftServerImpl (RaftServerImpl.java:setRole(170)) - b2c6ba06-f117-420e-a800-58b6dcdee706@group-15ABB74AA037: changes role from  FOLLOWER to CANDIDATE at term 0 for changeToCandidate
2019-10-11 03:54:39,173 [Thread-2373] INFO  impl.RoleInfo (RoleInfo.java:updateAndGet(143)) - b2c6ba06-f117-420e-a800-58b6dcdee706: start LeaderElection
2019-10-11 03:54:39,179 [043f7723-8702-4b86-ad70-90a3422a20f9@group-6D17F2921258-LeaderElection68] INFO  impl.LeaderElection (LeaderElection.java:askForVotes(178)) - 043f7723-8702-4b86-ad70-90a3422a20f9@group-6D17F2921258-LeaderElection68: begin an election at term 1 for -1: [043f7723-8702-4b86-ad70-90a3422a20f9:192.168.151.96:33250], old=null
2019-10-11 03:54:39,180 [043f7723-8702-4b86-ad70-90a3422a20f9@group-6D17F2921258-LeaderElection68] INFO  impl.RoleInfo (RoleInfo.java:shutdownLeaderElection(134)) - 043f7723-8702-4b86-ad70-90a3422a20f9: shutdown LeaderElection
2019-10-11 03:54:39,180 [043f7723-8702-4b86-ad70-90a3422a20f9@group-6D17F2921258-LeaderElection68] INFO  impl.RaftServerImpl (RaftServerImpl.java:setRole(170)) - 043f7723-8702-4b86-ad70-90a3422a20f9@group-6D17F2921258: changes role from CANDIDATE to LEADER at term 1 for changeToLeader
2019-10-11 03:54:39,180 [043f7723-8702-4b86-ad70-90a3422a20f9@group-6D17F2921258-LeaderElection68] INFO  impl.RaftServerImpl (ServerState.java:setLeader(255)) - 043f7723-8702-4b86-ad70-90a3422a20f9@group-6D17F2921258: change Leader from null to 043f7723-8702-4b86-ad70-90a3422a20f9 at term 1 for becomeLeader, leader elected after 5160ms
2019-10-11 03:54:39,180 [043f7723-8702-4b86-ad70-90a3422a20f9@group-6D17F2921258-LeaderElection68] INFO  server.RaftServerConfigKeys (ConfUtils.java:logGet(43)) - raft.server.staging.catchup.gap = 1000 (default)
2019-10-11 03:54:39,180 [043f7723-8702-4b86-ad70-90a3422a20f9@group-6D17F2921258-LeaderElection68] INFO  server.RaftServerConfigKeys (ConfUtils.java:logGet(43)) - raft.server.rpc.sleep.time = 25ms (default)
2019-10-11 03:54:39,180 [043f7723-8702-4b86-ad70-90a3422a20f9@group-6D17F2921258-LeaderElection68] INFO  server.RaftServerConfigKeys (ConfUtils.java:logGet(43)) - raft.server.write.element-limit = 4096 (default)
2019-10-11 03:54:39,180 [043f7723-8702-4b86-ad70-90a3422a20f9@group-6D17F2921258-LeaderElection68] INFO  server.RaftServerConfigKeys (ConfUtils.java:logGet(43)) - raft.server.watch.timeout = 10s (default)
2019-10-11 03:54:39,180 [043f7723-8702-4b86-ad70-90a3422a20f9@group-6D17F2921258-LeaderElection68] INFO  server.RaftServerConfigKeys (ConfUtils.java:logGet(43)) - raft.server.watch.timeout.denomination = 1s (default)
2019-10-11 03:54:39,181 [043f7723-8702-4b86-ad70-90a3422a20f9@group-6D17F2921258-LeaderElection68] INFO  server.RaftServerConfigKeys (ConfUtils.java:logGet(43)) - raft.server.watch.element-limit = 65536 (default)
2019-10-11 03:54:39,182 [043f7723-8702-4b86-ad70-90a3422a20f9@group-6D17F2921258-LeaderElection68] INFO  impl.RoleInfo (RoleInfo.java:updateAndGet(143)) - 043f7723-8702-4b86-ad70-90a3422a20f9: start LeaderState
2019-10-11 03:54:39,183 [043f7723-8702-4b86-ad70-90a3422a20f9@group-6D17F2921258-LeaderElection68] INFO  segmented.SegmentedRaftLogWorker (SegmentedRaftLogWorker.java:startLogSegment(385)) - 043f7723-8702-4b86-ad70-90a3422a20f9@group-6D17F2921258-SegmentedRaftLogWorker: Starting segment from index:0
2019-10-11 03:54:39,183 [043f7723-8702-4b86-ad70-90a3422a20f9@group-6D17F2921258-LeaderElection68] INFO  impl.RaftServerImpl (ServerState.java:setRaftConf(356)) - 043f7723-8702-4b86-ad70-90a3422a20f9@group-6D17F2921258: set configuration 0: [043f7723-8702-4b86-ad70-90a3422a20f9:192.168.151.96:33250], old=null at 0
2019-10-11 03:54:39,193 [b2c6ba06-f117-420e-a800-58b6dcdee706@group-15ABB74AA037-LeaderElection69] INFO  impl.LeaderElection (LeaderElection.java:askForVotes(178)) - b2c6ba06-f117-420e-a800-58b6dcdee706@group-15ABB74AA037-LeaderElection69: begin an election at term 1 for -1: [b2c6ba06-f117-420e-a800-58b6dcdee706:192.168.151.96:35872], old=null
2019-10-11 03:54:39,193 [b2c6ba06-f117-420e-a800-58b6dcdee706@group-15ABB74AA037-LeaderElection69] INFO  impl.RoleInfo (RoleInfo.java:shutdownLeaderElection(134)) - b2c6ba06-f117-420e-a800-58b6dcdee706: shutdown LeaderElection
2019-10-11 03:54:39,193 [b2c6ba06-f117-420e-a800-58b6dcdee706@group-15ABB74AA037-LeaderElection69] INFO  impl.RaftServerImpl (RaftServerImpl.java:setRole(170)) - b2c6ba06-f117-420e-a800-58b6dcdee706@group-15ABB74AA037: changes role from CANDIDATE to LEADER at term 1 for changeToLeader
2019-10-11 03:54:39,193 [b2c6ba06-f117-420e-a800-58b6dcdee706@group-15ABB74AA037-LeaderElection69] INFO  impl.RaftServerImpl (ServerState.java:setLeader(255)) - b2c6ba06-f117-420e-a800-58b6dcdee706@group-15ABB74AA037: change Leader from null to b2c6ba06-f117-420e-a800-58b6dcdee706 at term 1 for becomeLeader, leader elected after 5107ms
2019-10-11 03:54:39,194 [b2c6ba06-f117-420e-a800-58b6dcdee706@group-15ABB74AA037-LeaderElection69] INFO  server.RaftServerConfigKeys (ConfUtils.java:logGet(43)) - raft.server.staging.catchup.gap = 1000 (default)
2019-10-11 03:54:39,194 [b2c6ba06-f117-420e-a800-58b6dcdee706@group-15ABB74AA037-LeaderElection69] INFO  server.RaftServerConfigKeys (ConfUtils.java:logGet(43)) - raft.server.rpc.sleep.time = 25ms (default)
2019-10-11 03:54:39,194 [b2c6ba06-f117-420e-a800-58b6dcdee706@group-15ABB74AA037-LeaderElection69] INFO  server.RaftServerConfigKeys (ConfUtils.java:logGet(43)) - raft.server.write.element-limit = 4096 (default)
2019-10-11 03:54:39,194 [b2c6ba06-f117-420e-a800-58b6dcdee706@group-15ABB74AA037-LeaderElection69] INFO  server.RaftServerConfigKeys (ConfUtils.java:logGet(43)) - raft.server.watch.timeout = 10s (default)
2019-10-11 03:54:39,194 [b2c6ba06-f117-420e-a800-58b6dcdee706@group-15ABB74AA037-LeaderElection69] INFO  server.RaftServerConfigKeys (ConfUtils.java:logGet(43)) - raft.server.watch.timeout.denomination = 1s (default)
2019-10-11 03:54:39,195 [b2c6ba06-f117-420e-a800-58b6dcdee706@group-15ABB74AA037-LeaderElection69] INFO  server.RaftServerConfigKeys (ConfUtils.java:logGet(43)) - raft.server.watch.element-limit = 65536 (default)
2019-10-11 03:54:39,197 [b2c6ba06-f117-420e-a800-58b6dcdee706@group-15ABB74AA037-LeaderElection69] INFO  impl.RoleInfo (RoleInfo.java:updateAndGet(143)) - b2c6ba06-f117-420e-a800-58b6dcdee706: start LeaderState
2019-10-11 03:54:39,197 [b2c6ba06-f117-420e-a800-58b6dcdee706@group-15ABB74AA037-LeaderElection69] INFO  segmented.SegmentedRaftLogWorker (SegmentedRaftLogWorker.java:startLogSegment(385)) - b2c6ba06-f117-420e-a800-58b6dcdee706@group-15ABB74AA037-SegmentedRaftLogWorker: Starting segment from index:0
2019-10-11 03:54:39,198 [b2c6ba06-f117-420e-a800-58b6dcdee706@group-15ABB74AA037-LeaderElection69] INFO  impl.RaftServerImpl (ServerState.java:setRaftConf(356)) - b2c6ba06-f117-420e-a800-58b6dcdee706@group-15ABB74AA037: set configuration 0: [b2c6ba06-f117-420e-a800-58b6dcdee706:192.168.151.96:35872], old=null at 0
2019-10-11 03:54:39,223 [043f7723-8702-4b86-ad70-90a3422a20f9@group-6D17F2921258-SegmentedRaftLogWorker] INFO  segmented.SegmentedRaftLogWorker (SegmentedRaftLogWorker.java:execute(574)) - 043f7723-8702-4b86-ad70-90a3422a20f9@group-6D17F2921258-SegmentedRaftLogWorker: created new log segment /workdir/hadoop-ozone/integration-test/target/test-dir/MiniOzoneClusterImpl-d05e7434-4910-4d2b-a3e8-e3c83698e793/datanode-0/data/ratis/9ba267ed-32ef-4ea3-be80-6d17f2921258/current/log_inprogress_0
2019-10-11 03:54:39,236 [b2c6ba06-f117-420e-a800-58b6dcdee706@group-15ABB74AA037-SegmentedRaftLogWorker] INFO  segmented.SegmentedRaftLogWorker (SegmentedRaftLogWorker.java:execute(574)) - b2c6ba06-f117-420e-a800-58b6dcdee706@group-15ABB74AA037-SegmentedRaftLogWorker: created new log segment /workdir/hadoop-ozone/integration-test/target/test-dir/MiniOzoneClusterImpl-d05e7434-4910-4d2b-a3e8-e3c83698e793/datanode-1/data/ratis/3f08eece-0f46-413f-a5cb-15abb74aa037/current/log_inprogress_0
2019-10-11 03:54:39,258 [Thread-2376] INFO  impl.FollowerState (FollowerState.java:run(108)) - 3a31073d-bde8-4fb6-83ae-5ae0804c27f7@group-77CF50743D94-FollowerState: change to CANDIDATE, lastRpcTime:5108ms, electionTimeout:5108ms
2019-10-11 03:54:39,258 [Thread-2376] INFO  impl.RoleInfo (RoleInfo.java:shutdownFollowerState(121)) - 3a31073d-bde8-4fb6-83ae-5ae0804c27f7: shutdown FollowerState
2019-10-11 03:54:39,258 [Thread-2376] INFO  impl.RaftServerImpl (RaftServerImpl.java:setRole(170)) - 3a31073d-bde8-4fb6-83ae-5ae0804c27f7@group-77CF50743D94: changes role from  FOLLOWER to CANDIDATE at term 0 for changeToCandidate
2019-10-11 03:54:39,258 [Thread-2376] INFO  impl.RoleInfo (RoleInfo.java:updateAndGet(143)) - 3a31073d-bde8-4fb6-83ae-5ae0804c27f7: start LeaderElection
2019-10-11 03:54:39,278 [3a31073d-bde8-4fb6-83ae-5ae0804c27f7@group-77CF50743D94-LeaderElection70] INFO  impl.LeaderElection (LeaderElection.java:askForVotes(178)) - 3a31073d-bde8-4fb6-83ae-5ae0804c27f7@group-77CF50743D94-LeaderElection70: begin an election at term 1 for -1: [3a31073d-bde8-4fb6-83ae-5ae0804c27f7:192.168.151.96:33675], old=null
2019-10-11 03:54:39,278 [3a31073d-bde8-4fb6-83ae-5ae0804c27f7@group-77CF50743D94-LeaderElection70] INFO  impl.RoleInfo (RoleInfo.java:shutdownLeaderElection(134)) - 3a31073d-bde8-4fb6-83ae-5ae0804c27f7: shutdown LeaderElection
2019-10-11 03:54:39,278 [3a31073d-bde8-4fb6-83ae-5ae0804c27f7@group-77CF50743D94-LeaderElection70] INFO  impl.RaftServerImpl (RaftServerImpl.java:setRole(170)) - 3a31073d-bde8-4fb6-83ae-5ae0804c27f7@group-77CF50743D94: changes role from CANDIDATE to LEADER at term 1 for changeToLeader
2019-10-11 03:54:39,278 [3a31073d-bde8-4fb6-83ae-5ae0804c27f7@group-77CF50743D94-LeaderElection70] INFO  impl.RaftServerImpl (ServerState.java:setLeader(255)) - 3a31073d-bde8-4fb6-83ae-5ae0804c27f7@group-77CF50743D94: change Leader from null to 3a31073d-bde8-4fb6-83ae-5ae0804c27f7 at term 1 for becomeLeader, leader elected after 5133ms
2019-10-11 03:54:39,278 [3a31073d-bde8-4fb6-83ae-5ae0804c27f7@group-77CF50743D94-LeaderElection70] INFO  server.RaftServerConfigKeys (ConfUtils.java:logGet(43)) - raft.server.staging.catchup.gap = 1000 (default)
2019-10-11 03:54:39,279 [3a31073d-bde8-4fb6-83ae-5ae0804c27f7@group-77CF50743D94-LeaderElection70] INFO  server.RaftServerConfigKeys (ConfUtils.java:logGet(43)) - raft.server.rpc.sleep.time = 25ms (default)
2019-10-11 03:54:39,279 [3a31073d-bde8-4fb6-83ae-5ae0804c27f7@group-77CF50743D94-LeaderElection70] INFO  server.RaftServerConfigKeys (ConfUtils.java:logGet(43)) - raft.server.write.element-limit = 4096 (default)
2019-10-11 03:54:39,279 [3a31073d-bde8-4fb6-83ae-5ae0804c27f7@group-77CF50743D94-LeaderElection70] INFO  server.RaftServerConfigKeys (ConfUtils.java:logGet(43)) - raft.server.watch.timeout = 10s (default)
2019-10-11 03:54:39,279 [3a31073d-bde8-4fb6-83ae-5ae0804c27f7@group-77CF50743D94-LeaderElection70] INFO  server.RaftServerConfigKeys (ConfUtils.java:logGet(43)) - raft.server.watch.timeout.denomination = 1s (default)
2019-10-11 03:54:39,279 [3a31073d-bde8-4fb6-83ae-5ae0804c27f7@group-77CF50743D94-LeaderElection70] INFO  server.RaftServerConfigKeys (ConfUtils.java:logGet(43)) - raft.server.watch.element-limit = 65536 (default)
2019-10-11 03:54:39,280 [3a31073d-bde8-4fb6-83ae-5ae0804c27f7@group-77CF50743D94-LeaderElection70] INFO  impl.RoleInfo (RoleInfo.java:updateAndGet(143)) - 3a31073d-bde8-4fb6-83ae-5ae0804c27f7: start LeaderState
2019-10-11 03:54:39,280 [3a31073d-bde8-4fb6-83ae-5ae0804c27f7@group-77CF50743D94-LeaderElection70] INFO  segmented.SegmentedRaftLogWorker (SegmentedRaftLogWorker.java:startLogSegment(385)) - 3a31073d-bde8-4fb6-83ae-5ae0804c27f7@group-77CF50743D94-SegmentedRaftLogWorker: Starting segment from index:0
2019-10-11 03:54:39,281 [3a31073d-bde8-4fb6-83ae-5ae0804c27f7@group-77CF50743D94-LeaderElection70] INFO  impl.RaftServerImpl (ServerState.java:setRaftConf(356)) - 3a31073d-bde8-4fb6-83ae-5ae0804c27f7@group-77CF50743D94: set configuration 0: [3a31073d-bde8-4fb6-83ae-5ae0804c27f7:192.168.151.96:33675], old=null at 0
2019-10-11 03:54:39,300 [Thread-2383] INFO  impl.FollowerState (FollowerState.java:run(108)) - 043f7723-8702-4b86-ad70-90a3422a20f9@group-3946EEB1E57C-FollowerState: change to CANDIDATE, lastRpcTime:5093ms, electionTimeout:5093ms
2019-10-11 03:54:39,301 [Thread-2383] INFO  impl.RoleInfo (RoleInfo.java:shutdownFollowerState(121)) - 043f7723-8702-4b86-ad70-90a3422a20f9: shutdown FollowerState
2019-10-11 03:54:39,301 [Thread-2383] INFO  impl.RaftServerImpl (RaftServerImpl.java:setRole(170)) - 043f7723-8702-4b86-ad70-90a3422a20f9@group-3946EEB1E57C: changes role from  FOLLOWER to CANDIDATE at term 0 for changeToCandidate
2019-10-11 03:54:39,301 [Thread-2383] INFO  impl.RoleInfo (RoleInfo.java:updateAndGet(143)) - 043f7723-8702-4b86-ad70-90a3422a20f9: start LeaderElection
2019-10-11 03:54:39,321 [3a31073d-bde8-4fb6-83ae-5ae0804c27f7@group-77CF50743D94-SegmentedRaftLogWorker] INFO  segmented.SegmentedRaftLogWorker (SegmentedRaftLogWorker.java:execute(574)) - 3a31073d-bde8-4fb6-83ae-5ae0804c27f7@group-77CF50743D94-SegmentedRaftLogWorker: created new log segment /workdir/hadoop-ozone/integration-test/target/test-dir/MiniOzoneClusterImpl-d05e7434-4910-4d2b-a3e8-e3c83698e793/datanode-2/data/ratis/ed215a4a-164e-415a-8d82-77cf50743d94/current/log_inprogress_0
2019-10-11 03:54:39,321 [043f7723-8702-4b86-ad70-90a3422a20f9@group-3946EEB1E57C-LeaderElection71] INFO  impl.LeaderElection (LeaderElection.java:askForVotes(178)) - 043f7723-8702-4b86-ad70-90a3422a20f9@group-3946EEB1E57C-LeaderElection71: begin an election at term 1 for -1: [043f7723-8702-4b86-ad70-90a3422a20f9:192.168.151.96:33250, b2c6ba06-f117-420e-a800-58b6dcdee706:192.168.151.96:35872, 3a31073d-bde8-4fb6-83ae-5ae0804c27f7:192.168.151.96:33675], old=null
2019-10-11 03:54:39,324 [grpc-default-executor-7] INFO  impl.RaftServerImpl (RaftServerImpl.java:setRole(170)) - b2c6ba06-f117-420e-a800-58b6dcdee706@group-3946EEB1E57C: changes role from  FOLLOWER to FOLLOWER at term 1 for recognizeCandidate:043f7723-8702-4b86-ad70-90a3422a20f9
2019-10-11 03:54:39,324 [grpc-default-executor-4] INFO  impl.RaftServerImpl (RaftServerImpl.java:setRole(170)) - 3a31073d-bde8-4fb6-83ae-5ae0804c27f7@group-3946EEB1E57C: changes role from  FOLLOWER to FOLLOWER at term 1 for recognizeCandidate:043f7723-8702-4b86-ad70-90a3422a20f9
2019-10-11 03:54:39,324 [grpc-default-executor-7] INFO  impl.RoleInfo (RoleInfo.java:shutdownFollowerState(121)) - b2c6ba06-f117-420e-a800-58b6dcdee706: shutdown FollowerState
2019-10-11 03:54:39,324 [grpc-default-executor-4] INFO  impl.RoleInfo (RoleInfo.java:shutdownFollowerState(121)) - 3a31073d-bde8-4fb6-83ae-5ae0804c27f7: shutdown FollowerState
2019-10-11 03:54:39,324 [Thread-2379] INFO  impl.FollowerState (FollowerState.java:run(117)) - b2c6ba06-f117-420e-a800-58b6dcdee706@group-3946EEB1E57C-FollowerState was interrupted: java.lang.InterruptedException: sleep interrupted
2019-10-11 03:54:39,324 [grpc-default-executor-7] INFO  impl.RoleInfo (RoleInfo.java:updateAndGet(143)) - b2c6ba06-f117-420e-a800-58b6dcdee706: start FollowerState
2019-10-11 03:54:39,325 [grpc-default-executor-4] INFO  impl.RoleInfo (RoleInfo.java:updateAndGet(143)) - 3a31073d-bde8-4fb6-83ae-5ae0804c27f7: start FollowerState
2019-10-11 03:54:39,325 [Thread-2384] INFO  impl.FollowerState (FollowerState.java:run(117)) - 3a31073d-bde8-4fb6-83ae-5ae0804c27f7@group-3946EEB1E57C-FollowerState was interrupted: java.lang.InterruptedException: sleep interrupted
2019-10-11 03:54:39,334 [043f7723-8702-4b86-ad70-90a3422a20f9@group-3946EEB1E57C-LeaderElection71] INFO  impl.LeaderElection (LeaderElection.java:logAndReturn(56)) - 043f7723-8702-4b86-ad70-90a3422a20f9@group-3946EEB1E57C-LeaderElection71: Election PASSED; received 1 response(s) [043f7723-8702-4b86-ad70-90a3422a20f9<-3a31073d-bde8-4fb6-83ae-5ae0804c27f7#0:OK-t1] and 0 exception(s); 043f7723-8702-4b86-ad70-90a3422a20f9@group-3946EEB1E57C:t1, leader=null, voted=043f7723-8702-4b86-ad70-90a3422a20f9, raftlog=043f7723-8702-4b86-ad70-90a3422a20f9@group-3946EEB1E57C-SegmentedRaftLog:OPENED:c-1,f-1,i0, conf=-1: [043f7723-8702-4b86-ad70-90a3422a20f9:192.168.151.96:33250, b2c6ba06-f117-420e-a800-58b6dcdee706:192.168.151.96:35872, 3a31073d-bde8-4fb6-83ae-5ae0804c27f7:192.168.151.96:33675], old=null
2019-10-11 03:54:39,335 [043f7723-8702-4b86-ad70-90a3422a20f9@group-3946EEB1E57C-LeaderElection71] INFO  impl.RoleInfo (RoleInfo.java:shutdownLeaderElection(134)) - 043f7723-8702-4b86-ad70-90a3422a20f9: shutdown LeaderElection
2019-10-11 03:54:39,335 [043f7723-8702-4b86-ad70-90a3422a20f9@group-3946EEB1E57C-LeaderElection71] INFO  impl.RaftServerImpl (RaftServerImpl.java:setRole(170)) - 043f7723-8702-4b86-ad70-90a3422a20f9@group-3946EEB1E57C: changes role from CANDIDATE to LEADER at term 1 for changeToLeader
2019-10-11 03:54:39,335 [043f7723-8702-4b86-ad70-90a3422a20f9@group-3946EEB1E57C-LeaderElection71] INFO  impl.RaftServerImpl (ServerState.java:setLeader(255)) - 043f7723-8702-4b86-ad70-90a3422a20f9@group-3946EEB1E57C: change Leader from null to 043f7723-8702-4b86-ad70-90a3422a20f9 at term 1 for becomeLeader, leader elected after 5141ms
2019-10-11 03:54:39,335 [043f7723-8702-4b86-ad70-90a3422a20f9@group-3946EEB1E57C-LeaderElection71] INFO  server.RaftServerConfigKeys (ConfUtils.java:logGet(43)) - raft.server.staging.catchup.gap = 1000 (default)
2019-10-11 03:54:39,335 [043f7723-8702-4b86-ad70-90a3422a20f9@group-3946EEB1E57C-LeaderElection71] INFO  server.RaftServerConfigKeys (ConfUtils.java:logGet(43)) - raft.server.rpc.sleep.time = 25ms (default)
2019-10-11 03:54:39,335 [043f7723-8702-4b86-ad70-90a3422a20f9@group-3946EEB1E57C-LeaderElection71] INFO  server.RaftServerConfigKeys (ConfUtils.java:logGet(43)) - raft.server.write.element-limit = 4096 (default)
2019-10-11 03:54:39,335 [043f7723-8702-4b86-ad70-90a3422a20f9@group-3946EEB1E57C-LeaderElection71] INFO  server.RaftServerConfigKeys (ConfUtils.java:logGet(43)) - raft.server.watch.timeout = 10s (default)
2019-10-11 03:54:39,336 [043f7723-8702-4b86-ad70-90a3422a20f9@group-3946EEB1E57C-LeaderElection71] INFO  server.RaftServerConfigKeys (ConfUtils.java:logGet(43)) - raft.server.watch.timeout.denomination = 1s (default)
2019-10-11 03:54:39,336 [043f7723-8702-4b86-ad70-90a3422a20f9@group-3946EEB1E57C-LeaderElection71] INFO  server.RaftServerConfigKeys (ConfUtils.java:logGet(43)) - raft.server.watch.element-limit = 65536 (default)
2019-10-11 03:54:39,337 [043f7723-8702-4b86-ad70-90a3422a20f9@group-3946EEB1E57C-LeaderElection71] INFO  server.RaftServerConfigKeys (ConfUtils.java:logGet(43)) - raft.server.log.appender.snapshot.chunk.size.max = 16MB (=16777216) (default)
2019-10-11 03:54:39,337 [043f7723-8702-4b86-ad70-90a3422a20f9@group-3946EEB1E57C-LeaderElection71] INFO  server.RaftServerConfigKeys (ConfUtils.java:logGet(43)) - raft.server.log.appender.buffer.byte-limit = 33554432 (custom)
2019-10-11 03:54:39,337 [043f7723-8702-4b86-ad70-90a3422a20f9@group-3946EEB1E57C-LeaderElection71] INFO  server.RaftServerConfigKeys (ConfUtils.java:logGet(43)) - raft.server.log.appender.buffer.element-limit = 1 (custom)
2019-10-11 03:54:39,338 [043f7723-8702-4b86-ad70-90a3422a20f9@group-3946EEB1E57C-LeaderElection71] INFO  grpc.GrpcConfigKeys$Server (ConfUtils.java:logGet(43)) - raft.grpc.server.leader.outstanding.appends.max = 128 (default)
2019-10-11 03:54:39,338 [043f7723-8702-4b86-ad70-90a3422a20f9@group-3946EEB1E57C-LeaderElection71] INFO  server.RaftServerConfigKeys (ConfUtils.java:logGet(43)) - raft.server.rpc.request.timeout = 3000ms (default)
2019-10-11 03:54:39,338 [043f7723-8702-4b86-ad70-90a3422a20f9@group-3946EEB1E57C-LeaderElection71] INFO  server.RaftServerConfigKeys (ConfUtils.java:logGet(43)) - raft.server.log.appender.install.snapshot.enabled = false (custom)
2019-10-11 03:54:39,338 [043f7723-8702-4b86-ad70-90a3422a20f9@group-3946EEB1E57C-LeaderElection71] INFO  server.RaftServerConfigKeys (ConfUtils.java:logGet(43)) - raft.server.log.appender.snapshot.chunk.size.max = 16MB (=16777216) (default)
2019-10-11 03:54:39,338 [043f7723-8702-4b86-ad70-90a3422a20f9@group-3946EEB1E57C-LeaderElection71] INFO  server.RaftServerConfigKeys (ConfUtils.java:logGet(43)) - raft.server.log.appender.buffer.byte-limit = 33554432 (custom)
2019-10-11 03:54:39,338 [043f7723-8702-4b86-ad70-90a3422a20f9@group-3946EEB1E57C-LeaderElection71] INFO  server.RaftServerConfigKeys (ConfUtils.java:logGet(43)) - raft.server.log.appender.buffer.element-limit = 1 (custom)
2019-10-11 03:54:39,338 [043f7723-8702-4b86-ad70-90a3422a20f9@group-3946EEB1E57C-LeaderElection71] INFO  grpc.GrpcConfigKeys$Server (ConfUtils.java:logGet(43)) - raft.grpc.server.leader.outstanding.appends.max = 128 (default)
2019-10-11 03:54:39,338 [043f7723-8702-4b86-ad70-90a3422a20f9@group-3946EEB1E57C-LeaderElection71] INFO  server.RaftServerConfigKeys (ConfUtils.java:logGet(43)) - raft.server.rpc.request.timeout = 3000ms (default)
2019-10-11 03:54:39,339 [043f7723-8702-4b86-ad70-90a3422a20f9@group-3946EEB1E57C-LeaderElection71] INFO  server.RaftServerConfigKeys (ConfUtils.java:logGet(43)) - raft.server.log.appender.install.snapshot.enabled = false (custom)
2019-10-11 03:54:39,339 [043f7723-8702-4b86-ad70-90a3422a20f9@group-3946EEB1E57C-LeaderElection71] INFO  impl.RoleInfo (RoleInfo.java:updateAndGet(143)) - 043f7723-8702-4b86-ad70-90a3422a20f9: start LeaderState
2019-10-11 03:54:39,339 [043f7723-8702-4b86-ad70-90a3422a20f9@group-3946EEB1E57C-LeaderElection71] INFO  segmented.SegmentedRaftLogWorker (SegmentedRaftLogWorker.java:startLogSegment(385)) - 043f7723-8702-4b86-ad70-90a3422a20f9@group-3946EEB1E57C-SegmentedRaftLogWorker: Starting segment from index:0
2019-10-11 03:54:39,339 [043f7723-8702-4b86-ad70-90a3422a20f9@group-3946EEB1E57C-LeaderElection71] INFO  impl.RaftServerImpl (ServerState.java:setRaftConf(356)) - 043f7723-8702-4b86-ad70-90a3422a20f9@group-3946EEB1E57C: set configuration 0: [043f7723-8702-4b86-ad70-90a3422a20f9:192.168.151.96:33250, b2c6ba06-f117-420e-a800-58b6dcdee706:192.168.151.96:35872, 3a31073d-bde8-4fb6-83ae-5ae0804c27f7:192.168.151.96:33675], old=null at 0
2019-10-11 03:54:39,365 [grpc-default-executor-4] INFO  impl.RaftServerImpl (ServerState.java:setLeader(255)) - b2c6ba06-f117-420e-a800-58b6dcdee706@group-3946EEB1E57C: change Leader from null to 043f7723-8702-4b86-ad70-90a3422a20f9 at term 1 for appendEntries, leader elected after 5171ms
2019-10-11 03:54:39,367 [grpc-default-executor-4] INFO  impl.RaftServerImpl (ServerState.java:setLeader(255)) - 3a31073d-bde8-4fb6-83ae-5ae0804c27f7@group-3946EEB1E57C: change Leader from null to 043f7723-8702-4b86-ad70-90a3422a20f9 at term 1 for appendEntries, leader elected after 5174ms
2019-10-11 03:54:39,372 [grpc-default-executor-4] INFO  impl.RaftServerImpl (ServerState.java:setRaftConf(356)) - b2c6ba06-f117-420e-a800-58b6dcdee706@group-3946EEB1E57C: set configuration 0: [043f7723-8702-4b86-ad70-90a3422a20f9:192.168.151.96:33250, b2c6ba06-f117-420e-a800-58b6dcdee706:192.168.151.96:35872, 3a31073d-bde8-4fb6-83ae-5ae0804c27f7:192.168.151.96:33675], old=null at 0
2019-10-11 03:54:39,373 [grpc-default-executor-4] INFO  segmented.SegmentedRaftLogWorker (SegmentedRaftLogWorker.java:startLogSegment(385)) - b2c6ba06-f117-420e-a800-58b6dcdee706@group-3946EEB1E57C-SegmentedRaftLogWorker: Starting segment from index:0
2019-10-11 03:54:39,373 [grpc-default-executor-7] INFO  impl.RaftServerImpl (ServerState.java:setRaftConf(356)) - 3a31073d-bde8-4fb6-83ae-5ae0804c27f7@group-3946EEB1E57C: set configuration 0: [043f7723-8702-4b86-ad70-90a3422a20f9:192.168.151.96:33250, b2c6ba06-f117-420e-a800-58b6dcdee706:192.168.151.96:35872, 3a31073d-bde8-4fb6-83ae-5ae0804c27f7:192.168.151.96:33675], old=null at 0
2019-10-11 03:54:39,373 [grpc-default-executor-7] INFO  segmented.SegmentedRaftLogWorker (SegmentedRaftLogWorker.java:startLogSegment(385)) - 3a31073d-bde8-4fb6-83ae-5ae0804c27f7@group-3946EEB1E57C-SegmentedRaftLogWorker: Starting segment from index:0
2019-10-11 03:54:39,380 [043f7723-8702-4b86-ad70-90a3422a20f9@group-3946EEB1E57C-SegmentedRaftLogWorker] INFO  segmented.SegmentedRaftLogWorker (SegmentedRaftLogWorker.java:execute(574)) - 043f7723-8702-4b86-ad70-90a3422a20f9@group-3946EEB1E57C-SegmentedRaftLogWorker: created new log segment /workdir/hadoop-ozone/integration-test/target/test-dir/MiniOzoneClusterImpl-d05e7434-4910-4d2b-a3e8-e3c83698e793/datanode-0/data/ratis/ac748dac-1119-4ef3-b94a-3946eeb1e57c/current/log_inprogress_0
2019-10-11 03:54:39,413 [3a31073d-bde8-4fb6-83ae-5ae0804c27f7@group-3946EEB1E57C-SegmentedRaftLogWorker] INFO  segmented.SegmentedRaftLogWorker (SegmentedRaftLogWorker.java:execute(574)) - 3a31073d-bde8-4fb6-83ae-5ae0804c27f7@group-3946EEB1E57C-SegmentedRaftLogWorker: created new log segment /workdir/hadoop-ozone/integration-test/target/test-dir/MiniOzoneClusterImpl-d05e7434-4910-4d2b-a3e8-e3c83698e793/datanode-2/data/ratis/ac748dac-1119-4ef3-b94a-3946eeb1e57c/current/log_inprogress_0
2019-10-11 03:54:39,413 [b2c6ba06-f117-420e-a800-58b6dcdee706@group-3946EEB1E57C-SegmentedRaftLogWorker] INFO  segmented.SegmentedRaftLogWorker (SegmentedRaftLogWorker.java:execute(574)) - b2c6ba06-f117-420e-a800-58b6dcdee706@group-3946EEB1E57C-SegmentedRaftLogWorker: created new log segment /workdir/hadoop-ozone/integration-test/target/test-dir/MiniOzoneClusterImpl-d05e7434-4910-4d2b-a3e8-e3c83698e793/datanode-1/data/ratis/ac748dac-1119-4ef3-b94a-3946eeb1e57c/current/log_inprogress_0
2019-10-11 03:54:39,454 [Thread-2388] INFO  impl.FollowerState (FollowerState.java:run(108)) - e9c7be31-368a-4ef0-bc3f-0ff4808bfa4e@group-DF705E723771-FollowerState: change to CANDIDATE, lastRpcTime:5096ms, electionTimeout:5096ms
2019-10-11 03:54:39,454 [Thread-2388] INFO  impl.RoleInfo (RoleInfo.java:shutdownFollowerState(121)) - e9c7be31-368a-4ef0-bc3f-0ff4808bfa4e: shutdown FollowerState
2019-10-11 03:54:39,455 [Thread-2388] INFO  impl.RaftServerImpl (RaftServerImpl.java:setRole(170)) - e9c7be31-368a-4ef0-bc3f-0ff4808bfa4e@group-DF705E723771: changes role from  FOLLOWER to CANDIDATE at term 0 for changeToCandidate
2019-10-11 03:54:39,455 [Thread-2388] INFO  impl.RoleInfo (RoleInfo.java:updateAndGet(143)) - e9c7be31-368a-4ef0-bc3f-0ff4808bfa4e: start LeaderElection
2019-10-11 03:54:39,477 [e9c7be31-368a-4ef0-bc3f-0ff4808bfa4e@group-DF705E723771-LeaderElection72] INFO  impl.LeaderElection (LeaderElection.java:askForVotes(178)) - e9c7be31-368a-4ef0-bc3f-0ff4808bfa4e@group-DF705E723771-LeaderElection72: begin an election at term 1 for -1: [e9c7be31-368a-4ef0-bc3f-0ff4808bfa4e:192.168.151.96:46656], old=null
2019-10-11 03:54:39,478 [e9c7be31-368a-4ef0-bc3f-0ff4808bfa4e@group-DF705E723771-LeaderElection72] INFO  impl.RoleInfo (RoleInfo.java:shutdownLeaderElection(134)) - e9c7be31-368a-4ef0-bc3f-0ff4808bfa4e: shutdown LeaderElection
2019-10-11 03:54:39,478 [e9c7be31-368a-4ef0-bc3f-0ff4808bfa4e@group-DF705E723771-LeaderElection72] INFO  impl.RaftServerImpl (RaftServerImpl.java:setRole(170)) - e9c7be31-368a-4ef0-bc3f-0ff4808bfa4e@group-DF705E723771: changes role from CANDIDATE to LEADER at term 1 for changeToLeader
2019-10-11 03:54:39,478 [e9c7be31-368a-4ef0-bc3f-0ff4808bfa4e@group-DF705E723771-LeaderElection72] INFO  impl.RaftServerImpl (ServerState.java:setLeader(255)) - e9c7be31-368a-4ef0-bc3f-0ff4808bfa4e@group-DF705E723771: change Leader from null to e9c7be31-368a-4ef0-bc3f-0ff4808bfa4e at term 1 for becomeLeader, leader elected after 5184ms
2019-10-11 03:54:39,478 [e9c7be31-368a-4ef0-bc3f-0ff4808bfa4e@group-DF705E723771-LeaderElection72] INFO  server.RaftServerConfigKeys (ConfUtils.java:logGet(43)) - raft.server.staging.catchup.gap = 1000 (default)
2019-10-11 03:54:39,478 [e9c7be31-368a-4ef0-bc3f-0ff4808bfa4e@group-DF705E723771-LeaderElection72] INFO  server.RaftServerConfigKeys (ConfUtils.java:logGet(43)) - raft.server.rpc.sleep.time = 25ms (default)
2019-10-11 03:54:39,478 [e9c7be31-368a-4ef0-bc3f-0ff4808bfa4e@group-DF705E723771-LeaderElection72] INFO  server.RaftServerConfigKeys (ConfUtils.java:logGet(43)) - raft.server.write.element-limit = 4096 (default)
2019-10-11 03:54:39,479 [e9c7be31-368a-4ef0-bc3f-0ff4808bfa4e@group-DF705E723771-LeaderElection72] INFO  server.RaftServerConfigKeys (ConfUtils.java:logGet(43)) - raft.server.watch.timeout = 10s (default)
2019-10-11 03:54:39,479 [e9c7be31-368a-4ef0-bc3f-0ff4808bfa4e@group-DF705E723771-LeaderElection72] INFO  server.RaftServerConfigKeys (ConfUtils.java:logGet(43)) - raft.server.watch.timeout.denomination = 1s (default)
2019-10-11 03:54:39,479 [e9c7be31-368a-4ef0-bc3f-0ff4808bfa4e@group-DF705E723771-LeaderElection72] INFO  server.RaftServerConfigKeys (ConfUtils.java:logGet(43)) - raft.server.watch.element-limit = 65536 (default)
2019-10-11 03:54:39,481 [e9c7be31-368a-4ef0-bc3f-0ff4808bfa4e@group-DF705E723771-LeaderElection72] INFO  impl.RoleInfo (RoleInfo.java:updateAndGet(143)) - e9c7be31-368a-4ef0-bc3f-0ff4808bfa4e: start LeaderState
2019-10-11 03:54:39,481 [e9c7be31-368a-4ef0-bc3f-0ff4808bfa4e@group-DF705E723771-LeaderElection72] INFO  segmented.SegmentedRaftLogWorker (SegmentedRaftLogWorker.java:startLogSegment(385)) - e9c7be31-368a-4ef0-bc3f-0ff4808bfa4e@group-DF705E723771-SegmentedRaftLogWorker: Starting segment from index:0
2019-10-11 03:54:39,482 [e9c7be31-368a-4ef0-bc3f-0ff4808bfa4e@group-DF705E723771-LeaderElection72] INFO  impl.RaftServerImpl (ServerState.java:setRaftConf(356)) - e9c7be31-368a-4ef0-bc3f-0ff4808bfa4e@group-DF705E723771: set configuration 0: [e9c7be31-368a-4ef0-bc3f-0ff4808bfa4e:192.168.151.96:46656], old=null at 0
2019-10-11 03:54:39,515 [Thread-2394] INFO  impl.FollowerState (FollowerState.java:run(108)) - b50dc8d2-f1f5-4aea-9203-f8872e994f6c@group-DC0FA5793F39-FollowerState: change to CANDIDATE, lastRpcTime:5051ms, electionTimeout:5044ms
2019-10-11 03:54:39,515 [Thread-2394] INFO  impl.RoleInfo (RoleInfo.java:shutdownFollowerState(121)) - b50dc8d2-f1f5-4aea-9203-f8872e994f6c: shutdown FollowerState
2019-10-11 03:54:39,515 [Thread-2394] INFO  impl.RaftServerImpl (RaftServerImpl.java:setRole(170)) - b50dc8d2-f1f5-4aea-9203-f8872e994f6c@group-DC0FA5793F39: changes role from  FOLLOWER to CANDIDATE at term 0 for changeToCandidate
2019-10-11 03:54:39,515 [Thread-2394] INFO  impl.RoleInfo (RoleInfo.java:updateAndGet(143)) - b50dc8d2-f1f5-4aea-9203-f8872e994f6c: start LeaderElection
2019-10-11 03:54:39,528 [e9c7be31-368a-4ef0-bc3f-0ff4808bfa4e@group-DF705E723771-SegmentedRaftLogWorker] INFO  segmented.SegmentedRaftLogWorker (SegmentedRaftLogWorker.java:execute(574)) - e9c7be31-368a-4ef0-bc3f-0ff4808bfa4e@group-DF705E723771-SegmentedRaftLogWorker: created new log segment /workdir/hadoop-ozone/integration-test/target/test-dir/MiniOzoneClusterImpl-d05e7434-4910-4d2b-a3e8-e3c83698e793/datanode-4/data/ratis/b2bc24fc-30c0-4425-9d3c-df705e723771/current/log_inprogress_0
2019-10-11 03:54:39,528 [b50dc8d2-f1f5-4aea-9203-f8872e994f6c@group-DC0FA5793F39-LeaderElection73] INFO  impl.LeaderElection (LeaderElection.java:askForVotes(178)) - b50dc8d2-f1f5-4aea-9203-f8872e994f6c@group-DC0FA5793F39-LeaderElection73: begin an election at term 1 for -1: [b50dc8d2-f1f5-4aea-9203-f8872e994f6c:192.168.151.96:34956], old=null
2019-10-11 03:54:39,528 [b50dc8d2-f1f5-4aea-9203-f8872e994f6c@group-DC0FA5793F39-LeaderElection73] INFO  impl.RoleInfo (RoleInfo.java:shutdownLeaderElection(134)) - b50dc8d2-f1f5-4aea-9203-f8872e994f6c: shutdown LeaderElection
2019-10-11 03:54:39,529 [b50dc8d2-f1f5-4aea-9203-f8872e994f6c@group-DC0FA5793F39-LeaderElection73] INFO  impl.RaftServerImpl (RaftServerImpl.java:setRole(170)) - b50dc8d2-f1f5-4aea-9203-f8872e994f6c@group-DC0FA5793F39: changes role from CANDIDATE to LEADER at term 1 for changeToLeader
2019-10-11 03:54:39,529 [b50dc8d2-f1f5-4aea-9203-f8872e994f6c@group-DC0FA5793F39-LeaderElection73] INFO  impl.RaftServerImpl (ServerState.java:setLeader(255)) - b50dc8d2-f1f5-4aea-9203-f8872e994f6c@group-DC0FA5793F39: change Leader from null to b50dc8d2-f1f5-4aea-9203-f8872e994f6c at term 1 for becomeLeader, leader elected after 5071ms
2019-10-11 03:54:39,529 [b50dc8d2-f1f5-4aea-9203-f8872e994f6c@group-DC0FA5793F39-LeaderElection73] INFO  server.RaftServerConfigKeys (ConfUtils.java:logGet(43)) - raft.server.staging.catchup.gap = 1000 (default)
2019-10-11 03:54:39,529 [b50dc8d2-f1f5-4aea-9203-f8872e994f6c@group-DC0FA5793F39-LeaderElection73] INFO  server.RaftServerConfigKeys (ConfUtils.java:logGet(43)) - raft.server.rpc.sleep.time = 25ms (default)
2019-10-11 03:54:39,529 [b50dc8d2-f1f5-4aea-9203-f8872e994f6c@group-DC0FA5793F39-LeaderElection73] INFO  server.RaftServerConfigKeys (ConfUtils.java:logGet(43)) - raft.server.write.element-limit = 4096 (default)
2019-10-11 03:54:39,529 [b50dc8d2-f1f5-4aea-9203-f8872e994f6c@group-DC0FA5793F39-LeaderElection73] INFO  server.RaftServerConfigKeys (ConfUtils.java:logGet(43)) - raft.server.watch.timeout = 10s (default)
2019-10-11 03:54:39,529 [b50dc8d2-f1f5-4aea-9203-f8872e994f6c@group-DC0FA5793F39-LeaderElection73] INFO  server.RaftServerConfigKeys (ConfUtils.java:logGet(43)) - raft.server.watch.timeout.denomination = 1s (default)
2019-10-11 03:54:39,530 [b50dc8d2-f1f5-4aea-9203-f8872e994f6c@group-DC0FA5793F39-LeaderElection73] INFO  server.RaftServerConfigKeys (ConfUtils.java:logGet(43)) - raft.server.watch.element-limit = 65536 (default)
2019-10-11 03:54:39,531 [b50dc8d2-f1f5-4aea-9203-f8872e994f6c@group-DC0FA5793F39-LeaderElection73] INFO  impl.RoleInfo (RoleInfo.java:updateAndGet(143)) - b50dc8d2-f1f5-4aea-9203-f8872e994f6c: start LeaderState
2019-10-11 03:54:39,532 [b50dc8d2-f1f5-4aea-9203-f8872e994f6c@group-DC0FA5793F39-LeaderElection73] INFO  segmented.SegmentedRaftLogWorker (SegmentedRaftLogWorker.java:startLogSegment(385)) - b50dc8d2-f1f5-4aea-9203-f8872e994f6c@group-DC0FA5793F39-SegmentedRaftLogWorker: Starting segment from index:0
2019-10-11 03:54:39,532 [b50dc8d2-f1f5-4aea-9203-f8872e994f6c@group-DC0FA5793F39-LeaderElection73] INFO  impl.RaftServerImpl (ServerState.java:setRaftConf(356)) - b50dc8d2-f1f5-4aea-9203-f8872e994f6c@group-DC0FA5793F39: set configuration 0: [b50dc8d2-f1f5-4aea-9203-f8872e994f6c:192.168.151.96:34956], old=null at 0
2019-10-11 03:54:39,573 [b50dc8d2-f1f5-4aea-9203-f8872e994f6c@group-DC0FA5793F39-SegmentedRaftLogWorker] INFO  segmented.SegmentedRaftLogWorker (SegmentedRaftLogWorker.java:execute(574)) - b50dc8d2-f1f5-4aea-9203-f8872e994f6c@group-DC0FA5793F39-SegmentedRaftLogWorker: created new log segment /workdir/hadoop-ozone/integration-test/target/test-dir/MiniOzoneClusterImpl-d05e7434-4910-4d2b-a3e8-e3c83698e793/datanode-6/data/ratis/c0468d2d-caa4-4554-bd28-dc0fa5793f39/current/log_inprogress_0
2019-10-11 03:54:39,589 [Thread-2391] INFO  impl.FollowerState (FollowerState.java:run(108)) - b342b30f-928a-4d9f-b427-be6ee5627e05@group-BD1198BE4211-FollowerState: change to CANDIDATE, lastRpcTime:5173ms, electionTimeout:5173ms
2019-10-11 03:54:39,589 [Thread-2391] INFO  impl.RoleInfo (RoleInfo.java:shutdownFollowerState(121)) - b342b30f-928a-4d9f-b427-be6ee5627e05: shutdown FollowerState
2019-10-11 03:54:39,589 [Thread-2391] INFO  impl.RaftServerImpl (RaftServerImpl.java:setRole(170)) - b342b30f-928a-4d9f-b427-be6ee5627e05@group-BD1198BE4211: changes role from  FOLLOWER to CANDIDATE at term 0 for changeToCandidate
2019-10-11 03:54:39,589 [Thread-2391] INFO  impl.RoleInfo (RoleInfo.java:updateAndGet(143)) - b342b30f-928a-4d9f-b427-be6ee5627e05: start LeaderElection
2019-10-11 03:54:39,600 [b342b30f-928a-4d9f-b427-be6ee5627e05@group-BD1198BE4211-LeaderElection74] INFO  impl.LeaderElection (LeaderElection.java:askForVotes(178)) - b342b30f-928a-4d9f-b427-be6ee5627e05@group-BD1198BE4211-LeaderElection74: begin an election at term 1 for -1: [b342b30f-928a-4d9f-b427-be6ee5627e05:192.168.151.96:42361], old=null
2019-10-11 03:54:39,600 [b342b30f-928a-4d9f-b427-be6ee5627e05@group-BD1198BE4211-LeaderElection74] INFO  impl.RoleInfo (RoleInfo.java:shutdownLeaderElection(134)) - b342b30f-928a-4d9f-b427-be6ee5627e05: shutdown LeaderElection
2019-10-11 03:54:39,600 [b342b30f-928a-4d9f-b427-be6ee5627e05@group-BD1198BE4211-LeaderElection74] INFO  impl.RaftServerImpl (RaftServerImpl.java:setRole(170)) - b342b30f-928a-4d9f-b427-be6ee5627e05@group-BD1198BE4211: changes role from CANDIDATE to LEADER at term 1 for changeToLeader
2019-10-11 03:54:39,600 [b342b30f-928a-4d9f-b427-be6ee5627e05@group-BD1198BE4211-LeaderElection74] INFO  impl.RaftServerImpl (ServerState.java:setLeader(255)) - b342b30f-928a-4d9f-b427-be6ee5627e05@group-BD1198BE4211: change Leader from null to b342b30f-928a-4d9f-b427-be6ee5627e05 at term 1 for becomeLeader, leader elected after 5192ms
2019-10-11 03:54:39,601 [b342b30f-928a-4d9f-b427-be6ee5627e05@group-BD1198BE4211-LeaderElection74] INFO  server.RaftServerConfigKeys (ConfUtils.java:logGet(43)) - raft.server.staging.catchup.gap = 1000 (default)
2019-10-11 03:54:39,601 [b342b30f-928a-4d9f-b427-be6ee5627e05@group-BD1198BE4211-LeaderElection74] INFO  server.RaftServerConfigKeys (ConfUtils.java:logGet(43)) - raft.server.rpc.sleep.time = 25ms (default)
2019-10-11 03:54:39,601 [b342b30f-928a-4d9f-b427-be6ee5627e05@group-BD1198BE4211-LeaderElection74] INFO  server.RaftServerConfigKeys (ConfUtils.java:logGet(43)) - raft.server.write.element-limit = 4096 (default)
2019-10-11 03:54:39,601 [b342b30f-928a-4d9f-b427-be6ee5627e05@group-BD1198BE4211-LeaderElection74] INFO  server.RaftServerConfigKeys (ConfUtils.java:logGet(43)) - raft.server.watch.timeout = 10s (default)
2019-10-11 03:54:39,601 [b342b30f-928a-4d9f-b427-be6ee5627e05@group-BD1198BE4211-LeaderElection74] INFO  server.RaftServerConfigKeys (ConfUtils.java:logGet(43)) - raft.server.watch.timeout.denomination = 1s (default)
2019-10-11 03:54:39,601 [b342b30f-928a-4d9f-b427-be6ee5627e05@group-BD1198BE4211-LeaderElection74] INFO  server.RaftServerConfigKeys (ConfUtils.java:logGet(43)) - raft.server.watch.element-limit = 65536 (default)
2019-10-11 03:54:39,602 [Thread-2402] INFO  impl.FollowerState (FollowerState.java:run(108)) - b50dc8d2-f1f5-4aea-9203-f8872e994f6c@group-F1795FD6A276-FollowerState: change to CANDIDATE, lastRpcTime:5029ms, electionTimeout:5029ms
2019-10-11 03:54:39,602 [Thread-2402] INFO  impl.RoleInfo (RoleInfo.java:shutdownFollowerState(121)) - b50dc8d2-f1f5-4aea-9203-f8872e994f6c: shutdown FollowerState
2019-10-11 03:54:39,603 [Thread-2402] INFO  impl.RaftServerImpl (RaftServerImpl.java:setRole(170)) - b50dc8d2-f1f5-4aea-9203-f8872e994f6c@group-F1795FD6A276: changes role from  FOLLOWER to CANDIDATE at term 0 for changeToCandidate
2019-10-11 03:54:39,603 [Thread-2402] INFO  impl.RoleInfo (RoleInfo.java:updateAndGet(143)) - b50dc8d2-f1f5-4aea-9203-f8872e994f6c: start LeaderElection
2019-10-11 03:54:39,603 [b342b30f-928a-4d9f-b427-be6ee5627e05@group-BD1198BE4211-LeaderElection74] INFO  impl.RoleInfo (RoleInfo.java:updateAndGet(143)) - b342b30f-928a-4d9f-b427-be6ee5627e05: start LeaderState
2019-10-11 03:54:39,610 [b342b30f-928a-4d9f-b427-be6ee5627e05@group-BD1198BE4211-LeaderElection74] INFO  segmented.SegmentedRaftLogWorker (SegmentedRaftLogWorker.java:startLogSegment(385)) - b342b30f-928a-4d9f-b427-be6ee5627e05@group-BD1198BE4211-SegmentedRaftLogWorker: Starting segment from index:0
2019-10-11 03:54:39,611 [b342b30f-928a-4d9f-b427-be6ee5627e05@group-BD1198BE4211-LeaderElection74] INFO  impl.RaftServerImpl (ServerState.java:setRaftConf(356)) - b342b30f-928a-4d9f-b427-be6ee5627e05@group-BD1198BE4211: set configuration 0: [b342b30f-928a-4d9f-b427-be6ee5627e05:192.168.151.96:42361], old=null at 0
2019-10-11 03:54:39,623 [b50dc8d2-f1f5-4aea-9203-f8872e994f6c@group-F1795FD6A276-LeaderElection75] INFO  impl.LeaderElection (LeaderElection.java:askForVotes(178)) - b50dc8d2-f1f5-4aea-9203-f8872e994f6c@group-F1795FD6A276-LeaderElection75: begin an election at term 1 for -1: [b342b30f-928a-4d9f-b427-be6ee5627e05:192.168.151.96:42361, b50dc8d2-f1f5-4aea-9203-f8872e994f6c:192.168.151.96:34956, e9c7be31-368a-4ef0-bc3f-0ff4808bfa4e:192.168.151.96:46656], old=null
2019-10-11 03:54:39,650 [grpc-default-executor-7] INFO  impl.RaftServerImpl (RaftServerImpl.java:setRole(170)) - e9c7be31-368a-4ef0-bc3f-0ff4808bfa4e@group-F1795FD6A276: changes role from  FOLLOWER to FOLLOWER at term 1 for recognizeCandidate:b50dc8d2-f1f5-4aea-9203-f8872e994f6c
2019-10-11 03:54:39,652 [grpc-default-executor-4] INFO  impl.RaftServerImpl (RaftServerImpl.java:setRole(170)) - b342b30f-928a-4d9f-b427-be6ee5627e05@group-F1795FD6A276: changes role from  FOLLOWER to FOLLOWER at term 1 for recognizeCandidate:b50dc8d2-f1f5-4aea-9203-f8872e994f6c
2019-10-11 03:54:39,653 [grpc-default-executor-7] INFO  impl.RoleInfo (RoleInfo.java:shutdownFollowerState(121)) - e9c7be31-368a-4ef0-bc3f-0ff4808bfa4e: shutdown FollowerState
2019-10-11 03:54:39,653 [b342b30f-928a-4d9f-b427-be6ee5627e05@group-BD1198BE4211-SegmentedRaftLogWorker] INFO  segmented.SegmentedRaftLogWorker (SegmentedRaftLogWorker.java:execute(574)) - b342b30f-928a-4d9f-b427-be6ee5627e05@group-BD1198BE4211-SegmentedRaftLogWorker: created new log segment /workdir/hadoop-ozone/integration-test/target/test-dir/MiniOzoneClusterImpl-d05e7434-4910-4d2b-a3e8-e3c83698e793/datanode-5/data/ratis/0e4c0bd2-296c-4822-989c-bd1198be4211/current/log_inprogress_0
2019-10-11 03:54:39,653 [grpc-default-executor-4] INFO  impl.RoleInfo (RoleInfo.java:shutdownFollowerState(121)) - b342b30f-928a-4d9f-b427-be6ee5627e05: shutdown FollowerState
2019-10-11 03:54:39,653 [Thread-2403] INFO  impl.FollowerState (FollowerState.java:run(117)) - e9c7be31-368a-4ef0-bc3f-0ff4808bfa4e@group-F1795FD6A276-FollowerState was interrupted: java.lang.InterruptedException: sleep interrupted
2019-10-11 03:54:39,653 [grpc-default-executor-7] INFO  impl.RoleInfo (RoleInfo.java:updateAndGet(143)) - e9c7be31-368a-4ef0-bc3f-0ff4808bfa4e: start FollowerState
2019-10-11 03:54:39,653 [Thread-2404] INFO  impl.FollowerState (FollowerState.java:run(117)) - b342b30f-928a-4d9f-b427-be6ee5627e05@group-F1795FD6A276-FollowerState was interrupted: java.lang.InterruptedException: sleep interrupted
2019-10-11 03:54:39,653 [grpc-default-executor-4] INFO  impl.RoleInfo (RoleInfo.java:updateAndGet(143)) - b342b30f-928a-4d9f-b427-be6ee5627e05: start FollowerState
2019-10-11 03:54:39,669 [b50dc8d2-f1f5-4aea-9203-f8872e994f6c@group-F1795FD6A276-LeaderElection75] INFO  impl.LeaderElection (LeaderElection.java:logAndReturn(56)) - b50dc8d2-f1f5-4aea-9203-f8872e994f6c@group-F1795FD6A276-LeaderElection75: Election PASSED; received 1 response(s) [b50dc8d2-f1f5-4aea-9203-f8872e994f6c<-b342b30f-928a-4d9f-b427-be6ee5627e05#0:OK-t1] and 0 exception(s); b50dc8d2-f1f5-4aea-9203-f8872e994f6c@group-F1795FD6A276:t1, leader=null, voted=b50dc8d2-f1f5-4aea-9203-f8872e994f6c, raftlog=b50dc8d2-f1f5-4aea-9203-f8872e994f6c@group-F1795FD6A276-SegmentedRaftLog:OPENED:c-1,f-1,i0, conf=-1: [b342b30f-928a-4d9f-b427-be6ee5627e05:192.168.151.96:42361, b50dc8d2-f1f5-4aea-9203-f8872e994f6c:192.168.151.96:34956, e9c7be31-368a-4ef0-bc3f-0ff4808bfa4e:192.168.151.96:46656], old=null
2019-10-11 03:54:39,669 [b50dc8d2-f1f5-4aea-9203-f8872e994f6c@group-F1795FD6A276-LeaderElection75] INFO  impl.RoleInfo (RoleInfo.java:shutdownLeaderElection(134)) - b50dc8d2-f1f5-4aea-9203-f8872e994f6c: shutdown LeaderElection
2019-10-11 03:54:39,669 [b50dc8d2-f1f5-4aea-9203-f8872e994f6c@group-F1795FD6A276-LeaderElection75] INFO  impl.RaftServerImpl (RaftServerImpl.java:setRole(170)) - b50dc8d2-f1f5-4aea-9203-f8872e994f6c@group-F1795FD6A276: changes role from CANDIDATE to LEADER at term 1 for changeToLeader
2019-10-11 03:54:39,669 [b50dc8d2-f1f5-4aea-9203-f8872e994f6c@group-F1795FD6A276-LeaderElection75] INFO  impl.RaftServerImpl (ServerState.java:setLeader(255)) - b50dc8d2-f1f5-4aea-9203-f8872e994f6c@group-F1795FD6A276: change Leader from null to b50dc8d2-f1f5-4aea-9203-f8872e994f6c at term 1 for becomeLeader, leader elected after 5105ms
2019-10-11 03:54:39,669 [b50dc8d2-f1f5-4aea-9203-f8872e994f6c@group-F1795FD6A276-LeaderElection75] INFO  server.RaftServerConfigKeys (ConfUtils.java:logGet(43)) - raft.server.staging.catchup.gap = 1000 (default)
2019-10-11 03:54:39,669 [b50dc8d2-f1f5-4aea-9203-f8872e994f6c@group-F1795FD6A276-LeaderElection75] INFO  server.RaftServerConfigKeys (ConfUtils.java:logGet(43)) - raft.server.rpc.sleep.time = 25ms (default)
2019-10-11 03:54:39,669 [b50dc8d2-f1f5-4aea-9203-f8872e994f6c@group-F1795FD6A276-LeaderElection75] INFO  server.RaftServerConfigKeys (ConfUtils.java:logGet(43)) - raft.server.write.element-limit = 4096 (default)
2019-10-11 03:54:39,670 [b50dc8d2-f1f5-4aea-9203-f8872e994f6c@group-F1795FD6A276-LeaderElection75] INFO  server.RaftServerConfigKeys (ConfUtils.java:logGet(43)) - raft.server.watch.timeout = 10s (default)
2019-10-11 03:54:39,670 [b50dc8d2-f1f5-4aea-9203-f8872e994f6c@group-F1795FD6A276-LeaderElection75] INFO  server.RaftServerConfigKeys (ConfUtils.java:logGet(43)) - raft.server.watch.timeout.denomination = 1s (default)
2019-10-11 03:54:39,670 [b50dc8d2-f1f5-4aea-9203-f8872e994f6c@group-F1795FD6A276-LeaderElection75] INFO  server.RaftServerConfigKeys (ConfUtils.java:logGet(43)) - raft.server.watch.element-limit = 65536 (default)
2019-10-11 03:54:39,671 [b50dc8d2-f1f5-4aea-9203-f8872e994f6c@group-F1795FD6A276-LeaderElection75] INFO  server.RaftServerConfigKeys (ConfUtils.java:logGet(43)) - raft.server.log.appender.snapshot.chunk.size.max = 16MB (=16777216) (default)
2019-10-11 03:54:39,672 [b50dc8d2-f1f5-4aea-9203-f8872e994f6c@group-F1795FD6A276-LeaderElection75] INFO  server.RaftServerConfigKeys (ConfUtils.java:logGet(43)) - raft.server.log.appender.buffer.byte-limit = 33554432 (custom)
2019-10-11 03:54:39,672 [b50dc8d2-f1f5-4aea-9203-f8872e994f6c@group-F1795FD6A276-LeaderElection75] INFO  server.RaftServerConfigKeys (ConfUtils.java:logGet(43)) - raft.server.log.appender.buffer.element-limit = 1 (custom)
2019-10-11 03:54:39,672 [b50dc8d2-f1f5-4aea-9203-f8872e994f6c@group-F1795FD6A276-LeaderElection75] INFO  grpc.GrpcConfigKeys$Server (ConfUtils.java:logGet(43)) - raft.grpc.server.leader.outstanding.appends.max = 128 (default)
2019-10-11 03:54:39,672 [b50dc8d2-f1f5-4aea-9203-f8872e994f6c@group-F1795FD6A276-LeaderElection75] INFO  server.RaftServerConfigKeys (ConfUtils.java:logGet(43)) - raft.server.rpc.request.timeout = 3000ms (default)
2019-10-11 03:54:39,672 [b50dc8d2-f1f5-4aea-9203-f8872e994f6c@group-F1795FD6A276-LeaderElection75] INFO  server.RaftServerConfigKeys (ConfUtils.java:logGet(43)) - raft.server.log.appender.install.snapshot.enabled = false (custom)
2019-10-11 03:54:39,672 [b50dc8d2-f1f5-4aea-9203-f8872e994f6c@group-F1795FD6A276-LeaderElection75] INFO  server.RaftServerConfigKeys (ConfUtils.java:logGet(43)) - raft.server.log.appender.snapshot.chunk.size.max = 16MB (=16777216) (default)
2019-10-11 03:54:39,673 [b50dc8d2-f1f5-4aea-9203-f8872e994f6c@group-F1795FD6A276-LeaderElection75] INFO  server.RaftServerConfigKeys (ConfUtils.java:logGet(43)) - raft.server.log.appender.buffer.byte-limit = 33554432 (custom)
2019-10-11 03:54:39,673 [b50dc8d2-f1f5-4aea-9203-f8872e994f6c@group-F1795FD6A276-LeaderElection75] INFO  server.RaftServerConfigKeys (ConfUtils.java:logGet(43)) - raft.server.log.appender.buffer.element-limit = 1 (custom)
2019-10-11 03:54:39,673 [b50dc8d2-f1f5-4aea-9203-f8872e994f6c@group-F1795FD6A276-LeaderElection75] INFO  grpc.GrpcConfigKeys$Server (ConfUtils.java:logGet(43)) - raft.grpc.server.leader.outstanding.appends.max = 128 (default)
2019-10-11 03:54:39,673 [b50dc8d2-f1f5-4aea-9203-f8872e994f6c@group-F1795FD6A276-LeaderElection75] INFO  server.RaftServerConfigKeys (ConfUtils.java:logGet(43)) - raft.server.rpc.request.timeout = 3000ms (default)
2019-10-11 03:54:39,673 [b50dc8d2-f1f5-4aea-9203-f8872e994f6c@group-F1795FD6A276-LeaderElection75] INFO  server.RaftServerConfigKeys (ConfUtils.java:logGet(43)) - raft.server.log.appender.install.snapshot.enabled = false (custom)
2019-10-11 03:54:39,673 [b50dc8d2-f1f5-4aea-9203-f8872e994f6c@group-F1795FD6A276-LeaderElection75] INFO  impl.RoleInfo (RoleInfo.java:updateAndGet(143)) - b50dc8d2-f1f5-4aea-9203-f8872e994f6c: start LeaderState
2019-10-11 03:54:39,674 [b50dc8d2-f1f5-4aea-9203-f8872e994f6c@group-F1795FD6A276-LeaderElection75] INFO  segmented.SegmentedRaftLogWorker (SegmentedRaftLogWorker.java:startLogSegment(385)) - b50dc8d2-f1f5-4aea-9203-f8872e994f6c@group-F1795FD6A276-SegmentedRaftLogWorker: Starting segment from index:0
2019-10-11 03:54:39,674 [b50dc8d2-f1f5-4aea-9203-f8872e994f6c@group-F1795FD6A276-LeaderElection75] INFO  impl.RaftServerImpl (ServerState.java:setRaftConf(356)) - b50dc8d2-f1f5-4aea-9203-f8872e994f6c@group-F1795FD6A276: set configuration 0: [b342b30f-928a-4d9f-b427-be6ee5627e05:192.168.151.96:42361, b50dc8d2-f1f5-4aea-9203-f8872e994f6c:192.168.151.96:34956, e9c7be31-368a-4ef0-bc3f-0ff4808bfa4e:192.168.151.96:46656], old=null at 0
2019-10-11 03:54:39,702 [grpc-default-executor-4] INFO  impl.RaftServerImpl (ServerState.java:setLeader(255)) - e9c7be31-368a-4ef0-bc3f-0ff4808bfa4e@group-F1795FD6A276: change Leader from null to b50dc8d2-f1f5-4aea-9203-f8872e994f6c at term 1 for appendEntries, leader elected after 5138ms
2019-10-11 03:54:39,705 [Thread-2397] INFO  impl.FollowerState (FollowerState.java:run(108)) - fbde125c-9853-44e2-bb22-16aafde06b70@group-C27FD3785063-FollowerState: change to CANDIDATE, lastRpcTime:5196ms, electionTimeout:5182ms
2019-10-11 03:54:39,706 [Thread-2397] INFO  impl.RoleInfo (RoleInfo.java:shutdownFollowerState(121)) - fbde125c-9853-44e2-bb22-16aafde06b70: shutdown FollowerState
2019-10-11 03:54:39,706 [Thread-2397] INFO  impl.RaftServerImpl (RaftServerImpl.java:setRole(170)) - fbde125c-9853-44e2-bb22-16aafde06b70@group-C27FD3785063: changes role from  FOLLOWER to CANDIDATE at term 0 for changeToCandidate
2019-10-11 03:54:39,709 [grpc-default-executor-7] INFO  impl.RaftServerImpl (ServerState.java:setLeader(255)) - b342b30f-928a-4d9f-b427-be6ee5627e05@group-F1795FD6A276: change Leader from null to b50dc8d2-f1f5-4aea-9203-f8872e994f6c at term 1 for appendEntries, leader elected after 5145ms
2019-10-11 03:54:39,709 [Thread-2397] INFO  impl.RoleInfo (RoleInfo.java:updateAndGet(143)) - fbde125c-9853-44e2-bb22-16aafde06b70: start LeaderElection
2019-10-11 03:54:39,716 [grpc-default-executor-7] INFO  impl.RaftServerImpl (ServerState.java:setRaftConf(356)) - e9c7be31-368a-4ef0-bc3f-0ff4808bfa4e@group-F1795FD6A276: set configuration 0: [b342b30f-928a-4d9f-b427-be6ee5627e05:192.168.151.96:42361, b50dc8d2-f1f5-4aea-9203-f8872e994f6c:192.168.151.96:34956, e9c7be31-368a-4ef0-bc3f-0ff4808bfa4e:192.168.151.96:46656], old=null at 0
2019-10-11 03:54:39,717 [grpc-default-executor-7] INFO  segmented.SegmentedRaftLogWorker (SegmentedRaftLogWorker.java:startLogSegment(385)) - e9c7be31-368a-4ef0-bc3f-0ff4808bfa4e@group-F1795FD6A276-SegmentedRaftLogWorker: Starting segment from index:0
2019-10-11 03:54:39,717 [grpc-default-executor-4] INFO  impl.RaftServerImpl (ServerState.java:setRaftConf(356)) - b342b30f-928a-4d9f-b427-be6ee5627e05@group-F1795FD6A276: set configuration 0: [b342b30f-928a-4d9f-b427-be6ee5627e05:192.168.151.96:42361, b50dc8d2-f1f5-4aea-9203-f8872e994f6c:192.168.151.96:34956, e9c7be31-368a-4ef0-bc3f-0ff4808bfa4e:192.168.151.96:46656], old=null at 0
2019-10-11 03:54:39,717 [grpc-default-executor-4] INFO  segmented.SegmentedRaftLogWorker (SegmentedRaftLogWorker.java:startLogSegment(385)) - b342b30f-928a-4d9f-b427-be6ee5627e05@group-F1795FD6A276-SegmentedRaftLogWorker: Starting segment from index:0
2019-10-11 03:54:39,723 [b50dc8d2-f1f5-4aea-9203-f8872e994f6c@group-F1795FD6A276-SegmentedRaftLogWorker] INFO  segmented.SegmentedRaftLogWorker (SegmentedRaftLogWorker.java:execute(574)) - b50dc8d2-f1f5-4aea-9203-f8872e994f6c@group-F1795FD6A276-SegmentedRaftLogWorker: created new log segment /workdir/hadoop-ozone/integration-test/target/test-dir/MiniOzoneClusterImpl-d05e7434-4910-4d2b-a3e8-e3c83698e793/datanode-6/data/ratis/384475d7-5401-4c65-977f-f1795fd6a276/current/log_inprogress_0
2019-10-11 03:54:39,723 [fbde125c-9853-44e2-bb22-16aafde06b70@group-C27FD3785063-LeaderElection76] INFO  impl.LeaderElection (LeaderElection.java:askForVotes(178)) - fbde125c-9853-44e2-bb22-16aafde06b70@group-C27FD3785063-LeaderElection76: begin an election at term 1 for -1: [fbde125c-9853-44e2-bb22-16aafde06b70:192.168.151.96:45281], old=null
2019-10-11 03:54:39,723 [fbde125c-9853-44e2-bb22-16aafde06b70@group-C27FD3785063-LeaderElection76] INFO  impl.RoleInfo (RoleInfo.java:shutdownLeaderElection(134)) - fbde125c-9853-44e2-bb22-16aafde06b70: shutdown LeaderElection
2019-10-11 03:54:39,723 [fbde125c-9853-44e2-bb22-16aafde06b70@group-C27FD3785063-LeaderElection76] INFO  impl.RaftServerImpl (RaftServerImpl.java:setRole(170)) - fbde125c-9853-44e2-bb22-16aafde06b70@group-C27FD3785063: changes role from CANDIDATE to LEADER at term 1 for changeToLeader
2019-10-11 03:54:39,723 [fbde125c-9853-44e2-bb22-16aafde06b70@group-C27FD3785063-LeaderElection76] INFO  impl.RaftServerImpl (ServerState.java:setLeader(255)) - fbde125c-9853-44e2-bb22-16aafde06b70@group-C27FD3785063: change Leader from null to fbde125c-9853-44e2-bb22-16aafde06b70 at term 1 for becomeLeader, leader elected after 5220ms
2019-10-11 03:54:39,723 [fbde125c-9853-44e2-bb22-16aafde06b70@group-C27FD3785063-LeaderElection76] INFO  server.RaftServerConfigKeys (ConfUtils.java:logGet(43)) - raft.server.staging.catchup.gap = 1000 (default)
2019-10-11 03:54:39,723 [fbde125c-9853-44e2-bb22-16aafde06b70@group-C27FD3785063-LeaderElection76] INFO  server.RaftServerConfigKeys (ConfUtils.java:logGet(43)) - raft.server.rpc.sleep.time = 25ms (default)
2019-10-11 03:54:39,723 [fbde125c-9853-44e2-bb22-16aafde06b70@group-C27FD3785063-LeaderElection76] INFO  server.RaftServerConfigKeys (ConfUtils.java:logGet(43)) - raft.server.write.element-limit = 4096 (default)
2019-10-11 03:54:39,724 [fbde125c-9853-44e2-bb22-16aafde06b70@group-C27FD3785063-LeaderElection76] INFO  server.RaftServerConfigKeys (ConfUtils.java:logGet(43)) - raft.server.watch.timeout = 10s (default)
2019-10-11 03:54:39,724 [fbde125c-9853-44e2-bb22-16aafde06b70@group-C27FD3785063-LeaderElection76] INFO  server.RaftServerConfigKeys (ConfUtils.java:logGet(43)) - raft.server.watch.timeout.denomination = 1s (default)
2019-10-11 03:54:39,724 [fbde125c-9853-44e2-bb22-16aafde06b70@group-C27FD3785063-LeaderElection76] INFO  server.RaftServerConfigKeys (ConfUtils.java:logGet(43)) - raft.server.watch.element-limit = 65536 (default)
2019-10-11 03:54:39,725 [fbde125c-9853-44e2-bb22-16aafde06b70@group-C27FD3785063-LeaderElection76] INFO  impl.RoleInfo (RoleInfo.java:updateAndGet(143)) - fbde125c-9853-44e2-bb22-16aafde06b70: start LeaderState
2019-10-11 03:54:39,726 [fbde125c-9853-44e2-bb22-16aafde06b70@group-C27FD3785063-LeaderElection76] INFO  segmented.SegmentedRaftLogWorker (SegmentedRaftLogWorker.java:startLogSegment(385)) - fbde125c-9853-44e2-bb22-16aafde06b70@group-C27FD3785063-SegmentedRaftLogWorker: Starting segment from index:0
2019-10-11 03:54:39,726 [fbde125c-9853-44e2-bb22-16aafde06b70@group-C27FD3785063-LeaderElection76] INFO  impl.RaftServerImpl (ServerState.java:setRaftConf(356)) - fbde125c-9853-44e2-bb22-16aafde06b70@group-C27FD3785063: set configuration 0: [fbde125c-9853-44e2-bb22-16aafde06b70:192.168.151.96:45281], old=null at 0
2019-10-11 03:54:39,759 [fbde125c-9853-44e2-bb22-16aafde06b70@group-C27FD3785063-SegmentedRaftLogWorker] INFO  segmented.SegmentedRaftLogWorker (SegmentedRaftLogWorker.java:execute(574)) - fbde125c-9853-44e2-bb22-16aafde06b70@group-C27FD3785063-SegmentedRaftLogWorker: created new log segment /workdir/hadoop-ozone/integration-test/target/test-dir/MiniOzoneClusterImpl-d05e7434-4910-4d2b-a3e8-e3c83698e793/datanode-3/data/ratis/1caa35cc-92a1-4e1a-bdf6-c27fd3785063/current/log_inprogress_0
2019-10-11 03:54:39,759 [e9c7be31-368a-4ef0-bc3f-0ff4808bfa4e@group-F1795FD6A276-SegmentedRaftLogWorker] INFO  segmented.SegmentedRaftLogWorker (SegmentedRaftLogWorker.java:execute(574)) - e9c7be31-368a-4ef0-bc3f-0ff4808bfa4e@group-F1795FD6A276-SegmentedRaftLogWorker: created new log segment /workdir/hadoop-ozone/integration-test/target/test-dir/MiniOzoneClusterImpl-d05e7434-4910-4d2b-a3e8-e3c83698e793/datanode-4/data/ratis/384475d7-5401-4c65-977f-f1795fd6a276/current/log_inprogress_0
2019-10-11 03:54:39,759 [b342b30f-928a-4d9f-b427-be6ee5627e05@group-F1795FD6A276-SegmentedRaftLogWorker] INFO  segmented.SegmentedRaftLogWorker (SegmentedRaftLogWorker.java:execute(574)) - b342b30f-928a-4d9f-b427-be6ee5627e05@group-F1795FD6A276-SegmentedRaftLogWorker: created new log segment /workdir/hadoop-ozone/integration-test/target/test-dir/MiniOzoneClusterImpl-d05e7434-4910-4d2b-a3e8-e3c83698e793/datanode-5/data/ratis/384475d7-5401-4c65-977f-f1795fd6a276/current/log_inprogress_0
2019-10-11 03:54:40,640 [Datanode State Machine Thread - 0] INFO  statemachine.DatanodeStateMachine (DatanodeStateMachine.java:lambda$startDaemon$0(350)) - Ozone container server started.
2019-10-11 03:54:44,649 [main] INFO  ozoneimpl.OzoneContainer (OzoneContainer.java:stop(227)) - Attempting to stop container services.
2019-10-11 03:54:44,650 [main] INFO  impl.RaftServerProxy (RaftServerProxy.java:lambda$close$4(314)) - b2c6ba06-f117-420e-a800-58b6dcdee706: close
2019-10-11 03:54:44,650 [main] INFO  impl.RaftServerImpl (RaftServerImpl.java:lambda$shutdown$3(247)) - b2c6ba06-f117-420e-a800-58b6dcdee706@group-15ABB74AA037: shutdown
2019-10-11 03:54:44,650 [main] INFO  util.JmxRegister (JmxRegister.java:unregister(73)) - Successfully un-registered JMX Bean with object name Ratis:service=RaftServer,group=group-15ABB74AA037,id=b2c6ba06-f117-420e-a800-58b6dcdee706
2019-10-11 03:54:44,650 [main] INFO  impl.RoleInfo (RoleInfo.java:shutdownLeaderState(104)) - b2c6ba06-f117-420e-a800-58b6dcdee706: shutdown LeaderState
2019-10-11 03:54:44,651 [main] INFO  impl.PendingRequests (PendingRequests.java:sendNotLeaderResponses(202)) - b2c6ba06-f117-420e-a800-58b6dcdee706@group-15ABB74AA037-PendingRequests: sendNotLeaderResponses
2019-10-11 03:54:44,651 [main] INFO  impl.StateMachineUpdater (StateMachineUpdater.java:stopAndJoin(136)) - b2c6ba06-f117-420e-a800-58b6dcdee706@group-15ABB74AA037-StateMachineUpdater: set stopIndex = 0
2019-10-11 03:54:44,651 [main] INFO  impl.RaftServerImpl (ServerState.java:close(387)) - b2c6ba06-f117-420e-a800-58b6dcdee706@group-15ABB74AA037: closes. applyIndex: 0
2019-10-11 03:54:44,652 [b2c6ba06-f117-420e-a800-58b6dcdee706@group-15ABB74AA037-SegmentedRaftLogWorker] INFO  segmented.SegmentedRaftLogWorker (SegmentedRaftLogWorker.java:run(316)) - b2c6ba06-f117-420e-a800-58b6dcdee706@group-15ABB74AA037-SegmentedRaftLogWorker was interrupted, exiting. There are 0 tasks remaining in the queue.
2019-10-11 03:54:44,655 [main] INFO  segmented.SegmentedRaftLogWorker (SegmentedRaftLogWorker.java:close(224)) - b2c6ba06-f117-420e-a800-58b6dcdee706@group-15ABB74AA037-SegmentedRaftLogWorker close()
2019-10-11 03:54:44,661 [main] INFO  impl.RaftServerImpl (RaftServerImpl.java:lambda$shutdown$3(247)) - b2c6ba06-f117-420e-a800-58b6dcdee706@group-3946EEB1E57C: shutdown
2019-10-11 03:54:44,662 [main] INFO  util.JmxRegister (JmxRegister.java:unregister(73)) - Successfully un-registered JMX Bean with object name Ratis:service=RaftServer,group=group-3946EEB1E57C,id=b2c6ba06-f117-420e-a800-58b6dcdee706
2019-10-11 03:54:44,662 [main] INFO  impl.RoleInfo (RoleInfo.java:shutdownFollowerState(121)) - b2c6ba06-f117-420e-a800-58b6dcdee706: shutdown FollowerState
2019-10-11 03:54:44,662 [main] INFO  impl.StateMachineUpdater (StateMachineUpdater.java:stopAndJoin(136)) - b2c6ba06-f117-420e-a800-58b6dcdee706@group-3946EEB1E57C-StateMachineUpdater: set stopIndex = 2
2019-10-11 03:54:44,662 [b2c6ba06-f117-420e-a800-58b6dcdee706@group-3946EEB1E57C-StateMachineUpdater] INFO  ratis.ContainerStateMachine (ContainerStateMachine.java:takeSnapshot(294)) - group-3946EEB1E57C: Taking a snapshot at:(t:1, i:1) file /workdir/hadoop-ozone/integration-test/target/test-dir/MiniOzoneClusterImpl-d05e7434-4910-4d2b-a3e8-e3c83698e793/datanode-1/data/ratis/ac748dac-1119-4ef3-b94a-3946eeb1e57c/sm/snapshot.1_1
2019-10-11 03:54:44,662 [Thread-2429] INFO  impl.FollowerState (FollowerState.java:run(117)) - b2c6ba06-f117-420e-a800-58b6dcdee706@group-3946EEB1E57C-FollowerState was interrupted: java.lang.InterruptedException: sleep interrupted
2019-10-11 03:54:44,668 [b2c6ba06-f117-420e-a800-58b6dcdee706@group-3946EEB1E57C-StateMachineUpdater] INFO  ratis.ContainerStateMachine (ContainerStateMachine.java:takeSnapshot(305)) - group-3946EEB1E57C: Finished taking a snapshot at:(t:1, i:1) file:/workdir/hadoop-ozone/integration-test/target/test-dir/MiniOzoneClusterImpl-d05e7434-4910-4d2b-a3e8-e3c83698e793/datanode-1/data/ratis/ac748dac-1119-4ef3-b94a-3946eeb1e57c/sm/snapshot.1_1 time:6
2019-10-11 03:54:44,669 [b2c6ba06-f117-420e-a800-58b6dcdee706@group-3946EEB1E57C-StateMachineUpdater] INFO  impl.StateMachineUpdater (StateMachineUpdater.java:takeSnapshot(269)) - b2c6ba06-f117-420e-a800-58b6dcdee706@group-3946EEB1E57C-StateMachineUpdater: Took a snapshot at index 1
2019-10-11 03:54:44,669 [b2c6ba06-f117-420e-a800-58b6dcdee706@group-3946EEB1E57C-StateMachineUpdater] INFO  impl.StateMachineUpdater (StateMachineUpdater.java:lambda$new$0(84)) - b2c6ba06-f117-420e-a800-58b6dcdee706@group-3946EEB1E57C-StateMachineUpdater: snapshotIndex: updateIncreasingly -1 -> 1
2019-10-11 03:54:44,670 [b2c6ba06-f117-420e-a800-58b6dcdee706@group-3946EEB1E57C-StateMachineUpdater] INFO  ratis.ContainerStateMachine (ContainerStateMachine.java:takeSnapshot(294)) - group-3946EEB1E57C: Taking a snapshot at:(t:1, i:1) file /workdir/hadoop-ozone/integration-test/target/test-dir/MiniOzoneClusterImpl-d05e7434-4910-4d2b-a3e8-e3c83698e793/datanode-1/data/ratis/ac748dac-1119-4ef3-b94a-3946eeb1e57c/sm/snapshot.1_1
2019-10-11 03:54:44,683 [b2c6ba06-f117-420e-a800-58b6dcdee706@group-3946EEB1E57C-StateMachineUpdater] INFO  ratis.ContainerStateMachine (ContainerStateMachine.java:takeSnapshot(305)) - group-3946EEB1E57C: Finished taking a snapshot at:(t:1, i:1) file:/workdir/hadoop-ozone/integration-test/target/test-dir/MiniOzoneClusterImpl-d05e7434-4910-4d2b-a3e8-e3c83698e793/datanode-1/data/ratis/ac748dac-1119-4ef3-b94a-3946eeb1e57c/sm/snapshot.1_1 time:14
2019-10-11 03:54:44,683 [b2c6ba06-f117-420e-a800-58b6dcdee706@group-3946EEB1E57C-StateMachineUpdater] INFO  impl.StateMachineUpdater (StateMachineUpdater.java:takeSnapshot(269)) - b2c6ba06-f117-420e-a800-58b6dcdee706@group-3946EEB1E57C-StateMachineUpdater: Took a snapshot at index 1
2019-10-11 03:54:44,684 [b2c6ba06-f117-420e-a800-58b6dcdee706@group-3946EEB1E57C-StateMachineUpdater] INFO  impl.StateMachineUpdater (StateMachineUpdater.java:lambda$new$0(84)) - b2c6ba06-f117-420e-a800-58b6dcdee706@group-3946EEB1E57C-StateMachineUpdater: snapshotIndex: updateIncreasingly 1 -> 1
2019-10-11 03:54:44,684 [main] INFO  impl.RaftServerImpl (ServerState.java:close(387)) - b2c6ba06-f117-420e-a800-58b6dcdee706@group-3946EEB1E57C: closes. applyIndex: 2
2019-10-11 03:54:44,684 [b2c6ba06-f117-420e-a800-58b6dcdee706@group-3946EEB1E57C-SegmentedRaftLogWorker] INFO  segmented.SegmentedRaftLogWorker (SegmentedRaftLogWorker.java:run(316)) - b2c6ba06-f117-420e-a800-58b6dcdee706@group-3946EEB1E57C-SegmentedRaftLogWorker was interrupted, exiting. There are 0 tasks remaining in the queue.
2019-10-11 03:54:44,688 [main] INFO  segmented.SegmentedRaftLogWorker (SegmentedRaftLogWorker.java:close(224)) - b2c6ba06-f117-420e-a800-58b6dcdee706@group-3946EEB1E57C-SegmentedRaftLogWorker close()
2019-10-11 03:54:44,712 [main] INFO  server.GrpcService (GrpcService.java:closeImpl(164)) - b2c6ba06-f117-420e-a800-58b6dcdee706: shutdown server with port 35872 now
2019-10-11 03:54:44,713 [grpc-default-executor-4] WARN  server.GrpcServerProtocolService (LogUtils.java:warn(134)) - b2c6ba06-f117-420e-a800-58b6dcdee706: installSnapshot onError, lastRequest: 043f7723-8702-4b86-ad70-90a3422a20f9->b2c6ba06-f117-420e-a800-58b6dcdee706#5-t1, previous=(t:1, i:2), leaderCommit=2, initializing? false, entries: <empty>: org.apache.ratis.thirdparty.io.grpc.StatusRuntimeException: CANCELLED: cancelled before receiving half close
2019-10-11 03:54:44,714 [main] INFO  server.GrpcService (GrpcService.java:closeImpl(172)) - b2c6ba06-f117-420e-a800-58b6dcdee706: shutdown server with port 35872 successfully
2019-10-11 03:54:44,714 [grpc-default-executor-3] WARN  server.GrpcLogAppender (LogUtils.java:warn(134)) - 043f7723-8702-4b86-ad70-90a3422a20f9@group-3946EEB1E57C->b2c6ba06-f117-420e-a800-58b6dcdee706-AppendLogResponseHandler: Failed appendEntries: org.apache.ratis.thirdparty.io.grpc.StatusRuntimeException: CANCELLED: HTTP/2 error code: CANCEL
Received Rst Stream
2019-10-11 03:54:44,715 [grpc-default-executor-3] INFO  impl.FollowerInfo (FollowerInfo.java:lambda$new$0(51)) - 043f7723-8702-4b86-ad70-90a3422a20f9@group-3946EEB1E57C->b2c6ba06-f117-420e-a800-58b6dcdee706: nextIndex: updateUnconditionally 3 -> 2
2019-10-11 03:54:44,716 [refreshUsed-/workdir/hadoop-ozone/integration-test/target/test-dir/MiniOzoneClusterImpl-d05e7434-4910-4d2b-a3e8-e3c83698e793/datanode-1/data/containers] WARN  fs.CachingGetSpaceUsed (CachingGetSpaceUsed.java:run(183)) - Thread Interrupted waiting to refresh disk information: sleep interrupted
2019-10-11 03:54:44,734 [main] INFO  utils.BackgroundService (BackgroundService.java:shutdown(151)) - Shutting down service BlockDeletingService
2019-10-11 03:54:44,744 [main] INFO  statemachine.DatanodeStateMachine (DatanodeStateMachine.java:stopDaemon(395)) - Ozone container server stopped.
2019-10-11 03:54:44,745 [main] INFO  handler.ContextHandler (ContextHandler.java:doStop(910)) - Stopped o.e.j.w.WebAppContext@119290b9{/,null,UNAVAILABLE}{/hddsDatanode}
2019-10-11 03:54:44,746 [main] INFO  server.AbstractConnector (AbstractConnector.java:doStop(318)) - Stopped ServerConnector@640d604{HTTP/1.1,[http/1.1]}{0.0.0.0:0}
2019-10-11 03:54:44,746 [main] INFO  handler.ContextHandler (ContextHandler.java:doStop(910)) - Stopped o.e.j.s.ServletContextHandler@492521c4{/static,jar:file:/home/user/.m2/repository/org/apache/hadoop/hadoop-hdds-container-service/0.5.0-SNAPSHOT/hadoop-hdds-container-service-0.5.0-SNAPSHOT.jar!/webapps/static,UNAVAILABLE}
2019-10-11 03:54:44,746 [main] INFO  handler.ContextHandler (ContextHandler.java:doStop(910)) - Stopped o.e.j.s.ServletContextHandler@526f6427{/logs,file:///workdir/hadoop-ozone/integration-test/target/log,UNAVAILABLE}
2019-10-11 03:54:44,756 [grpc-default-executor-7] WARN  server.GrpcLogAppender (LogUtils.java:warn(134)) - 043f7723-8702-4b86-ad70-90a3422a20f9@group-3946EEB1E57C->b2c6ba06-f117-420e-a800-58b6dcdee706-AppendLogResponseHandler: Failed appendEntries: org.apache.ratis.thirdparty.io.grpc.StatusRuntimeException: UNAVAILABLE: io exception
2019-10-11 03:54:44,756 [grpc-default-executor-7] INFO  impl.FollowerInfo (FollowerInfo.java:lambda$new$0(51)) - 043f7723-8702-4b86-ad70-90a3422a20f9@group-3946EEB1E57C->b2c6ba06-f117-420e-a800-58b6dcdee706: nextIndex: updateUnconditionally 3 -> 2
2019-10-11 03:54:44,768 [grpc-default-executor-3] WARN  server.GrpcLogAppender (LogUtils.java:warn(134)) - 043f7723-8702-4b86-ad70-90a3422a20f9@group-3946EEB1E57C->b2c6ba06-f117-420e-a800-58b6dcdee706-AppendLogResponseHandler: Failed appendEntries: org.apache.ratis.thirdparty.io.grpc.StatusRuntimeException: UNAVAILABLE: io exception
2019-10-11 03:54:44,769 [grpc-default-executor-3] INFO  impl.FollowerInfo (FollowerInfo.java:lambda$new$0(51)) - 043f7723-8702-4b86-ad70-90a3422a20f9@group-3946EEB1E57C->b2c6ba06-f117-420e-a800-58b6dcdee706: nextIndex: updateUnconditionally 3 -> 2
2019-10-11 03:54:44,789 [EventQueue-IncrementalContainerReportForIncrementalContainerReportHandler] WARN  container.IncrementalContainerReportHandler (AbstractContainerReportHandler.java:updateContainerState(145)) - Container #1 is in OPEN state, but the datanode 043f7723-8702-4b86-ad70-90a3422a20f9{ip: 192.168.151.96, host: pr-hdds-2181-p9m8s-78523098, networkLocation: /default-rack, certSerialId: null} reports an CLOSING replica.
2019-10-11 03:54:44,789 [grpc-default-executor-7] WARN  server.GrpcLogAppender (LogUtils.java:warn(134)) - 043f7723-8702-4b86-ad70-90a3422a20f9@group-3946EEB1E57C->b2c6ba06-f117-420e-a800-58b6dcdee706-AppendLogResponseHandler: Failed appendEntries: org.apache.ratis.thirdparty.io.grpc.StatusRuntimeException: UNAVAILABLE: io exception
2019-10-11 03:54:44,789 [grpc-default-executor-7] INFO  impl.FollowerInfo (FollowerInfo.java:lambda$new$0(51)) - 043f7723-8702-4b86-ad70-90a3422a20f9@group-3946EEB1E57C->b2c6ba06-f117-420e-a800-58b6dcdee706: nextIndex: updateUnconditionally 3 -> 2
2019-10-11 03:54:44,800 [EventQueue-IncrementalContainerReportForIncrementalContainerReportHandler] WARN  container.IncrementalContainerReportHandler (AbstractContainerReportHandler.java:updateContainerState(145)) - Container #1 is in OPEN state, but the datanode 3a31073d-bde8-4fb6-83ae-5ae0804c27f7{ip: 192.168.151.96, host: pr-hdds-2181-p9m8s-78523098, networkLocation: /default-rack, certSerialId: null} reports an CLOSING replica.
2019-10-11 03:54:44,843 [RatisApplyTransactionExecutor 1] INFO  interfaces.Container (KeyValueContainer.java:flushAndSyncDB(386)) - Container 1 is synced with bcsId 0.
2019-10-11 03:54:44,877 [RatisApplyTransactionExecutor 1] INFO  interfaces.Container (KeyValueContainer.java:flushAndSyncDB(386)) - Container 1 is synced with bcsId 0.
2019-10-11 03:54:44,888 [RatisApplyTransactionExecutor 1] INFO  interfaces.Container (KeyValueContainer.java:flushAndSyncDB(386)) - Container 1 is synced with bcsId 0.
2019-10-11 03:54:44,888 [RatisApplyTransactionExecutor 1] INFO  interfaces.Container (KeyValueContainer.java:flushAndSyncDB(386)) - Container 1 is synced with bcsId 0.
2019-10-11 03:54:44,903 [RatisApplyTransactionExecutor 1] INFO  interfaces.Container (KeyValueContainer.java:close(335)) - Container 1 is closed with bcsId 0.
2019-10-11 03:54:44,903 [RatisApplyTransactionExecutor 1] INFO  interfaces.Container (KeyValueContainer.java:close(335)) - Container 1 is closed with bcsId 0.
2019-10-11 03:54:44,905 [EventQueue-IncrementalContainerReportForIncrementalContainerReportHandler] WARN  container.IncrementalContainerReportHandler (AbstractContainerReportHandler.java:updateContainerState(145)) - Container #1 is in OPEN state, but the datanode 3a31073d-bde8-4fb6-83ae-5ae0804c27f7{ip: 192.168.151.96, host: pr-hdds-2181-p9m8s-78523098, networkLocation: /default-rack, certSerialId: null} reports an CLOSED replica.
2019-10-11 03:54:44,908 [EventQueue-IncrementalContainerReportForIncrementalContainerReportHandler] WARN  container.IncrementalContainerReportHandler (AbstractContainerReportHandler.java:updateContainerState(145)) - Container #1 is in OPEN state, but the datanode 043f7723-8702-4b86-ad70-90a3422a20f9{ip: 192.168.151.96, host: pr-hdds-2181-p9m8s-78523098, networkLocation: /default-rack, certSerialId: null} reports an CLOSED replica.
2019-10-11 03:54:47,292 [grpc-default-executor-3] WARN  server.GrpcLogAppender (LogUtils.java:warn(134)) - 043f7723-8702-4b86-ad70-90a3422a20f9@group-3946EEB1E57C->b2c6ba06-f117-420e-a800-58b6dcdee706-AppendLogResponseHandler: Failed appendEntries: org.apache.ratis.thirdparty.io.grpc.StatusRuntimeException: UNAVAILABLE: io exception
2019-10-11 03:54:47,292 [grpc-default-executor-3] INFO  impl.FollowerInfo (FollowerInfo.java:lambda$new$0(51)) - 043f7723-8702-4b86-ad70-90a3422a20f9@group-3946EEB1E57C->b2c6ba06-f117-420e-a800-58b6dcdee706: nextIndex: updateUnconditionally 2 -> 1
2019-10-11 03:54:47,911 [main] WARN  scm.XceiverClientRatis (XceiverClientRatis.java:watchForCommit(277)) - 3 way commit failed on pipeline Pipeline[ Id: ac748dac-1119-4ef3-b94a-3946eeb1e57c, Nodes: b2c6ba06-f117-420e-a800-58b6dcdee706{ip: 192.168.151.96, host: pr-hdds-2181-p9m8s-78523098, networkLocation: /default-rack, certSerialId: null}3a31073d-bde8-4fb6-83ae-5ae0804c27f7{ip: 192.168.151.96, host: pr-hdds-2181-p9m8s-78523098, networkLocation: /default-rack, certSerialId: null}043f7723-8702-4b86-ad70-90a3422a20f9{ip: 192.168.151.96, host: pr-hdds-2181-p9m8s-78523098, networkLocation: /default-rack, certSerialId: null}, Type:RATIS, Factor:THREE, State:OPEN]
java.util.concurrent.TimeoutException
	at java.util.concurrent.CompletableFuture.timedGet(CompletableFuture.java:1771)
	at java.util.concurrent.CompletableFuture.get(CompletableFuture.java:1915)
	at org.apache.hadoop.hdds.scm.XceiverClientRatis.watchForCommit(XceiverClientRatis.java:274)
	at org.apache.hadoop.ozone.client.rpc.TestWatchForCommit.test2WayCommitForTimeoutException(TestWatchForCommit.java:391)
	at sun.reflect.NativeMethodAccessorImpl.invoke0(Native Method)
	at sun.reflect.NativeMethodAccessorImpl.invoke(NativeMethodAccessorImpl.java:62)
	at sun.reflect.DelegatingMethodAccessorImpl.invoke(DelegatingMethodAccessorImpl.java:43)
	at java.lang.reflect.Method.invoke(Method.java:498)
	at org.junit.runners.model.FrameworkMethod$1.runReflectiveCall(FrameworkMethod.java:47)
	at org.junit.internal.runners.model.ReflectiveCallable.run(ReflectiveCallable.java:12)
	at org.junit.runners.model.FrameworkMethod.invokeExplosively(FrameworkMethod.java:44)
	at org.junit.internal.runners.statements.InvokeMethod.evaluate(InvokeMethod.java:17)
	at org.junit.runners.ParentRunner.runLeaf(ParentRunner.java:271)
	at org.junit.runners.BlockJUnit4ClassRunner.runChild(BlockJUnit4ClassRunner.java:70)
	at org.junit.runners.BlockJUnit4ClassRunner.runChild(BlockJUnit4ClassRunner.java:50)
	at org.junit.runners.ParentRunner$3.run(ParentRunner.java:238)
	at org.junit.runners.ParentRunner$1.schedule(ParentRunner.java:63)
	at org.junit.runners.ParentRunner.runChildren(ParentRunner.java:236)
	at org.junit.runners.ParentRunner.access$000(ParentRunner.java:53)
	at org.junit.runners.ParentRunner$2.evaluate(ParentRunner.java:229)
	at org.junit.runners.ParentRunner.run(ParentRunner.java:309)
	at org.apache.maven.surefire.junit4.JUnit4Provider.execute(JUnit4Provider.java:365)
	at org.apache.maven.surefire.junit4.JUnit4Provider.executeWithRerun(JUnit4Provider.java:273)
	at org.apache.maven.surefire.junit4.JUnit4Provider.executeTestSet(JUnit4Provider.java:238)
	at org.apache.maven.surefire.junit4.JUnit4Provider.invoke(JUnit4Provider.java:159)
	at org.apache.maven.surefire.booter.ForkedBooter.invokeProviderInSameClassLoader(ForkedBooter.java:384)
	at org.apache.maven.surefire.booter.ForkedBooter.runSuitesInProcess(ForkedBooter.java:345)
	at org.apache.maven.surefire.booter.ForkedBooter.execute(ForkedBooter.java:126)
	at org.apache.maven.surefire.booter.ForkedBooter.main(ForkedBooter.java:418)
2019-10-11 03:54:47,925 [Thread-2491] INFO  client.GrpcClientProtocolService (GrpcClientProtocolService.java:lambda$processClientRequest$0(278)) - Failed RaftClientRequest:client-FAB06E17D78C->3a31073d-bde8-4fb6-83ae-5ae0804c27f7@group-3946EEB1E57C, cid=105, seq=0, Watch-MAJORITY_COMMITTED(3), Message:<EMPTY>, reply=RaftClientReply:client-FAB06E17D78C->3a31073d-bde8-4fb6-83ae-5ae0804c27f7@group-3946EEB1E57C, cid=105, FAILED org.apache.ratis.protocol.NotLeaderException: Server 3a31073d-bde8-4fb6-83ae-5ae0804c27f7@group-3946EEB1E57C is not the leader 043f7723-8702-4b86-ad70-90a3422a20f9:192.168.151.96:33250, logIndex=0, commits[3a31073d-bde8-4fb6-83ae-5ae0804c27f7:c4, 043f7723-8702-4b86-ad70-90a3422a20f9:c4, b2c6ba06-f117-420e-a800-58b6dcdee706:c2]
2019-10-11 03:54:49,791 [grpc-default-executor-4] WARN  server.GrpcLogAppender (LogUtils.java:warn(134)) - 043f7723-8702-4b86-ad70-90a3422a20f9@group-3946EEB1E57C->b2c6ba06-f117-420e-a800-58b6dcdee706-AppendLogResponseHandler: Failed appendEntries: org.apache.ratis.thirdparty.io.grpc.StatusRuntimeException: UNAVAILABLE: io exception
2019-10-11 03:54:49,795 [grpc-default-executor-4] INFO  impl.FollowerInfo (FollowerInfo.java:lambda$new$0(51)) - 043f7723-8702-4b86-ad70-90a3422a20f9@group-3946EEB1E57C->b2c6ba06-f117-420e-a800-58b6dcdee706: nextIndex: updateUnconditionally 1 -> 0
]]></system-out>
    <system-err><![CDATA[Oct 11, 2019 3:54:44 AM org.apache.ratis.thirdparty.io.grpc.internal.SerializingExecutor run
SEVERE: Exception while executing runnable org.apache.ratis.thirdparty.io.grpc.internal.ServerImpl$JumpToApplicationThreadServerStreamListener$1Closed@58660259
org.apache.ratis.thirdparty.io.grpc.StatusRuntimeException: CANCELLED: call already cancelled
	at org.apache.ratis.thirdparty.io.grpc.Status.asRuntimeException(Status.java:517)
	at org.apache.ratis.thirdparty.io.grpc.stub.ServerCalls$ServerCallStreamObserverImpl.onCompleted(ServerCalls.java:356)
	at org.apache.ratis.grpc.server.GrpcServerProtocolService$ServerRequestStreamObserver.onError(GrpcServerProtocolService.java:121)
	at org.apache.ratis.thirdparty.io.grpc.stub.ServerCalls$StreamingServerCallHandler$StreamingServerCallListener.onCancel(ServerCalls.java:269)
	at org.apache.ratis.thirdparty.io.grpc.internal.ServerCallImpl$ServerStreamListenerImpl.closed(ServerCallImpl.java:293)
	at org.apache.ratis.thirdparty.io.grpc.internal.ServerImpl$JumpToApplicationThreadServerStreamListener$1Closed.runInContext(ServerImpl.java:741)
	at org.apache.ratis.thirdparty.io.grpc.internal.ContextRunnable.run(ContextRunnable.java:37)
	at org.apache.ratis.thirdparty.io.grpc.internal.SerializingExecutor.run(SerializingExecutor.java:123)
	at java.util.concurrent.ThreadPoolExecutor.runWorker(ThreadPoolExecutor.java:1149)
	at java.util.concurrent.ThreadPoolExecutor$Worker.run(ThreadPoolExecutor.java:624)
	at java.lang.Thread.run(Thread.java:748)

]]></system-err>
  </testcase>
</testsuite>