<?xml version="1.0" encoding="UTF-8"?>
<testsuite xmlns:xsi="http://www.w3.org/2001/XMLSchema-instance" xsi:noNamespaceSchemaLocation="https://maven.apache.org/surefire/maven-surefire-plugin/xsd/surefire-test-report.xsd" name="org.apache.hadoop.ozone.client.rpc.TestBlockOutputStreamWithFailures" time="732.491" tests="8" errors="0" skipped="0" failures="1">
  <properties>
    <property name="awt.toolkit" value="sun.awt.X11.XToolkit"/>
    <property name="file.encoding.pkg" value="sun.io"/>
    <property name="java.specification.version" value="1.8"/>
    <property name="sun.cpu.isalist" value=""/>
    <property name="sun.jnu.encoding" value="UTF-8"/>
    <property name="java.class.path" value="/workdir/hadoop-ozone/integration-test/target/test-classes:/workdir/hadoop-ozone/integration-test/target/classes:/home/user/.m2/repository/org/apache/hadoop/hadoop-ozone-common/0.5.0-SNAPSHOT/hadoop-ozone-common-0.5.0-SNAPSHOT.jar:/home/user/.m2/repository/org/apache/commons/commons-compress/1.4.1/commons-compress-1.4.1.jar:/home/user/.m2/repository/org/tukaani/xz/1.0/xz-1.0.jar:/home/user/.m2/repository/org/apache/hadoop/hadoop-common/3.2.0/hadoop-common-3.2.0.jar:/home/user/.m2/repository/org/apache/hadoop/hadoop-hdfs/3.2.0/hadoop-hdfs-3.2.0.jar:/home/user/.m2/repository/org/apache/hadoop/hadoop-hdfs-client/3.2.0/hadoop-hdfs-client-3.2.0.jar:/home/user/.m2/repository/com/fasterxml/jackson/core/jackson-annotations/2.9.9/jackson-annotations-2.9.9.jar:/home/user/.m2/repository/org/apache/hadoop/hadoop-hdds-common/0.5.0-SNAPSHOT/hadoop-hdds-common-0.5.0-SNAPSHOT.jar:/home/user/.m2/repository/javax/annotation/javax.annotation-api/1.2/javax.annotation-api-1.2.jar:/home/user/.m2/repository/org/apache/ratis/ratis-server/0.5.0-201fc85-SNAPSHOT/ratis-server-0.5.0-201fc85-SNAPSHOT.jar:/home/user/.m2/repository/org/apache/ratis/ratis-thirdparty-misc/0.2.0/ratis-thirdparty-misc-0.2.0.jar:/home/user/.m2/repository/org/apache/ratis/ratis-proto/0.5.0-201fc85-SNAPSHOT/ratis-proto-0.5.0-201fc85-SNAPSHOT.jar:/home/user/.m2/repository/org/apache/ratis/ratis-common/0.5.0-201fc85-SNAPSHOT/ratis-common-0.5.0-201fc85-SNAPSHOT.jar:/home/user/.m2/repository/org/apache/ratis/ratis-client/0.5.0-201fc85-SNAPSHOT/ratis-client-0.5.0-201fc85-SNAPSHOT.jar:/home/user/.m2/repository/org/apache/ratis/ratis-metrics/0.5.0-201fc85-SNAPSHOT/ratis-metrics-0.5.0-201fc85-SNAPSHOT.jar:/home/user/.m2/repository/com/github/joshelser/dropwizard-metrics-hadoop-metrics2-reporter/0.1.2/dropwizard-metrics-hadoop-metrics2-reporter-0.1.2.jar:/home/user/.m2/repository/io/dropwizard/metrics/metrics-jvm/3.2.5/metrics-jvm-3.2.5.jar:/home/user/.m2/repository/io/dropwizard/metrics/metrics-ganglia/3.2.5/metrics-ganglia-3.2.5.jar:/home/user/.m2/repository/info/ganglia/gmetric4j/gmetric4j/1.0.7/gmetric4j-1.0.7.jar:/home/user/.m2/repository/org/apache/ratis/ratis-netty/0.5.0-201fc85-SNAPSHOT/ratis-netty-0.5.0-201fc85-SNAPSHOT.jar:/home/user/.m2/repository/org/apache/ratis/ratis-grpc/0.5.0-201fc85-SNAPSHOT/ratis-grpc-0.5.0-201fc85-SNAPSHOT.jar:/home/user/.m2/repository/org/rocksdb/rocksdbjni/6.0.1/rocksdbjni-6.0.1.jar:/home/user/.m2/repository/org/apache/logging/log4j/log4j-api/2.11.0/log4j-api-2.11.0.jar:/home/user/.m2/repository/org/apache/logging/log4j/log4j-core/2.11.0/log4j-core-2.11.0.jar:/home/user/.m2/repository/com/lmax/disruptor/3.4.2/disruptor-3.4.2.jar:/home/user/.m2/repository/org/apache/commons/commons-pool2/2.6.0/commons-pool2-2.6.0.jar:/home/user/.m2/repository/org/bouncycastle/bcpkix-jdk15on/1.60/bcpkix-jdk15on-1.60.jar:/home/user/.m2/repository/commons-validator/commons-validator/1.6/commons-validator-1.6.jar:/home/user/.m2/repository/commons-digester/commons-digester/1.8.1/commons-digester-1.8.1.jar:/home/user/.m2/repository/io/jaegertracing/jaeger-client/0.34.0/jaeger-client-0.34.0.jar:/home/user/.m2/repository/io/jaegertracing/jaeger-thrift/0.34.0/jaeger-thrift-0.34.0.jar:/home/user/.m2/repository/org/apache/thrift/libthrift/0.12.0/libthrift-0.12.0.jar:/home/user/.m2/repository/com/squareup/okhttp3/okhttp/3.9.0/okhttp-3.9.0.jar:/home/user/.m2/repository/com/squareup/okio/okio/1.13.0/okio-1.13.0.jar:/home/user/.m2/repository/io/jaegertracing/jaeger-core/0.34.0/jaeger-core-0.34.0.jar:/home/user/.m2/repository/io/jaegertracing/jaeger-tracerresolver/0.34.0/jaeger-tracerresolver-0.34.0.jar:/home/user/.m2/repository/io/opentracing/contrib/opentracing-tracerresolver/0.1.5/opentracing-tracerresolver-0.1.5.jar:/home/user/.m2/repository/io/opentracing/opentracing-util/0.31.0/opentracing-util-0.31.0.jar:/home/user/.m2/repository/io/opentracing/opentracing-api/0.31.0/opentracing-api-0.31.0.jar:/home/user/.m2/repository/io/opentracing/opentracing-noop/0.31.0/opentracing-noop-0.31.0.jar:/home/user/.m2/repository/org/apache/hadoop/hadoop-hdds-server-framework/0.5.0-SNAPSHOT/hadoop-hdds-server-framework-0.5.0-SNAPSHOT.jar:/home/user/.m2/repository/org/apache/hadoop/hadoop-hdds-container-service/0.5.0-SNAPSHOT/hadoop-hdds-container-service-0.5.0-SNAPSHOT.jar:/home/user/.m2/repository/org/apache/hadoop/hadoop-hdds-client/0.5.0-SNAPSHOT/hadoop-hdds-client-0.5.0-SNAPSHOT.jar:/home/user/.m2/repository/org/apache/hadoop/hadoop-hdds-tools/0.5.0-SNAPSHOT/hadoop-hdds-tools-0.5.0-SNAPSHOT.jar:/home/user/.m2/repository/org/apache/hadoop/hadoop-hdds-server-scm/0.5.0-SNAPSHOT/hadoop-hdds-server-scm-0.5.0-SNAPSHOT.jar:/home/user/.m2/repository/org/apache/hadoop/hadoop-hdds-docs/0.5.0-SNAPSHOT/hadoop-hdds-docs-0.5.0-SNAPSHOT.jar:/home/user/.m2/repository/io/dropwizard/metrics/metrics-core/3.2.4/metrics-core-3.2.4.jar:/home/user/.m2/repository/org/hamcrest/hamcrest-all/1.3/hamcrest-all-1.3.jar:/home/user/.m2/repository/org/bouncycastle/bcprov-jdk15on/1.60/bcprov-jdk15on-1.60.jar:/home/user/.m2/repository/info/picocli/picocli/3.9.6/picocli-3.9.6.jar:/home/user/.m2/repository/com/google/protobuf/protobuf-java/2.5.0/protobuf-java-2.5.0.jar:/home/user/.m2/repository/com/google/guava/guava/11.0.2/guava-11.0.2.jar:/home/user/.m2/repository/org/apache/hadoop/hadoop-ozone-ozone-manager/0.5.0-SNAPSHOT/hadoop-ozone-ozone-manager-0.5.0-SNAPSHOT.jar:/home/user/.m2/repository/org/apache/hadoop/hadoop-minikdc/3.2.0/hadoop-minikdc-3.2.0.jar:/home/user/.m2/repository/commons-io/commons-io/2.5/commons-io-2.5.jar:/home/user/.m2/repository/org/apache/kerby/kerb-simplekdc/1.0.1/kerb-simplekdc-1.0.1.jar:/home/user/.m2/repository/org/apache/kerby/kerb-client/1.0.1/kerb-client-1.0.1.jar:/home/user/.m2/repository/org/apache/kerby/kerby-config/1.0.1/kerby-config-1.0.1.jar:/home/user/.m2/repository/org/apache/kerby/kerb-core/1.0.1/kerb-core-1.0.1.jar:/home/user/.m2/repository/org/apache/kerby/kerby-pkix/1.0.1/kerby-pkix-1.0.1.jar:/home/user/.m2/repository/org/apache/kerby/kerby-asn1/1.0.1/kerby-asn1-1.0.1.jar:/home/user/.m2/repository/org/apache/kerby/kerby-util/1.0.1/kerby-util-1.0.1.jar:/home/user/.m2/repository/org/apache/kerby/kerb-common/1.0.1/kerb-common-1.0.1.jar:/home/user/.m2/repository/org/apache/kerby/kerb-crypto/1.0.1/kerb-crypto-1.0.1.jar:/home/user/.m2/repository/org/apache/kerby/kerb-util/1.0.1/kerb-util-1.0.1.jar:/home/user/.m2/repository/org/apache/kerby/token-provider/1.0.1/token-provider-1.0.1.jar:/home/user/.m2/repository/org/apache/kerby/kerb-admin/1.0.1/kerb-admin-1.0.1.jar:/home/user/.m2/repository/org/apache/kerby/kerb-server/1.0.1/kerb-server-1.0.1.jar:/home/user/.m2/repository/org/apache/kerby/kerb-identity/1.0.1/kerb-identity-1.0.1.jar:/home/user/.m2/repository/org/apache/kerby/kerby-xdr/1.0.1/kerby-xdr-1.0.1.jar:/home/user/.m2/repository/org/slf4j/slf4j-log4j12/1.7.25/slf4j-log4j12-1.7.25.jar:/home/user/.m2/repository/org/apache/hadoop/hadoop-ozone-s3gateway/0.5.0-SNAPSHOT/hadoop-ozone-s3gateway-0.5.0-SNAPSHOT.jar:/home/user/.m2/repository/org/jboss/weld/servlet/weld-servlet/2.4.7.Final/weld-servlet-2.4.7.Final.jar:/home/user/.m2/repository/org/glassfish/jersey/containers/jersey-container-servlet-core/2.27/jersey-container-servlet-core-2.27.jar:/home/user/.m2/repository/org/glassfish/hk2/external/javax.inject/2.5.0-b42/javax.inject-2.5.0-b42.jar:/home/user/.m2/repository/org/glassfish/jersey/core/jersey-common/2.27/jersey-common-2.27.jar:/home/user/.m2/repository/org/glassfish/hk2/osgi-resource-locator/1.0.1/osgi-resource-locator-1.0.1.jar:/home/user/.m2/repository/javax/ws/rs/javax.ws.rs-api/2.1/javax.ws.rs-api-2.1.jar:/home/user/.m2/repository/org/glassfish/jersey/ext/cdi/jersey-cdi1x/2.27/jersey-cdi1x-2.27.jar:/home/user/.m2/repository/org/glassfish/jersey/inject/jersey-hk2/2.27/jersey-hk2-2.27.jar:/home/user/.m2/repository/org/glassfish/hk2/hk2-locator/2.5.0-b42/hk2-locator-2.5.0-b42.jar:/home/user/.m2/repository/org/javassist/javassist/3.22.0-CR2/javassist-3.22.0-CR2.jar:/home/user/.m2/repository/org/glassfish/hk2/hk2-api/2.5.0/hk2-api-2.5.0.jar:/home/user/.m2/repository/org/glassfish/hk2/external/jakarta.inject/2.5.0/jakarta.inject-2.5.0.jar:/home/user/.m2/repository/org/glassfish/hk2/hk2-utils/2.5.0/hk2-utils-2.5.0.jar:/home/user/.m2/repository/jakarta/annotation/jakarta.annotation-api/1.3.4/jakarta.annotation-api-1.3.4.jar:/home/user/.m2/repository/org/glassfish/hk2/external/aopalliance-repackaged/2.5.0/aopalliance-repackaged-2.5.0.jar:/home/user/.m2/repository/com/fasterxml/jackson/dataformat/jackson-dataformat-xml/2.9.0/jackson-dataformat-xml-2.9.0.jar:/home/user/.m2/repository/com/fasterxml/jackson/core/jackson-core/2.9.9/jackson-core-2.9.9.jar:/home/user/.m2/repository/com/fasterxml/jackson/module/jackson-module-jaxb-annotations/2.9.9/jackson-module-jaxb-annotations-2.9.9.jar:/home/user/.m2/repository/javax/enterprise/cdi-api/1.2/cdi-api-1.2.jar:/home/user/.m2/repository/javax/el/javax.el-api/3.0.0/javax.el-api-3.0.0.jar:/home/user/.m2/repository/javax/interceptor/javax.interceptor-api/1.2/javax.interceptor-api-1.2.jar:/home/user/.m2/repository/javax/inject/javax.inject/1/javax.inject-1.jar:/home/user/.m2/repository/com/sun/xml/bind/jaxb-impl/2.3.0.1/jaxb-impl-2.3.0.1.jar:/home/user/.m2/repository/com/sun/xml/bind/jaxb-core/2.3.0.1/jaxb-core-2.3.0.1.jar:/home/user/.m2/repository/javax/xml/bind/jaxb-api/2.3.0/jaxb-api-2.3.0.jar:/home/user/.m2/repository/javax/activation/activation/1.1.1/activation-1.1.1.jar:/home/user/.m2/repository/org/apache/hadoop/hadoop-ozone-csi/0.5.0-SNAPSHOT/hadoop-ozone-csi-0.5.0-SNAPSHOT.jar:/home/user/.m2/repository/com/google/protobuf/protobuf-java-util/3.5.1/protobuf-java-util-3.5.1.jar:/home/user/.m2/repository/org/apache/hadoop/hadoop-hdds-config/0.5.0-SNAPSHOT/hadoop-hdds-config-0.5.0-SNAPSHOT.jar:/home/user/.m2/repository/io/grpc/grpc-netty/1.17.1/grpc-netty-1.17.1.jar:/home/user/.m2/repository/io/grpc/grpc-core/1.17.1/grpc-core-1.17.1.jar:/home/user/.m2/repository/io/grpc/grpc-context/1.17.1/grpc-context-1.17.1.jar:/home/user/.m2/repository/com/google/errorprone/error_prone_annotations/2.2.0/error_prone_annotations-2.2.0.jar:/home/user/.m2/repository/org/codehaus/mojo/animal-sniffer-annotations/1.17/animal-sniffer-annotations-1.17.jar:/home/user/.m2/repository/io/opencensus/opencensus-api/0.17.0/opencensus-api-0.17.0.jar:/home/user/.m2/repository/io/opencensus/opencensus-contrib-grpc-metrics/0.17.0/opencensus-contrib-grpc-metrics-0.17.0.jar:/home/user/.m2/repository/io/netty/netty-codec-http2/4.1.30.Final/netty-codec-http2-4.1.30.Final.jar:/home/user/.m2/repository/io/netty/netty-codec-http/4.1.30.Final/netty-codec-http-4.1.30.Final.jar:/home/user/.m2/repository/io/netty/netty-codec/4.1.30.Final/netty-codec-4.1.30.Final.jar:/home/user/.m2/repository/io/netty/netty-handler/4.1.30.Final/netty-handler-4.1.30.Final.jar:/home/user/.m2/repository/io/netty/netty-handler-proxy/4.1.30.Final/netty-handler-proxy-4.1.30.Final.jar:/home/user/.m2/repository/io/netty/netty-codec-socks/4.1.30.Final/netty-codec-socks-4.1.30.Final.jar:/home/user/.m2/repository/io/netty/netty-transport-native-epoll/4.1.30.Final/netty-transport-native-epoll-4.1.30.Final.jar:/home/user/.m2/repository/io/netty/netty-common/4.1.30.Final/netty-common-4.1.30.Final.jar:/home/user/.m2/repository/io/netty/netty-buffer/4.1.30.Final/netty-buffer-4.1.30.Final.jar:/home/user/.m2/repository/io/netty/netty-transport/4.1.30.Final/netty-transport-4.1.30.Final.jar:/home/user/.m2/repository/io/netty/netty-resolver/4.1.30.Final/netty-resolver-4.1.30.Final.jar:/home/user/.m2/repository/io/netty/netty-transport-native-unix-common/4.1.30.Final/netty-transport-native-unix-common-4.1.30.Final.jar:/home/user/.m2/repository/io/grpc/grpc-protobuf/1.17.1/grpc-protobuf-1.17.1.jar:/home/user/.m2/repository/com/google/api/grpc/proto-google-common-protos/1.0.0/proto-google-common-protos-1.0.0.jar:/home/user/.m2/repository/io/grpc/grpc-protobuf-lite/1.17.1/grpc-protobuf-lite-1.17.1.jar:/home/user/.m2/repository/io/grpc/grpc-stub/1.17.1/grpc-stub-1.17.1.jar:/home/user/.m2/repository/org/apache/hadoop/hadoop-ozone-recon/0.5.0-SNAPSHOT/hadoop-ozone-recon-0.5.0-SNAPSHOT.jar:/home/user/.m2/repository/org/apache/hadoop/hadoop-ozone-reconcodegen/0.5.0-SNAPSHOT/hadoop-ozone-reconcodegen-0.5.0-SNAPSHOT.jar:/home/user/.m2/repository/com/google/inject/extensions/guice-multibindings/4.0/guice-multibindings-4.0.jar:/home/user/.m2/repository/com/google/inject/guice/4.0/guice-4.0.jar:/home/user/.m2/repository/aopalliance/aopalliance/1.0/aopalliance-1.0.jar:/home/user/.m2/repository/com/google/inject/extensions/guice-servlet/4.0/guice-servlet-4.0.jar:/home/user/.m2/repository/org/glassfish/jersey/containers/jersey-container-servlet/2.27/jersey-container-servlet-2.27.jar:/home/user/.m2/repository/org/glassfish/hk2/guice-bridge/2.5.0/guice-bridge-2.5.0.jar:/home/user/.m2/repository/org/glassfish/jersey/core/jersey-server/2.27/jersey-server-2.27.jar:/home/user/.m2/repository/org/glassfish/jersey/core/jersey-client/2.27/jersey-client-2.27.jar:/home/user/.m2/repository/org/glassfish/jersey/media/jersey-media-jaxb/2.27/jersey-media-jaxb-2.27.jar:/home/user/.m2/repository/javax/validation/validation-api/1.1.0.Final/validation-api-1.1.0.Final.jar:/home/user/.m2/repository/org/glassfish/jersey/media/jersey-media-json-jackson/2.27/jersey-media-json-jackson-2.27.jar:/home/user/.m2/repository/org/glassfish/jersey/ext/jersey-entity-filtering/2.27/jersey-entity-filtering-2.27.jar:/home/user/.m2/repository/com/google/inject/extensions/guice-assistedinject/4.0/guice-assistedinject-4.0.jar:/home/user/.m2/repository/org/jooq/jooq/3.11.10/jooq-3.11.10.jar:/home/user/.m2/repository/org/jooq/jooq-meta/3.11.10/jooq-meta-3.11.10.jar:/home/user/.m2/repository/org/jooq/jooq-codegen/3.11.10/jooq-codegen-3.11.10.jar:/home/user/.m2/repository/com/jolbox/bonecp/0.8.0.RELEASE/bonecp-0.8.0.RELEASE.jar:/home/user/.m2/repository/org/xerial/sqlite-jdbc/3.25.2/sqlite-jdbc-3.25.2.jar:/home/user/.m2/repository/org/springframework/spring-jdbc/5.1.3.RELEASE/spring-jdbc-5.1.3.RELEASE.jar:/home/user/.m2/repository/org/springframework/spring-beans/5.1.3.RELEASE/spring-beans-5.1.3.RELEASE.jar:/home/user/.m2/repository/org/springframework/spring-core/5.1.3.RELEASE/spring-core-5.1.3.RELEASE.jar:/home/user/.m2/repository/org/springframework/spring-jcl/5.1.3.RELEASE/spring-jcl-5.1.3.RELEASE.jar:/home/user/.m2/repository/org/springframework/spring-tx/5.1.3.RELEASE/spring-tx-5.1.3.RELEASE.jar:/home/user/.m2/repository/org/apache/hadoop/hadoop-ozone-client/0.5.0-SNAPSHOT/hadoop-ozone-client-0.5.0-SNAPSHOT.jar:/home/user/.m2/repository/commons-lang/commons-lang/2.6/commons-lang-2.6.jar:/home/user/.m2/repository/org/apache/hadoop/hadoop-ozone-ozone-manager/0.5.0-SNAPSHOT/hadoop-ozone-ozone-manager-0.5.0-SNAPSHOT-tests.jar:/home/user/.m2/repository/junit/junit/4.11/junit-4.11.jar:/home/user/.m2/repository/org/hamcrest/hamcrest-core/1.3/hamcrest-core-1.3.jar:/home/user/.m2/repository/org/openjdk/jmh/jmh-core/1.19/jmh-core-1.19.jar:/home/user/.m2/repository/net/sf/jopt-simple/jopt-simple/4.6/jopt-simple-4.6.jar:/home/user/.m2/repository/org/apache/commons/commons-math3/3.1.1/commons-math3-3.1.1.jar:/home/user/.m2/repository/org/openjdk/jmh/jmh-generator-annprocess/1.19/jmh-generator-annprocess-1.19.jar:/home/user/.m2/repository/org/mockito/mockito-all/1.8.5/mockito-all-1.8.5.jar:/home/user/.m2/repository/org/apache/hadoop/hadoop-kms/3.2.0/hadoop-kms-3.2.0.jar:/home/user/.m2/repository/org/apache/hadoop/hadoop-auth/3.2.0/hadoop-auth-3.2.0.jar:/home/user/.m2/repository/com/nimbusds/nimbus-jose-jwt/4.41.1/nimbus-jose-jwt-4.41.1.jar:/home/user/.m2/repository/com/github/stephenc/jcip/jcip-annotations/1.0-1/jcip-annotations-1.0-1.jar:/home/user/.m2/repository/net/minidev/json-smart/2.3/json-smart-2.3.jar:/home/user/.m2/repository/net/minidev/accessors-smart/1.2/accessors-smart-1.2.jar:/home/user/.m2/repository/org/ow2/asm/asm/5.0.4/asm-5.0.4.jar:/home/user/.m2/repository/org/apache/curator/curator-framework/2.12.0/curator-framework-2.12.0.jar:/home/user/.m2/repository/com/sun/jersey/jersey-core/1.19/jersey-core-1.19.jar:/home/user/.m2/repository/javax/ws/rs/jsr311-api/1.1.1/jsr311-api-1.1.1.jar:/home/user/.m2/repository/com/sun/jersey/jersey-server/1.19/jersey-server-1.19.jar:/home/user/.m2/repository/javax/servlet/javax.servlet-api/3.1.0/javax.servlet-api-3.1.0.jar:/home/user/.m2/repository/org/eclipse/jetty/jetty-server/9.3.25.v20180904/jetty-server-9.3.25.v20180904.jar:/home/user/.m2/repository/org/eclipse/jetty/jetty-http/9.3.25.v20180904/jetty-http-9.3.25.v20180904.jar:/home/user/.m2/repository/org/eclipse/jetty/jetty-io/9.3.25.v20180904/jetty-io-9.3.25.v20180904.jar:/home/user/.m2/repository/org/eclipse/jetty/jetty-webapp/9.3.25.v20180904/jetty-webapp-9.3.25.v20180904.jar:/home/user/.m2/repository/org/eclipse/jetty/jetty-xml/9.3.25.v20180904/jetty-xml-9.3.25.v20180904.jar:/home/user/.m2/repository/log4j/log4j/1.2.17/log4j-1.2.17.jar:/home/user/.m2/repository/org/slf4j/slf4j-api/1.7.25/slf4j-api-1.7.25.jar:/home/user/.m2/repository/org/slf4j/jul-to-slf4j/1.7.25/jul-to-slf4j-1.7.25.jar:/home/user/.m2/repository/org/eclipse/jetty/jetty-util/9.3.25.v20180904/jetty-util-9.3.25.v20180904.jar:/home/user/.m2/repository/com/fasterxml/jackson/core/jackson-databind/2.9.9/jackson-databind-2.9.9.jar:/home/user/.m2/repository/org/apache/hadoop/hadoop-kms/3.2.0/hadoop-kms-3.2.0-tests.jar:/home/user/.m2/repository/org/apache/hadoop/hadoop-hdds-server-scm/0.5.0-SNAPSHOT/hadoop-hdds-server-scm-0.5.0-SNAPSHOT-tests.jar:/home/user/.m2/repository/org/apache/hadoop/hadoop-hdds-container-service/0.5.0-SNAPSHOT/hadoop-hdds-container-service-0.5.0-SNAPSHOT-tests.jar:/home/user/.m2/repository/org/yaml/snakeyaml/1.16/snakeyaml-1.16.jar:/home/user/.m2/repository/org/apache/hadoop/hadoop-common/3.2.0/hadoop-common-3.2.0-tests.jar:/home/user/.m2/repository/org/apache/hadoop/hadoop-annotations/3.2.0/hadoop-annotations-3.2.0.jar:/usr/lib/jvm/java-1.8-openjdk/jre/../lib/tools.jar:/home/user/.m2/repository/commons-cli/commons-cli/1.2/commons-cli-1.2.jar:/home/user/.m2/repository/org/apache/httpcomponents/httpclient/4.5.2/httpclient-4.5.2.jar:/home/user/.m2/repository/org/apache/httpcomponents/httpcore/4.4.4/httpcore-4.4.4.jar:/home/user/.m2/repository/commons-codec/commons-codec/1.11/commons-codec-1.11.jar:/home/user/.m2/repository/commons-net/commons-net/3.6/commons-net-3.6.jar:/home/user/.m2/repository/commons-collections/commons-collections/3.2.2/commons-collections-3.2.2.jar:/home/user/.m2/repository/org/eclipse/jetty/jetty-servlet/9.3.25.v20180904/jetty-servlet-9.3.25.v20180904.jar:/home/user/.m2/repository/org/eclipse/jetty/jetty-security/9.3.25.v20180904/jetty-security-9.3.25.v20180904.jar:/home/user/.m2/repository/javax/servlet/jsp/jsp-api/2.1/jsp-api-2.1.jar:/home/user/.m2/repository/com/sun/jersey/jersey-servlet/1.19/jersey-servlet-1.19.jar:/home/user/.m2/repository/com/sun/jersey/jersey-json/1.19/jersey-json-1.19.jar:/home/user/.m2/repository/org/codehaus/jettison/jettison/1.1/jettison-1.1.jar:/home/user/.m2/repository/org/codehaus/jackson/jackson-core-asl/1.9.13/jackson-core-asl-1.9.13.jar:/home/user/.m2/repository/org/codehaus/jackson/jackson-mapper-asl/1.9.13/jackson-mapper-asl-1.9.13.jar:/home/user/.m2/repository/org/codehaus/jackson/jackson-jaxrs/1.9.13/jackson-jaxrs-1.9.13.jar:/home/user/.m2/repository/org/codehaus/jackson/jackson-xc/1.9.13/jackson-xc-1.9.13.jar:/home/user/.m2/repository/commons-logging/commons-logging/1.1.3/commons-logging-1.1.3.jar:/home/user/.m2/repository/commons-beanutils/commons-beanutils/1.9.4/commons-beanutils-1.9.4.jar:/home/user/.m2/repository/org/apache/commons/commons-configuration2/2.1.1/commons-configuration2-2.1.1.jar:/home/user/.m2/repository/org/apache/commons/commons-lang3/3.7/commons-lang3-3.7.jar:/home/user/.m2/repository/org/apache/commons/commons-text/1.4/commons-text-1.4.jar:/home/user/.m2/repository/org/apache/avro/avro/1.7.7/avro-1.7.7.jar:/home/user/.m2/repository/com/thoughtworks/paranamer/paranamer/2.3/paranamer-2.3.jar:/home/user/.m2/repository/org/xerial/snappy/snappy-java/1.0.5/snappy-java-1.0.5.jar:/home/user/.m2/repository/com/google/re2j/re2j/1.1/re2j-1.1.jar:/home/user/.m2/repository/com/google/code/gson/gson/2.2.4/gson-2.2.4.jar:/home/user/.m2/repository/com/jcraft/jsch/0.1.54/jsch-0.1.54.jar:/home/user/.m2/repository/org/apache/curator/curator-client/2.12.0/curator-client-2.12.0.jar:/home/user/.m2/repository/org/apache/curator/curator-recipes/2.12.0/curator-recipes-2.12.0.jar:/home/user/.m2/repository/com/google/code/findbugs/jsr305/3.0.0/jsr305-3.0.0.jar:/home/user/.m2/repository/org/apache/htrace/htrace-core4/4.1.0-incubating/htrace-core4-4.1.0-incubating.jar:/home/user/.m2/repository/org/apache/zookeeper/zookeeper/3.4.13/zookeeper-3.4.13.jar:/home/user/.m2/repository/jline/jline/0.9.94/jline-0.9.94.jar:/home/user/.m2/repository/org/apache/yetus/audience-annotations/0.5.0/audience-annotations-0.5.0.jar:/home/user/.m2/repository/org/codehaus/woodstox/stax2-api/3.1.4/stax2-api-3.1.4.jar:/home/user/.m2/repository/com/fasterxml/woodstox/woodstox-core/5.0.3/woodstox-core-5.0.3.jar:/home/user/.m2/repository/dnsjava/dnsjava/2.1.7/dnsjava-2.1.7.jar:/home/user/.m2/repository/org/apache/hadoop/hadoop-hdfs/3.2.0/hadoop-hdfs-3.2.0-tests.jar:/home/user/.m2/repository/org/eclipse/jetty/jetty-util-ajax/9.3.25.v20180904/jetty-util-ajax-9.3.25.v20180904.jar:/home/user/.m2/repository/commons-daemon/commons-daemon/1.0.13/commons-daemon-1.0.13.jar:/home/user/.m2/repository/io/netty/netty/3.10.5.Final/netty-3.10.5.Final.jar:/home/user/.m2/repository/io/netty/netty-all/4.0.52.Final/netty-all-4.0.52.Final.jar:/home/user/.m2/repository/org/fusesource/leveldbjni/leveldbjni-all/1.8/leveldbjni-all-1.8.jar:"/>
    <property name="java.vm.vendor" value="IcedTea"/>
    <property name="sun.arch.data.model" value="64"/>
    <property name="test.build.dir" value="/workdir/hadoop-ozone/integration-test/target/test-dir"/>
    <property name="test.cache.data" value=""/>
    <property name="java.vendor.url" value="https://icedtea.classpath.org"/>
    <property name="user.timezone" value=""/>
    <property name="java.vm.specification.version" value="1.8"/>
    <property name="os.name" value="Linux"/>
    <property name="test.build.data" value="/workdir/hadoop-ozone/integration-test/target/test-dir"/>
    <property name="user.country" value="US"/>
    <property name="sun.java.launcher" value="SUN_STANDARD"/>
    <property name="sun.boot.library.path" value="/usr/lib/jvm/java-1.8-openjdk/jre/lib/amd64"/>
    <property name="sun.java.command" value="/workdir/hadoop-ozone/integration-test/target/surefire/surefirebooter6222760647746863072.jar /workdir/hadoop-ozone/integration-test/target/surefire 2019-10-11T02-50-46_393-jvmRun1 surefire8294838092643889837tmp surefire_641854425313814505409tmp"/>
    <property name="test" value="!TestMiniChaosOzoneCluster"/>
    <property name="surefire.test.class.path" value="/workdir/hadoop-ozone/integration-test/target/test-classes:/workdir/hadoop-ozone/integration-test/target/classes:/home/user/.m2/repository/org/apache/hadoop/hadoop-ozone-common/0.5.0-SNAPSHOT/hadoop-ozone-common-0.5.0-SNAPSHOT.jar:/home/user/.m2/repository/org/apache/commons/commons-compress/1.4.1/commons-compress-1.4.1.jar:/home/user/.m2/repository/org/tukaani/xz/1.0/xz-1.0.jar:/home/user/.m2/repository/org/apache/hadoop/hadoop-common/3.2.0/hadoop-common-3.2.0.jar:/home/user/.m2/repository/org/apache/hadoop/hadoop-hdfs/3.2.0/hadoop-hdfs-3.2.0.jar:/home/user/.m2/repository/org/apache/hadoop/hadoop-hdfs-client/3.2.0/hadoop-hdfs-client-3.2.0.jar:/home/user/.m2/repository/com/fasterxml/jackson/core/jackson-annotations/2.9.9/jackson-annotations-2.9.9.jar:/home/user/.m2/repository/org/apache/hadoop/hadoop-hdds-common/0.5.0-SNAPSHOT/hadoop-hdds-common-0.5.0-SNAPSHOT.jar:/home/user/.m2/repository/javax/annotation/javax.annotation-api/1.2/javax.annotation-api-1.2.jar:/home/user/.m2/repository/org/apache/ratis/ratis-server/0.5.0-201fc85-SNAPSHOT/ratis-server-0.5.0-201fc85-SNAPSHOT.jar:/home/user/.m2/repository/org/apache/ratis/ratis-thirdparty-misc/0.2.0/ratis-thirdparty-misc-0.2.0.jar:/home/user/.m2/repository/org/apache/ratis/ratis-proto/0.5.0-201fc85-SNAPSHOT/ratis-proto-0.5.0-201fc85-SNAPSHOT.jar:/home/user/.m2/repository/org/apache/ratis/ratis-common/0.5.0-201fc85-SNAPSHOT/ratis-common-0.5.0-201fc85-SNAPSHOT.jar:/home/user/.m2/repository/org/apache/ratis/ratis-client/0.5.0-201fc85-SNAPSHOT/ratis-client-0.5.0-201fc85-SNAPSHOT.jar:/home/user/.m2/repository/org/apache/ratis/ratis-metrics/0.5.0-201fc85-SNAPSHOT/ratis-metrics-0.5.0-201fc85-SNAPSHOT.jar:/home/user/.m2/repository/com/github/joshelser/dropwizard-metrics-hadoop-metrics2-reporter/0.1.2/dropwizard-metrics-hadoop-metrics2-reporter-0.1.2.jar:/home/user/.m2/repository/io/dropwizard/metrics/metrics-jvm/3.2.5/metrics-jvm-3.2.5.jar:/home/user/.m2/repository/io/dropwizard/metrics/metrics-ganglia/3.2.5/metrics-ganglia-3.2.5.jar:/home/user/.m2/repository/info/ganglia/gmetric4j/gmetric4j/1.0.7/gmetric4j-1.0.7.jar:/home/user/.m2/repository/org/apache/ratis/ratis-netty/0.5.0-201fc85-SNAPSHOT/ratis-netty-0.5.0-201fc85-SNAPSHOT.jar:/home/user/.m2/repository/org/apache/ratis/ratis-grpc/0.5.0-201fc85-SNAPSHOT/ratis-grpc-0.5.0-201fc85-SNAPSHOT.jar:/home/user/.m2/repository/org/rocksdb/rocksdbjni/6.0.1/rocksdbjni-6.0.1.jar:/home/user/.m2/repository/org/apache/logging/log4j/log4j-api/2.11.0/log4j-api-2.11.0.jar:/home/user/.m2/repository/org/apache/logging/log4j/log4j-core/2.11.0/log4j-core-2.11.0.jar:/home/user/.m2/repository/com/lmax/disruptor/3.4.2/disruptor-3.4.2.jar:/home/user/.m2/repository/org/apache/commons/commons-pool2/2.6.0/commons-pool2-2.6.0.jar:/home/user/.m2/repository/org/bouncycastle/bcpkix-jdk15on/1.60/bcpkix-jdk15on-1.60.jar:/home/user/.m2/repository/commons-validator/commons-validator/1.6/commons-validator-1.6.jar:/home/user/.m2/repository/commons-digester/commons-digester/1.8.1/commons-digester-1.8.1.jar:/home/user/.m2/repository/io/jaegertracing/jaeger-client/0.34.0/jaeger-client-0.34.0.jar:/home/user/.m2/repository/io/jaegertracing/jaeger-thrift/0.34.0/jaeger-thrift-0.34.0.jar:/home/user/.m2/repository/org/apache/thrift/libthrift/0.12.0/libthrift-0.12.0.jar:/home/user/.m2/repository/com/squareup/okhttp3/okhttp/3.9.0/okhttp-3.9.0.jar:/home/user/.m2/repository/com/squareup/okio/okio/1.13.0/okio-1.13.0.jar:/home/user/.m2/repository/io/jaegertracing/jaeger-core/0.34.0/jaeger-core-0.34.0.jar:/home/user/.m2/repository/io/jaegertracing/jaeger-tracerresolver/0.34.0/jaeger-tracerresolver-0.34.0.jar:/home/user/.m2/repository/io/opentracing/contrib/opentracing-tracerresolver/0.1.5/opentracing-tracerresolver-0.1.5.jar:/home/user/.m2/repository/io/opentracing/opentracing-util/0.31.0/opentracing-util-0.31.0.jar:/home/user/.m2/repository/io/opentracing/opentracing-api/0.31.0/opentracing-api-0.31.0.jar:/home/user/.m2/repository/io/opentracing/opentracing-noop/0.31.0/opentracing-noop-0.31.0.jar:/home/user/.m2/repository/org/apache/hadoop/hadoop-hdds-server-framework/0.5.0-SNAPSHOT/hadoop-hdds-server-framework-0.5.0-SNAPSHOT.jar:/home/user/.m2/repository/org/apache/hadoop/hadoop-hdds-container-service/0.5.0-SNAPSHOT/hadoop-hdds-container-service-0.5.0-SNAPSHOT.jar:/home/user/.m2/repository/org/apache/hadoop/hadoop-hdds-client/0.5.0-SNAPSHOT/hadoop-hdds-client-0.5.0-SNAPSHOT.jar:/home/user/.m2/repository/org/apache/hadoop/hadoop-hdds-tools/0.5.0-SNAPSHOT/hadoop-hdds-tools-0.5.0-SNAPSHOT.jar:/home/user/.m2/repository/org/apache/hadoop/hadoop-hdds-server-scm/0.5.0-SNAPSHOT/hadoop-hdds-server-scm-0.5.0-SNAPSHOT.jar:/home/user/.m2/repository/org/apache/hadoop/hadoop-hdds-docs/0.5.0-SNAPSHOT/hadoop-hdds-docs-0.5.0-SNAPSHOT.jar:/home/user/.m2/repository/io/dropwizard/metrics/metrics-core/3.2.4/metrics-core-3.2.4.jar:/home/user/.m2/repository/org/hamcrest/hamcrest-all/1.3/hamcrest-all-1.3.jar:/home/user/.m2/repository/org/bouncycastle/bcprov-jdk15on/1.60/bcprov-jdk15on-1.60.jar:/home/user/.m2/repository/info/picocli/picocli/3.9.6/picocli-3.9.6.jar:/home/user/.m2/repository/com/google/protobuf/protobuf-java/2.5.0/protobuf-java-2.5.0.jar:/home/user/.m2/repository/com/google/guava/guava/11.0.2/guava-11.0.2.jar:/home/user/.m2/repository/org/apache/hadoop/hadoop-ozone-ozone-manager/0.5.0-SNAPSHOT/hadoop-ozone-ozone-manager-0.5.0-SNAPSHOT.jar:/home/user/.m2/repository/org/apache/hadoop/hadoop-minikdc/3.2.0/hadoop-minikdc-3.2.0.jar:/home/user/.m2/repository/commons-io/commons-io/2.5/commons-io-2.5.jar:/home/user/.m2/repository/org/apache/kerby/kerb-simplekdc/1.0.1/kerb-simplekdc-1.0.1.jar:/home/user/.m2/repository/org/apache/kerby/kerb-client/1.0.1/kerb-client-1.0.1.jar:/home/user/.m2/repository/org/apache/kerby/kerby-config/1.0.1/kerby-config-1.0.1.jar:/home/user/.m2/repository/org/apache/kerby/kerb-core/1.0.1/kerb-core-1.0.1.jar:/home/user/.m2/repository/org/apache/kerby/kerby-pkix/1.0.1/kerby-pkix-1.0.1.jar:/home/user/.m2/repository/org/apache/kerby/kerby-asn1/1.0.1/kerby-asn1-1.0.1.jar:/home/user/.m2/repository/org/apache/kerby/kerby-util/1.0.1/kerby-util-1.0.1.jar:/home/user/.m2/repository/org/apache/kerby/kerb-common/1.0.1/kerb-common-1.0.1.jar:/home/user/.m2/repository/org/apache/kerby/kerb-crypto/1.0.1/kerb-crypto-1.0.1.jar:/home/user/.m2/repository/org/apache/kerby/kerb-util/1.0.1/kerb-util-1.0.1.jar:/home/user/.m2/repository/org/apache/kerby/token-provider/1.0.1/token-provider-1.0.1.jar:/home/user/.m2/repository/org/apache/kerby/kerb-admin/1.0.1/kerb-admin-1.0.1.jar:/home/user/.m2/repository/org/apache/kerby/kerb-server/1.0.1/kerb-server-1.0.1.jar:/home/user/.m2/repository/org/apache/kerby/kerb-identity/1.0.1/kerb-identity-1.0.1.jar:/home/user/.m2/repository/org/apache/kerby/kerby-xdr/1.0.1/kerby-xdr-1.0.1.jar:/home/user/.m2/repository/org/slf4j/slf4j-log4j12/1.7.25/slf4j-log4j12-1.7.25.jar:/home/user/.m2/repository/org/apache/hadoop/hadoop-ozone-s3gateway/0.5.0-SNAPSHOT/hadoop-ozone-s3gateway-0.5.0-SNAPSHOT.jar:/home/user/.m2/repository/org/jboss/weld/servlet/weld-servlet/2.4.7.Final/weld-servlet-2.4.7.Final.jar:/home/user/.m2/repository/org/glassfish/jersey/containers/jersey-container-servlet-core/2.27/jersey-container-servlet-core-2.27.jar:/home/user/.m2/repository/org/glassfish/hk2/external/javax.inject/2.5.0-b42/javax.inject-2.5.0-b42.jar:/home/user/.m2/repository/org/glassfish/jersey/core/jersey-common/2.27/jersey-common-2.27.jar:/home/user/.m2/repository/org/glassfish/hk2/osgi-resource-locator/1.0.1/osgi-resource-locator-1.0.1.jar:/home/user/.m2/repository/javax/ws/rs/javax.ws.rs-api/2.1/javax.ws.rs-api-2.1.jar:/home/user/.m2/repository/org/glassfish/jersey/ext/cdi/jersey-cdi1x/2.27/jersey-cdi1x-2.27.jar:/home/user/.m2/repository/org/glassfish/jersey/inject/jersey-hk2/2.27/jersey-hk2-2.27.jar:/home/user/.m2/repository/org/glassfish/hk2/hk2-locator/2.5.0-b42/hk2-locator-2.5.0-b42.jar:/home/user/.m2/repository/org/javassist/javassist/3.22.0-CR2/javassist-3.22.0-CR2.jar:/home/user/.m2/repository/org/glassfish/hk2/hk2-api/2.5.0/hk2-api-2.5.0.jar:/home/user/.m2/repository/org/glassfish/hk2/external/jakarta.inject/2.5.0/jakarta.inject-2.5.0.jar:/home/user/.m2/repository/org/glassfish/hk2/hk2-utils/2.5.0/hk2-utils-2.5.0.jar:/home/user/.m2/repository/jakarta/annotation/jakarta.annotation-api/1.3.4/jakarta.annotation-api-1.3.4.jar:/home/user/.m2/repository/org/glassfish/hk2/external/aopalliance-repackaged/2.5.0/aopalliance-repackaged-2.5.0.jar:/home/user/.m2/repository/com/fasterxml/jackson/dataformat/jackson-dataformat-xml/2.9.0/jackson-dataformat-xml-2.9.0.jar:/home/user/.m2/repository/com/fasterxml/jackson/core/jackson-core/2.9.9/jackson-core-2.9.9.jar:/home/user/.m2/repository/com/fasterxml/jackson/module/jackson-module-jaxb-annotations/2.9.9/jackson-module-jaxb-annotations-2.9.9.jar:/home/user/.m2/repository/javax/enterprise/cdi-api/1.2/cdi-api-1.2.jar:/home/user/.m2/repository/javax/el/javax.el-api/3.0.0/javax.el-api-3.0.0.jar:/home/user/.m2/repository/javax/interceptor/javax.interceptor-api/1.2/javax.interceptor-api-1.2.jar:/home/user/.m2/repository/javax/inject/javax.inject/1/javax.inject-1.jar:/home/user/.m2/repository/com/sun/xml/bind/jaxb-impl/2.3.0.1/jaxb-impl-2.3.0.1.jar:/home/user/.m2/repository/com/sun/xml/bind/jaxb-core/2.3.0.1/jaxb-core-2.3.0.1.jar:/home/user/.m2/repository/javax/xml/bind/jaxb-api/2.3.0/jaxb-api-2.3.0.jar:/home/user/.m2/repository/javax/activation/activation/1.1.1/activation-1.1.1.jar:/home/user/.m2/repository/org/apache/hadoop/hadoop-ozone-csi/0.5.0-SNAPSHOT/hadoop-ozone-csi-0.5.0-SNAPSHOT.jar:/home/user/.m2/repository/com/google/protobuf/protobuf-java-util/3.5.1/protobuf-java-util-3.5.1.jar:/home/user/.m2/repository/org/apache/hadoop/hadoop-hdds-config/0.5.0-SNAPSHOT/hadoop-hdds-config-0.5.0-SNAPSHOT.jar:/home/user/.m2/repository/io/grpc/grpc-netty/1.17.1/grpc-netty-1.17.1.jar:/home/user/.m2/repository/io/grpc/grpc-core/1.17.1/grpc-core-1.17.1.jar:/home/user/.m2/repository/io/grpc/grpc-context/1.17.1/grpc-context-1.17.1.jar:/home/user/.m2/repository/com/google/errorprone/error_prone_annotations/2.2.0/error_prone_annotations-2.2.0.jar:/home/user/.m2/repository/org/codehaus/mojo/animal-sniffer-annotations/1.17/animal-sniffer-annotations-1.17.jar:/home/user/.m2/repository/io/opencensus/opencensus-api/0.17.0/opencensus-api-0.17.0.jar:/home/user/.m2/repository/io/opencensus/opencensus-contrib-grpc-metrics/0.17.0/opencensus-contrib-grpc-metrics-0.17.0.jar:/home/user/.m2/repository/io/netty/netty-codec-http2/4.1.30.Final/netty-codec-http2-4.1.30.Final.jar:/home/user/.m2/repository/io/netty/netty-codec-http/4.1.30.Final/netty-codec-http-4.1.30.Final.jar:/home/user/.m2/repository/io/netty/netty-codec/4.1.30.Final/netty-codec-4.1.30.Final.jar:/home/user/.m2/repository/io/netty/netty-handler/4.1.30.Final/netty-handler-4.1.30.Final.jar:/home/user/.m2/repository/io/netty/netty-handler-proxy/4.1.30.Final/netty-handler-proxy-4.1.30.Final.jar:/home/user/.m2/repository/io/netty/netty-codec-socks/4.1.30.Final/netty-codec-socks-4.1.30.Final.jar:/home/user/.m2/repository/io/netty/netty-transport-native-epoll/4.1.30.Final/netty-transport-native-epoll-4.1.30.Final.jar:/home/user/.m2/repository/io/netty/netty-common/4.1.30.Final/netty-common-4.1.30.Final.jar:/home/user/.m2/repository/io/netty/netty-buffer/4.1.30.Final/netty-buffer-4.1.30.Final.jar:/home/user/.m2/repository/io/netty/netty-transport/4.1.30.Final/netty-transport-4.1.30.Final.jar:/home/user/.m2/repository/io/netty/netty-resolver/4.1.30.Final/netty-resolver-4.1.30.Final.jar:/home/user/.m2/repository/io/netty/netty-transport-native-unix-common/4.1.30.Final/netty-transport-native-unix-common-4.1.30.Final.jar:/home/user/.m2/repository/io/grpc/grpc-protobuf/1.17.1/grpc-protobuf-1.17.1.jar:/home/user/.m2/repository/com/google/api/grpc/proto-google-common-protos/1.0.0/proto-google-common-protos-1.0.0.jar:/home/user/.m2/repository/io/grpc/grpc-protobuf-lite/1.17.1/grpc-protobuf-lite-1.17.1.jar:/home/user/.m2/repository/io/grpc/grpc-stub/1.17.1/grpc-stub-1.17.1.jar:/home/user/.m2/repository/org/apache/hadoop/hadoop-ozone-recon/0.5.0-SNAPSHOT/hadoop-ozone-recon-0.5.0-SNAPSHOT.jar:/home/user/.m2/repository/org/apache/hadoop/hadoop-ozone-reconcodegen/0.5.0-SNAPSHOT/hadoop-ozone-reconcodegen-0.5.0-SNAPSHOT.jar:/home/user/.m2/repository/com/google/inject/extensions/guice-multibindings/4.0/guice-multibindings-4.0.jar:/home/user/.m2/repository/com/google/inject/guice/4.0/guice-4.0.jar:/home/user/.m2/repository/aopalliance/aopalliance/1.0/aopalliance-1.0.jar:/home/user/.m2/repository/com/google/inject/extensions/guice-servlet/4.0/guice-servlet-4.0.jar:/home/user/.m2/repository/org/glassfish/jersey/containers/jersey-container-servlet/2.27/jersey-container-servlet-2.27.jar:/home/user/.m2/repository/org/glassfish/hk2/guice-bridge/2.5.0/guice-bridge-2.5.0.jar:/home/user/.m2/repository/org/glassfish/jersey/core/jersey-server/2.27/jersey-server-2.27.jar:/home/user/.m2/repository/org/glassfish/jersey/core/jersey-client/2.27/jersey-client-2.27.jar:/home/user/.m2/repository/org/glassfish/jersey/media/jersey-media-jaxb/2.27/jersey-media-jaxb-2.27.jar:/home/user/.m2/repository/javax/validation/validation-api/1.1.0.Final/validation-api-1.1.0.Final.jar:/home/user/.m2/repository/org/glassfish/jersey/media/jersey-media-json-jackson/2.27/jersey-media-json-jackson-2.27.jar:/home/user/.m2/repository/org/glassfish/jersey/ext/jersey-entity-filtering/2.27/jersey-entity-filtering-2.27.jar:/home/user/.m2/repository/com/google/inject/extensions/guice-assistedinject/4.0/guice-assistedinject-4.0.jar:/home/user/.m2/repository/org/jooq/jooq/3.11.10/jooq-3.11.10.jar:/home/user/.m2/repository/org/jooq/jooq-meta/3.11.10/jooq-meta-3.11.10.jar:/home/user/.m2/repository/org/jooq/jooq-codegen/3.11.10/jooq-codegen-3.11.10.jar:/home/user/.m2/repository/com/jolbox/bonecp/0.8.0.RELEASE/bonecp-0.8.0.RELEASE.jar:/home/user/.m2/repository/org/xerial/sqlite-jdbc/3.25.2/sqlite-jdbc-3.25.2.jar:/home/user/.m2/repository/org/springframework/spring-jdbc/5.1.3.RELEASE/spring-jdbc-5.1.3.RELEASE.jar:/home/user/.m2/repository/org/springframework/spring-beans/5.1.3.RELEASE/spring-beans-5.1.3.RELEASE.jar:/home/user/.m2/repository/org/springframework/spring-core/5.1.3.RELEASE/spring-core-5.1.3.RELEASE.jar:/home/user/.m2/repository/org/springframework/spring-jcl/5.1.3.RELEASE/spring-jcl-5.1.3.RELEASE.jar:/home/user/.m2/repository/org/springframework/spring-tx/5.1.3.RELEASE/spring-tx-5.1.3.RELEASE.jar:/home/user/.m2/repository/org/apache/hadoop/hadoop-ozone-client/0.5.0-SNAPSHOT/hadoop-ozone-client-0.5.0-SNAPSHOT.jar:/home/user/.m2/repository/commons-lang/commons-lang/2.6/commons-lang-2.6.jar:/home/user/.m2/repository/org/apache/hadoop/hadoop-ozone-ozone-manager/0.5.0-SNAPSHOT/hadoop-ozone-ozone-manager-0.5.0-SNAPSHOT-tests.jar:/home/user/.m2/repository/junit/junit/4.11/junit-4.11.jar:/home/user/.m2/repository/org/hamcrest/hamcrest-core/1.3/hamcrest-core-1.3.jar:/home/user/.m2/repository/org/openjdk/jmh/jmh-core/1.19/jmh-core-1.19.jar:/home/user/.m2/repository/net/sf/jopt-simple/jopt-simple/4.6/jopt-simple-4.6.jar:/home/user/.m2/repository/org/apache/commons/commons-math3/3.1.1/commons-math3-3.1.1.jar:/home/user/.m2/repository/org/openjdk/jmh/jmh-generator-annprocess/1.19/jmh-generator-annprocess-1.19.jar:/home/user/.m2/repository/org/mockito/mockito-all/1.8.5/mockito-all-1.8.5.jar:/home/user/.m2/repository/org/apache/hadoop/hadoop-kms/3.2.0/hadoop-kms-3.2.0.jar:/home/user/.m2/repository/org/apache/hadoop/hadoop-auth/3.2.0/hadoop-auth-3.2.0.jar:/home/user/.m2/repository/com/nimbusds/nimbus-jose-jwt/4.41.1/nimbus-jose-jwt-4.41.1.jar:/home/user/.m2/repository/com/github/stephenc/jcip/jcip-annotations/1.0-1/jcip-annotations-1.0-1.jar:/home/user/.m2/repository/net/minidev/json-smart/2.3/json-smart-2.3.jar:/home/user/.m2/repository/net/minidev/accessors-smart/1.2/accessors-smart-1.2.jar:/home/user/.m2/repository/org/ow2/asm/asm/5.0.4/asm-5.0.4.jar:/home/user/.m2/repository/org/apache/curator/curator-framework/2.12.0/curator-framework-2.12.0.jar:/home/user/.m2/repository/com/sun/jersey/jersey-core/1.19/jersey-core-1.19.jar:/home/user/.m2/repository/javax/ws/rs/jsr311-api/1.1.1/jsr311-api-1.1.1.jar:/home/user/.m2/repository/com/sun/jersey/jersey-server/1.19/jersey-server-1.19.jar:/home/user/.m2/repository/javax/servlet/javax.servlet-api/3.1.0/javax.servlet-api-3.1.0.jar:/home/user/.m2/repository/org/eclipse/jetty/jetty-server/9.3.25.v20180904/jetty-server-9.3.25.v20180904.jar:/home/user/.m2/repository/org/eclipse/jetty/jetty-http/9.3.25.v20180904/jetty-http-9.3.25.v20180904.jar:/home/user/.m2/repository/org/eclipse/jetty/jetty-io/9.3.25.v20180904/jetty-io-9.3.25.v20180904.jar:/home/user/.m2/repository/org/eclipse/jetty/jetty-webapp/9.3.25.v20180904/jetty-webapp-9.3.25.v20180904.jar:/home/user/.m2/repository/org/eclipse/jetty/jetty-xml/9.3.25.v20180904/jetty-xml-9.3.25.v20180904.jar:/home/user/.m2/repository/log4j/log4j/1.2.17/log4j-1.2.17.jar:/home/user/.m2/repository/org/slf4j/slf4j-api/1.7.25/slf4j-api-1.7.25.jar:/home/user/.m2/repository/org/slf4j/jul-to-slf4j/1.7.25/jul-to-slf4j-1.7.25.jar:/home/user/.m2/repository/org/eclipse/jetty/jetty-util/9.3.25.v20180904/jetty-util-9.3.25.v20180904.jar:/home/user/.m2/repository/com/fasterxml/jackson/core/jackson-databind/2.9.9/jackson-databind-2.9.9.jar:/home/user/.m2/repository/org/apache/hadoop/hadoop-kms/3.2.0/hadoop-kms-3.2.0-tests.jar:/home/user/.m2/repository/org/apache/hadoop/hadoop-hdds-server-scm/0.5.0-SNAPSHOT/hadoop-hdds-server-scm-0.5.0-SNAPSHOT-tests.jar:/home/user/.m2/repository/org/apache/hadoop/hadoop-hdds-container-service/0.5.0-SNAPSHOT/hadoop-hdds-container-service-0.5.0-SNAPSHOT-tests.jar:/home/user/.m2/repository/org/yaml/snakeyaml/1.16/snakeyaml-1.16.jar:/home/user/.m2/repository/org/apache/hadoop/hadoop-common/3.2.0/hadoop-common-3.2.0-tests.jar:/home/user/.m2/repository/org/apache/hadoop/hadoop-annotations/3.2.0/hadoop-annotations-3.2.0.jar:/usr/lib/jvm/java-1.8-openjdk/jre/../lib/tools.jar:/home/user/.m2/repository/commons-cli/commons-cli/1.2/commons-cli-1.2.jar:/home/user/.m2/repository/org/apache/httpcomponents/httpclient/4.5.2/httpclient-4.5.2.jar:/home/user/.m2/repository/org/apache/httpcomponents/httpcore/4.4.4/httpcore-4.4.4.jar:/home/user/.m2/repository/commons-codec/commons-codec/1.11/commons-codec-1.11.jar:/home/user/.m2/repository/commons-net/commons-net/3.6/commons-net-3.6.jar:/home/user/.m2/repository/commons-collections/commons-collections/3.2.2/commons-collections-3.2.2.jar:/home/user/.m2/repository/org/eclipse/jetty/jetty-servlet/9.3.25.v20180904/jetty-servlet-9.3.25.v20180904.jar:/home/user/.m2/repository/org/eclipse/jetty/jetty-security/9.3.25.v20180904/jetty-security-9.3.25.v20180904.jar:/home/user/.m2/repository/javax/servlet/jsp/jsp-api/2.1/jsp-api-2.1.jar:/home/user/.m2/repository/com/sun/jersey/jersey-servlet/1.19/jersey-servlet-1.19.jar:/home/user/.m2/repository/com/sun/jersey/jersey-json/1.19/jersey-json-1.19.jar:/home/user/.m2/repository/org/codehaus/jettison/jettison/1.1/jettison-1.1.jar:/home/user/.m2/repository/org/codehaus/jackson/jackson-core-asl/1.9.13/jackson-core-asl-1.9.13.jar:/home/user/.m2/repository/org/codehaus/jackson/jackson-mapper-asl/1.9.13/jackson-mapper-asl-1.9.13.jar:/home/user/.m2/repository/org/codehaus/jackson/jackson-jaxrs/1.9.13/jackson-jaxrs-1.9.13.jar:/home/user/.m2/repository/org/codehaus/jackson/jackson-xc/1.9.13/jackson-xc-1.9.13.jar:/home/user/.m2/repository/commons-logging/commons-logging/1.1.3/commons-logging-1.1.3.jar:/home/user/.m2/repository/commons-beanutils/commons-beanutils/1.9.4/commons-beanutils-1.9.4.jar:/home/user/.m2/repository/org/apache/commons/commons-configuration2/2.1.1/commons-configuration2-2.1.1.jar:/home/user/.m2/repository/org/apache/commons/commons-lang3/3.7/commons-lang3-3.7.jar:/home/user/.m2/repository/org/apache/commons/commons-text/1.4/commons-text-1.4.jar:/home/user/.m2/repository/org/apache/avro/avro/1.7.7/avro-1.7.7.jar:/home/user/.m2/repository/com/thoughtworks/paranamer/paranamer/2.3/paranamer-2.3.jar:/home/user/.m2/repository/org/xerial/snappy/snappy-java/1.0.5/snappy-java-1.0.5.jar:/home/user/.m2/repository/com/google/re2j/re2j/1.1/re2j-1.1.jar:/home/user/.m2/repository/com/google/code/gson/gson/2.2.4/gson-2.2.4.jar:/home/user/.m2/repository/com/jcraft/jsch/0.1.54/jsch-0.1.54.jar:/home/user/.m2/repository/org/apache/curator/curator-client/2.12.0/curator-client-2.12.0.jar:/home/user/.m2/repository/org/apache/curator/curator-recipes/2.12.0/curator-recipes-2.12.0.jar:/home/user/.m2/repository/com/google/code/findbugs/jsr305/3.0.0/jsr305-3.0.0.jar:/home/user/.m2/repository/org/apache/htrace/htrace-core4/4.1.0-incubating/htrace-core4-4.1.0-incubating.jar:/home/user/.m2/repository/org/apache/zookeeper/zookeeper/3.4.13/zookeeper-3.4.13.jar:/home/user/.m2/repository/jline/jline/0.9.94/jline-0.9.94.jar:/home/user/.m2/repository/org/apache/yetus/audience-annotations/0.5.0/audience-annotations-0.5.0.jar:/home/user/.m2/repository/org/codehaus/woodstox/stax2-api/3.1.4/stax2-api-3.1.4.jar:/home/user/.m2/repository/com/fasterxml/woodstox/woodstox-core/5.0.3/woodstox-core-5.0.3.jar:/home/user/.m2/repository/dnsjava/dnsjava/2.1.7/dnsjava-2.1.7.jar:/home/user/.m2/repository/org/apache/hadoop/hadoop-hdfs/3.2.0/hadoop-hdfs-3.2.0-tests.jar:/home/user/.m2/repository/org/eclipse/jetty/jetty-util-ajax/9.3.25.v20180904/jetty-util-ajax-9.3.25.v20180904.jar:/home/user/.m2/repository/commons-daemon/commons-daemon/1.0.13/commons-daemon-1.0.13.jar:/home/user/.m2/repository/io/netty/netty/3.10.5.Final/netty-3.10.5.Final.jar:/home/user/.m2/repository/io/netty/netty-all/4.0.52.Final/netty-all-4.0.52.Final.jar:/home/user/.m2/repository/org/fusesource/leveldbjni/leveldbjni-all/1.8/leveldbjni-all-1.8.jar:"/>
    <property name="sun.cpu.endian" value="little"/>
    <property name="user.home" value="/home/user"/>
    <property name="user.language" value="en"/>
    <property name="java.specification.vendor" value="Oracle Corporation"/>
    <property name="java.home" value="/usr/lib/jvm/java-1.8-openjdk/jre"/>
    <property name="java.security.krb5.conf" value="/workdir/hadoop-ozone/integration-test/target/test-classes/krb5.conf"/>
    <property name="basedir" value="/workdir/hadoop-ozone/integration-test"/>
    <property name="file.separator" value="/"/>
    <property name="line.separator" value="&#10;"/>
    <property name="java.vm.specification.vendor" value="Oracle Corporation"/>
    <property name="java.specification.name" value="Java Platform API Specification"/>
    <property name="java.awt.graphicsenv" value="sun.awt.X11GraphicsEnvironment"/>
    <property name="surefire.real.class.path" value="/workdir/hadoop-ozone/integration-test/target/surefire/surefirebooter6222760647746863072.jar"/>
    <property name="hadoop.log.dir" value="/workdir/hadoop-ozone/integration-test/target/log"/>
    <property name="sun.boot.class.path" value="/usr/lib/jvm/java-1.8-openjdk/jre/lib/resources.jar:/usr/lib/jvm/java-1.8-openjdk/jre/lib/rt.jar:/usr/lib/jvm/java-1.8-openjdk/jre/lib/sunrsasign.jar:/usr/lib/jvm/java-1.8-openjdk/jre/lib/jsse.jar:/usr/lib/jvm/java-1.8-openjdk/jre/lib/jce.jar:/usr/lib/jvm/java-1.8-openjdk/jre/lib/charsets.jar:/usr/lib/jvm/java-1.8-openjdk/jre/lib/jfr.jar:/usr/lib/jvm/java-1.8-openjdk/jre/classes"/>
    <property name="sun.management.compiler" value="HotSpot 64-Bit Tiered Compilers"/>
    <property name="java.runtime.version" value="1.8.0_212-b04"/>
    <property name="java.net.preferIPv4Stack" value="true"/>
    <property name="user.name" value="jenkins1000"/>
    <property name="path.separator" value=":"/>
    <property name="java.security.egd" value="file:///dev/urandom"/>
    <property name="os.version" value="3.10.0-957.12.2.el7.x86_64"/>
    <property name="java.endorsed.dirs" value="/usr/lib/jvm/java-1.8-openjdk/jre/lib/endorsed"/>
    <property name="java.runtime.name" value="OpenJDK Runtime Environment"/>
    <property name="file.encoding" value="UTF-8"/>
    <property name="java.vm.name" value="OpenJDK 64-Bit Server VM"/>
    <property name="test.build.webapps" value=""/>
    <property name="localRepository" value="/home/user/.m2/repository"/>
    <property name="java.vendor.url.bug" value="https://icedtea.classpath.org/bugzilla"/>
    <property name="java.io.tmpdir" value="/tmp"/>
    <property name="require.test.libhadoop" value=""/>
    <property name="java.version" value="1.8.0_212"/>
    <property name="user.dir" value="/workdir/hadoop-ozone/integration-test"/>
    <property name="os.arch" value="amd64"/>
    <property name="java.vm.specification.name" value="Java Virtual Machine Specification"/>
    <property name="test.build.classes" value="/workdir/hadoop-ozone/integration-test/target/test-classes"/>
    <property name="java.awt.printerjob" value="sun.print.PSPrinterJob"/>
    <property name="sun.os.patch.level" value="unknown"/>
    <property name="hadoop.tmp.dir" value="/workdir/hadoop-ozone/integration-test/target/tmp"/>
    <property name="java.library.path" value="/usr/lib/jvm/java-1.8-openjdk/jre/lib/amd64/server:/usr/lib/jvm/java-1.8-openjdk/jre/lib/amd64:/usr/lib/jvm/java-1.8-openjdk/jre/../lib/amd64:/workdir/hadoop-ozone/integration-test/target/native/target/usr/local/lib:/workdir/hadoop-ozone/integration-test/../../hadoop-common-project/hadoop-common/target/native/target/usr/local/lib:/usr/java/packages/lib/amd64:/usr/lib64:/lib64:/lib:/usr/lib"/>
    <property name="java.vm.info" value="mixed mode"/>
    <property name="java.vendor" value="IcedTea"/>
    <property name="java.vm.version" value="25.212-b04"/>
    <property name="java.ext.dirs" value="/usr/lib/jvm/java-1.8-openjdk/jre/lib/ext:/usr/java/packages/lib/ext"/>
    <property name="sun.io.unicode.encoding" value="UnicodeLittle"/>
    <property name="java.class.version" value="52.0"/>
  </properties>
  <testcase name="test2DatanodesFailure" classname="org.apache.hadoop.ozone.client.rpc.TestBlockOutputStreamWithFailures" time="109.872"/>
  <testcase name="testDatanodeFailureWithPreAllocation" classname="org.apache.hadoop.ozone.client.rpc.TestBlockOutputStreamWithFailures" time="224.06"/>
  <testcase name="testDatanodeFailureWithSingleNodeRatis" classname="org.apache.hadoop.ozone.client.rpc.TestBlockOutputStreamWithFailures" time="221.755"/>
  <testcase name="testWatchForCommitWithSingleNodeRatis" classname="org.apache.hadoop.ozone.client.rpc.TestBlockOutputStreamWithFailures" time="34.91"/>
  <testcase name="testWatchForCommitDatanodeFailure" classname="org.apache.hadoop.ozone.client.rpc.TestBlockOutputStreamWithFailures" time="33.274"/>
  <testcase name="testFailureWithPrimeSizedData" classname="org.apache.hadoop.ozone.client.rpc.TestBlockOutputStreamWithFailures" time="36.991">
    <failure message="expected:&lt;2&gt; but was:&lt;3&gt;" type="java.lang.AssertionError"><![CDATA[java.lang.AssertionError: expected:<2> but was:<3>
	at org.junit.Assert.fail(Assert.java:88)
	at org.junit.Assert.failNotEquals(Assert.java:743)
	at org.junit.Assert.assertEquals(Assert.java:118)
	at org.junit.Assert.assertEquals(Assert.java:555)
	at org.junit.Assert.assertEquals(Assert.java:542)
	at org.apache.hadoop.ozone.client.rpc.TestBlockOutputStreamWithFailures.testFailureWithPrimeSizedData(TestBlockOutputStreamWithFailures.java:635)
	at sun.reflect.NativeMethodAccessorImpl.invoke0(Native Method)
	at sun.reflect.NativeMethodAccessorImpl.invoke(NativeMethodAccessorImpl.java:62)
	at sun.reflect.DelegatingMethodAccessorImpl.invoke(DelegatingMethodAccessorImpl.java:43)
	at java.lang.reflect.Method.invoke(Method.java:498)
	at org.junit.runners.model.FrameworkMethod$1.runReflectiveCall(FrameworkMethod.java:47)
	at org.junit.internal.runners.model.ReflectiveCallable.run(ReflectiveCallable.java:12)
	at org.junit.runners.model.FrameworkMethod.invokeExplosively(FrameworkMethod.java:44)
	at org.junit.internal.runners.statements.InvokeMethod.evaluate(InvokeMethod.java:17)
	at org.junit.internal.runners.statements.RunBefores.evaluate(RunBefores.java:26)
	at org.junit.internal.runners.statements.RunAfters.evaluate(RunAfters.java:27)
	at org.junit.runners.ParentRunner.runLeaf(ParentRunner.java:271)
	at org.junit.runners.BlockJUnit4ClassRunner.runChild(BlockJUnit4ClassRunner.java:70)
	at org.junit.runners.BlockJUnit4ClassRunner.runChild(BlockJUnit4ClassRunner.java:50)
	at org.junit.runners.ParentRunner$3.run(ParentRunner.java:238)
	at org.junit.runners.ParentRunner$1.schedule(ParentRunner.java:63)
	at org.junit.runners.ParentRunner.runChildren(ParentRunner.java:236)
	at org.junit.runners.ParentRunner.access$000(ParentRunner.java:53)
	at org.junit.runners.ParentRunner$2.evaluate(ParentRunner.java:229)
	at org.junit.runners.ParentRunner.run(ParentRunner.java:309)
	at org.apache.maven.surefire.junit4.JUnit4Provider.execute(JUnit4Provider.java:365)
	at org.apache.maven.surefire.junit4.JUnit4Provider.executeWithRerun(JUnit4Provider.java:273)
	at org.apache.maven.surefire.junit4.JUnit4Provider.executeTestSet(JUnit4Provider.java:238)
	at org.apache.maven.surefire.junit4.JUnit4Provider.invoke(JUnit4Provider.java:159)
	at org.apache.maven.surefire.booter.ForkedBooter.invokeProviderInSameClassLoader(ForkedBooter.java:384)
	at org.apache.maven.surefire.booter.ForkedBooter.runSuitesInProcess(ForkedBooter.java:345)
	at org.apache.maven.surefire.booter.ForkedBooter.execute(ForkedBooter.java:126)
	at org.apache.maven.surefire.booter.ForkedBooter.main(ForkedBooter.java:418)
]]></failure>
    <system-out><![CDATA[2019-10-11 03:36:48,197 [main] WARN  server.ServerUtils (ServerUtils.java:getScmDbDir(145)) - ozone.scm.db.dirs is not configured. We recommend adding this setting. Falling back to ozone.metadata.dirs instead.
2019-10-11 03:36:48,201 [main] WARN  server.ServerUtils (ServerUtils.java:getScmDbDir(145)) - ozone.scm.db.dirs is not configured. We recommend adding this setting. Falling back to ozone.metadata.dirs instead.
2019-10-11 03:36:48,201 [main] WARN  server.ServerUtils (ServerUtils.java:getScmDbDir(145)) - ozone.scm.db.dirs is not configured. We recommend adding this setting. Falling back to ozone.metadata.dirs instead.
2019-10-11 03:36:48,202 [main] INFO  db.DBStoreBuilder (DBStoreBuilder.java:addTable(117)) - using custom profile for table: deletedBlocks
2019-10-11 03:36:48,202 [main] INFO  db.DBStoreBuilder (DBStoreBuilder.java:processTables(168)) - Using default column profile:DBProfile.DISK for Table:deletedBlocks
2019-10-11 03:36:48,202 [main] INFO  db.DBStoreBuilder (DBStoreBuilder.java:addTable(117)) - using custom profile for table: validCerts
2019-10-11 03:36:48,202 [main] INFO  db.DBStoreBuilder (DBStoreBuilder.java:processTables(168)) - Using default column profile:DBProfile.DISK for Table:validCerts
2019-10-11 03:36:48,202 [main] INFO  db.DBStoreBuilder (DBStoreBuilder.java:addTable(117)) - using custom profile for table: revokedCerts
2019-10-11 03:36:48,203 [main] INFO  db.DBStoreBuilder (DBStoreBuilder.java:processTables(168)) - Using default column profile:DBProfile.DISK for Table:revokedCerts
2019-10-11 03:36:48,203 [main] INFO  db.DBStoreBuilder (DBStoreBuilder.java:addTable(117)) - using custom profile for table: default
2019-10-11 03:36:48,203 [main] INFO  db.DBStoreBuilder (DBStoreBuilder.java:processTables(174)) - Using default column profile:DBProfile.DISK for Table:default
2019-10-11 03:36:48,203 [main] INFO  db.DBStoreBuilder (DBStoreBuilder.java:getDbProfile(205)) - Using default options. DBProfile.DISK
2019-10-11 03:36:48,350 [main] INFO  net.NodeSchemaLoader (NodeSchemaLoader.java:loadSchemaFromFile(125)) - Loading file from sun.misc.CompoundEnumeration@159ac15f
2019-10-11 03:36:48,351 [main] INFO  net.NodeSchemaLoader (NodeSchemaLoader.java:loadSchema(171)) - Loading network topology layer schema file
2019-10-11 03:36:48,355 [main] INFO  node.SCMNodeManager (SCMNodeManager.java:<init>(116)) - Entering startup safe mode.
2019-10-11 03:36:48,356 [main] INFO  algorithms.ContainerPlacementPolicyFactory (ContainerPlacementPolicyFactory.java:getPolicy(57)) - Create container placement policy of type org.apache.hadoop.hdds.scm.container.placement.algorithms.SCMContainerPlacementRandom
2019-10-11 03:36:48,356 [main] WARN  server.ServerUtils (ServerUtils.java:getScmDbDir(145)) - ozone.scm.db.dirs is not configured. We recommend adding this setting. Falling back to ozone.metadata.dirs instead.
2019-10-11 03:36:48,404 [main] INFO  pipeline.SCMPipelineManager (SCMPipelineManager.java:initializePipelineState(132)) - No pipeline exists in current db
2019-10-11 03:36:48,404 [main] WARN  server.ServerUtils (ServerUtils.java:getScmDbDir(145)) - ozone.scm.db.dirs is not configured. We recommend adding this setting. Falling back to ozone.metadata.dirs instead.
2019-10-11 03:36:48,443 [main] WARN  events.EventQueue (EventQueue.java:fireEvent(183)) - No event handler registered for event TypedEvent{payloadType=SafeModeStatus, name='SafeModeStatus'}
2019-10-11 03:36:48,443 [main] INFO  ipc.CallQueueManager (CallQueueManager.java:<init>(84)) - Using callQueue: class java.util.concurrent.LinkedBlockingQueue, queueCapacity: 2000, scheduler: class org.apache.hadoop.ipc.DefaultRpcScheduler, ipcBackoff: false.
2019-10-11 03:36:48,444 [Socket Reader #1 for port 40093] INFO  ipc.Server (Server.java:run(1074)) - Starting Socket Reader #1 for port 40093
2019-10-11 03:36:48,447 [main] INFO  ipc.CallQueueManager (CallQueueManager.java:<init>(84)) - Using callQueue: class java.util.concurrent.LinkedBlockingQueue, queueCapacity: 2000, scheduler: class org.apache.hadoop.ipc.DefaultRpcScheduler, ipcBackoff: false.
2019-10-11 03:36:48,448 [Socket Reader #1 for port 40340] INFO  ipc.Server (Server.java:run(1074)) - Starting Socket Reader #1 for port 40340
2019-10-11 03:36:48,450 [main] INFO  ipc.CallQueueManager (CallQueueManager.java:<init>(84)) - Using callQueue: class java.util.concurrent.LinkedBlockingQueue, queueCapacity: 2000, scheduler: class org.apache.hadoop.ipc.DefaultRpcScheduler, ipcBackoff: false.
2019-10-11 03:36:48,450 [Socket Reader #1 for port 45790] INFO  ipc.Server (Server.java:run(1074)) - Starting Socket Reader #1 for port 45790
2019-10-11 03:36:48,456 [main] INFO  hdfs.DFSUtil (DFSUtil.java:httpServerTemplateForNNAndJN(1641)) - Starting Web-server for scm at: http://0.0.0.0:0
2019-10-11 03:36:48,461 [main] INFO  server.AuthenticationFilter (AuthenticationFilter.java:constructSecretProvider(240)) - Unable to initialize FileSignerSecretProvider, falling back to use random secrets.
2019-10-11 03:36:48,462 [main] WARN  http.HttpRequestLog (HttpRequestLog.java:getRequestLog(97)) - Jetty request log can only be enabled using Log4j
2019-10-11 03:36:48,464 [main] INFO  http.HttpServer2 (HttpServer2.java:addGlobalFilter(975)) - Added global filter 'safety' (class=org.apache.hadoop.http.HttpServer2$QuotingInputFilter)
2019-10-11 03:36:48,464 [main] INFO  http.HttpServer2 (HttpServer2.java:addFilter(948)) - Added filter static_user_filter (class=org.apache.hadoop.http.lib.StaticUserWebFilter$StaticUserFilter) to context scm
2019-10-11 03:36:48,465 [main] INFO  http.HttpServer2 (HttpServer2.java:addFilter(958)) - Added filter static_user_filter (class=org.apache.hadoop.http.lib.StaticUserWebFilter$StaticUserFilter) to context static
2019-10-11 03:36:48,465 [main] INFO  http.HttpServer2 (HttpServer2.java:addFilter(958)) - Added filter static_user_filter (class=org.apache.hadoop.http.lib.StaticUserWebFilter$StaticUserFilter) to context logs
2019-10-11 03:36:48,467 [main] INFO  server.StorageContainerManager (StorageContainerManager.java:start(772)) - StorageContainerLocationProtocol RPC server is listening at /0.0.0.0:45790
2019-10-11 03:36:48,470 [main] WARN  impl.MetricsConfig (MetricsConfig.java:loadFirst(134)) - Cannot locate configuration: tried hadoop-metrics2-storagecontainermanager.properties,hadoop-metrics2.properties
2019-10-11 03:36:48,470 [main] INFO  impl.MetricsSystemImpl (MetricsSystemImpl.java:startTimer(374)) - Scheduled Metric snapshot period at 10 second(s).
2019-10-11 03:36:48,471 [main] INFO  impl.MetricsSystemImpl (MetricsSystemImpl.java:start(191)) - StorageContainerManager metrics system started
2019-10-11 03:36:48,630 [main] WARN  impl.MetricsSystemImpl (MetricsSystemImpl.java:register(276)) - Sink prometheus already exists!
2019-10-11 03:36:48,716 [main] INFO  server.SCMClientProtocolServer (SCMClientProtocolServer.java:start(159)) - RPC server for Client  is listening at /0.0.0.0:45790
2019-10-11 03:36:48,716 [IPC Server Responder] INFO  ipc.Server (Server.java:run(1314)) - IPC Server Responder: starting
2019-10-11 03:36:48,716 [IPC Server listener on 45790] INFO  ipc.Server (Server.java:run(1153)) - IPC Server listener on 45790: starting
2019-10-11 03:36:48,722 [main] INFO  server.StorageContainerManager (StorageContainerManager.java:start(782)) - ScmBlockLocationProtocol RPC server is listening at /0.0.0.0:40340
2019-10-11 03:36:48,722 [main] INFO  server.SCMBlockProtocolServer (SCMBlockProtocolServer.java:start(146)) - RPC server for Block Protocol is listening at /0.0.0.0:40340
2019-10-11 03:36:48,723 [IPC Server Responder] INFO  ipc.Server (Server.java:run(1314)) - IPC Server Responder: starting
2019-10-11 03:36:48,723 [IPC Server listener on 40340] INFO  ipc.Server (Server.java:run(1153)) - IPC Server listener on 40340: starting
2019-10-11 03:36:48,728 [main] INFO  server.StorageContainerManager (StorageContainerManager.java:start(786)) - ScmDatanodeProtocl RPC server is listening at /0.0.0.0:40093
2019-10-11 03:36:48,728 [main] INFO  server.SCMDatanodeProtocolServer (SCMDatanodeProtocolServer.java:start(169)) - RPC server for DataNodes is listening at /0.0.0.0:40093
2019-10-11 03:36:48,728 [IPC Server Responder] INFO  ipc.Server (Server.java:run(1314)) - IPC Server Responder: starting
2019-10-11 03:36:48,728 [IPC Server listener on 40093] INFO  ipc.Server (Server.java:run(1153)) - IPC Server listener on 40093: starting
2019-10-11 03:36:48,738 [main] INFO  http.HttpServer2 (HttpServer2.java:bindListener(1191)) - Jetty bound to port 33744
2019-10-11 03:36:48,738 [main] INFO  server.Server (Server.java:doStart(351)) - jetty-9.3.25.v20180904, build timestamp: 2018-09-04T21:11:46Z, git hash: 3ce520221d0240229c862b122d2b06c12a625732
2019-10-11 03:36:48,740 [main] INFO  handler.ContextHandler (ContextHandler.java:doStart(781)) - Started o.e.j.s.ServletContextHandler@45287377{/logs,file:///workdir/hadoop-ozone/integration-test/target/log,AVAILABLE}
2019-10-11 03:36:48,740 [main] INFO  handler.ContextHandler (ContextHandler.java:doStart(781)) - Started o.e.j.s.ServletContextHandler@70b33256{/static,file:///workdir/hadoop-ozone/integration-test/target/test-classes/webapps/static,AVAILABLE}
2019-10-11 03:36:48,745 [main] INFO  handler.ContextHandler (ContextHandler.java:doStart(781)) - Started o.e.j.w.WebAppContext@5fb8dc01{/,file:///workdir/hadoop-ozone/integration-test/target/test-classes/webapps/scm/,AVAILABLE}{/scm}
2019-10-11 03:36:48,746 [main] INFO  server.AbstractConnector (AbstractConnector.java:doStart(278)) - Started ServerConnector@3e38c472{HTTP/1.1,[http/1.1]}{0.0.0.0:33744}
2019-10-11 03:36:48,746 [main] INFO  server.Server (Server.java:doStart(419)) - Started @625122ms
2019-10-11 03:36:48,747 [main] WARN  impl.MetricsSystemImpl (MetricsSystemImpl.java:register(276)) - Sink prometheus already exists!
2019-10-11 03:36:48,748 [main] INFO  server.BaseHttpServer (BaseHttpServer.java:updateConnectorAddress(215)) - HTTP server of SCM is listening at http://0.0.0.0:33744
2019-10-11 03:36:48,749 [main] WARN  server.ServerUtils (ServerUtils.java:getDBPath(222)) - ozone.om.db.dirs is not configured. We recommend adding this setting. Falling back to ozone.metadata.dirs instead.
2019-10-11 03:36:48,749 [org.apache.hadoop.util.JvmPauseMonitor$Monitor@759a678a] INFO  util.JvmPauseMonitor (JvmPauseMonitor.java:run(188)) - Starting JVM pause monitor
2019-10-11 03:36:48,763 [main] INFO  ha.OMHANodeDetails (OMHANodeDetails.java:loadOMHAConfig(190)) - Configuration either no ozone.om.address set. Falling back to the default OM address /127.0.0.1:0
2019-10-11 03:36:48,763 [main] INFO  ha.OMHANodeDetails (OMHANodeDetails.java:getOMNodeDetails(220)) - OM Service ID is not set. Setting it to the default ID: omServiceIdDefault
2019-10-11 03:36:48,764 [main] WARN  server.ServerUtils (ServerUtils.java:getDBPath(222)) - ozone.om.db.dirs is not configured. We recommend adding this setting. Falling back to ozone.metadata.dirs instead.
2019-10-11 03:36:48,764 [main] WARN  server.ServerUtils (ServerUtils.java:getDBPath(222)) - ozone.om.db.dirs is not configured. We recommend adding this setting. Falling back to ozone.metadata.dirs instead.
2019-10-11 03:36:48,771 [main] WARN  server.ServerUtils (ServerUtils.java:getDBPath(222)) - ozone.om.db.dirs is not configured. We recommend adding this setting. Falling back to ozone.metadata.dirs instead.
2019-10-11 03:36:48,771 [main] INFO  db.DBStoreBuilder (DBStoreBuilder.java:addTable(117)) - using custom profile for table: userTable
2019-10-11 03:36:48,771 [main] INFO  db.DBStoreBuilder (DBStoreBuilder.java:processTables(168)) - Using default column profile:DBProfile.DISK for Table:userTable
2019-10-11 03:36:48,771 [main] INFO  db.DBStoreBuilder (DBStoreBuilder.java:addTable(117)) - using custom profile for table: volumeTable
2019-10-11 03:36:48,771 [main] INFO  db.DBStoreBuilder (DBStoreBuilder.java:processTables(168)) - Using default column profile:DBProfile.DISK for Table:volumeTable
2019-10-11 03:36:48,772 [main] INFO  db.DBStoreBuilder (DBStoreBuilder.java:addTable(117)) - using custom profile for table: bucketTable
2019-10-11 03:36:48,772 [main] INFO  db.DBStoreBuilder (DBStoreBuilder.java:processTables(168)) - Using default column profile:DBProfile.DISK for Table:bucketTable
2019-10-11 03:36:48,772 [main] INFO  db.DBStoreBuilder (DBStoreBuilder.java:addTable(117)) - using custom profile for table: keyTable
2019-10-11 03:36:48,772 [main] INFO  db.DBStoreBuilder (DBStoreBuilder.java:processTables(168)) - Using default column profile:DBProfile.DISK for Table:keyTable
2019-10-11 03:36:48,772 [main] INFO  db.DBStoreBuilder (DBStoreBuilder.java:addTable(117)) - using custom profile for table: deletedTable
2019-10-11 03:36:48,772 [main] INFO  db.DBStoreBuilder (DBStoreBuilder.java:processTables(168)) - Using default column profile:DBProfile.DISK for Table:deletedTable
2019-10-11 03:36:48,773 [main] INFO  db.DBStoreBuilder (DBStoreBuilder.java:addTable(117)) - using custom profile for table: openKeyTable
2019-10-11 03:36:48,773 [main] INFO  db.DBStoreBuilder (DBStoreBuilder.java:processTables(168)) - Using default column profile:DBProfile.DISK for Table:openKeyTable
2019-10-11 03:36:48,773 [main] INFO  db.DBStoreBuilder (DBStoreBuilder.java:addTable(117)) - using custom profile for table: s3Table
2019-10-11 03:36:48,773 [main] INFO  db.DBStoreBuilder (DBStoreBuilder.java:processTables(168)) - Using default column profile:DBProfile.DISK for Table:s3Table
2019-10-11 03:36:48,773 [main] INFO  db.DBStoreBuilder (DBStoreBuilder.java:addTable(117)) - using custom profile for table: multipartInfoTable
2019-10-11 03:36:48,773 [main] INFO  db.DBStoreBuilder (DBStoreBuilder.java:processTables(168)) - Using default column profile:DBProfile.DISK for Table:multipartInfoTable
2019-10-11 03:36:48,773 [main] INFO  db.DBStoreBuilder (DBStoreBuilder.java:addTable(117)) - using custom profile for table: dTokenTable
2019-10-11 03:36:48,774 [main] INFO  db.DBStoreBuilder (DBStoreBuilder.java:processTables(168)) - Using default column profile:DBProfile.DISK for Table:dTokenTable
2019-10-11 03:36:48,774 [main] INFO  db.DBStoreBuilder (DBStoreBuilder.java:addTable(117)) - using custom profile for table: s3SecretTable
2019-10-11 03:36:48,774 [main] INFO  db.DBStoreBuilder (DBStoreBuilder.java:processTables(168)) - Using default column profile:DBProfile.DISK for Table:s3SecretTable
2019-10-11 03:36:48,774 [main] INFO  db.DBStoreBuilder (DBStoreBuilder.java:addTable(117)) - using custom profile for table: prefixTable
2019-10-11 03:36:48,774 [main] INFO  db.DBStoreBuilder (DBStoreBuilder.java:processTables(168)) - Using default column profile:DBProfile.DISK for Table:prefixTable
2019-10-11 03:36:48,774 [main] INFO  db.DBStoreBuilder (DBStoreBuilder.java:addTable(117)) - using custom profile for table: default
2019-10-11 03:36:48,774 [main] INFO  db.DBStoreBuilder (DBStoreBuilder.java:processTables(174)) - Using default column profile:DBProfile.DISK for Table:default
2019-10-11 03:36:48,775 [main] INFO  db.DBStoreBuilder (DBStoreBuilder.java:getDbProfile(205)) - Using default options. DBProfile.DISK
2019-10-11 03:36:49,194 [main] INFO  ipc.CallQueueManager (CallQueueManager.java:<init>(84)) - Using callQueue: class java.util.concurrent.LinkedBlockingQueue, queueCapacity: 2000, scheduler: class org.apache.hadoop.ipc.DefaultRpcScheduler, ipcBackoff: false.
2019-10-11 03:36:49,195 [Socket Reader #1 for port 33992] INFO  ipc.Server (Server.java:run(1074)) - Starting Socket Reader #1 for port 33992
2019-10-11 03:36:49,208 [main] INFO  om.OzoneManager (OzoneManager.java:start(1074)) - OzoneManager RPC server is listening at localhost/127.0.0.1:33992
2019-10-11 03:36:49,208 [main] INFO  impl.MetricsSystemImpl (MetricsSystemImpl.java:init(158)) - OzoneManager metrics system started (again)
2019-10-11 03:36:49,209 [IPC Server Responder] INFO  ipc.Server (Server.java:run(1314)) - IPC Server Responder: starting
2019-10-11 03:36:49,210 [IPC Server listener on 33992] INFO  ipc.Server (Server.java:run(1153)) - IPC Server listener on 33992: starting
2019-10-11 03:36:49,216 [main] INFO  hdfs.DFSUtil (DFSUtil.java:httpServerTemplateForNNAndJN(1641)) - Starting Web-server for ozoneManager at: http://0.0.0.0:0
2019-10-11 03:36:49,218 [main] INFO  server.AuthenticationFilter (AuthenticationFilter.java:constructSecretProvider(240)) - Unable to initialize FileSignerSecretProvider, falling back to use random secrets.
2019-10-11 03:36:49,218 [main] WARN  http.HttpRequestLog (HttpRequestLog.java:getRequestLog(97)) - Jetty request log can only be enabled using Log4j
2019-10-11 03:36:49,220 [main] INFO  http.HttpServer2 (HttpServer2.java:addGlobalFilter(975)) - Added global filter 'safety' (class=org.apache.hadoop.http.HttpServer2$QuotingInputFilter)
2019-10-11 03:36:49,220 [main] INFO  http.HttpServer2 (HttpServer2.java:addFilter(948)) - Added filter static_user_filter (class=org.apache.hadoop.http.lib.StaticUserWebFilter$StaticUserFilter) to context ozoneManager
2019-10-11 03:36:49,220 [main] INFO  http.HttpServer2 (HttpServer2.java:addFilter(958)) - Added filter static_user_filter (class=org.apache.hadoop.http.lib.StaticUserWebFilter$StaticUserFilter) to context static
2019-10-11 03:36:49,221 [main] INFO  http.HttpServer2 (HttpServer2.java:addFilter(958)) - Added filter static_user_filter (class=org.apache.hadoop.http.lib.StaticUserWebFilter$StaticUserFilter) to context logs
2019-10-11 03:36:49,221 [main] INFO  http.HttpServer2 (HttpServer2.java:bindListener(1191)) - Jetty bound to port 38672
2019-10-11 03:36:49,221 [main] INFO  server.Server (Server.java:doStart(351)) - jetty-9.3.25.v20180904, build timestamp: 2018-09-04T21:11:46Z, git hash: 3ce520221d0240229c862b122d2b06c12a625732
2019-10-11 03:36:49,223 [main] INFO  handler.ContextHandler (ContextHandler.java:doStart(781)) - Started o.e.j.s.ServletContextHandler@b01cb8d{/logs,file:///workdir/hadoop-ozone/integration-test/target/log,AVAILABLE}
2019-10-11 03:36:49,224 [main] INFO  handler.ContextHandler (ContextHandler.java:doStart(781)) - Started o.e.j.s.ServletContextHandler@7a814310{/static,file:///workdir/hadoop-ozone/integration-test/target/test-classes/webapps/static,AVAILABLE}
2019-10-11 03:36:49,228 [main] INFO  handler.ContextHandler (ContextHandler.java:doStart(781)) - Started o.e.j.w.WebAppContext@c472300{/,file:///workdir/hadoop-ozone/integration-test/target/test-classes/webapps/ozoneManager/,AVAILABLE}{/ozoneManager}
2019-10-11 03:36:49,229 [main] INFO  server.AbstractConnector (AbstractConnector.java:doStart(278)) - Started ServerConnector@5f6494c0{HTTP/1.1,[http/1.1]}{0.0.0.0:38672}
2019-10-11 03:36:49,230 [main] INFO  server.Server (Server.java:doStart(419)) - Started @625606ms
2019-10-11 03:36:49,230 [main] WARN  impl.MetricsSystemImpl (MetricsSystemImpl.java:register(276)) - Sink prometheus already exists!
2019-10-11 03:36:49,232 [main] INFO  server.BaseHttpServer (BaseHttpServer.java:updateConnectorAddress(215)) - HTTP server of OZONEMANAGER is listening at http://0.0.0.0:38672
2019-10-11 03:36:49,251 [main] INFO  impl.MetricsSystemImpl (MetricsSystemImpl.java:init(158)) - HddsDatanode metrics system started (again)
2019-10-11 03:36:49,256 [main] INFO  ozone.HddsDatanodeService (HddsDatanodeService.java:start(184)) - HddsDatanodeService host:pr-hdds-2181-p9m8s-78523098 ip:192.168.151.96
2019-10-11 03:36:49,262 [main] INFO  volume.HddsVolume (HddsVolume.java:<init>(176)) - Creating Volume: /workdir/hadoop-ozone/integration-test/target/test-dir/MiniOzoneClusterImpl-41393050-cb04-463e-b451-9f8cbcecb76f/datanode-0/data/containers/hdds of  storage type : DISK and capacity : 1482555576320
2019-10-11 03:36:49,262 [main] INFO  volume.VolumeSet (VolumeSet.java:initializeVolumeSet(170)) - Added Volume : /workdir/hadoop-ozone/integration-test/target/test-dir/MiniOzoneClusterImpl-41393050-cb04-463e-b451-9f8cbcecb76f/datanode-0/data/containers/hdds to VolumeSet
2019-10-11 03:36:49,262 [main] INFO  volume.ThrottledAsyncChecker (ThrottledAsyncChecker.java:schedule(141)) - Scheduling a check for org.apache.hadoop.ozone.container.common.volume.HddsVolume@28b458e6
2019-10-11 03:36:49,263 [main] INFO  volume.HddsVolumeChecker (HddsVolumeChecker.java:checkAllVolumes(204)) - Scheduled health check for volume org.apache.hadoop.ozone.container.common.volume.HddsVolume@28b458e6
2019-10-11 03:36:49,277 [main] INFO  impl.RaftServerProxy (ConfUtils.java:logGet(43)) - raft.rpc.type = GRPC (default)
2019-10-11 03:36:49,277 [main] INFO  grpc.GrpcFactory (GrpcFactory.java:checkPooledByteBufAllocatorUseCacheForAllThreads(45)) - PERFORMANCE WARNING: useCacheForAllThreads is true that may cause Netty to create a lot garbage objects and, as a result, trigger GC.
	It is recommended to disable useCacheForAllThreads by setting -Dorg.apache.ratis.thirdparty.io.netty.allocator.useCacheForAllThreads=false in command line.
2019-10-11 03:36:49,278 [main] INFO  grpc.GrpcConfigKeys$Server (ConfUtils.java:logGet(43)) - raft.grpc.server.port = 0 (default)
2019-10-11 03:36:49,278 [main] INFO  server.GrpcService (ConfUtils.java:logGet(43)) - raft.grpc.message.size.max = 33570816 (custom)
2019-10-11 03:36:49,278 [main] INFO  server.RaftServerConfigKeys (ConfUtils.java:logGet(43)) - raft.server.log.appender.buffer.byte-limit = 33554432 (custom)
2019-10-11 03:36:49,278 [main] INFO  server.GrpcService (ConfUtils.java:logGet(43)) - raft.grpc.flow.control.window = 1MB (=1048576) (default)
2019-10-11 03:36:49,279 [main] INFO  server.RaftServerConfigKeys (ConfUtils.java:logGet(43)) - raft.server.rpc.request.timeout = 3000ms (default)
2019-10-11 03:36:49,279 [main] INFO  server.RaftServerConfigKeys (ConfUtils.java:logGet(43)) - raft.server.storage.dir = [/workdir/hadoop-ozone/integration-test/target/test-dir/MiniOzoneClusterImpl-41393050-cb04-463e-b451-9f8cbcecb76f/datanode-0/data/ratis] (custom)
2019-10-11 03:36:49,281 [main] INFO  hdfs.DFSUtil (DFSUtil.java:httpServerTemplateForNNAndJN(1641)) - Starting Web-server for hddsDatanode at: http://0.0.0.0:0
2019-10-11 03:36:49,282 [main] INFO  server.AuthenticationFilter (AuthenticationFilter.java:constructSecretProvider(240)) - Unable to initialize FileSignerSecretProvider, falling back to use random secrets.
2019-10-11 03:36:49,282 [main] WARN  http.HttpRequestLog (HttpRequestLog.java:getRequestLog(97)) - Jetty request log can only be enabled using Log4j
2019-10-11 03:36:49,283 [main] INFO  http.HttpServer2 (HttpServer2.java:addGlobalFilter(975)) - Added global filter 'safety' (class=org.apache.hadoop.http.HttpServer2$QuotingInputFilter)
2019-10-11 03:36:49,284 [main] INFO  http.HttpServer2 (HttpServer2.java:addFilter(948)) - Added filter static_user_filter (class=org.apache.hadoop.http.lib.StaticUserWebFilter$StaticUserFilter) to context hddsDatanode
2019-10-11 03:36:49,284 [main] INFO  http.HttpServer2 (HttpServer2.java:addFilter(958)) - Added filter static_user_filter (class=org.apache.hadoop.http.lib.StaticUserWebFilter$StaticUserFilter) to context static
2019-10-11 03:36:49,284 [main] INFO  http.HttpServer2 (HttpServer2.java:addFilter(958)) - Added filter static_user_filter (class=org.apache.hadoop.http.lib.StaticUserWebFilter$StaticUserFilter) to context logs
2019-10-11 03:36:49,284 [main] INFO  http.HttpServer2 (HttpServer2.java:bindListener(1191)) - Jetty bound to port 46801
2019-10-11 03:36:49,284 [main] INFO  server.Server (Server.java:doStart(351)) - jetty-9.3.25.v20180904, build timestamp: 2018-09-04T21:11:46Z, git hash: 3ce520221d0240229c862b122d2b06c12a625732
2019-10-11 03:36:49,286 [main] INFO  handler.ContextHandler (ContextHandler.java:doStart(781)) - Started o.e.j.s.ServletContextHandler@5203c80f{/logs,file:///workdir/hadoop-ozone/integration-test/target/log,AVAILABLE}
2019-10-11 03:36:49,286 [main] INFO  handler.ContextHandler (ContextHandler.java:doStart(781)) - Started o.e.j.s.ServletContextHandler@721bf7ad{/static,jar:file:/home/user/.m2/repository/org/apache/hadoop/hadoop-hdds-container-service/0.5.0-SNAPSHOT/hadoop-hdds-container-service-0.5.0-SNAPSHOT.jar!/webapps/static,AVAILABLE}
2019-10-11 03:36:49,315 [main] INFO  handler.ContextHandler (ContextHandler.java:doStart(781)) - Started o.e.j.w.WebAppContext@3a209918{/,file:///tmp/jetty-0.0.0.0-46801-hddsDatanode-_-any-9041905362593078748.dir/webapp/,AVAILABLE}{/hddsDatanode}
2019-10-11 03:36:49,315 [main] INFO  server.AbstractConnector (AbstractConnector.java:doStart(278)) - Started ServerConnector@2cae5fa7{HTTP/1.1,[http/1.1]}{0.0.0.0:46801}
2019-10-11 03:36:49,317 [main] INFO  server.Server (Server.java:doStart(419)) - Started @625693ms
2019-10-11 03:36:49,317 [main] WARN  impl.MetricsSystemImpl (MetricsSystemImpl.java:register(276)) - Sink prometheus already exists!
2019-10-11 03:36:49,318 [main] INFO  server.BaseHttpServer (BaseHttpServer.java:updateConnectorAddress(215)) - HTTP server of HDDSDATANODE is listening at http://0.0.0.0:46801
2019-10-11 03:36:49,318 [main] INFO  impl.MetricsSystemImpl (MetricsSystemImpl.java:init(158)) - HddsDatanode metrics system started (again)
2019-10-11 03:36:49,323 [org.apache.hadoop.util.JvmPauseMonitor$Monitor@4758da12] INFO  util.JvmPauseMonitor (JvmPauseMonitor.java:run(188)) - Starting JVM pause monitor
2019-10-11 03:36:49,323 [main] INFO  ozone.HddsDatanodeService (HddsDatanodeService.java:start(184)) - HddsDatanodeService host:pr-hdds-2181-p9m8s-78523098 ip:192.168.151.96
2019-10-11 03:36:49,325 [Datanode State Machine Thread - 0] INFO  datanode.InitDatanodeState (InitDatanodeState.java:persistContainerDatanodeDetails(140)) - DatanodeDetails is persisted to /workdir/hadoop-ozone/integration-test/target/test-dir/MiniOzoneClusterImpl-41393050-cb04-463e-b451-9f8cbcecb76f/datanode-0/meta/datanode.id
2019-10-11 03:36:49,330 [main] INFO  volume.HddsVolume (HddsVolume.java:<init>(176)) - Creating Volume: /workdir/hadoop-ozone/integration-test/target/test-dir/MiniOzoneClusterImpl-41393050-cb04-463e-b451-9f8cbcecb76f/datanode-1/data/containers/hdds of  storage type : DISK and capacity : 1482555576320
2019-10-11 03:36:49,330 [main] INFO  volume.VolumeSet (VolumeSet.java:initializeVolumeSet(170)) - Added Volume : /workdir/hadoop-ozone/integration-test/target/test-dir/MiniOzoneClusterImpl-41393050-cb04-463e-b451-9f8cbcecb76f/datanode-1/data/containers/hdds to VolumeSet
2019-10-11 03:36:49,330 [main] INFO  volume.ThrottledAsyncChecker (ThrottledAsyncChecker.java:schedule(141)) - Scheduling a check for org.apache.hadoop.ozone.container.common.volume.HddsVolume@1f758e4f
2019-10-11 03:36:49,331 [main] INFO  volume.HddsVolumeChecker (HddsVolumeChecker.java:checkAllVolumes(204)) - Scheduled health check for volume org.apache.hadoop.ozone.container.common.volume.HddsVolume@1f758e4f
2019-10-11 03:36:49,344 [main] INFO  impl.RaftServerProxy (ConfUtils.java:logGet(43)) - raft.rpc.type = GRPC (default)
2019-10-11 03:36:49,344 [main] INFO  grpc.GrpcFactory (GrpcFactory.java:checkPooledByteBufAllocatorUseCacheForAllThreads(45)) - PERFORMANCE WARNING: useCacheForAllThreads is true that may cause Netty to create a lot garbage objects and, as a result, trigger GC.
	It is recommended to disable useCacheForAllThreads by setting -Dorg.apache.ratis.thirdparty.io.netty.allocator.useCacheForAllThreads=false in command line.
2019-10-11 03:36:49,344 [main] INFO  grpc.GrpcConfigKeys$Server (ConfUtils.java:logGet(43)) - raft.grpc.server.port = 0 (default)
2019-10-11 03:36:49,344 [main] INFO  server.GrpcService (ConfUtils.java:logGet(43)) - raft.grpc.message.size.max = 33570816 (custom)
2019-10-11 03:36:49,344 [main] INFO  server.RaftServerConfigKeys (ConfUtils.java:logGet(43)) - raft.server.log.appender.buffer.byte-limit = 33554432 (custom)
2019-10-11 03:36:49,345 [main] INFO  server.GrpcService (ConfUtils.java:logGet(43)) - raft.grpc.flow.control.window = 1MB (=1048576) (default)
2019-10-11 03:36:49,345 [main] INFO  server.RaftServerConfigKeys (ConfUtils.java:logGet(43)) - raft.server.rpc.request.timeout = 3000ms (default)
2019-10-11 03:36:49,345 [main] INFO  server.RaftServerConfigKeys (ConfUtils.java:logGet(43)) - raft.server.storage.dir = [/workdir/hadoop-ozone/integration-test/target/test-dir/MiniOzoneClusterImpl-41393050-cb04-463e-b451-9f8cbcecb76f/datanode-1/data/ratis] (custom)
2019-10-11 03:36:49,346 [main] INFO  hdfs.DFSUtil (DFSUtil.java:httpServerTemplateForNNAndJN(1641)) - Starting Web-server for hddsDatanode at: http://0.0.0.0:0
2019-10-11 03:36:49,348 [main] INFO  server.AuthenticationFilter (AuthenticationFilter.java:constructSecretProvider(240)) - Unable to initialize FileSignerSecretProvider, falling back to use random secrets.
2019-10-11 03:36:49,348 [main] WARN  http.HttpRequestLog (HttpRequestLog.java:getRequestLog(97)) - Jetty request log can only be enabled using Log4j
2019-10-11 03:36:49,350 [main] INFO  http.HttpServer2 (HttpServer2.java:addGlobalFilter(975)) - Added global filter 'safety' (class=org.apache.hadoop.http.HttpServer2$QuotingInputFilter)
2019-10-11 03:36:49,350 [main] INFO  http.HttpServer2 (HttpServer2.java:addFilter(948)) - Added filter static_user_filter (class=org.apache.hadoop.http.lib.StaticUserWebFilter$StaticUserFilter) to context hddsDatanode
2019-10-11 03:36:49,350 [main] INFO  http.HttpServer2 (HttpServer2.java:addFilter(958)) - Added filter static_user_filter (class=org.apache.hadoop.http.lib.StaticUserWebFilter$StaticUserFilter) to context logs
2019-10-11 03:36:49,350 [main] INFO  http.HttpServer2 (HttpServer2.java:addFilter(958)) - Added filter static_user_filter (class=org.apache.hadoop.http.lib.StaticUserWebFilter$StaticUserFilter) to context static
2019-10-11 03:36:49,351 [main] INFO  http.HttpServer2 (HttpServer2.java:bindListener(1191)) - Jetty bound to port 42726
2019-10-11 03:36:49,351 [main] INFO  server.Server (Server.java:doStart(351)) - jetty-9.3.25.v20180904, build timestamp: 2018-09-04T21:11:46Z, git hash: 3ce520221d0240229c862b122d2b06c12a625732
2019-10-11 03:36:49,352 [main] INFO  handler.ContextHandler (ContextHandler.java:doStart(781)) - Started o.e.j.s.ServletContextHandler@26874f2c{/logs,file:///workdir/hadoop-ozone/integration-test/target/log,AVAILABLE}
2019-10-11 03:36:49,353 [main] INFO  handler.ContextHandler (ContextHandler.java:doStart(781)) - Started o.e.j.s.ServletContextHandler@1e734eee{/static,jar:file:/home/user/.m2/repository/org/apache/hadoop/hadoop-hdds-container-service/0.5.0-SNAPSHOT/hadoop-hdds-container-service-0.5.0-SNAPSHOT.jar!/webapps/static,AVAILABLE}
2019-10-11 03:36:49,396 [main] INFO  handler.ContextHandler (ContextHandler.java:doStart(781)) - Started o.e.j.w.WebAppContext@7de35070{/,file:///tmp/jetty-0.0.0.0-42726-hddsDatanode-_-any-7987308526823350214.dir/webapp/,AVAILABLE}{/hddsDatanode}
2019-10-11 03:36:49,397 [main] INFO  server.AbstractConnector (AbstractConnector.java:doStart(278)) - Started ServerConnector@216f01{HTTP/1.1,[http/1.1]}{0.0.0.0:42726}
2019-10-11 03:36:49,398 [main] INFO  server.Server (Server.java:doStart(419)) - Started @625775ms
2019-10-11 03:36:49,399 [main] WARN  impl.MetricsSystemImpl (MetricsSystemImpl.java:register(276)) - Sink prometheus already exists!
2019-10-11 03:36:49,400 [main] INFO  server.BaseHttpServer (BaseHttpServer.java:updateConnectorAddress(215)) - HTTP server of HDDSDATANODE is listening at http://0.0.0.0:42726
2019-10-11 03:36:49,400 [main] INFO  impl.MetricsSystemImpl (MetricsSystemImpl.java:init(158)) - HddsDatanode metrics system started (again)
2019-10-11 03:36:49,404 [org.apache.hadoop.util.JvmPauseMonitor$Monitor@6a66ce1d] INFO  util.JvmPauseMonitor (JvmPauseMonitor.java:run(188)) - Starting JVM pause monitor
2019-10-11 03:36:49,405 [main] INFO  ozone.HddsDatanodeService (HddsDatanodeService.java:start(184)) - HddsDatanodeService host:pr-hdds-2181-p9m8s-78523098 ip:192.168.151.96
2019-10-11 03:36:49,406 [Datanode State Machine Thread - 0] INFO  datanode.InitDatanodeState (InitDatanodeState.java:persistContainerDatanodeDetails(140)) - DatanodeDetails is persisted to /workdir/hadoop-ozone/integration-test/target/test-dir/MiniOzoneClusterImpl-41393050-cb04-463e-b451-9f8cbcecb76f/datanode-1/meta/datanode.id
2019-10-11 03:36:49,411 [main] INFO  volume.HddsVolume (HddsVolume.java:<init>(176)) - Creating Volume: /workdir/hadoop-ozone/integration-test/target/test-dir/MiniOzoneClusterImpl-41393050-cb04-463e-b451-9f8cbcecb76f/datanode-2/data/containers/hdds of  storage type : DISK and capacity : 1482555576320
2019-10-11 03:36:49,411 [main] INFO  volume.VolumeSet (VolumeSet.java:initializeVolumeSet(170)) - Added Volume : /workdir/hadoop-ozone/integration-test/target/test-dir/MiniOzoneClusterImpl-41393050-cb04-463e-b451-9f8cbcecb76f/datanode-2/data/containers/hdds to VolumeSet
2019-10-11 03:36:49,411 [main] INFO  volume.ThrottledAsyncChecker (ThrottledAsyncChecker.java:schedule(141)) - Scheduling a check for org.apache.hadoop.ozone.container.common.volume.HddsVolume@77fc19cf
2019-10-11 03:36:49,412 [main] INFO  volume.HddsVolumeChecker (HddsVolumeChecker.java:checkAllVolumes(204)) - Scheduled health check for volume org.apache.hadoop.ozone.container.common.volume.HddsVolume@77fc19cf
2019-10-11 03:36:49,425 [main] INFO  impl.RaftServerProxy (ConfUtils.java:logGet(43)) - raft.rpc.type = GRPC (default)
2019-10-11 03:36:49,425 [main] INFO  grpc.GrpcFactory (GrpcFactory.java:checkPooledByteBufAllocatorUseCacheForAllThreads(45)) - PERFORMANCE WARNING: useCacheForAllThreads is true that may cause Netty to create a lot garbage objects and, as a result, trigger GC.
	It is recommended to disable useCacheForAllThreads by setting -Dorg.apache.ratis.thirdparty.io.netty.allocator.useCacheForAllThreads=false in command line.
2019-10-11 03:36:49,425 [main] INFO  grpc.GrpcConfigKeys$Server (ConfUtils.java:logGet(43)) - raft.grpc.server.port = 0 (default)
2019-10-11 03:36:49,425 [main] INFO  server.GrpcService (ConfUtils.java:logGet(43)) - raft.grpc.message.size.max = 33570816 (custom)
2019-10-11 03:36:49,425 [main] INFO  server.RaftServerConfigKeys (ConfUtils.java:logGet(43)) - raft.server.log.appender.buffer.byte-limit = 33554432 (custom)
2019-10-11 03:36:49,425 [main] INFO  server.GrpcService (ConfUtils.java:logGet(43)) - raft.grpc.flow.control.window = 1MB (=1048576) (default)
2019-10-11 03:36:49,426 [main] INFO  server.RaftServerConfigKeys (ConfUtils.java:logGet(43)) - raft.server.rpc.request.timeout = 3000ms (default)
2019-10-11 03:36:49,426 [main] INFO  server.RaftServerConfigKeys (ConfUtils.java:logGet(43)) - raft.server.storage.dir = [/workdir/hadoop-ozone/integration-test/target/test-dir/MiniOzoneClusterImpl-41393050-cb04-463e-b451-9f8cbcecb76f/datanode-2/data/ratis] (custom)
2019-10-11 03:36:49,427 [main] INFO  hdfs.DFSUtil (DFSUtil.java:httpServerTemplateForNNAndJN(1641)) - Starting Web-server for hddsDatanode at: http://0.0.0.0:0
2019-10-11 03:36:49,428 [main] INFO  server.AuthenticationFilter (AuthenticationFilter.java:constructSecretProvider(240)) - Unable to initialize FileSignerSecretProvider, falling back to use random secrets.
2019-10-11 03:36:49,429 [main] WARN  http.HttpRequestLog (HttpRequestLog.java:getRequestLog(97)) - Jetty request log can only be enabled using Log4j
2019-10-11 03:36:49,430 [main] INFO  http.HttpServer2 (HttpServer2.java:addGlobalFilter(975)) - Added global filter 'safety' (class=org.apache.hadoop.http.HttpServer2$QuotingInputFilter)
2019-10-11 03:36:49,430 [main] INFO  http.HttpServer2 (HttpServer2.java:addFilter(948)) - Added filter static_user_filter (class=org.apache.hadoop.http.lib.StaticUserWebFilter$StaticUserFilter) to context hddsDatanode
2019-10-11 03:36:49,431 [main] INFO  http.HttpServer2 (HttpServer2.java:addFilter(958)) - Added filter static_user_filter (class=org.apache.hadoop.http.lib.StaticUserWebFilter$StaticUserFilter) to context static
2019-10-11 03:36:49,431 [main] INFO  http.HttpServer2 (HttpServer2.java:addFilter(958)) - Added filter static_user_filter (class=org.apache.hadoop.http.lib.StaticUserWebFilter$StaticUserFilter) to context logs
2019-10-11 03:36:49,431 [main] INFO  http.HttpServer2 (HttpServer2.java:bindListener(1191)) - Jetty bound to port 43160
2019-10-11 03:36:49,431 [main] INFO  server.Server (Server.java:doStart(351)) - jetty-9.3.25.v20180904, build timestamp: 2018-09-04T21:11:46Z, git hash: 3ce520221d0240229c862b122d2b06c12a625732
2019-10-11 03:36:49,433 [main] INFO  handler.ContextHandler (ContextHandler.java:doStart(781)) - Started o.e.j.s.ServletContextHandler@684372d0{/logs,file:///workdir/hadoop-ozone/integration-test/target/log,AVAILABLE}
2019-10-11 03:36:49,433 [main] INFO  handler.ContextHandler (ContextHandler.java:doStart(781)) - Started o.e.j.s.ServletContextHandler@41f964f9{/static,jar:file:/home/user/.m2/repository/org/apache/hadoop/hadoop-hdds-container-service/0.5.0-SNAPSHOT/hadoop-hdds-container-service-0.5.0-SNAPSHOT.jar!/webapps/static,AVAILABLE}
2019-10-11 03:36:49,462 [main] INFO  handler.ContextHandler (ContextHandler.java:doStart(781)) - Started o.e.j.w.WebAppContext@240a2619{/,file:///tmp/jetty-0.0.0.0-43160-hddsDatanode-_-any-4538630559913117189.dir/webapp/,AVAILABLE}{/hddsDatanode}
2019-10-11 03:36:49,462 [main] INFO  server.AbstractConnector (AbstractConnector.java:doStart(278)) - Started ServerConnector@4e3283f6{HTTP/1.1,[http/1.1]}{0.0.0.0:43160}
2019-10-11 03:36:49,464 [main] INFO  server.Server (Server.java:doStart(419)) - Started @625840ms
2019-10-11 03:36:49,464 [main] WARN  impl.MetricsSystemImpl (MetricsSystemImpl.java:register(276)) - Sink prometheus already exists!
2019-10-11 03:36:49,465 [main] INFO  server.BaseHttpServer (BaseHttpServer.java:updateConnectorAddress(215)) - HTTP server of HDDSDATANODE is listening at http://0.0.0.0:43160
2019-10-11 03:36:49,465 [main] INFO  impl.MetricsSystemImpl (MetricsSystemImpl.java:init(158)) - HddsDatanode metrics system started (again)
2019-10-11 03:36:49,470 [org.apache.hadoop.util.JvmPauseMonitor$Monitor@45547fe7] INFO  util.JvmPauseMonitor (JvmPauseMonitor.java:run(188)) - Starting JVM pause monitor
2019-10-11 03:36:49,471 [Datanode State Machine Thread - 0] INFO  datanode.InitDatanodeState (InitDatanodeState.java:persistContainerDatanodeDetails(140)) - DatanodeDetails is persisted to /workdir/hadoop-ozone/integration-test/target/test-dir/MiniOzoneClusterImpl-41393050-cb04-463e-b451-9f8cbcecb76f/datanode-2/meta/datanode.id
2019-10-11 03:36:49,471 [main] INFO  ozone.HddsDatanodeService (HddsDatanodeService.java:start(184)) - HddsDatanodeService host:pr-hdds-2181-p9m8s-78523098 ip:192.168.151.96
2019-10-11 03:36:49,477 [main] INFO  volume.HddsVolume (HddsVolume.java:<init>(176)) - Creating Volume: /workdir/hadoop-ozone/integration-test/target/test-dir/MiniOzoneClusterImpl-41393050-cb04-463e-b451-9f8cbcecb76f/datanode-3/data/containers/hdds of  storage type : DISK and capacity : 1482555576320
2019-10-11 03:36:49,477 [main] INFO  volume.VolumeSet (VolumeSet.java:initializeVolumeSet(170)) - Added Volume : /workdir/hadoop-ozone/integration-test/target/test-dir/MiniOzoneClusterImpl-41393050-cb04-463e-b451-9f8cbcecb76f/datanode-3/data/containers/hdds to VolumeSet
2019-10-11 03:36:49,478 [main] INFO  volume.ThrottledAsyncChecker (ThrottledAsyncChecker.java:schedule(141)) - Scheduling a check for org.apache.hadoop.ozone.container.common.volume.HddsVolume@e01a26b
2019-10-11 03:36:49,478 [main] INFO  volume.HddsVolumeChecker (HddsVolumeChecker.java:checkAllVolumes(204)) - Scheduled health check for volume org.apache.hadoop.ozone.container.common.volume.HddsVolume@e01a26b
2019-10-11 03:36:49,490 [main] INFO  impl.RaftServerProxy (ConfUtils.java:logGet(43)) - raft.rpc.type = GRPC (default)
2019-10-11 03:36:49,490 [main] INFO  grpc.GrpcFactory (GrpcFactory.java:checkPooledByteBufAllocatorUseCacheForAllThreads(45)) - PERFORMANCE WARNING: useCacheForAllThreads is true that may cause Netty to create a lot garbage objects and, as a result, trigger GC.
	It is recommended to disable useCacheForAllThreads by setting -Dorg.apache.ratis.thirdparty.io.netty.allocator.useCacheForAllThreads=false in command line.
2019-10-11 03:36:49,490 [main] INFO  grpc.GrpcConfigKeys$Server (ConfUtils.java:logGet(43)) - raft.grpc.server.port = 0 (default)
2019-10-11 03:36:49,491 [main] INFO  server.GrpcService (ConfUtils.java:logGet(43)) - raft.grpc.message.size.max = 33570816 (custom)
2019-10-11 03:36:49,491 [main] INFO  server.RaftServerConfigKeys (ConfUtils.java:logGet(43)) - raft.server.log.appender.buffer.byte-limit = 33554432 (custom)
2019-10-11 03:36:49,491 [main] INFO  server.GrpcService (ConfUtils.java:logGet(43)) - raft.grpc.flow.control.window = 1MB (=1048576) (default)
2019-10-11 03:36:49,491 [main] INFO  server.RaftServerConfigKeys (ConfUtils.java:logGet(43)) - raft.server.rpc.request.timeout = 3000ms (default)
2019-10-11 03:36:49,491 [main] INFO  server.RaftServerConfigKeys (ConfUtils.java:logGet(43)) - raft.server.storage.dir = [/workdir/hadoop-ozone/integration-test/target/test-dir/MiniOzoneClusterImpl-41393050-cb04-463e-b451-9f8cbcecb76f/datanode-3/data/ratis] (custom)
2019-10-11 03:36:49,492 [main] INFO  hdfs.DFSUtil (DFSUtil.java:httpServerTemplateForNNAndJN(1641)) - Starting Web-server for hddsDatanode at: http://0.0.0.0:0
2019-10-11 03:36:49,494 [main] INFO  server.AuthenticationFilter (AuthenticationFilter.java:constructSecretProvider(240)) - Unable to initialize FileSignerSecretProvider, falling back to use random secrets.
2019-10-11 03:36:49,494 [main] WARN  http.HttpRequestLog (HttpRequestLog.java:getRequestLog(97)) - Jetty request log can only be enabled using Log4j
2019-10-11 03:36:49,495 [main] INFO  http.HttpServer2 (HttpServer2.java:addGlobalFilter(975)) - Added global filter 'safety' (class=org.apache.hadoop.http.HttpServer2$QuotingInputFilter)
2019-10-11 03:36:49,495 [main] INFO  http.HttpServer2 (HttpServer2.java:addFilter(948)) - Added filter static_user_filter (class=org.apache.hadoop.http.lib.StaticUserWebFilter$StaticUserFilter) to context hddsDatanode
2019-10-11 03:36:49,495 [main] INFO  http.HttpServer2 (HttpServer2.java:addFilter(958)) - Added filter static_user_filter (class=org.apache.hadoop.http.lib.StaticUserWebFilter$StaticUserFilter) to context static
2019-10-11 03:36:49,496 [main] INFO  http.HttpServer2 (HttpServer2.java:addFilter(958)) - Added filter static_user_filter (class=org.apache.hadoop.http.lib.StaticUserWebFilter$StaticUserFilter) to context logs
2019-10-11 03:36:49,496 [main] INFO  http.HttpServer2 (HttpServer2.java:bindListener(1191)) - Jetty bound to port 35336
2019-10-11 03:36:49,496 [main] INFO  server.Server (Server.java:doStart(351)) - jetty-9.3.25.v20180904, build timestamp: 2018-09-04T21:11:46Z, git hash: 3ce520221d0240229c862b122d2b06c12a625732
2019-10-11 03:36:49,497 [main] INFO  handler.ContextHandler (ContextHandler.java:doStart(781)) - Started o.e.j.s.ServletContextHandler@45984654{/logs,file:///workdir/hadoop-ozone/integration-test/target/log,AVAILABLE}
2019-10-11 03:36:49,498 [main] INFO  handler.ContextHandler (ContextHandler.java:doStart(781)) - Started o.e.j.s.ServletContextHandler@66b0e207{/static,jar:file:/home/user/.m2/repository/org/apache/hadoop/hadoop-hdds-container-service/0.5.0-SNAPSHOT/hadoop-hdds-container-service-0.5.0-SNAPSHOT.jar!/webapps/static,AVAILABLE}
2019-10-11 03:36:49,526 [main] INFO  handler.ContextHandler (ContextHandler.java:doStart(781)) - Started o.e.j.w.WebAppContext@d9f5fce{/,file:///tmp/jetty-0.0.0.0-35336-hddsDatanode-_-any-102790678100378713.dir/webapp/,AVAILABLE}{/hddsDatanode}
2019-10-11 03:36:49,526 [main] INFO  server.AbstractConnector (AbstractConnector.java:doStart(278)) - Started ServerConnector@49653791{HTTP/1.1,[http/1.1]}{0.0.0.0:35336}
2019-10-11 03:36:49,528 [main] INFO  server.Server (Server.java:doStart(419)) - Started @625904ms
2019-10-11 03:36:49,528 [main] WARN  impl.MetricsSystemImpl (MetricsSystemImpl.java:register(276)) - Sink prometheus already exists!
2019-10-11 03:36:49,528 [main] INFO  server.BaseHttpServer (BaseHttpServer.java:updateConnectorAddress(215)) - HTTP server of HDDSDATANODE is listening at http://0.0.0.0:35336
2019-10-11 03:36:49,529 [main] INFO  impl.MetricsSystemImpl (MetricsSystemImpl.java:init(158)) - HddsDatanode metrics system started (again)
2019-10-11 03:36:49,534 [org.apache.hadoop.util.JvmPauseMonitor$Monitor@53c05c2] INFO  util.JvmPauseMonitor (JvmPauseMonitor.java:run(188)) - Starting JVM pause monitor
2019-10-11 03:36:49,535 [main] INFO  ozone.HddsDatanodeService (HddsDatanodeService.java:start(184)) - HddsDatanodeService host:pr-hdds-2181-p9m8s-78523098 ip:192.168.151.96
2019-10-11 03:36:49,535 [Datanode State Machine Thread - 0] INFO  datanode.InitDatanodeState (InitDatanodeState.java:persistContainerDatanodeDetails(140)) - DatanodeDetails is persisted to /workdir/hadoop-ozone/integration-test/target/test-dir/MiniOzoneClusterImpl-41393050-cb04-463e-b451-9f8cbcecb76f/datanode-3/meta/datanode.id
2019-10-11 03:36:49,541 [main] INFO  volume.HddsVolume (HddsVolume.java:<init>(176)) - Creating Volume: /workdir/hadoop-ozone/integration-test/target/test-dir/MiniOzoneClusterImpl-41393050-cb04-463e-b451-9f8cbcecb76f/datanode-4/data/containers/hdds of  storage type : DISK and capacity : 1482555576320
2019-10-11 03:36:49,541 [main] INFO  volume.VolumeSet (VolumeSet.java:initializeVolumeSet(170)) - Added Volume : /workdir/hadoop-ozone/integration-test/target/test-dir/MiniOzoneClusterImpl-41393050-cb04-463e-b451-9f8cbcecb76f/datanode-4/data/containers/hdds to VolumeSet
2019-10-11 03:36:49,542 [main] INFO  volume.ThrottledAsyncChecker (ThrottledAsyncChecker.java:schedule(141)) - Scheduling a check for org.apache.hadoop.ozone.container.common.volume.HddsVolume@7e18ced7
2019-10-11 03:36:49,542 [main] INFO  volume.HddsVolumeChecker (HddsVolumeChecker.java:checkAllVolumes(204)) - Scheduled health check for volume org.apache.hadoop.ozone.container.common.volume.HddsVolume@7e18ced7
2019-10-11 03:36:49,555 [main] INFO  impl.RaftServerProxy (ConfUtils.java:logGet(43)) - raft.rpc.type = GRPC (default)
2019-10-11 03:36:49,555 [main] INFO  grpc.GrpcFactory (GrpcFactory.java:checkPooledByteBufAllocatorUseCacheForAllThreads(45)) - PERFORMANCE WARNING: useCacheForAllThreads is true that may cause Netty to create a lot garbage objects and, as a result, trigger GC.
	It is recommended to disable useCacheForAllThreads by setting -Dorg.apache.ratis.thirdparty.io.netty.allocator.useCacheForAllThreads=false in command line.
2019-10-11 03:36:49,555 [main] INFO  grpc.GrpcConfigKeys$Server (ConfUtils.java:logGet(43)) - raft.grpc.server.port = 0 (default)
2019-10-11 03:36:49,556 [main] INFO  server.GrpcService (ConfUtils.java:logGet(43)) - raft.grpc.message.size.max = 33570816 (custom)
2019-10-11 03:36:49,556 [main] INFO  server.RaftServerConfigKeys (ConfUtils.java:logGet(43)) - raft.server.log.appender.buffer.byte-limit = 33554432 (custom)
2019-10-11 03:36:49,556 [main] INFO  server.GrpcService (ConfUtils.java:logGet(43)) - raft.grpc.flow.control.window = 1MB (=1048576) (default)
2019-10-11 03:36:49,556 [main] INFO  server.RaftServerConfigKeys (ConfUtils.java:logGet(43)) - raft.server.rpc.request.timeout = 3000ms (default)
2019-10-11 03:36:49,556 [main] INFO  server.RaftServerConfigKeys (ConfUtils.java:logGet(43)) - raft.server.storage.dir = [/workdir/hadoop-ozone/integration-test/target/test-dir/MiniOzoneClusterImpl-41393050-cb04-463e-b451-9f8cbcecb76f/datanode-4/data/ratis] (custom)
2019-10-11 03:36:49,558 [main] INFO  hdfs.DFSUtil (DFSUtil.java:httpServerTemplateForNNAndJN(1641)) - Starting Web-server for hddsDatanode at: http://0.0.0.0:0
2019-10-11 03:36:49,559 [main] INFO  server.AuthenticationFilter (AuthenticationFilter.java:constructSecretProvider(240)) - Unable to initialize FileSignerSecretProvider, falling back to use random secrets.
2019-10-11 03:36:49,559 [main] WARN  http.HttpRequestLog (HttpRequestLog.java:getRequestLog(97)) - Jetty request log can only be enabled using Log4j
2019-10-11 03:36:49,560 [main] INFO  http.HttpServer2 (HttpServer2.java:addGlobalFilter(975)) - Added global filter 'safety' (class=org.apache.hadoop.http.HttpServer2$QuotingInputFilter)
2019-10-11 03:36:49,561 [main] INFO  http.HttpServer2 (HttpServer2.java:addFilter(948)) - Added filter static_user_filter (class=org.apache.hadoop.http.lib.StaticUserWebFilter$StaticUserFilter) to context hddsDatanode
2019-10-11 03:36:49,561 [main] INFO  http.HttpServer2 (HttpServer2.java:addFilter(958)) - Added filter static_user_filter (class=org.apache.hadoop.http.lib.StaticUserWebFilter$StaticUserFilter) to context static
2019-10-11 03:36:49,561 [main] INFO  http.HttpServer2 (HttpServer2.java:addFilter(958)) - Added filter static_user_filter (class=org.apache.hadoop.http.lib.StaticUserWebFilter$StaticUserFilter) to context logs
2019-10-11 03:36:49,561 [main] INFO  http.HttpServer2 (HttpServer2.java:bindListener(1191)) - Jetty bound to port 42874
2019-10-11 03:36:49,561 [main] INFO  server.Server (Server.java:doStart(351)) - jetty-9.3.25.v20180904, build timestamp: 2018-09-04T21:11:46Z, git hash: 3ce520221d0240229c862b122d2b06c12a625732
2019-10-11 03:36:49,563 [main] INFO  handler.ContextHandler (ContextHandler.java:doStart(781)) - Started o.e.j.s.ServletContextHandler@582dcd35{/logs,file:///workdir/hadoop-ozone/integration-test/target/log,AVAILABLE}
2019-10-11 03:36:49,563 [main] INFO  handler.ContextHandler (ContextHandler.java:doStart(781)) - Started o.e.j.s.ServletContextHandler@394a6d2b{/static,jar:file:/home/user/.m2/repository/org/apache/hadoop/hadoop-hdds-container-service/0.5.0-SNAPSHOT/hadoop-hdds-container-service-0.5.0-SNAPSHOT.jar!/webapps/static,AVAILABLE}
2019-10-11 03:36:49,591 [main] INFO  handler.ContextHandler (ContextHandler.java:doStart(781)) - Started o.e.j.w.WebAppContext@184afb78{/,file:///tmp/jetty-0.0.0.0-42874-hddsDatanode-_-any-9132251017085608484.dir/webapp/,AVAILABLE}{/hddsDatanode}
2019-10-11 03:36:49,592 [main] INFO  server.AbstractConnector (AbstractConnector.java:doStart(278)) - Started ServerConnector@22da200e{HTTP/1.1,[http/1.1]}{0.0.0.0:42874}
2019-10-11 03:36:49,594 [main] INFO  server.Server (Server.java:doStart(419)) - Started @625970ms
2019-10-11 03:36:49,594 [main] WARN  impl.MetricsSystemImpl (MetricsSystemImpl.java:register(276)) - Sink prometheus already exists!
2019-10-11 03:36:49,595 [main] INFO  server.BaseHttpServer (BaseHttpServer.java:updateConnectorAddress(215)) - HTTP server of HDDSDATANODE is listening at http://0.0.0.0:42874
2019-10-11 03:36:49,595 [main] INFO  impl.MetricsSystemImpl (MetricsSystemImpl.java:init(158)) - HddsDatanode metrics system started (again)
2019-10-11 03:36:49,601 [org.apache.hadoop.util.JvmPauseMonitor$Monitor@4b0dc7] INFO  util.JvmPauseMonitor (JvmPauseMonitor.java:run(188)) - Starting JVM pause monitor
2019-10-11 03:36:49,602 [Datanode State Machine Thread - 0] INFO  datanode.InitDatanodeState (InitDatanodeState.java:persistContainerDatanodeDetails(140)) - DatanodeDetails is persisted to /workdir/hadoop-ozone/integration-test/target/test-dir/MiniOzoneClusterImpl-41393050-cb04-463e-b451-9f8cbcecb76f/datanode-4/meta/datanode.id
2019-10-11 03:36:49,602 [main] INFO  ozone.HddsDatanodeService (HddsDatanodeService.java:start(184)) - HddsDatanodeService host:pr-hdds-2181-p9m8s-78523098 ip:192.168.151.96
2019-10-11 03:36:49,612 [main] INFO  volume.HddsVolume (HddsVolume.java:<init>(176)) - Creating Volume: /workdir/hadoop-ozone/integration-test/target/test-dir/MiniOzoneClusterImpl-41393050-cb04-463e-b451-9f8cbcecb76f/datanode-5/data/containers/hdds of  storage type : DISK and capacity : 1482555576320
2019-10-11 03:36:49,613 [main] INFO  volume.VolumeSet (VolumeSet.java:initializeVolumeSet(170)) - Added Volume : /workdir/hadoop-ozone/integration-test/target/test-dir/MiniOzoneClusterImpl-41393050-cb04-463e-b451-9f8cbcecb76f/datanode-5/data/containers/hdds to VolumeSet
2019-10-11 03:36:49,613 [main] INFO  volume.ThrottledAsyncChecker (ThrottledAsyncChecker.java:schedule(141)) - Scheduling a check for org.apache.hadoop.ozone.container.common.volume.HddsVolume@629b780f
2019-10-11 03:36:49,613 [main] INFO  volume.HddsVolumeChecker (HddsVolumeChecker.java:checkAllVolumes(204)) - Scheduled health check for volume org.apache.hadoop.ozone.container.common.volume.HddsVolume@629b780f
2019-10-11 03:36:49,626 [main] INFO  impl.RaftServerProxy (ConfUtils.java:logGet(43)) - raft.rpc.type = GRPC (default)
2019-10-11 03:36:49,626 [main] INFO  grpc.GrpcFactory (GrpcFactory.java:checkPooledByteBufAllocatorUseCacheForAllThreads(45)) - PERFORMANCE WARNING: useCacheForAllThreads is true that may cause Netty to create a lot garbage objects and, as a result, trigger GC.
	It is recommended to disable useCacheForAllThreads by setting -Dorg.apache.ratis.thirdparty.io.netty.allocator.useCacheForAllThreads=false in command line.
2019-10-11 03:36:49,626 [main] INFO  grpc.GrpcConfigKeys$Server (ConfUtils.java:logGet(43)) - raft.grpc.server.port = 0 (default)
2019-10-11 03:36:49,626 [main] INFO  server.GrpcService (ConfUtils.java:logGet(43)) - raft.grpc.message.size.max = 33570816 (custom)
2019-10-11 03:36:49,627 [main] INFO  server.RaftServerConfigKeys (ConfUtils.java:logGet(43)) - raft.server.log.appender.buffer.byte-limit = 33554432 (custom)
2019-10-11 03:36:49,627 [main] INFO  server.GrpcService (ConfUtils.java:logGet(43)) - raft.grpc.flow.control.window = 1MB (=1048576) (default)
2019-10-11 03:36:49,627 [main] INFO  server.RaftServerConfigKeys (ConfUtils.java:logGet(43)) - raft.server.rpc.request.timeout = 3000ms (default)
2019-10-11 03:36:49,627 [main] INFO  server.RaftServerConfigKeys (ConfUtils.java:logGet(43)) - raft.server.storage.dir = [/workdir/hadoop-ozone/integration-test/target/test-dir/MiniOzoneClusterImpl-41393050-cb04-463e-b451-9f8cbcecb76f/datanode-5/data/ratis] (custom)
2019-10-11 03:36:49,629 [main] INFO  hdfs.DFSUtil (DFSUtil.java:httpServerTemplateForNNAndJN(1641)) - Starting Web-server for hddsDatanode at: http://0.0.0.0:0
2019-10-11 03:36:49,630 [main] INFO  server.AuthenticationFilter (AuthenticationFilter.java:constructSecretProvider(240)) - Unable to initialize FileSignerSecretProvider, falling back to use random secrets.
2019-10-11 03:36:49,630 [main] WARN  http.HttpRequestLog (HttpRequestLog.java:getRequestLog(97)) - Jetty request log can only be enabled using Log4j
2019-10-11 03:36:49,632 [main] INFO  http.HttpServer2 (HttpServer2.java:addGlobalFilter(975)) - Added global filter 'safety' (class=org.apache.hadoop.http.HttpServer2$QuotingInputFilter)
2019-10-11 03:36:49,632 [main] INFO  http.HttpServer2 (HttpServer2.java:addFilter(948)) - Added filter static_user_filter (class=org.apache.hadoop.http.lib.StaticUserWebFilter$StaticUserFilter) to context hddsDatanode
2019-10-11 03:36:49,633 [main] INFO  http.HttpServer2 (HttpServer2.java:addFilter(958)) - Added filter static_user_filter (class=org.apache.hadoop.http.lib.StaticUserWebFilter$StaticUserFilter) to context static
2019-10-11 03:36:49,633 [main] INFO  http.HttpServer2 (HttpServer2.java:addFilter(958)) - Added filter static_user_filter (class=org.apache.hadoop.http.lib.StaticUserWebFilter$StaticUserFilter) to context logs
2019-10-11 03:36:49,633 [main] INFO  http.HttpServer2 (HttpServer2.java:bindListener(1191)) - Jetty bound to port 37416
2019-10-11 03:36:49,633 [main] INFO  server.Server (Server.java:doStart(351)) - jetty-9.3.25.v20180904, build timestamp: 2018-09-04T21:11:46Z, git hash: 3ce520221d0240229c862b122d2b06c12a625732
2019-10-11 03:36:49,635 [main] INFO  handler.ContextHandler (ContextHandler.java:doStart(781)) - Started o.e.j.s.ServletContextHandler@1412682c{/logs,file:///workdir/hadoop-ozone/integration-test/target/log,AVAILABLE}
2019-10-11 03:36:49,635 [main] INFO  handler.ContextHandler (ContextHandler.java:doStart(781)) - Started o.e.j.s.ServletContextHandler@54a056e4{/static,jar:file:/home/user/.m2/repository/org/apache/hadoop/hadoop-hdds-container-service/0.5.0-SNAPSHOT/hadoop-hdds-container-service-0.5.0-SNAPSHOT.jar!/webapps/static,AVAILABLE}
2019-10-11 03:36:49,662 [main] INFO  handler.ContextHandler (ContextHandler.java:doStart(781)) - Started o.e.j.w.WebAppContext@5599b5bb{/,file:///tmp/jetty-0.0.0.0-37416-hddsDatanode-_-any-6754885303011149630.dir/webapp/,AVAILABLE}{/hddsDatanode}
2019-10-11 03:36:49,663 [main] INFO  server.AbstractConnector (AbstractConnector.java:doStart(278)) - Started ServerConnector@4ff66917{HTTP/1.1,[http/1.1]}{0.0.0.0:37416}
2019-10-11 03:36:49,665 [main] INFO  server.Server (Server.java:doStart(419)) - Started @626041ms
2019-10-11 03:36:49,665 [main] WARN  impl.MetricsSystemImpl (MetricsSystemImpl.java:register(276)) - Sink prometheus already exists!
2019-10-11 03:36:49,666 [main] INFO  server.BaseHttpServer (BaseHttpServer.java:updateConnectorAddress(215)) - HTTP server of HDDSDATANODE is listening at http://0.0.0.0:37416
2019-10-11 03:36:49,666 [main] INFO  impl.MetricsSystemImpl (MetricsSystemImpl.java:init(158)) - HddsDatanode metrics system started (again)
2019-10-11 03:36:49,672 [org.apache.hadoop.util.JvmPauseMonitor$Monitor@15f862d8] INFO  util.JvmPauseMonitor (JvmPauseMonitor.java:run(188)) - Starting JVM pause monitor
2019-10-11 03:36:49,673 [main] INFO  ozone.HddsDatanodeService (HddsDatanodeService.java:start(184)) - HddsDatanodeService host:pr-hdds-2181-p9m8s-78523098 ip:192.168.151.96
2019-10-11 03:36:49,673 [Datanode State Machine Thread - 0] INFO  datanode.InitDatanodeState (InitDatanodeState.java:persistContainerDatanodeDetails(140)) - DatanodeDetails is persisted to /workdir/hadoop-ozone/integration-test/target/test-dir/MiniOzoneClusterImpl-41393050-cb04-463e-b451-9f8cbcecb76f/datanode-5/meta/datanode.id
2019-10-11 03:36:49,679 [main] INFO  volume.HddsVolume (HddsVolume.java:<init>(176)) - Creating Volume: /workdir/hadoop-ozone/integration-test/target/test-dir/MiniOzoneClusterImpl-41393050-cb04-463e-b451-9f8cbcecb76f/datanode-6/data/containers/hdds of  storage type : DISK and capacity : 1482555576320
2019-10-11 03:36:49,679 [main] INFO  volume.VolumeSet (VolumeSet.java:initializeVolumeSet(170)) - Added Volume : /workdir/hadoop-ozone/integration-test/target/test-dir/MiniOzoneClusterImpl-41393050-cb04-463e-b451-9f8cbcecb76f/datanode-6/data/containers/hdds to VolumeSet
2019-10-11 03:36:49,679 [main] INFO  volume.ThrottledAsyncChecker (ThrottledAsyncChecker.java:schedule(141)) - Scheduling a check for org.apache.hadoop.ozone.container.common.volume.HddsVolume@75ad30c1
2019-10-11 03:36:49,679 [main] INFO  volume.HddsVolumeChecker (HddsVolumeChecker.java:checkAllVolumes(204)) - Scheduled health check for volume org.apache.hadoop.ozone.container.common.volume.HddsVolume@75ad30c1
2019-10-11 03:36:49,693 [main] INFO  impl.RaftServerProxy (ConfUtils.java:logGet(43)) - raft.rpc.type = GRPC (default)
2019-10-11 03:36:49,693 [main] INFO  grpc.GrpcFactory (GrpcFactory.java:checkPooledByteBufAllocatorUseCacheForAllThreads(45)) - PERFORMANCE WARNING: useCacheForAllThreads is true that may cause Netty to create a lot garbage objects and, as a result, trigger GC.
	It is recommended to disable useCacheForAllThreads by setting -Dorg.apache.ratis.thirdparty.io.netty.allocator.useCacheForAllThreads=false in command line.
2019-10-11 03:36:49,693 [main] INFO  grpc.GrpcConfigKeys$Server (ConfUtils.java:logGet(43)) - raft.grpc.server.port = 0 (default)
2019-10-11 03:36:49,693 [main] INFO  server.GrpcService (ConfUtils.java:logGet(43)) - raft.grpc.message.size.max = 33570816 (custom)
2019-10-11 03:36:49,693 [main] INFO  server.RaftServerConfigKeys (ConfUtils.java:logGet(43)) - raft.server.log.appender.buffer.byte-limit = 33554432 (custom)
2019-10-11 03:36:49,693 [main] INFO  server.GrpcService (ConfUtils.java:logGet(43)) - raft.grpc.flow.control.window = 1MB (=1048576) (default)
2019-10-11 03:36:49,694 [main] INFO  server.RaftServerConfigKeys (ConfUtils.java:logGet(43)) - raft.server.rpc.request.timeout = 3000ms (default)
2019-10-11 03:36:49,694 [main] INFO  server.RaftServerConfigKeys (ConfUtils.java:logGet(43)) - raft.server.storage.dir = [/workdir/hadoop-ozone/integration-test/target/test-dir/MiniOzoneClusterImpl-41393050-cb04-463e-b451-9f8cbcecb76f/datanode-6/data/ratis] (custom)
2019-10-11 03:36:49,695 [main] INFO  hdfs.DFSUtil (DFSUtil.java:httpServerTemplateForNNAndJN(1641)) - Starting Web-server for hddsDatanode at: http://0.0.0.0:0
2019-10-11 03:36:49,696 [main] INFO  server.AuthenticationFilter (AuthenticationFilter.java:constructSecretProvider(240)) - Unable to initialize FileSignerSecretProvider, falling back to use random secrets.
2019-10-11 03:36:49,697 [main] WARN  http.HttpRequestLog (HttpRequestLog.java:getRequestLog(97)) - Jetty request log can only be enabled using Log4j
2019-10-11 03:36:49,698 [main] INFO  http.HttpServer2 (HttpServer2.java:addGlobalFilter(975)) - Added global filter 'safety' (class=org.apache.hadoop.http.HttpServer2$QuotingInputFilter)
2019-10-11 03:36:49,698 [main] INFO  http.HttpServer2 (HttpServer2.java:addFilter(948)) - Added filter static_user_filter (class=org.apache.hadoop.http.lib.StaticUserWebFilter$StaticUserFilter) to context hddsDatanode
2019-10-11 03:36:49,698 [main] INFO  http.HttpServer2 (HttpServer2.java:addFilter(958)) - Added filter static_user_filter (class=org.apache.hadoop.http.lib.StaticUserWebFilter$StaticUserFilter) to context static
2019-10-11 03:36:49,698 [main] INFO  http.HttpServer2 (HttpServer2.java:addFilter(958)) - Added filter static_user_filter (class=org.apache.hadoop.http.lib.StaticUserWebFilter$StaticUserFilter) to context logs
2019-10-11 03:36:49,699 [main] INFO  http.HttpServer2 (HttpServer2.java:bindListener(1191)) - Jetty bound to port 36980
2019-10-11 03:36:49,699 [main] INFO  server.Server (Server.java:doStart(351)) - jetty-9.3.25.v20180904, build timestamp: 2018-09-04T21:11:46Z, git hash: 3ce520221d0240229c862b122d2b06c12a625732
2019-10-11 03:36:49,700 [main] INFO  handler.ContextHandler (ContextHandler.java:doStart(781)) - Started o.e.j.s.ServletContextHandler@49ced9c7{/logs,file:///workdir/hadoop-ozone/integration-test/target/log,AVAILABLE}
2019-10-11 03:36:49,701 [main] INFO  handler.ContextHandler (ContextHandler.java:doStart(781)) - Started o.e.j.s.ServletContextHandler@75ed125a{/static,jar:file:/home/user/.m2/repository/org/apache/hadoop/hadoop-hdds-container-service/0.5.0-SNAPSHOT/hadoop-hdds-container-service-0.5.0-SNAPSHOT.jar!/webapps/static,AVAILABLE}
2019-10-11 03:36:49,728 [main] INFO  handler.ContextHandler (ContextHandler.java:doStart(781)) - Started o.e.j.w.WebAppContext@b75b890{/,file:///tmp/jetty-0.0.0.0-36980-hddsDatanode-_-any-6942239740975952330.dir/webapp/,AVAILABLE}{/hddsDatanode}
2019-10-11 03:36:49,728 [main] INFO  server.AbstractConnector (AbstractConnector.java:doStart(278)) - Started ServerConnector@70c491b8{HTTP/1.1,[http/1.1]}{0.0.0.0:36980}
2019-10-11 03:36:49,730 [main] INFO  server.Server (Server.java:doStart(419)) - Started @626106ms
2019-10-11 03:36:49,730 [main] WARN  impl.MetricsSystemImpl (MetricsSystemImpl.java:register(276)) - Sink prometheus already exists!
2019-10-11 03:36:49,731 [main] INFO  server.BaseHttpServer (BaseHttpServer.java:updateConnectorAddress(215)) - HTTP server of HDDSDATANODE is listening at http://0.0.0.0:36980
2019-10-11 03:36:49,731 [main] INFO  ozone.MiniOzoneClusterImpl (MiniOzoneClusterImpl.java:lambda$waitForClusterToBeReady$0(147)) - Waiting for cluster to be ready. Got 0 of 7 DN Heartbeats.
2019-10-11 03:36:49,732 [org.apache.hadoop.util.JvmPauseMonitor$Monitor@5380f4ef] INFO  util.JvmPauseMonitor (JvmPauseMonitor.java:run(188)) - Starting JVM pause monitor
2019-10-11 03:36:49,733 [Datanode State Machine Thread - 0] INFO  datanode.InitDatanodeState (InitDatanodeState.java:persistContainerDatanodeDetails(140)) - DatanodeDetails is persisted to /workdir/hadoop-ozone/integration-test/target/test-dir/MiniOzoneClusterImpl-41393050-cb04-463e-b451-9f8cbcecb76f/datanode-6/meta/datanode.id
2019-10-11 03:36:50,732 [main] INFO  ozone.MiniOzoneClusterImpl (MiniOzoneClusterImpl.java:lambda$waitForClusterToBeReady$0(147)) - Waiting for cluster to be ready. Got 0 of 7 DN Heartbeats.
2019-10-11 03:36:51,350 [Datanode State Machine Thread - 0] INFO  ozoneimpl.OzoneContainer (OzoneContainer.java:start(213)) - Attempting to start container services.
2019-10-11 03:36:51,350 [Datanode State Machine Thread - 0] INFO  ozoneimpl.OzoneContainer (OzoneContainer.java:startContainerScrub(177)) - Background container scanner has been disabled.
2019-10-11 03:36:51,350 [Datanode State Machine Thread - 0] INFO  ratis.XceiverServerRatis (XceiverServerRatis.java:start(418)) - Starting XceiverServerRatis acd3cc76-f45e-4125-acd5-33350e490971 at port 0
2019-10-11 03:36:51,359 [Datanode State Machine Thread - 0] INFO  impl.RaftServerProxy (RaftServerProxy.java:lambda$start$3(299)) - acd3cc76-f45e-4125-acd5-33350e490971: start RPC server
2019-10-11 03:36:51,373 [Datanode State Machine Thread - 0] INFO  server.GrpcService (GrpcService.java:startImpl(158)) - acd3cc76-f45e-4125-acd5-33350e490971: GrpcService started, listening on 0.0.0.0/0.0.0.0:34944
2019-10-11 03:36:51,373 [Datanode State Machine Thread - 0] INFO  ratis.XceiverServerRatis (XceiverServerRatis.java:start(428)) - XceiverServerRatis acd3cc76-f45e-4125-acd5-33350e490971 is started using port 34944
2019-10-11 03:36:51,373 [Datanode State Machine Thread - 0] INFO  server.XceiverServerGrpc (XceiverServerGrpc.java:start(149)) - XceiverServerGrpc acd3cc76-f45e-4125-acd5-33350e490971 is started using port 43719
2019-10-11 03:36:51,415 [Datanode State Machine Thread - 0] INFO  ozoneimpl.OzoneContainer (OzoneContainer.java:start(213)) - Attempting to start container services.
2019-10-11 03:36:51,416 [Datanode State Machine Thread - 0] INFO  ozoneimpl.OzoneContainer (OzoneContainer.java:startContainerScrub(177)) - Background container scanner has been disabled.
2019-10-11 03:36:51,416 [Datanode State Machine Thread - 0] INFO  ratis.XceiverServerRatis (XceiverServerRatis.java:start(418)) - Starting XceiverServerRatis bfe1fb00-2040-48fe-b8b4-ec0722208c64 at port 0
2019-10-11 03:36:51,423 [Datanode State Machine Thread - 0] INFO  impl.RaftServerProxy (RaftServerProxy.java:lambda$start$3(299)) - bfe1fb00-2040-48fe-b8b4-ec0722208c64: start RPC server
2019-10-11 03:36:51,425 [Datanode State Machine Thread - 0] INFO  server.GrpcService (GrpcService.java:startImpl(158)) - bfe1fb00-2040-48fe-b8b4-ec0722208c64: GrpcService started, listening on 0.0.0.0/0.0.0.0:38572
2019-10-11 03:36:51,425 [Datanode State Machine Thread - 0] INFO  ratis.XceiverServerRatis (XceiverServerRatis.java:start(428)) - XceiverServerRatis bfe1fb00-2040-48fe-b8b4-ec0722208c64 is started using port 38572
2019-10-11 03:36:51,427 [Datanode State Machine Thread - 0] INFO  server.XceiverServerGrpc (XceiverServerGrpc.java:start(149)) - XceiverServerGrpc bfe1fb00-2040-48fe-b8b4-ec0722208c64 is started using port 39949
2019-10-11 03:36:51,479 [Datanode State Machine Thread - 0] INFO  ozoneimpl.OzoneContainer (OzoneContainer.java:start(213)) - Attempting to start container services.
2019-10-11 03:36:51,479 [Datanode State Machine Thread - 0] INFO  ozoneimpl.OzoneContainer (OzoneContainer.java:startContainerScrub(177)) - Background container scanner has been disabled.
2019-10-11 03:36:51,479 [Datanode State Machine Thread - 0] INFO  ratis.XceiverServerRatis (XceiverServerRatis.java:start(418)) - Starting XceiverServerRatis 65dcd157-7db8-4958-989c-892d657b393e at port 0
2019-10-11 03:36:51,485 [Datanode State Machine Thread - 0] INFO  impl.RaftServerProxy (RaftServerProxy.java:lambda$start$3(299)) - 65dcd157-7db8-4958-989c-892d657b393e: start RPC server
2019-10-11 03:36:51,487 [Datanode State Machine Thread - 0] INFO  server.GrpcService (GrpcService.java:startImpl(158)) - 65dcd157-7db8-4958-989c-892d657b393e: GrpcService started, listening on 0.0.0.0/0.0.0.0:41882
2019-10-11 03:36:51,488 [Datanode State Machine Thread - 0] INFO  ratis.XceiverServerRatis (XceiverServerRatis.java:start(428)) - XceiverServerRatis 65dcd157-7db8-4958-989c-892d657b393e is started using port 41882
2019-10-11 03:36:51,495 [Datanode State Machine Thread - 0] INFO  server.XceiverServerGrpc (XceiverServerGrpc.java:start(149)) - XceiverServerGrpc 65dcd157-7db8-4958-989c-892d657b393e is started using port 36715
2019-10-11 03:36:51,549 [Datanode State Machine Thread - 0] INFO  ozoneimpl.OzoneContainer (OzoneContainer.java:start(213)) - Attempting to start container services.
2019-10-11 03:36:51,549 [Datanode State Machine Thread - 0] INFO  ozoneimpl.OzoneContainer (OzoneContainer.java:startContainerScrub(177)) - Background container scanner has been disabled.
2019-10-11 03:36:51,549 [Datanode State Machine Thread - 0] INFO  ratis.XceiverServerRatis (XceiverServerRatis.java:start(418)) - Starting XceiverServerRatis 6afc402c-563e-4dae-8086-9d1ee961591d at port 0
2019-10-11 03:36:51,557 [Datanode State Machine Thread - 0] INFO  impl.RaftServerProxy (RaftServerProxy.java:lambda$start$3(299)) - 6afc402c-563e-4dae-8086-9d1ee961591d: start RPC server
2019-10-11 03:36:51,560 [Datanode State Machine Thread - 0] INFO  server.GrpcService (GrpcService.java:startImpl(158)) - 6afc402c-563e-4dae-8086-9d1ee961591d: GrpcService started, listening on 0.0.0.0/0.0.0.0:46033
2019-10-11 03:36:51,560 [Datanode State Machine Thread - 0] INFO  ratis.XceiverServerRatis (XceiverServerRatis.java:start(428)) - XceiverServerRatis 6afc402c-563e-4dae-8086-9d1ee961591d is started using port 46033
2019-10-11 03:36:51,561 [Datanode State Machine Thread - 0] INFO  server.XceiverServerGrpc (XceiverServerGrpc.java:start(149)) - XceiverServerGrpc 6afc402c-563e-4dae-8086-9d1ee961591d is started using port 45688
2019-10-11 03:36:51,614 [Datanode State Machine Thread - 0] INFO  ozoneimpl.OzoneContainer (OzoneContainer.java:start(213)) - Attempting to start container services.
2019-10-11 03:36:51,614 [Datanode State Machine Thread - 0] INFO  ozoneimpl.OzoneContainer (OzoneContainer.java:startContainerScrub(177)) - Background container scanner has been disabled.
2019-10-11 03:36:51,614 [Datanode State Machine Thread - 0] INFO  ratis.XceiverServerRatis (XceiverServerRatis.java:start(418)) - Starting XceiverServerRatis 03e4f594-86c7-4fac-9da8-d4dc1efdb82f at port 0
2019-10-11 03:36:51,622 [Datanode State Machine Thread - 0] INFO  impl.RaftServerProxy (RaftServerProxy.java:lambda$start$3(299)) - 03e4f594-86c7-4fac-9da8-d4dc1efdb82f: start RPC server
2019-10-11 03:36:51,624 [Datanode State Machine Thread - 0] INFO  server.GrpcService (GrpcService.java:startImpl(158)) - 03e4f594-86c7-4fac-9da8-d4dc1efdb82f: GrpcService started, listening on 0.0.0.0/0.0.0.0:43957
2019-10-11 03:36:51,624 [Datanode State Machine Thread - 0] INFO  ratis.XceiverServerRatis (XceiverServerRatis.java:start(428)) - XceiverServerRatis 03e4f594-86c7-4fac-9da8-d4dc1efdb82f is started using port 43957
2019-10-11 03:36:51,626 [Datanode State Machine Thread - 0] INFO  server.XceiverServerGrpc (XceiverServerGrpc.java:start(149)) - XceiverServerGrpc 03e4f594-86c7-4fac-9da8-d4dc1efdb82f is started using port 41071
2019-10-11 03:36:51,689 [Datanode State Machine Thread - 0] INFO  ozoneimpl.OzoneContainer (OzoneContainer.java:start(213)) - Attempting to start container services.
2019-10-11 03:36:51,689 [Datanode State Machine Thread - 0] INFO  ozoneimpl.OzoneContainer (OzoneContainer.java:startContainerScrub(177)) - Background container scanner has been disabled.
2019-10-11 03:36:51,689 [Datanode State Machine Thread - 0] INFO  ratis.XceiverServerRatis (XceiverServerRatis.java:start(418)) - Starting XceiverServerRatis f182464e-c83e-4f22-a06f-1132466c2633 at port 0
2019-10-11 03:36:51,697 [Datanode State Machine Thread - 0] INFO  impl.RaftServerProxy (RaftServerProxy.java:lambda$start$3(299)) - f182464e-c83e-4f22-a06f-1132466c2633: start RPC server
2019-10-11 03:36:51,708 [Datanode State Machine Thread - 0] INFO  server.GrpcService (GrpcService.java:startImpl(158)) - f182464e-c83e-4f22-a06f-1132466c2633: GrpcService started, listening on 0.0.0.0/0.0.0.0:34571
2019-10-11 03:36:51,708 [Datanode State Machine Thread - 0] INFO  ratis.XceiverServerRatis (XceiverServerRatis.java:start(428)) - XceiverServerRatis f182464e-c83e-4f22-a06f-1132466c2633 is started using port 34571
2019-10-11 03:36:51,710 [Datanode State Machine Thread - 0] INFO  server.XceiverServerGrpc (XceiverServerGrpc.java:start(149)) - XceiverServerGrpc f182464e-c83e-4f22-a06f-1132466c2633 is started using port 34287
2019-10-11 03:36:51,732 [main] INFO  ozone.MiniOzoneClusterImpl (MiniOzoneClusterImpl.java:lambda$waitForClusterToBeReady$0(147)) - Waiting for cluster to be ready. Got 0 of 7 DN Heartbeats.
2019-10-11 03:36:51,748 [Datanode State Machine Thread - 0] INFO  ozoneimpl.OzoneContainer (OzoneContainer.java:start(213)) - Attempting to start container services.
2019-10-11 03:36:51,748 [Datanode State Machine Thread - 0] INFO  ozoneimpl.OzoneContainer (OzoneContainer.java:startContainerScrub(177)) - Background container scanner has been disabled.
2019-10-11 03:36:51,748 [Datanode State Machine Thread - 0] INFO  ratis.XceiverServerRatis (XceiverServerRatis.java:start(418)) - Starting XceiverServerRatis 2576ad6b-f584-4776-95e1-7cd0727f3a1c at port 0
2019-10-11 03:36:51,754 [Datanode State Machine Thread - 0] INFO  impl.RaftServerProxy (RaftServerProxy.java:lambda$start$3(299)) - 2576ad6b-f584-4776-95e1-7cd0727f3a1c: start RPC server
2019-10-11 03:36:51,756 [Datanode State Machine Thread - 0] INFO  server.GrpcService (GrpcService.java:startImpl(158)) - 2576ad6b-f584-4776-95e1-7cd0727f3a1c: GrpcService started, listening on 0.0.0.0/0.0.0.0:40317
2019-10-11 03:36:51,757 [Datanode State Machine Thread - 0] INFO  ratis.XceiverServerRatis (XceiverServerRatis.java:start(428)) - XceiverServerRatis 2576ad6b-f584-4776-95e1-7cd0727f3a1c is started using port 40317
2019-10-11 03:36:51,759 [Datanode State Machine Thread - 0] INFO  server.XceiverServerGrpc (XceiverServerGrpc.java:start(149)) - XceiverServerGrpc 2576ad6b-f584-4776-95e1-7cd0727f3a1c is started using port 35214
2019-10-11 03:36:52,733 [main] INFO  ozone.MiniOzoneClusterImpl (MiniOzoneClusterImpl.java:lambda$waitForClusterToBeReady$0(147)) - Waiting for cluster to be ready. Got 0 of 7 DN Heartbeats.
2019-10-11 03:36:53,333 [IPC Server handler 0 on 40093] INFO  net.NetworkTopology (NetworkTopologyImpl.java:add(111)) - Added a new node: /default-rack/acd3cc76-f45e-4125-acd5-33350e490971
2019-10-11 03:36:53,336 [IPC Server handler 0 on 40093] INFO  node.SCMNodeManager (SCMNodeManager.java:register(268)) - Registered Data node : acd3cc76-f45e-4125-acd5-33350e490971{ip: 192.168.151.96, host: pr-hdds-2181-p9m8s-78523098, networkLocation: /default-rack, certSerialId: null}
2019-10-11 03:36:53,337 [EventQueue-NodeRegistrationContainerReportForDataNodeSafeModeRule] INFO  safemode.SCMSafeModeManager (DataNodeSafeModeRule.java:process(71)) - SCM in safe mode. 1 DataNodes registered, 1 required.
2019-10-11 03:36:53,341 [EventQueue-NodeRegistrationContainerReportForDataNodeSafeModeRule] INFO  safemode.SCMSafeModeManager (SCMSafeModeManager.java:validateSafeModeExitRules(177)) - ScmSafeModeManager, all rules are successfully validated
2019-10-11 03:36:53,341 [EventQueue-NodeRegistrationContainerReportForDataNodeSafeModeRule] INFO  safemode.SCMSafeModeManager (SCMSafeModeManager.java:exitSafeMode(193)) - SCM exiting safe mode.
2019-10-11 03:36:53,351 [grpc-default-executor-3] INFO  impl.RaftServerProxy (RaftServerProxy.java:addNew(89)) - acd3cc76-f45e-4125-acd5-33350e490971: addNew group-381C61BA4980:[acd3cc76-f45e-4125-acd5-33350e490971:192.168.151.96:34944] returns group-381C61BA4980:java.util.concurrent.CompletableFuture@2a195ebb[Not completed]
2019-10-11 03:36:53,354 [pool-499-thread-1] INFO  impl.RaftServerImpl (RaftServerImpl.java:<init>(95)) - acd3cc76-f45e-4125-acd5-33350e490971: new RaftServerImpl for group-381C61BA4980:[acd3cc76-f45e-4125-acd5-33350e490971:192.168.151.96:34944] with ContainerStateMachine:uninitialized
2019-10-11 03:36:53,355 [pool-499-thread-1] INFO  server.RaftServerConfigKeys (ConfUtils.java:logGet(43)) - raft.server.rpc.timeout.min = 5s (custom)
2019-10-11 03:36:53,355 [pool-499-thread-1] INFO  server.RaftServerConfigKeys (ConfUtils.java:logGet(43)) - raft.server.rpc.timeout.max = 5200ms (custom)
2019-10-11 03:36:53,355 [pool-499-thread-1] INFO  server.RaftServerConfigKeys (ConfUtils.java:logGet(43)) - raft.server.rpcslowness.timeout = 120s (custom)
2019-10-11 03:36:53,355 [pool-499-thread-1] INFO  server.RaftServerConfigKeys (ConfUtils.java:logGet(43)) - raft.server.sleep.deviation.threshold = 300 (default)
2019-10-11 03:36:53,355 [pool-499-thread-1] INFO  server.RaftServerConfigKeys (ConfUtils.java:logGet(43)) - raft.server.log.appender.install.snapshot.enabled = false (custom)
2019-10-11 03:36:53,355 [pool-499-thread-1] INFO  impl.RaftServerImpl (ServerState.java:<init>(103)) - acd3cc76-f45e-4125-acd5-33350e490971@group-381C61BA4980: ConfigurationManager, init=-1: [acd3cc76-f45e-4125-acd5-33350e490971:192.168.151.96:34944], old=null, confs=<EMPTY_MAP>
2019-10-11 03:36:53,356 [pool-499-thread-1] INFO  server.RaftServerConfigKeys (ConfUtils.java:logGet(43)) - raft.server.storage.dir = [/workdir/hadoop-ozone/integration-test/target/test-dir/MiniOzoneClusterImpl-41393050-cb04-463e-b451-9f8cbcecb76f/datanode-0/data/ratis] (custom)
2019-10-11 03:36:53,356 [pool-499-thread-1] INFO  server.RaftServerConfigKeys (ConfUtils.java:logGet(43)) - raft.server.log.corruption.policy = EXCEPTION (default)
2019-10-11 03:36:53,356 [pool-499-thread-1] INFO  storage.RaftStorageDirectory (RaftStorageDirectory.java:analyzeStorage(246)) - The storage directory /workdir/hadoop-ozone/integration-test/target/test-dir/MiniOzoneClusterImpl-41393050-cb04-463e-b451-9f8cbcecb76f/datanode-0/data/ratis/7ce76bd7-41d6-4929-a35b-381c61ba4980 does not exist. Creating ...
2019-10-11 03:36:53,370 [pool-499-thread-1] INFO  storage.RaftStorageDirectory (RaftStorageDirectory.java:tryLock(328)) - Lock on /workdir/hadoop-ozone/integration-test/target/test-dir/MiniOzoneClusterImpl-41393050-cb04-463e-b451-9f8cbcecb76f/datanode-0/data/ratis/7ce76bd7-41d6-4929-a35b-381c61ba4980/in_use.lock acquired by nodename 30966@pr-hdds-2181-p9m8s-78523098
2019-10-11 03:36:53,384 [pool-499-thread-1] INFO  storage.RaftStorage (RaftStorage.java:format(84)) - Storage directory /workdir/hadoop-ozone/integration-test/target/test-dir/MiniOzoneClusterImpl-41393050-cb04-463e-b451-9f8cbcecb76f/datanode-0/data/ratis/7ce76bd7-41d6-4929-a35b-381c61ba4980 has been successfully formatted.
2019-10-11 03:36:53,384 [pool-499-thread-1] INFO  ratis.ContainerStateMachine (ContainerStateMachine.java:loadSnapshot(231)) - group-381C61BA4980: The snapshot info is null. Setting the last applied indexto:(t:0, i:~)
2019-10-11 03:36:53,384 [pool-499-thread-1] INFO  server.RaftServerConfigKeys (ConfUtils.java:logGet(43)) - raft.server.notification.no-leader.timeout = 120s (custom)
2019-10-11 03:36:53,384 [pool-499-thread-1] INFO  server.RaftServerConfigKeys (ConfUtils.java:logGet(43)) - raft.server.log.use.memory = false (default)
2019-10-11 03:36:53,384 [pool-499-thread-1] INFO  server.RaftServerConfigKeys (ConfUtils.java:logGet(43)) - raft.server.log.purge.gap = 1000000 (custom)
2019-10-11 03:36:53,385 [pool-499-thread-1] INFO  server.RaftServerConfigKeys (ConfUtils.java:logGet(43)) - raft.server.log.appender.buffer.byte-limit = 33554432 (custom)
2019-10-11 03:36:53,385 [pool-499-thread-1] INFO  server.RaftServerConfigKeys (ConfUtils.java:logGet(43)) - raft.server.log.segment.size.max = 1048576 (custom)
2019-10-11 03:36:53,387 [pool-499-thread-1] INFO  server.RaftServerConfigKeys (ConfUtils.java:logGet(43)) - raft.server.log.segment.cache.num.max = 2 (custom)
2019-10-11 03:36:53,387 [pool-499-thread-1] INFO  segmented.SegmentedRaftLogWorker (SegmentedRaftLogWorker.java:<init>(173)) - new acd3cc76-f45e-4125-acd5-33350e490971@group-381C61BA4980-SegmentedRaftLogWorker for RaftStorage:Storage Directory /workdir/hadoop-ozone/integration-test/target/test-dir/MiniOzoneClusterImpl-41393050-cb04-463e-b451-9f8cbcecb76f/datanode-0/data/ratis/7ce76bd7-41d6-4929-a35b-381c61ba4980
2019-10-11 03:36:53,388 [pool-499-thread-1] INFO  server.RaftServerConfigKeys (ConfUtils.java:logGet(43)) - raft.server.log.queue.byte-limit = 2147483647 (custom)
2019-10-11 03:36:53,388 [pool-499-thread-1] INFO  server.RaftServerConfigKeys (ConfUtils.java:logGet(43)) - raft.server.log.queue.element-limit = 1024 (custom)
2019-10-11 03:36:53,388 [pool-499-thread-1] INFO  server.RaftServerConfigKeys (ConfUtils.java:logGet(43)) - raft.server.log.segment.size.max = 1048576 (custom)
2019-10-11 03:36:53,388 [pool-499-thread-1] INFO  server.RaftServerConfigKeys (ConfUtils.java:logGet(43)) - raft.server.log.preallocated.size = 16384 (custom)
2019-10-11 03:36:53,388 [pool-499-thread-1] INFO  server.RaftServerConfigKeys (ConfUtils.java:logGet(43)) - raft.server.log.write.buffer.size = 33554432 (custom)
2019-10-11 03:36:53,388 [pool-499-thread-1] INFO  server.RaftServerConfigKeys (ConfUtils.java:logGet(43)) - raft.server.log.force.sync.num = 128 (default)
2019-10-11 03:36:53,388 [pool-499-thread-1] INFO  server.RaftServerConfigKeys (ConfUtils.java:logGet(43)) - raft.server.log.statemachine.data.sync = true (default)
2019-10-11 03:36:53,389 [pool-499-thread-1] INFO  server.RaftServerConfigKeys (ConfUtils.java:logGet(43)) - raft.server.log.statemachine.data.sync.timeout = 10s (default)
2019-10-11 03:36:53,389 [pool-499-thread-1] INFO  server.RaftServerConfigKeys (ConfUtils.java:logGet(43)) - raft.server.log.statemachine.data.sync.timeout.retry = -1 (default)
2019-10-11 03:36:53,389 [pool-499-thread-1] INFO  server.RaftServerConfigKeys (ConfUtils.java:logGet(43)) - raft.server.log.statemachine.data.caching.enabled = true (custom)
2019-10-11 03:36:53,390 [pool-499-thread-1] INFO  segmented.SegmentedRaftLogWorker (SegmentedRaftLogWorker.java:lambda$new$0(128)) - acd3cc76-f45e-4125-acd5-33350e490971@group-381C61BA4980-SegmentedRaftLogWorker: flushIndex: setUnconditionally 0 -> -1
2019-10-11 03:36:53,390 [pool-499-thread-1] INFO  server.RaftServerConfigKeys (ConfUtils.java:logGet(43)) - raft.server.snapshot.auto.trigger.enabled = true (custom)
2019-10-11 03:36:53,390 [pool-499-thread-1] INFO  server.RaftServerConfigKeys (ConfUtils.java:logGet(43)) - raft.server.snapshot.auto.trigger.threshold = 10000 (custom)
2019-10-11 03:36:53,390 [pool-499-thread-1] INFO  server.RaftServerConfigKeys (ConfUtils.java:logGet(43)) - raft.server.snapshot.retention.file.num = 5 (custom)
2019-10-11 03:36:53,391 [pool-499-thread-1] INFO  server.RaftServerConfigKeys (ConfUtils.java:logGet(43)) - raft.server.retrycache.expirytime = 600000ms (custom)
2019-10-11 03:36:53,392 [pool-499-thread-1] INFO  impl.RaftServerImpl (RaftServerImpl.java:start(181)) - acd3cc76-f45e-4125-acd5-33350e490971@group-381C61BA4980: start as a follower, conf=-1: [acd3cc76-f45e-4125-acd5-33350e490971:192.168.151.96:34944], old=null
2019-10-11 03:36:53,392 [pool-499-thread-1] INFO  impl.RaftServerImpl (RaftServerImpl.java:setRole(170)) - acd3cc76-f45e-4125-acd5-33350e490971@group-381C61BA4980: changes role from      null to FOLLOWER at term 0 for startAsFollower
2019-10-11 03:36:53,393 [pool-499-thread-1] INFO  impl.RoleInfo (RoleInfo.java:updateAndGet(143)) - acd3cc76-f45e-4125-acd5-33350e490971: start FollowerState
2019-10-11 03:36:53,393 [pool-499-thread-1] INFO  util.JmxRegister (JmxRegister.java:tryRegister(44)) - Successfully registered JMX Bean with object name Ratis:service=RaftServer,group=group-381C61BA4980,id=acd3cc76-f45e-4125-acd5-33350e490971
2019-10-11 03:36:53,398 [RatisPipelineUtilsThread] INFO  pipeline.PipelineStateManager (PipelineStateManager.java:addPipeline(56)) - Created pipeline Pipeline[ Id: 7ce76bd7-41d6-4929-a35b-381c61ba4980, Nodes: acd3cc76-f45e-4125-acd5-33350e490971{ip: 192.168.151.96, host: pr-hdds-2181-p9m8s-78523098, networkLocation: /default-rack, certSerialId: null}, Type:RATIS, Factor:ONE, State:OPEN]
2019-10-11 03:36:53,405 [IPC Server handler 1 on 40093] INFO  net.NetworkTopology (NetworkTopologyImpl.java:add(111)) - Added a new node: /default-rack/bfe1fb00-2040-48fe-b8b4-ec0722208c64
2019-10-11 03:36:53,406 [IPC Server handler 1 on 40093] INFO  node.SCMNodeManager (SCMNodeManager.java:register(268)) - Registered Data node : bfe1fb00-2040-48fe-b8b4-ec0722208c64{ip: 192.168.151.96, host: pr-hdds-2181-p9m8s-78523098, networkLocation: /default-rack, certSerialId: null}
2019-10-11 03:36:53,412 [grpc-default-executor-3] INFO  impl.RaftServerProxy (RaftServerProxy.java:addNew(89)) - bfe1fb00-2040-48fe-b8b4-ec0722208c64: addNew group-BEC28BF7F3FF:[bfe1fb00-2040-48fe-b8b4-ec0722208c64:192.168.151.96:38572] returns group-BEC28BF7F3FF:java.util.concurrent.CompletableFuture@64bd1f5b[Not completed]
2019-10-11 03:36:53,412 [pool-509-thread-1] INFO  impl.RaftServerImpl (RaftServerImpl.java:<init>(95)) - bfe1fb00-2040-48fe-b8b4-ec0722208c64: new RaftServerImpl for group-BEC28BF7F3FF:[bfe1fb00-2040-48fe-b8b4-ec0722208c64:192.168.151.96:38572] with ContainerStateMachine:uninitialized
2019-10-11 03:36:53,413 [pool-509-thread-1] INFO  server.RaftServerConfigKeys (ConfUtils.java:logGet(43)) - raft.server.rpc.timeout.min = 5s (custom)
2019-10-11 03:36:53,413 [pool-509-thread-1] INFO  server.RaftServerConfigKeys (ConfUtils.java:logGet(43)) - raft.server.rpc.timeout.max = 5200ms (custom)
2019-10-11 03:36:53,413 [pool-509-thread-1] INFO  server.RaftServerConfigKeys (ConfUtils.java:logGet(43)) - raft.server.rpcslowness.timeout = 120s (custom)
2019-10-11 03:36:53,413 [pool-509-thread-1] INFO  server.RaftServerConfigKeys (ConfUtils.java:logGet(43)) - raft.server.sleep.deviation.threshold = 300 (default)
2019-10-11 03:36:53,413 [pool-509-thread-1] INFO  server.RaftServerConfigKeys (ConfUtils.java:logGet(43)) - raft.server.log.appender.install.snapshot.enabled = false (custom)
2019-10-11 03:36:53,413 [pool-509-thread-1] INFO  impl.RaftServerImpl (ServerState.java:<init>(103)) - bfe1fb00-2040-48fe-b8b4-ec0722208c64@group-BEC28BF7F3FF: ConfigurationManager, init=-1: [bfe1fb00-2040-48fe-b8b4-ec0722208c64:192.168.151.96:38572], old=null, confs=<EMPTY_MAP>
2019-10-11 03:36:53,413 [pool-509-thread-1] INFO  server.RaftServerConfigKeys (ConfUtils.java:logGet(43)) - raft.server.storage.dir = [/workdir/hadoop-ozone/integration-test/target/test-dir/MiniOzoneClusterImpl-41393050-cb04-463e-b451-9f8cbcecb76f/datanode-1/data/ratis] (custom)
2019-10-11 03:36:53,413 [pool-509-thread-1] INFO  server.RaftServerConfigKeys (ConfUtils.java:logGet(43)) - raft.server.log.corruption.policy = EXCEPTION (default)
2019-10-11 03:36:53,413 [pool-509-thread-1] INFO  storage.RaftStorageDirectory (RaftStorageDirectory.java:analyzeStorage(246)) - The storage directory /workdir/hadoop-ozone/integration-test/target/test-dir/MiniOzoneClusterImpl-41393050-cb04-463e-b451-9f8cbcecb76f/datanode-1/data/ratis/c89302b6-7eec-4a4e-8c4d-bec28bf7f3ff does not exist. Creating ...
2019-10-11 03:36:53,439 [pool-509-thread-1] INFO  storage.RaftStorageDirectory (RaftStorageDirectory.java:tryLock(328)) - Lock on /workdir/hadoop-ozone/integration-test/target/test-dir/MiniOzoneClusterImpl-41393050-cb04-463e-b451-9f8cbcecb76f/datanode-1/data/ratis/c89302b6-7eec-4a4e-8c4d-bec28bf7f3ff/in_use.lock acquired by nodename 30966@pr-hdds-2181-p9m8s-78523098
2019-10-11 03:36:53,454 [pool-509-thread-1] INFO  storage.RaftStorage (RaftStorage.java:format(84)) - Storage directory /workdir/hadoop-ozone/integration-test/target/test-dir/MiniOzoneClusterImpl-41393050-cb04-463e-b451-9f8cbcecb76f/datanode-1/data/ratis/c89302b6-7eec-4a4e-8c4d-bec28bf7f3ff has been successfully formatted.
2019-10-11 03:36:53,454 [pool-509-thread-1] INFO  ratis.ContainerStateMachine (ContainerStateMachine.java:loadSnapshot(231)) - group-BEC28BF7F3FF: The snapshot info is null. Setting the last applied indexto:(t:0, i:~)
2019-10-11 03:36:53,454 [pool-509-thread-1] INFO  server.RaftServerConfigKeys (ConfUtils.java:logGet(43)) - raft.server.notification.no-leader.timeout = 120s (custom)
2019-10-11 03:36:53,454 [pool-509-thread-1] INFO  server.RaftServerConfigKeys (ConfUtils.java:logGet(43)) - raft.server.log.use.memory = false (default)
2019-10-11 03:36:53,455 [pool-509-thread-1] INFO  server.RaftServerConfigKeys (ConfUtils.java:logGet(43)) - raft.server.log.purge.gap = 1000000 (custom)
2019-10-11 03:36:53,455 [pool-509-thread-1] INFO  server.RaftServerConfigKeys (ConfUtils.java:logGet(43)) - raft.server.log.appender.buffer.byte-limit = 33554432 (custom)
2019-10-11 03:36:53,455 [pool-509-thread-1] INFO  server.RaftServerConfigKeys (ConfUtils.java:logGet(43)) - raft.server.log.segment.size.max = 1048576 (custom)
2019-10-11 03:36:53,457 [pool-509-thread-1] INFO  server.RaftServerConfigKeys (ConfUtils.java:logGet(43)) - raft.server.log.segment.cache.num.max = 2 (custom)
2019-10-11 03:36:53,457 [pool-509-thread-1] INFO  segmented.SegmentedRaftLogWorker (SegmentedRaftLogWorker.java:<init>(173)) - new bfe1fb00-2040-48fe-b8b4-ec0722208c64@group-BEC28BF7F3FF-SegmentedRaftLogWorker for RaftStorage:Storage Directory /workdir/hadoop-ozone/integration-test/target/test-dir/MiniOzoneClusterImpl-41393050-cb04-463e-b451-9f8cbcecb76f/datanode-1/data/ratis/c89302b6-7eec-4a4e-8c4d-bec28bf7f3ff
2019-10-11 03:36:53,457 [pool-509-thread-1] INFO  server.RaftServerConfigKeys (ConfUtils.java:logGet(43)) - raft.server.log.queue.byte-limit = 2147483647 (custom)
2019-10-11 03:36:53,457 [pool-509-thread-1] INFO  server.RaftServerConfigKeys (ConfUtils.java:logGet(43)) - raft.server.log.queue.element-limit = 1024 (custom)
2019-10-11 03:36:53,458 [pool-509-thread-1] INFO  server.RaftServerConfigKeys (ConfUtils.java:logGet(43)) - raft.server.log.segment.size.max = 1048576 (custom)
2019-10-11 03:36:53,458 [pool-509-thread-1] INFO  server.RaftServerConfigKeys (ConfUtils.java:logGet(43)) - raft.server.log.preallocated.size = 16384 (custom)
2019-10-11 03:36:53,458 [pool-509-thread-1] INFO  server.RaftServerConfigKeys (ConfUtils.java:logGet(43)) - raft.server.log.write.buffer.size = 33554432 (custom)
2019-10-11 03:36:53,458 [pool-509-thread-1] INFO  server.RaftServerConfigKeys (ConfUtils.java:logGet(43)) - raft.server.log.force.sync.num = 128 (default)
2019-10-11 03:36:53,458 [pool-509-thread-1] INFO  server.RaftServerConfigKeys (ConfUtils.java:logGet(43)) - raft.server.log.statemachine.data.sync = true (default)
2019-10-11 03:36:53,458 [pool-509-thread-1] INFO  server.RaftServerConfigKeys (ConfUtils.java:logGet(43)) - raft.server.log.statemachine.data.sync.timeout = 10s (default)
2019-10-11 03:36:53,458 [pool-509-thread-1] INFO  server.RaftServerConfigKeys (ConfUtils.java:logGet(43)) - raft.server.log.statemachine.data.sync.timeout.retry = -1 (default)
2019-10-11 03:36:53,459 [pool-509-thread-1] INFO  server.RaftServerConfigKeys (ConfUtils.java:logGet(43)) - raft.server.log.statemachine.data.caching.enabled = true (custom)
2019-10-11 03:36:53,459 [pool-509-thread-1] INFO  segmented.SegmentedRaftLogWorker (SegmentedRaftLogWorker.java:lambda$new$0(128)) - bfe1fb00-2040-48fe-b8b4-ec0722208c64@group-BEC28BF7F3FF-SegmentedRaftLogWorker: flushIndex: setUnconditionally 0 -> -1
2019-10-11 03:36:53,460 [pool-509-thread-1] INFO  server.RaftServerConfigKeys (ConfUtils.java:logGet(43)) - raft.server.snapshot.auto.trigger.enabled = true (custom)
2019-10-11 03:36:53,460 [pool-509-thread-1] INFO  server.RaftServerConfigKeys (ConfUtils.java:logGet(43)) - raft.server.snapshot.auto.trigger.threshold = 10000 (custom)
2019-10-11 03:36:53,460 [pool-509-thread-1] INFO  server.RaftServerConfigKeys (ConfUtils.java:logGet(43)) - raft.server.snapshot.retention.file.num = 5 (custom)
2019-10-11 03:36:53,460 [pool-509-thread-1] INFO  server.RaftServerConfigKeys (ConfUtils.java:logGet(43)) - raft.server.retrycache.expirytime = 600000ms (custom)
2019-10-11 03:36:53,462 [pool-509-thread-1] INFO  impl.RaftServerImpl (RaftServerImpl.java:start(181)) - bfe1fb00-2040-48fe-b8b4-ec0722208c64@group-BEC28BF7F3FF: start as a follower, conf=-1: [bfe1fb00-2040-48fe-b8b4-ec0722208c64:192.168.151.96:38572], old=null
2019-10-11 03:36:53,462 [pool-509-thread-1] INFO  impl.RaftServerImpl (RaftServerImpl.java:setRole(170)) - bfe1fb00-2040-48fe-b8b4-ec0722208c64@group-BEC28BF7F3FF: changes role from      null to FOLLOWER at term 0 for startAsFollower
2019-10-11 03:36:53,462 [pool-509-thread-1] INFO  impl.RoleInfo (RoleInfo.java:updateAndGet(143)) - bfe1fb00-2040-48fe-b8b4-ec0722208c64: start FollowerState
2019-10-11 03:36:53,463 [pool-509-thread-1] INFO  util.JmxRegister (JmxRegister.java:tryRegister(44)) - Successfully registered JMX Bean with object name Ratis:service=RaftServer,group=group-BEC28BF7F3FF,id=bfe1fb00-2040-48fe-b8b4-ec0722208c64
2019-10-11 03:36:53,466 [RatisPipelineUtilsThread] INFO  pipeline.PipelineStateManager (PipelineStateManager.java:addPipeline(56)) - Created pipeline Pipeline[ Id: c89302b6-7eec-4a4e-8c4d-bec28bf7f3ff, Nodes: bfe1fb00-2040-48fe-b8b4-ec0722208c64{ip: 192.168.151.96, host: pr-hdds-2181-p9m8s-78523098, networkLocation: /default-rack, certSerialId: null}, Type:RATIS, Factor:ONE, State:OPEN]
2019-10-11 03:36:53,472 [IPC Server handler 2 on 40093] INFO  net.NetworkTopology (NetworkTopologyImpl.java:add(111)) - Added a new node: /default-rack/65dcd157-7db8-4958-989c-892d657b393e
2019-10-11 03:36:53,472 [IPC Server handler 2 on 40093] INFO  node.SCMNodeManager (SCMNodeManager.java:register(268)) - Registered Data node : 65dcd157-7db8-4958-989c-892d657b393e{ip: 192.168.151.96, host: pr-hdds-2181-p9m8s-78523098, networkLocation: /default-rack, certSerialId: null}
2019-10-11 03:36:53,478 [grpc-default-executor-3] INFO  impl.RaftServerProxy (RaftServerProxy.java:addNew(89)) - 65dcd157-7db8-4958-989c-892d657b393e: addNew group-F59E2C4B827F:[65dcd157-7db8-4958-989c-892d657b393e:192.168.151.96:41882] returns group-F59E2C4B827F:java.util.concurrent.CompletableFuture@185da114[Not completed]
2019-10-11 03:36:53,479 [pool-519-thread-1] INFO  impl.RaftServerImpl (RaftServerImpl.java:<init>(95)) - 65dcd157-7db8-4958-989c-892d657b393e: new RaftServerImpl for group-F59E2C4B827F:[65dcd157-7db8-4958-989c-892d657b393e:192.168.151.96:41882] with ContainerStateMachine:uninitialized
2019-10-11 03:36:53,479 [pool-519-thread-1] INFO  server.RaftServerConfigKeys (ConfUtils.java:logGet(43)) - raft.server.rpc.timeout.min = 5s (custom)
2019-10-11 03:36:53,479 [pool-519-thread-1] INFO  server.RaftServerConfigKeys (ConfUtils.java:logGet(43)) - raft.server.rpc.timeout.max = 5200ms (custom)
2019-10-11 03:36:53,479 [pool-519-thread-1] INFO  server.RaftServerConfigKeys (ConfUtils.java:logGet(43)) - raft.server.rpcslowness.timeout = 120s (custom)
2019-10-11 03:36:53,479 [pool-519-thread-1] INFO  server.RaftServerConfigKeys (ConfUtils.java:logGet(43)) - raft.server.sleep.deviation.threshold = 300 (default)
2019-10-11 03:36:53,479 [pool-519-thread-1] INFO  server.RaftServerConfigKeys (ConfUtils.java:logGet(43)) - raft.server.log.appender.install.snapshot.enabled = false (custom)
2019-10-11 03:36:53,479 [pool-519-thread-1] INFO  impl.RaftServerImpl (ServerState.java:<init>(103)) - 65dcd157-7db8-4958-989c-892d657b393e@group-F59E2C4B827F: ConfigurationManager, init=-1: [65dcd157-7db8-4958-989c-892d657b393e:192.168.151.96:41882], old=null, confs=<EMPTY_MAP>
2019-10-11 03:36:53,480 [pool-519-thread-1] INFO  server.RaftServerConfigKeys (ConfUtils.java:logGet(43)) - raft.server.storage.dir = [/workdir/hadoop-ozone/integration-test/target/test-dir/MiniOzoneClusterImpl-41393050-cb04-463e-b451-9f8cbcecb76f/datanode-2/data/ratis] (custom)
2019-10-11 03:36:53,480 [pool-519-thread-1] INFO  server.RaftServerConfigKeys (ConfUtils.java:logGet(43)) - raft.server.log.corruption.policy = EXCEPTION (default)
2019-10-11 03:36:53,480 [pool-519-thread-1] INFO  storage.RaftStorageDirectory (RaftStorageDirectory.java:analyzeStorage(246)) - The storage directory /workdir/hadoop-ozone/integration-test/target/test-dir/MiniOzoneClusterImpl-41393050-cb04-463e-b451-9f8cbcecb76f/datanode-2/data/ratis/4d216498-345a-44a7-a80e-f59e2c4b827f does not exist. Creating ...
2019-10-11 03:36:53,493 [pool-519-thread-1] INFO  storage.RaftStorageDirectory (RaftStorageDirectory.java:tryLock(328)) - Lock on /workdir/hadoop-ozone/integration-test/target/test-dir/MiniOzoneClusterImpl-41393050-cb04-463e-b451-9f8cbcecb76f/datanode-2/data/ratis/4d216498-345a-44a7-a80e-f59e2c4b827f/in_use.lock acquired by nodename 30966@pr-hdds-2181-p9m8s-78523098
2019-10-11 03:36:53,506 [pool-519-thread-1] INFO  storage.RaftStorage (RaftStorage.java:format(84)) - Storage directory /workdir/hadoop-ozone/integration-test/target/test-dir/MiniOzoneClusterImpl-41393050-cb04-463e-b451-9f8cbcecb76f/datanode-2/data/ratis/4d216498-345a-44a7-a80e-f59e2c4b827f has been successfully formatted.
2019-10-11 03:36:53,506 [pool-519-thread-1] INFO  ratis.ContainerStateMachine (ContainerStateMachine.java:loadSnapshot(231)) - group-F59E2C4B827F: The snapshot info is null. Setting the last applied indexto:(t:0, i:~)
2019-10-11 03:36:53,506 [pool-519-thread-1] INFO  server.RaftServerConfigKeys (ConfUtils.java:logGet(43)) - raft.server.notification.no-leader.timeout = 120s (custom)
2019-10-11 03:36:53,506 [pool-519-thread-1] INFO  server.RaftServerConfigKeys (ConfUtils.java:logGet(43)) - raft.server.log.use.memory = false (default)
2019-10-11 03:36:53,507 [pool-519-thread-1] INFO  server.RaftServerConfigKeys (ConfUtils.java:logGet(43)) - raft.server.log.purge.gap = 1000000 (custom)
2019-10-11 03:36:53,507 [pool-519-thread-1] INFO  server.RaftServerConfigKeys (ConfUtils.java:logGet(43)) - raft.server.log.appender.buffer.byte-limit = 33554432 (custom)
2019-10-11 03:36:53,507 [pool-519-thread-1] INFO  server.RaftServerConfigKeys (ConfUtils.java:logGet(43)) - raft.server.log.segment.size.max = 1048576 (custom)
2019-10-11 03:36:53,508 [pool-519-thread-1] INFO  server.RaftServerConfigKeys (ConfUtils.java:logGet(43)) - raft.server.log.segment.cache.num.max = 2 (custom)
2019-10-11 03:36:53,509 [pool-519-thread-1] INFO  segmented.SegmentedRaftLogWorker (SegmentedRaftLogWorker.java:<init>(173)) - new 65dcd157-7db8-4958-989c-892d657b393e@group-F59E2C4B827F-SegmentedRaftLogWorker for RaftStorage:Storage Directory /workdir/hadoop-ozone/integration-test/target/test-dir/MiniOzoneClusterImpl-41393050-cb04-463e-b451-9f8cbcecb76f/datanode-2/data/ratis/4d216498-345a-44a7-a80e-f59e2c4b827f
2019-10-11 03:36:53,509 [pool-519-thread-1] INFO  server.RaftServerConfigKeys (ConfUtils.java:logGet(43)) - raft.server.log.queue.byte-limit = 2147483647 (custom)
2019-10-11 03:36:53,509 [pool-519-thread-1] INFO  server.RaftServerConfigKeys (ConfUtils.java:logGet(43)) - raft.server.log.queue.element-limit = 1024 (custom)
2019-10-11 03:36:53,509 [pool-519-thread-1] INFO  server.RaftServerConfigKeys (ConfUtils.java:logGet(43)) - raft.server.log.segment.size.max = 1048576 (custom)
2019-10-11 03:36:53,509 [pool-519-thread-1] INFO  server.RaftServerConfigKeys (ConfUtils.java:logGet(43)) - raft.server.log.preallocated.size = 16384 (custom)
2019-10-11 03:36:53,509 [pool-519-thread-1] INFO  server.RaftServerConfigKeys (ConfUtils.java:logGet(43)) - raft.server.log.write.buffer.size = 33554432 (custom)
2019-10-11 03:36:53,509 [pool-519-thread-1] INFO  server.RaftServerConfigKeys (ConfUtils.java:logGet(43)) - raft.server.log.force.sync.num = 128 (default)
2019-10-11 03:36:53,509 [pool-519-thread-1] INFO  server.RaftServerConfigKeys (ConfUtils.java:logGet(43)) - raft.server.log.statemachine.data.sync = true (default)
2019-10-11 03:36:53,509 [pool-519-thread-1] INFO  server.RaftServerConfigKeys (ConfUtils.java:logGet(43)) - raft.server.log.statemachine.data.sync.timeout = 10s (default)
2019-10-11 03:36:53,510 [pool-519-thread-1] INFO  server.RaftServerConfigKeys (ConfUtils.java:logGet(43)) - raft.server.log.statemachine.data.sync.timeout.retry = -1 (default)
2019-10-11 03:36:53,510 [pool-519-thread-1] INFO  server.RaftServerConfigKeys (ConfUtils.java:logGet(43)) - raft.server.log.statemachine.data.caching.enabled = true (custom)
2019-10-11 03:36:53,510 [pool-519-thread-1] INFO  segmented.SegmentedRaftLogWorker (SegmentedRaftLogWorker.java:lambda$new$0(128)) - 65dcd157-7db8-4958-989c-892d657b393e@group-F59E2C4B827F-SegmentedRaftLogWorker: flushIndex: setUnconditionally 0 -> -1
2019-10-11 03:36:53,510 [pool-519-thread-1] INFO  server.RaftServerConfigKeys (ConfUtils.java:logGet(43)) - raft.server.snapshot.auto.trigger.enabled = true (custom)
2019-10-11 03:36:53,511 [pool-519-thread-1] INFO  server.RaftServerConfigKeys (ConfUtils.java:logGet(43)) - raft.server.snapshot.auto.trigger.threshold = 10000 (custom)
2019-10-11 03:36:53,511 [pool-519-thread-1] INFO  server.RaftServerConfigKeys (ConfUtils.java:logGet(43)) - raft.server.snapshot.retention.file.num = 5 (custom)
2019-10-11 03:36:53,511 [pool-519-thread-1] INFO  server.RaftServerConfigKeys (ConfUtils.java:logGet(43)) - raft.server.retrycache.expirytime = 600000ms (custom)
2019-10-11 03:36:53,512 [pool-519-thread-1] INFO  impl.RaftServerImpl (RaftServerImpl.java:start(181)) - 65dcd157-7db8-4958-989c-892d657b393e@group-F59E2C4B827F: start as a follower, conf=-1: [65dcd157-7db8-4958-989c-892d657b393e:192.168.151.96:41882], old=null
2019-10-11 03:36:53,512 [pool-519-thread-1] INFO  impl.RaftServerImpl (RaftServerImpl.java:setRole(170)) - 65dcd157-7db8-4958-989c-892d657b393e@group-F59E2C4B827F: changes role from      null to FOLLOWER at term 0 for startAsFollower
2019-10-11 03:36:53,512 [pool-519-thread-1] INFO  impl.RoleInfo (RoleInfo.java:updateAndGet(143)) - 65dcd157-7db8-4958-989c-892d657b393e: start FollowerState
2019-10-11 03:36:53,513 [pool-519-thread-1] INFO  util.JmxRegister (JmxRegister.java:tryRegister(44)) - Successfully registered JMX Bean with object name Ratis:service=RaftServer,group=group-F59E2C4B827F,id=65dcd157-7db8-4958-989c-892d657b393e
2019-10-11 03:36:53,516 [RatisPipelineUtilsThread] INFO  pipeline.PipelineStateManager (PipelineStateManager.java:addPipeline(56)) - Created pipeline Pipeline[ Id: 4d216498-345a-44a7-a80e-f59e2c4b827f, Nodes: 65dcd157-7db8-4958-989c-892d657b393e{ip: 192.168.151.96, host: pr-hdds-2181-p9m8s-78523098, networkLocation: /default-rack, certSerialId: null}, Type:RATIS, Factor:ONE, State:OPEN]
2019-10-11 03:36:53,531 [grpc-default-executor-12] INFO  impl.RaftServerProxy (RaftServerProxy.java:addNew(89)) - acd3cc76-f45e-4125-acd5-33350e490971: addNew group-0A2DD048406C:[bfe1fb00-2040-48fe-b8b4-ec0722208c64:192.168.151.96:38572, 65dcd157-7db8-4958-989c-892d657b393e:192.168.151.96:41882, acd3cc76-f45e-4125-acd5-33350e490971:192.168.151.96:34944] returns group-0A2DD048406C:java.util.concurrent.CompletableFuture@6410b6a6[Not completed]
2019-10-11 03:36:53,531 [grpc-default-executor-3] INFO  impl.RaftServerProxy (RaftServerProxy.java:addNew(89)) - bfe1fb00-2040-48fe-b8b4-ec0722208c64: addNew group-0A2DD048406C:[bfe1fb00-2040-48fe-b8b4-ec0722208c64:192.168.151.96:38572, 65dcd157-7db8-4958-989c-892d657b393e:192.168.151.96:41882, acd3cc76-f45e-4125-acd5-33350e490971:192.168.151.96:34944] returns group-0A2DD048406C:java.util.concurrent.CompletableFuture@1b67bf11[Not completed]
2019-10-11 03:36:53,531 [grpc-default-executor-13] INFO  impl.RaftServerProxy (RaftServerProxy.java:addNew(89)) - 65dcd157-7db8-4958-989c-892d657b393e: addNew group-0A2DD048406C:[bfe1fb00-2040-48fe-b8b4-ec0722208c64:192.168.151.96:38572, 65dcd157-7db8-4958-989c-892d657b393e:192.168.151.96:41882, acd3cc76-f45e-4125-acd5-33350e490971:192.168.151.96:34944] returns group-0A2DD048406C:java.util.concurrent.CompletableFuture@6194a154[Not completed]
2019-10-11 03:36:53,532 [pool-509-thread-1] INFO  impl.RaftServerImpl (RaftServerImpl.java:<init>(95)) - bfe1fb00-2040-48fe-b8b4-ec0722208c64: new RaftServerImpl for group-0A2DD048406C:[bfe1fb00-2040-48fe-b8b4-ec0722208c64:192.168.151.96:38572, 65dcd157-7db8-4958-989c-892d657b393e:192.168.151.96:41882, acd3cc76-f45e-4125-acd5-33350e490971:192.168.151.96:34944] with ContainerStateMachine:uninitialized
2019-10-11 03:36:53,533 [pool-509-thread-1] INFO  server.RaftServerConfigKeys (ConfUtils.java:logGet(43)) - raft.server.rpc.timeout.min = 5s (custom)
2019-10-11 03:36:53,533 [pool-509-thread-1] INFO  server.RaftServerConfigKeys (ConfUtils.java:logGet(43)) - raft.server.rpc.timeout.max = 5200ms (custom)
2019-10-11 03:36:53,533 [pool-509-thread-1] INFO  server.RaftServerConfigKeys (ConfUtils.java:logGet(43)) - raft.server.rpcslowness.timeout = 120s (custom)
2019-10-11 03:36:53,533 [pool-509-thread-1] INFO  server.RaftServerConfigKeys (ConfUtils.java:logGet(43)) - raft.server.sleep.deviation.threshold = 300 (default)
2019-10-11 03:36:53,533 [pool-509-thread-1] INFO  server.RaftServerConfigKeys (ConfUtils.java:logGet(43)) - raft.server.log.appender.install.snapshot.enabled = false (custom)
2019-10-11 03:36:53,533 [pool-519-thread-1] INFO  impl.RaftServerImpl (RaftServerImpl.java:<init>(95)) - 65dcd157-7db8-4958-989c-892d657b393e: new RaftServerImpl for group-0A2DD048406C:[bfe1fb00-2040-48fe-b8b4-ec0722208c64:192.168.151.96:38572, 65dcd157-7db8-4958-989c-892d657b393e:192.168.151.96:41882, acd3cc76-f45e-4125-acd5-33350e490971:192.168.151.96:34944] with ContainerStateMachine:uninitialized
2019-10-11 03:36:53,533 [pool-509-thread-1] INFO  impl.RaftServerImpl (ServerState.java:<init>(103)) - bfe1fb00-2040-48fe-b8b4-ec0722208c64@group-0A2DD048406C: ConfigurationManager, init=-1: [bfe1fb00-2040-48fe-b8b4-ec0722208c64:192.168.151.96:38572, 65dcd157-7db8-4958-989c-892d657b393e:192.168.151.96:41882, acd3cc76-f45e-4125-acd5-33350e490971:192.168.151.96:34944], old=null, confs=<EMPTY_MAP>
2019-10-11 03:36:53,533 [pool-519-thread-1] INFO  server.RaftServerConfigKeys (ConfUtils.java:logGet(43)) - raft.server.rpc.timeout.min = 5s (custom)
2019-10-11 03:36:53,533 [pool-509-thread-1] INFO  server.RaftServerConfigKeys (ConfUtils.java:logGet(43)) - raft.server.storage.dir = [/workdir/hadoop-ozone/integration-test/target/test-dir/MiniOzoneClusterImpl-41393050-cb04-463e-b451-9f8cbcecb76f/datanode-1/data/ratis] (custom)
2019-10-11 03:36:53,533 [pool-499-thread-1] INFO  impl.RaftServerImpl (RaftServerImpl.java:<init>(95)) - acd3cc76-f45e-4125-acd5-33350e490971: new RaftServerImpl for group-0A2DD048406C:[bfe1fb00-2040-48fe-b8b4-ec0722208c64:192.168.151.96:38572, 65dcd157-7db8-4958-989c-892d657b393e:192.168.151.96:41882, acd3cc76-f45e-4125-acd5-33350e490971:192.168.151.96:34944] with ContainerStateMachine:uninitialized
2019-10-11 03:36:53,534 [pool-509-thread-1] INFO  server.RaftServerConfigKeys (ConfUtils.java:logGet(43)) - raft.server.log.corruption.policy = EXCEPTION (default)
2019-10-11 03:36:53,533 [pool-519-thread-1] INFO  server.RaftServerConfigKeys (ConfUtils.java:logGet(43)) - raft.server.rpc.timeout.max = 5200ms (custom)
2019-10-11 03:36:53,534 [pool-509-thread-1] INFO  storage.RaftStorageDirectory (RaftStorageDirectory.java:analyzeStorage(246)) - The storage directory /workdir/hadoop-ozone/integration-test/target/test-dir/MiniOzoneClusterImpl-41393050-cb04-463e-b451-9f8cbcecb76f/datanode-1/data/ratis/5560f45e-22fc-47cf-a42a-0a2dd048406c does not exist. Creating ...
2019-10-11 03:36:53,534 [pool-499-thread-1] INFO  server.RaftServerConfigKeys (ConfUtils.java:logGet(43)) - raft.server.rpc.timeout.min = 5s (custom)
2019-10-11 03:36:53,534 [pool-519-thread-1] INFO  server.RaftServerConfigKeys (ConfUtils.java:logGet(43)) - raft.server.rpcslowness.timeout = 120s (custom)
2019-10-11 03:36:53,534 [pool-499-thread-1] INFO  server.RaftServerConfigKeys (ConfUtils.java:logGet(43)) - raft.server.rpc.timeout.max = 5200ms (custom)
2019-10-11 03:36:53,534 [pool-519-thread-1] INFO  server.RaftServerConfigKeys (ConfUtils.java:logGet(43)) - raft.server.sleep.deviation.threshold = 300 (default)
2019-10-11 03:36:53,534 [pool-499-thread-1] INFO  server.RaftServerConfigKeys (ConfUtils.java:logGet(43)) - raft.server.rpcslowness.timeout = 120s (custom)
2019-10-11 03:36:53,534 [pool-519-thread-1] INFO  server.RaftServerConfigKeys (ConfUtils.java:logGet(43)) - raft.server.log.appender.install.snapshot.enabled = false (custom)
2019-10-11 03:36:53,535 [pool-499-thread-1] INFO  server.RaftServerConfigKeys (ConfUtils.java:logGet(43)) - raft.server.sleep.deviation.threshold = 300 (default)
2019-10-11 03:36:53,535 [pool-519-thread-1] INFO  impl.RaftServerImpl (ServerState.java:<init>(103)) - 65dcd157-7db8-4958-989c-892d657b393e@group-0A2DD048406C: ConfigurationManager, init=-1: [bfe1fb00-2040-48fe-b8b4-ec0722208c64:192.168.151.96:38572, 65dcd157-7db8-4958-989c-892d657b393e:192.168.151.96:41882, acd3cc76-f45e-4125-acd5-33350e490971:192.168.151.96:34944], old=null, confs=<EMPTY_MAP>
2019-10-11 03:36:53,535 [pool-499-thread-1] INFO  server.RaftServerConfigKeys (ConfUtils.java:logGet(43)) - raft.server.log.appender.install.snapshot.enabled = false (custom)
2019-10-11 03:36:53,535 [pool-519-thread-1] INFO  server.RaftServerConfigKeys (ConfUtils.java:logGet(43)) - raft.server.storage.dir = [/workdir/hadoop-ozone/integration-test/target/test-dir/MiniOzoneClusterImpl-41393050-cb04-463e-b451-9f8cbcecb76f/datanode-2/data/ratis] (custom)
2019-10-11 03:36:53,535 [pool-499-thread-1] INFO  impl.RaftServerImpl (ServerState.java:<init>(103)) - acd3cc76-f45e-4125-acd5-33350e490971@group-0A2DD048406C: ConfigurationManager, init=-1: [bfe1fb00-2040-48fe-b8b4-ec0722208c64:192.168.151.96:38572, 65dcd157-7db8-4958-989c-892d657b393e:192.168.151.96:41882, acd3cc76-f45e-4125-acd5-33350e490971:192.168.151.96:34944], old=null, confs=<EMPTY_MAP>
2019-10-11 03:36:53,535 [pool-519-thread-1] INFO  server.RaftServerConfigKeys (ConfUtils.java:logGet(43)) - raft.server.log.corruption.policy = EXCEPTION (default)
2019-10-11 03:36:53,535 [pool-499-thread-1] INFO  server.RaftServerConfigKeys (ConfUtils.java:logGet(43)) - raft.server.storage.dir = [/workdir/hadoop-ozone/integration-test/target/test-dir/MiniOzoneClusterImpl-41393050-cb04-463e-b451-9f8cbcecb76f/datanode-0/data/ratis] (custom)
2019-10-11 03:36:53,535 [pool-519-thread-1] INFO  storage.RaftStorageDirectory (RaftStorageDirectory.java:analyzeStorage(246)) - The storage directory /workdir/hadoop-ozone/integration-test/target/test-dir/MiniOzoneClusterImpl-41393050-cb04-463e-b451-9f8cbcecb76f/datanode-2/data/ratis/5560f45e-22fc-47cf-a42a-0a2dd048406c does not exist. Creating ...
2019-10-11 03:36:53,536 [pool-499-thread-1] INFO  server.RaftServerConfigKeys (ConfUtils.java:logGet(43)) - raft.server.log.corruption.policy = EXCEPTION (default)
2019-10-11 03:36:53,536 [IPC Server handler 3 on 40093] INFO  net.NetworkTopology (NetworkTopologyImpl.java:add(111)) - Added a new node: /default-rack/6afc402c-563e-4dae-8086-9d1ee961591d
2019-10-11 03:36:53,536 [pool-499-thread-1] INFO  storage.RaftStorageDirectory (RaftStorageDirectory.java:analyzeStorage(246)) - The storage directory /workdir/hadoop-ozone/integration-test/target/test-dir/MiniOzoneClusterImpl-41393050-cb04-463e-b451-9f8cbcecb76f/datanode-0/data/ratis/5560f45e-22fc-47cf-a42a-0a2dd048406c does not exist. Creating ...
2019-10-11 03:36:53,536 [IPC Server handler 3 on 40093] INFO  node.SCMNodeManager (SCMNodeManager.java:register(268)) - Registered Data node : 6afc402c-563e-4dae-8086-9d1ee961591d{ip: 192.168.151.96, host: pr-hdds-2181-p9m8s-78523098, networkLocation: /default-rack, certSerialId: null}
2019-10-11 03:36:53,547 [pool-509-thread-1] INFO  storage.RaftStorageDirectory (RaftStorageDirectory.java:tryLock(328)) - Lock on /workdir/hadoop-ozone/integration-test/target/test-dir/MiniOzoneClusterImpl-41393050-cb04-463e-b451-9f8cbcecb76f/datanode-1/data/ratis/5560f45e-22fc-47cf-a42a-0a2dd048406c/in_use.lock acquired by nodename 30966@pr-hdds-2181-p9m8s-78523098
2019-10-11 03:36:53,547 [pool-499-thread-1] INFO  storage.RaftStorageDirectory (RaftStorageDirectory.java:tryLock(328)) - Lock on /workdir/hadoop-ozone/integration-test/target/test-dir/MiniOzoneClusterImpl-41393050-cb04-463e-b451-9f8cbcecb76f/datanode-0/data/ratis/5560f45e-22fc-47cf-a42a-0a2dd048406c/in_use.lock acquired by nodename 30966@pr-hdds-2181-p9m8s-78523098
2019-10-11 03:36:53,547 [pool-519-thread-1] INFO  storage.RaftStorageDirectory (RaftStorageDirectory.java:tryLock(328)) - Lock on /workdir/hadoop-ozone/integration-test/target/test-dir/MiniOzoneClusterImpl-41393050-cb04-463e-b451-9f8cbcecb76f/datanode-2/data/ratis/5560f45e-22fc-47cf-a42a-0a2dd048406c/in_use.lock acquired by nodename 30966@pr-hdds-2181-p9m8s-78523098
2019-10-11 03:36:53,561 [pool-499-thread-1] INFO  storage.RaftStorage (RaftStorage.java:format(84)) - Storage directory /workdir/hadoop-ozone/integration-test/target/test-dir/MiniOzoneClusterImpl-41393050-cb04-463e-b451-9f8cbcecb76f/datanode-0/data/ratis/5560f45e-22fc-47cf-a42a-0a2dd048406c has been successfully formatted.
2019-10-11 03:36:53,561 [pool-509-thread-1] INFO  storage.RaftStorage (RaftStorage.java:format(84)) - Storage directory /workdir/hadoop-ozone/integration-test/target/test-dir/MiniOzoneClusterImpl-41393050-cb04-463e-b451-9f8cbcecb76f/datanode-1/data/ratis/5560f45e-22fc-47cf-a42a-0a2dd048406c has been successfully formatted.
2019-10-11 03:36:53,561 [pool-519-thread-1] INFO  storage.RaftStorage (RaftStorage.java:format(84)) - Storage directory /workdir/hadoop-ozone/integration-test/target/test-dir/MiniOzoneClusterImpl-41393050-cb04-463e-b451-9f8cbcecb76f/datanode-2/data/ratis/5560f45e-22fc-47cf-a42a-0a2dd048406c has been successfully formatted.
2019-10-11 03:36:53,561 [pool-509-thread-1] INFO  ratis.ContainerStateMachine (ContainerStateMachine.java:loadSnapshot(231)) - group-0A2DD048406C: The snapshot info is null. Setting the last applied indexto:(t:0, i:~)
2019-10-11 03:36:53,561 [pool-499-thread-1] INFO  ratis.ContainerStateMachine (ContainerStateMachine.java:loadSnapshot(231)) - group-0A2DD048406C: The snapshot info is null. Setting the last applied indexto:(t:0, i:~)
2019-10-11 03:36:53,561 [pool-509-thread-1] INFO  server.RaftServerConfigKeys (ConfUtils.java:logGet(43)) - raft.server.notification.no-leader.timeout = 120s (custom)
2019-10-11 03:36:53,561 [pool-519-thread-1] INFO  ratis.ContainerStateMachine (ContainerStateMachine.java:loadSnapshot(231)) - group-0A2DD048406C: The snapshot info is null. Setting the last applied indexto:(t:0, i:~)
2019-10-11 03:36:53,562 [pool-509-thread-1] INFO  server.RaftServerConfigKeys (ConfUtils.java:logGet(43)) - raft.server.log.use.memory = false (default)
2019-10-11 03:36:53,561 [pool-499-thread-1] INFO  server.RaftServerConfigKeys (ConfUtils.java:logGet(43)) - raft.server.notification.no-leader.timeout = 120s (custom)
2019-10-11 03:36:53,562 [pool-509-thread-1] INFO  server.RaftServerConfigKeys (ConfUtils.java:logGet(43)) - raft.server.log.purge.gap = 1000000 (custom)
2019-10-11 03:36:53,562 [pool-519-thread-1] INFO  server.RaftServerConfigKeys (ConfUtils.java:logGet(43)) - raft.server.notification.no-leader.timeout = 120s (custom)
2019-10-11 03:36:53,562 [pool-509-thread-1] INFO  server.RaftServerConfigKeys (ConfUtils.java:logGet(43)) - raft.server.log.appender.buffer.byte-limit = 33554432 (custom)
2019-10-11 03:36:53,562 [pool-499-thread-1] INFO  server.RaftServerConfigKeys (ConfUtils.java:logGet(43)) - raft.server.log.use.memory = false (default)
2019-10-11 03:36:53,562 [pool-509-thread-1] INFO  server.RaftServerConfigKeys (ConfUtils.java:logGet(43)) - raft.server.log.segment.size.max = 1048576 (custom)
2019-10-11 03:36:53,562 [pool-519-thread-1] INFO  server.RaftServerConfigKeys (ConfUtils.java:logGet(43)) - raft.server.log.use.memory = false (default)
2019-10-11 03:36:53,563 [pool-509-thread-1] INFO  server.RaftServerConfigKeys (ConfUtils.java:logGet(43)) - raft.server.log.segment.cache.num.max = 2 (custom)
2019-10-11 03:36:53,562 [pool-499-thread-1] INFO  server.RaftServerConfigKeys (ConfUtils.java:logGet(43)) - raft.server.log.purge.gap = 1000000 (custom)
2019-10-11 03:36:53,563 [pool-509-thread-1] INFO  segmented.SegmentedRaftLogWorker (SegmentedRaftLogWorker.java:<init>(173)) - new bfe1fb00-2040-48fe-b8b4-ec0722208c64@group-0A2DD048406C-SegmentedRaftLogWorker for RaftStorage:Storage Directory /workdir/hadoop-ozone/integration-test/target/test-dir/MiniOzoneClusterImpl-41393050-cb04-463e-b451-9f8cbcecb76f/datanode-1/data/ratis/5560f45e-22fc-47cf-a42a-0a2dd048406c
2019-10-11 03:36:53,563 [pool-519-thread-1] INFO  server.RaftServerConfigKeys (ConfUtils.java:logGet(43)) - raft.server.log.purge.gap = 1000000 (custom)
2019-10-11 03:36:53,563 [pool-509-thread-1] INFO  server.RaftServerConfigKeys (ConfUtils.java:logGet(43)) - raft.server.log.queue.byte-limit = 2147483647 (custom)
2019-10-11 03:36:53,563 [pool-509-thread-1] INFO  server.RaftServerConfigKeys (ConfUtils.java:logGet(43)) - raft.server.log.queue.element-limit = 1024 (custom)
2019-10-11 03:36:53,563 [pool-499-thread-1] INFO  server.RaftServerConfigKeys (ConfUtils.java:logGet(43)) - raft.server.log.appender.buffer.byte-limit = 33554432 (custom)
2019-10-11 03:36:53,564 [pool-509-thread-1] INFO  server.RaftServerConfigKeys (ConfUtils.java:logGet(43)) - raft.server.log.segment.size.max = 1048576 (custom)
2019-10-11 03:36:53,563 [pool-519-thread-1] INFO  server.RaftServerConfigKeys (ConfUtils.java:logGet(43)) - raft.server.log.appender.buffer.byte-limit = 33554432 (custom)
2019-10-11 03:36:53,564 [pool-509-thread-1] INFO  server.RaftServerConfigKeys (ConfUtils.java:logGet(43)) - raft.server.log.preallocated.size = 16384 (custom)
2019-10-11 03:36:53,564 [pool-499-thread-1] INFO  server.RaftServerConfigKeys (ConfUtils.java:logGet(43)) - raft.server.log.segment.size.max = 1048576 (custom)
2019-10-11 03:36:53,564 [pool-509-thread-1] INFO  server.RaftServerConfigKeys (ConfUtils.java:logGet(43)) - raft.server.log.write.buffer.size = 33554432 (custom)
2019-10-11 03:36:53,564 [pool-509-thread-1] INFO  server.RaftServerConfigKeys (ConfUtils.java:logGet(43)) - raft.server.log.force.sync.num = 128 (default)
2019-10-11 03:36:53,564 [pool-519-thread-1] INFO  server.RaftServerConfigKeys (ConfUtils.java:logGet(43)) - raft.server.log.segment.size.max = 1048576 (custom)
2019-10-11 03:36:53,564 [pool-509-thread-1] INFO  server.RaftServerConfigKeys (ConfUtils.java:logGet(43)) - raft.server.log.statemachine.data.sync = true (default)
2019-10-11 03:36:53,564 [pool-499-thread-1] INFO  server.RaftServerConfigKeys (ConfUtils.java:logGet(43)) - raft.server.log.segment.cache.num.max = 2 (custom)
2019-10-11 03:36:53,565 [pool-509-thread-1] INFO  server.RaftServerConfigKeys (ConfUtils.java:logGet(43)) - raft.server.log.statemachine.data.sync.timeout = 10s (default)
2019-10-11 03:36:53,565 [pool-509-thread-1] INFO  server.RaftServerConfigKeys (ConfUtils.java:logGet(43)) - raft.server.log.statemachine.data.sync.timeout.retry = -1 (default)
2019-10-11 03:36:53,565 [pool-519-thread-1] INFO  server.RaftServerConfigKeys (ConfUtils.java:logGet(43)) - raft.server.log.segment.cache.num.max = 2 (custom)
2019-10-11 03:36:53,565 [pool-509-thread-1] INFO  server.RaftServerConfigKeys (ConfUtils.java:logGet(43)) - raft.server.log.statemachine.data.caching.enabled = true (custom)
2019-10-11 03:36:53,565 [pool-499-thread-1] INFO  segmented.SegmentedRaftLogWorker (SegmentedRaftLogWorker.java:<init>(173)) - new acd3cc76-f45e-4125-acd5-33350e490971@group-0A2DD048406C-SegmentedRaftLogWorker for RaftStorage:Storage Directory /workdir/hadoop-ozone/integration-test/target/test-dir/MiniOzoneClusterImpl-41393050-cb04-463e-b451-9f8cbcecb76f/datanode-0/data/ratis/5560f45e-22fc-47cf-a42a-0a2dd048406c
2019-10-11 03:36:53,565 [pool-519-thread-1] INFO  segmented.SegmentedRaftLogWorker (SegmentedRaftLogWorker.java:<init>(173)) - new 65dcd157-7db8-4958-989c-892d657b393e@group-0A2DD048406C-SegmentedRaftLogWorker for RaftStorage:Storage Directory /workdir/hadoop-ozone/integration-test/target/test-dir/MiniOzoneClusterImpl-41393050-cb04-463e-b451-9f8cbcecb76f/datanode-2/data/ratis/5560f45e-22fc-47cf-a42a-0a2dd048406c
2019-10-11 03:36:53,566 [pool-509-thread-1] INFO  segmented.SegmentedRaftLogWorker (SegmentedRaftLogWorker.java:lambda$new$0(128)) - bfe1fb00-2040-48fe-b8b4-ec0722208c64@group-0A2DD048406C-SegmentedRaftLogWorker: flushIndex: setUnconditionally 0 -> -1
2019-10-11 03:36:53,566 [pool-499-thread-1] INFO  server.RaftServerConfigKeys (ConfUtils.java:logGet(43)) - raft.server.log.queue.byte-limit = 2147483647 (custom)
2019-10-11 03:36:53,566 [pool-519-thread-1] INFO  server.RaftServerConfigKeys (ConfUtils.java:logGet(43)) - raft.server.log.queue.byte-limit = 2147483647 (custom)
2019-10-11 03:36:53,566 [pool-509-thread-1] INFO  server.RaftServerConfigKeys (ConfUtils.java:logGet(43)) - raft.server.snapshot.auto.trigger.enabled = true (custom)
2019-10-11 03:36:53,566 [pool-509-thread-1] INFO  server.RaftServerConfigKeys (ConfUtils.java:logGet(43)) - raft.server.snapshot.auto.trigger.threshold = 10000 (custom)
2019-10-11 03:36:53,566 [pool-499-thread-1] INFO  server.RaftServerConfigKeys (ConfUtils.java:logGet(43)) - raft.server.log.queue.element-limit = 1024 (custom)
2019-10-11 03:36:53,566 [pool-509-thread-1] INFO  server.RaftServerConfigKeys (ConfUtils.java:logGet(43)) - raft.server.snapshot.retention.file.num = 5 (custom)
2019-10-11 03:36:53,566 [pool-519-thread-1] INFO  server.RaftServerConfigKeys (ConfUtils.java:logGet(43)) - raft.server.log.queue.element-limit = 1024 (custom)
2019-10-11 03:36:53,567 [pool-509-thread-1] INFO  server.RaftServerConfigKeys (ConfUtils.java:logGet(43)) - raft.server.retrycache.expirytime = 600000ms (custom)
2019-10-11 03:36:53,567 [pool-499-thread-1] INFO  server.RaftServerConfigKeys (ConfUtils.java:logGet(43)) - raft.server.log.segment.size.max = 1048576 (custom)
2019-10-11 03:36:53,567 [pool-519-thread-1] INFO  server.RaftServerConfigKeys (ConfUtils.java:logGet(43)) - raft.server.log.segment.size.max = 1048576 (custom)
2019-10-11 03:36:53,567 [pool-499-thread-1] INFO  server.RaftServerConfigKeys (ConfUtils.java:logGet(43)) - raft.server.log.preallocated.size = 16384 (custom)
2019-10-11 03:36:53,567 [pool-519-thread-1] INFO  server.RaftServerConfigKeys (ConfUtils.java:logGet(43)) - raft.server.log.preallocated.size = 16384 (custom)
2019-10-11 03:36:53,567 [pool-499-thread-1] INFO  server.RaftServerConfigKeys (ConfUtils.java:logGet(43)) - raft.server.log.write.buffer.size = 33554432 (custom)
2019-10-11 03:36:53,567 [pool-519-thread-1] INFO  server.RaftServerConfigKeys (ConfUtils.java:logGet(43)) - raft.server.log.write.buffer.size = 33554432 (custom)
2019-10-11 03:36:53,568 [pool-499-thread-1] INFO  server.RaftServerConfigKeys (ConfUtils.java:logGet(43)) - raft.server.log.force.sync.num = 128 (default)
2019-10-11 03:36:53,568 [pool-519-thread-1] INFO  server.RaftServerConfigKeys (ConfUtils.java:logGet(43)) - raft.server.log.force.sync.num = 128 (default)
2019-10-11 03:36:53,568 [pool-499-thread-1] INFO  server.RaftServerConfigKeys (ConfUtils.java:logGet(43)) - raft.server.log.statemachine.data.sync = true (default)
2019-10-11 03:36:53,568 [pool-519-thread-1] INFO  server.RaftServerConfigKeys (ConfUtils.java:logGet(43)) - raft.server.log.statemachine.data.sync = true (default)
2019-10-11 03:36:53,568 [pool-499-thread-1] INFO  server.RaftServerConfigKeys (ConfUtils.java:logGet(43)) - raft.server.log.statemachine.data.sync.timeout = 10s (default)
2019-10-11 03:36:53,568 [pool-519-thread-1] INFO  server.RaftServerConfigKeys (ConfUtils.java:logGet(43)) - raft.server.log.statemachine.data.sync.timeout = 10s (default)
2019-10-11 03:36:53,568 [pool-499-thread-1] INFO  server.RaftServerConfigKeys (ConfUtils.java:logGet(43)) - raft.server.log.statemachine.data.sync.timeout.retry = -1 (default)
2019-10-11 03:36:53,568 [pool-519-thread-1] INFO  server.RaftServerConfigKeys (ConfUtils.java:logGet(43)) - raft.server.log.statemachine.data.sync.timeout.retry = -1 (default)
2019-10-11 03:36:53,568 [pool-499-thread-1] INFO  server.RaftServerConfigKeys (ConfUtils.java:logGet(43)) - raft.server.log.statemachine.data.caching.enabled = true (custom)
2019-10-11 03:36:53,568 [pool-509-thread-1] INFO  impl.RaftServerImpl (RaftServerImpl.java:start(181)) - bfe1fb00-2040-48fe-b8b4-ec0722208c64@group-0A2DD048406C: start as a follower, conf=-1: [bfe1fb00-2040-48fe-b8b4-ec0722208c64:192.168.151.96:38572, 65dcd157-7db8-4958-989c-892d657b393e:192.168.151.96:41882, acd3cc76-f45e-4125-acd5-33350e490971:192.168.151.96:34944], old=null
2019-10-11 03:36:53,569 [pool-499-thread-1] INFO  segmented.SegmentedRaftLogWorker (SegmentedRaftLogWorker.java:lambda$new$0(128)) - acd3cc76-f45e-4125-acd5-33350e490971@group-0A2DD048406C-SegmentedRaftLogWorker: flushIndex: setUnconditionally 0 -> -1
2019-10-11 03:36:53,569 [pool-519-thread-1] INFO  server.RaftServerConfigKeys (ConfUtils.java:logGet(43)) - raft.server.log.statemachine.data.caching.enabled = true (custom)
2019-10-11 03:36:53,569 [pool-509-thread-1] INFO  impl.RaftServerImpl (RaftServerImpl.java:setRole(170)) - bfe1fb00-2040-48fe-b8b4-ec0722208c64@group-0A2DD048406C: changes role from      null to FOLLOWER at term 0 for startAsFollower
2019-10-11 03:36:53,569 [pool-499-thread-1] INFO  server.RaftServerConfigKeys (ConfUtils.java:logGet(43)) - raft.server.snapshot.auto.trigger.enabled = true (custom)
2019-10-11 03:36:53,569 [pool-509-thread-1] INFO  impl.RoleInfo (RoleInfo.java:updateAndGet(143)) - bfe1fb00-2040-48fe-b8b4-ec0722208c64: start FollowerState
2019-10-11 03:36:53,569 [pool-519-thread-1] INFO  segmented.SegmentedRaftLogWorker (SegmentedRaftLogWorker.java:lambda$new$0(128)) - 65dcd157-7db8-4958-989c-892d657b393e@group-0A2DD048406C-SegmentedRaftLogWorker: flushIndex: setUnconditionally 0 -> -1
2019-10-11 03:36:53,569 [pool-499-thread-1] INFO  server.RaftServerConfigKeys (ConfUtils.java:logGet(43)) - raft.server.snapshot.auto.trigger.threshold = 10000 (custom)
2019-10-11 03:36:53,570 [pool-499-thread-1] INFO  server.RaftServerConfigKeys (ConfUtils.java:logGet(43)) - raft.server.snapshot.retention.file.num = 5 (custom)
2019-10-11 03:36:53,570 [pool-519-thread-1] INFO  server.RaftServerConfigKeys (ConfUtils.java:logGet(43)) - raft.server.snapshot.auto.trigger.enabled = true (custom)
2019-10-11 03:36:53,570 [pool-509-thread-1] INFO  util.JmxRegister (JmxRegister.java:tryRegister(44)) - Successfully registered JMX Bean with object name Ratis:service=RaftServer,group=group-0A2DD048406C,id=bfe1fb00-2040-48fe-b8b4-ec0722208c64
2019-10-11 03:36:53,570 [pool-519-thread-1] INFO  server.RaftServerConfigKeys (ConfUtils.java:logGet(43)) - raft.server.snapshot.auto.trigger.threshold = 10000 (custom)
2019-10-11 03:36:53,570 [pool-499-thread-1] INFO  server.RaftServerConfigKeys (ConfUtils.java:logGet(43)) - raft.server.retrycache.expirytime = 600000ms (custom)
2019-10-11 03:36:53,570 [pool-519-thread-1] INFO  server.RaftServerConfigKeys (ConfUtils.java:logGet(43)) - raft.server.snapshot.retention.file.num = 5 (custom)
2019-10-11 03:36:53,570 [pool-519-thread-1] INFO  server.RaftServerConfigKeys (ConfUtils.java:logGet(43)) - raft.server.retrycache.expirytime = 600000ms (custom)
2019-10-11 03:36:53,574 [pool-499-thread-1] INFO  impl.RaftServerImpl (RaftServerImpl.java:start(181)) - acd3cc76-f45e-4125-acd5-33350e490971@group-0A2DD048406C: start as a follower, conf=-1: [bfe1fb00-2040-48fe-b8b4-ec0722208c64:192.168.151.96:38572, 65dcd157-7db8-4958-989c-892d657b393e:192.168.151.96:41882, acd3cc76-f45e-4125-acd5-33350e490971:192.168.151.96:34944], old=null
2019-10-11 03:36:53,574 [pool-499-thread-1] INFO  impl.RaftServerImpl (RaftServerImpl.java:setRole(170)) - acd3cc76-f45e-4125-acd5-33350e490971@group-0A2DD048406C: changes role from      null to FOLLOWER at term 0 for startAsFollower
2019-10-11 03:36:53,574 [pool-519-thread-1] INFO  impl.RaftServerImpl (RaftServerImpl.java:start(181)) - 65dcd157-7db8-4958-989c-892d657b393e@group-0A2DD048406C: start as a follower, conf=-1: [bfe1fb00-2040-48fe-b8b4-ec0722208c64:192.168.151.96:38572, 65dcd157-7db8-4958-989c-892d657b393e:192.168.151.96:41882, acd3cc76-f45e-4125-acd5-33350e490971:192.168.151.96:34944], old=null
2019-10-11 03:36:53,574 [pool-499-thread-1] INFO  impl.RoleInfo (RoleInfo.java:updateAndGet(143)) - acd3cc76-f45e-4125-acd5-33350e490971: start FollowerState
2019-10-11 03:36:53,574 [pool-519-thread-1] INFO  impl.RaftServerImpl (RaftServerImpl.java:setRole(170)) - 65dcd157-7db8-4958-989c-892d657b393e@group-0A2DD048406C: changes role from      null to FOLLOWER at term 0 for startAsFollower
2019-10-11 03:36:53,574 [pool-519-thread-1] INFO  impl.RoleInfo (RoleInfo.java:updateAndGet(143)) - 65dcd157-7db8-4958-989c-892d657b393e: start FollowerState
2019-10-11 03:36:53,574 [pool-499-thread-1] INFO  util.JmxRegister (JmxRegister.java:tryRegister(44)) - Successfully registered JMX Bean with object name Ratis:service=RaftServer,group=group-0A2DD048406C,id=acd3cc76-f45e-4125-acd5-33350e490971
2019-10-11 03:36:53,575 [pool-519-thread-1] INFO  util.JmxRegister (JmxRegister.java:tryRegister(44)) - Successfully registered JMX Bean with object name Ratis:service=RaftServer,group=group-0A2DD048406C,id=65dcd157-7db8-4958-989c-892d657b393e
2019-10-11 03:36:53,579 [RatisPipelineUtilsThread] INFO  pipeline.PipelineStateManager (PipelineStateManager.java:addPipeline(56)) - Created pipeline Pipeline[ Id: 5560f45e-22fc-47cf-a42a-0a2dd048406c, Nodes: acd3cc76-f45e-4125-acd5-33350e490971{ip: 192.168.151.96, host: pr-hdds-2181-p9m8s-78523098, networkLocation: /default-rack, certSerialId: null}bfe1fb00-2040-48fe-b8b4-ec0722208c64{ip: 192.168.151.96, host: pr-hdds-2181-p9m8s-78523098, networkLocation: /default-rack, certSerialId: null}65dcd157-7db8-4958-989c-892d657b393e{ip: 192.168.151.96, host: pr-hdds-2181-p9m8s-78523098, networkLocation: /default-rack, certSerialId: null}, Type:RATIS, Factor:THREE, State:OPEN]
2019-10-11 03:36:53,602 [IPC Server handler 5 on 40093] INFO  net.NetworkTopology (NetworkTopologyImpl.java:add(111)) - Added a new node: /default-rack/03e4f594-86c7-4fac-9da8-d4dc1efdb82f
2019-10-11 03:36:53,602 [IPC Server handler 5 on 40093] INFO  node.SCMNodeManager (SCMNodeManager.java:register(268)) - Registered Data node : 03e4f594-86c7-4fac-9da8-d4dc1efdb82f{ip: 192.168.151.96, host: pr-hdds-2181-p9m8s-78523098, networkLocation: /default-rack, certSerialId: null}
2019-10-11 03:36:53,614 [grpc-default-executor-13] INFO  impl.RaftServerProxy (RaftServerProxy.java:addNew(89)) - 6afc402c-563e-4dae-8086-9d1ee961591d: addNew group-F7AAFCBC68F5:[6afc402c-563e-4dae-8086-9d1ee961591d:192.168.151.96:46033] returns group-F7AAFCBC68F5:java.util.concurrent.CompletableFuture@2100a704[Not completed]
2019-10-11 03:36:53,618 [pool-529-thread-1] INFO  impl.RaftServerImpl (RaftServerImpl.java:<init>(95)) - 6afc402c-563e-4dae-8086-9d1ee961591d: new RaftServerImpl for group-F7AAFCBC68F5:[6afc402c-563e-4dae-8086-9d1ee961591d:192.168.151.96:46033] with ContainerStateMachine:uninitialized
2019-10-11 03:36:53,618 [pool-529-thread-1] INFO  server.RaftServerConfigKeys (ConfUtils.java:logGet(43)) - raft.server.rpc.timeout.min = 5s (custom)
2019-10-11 03:36:53,618 [pool-529-thread-1] INFO  server.RaftServerConfigKeys (ConfUtils.java:logGet(43)) - raft.server.rpc.timeout.max = 5200ms (custom)
2019-10-11 03:36:53,618 [pool-529-thread-1] INFO  server.RaftServerConfigKeys (ConfUtils.java:logGet(43)) - raft.server.rpcslowness.timeout = 120s (custom)
2019-10-11 03:36:53,618 [pool-529-thread-1] INFO  server.RaftServerConfigKeys (ConfUtils.java:logGet(43)) - raft.server.sleep.deviation.threshold = 300 (default)
2019-10-11 03:36:53,618 [pool-529-thread-1] INFO  server.RaftServerConfigKeys (ConfUtils.java:logGet(43)) - raft.server.log.appender.install.snapshot.enabled = false (custom)
2019-10-11 03:36:53,619 [pool-529-thread-1] INFO  impl.RaftServerImpl (ServerState.java:<init>(103)) - 6afc402c-563e-4dae-8086-9d1ee961591d@group-F7AAFCBC68F5: ConfigurationManager, init=-1: [6afc402c-563e-4dae-8086-9d1ee961591d:192.168.151.96:46033], old=null, confs=<EMPTY_MAP>
2019-10-11 03:36:53,619 [pool-529-thread-1] INFO  server.RaftServerConfigKeys (ConfUtils.java:logGet(43)) - raft.server.storage.dir = [/workdir/hadoop-ozone/integration-test/target/test-dir/MiniOzoneClusterImpl-41393050-cb04-463e-b451-9f8cbcecb76f/datanode-3/data/ratis] (custom)
2019-10-11 03:36:53,619 [pool-529-thread-1] INFO  server.RaftServerConfigKeys (ConfUtils.java:logGet(43)) - raft.server.log.corruption.policy = EXCEPTION (default)
2019-10-11 03:36:53,619 [pool-529-thread-1] INFO  storage.RaftStorageDirectory (RaftStorageDirectory.java:analyzeStorage(246)) - The storage directory /workdir/hadoop-ozone/integration-test/target/test-dir/MiniOzoneClusterImpl-41393050-cb04-463e-b451-9f8cbcecb76f/datanode-3/data/ratis/d86fd6ad-1dd1-4df8-bed6-f7aafcbc68f5 does not exist. Creating ...
2019-10-11 03:36:53,632 [pool-529-thread-1] INFO  storage.RaftStorageDirectory (RaftStorageDirectory.java:tryLock(328)) - Lock on /workdir/hadoop-ozone/integration-test/target/test-dir/MiniOzoneClusterImpl-41393050-cb04-463e-b451-9f8cbcecb76f/datanode-3/data/ratis/d86fd6ad-1dd1-4df8-bed6-f7aafcbc68f5/in_use.lock acquired by nodename 30966@pr-hdds-2181-p9m8s-78523098
2019-10-11 03:36:53,646 [pool-529-thread-1] INFO  storage.RaftStorage (RaftStorage.java:format(84)) - Storage directory /workdir/hadoop-ozone/integration-test/target/test-dir/MiniOzoneClusterImpl-41393050-cb04-463e-b451-9f8cbcecb76f/datanode-3/data/ratis/d86fd6ad-1dd1-4df8-bed6-f7aafcbc68f5 has been successfully formatted.
2019-10-11 03:36:53,646 [pool-529-thread-1] INFO  ratis.ContainerStateMachine (ContainerStateMachine.java:loadSnapshot(231)) - group-F7AAFCBC68F5: The snapshot info is null. Setting the last applied indexto:(t:0, i:~)
2019-10-11 03:36:53,646 [pool-529-thread-1] INFO  server.RaftServerConfigKeys (ConfUtils.java:logGet(43)) - raft.server.notification.no-leader.timeout = 120s (custom)
2019-10-11 03:36:53,646 [pool-529-thread-1] INFO  server.RaftServerConfigKeys (ConfUtils.java:logGet(43)) - raft.server.log.use.memory = false (default)
2019-10-11 03:36:53,646 [pool-529-thread-1] INFO  server.RaftServerConfigKeys (ConfUtils.java:logGet(43)) - raft.server.log.purge.gap = 1000000 (custom)
2019-10-11 03:36:53,646 [pool-529-thread-1] INFO  server.RaftServerConfigKeys (ConfUtils.java:logGet(43)) - raft.server.log.appender.buffer.byte-limit = 33554432 (custom)
2019-10-11 03:36:53,646 [pool-529-thread-1] INFO  server.RaftServerConfigKeys (ConfUtils.java:logGet(43)) - raft.server.log.segment.size.max = 1048576 (custom)
2019-10-11 03:36:53,647 [pool-529-thread-1] INFO  server.RaftServerConfigKeys (ConfUtils.java:logGet(43)) - raft.server.log.segment.cache.num.max = 2 (custom)
2019-10-11 03:36:53,647 [pool-529-thread-1] INFO  segmented.SegmentedRaftLogWorker (SegmentedRaftLogWorker.java:<init>(173)) - new 6afc402c-563e-4dae-8086-9d1ee961591d@group-F7AAFCBC68F5-SegmentedRaftLogWorker for RaftStorage:Storage Directory /workdir/hadoop-ozone/integration-test/target/test-dir/MiniOzoneClusterImpl-41393050-cb04-463e-b451-9f8cbcecb76f/datanode-3/data/ratis/d86fd6ad-1dd1-4df8-bed6-f7aafcbc68f5
2019-10-11 03:36:53,647 [pool-529-thread-1] INFO  server.RaftServerConfigKeys (ConfUtils.java:logGet(43)) - raft.server.log.queue.byte-limit = 2147483647 (custom)
2019-10-11 03:36:53,647 [pool-529-thread-1] INFO  server.RaftServerConfigKeys (ConfUtils.java:logGet(43)) - raft.server.log.queue.element-limit = 1024 (custom)
2019-10-11 03:36:53,648 [pool-529-thread-1] INFO  server.RaftServerConfigKeys (ConfUtils.java:logGet(43)) - raft.server.log.segment.size.max = 1048576 (custom)
2019-10-11 03:36:53,648 [pool-529-thread-1] INFO  server.RaftServerConfigKeys (ConfUtils.java:logGet(43)) - raft.server.log.preallocated.size = 16384 (custom)
2019-10-11 03:36:53,648 [pool-529-thread-1] INFO  server.RaftServerConfigKeys (ConfUtils.java:logGet(43)) - raft.server.log.write.buffer.size = 33554432 (custom)
2019-10-11 03:36:53,648 [pool-529-thread-1] INFO  server.RaftServerConfigKeys (ConfUtils.java:logGet(43)) - raft.server.log.force.sync.num = 128 (default)
2019-10-11 03:36:53,648 [pool-529-thread-1] INFO  server.RaftServerConfigKeys (ConfUtils.java:logGet(43)) - raft.server.log.statemachine.data.sync = true (default)
2019-10-11 03:36:53,648 [pool-529-thread-1] INFO  server.RaftServerConfigKeys (ConfUtils.java:logGet(43)) - raft.server.log.statemachine.data.sync.timeout = 10s (default)
2019-10-11 03:36:53,648 [pool-529-thread-1] INFO  server.RaftServerConfigKeys (ConfUtils.java:logGet(43)) - raft.server.log.statemachine.data.sync.timeout.retry = -1 (default)
2019-10-11 03:36:53,648 [pool-529-thread-1] INFO  server.RaftServerConfigKeys (ConfUtils.java:logGet(43)) - raft.server.log.statemachine.data.caching.enabled = true (custom)
2019-10-11 03:36:53,649 [pool-529-thread-1] INFO  segmented.SegmentedRaftLogWorker (SegmentedRaftLogWorker.java:lambda$new$0(128)) - 6afc402c-563e-4dae-8086-9d1ee961591d@group-F7AAFCBC68F5-SegmentedRaftLogWorker: flushIndex: setUnconditionally 0 -> -1
2019-10-11 03:36:53,649 [pool-529-thread-1] INFO  server.RaftServerConfigKeys (ConfUtils.java:logGet(43)) - raft.server.snapshot.auto.trigger.enabled = true (custom)
2019-10-11 03:36:53,649 [pool-529-thread-1] INFO  server.RaftServerConfigKeys (ConfUtils.java:logGet(43)) - raft.server.snapshot.auto.trigger.threshold = 10000 (custom)
2019-10-11 03:36:53,649 [pool-529-thread-1] INFO  server.RaftServerConfigKeys (ConfUtils.java:logGet(43)) - raft.server.snapshot.retention.file.num = 5 (custom)
2019-10-11 03:36:53,649 [pool-529-thread-1] INFO  server.RaftServerConfigKeys (ConfUtils.java:logGet(43)) - raft.server.retrycache.expirytime = 600000ms (custom)
2019-10-11 03:36:53,651 [pool-529-thread-1] INFO  impl.RaftServerImpl (RaftServerImpl.java:start(181)) - 6afc402c-563e-4dae-8086-9d1ee961591d@group-F7AAFCBC68F5: start as a follower, conf=-1: [6afc402c-563e-4dae-8086-9d1ee961591d:192.168.151.96:46033], old=null
2019-10-11 03:36:53,651 [pool-529-thread-1] INFO  impl.RaftServerImpl (RaftServerImpl.java:setRole(170)) - 6afc402c-563e-4dae-8086-9d1ee961591d@group-F7AAFCBC68F5: changes role from      null to FOLLOWER at term 0 for startAsFollower
2019-10-11 03:36:53,651 [pool-529-thread-1] INFO  impl.RoleInfo (RoleInfo.java:updateAndGet(143)) - 6afc402c-563e-4dae-8086-9d1ee961591d: start FollowerState
2019-10-11 03:36:53,651 [pool-529-thread-1] INFO  util.JmxRegister (JmxRegister.java:tryRegister(44)) - Successfully registered JMX Bean with object name Ratis:service=RaftServer,group=group-F7AAFCBC68F5,id=6afc402c-563e-4dae-8086-9d1ee961591d
2019-10-11 03:36:53,654 [RatisPipelineUtilsThread] INFO  pipeline.PipelineStateManager (PipelineStateManager.java:addPipeline(56)) - Created pipeline Pipeline[ Id: d86fd6ad-1dd1-4df8-bed6-f7aafcbc68f5, Nodes: 6afc402c-563e-4dae-8086-9d1ee961591d{ip: 192.168.151.96, host: pr-hdds-2181-p9m8s-78523098, networkLocation: /default-rack, certSerialId: null}, Type:RATIS, Factor:ONE, State:OPEN]
2019-10-11 03:36:53,657 [grpc-default-executor-13] INFO  impl.RaftServerProxy (RaftServerProxy.java:addNew(89)) - 03e4f594-86c7-4fac-9da8-d4dc1efdb82f: addNew group-E62635446C0F:[03e4f594-86c7-4fac-9da8-d4dc1efdb82f:192.168.151.96:43957] returns group-E62635446C0F:java.util.concurrent.CompletableFuture@d47a78d[Not completed]
2019-10-11 03:36:53,658 [pool-539-thread-1] INFO  impl.RaftServerImpl (RaftServerImpl.java:<init>(95)) - 03e4f594-86c7-4fac-9da8-d4dc1efdb82f: new RaftServerImpl for group-E62635446C0F:[03e4f594-86c7-4fac-9da8-d4dc1efdb82f:192.168.151.96:43957] with ContainerStateMachine:uninitialized
2019-10-11 03:36:53,658 [pool-539-thread-1] INFO  server.RaftServerConfigKeys (ConfUtils.java:logGet(43)) - raft.server.rpc.timeout.min = 5s (custom)
2019-10-11 03:36:53,659 [pool-539-thread-1] INFO  server.RaftServerConfigKeys (ConfUtils.java:logGet(43)) - raft.server.rpc.timeout.max = 5200ms (custom)
2019-10-11 03:36:53,659 [pool-539-thread-1] INFO  server.RaftServerConfigKeys (ConfUtils.java:logGet(43)) - raft.server.rpcslowness.timeout = 120s (custom)
2019-10-11 03:36:53,659 [pool-539-thread-1] INFO  server.RaftServerConfigKeys (ConfUtils.java:logGet(43)) - raft.server.sleep.deviation.threshold = 300 (default)
2019-10-11 03:36:53,659 [pool-539-thread-1] INFO  server.RaftServerConfigKeys (ConfUtils.java:logGet(43)) - raft.server.log.appender.install.snapshot.enabled = false (custom)
2019-10-11 03:36:53,659 [pool-539-thread-1] INFO  impl.RaftServerImpl (ServerState.java:<init>(103)) - 03e4f594-86c7-4fac-9da8-d4dc1efdb82f@group-E62635446C0F: ConfigurationManager, init=-1: [03e4f594-86c7-4fac-9da8-d4dc1efdb82f:192.168.151.96:43957], old=null, confs=<EMPTY_MAP>
2019-10-11 03:36:53,659 [pool-539-thread-1] INFO  server.RaftServerConfigKeys (ConfUtils.java:logGet(43)) - raft.server.storage.dir = [/workdir/hadoop-ozone/integration-test/target/test-dir/MiniOzoneClusterImpl-41393050-cb04-463e-b451-9f8cbcecb76f/datanode-4/data/ratis] (custom)
2019-10-11 03:36:53,660 [pool-539-thread-1] INFO  server.RaftServerConfigKeys (ConfUtils.java:logGet(43)) - raft.server.log.corruption.policy = EXCEPTION (default)
2019-10-11 03:36:53,660 [pool-539-thread-1] INFO  storage.RaftStorageDirectory (RaftStorageDirectory.java:analyzeStorage(246)) - The storage directory /workdir/hadoop-ozone/integration-test/target/test-dir/MiniOzoneClusterImpl-41393050-cb04-463e-b451-9f8cbcecb76f/datanode-4/data/ratis/5e07a6d2-e211-4edc-85da-e62635446c0f does not exist. Creating ...
2019-10-11 03:36:53,673 [pool-539-thread-1] INFO  storage.RaftStorageDirectory (RaftStorageDirectory.java:tryLock(328)) - Lock on /workdir/hadoop-ozone/integration-test/target/test-dir/MiniOzoneClusterImpl-41393050-cb04-463e-b451-9f8cbcecb76f/datanode-4/data/ratis/5e07a6d2-e211-4edc-85da-e62635446c0f/in_use.lock acquired by nodename 30966@pr-hdds-2181-p9m8s-78523098
2019-10-11 03:36:53,673 [IPC Server handler 6 on 40093] INFO  net.NetworkTopology (NetworkTopologyImpl.java:add(111)) - Added a new node: /default-rack/f182464e-c83e-4f22-a06f-1132466c2633
2019-10-11 03:36:53,673 [IPC Server handler 6 on 40093] INFO  node.SCMNodeManager (SCMNodeManager.java:register(268)) - Registered Data node : f182464e-c83e-4f22-a06f-1132466c2633{ip: 192.168.151.96, host: pr-hdds-2181-p9m8s-78523098, networkLocation: /default-rack, certSerialId: null}
2019-10-11 03:36:53,686 [pool-539-thread-1] INFO  storage.RaftStorage (RaftStorage.java:format(84)) - Storage directory /workdir/hadoop-ozone/integration-test/target/test-dir/MiniOzoneClusterImpl-41393050-cb04-463e-b451-9f8cbcecb76f/datanode-4/data/ratis/5e07a6d2-e211-4edc-85da-e62635446c0f has been successfully formatted.
2019-10-11 03:36:53,686 [pool-539-thread-1] INFO  ratis.ContainerStateMachine (ContainerStateMachine.java:loadSnapshot(231)) - group-E62635446C0F: The snapshot info is null. Setting the last applied indexto:(t:0, i:~)
2019-10-11 03:36:53,686 [pool-539-thread-1] INFO  server.RaftServerConfigKeys (ConfUtils.java:logGet(43)) - raft.server.notification.no-leader.timeout = 120s (custom)
2019-10-11 03:36:53,686 [pool-539-thread-1] INFO  server.RaftServerConfigKeys (ConfUtils.java:logGet(43)) - raft.server.log.use.memory = false (default)
2019-10-11 03:36:53,686 [pool-539-thread-1] INFO  server.RaftServerConfigKeys (ConfUtils.java:logGet(43)) - raft.server.log.purge.gap = 1000000 (custom)
2019-10-11 03:36:53,686 [pool-539-thread-1] INFO  server.RaftServerConfigKeys (ConfUtils.java:logGet(43)) - raft.server.log.appender.buffer.byte-limit = 33554432 (custom)
2019-10-11 03:36:53,687 [pool-539-thread-1] INFO  server.RaftServerConfigKeys (ConfUtils.java:logGet(43)) - raft.server.log.segment.size.max = 1048576 (custom)
2019-10-11 03:36:53,688 [pool-539-thread-1] INFO  server.RaftServerConfigKeys (ConfUtils.java:logGet(43)) - raft.server.log.segment.cache.num.max = 2 (custom)
2019-10-11 03:36:53,688 [pool-539-thread-1] INFO  segmented.SegmentedRaftLogWorker (SegmentedRaftLogWorker.java:<init>(173)) - new 03e4f594-86c7-4fac-9da8-d4dc1efdb82f@group-E62635446C0F-SegmentedRaftLogWorker for RaftStorage:Storage Directory /workdir/hadoop-ozone/integration-test/target/test-dir/MiniOzoneClusterImpl-41393050-cb04-463e-b451-9f8cbcecb76f/datanode-4/data/ratis/5e07a6d2-e211-4edc-85da-e62635446c0f
2019-10-11 03:36:53,689 [pool-539-thread-1] INFO  server.RaftServerConfigKeys (ConfUtils.java:logGet(43)) - raft.server.log.queue.byte-limit = 2147483647 (custom)
2019-10-11 03:36:53,689 [pool-539-thread-1] INFO  server.RaftServerConfigKeys (ConfUtils.java:logGet(43)) - raft.server.log.queue.element-limit = 1024 (custom)
2019-10-11 03:36:53,689 [pool-539-thread-1] INFO  server.RaftServerConfigKeys (ConfUtils.java:logGet(43)) - raft.server.log.segment.size.max = 1048576 (custom)
2019-10-11 03:36:53,689 [pool-539-thread-1] INFO  server.RaftServerConfigKeys (ConfUtils.java:logGet(43)) - raft.server.log.preallocated.size = 16384 (custom)
2019-10-11 03:36:53,689 [pool-539-thread-1] INFO  server.RaftServerConfigKeys (ConfUtils.java:logGet(43)) - raft.server.log.write.buffer.size = 33554432 (custom)
2019-10-11 03:36:53,689 [pool-539-thread-1] INFO  server.RaftServerConfigKeys (ConfUtils.java:logGet(43)) - raft.server.log.force.sync.num = 128 (default)
2019-10-11 03:36:53,689 [pool-539-thread-1] INFO  server.RaftServerConfigKeys (ConfUtils.java:logGet(43)) - raft.server.log.statemachine.data.sync = true (default)
2019-10-11 03:36:53,689 [pool-539-thread-1] INFO  server.RaftServerConfigKeys (ConfUtils.java:logGet(43)) - raft.server.log.statemachine.data.sync.timeout = 10s (default)
2019-10-11 03:36:53,690 [pool-539-thread-1] INFO  server.RaftServerConfigKeys (ConfUtils.java:logGet(43)) - raft.server.log.statemachine.data.sync.timeout.retry = -1 (default)
2019-10-11 03:36:53,690 [pool-539-thread-1] INFO  server.RaftServerConfigKeys (ConfUtils.java:logGet(43)) - raft.server.log.statemachine.data.caching.enabled = true (custom)
2019-10-11 03:36:53,690 [pool-539-thread-1] INFO  segmented.SegmentedRaftLogWorker (SegmentedRaftLogWorker.java:lambda$new$0(128)) - 03e4f594-86c7-4fac-9da8-d4dc1efdb82f@group-E62635446C0F-SegmentedRaftLogWorker: flushIndex: setUnconditionally 0 -> -1
2019-10-11 03:36:53,691 [pool-539-thread-1] INFO  server.RaftServerConfigKeys (ConfUtils.java:logGet(43)) - raft.server.snapshot.auto.trigger.enabled = true (custom)
2019-10-11 03:36:53,691 [pool-539-thread-1] INFO  server.RaftServerConfigKeys (ConfUtils.java:logGet(43)) - raft.server.snapshot.auto.trigger.threshold = 10000 (custom)
2019-10-11 03:36:53,691 [pool-539-thread-1] INFO  server.RaftServerConfigKeys (ConfUtils.java:logGet(43)) - raft.server.snapshot.retention.file.num = 5 (custom)
2019-10-11 03:36:53,691 [pool-539-thread-1] INFO  server.RaftServerConfigKeys (ConfUtils.java:logGet(43)) - raft.server.retrycache.expirytime = 600000ms (custom)
2019-10-11 03:36:53,693 [pool-539-thread-1] INFO  impl.RaftServerImpl (RaftServerImpl.java:start(181)) - 03e4f594-86c7-4fac-9da8-d4dc1efdb82f@group-E62635446C0F: start as a follower, conf=-1: [03e4f594-86c7-4fac-9da8-d4dc1efdb82f:192.168.151.96:43957], old=null
2019-10-11 03:36:53,693 [pool-539-thread-1] INFO  impl.RaftServerImpl (RaftServerImpl.java:setRole(170)) - 03e4f594-86c7-4fac-9da8-d4dc1efdb82f@group-E62635446C0F: changes role from      null to FOLLOWER at term 0 for startAsFollower
2019-10-11 03:36:53,693 [pool-539-thread-1] INFO  impl.RoleInfo (RoleInfo.java:updateAndGet(143)) - 03e4f594-86c7-4fac-9da8-d4dc1efdb82f: start FollowerState
2019-10-11 03:36:53,693 [pool-539-thread-1] INFO  util.JmxRegister (JmxRegister.java:tryRegister(44)) - Successfully registered JMX Bean with object name Ratis:service=RaftServer,group=group-E62635446C0F,id=03e4f594-86c7-4fac-9da8-d4dc1efdb82f
2019-10-11 03:36:53,696 [RatisPipelineUtilsThread] INFO  pipeline.PipelineStateManager (PipelineStateManager.java:addPipeline(56)) - Created pipeline Pipeline[ Id: 5e07a6d2-e211-4edc-85da-e62635446c0f, Nodes: 03e4f594-86c7-4fac-9da8-d4dc1efdb82f{ip: 192.168.151.96, host: pr-hdds-2181-p9m8s-78523098, networkLocation: /default-rack, certSerialId: null}, Type:RATIS, Factor:ONE, State:OPEN]
2019-10-11 03:36:53,702 [grpc-default-executor-13] INFO  impl.RaftServerProxy (RaftServerProxy.java:addNew(89)) - f182464e-c83e-4f22-a06f-1132466c2633: addNew group-5F7F4F129E8D:[f182464e-c83e-4f22-a06f-1132466c2633:192.168.151.96:34571] returns group-5F7F4F129E8D:java.util.concurrent.CompletableFuture@48d36d60[Not completed]
2019-10-11 03:36:53,704 [pool-549-thread-1] INFO  impl.RaftServerImpl (RaftServerImpl.java:<init>(95)) - f182464e-c83e-4f22-a06f-1132466c2633: new RaftServerImpl for group-5F7F4F129E8D:[f182464e-c83e-4f22-a06f-1132466c2633:192.168.151.96:34571] with ContainerStateMachine:uninitialized
2019-10-11 03:36:53,704 [pool-549-thread-1] INFO  server.RaftServerConfigKeys (ConfUtils.java:logGet(43)) - raft.server.rpc.timeout.min = 5s (custom)
2019-10-11 03:36:53,704 [pool-549-thread-1] INFO  server.RaftServerConfigKeys (ConfUtils.java:logGet(43)) - raft.server.rpc.timeout.max = 5200ms (custom)
2019-10-11 03:36:53,704 [pool-549-thread-1] INFO  server.RaftServerConfigKeys (ConfUtils.java:logGet(43)) - raft.server.rpcslowness.timeout = 120s (custom)
2019-10-11 03:36:53,705 [pool-549-thread-1] INFO  server.RaftServerConfigKeys (ConfUtils.java:logGet(43)) - raft.server.sleep.deviation.threshold = 300 (default)
2019-10-11 03:36:53,705 [pool-549-thread-1] INFO  server.RaftServerConfigKeys (ConfUtils.java:logGet(43)) - raft.server.log.appender.install.snapshot.enabled = false (custom)
2019-10-11 03:36:53,705 [pool-549-thread-1] INFO  impl.RaftServerImpl (ServerState.java:<init>(103)) - f182464e-c83e-4f22-a06f-1132466c2633@group-5F7F4F129E8D: ConfigurationManager, init=-1: [f182464e-c83e-4f22-a06f-1132466c2633:192.168.151.96:34571], old=null, confs=<EMPTY_MAP>
2019-10-11 03:36:53,705 [pool-549-thread-1] INFO  server.RaftServerConfigKeys (ConfUtils.java:logGet(43)) - raft.server.storage.dir = [/workdir/hadoop-ozone/integration-test/target/test-dir/MiniOzoneClusterImpl-41393050-cb04-463e-b451-9f8cbcecb76f/datanode-5/data/ratis] (custom)
2019-10-11 03:36:53,706 [pool-549-thread-1] INFO  server.RaftServerConfigKeys (ConfUtils.java:logGet(43)) - raft.server.log.corruption.policy = EXCEPTION (default)
2019-10-11 03:36:53,706 [pool-549-thread-1] INFO  storage.RaftStorageDirectory (RaftStorageDirectory.java:analyzeStorage(246)) - The storage directory /workdir/hadoop-ozone/integration-test/target/test-dir/MiniOzoneClusterImpl-41393050-cb04-463e-b451-9f8cbcecb76f/datanode-5/data/ratis/79c0262f-b8fc-4915-853e-5f7f4f129e8d does not exist. Creating ...
2019-10-11 03:36:53,719 [pool-549-thread-1] INFO  storage.RaftStorageDirectory (RaftStorageDirectory.java:tryLock(328)) - Lock on /workdir/hadoop-ozone/integration-test/target/test-dir/MiniOzoneClusterImpl-41393050-cb04-463e-b451-9f8cbcecb76f/datanode-5/data/ratis/79c0262f-b8fc-4915-853e-5f7f4f129e8d/in_use.lock acquired by nodename 30966@pr-hdds-2181-p9m8s-78523098
2019-10-11 03:36:53,732 [pool-549-thread-1] INFO  storage.RaftStorage (RaftStorage.java:format(84)) - Storage directory /workdir/hadoop-ozone/integration-test/target/test-dir/MiniOzoneClusterImpl-41393050-cb04-463e-b451-9f8cbcecb76f/datanode-5/data/ratis/79c0262f-b8fc-4915-853e-5f7f4f129e8d has been successfully formatted.
2019-10-11 03:36:53,732 [pool-549-thread-1] INFO  ratis.ContainerStateMachine (ContainerStateMachine.java:loadSnapshot(231)) - group-5F7F4F129E8D: The snapshot info is null. Setting the last applied indexto:(t:0, i:~)
2019-10-11 03:36:53,733 [pool-549-thread-1] INFO  server.RaftServerConfigKeys (ConfUtils.java:logGet(43)) - raft.server.notification.no-leader.timeout = 120s (custom)
2019-10-11 03:36:53,733 [pool-549-thread-1] INFO  server.RaftServerConfigKeys (ConfUtils.java:logGet(43)) - raft.server.log.use.memory = false (default)
2019-10-11 03:36:53,733 [pool-549-thread-1] INFO  server.RaftServerConfigKeys (ConfUtils.java:logGet(43)) - raft.server.log.purge.gap = 1000000 (custom)
2019-10-11 03:36:53,733 [pool-549-thread-1] INFO  server.RaftServerConfigKeys (ConfUtils.java:logGet(43)) - raft.server.log.appender.buffer.byte-limit = 33554432 (custom)
2019-10-11 03:36:53,733 [pool-549-thread-1] INFO  server.RaftServerConfigKeys (ConfUtils.java:logGet(43)) - raft.server.log.segment.size.max = 1048576 (custom)
2019-10-11 03:36:53,734 [main] INFO  ozone.MiniOzoneClusterImpl (MiniOzoneClusterImpl.java:lambda$waitForClusterToBeReady$0(147)) - Waiting for cluster to be ready. Got 6 of 7 DN Heartbeats.
2019-10-11 03:36:53,734 [IPC Server handler 7 on 40093] INFO  net.NetworkTopology (NetworkTopologyImpl.java:add(111)) - Added a new node: /default-rack/2576ad6b-f584-4776-95e1-7cd0727f3a1c
2019-10-11 03:36:53,734 [IPC Server handler 7 on 40093] INFO  node.SCMNodeManager (SCMNodeManager.java:register(268)) - Registered Data node : 2576ad6b-f584-4776-95e1-7cd0727f3a1c{ip: 192.168.151.96, host: pr-hdds-2181-p9m8s-78523098, networkLocation: /default-rack, certSerialId: null}
2019-10-11 03:36:53,735 [pool-549-thread-1] INFO  server.RaftServerConfigKeys (ConfUtils.java:logGet(43)) - raft.server.log.segment.cache.num.max = 2 (custom)
2019-10-11 03:36:53,735 [pool-549-thread-1] INFO  segmented.SegmentedRaftLogWorker (SegmentedRaftLogWorker.java:<init>(173)) - new f182464e-c83e-4f22-a06f-1132466c2633@group-5F7F4F129E8D-SegmentedRaftLogWorker for RaftStorage:Storage Directory /workdir/hadoop-ozone/integration-test/target/test-dir/MiniOzoneClusterImpl-41393050-cb04-463e-b451-9f8cbcecb76f/datanode-5/data/ratis/79c0262f-b8fc-4915-853e-5f7f4f129e8d
2019-10-11 03:36:53,735 [pool-549-thread-1] INFO  server.RaftServerConfigKeys (ConfUtils.java:logGet(43)) - raft.server.log.queue.byte-limit = 2147483647 (custom)
2019-10-11 03:36:53,735 [pool-549-thread-1] INFO  server.RaftServerConfigKeys (ConfUtils.java:logGet(43)) - raft.server.log.queue.element-limit = 1024 (custom)
2019-10-11 03:36:53,736 [pool-549-thread-1] INFO  server.RaftServerConfigKeys (ConfUtils.java:logGet(43)) - raft.server.log.segment.size.max = 1048576 (custom)
2019-10-11 03:36:53,736 [pool-549-thread-1] INFO  server.RaftServerConfigKeys (ConfUtils.java:logGet(43)) - raft.server.log.preallocated.size = 16384 (custom)
2019-10-11 03:36:53,736 [pool-549-thread-1] INFO  server.RaftServerConfigKeys (ConfUtils.java:logGet(43)) - raft.server.log.write.buffer.size = 33554432 (custom)
2019-10-11 03:36:53,736 [pool-549-thread-1] INFO  server.RaftServerConfigKeys (ConfUtils.java:logGet(43)) - raft.server.log.force.sync.num = 128 (default)
2019-10-11 03:36:53,736 [pool-549-thread-1] INFO  server.RaftServerConfigKeys (ConfUtils.java:logGet(43)) - raft.server.log.statemachine.data.sync = true (default)
2019-10-11 03:36:53,736 [pool-549-thread-1] INFO  server.RaftServerConfigKeys (ConfUtils.java:logGet(43)) - raft.server.log.statemachine.data.sync.timeout = 10s (default)
2019-10-11 03:36:53,736 [pool-549-thread-1] INFO  server.RaftServerConfigKeys (ConfUtils.java:logGet(43)) - raft.server.log.statemachine.data.sync.timeout.retry = -1 (default)
2019-10-11 03:36:53,737 [pool-549-thread-1] INFO  server.RaftServerConfigKeys (ConfUtils.java:logGet(43)) - raft.server.log.statemachine.data.caching.enabled = true (custom)
2019-10-11 03:36:53,737 [pool-549-thread-1] INFO  segmented.SegmentedRaftLogWorker (SegmentedRaftLogWorker.java:lambda$new$0(128)) - f182464e-c83e-4f22-a06f-1132466c2633@group-5F7F4F129E8D-SegmentedRaftLogWorker: flushIndex: setUnconditionally 0 -> -1
2019-10-11 03:36:53,737 [pool-549-thread-1] INFO  server.RaftServerConfigKeys (ConfUtils.java:logGet(43)) - raft.server.snapshot.auto.trigger.enabled = true (custom)
2019-10-11 03:36:53,737 [pool-549-thread-1] INFO  server.RaftServerConfigKeys (ConfUtils.java:logGet(43)) - raft.server.snapshot.auto.trigger.threshold = 10000 (custom)
2019-10-11 03:36:53,738 [pool-549-thread-1] INFO  server.RaftServerConfigKeys (ConfUtils.java:logGet(43)) - raft.server.snapshot.retention.file.num = 5 (custom)
2019-10-11 03:36:53,738 [pool-549-thread-1] INFO  server.RaftServerConfigKeys (ConfUtils.java:logGet(43)) - raft.server.retrycache.expirytime = 600000ms (custom)
2019-10-11 03:36:53,739 [pool-549-thread-1] INFO  impl.RaftServerImpl (RaftServerImpl.java:start(181)) - f182464e-c83e-4f22-a06f-1132466c2633@group-5F7F4F129E8D: start as a follower, conf=-1: [f182464e-c83e-4f22-a06f-1132466c2633:192.168.151.96:34571], old=null
2019-10-11 03:36:53,739 [pool-549-thread-1] INFO  impl.RaftServerImpl (RaftServerImpl.java:setRole(170)) - f182464e-c83e-4f22-a06f-1132466c2633@group-5F7F4F129E8D: changes role from      null to FOLLOWER at term 0 for startAsFollower
2019-10-11 03:36:53,740 [pool-549-thread-1] INFO  impl.RoleInfo (RoleInfo.java:updateAndGet(143)) - f182464e-c83e-4f22-a06f-1132466c2633: start FollowerState
2019-10-11 03:36:53,740 [pool-549-thread-1] INFO  util.JmxRegister (JmxRegister.java:tryRegister(44)) - Successfully registered JMX Bean with object name Ratis:service=RaftServer,group=group-5F7F4F129E8D,id=f182464e-c83e-4f22-a06f-1132466c2633
2019-10-11 03:36:53,743 [RatisPipelineUtilsThread] INFO  pipeline.PipelineStateManager (PipelineStateManager.java:addPipeline(56)) - Created pipeline Pipeline[ Id: 79c0262f-b8fc-4915-853e-5f7f4f129e8d, Nodes: f182464e-c83e-4f22-a06f-1132466c2633{ip: 192.168.151.96, host: pr-hdds-2181-p9m8s-78523098, networkLocation: /default-rack, certSerialId: null}, Type:RATIS, Factor:ONE, State:OPEN]
2019-10-11 03:36:53,748 [grpc-default-executor-13] INFO  impl.RaftServerProxy (RaftServerProxy.java:addNew(89)) - 2576ad6b-f584-4776-95e1-7cd0727f3a1c: addNew group-A0D359086315:[2576ad6b-f584-4776-95e1-7cd0727f3a1c:192.168.151.96:40317] returns group-A0D359086315:java.util.concurrent.CompletableFuture@208a6c12[Not completed]
2019-10-11 03:36:53,750 [pool-559-thread-1] INFO  impl.RaftServerImpl (RaftServerImpl.java:<init>(95)) - 2576ad6b-f584-4776-95e1-7cd0727f3a1c: new RaftServerImpl for group-A0D359086315:[2576ad6b-f584-4776-95e1-7cd0727f3a1c:192.168.151.96:40317] with ContainerStateMachine:uninitialized
2019-10-11 03:36:53,750 [pool-559-thread-1] INFO  server.RaftServerConfigKeys (ConfUtils.java:logGet(43)) - raft.server.rpc.timeout.min = 5s (custom)
2019-10-11 03:36:53,750 [pool-559-thread-1] INFO  server.RaftServerConfigKeys (ConfUtils.java:logGet(43)) - raft.server.rpc.timeout.max = 5200ms (custom)
2019-10-11 03:36:53,750 [pool-559-thread-1] INFO  server.RaftServerConfigKeys (ConfUtils.java:logGet(43)) - raft.server.rpcslowness.timeout = 120s (custom)
2019-10-11 03:36:53,750 [pool-559-thread-1] INFO  server.RaftServerConfigKeys (ConfUtils.java:logGet(43)) - raft.server.sleep.deviation.threshold = 300 (default)
2019-10-11 03:36:53,750 [pool-559-thread-1] INFO  server.RaftServerConfigKeys (ConfUtils.java:logGet(43)) - raft.server.log.appender.install.snapshot.enabled = false (custom)
2019-10-11 03:36:53,750 [pool-559-thread-1] INFO  impl.RaftServerImpl (ServerState.java:<init>(103)) - 2576ad6b-f584-4776-95e1-7cd0727f3a1c@group-A0D359086315: ConfigurationManager, init=-1: [2576ad6b-f584-4776-95e1-7cd0727f3a1c:192.168.151.96:40317], old=null, confs=<EMPTY_MAP>
2019-10-11 03:36:53,751 [pool-559-thread-1] INFO  server.RaftServerConfigKeys (ConfUtils.java:logGet(43)) - raft.server.storage.dir = [/workdir/hadoop-ozone/integration-test/target/test-dir/MiniOzoneClusterImpl-41393050-cb04-463e-b451-9f8cbcecb76f/datanode-6/data/ratis] (custom)
2019-10-11 03:36:53,751 [pool-559-thread-1] INFO  server.RaftServerConfigKeys (ConfUtils.java:logGet(43)) - raft.server.log.corruption.policy = EXCEPTION (default)
2019-10-11 03:36:53,751 [pool-559-thread-1] INFO  storage.RaftStorageDirectory (RaftStorageDirectory.java:analyzeStorage(246)) - The storage directory /workdir/hadoop-ozone/integration-test/target/test-dir/MiniOzoneClusterImpl-41393050-cb04-463e-b451-9f8cbcecb76f/datanode-6/data/ratis/513322d9-90ed-4424-8ce6-a0d359086315 does not exist. Creating ...
2019-10-11 03:36:53,763 [pool-559-thread-1] INFO  storage.RaftStorageDirectory (RaftStorageDirectory.java:tryLock(328)) - Lock on /workdir/hadoop-ozone/integration-test/target/test-dir/MiniOzoneClusterImpl-41393050-cb04-463e-b451-9f8cbcecb76f/datanode-6/data/ratis/513322d9-90ed-4424-8ce6-a0d359086315/in_use.lock acquired by nodename 30966@pr-hdds-2181-p9m8s-78523098
2019-10-11 03:36:53,777 [pool-559-thread-1] INFO  storage.RaftStorage (RaftStorage.java:format(84)) - Storage directory /workdir/hadoop-ozone/integration-test/target/test-dir/MiniOzoneClusterImpl-41393050-cb04-463e-b451-9f8cbcecb76f/datanode-6/data/ratis/513322d9-90ed-4424-8ce6-a0d359086315 has been successfully formatted.
2019-10-11 03:36:53,777 [pool-559-thread-1] INFO  ratis.ContainerStateMachine (ContainerStateMachine.java:loadSnapshot(231)) - group-A0D359086315: The snapshot info is null. Setting the last applied indexto:(t:0, i:~)
2019-10-11 03:36:53,777 [pool-559-thread-1] INFO  server.RaftServerConfigKeys (ConfUtils.java:logGet(43)) - raft.server.notification.no-leader.timeout = 120s (custom)
2019-10-11 03:36:53,777 [pool-559-thread-1] INFO  server.RaftServerConfigKeys (ConfUtils.java:logGet(43)) - raft.server.log.use.memory = false (default)
2019-10-11 03:36:53,777 [pool-559-thread-1] INFO  server.RaftServerConfigKeys (ConfUtils.java:logGet(43)) - raft.server.log.purge.gap = 1000000 (custom)
2019-10-11 03:36:53,778 [pool-559-thread-1] INFO  server.RaftServerConfigKeys (ConfUtils.java:logGet(43)) - raft.server.log.appender.buffer.byte-limit = 33554432 (custom)
2019-10-11 03:36:53,778 [pool-559-thread-1] INFO  server.RaftServerConfigKeys (ConfUtils.java:logGet(43)) - raft.server.log.segment.size.max = 1048576 (custom)
2019-10-11 03:36:53,779 [pool-559-thread-1] INFO  server.RaftServerConfigKeys (ConfUtils.java:logGet(43)) - raft.server.log.segment.cache.num.max = 2 (custom)
2019-10-11 03:36:53,779 [pool-559-thread-1] INFO  segmented.SegmentedRaftLogWorker (SegmentedRaftLogWorker.java:<init>(173)) - new 2576ad6b-f584-4776-95e1-7cd0727f3a1c@group-A0D359086315-SegmentedRaftLogWorker for RaftStorage:Storage Directory /workdir/hadoop-ozone/integration-test/target/test-dir/MiniOzoneClusterImpl-41393050-cb04-463e-b451-9f8cbcecb76f/datanode-6/data/ratis/513322d9-90ed-4424-8ce6-a0d359086315
2019-10-11 03:36:53,780 [pool-559-thread-1] INFO  server.RaftServerConfigKeys (ConfUtils.java:logGet(43)) - raft.server.log.queue.byte-limit = 2147483647 (custom)
2019-10-11 03:36:53,780 [pool-559-thread-1] INFO  server.RaftServerConfigKeys (ConfUtils.java:logGet(43)) - raft.server.log.queue.element-limit = 1024 (custom)
2019-10-11 03:36:53,780 [pool-559-thread-1] INFO  server.RaftServerConfigKeys (ConfUtils.java:logGet(43)) - raft.server.log.segment.size.max = 1048576 (custom)
2019-10-11 03:36:53,780 [pool-559-thread-1] INFO  server.RaftServerConfigKeys (ConfUtils.java:logGet(43)) - raft.server.log.preallocated.size = 16384 (custom)
2019-10-11 03:36:53,780 [pool-559-thread-1] INFO  server.RaftServerConfigKeys (ConfUtils.java:logGet(43)) - raft.server.log.write.buffer.size = 33554432 (custom)
2019-10-11 03:36:53,780 [pool-559-thread-1] INFO  server.RaftServerConfigKeys (ConfUtils.java:logGet(43)) - raft.server.log.force.sync.num = 128 (default)
2019-10-11 03:36:53,780 [pool-559-thread-1] INFO  server.RaftServerConfigKeys (ConfUtils.java:logGet(43)) - raft.server.log.statemachine.data.sync = true (default)
2019-10-11 03:36:53,781 [pool-559-thread-1] INFO  server.RaftServerConfigKeys (ConfUtils.java:logGet(43)) - raft.server.log.statemachine.data.sync.timeout = 10s (default)
2019-10-11 03:36:53,781 [pool-559-thread-1] INFO  server.RaftServerConfigKeys (ConfUtils.java:logGet(43)) - raft.server.log.statemachine.data.sync.timeout.retry = -1 (default)
2019-10-11 03:36:53,781 [pool-559-thread-1] INFO  server.RaftServerConfigKeys (ConfUtils.java:logGet(43)) - raft.server.log.statemachine.data.caching.enabled = true (custom)
2019-10-11 03:36:53,781 [pool-559-thread-1] INFO  segmented.SegmentedRaftLogWorker (SegmentedRaftLogWorker.java:lambda$new$0(128)) - 2576ad6b-f584-4776-95e1-7cd0727f3a1c@group-A0D359086315-SegmentedRaftLogWorker: flushIndex: setUnconditionally 0 -> -1
2019-10-11 03:36:53,781 [pool-559-thread-1] INFO  server.RaftServerConfigKeys (ConfUtils.java:logGet(43)) - raft.server.snapshot.auto.trigger.enabled = true (custom)
2019-10-11 03:36:53,782 [pool-559-thread-1] INFO  server.RaftServerConfigKeys (ConfUtils.java:logGet(43)) - raft.server.snapshot.auto.trigger.threshold = 10000 (custom)
2019-10-11 03:36:53,782 [pool-559-thread-1] INFO  server.RaftServerConfigKeys (ConfUtils.java:logGet(43)) - raft.server.snapshot.retention.file.num = 5 (custom)
2019-10-11 03:36:53,782 [pool-559-thread-1] INFO  server.RaftServerConfigKeys (ConfUtils.java:logGet(43)) - raft.server.retrycache.expirytime = 600000ms (custom)
2019-10-11 03:36:53,783 [pool-559-thread-1] INFO  impl.RaftServerImpl (RaftServerImpl.java:start(181)) - 2576ad6b-f584-4776-95e1-7cd0727f3a1c@group-A0D359086315: start as a follower, conf=-1: [2576ad6b-f584-4776-95e1-7cd0727f3a1c:192.168.151.96:40317], old=null
2019-10-11 03:36:53,783 [pool-559-thread-1] INFO  impl.RaftServerImpl (RaftServerImpl.java:setRole(170)) - 2576ad6b-f584-4776-95e1-7cd0727f3a1c@group-A0D359086315: changes role from      null to FOLLOWER at term 0 for startAsFollower
2019-10-11 03:36:53,783 [pool-559-thread-1] INFO  impl.RoleInfo (RoleInfo.java:updateAndGet(143)) - 2576ad6b-f584-4776-95e1-7cd0727f3a1c: start FollowerState
2019-10-11 03:36:53,784 [pool-559-thread-1] INFO  util.JmxRegister (JmxRegister.java:tryRegister(44)) - Successfully registered JMX Bean with object name Ratis:service=RaftServer,group=group-A0D359086315,id=2576ad6b-f584-4776-95e1-7cd0727f3a1c
2019-10-11 03:36:53,787 [RatisPipelineUtilsThread] INFO  pipeline.PipelineStateManager (PipelineStateManager.java:addPipeline(56)) - Created pipeline Pipeline[ Id: 513322d9-90ed-4424-8ce6-a0d359086315, Nodes: 2576ad6b-f584-4776-95e1-7cd0727f3a1c{ip: 192.168.151.96, host: pr-hdds-2181-p9m8s-78523098, networkLocation: /default-rack, certSerialId: null}, Type:RATIS, Factor:ONE, State:OPEN]
2019-10-11 03:36:53,796 [grpc-default-executor-13] INFO  impl.RaftServerProxy (RaftServerProxy.java:addNew(89)) - f182464e-c83e-4f22-a06f-1132466c2633: addNew group-5B5FE269C201:[03e4f594-86c7-4fac-9da8-d4dc1efdb82f:192.168.151.96:43957, f182464e-c83e-4f22-a06f-1132466c2633:192.168.151.96:34571, 6afc402c-563e-4dae-8086-9d1ee961591d:192.168.151.96:46033] returns group-5B5FE269C201:java.util.concurrent.CompletableFuture@3b4a1986[Not completed]
2019-10-11 03:36:53,798 [grpc-default-executor-3] INFO  impl.RaftServerProxy (RaftServerProxy.java:addNew(89)) - 6afc402c-563e-4dae-8086-9d1ee961591d: addNew group-5B5FE269C201:[03e4f594-86c7-4fac-9da8-d4dc1efdb82f:192.168.151.96:43957, f182464e-c83e-4f22-a06f-1132466c2633:192.168.151.96:34571, 6afc402c-563e-4dae-8086-9d1ee961591d:192.168.151.96:46033] returns group-5B5FE269C201:java.util.concurrent.CompletableFuture@20f0f2dd[Not completed]
2019-10-11 03:36:53,799 [pool-549-thread-1] INFO  impl.RaftServerImpl (RaftServerImpl.java:<init>(95)) - f182464e-c83e-4f22-a06f-1132466c2633: new RaftServerImpl for group-5B5FE269C201:[03e4f594-86c7-4fac-9da8-d4dc1efdb82f:192.168.151.96:43957, f182464e-c83e-4f22-a06f-1132466c2633:192.168.151.96:34571, 6afc402c-563e-4dae-8086-9d1ee961591d:192.168.151.96:46033] with ContainerStateMachine:uninitialized
2019-10-11 03:36:53,801 [grpc-default-executor-3] INFO  impl.RaftServerProxy (RaftServerProxy.java:addNew(89)) - 03e4f594-86c7-4fac-9da8-d4dc1efdb82f: addNew group-5B5FE269C201:[03e4f594-86c7-4fac-9da8-d4dc1efdb82f:192.168.151.96:43957, f182464e-c83e-4f22-a06f-1132466c2633:192.168.151.96:34571, 6afc402c-563e-4dae-8086-9d1ee961591d:192.168.151.96:46033] returns group-5B5FE269C201:java.util.concurrent.CompletableFuture@5575e6a[Not completed]
2019-10-11 03:36:53,801 [pool-549-thread-1] INFO  server.RaftServerConfigKeys (ConfUtils.java:logGet(43)) - raft.server.rpc.timeout.min = 5s (custom)
2019-10-11 03:36:53,801 [pool-549-thread-1] INFO  server.RaftServerConfigKeys (ConfUtils.java:logGet(43)) - raft.server.rpc.timeout.max = 5200ms (custom)
2019-10-11 03:36:53,801 [pool-549-thread-1] INFO  server.RaftServerConfigKeys (ConfUtils.java:logGet(43)) - raft.server.rpcslowness.timeout = 120s (custom)
2019-10-11 03:36:53,801 [pool-549-thread-1] INFO  server.RaftServerConfigKeys (ConfUtils.java:logGet(43)) - raft.server.sleep.deviation.threshold = 300 (default)
2019-10-11 03:36:53,801 [pool-549-thread-1] INFO  server.RaftServerConfigKeys (ConfUtils.java:logGet(43)) - raft.server.log.appender.install.snapshot.enabled = false (custom)
2019-10-11 03:36:53,801 [pool-549-thread-1] INFO  impl.RaftServerImpl (ServerState.java:<init>(103)) - f182464e-c83e-4f22-a06f-1132466c2633@group-5B5FE269C201: ConfigurationManager, init=-1: [03e4f594-86c7-4fac-9da8-d4dc1efdb82f:192.168.151.96:43957, f182464e-c83e-4f22-a06f-1132466c2633:192.168.151.96:34571, 6afc402c-563e-4dae-8086-9d1ee961591d:192.168.151.96:46033], old=null, confs=<EMPTY_MAP>
2019-10-11 03:36:53,802 [pool-529-thread-1] INFO  impl.RaftServerImpl (RaftServerImpl.java:<init>(95)) - 6afc402c-563e-4dae-8086-9d1ee961591d: new RaftServerImpl for group-5B5FE269C201:[03e4f594-86c7-4fac-9da8-d4dc1efdb82f:192.168.151.96:43957, f182464e-c83e-4f22-a06f-1132466c2633:192.168.151.96:34571, 6afc402c-563e-4dae-8086-9d1ee961591d:192.168.151.96:46033] with ContainerStateMachine:uninitialized
2019-10-11 03:36:53,802 [pool-549-thread-1] INFO  server.RaftServerConfigKeys (ConfUtils.java:logGet(43)) - raft.server.storage.dir = [/workdir/hadoop-ozone/integration-test/target/test-dir/MiniOzoneClusterImpl-41393050-cb04-463e-b451-9f8cbcecb76f/datanode-5/data/ratis] (custom)
2019-10-11 03:36:53,802 [pool-529-thread-1] INFO  server.RaftServerConfigKeys (ConfUtils.java:logGet(43)) - raft.server.rpc.timeout.min = 5s (custom)
2019-10-11 03:36:53,802 [pool-549-thread-1] INFO  server.RaftServerConfigKeys (ConfUtils.java:logGet(43)) - raft.server.log.corruption.policy = EXCEPTION (default)
2019-10-11 03:36:53,802 [pool-529-thread-1] INFO  server.RaftServerConfigKeys (ConfUtils.java:logGet(43)) - raft.server.rpc.timeout.max = 5200ms (custom)
2019-10-11 03:36:53,802 [pool-549-thread-1] INFO  storage.RaftStorageDirectory (RaftStorageDirectory.java:analyzeStorage(246)) - The storage directory /workdir/hadoop-ozone/integration-test/target/test-dir/MiniOzoneClusterImpl-41393050-cb04-463e-b451-9f8cbcecb76f/datanode-5/data/ratis/345cd870-79ed-473f-87e2-5b5fe269c201 does not exist. Creating ...
2019-10-11 03:36:53,802 [pool-539-thread-1] INFO  impl.RaftServerImpl (RaftServerImpl.java:<init>(95)) - 03e4f594-86c7-4fac-9da8-d4dc1efdb82f: new RaftServerImpl for group-5B5FE269C201:[03e4f594-86c7-4fac-9da8-d4dc1efdb82f:192.168.151.96:43957, f182464e-c83e-4f22-a06f-1132466c2633:192.168.151.96:34571, 6afc402c-563e-4dae-8086-9d1ee961591d:192.168.151.96:46033] with ContainerStateMachine:uninitialized
2019-10-11 03:36:53,802 [pool-529-thread-1] INFO  server.RaftServerConfigKeys (ConfUtils.java:logGet(43)) - raft.server.rpcslowness.timeout = 120s (custom)
2019-10-11 03:36:53,802 [pool-539-thread-1] INFO  server.RaftServerConfigKeys (ConfUtils.java:logGet(43)) - raft.server.rpc.timeout.min = 5s (custom)
2019-10-11 03:36:53,803 [pool-529-thread-1] INFO  server.RaftServerConfigKeys (ConfUtils.java:logGet(43)) - raft.server.sleep.deviation.threshold = 300 (default)
2019-10-11 03:36:53,803 [pool-539-thread-1] INFO  server.RaftServerConfigKeys (ConfUtils.java:logGet(43)) - raft.server.rpc.timeout.max = 5200ms (custom)
2019-10-11 03:36:53,803 [pool-529-thread-1] INFO  server.RaftServerConfigKeys (ConfUtils.java:logGet(43)) - raft.server.log.appender.install.snapshot.enabled = false (custom)
2019-10-11 03:36:53,803 [pool-539-thread-1] INFO  server.RaftServerConfigKeys (ConfUtils.java:logGet(43)) - raft.server.rpcslowness.timeout = 120s (custom)
2019-10-11 03:36:53,803 [pool-529-thread-1] INFO  impl.RaftServerImpl (ServerState.java:<init>(103)) - 6afc402c-563e-4dae-8086-9d1ee961591d@group-5B5FE269C201: ConfigurationManager, init=-1: [03e4f594-86c7-4fac-9da8-d4dc1efdb82f:192.168.151.96:43957, f182464e-c83e-4f22-a06f-1132466c2633:192.168.151.96:34571, 6afc402c-563e-4dae-8086-9d1ee961591d:192.168.151.96:46033], old=null, confs=<EMPTY_MAP>
2019-10-11 03:36:53,803 [pool-539-thread-1] INFO  server.RaftServerConfigKeys (ConfUtils.java:logGet(43)) - raft.server.sleep.deviation.threshold = 300 (default)
2019-10-11 03:36:53,803 [pool-529-thread-1] INFO  server.RaftServerConfigKeys (ConfUtils.java:logGet(43)) - raft.server.storage.dir = [/workdir/hadoop-ozone/integration-test/target/test-dir/MiniOzoneClusterImpl-41393050-cb04-463e-b451-9f8cbcecb76f/datanode-3/data/ratis] (custom)
2019-10-11 03:36:53,803 [pool-539-thread-1] INFO  server.RaftServerConfigKeys (ConfUtils.java:logGet(43)) - raft.server.log.appender.install.snapshot.enabled = false (custom)
2019-10-11 03:36:53,804 [pool-539-thread-1] INFO  impl.RaftServerImpl (ServerState.java:<init>(103)) - 03e4f594-86c7-4fac-9da8-d4dc1efdb82f@group-5B5FE269C201: ConfigurationManager, init=-1: [03e4f594-86c7-4fac-9da8-d4dc1efdb82f:192.168.151.96:43957, f182464e-c83e-4f22-a06f-1132466c2633:192.168.151.96:34571, 6afc402c-563e-4dae-8086-9d1ee961591d:192.168.151.96:46033], old=null, confs=<EMPTY_MAP>
2019-10-11 03:36:53,804 [pool-529-thread-1] INFO  server.RaftServerConfigKeys (ConfUtils.java:logGet(43)) - raft.server.log.corruption.policy = EXCEPTION (default)
2019-10-11 03:36:53,804 [pool-539-thread-1] INFO  server.RaftServerConfigKeys (ConfUtils.java:logGet(43)) - raft.server.storage.dir = [/workdir/hadoop-ozone/integration-test/target/test-dir/MiniOzoneClusterImpl-41393050-cb04-463e-b451-9f8cbcecb76f/datanode-4/data/ratis] (custom)
2019-10-11 03:36:53,804 [pool-529-thread-1] INFO  storage.RaftStorageDirectory (RaftStorageDirectory.java:analyzeStorage(246)) - The storage directory /workdir/hadoop-ozone/integration-test/target/test-dir/MiniOzoneClusterImpl-41393050-cb04-463e-b451-9f8cbcecb76f/datanode-3/data/ratis/345cd870-79ed-473f-87e2-5b5fe269c201 does not exist. Creating ...
2019-10-11 03:36:53,804 [pool-539-thread-1] INFO  server.RaftServerConfigKeys (ConfUtils.java:logGet(43)) - raft.server.log.corruption.policy = EXCEPTION (default)
2019-10-11 03:36:53,804 [pool-539-thread-1] INFO  storage.RaftStorageDirectory (RaftStorageDirectory.java:analyzeStorage(246)) - The storage directory /workdir/hadoop-ozone/integration-test/target/test-dir/MiniOzoneClusterImpl-41393050-cb04-463e-b451-9f8cbcecb76f/datanode-4/data/ratis/345cd870-79ed-473f-87e2-5b5fe269c201 does not exist. Creating ...
2019-10-11 03:36:53,816 [pool-549-thread-1] INFO  storage.RaftStorageDirectory (RaftStorageDirectory.java:tryLock(328)) - Lock on /workdir/hadoop-ozone/integration-test/target/test-dir/MiniOzoneClusterImpl-41393050-cb04-463e-b451-9f8cbcecb76f/datanode-5/data/ratis/345cd870-79ed-473f-87e2-5b5fe269c201/in_use.lock acquired by nodename 30966@pr-hdds-2181-p9m8s-78523098
2019-10-11 03:36:53,816 [pool-539-thread-1] INFO  storage.RaftStorageDirectory (RaftStorageDirectory.java:tryLock(328)) - Lock on /workdir/hadoop-ozone/integration-test/target/test-dir/MiniOzoneClusterImpl-41393050-cb04-463e-b451-9f8cbcecb76f/datanode-4/data/ratis/345cd870-79ed-473f-87e2-5b5fe269c201/in_use.lock acquired by nodename 30966@pr-hdds-2181-p9m8s-78523098
2019-10-11 03:36:53,816 [pool-529-thread-1] INFO  storage.RaftStorageDirectory (RaftStorageDirectory.java:tryLock(328)) - Lock on /workdir/hadoop-ozone/integration-test/target/test-dir/MiniOzoneClusterImpl-41393050-cb04-463e-b451-9f8cbcecb76f/datanode-3/data/ratis/345cd870-79ed-473f-87e2-5b5fe269c201/in_use.lock acquired by nodename 30966@pr-hdds-2181-p9m8s-78523098
2019-10-11 03:36:53,838 [pool-529-thread-1] INFO  storage.RaftStorage (RaftStorage.java:format(84)) - Storage directory /workdir/hadoop-ozone/integration-test/target/test-dir/MiniOzoneClusterImpl-41393050-cb04-463e-b451-9f8cbcecb76f/datanode-3/data/ratis/345cd870-79ed-473f-87e2-5b5fe269c201 has been successfully formatted.
2019-10-11 03:36:53,838 [pool-539-thread-1] INFO  storage.RaftStorage (RaftStorage.java:format(84)) - Storage directory /workdir/hadoop-ozone/integration-test/target/test-dir/MiniOzoneClusterImpl-41393050-cb04-463e-b451-9f8cbcecb76f/datanode-4/data/ratis/345cd870-79ed-473f-87e2-5b5fe269c201 has been successfully formatted.
2019-10-11 03:36:53,838 [pool-549-thread-1] INFO  storage.RaftStorage (RaftStorage.java:format(84)) - Storage directory /workdir/hadoop-ozone/integration-test/target/test-dir/MiniOzoneClusterImpl-41393050-cb04-463e-b451-9f8cbcecb76f/datanode-5/data/ratis/345cd870-79ed-473f-87e2-5b5fe269c201 has been successfully formatted.
2019-10-11 03:36:53,838 [pool-529-thread-1] INFO  ratis.ContainerStateMachine (ContainerStateMachine.java:loadSnapshot(231)) - group-5B5FE269C201: The snapshot info is null. Setting the last applied indexto:(t:0, i:~)
2019-10-11 03:36:53,839 [pool-549-thread-1] INFO  ratis.ContainerStateMachine (ContainerStateMachine.java:loadSnapshot(231)) - group-5B5FE269C201: The snapshot info is null. Setting the last applied indexto:(t:0, i:~)
2019-10-11 03:36:53,839 [pool-539-thread-1] INFO  ratis.ContainerStateMachine (ContainerStateMachine.java:loadSnapshot(231)) - group-5B5FE269C201: The snapshot info is null. Setting the last applied indexto:(t:0, i:~)
2019-10-11 03:36:53,839 [pool-549-thread-1] INFO  server.RaftServerConfigKeys (ConfUtils.java:logGet(43)) - raft.server.notification.no-leader.timeout = 120s (custom)
2019-10-11 03:36:53,839 [pool-529-thread-1] INFO  server.RaftServerConfigKeys (ConfUtils.java:logGet(43)) - raft.server.notification.no-leader.timeout = 120s (custom)
2019-10-11 03:36:53,839 [pool-549-thread-1] INFO  server.RaftServerConfigKeys (ConfUtils.java:logGet(43)) - raft.server.log.use.memory = false (default)
2019-10-11 03:36:53,839 [pool-539-thread-1] INFO  server.RaftServerConfigKeys (ConfUtils.java:logGet(43)) - raft.server.notification.no-leader.timeout = 120s (custom)
2019-10-11 03:36:53,839 [pool-549-thread-1] INFO  server.RaftServerConfigKeys (ConfUtils.java:logGet(43)) - raft.server.log.purge.gap = 1000000 (custom)
2019-10-11 03:36:53,839 [pool-529-thread-1] INFO  server.RaftServerConfigKeys (ConfUtils.java:logGet(43)) - raft.server.log.use.memory = false (default)
2019-10-11 03:36:53,840 [pool-549-thread-1] INFO  server.RaftServerConfigKeys (ConfUtils.java:logGet(43)) - raft.server.log.appender.buffer.byte-limit = 33554432 (custom)
2019-10-11 03:36:53,839 [pool-539-thread-1] INFO  server.RaftServerConfigKeys (ConfUtils.java:logGet(43)) - raft.server.log.use.memory = false (default)
2019-10-11 03:36:53,840 [pool-549-thread-1] INFO  server.RaftServerConfigKeys (ConfUtils.java:logGet(43)) - raft.server.log.segment.size.max = 1048576 (custom)
2019-10-11 03:36:53,840 [pool-529-thread-1] INFO  server.RaftServerConfigKeys (ConfUtils.java:logGet(43)) - raft.server.log.purge.gap = 1000000 (custom)
2019-10-11 03:36:53,840 [pool-549-thread-1] INFO  server.RaftServerConfigKeys (ConfUtils.java:logGet(43)) - raft.server.log.segment.cache.num.max = 2 (custom)
2019-10-11 03:36:53,840 [pool-539-thread-1] INFO  server.RaftServerConfigKeys (ConfUtils.java:logGet(43)) - raft.server.log.purge.gap = 1000000 (custom)
2019-10-11 03:36:53,840 [pool-549-thread-1] INFO  segmented.SegmentedRaftLogWorker (SegmentedRaftLogWorker.java:<init>(173)) - new f182464e-c83e-4f22-a06f-1132466c2633@group-5B5FE269C201-SegmentedRaftLogWorker for RaftStorage:Storage Directory /workdir/hadoop-ozone/integration-test/target/test-dir/MiniOzoneClusterImpl-41393050-cb04-463e-b451-9f8cbcecb76f/datanode-5/data/ratis/345cd870-79ed-473f-87e2-5b5fe269c201
2019-10-11 03:36:53,840 [pool-529-thread-1] INFO  server.RaftServerConfigKeys (ConfUtils.java:logGet(43)) - raft.server.log.appender.buffer.byte-limit = 33554432 (custom)
2019-10-11 03:36:53,841 [pool-549-thread-1] INFO  server.RaftServerConfigKeys (ConfUtils.java:logGet(43)) - raft.server.log.queue.byte-limit = 2147483647 (custom)
2019-10-11 03:36:53,841 [pool-539-thread-1] INFO  server.RaftServerConfigKeys (ConfUtils.java:logGet(43)) - raft.server.log.appender.buffer.byte-limit = 33554432 (custom)
2019-10-11 03:36:53,841 [pool-549-thread-1] INFO  server.RaftServerConfigKeys (ConfUtils.java:logGet(43)) - raft.server.log.queue.element-limit = 1024 (custom)
2019-10-11 03:36:53,841 [pool-529-thread-1] INFO  server.RaftServerConfigKeys (ConfUtils.java:logGet(43)) - raft.server.log.segment.size.max = 1048576 (custom)
2019-10-11 03:36:53,841 [pool-549-thread-1] INFO  server.RaftServerConfigKeys (ConfUtils.java:logGet(43)) - raft.server.log.segment.size.max = 1048576 (custom)
2019-10-11 03:36:53,841 [pool-539-thread-1] INFO  server.RaftServerConfigKeys (ConfUtils.java:logGet(43)) - raft.server.log.segment.size.max = 1048576 (custom)
2019-10-11 03:36:53,841 [pool-549-thread-1] INFO  server.RaftServerConfigKeys (ConfUtils.java:logGet(43)) - raft.server.log.preallocated.size = 16384 (custom)
2019-10-11 03:36:53,842 [pool-549-thread-1] INFO  server.RaftServerConfigKeys (ConfUtils.java:logGet(43)) - raft.server.log.write.buffer.size = 33554432 (custom)
2019-10-11 03:36:53,841 [pool-529-thread-1] INFO  server.RaftServerConfigKeys (ConfUtils.java:logGet(43)) - raft.server.log.segment.cache.num.max = 2 (custom)
2019-10-11 03:36:53,842 [pool-549-thread-1] INFO  server.RaftServerConfigKeys (ConfUtils.java:logGet(43)) - raft.server.log.force.sync.num = 128 (default)
2019-10-11 03:36:53,841 [pool-539-thread-1] INFO  server.RaftServerConfigKeys (ConfUtils.java:logGet(43)) - raft.server.log.segment.cache.num.max = 2 (custom)
2019-10-11 03:36:53,842 [pool-549-thread-1] INFO  server.RaftServerConfigKeys (ConfUtils.java:logGet(43)) - raft.server.log.statemachine.data.sync = true (default)
2019-10-11 03:36:53,842 [pool-549-thread-1] INFO  server.RaftServerConfigKeys (ConfUtils.java:logGet(43)) - raft.server.log.statemachine.data.sync.timeout = 10s (default)
2019-10-11 03:36:53,842 [pool-529-thread-1] INFO  segmented.SegmentedRaftLogWorker (SegmentedRaftLogWorker.java:<init>(173)) - new 6afc402c-563e-4dae-8086-9d1ee961591d@group-5B5FE269C201-SegmentedRaftLogWorker for RaftStorage:Storage Directory /workdir/hadoop-ozone/integration-test/target/test-dir/MiniOzoneClusterImpl-41393050-cb04-463e-b451-9f8cbcecb76f/datanode-3/data/ratis/345cd870-79ed-473f-87e2-5b5fe269c201
2019-10-11 03:36:53,842 [pool-549-thread-1] INFO  server.RaftServerConfigKeys (ConfUtils.java:logGet(43)) - raft.server.log.statemachine.data.sync.timeout.retry = -1 (default)
2019-10-11 03:36:53,842 [pool-539-thread-1] INFO  segmented.SegmentedRaftLogWorker (SegmentedRaftLogWorker.java:<init>(173)) - new 03e4f594-86c7-4fac-9da8-d4dc1efdb82f@group-5B5FE269C201-SegmentedRaftLogWorker for RaftStorage:Storage Directory /workdir/hadoop-ozone/integration-test/target/test-dir/MiniOzoneClusterImpl-41393050-cb04-463e-b451-9f8cbcecb76f/datanode-4/data/ratis/345cd870-79ed-473f-87e2-5b5fe269c201
2019-10-11 03:36:53,843 [pool-549-thread-1] INFO  server.RaftServerConfigKeys (ConfUtils.java:logGet(43)) - raft.server.log.statemachine.data.caching.enabled = true (custom)
2019-10-11 03:36:53,842 [pool-529-thread-1] INFO  server.RaftServerConfigKeys (ConfUtils.java:logGet(43)) - raft.server.log.queue.byte-limit = 2147483647 (custom)
2019-10-11 03:36:53,843 [pool-539-thread-1] INFO  server.RaftServerConfigKeys (ConfUtils.java:logGet(43)) - raft.server.log.queue.byte-limit = 2147483647 (custom)
2019-10-11 03:36:53,843 [pool-549-thread-1] INFO  segmented.SegmentedRaftLogWorker (SegmentedRaftLogWorker.java:lambda$new$0(128)) - f182464e-c83e-4f22-a06f-1132466c2633@group-5B5FE269C201-SegmentedRaftLogWorker: flushIndex: setUnconditionally 0 -> -1
2019-10-11 03:36:53,843 [pool-529-thread-1] INFO  server.RaftServerConfigKeys (ConfUtils.java:logGet(43)) - raft.server.log.queue.element-limit = 1024 (custom)
2019-10-11 03:36:53,843 [pool-539-thread-1] INFO  server.RaftServerConfigKeys (ConfUtils.java:logGet(43)) - raft.server.log.queue.element-limit = 1024 (custom)
2019-10-11 03:36:53,843 [pool-529-thread-1] INFO  server.RaftServerConfigKeys (ConfUtils.java:logGet(43)) - raft.server.log.segment.size.max = 1048576 (custom)
2019-10-11 03:36:53,843 [pool-539-thread-1] INFO  server.RaftServerConfigKeys (ConfUtils.java:logGet(43)) - raft.server.log.segment.size.max = 1048576 (custom)
2019-10-11 03:36:53,843 [pool-549-thread-1] INFO  server.RaftServerConfigKeys (ConfUtils.java:logGet(43)) - raft.server.snapshot.auto.trigger.enabled = true (custom)
2019-10-11 03:36:53,843 [pool-539-thread-1] INFO  server.RaftServerConfigKeys (ConfUtils.java:logGet(43)) - raft.server.log.preallocated.size = 16384 (custom)
2019-10-11 03:36:53,843 [pool-529-thread-1] INFO  server.RaftServerConfigKeys (ConfUtils.java:logGet(43)) - raft.server.log.preallocated.size = 16384 (custom)
2019-10-11 03:36:53,844 [pool-539-thread-1] INFO  server.RaftServerConfigKeys (ConfUtils.java:logGet(43)) - raft.server.log.write.buffer.size = 33554432 (custom)
2019-10-11 03:36:53,843 [pool-549-thread-1] INFO  server.RaftServerConfigKeys (ConfUtils.java:logGet(43)) - raft.server.snapshot.auto.trigger.threshold = 10000 (custom)
2019-10-11 03:36:53,844 [pool-539-thread-1] INFO  server.RaftServerConfigKeys (ConfUtils.java:logGet(43)) - raft.server.log.force.sync.num = 128 (default)
2019-10-11 03:36:53,844 [pool-529-thread-1] INFO  server.RaftServerConfigKeys (ConfUtils.java:logGet(43)) - raft.server.log.write.buffer.size = 33554432 (custom)
2019-10-11 03:36:53,844 [pool-539-thread-1] INFO  server.RaftServerConfigKeys (ConfUtils.java:logGet(43)) - raft.server.log.statemachine.data.sync = true (default)
2019-10-11 03:36:53,844 [pool-549-thread-1] INFO  server.RaftServerConfigKeys (ConfUtils.java:logGet(43)) - raft.server.snapshot.retention.file.num = 5 (custom)
2019-10-11 03:36:53,844 [pool-539-thread-1] INFO  server.RaftServerConfigKeys (ConfUtils.java:logGet(43)) - raft.server.log.statemachine.data.sync.timeout = 10s (default)
2019-10-11 03:36:53,844 [pool-529-thread-1] INFO  server.RaftServerConfigKeys (ConfUtils.java:logGet(43)) - raft.server.log.force.sync.num = 128 (default)
2019-10-11 03:36:53,844 [pool-539-thread-1] INFO  server.RaftServerConfigKeys (ConfUtils.java:logGet(43)) - raft.server.log.statemachine.data.sync.timeout.retry = -1 (default)
2019-10-11 03:36:53,844 [pool-549-thread-1] INFO  server.RaftServerConfigKeys (ConfUtils.java:logGet(43)) - raft.server.retrycache.expirytime = 600000ms (custom)
2019-10-11 03:36:53,845 [pool-539-thread-1] INFO  server.RaftServerConfigKeys (ConfUtils.java:logGet(43)) - raft.server.log.statemachine.data.caching.enabled = true (custom)
2019-10-11 03:36:53,845 [pool-529-thread-1] INFO  server.RaftServerConfigKeys (ConfUtils.java:logGet(43)) - raft.server.log.statemachine.data.sync = true (default)
2019-10-11 03:36:53,845 [pool-529-thread-1] INFO  server.RaftServerConfigKeys (ConfUtils.java:logGet(43)) - raft.server.log.statemachine.data.sync.timeout = 10s (default)
2019-10-11 03:36:53,845 [pool-529-thread-1] INFO  server.RaftServerConfigKeys (ConfUtils.java:logGet(43)) - raft.server.log.statemachine.data.sync.timeout.retry = -1 (default)
2019-10-11 03:36:53,845 [pool-539-thread-1] INFO  segmented.SegmentedRaftLogWorker (SegmentedRaftLogWorker.java:lambda$new$0(128)) - 03e4f594-86c7-4fac-9da8-d4dc1efdb82f@group-5B5FE269C201-SegmentedRaftLogWorker: flushIndex: setUnconditionally 0 -> -1
2019-10-11 03:36:53,845 [pool-529-thread-1] INFO  server.RaftServerConfigKeys (ConfUtils.java:logGet(43)) - raft.server.log.statemachine.data.caching.enabled = true (custom)
2019-10-11 03:36:53,846 [pool-529-thread-1] INFO  segmented.SegmentedRaftLogWorker (SegmentedRaftLogWorker.java:lambda$new$0(128)) - 6afc402c-563e-4dae-8086-9d1ee961591d@group-5B5FE269C201-SegmentedRaftLogWorker: flushIndex: setUnconditionally 0 -> -1
2019-10-11 03:36:53,846 [pool-539-thread-1] INFO  server.RaftServerConfigKeys (ConfUtils.java:logGet(43)) - raft.server.snapshot.auto.trigger.enabled = true (custom)
2019-10-11 03:36:53,846 [pool-529-thread-1] INFO  server.RaftServerConfigKeys (ConfUtils.java:logGet(43)) - raft.server.snapshot.auto.trigger.enabled = true (custom)
2019-10-11 03:36:53,846 [pool-539-thread-1] INFO  server.RaftServerConfigKeys (ConfUtils.java:logGet(43)) - raft.server.snapshot.auto.trigger.threshold = 10000 (custom)
2019-10-11 03:36:53,846 [pool-529-thread-1] INFO  server.RaftServerConfigKeys (ConfUtils.java:logGet(43)) - raft.server.snapshot.auto.trigger.threshold = 10000 (custom)
2019-10-11 03:36:53,846 [pool-539-thread-1] INFO  server.RaftServerConfigKeys (ConfUtils.java:logGet(43)) - raft.server.snapshot.retention.file.num = 5 (custom)
2019-10-11 03:36:53,846 [pool-529-thread-1] INFO  server.RaftServerConfigKeys (ConfUtils.java:logGet(43)) - raft.server.snapshot.retention.file.num = 5 (custom)
2019-10-11 03:36:53,846 [pool-539-thread-1] INFO  server.RaftServerConfigKeys (ConfUtils.java:logGet(43)) - raft.server.retrycache.expirytime = 600000ms (custom)
2019-10-11 03:36:53,846 [pool-549-thread-1] INFO  impl.RaftServerImpl (RaftServerImpl.java:start(181)) - f182464e-c83e-4f22-a06f-1132466c2633@group-5B5FE269C201: start as a follower, conf=-1: [03e4f594-86c7-4fac-9da8-d4dc1efdb82f:192.168.151.96:43957, f182464e-c83e-4f22-a06f-1132466c2633:192.168.151.96:34571, 6afc402c-563e-4dae-8086-9d1ee961591d:192.168.151.96:46033], old=null
2019-10-11 03:36:53,846 [pool-529-thread-1] INFO  server.RaftServerConfigKeys (ConfUtils.java:logGet(43)) - raft.server.retrycache.expirytime = 600000ms (custom)
2019-10-11 03:36:53,847 [pool-549-thread-1] INFO  impl.RaftServerImpl (RaftServerImpl.java:setRole(170)) - f182464e-c83e-4f22-a06f-1132466c2633@group-5B5FE269C201: changes role from      null to FOLLOWER at term 0 for startAsFollower
2019-10-11 03:36:53,847 [pool-549-thread-1] INFO  impl.RoleInfo (RoleInfo.java:updateAndGet(143)) - f182464e-c83e-4f22-a06f-1132466c2633: start FollowerState
2019-10-11 03:36:53,847 [pool-549-thread-1] INFO  util.JmxRegister (JmxRegister.java:tryRegister(44)) - Successfully registered JMX Bean with object name Ratis:service=RaftServer,group=group-5B5FE269C201,id=f182464e-c83e-4f22-a06f-1132466c2633
2019-10-11 03:36:53,850 [pool-539-thread-1] INFO  impl.RaftServerImpl (RaftServerImpl.java:start(181)) - 03e4f594-86c7-4fac-9da8-d4dc1efdb82f@group-5B5FE269C201: start as a follower, conf=-1: [03e4f594-86c7-4fac-9da8-d4dc1efdb82f:192.168.151.96:43957, f182464e-c83e-4f22-a06f-1132466c2633:192.168.151.96:34571, 6afc402c-563e-4dae-8086-9d1ee961591d:192.168.151.96:46033], old=null
2019-10-11 03:36:53,850 [pool-529-thread-1] INFO  impl.RaftServerImpl (RaftServerImpl.java:start(181)) - 6afc402c-563e-4dae-8086-9d1ee961591d@group-5B5FE269C201: start as a follower, conf=-1: [03e4f594-86c7-4fac-9da8-d4dc1efdb82f:192.168.151.96:43957, f182464e-c83e-4f22-a06f-1132466c2633:192.168.151.96:34571, 6afc402c-563e-4dae-8086-9d1ee961591d:192.168.151.96:46033], old=null
2019-10-11 03:36:53,851 [pool-539-thread-1] INFO  impl.RaftServerImpl (RaftServerImpl.java:setRole(170)) - 03e4f594-86c7-4fac-9da8-d4dc1efdb82f@group-5B5FE269C201: changes role from      null to FOLLOWER at term 0 for startAsFollower
2019-10-11 03:36:53,851 [pool-529-thread-1] INFO  impl.RaftServerImpl (RaftServerImpl.java:setRole(170)) - 6afc402c-563e-4dae-8086-9d1ee961591d@group-5B5FE269C201: changes role from      null to FOLLOWER at term 0 for startAsFollower
2019-10-11 03:36:53,851 [pool-539-thread-1] INFO  impl.RoleInfo (RoleInfo.java:updateAndGet(143)) - 03e4f594-86c7-4fac-9da8-d4dc1efdb82f: start FollowerState
2019-10-11 03:36:53,851 [pool-529-thread-1] INFO  impl.RoleInfo (RoleInfo.java:updateAndGet(143)) - 6afc402c-563e-4dae-8086-9d1ee961591d: start FollowerState
2019-10-11 03:36:53,851 [pool-539-thread-1] INFO  util.JmxRegister (JmxRegister.java:tryRegister(44)) - Successfully registered JMX Bean with object name Ratis:service=RaftServer,group=group-5B5FE269C201,id=03e4f594-86c7-4fac-9da8-d4dc1efdb82f
2019-10-11 03:36:53,851 [pool-529-thread-1] INFO  util.JmxRegister (JmxRegister.java:tryRegister(44)) - Successfully registered JMX Bean with object name Ratis:service=RaftServer,group=group-5B5FE269C201,id=6afc402c-563e-4dae-8086-9d1ee961591d
2019-10-11 03:36:53,855 [RatisPipelineUtilsThread] INFO  pipeline.PipelineStateManager (PipelineStateManager.java:addPipeline(56)) - Created pipeline Pipeline[ Id: 345cd870-79ed-473f-87e2-5b5fe269c201, Nodes: f182464e-c83e-4f22-a06f-1132466c2633{ip: 192.168.151.96, host: pr-hdds-2181-p9m8s-78523098, networkLocation: /default-rack, certSerialId: null}6afc402c-563e-4dae-8086-9d1ee961591d{ip: 192.168.151.96, host: pr-hdds-2181-p9m8s-78523098, networkLocation: /default-rack, certSerialId: null}03e4f594-86c7-4fac-9da8-d4dc1efdb82f{ip: 192.168.151.96, host: pr-hdds-2181-p9m8s-78523098, networkLocation: /default-rack, certSerialId: null}, Type:RATIS, Factor:THREE, State:OPEN]
2019-10-11 03:36:54,734 [main] INFO  ozone.MiniOzoneClusterImpl (MiniOzoneClusterImpl.java:lambda$waitForClusterToBeReady$0(147)) - Cluster is ready. Got 7 of 7 DN Heartbeats.
2019-10-11 03:36:54,775 [main] INFO  rpc.RpcClient (RpcClient.java:createVolume(272)) - Creating Volume: testblockoutputstream, with jenkins1000 as owner.
2019-10-11 03:36:54,778 [IPC Server handler 2 on 33992] INFO  volume.OMVolumeCreateRequest (OMVolumeCreateRequest.java:validateAndUpdateCache(193)) - created volume:testblockoutputstream for user:jenkins1000
2019-10-11 03:36:54,803 [main] INFO  rpc.RpcClient (RpcClient.java:createBucket(411)) - Creating Bucket: testblockoutputstream/testblockoutputstream, with Versioning false and Storage Type set to DISK and Encryption set to false 
2019-10-11 03:36:56,343 [Thread-3588] INFO  container.ReplicationManager (ReplicationManager.java:start(162)) - Starting Replication Monitor Thread.
2019-10-11 03:36:56,350 [ReplicationMonitor] INFO  container.ReplicationManager (ReplicationManager.java:run(225)) - Replication Monitor Thread took 1 milliseconds for processing 1 containers.
2019-10-11 03:36:58,400 [Thread-3590] INFO  impl.FollowerState (FollowerState.java:run(108)) - acd3cc76-f45e-4125-acd5-33350e490971@group-381C61BA4980-FollowerState: change to CANDIDATE, lastRpcTime:5007ms, electionTimeout:5007ms
2019-10-11 03:36:58,402 [Thread-3590] INFO  impl.RoleInfo (RoleInfo.java:shutdownFollowerState(121)) - acd3cc76-f45e-4125-acd5-33350e490971: shutdown FollowerState
2019-10-11 03:36:58,402 [Thread-3590] INFO  impl.RaftServerImpl (RaftServerImpl.java:setRole(170)) - acd3cc76-f45e-4125-acd5-33350e490971@group-381C61BA4980: changes role from  FOLLOWER to CANDIDATE at term 0 for changeToCandidate
2019-10-11 03:36:58,402 [Thread-3590] INFO  impl.RoleInfo (RoleInfo.java:updateAndGet(143)) - acd3cc76-f45e-4125-acd5-33350e490971: start LeaderElection
2019-10-11 03:36:58,431 [acd3cc76-f45e-4125-acd5-33350e490971@group-381C61BA4980-LeaderElection89] INFO  impl.LeaderElection (LeaderElection.java:askForVotes(178)) - acd3cc76-f45e-4125-acd5-33350e490971@group-381C61BA4980-LeaderElection89: begin an election at term 1 for -1: [acd3cc76-f45e-4125-acd5-33350e490971:192.168.151.96:34944], old=null
2019-10-11 03:36:58,432 [acd3cc76-f45e-4125-acd5-33350e490971@group-381C61BA4980-LeaderElection89] INFO  impl.RoleInfo (RoleInfo.java:shutdownLeaderElection(134)) - acd3cc76-f45e-4125-acd5-33350e490971: shutdown LeaderElection
2019-10-11 03:36:58,432 [acd3cc76-f45e-4125-acd5-33350e490971@group-381C61BA4980-LeaderElection89] INFO  impl.RaftServerImpl (RaftServerImpl.java:setRole(170)) - acd3cc76-f45e-4125-acd5-33350e490971@group-381C61BA4980: changes role from CANDIDATE to LEADER at term 1 for changeToLeader
2019-10-11 03:36:58,432 [acd3cc76-f45e-4125-acd5-33350e490971@group-381C61BA4980-LeaderElection89] INFO  impl.RaftServerImpl (ServerState.java:setLeader(255)) - acd3cc76-f45e-4125-acd5-33350e490971@group-381C61BA4980: change Leader from null to acd3cc76-f45e-4125-acd5-33350e490971 at term 1 for becomeLeader, leader elected after 5047ms
2019-10-11 03:36:58,432 [acd3cc76-f45e-4125-acd5-33350e490971@group-381C61BA4980-LeaderElection89] INFO  server.RaftServerConfigKeys (ConfUtils.java:logGet(43)) - raft.server.staging.catchup.gap = 1000 (default)
2019-10-11 03:36:58,433 [acd3cc76-f45e-4125-acd5-33350e490971@group-381C61BA4980-LeaderElection89] INFO  server.RaftServerConfigKeys (ConfUtils.java:logGet(43)) - raft.server.rpc.sleep.time = 25ms (default)
2019-10-11 03:36:58,433 [acd3cc76-f45e-4125-acd5-33350e490971@group-381C61BA4980-LeaderElection89] INFO  server.RaftServerConfigKeys (ConfUtils.java:logGet(43)) - raft.server.write.element-limit = 4096 (default)
2019-10-11 03:36:58,433 [acd3cc76-f45e-4125-acd5-33350e490971@group-381C61BA4980-LeaderElection89] INFO  server.RaftServerConfigKeys (ConfUtils.java:logGet(43)) - raft.server.watch.timeout = 10s (default)
2019-10-11 03:36:58,434 [acd3cc76-f45e-4125-acd5-33350e490971@group-381C61BA4980-LeaderElection89] INFO  server.RaftServerConfigKeys (ConfUtils.java:logGet(43)) - raft.server.watch.timeout.denomination = 1s (default)
2019-10-11 03:36:58,434 [acd3cc76-f45e-4125-acd5-33350e490971@group-381C61BA4980-LeaderElection89] INFO  server.RaftServerConfigKeys (ConfUtils.java:logGet(43)) - raft.server.watch.element-limit = 65536 (default)
2019-10-11 03:36:58,438 [acd3cc76-f45e-4125-acd5-33350e490971@group-381C61BA4980-LeaderElection89] INFO  impl.RoleInfo (RoleInfo.java:updateAndGet(143)) - acd3cc76-f45e-4125-acd5-33350e490971: start LeaderState
2019-10-11 03:36:58,439 [acd3cc76-f45e-4125-acd5-33350e490971@group-381C61BA4980-LeaderElection89] INFO  segmented.SegmentedRaftLogWorker (SegmentedRaftLogWorker.java:startLogSegment(385)) - acd3cc76-f45e-4125-acd5-33350e490971@group-381C61BA4980-SegmentedRaftLogWorker: Starting segment from index:0
2019-10-11 03:36:58,440 [acd3cc76-f45e-4125-acd5-33350e490971@group-381C61BA4980-LeaderElection89] INFO  impl.RaftServerImpl (ServerState.java:setRaftConf(356)) - acd3cc76-f45e-4125-acd5-33350e490971@group-381C61BA4980: set configuration 0: [acd3cc76-f45e-4125-acd5-33350e490971:192.168.151.96:34944], old=null at 0
2019-10-11 03:36:58,462 [acd3cc76-f45e-4125-acd5-33350e490971@group-381C61BA4980-SegmentedRaftLogWorker] INFO  segmented.SegmentedRaftLogWorker (SegmentedRaftLogWorker.java:execute(574)) - acd3cc76-f45e-4125-acd5-33350e490971@group-381C61BA4980-SegmentedRaftLogWorker: created new log segment /workdir/hadoop-ozone/integration-test/target/test-dir/MiniOzoneClusterImpl-41393050-cb04-463e-b451-9f8cbcecb76f/datanode-0/data/ratis/7ce76bd7-41d6-4929-a35b-381c61ba4980/current/log_inprogress_0
2019-10-11 03:36:58,515 [Thread-3593] INFO  impl.FollowerState (FollowerState.java:run(108)) - bfe1fb00-2040-48fe-b8b4-ec0722208c64@group-BEC28BF7F3FF-FollowerState: change to CANDIDATE, lastRpcTime:5052ms, electionTimeout:5052ms
2019-10-11 03:36:58,515 [Thread-3593] INFO  impl.RoleInfo (RoleInfo.java:shutdownFollowerState(121)) - bfe1fb00-2040-48fe-b8b4-ec0722208c64: shutdown FollowerState
2019-10-11 03:36:58,515 [Thread-3593] INFO  impl.RaftServerImpl (RaftServerImpl.java:setRole(170)) - bfe1fb00-2040-48fe-b8b4-ec0722208c64@group-BEC28BF7F3FF: changes role from  FOLLOWER to CANDIDATE at term 0 for changeToCandidate
2019-10-11 03:36:58,515 [Thread-3593] INFO  impl.RoleInfo (RoleInfo.java:updateAndGet(143)) - bfe1fb00-2040-48fe-b8b4-ec0722208c64: start LeaderElection
2019-10-11 03:36:58,538 [bfe1fb00-2040-48fe-b8b4-ec0722208c64@group-BEC28BF7F3FF-LeaderElection90] INFO  impl.LeaderElection (LeaderElection.java:askForVotes(178)) - bfe1fb00-2040-48fe-b8b4-ec0722208c64@group-BEC28BF7F3FF-LeaderElection90: begin an election at term 1 for -1: [bfe1fb00-2040-48fe-b8b4-ec0722208c64:192.168.151.96:38572], old=null
2019-10-11 03:36:58,538 [bfe1fb00-2040-48fe-b8b4-ec0722208c64@group-BEC28BF7F3FF-LeaderElection90] INFO  impl.RoleInfo (RoleInfo.java:shutdownLeaderElection(134)) - bfe1fb00-2040-48fe-b8b4-ec0722208c64: shutdown LeaderElection
2019-10-11 03:36:58,538 [bfe1fb00-2040-48fe-b8b4-ec0722208c64@group-BEC28BF7F3FF-LeaderElection90] INFO  impl.RaftServerImpl (RaftServerImpl.java:setRole(170)) - bfe1fb00-2040-48fe-b8b4-ec0722208c64@group-BEC28BF7F3FF: changes role from CANDIDATE to LEADER at term 1 for changeToLeader
2019-10-11 03:36:58,538 [bfe1fb00-2040-48fe-b8b4-ec0722208c64@group-BEC28BF7F3FF-LeaderElection90] INFO  impl.RaftServerImpl (ServerState.java:setLeader(255)) - bfe1fb00-2040-48fe-b8b4-ec0722208c64@group-BEC28BF7F3FF: change Leader from null to bfe1fb00-2040-48fe-b8b4-ec0722208c64 at term 1 for becomeLeader, leader elected after 5084ms
2019-10-11 03:36:58,539 [bfe1fb00-2040-48fe-b8b4-ec0722208c64@group-BEC28BF7F3FF-LeaderElection90] INFO  server.RaftServerConfigKeys (ConfUtils.java:logGet(43)) - raft.server.staging.catchup.gap = 1000 (default)
2019-10-11 03:36:58,539 [bfe1fb00-2040-48fe-b8b4-ec0722208c64@group-BEC28BF7F3FF-LeaderElection90] INFO  server.RaftServerConfigKeys (ConfUtils.java:logGet(43)) - raft.server.rpc.sleep.time = 25ms (default)
2019-10-11 03:36:58,539 [bfe1fb00-2040-48fe-b8b4-ec0722208c64@group-BEC28BF7F3FF-LeaderElection90] INFO  server.RaftServerConfigKeys (ConfUtils.java:logGet(43)) - raft.server.write.element-limit = 4096 (default)
2019-10-11 03:36:58,539 [bfe1fb00-2040-48fe-b8b4-ec0722208c64@group-BEC28BF7F3FF-LeaderElection90] INFO  server.RaftServerConfigKeys (ConfUtils.java:logGet(43)) - raft.server.watch.timeout = 10s (default)
2019-10-11 03:36:58,540 [bfe1fb00-2040-48fe-b8b4-ec0722208c64@group-BEC28BF7F3FF-LeaderElection90] INFO  server.RaftServerConfigKeys (ConfUtils.java:logGet(43)) - raft.server.watch.timeout.denomination = 1s (default)
2019-10-11 03:36:58,540 [bfe1fb00-2040-48fe-b8b4-ec0722208c64@group-BEC28BF7F3FF-LeaderElection90] INFO  server.RaftServerConfigKeys (ConfUtils.java:logGet(43)) - raft.server.watch.element-limit = 65536 (default)
2019-10-11 03:36:58,541 [bfe1fb00-2040-48fe-b8b4-ec0722208c64@group-BEC28BF7F3FF-LeaderElection90] INFO  impl.RoleInfo (RoleInfo.java:updateAndGet(143)) - bfe1fb00-2040-48fe-b8b4-ec0722208c64: start LeaderState
2019-10-11 03:36:58,542 [bfe1fb00-2040-48fe-b8b4-ec0722208c64@group-BEC28BF7F3FF-LeaderElection90] INFO  segmented.SegmentedRaftLogWorker (SegmentedRaftLogWorker.java:startLogSegment(385)) - bfe1fb00-2040-48fe-b8b4-ec0722208c64@group-BEC28BF7F3FF-SegmentedRaftLogWorker: Starting segment from index:0
2019-10-11 03:36:58,542 [bfe1fb00-2040-48fe-b8b4-ec0722208c64@group-BEC28BF7F3FF-LeaderElection90] INFO  impl.RaftServerImpl (ServerState.java:setRaftConf(356)) - bfe1fb00-2040-48fe-b8b4-ec0722208c64@group-BEC28BF7F3FF: set configuration 0: [bfe1fb00-2040-48fe-b8b4-ec0722208c64:192.168.151.96:38572], old=null at 0
2019-10-11 03:36:58,559 [Thread-3596] INFO  impl.FollowerState (FollowerState.java:run(108)) - 65dcd157-7db8-4958-989c-892d657b393e@group-F59E2C4B827F-FollowerState: change to CANDIDATE, lastRpcTime:5046ms, electionTimeout:5046ms
2019-10-11 03:36:58,559 [Thread-3596] INFO  impl.RoleInfo (RoleInfo.java:shutdownFollowerState(121)) - 65dcd157-7db8-4958-989c-892d657b393e: shutdown FollowerState
2019-10-11 03:36:58,559 [Thread-3596] INFO  impl.RaftServerImpl (RaftServerImpl.java:setRole(170)) - 65dcd157-7db8-4958-989c-892d657b393e@group-F59E2C4B827F: changes role from  FOLLOWER to CANDIDATE at term 0 for changeToCandidate
2019-10-11 03:36:58,559 [Thread-3596] INFO  impl.RoleInfo (RoleInfo.java:updateAndGet(143)) - 65dcd157-7db8-4958-989c-892d657b393e: start LeaderElection
2019-10-11 03:36:58,577 [bfe1fb00-2040-48fe-b8b4-ec0722208c64@group-BEC28BF7F3FF-SegmentedRaftLogWorker] INFO  segmented.SegmentedRaftLogWorker (SegmentedRaftLogWorker.java:execute(574)) - bfe1fb00-2040-48fe-b8b4-ec0722208c64@group-BEC28BF7F3FF-SegmentedRaftLogWorker: created new log segment /workdir/hadoop-ozone/integration-test/target/test-dir/MiniOzoneClusterImpl-41393050-cb04-463e-b451-9f8cbcecb76f/datanode-1/data/ratis/c89302b6-7eec-4a4e-8c4d-bec28bf7f3ff/current/log_inprogress_0
2019-10-11 03:36:58,596 [65dcd157-7db8-4958-989c-892d657b393e@group-F59E2C4B827F-LeaderElection91] INFO  impl.LeaderElection (LeaderElection.java:askForVotes(178)) - 65dcd157-7db8-4958-989c-892d657b393e@group-F59E2C4B827F-LeaderElection91: begin an election at term 1 for -1: [65dcd157-7db8-4958-989c-892d657b393e:192.168.151.96:41882], old=null
2019-10-11 03:36:58,597 [65dcd157-7db8-4958-989c-892d657b393e@group-F59E2C4B827F-LeaderElection91] INFO  impl.RoleInfo (RoleInfo.java:shutdownLeaderElection(134)) - 65dcd157-7db8-4958-989c-892d657b393e: shutdown LeaderElection
2019-10-11 03:36:58,597 [65dcd157-7db8-4958-989c-892d657b393e@group-F59E2C4B827F-LeaderElection91] INFO  impl.RaftServerImpl (RaftServerImpl.java:setRole(170)) - 65dcd157-7db8-4958-989c-892d657b393e@group-F59E2C4B827F: changes role from CANDIDATE to LEADER at term 1 for changeToLeader
2019-10-11 03:36:58,597 [65dcd157-7db8-4958-989c-892d657b393e@group-F59E2C4B827F-LeaderElection91] INFO  impl.RaftServerImpl (ServerState.java:setLeader(255)) - 65dcd157-7db8-4958-989c-892d657b393e@group-F59E2C4B827F: change Leader from null to 65dcd157-7db8-4958-989c-892d657b393e at term 1 for becomeLeader, leader elected after 5090ms
2019-10-11 03:36:58,597 [65dcd157-7db8-4958-989c-892d657b393e@group-F59E2C4B827F-LeaderElection91] INFO  server.RaftServerConfigKeys (ConfUtils.java:logGet(43)) - raft.server.staging.catchup.gap = 1000 (default)
2019-10-11 03:36:58,597 [65dcd157-7db8-4958-989c-892d657b393e@group-F59E2C4B827F-LeaderElection91] INFO  server.RaftServerConfigKeys (ConfUtils.java:logGet(43)) - raft.server.rpc.sleep.time = 25ms (default)
2019-10-11 03:36:58,597 [65dcd157-7db8-4958-989c-892d657b393e@group-F59E2C4B827F-LeaderElection91] INFO  server.RaftServerConfigKeys (ConfUtils.java:logGet(43)) - raft.server.write.element-limit = 4096 (default)
2019-10-11 03:36:58,598 [65dcd157-7db8-4958-989c-892d657b393e@group-F59E2C4B827F-LeaderElection91] INFO  server.RaftServerConfigKeys (ConfUtils.java:logGet(43)) - raft.server.watch.timeout = 10s (default)
2019-10-11 03:36:58,598 [65dcd157-7db8-4958-989c-892d657b393e@group-F59E2C4B827F-LeaderElection91] INFO  server.RaftServerConfigKeys (ConfUtils.java:logGet(43)) - raft.server.watch.timeout.denomination = 1s (default)
2019-10-11 03:36:58,598 [65dcd157-7db8-4958-989c-892d657b393e@group-F59E2C4B827F-LeaderElection91] INFO  server.RaftServerConfigKeys (ConfUtils.java:logGet(43)) - raft.server.watch.element-limit = 65536 (default)
2019-10-11 03:36:58,600 [65dcd157-7db8-4958-989c-892d657b393e@group-F59E2C4B827F-LeaderElection91] INFO  impl.RoleInfo (RoleInfo.java:updateAndGet(143)) - 65dcd157-7db8-4958-989c-892d657b393e: start LeaderState
2019-10-11 03:36:58,600 [65dcd157-7db8-4958-989c-892d657b393e@group-F59E2C4B827F-LeaderElection91] INFO  segmented.SegmentedRaftLogWorker (SegmentedRaftLogWorker.java:startLogSegment(385)) - 65dcd157-7db8-4958-989c-892d657b393e@group-F59E2C4B827F-SegmentedRaftLogWorker: Starting segment from index:0
2019-10-11 03:36:58,601 [65dcd157-7db8-4958-989c-892d657b393e@group-F59E2C4B827F-LeaderElection91] INFO  impl.RaftServerImpl (ServerState.java:setRaftConf(356)) - 65dcd157-7db8-4958-989c-892d657b393e@group-F59E2C4B827F: set configuration 0: [65dcd157-7db8-4958-989c-892d657b393e:192.168.151.96:41882], old=null at 0
2019-10-11 03:36:58,649 [65dcd157-7db8-4958-989c-892d657b393e@group-F59E2C4B827F-SegmentedRaftLogWorker] INFO  segmented.SegmentedRaftLogWorker (SegmentedRaftLogWorker.java:execute(574)) - 65dcd157-7db8-4958-989c-892d657b393e@group-F59E2C4B827F-SegmentedRaftLogWorker: created new log segment /workdir/hadoop-ozone/integration-test/target/test-dir/MiniOzoneClusterImpl-41393050-cb04-463e-b451-9f8cbcecb76f/datanode-2/data/ratis/4d216498-345a-44a7-a80e-f59e2c4b827f/current/log_inprogress_0
2019-10-11 03:36:58,655 [Thread-3603] INFO  impl.FollowerState (FollowerState.java:run(108)) - acd3cc76-f45e-4125-acd5-33350e490971@group-0A2DD048406C-FollowerState: change to CANDIDATE, lastRpcTime:5081ms, electionTimeout:5081ms
2019-10-11 03:36:58,656 [Thread-3603] INFO  impl.RoleInfo (RoleInfo.java:shutdownFollowerState(121)) - acd3cc76-f45e-4125-acd5-33350e490971: shutdown FollowerState
2019-10-11 03:36:58,656 [Thread-3603] INFO  impl.RaftServerImpl (RaftServerImpl.java:setRole(170)) - acd3cc76-f45e-4125-acd5-33350e490971@group-0A2DD048406C: changes role from  FOLLOWER to CANDIDATE at term 0 for changeToCandidate
2019-10-11 03:36:58,656 [Thread-3603] INFO  impl.RoleInfo (RoleInfo.java:updateAndGet(143)) - acd3cc76-f45e-4125-acd5-33350e490971: start LeaderElection
2019-10-11 03:36:58,664 [acd3cc76-f45e-4125-acd5-33350e490971@group-0A2DD048406C-LeaderElection92] INFO  impl.LeaderElection (LeaderElection.java:askForVotes(178)) - acd3cc76-f45e-4125-acd5-33350e490971@group-0A2DD048406C-LeaderElection92: begin an election at term 1 for -1: [bfe1fb00-2040-48fe-b8b4-ec0722208c64:192.168.151.96:38572, 65dcd157-7db8-4958-989c-892d657b393e:192.168.151.96:41882, acd3cc76-f45e-4125-acd5-33350e490971:192.168.151.96:34944], old=null
2019-10-11 03:36:58,673 [grpc-default-executor-12] INFO  impl.RaftServerImpl (RaftServerImpl.java:setRole(170)) - bfe1fb00-2040-48fe-b8b4-ec0722208c64@group-0A2DD048406C: changes role from  FOLLOWER to FOLLOWER at term 1 for recognizeCandidate:acd3cc76-f45e-4125-acd5-33350e490971
2019-10-11 03:36:58,673 [grpc-default-executor-13] INFO  impl.RaftServerImpl (RaftServerImpl.java:setRole(170)) - 65dcd157-7db8-4958-989c-892d657b393e@group-0A2DD048406C: changes role from  FOLLOWER to FOLLOWER at term 1 for recognizeCandidate:acd3cc76-f45e-4125-acd5-33350e490971
2019-10-11 03:36:58,673 [grpc-default-executor-12] INFO  impl.RoleInfo (RoleInfo.java:shutdownFollowerState(121)) - bfe1fb00-2040-48fe-b8b4-ec0722208c64: shutdown FollowerState
2019-10-11 03:36:58,673 [grpc-default-executor-13] INFO  impl.RoleInfo (RoleInfo.java:shutdownFollowerState(121)) - 65dcd157-7db8-4958-989c-892d657b393e: shutdown FollowerState
2019-10-11 03:36:58,673 [grpc-default-executor-12] INFO  impl.RoleInfo (RoleInfo.java:updateAndGet(143)) - bfe1fb00-2040-48fe-b8b4-ec0722208c64: start FollowerState
2019-10-11 03:36:58,673 [grpc-default-executor-13] INFO  impl.RoleInfo (RoleInfo.java:updateAndGet(143)) - 65dcd157-7db8-4958-989c-892d657b393e: start FollowerState
2019-10-11 03:36:58,674 [Thread-3604] INFO  impl.FollowerState (FollowerState.java:run(117)) - 65dcd157-7db8-4958-989c-892d657b393e@group-0A2DD048406C-FollowerState was interrupted: java.lang.InterruptedException: sleep interrupted
2019-10-11 03:36:58,673 [Thread-3599] INFO  impl.FollowerState (FollowerState.java:run(117)) - bfe1fb00-2040-48fe-b8b4-ec0722208c64@group-0A2DD048406C-FollowerState was interrupted: java.lang.InterruptedException: sleep interrupted
2019-10-11 03:36:58,686 [acd3cc76-f45e-4125-acd5-33350e490971@group-0A2DD048406C-LeaderElection92] INFO  impl.LeaderElection (LeaderElection.java:logAndReturn(56)) - acd3cc76-f45e-4125-acd5-33350e490971@group-0A2DD048406C-LeaderElection92: Election PASSED; received 1 response(s) [acd3cc76-f45e-4125-acd5-33350e490971<-bfe1fb00-2040-48fe-b8b4-ec0722208c64#0:OK-t1] and 0 exception(s); acd3cc76-f45e-4125-acd5-33350e490971@group-0A2DD048406C:t1, leader=null, voted=acd3cc76-f45e-4125-acd5-33350e490971, raftlog=acd3cc76-f45e-4125-acd5-33350e490971@group-0A2DD048406C-SegmentedRaftLog:OPENED:c-1,f-1,i0, conf=-1: [bfe1fb00-2040-48fe-b8b4-ec0722208c64:192.168.151.96:38572, 65dcd157-7db8-4958-989c-892d657b393e:192.168.151.96:41882, acd3cc76-f45e-4125-acd5-33350e490971:192.168.151.96:34944], old=null
2019-10-11 03:36:58,686 [acd3cc76-f45e-4125-acd5-33350e490971@group-0A2DD048406C-LeaderElection92] INFO  impl.RoleInfo (RoleInfo.java:shutdownLeaderElection(134)) - acd3cc76-f45e-4125-acd5-33350e490971: shutdown LeaderElection
2019-10-11 03:36:58,686 [acd3cc76-f45e-4125-acd5-33350e490971@group-0A2DD048406C-LeaderElection92] INFO  impl.RaftServerImpl (RaftServerImpl.java:setRole(170)) - acd3cc76-f45e-4125-acd5-33350e490971@group-0A2DD048406C: changes role from CANDIDATE to LEADER at term 1 for changeToLeader
2019-10-11 03:36:58,686 [acd3cc76-f45e-4125-acd5-33350e490971@group-0A2DD048406C-LeaderElection92] INFO  impl.RaftServerImpl (ServerState.java:setLeader(255)) - acd3cc76-f45e-4125-acd5-33350e490971@group-0A2DD048406C: change Leader from null to acd3cc76-f45e-4125-acd5-33350e490971 at term 1 for becomeLeader, leader elected after 5125ms
2019-10-11 03:36:58,687 [acd3cc76-f45e-4125-acd5-33350e490971@group-0A2DD048406C-LeaderElection92] INFO  server.RaftServerConfigKeys (ConfUtils.java:logGet(43)) - raft.server.staging.catchup.gap = 1000 (default)
2019-10-11 03:36:58,687 [acd3cc76-f45e-4125-acd5-33350e490971@group-0A2DD048406C-LeaderElection92] INFO  server.RaftServerConfigKeys (ConfUtils.java:logGet(43)) - raft.server.rpc.sleep.time = 25ms (default)
2019-10-11 03:36:58,687 [acd3cc76-f45e-4125-acd5-33350e490971@group-0A2DD048406C-LeaderElection92] INFO  server.RaftServerConfigKeys (ConfUtils.java:logGet(43)) - raft.server.write.element-limit = 4096 (default)
2019-10-11 03:36:58,687 [acd3cc76-f45e-4125-acd5-33350e490971@group-0A2DD048406C-LeaderElection92] INFO  server.RaftServerConfigKeys (ConfUtils.java:logGet(43)) - raft.server.watch.timeout = 10s (default)
2019-10-11 03:36:58,687 [acd3cc76-f45e-4125-acd5-33350e490971@group-0A2DD048406C-LeaderElection92] INFO  server.RaftServerConfigKeys (ConfUtils.java:logGet(43)) - raft.server.watch.timeout.denomination = 1s (default)
2019-10-11 03:36:58,687 [acd3cc76-f45e-4125-acd5-33350e490971@group-0A2DD048406C-LeaderElection92] INFO  server.RaftServerConfigKeys (ConfUtils.java:logGet(43)) - raft.server.watch.element-limit = 65536 (default)
2019-10-11 03:36:58,689 [acd3cc76-f45e-4125-acd5-33350e490971@group-0A2DD048406C-LeaderElection92] INFO  server.RaftServerConfigKeys (ConfUtils.java:logGet(43)) - raft.server.log.appender.snapshot.chunk.size.max = 16MB (=16777216) (default)
2019-10-11 03:36:58,690 [acd3cc76-f45e-4125-acd5-33350e490971@group-0A2DD048406C-LeaderElection92] INFO  server.RaftServerConfigKeys (ConfUtils.java:logGet(43)) - raft.server.log.appender.buffer.byte-limit = 33554432 (custom)
2019-10-11 03:36:58,690 [acd3cc76-f45e-4125-acd5-33350e490971@group-0A2DD048406C-LeaderElection92] INFO  server.RaftServerConfigKeys (ConfUtils.java:logGet(43)) - raft.server.log.appender.buffer.element-limit = 1 (custom)
2019-10-11 03:36:58,690 [acd3cc76-f45e-4125-acd5-33350e490971@group-0A2DD048406C-LeaderElection92] INFO  grpc.GrpcConfigKeys$Server (ConfUtils.java:logGet(43)) - raft.grpc.server.leader.outstanding.appends.max = 128 (default)
2019-10-11 03:36:58,690 [acd3cc76-f45e-4125-acd5-33350e490971@group-0A2DD048406C-LeaderElection92] INFO  server.RaftServerConfigKeys (ConfUtils.java:logGet(43)) - raft.server.rpc.request.timeout = 3000ms (default)
2019-10-11 03:36:58,691 [acd3cc76-f45e-4125-acd5-33350e490971@group-0A2DD048406C-LeaderElection92] INFO  server.RaftServerConfigKeys (ConfUtils.java:logGet(43)) - raft.server.log.appender.install.snapshot.enabled = false (custom)
2019-10-11 03:36:58,691 [acd3cc76-f45e-4125-acd5-33350e490971@group-0A2DD048406C-LeaderElection92] INFO  server.RaftServerConfigKeys (ConfUtils.java:logGet(43)) - raft.server.log.appender.snapshot.chunk.size.max = 16MB (=16777216) (default)
2019-10-11 03:36:58,691 [acd3cc76-f45e-4125-acd5-33350e490971@group-0A2DD048406C-LeaderElection92] INFO  server.RaftServerConfigKeys (ConfUtils.java:logGet(43)) - raft.server.log.appender.buffer.byte-limit = 33554432 (custom)
2019-10-11 03:36:58,691 [acd3cc76-f45e-4125-acd5-33350e490971@group-0A2DD048406C-LeaderElection92] INFO  server.RaftServerConfigKeys (ConfUtils.java:logGet(43)) - raft.server.log.appender.buffer.element-limit = 1 (custom)
2019-10-11 03:36:58,691 [acd3cc76-f45e-4125-acd5-33350e490971@group-0A2DD048406C-LeaderElection92] INFO  grpc.GrpcConfigKeys$Server (ConfUtils.java:logGet(43)) - raft.grpc.server.leader.outstanding.appends.max = 128 (default)
2019-10-11 03:36:58,692 [acd3cc76-f45e-4125-acd5-33350e490971@group-0A2DD048406C-LeaderElection92] INFO  server.RaftServerConfigKeys (ConfUtils.java:logGet(43)) - raft.server.rpc.request.timeout = 3000ms (default)
2019-10-11 03:36:58,692 [acd3cc76-f45e-4125-acd5-33350e490971@group-0A2DD048406C-LeaderElection92] INFO  server.RaftServerConfigKeys (ConfUtils.java:logGet(43)) - raft.server.log.appender.install.snapshot.enabled = false (custom)
2019-10-11 03:36:58,692 [acd3cc76-f45e-4125-acd5-33350e490971@group-0A2DD048406C-LeaderElection92] INFO  impl.RoleInfo (RoleInfo.java:updateAndGet(143)) - acd3cc76-f45e-4125-acd5-33350e490971: start LeaderState
2019-10-11 03:36:58,692 [acd3cc76-f45e-4125-acd5-33350e490971@group-0A2DD048406C-LeaderElection92] INFO  segmented.SegmentedRaftLogWorker (SegmentedRaftLogWorker.java:startLogSegment(385)) - acd3cc76-f45e-4125-acd5-33350e490971@group-0A2DD048406C-SegmentedRaftLogWorker: Starting segment from index:0
2019-10-11 03:36:58,693 [acd3cc76-f45e-4125-acd5-33350e490971@group-0A2DD048406C-LeaderElection92] INFO  impl.RaftServerImpl (ServerState.java:setRaftConf(356)) - acd3cc76-f45e-4125-acd5-33350e490971@group-0A2DD048406C: set configuration 0: [bfe1fb00-2040-48fe-b8b4-ec0722208c64:192.168.151.96:38572, 65dcd157-7db8-4958-989c-892d657b393e:192.168.151.96:41882, acd3cc76-f45e-4125-acd5-33350e490971:192.168.151.96:34944], old=null at 0
2019-10-11 03:36:58,694 [grpc-default-executor-12] INFO  impl.RaftServerImpl (ServerState.java:setLeader(255)) - bfe1fb00-2040-48fe-b8b4-ec0722208c64@group-0A2DD048406C: change Leader from null to acd3cc76-f45e-4125-acd5-33350e490971 at term 1 for appendEntries, leader elected after 5132ms
2019-10-11 03:36:58,697 [grpc-default-executor-13] INFO  impl.RaftServerImpl (ServerState.java:setLeader(255)) - 65dcd157-7db8-4958-989c-892d657b393e@group-0A2DD048406C: change Leader from null to acd3cc76-f45e-4125-acd5-33350e490971 at term 1 for appendEntries, leader elected after 5135ms
2019-10-11 03:36:58,731 [grpc-default-executor-13] INFO  impl.RaftServerImpl (ServerState.java:setRaftConf(356)) - 65dcd157-7db8-4958-989c-892d657b393e@group-0A2DD048406C: set configuration 0: [bfe1fb00-2040-48fe-b8b4-ec0722208c64:192.168.151.96:38572, 65dcd157-7db8-4958-989c-892d657b393e:192.168.151.96:41882, acd3cc76-f45e-4125-acd5-33350e490971:192.168.151.96:34944], old=null at 0
2019-10-11 03:36:58,732 [grpc-default-executor-13] INFO  segmented.SegmentedRaftLogWorker (SegmentedRaftLogWorker.java:startLogSegment(385)) - 65dcd157-7db8-4958-989c-892d657b393e@group-0A2DD048406C-SegmentedRaftLogWorker: Starting segment from index:0
2019-10-11 03:36:58,732 [Thread-3608] INFO  impl.FollowerState (FollowerState.java:run(108)) - 6afc402c-563e-4dae-8086-9d1ee961591d@group-F7AAFCBC68F5-FollowerState: change to CANDIDATE, lastRpcTime:5080ms, electionTimeout:5080ms
2019-10-11 03:36:58,732 [Thread-3608] INFO  impl.RoleInfo (RoleInfo.java:shutdownFollowerState(121)) - 6afc402c-563e-4dae-8086-9d1ee961591d: shutdown FollowerState
2019-10-11 03:36:58,732 [grpc-default-executor-13] INFO  impl.RaftServerImpl (ServerState.java:setRaftConf(356)) - bfe1fb00-2040-48fe-b8b4-ec0722208c64@group-0A2DD048406C: set configuration 0: [bfe1fb00-2040-48fe-b8b4-ec0722208c64:192.168.151.96:38572, 65dcd157-7db8-4958-989c-892d657b393e:192.168.151.96:41882, acd3cc76-f45e-4125-acd5-33350e490971:192.168.151.96:34944], old=null at 0
2019-10-11 03:36:58,732 [Thread-3608] INFO  impl.RaftServerImpl (RaftServerImpl.java:setRole(170)) - 6afc402c-563e-4dae-8086-9d1ee961591d@group-F7AAFCBC68F5: changes role from  FOLLOWER to CANDIDATE at term 0 for changeToCandidate
2019-10-11 03:36:58,732 [grpc-default-executor-13] INFO  segmented.SegmentedRaftLogWorker (SegmentedRaftLogWorker.java:startLogSegment(385)) - bfe1fb00-2040-48fe-b8b4-ec0722208c64@group-0A2DD048406C-SegmentedRaftLogWorker: Starting segment from index:0
2019-10-11 03:36:58,732 [Thread-3608] INFO  impl.RoleInfo (RoleInfo.java:updateAndGet(143)) - 6afc402c-563e-4dae-8086-9d1ee961591d: start LeaderElection
2019-10-11 03:36:58,756 [acd3cc76-f45e-4125-acd5-33350e490971@group-0A2DD048406C-SegmentedRaftLogWorker] INFO  segmented.SegmentedRaftLogWorker (SegmentedRaftLogWorker.java:execute(574)) - acd3cc76-f45e-4125-acd5-33350e490971@group-0A2DD048406C-SegmentedRaftLogWorker: created new log segment /workdir/hadoop-ozone/integration-test/target/test-dir/MiniOzoneClusterImpl-41393050-cb04-463e-b451-9f8cbcecb76f/datanode-0/data/ratis/5560f45e-22fc-47cf-a42a-0a2dd048406c/current/log_inprogress_0
2019-10-11 03:36:58,769 [65dcd157-7db8-4958-989c-892d657b393e@group-0A2DD048406C-SegmentedRaftLogWorker] INFO  segmented.SegmentedRaftLogWorker (SegmentedRaftLogWorker.java:execute(574)) - 65dcd157-7db8-4958-989c-892d657b393e@group-0A2DD048406C-SegmentedRaftLogWorker: created new log segment /workdir/hadoop-ozone/integration-test/target/test-dir/MiniOzoneClusterImpl-41393050-cb04-463e-b451-9f8cbcecb76f/datanode-2/data/ratis/5560f45e-22fc-47cf-a42a-0a2dd048406c/current/log_inprogress_0
2019-10-11 03:36:58,769 [bfe1fb00-2040-48fe-b8b4-ec0722208c64@group-0A2DD048406C-SegmentedRaftLogWorker] INFO  segmented.SegmentedRaftLogWorker (SegmentedRaftLogWorker.java:execute(574)) - bfe1fb00-2040-48fe-b8b4-ec0722208c64@group-0A2DD048406C-SegmentedRaftLogWorker: created new log segment /workdir/hadoop-ozone/integration-test/target/test-dir/MiniOzoneClusterImpl-41393050-cb04-463e-b451-9f8cbcecb76f/datanode-1/data/ratis/5560f45e-22fc-47cf-a42a-0a2dd048406c/current/log_inprogress_0
2019-10-11 03:36:58,769 [6afc402c-563e-4dae-8086-9d1ee961591d@group-F7AAFCBC68F5-LeaderElection93] INFO  impl.LeaderElection (LeaderElection.java:askForVotes(178)) - 6afc402c-563e-4dae-8086-9d1ee961591d@group-F7AAFCBC68F5-LeaderElection93: begin an election at term 1 for -1: [6afc402c-563e-4dae-8086-9d1ee961591d:192.168.151.96:46033], old=null
2019-10-11 03:36:58,769 [6afc402c-563e-4dae-8086-9d1ee961591d@group-F7AAFCBC68F5-LeaderElection93] INFO  impl.RoleInfo (RoleInfo.java:shutdownLeaderElection(134)) - 6afc402c-563e-4dae-8086-9d1ee961591d: shutdown LeaderElection
2019-10-11 03:36:58,770 [6afc402c-563e-4dae-8086-9d1ee961591d@group-F7AAFCBC68F5-LeaderElection93] INFO  impl.RaftServerImpl (RaftServerImpl.java:setRole(170)) - 6afc402c-563e-4dae-8086-9d1ee961591d@group-F7AAFCBC68F5: changes role from CANDIDATE to LEADER at term 1 for changeToLeader
2019-10-11 03:36:58,770 [6afc402c-563e-4dae-8086-9d1ee961591d@group-F7AAFCBC68F5-LeaderElection93] INFO  impl.RaftServerImpl (ServerState.java:setLeader(255)) - 6afc402c-563e-4dae-8086-9d1ee961591d@group-F7AAFCBC68F5: change Leader from null to 6afc402c-563e-4dae-8086-9d1ee961591d at term 1 for becomeLeader, leader elected after 5123ms
2019-10-11 03:36:58,770 [6afc402c-563e-4dae-8086-9d1ee961591d@group-F7AAFCBC68F5-LeaderElection93] INFO  server.RaftServerConfigKeys (ConfUtils.java:logGet(43)) - raft.server.staging.catchup.gap = 1000 (default)
2019-10-11 03:36:58,770 [6afc402c-563e-4dae-8086-9d1ee961591d@group-F7AAFCBC68F5-LeaderElection93] INFO  server.RaftServerConfigKeys (ConfUtils.java:logGet(43)) - raft.server.rpc.sleep.time = 25ms (default)
2019-10-11 03:36:58,770 [6afc402c-563e-4dae-8086-9d1ee961591d@group-F7AAFCBC68F5-LeaderElection93] INFO  server.RaftServerConfigKeys (ConfUtils.java:logGet(43)) - raft.server.write.element-limit = 4096 (default)
2019-10-11 03:36:58,771 [6afc402c-563e-4dae-8086-9d1ee961591d@group-F7AAFCBC68F5-LeaderElection93] INFO  server.RaftServerConfigKeys (ConfUtils.java:logGet(43)) - raft.server.watch.timeout = 10s (default)
2019-10-11 03:36:58,771 [6afc402c-563e-4dae-8086-9d1ee961591d@group-F7AAFCBC68F5-LeaderElection93] INFO  server.RaftServerConfigKeys (ConfUtils.java:logGet(43)) - raft.server.watch.timeout.denomination = 1s (default)
2019-10-11 03:36:58,771 [6afc402c-563e-4dae-8086-9d1ee961591d@group-F7AAFCBC68F5-LeaderElection93] INFO  server.RaftServerConfigKeys (ConfUtils.java:logGet(43)) - raft.server.watch.element-limit = 65536 (default)
2019-10-11 03:36:58,773 [6afc402c-563e-4dae-8086-9d1ee961591d@group-F7AAFCBC68F5-LeaderElection93] INFO  impl.RoleInfo (RoleInfo.java:updateAndGet(143)) - 6afc402c-563e-4dae-8086-9d1ee961591d: start LeaderState
2019-10-11 03:36:58,773 [6afc402c-563e-4dae-8086-9d1ee961591d@group-F7AAFCBC68F5-LeaderElection93] INFO  segmented.SegmentedRaftLogWorker (SegmentedRaftLogWorker.java:startLogSegment(385)) - 6afc402c-563e-4dae-8086-9d1ee961591d@group-F7AAFCBC68F5-SegmentedRaftLogWorker: Starting segment from index:0
2019-10-11 03:36:58,774 [6afc402c-563e-4dae-8086-9d1ee961591d@group-F7AAFCBC68F5-LeaderElection93] INFO  impl.RaftServerImpl (ServerState.java:setRaftConf(356)) - 6afc402c-563e-4dae-8086-9d1ee961591d@group-F7AAFCBC68F5: set configuration 0: [6afc402c-563e-4dae-8086-9d1ee961591d:192.168.151.96:46033], old=null at 0
2019-10-11 03:36:58,819 [6afc402c-563e-4dae-8086-9d1ee961591d@group-F7AAFCBC68F5-SegmentedRaftLogWorker] INFO  segmented.SegmentedRaftLogWorker (SegmentedRaftLogWorker.java:execute(574)) - 6afc402c-563e-4dae-8086-9d1ee961591d@group-F7AAFCBC68F5-SegmentedRaftLogWorker: created new log segment /workdir/hadoop-ozone/integration-test/target/test-dir/MiniOzoneClusterImpl-41393050-cb04-463e-b451-9f8cbcecb76f/datanode-3/data/ratis/d86fd6ad-1dd1-4df8-bed6-f7aafcbc68f5/current/log_inprogress_0
2019-10-11 03:36:58,848 [Thread-3611] INFO  impl.FollowerState (FollowerState.java:run(108)) - 03e4f594-86c7-4fac-9da8-d4dc1efdb82f@group-E62635446C0F-FollowerState: change to CANDIDATE, lastRpcTime:5155ms, electionTimeout:5155ms
2019-10-11 03:36:58,849 [Thread-3611] INFO  impl.RoleInfo (RoleInfo.java:shutdownFollowerState(121)) - 03e4f594-86c7-4fac-9da8-d4dc1efdb82f: shutdown FollowerState
2019-10-11 03:36:58,849 [Thread-3611] INFO  impl.RaftServerImpl (RaftServerImpl.java:setRole(170)) - 03e4f594-86c7-4fac-9da8-d4dc1efdb82f@group-E62635446C0F: changes role from  FOLLOWER to CANDIDATE at term 0 for changeToCandidate
2019-10-11 03:36:58,849 [Thread-3611] INFO  impl.RoleInfo (RoleInfo.java:updateAndGet(143)) - 03e4f594-86c7-4fac-9da8-d4dc1efdb82f: start LeaderElection
2019-10-11 03:36:58,857 [Thread-3617] INFO  impl.FollowerState (FollowerState.java:run(108)) - 2576ad6b-f584-4776-95e1-7cd0727f3a1c@group-A0D359086315-FollowerState: change to CANDIDATE, lastRpcTime:5073ms, electionTimeout:5066ms
2019-10-11 03:36:58,858 [Thread-3617] INFO  impl.RoleInfo (RoleInfo.java:shutdownFollowerState(121)) - 2576ad6b-f584-4776-95e1-7cd0727f3a1c: shutdown FollowerState
2019-10-11 03:36:58,858 [Thread-3617] INFO  impl.RaftServerImpl (RaftServerImpl.java:setRole(170)) - 2576ad6b-f584-4776-95e1-7cd0727f3a1c@group-A0D359086315: changes role from  FOLLOWER to CANDIDATE at term 0 for changeToCandidate
2019-10-11 03:36:58,858 [Thread-3617] INFO  impl.RoleInfo (RoleInfo.java:updateAndGet(143)) - 2576ad6b-f584-4776-95e1-7cd0727f3a1c: start LeaderElection
2019-10-11 03:36:58,877 [03e4f594-86c7-4fac-9da8-d4dc1efdb82f@group-E62635446C0F-LeaderElection94] INFO  impl.LeaderElection (LeaderElection.java:askForVotes(178)) - 03e4f594-86c7-4fac-9da8-d4dc1efdb82f@group-E62635446C0F-LeaderElection94: begin an election at term 1 for -1: [03e4f594-86c7-4fac-9da8-d4dc1efdb82f:192.168.151.96:43957], old=null
2019-10-11 03:36:58,877 [2576ad6b-f584-4776-95e1-7cd0727f3a1c@group-A0D359086315-LeaderElection95] INFO  impl.LeaderElection (LeaderElection.java:askForVotes(178)) - 2576ad6b-f584-4776-95e1-7cd0727f3a1c@group-A0D359086315-LeaderElection95: begin an election at term 1 for -1: [2576ad6b-f584-4776-95e1-7cd0727f3a1c:192.168.151.96:40317], old=null
2019-10-11 03:36:58,877 [03e4f594-86c7-4fac-9da8-d4dc1efdb82f@group-E62635446C0F-LeaderElection94] INFO  impl.RoleInfo (RoleInfo.java:shutdownLeaderElection(134)) - 03e4f594-86c7-4fac-9da8-d4dc1efdb82f: shutdown LeaderElection
2019-10-11 03:36:58,878 [2576ad6b-f584-4776-95e1-7cd0727f3a1c@group-A0D359086315-LeaderElection95] INFO  impl.RoleInfo (RoleInfo.java:shutdownLeaderElection(134)) - 2576ad6b-f584-4776-95e1-7cd0727f3a1c: shutdown LeaderElection
2019-10-11 03:36:58,878 [03e4f594-86c7-4fac-9da8-d4dc1efdb82f@group-E62635446C0F-LeaderElection94] INFO  impl.RaftServerImpl (RaftServerImpl.java:setRole(170)) - 03e4f594-86c7-4fac-9da8-d4dc1efdb82f@group-E62635446C0F: changes role from CANDIDATE to LEADER at term 1 for changeToLeader
2019-10-11 03:36:58,878 [2576ad6b-f584-4776-95e1-7cd0727f3a1c@group-A0D359086315-LeaderElection95] INFO  impl.RaftServerImpl (RaftServerImpl.java:setRole(170)) - 2576ad6b-f584-4776-95e1-7cd0727f3a1c@group-A0D359086315: changes role from CANDIDATE to LEADER at term 1 for changeToLeader
2019-10-11 03:36:58,878 [03e4f594-86c7-4fac-9da8-d4dc1efdb82f@group-E62635446C0F-LeaderElection94] INFO  impl.RaftServerImpl (ServerState.java:setLeader(255)) - 03e4f594-86c7-4fac-9da8-d4dc1efdb82f@group-E62635446C0F: change Leader from null to 03e4f594-86c7-4fac-9da8-d4dc1efdb82f at term 1 for becomeLeader, leader elected after 5191ms
2019-10-11 03:36:58,878 [2576ad6b-f584-4776-95e1-7cd0727f3a1c@group-A0D359086315-LeaderElection95] INFO  impl.RaftServerImpl (ServerState.java:setLeader(255)) - 2576ad6b-f584-4776-95e1-7cd0727f3a1c@group-A0D359086315: change Leader from null to 2576ad6b-f584-4776-95e1-7cd0727f3a1c at term 1 for becomeLeader, leader elected after 5100ms
2019-10-11 03:36:58,878 [03e4f594-86c7-4fac-9da8-d4dc1efdb82f@group-E62635446C0F-LeaderElection94] INFO  server.RaftServerConfigKeys (ConfUtils.java:logGet(43)) - raft.server.staging.catchup.gap = 1000 (default)
2019-10-11 03:36:58,878 [2576ad6b-f584-4776-95e1-7cd0727f3a1c@group-A0D359086315-LeaderElection95] INFO  server.RaftServerConfigKeys (ConfUtils.java:logGet(43)) - raft.server.staging.catchup.gap = 1000 (default)
2019-10-11 03:36:58,878 [03e4f594-86c7-4fac-9da8-d4dc1efdb82f@group-E62635446C0F-LeaderElection94] INFO  server.RaftServerConfigKeys (ConfUtils.java:logGet(43)) - raft.server.rpc.sleep.time = 25ms (default)
2019-10-11 03:36:58,878 [2576ad6b-f584-4776-95e1-7cd0727f3a1c@group-A0D359086315-LeaderElection95] INFO  server.RaftServerConfigKeys (ConfUtils.java:logGet(43)) - raft.server.rpc.sleep.time = 25ms (default)
2019-10-11 03:36:58,879 [03e4f594-86c7-4fac-9da8-d4dc1efdb82f@group-E62635446C0F-LeaderElection94] INFO  server.RaftServerConfigKeys (ConfUtils.java:logGet(43)) - raft.server.write.element-limit = 4096 (default)
2019-10-11 03:36:58,879 [2576ad6b-f584-4776-95e1-7cd0727f3a1c@group-A0D359086315-LeaderElection95] INFO  server.RaftServerConfigKeys (ConfUtils.java:logGet(43)) - raft.server.write.element-limit = 4096 (default)
2019-10-11 03:36:58,879 [03e4f594-86c7-4fac-9da8-d4dc1efdb82f@group-E62635446C0F-LeaderElection94] INFO  server.RaftServerConfigKeys (ConfUtils.java:logGet(43)) - raft.server.watch.timeout = 10s (default)
2019-10-11 03:36:58,879 [2576ad6b-f584-4776-95e1-7cd0727f3a1c@group-A0D359086315-LeaderElection95] INFO  server.RaftServerConfigKeys (ConfUtils.java:logGet(43)) - raft.server.watch.timeout = 10s (default)
2019-10-11 03:36:58,879 [03e4f594-86c7-4fac-9da8-d4dc1efdb82f@group-E62635446C0F-LeaderElection94] INFO  server.RaftServerConfigKeys (ConfUtils.java:logGet(43)) - raft.server.watch.timeout.denomination = 1s (default)
2019-10-11 03:36:58,879 [2576ad6b-f584-4776-95e1-7cd0727f3a1c@group-A0D359086315-LeaderElection95] INFO  server.RaftServerConfigKeys (ConfUtils.java:logGet(43)) - raft.server.watch.timeout.denomination = 1s (default)
2019-10-11 03:36:58,879 [03e4f594-86c7-4fac-9da8-d4dc1efdb82f@group-E62635446C0F-LeaderElection94] INFO  server.RaftServerConfigKeys (ConfUtils.java:logGet(43)) - raft.server.watch.element-limit = 65536 (default)
2019-10-11 03:36:58,879 [2576ad6b-f584-4776-95e1-7cd0727f3a1c@group-A0D359086315-LeaderElection95] INFO  server.RaftServerConfigKeys (ConfUtils.java:logGet(43)) - raft.server.watch.element-limit = 65536 (default)
2019-10-11 03:36:58,882 [03e4f594-86c7-4fac-9da8-d4dc1efdb82f@group-E62635446C0F-LeaderElection94] INFO  impl.RoleInfo (RoleInfo.java:updateAndGet(143)) - 03e4f594-86c7-4fac-9da8-d4dc1efdb82f: start LeaderState
2019-10-11 03:36:58,882 [2576ad6b-f584-4776-95e1-7cd0727f3a1c@group-A0D359086315-LeaderElection95] INFO  impl.RoleInfo (RoleInfo.java:updateAndGet(143)) - 2576ad6b-f584-4776-95e1-7cd0727f3a1c: start LeaderState
2019-10-11 03:36:58,882 [03e4f594-86c7-4fac-9da8-d4dc1efdb82f@group-E62635446C0F-LeaderElection94] INFO  segmented.SegmentedRaftLogWorker (SegmentedRaftLogWorker.java:startLogSegment(385)) - 03e4f594-86c7-4fac-9da8-d4dc1efdb82f@group-E62635446C0F-SegmentedRaftLogWorker: Starting segment from index:0
2019-10-11 03:36:58,882 [2576ad6b-f584-4776-95e1-7cd0727f3a1c@group-A0D359086315-LeaderElection95] INFO  segmented.SegmentedRaftLogWorker (SegmentedRaftLogWorker.java:startLogSegment(385)) - 2576ad6b-f584-4776-95e1-7cd0727f3a1c@group-A0D359086315-SegmentedRaftLogWorker: Starting segment from index:0
2019-10-11 03:36:58,882 [03e4f594-86c7-4fac-9da8-d4dc1efdb82f@group-E62635446C0F-LeaderElection94] INFO  impl.RaftServerImpl (ServerState.java:setRaftConf(356)) - 03e4f594-86c7-4fac-9da8-d4dc1efdb82f@group-E62635446C0F: set configuration 0: [03e4f594-86c7-4fac-9da8-d4dc1efdb82f:192.168.151.96:43957], old=null at 0
2019-10-11 03:36:58,883 [2576ad6b-f584-4776-95e1-7cd0727f3a1c@group-A0D359086315-LeaderElection95] INFO  impl.RaftServerImpl (ServerState.java:setRaftConf(356)) - 2576ad6b-f584-4776-95e1-7cd0727f3a1c@group-A0D359086315: set configuration 0: [2576ad6b-f584-4776-95e1-7cd0727f3a1c:192.168.151.96:40317], old=null at 0
2019-10-11 03:36:58,899 [Thread-3622] INFO  impl.FollowerState (FollowerState.java:run(108)) - f182464e-c83e-4f22-a06f-1132466c2633@group-5B5FE269C201-FollowerState: change to CANDIDATE, lastRpcTime:5052ms, electionTimeout:5052ms
2019-10-11 03:36:58,900 [Thread-3622] INFO  impl.RoleInfo (RoleInfo.java:shutdownFollowerState(121)) - f182464e-c83e-4f22-a06f-1132466c2633: shutdown FollowerState
2019-10-11 03:36:58,900 [Thread-3622] INFO  impl.RaftServerImpl (RaftServerImpl.java:setRole(170)) - f182464e-c83e-4f22-a06f-1132466c2633@group-5B5FE269C201: changes role from  FOLLOWER to CANDIDATE at term 0 for changeToCandidate
2019-10-11 03:36:58,900 [Thread-3622] INFO  impl.RoleInfo (RoleInfo.java:updateAndGet(143)) - f182464e-c83e-4f22-a06f-1132466c2633: start LeaderElection
2019-10-11 03:36:58,922 [Thread-3614] INFO  impl.FollowerState (FollowerState.java:run(108)) - f182464e-c83e-4f22-a06f-1132466c2633@group-5F7F4F129E8D-FollowerState: change to CANDIDATE, lastRpcTime:5182ms, electionTimeout:5182ms
2019-10-11 03:36:58,922 [Thread-3614] INFO  impl.RoleInfo (RoleInfo.java:shutdownFollowerState(121)) - f182464e-c83e-4f22-a06f-1132466c2633: shutdown FollowerState
2019-10-11 03:36:58,922 [Thread-3614] INFO  impl.RaftServerImpl (RaftServerImpl.java:setRole(170)) - f182464e-c83e-4f22-a06f-1132466c2633@group-5F7F4F129E8D: changes role from  FOLLOWER to CANDIDATE at term 0 for changeToCandidate
2019-10-11 03:36:58,923 [Thread-3614] INFO  impl.RoleInfo (RoleInfo.java:updateAndGet(143)) - f182464e-c83e-4f22-a06f-1132466c2633: start LeaderElection
2019-10-11 03:36:58,929 [2576ad6b-f584-4776-95e1-7cd0727f3a1c@group-A0D359086315-SegmentedRaftLogWorker] INFO  segmented.SegmentedRaftLogWorker (SegmentedRaftLogWorker.java:execute(574)) - 2576ad6b-f584-4776-95e1-7cd0727f3a1c@group-A0D359086315-SegmentedRaftLogWorker: created new log segment /workdir/hadoop-ozone/integration-test/target/test-dir/MiniOzoneClusterImpl-41393050-cb04-463e-b451-9f8cbcecb76f/datanode-6/data/ratis/513322d9-90ed-4424-8ce6-a0d359086315/current/log_inprogress_0
2019-10-11 03:36:58,929 [03e4f594-86c7-4fac-9da8-d4dc1efdb82f@group-E62635446C0F-SegmentedRaftLogWorker] INFO  segmented.SegmentedRaftLogWorker (SegmentedRaftLogWorker.java:execute(574)) - 03e4f594-86c7-4fac-9da8-d4dc1efdb82f@group-E62635446C0F-SegmentedRaftLogWorker: created new log segment /workdir/hadoop-ozone/integration-test/target/test-dir/MiniOzoneClusterImpl-41393050-cb04-463e-b451-9f8cbcecb76f/datanode-4/data/ratis/5e07a6d2-e211-4edc-85da-e62635446c0f/current/log_inprogress_0
2019-10-11 03:36:58,930 [f182464e-c83e-4f22-a06f-1132466c2633@group-5B5FE269C201-LeaderElection96] INFO  impl.LeaderElection (LeaderElection.java:askForVotes(178)) - f182464e-c83e-4f22-a06f-1132466c2633@group-5B5FE269C201-LeaderElection96: begin an election at term 1 for -1: [03e4f594-86c7-4fac-9da8-d4dc1efdb82f:192.168.151.96:43957, f182464e-c83e-4f22-a06f-1132466c2633:192.168.151.96:34571, 6afc402c-563e-4dae-8086-9d1ee961591d:192.168.151.96:46033], old=null
2019-10-11 03:36:58,939 [grpc-default-executor-13] INFO  impl.RaftServerImpl (RaftServerImpl.java:setRole(170)) - 6afc402c-563e-4dae-8086-9d1ee961591d@group-5B5FE269C201: changes role from  FOLLOWER to FOLLOWER at term 1 for recognizeCandidate:f182464e-c83e-4f22-a06f-1132466c2633
2019-10-11 03:36:58,939 [grpc-default-executor-13] INFO  impl.RoleInfo (RoleInfo.java:shutdownFollowerState(121)) - 6afc402c-563e-4dae-8086-9d1ee961591d: shutdown FollowerState
2019-10-11 03:36:58,939 [f182464e-c83e-4f22-a06f-1132466c2633@group-5F7F4F129E8D-LeaderElection97] INFO  impl.LeaderElection (LeaderElection.java:askForVotes(178)) - f182464e-c83e-4f22-a06f-1132466c2633@group-5F7F4F129E8D-LeaderElection97: begin an election at term 1 for -1: [f182464e-c83e-4f22-a06f-1132466c2633:192.168.151.96:34571], old=null
2019-10-11 03:36:58,939 [grpc-default-executor-13] INFO  impl.RoleInfo (RoleInfo.java:updateAndGet(143)) - 6afc402c-563e-4dae-8086-9d1ee961591d: start FollowerState
2019-10-11 03:36:58,943 [Thread-3625] INFO  impl.FollowerState (FollowerState.java:run(117)) - 6afc402c-563e-4dae-8086-9d1ee961591d@group-5B5FE269C201-FollowerState was interrupted: java.lang.InterruptedException: sleep interrupted
2019-10-11 03:36:58,942 [f182464e-c83e-4f22-a06f-1132466c2633@group-5F7F4F129E8D-LeaderElection97] INFO  impl.RoleInfo (RoleInfo.java:shutdownLeaderElection(134)) - f182464e-c83e-4f22-a06f-1132466c2633: shutdown LeaderElection
2019-10-11 03:36:58,943 [grpc-default-executor-3] INFO  impl.RaftServerImpl (RaftServerImpl.java:setRole(170)) - 03e4f594-86c7-4fac-9da8-d4dc1efdb82f@group-5B5FE269C201: changes role from  FOLLOWER to FOLLOWER at term 1 for recognizeCandidate:f182464e-c83e-4f22-a06f-1132466c2633
2019-10-11 03:36:58,943 [f182464e-c83e-4f22-a06f-1132466c2633@group-5F7F4F129E8D-LeaderElection97] INFO  impl.RaftServerImpl (RaftServerImpl.java:setRole(170)) - f182464e-c83e-4f22-a06f-1132466c2633@group-5F7F4F129E8D: changes role from CANDIDATE to LEADER at term 1 for changeToLeader
2019-10-11 03:36:58,943 [grpc-default-executor-3] INFO  impl.RoleInfo (RoleInfo.java:shutdownFollowerState(121)) - 03e4f594-86c7-4fac-9da8-d4dc1efdb82f: shutdown FollowerState
2019-10-11 03:36:58,943 [f182464e-c83e-4f22-a06f-1132466c2633@group-5F7F4F129E8D-LeaderElection97] INFO  impl.RaftServerImpl (ServerState.java:setLeader(255)) - f182464e-c83e-4f22-a06f-1132466c2633@group-5F7F4F129E8D: change Leader from null to f182464e-c83e-4f22-a06f-1132466c2633 at term 1 for becomeLeader, leader elected after 5210ms
2019-10-11 03:36:58,943 [grpc-default-executor-3] INFO  impl.RoleInfo (RoleInfo.java:updateAndGet(143)) - 03e4f594-86c7-4fac-9da8-d4dc1efdb82f: start FollowerState
2019-10-11 03:36:58,943 [f182464e-c83e-4f22-a06f-1132466c2633@group-5F7F4F129E8D-LeaderElection97] INFO  server.RaftServerConfigKeys (ConfUtils.java:logGet(43)) - raft.server.staging.catchup.gap = 1000 (default)
2019-10-11 03:36:58,943 [Thread-3623] INFO  impl.FollowerState (FollowerState.java:run(117)) - 03e4f594-86c7-4fac-9da8-d4dc1efdb82f@group-5B5FE269C201-FollowerState was interrupted: java.lang.InterruptedException: sleep interrupted
2019-10-11 03:36:58,944 [f182464e-c83e-4f22-a06f-1132466c2633@group-5F7F4F129E8D-LeaderElection97] INFO  server.RaftServerConfigKeys (ConfUtils.java:logGet(43)) - raft.server.rpc.sleep.time = 25ms (default)
2019-10-11 03:36:58,944 [f182464e-c83e-4f22-a06f-1132466c2633@group-5F7F4F129E8D-LeaderElection97] INFO  server.RaftServerConfigKeys (ConfUtils.java:logGet(43)) - raft.server.write.element-limit = 4096 (default)
2019-10-11 03:36:58,944 [f182464e-c83e-4f22-a06f-1132466c2633@group-5F7F4F129E8D-LeaderElection97] INFO  server.RaftServerConfigKeys (ConfUtils.java:logGet(43)) - raft.server.watch.timeout = 10s (default)
2019-10-11 03:36:58,944 [f182464e-c83e-4f22-a06f-1132466c2633@group-5F7F4F129E8D-LeaderElection97] INFO  server.RaftServerConfigKeys (ConfUtils.java:logGet(43)) - raft.server.watch.timeout.denomination = 1s (default)
2019-10-11 03:36:58,944 [f182464e-c83e-4f22-a06f-1132466c2633@group-5F7F4F129E8D-LeaderElection97] INFO  server.RaftServerConfigKeys (ConfUtils.java:logGet(43)) - raft.server.watch.element-limit = 65536 (default)
2019-10-11 03:36:58,946 [f182464e-c83e-4f22-a06f-1132466c2633@group-5F7F4F129E8D-LeaderElection97] INFO  impl.RoleInfo (RoleInfo.java:updateAndGet(143)) - f182464e-c83e-4f22-a06f-1132466c2633: start LeaderState
2019-10-11 03:36:58,946 [f182464e-c83e-4f22-a06f-1132466c2633@group-5F7F4F129E8D-LeaderElection97] INFO  segmented.SegmentedRaftLogWorker (SegmentedRaftLogWorker.java:startLogSegment(385)) - f182464e-c83e-4f22-a06f-1132466c2633@group-5F7F4F129E8D-SegmentedRaftLogWorker: Starting segment from index:0
2019-10-11 03:36:58,947 [f182464e-c83e-4f22-a06f-1132466c2633@group-5F7F4F129E8D-LeaderElection97] INFO  impl.RaftServerImpl (ServerState.java:setRaftConf(356)) - f182464e-c83e-4f22-a06f-1132466c2633@group-5F7F4F129E8D: set configuration 0: [f182464e-c83e-4f22-a06f-1132466c2633:192.168.151.96:34571], old=null at 0
2019-10-11 03:36:58,953 [f182464e-c83e-4f22-a06f-1132466c2633@group-5B5FE269C201-LeaderElection96] INFO  impl.LeaderElection (LeaderElection.java:logAndReturn(56)) - f182464e-c83e-4f22-a06f-1132466c2633@group-5B5FE269C201-LeaderElection96: Election PASSED; received 1 response(s) [f182464e-c83e-4f22-a06f-1132466c2633<-6afc402c-563e-4dae-8086-9d1ee961591d#0:OK-t1] and 0 exception(s); f182464e-c83e-4f22-a06f-1132466c2633@group-5B5FE269C201:t1, leader=null, voted=f182464e-c83e-4f22-a06f-1132466c2633, raftlog=f182464e-c83e-4f22-a06f-1132466c2633@group-5B5FE269C201-SegmentedRaftLog:OPENED:c-1,f-1,i0, conf=-1: [03e4f594-86c7-4fac-9da8-d4dc1efdb82f:192.168.151.96:43957, f182464e-c83e-4f22-a06f-1132466c2633:192.168.151.96:34571, 6afc402c-563e-4dae-8086-9d1ee961591d:192.168.151.96:46033], old=null
2019-10-11 03:36:58,953 [f182464e-c83e-4f22-a06f-1132466c2633@group-5B5FE269C201-LeaderElection96] INFO  impl.RoleInfo (RoleInfo.java:shutdownLeaderElection(134)) - f182464e-c83e-4f22-a06f-1132466c2633: shutdown LeaderElection
2019-10-11 03:36:58,953 [f182464e-c83e-4f22-a06f-1132466c2633@group-5B5FE269C201-LeaderElection96] INFO  impl.RaftServerImpl (RaftServerImpl.java:setRole(170)) - f182464e-c83e-4f22-a06f-1132466c2633@group-5B5FE269C201: changes role from CANDIDATE to LEADER at term 1 for changeToLeader
2019-10-11 03:36:58,953 [f182464e-c83e-4f22-a06f-1132466c2633@group-5B5FE269C201-LeaderElection96] INFO  impl.RaftServerImpl (ServerState.java:setLeader(255)) - f182464e-c83e-4f22-a06f-1132466c2633@group-5B5FE269C201: change Leader from null to f182464e-c83e-4f22-a06f-1132466c2633 at term 1 for becomeLeader, leader elected after 5114ms
2019-10-11 03:36:58,953 [f182464e-c83e-4f22-a06f-1132466c2633@group-5B5FE269C201-LeaderElection96] INFO  server.RaftServerConfigKeys (ConfUtils.java:logGet(43)) - raft.server.staging.catchup.gap = 1000 (default)
2019-10-11 03:36:58,954 [f182464e-c83e-4f22-a06f-1132466c2633@group-5B5FE269C201-LeaderElection96] INFO  server.RaftServerConfigKeys (ConfUtils.java:logGet(43)) - raft.server.rpc.sleep.time = 25ms (default)
2019-10-11 03:36:58,954 [f182464e-c83e-4f22-a06f-1132466c2633@group-5B5FE269C201-LeaderElection96] INFO  server.RaftServerConfigKeys (ConfUtils.java:logGet(43)) - raft.server.write.element-limit = 4096 (default)
2019-10-11 03:36:58,954 [f182464e-c83e-4f22-a06f-1132466c2633@group-5B5FE269C201-LeaderElection96] INFO  server.RaftServerConfigKeys (ConfUtils.java:logGet(43)) - raft.server.watch.timeout = 10s (default)
2019-10-11 03:36:58,954 [f182464e-c83e-4f22-a06f-1132466c2633@group-5B5FE269C201-LeaderElection96] INFO  server.RaftServerConfigKeys (ConfUtils.java:logGet(43)) - raft.server.watch.timeout.denomination = 1s (default)
2019-10-11 03:36:58,954 [f182464e-c83e-4f22-a06f-1132466c2633@group-5B5FE269C201-LeaderElection96] INFO  server.RaftServerConfigKeys (ConfUtils.java:logGet(43)) - raft.server.watch.element-limit = 65536 (default)
2019-10-11 03:36:58,956 [f182464e-c83e-4f22-a06f-1132466c2633@group-5B5FE269C201-LeaderElection96] INFO  server.RaftServerConfigKeys (ConfUtils.java:logGet(43)) - raft.server.log.appender.snapshot.chunk.size.max = 16MB (=16777216) (default)
2019-10-11 03:36:58,956 [f182464e-c83e-4f22-a06f-1132466c2633@group-5B5FE269C201-LeaderElection96] INFO  server.RaftServerConfigKeys (ConfUtils.java:logGet(43)) - raft.server.log.appender.buffer.byte-limit = 33554432 (custom)
2019-10-11 03:36:58,956 [f182464e-c83e-4f22-a06f-1132466c2633@group-5B5FE269C201-LeaderElection96] INFO  server.RaftServerConfigKeys (ConfUtils.java:logGet(43)) - raft.server.log.appender.buffer.element-limit = 1 (custom)
2019-10-11 03:36:58,956 [f182464e-c83e-4f22-a06f-1132466c2633@group-5B5FE269C201-LeaderElection96] INFO  grpc.GrpcConfigKeys$Server (ConfUtils.java:logGet(43)) - raft.grpc.server.leader.outstanding.appends.max = 128 (default)
2019-10-11 03:36:58,956 [f182464e-c83e-4f22-a06f-1132466c2633@group-5B5FE269C201-LeaderElection96] INFO  server.RaftServerConfigKeys (ConfUtils.java:logGet(43)) - raft.server.rpc.request.timeout = 3000ms (default)
2019-10-11 03:36:58,956 [f182464e-c83e-4f22-a06f-1132466c2633@group-5B5FE269C201-LeaderElection96] INFO  server.RaftServerConfigKeys (ConfUtils.java:logGet(43)) - raft.server.log.appender.install.snapshot.enabled = false (custom)
2019-10-11 03:36:58,957 [f182464e-c83e-4f22-a06f-1132466c2633@group-5B5FE269C201-LeaderElection96] INFO  server.RaftServerConfigKeys (ConfUtils.java:logGet(43)) - raft.server.log.appender.snapshot.chunk.size.max = 16MB (=16777216) (default)
2019-10-11 03:36:58,957 [f182464e-c83e-4f22-a06f-1132466c2633@group-5B5FE269C201-LeaderElection96] INFO  server.RaftServerConfigKeys (ConfUtils.java:logGet(43)) - raft.server.log.appender.buffer.byte-limit = 33554432 (custom)
2019-10-11 03:36:58,957 [f182464e-c83e-4f22-a06f-1132466c2633@group-5B5FE269C201-LeaderElection96] INFO  server.RaftServerConfigKeys (ConfUtils.java:logGet(43)) - raft.server.log.appender.buffer.element-limit = 1 (custom)
2019-10-11 03:36:58,957 [f182464e-c83e-4f22-a06f-1132466c2633@group-5B5FE269C201-LeaderElection96] INFO  grpc.GrpcConfigKeys$Server (ConfUtils.java:logGet(43)) - raft.grpc.server.leader.outstanding.appends.max = 128 (default)
2019-10-11 03:36:58,957 [f182464e-c83e-4f22-a06f-1132466c2633@group-5B5FE269C201-LeaderElection96] INFO  server.RaftServerConfigKeys (ConfUtils.java:logGet(43)) - raft.server.rpc.request.timeout = 3000ms (default)
2019-10-11 03:36:58,957 [f182464e-c83e-4f22-a06f-1132466c2633@group-5B5FE269C201-LeaderElection96] INFO  server.RaftServerConfigKeys (ConfUtils.java:logGet(43)) - raft.server.log.appender.install.snapshot.enabled = false (custom)
2019-10-11 03:36:58,958 [f182464e-c83e-4f22-a06f-1132466c2633@group-5B5FE269C201-LeaderElection96] INFO  impl.RoleInfo (RoleInfo.java:updateAndGet(143)) - f182464e-c83e-4f22-a06f-1132466c2633: start LeaderState
2019-10-11 03:36:58,958 [f182464e-c83e-4f22-a06f-1132466c2633@group-5B5FE269C201-LeaderElection96] INFO  segmented.SegmentedRaftLogWorker (SegmentedRaftLogWorker.java:startLogSegment(385)) - f182464e-c83e-4f22-a06f-1132466c2633@group-5B5FE269C201-SegmentedRaftLogWorker: Starting segment from index:0
2019-10-11 03:36:58,959 [f182464e-c83e-4f22-a06f-1132466c2633@group-5B5FE269C201-LeaderElection96] INFO  impl.RaftServerImpl (ServerState.java:setRaftConf(356)) - f182464e-c83e-4f22-a06f-1132466c2633@group-5B5FE269C201: set configuration 0: [03e4f594-86c7-4fac-9da8-d4dc1efdb82f:192.168.151.96:43957, f182464e-c83e-4f22-a06f-1132466c2633:192.168.151.96:34571, 6afc402c-563e-4dae-8086-9d1ee961591d:192.168.151.96:46033], old=null at 0
2019-10-11 03:36:58,960 [grpc-default-executor-13] INFO  impl.RaftServerImpl (ServerState.java:setLeader(255)) - 6afc402c-563e-4dae-8086-9d1ee961591d@group-5B5FE269C201: change Leader from null to f182464e-c83e-4f22-a06f-1132466c2633 at term 1 for appendEntries, leader elected after 5120ms
2019-10-11 03:36:59,005 [grpc-default-executor-13] INFO  impl.RaftServerImpl (ServerState.java:setLeader(255)) - 03e4f594-86c7-4fac-9da8-d4dc1efdb82f@group-5B5FE269C201: change Leader from null to f182464e-c83e-4f22-a06f-1132466c2633 at term 1 for appendEntries, leader elected after 5165ms
2019-10-11 03:36:59,005 [f182464e-c83e-4f22-a06f-1132466c2633@group-5B5FE269C201-SegmentedRaftLogWorker] INFO  segmented.SegmentedRaftLogWorker (SegmentedRaftLogWorker.java:execute(574)) - f182464e-c83e-4f22-a06f-1132466c2633@group-5B5FE269C201-SegmentedRaftLogWorker: created new log segment /workdir/hadoop-ozone/integration-test/target/test-dir/MiniOzoneClusterImpl-41393050-cb04-463e-b451-9f8cbcecb76f/datanode-5/data/ratis/345cd870-79ed-473f-87e2-5b5fe269c201/current/log_inprogress_0
2019-10-11 03:36:59,005 [f182464e-c83e-4f22-a06f-1132466c2633@group-5F7F4F129E8D-SegmentedRaftLogWorker] INFO  segmented.SegmentedRaftLogWorker (SegmentedRaftLogWorker.java:execute(574)) - f182464e-c83e-4f22-a06f-1132466c2633@group-5F7F4F129E8D-SegmentedRaftLogWorker: created new log segment /workdir/hadoop-ozone/integration-test/target/test-dir/MiniOzoneClusterImpl-41393050-cb04-463e-b451-9f8cbcecb76f/datanode-5/data/ratis/79c0262f-b8fc-4915-853e-5f7f4f129e8d/current/log_inprogress_0
2019-10-11 03:36:59,006 [grpc-default-executor-13] INFO  impl.RaftServerImpl (ServerState.java:setRaftConf(356)) - 6afc402c-563e-4dae-8086-9d1ee961591d@group-5B5FE269C201: set configuration 0: [03e4f594-86c7-4fac-9da8-d4dc1efdb82f:192.168.151.96:43957, f182464e-c83e-4f22-a06f-1132466c2633:192.168.151.96:34571, 6afc402c-563e-4dae-8086-9d1ee961591d:192.168.151.96:46033], old=null at 0
2019-10-11 03:36:59,006 [grpc-default-executor-13] INFO  segmented.SegmentedRaftLogWorker (SegmentedRaftLogWorker.java:startLogSegment(385)) - 6afc402c-563e-4dae-8086-9d1ee961591d@group-5B5FE269C201-SegmentedRaftLogWorker: Starting segment from index:0
2019-10-11 03:36:59,006 [grpc-default-executor-3] INFO  impl.RaftServerImpl (ServerState.java:setRaftConf(356)) - 03e4f594-86c7-4fac-9da8-d4dc1efdb82f@group-5B5FE269C201: set configuration 0: [03e4f594-86c7-4fac-9da8-d4dc1efdb82f:192.168.151.96:43957, f182464e-c83e-4f22-a06f-1132466c2633:192.168.151.96:34571, 6afc402c-563e-4dae-8086-9d1ee961591d:192.168.151.96:46033], old=null at 0
2019-10-11 03:36:59,007 [grpc-default-executor-3] INFO  segmented.SegmentedRaftLogWorker (SegmentedRaftLogWorker.java:startLogSegment(385)) - 03e4f594-86c7-4fac-9da8-d4dc1efdb82f@group-5B5FE269C201-SegmentedRaftLogWorker: Starting segment from index:0
2019-10-11 03:36:59,057 [6afc402c-563e-4dae-8086-9d1ee961591d@group-5B5FE269C201-SegmentedRaftLogWorker] INFO  segmented.SegmentedRaftLogWorker (SegmentedRaftLogWorker.java:execute(574)) - 6afc402c-563e-4dae-8086-9d1ee961591d@group-5B5FE269C201-SegmentedRaftLogWorker: created new log segment /workdir/hadoop-ozone/integration-test/target/test-dir/MiniOzoneClusterImpl-41393050-cb04-463e-b451-9f8cbcecb76f/datanode-3/data/ratis/345cd870-79ed-473f-87e2-5b5fe269c201/current/log_inprogress_0
2019-10-11 03:36:59,057 [03e4f594-86c7-4fac-9da8-d4dc1efdb82f@group-5B5FE269C201-SegmentedRaftLogWorker] INFO  segmented.SegmentedRaftLogWorker (SegmentedRaftLogWorker.java:execute(574)) - 03e4f594-86c7-4fac-9da8-d4dc1efdb82f@group-5B5FE269C201-SegmentedRaftLogWorker: created new log segment /workdir/hadoop-ozone/integration-test/target/test-dir/MiniOzoneClusterImpl-41393050-cb04-463e-b451-9f8cbcecb76f/datanode-4/data/ratis/345cd870-79ed-473f-87e2-5b5fe269c201/current/log_inprogress_0
2019-10-11 03:37:00,124 [EventQueue-CloseContainerForCloseContainerEventHandler] INFO  container.CloseContainerEventHandler (CloseContainerEventHandler.java:onMessage(61)) - Close container Event triggered for container : #1
2019-10-11 03:37:00,125 [EventQueue-CloseContainerForCloseContainerEventHandler] INFO  container.CloseContainerEventHandler (CloseContainerEventHandler.java:onMessage(61)) - Close container Event triggered for container : #1
2019-10-11 03:37:00,125 [EventQueue-CloseContainerForCloseContainerEventHandler] INFO  container.CloseContainerEventHandler (CloseContainerEventHandler.java:onMessage(61)) - Close container Event triggered for container : #1
2019-10-11 03:37:02,118 [RatisApplyTransactionExecutor 1] INFO  interfaces.Container (KeyValueContainer.java:flushAndSyncDB(386)) - Container 1 is synced with bcsId 4.
2019-10-11 03:37:02,118 [RatisApplyTransactionExecutor 1] INFO  interfaces.Container (KeyValueContainer.java:flushAndSyncDB(386)) - Container 1 is synced with bcsId 4.
2019-10-11 03:37:02,119 [RatisApplyTransactionExecutor 1] INFO  interfaces.Container (KeyValueContainer.java:flushAndSyncDB(386)) - Container 1 is synced with bcsId 4.
2019-10-11 03:37:02,119 [RatisApplyTransactionExecutor 1] INFO  interfaces.Container (KeyValueContainer.java:flushAndSyncDB(386)) - Container 1 is synced with bcsId 4.
2019-10-11 03:37:02,119 [RatisApplyTransactionExecutor 1] INFO  interfaces.Container (KeyValueContainer.java:flushAndSyncDB(386)) - Container 1 is synced with bcsId 4.
2019-10-11 03:37:02,119 [RatisApplyTransactionExecutor 1] INFO  interfaces.Container (KeyValueContainer.java:flushAndSyncDB(386)) - Container 1 is synced with bcsId 4.
03:37:02.128 [grpc-default-executor-13] ERROR DNAudit - user=null | ip=null | op=WRITE_CHUNK {blockData=conID: 1 locID: 102941656010719248 bcsId: 4} | ret=FAILURE
org.apache.hadoop.hdds.scm.container.common.helpers.ContainerNotOpenException: Container 1 in CLOSED state
	at org.apache.hadoop.ozone.container.common.impl.HddsDispatcher.validateContainerCommand(HddsDispatcher.java:436) ~[hadoop-hdds-container-service-0.5.0-SNAPSHOT.jar:?]
	at org.apache.hadoop.ozone.container.common.transport.server.ratis.ContainerStateMachine.startTransaction(ContainerStateMachine.java:320) ~[hadoop-hdds-container-service-0.5.0-SNAPSHOT.jar:?]
	at org.apache.ratis.server.impl.RaftServerImpl.submitClientRequestAsync(RaftServerImpl.java:569) ~[ratis-server-0.5.0-201fc85-SNAPSHOT.jar:0.5.0-201fc85-SNAPSHOT]
	at org.apache.ratis.server.impl.RaftServerProxy.lambda$submitClientRequestAsync$7(RaftServerProxy.java:333) ~[ratis-server-0.5.0-201fc85-SNAPSHOT.jar:0.5.0-201fc85-SNAPSHOT]
	at org.apache.ratis.server.impl.RaftServerProxy.lambda$null$5(RaftServerProxy.java:328) ~[ratis-server-0.5.0-201fc85-SNAPSHOT.jar:0.5.0-201fc85-SNAPSHOT]
	at org.apache.ratis.util.JavaUtils.callAsUnchecked(JavaUtils.java:109) ~[ratis-common-0.5.0-201fc85-SNAPSHOT.jar:0.5.0-201fc85-SNAPSHOT]
	at org.apache.ratis.server.impl.RaftServerProxy.lambda$submitRequest$6(RaftServerProxy.java:328) ~[ratis-server-0.5.0-201fc85-SNAPSHOT.jar:0.5.0-201fc85-SNAPSHOT]
	at java.util.concurrent.CompletableFuture.uniComposeStage(CompletableFuture.java:981) ~[?:1.8.0_212]
	at java.util.concurrent.CompletableFuture.thenCompose(CompletableFuture.java:2124) ~[?:1.8.0_212]
	at org.apache.ratis.server.impl.RaftServerProxy.submitRequest(RaftServerProxy.java:327) ~[ratis-server-0.5.0-201fc85-SNAPSHOT.jar:0.5.0-201fc85-SNAPSHOT]
	at org.apache.ratis.server.impl.RaftServerProxy.submitClientRequestAsync(RaftServerProxy.java:333) ~[ratis-server-0.5.0-201fc85-SNAPSHOT.jar:0.5.0-201fc85-SNAPSHOT]
	at org.apache.ratis.grpc.client.GrpcClientProtocolService$RequestStreamObserver.processClientRequest(GrpcClientProtocolService.java:220) ~[ratis-grpc-0.5.0-201fc85-SNAPSHOT.jar:0.5.0-201fc85-SNAPSHOT]
	at org.apache.ratis.grpc.client.GrpcClientProtocolService$OrderedRequestStreamObserver.processClientRequest(GrpcClientProtocolService.java:326) ~[ratis-grpc-0.5.0-201fc85-SNAPSHOT.jar:0.5.0-201fc85-SNAPSHOT]
	at org.apache.ratis.util.SlidingWindow$Server.processRequestsFromHead(SlidingWindow.java:429) [ratis-common-0.5.0-201fc85-SNAPSHOT.jar:0.5.0-201fc85-SNAPSHOT]
	at org.apache.ratis.util.SlidingWindow$Server.receivedRequest(SlidingWindow.java:421) [ratis-common-0.5.0-201fc85-SNAPSHOT.jar:0.5.0-201fc85-SNAPSHOT]
	at org.apache.ratis.grpc.client.GrpcClientProtocolService$OrderedRequestStreamObserver.processClientRequest(GrpcClientProtocolService.java:345) [ratis-grpc-0.5.0-201fc85-SNAPSHOT.jar:0.5.0-201fc85-SNAPSHOT]
	at org.apache.ratis.grpc.client.GrpcClientProtocolService$RequestStreamObserver.onNext(GrpcClientProtocolService.java:240) [ratis-grpc-0.5.0-201fc85-SNAPSHOT.jar:0.5.0-201fc85-SNAPSHOT]
	at org.apache.ratis.grpc.client.GrpcClientProtocolService$RequestStreamObserver.onNext(GrpcClientProtocolService.java:168) [ratis-grpc-0.5.0-201fc85-SNAPSHOT.jar:0.5.0-201fc85-SNAPSHOT]
	at org.apache.ratis.thirdparty.io.grpc.stub.ServerCalls$StreamingServerCallHandler$StreamingServerCallListener.onMessage(ServerCalls.java:248) [ratis-thirdparty-misc-0.2.0.jar:0.2.0]
	at org.apache.ratis.thirdparty.io.grpc.internal.ServerCallImpl$ServerStreamListenerImpl.messagesAvailable(ServerCallImpl.java:263) [ratis-thirdparty-misc-0.2.0.jar:0.2.0]
	at org.apache.ratis.thirdparty.io.grpc.internal.ServerImpl$JumpToApplicationThreadServerStreamListener$1MessagesAvailable.runInContext(ServerImpl.java:686) [ratis-thirdparty-misc-0.2.0.jar:0.2.0]
	at org.apache.ratis.thirdparty.io.grpc.internal.ContextRunnable.run(ContextRunnable.java:37) [ratis-thirdparty-misc-0.2.0.jar:0.2.0]
	at org.apache.ratis.thirdparty.io.grpc.internal.SerializingExecutor.run(SerializingExecutor.java:123) [ratis-thirdparty-misc-0.2.0.jar:0.2.0]
	at java.util.concurrent.ThreadPoolExecutor.runWorker(ThreadPoolExecutor.java:1149) [?:1.8.0_212]
	at java.util.concurrent.ThreadPoolExecutor$Worker.run(ThreadPoolExecutor.java:624) [?:1.8.0_212]
	at java.lang.Thread.run(Thread.java:748) [?:1.8.0_212]
03:37:02.130 [grpc-default-executor-13] ERROR DNAudit - user=null | ip=null | op=WRITE_CHUNK {blockData=conID: 1 locID: 102941656010719248 bcsId: 4} | ret=FAILURE
org.apache.hadoop.hdds.scm.container.common.helpers.ContainerNotOpenException: Container 1 in CLOSED state
	at org.apache.hadoop.ozone.container.common.impl.HddsDispatcher.validateContainerCommand(HddsDispatcher.java:436) ~[hadoop-hdds-container-service-0.5.0-SNAPSHOT.jar:?]
	at org.apache.hadoop.ozone.container.common.transport.server.ratis.ContainerStateMachine.startTransaction(ContainerStateMachine.java:320) ~[hadoop-hdds-container-service-0.5.0-SNAPSHOT.jar:?]
	at org.apache.ratis.server.impl.RaftServerImpl.submitClientRequestAsync(RaftServerImpl.java:569) ~[ratis-server-0.5.0-201fc85-SNAPSHOT.jar:0.5.0-201fc85-SNAPSHOT]
	at org.apache.ratis.server.impl.RaftServerProxy.lambda$submitClientRequestAsync$7(RaftServerProxy.java:333) ~[ratis-server-0.5.0-201fc85-SNAPSHOT.jar:0.5.0-201fc85-SNAPSHOT]
	at org.apache.ratis.server.impl.RaftServerProxy.lambda$null$5(RaftServerProxy.java:328) ~[ratis-server-0.5.0-201fc85-SNAPSHOT.jar:0.5.0-201fc85-SNAPSHOT]
	at org.apache.ratis.util.JavaUtils.callAsUnchecked(JavaUtils.java:109) ~[ratis-common-0.5.0-201fc85-SNAPSHOT.jar:0.5.0-201fc85-SNAPSHOT]
	at org.apache.ratis.server.impl.RaftServerProxy.lambda$submitRequest$6(RaftServerProxy.java:328) ~[ratis-server-0.5.0-201fc85-SNAPSHOT.jar:0.5.0-201fc85-SNAPSHOT]
	at java.util.concurrent.CompletableFuture.uniComposeStage(CompletableFuture.java:981) ~[?:1.8.0_212]
	at java.util.concurrent.CompletableFuture.thenCompose(CompletableFuture.java:2124) ~[?:1.8.0_212]
	at org.apache.ratis.server.impl.RaftServerProxy.submitRequest(RaftServerProxy.java:327) ~[ratis-server-0.5.0-201fc85-SNAPSHOT.jar:0.5.0-201fc85-SNAPSHOT]
	at org.apache.ratis.server.impl.RaftServerProxy.submitClientRequestAsync(RaftServerProxy.java:333) ~[ratis-server-0.5.0-201fc85-SNAPSHOT.jar:0.5.0-201fc85-SNAPSHOT]
	at org.apache.ratis.grpc.client.GrpcClientProtocolService$RequestStreamObserver.processClientRequest(GrpcClientProtocolService.java:220) ~[ratis-grpc-0.5.0-201fc85-SNAPSHOT.jar:0.5.0-201fc85-SNAPSHOT]
	at org.apache.ratis.grpc.client.GrpcClientProtocolService$OrderedRequestStreamObserver.processClientRequest(GrpcClientProtocolService.java:326) ~[ratis-grpc-0.5.0-201fc85-SNAPSHOT.jar:0.5.0-201fc85-SNAPSHOT]
	at org.apache.ratis.util.SlidingWindow$Server.processRequestsFromHead(SlidingWindow.java:429) [ratis-common-0.5.0-201fc85-SNAPSHOT.jar:0.5.0-201fc85-SNAPSHOT]
	at org.apache.ratis.util.SlidingWindow$Server.receivedRequest(SlidingWindow.java:421) [ratis-common-0.5.0-201fc85-SNAPSHOT.jar:0.5.0-201fc85-SNAPSHOT]
	at org.apache.ratis.grpc.client.GrpcClientProtocolService$OrderedRequestStreamObserver.processClientRequest(GrpcClientProtocolService.java:345) [ratis-grpc-0.5.0-201fc85-SNAPSHOT.jar:0.5.0-201fc85-SNAPSHOT]
	at org.apache.ratis.grpc.client.GrpcClientProtocolService$RequestStreamObserver.onNext(GrpcClientProtocolService.java:240) [ratis-grpc-0.5.0-201fc85-SNAPSHOT.jar:0.5.0-201fc85-SNAPSHOT]
	at org.apache.ratis.grpc.client.GrpcClientProtocolService$RequestStreamObserver.onNext(GrpcClientProtocolService.java:168) [ratis-grpc-0.5.0-201fc85-SNAPSHOT.jar:0.5.0-201fc85-SNAPSHOT]
	at org.apache.ratis.thirdparty.io.grpc.stub.ServerCalls$StreamingServerCallHandler$StreamingServerCallListener.onMessage(ServerCalls.java:248) [ratis-thirdparty-misc-0.2.0.jar:0.2.0]
	at org.apache.ratis.thirdparty.io.grpc.internal.ServerCallImpl$ServerStreamListenerImpl.messagesAvailable(ServerCallImpl.java:263) [ratis-thirdparty-misc-0.2.0.jar:0.2.0]
	at org.apache.ratis.thirdparty.io.grpc.internal.ServerImpl$JumpToApplicationThreadServerStreamListener$1MessagesAvailable.runInContext(ServerImpl.java:686) [ratis-thirdparty-misc-0.2.0.jar:0.2.0]
	at org.apache.ratis.thirdparty.io.grpc.internal.ContextRunnable.run(ContextRunnable.java:37) [ratis-thirdparty-misc-0.2.0.jar:0.2.0]
	at org.apache.ratis.thirdparty.io.grpc.internal.SerializingExecutor.run(SerializingExecutor.java:123) [ratis-thirdparty-misc-0.2.0.jar:0.2.0]
	at java.util.concurrent.ThreadPoolExecutor.runWorker(ThreadPoolExecutor.java:1149) [?:1.8.0_212]
	at java.util.concurrent.ThreadPoolExecutor$Worker.run(ThreadPoolExecutor.java:624) [?:1.8.0_212]
	at java.lang.Thread.run(Thread.java:748) [?:1.8.0_212]
2019-10-11 03:37:02,135 [RatisApplyTransactionExecutor 1] INFO  interfaces.Container (KeyValueContainer.java:close(335)) - Container 1 is closed with bcsId 4.
2019-10-11 03:37:02,135 [RatisApplyTransactionExecutor 1] INFO  interfaces.Container (KeyValueContainer.java:close(335)) - Container 1 is closed with bcsId 4.
2019-10-11 03:37:02,135 [RatisApplyTransactionExecutor 1] INFO  interfaces.Container (KeyValueContainer.java:close(335)) - Container 1 is closed with bcsId 4.
2019-10-11 03:37:02,136 [EventQueue-IncrementalContainerReportForIncrementalContainerReportHandler] INFO  container.IncrementalContainerReportHandler (AbstractContainerReportHandler.java:updateContainerState(178)) - Moving container #1 to CLOSED state, datanode 03e4f594-86c7-4fac-9da8-d4dc1efdb82f{ip: 192.168.151.96, host: pr-hdds-2181-p9m8s-78523098, networkLocation: /default-rack, certSerialId: null} reported CLOSED replica.
03:37:02.136 [grpc-default-executor-13] ERROR DNAudit - user=null | ip=null | op=PUT_BLOCK {blockData=[blockId=conID: 1 locID: 102941656010719248 bcsId: 0,size=334]} | ret=FAILURE
org.apache.hadoop.hdds.scm.container.common.helpers.ContainerNotOpenException: Container 1 in CLOSED state
	at org.apache.hadoop.ozone.container.common.impl.HddsDispatcher.validateContainerCommand(HddsDispatcher.java:436) ~[hadoop-hdds-container-service-0.5.0-SNAPSHOT.jar:?]
	at org.apache.hadoop.ozone.container.common.transport.server.ratis.ContainerStateMachine.startTransaction(ContainerStateMachine.java:320) ~[hadoop-hdds-container-service-0.5.0-SNAPSHOT.jar:?]
	at org.apache.ratis.server.impl.RaftServerImpl.submitClientRequestAsync(RaftServerImpl.java:569) ~[ratis-server-0.5.0-201fc85-SNAPSHOT.jar:0.5.0-201fc85-SNAPSHOT]
	at org.apache.ratis.server.impl.RaftServerProxy.lambda$submitClientRequestAsync$7(RaftServerProxy.java:333) ~[ratis-server-0.5.0-201fc85-SNAPSHOT.jar:0.5.0-201fc85-SNAPSHOT]
	at org.apache.ratis.server.impl.RaftServerProxy.lambda$null$5(RaftServerProxy.java:328) ~[ratis-server-0.5.0-201fc85-SNAPSHOT.jar:0.5.0-201fc85-SNAPSHOT]
	at org.apache.ratis.util.JavaUtils.callAsUnchecked(JavaUtils.java:109) ~[ratis-common-0.5.0-201fc85-SNAPSHOT.jar:0.5.0-201fc85-SNAPSHOT]
	at org.apache.ratis.server.impl.RaftServerProxy.lambda$submitRequest$6(RaftServerProxy.java:328) ~[ratis-server-0.5.0-201fc85-SNAPSHOT.jar:0.5.0-201fc85-SNAPSHOT]
	at java.util.concurrent.CompletableFuture.uniComposeStage(CompletableFuture.java:981) ~[?:1.8.0_212]
	at java.util.concurrent.CompletableFuture.thenCompose(CompletableFuture.java:2124) ~[?:1.8.0_212]
	at org.apache.ratis.server.impl.RaftServerProxy.submitRequest(RaftServerProxy.java:327) ~[ratis-server-0.5.0-201fc85-SNAPSHOT.jar:0.5.0-201fc85-SNAPSHOT]
	at org.apache.ratis.server.impl.RaftServerProxy.submitClientRequestAsync(RaftServerProxy.java:333) ~[ratis-server-0.5.0-201fc85-SNAPSHOT.jar:0.5.0-201fc85-SNAPSHOT]
	at org.apache.ratis.grpc.client.GrpcClientProtocolService$RequestStreamObserver.processClientRequest(GrpcClientProtocolService.java:220) ~[ratis-grpc-0.5.0-201fc85-SNAPSHOT.jar:0.5.0-201fc85-SNAPSHOT]
	at org.apache.ratis.grpc.client.GrpcClientProtocolService$OrderedRequestStreamObserver.processClientRequest(GrpcClientProtocolService.java:326) ~[ratis-grpc-0.5.0-201fc85-SNAPSHOT.jar:0.5.0-201fc85-SNAPSHOT]
	at org.apache.ratis.util.SlidingWindow$Server.processRequestsFromHead(SlidingWindow.java:429) [ratis-common-0.5.0-201fc85-SNAPSHOT.jar:0.5.0-201fc85-SNAPSHOT]
	at org.apache.ratis.util.SlidingWindow$Server.receivedRequest(SlidingWindow.java:421) [ratis-common-0.5.0-201fc85-SNAPSHOT.jar:0.5.0-201fc85-SNAPSHOT]
	at org.apache.ratis.grpc.client.GrpcClientProtocolService$OrderedRequestStreamObserver.processClientRequest(GrpcClientProtocolService.java:345) [ratis-grpc-0.5.0-201fc85-SNAPSHOT.jar:0.5.0-201fc85-SNAPSHOT]
	at org.apache.ratis.grpc.client.GrpcClientProtocolService$RequestStreamObserver.onNext(GrpcClientProtocolService.java:240) [ratis-grpc-0.5.0-201fc85-SNAPSHOT.jar:0.5.0-201fc85-SNAPSHOT]
	at org.apache.ratis.grpc.client.GrpcClientProtocolService$RequestStreamObserver.onNext(GrpcClientProtocolService.java:168) [ratis-grpc-0.5.0-201fc85-SNAPSHOT.jar:0.5.0-201fc85-SNAPSHOT]
	at org.apache.ratis.thirdparty.io.grpc.stub.ServerCalls$StreamingServerCallHandler$StreamingServerCallListener.onMessage(ServerCalls.java:248) [ratis-thirdparty-misc-0.2.0.jar:0.2.0]
	at org.apache.ratis.thirdparty.io.grpc.internal.ServerCallImpl$ServerStreamListenerImpl.messagesAvailable(ServerCallImpl.java:263) [ratis-thirdparty-misc-0.2.0.jar:0.2.0]
	at org.apache.ratis.thirdparty.io.grpc.internal.ServerImpl$JumpToApplicationThreadServerStreamListener$1MessagesAvailable.runInContext(ServerImpl.java:686) [ratis-thirdparty-misc-0.2.0.jar:0.2.0]
	at org.apache.ratis.thirdparty.io.grpc.internal.ContextRunnable.run(ContextRunnable.java:37) [ratis-thirdparty-misc-0.2.0.jar:0.2.0]
	at org.apache.ratis.thirdparty.io.grpc.internal.SerializingExecutor.run(SerializingExecutor.java:123) [ratis-thirdparty-misc-0.2.0.jar:0.2.0]
	at java.util.concurrent.ThreadPoolExecutor.runWorker(ThreadPoolExecutor.java:1149) [?:1.8.0_212]
	at java.util.concurrent.ThreadPoolExecutor$Worker.run(ThreadPoolExecutor.java:624) [?:1.8.0_212]
	at java.lang.Thread.run(Thread.java:748) [?:1.8.0_212]
2019-10-11 03:37:03,348 [main] WARN  scm.XceiverClientRatis (XceiverClientRatis.java:watchForCommit(277)) - 3 way commit failed on pipeline Pipeline[ Id: 345cd870-79ed-473f-87e2-5b5fe269c201, Nodes: f182464e-c83e-4f22-a06f-1132466c2633{ip: 192.168.151.96, host: pr-hdds-2181-p9m8s-78523098, networkLocation: /default-rack, certSerialId: null}6afc402c-563e-4dae-8086-9d1ee961591d{ip: 192.168.151.96, host: pr-hdds-2181-p9m8s-78523098, networkLocation: /default-rack, certSerialId: null}03e4f594-86c7-4fac-9da8-d4dc1efdb82f{ip: 192.168.151.96, host: pr-hdds-2181-p9m8s-78523098, networkLocation: /default-rack, certSerialId: null}, Type:RATIS, Factor:THREE, State:OPEN]
java.util.concurrent.TimeoutException
	at java.util.concurrent.CompletableFuture.timedGet(CompletableFuture.java:1771)
	at java.util.concurrent.CompletableFuture.get(CompletableFuture.java:1915)
	at org.apache.hadoop.hdds.scm.XceiverClientRatis.watchForCommit(XceiverClientRatis.java:274)
	at org.apache.hadoop.hdds.scm.storage.CommitWatcher.watchForCommit(CommitWatcher.java:198)
	at org.apache.hadoop.hdds.scm.storage.CommitWatcher.watchOnLastIndex(CommitWatcher.java:161)
	at org.apache.hadoop.hdds.scm.storage.BlockOutputStream.watchForCommit(BlockOutputStream.java:346)
	at org.apache.hadoop.hdds.scm.storage.BlockOutputStream.handleFlush(BlockOutputStream.java:482)
	at org.apache.hadoop.hdds.scm.storage.BlockOutputStream.flush(BlockOutputStream.java:431)
	at org.apache.hadoop.ozone.client.io.BlockOutputStreamEntry.flush(BlockOutputStreamEntry.java:136)
	at org.apache.hadoop.ozone.client.io.KeyOutputStream.handleFlushOrClose(KeyOutputStream.java:443)
	at org.apache.hadoop.ozone.client.io.KeyOutputStream.flush(KeyOutputStream.java:397)
	at org.apache.hadoop.ozone.client.io.OzoneOutputStream.flush(OzoneOutputStream.java:54)
	at org.apache.hadoop.ozone.client.rpc.TestBlockOutputStreamWithFailures.testFailureWithPrimeSizedData(TestBlockOutputStreamWithFailures.java:633)
	at sun.reflect.NativeMethodAccessorImpl.invoke0(Native Method)
	at sun.reflect.NativeMethodAccessorImpl.invoke(NativeMethodAccessorImpl.java:62)
	at sun.reflect.DelegatingMethodAccessorImpl.invoke(DelegatingMethodAccessorImpl.java:43)
	at java.lang.reflect.Method.invoke(Method.java:498)
	at org.junit.runners.model.FrameworkMethod$1.runReflectiveCall(FrameworkMethod.java:47)
	at org.junit.internal.runners.model.ReflectiveCallable.run(ReflectiveCallable.java:12)
	at org.junit.runners.model.FrameworkMethod.invokeExplosively(FrameworkMethod.java:44)
	at org.junit.internal.runners.statements.InvokeMethod.evaluate(InvokeMethod.java:17)
	at org.junit.internal.runners.statements.RunBefores.evaluate(RunBefores.java:26)
	at org.junit.internal.runners.statements.RunAfters.evaluate(RunAfters.java:27)
	at org.junit.runners.ParentRunner.runLeaf(ParentRunner.java:271)
	at org.junit.runners.BlockJUnit4ClassRunner.runChild(BlockJUnit4ClassRunner.java:70)
	at org.junit.runners.BlockJUnit4ClassRunner.runChild(BlockJUnit4ClassRunner.java:50)
	at org.junit.runners.ParentRunner$3.run(ParentRunner.java:238)
	at org.junit.runners.ParentRunner$1.schedule(ParentRunner.java:63)
	at org.junit.runners.ParentRunner.runChildren(ParentRunner.java:236)
	at org.junit.runners.ParentRunner.access$000(ParentRunner.java:53)
	at org.junit.runners.ParentRunner$2.evaluate(ParentRunner.java:229)
	at org.junit.runners.ParentRunner.run(ParentRunner.java:309)
	at org.apache.maven.surefire.junit4.JUnit4Provider.execute(JUnit4Provider.java:365)
	at org.apache.maven.surefire.junit4.JUnit4Provider.executeWithRerun(JUnit4Provider.java:273)
	at org.apache.maven.surefire.junit4.JUnit4Provider.executeTestSet(JUnit4Provider.java:238)
	at org.apache.maven.surefire.junit4.JUnit4Provider.invoke(JUnit4Provider.java:159)
	at org.apache.maven.surefire.booter.ForkedBooter.invokeProviderInSameClassLoader(ForkedBooter.java:384)
	at org.apache.maven.surefire.booter.ForkedBooter.runSuitesInProcess(ForkedBooter.java:345)
	at org.apache.maven.surefire.booter.ForkedBooter.execute(ForkedBooter.java:126)
	at org.apache.maven.surefire.booter.ForkedBooter.main(ForkedBooter.java:418)
2019-10-11 03:37:04,353 [main] WARN  storage.CommitWatcher (CommitWatcher.java:watchForCommit(207)) - watchForCommit failed for index 11
java.util.concurrent.TimeoutException
	at java.util.concurrent.CompletableFuture.timedGet(CompletableFuture.java:1771)
	at java.util.concurrent.CompletableFuture.get(CompletableFuture.java:1915)
	at org.apache.hadoop.hdds.scm.XceiverClientRatis.watchForCommit(XceiverClientRatis.java:283)
	at org.apache.hadoop.hdds.scm.storage.CommitWatcher.watchForCommit(CommitWatcher.java:198)
	at org.apache.hadoop.hdds.scm.storage.CommitWatcher.watchOnLastIndex(CommitWatcher.java:161)
	at org.apache.hadoop.hdds.scm.storage.BlockOutputStream.watchForCommit(BlockOutputStream.java:346)
	at org.apache.hadoop.hdds.scm.storage.BlockOutputStream.handleFlush(BlockOutputStream.java:482)
	at org.apache.hadoop.hdds.scm.storage.BlockOutputStream.flush(BlockOutputStream.java:431)
	at org.apache.hadoop.ozone.client.io.BlockOutputStreamEntry.flush(BlockOutputStreamEntry.java:136)
	at org.apache.hadoop.ozone.client.io.KeyOutputStream.handleFlushOrClose(KeyOutputStream.java:443)
	at org.apache.hadoop.ozone.client.io.KeyOutputStream.flush(KeyOutputStream.java:397)
	at org.apache.hadoop.ozone.client.io.OzoneOutputStream.flush(OzoneOutputStream.java:54)
	at org.apache.hadoop.ozone.client.rpc.TestBlockOutputStreamWithFailures.testFailureWithPrimeSizedData(TestBlockOutputStreamWithFailures.java:633)
	at sun.reflect.NativeMethodAccessorImpl.invoke0(Native Method)
	at sun.reflect.NativeMethodAccessorImpl.invoke(NativeMethodAccessorImpl.java:62)
	at sun.reflect.DelegatingMethodAccessorImpl.invoke(DelegatingMethodAccessorImpl.java:43)
	at java.lang.reflect.Method.invoke(Method.java:498)
	at org.junit.runners.model.FrameworkMethod$1.runReflectiveCall(FrameworkMethod.java:47)
	at org.junit.internal.runners.model.ReflectiveCallable.run(ReflectiveCallable.java:12)
	at org.junit.runners.model.FrameworkMethod.invokeExplosively(FrameworkMethod.java:44)
	at org.junit.internal.runners.statements.InvokeMethod.evaluate(InvokeMethod.java:17)
	at org.junit.internal.runners.statements.RunBefores.evaluate(RunBefores.java:26)
	at org.junit.internal.runners.statements.RunAfters.evaluate(RunAfters.java:27)
	at org.junit.runners.ParentRunner.runLeaf(ParentRunner.java:271)
	at org.junit.runners.BlockJUnit4ClassRunner.runChild(BlockJUnit4ClassRunner.java:70)
	at org.junit.runners.BlockJUnit4ClassRunner.runChild(BlockJUnit4ClassRunner.java:50)
	at org.junit.runners.ParentRunner$3.run(ParentRunner.java:238)
	at org.junit.runners.ParentRunner$1.schedule(ParentRunner.java:63)
	at org.junit.runners.ParentRunner.runChildren(ParentRunner.java:236)
	at org.junit.runners.ParentRunner.access$000(ParentRunner.java:53)
	at org.junit.runners.ParentRunner$2.evaluate(ParentRunner.java:229)
	at org.junit.runners.ParentRunner.run(ParentRunner.java:309)
	at org.apache.maven.surefire.junit4.JUnit4Provider.execute(JUnit4Provider.java:365)
	at org.apache.maven.surefire.junit4.JUnit4Provider.executeWithRerun(JUnit4Provider.java:273)
	at org.apache.maven.surefire.junit4.JUnit4Provider.executeTestSet(JUnit4Provider.java:238)
	at org.apache.maven.surefire.junit4.JUnit4Provider.invoke(JUnit4Provider.java:159)
	at org.apache.maven.surefire.booter.ForkedBooter.invokeProviderInSameClassLoader(ForkedBooter.java:384)
	at org.apache.maven.surefire.booter.ForkedBooter.runSuitesInProcess(ForkedBooter.java:345)
	at org.apache.maven.surefire.booter.ForkedBooter.execute(ForkedBooter.java:126)
	at org.apache.maven.surefire.booter.ForkedBooter.main(ForkedBooter.java:418)
2019-10-11 03:37:04,354 [main] WARN  io.KeyOutputStream (KeyOutputStream.java:handleException(274)) - Encountered exception java.io.IOException: Unexpected Storage Container Exception: java.io.IOException: Unexpected Storage Container Exception: java.util.concurrent.TimeoutException on the pipeline Pipeline[ Id: 345cd870-79ed-473f-87e2-5b5fe269c201, Nodes: f182464e-c83e-4f22-a06f-1132466c2633{ip: 192.168.151.96, host: pr-hdds-2181-p9m8s-78523098, networkLocation: /default-rack, certSerialId: null}6afc402c-563e-4dae-8086-9d1ee961591d{ip: 192.168.151.96, host: pr-hdds-2181-p9m8s-78523098, networkLocation: /default-rack, certSerialId: null}03e4f594-86c7-4fac-9da8-d4dc1efdb82f{ip: 192.168.151.96, host: pr-hdds-2181-p9m8s-78523098, networkLocation: /default-rack, certSerialId: null}, Type:RATIS, Factor:THREE, State:OPEN]. The last committed block length is 0, uncommitted data length is 167 retry count 0
2019-10-11 03:37:04,584 [main] INFO  ozone.MiniOzoneClusterImpl (MiniOzoneClusterImpl.java:shutdown(314)) - Shutting down the Mini Ozone Cluster
2019-10-11 03:37:04,584 [main] INFO  ozone.MiniOzoneClusterImpl (MiniOzoneClusterImpl.java:stop(330)) - Stopping the Mini Ozone Cluster
2019-10-11 03:37:04,584 [main] INFO  ozone.MiniOzoneClusterImpl (MiniOzoneClusterImpl.java:stopOM(400)) - Stopping the OzoneManager
2019-10-11 03:37:04,585 [main] INFO  ipc.Server (Server.java:stop(3082)) - Stopping server on 33992
2019-10-11 03:37:04,599 [IPC Server listener on 33992] INFO  ipc.Server (Server.java:run(1185)) - Stopping IPC Server listener on 33992
2019-10-11 03:37:04,601 [main] INFO  ratis.OzoneManagerDoubleBuffer (OzoneManagerDoubleBuffer.java:stop(250)) - Stopping OMDoubleBuffer flush thread
2019-10-11 03:37:04,606 [IPC Server Responder] INFO  ipc.Server (Server.java:run(1319)) - Stopping IPC Server Responder
2019-10-11 03:37:04,622 [OMDoubleBufferFlushThread] INFO  ratis.OzoneManagerDoubleBuffer (OzoneManagerDoubleBuffer.java:flushTransactions(193)) - OMDoubleBuffer flush thread OMDoubleBufferFlushThread is interrupted and will exit. OMDoubleBufferFlushThread
2019-10-11 03:37:04,622 [main] INFO  utils.BackgroundService (BackgroundService.java:shutdown(151)) - Shutting down service KeyDeletingService
2019-10-11 03:37:04,624 [main] INFO  handler.ContextHandler (ContextHandler.java:doStop(910)) - Stopped o.e.j.w.WebAppContext@c472300{/,null,UNAVAILABLE}{/ozoneManager}
2019-10-11 03:37:04,625 [main] INFO  server.AbstractConnector (AbstractConnector.java:doStop(318)) - Stopped ServerConnector@5f6494c0{HTTP/1.1,[http/1.1]}{0.0.0.0:0}
2019-10-11 03:37:04,625 [main] INFO  handler.ContextHandler (ContextHandler.java:doStop(910)) - Stopped o.e.j.s.ServletContextHandler@7a814310{/static,file:///workdir/hadoop-ozone/integration-test/target/test-classes/webapps/static,UNAVAILABLE}
2019-10-11 03:37:04,626 [main] INFO  handler.ContextHandler (ContextHandler.java:doStop(910)) - Stopped o.e.j.s.ServletContextHandler@b01cb8d{/logs,file:///workdir/hadoop-ozone/integration-test/target/log,UNAVAILABLE}
2019-10-11 03:37:04,628 [main] INFO  ozone.MiniOzoneClusterImpl (MiniOzoneClusterImpl.java:stopDatanodes(377)) - Stopping the HddsDatanodes
2019-10-11 03:37:05,262 [Datanode State Machine Thread - 0] INFO  statemachine.DatanodeStateMachine (DatanodeStateMachine.java:lambda$startDaemon$0(350)) - Ozone container server started.
2019-10-11 03:37:05,486 [Datanode State Machine Thread - 0] INFO  statemachine.DatanodeStateMachine (DatanodeStateMachine.java:lambda$startDaemon$0(350)) - Ozone container server started.
2019-10-11 03:37:09,312 [EventQueue-StaleNodeForStaleNodeHandler] INFO  node.StaleNodeHandler (StaleNodeHandler.java:onMessage(58)) - Datanode 03e4f594-86c7-4fac-9da8-d4dc1efdb82f{ip: 192.168.151.96, host: pr-hdds-2181-p9m8s-78523098, networkLocation: /default-rack, certSerialId: null} moved to stale state. Finalizing its pipelines [PipelineID=345cd870-79ed-473f-87e2-5b5fe269c201, PipelineID=5e07a6d2-e211-4edc-85da-e62635446c0f]
2019-10-11 03:37:09,313 [EventQueue-StaleNodeForStaleNodeHandler] INFO  pipeline.SCMPipelineManager (SCMPipelineManager.java:finalizeAndDestroyPipeline(315)) - destroying pipeline:Pipeline[ Id: 345cd870-79ed-473f-87e2-5b5fe269c201, Nodes: f182464e-c83e-4f22-a06f-1132466c2633{ip: 192.168.151.96, host: pr-hdds-2181-p9m8s-78523098, networkLocation: /default-rack, certSerialId: null}6afc402c-563e-4dae-8086-9d1ee961591d{ip: 192.168.151.96, host: pr-hdds-2181-p9m8s-78523098, networkLocation: /default-rack, certSerialId: null}03e4f594-86c7-4fac-9da8-d4dc1efdb82f{ip: 192.168.151.96, host: pr-hdds-2181-p9m8s-78523098, networkLocation: /default-rack, certSerialId: null}, Type:RATIS, Factor:THREE, State:OPEN]
2019-10-11 03:37:09,314 [EventQueue-StaleNodeForStaleNodeHandler] INFO  pipeline.PipelineStateManager (PipelineStateManager.java:finalizePipeline(123)) - Pipeline Pipeline[ Id: 345cd870-79ed-473f-87e2-5b5fe269c201, Nodes: f182464e-c83e-4f22-a06f-1132466c2633{ip: 192.168.151.96, host: pr-hdds-2181-p9m8s-78523098, networkLocation: /default-rack, certSerialId: null}6afc402c-563e-4dae-8086-9d1ee961591d{ip: 192.168.151.96, host: pr-hdds-2181-p9m8s-78523098, networkLocation: /default-rack, certSerialId: null}03e4f594-86c7-4fac-9da8-d4dc1efdb82f{ip: 192.168.151.96, host: pr-hdds-2181-p9m8s-78523098, networkLocation: /default-rack, certSerialId: null}, Type:RATIS, Factor:THREE, State:CLOSED] moved to CLOSED state
2019-10-11 03:37:09,314 [EventQueue-CloseContainerForCloseContainerEventHandler] INFO  container.CloseContainerEventHandler (CloseContainerEventHandler.java:onMessage(61)) - Close container Event triggered for container : #2
2019-10-11 03:37:09,325 [EventQueue-StaleNodeForStaleNodeHandler] INFO  pipeline.SCMPipelineManager (SCMPipelineManager.java:finalizeAndDestroyPipeline(315)) - destroying pipeline:Pipeline[ Id: 5e07a6d2-e211-4edc-85da-e62635446c0f, Nodes: 03e4f594-86c7-4fac-9da8-d4dc1efdb82f{ip: 192.168.151.96, host: pr-hdds-2181-p9m8s-78523098, networkLocation: /default-rack, certSerialId: null}, Type:RATIS, Factor:ONE, State:OPEN]
2019-10-11 03:37:09,328 [EventQueue-StaleNodeForStaleNodeHandler] INFO  pipeline.PipelineStateManager (PipelineStateManager.java:finalizePipeline(123)) - Pipeline Pipeline[ Id: 5e07a6d2-e211-4edc-85da-e62635446c0f, Nodes: 03e4f594-86c7-4fac-9da8-d4dc1efdb82f{ip: 192.168.151.96, host: pr-hdds-2181-p9m8s-78523098, networkLocation: /default-rack, certSerialId: null}, Type:RATIS, Factor:ONE, State:CLOSED] moved to CLOSED state
2019-10-11 03:37:09,512 [EventQueue-StaleNodeForStaleNodeHandler] INFO  node.StaleNodeHandler (StaleNodeHandler.java:onMessage(58)) - Datanode bfe1fb00-2040-48fe-b8b4-ec0722208c64{ip: 192.168.151.96, host: pr-hdds-2181-p9m8s-78523098, networkLocation: /default-rack, certSerialId: null} moved to stale state. Finalizing its pipelines [PipelineID=c89302b6-7eec-4a4e-8c4d-bec28bf7f3ff, PipelineID=5560f45e-22fc-47cf-a42a-0a2dd048406c]
2019-10-11 03:37:09,512 [EventQueue-StaleNodeForStaleNodeHandler] INFO  pipeline.SCMPipelineManager (SCMPipelineManager.java:finalizeAndDestroyPipeline(315)) - destroying pipeline:Pipeline[ Id: c89302b6-7eec-4a4e-8c4d-bec28bf7f3ff, Nodes: bfe1fb00-2040-48fe-b8b4-ec0722208c64{ip: 192.168.151.96, host: pr-hdds-2181-p9m8s-78523098, networkLocation: /default-rack, certSerialId: null}, Type:RATIS, Factor:ONE, State:OPEN]
2019-10-11 03:37:09,512 [EventQueue-StaleNodeForStaleNodeHandler] INFO  pipeline.PipelineStateManager (PipelineStateManager.java:finalizePipeline(123)) - Pipeline Pipeline[ Id: c89302b6-7eec-4a4e-8c4d-bec28bf7f3ff, Nodes: bfe1fb00-2040-48fe-b8b4-ec0722208c64{ip: 192.168.151.96, host: pr-hdds-2181-p9m8s-78523098, networkLocation: /default-rack, certSerialId: null}, Type:RATIS, Factor:ONE, State:CLOSED] moved to CLOSED state
2019-10-11 03:37:09,513 [EventQueue-StaleNodeForStaleNodeHandler] INFO  pipeline.SCMPipelineManager (SCMPipelineManager.java:finalizeAndDestroyPipeline(315)) - destroying pipeline:Pipeline[ Id: 5560f45e-22fc-47cf-a42a-0a2dd048406c, Nodes: acd3cc76-f45e-4125-acd5-33350e490971{ip: 192.168.151.96, host: pr-hdds-2181-p9m8s-78523098, networkLocation: /default-rack, certSerialId: null}bfe1fb00-2040-48fe-b8b4-ec0722208c64{ip: 192.168.151.96, host: pr-hdds-2181-p9m8s-78523098, networkLocation: /default-rack, certSerialId: null}65dcd157-7db8-4958-989c-892d657b393e{ip: 192.168.151.96, host: pr-hdds-2181-p9m8s-78523098, networkLocation: /default-rack, certSerialId: null}, Type:RATIS, Factor:THREE, State:OPEN]
2019-10-11 03:37:09,513 [EventQueue-StaleNodeForStaleNodeHandler] INFO  pipeline.PipelineStateManager (PipelineStateManager.java:finalizePipeline(123)) - Pipeline Pipeline[ Id: 5560f45e-22fc-47cf-a42a-0a2dd048406c, Nodes: acd3cc76-f45e-4125-acd5-33350e490971{ip: 192.168.151.96, host: pr-hdds-2181-p9m8s-78523098, networkLocation: /default-rack, certSerialId: null}bfe1fb00-2040-48fe-b8b4-ec0722208c64{ip: 192.168.151.96, host: pr-hdds-2181-p9m8s-78523098, networkLocation: /default-rack, certSerialId: null}65dcd157-7db8-4958-989c-892d657b393e{ip: 192.168.151.96, host: pr-hdds-2181-p9m8s-78523098, networkLocation: /default-rack, certSerialId: null}, Type:RATIS, Factor:THREE, State:CLOSED] moved to CLOSED state
2019-10-11 03:37:09,513 [EventQueue-CloseContainerForCloseContainerEventHandler] INFO  container.CloseContainerEventHandler (CloseContainerEventHandler.java:onMessage(61)) - Close container Event triggered for container : #3
2019-10-11 03:37:09,630 [ForkJoinPool.commonPool-worker-1] INFO  ozoneimpl.OzoneContainer (OzoneContainer.java:stop(227)) - Attempting to stop container services.
2019-10-11 03:37:09,630 [main] INFO  ozoneimpl.OzoneContainer (OzoneContainer.java:stop(227)) - Attempting to stop container services.
2019-10-11 03:37:09,634 [ForkJoinPool.commonPool-worker-1] INFO  impl.RaftServerProxy (RaftServerProxy.java:lambda$close$4(314)) - bfe1fb00-2040-48fe-b8b4-ec0722208c64: close
2019-10-11 03:37:09,634 [main] INFO  impl.RaftServerProxy (RaftServerProxy.java:lambda$close$4(314)) - 03e4f594-86c7-4fac-9da8-d4dc1efdb82f: close
2019-10-11 03:37:09,634 [ForkJoinPool.commonPool-worker-1] INFO  impl.RaftServerImpl (RaftServerImpl.java:lambda$shutdown$3(247)) - bfe1fb00-2040-48fe-b8b4-ec0722208c64@group-BEC28BF7F3FF: shutdown
2019-10-11 03:37:09,634 [main] INFO  impl.RaftServerImpl (RaftServerImpl.java:lambda$shutdown$3(247)) - 03e4f594-86c7-4fac-9da8-d4dc1efdb82f@group-5B5FE269C201: shutdown
2019-10-11 03:37:09,635 [ForkJoinPool.commonPool-worker-1] INFO  util.JmxRegister (JmxRegister.java:unregister(73)) - Successfully un-registered JMX Bean with object name Ratis:service=RaftServer,group=group-BEC28BF7F3FF,id=bfe1fb00-2040-48fe-b8b4-ec0722208c64
2019-10-11 03:37:09,635 [main] INFO  util.JmxRegister (JmxRegister.java:unregister(73)) - Successfully un-registered JMX Bean with object name Ratis:service=RaftServer,group=group-5B5FE269C201,id=03e4f594-86c7-4fac-9da8-d4dc1efdb82f
2019-10-11 03:37:09,635 [ForkJoinPool.commonPool-worker-1] INFO  impl.RoleInfo (RoleInfo.java:shutdownLeaderState(104)) - bfe1fb00-2040-48fe-b8b4-ec0722208c64: shutdown LeaderState
2019-10-11 03:37:09,635 [main] INFO  impl.RoleInfo (RoleInfo.java:shutdownFollowerState(121)) - 03e4f594-86c7-4fac-9da8-d4dc1efdb82f: shutdown FollowerState
2019-10-11 03:37:09,636 [ForkJoinPool.commonPool-worker-1] INFO  impl.PendingRequests (PendingRequests.java:sendNotLeaderResponses(202)) - bfe1fb00-2040-48fe-b8b4-ec0722208c64@group-BEC28BF7F3FF-PendingRequests: sendNotLeaderResponses
2019-10-11 03:37:09,636 [main] INFO  impl.StateMachineUpdater (StateMachineUpdater.java:stopAndJoin(136)) - 03e4f594-86c7-4fac-9da8-d4dc1efdb82f@group-5B5FE269C201-StateMachineUpdater: set stopIndex = 13
2019-10-11 03:37:09,636 [ForkJoinPool.commonPool-worker-1] INFO  impl.StateMachineUpdater (StateMachineUpdater.java:stopAndJoin(136)) - bfe1fb00-2040-48fe-b8b4-ec0722208c64@group-BEC28BF7F3FF-StateMachineUpdater: set stopIndex = 0
2019-10-11 03:37:09,636 [Thread-3685] INFO  impl.FollowerState (FollowerState.java:run(117)) - 03e4f594-86c7-4fac-9da8-d4dc1efdb82f@group-5B5FE269C201-FollowerState was interrupted: java.lang.InterruptedException: sleep interrupted
2019-10-11 03:37:09,636 [03e4f594-86c7-4fac-9da8-d4dc1efdb82f@group-5B5FE269C201-StateMachineUpdater] INFO  ratis.ContainerStateMachine (ContainerStateMachine.java:takeSnapshot(294)) - group-5B5FE269C201: Taking a snapshot at:(t:1, i:13) file /workdir/hadoop-ozone/integration-test/target/test-dir/MiniOzoneClusterImpl-41393050-cb04-463e-b451-9f8cbcecb76f/datanode-4/data/ratis/345cd870-79ed-473f-87e2-5b5fe269c201/sm/snapshot.1_13
2019-10-11 03:37:09,639 [ForkJoinPool.commonPool-worker-1] INFO  impl.RaftServerImpl (ServerState.java:close(387)) - bfe1fb00-2040-48fe-b8b4-ec0722208c64@group-BEC28BF7F3FF: closes. applyIndex: 0
2019-10-11 03:37:09,639 [bfe1fb00-2040-48fe-b8b4-ec0722208c64@group-BEC28BF7F3FF-SegmentedRaftLogWorker] INFO  segmented.SegmentedRaftLogWorker (SegmentedRaftLogWorker.java:run(316)) - bfe1fb00-2040-48fe-b8b4-ec0722208c64@group-BEC28BF7F3FF-SegmentedRaftLogWorker was interrupted, exiting. There are 0 tasks remaining in the queue.
2019-10-11 03:37:09,641 [ForkJoinPool.commonPool-worker-1] INFO  segmented.SegmentedRaftLogWorker (SegmentedRaftLogWorker.java:close(224)) - bfe1fb00-2040-48fe-b8b4-ec0722208c64@group-BEC28BF7F3FF-SegmentedRaftLogWorker close()
2019-10-11 03:37:09,645 [ForkJoinPool.commonPool-worker-1] INFO  impl.RaftServerImpl (RaftServerImpl.java:lambda$shutdown$3(247)) - bfe1fb00-2040-48fe-b8b4-ec0722208c64@group-0A2DD048406C: shutdown
2019-10-11 03:37:09,645 [ForkJoinPool.commonPool-worker-1] INFO  util.JmxRegister (JmxRegister.java:unregister(73)) - Successfully un-registered JMX Bean with object name Ratis:service=RaftServer,group=group-0A2DD048406C,id=bfe1fb00-2040-48fe-b8b4-ec0722208c64
2019-10-11 03:37:09,646 [ForkJoinPool.commonPool-worker-1] INFO  impl.RoleInfo (RoleInfo.java:shutdownFollowerState(121)) - bfe1fb00-2040-48fe-b8b4-ec0722208c64: shutdown FollowerState
2019-10-11 03:37:09,646 [ForkJoinPool.commonPool-worker-1] INFO  impl.StateMachineUpdater (StateMachineUpdater.java:stopAndJoin(136)) - bfe1fb00-2040-48fe-b8b4-ec0722208c64@group-0A2DD048406C-StateMachineUpdater: set stopIndex = 6
2019-10-11 03:37:09,646 [bfe1fb00-2040-48fe-b8b4-ec0722208c64@group-0A2DD048406C-StateMachineUpdater] INFO  ratis.ContainerStateMachine (ContainerStateMachine.java:takeSnapshot(294)) - group-0A2DD048406C: Taking a snapshot at:(t:1, i:4) file /workdir/hadoop-ozone/integration-test/target/test-dir/MiniOzoneClusterImpl-41393050-cb04-463e-b451-9f8cbcecb76f/datanode-1/data/ratis/5560f45e-22fc-47cf-a42a-0a2dd048406c/sm/snapshot.1_4
2019-10-11 03:37:09,646 [Thread-3659] INFO  impl.FollowerState (FollowerState.java:run(117)) - bfe1fb00-2040-48fe-b8b4-ec0722208c64@group-0A2DD048406C-FollowerState was interrupted: java.lang.InterruptedException: sleep interrupted
2019-10-11 03:37:09,653 [bfe1fb00-2040-48fe-b8b4-ec0722208c64@group-0A2DD048406C-StateMachineUpdater] INFO  ratis.ContainerStateMachine (ContainerStateMachine.java:takeSnapshot(305)) - group-0A2DD048406C: Finished taking a snapshot at:(t:1, i:4) file:/workdir/hadoop-ozone/integration-test/target/test-dir/MiniOzoneClusterImpl-41393050-cb04-463e-b451-9f8cbcecb76f/datanode-1/data/ratis/5560f45e-22fc-47cf-a42a-0a2dd048406c/sm/snapshot.1_4 time:6
2019-10-11 03:37:09,653 [03e4f594-86c7-4fac-9da8-d4dc1efdb82f@group-5B5FE269C201-StateMachineUpdater] INFO  ratis.ContainerStateMachine (ContainerStateMachine.java:takeSnapshot(305)) - group-5B5FE269C201: Finished taking a snapshot at:(t:1, i:13) file:/workdir/hadoop-ozone/integration-test/target/test-dir/MiniOzoneClusterImpl-41393050-cb04-463e-b451-9f8cbcecb76f/datanode-4/data/ratis/345cd870-79ed-473f-87e2-5b5fe269c201/sm/snapshot.1_13 time:16
2019-10-11 03:37:09,653 [bfe1fb00-2040-48fe-b8b4-ec0722208c64@group-0A2DD048406C-StateMachineUpdater] INFO  impl.StateMachineUpdater (StateMachineUpdater.java:takeSnapshot(269)) - bfe1fb00-2040-48fe-b8b4-ec0722208c64@group-0A2DD048406C-StateMachineUpdater: Took a snapshot at index 4
2019-10-11 03:37:09,653 [bfe1fb00-2040-48fe-b8b4-ec0722208c64@group-0A2DD048406C-StateMachineUpdater] INFO  impl.StateMachineUpdater (StateMachineUpdater.java:lambda$new$0(84)) - bfe1fb00-2040-48fe-b8b4-ec0722208c64@group-0A2DD048406C-StateMachineUpdater: snapshotIndex: updateIncreasingly -1 -> 4
2019-10-11 03:37:09,653 [03e4f594-86c7-4fac-9da8-d4dc1efdb82f@group-5B5FE269C201-StateMachineUpdater] INFO  impl.StateMachineUpdater (StateMachineUpdater.java:takeSnapshot(269)) - 03e4f594-86c7-4fac-9da8-d4dc1efdb82f@group-5B5FE269C201-StateMachineUpdater: Took a snapshot at index 13
2019-10-11 03:37:09,653 [03e4f594-86c7-4fac-9da8-d4dc1efdb82f@group-5B5FE269C201-StateMachineUpdater] INFO  impl.StateMachineUpdater (StateMachineUpdater.java:lambda$new$0(84)) - 03e4f594-86c7-4fac-9da8-d4dc1efdb82f@group-5B5FE269C201-StateMachineUpdater: snapshotIndex: updateIncreasingly -1 -> 13
2019-10-11 03:37:09,653 [bfe1fb00-2040-48fe-b8b4-ec0722208c64@group-0A2DD048406C-StateMachineUpdater] INFO  ratis.ContainerStateMachine (ContainerStateMachine.java:takeSnapshot(294)) - group-0A2DD048406C: Taking a snapshot at:(t:1, i:4) file /workdir/hadoop-ozone/integration-test/target/test-dir/MiniOzoneClusterImpl-41393050-cb04-463e-b451-9f8cbcecb76f/datanode-1/data/ratis/5560f45e-22fc-47cf-a42a-0a2dd048406c/sm/snapshot.1_4
2019-10-11 03:37:09,654 [main] INFO  impl.RaftServerImpl (ServerState.java:close(387)) - 03e4f594-86c7-4fac-9da8-d4dc1efdb82f@group-5B5FE269C201: closes. applyIndex: 13
2019-10-11 03:37:09,654 [03e4f594-86c7-4fac-9da8-d4dc1efdb82f@group-5B5FE269C201-SegmentedRaftLogWorker] INFO  segmented.SegmentedRaftLogWorker (SegmentedRaftLogWorker.java:run(316)) - 03e4f594-86c7-4fac-9da8-d4dc1efdb82f@group-5B5FE269C201-SegmentedRaftLogWorker was interrupted, exiting. There are 0 tasks remaining in the queue.
2019-10-11 03:37:09,656 [main] INFO  segmented.SegmentedRaftLogWorker (SegmentedRaftLogWorker.java:close(224)) - 03e4f594-86c7-4fac-9da8-d4dc1efdb82f@group-5B5FE269C201-SegmentedRaftLogWorker close()
2019-10-11 03:37:09,660 [main] INFO  impl.RaftServerImpl (RaftServerImpl.java:lambda$shutdown$3(247)) - 03e4f594-86c7-4fac-9da8-d4dc1efdb82f@group-E62635446C0F: shutdown
2019-10-11 03:37:09,660 [main] INFO  util.JmxRegister (JmxRegister.java:unregister(73)) - Successfully un-registered JMX Bean with object name Ratis:service=RaftServer,group=group-E62635446C0F,id=03e4f594-86c7-4fac-9da8-d4dc1efdb82f
2019-10-11 03:37:09,661 [main] INFO  impl.RoleInfo (RoleInfo.java:shutdownLeaderState(104)) - 03e4f594-86c7-4fac-9da8-d4dc1efdb82f: shutdown LeaderState
2019-10-11 03:37:09,661 [main] INFO  impl.PendingRequests (PendingRequests.java:sendNotLeaderResponses(202)) - 03e4f594-86c7-4fac-9da8-d4dc1efdb82f@group-E62635446C0F-PendingRequests: sendNotLeaderResponses
2019-10-11 03:37:09,661 [main] INFO  impl.StateMachineUpdater (StateMachineUpdater.java:stopAndJoin(136)) - 03e4f594-86c7-4fac-9da8-d4dc1efdb82f@group-E62635446C0F-StateMachineUpdater: set stopIndex = 0
2019-10-11 03:37:09,661 [main] INFO  impl.RaftServerImpl (ServerState.java:close(387)) - 03e4f594-86c7-4fac-9da8-d4dc1efdb82f@group-E62635446C0F: closes. applyIndex: 0
2019-10-11 03:37:09,662 [03e4f594-86c7-4fac-9da8-d4dc1efdb82f@group-E62635446C0F-SegmentedRaftLogWorker] INFO  segmented.SegmentedRaftLogWorker (SegmentedRaftLogWorker.java:run(316)) - 03e4f594-86c7-4fac-9da8-d4dc1efdb82f@group-E62635446C0F-SegmentedRaftLogWorker was interrupted, exiting. There are 0 tasks remaining in the queue.
2019-10-11 03:37:09,664 [main] INFO  segmented.SegmentedRaftLogWorker (SegmentedRaftLogWorker.java:close(224)) - 03e4f594-86c7-4fac-9da8-d4dc1efdb82f@group-E62635446C0F-SegmentedRaftLogWorker close()
2019-10-11 03:37:09,668 [main] INFO  server.GrpcService (GrpcService.java:closeImpl(164)) - 03e4f594-86c7-4fac-9da8-d4dc1efdb82f: shutdown server with port 43957 now
2019-10-11 03:37:09,668 [bfe1fb00-2040-48fe-b8b4-ec0722208c64@group-0A2DD048406C-StateMachineUpdater] INFO  ratis.ContainerStateMachine (ContainerStateMachine.java:takeSnapshot(305)) - group-0A2DD048406C: Finished taking a snapshot at:(t:1, i:4) file:/workdir/hadoop-ozone/integration-test/target/test-dir/MiniOzoneClusterImpl-41393050-cb04-463e-b451-9f8cbcecb76f/datanode-1/data/ratis/5560f45e-22fc-47cf-a42a-0a2dd048406c/sm/snapshot.1_4 time:14
2019-10-11 03:37:09,668 [bfe1fb00-2040-48fe-b8b4-ec0722208c64@group-0A2DD048406C-StateMachineUpdater] INFO  impl.StateMachineUpdater (StateMachineUpdater.java:takeSnapshot(269)) - bfe1fb00-2040-48fe-b8b4-ec0722208c64@group-0A2DD048406C-StateMachineUpdater: Took a snapshot at index 4
2019-10-11 03:37:09,670 [bfe1fb00-2040-48fe-b8b4-ec0722208c64@group-0A2DD048406C-StateMachineUpdater] INFO  impl.StateMachineUpdater (StateMachineUpdater.java:lambda$new$0(84)) - bfe1fb00-2040-48fe-b8b4-ec0722208c64@group-0A2DD048406C-StateMachineUpdater: snapshotIndex: updateIncreasingly 4 -> 4
2019-10-11 03:37:09,670 [ForkJoinPool.commonPool-worker-1] INFO  impl.RaftServerImpl (ServerState.java:close(387)) - bfe1fb00-2040-48fe-b8b4-ec0722208c64@group-0A2DD048406C: closes. applyIndex: 6
2019-10-11 03:37:09,671 [bfe1fb00-2040-48fe-b8b4-ec0722208c64@group-0A2DD048406C-SegmentedRaftLogWorker] INFO  segmented.SegmentedRaftLogWorker (SegmentedRaftLogWorker.java:run(316)) - bfe1fb00-2040-48fe-b8b4-ec0722208c64@group-0A2DD048406C-SegmentedRaftLogWorker was interrupted, exiting. There are 0 tasks remaining in the queue.
2019-10-11 03:37:09,673 [ForkJoinPool.commonPool-worker-1] INFO  segmented.SegmentedRaftLogWorker (SegmentedRaftLogWorker.java:close(224)) - bfe1fb00-2040-48fe-b8b4-ec0722208c64@group-0A2DD048406C-SegmentedRaftLogWorker close()
2019-10-11 03:37:09,673 [grpc-default-executor-13] WARN  server.GrpcServerProtocolService (LogUtils.java:warn(134)) - 03e4f594-86c7-4fac-9da8-d4dc1efdb82f: installSnapshot onError, lastRequest: f182464e-c83e-4f22-a06f-1132466c2633->03e4f594-86c7-4fac-9da8-d4dc1efdb82f#16-t1, previous=(t:1, i:13), leaderCommit=13, initializing? false, entries: <empty>: org.apache.ratis.thirdparty.io.grpc.StatusRuntimeException: CANCELLED: cancelled before receiving half close
2019-10-11 03:37:09,677 [ForkJoinPool.commonPool-worker-1] INFO  server.GrpcService (GrpcService.java:closeImpl(164)) - bfe1fb00-2040-48fe-b8b4-ec0722208c64: shutdown server with port 38572 now
2019-10-11 03:37:09,677 [main] INFO  server.GrpcService (GrpcService.java:closeImpl(172)) - 03e4f594-86c7-4fac-9da8-d4dc1efdb82f: shutdown server with port 43957 successfully
2019-10-11 03:37:09,677 [ForkJoinPool.commonPool-worker-1] INFO  server.GrpcService (GrpcService.java:closeImpl(172)) - bfe1fb00-2040-48fe-b8b4-ec0722208c64: shutdown server with port 38572 successfully
2019-10-11 03:37:09,678 [grpc-default-executor-13] WARN  server.GrpcLogAppender (LogUtils.java:warn(134)) - acd3cc76-f45e-4125-acd5-33350e490971@group-0A2DD048406C->bfe1fb00-2040-48fe-b8b4-ec0722208c64-AppendLogResponseHandler: Failed appendEntries: org.apache.ratis.thirdparty.io.grpc.StatusRuntimeException: CANCELLED: HTTP/2 error code: CANCEL
Received Rst Stream
2019-10-11 03:37:09,678 [grpc-default-executor-9] WARN  server.GrpcLogAppender (LogUtils.java:warn(134)) - f182464e-c83e-4f22-a06f-1132466c2633@group-5B5FE269C201->03e4f594-86c7-4fac-9da8-d4dc1efdb82f-AppendLogResponseHandler: Failed appendEntries: org.apache.ratis.thirdparty.io.grpc.StatusRuntimeException: CANCELLED: HTTP/2 error code: CANCEL
Received Rst Stream
2019-10-11 03:37:09,678 [grpc-default-executor-3] WARN  server.GrpcServerProtocolService (LogUtils.java:warn(134)) - bfe1fb00-2040-48fe-b8b4-ec0722208c64: installSnapshot onError, lastRequest: acd3cc76-f45e-4125-acd5-33350e490971->bfe1fb00-2040-48fe-b8b4-ec0722208c64#11-t1, previous=(t:1, i:6), leaderCommit=6, initializing? false, entries: <empty>: org.apache.ratis.thirdparty.io.grpc.StatusRuntimeException: CANCELLED: cancelled before receiving half close
2019-10-11 03:37:09,678 [grpc-default-executor-13] INFO  impl.FollowerInfo (FollowerInfo.java:lambda$new$0(51)) - acd3cc76-f45e-4125-acd5-33350e490971@group-0A2DD048406C->bfe1fb00-2040-48fe-b8b4-ec0722208c64: nextIndex: updateUnconditionally 7 -> 6
2019-10-11 03:37:09,678 [grpc-default-executor-9] INFO  impl.FollowerInfo (FollowerInfo.java:lambda$new$0(51)) - f182464e-c83e-4f22-a06f-1132466c2633@group-5B5FE269C201->03e4f594-86c7-4fac-9da8-d4dc1efdb82f: nextIndex: updateUnconditionally 14 -> 13
2019-10-11 03:37:09,679 [refreshUsed-/workdir/hadoop-ozone/integration-test/target/test-dir/MiniOzoneClusterImpl-41393050-cb04-463e-b451-9f8cbcecb76f/datanode-4/data/containers] WARN  fs.CachingGetSpaceUsed (CachingGetSpaceUsed.java:run(183)) - Thread Interrupted waiting to refresh disk information: sleep interrupted
2019-10-11 03:37:09,682 [refreshUsed-/workdir/hadoop-ozone/integration-test/target/test-dir/MiniOzoneClusterImpl-41393050-cb04-463e-b451-9f8cbcecb76f/datanode-1/data/containers] WARN  fs.CachingGetSpaceUsed (CachingGetSpaceUsed.java:run(183)) - Thread Interrupted waiting to refresh disk information: sleep interrupted
2019-10-11 03:37:09,699 [ForkJoinPool.commonPool-worker-1] INFO  utils.BackgroundService (BackgroundService.java:shutdown(151)) - Shutting down service BlockDeletingService
2019-10-11 03:37:09,717 [ForkJoinPool.commonPool-worker-1] INFO  statemachine.DatanodeStateMachine (DatanodeStateMachine.java:stopDaemon(395)) - Ozone container server stopped.
2019-10-11 03:37:09,723 [ForkJoinPool.commonPool-worker-1] INFO  handler.ContextHandler (ContextHandler.java:doStop(910)) - Stopped o.e.j.w.WebAppContext@7de35070{/,null,UNAVAILABLE}{/hddsDatanode}
2019-10-11 03:37:09,724 [ForkJoinPool.commonPool-worker-1] INFO  server.AbstractConnector (AbstractConnector.java:doStop(318)) - Stopped ServerConnector@216f01{HTTP/1.1,[http/1.1]}{0.0.0.0:0}
2019-10-11 03:37:09,725 [ForkJoinPool.commonPool-worker-1] INFO  handler.ContextHandler (ContextHandler.java:doStop(910)) - Stopped o.e.j.s.ServletContextHandler@1e734eee{/static,jar:file:/home/user/.m2/repository/org/apache/hadoop/hadoop-hdds-container-service/0.5.0-SNAPSHOT/hadoop-hdds-container-service-0.5.0-SNAPSHOT.jar!/webapps/static,UNAVAILABLE}
2019-10-11 03:37:09,727 [ForkJoinPool.commonPool-worker-1] INFO  handler.ContextHandler (ContextHandler.java:doStop(910)) - Stopped o.e.j.s.ServletContextHandler@26874f2c{/logs,file:///workdir/hadoop-ozone/integration-test/target/log,UNAVAILABLE}
2019-10-11 03:37:09,728 [main] INFO  utils.BackgroundService (BackgroundService.java:shutdown(151)) - Shutting down service BlockDeletingService
2019-10-11 03:37:09,732 [main] INFO  statemachine.DatanodeStateMachine (DatanodeStateMachine.java:stopDaemon(395)) - Ozone container server stopped.
2019-10-11 03:37:09,733 [main] INFO  handler.ContextHandler (ContextHandler.java:doStop(910)) - Stopped o.e.j.w.WebAppContext@184afb78{/,null,UNAVAILABLE}{/hddsDatanode}
2019-10-11 03:37:09,733 [main] INFO  server.AbstractConnector (AbstractConnector.java:doStop(318)) - Stopped ServerConnector@22da200e{HTTP/1.1,[http/1.1]}{0.0.0.0:0}
2019-10-11 03:37:09,734 [main] INFO  handler.ContextHandler (ContextHandler.java:doStop(910)) - Stopped o.e.j.s.ServletContextHandler@394a6d2b{/static,jar:file:/home/user/.m2/repository/org/apache/hadoop/hadoop-hdds-container-service/0.5.0-SNAPSHOT/hadoop-hdds-container-service-0.5.0-SNAPSHOT.jar!/webapps/static,UNAVAILABLE}
2019-10-11 03:37:09,734 [main] INFO  handler.ContextHandler (ContextHandler.java:doStop(910)) - Stopped o.e.j.s.ServletContextHandler@582dcd35{/logs,file:///workdir/hadoop-ozone/integration-test/target/log,UNAVAILABLE}
2019-10-11 03:37:09,791 [grpc-default-executor-13] WARN  server.GrpcLogAppender (LogUtils.java:warn(134)) - f182464e-c83e-4f22-a06f-1132466c2633@group-5B5FE269C201->03e4f594-86c7-4fac-9da8-d4dc1efdb82f-AppendLogResponseHandler: Failed appendEntries: org.apache.ratis.thirdparty.io.grpc.StatusRuntimeException: UNAVAILABLE: io exception
2019-10-11 03:37:09,791 [grpc-default-executor-13] INFO  impl.FollowerInfo (FollowerInfo.java:lambda$new$0(51)) - f182464e-c83e-4f22-a06f-1132466c2633@group-5B5FE269C201->03e4f594-86c7-4fac-9da8-d4dc1efdb82f: nextIndex: updateUnconditionally 13 -> 12
2019-10-11 03:37:10,263 [Datanode State Machine Thread - 0] INFO  statemachine.DatanodeStateMachine (DatanodeStateMachine.java:lambda$startDaemon$0(350)) - Ozone container server started.
2019-10-11 03:37:10,487 [Datanode State Machine Thread - 0] INFO  statemachine.DatanodeStateMachine (DatanodeStateMachine.java:lambda$startDaemon$0(350)) - Ozone container server started.
2019-10-11 03:37:11,298 [grpc-default-executor-9] WARN  server.GrpcLogAppender (LogUtils.java:warn(134)) - f182464e-c83e-4f22-a06f-1132466c2633@group-5B5FE269C201->03e4f594-86c7-4fac-9da8-d4dc1efdb82f-AppendLogResponseHandler: Failed appendEntries: org.apache.ratis.thirdparty.io.grpc.StatusRuntimeException: UNAVAILABLE: io exception
2019-10-11 03:37:11,298 [grpc-default-executor-9] INFO  impl.FollowerInfo (FollowerInfo.java:lambda$new$0(51)) - f182464e-c83e-4f22-a06f-1132466c2633@group-5B5FE269C201->03e4f594-86c7-4fac-9da8-d4dc1efdb82f: nextIndex: updateUnconditionally 13 -> 12
2019-10-11 03:37:11,310 [grpc-default-executor-3] WARN  server.GrpcLogAppender (LogUtils.java:warn(134)) - f182464e-c83e-4f22-a06f-1132466c2633@group-5B5FE269C201->03e4f594-86c7-4fac-9da8-d4dc1efdb82f-AppendLogResponseHandler: Failed appendEntries: org.apache.ratis.thirdparty.io.grpc.StatusRuntimeException: UNAVAILABLE: io exception
2019-10-11 03:37:11,310 [grpc-default-executor-3] INFO  impl.FollowerInfo (FollowerInfo.java:lambda$new$0(51)) - f182464e-c83e-4f22-a06f-1132466c2633@group-5B5FE269C201->03e4f594-86c7-4fac-9da8-d4dc1efdb82f: nextIndex: updateUnconditionally 13 -> 12
2019-10-11 03:37:11,322 [grpc-default-executor-9] WARN  server.GrpcLogAppender (LogUtils.java:warn(134)) - f182464e-c83e-4f22-a06f-1132466c2633@group-5B5FE269C201->03e4f594-86c7-4fac-9da8-d4dc1efdb82f-AppendLogResponseHandler: Failed appendEntries: org.apache.ratis.thirdparty.io.grpc.StatusRuntimeException: UNAVAILABLE: io exception
2019-10-11 03:37:11,322 [grpc-default-executor-9] INFO  impl.FollowerInfo (FollowerInfo.java:lambda$new$0(51)) - f182464e-c83e-4f22-a06f-1132466c2633@group-5B5FE269C201->03e4f594-86c7-4fac-9da8-d4dc1efdb82f: nextIndex: updateUnconditionally 13 -> 12
2019-10-11 03:37:11,323 [RatisApplyTransactionExecutor 2] INFO  interfaces.Container (KeyValueContainer.java:flushAndSyncDB(386)) - Container 2 is synced with bcsId 11.
2019-10-11 03:37:11,323 [RatisApplyTransactionExecutor 2] INFO  interfaces.Container (KeyValueContainer.java:flushAndSyncDB(386)) - Container 2 is synced with bcsId 11.
2019-10-11 03:37:11,339 [RatisApplyTransactionExecutor 2] INFO  interfaces.Container (KeyValueContainer.java:close(335)) - Container 2 is closed with bcsId 11.
2019-10-11 03:37:11,340 [RatisApplyTransactionExecutor 2] INFO  interfaces.Container (KeyValueContainer.java:flushAndSyncDB(386)) - Container 2 is synced with bcsId 11.
2019-10-11 03:37:11,340 [RatisApplyTransactionExecutor 2] INFO  interfaces.Container (KeyValueContainer.java:flushAndSyncDB(386)) - Container 2 is synced with bcsId 11.
2019-10-11 03:37:11,340 [EventQueue-IncrementalContainerReportForIncrementalContainerReportHandler] INFO  container.IncrementalContainerReportHandler (AbstractContainerReportHandler.java:updateContainerState(178)) - Moving container #2 to CLOSED state, datanode f182464e-c83e-4f22-a06f-1132466c2633{ip: 192.168.151.96, host: pr-hdds-2181-p9m8s-78523098, networkLocation: /default-rack, certSerialId: null} reported CLOSED replica.
2019-10-11 03:37:11,354 [RatisApplyTransactionExecutor 2] INFO  interfaces.Container (KeyValueContainer.java:close(335)) - Container 2 is closed with bcsId 11.
2019-10-11 03:37:11,506 [grpc-default-executor-9] WARN  server.GrpcLogAppender (LogUtils.java:warn(134)) - acd3cc76-f45e-4125-acd5-33350e490971@group-0A2DD048406C->bfe1fb00-2040-48fe-b8b4-ec0722208c64-AppendLogResponseHandler: Failed appendEntries: org.apache.ratis.thirdparty.io.grpc.StatusRuntimeException: UNAVAILABLE: io exception
2019-10-11 03:37:11,506 [grpc-default-executor-9] INFO  impl.FollowerInfo (FollowerInfo.java:lambda$new$0(51)) - acd3cc76-f45e-4125-acd5-33350e490971@group-0A2DD048406C->bfe1fb00-2040-48fe-b8b4-ec0722208c64: nextIndex: updateUnconditionally 7 -> 6
2019-10-11 03:37:11,519 [grpc-default-executor-13] WARN  server.GrpcLogAppender (LogUtils.java:warn(134)) - acd3cc76-f45e-4125-acd5-33350e490971@group-0A2DD048406C->bfe1fb00-2040-48fe-b8b4-ec0722208c64-AppendLogResponseHandler: Failed appendEntries: org.apache.ratis.thirdparty.io.grpc.StatusRuntimeException: UNAVAILABLE: io exception
2019-10-11 03:37:11,519 [grpc-default-executor-13] INFO  impl.FollowerInfo (FollowerInfo.java:lambda$new$0(51)) - acd3cc76-f45e-4125-acd5-33350e490971@group-0A2DD048406C->bfe1fb00-2040-48fe-b8b4-ec0722208c64: nextIndex: updateUnconditionally 7 -> 6
2019-10-11 03:37:11,531 [grpc-default-executor-3] WARN  server.GrpcLogAppender (LogUtils.java:warn(134)) - acd3cc76-f45e-4125-acd5-33350e490971@group-0A2DD048406C->bfe1fb00-2040-48fe-b8b4-ec0722208c64-AppendLogResponseHandler: Failed appendEntries: org.apache.ratis.thirdparty.io.grpc.StatusRuntimeException: UNAVAILABLE: io exception
2019-10-11 03:37:11,531 [grpc-default-executor-3] INFO  impl.FollowerInfo (FollowerInfo.java:lambda$new$0(51)) - acd3cc76-f45e-4125-acd5-33350e490971@group-0A2DD048406C->bfe1fb00-2040-48fe-b8b4-ec0722208c64: nextIndex: updateUnconditionally 7 -> 6
2019-10-11 03:37:11,532 [RatisApplyTransactionExecutor 3] INFO  interfaces.Container (KeyValueContainer.java:flushAndSyncDB(386)) - Container 3 is synced with bcsId 4.
2019-10-11 03:37:11,532 [RatisApplyTransactionExecutor 3] INFO  interfaces.Container (KeyValueContainer.java:flushAndSyncDB(386)) - Container 3 is synced with bcsId 4.
2019-10-11 03:37:11,547 [RatisApplyTransactionExecutor 3] INFO  interfaces.Container (KeyValueContainer.java:close(335)) - Container 3 is closed with bcsId 4.
2019-10-11 03:37:11,548 [RatisApplyTransactionExecutor 3] INFO  interfaces.Container (KeyValueContainer.java:flushAndSyncDB(386)) - Container 3 is synced with bcsId 4.
2019-10-11 03:37:11,548 [RatisApplyTransactionExecutor 3] INFO  interfaces.Container (KeyValueContainer.java:flushAndSyncDB(386)) - Container 3 is synced with bcsId 4.
2019-10-11 03:37:11,548 [EventQueue-IncrementalContainerReportForIncrementalContainerReportHandler] INFO  container.IncrementalContainerReportHandler (AbstractContainerReportHandler.java:updateContainerState(178)) - Moving container #3 to CLOSED state, datanode acd3cc76-f45e-4125-acd5-33350e490971{ip: 192.168.151.96, host: pr-hdds-2181-p9m8s-78523098, networkLocation: /default-rack, certSerialId: null} reported CLOSED replica.
2019-10-11 03:37:11,575 [RatisApplyTransactionExecutor 3] INFO  interfaces.Container (KeyValueContainer.java:close(335)) - Container 3 is closed with bcsId 4.
2019-10-11 03:37:13,824 [grpc-default-executor-13] WARN  server.GrpcLogAppender (LogUtils.java:warn(134)) - f182464e-c83e-4f22-a06f-1132466c2633@group-5B5FE269C201->03e4f594-86c7-4fac-9da8-d4dc1efdb82f-AppendLogResponseHandler: Failed appendEntries: org.apache.ratis.thirdparty.io.grpc.StatusRuntimeException: UNAVAILABLE: io exception
2019-10-11 03:37:13,824 [grpc-default-executor-13] INFO  impl.FollowerInfo (FollowerInfo.java:lambda$new$0(51)) - f182464e-c83e-4f22-a06f-1132466c2633@group-5B5FE269C201->03e4f594-86c7-4fac-9da8-d4dc1efdb82f: nextIndex: updateUnconditionally 12 -> 11
2019-10-11 03:37:14,309 [grpc-default-executor-9] WARN  server.GrpcLogAppender (LogUtils.java:warn(134)) - acd3cc76-f45e-4125-acd5-33350e490971@group-0A2DD048406C->bfe1fb00-2040-48fe-b8b4-ec0722208c64-AppendLogResponseHandler: Failed appendEntries: org.apache.ratis.thirdparty.io.grpc.StatusRuntimeException: UNAVAILABLE: io exception
2019-10-11 03:37:14,310 [grpc-default-executor-9] INFO  impl.FollowerInfo (FollowerInfo.java:lambda$new$0(51)) - acd3cc76-f45e-4125-acd5-33350e490971@group-0A2DD048406C->bfe1fb00-2040-48fe-b8b4-ec0722208c64: nextIndex: updateUnconditionally 6 -> 5
2019-10-11 03:37:14,363 [EventQueue-StaleNodeForStaleNodeHandler] INFO  node.StaleNodeHandler (StaleNodeHandler.java:onMessage(58)) - Datanode 6afc402c-563e-4dae-8086-9d1ee961591d{ip: 192.168.151.96, host: pr-hdds-2181-p9m8s-78523098, networkLocation: /default-rack, certSerialId: null} moved to stale state. Finalizing its pipelines [PipelineID=345cd870-79ed-473f-87e2-5b5fe269c201, PipelineID=d86fd6ad-1dd1-4df8-bed6-f7aafcbc68f5]
2019-10-11 03:37:14,415 [EventQueue-StaleNodeForStaleNodeHandler] INFO  pipeline.SCMPipelineManager (SCMPipelineManager.java:finalizeAndDestroyPipeline(315)) - destroying pipeline:Pipeline[ Id: 345cd870-79ed-473f-87e2-5b5fe269c201, Nodes: f182464e-c83e-4f22-a06f-1132466c2633{ip: 192.168.151.96, host: pr-hdds-2181-p9m8s-78523098, networkLocation: /default-rack, certSerialId: null}6afc402c-563e-4dae-8086-9d1ee961591d{ip: 192.168.151.96, host: pr-hdds-2181-p9m8s-78523098, networkLocation: /default-rack, certSerialId: null}03e4f594-86c7-4fac-9da8-d4dc1efdb82f{ip: 192.168.151.96, host: pr-hdds-2181-p9m8s-78523098, networkLocation: /default-rack, certSerialId: null}, Type:RATIS, Factor:THREE, State:CLOSED]
2019-10-11 03:37:14,415 [EventQueue-StaleNodeForStaleNodeHandler] INFO  pipeline.SCMPipelineManager (SCMPipelineManager.java:finalizeAndDestroyPipeline(315)) - destroying pipeline:Pipeline[ Id: d86fd6ad-1dd1-4df8-bed6-f7aafcbc68f5, Nodes: 6afc402c-563e-4dae-8086-9d1ee961591d{ip: 192.168.151.96, host: pr-hdds-2181-p9m8s-78523098, networkLocation: /default-rack, certSerialId: null}, Type:RATIS, Factor:ONE, State:OPEN]
2019-10-11 03:37:14,416 [EventQueue-StaleNodeForStaleNodeHandler] INFO  pipeline.PipelineStateManager (PipelineStateManager.java:finalizePipeline(123)) - Pipeline Pipeline[ Id: d86fd6ad-1dd1-4df8-bed6-f7aafcbc68f5, Nodes: 6afc402c-563e-4dae-8086-9d1ee961591d{ip: 192.168.151.96, host: pr-hdds-2181-p9m8s-78523098, networkLocation: /default-rack, certSerialId: null}, Type:RATIS, Factor:ONE, State:CLOSED] moved to CLOSED state
2019-10-11 03:37:14,562 [EventQueue-StaleNodeForStaleNodeHandler] INFO  node.StaleNodeHandler (StaleNodeHandler.java:onMessage(58)) - Datanode 65dcd157-7db8-4958-989c-892d657b393e{ip: 192.168.151.96, host: pr-hdds-2181-p9m8s-78523098, networkLocation: /default-rack, certSerialId: null} moved to stale state. Finalizing its pipelines [PipelineID=4d216498-345a-44a7-a80e-f59e2c4b827f, PipelineID=5560f45e-22fc-47cf-a42a-0a2dd048406c]
2019-10-11 03:37:14,562 [EventQueue-StaleNodeForStaleNodeHandler] INFO  pipeline.SCMPipelineManager (SCMPipelineManager.java:finalizeAndDestroyPipeline(315)) - destroying pipeline:Pipeline[ Id: 4d216498-345a-44a7-a80e-f59e2c4b827f, Nodes: 65dcd157-7db8-4958-989c-892d657b393e{ip: 192.168.151.96, host: pr-hdds-2181-p9m8s-78523098, networkLocation: /default-rack, certSerialId: null}, Type:RATIS, Factor:ONE, State:OPEN]
2019-10-11 03:37:14,563 [EventQueue-StaleNodeForStaleNodeHandler] INFO  pipeline.PipelineStateManager (PipelineStateManager.java:finalizePipeline(123)) - Pipeline Pipeline[ Id: 4d216498-345a-44a7-a80e-f59e2c4b827f, Nodes: 65dcd157-7db8-4958-989c-892d657b393e{ip: 192.168.151.96, host: pr-hdds-2181-p9m8s-78523098, networkLocation: /default-rack, certSerialId: null}, Type:RATIS, Factor:ONE, State:CLOSED] moved to CLOSED state
2019-10-11 03:37:14,563 [EventQueue-StaleNodeForStaleNodeHandler] INFO  pipeline.SCMPipelineManager (SCMPipelineManager.java:finalizeAndDestroyPipeline(315)) - destroying pipeline:Pipeline[ Id: 5560f45e-22fc-47cf-a42a-0a2dd048406c, Nodes: acd3cc76-f45e-4125-acd5-33350e490971{ip: 192.168.151.96, host: pr-hdds-2181-p9m8s-78523098, networkLocation: /default-rack, certSerialId: null}bfe1fb00-2040-48fe-b8b4-ec0722208c64{ip: 192.168.151.96, host: pr-hdds-2181-p9m8s-78523098, networkLocation: /default-rack, certSerialId: null}65dcd157-7db8-4958-989c-892d657b393e{ip: 192.168.151.96, host: pr-hdds-2181-p9m8s-78523098, networkLocation: /default-rack, certSerialId: null}, Type:RATIS, Factor:THREE, State:CLOSED]
2019-10-11 03:37:14,729 [ForkJoinPool.commonPool-worker-1] INFO  ozoneimpl.OzoneContainer (OzoneContainer.java:stop(227)) - Attempting to stop container services.
2019-10-11 03:37:14,732 [ForkJoinPool.commonPool-worker-1] INFO  impl.RaftServerProxy (RaftServerProxy.java:lambda$close$4(314)) - 65dcd157-7db8-4958-989c-892d657b393e: close
2019-10-11 03:37:14,733 [ForkJoinPool.commonPool-worker-1] INFO  impl.RaftServerImpl (RaftServerImpl.java:lambda$shutdown$3(247)) - 65dcd157-7db8-4958-989c-892d657b393e@group-F59E2C4B827F: shutdown
2019-10-11 03:37:14,733 [ForkJoinPool.commonPool-worker-1] INFO  util.JmxRegister (JmxRegister.java:unregister(73)) - Successfully un-registered JMX Bean with object name Ratis:service=RaftServer,group=group-F59E2C4B827F,id=65dcd157-7db8-4958-989c-892d657b393e
2019-10-11 03:37:14,734 [ForkJoinPool.commonPool-worker-1] INFO  impl.RoleInfo (RoleInfo.java:shutdownLeaderState(104)) - 65dcd157-7db8-4958-989c-892d657b393e: shutdown LeaderState
2019-10-11 03:37:14,734 [ForkJoinPool.commonPool-worker-1] INFO  impl.PendingRequests (PendingRequests.java:sendNotLeaderResponses(202)) - 65dcd157-7db8-4958-989c-892d657b393e@group-F59E2C4B827F-PendingRequests: sendNotLeaderResponses
2019-10-11 03:37:14,734 [ForkJoinPool.commonPool-worker-1] INFO  impl.StateMachineUpdater (StateMachineUpdater.java:stopAndJoin(136)) - 65dcd157-7db8-4958-989c-892d657b393e@group-F59E2C4B827F-StateMachineUpdater: set stopIndex = 0
2019-10-11 03:37:14,735 [ForkJoinPool.commonPool-worker-1] INFO  impl.RaftServerImpl (ServerState.java:close(387)) - 65dcd157-7db8-4958-989c-892d657b393e@group-F59E2C4B827F: closes. applyIndex: 0
2019-10-11 03:37:14,736 [main] INFO  ozoneimpl.OzoneContainer (OzoneContainer.java:stop(227)) - Attempting to stop container services.
2019-10-11 03:37:14,743 [main] INFO  impl.RaftServerProxy (RaftServerProxy.java:lambda$close$4(314)) - 6afc402c-563e-4dae-8086-9d1ee961591d: close
2019-10-11 03:37:14,743 [main] INFO  impl.RaftServerImpl (RaftServerImpl.java:lambda$shutdown$3(247)) - 6afc402c-563e-4dae-8086-9d1ee961591d@group-5B5FE269C201: shutdown
2019-10-11 03:37:14,743 [65dcd157-7db8-4958-989c-892d657b393e@group-F59E2C4B827F-SegmentedRaftLogWorker] INFO  segmented.SegmentedRaftLogWorker (SegmentedRaftLogWorker.java:run(316)) - 65dcd157-7db8-4958-989c-892d657b393e@group-F59E2C4B827F-SegmentedRaftLogWorker was interrupted, exiting. There are 0 tasks remaining in the queue.
2019-10-11 03:37:14,745 [main] INFO  util.JmxRegister (JmxRegister.java:unregister(73)) - Successfully un-registered JMX Bean with object name Ratis:service=RaftServer,group=group-5B5FE269C201,id=6afc402c-563e-4dae-8086-9d1ee961591d
2019-10-11 03:37:14,747 [ForkJoinPool.commonPool-worker-1] INFO  segmented.SegmentedRaftLogWorker (SegmentedRaftLogWorker.java:close(224)) - 65dcd157-7db8-4958-989c-892d657b393e@group-F59E2C4B827F-SegmentedRaftLogWorker close()
2019-10-11 03:37:14,747 [main] INFO  impl.RoleInfo (RoleInfo.java:shutdownFollowerState(121)) - 6afc402c-563e-4dae-8086-9d1ee961591d: shutdown FollowerState
2019-10-11 03:37:14,750 [ForkJoinPool.commonPool-worker-1] INFO  impl.RaftServerImpl (RaftServerImpl.java:lambda$shutdown$3(247)) - 65dcd157-7db8-4958-989c-892d657b393e@group-0A2DD048406C: shutdown
2019-10-11 03:37:14,751 [Thread-3684] INFO  impl.FollowerState (FollowerState.java:run(117)) - 6afc402c-563e-4dae-8086-9d1ee961591d@group-5B5FE269C201-FollowerState was interrupted: java.lang.InterruptedException: sleep interrupted
2019-10-11 03:37:14,751 [6afc402c-563e-4dae-8086-9d1ee961591d@group-5B5FE269C201-StateMachineUpdater] INFO  ratis.ContainerStateMachine (ContainerStateMachine.java:takeSnapshot(294)) - group-5B5FE269C201: Taking a snapshot at:(t:1, i:14) file /workdir/hadoop-ozone/integration-test/target/test-dir/MiniOzoneClusterImpl-41393050-cb04-463e-b451-9f8cbcecb76f/datanode-3/data/ratis/345cd870-79ed-473f-87e2-5b5fe269c201/sm/snapshot.1_14
2019-10-11 03:37:14,751 [main] INFO  impl.StateMachineUpdater (StateMachineUpdater.java:stopAndJoin(136)) - 6afc402c-563e-4dae-8086-9d1ee961591d@group-5B5FE269C201-StateMachineUpdater: set stopIndex = 15
2019-10-11 03:37:14,751 [ForkJoinPool.commonPool-worker-1] INFO  util.JmxRegister (JmxRegister.java:unregister(73)) - Successfully un-registered JMX Bean with object name Ratis:service=RaftServer,group=group-0A2DD048406C,id=65dcd157-7db8-4958-989c-892d657b393e
2019-10-11 03:37:14,753 [ForkJoinPool.commonPool-worker-1] INFO  impl.RoleInfo (RoleInfo.java:shutdownFollowerState(121)) - 65dcd157-7db8-4958-989c-892d657b393e: shutdown FollowerState
2019-10-11 03:37:14,754 [ForkJoinPool.commonPool-worker-1] INFO  impl.StateMachineUpdater (StateMachineUpdater.java:stopAndJoin(136)) - 65dcd157-7db8-4958-989c-892d657b393e@group-0A2DD048406C-StateMachineUpdater: set stopIndex = 8
2019-10-11 03:37:14,754 [Thread-3660] INFO  impl.FollowerState (FollowerState.java:run(117)) - 65dcd157-7db8-4958-989c-892d657b393e@group-0A2DD048406C-FollowerState was interrupted: java.lang.InterruptedException: sleep interrupted
2019-10-11 03:37:14,754 [65dcd157-7db8-4958-989c-892d657b393e@group-0A2DD048406C-StateMachineUpdater] INFO  ratis.ContainerStateMachine (ContainerStateMachine.java:takeSnapshot(294)) - group-0A2DD048406C: Taking a snapshot at:(t:1, i:7) file /workdir/hadoop-ozone/integration-test/target/test-dir/MiniOzoneClusterImpl-41393050-cb04-463e-b451-9f8cbcecb76f/datanode-2/data/ratis/5560f45e-22fc-47cf-a42a-0a2dd048406c/sm/snapshot.1_7
2019-10-11 03:37:14,756 [6afc402c-563e-4dae-8086-9d1ee961591d@group-5B5FE269C201-StateMachineUpdater] INFO  ratis.ContainerStateMachine (ContainerStateMachine.java:takeSnapshot(305)) - group-5B5FE269C201: Finished taking a snapshot at:(t:1, i:14) file:/workdir/hadoop-ozone/integration-test/target/test-dir/MiniOzoneClusterImpl-41393050-cb04-463e-b451-9f8cbcecb76f/datanode-3/data/ratis/345cd870-79ed-473f-87e2-5b5fe269c201/sm/snapshot.1_14 time:5
2019-10-11 03:37:14,757 [6afc402c-563e-4dae-8086-9d1ee961591d@group-5B5FE269C201-StateMachineUpdater] INFO  impl.StateMachineUpdater (StateMachineUpdater.java:takeSnapshot(269)) - 6afc402c-563e-4dae-8086-9d1ee961591d@group-5B5FE269C201-StateMachineUpdater: Took a snapshot at index 14
2019-10-11 03:37:14,757 [6afc402c-563e-4dae-8086-9d1ee961591d@group-5B5FE269C201-StateMachineUpdater] INFO  impl.StateMachineUpdater (StateMachineUpdater.java:lambda$new$0(84)) - 6afc402c-563e-4dae-8086-9d1ee961591d@group-5B5FE269C201-StateMachineUpdater: snapshotIndex: updateIncreasingly -1 -> 14
2019-10-11 03:37:14,757 [6afc402c-563e-4dae-8086-9d1ee961591d@group-5B5FE269C201-StateMachineUpdater] INFO  ratis.ContainerStateMachine (ContainerStateMachine.java:takeSnapshot(294)) - group-5B5FE269C201: Taking a snapshot at:(t:1, i:14) file /workdir/hadoop-ozone/integration-test/target/test-dir/MiniOzoneClusterImpl-41393050-cb04-463e-b451-9f8cbcecb76f/datanode-3/data/ratis/345cd870-79ed-473f-87e2-5b5fe269c201/sm/snapshot.1_14
2019-10-11 03:37:14,758 [65dcd157-7db8-4958-989c-892d657b393e@group-0A2DD048406C-StateMachineUpdater] INFO  ratis.ContainerStateMachine (ContainerStateMachine.java:takeSnapshot(305)) - group-0A2DD048406C: Finished taking a snapshot at:(t:1, i:7) file:/workdir/hadoop-ozone/integration-test/target/test-dir/MiniOzoneClusterImpl-41393050-cb04-463e-b451-9f8cbcecb76f/datanode-2/data/ratis/5560f45e-22fc-47cf-a42a-0a2dd048406c/sm/snapshot.1_7 time:5
2019-10-11 03:37:14,758 [65dcd157-7db8-4958-989c-892d657b393e@group-0A2DD048406C-StateMachineUpdater] INFO  impl.StateMachineUpdater (StateMachineUpdater.java:takeSnapshot(269)) - 65dcd157-7db8-4958-989c-892d657b393e@group-0A2DD048406C-StateMachineUpdater: Took a snapshot at index 7
2019-10-11 03:37:14,759 [65dcd157-7db8-4958-989c-892d657b393e@group-0A2DD048406C-StateMachineUpdater] INFO  impl.StateMachineUpdater (StateMachineUpdater.java:lambda$new$0(84)) - 65dcd157-7db8-4958-989c-892d657b393e@group-0A2DD048406C-StateMachineUpdater: snapshotIndex: updateIncreasingly -1 -> 7
2019-10-11 03:37:14,759 [65dcd157-7db8-4958-989c-892d657b393e@group-0A2DD048406C-StateMachineUpdater] INFO  ratis.ContainerStateMachine (ContainerStateMachine.java:takeSnapshot(294)) - group-0A2DD048406C: Taking a snapshot at:(t:1, i:7) file /workdir/hadoop-ozone/integration-test/target/test-dir/MiniOzoneClusterImpl-41393050-cb04-463e-b451-9f8cbcecb76f/datanode-2/data/ratis/5560f45e-22fc-47cf-a42a-0a2dd048406c/sm/snapshot.1_7
2019-10-11 03:37:14,761 [65dcd157-7db8-4958-989c-892d657b393e@group-0A2DD048406C-StateMachineUpdater] INFO  ratis.ContainerStateMachine (ContainerStateMachine.java:takeSnapshot(305)) - group-0A2DD048406C: Finished taking a snapshot at:(t:1, i:7) file:/workdir/hadoop-ozone/integration-test/target/test-dir/MiniOzoneClusterImpl-41393050-cb04-463e-b451-9f8cbcecb76f/datanode-2/data/ratis/5560f45e-22fc-47cf-a42a-0a2dd048406c/sm/snapshot.1_7 time:3
2019-10-11 03:37:14,761 [6afc402c-563e-4dae-8086-9d1ee961591d@group-5B5FE269C201-StateMachineUpdater] INFO  ratis.ContainerStateMachine (ContainerStateMachine.java:takeSnapshot(305)) - group-5B5FE269C201: Finished taking a snapshot at:(t:1, i:14) file:/workdir/hadoop-ozone/integration-test/target/test-dir/MiniOzoneClusterImpl-41393050-cb04-463e-b451-9f8cbcecb76f/datanode-3/data/ratis/345cd870-79ed-473f-87e2-5b5fe269c201/sm/snapshot.1_14 time:4
2019-10-11 03:37:14,762 [65dcd157-7db8-4958-989c-892d657b393e@group-0A2DD048406C-StateMachineUpdater] INFO  impl.StateMachineUpdater (StateMachineUpdater.java:takeSnapshot(269)) - 65dcd157-7db8-4958-989c-892d657b393e@group-0A2DD048406C-StateMachineUpdater: Took a snapshot at index 7
2019-10-11 03:37:14,762 [65dcd157-7db8-4958-989c-892d657b393e@group-0A2DD048406C-StateMachineUpdater] INFO  impl.StateMachineUpdater (StateMachineUpdater.java:lambda$new$0(84)) - 65dcd157-7db8-4958-989c-892d657b393e@group-0A2DD048406C-StateMachineUpdater: snapshotIndex: updateIncreasingly 7 -> 7
2019-10-11 03:37:14,762 [6afc402c-563e-4dae-8086-9d1ee961591d@group-5B5FE269C201-StateMachineUpdater] INFO  impl.StateMachineUpdater (StateMachineUpdater.java:takeSnapshot(269)) - 6afc402c-563e-4dae-8086-9d1ee961591d@group-5B5FE269C201-StateMachineUpdater: Took a snapshot at index 14
2019-10-11 03:37:14,762 [6afc402c-563e-4dae-8086-9d1ee961591d@group-5B5FE269C201-StateMachineUpdater] INFO  impl.StateMachineUpdater (StateMachineUpdater.java:lambda$new$0(84)) - 6afc402c-563e-4dae-8086-9d1ee961591d@group-5B5FE269C201-StateMachineUpdater: snapshotIndex: updateIncreasingly 14 -> 14
2019-10-11 03:37:14,762 [ForkJoinPool.commonPool-worker-1] INFO  impl.RaftServerImpl (ServerState.java:close(387)) - 65dcd157-7db8-4958-989c-892d657b393e@group-0A2DD048406C: closes. applyIndex: 8
2019-10-11 03:37:14,762 [main] INFO  impl.RaftServerImpl (ServerState.java:close(387)) - 6afc402c-563e-4dae-8086-9d1ee961591d@group-5B5FE269C201: closes. applyIndex: 15
2019-10-11 03:37:14,762 [65dcd157-7db8-4958-989c-892d657b393e@group-0A2DD048406C-SegmentedRaftLogWorker] INFO  segmented.SegmentedRaftLogWorker (SegmentedRaftLogWorker.java:run(316)) - 65dcd157-7db8-4958-989c-892d657b393e@group-0A2DD048406C-SegmentedRaftLogWorker was interrupted, exiting. There are 0 tasks remaining in the queue.
2019-10-11 03:37:14,763 [6afc402c-563e-4dae-8086-9d1ee961591d@group-5B5FE269C201-SegmentedRaftLogWorker] INFO  segmented.SegmentedRaftLogWorker (SegmentedRaftLogWorker.java:run(316)) - 6afc402c-563e-4dae-8086-9d1ee961591d@group-5B5FE269C201-SegmentedRaftLogWorker was interrupted, exiting. There are 0 tasks remaining in the queue.
2019-10-11 03:37:14,764 [ForkJoinPool.commonPool-worker-1] INFO  segmented.SegmentedRaftLogWorker (SegmentedRaftLogWorker.java:close(224)) - 65dcd157-7db8-4958-989c-892d657b393e@group-0A2DD048406C-SegmentedRaftLogWorker close()
2019-10-11 03:37:14,766 [main] INFO  segmented.SegmentedRaftLogWorker (SegmentedRaftLogWorker.java:close(224)) - 6afc402c-563e-4dae-8086-9d1ee961591d@group-5B5FE269C201-SegmentedRaftLogWorker close()
2019-10-11 03:37:14,769 [ForkJoinPool.commonPool-worker-1] INFO  server.GrpcService (GrpcService.java:closeImpl(164)) - 65dcd157-7db8-4958-989c-892d657b393e: shutdown server with port 41882 now
2019-10-11 03:37:14,777 [main] INFO  impl.RaftServerImpl (RaftServerImpl.java:lambda$shutdown$3(247)) - 6afc402c-563e-4dae-8086-9d1ee961591d@group-F7AAFCBC68F5: shutdown
2019-10-11 03:37:14,777 [main] INFO  util.JmxRegister (JmxRegister.java:unregister(73)) - Successfully un-registered JMX Bean with object name Ratis:service=RaftServer,group=group-F7AAFCBC68F5,id=6afc402c-563e-4dae-8086-9d1ee961591d
2019-10-11 03:37:14,777 [main] INFO  impl.RoleInfo (RoleInfo.java:shutdownLeaderState(104)) - 6afc402c-563e-4dae-8086-9d1ee961591d: shutdown LeaderState
2019-10-11 03:37:14,778 [main] INFO  impl.PendingRequests (PendingRequests.java:sendNotLeaderResponses(202)) - 6afc402c-563e-4dae-8086-9d1ee961591d@group-F7AAFCBC68F5-PendingRequests: sendNotLeaderResponses
2019-10-11 03:37:14,778 [grpc-default-executor-13] WARN  server.GrpcServerProtocolService (LogUtils.java:warn(134)) - 65dcd157-7db8-4958-989c-892d657b393e: installSnapshot onError, lastRequest: acd3cc76-f45e-4125-acd5-33350e490971->65dcd157-7db8-4958-989c-892d657b393e#14-t1, previous=(t:1, i:8), leaderCommit=8, initializing? false, entries: <empty>: org.apache.ratis.thirdparty.io.grpc.StatusRuntimeException: CANCELLED: cancelled before receiving half close
2019-10-11 03:37:14,778 [ForkJoinPool.commonPool-worker-1] INFO  server.GrpcService (GrpcService.java:closeImpl(172)) - 65dcd157-7db8-4958-989c-892d657b393e: shutdown server with port 41882 successfully
2019-10-11 03:37:14,778 [main] INFO  impl.StateMachineUpdater (StateMachineUpdater.java:stopAndJoin(136)) - 6afc402c-563e-4dae-8086-9d1ee961591d@group-F7AAFCBC68F5-StateMachineUpdater: set stopIndex = 0
2019-10-11 03:37:14,778 [grpc-default-executor-3] WARN  server.GrpcLogAppender (LogUtils.java:warn(134)) - acd3cc76-f45e-4125-acd5-33350e490971@group-0A2DD048406C->65dcd157-7db8-4958-989c-892d657b393e-AppendLogResponseHandler: Failed appendEntries: org.apache.ratis.thirdparty.io.grpc.StatusRuntimeException: CANCELLED: HTTP/2 error code: CANCEL
Received Rst Stream
2019-10-11 03:37:14,779 [main] INFO  impl.RaftServerImpl (ServerState.java:close(387)) - 6afc402c-563e-4dae-8086-9d1ee961591d@group-F7AAFCBC68F5: closes. applyIndex: 0
2019-10-11 03:37:14,779 [6afc402c-563e-4dae-8086-9d1ee961591d@group-F7AAFCBC68F5-SegmentedRaftLogWorker] INFO  segmented.SegmentedRaftLogWorker (SegmentedRaftLogWorker.java:run(316)) - 6afc402c-563e-4dae-8086-9d1ee961591d@group-F7AAFCBC68F5-SegmentedRaftLogWorker was interrupted, exiting. There are 0 tasks remaining in the queue.
2019-10-11 03:37:14,781 [main] INFO  segmented.SegmentedRaftLogWorker (SegmentedRaftLogWorker.java:close(224)) - 6afc402c-563e-4dae-8086-9d1ee961591d@group-F7AAFCBC68F5-SegmentedRaftLogWorker close()
2019-10-11 03:37:14,783 [main] INFO  server.GrpcService (GrpcService.java:closeImpl(164)) - 6afc402c-563e-4dae-8086-9d1ee961591d: shutdown server with port 46033 now
2019-10-11 03:37:14,785 [refreshUsed-/workdir/hadoop-ozone/integration-test/target/test-dir/MiniOzoneClusterImpl-41393050-cb04-463e-b451-9f8cbcecb76f/datanode-2/data/containers] WARN  fs.CachingGetSpaceUsed (CachingGetSpaceUsed.java:run(183)) - Thread Interrupted waiting to refresh disk information: sleep interrupted
2019-10-11 03:37:14,786 [grpc-default-executor-12] WARN  server.GrpcServerProtocolService (LogUtils.java:warn(134)) - 6afc402c-563e-4dae-8086-9d1ee961591d: installSnapshot onError, lastRequest: f182464e-c83e-4f22-a06f-1132466c2633->6afc402c-563e-4dae-8086-9d1ee961591d#20-t1, previous=(t:1, i:15), leaderCommit=15, initializing? false, entries: <empty>: org.apache.ratis.thirdparty.io.grpc.StatusRuntimeException: CANCELLED: cancelled before receiving half close
2019-10-11 03:37:14,786 [main] INFO  server.GrpcService (GrpcService.java:closeImpl(172)) - 6afc402c-563e-4dae-8086-9d1ee961591d: shutdown server with port 46033 successfully
2019-10-11 03:37:14,788 [grpc-default-executor-13] WARN  server.GrpcLogAppender (LogUtils.java:warn(134)) - f182464e-c83e-4f22-a06f-1132466c2633@group-5B5FE269C201->6afc402c-563e-4dae-8086-9d1ee961591d-AppendLogResponseHandler: Failed appendEntries: org.apache.ratis.thirdparty.io.grpc.StatusRuntimeException: CANCELLED: HTTP/2 error code: CANCEL
Received Rst Stream
2019-10-11 03:37:14,801 [refreshUsed-/workdir/hadoop-ozone/integration-test/target/test-dir/MiniOzoneClusterImpl-41393050-cb04-463e-b451-9f8cbcecb76f/datanode-3/data/containers] WARN  fs.CachingGetSpaceUsed (CachingGetSpaceUsed.java:run(183)) - Thread Interrupted waiting to refresh disk information: sleep interrupted
2019-10-11 03:37:14,809 [grpc-default-executor-3] INFO  impl.FollowerInfo (FollowerInfo.java:lambda$new$0(51)) - acd3cc76-f45e-4125-acd5-33350e490971@group-0A2DD048406C->65dcd157-7db8-4958-989c-892d657b393e: nextIndex: updateUnconditionally 9 -> 8
2019-10-11 03:37:14,811 [grpc-default-executor-13] INFO  impl.FollowerInfo (FollowerInfo.java:lambda$new$0(51)) - f182464e-c83e-4f22-a06f-1132466c2633@group-5B5FE269C201->6afc402c-563e-4dae-8086-9d1ee961591d: nextIndex: updateUnconditionally 16 -> 15
2019-10-11 03:37:14,819 [main] INFO  utils.BackgroundService (BackgroundService.java:shutdown(151)) - Shutting down service BlockDeletingService
2019-10-11 03:37:14,819 [ForkJoinPool.commonPool-worker-1] INFO  utils.BackgroundService (BackgroundService.java:shutdown(151)) - Shutting down service BlockDeletingService
2019-10-11 03:37:14,822 [ForkJoinPool.commonPool-worker-1] INFO  statemachine.DatanodeStateMachine (DatanodeStateMachine.java:stopDaemon(395)) - Ozone container server stopped.
2019-10-11 03:37:14,831 [main] INFO  statemachine.DatanodeStateMachine (DatanodeStateMachine.java:stopDaemon(395)) - Ozone container server stopped.
2019-10-11 03:37:14,836 [ForkJoinPool.commonPool-worker-1] INFO  handler.ContextHandler (ContextHandler.java:doStop(910)) - Stopped o.e.j.w.WebAppContext@240a2619{/,null,UNAVAILABLE}{/hddsDatanode}
2019-10-11 03:37:14,836 [main] INFO  handler.ContextHandler (ContextHandler.java:doStop(910)) - Stopped o.e.j.w.WebAppContext@d9f5fce{/,null,UNAVAILABLE}{/hddsDatanode}
2019-10-11 03:37:14,836 [ForkJoinPool.commonPool-worker-1] INFO  server.AbstractConnector (AbstractConnector.java:doStop(318)) - Stopped ServerConnector@4e3283f6{HTTP/1.1,[http/1.1]}{0.0.0.0:0}
2019-10-11 03:37:14,837 [main] INFO  server.AbstractConnector (AbstractConnector.java:doStop(318)) - Stopped ServerConnector@49653791{HTTP/1.1,[http/1.1]}{0.0.0.0:0}
2019-10-11 03:37:14,838 [ForkJoinPool.commonPool-worker-1] INFO  handler.ContextHandler (ContextHandler.java:doStop(910)) - Stopped o.e.j.s.ServletContextHandler@41f964f9{/static,jar:file:/home/user/.m2/repository/org/apache/hadoop/hadoop-hdds-container-service/0.5.0-SNAPSHOT/hadoop-hdds-container-service-0.5.0-SNAPSHOT.jar!/webapps/static,UNAVAILABLE}
2019-10-11 03:37:14,839 [main] INFO  handler.ContextHandler (ContextHandler.java:doStop(910)) - Stopped o.e.j.s.ServletContextHandler@66b0e207{/static,jar:file:/home/user/.m2/repository/org/apache/hadoop/hadoop-hdds-container-service/0.5.0-SNAPSHOT/hadoop-hdds-container-service-0.5.0-SNAPSHOT.jar!/webapps/static,UNAVAILABLE}
2019-10-11 03:37:14,840 [ForkJoinPool.commonPool-worker-1] INFO  handler.ContextHandler (ContextHandler.java:doStop(910)) - Stopped o.e.j.s.ServletContextHandler@684372d0{/logs,file:///workdir/hadoop-ozone/integration-test/target/log,UNAVAILABLE}
2019-10-11 03:37:14,840 [main] INFO  handler.ContextHandler (ContextHandler.java:doStop(910)) - Stopped o.e.j.s.ServletContextHandler@45984654{/logs,file:///workdir/hadoop-ozone/integration-test/target/log,UNAVAILABLE}
2019-10-11 03:37:15,547 [Datanode State Machine Thread - 0] INFO  statemachine.DatanodeStateMachine (DatanodeStateMachine.java:lambda$startDaemon$0(350)) - Ozone container server started.
2019-10-11 03:37:15,760 [Datanode State Machine Thread - 0] INFO  statemachine.DatanodeStateMachine (DatanodeStateMachine.java:lambda$startDaemon$0(350)) - Ozone container server started.
2019-10-11 03:37:16,324 [grpc-default-executor-12] WARN  server.GrpcLogAppender (LogUtils.java:warn(134)) - f182464e-c83e-4f22-a06f-1132466c2633@group-5B5FE269C201->03e4f594-86c7-4fac-9da8-d4dc1efdb82f-AppendLogResponseHandler: Failed appendEntries: org.apache.ratis.thirdparty.io.grpc.StatusRuntimeException: UNAVAILABLE: io exception
2019-10-11 03:37:16,324 [grpc-default-executor-12] INFO  impl.FollowerInfo (FollowerInfo.java:lambda$new$0(51)) - f182464e-c83e-4f22-a06f-1132466c2633@group-5B5FE269C201->03e4f594-86c7-4fac-9da8-d4dc1efdb82f: nextIndex: updateUnconditionally 11 -> 10
2019-10-11 03:37:16,325 [grpc-default-executor-12] WARN  server.GrpcLogAppender (LogUtils.java:warn(134)) - f182464e-c83e-4f22-a06f-1132466c2633@group-5B5FE269C201->6afc402c-563e-4dae-8086-9d1ee961591d-AppendLogResponseHandler: Failed appendEntries: org.apache.ratis.thirdparty.io.grpc.StatusRuntimeException: UNAVAILABLE: io exception
2019-10-11 03:37:16,326 [grpc-default-executor-12] INFO  impl.FollowerInfo (FollowerInfo.java:lambda$new$0(51)) - f182464e-c83e-4f22-a06f-1132466c2633@group-5B5FE269C201->6afc402c-563e-4dae-8086-9d1ee961591d: nextIndex: updateUnconditionally 15 -> 14
2019-10-11 03:37:16,532 [grpc-default-executor-3] WARN  server.GrpcLogAppender (LogUtils.java:warn(134)) - acd3cc76-f45e-4125-acd5-33350e490971@group-0A2DD048406C->bfe1fb00-2040-48fe-b8b4-ec0722208c64-AppendLogResponseHandler: Failed appendEntries: org.apache.ratis.thirdparty.io.grpc.StatusRuntimeException: UNAVAILABLE: io exception
2019-10-11 03:37:16,533 [grpc-default-executor-3] INFO  impl.FollowerInfo (FollowerInfo.java:lambda$new$0(51)) - acd3cc76-f45e-4125-acd5-33350e490971@group-0A2DD048406C->bfe1fb00-2040-48fe-b8b4-ec0722208c64: nextIndex: updateUnconditionally 5 -> 4
2019-10-11 03:37:16,778 [grpc-default-executor-13] WARN  server.GrpcLogAppender (LogUtils.java:warn(134)) - acd3cc76-f45e-4125-acd5-33350e490971@group-0A2DD048406C->65dcd157-7db8-4958-989c-892d657b393e-AppendLogResponseHandler: Failed appendEntries: org.apache.ratis.thirdparty.io.grpc.StatusRuntimeException: UNAVAILABLE: io exception
2019-10-11 03:37:16,778 [grpc-default-executor-13] INFO  impl.FollowerInfo (FollowerInfo.java:lambda$new$0(51)) - acd3cc76-f45e-4125-acd5-33350e490971@group-0A2DD048406C->65dcd157-7db8-4958-989c-892d657b393e: nextIndex: updateUnconditionally 8 -> 7
2019-10-11 03:37:18,826 [grpc-default-executor-3] WARN  server.GrpcLogAppender (LogUtils.java:warn(134)) - f182464e-c83e-4f22-a06f-1132466c2633@group-5B5FE269C201->6afc402c-563e-4dae-8086-9d1ee961591d-AppendLogResponseHandler: Failed appendEntries: org.apache.ratis.thirdparty.io.grpc.StatusRuntimeException: UNAVAILABLE: io exception
2019-10-11 03:37:18,826 [grpc-default-executor-11] WARN  server.GrpcLogAppender (LogUtils.java:warn(134)) - f182464e-c83e-4f22-a06f-1132466c2633@group-5B5FE269C201->03e4f594-86c7-4fac-9da8-d4dc1efdb82f-AppendLogResponseHandler: Failed appendEntries: org.apache.ratis.thirdparty.io.grpc.StatusRuntimeException: UNAVAILABLE: io exception
2019-10-11 03:37:18,826 [grpc-default-executor-3] INFO  impl.FollowerInfo (FollowerInfo.java:lambda$new$0(51)) - f182464e-c83e-4f22-a06f-1132466c2633@group-5B5FE269C201->6afc402c-563e-4dae-8086-9d1ee961591d: nextIndex: updateUnconditionally 14 -> 13
2019-10-11 03:37:18,827 [grpc-default-executor-11] INFO  impl.FollowerInfo (FollowerInfo.java:lambda$new$0(51)) - f182464e-c83e-4f22-a06f-1132466c2633@group-5B5FE269C201->03e4f594-86c7-4fac-9da8-d4dc1efdb82f: nextIndex: updateUnconditionally 10 -> 9
2019-10-11 03:37:19,033 [grpc-default-executor-12] WARN  server.GrpcLogAppender (LogUtils.java:warn(134)) - acd3cc76-f45e-4125-acd5-33350e490971@group-0A2DD048406C->bfe1fb00-2040-48fe-b8b4-ec0722208c64-AppendLogResponseHandler: Failed appendEntries: org.apache.ratis.thirdparty.io.grpc.StatusRuntimeException: UNAVAILABLE: io exception
2019-10-11 03:37:19,034 [grpc-default-executor-12] INFO  impl.FollowerInfo (FollowerInfo.java:lambda$new$0(51)) - acd3cc76-f45e-4125-acd5-33350e490971@group-0A2DD048406C->bfe1fb00-2040-48fe-b8b4-ec0722208c64: nextIndex: updateUnconditionally 4 -> 3
2019-10-11 03:37:19,278 [grpc-default-executor-12] WARN  server.GrpcLogAppender (LogUtils.java:warn(134)) - acd3cc76-f45e-4125-acd5-33350e490971@group-0A2DD048406C->65dcd157-7db8-4958-989c-892d657b393e-AppendLogResponseHandler: Failed appendEntries: org.apache.ratis.thirdparty.io.grpc.StatusRuntimeException: UNAVAILABLE: io exception
2019-10-11 03:37:19,279 [grpc-default-executor-12] INFO  impl.FollowerInfo (FollowerInfo.java:lambda$new$0(51)) - acd3cc76-f45e-4125-acd5-33350e490971@group-0A2DD048406C->65dcd157-7db8-4958-989c-892d657b393e: nextIndex: updateUnconditionally 7 -> 6
2019-10-11 03:37:19,568 [EventQueue-StaleNodeForStaleNodeHandler] INFO  node.StaleNodeHandler (StaleNodeHandler.java:onMessage(58)) - Datanode acd3cc76-f45e-4125-acd5-33350e490971{ip: 192.168.151.96, host: pr-hdds-2181-p9m8s-78523098, networkLocation: /default-rack, certSerialId: null} moved to stale state. Finalizing its pipelines [PipelineID=7ce76bd7-41d6-4929-a35b-381c61ba4980, PipelineID=5560f45e-22fc-47cf-a42a-0a2dd048406c]
2019-10-11 03:37:19,568 [EventQueue-StaleNodeForStaleNodeHandler] INFO  pipeline.SCMPipelineManager (SCMPipelineManager.java:finalizeAndDestroyPipeline(315)) - destroying pipeline:Pipeline[ Id: 7ce76bd7-41d6-4929-a35b-381c61ba4980, Nodes: acd3cc76-f45e-4125-acd5-33350e490971{ip: 192.168.151.96, host: pr-hdds-2181-p9m8s-78523098, networkLocation: /default-rack, certSerialId: null}, Type:RATIS, Factor:ONE, State:OPEN]
2019-10-11 03:37:19,569 [EventQueue-StaleNodeForStaleNodeHandler] INFO  pipeline.PipelineStateManager (PipelineStateManager.java:finalizePipeline(123)) - Pipeline Pipeline[ Id: 7ce76bd7-41d6-4929-a35b-381c61ba4980, Nodes: acd3cc76-f45e-4125-acd5-33350e490971{ip: 192.168.151.96, host: pr-hdds-2181-p9m8s-78523098, networkLocation: /default-rack, certSerialId: null}, Type:RATIS, Factor:ONE, State:CLOSED] moved to CLOSED state
2019-10-11 03:37:19,569 [EventQueue-StaleNodeForStaleNodeHandler] INFO  pipeline.SCMPipelineManager (SCMPipelineManager.java:finalizeAndDestroyPipeline(315)) - destroying pipeline:Pipeline[ Id: 5560f45e-22fc-47cf-a42a-0a2dd048406c, Nodes: acd3cc76-f45e-4125-acd5-33350e490971{ip: 192.168.151.96, host: pr-hdds-2181-p9m8s-78523098, networkLocation: /default-rack, certSerialId: null}bfe1fb00-2040-48fe-b8b4-ec0722208c64{ip: 192.168.151.96, host: pr-hdds-2181-p9m8s-78523098, networkLocation: /default-rack, certSerialId: null}65dcd157-7db8-4958-989c-892d657b393e{ip: 192.168.151.96, host: pr-hdds-2181-p9m8s-78523098, networkLocation: /default-rack, certSerialId: null}, Type:RATIS, Factor:THREE, State:CLOSED]
2019-10-11 03:37:19,767 [EventQueue-StaleNodeForStaleNodeHandler] INFO  node.StaleNodeHandler (StaleNodeHandler.java:onMessage(58)) - Datanode 2576ad6b-f584-4776-95e1-7cd0727f3a1c{ip: 192.168.151.96, host: pr-hdds-2181-p9m8s-78523098, networkLocation: /default-rack, certSerialId: null} moved to stale state. Finalizing its pipelines [PipelineID=513322d9-90ed-4424-8ce6-a0d359086315]
2019-10-11 03:37:19,768 [EventQueue-StaleNodeForStaleNodeHandler] INFO  pipeline.SCMPipelineManager (SCMPipelineManager.java:finalizeAndDestroyPipeline(315)) - destroying pipeline:Pipeline[ Id: 513322d9-90ed-4424-8ce6-a0d359086315, Nodes: 2576ad6b-f584-4776-95e1-7cd0727f3a1c{ip: 192.168.151.96, host: pr-hdds-2181-p9m8s-78523098, networkLocation: /default-rack, certSerialId: null}, Type:RATIS, Factor:ONE, State:OPEN]
2019-10-11 03:37:19,768 [EventQueue-StaleNodeForStaleNodeHandler] INFO  pipeline.PipelineStateManager (PipelineStateManager.java:finalizePipeline(123)) - Pipeline Pipeline[ Id: 513322d9-90ed-4424-8ce6-a0d359086315, Nodes: 2576ad6b-f584-4776-95e1-7cd0727f3a1c{ip: 192.168.151.96, host: pr-hdds-2181-p9m8s-78523098, networkLocation: /default-rack, certSerialId: null}, Type:RATIS, Factor:ONE, State:CLOSED] moved to CLOSED state
2019-10-11 03:37:19,843 [main] INFO  ozoneimpl.OzoneContainer (OzoneContainer.java:stop(227)) - Attempting to stop container services.
2019-10-11 03:37:19,843 [ForkJoinPool.commonPool-worker-1] INFO  ozoneimpl.OzoneContainer (OzoneContainer.java:stop(227)) - Attempting to stop container services.
2019-10-11 03:37:19,848 [main] INFO  impl.RaftServerProxy (RaftServerProxy.java:lambda$close$4(314)) - 2576ad6b-f584-4776-95e1-7cd0727f3a1c: close
2019-10-11 03:37:19,848 [ForkJoinPool.commonPool-worker-1] INFO  impl.RaftServerProxy (RaftServerProxy.java:lambda$close$4(314)) - acd3cc76-f45e-4125-acd5-33350e490971: close
2019-10-11 03:37:19,849 [main] INFO  impl.RaftServerImpl (RaftServerImpl.java:lambda$shutdown$3(247)) - 2576ad6b-f584-4776-95e1-7cd0727f3a1c@group-A0D359086315: shutdown
2019-10-11 03:37:19,849 [ForkJoinPool.commonPool-worker-1] INFO  impl.RaftServerImpl (RaftServerImpl.java:lambda$shutdown$3(247)) - acd3cc76-f45e-4125-acd5-33350e490971@group-381C61BA4980: shutdown
2019-10-11 03:37:19,849 [main] INFO  util.JmxRegister (JmxRegister.java:unregister(73)) - Successfully un-registered JMX Bean with object name Ratis:service=RaftServer,group=group-A0D359086315,id=2576ad6b-f584-4776-95e1-7cd0727f3a1c
2019-10-11 03:37:19,849 [ForkJoinPool.commonPool-worker-1] INFO  util.JmxRegister (JmxRegister.java:unregister(73)) - Successfully un-registered JMX Bean with object name Ratis:service=RaftServer,group=group-381C61BA4980,id=acd3cc76-f45e-4125-acd5-33350e490971
2019-10-11 03:37:19,850 [main] INFO  impl.RoleInfo (RoleInfo.java:shutdownLeaderState(104)) - 2576ad6b-f584-4776-95e1-7cd0727f3a1c: shutdown LeaderState
2019-10-11 03:37:19,850 [ForkJoinPool.commonPool-worker-1] INFO  impl.RoleInfo (RoleInfo.java:shutdownLeaderState(104)) - acd3cc76-f45e-4125-acd5-33350e490971: shutdown LeaderState
2019-10-11 03:37:19,850 [main] INFO  impl.PendingRequests (PendingRequests.java:sendNotLeaderResponses(202)) - 2576ad6b-f584-4776-95e1-7cd0727f3a1c@group-A0D359086315-PendingRequests: sendNotLeaderResponses
2019-10-11 03:37:19,851 [ForkJoinPool.commonPool-worker-1] INFO  impl.PendingRequests (PendingRequests.java:sendNotLeaderResponses(202)) - acd3cc76-f45e-4125-acd5-33350e490971@group-381C61BA4980-PendingRequests: sendNotLeaderResponses
2019-10-11 03:37:19,851 [main] INFO  impl.StateMachineUpdater (StateMachineUpdater.java:stopAndJoin(136)) - 2576ad6b-f584-4776-95e1-7cd0727f3a1c@group-A0D359086315-StateMachineUpdater: set stopIndex = 0
2019-10-11 03:37:19,851 [ForkJoinPool.commonPool-worker-1] INFO  impl.StateMachineUpdater (StateMachineUpdater.java:stopAndJoin(136)) - acd3cc76-f45e-4125-acd5-33350e490971@group-381C61BA4980-StateMachineUpdater: set stopIndex = 0
2019-10-11 03:37:19,852 [main] INFO  impl.RaftServerImpl (ServerState.java:close(387)) - 2576ad6b-f584-4776-95e1-7cd0727f3a1c@group-A0D359086315: closes. applyIndex: 0
2019-10-11 03:37:19,852 [ForkJoinPool.commonPool-worker-1] INFO  impl.RaftServerImpl (ServerState.java:close(387)) - acd3cc76-f45e-4125-acd5-33350e490971@group-381C61BA4980: closes. applyIndex: 0
2019-10-11 03:37:19,853 [2576ad6b-f584-4776-95e1-7cd0727f3a1c@group-A0D359086315-SegmentedRaftLogWorker] INFO  segmented.SegmentedRaftLogWorker (SegmentedRaftLogWorker.java:run(316)) - 2576ad6b-f584-4776-95e1-7cd0727f3a1c@group-A0D359086315-SegmentedRaftLogWorker was interrupted, exiting. There are 0 tasks remaining in the queue.
2019-10-11 03:37:19,853 [acd3cc76-f45e-4125-acd5-33350e490971@group-381C61BA4980-SegmentedRaftLogWorker] INFO  segmented.SegmentedRaftLogWorker (SegmentedRaftLogWorker.java:run(316)) - acd3cc76-f45e-4125-acd5-33350e490971@group-381C61BA4980-SegmentedRaftLogWorker was interrupted, exiting. There are 0 tasks remaining in the queue.
2019-10-11 03:37:19,857 [main] INFO  segmented.SegmentedRaftLogWorker (SegmentedRaftLogWorker.java:close(224)) - 2576ad6b-f584-4776-95e1-7cd0727f3a1c@group-A0D359086315-SegmentedRaftLogWorker close()
2019-10-11 03:37:19,859 [ForkJoinPool.commonPool-worker-1] INFO  segmented.SegmentedRaftLogWorker (SegmentedRaftLogWorker.java:close(224)) - acd3cc76-f45e-4125-acd5-33350e490971@group-381C61BA4980-SegmentedRaftLogWorker close()
2019-10-11 03:37:19,865 [main] INFO  server.GrpcService (GrpcService.java:closeImpl(164)) - 2576ad6b-f584-4776-95e1-7cd0727f3a1c: shutdown server with port 40317 now
2019-10-11 03:37:19,865 [ForkJoinPool.commonPool-worker-1] INFO  impl.RaftServerImpl (RaftServerImpl.java:lambda$shutdown$3(247)) - acd3cc76-f45e-4125-acd5-33350e490971@group-0A2DD048406C: shutdown
2019-10-11 03:37:19,866 [ForkJoinPool.commonPool-worker-1] INFO  util.JmxRegister (JmxRegister.java:unregister(73)) - Successfully un-registered JMX Bean with object name Ratis:service=RaftServer,group=group-0A2DD048406C,id=acd3cc76-f45e-4125-acd5-33350e490971
2019-10-11 03:37:19,868 [ForkJoinPool.commonPool-worker-1] INFO  impl.RoleInfo (RoleInfo.java:shutdownLeaderState(104)) - acd3cc76-f45e-4125-acd5-33350e490971: shutdown LeaderState
2019-10-11 03:37:19,868 [main] INFO  server.GrpcService (GrpcService.java:closeImpl(172)) - 2576ad6b-f584-4776-95e1-7cd0727f3a1c: shutdown server with port 40317 successfully
2019-10-11 03:37:19,873 [org.apache.ratis.server.impl.LogAppender$AppenderDaemon$$Lambda$528/349618678@6d483a79] WARN  server.GrpcLogAppender (GrpcLogAppender.java:mayWait(143)) - acd3cc76-f45e-4125-acd5-33350e490971@group-0A2DD048406C->bfe1fb00-2040-48fe-b8b4-ec0722208c64-GrpcLogAppender: Wait interrupted by java.lang.InterruptedException
2019-10-11 03:37:19,873 [org.apache.ratis.server.impl.LogAppender$AppenderDaemon$$Lambda$528/349618678@591dac4e] WARN  server.GrpcLogAppender (GrpcLogAppender.java:mayWait(143)) - acd3cc76-f45e-4125-acd5-33350e490971@group-0A2DD048406C->65dcd157-7db8-4958-989c-892d657b393e-GrpcLogAppender: Wait interrupted by java.lang.InterruptedException
2019-10-11 03:37:19,873 [ForkJoinPool.commonPool-worker-1] INFO  impl.PendingRequests (PendingRequests.java:sendNotLeaderResponses(202)) - acd3cc76-f45e-4125-acd5-33350e490971@group-0A2DD048406C-PendingRequests: sendNotLeaderResponses
2019-10-11 03:37:19,878 [ForkJoinPool.commonPool-worker-1] INFO  impl.StateMachineUpdater (StateMachineUpdater.java:stopAndJoin(136)) - acd3cc76-f45e-4125-acd5-33350e490971@group-0A2DD048406C-StateMachineUpdater: set stopIndex = 8
2019-10-11 03:37:19,879 [refreshUsed-/workdir/hadoop-ozone/integration-test/target/test-dir/MiniOzoneClusterImpl-41393050-cb04-463e-b451-9f8cbcecb76f/datanode-6/data/containers] WARN  fs.CachingGetSpaceUsed (CachingGetSpaceUsed.java:run(183)) - Thread Interrupted waiting to refresh disk information: sleep interrupted
2019-10-11 03:37:19,879 [acd3cc76-f45e-4125-acd5-33350e490971@group-0A2DD048406C-StateMachineUpdater] INFO  ratis.ContainerStateMachine (ContainerStateMachine.java:takeSnapshot(294)) - group-0A2DD048406C: Taking a snapshot at:(t:1, i:8) file /workdir/hadoop-ozone/integration-test/target/test-dir/MiniOzoneClusterImpl-41393050-cb04-463e-b451-9f8cbcecb76f/datanode-0/data/ratis/5560f45e-22fc-47cf-a42a-0a2dd048406c/sm/snapshot.1_8
2019-10-11 03:37:19,900 [main] INFO  utils.BackgroundService (BackgroundService.java:shutdown(151)) - Shutting down service BlockDeletingService
2019-10-11 03:37:19,903 [main] INFO  statemachine.DatanodeStateMachine (DatanodeStateMachine.java:stopDaemon(395)) - Ozone container server stopped.
2019-10-11 03:37:19,905 [main] INFO  handler.ContextHandler (ContextHandler.java:doStop(910)) - Stopped o.e.j.w.WebAppContext@b75b890{/,null,UNAVAILABLE}{/hddsDatanode}
2019-10-11 03:37:19,906 [main] INFO  server.AbstractConnector (AbstractConnector.java:doStop(318)) - Stopped ServerConnector@70c491b8{HTTP/1.1,[http/1.1]}{0.0.0.0:0}
2019-10-11 03:37:19,906 [main] INFO  handler.ContextHandler (ContextHandler.java:doStop(910)) - Stopped o.e.j.s.ServletContextHandler@75ed125a{/static,jar:file:/home/user/.m2/repository/org/apache/hadoop/hadoop-hdds-container-service/0.5.0-SNAPSHOT/hadoop-hdds-container-service-0.5.0-SNAPSHOT.jar!/webapps/static,UNAVAILABLE}
2019-10-11 03:37:19,907 [main] INFO  handler.ContextHandler (ContextHandler.java:doStop(910)) - Stopped o.e.j.s.ServletContextHandler@49ced9c7{/logs,file:///workdir/hadoop-ozone/integration-test/target/log,UNAVAILABLE}
2019-10-11 03:37:19,909 [acd3cc76-f45e-4125-acd5-33350e490971@group-0A2DD048406C-StateMachineUpdater] INFO  ratis.ContainerStateMachine (ContainerStateMachine.java:takeSnapshot(305)) - group-0A2DD048406C: Finished taking a snapshot at:(t:1, i:8) file:/workdir/hadoop-ozone/integration-test/target/test-dir/MiniOzoneClusterImpl-41393050-cb04-463e-b451-9f8cbcecb76f/datanode-0/data/ratis/5560f45e-22fc-47cf-a42a-0a2dd048406c/sm/snapshot.1_8 time:31
2019-10-11 03:37:19,910 [acd3cc76-f45e-4125-acd5-33350e490971@group-0A2DD048406C-StateMachineUpdater] INFO  impl.StateMachineUpdater (StateMachineUpdater.java:takeSnapshot(269)) - acd3cc76-f45e-4125-acd5-33350e490971@group-0A2DD048406C-StateMachineUpdater: Took a snapshot at index 8
2019-10-11 03:37:19,910 [acd3cc76-f45e-4125-acd5-33350e490971@group-0A2DD048406C-StateMachineUpdater] INFO  impl.StateMachineUpdater (StateMachineUpdater.java:lambda$new$0(84)) - acd3cc76-f45e-4125-acd5-33350e490971@group-0A2DD048406C-StateMachineUpdater: snapshotIndex: updateIncreasingly -1 -> 8
2019-10-11 03:37:19,910 [ForkJoinPool.commonPool-worker-1] INFO  impl.RaftServerImpl (ServerState.java:close(387)) - acd3cc76-f45e-4125-acd5-33350e490971@group-0A2DD048406C: closes. applyIndex: 8
2019-10-11 03:37:19,911 [acd3cc76-f45e-4125-acd5-33350e490971@group-0A2DD048406C-SegmentedRaftLogWorker] INFO  segmented.SegmentedRaftLogWorker (SegmentedRaftLogWorker.java:run(316)) - acd3cc76-f45e-4125-acd5-33350e490971@group-0A2DD048406C-SegmentedRaftLogWorker was interrupted, exiting. There are 0 tasks remaining in the queue.
2019-10-11 03:37:19,912 [ForkJoinPool.commonPool-worker-1] INFO  segmented.SegmentedRaftLogWorker (SegmentedRaftLogWorker.java:close(224)) - acd3cc76-f45e-4125-acd5-33350e490971@group-0A2DD048406C-SegmentedRaftLogWorker close()
2019-10-11 03:37:19,914 [ForkJoinPool.commonPool-worker-1] INFO  server.GrpcService (GrpcService.java:closeImpl(164)) - acd3cc76-f45e-4125-acd5-33350e490971: shutdown server with port 34944 now
2019-10-11 03:37:19,915 [ForkJoinPool.commonPool-worker-1] INFO  server.GrpcService (GrpcService.java:closeImpl(172)) - acd3cc76-f45e-4125-acd5-33350e490971: shutdown server with port 34944 successfully
2019-10-11 03:37:19,916 [refreshUsed-/workdir/hadoop-ozone/integration-test/target/test-dir/MiniOzoneClusterImpl-41393050-cb04-463e-b451-9f8cbcecb76f/datanode-0/data/containers] WARN  fs.CachingGetSpaceUsed (CachingGetSpaceUsed.java:run(183)) - Thread Interrupted waiting to refresh disk information: sleep interrupted
2019-10-11 03:37:19,932 [ForkJoinPool.commonPool-worker-1] INFO  utils.BackgroundService (BackgroundService.java:shutdown(151)) - Shutting down service BlockDeletingService
2019-10-11 03:37:19,949 [ForkJoinPool.commonPool-worker-1] INFO  statemachine.DatanodeStateMachine (DatanodeStateMachine.java:stopDaemon(395)) - Ozone container server stopped.
2019-10-11 03:37:19,959 [ForkJoinPool.commonPool-worker-1] INFO  handler.ContextHandler (ContextHandler.java:doStop(910)) - Stopped o.e.j.w.WebAppContext@3a209918{/,null,UNAVAILABLE}{/hddsDatanode}
2019-10-11 03:37:19,959 [ForkJoinPool.commonPool-worker-1] INFO  server.AbstractConnector (AbstractConnector.java:doStop(318)) - Stopped ServerConnector@2cae5fa7{HTTP/1.1,[http/1.1]}{0.0.0.0:0}
2019-10-11 03:37:19,961 [ForkJoinPool.commonPool-worker-1] INFO  handler.ContextHandler (ContextHandler.java:doStop(910)) - Stopped o.e.j.s.ServletContextHandler@721bf7ad{/static,jar:file:/home/user/.m2/repository/org/apache/hadoop/hadoop-hdds-container-service/0.5.0-SNAPSHOT/hadoop-hdds-container-service-0.5.0-SNAPSHOT.jar!/webapps/static,UNAVAILABLE}
2019-10-11 03:37:19,962 [ForkJoinPool.commonPool-worker-1] INFO  handler.ContextHandler (ContextHandler.java:doStop(910)) - Stopped o.e.j.s.ServletContextHandler@5203c80f{/logs,file:///workdir/hadoop-ozone/integration-test/target/log,UNAVAILABLE}
2019-10-11 03:37:20,348 [Datanode State Machine Thread - 0] INFO  statemachine.DatanodeStateMachine (DatanodeStateMachine.java:lambda$startDaemon$0(350)) - Ozone container server started.
2019-10-11 03:37:21,326 [grpc-default-executor-11] WARN  server.GrpcLogAppender (LogUtils.java:warn(134)) - f182464e-c83e-4f22-a06f-1132466c2633@group-5B5FE269C201->03e4f594-86c7-4fac-9da8-d4dc1efdb82f-AppendLogResponseHandler: Failed appendEntries: org.apache.ratis.thirdparty.io.grpc.StatusRuntimeException: UNAVAILABLE: io exception
2019-10-11 03:37:21,326 [grpc-default-executor-9] WARN  server.GrpcLogAppender (LogUtils.java:warn(134)) - f182464e-c83e-4f22-a06f-1132466c2633@group-5B5FE269C201->6afc402c-563e-4dae-8086-9d1ee961591d-AppendLogResponseHandler: Failed appendEntries: org.apache.ratis.thirdparty.io.grpc.StatusRuntimeException: UNAVAILABLE: io exception
2019-10-11 03:37:21,326 [grpc-default-executor-11] INFO  impl.FollowerInfo (FollowerInfo.java:lambda$new$0(51)) - f182464e-c83e-4f22-a06f-1132466c2633@group-5B5FE269C201->03e4f594-86c7-4fac-9da8-d4dc1efdb82f: nextIndex: updateUnconditionally 9 -> 8
2019-10-11 03:37:21,327 [grpc-default-executor-9] INFO  impl.FollowerInfo (FollowerInfo.java:lambda$new$0(51)) - f182464e-c83e-4f22-a06f-1132466c2633@group-5B5FE269C201->6afc402c-563e-4dae-8086-9d1ee961591d: nextIndex: updateUnconditionally 13 -> 12
2019-10-11 03:37:23,827 [grpc-default-executor-9] WARN  server.GrpcLogAppender (LogUtils.java:warn(134)) - f182464e-c83e-4f22-a06f-1132466c2633@group-5B5FE269C201->6afc402c-563e-4dae-8086-9d1ee961591d-AppendLogResponseHandler: Failed appendEntries: org.apache.ratis.thirdparty.io.grpc.StatusRuntimeException: UNAVAILABLE: io exception
2019-10-11 03:37:23,827 [grpc-default-executor-13] WARN  server.GrpcLogAppender (LogUtils.java:warn(134)) - f182464e-c83e-4f22-a06f-1132466c2633@group-5B5FE269C201->03e4f594-86c7-4fac-9da8-d4dc1efdb82f-AppendLogResponseHandler: Failed appendEntries: org.apache.ratis.thirdparty.io.grpc.StatusRuntimeException: UNAVAILABLE: io exception
2019-10-11 03:37:23,829 [grpc-default-executor-13] INFO  impl.FollowerInfo (FollowerInfo.java:lambda$new$0(51)) - f182464e-c83e-4f22-a06f-1132466c2633@group-5B5FE269C201->03e4f594-86c7-4fac-9da8-d4dc1efdb82f: nextIndex: updateUnconditionally 8 -> 7
2019-10-11 03:37:23,829 [grpc-default-executor-9] INFO  impl.FollowerInfo (FollowerInfo.java:lambda$new$0(51)) - f182464e-c83e-4f22-a06f-1132466c2633@group-5B5FE269C201->6afc402c-563e-4dae-8086-9d1ee961591d: nextIndex: updateUnconditionally 12 -> 11
2019-10-11 03:37:24,373 [EventQueue-StaleNodeForStaleNodeHandler] INFO  node.StaleNodeHandler (StaleNodeHandler.java:onMessage(58)) - Datanode f182464e-c83e-4f22-a06f-1132466c2633{ip: 192.168.151.96, host: pr-hdds-2181-p9m8s-78523098, networkLocation: /default-rack, certSerialId: null} moved to stale state. Finalizing its pipelines [PipelineID=79c0262f-b8fc-4915-853e-5f7f4f129e8d, PipelineID=345cd870-79ed-473f-87e2-5b5fe269c201]
2019-10-11 03:37:24,374 [EventQueue-StaleNodeForStaleNodeHandler] INFO  pipeline.SCMPipelineManager (SCMPipelineManager.java:finalizeAndDestroyPipeline(315)) - destroying pipeline:Pipeline[ Id: 79c0262f-b8fc-4915-853e-5f7f4f129e8d, Nodes: f182464e-c83e-4f22-a06f-1132466c2633{ip: 192.168.151.96, host: pr-hdds-2181-p9m8s-78523098, networkLocation: /default-rack, certSerialId: null}, Type:RATIS, Factor:ONE, State:OPEN]
2019-10-11 03:37:24,374 [EventQueue-StaleNodeForStaleNodeHandler] INFO  pipeline.PipelineStateManager (PipelineStateManager.java:finalizePipeline(123)) - Pipeline Pipeline[ Id: 79c0262f-b8fc-4915-853e-5f7f4f129e8d, Nodes: f182464e-c83e-4f22-a06f-1132466c2633{ip: 192.168.151.96, host: pr-hdds-2181-p9m8s-78523098, networkLocation: /default-rack, certSerialId: null}, Type:RATIS, Factor:ONE, State:CLOSED] moved to CLOSED state
2019-10-11 03:37:24,374 [EventQueue-StaleNodeForStaleNodeHandler] INFO  pipeline.SCMPipelineManager (SCMPipelineManager.java:finalizeAndDestroyPipeline(315)) - destroying pipeline:Pipeline[ Id: 345cd870-79ed-473f-87e2-5b5fe269c201, Nodes: f182464e-c83e-4f22-a06f-1132466c2633{ip: 192.168.151.96, host: pr-hdds-2181-p9m8s-78523098, networkLocation: /default-rack, certSerialId: null}6afc402c-563e-4dae-8086-9d1ee961591d{ip: 192.168.151.96, host: pr-hdds-2181-p9m8s-78523098, networkLocation: /default-rack, certSerialId: null}03e4f594-86c7-4fac-9da8-d4dc1efdb82f{ip: 192.168.151.96, host: pr-hdds-2181-p9m8s-78523098, networkLocation: /default-rack, certSerialId: null}, Type:RATIS, Factor:THREE, State:CLOSED]
2019-10-11 03:37:24,910 [main] INFO  ozoneimpl.OzoneContainer (OzoneContainer.java:stop(227)) - Attempting to stop container services.
2019-10-11 03:37:24,913 [main] INFO  impl.RaftServerProxy (RaftServerProxy.java:lambda$close$4(314)) - f182464e-c83e-4f22-a06f-1132466c2633: close
2019-10-11 03:37:24,915 [main] INFO  impl.RaftServerImpl (RaftServerImpl.java:lambda$shutdown$3(247)) - f182464e-c83e-4f22-a06f-1132466c2633@group-5F7F4F129E8D: shutdown
2019-10-11 03:37:24,916 [main] INFO  util.JmxRegister (JmxRegister.java:unregister(73)) - Successfully un-registered JMX Bean with object name Ratis:service=RaftServer,group=group-5F7F4F129E8D,id=f182464e-c83e-4f22-a06f-1132466c2633
2019-10-11 03:37:24,916 [main] INFO  impl.RoleInfo (RoleInfo.java:shutdownLeaderState(104)) - f182464e-c83e-4f22-a06f-1132466c2633: shutdown LeaderState
2019-10-11 03:37:24,917 [main] INFO  impl.PendingRequests (PendingRequests.java:sendNotLeaderResponses(202)) - f182464e-c83e-4f22-a06f-1132466c2633@group-5F7F4F129E8D-PendingRequests: sendNotLeaderResponses
2019-10-11 03:37:24,919 [main] INFO  impl.StateMachineUpdater (StateMachineUpdater.java:stopAndJoin(136)) - f182464e-c83e-4f22-a06f-1132466c2633@group-5F7F4F129E8D-StateMachineUpdater: set stopIndex = 0
2019-10-11 03:37:24,919 [main] INFO  impl.RaftServerImpl (ServerState.java:close(387)) - f182464e-c83e-4f22-a06f-1132466c2633@group-5F7F4F129E8D: closes. applyIndex: 0
2019-10-11 03:37:24,920 [f182464e-c83e-4f22-a06f-1132466c2633@group-5F7F4F129E8D-SegmentedRaftLogWorker] INFO  segmented.SegmentedRaftLogWorker (SegmentedRaftLogWorker.java:run(316)) - f182464e-c83e-4f22-a06f-1132466c2633@group-5F7F4F129E8D-SegmentedRaftLogWorker was interrupted, exiting. There are 0 tasks remaining in the queue.
2019-10-11 03:37:24,923 [main] INFO  segmented.SegmentedRaftLogWorker (SegmentedRaftLogWorker.java:close(224)) - f182464e-c83e-4f22-a06f-1132466c2633@group-5F7F4F129E8D-SegmentedRaftLogWorker close()
2019-10-11 03:37:24,925 [main] INFO  impl.RaftServerImpl (RaftServerImpl.java:lambda$shutdown$3(247)) - f182464e-c83e-4f22-a06f-1132466c2633@group-5B5FE269C201: shutdown
2019-10-11 03:37:24,925 [main] INFO  util.JmxRegister (JmxRegister.java:unregister(73)) - Successfully un-registered JMX Bean with object name Ratis:service=RaftServer,group=group-5B5FE269C201,id=f182464e-c83e-4f22-a06f-1132466c2633
2019-10-11 03:37:24,926 [main] INFO  impl.RoleInfo (RoleInfo.java:shutdownLeaderState(104)) - f182464e-c83e-4f22-a06f-1132466c2633: shutdown LeaderState
2019-10-11 03:37:24,929 [main] INFO  impl.PendingRequests (PendingRequests.java:sendNotLeaderResponses(202)) - f182464e-c83e-4f22-a06f-1132466c2633@group-5B5FE269C201-PendingRequests: sendNotLeaderResponses
2019-10-11 03:37:24,929 [org.apache.ratis.server.impl.LogAppender$AppenderDaemon$$Lambda$528/349618678@7d2e885d] WARN  server.GrpcLogAppender (GrpcLogAppender.java:mayWait(143)) - f182464e-c83e-4f22-a06f-1132466c2633@group-5B5FE269C201->6afc402c-563e-4dae-8086-9d1ee961591d-GrpcLogAppender: Wait interrupted by java.lang.InterruptedException
2019-10-11 03:37:24,929 [org.apache.ratis.server.impl.LogAppender$AppenderDaemon$$Lambda$528/349618678@22acb896] WARN  server.GrpcLogAppender (GrpcLogAppender.java:mayWait(143)) - f182464e-c83e-4f22-a06f-1132466c2633@group-5B5FE269C201->03e4f594-86c7-4fac-9da8-d4dc1efdb82f-GrpcLogAppender: Wait interrupted by java.lang.InterruptedException
2019-10-11 03:37:24,933 [main] INFO  impl.StateMachineUpdater (StateMachineUpdater.java:stopAndJoin(136)) - f182464e-c83e-4f22-a06f-1132466c2633@group-5B5FE269C201-StateMachineUpdater: set stopIndex = 15
2019-10-11 03:37:24,933 [f182464e-c83e-4f22-a06f-1132466c2633@group-5B5FE269C201-StateMachineUpdater] INFO  ratis.ContainerStateMachine (ContainerStateMachine.java:takeSnapshot(294)) - group-5B5FE269C201: Taking a snapshot at:(t:1, i:15) file /workdir/hadoop-ozone/integration-test/target/test-dir/MiniOzoneClusterImpl-41393050-cb04-463e-b451-9f8cbcecb76f/datanode-5/data/ratis/345cd870-79ed-473f-87e2-5b5fe269c201/sm/snapshot.1_15
2019-10-11 03:37:24,948 [f182464e-c83e-4f22-a06f-1132466c2633@group-5B5FE269C201-StateMachineUpdater] INFO  ratis.ContainerStateMachine (ContainerStateMachine.java:takeSnapshot(305)) - group-5B5FE269C201: Finished taking a snapshot at:(t:1, i:15) file:/workdir/hadoop-ozone/integration-test/target/test-dir/MiniOzoneClusterImpl-41393050-cb04-463e-b451-9f8cbcecb76f/datanode-5/data/ratis/345cd870-79ed-473f-87e2-5b5fe269c201/sm/snapshot.1_15 time:14
2019-10-11 03:37:24,948 [f182464e-c83e-4f22-a06f-1132466c2633@group-5B5FE269C201-StateMachineUpdater] INFO  impl.StateMachineUpdater (StateMachineUpdater.java:takeSnapshot(269)) - f182464e-c83e-4f22-a06f-1132466c2633@group-5B5FE269C201-StateMachineUpdater: Took a snapshot at index 15
2019-10-11 03:37:24,948 [f182464e-c83e-4f22-a06f-1132466c2633@group-5B5FE269C201-StateMachineUpdater] INFO  impl.StateMachineUpdater (StateMachineUpdater.java:lambda$new$0(84)) - f182464e-c83e-4f22-a06f-1132466c2633@group-5B5FE269C201-StateMachineUpdater: snapshotIndex: updateIncreasingly -1 -> 15
2019-10-11 03:37:24,949 [main] INFO  impl.RaftServerImpl (ServerState.java:close(387)) - f182464e-c83e-4f22-a06f-1132466c2633@group-5B5FE269C201: closes. applyIndex: 15
2019-10-11 03:37:24,949 [f182464e-c83e-4f22-a06f-1132466c2633@group-5B5FE269C201-SegmentedRaftLogWorker] INFO  segmented.SegmentedRaftLogWorker (SegmentedRaftLogWorker.java:run(316)) - f182464e-c83e-4f22-a06f-1132466c2633@group-5B5FE269C201-SegmentedRaftLogWorker was interrupted, exiting. There are 0 tasks remaining in the queue.
2019-10-11 03:37:24,950 [main] INFO  segmented.SegmentedRaftLogWorker (SegmentedRaftLogWorker.java:close(224)) - f182464e-c83e-4f22-a06f-1132466c2633@group-5B5FE269C201-SegmentedRaftLogWorker close()
2019-10-11 03:37:24,952 [main] INFO  server.GrpcService (GrpcService.java:closeImpl(164)) - f182464e-c83e-4f22-a06f-1132466c2633: shutdown server with port 34571 now
2019-10-11 03:37:24,953 [grpc-default-executor-9] WARN  client.GrpcClientProtocolService (LogUtils.java:warn(134)) - 4-UnorderedRequestStreamObserver4: onError: org.apache.ratis.thirdparty.io.grpc.StatusRuntimeException: CANCELLED: cancelled before receiving half close
2019-10-11 03:37:24,953 [main] INFO  server.GrpcService (GrpcService.java:closeImpl(172)) - f182464e-c83e-4f22-a06f-1132466c2633: shutdown server with port 34571 successfully
2019-10-11 03:37:24,956 [refreshUsed-/workdir/hadoop-ozone/integration-test/target/test-dir/MiniOzoneClusterImpl-41393050-cb04-463e-b451-9f8cbcecb76f/datanode-5/data/containers] WARN  fs.CachingGetSpaceUsed (CachingGetSpaceUsed.java:run(183)) - Thread Interrupted waiting to refresh disk information: sleep interrupted
2019-10-11 03:37:24,978 [main] INFO  utils.BackgroundService (BackgroundService.java:shutdown(151)) - Shutting down service BlockDeletingService
2019-10-11 03:37:24,979 [main] INFO  statemachine.DatanodeStateMachine (DatanodeStateMachine.java:stopDaemon(395)) - Ozone container server stopped.
2019-10-11 03:37:24,982 [main] INFO  handler.ContextHandler (ContextHandler.java:doStop(910)) - Stopped o.e.j.w.WebAppContext@5599b5bb{/,null,UNAVAILABLE}{/hddsDatanode}
2019-10-11 03:37:24,983 [main] INFO  server.AbstractConnector (AbstractConnector.java:doStop(318)) - Stopped ServerConnector@4ff66917{HTTP/1.1,[http/1.1]}{0.0.0.0:0}
2019-10-11 03:37:24,984 [main] INFO  handler.ContextHandler (ContextHandler.java:doStop(910)) - Stopped o.e.j.s.ServletContextHandler@54a056e4{/static,jar:file:/home/user/.m2/repository/org/apache/hadoop/hadoop-hdds-container-service/0.5.0-SNAPSHOT/hadoop-hdds-container-service-0.5.0-SNAPSHOT.jar!/webapps/static,UNAVAILABLE}
2019-10-11 03:37:24,985 [main] INFO  handler.ContextHandler (ContextHandler.java:doStop(910)) - Stopped o.e.j.s.ServletContextHandler@1412682c{/logs,file:///workdir/hadoop-ozone/integration-test/target/log,UNAVAILABLE}
2019-10-11 03:37:24,986 [main] INFO  ozone.MiniOzoneClusterImpl (MiniOzoneClusterImpl.java:stopSCM(392)) - Stopping the StorageContainerManager
2019-10-11 03:37:24,986 [main] INFO  server.StorageContainerManager (StorageContainerManager.java:stop(810)) - Stopping Replication Manager Service.
2019-10-11 03:37:24,986 [main] INFO  container.ReplicationManager (ReplicationManager.java:stop(203)) - Stopping Replication Monitor Thread.
2019-10-11 03:37:24,986 [main] INFO  server.StorageContainerManager (StorageContainerManager.java:stop(817)) - Stopping Lease Manager of the command watchers
2019-10-11 03:37:24,986 [main] INFO  server.StorageContainerManager (StorageContainerManager.java:stop(824)) - Stopping datanode service RPC server
2019-10-11 03:37:24,987 [main] INFO  server.SCMDatanodeProtocolServer (SCMDatanodeProtocolServer.java:stop(346)) - Stopping the RPC server for DataNodes
2019-10-11 03:37:24,987 [main] INFO  ipc.Server (Server.java:stop(3082)) - Stopping server on 40093
2019-10-11 03:37:24,992 [IPC Server listener on 40093] INFO  ipc.Server (Server.java:run(1185)) - Stopping IPC Server listener on 40093
2019-10-11 03:37:24,992 [IPC Server Responder] INFO  ipc.Server (Server.java:run(1319)) - Stopping IPC Server Responder
2019-10-11 03:37:25,074 [SCM Heartbeat Processing Thread - 0] WARN  node.NodeStateManager (NodeStateManager.java:scheduleNextHealthCheck(646)) - Current Thread is interrupted, shutting down HB processing thread for Node Manager.
2019-10-11 03:37:25,074 [main] INFO  server.StorageContainerManager (StorageContainerManager.java:stop(832)) - Stopping block service RPC server
2019-10-11 03:37:25,074 [main] INFO  server.SCMBlockProtocolServer (SCMBlockProtocolServer.java:stop(155)) - Stopping the RPC server for Block Protocol
2019-10-11 03:37:25,075 [main] INFO  ipc.Server (Server.java:stop(3082)) - Stopping server on 40340
2019-10-11 03:37:25,078 [IPC Server listener on 40340] INFO  ipc.Server (Server.java:run(1185)) - Stopping IPC Server listener on 40340
2019-10-11 03:37:25,088 [main] INFO  server.StorageContainerManager (StorageContainerManager.java:stop(839)) - Stopping the StorageContainerLocationProtocol RPC server
2019-10-11 03:37:25,089 [IPC Server Responder] INFO  ipc.Server (Server.java:run(1319)) - Stopping IPC Server Responder
2019-10-11 03:37:25,091 [main] INFO  server.SCMClientProtocolServer (SCMClientProtocolServer.java:stop(168)) - Stopping the RPC server for Client Protocol
2019-10-11 03:37:25,091 [main] INFO  ipc.Server (Server.java:stop(3082)) - Stopping server on 45790
2019-10-11 03:37:25,095 [IPC Server listener on 45790] INFO  ipc.Server (Server.java:run(1185)) - Stopping IPC Server listener on 45790
2019-10-11 03:37:25,095 [main] INFO  server.StorageContainerManager (StorageContainerManager.java:stop(846)) - Stopping Storage Container Manager HTTP server.
2019-10-11 03:37:25,095 [IPC Server Responder] INFO  ipc.Server (Server.java:run(1319)) - Stopping IPC Server Responder
2019-10-11 03:37:25,097 [main] INFO  handler.ContextHandler (ContextHandler.java:doStop(910)) - Stopped o.e.j.w.WebAppContext@5fb8dc01{/,null,UNAVAILABLE}{/scm}
2019-10-11 03:37:25,098 [main] INFO  server.AbstractConnector (AbstractConnector.java:doStop(318)) - Stopped ServerConnector@3e38c472{HTTP/1.1,[http/1.1]}{0.0.0.0:0}
2019-10-11 03:37:25,098 [main] INFO  handler.ContextHandler (ContextHandler.java:doStop(910)) - Stopped o.e.j.s.ServletContextHandler@70b33256{/static,file:///workdir/hadoop-ozone/integration-test/target/test-classes/webapps/static,UNAVAILABLE}
2019-10-11 03:37:25,099 [main] INFO  handler.ContextHandler (ContextHandler.java:doStop(910)) - Stopped o.e.j.s.ServletContextHandler@45287377{/logs,file:///workdir/hadoop-ozone/integration-test/target/log,UNAVAILABLE}
2019-10-11 03:37:25,100 [main] INFO  server.StorageContainerManager (StorageContainerManager.java:stop(857)) - Stopping Block Manager Service.
2019-10-11 03:37:25,100 [main] INFO  utils.BackgroundService (BackgroundService.java:shutdown(151)) - Shutting down service SCMBlockDeletingService
2019-10-11 03:37:25,100 [main] INFO  utils.BackgroundService (BackgroundService.java:shutdown(151)) - Shutting down service SCMBlockDeletingService
2019-10-11 03:37:25,101 [main] INFO  server.StorageContainerManager (StorageContainerManager.java:stop(879)) - Stopping SCM Event Queue.
2019-10-11 03:37:25,107 [main] INFO  impl.MetricsSystemImpl (MetricsSystemImpl.java:stop(210)) - Stopping HddsDatanode metrics system...
2019-10-11 03:37:25,131 [main] INFO  impl.MetricsSystemImpl (MetricsSystemImpl.java:stop(216)) - HddsDatanode metrics system stopped.
]]></system-out>
    <system-err><![CDATA[Oct 11, 2019 3:37:09 AM org.apache.ratis.thirdparty.io.grpc.internal.SerializingExecutor run
SEVERE: Exception while executing runnable org.apache.ratis.thirdparty.io.grpc.internal.ServerImpl$JumpToApplicationThreadServerStreamListener$1Closed@2356aaf2
org.apache.ratis.thirdparty.io.grpc.StatusRuntimeException: CANCELLED: call already cancelled
	at org.apache.ratis.thirdparty.io.grpc.Status.asRuntimeException(Status.java:517)
	at org.apache.ratis.thirdparty.io.grpc.stub.ServerCalls$ServerCallStreamObserverImpl.onCompleted(ServerCalls.java:356)
	at org.apache.ratis.grpc.server.GrpcServerProtocolService$ServerRequestStreamObserver.onError(GrpcServerProtocolService.java:121)
	at org.apache.ratis.thirdparty.io.grpc.stub.ServerCalls$StreamingServerCallHandler$StreamingServerCallListener.onCancel(ServerCalls.java:269)
	at org.apache.ratis.thirdparty.io.grpc.internal.ServerCallImpl$ServerStreamListenerImpl.closed(ServerCallImpl.java:293)
	at org.apache.ratis.thirdparty.io.grpc.internal.ServerImpl$JumpToApplicationThreadServerStreamListener$1Closed.runInContext(ServerImpl.java:741)
	at org.apache.ratis.thirdparty.io.grpc.internal.ContextRunnable.run(ContextRunnable.java:37)
	at org.apache.ratis.thirdparty.io.grpc.internal.SerializingExecutor.run(SerializingExecutor.java:123)
	at java.util.concurrent.ThreadPoolExecutor.runWorker(ThreadPoolExecutor.java:1149)
	at java.util.concurrent.ThreadPoolExecutor$Worker.run(ThreadPoolExecutor.java:624)
	at java.lang.Thread.run(Thread.java:748)

Oct 11, 2019 3:37:09 AM org.apache.ratis.thirdparty.io.grpc.internal.SerializingExecutor run
SEVERE: Exception while executing runnable org.apache.ratis.thirdparty.io.grpc.internal.ServerImpl$JumpToApplicationThreadServerStreamListener$1Closed@20bf921
org.apache.ratis.thirdparty.io.grpc.StatusRuntimeException: CANCELLED: call already cancelled
	at org.apache.ratis.thirdparty.io.grpc.Status.asRuntimeException(Status.java:517)
	at org.apache.ratis.thirdparty.io.grpc.stub.ServerCalls$ServerCallStreamObserverImpl.onCompleted(ServerCalls.java:356)
	at org.apache.ratis.grpc.server.GrpcServerProtocolService$ServerRequestStreamObserver.onError(GrpcServerProtocolService.java:121)
	at org.apache.ratis.thirdparty.io.grpc.stub.ServerCalls$StreamingServerCallHandler$StreamingServerCallListener.onCancel(ServerCalls.java:269)
	at org.apache.ratis.thirdparty.io.grpc.internal.ServerCallImpl$ServerStreamListenerImpl.closed(ServerCallImpl.java:293)
	at org.apache.ratis.thirdparty.io.grpc.internal.ServerImpl$JumpToApplicationThreadServerStreamListener$1Closed.runInContext(ServerImpl.java:741)
	at org.apache.ratis.thirdparty.io.grpc.internal.ContextRunnable.run(ContextRunnable.java:37)
	at org.apache.ratis.thirdparty.io.grpc.internal.SerializingExecutor.run(SerializingExecutor.java:123)
	at java.util.concurrent.ThreadPoolExecutor.runWorker(ThreadPoolExecutor.java:1149)
	at java.util.concurrent.ThreadPoolExecutor$Worker.run(ThreadPoolExecutor.java:624)
	at java.lang.Thread.run(Thread.java:748)

Oct 11, 2019 3:37:14 AM org.apache.ratis.thirdparty.io.grpc.internal.SerializingExecutor run
SEVERE: Exception while executing runnable org.apache.ratis.thirdparty.io.grpc.internal.ServerImpl$JumpToApplicationThreadServerStreamListener$1Closed@426834a2
org.apache.ratis.thirdparty.io.grpc.StatusRuntimeException: CANCELLED: call already cancelled
	at org.apache.ratis.thirdparty.io.grpc.Status.asRuntimeException(Status.java:517)
	at org.apache.ratis.thirdparty.io.grpc.stub.ServerCalls$ServerCallStreamObserverImpl.onCompleted(ServerCalls.java:356)
	at org.apache.ratis.grpc.server.GrpcServerProtocolService$ServerRequestStreamObserver.onError(GrpcServerProtocolService.java:121)
	at org.apache.ratis.thirdparty.io.grpc.stub.ServerCalls$StreamingServerCallHandler$StreamingServerCallListener.onCancel(ServerCalls.java:269)
	at org.apache.ratis.thirdparty.io.grpc.internal.ServerCallImpl$ServerStreamListenerImpl.closed(ServerCallImpl.java:293)
	at org.apache.ratis.thirdparty.io.grpc.internal.ServerImpl$JumpToApplicationThreadServerStreamListener$1Closed.runInContext(ServerImpl.java:741)
	at org.apache.ratis.thirdparty.io.grpc.internal.ContextRunnable.run(ContextRunnable.java:37)
	at org.apache.ratis.thirdparty.io.grpc.internal.SerializingExecutor.run(SerializingExecutor.java:123)
	at java.util.concurrent.ThreadPoolExecutor.runWorker(ThreadPoolExecutor.java:1149)
	at java.util.concurrent.ThreadPoolExecutor$Worker.run(ThreadPoolExecutor.java:624)
	at java.lang.Thread.run(Thread.java:748)

Oct 11, 2019 3:37:14 AM org.apache.ratis.thirdparty.io.grpc.internal.ManagedChannelOrphanWrapper$ManagedChannelReference cleanQueue
SEVERE: *~*~*~ Channel ManagedChannelImpl{logId=3256, target=192.168.151.96:44838} was not shutdown properly!!! ~*~*~*
    Make sure to call shutdown()/shutdownNow() and wait until awaitTermination() returns true.
java.lang.RuntimeException: ManagedChannel allocation site
	at org.apache.ratis.thirdparty.io.grpc.internal.ManagedChannelOrphanWrapper$ManagedChannelReference.<init>(ManagedChannelOrphanWrapper.java:103)
	at org.apache.ratis.thirdparty.io.grpc.internal.ManagedChannelOrphanWrapper.<init>(ManagedChannelOrphanWrapper.java:53)
	at org.apache.ratis.thirdparty.io.grpc.internal.ManagedChannelOrphanWrapper.<init>(ManagedChannelOrphanWrapper.java:44)
	at org.apache.ratis.thirdparty.io.grpc.internal.AbstractManagedChannelImplBuilder.build(AbstractManagedChannelImplBuilder.java:411)
	at org.apache.hadoop.hdds.scm.XceiverClientGrpc.connectToDatanode(XceiverClientGrpc.java:183)
	at org.apache.hadoop.hdds.scm.XceiverClientGrpc.reconnect(XceiverClientGrpc.java:434)
	at org.apache.hadoop.hdds.scm.XceiverClientGrpc.sendCommandAsync(XceiverClientGrpc.java:382)
	at org.apache.hadoop.hdds.scm.XceiverClientGrpc.sendCommandWithRetry(XceiverClientGrpc.java:295)
	at org.apache.hadoop.hdds.scm.XceiverClientGrpc.sendCommandWithTraceIDAndRetry(XceiverClientGrpc.java:259)
	at org.apache.hadoop.hdds.scm.XceiverClientGrpc.sendCommand(XceiverClientGrpc.java:242)
	at org.apache.hadoop.hdds.scm.storage.ContainerProtocolCalls.readChunk(ContainerProtocolCalls.java:245)
	at org.apache.hadoop.hdds.scm.storage.ChunkInputStream.readChunk(ChunkInputStream.java:335)
	at org.apache.hadoop.hdds.scm.storage.ChunkInputStream.readChunkFromContainer(ChunkInputStream.java:307)
	at org.apache.hadoop.hdds.scm.storage.ChunkInputStream.prepareRead(ChunkInputStream.java:259)
	at org.apache.hadoop.hdds.scm.storage.ChunkInputStream.read(ChunkInputStream.java:144)
	at org.apache.hadoop.hdds.scm.storage.BlockInputStream.read(BlockInputStream.java:241)
	at org.apache.hadoop.ozone.client.io.KeyInputStream.read(KeyInputStream.java:173)
	at org.apache.hadoop.ozone.client.io.OzoneInputStream.read(OzoneInputStream.java:47)
	at java.io.InputStream.read(InputStream.java:101)
	at org.apache.hadoop.ozone.container.ContainerTestHelper.validateData(ContainerTestHelper.java:715)
	at org.apache.hadoop.ozone.client.rpc.TestBlockOutputStreamWithFailures.validateData(TestBlockOutputStreamWithFailures.java:1216)
	at org.apache.hadoop.ozone.client.rpc.TestBlockOutputStreamWithFailures.testWatchForCommitDatanodeFailure(TestBlockOutputStreamWithFailures.java:393)
	at sun.reflect.NativeMethodAccessorImpl.invoke0(Native Method)
	at sun.reflect.NativeMethodAccessorImpl.invoke(NativeMethodAccessorImpl.java:62)
	at sun.reflect.DelegatingMethodAccessorImpl.invoke(DelegatingMethodAccessorImpl.java:43)
	at java.lang.reflect.Method.invoke(Method.java:498)
	at org.junit.runners.model.FrameworkMethod$1.runReflectiveCall(FrameworkMethod.java:47)
	at org.junit.internal.runners.model.ReflectiveCallable.run(ReflectiveCallable.java:12)
	at org.junit.runners.model.FrameworkMethod.invokeExplosively(FrameworkMethod.java:44)
	at org.junit.internal.runners.statements.InvokeMethod.evaluate(InvokeMethod.java:17)
	at org.junit.internal.runners.statements.RunBefores.evaluate(RunBefores.java:26)
	at org.junit.internal.runners.statements.RunAfters.evaluate(RunAfters.java:27)
	at org.junit.runners.ParentRunner.runLeaf(ParentRunner.java:271)
	at org.junit.runners.BlockJUnit4ClassRunner.runChild(BlockJUnit4ClassRunner.java:70)
	at org.junit.runners.BlockJUnit4ClassRunner.runChild(BlockJUnit4ClassRunner.java:50)
	at org.junit.runners.ParentRunner$3.run(ParentRunner.java:238)
	at org.junit.runners.ParentRunner$1.schedule(ParentRunner.java:63)
	at org.junit.runners.ParentRunner.runChildren(ParentRunner.java:236)
	at org.junit.runners.ParentRunner.access$000(ParentRunner.java:53)
	at org.junit.runners.ParentRunner$2.evaluate(ParentRunner.java:229)
	at org.junit.runners.ParentRunner.run(ParentRunner.java:309)
	at org.apache.maven.surefire.junit4.JUnit4Provider.execute(JUnit4Provider.java:365)
	at org.apache.maven.surefire.junit4.JUnit4Provider.executeWithRerun(JUnit4Provider.java:273)
	at org.apache.maven.surefire.junit4.JUnit4Provider.executeTestSet(JUnit4Provider.java:238)
	at org.apache.maven.surefire.junit4.JUnit4Provider.invoke(JUnit4Provider.java:159)
	at org.apache.maven.surefire.booter.ForkedBooter.invokeProviderInSameClassLoader(ForkedBooter.java:384)
	at org.apache.maven.surefire.booter.ForkedBooter.runSuitesInProcess(ForkedBooter.java:345)
	at org.apache.maven.surefire.booter.ForkedBooter.execute(ForkedBooter.java:126)
	at org.apache.maven.surefire.booter.ForkedBooter.main(ForkedBooter.java:418)

Oct 11, 2019 3:37:14 AM org.apache.ratis.thirdparty.io.grpc.internal.ManagedChannelOrphanWrapper$ManagedChannelReference cleanQueue
SEVERE: *~*~*~ Channel ManagedChannelImpl{logId=2997, target=192.168.151.96:38306} was not shutdown properly!!! ~*~*~*
    Make sure to call shutdown()/shutdownNow() and wait until awaitTermination() returns true.
java.lang.RuntimeException: ManagedChannel allocation site
	at org.apache.ratis.thirdparty.io.grpc.internal.ManagedChannelOrphanWrapper$ManagedChannelReference.<init>(ManagedChannelOrphanWrapper.java:103)
	at org.apache.ratis.thirdparty.io.grpc.internal.ManagedChannelOrphanWrapper.<init>(ManagedChannelOrphanWrapper.java:53)
	at org.apache.ratis.thirdparty.io.grpc.internal.ManagedChannelOrphanWrapper.<init>(ManagedChannelOrphanWrapper.java:44)
	at org.apache.ratis.thirdparty.io.grpc.internal.AbstractManagedChannelImplBuilder.build(AbstractManagedChannelImplBuilder.java:411)
	at org.apache.ratis.grpc.client.GrpcClientProtocolClient.<init>(GrpcClientProtocolClient.java:128)
	at org.apache.ratis.grpc.client.GrpcClientRpc.lambda$new$0(GrpcClientRpc.java:55)
	at org.apache.ratis.util.PeerProxyMap$PeerAndProxy.lambda$getProxy$0(PeerProxyMap.java:61)
	at org.apache.ratis.util.LifeCycle.startAndTransition(LifeCycle.java:202)
	at org.apache.ratis.util.PeerProxyMap$PeerAndProxy.getProxy(PeerProxyMap.java:60)
	at org.apache.ratis.util.PeerProxyMap.getProxy(PeerProxyMap.java:108)
	at org.apache.ratis.grpc.client.GrpcClientRpc.sendRequestAsync(GrpcClientRpc.java:66)
	at org.apache.ratis.client.impl.OrderedAsync.sendRequest(OrderedAsync.java:208)
	at org.apache.ratis.client.impl.OrderedAsync.sendRequestWithRetry(OrderedAsync.java:169)
	at org.apache.ratis.util.SlidingWindow$Client.sendOrDelayRequest(SlidingWindow.java:278)
	at org.apache.ratis.util.SlidingWindow$Client.submitNewRequest(SlidingWindow.java:257)
	at org.apache.ratis.client.impl.OrderedAsync.send(OrderedAsync.java:155)
	at org.apache.ratis.client.impl.RaftClientImpl.sendAsync(RaftClientImpl.java:144)
	at org.apache.ratis.client.impl.RaftClientImpl.sendAsync(RaftClientImpl.java:124)
	at org.apache.hadoop.hdds.scm.XceiverClientRatis.sendRequestAsync(XceiverClientRatis.java:236)
	at org.apache.hadoop.hdds.scm.XceiverClientRatis.sendCommandAsync(XceiverClientRatis.java:317)
	at org.apache.hadoop.hdds.scm.storage.ContainerProtocolCalls.writeChunkAsync(ContainerProtocolCalls.java:310)
	at org.apache.hadoop.hdds.scm.storage.BlockOutputStream.writeChunkToContainer(BlockOutputStream.java:604)
	at org.apache.hadoop.hdds.scm.storage.BlockOutputStream.writeChunk(BlockOutputStream.java:462)
	at org.apache.hadoop.hdds.scm.storage.BlockOutputStream.writeOnRetry(BlockOutputStream.java:284)
	at org.apache.hadoop.ozone.client.io.BlockOutputStreamEntry.writeOnRetry(BlockOutputStreamEntry.java:200)
	at org.apache.hadoop.ozone.client.io.KeyOutputStream.handleWrite(KeyOutputStream.java:206)
	at org.apache.hadoop.ozone.client.io.KeyOutputStream.handleRetry(KeyOutputStream.java:375)
	at org.apache.hadoop.ozone.client.io.KeyOutputStream.handleException(KeyOutputStream.java:324)
	at org.apache.hadoop.ozone.client.io.KeyOutputStream.handleFlushOrClose(KeyOutputStream.java:449)
	at org.apache.hadoop.ozone.client.io.KeyOutputStream.handleWrite(KeyOutputStream.java:232)
	at org.apache.hadoop.ozone.client.io.KeyOutputStream.write(KeyOutputStream.java:190)
	at org.apache.hadoop.ozone.client.io.OzoneOutputStream.write(OzoneOutputStream.java:49)
	at java.io.OutputStream.write(OutputStream.java:75)
	at org.apache.hadoop.ozone.client.rpc.TestBlockOutputStreamWithFailures.testWatchForCommitWithSingleNodeRatis(TestBlockOutputStreamWithFailures.java:885)
	at sun.reflect.NativeMethodAccessorImpl.invoke0(Native Method)
	at sun.reflect.NativeMethodAccessorImpl.invoke(NativeMethodAccessorImpl.java:62)
	at sun.reflect.DelegatingMethodAccessorImpl.invoke(DelegatingMethodAccessorImpl.java:43)
	at java.lang.reflect.Method.invoke(Method.java:498)
	at org.junit.runners.model.FrameworkMethod$1.runReflectiveCall(FrameworkMethod.java:47)
	at org.junit.internal.runners.model.ReflectiveCallable.run(ReflectiveCallable.java:12)
	at org.junit.runners.model.FrameworkMethod.invokeExplosively(FrameworkMethod.java:44)
	at org.junit.internal.runners.statements.InvokeMethod.evaluate(InvokeMethod.java:17)
	at org.junit.internal.runners.statements.RunBefores.evaluate(RunBefores.java:26)
	at org.junit.internal.runners.statements.RunAfters.evaluate(RunAfters.java:27)
	at org.junit.runners.ParentRunner.runLeaf(ParentRunner.java:271)
	at org.junit.runners.BlockJUnit4ClassRunner.runChild(BlockJUnit4ClassRunner.java:70)
	at org.junit.runners.BlockJUnit4ClassRunner.runChild(BlockJUnit4ClassRunner.java:50)
	at org.junit.runners.ParentRunner$3.run(ParentRunner.java:238)
	at org.junit.runners.ParentRunner$1.schedule(ParentRunner.java:63)
	at org.junit.runners.ParentRunner.runChildren(ParentRunner.java:236)
	at org.junit.runners.ParentRunner.access$000(ParentRunner.java:53)
	at org.junit.runners.ParentRunner$2.evaluate(ParentRunner.java:229)
	at org.junit.runners.ParentRunner.run(ParentRunner.java:309)
	at org.apache.maven.surefire.junit4.JUnit4Provider.execute(JUnit4Provider.java:365)
	at org.apache.maven.surefire.junit4.JUnit4Provider.executeWithRerun(JUnit4Provider.java:273)
	at org.apache.maven.surefire.junit4.JUnit4Provider.executeTestSet(JUnit4Provider.java:238)
	at org.apache.maven.surefire.junit4.JUnit4Provider.invoke(JUnit4Provider.java:159)
	at org.apache.maven.surefire.booter.ForkedBooter.invokeProviderInSameClassLoader(ForkedBooter.java:384)
	at org.apache.maven.surefire.booter.ForkedBooter.runSuitesInProcess(ForkedBooter.java:345)
	at org.apache.maven.surefire.booter.ForkedBooter.execute(ForkedBooter.java:126)
	at org.apache.maven.surefire.booter.ForkedBooter.main(ForkedBooter.java:418)

Oct 11, 2019 3:37:14 AM org.apache.ratis.thirdparty.io.grpc.internal.ManagedChannelOrphanWrapper$ManagedChannelReference cleanQueue
SEVERE: *~*~*~ Channel ManagedChannelImpl{logId=3242, target=192.168.151.96:43198} was not shutdown properly!!! ~*~*~*
    Make sure to call shutdown()/shutdownNow() and wait until awaitTermination() returns true.
java.lang.RuntimeException: ManagedChannel allocation site
	at org.apache.ratis.thirdparty.io.grpc.internal.ManagedChannelOrphanWrapper$ManagedChannelReference.<init>(ManagedChannelOrphanWrapper.java:103)
	at org.apache.ratis.thirdparty.io.grpc.internal.ManagedChannelOrphanWrapper.<init>(ManagedChannelOrphanWrapper.java:53)
	at org.apache.ratis.thirdparty.io.grpc.internal.ManagedChannelOrphanWrapper.<init>(ManagedChannelOrphanWrapper.java:44)
	at org.apache.ratis.thirdparty.io.grpc.internal.AbstractManagedChannelImplBuilder.build(AbstractManagedChannelImplBuilder.java:411)
	at org.apache.ratis.grpc.client.GrpcClientProtocolClient.<init>(GrpcClientProtocolClient.java:128)
	at org.apache.ratis.grpc.client.GrpcClientRpc.lambda$new$0(GrpcClientRpc.java:55)
	at org.apache.ratis.util.PeerProxyMap$PeerAndProxy.lambda$getProxy$0(PeerProxyMap.java:61)
	at org.apache.ratis.util.LifeCycle.startAndTransition(LifeCycle.java:202)
	at org.apache.ratis.util.PeerProxyMap$PeerAndProxy.getProxy(PeerProxyMap.java:60)
	at org.apache.ratis.util.PeerProxyMap.getProxy(PeerProxyMap.java:108)
	at org.apache.ratis.grpc.client.GrpcClientRpc.sendRequestAsync(GrpcClientRpc.java:66)
	at org.apache.ratis.client.impl.OrderedAsync.sendRequest(OrderedAsync.java:208)
	at org.apache.ratis.client.impl.OrderedAsync.sendRequestWithRetry(OrderedAsync.java:169)
	at org.apache.ratis.util.SlidingWindow$Client.sendOrDelayRequest(SlidingWindow.java:278)
	at org.apache.ratis.util.SlidingWindow$Client.submitNewRequest(SlidingWindow.java:257)
	at org.apache.ratis.client.impl.OrderedAsync.send(OrderedAsync.java:155)
	at org.apache.ratis.client.impl.RaftClientImpl.sendAsync(RaftClientImpl.java:144)
	at org.apache.ratis.client.impl.RaftClientImpl.sendAsync(RaftClientImpl.java:124)
	at org.apache.hadoop.hdds.scm.XceiverClientRatis.sendRequestAsync(XceiverClientRatis.java:236)
	at org.apache.hadoop.hdds.scm.XceiverClientRatis.sendCommandAsync(XceiverClientRatis.java:317)
	at org.apache.hadoop.hdds.scm.storage.ContainerProtocolCalls.writeChunkAsync(ContainerProtocolCalls.java:310)
	at org.apache.hadoop.hdds.scm.storage.BlockOutputStream.writeChunkToContainer(BlockOutputStream.java:604)
	at org.apache.hadoop.hdds.scm.storage.BlockOutputStream.writeChunk(BlockOutputStream.java:462)
	at org.apache.hadoop.hdds.scm.storage.BlockOutputStream.write(BlockOutputStream.java:239)
	at org.apache.hadoop.ozone.client.io.BlockOutputStreamEntry.write(BlockOutputStreamEntry.java:129)
	at org.apache.hadoop.ozone.client.io.KeyOutputStream.handleWrite(KeyOutputStream.java:208)
	at org.apache.hadoop.ozone.client.io.KeyOutputStream.write(KeyOutputStream.java:190)
	at org.apache.hadoop.ozone.client.io.OzoneOutputStream.write(OzoneOutputStream.java:49)
	at java.io.OutputStream.write(OutputStream.java:75)
	at org.apache.hadoop.ozone.client.rpc.TestBlockOutputStreamWithFailures.testWatchForCommitDatanodeFailure(TestBlockOutputStreamWithFailures.java:363)
	at sun.reflect.NativeMethodAccessorImpl.invoke0(Native Method)
	at sun.reflect.NativeMethodAccessorImpl.invoke(NativeMethodAccessorImpl.java:62)
	at sun.reflect.DelegatingMethodAccessorImpl.invoke(DelegatingMethodAccessorImpl.java:43)
	at java.lang.reflect.Method.invoke(Method.java:498)
	at org.junit.runners.model.FrameworkMethod$1.runReflectiveCall(FrameworkMethod.java:47)
	at org.junit.internal.runners.model.ReflectiveCallable.run(ReflectiveCallable.java:12)
	at org.junit.runners.model.FrameworkMethod.invokeExplosively(FrameworkMethod.java:44)
	at org.junit.internal.runners.statements.InvokeMethod.evaluate(InvokeMethod.java:17)
	at org.junit.internal.runners.statements.RunBefores.evaluate(RunBefores.java:26)
	at org.junit.internal.runners.statements.RunAfters.evaluate(RunAfters.java:27)
	at org.junit.runners.ParentRunner.runLeaf(ParentRunner.java:271)
	at org.junit.runners.BlockJUnit4ClassRunner.runChild(BlockJUnit4ClassRunner.java:70)
	at org.junit.runners.BlockJUnit4ClassRunner.runChild(BlockJUnit4ClassRunner.java:50)
	at org.junit.runners.ParentRunner$3.run(ParentRunner.java:238)
	at org.junit.runners.ParentRunner$1.schedule(ParentRunner.java:63)
	at org.junit.runners.ParentRunner.runChildren(ParentRunner.java:236)
	at org.junit.runners.ParentRunner.access$000(ParentRunner.java:53)
	at org.junit.runners.ParentRunner$2.evaluate(ParentRunner.java:229)
	at org.junit.runners.ParentRunner.run(ParentRunner.java:309)
	at org.apache.maven.surefire.junit4.JUnit4Provider.execute(JUnit4Provider.java:365)
	at org.apache.maven.surefire.junit4.JUnit4Provider.executeWithRerun(JUnit4Provider.java:273)
	at org.apache.maven.surefire.junit4.JUnit4Provider.executeTestSet(JUnit4Provider.java:238)
	at org.apache.maven.surefire.junit4.JUnit4Provider.invoke(JUnit4Provider.java:159)
	at org.apache.maven.surefire.booter.ForkedBooter.invokeProviderInSameClassLoader(ForkedBooter.java:384)
	at org.apache.maven.surefire.booter.ForkedBooter.runSuitesInProcess(ForkedBooter.java:345)
	at org.apache.maven.surefire.booter.ForkedBooter.execute(ForkedBooter.java:126)
	at org.apache.maven.surefire.booter.ForkedBooter.main(ForkedBooter.java:418)

Oct 11, 2019 3:37:14 AM org.apache.ratis.thirdparty.io.grpc.internal.SerializingExecutor run
SEVERE: Exception while executing runnable org.apache.ratis.thirdparty.io.grpc.internal.ServerImpl$JumpToApplicationThreadServerStreamListener$1Closed@347a7c32
org.apache.ratis.thirdparty.io.grpc.StatusRuntimeException: CANCELLED: call already cancelled
	at org.apache.ratis.thirdparty.io.grpc.Status.asRuntimeException(Status.java:517)
	at org.apache.ratis.thirdparty.io.grpc.stub.ServerCalls$ServerCallStreamObserverImpl.onCompleted(ServerCalls.java:356)
	at org.apache.ratis.grpc.server.GrpcServerProtocolService$ServerRequestStreamObserver.onError(GrpcServerProtocolService.java:121)
	at org.apache.ratis.thirdparty.io.grpc.stub.ServerCalls$StreamingServerCallHandler$StreamingServerCallListener.onCancel(ServerCalls.java:269)
	at org.apache.ratis.thirdparty.io.grpc.internal.ServerCallImpl$ServerStreamListenerImpl.closed(ServerCallImpl.java:293)
	at org.apache.ratis.thirdparty.io.grpc.internal.ServerImpl$JumpToApplicationThreadServerStreamListener$1Closed.runInContext(ServerImpl.java:741)
	at org.apache.ratis.thirdparty.io.grpc.internal.ContextRunnable.run(ContextRunnable.java:37)
	at org.apache.ratis.thirdparty.io.grpc.internal.SerializingExecutor.run(SerializingExecutor.java:123)
	at java.util.concurrent.ThreadPoolExecutor.runWorker(ThreadPoolExecutor.java:1149)
	at java.util.concurrent.ThreadPoolExecutor$Worker.run(ThreadPoolExecutor.java:624)
	at java.lang.Thread.run(Thread.java:748)

Oct 11, 2019 3:37:14 AM org.apache.ratis.thirdparty.io.grpc.internal.ManagedChannelOrphanWrapper$ManagedChannelReference cleanQueue
SEVERE: *~*~*~ Channel ManagedChannelImpl{logId=3002, target=192.168.151.96:33076} was not shutdown properly!!! ~*~*~*
    Make sure to call shutdown()/shutdownNow() and wait until awaitTermination() returns true.
java.lang.RuntimeException: ManagedChannel allocation site
	at org.apache.ratis.thirdparty.io.grpc.internal.ManagedChannelOrphanWrapper$ManagedChannelReference.<init>(ManagedChannelOrphanWrapper.java:103)
	at org.apache.ratis.thirdparty.io.grpc.internal.ManagedChannelOrphanWrapper.<init>(ManagedChannelOrphanWrapper.java:53)
	at org.apache.ratis.thirdparty.io.grpc.internal.ManagedChannelOrphanWrapper.<init>(ManagedChannelOrphanWrapper.java:44)
	at org.apache.ratis.thirdparty.io.grpc.internal.AbstractManagedChannelImplBuilder.build(AbstractManagedChannelImplBuilder.java:411)
	at org.apache.hadoop.hdds.scm.XceiverClientGrpc.connectToDatanode(XceiverClientGrpc.java:183)
	at org.apache.hadoop.hdds.scm.XceiverClientGrpc.reconnect(XceiverClientGrpc.java:434)
	at org.apache.hadoop.hdds.scm.XceiverClientGrpc.sendCommandAsync(XceiverClientGrpc.java:382)
	at org.apache.hadoop.hdds.scm.XceiverClientGrpc.sendCommandWithRetry(XceiverClientGrpc.java:295)
	at org.apache.hadoop.hdds.scm.XceiverClientGrpc.sendCommandWithTraceIDAndRetry(XceiverClientGrpc.java:259)
	at org.apache.hadoop.hdds.scm.XceiverClientGrpc.sendCommand(XceiverClientGrpc.java:242)
	at org.apache.hadoop.hdds.scm.storage.ContainerProtocolCalls.getBlock(ContainerProtocolCalls.java:118)
	at org.apache.hadoop.hdds.scm.storage.BlockInputStream.getChunkInfos(BlockInputStream.java:169)
	at org.apache.hadoop.hdds.scm.storage.BlockInputStream.initialize(BlockInputStream.java:118)
	at org.apache.hadoop.hdds.scm.storage.BlockInputStream.read(BlockInputStream.java:224)
	at org.apache.hadoop.ozone.client.io.KeyInputStream.read(KeyInputStream.java:173)
	at org.apache.hadoop.ozone.client.io.OzoneInputStream.read(OzoneInputStream.java:47)
	at java.io.InputStream.read(InputStream.java:101)
	at org.apache.hadoop.ozone.container.ContainerTestHelper.validateData(ContainerTestHelper.java:715)
	at org.apache.hadoop.ozone.client.rpc.TestBlockOutputStreamWithFailures.validateData(TestBlockOutputStreamWithFailures.java:1216)
	at org.apache.hadoop.ozone.client.rpc.TestBlockOutputStreamWithFailures.testWatchForCommitWithSingleNodeRatis(TestBlockOutputStreamWithFailures.java:918)
	at sun.reflect.NativeMethodAccessorImpl.invoke0(Native Method)
	at sun.reflect.NativeMethodAccessorImpl.invoke(NativeMethodAccessorImpl.java:62)
	at sun.reflect.DelegatingMethodAccessorImpl.invoke(DelegatingMethodAccessorImpl.java:43)
	at java.lang.reflect.Method.invoke(Method.java:498)
	at org.junit.runners.model.FrameworkMethod$1.runReflectiveCall(FrameworkMethod.java:47)
	at org.junit.internal.runners.model.ReflectiveCallable.run(ReflectiveCallable.java:12)
	at org.junit.runners.model.FrameworkMethod.invokeExplosively(FrameworkMethod.java:44)
	at org.junit.internal.runners.statements.InvokeMethod.evaluate(InvokeMethod.java:17)
	at org.junit.internal.runners.statements.RunBefores.evaluate(RunBefores.java:26)
	at org.junit.internal.runners.statements.RunAfters.evaluate(RunAfters.java:27)
	at org.junit.runners.ParentRunner.runLeaf(ParentRunner.java:271)
	at org.junit.runners.BlockJUnit4ClassRunner.runChild(BlockJUnit4ClassRunner.java:70)
	at org.junit.runners.BlockJUnit4ClassRunner.runChild(BlockJUnit4ClassRunner.java:50)
	at org.junit.runners.ParentRunner$3.run(ParentRunner.java:238)
	at org.junit.runners.ParentRunner$1.schedule(ParentRunner.java:63)
	at org.junit.runners.ParentRunner.runChildren(ParentRunner.java:236)
	at org.junit.runners.ParentRunner.access$000(ParentRunner.java:53)
	at org.junit.runners.ParentRunner$2.evaluate(ParentRunner.java:229)
	at org.junit.runners.ParentRunner.run(ParentRunner.java:309)
	at org.apache.maven.surefire.junit4.JUnit4Provider.execute(JUnit4Provider.java:365)
	at org.apache.maven.surefire.junit4.JUnit4Provider.executeWithRerun(JUnit4Provider.java:273)
	at org.apache.maven.surefire.junit4.JUnit4Provider.executeTestSet(JUnit4Provider.java:238)
	at org.apache.maven.surefire.junit4.JUnit4Provider.invoke(JUnit4Provider.java:159)
	at org.apache.maven.surefire.booter.ForkedBooter.invokeProviderInSameClassLoader(ForkedBooter.java:384)
	at org.apache.maven.surefire.booter.ForkedBooter.runSuitesInProcess(ForkedBooter.java:345)
	at org.apache.maven.surefire.booter.ForkedBooter.execute(ForkedBooter.java:126)
	at org.apache.maven.surefire.booter.ForkedBooter.main(ForkedBooter.java:418)

Oct 11, 2019 3:37:14 AM org.apache.ratis.thirdparty.io.grpc.internal.ManagedChannelOrphanWrapper$ManagedChannelReference cleanQueue
SEVERE: *~*~*~ Channel ManagedChannelImpl{logId=3251, target=192.168.151.96:44440} was not shutdown properly!!! ~*~*~*
    Make sure to call shutdown()/shutdownNow() and wait until awaitTermination() returns true.
java.lang.RuntimeException: ManagedChannel allocation site
	at org.apache.ratis.thirdparty.io.grpc.internal.ManagedChannelOrphanWrapper$ManagedChannelReference.<init>(ManagedChannelOrphanWrapper.java:103)
	at org.apache.ratis.thirdparty.io.grpc.internal.ManagedChannelOrphanWrapper.<init>(ManagedChannelOrphanWrapper.java:53)
	at org.apache.ratis.thirdparty.io.grpc.internal.ManagedChannelOrphanWrapper.<init>(ManagedChannelOrphanWrapper.java:44)
	at org.apache.ratis.thirdparty.io.grpc.internal.AbstractManagedChannelImplBuilder.build(AbstractManagedChannelImplBuilder.java:411)
	at org.apache.hadoop.hdds.scm.XceiverClientGrpc.connectToDatanode(XceiverClientGrpc.java:183)
	at org.apache.hadoop.hdds.scm.XceiverClientGrpc.reconnect(XceiverClientGrpc.java:434)
	at org.apache.hadoop.hdds.scm.XceiverClientGrpc.sendCommandAsync(XceiverClientGrpc.java:382)
	at org.apache.hadoop.hdds.scm.XceiverClientGrpc.sendCommandWithRetry(XceiverClientGrpc.java:295)
	at org.apache.hadoop.hdds.scm.XceiverClientGrpc.sendCommandWithTraceIDAndRetry(XceiverClientGrpc.java:259)
	at org.apache.hadoop.hdds.scm.XceiverClientGrpc.sendCommand(XceiverClientGrpc.java:242)
	at org.apache.hadoop.hdds.scm.storage.ContainerProtocolCalls.getBlock(ContainerProtocolCalls.java:118)
	at org.apache.hadoop.hdds.scm.storage.BlockInputStream.getChunkInfos(BlockInputStream.java:169)
	at org.apache.hadoop.hdds.scm.storage.BlockInputStream.initialize(BlockInputStream.java:118)
	at org.apache.hadoop.hdds.scm.storage.BlockInputStream.read(BlockInputStream.java:224)
	at org.apache.hadoop.ozone.client.io.KeyInputStream.read(KeyInputStream.java:173)
	at org.apache.hadoop.ozone.client.io.OzoneInputStream.read(OzoneInputStream.java:47)
	at java.io.InputStream.read(InputStream.java:101)
	at org.apache.hadoop.ozone.container.ContainerTestHelper.validateData(ContainerTestHelper.java:715)
	at org.apache.hadoop.ozone.client.rpc.TestBlockOutputStreamWithFailures.validateData(TestBlockOutputStreamWithFailures.java:1216)
	at org.apache.hadoop.ozone.client.rpc.TestBlockOutputStreamWithFailures.testWatchForCommitDatanodeFailure(TestBlockOutputStreamWithFailures.java:393)
	at sun.reflect.NativeMethodAccessorImpl.invoke0(Native Method)
	at sun.reflect.NativeMethodAccessorImpl.invoke(NativeMethodAccessorImpl.java:62)
	at sun.reflect.DelegatingMethodAccessorImpl.invoke(DelegatingMethodAccessorImpl.java:43)
	at java.lang.reflect.Method.invoke(Method.java:498)
	at org.junit.runners.model.FrameworkMethod$1.runReflectiveCall(FrameworkMethod.java:47)
	at org.junit.internal.runners.model.ReflectiveCallable.run(ReflectiveCallable.java:12)
	at org.junit.runners.model.FrameworkMethod.invokeExplosively(FrameworkMethod.java:44)
	at org.junit.internal.runners.statements.InvokeMethod.evaluate(InvokeMethod.java:17)
	at org.junit.internal.runners.statements.RunBefores.evaluate(RunBefores.java:26)
	at org.junit.internal.runners.statements.RunAfters.evaluate(RunAfters.java:27)
	at org.junit.runners.ParentRunner.runLeaf(ParentRunner.java:271)
	at org.junit.runners.BlockJUnit4ClassRunner.runChild(BlockJUnit4ClassRunner.java:70)
	at org.junit.runners.BlockJUnit4ClassRunner.runChild(BlockJUnit4ClassRunner.java:50)
	at org.junit.runners.ParentRunner$3.run(ParentRunner.java:238)
	at org.junit.runners.ParentRunner$1.schedule(ParentRunner.java:63)
	at org.junit.runners.ParentRunner.runChildren(ParentRunner.java:236)
	at org.junit.runners.ParentRunner.access$000(ParentRunner.java:53)
	at org.junit.runners.ParentRunner$2.evaluate(ParentRunner.java:229)
	at org.junit.runners.ParentRunner.run(ParentRunner.java:309)
	at org.apache.maven.surefire.junit4.JUnit4Provider.execute(JUnit4Provider.java:365)
	at org.apache.maven.surefire.junit4.JUnit4Provider.executeWithRerun(JUnit4Provider.java:273)
	at org.apache.maven.surefire.junit4.JUnit4Provider.executeTestSet(JUnit4Provider.java:238)
	at org.apache.maven.surefire.junit4.JUnit4Provider.invoke(JUnit4Provider.java:159)
	at org.apache.maven.surefire.booter.ForkedBooter.invokeProviderInSameClassLoader(ForkedBooter.java:384)
	at org.apache.maven.surefire.booter.ForkedBooter.runSuitesInProcess(ForkedBooter.java:345)
	at org.apache.maven.surefire.booter.ForkedBooter.execute(ForkedBooter.java:126)
	at org.apache.maven.surefire.booter.ForkedBooter.main(ForkedBooter.java:418)

Oct 11, 2019 3:37:14 AM org.apache.ratis.thirdparty.io.grpc.internal.ManagedChannelOrphanWrapper$ManagedChannelReference cleanQueue
SEVERE: *~*~*~ Channel ManagedChannelImpl{logId=3007, target=192.168.151.96:32929} was not shutdown properly!!! ~*~*~*
    Make sure to call shutdown()/shutdownNow() and wait until awaitTermination() returns true.
java.lang.RuntimeException: ManagedChannel allocation site
	at org.apache.ratis.thirdparty.io.grpc.internal.ManagedChannelOrphanWrapper$ManagedChannelReference.<init>(ManagedChannelOrphanWrapper.java:103)
	at org.apache.ratis.thirdparty.io.grpc.internal.ManagedChannelOrphanWrapper.<init>(ManagedChannelOrphanWrapper.java:53)
	at org.apache.ratis.thirdparty.io.grpc.internal.ManagedChannelOrphanWrapper.<init>(ManagedChannelOrphanWrapper.java:44)
	at org.apache.ratis.thirdparty.io.grpc.internal.AbstractManagedChannelImplBuilder.build(AbstractManagedChannelImplBuilder.java:411)
	at org.apache.hadoop.hdds.scm.XceiverClientGrpc.connectToDatanode(XceiverClientGrpc.java:183)
	at org.apache.hadoop.hdds.scm.XceiverClientGrpc.reconnect(XceiverClientGrpc.java:434)
	at org.apache.hadoop.hdds.scm.XceiverClientGrpc.sendCommandAsync(XceiverClientGrpc.java:382)
	at org.apache.hadoop.hdds.scm.XceiverClientGrpc.sendCommandWithRetry(XceiverClientGrpc.java:295)
	at org.apache.hadoop.hdds.scm.XceiverClientGrpc.sendCommandWithTraceIDAndRetry(XceiverClientGrpc.java:259)
	at org.apache.hadoop.hdds.scm.XceiverClientGrpc.sendCommand(XceiverClientGrpc.java:242)
	at org.apache.hadoop.hdds.scm.storage.ContainerProtocolCalls.getBlock(ContainerProtocolCalls.java:118)
	at org.apache.hadoop.hdds.scm.storage.BlockInputStream.getChunkInfos(BlockInputStream.java:169)
	at org.apache.hadoop.hdds.scm.storage.BlockInputStream.initialize(BlockInputStream.java:118)
	at org.apache.hadoop.hdds.scm.storage.BlockInputStream.read(BlockInputStream.java:224)
	at org.apache.hadoop.ozone.client.io.KeyInputStream.read(KeyInputStream.java:173)
	at org.apache.hadoop.ozone.client.io.OzoneInputStream.read(OzoneInputStream.java:47)
	at java.io.InputStream.read(InputStream.java:101)
	at org.apache.hadoop.ozone.container.ContainerTestHelper.validateData(ContainerTestHelper.java:715)
	at org.apache.hadoop.ozone.client.rpc.TestBlockOutputStreamWithFailures.validateData(TestBlockOutputStreamWithFailures.java:1216)
	at org.apache.hadoop.ozone.client.rpc.TestBlockOutputStreamWithFailures.testWatchForCommitWithSingleNodeRatis(TestBlockOutputStreamWithFailures.java:918)
	at sun.reflect.NativeMethodAccessorImpl.invoke0(Native Method)
	at sun.reflect.NativeMethodAccessorImpl.invoke(NativeMethodAccessorImpl.java:62)
	at sun.reflect.DelegatingMethodAccessorImpl.invoke(DelegatingMethodAccessorImpl.java:43)
	at java.lang.reflect.Method.invoke(Method.java:498)
	at org.junit.runners.model.FrameworkMethod$1.runReflectiveCall(FrameworkMethod.java:47)
	at org.junit.internal.runners.model.ReflectiveCallable.run(ReflectiveCallable.java:12)
	at org.junit.runners.model.FrameworkMethod.invokeExplosively(FrameworkMethod.java:44)
	at org.junit.internal.runners.statements.InvokeMethod.evaluate(InvokeMethod.java:17)
	at org.junit.internal.runners.statements.RunBefores.evaluate(RunBefores.java:26)
	at org.junit.internal.runners.statements.RunAfters.evaluate(RunAfters.java:27)
	at org.junit.runners.ParentRunner.runLeaf(ParentRunner.java:271)
	at org.junit.runners.BlockJUnit4ClassRunner.runChild(BlockJUnit4ClassRunner.java:70)
	at org.junit.runners.BlockJUnit4ClassRunner.runChild(BlockJUnit4ClassRunner.java:50)
	at org.junit.runners.ParentRunner$3.run(ParentRunner.java:238)
	at org.junit.runners.ParentRunner$1.schedule(ParentRunner.java:63)
	at org.junit.runners.ParentRunner.runChildren(ParentRunner.java:236)
	at org.junit.runners.ParentRunner.access$000(ParentRunner.java:53)
	at org.junit.runners.ParentRunner$2.evaluate(ParentRunner.java:229)
	at org.junit.runners.ParentRunner.run(ParentRunner.java:309)
	at org.apache.maven.surefire.junit4.JUnit4Provider.execute(JUnit4Provider.java:365)
	at org.apache.maven.surefire.junit4.JUnit4Provider.executeWithRerun(JUnit4Provider.java:273)
	at org.apache.maven.surefire.junit4.JUnit4Provider.executeTestSet(JUnit4Provider.java:238)
	at org.apache.maven.surefire.junit4.JUnit4Provider.invoke(JUnit4Provider.java:159)
	at org.apache.maven.surefire.booter.ForkedBooter.invokeProviderInSameClassLoader(ForkedBooter.java:384)
	at org.apache.maven.surefire.booter.ForkedBooter.runSuitesInProcess(ForkedBooter.java:345)
	at org.apache.maven.surefire.booter.ForkedBooter.execute(ForkedBooter.java:126)
	at org.apache.maven.surefire.booter.ForkedBooter.main(ForkedBooter.java:418)

Oct 11, 2019 3:37:14 AM org.apache.ratis.thirdparty.io.grpc.internal.ManagedChannelOrphanWrapper$ManagedChannelReference cleanQueue
SEVERE: *~*~*~ Channel ManagedChannelImpl{logId=3247, target=192.168.151.96:33040} was not shutdown properly!!! ~*~*~*
    Make sure to call shutdown()/shutdownNow() and wait until awaitTermination() returns true.
java.lang.RuntimeException: ManagedChannel allocation site
	at org.apache.ratis.thirdparty.io.grpc.internal.ManagedChannelOrphanWrapper$ManagedChannelReference.<init>(ManagedChannelOrphanWrapper.java:103)
	at org.apache.ratis.thirdparty.io.grpc.internal.ManagedChannelOrphanWrapper.<init>(ManagedChannelOrphanWrapper.java:53)
	at org.apache.ratis.thirdparty.io.grpc.internal.ManagedChannelOrphanWrapper.<init>(ManagedChannelOrphanWrapper.java:44)
	at org.apache.ratis.thirdparty.io.grpc.internal.AbstractManagedChannelImplBuilder.build(AbstractManagedChannelImplBuilder.java:411)
	at org.apache.hadoop.hdds.scm.XceiverClientGrpc.connectToDatanode(XceiverClientGrpc.java:183)
	at org.apache.hadoop.hdds.scm.XceiverClientGrpc.reconnect(XceiverClientGrpc.java:434)
	at org.apache.hadoop.hdds.scm.XceiverClientGrpc.sendCommandAsync(XceiverClientGrpc.java:382)
	at org.apache.hadoop.hdds.scm.XceiverClientGrpc.sendCommandWithRetry(XceiverClientGrpc.java:295)
	at org.apache.hadoop.hdds.scm.XceiverClientGrpc.sendCommandWithTraceIDAndRetry(XceiverClientGrpc.java:259)
	at org.apache.hadoop.hdds.scm.XceiverClientGrpc.sendCommand(XceiverClientGrpc.java:242)
	at org.apache.hadoop.hdds.scm.storage.ContainerProtocolCalls.getBlock(ContainerProtocolCalls.java:118)
	at org.apache.hadoop.hdds.scm.storage.BlockInputStream.getChunkInfos(BlockInputStream.java:169)
	at org.apache.hadoop.hdds.scm.storage.BlockInputStream.initialize(BlockInputStream.java:118)
	at org.apache.hadoop.hdds.scm.storage.BlockInputStream.read(BlockInputStream.java:224)
	at org.apache.hadoop.ozone.client.io.KeyInputStream.read(KeyInputStream.java:173)
	at org.apache.hadoop.ozone.client.io.OzoneInputStream.read(OzoneInputStream.java:47)
	at java.io.InputStream.read(InputStream.java:101)
	at org.apache.hadoop.ozone.container.ContainerTestHelper.validateData(ContainerTestHelper.java:715)
	at org.apache.hadoop.ozone.client.rpc.TestBlockOutputStreamWithFailures.validateData(TestBlockOutputStreamWithFailures.java:1216)
	at org.apache.hadoop.ozone.client.rpc.TestBlockOutputStreamWithFailures.testWatchForCommitDatanodeFailure(TestBlockOutputStreamWithFailures.java:393)
	at sun.reflect.NativeMethodAccessorImpl.invoke0(Native Method)
	at sun.reflect.NativeMethodAccessorImpl.invoke(NativeMethodAccessorImpl.java:62)
	at sun.reflect.DelegatingMethodAccessorImpl.invoke(DelegatingMethodAccessorImpl.java:43)
	at java.lang.reflect.Method.invoke(Method.java:498)
	at org.junit.runners.model.FrameworkMethod$1.runReflectiveCall(FrameworkMethod.java:47)
	at org.junit.internal.runners.model.ReflectiveCallable.run(ReflectiveCallable.java:12)
	at org.junit.runners.model.FrameworkMethod.invokeExplosively(FrameworkMethod.java:44)
	at org.junit.internal.runners.statements.InvokeMethod.evaluate(InvokeMethod.java:17)
	at org.junit.internal.runners.statements.RunBefores.evaluate(RunBefores.java:26)
	at org.junit.internal.runners.statements.RunAfters.evaluate(RunAfters.java:27)
	at org.junit.runners.ParentRunner.runLeaf(ParentRunner.java:271)
	at org.junit.runners.BlockJUnit4ClassRunner.runChild(BlockJUnit4ClassRunner.java:70)
	at org.junit.runners.BlockJUnit4ClassRunner.runChild(BlockJUnit4ClassRunner.java:50)
	at org.junit.runners.ParentRunner$3.run(ParentRunner.java:238)
	at org.junit.runners.ParentRunner$1.schedule(ParentRunner.java:63)
	at org.junit.runners.ParentRunner.runChildren(ParentRunner.java:236)
	at org.junit.runners.ParentRunner.access$000(ParentRunner.java:53)
	at org.junit.runners.ParentRunner$2.evaluate(ParentRunner.java:229)
	at org.junit.runners.ParentRunner.run(ParentRunner.java:309)
	at org.apache.maven.surefire.junit4.JUnit4Provider.execute(JUnit4Provider.java:365)
	at org.apache.maven.surefire.junit4.JUnit4Provider.executeWithRerun(JUnit4Provider.java:273)
	at org.apache.maven.surefire.junit4.JUnit4Provider.executeTestSet(JUnit4Provider.java:238)
	at org.apache.maven.surefire.junit4.JUnit4Provider.invoke(JUnit4Provider.java:159)
	at org.apache.maven.surefire.booter.ForkedBooter.invokeProviderInSameClassLoader(ForkedBooter.java:384)
	at org.apache.maven.surefire.booter.ForkedBooter.runSuitesInProcess(ForkedBooter.java:345)
	at org.apache.maven.surefire.booter.ForkedBooter.execute(ForkedBooter.java:126)
	at org.apache.maven.surefire.booter.ForkedBooter.main(ForkedBooter.java:418)

Oct 11, 2019 3:37:14 AM org.apache.ratis.thirdparty.io.grpc.internal.ManagedChannelOrphanWrapper$ManagedChannelReference cleanQueue
SEVERE: *~*~*~ Channel ManagedChannelImpl{logId=3261, target=192.168.151.96:44913} was not shutdown properly!!! ~*~*~*
    Make sure to call shutdown()/shutdownNow() and wait until awaitTermination() returns true.
java.lang.RuntimeException: ManagedChannel allocation site
	at org.apache.ratis.thirdparty.io.grpc.internal.ManagedChannelOrphanWrapper$ManagedChannelReference.<init>(ManagedChannelOrphanWrapper.java:103)
	at org.apache.ratis.thirdparty.io.grpc.internal.ManagedChannelOrphanWrapper.<init>(ManagedChannelOrphanWrapper.java:53)
	at org.apache.ratis.thirdparty.io.grpc.internal.ManagedChannelOrphanWrapper.<init>(ManagedChannelOrphanWrapper.java:44)
	at org.apache.ratis.thirdparty.io.grpc.internal.AbstractManagedChannelImplBuilder.build(AbstractManagedChannelImplBuilder.java:411)
	at org.apache.hadoop.hdds.scm.XceiverClientGrpc.connectToDatanode(XceiverClientGrpc.java:183)
	at org.apache.hadoop.hdds.scm.XceiverClientGrpc.reconnect(XceiverClientGrpc.java:434)
	at org.apache.hadoop.hdds.scm.XceiverClientGrpc.sendCommandAsync(XceiverClientGrpc.java:382)
	at org.apache.hadoop.hdds.scm.XceiverClientGrpc.sendCommandWithRetry(XceiverClientGrpc.java:295)
	at org.apache.hadoop.hdds.scm.XceiverClientGrpc.sendCommandWithTraceIDAndRetry(XceiverClientGrpc.java:259)
	at org.apache.hadoop.hdds.scm.XceiverClientGrpc.sendCommand(XceiverClientGrpc.java:242)
	at org.apache.hadoop.hdds.scm.storage.ContainerProtocolCalls.getBlock(ContainerProtocolCalls.java:118)
	at org.apache.hadoop.hdds.scm.storage.BlockInputStream.getChunkInfos(BlockInputStream.java:169)
	at org.apache.hadoop.hdds.scm.storage.BlockInputStream.initialize(BlockInputStream.java:118)
	at org.apache.hadoop.hdds.scm.storage.BlockInputStream.read(BlockInputStream.java:224)
	at org.apache.hadoop.ozone.client.io.KeyInputStream.read(KeyInputStream.java:173)
	at org.apache.hadoop.ozone.client.io.OzoneInputStream.read(OzoneInputStream.java:47)
	at java.io.InputStream.read(InputStream.java:101)
	at org.apache.hadoop.ozone.container.ContainerTestHelper.validateData(ContainerTestHelper.java:715)
	at org.apache.hadoop.ozone.client.rpc.TestBlockOutputStreamWithFailures.validateData(TestBlockOutputStreamWithFailures.java:1216)
	at org.apache.hadoop.ozone.client.rpc.TestBlockOutputStreamWithFailures.testWatchForCommitDatanodeFailure(TestBlockOutputStreamWithFailures.java:393)
	at sun.reflect.NativeMethodAccessorImpl.invoke0(Native Method)
	at sun.reflect.NativeMethodAccessorImpl.invoke(NativeMethodAccessorImpl.java:62)
	at sun.reflect.DelegatingMethodAccessorImpl.invoke(DelegatingMethodAccessorImpl.java:43)
	at java.lang.reflect.Method.invoke(Method.java:498)
	at org.junit.runners.model.FrameworkMethod$1.runReflectiveCall(FrameworkMethod.java:47)
	at org.junit.internal.runners.model.ReflectiveCallable.run(ReflectiveCallable.java:12)
	at org.junit.runners.model.FrameworkMethod.invokeExplosively(FrameworkMethod.java:44)
	at org.junit.internal.runners.statements.InvokeMethod.evaluate(InvokeMethod.java:17)
	at org.junit.internal.runners.statements.RunBefores.evaluate(RunBefores.java:26)
	at org.junit.internal.runners.statements.RunAfters.evaluate(RunAfters.java:27)
	at org.junit.runners.ParentRunner.runLeaf(ParentRunner.java:271)
	at org.junit.runners.BlockJUnit4ClassRunner.runChild(BlockJUnit4ClassRunner.java:70)
	at org.junit.runners.BlockJUnit4ClassRunner.runChild(BlockJUnit4ClassRunner.java:50)
	at org.junit.runners.ParentRunner$3.run(ParentRunner.java:238)
	at org.junit.runners.ParentRunner$1.schedule(ParentRunner.java:63)
	at org.junit.runners.ParentRunner.runChildren(ParentRunner.java:236)
	at org.junit.runners.ParentRunner.access$000(ParentRunner.java:53)
	at org.junit.runners.ParentRunner$2.evaluate(ParentRunner.java:229)
	at org.junit.runners.ParentRunner.run(ParentRunner.java:309)
	at org.apache.maven.surefire.junit4.JUnit4Provider.execute(JUnit4Provider.java:365)
	at org.apache.maven.surefire.junit4.JUnit4Provider.executeWithRerun(JUnit4Provider.java:273)
	at org.apache.maven.surefire.junit4.JUnit4Provider.executeTestSet(JUnit4Provider.java:238)
	at org.apache.maven.surefire.junit4.JUnit4Provider.invoke(JUnit4Provider.java:159)
	at org.apache.maven.surefire.booter.ForkedBooter.invokeProviderInSameClassLoader(ForkedBooter.java:384)
	at org.apache.maven.surefire.booter.ForkedBooter.runSuitesInProcess(ForkedBooter.java:345)
	at org.apache.maven.surefire.booter.ForkedBooter.execute(ForkedBooter.java:126)
	at org.apache.maven.surefire.booter.ForkedBooter.main(ForkedBooter.java:418)

Oct 11, 2019 3:37:14 AM org.apache.ratis.thirdparty.io.grpc.internal.ManagedChannelOrphanWrapper$ManagedChannelReference cleanQueue
SEVERE: *~*~*~ Channel ManagedChannelImpl{logId=2992, target=192.168.151.96:46100} was not shutdown properly!!! ~*~*~*
    Make sure to call shutdown()/shutdownNow() and wait until awaitTermination() returns true.
java.lang.RuntimeException: ManagedChannel allocation site
	at org.apache.ratis.thirdparty.io.grpc.internal.ManagedChannelOrphanWrapper$ManagedChannelReference.<init>(ManagedChannelOrphanWrapper.java:103)
	at org.apache.ratis.thirdparty.io.grpc.internal.ManagedChannelOrphanWrapper.<init>(ManagedChannelOrphanWrapper.java:53)
	at org.apache.ratis.thirdparty.io.grpc.internal.ManagedChannelOrphanWrapper.<init>(ManagedChannelOrphanWrapper.java:44)
	at org.apache.ratis.thirdparty.io.grpc.internal.AbstractManagedChannelImplBuilder.build(AbstractManagedChannelImplBuilder.java:411)
	at org.apache.ratis.grpc.client.GrpcClientProtocolClient.<init>(GrpcClientProtocolClient.java:128)
	at org.apache.ratis.grpc.client.GrpcClientRpc.lambda$new$0(GrpcClientRpc.java:55)
	at org.apache.ratis.util.PeerProxyMap$PeerAndProxy.lambda$getProxy$0(PeerProxyMap.java:61)
	at org.apache.ratis.util.LifeCycle.startAndTransition(LifeCycle.java:202)
	at org.apache.ratis.util.PeerProxyMap$PeerAndProxy.getProxy(PeerProxyMap.java:60)
	at org.apache.ratis.util.PeerProxyMap.getProxy(PeerProxyMap.java:108)
	at org.apache.ratis.grpc.client.GrpcClientRpc.sendRequestAsync(GrpcClientRpc.java:66)
	at org.apache.ratis.client.impl.OrderedAsync.sendRequest(OrderedAsync.java:208)
	at org.apache.ratis.client.impl.OrderedAsync.sendRequestWithRetry(OrderedAsync.java:169)
	at org.apache.ratis.util.SlidingWindow$Client.sendOrDelayRequest(SlidingWindow.java:278)
	at org.apache.ratis.util.SlidingWindow$Client.retry(SlidingWindow.java:294)
	at org.apache.ratis.client.impl.OrderedAsync.lambda$scheduleWithTimeout$7(OrderedAsync.java:195)
	at org.apache.ratis.util.TimeoutScheduler.lambda$onTimeout$0(TimeoutScheduler.java:113)
	at org.apache.ratis.util.TimeoutScheduler.lambda$onTimeout$1(TimeoutScheduler.java:133)
	at org.apache.ratis.util.LogUtils.runAndLog(LogUtils.java:50)
	at org.apache.ratis.util.LogUtils$1.run(LogUtils.java:91)
	at java.util.concurrent.Executors$RunnableAdapter.call(Executors.java:511)
	at java.util.concurrent.FutureTask.run(FutureTask.java:266)
	at java.util.concurrent.ScheduledThreadPoolExecutor$ScheduledFutureTask.access$201(ScheduledThreadPoolExecutor.java:180)
	at java.util.concurrent.ScheduledThreadPoolExecutor$ScheduledFutureTask.run(ScheduledThreadPoolExecutor.java:293)
	at java.util.concurrent.ThreadPoolExecutor.runWorker(ThreadPoolExecutor.java:1149)
	at java.util.concurrent.ThreadPoolExecutor$Worker.run(ThreadPoolExecutor.java:624)
	at java.lang.Thread.run(Thread.java:748)

Oct 11, 2019 3:37:14 AM org.apache.ratis.thirdparty.io.grpc.internal.ManagedChannelOrphanWrapper$ManagedChannelReference cleanQueue
SEVERE: *~*~*~ Channel ManagedChannelImpl{logId=3266, target=192.168.151.96:42139} was not shutdown properly!!! ~*~*~*
    Make sure to call shutdown()/shutdownNow() and wait until awaitTermination() returns true.
java.lang.RuntimeException: ManagedChannel allocation site
	at org.apache.ratis.thirdparty.io.grpc.internal.ManagedChannelOrphanWrapper$ManagedChannelReference.<init>(ManagedChannelOrphanWrapper.java:103)
	at org.apache.ratis.thirdparty.io.grpc.internal.ManagedChannelOrphanWrapper.<init>(ManagedChannelOrphanWrapper.java:53)
	at org.apache.ratis.thirdparty.io.grpc.internal.ManagedChannelOrphanWrapper.<init>(ManagedChannelOrphanWrapper.java:44)
	at org.apache.ratis.thirdparty.io.grpc.internal.AbstractManagedChannelImplBuilder.build(AbstractManagedChannelImplBuilder.java:411)
	at org.apache.hadoop.hdds.scm.XceiverClientGrpc.connectToDatanode(XceiverClientGrpc.java:183)
	at org.apache.hadoop.hdds.scm.XceiverClientGrpc.reconnect(XceiverClientGrpc.java:434)
	at org.apache.hadoop.hdds.scm.XceiverClientGrpc.sendCommandAsync(XceiverClientGrpc.java:382)
	at org.apache.hadoop.hdds.scm.XceiverClientGrpc.sendCommandWithRetry(XceiverClientGrpc.java:295)
	at org.apache.hadoop.hdds.scm.XceiverClientGrpc.sendCommandWithTraceIDAndRetry(XceiverClientGrpc.java:259)
	at org.apache.hadoop.hdds.scm.XceiverClientGrpc.sendCommand(XceiverClientGrpc.java:242)
	at org.apache.hadoop.hdds.scm.storage.ContainerProtocolCalls.readChunk(ContainerProtocolCalls.java:245)
	at org.apache.hadoop.hdds.scm.storage.ChunkInputStream.readChunk(ChunkInputStream.java:335)
	at org.apache.hadoop.hdds.scm.storage.ChunkInputStream.readChunkFromContainer(ChunkInputStream.java:307)
	at org.apache.hadoop.hdds.scm.storage.ChunkInputStream.prepareRead(ChunkInputStream.java:259)
	at org.apache.hadoop.hdds.scm.storage.ChunkInputStream.read(ChunkInputStream.java:144)
	at org.apache.hadoop.hdds.scm.storage.BlockInputStream.read(BlockInputStream.java:241)
	at org.apache.hadoop.ozone.client.io.KeyInputStream.read(KeyInputStream.java:173)
	at org.apache.hadoop.ozone.client.io.OzoneInputStream.read(OzoneInputStream.java:47)
	at java.io.InputStream.read(InputStream.java:101)
	at org.apache.hadoop.ozone.container.ContainerTestHelper.validateData(ContainerTestHelper.java:715)
	at org.apache.hadoop.ozone.client.rpc.TestBlockOutputStreamWithFailures.validateData(TestBlockOutputStreamWithFailures.java:1216)
	at org.apache.hadoop.ozone.client.rpc.TestBlockOutputStreamWithFailures.testWatchForCommitDatanodeFailure(TestBlockOutputStreamWithFailures.java:393)
	at sun.reflect.NativeMethodAccessorImpl.invoke0(Native Method)
	at sun.reflect.NativeMethodAccessorImpl.invoke(NativeMethodAccessorImpl.java:62)
	at sun.reflect.DelegatingMethodAccessorImpl.invoke(DelegatingMethodAccessorImpl.java:43)
	at java.lang.reflect.Method.invoke(Method.java:498)
	at org.junit.runners.model.FrameworkMethod$1.runReflectiveCall(FrameworkMethod.java:47)
	at org.junit.internal.runners.model.ReflectiveCallable.run(ReflectiveCallable.java:12)
	at org.junit.runners.model.FrameworkMethod.invokeExplosively(FrameworkMethod.java:44)
	at org.junit.internal.runners.statements.InvokeMethod.evaluate(InvokeMethod.java:17)
	at org.junit.internal.runners.statements.RunBefores.evaluate(RunBefores.java:26)
	at org.junit.internal.runners.statements.RunAfters.evaluate(RunAfters.java:27)
	at org.junit.runners.ParentRunner.runLeaf(ParentRunner.java:271)
	at org.junit.runners.BlockJUnit4ClassRunner.runChild(BlockJUnit4ClassRunner.java:70)
	at org.junit.runners.BlockJUnit4ClassRunner.runChild(BlockJUnit4ClassRunner.java:50)
	at org.junit.runners.ParentRunner$3.run(ParentRunner.java:238)
	at org.junit.runners.ParentRunner$1.schedule(ParentRunner.java:63)
	at org.junit.runners.ParentRunner.runChildren(ParentRunner.java:236)
	at org.junit.runners.ParentRunner.access$000(ParentRunner.java:53)
	at org.junit.runners.ParentRunner$2.evaluate(ParentRunner.java:229)
	at org.junit.runners.ParentRunner.run(ParentRunner.java:309)
	at org.apache.maven.surefire.junit4.JUnit4Provider.execute(JUnit4Provider.java:365)
	at org.apache.maven.surefire.junit4.JUnit4Provider.executeWithRerun(JUnit4Provider.java:273)
	at org.apache.maven.surefire.junit4.JUnit4Provider.executeTestSet(JUnit4Provider.java:238)
	at org.apache.maven.surefire.junit4.JUnit4Provider.invoke(JUnit4Provider.java:159)
	at org.apache.maven.surefire.booter.ForkedBooter.invokeProviderInSameClassLoader(ForkedBooter.java:384)
	at org.apache.maven.surefire.booter.ForkedBooter.runSuitesInProcess(ForkedBooter.java:345)
	at org.apache.maven.surefire.booter.ForkedBooter.execute(ForkedBooter.java:126)
	at org.apache.maven.surefire.booter.ForkedBooter.main(ForkedBooter.java:418)

]]></system-err>
  </testcase>
  <testcase name="testWatchForCommitWithCloseContainerException" classname="org.apache.hadoop.ozone.client.rpc.TestBlockOutputStreamWithFailures" time="35.131"/>
  <testcase name="testExceptionDuringClose" classname="org.apache.hadoop.ozone.client.rpc.TestBlockOutputStreamWithFailures" time="36.229"/>
</testsuite>