<?xml version="1.0" encoding="UTF-8"?>
<testsuite xmlns:xsi="http://www.w3.org/2001/XMLSchema-instance" xsi:noNamespaceSchemaLocation="https://maven.apache.org/surefire/maven-surefire-plugin/xsd/surefire-test-report.xsd" name="org.apache.hadoop.ozone.client.rpc.TestWatchForCommit" time="239.198" tests="5" errors="1" skipped="0" failures="1">
  <properties>
    <property name="awt.toolkit" value="sun.awt.X11.XToolkit"/>
    <property name="file.encoding.pkg" value="sun.io"/>
    <property name="java.specification.version" value="1.8"/>
    <property name="sun.cpu.isalist" value=""/>
    <property name="sun.jnu.encoding" value="UTF-8"/>
    <property name="java.class.path" value="/workdir/hadoop-ozone/integration-test/target/test-classes:/workdir/hadoop-ozone/integration-test/target/classes:/home/user/.m2/repository/org/apache/hadoop/hadoop-ozone-common/0.5.0-SNAPSHOT/hadoop-ozone-common-0.5.0-SNAPSHOT.jar:/home/user/.m2/repository/org/apache/commons/commons-compress/1.4.1/commons-compress-1.4.1.jar:/home/user/.m2/repository/org/tukaani/xz/1.0/xz-1.0.jar:/home/user/.m2/repository/org/apache/hadoop/hadoop-common/3.2.0/hadoop-common-3.2.0.jar:/home/user/.m2/repository/org/apache/hadoop/hadoop-hdfs/3.2.0/hadoop-hdfs-3.2.0.jar:/home/user/.m2/repository/org/apache/hadoop/hadoop-hdfs-client/3.2.0/hadoop-hdfs-client-3.2.0.jar:/home/user/.m2/repository/com/fasterxml/jackson/core/jackson-annotations/2.9.9/jackson-annotations-2.9.9.jar:/home/user/.m2/repository/org/apache/hadoop/hadoop-hdds-common/0.5.0-SNAPSHOT/hadoop-hdds-common-0.5.0-SNAPSHOT.jar:/home/user/.m2/repository/javax/annotation/javax.annotation-api/1.2/javax.annotation-api-1.2.jar:/home/user/.m2/repository/org/apache/ratis/ratis-server/0.5.0-201fc85-SNAPSHOT/ratis-server-0.5.0-201fc85-SNAPSHOT.jar:/home/user/.m2/repository/org/apache/ratis/ratis-thirdparty-misc/0.2.0/ratis-thirdparty-misc-0.2.0.jar:/home/user/.m2/repository/org/apache/ratis/ratis-proto/0.5.0-201fc85-SNAPSHOT/ratis-proto-0.5.0-201fc85-SNAPSHOT.jar:/home/user/.m2/repository/org/apache/ratis/ratis-common/0.5.0-201fc85-SNAPSHOT/ratis-common-0.5.0-201fc85-SNAPSHOT.jar:/home/user/.m2/repository/org/apache/ratis/ratis-client/0.5.0-201fc85-SNAPSHOT/ratis-client-0.5.0-201fc85-SNAPSHOT.jar:/home/user/.m2/repository/org/apache/ratis/ratis-metrics/0.5.0-201fc85-SNAPSHOT/ratis-metrics-0.5.0-201fc85-SNAPSHOT.jar:/home/user/.m2/repository/com/github/joshelser/dropwizard-metrics-hadoop-metrics2-reporter/0.1.2/dropwizard-metrics-hadoop-metrics2-reporter-0.1.2.jar:/home/user/.m2/repository/io/dropwizard/metrics/metrics-jvm/3.2.5/metrics-jvm-3.2.5.jar:/home/user/.m2/repository/io/dropwizard/metrics/metrics-ganglia/3.2.5/metrics-ganglia-3.2.5.jar:/home/user/.m2/repository/info/ganglia/gmetric4j/gmetric4j/1.0.7/gmetric4j-1.0.7.jar:/home/user/.m2/repository/org/apache/ratis/ratis-netty/0.5.0-201fc85-SNAPSHOT/ratis-netty-0.5.0-201fc85-SNAPSHOT.jar:/home/user/.m2/repository/org/apache/ratis/ratis-grpc/0.5.0-201fc85-SNAPSHOT/ratis-grpc-0.5.0-201fc85-SNAPSHOT.jar:/home/user/.m2/repository/org/rocksdb/rocksdbjni/6.0.1/rocksdbjni-6.0.1.jar:/home/user/.m2/repository/org/apache/logging/log4j/log4j-api/2.11.0/log4j-api-2.11.0.jar:/home/user/.m2/repository/org/apache/logging/log4j/log4j-core/2.11.0/log4j-core-2.11.0.jar:/home/user/.m2/repository/com/lmax/disruptor/3.4.2/disruptor-3.4.2.jar:/home/user/.m2/repository/org/apache/commons/commons-pool2/2.6.0/commons-pool2-2.6.0.jar:/home/user/.m2/repository/org/bouncycastle/bcpkix-jdk15on/1.60/bcpkix-jdk15on-1.60.jar:/home/user/.m2/repository/commons-validator/commons-validator/1.6/commons-validator-1.6.jar:/home/user/.m2/repository/commons-digester/commons-digester/1.8.1/commons-digester-1.8.1.jar:/home/user/.m2/repository/io/jaegertracing/jaeger-client/0.34.0/jaeger-client-0.34.0.jar:/home/user/.m2/repository/io/jaegertracing/jaeger-thrift/0.34.0/jaeger-thrift-0.34.0.jar:/home/user/.m2/repository/org/apache/thrift/libthrift/0.12.0/libthrift-0.12.0.jar:/home/user/.m2/repository/com/squareup/okhttp3/okhttp/3.9.0/okhttp-3.9.0.jar:/home/user/.m2/repository/com/squareup/okio/okio/1.13.0/okio-1.13.0.jar:/home/user/.m2/repository/io/jaegertracing/jaeger-core/0.34.0/jaeger-core-0.34.0.jar:/home/user/.m2/repository/io/jaegertracing/jaeger-tracerresolver/0.34.0/jaeger-tracerresolver-0.34.0.jar:/home/user/.m2/repository/io/opentracing/contrib/opentracing-tracerresolver/0.1.5/opentracing-tracerresolver-0.1.5.jar:/home/user/.m2/repository/io/opentracing/opentracing-util/0.31.0/opentracing-util-0.31.0.jar:/home/user/.m2/repository/io/opentracing/opentracing-api/0.31.0/opentracing-api-0.31.0.jar:/home/user/.m2/repository/io/opentracing/opentracing-noop/0.31.0/opentracing-noop-0.31.0.jar:/home/user/.m2/repository/org/apache/hadoop/hadoop-hdds-server-framework/0.5.0-SNAPSHOT/hadoop-hdds-server-framework-0.5.0-SNAPSHOT.jar:/home/user/.m2/repository/org/apache/hadoop/hadoop-hdds-container-service/0.5.0-SNAPSHOT/hadoop-hdds-container-service-0.5.0-SNAPSHOT.jar:/home/user/.m2/repository/org/apache/hadoop/hadoop-hdds-client/0.5.0-SNAPSHOT/hadoop-hdds-client-0.5.0-SNAPSHOT.jar:/home/user/.m2/repository/org/apache/hadoop/hadoop-hdds-tools/0.5.0-SNAPSHOT/hadoop-hdds-tools-0.5.0-SNAPSHOT.jar:/home/user/.m2/repository/org/apache/hadoop/hadoop-hdds-server-scm/0.5.0-SNAPSHOT/hadoop-hdds-server-scm-0.5.0-SNAPSHOT.jar:/home/user/.m2/repository/org/apache/hadoop/hadoop-hdds-docs/0.5.0-SNAPSHOT/hadoop-hdds-docs-0.5.0-SNAPSHOT.jar:/home/user/.m2/repository/io/dropwizard/metrics/metrics-core/3.2.4/metrics-core-3.2.4.jar:/home/user/.m2/repository/org/hamcrest/hamcrest-all/1.3/hamcrest-all-1.3.jar:/home/user/.m2/repository/org/bouncycastle/bcprov-jdk15on/1.60/bcprov-jdk15on-1.60.jar:/home/user/.m2/repository/info/picocli/picocli/3.9.6/picocli-3.9.6.jar:/home/user/.m2/repository/com/google/protobuf/protobuf-java/2.5.0/protobuf-java-2.5.0.jar:/home/user/.m2/repository/com/google/guava/guava/11.0.2/guava-11.0.2.jar:/home/user/.m2/repository/org/apache/hadoop/hadoop-ozone-ozone-manager/0.5.0-SNAPSHOT/hadoop-ozone-ozone-manager-0.5.0-SNAPSHOT.jar:/home/user/.m2/repository/org/apache/hadoop/hadoop-minikdc/3.2.0/hadoop-minikdc-3.2.0.jar:/home/user/.m2/repository/commons-io/commons-io/2.5/commons-io-2.5.jar:/home/user/.m2/repository/org/apache/kerby/kerb-simplekdc/1.0.1/kerb-simplekdc-1.0.1.jar:/home/user/.m2/repository/org/apache/kerby/kerb-client/1.0.1/kerb-client-1.0.1.jar:/home/user/.m2/repository/org/apache/kerby/kerby-config/1.0.1/kerby-config-1.0.1.jar:/home/user/.m2/repository/org/apache/kerby/kerb-core/1.0.1/kerb-core-1.0.1.jar:/home/user/.m2/repository/org/apache/kerby/kerby-pkix/1.0.1/kerby-pkix-1.0.1.jar:/home/user/.m2/repository/org/apache/kerby/kerby-asn1/1.0.1/kerby-asn1-1.0.1.jar:/home/user/.m2/repository/org/apache/kerby/kerby-util/1.0.1/kerby-util-1.0.1.jar:/home/user/.m2/repository/org/apache/kerby/kerb-common/1.0.1/kerb-common-1.0.1.jar:/home/user/.m2/repository/org/apache/kerby/kerb-crypto/1.0.1/kerb-crypto-1.0.1.jar:/home/user/.m2/repository/org/apache/kerby/kerb-util/1.0.1/kerb-util-1.0.1.jar:/home/user/.m2/repository/org/apache/kerby/token-provider/1.0.1/token-provider-1.0.1.jar:/home/user/.m2/repository/org/apache/kerby/kerb-admin/1.0.1/kerb-admin-1.0.1.jar:/home/user/.m2/repository/org/apache/kerby/kerb-server/1.0.1/kerb-server-1.0.1.jar:/home/user/.m2/repository/org/apache/kerby/kerb-identity/1.0.1/kerb-identity-1.0.1.jar:/home/user/.m2/repository/org/apache/kerby/kerby-xdr/1.0.1/kerby-xdr-1.0.1.jar:/home/user/.m2/repository/org/slf4j/slf4j-log4j12/1.7.25/slf4j-log4j12-1.7.25.jar:/home/user/.m2/repository/org/apache/hadoop/hadoop-ozone-s3gateway/0.5.0-SNAPSHOT/hadoop-ozone-s3gateway-0.5.0-SNAPSHOT.jar:/home/user/.m2/repository/org/jboss/weld/servlet/weld-servlet/2.4.7.Final/weld-servlet-2.4.7.Final.jar:/home/user/.m2/repository/org/glassfish/jersey/containers/jersey-container-servlet-core/2.27/jersey-container-servlet-core-2.27.jar:/home/user/.m2/repository/org/glassfish/hk2/external/javax.inject/2.5.0-b42/javax.inject-2.5.0-b42.jar:/home/user/.m2/repository/org/glassfish/jersey/core/jersey-common/2.27/jersey-common-2.27.jar:/home/user/.m2/repository/org/glassfish/hk2/osgi-resource-locator/1.0.1/osgi-resource-locator-1.0.1.jar:/home/user/.m2/repository/javax/ws/rs/javax.ws.rs-api/2.1/javax.ws.rs-api-2.1.jar:/home/user/.m2/repository/org/glassfish/jersey/ext/cdi/jersey-cdi1x/2.27/jersey-cdi1x-2.27.jar:/home/user/.m2/repository/org/glassfish/jersey/inject/jersey-hk2/2.27/jersey-hk2-2.27.jar:/home/user/.m2/repository/org/glassfish/hk2/hk2-locator/2.5.0-b42/hk2-locator-2.5.0-b42.jar:/home/user/.m2/repository/org/javassist/javassist/3.22.0-CR2/javassist-3.22.0-CR2.jar:/home/user/.m2/repository/org/glassfish/hk2/hk2-api/2.5.0/hk2-api-2.5.0.jar:/home/user/.m2/repository/org/glassfish/hk2/external/jakarta.inject/2.5.0/jakarta.inject-2.5.0.jar:/home/user/.m2/repository/org/glassfish/hk2/hk2-utils/2.5.0/hk2-utils-2.5.0.jar:/home/user/.m2/repository/jakarta/annotation/jakarta.annotation-api/1.3.4/jakarta.annotation-api-1.3.4.jar:/home/user/.m2/repository/org/glassfish/hk2/external/aopalliance-repackaged/2.5.0/aopalliance-repackaged-2.5.0.jar:/home/user/.m2/repository/com/fasterxml/jackson/dataformat/jackson-dataformat-xml/2.9.0/jackson-dataformat-xml-2.9.0.jar:/home/user/.m2/repository/com/fasterxml/jackson/core/jackson-core/2.9.9/jackson-core-2.9.9.jar:/home/user/.m2/repository/com/fasterxml/jackson/module/jackson-module-jaxb-annotations/2.9.9/jackson-module-jaxb-annotations-2.9.9.jar:/home/user/.m2/repository/javax/enterprise/cdi-api/1.2/cdi-api-1.2.jar:/home/user/.m2/repository/javax/el/javax.el-api/3.0.0/javax.el-api-3.0.0.jar:/home/user/.m2/repository/javax/interceptor/javax.interceptor-api/1.2/javax.interceptor-api-1.2.jar:/home/user/.m2/repository/javax/inject/javax.inject/1/javax.inject-1.jar:/home/user/.m2/repository/com/sun/xml/bind/jaxb-impl/2.3.0.1/jaxb-impl-2.3.0.1.jar:/home/user/.m2/repository/com/sun/xml/bind/jaxb-core/2.3.0.1/jaxb-core-2.3.0.1.jar:/home/user/.m2/repository/javax/xml/bind/jaxb-api/2.3.0/jaxb-api-2.3.0.jar:/home/user/.m2/repository/javax/activation/activation/1.1.1/activation-1.1.1.jar:/home/user/.m2/repository/org/apache/hadoop/hadoop-ozone-csi/0.5.0-SNAPSHOT/hadoop-ozone-csi-0.5.0-SNAPSHOT.jar:/home/user/.m2/repository/com/google/protobuf/protobuf-java-util/3.5.1/protobuf-java-util-3.5.1.jar:/home/user/.m2/repository/org/apache/hadoop/hadoop-hdds-config/0.5.0-SNAPSHOT/hadoop-hdds-config-0.5.0-SNAPSHOT.jar:/home/user/.m2/repository/io/grpc/grpc-netty/1.17.1/grpc-netty-1.17.1.jar:/home/user/.m2/repository/io/grpc/grpc-core/1.17.1/grpc-core-1.17.1.jar:/home/user/.m2/repository/io/grpc/grpc-context/1.17.1/grpc-context-1.17.1.jar:/home/user/.m2/repository/com/google/errorprone/error_prone_annotations/2.2.0/error_prone_annotations-2.2.0.jar:/home/user/.m2/repository/org/codehaus/mojo/animal-sniffer-annotations/1.17/animal-sniffer-annotations-1.17.jar:/home/user/.m2/repository/io/opencensus/opencensus-api/0.17.0/opencensus-api-0.17.0.jar:/home/user/.m2/repository/io/opencensus/opencensus-contrib-grpc-metrics/0.17.0/opencensus-contrib-grpc-metrics-0.17.0.jar:/home/user/.m2/repository/io/netty/netty-codec-http2/4.1.30.Final/netty-codec-http2-4.1.30.Final.jar:/home/user/.m2/repository/io/netty/netty-codec-http/4.1.30.Final/netty-codec-http-4.1.30.Final.jar:/home/user/.m2/repository/io/netty/netty-codec/4.1.30.Final/netty-codec-4.1.30.Final.jar:/home/user/.m2/repository/io/netty/netty-handler/4.1.30.Final/netty-handler-4.1.30.Final.jar:/home/user/.m2/repository/io/netty/netty-handler-proxy/4.1.30.Final/netty-handler-proxy-4.1.30.Final.jar:/home/user/.m2/repository/io/netty/netty-codec-socks/4.1.30.Final/netty-codec-socks-4.1.30.Final.jar:/home/user/.m2/repository/io/netty/netty-transport-native-epoll/4.1.30.Final/netty-transport-native-epoll-4.1.30.Final.jar:/home/user/.m2/repository/io/netty/netty-common/4.1.30.Final/netty-common-4.1.30.Final.jar:/home/user/.m2/repository/io/netty/netty-buffer/4.1.30.Final/netty-buffer-4.1.30.Final.jar:/home/user/.m2/repository/io/netty/netty-transport/4.1.30.Final/netty-transport-4.1.30.Final.jar:/home/user/.m2/repository/io/netty/netty-resolver/4.1.30.Final/netty-resolver-4.1.30.Final.jar:/home/user/.m2/repository/io/netty/netty-transport-native-unix-common/4.1.30.Final/netty-transport-native-unix-common-4.1.30.Final.jar:/home/user/.m2/repository/io/grpc/grpc-protobuf/1.17.1/grpc-protobuf-1.17.1.jar:/home/user/.m2/repository/com/google/api/grpc/proto-google-common-protos/1.0.0/proto-google-common-protos-1.0.0.jar:/home/user/.m2/repository/io/grpc/grpc-protobuf-lite/1.17.1/grpc-protobuf-lite-1.17.1.jar:/home/user/.m2/repository/io/grpc/grpc-stub/1.17.1/grpc-stub-1.17.1.jar:/home/user/.m2/repository/org/apache/hadoop/hadoop-ozone-recon/0.5.0-SNAPSHOT/hadoop-ozone-recon-0.5.0-SNAPSHOT.jar:/home/user/.m2/repository/org/apache/hadoop/hadoop-ozone-reconcodegen/0.5.0-SNAPSHOT/hadoop-ozone-reconcodegen-0.5.0-SNAPSHOT.jar:/home/user/.m2/repository/com/google/inject/extensions/guice-multibindings/4.0/guice-multibindings-4.0.jar:/home/user/.m2/repository/com/google/inject/guice/4.0/guice-4.0.jar:/home/user/.m2/repository/aopalliance/aopalliance/1.0/aopalliance-1.0.jar:/home/user/.m2/repository/com/google/inject/extensions/guice-servlet/4.0/guice-servlet-4.0.jar:/home/user/.m2/repository/org/glassfish/jersey/containers/jersey-container-servlet/2.27/jersey-container-servlet-2.27.jar:/home/user/.m2/repository/org/glassfish/hk2/guice-bridge/2.5.0/guice-bridge-2.5.0.jar:/home/user/.m2/repository/org/glassfish/jersey/core/jersey-server/2.27/jersey-server-2.27.jar:/home/user/.m2/repository/org/glassfish/jersey/core/jersey-client/2.27/jersey-client-2.27.jar:/home/user/.m2/repository/org/glassfish/jersey/media/jersey-media-jaxb/2.27/jersey-media-jaxb-2.27.jar:/home/user/.m2/repository/javax/validation/validation-api/1.1.0.Final/validation-api-1.1.0.Final.jar:/home/user/.m2/repository/org/glassfish/jersey/media/jersey-media-json-jackson/2.27/jersey-media-json-jackson-2.27.jar:/home/user/.m2/repository/org/glassfish/jersey/ext/jersey-entity-filtering/2.27/jersey-entity-filtering-2.27.jar:/home/user/.m2/repository/com/google/inject/extensions/guice-assistedinject/4.0/guice-assistedinject-4.0.jar:/home/user/.m2/repository/org/jooq/jooq/3.11.10/jooq-3.11.10.jar:/home/user/.m2/repository/org/jooq/jooq-meta/3.11.10/jooq-meta-3.11.10.jar:/home/user/.m2/repository/org/jooq/jooq-codegen/3.11.10/jooq-codegen-3.11.10.jar:/home/user/.m2/repository/com/jolbox/bonecp/0.8.0.RELEASE/bonecp-0.8.0.RELEASE.jar:/home/user/.m2/repository/org/xerial/sqlite-jdbc/3.25.2/sqlite-jdbc-3.25.2.jar:/home/user/.m2/repository/org/springframework/spring-jdbc/5.1.3.RELEASE/spring-jdbc-5.1.3.RELEASE.jar:/home/user/.m2/repository/org/springframework/spring-beans/5.1.3.RELEASE/spring-beans-5.1.3.RELEASE.jar:/home/user/.m2/repository/org/springframework/spring-core/5.1.3.RELEASE/spring-core-5.1.3.RELEASE.jar:/home/user/.m2/repository/org/springframework/spring-jcl/5.1.3.RELEASE/spring-jcl-5.1.3.RELEASE.jar:/home/user/.m2/repository/org/springframework/spring-tx/5.1.3.RELEASE/spring-tx-5.1.3.RELEASE.jar:/home/user/.m2/repository/org/apache/hadoop/hadoop-ozone-client/0.5.0-SNAPSHOT/hadoop-ozone-client-0.5.0-SNAPSHOT.jar:/home/user/.m2/repository/commons-lang/commons-lang/2.6/commons-lang-2.6.jar:/home/user/.m2/repository/org/apache/hadoop/hadoop-ozone-ozone-manager/0.5.0-SNAPSHOT/hadoop-ozone-ozone-manager-0.5.0-SNAPSHOT-tests.jar:/home/user/.m2/repository/junit/junit/4.11/junit-4.11.jar:/home/user/.m2/repository/org/hamcrest/hamcrest-core/1.3/hamcrest-core-1.3.jar:/home/user/.m2/repository/org/openjdk/jmh/jmh-core/1.19/jmh-core-1.19.jar:/home/user/.m2/repository/net/sf/jopt-simple/jopt-simple/4.6/jopt-simple-4.6.jar:/home/user/.m2/repository/org/apache/commons/commons-math3/3.1.1/commons-math3-3.1.1.jar:/home/user/.m2/repository/org/openjdk/jmh/jmh-generator-annprocess/1.19/jmh-generator-annprocess-1.19.jar:/home/user/.m2/repository/org/mockito/mockito-all/1.8.5/mockito-all-1.8.5.jar:/home/user/.m2/repository/org/apache/hadoop/hadoop-kms/3.2.0/hadoop-kms-3.2.0.jar:/home/user/.m2/repository/org/apache/hadoop/hadoop-auth/3.2.0/hadoop-auth-3.2.0.jar:/home/user/.m2/repository/com/nimbusds/nimbus-jose-jwt/4.41.1/nimbus-jose-jwt-4.41.1.jar:/home/user/.m2/repository/com/github/stephenc/jcip/jcip-annotations/1.0-1/jcip-annotations-1.0-1.jar:/home/user/.m2/repository/net/minidev/json-smart/2.3/json-smart-2.3.jar:/home/user/.m2/repository/net/minidev/accessors-smart/1.2/accessors-smart-1.2.jar:/home/user/.m2/repository/org/ow2/asm/asm/5.0.4/asm-5.0.4.jar:/home/user/.m2/repository/org/apache/curator/curator-framework/2.12.0/curator-framework-2.12.0.jar:/home/user/.m2/repository/com/sun/jersey/jersey-core/1.19/jersey-core-1.19.jar:/home/user/.m2/repository/javax/ws/rs/jsr311-api/1.1.1/jsr311-api-1.1.1.jar:/home/user/.m2/repository/com/sun/jersey/jersey-server/1.19/jersey-server-1.19.jar:/home/user/.m2/repository/javax/servlet/javax.servlet-api/3.1.0/javax.servlet-api-3.1.0.jar:/home/user/.m2/repository/org/eclipse/jetty/jetty-server/9.3.25.v20180904/jetty-server-9.3.25.v20180904.jar:/home/user/.m2/repository/org/eclipse/jetty/jetty-http/9.3.25.v20180904/jetty-http-9.3.25.v20180904.jar:/home/user/.m2/repository/org/eclipse/jetty/jetty-io/9.3.25.v20180904/jetty-io-9.3.25.v20180904.jar:/home/user/.m2/repository/org/eclipse/jetty/jetty-webapp/9.3.25.v20180904/jetty-webapp-9.3.25.v20180904.jar:/home/user/.m2/repository/org/eclipse/jetty/jetty-xml/9.3.25.v20180904/jetty-xml-9.3.25.v20180904.jar:/home/user/.m2/repository/log4j/log4j/1.2.17/log4j-1.2.17.jar:/home/user/.m2/repository/org/slf4j/slf4j-api/1.7.25/slf4j-api-1.7.25.jar:/home/user/.m2/repository/org/slf4j/jul-to-slf4j/1.7.25/jul-to-slf4j-1.7.25.jar:/home/user/.m2/repository/org/eclipse/jetty/jetty-util/9.3.25.v20180904/jetty-util-9.3.25.v20180904.jar:/home/user/.m2/repository/com/fasterxml/jackson/core/jackson-databind/2.9.9/jackson-databind-2.9.9.jar:/home/user/.m2/repository/org/apache/hadoop/hadoop-kms/3.2.0/hadoop-kms-3.2.0-tests.jar:/home/user/.m2/repository/org/apache/hadoop/hadoop-hdds-server-scm/0.5.0-SNAPSHOT/hadoop-hdds-server-scm-0.5.0-SNAPSHOT-tests.jar:/home/user/.m2/repository/org/apache/hadoop/hadoop-hdds-container-service/0.5.0-SNAPSHOT/hadoop-hdds-container-service-0.5.0-SNAPSHOT-tests.jar:/home/user/.m2/repository/org/yaml/snakeyaml/1.16/snakeyaml-1.16.jar:/home/user/.m2/repository/org/apache/hadoop/hadoop-common/3.2.0/hadoop-common-3.2.0-tests.jar:/home/user/.m2/repository/org/apache/hadoop/hadoop-annotations/3.2.0/hadoop-annotations-3.2.0.jar:/usr/lib/jvm/java-1.8-openjdk/jre/../lib/tools.jar:/home/user/.m2/repository/commons-cli/commons-cli/1.2/commons-cli-1.2.jar:/home/user/.m2/repository/org/apache/httpcomponents/httpclient/4.5.2/httpclient-4.5.2.jar:/home/user/.m2/repository/org/apache/httpcomponents/httpcore/4.4.4/httpcore-4.4.4.jar:/home/user/.m2/repository/commons-codec/commons-codec/1.11/commons-codec-1.11.jar:/home/user/.m2/repository/commons-net/commons-net/3.6/commons-net-3.6.jar:/home/user/.m2/repository/commons-collections/commons-collections/3.2.2/commons-collections-3.2.2.jar:/home/user/.m2/repository/org/eclipse/jetty/jetty-servlet/9.3.25.v20180904/jetty-servlet-9.3.25.v20180904.jar:/home/user/.m2/repository/org/eclipse/jetty/jetty-security/9.3.25.v20180904/jetty-security-9.3.25.v20180904.jar:/home/user/.m2/repository/javax/servlet/jsp/jsp-api/2.1/jsp-api-2.1.jar:/home/user/.m2/repository/com/sun/jersey/jersey-servlet/1.19/jersey-servlet-1.19.jar:/home/user/.m2/repository/com/sun/jersey/jersey-json/1.19/jersey-json-1.19.jar:/home/user/.m2/repository/org/codehaus/jettison/jettison/1.1/jettison-1.1.jar:/home/user/.m2/repository/org/codehaus/jackson/jackson-core-asl/1.9.13/jackson-core-asl-1.9.13.jar:/home/user/.m2/repository/org/codehaus/jackson/jackson-mapper-asl/1.9.13/jackson-mapper-asl-1.9.13.jar:/home/user/.m2/repository/org/codehaus/jackson/jackson-jaxrs/1.9.13/jackson-jaxrs-1.9.13.jar:/home/user/.m2/repository/org/codehaus/jackson/jackson-xc/1.9.13/jackson-xc-1.9.13.jar:/home/user/.m2/repository/commons-logging/commons-logging/1.1.3/commons-logging-1.1.3.jar:/home/user/.m2/repository/commons-beanutils/commons-beanutils/1.9.4/commons-beanutils-1.9.4.jar:/home/user/.m2/repository/org/apache/commons/commons-configuration2/2.1.1/commons-configuration2-2.1.1.jar:/home/user/.m2/repository/org/apache/commons/commons-lang3/3.7/commons-lang3-3.7.jar:/home/user/.m2/repository/org/apache/commons/commons-text/1.4/commons-text-1.4.jar:/home/user/.m2/repository/org/apache/avro/avro/1.7.7/avro-1.7.7.jar:/home/user/.m2/repository/com/thoughtworks/paranamer/paranamer/2.3/paranamer-2.3.jar:/home/user/.m2/repository/org/xerial/snappy/snappy-java/1.0.5/snappy-java-1.0.5.jar:/home/user/.m2/repository/com/google/re2j/re2j/1.1/re2j-1.1.jar:/home/user/.m2/repository/com/google/code/gson/gson/2.2.4/gson-2.2.4.jar:/home/user/.m2/repository/com/jcraft/jsch/0.1.54/jsch-0.1.54.jar:/home/user/.m2/repository/org/apache/curator/curator-client/2.12.0/curator-client-2.12.0.jar:/home/user/.m2/repository/org/apache/curator/curator-recipes/2.12.0/curator-recipes-2.12.0.jar:/home/user/.m2/repository/com/google/code/findbugs/jsr305/3.0.0/jsr305-3.0.0.jar:/home/user/.m2/repository/org/apache/htrace/htrace-core4/4.1.0-incubating/htrace-core4-4.1.0-incubating.jar:/home/user/.m2/repository/org/apache/zookeeper/zookeeper/3.4.13/zookeeper-3.4.13.jar:/home/user/.m2/repository/jline/jline/0.9.94/jline-0.9.94.jar:/home/user/.m2/repository/org/apache/yetus/audience-annotations/0.5.0/audience-annotations-0.5.0.jar:/home/user/.m2/repository/org/codehaus/woodstox/stax2-api/3.1.4/stax2-api-3.1.4.jar:/home/user/.m2/repository/com/fasterxml/woodstox/woodstox-core/5.0.3/woodstox-core-5.0.3.jar:/home/user/.m2/repository/dnsjava/dnsjava/2.1.7/dnsjava-2.1.7.jar:/home/user/.m2/repository/org/apache/hadoop/hadoop-hdfs/3.2.0/hadoop-hdfs-3.2.0-tests.jar:/home/user/.m2/repository/org/eclipse/jetty/jetty-util-ajax/9.3.25.v20180904/jetty-util-ajax-9.3.25.v20180904.jar:/home/user/.m2/repository/commons-daemon/commons-daemon/1.0.13/commons-daemon-1.0.13.jar:/home/user/.m2/repository/io/netty/netty/3.10.5.Final/netty-3.10.5.Final.jar:/home/user/.m2/repository/io/netty/netty-all/4.0.52.Final/netty-all-4.0.52.Final.jar:/home/user/.m2/repository/org/fusesource/leveldbjni/leveldbjni-all/1.8/leveldbjni-all-1.8.jar:"/>
    <property name="java.vm.vendor" value="IcedTea"/>
    <property name="sun.arch.data.model" value="64"/>
    <property name="test.build.dir" value="/workdir/hadoop-ozone/integration-test/target/test-dir"/>
    <property name="test.cache.data" value=""/>
    <property name="java.vendor.url" value="https://icedtea.classpath.org"/>
    <property name="user.timezone" value=""/>
    <property name="java.vm.specification.version" value="1.8"/>
    <property name="os.name" value="Linux"/>
    <property name="test.build.data" value="/workdir/hadoop-ozone/integration-test/target/test-dir"/>
    <property name="user.country" value="US"/>
    <property name="sun.java.launcher" value="SUN_STANDARD"/>
    <property name="sun.boot.library.path" value="/usr/lib/jvm/java-1.8-openjdk/jre/lib/amd64"/>
    <property name="sun.java.command" value="/workdir/hadoop-ozone/integration-test/target/surefire/surefirebooter4849448771121675045.jar /workdir/hadoop-ozone/integration-test/target/surefire 2019-10-14T15-46-32_671-jvmRun1 surefire6129320373410964669tmp surefire_772720732497625388437tmp"/>
    <property name="test" value="!TestMiniChaosOzoneCluster"/>
    <property name="surefire.test.class.path" value="/workdir/hadoop-ozone/integration-test/target/test-classes:/workdir/hadoop-ozone/integration-test/target/classes:/home/user/.m2/repository/org/apache/hadoop/hadoop-ozone-common/0.5.0-SNAPSHOT/hadoop-ozone-common-0.5.0-SNAPSHOT.jar:/home/user/.m2/repository/org/apache/commons/commons-compress/1.4.1/commons-compress-1.4.1.jar:/home/user/.m2/repository/org/tukaani/xz/1.0/xz-1.0.jar:/home/user/.m2/repository/org/apache/hadoop/hadoop-common/3.2.0/hadoop-common-3.2.0.jar:/home/user/.m2/repository/org/apache/hadoop/hadoop-hdfs/3.2.0/hadoop-hdfs-3.2.0.jar:/home/user/.m2/repository/org/apache/hadoop/hadoop-hdfs-client/3.2.0/hadoop-hdfs-client-3.2.0.jar:/home/user/.m2/repository/com/fasterxml/jackson/core/jackson-annotations/2.9.9/jackson-annotations-2.9.9.jar:/home/user/.m2/repository/org/apache/hadoop/hadoop-hdds-common/0.5.0-SNAPSHOT/hadoop-hdds-common-0.5.0-SNAPSHOT.jar:/home/user/.m2/repository/javax/annotation/javax.annotation-api/1.2/javax.annotation-api-1.2.jar:/home/user/.m2/repository/org/apache/ratis/ratis-server/0.5.0-201fc85-SNAPSHOT/ratis-server-0.5.0-201fc85-SNAPSHOT.jar:/home/user/.m2/repository/org/apache/ratis/ratis-thirdparty-misc/0.2.0/ratis-thirdparty-misc-0.2.0.jar:/home/user/.m2/repository/org/apache/ratis/ratis-proto/0.5.0-201fc85-SNAPSHOT/ratis-proto-0.5.0-201fc85-SNAPSHOT.jar:/home/user/.m2/repository/org/apache/ratis/ratis-common/0.5.0-201fc85-SNAPSHOT/ratis-common-0.5.0-201fc85-SNAPSHOT.jar:/home/user/.m2/repository/org/apache/ratis/ratis-client/0.5.0-201fc85-SNAPSHOT/ratis-client-0.5.0-201fc85-SNAPSHOT.jar:/home/user/.m2/repository/org/apache/ratis/ratis-metrics/0.5.0-201fc85-SNAPSHOT/ratis-metrics-0.5.0-201fc85-SNAPSHOT.jar:/home/user/.m2/repository/com/github/joshelser/dropwizard-metrics-hadoop-metrics2-reporter/0.1.2/dropwizard-metrics-hadoop-metrics2-reporter-0.1.2.jar:/home/user/.m2/repository/io/dropwizard/metrics/metrics-jvm/3.2.5/metrics-jvm-3.2.5.jar:/home/user/.m2/repository/io/dropwizard/metrics/metrics-ganglia/3.2.5/metrics-ganglia-3.2.5.jar:/home/user/.m2/repository/info/ganglia/gmetric4j/gmetric4j/1.0.7/gmetric4j-1.0.7.jar:/home/user/.m2/repository/org/apache/ratis/ratis-netty/0.5.0-201fc85-SNAPSHOT/ratis-netty-0.5.0-201fc85-SNAPSHOT.jar:/home/user/.m2/repository/org/apache/ratis/ratis-grpc/0.5.0-201fc85-SNAPSHOT/ratis-grpc-0.5.0-201fc85-SNAPSHOT.jar:/home/user/.m2/repository/org/rocksdb/rocksdbjni/6.0.1/rocksdbjni-6.0.1.jar:/home/user/.m2/repository/org/apache/logging/log4j/log4j-api/2.11.0/log4j-api-2.11.0.jar:/home/user/.m2/repository/org/apache/logging/log4j/log4j-core/2.11.0/log4j-core-2.11.0.jar:/home/user/.m2/repository/com/lmax/disruptor/3.4.2/disruptor-3.4.2.jar:/home/user/.m2/repository/org/apache/commons/commons-pool2/2.6.0/commons-pool2-2.6.0.jar:/home/user/.m2/repository/org/bouncycastle/bcpkix-jdk15on/1.60/bcpkix-jdk15on-1.60.jar:/home/user/.m2/repository/commons-validator/commons-validator/1.6/commons-validator-1.6.jar:/home/user/.m2/repository/commons-digester/commons-digester/1.8.1/commons-digester-1.8.1.jar:/home/user/.m2/repository/io/jaegertracing/jaeger-client/0.34.0/jaeger-client-0.34.0.jar:/home/user/.m2/repository/io/jaegertracing/jaeger-thrift/0.34.0/jaeger-thrift-0.34.0.jar:/home/user/.m2/repository/org/apache/thrift/libthrift/0.12.0/libthrift-0.12.0.jar:/home/user/.m2/repository/com/squareup/okhttp3/okhttp/3.9.0/okhttp-3.9.0.jar:/home/user/.m2/repository/com/squareup/okio/okio/1.13.0/okio-1.13.0.jar:/home/user/.m2/repository/io/jaegertracing/jaeger-core/0.34.0/jaeger-core-0.34.0.jar:/home/user/.m2/repository/io/jaegertracing/jaeger-tracerresolver/0.34.0/jaeger-tracerresolver-0.34.0.jar:/home/user/.m2/repository/io/opentracing/contrib/opentracing-tracerresolver/0.1.5/opentracing-tracerresolver-0.1.5.jar:/home/user/.m2/repository/io/opentracing/opentracing-util/0.31.0/opentracing-util-0.31.0.jar:/home/user/.m2/repository/io/opentracing/opentracing-api/0.31.0/opentracing-api-0.31.0.jar:/home/user/.m2/repository/io/opentracing/opentracing-noop/0.31.0/opentracing-noop-0.31.0.jar:/home/user/.m2/repository/org/apache/hadoop/hadoop-hdds-server-framework/0.5.0-SNAPSHOT/hadoop-hdds-server-framework-0.5.0-SNAPSHOT.jar:/home/user/.m2/repository/org/apache/hadoop/hadoop-hdds-container-service/0.5.0-SNAPSHOT/hadoop-hdds-container-service-0.5.0-SNAPSHOT.jar:/home/user/.m2/repository/org/apache/hadoop/hadoop-hdds-client/0.5.0-SNAPSHOT/hadoop-hdds-client-0.5.0-SNAPSHOT.jar:/home/user/.m2/repository/org/apache/hadoop/hadoop-hdds-tools/0.5.0-SNAPSHOT/hadoop-hdds-tools-0.5.0-SNAPSHOT.jar:/home/user/.m2/repository/org/apache/hadoop/hadoop-hdds-server-scm/0.5.0-SNAPSHOT/hadoop-hdds-server-scm-0.5.0-SNAPSHOT.jar:/home/user/.m2/repository/org/apache/hadoop/hadoop-hdds-docs/0.5.0-SNAPSHOT/hadoop-hdds-docs-0.5.0-SNAPSHOT.jar:/home/user/.m2/repository/io/dropwizard/metrics/metrics-core/3.2.4/metrics-core-3.2.4.jar:/home/user/.m2/repository/org/hamcrest/hamcrest-all/1.3/hamcrest-all-1.3.jar:/home/user/.m2/repository/org/bouncycastle/bcprov-jdk15on/1.60/bcprov-jdk15on-1.60.jar:/home/user/.m2/repository/info/picocli/picocli/3.9.6/picocli-3.9.6.jar:/home/user/.m2/repository/com/google/protobuf/protobuf-java/2.5.0/protobuf-java-2.5.0.jar:/home/user/.m2/repository/com/google/guava/guava/11.0.2/guava-11.0.2.jar:/home/user/.m2/repository/org/apache/hadoop/hadoop-ozone-ozone-manager/0.5.0-SNAPSHOT/hadoop-ozone-ozone-manager-0.5.0-SNAPSHOT.jar:/home/user/.m2/repository/org/apache/hadoop/hadoop-minikdc/3.2.0/hadoop-minikdc-3.2.0.jar:/home/user/.m2/repository/commons-io/commons-io/2.5/commons-io-2.5.jar:/home/user/.m2/repository/org/apache/kerby/kerb-simplekdc/1.0.1/kerb-simplekdc-1.0.1.jar:/home/user/.m2/repository/org/apache/kerby/kerb-client/1.0.1/kerb-client-1.0.1.jar:/home/user/.m2/repository/org/apache/kerby/kerby-config/1.0.1/kerby-config-1.0.1.jar:/home/user/.m2/repository/org/apache/kerby/kerb-core/1.0.1/kerb-core-1.0.1.jar:/home/user/.m2/repository/org/apache/kerby/kerby-pkix/1.0.1/kerby-pkix-1.0.1.jar:/home/user/.m2/repository/org/apache/kerby/kerby-asn1/1.0.1/kerby-asn1-1.0.1.jar:/home/user/.m2/repository/org/apache/kerby/kerby-util/1.0.1/kerby-util-1.0.1.jar:/home/user/.m2/repository/org/apache/kerby/kerb-common/1.0.1/kerb-common-1.0.1.jar:/home/user/.m2/repository/org/apache/kerby/kerb-crypto/1.0.1/kerb-crypto-1.0.1.jar:/home/user/.m2/repository/org/apache/kerby/kerb-util/1.0.1/kerb-util-1.0.1.jar:/home/user/.m2/repository/org/apache/kerby/token-provider/1.0.1/token-provider-1.0.1.jar:/home/user/.m2/repository/org/apache/kerby/kerb-admin/1.0.1/kerb-admin-1.0.1.jar:/home/user/.m2/repository/org/apache/kerby/kerb-server/1.0.1/kerb-server-1.0.1.jar:/home/user/.m2/repository/org/apache/kerby/kerb-identity/1.0.1/kerb-identity-1.0.1.jar:/home/user/.m2/repository/org/apache/kerby/kerby-xdr/1.0.1/kerby-xdr-1.0.1.jar:/home/user/.m2/repository/org/slf4j/slf4j-log4j12/1.7.25/slf4j-log4j12-1.7.25.jar:/home/user/.m2/repository/org/apache/hadoop/hadoop-ozone-s3gateway/0.5.0-SNAPSHOT/hadoop-ozone-s3gateway-0.5.0-SNAPSHOT.jar:/home/user/.m2/repository/org/jboss/weld/servlet/weld-servlet/2.4.7.Final/weld-servlet-2.4.7.Final.jar:/home/user/.m2/repository/org/glassfish/jersey/containers/jersey-container-servlet-core/2.27/jersey-container-servlet-core-2.27.jar:/home/user/.m2/repository/org/glassfish/hk2/external/javax.inject/2.5.0-b42/javax.inject-2.5.0-b42.jar:/home/user/.m2/repository/org/glassfish/jersey/core/jersey-common/2.27/jersey-common-2.27.jar:/home/user/.m2/repository/org/glassfish/hk2/osgi-resource-locator/1.0.1/osgi-resource-locator-1.0.1.jar:/home/user/.m2/repository/javax/ws/rs/javax.ws.rs-api/2.1/javax.ws.rs-api-2.1.jar:/home/user/.m2/repository/org/glassfish/jersey/ext/cdi/jersey-cdi1x/2.27/jersey-cdi1x-2.27.jar:/home/user/.m2/repository/org/glassfish/jersey/inject/jersey-hk2/2.27/jersey-hk2-2.27.jar:/home/user/.m2/repository/org/glassfish/hk2/hk2-locator/2.5.0-b42/hk2-locator-2.5.0-b42.jar:/home/user/.m2/repository/org/javassist/javassist/3.22.0-CR2/javassist-3.22.0-CR2.jar:/home/user/.m2/repository/org/glassfish/hk2/hk2-api/2.5.0/hk2-api-2.5.0.jar:/home/user/.m2/repository/org/glassfish/hk2/external/jakarta.inject/2.5.0/jakarta.inject-2.5.0.jar:/home/user/.m2/repository/org/glassfish/hk2/hk2-utils/2.5.0/hk2-utils-2.5.0.jar:/home/user/.m2/repository/jakarta/annotation/jakarta.annotation-api/1.3.4/jakarta.annotation-api-1.3.4.jar:/home/user/.m2/repository/org/glassfish/hk2/external/aopalliance-repackaged/2.5.0/aopalliance-repackaged-2.5.0.jar:/home/user/.m2/repository/com/fasterxml/jackson/dataformat/jackson-dataformat-xml/2.9.0/jackson-dataformat-xml-2.9.0.jar:/home/user/.m2/repository/com/fasterxml/jackson/core/jackson-core/2.9.9/jackson-core-2.9.9.jar:/home/user/.m2/repository/com/fasterxml/jackson/module/jackson-module-jaxb-annotations/2.9.9/jackson-module-jaxb-annotations-2.9.9.jar:/home/user/.m2/repository/javax/enterprise/cdi-api/1.2/cdi-api-1.2.jar:/home/user/.m2/repository/javax/el/javax.el-api/3.0.0/javax.el-api-3.0.0.jar:/home/user/.m2/repository/javax/interceptor/javax.interceptor-api/1.2/javax.interceptor-api-1.2.jar:/home/user/.m2/repository/javax/inject/javax.inject/1/javax.inject-1.jar:/home/user/.m2/repository/com/sun/xml/bind/jaxb-impl/2.3.0.1/jaxb-impl-2.3.0.1.jar:/home/user/.m2/repository/com/sun/xml/bind/jaxb-core/2.3.0.1/jaxb-core-2.3.0.1.jar:/home/user/.m2/repository/javax/xml/bind/jaxb-api/2.3.0/jaxb-api-2.3.0.jar:/home/user/.m2/repository/javax/activation/activation/1.1.1/activation-1.1.1.jar:/home/user/.m2/repository/org/apache/hadoop/hadoop-ozone-csi/0.5.0-SNAPSHOT/hadoop-ozone-csi-0.5.0-SNAPSHOT.jar:/home/user/.m2/repository/com/google/protobuf/protobuf-java-util/3.5.1/protobuf-java-util-3.5.1.jar:/home/user/.m2/repository/org/apache/hadoop/hadoop-hdds-config/0.5.0-SNAPSHOT/hadoop-hdds-config-0.5.0-SNAPSHOT.jar:/home/user/.m2/repository/io/grpc/grpc-netty/1.17.1/grpc-netty-1.17.1.jar:/home/user/.m2/repository/io/grpc/grpc-core/1.17.1/grpc-core-1.17.1.jar:/home/user/.m2/repository/io/grpc/grpc-context/1.17.1/grpc-context-1.17.1.jar:/home/user/.m2/repository/com/google/errorprone/error_prone_annotations/2.2.0/error_prone_annotations-2.2.0.jar:/home/user/.m2/repository/org/codehaus/mojo/animal-sniffer-annotations/1.17/animal-sniffer-annotations-1.17.jar:/home/user/.m2/repository/io/opencensus/opencensus-api/0.17.0/opencensus-api-0.17.0.jar:/home/user/.m2/repository/io/opencensus/opencensus-contrib-grpc-metrics/0.17.0/opencensus-contrib-grpc-metrics-0.17.0.jar:/home/user/.m2/repository/io/netty/netty-codec-http2/4.1.30.Final/netty-codec-http2-4.1.30.Final.jar:/home/user/.m2/repository/io/netty/netty-codec-http/4.1.30.Final/netty-codec-http-4.1.30.Final.jar:/home/user/.m2/repository/io/netty/netty-codec/4.1.30.Final/netty-codec-4.1.30.Final.jar:/home/user/.m2/repository/io/netty/netty-handler/4.1.30.Final/netty-handler-4.1.30.Final.jar:/home/user/.m2/repository/io/netty/netty-handler-proxy/4.1.30.Final/netty-handler-proxy-4.1.30.Final.jar:/home/user/.m2/repository/io/netty/netty-codec-socks/4.1.30.Final/netty-codec-socks-4.1.30.Final.jar:/home/user/.m2/repository/io/netty/netty-transport-native-epoll/4.1.30.Final/netty-transport-native-epoll-4.1.30.Final.jar:/home/user/.m2/repository/io/netty/netty-common/4.1.30.Final/netty-common-4.1.30.Final.jar:/home/user/.m2/repository/io/netty/netty-buffer/4.1.30.Final/netty-buffer-4.1.30.Final.jar:/home/user/.m2/repository/io/netty/netty-transport/4.1.30.Final/netty-transport-4.1.30.Final.jar:/home/user/.m2/repository/io/netty/netty-resolver/4.1.30.Final/netty-resolver-4.1.30.Final.jar:/home/user/.m2/repository/io/netty/netty-transport-native-unix-common/4.1.30.Final/netty-transport-native-unix-common-4.1.30.Final.jar:/home/user/.m2/repository/io/grpc/grpc-protobuf/1.17.1/grpc-protobuf-1.17.1.jar:/home/user/.m2/repository/com/google/api/grpc/proto-google-common-protos/1.0.0/proto-google-common-protos-1.0.0.jar:/home/user/.m2/repository/io/grpc/grpc-protobuf-lite/1.17.1/grpc-protobuf-lite-1.17.1.jar:/home/user/.m2/repository/io/grpc/grpc-stub/1.17.1/grpc-stub-1.17.1.jar:/home/user/.m2/repository/org/apache/hadoop/hadoop-ozone-recon/0.5.0-SNAPSHOT/hadoop-ozone-recon-0.5.0-SNAPSHOT.jar:/home/user/.m2/repository/org/apache/hadoop/hadoop-ozone-reconcodegen/0.5.0-SNAPSHOT/hadoop-ozone-reconcodegen-0.5.0-SNAPSHOT.jar:/home/user/.m2/repository/com/google/inject/extensions/guice-multibindings/4.0/guice-multibindings-4.0.jar:/home/user/.m2/repository/com/google/inject/guice/4.0/guice-4.0.jar:/home/user/.m2/repository/aopalliance/aopalliance/1.0/aopalliance-1.0.jar:/home/user/.m2/repository/com/google/inject/extensions/guice-servlet/4.0/guice-servlet-4.0.jar:/home/user/.m2/repository/org/glassfish/jersey/containers/jersey-container-servlet/2.27/jersey-container-servlet-2.27.jar:/home/user/.m2/repository/org/glassfish/hk2/guice-bridge/2.5.0/guice-bridge-2.5.0.jar:/home/user/.m2/repository/org/glassfish/jersey/core/jersey-server/2.27/jersey-server-2.27.jar:/home/user/.m2/repository/org/glassfish/jersey/core/jersey-client/2.27/jersey-client-2.27.jar:/home/user/.m2/repository/org/glassfish/jersey/media/jersey-media-jaxb/2.27/jersey-media-jaxb-2.27.jar:/home/user/.m2/repository/javax/validation/validation-api/1.1.0.Final/validation-api-1.1.0.Final.jar:/home/user/.m2/repository/org/glassfish/jersey/media/jersey-media-json-jackson/2.27/jersey-media-json-jackson-2.27.jar:/home/user/.m2/repository/org/glassfish/jersey/ext/jersey-entity-filtering/2.27/jersey-entity-filtering-2.27.jar:/home/user/.m2/repository/com/google/inject/extensions/guice-assistedinject/4.0/guice-assistedinject-4.0.jar:/home/user/.m2/repository/org/jooq/jooq/3.11.10/jooq-3.11.10.jar:/home/user/.m2/repository/org/jooq/jooq-meta/3.11.10/jooq-meta-3.11.10.jar:/home/user/.m2/repository/org/jooq/jooq-codegen/3.11.10/jooq-codegen-3.11.10.jar:/home/user/.m2/repository/com/jolbox/bonecp/0.8.0.RELEASE/bonecp-0.8.0.RELEASE.jar:/home/user/.m2/repository/org/xerial/sqlite-jdbc/3.25.2/sqlite-jdbc-3.25.2.jar:/home/user/.m2/repository/org/springframework/spring-jdbc/5.1.3.RELEASE/spring-jdbc-5.1.3.RELEASE.jar:/home/user/.m2/repository/org/springframework/spring-beans/5.1.3.RELEASE/spring-beans-5.1.3.RELEASE.jar:/home/user/.m2/repository/org/springframework/spring-core/5.1.3.RELEASE/spring-core-5.1.3.RELEASE.jar:/home/user/.m2/repository/org/springframework/spring-jcl/5.1.3.RELEASE/spring-jcl-5.1.3.RELEASE.jar:/home/user/.m2/repository/org/springframework/spring-tx/5.1.3.RELEASE/spring-tx-5.1.3.RELEASE.jar:/home/user/.m2/repository/org/apache/hadoop/hadoop-ozone-client/0.5.0-SNAPSHOT/hadoop-ozone-client-0.5.0-SNAPSHOT.jar:/home/user/.m2/repository/commons-lang/commons-lang/2.6/commons-lang-2.6.jar:/home/user/.m2/repository/org/apache/hadoop/hadoop-ozone-ozone-manager/0.5.0-SNAPSHOT/hadoop-ozone-ozone-manager-0.5.0-SNAPSHOT-tests.jar:/home/user/.m2/repository/junit/junit/4.11/junit-4.11.jar:/home/user/.m2/repository/org/hamcrest/hamcrest-core/1.3/hamcrest-core-1.3.jar:/home/user/.m2/repository/org/openjdk/jmh/jmh-core/1.19/jmh-core-1.19.jar:/home/user/.m2/repository/net/sf/jopt-simple/jopt-simple/4.6/jopt-simple-4.6.jar:/home/user/.m2/repository/org/apache/commons/commons-math3/3.1.1/commons-math3-3.1.1.jar:/home/user/.m2/repository/org/openjdk/jmh/jmh-generator-annprocess/1.19/jmh-generator-annprocess-1.19.jar:/home/user/.m2/repository/org/mockito/mockito-all/1.8.5/mockito-all-1.8.5.jar:/home/user/.m2/repository/org/apache/hadoop/hadoop-kms/3.2.0/hadoop-kms-3.2.0.jar:/home/user/.m2/repository/org/apache/hadoop/hadoop-auth/3.2.0/hadoop-auth-3.2.0.jar:/home/user/.m2/repository/com/nimbusds/nimbus-jose-jwt/4.41.1/nimbus-jose-jwt-4.41.1.jar:/home/user/.m2/repository/com/github/stephenc/jcip/jcip-annotations/1.0-1/jcip-annotations-1.0-1.jar:/home/user/.m2/repository/net/minidev/json-smart/2.3/json-smart-2.3.jar:/home/user/.m2/repository/net/minidev/accessors-smart/1.2/accessors-smart-1.2.jar:/home/user/.m2/repository/org/ow2/asm/asm/5.0.4/asm-5.0.4.jar:/home/user/.m2/repository/org/apache/curator/curator-framework/2.12.0/curator-framework-2.12.0.jar:/home/user/.m2/repository/com/sun/jersey/jersey-core/1.19/jersey-core-1.19.jar:/home/user/.m2/repository/javax/ws/rs/jsr311-api/1.1.1/jsr311-api-1.1.1.jar:/home/user/.m2/repository/com/sun/jersey/jersey-server/1.19/jersey-server-1.19.jar:/home/user/.m2/repository/javax/servlet/javax.servlet-api/3.1.0/javax.servlet-api-3.1.0.jar:/home/user/.m2/repository/org/eclipse/jetty/jetty-server/9.3.25.v20180904/jetty-server-9.3.25.v20180904.jar:/home/user/.m2/repository/org/eclipse/jetty/jetty-http/9.3.25.v20180904/jetty-http-9.3.25.v20180904.jar:/home/user/.m2/repository/org/eclipse/jetty/jetty-io/9.3.25.v20180904/jetty-io-9.3.25.v20180904.jar:/home/user/.m2/repository/org/eclipse/jetty/jetty-webapp/9.3.25.v20180904/jetty-webapp-9.3.25.v20180904.jar:/home/user/.m2/repository/org/eclipse/jetty/jetty-xml/9.3.25.v20180904/jetty-xml-9.3.25.v20180904.jar:/home/user/.m2/repository/log4j/log4j/1.2.17/log4j-1.2.17.jar:/home/user/.m2/repository/org/slf4j/slf4j-api/1.7.25/slf4j-api-1.7.25.jar:/home/user/.m2/repository/org/slf4j/jul-to-slf4j/1.7.25/jul-to-slf4j-1.7.25.jar:/home/user/.m2/repository/org/eclipse/jetty/jetty-util/9.3.25.v20180904/jetty-util-9.3.25.v20180904.jar:/home/user/.m2/repository/com/fasterxml/jackson/core/jackson-databind/2.9.9/jackson-databind-2.9.9.jar:/home/user/.m2/repository/org/apache/hadoop/hadoop-kms/3.2.0/hadoop-kms-3.2.0-tests.jar:/home/user/.m2/repository/org/apache/hadoop/hadoop-hdds-server-scm/0.5.0-SNAPSHOT/hadoop-hdds-server-scm-0.5.0-SNAPSHOT-tests.jar:/home/user/.m2/repository/org/apache/hadoop/hadoop-hdds-container-service/0.5.0-SNAPSHOT/hadoop-hdds-container-service-0.5.0-SNAPSHOT-tests.jar:/home/user/.m2/repository/org/yaml/snakeyaml/1.16/snakeyaml-1.16.jar:/home/user/.m2/repository/org/apache/hadoop/hadoop-common/3.2.0/hadoop-common-3.2.0-tests.jar:/home/user/.m2/repository/org/apache/hadoop/hadoop-annotations/3.2.0/hadoop-annotations-3.2.0.jar:/usr/lib/jvm/java-1.8-openjdk/jre/../lib/tools.jar:/home/user/.m2/repository/commons-cli/commons-cli/1.2/commons-cli-1.2.jar:/home/user/.m2/repository/org/apache/httpcomponents/httpclient/4.5.2/httpclient-4.5.2.jar:/home/user/.m2/repository/org/apache/httpcomponents/httpcore/4.4.4/httpcore-4.4.4.jar:/home/user/.m2/repository/commons-codec/commons-codec/1.11/commons-codec-1.11.jar:/home/user/.m2/repository/commons-net/commons-net/3.6/commons-net-3.6.jar:/home/user/.m2/repository/commons-collections/commons-collections/3.2.2/commons-collections-3.2.2.jar:/home/user/.m2/repository/org/eclipse/jetty/jetty-servlet/9.3.25.v20180904/jetty-servlet-9.3.25.v20180904.jar:/home/user/.m2/repository/org/eclipse/jetty/jetty-security/9.3.25.v20180904/jetty-security-9.3.25.v20180904.jar:/home/user/.m2/repository/javax/servlet/jsp/jsp-api/2.1/jsp-api-2.1.jar:/home/user/.m2/repository/com/sun/jersey/jersey-servlet/1.19/jersey-servlet-1.19.jar:/home/user/.m2/repository/com/sun/jersey/jersey-json/1.19/jersey-json-1.19.jar:/home/user/.m2/repository/org/codehaus/jettison/jettison/1.1/jettison-1.1.jar:/home/user/.m2/repository/org/codehaus/jackson/jackson-core-asl/1.9.13/jackson-core-asl-1.9.13.jar:/home/user/.m2/repository/org/codehaus/jackson/jackson-mapper-asl/1.9.13/jackson-mapper-asl-1.9.13.jar:/home/user/.m2/repository/org/codehaus/jackson/jackson-jaxrs/1.9.13/jackson-jaxrs-1.9.13.jar:/home/user/.m2/repository/org/codehaus/jackson/jackson-xc/1.9.13/jackson-xc-1.9.13.jar:/home/user/.m2/repository/commons-logging/commons-logging/1.1.3/commons-logging-1.1.3.jar:/home/user/.m2/repository/commons-beanutils/commons-beanutils/1.9.4/commons-beanutils-1.9.4.jar:/home/user/.m2/repository/org/apache/commons/commons-configuration2/2.1.1/commons-configuration2-2.1.1.jar:/home/user/.m2/repository/org/apache/commons/commons-lang3/3.7/commons-lang3-3.7.jar:/home/user/.m2/repository/org/apache/commons/commons-text/1.4/commons-text-1.4.jar:/home/user/.m2/repository/org/apache/avro/avro/1.7.7/avro-1.7.7.jar:/home/user/.m2/repository/com/thoughtworks/paranamer/paranamer/2.3/paranamer-2.3.jar:/home/user/.m2/repository/org/xerial/snappy/snappy-java/1.0.5/snappy-java-1.0.5.jar:/home/user/.m2/repository/com/google/re2j/re2j/1.1/re2j-1.1.jar:/home/user/.m2/repository/com/google/code/gson/gson/2.2.4/gson-2.2.4.jar:/home/user/.m2/repository/com/jcraft/jsch/0.1.54/jsch-0.1.54.jar:/home/user/.m2/repository/org/apache/curator/curator-client/2.12.0/curator-client-2.12.0.jar:/home/user/.m2/repository/org/apache/curator/curator-recipes/2.12.0/curator-recipes-2.12.0.jar:/home/user/.m2/repository/com/google/code/findbugs/jsr305/3.0.0/jsr305-3.0.0.jar:/home/user/.m2/repository/org/apache/htrace/htrace-core4/4.1.0-incubating/htrace-core4-4.1.0-incubating.jar:/home/user/.m2/repository/org/apache/zookeeper/zookeeper/3.4.13/zookeeper-3.4.13.jar:/home/user/.m2/repository/jline/jline/0.9.94/jline-0.9.94.jar:/home/user/.m2/repository/org/apache/yetus/audience-annotations/0.5.0/audience-annotations-0.5.0.jar:/home/user/.m2/repository/org/codehaus/woodstox/stax2-api/3.1.4/stax2-api-3.1.4.jar:/home/user/.m2/repository/com/fasterxml/woodstox/woodstox-core/5.0.3/woodstox-core-5.0.3.jar:/home/user/.m2/repository/dnsjava/dnsjava/2.1.7/dnsjava-2.1.7.jar:/home/user/.m2/repository/org/apache/hadoop/hadoop-hdfs/3.2.0/hadoop-hdfs-3.2.0-tests.jar:/home/user/.m2/repository/org/eclipse/jetty/jetty-util-ajax/9.3.25.v20180904/jetty-util-ajax-9.3.25.v20180904.jar:/home/user/.m2/repository/commons-daemon/commons-daemon/1.0.13/commons-daemon-1.0.13.jar:/home/user/.m2/repository/io/netty/netty/3.10.5.Final/netty-3.10.5.Final.jar:/home/user/.m2/repository/io/netty/netty-all/4.0.52.Final/netty-all-4.0.52.Final.jar:/home/user/.m2/repository/org/fusesource/leveldbjni/leveldbjni-all/1.8/leveldbjni-all-1.8.jar:"/>
    <property name="sun.cpu.endian" value="little"/>
    <property name="user.home" value="/home/user"/>
    <property name="user.language" value="en"/>
    <property name="java.specification.vendor" value="Oracle Corporation"/>
    <property name="java.home" value="/usr/lib/jvm/java-1.8-openjdk/jre"/>
    <property name="surefire.excludesFile" value="/tools/ozone-bad-unit-tests"/>
    <property name="java.security.krb5.conf" value="/workdir/hadoop-ozone/integration-test/target/test-classes/krb5.conf"/>
    <property name="basedir" value="/workdir/hadoop-ozone/integration-test"/>
    <property name="file.separator" value="/"/>
    <property name="line.separator" value="&#10;"/>
    <property name="java.vm.specification.vendor" value="Oracle Corporation"/>
    <property name="java.specification.name" value="Java Platform API Specification"/>
    <property name="java.awt.graphicsenv" value="sun.awt.X11GraphicsEnvironment"/>
    <property name="surefire.real.class.path" value="/workdir/hadoop-ozone/integration-test/target/surefire/surefirebooter4849448771121675045.jar"/>
    <property name="hadoop.log.dir" value="/workdir/hadoop-ozone/integration-test/target/log"/>
    <property name="sun.boot.class.path" value="/usr/lib/jvm/java-1.8-openjdk/jre/lib/resources.jar:/usr/lib/jvm/java-1.8-openjdk/jre/lib/rt.jar:/usr/lib/jvm/java-1.8-openjdk/jre/lib/sunrsasign.jar:/usr/lib/jvm/java-1.8-openjdk/jre/lib/jsse.jar:/usr/lib/jvm/java-1.8-openjdk/jre/lib/jce.jar:/usr/lib/jvm/java-1.8-openjdk/jre/lib/charsets.jar:/usr/lib/jvm/java-1.8-openjdk/jre/lib/jfr.jar:/usr/lib/jvm/java-1.8-openjdk/jre/classes"/>
    <property name="sun.management.compiler" value="HotSpot 64-Bit Tiered Compilers"/>
    <property name="java.runtime.version" value="1.8.0_212-b04"/>
    <property name="java.net.preferIPv4Stack" value="true"/>
    <property name="user.name" value="jenkins1000"/>
    <property name="path.separator" value=":"/>
    <property name="java.security.egd" value="file:///dev/urandom"/>
    <property name="os.version" value="3.10.0-957.12.2.el7.x86_64"/>
    <property name="java.endorsed.dirs" value="/usr/lib/jvm/java-1.8-openjdk/jre/lib/endorsed"/>
    <property name="java.runtime.name" value="OpenJDK Runtime Environment"/>
    <property name="file.encoding" value="UTF-8"/>
    <property name="java.vm.name" value="OpenJDK 64-Bit Server VM"/>
    <property name="test.build.webapps" value=""/>
    <property name="localRepository" value="/home/user/.m2/repository"/>
    <property name="java.vendor.url.bug" value="https://icedtea.classpath.org/bugzilla"/>
    <property name="java.io.tmpdir" value="/tmp"/>
    <property name="require.test.libhadoop" value=""/>
    <property name="java.version" value="1.8.0_212"/>
    <property name="user.dir" value="/workdir/hadoop-ozone/integration-test"/>
    <property name="os.arch" value="amd64"/>
    <property name="java.vm.specification.name" value="Java Virtual Machine Specification"/>
    <property name="test.build.classes" value="/workdir/hadoop-ozone/integration-test/target/test-classes"/>
    <property name="java.awt.printerjob" value="sun.print.PSPrinterJob"/>
    <property name="sun.os.patch.level" value="unknown"/>
    <property name="hadoop.tmp.dir" value="/workdir/hadoop-ozone/integration-test/target/tmp"/>
    <property name="java.library.path" value="/usr/lib/jvm/java-1.8-openjdk/jre/lib/amd64/server:/usr/lib/jvm/java-1.8-openjdk/jre/lib/amd64:/usr/lib/jvm/java-1.8-openjdk/jre/../lib/amd64:/workdir/hadoop-ozone/integration-test/target/native/target/usr/local/lib:/workdir/hadoop-ozone/integration-test/../../hadoop-common-project/hadoop-common/target/native/target/usr/local/lib:/usr/java/packages/lib/amd64:/usr/lib64:/lib64:/lib:/usr/lib"/>
    <property name="java.vm.info" value="mixed mode"/>
    <property name="java.vendor" value="IcedTea"/>
    <property name="java.vm.version" value="25.212-b04"/>
    <property name="java.ext.dirs" value="/usr/lib/jvm/java-1.8-openjdk/jre/lib/ext:/usr/java/packages/lib/ext"/>
    <property name="sun.io.unicode.encoding" value="UnicodeLittle"/>
    <property name="java.class.version" value="52.0"/>
  </properties>
  <testcase name="testWatchForCommitWithKeyWrite" classname="org.apache.hadoop.ozone.client.rpc.TestWatchForCommit" time="78.452"/>
  <testcase name="testWatchForCommitWithSmallerTimeoutValue" classname="org.apache.hadoop.ozone.client.rpc.TestWatchForCommit" time="43.127"/>
  <testcase name="testWatchForCommitForRetryfailure" classname="org.apache.hadoop.ozone.client.rpc.TestWatchForCommit" time="61.418">
    <failure type="java.lang.AssertionError">java.lang.AssertionError
	at org.junit.Assert.fail(Assert.java:86)
	at org.junit.Assert.assertTrue(Assert.java:41)
	at org.junit.Assert.assertTrue(Assert.java:52)
	at org.apache.hadoop.ozone.client.rpc.TestWatchForCommit.testWatchForCommitForRetryfailure(TestWatchForCommit.java:348)
	at sun.reflect.NativeMethodAccessorImpl.invoke0(Native Method)
	at sun.reflect.NativeMethodAccessorImpl.invoke(NativeMethodAccessorImpl.java:62)
	at sun.reflect.DelegatingMethodAccessorImpl.invoke(DelegatingMethodAccessorImpl.java:43)
	at java.lang.reflect.Method.invoke(Method.java:498)
	at org.junit.runners.model.FrameworkMethod$1.runReflectiveCall(FrameworkMethod.java:47)
	at org.junit.internal.runners.model.ReflectiveCallable.run(ReflectiveCallable.java:12)
	at org.junit.runners.model.FrameworkMethod.invokeExplosively(FrameworkMethod.java:44)
	at org.junit.internal.runners.statements.InvokeMethod.evaluate(InvokeMethod.java:17)
	at org.junit.runners.ParentRunner.runLeaf(ParentRunner.java:271)
	at org.junit.runners.BlockJUnit4ClassRunner.runChild(BlockJUnit4ClassRunner.java:70)
	at org.junit.runners.BlockJUnit4ClassRunner.runChild(BlockJUnit4ClassRunner.java:50)
	at org.junit.runners.ParentRunner$3.run(ParentRunner.java:238)
	at org.junit.runners.ParentRunner$1.schedule(ParentRunner.java:63)
	at org.junit.runners.ParentRunner.runChildren(ParentRunner.java:236)
	at org.junit.runners.ParentRunner.access$000(ParentRunner.java:53)
	at org.junit.runners.ParentRunner$2.evaluate(ParentRunner.java:229)
	at org.junit.runners.ParentRunner.run(ParentRunner.java:309)
	at org.apache.maven.surefire.junit4.JUnit4Provider.execute(JUnit4Provider.java:365)
	at org.apache.maven.surefire.junit4.JUnit4Provider.executeWithRerun(JUnit4Provider.java:273)
	at org.apache.maven.surefire.junit4.JUnit4Provider.executeTestSet(JUnit4Provider.java:238)
	at org.apache.maven.surefire.junit4.JUnit4Provider.invoke(JUnit4Provider.java:159)
	at org.apache.maven.surefire.booter.ForkedBooter.invokeProviderInSameClassLoader(ForkedBooter.java:384)
	at org.apache.maven.surefire.booter.ForkedBooter.runSuitesInProcess(ForkedBooter.java:345)
	at org.apache.maven.surefire.booter.ForkedBooter.execute(ForkedBooter.java:126)
	at org.apache.maven.surefire.booter.ForkedBooter.main(ForkedBooter.java:418)
</failure>
    <system-out><![CDATA[2019-10-14 17:00:39,585 [main] WARN  server.ServerUtils (ServerUtils.java:getScmDbDir(145)) - ozone.scm.db.dirs is not configured. We recommend adding this setting. Falling back to ozone.metadata.dirs instead.
2019-10-14 17:00:39,600 [main] WARN  server.ServerUtils (ServerUtils.java:getScmDbDir(145)) - ozone.scm.db.dirs is not configured. We recommend adding this setting. Falling back to ozone.metadata.dirs instead.
2019-10-14 17:00:39,600 [main] WARN  server.ServerUtils (ServerUtils.java:getScmDbDir(145)) - ozone.scm.db.dirs is not configured. We recommend adding this setting. Falling back to ozone.metadata.dirs instead.
2019-10-14 17:00:39,601 [main] INFO  db.DBStoreBuilder (DBStoreBuilder.java:addTable(117)) - using custom profile for table: deletedBlocks
2019-10-14 17:00:39,601 [main] INFO  db.DBStoreBuilder (DBStoreBuilder.java:processTables(168)) - Using default column profile:DBProfile.DISK for Table:deletedBlocks
2019-10-14 17:00:39,601 [main] INFO  db.DBStoreBuilder (DBStoreBuilder.java:addTable(117)) - using custom profile for table: validCerts
2019-10-14 17:00:39,601 [main] INFO  db.DBStoreBuilder (DBStoreBuilder.java:processTables(168)) - Using default column profile:DBProfile.DISK for Table:validCerts
2019-10-14 17:00:39,601 [main] INFO  db.DBStoreBuilder (DBStoreBuilder.java:addTable(117)) - using custom profile for table: revokedCerts
2019-10-14 17:00:39,601 [main] INFO  db.DBStoreBuilder (DBStoreBuilder.java:processTables(168)) - Using default column profile:DBProfile.DISK for Table:revokedCerts
2019-10-14 17:00:39,602 [main] INFO  db.DBStoreBuilder (DBStoreBuilder.java:addTable(117)) - using custom profile for table: default
2019-10-14 17:00:39,602 [main] INFO  db.DBStoreBuilder (DBStoreBuilder.java:processTables(174)) - Using default column profile:DBProfile.DISK for Table:default
2019-10-14 17:00:39,602 [main] INFO  db.DBStoreBuilder (DBStoreBuilder.java:getDbProfile(205)) - Using default options. DBProfile.DISK
2019-10-14 17:00:39,832 [main] INFO  net.NodeSchemaLoader (NodeSchemaLoader.java:loadSchemaFromFile(125)) - Loading file from sun.misc.CompoundEnumeration@79d3473e
2019-10-14 17:00:39,833 [main] INFO  net.NodeSchemaLoader (NodeSchemaLoader.java:loadSchema(171)) - Loading network topology layer schema file
2019-10-14 17:00:39,839 [main] WARN  server.ServerUtils (ServerUtils.java:sanitizeUserArgs(70)) - ozone.scm.stale.node.interval value = 300000 is larger than max = 100000 based on the key value of ozone.scm.heartbeat.thread.interval, reset to the max value 100000.
2019-10-14 17:00:39,839 [main] WARN  server.ServerUtils (ServerUtils.java:sanitizeUserArgs(70)) - ozone.scm.stale.node.interval value = 300000 is larger than max = 100000 based on the key value of ozone.scm.heartbeat.thread.interval, reset to the max value 100000.
2019-10-14 17:00:39,840 [main] INFO  node.SCMNodeManager (SCMNodeManager.java:<init>(117)) - Entering startup safe mode.
2019-10-14 17:00:39,840 [main] INFO  algorithms.ContainerPlacementPolicyFactory (ContainerPlacementPolicyFactory.java:getPolicy(57)) - Create container placement policy of type org.apache.hadoop.hdds.scm.container.placement.algorithms.SCMContainerPlacementRandom
2019-10-14 17:00:39,841 [main] WARN  server.ServerUtils (ServerUtils.java:getScmDbDir(145)) - ozone.scm.db.dirs is not configured. We recommend adding this setting. Falling back to ozone.metadata.dirs instead.
2019-10-14 17:00:39,919 [main] INFO  pipeline.SCMPipelineManager (SCMPipelineManager.java:initializePipelineState(132)) - No pipeline exists in current db
2019-10-14 17:00:39,919 [main] WARN  server.ServerUtils (ServerUtils.java:getScmDbDir(145)) - ozone.scm.db.dirs is not configured. We recommend adding this setting. Falling back to ozone.metadata.dirs instead.
2019-10-14 17:00:40,016 [main] WARN  events.EventQueue (EventQueue.java:fireEvent(183)) - No event handler registered for event TypedEvent{payloadType=SafeModeStatus, name='SafeModeStatus'}
2019-10-14 17:00:40,017 [main] INFO  ipc.CallQueueManager (CallQueueManager.java:<init>(84)) - Using callQueue: class java.util.concurrent.LinkedBlockingQueue, queueCapacity: 2000, scheduler: class org.apache.hadoop.ipc.DefaultRpcScheduler, ipcBackoff: false.
2019-10-14 17:00:40,018 [Socket Reader #1 for port 35893] INFO  ipc.Server (Server.java:run(1074)) - Starting Socket Reader #1 for port 35893
2019-10-14 17:00:40,020 [main] INFO  ipc.CallQueueManager (CallQueueManager.java:<init>(84)) - Using callQueue: class java.util.concurrent.LinkedBlockingQueue, queueCapacity: 2000, scheduler: class org.apache.hadoop.ipc.DefaultRpcScheduler, ipcBackoff: false.
2019-10-14 17:00:40,021 [Socket Reader #1 for port 40911] INFO  ipc.Server (Server.java:run(1074)) - Starting Socket Reader #1 for port 40911
2019-10-14 17:00:40,023 [main] INFO  ipc.CallQueueManager (CallQueueManager.java:<init>(84)) - Using callQueue: class java.util.concurrent.LinkedBlockingQueue, queueCapacity: 2000, scheduler: class org.apache.hadoop.ipc.DefaultRpcScheduler, ipcBackoff: false.
2019-10-14 17:00:40,024 [Socket Reader #1 for port 34725] INFO  ipc.Server (Server.java:run(1074)) - Starting Socket Reader #1 for port 34725
2019-10-14 17:00:40,028 [main] INFO  hdfs.DFSUtil (DFSUtil.java:httpServerTemplateForNNAndJN(1641)) - Starting Web-server for scm at: http://0.0.0.0:0
2019-10-14 17:00:40,031 [main] INFO  server.AuthenticationFilter (AuthenticationFilter.java:constructSecretProvider(240)) - Unable to initialize FileSignerSecretProvider, falling back to use random secrets.
2019-10-14 17:00:40,032 [main] WARN  http.HttpRequestLog (HttpRequestLog.java:getRequestLog(97)) - Jetty request log can only be enabled using Log4j
2019-10-14 17:00:40,035 [main] INFO  http.HttpServer2 (HttpServer2.java:addGlobalFilter(975)) - Added global filter 'safety' (class=org.apache.hadoop.http.HttpServer2$QuotingInputFilter)
2019-10-14 17:00:40,036 [main] INFO  http.HttpServer2 (HttpServer2.java:addFilter(948)) - Added filter static_user_filter (class=org.apache.hadoop.http.lib.StaticUserWebFilter$StaticUserFilter) to context scm
2019-10-14 17:00:40,036 [main] INFO  http.HttpServer2 (HttpServer2.java:addFilter(958)) - Added filter static_user_filter (class=org.apache.hadoop.http.lib.StaticUserWebFilter$StaticUserFilter) to context static
2019-10-14 17:00:40,036 [main] INFO  http.HttpServer2 (HttpServer2.java:addFilter(958)) - Added filter static_user_filter (class=org.apache.hadoop.http.lib.StaticUserWebFilter$StaticUserFilter) to context logs
2019-10-14 17:00:40,039 [main] INFO  server.StorageContainerManager (StorageContainerManager.java:start(777)) - StorageContainerLocationProtocol RPC server is listening at /0.0.0.0:34725
2019-10-14 17:00:40,043 [main] WARN  impl.MetricsConfig (MetricsConfig.java:loadFirst(134)) - Cannot locate configuration: tried hadoop-metrics2-storagecontainermanager.properties,hadoop-metrics2.properties
2019-10-14 17:00:40,044 [main] INFO  impl.MetricsSystemImpl (MetricsSystemImpl.java:startTimer(374)) - Scheduled Metric snapshot period at 10 second(s).
2019-10-14 17:00:40,044 [main] INFO  impl.MetricsSystemImpl (MetricsSystemImpl.java:start(191)) - StorageContainerManager metrics system started
2019-10-14 17:00:40,081 [main] WARN  impl.MetricsSystemImpl (MetricsSystemImpl.java:register(276)) - Sink prometheus already exists!
2019-10-14 17:00:40,082 [main] INFO  lib.Interns (Interns.java:removeEldestEntry(50)) - Metrics intern cache overflow at 2011 for MetricsSystem={MetricsSystem=MetricsInfoImpl{name=MetricsSystem, description=MetricsSystem}, MetricsSystem record=MetricsInfoImpl{name=MetricsSystem, description=MetricsSystem record}}
2019-10-14 17:00:40,126 [main] INFO  server.SCMClientProtocolServer (SCMClientProtocolServer.java:start(159)) - RPC server for Client  is listening at /0.0.0.0:34725
2019-10-14 17:00:40,127 [IPC Server listener on 34725] INFO  ipc.Server (Server.java:run(1153)) - IPC Server listener on 34725: starting
2019-10-14 17:00:40,127 [IPC Server Responder] INFO  ipc.Server (Server.java:run(1314)) - IPC Server Responder: starting
2019-10-14 17:00:40,131 [main] INFO  server.StorageContainerManager (StorageContainerManager.java:start(787)) - ScmBlockLocationProtocol RPC server is listening at /0.0.0.0:40911
2019-10-14 17:00:40,131 [main] INFO  server.SCMBlockProtocolServer (SCMBlockProtocolServer.java:start(146)) - RPC server for Block Protocol is listening at /0.0.0.0:40911
2019-10-14 17:00:40,131 [IPC Server listener on 40911] INFO  ipc.Server (Server.java:run(1153)) - IPC Server listener on 40911: starting
2019-10-14 17:00:40,131 [IPC Server Responder] INFO  ipc.Server (Server.java:run(1314)) - IPC Server Responder: starting
2019-10-14 17:00:40,136 [main] INFO  server.StorageContainerManager (StorageContainerManager.java:start(791)) - ScmDatanodeProtocl RPC server is listening at /0.0.0.0:35893
2019-10-14 17:00:40,136 [main] INFO  server.SCMDatanodeProtocolServer (SCMDatanodeProtocolServer.java:start(169)) - RPC server for DataNodes is listening at /0.0.0.0:35893
2019-10-14 17:00:40,136 [IPC Server listener on 35893] INFO  ipc.Server (Server.java:run(1153)) - IPC Server listener on 35893: starting
2019-10-14 17:00:40,136 [IPC Server Responder] INFO  ipc.Server (Server.java:run(1314)) - IPC Server Responder: starting
2019-10-14 17:00:40,140 [main] INFO  http.HttpServer2 (HttpServer2.java:bindListener(1191)) - Jetty bound to port 42137
2019-10-14 17:00:40,140 [main] INFO  server.Server (Server.java:doStart(351)) - jetty-9.3.25.v20180904, build timestamp: 2018-09-04T21:11:46Z, git hash: 3ce520221d0240229c862b122d2b06c12a625732
2019-10-14 17:00:40,142 [main] INFO  handler.ContextHandler (ContextHandler.java:doStart(781)) - Started o.e.j.s.ServletContextHandler@2c829dbc{/logs,file:///workdir/hadoop-ozone/integration-test/target/log,AVAILABLE}
2019-10-14 17:00:40,143 [main] INFO  handler.ContextHandler (ContextHandler.java:doStart(781)) - Started o.e.j.s.ServletContextHandler@839df62{/static,file:///workdir/hadoop-ozone/integration-test/target/test-classes/webapps/static,AVAILABLE}
2019-10-14 17:00:40,147 [main] INFO  handler.ContextHandler (ContextHandler.java:doStart(781)) - Started o.e.j.w.WebAppContext@7ef8eda7{/,file:///workdir/hadoop-ozone/integration-test/target/test-classes/webapps/scm/,AVAILABLE}{/scm}
2019-10-14 17:00:40,147 [main] INFO  server.AbstractConnector (AbstractConnector.java:doStart(278)) - Started ServerConnector@115ca7de{HTTP/1.1,[http/1.1]}{0.0.0.0:42137}
2019-10-14 17:00:40,148 [main] INFO  server.Server (Server.java:doStart(419)) - Started @122608ms
2019-10-14 17:00:40,148 [main] WARN  impl.MetricsSystemImpl (MetricsSystemImpl.java:register(276)) - Sink prometheus already exists!
2019-10-14 17:00:40,149 [main] INFO  server.BaseHttpServer (BaseHttpServer.java:updateConnectorAddress(215)) - HTTP server of SCM is listening at http://0.0.0.0:42137
2019-10-14 17:00:40,149 [main] WARN  server.ServerUtils (ServerUtils.java:getDBPath(222)) - ozone.om.db.dirs is not configured. We recommend adding this setting. Falling back to ozone.metadata.dirs instead.
2019-10-14 17:00:40,149 [org.apache.hadoop.util.JvmPauseMonitor$Monitor@7f287b98] INFO  util.JvmPauseMonitor (JvmPauseMonitor.java:run(188)) - Starting JVM pause monitor
2019-10-14 17:00:40,171 [main] INFO  ha.OMHANodeDetails (OMHANodeDetails.java:loadOMHAConfig(190)) - Configuration either no ozone.om.address set. Falling back to the default OM address /127.0.0.1:0
2019-10-14 17:00:40,171 [main] INFO  ha.OMHANodeDetails (OMHANodeDetails.java:getOMNodeDetails(220)) - OM Service ID is not set. Setting it to the default ID: omServiceIdDefault
2019-10-14 17:00:40,171 [main] WARN  server.ServerUtils (ServerUtils.java:getDBPath(222)) - ozone.om.db.dirs is not configured. We recommend adding this setting. Falling back to ozone.metadata.dirs instead.
2019-10-14 17:00:40,172 [main] WARN  server.ServerUtils (ServerUtils.java:getDBPath(222)) - ozone.om.db.dirs is not configured. We recommend adding this setting. Falling back to ozone.metadata.dirs instead.
2019-10-14 17:00:40,182 [main] WARN  server.ServerUtils (ServerUtils.java:getDBPath(222)) - ozone.om.db.dirs is not configured. We recommend adding this setting. Falling back to ozone.metadata.dirs instead.
2019-10-14 17:00:40,183 [main] INFO  db.DBStoreBuilder (DBStoreBuilder.java:addTable(117)) - using custom profile for table: userTable
2019-10-14 17:00:40,183 [main] INFO  db.DBStoreBuilder (DBStoreBuilder.java:processTables(168)) - Using default column profile:DBProfile.DISK for Table:userTable
2019-10-14 17:00:40,183 [main] INFO  db.DBStoreBuilder (DBStoreBuilder.java:addTable(117)) - using custom profile for table: volumeTable
2019-10-14 17:00:40,183 [main] INFO  db.DBStoreBuilder (DBStoreBuilder.java:processTables(168)) - Using default column profile:DBProfile.DISK for Table:volumeTable
2019-10-14 17:00:40,184 [main] INFO  db.DBStoreBuilder (DBStoreBuilder.java:addTable(117)) - using custom profile for table: bucketTable
2019-10-14 17:00:40,184 [main] INFO  db.DBStoreBuilder (DBStoreBuilder.java:processTables(168)) - Using default column profile:DBProfile.DISK for Table:bucketTable
2019-10-14 17:00:40,184 [main] INFO  db.DBStoreBuilder (DBStoreBuilder.java:addTable(117)) - using custom profile for table: keyTable
2019-10-14 17:00:40,184 [main] INFO  db.DBStoreBuilder (DBStoreBuilder.java:processTables(168)) - Using default column profile:DBProfile.DISK for Table:keyTable
2019-10-14 17:00:40,184 [main] INFO  db.DBStoreBuilder (DBStoreBuilder.java:addTable(117)) - using custom profile for table: deletedTable
2019-10-14 17:00:40,184 [main] INFO  db.DBStoreBuilder (DBStoreBuilder.java:processTables(168)) - Using default column profile:DBProfile.DISK for Table:deletedTable
2019-10-14 17:00:40,185 [main] INFO  db.DBStoreBuilder (DBStoreBuilder.java:addTable(117)) - using custom profile for table: openKeyTable
2019-10-14 17:00:40,185 [main] INFO  db.DBStoreBuilder (DBStoreBuilder.java:processTables(168)) - Using default column profile:DBProfile.DISK for Table:openKeyTable
2019-10-14 17:00:40,185 [main] INFO  db.DBStoreBuilder (DBStoreBuilder.java:addTable(117)) - using custom profile for table: s3Table
2019-10-14 17:00:40,185 [main] INFO  db.DBStoreBuilder (DBStoreBuilder.java:processTables(168)) - Using default column profile:DBProfile.DISK for Table:s3Table
2019-10-14 17:00:40,185 [main] INFO  db.DBStoreBuilder (DBStoreBuilder.java:addTable(117)) - using custom profile for table: multipartInfoTable
2019-10-14 17:00:40,185 [main] INFO  db.DBStoreBuilder (DBStoreBuilder.java:processTables(168)) - Using default column profile:DBProfile.DISK for Table:multipartInfoTable
2019-10-14 17:00:40,186 [main] INFO  db.DBStoreBuilder (DBStoreBuilder.java:addTable(117)) - using custom profile for table: dTokenTable
2019-10-14 17:00:40,186 [main] INFO  db.DBStoreBuilder (DBStoreBuilder.java:processTables(168)) - Using default column profile:DBProfile.DISK for Table:dTokenTable
2019-10-14 17:00:40,186 [main] INFO  db.DBStoreBuilder (DBStoreBuilder.java:addTable(117)) - using custom profile for table: s3SecretTable
2019-10-14 17:00:40,186 [main] INFO  db.DBStoreBuilder (DBStoreBuilder.java:processTables(168)) - Using default column profile:DBProfile.DISK for Table:s3SecretTable
2019-10-14 17:00:40,186 [main] INFO  db.DBStoreBuilder (DBStoreBuilder.java:addTable(117)) - using custom profile for table: prefixTable
2019-10-14 17:00:40,187 [main] INFO  db.DBStoreBuilder (DBStoreBuilder.java:processTables(168)) - Using default column profile:DBProfile.DISK for Table:prefixTable
2019-10-14 17:00:40,187 [main] INFO  db.DBStoreBuilder (DBStoreBuilder.java:addTable(117)) - using custom profile for table: default
2019-10-14 17:00:40,187 [main] INFO  db.DBStoreBuilder (DBStoreBuilder.java:processTables(174)) - Using default column profile:DBProfile.DISK for Table:default
2019-10-14 17:00:40,187 [main] INFO  db.DBStoreBuilder (DBStoreBuilder.java:getDbProfile(205)) - Using default options. DBProfile.DISK
2019-10-14 17:00:40,814 [main] INFO  ipc.CallQueueManager (CallQueueManager.java:<init>(84)) - Using callQueue: class java.util.concurrent.LinkedBlockingQueue, queueCapacity: 2000, scheduler: class org.apache.hadoop.ipc.DefaultRpcScheduler, ipcBackoff: false.
2019-10-14 17:00:40,814 [Socket Reader #1 for port 40383] INFO  ipc.Server (Server.java:run(1074)) - Starting Socket Reader #1 for port 40383
2019-10-14 17:00:40,829 [main] INFO  om.OzoneManager (OzoneManager.java:start(1071)) - OzoneManager RPC server is listening at localhost/127.0.0.1:40383
2019-10-14 17:00:40,829 [main] INFO  impl.MetricsSystemImpl (MetricsSystemImpl.java:init(158)) - OzoneManager metrics system started (again)
2019-10-14 17:00:40,830 [IPC Server Responder] INFO  ipc.Server (Server.java:run(1314)) - IPC Server Responder: starting
2019-10-14 17:00:40,830 [IPC Server listener on 40383] INFO  ipc.Server (Server.java:run(1153)) - IPC Server listener on 40383: starting
2019-10-14 17:00:40,838 [main] INFO  hdfs.DFSUtil (DFSUtil.java:httpServerTemplateForNNAndJN(1641)) - Starting Web-server for ozoneManager at: http://0.0.0.0:0
2019-10-14 17:00:40,840 [main] INFO  server.AuthenticationFilter (AuthenticationFilter.java:constructSecretProvider(240)) - Unable to initialize FileSignerSecretProvider, falling back to use random secrets.
2019-10-14 17:00:40,840 [main] WARN  http.HttpRequestLog (HttpRequestLog.java:getRequestLog(97)) - Jetty request log can only be enabled using Log4j
2019-10-14 17:00:40,843 [main] INFO  http.HttpServer2 (HttpServer2.java:addGlobalFilter(975)) - Added global filter 'safety' (class=org.apache.hadoop.http.HttpServer2$QuotingInputFilter)
2019-10-14 17:00:40,844 [main] INFO  http.HttpServer2 (HttpServer2.java:addFilter(948)) - Added filter static_user_filter (class=org.apache.hadoop.http.lib.StaticUserWebFilter$StaticUserFilter) to context ozoneManager
2019-10-14 17:00:40,844 [main] INFO  http.HttpServer2 (HttpServer2.java:addFilter(958)) - Added filter static_user_filter (class=org.apache.hadoop.http.lib.StaticUserWebFilter$StaticUserFilter) to context static
2019-10-14 17:00:40,844 [main] INFO  http.HttpServer2 (HttpServer2.java:addFilter(958)) - Added filter static_user_filter (class=org.apache.hadoop.http.lib.StaticUserWebFilter$StaticUserFilter) to context logs
2019-10-14 17:00:40,845 [main] INFO  http.HttpServer2 (HttpServer2.java:bindListener(1191)) - Jetty bound to port 41380
2019-10-14 17:00:40,846 [main] INFO  server.Server (Server.java:doStart(351)) - jetty-9.3.25.v20180904, build timestamp: 2018-09-04T21:11:46Z, git hash: 3ce520221d0240229c862b122d2b06c12a625732
2019-10-14 17:00:40,848 [main] INFO  handler.ContextHandler (ContextHandler.java:doStart(781)) - Started o.e.j.s.ServletContextHandler@5a515e5d{/logs,file:///workdir/hadoop-ozone/integration-test/target/log,AVAILABLE}
2019-10-14 17:00:40,848 [main] INFO  handler.ContextHandler (ContextHandler.java:doStart(781)) - Started o.e.j.s.ServletContextHandler@32f32623{/static,file:///workdir/hadoop-ozone/integration-test/target/test-classes/webapps/static,AVAILABLE}
2019-10-14 17:00:40,854 [main] INFO  handler.ContextHandler (ContextHandler.java:doStart(781)) - Started o.e.j.w.WebAppContext@5b000fe6{/,file:///workdir/hadoop-ozone/integration-test/target/test-classes/webapps/ozoneManager/,AVAILABLE}{/ozoneManager}
2019-10-14 17:00:40,855 [main] INFO  server.AbstractConnector (AbstractConnector.java:doStart(278)) - Started ServerConnector@4751e8b9{HTTP/1.1,[http/1.1]}{0.0.0.0:41380}
2019-10-14 17:00:40,856 [main] INFO  server.Server (Server.java:doStart(419)) - Started @123316ms
2019-10-14 17:00:40,856 [main] WARN  impl.MetricsSystemImpl (MetricsSystemImpl.java:register(276)) - Sink prometheus already exists!
2019-10-14 17:00:40,857 [main] INFO  server.BaseHttpServer (BaseHttpServer.java:updateConnectorAddress(215)) - HTTP server of OZONEMANAGER is listening at http://0.0.0.0:41380
2019-10-14 17:00:40,878 [main] INFO  impl.MetricsSystemImpl (MetricsSystemImpl.java:init(158)) - HddsDatanode metrics system started (again)
2019-10-14 17:00:40,881 [main] INFO  ozone.HddsDatanodeService (HddsDatanodeService.java:start(184)) - HddsDatanodeService host:pr-hdds-2196-2-9v7pc-2718207715 ip:192.168.151.105
2019-10-14 17:00:40,888 [main] INFO  volume.HddsVolume (HddsVolume.java:<init>(176)) - Creating Volume: /workdir/hadoop-ozone/integration-test/target/test-dir/MiniOzoneClusterImpl-7988c91c-7eca-4252-be72-1bce262518f6/datanode-0/data/containers/hdds of  storage type : DISK and capacity : 1482555576320
2019-10-14 17:00:40,889 [main] INFO  volume.VolumeSet (VolumeSet.java:initializeVolumeSet(170)) - Added Volume : /workdir/hadoop-ozone/integration-test/target/test-dir/MiniOzoneClusterImpl-7988c91c-7eca-4252-be72-1bce262518f6/datanode-0/data/containers/hdds to VolumeSet
2019-10-14 17:00:40,889 [main] INFO  volume.ThrottledAsyncChecker (ThrottledAsyncChecker.java:schedule(141)) - Scheduling a check for org.apache.hadoop.ozone.container.common.volume.HddsVolume@3a479fda
2019-10-14 17:00:40,890 [main] INFO  volume.HddsVolumeChecker (HddsVolumeChecker.java:checkAllVolumes(204)) - Scheduled health check for volume org.apache.hadoop.ozone.container.common.volume.HddsVolume@3a479fda
2019-10-14 17:00:40,906 [main] INFO  impl.RaftServerProxy (ConfUtils.java:logGet(43)) - raft.rpc.type = GRPC (default)
2019-10-14 17:00:40,906 [main] INFO  grpc.GrpcFactory (GrpcFactory.java:checkPooledByteBufAllocatorUseCacheForAllThreads(45)) - PERFORMANCE WARNING: useCacheForAllThreads is true that may cause Netty to create a lot garbage objects and, as a result, trigger GC.
	It is recommended to disable useCacheForAllThreads by setting -Dorg.apache.ratis.thirdparty.io.netty.allocator.useCacheForAllThreads=false in command line.
2019-10-14 17:00:40,907 [main] INFO  grpc.GrpcConfigKeys$Server (ConfUtils.java:logGet(43)) - raft.grpc.server.port = 0 (default)
2019-10-14 17:00:40,907 [main] INFO  server.GrpcService (ConfUtils.java:logGet(43)) - raft.grpc.message.size.max = 33570816 (custom)
2019-10-14 17:00:40,907 [main] INFO  server.RaftServerConfigKeys (ConfUtils.java:logGet(43)) - raft.server.log.appender.buffer.byte-limit = 33554432 (custom)
2019-10-14 17:00:40,907 [main] INFO  server.GrpcService (ConfUtils.java:logGet(43)) - raft.grpc.flow.control.window = 1MB (=1048576) (default)
2019-10-14 17:00:40,908 [main] INFO  server.RaftServerConfigKeys (ConfUtils.java:logGet(43)) - raft.server.rpc.request.timeout = 3000ms (default)
2019-10-14 17:00:40,908 [main] INFO  server.RaftServerConfigKeys (ConfUtils.java:logGet(43)) - raft.server.storage.dir = [/workdir/hadoop-ozone/integration-test/target/test-dir/MiniOzoneClusterImpl-7988c91c-7eca-4252-be72-1bce262518f6/datanode-0/data/ratis] (custom)
2019-10-14 17:00:40,910 [main] INFO  hdfs.DFSUtil (DFSUtil.java:httpServerTemplateForNNAndJN(1641)) - Starting Web-server for hddsDatanode at: http://0.0.0.0:0
2019-10-14 17:00:40,914 [main] INFO  server.AuthenticationFilter (AuthenticationFilter.java:constructSecretProvider(240)) - Unable to initialize FileSignerSecretProvider, falling back to use random secrets.
2019-10-14 17:00:40,915 [main] WARN  http.HttpRequestLog (HttpRequestLog.java:getRequestLog(97)) - Jetty request log can only be enabled using Log4j
2019-10-14 17:00:40,916 [main] INFO  http.HttpServer2 (HttpServer2.java:addGlobalFilter(975)) - Added global filter 'safety' (class=org.apache.hadoop.http.HttpServer2$QuotingInputFilter)
2019-10-14 17:00:40,917 [main] INFO  http.HttpServer2 (HttpServer2.java:addFilter(948)) - Added filter static_user_filter (class=org.apache.hadoop.http.lib.StaticUserWebFilter$StaticUserFilter) to context hddsDatanode
2019-10-14 17:00:40,917 [main] INFO  http.HttpServer2 (HttpServer2.java:addFilter(958)) - Added filter static_user_filter (class=org.apache.hadoop.http.lib.StaticUserWebFilter$StaticUserFilter) to context static
2019-10-14 17:00:40,917 [main] INFO  http.HttpServer2 (HttpServer2.java:addFilter(958)) - Added filter static_user_filter (class=org.apache.hadoop.http.lib.StaticUserWebFilter$StaticUserFilter) to context logs
2019-10-14 17:00:40,918 [main] INFO  http.HttpServer2 (HttpServer2.java:bindListener(1191)) - Jetty bound to port 44682
2019-10-14 17:00:40,918 [main] INFO  server.Server (Server.java:doStart(351)) - jetty-9.3.25.v20180904, build timestamp: 2018-09-04T21:11:46Z, git hash: 3ce520221d0240229c862b122d2b06c12a625732
2019-10-14 17:00:40,920 [main] INFO  handler.ContextHandler (ContextHandler.java:doStart(781)) - Started o.e.j.s.ServletContextHandler@76d7881e{/logs,file:///workdir/hadoop-ozone/integration-test/target/log,AVAILABLE}
2019-10-14 17:00:40,921 [main] INFO  handler.ContextHandler (ContextHandler.java:doStart(781)) - Started o.e.j.s.ServletContextHandler@7945b206{/static,jar:file:/home/user/.m2/repository/org/apache/hadoop/hadoop-hdds-container-service/0.5.0-SNAPSHOT/hadoop-hdds-container-service-0.5.0-SNAPSHOT.jar!/webapps/static,AVAILABLE}
2019-10-14 17:00:40,960 [main] INFO  handler.ContextHandler (ContextHandler.java:doStart(781)) - Started o.e.j.w.WebAppContext@14168e1{/,file:///tmp/jetty-0.0.0.0-44682-hddsDatanode-_-any-4289499696238904382.dir/webapp/,AVAILABLE}{/hddsDatanode}
2019-10-14 17:00:40,961 [main] INFO  server.AbstractConnector (AbstractConnector.java:doStart(278)) - Started ServerConnector@16a5c7e4{HTTP/1.1,[http/1.1]}{0.0.0.0:44682}
2019-10-14 17:00:40,964 [main] INFO  server.Server (Server.java:doStart(419)) - Started @123425ms
2019-10-14 17:00:40,965 [main] WARN  impl.MetricsSystemImpl (MetricsSystemImpl.java:register(276)) - Sink prometheus already exists!
2019-10-14 17:00:40,966 [main] INFO  server.BaseHttpServer (BaseHttpServer.java:updateConnectorAddress(215)) - HTTP server of HDDSDATANODE is listening at http://0.0.0.0:44682
2019-10-14 17:00:40,966 [main] INFO  impl.MetricsSystemImpl (MetricsSystemImpl.java:init(158)) - HddsDatanode metrics system started (again)
2019-10-14 17:00:40,969 [org.apache.hadoop.util.JvmPauseMonitor$Monitor@5f523e0f] INFO  util.JvmPauseMonitor (JvmPauseMonitor.java:run(188)) - Starting JVM pause monitor
2019-10-14 17:00:40,969 [main] INFO  ozone.HddsDatanodeService (HddsDatanodeService.java:start(184)) - HddsDatanodeService host:pr-hdds-2196-2-9v7pc-2718207715 ip:192.168.151.105
2019-10-14 17:00:40,971 [Datanode State Machine Thread - 0] INFO  datanode.InitDatanodeState (InitDatanodeState.java:persistContainerDatanodeDetails(140)) - DatanodeDetails is persisted to /workdir/hadoop-ozone/integration-test/target/test-dir/MiniOzoneClusterImpl-7988c91c-7eca-4252-be72-1bce262518f6/datanode-0/meta/datanode.id
2019-10-14 17:00:40,976 [main] INFO  volume.HddsVolume (HddsVolume.java:<init>(176)) - Creating Volume: /workdir/hadoop-ozone/integration-test/target/test-dir/MiniOzoneClusterImpl-7988c91c-7eca-4252-be72-1bce262518f6/datanode-1/data/containers/hdds of  storage type : DISK and capacity : 1482555576320
2019-10-14 17:00:40,976 [main] INFO  volume.VolumeSet (VolumeSet.java:initializeVolumeSet(170)) - Added Volume : /workdir/hadoop-ozone/integration-test/target/test-dir/MiniOzoneClusterImpl-7988c91c-7eca-4252-be72-1bce262518f6/datanode-1/data/containers/hdds to VolumeSet
2019-10-14 17:00:40,976 [main] INFO  volume.ThrottledAsyncChecker (ThrottledAsyncChecker.java:schedule(141)) - Scheduling a check for org.apache.hadoop.ozone.container.common.volume.HddsVolume@4a9860
2019-10-14 17:00:40,977 [main] INFO  volume.HddsVolumeChecker (HddsVolumeChecker.java:checkAllVolumes(204)) - Scheduled health check for volume org.apache.hadoop.ozone.container.common.volume.HddsVolume@4a9860
2019-10-14 17:00:40,991 [main] INFO  impl.RaftServerProxy (ConfUtils.java:logGet(43)) - raft.rpc.type = GRPC (default)
2019-10-14 17:00:40,991 [main] INFO  grpc.GrpcFactory (GrpcFactory.java:checkPooledByteBufAllocatorUseCacheForAllThreads(45)) - PERFORMANCE WARNING: useCacheForAllThreads is true that may cause Netty to create a lot garbage objects and, as a result, trigger GC.
	It is recommended to disable useCacheForAllThreads by setting -Dorg.apache.ratis.thirdparty.io.netty.allocator.useCacheForAllThreads=false in command line.
2019-10-14 17:00:40,991 [main] INFO  grpc.GrpcConfigKeys$Server (ConfUtils.java:logGet(43)) - raft.grpc.server.port = 0 (default)
2019-10-14 17:00:40,991 [main] INFO  server.GrpcService (ConfUtils.java:logGet(43)) - raft.grpc.message.size.max = 33570816 (custom)
2019-10-14 17:00:40,991 [main] INFO  server.RaftServerConfigKeys (ConfUtils.java:logGet(43)) - raft.server.log.appender.buffer.byte-limit = 33554432 (custom)
2019-10-14 17:00:40,992 [main] INFO  server.GrpcService (ConfUtils.java:logGet(43)) - raft.grpc.flow.control.window = 1MB (=1048576) (default)
2019-10-14 17:00:40,992 [main] INFO  server.RaftServerConfigKeys (ConfUtils.java:logGet(43)) - raft.server.rpc.request.timeout = 3000ms (default)
2019-10-14 17:00:40,992 [main] INFO  server.RaftServerConfigKeys (ConfUtils.java:logGet(43)) - raft.server.storage.dir = [/workdir/hadoop-ozone/integration-test/target/test-dir/MiniOzoneClusterImpl-7988c91c-7eca-4252-be72-1bce262518f6/datanode-1/data/ratis] (custom)
2019-10-14 17:00:40,994 [main] INFO  hdfs.DFSUtil (DFSUtil.java:httpServerTemplateForNNAndJN(1641)) - Starting Web-server for hddsDatanode at: http://0.0.0.0:0
2019-10-14 17:00:40,995 [main] INFO  server.AuthenticationFilter (AuthenticationFilter.java:constructSecretProvider(240)) - Unable to initialize FileSignerSecretProvider, falling back to use random secrets.
2019-10-14 17:00:40,996 [main] WARN  http.HttpRequestLog (HttpRequestLog.java:getRequestLog(97)) - Jetty request log can only be enabled using Log4j
2019-10-14 17:00:40,997 [main] INFO  http.HttpServer2 (HttpServer2.java:addGlobalFilter(975)) - Added global filter 'safety' (class=org.apache.hadoop.http.HttpServer2$QuotingInputFilter)
2019-10-14 17:00:40,997 [main] INFO  http.HttpServer2 (HttpServer2.java:addFilter(948)) - Added filter static_user_filter (class=org.apache.hadoop.http.lib.StaticUserWebFilter$StaticUserFilter) to context hddsDatanode
2019-10-14 17:00:40,998 [main] INFO  http.HttpServer2 (HttpServer2.java:addFilter(958)) - Added filter static_user_filter (class=org.apache.hadoop.http.lib.StaticUserWebFilter$StaticUserFilter) to context logs
2019-10-14 17:00:40,998 [main] INFO  http.HttpServer2 (HttpServer2.java:addFilter(958)) - Added filter static_user_filter (class=org.apache.hadoop.http.lib.StaticUserWebFilter$StaticUserFilter) to context static
2019-10-14 17:00:40,998 [main] INFO  http.HttpServer2 (HttpServer2.java:bindListener(1191)) - Jetty bound to port 34387
2019-10-14 17:00:40,999 [main] INFO  server.Server (Server.java:doStart(351)) - jetty-9.3.25.v20180904, build timestamp: 2018-09-04T21:11:46Z, git hash: 3ce520221d0240229c862b122d2b06c12a625732
2019-10-14 17:00:41,000 [main] INFO  handler.ContextHandler (ContextHandler.java:doStart(781)) - Started o.e.j.s.ServletContextHandler@6436e181{/logs,file:///workdir/hadoop-ozone/integration-test/target/log,AVAILABLE}
2019-10-14 17:00:41,001 [main] INFO  handler.ContextHandler (ContextHandler.java:doStart(781)) - Started o.e.j.s.ServletContextHandler@6b649efa{/static,jar:file:/home/user/.m2/repository/org/apache/hadoop/hadoop-hdds-container-service/0.5.0-SNAPSHOT/hadoop-hdds-container-service-0.5.0-SNAPSHOT.jar!/webapps/static,AVAILABLE}
2019-10-14 17:00:41,029 [main] INFO  handler.ContextHandler (ContextHandler.java:doStart(781)) - Started o.e.j.w.WebAppContext@3cdc7b09{/,file:///tmp/jetty-0.0.0.0-34387-hddsDatanode-_-any-3067665735738371875.dir/webapp/,AVAILABLE}{/hddsDatanode}
2019-10-14 17:00:41,030 [main] INFO  server.AbstractConnector (AbstractConnector.java:doStart(278)) - Started ServerConnector@7364eed1{HTTP/1.1,[http/1.1]}{0.0.0.0:34387}
2019-10-14 17:00:41,031 [main] INFO  server.Server (Server.java:doStart(419)) - Started @123492ms
2019-10-14 17:00:41,031 [main] WARN  impl.MetricsSystemImpl (MetricsSystemImpl.java:register(276)) - Sink prometheus already exists!
2019-10-14 17:00:41,032 [main] INFO  server.BaseHttpServer (BaseHttpServer.java:updateConnectorAddress(215)) - HTTP server of HDDSDATANODE is listening at http://0.0.0.0:34387
2019-10-14 17:00:41,032 [main] INFO  impl.MetricsSystemImpl (MetricsSystemImpl.java:init(158)) - HddsDatanode metrics system started (again)
2019-10-14 17:00:41,035 [org.apache.hadoop.util.JvmPauseMonitor$Monitor@1663687c] INFO  util.JvmPauseMonitor (JvmPauseMonitor.java:run(188)) - Starting JVM pause monitor
2019-10-14 17:00:41,035 [main] INFO  ozone.HddsDatanodeService (HddsDatanodeService.java:start(184)) - HddsDatanodeService host:pr-hdds-2196-2-9v7pc-2718207715 ip:192.168.151.105
2019-10-14 17:00:41,041 [main] INFO  volume.HddsVolume (HddsVolume.java:<init>(176)) - Creating Volume: /workdir/hadoop-ozone/integration-test/target/test-dir/MiniOzoneClusterImpl-7988c91c-7eca-4252-be72-1bce262518f6/datanode-2/data/containers/hdds of  storage type : DISK and capacity : 1482555576320
2019-10-14 17:00:41,042 [Datanode State Machine Thread - 0] INFO  datanode.InitDatanodeState (InitDatanodeState.java:persistContainerDatanodeDetails(140)) - DatanodeDetails is persisted to /workdir/hadoop-ozone/integration-test/target/test-dir/MiniOzoneClusterImpl-7988c91c-7eca-4252-be72-1bce262518f6/datanode-1/meta/datanode.id
2019-10-14 17:00:41,042 [main] INFO  volume.VolumeSet (VolumeSet.java:initializeVolumeSet(170)) - Added Volume : /workdir/hadoop-ozone/integration-test/target/test-dir/MiniOzoneClusterImpl-7988c91c-7eca-4252-be72-1bce262518f6/datanode-2/data/containers/hdds to VolumeSet
2019-10-14 17:00:41,042 [main] INFO  volume.ThrottledAsyncChecker (ThrottledAsyncChecker.java:schedule(141)) - Scheduling a check for org.apache.hadoop.ozone.container.common.volume.HddsVolume@61bb1e4d
2019-10-14 17:00:41,043 [main] INFO  volume.HddsVolumeChecker (HddsVolumeChecker.java:checkAllVolumes(204)) - Scheduled health check for volume org.apache.hadoop.ozone.container.common.volume.HddsVolume@61bb1e4d
2019-10-14 17:00:41,055 [main] INFO  impl.RaftServerProxy (ConfUtils.java:logGet(43)) - raft.rpc.type = GRPC (default)
2019-10-14 17:00:41,055 [main] INFO  grpc.GrpcFactory (GrpcFactory.java:checkPooledByteBufAllocatorUseCacheForAllThreads(45)) - PERFORMANCE WARNING: useCacheForAllThreads is true that may cause Netty to create a lot garbage objects and, as a result, trigger GC.
	It is recommended to disable useCacheForAllThreads by setting -Dorg.apache.ratis.thirdparty.io.netty.allocator.useCacheForAllThreads=false in command line.
2019-10-14 17:00:41,055 [main] INFO  grpc.GrpcConfigKeys$Server (ConfUtils.java:logGet(43)) - raft.grpc.server.port = 0 (default)
2019-10-14 17:00:41,055 [main] INFO  server.GrpcService (ConfUtils.java:logGet(43)) - raft.grpc.message.size.max = 33570816 (custom)
2019-10-14 17:00:41,056 [main] INFO  server.RaftServerConfigKeys (ConfUtils.java:logGet(43)) - raft.server.log.appender.buffer.byte-limit = 33554432 (custom)
2019-10-14 17:00:41,056 [main] INFO  server.GrpcService (ConfUtils.java:logGet(43)) - raft.grpc.flow.control.window = 1MB (=1048576) (default)
2019-10-14 17:00:41,056 [main] INFO  server.RaftServerConfigKeys (ConfUtils.java:logGet(43)) - raft.server.rpc.request.timeout = 3000ms (default)
2019-10-14 17:00:41,056 [main] INFO  server.RaftServerConfigKeys (ConfUtils.java:logGet(43)) - raft.server.storage.dir = [/workdir/hadoop-ozone/integration-test/target/test-dir/MiniOzoneClusterImpl-7988c91c-7eca-4252-be72-1bce262518f6/datanode-2/data/ratis] (custom)
2019-10-14 17:00:41,058 [main] INFO  hdfs.DFSUtil (DFSUtil.java:httpServerTemplateForNNAndJN(1641)) - Starting Web-server for hddsDatanode at: http://0.0.0.0:0
2019-10-14 17:00:41,059 [main] INFO  server.AuthenticationFilter (AuthenticationFilter.java:constructSecretProvider(240)) - Unable to initialize FileSignerSecretProvider, falling back to use random secrets.
2019-10-14 17:00:41,059 [main] WARN  http.HttpRequestLog (HttpRequestLog.java:getRequestLog(97)) - Jetty request log can only be enabled using Log4j
2019-10-14 17:00:41,060 [main] INFO  http.HttpServer2 (HttpServer2.java:addGlobalFilter(975)) - Added global filter 'safety' (class=org.apache.hadoop.http.HttpServer2$QuotingInputFilter)
2019-10-14 17:00:41,061 [main] INFO  http.HttpServer2 (HttpServer2.java:addFilter(948)) - Added filter static_user_filter (class=org.apache.hadoop.http.lib.StaticUserWebFilter$StaticUserFilter) to context hddsDatanode
2019-10-14 17:00:41,061 [main] INFO  http.HttpServer2 (HttpServer2.java:addFilter(958)) - Added filter static_user_filter (class=org.apache.hadoop.http.lib.StaticUserWebFilter$StaticUserFilter) to context logs
2019-10-14 17:00:41,061 [main] INFO  http.HttpServer2 (HttpServer2.java:addFilter(958)) - Added filter static_user_filter (class=org.apache.hadoop.http.lib.StaticUserWebFilter$StaticUserFilter) to context static
2019-10-14 17:00:41,062 [main] INFO  http.HttpServer2 (HttpServer2.java:bindListener(1191)) - Jetty bound to port 45257
2019-10-14 17:00:41,062 [main] INFO  server.Server (Server.java:doStart(351)) - jetty-9.3.25.v20180904, build timestamp: 2018-09-04T21:11:46Z, git hash: 3ce520221d0240229c862b122d2b06c12a625732
2019-10-14 17:00:41,064 [main] INFO  handler.ContextHandler (ContextHandler.java:doStart(781)) - Started o.e.j.s.ServletContextHandler@2c748a15{/logs,file:///workdir/hadoop-ozone/integration-test/target/log,AVAILABLE}
2019-10-14 17:00:41,064 [main] INFO  handler.ContextHandler (ContextHandler.java:doStart(781)) - Started o.e.j.s.ServletContextHandler@115dcaea{/static,jar:file:/home/user/.m2/repository/org/apache/hadoop/hadoop-hdds-container-service/0.5.0-SNAPSHOT/hadoop-hdds-container-service-0.5.0-SNAPSHOT.jar!/webapps/static,AVAILABLE}
2019-10-14 17:00:41,092 [main] INFO  handler.ContextHandler (ContextHandler.java:doStart(781)) - Started o.e.j.w.WebAppContext@5ff6dd3c{/,file:///tmp/jetty-0.0.0.0-45257-hddsDatanode-_-any-8549053868616278113.dir/webapp/,AVAILABLE}{/hddsDatanode}
2019-10-14 17:00:41,092 [main] INFO  server.AbstractConnector (AbstractConnector.java:doStart(278)) - Started ServerConnector@5fcd1f0a{HTTP/1.1,[http/1.1]}{0.0.0.0:45257}
2019-10-14 17:00:41,094 [main] INFO  server.Server (Server.java:doStart(419)) - Started @123554ms
2019-10-14 17:00:41,094 [main] WARN  impl.MetricsSystemImpl (MetricsSystemImpl.java:register(276)) - Sink prometheus already exists!
2019-10-14 17:00:41,095 [main] INFO  server.BaseHttpServer (BaseHttpServer.java:updateConnectorAddress(215)) - HTTP server of HDDSDATANODE is listening at http://0.0.0.0:45257
2019-10-14 17:00:41,095 [main] INFO  impl.MetricsSystemImpl (MetricsSystemImpl.java:init(158)) - HddsDatanode metrics system started (again)
2019-10-14 17:00:41,098 [main] INFO  ozone.HddsDatanodeService (HddsDatanodeService.java:start(184)) - HddsDatanodeService host:pr-hdds-2196-2-9v7pc-2718207715 ip:192.168.151.105
2019-10-14 17:00:41,098 [org.apache.hadoop.util.JvmPauseMonitor$Monitor@76fd7bd8] INFO  util.JvmPauseMonitor (JvmPauseMonitor.java:run(188)) - Starting JVM pause monitor
2019-10-14 17:00:41,100 [Datanode State Machine Thread - 0] INFO  datanode.InitDatanodeState (InitDatanodeState.java:persistContainerDatanodeDetails(140)) - DatanodeDetails is persisted to /workdir/hadoop-ozone/integration-test/target/test-dir/MiniOzoneClusterImpl-7988c91c-7eca-4252-be72-1bce262518f6/datanode-2/meta/datanode.id
2019-10-14 17:00:41,105 [main] INFO  volume.HddsVolume (HddsVolume.java:<init>(176)) - Creating Volume: /workdir/hadoop-ozone/integration-test/target/test-dir/MiniOzoneClusterImpl-7988c91c-7eca-4252-be72-1bce262518f6/datanode-3/data/containers/hdds of  storage type : DISK and capacity : 1482555576320
2019-10-14 17:00:41,105 [main] INFO  volume.VolumeSet (VolumeSet.java:initializeVolumeSet(170)) - Added Volume : /workdir/hadoop-ozone/integration-test/target/test-dir/MiniOzoneClusterImpl-7988c91c-7eca-4252-be72-1bce262518f6/datanode-3/data/containers/hdds to VolumeSet
2019-10-14 17:00:41,105 [main] INFO  volume.ThrottledAsyncChecker (ThrottledAsyncChecker.java:schedule(141)) - Scheduling a check for org.apache.hadoop.ozone.container.common.volume.HddsVolume@15d0d6c9
2019-10-14 17:00:41,106 [main] INFO  volume.HddsVolumeChecker (HddsVolumeChecker.java:checkAllVolumes(204)) - Scheduled health check for volume org.apache.hadoop.ozone.container.common.volume.HddsVolume@15d0d6c9
2019-10-14 17:00:41,118 [main] INFO  impl.RaftServerProxy (ConfUtils.java:logGet(43)) - raft.rpc.type = GRPC (default)
2019-10-14 17:00:41,118 [main] INFO  grpc.GrpcFactory (GrpcFactory.java:checkPooledByteBufAllocatorUseCacheForAllThreads(45)) - PERFORMANCE WARNING: useCacheForAllThreads is true that may cause Netty to create a lot garbage objects and, as a result, trigger GC.
	It is recommended to disable useCacheForAllThreads by setting -Dorg.apache.ratis.thirdparty.io.netty.allocator.useCacheForAllThreads=false in command line.
2019-10-14 17:00:41,118 [main] INFO  grpc.GrpcConfigKeys$Server (ConfUtils.java:logGet(43)) - raft.grpc.server.port = 0 (default)
2019-10-14 17:00:41,119 [main] INFO  server.GrpcService (ConfUtils.java:logGet(43)) - raft.grpc.message.size.max = 33570816 (custom)
2019-10-14 17:00:41,119 [main] INFO  server.RaftServerConfigKeys (ConfUtils.java:logGet(43)) - raft.server.log.appender.buffer.byte-limit = 33554432 (custom)
2019-10-14 17:00:41,119 [main] INFO  server.GrpcService (ConfUtils.java:logGet(43)) - raft.grpc.flow.control.window = 1MB (=1048576) (default)
2019-10-14 17:00:41,119 [main] INFO  server.RaftServerConfigKeys (ConfUtils.java:logGet(43)) - raft.server.rpc.request.timeout = 3000ms (default)
2019-10-14 17:00:41,119 [main] INFO  server.RaftServerConfigKeys (ConfUtils.java:logGet(43)) - raft.server.storage.dir = [/workdir/hadoop-ozone/integration-test/target/test-dir/MiniOzoneClusterImpl-7988c91c-7eca-4252-be72-1bce262518f6/datanode-3/data/ratis] (custom)
2019-10-14 17:00:41,121 [main] INFO  hdfs.DFSUtil (DFSUtil.java:httpServerTemplateForNNAndJN(1641)) - Starting Web-server for hddsDatanode at: http://0.0.0.0:0
2019-10-14 17:00:41,122 [main] INFO  server.AuthenticationFilter (AuthenticationFilter.java:constructSecretProvider(240)) - Unable to initialize FileSignerSecretProvider, falling back to use random secrets.
2019-10-14 17:00:41,122 [main] WARN  http.HttpRequestLog (HttpRequestLog.java:getRequestLog(97)) - Jetty request log can only be enabled using Log4j
2019-10-14 17:00:41,123 [main] INFO  http.HttpServer2 (HttpServer2.java:addGlobalFilter(975)) - Added global filter 'safety' (class=org.apache.hadoop.http.HttpServer2$QuotingInputFilter)
2019-10-14 17:00:41,124 [main] INFO  http.HttpServer2 (HttpServer2.java:addFilter(948)) - Added filter static_user_filter (class=org.apache.hadoop.http.lib.StaticUserWebFilter$StaticUserFilter) to context hddsDatanode
2019-10-14 17:00:41,124 [main] INFO  http.HttpServer2 (HttpServer2.java:addFilter(958)) - Added filter static_user_filter (class=org.apache.hadoop.http.lib.StaticUserWebFilter$StaticUserFilter) to context static
2019-10-14 17:00:41,124 [main] INFO  http.HttpServer2 (HttpServer2.java:addFilter(958)) - Added filter static_user_filter (class=org.apache.hadoop.http.lib.StaticUserWebFilter$StaticUserFilter) to context logs
2019-10-14 17:00:41,125 [main] INFO  http.HttpServer2 (HttpServer2.java:bindListener(1191)) - Jetty bound to port 32824
2019-10-14 17:00:41,125 [main] INFO  server.Server (Server.java:doStart(351)) - jetty-9.3.25.v20180904, build timestamp: 2018-09-04T21:11:46Z, git hash: 3ce520221d0240229c862b122d2b06c12a625732
2019-10-14 17:00:41,127 [main] INFO  handler.ContextHandler (ContextHandler.java:doStart(781)) - Started o.e.j.s.ServletContextHandler@ee8e7ff{/logs,file:///workdir/hadoop-ozone/integration-test/target/log,AVAILABLE}
2019-10-14 17:00:41,127 [main] INFO  handler.ContextHandler (ContextHandler.java:doStart(781)) - Started o.e.j.s.ServletContextHandler@64b70f41{/static,jar:file:/home/user/.m2/repository/org/apache/hadoop/hadoop-hdds-container-service/0.5.0-SNAPSHOT/hadoop-hdds-container-service-0.5.0-SNAPSHOT.jar!/webapps/static,AVAILABLE}
2019-10-14 17:00:41,155 [main] INFO  handler.ContextHandler (ContextHandler.java:doStart(781)) - Started o.e.j.w.WebAppContext@47829d6d{/,file:///tmp/jetty-0.0.0.0-32824-hddsDatanode-_-any-7269936698321425941.dir/webapp/,AVAILABLE}{/hddsDatanode}
2019-10-14 17:00:41,155 [main] INFO  server.AbstractConnector (AbstractConnector.java:doStart(278)) - Started ServerConnector@2f677247{HTTP/1.1,[http/1.1]}{0.0.0.0:32824}
2019-10-14 17:00:41,156 [main] INFO  server.Server (Server.java:doStart(419)) - Started @123617ms
2019-10-14 17:00:41,157 [main] WARN  impl.MetricsSystemImpl (MetricsSystemImpl.java:register(276)) - Sink prometheus already exists!
2019-10-14 17:00:41,157 [main] INFO  server.BaseHttpServer (BaseHttpServer.java:updateConnectorAddress(215)) - HTTP server of HDDSDATANODE is listening at http://0.0.0.0:32824
2019-10-14 17:00:41,157 [main] INFO  impl.MetricsSystemImpl (MetricsSystemImpl.java:init(158)) - HddsDatanode metrics system started (again)
2019-10-14 17:00:41,161 [org.apache.hadoop.util.JvmPauseMonitor$Monitor@5f647645] INFO  util.JvmPauseMonitor (JvmPauseMonitor.java:run(188)) - Starting JVM pause monitor
2019-10-14 17:00:41,161 [main] INFO  ozone.HddsDatanodeService (HddsDatanodeService.java:start(184)) - HddsDatanodeService host:pr-hdds-2196-2-9v7pc-2718207715 ip:192.168.151.105
2019-10-14 17:00:41,163 [Datanode State Machine Thread - 0] INFO  datanode.InitDatanodeState (InitDatanodeState.java:persistContainerDatanodeDetails(140)) - DatanodeDetails is persisted to /workdir/hadoop-ozone/integration-test/target/test-dir/MiniOzoneClusterImpl-7988c91c-7eca-4252-be72-1bce262518f6/datanode-3/meta/datanode.id
2019-10-14 17:00:41,172 [main] INFO  volume.HddsVolume (HddsVolume.java:<init>(176)) - Creating Volume: /workdir/hadoop-ozone/integration-test/target/test-dir/MiniOzoneClusterImpl-7988c91c-7eca-4252-be72-1bce262518f6/datanode-4/data/containers/hdds of  storage type : DISK and capacity : 1482555576320
2019-10-14 17:00:41,172 [main] INFO  volume.VolumeSet (VolumeSet.java:initializeVolumeSet(170)) - Added Volume : /workdir/hadoop-ozone/integration-test/target/test-dir/MiniOzoneClusterImpl-7988c91c-7eca-4252-be72-1bce262518f6/datanode-4/data/containers/hdds to VolumeSet
2019-10-14 17:00:41,172 [main] INFO  volume.ThrottledAsyncChecker (ThrottledAsyncChecker.java:schedule(141)) - Scheduling a check for org.apache.hadoop.ozone.container.common.volume.HddsVolume@32091c14
2019-10-14 17:00:41,173 [main] INFO  volume.HddsVolumeChecker (HddsVolumeChecker.java:checkAllVolumes(204)) - Scheduled health check for volume org.apache.hadoop.ozone.container.common.volume.HddsVolume@32091c14
2019-10-14 17:00:41,190 [main] INFO  impl.RaftServerProxy (ConfUtils.java:logGet(43)) - raft.rpc.type = GRPC (default)
2019-10-14 17:00:41,191 [main] INFO  grpc.GrpcFactory (GrpcFactory.java:checkPooledByteBufAllocatorUseCacheForAllThreads(45)) - PERFORMANCE WARNING: useCacheForAllThreads is true that may cause Netty to create a lot garbage objects and, as a result, trigger GC.
	It is recommended to disable useCacheForAllThreads by setting -Dorg.apache.ratis.thirdparty.io.netty.allocator.useCacheForAllThreads=false in command line.
2019-10-14 17:00:41,191 [main] INFO  grpc.GrpcConfigKeys$Server (ConfUtils.java:logGet(43)) - raft.grpc.server.port = 0 (default)
2019-10-14 17:00:41,191 [main] INFO  server.GrpcService (ConfUtils.java:logGet(43)) - raft.grpc.message.size.max = 33570816 (custom)
2019-10-14 17:00:41,191 [main] INFO  server.RaftServerConfigKeys (ConfUtils.java:logGet(43)) - raft.server.log.appender.buffer.byte-limit = 33554432 (custom)
2019-10-14 17:00:41,192 [main] INFO  server.GrpcService (ConfUtils.java:logGet(43)) - raft.grpc.flow.control.window = 1MB (=1048576) (default)
2019-10-14 17:00:41,192 [main] INFO  server.RaftServerConfigKeys (ConfUtils.java:logGet(43)) - raft.server.rpc.request.timeout = 3000ms (default)
2019-10-14 17:00:41,192 [main] INFO  server.RaftServerConfigKeys (ConfUtils.java:logGet(43)) - raft.server.storage.dir = [/workdir/hadoop-ozone/integration-test/target/test-dir/MiniOzoneClusterImpl-7988c91c-7eca-4252-be72-1bce262518f6/datanode-4/data/ratis] (custom)
2019-10-14 17:00:41,194 [main] INFO  hdfs.DFSUtil (DFSUtil.java:httpServerTemplateForNNAndJN(1641)) - Starting Web-server for hddsDatanode at: http://0.0.0.0:0
2019-10-14 17:00:41,195 [main] INFO  server.AuthenticationFilter (AuthenticationFilter.java:constructSecretProvider(240)) - Unable to initialize FileSignerSecretProvider, falling back to use random secrets.
2019-10-14 17:00:41,196 [main] WARN  http.HttpRequestLog (HttpRequestLog.java:getRequestLog(97)) - Jetty request log can only be enabled using Log4j
2019-10-14 17:00:41,198 [main] INFO  http.HttpServer2 (HttpServer2.java:addGlobalFilter(975)) - Added global filter 'safety' (class=org.apache.hadoop.http.HttpServer2$QuotingInputFilter)
2019-10-14 17:00:41,199 [main] INFO  http.HttpServer2 (HttpServer2.java:addFilter(948)) - Added filter static_user_filter (class=org.apache.hadoop.http.lib.StaticUserWebFilter$StaticUserFilter) to context hddsDatanode
2019-10-14 17:00:41,199 [main] INFO  http.HttpServer2 (HttpServer2.java:addFilter(958)) - Added filter static_user_filter (class=org.apache.hadoop.http.lib.StaticUserWebFilter$StaticUserFilter) to context logs
2019-10-14 17:00:41,199 [main] INFO  http.HttpServer2 (HttpServer2.java:addFilter(958)) - Added filter static_user_filter (class=org.apache.hadoop.http.lib.StaticUserWebFilter$StaticUserFilter) to context static
2019-10-14 17:00:41,200 [main] INFO  http.HttpServer2 (HttpServer2.java:bindListener(1191)) - Jetty bound to port 41226
2019-10-14 17:00:41,200 [main] INFO  server.Server (Server.java:doStart(351)) - jetty-9.3.25.v20180904, build timestamp: 2018-09-04T21:11:46Z, git hash: 3ce520221d0240229c862b122d2b06c12a625732
2019-10-14 17:00:41,202 [main] INFO  handler.ContextHandler (ContextHandler.java:doStart(781)) - Started o.e.j.s.ServletContextHandler@72443081{/logs,file:///workdir/hadoop-ozone/integration-test/target/log,AVAILABLE}
2019-10-14 17:00:41,203 [main] INFO  handler.ContextHandler (ContextHandler.java:doStart(781)) - Started o.e.j.s.ServletContextHandler@6588b715{/static,jar:file:/home/user/.m2/repository/org/apache/hadoop/hadoop-hdds-container-service/0.5.0-SNAPSHOT/hadoop-hdds-container-service-0.5.0-SNAPSHOT.jar!/webapps/static,AVAILABLE}
2019-10-14 17:00:41,242 [main] INFO  handler.ContextHandler (ContextHandler.java:doStart(781)) - Started o.e.j.w.WebAppContext@1bedc703{/,file:///tmp/jetty-0.0.0.0-41226-hddsDatanode-_-any-1832462573838019938.dir/webapp/,AVAILABLE}{/hddsDatanode}
2019-10-14 17:00:41,243 [main] INFO  server.AbstractConnector (AbstractConnector.java:doStart(278)) - Started ServerConnector@18d11527{HTTP/1.1,[http/1.1]}{0.0.0.0:41226}
2019-10-14 17:00:41,244 [main] INFO  server.Server (Server.java:doStart(419)) - Started @123705ms
2019-10-14 17:00:41,245 [main] WARN  impl.MetricsSystemImpl (MetricsSystemImpl.java:register(276)) - Sink prometheus already exists!
2019-10-14 17:00:41,245 [main] INFO  server.BaseHttpServer (BaseHttpServer.java:updateConnectorAddress(215)) - HTTP server of HDDSDATANODE is listening at http://0.0.0.0:41226
2019-10-14 17:00:41,246 [main] INFO  impl.MetricsSystemImpl (MetricsSystemImpl.java:init(158)) - HddsDatanode metrics system started (again)
2019-10-14 17:00:41,249 [org.apache.hadoop.util.JvmPauseMonitor$Monitor@213c2795] INFO  util.JvmPauseMonitor (JvmPauseMonitor.java:run(188)) - Starting JVM pause monitor
2019-10-14 17:00:41,250 [main] INFO  ozone.HddsDatanodeService (HddsDatanodeService.java:start(184)) - HddsDatanodeService host:pr-hdds-2196-2-9v7pc-2718207715 ip:192.168.151.105
2019-10-14 17:00:41,251 [Datanode State Machine Thread - 0] INFO  datanode.InitDatanodeState (InitDatanodeState.java:persistContainerDatanodeDetails(140)) - DatanodeDetails is persisted to /workdir/hadoop-ozone/integration-test/target/test-dir/MiniOzoneClusterImpl-7988c91c-7eca-4252-be72-1bce262518f6/datanode-4/meta/datanode.id
2019-10-14 17:00:41,256 [main] INFO  volume.HddsVolume (HddsVolume.java:<init>(176)) - Creating Volume: /workdir/hadoop-ozone/integration-test/target/test-dir/MiniOzoneClusterImpl-7988c91c-7eca-4252-be72-1bce262518f6/datanode-5/data/containers/hdds of  storage type : DISK and capacity : 1482555576320
2019-10-14 17:00:41,256 [main] INFO  volume.VolumeSet (VolumeSet.java:initializeVolumeSet(170)) - Added Volume : /workdir/hadoop-ozone/integration-test/target/test-dir/MiniOzoneClusterImpl-7988c91c-7eca-4252-be72-1bce262518f6/datanode-5/data/containers/hdds to VolumeSet
2019-10-14 17:00:41,257 [main] INFO  volume.ThrottledAsyncChecker (ThrottledAsyncChecker.java:schedule(141)) - Scheduling a check for org.apache.hadoop.ozone.container.common.volume.HddsVolume@7f4596d0
2019-10-14 17:00:41,257 [main] INFO  volume.HddsVolumeChecker (HddsVolumeChecker.java:checkAllVolumes(204)) - Scheduled health check for volume org.apache.hadoop.ozone.container.common.volume.HddsVolume@7f4596d0
2019-10-14 17:00:41,279 [main] INFO  impl.RaftServerProxy (ConfUtils.java:logGet(43)) - raft.rpc.type = GRPC (default)
2019-10-14 17:00:41,279 [main] INFO  grpc.GrpcFactory (GrpcFactory.java:checkPooledByteBufAllocatorUseCacheForAllThreads(45)) - PERFORMANCE WARNING: useCacheForAllThreads is true that may cause Netty to create a lot garbage objects and, as a result, trigger GC.
	It is recommended to disable useCacheForAllThreads by setting -Dorg.apache.ratis.thirdparty.io.netty.allocator.useCacheForAllThreads=false in command line.
2019-10-14 17:00:41,279 [main] INFO  grpc.GrpcConfigKeys$Server (ConfUtils.java:logGet(43)) - raft.grpc.server.port = 0 (default)
2019-10-14 17:00:41,280 [main] INFO  server.GrpcService (ConfUtils.java:logGet(43)) - raft.grpc.message.size.max = 33570816 (custom)
2019-10-14 17:00:41,280 [main] INFO  server.RaftServerConfigKeys (ConfUtils.java:logGet(43)) - raft.server.log.appender.buffer.byte-limit = 33554432 (custom)
2019-10-14 17:00:41,280 [main] INFO  server.GrpcService (ConfUtils.java:logGet(43)) - raft.grpc.flow.control.window = 1MB (=1048576) (default)
2019-10-14 17:00:41,281 [main] INFO  server.RaftServerConfigKeys (ConfUtils.java:logGet(43)) - raft.server.rpc.request.timeout = 3000ms (default)
2019-10-14 17:00:41,281 [main] INFO  server.RaftServerConfigKeys (ConfUtils.java:logGet(43)) - raft.server.storage.dir = [/workdir/hadoop-ozone/integration-test/target/test-dir/MiniOzoneClusterImpl-7988c91c-7eca-4252-be72-1bce262518f6/datanode-5/data/ratis] (custom)
2019-10-14 17:00:41,283 [main] INFO  hdfs.DFSUtil (DFSUtil.java:httpServerTemplateForNNAndJN(1641)) - Starting Web-server for hddsDatanode at: http://0.0.0.0:0
2019-10-14 17:00:41,284 [main] INFO  server.AuthenticationFilter (AuthenticationFilter.java:constructSecretProvider(240)) - Unable to initialize FileSignerSecretProvider, falling back to use random secrets.
2019-10-14 17:00:41,285 [main] WARN  http.HttpRequestLog (HttpRequestLog.java:getRequestLog(97)) - Jetty request log can only be enabled using Log4j
2019-10-14 17:00:41,287 [main] INFO  http.HttpServer2 (HttpServer2.java:addGlobalFilter(975)) - Added global filter 'safety' (class=org.apache.hadoop.http.HttpServer2$QuotingInputFilter)
2019-10-14 17:00:41,287 [main] INFO  http.HttpServer2 (HttpServer2.java:addFilter(948)) - Added filter static_user_filter (class=org.apache.hadoop.http.lib.StaticUserWebFilter$StaticUserFilter) to context hddsDatanode
2019-10-14 17:00:41,288 [main] INFO  http.HttpServer2 (HttpServer2.java:addFilter(958)) - Added filter static_user_filter (class=org.apache.hadoop.http.lib.StaticUserWebFilter$StaticUserFilter) to context static
2019-10-14 17:00:41,288 [main] INFO  http.HttpServer2 (HttpServer2.java:addFilter(958)) - Added filter static_user_filter (class=org.apache.hadoop.http.lib.StaticUserWebFilter$StaticUserFilter) to context logs
2019-10-14 17:00:41,289 [main] INFO  http.HttpServer2 (HttpServer2.java:bindListener(1191)) - Jetty bound to port 40782
2019-10-14 17:00:41,289 [main] INFO  server.Server (Server.java:doStart(351)) - jetty-9.3.25.v20180904, build timestamp: 2018-09-04T21:11:46Z, git hash: 3ce520221d0240229c862b122d2b06c12a625732
2019-10-14 17:00:41,291 [main] INFO  handler.ContextHandler (ContextHandler.java:doStart(781)) - Started o.e.j.s.ServletContextHandler@1c34365c{/logs,file:///workdir/hadoop-ozone/integration-test/target/log,AVAILABLE}
2019-10-14 17:00:41,291 [main] INFO  handler.ContextHandler (ContextHandler.java:doStart(781)) - Started o.e.j.s.ServletContextHandler@412c5e8b{/static,jar:file:/home/user/.m2/repository/org/apache/hadoop/hadoop-hdds-container-service/0.5.0-SNAPSHOT/hadoop-hdds-container-service-0.5.0-SNAPSHOT.jar!/webapps/static,AVAILABLE}
2019-10-14 17:00:41,330 [main] INFO  handler.ContextHandler (ContextHandler.java:doStart(781)) - Started o.e.j.w.WebAppContext@1e01b133{/,file:///tmp/jetty-0.0.0.0-40782-hddsDatanode-_-any-8816453094612289764.dir/webapp/,AVAILABLE}{/hddsDatanode}
2019-10-14 17:00:41,330 [main] INFO  server.AbstractConnector (AbstractConnector.java:doStart(278)) - Started ServerConnector@262a1fad{HTTP/1.1,[http/1.1]}{0.0.0.0:40782}
2019-10-14 17:00:41,335 [main] INFO  server.Server (Server.java:doStart(419)) - Started @123796ms
2019-10-14 17:00:41,335 [main] WARN  impl.MetricsSystemImpl (MetricsSystemImpl.java:register(276)) - Sink prometheus already exists!
2019-10-14 17:00:41,336 [main] INFO  server.BaseHttpServer (BaseHttpServer.java:updateConnectorAddress(215)) - HTTP server of HDDSDATANODE is listening at http://0.0.0.0:40782
2019-10-14 17:00:41,337 [main] INFO  impl.MetricsSystemImpl (MetricsSystemImpl.java:init(158)) - HddsDatanode metrics system started (again)
2019-10-14 17:00:41,343 [org.apache.hadoop.util.JvmPauseMonitor$Monitor@2e77f390] INFO  util.JvmPauseMonitor (JvmPauseMonitor.java:run(188)) - Starting JVM pause monitor
2019-10-14 17:00:41,343 [main] INFO  ozone.HddsDatanodeService (HddsDatanodeService.java:start(184)) - HddsDatanodeService host:pr-hdds-2196-2-9v7pc-2718207715 ip:192.168.151.105
2019-10-14 17:00:41,344 [Datanode State Machine Thread - 0] INFO  datanode.InitDatanodeState (InitDatanodeState.java:persistContainerDatanodeDetails(140)) - DatanodeDetails is persisted to /workdir/hadoop-ozone/integration-test/target/test-dir/MiniOzoneClusterImpl-7988c91c-7eca-4252-be72-1bce262518f6/datanode-5/meta/datanode.id
2019-10-14 17:00:41,350 [main] INFO  volume.HddsVolume (HddsVolume.java:<init>(176)) - Creating Volume: /workdir/hadoop-ozone/integration-test/target/test-dir/MiniOzoneClusterImpl-7988c91c-7eca-4252-be72-1bce262518f6/datanode-6/data/containers/hdds of  storage type : DISK and capacity : 1482555576320
2019-10-14 17:00:41,351 [main] INFO  volume.VolumeSet (VolumeSet.java:initializeVolumeSet(170)) - Added Volume : /workdir/hadoop-ozone/integration-test/target/test-dir/MiniOzoneClusterImpl-7988c91c-7eca-4252-be72-1bce262518f6/datanode-6/data/containers/hdds to VolumeSet
2019-10-14 17:00:41,351 [main] INFO  volume.ThrottledAsyncChecker (ThrottledAsyncChecker.java:schedule(141)) - Scheduling a check for org.apache.hadoop.ozone.container.common.volume.HddsVolume@2db6d68d
2019-10-14 17:00:41,351 [main] INFO  volume.HddsVolumeChecker (HddsVolumeChecker.java:checkAllVolumes(204)) - Scheduled health check for volume org.apache.hadoop.ozone.container.common.volume.HddsVolume@2db6d68d
2019-10-14 17:00:41,368 [main] INFO  impl.RaftServerProxy (ConfUtils.java:logGet(43)) - raft.rpc.type = GRPC (default)
2019-10-14 17:00:41,368 [main] INFO  grpc.GrpcFactory (GrpcFactory.java:checkPooledByteBufAllocatorUseCacheForAllThreads(45)) - PERFORMANCE WARNING: useCacheForAllThreads is true that may cause Netty to create a lot garbage objects and, as a result, trigger GC.
	It is recommended to disable useCacheForAllThreads by setting -Dorg.apache.ratis.thirdparty.io.netty.allocator.useCacheForAllThreads=false in command line.
2019-10-14 17:00:41,368 [main] INFO  grpc.GrpcConfigKeys$Server (ConfUtils.java:logGet(43)) - raft.grpc.server.port = 0 (default)
2019-10-14 17:00:41,369 [main] INFO  server.GrpcService (ConfUtils.java:logGet(43)) - raft.grpc.message.size.max = 33570816 (custom)
2019-10-14 17:00:41,369 [main] INFO  server.RaftServerConfigKeys (ConfUtils.java:logGet(43)) - raft.server.log.appender.buffer.byte-limit = 33554432 (custom)
2019-10-14 17:00:41,369 [main] INFO  server.GrpcService (ConfUtils.java:logGet(43)) - raft.grpc.flow.control.window = 1MB (=1048576) (default)
2019-10-14 17:00:41,369 [main] INFO  server.RaftServerConfigKeys (ConfUtils.java:logGet(43)) - raft.server.rpc.request.timeout = 3000ms (default)
2019-10-14 17:00:41,370 [main] INFO  server.RaftServerConfigKeys (ConfUtils.java:logGet(43)) - raft.server.storage.dir = [/workdir/hadoop-ozone/integration-test/target/test-dir/MiniOzoneClusterImpl-7988c91c-7eca-4252-be72-1bce262518f6/datanode-6/data/ratis] (custom)
2019-10-14 17:00:41,371 [main] INFO  hdfs.DFSUtil (DFSUtil.java:httpServerTemplateForNNAndJN(1641)) - Starting Web-server for hddsDatanode at: http://0.0.0.0:0
2019-10-14 17:00:41,373 [main] INFO  server.AuthenticationFilter (AuthenticationFilter.java:constructSecretProvider(240)) - Unable to initialize FileSignerSecretProvider, falling back to use random secrets.
2019-10-14 17:00:41,373 [main] WARN  http.HttpRequestLog (HttpRequestLog.java:getRequestLog(97)) - Jetty request log can only be enabled using Log4j
2019-10-14 17:00:41,375 [main] INFO  http.HttpServer2 (HttpServer2.java:addGlobalFilter(975)) - Added global filter 'safety' (class=org.apache.hadoop.http.HttpServer2$QuotingInputFilter)
2019-10-14 17:00:41,376 [main] INFO  http.HttpServer2 (HttpServer2.java:addFilter(948)) - Added filter static_user_filter (class=org.apache.hadoop.http.lib.StaticUserWebFilter$StaticUserFilter) to context hddsDatanode
2019-10-14 17:00:41,376 [main] INFO  http.HttpServer2 (HttpServer2.java:addFilter(958)) - Added filter static_user_filter (class=org.apache.hadoop.http.lib.StaticUserWebFilter$StaticUserFilter) to context logs
2019-10-14 17:00:41,376 [main] INFO  http.HttpServer2 (HttpServer2.java:addFilter(958)) - Added filter static_user_filter (class=org.apache.hadoop.http.lib.StaticUserWebFilter$StaticUserFilter) to context static
2019-10-14 17:00:41,377 [main] INFO  http.HttpServer2 (HttpServer2.java:bindListener(1191)) - Jetty bound to port 36782
2019-10-14 17:00:41,377 [main] INFO  server.Server (Server.java:doStart(351)) - jetty-9.3.25.v20180904, build timestamp: 2018-09-04T21:11:46Z, git hash: 3ce520221d0240229c862b122d2b06c12a625732
2019-10-14 17:00:41,379 [main] INFO  handler.ContextHandler (ContextHandler.java:doStart(781)) - Started o.e.j.s.ServletContextHandler@193bb809{/logs,file:///workdir/hadoop-ozone/integration-test/target/log,AVAILABLE}
2019-10-14 17:00:41,379 [main] INFO  handler.ContextHandler (ContextHandler.java:doStart(781)) - Started o.e.j.s.ServletContextHandler@20801cbb{/static,jar:file:/home/user/.m2/repository/org/apache/hadoop/hadoop-hdds-container-service/0.5.0-SNAPSHOT/hadoop-hdds-container-service-0.5.0-SNAPSHOT.jar!/webapps/static,AVAILABLE}
2019-10-14 17:00:41,425 [main] INFO  handler.ContextHandler (ContextHandler.java:doStart(781)) - Started o.e.j.w.WebAppContext@523a7801{/,file:///tmp/jetty-0.0.0.0-36782-hddsDatanode-_-any-5135931134931854719.dir/webapp/,AVAILABLE}{/hddsDatanode}
2019-10-14 17:00:41,426 [main] INFO  server.AbstractConnector (AbstractConnector.java:doStart(278)) - Started ServerConnector@718fd7c1{HTTP/1.1,[http/1.1]}{0.0.0.0:36782}
2019-10-14 17:00:41,427 [main] INFO  server.Server (Server.java:doStart(419)) - Started @123888ms
2019-10-14 17:00:41,428 [main] WARN  impl.MetricsSystemImpl (MetricsSystemImpl.java:register(276)) - Sink prometheus already exists!
2019-10-14 17:00:41,429 [main] INFO  server.BaseHttpServer (BaseHttpServer.java:updateConnectorAddress(215)) - HTTP server of HDDSDATANODE is listening at http://0.0.0.0:36782
2019-10-14 17:00:41,429 [main] INFO  ozone.MiniOzoneClusterImpl (MiniOzoneClusterImpl.java:lambda$waitForClusterToBeReady$0(147)) - Waiting for cluster to be ready. Got 0 of 7 DN Heartbeats.
2019-10-14 17:00:41,430 [org.apache.hadoop.util.JvmPauseMonitor$Monitor@59c42df2] INFO  util.JvmPauseMonitor (JvmPauseMonitor.java:run(188)) - Starting JVM pause monitor
2019-10-14 17:00:41,432 [Datanode State Machine Thread - 0] INFO  datanode.InitDatanodeState (InitDatanodeState.java:persistContainerDatanodeDetails(140)) - DatanodeDetails is persisted to /workdir/hadoop-ozone/integration-test/target/test-dir/MiniOzoneClusterImpl-7988c91c-7eca-4252-be72-1bce262518f6/datanode-6/meta/datanode.id
2019-10-14 17:00:42,430 [main] INFO  ozone.MiniOzoneClusterImpl (MiniOzoneClusterImpl.java:lambda$waitForClusterToBeReady$0(147)) - Waiting for cluster to be ready. Got 0 of 7 DN Heartbeats.
2019-10-14 17:00:42,996 [Datanode State Machine Thread - 0] INFO  ozoneimpl.OzoneContainer (OzoneContainer.java:start(213)) - Attempting to start container services.
2019-10-14 17:00:42,996 [Datanode State Machine Thread - 0] INFO  ozoneimpl.OzoneContainer (OzoneContainer.java:startContainerScrub(177)) - Background container scanner has been disabled.
2019-10-14 17:00:42,996 [Datanode State Machine Thread - 0] INFO  ratis.XceiverServerRatis (XceiverServerRatis.java:start(418)) - Starting XceiverServerRatis b1f94540-e6e2-4b9c-8187-24ae5f8a5790 at port 0
2019-10-14 17:00:43,002 [Datanode State Machine Thread - 0] INFO  impl.RaftServerProxy (RaftServerProxy.java:lambda$start$3(299)) - b1f94540-e6e2-4b9c-8187-24ae5f8a5790: start RPC server
2019-10-14 17:00:43,003 [Datanode State Machine Thread - 0] INFO  server.GrpcService (GrpcService.java:startImpl(158)) - b1f94540-e6e2-4b9c-8187-24ae5f8a5790: GrpcService started, listening on 0.0.0.0/0.0.0.0:46290
2019-10-14 17:00:43,003 [Datanode State Machine Thread - 0] INFO  ratis.XceiverServerRatis (XceiverServerRatis.java:start(428)) - XceiverServerRatis b1f94540-e6e2-4b9c-8187-24ae5f8a5790 is started using port 46290
2019-10-14 17:00:43,005 [Datanode State Machine Thread - 0] INFO  server.XceiverServerGrpc (XceiverServerGrpc.java:start(149)) - XceiverServerGrpc b1f94540-e6e2-4b9c-8187-24ae5f8a5790 is started using port 42214
2019-10-14 17:00:43,052 [Datanode State Machine Thread - 0] INFO  ozoneimpl.OzoneContainer (OzoneContainer.java:start(213)) - Attempting to start container services.
2019-10-14 17:00:43,052 [Datanode State Machine Thread - 0] INFO  ozoneimpl.OzoneContainer (OzoneContainer.java:startContainerScrub(177)) - Background container scanner has been disabled.
2019-10-14 17:00:43,053 [Datanode State Machine Thread - 0] INFO  ratis.XceiverServerRatis (XceiverServerRatis.java:start(418)) - Starting XceiverServerRatis d2f466cc-8a7c-4992-bcda-2dc638fd3333 at port 0
2019-10-14 17:00:43,060 [Datanode State Machine Thread - 0] INFO  impl.RaftServerProxy (RaftServerProxy.java:lambda$start$3(299)) - d2f466cc-8a7c-4992-bcda-2dc638fd3333: start RPC server
2019-10-14 17:00:43,060 [Datanode State Machine Thread - 0] INFO  server.GrpcService (GrpcService.java:startImpl(158)) - d2f466cc-8a7c-4992-bcda-2dc638fd3333: GrpcService started, listening on 0.0.0.0/0.0.0.0:33053
2019-10-14 17:00:43,061 [Datanode State Machine Thread - 0] INFO  ratis.XceiverServerRatis (XceiverServerRatis.java:start(428)) - XceiverServerRatis d2f466cc-8a7c-4992-bcda-2dc638fd3333 is started using port 33053
2019-10-14 17:00:43,061 [Datanode State Machine Thread - 0] INFO  server.XceiverServerGrpc (XceiverServerGrpc.java:start(149)) - XceiverServerGrpc d2f466cc-8a7c-4992-bcda-2dc638fd3333 is started using port 45377
2019-10-14 17:00:43,114 [Datanode State Machine Thread - 0] INFO  ozoneimpl.OzoneContainer (OzoneContainer.java:start(213)) - Attempting to start container services.
2019-10-14 17:00:43,117 [Datanode State Machine Thread - 0] INFO  ozoneimpl.OzoneContainer (OzoneContainer.java:startContainerScrub(177)) - Background container scanner has been disabled.
2019-10-14 17:00:43,117 [Datanode State Machine Thread - 0] INFO  ratis.XceiverServerRatis (XceiverServerRatis.java:start(418)) - Starting XceiverServerRatis 19b53c23-9565-44b6-aff2-7bf9b2e42cb6 at port 0
2019-10-14 17:00:43,124 [Datanode State Machine Thread - 0] INFO  impl.RaftServerProxy (RaftServerProxy.java:lambda$start$3(299)) - 19b53c23-9565-44b6-aff2-7bf9b2e42cb6: start RPC server
2019-10-14 17:00:43,127 [Datanode State Machine Thread - 0] INFO  server.GrpcService (GrpcService.java:startImpl(158)) - 19b53c23-9565-44b6-aff2-7bf9b2e42cb6: GrpcService started, listening on 0.0.0.0/0.0.0.0:34245
2019-10-14 17:00:43,127 [Datanode State Machine Thread - 0] INFO  ratis.XceiverServerRatis (XceiverServerRatis.java:start(428)) - XceiverServerRatis 19b53c23-9565-44b6-aff2-7bf9b2e42cb6 is started using port 34245
2019-10-14 17:00:43,127 [Datanode State Machine Thread - 0] INFO  server.XceiverServerGrpc (XceiverServerGrpc.java:start(149)) - XceiverServerGrpc 19b53c23-9565-44b6-aff2-7bf9b2e42cb6 is started using port 33563
2019-10-14 17:00:43,175 [Datanode State Machine Thread - 0] INFO  ozoneimpl.OzoneContainer (OzoneContainer.java:start(213)) - Attempting to start container services.
2019-10-14 17:00:43,175 [Datanode State Machine Thread - 0] INFO  ozoneimpl.OzoneContainer (OzoneContainer.java:startContainerScrub(177)) - Background container scanner has been disabled.
2019-10-14 17:00:43,175 [Datanode State Machine Thread - 0] INFO  ratis.XceiverServerRatis (XceiverServerRatis.java:start(418)) - Starting XceiverServerRatis d13dccf9-d9ae-4e52-b31c-0cdd593c4443 at port 0
2019-10-14 17:00:43,183 [Datanode State Machine Thread - 0] INFO  impl.RaftServerProxy (RaftServerProxy.java:lambda$start$3(299)) - d13dccf9-d9ae-4e52-b31c-0cdd593c4443: start RPC server
2019-10-14 17:00:43,183 [Datanode State Machine Thread - 0] INFO  server.GrpcService (GrpcService.java:startImpl(158)) - d13dccf9-d9ae-4e52-b31c-0cdd593c4443: GrpcService started, listening on 0.0.0.0/0.0.0.0:43085
2019-10-14 17:00:43,184 [Datanode State Machine Thread - 0] INFO  ratis.XceiverServerRatis (XceiverServerRatis.java:start(428)) - XceiverServerRatis d13dccf9-d9ae-4e52-b31c-0cdd593c4443 is started using port 43085
2019-10-14 17:00:43,184 [Datanode State Machine Thread - 0] INFO  server.XceiverServerGrpc (XceiverServerGrpc.java:start(149)) - XceiverServerGrpc d13dccf9-d9ae-4e52-b31c-0cdd593c4443 is started using port 36098
2019-10-14 17:00:43,264 [Datanode State Machine Thread - 0] INFO  ozoneimpl.OzoneContainer (OzoneContainer.java:start(213)) - Attempting to start container services.
2019-10-14 17:00:43,264 [Datanode State Machine Thread - 0] INFO  ozoneimpl.OzoneContainer (OzoneContainer.java:startContainerScrub(177)) - Background container scanner has been disabled.
2019-10-14 17:00:43,264 [Datanode State Machine Thread - 0] INFO  ratis.XceiverServerRatis (XceiverServerRatis.java:start(418)) - Starting XceiverServerRatis 249d5b2c-e86d-487a-821e-08fb4f48e5a3 at port 0
2019-10-14 17:00:43,271 [Datanode State Machine Thread - 0] INFO  impl.RaftServerProxy (RaftServerProxy.java:lambda$start$3(299)) - 249d5b2c-e86d-487a-821e-08fb4f48e5a3: start RPC server
2019-10-14 17:00:43,274 [Datanode State Machine Thread - 0] INFO  server.GrpcService (GrpcService.java:startImpl(158)) - 249d5b2c-e86d-487a-821e-08fb4f48e5a3: GrpcService started, listening on 0.0.0.0/0.0.0.0:40521
2019-10-14 17:00:43,274 [Datanode State Machine Thread - 0] INFO  ratis.XceiverServerRatis (XceiverServerRatis.java:start(428)) - XceiverServerRatis 249d5b2c-e86d-487a-821e-08fb4f48e5a3 is started using port 40521
2019-10-14 17:00:43,275 [Datanode State Machine Thread - 0] INFO  server.XceiverServerGrpc (XceiverServerGrpc.java:start(149)) - XceiverServerGrpc 249d5b2c-e86d-487a-821e-08fb4f48e5a3 is started using port 35849
2019-10-14 17:00:43,357 [Datanode State Machine Thread - 0] INFO  ozoneimpl.OzoneContainer (OzoneContainer.java:start(213)) - Attempting to start container services.
2019-10-14 17:00:43,358 [Datanode State Machine Thread - 0] INFO  ozoneimpl.OzoneContainer (OzoneContainer.java:startContainerScrub(177)) - Background container scanner has been disabled.
2019-10-14 17:00:43,358 [Datanode State Machine Thread - 0] INFO  ratis.XceiverServerRatis (XceiverServerRatis.java:start(418)) - Starting XceiverServerRatis e28d8e98-0fc3-4cee-a2d9-999966ee5dd9 at port 0
2019-10-14 17:00:43,365 [Datanode State Machine Thread - 0] INFO  impl.RaftServerProxy (RaftServerProxy.java:lambda$start$3(299)) - e28d8e98-0fc3-4cee-a2d9-999966ee5dd9: start RPC server
2019-10-14 17:00:43,366 [Datanode State Machine Thread - 0] INFO  server.GrpcService (GrpcService.java:startImpl(158)) - e28d8e98-0fc3-4cee-a2d9-999966ee5dd9: GrpcService started, listening on 0.0.0.0/0.0.0.0:43111
2019-10-14 17:00:43,366 [Datanode State Machine Thread - 0] INFO  ratis.XceiverServerRatis (XceiverServerRatis.java:start(428)) - XceiverServerRatis e28d8e98-0fc3-4cee-a2d9-999966ee5dd9 is started using port 43111
2019-10-14 17:00:43,366 [Datanode State Machine Thread - 0] INFO  server.XceiverServerGrpc (XceiverServerGrpc.java:start(149)) - XceiverServerGrpc e28d8e98-0fc3-4cee-a2d9-999966ee5dd9 is started using port 46610
2019-10-14 17:00:43,431 [main] INFO  ozone.MiniOzoneClusterImpl (MiniOzoneClusterImpl.java:lambda$waitForClusterToBeReady$0(147)) - Waiting for cluster to be ready. Got 0 of 7 DN Heartbeats.
2019-10-14 17:00:43,447 [Datanode State Machine Thread - 0] INFO  ozoneimpl.OzoneContainer (OzoneContainer.java:start(213)) - Attempting to start container services.
2019-10-14 17:00:43,447 [Datanode State Machine Thread - 0] INFO  ozoneimpl.OzoneContainer (OzoneContainer.java:startContainerScrub(177)) - Background container scanner has been disabled.
2019-10-14 17:00:43,448 [Datanode State Machine Thread - 0] INFO  ratis.XceiverServerRatis (XceiverServerRatis.java:start(418)) - Starting XceiverServerRatis 609d6bd0-2be1-4119-bf26-bede56100f11 at port 0
2019-10-14 17:00:43,464 [Datanode State Machine Thread - 0] INFO  impl.RaftServerProxy (RaftServerProxy.java:lambda$start$3(299)) - 609d6bd0-2be1-4119-bf26-bede56100f11: start RPC server
2019-10-14 17:00:43,480 [Datanode State Machine Thread - 0] INFO  server.GrpcService (GrpcService.java:startImpl(158)) - 609d6bd0-2be1-4119-bf26-bede56100f11: GrpcService started, listening on 0.0.0.0/0.0.0.0:43510
2019-10-14 17:00:43,480 [Datanode State Machine Thread - 0] INFO  ratis.XceiverServerRatis (XceiverServerRatis.java:start(428)) - XceiverServerRatis 609d6bd0-2be1-4119-bf26-bede56100f11 is started using port 43510
2019-10-14 17:00:43,481 [Datanode State Machine Thread - 0] INFO  server.XceiverServerGrpc (XceiverServerGrpc.java:start(149)) - XceiverServerGrpc 609d6bd0-2be1-4119-bf26-bede56100f11 is started using port 46747
2019-10-14 17:00:44,432 [main] INFO  ozone.MiniOzoneClusterImpl (MiniOzoneClusterImpl.java:lambda$waitForClusterToBeReady$0(147)) - Waiting for cluster to be ready. Got 0 of 7 DN Heartbeats.
2019-10-14 17:00:44,975 [IPC Server handler 4 on 35893] INFO  net.NetworkTopology (NetworkTopologyImpl.java:add(111)) - Added a new node: /default-rack/b1f94540-e6e2-4b9c-8187-24ae5f8a5790
2019-10-14 17:00:44,977 [IPC Server handler 4 on 35893] INFO  node.SCMNodeManager (SCMNodeManager.java:register(313)) - Registered Data node : b1f94540-e6e2-4b9c-8187-24ae5f8a5790{ip: 192.168.151.105, host: pr-hdds-2196-2-9v7pc-2718207715, networkLocation: /default-rack, certSerialId: null}
2019-10-14 17:00:44,978 [EventQueue-NodeRegistrationContainerReportForDataNodeSafeModeRule] INFO  safemode.SCMSafeModeManager (DataNodeSafeModeRule.java:process(71)) - SCM in safe mode. 1 DataNodes registered, 1 required.
2019-10-14 17:00:44,979 [EventQueue-NodeRegistrationContainerReportForDataNodeSafeModeRule] INFO  safemode.SCMSafeModeManager (SCMSafeModeManager.java:validateSafeModeExitRules(177)) - ScmSafeModeManager, all rules are successfully validated
2019-10-14 17:00:44,980 [EventQueue-NodeRegistrationContainerReportForDataNodeSafeModeRule] INFO  safemode.SCMSafeModeManager (SCMSafeModeManager.java:exitSafeMode(193)) - SCM exiting safe mode.
2019-10-14 17:00:44,989 [grpc-default-executor-0] INFO  impl.RaftServerProxy (RaftServerProxy.java:addNew(89)) - b1f94540-e6e2-4b9c-8187-24ae5f8a5790: addNew group-3FB64B17AA70:[b1f94540-e6e2-4b9c-8187-24ae5f8a5790:192.168.151.105:46290] returns group-3FB64B17AA70:java.util.concurrent.CompletableFuture@3e2dc807[Not completed]
2019-10-14 17:00:44,992 [pool-207-thread-1] INFO  impl.RaftServerImpl (RaftServerImpl.java:<init>(95)) - b1f94540-e6e2-4b9c-8187-24ae5f8a5790: new RaftServerImpl for group-3FB64B17AA70:[b1f94540-e6e2-4b9c-8187-24ae5f8a5790:192.168.151.105:46290] with ContainerStateMachine:uninitialized
2019-10-14 17:00:44,992 [pool-207-thread-1] INFO  server.RaftServerConfigKeys (ConfUtils.java:logGet(43)) - raft.server.rpc.timeout.min = 5s (custom)
2019-10-14 17:00:44,993 [pool-207-thread-1] INFO  server.RaftServerConfigKeys (ConfUtils.java:logGet(43)) - raft.server.rpc.timeout.max = 5200ms (custom)
2019-10-14 17:00:44,993 [pool-207-thread-1] INFO  server.RaftServerConfigKeys (ConfUtils.java:logGet(43)) - raft.server.rpcslowness.timeout = 120s (custom)
2019-10-14 17:00:44,993 [pool-207-thread-1] INFO  server.RaftServerConfigKeys (ConfUtils.java:logGet(43)) - raft.server.sleep.deviation.threshold = 300 (default)
2019-10-14 17:00:44,993 [pool-207-thread-1] INFO  server.RaftServerConfigKeys (ConfUtils.java:logGet(43)) - raft.server.log.appender.install.snapshot.enabled = false (custom)
2019-10-14 17:00:44,993 [pool-207-thread-1] INFO  impl.RaftServerImpl (ServerState.java:<init>(103)) - b1f94540-e6e2-4b9c-8187-24ae5f8a5790@group-3FB64B17AA70: ConfigurationManager, init=-1: [b1f94540-e6e2-4b9c-8187-24ae5f8a5790:192.168.151.105:46290], old=null, confs=<EMPTY_MAP>
2019-10-14 17:00:44,994 [pool-207-thread-1] INFO  server.RaftServerConfigKeys (ConfUtils.java:logGet(43)) - raft.server.storage.dir = [/workdir/hadoop-ozone/integration-test/target/test-dir/MiniOzoneClusterImpl-7988c91c-7eca-4252-be72-1bce262518f6/datanode-0/data/ratis] (custom)
2019-10-14 17:00:44,994 [pool-207-thread-1] INFO  server.RaftServerConfigKeys (ConfUtils.java:logGet(43)) - raft.server.log.corruption.policy = EXCEPTION (default)
2019-10-14 17:00:44,994 [pool-207-thread-1] INFO  storage.RaftStorageDirectory (RaftStorageDirectory.java:analyzeStorage(246)) - The storage directory /workdir/hadoop-ozone/integration-test/target/test-dir/MiniOzoneClusterImpl-7988c91c-7eca-4252-be72-1bce262518f6/datanode-0/data/ratis/2d7fbb73-6671-462c-bab4-3fb64b17aa70 does not exist. Creating ...
2019-10-14 17:00:45,008 [pool-207-thread-1] INFO  storage.RaftStorageDirectory (RaftStorageDirectory.java:tryLock(328)) - Lock on /workdir/hadoop-ozone/integration-test/target/test-dir/MiniOzoneClusterImpl-7988c91c-7eca-4252-be72-1bce262518f6/datanode-0/data/ratis/2d7fbb73-6671-462c-bab4-3fb64b17aa70/in_use.lock acquired by nodename 26835@pr-hdds-2196-2-9v7pc-2718207715
2019-10-14 17:00:45,021 [pool-207-thread-1] INFO  storage.RaftStorage (RaftStorage.java:format(84)) - Storage directory /workdir/hadoop-ozone/integration-test/target/test-dir/MiniOzoneClusterImpl-7988c91c-7eca-4252-be72-1bce262518f6/datanode-0/data/ratis/2d7fbb73-6671-462c-bab4-3fb64b17aa70 has been successfully formatted.
2019-10-14 17:00:45,021 [pool-207-thread-1] INFO  ratis.ContainerStateMachine (ContainerStateMachine.java:loadSnapshot(231)) - group-3FB64B17AA70: The snapshot info is null. Setting the last applied indexto:(t:0, i:~)
2019-10-14 17:00:45,021 [pool-207-thread-1] INFO  server.RaftServerConfigKeys (ConfUtils.java:logGet(43)) - raft.server.notification.no-leader.timeout = 120s (custom)
2019-10-14 17:00:45,022 [pool-207-thread-1] INFO  server.RaftServerConfigKeys (ConfUtils.java:logGet(43)) - raft.server.log.use.memory = false (default)
2019-10-14 17:00:45,022 [pool-207-thread-1] INFO  server.RaftServerConfigKeys (ConfUtils.java:logGet(43)) - raft.server.log.purge.gap = 1000000 (custom)
2019-10-14 17:00:45,022 [pool-207-thread-1] INFO  server.RaftServerConfigKeys (ConfUtils.java:logGet(43)) - raft.server.log.appender.buffer.byte-limit = 33554432 (custom)
2019-10-14 17:00:45,022 [pool-207-thread-1] INFO  server.RaftServerConfigKeys (ConfUtils.java:logGet(43)) - raft.server.log.segment.size.max = 1048576 (custom)
2019-10-14 17:00:45,025 [pool-207-thread-1] INFO  server.RaftServerConfigKeys (ConfUtils.java:logGet(43)) - raft.server.log.segment.cache.num.max = 2 (custom)
2019-10-14 17:00:45,025 [pool-207-thread-1] INFO  segmented.SegmentedRaftLogWorker (SegmentedRaftLogWorker.java:<init>(173)) - new b1f94540-e6e2-4b9c-8187-24ae5f8a5790@group-3FB64B17AA70-SegmentedRaftLogWorker for RaftStorage:Storage Directory /workdir/hadoop-ozone/integration-test/target/test-dir/MiniOzoneClusterImpl-7988c91c-7eca-4252-be72-1bce262518f6/datanode-0/data/ratis/2d7fbb73-6671-462c-bab4-3fb64b17aa70
2019-10-14 17:00:45,025 [pool-207-thread-1] INFO  server.RaftServerConfigKeys (ConfUtils.java:logGet(43)) - raft.server.log.queue.byte-limit = 2147483647 (custom)
2019-10-14 17:00:45,025 [pool-207-thread-1] INFO  server.RaftServerConfigKeys (ConfUtils.java:logGet(43)) - raft.server.log.queue.element-limit = 1024 (custom)
2019-10-14 17:00:45,025 [pool-207-thread-1] INFO  server.RaftServerConfigKeys (ConfUtils.java:logGet(43)) - raft.server.log.segment.size.max = 1048576 (custom)
2019-10-14 17:00:45,025 [pool-207-thread-1] INFO  server.RaftServerConfigKeys (ConfUtils.java:logGet(43)) - raft.server.log.preallocated.size = 16384 (custom)
2019-10-14 17:00:45,025 [pool-207-thread-1] INFO  server.RaftServerConfigKeys (ConfUtils.java:logGet(43)) - raft.server.log.write.buffer.size = 33554432 (custom)
2019-10-14 17:00:45,026 [pool-207-thread-1] INFO  server.RaftServerConfigKeys (ConfUtils.java:logGet(43)) - raft.server.log.force.sync.num = 128 (default)
2019-10-14 17:00:45,026 [pool-207-thread-1] INFO  server.RaftServerConfigKeys (ConfUtils.java:logGet(43)) - raft.server.log.statemachine.data.sync = true (default)
2019-10-14 17:00:45,026 [pool-207-thread-1] INFO  server.RaftServerConfigKeys (ConfUtils.java:logGet(43)) - raft.server.log.statemachine.data.sync.timeout = 10s (default)
2019-10-14 17:00:45,026 [pool-207-thread-1] INFO  server.RaftServerConfigKeys (ConfUtils.java:logGet(43)) - raft.server.log.statemachine.data.sync.timeout.retry = -1 (default)
2019-10-14 17:00:45,027 [pool-207-thread-1] INFO  server.RaftServerConfigKeys (ConfUtils.java:logGet(43)) - raft.server.log.statemachine.data.caching.enabled = true (custom)
2019-10-14 17:00:45,027 [pool-207-thread-1] INFO  segmented.SegmentedRaftLogWorker (SegmentedRaftLogWorker.java:lambda$new$0(128)) - b1f94540-e6e2-4b9c-8187-24ae5f8a5790@group-3FB64B17AA70-SegmentedRaftLogWorker: flushIndex: setUnconditionally 0 -> -1
2019-10-14 17:00:45,028 [pool-207-thread-1] INFO  server.RaftServerConfigKeys (ConfUtils.java:logGet(43)) - raft.server.snapshot.auto.trigger.enabled = true (custom)
2019-10-14 17:00:45,028 [pool-207-thread-1] INFO  server.RaftServerConfigKeys (ConfUtils.java:logGet(43)) - raft.server.snapshot.auto.trigger.threshold = 10000 (custom)
2019-10-14 17:00:45,028 [pool-207-thread-1] INFO  server.RaftServerConfigKeys (ConfUtils.java:logGet(43)) - raft.server.snapshot.retention.file.num = 5 (custom)
2019-10-14 17:00:45,028 [pool-207-thread-1] INFO  server.RaftServerConfigKeys (ConfUtils.java:logGet(43)) - raft.server.retrycache.expirytime = 600000ms (custom)
2019-10-14 17:00:45,030 [pool-207-thread-1] INFO  impl.RaftServerImpl (RaftServerImpl.java:start(181)) - b1f94540-e6e2-4b9c-8187-24ae5f8a5790@group-3FB64B17AA70: start as a follower, conf=-1: [b1f94540-e6e2-4b9c-8187-24ae5f8a5790:192.168.151.105:46290], old=null
2019-10-14 17:00:45,030 [pool-207-thread-1] INFO  impl.RaftServerImpl (RaftServerImpl.java:setRole(170)) - b1f94540-e6e2-4b9c-8187-24ae5f8a5790@group-3FB64B17AA70: changes role from      null to FOLLOWER at term 0 for startAsFollower
2019-10-14 17:00:45,031 [pool-207-thread-1] INFO  impl.RoleInfo (RoleInfo.java:updateAndGet(143)) - b1f94540-e6e2-4b9c-8187-24ae5f8a5790: start FollowerState
2019-10-14 17:00:45,031 [pool-207-thread-1] INFO  util.JmxRegister (JmxRegister.java:tryRegister(44)) - Successfully registered JMX Bean with object name Ratis:service=RaftServer,group=group-3FB64B17AA70,id=b1f94540-e6e2-4b9c-8187-24ae5f8a5790
2019-10-14 17:00:45,037 [IPC Server handler 5 on 35893] INFO  net.NetworkTopology (NetworkTopologyImpl.java:add(111)) - Added a new node: /default-rack/d2f466cc-8a7c-4992-bcda-2dc638fd3333
2019-10-14 17:00:45,037 [IPC Server handler 5 on 35893] INFO  node.SCMNodeManager (SCMNodeManager.java:register(313)) - Registered Data node : d2f466cc-8a7c-4992-bcda-2dc638fd3333{ip: 192.168.151.105, host: pr-hdds-2196-2-9v7pc-2718207715, networkLocation: /default-rack, certSerialId: null}
2019-10-14 17:00:45,045 [RatisPipelineUtilsThread] INFO  pipeline.PipelineStateManager (PipelineStateManager.java:addPipeline(56)) - Created pipeline Pipeline[ Id: 2d7fbb73-6671-462c-bab4-3fb64b17aa70, Nodes: b1f94540-e6e2-4b9c-8187-24ae5f8a5790{ip: 192.168.151.105, host: pr-hdds-2196-2-9v7pc-2718207715, networkLocation: /default-rack, certSerialId: null}, Type:RATIS, Factor:ONE, State:OPEN]
2019-10-14 17:00:45,069 [grpc-default-executor-0] INFO  impl.RaftServerProxy (RaftServerProxy.java:addNew(89)) - d2f466cc-8a7c-4992-bcda-2dc638fd3333: addNew group-1BA8BAEE8C3C:[d2f466cc-8a7c-4992-bcda-2dc638fd3333:192.168.151.105:33053] returns group-1BA8BAEE8C3C:java.util.concurrent.CompletableFuture@771ca23e[Not completed]
2019-10-14 17:00:45,071 [pool-217-thread-1] INFO  impl.RaftServerImpl (RaftServerImpl.java:<init>(95)) - d2f466cc-8a7c-4992-bcda-2dc638fd3333: new RaftServerImpl for group-1BA8BAEE8C3C:[d2f466cc-8a7c-4992-bcda-2dc638fd3333:192.168.151.105:33053] with ContainerStateMachine:uninitialized
2019-10-14 17:00:45,071 [pool-217-thread-1] INFO  server.RaftServerConfigKeys (ConfUtils.java:logGet(43)) - raft.server.rpc.timeout.min = 5s (custom)
2019-10-14 17:00:45,071 [pool-217-thread-1] INFO  server.RaftServerConfigKeys (ConfUtils.java:logGet(43)) - raft.server.rpc.timeout.max = 5200ms (custom)
2019-10-14 17:00:45,071 [pool-217-thread-1] INFO  server.RaftServerConfigKeys (ConfUtils.java:logGet(43)) - raft.server.rpcslowness.timeout = 120s (custom)
2019-10-14 17:00:45,071 [pool-217-thread-1] INFO  server.RaftServerConfigKeys (ConfUtils.java:logGet(43)) - raft.server.sleep.deviation.threshold = 300 (default)
2019-10-14 17:00:45,071 [pool-217-thread-1] INFO  server.RaftServerConfigKeys (ConfUtils.java:logGet(43)) - raft.server.log.appender.install.snapshot.enabled = false (custom)
2019-10-14 17:00:45,071 [pool-217-thread-1] INFO  impl.RaftServerImpl (ServerState.java:<init>(103)) - d2f466cc-8a7c-4992-bcda-2dc638fd3333@group-1BA8BAEE8C3C: ConfigurationManager, init=-1: [d2f466cc-8a7c-4992-bcda-2dc638fd3333:192.168.151.105:33053], old=null, confs=<EMPTY_MAP>
2019-10-14 17:00:45,072 [pool-217-thread-1] INFO  server.RaftServerConfigKeys (ConfUtils.java:logGet(43)) - raft.server.storage.dir = [/workdir/hadoop-ozone/integration-test/target/test-dir/MiniOzoneClusterImpl-7988c91c-7eca-4252-be72-1bce262518f6/datanode-1/data/ratis] (custom)
2019-10-14 17:00:45,072 [pool-217-thread-1] INFO  server.RaftServerConfigKeys (ConfUtils.java:logGet(43)) - raft.server.log.corruption.policy = EXCEPTION (default)
2019-10-14 17:00:45,072 [pool-217-thread-1] INFO  storage.RaftStorageDirectory (RaftStorageDirectory.java:analyzeStorage(246)) - The storage directory /workdir/hadoop-ozone/integration-test/target/test-dir/MiniOzoneClusterImpl-7988c91c-7eca-4252-be72-1bce262518f6/datanode-1/data/ratis/0a11e85f-bb04-4028-9e1b-1ba8baee8c3c does not exist. Creating ...
2019-10-14 17:00:45,087 [pool-217-thread-1] INFO  storage.RaftStorageDirectory (RaftStorageDirectory.java:tryLock(328)) - Lock on /workdir/hadoop-ozone/integration-test/target/test-dir/MiniOzoneClusterImpl-7988c91c-7eca-4252-be72-1bce262518f6/datanode-1/data/ratis/0a11e85f-bb04-4028-9e1b-1ba8baee8c3c/in_use.lock acquired by nodename 26835@pr-hdds-2196-2-9v7pc-2718207715
2019-10-14 17:00:45,099 [IPC Server handler 7 on 35893] INFO  net.NetworkTopology (NetworkTopologyImpl.java:add(111)) - Added a new node: /default-rack/19b53c23-9565-44b6-aff2-7bf9b2e42cb6
2019-10-14 17:00:45,099 [IPC Server handler 7 on 35893] INFO  node.SCMNodeManager (SCMNodeManager.java:register(313)) - Registered Data node : 19b53c23-9565-44b6-aff2-7bf9b2e42cb6{ip: 192.168.151.105, host: pr-hdds-2196-2-9v7pc-2718207715, networkLocation: /default-rack, certSerialId: null}
2019-10-14 17:00:45,100 [pool-217-thread-1] INFO  storage.RaftStorage (RaftStorage.java:format(84)) - Storage directory /workdir/hadoop-ozone/integration-test/target/test-dir/MiniOzoneClusterImpl-7988c91c-7eca-4252-be72-1bce262518f6/datanode-1/data/ratis/0a11e85f-bb04-4028-9e1b-1ba8baee8c3c has been successfully formatted.
2019-10-14 17:00:45,100 [pool-217-thread-1] INFO  ratis.ContainerStateMachine (ContainerStateMachine.java:loadSnapshot(231)) - group-1BA8BAEE8C3C: The snapshot info is null. Setting the last applied indexto:(t:0, i:~)
2019-10-14 17:00:45,100 [pool-217-thread-1] INFO  server.RaftServerConfigKeys (ConfUtils.java:logGet(43)) - raft.server.notification.no-leader.timeout = 120s (custom)
2019-10-14 17:00:45,100 [pool-217-thread-1] INFO  server.RaftServerConfigKeys (ConfUtils.java:logGet(43)) - raft.server.log.use.memory = false (default)
2019-10-14 17:00:45,101 [pool-217-thread-1] INFO  server.RaftServerConfigKeys (ConfUtils.java:logGet(43)) - raft.server.log.purge.gap = 1000000 (custom)
2019-10-14 17:00:45,101 [pool-217-thread-1] INFO  server.RaftServerConfigKeys (ConfUtils.java:logGet(43)) - raft.server.log.appender.buffer.byte-limit = 33554432 (custom)
2019-10-14 17:00:45,101 [pool-217-thread-1] INFO  server.RaftServerConfigKeys (ConfUtils.java:logGet(43)) - raft.server.log.segment.size.max = 1048576 (custom)
2019-10-14 17:00:45,103 [pool-217-thread-1] INFO  server.RaftServerConfigKeys (ConfUtils.java:logGet(43)) - raft.server.log.segment.cache.num.max = 2 (custom)
2019-10-14 17:00:45,103 [pool-217-thread-1] INFO  segmented.SegmentedRaftLogWorker (SegmentedRaftLogWorker.java:<init>(173)) - new d2f466cc-8a7c-4992-bcda-2dc638fd3333@group-1BA8BAEE8C3C-SegmentedRaftLogWorker for RaftStorage:Storage Directory /workdir/hadoop-ozone/integration-test/target/test-dir/MiniOzoneClusterImpl-7988c91c-7eca-4252-be72-1bce262518f6/datanode-1/data/ratis/0a11e85f-bb04-4028-9e1b-1ba8baee8c3c
2019-10-14 17:00:45,103 [pool-217-thread-1] INFO  server.RaftServerConfigKeys (ConfUtils.java:logGet(43)) - raft.server.log.queue.byte-limit = 2147483647 (custom)
2019-10-14 17:00:45,103 [pool-217-thread-1] INFO  server.RaftServerConfigKeys (ConfUtils.java:logGet(43)) - raft.server.log.queue.element-limit = 1024 (custom)
2019-10-14 17:00:45,104 [pool-217-thread-1] INFO  server.RaftServerConfigKeys (ConfUtils.java:logGet(43)) - raft.server.log.segment.size.max = 1048576 (custom)
2019-10-14 17:00:45,104 [pool-217-thread-1] INFO  server.RaftServerConfigKeys (ConfUtils.java:logGet(43)) - raft.server.log.preallocated.size = 16384 (custom)
2019-10-14 17:00:45,104 [pool-217-thread-1] INFO  server.RaftServerConfigKeys (ConfUtils.java:logGet(43)) - raft.server.log.write.buffer.size = 33554432 (custom)
2019-10-14 17:00:45,104 [pool-217-thread-1] INFO  server.RaftServerConfigKeys (ConfUtils.java:logGet(43)) - raft.server.log.force.sync.num = 128 (default)
2019-10-14 17:00:45,104 [pool-217-thread-1] INFO  server.RaftServerConfigKeys (ConfUtils.java:logGet(43)) - raft.server.log.statemachine.data.sync = true (default)
2019-10-14 17:00:45,104 [pool-217-thread-1] INFO  server.RaftServerConfigKeys (ConfUtils.java:logGet(43)) - raft.server.log.statemachine.data.sync.timeout = 10s (default)
2019-10-14 17:00:45,104 [pool-217-thread-1] INFO  server.RaftServerConfigKeys (ConfUtils.java:logGet(43)) - raft.server.log.statemachine.data.sync.timeout.retry = -1 (default)
2019-10-14 17:00:45,105 [pool-217-thread-1] INFO  server.RaftServerConfigKeys (ConfUtils.java:logGet(43)) - raft.server.log.statemachine.data.caching.enabled = true (custom)
2019-10-14 17:00:45,105 [pool-217-thread-1] INFO  segmented.SegmentedRaftLogWorker (SegmentedRaftLogWorker.java:lambda$new$0(128)) - d2f466cc-8a7c-4992-bcda-2dc638fd3333@group-1BA8BAEE8C3C-SegmentedRaftLogWorker: flushIndex: setUnconditionally 0 -> -1
2019-10-14 17:00:45,106 [pool-217-thread-1] INFO  server.RaftServerConfigKeys (ConfUtils.java:logGet(43)) - raft.server.snapshot.auto.trigger.enabled = true (custom)
2019-10-14 17:00:45,106 [pool-217-thread-1] INFO  server.RaftServerConfigKeys (ConfUtils.java:logGet(43)) - raft.server.snapshot.auto.trigger.threshold = 10000 (custom)
2019-10-14 17:00:45,106 [pool-217-thread-1] INFO  server.RaftServerConfigKeys (ConfUtils.java:logGet(43)) - raft.server.snapshot.retention.file.num = 5 (custom)
2019-10-14 17:00:45,106 [pool-217-thread-1] INFO  server.RaftServerConfigKeys (ConfUtils.java:logGet(43)) - raft.server.retrycache.expirytime = 600000ms (custom)
2019-10-14 17:00:45,108 [pool-217-thread-1] INFO  impl.RaftServerImpl (RaftServerImpl.java:start(181)) - d2f466cc-8a7c-4992-bcda-2dc638fd3333@group-1BA8BAEE8C3C: start as a follower, conf=-1: [d2f466cc-8a7c-4992-bcda-2dc638fd3333:192.168.151.105:33053], old=null
2019-10-14 17:00:45,108 [pool-217-thread-1] INFO  impl.RaftServerImpl (RaftServerImpl.java:setRole(170)) - d2f466cc-8a7c-4992-bcda-2dc638fd3333@group-1BA8BAEE8C3C: changes role from      null to FOLLOWER at term 0 for startAsFollower
2019-10-14 17:00:45,108 [pool-217-thread-1] INFO  impl.RoleInfo (RoleInfo.java:updateAndGet(143)) - d2f466cc-8a7c-4992-bcda-2dc638fd3333: start FollowerState
2019-10-14 17:00:45,109 [pool-217-thread-1] INFO  util.JmxRegister (JmxRegister.java:tryRegister(44)) - Successfully registered JMX Bean with object name Ratis:service=RaftServer,group=group-1BA8BAEE8C3C,id=d2f466cc-8a7c-4992-bcda-2dc638fd3333
2019-10-14 17:00:45,113 [RatisPipelineUtilsThread] INFO  pipeline.PipelineStateManager (PipelineStateManager.java:addPipeline(56)) - Created pipeline Pipeline[ Id: 0a11e85f-bb04-4028-9e1b-1ba8baee8c3c, Nodes: d2f466cc-8a7c-4992-bcda-2dc638fd3333{ip: 192.168.151.105, host: pr-hdds-2196-2-9v7pc-2718207715, networkLocation: /default-rack, certSerialId: null}, Type:RATIS, Factor:ONE, State:OPEN]
2019-10-14 17:00:45,131 [grpc-default-executor-0] INFO  impl.RaftServerProxy (RaftServerProxy.java:addNew(89)) - 19b53c23-9565-44b6-aff2-7bf9b2e42cb6: addNew group-C1553642A580:[19b53c23-9565-44b6-aff2-7bf9b2e42cb6:192.168.151.105:34245] returns group-C1553642A580:java.util.concurrent.CompletableFuture@16deb626[Not completed]
2019-10-14 17:00:45,132 [pool-227-thread-1] INFO  impl.RaftServerImpl (RaftServerImpl.java:<init>(95)) - 19b53c23-9565-44b6-aff2-7bf9b2e42cb6: new RaftServerImpl for group-C1553642A580:[19b53c23-9565-44b6-aff2-7bf9b2e42cb6:192.168.151.105:34245] with ContainerStateMachine:uninitialized
2019-10-14 17:00:45,132 [pool-227-thread-1] INFO  server.RaftServerConfigKeys (ConfUtils.java:logGet(43)) - raft.server.rpc.timeout.min = 5s (custom)
2019-10-14 17:00:45,132 [pool-227-thread-1] INFO  server.RaftServerConfigKeys (ConfUtils.java:logGet(43)) - raft.server.rpc.timeout.max = 5200ms (custom)
2019-10-14 17:00:45,132 [pool-227-thread-1] INFO  server.RaftServerConfigKeys (ConfUtils.java:logGet(43)) - raft.server.rpcslowness.timeout = 120s (custom)
2019-10-14 17:00:45,132 [pool-227-thread-1] INFO  server.RaftServerConfigKeys (ConfUtils.java:logGet(43)) - raft.server.sleep.deviation.threshold = 300 (default)
2019-10-14 17:00:45,132 [pool-227-thread-1] INFO  server.RaftServerConfigKeys (ConfUtils.java:logGet(43)) - raft.server.log.appender.install.snapshot.enabled = false (custom)
2019-10-14 17:00:45,133 [pool-227-thread-1] INFO  impl.RaftServerImpl (ServerState.java:<init>(103)) - 19b53c23-9565-44b6-aff2-7bf9b2e42cb6@group-C1553642A580: ConfigurationManager, init=-1: [19b53c23-9565-44b6-aff2-7bf9b2e42cb6:192.168.151.105:34245], old=null, confs=<EMPTY_MAP>
2019-10-14 17:00:45,133 [pool-227-thread-1] INFO  server.RaftServerConfigKeys (ConfUtils.java:logGet(43)) - raft.server.storage.dir = [/workdir/hadoop-ozone/integration-test/target/test-dir/MiniOzoneClusterImpl-7988c91c-7eca-4252-be72-1bce262518f6/datanode-2/data/ratis] (custom)
2019-10-14 17:00:45,133 [pool-227-thread-1] INFO  server.RaftServerConfigKeys (ConfUtils.java:logGet(43)) - raft.server.log.corruption.policy = EXCEPTION (default)
2019-10-14 17:00:45,133 [pool-227-thread-1] INFO  storage.RaftStorageDirectory (RaftStorageDirectory.java:analyzeStorage(246)) - The storage directory /workdir/hadoop-ozone/integration-test/target/test-dir/MiniOzoneClusterImpl-7988c91c-7eca-4252-be72-1bce262518f6/datanode-2/data/ratis/593dae0a-90e3-435c-980a-c1553642a580 does not exist. Creating ...
2019-10-14 17:00:45,146 [pool-227-thread-1] INFO  storage.RaftStorageDirectory (RaftStorageDirectory.java:tryLock(328)) - Lock on /workdir/hadoop-ozone/integration-test/target/test-dir/MiniOzoneClusterImpl-7988c91c-7eca-4252-be72-1bce262518f6/datanode-2/data/ratis/593dae0a-90e3-435c-980a-c1553642a580/in_use.lock acquired by nodename 26835@pr-hdds-2196-2-9v7pc-2718207715
2019-10-14 17:00:45,159 [pool-227-thread-1] INFO  storage.RaftStorage (RaftStorage.java:format(84)) - Storage directory /workdir/hadoop-ozone/integration-test/target/test-dir/MiniOzoneClusterImpl-7988c91c-7eca-4252-be72-1bce262518f6/datanode-2/data/ratis/593dae0a-90e3-435c-980a-c1553642a580 has been successfully formatted.
2019-10-14 17:00:45,160 [pool-227-thread-1] INFO  ratis.ContainerStateMachine (ContainerStateMachine.java:loadSnapshot(231)) - group-C1553642A580: The snapshot info is null. Setting the last applied indexto:(t:0, i:~)
2019-10-14 17:00:45,160 [pool-227-thread-1] INFO  server.RaftServerConfigKeys (ConfUtils.java:logGet(43)) - raft.server.notification.no-leader.timeout = 120s (custom)
2019-10-14 17:00:45,160 [pool-227-thread-1] INFO  server.RaftServerConfigKeys (ConfUtils.java:logGet(43)) - raft.server.log.use.memory = false (default)
2019-10-14 17:00:45,160 [pool-227-thread-1] INFO  server.RaftServerConfigKeys (ConfUtils.java:logGet(43)) - raft.server.log.purge.gap = 1000000 (custom)
2019-10-14 17:00:45,160 [pool-227-thread-1] INFO  server.RaftServerConfigKeys (ConfUtils.java:logGet(43)) - raft.server.log.appender.buffer.byte-limit = 33554432 (custom)
2019-10-14 17:00:45,160 [pool-227-thread-1] INFO  server.RaftServerConfigKeys (ConfUtils.java:logGet(43)) - raft.server.log.segment.size.max = 1048576 (custom)
2019-10-14 17:00:45,162 [pool-227-thread-1] INFO  server.RaftServerConfigKeys (ConfUtils.java:logGet(43)) - raft.server.log.segment.cache.num.max = 2 (custom)
2019-10-14 17:00:45,162 [pool-227-thread-1] INFO  segmented.SegmentedRaftLogWorker (SegmentedRaftLogWorker.java:<init>(173)) - new 19b53c23-9565-44b6-aff2-7bf9b2e42cb6@group-C1553642A580-SegmentedRaftLogWorker for RaftStorage:Storage Directory /workdir/hadoop-ozone/integration-test/target/test-dir/MiniOzoneClusterImpl-7988c91c-7eca-4252-be72-1bce262518f6/datanode-2/data/ratis/593dae0a-90e3-435c-980a-c1553642a580
2019-10-14 17:00:45,162 [pool-227-thread-1] INFO  server.RaftServerConfigKeys (ConfUtils.java:logGet(43)) - raft.server.log.queue.byte-limit = 2147483647 (custom)
2019-10-14 17:00:45,162 [pool-227-thread-1] INFO  server.RaftServerConfigKeys (ConfUtils.java:logGet(43)) - raft.server.log.queue.element-limit = 1024 (custom)
2019-10-14 17:00:45,162 [pool-227-thread-1] INFO  server.RaftServerConfigKeys (ConfUtils.java:logGet(43)) - raft.server.log.segment.size.max = 1048576 (custom)
2019-10-14 17:00:45,162 [pool-227-thread-1] INFO  server.RaftServerConfigKeys (ConfUtils.java:logGet(43)) - raft.server.log.preallocated.size = 16384 (custom)
2019-10-14 17:00:45,163 [pool-227-thread-1] INFO  server.RaftServerConfigKeys (ConfUtils.java:logGet(43)) - raft.server.log.write.buffer.size = 33554432 (custom)
2019-10-14 17:00:45,163 [pool-227-thread-1] INFO  server.RaftServerConfigKeys (ConfUtils.java:logGet(43)) - raft.server.log.force.sync.num = 128 (default)
2019-10-14 17:00:45,163 [pool-227-thread-1] INFO  server.RaftServerConfigKeys (ConfUtils.java:logGet(43)) - raft.server.log.statemachine.data.sync = true (default)
2019-10-14 17:00:45,163 [pool-227-thread-1] INFO  server.RaftServerConfigKeys (ConfUtils.java:logGet(43)) - raft.server.log.statemachine.data.sync.timeout = 10s (default)
2019-10-14 17:00:45,163 [IPC Server handler 1 on 35893] INFO  net.NetworkTopology (NetworkTopologyImpl.java:add(111)) - Added a new node: /default-rack/d13dccf9-d9ae-4e52-b31c-0cdd593c4443
2019-10-14 17:00:45,163 [pool-227-thread-1] INFO  server.RaftServerConfigKeys (ConfUtils.java:logGet(43)) - raft.server.log.statemachine.data.sync.timeout.retry = -1 (default)
2019-10-14 17:00:45,163 [IPC Server handler 1 on 35893] INFO  node.SCMNodeManager (SCMNodeManager.java:register(313)) - Registered Data node : d13dccf9-d9ae-4e52-b31c-0cdd593c4443{ip: 192.168.151.105, host: pr-hdds-2196-2-9v7pc-2718207715, networkLocation: /default-rack, certSerialId: null}
2019-10-14 17:00:45,164 [pool-227-thread-1] INFO  server.RaftServerConfigKeys (ConfUtils.java:logGet(43)) - raft.server.log.statemachine.data.caching.enabled = true (custom)
2019-10-14 17:00:45,164 [pool-227-thread-1] INFO  segmented.SegmentedRaftLogWorker (SegmentedRaftLogWorker.java:lambda$new$0(128)) - 19b53c23-9565-44b6-aff2-7bf9b2e42cb6@group-C1553642A580-SegmentedRaftLogWorker: flushIndex: setUnconditionally 0 -> -1
2019-10-14 17:00:45,164 [pool-227-thread-1] INFO  server.RaftServerConfigKeys (ConfUtils.java:logGet(43)) - raft.server.snapshot.auto.trigger.enabled = true (custom)
2019-10-14 17:00:45,164 [pool-227-thread-1] INFO  server.RaftServerConfigKeys (ConfUtils.java:logGet(43)) - raft.server.snapshot.auto.trigger.threshold = 10000 (custom)
2019-10-14 17:00:45,164 [pool-227-thread-1] INFO  server.RaftServerConfigKeys (ConfUtils.java:logGet(43)) - raft.server.snapshot.retention.file.num = 5 (custom)
2019-10-14 17:00:45,165 [pool-227-thread-1] INFO  server.RaftServerConfigKeys (ConfUtils.java:logGet(43)) - raft.server.retrycache.expirytime = 600000ms (custom)
2019-10-14 17:00:45,166 [pool-227-thread-1] INFO  impl.RaftServerImpl (RaftServerImpl.java:start(181)) - 19b53c23-9565-44b6-aff2-7bf9b2e42cb6@group-C1553642A580: start as a follower, conf=-1: [19b53c23-9565-44b6-aff2-7bf9b2e42cb6:192.168.151.105:34245], old=null
2019-10-14 17:00:45,166 [pool-227-thread-1] INFO  impl.RaftServerImpl (RaftServerImpl.java:setRole(170)) - 19b53c23-9565-44b6-aff2-7bf9b2e42cb6@group-C1553642A580: changes role from      null to FOLLOWER at term 0 for startAsFollower
2019-10-14 17:00:45,166 [pool-227-thread-1] INFO  impl.RoleInfo (RoleInfo.java:updateAndGet(143)) - 19b53c23-9565-44b6-aff2-7bf9b2e42cb6: start FollowerState
2019-10-14 17:00:45,167 [pool-227-thread-1] INFO  util.JmxRegister (JmxRegister.java:tryRegister(44)) - Successfully registered JMX Bean with object name Ratis:service=RaftServer,group=group-C1553642A580,id=19b53c23-9565-44b6-aff2-7bf9b2e42cb6
2019-10-14 17:00:45,172 [RatisPipelineUtilsThread] INFO  pipeline.PipelineStateManager (PipelineStateManager.java:addPipeline(56)) - Created pipeline Pipeline[ Id: 593dae0a-90e3-435c-980a-c1553642a580, Nodes: 19b53c23-9565-44b6-aff2-7bf9b2e42cb6{ip: 192.168.151.105, host: pr-hdds-2196-2-9v7pc-2718207715, networkLocation: /default-rack, certSerialId: null}, Type:RATIS, Factor:ONE, State:OPEN]
2019-10-14 17:00:45,181 [grpc-default-executor-0] INFO  impl.RaftServerProxy (RaftServerProxy.java:addNew(89)) - d13dccf9-d9ae-4e52-b31c-0cdd593c4443: addNew group-AF61537248D0:[d13dccf9-d9ae-4e52-b31c-0cdd593c4443:192.168.151.105:43085] returns group-AF61537248D0:java.util.concurrent.CompletableFuture@415e562c[Not completed]
2019-10-14 17:00:45,182 [pool-237-thread-1] INFO  impl.RaftServerImpl (RaftServerImpl.java:<init>(95)) - d13dccf9-d9ae-4e52-b31c-0cdd593c4443: new RaftServerImpl for group-AF61537248D0:[d13dccf9-d9ae-4e52-b31c-0cdd593c4443:192.168.151.105:43085] with ContainerStateMachine:uninitialized
2019-10-14 17:00:45,182 [pool-237-thread-1] INFO  server.RaftServerConfigKeys (ConfUtils.java:logGet(43)) - raft.server.rpc.timeout.min = 5s (custom)
2019-10-14 17:00:45,182 [pool-237-thread-1] INFO  server.RaftServerConfigKeys (ConfUtils.java:logGet(43)) - raft.server.rpc.timeout.max = 5200ms (custom)
2019-10-14 17:00:45,182 [pool-237-thread-1] INFO  server.RaftServerConfigKeys (ConfUtils.java:logGet(43)) - raft.server.rpcslowness.timeout = 120s (custom)
2019-10-14 17:00:45,182 [pool-237-thread-1] INFO  server.RaftServerConfigKeys (ConfUtils.java:logGet(43)) - raft.server.sleep.deviation.threshold = 300 (default)
2019-10-14 17:00:45,182 [pool-237-thread-1] INFO  server.RaftServerConfigKeys (ConfUtils.java:logGet(43)) - raft.server.log.appender.install.snapshot.enabled = false (custom)
2019-10-14 17:00:45,182 [pool-237-thread-1] INFO  impl.RaftServerImpl (ServerState.java:<init>(103)) - d13dccf9-d9ae-4e52-b31c-0cdd593c4443@group-AF61537248D0: ConfigurationManager, init=-1: [d13dccf9-d9ae-4e52-b31c-0cdd593c4443:192.168.151.105:43085], old=null, confs=<EMPTY_MAP>
2019-10-14 17:00:45,183 [pool-237-thread-1] INFO  server.RaftServerConfigKeys (ConfUtils.java:logGet(43)) - raft.server.storage.dir = [/workdir/hadoop-ozone/integration-test/target/test-dir/MiniOzoneClusterImpl-7988c91c-7eca-4252-be72-1bce262518f6/datanode-3/data/ratis] (custom)
2019-10-14 17:00:45,183 [pool-237-thread-1] INFO  server.RaftServerConfigKeys (ConfUtils.java:logGet(43)) - raft.server.log.corruption.policy = EXCEPTION (default)
2019-10-14 17:00:45,183 [pool-237-thread-1] INFO  storage.RaftStorageDirectory (RaftStorageDirectory.java:analyzeStorage(246)) - The storage directory /workdir/hadoop-ozone/integration-test/target/test-dir/MiniOzoneClusterImpl-7988c91c-7eca-4252-be72-1bce262518f6/datanode-3/data/ratis/1581ccbf-96df-48e4-aaf1-af61537248d0 does not exist. Creating ...
2019-10-14 17:00:45,195 [pool-237-thread-1] INFO  storage.RaftStorageDirectory (RaftStorageDirectory.java:tryLock(328)) - Lock on /workdir/hadoop-ozone/integration-test/target/test-dir/MiniOzoneClusterImpl-7988c91c-7eca-4252-be72-1bce262518f6/datanode-3/data/ratis/1581ccbf-96df-48e4-aaf1-af61537248d0/in_use.lock acquired by nodename 26835@pr-hdds-2196-2-9v7pc-2718207715
2019-10-14 17:00:45,208 [pool-237-thread-1] INFO  storage.RaftStorage (RaftStorage.java:format(84)) - Storage directory /workdir/hadoop-ozone/integration-test/target/test-dir/MiniOzoneClusterImpl-7988c91c-7eca-4252-be72-1bce262518f6/datanode-3/data/ratis/1581ccbf-96df-48e4-aaf1-af61537248d0 has been successfully formatted.
2019-10-14 17:00:45,208 [pool-237-thread-1] INFO  ratis.ContainerStateMachine (ContainerStateMachine.java:loadSnapshot(231)) - group-AF61537248D0: The snapshot info is null. Setting the last applied indexto:(t:0, i:~)
2019-10-14 17:00:45,208 [pool-237-thread-1] INFO  server.RaftServerConfigKeys (ConfUtils.java:logGet(43)) - raft.server.notification.no-leader.timeout = 120s (custom)
2019-10-14 17:00:45,208 [pool-237-thread-1] INFO  server.RaftServerConfigKeys (ConfUtils.java:logGet(43)) - raft.server.log.use.memory = false (default)
2019-10-14 17:00:45,209 [pool-237-thread-1] INFO  server.RaftServerConfigKeys (ConfUtils.java:logGet(43)) - raft.server.log.purge.gap = 1000000 (custom)
2019-10-14 17:00:45,209 [pool-237-thread-1] INFO  server.RaftServerConfigKeys (ConfUtils.java:logGet(43)) - raft.server.log.appender.buffer.byte-limit = 33554432 (custom)
2019-10-14 17:00:45,209 [pool-237-thread-1] INFO  server.RaftServerConfigKeys (ConfUtils.java:logGet(43)) - raft.server.log.segment.size.max = 1048576 (custom)
2019-10-14 17:00:45,210 [pool-237-thread-1] INFO  server.RaftServerConfigKeys (ConfUtils.java:logGet(43)) - raft.server.log.segment.cache.num.max = 2 (custom)
2019-10-14 17:00:45,210 [pool-237-thread-1] INFO  segmented.SegmentedRaftLogWorker (SegmentedRaftLogWorker.java:<init>(173)) - new d13dccf9-d9ae-4e52-b31c-0cdd593c4443@group-AF61537248D0-SegmentedRaftLogWorker for RaftStorage:Storage Directory /workdir/hadoop-ozone/integration-test/target/test-dir/MiniOzoneClusterImpl-7988c91c-7eca-4252-be72-1bce262518f6/datanode-3/data/ratis/1581ccbf-96df-48e4-aaf1-af61537248d0
2019-10-14 17:00:45,210 [pool-237-thread-1] INFO  server.RaftServerConfigKeys (ConfUtils.java:logGet(43)) - raft.server.log.queue.byte-limit = 2147483647 (custom)
2019-10-14 17:00:45,211 [pool-237-thread-1] INFO  server.RaftServerConfigKeys (ConfUtils.java:logGet(43)) - raft.server.log.queue.element-limit = 1024 (custom)
2019-10-14 17:00:45,211 [pool-237-thread-1] INFO  server.RaftServerConfigKeys (ConfUtils.java:logGet(43)) - raft.server.log.segment.size.max = 1048576 (custom)
2019-10-14 17:00:45,211 [pool-237-thread-1] INFO  server.RaftServerConfigKeys (ConfUtils.java:logGet(43)) - raft.server.log.preallocated.size = 16384 (custom)
2019-10-14 17:00:45,211 [pool-237-thread-1] INFO  server.RaftServerConfigKeys (ConfUtils.java:logGet(43)) - raft.server.log.write.buffer.size = 33554432 (custom)
2019-10-14 17:00:45,211 [pool-237-thread-1] INFO  server.RaftServerConfigKeys (ConfUtils.java:logGet(43)) - raft.server.log.force.sync.num = 128 (default)
2019-10-14 17:00:45,211 [pool-237-thread-1] INFO  server.RaftServerConfigKeys (ConfUtils.java:logGet(43)) - raft.server.log.statemachine.data.sync = true (default)
2019-10-14 17:00:45,211 [pool-237-thread-1] INFO  server.RaftServerConfigKeys (ConfUtils.java:logGet(43)) - raft.server.log.statemachine.data.sync.timeout = 10s (default)
2019-10-14 17:00:45,211 [pool-237-thread-1] INFO  server.RaftServerConfigKeys (ConfUtils.java:logGet(43)) - raft.server.log.statemachine.data.sync.timeout.retry = -1 (default)
2019-10-14 17:00:45,212 [pool-237-thread-1] INFO  server.RaftServerConfigKeys (ConfUtils.java:logGet(43)) - raft.server.log.statemachine.data.caching.enabled = true (custom)
2019-10-14 17:00:45,212 [pool-237-thread-1] INFO  segmented.SegmentedRaftLogWorker (SegmentedRaftLogWorker.java:lambda$new$0(128)) - d13dccf9-d9ae-4e52-b31c-0cdd593c4443@group-AF61537248D0-SegmentedRaftLogWorker: flushIndex: setUnconditionally 0 -> -1
2019-10-14 17:00:45,212 [pool-237-thread-1] INFO  server.RaftServerConfigKeys (ConfUtils.java:logGet(43)) - raft.server.snapshot.auto.trigger.enabled = true (custom)
2019-10-14 17:00:45,212 [pool-237-thread-1] INFO  server.RaftServerConfigKeys (ConfUtils.java:logGet(43)) - raft.server.snapshot.auto.trigger.threshold = 10000 (custom)
2019-10-14 17:00:45,212 [pool-237-thread-1] INFO  server.RaftServerConfigKeys (ConfUtils.java:logGet(43)) - raft.server.snapshot.retention.file.num = 5 (custom)
2019-10-14 17:00:45,213 [pool-237-thread-1] INFO  server.RaftServerConfigKeys (ConfUtils.java:logGet(43)) - raft.server.retrycache.expirytime = 600000ms (custom)
2019-10-14 17:00:45,214 [pool-237-thread-1] INFO  impl.RaftServerImpl (RaftServerImpl.java:start(181)) - d13dccf9-d9ae-4e52-b31c-0cdd593c4443@group-AF61537248D0: start as a follower, conf=-1: [d13dccf9-d9ae-4e52-b31c-0cdd593c4443:192.168.151.105:43085], old=null
2019-10-14 17:00:45,214 [pool-237-thread-1] INFO  impl.RaftServerImpl (RaftServerImpl.java:setRole(170)) - d13dccf9-d9ae-4e52-b31c-0cdd593c4443@group-AF61537248D0: changes role from      null to FOLLOWER at term 0 for startAsFollower
2019-10-14 17:00:45,214 [pool-237-thread-1] INFO  impl.RoleInfo (RoleInfo.java:updateAndGet(143)) - d13dccf9-d9ae-4e52-b31c-0cdd593c4443: start FollowerState
2019-10-14 17:00:45,215 [pool-237-thread-1] INFO  util.JmxRegister (JmxRegister.java:tryRegister(44)) - Successfully registered JMX Bean with object name Ratis:service=RaftServer,group=group-AF61537248D0,id=d13dccf9-d9ae-4e52-b31c-0cdd593c4443
2019-10-14 17:00:45,218 [RatisPipelineUtilsThread] INFO  pipeline.PipelineStateManager (PipelineStateManager.java:addPipeline(56)) - Created pipeline Pipeline[ Id: 1581ccbf-96df-48e4-aaf1-af61537248d0, Nodes: d13dccf9-d9ae-4e52-b31c-0cdd593c4443{ip: 192.168.151.105, host: pr-hdds-2196-2-9v7pc-2718207715, networkLocation: /default-rack, certSerialId: null}, Type:RATIS, Factor:ONE, State:OPEN]
2019-10-14 17:00:45,226 [grpc-default-executor-1] INFO  impl.RaftServerProxy (RaftServerProxy.java:addNew(89)) - b1f94540-e6e2-4b9c-8187-24ae5f8a5790: addNew group-257A60561570:[d2f466cc-8a7c-4992-bcda-2dc638fd3333:192.168.151.105:33053, d13dccf9-d9ae-4e52-b31c-0cdd593c4443:192.168.151.105:43085, b1f94540-e6e2-4b9c-8187-24ae5f8a5790:192.168.151.105:46290] returns group-257A60561570:java.util.concurrent.CompletableFuture@5da4943d[Not completed]
2019-10-14 17:00:45,226 [grpc-default-executor-0] INFO  impl.RaftServerProxy (RaftServerProxy.java:addNew(89)) - d13dccf9-d9ae-4e52-b31c-0cdd593c4443: addNew group-257A60561570:[d2f466cc-8a7c-4992-bcda-2dc638fd3333:192.168.151.105:33053, d13dccf9-d9ae-4e52-b31c-0cdd593c4443:192.168.151.105:43085, b1f94540-e6e2-4b9c-8187-24ae5f8a5790:192.168.151.105:46290] returns group-257A60561570:java.util.concurrent.CompletableFuture@29445d0f[Not completed]
2019-10-14 17:00:45,227 [grpc-default-executor-3] INFO  impl.RaftServerProxy (RaftServerProxy.java:addNew(89)) - d2f466cc-8a7c-4992-bcda-2dc638fd3333: addNew group-257A60561570:[d2f466cc-8a7c-4992-bcda-2dc638fd3333:192.168.151.105:33053, d13dccf9-d9ae-4e52-b31c-0cdd593c4443:192.168.151.105:43085, b1f94540-e6e2-4b9c-8187-24ae5f8a5790:192.168.151.105:46290] returns group-257A60561570:java.util.concurrent.CompletableFuture@6ecae85f[Not completed]
2019-10-14 17:00:45,227 [pool-207-thread-1] INFO  impl.RaftServerImpl (RaftServerImpl.java:<init>(95)) - b1f94540-e6e2-4b9c-8187-24ae5f8a5790: new RaftServerImpl for group-257A60561570:[d2f466cc-8a7c-4992-bcda-2dc638fd3333:192.168.151.105:33053, d13dccf9-d9ae-4e52-b31c-0cdd593c4443:192.168.151.105:43085, b1f94540-e6e2-4b9c-8187-24ae5f8a5790:192.168.151.105:46290] with ContainerStateMachine:uninitialized
2019-10-14 17:00:45,227 [pool-207-thread-1] INFO  server.RaftServerConfigKeys (ConfUtils.java:logGet(43)) - raft.server.rpc.timeout.min = 5s (custom)
2019-10-14 17:00:45,227 [pool-207-thread-1] INFO  server.RaftServerConfigKeys (ConfUtils.java:logGet(43)) - raft.server.rpc.timeout.max = 5200ms (custom)
2019-10-14 17:00:45,228 [pool-207-thread-1] INFO  server.RaftServerConfigKeys (ConfUtils.java:logGet(43)) - raft.server.rpcslowness.timeout = 120s (custom)
2019-10-14 17:00:45,228 [pool-207-thread-1] INFO  server.RaftServerConfigKeys (ConfUtils.java:logGet(43)) - raft.server.sleep.deviation.threshold = 300 (default)
2019-10-14 17:00:45,228 [pool-207-thread-1] INFO  server.RaftServerConfigKeys (ConfUtils.java:logGet(43)) - raft.server.log.appender.install.snapshot.enabled = false (custom)
2019-10-14 17:00:45,228 [pool-207-thread-1] INFO  impl.RaftServerImpl (ServerState.java:<init>(103)) - b1f94540-e6e2-4b9c-8187-24ae5f8a5790@group-257A60561570: ConfigurationManager, init=-1: [d2f466cc-8a7c-4992-bcda-2dc638fd3333:192.168.151.105:33053, d13dccf9-d9ae-4e52-b31c-0cdd593c4443:192.168.151.105:43085, b1f94540-e6e2-4b9c-8187-24ae5f8a5790:192.168.151.105:46290], old=null, confs=<EMPTY_MAP>
2019-10-14 17:00:45,228 [pool-237-thread-1] INFO  impl.RaftServerImpl (RaftServerImpl.java:<init>(95)) - d13dccf9-d9ae-4e52-b31c-0cdd593c4443: new RaftServerImpl for group-257A60561570:[d2f466cc-8a7c-4992-bcda-2dc638fd3333:192.168.151.105:33053, d13dccf9-d9ae-4e52-b31c-0cdd593c4443:192.168.151.105:43085, b1f94540-e6e2-4b9c-8187-24ae5f8a5790:192.168.151.105:46290] with ContainerStateMachine:uninitialized
2019-10-14 17:00:45,228 [pool-207-thread-1] INFO  server.RaftServerConfigKeys (ConfUtils.java:logGet(43)) - raft.server.storage.dir = [/workdir/hadoop-ozone/integration-test/target/test-dir/MiniOzoneClusterImpl-7988c91c-7eca-4252-be72-1bce262518f6/datanode-0/data/ratis] (custom)
2019-10-14 17:00:45,228 [pool-237-thread-1] INFO  server.RaftServerConfigKeys (ConfUtils.java:logGet(43)) - raft.server.rpc.timeout.min = 5s (custom)
2019-10-14 17:00:45,228 [pool-207-thread-1] INFO  server.RaftServerConfigKeys (ConfUtils.java:logGet(43)) - raft.server.log.corruption.policy = EXCEPTION (default)
2019-10-14 17:00:45,228 [pool-217-thread-1] INFO  impl.RaftServerImpl (RaftServerImpl.java:<init>(95)) - d2f466cc-8a7c-4992-bcda-2dc638fd3333: new RaftServerImpl for group-257A60561570:[d2f466cc-8a7c-4992-bcda-2dc638fd3333:192.168.151.105:33053, d13dccf9-d9ae-4e52-b31c-0cdd593c4443:192.168.151.105:43085, b1f94540-e6e2-4b9c-8187-24ae5f8a5790:192.168.151.105:46290] with ContainerStateMachine:uninitialized
2019-10-14 17:00:45,228 [pool-237-thread-1] INFO  server.RaftServerConfigKeys (ConfUtils.java:logGet(43)) - raft.server.rpc.timeout.max = 5200ms (custom)
2019-10-14 17:00:45,229 [pool-217-thread-1] INFO  server.RaftServerConfigKeys (ConfUtils.java:logGet(43)) - raft.server.rpc.timeout.min = 5s (custom)
2019-10-14 17:00:45,229 [pool-207-thread-1] INFO  storage.RaftStorageDirectory (RaftStorageDirectory.java:analyzeStorage(246)) - The storage directory /workdir/hadoop-ozone/integration-test/target/test-dir/MiniOzoneClusterImpl-7988c91c-7eca-4252-be72-1bce262518f6/datanode-0/data/ratis/272dbfb2-69f7-499a-a33d-257a60561570 does not exist. Creating ...
2019-10-14 17:00:45,229 [pool-217-thread-1] INFO  server.RaftServerConfigKeys (ConfUtils.java:logGet(43)) - raft.server.rpc.timeout.max = 5200ms (custom)
2019-10-14 17:00:45,229 [pool-217-thread-1] INFO  server.RaftServerConfigKeys (ConfUtils.java:logGet(43)) - raft.server.rpcslowness.timeout = 120s (custom)
2019-10-14 17:00:45,229 [pool-237-thread-1] INFO  server.RaftServerConfigKeys (ConfUtils.java:logGet(43)) - raft.server.rpcslowness.timeout = 120s (custom)
2019-10-14 17:00:45,229 [pool-217-thread-1] INFO  server.RaftServerConfigKeys (ConfUtils.java:logGet(43)) - raft.server.sleep.deviation.threshold = 300 (default)
2019-10-14 17:00:45,229 [pool-237-thread-1] INFO  server.RaftServerConfigKeys (ConfUtils.java:logGet(43)) - raft.server.sleep.deviation.threshold = 300 (default)
2019-10-14 17:00:45,230 [pool-217-thread-1] INFO  server.RaftServerConfigKeys (ConfUtils.java:logGet(43)) - raft.server.log.appender.install.snapshot.enabled = false (custom)
2019-10-14 17:00:45,230 [pool-237-thread-1] INFO  server.RaftServerConfigKeys (ConfUtils.java:logGet(43)) - raft.server.log.appender.install.snapshot.enabled = false (custom)
2019-10-14 17:00:45,230 [pool-217-thread-1] INFO  impl.RaftServerImpl (ServerState.java:<init>(103)) - d2f466cc-8a7c-4992-bcda-2dc638fd3333@group-257A60561570: ConfigurationManager, init=-1: [d2f466cc-8a7c-4992-bcda-2dc638fd3333:192.168.151.105:33053, d13dccf9-d9ae-4e52-b31c-0cdd593c4443:192.168.151.105:43085, b1f94540-e6e2-4b9c-8187-24ae5f8a5790:192.168.151.105:46290], old=null, confs=<EMPTY_MAP>
2019-10-14 17:00:45,230 [pool-237-thread-1] INFO  impl.RaftServerImpl (ServerState.java:<init>(103)) - d13dccf9-d9ae-4e52-b31c-0cdd593c4443@group-257A60561570: ConfigurationManager, init=-1: [d2f466cc-8a7c-4992-bcda-2dc638fd3333:192.168.151.105:33053, d13dccf9-d9ae-4e52-b31c-0cdd593c4443:192.168.151.105:43085, b1f94540-e6e2-4b9c-8187-24ae5f8a5790:192.168.151.105:46290], old=null, confs=<EMPTY_MAP>
2019-10-14 17:00:45,230 [pool-217-thread-1] INFO  server.RaftServerConfigKeys (ConfUtils.java:logGet(43)) - raft.server.storage.dir = [/workdir/hadoop-ozone/integration-test/target/test-dir/MiniOzoneClusterImpl-7988c91c-7eca-4252-be72-1bce262518f6/datanode-1/data/ratis] (custom)
2019-10-14 17:00:45,230 [pool-237-thread-1] INFO  server.RaftServerConfigKeys (ConfUtils.java:logGet(43)) - raft.server.storage.dir = [/workdir/hadoop-ozone/integration-test/target/test-dir/MiniOzoneClusterImpl-7988c91c-7eca-4252-be72-1bce262518f6/datanode-3/data/ratis] (custom)
2019-10-14 17:00:45,230 [pool-217-thread-1] INFO  server.RaftServerConfigKeys (ConfUtils.java:logGet(43)) - raft.server.log.corruption.policy = EXCEPTION (default)
2019-10-14 17:00:45,231 [pool-237-thread-1] INFO  server.RaftServerConfigKeys (ConfUtils.java:logGet(43)) - raft.server.log.corruption.policy = EXCEPTION (default)
2019-10-14 17:00:45,231 [pool-217-thread-1] INFO  storage.RaftStorageDirectory (RaftStorageDirectory.java:analyzeStorage(246)) - The storage directory /workdir/hadoop-ozone/integration-test/target/test-dir/MiniOzoneClusterImpl-7988c91c-7eca-4252-be72-1bce262518f6/datanode-1/data/ratis/272dbfb2-69f7-499a-a33d-257a60561570 does not exist. Creating ...
2019-10-14 17:00:45,231 [pool-237-thread-1] INFO  storage.RaftStorageDirectory (RaftStorageDirectory.java:analyzeStorage(246)) - The storage directory /workdir/hadoop-ozone/integration-test/target/test-dir/MiniOzoneClusterImpl-7988c91c-7eca-4252-be72-1bce262518f6/datanode-3/data/ratis/272dbfb2-69f7-499a-a33d-257a60561570 does not exist. Creating ...
2019-10-14 17:00:45,250 [IPC Server handler 2 on 35893] INFO  net.NetworkTopology (NetworkTopologyImpl.java:add(111)) - Added a new node: /default-rack/249d5b2c-e86d-487a-821e-08fb4f48e5a3
2019-10-14 17:00:45,251 [IPC Server handler 2 on 35893] INFO  node.SCMNodeManager (SCMNodeManager.java:register(313)) - Registered Data node : 249d5b2c-e86d-487a-821e-08fb4f48e5a3{ip: 192.168.151.105, host: pr-hdds-2196-2-9v7pc-2718207715, networkLocation: /default-rack, certSerialId: null}
2019-10-14 17:00:45,254 [pool-217-thread-1] INFO  storage.RaftStorageDirectory (RaftStorageDirectory.java:tryLock(328)) - Lock on /workdir/hadoop-ozone/integration-test/target/test-dir/MiniOzoneClusterImpl-7988c91c-7eca-4252-be72-1bce262518f6/datanode-1/data/ratis/272dbfb2-69f7-499a-a33d-257a60561570/in_use.lock acquired by nodename 26835@pr-hdds-2196-2-9v7pc-2718207715
2019-10-14 17:00:45,254 [pool-237-thread-1] INFO  storage.RaftStorageDirectory (RaftStorageDirectory.java:tryLock(328)) - Lock on /workdir/hadoop-ozone/integration-test/target/test-dir/MiniOzoneClusterImpl-7988c91c-7eca-4252-be72-1bce262518f6/datanode-3/data/ratis/272dbfb2-69f7-499a-a33d-257a60561570/in_use.lock acquired by nodename 26835@pr-hdds-2196-2-9v7pc-2718207715
2019-10-14 17:00:45,254 [pool-207-thread-1] INFO  storage.RaftStorageDirectory (RaftStorageDirectory.java:tryLock(328)) - Lock on /workdir/hadoop-ozone/integration-test/target/test-dir/MiniOzoneClusterImpl-7988c91c-7eca-4252-be72-1bce262518f6/datanode-0/data/ratis/272dbfb2-69f7-499a-a33d-257a60561570/in_use.lock acquired by nodename 26835@pr-hdds-2196-2-9v7pc-2718207715
2019-10-14 17:00:45,271 [pool-237-thread-1] INFO  storage.RaftStorage (RaftStorage.java:format(84)) - Storage directory /workdir/hadoop-ozone/integration-test/target/test-dir/MiniOzoneClusterImpl-7988c91c-7eca-4252-be72-1bce262518f6/datanode-3/data/ratis/272dbfb2-69f7-499a-a33d-257a60561570 has been successfully formatted.
2019-10-14 17:00:45,271 [pool-207-thread-1] INFO  storage.RaftStorage (RaftStorage.java:format(84)) - Storage directory /workdir/hadoop-ozone/integration-test/target/test-dir/MiniOzoneClusterImpl-7988c91c-7eca-4252-be72-1bce262518f6/datanode-0/data/ratis/272dbfb2-69f7-499a-a33d-257a60561570 has been successfully formatted.
2019-10-14 17:00:45,271 [pool-217-thread-1] INFO  storage.RaftStorage (RaftStorage.java:format(84)) - Storage directory /workdir/hadoop-ozone/integration-test/target/test-dir/MiniOzoneClusterImpl-7988c91c-7eca-4252-be72-1bce262518f6/datanode-1/data/ratis/272dbfb2-69f7-499a-a33d-257a60561570 has been successfully formatted.
2019-10-14 17:00:45,271 [pool-207-thread-1] INFO  ratis.ContainerStateMachine (ContainerStateMachine.java:loadSnapshot(231)) - group-257A60561570: The snapshot info is null. Setting the last applied indexto:(t:0, i:~)
2019-10-14 17:00:45,271 [pool-237-thread-1] INFO  ratis.ContainerStateMachine (ContainerStateMachine.java:loadSnapshot(231)) - group-257A60561570: The snapshot info is null. Setting the last applied indexto:(t:0, i:~)
2019-10-14 17:00:45,272 [pool-207-thread-1] INFO  server.RaftServerConfigKeys (ConfUtils.java:logGet(43)) - raft.server.notification.no-leader.timeout = 120s (custom)
2019-10-14 17:00:45,272 [pool-217-thread-1] INFO  ratis.ContainerStateMachine (ContainerStateMachine.java:loadSnapshot(231)) - group-257A60561570: The snapshot info is null. Setting the last applied indexto:(t:0, i:~)
2019-10-14 17:00:45,272 [pool-207-thread-1] INFO  server.RaftServerConfigKeys (ConfUtils.java:logGet(43)) - raft.server.log.use.memory = false (default)
2019-10-14 17:00:45,272 [pool-237-thread-1] INFO  server.RaftServerConfigKeys (ConfUtils.java:logGet(43)) - raft.server.notification.no-leader.timeout = 120s (custom)
2019-10-14 17:00:45,272 [pool-207-thread-1] INFO  server.RaftServerConfigKeys (ConfUtils.java:logGet(43)) - raft.server.log.purge.gap = 1000000 (custom)
2019-10-14 17:00:45,272 [pool-217-thread-1] INFO  server.RaftServerConfigKeys (ConfUtils.java:logGet(43)) - raft.server.notification.no-leader.timeout = 120s (custom)
2019-10-14 17:00:45,273 [pool-207-thread-1] INFO  server.RaftServerConfigKeys (ConfUtils.java:logGet(43)) - raft.server.log.appender.buffer.byte-limit = 33554432 (custom)
2019-10-14 17:00:45,272 [pool-237-thread-1] INFO  server.RaftServerConfigKeys (ConfUtils.java:logGet(43)) - raft.server.log.use.memory = false (default)
2019-10-14 17:00:45,273 [pool-207-thread-1] INFO  server.RaftServerConfigKeys (ConfUtils.java:logGet(43)) - raft.server.log.segment.size.max = 1048576 (custom)
2019-10-14 17:00:45,273 [pool-217-thread-1] INFO  server.RaftServerConfigKeys (ConfUtils.java:logGet(43)) - raft.server.log.use.memory = false (default)
2019-10-14 17:00:45,273 [pool-207-thread-1] INFO  server.RaftServerConfigKeys (ConfUtils.java:logGet(43)) - raft.server.log.segment.cache.num.max = 2 (custom)
2019-10-14 17:00:45,273 [pool-207-thread-1] INFO  segmented.SegmentedRaftLogWorker (SegmentedRaftLogWorker.java:<init>(173)) - new b1f94540-e6e2-4b9c-8187-24ae5f8a5790@group-257A60561570-SegmentedRaftLogWorker for RaftStorage:Storage Directory /workdir/hadoop-ozone/integration-test/target/test-dir/MiniOzoneClusterImpl-7988c91c-7eca-4252-be72-1bce262518f6/datanode-0/data/ratis/272dbfb2-69f7-499a-a33d-257a60561570
2019-10-14 17:00:45,273 [pool-237-thread-1] INFO  server.RaftServerConfigKeys (ConfUtils.java:logGet(43)) - raft.server.log.purge.gap = 1000000 (custom)
2019-10-14 17:00:45,274 [pool-207-thread-1] INFO  server.RaftServerConfigKeys (ConfUtils.java:logGet(43)) - raft.server.log.queue.byte-limit = 2147483647 (custom)
2019-10-14 17:00:45,273 [pool-217-thread-1] INFO  server.RaftServerConfigKeys (ConfUtils.java:logGet(43)) - raft.server.log.purge.gap = 1000000 (custom)
2019-10-14 17:00:45,274 [pool-207-thread-1] INFO  server.RaftServerConfigKeys (ConfUtils.java:logGet(43)) - raft.server.log.queue.element-limit = 1024 (custom)
2019-10-14 17:00:45,274 [pool-237-thread-1] INFO  server.RaftServerConfigKeys (ConfUtils.java:logGet(43)) - raft.server.log.appender.buffer.byte-limit = 33554432 (custom)
2019-10-14 17:00:45,274 [pool-207-thread-1] INFO  server.RaftServerConfigKeys (ConfUtils.java:logGet(43)) - raft.server.log.segment.size.max = 1048576 (custom)
2019-10-14 17:00:45,274 [pool-217-thread-1] INFO  server.RaftServerConfigKeys (ConfUtils.java:logGet(43)) - raft.server.log.appender.buffer.byte-limit = 33554432 (custom)
2019-10-14 17:00:45,274 [pool-207-thread-1] INFO  server.RaftServerConfigKeys (ConfUtils.java:logGet(43)) - raft.server.log.preallocated.size = 16384 (custom)
2019-10-14 17:00:45,274 [pool-237-thread-1] INFO  server.RaftServerConfigKeys (ConfUtils.java:logGet(43)) - raft.server.log.segment.size.max = 1048576 (custom)
2019-10-14 17:00:45,275 [pool-207-thread-1] INFO  server.RaftServerConfigKeys (ConfUtils.java:logGet(43)) - raft.server.log.write.buffer.size = 33554432 (custom)
2019-10-14 17:00:45,275 [pool-207-thread-1] INFO  server.RaftServerConfigKeys (ConfUtils.java:logGet(43)) - raft.server.log.force.sync.num = 128 (default)
2019-10-14 17:00:45,275 [pool-217-thread-1] INFO  server.RaftServerConfigKeys (ConfUtils.java:logGet(43)) - raft.server.log.segment.size.max = 1048576 (custom)
2019-10-14 17:00:45,275 [pool-207-thread-1] INFO  server.RaftServerConfigKeys (ConfUtils.java:logGet(43)) - raft.server.log.statemachine.data.sync = true (default)
2019-10-14 17:00:45,275 [pool-237-thread-1] INFO  server.RaftServerConfigKeys (ConfUtils.java:logGet(43)) - raft.server.log.segment.cache.num.max = 2 (custom)
2019-10-14 17:00:45,276 [pool-207-thread-1] INFO  server.RaftServerConfigKeys (ConfUtils.java:logGet(43)) - raft.server.log.statemachine.data.sync.timeout = 10s (default)
2019-10-14 17:00:45,275 [pool-217-thread-1] INFO  server.RaftServerConfigKeys (ConfUtils.java:logGet(43)) - raft.server.log.segment.cache.num.max = 2 (custom)
2019-10-14 17:00:45,276 [pool-207-thread-1] INFO  server.RaftServerConfigKeys (ConfUtils.java:logGet(43)) - raft.server.log.statemachine.data.sync.timeout.retry = -1 (default)
2019-10-14 17:00:45,276 [pool-237-thread-1] INFO  segmented.SegmentedRaftLogWorker (SegmentedRaftLogWorker.java:<init>(173)) - new d13dccf9-d9ae-4e52-b31c-0cdd593c4443@group-257A60561570-SegmentedRaftLogWorker for RaftStorage:Storage Directory /workdir/hadoop-ozone/integration-test/target/test-dir/MiniOzoneClusterImpl-7988c91c-7eca-4252-be72-1bce262518f6/datanode-3/data/ratis/272dbfb2-69f7-499a-a33d-257a60561570
2019-10-14 17:00:45,276 [pool-207-thread-1] INFO  server.RaftServerConfigKeys (ConfUtils.java:logGet(43)) - raft.server.log.statemachine.data.caching.enabled = true (custom)
2019-10-14 17:00:45,276 [pool-217-thread-1] INFO  segmented.SegmentedRaftLogWorker (SegmentedRaftLogWorker.java:<init>(173)) - new d2f466cc-8a7c-4992-bcda-2dc638fd3333@group-257A60561570-SegmentedRaftLogWorker for RaftStorage:Storage Directory /workdir/hadoop-ozone/integration-test/target/test-dir/MiniOzoneClusterImpl-7988c91c-7eca-4252-be72-1bce262518f6/datanode-1/data/ratis/272dbfb2-69f7-499a-a33d-257a60561570
2019-10-14 17:00:45,276 [pool-237-thread-1] INFO  server.RaftServerConfigKeys (ConfUtils.java:logGet(43)) - raft.server.log.queue.byte-limit = 2147483647 (custom)
2019-10-14 17:00:45,277 [pool-207-thread-1] INFO  segmented.SegmentedRaftLogWorker (SegmentedRaftLogWorker.java:lambda$new$0(128)) - b1f94540-e6e2-4b9c-8187-24ae5f8a5790@group-257A60561570-SegmentedRaftLogWorker: flushIndex: setUnconditionally 0 -> -1
2019-10-14 17:00:45,277 [pool-217-thread-1] INFO  server.RaftServerConfigKeys (ConfUtils.java:logGet(43)) - raft.server.log.queue.byte-limit = 2147483647 (custom)
2019-10-14 17:00:45,277 [pool-237-thread-1] INFO  server.RaftServerConfigKeys (ConfUtils.java:logGet(43)) - raft.server.log.queue.element-limit = 1024 (custom)
2019-10-14 17:00:45,277 [pool-207-thread-1] INFO  server.RaftServerConfigKeys (ConfUtils.java:logGet(43)) - raft.server.snapshot.auto.trigger.enabled = true (custom)
2019-10-14 17:00:45,277 [pool-217-thread-1] INFO  server.RaftServerConfigKeys (ConfUtils.java:logGet(43)) - raft.server.log.queue.element-limit = 1024 (custom)
2019-10-14 17:00:45,277 [pool-207-thread-1] INFO  server.RaftServerConfigKeys (ConfUtils.java:logGet(43)) - raft.server.snapshot.auto.trigger.threshold = 10000 (custom)
2019-10-14 17:00:45,277 [pool-237-thread-1] INFO  server.RaftServerConfigKeys (ConfUtils.java:logGet(43)) - raft.server.log.segment.size.max = 1048576 (custom)
2019-10-14 17:00:45,278 [pool-207-thread-1] INFO  server.RaftServerConfigKeys (ConfUtils.java:logGet(43)) - raft.server.snapshot.retention.file.num = 5 (custom)
2019-10-14 17:00:45,277 [pool-217-thread-1] INFO  server.RaftServerConfigKeys (ConfUtils.java:logGet(43)) - raft.server.log.segment.size.max = 1048576 (custom)
2019-10-14 17:00:45,278 [pool-207-thread-1] INFO  server.RaftServerConfigKeys (ConfUtils.java:logGet(43)) - raft.server.retrycache.expirytime = 600000ms (custom)
2019-10-14 17:00:45,278 [pool-237-thread-1] INFO  server.RaftServerConfigKeys (ConfUtils.java:logGet(43)) - raft.server.log.preallocated.size = 16384 (custom)
2019-10-14 17:00:45,278 [pool-217-thread-1] INFO  server.RaftServerConfigKeys (ConfUtils.java:logGet(43)) - raft.server.log.preallocated.size = 16384 (custom)
2019-10-14 17:00:45,278 [pool-237-thread-1] INFO  server.RaftServerConfigKeys (ConfUtils.java:logGet(43)) - raft.server.log.write.buffer.size = 33554432 (custom)
2019-10-14 17:00:45,278 [pool-217-thread-1] INFO  server.RaftServerConfigKeys (ConfUtils.java:logGet(43)) - raft.server.log.write.buffer.size = 33554432 (custom)
2019-10-14 17:00:45,279 [pool-237-thread-1] INFO  server.RaftServerConfigKeys (ConfUtils.java:logGet(43)) - raft.server.log.force.sync.num = 128 (default)
2019-10-14 17:00:45,279 [pool-217-thread-1] INFO  server.RaftServerConfigKeys (ConfUtils.java:logGet(43)) - raft.server.log.force.sync.num = 128 (default)
2019-10-14 17:00:45,279 [pool-237-thread-1] INFO  server.RaftServerConfigKeys (ConfUtils.java:logGet(43)) - raft.server.log.statemachine.data.sync = true (default)
2019-10-14 17:00:45,279 [pool-217-thread-1] INFO  server.RaftServerConfigKeys (ConfUtils.java:logGet(43)) - raft.server.log.statemachine.data.sync = true (default)
2019-10-14 17:00:45,279 [pool-237-thread-1] INFO  server.RaftServerConfigKeys (ConfUtils.java:logGet(43)) - raft.server.log.statemachine.data.sync.timeout = 10s (default)
2019-10-14 17:00:45,279 [pool-217-thread-1] INFO  server.RaftServerConfigKeys (ConfUtils.java:logGet(43)) - raft.server.log.statemachine.data.sync.timeout = 10s (default)
2019-10-14 17:00:45,279 [pool-237-thread-1] INFO  server.RaftServerConfigKeys (ConfUtils.java:logGet(43)) - raft.server.log.statemachine.data.sync.timeout.retry = -1 (default)
2019-10-14 17:00:45,280 [pool-217-thread-1] INFO  server.RaftServerConfigKeys (ConfUtils.java:logGet(43)) - raft.server.log.statemachine.data.sync.timeout.retry = -1 (default)
2019-10-14 17:00:45,280 [pool-237-thread-1] INFO  server.RaftServerConfigKeys (ConfUtils.java:logGet(43)) - raft.server.log.statemachine.data.caching.enabled = true (custom)
2019-10-14 17:00:45,280 [pool-217-thread-1] INFO  server.RaftServerConfigKeys (ConfUtils.java:logGet(43)) - raft.server.log.statemachine.data.caching.enabled = true (custom)
2019-10-14 17:00:45,280 [pool-207-thread-1] INFO  impl.RaftServerImpl (RaftServerImpl.java:start(181)) - b1f94540-e6e2-4b9c-8187-24ae5f8a5790@group-257A60561570: start as a follower, conf=-1: [d2f466cc-8a7c-4992-bcda-2dc638fd3333:192.168.151.105:33053, d13dccf9-d9ae-4e52-b31c-0cdd593c4443:192.168.151.105:43085, b1f94540-e6e2-4b9c-8187-24ae5f8a5790:192.168.151.105:46290], old=null
2019-10-14 17:00:45,280 [pool-237-thread-1] INFO  segmented.SegmentedRaftLogWorker (SegmentedRaftLogWorker.java:lambda$new$0(128)) - d13dccf9-d9ae-4e52-b31c-0cdd593c4443@group-257A60561570-SegmentedRaftLogWorker: flushIndex: setUnconditionally 0 -> -1
2019-10-14 17:00:45,280 [pool-207-thread-1] INFO  impl.RaftServerImpl (RaftServerImpl.java:setRole(170)) - b1f94540-e6e2-4b9c-8187-24ae5f8a5790@group-257A60561570: changes role from      null to FOLLOWER at term 0 for startAsFollower
2019-10-14 17:00:45,280 [pool-217-thread-1] INFO  segmented.SegmentedRaftLogWorker (SegmentedRaftLogWorker.java:lambda$new$0(128)) - d2f466cc-8a7c-4992-bcda-2dc638fd3333@group-257A60561570-SegmentedRaftLogWorker: flushIndex: setUnconditionally 0 -> -1
2019-10-14 17:00:45,280 [pool-237-thread-1] INFO  server.RaftServerConfigKeys (ConfUtils.java:logGet(43)) - raft.server.snapshot.auto.trigger.enabled = true (custom)
2019-10-14 17:00:45,280 [pool-207-thread-1] INFO  impl.RoleInfo (RoleInfo.java:updateAndGet(143)) - b1f94540-e6e2-4b9c-8187-24ae5f8a5790: start FollowerState
2019-10-14 17:00:45,281 [pool-217-thread-1] INFO  server.RaftServerConfigKeys (ConfUtils.java:logGet(43)) - raft.server.snapshot.auto.trigger.enabled = true (custom)
2019-10-14 17:00:45,281 [pool-237-thread-1] INFO  server.RaftServerConfigKeys (ConfUtils.java:logGet(43)) - raft.server.snapshot.auto.trigger.threshold = 10000 (custom)
2019-10-14 17:00:45,281 [pool-217-thread-1] INFO  server.RaftServerConfigKeys (ConfUtils.java:logGet(43)) - raft.server.snapshot.auto.trigger.threshold = 10000 (custom)
2019-10-14 17:00:45,281 [pool-207-thread-1] INFO  util.JmxRegister (JmxRegister.java:tryRegister(44)) - Successfully registered JMX Bean with object name Ratis:service=RaftServer,group=group-257A60561570,id=b1f94540-e6e2-4b9c-8187-24ae5f8a5790
2019-10-14 17:00:45,281 [pool-237-thread-1] INFO  server.RaftServerConfigKeys (ConfUtils.java:logGet(43)) - raft.server.snapshot.retention.file.num = 5 (custom)
2019-10-14 17:00:45,281 [pool-217-thread-1] INFO  server.RaftServerConfigKeys (ConfUtils.java:logGet(43)) - raft.server.snapshot.retention.file.num = 5 (custom)
2019-10-14 17:00:45,282 [pool-237-thread-1] INFO  server.RaftServerConfigKeys (ConfUtils.java:logGet(43)) - raft.server.retrycache.expirytime = 600000ms (custom)
2019-10-14 17:00:45,282 [pool-217-thread-1] INFO  server.RaftServerConfigKeys (ConfUtils.java:logGet(43)) - raft.server.retrycache.expirytime = 600000ms (custom)
2019-10-14 17:00:45,285 [pool-237-thread-1] INFO  impl.RaftServerImpl (RaftServerImpl.java:start(181)) - d13dccf9-d9ae-4e52-b31c-0cdd593c4443@group-257A60561570: start as a follower, conf=-1: [d2f466cc-8a7c-4992-bcda-2dc638fd3333:192.168.151.105:33053, d13dccf9-d9ae-4e52-b31c-0cdd593c4443:192.168.151.105:43085, b1f94540-e6e2-4b9c-8187-24ae5f8a5790:192.168.151.105:46290], old=null
2019-10-14 17:00:45,285 [pool-217-thread-1] INFO  impl.RaftServerImpl (RaftServerImpl.java:start(181)) - d2f466cc-8a7c-4992-bcda-2dc638fd3333@group-257A60561570: start as a follower, conf=-1: [d2f466cc-8a7c-4992-bcda-2dc638fd3333:192.168.151.105:33053, d13dccf9-d9ae-4e52-b31c-0cdd593c4443:192.168.151.105:43085, b1f94540-e6e2-4b9c-8187-24ae5f8a5790:192.168.151.105:46290], old=null
2019-10-14 17:00:45,285 [pool-237-thread-1] INFO  impl.RaftServerImpl (RaftServerImpl.java:setRole(170)) - d13dccf9-d9ae-4e52-b31c-0cdd593c4443@group-257A60561570: changes role from      null to FOLLOWER at term 0 for startAsFollower
2019-10-14 17:00:45,285 [pool-217-thread-1] INFO  impl.RaftServerImpl (RaftServerImpl.java:setRole(170)) - d2f466cc-8a7c-4992-bcda-2dc638fd3333@group-257A60561570: changes role from      null to FOLLOWER at term 0 for startAsFollower
2019-10-14 17:00:45,286 [pool-237-thread-1] INFO  impl.RoleInfo (RoleInfo.java:updateAndGet(143)) - d13dccf9-d9ae-4e52-b31c-0cdd593c4443: start FollowerState
2019-10-14 17:00:45,286 [pool-217-thread-1] INFO  impl.RoleInfo (RoleInfo.java:updateAndGet(143)) - d2f466cc-8a7c-4992-bcda-2dc638fd3333: start FollowerState
2019-10-14 17:00:45,286 [pool-237-thread-1] INFO  util.JmxRegister (JmxRegister.java:tryRegister(44)) - Successfully registered JMX Bean with object name Ratis:service=RaftServer,group=group-257A60561570,id=d13dccf9-d9ae-4e52-b31c-0cdd593c4443
2019-10-14 17:00:45,286 [pool-217-thread-1] INFO  util.JmxRegister (JmxRegister.java:tryRegister(44)) - Successfully registered JMX Bean with object name Ratis:service=RaftServer,group=group-257A60561570,id=d2f466cc-8a7c-4992-bcda-2dc638fd3333
2019-10-14 17:00:45,292 [RatisPipelineUtilsThread] INFO  pipeline.PipelineStateManager (PipelineStateManager.java:addPipeline(56)) - Created pipeline Pipeline[ Id: 272dbfb2-69f7-499a-a33d-257a60561570, Nodes: b1f94540-e6e2-4b9c-8187-24ae5f8a5790{ip: 192.168.151.105, host: pr-hdds-2196-2-9v7pc-2718207715, networkLocation: /default-rack, certSerialId: null}d2f466cc-8a7c-4992-bcda-2dc638fd3333{ip: 192.168.151.105, host: pr-hdds-2196-2-9v7pc-2718207715, networkLocation: /default-rack, certSerialId: null}d13dccf9-d9ae-4e52-b31c-0cdd593c4443{ip: 192.168.151.105, host: pr-hdds-2196-2-9v7pc-2718207715, networkLocation: /default-rack, certSerialId: null}, Type:RATIS, Factor:THREE, State:OPEN]
2019-10-14 17:00:45,315 [grpc-default-executor-3] INFO  impl.RaftServerProxy (RaftServerProxy.java:addNew(89)) - 249d5b2c-e86d-487a-821e-08fb4f48e5a3: addNew group-8A046BE26974:[249d5b2c-e86d-487a-821e-08fb4f48e5a3:192.168.151.105:40521] returns group-8A046BE26974:java.util.concurrent.CompletableFuture@4dcce3bb[Not completed]
2019-10-14 17:00:45,316 [pool-247-thread-1] INFO  impl.RaftServerImpl (RaftServerImpl.java:<init>(95)) - 249d5b2c-e86d-487a-821e-08fb4f48e5a3: new RaftServerImpl for group-8A046BE26974:[249d5b2c-e86d-487a-821e-08fb4f48e5a3:192.168.151.105:40521] with ContainerStateMachine:uninitialized
2019-10-14 17:00:45,318 [pool-247-thread-1] INFO  server.RaftServerConfigKeys (ConfUtils.java:logGet(43)) - raft.server.rpc.timeout.min = 5s (custom)
2019-10-14 17:00:45,318 [pool-247-thread-1] INFO  server.RaftServerConfigKeys (ConfUtils.java:logGet(43)) - raft.server.rpc.timeout.max = 5200ms (custom)
2019-10-14 17:00:45,318 [pool-247-thread-1] INFO  server.RaftServerConfigKeys (ConfUtils.java:logGet(43)) - raft.server.rpcslowness.timeout = 120s (custom)
2019-10-14 17:00:45,318 [pool-247-thread-1] INFO  server.RaftServerConfigKeys (ConfUtils.java:logGet(43)) - raft.server.sleep.deviation.threshold = 300 (default)
2019-10-14 17:00:45,319 [pool-247-thread-1] INFO  server.RaftServerConfigKeys (ConfUtils.java:logGet(43)) - raft.server.log.appender.install.snapshot.enabled = false (custom)
2019-10-14 17:00:45,319 [pool-247-thread-1] INFO  impl.RaftServerImpl (ServerState.java:<init>(103)) - 249d5b2c-e86d-487a-821e-08fb4f48e5a3@group-8A046BE26974: ConfigurationManager, init=-1: [249d5b2c-e86d-487a-821e-08fb4f48e5a3:192.168.151.105:40521], old=null, confs=<EMPTY_MAP>
2019-10-14 17:00:45,319 [pool-247-thread-1] INFO  server.RaftServerConfigKeys (ConfUtils.java:logGet(43)) - raft.server.storage.dir = [/workdir/hadoop-ozone/integration-test/target/test-dir/MiniOzoneClusterImpl-7988c91c-7eca-4252-be72-1bce262518f6/datanode-4/data/ratis] (custom)
2019-10-14 17:00:45,319 [pool-247-thread-1] INFO  server.RaftServerConfigKeys (ConfUtils.java:logGet(43)) - raft.server.log.corruption.policy = EXCEPTION (default)
2019-10-14 17:00:45,320 [pool-247-thread-1] INFO  storage.RaftStorageDirectory (RaftStorageDirectory.java:analyzeStorage(246)) - The storage directory /workdir/hadoop-ozone/integration-test/target/test-dir/MiniOzoneClusterImpl-7988c91c-7eca-4252-be72-1bce262518f6/datanode-4/data/ratis/83eb7247-ae59-4250-acec-8a046be26974 does not exist. Creating ...
2019-10-14 17:00:45,332 [pool-247-thread-1] INFO  storage.RaftStorageDirectory (RaftStorageDirectory.java:tryLock(328)) - Lock on /workdir/hadoop-ozone/integration-test/target/test-dir/MiniOzoneClusterImpl-7988c91c-7eca-4252-be72-1bce262518f6/datanode-4/data/ratis/83eb7247-ae59-4250-acec-8a046be26974/in_use.lock acquired by nodename 26835@pr-hdds-2196-2-9v7pc-2718207715
2019-10-14 17:00:45,344 [IPC Server handler 3 on 35893] INFO  net.NetworkTopology (NetworkTopologyImpl.java:add(111)) - Added a new node: /default-rack/e28d8e98-0fc3-4cee-a2d9-999966ee5dd9
2019-10-14 17:00:45,345 [IPC Server handler 3 on 35893] INFO  node.SCMNodeManager (SCMNodeManager.java:register(313)) - Registered Data node : e28d8e98-0fc3-4cee-a2d9-999966ee5dd9{ip: 192.168.151.105, host: pr-hdds-2196-2-9v7pc-2718207715, networkLocation: /default-rack, certSerialId: null}
2019-10-14 17:00:45,345 [pool-247-thread-1] INFO  storage.RaftStorage (RaftStorage.java:format(84)) - Storage directory /workdir/hadoop-ozone/integration-test/target/test-dir/MiniOzoneClusterImpl-7988c91c-7eca-4252-be72-1bce262518f6/datanode-4/data/ratis/83eb7247-ae59-4250-acec-8a046be26974 has been successfully formatted.
2019-10-14 17:00:45,346 [pool-247-thread-1] INFO  ratis.ContainerStateMachine (ContainerStateMachine.java:loadSnapshot(231)) - group-8A046BE26974: The snapshot info is null. Setting the last applied indexto:(t:0, i:~)
2019-10-14 17:00:45,346 [pool-247-thread-1] INFO  server.RaftServerConfigKeys (ConfUtils.java:logGet(43)) - raft.server.notification.no-leader.timeout = 120s (custom)
2019-10-14 17:00:45,346 [pool-247-thread-1] INFO  server.RaftServerConfigKeys (ConfUtils.java:logGet(43)) - raft.server.log.use.memory = false (default)
2019-10-14 17:00:45,346 [pool-247-thread-1] INFO  server.RaftServerConfigKeys (ConfUtils.java:logGet(43)) - raft.server.log.purge.gap = 1000000 (custom)
2019-10-14 17:00:45,346 [pool-247-thread-1] INFO  server.RaftServerConfigKeys (ConfUtils.java:logGet(43)) - raft.server.log.appender.buffer.byte-limit = 33554432 (custom)
2019-10-14 17:00:45,347 [pool-247-thread-1] INFO  server.RaftServerConfigKeys (ConfUtils.java:logGet(43)) - raft.server.log.segment.size.max = 1048576 (custom)
2019-10-14 17:00:45,349 [pool-247-thread-1] INFO  server.RaftServerConfigKeys (ConfUtils.java:logGet(43)) - raft.server.log.segment.cache.num.max = 2 (custom)
2019-10-14 17:00:45,349 [pool-247-thread-1] INFO  segmented.SegmentedRaftLogWorker (SegmentedRaftLogWorker.java:<init>(173)) - new 249d5b2c-e86d-487a-821e-08fb4f48e5a3@group-8A046BE26974-SegmentedRaftLogWorker for RaftStorage:Storage Directory /workdir/hadoop-ozone/integration-test/target/test-dir/MiniOzoneClusterImpl-7988c91c-7eca-4252-be72-1bce262518f6/datanode-4/data/ratis/83eb7247-ae59-4250-acec-8a046be26974
2019-10-14 17:00:45,349 [pool-247-thread-1] INFO  server.RaftServerConfigKeys (ConfUtils.java:logGet(43)) - raft.server.log.queue.byte-limit = 2147483647 (custom)
2019-10-14 17:00:45,349 [pool-247-thread-1] INFO  server.RaftServerConfigKeys (ConfUtils.java:logGet(43)) - raft.server.log.queue.element-limit = 1024 (custom)
2019-10-14 17:00:45,349 [pool-247-thread-1] INFO  server.RaftServerConfigKeys (ConfUtils.java:logGet(43)) - raft.server.log.segment.size.max = 1048576 (custom)
2019-10-14 17:00:45,349 [pool-247-thread-1] INFO  server.RaftServerConfigKeys (ConfUtils.java:logGet(43)) - raft.server.log.preallocated.size = 16384 (custom)
2019-10-14 17:00:45,350 [pool-247-thread-1] INFO  server.RaftServerConfigKeys (ConfUtils.java:logGet(43)) - raft.server.log.write.buffer.size = 33554432 (custom)
2019-10-14 17:00:45,350 [pool-247-thread-1] INFO  server.RaftServerConfigKeys (ConfUtils.java:logGet(43)) - raft.server.log.force.sync.num = 128 (default)
2019-10-14 17:00:45,350 [pool-247-thread-1] INFO  server.RaftServerConfigKeys (ConfUtils.java:logGet(43)) - raft.server.log.statemachine.data.sync = true (default)
2019-10-14 17:00:45,350 [pool-247-thread-1] INFO  server.RaftServerConfigKeys (ConfUtils.java:logGet(43)) - raft.server.log.statemachine.data.sync.timeout = 10s (default)
2019-10-14 17:00:45,350 [pool-247-thread-1] INFO  server.RaftServerConfigKeys (ConfUtils.java:logGet(43)) - raft.server.log.statemachine.data.sync.timeout.retry = -1 (default)
2019-10-14 17:00:45,351 [pool-247-thread-1] INFO  server.RaftServerConfigKeys (ConfUtils.java:logGet(43)) - raft.server.log.statemachine.data.caching.enabled = true (custom)
2019-10-14 17:00:45,351 [pool-247-thread-1] INFO  segmented.SegmentedRaftLogWorker (SegmentedRaftLogWorker.java:lambda$new$0(128)) - 249d5b2c-e86d-487a-821e-08fb4f48e5a3@group-8A046BE26974-SegmentedRaftLogWorker: flushIndex: setUnconditionally 0 -> -1
2019-10-14 17:00:45,352 [pool-247-thread-1] INFO  server.RaftServerConfigKeys (ConfUtils.java:logGet(43)) - raft.server.snapshot.auto.trigger.enabled = true (custom)
2019-10-14 17:00:45,352 [pool-247-thread-1] INFO  server.RaftServerConfigKeys (ConfUtils.java:logGet(43)) - raft.server.snapshot.auto.trigger.threshold = 10000 (custom)
2019-10-14 17:00:45,352 [pool-247-thread-1] INFO  server.RaftServerConfigKeys (ConfUtils.java:logGet(43)) - raft.server.snapshot.retention.file.num = 5 (custom)
2019-10-14 17:00:45,352 [pool-247-thread-1] INFO  server.RaftServerConfigKeys (ConfUtils.java:logGet(43)) - raft.server.retrycache.expirytime = 600000ms (custom)
2019-10-14 17:00:45,354 [pool-247-thread-1] INFO  impl.RaftServerImpl (RaftServerImpl.java:start(181)) - 249d5b2c-e86d-487a-821e-08fb4f48e5a3@group-8A046BE26974: start as a follower, conf=-1: [249d5b2c-e86d-487a-821e-08fb4f48e5a3:192.168.151.105:40521], old=null
2019-10-14 17:00:45,354 [pool-247-thread-1] INFO  impl.RaftServerImpl (RaftServerImpl.java:setRole(170)) - 249d5b2c-e86d-487a-821e-08fb4f48e5a3@group-8A046BE26974: changes role from      null to FOLLOWER at term 0 for startAsFollower
2019-10-14 17:00:45,354 [pool-247-thread-1] INFO  impl.RoleInfo (RoleInfo.java:updateAndGet(143)) - 249d5b2c-e86d-487a-821e-08fb4f48e5a3: start FollowerState
2019-10-14 17:00:45,355 [pool-247-thread-1] INFO  util.JmxRegister (JmxRegister.java:tryRegister(44)) - Successfully registered JMX Bean with object name Ratis:service=RaftServer,group=group-8A046BE26974,id=249d5b2c-e86d-487a-821e-08fb4f48e5a3
2019-10-14 17:00:45,360 [RatisPipelineUtilsThread] INFO  pipeline.PipelineStateManager (PipelineStateManager.java:addPipeline(56)) - Created pipeline Pipeline[ Id: 83eb7247-ae59-4250-acec-8a046be26974, Nodes: 249d5b2c-e86d-487a-821e-08fb4f48e5a3{ip: 192.168.151.105, host: pr-hdds-2196-2-9v7pc-2718207715, networkLocation: /default-rack, certSerialId: null}, Type:RATIS, Factor:ONE, State:OPEN]
2019-10-14 17:00:45,373 [grpc-default-executor-3] INFO  impl.RaftServerProxy (RaftServerProxy.java:addNew(89)) - e28d8e98-0fc3-4cee-a2d9-999966ee5dd9: addNew group-E213886B0C90:[e28d8e98-0fc3-4cee-a2d9-999966ee5dd9:192.168.151.105:43111] returns group-E213886B0C90:java.util.concurrent.CompletableFuture@1317226b[Not completed]
2019-10-14 17:00:45,374 [pool-257-thread-1] INFO  impl.RaftServerImpl (RaftServerImpl.java:<init>(95)) - e28d8e98-0fc3-4cee-a2d9-999966ee5dd9: new RaftServerImpl for group-E213886B0C90:[e28d8e98-0fc3-4cee-a2d9-999966ee5dd9:192.168.151.105:43111] with ContainerStateMachine:uninitialized
2019-10-14 17:00:45,374 [pool-257-thread-1] INFO  server.RaftServerConfigKeys (ConfUtils.java:logGet(43)) - raft.server.rpc.timeout.min = 5s (custom)
2019-10-14 17:00:45,374 [pool-257-thread-1] INFO  server.RaftServerConfigKeys (ConfUtils.java:logGet(43)) - raft.server.rpc.timeout.max = 5200ms (custom)
2019-10-14 17:00:45,374 [pool-257-thread-1] INFO  server.RaftServerConfigKeys (ConfUtils.java:logGet(43)) - raft.server.rpcslowness.timeout = 120s (custom)
2019-10-14 17:00:45,375 [pool-257-thread-1] INFO  server.RaftServerConfigKeys (ConfUtils.java:logGet(43)) - raft.server.sleep.deviation.threshold = 300 (default)
2019-10-14 17:00:45,375 [pool-257-thread-1] INFO  server.RaftServerConfigKeys (ConfUtils.java:logGet(43)) - raft.server.log.appender.install.snapshot.enabled = false (custom)
2019-10-14 17:00:45,375 [pool-257-thread-1] INFO  impl.RaftServerImpl (ServerState.java:<init>(103)) - e28d8e98-0fc3-4cee-a2d9-999966ee5dd9@group-E213886B0C90: ConfigurationManager, init=-1: [e28d8e98-0fc3-4cee-a2d9-999966ee5dd9:192.168.151.105:43111], old=null, confs=<EMPTY_MAP>
2019-10-14 17:00:45,375 [pool-257-thread-1] INFO  server.RaftServerConfigKeys (ConfUtils.java:logGet(43)) - raft.server.storage.dir = [/workdir/hadoop-ozone/integration-test/target/test-dir/MiniOzoneClusterImpl-7988c91c-7eca-4252-be72-1bce262518f6/datanode-5/data/ratis] (custom)
2019-10-14 17:00:45,375 [pool-257-thread-1] INFO  server.RaftServerConfigKeys (ConfUtils.java:logGet(43)) - raft.server.log.corruption.policy = EXCEPTION (default)
2019-10-14 17:00:45,376 [pool-257-thread-1] INFO  storage.RaftStorageDirectory (RaftStorageDirectory.java:analyzeStorage(246)) - The storage directory /workdir/hadoop-ozone/integration-test/target/test-dir/MiniOzoneClusterImpl-7988c91c-7eca-4252-be72-1bce262518f6/datanode-5/data/ratis/4aaa1c83-bde7-4b54-9d29-e213886b0c90 does not exist. Creating ...
2019-10-14 17:00:45,390 [pool-257-thread-1] INFO  storage.RaftStorageDirectory (RaftStorageDirectory.java:tryLock(328)) - Lock on /workdir/hadoop-ozone/integration-test/target/test-dir/MiniOzoneClusterImpl-7988c91c-7eca-4252-be72-1bce262518f6/datanode-5/data/ratis/4aaa1c83-bde7-4b54-9d29-e213886b0c90/in_use.lock acquired by nodename 26835@pr-hdds-2196-2-9v7pc-2718207715
2019-10-14 17:00:45,403 [pool-257-thread-1] INFO  storage.RaftStorage (RaftStorage.java:format(84)) - Storage directory /workdir/hadoop-ozone/integration-test/target/test-dir/MiniOzoneClusterImpl-7988c91c-7eca-4252-be72-1bce262518f6/datanode-5/data/ratis/4aaa1c83-bde7-4b54-9d29-e213886b0c90 has been successfully formatted.
2019-10-14 17:00:45,403 [pool-257-thread-1] INFO  ratis.ContainerStateMachine (ContainerStateMachine.java:loadSnapshot(231)) - group-E213886B0C90: The snapshot info is null. Setting the last applied indexto:(t:0, i:~)
2019-10-14 17:00:45,403 [pool-257-thread-1] INFO  server.RaftServerConfigKeys (ConfUtils.java:logGet(43)) - raft.server.notification.no-leader.timeout = 120s (custom)
2019-10-14 17:00:45,403 [pool-257-thread-1] INFO  server.RaftServerConfigKeys (ConfUtils.java:logGet(43)) - raft.server.log.use.memory = false (default)
2019-10-14 17:00:45,404 [pool-257-thread-1] INFO  server.RaftServerConfigKeys (ConfUtils.java:logGet(43)) - raft.server.log.purge.gap = 1000000 (custom)
2019-10-14 17:00:45,404 [pool-257-thread-1] INFO  server.RaftServerConfigKeys (ConfUtils.java:logGet(43)) - raft.server.log.appender.buffer.byte-limit = 33554432 (custom)
2019-10-14 17:00:45,404 [pool-257-thread-1] INFO  server.RaftServerConfigKeys (ConfUtils.java:logGet(43)) - raft.server.log.segment.size.max = 1048576 (custom)
2019-10-14 17:00:45,406 [pool-257-thread-1] INFO  server.RaftServerConfigKeys (ConfUtils.java:logGet(43)) - raft.server.log.segment.cache.num.max = 2 (custom)
2019-10-14 17:00:45,406 [pool-257-thread-1] INFO  segmented.SegmentedRaftLogWorker (SegmentedRaftLogWorker.java:<init>(173)) - new e28d8e98-0fc3-4cee-a2d9-999966ee5dd9@group-E213886B0C90-SegmentedRaftLogWorker for RaftStorage:Storage Directory /workdir/hadoop-ozone/integration-test/target/test-dir/MiniOzoneClusterImpl-7988c91c-7eca-4252-be72-1bce262518f6/datanode-5/data/ratis/4aaa1c83-bde7-4b54-9d29-e213886b0c90
2019-10-14 17:00:45,406 [pool-257-thread-1] INFO  server.RaftServerConfigKeys (ConfUtils.java:logGet(43)) - raft.server.log.queue.byte-limit = 2147483647 (custom)
2019-10-14 17:00:45,406 [pool-257-thread-1] INFO  server.RaftServerConfigKeys (ConfUtils.java:logGet(43)) - raft.server.log.queue.element-limit = 1024 (custom)
2019-10-14 17:00:45,406 [pool-257-thread-1] INFO  server.RaftServerConfigKeys (ConfUtils.java:logGet(43)) - raft.server.log.segment.size.max = 1048576 (custom)
2019-10-14 17:00:45,407 [pool-257-thread-1] INFO  server.RaftServerConfigKeys (ConfUtils.java:logGet(43)) - raft.server.log.preallocated.size = 16384 (custom)
2019-10-14 17:00:45,407 [pool-257-thread-1] INFO  server.RaftServerConfigKeys (ConfUtils.java:logGet(43)) - raft.server.log.write.buffer.size = 33554432 (custom)
2019-10-14 17:00:45,407 [pool-257-thread-1] INFO  server.RaftServerConfigKeys (ConfUtils.java:logGet(43)) - raft.server.log.force.sync.num = 128 (default)
2019-10-14 17:00:45,407 [pool-257-thread-1] INFO  server.RaftServerConfigKeys (ConfUtils.java:logGet(43)) - raft.server.log.statemachine.data.sync = true (default)
2019-10-14 17:00:45,407 [pool-257-thread-1] INFO  server.RaftServerConfigKeys (ConfUtils.java:logGet(43)) - raft.server.log.statemachine.data.sync.timeout = 10s (default)
2019-10-14 17:00:45,407 [pool-257-thread-1] INFO  server.RaftServerConfigKeys (ConfUtils.java:logGet(43)) - raft.server.log.statemachine.data.sync.timeout.retry = -1 (default)
2019-10-14 17:00:45,408 [pool-257-thread-1] INFO  server.RaftServerConfigKeys (ConfUtils.java:logGet(43)) - raft.server.log.statemachine.data.caching.enabled = true (custom)
2019-10-14 17:00:45,408 [pool-257-thread-1] INFO  segmented.SegmentedRaftLogWorker (SegmentedRaftLogWorker.java:lambda$new$0(128)) - e28d8e98-0fc3-4cee-a2d9-999966ee5dd9@group-E213886B0C90-SegmentedRaftLogWorker: flushIndex: setUnconditionally 0 -> -1
2019-10-14 17:00:45,408 [pool-257-thread-1] INFO  server.RaftServerConfigKeys (ConfUtils.java:logGet(43)) - raft.server.snapshot.auto.trigger.enabled = true (custom)
2019-10-14 17:00:45,409 [pool-257-thread-1] INFO  server.RaftServerConfigKeys (ConfUtils.java:logGet(43)) - raft.server.snapshot.auto.trigger.threshold = 10000 (custom)
2019-10-14 17:00:45,409 [pool-257-thread-1] INFO  server.RaftServerConfigKeys (ConfUtils.java:logGet(43)) - raft.server.snapshot.retention.file.num = 5 (custom)
2019-10-14 17:00:45,409 [pool-257-thread-1] INFO  server.RaftServerConfigKeys (ConfUtils.java:logGet(43)) - raft.server.retrycache.expirytime = 600000ms (custom)
2019-10-14 17:00:45,411 [pool-257-thread-1] INFO  impl.RaftServerImpl (RaftServerImpl.java:start(181)) - e28d8e98-0fc3-4cee-a2d9-999966ee5dd9@group-E213886B0C90: start as a follower, conf=-1: [e28d8e98-0fc3-4cee-a2d9-999966ee5dd9:192.168.151.105:43111], old=null
2019-10-14 17:00:45,411 [pool-257-thread-1] INFO  impl.RaftServerImpl (RaftServerImpl.java:setRole(170)) - e28d8e98-0fc3-4cee-a2d9-999966ee5dd9@group-E213886B0C90: changes role from      null to FOLLOWER at term 0 for startAsFollower
2019-10-14 17:00:45,411 [pool-257-thread-1] INFO  impl.RoleInfo (RoleInfo.java:updateAndGet(143)) - e28d8e98-0fc3-4cee-a2d9-999966ee5dd9: start FollowerState
2019-10-14 17:00:45,411 [pool-257-thread-1] INFO  util.JmxRegister (JmxRegister.java:tryRegister(44)) - Successfully registered JMX Bean with object name Ratis:service=RaftServer,group=group-E213886B0C90,id=e28d8e98-0fc3-4cee-a2d9-999966ee5dd9
2019-10-14 17:00:45,416 [RatisPipelineUtilsThread] INFO  pipeline.PipelineStateManager (PipelineStateManager.java:addPipeline(56)) - Created pipeline Pipeline[ Id: 4aaa1c83-bde7-4b54-9d29-e213886b0c90, Nodes: e28d8e98-0fc3-4cee-a2d9-999966ee5dd9{ip: 192.168.151.105, host: pr-hdds-2196-2-9v7pc-2718207715, networkLocation: /default-rack, certSerialId: null}, Type:RATIS, Factor:ONE, State:OPEN]
2019-10-14 17:00:45,433 [main] INFO  ozone.MiniOzoneClusterImpl (MiniOzoneClusterImpl.java:lambda$waitForClusterToBeReady$0(147)) - Waiting for cluster to be ready. Got 6 of 7 DN Heartbeats.
2019-10-14 17:00:45,434 [grpc-default-executor-3] INFO  impl.RaftServerProxy (RaftServerProxy.java:addNew(89)) - 19b53c23-9565-44b6-aff2-7bf9b2e42cb6: addNew group-E1A10861DDD3:[249d5b2c-e86d-487a-821e-08fb4f48e5a3:192.168.151.105:40521, 19b53c23-9565-44b6-aff2-7bf9b2e42cb6:192.168.151.105:34245, e28d8e98-0fc3-4cee-a2d9-999966ee5dd9:192.168.151.105:43111] returns group-E1A10861DDD3:java.util.concurrent.CompletableFuture@261cb8e3[Not completed]
2019-10-14 17:00:45,433 [grpc-default-executor-0] INFO  impl.RaftServerProxy (RaftServerProxy.java:addNew(89)) - 249d5b2c-e86d-487a-821e-08fb4f48e5a3: addNew group-E1A10861DDD3:[249d5b2c-e86d-487a-821e-08fb4f48e5a3:192.168.151.105:40521, 19b53c23-9565-44b6-aff2-7bf9b2e42cb6:192.168.151.105:34245, e28d8e98-0fc3-4cee-a2d9-999966ee5dd9:192.168.151.105:43111] returns group-E1A10861DDD3:java.util.concurrent.CompletableFuture@dda618d[Not completed]
2019-10-14 17:00:45,433 [grpc-default-executor-1] INFO  impl.RaftServerProxy (RaftServerProxy.java:addNew(89)) - e28d8e98-0fc3-4cee-a2d9-999966ee5dd9: addNew group-E1A10861DDD3:[249d5b2c-e86d-487a-821e-08fb4f48e5a3:192.168.151.105:40521, 19b53c23-9565-44b6-aff2-7bf9b2e42cb6:192.168.151.105:34245, e28d8e98-0fc3-4cee-a2d9-999966ee5dd9:192.168.151.105:43111] returns group-E1A10861DDD3:java.util.concurrent.CompletableFuture@658a39d6[Not completed]
2019-10-14 17:00:45,434 [IPC Server handler 4 on 35893] INFO  net.NetworkTopology (NetworkTopologyImpl.java:add(111)) - Added a new node: /default-rack/609d6bd0-2be1-4119-bf26-bede56100f11
2019-10-14 17:00:45,434 [IPC Server handler 4 on 35893] INFO  node.SCMNodeManager (SCMNodeManager.java:register(313)) - Registered Data node : 609d6bd0-2be1-4119-bf26-bede56100f11{ip: 192.168.151.105, host: pr-hdds-2196-2-9v7pc-2718207715, networkLocation: /default-rack, certSerialId: null}
2019-10-14 17:00:45,435 [pool-257-thread-1] INFO  impl.RaftServerImpl (RaftServerImpl.java:<init>(95)) - e28d8e98-0fc3-4cee-a2d9-999966ee5dd9: new RaftServerImpl for group-E1A10861DDD3:[249d5b2c-e86d-487a-821e-08fb4f48e5a3:192.168.151.105:40521, 19b53c23-9565-44b6-aff2-7bf9b2e42cb6:192.168.151.105:34245, e28d8e98-0fc3-4cee-a2d9-999966ee5dd9:192.168.151.105:43111] with ContainerStateMachine:uninitialized
2019-10-14 17:00:45,435 [pool-257-thread-1] INFO  server.RaftServerConfigKeys (ConfUtils.java:logGet(43)) - raft.server.rpc.timeout.min = 5s (custom)
2019-10-14 17:00:45,435 [pool-257-thread-1] INFO  server.RaftServerConfigKeys (ConfUtils.java:logGet(43)) - raft.server.rpc.timeout.max = 5200ms (custom)
2019-10-14 17:00:45,435 [pool-257-thread-1] INFO  server.RaftServerConfigKeys (ConfUtils.java:logGet(43)) - raft.server.rpcslowness.timeout = 120s (custom)
2019-10-14 17:00:45,435 [pool-227-thread-1] INFO  impl.RaftServerImpl (RaftServerImpl.java:<init>(95)) - 19b53c23-9565-44b6-aff2-7bf9b2e42cb6: new RaftServerImpl for group-E1A10861DDD3:[249d5b2c-e86d-487a-821e-08fb4f48e5a3:192.168.151.105:40521, 19b53c23-9565-44b6-aff2-7bf9b2e42cb6:192.168.151.105:34245, e28d8e98-0fc3-4cee-a2d9-999966ee5dd9:192.168.151.105:43111] with ContainerStateMachine:uninitialized
2019-10-14 17:00:45,435 [pool-257-thread-1] INFO  server.RaftServerConfigKeys (ConfUtils.java:logGet(43)) - raft.server.sleep.deviation.threshold = 300 (default)
2019-10-14 17:00:45,435 [pool-227-thread-1] INFO  server.RaftServerConfigKeys (ConfUtils.java:logGet(43)) - raft.server.rpc.timeout.min = 5s (custom)
2019-10-14 17:00:45,436 [pool-257-thread-1] INFO  server.RaftServerConfigKeys (ConfUtils.java:logGet(43)) - raft.server.log.appender.install.snapshot.enabled = false (custom)
2019-10-14 17:00:45,436 [pool-247-thread-1] INFO  impl.RaftServerImpl (RaftServerImpl.java:<init>(95)) - 249d5b2c-e86d-487a-821e-08fb4f48e5a3: new RaftServerImpl for group-E1A10861DDD3:[249d5b2c-e86d-487a-821e-08fb4f48e5a3:192.168.151.105:40521, 19b53c23-9565-44b6-aff2-7bf9b2e42cb6:192.168.151.105:34245, e28d8e98-0fc3-4cee-a2d9-999966ee5dd9:192.168.151.105:43111] with ContainerStateMachine:uninitialized
2019-10-14 17:00:45,436 [pool-227-thread-1] INFO  server.RaftServerConfigKeys (ConfUtils.java:logGet(43)) - raft.server.rpc.timeout.max = 5200ms (custom)
2019-10-14 17:00:45,436 [pool-247-thread-1] INFO  server.RaftServerConfigKeys (ConfUtils.java:logGet(43)) - raft.server.rpc.timeout.min = 5s (custom)
2019-10-14 17:00:45,436 [pool-257-thread-1] INFO  impl.RaftServerImpl (ServerState.java:<init>(103)) - e28d8e98-0fc3-4cee-a2d9-999966ee5dd9@group-E1A10861DDD3: ConfigurationManager, init=-1: [249d5b2c-e86d-487a-821e-08fb4f48e5a3:192.168.151.105:40521, 19b53c23-9565-44b6-aff2-7bf9b2e42cb6:192.168.151.105:34245, e28d8e98-0fc3-4cee-a2d9-999966ee5dd9:192.168.151.105:43111], old=null, confs=<EMPTY_MAP>
2019-10-14 17:00:45,436 [pool-247-thread-1] INFO  server.RaftServerConfigKeys (ConfUtils.java:logGet(43)) - raft.server.rpc.timeout.max = 5200ms (custom)
2019-10-14 17:00:45,436 [pool-227-thread-1] INFO  server.RaftServerConfigKeys (ConfUtils.java:logGet(43)) - raft.server.rpcslowness.timeout = 120s (custom)
2019-10-14 17:00:45,436 [pool-247-thread-1] INFO  server.RaftServerConfigKeys (ConfUtils.java:logGet(43)) - raft.server.rpcslowness.timeout = 120s (custom)
2019-10-14 17:00:45,436 [pool-257-thread-1] INFO  server.RaftServerConfigKeys (ConfUtils.java:logGet(43)) - raft.server.storage.dir = [/workdir/hadoop-ozone/integration-test/target/test-dir/MiniOzoneClusterImpl-7988c91c-7eca-4252-be72-1bce262518f6/datanode-5/data/ratis] (custom)
2019-10-14 17:00:45,437 [pool-247-thread-1] INFO  server.RaftServerConfigKeys (ConfUtils.java:logGet(43)) - raft.server.sleep.deviation.threshold = 300 (default)
2019-10-14 17:00:45,437 [pool-227-thread-1] INFO  server.RaftServerConfigKeys (ConfUtils.java:logGet(43)) - raft.server.sleep.deviation.threshold = 300 (default)
2019-10-14 17:00:45,437 [pool-247-thread-1] INFO  server.RaftServerConfigKeys (ConfUtils.java:logGet(43)) - raft.server.log.appender.install.snapshot.enabled = false (custom)
2019-10-14 17:00:45,437 [pool-257-thread-1] INFO  server.RaftServerConfigKeys (ConfUtils.java:logGet(43)) - raft.server.log.corruption.policy = EXCEPTION (default)
2019-10-14 17:00:45,437 [pool-247-thread-1] INFO  impl.RaftServerImpl (ServerState.java:<init>(103)) - 249d5b2c-e86d-487a-821e-08fb4f48e5a3@group-E1A10861DDD3: ConfigurationManager, init=-1: [249d5b2c-e86d-487a-821e-08fb4f48e5a3:192.168.151.105:40521, 19b53c23-9565-44b6-aff2-7bf9b2e42cb6:192.168.151.105:34245, e28d8e98-0fc3-4cee-a2d9-999966ee5dd9:192.168.151.105:43111], old=null, confs=<EMPTY_MAP>
2019-10-14 17:00:45,437 [pool-227-thread-1] INFO  server.RaftServerConfigKeys (ConfUtils.java:logGet(43)) - raft.server.log.appender.install.snapshot.enabled = false (custom)
2019-10-14 17:00:45,438 [pool-247-thread-1] INFO  server.RaftServerConfigKeys (ConfUtils.java:logGet(43)) - raft.server.storage.dir = [/workdir/hadoop-ozone/integration-test/target/test-dir/MiniOzoneClusterImpl-7988c91c-7eca-4252-be72-1bce262518f6/datanode-4/data/ratis] (custom)
2019-10-14 17:00:45,437 [pool-257-thread-1] INFO  storage.RaftStorageDirectory (RaftStorageDirectory.java:analyzeStorage(246)) - The storage directory /workdir/hadoop-ozone/integration-test/target/test-dir/MiniOzoneClusterImpl-7988c91c-7eca-4252-be72-1bce262518f6/datanode-5/data/ratis/645ea335-4eb1-4e06-b00a-e1a10861ddd3 does not exist. Creating ...
2019-10-14 17:00:45,438 [pool-227-thread-1] INFO  impl.RaftServerImpl (ServerState.java:<init>(103)) - 19b53c23-9565-44b6-aff2-7bf9b2e42cb6@group-E1A10861DDD3: ConfigurationManager, init=-1: [249d5b2c-e86d-487a-821e-08fb4f48e5a3:192.168.151.105:40521, 19b53c23-9565-44b6-aff2-7bf9b2e42cb6:192.168.151.105:34245, e28d8e98-0fc3-4cee-a2d9-999966ee5dd9:192.168.151.105:43111], old=null, confs=<EMPTY_MAP>
2019-10-14 17:00:45,438 [pool-247-thread-1] INFO  server.RaftServerConfigKeys (ConfUtils.java:logGet(43)) - raft.server.log.corruption.policy = EXCEPTION (default)
2019-10-14 17:00:45,438 [pool-227-thread-1] INFO  server.RaftServerConfigKeys (ConfUtils.java:logGet(43)) - raft.server.storage.dir = [/workdir/hadoop-ozone/integration-test/target/test-dir/MiniOzoneClusterImpl-7988c91c-7eca-4252-be72-1bce262518f6/datanode-2/data/ratis] (custom)
2019-10-14 17:00:45,438 [pool-247-thread-1] INFO  storage.RaftStorageDirectory (RaftStorageDirectory.java:analyzeStorage(246)) - The storage directory /workdir/hadoop-ozone/integration-test/target/test-dir/MiniOzoneClusterImpl-7988c91c-7eca-4252-be72-1bce262518f6/datanode-4/data/ratis/645ea335-4eb1-4e06-b00a-e1a10861ddd3 does not exist. Creating ...
2019-10-14 17:00:45,439 [pool-227-thread-1] INFO  server.RaftServerConfigKeys (ConfUtils.java:logGet(43)) - raft.server.log.corruption.policy = EXCEPTION (default)
2019-10-14 17:00:45,439 [pool-227-thread-1] INFO  storage.RaftStorageDirectory (RaftStorageDirectory.java:analyzeStorage(246)) - The storage directory /workdir/hadoop-ozone/integration-test/target/test-dir/MiniOzoneClusterImpl-7988c91c-7eca-4252-be72-1bce262518f6/datanode-2/data/ratis/645ea335-4eb1-4e06-b00a-e1a10861ddd3 does not exist. Creating ...
2019-10-14 17:00:45,463 [pool-247-thread-1] INFO  storage.RaftStorageDirectory (RaftStorageDirectory.java:tryLock(328)) - Lock on /workdir/hadoop-ozone/integration-test/target/test-dir/MiniOzoneClusterImpl-7988c91c-7eca-4252-be72-1bce262518f6/datanode-4/data/ratis/645ea335-4eb1-4e06-b00a-e1a10861ddd3/in_use.lock acquired by nodename 26835@pr-hdds-2196-2-9v7pc-2718207715
2019-10-14 17:00:45,463 [pool-227-thread-1] INFO  storage.RaftStorageDirectory (RaftStorageDirectory.java:tryLock(328)) - Lock on /workdir/hadoop-ozone/integration-test/target/test-dir/MiniOzoneClusterImpl-7988c91c-7eca-4252-be72-1bce262518f6/datanode-2/data/ratis/645ea335-4eb1-4e06-b00a-e1a10861ddd3/in_use.lock acquired by nodename 26835@pr-hdds-2196-2-9v7pc-2718207715
2019-10-14 17:00:45,463 [pool-257-thread-1] INFO  storage.RaftStorageDirectory (RaftStorageDirectory.java:tryLock(328)) - Lock on /workdir/hadoop-ozone/integration-test/target/test-dir/MiniOzoneClusterImpl-7988c91c-7eca-4252-be72-1bce262518f6/datanode-5/data/ratis/645ea335-4eb1-4e06-b00a-e1a10861ddd3/in_use.lock acquired by nodename 26835@pr-hdds-2196-2-9v7pc-2718207715
2019-10-14 17:00:45,488 [pool-247-thread-1] INFO  storage.RaftStorage (RaftStorage.java:format(84)) - Storage directory /workdir/hadoop-ozone/integration-test/target/test-dir/MiniOzoneClusterImpl-7988c91c-7eca-4252-be72-1bce262518f6/datanode-4/data/ratis/645ea335-4eb1-4e06-b00a-e1a10861ddd3 has been successfully formatted.
2019-10-14 17:00:45,488 [pool-227-thread-1] INFO  storage.RaftStorage (RaftStorage.java:format(84)) - Storage directory /workdir/hadoop-ozone/integration-test/target/test-dir/MiniOzoneClusterImpl-7988c91c-7eca-4252-be72-1bce262518f6/datanode-2/data/ratis/645ea335-4eb1-4e06-b00a-e1a10861ddd3 has been successfully formatted.
2019-10-14 17:00:45,488 [pool-257-thread-1] INFO  storage.RaftStorage (RaftStorage.java:format(84)) - Storage directory /workdir/hadoop-ozone/integration-test/target/test-dir/MiniOzoneClusterImpl-7988c91c-7eca-4252-be72-1bce262518f6/datanode-5/data/ratis/645ea335-4eb1-4e06-b00a-e1a10861ddd3 has been successfully formatted.
2019-10-14 17:00:45,489 [pool-227-thread-1] INFO  ratis.ContainerStateMachine (ContainerStateMachine.java:loadSnapshot(231)) - group-E1A10861DDD3: The snapshot info is null. Setting the last applied indexto:(t:0, i:~)
2019-10-14 17:00:45,489 [pool-247-thread-1] INFO  ratis.ContainerStateMachine (ContainerStateMachine.java:loadSnapshot(231)) - group-E1A10861DDD3: The snapshot info is null. Setting the last applied indexto:(t:0, i:~)
2019-10-14 17:00:45,489 [pool-227-thread-1] INFO  server.RaftServerConfigKeys (ConfUtils.java:logGet(43)) - raft.server.notification.no-leader.timeout = 120s (custom)
2019-10-14 17:00:45,489 [pool-257-thread-1] INFO  ratis.ContainerStateMachine (ContainerStateMachine.java:loadSnapshot(231)) - group-E1A10861DDD3: The snapshot info is null. Setting the last applied indexto:(t:0, i:~)
2019-10-14 17:00:45,489 [pool-227-thread-1] INFO  server.RaftServerConfigKeys (ConfUtils.java:logGet(43)) - raft.server.log.use.memory = false (default)
2019-10-14 17:00:45,489 [pool-247-thread-1] INFO  server.RaftServerConfigKeys (ConfUtils.java:logGet(43)) - raft.server.notification.no-leader.timeout = 120s (custom)
2019-10-14 17:00:45,490 [pool-227-thread-1] INFO  server.RaftServerConfigKeys (ConfUtils.java:logGet(43)) - raft.server.log.purge.gap = 1000000 (custom)
2019-10-14 17:00:45,489 [pool-257-thread-1] INFO  server.RaftServerConfigKeys (ConfUtils.java:logGet(43)) - raft.server.notification.no-leader.timeout = 120s (custom)
2019-10-14 17:00:45,490 [pool-227-thread-1] INFO  server.RaftServerConfigKeys (ConfUtils.java:logGet(43)) - raft.server.log.appender.buffer.byte-limit = 33554432 (custom)
2019-10-14 17:00:45,490 [pool-247-thread-1] INFO  server.RaftServerConfigKeys (ConfUtils.java:logGet(43)) - raft.server.log.use.memory = false (default)
2019-10-14 17:00:45,490 [pool-227-thread-1] INFO  server.RaftServerConfigKeys (ConfUtils.java:logGet(43)) - raft.server.log.segment.size.max = 1048576 (custom)
2019-10-14 17:00:45,490 [pool-257-thread-1] INFO  server.RaftServerConfigKeys (ConfUtils.java:logGet(43)) - raft.server.log.use.memory = false (default)
2019-10-14 17:00:45,490 [pool-227-thread-1] INFO  server.RaftServerConfigKeys (ConfUtils.java:logGet(43)) - raft.server.log.segment.cache.num.max = 2 (custom)
2019-10-14 17:00:45,490 [pool-247-thread-1] INFO  server.RaftServerConfigKeys (ConfUtils.java:logGet(43)) - raft.server.log.purge.gap = 1000000 (custom)
2019-10-14 17:00:45,491 [pool-227-thread-1] INFO  segmented.SegmentedRaftLogWorker (SegmentedRaftLogWorker.java:<init>(173)) - new 19b53c23-9565-44b6-aff2-7bf9b2e42cb6@group-E1A10861DDD3-SegmentedRaftLogWorker for RaftStorage:Storage Directory /workdir/hadoop-ozone/integration-test/target/test-dir/MiniOzoneClusterImpl-7988c91c-7eca-4252-be72-1bce262518f6/datanode-2/data/ratis/645ea335-4eb1-4e06-b00a-e1a10861ddd3
2019-10-14 17:00:45,491 [pool-257-thread-1] INFO  server.RaftServerConfigKeys (ConfUtils.java:logGet(43)) - raft.server.log.purge.gap = 1000000 (custom)
2019-10-14 17:00:45,491 [pool-227-thread-1] INFO  server.RaftServerConfigKeys (ConfUtils.java:logGet(43)) - raft.server.log.queue.byte-limit = 2147483647 (custom)
2019-10-14 17:00:45,491 [pool-247-thread-1] INFO  server.RaftServerConfigKeys (ConfUtils.java:logGet(43)) - raft.server.log.appender.buffer.byte-limit = 33554432 (custom)
2019-10-14 17:00:45,491 [pool-227-thread-1] INFO  server.RaftServerConfigKeys (ConfUtils.java:logGet(43)) - raft.server.log.queue.element-limit = 1024 (custom)
2019-10-14 17:00:45,491 [pool-257-thread-1] INFO  server.RaftServerConfigKeys (ConfUtils.java:logGet(43)) - raft.server.log.appender.buffer.byte-limit = 33554432 (custom)
2019-10-14 17:00:45,492 [pool-227-thread-1] INFO  server.RaftServerConfigKeys (ConfUtils.java:logGet(43)) - raft.server.log.segment.size.max = 1048576 (custom)
2019-10-14 17:00:45,491 [pool-247-thread-1] INFO  server.RaftServerConfigKeys (ConfUtils.java:logGet(43)) - raft.server.log.segment.size.max = 1048576 (custom)
2019-10-14 17:00:45,492 [pool-227-thread-1] INFO  server.RaftServerConfigKeys (ConfUtils.java:logGet(43)) - raft.server.log.preallocated.size = 16384 (custom)
2019-10-14 17:00:45,492 [pool-257-thread-1] INFO  server.RaftServerConfigKeys (ConfUtils.java:logGet(43)) - raft.server.log.segment.size.max = 1048576 (custom)
2019-10-14 17:00:45,492 [pool-227-thread-1] INFO  server.RaftServerConfigKeys (ConfUtils.java:logGet(43)) - raft.server.log.write.buffer.size = 33554432 (custom)
2019-10-14 17:00:45,492 [pool-247-thread-1] INFO  server.RaftServerConfigKeys (ConfUtils.java:logGet(43)) - raft.server.log.segment.cache.num.max = 2 (custom)
2019-10-14 17:00:45,492 [pool-227-thread-1] INFO  server.RaftServerConfigKeys (ConfUtils.java:logGet(43)) - raft.server.log.force.sync.num = 128 (default)
2019-10-14 17:00:45,492 [pool-257-thread-1] INFO  server.RaftServerConfigKeys (ConfUtils.java:logGet(43)) - raft.server.log.segment.cache.num.max = 2 (custom)
2019-10-14 17:00:45,493 [pool-227-thread-1] INFO  server.RaftServerConfigKeys (ConfUtils.java:logGet(43)) - raft.server.log.statemachine.data.sync = true (default)
2019-10-14 17:00:45,492 [pool-247-thread-1] INFO  segmented.SegmentedRaftLogWorker (SegmentedRaftLogWorker.java:<init>(173)) - new 249d5b2c-e86d-487a-821e-08fb4f48e5a3@group-E1A10861DDD3-SegmentedRaftLogWorker for RaftStorage:Storage Directory /workdir/hadoop-ozone/integration-test/target/test-dir/MiniOzoneClusterImpl-7988c91c-7eca-4252-be72-1bce262518f6/datanode-4/data/ratis/645ea335-4eb1-4e06-b00a-e1a10861ddd3
2019-10-14 17:00:45,493 [pool-227-thread-1] INFO  server.RaftServerConfigKeys (ConfUtils.java:logGet(43)) - raft.server.log.statemachine.data.sync.timeout = 10s (default)
2019-10-14 17:00:45,493 [pool-257-thread-1] INFO  segmented.SegmentedRaftLogWorker (SegmentedRaftLogWorker.java:<init>(173)) - new e28d8e98-0fc3-4cee-a2d9-999966ee5dd9@group-E1A10861DDD3-SegmentedRaftLogWorker for RaftStorage:Storage Directory /workdir/hadoop-ozone/integration-test/target/test-dir/MiniOzoneClusterImpl-7988c91c-7eca-4252-be72-1bce262518f6/datanode-5/data/ratis/645ea335-4eb1-4e06-b00a-e1a10861ddd3
2019-10-14 17:00:45,493 [pool-227-thread-1] INFO  server.RaftServerConfigKeys (ConfUtils.java:logGet(43)) - raft.server.log.statemachine.data.sync.timeout.retry = -1 (default)
2019-10-14 17:00:45,493 [pool-247-thread-1] INFO  server.RaftServerConfigKeys (ConfUtils.java:logGet(43)) - raft.server.log.queue.byte-limit = 2147483647 (custom)
2019-10-14 17:00:45,494 [pool-227-thread-1] INFO  server.RaftServerConfigKeys (ConfUtils.java:logGet(43)) - raft.server.log.statemachine.data.caching.enabled = true (custom)
2019-10-14 17:00:45,493 [pool-257-thread-1] INFO  server.RaftServerConfigKeys (ConfUtils.java:logGet(43)) - raft.server.log.queue.byte-limit = 2147483647 (custom)
2019-10-14 17:00:45,494 [pool-227-thread-1] INFO  segmented.SegmentedRaftLogWorker (SegmentedRaftLogWorker.java:lambda$new$0(128)) - 19b53c23-9565-44b6-aff2-7bf9b2e42cb6@group-E1A10861DDD3-SegmentedRaftLogWorker: flushIndex: setUnconditionally 0 -> -1
2019-10-14 17:00:45,494 [pool-247-thread-1] INFO  server.RaftServerConfigKeys (ConfUtils.java:logGet(43)) - raft.server.log.queue.element-limit = 1024 (custom)
2019-10-14 17:00:45,494 [pool-257-thread-1] INFO  server.RaftServerConfigKeys (ConfUtils.java:logGet(43)) - raft.server.log.queue.element-limit = 1024 (custom)
2019-10-14 17:00:45,494 [pool-227-thread-1] INFO  server.RaftServerConfigKeys (ConfUtils.java:logGet(43)) - raft.server.snapshot.auto.trigger.enabled = true (custom)
2019-10-14 17:00:45,494 [pool-247-thread-1] INFO  server.RaftServerConfigKeys (ConfUtils.java:logGet(43)) - raft.server.log.segment.size.max = 1048576 (custom)
2019-10-14 17:00:45,494 [pool-227-thread-1] INFO  server.RaftServerConfigKeys (ConfUtils.java:logGet(43)) - raft.server.snapshot.auto.trigger.threshold = 10000 (custom)
2019-10-14 17:00:45,494 [pool-257-thread-1] INFO  server.RaftServerConfigKeys (ConfUtils.java:logGet(43)) - raft.server.log.segment.size.max = 1048576 (custom)
2019-10-14 17:00:45,495 [pool-227-thread-1] INFO  server.RaftServerConfigKeys (ConfUtils.java:logGet(43)) - raft.server.snapshot.retention.file.num = 5 (custom)
2019-10-14 17:00:45,494 [pool-247-thread-1] INFO  server.RaftServerConfigKeys (ConfUtils.java:logGet(43)) - raft.server.log.preallocated.size = 16384 (custom)
2019-10-14 17:00:45,495 [pool-227-thread-1] INFO  server.RaftServerConfigKeys (ConfUtils.java:logGet(43)) - raft.server.retrycache.expirytime = 600000ms (custom)
2019-10-14 17:00:45,495 [pool-257-thread-1] INFO  server.RaftServerConfigKeys (ConfUtils.java:logGet(43)) - raft.server.log.preallocated.size = 16384 (custom)
2019-10-14 17:00:45,495 [pool-247-thread-1] INFO  server.RaftServerConfigKeys (ConfUtils.java:logGet(43)) - raft.server.log.write.buffer.size = 33554432 (custom)
2019-10-14 17:00:45,495 [pool-257-thread-1] INFO  server.RaftServerConfigKeys (ConfUtils.java:logGet(43)) - raft.server.log.write.buffer.size = 33554432 (custom)
2019-10-14 17:00:45,495 [pool-247-thread-1] INFO  server.RaftServerConfigKeys (ConfUtils.java:logGet(43)) - raft.server.log.force.sync.num = 128 (default)
2019-10-14 17:00:45,496 [pool-257-thread-1] INFO  server.RaftServerConfigKeys (ConfUtils.java:logGet(43)) - raft.server.log.force.sync.num = 128 (default)
2019-10-14 17:00:45,496 [pool-247-thread-1] INFO  server.RaftServerConfigKeys (ConfUtils.java:logGet(43)) - raft.server.log.statemachine.data.sync = true (default)
2019-10-14 17:00:45,496 [pool-257-thread-1] INFO  server.RaftServerConfigKeys (ConfUtils.java:logGet(43)) - raft.server.log.statemachine.data.sync = true (default)
2019-10-14 17:00:45,496 [pool-247-thread-1] INFO  server.RaftServerConfigKeys (ConfUtils.java:logGet(43)) - raft.server.log.statemachine.data.sync.timeout = 10s (default)
2019-10-14 17:00:45,496 [pool-257-thread-1] INFO  server.RaftServerConfigKeys (ConfUtils.java:logGet(43)) - raft.server.log.statemachine.data.sync.timeout = 10s (default)
2019-10-14 17:00:45,496 [pool-247-thread-1] INFO  server.RaftServerConfigKeys (ConfUtils.java:logGet(43)) - raft.server.log.statemachine.data.sync.timeout.retry = -1 (default)
2019-10-14 17:00:45,496 [pool-257-thread-1] INFO  server.RaftServerConfigKeys (ConfUtils.java:logGet(43)) - raft.server.log.statemachine.data.sync.timeout.retry = -1 (default)
2019-10-14 17:00:45,496 [pool-247-thread-1] INFO  server.RaftServerConfigKeys (ConfUtils.java:logGet(43)) - raft.server.log.statemachine.data.caching.enabled = true (custom)
2019-10-14 17:00:45,497 [pool-257-thread-1] INFO  server.RaftServerConfigKeys (ConfUtils.java:logGet(43)) - raft.server.log.statemachine.data.caching.enabled = true (custom)
2019-10-14 17:00:45,497 [pool-247-thread-1] INFO  segmented.SegmentedRaftLogWorker (SegmentedRaftLogWorker.java:lambda$new$0(128)) - 249d5b2c-e86d-487a-821e-08fb4f48e5a3@group-E1A10861DDD3-SegmentedRaftLogWorker: flushIndex: setUnconditionally 0 -> -1
2019-10-14 17:00:45,497 [pool-227-thread-1] INFO  impl.RaftServerImpl (RaftServerImpl.java:start(181)) - 19b53c23-9565-44b6-aff2-7bf9b2e42cb6@group-E1A10861DDD3: start as a follower, conf=-1: [249d5b2c-e86d-487a-821e-08fb4f48e5a3:192.168.151.105:40521, 19b53c23-9565-44b6-aff2-7bf9b2e42cb6:192.168.151.105:34245, e28d8e98-0fc3-4cee-a2d9-999966ee5dd9:192.168.151.105:43111], old=null
2019-10-14 17:00:45,497 [pool-247-thread-1] INFO  server.RaftServerConfigKeys (ConfUtils.java:logGet(43)) - raft.server.snapshot.auto.trigger.enabled = true (custom)
2019-10-14 17:00:45,497 [pool-227-thread-1] INFO  impl.RaftServerImpl (RaftServerImpl.java:setRole(170)) - 19b53c23-9565-44b6-aff2-7bf9b2e42cb6@group-E1A10861DDD3: changes role from      null to FOLLOWER at term 0 for startAsFollower
2019-10-14 17:00:45,497 [pool-257-thread-1] INFO  segmented.SegmentedRaftLogWorker (SegmentedRaftLogWorker.java:lambda$new$0(128)) - e28d8e98-0fc3-4cee-a2d9-999966ee5dd9@group-E1A10861DDD3-SegmentedRaftLogWorker: flushIndex: setUnconditionally 0 -> -1
2019-10-14 17:00:45,497 [pool-227-thread-1] INFO  impl.RoleInfo (RoleInfo.java:updateAndGet(143)) - 19b53c23-9565-44b6-aff2-7bf9b2e42cb6: start FollowerState
2019-10-14 17:00:45,497 [pool-247-thread-1] INFO  server.RaftServerConfigKeys (ConfUtils.java:logGet(43)) - raft.server.snapshot.auto.trigger.threshold = 10000 (custom)
2019-10-14 17:00:45,498 [pool-257-thread-1] INFO  server.RaftServerConfigKeys (ConfUtils.java:logGet(43)) - raft.server.snapshot.auto.trigger.enabled = true (custom)
2019-10-14 17:00:45,498 [pool-227-thread-1] INFO  util.JmxRegister (JmxRegister.java:tryRegister(44)) - Successfully registered JMX Bean with object name Ratis:service=RaftServer,group=group-E1A10861DDD3,id=19b53c23-9565-44b6-aff2-7bf9b2e42cb6
2019-10-14 17:00:45,498 [pool-247-thread-1] INFO  server.RaftServerConfigKeys (ConfUtils.java:logGet(43)) - raft.server.snapshot.retention.file.num = 5 (custom)
2019-10-14 17:00:45,498 [pool-257-thread-1] INFO  server.RaftServerConfigKeys (ConfUtils.java:logGet(43)) - raft.server.snapshot.auto.trigger.threshold = 10000 (custom)
2019-10-14 17:00:45,498 [pool-247-thread-1] INFO  server.RaftServerConfigKeys (ConfUtils.java:logGet(43)) - raft.server.retrycache.expirytime = 600000ms (custom)
2019-10-14 17:00:45,498 [pool-257-thread-1] INFO  server.RaftServerConfigKeys (ConfUtils.java:logGet(43)) - raft.server.snapshot.retention.file.num = 5 (custom)
2019-10-14 17:00:45,499 [pool-257-thread-1] INFO  server.RaftServerConfigKeys (ConfUtils.java:logGet(43)) - raft.server.retrycache.expirytime = 600000ms (custom)
2019-10-14 17:00:45,502 [pool-247-thread-1] INFO  impl.RaftServerImpl (RaftServerImpl.java:start(181)) - 249d5b2c-e86d-487a-821e-08fb4f48e5a3@group-E1A10861DDD3: start as a follower, conf=-1: [249d5b2c-e86d-487a-821e-08fb4f48e5a3:192.168.151.105:40521, 19b53c23-9565-44b6-aff2-7bf9b2e42cb6:192.168.151.105:34245, e28d8e98-0fc3-4cee-a2d9-999966ee5dd9:192.168.151.105:43111], old=null
2019-10-14 17:00:45,502 [pool-247-thread-1] INFO  impl.RaftServerImpl (RaftServerImpl.java:setRole(170)) - 249d5b2c-e86d-487a-821e-08fb4f48e5a3@group-E1A10861DDD3: changes role from      null to FOLLOWER at term 0 for startAsFollower
2019-10-14 17:00:45,502 [pool-247-thread-1] INFO  impl.RoleInfo (RoleInfo.java:updateAndGet(143)) - 249d5b2c-e86d-487a-821e-08fb4f48e5a3: start FollowerState
2019-10-14 17:00:45,502 [pool-247-thread-1] INFO  util.JmxRegister (JmxRegister.java:tryRegister(44)) - Successfully registered JMX Bean with object name Ratis:service=RaftServer,group=group-E1A10861DDD3,id=249d5b2c-e86d-487a-821e-08fb4f48e5a3
2019-10-14 17:00:45,502 [pool-257-thread-1] INFO  impl.RaftServerImpl (RaftServerImpl.java:start(181)) - e28d8e98-0fc3-4cee-a2d9-999966ee5dd9@group-E1A10861DDD3: start as a follower, conf=-1: [249d5b2c-e86d-487a-821e-08fb4f48e5a3:192.168.151.105:40521, 19b53c23-9565-44b6-aff2-7bf9b2e42cb6:192.168.151.105:34245, e28d8e98-0fc3-4cee-a2d9-999966ee5dd9:192.168.151.105:43111], old=null
2019-10-14 17:00:45,502 [pool-257-thread-1] INFO  impl.RaftServerImpl (RaftServerImpl.java:setRole(170)) - e28d8e98-0fc3-4cee-a2d9-999966ee5dd9@group-E1A10861DDD3: changes role from      null to FOLLOWER at term 0 for startAsFollower
2019-10-14 17:00:45,503 [pool-257-thread-1] INFO  impl.RoleInfo (RoleInfo.java:updateAndGet(143)) - e28d8e98-0fc3-4cee-a2d9-999966ee5dd9: start FollowerState
2019-10-14 17:00:45,503 [pool-257-thread-1] INFO  util.JmxRegister (JmxRegister.java:tryRegister(44)) - Successfully registered JMX Bean with object name Ratis:service=RaftServer,group=group-E1A10861DDD3,id=e28d8e98-0fc3-4cee-a2d9-999966ee5dd9
2019-10-14 17:00:45,508 [RatisPipelineUtilsThread] INFO  pipeline.PipelineStateManager (PipelineStateManager.java:addPipeline(56)) - Created pipeline Pipeline[ Id: 645ea335-4eb1-4e06-b00a-e1a10861ddd3, Nodes: 249d5b2c-e86d-487a-821e-08fb4f48e5a3{ip: 192.168.151.105, host: pr-hdds-2196-2-9v7pc-2718207715, networkLocation: /default-rack, certSerialId: null}19b53c23-9565-44b6-aff2-7bf9b2e42cb6{ip: 192.168.151.105, host: pr-hdds-2196-2-9v7pc-2718207715, networkLocation: /default-rack, certSerialId: null}e28d8e98-0fc3-4cee-a2d9-999966ee5dd9{ip: 192.168.151.105, host: pr-hdds-2196-2-9v7pc-2718207715, networkLocation: /default-rack, certSerialId: null}, Type:RATIS, Factor:THREE, State:OPEN]
2019-10-14 17:00:46,434 [main] INFO  ozone.MiniOzoneClusterImpl (MiniOzoneClusterImpl.java:lambda$waitForClusterToBeReady$0(147)) - Cluster is ready. Got 7 of 7 DN Heartbeats.
2019-10-14 17:00:46,483 [main] INFO  rpc.RpcClient (RpcClient.java:createVolume(272)) - Creating Volume: watchforcommithandlingtest, with jenkins1000 as owner.
2019-10-14 17:00:46,487 [IPC Server handler 1 on 40383] INFO  volume.OMVolumeCreateRequest (OMVolumeCreateRequest.java:validateAndUpdateCache(193)) - created volume:watchforcommithandlingtest for user:jenkins1000
2019-10-14 17:00:46,502 [main] INFO  rpc.RpcClient (RpcClient.java:createBucket(411)) - Creating Bucket: watchforcommithandlingtest/watchforcommithandlingtest, with Versioning false and Storage Type set to DISK and Encryption set to false 
2019-10-14 17:00:46,507 [main] INFO  ozone.MiniOzoneClusterImpl (MiniOzoneClusterImpl.java:getStorageContainerLocationClient(234)) - Creating StorageContainerLocationProtocol RPC client with address /0.0.0.0:34725
2019-10-14 17:00:47,981 [Thread-1450] INFO  container.ReplicationManager (ReplicationManager.java:start(162)) - Starting Replication Monitor Thread.
2019-10-14 17:00:47,985 [ReplicationMonitor] INFO  container.ReplicationManager (ReplicationManager.java:run(225)) - Replication Monitor Thread took 0 milliseconds for processing 1 containers.
2019-10-14 17:00:50,084 [Thread-1452] INFO  impl.FollowerState (FollowerState.java:run(108)) - b1f94540-e6e2-4b9c-8187-24ae5f8a5790@group-3FB64B17AA70-FollowerState: change to CANDIDATE, lastRpcTime:5053ms, electionTimeout:5053ms
2019-10-14 17:00:50,085 [Thread-1452] INFO  impl.RoleInfo (RoleInfo.java:shutdownFollowerState(121)) - b1f94540-e6e2-4b9c-8187-24ae5f8a5790: shutdown FollowerState
2019-10-14 17:00:50,086 [Thread-1452] INFO  impl.RaftServerImpl (RaftServerImpl.java:setRole(170)) - b1f94540-e6e2-4b9c-8187-24ae5f8a5790@group-3FB64B17AA70: changes role from  FOLLOWER to CANDIDATE at term 0 for changeToCandidate
2019-10-14 17:00:50,086 [Thread-1452] INFO  impl.RoleInfo (RoleInfo.java:updateAndGet(143)) - b1f94540-e6e2-4b9c-8187-24ae5f8a5790: start LeaderElection
2019-10-14 17:00:50,106 [b1f94540-e6e2-4b9c-8187-24ae5f8a5790@group-3FB64B17AA70-LeaderElection32] INFO  impl.LeaderElection (LeaderElection.java:askForVotes(178)) - b1f94540-e6e2-4b9c-8187-24ae5f8a5790@group-3FB64B17AA70-LeaderElection32: begin an election at term 1 for -1: [b1f94540-e6e2-4b9c-8187-24ae5f8a5790:192.168.151.105:46290], old=null
2019-10-14 17:00:50,106 [b1f94540-e6e2-4b9c-8187-24ae5f8a5790@group-3FB64B17AA70-LeaderElection32] INFO  impl.RoleInfo (RoleInfo.java:shutdownLeaderElection(134)) - b1f94540-e6e2-4b9c-8187-24ae5f8a5790: shutdown LeaderElection
2019-10-14 17:00:50,106 [b1f94540-e6e2-4b9c-8187-24ae5f8a5790@group-3FB64B17AA70-LeaderElection32] INFO  impl.RaftServerImpl (RaftServerImpl.java:setRole(170)) - b1f94540-e6e2-4b9c-8187-24ae5f8a5790@group-3FB64B17AA70: changes role from CANDIDATE to LEADER at term 1 for changeToLeader
2019-10-14 17:00:50,106 [b1f94540-e6e2-4b9c-8187-24ae5f8a5790@group-3FB64B17AA70-LeaderElection32] INFO  impl.RaftServerImpl (ServerState.java:setLeader(255)) - b1f94540-e6e2-4b9c-8187-24ae5f8a5790@group-3FB64B17AA70: change Leader from null to b1f94540-e6e2-4b9c-8187-24ae5f8a5790 at term 1 for becomeLeader, leader elected after 5084ms
2019-10-14 17:00:50,106 [b1f94540-e6e2-4b9c-8187-24ae5f8a5790@group-3FB64B17AA70-LeaderElection32] INFO  server.RaftServerConfigKeys (ConfUtils.java:logGet(43)) - raft.server.staging.catchup.gap = 1000 (default)
2019-10-14 17:00:50,107 [b1f94540-e6e2-4b9c-8187-24ae5f8a5790@group-3FB64B17AA70-LeaderElection32] INFO  server.RaftServerConfigKeys (ConfUtils.java:logGet(43)) - raft.server.rpc.sleep.time = 25ms (default)
2019-10-14 17:00:50,107 [b1f94540-e6e2-4b9c-8187-24ae5f8a5790@group-3FB64B17AA70-LeaderElection32] INFO  server.RaftServerConfigKeys (ConfUtils.java:logGet(43)) - raft.server.write.element-limit = 4096 (default)
2019-10-14 17:00:50,107 [b1f94540-e6e2-4b9c-8187-24ae5f8a5790@group-3FB64B17AA70-LeaderElection32] INFO  server.RaftServerConfigKeys (ConfUtils.java:logGet(43)) - raft.server.watch.timeout = 10s (default)
2019-10-14 17:00:50,107 [b1f94540-e6e2-4b9c-8187-24ae5f8a5790@group-3FB64B17AA70-LeaderElection32] INFO  server.RaftServerConfigKeys (ConfUtils.java:logGet(43)) - raft.server.watch.timeout.denomination = 1s (default)
2019-10-14 17:00:50,108 [b1f94540-e6e2-4b9c-8187-24ae5f8a5790@group-3FB64B17AA70-LeaderElection32] INFO  server.RaftServerConfigKeys (ConfUtils.java:logGet(43)) - raft.server.watch.element-limit = 65536 (default)
2019-10-14 17:00:50,110 [b1f94540-e6e2-4b9c-8187-24ae5f8a5790@group-3FB64B17AA70-LeaderElection32] INFO  impl.RoleInfo (RoleInfo.java:updateAndGet(143)) - b1f94540-e6e2-4b9c-8187-24ae5f8a5790: start LeaderState
2019-10-14 17:00:50,111 [b1f94540-e6e2-4b9c-8187-24ae5f8a5790@group-3FB64B17AA70-LeaderElection32] INFO  segmented.SegmentedRaftLogWorker (SegmentedRaftLogWorker.java:startLogSegment(385)) - b1f94540-e6e2-4b9c-8187-24ae5f8a5790@group-3FB64B17AA70-SegmentedRaftLogWorker: Starting segment from index:0
2019-10-14 17:00:50,112 [b1f94540-e6e2-4b9c-8187-24ae5f8a5790@group-3FB64B17AA70-LeaderElection32] INFO  impl.RaftServerImpl (ServerState.java:setRaftConf(356)) - b1f94540-e6e2-4b9c-8187-24ae5f8a5790@group-3FB64B17AA70: set configuration 0: [b1f94540-e6e2-4b9c-8187-24ae5f8a5790:192.168.151.105:46290], old=null at 0
2019-10-14 17:00:50,128 [Thread-1455] INFO  impl.FollowerState (FollowerState.java:run(108)) - d2f466cc-8a7c-4992-bcda-2dc638fd3333@group-1BA8BAEE8C3C-FollowerState: change to CANDIDATE, lastRpcTime:5019ms, electionTimeout:5019ms
2019-10-14 17:00:50,128 [Thread-1455] INFO  impl.RoleInfo (RoleInfo.java:shutdownFollowerState(121)) - d2f466cc-8a7c-4992-bcda-2dc638fd3333: shutdown FollowerState
2019-10-14 17:00:50,128 [Thread-1455] INFO  impl.RaftServerImpl (RaftServerImpl.java:setRole(170)) - d2f466cc-8a7c-4992-bcda-2dc638fd3333@group-1BA8BAEE8C3C: changes role from  FOLLOWER to CANDIDATE at term 0 for changeToCandidate
2019-10-14 17:00:50,129 [Thread-1455] INFO  impl.RoleInfo (RoleInfo.java:updateAndGet(143)) - d2f466cc-8a7c-4992-bcda-2dc638fd3333: start LeaderElection
2019-10-14 17:00:50,182 [b1f94540-e6e2-4b9c-8187-24ae5f8a5790@group-3FB64B17AA70-SegmentedRaftLogWorker] INFO  segmented.SegmentedRaftLogWorker (SegmentedRaftLogWorker.java:execute(574)) - b1f94540-e6e2-4b9c-8187-24ae5f8a5790@group-3FB64B17AA70-SegmentedRaftLogWorker: created new log segment /workdir/hadoop-ozone/integration-test/target/test-dir/MiniOzoneClusterImpl-7988c91c-7eca-4252-be72-1bce262518f6/datanode-0/data/ratis/2d7fbb73-6671-462c-bab4-3fb64b17aa70/current/log_inprogress_0
2019-10-14 17:00:50,182 [d2f466cc-8a7c-4992-bcda-2dc638fd3333@group-1BA8BAEE8C3C-LeaderElection33] INFO  impl.LeaderElection (LeaderElection.java:askForVotes(178)) - d2f466cc-8a7c-4992-bcda-2dc638fd3333@group-1BA8BAEE8C3C-LeaderElection33: begin an election at term 1 for -1: [d2f466cc-8a7c-4992-bcda-2dc638fd3333:192.168.151.105:33053], old=null
2019-10-14 17:00:50,182 [d2f466cc-8a7c-4992-bcda-2dc638fd3333@group-1BA8BAEE8C3C-LeaderElection33] INFO  impl.RoleInfo (RoleInfo.java:shutdownLeaderElection(134)) - d2f466cc-8a7c-4992-bcda-2dc638fd3333: shutdown LeaderElection
2019-10-14 17:00:50,183 [d2f466cc-8a7c-4992-bcda-2dc638fd3333@group-1BA8BAEE8C3C-LeaderElection33] INFO  impl.RaftServerImpl (RaftServerImpl.java:setRole(170)) - d2f466cc-8a7c-4992-bcda-2dc638fd3333@group-1BA8BAEE8C3C: changes role from CANDIDATE to LEADER at term 1 for changeToLeader
2019-10-14 17:00:50,183 [d2f466cc-8a7c-4992-bcda-2dc638fd3333@group-1BA8BAEE8C3C-LeaderElection33] INFO  impl.RaftServerImpl (ServerState.java:setLeader(255)) - d2f466cc-8a7c-4992-bcda-2dc638fd3333@group-1BA8BAEE8C3C: change Leader from null to d2f466cc-8a7c-4992-bcda-2dc638fd3333 at term 1 for becomeLeader, leader elected after 5082ms
2019-10-14 17:00:50,183 [d2f466cc-8a7c-4992-bcda-2dc638fd3333@group-1BA8BAEE8C3C-LeaderElection33] INFO  server.RaftServerConfigKeys (ConfUtils.java:logGet(43)) - raft.server.staging.catchup.gap = 1000 (default)
2019-10-14 17:00:50,183 [d2f466cc-8a7c-4992-bcda-2dc638fd3333@group-1BA8BAEE8C3C-LeaderElection33] INFO  server.RaftServerConfigKeys (ConfUtils.java:logGet(43)) - raft.server.rpc.sleep.time = 25ms (default)
2019-10-14 17:00:50,183 [d2f466cc-8a7c-4992-bcda-2dc638fd3333@group-1BA8BAEE8C3C-LeaderElection33] INFO  server.RaftServerConfigKeys (ConfUtils.java:logGet(43)) - raft.server.write.element-limit = 4096 (default)
2019-10-14 17:00:50,184 [d2f466cc-8a7c-4992-bcda-2dc638fd3333@group-1BA8BAEE8C3C-LeaderElection33] INFO  server.RaftServerConfigKeys (ConfUtils.java:logGet(43)) - raft.server.watch.timeout = 10s (default)
2019-10-14 17:00:50,184 [d2f466cc-8a7c-4992-bcda-2dc638fd3333@group-1BA8BAEE8C3C-LeaderElection33] INFO  server.RaftServerConfigKeys (ConfUtils.java:logGet(43)) - raft.server.watch.timeout.denomination = 1s (default)
2019-10-14 17:00:50,184 [d2f466cc-8a7c-4992-bcda-2dc638fd3333@group-1BA8BAEE8C3C-LeaderElection33] INFO  server.RaftServerConfigKeys (ConfUtils.java:logGet(43)) - raft.server.watch.element-limit = 65536 (default)
2019-10-14 17:00:50,187 [d2f466cc-8a7c-4992-bcda-2dc638fd3333@group-1BA8BAEE8C3C-LeaderElection33] INFO  impl.RoleInfo (RoleInfo.java:updateAndGet(143)) - d2f466cc-8a7c-4992-bcda-2dc638fd3333: start LeaderState
2019-10-14 17:00:50,188 [d2f466cc-8a7c-4992-bcda-2dc638fd3333@group-1BA8BAEE8C3C-LeaderElection33] INFO  segmented.SegmentedRaftLogWorker (SegmentedRaftLogWorker.java:startLogSegment(385)) - d2f466cc-8a7c-4992-bcda-2dc638fd3333@group-1BA8BAEE8C3C-SegmentedRaftLogWorker: Starting segment from index:0
2019-10-14 17:00:50,188 [d2f466cc-8a7c-4992-bcda-2dc638fd3333@group-1BA8BAEE8C3C-LeaderElection33] INFO  impl.RaftServerImpl (ServerState.java:setRaftConf(356)) - d2f466cc-8a7c-4992-bcda-2dc638fd3333@group-1BA8BAEE8C3C: set configuration 0: [d2f466cc-8a7c-4992-bcda-2dc638fd3333:192.168.151.105:33053], old=null at 0
2019-10-14 17:00:50,235 [Thread-1461] INFO  impl.FollowerState (FollowerState.java:run(108)) - d13dccf9-d9ae-4e52-b31c-0cdd593c4443@group-AF61537248D0-FollowerState: change to CANDIDATE, lastRpcTime:5020ms, electionTimeout:5020ms
2019-10-14 17:00:50,235 [d2f466cc-8a7c-4992-bcda-2dc638fd3333@group-1BA8BAEE8C3C-SegmentedRaftLogWorker] INFO  segmented.SegmentedRaftLogWorker (SegmentedRaftLogWorker.java:execute(574)) - d2f466cc-8a7c-4992-bcda-2dc638fd3333@group-1BA8BAEE8C3C-SegmentedRaftLogWorker: created new log segment /workdir/hadoop-ozone/integration-test/target/test-dir/MiniOzoneClusterImpl-7988c91c-7eca-4252-be72-1bce262518f6/datanode-1/data/ratis/0a11e85f-bb04-4028-9e1b-1ba8baee8c3c/current/log_inprogress_0
2019-10-14 17:00:50,235 [Thread-1461] INFO  impl.RoleInfo (RoleInfo.java:shutdownFollowerState(121)) - d13dccf9-d9ae-4e52-b31c-0cdd593c4443: shutdown FollowerState
2019-10-14 17:00:50,235 [Thread-1461] INFO  impl.RaftServerImpl (RaftServerImpl.java:setRole(170)) - d13dccf9-d9ae-4e52-b31c-0cdd593c4443@group-AF61537248D0: changes role from  FOLLOWER to CANDIDATE at term 0 for changeToCandidate
2019-10-14 17:00:50,235 [Thread-1461] INFO  impl.RoleInfo (RoleInfo.java:updateAndGet(143)) - d13dccf9-d9ae-4e52-b31c-0cdd593c4443: start LeaderElection
2019-10-14 17:00:50,245 [Thread-1458] INFO  impl.FollowerState (FollowerState.java:run(108)) - 19b53c23-9565-44b6-aff2-7bf9b2e42cb6@group-C1553642A580-FollowerState: change to CANDIDATE, lastRpcTime:5078ms, electionTimeout:5078ms
2019-10-14 17:00:50,245 [Thread-1458] INFO  impl.RoleInfo (RoleInfo.java:shutdownFollowerState(121)) - 19b53c23-9565-44b6-aff2-7bf9b2e42cb6: shutdown FollowerState
2019-10-14 17:00:50,245 [Thread-1458] INFO  impl.RaftServerImpl (RaftServerImpl.java:setRole(170)) - 19b53c23-9565-44b6-aff2-7bf9b2e42cb6@group-C1553642A580: changes role from  FOLLOWER to CANDIDATE at term 0 for changeToCandidate
2019-10-14 17:00:50,245 [Thread-1458] INFO  impl.RoleInfo (RoleInfo.java:updateAndGet(143)) - 19b53c23-9565-44b6-aff2-7bf9b2e42cb6: start LeaderElection
2019-10-14 17:00:50,250 [d13dccf9-d9ae-4e52-b31c-0cdd593c4443@group-AF61537248D0-LeaderElection34] INFO  impl.LeaderElection (LeaderElection.java:askForVotes(178)) - d13dccf9-d9ae-4e52-b31c-0cdd593c4443@group-AF61537248D0-LeaderElection34: begin an election at term 1 for -1: [d13dccf9-d9ae-4e52-b31c-0cdd593c4443:192.168.151.105:43085], old=null
2019-10-14 17:00:50,250 [d13dccf9-d9ae-4e52-b31c-0cdd593c4443@group-AF61537248D0-LeaderElection34] INFO  impl.RoleInfo (RoleInfo.java:shutdownLeaderElection(134)) - d13dccf9-d9ae-4e52-b31c-0cdd593c4443: shutdown LeaderElection
2019-10-14 17:00:50,250 [d13dccf9-d9ae-4e52-b31c-0cdd593c4443@group-AF61537248D0-LeaderElection34] INFO  impl.RaftServerImpl (RaftServerImpl.java:setRole(170)) - d13dccf9-d9ae-4e52-b31c-0cdd593c4443@group-AF61537248D0: changes role from CANDIDATE to LEADER at term 1 for changeToLeader
2019-10-14 17:00:50,250 [d13dccf9-d9ae-4e52-b31c-0cdd593c4443@group-AF61537248D0-LeaderElection34] INFO  impl.RaftServerImpl (ServerState.java:setLeader(255)) - d13dccf9-d9ae-4e52-b31c-0cdd593c4443@group-AF61537248D0: change Leader from null to d13dccf9-d9ae-4e52-b31c-0cdd593c4443 at term 1 for becomeLeader, leader elected after 5041ms
2019-10-14 17:00:50,250 [d13dccf9-d9ae-4e52-b31c-0cdd593c4443@group-AF61537248D0-LeaderElection34] INFO  server.RaftServerConfigKeys (ConfUtils.java:logGet(43)) - raft.server.staging.catchup.gap = 1000 (default)
2019-10-14 17:00:50,251 [d13dccf9-d9ae-4e52-b31c-0cdd593c4443@group-AF61537248D0-LeaderElection34] INFO  server.RaftServerConfigKeys (ConfUtils.java:logGet(43)) - raft.server.rpc.sleep.time = 25ms (default)
2019-10-14 17:00:50,251 [d13dccf9-d9ae-4e52-b31c-0cdd593c4443@group-AF61537248D0-LeaderElection34] INFO  server.RaftServerConfigKeys (ConfUtils.java:logGet(43)) - raft.server.write.element-limit = 4096 (default)
2019-10-14 17:00:50,251 [d13dccf9-d9ae-4e52-b31c-0cdd593c4443@group-AF61537248D0-LeaderElection34] INFO  server.RaftServerConfigKeys (ConfUtils.java:logGet(43)) - raft.server.watch.timeout = 10s (default)
2019-10-14 17:00:50,251 [d13dccf9-d9ae-4e52-b31c-0cdd593c4443@group-AF61537248D0-LeaderElection34] INFO  server.RaftServerConfigKeys (ConfUtils.java:logGet(43)) - raft.server.watch.timeout.denomination = 1s (default)
2019-10-14 17:00:50,251 [d13dccf9-d9ae-4e52-b31c-0cdd593c4443@group-AF61537248D0-LeaderElection34] INFO  server.RaftServerConfigKeys (ConfUtils.java:logGet(43)) - raft.server.watch.element-limit = 65536 (default)
2019-10-14 17:00:50,253 [d13dccf9-d9ae-4e52-b31c-0cdd593c4443@group-AF61537248D0-LeaderElection34] INFO  impl.RoleInfo (RoleInfo.java:updateAndGet(143)) - d13dccf9-d9ae-4e52-b31c-0cdd593c4443: start LeaderState
2019-10-14 17:00:50,253 [d13dccf9-d9ae-4e52-b31c-0cdd593c4443@group-AF61537248D0-LeaderElection34] INFO  segmented.SegmentedRaftLogWorker (SegmentedRaftLogWorker.java:startLogSegment(385)) - d13dccf9-d9ae-4e52-b31c-0cdd593c4443@group-AF61537248D0-SegmentedRaftLogWorker: Starting segment from index:0
2019-10-14 17:00:50,253 [d13dccf9-d9ae-4e52-b31c-0cdd593c4443@group-AF61537248D0-LeaderElection34] INFO  impl.RaftServerImpl (ServerState.java:setRaftConf(356)) - d13dccf9-d9ae-4e52-b31c-0cdd593c4443@group-AF61537248D0: set configuration 0: [d13dccf9-d9ae-4e52-b31c-0cdd593c4443:192.168.151.105:43085], old=null at 0
2019-10-14 17:00:50,262 [19b53c23-9565-44b6-aff2-7bf9b2e42cb6@group-C1553642A580-LeaderElection35] INFO  impl.LeaderElection (LeaderElection.java:askForVotes(178)) - 19b53c23-9565-44b6-aff2-7bf9b2e42cb6@group-C1553642A580-LeaderElection35: begin an election at term 1 for -1: [19b53c23-9565-44b6-aff2-7bf9b2e42cb6:192.168.151.105:34245], old=null
2019-10-14 17:00:50,262 [19b53c23-9565-44b6-aff2-7bf9b2e42cb6@group-C1553642A580-LeaderElection35] INFO  impl.RoleInfo (RoleInfo.java:shutdownLeaderElection(134)) - 19b53c23-9565-44b6-aff2-7bf9b2e42cb6: shutdown LeaderElection
2019-10-14 17:00:50,263 [19b53c23-9565-44b6-aff2-7bf9b2e42cb6@group-C1553642A580-LeaderElection35] INFO  impl.RaftServerImpl (RaftServerImpl.java:setRole(170)) - 19b53c23-9565-44b6-aff2-7bf9b2e42cb6@group-C1553642A580: changes role from CANDIDATE to LEADER at term 1 for changeToLeader
2019-10-14 17:00:50,263 [19b53c23-9565-44b6-aff2-7bf9b2e42cb6@group-C1553642A580-LeaderElection35] INFO  impl.RaftServerImpl (ServerState.java:setLeader(255)) - 19b53c23-9565-44b6-aff2-7bf9b2e42cb6@group-C1553642A580: change Leader from null to 19b53c23-9565-44b6-aff2-7bf9b2e42cb6 at term 1 for becomeLeader, leader elected after 5102ms
2019-10-14 17:00:50,263 [19b53c23-9565-44b6-aff2-7bf9b2e42cb6@group-C1553642A580-LeaderElection35] INFO  server.RaftServerConfigKeys (ConfUtils.java:logGet(43)) - raft.server.staging.catchup.gap = 1000 (default)
2019-10-14 17:00:50,263 [19b53c23-9565-44b6-aff2-7bf9b2e42cb6@group-C1553642A580-LeaderElection35] INFO  server.RaftServerConfigKeys (ConfUtils.java:logGet(43)) - raft.server.rpc.sleep.time = 25ms (default)
2019-10-14 17:00:50,263 [19b53c23-9565-44b6-aff2-7bf9b2e42cb6@group-C1553642A580-LeaderElection35] INFO  server.RaftServerConfigKeys (ConfUtils.java:logGet(43)) - raft.server.write.element-limit = 4096 (default)
2019-10-14 17:00:50,263 [19b53c23-9565-44b6-aff2-7bf9b2e42cb6@group-C1553642A580-LeaderElection35] INFO  server.RaftServerConfigKeys (ConfUtils.java:logGet(43)) - raft.server.watch.timeout = 10s (default)
2019-10-14 17:00:50,263 [19b53c23-9565-44b6-aff2-7bf9b2e42cb6@group-C1553642A580-LeaderElection35] INFO  server.RaftServerConfigKeys (ConfUtils.java:logGet(43)) - raft.server.watch.timeout.denomination = 1s (default)
2019-10-14 17:00:50,263 [19b53c23-9565-44b6-aff2-7bf9b2e42cb6@group-C1553642A580-LeaderElection35] INFO  server.RaftServerConfigKeys (ConfUtils.java:logGet(43)) - raft.server.watch.element-limit = 65536 (default)
2019-10-14 17:00:50,265 [19b53c23-9565-44b6-aff2-7bf9b2e42cb6@group-C1553642A580-LeaderElection35] INFO  impl.RoleInfo (RoleInfo.java:updateAndGet(143)) - 19b53c23-9565-44b6-aff2-7bf9b2e42cb6: start LeaderState
2019-10-14 17:00:50,265 [19b53c23-9565-44b6-aff2-7bf9b2e42cb6@group-C1553642A580-LeaderElection35] INFO  segmented.SegmentedRaftLogWorker (SegmentedRaftLogWorker.java:startLogSegment(385)) - 19b53c23-9565-44b6-aff2-7bf9b2e42cb6@group-C1553642A580-SegmentedRaftLogWorker: Starting segment from index:0
2019-10-14 17:00:50,266 [19b53c23-9565-44b6-aff2-7bf9b2e42cb6@group-C1553642A580-LeaderElection35] INFO  impl.RaftServerImpl (ServerState.java:setRaftConf(356)) - 19b53c23-9565-44b6-aff2-7bf9b2e42cb6@group-C1553642A580: set configuration 0: [19b53c23-9565-44b6-aff2-7bf9b2e42cb6:192.168.151.105:34245], old=null at 0
2019-10-14 17:00:50,286 [Thread-1468] INFO  impl.FollowerState (FollowerState.java:run(108)) - d13dccf9-d9ae-4e52-b31c-0cdd593c4443@group-257A60561570-FollowerState: change to CANDIDATE, lastRpcTime:5000ms, electionTimeout:5000ms
2019-10-14 17:00:50,287 [Thread-1468] INFO  impl.RoleInfo (RoleInfo.java:shutdownFollowerState(121)) - d13dccf9-d9ae-4e52-b31c-0cdd593c4443: shutdown FollowerState
2019-10-14 17:00:50,287 [Thread-1468] INFO  impl.RaftServerImpl (RaftServerImpl.java:setRole(170)) - d13dccf9-d9ae-4e52-b31c-0cdd593c4443@group-257A60561570: changes role from  FOLLOWER to CANDIDATE at term 0 for changeToCandidate
2019-10-14 17:00:50,287 [Thread-1468] INFO  impl.RoleInfo (RoleInfo.java:updateAndGet(143)) - d13dccf9-d9ae-4e52-b31c-0cdd593c4443: start LeaderElection
2019-10-14 17:00:50,298 [d13dccf9-d9ae-4e52-b31c-0cdd593c4443@group-AF61537248D0-SegmentedRaftLogWorker] INFO  segmented.SegmentedRaftLogWorker (SegmentedRaftLogWorker.java:execute(574)) - d13dccf9-d9ae-4e52-b31c-0cdd593c4443@group-AF61537248D0-SegmentedRaftLogWorker: created new log segment /workdir/hadoop-ozone/integration-test/target/test-dir/MiniOzoneClusterImpl-7988c91c-7eca-4252-be72-1bce262518f6/datanode-3/data/ratis/1581ccbf-96df-48e4-aaf1-af61537248d0/current/log_inprogress_0
2019-10-14 17:00:50,311 [19b53c23-9565-44b6-aff2-7bf9b2e42cb6@group-C1553642A580-SegmentedRaftLogWorker] INFO  segmented.SegmentedRaftLogWorker (SegmentedRaftLogWorker.java:execute(574)) - 19b53c23-9565-44b6-aff2-7bf9b2e42cb6@group-C1553642A580-SegmentedRaftLogWorker: created new log segment /workdir/hadoop-ozone/integration-test/target/test-dir/MiniOzoneClusterImpl-7988c91c-7eca-4252-be72-1bce262518f6/datanode-2/data/ratis/593dae0a-90e3-435c-980a-c1553642a580/current/log_inprogress_0
2019-10-14 17:00:50,311 [d13dccf9-d9ae-4e52-b31c-0cdd593c4443@group-257A60561570-LeaderElection36] INFO  impl.LeaderElection (LeaderElection.java:askForVotes(178)) - d13dccf9-d9ae-4e52-b31c-0cdd593c4443@group-257A60561570-LeaderElection36: begin an election at term 1 for -1: [d2f466cc-8a7c-4992-bcda-2dc638fd3333:192.168.151.105:33053, d13dccf9-d9ae-4e52-b31c-0cdd593c4443:192.168.151.105:43085, b1f94540-e6e2-4b9c-8187-24ae5f8a5790:192.168.151.105:46290], old=null
2019-10-14 17:00:50,317 [grpc-default-executor-1] INFO  impl.RaftServerImpl (RaftServerImpl.java:setRole(170)) - d2f466cc-8a7c-4992-bcda-2dc638fd3333@group-257A60561570: changes role from  FOLLOWER to FOLLOWER at term 1 for recognizeCandidate:d13dccf9-d9ae-4e52-b31c-0cdd593c4443
2019-10-14 17:00:50,317 [grpc-default-executor-1] INFO  impl.RoleInfo (RoleInfo.java:shutdownFollowerState(121)) - d2f466cc-8a7c-4992-bcda-2dc638fd3333: shutdown FollowerState
2019-10-14 17:00:50,317 [grpc-default-executor-0] INFO  impl.RaftServerImpl (RaftServerImpl.java:setRole(170)) - b1f94540-e6e2-4b9c-8187-24ae5f8a5790@group-257A60561570: changes role from  FOLLOWER to FOLLOWER at term 1 for recognizeCandidate:d13dccf9-d9ae-4e52-b31c-0cdd593c4443
2019-10-14 17:00:50,317 [Thread-1469] INFO  impl.FollowerState (FollowerState.java:run(117)) - d2f466cc-8a7c-4992-bcda-2dc638fd3333@group-257A60561570-FollowerState was interrupted: java.lang.InterruptedException: sleep interrupted
2019-10-14 17:00:50,317 [grpc-default-executor-1] INFO  impl.RoleInfo (RoleInfo.java:updateAndGet(143)) - d2f466cc-8a7c-4992-bcda-2dc638fd3333: start FollowerState
2019-10-14 17:00:50,318 [grpc-default-executor-0] INFO  impl.RoleInfo (RoleInfo.java:shutdownFollowerState(121)) - b1f94540-e6e2-4b9c-8187-24ae5f8a5790: shutdown FollowerState
2019-10-14 17:00:50,320 [grpc-default-executor-0] INFO  impl.RoleInfo (RoleInfo.java:updateAndGet(143)) - b1f94540-e6e2-4b9c-8187-24ae5f8a5790: start FollowerState
2019-10-14 17:00:50,320 [Thread-1464] INFO  impl.FollowerState (FollowerState.java:run(117)) - b1f94540-e6e2-4b9c-8187-24ae5f8a5790@group-257A60561570-FollowerState was interrupted: java.lang.InterruptedException: sleep interrupted
2019-10-14 17:00:50,336 [d13dccf9-d9ae-4e52-b31c-0cdd593c4443@group-257A60561570-LeaderElection36] INFO  impl.LeaderElection (LeaderElection.java:logAndReturn(56)) - d13dccf9-d9ae-4e52-b31c-0cdd593c4443@group-257A60561570-LeaderElection36: Election PASSED; received 1 response(s) [d13dccf9-d9ae-4e52-b31c-0cdd593c4443<-d2f466cc-8a7c-4992-bcda-2dc638fd3333#0:OK-t1] and 0 exception(s); d13dccf9-d9ae-4e52-b31c-0cdd593c4443@group-257A60561570:t1, leader=null, voted=d13dccf9-d9ae-4e52-b31c-0cdd593c4443, raftlog=d13dccf9-d9ae-4e52-b31c-0cdd593c4443@group-257A60561570-SegmentedRaftLog:OPENED:c-1,f-1,i0, conf=-1: [d2f466cc-8a7c-4992-bcda-2dc638fd3333:192.168.151.105:33053, d13dccf9-d9ae-4e52-b31c-0cdd593c4443:192.168.151.105:43085, b1f94540-e6e2-4b9c-8187-24ae5f8a5790:192.168.151.105:46290], old=null
2019-10-14 17:00:50,337 [d13dccf9-d9ae-4e52-b31c-0cdd593c4443@group-257A60561570-LeaderElection36] INFO  impl.RoleInfo (RoleInfo.java:shutdownLeaderElection(134)) - d13dccf9-d9ae-4e52-b31c-0cdd593c4443: shutdown LeaderElection
2019-10-14 17:00:50,337 [d13dccf9-d9ae-4e52-b31c-0cdd593c4443@group-257A60561570-LeaderElection36] INFO  impl.RaftServerImpl (RaftServerImpl.java:setRole(170)) - d13dccf9-d9ae-4e52-b31c-0cdd593c4443@group-257A60561570: changes role from CANDIDATE to LEADER at term 1 for changeToLeader
2019-10-14 17:00:50,337 [d13dccf9-d9ae-4e52-b31c-0cdd593c4443@group-257A60561570-LeaderElection36] INFO  impl.RaftServerImpl (ServerState.java:setLeader(255)) - d13dccf9-d9ae-4e52-b31c-0cdd593c4443@group-257A60561570: change Leader from null to d13dccf9-d9ae-4e52-b31c-0cdd593c4443 at term 1 for becomeLeader, leader elected after 5065ms
2019-10-14 17:00:50,337 [d13dccf9-d9ae-4e52-b31c-0cdd593c4443@group-257A60561570-LeaderElection36] INFO  server.RaftServerConfigKeys (ConfUtils.java:logGet(43)) - raft.server.staging.catchup.gap = 1000 (default)
2019-10-14 17:00:50,337 [d13dccf9-d9ae-4e52-b31c-0cdd593c4443@group-257A60561570-LeaderElection36] INFO  server.RaftServerConfigKeys (ConfUtils.java:logGet(43)) - raft.server.rpc.sleep.time = 25ms (default)
2019-10-14 17:00:50,337 [d13dccf9-d9ae-4e52-b31c-0cdd593c4443@group-257A60561570-LeaderElection36] INFO  server.RaftServerConfigKeys (ConfUtils.java:logGet(43)) - raft.server.write.element-limit = 4096 (default)
2019-10-14 17:00:50,337 [d13dccf9-d9ae-4e52-b31c-0cdd593c4443@group-257A60561570-LeaderElection36] INFO  server.RaftServerConfigKeys (ConfUtils.java:logGet(43)) - raft.server.watch.timeout = 10s (default)
2019-10-14 17:00:50,337 [d13dccf9-d9ae-4e52-b31c-0cdd593c4443@group-257A60561570-LeaderElection36] INFO  server.RaftServerConfigKeys (ConfUtils.java:logGet(43)) - raft.server.watch.timeout.denomination = 1s (default)
2019-10-14 17:00:50,337 [d13dccf9-d9ae-4e52-b31c-0cdd593c4443@group-257A60561570-LeaderElection36] INFO  server.RaftServerConfigKeys (ConfUtils.java:logGet(43)) - raft.server.watch.element-limit = 65536 (default)
2019-10-14 17:00:50,339 [d13dccf9-d9ae-4e52-b31c-0cdd593c4443@group-257A60561570-LeaderElection36] INFO  server.RaftServerConfigKeys (ConfUtils.java:logGet(43)) - raft.server.log.appender.snapshot.chunk.size.max = 16MB (=16777216) (default)
2019-10-14 17:00:50,339 [d13dccf9-d9ae-4e52-b31c-0cdd593c4443@group-257A60561570-LeaderElection36] INFO  server.RaftServerConfigKeys (ConfUtils.java:logGet(43)) - raft.server.log.appender.buffer.byte-limit = 33554432 (custom)
2019-10-14 17:00:50,339 [d13dccf9-d9ae-4e52-b31c-0cdd593c4443@group-257A60561570-LeaderElection36] INFO  server.RaftServerConfigKeys (ConfUtils.java:logGet(43)) - raft.server.log.appender.buffer.element-limit = 1 (custom)
2019-10-14 17:00:50,340 [d13dccf9-d9ae-4e52-b31c-0cdd593c4443@group-257A60561570-LeaderElection36] INFO  grpc.GrpcConfigKeys$Server (ConfUtils.java:logGet(43)) - raft.grpc.server.leader.outstanding.appends.max = 128 (default)
2019-10-14 17:00:50,340 [d13dccf9-d9ae-4e52-b31c-0cdd593c4443@group-257A60561570-LeaderElection36] INFO  server.RaftServerConfigKeys (ConfUtils.java:logGet(43)) - raft.server.rpc.request.timeout = 3000ms (default)
2019-10-14 17:00:50,340 [d13dccf9-d9ae-4e52-b31c-0cdd593c4443@group-257A60561570-LeaderElection36] INFO  server.RaftServerConfigKeys (ConfUtils.java:logGet(43)) - raft.server.log.appender.install.snapshot.enabled = false (custom)
2019-10-14 17:00:50,340 [d13dccf9-d9ae-4e52-b31c-0cdd593c4443@group-257A60561570-LeaderElection36] INFO  server.RaftServerConfigKeys (ConfUtils.java:logGet(43)) - raft.server.log.appender.snapshot.chunk.size.max = 16MB (=16777216) (default)
2019-10-14 17:00:50,340 [d13dccf9-d9ae-4e52-b31c-0cdd593c4443@group-257A60561570-LeaderElection36] INFO  server.RaftServerConfigKeys (ConfUtils.java:logGet(43)) - raft.server.log.appender.buffer.byte-limit = 33554432 (custom)
2019-10-14 17:00:50,340 [d13dccf9-d9ae-4e52-b31c-0cdd593c4443@group-257A60561570-LeaderElection36] INFO  server.RaftServerConfigKeys (ConfUtils.java:logGet(43)) - raft.server.log.appender.buffer.element-limit = 1 (custom)
2019-10-14 17:00:50,341 [d13dccf9-d9ae-4e52-b31c-0cdd593c4443@group-257A60561570-LeaderElection36] INFO  grpc.GrpcConfigKeys$Server (ConfUtils.java:logGet(43)) - raft.grpc.server.leader.outstanding.appends.max = 128 (default)
2019-10-14 17:00:50,341 [d13dccf9-d9ae-4e52-b31c-0cdd593c4443@group-257A60561570-LeaderElection36] INFO  server.RaftServerConfigKeys (ConfUtils.java:logGet(43)) - raft.server.rpc.request.timeout = 3000ms (default)
2019-10-14 17:00:50,341 [d13dccf9-d9ae-4e52-b31c-0cdd593c4443@group-257A60561570-LeaderElection36] INFO  server.RaftServerConfigKeys (ConfUtils.java:logGet(43)) - raft.server.log.appender.install.snapshot.enabled = false (custom)
2019-10-14 17:00:50,341 [d13dccf9-d9ae-4e52-b31c-0cdd593c4443@group-257A60561570-LeaderElection36] INFO  impl.RoleInfo (RoleInfo.java:updateAndGet(143)) - d13dccf9-d9ae-4e52-b31c-0cdd593c4443: start LeaderState
2019-10-14 17:00:50,341 [d13dccf9-d9ae-4e52-b31c-0cdd593c4443@group-257A60561570-LeaderElection36] INFO  segmented.SegmentedRaftLogWorker (SegmentedRaftLogWorker.java:startLogSegment(385)) - d13dccf9-d9ae-4e52-b31c-0cdd593c4443@group-257A60561570-SegmentedRaftLogWorker: Starting segment from index:0
2019-10-14 17:00:50,342 [d13dccf9-d9ae-4e52-b31c-0cdd593c4443@group-257A60561570-LeaderElection36] INFO  impl.RaftServerImpl (ServerState.java:setRaftConf(356)) - d13dccf9-d9ae-4e52-b31c-0cdd593c4443@group-257A60561570: set configuration 0: [d2f466cc-8a7c-4992-bcda-2dc638fd3333:192.168.151.105:33053, d13dccf9-d9ae-4e52-b31c-0cdd593c4443:192.168.151.105:43085, b1f94540-e6e2-4b9c-8187-24ae5f8a5790:192.168.151.105:46290], old=null at 0
2019-10-14 17:00:50,390 [grpc-default-executor-0] INFO  impl.RaftServerImpl (ServerState.java:setLeader(255)) - d2f466cc-8a7c-4992-bcda-2dc638fd3333@group-257A60561570: change Leader from null to d13dccf9-d9ae-4e52-b31c-0cdd593c4443 at term 1 for appendEntries, leader elected after 5117ms
2019-10-14 17:00:50,395 [grpc-default-executor-1] INFO  impl.RaftServerImpl (ServerState.java:setLeader(255)) - b1f94540-e6e2-4b9c-8187-24ae5f8a5790@group-257A60561570: change Leader from null to d13dccf9-d9ae-4e52-b31c-0cdd593c4443 at term 1 for appendEntries, leader elected after 5123ms
2019-10-14 17:00:50,399 [grpc-default-executor-1] INFO  impl.RaftServerImpl (ServerState.java:setRaftConf(356)) - b1f94540-e6e2-4b9c-8187-24ae5f8a5790@group-257A60561570: set configuration 0: [d2f466cc-8a7c-4992-bcda-2dc638fd3333:192.168.151.105:33053, d13dccf9-d9ae-4e52-b31c-0cdd593c4443:192.168.151.105:43085, b1f94540-e6e2-4b9c-8187-24ae5f8a5790:192.168.151.105:46290], old=null at 0
2019-10-14 17:00:50,399 [grpc-default-executor-0] INFO  impl.RaftServerImpl (ServerState.java:setRaftConf(356)) - d2f466cc-8a7c-4992-bcda-2dc638fd3333@group-257A60561570: set configuration 0: [d2f466cc-8a7c-4992-bcda-2dc638fd3333:192.168.151.105:33053, d13dccf9-d9ae-4e52-b31c-0cdd593c4443:192.168.151.105:43085, b1f94540-e6e2-4b9c-8187-24ae5f8a5790:192.168.151.105:46290], old=null at 0
2019-10-14 17:00:50,399 [grpc-default-executor-1] INFO  segmented.SegmentedRaftLogWorker (SegmentedRaftLogWorker.java:startLogSegment(385)) - b1f94540-e6e2-4b9c-8187-24ae5f8a5790@group-257A60561570-SegmentedRaftLogWorker: Starting segment from index:0
2019-10-14 17:00:50,399 [grpc-default-executor-0] INFO  segmented.SegmentedRaftLogWorker (SegmentedRaftLogWorker.java:startLogSegment(385)) - d2f466cc-8a7c-4992-bcda-2dc638fd3333@group-257A60561570-SegmentedRaftLogWorker: Starting segment from index:0
2019-10-14 17:00:50,409 [d13dccf9-d9ae-4e52-b31c-0cdd593c4443@group-257A60561570-SegmentedRaftLogWorker] INFO  segmented.SegmentedRaftLogWorker (SegmentedRaftLogWorker.java:execute(574)) - d13dccf9-d9ae-4e52-b31c-0cdd593c4443@group-257A60561570-SegmentedRaftLogWorker: created new log segment /workdir/hadoop-ozone/integration-test/target/test-dir/MiniOzoneClusterImpl-7988c91c-7eca-4252-be72-1bce262518f6/datanode-3/data/ratis/272dbfb2-69f7-499a-a33d-257a60561570/current/log_inprogress_0
2019-10-14 17:00:50,412 [Thread-1476] INFO  impl.FollowerState (FollowerState.java:run(108)) - e28d8e98-0fc3-4cee-a2d9-999966ee5dd9@group-E213886B0C90-FollowerState: change to CANDIDATE, lastRpcTime:5000ms, electionTimeout:5000ms
2019-10-14 17:00:50,412 [Thread-1476] INFO  impl.RoleInfo (RoleInfo.java:shutdownFollowerState(121)) - e28d8e98-0fc3-4cee-a2d9-999966ee5dd9: shutdown FollowerState
2019-10-14 17:00:50,412 [Thread-1476] INFO  impl.RaftServerImpl (RaftServerImpl.java:setRole(170)) - e28d8e98-0fc3-4cee-a2d9-999966ee5dd9@group-E213886B0C90: changes role from  FOLLOWER to CANDIDATE at term 0 for changeToCandidate
2019-10-14 17:00:50,412 [Thread-1476] INFO  impl.RoleInfo (RoleInfo.java:updateAndGet(143)) - e28d8e98-0fc3-4cee-a2d9-999966ee5dd9: start LeaderElection
2019-10-14 17:00:50,445 [Thread-1473] INFO  impl.FollowerState (FollowerState.java:run(108)) - 249d5b2c-e86d-487a-821e-08fb4f48e5a3@group-8A046BE26974-FollowerState: change to CANDIDATE, lastRpcTime:5090ms, electionTimeout:5067ms
2019-10-14 17:00:50,451 [Thread-1473] INFO  impl.RoleInfo (RoleInfo.java:shutdownFollowerState(121)) - 249d5b2c-e86d-487a-821e-08fb4f48e5a3: shutdown FollowerState
2019-10-14 17:00:50,451 [Thread-1473] INFO  impl.RaftServerImpl (RaftServerImpl.java:setRole(170)) - 249d5b2c-e86d-487a-821e-08fb4f48e5a3@group-8A046BE26974: changes role from  FOLLOWER to CANDIDATE at term 0 for changeToCandidate
2019-10-14 17:00:50,451 [Thread-1473] INFO  impl.RoleInfo (RoleInfo.java:updateAndGet(143)) - 249d5b2c-e86d-487a-821e-08fb4f48e5a3: start LeaderElection
2019-10-14 17:00:50,469 [d2f466cc-8a7c-4992-bcda-2dc638fd3333@group-257A60561570-SegmentedRaftLogWorker] INFO  segmented.SegmentedRaftLogWorker (SegmentedRaftLogWorker.java:execute(574)) - d2f466cc-8a7c-4992-bcda-2dc638fd3333@group-257A60561570-SegmentedRaftLogWorker: created new log segment /workdir/hadoop-ozone/integration-test/target/test-dir/MiniOzoneClusterImpl-7988c91c-7eca-4252-be72-1bce262518f6/datanode-1/data/ratis/272dbfb2-69f7-499a-a33d-257a60561570/current/log_inprogress_0
2019-10-14 17:00:50,469 [b1f94540-e6e2-4b9c-8187-24ae5f8a5790@group-257A60561570-SegmentedRaftLogWorker] INFO  segmented.SegmentedRaftLogWorker (SegmentedRaftLogWorker.java:execute(574)) - b1f94540-e6e2-4b9c-8187-24ae5f8a5790@group-257A60561570-SegmentedRaftLogWorker: created new log segment /workdir/hadoop-ozone/integration-test/target/test-dir/MiniOzoneClusterImpl-7988c91c-7eca-4252-be72-1bce262518f6/datanode-0/data/ratis/272dbfb2-69f7-499a-a33d-257a60561570/current/log_inprogress_0
2019-10-14 17:00:50,469 [e28d8e98-0fc3-4cee-a2d9-999966ee5dd9@group-E213886B0C90-LeaderElection37] INFO  impl.LeaderElection (LeaderElection.java:askForVotes(178)) - e28d8e98-0fc3-4cee-a2d9-999966ee5dd9@group-E213886B0C90-LeaderElection37: begin an election at term 1 for -1: [e28d8e98-0fc3-4cee-a2d9-999966ee5dd9:192.168.151.105:43111], old=null
2019-10-14 17:00:50,470 [e28d8e98-0fc3-4cee-a2d9-999966ee5dd9@group-E213886B0C90-LeaderElection37] INFO  impl.RoleInfo (RoleInfo.java:shutdownLeaderElection(134)) - e28d8e98-0fc3-4cee-a2d9-999966ee5dd9: shutdown LeaderElection
2019-10-14 17:00:50,470 [e28d8e98-0fc3-4cee-a2d9-999966ee5dd9@group-E213886B0C90-LeaderElection37] INFO  impl.RaftServerImpl (RaftServerImpl.java:setRole(170)) - e28d8e98-0fc3-4cee-a2d9-999966ee5dd9@group-E213886B0C90: changes role from CANDIDATE to LEADER at term 1 for changeToLeader
2019-10-14 17:00:50,470 [e28d8e98-0fc3-4cee-a2d9-999966ee5dd9@group-E213886B0C90-LeaderElection37] INFO  impl.RaftServerImpl (ServerState.java:setLeader(255)) - e28d8e98-0fc3-4cee-a2d9-999966ee5dd9@group-E213886B0C90: change Leader from null to e28d8e98-0fc3-4cee-a2d9-999966ee5dd9 at term 1 for becomeLeader, leader elected after 5066ms
2019-10-14 17:00:50,470 [e28d8e98-0fc3-4cee-a2d9-999966ee5dd9@group-E213886B0C90-LeaderElection37] INFO  server.RaftServerConfigKeys (ConfUtils.java:logGet(43)) - raft.server.staging.catchup.gap = 1000 (default)
2019-10-14 17:00:50,470 [e28d8e98-0fc3-4cee-a2d9-999966ee5dd9@group-E213886B0C90-LeaderElection37] INFO  server.RaftServerConfigKeys (ConfUtils.java:logGet(43)) - raft.server.rpc.sleep.time = 25ms (default)
2019-10-14 17:00:50,471 [e28d8e98-0fc3-4cee-a2d9-999966ee5dd9@group-E213886B0C90-LeaderElection37] INFO  server.RaftServerConfigKeys (ConfUtils.java:logGet(43)) - raft.server.write.element-limit = 4096 (default)
2019-10-14 17:00:50,471 [e28d8e98-0fc3-4cee-a2d9-999966ee5dd9@group-E213886B0C90-LeaderElection37] INFO  server.RaftServerConfigKeys (ConfUtils.java:logGet(43)) - raft.server.watch.timeout = 10s (default)
2019-10-14 17:00:50,471 [e28d8e98-0fc3-4cee-a2d9-999966ee5dd9@group-E213886B0C90-LeaderElection37] INFO  server.RaftServerConfigKeys (ConfUtils.java:logGet(43)) - raft.server.watch.timeout.denomination = 1s (default)
2019-10-14 17:00:50,471 [e28d8e98-0fc3-4cee-a2d9-999966ee5dd9@group-E213886B0C90-LeaderElection37] INFO  server.RaftServerConfigKeys (ConfUtils.java:logGet(43)) - raft.server.watch.element-limit = 65536 (default)
2019-10-14 17:00:50,473 [e28d8e98-0fc3-4cee-a2d9-999966ee5dd9@group-E213886B0C90-LeaderElection37] INFO  impl.RoleInfo (RoleInfo.java:updateAndGet(143)) - e28d8e98-0fc3-4cee-a2d9-999966ee5dd9: start LeaderState
2019-10-14 17:00:50,474 [e28d8e98-0fc3-4cee-a2d9-999966ee5dd9@group-E213886B0C90-LeaderElection37] INFO  segmented.SegmentedRaftLogWorker (SegmentedRaftLogWorker.java:startLogSegment(385)) - e28d8e98-0fc3-4cee-a2d9-999966ee5dd9@group-E213886B0C90-SegmentedRaftLogWorker: Starting segment from index:0
2019-10-14 17:00:50,474 [e28d8e98-0fc3-4cee-a2d9-999966ee5dd9@group-E213886B0C90-LeaderElection37] INFO  impl.RaftServerImpl (ServerState.java:setRaftConf(356)) - e28d8e98-0fc3-4cee-a2d9-999966ee5dd9@group-E213886B0C90: set configuration 0: [e28d8e98-0fc3-4cee-a2d9-999966ee5dd9:192.168.151.105:43111], old=null at 0
2019-10-14 17:00:50,486 [249d5b2c-e86d-487a-821e-08fb4f48e5a3@group-8A046BE26974-LeaderElection38] INFO  impl.LeaderElection (LeaderElection.java:askForVotes(178)) - 249d5b2c-e86d-487a-821e-08fb4f48e5a3@group-8A046BE26974-LeaderElection38: begin an election at term 1 for -1: [249d5b2c-e86d-487a-821e-08fb4f48e5a3:192.168.151.105:40521], old=null
2019-10-14 17:00:50,486 [249d5b2c-e86d-487a-821e-08fb4f48e5a3@group-8A046BE26974-LeaderElection38] INFO  impl.RoleInfo (RoleInfo.java:shutdownLeaderElection(134)) - 249d5b2c-e86d-487a-821e-08fb4f48e5a3: shutdown LeaderElection
2019-10-14 17:00:50,486 [249d5b2c-e86d-487a-821e-08fb4f48e5a3@group-8A046BE26974-LeaderElection38] INFO  impl.RaftServerImpl (RaftServerImpl.java:setRole(170)) - 249d5b2c-e86d-487a-821e-08fb4f48e5a3@group-8A046BE26974: changes role from CANDIDATE to LEADER at term 1 for changeToLeader
2019-10-14 17:00:50,486 [249d5b2c-e86d-487a-821e-08fb4f48e5a3@group-8A046BE26974-LeaderElection38] INFO  impl.RaftServerImpl (ServerState.java:setLeader(255)) - 249d5b2c-e86d-487a-821e-08fb4f48e5a3@group-8A046BE26974: change Leader from null to 249d5b2c-e86d-487a-821e-08fb4f48e5a3 at term 1 for becomeLeader, leader elected after 5140ms
2019-10-14 17:00:50,487 [249d5b2c-e86d-487a-821e-08fb4f48e5a3@group-8A046BE26974-LeaderElection38] INFO  server.RaftServerConfigKeys (ConfUtils.java:logGet(43)) - raft.server.staging.catchup.gap = 1000 (default)
2019-10-14 17:00:50,487 [249d5b2c-e86d-487a-821e-08fb4f48e5a3@group-8A046BE26974-LeaderElection38] INFO  server.RaftServerConfigKeys (ConfUtils.java:logGet(43)) - raft.server.rpc.sleep.time = 25ms (default)
2019-10-14 17:00:50,487 [249d5b2c-e86d-487a-821e-08fb4f48e5a3@group-8A046BE26974-LeaderElection38] INFO  server.RaftServerConfigKeys (ConfUtils.java:logGet(43)) - raft.server.write.element-limit = 4096 (default)
2019-10-14 17:00:50,487 [249d5b2c-e86d-487a-821e-08fb4f48e5a3@group-8A046BE26974-LeaderElection38] INFO  server.RaftServerConfigKeys (ConfUtils.java:logGet(43)) - raft.server.watch.timeout = 10s (default)
2019-10-14 17:00:50,487 [249d5b2c-e86d-487a-821e-08fb4f48e5a3@group-8A046BE26974-LeaderElection38] INFO  server.RaftServerConfigKeys (ConfUtils.java:logGet(43)) - raft.server.watch.timeout.denomination = 1s (default)
2019-10-14 17:00:50,487 [249d5b2c-e86d-487a-821e-08fb4f48e5a3@group-8A046BE26974-LeaderElection38] INFO  server.RaftServerConfigKeys (ConfUtils.java:logGet(43)) - raft.server.watch.element-limit = 65536 (default)
2019-10-14 17:00:50,489 [249d5b2c-e86d-487a-821e-08fb4f48e5a3@group-8A046BE26974-LeaderElection38] INFO  impl.RoleInfo (RoleInfo.java:updateAndGet(143)) - 249d5b2c-e86d-487a-821e-08fb4f48e5a3: start LeaderState
2019-10-14 17:00:50,490 [249d5b2c-e86d-487a-821e-08fb4f48e5a3@group-8A046BE26974-LeaderElection38] INFO  segmented.SegmentedRaftLogWorker (SegmentedRaftLogWorker.java:startLogSegment(385)) - 249d5b2c-e86d-487a-821e-08fb4f48e5a3@group-8A046BE26974-SegmentedRaftLogWorker: Starting segment from index:0
2019-10-14 17:00:50,490 [249d5b2c-e86d-487a-821e-08fb4f48e5a3@group-8A046BE26974-LeaderElection38] INFO  impl.RaftServerImpl (ServerState.java:setRaftConf(356)) - 249d5b2c-e86d-487a-821e-08fb4f48e5a3@group-8A046BE26974: set configuration 0: [249d5b2c-e86d-487a-821e-08fb4f48e5a3:192.168.151.105:40521], old=null at 0
2019-10-14 17:00:50,540 [249d5b2c-e86d-487a-821e-08fb4f48e5a3@group-8A046BE26974-SegmentedRaftLogWorker] INFO  segmented.SegmentedRaftLogWorker (SegmentedRaftLogWorker.java:execute(574)) - 249d5b2c-e86d-487a-821e-08fb4f48e5a3@group-8A046BE26974-SegmentedRaftLogWorker: created new log segment /workdir/hadoop-ozone/integration-test/target/test-dir/MiniOzoneClusterImpl-7988c91c-7eca-4252-be72-1bce262518f6/datanode-4/data/ratis/83eb7247-ae59-4250-acec-8a046be26974/current/log_inprogress_0
2019-10-14 17:00:50,540 [e28d8e98-0fc3-4cee-a2d9-999966ee5dd9@group-E213886B0C90-SegmentedRaftLogWorker] INFO  segmented.SegmentedRaftLogWorker (SegmentedRaftLogWorker.java:execute(574)) - e28d8e98-0fc3-4cee-a2d9-999966ee5dd9@group-E213886B0C90-SegmentedRaftLogWorker: created new log segment /workdir/hadoop-ozone/integration-test/target/test-dir/MiniOzoneClusterImpl-7988c91c-7eca-4252-be72-1bce262518f6/datanode-5/data/ratis/4aaa1c83-bde7-4b54-9d29-e213886b0c90/current/log_inprogress_0
2019-10-14 17:00:50,566 [Thread-1479] INFO  impl.FollowerState (FollowerState.java:run(108)) - 19b53c23-9565-44b6-aff2-7bf9b2e42cb6@group-E1A10861DDD3-FollowerState: change to CANDIDATE, lastRpcTime:5068ms, electionTimeout:5068ms
2019-10-14 17:00:50,566 [Thread-1479] INFO  impl.RoleInfo (RoleInfo.java:shutdownFollowerState(121)) - 19b53c23-9565-44b6-aff2-7bf9b2e42cb6: shutdown FollowerState
2019-10-14 17:00:50,566 [Thread-1479] INFO  impl.RaftServerImpl (RaftServerImpl.java:setRole(170)) - 19b53c23-9565-44b6-aff2-7bf9b2e42cb6@group-E1A10861DDD3: changes role from  FOLLOWER to CANDIDATE at term 0 for changeToCandidate
2019-10-14 17:00:50,566 [Thread-1484] INFO  impl.FollowerState (FollowerState.java:run(108)) - e28d8e98-0fc3-4cee-a2d9-999966ee5dd9@group-E1A10861DDD3-FollowerState: change to CANDIDATE, lastRpcTime:5063ms, electionTimeout:5063ms
2019-10-14 17:00:50,566 [Thread-1479] INFO  impl.RoleInfo (RoleInfo.java:updateAndGet(143)) - 19b53c23-9565-44b6-aff2-7bf9b2e42cb6: start LeaderElection
2019-10-14 17:00:50,567 [Thread-1484] INFO  impl.RoleInfo (RoleInfo.java:shutdownFollowerState(121)) - e28d8e98-0fc3-4cee-a2d9-999966ee5dd9: shutdown FollowerState
2019-10-14 17:00:50,567 [Thread-1484] INFO  impl.RaftServerImpl (RaftServerImpl.java:setRole(170)) - e28d8e98-0fc3-4cee-a2d9-999966ee5dd9@group-E1A10861DDD3: changes role from  FOLLOWER to CANDIDATE at term 0 for changeToCandidate
2019-10-14 17:00:50,576 [Thread-1484] INFO  impl.RoleInfo (RoleInfo.java:updateAndGet(143)) - e28d8e98-0fc3-4cee-a2d9-999966ee5dd9: start LeaderElection
2019-10-14 17:00:50,602 [Thread-1483] INFO  impl.FollowerState (FollowerState.java:run(108)) - 249d5b2c-e86d-487a-821e-08fb4f48e5a3@group-E1A10861DDD3-FollowerState: change to CANDIDATE, lastRpcTime:5100ms, electionTimeout:5096ms
2019-10-14 17:00:50,602 [Thread-1483] INFO  impl.RoleInfo (RoleInfo.java:shutdownFollowerState(121)) - 249d5b2c-e86d-487a-821e-08fb4f48e5a3: shutdown FollowerState
2019-10-14 17:00:50,602 [Thread-1483] INFO  impl.RaftServerImpl (RaftServerImpl.java:setRole(170)) - 249d5b2c-e86d-487a-821e-08fb4f48e5a3@group-E1A10861DDD3: changes role from  FOLLOWER to CANDIDATE at term 0 for changeToCandidate
2019-10-14 17:00:50,603 [Thread-1483] INFO  impl.RoleInfo (RoleInfo.java:updateAndGet(143)) - 249d5b2c-e86d-487a-821e-08fb4f48e5a3: start LeaderElection
2019-10-14 17:00:50,610 [19b53c23-9565-44b6-aff2-7bf9b2e42cb6@group-E1A10861DDD3-LeaderElection39] INFO  impl.LeaderElection (LeaderElection.java:askForVotes(178)) - 19b53c23-9565-44b6-aff2-7bf9b2e42cb6@group-E1A10861DDD3-LeaderElection39: begin an election at term 1 for -1: [249d5b2c-e86d-487a-821e-08fb4f48e5a3:192.168.151.105:40521, 19b53c23-9565-44b6-aff2-7bf9b2e42cb6:192.168.151.105:34245, e28d8e98-0fc3-4cee-a2d9-999966ee5dd9:192.168.151.105:43111], old=null
2019-10-14 17:00:50,610 [e28d8e98-0fc3-4cee-a2d9-999966ee5dd9@group-E1A10861DDD3-LeaderElection40] INFO  impl.LeaderElection (LeaderElection.java:askForVotes(178)) - e28d8e98-0fc3-4cee-a2d9-999966ee5dd9@group-E1A10861DDD3-LeaderElection40: begin an election at term 1 for -1: [249d5b2c-e86d-487a-821e-08fb4f48e5a3:192.168.151.105:40521, 19b53c23-9565-44b6-aff2-7bf9b2e42cb6:192.168.151.105:34245, e28d8e98-0fc3-4cee-a2d9-999966ee5dd9:192.168.151.105:43111], old=null
2019-10-14 17:00:50,623 [249d5b2c-e86d-487a-821e-08fb4f48e5a3@group-E1A10861DDD3-LeaderElection41] INFO  impl.LeaderElection (LeaderElection.java:askForVotes(178)) - 249d5b2c-e86d-487a-821e-08fb4f48e5a3@group-E1A10861DDD3-LeaderElection41: begin an election at term 1 for -1: [249d5b2c-e86d-487a-821e-08fb4f48e5a3:192.168.151.105:40521, 19b53c23-9565-44b6-aff2-7bf9b2e42cb6:192.168.151.105:34245, e28d8e98-0fc3-4cee-a2d9-999966ee5dd9:192.168.151.105:43111], old=null
2019-10-14 17:00:50,624 [e28d8e98-0fc3-4cee-a2d9-999966ee5dd9@group-E1A10861DDD3-LeaderElection40] INFO  impl.LeaderElection (LeaderElection.java:logAndReturn(56)) - e28d8e98-0fc3-4cee-a2d9-999966ee5dd9@group-E1A10861DDD3-LeaderElection40: Election REJECTED; received 2 response(s) [e28d8e98-0fc3-4cee-a2d9-999966ee5dd9<-249d5b2c-e86d-487a-821e-08fb4f48e5a3#0:FAIL-t1, e28d8e98-0fc3-4cee-a2d9-999966ee5dd9<-19b53c23-9565-44b6-aff2-7bf9b2e42cb6#0:FAIL-t1] and 0 exception(s); e28d8e98-0fc3-4cee-a2d9-999966ee5dd9@group-E1A10861DDD3:t1, leader=null, voted=e28d8e98-0fc3-4cee-a2d9-999966ee5dd9, raftlog=e28d8e98-0fc3-4cee-a2d9-999966ee5dd9@group-E1A10861DDD3-SegmentedRaftLog:OPENED:c-1,f-1,i0, conf=-1: [249d5b2c-e86d-487a-821e-08fb4f48e5a3:192.168.151.105:40521, 19b53c23-9565-44b6-aff2-7bf9b2e42cb6:192.168.151.105:34245, e28d8e98-0fc3-4cee-a2d9-999966ee5dd9:192.168.151.105:43111], old=null
2019-10-14 17:00:50,624 [19b53c23-9565-44b6-aff2-7bf9b2e42cb6@group-E1A10861DDD3-LeaderElection39] INFO  impl.LeaderElection (LeaderElection.java:logAndReturn(56)) - 19b53c23-9565-44b6-aff2-7bf9b2e42cb6@group-E1A10861DDD3-LeaderElection39: Election REJECTED; received 2 response(s) [19b53c23-9565-44b6-aff2-7bf9b2e42cb6<-249d5b2c-e86d-487a-821e-08fb4f48e5a3#0:FAIL-t1, 19b53c23-9565-44b6-aff2-7bf9b2e42cb6<-e28d8e98-0fc3-4cee-a2d9-999966ee5dd9#0:FAIL-t1] and 0 exception(s); 19b53c23-9565-44b6-aff2-7bf9b2e42cb6@group-E1A10861DDD3:t1, leader=null, voted=19b53c23-9565-44b6-aff2-7bf9b2e42cb6, raftlog=19b53c23-9565-44b6-aff2-7bf9b2e42cb6@group-E1A10861DDD3-SegmentedRaftLog:OPENED:c-1,f-1,i0, conf=-1: [249d5b2c-e86d-487a-821e-08fb4f48e5a3:192.168.151.105:40521, 19b53c23-9565-44b6-aff2-7bf9b2e42cb6:192.168.151.105:34245, e28d8e98-0fc3-4cee-a2d9-999966ee5dd9:192.168.151.105:43111], old=null
2019-10-14 17:00:50,624 [e28d8e98-0fc3-4cee-a2d9-999966ee5dd9@group-E1A10861DDD3-LeaderElection40] INFO  impl.RaftServerImpl (RaftServerImpl.java:setRole(170)) - e28d8e98-0fc3-4cee-a2d9-999966ee5dd9@group-E1A10861DDD3: changes role from CANDIDATE to FOLLOWER at term 1 for DISCOVERED_A_NEW_TERM
2019-10-14 17:00:50,627 [e28d8e98-0fc3-4cee-a2d9-999966ee5dd9@group-E1A10861DDD3-LeaderElection40] INFO  impl.RoleInfo (RoleInfo.java:shutdownLeaderElection(134)) - e28d8e98-0fc3-4cee-a2d9-999966ee5dd9: shutdown LeaderElection
2019-10-14 17:00:50,628 [19b53c23-9565-44b6-aff2-7bf9b2e42cb6@group-E1A10861DDD3-LeaderElection39] INFO  impl.RaftServerImpl (RaftServerImpl.java:setRole(170)) - 19b53c23-9565-44b6-aff2-7bf9b2e42cb6@group-E1A10861DDD3: changes role from CANDIDATE to FOLLOWER at term 1 for DISCOVERED_A_NEW_TERM
2019-10-14 17:00:50,630 [19b53c23-9565-44b6-aff2-7bf9b2e42cb6@group-E1A10861DDD3-LeaderElection39] INFO  impl.RoleInfo (RoleInfo.java:shutdownLeaderElection(134)) - 19b53c23-9565-44b6-aff2-7bf9b2e42cb6: shutdown LeaderElection
2019-10-14 17:00:50,630 [e28d8e98-0fc3-4cee-a2d9-999966ee5dd9@group-E1A10861DDD3-LeaderElection40] INFO  impl.RoleInfo (RoleInfo.java:updateAndGet(143)) - e28d8e98-0fc3-4cee-a2d9-999966ee5dd9: start FollowerState
2019-10-14 17:00:50,632 [19b53c23-9565-44b6-aff2-7bf9b2e42cb6@group-E1A10861DDD3-LeaderElection39] INFO  impl.RoleInfo (RoleInfo.java:updateAndGet(143)) - 19b53c23-9565-44b6-aff2-7bf9b2e42cb6: start FollowerState
2019-10-14 17:00:50,635 [249d5b2c-e86d-487a-821e-08fb4f48e5a3@group-E1A10861DDD3-LeaderElection41] INFO  impl.LeaderElection (LeaderElection.java:logAndReturn(56)) - 249d5b2c-e86d-487a-821e-08fb4f48e5a3@group-E1A10861DDD3-LeaderElection41: Election REJECTED; received 2 response(s) [249d5b2c-e86d-487a-821e-08fb4f48e5a3<-19b53c23-9565-44b6-aff2-7bf9b2e42cb6#0:FAIL-t1, 249d5b2c-e86d-487a-821e-08fb4f48e5a3<-e28d8e98-0fc3-4cee-a2d9-999966ee5dd9#0:FAIL-t1] and 0 exception(s); 249d5b2c-e86d-487a-821e-08fb4f48e5a3@group-E1A10861DDD3:t1, leader=null, voted=249d5b2c-e86d-487a-821e-08fb4f48e5a3, raftlog=249d5b2c-e86d-487a-821e-08fb4f48e5a3@group-E1A10861DDD3-SegmentedRaftLog:OPENED:c-1,f-1,i0, conf=-1: [249d5b2c-e86d-487a-821e-08fb4f48e5a3:192.168.151.105:40521, 19b53c23-9565-44b6-aff2-7bf9b2e42cb6:192.168.151.105:34245, e28d8e98-0fc3-4cee-a2d9-999966ee5dd9:192.168.151.105:43111], old=null
2019-10-14 17:00:50,635 [249d5b2c-e86d-487a-821e-08fb4f48e5a3@group-E1A10861DDD3-LeaderElection41] INFO  impl.RaftServerImpl (RaftServerImpl.java:setRole(170)) - 249d5b2c-e86d-487a-821e-08fb4f48e5a3@group-E1A10861DDD3: changes role from CANDIDATE to FOLLOWER at term 1 for DISCOVERED_A_NEW_TERM
2019-10-14 17:00:50,635 [249d5b2c-e86d-487a-821e-08fb4f48e5a3@group-E1A10861DDD3-LeaderElection41] INFO  impl.RoleInfo (RoleInfo.java:shutdownLeaderElection(134)) - 249d5b2c-e86d-487a-821e-08fb4f48e5a3: shutdown LeaderElection
2019-10-14 17:00:50,635 [249d5b2c-e86d-487a-821e-08fb4f48e5a3@group-E1A10861DDD3-LeaderElection41] INFO  impl.RoleInfo (RoleInfo.java:updateAndGet(143)) - 249d5b2c-e86d-487a-821e-08fb4f48e5a3: start FollowerState
2019-10-14 17:00:50,820 [Datanode State Machine Thread - 0] INFO  statemachine.DatanodeStateMachine (DatanodeStateMachine.java:lambda$startDaemon$0(350)) - Ozone container server started.
2019-10-14 17:00:55,641 [Thread-1541] INFO  impl.FollowerState (FollowerState.java:run(108)) - 249d5b2c-e86d-487a-821e-08fb4f48e5a3@group-E1A10861DDD3-FollowerState: change to CANDIDATE, lastRpcTime:5005ms, electionTimeout:5005ms
2019-10-14 17:00:55,642 [Thread-1541] INFO  impl.RoleInfo (RoleInfo.java:shutdownFollowerState(121)) - 249d5b2c-e86d-487a-821e-08fb4f48e5a3: shutdown FollowerState
2019-10-14 17:00:55,643 [Thread-1541] INFO  impl.RaftServerImpl (RaftServerImpl.java:setRole(170)) - 249d5b2c-e86d-487a-821e-08fb4f48e5a3@group-E1A10861DDD3: changes role from  FOLLOWER to CANDIDATE at term 1 for changeToCandidate
2019-10-14 17:00:55,643 [Thread-1541] INFO  impl.RoleInfo (RoleInfo.java:updateAndGet(143)) - 249d5b2c-e86d-487a-821e-08fb4f48e5a3: start LeaderElection
2019-10-14 17:00:55,666 [249d5b2c-e86d-487a-821e-08fb4f48e5a3@group-E1A10861DDD3-LeaderElection42] INFO  impl.LeaderElection (LeaderElection.java:askForVotes(178)) - 249d5b2c-e86d-487a-821e-08fb4f48e5a3@group-E1A10861DDD3-LeaderElection42: begin an election at term 2 for -1: [249d5b2c-e86d-487a-821e-08fb4f48e5a3:192.168.151.105:40521, 19b53c23-9565-44b6-aff2-7bf9b2e42cb6:192.168.151.105:34245, e28d8e98-0fc3-4cee-a2d9-999966ee5dd9:192.168.151.105:43111], old=null
2019-10-14 17:00:55,673 [grpc-default-executor-1] INFO  impl.RaftServerImpl (RaftServerImpl.java:setRole(170)) - e28d8e98-0fc3-4cee-a2d9-999966ee5dd9@group-E1A10861DDD3: changes role from  FOLLOWER to FOLLOWER at term 2 for recognizeCandidate:249d5b2c-e86d-487a-821e-08fb4f48e5a3
2019-10-14 17:00:55,673 [grpc-default-executor-5] INFO  impl.RaftServerImpl (RaftServerImpl.java:setRole(170)) - 19b53c23-9565-44b6-aff2-7bf9b2e42cb6@group-E1A10861DDD3: changes role from  FOLLOWER to FOLLOWER at term 2 for recognizeCandidate:249d5b2c-e86d-487a-821e-08fb4f48e5a3
2019-10-14 17:00:55,673 [grpc-default-executor-1] INFO  impl.RoleInfo (RoleInfo.java:shutdownFollowerState(121)) - e28d8e98-0fc3-4cee-a2d9-999966ee5dd9: shutdown FollowerState
2019-10-14 17:00:55,673 [grpc-default-executor-5] INFO  impl.RoleInfo (RoleInfo.java:shutdownFollowerState(121)) - 19b53c23-9565-44b6-aff2-7bf9b2e42cb6: shutdown FollowerState
2019-10-14 17:00:55,673 [grpc-default-executor-1] INFO  impl.RoleInfo (RoleInfo.java:updateAndGet(143)) - e28d8e98-0fc3-4cee-a2d9-999966ee5dd9: start FollowerState
2019-10-14 17:00:55,674 [grpc-default-executor-5] INFO  impl.RoleInfo (RoleInfo.java:updateAndGet(143)) - 19b53c23-9565-44b6-aff2-7bf9b2e42cb6: start FollowerState
2019-10-14 17:00:55,674 [Thread-1537] INFO  impl.FollowerState (FollowerState.java:run(117)) - e28d8e98-0fc3-4cee-a2d9-999966ee5dd9@group-E1A10861DDD3-FollowerState was interrupted: java.lang.InterruptedException: sleep interrupted
2019-10-14 17:00:55,674 [Thread-1538] INFO  impl.FollowerState (FollowerState.java:run(117)) - 19b53c23-9565-44b6-aff2-7bf9b2e42cb6@group-E1A10861DDD3-FollowerState was interrupted: java.lang.InterruptedException: sleep interrupted
2019-10-14 17:00:55,692 [249d5b2c-e86d-487a-821e-08fb4f48e5a3@group-E1A10861DDD3-LeaderElection42] INFO  impl.LeaderElection (LeaderElection.java:logAndReturn(56)) - 249d5b2c-e86d-487a-821e-08fb4f48e5a3@group-E1A10861DDD3-LeaderElection42: Election PASSED; received 1 response(s) [249d5b2c-e86d-487a-821e-08fb4f48e5a3<-19b53c23-9565-44b6-aff2-7bf9b2e42cb6#0:OK-t2] and 0 exception(s); 249d5b2c-e86d-487a-821e-08fb4f48e5a3@group-E1A10861DDD3:t2, leader=null, voted=249d5b2c-e86d-487a-821e-08fb4f48e5a3, raftlog=249d5b2c-e86d-487a-821e-08fb4f48e5a3@group-E1A10861DDD3-SegmentedRaftLog:OPENED:c-1,f-1,i0, conf=-1: [249d5b2c-e86d-487a-821e-08fb4f48e5a3:192.168.151.105:40521, 19b53c23-9565-44b6-aff2-7bf9b2e42cb6:192.168.151.105:34245, e28d8e98-0fc3-4cee-a2d9-999966ee5dd9:192.168.151.105:43111], old=null
2019-10-14 17:00:55,693 [249d5b2c-e86d-487a-821e-08fb4f48e5a3@group-E1A10861DDD3-LeaderElection42] INFO  impl.RoleInfo (RoleInfo.java:shutdownLeaderElection(134)) - 249d5b2c-e86d-487a-821e-08fb4f48e5a3: shutdown LeaderElection
2019-10-14 17:00:55,693 [249d5b2c-e86d-487a-821e-08fb4f48e5a3@group-E1A10861DDD3-LeaderElection42] INFO  impl.RaftServerImpl (RaftServerImpl.java:setRole(170)) - 249d5b2c-e86d-487a-821e-08fb4f48e5a3@group-E1A10861DDD3: changes role from CANDIDATE to LEADER at term 2 for changeToLeader
2019-10-14 17:00:55,693 [249d5b2c-e86d-487a-821e-08fb4f48e5a3@group-E1A10861DDD3-LeaderElection42] INFO  impl.RaftServerImpl (ServerState.java:setLeader(255)) - 249d5b2c-e86d-487a-821e-08fb4f48e5a3@group-E1A10861DDD3: change Leader from null to 249d5b2c-e86d-487a-821e-08fb4f48e5a3 at term 2 for becomeLeader, leader elected after 10204ms
2019-10-14 17:00:55,694 [249d5b2c-e86d-487a-821e-08fb4f48e5a3@group-E1A10861DDD3-LeaderElection42] INFO  server.RaftServerConfigKeys (ConfUtils.java:logGet(43)) - raft.server.staging.catchup.gap = 1000 (default)
2019-10-14 17:00:55,694 [249d5b2c-e86d-487a-821e-08fb4f48e5a3@group-E1A10861DDD3-LeaderElection42] INFO  server.RaftServerConfigKeys (ConfUtils.java:logGet(43)) - raft.server.rpc.sleep.time = 25ms (default)
2019-10-14 17:00:55,694 [249d5b2c-e86d-487a-821e-08fb4f48e5a3@group-E1A10861DDD3-LeaderElection42] INFO  server.RaftServerConfigKeys (ConfUtils.java:logGet(43)) - raft.server.write.element-limit = 4096 (default)
2019-10-14 17:00:55,694 [249d5b2c-e86d-487a-821e-08fb4f48e5a3@group-E1A10861DDD3-LeaderElection42] INFO  server.RaftServerConfigKeys (ConfUtils.java:logGet(43)) - raft.server.watch.timeout = 10s (default)
2019-10-14 17:00:55,695 [249d5b2c-e86d-487a-821e-08fb4f48e5a3@group-E1A10861DDD3-LeaderElection42] INFO  server.RaftServerConfigKeys (ConfUtils.java:logGet(43)) - raft.server.watch.timeout.denomination = 1s (default)
2019-10-14 17:00:55,695 [249d5b2c-e86d-487a-821e-08fb4f48e5a3@group-E1A10861DDD3-LeaderElection42] INFO  server.RaftServerConfigKeys (ConfUtils.java:logGet(43)) - raft.server.watch.element-limit = 65536 (default)
2019-10-14 17:00:55,698 [249d5b2c-e86d-487a-821e-08fb4f48e5a3@group-E1A10861DDD3-LeaderElection42] INFO  server.RaftServerConfigKeys (ConfUtils.java:logGet(43)) - raft.server.log.appender.snapshot.chunk.size.max = 16MB (=16777216) (default)
2019-10-14 17:00:55,699 [249d5b2c-e86d-487a-821e-08fb4f48e5a3@group-E1A10861DDD3-LeaderElection42] INFO  server.RaftServerConfigKeys (ConfUtils.java:logGet(43)) - raft.server.log.appender.buffer.byte-limit = 33554432 (custom)
2019-10-14 17:00:55,699 [249d5b2c-e86d-487a-821e-08fb4f48e5a3@group-E1A10861DDD3-LeaderElection42] INFO  server.RaftServerConfigKeys (ConfUtils.java:logGet(43)) - raft.server.log.appender.buffer.element-limit = 1 (custom)
2019-10-14 17:00:55,699 [249d5b2c-e86d-487a-821e-08fb4f48e5a3@group-E1A10861DDD3-LeaderElection42] INFO  grpc.GrpcConfigKeys$Server (ConfUtils.java:logGet(43)) - raft.grpc.server.leader.outstanding.appends.max = 128 (default)
2019-10-14 17:00:55,699 [249d5b2c-e86d-487a-821e-08fb4f48e5a3@group-E1A10861DDD3-LeaderElection42] INFO  server.RaftServerConfigKeys (ConfUtils.java:logGet(43)) - raft.server.rpc.request.timeout = 3000ms (default)
2019-10-14 17:00:55,700 [249d5b2c-e86d-487a-821e-08fb4f48e5a3@group-E1A10861DDD3-LeaderElection42] INFO  server.RaftServerConfigKeys (ConfUtils.java:logGet(43)) - raft.server.log.appender.install.snapshot.enabled = false (custom)
2019-10-14 17:00:55,700 [249d5b2c-e86d-487a-821e-08fb4f48e5a3@group-E1A10861DDD3-LeaderElection42] INFO  server.RaftServerConfigKeys (ConfUtils.java:logGet(43)) - raft.server.log.appender.snapshot.chunk.size.max = 16MB (=16777216) (default)
2019-10-14 17:00:55,700 [249d5b2c-e86d-487a-821e-08fb4f48e5a3@group-E1A10861DDD3-LeaderElection42] INFO  server.RaftServerConfigKeys (ConfUtils.java:logGet(43)) - raft.server.log.appender.buffer.byte-limit = 33554432 (custom)
2019-10-14 17:00:55,700 [249d5b2c-e86d-487a-821e-08fb4f48e5a3@group-E1A10861DDD3-LeaderElection42] INFO  server.RaftServerConfigKeys (ConfUtils.java:logGet(43)) - raft.server.log.appender.buffer.element-limit = 1 (custom)
2019-10-14 17:00:55,701 [249d5b2c-e86d-487a-821e-08fb4f48e5a3@group-E1A10861DDD3-LeaderElection42] INFO  grpc.GrpcConfigKeys$Server (ConfUtils.java:logGet(43)) - raft.grpc.server.leader.outstanding.appends.max = 128 (default)
2019-10-14 17:00:55,701 [249d5b2c-e86d-487a-821e-08fb4f48e5a3@group-E1A10861DDD3-LeaderElection42] INFO  server.RaftServerConfigKeys (ConfUtils.java:logGet(43)) - raft.server.rpc.request.timeout = 3000ms (default)
2019-10-14 17:00:55,701 [249d5b2c-e86d-487a-821e-08fb4f48e5a3@group-E1A10861DDD3-LeaderElection42] INFO  server.RaftServerConfigKeys (ConfUtils.java:logGet(43)) - raft.server.log.appender.install.snapshot.enabled = false (custom)
2019-10-14 17:00:55,701 [249d5b2c-e86d-487a-821e-08fb4f48e5a3@group-E1A10861DDD3-LeaderElection42] INFO  impl.RoleInfo (RoleInfo.java:updateAndGet(143)) - 249d5b2c-e86d-487a-821e-08fb4f48e5a3: start LeaderState
2019-10-14 17:00:55,702 [249d5b2c-e86d-487a-821e-08fb4f48e5a3@group-E1A10861DDD3-LeaderElection42] INFO  segmented.SegmentedRaftLogWorker (SegmentedRaftLogWorker.java:startLogSegment(385)) - 249d5b2c-e86d-487a-821e-08fb4f48e5a3@group-E1A10861DDD3-SegmentedRaftLogWorker: Starting segment from index:0
2019-10-14 17:00:55,703 [249d5b2c-e86d-487a-821e-08fb4f48e5a3@group-E1A10861DDD3-LeaderElection42] INFO  impl.RaftServerImpl (ServerState.java:setRaftConf(356)) - 249d5b2c-e86d-487a-821e-08fb4f48e5a3@group-E1A10861DDD3: set configuration 0: [249d5b2c-e86d-487a-821e-08fb4f48e5a3:192.168.151.105:40521, 19b53c23-9565-44b6-aff2-7bf9b2e42cb6:192.168.151.105:34245, e28d8e98-0fc3-4cee-a2d9-999966ee5dd9:192.168.151.105:43111], old=null at 0
2019-10-14 17:00:55,704 [grpc-default-executor-1] INFO  impl.RaftServerImpl (ServerState.java:setLeader(255)) - e28d8e98-0fc3-4cee-a2d9-999966ee5dd9@group-E1A10861DDD3: change Leader from null to 249d5b2c-e86d-487a-821e-08fb4f48e5a3 at term 2 for appendEntries, leader elected after 10214ms
2019-10-14 17:00:55,731 [grpc-default-executor-5] INFO  impl.RaftServerImpl (ServerState.java:setLeader(255)) - 19b53c23-9565-44b6-aff2-7bf9b2e42cb6@group-E1A10861DDD3: change Leader from null to 249d5b2c-e86d-487a-821e-08fb4f48e5a3 at term 2 for appendEntries, leader elected after 10242ms
2019-10-14 17:00:55,733 [grpc-default-executor-1] INFO  impl.RaftServerImpl (ServerState.java:setRaftConf(356)) - e28d8e98-0fc3-4cee-a2d9-999966ee5dd9@group-E1A10861DDD3: set configuration 0: [249d5b2c-e86d-487a-821e-08fb4f48e5a3:192.168.151.105:40521, 19b53c23-9565-44b6-aff2-7bf9b2e42cb6:192.168.151.105:34245, e28d8e98-0fc3-4cee-a2d9-999966ee5dd9:192.168.151.105:43111], old=null at 0
2019-10-14 17:00:55,733 [grpc-default-executor-1] INFO  segmented.SegmentedRaftLogWorker (SegmentedRaftLogWorker.java:startLogSegment(385)) - e28d8e98-0fc3-4cee-a2d9-999966ee5dd9@group-E1A10861DDD3-SegmentedRaftLogWorker: Starting segment from index:0
2019-10-14 17:00:55,734 [grpc-default-executor-5] INFO  impl.RaftServerImpl (ServerState.java:setRaftConf(356)) - 19b53c23-9565-44b6-aff2-7bf9b2e42cb6@group-E1A10861DDD3: set configuration 0: [249d5b2c-e86d-487a-821e-08fb4f48e5a3:192.168.151.105:40521, 19b53c23-9565-44b6-aff2-7bf9b2e42cb6:192.168.151.105:34245, e28d8e98-0fc3-4cee-a2d9-999966ee5dd9:192.168.151.105:43111], old=null at 0
2019-10-14 17:00:55,734 [grpc-default-executor-5] INFO  segmented.SegmentedRaftLogWorker (SegmentedRaftLogWorker.java:startLogSegment(385)) - 19b53c23-9565-44b6-aff2-7bf9b2e42cb6@group-E1A10861DDD3-SegmentedRaftLogWorker: Starting segment from index:0
2019-10-14 17:00:55,755 [249d5b2c-e86d-487a-821e-08fb4f48e5a3@group-E1A10861DDD3-SegmentedRaftLogWorker] INFO  segmented.SegmentedRaftLogWorker (SegmentedRaftLogWorker.java:execute(574)) - 249d5b2c-e86d-487a-821e-08fb4f48e5a3@group-E1A10861DDD3-SegmentedRaftLogWorker: created new log segment /workdir/hadoop-ozone/integration-test/target/test-dir/MiniOzoneClusterImpl-7988c91c-7eca-4252-be72-1bce262518f6/datanode-4/data/ratis/645ea335-4eb1-4e06-b00a-e1a10861ddd3/current/log_inprogress_0
2019-10-14 17:00:55,779 [19b53c23-9565-44b6-aff2-7bf9b2e42cb6@group-E1A10861DDD3-SegmentedRaftLogWorker] INFO  segmented.SegmentedRaftLogWorker (SegmentedRaftLogWorker.java:execute(574)) - 19b53c23-9565-44b6-aff2-7bf9b2e42cb6@group-E1A10861DDD3-SegmentedRaftLogWorker: created new log segment /workdir/hadoop-ozone/integration-test/target/test-dir/MiniOzoneClusterImpl-7988c91c-7eca-4252-be72-1bce262518f6/datanode-2/data/ratis/645ea335-4eb1-4e06-b00a-e1a10861ddd3/current/log_inprogress_0
2019-10-14 17:00:55,779 [e28d8e98-0fc3-4cee-a2d9-999966ee5dd9@group-E1A10861DDD3-SegmentedRaftLogWorker] INFO  segmented.SegmentedRaftLogWorker (SegmentedRaftLogWorker.java:execute(574)) - e28d8e98-0fc3-4cee-a2d9-999966ee5dd9@group-E1A10861DDD3-SegmentedRaftLogWorker: created new log segment /workdir/hadoop-ozone/integration-test/target/test-dir/MiniOzoneClusterImpl-7988c91c-7eca-4252-be72-1bce262518f6/datanode-5/data/ratis/645ea335-4eb1-4e06-b00a-e1a10861ddd3/current/log_inprogress_0
2019-10-14 17:00:55,789 [main] INFO  ozoneimpl.OzoneContainer (OzoneContainer.java:stop(227)) - Attempting to stop container services.
2019-10-14 17:00:55,790 [main] INFO  impl.RaftServerProxy (RaftServerProxy.java:lambda$close$4(314)) - b1f94540-e6e2-4b9c-8187-24ae5f8a5790: close
2019-10-14 17:00:55,791 [main] INFO  impl.RaftServerImpl (RaftServerImpl.java:lambda$shutdown$3(247)) - b1f94540-e6e2-4b9c-8187-24ae5f8a5790@group-257A60561570: shutdown
2019-10-14 17:00:55,791 [main] INFO  util.JmxRegister (JmxRegister.java:unregister(73)) - Successfully un-registered JMX Bean with object name Ratis:service=RaftServer,group=group-257A60561570,id=b1f94540-e6e2-4b9c-8187-24ae5f8a5790
2019-10-14 17:00:55,792 [main] INFO  impl.RoleInfo (RoleInfo.java:shutdownFollowerState(121)) - b1f94540-e6e2-4b9c-8187-24ae5f8a5790: shutdown FollowerState
2019-10-14 17:00:55,792 [main] INFO  impl.StateMachineUpdater (StateMachineUpdater.java:stopAndJoin(136)) - b1f94540-e6e2-4b9c-8187-24ae5f8a5790@group-257A60561570-StateMachineUpdater: set stopIndex = 2
2019-10-14 17:00:55,792 [b1f94540-e6e2-4b9c-8187-24ae5f8a5790@group-257A60561570-StateMachineUpdater] INFO  ratis.ContainerStateMachine (ContainerStateMachine.java:takeSnapshot(294)) - group-257A60561570: Taking a snapshot at:(t:1, i:1) file /workdir/hadoop-ozone/integration-test/target/test-dir/MiniOzoneClusterImpl-7988c91c-7eca-4252-be72-1bce262518f6/datanode-0/data/ratis/272dbfb2-69f7-499a-a33d-257a60561570/sm/snapshot.1_1
2019-10-14 17:00:55,792 [Thread-1511] INFO  impl.FollowerState (FollowerState.java:run(117)) - b1f94540-e6e2-4b9c-8187-24ae5f8a5790@group-257A60561570-FollowerState was interrupted: java.lang.InterruptedException: sleep interrupted
2019-10-14 17:00:55,808 [b1f94540-e6e2-4b9c-8187-24ae5f8a5790@group-257A60561570-StateMachineUpdater] INFO  ratis.ContainerStateMachine (ContainerStateMachine.java:takeSnapshot(305)) - group-257A60561570: Finished taking a snapshot at:(t:1, i:1) file:/workdir/hadoop-ozone/integration-test/target/test-dir/MiniOzoneClusterImpl-7988c91c-7eca-4252-be72-1bce262518f6/datanode-0/data/ratis/272dbfb2-69f7-499a-a33d-257a60561570/sm/snapshot.1_1 time:16
2019-10-14 17:00:55,809 [b1f94540-e6e2-4b9c-8187-24ae5f8a5790@group-257A60561570-StateMachineUpdater] INFO  impl.StateMachineUpdater (StateMachineUpdater.java:takeSnapshot(269)) - b1f94540-e6e2-4b9c-8187-24ae5f8a5790@group-257A60561570-StateMachineUpdater: Took a snapshot at index 1
2019-10-14 17:00:55,809 [b1f94540-e6e2-4b9c-8187-24ae5f8a5790@group-257A60561570-StateMachineUpdater] INFO  impl.StateMachineUpdater (StateMachineUpdater.java:lambda$new$0(84)) - b1f94540-e6e2-4b9c-8187-24ae5f8a5790@group-257A60561570-StateMachineUpdater: snapshotIndex: updateIncreasingly -1 -> 1
2019-10-14 17:00:55,809 [b1f94540-e6e2-4b9c-8187-24ae5f8a5790@group-257A60561570-StateMachineUpdater] INFO  ratis.ContainerStateMachine (ContainerStateMachine.java:takeSnapshot(294)) - group-257A60561570: Taking a snapshot at:(t:1, i:1) file /workdir/hadoop-ozone/integration-test/target/test-dir/MiniOzoneClusterImpl-7988c91c-7eca-4252-be72-1bce262518f6/datanode-0/data/ratis/272dbfb2-69f7-499a-a33d-257a60561570/sm/snapshot.1_1
2019-10-14 17:00:55,822 [b1f94540-e6e2-4b9c-8187-24ae5f8a5790@group-257A60561570-StateMachineUpdater] INFO  ratis.ContainerStateMachine (ContainerStateMachine.java:takeSnapshot(305)) - group-257A60561570: Finished taking a snapshot at:(t:1, i:1) file:/workdir/hadoop-ozone/integration-test/target/test-dir/MiniOzoneClusterImpl-7988c91c-7eca-4252-be72-1bce262518f6/datanode-0/data/ratis/272dbfb2-69f7-499a-a33d-257a60561570/sm/snapshot.1_1 time:12
2019-10-14 17:00:55,822 [b1f94540-e6e2-4b9c-8187-24ae5f8a5790@group-257A60561570-StateMachineUpdater] INFO  impl.StateMachineUpdater (StateMachineUpdater.java:takeSnapshot(269)) - b1f94540-e6e2-4b9c-8187-24ae5f8a5790@group-257A60561570-StateMachineUpdater: Took a snapshot at index 1
2019-10-14 17:00:55,822 [b1f94540-e6e2-4b9c-8187-24ae5f8a5790@group-257A60561570-StateMachineUpdater] INFO  impl.StateMachineUpdater (StateMachineUpdater.java:lambda$new$0(84)) - b1f94540-e6e2-4b9c-8187-24ae5f8a5790@group-257A60561570-StateMachineUpdater: snapshotIndex: updateIncreasingly 1 -> 1
2019-10-14 17:00:55,822 [main] INFO  impl.RaftServerImpl (ServerState.java:close(387)) - b1f94540-e6e2-4b9c-8187-24ae5f8a5790@group-257A60561570: closes. applyIndex: 2
2019-10-14 17:00:55,823 [b1f94540-e6e2-4b9c-8187-24ae5f8a5790@group-257A60561570-SegmentedRaftLogWorker] INFO  segmented.SegmentedRaftLogWorker (SegmentedRaftLogWorker.java:run(316)) - b1f94540-e6e2-4b9c-8187-24ae5f8a5790@group-257A60561570-SegmentedRaftLogWorker was interrupted, exiting. There are 0 tasks remaining in the queue.
2019-10-14 17:00:55,826 [main] INFO  segmented.SegmentedRaftLogWorker (SegmentedRaftLogWorker.java:close(224)) - b1f94540-e6e2-4b9c-8187-24ae5f8a5790@group-257A60561570-SegmentedRaftLogWorker close()
2019-10-14 17:00:55,832 [main] INFO  impl.RaftServerImpl (RaftServerImpl.java:lambda$shutdown$3(247)) - b1f94540-e6e2-4b9c-8187-24ae5f8a5790@group-3FB64B17AA70: shutdown
2019-10-14 17:00:55,832 [main] INFO  util.JmxRegister (JmxRegister.java:unregister(73)) - Successfully un-registered JMX Bean with object name Ratis:service=RaftServer,group=group-3FB64B17AA70,id=b1f94540-e6e2-4b9c-8187-24ae5f8a5790
2019-10-14 17:00:55,832 [main] INFO  impl.RoleInfo (RoleInfo.java:shutdownLeaderState(104)) - b1f94540-e6e2-4b9c-8187-24ae5f8a5790: shutdown LeaderState
2019-10-14 17:00:55,833 [main] INFO  impl.PendingRequests (PendingRequests.java:sendNotLeaderResponses(202)) - b1f94540-e6e2-4b9c-8187-24ae5f8a5790@group-3FB64B17AA70-PendingRequests: sendNotLeaderResponses
2019-10-14 17:00:55,833 [main] INFO  impl.StateMachineUpdater (StateMachineUpdater.java:stopAndJoin(136)) - b1f94540-e6e2-4b9c-8187-24ae5f8a5790@group-3FB64B17AA70-StateMachineUpdater: set stopIndex = 0
2019-10-14 17:00:55,834 [main] INFO  impl.RaftServerImpl (ServerState.java:close(387)) - b1f94540-e6e2-4b9c-8187-24ae5f8a5790@group-3FB64B17AA70: closes. applyIndex: 0
2019-10-14 17:00:55,834 [b1f94540-e6e2-4b9c-8187-24ae5f8a5790@group-3FB64B17AA70-SegmentedRaftLogWorker] INFO  segmented.SegmentedRaftLogWorker (SegmentedRaftLogWorker.java:run(316)) - b1f94540-e6e2-4b9c-8187-24ae5f8a5790@group-3FB64B17AA70-SegmentedRaftLogWorker was interrupted, exiting. There are 0 tasks remaining in the queue.
2019-10-14 17:00:55,837 [main] INFO  segmented.SegmentedRaftLogWorker (SegmentedRaftLogWorker.java:close(224)) - b1f94540-e6e2-4b9c-8187-24ae5f8a5790@group-3FB64B17AA70-SegmentedRaftLogWorker close()
2019-10-14 17:00:55,842 [main] INFO  server.GrpcService (GrpcService.java:closeImpl(164)) - b1f94540-e6e2-4b9c-8187-24ae5f8a5790: shutdown server with port 46290 now
2019-10-14 17:00:55,843 [grpc-default-executor-1] WARN  server.GrpcServerProtocolService (LogUtils.java:warn(134)) - b1f94540-e6e2-4b9c-8187-24ae5f8a5790: installSnapshot onError, lastRequest: d13dccf9-d9ae-4e52-b31c-0cdd593c4443->b1f94540-e6e2-4b9c-8187-24ae5f8a5790#5-t1, previous=(t:1, i:2), leaderCommit=2, initializing? false, entries: <empty>: org.apache.ratis.thirdparty.io.grpc.StatusRuntimeException: CANCELLED: cancelled before receiving half close
2019-10-14 17:00:55,844 [main] INFO  server.GrpcService (GrpcService.java:closeImpl(172)) - b1f94540-e6e2-4b9c-8187-24ae5f8a5790: shutdown server with port 46290 successfully
2019-10-14 17:00:55,844 [grpc-default-executor-2] WARN  server.GrpcLogAppender (LogUtils.java:warn(134)) - d13dccf9-d9ae-4e52-b31c-0cdd593c4443@group-257A60561570->b1f94540-e6e2-4b9c-8187-24ae5f8a5790-AppendLogResponseHandler: Failed appendEntries: org.apache.ratis.thirdparty.io.grpc.StatusRuntimeException: CANCELLED: HTTP/2 error code: CANCEL
Received Rst Stream
2019-10-14 17:00:55,845 [grpc-default-executor-2] INFO  impl.FollowerInfo (FollowerInfo.java:lambda$new$0(51)) - d13dccf9-d9ae-4e52-b31c-0cdd593c4443@group-257A60561570->b1f94540-e6e2-4b9c-8187-24ae5f8a5790: nextIndex: updateUnconditionally 3 -> 2
2019-10-14 17:00:55,846 [refreshUsed-/workdir/hadoop-ozone/integration-test/target/test-dir/MiniOzoneClusterImpl-7988c91c-7eca-4252-be72-1bce262518f6/datanode-0/data/containers] WARN  fs.CachingGetSpaceUsed (CachingGetSpaceUsed.java:run(183)) - Thread Interrupted waiting to refresh disk information: sleep interrupted
2019-10-14 17:00:55,863 [main] INFO  utils.BackgroundService (BackgroundService.java:shutdown(151)) - Shutting down service BlockDeletingService
2019-10-14 17:00:55,873 [main] INFO  statemachine.DatanodeStateMachine (DatanodeStateMachine.java:stopDaemon(395)) - Ozone container server stopped.
2019-10-14 17:00:55,874 [main] INFO  handler.ContextHandler (ContextHandler.java:doStop(910)) - Stopped o.e.j.w.WebAppContext@14168e1{/,null,UNAVAILABLE}{/hddsDatanode}
2019-10-14 17:00:55,877 [main] INFO  server.AbstractConnector (AbstractConnector.java:doStop(318)) - Stopped ServerConnector@16a5c7e4{HTTP/1.1,[http/1.1]}{0.0.0.0:0}
2019-10-14 17:00:55,878 [main] INFO  handler.ContextHandler (ContextHandler.java:doStop(910)) - Stopped o.e.j.s.ServletContextHandler@7945b206{/static,jar:file:/home/user/.m2/repository/org/apache/hadoop/hadoop-hdds-container-service/0.5.0-SNAPSHOT/hadoop-hdds-container-service-0.5.0-SNAPSHOT.jar!/webapps/static,UNAVAILABLE}
2019-10-14 17:00:55,878 [main] INFO  handler.ContextHandler (ContextHandler.java:doStop(910)) - Stopped o.e.j.s.ServletContextHandler@76d7881e{/logs,file:///workdir/hadoop-ozone/integration-test/target/log,UNAVAILABLE}
2019-10-14 17:00:56,820 [Datanode State Machine Thread - 0] INFO  statemachine.DatanodeStateMachine (DatanodeStateMachine.java:lambda$startDaemon$0(350)) - Ozone container server started.
2019-10-14 17:00:58,173 [grpc-default-executor-2] WARN  server.GrpcLogAppender (LogUtils.java:warn(134)) - d13dccf9-d9ae-4e52-b31c-0cdd593c4443@group-257A60561570->b1f94540-e6e2-4b9c-8187-24ae5f8a5790-AppendLogResponseHandler: Failed appendEntries: org.apache.ratis.thirdparty.io.grpc.StatusRuntimeException: UNAVAILABLE: io exception
2019-10-14 17:00:58,174 [grpc-default-executor-2] INFO  impl.FollowerInfo (FollowerInfo.java:lambda$new$0(51)) - d13dccf9-d9ae-4e52-b31c-0cdd593c4443@group-257A60561570->b1f94540-e6e2-4b9c-8187-24ae5f8a5790: nextIndex: updateUnconditionally 2 -> 1
2019-10-14 17:01:00,675 [grpc-default-executor-5] WARN  server.GrpcLogAppender (LogUtils.java:warn(134)) - d13dccf9-d9ae-4e52-b31c-0cdd593c4443@group-257A60561570->b1f94540-e6e2-4b9c-8187-24ae5f8a5790-AppendLogResponseHandler: Failed appendEntries: org.apache.ratis.thirdparty.io.grpc.StatusRuntimeException: UNAVAILABLE: io exception
2019-10-14 17:01:00,675 [grpc-default-executor-5] INFO  impl.FollowerInfo (FollowerInfo.java:lambda$new$0(51)) - d13dccf9-d9ae-4e52-b31c-0cdd593c4443@group-257A60561570->b1f94540-e6e2-4b9c-8187-24ae5f8a5790: nextIndex: updateUnconditionally 1 -> 0
2019-10-14 17:01:00,880 [main] INFO  ozoneimpl.OzoneContainer (OzoneContainer.java:stop(227)) - Attempting to stop container services.
2019-10-14 17:01:00,880 [main] INFO  impl.RaftServerProxy (RaftServerProxy.java:lambda$close$4(314)) - d2f466cc-8a7c-4992-bcda-2dc638fd3333: close
2019-10-14 17:01:00,881 [main] INFO  impl.RaftServerImpl (RaftServerImpl.java:lambda$shutdown$3(247)) - d2f466cc-8a7c-4992-bcda-2dc638fd3333@group-1BA8BAEE8C3C: shutdown
2019-10-14 17:01:00,881 [main] INFO  util.JmxRegister (JmxRegister.java:unregister(73)) - Successfully un-registered JMX Bean with object name Ratis:service=RaftServer,group=group-1BA8BAEE8C3C,id=d2f466cc-8a7c-4992-bcda-2dc638fd3333
2019-10-14 17:01:00,881 [main] INFO  impl.RoleInfo (RoleInfo.java:shutdownLeaderState(104)) - d2f466cc-8a7c-4992-bcda-2dc638fd3333: shutdown LeaderState
2019-10-14 17:01:00,882 [main] INFO  impl.PendingRequests (PendingRequests.java:sendNotLeaderResponses(202)) - d2f466cc-8a7c-4992-bcda-2dc638fd3333@group-1BA8BAEE8C3C-PendingRequests: sendNotLeaderResponses
2019-10-14 17:01:00,882 [main] INFO  impl.StateMachineUpdater (StateMachineUpdater.java:stopAndJoin(136)) - d2f466cc-8a7c-4992-bcda-2dc638fd3333@group-1BA8BAEE8C3C-StateMachineUpdater: set stopIndex = 0
2019-10-14 17:01:00,882 [main] INFO  impl.RaftServerImpl (ServerState.java:close(387)) - d2f466cc-8a7c-4992-bcda-2dc638fd3333@group-1BA8BAEE8C3C: closes. applyIndex: 0
2019-10-14 17:01:00,883 [d2f466cc-8a7c-4992-bcda-2dc638fd3333@group-1BA8BAEE8C3C-SegmentedRaftLogWorker] INFO  segmented.SegmentedRaftLogWorker (SegmentedRaftLogWorker.java:run(316)) - d2f466cc-8a7c-4992-bcda-2dc638fd3333@group-1BA8BAEE8C3C-SegmentedRaftLogWorker was interrupted, exiting. There are 0 tasks remaining in the queue.
2019-10-14 17:01:00,887 [main] INFO  segmented.SegmentedRaftLogWorker (SegmentedRaftLogWorker.java:close(224)) - d2f466cc-8a7c-4992-bcda-2dc638fd3333@group-1BA8BAEE8C3C-SegmentedRaftLogWorker close()
2019-10-14 17:01:00,891 [main] INFO  impl.RaftServerImpl (RaftServerImpl.java:lambda$shutdown$3(247)) - d2f466cc-8a7c-4992-bcda-2dc638fd3333@group-257A60561570: shutdown
2019-10-14 17:01:00,892 [main] INFO  util.JmxRegister (JmxRegister.java:unregister(73)) - Successfully un-registered JMX Bean with object name Ratis:service=RaftServer,group=group-257A60561570,id=d2f466cc-8a7c-4992-bcda-2dc638fd3333
2019-10-14 17:01:00,892 [main] INFO  impl.RoleInfo (RoleInfo.java:shutdownFollowerState(121)) - d2f466cc-8a7c-4992-bcda-2dc638fd3333: shutdown FollowerState
2019-10-14 17:01:00,892 [main] INFO  impl.StateMachineUpdater (StateMachineUpdater.java:stopAndJoin(136)) - d2f466cc-8a7c-4992-bcda-2dc638fd3333@group-257A60561570-StateMachineUpdater: set stopIndex = 2
2019-10-14 17:01:00,892 [d2f466cc-8a7c-4992-bcda-2dc638fd3333@group-257A60561570-StateMachineUpdater] INFO  ratis.ContainerStateMachine (ContainerStateMachine.java:takeSnapshot(294)) - group-257A60561570: Taking a snapshot at:(t:1, i:1) file /workdir/hadoop-ozone/integration-test/target/test-dir/MiniOzoneClusterImpl-7988c91c-7eca-4252-be72-1bce262518f6/datanode-1/data/ratis/272dbfb2-69f7-499a-a33d-257a60561570/sm/snapshot.1_1
2019-10-14 17:01:00,892 [Thread-1510] INFO  impl.FollowerState (FollowerState.java:run(117)) - d2f466cc-8a7c-4992-bcda-2dc638fd3333@group-257A60561570-FollowerState was interrupted: java.lang.InterruptedException: sleep interrupted
2019-10-14 17:01:00,901 [d2f466cc-8a7c-4992-bcda-2dc638fd3333@group-257A60561570-StateMachineUpdater] INFO  ratis.ContainerStateMachine (ContainerStateMachine.java:takeSnapshot(305)) - group-257A60561570: Finished taking a snapshot at:(t:1, i:1) file:/workdir/hadoop-ozone/integration-test/target/test-dir/MiniOzoneClusterImpl-7988c91c-7eca-4252-be72-1bce262518f6/datanode-1/data/ratis/272dbfb2-69f7-499a-a33d-257a60561570/sm/snapshot.1_1 time:9
2019-10-14 17:01:00,901 [d2f466cc-8a7c-4992-bcda-2dc638fd3333@group-257A60561570-StateMachineUpdater] INFO  impl.StateMachineUpdater (StateMachineUpdater.java:takeSnapshot(269)) - d2f466cc-8a7c-4992-bcda-2dc638fd3333@group-257A60561570-StateMachineUpdater: Took a snapshot at index 1
2019-10-14 17:01:00,902 [d2f466cc-8a7c-4992-bcda-2dc638fd3333@group-257A60561570-StateMachineUpdater] INFO  impl.StateMachineUpdater (StateMachineUpdater.java:lambda$new$0(84)) - d2f466cc-8a7c-4992-bcda-2dc638fd3333@group-257A60561570-StateMachineUpdater: snapshotIndex: updateIncreasingly -1 -> 1
2019-10-14 17:01:00,902 [d2f466cc-8a7c-4992-bcda-2dc638fd3333@group-257A60561570-StateMachineUpdater] INFO  ratis.ContainerStateMachine (ContainerStateMachine.java:takeSnapshot(294)) - group-257A60561570: Taking a snapshot at:(t:1, i:1) file /workdir/hadoop-ozone/integration-test/target/test-dir/MiniOzoneClusterImpl-7988c91c-7eca-4252-be72-1bce262518f6/datanode-1/data/ratis/272dbfb2-69f7-499a-a33d-257a60561570/sm/snapshot.1_1
2019-10-14 17:01:00,915 [d2f466cc-8a7c-4992-bcda-2dc638fd3333@group-257A60561570-StateMachineUpdater] INFO  ratis.ContainerStateMachine (ContainerStateMachine.java:takeSnapshot(305)) - group-257A60561570: Finished taking a snapshot at:(t:1, i:1) file:/workdir/hadoop-ozone/integration-test/target/test-dir/MiniOzoneClusterImpl-7988c91c-7eca-4252-be72-1bce262518f6/datanode-1/data/ratis/272dbfb2-69f7-499a-a33d-257a60561570/sm/snapshot.1_1 time:12
2019-10-14 17:01:00,915 [d2f466cc-8a7c-4992-bcda-2dc638fd3333@group-257A60561570-StateMachineUpdater] INFO  impl.StateMachineUpdater (StateMachineUpdater.java:takeSnapshot(269)) - d2f466cc-8a7c-4992-bcda-2dc638fd3333@group-257A60561570-StateMachineUpdater: Took a snapshot at index 1
2019-10-14 17:01:00,915 [d2f466cc-8a7c-4992-bcda-2dc638fd3333@group-257A60561570-StateMachineUpdater] INFO  impl.StateMachineUpdater (StateMachineUpdater.java:lambda$new$0(84)) - d2f466cc-8a7c-4992-bcda-2dc638fd3333@group-257A60561570-StateMachineUpdater: snapshotIndex: updateIncreasingly 1 -> 1
2019-10-14 17:01:00,915 [main] INFO  impl.RaftServerImpl (ServerState.java:close(387)) - d2f466cc-8a7c-4992-bcda-2dc638fd3333@group-257A60561570: closes. applyIndex: 2
2019-10-14 17:01:00,916 [d2f466cc-8a7c-4992-bcda-2dc638fd3333@group-257A60561570-SegmentedRaftLogWorker] INFO  segmented.SegmentedRaftLogWorker (SegmentedRaftLogWorker.java:run(316)) - d2f466cc-8a7c-4992-bcda-2dc638fd3333@group-257A60561570-SegmentedRaftLogWorker was interrupted, exiting. There are 0 tasks remaining in the queue.
2019-10-14 17:01:00,918 [main] INFO  segmented.SegmentedRaftLogWorker (SegmentedRaftLogWorker.java:close(224)) - d2f466cc-8a7c-4992-bcda-2dc638fd3333@group-257A60561570-SegmentedRaftLogWorker close()
2019-10-14 17:01:00,923 [main] INFO  server.GrpcService (GrpcService.java:closeImpl(164)) - d2f466cc-8a7c-4992-bcda-2dc638fd3333: shutdown server with port 33053 now
2019-10-14 17:01:00,924 [grpc-default-executor-1] WARN  server.GrpcServerProtocolService (LogUtils.java:warn(134)) - d2f466cc-8a7c-4992-bcda-2dc638fd3333: installSnapshot onError, lastRequest: d13dccf9-d9ae-4e52-b31c-0cdd593c4443->d2f466cc-8a7c-4992-bcda-2dc638fd3333#7-t1, previous=(t:1, i:2), leaderCommit=2, initializing? false, entries: <empty>: org.apache.ratis.thirdparty.io.grpc.StatusRuntimeException: CANCELLED: cancelled before receiving half close
2019-10-14 17:01:00,924 [grpc-default-executor-5] WARN  server.GrpcLogAppender (LogUtils.java:warn(134)) - d13dccf9-d9ae-4e52-b31c-0cdd593c4443@group-257A60561570->d2f466cc-8a7c-4992-bcda-2dc638fd3333-AppendLogResponseHandler: Failed appendEntries: org.apache.ratis.thirdparty.io.grpc.StatusRuntimeException: CANCELLED: HTTP/2 error code: CANCEL
Received Rst Stream
2019-10-14 17:01:00,924 [main] INFO  server.GrpcService (GrpcService.java:closeImpl(172)) - d2f466cc-8a7c-4992-bcda-2dc638fd3333: shutdown server with port 33053 successfully
2019-10-14 17:01:00,925 [grpc-default-executor-5] INFO  impl.FollowerInfo (FollowerInfo.java:lambda$new$0(51)) - d13dccf9-d9ae-4e52-b31c-0cdd593c4443@group-257A60561570->d2f466cc-8a7c-4992-bcda-2dc638fd3333: nextIndex: updateUnconditionally 3 -> 2
2019-10-14 17:01:00,927 [refreshUsed-/workdir/hadoop-ozone/integration-test/target/test-dir/MiniOzoneClusterImpl-7988c91c-7eca-4252-be72-1bce262518f6/datanode-1/data/containers] WARN  fs.CachingGetSpaceUsed (CachingGetSpaceUsed.java:run(183)) - Thread Interrupted waiting to refresh disk information: sleep interrupted
2019-10-14 17:01:00,949 [main] INFO  utils.BackgroundService (BackgroundService.java:shutdown(151)) - Shutting down service BlockDeletingService
2019-10-14 17:01:00,965 [main] INFO  statemachine.DatanodeStateMachine (DatanodeStateMachine.java:stopDaemon(395)) - Ozone container server stopped.
2019-10-14 17:01:00,967 [main] INFO  handler.ContextHandler (ContextHandler.java:doStop(910)) - Stopped o.e.j.w.WebAppContext@3cdc7b09{/,null,UNAVAILABLE}{/hddsDatanode}
2019-10-14 17:01:00,968 [main] INFO  server.AbstractConnector (AbstractConnector.java:doStop(318)) - Stopped ServerConnector@7364eed1{HTTP/1.1,[http/1.1]}{0.0.0.0:0}
2019-10-14 17:01:00,968 [main] INFO  handler.ContextHandler (ContextHandler.java:doStop(910)) - Stopped o.e.j.s.ServletContextHandler@6b649efa{/static,jar:file:/home/user/.m2/repository/org/apache/hadoop/hadoop-hdds-container-service/0.5.0-SNAPSHOT/hadoop-hdds-container-service-0.5.0-SNAPSHOT.jar!/webapps/static,UNAVAILABLE}
2019-10-14 17:01:00,969 [main] INFO  handler.ContextHandler (ContextHandler.java:doStop(910)) - Stopped o.e.j.s.ServletContextHandler@6436e181{/logs,file:///workdir/hadoop-ozone/integration-test/target/log,UNAVAILABLE}
2019-10-14 17:01:03,175 [grpc-default-executor-1] WARN  server.GrpcLogAppender (LogUtils.java:warn(134)) - d13dccf9-d9ae-4e52-b31c-0cdd593c4443@group-257A60561570->b1f94540-e6e2-4b9c-8187-24ae5f8a5790-AppendLogResponseHandler: Failed appendEntries: org.apache.ratis.thirdparty.io.grpc.StatusRuntimeException: UNAVAILABLE: io exception
2019-10-14 17:01:03,175 [grpc-default-executor-1] INFO  impl.FollowerInfo (FollowerInfo.java:lambda$new$0(51)) - d13dccf9-d9ae-4e52-b31c-0cdd593c4443@group-257A60561570->b1f94540-e6e2-4b9c-8187-24ae5f8a5790: nextIndex: updateUnconditionally 0 -> 0
2019-10-14 17:01:03,180 [grpc-default-executor-1] WARN  server.GrpcLogAppender (LogUtils.java:warn(134)) - d13dccf9-d9ae-4e52-b31c-0cdd593c4443@group-257A60561570->d2f466cc-8a7c-4992-bcda-2dc638fd3333-AppendLogResponseHandler: Failed appendEntries: org.apache.ratis.thirdparty.io.grpc.StatusRuntimeException: UNAVAILABLE: io exception
2019-10-14 17:01:03,180 [grpc-default-executor-1] INFO  impl.FollowerInfo (FollowerInfo.java:lambda$new$0(51)) - d13dccf9-d9ae-4e52-b31c-0cdd593c4443@group-257A60561570->d2f466cc-8a7c-4992-bcda-2dc638fd3333: nextIndex: updateUnconditionally 2 -> 1
2019-10-14 17:01:05,679 [grpc-default-executor-5] WARN  server.GrpcLogAppender (LogUtils.java:warn(134)) - d13dccf9-d9ae-4e52-b31c-0cdd593c4443@group-257A60561570->b1f94540-e6e2-4b9c-8187-24ae5f8a5790-AppendLogResponseHandler: Failed appendEntries: org.apache.ratis.thirdparty.io.grpc.StatusRuntimeException: UNAVAILABLE: io exception
2019-10-14 17:01:05,680 [grpc-default-executor-1] WARN  server.GrpcLogAppender (LogUtils.java:warn(134)) - d13dccf9-d9ae-4e52-b31c-0cdd593c4443@group-257A60561570->d2f466cc-8a7c-4992-bcda-2dc638fd3333-AppendLogResponseHandler: Failed appendEntries: org.apache.ratis.thirdparty.io.grpc.StatusRuntimeException: UNAVAILABLE: io exception
2019-10-14 17:01:05,681 [grpc-default-executor-5] INFO  impl.FollowerInfo (FollowerInfo.java:lambda$new$0(51)) - d13dccf9-d9ae-4e52-b31c-0cdd593c4443@group-257A60561570->b1f94540-e6e2-4b9c-8187-24ae5f8a5790: nextIndex: updateUnconditionally 0 -> 0
2019-10-14 17:01:05,681 [grpc-default-executor-1] INFO  impl.FollowerInfo (FollowerInfo.java:lambda$new$0(51)) - d13dccf9-d9ae-4e52-b31c-0cdd593c4443@group-257A60561570->d2f466cc-8a7c-4992-bcda-2dc638fd3333: nextIndex: updateUnconditionally 1 -> 0
2019-10-14 17:01:08,180 [grpc-default-executor-5] WARN  server.GrpcLogAppender (LogUtils.java:warn(134)) - d13dccf9-d9ae-4e52-b31c-0cdd593c4443@group-257A60561570->b1f94540-e6e2-4b9c-8187-24ae5f8a5790-AppendLogResponseHandler: Failed appendEntries: org.apache.ratis.thirdparty.io.grpc.StatusRuntimeException: UNAVAILABLE: io exception
2019-10-14 17:01:08,180 [grpc-default-executor-5] INFO  impl.FollowerInfo (FollowerInfo.java:lambda$new$0(51)) - d13dccf9-d9ae-4e52-b31c-0cdd593c4443@group-257A60561570->b1f94540-e6e2-4b9c-8187-24ae5f8a5790: nextIndex: updateUnconditionally 0 -> 0
2019-10-14 17:01:08,181 [grpc-default-executor-3] WARN  server.GrpcLogAppender (LogUtils.java:warn(134)) - d13dccf9-d9ae-4e52-b31c-0cdd593c4443@group-257A60561570->d2f466cc-8a7c-4992-bcda-2dc638fd3333-AppendLogResponseHandler: Failed appendEntries: org.apache.ratis.thirdparty.io.grpc.StatusRuntimeException: UNAVAILABLE: io exception
2019-10-14 17:01:08,181 [grpc-default-executor-3] INFO  impl.FollowerInfo (FollowerInfo.java:lambda$new$0(51)) - d13dccf9-d9ae-4e52-b31c-0cdd593c4443@group-257A60561570->d2f466cc-8a7c-4992-bcda-2dc638fd3333: nextIndex: updateUnconditionally 0 -> 0
2019-10-14 17:01:10,684 [grpc-default-executor-3] WARN  server.GrpcLogAppender (LogUtils.java:warn(134)) - d13dccf9-d9ae-4e52-b31c-0cdd593c4443@group-257A60561570->d2f466cc-8a7c-4992-bcda-2dc638fd3333-AppendLogResponseHandler: Failed appendEntries: org.apache.ratis.thirdparty.io.grpc.StatusRuntimeException: UNAVAILABLE: io exception
2019-10-14 17:01:10,684 [grpc-default-executor-5] WARN  server.GrpcLogAppender (LogUtils.java:warn(134)) - d13dccf9-d9ae-4e52-b31c-0cdd593c4443@group-257A60561570->b1f94540-e6e2-4b9c-8187-24ae5f8a5790-AppendLogResponseHandler: Failed appendEntries: org.apache.ratis.thirdparty.io.grpc.StatusRuntimeException: UNAVAILABLE: io exception
2019-10-14 17:01:10,686 [grpc-default-executor-3] INFO  impl.FollowerInfo (FollowerInfo.java:lambda$new$0(51)) - d13dccf9-d9ae-4e52-b31c-0cdd593c4443@group-257A60561570->d2f466cc-8a7c-4992-bcda-2dc638fd3333: nextIndex: updateUnconditionally 0 -> 0
2019-10-14 17:01:10,686 [grpc-default-executor-5] INFO  impl.FollowerInfo (FollowerInfo.java:lambda$new$0(51)) - d13dccf9-d9ae-4e52-b31c-0cdd593c4443@group-257A60561570->b1f94540-e6e2-4b9c-8187-24ae5f8a5790: nextIndex: updateUnconditionally 0 -> 0
2019-10-14 17:01:11,058 [Thread-1587] INFO  client.GrpcClientProtocolService (GrpcClientProtocolService.java:lambda$processClientRequest$0(278)) - Failed RaftClientRequest:client-2391BEFE17DD->d13dccf9-d9ae-4e52-b31c-0cdd593c4443@group-257A60561570, cid=66, seq=0, Watch-ALL_COMMITTED(88), Message:<EMPTY>, reply=RaftClientReply:client-2391BEFE17DD->d13dccf9-d9ae-4e52-b31c-0cdd593c4443@group-257A60561570, cid=66, FAILED org.apache.ratis.protocol.NotReplicatedException: Request with call Id 66 and log index 88 is not yet replicated to ALL_COMMITTED, logIndex=88, commits[d13dccf9-d9ae-4e52-b31c-0cdd593c4443:c2, d2f466cc-8a7c-4992-bcda-2dc638fd3333:c2, b1f94540-e6e2-4b9c-8187-24ae5f8a5790:c2]
2019-10-14 17:01:13,183 [grpc-default-executor-5] WARN  server.GrpcLogAppender (LogUtils.java:warn(134)) - d13dccf9-d9ae-4e52-b31c-0cdd593c4443@group-257A60561570->b1f94540-e6e2-4b9c-8187-24ae5f8a5790-AppendLogResponseHandler: Failed appendEntries: org.apache.ratis.thirdparty.io.grpc.StatusRuntimeException: UNAVAILABLE: io exception
2019-10-14 17:01:13,183 [grpc-default-executor-0] WARN  server.GrpcLogAppender (LogUtils.java:warn(134)) - d13dccf9-d9ae-4e52-b31c-0cdd593c4443@group-257A60561570->d2f466cc-8a7c-4992-bcda-2dc638fd3333-AppendLogResponseHandler: Failed appendEntries: org.apache.ratis.thirdparty.io.grpc.StatusRuntimeException: UNAVAILABLE: io exception
2019-10-14 17:01:13,187 [grpc-default-executor-5] INFO  impl.FollowerInfo (FollowerInfo.java:lambda$new$0(51)) - d13dccf9-d9ae-4e52-b31c-0cdd593c4443@group-257A60561570->b1f94540-e6e2-4b9c-8187-24ae5f8a5790: nextIndex: updateUnconditionally 0 -> 0
2019-10-14 17:01:13,187 [grpc-default-executor-0] INFO  impl.FollowerInfo (FollowerInfo.java:lambda$new$0(51)) - d13dccf9-d9ae-4e52-b31c-0cdd593c4443@group-257A60561570->d2f466cc-8a7c-4992-bcda-2dc638fd3333: nextIndex: updateUnconditionally 0 -> 0
2019-10-14 17:01:15,687 [grpc-default-executor-5] WARN  server.GrpcLogAppender (LogUtils.java:warn(134)) - d13dccf9-d9ae-4e52-b31c-0cdd593c4443@group-257A60561570->d2f466cc-8a7c-4992-bcda-2dc638fd3333-AppendLogResponseHandler: Failed appendEntries: org.apache.ratis.thirdparty.io.grpc.StatusRuntimeException: UNAVAILABLE: io exception
2019-10-14 17:01:15,687 [grpc-default-executor-0] WARN  server.GrpcLogAppender (LogUtils.java:warn(134)) - d13dccf9-d9ae-4e52-b31c-0cdd593c4443@group-257A60561570->b1f94540-e6e2-4b9c-8187-24ae5f8a5790-AppendLogResponseHandler: Failed appendEntries: org.apache.ratis.thirdparty.io.grpc.StatusRuntimeException: UNAVAILABLE: io exception
2019-10-14 17:01:15,689 [grpc-default-executor-5] INFO  impl.FollowerInfo (FollowerInfo.java:lambda$new$0(51)) - d13dccf9-d9ae-4e52-b31c-0cdd593c4443@group-257A60561570->d2f466cc-8a7c-4992-bcda-2dc638fd3333: nextIndex: updateUnconditionally 0 -> 0
2019-10-14 17:01:15,689 [grpc-default-executor-0] INFO  impl.FollowerInfo (FollowerInfo.java:lambda$new$0(51)) - d13dccf9-d9ae-4e52-b31c-0cdd593c4443@group-257A60561570->b1f94540-e6e2-4b9c-8187-24ae5f8a5790: nextIndex: updateUnconditionally 0 -> 0
2019-10-14 17:01:18,190 [grpc-default-executor-2] WARN  server.GrpcLogAppender (LogUtils.java:warn(134)) - d13dccf9-d9ae-4e52-b31c-0cdd593c4443@group-257A60561570->d2f466cc-8a7c-4992-bcda-2dc638fd3333-AppendLogResponseHandler: Failed appendEntries: org.apache.ratis.thirdparty.io.grpc.StatusRuntimeException: UNAVAILABLE: io exception
2019-10-14 17:01:18,193 [grpc-default-executor-6] WARN  server.GrpcLogAppender (LogUtils.java:warn(134)) - d13dccf9-d9ae-4e52-b31c-0cdd593c4443@group-257A60561570->b1f94540-e6e2-4b9c-8187-24ae5f8a5790-AppendLogResponseHandler: Failed appendEntries: org.apache.ratis.thirdparty.io.grpc.StatusRuntimeException: UNAVAILABLE: io exception
2019-10-14 17:01:18,194 [grpc-default-executor-2] INFO  impl.FollowerInfo (FollowerInfo.java:lambda$new$0(51)) - d13dccf9-d9ae-4e52-b31c-0cdd593c4443@group-257A60561570->d2f466cc-8a7c-4992-bcda-2dc638fd3333: nextIndex: updateUnconditionally 0 -> 0
2019-10-14 17:01:18,194 [grpc-default-executor-6] INFO  impl.FollowerInfo (FollowerInfo.java:lambda$new$0(51)) - d13dccf9-d9ae-4e52-b31c-0cdd593c4443@group-257A60561570->b1f94540-e6e2-4b9c-8187-24ae5f8a5790: nextIndex: updateUnconditionally 0 -> 0
2019-10-14 17:01:20,693 [grpc-default-executor-2] WARN  server.GrpcLogAppender (LogUtils.java:warn(134)) - d13dccf9-d9ae-4e52-b31c-0cdd593c4443@group-257A60561570->d2f466cc-8a7c-4992-bcda-2dc638fd3333-AppendLogResponseHandler: Failed appendEntries: org.apache.ratis.thirdparty.io.grpc.StatusRuntimeException: UNAVAILABLE: io exception
2019-10-14 17:01:20,693 [grpc-default-executor-6] WARN  server.GrpcLogAppender (LogUtils.java:warn(134)) - d13dccf9-d9ae-4e52-b31c-0cdd593c4443@group-257A60561570->b1f94540-e6e2-4b9c-8187-24ae5f8a5790-AppendLogResponseHandler: Failed appendEntries: org.apache.ratis.thirdparty.io.grpc.StatusRuntimeException: UNAVAILABLE: io exception
2019-10-14 17:01:20,694 [grpc-default-executor-6] INFO  impl.FollowerInfo (FollowerInfo.java:lambda$new$0(51)) - d13dccf9-d9ae-4e52-b31c-0cdd593c4443@group-257A60561570->b1f94540-e6e2-4b9c-8187-24ae5f8a5790: nextIndex: updateUnconditionally 0 -> 0
2019-10-14 17:01:20,694 [grpc-default-executor-2] INFO  impl.FollowerInfo (FollowerInfo.java:lambda$new$0(51)) - d13dccf9-d9ae-4e52-b31c-0cdd593c4443@group-257A60561570->d2f466cc-8a7c-4992-bcda-2dc638fd3333: nextIndex: updateUnconditionally 0 -> 0
2019-10-14 17:01:20,972 [main] WARN  scm.XceiverClientRatis (XceiverClientRatis.java:watchForCommit(277)) - 3 way commit failed on pipeline Pipeline[ Id: 272dbfb2-69f7-499a-a33d-257a60561570, Nodes: b1f94540-e6e2-4b9c-8187-24ae5f8a5790{ip: 192.168.151.105, host: pr-hdds-2196-2-9v7pc-2718207715, networkLocation: /default-rack, certSerialId: null}d2f466cc-8a7c-4992-bcda-2dc638fd3333{ip: 192.168.151.105, host: pr-hdds-2196-2-9v7pc-2718207715, networkLocation: /default-rack, certSerialId: null}d13dccf9-d9ae-4e52-b31c-0cdd593c4443{ip: 192.168.151.105, host: pr-hdds-2196-2-9v7pc-2718207715, networkLocation: /default-rack, certSerialId: null}, Type:RATIS, Factor:THREE, State:OPEN]
java.util.concurrent.TimeoutException
	at java.util.concurrent.CompletableFuture.timedGet(CompletableFuture.java:1771)
	at java.util.concurrent.CompletableFuture.get(CompletableFuture.java:1915)
	at org.apache.hadoop.hdds.scm.XceiverClientRatis.watchForCommit(XceiverClientRatis.java:274)
	at org.apache.hadoop.ozone.client.rpc.TestWatchForCommit.testWatchForCommitForRetryfailure(TestWatchForCommit.java:345)
	at sun.reflect.NativeMethodAccessorImpl.invoke0(Native Method)
	at sun.reflect.NativeMethodAccessorImpl.invoke(NativeMethodAccessorImpl.java:62)
	at sun.reflect.DelegatingMethodAccessorImpl.invoke(DelegatingMethodAccessorImpl.java:43)
	at java.lang.reflect.Method.invoke(Method.java:498)
	at org.junit.runners.model.FrameworkMethod$1.runReflectiveCall(FrameworkMethod.java:47)
	at org.junit.internal.runners.model.ReflectiveCallable.run(ReflectiveCallable.java:12)
	at org.junit.runners.model.FrameworkMethod.invokeExplosively(FrameworkMethod.java:44)
	at org.junit.internal.runners.statements.InvokeMethod.evaluate(InvokeMethod.java:17)
	at org.junit.runners.ParentRunner.runLeaf(ParentRunner.java:271)
	at org.junit.runners.BlockJUnit4ClassRunner.runChild(BlockJUnit4ClassRunner.java:70)
	at org.junit.runners.BlockJUnit4ClassRunner.runChild(BlockJUnit4ClassRunner.java:50)
	at org.junit.runners.ParentRunner$3.run(ParentRunner.java:238)
	at org.junit.runners.ParentRunner$1.schedule(ParentRunner.java:63)
	at org.junit.runners.ParentRunner.runChildren(ParentRunner.java:236)
	at org.junit.runners.ParentRunner.access$000(ParentRunner.java:53)
	at org.junit.runners.ParentRunner$2.evaluate(ParentRunner.java:229)
	at org.junit.runners.ParentRunner.run(ParentRunner.java:309)
	at org.apache.maven.surefire.junit4.JUnit4Provider.execute(JUnit4Provider.java:365)
	at org.apache.maven.surefire.junit4.JUnit4Provider.executeWithRerun(JUnit4Provider.java:273)
	at org.apache.maven.surefire.junit4.JUnit4Provider.executeTestSet(JUnit4Provider.java:238)
	at org.apache.maven.surefire.junit4.JUnit4Provider.invoke(JUnit4Provider.java:159)
	at org.apache.maven.surefire.booter.ForkedBooter.invokeProviderInSameClassLoader(ForkedBooter.java:384)
	at org.apache.maven.surefire.booter.ForkedBooter.runSuitesInProcess(ForkedBooter.java:345)
	at org.apache.maven.surefire.booter.ForkedBooter.execute(ForkedBooter.java:126)
	at org.apache.maven.surefire.booter.ForkedBooter.main(ForkedBooter.java:418)
2019-10-14 17:01:22,056 [Thread-1605] INFO  client.GrpcClientProtocolService (GrpcClientProtocolService.java:lambda$processClientRequest$0(278)) - Failed RaftClientRequest:client-2391BEFE17DD->d13dccf9-d9ae-4e52-b31c-0cdd593c4443@group-257A60561570, cid=66, seq=0, Watch-ALL_COMMITTED(88), Message:<EMPTY>, reply=RaftClientReply:client-2391BEFE17DD->d13dccf9-d9ae-4e52-b31c-0cdd593c4443@group-257A60561570, cid=66, FAILED org.apache.ratis.protocol.NotReplicatedException: Request with call Id 66 and log index 88 is not yet replicated to ALL_COMMITTED, logIndex=88, commits[d13dccf9-d9ae-4e52-b31c-0cdd593c4443:c2, d2f466cc-8a7c-4992-bcda-2dc638fd3333:c2, b1f94540-e6e2-4b9c-8187-24ae5f8a5790:c2]
2019-10-14 17:01:23,193 [grpc-default-executor-1] WARN  server.GrpcLogAppender (LogUtils.java:warn(134)) - d13dccf9-d9ae-4e52-b31c-0cdd593c4443@group-257A60561570->b1f94540-e6e2-4b9c-8187-24ae5f8a5790-AppendLogResponseHandler: Failed appendEntries: org.apache.ratis.thirdparty.io.grpc.StatusRuntimeException: UNAVAILABLE: io exception
2019-10-14 17:01:23,193 [grpc-default-executor-0] WARN  server.GrpcLogAppender (LogUtils.java:warn(134)) - d13dccf9-d9ae-4e52-b31c-0cdd593c4443@group-257A60561570->d2f466cc-8a7c-4992-bcda-2dc638fd3333-AppendLogResponseHandler: Failed appendEntries: org.apache.ratis.thirdparty.io.grpc.StatusRuntimeException: UNAVAILABLE: io exception
2019-10-14 17:01:23,199 [grpc-default-executor-1] INFO  impl.FollowerInfo (FollowerInfo.java:lambda$new$0(51)) - d13dccf9-d9ae-4e52-b31c-0cdd593c4443@group-257A60561570->b1f94540-e6e2-4b9c-8187-24ae5f8a5790: nextIndex: updateUnconditionally 0 -> 0
2019-10-14 17:01:23,199 [grpc-default-executor-0] INFO  impl.FollowerInfo (FollowerInfo.java:lambda$new$0(51)) - d13dccf9-d9ae-4e52-b31c-0cdd593c4443@group-257A60561570->d2f466cc-8a7c-4992-bcda-2dc638fd3333: nextIndex: updateUnconditionally 0 -> 0
2019-10-14 17:01:25,695 [grpc-default-executor-5] WARN  server.GrpcLogAppender (LogUtils.java:warn(134)) - d13dccf9-d9ae-4e52-b31c-0cdd593c4443@group-257A60561570->b1f94540-e6e2-4b9c-8187-24ae5f8a5790-AppendLogResponseHandler: Failed appendEntries: org.apache.ratis.thirdparty.io.grpc.StatusRuntimeException: UNAVAILABLE: io exception
2019-10-14 17:01:25,695 [grpc-default-executor-6] WARN  server.GrpcLogAppender (LogUtils.java:warn(134)) - d13dccf9-d9ae-4e52-b31c-0cdd593c4443@group-257A60561570->d2f466cc-8a7c-4992-bcda-2dc638fd3333-AppendLogResponseHandler: Failed appendEntries: org.apache.ratis.thirdparty.io.grpc.StatusRuntimeException: UNAVAILABLE: io exception
2019-10-14 17:01:25,696 [grpc-default-executor-5] INFO  impl.FollowerInfo (FollowerInfo.java:lambda$new$0(51)) - d13dccf9-d9ae-4e52-b31c-0cdd593c4443@group-257A60561570->b1f94540-e6e2-4b9c-8187-24ae5f8a5790: nextIndex: updateUnconditionally 0 -> 0
2019-10-14 17:01:25,696 [grpc-default-executor-6] INFO  impl.FollowerInfo (FollowerInfo.java:lambda$new$0(51)) - d13dccf9-d9ae-4e52-b31c-0cdd593c4443@group-257A60561570->d2f466cc-8a7c-4992-bcda-2dc638fd3333: nextIndex: updateUnconditionally 0 -> 0
2019-10-14 17:01:28,195 [grpc-default-executor-6] WARN  server.GrpcLogAppender (LogUtils.java:warn(134)) - d13dccf9-d9ae-4e52-b31c-0cdd593c4443@group-257A60561570->b1f94540-e6e2-4b9c-8187-24ae5f8a5790-AppendLogResponseHandler: Failed appendEntries: org.apache.ratis.thirdparty.io.grpc.StatusRuntimeException: UNAVAILABLE: io exception
2019-10-14 17:01:28,195 [grpc-default-executor-0] WARN  server.GrpcLogAppender (LogUtils.java:warn(134)) - d13dccf9-d9ae-4e52-b31c-0cdd593c4443@group-257A60561570->d2f466cc-8a7c-4992-bcda-2dc638fd3333-AppendLogResponseHandler: Failed appendEntries: org.apache.ratis.thirdparty.io.grpc.StatusRuntimeException: UNAVAILABLE: io exception
2019-10-14 17:01:28,195 [grpc-default-executor-6] INFO  impl.FollowerInfo (FollowerInfo.java:lambda$new$0(51)) - d13dccf9-d9ae-4e52-b31c-0cdd593c4443@group-257A60561570->b1f94540-e6e2-4b9c-8187-24ae5f8a5790: nextIndex: updateUnconditionally 0 -> 0
2019-10-14 17:01:28,195 [grpc-default-executor-0] INFO  impl.FollowerInfo (FollowerInfo.java:lambda$new$0(51)) - d13dccf9-d9ae-4e52-b31c-0cdd593c4443@group-257A60561570->d2f466cc-8a7c-4992-bcda-2dc638fd3333: nextIndex: updateUnconditionally 0 -> 0
2019-10-14 17:01:30,696 [grpc-default-executor-2] WARN  server.GrpcLogAppender (LogUtils.java:warn(134)) - d13dccf9-d9ae-4e52-b31c-0cdd593c4443@group-257A60561570->d2f466cc-8a7c-4992-bcda-2dc638fd3333-AppendLogResponseHandler: Failed appendEntries: org.apache.ratis.thirdparty.io.grpc.StatusRuntimeException: UNAVAILABLE: io exception
2019-10-14 17:01:30,696 [grpc-default-executor-6] WARN  server.GrpcLogAppender (LogUtils.java:warn(134)) - d13dccf9-d9ae-4e52-b31c-0cdd593c4443@group-257A60561570->b1f94540-e6e2-4b9c-8187-24ae5f8a5790-AppendLogResponseHandler: Failed appendEntries: org.apache.ratis.thirdparty.io.grpc.StatusRuntimeException: UNAVAILABLE: io exception
2019-10-14 17:01:30,697 [grpc-default-executor-2] INFO  impl.FollowerInfo (FollowerInfo.java:lambda$new$0(51)) - d13dccf9-d9ae-4e52-b31c-0cdd593c4443@group-257A60561570->d2f466cc-8a7c-4992-bcda-2dc638fd3333: nextIndex: updateUnconditionally 0 -> 0
2019-10-14 17:01:30,697 [grpc-default-executor-6] INFO  impl.FollowerInfo (FollowerInfo.java:lambda$new$0(51)) - d13dccf9-d9ae-4e52-b31c-0cdd593c4443@group-257A60561570->b1f94540-e6e2-4b9c-8187-24ae5f8a5790: nextIndex: updateUnconditionally 0 -> 0
2019-10-14 17:01:32,057 [Thread-1620] INFO  client.GrpcClientProtocolService (GrpcClientProtocolService.java:lambda$processClientRequest$0(278)) - Failed RaftClientRequest:client-2391BEFE17DD->d13dccf9-d9ae-4e52-b31c-0cdd593c4443@group-257A60561570, cid=66, seq=0, Watch-ALL_COMMITTED(88), Message:<EMPTY>, reply=RaftClientReply:client-2391BEFE17DD->d13dccf9-d9ae-4e52-b31c-0cdd593c4443@group-257A60561570, cid=66, FAILED org.apache.ratis.protocol.NotReplicatedException: Request with call Id 66 and log index 88 is not yet replicated to ALL_COMMITTED, logIndex=88, commits[d13dccf9-d9ae-4e52-b31c-0cdd593c4443:c2, d2f466cc-8a7c-4992-bcda-2dc638fd3333:c2, b1f94540-e6e2-4b9c-8187-24ae5f8a5790:c2]
2019-10-14 17:01:33,056 [Thread-1621] INFO  client.GrpcClientProtocolService (GrpcClientProtocolService.java:lambda$processClientRequest$0(278)) - Failed RaftClientRequest:client-2391BEFE17DD->d13dccf9-d9ae-4e52-b31c-0cdd593c4443@group-257A60561570, cid=67, seq=0, Watch-MAJORITY_COMMITTED(88), Message:<EMPTY>, reply=RaftClientReply:client-2391BEFE17DD->d13dccf9-d9ae-4e52-b31c-0cdd593c4443@group-257A60561570, cid=67, FAILED org.apache.ratis.protocol.NotReplicatedException: Request with call Id 67 and log index 88 is not yet replicated to MAJORITY_COMMITTED, logIndex=88, commits[d13dccf9-d9ae-4e52-b31c-0cdd593c4443:c2, d2f466cc-8a7c-4992-bcda-2dc638fd3333:c2, b1f94540-e6e2-4b9c-8187-24ae5f8a5790:c2]
2019-10-14 17:01:33,196 [grpc-default-executor-1] WARN  server.GrpcLogAppender (LogUtils.java:warn(134)) - d13dccf9-d9ae-4e52-b31c-0cdd593c4443@group-257A60561570->b1f94540-e6e2-4b9c-8187-24ae5f8a5790-AppendLogResponseHandler: Failed appendEntries: org.apache.ratis.thirdparty.io.grpc.StatusRuntimeException: UNAVAILABLE: io exception
2019-10-14 17:01:33,196 [grpc-default-executor-5] WARN  server.GrpcLogAppender (LogUtils.java:warn(134)) - d13dccf9-d9ae-4e52-b31c-0cdd593c4443@group-257A60561570->d2f466cc-8a7c-4992-bcda-2dc638fd3333-AppendLogResponseHandler: Failed appendEntries: org.apache.ratis.thirdparty.io.grpc.StatusRuntimeException: UNAVAILABLE: io exception
2019-10-14 17:01:33,203 [grpc-default-executor-1] INFO  impl.FollowerInfo (FollowerInfo.java:lambda$new$0(51)) - d13dccf9-d9ae-4e52-b31c-0cdd593c4443@group-257A60561570->b1f94540-e6e2-4b9c-8187-24ae5f8a5790: nextIndex: updateUnconditionally 0 -> 0
2019-10-14 17:01:33,203 [grpc-default-executor-5] INFO  impl.FollowerInfo (FollowerInfo.java:lambda$new$0(51)) - d13dccf9-d9ae-4e52-b31c-0cdd593c4443@group-257A60561570->d2f466cc-8a7c-4992-bcda-2dc638fd3333: nextIndex: updateUnconditionally 0 -> 0
2019-10-14 17:01:35,702 [grpc-default-executor-5] WARN  server.GrpcLogAppender (LogUtils.java:warn(134)) - d13dccf9-d9ae-4e52-b31c-0cdd593c4443@group-257A60561570->d2f466cc-8a7c-4992-bcda-2dc638fd3333-AppendLogResponseHandler: Failed appendEntries: org.apache.ratis.thirdparty.io.grpc.StatusRuntimeException: UNAVAILABLE: io exception
2019-10-14 17:01:35,702 [grpc-default-executor-0] WARN  server.GrpcLogAppender (LogUtils.java:warn(134)) - d13dccf9-d9ae-4e52-b31c-0cdd593c4443@group-257A60561570->b1f94540-e6e2-4b9c-8187-24ae5f8a5790-AppendLogResponseHandler: Failed appendEntries: org.apache.ratis.thirdparty.io.grpc.StatusRuntimeException: UNAVAILABLE: io exception
2019-10-14 17:01:35,703 [grpc-default-executor-5] INFO  impl.FollowerInfo (FollowerInfo.java:lambda$new$0(51)) - d13dccf9-d9ae-4e52-b31c-0cdd593c4443@group-257A60561570->d2f466cc-8a7c-4992-bcda-2dc638fd3333: nextIndex: updateUnconditionally 0 -> 0
2019-10-14 17:01:35,703 [grpc-default-executor-0] INFO  impl.FollowerInfo (FollowerInfo.java:lambda$new$0(51)) - d13dccf9-d9ae-4e52-b31c-0cdd593c4443@group-257A60561570->b1f94540-e6e2-4b9c-8187-24ae5f8a5790: nextIndex: updateUnconditionally 0 -> 0
2019-10-14 17:01:38,205 [grpc-default-executor-0] WARN  server.GrpcLogAppender (LogUtils.java:warn(134)) - d13dccf9-d9ae-4e52-b31c-0cdd593c4443@group-257A60561570->d2f466cc-8a7c-4992-bcda-2dc638fd3333-AppendLogResponseHandler: Failed appendEntries: org.apache.ratis.thirdparty.io.grpc.StatusRuntimeException: UNAVAILABLE: io exception
2019-10-14 17:01:38,205 [grpc-default-executor-2] WARN  server.GrpcLogAppender (LogUtils.java:warn(134)) - d13dccf9-d9ae-4e52-b31c-0cdd593c4443@group-257A60561570->b1f94540-e6e2-4b9c-8187-24ae5f8a5790-AppendLogResponseHandler: Failed appendEntries: org.apache.ratis.thirdparty.io.grpc.StatusRuntimeException: UNAVAILABLE: io exception
2019-10-14 17:01:38,207 [grpc-default-executor-0] INFO  impl.FollowerInfo (FollowerInfo.java:lambda$new$0(51)) - d13dccf9-d9ae-4e52-b31c-0cdd593c4443@group-257A60561570->d2f466cc-8a7c-4992-bcda-2dc638fd3333: nextIndex: updateUnconditionally 0 -> 0
2019-10-14 17:01:38,207 [grpc-default-executor-2] INFO  impl.FollowerInfo (FollowerInfo.java:lambda$new$0(51)) - d13dccf9-d9ae-4e52-b31c-0cdd593c4443@group-257A60561570->b1f94540-e6e2-4b9c-8187-24ae5f8a5790: nextIndex: updateUnconditionally 0 -> 0
2019-10-14 17:01:40,705 [grpc-default-executor-3] WARN  server.GrpcLogAppender (LogUtils.java:warn(134)) - d13dccf9-d9ae-4e52-b31c-0cdd593c4443@group-257A60561570->d2f466cc-8a7c-4992-bcda-2dc638fd3333-AppendLogResponseHandler: Failed appendEntries: org.apache.ratis.thirdparty.io.grpc.StatusRuntimeException: UNAVAILABLE: io exception
2019-10-14 17:01:40,705 [grpc-default-executor-5] WARN  server.GrpcLogAppender (LogUtils.java:warn(134)) - d13dccf9-d9ae-4e52-b31c-0cdd593c4443@group-257A60561570->b1f94540-e6e2-4b9c-8187-24ae5f8a5790-AppendLogResponseHandler: Failed appendEntries: org.apache.ratis.thirdparty.io.grpc.StatusRuntimeException: UNAVAILABLE: io exception
2019-10-14 17:01:40,705 [grpc-default-executor-3] INFO  impl.FollowerInfo (FollowerInfo.java:lambda$new$0(51)) - d13dccf9-d9ae-4e52-b31c-0cdd593c4443@group-257A60561570->d2f466cc-8a7c-4992-bcda-2dc638fd3333: nextIndex: updateUnconditionally 0 -> 0
2019-10-14 17:01:40,706 [grpc-default-executor-5] INFO  impl.FollowerInfo (FollowerInfo.java:lambda$new$0(51)) - d13dccf9-d9ae-4e52-b31c-0cdd593c4443@group-257A60561570->b1f94540-e6e2-4b9c-8187-24ae5f8a5790: nextIndex: updateUnconditionally 0 -> 0
]]></system-out>
    <system-err><![CDATA[Oct 14, 2019 5:00:55 PM org.apache.ratis.thirdparty.io.grpc.internal.SerializingExecutor run
SEVERE: Exception while executing runnable org.apache.ratis.thirdparty.io.grpc.internal.ServerImpl$JumpToApplicationThreadServerStreamListener$1Closed@40aa5dde
org.apache.ratis.thirdparty.io.grpc.StatusRuntimeException: CANCELLED: call already cancelled
	at org.apache.ratis.thirdparty.io.grpc.Status.asRuntimeException(Status.java:517)
	at org.apache.ratis.thirdparty.io.grpc.stub.ServerCalls$ServerCallStreamObserverImpl.onCompleted(ServerCalls.java:356)
	at org.apache.ratis.grpc.server.GrpcServerProtocolService$ServerRequestStreamObserver.onError(GrpcServerProtocolService.java:121)
	at org.apache.ratis.thirdparty.io.grpc.stub.ServerCalls$StreamingServerCallHandler$StreamingServerCallListener.onCancel(ServerCalls.java:269)
	at org.apache.ratis.thirdparty.io.grpc.internal.ServerCallImpl$ServerStreamListenerImpl.closed(ServerCallImpl.java:293)
	at org.apache.ratis.thirdparty.io.grpc.internal.ServerImpl$JumpToApplicationThreadServerStreamListener$1Closed.runInContext(ServerImpl.java:741)
	at org.apache.ratis.thirdparty.io.grpc.internal.ContextRunnable.run(ContextRunnable.java:37)
	at org.apache.ratis.thirdparty.io.grpc.internal.SerializingExecutor.run(SerializingExecutor.java:123)
	at java.util.concurrent.ThreadPoolExecutor.runWorker(ThreadPoolExecutor.java:1149)
	at java.util.concurrent.ThreadPoolExecutor$Worker.run(ThreadPoolExecutor.java:624)
	at java.lang.Thread.run(Thread.java:748)

Oct 14, 2019 5:01:00 PM org.apache.ratis.thirdparty.io.grpc.internal.SerializingExecutor run
SEVERE: Exception while executing runnable org.apache.ratis.thirdparty.io.grpc.internal.ServerImpl$JumpToApplicationThreadServerStreamListener$1Closed@59249748
org.apache.ratis.thirdparty.io.grpc.StatusRuntimeException: CANCELLED: call already cancelled
	at org.apache.ratis.thirdparty.io.grpc.Status.asRuntimeException(Status.java:517)
	at org.apache.ratis.thirdparty.io.grpc.stub.ServerCalls$ServerCallStreamObserverImpl.onCompleted(ServerCalls.java:356)
	at org.apache.ratis.grpc.server.GrpcServerProtocolService$ServerRequestStreamObserver.onError(GrpcServerProtocolService.java:121)
	at org.apache.ratis.thirdparty.io.grpc.stub.ServerCalls$StreamingServerCallHandler$StreamingServerCallListener.onCancel(ServerCalls.java:269)
	at org.apache.ratis.thirdparty.io.grpc.internal.ServerCallImpl$ServerStreamListenerImpl.closed(ServerCallImpl.java:293)
	at org.apache.ratis.thirdparty.io.grpc.internal.ServerImpl$JumpToApplicationThreadServerStreamListener$1Closed.runInContext(ServerImpl.java:741)
	at org.apache.ratis.thirdparty.io.grpc.internal.ContextRunnable.run(ContextRunnable.java:37)
	at org.apache.ratis.thirdparty.io.grpc.internal.SerializingExecutor.run(SerializingExecutor.java:123)
	at java.util.concurrent.ThreadPoolExecutor.runWorker(ThreadPoolExecutor.java:1149)
	at java.util.concurrent.ThreadPoolExecutor$Worker.run(ThreadPoolExecutor.java:624)
	at java.lang.Thread.run(Thread.java:748)

]]></system-err>
  </testcase>
  <testcase name="testWatchForCommitForGroupMismatchException" classname="org.apache.hadoop.ozone.client.rpc.TestWatchForCommit" time="33.056"/>
  <testcase name="test2WayCommitForTimeoutException" classname="org.apache.hadoop.ozone.client.rpc.TestWatchForCommit" time="23.066">
    <error type="java.util.concurrent.TimeoutException">java.util.concurrent.TimeoutException
	at java.util.concurrent.CompletableFuture.timedGet(CompletableFuture.java:1771)
	at java.util.concurrent.CompletableFuture.get(CompletableFuture.java:1915)
	at org.apache.hadoop.hdds.scm.XceiverClientRatis.watchForCommit(XceiverClientRatis.java:283)
	at org.apache.hadoop.ozone.client.rpc.TestWatchForCommit.test2WayCommitForTimeoutException(TestWatchForCommit.java:391)
	at sun.reflect.NativeMethodAccessorImpl.invoke0(Native Method)
	at sun.reflect.NativeMethodAccessorImpl.invoke(NativeMethodAccessorImpl.java:62)
	at sun.reflect.DelegatingMethodAccessorImpl.invoke(DelegatingMethodAccessorImpl.java:43)
	at java.lang.reflect.Method.invoke(Method.java:498)
	at org.junit.runners.model.FrameworkMethod$1.runReflectiveCall(FrameworkMethod.java:47)
	at org.junit.internal.runners.model.ReflectiveCallable.run(ReflectiveCallable.java:12)
	at org.junit.runners.model.FrameworkMethod.invokeExplosively(FrameworkMethod.java:44)
	at org.junit.internal.runners.statements.InvokeMethod.evaluate(InvokeMethod.java:17)
	at org.junit.runners.ParentRunner.runLeaf(ParentRunner.java:271)
	at org.junit.runners.BlockJUnit4ClassRunner.runChild(BlockJUnit4ClassRunner.java:70)
	at org.junit.runners.BlockJUnit4ClassRunner.runChild(BlockJUnit4ClassRunner.java:50)
	at org.junit.runners.ParentRunner$3.run(ParentRunner.java:238)
	at org.junit.runners.ParentRunner$1.schedule(ParentRunner.java:63)
	at org.junit.runners.ParentRunner.runChildren(ParentRunner.java:236)
	at org.junit.runners.ParentRunner.access$000(ParentRunner.java:53)
	at org.junit.runners.ParentRunner$2.evaluate(ParentRunner.java:229)
	at org.junit.runners.ParentRunner.run(ParentRunner.java:309)
	at org.apache.maven.surefire.junit4.JUnit4Provider.execute(JUnit4Provider.java:365)
	at org.apache.maven.surefire.junit4.JUnit4Provider.executeWithRerun(JUnit4Provider.java:273)
	at org.apache.maven.surefire.junit4.JUnit4Provider.executeTestSet(JUnit4Provider.java:238)
	at org.apache.maven.surefire.junit4.JUnit4Provider.invoke(JUnit4Provider.java:159)
	at org.apache.maven.surefire.booter.ForkedBooter.invokeProviderInSameClassLoader(ForkedBooter.java:384)
	at org.apache.maven.surefire.booter.ForkedBooter.runSuitesInProcess(ForkedBooter.java:345)
	at org.apache.maven.surefire.booter.ForkedBooter.execute(ForkedBooter.java:126)
	at org.apache.maven.surefire.booter.ForkedBooter.main(ForkedBooter.java:418)
</error>
    <system-out><![CDATA[2019-10-14 17:02:14,068 [main] WARN  server.ServerUtils (ServerUtils.java:getScmDbDir(145)) - ozone.scm.db.dirs is not configured. We recommend adding this setting. Falling back to ozone.metadata.dirs instead.
2019-10-14 17:02:14,083 [main] WARN  server.ServerUtils (ServerUtils.java:getScmDbDir(145)) - ozone.scm.db.dirs is not configured. We recommend adding this setting. Falling back to ozone.metadata.dirs instead.
2019-10-14 17:02:14,083 [main] WARN  server.ServerUtils (ServerUtils.java:getScmDbDir(145)) - ozone.scm.db.dirs is not configured. We recommend adding this setting. Falling back to ozone.metadata.dirs instead.
2019-10-14 17:02:14,084 [main] INFO  db.DBStoreBuilder (DBStoreBuilder.java:addTable(117)) - using custom profile for table: deletedBlocks
2019-10-14 17:02:14,084 [main] INFO  db.DBStoreBuilder (DBStoreBuilder.java:processTables(168)) - Using default column profile:DBProfile.DISK for Table:deletedBlocks
2019-10-14 17:02:14,084 [main] INFO  db.DBStoreBuilder (DBStoreBuilder.java:addTable(117)) - using custom profile for table: validCerts
2019-10-14 17:02:14,084 [main] INFO  db.DBStoreBuilder (DBStoreBuilder.java:processTables(168)) - Using default column profile:DBProfile.DISK for Table:validCerts
2019-10-14 17:02:14,085 [main] INFO  db.DBStoreBuilder (DBStoreBuilder.java:addTable(117)) - using custom profile for table: revokedCerts
2019-10-14 17:02:14,085 [main] INFO  db.DBStoreBuilder (DBStoreBuilder.java:processTables(168)) - Using default column profile:DBProfile.DISK for Table:revokedCerts
2019-10-14 17:02:14,085 [main] INFO  db.DBStoreBuilder (DBStoreBuilder.java:addTable(117)) - using custom profile for table: default
2019-10-14 17:02:14,085 [main] INFO  db.DBStoreBuilder (DBStoreBuilder.java:processTables(174)) - Using default column profile:DBProfile.DISK for Table:default
2019-10-14 17:02:14,086 [main] INFO  db.DBStoreBuilder (DBStoreBuilder.java:getDbProfile(205)) - Using default options. DBProfile.DISK
2019-10-14 17:02:14,306 [main] INFO  net.NodeSchemaLoader (NodeSchemaLoader.java:loadSchemaFromFile(125)) - Loading file from sun.misc.CompoundEnumeration@26e8ff8c
2019-10-14 17:02:14,306 [main] INFO  net.NodeSchemaLoader (NodeSchemaLoader.java:loadSchema(171)) - Loading network topology layer schema file
2019-10-14 17:02:14,311 [main] WARN  server.ServerUtils (ServerUtils.java:sanitizeUserArgs(70)) - ozone.scm.stale.node.interval value = 300000 is larger than max = 100000 based on the key value of ozone.scm.heartbeat.thread.interval, reset to the max value 100000.
2019-10-14 17:02:14,311 [main] WARN  server.ServerUtils (ServerUtils.java:sanitizeUserArgs(70)) - ozone.scm.stale.node.interval value = 300000 is larger than max = 100000 based on the key value of ozone.scm.heartbeat.thread.interval, reset to the max value 100000.
2019-10-14 17:02:14,311 [main] INFO  node.SCMNodeManager (SCMNodeManager.java:<init>(117)) - Entering startup safe mode.
2019-10-14 17:02:14,312 [main] INFO  algorithms.ContainerPlacementPolicyFactory (ContainerPlacementPolicyFactory.java:getPolicy(57)) - Create container placement policy of type org.apache.hadoop.hdds.scm.container.placement.algorithms.SCMContainerPlacementRandom
2019-10-14 17:02:14,312 [main] WARN  server.ServerUtils (ServerUtils.java:getScmDbDir(145)) - ozone.scm.db.dirs is not configured. We recommend adding this setting. Falling back to ozone.metadata.dirs instead.
2019-10-14 17:02:14,439 [main] INFO  pipeline.SCMPipelineManager (SCMPipelineManager.java:initializePipelineState(132)) - No pipeline exists in current db
2019-10-14 17:02:14,439 [main] WARN  server.ServerUtils (ServerUtils.java:getScmDbDir(145)) - ozone.scm.db.dirs is not configured. We recommend adding this setting. Falling back to ozone.metadata.dirs instead.
2019-10-14 17:02:14,521 [main] WARN  events.EventQueue (EventQueue.java:fireEvent(183)) - No event handler registered for event TypedEvent{payloadType=SafeModeStatus, name='SafeModeStatus'}
2019-10-14 17:02:14,522 [main] INFO  ipc.CallQueueManager (CallQueueManager.java:<init>(84)) - Using callQueue: class java.util.concurrent.LinkedBlockingQueue, queueCapacity: 2000, scheduler: class org.apache.hadoop.ipc.DefaultRpcScheduler, ipcBackoff: false.
2019-10-14 17:02:14,523 [Socket Reader #1 for port 44035] INFO  ipc.Server (Server.java:run(1074)) - Starting Socket Reader #1 for port 44035
2019-10-14 17:02:14,527 [main] INFO  ipc.CallQueueManager (CallQueueManager.java:<init>(84)) - Using callQueue: class java.util.concurrent.LinkedBlockingQueue, queueCapacity: 2000, scheduler: class org.apache.hadoop.ipc.DefaultRpcScheduler, ipcBackoff: false.
2019-10-14 17:02:14,528 [Socket Reader #1 for port 37222] INFO  ipc.Server (Server.java:run(1074)) - Starting Socket Reader #1 for port 37222
2019-10-14 17:02:14,532 [main] INFO  ipc.CallQueueManager (CallQueueManager.java:<init>(84)) - Using callQueue: class java.util.concurrent.LinkedBlockingQueue, queueCapacity: 2000, scheduler: class org.apache.hadoop.ipc.DefaultRpcScheduler, ipcBackoff: false.
2019-10-14 17:02:14,533 [Socket Reader #1 for port 36448] INFO  ipc.Server (Server.java:run(1074)) - Starting Socket Reader #1 for port 36448
2019-10-14 17:02:14,538 [main] INFO  hdfs.DFSUtil (DFSUtil.java:httpServerTemplateForNNAndJN(1641)) - Starting Web-server for scm at: http://0.0.0.0:0
2019-10-14 17:02:14,540 [main] INFO  server.AuthenticationFilter (AuthenticationFilter.java:constructSecretProvider(240)) - Unable to initialize FileSignerSecretProvider, falling back to use random secrets.
2019-10-14 17:02:14,541 [main] WARN  http.HttpRequestLog (HttpRequestLog.java:getRequestLog(97)) - Jetty request log can only be enabled using Log4j
2019-10-14 17:02:14,543 [main] INFO  http.HttpServer2 (HttpServer2.java:addGlobalFilter(975)) - Added global filter 'safety' (class=org.apache.hadoop.http.HttpServer2$QuotingInputFilter)
2019-10-14 17:02:14,544 [main] INFO  http.HttpServer2 (HttpServer2.java:addFilter(948)) - Added filter static_user_filter (class=org.apache.hadoop.http.lib.StaticUserWebFilter$StaticUserFilter) to context scm
2019-10-14 17:02:14,544 [main] INFO  http.HttpServer2 (HttpServer2.java:addFilter(958)) - Added filter static_user_filter (class=org.apache.hadoop.http.lib.StaticUserWebFilter$StaticUserFilter) to context logs
2019-10-14 17:02:14,544 [main] INFO  http.HttpServer2 (HttpServer2.java:addFilter(958)) - Added filter static_user_filter (class=org.apache.hadoop.http.lib.StaticUserWebFilter$StaticUserFilter) to context static
2019-10-14 17:02:14,547 [main] INFO  server.StorageContainerManager (StorageContainerManager.java:start(777)) - StorageContainerLocationProtocol RPC server is listening at /0.0.0.0:36448
2019-10-14 17:02:14,549 [main] WARN  impl.MetricsConfig (MetricsConfig.java:loadFirst(134)) - Cannot locate configuration: tried hadoop-metrics2-storagecontainermanager.properties,hadoop-metrics2.properties
2019-10-14 17:02:14,550 [main] INFO  impl.MetricsSystemImpl (MetricsSystemImpl.java:startTimer(374)) - Scheduled Metric snapshot period at 10 second(s).
2019-10-14 17:02:14,551 [main] INFO  impl.MetricsSystemImpl (MetricsSystemImpl.java:start(191)) - StorageContainerManager metrics system started
2019-10-14 17:02:14,885 [main] WARN  impl.MetricsSystemImpl (MetricsSystemImpl.java:register(276)) - Sink prometheus already exists!
2019-10-14 17:02:15,166 [main] INFO  server.SCMClientProtocolServer (SCMClientProtocolServer.java:start(159)) - RPC server for Client  is listening at /0.0.0.0:36448
2019-10-14 17:02:15,166 [IPC Server Responder] INFO  ipc.Server (Server.java:run(1314)) - IPC Server Responder: starting
2019-10-14 17:02:15,166 [IPC Server listener on 36448] INFO  ipc.Server (Server.java:run(1153)) - IPC Server listener on 36448: starting
2019-10-14 17:02:15,175 [main] INFO  server.StorageContainerManager (StorageContainerManager.java:start(787)) - ScmBlockLocationProtocol RPC server is listening at /0.0.0.0:37222
2019-10-14 17:02:15,176 [main] INFO  server.SCMBlockProtocolServer (SCMBlockProtocolServer.java:start(146)) - RPC server for Block Protocol is listening at /0.0.0.0:37222
2019-10-14 17:02:15,176 [IPC Server Responder] INFO  ipc.Server (Server.java:run(1314)) - IPC Server Responder: starting
2019-10-14 17:02:15,176 [IPC Server listener on 37222] INFO  ipc.Server (Server.java:run(1153)) - IPC Server listener on 37222: starting
2019-10-14 17:02:15,184 [main] INFO  server.StorageContainerManager (StorageContainerManager.java:start(791)) - ScmDatanodeProtocl RPC server is listening at /0.0.0.0:44035
2019-10-14 17:02:15,184 [main] INFO  server.SCMDatanodeProtocolServer (SCMDatanodeProtocolServer.java:start(169)) - RPC server for DataNodes is listening at /0.0.0.0:44035
2019-10-14 17:02:15,185 [IPC Server Responder] INFO  ipc.Server (Server.java:run(1314)) - IPC Server Responder: starting
2019-10-14 17:02:15,185 [IPC Server listener on 44035] INFO  ipc.Server (Server.java:run(1153)) - IPC Server listener on 44035: starting
2019-10-14 17:02:15,193 [main] INFO  http.HttpServer2 (HttpServer2.java:bindListener(1191)) - Jetty bound to port 34346
2019-10-14 17:02:15,194 [main] INFO  server.Server (Server.java:doStart(351)) - jetty-9.3.25.v20180904, build timestamp: 2018-09-04T21:11:46Z, git hash: 3ce520221d0240229c862b122d2b06c12a625732
2019-10-14 17:02:15,196 [main] INFO  handler.ContextHandler (ContextHandler.java:doStart(781)) - Started o.e.j.s.ServletContextHandler@1efac5b9{/logs,file:///workdir/hadoop-ozone/integration-test/target/log,AVAILABLE}
2019-10-14 17:02:15,197 [main] INFO  handler.ContextHandler (ContextHandler.java:doStart(781)) - Started o.e.j.s.ServletContextHandler@69796bd0{/static,file:///workdir/hadoop-ozone/integration-test/target/test-classes/webapps/static,AVAILABLE}
2019-10-14 17:02:15,202 [main] INFO  handler.ContextHandler (ContextHandler.java:doStart(781)) - Started o.e.j.w.WebAppContext@604d28c6{/,file:///workdir/hadoop-ozone/integration-test/target/test-classes/webapps/scm/,AVAILABLE}{/scm}
2019-10-14 17:02:15,202 [main] INFO  server.AbstractConnector (AbstractConnector.java:doStart(278)) - Started ServerConnector@7f3c0399{HTTP/1.1,[http/1.1]}{0.0.0.0:34346}
2019-10-14 17:02:15,205 [main] INFO  server.Server (Server.java:doStart(419)) - Started @217665ms
2019-10-14 17:02:15,205 [main] WARN  impl.MetricsSystemImpl (MetricsSystemImpl.java:register(276)) - Sink prometheus already exists!
2019-10-14 17:02:15,207 [main] INFO  server.BaseHttpServer (BaseHttpServer.java:updateConnectorAddress(215)) - HTTP server of SCM is listening at http://0.0.0.0:34346
2019-10-14 17:02:15,210 [main] WARN  server.ServerUtils (ServerUtils.java:getDBPath(222)) - ozone.om.db.dirs is not configured. We recommend adding this setting. Falling back to ozone.metadata.dirs instead.
2019-10-14 17:02:15,210 [org.apache.hadoop.util.JvmPauseMonitor$Monitor@3a11c0eb] INFO  util.JvmPauseMonitor (JvmPauseMonitor.java:run(188)) - Starting JVM pause monitor
2019-10-14 17:02:15,223 [main] INFO  ha.OMHANodeDetails (OMHANodeDetails.java:loadOMHAConfig(190)) - Configuration either no ozone.om.address set. Falling back to the default OM address /127.0.0.1:0
2019-10-14 17:02:15,223 [main] INFO  ha.OMHANodeDetails (OMHANodeDetails.java:getOMNodeDetails(220)) - OM Service ID is not set. Setting it to the default ID: omServiceIdDefault
2019-10-14 17:02:15,223 [main] WARN  server.ServerUtils (ServerUtils.java:getDBPath(222)) - ozone.om.db.dirs is not configured. We recommend adding this setting. Falling back to ozone.metadata.dirs instead.
2019-10-14 17:02:15,224 [main] WARN  server.ServerUtils (ServerUtils.java:getDBPath(222)) - ozone.om.db.dirs is not configured. We recommend adding this setting. Falling back to ozone.metadata.dirs instead.
2019-10-14 17:02:15,237 [main] WARN  server.ServerUtils (ServerUtils.java:getDBPath(222)) - ozone.om.db.dirs is not configured. We recommend adding this setting. Falling back to ozone.metadata.dirs instead.
2019-10-14 17:02:15,238 [main] INFO  db.DBStoreBuilder (DBStoreBuilder.java:addTable(117)) - using custom profile for table: userTable
2019-10-14 17:02:15,238 [main] INFO  db.DBStoreBuilder (DBStoreBuilder.java:processTables(168)) - Using default column profile:DBProfile.DISK for Table:userTable
2019-10-14 17:02:15,238 [main] INFO  db.DBStoreBuilder (DBStoreBuilder.java:addTable(117)) - using custom profile for table: volumeTable
2019-10-14 17:02:15,239 [main] INFO  db.DBStoreBuilder (DBStoreBuilder.java:processTables(168)) - Using default column profile:DBProfile.DISK for Table:volumeTable
2019-10-14 17:02:15,239 [main] INFO  db.DBStoreBuilder (DBStoreBuilder.java:addTable(117)) - using custom profile for table: bucketTable
2019-10-14 17:02:15,239 [main] INFO  db.DBStoreBuilder (DBStoreBuilder.java:processTables(168)) - Using default column profile:DBProfile.DISK for Table:bucketTable
2019-10-14 17:02:15,239 [main] INFO  db.DBStoreBuilder (DBStoreBuilder.java:addTable(117)) - using custom profile for table: keyTable
2019-10-14 17:02:15,240 [main] INFO  db.DBStoreBuilder (DBStoreBuilder.java:processTables(168)) - Using default column profile:DBProfile.DISK for Table:keyTable
2019-10-14 17:02:15,240 [main] INFO  db.DBStoreBuilder (DBStoreBuilder.java:addTable(117)) - using custom profile for table: deletedTable
2019-10-14 17:02:15,240 [main] INFO  db.DBStoreBuilder (DBStoreBuilder.java:processTables(168)) - Using default column profile:DBProfile.DISK for Table:deletedTable
2019-10-14 17:02:15,240 [main] INFO  db.DBStoreBuilder (DBStoreBuilder.java:addTable(117)) - using custom profile for table: openKeyTable
2019-10-14 17:02:15,241 [main] INFO  db.DBStoreBuilder (DBStoreBuilder.java:processTables(168)) - Using default column profile:DBProfile.DISK for Table:openKeyTable
2019-10-14 17:02:15,241 [main] INFO  db.DBStoreBuilder (DBStoreBuilder.java:addTable(117)) - using custom profile for table: s3Table
2019-10-14 17:02:15,241 [main] INFO  db.DBStoreBuilder (DBStoreBuilder.java:processTables(168)) - Using default column profile:DBProfile.DISK for Table:s3Table
2019-10-14 17:02:15,241 [main] INFO  db.DBStoreBuilder (DBStoreBuilder.java:addTable(117)) - using custom profile for table: multipartInfoTable
2019-10-14 17:02:15,242 [main] INFO  db.DBStoreBuilder (DBStoreBuilder.java:processTables(168)) - Using default column profile:DBProfile.DISK for Table:multipartInfoTable
2019-10-14 17:02:15,242 [main] INFO  db.DBStoreBuilder (DBStoreBuilder.java:addTable(117)) - using custom profile for table: dTokenTable
2019-10-14 17:02:15,242 [main] INFO  db.DBStoreBuilder (DBStoreBuilder.java:processTables(168)) - Using default column profile:DBProfile.DISK for Table:dTokenTable
2019-10-14 17:02:15,242 [main] INFO  db.DBStoreBuilder (DBStoreBuilder.java:addTable(117)) - using custom profile for table: s3SecretTable
2019-10-14 17:02:15,242 [main] INFO  db.DBStoreBuilder (DBStoreBuilder.java:processTables(168)) - Using default column profile:DBProfile.DISK for Table:s3SecretTable
2019-10-14 17:02:15,243 [main] INFO  db.DBStoreBuilder (DBStoreBuilder.java:addTable(117)) - using custom profile for table: prefixTable
2019-10-14 17:02:15,243 [main] INFO  db.DBStoreBuilder (DBStoreBuilder.java:processTables(168)) - Using default column profile:DBProfile.DISK for Table:prefixTable
2019-10-14 17:02:15,243 [main] INFO  db.DBStoreBuilder (DBStoreBuilder.java:addTable(117)) - using custom profile for table: default
2019-10-14 17:02:15,243 [main] INFO  db.DBStoreBuilder (DBStoreBuilder.java:processTables(174)) - Using default column profile:DBProfile.DISK for Table:default
2019-10-14 17:02:15,244 [main] INFO  db.DBStoreBuilder (DBStoreBuilder.java:getDbProfile(205)) - Using default options. DBProfile.DISK
2019-10-14 17:02:15,715 [grpc-default-executor-3] WARN  server.GrpcLogAppender (LogUtils.java:warn(134)) - d13dccf9-d9ae-4e52-b31c-0cdd593c4443@group-257A60561570->b1f94540-e6e2-4b9c-8187-24ae5f8a5790-AppendLogResponseHandler: Failed appendEntries: org.apache.ratis.thirdparty.io.grpc.StatusRuntimeException: UNAVAILABLE: io exception
2019-10-14 17:02:15,716 [grpc-default-executor-3] INFO  impl.FollowerInfo (FollowerInfo.java:lambda$new$0(51)) - d13dccf9-d9ae-4e52-b31c-0cdd593c4443@group-257A60561570->b1f94540-e6e2-4b9c-8187-24ae5f8a5790: nextIndex: updateUnconditionally 0 -> 0
2019-10-14 17:02:15,720 [grpc-default-executor-2] WARN  server.GrpcLogAppender (LogUtils.java:warn(134)) - d13dccf9-d9ae-4e52-b31c-0cdd593c4443@group-257A60561570->d2f466cc-8a7c-4992-bcda-2dc638fd3333-AppendLogResponseHandler: Failed appendEntries: org.apache.ratis.thirdparty.io.grpc.StatusRuntimeException: UNAVAILABLE: io exception
2019-10-14 17:02:15,721 [grpc-default-executor-2] INFO  impl.FollowerInfo (FollowerInfo.java:lambda$new$0(51)) - d13dccf9-d9ae-4e52-b31c-0cdd593c4443@group-257A60561570->d2f466cc-8a7c-4992-bcda-2dc638fd3333: nextIndex: updateUnconditionally 0 -> 0
2019-10-14 17:02:15,747 [main] INFO  ipc.CallQueueManager (CallQueueManager.java:<init>(84)) - Using callQueue: class java.util.concurrent.LinkedBlockingQueue, queueCapacity: 2000, scheduler: class org.apache.hadoop.ipc.DefaultRpcScheduler, ipcBackoff: false.
2019-10-14 17:02:15,748 [Socket Reader #1 for port 37603] INFO  ipc.Server (Server.java:run(1074)) - Starting Socket Reader #1 for port 37603
2019-10-14 17:02:15,763 [main] INFO  om.OzoneManager (OzoneManager.java:start(1071)) - OzoneManager RPC server is listening at localhost/127.0.0.1:37603
2019-10-14 17:02:15,763 [main] INFO  impl.MetricsSystemImpl (MetricsSystemImpl.java:init(158)) - OzoneManager metrics system started (again)
2019-10-14 17:02:15,764 [IPC Server Responder] INFO  ipc.Server (Server.java:run(1314)) - IPC Server Responder: starting
2019-10-14 17:02:15,764 [IPC Server listener on 37603] INFO  ipc.Server (Server.java:run(1153)) - IPC Server listener on 37603: starting
2019-10-14 17:02:15,774 [main] INFO  hdfs.DFSUtil (DFSUtil.java:httpServerTemplateForNNAndJN(1641)) - Starting Web-server for ozoneManager at: http://0.0.0.0:0
2019-10-14 17:02:15,776 [main] INFO  server.AuthenticationFilter (AuthenticationFilter.java:constructSecretProvider(240)) - Unable to initialize FileSignerSecretProvider, falling back to use random secrets.
2019-10-14 17:02:15,776 [main] WARN  http.HttpRequestLog (HttpRequestLog.java:getRequestLog(97)) - Jetty request log can only be enabled using Log4j
2019-10-14 17:02:15,777 [main] INFO  http.HttpServer2 (HttpServer2.java:addGlobalFilter(975)) - Added global filter 'safety' (class=org.apache.hadoop.http.HttpServer2$QuotingInputFilter)
2019-10-14 17:02:15,778 [main] INFO  http.HttpServer2 (HttpServer2.java:addFilter(948)) - Added filter static_user_filter (class=org.apache.hadoop.http.lib.StaticUserWebFilter$StaticUserFilter) to context ozoneManager
2019-10-14 17:02:15,778 [main] INFO  http.HttpServer2 (HttpServer2.java:addFilter(958)) - Added filter static_user_filter (class=org.apache.hadoop.http.lib.StaticUserWebFilter$StaticUserFilter) to context logs
2019-10-14 17:02:15,778 [main] INFO  http.HttpServer2 (HttpServer2.java:addFilter(958)) - Added filter static_user_filter (class=org.apache.hadoop.http.lib.StaticUserWebFilter$StaticUserFilter) to context static
2019-10-14 17:02:15,779 [main] INFO  http.HttpServer2 (HttpServer2.java:bindListener(1191)) - Jetty bound to port 45975
2019-10-14 17:02:15,779 [main] INFO  server.Server (Server.java:doStart(351)) - jetty-9.3.25.v20180904, build timestamp: 2018-09-04T21:11:46Z, git hash: 3ce520221d0240229c862b122d2b06c12a625732
2019-10-14 17:02:15,780 [main] INFO  handler.ContextHandler (ContextHandler.java:doStart(781)) - Started o.e.j.s.ServletContextHandler@4ef18604{/logs,file:///workdir/hadoop-ozone/integration-test/target/log,AVAILABLE}
2019-10-14 17:02:15,781 [main] INFO  handler.ContextHandler (ContextHandler.java:doStart(781)) - Started o.e.j.s.ServletContextHandler@16cf8438{/static,file:///workdir/hadoop-ozone/integration-test/target/test-classes/webapps/static,AVAILABLE}
2019-10-14 17:02:15,784 [main] INFO  handler.ContextHandler (ContextHandler.java:doStart(781)) - Started o.e.j.w.WebAppContext@637c840d{/,file:///workdir/hadoop-ozone/integration-test/target/test-classes/webapps/ozoneManager/,AVAILABLE}{/ozoneManager}
2019-10-14 17:02:15,784 [main] INFO  server.AbstractConnector (AbstractConnector.java:doStart(278)) - Started ServerConnector@51ac12ac{HTTP/1.1,[http/1.1]}{0.0.0.0:45975}
2019-10-14 17:02:15,787 [main] INFO  server.Server (Server.java:doStart(419)) - Started @218247ms
2019-10-14 17:02:15,787 [main] WARN  impl.MetricsSystemImpl (MetricsSystemImpl.java:register(276)) - Sink prometheus already exists!
2019-10-14 17:02:15,787 [main] INFO  server.BaseHttpServer (BaseHttpServer.java:updateConnectorAddress(215)) - HTTP server of OZONEMANAGER is listening at http://0.0.0.0:45975
2019-10-14 17:02:15,800 [main] INFO  impl.MetricsSystemImpl (MetricsSystemImpl.java:init(158)) - HddsDatanode metrics system started (again)
2019-10-14 17:02:15,819 [main] INFO  ozone.HddsDatanodeService (HddsDatanodeService.java:start(184)) - HddsDatanodeService host:pr-hdds-2196-2-9v7pc-2718207715 ip:192.168.151.105
2019-10-14 17:02:15,830 [main] INFO  volume.HddsVolume (HddsVolume.java:<init>(176)) - Creating Volume: /workdir/hadoop-ozone/integration-test/target/test-dir/MiniOzoneClusterImpl-b8618e02-721c-46c9-8156-6a032b4cc7f2/datanode-0/data/containers/hdds of  storage type : DISK and capacity : 1482555576320
2019-10-14 17:02:15,831 [main] INFO  volume.VolumeSet (VolumeSet.java:initializeVolumeSet(170)) - Added Volume : /workdir/hadoop-ozone/integration-test/target/test-dir/MiniOzoneClusterImpl-b8618e02-721c-46c9-8156-6a032b4cc7f2/datanode-0/data/containers/hdds to VolumeSet
2019-10-14 17:02:15,831 [main] INFO  volume.ThrottledAsyncChecker (ThrottledAsyncChecker.java:schedule(141)) - Scheduling a check for org.apache.hadoop.ozone.container.common.volume.HddsVolume@3b0d3a63
2019-10-14 17:02:15,832 [main] INFO  volume.HddsVolumeChecker (HddsVolumeChecker.java:checkAllVolumes(204)) - Scheduled health check for volume org.apache.hadoop.ozone.container.common.volume.HddsVolume@3b0d3a63
2019-10-14 17:02:15,849 [main] INFO  impl.RaftServerProxy (ConfUtils.java:logGet(43)) - raft.rpc.type = GRPC (default)
2019-10-14 17:02:15,849 [main] INFO  grpc.GrpcFactory (GrpcFactory.java:checkPooledByteBufAllocatorUseCacheForAllThreads(45)) - PERFORMANCE WARNING: useCacheForAllThreads is true that may cause Netty to create a lot garbage objects and, as a result, trigger GC.
	It is recommended to disable useCacheForAllThreads by setting -Dorg.apache.ratis.thirdparty.io.netty.allocator.useCacheForAllThreads=false in command line.
2019-10-14 17:02:15,849 [main] INFO  grpc.GrpcConfigKeys$Server (ConfUtils.java:logGet(43)) - raft.grpc.server.port = 0 (default)
2019-10-14 17:02:15,850 [main] INFO  server.GrpcService (ConfUtils.java:logGet(43)) - raft.grpc.message.size.max = 33570816 (custom)
2019-10-14 17:02:15,850 [main] INFO  server.RaftServerConfigKeys (ConfUtils.java:logGet(43)) - raft.server.log.appender.buffer.byte-limit = 33554432 (custom)
2019-10-14 17:02:15,850 [main] INFO  server.GrpcService (ConfUtils.java:logGet(43)) - raft.grpc.flow.control.window = 1MB (=1048576) (default)
2019-10-14 17:02:15,850 [main] INFO  server.RaftServerConfigKeys (ConfUtils.java:logGet(43)) - raft.server.rpc.request.timeout = 3000ms (default)
2019-10-14 17:02:15,851 [main] INFO  server.RaftServerConfigKeys (ConfUtils.java:logGet(43)) - raft.server.storage.dir = [/workdir/hadoop-ozone/integration-test/target/test-dir/MiniOzoneClusterImpl-b8618e02-721c-46c9-8156-6a032b4cc7f2/datanode-0/data/ratis] (custom)
2019-10-14 17:02:15,852 [main] INFO  hdfs.DFSUtil (DFSUtil.java:httpServerTemplateForNNAndJN(1641)) - Starting Web-server for hddsDatanode at: http://0.0.0.0:0
2019-10-14 17:02:15,854 [main] INFO  server.AuthenticationFilter (AuthenticationFilter.java:constructSecretProvider(240)) - Unable to initialize FileSignerSecretProvider, falling back to use random secrets.
2019-10-14 17:02:15,854 [main] WARN  http.HttpRequestLog (HttpRequestLog.java:getRequestLog(97)) - Jetty request log can only be enabled using Log4j
2019-10-14 17:02:15,855 [main] INFO  http.HttpServer2 (HttpServer2.java:addGlobalFilter(975)) - Added global filter 'safety' (class=org.apache.hadoop.http.HttpServer2$QuotingInputFilter)
2019-10-14 17:02:15,856 [main] INFO  http.HttpServer2 (HttpServer2.java:addFilter(948)) - Added filter static_user_filter (class=org.apache.hadoop.http.lib.StaticUserWebFilter$StaticUserFilter) to context hddsDatanode
2019-10-14 17:02:15,856 [main] INFO  http.HttpServer2 (HttpServer2.java:addFilter(958)) - Added filter static_user_filter (class=org.apache.hadoop.http.lib.StaticUserWebFilter$StaticUserFilter) to context logs
2019-10-14 17:02:15,856 [main] INFO  http.HttpServer2 (HttpServer2.java:addFilter(958)) - Added filter static_user_filter (class=org.apache.hadoop.http.lib.StaticUserWebFilter$StaticUserFilter) to context static
2019-10-14 17:02:15,857 [main] INFO  http.HttpServer2 (HttpServer2.java:bindListener(1191)) - Jetty bound to port 42277
2019-10-14 17:02:15,857 [main] INFO  server.Server (Server.java:doStart(351)) - jetty-9.3.25.v20180904, build timestamp: 2018-09-04T21:11:46Z, git hash: 3ce520221d0240229c862b122d2b06c12a625732
2019-10-14 17:02:15,859 [main] INFO  handler.ContextHandler (ContextHandler.java:doStart(781)) - Started o.e.j.s.ServletContextHandler@50ec4bfc{/logs,file:///workdir/hadoop-ozone/integration-test/target/log,AVAILABLE}
2019-10-14 17:02:15,859 [main] INFO  handler.ContextHandler (ContextHandler.java:doStart(781)) - Started o.e.j.s.ServletContextHandler@285a4fe3{/static,jar:file:/home/user/.m2/repository/org/apache/hadoop/hadoop-hdds-container-service/0.5.0-SNAPSHOT/hadoop-hdds-container-service-0.5.0-SNAPSHOT.jar!/webapps/static,AVAILABLE}
2019-10-14 17:02:15,890 [main] INFO  handler.ContextHandler (ContextHandler.java:doStart(781)) - Started o.e.j.w.WebAppContext@20349058{/,file:///tmp/jetty-0.0.0.0-42277-hddsDatanode-_-any-1756283935195955778.dir/webapp/,AVAILABLE}{/hddsDatanode}
2019-10-14 17:02:15,890 [main] INFO  server.AbstractConnector (AbstractConnector.java:doStart(278)) - Started ServerConnector@6cbb7a7d{HTTP/1.1,[http/1.1]}{0.0.0.0:42277}
2019-10-14 17:02:15,894 [main] INFO  server.Server (Server.java:doStart(419)) - Started @218355ms
2019-10-14 17:02:15,897 [main] WARN  impl.MetricsSystemImpl (MetricsSystemImpl.java:register(276)) - Sink prometheus already exists!
2019-10-14 17:02:15,898 [main] INFO  server.BaseHttpServer (BaseHttpServer.java:updateConnectorAddress(215)) - HTTP server of HDDSDATANODE is listening at http://0.0.0.0:42277
2019-10-14 17:02:15,898 [main] INFO  impl.MetricsSystemImpl (MetricsSystemImpl.java:init(158)) - HddsDatanode metrics system started (again)
2019-10-14 17:02:15,916 [org.apache.hadoop.util.JvmPauseMonitor$Monitor@669fb426] INFO  util.JvmPauseMonitor (JvmPauseMonitor.java:run(188)) - Starting JVM pause monitor
2019-10-14 17:02:15,917 [main] INFO  ozone.HddsDatanodeService (HddsDatanodeService.java:start(184)) - HddsDatanodeService host:pr-hdds-2196-2-9v7pc-2718207715 ip:192.168.151.105
2019-10-14 17:02:15,917 [Datanode State Machine Thread - 0] INFO  datanode.InitDatanodeState (InitDatanodeState.java:persistContainerDatanodeDetails(140)) - DatanodeDetails is persisted to /workdir/hadoop-ozone/integration-test/target/test-dir/MiniOzoneClusterImpl-b8618e02-721c-46c9-8156-6a032b4cc7f2/datanode-0/meta/datanode.id
2019-10-14 17:02:15,930 [main] INFO  volume.HddsVolume (HddsVolume.java:<init>(176)) - Creating Volume: /workdir/hadoop-ozone/integration-test/target/test-dir/MiniOzoneClusterImpl-b8618e02-721c-46c9-8156-6a032b4cc7f2/datanode-1/data/containers/hdds of  storage type : DISK and capacity : 1482555576320
2019-10-14 17:02:15,930 [main] INFO  volume.VolumeSet (VolumeSet.java:initializeVolumeSet(170)) - Added Volume : /workdir/hadoop-ozone/integration-test/target/test-dir/MiniOzoneClusterImpl-b8618e02-721c-46c9-8156-6a032b4cc7f2/datanode-1/data/containers/hdds to VolumeSet
2019-10-14 17:02:15,930 [main] INFO  volume.ThrottledAsyncChecker (ThrottledAsyncChecker.java:schedule(141)) - Scheduling a check for org.apache.hadoop.ozone.container.common.volume.HddsVolume@74f280bd
2019-10-14 17:02:15,930 [main] INFO  volume.HddsVolumeChecker (HddsVolumeChecker.java:checkAllVolumes(204)) - Scheduled health check for volume org.apache.hadoop.ozone.container.common.volume.HddsVolume@74f280bd
2019-10-14 17:02:15,953 [main] INFO  impl.RaftServerProxy (ConfUtils.java:logGet(43)) - raft.rpc.type = GRPC (default)
2019-10-14 17:02:15,954 [main] INFO  grpc.GrpcFactory (GrpcFactory.java:checkPooledByteBufAllocatorUseCacheForAllThreads(45)) - PERFORMANCE WARNING: useCacheForAllThreads is true that may cause Netty to create a lot garbage objects and, as a result, trigger GC.
	It is recommended to disable useCacheForAllThreads by setting -Dorg.apache.ratis.thirdparty.io.netty.allocator.useCacheForAllThreads=false in command line.
2019-10-14 17:02:15,954 [main] INFO  grpc.GrpcConfigKeys$Server (ConfUtils.java:logGet(43)) - raft.grpc.server.port = 0 (default)
2019-10-14 17:02:15,954 [main] INFO  server.GrpcService (ConfUtils.java:logGet(43)) - raft.grpc.message.size.max = 33570816 (custom)
2019-10-14 17:02:15,955 [main] INFO  server.RaftServerConfigKeys (ConfUtils.java:logGet(43)) - raft.server.log.appender.buffer.byte-limit = 33554432 (custom)
2019-10-14 17:02:15,955 [main] INFO  server.GrpcService (ConfUtils.java:logGet(43)) - raft.grpc.flow.control.window = 1MB (=1048576) (default)
2019-10-14 17:02:15,955 [main] INFO  server.RaftServerConfigKeys (ConfUtils.java:logGet(43)) - raft.server.rpc.request.timeout = 3000ms (default)
2019-10-14 17:02:15,956 [main] INFO  server.RaftServerConfigKeys (ConfUtils.java:logGet(43)) - raft.server.storage.dir = [/workdir/hadoop-ozone/integration-test/target/test-dir/MiniOzoneClusterImpl-b8618e02-721c-46c9-8156-6a032b4cc7f2/datanode-1/data/ratis] (custom)
2019-10-14 17:02:15,958 [main] INFO  hdfs.DFSUtil (DFSUtil.java:httpServerTemplateForNNAndJN(1641)) - Starting Web-server for hddsDatanode at: http://0.0.0.0:0
2019-10-14 17:02:15,959 [main] INFO  server.AuthenticationFilter (AuthenticationFilter.java:constructSecretProvider(240)) - Unable to initialize FileSignerSecretProvider, falling back to use random secrets.
2019-10-14 17:02:15,959 [main] WARN  http.HttpRequestLog (HttpRequestLog.java:getRequestLog(97)) - Jetty request log can only be enabled using Log4j
2019-10-14 17:02:15,961 [main] INFO  http.HttpServer2 (HttpServer2.java:addGlobalFilter(975)) - Added global filter 'safety' (class=org.apache.hadoop.http.HttpServer2$QuotingInputFilter)
2019-10-14 17:02:15,961 [main] INFO  http.HttpServer2 (HttpServer2.java:addFilter(948)) - Added filter static_user_filter (class=org.apache.hadoop.http.lib.StaticUserWebFilter$StaticUserFilter) to context hddsDatanode
2019-10-14 17:02:15,961 [main] INFO  http.HttpServer2 (HttpServer2.java:addFilter(958)) - Added filter static_user_filter (class=org.apache.hadoop.http.lib.StaticUserWebFilter$StaticUserFilter) to context static
2019-10-14 17:02:15,961 [main] INFO  http.HttpServer2 (HttpServer2.java:addFilter(958)) - Added filter static_user_filter (class=org.apache.hadoop.http.lib.StaticUserWebFilter$StaticUserFilter) to context logs
2019-10-14 17:02:15,962 [main] INFO  http.HttpServer2 (HttpServer2.java:bindListener(1191)) - Jetty bound to port 34915
2019-10-14 17:02:15,962 [main] INFO  server.Server (Server.java:doStart(351)) - jetty-9.3.25.v20180904, build timestamp: 2018-09-04T21:11:46Z, git hash: 3ce520221d0240229c862b122d2b06c12a625732
2019-10-14 17:02:15,964 [main] INFO  handler.ContextHandler (ContextHandler.java:doStart(781)) - Started o.e.j.s.ServletContextHandler@53d6e959{/logs,file:///workdir/hadoop-ozone/integration-test/target/log,AVAILABLE}
2019-10-14 17:02:15,965 [main] INFO  handler.ContextHandler (ContextHandler.java:doStart(781)) - Started o.e.j.s.ServletContextHandler@69a40b3c{/static,jar:file:/home/user/.m2/repository/org/apache/hadoop/hadoop-hdds-container-service/0.5.0-SNAPSHOT/hadoop-hdds-container-service-0.5.0-SNAPSHOT.jar!/webapps/static,AVAILABLE}
2019-10-14 17:02:15,995 [main] INFO  handler.ContextHandler (ContextHandler.java:doStart(781)) - Started o.e.j.w.WebAppContext@fddd7ae{/,file:///tmp/jetty-0.0.0.0-34915-hddsDatanode-_-any-38000664680159202.dir/webapp/,AVAILABLE}{/hddsDatanode}
2019-10-14 17:02:15,995 [main] INFO  server.AbstractConnector (AbstractConnector.java:doStart(278)) - Started ServerConnector@3f6cce7f{HTTP/1.1,[http/1.1]}{0.0.0.0:34915}
2019-10-14 17:02:15,999 [main] INFO  server.Server (Server.java:doStart(419)) - Started @218459ms
2019-10-14 17:02:15,999 [main] WARN  impl.MetricsSystemImpl (MetricsSystemImpl.java:register(276)) - Sink prometheus already exists!
2019-10-14 17:02:16,000 [main] INFO  server.BaseHttpServer (BaseHttpServer.java:updateConnectorAddress(215)) - HTTP server of HDDSDATANODE is listening at http://0.0.0.0:34915
2019-10-14 17:02:16,001 [main] INFO  impl.MetricsSystemImpl (MetricsSystemImpl.java:init(158)) - HddsDatanode metrics system started (again)
2019-10-14 17:02:16,019 [org.apache.hadoop.util.JvmPauseMonitor$Monitor@779e0b1e] INFO  util.JvmPauseMonitor (JvmPauseMonitor.java:run(188)) - Starting JVM pause monitor
2019-10-14 17:02:16,020 [main] INFO  ozone.HddsDatanodeService (HddsDatanodeService.java:start(184)) - HddsDatanodeService host:pr-hdds-2196-2-9v7pc-2718207715 ip:192.168.151.105
2019-10-14 17:02:16,020 [Datanode State Machine Thread - 0] INFO  datanode.InitDatanodeState (InitDatanodeState.java:persistContainerDatanodeDetails(140)) - DatanodeDetails is persisted to /workdir/hadoop-ozone/integration-test/target/test-dir/MiniOzoneClusterImpl-b8618e02-721c-46c9-8156-6a032b4cc7f2/datanode-1/meta/datanode.id
2019-10-14 17:02:16,030 [main] INFO  volume.HddsVolume (HddsVolume.java:<init>(176)) - Creating Volume: /workdir/hadoop-ozone/integration-test/target/test-dir/MiniOzoneClusterImpl-b8618e02-721c-46c9-8156-6a032b4cc7f2/datanode-2/data/containers/hdds of  storage type : DISK and capacity : 1482555576320
2019-10-14 17:02:16,030 [main] INFO  volume.VolumeSet (VolumeSet.java:initializeVolumeSet(170)) - Added Volume : /workdir/hadoop-ozone/integration-test/target/test-dir/MiniOzoneClusterImpl-b8618e02-721c-46c9-8156-6a032b4cc7f2/datanode-2/data/containers/hdds to VolumeSet
2019-10-14 17:02:16,030 [main] INFO  volume.ThrottledAsyncChecker (ThrottledAsyncChecker.java:schedule(141)) - Scheduling a check for org.apache.hadoop.ozone.container.common.volume.HddsVolume@6b1321b7
2019-10-14 17:02:16,031 [main] INFO  volume.HddsVolumeChecker (HddsVolumeChecker.java:checkAllVolumes(204)) - Scheduled health check for volume org.apache.hadoop.ozone.container.common.volume.HddsVolume@6b1321b7
2019-10-14 17:02:16,046 [main] INFO  impl.RaftServerProxy (ConfUtils.java:logGet(43)) - raft.rpc.type = GRPC (default)
2019-10-14 17:02:16,047 [main] INFO  grpc.GrpcFactory (GrpcFactory.java:checkPooledByteBufAllocatorUseCacheForAllThreads(45)) - PERFORMANCE WARNING: useCacheForAllThreads is true that may cause Netty to create a lot garbage objects and, as a result, trigger GC.
	It is recommended to disable useCacheForAllThreads by setting -Dorg.apache.ratis.thirdparty.io.netty.allocator.useCacheForAllThreads=false in command line.
2019-10-14 17:02:16,047 [main] INFO  grpc.GrpcConfigKeys$Server (ConfUtils.java:logGet(43)) - raft.grpc.server.port = 0 (default)
2019-10-14 17:02:16,047 [main] INFO  server.GrpcService (ConfUtils.java:logGet(43)) - raft.grpc.message.size.max = 33570816 (custom)
2019-10-14 17:02:16,047 [main] INFO  server.RaftServerConfigKeys (ConfUtils.java:logGet(43)) - raft.server.log.appender.buffer.byte-limit = 33554432 (custom)
2019-10-14 17:02:16,048 [main] INFO  server.GrpcService (ConfUtils.java:logGet(43)) - raft.grpc.flow.control.window = 1MB (=1048576) (default)
2019-10-14 17:02:16,048 [main] INFO  server.RaftServerConfigKeys (ConfUtils.java:logGet(43)) - raft.server.rpc.request.timeout = 3000ms (default)
2019-10-14 17:02:16,048 [main] INFO  server.RaftServerConfigKeys (ConfUtils.java:logGet(43)) - raft.server.storage.dir = [/workdir/hadoop-ozone/integration-test/target/test-dir/MiniOzoneClusterImpl-b8618e02-721c-46c9-8156-6a032b4cc7f2/datanode-2/data/ratis] (custom)
2019-10-14 17:02:16,050 [main] INFO  hdfs.DFSUtil (DFSUtil.java:httpServerTemplateForNNAndJN(1641)) - Starting Web-server for hddsDatanode at: http://0.0.0.0:0
2019-10-14 17:02:16,051 [main] INFO  server.AuthenticationFilter (AuthenticationFilter.java:constructSecretProvider(240)) - Unable to initialize FileSignerSecretProvider, falling back to use random secrets.
2019-10-14 17:02:16,051 [main] WARN  http.HttpRequestLog (HttpRequestLog.java:getRequestLog(97)) - Jetty request log can only be enabled using Log4j
2019-10-14 17:02:16,053 [main] INFO  http.HttpServer2 (HttpServer2.java:addGlobalFilter(975)) - Added global filter 'safety' (class=org.apache.hadoop.http.HttpServer2$QuotingInputFilter)
2019-10-14 17:02:16,053 [main] INFO  http.HttpServer2 (HttpServer2.java:addFilter(948)) - Added filter static_user_filter (class=org.apache.hadoop.http.lib.StaticUserWebFilter$StaticUserFilter) to context hddsDatanode
2019-10-14 17:02:16,054 [main] INFO  http.HttpServer2 (HttpServer2.java:addFilter(958)) - Added filter static_user_filter (class=org.apache.hadoop.http.lib.StaticUserWebFilter$StaticUserFilter) to context logs
2019-10-14 17:02:16,054 [main] INFO  http.HttpServer2 (HttpServer2.java:addFilter(958)) - Added filter static_user_filter (class=org.apache.hadoop.http.lib.StaticUserWebFilter$StaticUserFilter) to context static
2019-10-14 17:02:16,054 [main] INFO  http.HttpServer2 (HttpServer2.java:bindListener(1191)) - Jetty bound to port 45897
2019-10-14 17:02:16,054 [main] INFO  server.Server (Server.java:doStart(351)) - jetty-9.3.25.v20180904, build timestamp: 2018-09-04T21:11:46Z, git hash: 3ce520221d0240229c862b122d2b06c12a625732
2019-10-14 17:02:16,056 [main] INFO  handler.ContextHandler (ContextHandler.java:doStart(781)) - Started o.e.j.s.ServletContextHandler@5a2ae1ab{/logs,file:///workdir/hadoop-ozone/integration-test/target/log,AVAILABLE}
2019-10-14 17:02:16,056 [main] INFO  handler.ContextHandler (ContextHandler.java:doStart(781)) - Started o.e.j.s.ServletContextHandler@7d59e968{/static,jar:file:/home/user/.m2/repository/org/apache/hadoop/hadoop-hdds-container-service/0.5.0-SNAPSHOT/hadoop-hdds-container-service-0.5.0-SNAPSHOT.jar!/webapps/static,AVAILABLE}
2019-10-14 17:02:16,085 [main] INFO  handler.ContextHandler (ContextHandler.java:doStart(781)) - Started o.e.j.w.WebAppContext@2407a36c{/,file:///tmp/jetty-0.0.0.0-45897-hddsDatanode-_-any-820814284952998974.dir/webapp/,AVAILABLE}{/hddsDatanode}
2019-10-14 17:02:16,085 [main] INFO  server.AbstractConnector (AbstractConnector.java:doStart(278)) - Started ServerConnector@5ec9eefa{HTTP/1.1,[http/1.1]}{0.0.0.0:45897}
2019-10-14 17:02:16,089 [main] INFO  server.Server (Server.java:doStart(419)) - Started @218549ms
2019-10-14 17:02:16,089 [main] WARN  impl.MetricsSystemImpl (MetricsSystemImpl.java:register(276)) - Sink prometheus already exists!
2019-10-14 17:02:16,090 [main] INFO  server.BaseHttpServer (BaseHttpServer.java:updateConnectorAddress(215)) - HTTP server of HDDSDATANODE is listening at http://0.0.0.0:45897
2019-10-14 17:02:16,090 [main] INFO  impl.MetricsSystemImpl (MetricsSystemImpl.java:init(158)) - HddsDatanode metrics system started (again)
2019-10-14 17:02:16,109 [org.apache.hadoop.util.JvmPauseMonitor$Monitor@2ac0ab99] INFO  util.JvmPauseMonitor (JvmPauseMonitor.java:run(188)) - Starting JVM pause monitor
2019-10-14 17:02:16,110 [Datanode State Machine Thread - 0] INFO  datanode.InitDatanodeState (InitDatanodeState.java:persistContainerDatanodeDetails(140)) - DatanodeDetails is persisted to /workdir/hadoop-ozone/integration-test/target/test-dir/MiniOzoneClusterImpl-b8618e02-721c-46c9-8156-6a032b4cc7f2/datanode-2/meta/datanode.id
2019-10-14 17:02:16,110 [main] INFO  ozone.HddsDatanodeService (HddsDatanodeService.java:start(184)) - HddsDatanodeService host:pr-hdds-2196-2-9v7pc-2718207715 ip:192.168.151.105
2019-10-14 17:02:16,119 [main] INFO  volume.HddsVolume (HddsVolume.java:<init>(176)) - Creating Volume: /workdir/hadoop-ozone/integration-test/target/test-dir/MiniOzoneClusterImpl-b8618e02-721c-46c9-8156-6a032b4cc7f2/datanode-3/data/containers/hdds of  storage type : DISK and capacity : 1482555576320
2019-10-14 17:02:16,120 [main] INFO  volume.VolumeSet (VolumeSet.java:initializeVolumeSet(170)) - Added Volume : /workdir/hadoop-ozone/integration-test/target/test-dir/MiniOzoneClusterImpl-b8618e02-721c-46c9-8156-6a032b4cc7f2/datanode-3/data/containers/hdds to VolumeSet
2019-10-14 17:02:16,120 [main] INFO  volume.ThrottledAsyncChecker (ThrottledAsyncChecker.java:schedule(141)) - Scheduling a check for org.apache.hadoop.ozone.container.common.volume.HddsVolume@b022551
2019-10-14 17:02:16,123 [main] INFO  volume.HddsVolumeChecker (HddsVolumeChecker.java:checkAllVolumes(204)) - Scheduled health check for volume org.apache.hadoop.ozone.container.common.volume.HddsVolume@b022551
2019-10-14 17:02:16,147 [main] INFO  impl.RaftServerProxy (ConfUtils.java:logGet(43)) - raft.rpc.type = GRPC (default)
2019-10-14 17:02:16,148 [main] INFO  grpc.GrpcFactory (GrpcFactory.java:checkPooledByteBufAllocatorUseCacheForAllThreads(45)) - PERFORMANCE WARNING: useCacheForAllThreads is true that may cause Netty to create a lot garbage objects and, as a result, trigger GC.
	It is recommended to disable useCacheForAllThreads by setting -Dorg.apache.ratis.thirdparty.io.netty.allocator.useCacheForAllThreads=false in command line.
2019-10-14 17:02:16,148 [main] INFO  grpc.GrpcConfigKeys$Server (ConfUtils.java:logGet(43)) - raft.grpc.server.port = 0 (default)
2019-10-14 17:02:16,148 [main] INFO  server.GrpcService (ConfUtils.java:logGet(43)) - raft.grpc.message.size.max = 33570816 (custom)
2019-10-14 17:02:16,149 [main] INFO  server.RaftServerConfigKeys (ConfUtils.java:logGet(43)) - raft.server.log.appender.buffer.byte-limit = 33554432 (custom)
2019-10-14 17:02:16,149 [main] INFO  server.GrpcService (ConfUtils.java:logGet(43)) - raft.grpc.flow.control.window = 1MB (=1048576) (default)
2019-10-14 17:02:16,149 [main] INFO  server.RaftServerConfigKeys (ConfUtils.java:logGet(43)) - raft.server.rpc.request.timeout = 3000ms (default)
2019-10-14 17:02:16,150 [main] INFO  server.RaftServerConfigKeys (ConfUtils.java:logGet(43)) - raft.server.storage.dir = [/workdir/hadoop-ozone/integration-test/target/test-dir/MiniOzoneClusterImpl-b8618e02-721c-46c9-8156-6a032b4cc7f2/datanode-3/data/ratis] (custom)
2019-10-14 17:02:16,152 [main] INFO  hdfs.DFSUtil (DFSUtil.java:httpServerTemplateForNNAndJN(1641)) - Starting Web-server for hddsDatanode at: http://0.0.0.0:0
2019-10-14 17:02:16,153 [main] INFO  server.AuthenticationFilter (AuthenticationFilter.java:constructSecretProvider(240)) - Unable to initialize FileSignerSecretProvider, falling back to use random secrets.
2019-10-14 17:02:16,153 [main] WARN  http.HttpRequestLog (HttpRequestLog.java:getRequestLog(97)) - Jetty request log can only be enabled using Log4j
2019-10-14 17:02:16,155 [main] INFO  http.HttpServer2 (HttpServer2.java:addGlobalFilter(975)) - Added global filter 'safety' (class=org.apache.hadoop.http.HttpServer2$QuotingInputFilter)
2019-10-14 17:02:16,155 [main] INFO  http.HttpServer2 (HttpServer2.java:addFilter(948)) - Added filter static_user_filter (class=org.apache.hadoop.http.lib.StaticUserWebFilter$StaticUserFilter) to context hddsDatanode
2019-10-14 17:02:16,155 [main] INFO  http.HttpServer2 (HttpServer2.java:addFilter(958)) - Added filter static_user_filter (class=org.apache.hadoop.http.lib.StaticUserWebFilter$StaticUserFilter) to context static
2019-10-14 17:02:16,155 [main] INFO  http.HttpServer2 (HttpServer2.java:addFilter(958)) - Added filter static_user_filter (class=org.apache.hadoop.http.lib.StaticUserWebFilter$StaticUserFilter) to context logs
2019-10-14 17:02:16,156 [main] INFO  http.HttpServer2 (HttpServer2.java:bindListener(1191)) - Jetty bound to port 43349
2019-10-14 17:02:16,156 [main] INFO  server.Server (Server.java:doStart(351)) - jetty-9.3.25.v20180904, build timestamp: 2018-09-04T21:11:46Z, git hash: 3ce520221d0240229c862b122d2b06c12a625732
2019-10-14 17:02:16,158 [main] INFO  handler.ContextHandler (ContextHandler.java:doStart(781)) - Started o.e.j.s.ServletContextHandler@32ae8f27{/logs,file:///workdir/hadoop-ozone/integration-test/target/log,AVAILABLE}
2019-10-14 17:02:16,158 [main] INFO  handler.ContextHandler (ContextHandler.java:doStart(781)) - Started o.e.j.s.ServletContextHandler@5b8853{/static,jar:file:/home/user/.m2/repository/org/apache/hadoop/hadoop-hdds-container-service/0.5.0-SNAPSHOT/hadoop-hdds-container-service-0.5.0-SNAPSHOT.jar!/webapps/static,AVAILABLE}
2019-10-14 17:02:16,184 [main] INFO  handler.ContextHandler (ContextHandler.java:doStart(781)) - Started o.e.j.w.WebAppContext@6b867ee7{/,file:///tmp/jetty-0.0.0.0-43349-hddsDatanode-_-any-8062527026991560768.dir/webapp/,AVAILABLE}{/hddsDatanode}
2019-10-14 17:02:16,184 [main] INFO  server.AbstractConnector (AbstractConnector.java:doStart(278)) - Started ServerConnector@3dec3f87{HTTP/1.1,[http/1.1]}{0.0.0.0:43349}
2019-10-14 17:02:16,194 [main] INFO  server.Server (Server.java:doStart(419)) - Started @218654ms
2019-10-14 17:02:16,194 [main] WARN  impl.MetricsSystemImpl (MetricsSystemImpl.java:register(276)) - Sink prometheus already exists!
2019-10-14 17:02:16,198 [main] INFO  server.BaseHttpServer (BaseHttpServer.java:updateConnectorAddress(215)) - HTTP server of HDDSDATANODE is listening at http://0.0.0.0:43349
2019-10-14 17:02:16,198 [main] INFO  impl.MetricsSystemImpl (MetricsSystemImpl.java:init(158)) - HddsDatanode metrics system started (again)
2019-10-14 17:02:16,219 [org.apache.hadoop.util.JvmPauseMonitor$Monitor@45f8fad1] INFO  util.JvmPauseMonitor (JvmPauseMonitor.java:run(188)) - Starting JVM pause monitor
2019-10-14 17:02:16,220 [main] INFO  ozone.HddsDatanodeService (HddsDatanodeService.java:start(184)) - HddsDatanodeService host:pr-hdds-2196-2-9v7pc-2718207715 ip:192.168.151.105
2019-10-14 17:02:16,221 [Datanode State Machine Thread - 0] INFO  datanode.InitDatanodeState (InitDatanodeState.java:persistContainerDatanodeDetails(140)) - DatanodeDetails is persisted to /workdir/hadoop-ozone/integration-test/target/test-dir/MiniOzoneClusterImpl-b8618e02-721c-46c9-8156-6a032b4cc7f2/datanode-3/meta/datanode.id
2019-10-14 17:02:16,229 [main] INFO  volume.HddsVolume (HddsVolume.java:<init>(176)) - Creating Volume: /workdir/hadoop-ozone/integration-test/target/test-dir/MiniOzoneClusterImpl-b8618e02-721c-46c9-8156-6a032b4cc7f2/datanode-4/data/containers/hdds of  storage type : DISK and capacity : 1482555576320
2019-10-14 17:02:16,229 [main] INFO  volume.VolumeSet (VolumeSet.java:initializeVolumeSet(170)) - Added Volume : /workdir/hadoop-ozone/integration-test/target/test-dir/MiniOzoneClusterImpl-b8618e02-721c-46c9-8156-6a032b4cc7f2/datanode-4/data/containers/hdds to VolumeSet
2019-10-14 17:02:16,230 [main] INFO  volume.ThrottledAsyncChecker (ThrottledAsyncChecker.java:schedule(141)) - Scheduling a check for org.apache.hadoop.ozone.container.common.volume.HddsVolume@5012c571
2019-10-14 17:02:16,230 [main] INFO  volume.HddsVolumeChecker (HddsVolumeChecker.java:checkAllVolumes(204)) - Scheduled health check for volume org.apache.hadoop.ozone.container.common.volume.HddsVolume@5012c571
2019-10-14 17:02:16,243 [main] INFO  impl.RaftServerProxy (ConfUtils.java:logGet(43)) - raft.rpc.type = GRPC (default)
2019-10-14 17:02:16,244 [main] INFO  grpc.GrpcFactory (GrpcFactory.java:checkPooledByteBufAllocatorUseCacheForAllThreads(45)) - PERFORMANCE WARNING: useCacheForAllThreads is true that may cause Netty to create a lot garbage objects and, as a result, trigger GC.
	It is recommended to disable useCacheForAllThreads by setting -Dorg.apache.ratis.thirdparty.io.netty.allocator.useCacheForAllThreads=false in command line.
2019-10-14 17:02:16,244 [main] INFO  grpc.GrpcConfigKeys$Server (ConfUtils.java:logGet(43)) - raft.grpc.server.port = 0 (default)
2019-10-14 17:02:16,244 [main] INFO  server.GrpcService (ConfUtils.java:logGet(43)) - raft.grpc.message.size.max = 33570816 (custom)
2019-10-14 17:02:16,244 [main] INFO  server.RaftServerConfigKeys (ConfUtils.java:logGet(43)) - raft.server.log.appender.buffer.byte-limit = 33554432 (custom)
2019-10-14 17:02:16,244 [main] INFO  server.GrpcService (ConfUtils.java:logGet(43)) - raft.grpc.flow.control.window = 1MB (=1048576) (default)
2019-10-14 17:02:16,245 [main] INFO  server.RaftServerConfigKeys (ConfUtils.java:logGet(43)) - raft.server.rpc.request.timeout = 3000ms (default)
2019-10-14 17:02:16,245 [main] INFO  server.RaftServerConfigKeys (ConfUtils.java:logGet(43)) - raft.server.storage.dir = [/workdir/hadoop-ozone/integration-test/target/test-dir/MiniOzoneClusterImpl-b8618e02-721c-46c9-8156-6a032b4cc7f2/datanode-4/data/ratis] (custom)
2019-10-14 17:02:16,246 [main] INFO  hdfs.DFSUtil (DFSUtil.java:httpServerTemplateForNNAndJN(1641)) - Starting Web-server for hddsDatanode at: http://0.0.0.0:0
2019-10-14 17:02:16,247 [main] INFO  server.AuthenticationFilter (AuthenticationFilter.java:constructSecretProvider(240)) - Unable to initialize FileSignerSecretProvider, falling back to use random secrets.
2019-10-14 17:02:16,248 [main] WARN  http.HttpRequestLog (HttpRequestLog.java:getRequestLog(97)) - Jetty request log can only be enabled using Log4j
2019-10-14 17:02:16,249 [main] INFO  http.HttpServer2 (HttpServer2.java:addGlobalFilter(975)) - Added global filter 'safety' (class=org.apache.hadoop.http.HttpServer2$QuotingInputFilter)
2019-10-14 17:02:16,250 [main] INFO  http.HttpServer2 (HttpServer2.java:addFilter(948)) - Added filter static_user_filter (class=org.apache.hadoop.http.lib.StaticUserWebFilter$StaticUserFilter) to context hddsDatanode
2019-10-14 17:02:16,250 [main] INFO  http.HttpServer2 (HttpServer2.java:addFilter(958)) - Added filter static_user_filter (class=org.apache.hadoop.http.lib.StaticUserWebFilter$StaticUserFilter) to context static
2019-10-14 17:02:16,250 [main] INFO  http.HttpServer2 (HttpServer2.java:addFilter(958)) - Added filter static_user_filter (class=org.apache.hadoop.http.lib.StaticUserWebFilter$StaticUserFilter) to context logs
2019-10-14 17:02:16,250 [main] INFO  http.HttpServer2 (HttpServer2.java:bindListener(1191)) - Jetty bound to port 40848
2019-10-14 17:02:16,251 [main] INFO  server.Server (Server.java:doStart(351)) - jetty-9.3.25.v20180904, build timestamp: 2018-09-04T21:11:46Z, git hash: 3ce520221d0240229c862b122d2b06c12a625732
2019-10-14 17:02:16,252 [main] INFO  handler.ContextHandler (ContextHandler.java:doStart(781)) - Started o.e.j.s.ServletContextHandler@58d4238e{/logs,file:///workdir/hadoop-ozone/integration-test/target/log,AVAILABLE}
2019-10-14 17:02:16,253 [main] INFO  handler.ContextHandler (ContextHandler.java:doStart(781)) - Started o.e.j.s.ServletContextHandler@36478bce{/static,jar:file:/home/user/.m2/repository/org/apache/hadoop/hadoop-hdds-container-service/0.5.0-SNAPSHOT/hadoop-hdds-container-service-0.5.0-SNAPSHOT.jar!/webapps/static,AVAILABLE}
2019-10-14 17:02:16,282 [main] INFO  handler.ContextHandler (ContextHandler.java:doStart(781)) - Started o.e.j.w.WebAppContext@571a663c{/,file:///tmp/jetty-0.0.0.0-40848-hddsDatanode-_-any-4318404490845824025.dir/webapp/,AVAILABLE}{/hddsDatanode}
2019-10-14 17:02:16,283 [main] INFO  server.AbstractConnector (AbstractConnector.java:doStart(278)) - Started ServerConnector@3a788fe0{HTTP/1.1,[http/1.1]}{0.0.0.0:40848}
2019-10-14 17:02:16,284 [main] INFO  server.Server (Server.java:doStart(419)) - Started @218745ms
2019-10-14 17:02:16,284 [main] WARN  impl.MetricsSystemImpl (MetricsSystemImpl.java:register(276)) - Sink prometheus already exists!
2019-10-14 17:02:16,285 [main] INFO  server.BaseHttpServer (BaseHttpServer.java:updateConnectorAddress(215)) - HTTP server of HDDSDATANODE is listening at http://0.0.0.0:40848
2019-10-14 17:02:16,285 [main] INFO  impl.MetricsSystemImpl (MetricsSystemImpl.java:init(158)) - HddsDatanode metrics system started (again)
2019-10-14 17:02:16,306 [org.apache.hadoop.util.JvmPauseMonitor$Monitor@66cd6289] INFO  util.JvmPauseMonitor (JvmPauseMonitor.java:run(188)) - Starting JVM pause monitor
2019-10-14 17:02:16,307 [Datanode State Machine Thread - 0] INFO  datanode.InitDatanodeState (InitDatanodeState.java:persistContainerDatanodeDetails(140)) - DatanodeDetails is persisted to /workdir/hadoop-ozone/integration-test/target/test-dir/MiniOzoneClusterImpl-b8618e02-721c-46c9-8156-6a032b4cc7f2/datanode-4/meta/datanode.id
2019-10-14 17:02:16,307 [main] INFO  ozone.HddsDatanodeService (HddsDatanodeService.java:start(184)) - HddsDatanodeService host:pr-hdds-2196-2-9v7pc-2718207715 ip:192.168.151.105
2019-10-14 17:02:16,315 [main] INFO  volume.HddsVolume (HddsVolume.java:<init>(176)) - Creating Volume: /workdir/hadoop-ozone/integration-test/target/test-dir/MiniOzoneClusterImpl-b8618e02-721c-46c9-8156-6a032b4cc7f2/datanode-5/data/containers/hdds of  storage type : DISK and capacity : 1482555576320
2019-10-14 17:02:16,315 [main] INFO  volume.VolumeSet (VolumeSet.java:initializeVolumeSet(170)) - Added Volume : /workdir/hadoop-ozone/integration-test/target/test-dir/MiniOzoneClusterImpl-b8618e02-721c-46c9-8156-6a032b4cc7f2/datanode-5/data/containers/hdds to VolumeSet
2019-10-14 17:02:16,315 [main] INFO  volume.ThrottledAsyncChecker (ThrottledAsyncChecker.java:schedule(141)) - Scheduling a check for org.apache.hadoop.ozone.container.common.volume.HddsVolume@2f0ccb34
2019-10-14 17:02:16,316 [main] INFO  volume.HddsVolumeChecker (HddsVolumeChecker.java:checkAllVolumes(204)) - Scheduled health check for volume org.apache.hadoop.ozone.container.common.volume.HddsVolume@2f0ccb34
2019-10-14 17:02:16,330 [main] INFO  impl.RaftServerProxy (ConfUtils.java:logGet(43)) - raft.rpc.type = GRPC (default)
2019-10-14 17:02:16,330 [main] INFO  grpc.GrpcFactory (GrpcFactory.java:checkPooledByteBufAllocatorUseCacheForAllThreads(45)) - PERFORMANCE WARNING: useCacheForAllThreads is true that may cause Netty to create a lot garbage objects and, as a result, trigger GC.
	It is recommended to disable useCacheForAllThreads by setting -Dorg.apache.ratis.thirdparty.io.netty.allocator.useCacheForAllThreads=false in command line.
2019-10-14 17:02:16,330 [main] INFO  grpc.GrpcConfigKeys$Server (ConfUtils.java:logGet(43)) - raft.grpc.server.port = 0 (default)
2019-10-14 17:02:16,330 [main] INFO  server.GrpcService (ConfUtils.java:logGet(43)) - raft.grpc.message.size.max = 33570816 (custom)
2019-10-14 17:02:16,331 [main] INFO  server.RaftServerConfigKeys (ConfUtils.java:logGet(43)) - raft.server.log.appender.buffer.byte-limit = 33554432 (custom)
2019-10-14 17:02:16,331 [main] INFO  server.GrpcService (ConfUtils.java:logGet(43)) - raft.grpc.flow.control.window = 1MB (=1048576) (default)
2019-10-14 17:02:16,331 [main] INFO  server.RaftServerConfigKeys (ConfUtils.java:logGet(43)) - raft.server.rpc.request.timeout = 3000ms (default)
2019-10-14 17:02:16,331 [main] INFO  server.RaftServerConfigKeys (ConfUtils.java:logGet(43)) - raft.server.storage.dir = [/workdir/hadoop-ozone/integration-test/target/test-dir/MiniOzoneClusterImpl-b8618e02-721c-46c9-8156-6a032b4cc7f2/datanode-5/data/ratis] (custom)
2019-10-14 17:02:16,332 [main] INFO  hdfs.DFSUtil (DFSUtil.java:httpServerTemplateForNNAndJN(1641)) - Starting Web-server for hddsDatanode at: http://0.0.0.0:0
2019-10-14 17:02:16,333 [main] INFO  server.AuthenticationFilter (AuthenticationFilter.java:constructSecretProvider(240)) - Unable to initialize FileSignerSecretProvider, falling back to use random secrets.
2019-10-14 17:02:16,334 [main] WARN  http.HttpRequestLog (HttpRequestLog.java:getRequestLog(97)) - Jetty request log can only be enabled using Log4j
2019-10-14 17:02:16,335 [main] INFO  http.HttpServer2 (HttpServer2.java:addGlobalFilter(975)) - Added global filter 'safety' (class=org.apache.hadoop.http.HttpServer2$QuotingInputFilter)
2019-10-14 17:02:16,335 [main] INFO  http.HttpServer2 (HttpServer2.java:addFilter(948)) - Added filter static_user_filter (class=org.apache.hadoop.http.lib.StaticUserWebFilter$StaticUserFilter) to context hddsDatanode
2019-10-14 17:02:16,336 [main] INFO  http.HttpServer2 (HttpServer2.java:addFilter(958)) - Added filter static_user_filter (class=org.apache.hadoop.http.lib.StaticUserWebFilter$StaticUserFilter) to context logs
2019-10-14 17:02:16,336 [main] INFO  http.HttpServer2 (HttpServer2.java:addFilter(958)) - Added filter static_user_filter (class=org.apache.hadoop.http.lib.StaticUserWebFilter$StaticUserFilter) to context static
2019-10-14 17:02:16,336 [main] INFO  http.HttpServer2 (HttpServer2.java:bindListener(1191)) - Jetty bound to port 46224
2019-10-14 17:02:16,336 [main] INFO  server.Server (Server.java:doStart(351)) - jetty-9.3.25.v20180904, build timestamp: 2018-09-04T21:11:46Z, git hash: 3ce520221d0240229c862b122d2b06c12a625732
2019-10-14 17:02:16,338 [main] INFO  handler.ContextHandler (ContextHandler.java:doStart(781)) - Started o.e.j.s.ServletContextHandler@58a3d521{/logs,file:///workdir/hadoop-ozone/integration-test/target/log,AVAILABLE}
2019-10-14 17:02:16,338 [main] INFO  handler.ContextHandler (ContextHandler.java:doStart(781)) - Started o.e.j.s.ServletContextHandler@7f4a1cac{/static,jar:file:/home/user/.m2/repository/org/apache/hadoop/hadoop-hdds-container-service/0.5.0-SNAPSHOT/hadoop-hdds-container-service-0.5.0-SNAPSHOT.jar!/webapps/static,AVAILABLE}
2019-10-14 17:02:16,366 [main] INFO  handler.ContextHandler (ContextHandler.java:doStart(781)) - Started o.e.j.w.WebAppContext@33324c05{/,file:///tmp/jetty-0.0.0.0-46224-hddsDatanode-_-any-5653526822321391782.dir/webapp/,AVAILABLE}{/hddsDatanode}
2019-10-14 17:02:16,366 [main] INFO  server.AbstractConnector (AbstractConnector.java:doStart(278)) - Started ServerConnector@37d3e140{HTTP/1.1,[http/1.1]}{0.0.0.0:46224}
2019-10-14 17:02:16,369 [main] INFO  server.Server (Server.java:doStart(419)) - Started @218829ms
2019-10-14 17:02:16,369 [main] WARN  impl.MetricsSystemImpl (MetricsSystemImpl.java:register(276)) - Sink prometheus already exists!
2019-10-14 17:02:16,370 [main] INFO  server.BaseHttpServer (BaseHttpServer.java:updateConnectorAddress(215)) - HTTP server of HDDSDATANODE is listening at http://0.0.0.0:46224
2019-10-14 17:02:16,370 [main] INFO  impl.MetricsSystemImpl (MetricsSystemImpl.java:init(158)) - HddsDatanode metrics system started (again)
2019-10-14 17:02:16,391 [org.apache.hadoop.util.JvmPauseMonitor$Monitor@17f9bbcc] INFO  util.JvmPauseMonitor (JvmPauseMonitor.java:run(188)) - Starting JVM pause monitor
2019-10-14 17:02:16,392 [Datanode State Machine Thread - 0] INFO  datanode.InitDatanodeState (InitDatanodeState.java:persistContainerDatanodeDetails(140)) - DatanodeDetails is persisted to /workdir/hadoop-ozone/integration-test/target/test-dir/MiniOzoneClusterImpl-b8618e02-721c-46c9-8156-6a032b4cc7f2/datanode-5/meta/datanode.id
2019-10-14 17:02:16,392 [main] INFO  ozone.HddsDatanodeService (HddsDatanodeService.java:start(184)) - HddsDatanodeService host:pr-hdds-2196-2-9v7pc-2718207715 ip:192.168.151.105
2019-10-14 17:02:16,401 [main] INFO  volume.HddsVolume (HddsVolume.java:<init>(176)) - Creating Volume: /workdir/hadoop-ozone/integration-test/target/test-dir/MiniOzoneClusterImpl-b8618e02-721c-46c9-8156-6a032b4cc7f2/datanode-6/data/containers/hdds of  storage type : DISK and capacity : 1482555576320
2019-10-14 17:02:16,401 [main] INFO  volume.VolumeSet (VolumeSet.java:initializeVolumeSet(170)) - Added Volume : /workdir/hadoop-ozone/integration-test/target/test-dir/MiniOzoneClusterImpl-b8618e02-721c-46c9-8156-6a032b4cc7f2/datanode-6/data/containers/hdds to VolumeSet
2019-10-14 17:02:16,401 [main] INFO  volume.ThrottledAsyncChecker (ThrottledAsyncChecker.java:schedule(141)) - Scheduling a check for org.apache.hadoop.ozone.container.common.volume.HddsVolume@5c448ef
2019-10-14 17:02:16,402 [main] INFO  volume.HddsVolumeChecker (HddsVolumeChecker.java:checkAllVolumes(204)) - Scheduled health check for volume org.apache.hadoop.ozone.container.common.volume.HddsVolume@5c448ef
2019-10-14 17:02:16,416 [main] INFO  impl.RaftServerProxy (ConfUtils.java:logGet(43)) - raft.rpc.type = GRPC (default)
2019-10-14 17:02:16,416 [main] INFO  grpc.GrpcFactory (GrpcFactory.java:checkPooledByteBufAllocatorUseCacheForAllThreads(45)) - PERFORMANCE WARNING: useCacheForAllThreads is true that may cause Netty to create a lot garbage objects and, as a result, trigger GC.
	It is recommended to disable useCacheForAllThreads by setting -Dorg.apache.ratis.thirdparty.io.netty.allocator.useCacheForAllThreads=false in command line.
2019-10-14 17:02:16,416 [main] INFO  grpc.GrpcConfigKeys$Server (ConfUtils.java:logGet(43)) - raft.grpc.server.port = 0 (default)
2019-10-14 17:02:16,416 [main] INFO  server.GrpcService (ConfUtils.java:logGet(43)) - raft.grpc.message.size.max = 33570816 (custom)
2019-10-14 17:02:16,416 [main] INFO  server.RaftServerConfigKeys (ConfUtils.java:logGet(43)) - raft.server.log.appender.buffer.byte-limit = 33554432 (custom)
2019-10-14 17:02:16,417 [main] INFO  server.GrpcService (ConfUtils.java:logGet(43)) - raft.grpc.flow.control.window = 1MB (=1048576) (default)
2019-10-14 17:02:16,417 [main] INFO  server.RaftServerConfigKeys (ConfUtils.java:logGet(43)) - raft.server.rpc.request.timeout = 3000ms (default)
2019-10-14 17:02:16,417 [main] INFO  server.RaftServerConfigKeys (ConfUtils.java:logGet(43)) - raft.server.storage.dir = [/workdir/hadoop-ozone/integration-test/target/test-dir/MiniOzoneClusterImpl-b8618e02-721c-46c9-8156-6a032b4cc7f2/datanode-6/data/ratis] (custom)
2019-10-14 17:02:16,418 [main] INFO  hdfs.DFSUtil (DFSUtil.java:httpServerTemplateForNNAndJN(1641)) - Starting Web-server for hddsDatanode at: http://0.0.0.0:0
2019-10-14 17:02:16,419 [main] INFO  server.AuthenticationFilter (AuthenticationFilter.java:constructSecretProvider(240)) - Unable to initialize FileSignerSecretProvider, falling back to use random secrets.
2019-10-14 17:02:16,419 [main] WARN  http.HttpRequestLog (HttpRequestLog.java:getRequestLog(97)) - Jetty request log can only be enabled using Log4j
2019-10-14 17:02:16,421 [main] INFO  http.HttpServer2 (HttpServer2.java:addGlobalFilter(975)) - Added global filter 'safety' (class=org.apache.hadoop.http.HttpServer2$QuotingInputFilter)
2019-10-14 17:02:16,421 [main] INFO  http.HttpServer2 (HttpServer2.java:addFilter(948)) - Added filter static_user_filter (class=org.apache.hadoop.http.lib.StaticUserWebFilter$StaticUserFilter) to context hddsDatanode
2019-10-14 17:02:16,421 [main] INFO  http.HttpServer2 (HttpServer2.java:addFilter(958)) - Added filter static_user_filter (class=org.apache.hadoop.http.lib.StaticUserWebFilter$StaticUserFilter) to context logs
2019-10-14 17:02:16,421 [main] INFO  http.HttpServer2 (HttpServer2.java:addFilter(958)) - Added filter static_user_filter (class=org.apache.hadoop.http.lib.StaticUserWebFilter$StaticUserFilter) to context static
2019-10-14 17:02:16,422 [main] INFO  http.HttpServer2 (HttpServer2.java:bindListener(1191)) - Jetty bound to port 41987
2019-10-14 17:02:16,422 [main] INFO  server.Server (Server.java:doStart(351)) - jetty-9.3.25.v20180904, build timestamp: 2018-09-04T21:11:46Z, git hash: 3ce520221d0240229c862b122d2b06c12a625732
2019-10-14 17:02:16,424 [main] INFO  handler.ContextHandler (ContextHandler.java:doStart(781)) - Started o.e.j.s.ServletContextHandler@1e2445f6{/logs,file:///workdir/hadoop-ozone/integration-test/target/log,AVAILABLE}
2019-10-14 17:02:16,424 [main] INFO  handler.ContextHandler (ContextHandler.java:doStart(781)) - Started o.e.j.s.ServletContextHandler@284990de{/static,jar:file:/home/user/.m2/repository/org/apache/hadoop/hadoop-hdds-container-service/0.5.0-SNAPSHOT/hadoop-hdds-container-service-0.5.0-SNAPSHOT.jar!/webapps/static,AVAILABLE}
2019-10-14 17:02:16,452 [main] INFO  handler.ContextHandler (ContextHandler.java:doStart(781)) - Started o.e.j.w.WebAppContext@20256a0b{/,file:///tmp/jetty-0.0.0.0-41987-hddsDatanode-_-any-7320862379983117211.dir/webapp/,AVAILABLE}{/hddsDatanode}
2019-10-14 17:02:16,452 [main] INFO  server.AbstractConnector (AbstractConnector.java:doStart(278)) - Started ServerConnector@624b3544{HTTP/1.1,[http/1.1]}{0.0.0.0:41987}
2019-10-14 17:02:16,454 [main] INFO  server.Server (Server.java:doStart(419)) - Started @218914ms
2019-10-14 17:02:16,454 [main] WARN  impl.MetricsSystemImpl (MetricsSystemImpl.java:register(276)) - Sink prometheus already exists!
2019-10-14 17:02:16,455 [main] INFO  server.BaseHttpServer (BaseHttpServer.java:updateConnectorAddress(215)) - HTTP server of HDDSDATANODE is listening at http://0.0.0.0:41987
2019-10-14 17:02:16,455 [main] INFO  ozone.MiniOzoneClusterImpl (MiniOzoneClusterImpl.java:lambda$waitForClusterToBeReady$0(147)) - Waiting for cluster to be ready. Got 0 of 7 DN Heartbeats.
2019-10-14 17:02:16,456 [org.apache.hadoop.util.JvmPauseMonitor$Monitor@1f121bed] INFO  util.JvmPauseMonitor (JvmPauseMonitor.java:run(188)) - Starting JVM pause monitor
2019-10-14 17:02:16,458 [Datanode State Machine Thread - 0] INFO  datanode.InitDatanodeState (InitDatanodeState.java:persistContainerDatanodeDetails(140)) - DatanodeDetails is persisted to /workdir/hadoop-ozone/integration-test/target/test-dir/MiniOzoneClusterImpl-b8618e02-721c-46c9-8156-6a032b4cc7f2/datanode-6/meta/datanode.id
2019-10-14 17:02:17,456 [main] INFO  ozone.MiniOzoneClusterImpl (MiniOzoneClusterImpl.java:lambda$waitForClusterToBeReady$0(147)) - Waiting for cluster to be ready. Got 0 of 7 DN Heartbeats.
2019-10-14 17:02:17,992 [Datanode State Machine Thread - 0] INFO  ozoneimpl.OzoneContainer (OzoneContainer.java:start(213)) - Attempting to start container services.
2019-10-14 17:02:17,992 [Datanode State Machine Thread - 0] INFO  ozoneimpl.OzoneContainer (OzoneContainer.java:startContainerScrub(177)) - Background container scanner has been disabled.
2019-10-14 17:02:17,992 [Datanode State Machine Thread - 0] INFO  ratis.XceiverServerRatis (XceiverServerRatis.java:start(418)) - Starting XceiverServerRatis 9df34242-257e-4eef-b5b8-318b8d1c4a13 at port 0
2019-10-14 17:02:17,999 [Datanode State Machine Thread - 0] INFO  impl.RaftServerProxy (RaftServerProxy.java:lambda$start$3(299)) - 9df34242-257e-4eef-b5b8-318b8d1c4a13: start RPC server
2019-10-14 17:02:18,017 [Datanode State Machine Thread - 0] INFO  server.GrpcService (GrpcService.java:startImpl(158)) - 9df34242-257e-4eef-b5b8-318b8d1c4a13: GrpcService started, listening on 0.0.0.0/0.0.0.0:41521
2019-10-14 17:02:18,017 [Datanode State Machine Thread - 0] INFO  ratis.XceiverServerRatis (XceiverServerRatis.java:start(428)) - XceiverServerRatis 9df34242-257e-4eef-b5b8-318b8d1c4a13 is started using port 41521
2019-10-14 17:02:18,017 [Datanode State Machine Thread - 0] INFO  server.XceiverServerGrpc (XceiverServerGrpc.java:start(149)) - XceiverServerGrpc 9df34242-257e-4eef-b5b8-318b8d1c4a13 is started using port 41449
2019-10-14 17:02:18,050 [Datanode State Machine Thread - 0] INFO  ozoneimpl.OzoneContainer (OzoneContainer.java:start(213)) - Attempting to start container services.
2019-10-14 17:02:18,050 [Datanode State Machine Thread - 0] INFO  ozoneimpl.OzoneContainer (OzoneContainer.java:startContainerScrub(177)) - Background container scanner has been disabled.
2019-10-14 17:02:18,050 [Datanode State Machine Thread - 0] INFO  ratis.XceiverServerRatis (XceiverServerRatis.java:start(418)) - Starting XceiverServerRatis f1c7b8a7-c5dc-4da4-8dbd-05a5ee83d79e at port 0
2019-10-14 17:02:18,057 [Datanode State Machine Thread - 0] INFO  impl.RaftServerProxy (RaftServerProxy.java:lambda$start$3(299)) - f1c7b8a7-c5dc-4da4-8dbd-05a5ee83d79e: start RPC server
2019-10-14 17:02:18,058 [Datanode State Machine Thread - 0] INFO  server.GrpcService (GrpcService.java:startImpl(158)) - f1c7b8a7-c5dc-4da4-8dbd-05a5ee83d79e: GrpcService started, listening on 0.0.0.0/0.0.0.0:44474
2019-10-14 17:02:18,058 [Datanode State Machine Thread - 0] INFO  ratis.XceiverServerRatis (XceiverServerRatis.java:start(428)) - XceiverServerRatis f1c7b8a7-c5dc-4da4-8dbd-05a5ee83d79e is started using port 44474
2019-10-14 17:02:18,058 [Datanode State Machine Thread - 0] INFO  server.XceiverServerGrpc (XceiverServerGrpc.java:start(149)) - XceiverServerGrpc f1c7b8a7-c5dc-4da4-8dbd-05a5ee83d79e is started using port 38108
2019-10-14 17:02:18,124 [Datanode State Machine Thread - 0] INFO  ozoneimpl.OzoneContainer (OzoneContainer.java:start(213)) - Attempting to start container services.
2019-10-14 17:02:18,125 [Datanode State Machine Thread - 0] INFO  ozoneimpl.OzoneContainer (OzoneContainer.java:startContainerScrub(177)) - Background container scanner has been disabled.
2019-10-14 17:02:18,125 [Datanode State Machine Thread - 0] INFO  ratis.XceiverServerRatis (XceiverServerRatis.java:start(418)) - Starting XceiverServerRatis 7d21c739-e467-411a-abee-8707c476f8c5 at port 0
2019-10-14 17:02:18,132 [Datanode State Machine Thread - 0] INFO  impl.RaftServerProxy (RaftServerProxy.java:lambda$start$3(299)) - 7d21c739-e467-411a-abee-8707c476f8c5: start RPC server
2019-10-14 17:02:18,137 [Datanode State Machine Thread - 0] INFO  server.GrpcService (GrpcService.java:startImpl(158)) - 7d21c739-e467-411a-abee-8707c476f8c5: GrpcService started, listening on 0.0.0.0/0.0.0.0:35427
2019-10-14 17:02:18,138 [Datanode State Machine Thread - 0] INFO  ratis.XceiverServerRatis (XceiverServerRatis.java:start(428)) - XceiverServerRatis 7d21c739-e467-411a-abee-8707c476f8c5 is started using port 35427
2019-10-14 17:02:18,142 [Datanode State Machine Thread - 0] INFO  server.XceiverServerGrpc (XceiverServerGrpc.java:start(149)) - XceiverServerGrpc 7d21c739-e467-411a-abee-8707c476f8c5 is started using port 44040
2019-10-14 17:02:18,218 [grpc-default-executor-5] WARN  server.GrpcLogAppender (LogUtils.java:warn(134)) - d13dccf9-d9ae-4e52-b31c-0cdd593c4443@group-257A60561570->b1f94540-e6e2-4b9c-8187-24ae5f8a5790-AppendLogResponseHandler: Failed appendEntries: org.apache.ratis.thirdparty.io.grpc.StatusRuntimeException: UNAVAILABLE: io exception
2019-10-14 17:02:18,219 [grpc-default-executor-5] INFO  impl.FollowerInfo (FollowerInfo.java:lambda$new$0(51)) - d13dccf9-d9ae-4e52-b31c-0cdd593c4443@group-257A60561570->b1f94540-e6e2-4b9c-8187-24ae5f8a5790: nextIndex: updateUnconditionally 0 -> 0
2019-10-14 17:02:18,221 [grpc-default-executor-3] WARN  server.GrpcLogAppender (LogUtils.java:warn(134)) - d13dccf9-d9ae-4e52-b31c-0cdd593c4443@group-257A60561570->d2f466cc-8a7c-4992-bcda-2dc638fd3333-AppendLogResponseHandler: Failed appendEntries: org.apache.ratis.thirdparty.io.grpc.StatusRuntimeException: UNAVAILABLE: io exception
2019-10-14 17:02:18,221 [grpc-default-executor-3] INFO  impl.FollowerInfo (FollowerInfo.java:lambda$new$0(51)) - d13dccf9-d9ae-4e52-b31c-0cdd593c4443@group-257A60561570->d2f466cc-8a7c-4992-bcda-2dc638fd3333: nextIndex: updateUnconditionally 0 -> 0
2019-10-14 17:02:18,234 [Datanode State Machine Thread - 0] INFO  ozoneimpl.OzoneContainer (OzoneContainer.java:start(213)) - Attempting to start container services.
2019-10-14 17:02:18,234 [Datanode State Machine Thread - 0] INFO  ozoneimpl.OzoneContainer (OzoneContainer.java:startContainerScrub(177)) - Background container scanner has been disabled.
2019-10-14 17:02:18,234 [Datanode State Machine Thread - 0] INFO  ratis.XceiverServerRatis (XceiverServerRatis.java:start(418)) - Starting XceiverServerRatis 779928b1-f347-45c8-80c5-fc8be018db38 at port 0
2019-10-14 17:02:18,241 [Datanode State Machine Thread - 0] INFO  impl.RaftServerProxy (RaftServerProxy.java:lambda$start$3(299)) - 779928b1-f347-45c8-80c5-fc8be018db38: start RPC server
2019-10-14 17:02:18,242 [Datanode State Machine Thread - 0] INFO  server.GrpcService (GrpcService.java:startImpl(158)) - 779928b1-f347-45c8-80c5-fc8be018db38: GrpcService started, listening on 0.0.0.0/0.0.0.0:38802
2019-10-14 17:02:18,242 [Datanode State Machine Thread - 0] INFO  ratis.XceiverServerRatis (XceiverServerRatis.java:start(428)) - XceiverServerRatis 779928b1-f347-45c8-80c5-fc8be018db38 is started using port 38802
2019-10-14 17:02:18,247 [Datanode State Machine Thread - 0] INFO  server.XceiverServerGrpc (XceiverServerGrpc.java:start(149)) - XceiverServerGrpc 779928b1-f347-45c8-80c5-fc8be018db38 is started using port 38825
2019-10-14 17:02:18,320 [Datanode State Machine Thread - 0] INFO  ozoneimpl.OzoneContainer (OzoneContainer.java:start(213)) - Attempting to start container services.
2019-10-14 17:02:18,320 [Datanode State Machine Thread - 0] INFO  ozoneimpl.OzoneContainer (OzoneContainer.java:startContainerScrub(177)) - Background container scanner has been disabled.
2019-10-14 17:02:18,320 [Datanode State Machine Thread - 0] INFO  ratis.XceiverServerRatis (XceiverServerRatis.java:start(418)) - Starting XceiverServerRatis 7e4f6eba-8108-4790-81d0-d5b7440af6ab at port 0
2019-10-14 17:02:18,326 [Datanode State Machine Thread - 0] INFO  impl.RaftServerProxy (RaftServerProxy.java:lambda$start$3(299)) - 7e4f6eba-8108-4790-81d0-d5b7440af6ab: start RPC server
2019-10-14 17:02:18,327 [Datanode State Machine Thread - 0] INFO  server.GrpcService (GrpcService.java:startImpl(158)) - 7e4f6eba-8108-4790-81d0-d5b7440af6ab: GrpcService started, listening on 0.0.0.0/0.0.0.0:33428
2019-10-14 17:02:18,327 [Datanode State Machine Thread - 0] INFO  ratis.XceiverServerRatis (XceiverServerRatis.java:start(428)) - XceiverServerRatis 7e4f6eba-8108-4790-81d0-d5b7440af6ab is started using port 33428
2019-10-14 17:02:18,332 [Datanode State Machine Thread - 0] INFO  server.XceiverServerGrpc (XceiverServerGrpc.java:start(149)) - XceiverServerGrpc 7e4f6eba-8108-4790-81d0-d5b7440af6ab is started using port 38723
2019-10-14 17:02:18,404 [Datanode State Machine Thread - 0] INFO  ozoneimpl.OzoneContainer (OzoneContainer.java:start(213)) - Attempting to start container services.
2019-10-14 17:02:18,405 [Datanode State Machine Thread - 0] INFO  ozoneimpl.OzoneContainer (OzoneContainer.java:startContainerScrub(177)) - Background container scanner has been disabled.
2019-10-14 17:02:18,405 [Datanode State Machine Thread - 0] INFO  ratis.XceiverServerRatis (XceiverServerRatis.java:start(418)) - Starting XceiverServerRatis 6e6183a5-2e5d-463f-9430-ef1a8c6c82a9 at port 0
2019-10-14 17:02:18,412 [Datanode State Machine Thread - 0] INFO  impl.RaftServerProxy (RaftServerProxy.java:lambda$start$3(299)) - 6e6183a5-2e5d-463f-9430-ef1a8c6c82a9: start RPC server
2019-10-14 17:02:18,413 [Datanode State Machine Thread - 0] INFO  server.GrpcService (GrpcService.java:startImpl(158)) - 6e6183a5-2e5d-463f-9430-ef1a8c6c82a9: GrpcService started, listening on 0.0.0.0/0.0.0.0:39099
2019-10-14 17:02:18,413 [Datanode State Machine Thread - 0] INFO  ratis.XceiverServerRatis (XceiverServerRatis.java:start(428)) - XceiverServerRatis 6e6183a5-2e5d-463f-9430-ef1a8c6c82a9 is started using port 39099
2019-10-14 17:02:18,413 [Datanode State Machine Thread - 0] INFO  server.XceiverServerGrpc (XceiverServerGrpc.java:start(149)) - XceiverServerGrpc 6e6183a5-2e5d-463f-9430-ef1a8c6c82a9 is started using port 44916
2019-10-14 17:02:18,457 [main] INFO  ozone.MiniOzoneClusterImpl (MiniOzoneClusterImpl.java:lambda$waitForClusterToBeReady$0(147)) - Waiting for cluster to be ready. Got 0 of 7 DN Heartbeats.
2019-10-14 17:02:18,470 [Datanode State Machine Thread - 0] INFO  ozoneimpl.OzoneContainer (OzoneContainer.java:start(213)) - Attempting to start container services.
2019-10-14 17:02:18,470 [Datanode State Machine Thread - 0] INFO  ozoneimpl.OzoneContainer (OzoneContainer.java:startContainerScrub(177)) - Background container scanner has been disabled.
2019-10-14 17:02:18,470 [Datanode State Machine Thread - 0] INFO  ratis.XceiverServerRatis (XceiverServerRatis.java:start(418)) - Starting XceiverServerRatis dede1731-444b-480f-ac0a-fbfc1951d3f6 at port 0
2019-10-14 17:02:18,477 [Datanode State Machine Thread - 0] INFO  impl.RaftServerProxy (RaftServerProxy.java:lambda$start$3(299)) - dede1731-444b-480f-ac0a-fbfc1951d3f6: start RPC server
2019-10-14 17:02:18,482 [Datanode State Machine Thread - 0] INFO  server.GrpcService (GrpcService.java:startImpl(158)) - dede1731-444b-480f-ac0a-fbfc1951d3f6: GrpcService started, listening on 0.0.0.0/0.0.0.0:35616
2019-10-14 17:02:18,482 [Datanode State Machine Thread - 0] INFO  ratis.XceiverServerRatis (XceiverServerRatis.java:start(428)) - XceiverServerRatis dede1731-444b-480f-ac0a-fbfc1951d3f6 is started using port 35616
2019-10-14 17:02:18,482 [Datanode State Machine Thread - 0] INFO  server.XceiverServerGrpc (XceiverServerGrpc.java:start(149)) - XceiverServerGrpc dede1731-444b-480f-ac0a-fbfc1951d3f6 is started using port 34173
2019-10-14 17:02:19,457 [main] INFO  ozone.MiniOzoneClusterImpl (MiniOzoneClusterImpl.java:lambda$waitForClusterToBeReady$0(147)) - Waiting for cluster to be ready. Got 0 of 7 DN Heartbeats.
2019-10-14 17:02:19,926 [IPC Server handler 12 on 44035] INFO  net.NetworkTopology (NetworkTopologyImpl.java:add(111)) - Added a new node: /default-rack/9df34242-257e-4eef-b5b8-318b8d1c4a13
2019-10-14 17:02:19,934 [IPC Server handler 12 on 44035] INFO  node.SCMNodeManager (SCMNodeManager.java:register(313)) - Registered Data node : 9df34242-257e-4eef-b5b8-318b8d1c4a13{ip: 192.168.151.105, host: pr-hdds-2196-2-9v7pc-2718207715, networkLocation: /default-rack, certSerialId: null}
2019-10-14 17:02:19,936 [EventQueue-NodeRegistrationContainerReportForDataNodeSafeModeRule] INFO  safemode.SCMSafeModeManager (DataNodeSafeModeRule.java:process(71)) - SCM in safe mode. 1 DataNodes registered, 1 required.
2019-10-14 17:02:19,941 [EventQueue-NodeRegistrationContainerReportForDataNodeSafeModeRule] INFO  safemode.SCMSafeModeManager (SCMSafeModeManager.java:validateSafeModeExitRules(177)) - ScmSafeModeManager, all rules are successfully validated
2019-10-14 17:02:19,941 [EventQueue-NodeRegistrationContainerReportForDataNodeSafeModeRule] INFO  safemode.SCMSafeModeManager (SCMSafeModeManager.java:exitSafeMode(193)) - SCM exiting safe mode.
2019-10-14 17:02:19,952 [grpc-default-executor-3] INFO  impl.RaftServerProxy (RaftServerProxy.java:addNew(89)) - 9df34242-257e-4eef-b5b8-318b8d1c4a13: addNew group-DBFEA0D092A5:[9df34242-257e-4eef-b5b8-318b8d1c4a13:192.168.151.105:41521] returns group-DBFEA0D092A5:java.util.concurrent.CompletableFuture@48498f58[Not completed]
2019-10-14 17:02:19,955 [pool-383-thread-1] INFO  impl.RaftServerImpl (RaftServerImpl.java:<init>(95)) - 9df34242-257e-4eef-b5b8-318b8d1c4a13: new RaftServerImpl for group-DBFEA0D092A5:[9df34242-257e-4eef-b5b8-318b8d1c4a13:192.168.151.105:41521] with ContainerStateMachine:uninitialized
2019-10-14 17:02:19,955 [pool-383-thread-1] INFO  server.RaftServerConfigKeys (ConfUtils.java:logGet(43)) - raft.server.rpc.timeout.min = 5s (custom)
2019-10-14 17:02:19,956 [pool-383-thread-1] INFO  server.RaftServerConfigKeys (ConfUtils.java:logGet(43)) - raft.server.rpc.timeout.max = 5200ms (custom)
2019-10-14 17:02:19,956 [pool-383-thread-1] INFO  server.RaftServerConfigKeys (ConfUtils.java:logGet(43)) - raft.server.rpcslowness.timeout = 120s (custom)
2019-10-14 17:02:19,956 [pool-383-thread-1] INFO  server.RaftServerConfigKeys (ConfUtils.java:logGet(43)) - raft.server.sleep.deviation.threshold = 300 (default)
2019-10-14 17:02:19,956 [pool-383-thread-1] INFO  server.RaftServerConfigKeys (ConfUtils.java:logGet(43)) - raft.server.log.appender.install.snapshot.enabled = false (custom)
2019-10-14 17:02:19,956 [pool-383-thread-1] INFO  impl.RaftServerImpl (ServerState.java:<init>(103)) - 9df34242-257e-4eef-b5b8-318b8d1c4a13@group-DBFEA0D092A5: ConfigurationManager, init=-1: [9df34242-257e-4eef-b5b8-318b8d1c4a13:192.168.151.105:41521], old=null, confs=<EMPTY_MAP>
2019-10-14 17:02:19,957 [pool-383-thread-1] INFO  server.RaftServerConfigKeys (ConfUtils.java:logGet(43)) - raft.server.storage.dir = [/workdir/hadoop-ozone/integration-test/target/test-dir/MiniOzoneClusterImpl-b8618e02-721c-46c9-8156-6a032b4cc7f2/datanode-0/data/ratis] (custom)
2019-10-14 17:02:19,957 [pool-383-thread-1] INFO  server.RaftServerConfigKeys (ConfUtils.java:logGet(43)) - raft.server.log.corruption.policy = EXCEPTION (default)
2019-10-14 17:02:19,957 [pool-383-thread-1] INFO  storage.RaftStorageDirectory (RaftStorageDirectory.java:analyzeStorage(246)) - The storage directory /workdir/hadoop-ozone/integration-test/target/test-dir/MiniOzoneClusterImpl-b8618e02-721c-46c9-8156-6a032b4cc7f2/datanode-0/data/ratis/85d78dde-3e01-4c57-9517-dbfea0d092a5 does not exist. Creating ...
2019-10-14 17:02:19,970 [pool-383-thread-1] INFO  storage.RaftStorageDirectory (RaftStorageDirectory.java:tryLock(328)) - Lock on /workdir/hadoop-ozone/integration-test/target/test-dir/MiniOzoneClusterImpl-b8618e02-721c-46c9-8156-6a032b4cc7f2/datanode-0/data/ratis/85d78dde-3e01-4c57-9517-dbfea0d092a5/in_use.lock acquired by nodename 26835@pr-hdds-2196-2-9v7pc-2718207715
2019-10-14 17:02:19,983 [pool-383-thread-1] INFO  storage.RaftStorage (RaftStorage.java:format(84)) - Storage directory /workdir/hadoop-ozone/integration-test/target/test-dir/MiniOzoneClusterImpl-b8618e02-721c-46c9-8156-6a032b4cc7f2/datanode-0/data/ratis/85d78dde-3e01-4c57-9517-dbfea0d092a5 has been successfully formatted.
2019-10-14 17:02:19,984 [pool-383-thread-1] INFO  ratis.ContainerStateMachine (ContainerStateMachine.java:loadSnapshot(231)) - group-DBFEA0D092A5: The snapshot info is null. Setting the last applied indexto:(t:0, i:~)
2019-10-14 17:02:19,984 [pool-383-thread-1] INFO  server.RaftServerConfigKeys (ConfUtils.java:logGet(43)) - raft.server.notification.no-leader.timeout = 120s (custom)
2019-10-14 17:02:19,984 [pool-383-thread-1] INFO  server.RaftServerConfigKeys (ConfUtils.java:logGet(43)) - raft.server.log.use.memory = false (default)
2019-10-14 17:02:19,984 [pool-383-thread-1] INFO  server.RaftServerConfigKeys (ConfUtils.java:logGet(43)) - raft.server.log.purge.gap = 1000000 (custom)
2019-10-14 17:02:19,984 [pool-383-thread-1] INFO  server.RaftServerConfigKeys (ConfUtils.java:logGet(43)) - raft.server.log.appender.buffer.byte-limit = 33554432 (custom)
2019-10-14 17:02:19,985 [pool-383-thread-1] INFO  server.RaftServerConfigKeys (ConfUtils.java:logGet(43)) - raft.server.log.segment.size.max = 1048576 (custom)
2019-10-14 17:02:19,986 [pool-383-thread-1] INFO  server.RaftServerConfigKeys (ConfUtils.java:logGet(43)) - raft.server.log.segment.cache.num.max = 2 (custom)
2019-10-14 17:02:19,987 [pool-383-thread-1] INFO  segmented.SegmentedRaftLogWorker (SegmentedRaftLogWorker.java:<init>(173)) - new 9df34242-257e-4eef-b5b8-318b8d1c4a13@group-DBFEA0D092A5-SegmentedRaftLogWorker for RaftStorage:Storage Directory /workdir/hadoop-ozone/integration-test/target/test-dir/MiniOzoneClusterImpl-b8618e02-721c-46c9-8156-6a032b4cc7f2/datanode-0/data/ratis/85d78dde-3e01-4c57-9517-dbfea0d092a5
2019-10-14 17:02:19,987 [pool-383-thread-1] INFO  server.RaftServerConfigKeys (ConfUtils.java:logGet(43)) - raft.server.log.queue.byte-limit = 2147483647 (custom)
2019-10-14 17:02:19,987 [pool-383-thread-1] INFO  server.RaftServerConfigKeys (ConfUtils.java:logGet(43)) - raft.server.log.queue.element-limit = 1024 (custom)
2019-10-14 17:02:19,987 [pool-383-thread-1] INFO  server.RaftServerConfigKeys (ConfUtils.java:logGet(43)) - raft.server.log.segment.size.max = 1048576 (custom)
2019-10-14 17:02:19,987 [pool-383-thread-1] INFO  server.RaftServerConfigKeys (ConfUtils.java:logGet(43)) - raft.server.log.preallocated.size = 16384 (custom)
2019-10-14 17:02:19,987 [pool-383-thread-1] INFO  server.RaftServerConfigKeys (ConfUtils.java:logGet(43)) - raft.server.log.write.buffer.size = 33554432 (custom)
2019-10-14 17:02:19,987 [pool-383-thread-1] INFO  server.RaftServerConfigKeys (ConfUtils.java:logGet(43)) - raft.server.log.force.sync.num = 128 (default)
2019-10-14 17:02:19,987 [pool-383-thread-1] INFO  server.RaftServerConfigKeys (ConfUtils.java:logGet(43)) - raft.server.log.statemachine.data.sync = true (default)
2019-10-14 17:02:19,988 [pool-383-thread-1] INFO  server.RaftServerConfigKeys (ConfUtils.java:logGet(43)) - raft.server.log.statemachine.data.sync.timeout = 10s (default)
2019-10-14 17:02:19,988 [pool-383-thread-1] INFO  server.RaftServerConfigKeys (ConfUtils.java:logGet(43)) - raft.server.log.statemachine.data.sync.timeout.retry = -1 (default)
2019-10-14 17:02:19,988 [pool-383-thread-1] INFO  server.RaftServerConfigKeys (ConfUtils.java:logGet(43)) - raft.server.log.statemachine.data.caching.enabled = true (custom)
2019-10-14 17:02:19,989 [pool-383-thread-1] INFO  segmented.SegmentedRaftLogWorker (SegmentedRaftLogWorker.java:lambda$new$0(128)) - 9df34242-257e-4eef-b5b8-318b8d1c4a13@group-DBFEA0D092A5-SegmentedRaftLogWorker: flushIndex: setUnconditionally 0 -> -1
2019-10-14 17:02:19,989 [pool-383-thread-1] INFO  server.RaftServerConfigKeys (ConfUtils.java:logGet(43)) - raft.server.snapshot.auto.trigger.enabled = true (custom)
2019-10-14 17:02:19,990 [pool-383-thread-1] INFO  server.RaftServerConfigKeys (ConfUtils.java:logGet(43)) - raft.server.snapshot.auto.trigger.threshold = 10000 (custom)
2019-10-14 17:02:19,990 [pool-383-thread-1] INFO  server.RaftServerConfigKeys (ConfUtils.java:logGet(43)) - raft.server.snapshot.retention.file.num = 5 (custom)
2019-10-14 17:02:19,990 [pool-383-thread-1] INFO  server.RaftServerConfigKeys (ConfUtils.java:logGet(43)) - raft.server.retrycache.expirytime = 600000ms (custom)
2019-10-14 17:02:19,992 [pool-383-thread-1] INFO  impl.RaftServerImpl (RaftServerImpl.java:start(181)) - 9df34242-257e-4eef-b5b8-318b8d1c4a13@group-DBFEA0D092A5: start as a follower, conf=-1: [9df34242-257e-4eef-b5b8-318b8d1c4a13:192.168.151.105:41521], old=null
2019-10-14 17:02:19,993 [pool-383-thread-1] INFO  impl.RaftServerImpl (RaftServerImpl.java:setRole(170)) - 9df34242-257e-4eef-b5b8-318b8d1c4a13@group-DBFEA0D092A5: changes role from      null to FOLLOWER at term 0 for startAsFollower
2019-10-14 17:02:19,993 [pool-383-thread-1] INFO  impl.RoleInfo (RoleInfo.java:updateAndGet(143)) - 9df34242-257e-4eef-b5b8-318b8d1c4a13: start FollowerState
2019-10-14 17:02:19,994 [pool-383-thread-1] INFO  util.JmxRegister (JmxRegister.java:tryRegister(44)) - Successfully registered JMX Bean with object name Ratis:service=RaftServer,group=group-DBFEA0D092A5,id=9df34242-257e-4eef-b5b8-318b8d1c4a13
2019-10-14 17:02:19,999 [RatisPipelineUtilsThread] INFO  pipeline.PipelineStateManager (PipelineStateManager.java:addPipeline(56)) - Created pipeline Pipeline[ Id: 85d78dde-3e01-4c57-9517-dbfea0d092a5, Nodes: 9df34242-257e-4eef-b5b8-318b8d1c4a13{ip: 192.168.151.105, host: pr-hdds-2196-2-9v7pc-2718207715, networkLocation: /default-rack, certSerialId: null}, Type:RATIS, Factor:ONE, State:OPEN]
2019-10-14 17:02:20,024 [IPC Server handler 14 on 44035] INFO  net.NetworkTopology (NetworkTopologyImpl.java:add(111)) - Added a new node: /default-rack/f1c7b8a7-c5dc-4da4-8dbd-05a5ee83d79e
2019-10-14 17:02:20,024 [IPC Server handler 14 on 44035] INFO  node.SCMNodeManager (SCMNodeManager.java:register(313)) - Registered Data node : f1c7b8a7-c5dc-4da4-8dbd-05a5ee83d79e{ip: 192.168.151.105, host: pr-hdds-2196-2-9v7pc-2718207715, networkLocation: /default-rack, certSerialId: null}
2019-10-14 17:02:20,033 [grpc-default-executor-3] INFO  impl.RaftServerProxy (RaftServerProxy.java:addNew(89)) - f1c7b8a7-c5dc-4da4-8dbd-05a5ee83d79e: addNew group-E95E48EEDFD9:[f1c7b8a7-c5dc-4da4-8dbd-05a5ee83d79e:192.168.151.105:44474] returns group-E95E48EEDFD9:java.util.concurrent.CompletableFuture@10463e5f[Not completed]
2019-10-14 17:02:20,034 [pool-393-thread-1] INFO  impl.RaftServerImpl (RaftServerImpl.java:<init>(95)) - f1c7b8a7-c5dc-4da4-8dbd-05a5ee83d79e: new RaftServerImpl for group-E95E48EEDFD9:[f1c7b8a7-c5dc-4da4-8dbd-05a5ee83d79e:192.168.151.105:44474] with ContainerStateMachine:uninitialized
2019-10-14 17:02:20,034 [pool-393-thread-1] INFO  server.RaftServerConfigKeys (ConfUtils.java:logGet(43)) - raft.server.rpc.timeout.min = 5s (custom)
2019-10-14 17:02:20,035 [pool-393-thread-1] INFO  server.RaftServerConfigKeys (ConfUtils.java:logGet(43)) - raft.server.rpc.timeout.max = 5200ms (custom)
2019-10-14 17:02:20,035 [pool-393-thread-1] INFO  server.RaftServerConfigKeys (ConfUtils.java:logGet(43)) - raft.server.rpcslowness.timeout = 120s (custom)
2019-10-14 17:02:20,035 [pool-393-thread-1] INFO  server.RaftServerConfigKeys (ConfUtils.java:logGet(43)) - raft.server.sleep.deviation.threshold = 300 (default)
2019-10-14 17:02:20,035 [pool-393-thread-1] INFO  server.RaftServerConfigKeys (ConfUtils.java:logGet(43)) - raft.server.log.appender.install.snapshot.enabled = false (custom)
2019-10-14 17:02:20,035 [pool-393-thread-1] INFO  impl.RaftServerImpl (ServerState.java:<init>(103)) - f1c7b8a7-c5dc-4da4-8dbd-05a5ee83d79e@group-E95E48EEDFD9: ConfigurationManager, init=-1: [f1c7b8a7-c5dc-4da4-8dbd-05a5ee83d79e:192.168.151.105:44474], old=null, confs=<EMPTY_MAP>
2019-10-14 17:02:20,035 [pool-393-thread-1] INFO  server.RaftServerConfigKeys (ConfUtils.java:logGet(43)) - raft.server.storage.dir = [/workdir/hadoop-ozone/integration-test/target/test-dir/MiniOzoneClusterImpl-b8618e02-721c-46c9-8156-6a032b4cc7f2/datanode-1/data/ratis] (custom)
2019-10-14 17:02:20,035 [pool-393-thread-1] INFO  server.RaftServerConfigKeys (ConfUtils.java:logGet(43)) - raft.server.log.corruption.policy = EXCEPTION (default)
2019-10-14 17:02:20,036 [pool-393-thread-1] INFO  storage.RaftStorageDirectory (RaftStorageDirectory.java:analyzeStorage(246)) - The storage directory /workdir/hadoop-ozone/integration-test/target/test-dir/MiniOzoneClusterImpl-b8618e02-721c-46c9-8156-6a032b4cc7f2/datanode-1/data/ratis/69d7262f-f36a-4aeb-a6df-e95e48eedfd9 does not exist. Creating ...
2019-10-14 17:02:20,048 [pool-393-thread-1] INFO  storage.RaftStorageDirectory (RaftStorageDirectory.java:tryLock(328)) - Lock on /workdir/hadoop-ozone/integration-test/target/test-dir/MiniOzoneClusterImpl-b8618e02-721c-46c9-8156-6a032b4cc7f2/datanode-1/data/ratis/69d7262f-f36a-4aeb-a6df-e95e48eedfd9/in_use.lock acquired by nodename 26835@pr-hdds-2196-2-9v7pc-2718207715
2019-10-14 17:02:20,061 [pool-393-thread-1] INFO  storage.RaftStorage (RaftStorage.java:format(84)) - Storage directory /workdir/hadoop-ozone/integration-test/target/test-dir/MiniOzoneClusterImpl-b8618e02-721c-46c9-8156-6a032b4cc7f2/datanode-1/data/ratis/69d7262f-f36a-4aeb-a6df-e95e48eedfd9 has been successfully formatted.
2019-10-14 17:02:20,061 [pool-393-thread-1] INFO  ratis.ContainerStateMachine (ContainerStateMachine.java:loadSnapshot(231)) - group-E95E48EEDFD9: The snapshot info is null. Setting the last applied indexto:(t:0, i:~)
2019-10-14 17:02:20,061 [pool-393-thread-1] INFO  server.RaftServerConfigKeys (ConfUtils.java:logGet(43)) - raft.server.notification.no-leader.timeout = 120s (custom)
2019-10-14 17:02:20,061 [pool-393-thread-1] INFO  server.RaftServerConfigKeys (ConfUtils.java:logGet(43)) - raft.server.log.use.memory = false (default)
2019-10-14 17:02:20,062 [pool-393-thread-1] INFO  server.RaftServerConfigKeys (ConfUtils.java:logGet(43)) - raft.server.log.purge.gap = 1000000 (custom)
2019-10-14 17:02:20,062 [pool-393-thread-1] INFO  server.RaftServerConfigKeys (ConfUtils.java:logGet(43)) - raft.server.log.appender.buffer.byte-limit = 33554432 (custom)
2019-10-14 17:02:20,062 [pool-393-thread-1] INFO  server.RaftServerConfigKeys (ConfUtils.java:logGet(43)) - raft.server.log.segment.size.max = 1048576 (custom)
2019-10-14 17:02:20,063 [pool-393-thread-1] INFO  server.RaftServerConfigKeys (ConfUtils.java:logGet(43)) - raft.server.log.segment.cache.num.max = 2 (custom)
2019-10-14 17:02:20,063 [pool-393-thread-1] INFO  segmented.SegmentedRaftLogWorker (SegmentedRaftLogWorker.java:<init>(173)) - new f1c7b8a7-c5dc-4da4-8dbd-05a5ee83d79e@group-E95E48EEDFD9-SegmentedRaftLogWorker for RaftStorage:Storage Directory /workdir/hadoop-ozone/integration-test/target/test-dir/MiniOzoneClusterImpl-b8618e02-721c-46c9-8156-6a032b4cc7f2/datanode-1/data/ratis/69d7262f-f36a-4aeb-a6df-e95e48eedfd9
2019-10-14 17:02:20,063 [pool-393-thread-1] INFO  server.RaftServerConfigKeys (ConfUtils.java:logGet(43)) - raft.server.log.queue.byte-limit = 2147483647 (custom)
2019-10-14 17:02:20,064 [pool-393-thread-1] INFO  server.RaftServerConfigKeys (ConfUtils.java:logGet(43)) - raft.server.log.queue.element-limit = 1024 (custom)
2019-10-14 17:02:20,064 [pool-393-thread-1] INFO  server.RaftServerConfigKeys (ConfUtils.java:logGet(43)) - raft.server.log.segment.size.max = 1048576 (custom)
2019-10-14 17:02:20,064 [pool-393-thread-1] INFO  server.RaftServerConfigKeys (ConfUtils.java:logGet(43)) - raft.server.log.preallocated.size = 16384 (custom)
2019-10-14 17:02:20,064 [pool-393-thread-1] INFO  server.RaftServerConfigKeys (ConfUtils.java:logGet(43)) - raft.server.log.write.buffer.size = 33554432 (custom)
2019-10-14 17:02:20,064 [pool-393-thread-1] INFO  server.RaftServerConfigKeys (ConfUtils.java:logGet(43)) - raft.server.log.force.sync.num = 128 (default)
2019-10-14 17:02:20,064 [pool-393-thread-1] INFO  server.RaftServerConfigKeys (ConfUtils.java:logGet(43)) - raft.server.log.statemachine.data.sync = true (default)
2019-10-14 17:02:20,064 [pool-393-thread-1] INFO  server.RaftServerConfigKeys (ConfUtils.java:logGet(43)) - raft.server.log.statemachine.data.sync.timeout = 10s (default)
2019-10-14 17:02:20,064 [pool-393-thread-1] INFO  server.RaftServerConfigKeys (ConfUtils.java:logGet(43)) - raft.server.log.statemachine.data.sync.timeout.retry = -1 (default)
2019-10-14 17:02:20,065 [pool-393-thread-1] INFO  server.RaftServerConfigKeys (ConfUtils.java:logGet(43)) - raft.server.log.statemachine.data.caching.enabled = true (custom)
2019-10-14 17:02:20,065 [pool-393-thread-1] INFO  segmented.SegmentedRaftLogWorker (SegmentedRaftLogWorker.java:lambda$new$0(128)) - f1c7b8a7-c5dc-4da4-8dbd-05a5ee83d79e@group-E95E48EEDFD9-SegmentedRaftLogWorker: flushIndex: setUnconditionally 0 -> -1
2019-10-14 17:02:20,065 [pool-393-thread-1] INFO  server.RaftServerConfigKeys (ConfUtils.java:logGet(43)) - raft.server.snapshot.auto.trigger.enabled = true (custom)
2019-10-14 17:02:20,065 [pool-393-thread-1] INFO  server.RaftServerConfigKeys (ConfUtils.java:logGet(43)) - raft.server.snapshot.auto.trigger.threshold = 10000 (custom)
2019-10-14 17:02:20,065 [pool-393-thread-1] INFO  server.RaftServerConfigKeys (ConfUtils.java:logGet(43)) - raft.server.snapshot.retention.file.num = 5 (custom)
2019-10-14 17:02:20,065 [pool-393-thread-1] INFO  server.RaftServerConfigKeys (ConfUtils.java:logGet(43)) - raft.server.retrycache.expirytime = 600000ms (custom)
2019-10-14 17:02:20,067 [pool-393-thread-1] INFO  impl.RaftServerImpl (RaftServerImpl.java:start(181)) - f1c7b8a7-c5dc-4da4-8dbd-05a5ee83d79e@group-E95E48EEDFD9: start as a follower, conf=-1: [f1c7b8a7-c5dc-4da4-8dbd-05a5ee83d79e:192.168.151.105:44474], old=null
2019-10-14 17:02:20,067 [pool-393-thread-1] INFO  impl.RaftServerImpl (RaftServerImpl.java:setRole(170)) - f1c7b8a7-c5dc-4da4-8dbd-05a5ee83d79e@group-E95E48EEDFD9: changes role from      null to FOLLOWER at term 0 for startAsFollower
2019-10-14 17:02:20,067 [pool-393-thread-1] INFO  impl.RoleInfo (RoleInfo.java:updateAndGet(143)) - f1c7b8a7-c5dc-4da4-8dbd-05a5ee83d79e: start FollowerState
2019-10-14 17:02:20,067 [pool-393-thread-1] INFO  util.JmxRegister (JmxRegister.java:tryRegister(44)) - Successfully registered JMX Bean with object name Ratis:service=RaftServer,group=group-E95E48EEDFD9,id=f1c7b8a7-c5dc-4da4-8dbd-05a5ee83d79e
2019-10-14 17:02:20,071 [RatisPipelineUtilsThread] INFO  pipeline.PipelineStateManager (PipelineStateManager.java:addPipeline(56)) - Created pipeline Pipeline[ Id: 69d7262f-f36a-4aeb-a6df-e95e48eedfd9, Nodes: f1c7b8a7-c5dc-4da4-8dbd-05a5ee83d79e{ip: 192.168.151.105, host: pr-hdds-2196-2-9v7pc-2718207715, networkLocation: /default-rack, certSerialId: null}, Type:RATIS, Factor:ONE, State:OPEN]
2019-10-14 17:02:20,109 [IPC Server handler 16 on 44035] INFO  net.NetworkTopology (NetworkTopologyImpl.java:add(111)) - Added a new node: /default-rack/7d21c739-e467-411a-abee-8707c476f8c5
2019-10-14 17:02:20,110 [IPC Server handler 16 on 44035] INFO  node.SCMNodeManager (SCMNodeManager.java:register(313)) - Registered Data node : 7d21c739-e467-411a-abee-8707c476f8c5{ip: 192.168.151.105, host: pr-hdds-2196-2-9v7pc-2718207715, networkLocation: /default-rack, certSerialId: null}
2019-10-14 17:02:20,123 [grpc-default-executor-3] INFO  impl.RaftServerProxy (RaftServerProxy.java:addNew(89)) - 7d21c739-e467-411a-abee-8707c476f8c5: addNew group-0DEA7A39CA0A:[7d21c739-e467-411a-abee-8707c476f8c5:192.168.151.105:35427] returns group-0DEA7A39CA0A:java.util.concurrent.CompletableFuture@6846e21f[Not completed]
2019-10-14 17:02:20,124 [pool-403-thread-1] INFO  impl.RaftServerImpl (RaftServerImpl.java:<init>(95)) - 7d21c739-e467-411a-abee-8707c476f8c5: new RaftServerImpl for group-0DEA7A39CA0A:[7d21c739-e467-411a-abee-8707c476f8c5:192.168.151.105:35427] with ContainerStateMachine:uninitialized
2019-10-14 17:02:20,124 [pool-403-thread-1] INFO  server.RaftServerConfigKeys (ConfUtils.java:logGet(43)) - raft.server.rpc.timeout.min = 5s (custom)
2019-10-14 17:02:20,125 [pool-403-thread-1] INFO  server.RaftServerConfigKeys (ConfUtils.java:logGet(43)) - raft.server.rpc.timeout.max = 5200ms (custom)
2019-10-14 17:02:20,125 [pool-403-thread-1] INFO  server.RaftServerConfigKeys (ConfUtils.java:logGet(43)) - raft.server.rpcslowness.timeout = 120s (custom)
2019-10-14 17:02:20,125 [pool-403-thread-1] INFO  server.RaftServerConfigKeys (ConfUtils.java:logGet(43)) - raft.server.sleep.deviation.threshold = 300 (default)
2019-10-14 17:02:20,125 [pool-403-thread-1] INFO  server.RaftServerConfigKeys (ConfUtils.java:logGet(43)) - raft.server.log.appender.install.snapshot.enabled = false (custom)
2019-10-14 17:02:20,125 [pool-403-thread-1] INFO  impl.RaftServerImpl (ServerState.java:<init>(103)) - 7d21c739-e467-411a-abee-8707c476f8c5@group-0DEA7A39CA0A: ConfigurationManager, init=-1: [7d21c739-e467-411a-abee-8707c476f8c5:192.168.151.105:35427], old=null, confs=<EMPTY_MAP>
2019-10-14 17:02:20,125 [pool-403-thread-1] INFO  server.RaftServerConfigKeys (ConfUtils.java:logGet(43)) - raft.server.storage.dir = [/workdir/hadoop-ozone/integration-test/target/test-dir/MiniOzoneClusterImpl-b8618e02-721c-46c9-8156-6a032b4cc7f2/datanode-2/data/ratis] (custom)
2019-10-14 17:02:20,125 [pool-403-thread-1] INFO  server.RaftServerConfigKeys (ConfUtils.java:logGet(43)) - raft.server.log.corruption.policy = EXCEPTION (default)
2019-10-14 17:02:20,126 [pool-403-thread-1] INFO  storage.RaftStorageDirectory (RaftStorageDirectory.java:analyzeStorage(246)) - The storage directory /workdir/hadoop-ozone/integration-test/target/test-dir/MiniOzoneClusterImpl-b8618e02-721c-46c9-8156-6a032b4cc7f2/datanode-2/data/ratis/db609a49-32bb-4e3e-b821-0dea7a39ca0a does not exist. Creating ...
2019-10-14 17:02:20,137 [pool-403-thread-1] INFO  storage.RaftStorageDirectory (RaftStorageDirectory.java:tryLock(328)) - Lock on /workdir/hadoop-ozone/integration-test/target/test-dir/MiniOzoneClusterImpl-b8618e02-721c-46c9-8156-6a032b4cc7f2/datanode-2/data/ratis/db609a49-32bb-4e3e-b821-0dea7a39ca0a/in_use.lock acquired by nodename 26835@pr-hdds-2196-2-9v7pc-2718207715
2019-10-14 17:02:20,140 [pool-403-thread-1] INFO  storage.RaftStorage (RaftStorage.java:format(84)) - Storage directory /workdir/hadoop-ozone/integration-test/target/test-dir/MiniOzoneClusterImpl-b8618e02-721c-46c9-8156-6a032b4cc7f2/datanode-2/data/ratis/db609a49-32bb-4e3e-b821-0dea7a39ca0a has been successfully formatted.
2019-10-14 17:02:20,140 [pool-403-thread-1] INFO  ratis.ContainerStateMachine (ContainerStateMachine.java:loadSnapshot(231)) - group-0DEA7A39CA0A: The snapshot info is null. Setting the last applied indexto:(t:0, i:~)
2019-10-14 17:02:20,140 [pool-403-thread-1] INFO  server.RaftServerConfigKeys (ConfUtils.java:logGet(43)) - raft.server.notification.no-leader.timeout = 120s (custom)
2019-10-14 17:02:20,140 [pool-403-thread-1] INFO  server.RaftServerConfigKeys (ConfUtils.java:logGet(43)) - raft.server.log.use.memory = false (default)
2019-10-14 17:02:20,141 [pool-403-thread-1] INFO  server.RaftServerConfigKeys (ConfUtils.java:logGet(43)) - raft.server.log.purge.gap = 1000000 (custom)
2019-10-14 17:02:20,141 [pool-403-thread-1] INFO  server.RaftServerConfigKeys (ConfUtils.java:logGet(43)) - raft.server.log.appender.buffer.byte-limit = 33554432 (custom)
2019-10-14 17:02:20,141 [pool-403-thread-1] INFO  server.RaftServerConfigKeys (ConfUtils.java:logGet(43)) - raft.server.log.segment.size.max = 1048576 (custom)
2019-10-14 17:02:20,142 [pool-403-thread-1] INFO  server.RaftServerConfigKeys (ConfUtils.java:logGet(43)) - raft.server.log.segment.cache.num.max = 2 (custom)
2019-10-14 17:02:20,142 [pool-403-thread-1] INFO  segmented.SegmentedRaftLogWorker (SegmentedRaftLogWorker.java:<init>(173)) - new 7d21c739-e467-411a-abee-8707c476f8c5@group-0DEA7A39CA0A-SegmentedRaftLogWorker for RaftStorage:Storage Directory /workdir/hadoop-ozone/integration-test/target/test-dir/MiniOzoneClusterImpl-b8618e02-721c-46c9-8156-6a032b4cc7f2/datanode-2/data/ratis/db609a49-32bb-4e3e-b821-0dea7a39ca0a
2019-10-14 17:02:20,142 [pool-403-thread-1] INFO  server.RaftServerConfigKeys (ConfUtils.java:logGet(43)) - raft.server.log.queue.byte-limit = 2147483647 (custom)
2019-10-14 17:02:20,142 [pool-403-thread-1] INFO  server.RaftServerConfigKeys (ConfUtils.java:logGet(43)) - raft.server.log.queue.element-limit = 1024 (custom)
2019-10-14 17:02:20,142 [pool-403-thread-1] INFO  server.RaftServerConfigKeys (ConfUtils.java:logGet(43)) - raft.server.log.segment.size.max = 1048576 (custom)
2019-10-14 17:02:20,142 [pool-403-thread-1] INFO  server.RaftServerConfigKeys (ConfUtils.java:logGet(43)) - raft.server.log.preallocated.size = 16384 (custom)
2019-10-14 17:02:20,142 [pool-403-thread-1] INFO  server.RaftServerConfigKeys (ConfUtils.java:logGet(43)) - raft.server.log.write.buffer.size = 33554432 (custom)
2019-10-14 17:02:20,143 [pool-403-thread-1] INFO  server.RaftServerConfigKeys (ConfUtils.java:logGet(43)) - raft.server.log.force.sync.num = 128 (default)
2019-10-14 17:02:20,143 [pool-403-thread-1] INFO  server.RaftServerConfigKeys (ConfUtils.java:logGet(43)) - raft.server.log.statemachine.data.sync = true (default)
2019-10-14 17:02:20,143 [pool-403-thread-1] INFO  server.RaftServerConfigKeys (ConfUtils.java:logGet(43)) - raft.server.log.statemachine.data.sync.timeout = 10s (default)
2019-10-14 17:02:20,143 [pool-403-thread-1] INFO  server.RaftServerConfigKeys (ConfUtils.java:logGet(43)) - raft.server.log.statemachine.data.sync.timeout.retry = -1 (default)
2019-10-14 17:02:20,143 [pool-403-thread-1] INFO  server.RaftServerConfigKeys (ConfUtils.java:logGet(43)) - raft.server.log.statemachine.data.caching.enabled = true (custom)
2019-10-14 17:02:20,143 [pool-403-thread-1] INFO  segmented.SegmentedRaftLogWorker (SegmentedRaftLogWorker.java:lambda$new$0(128)) - 7d21c739-e467-411a-abee-8707c476f8c5@group-0DEA7A39CA0A-SegmentedRaftLogWorker: flushIndex: setUnconditionally 0 -> -1
2019-10-14 17:02:20,144 [pool-403-thread-1] INFO  server.RaftServerConfigKeys (ConfUtils.java:logGet(43)) - raft.server.snapshot.auto.trigger.enabled = true (custom)
2019-10-14 17:02:20,144 [pool-403-thread-1] INFO  server.RaftServerConfigKeys (ConfUtils.java:logGet(43)) - raft.server.snapshot.auto.trigger.threshold = 10000 (custom)
2019-10-14 17:02:20,144 [pool-403-thread-1] INFO  server.RaftServerConfigKeys (ConfUtils.java:logGet(43)) - raft.server.snapshot.retention.file.num = 5 (custom)
2019-10-14 17:02:20,144 [pool-403-thread-1] INFO  server.RaftServerConfigKeys (ConfUtils.java:logGet(43)) - raft.server.retrycache.expirytime = 600000ms (custom)
2019-10-14 17:02:20,145 [pool-403-thread-1] INFO  impl.RaftServerImpl (RaftServerImpl.java:start(181)) - 7d21c739-e467-411a-abee-8707c476f8c5@group-0DEA7A39CA0A: start as a follower, conf=-1: [7d21c739-e467-411a-abee-8707c476f8c5:192.168.151.105:35427], old=null
2019-10-14 17:02:20,145 [pool-403-thread-1] INFO  impl.RaftServerImpl (RaftServerImpl.java:setRole(170)) - 7d21c739-e467-411a-abee-8707c476f8c5@group-0DEA7A39CA0A: changes role from      null to FOLLOWER at term 0 for startAsFollower
2019-10-14 17:02:20,145 [pool-403-thread-1] INFO  impl.RoleInfo (RoleInfo.java:updateAndGet(143)) - 7d21c739-e467-411a-abee-8707c476f8c5: start FollowerState
2019-10-14 17:02:20,146 [pool-403-thread-1] INFO  util.JmxRegister (JmxRegister.java:tryRegister(44)) - Successfully registered JMX Bean with object name Ratis:service=RaftServer,group=group-0DEA7A39CA0A,id=7d21c739-e467-411a-abee-8707c476f8c5
2019-10-14 17:02:20,149 [RatisPipelineUtilsThread] INFO  pipeline.PipelineStateManager (PipelineStateManager.java:addPipeline(56)) - Created pipeline Pipeline[ Id: db609a49-32bb-4e3e-b821-0dea7a39ca0a, Nodes: 7d21c739-e467-411a-abee-8707c476f8c5{ip: 192.168.151.105, host: pr-hdds-2196-2-9v7pc-2718207715, networkLocation: /default-rack, certSerialId: null}, Type:RATIS, Factor:ONE, State:OPEN]
2019-10-14 17:02:20,184 [grpc-default-executor-2] INFO  impl.RaftServerProxy (RaftServerProxy.java:addNew(89)) - 9df34242-257e-4eef-b5b8-318b8d1c4a13: addNew group-3917A8942743:[9df34242-257e-4eef-b5b8-318b8d1c4a13:192.168.151.105:41521, 7d21c739-e467-411a-abee-8707c476f8c5:192.168.151.105:35427, f1c7b8a7-c5dc-4da4-8dbd-05a5ee83d79e:192.168.151.105:44474] returns group-3917A8942743:java.util.concurrent.CompletableFuture@5f8ad6fd[Not completed]
2019-10-14 17:02:20,184 [grpc-default-executor-2] INFO  impl.RaftServerProxy (RaftServerProxy.java:addNew(89)) - 7d21c739-e467-411a-abee-8707c476f8c5: addNew group-3917A8942743:[9df34242-257e-4eef-b5b8-318b8d1c4a13:192.168.151.105:41521, 7d21c739-e467-411a-abee-8707c476f8c5:192.168.151.105:35427, f1c7b8a7-c5dc-4da4-8dbd-05a5ee83d79e:192.168.151.105:44474] returns group-3917A8942743:java.util.concurrent.CompletableFuture@1859e6a3[Not completed]
2019-10-14 17:02:20,185 [grpc-default-executor-5] INFO  impl.RaftServerProxy (RaftServerProxy.java:addNew(89)) - f1c7b8a7-c5dc-4da4-8dbd-05a5ee83d79e: addNew group-3917A8942743:[9df34242-257e-4eef-b5b8-318b8d1c4a13:192.168.151.105:41521, 7d21c739-e467-411a-abee-8707c476f8c5:192.168.151.105:35427, f1c7b8a7-c5dc-4da4-8dbd-05a5ee83d79e:192.168.151.105:44474] returns group-3917A8942743:java.util.concurrent.CompletableFuture@626ba3b5[Not completed]
2019-10-14 17:02:20,185 [pool-383-thread-1] INFO  impl.RaftServerImpl (RaftServerImpl.java:<init>(95)) - 9df34242-257e-4eef-b5b8-318b8d1c4a13: new RaftServerImpl for group-3917A8942743:[9df34242-257e-4eef-b5b8-318b8d1c4a13:192.168.151.105:41521, 7d21c739-e467-411a-abee-8707c476f8c5:192.168.151.105:35427, f1c7b8a7-c5dc-4da4-8dbd-05a5ee83d79e:192.168.151.105:44474] with ContainerStateMachine:uninitialized
2019-10-14 17:02:20,185 [pool-383-thread-1] INFO  server.RaftServerConfigKeys (ConfUtils.java:logGet(43)) - raft.server.rpc.timeout.min = 5s (custom)
2019-10-14 17:02:20,185 [pool-403-thread-1] INFO  impl.RaftServerImpl (RaftServerImpl.java:<init>(95)) - 7d21c739-e467-411a-abee-8707c476f8c5: new RaftServerImpl for group-3917A8942743:[9df34242-257e-4eef-b5b8-318b8d1c4a13:192.168.151.105:41521, 7d21c739-e467-411a-abee-8707c476f8c5:192.168.151.105:35427, f1c7b8a7-c5dc-4da4-8dbd-05a5ee83d79e:192.168.151.105:44474] with ContainerStateMachine:uninitialized
2019-10-14 17:02:20,185 [pool-383-thread-1] INFO  server.RaftServerConfigKeys (ConfUtils.java:logGet(43)) - raft.server.rpc.timeout.max = 5200ms (custom)
2019-10-14 17:02:20,186 [pool-403-thread-1] INFO  server.RaftServerConfigKeys (ConfUtils.java:logGet(43)) - raft.server.rpc.timeout.min = 5s (custom)
2019-10-14 17:02:20,186 [pool-383-thread-1] INFO  server.RaftServerConfigKeys (ConfUtils.java:logGet(43)) - raft.server.rpcslowness.timeout = 120s (custom)
2019-10-14 17:02:20,186 [pool-403-thread-1] INFO  server.RaftServerConfigKeys (ConfUtils.java:logGet(43)) - raft.server.rpc.timeout.max = 5200ms (custom)
2019-10-14 17:02:20,186 [pool-393-thread-1] INFO  impl.RaftServerImpl (RaftServerImpl.java:<init>(95)) - f1c7b8a7-c5dc-4da4-8dbd-05a5ee83d79e: new RaftServerImpl for group-3917A8942743:[9df34242-257e-4eef-b5b8-318b8d1c4a13:192.168.151.105:41521, 7d21c739-e467-411a-abee-8707c476f8c5:192.168.151.105:35427, f1c7b8a7-c5dc-4da4-8dbd-05a5ee83d79e:192.168.151.105:44474] with ContainerStateMachine:uninitialized
2019-10-14 17:02:20,186 [pool-383-thread-1] INFO  server.RaftServerConfigKeys (ConfUtils.java:logGet(43)) - raft.server.sleep.deviation.threshold = 300 (default)
2019-10-14 17:02:20,186 [pool-393-thread-1] INFO  server.RaftServerConfigKeys (ConfUtils.java:logGet(43)) - raft.server.rpc.timeout.min = 5s (custom)
2019-10-14 17:02:20,186 [pool-403-thread-1] INFO  server.RaftServerConfigKeys (ConfUtils.java:logGet(43)) - raft.server.rpcslowness.timeout = 120s (custom)
2019-10-14 17:02:20,186 [pool-393-thread-1] INFO  server.RaftServerConfigKeys (ConfUtils.java:logGet(43)) - raft.server.rpc.timeout.max = 5200ms (custom)
2019-10-14 17:02:20,186 [pool-383-thread-1] INFO  server.RaftServerConfigKeys (ConfUtils.java:logGet(43)) - raft.server.log.appender.install.snapshot.enabled = false (custom)
2019-10-14 17:02:20,186 [pool-393-thread-1] INFO  server.RaftServerConfigKeys (ConfUtils.java:logGet(43)) - raft.server.rpcslowness.timeout = 120s (custom)
2019-10-14 17:02:20,187 [pool-393-thread-1] INFO  server.RaftServerConfigKeys (ConfUtils.java:logGet(43)) - raft.server.sleep.deviation.threshold = 300 (default)
2019-10-14 17:02:20,186 [pool-403-thread-1] INFO  server.RaftServerConfigKeys (ConfUtils.java:logGet(43)) - raft.server.sleep.deviation.threshold = 300 (default)
2019-10-14 17:02:20,187 [pool-393-thread-1] INFO  server.RaftServerConfigKeys (ConfUtils.java:logGet(43)) - raft.server.log.appender.install.snapshot.enabled = false (custom)
2019-10-14 17:02:20,187 [pool-383-thread-1] INFO  impl.RaftServerImpl (ServerState.java:<init>(103)) - 9df34242-257e-4eef-b5b8-318b8d1c4a13@group-3917A8942743: ConfigurationManager, init=-1: [9df34242-257e-4eef-b5b8-318b8d1c4a13:192.168.151.105:41521, 7d21c739-e467-411a-abee-8707c476f8c5:192.168.151.105:35427, f1c7b8a7-c5dc-4da4-8dbd-05a5ee83d79e:192.168.151.105:44474], old=null, confs=<EMPTY_MAP>
2019-10-14 17:02:20,187 [pool-393-thread-1] INFO  impl.RaftServerImpl (ServerState.java:<init>(103)) - f1c7b8a7-c5dc-4da4-8dbd-05a5ee83d79e@group-3917A8942743: ConfigurationManager, init=-1: [9df34242-257e-4eef-b5b8-318b8d1c4a13:192.168.151.105:41521, 7d21c739-e467-411a-abee-8707c476f8c5:192.168.151.105:35427, f1c7b8a7-c5dc-4da4-8dbd-05a5ee83d79e:192.168.151.105:44474], old=null, confs=<EMPTY_MAP>
2019-10-14 17:02:20,187 [pool-383-thread-1] INFO  server.RaftServerConfigKeys (ConfUtils.java:logGet(43)) - raft.server.storage.dir = [/workdir/hadoop-ozone/integration-test/target/test-dir/MiniOzoneClusterImpl-b8618e02-721c-46c9-8156-6a032b4cc7f2/datanode-0/data/ratis] (custom)
2019-10-14 17:02:20,187 [pool-403-thread-1] INFO  server.RaftServerConfigKeys (ConfUtils.java:logGet(43)) - raft.server.log.appender.install.snapshot.enabled = false (custom)
2019-10-14 17:02:20,187 [pool-393-thread-1] INFO  server.RaftServerConfigKeys (ConfUtils.java:logGet(43)) - raft.server.storage.dir = [/workdir/hadoop-ozone/integration-test/target/test-dir/MiniOzoneClusterImpl-b8618e02-721c-46c9-8156-6a032b4cc7f2/datanode-1/data/ratis] (custom)
2019-10-14 17:02:20,187 [pool-403-thread-1] INFO  impl.RaftServerImpl (ServerState.java:<init>(103)) - 7d21c739-e467-411a-abee-8707c476f8c5@group-3917A8942743: ConfigurationManager, init=-1: [9df34242-257e-4eef-b5b8-318b8d1c4a13:192.168.151.105:41521, 7d21c739-e467-411a-abee-8707c476f8c5:192.168.151.105:35427, f1c7b8a7-c5dc-4da4-8dbd-05a5ee83d79e:192.168.151.105:44474], old=null, confs=<EMPTY_MAP>
2019-10-14 17:02:20,187 [pool-383-thread-1] INFO  server.RaftServerConfigKeys (ConfUtils.java:logGet(43)) - raft.server.log.corruption.policy = EXCEPTION (default)
2019-10-14 17:02:20,188 [pool-393-thread-1] INFO  server.RaftServerConfigKeys (ConfUtils.java:logGet(43)) - raft.server.log.corruption.policy = EXCEPTION (default)
2019-10-14 17:02:20,188 [pool-383-thread-1] INFO  storage.RaftStorageDirectory (RaftStorageDirectory.java:analyzeStorage(246)) - The storage directory /workdir/hadoop-ozone/integration-test/target/test-dir/MiniOzoneClusterImpl-b8618e02-721c-46c9-8156-6a032b4cc7f2/datanode-0/data/ratis/7b78b2a4-2d4d-4372-8c70-3917a8942743 does not exist. Creating ...
2019-10-14 17:02:20,188 [pool-403-thread-1] INFO  server.RaftServerConfigKeys (ConfUtils.java:logGet(43)) - raft.server.storage.dir = [/workdir/hadoop-ozone/integration-test/target/test-dir/MiniOzoneClusterImpl-b8618e02-721c-46c9-8156-6a032b4cc7f2/datanode-2/data/ratis] (custom)
2019-10-14 17:02:20,188 [pool-393-thread-1] INFO  storage.RaftStorageDirectory (RaftStorageDirectory.java:analyzeStorage(246)) - The storage directory /workdir/hadoop-ozone/integration-test/target/test-dir/MiniOzoneClusterImpl-b8618e02-721c-46c9-8156-6a032b4cc7f2/datanode-1/data/ratis/7b78b2a4-2d4d-4372-8c70-3917a8942743 does not exist. Creating ...
2019-10-14 17:02:20,188 [pool-403-thread-1] INFO  server.RaftServerConfigKeys (ConfUtils.java:logGet(43)) - raft.server.log.corruption.policy = EXCEPTION (default)
2019-10-14 17:02:20,188 [pool-403-thread-1] INFO  storage.RaftStorageDirectory (RaftStorageDirectory.java:analyzeStorage(246)) - The storage directory /workdir/hadoop-ozone/integration-test/target/test-dir/MiniOzoneClusterImpl-b8618e02-721c-46c9-8156-6a032b4cc7f2/datanode-2/data/ratis/7b78b2a4-2d4d-4372-8c70-3917a8942743 does not exist. Creating ...
2019-10-14 17:02:20,192 [pool-403-thread-1] INFO  storage.RaftStorageDirectory (RaftStorageDirectory.java:tryLock(328)) - Lock on /workdir/hadoop-ozone/integration-test/target/test-dir/MiniOzoneClusterImpl-b8618e02-721c-46c9-8156-6a032b4cc7f2/datanode-2/data/ratis/7b78b2a4-2d4d-4372-8c70-3917a8942743/in_use.lock acquired by nodename 26835@pr-hdds-2196-2-9v7pc-2718207715
2019-10-14 17:02:20,192 [pool-383-thread-1] INFO  storage.RaftStorageDirectory (RaftStorageDirectory.java:tryLock(328)) - Lock on /workdir/hadoop-ozone/integration-test/target/test-dir/MiniOzoneClusterImpl-b8618e02-721c-46c9-8156-6a032b4cc7f2/datanode-0/data/ratis/7b78b2a4-2d4d-4372-8c70-3917a8942743/in_use.lock acquired by nodename 26835@pr-hdds-2196-2-9v7pc-2718207715
2019-10-14 17:02:20,192 [pool-393-thread-1] INFO  storage.RaftStorageDirectory (RaftStorageDirectory.java:tryLock(328)) - Lock on /workdir/hadoop-ozone/integration-test/target/test-dir/MiniOzoneClusterImpl-b8618e02-721c-46c9-8156-6a032b4cc7f2/datanode-1/data/ratis/7b78b2a4-2d4d-4372-8c70-3917a8942743/in_use.lock acquired by nodename 26835@pr-hdds-2196-2-9v7pc-2718207715
2019-10-14 17:02:20,197 [pool-393-thread-1] INFO  storage.RaftStorage (RaftStorage.java:format(84)) - Storage directory /workdir/hadoop-ozone/integration-test/target/test-dir/MiniOzoneClusterImpl-b8618e02-721c-46c9-8156-6a032b4cc7f2/datanode-1/data/ratis/7b78b2a4-2d4d-4372-8c70-3917a8942743 has been successfully formatted.
2019-10-14 17:02:20,197 [pool-383-thread-1] INFO  storage.RaftStorage (RaftStorage.java:format(84)) - Storage directory /workdir/hadoop-ozone/integration-test/target/test-dir/MiniOzoneClusterImpl-b8618e02-721c-46c9-8156-6a032b4cc7f2/datanode-0/data/ratis/7b78b2a4-2d4d-4372-8c70-3917a8942743 has been successfully formatted.
2019-10-14 17:02:20,197 [pool-403-thread-1] INFO  storage.RaftStorage (RaftStorage.java:format(84)) - Storage directory /workdir/hadoop-ozone/integration-test/target/test-dir/MiniOzoneClusterImpl-b8618e02-721c-46c9-8156-6a032b4cc7f2/datanode-2/data/ratis/7b78b2a4-2d4d-4372-8c70-3917a8942743 has been successfully formatted.
2019-10-14 17:02:20,198 [pool-383-thread-1] INFO  ratis.ContainerStateMachine (ContainerStateMachine.java:loadSnapshot(231)) - group-3917A8942743: The snapshot info is null. Setting the last applied indexto:(t:0, i:~)
2019-10-14 17:02:20,198 [pool-403-thread-1] INFO  ratis.ContainerStateMachine (ContainerStateMachine.java:loadSnapshot(231)) - group-3917A8942743: The snapshot info is null. Setting the last applied indexto:(t:0, i:~)
2019-10-14 17:02:20,198 [pool-393-thread-1] INFO  ratis.ContainerStateMachine (ContainerStateMachine.java:loadSnapshot(231)) - group-3917A8942743: The snapshot info is null. Setting the last applied indexto:(t:0, i:~)
2019-10-14 17:02:20,198 [pool-403-thread-1] INFO  server.RaftServerConfigKeys (ConfUtils.java:logGet(43)) - raft.server.notification.no-leader.timeout = 120s (custom)
2019-10-14 17:02:20,198 [pool-383-thread-1] INFO  server.RaftServerConfigKeys (ConfUtils.java:logGet(43)) - raft.server.notification.no-leader.timeout = 120s (custom)
2019-10-14 17:02:20,198 [pool-403-thread-1] INFO  server.RaftServerConfigKeys (ConfUtils.java:logGet(43)) - raft.server.log.use.memory = false (default)
2019-10-14 17:02:20,198 [pool-393-thread-1] INFO  server.RaftServerConfigKeys (ConfUtils.java:logGet(43)) - raft.server.notification.no-leader.timeout = 120s (custom)
2019-10-14 17:02:20,199 [pool-403-thread-1] INFO  server.RaftServerConfigKeys (ConfUtils.java:logGet(43)) - raft.server.log.purge.gap = 1000000 (custom)
2019-10-14 17:02:20,199 [pool-383-thread-1] INFO  server.RaftServerConfigKeys (ConfUtils.java:logGet(43)) - raft.server.log.use.memory = false (default)
2019-10-14 17:02:20,199 [pool-403-thread-1] INFO  server.RaftServerConfigKeys (ConfUtils.java:logGet(43)) - raft.server.log.appender.buffer.byte-limit = 33554432 (custom)
2019-10-14 17:02:20,199 [pool-393-thread-1] INFO  server.RaftServerConfigKeys (ConfUtils.java:logGet(43)) - raft.server.log.use.memory = false (default)
2019-10-14 17:02:20,199 [pool-403-thread-1] INFO  server.RaftServerConfigKeys (ConfUtils.java:logGet(43)) - raft.server.log.segment.size.max = 1048576 (custom)
2019-10-14 17:02:20,199 [pool-383-thread-1] INFO  server.RaftServerConfigKeys (ConfUtils.java:logGet(43)) - raft.server.log.purge.gap = 1000000 (custom)
2019-10-14 17:02:20,199 [pool-403-thread-1] INFO  server.RaftServerConfigKeys (ConfUtils.java:logGet(43)) - raft.server.log.segment.cache.num.max = 2 (custom)
2019-10-14 17:02:20,199 [pool-393-thread-1] INFO  server.RaftServerConfigKeys (ConfUtils.java:logGet(43)) - raft.server.log.purge.gap = 1000000 (custom)
2019-10-14 17:02:20,200 [pool-403-thread-1] INFO  segmented.SegmentedRaftLogWorker (SegmentedRaftLogWorker.java:<init>(173)) - new 7d21c739-e467-411a-abee-8707c476f8c5@group-3917A8942743-SegmentedRaftLogWorker for RaftStorage:Storage Directory /workdir/hadoop-ozone/integration-test/target/test-dir/MiniOzoneClusterImpl-b8618e02-721c-46c9-8156-6a032b4cc7f2/datanode-2/data/ratis/7b78b2a4-2d4d-4372-8c70-3917a8942743
2019-10-14 17:02:20,200 [pool-383-thread-1] INFO  server.RaftServerConfigKeys (ConfUtils.java:logGet(43)) - raft.server.log.appender.buffer.byte-limit = 33554432 (custom)
2019-10-14 17:02:20,200 [pool-403-thread-1] INFO  server.RaftServerConfigKeys (ConfUtils.java:logGet(43)) - raft.server.log.queue.byte-limit = 2147483647 (custom)
2019-10-14 17:02:20,200 [pool-393-thread-1] INFO  server.RaftServerConfigKeys (ConfUtils.java:logGet(43)) - raft.server.log.appender.buffer.byte-limit = 33554432 (custom)
2019-10-14 17:02:20,200 [pool-403-thread-1] INFO  server.RaftServerConfigKeys (ConfUtils.java:logGet(43)) - raft.server.log.queue.element-limit = 1024 (custom)
2019-10-14 17:02:20,200 [pool-383-thread-1] INFO  server.RaftServerConfigKeys (ConfUtils.java:logGet(43)) - raft.server.log.segment.size.max = 1048576 (custom)
2019-10-14 17:02:20,200 [pool-403-thread-1] INFO  server.RaftServerConfigKeys (ConfUtils.java:logGet(43)) - raft.server.log.segment.size.max = 1048576 (custom)
2019-10-14 17:02:20,200 [pool-393-thread-1] INFO  server.RaftServerConfigKeys (ConfUtils.java:logGet(43)) - raft.server.log.segment.size.max = 1048576 (custom)
2019-10-14 17:02:20,201 [pool-403-thread-1] INFO  server.RaftServerConfigKeys (ConfUtils.java:logGet(43)) - raft.server.log.preallocated.size = 16384 (custom)
2019-10-14 17:02:20,201 [pool-383-thread-1] INFO  server.RaftServerConfigKeys (ConfUtils.java:logGet(43)) - raft.server.log.segment.cache.num.max = 2 (custom)
2019-10-14 17:02:20,201 [pool-403-thread-1] INFO  server.RaftServerConfigKeys (ConfUtils.java:logGet(43)) - raft.server.log.write.buffer.size = 33554432 (custom)
2019-10-14 17:02:20,201 [pool-393-thread-1] INFO  server.RaftServerConfigKeys (ConfUtils.java:logGet(43)) - raft.server.log.segment.cache.num.max = 2 (custom)
2019-10-14 17:02:20,201 [pool-403-thread-1] INFO  server.RaftServerConfigKeys (ConfUtils.java:logGet(43)) - raft.server.log.force.sync.num = 128 (default)
2019-10-14 17:02:20,201 [pool-383-thread-1] INFO  segmented.SegmentedRaftLogWorker (SegmentedRaftLogWorker.java:<init>(173)) - new 9df34242-257e-4eef-b5b8-318b8d1c4a13@group-3917A8942743-SegmentedRaftLogWorker for RaftStorage:Storage Directory /workdir/hadoop-ozone/integration-test/target/test-dir/MiniOzoneClusterImpl-b8618e02-721c-46c9-8156-6a032b4cc7f2/datanode-0/data/ratis/7b78b2a4-2d4d-4372-8c70-3917a8942743
2019-10-14 17:02:20,201 [pool-403-thread-1] INFO  server.RaftServerConfigKeys (ConfUtils.java:logGet(43)) - raft.server.log.statemachine.data.sync = true (default)
2019-10-14 17:02:20,201 [pool-393-thread-1] INFO  segmented.SegmentedRaftLogWorker (SegmentedRaftLogWorker.java:<init>(173)) - new f1c7b8a7-c5dc-4da4-8dbd-05a5ee83d79e@group-3917A8942743-SegmentedRaftLogWorker for RaftStorage:Storage Directory /workdir/hadoop-ozone/integration-test/target/test-dir/MiniOzoneClusterImpl-b8618e02-721c-46c9-8156-6a032b4cc7f2/datanode-1/data/ratis/7b78b2a4-2d4d-4372-8c70-3917a8942743
2019-10-14 17:02:20,202 [pool-403-thread-1] INFO  server.RaftServerConfigKeys (ConfUtils.java:logGet(43)) - raft.server.log.statemachine.data.sync.timeout = 10s (default)
2019-10-14 17:02:20,202 [pool-383-thread-1] INFO  server.RaftServerConfigKeys (ConfUtils.java:logGet(43)) - raft.server.log.queue.byte-limit = 2147483647 (custom)
2019-10-14 17:02:20,202 [pool-403-thread-1] INFO  server.RaftServerConfigKeys (ConfUtils.java:logGet(43)) - raft.server.log.statemachine.data.sync.timeout.retry = -1 (default)
2019-10-14 17:02:20,202 [pool-393-thread-1] INFO  server.RaftServerConfigKeys (ConfUtils.java:logGet(43)) - raft.server.log.queue.byte-limit = 2147483647 (custom)
2019-10-14 17:02:20,202 [pool-383-thread-1] INFO  server.RaftServerConfigKeys (ConfUtils.java:logGet(43)) - raft.server.log.queue.element-limit = 1024 (custom)
2019-10-14 17:02:20,202 [pool-393-thread-1] INFO  server.RaftServerConfigKeys (ConfUtils.java:logGet(43)) - raft.server.log.queue.element-limit = 1024 (custom)
2019-10-14 17:02:20,202 [pool-403-thread-1] INFO  server.RaftServerConfigKeys (ConfUtils.java:logGet(43)) - raft.server.log.statemachine.data.caching.enabled = true (custom)
2019-10-14 17:02:20,203 [pool-393-thread-1] INFO  server.RaftServerConfigKeys (ConfUtils.java:logGet(43)) - raft.server.log.segment.size.max = 1048576 (custom)
2019-10-14 17:02:20,202 [pool-383-thread-1] INFO  server.RaftServerConfigKeys (ConfUtils.java:logGet(43)) - raft.server.log.segment.size.max = 1048576 (custom)
2019-10-14 17:02:20,203 [pool-403-thread-1] INFO  segmented.SegmentedRaftLogWorker (SegmentedRaftLogWorker.java:lambda$new$0(128)) - 7d21c739-e467-411a-abee-8707c476f8c5@group-3917A8942743-SegmentedRaftLogWorker: flushIndex: setUnconditionally 0 -> -1
2019-10-14 17:02:20,203 [pool-393-thread-1] INFO  server.RaftServerConfigKeys (ConfUtils.java:logGet(43)) - raft.server.log.preallocated.size = 16384 (custom)
2019-10-14 17:02:20,203 [pool-383-thread-1] INFO  server.RaftServerConfigKeys (ConfUtils.java:logGet(43)) - raft.server.log.preallocated.size = 16384 (custom)
2019-10-14 17:02:20,203 [pool-403-thread-1] INFO  server.RaftServerConfigKeys (ConfUtils.java:logGet(43)) - raft.server.snapshot.auto.trigger.enabled = true (custom)
2019-10-14 17:02:20,203 [pool-393-thread-1] INFO  server.RaftServerConfigKeys (ConfUtils.java:logGet(43)) - raft.server.log.write.buffer.size = 33554432 (custom)
2019-10-14 17:02:20,203 [pool-403-thread-1] INFO  server.RaftServerConfigKeys (ConfUtils.java:logGet(43)) - raft.server.snapshot.auto.trigger.threshold = 10000 (custom)
2019-10-14 17:02:20,203 [pool-383-thread-1] INFO  server.RaftServerConfigKeys (ConfUtils.java:logGet(43)) - raft.server.log.write.buffer.size = 33554432 (custom)
2019-10-14 17:02:20,204 [pool-403-thread-1] INFO  server.RaftServerConfigKeys (ConfUtils.java:logGet(43)) - raft.server.snapshot.retention.file.num = 5 (custom)
2019-10-14 17:02:20,203 [pool-393-thread-1] INFO  server.RaftServerConfigKeys (ConfUtils.java:logGet(43)) - raft.server.log.force.sync.num = 128 (default)
2019-10-14 17:02:20,204 [pool-403-thread-1] INFO  server.RaftServerConfigKeys (ConfUtils.java:logGet(43)) - raft.server.retrycache.expirytime = 600000ms (custom)
2019-10-14 17:02:20,204 [pool-383-thread-1] INFO  server.RaftServerConfigKeys (ConfUtils.java:logGet(43)) - raft.server.log.force.sync.num = 128 (default)
2019-10-14 17:02:20,204 [pool-393-thread-1] INFO  server.RaftServerConfigKeys (ConfUtils.java:logGet(43)) - raft.server.log.statemachine.data.sync = true (default)
2019-10-14 17:02:20,204 [pool-383-thread-1] INFO  server.RaftServerConfigKeys (ConfUtils.java:logGet(43)) - raft.server.log.statemachine.data.sync = true (default)
2019-10-14 17:02:20,204 [pool-393-thread-1] INFO  server.RaftServerConfigKeys (ConfUtils.java:logGet(43)) - raft.server.log.statemachine.data.sync.timeout = 10s (default)
2019-10-14 17:02:20,204 [pool-383-thread-1] INFO  server.RaftServerConfigKeys (ConfUtils.java:logGet(43)) - raft.server.log.statemachine.data.sync.timeout = 10s (default)
2019-10-14 17:02:20,205 [pool-393-thread-1] INFO  server.RaftServerConfigKeys (ConfUtils.java:logGet(43)) - raft.server.log.statemachine.data.sync.timeout.retry = -1 (default)
2019-10-14 17:02:20,205 [pool-383-thread-1] INFO  server.RaftServerConfigKeys (ConfUtils.java:logGet(43)) - raft.server.log.statemachine.data.sync.timeout.retry = -1 (default)
2019-10-14 17:02:20,205 [pool-393-thread-1] INFO  server.RaftServerConfigKeys (ConfUtils.java:logGet(43)) - raft.server.log.statemachine.data.caching.enabled = true (custom)
2019-10-14 17:02:20,205 [pool-383-thread-1] INFO  server.RaftServerConfigKeys (ConfUtils.java:logGet(43)) - raft.server.log.statemachine.data.caching.enabled = true (custom)
2019-10-14 17:02:20,205 [pool-393-thread-1] INFO  segmented.SegmentedRaftLogWorker (SegmentedRaftLogWorker.java:lambda$new$0(128)) - f1c7b8a7-c5dc-4da4-8dbd-05a5ee83d79e@group-3917A8942743-SegmentedRaftLogWorker: flushIndex: setUnconditionally 0 -> -1
2019-10-14 17:02:20,205 [pool-383-thread-1] INFO  segmented.SegmentedRaftLogWorker (SegmentedRaftLogWorker.java:lambda$new$0(128)) - 9df34242-257e-4eef-b5b8-318b8d1c4a13@group-3917A8942743-SegmentedRaftLogWorker: flushIndex: setUnconditionally 0 -> -1
2019-10-14 17:02:20,205 [pool-393-thread-1] INFO  server.RaftServerConfigKeys (ConfUtils.java:logGet(43)) - raft.server.snapshot.auto.trigger.enabled = true (custom)
2019-10-14 17:02:20,206 [pool-403-thread-1] INFO  impl.RaftServerImpl (RaftServerImpl.java:start(181)) - 7d21c739-e467-411a-abee-8707c476f8c5@group-3917A8942743: start as a follower, conf=-1: [9df34242-257e-4eef-b5b8-318b8d1c4a13:192.168.151.105:41521, 7d21c739-e467-411a-abee-8707c476f8c5:192.168.151.105:35427, f1c7b8a7-c5dc-4da4-8dbd-05a5ee83d79e:192.168.151.105:44474], old=null
2019-10-14 17:02:20,206 [pool-383-thread-1] INFO  server.RaftServerConfigKeys (ConfUtils.java:logGet(43)) - raft.server.snapshot.auto.trigger.enabled = true (custom)
2019-10-14 17:02:20,206 [pool-393-thread-1] INFO  server.RaftServerConfigKeys (ConfUtils.java:logGet(43)) - raft.server.snapshot.auto.trigger.threshold = 10000 (custom)
2019-10-14 17:02:20,206 [pool-383-thread-1] INFO  server.RaftServerConfigKeys (ConfUtils.java:logGet(43)) - raft.server.snapshot.auto.trigger.threshold = 10000 (custom)
2019-10-14 17:02:20,206 [pool-403-thread-1] INFO  impl.RaftServerImpl (RaftServerImpl.java:setRole(170)) - 7d21c739-e467-411a-abee-8707c476f8c5@group-3917A8942743: changes role from      null to FOLLOWER at term 0 for startAsFollower
2019-10-14 17:02:20,206 [pool-383-thread-1] INFO  server.RaftServerConfigKeys (ConfUtils.java:logGet(43)) - raft.server.snapshot.retention.file.num = 5 (custom)
2019-10-14 17:02:20,206 [pool-393-thread-1] INFO  server.RaftServerConfigKeys (ConfUtils.java:logGet(43)) - raft.server.snapshot.retention.file.num = 5 (custom)
2019-10-14 17:02:20,206 [pool-383-thread-1] INFO  server.RaftServerConfigKeys (ConfUtils.java:logGet(43)) - raft.server.retrycache.expirytime = 600000ms (custom)
2019-10-14 17:02:20,206 [pool-403-thread-1] INFO  impl.RoleInfo (RoleInfo.java:updateAndGet(143)) - 7d21c739-e467-411a-abee-8707c476f8c5: start FollowerState
2019-10-14 17:02:20,206 [pool-393-thread-1] INFO  server.RaftServerConfigKeys (ConfUtils.java:logGet(43)) - raft.server.retrycache.expirytime = 600000ms (custom)
2019-10-14 17:02:20,207 [pool-403-thread-1] INFO  util.JmxRegister (JmxRegister.java:tryRegister(44)) - Successfully registered JMX Bean with object name Ratis:service=RaftServer,group=group-3917A8942743,id=7d21c739-e467-411a-abee-8707c476f8c5
2019-10-14 17:02:20,210 [pool-393-thread-1] INFO  impl.RaftServerImpl (RaftServerImpl.java:start(181)) - f1c7b8a7-c5dc-4da4-8dbd-05a5ee83d79e@group-3917A8942743: start as a follower, conf=-1: [9df34242-257e-4eef-b5b8-318b8d1c4a13:192.168.151.105:41521, 7d21c739-e467-411a-abee-8707c476f8c5:192.168.151.105:35427, f1c7b8a7-c5dc-4da4-8dbd-05a5ee83d79e:192.168.151.105:44474], old=null
2019-10-14 17:02:20,210 [pool-383-thread-1] INFO  impl.RaftServerImpl (RaftServerImpl.java:start(181)) - 9df34242-257e-4eef-b5b8-318b8d1c4a13@group-3917A8942743: start as a follower, conf=-1: [9df34242-257e-4eef-b5b8-318b8d1c4a13:192.168.151.105:41521, 7d21c739-e467-411a-abee-8707c476f8c5:192.168.151.105:35427, f1c7b8a7-c5dc-4da4-8dbd-05a5ee83d79e:192.168.151.105:44474], old=null
2019-10-14 17:02:20,210 [pool-393-thread-1] INFO  impl.RaftServerImpl (RaftServerImpl.java:setRole(170)) - f1c7b8a7-c5dc-4da4-8dbd-05a5ee83d79e@group-3917A8942743: changes role from      null to FOLLOWER at term 0 for startAsFollower
2019-10-14 17:02:20,210 [pool-383-thread-1] INFO  impl.RaftServerImpl (RaftServerImpl.java:setRole(170)) - 9df34242-257e-4eef-b5b8-318b8d1c4a13@group-3917A8942743: changes role from      null to FOLLOWER at term 0 for startAsFollower
2019-10-14 17:02:20,210 [pool-393-thread-1] INFO  impl.RoleInfo (RoleInfo.java:updateAndGet(143)) - f1c7b8a7-c5dc-4da4-8dbd-05a5ee83d79e: start FollowerState
2019-10-14 17:02:20,210 [pool-383-thread-1] INFO  impl.RoleInfo (RoleInfo.java:updateAndGet(143)) - 9df34242-257e-4eef-b5b8-318b8d1c4a13: start FollowerState
2019-10-14 17:02:20,211 [pool-393-thread-1] INFO  util.JmxRegister (JmxRegister.java:tryRegister(44)) - Successfully registered JMX Bean with object name Ratis:service=RaftServer,group=group-3917A8942743,id=f1c7b8a7-c5dc-4da4-8dbd-05a5ee83d79e
2019-10-14 17:02:20,211 [pool-383-thread-1] INFO  util.JmxRegister (JmxRegister.java:tryRegister(44)) - Successfully registered JMX Bean with object name Ratis:service=RaftServer,group=group-3917A8942743,id=9df34242-257e-4eef-b5b8-318b8d1c4a13
2019-10-14 17:02:20,215 [RatisPipelineUtilsThread] INFO  pipeline.PipelineStateManager (PipelineStateManager.java:addPipeline(56)) - Created pipeline Pipeline[ Id: 7b78b2a4-2d4d-4372-8c70-3917a8942743, Nodes: 9df34242-257e-4eef-b5b8-318b8d1c4a13{ip: 192.168.151.105, host: pr-hdds-2196-2-9v7pc-2718207715, networkLocation: /default-rack, certSerialId: null}f1c7b8a7-c5dc-4da4-8dbd-05a5ee83d79e{ip: 192.168.151.105, host: pr-hdds-2196-2-9v7pc-2718207715, networkLocation: /default-rack, certSerialId: null}7d21c739-e467-411a-abee-8707c476f8c5{ip: 192.168.151.105, host: pr-hdds-2196-2-9v7pc-2718207715, networkLocation: /default-rack, certSerialId: null}, Type:RATIS, Factor:THREE, State:OPEN]
2019-10-14 17:02:20,223 [IPC Server handler 18 on 44035] INFO  net.NetworkTopology (NetworkTopologyImpl.java:add(111)) - Added a new node: /default-rack/779928b1-f347-45c8-80c5-fc8be018db38
2019-10-14 17:02:20,223 [IPC Server handler 18 on 44035] INFO  node.SCMNodeManager (SCMNodeManager.java:register(313)) - Registered Data node : 779928b1-f347-45c8-80c5-fc8be018db38{ip: 192.168.151.105, host: pr-hdds-2196-2-9v7pc-2718207715, networkLocation: /default-rack, certSerialId: null}
2019-10-14 17:02:20,230 [grpc-default-executor-5] INFO  impl.RaftServerProxy (RaftServerProxy.java:addNew(89)) - 779928b1-f347-45c8-80c5-fc8be018db38: addNew group-2CEA55CF6EF0:[779928b1-f347-45c8-80c5-fc8be018db38:192.168.151.105:38802] returns group-2CEA55CF6EF0:java.util.concurrent.CompletableFuture@4a781bc4[Not completed]
2019-10-14 17:02:20,231 [pool-413-thread-1] INFO  impl.RaftServerImpl (RaftServerImpl.java:<init>(95)) - 779928b1-f347-45c8-80c5-fc8be018db38: new RaftServerImpl for group-2CEA55CF6EF0:[779928b1-f347-45c8-80c5-fc8be018db38:192.168.151.105:38802] with ContainerStateMachine:uninitialized
2019-10-14 17:02:20,231 [pool-413-thread-1] INFO  server.RaftServerConfigKeys (ConfUtils.java:logGet(43)) - raft.server.rpc.timeout.min = 5s (custom)
2019-10-14 17:02:20,231 [pool-413-thread-1] INFO  server.RaftServerConfigKeys (ConfUtils.java:logGet(43)) - raft.server.rpc.timeout.max = 5200ms (custom)
2019-10-14 17:02:20,231 [pool-413-thread-1] INFO  server.RaftServerConfigKeys (ConfUtils.java:logGet(43)) - raft.server.rpcslowness.timeout = 120s (custom)
2019-10-14 17:02:20,231 [pool-413-thread-1] INFO  server.RaftServerConfigKeys (ConfUtils.java:logGet(43)) - raft.server.sleep.deviation.threshold = 300 (default)
2019-10-14 17:02:20,232 [pool-413-thread-1] INFO  server.RaftServerConfigKeys (ConfUtils.java:logGet(43)) - raft.server.log.appender.install.snapshot.enabled = false (custom)
2019-10-14 17:02:20,232 [pool-413-thread-1] INFO  impl.RaftServerImpl (ServerState.java:<init>(103)) - 779928b1-f347-45c8-80c5-fc8be018db38@group-2CEA55CF6EF0: ConfigurationManager, init=-1: [779928b1-f347-45c8-80c5-fc8be018db38:192.168.151.105:38802], old=null, confs=<EMPTY_MAP>
2019-10-14 17:02:20,232 [pool-413-thread-1] INFO  server.RaftServerConfigKeys (ConfUtils.java:logGet(43)) - raft.server.storage.dir = [/workdir/hadoop-ozone/integration-test/target/test-dir/MiniOzoneClusterImpl-b8618e02-721c-46c9-8156-6a032b4cc7f2/datanode-3/data/ratis] (custom)
2019-10-14 17:02:20,232 [pool-413-thread-1] INFO  server.RaftServerConfigKeys (ConfUtils.java:logGet(43)) - raft.server.log.corruption.policy = EXCEPTION (default)
2019-10-14 17:02:20,232 [pool-413-thread-1] INFO  storage.RaftStorageDirectory (RaftStorageDirectory.java:analyzeStorage(246)) - The storage directory /workdir/hadoop-ozone/integration-test/target/test-dir/MiniOzoneClusterImpl-b8618e02-721c-46c9-8156-6a032b4cc7f2/datanode-3/data/ratis/c07a4b0a-0d5a-4ded-8774-2cea55cf6ef0 does not exist. Creating ...
2019-10-14 17:02:20,236 [pool-413-thread-1] INFO  storage.RaftStorageDirectory (RaftStorageDirectory.java:tryLock(328)) - Lock on /workdir/hadoop-ozone/integration-test/target/test-dir/MiniOzoneClusterImpl-b8618e02-721c-46c9-8156-6a032b4cc7f2/datanode-3/data/ratis/c07a4b0a-0d5a-4ded-8774-2cea55cf6ef0/in_use.lock acquired by nodename 26835@pr-hdds-2196-2-9v7pc-2718207715
2019-10-14 17:02:20,239 [pool-413-thread-1] INFO  storage.RaftStorage (RaftStorage.java:format(84)) - Storage directory /workdir/hadoop-ozone/integration-test/target/test-dir/MiniOzoneClusterImpl-b8618e02-721c-46c9-8156-6a032b4cc7f2/datanode-3/data/ratis/c07a4b0a-0d5a-4ded-8774-2cea55cf6ef0 has been successfully formatted.
2019-10-14 17:02:20,240 [pool-413-thread-1] INFO  ratis.ContainerStateMachine (ContainerStateMachine.java:loadSnapshot(231)) - group-2CEA55CF6EF0: The snapshot info is null. Setting the last applied indexto:(t:0, i:~)
2019-10-14 17:02:20,240 [pool-413-thread-1] INFO  server.RaftServerConfigKeys (ConfUtils.java:logGet(43)) - raft.server.notification.no-leader.timeout = 120s (custom)
2019-10-14 17:02:20,240 [pool-413-thread-1] INFO  server.RaftServerConfigKeys (ConfUtils.java:logGet(43)) - raft.server.log.use.memory = false (default)
2019-10-14 17:02:20,240 [pool-413-thread-1] INFO  server.RaftServerConfigKeys (ConfUtils.java:logGet(43)) - raft.server.log.purge.gap = 1000000 (custom)
2019-10-14 17:02:20,240 [pool-413-thread-1] INFO  server.RaftServerConfigKeys (ConfUtils.java:logGet(43)) - raft.server.log.appender.buffer.byte-limit = 33554432 (custom)
2019-10-14 17:02:20,240 [pool-413-thread-1] INFO  server.RaftServerConfigKeys (ConfUtils.java:logGet(43)) - raft.server.log.segment.size.max = 1048576 (custom)
2019-10-14 17:02:20,241 [pool-413-thread-1] INFO  server.RaftServerConfigKeys (ConfUtils.java:logGet(43)) - raft.server.log.segment.cache.num.max = 2 (custom)
2019-10-14 17:02:20,242 [pool-413-thread-1] INFO  segmented.SegmentedRaftLogWorker (SegmentedRaftLogWorker.java:<init>(173)) - new 779928b1-f347-45c8-80c5-fc8be018db38@group-2CEA55CF6EF0-SegmentedRaftLogWorker for RaftStorage:Storage Directory /workdir/hadoop-ozone/integration-test/target/test-dir/MiniOzoneClusterImpl-b8618e02-721c-46c9-8156-6a032b4cc7f2/datanode-3/data/ratis/c07a4b0a-0d5a-4ded-8774-2cea55cf6ef0
2019-10-14 17:02:20,242 [pool-413-thread-1] INFO  server.RaftServerConfigKeys (ConfUtils.java:logGet(43)) - raft.server.log.queue.byte-limit = 2147483647 (custom)
2019-10-14 17:02:20,242 [pool-413-thread-1] INFO  server.RaftServerConfigKeys (ConfUtils.java:logGet(43)) - raft.server.log.queue.element-limit = 1024 (custom)
2019-10-14 17:02:20,242 [pool-413-thread-1] INFO  server.RaftServerConfigKeys (ConfUtils.java:logGet(43)) - raft.server.log.segment.size.max = 1048576 (custom)
2019-10-14 17:02:20,242 [pool-413-thread-1] INFO  server.RaftServerConfigKeys (ConfUtils.java:logGet(43)) - raft.server.log.preallocated.size = 16384 (custom)
2019-10-14 17:02:20,242 [pool-413-thread-1] INFO  server.RaftServerConfigKeys (ConfUtils.java:logGet(43)) - raft.server.log.write.buffer.size = 33554432 (custom)
2019-10-14 17:02:20,242 [pool-413-thread-1] INFO  server.RaftServerConfigKeys (ConfUtils.java:logGet(43)) - raft.server.log.force.sync.num = 128 (default)
2019-10-14 17:02:20,242 [pool-413-thread-1] INFO  server.RaftServerConfigKeys (ConfUtils.java:logGet(43)) - raft.server.log.statemachine.data.sync = true (default)
2019-10-14 17:02:20,242 [pool-413-thread-1] INFO  server.RaftServerConfigKeys (ConfUtils.java:logGet(43)) - raft.server.log.statemachine.data.sync.timeout = 10s (default)
2019-10-14 17:02:20,242 [pool-413-thread-1] INFO  server.RaftServerConfigKeys (ConfUtils.java:logGet(43)) - raft.server.log.statemachine.data.sync.timeout.retry = -1 (default)
2019-10-14 17:02:20,243 [pool-413-thread-1] INFO  server.RaftServerConfigKeys (ConfUtils.java:logGet(43)) - raft.server.log.statemachine.data.caching.enabled = true (custom)
2019-10-14 17:02:20,243 [pool-413-thread-1] INFO  segmented.SegmentedRaftLogWorker (SegmentedRaftLogWorker.java:lambda$new$0(128)) - 779928b1-f347-45c8-80c5-fc8be018db38@group-2CEA55CF6EF0-SegmentedRaftLogWorker: flushIndex: setUnconditionally 0 -> -1
2019-10-14 17:02:20,243 [pool-413-thread-1] INFO  server.RaftServerConfigKeys (ConfUtils.java:logGet(43)) - raft.server.snapshot.auto.trigger.enabled = true (custom)
2019-10-14 17:02:20,243 [pool-413-thread-1] INFO  server.RaftServerConfigKeys (ConfUtils.java:logGet(43)) - raft.server.snapshot.auto.trigger.threshold = 10000 (custom)
2019-10-14 17:02:20,243 [pool-413-thread-1] INFO  server.RaftServerConfigKeys (ConfUtils.java:logGet(43)) - raft.server.snapshot.retention.file.num = 5 (custom)
2019-10-14 17:02:20,244 [pool-413-thread-1] INFO  server.RaftServerConfigKeys (ConfUtils.java:logGet(43)) - raft.server.retrycache.expirytime = 600000ms (custom)
2019-10-14 17:02:20,245 [pool-413-thread-1] INFO  impl.RaftServerImpl (RaftServerImpl.java:start(181)) - 779928b1-f347-45c8-80c5-fc8be018db38@group-2CEA55CF6EF0: start as a follower, conf=-1: [779928b1-f347-45c8-80c5-fc8be018db38:192.168.151.105:38802], old=null
2019-10-14 17:02:20,245 [pool-413-thread-1] INFO  impl.RaftServerImpl (RaftServerImpl.java:setRole(170)) - 779928b1-f347-45c8-80c5-fc8be018db38@group-2CEA55CF6EF0: changes role from      null to FOLLOWER at term 0 for startAsFollower
2019-10-14 17:02:20,245 [pool-413-thread-1] INFO  impl.RoleInfo (RoleInfo.java:updateAndGet(143)) - 779928b1-f347-45c8-80c5-fc8be018db38: start FollowerState
2019-10-14 17:02:20,246 [pool-413-thread-1] INFO  util.JmxRegister (JmxRegister.java:tryRegister(44)) - Successfully registered JMX Bean with object name Ratis:service=RaftServer,group=group-2CEA55CF6EF0,id=779928b1-f347-45c8-80c5-fc8be018db38
2019-10-14 17:02:20,249 [RatisPipelineUtilsThread] INFO  pipeline.PipelineStateManager (PipelineStateManager.java:addPipeline(56)) - Created pipeline Pipeline[ Id: c07a4b0a-0d5a-4ded-8774-2cea55cf6ef0, Nodes: 779928b1-f347-45c8-80c5-fc8be018db38{ip: 192.168.151.105, host: pr-hdds-2196-2-9v7pc-2718207715, networkLocation: /default-rack, certSerialId: null}, Type:RATIS, Factor:ONE, State:OPEN]
2019-10-14 17:02:20,306 [IPC Server handler 19 on 44035] INFO  net.NetworkTopology (NetworkTopologyImpl.java:add(111)) - Added a new node: /default-rack/7e4f6eba-8108-4790-81d0-d5b7440af6ab
2019-10-14 17:02:20,307 [IPC Server handler 19 on 44035] INFO  node.SCMNodeManager (SCMNodeManager.java:register(313)) - Registered Data node : 7e4f6eba-8108-4790-81d0-d5b7440af6ab{ip: 192.168.151.105, host: pr-hdds-2196-2-9v7pc-2718207715, networkLocation: /default-rack, certSerialId: null}
2019-10-14 17:02:20,319 [grpc-default-executor-5] INFO  impl.RaftServerProxy (RaftServerProxy.java:addNew(89)) - 7e4f6eba-8108-4790-81d0-d5b7440af6ab: addNew group-FE28D025CC9C:[7e4f6eba-8108-4790-81d0-d5b7440af6ab:192.168.151.105:33428] returns group-FE28D025CC9C:java.util.concurrent.CompletableFuture@6e0bf7af[Not completed]
2019-10-14 17:02:20,321 [pool-423-thread-1] INFO  impl.RaftServerImpl (RaftServerImpl.java:<init>(95)) - 7e4f6eba-8108-4790-81d0-d5b7440af6ab: new RaftServerImpl for group-FE28D025CC9C:[7e4f6eba-8108-4790-81d0-d5b7440af6ab:192.168.151.105:33428] with ContainerStateMachine:uninitialized
2019-10-14 17:02:20,321 [pool-423-thread-1] INFO  server.RaftServerConfigKeys (ConfUtils.java:logGet(43)) - raft.server.rpc.timeout.min = 5s (custom)
2019-10-14 17:02:20,321 [pool-423-thread-1] INFO  server.RaftServerConfigKeys (ConfUtils.java:logGet(43)) - raft.server.rpc.timeout.max = 5200ms (custom)
2019-10-14 17:02:20,321 [pool-423-thread-1] INFO  server.RaftServerConfigKeys (ConfUtils.java:logGet(43)) - raft.server.rpcslowness.timeout = 120s (custom)
2019-10-14 17:02:20,321 [pool-423-thread-1] INFO  server.RaftServerConfigKeys (ConfUtils.java:logGet(43)) - raft.server.sleep.deviation.threshold = 300 (default)
2019-10-14 17:02:20,322 [pool-423-thread-1] INFO  server.RaftServerConfigKeys (ConfUtils.java:logGet(43)) - raft.server.log.appender.install.snapshot.enabled = false (custom)
2019-10-14 17:02:20,322 [pool-423-thread-1] INFO  impl.RaftServerImpl (ServerState.java:<init>(103)) - 7e4f6eba-8108-4790-81d0-d5b7440af6ab@group-FE28D025CC9C: ConfigurationManager, init=-1: [7e4f6eba-8108-4790-81d0-d5b7440af6ab:192.168.151.105:33428], old=null, confs=<EMPTY_MAP>
2019-10-14 17:02:20,322 [pool-423-thread-1] INFO  server.RaftServerConfigKeys (ConfUtils.java:logGet(43)) - raft.server.storage.dir = [/workdir/hadoop-ozone/integration-test/target/test-dir/MiniOzoneClusterImpl-b8618e02-721c-46c9-8156-6a032b4cc7f2/datanode-4/data/ratis] (custom)
2019-10-14 17:02:20,322 [pool-423-thread-1] INFO  server.RaftServerConfigKeys (ConfUtils.java:logGet(43)) - raft.server.log.corruption.policy = EXCEPTION (default)
2019-10-14 17:02:20,322 [pool-423-thread-1] INFO  storage.RaftStorageDirectory (RaftStorageDirectory.java:analyzeStorage(246)) - The storage directory /workdir/hadoop-ozone/integration-test/target/test-dir/MiniOzoneClusterImpl-b8618e02-721c-46c9-8156-6a032b4cc7f2/datanode-4/data/ratis/59ec62cc-5e5f-4e4d-8b29-fe28d025cc9c does not exist. Creating ...
2019-10-14 17:02:20,348 [pool-423-thread-1] INFO  storage.RaftStorageDirectory (RaftStorageDirectory.java:tryLock(328)) - Lock on /workdir/hadoop-ozone/integration-test/target/test-dir/MiniOzoneClusterImpl-b8618e02-721c-46c9-8156-6a032b4cc7f2/datanode-4/data/ratis/59ec62cc-5e5f-4e4d-8b29-fe28d025cc9c/in_use.lock acquired by nodename 26835@pr-hdds-2196-2-9v7pc-2718207715
2019-10-14 17:02:20,361 [pool-423-thread-1] INFO  storage.RaftStorage (RaftStorage.java:format(84)) - Storage directory /workdir/hadoop-ozone/integration-test/target/test-dir/MiniOzoneClusterImpl-b8618e02-721c-46c9-8156-6a032b4cc7f2/datanode-4/data/ratis/59ec62cc-5e5f-4e4d-8b29-fe28d025cc9c has been successfully formatted.
2019-10-14 17:02:20,361 [pool-423-thread-1] INFO  ratis.ContainerStateMachine (ContainerStateMachine.java:loadSnapshot(231)) - group-FE28D025CC9C: The snapshot info is null. Setting the last applied indexto:(t:0, i:~)
2019-10-14 17:02:20,361 [pool-423-thread-1] INFO  server.RaftServerConfigKeys (ConfUtils.java:logGet(43)) - raft.server.notification.no-leader.timeout = 120s (custom)
2019-10-14 17:02:20,361 [pool-423-thread-1] INFO  server.RaftServerConfigKeys (ConfUtils.java:logGet(43)) - raft.server.log.use.memory = false (default)
2019-10-14 17:02:20,361 [pool-423-thread-1] INFO  server.RaftServerConfigKeys (ConfUtils.java:logGet(43)) - raft.server.log.purge.gap = 1000000 (custom)
2019-10-14 17:02:20,361 [pool-423-thread-1] INFO  server.RaftServerConfigKeys (ConfUtils.java:logGet(43)) - raft.server.log.appender.buffer.byte-limit = 33554432 (custom)
2019-10-14 17:02:20,362 [pool-423-thread-1] INFO  server.RaftServerConfigKeys (ConfUtils.java:logGet(43)) - raft.server.log.segment.size.max = 1048576 (custom)
2019-10-14 17:02:20,363 [pool-423-thread-1] INFO  server.RaftServerConfigKeys (ConfUtils.java:logGet(43)) - raft.server.log.segment.cache.num.max = 2 (custom)
2019-10-14 17:02:20,364 [pool-423-thread-1] INFO  segmented.SegmentedRaftLogWorker (SegmentedRaftLogWorker.java:<init>(173)) - new 7e4f6eba-8108-4790-81d0-d5b7440af6ab@group-FE28D025CC9C-SegmentedRaftLogWorker for RaftStorage:Storage Directory /workdir/hadoop-ozone/integration-test/target/test-dir/MiniOzoneClusterImpl-b8618e02-721c-46c9-8156-6a032b4cc7f2/datanode-4/data/ratis/59ec62cc-5e5f-4e4d-8b29-fe28d025cc9c
2019-10-14 17:02:20,364 [pool-423-thread-1] INFO  server.RaftServerConfigKeys (ConfUtils.java:logGet(43)) - raft.server.log.queue.byte-limit = 2147483647 (custom)
2019-10-14 17:02:20,364 [pool-423-thread-1] INFO  server.RaftServerConfigKeys (ConfUtils.java:logGet(43)) - raft.server.log.queue.element-limit = 1024 (custom)
2019-10-14 17:02:20,364 [pool-423-thread-1] INFO  server.RaftServerConfigKeys (ConfUtils.java:logGet(43)) - raft.server.log.segment.size.max = 1048576 (custom)
2019-10-14 17:02:20,364 [pool-423-thread-1] INFO  server.RaftServerConfigKeys (ConfUtils.java:logGet(43)) - raft.server.log.preallocated.size = 16384 (custom)
2019-10-14 17:02:20,364 [pool-423-thread-1] INFO  server.RaftServerConfigKeys (ConfUtils.java:logGet(43)) - raft.server.log.write.buffer.size = 33554432 (custom)
2019-10-14 17:02:20,365 [pool-423-thread-1] INFO  server.RaftServerConfigKeys (ConfUtils.java:logGet(43)) - raft.server.log.force.sync.num = 128 (default)
2019-10-14 17:02:20,365 [pool-423-thread-1] INFO  server.RaftServerConfigKeys (ConfUtils.java:logGet(43)) - raft.server.log.statemachine.data.sync = true (default)
2019-10-14 17:02:20,365 [pool-423-thread-1] INFO  server.RaftServerConfigKeys (ConfUtils.java:logGet(43)) - raft.server.log.statemachine.data.sync.timeout = 10s (default)
2019-10-14 17:02:20,365 [pool-423-thread-1] INFO  server.RaftServerConfigKeys (ConfUtils.java:logGet(43)) - raft.server.log.statemachine.data.sync.timeout.retry = -1 (default)
2019-10-14 17:02:20,366 [pool-423-thread-1] INFO  server.RaftServerConfigKeys (ConfUtils.java:logGet(43)) - raft.server.log.statemachine.data.caching.enabled = true (custom)
2019-10-14 17:02:20,366 [pool-423-thread-1] INFO  segmented.SegmentedRaftLogWorker (SegmentedRaftLogWorker.java:lambda$new$0(128)) - 7e4f6eba-8108-4790-81d0-d5b7440af6ab@group-FE28D025CC9C-SegmentedRaftLogWorker: flushIndex: setUnconditionally 0 -> -1
2019-10-14 17:02:20,366 [pool-423-thread-1] INFO  server.RaftServerConfigKeys (ConfUtils.java:logGet(43)) - raft.server.snapshot.auto.trigger.enabled = true (custom)
2019-10-14 17:02:20,366 [pool-423-thread-1] INFO  server.RaftServerConfigKeys (ConfUtils.java:logGet(43)) - raft.server.snapshot.auto.trigger.threshold = 10000 (custom)
2019-10-14 17:02:20,367 [pool-423-thread-1] INFO  server.RaftServerConfigKeys (ConfUtils.java:logGet(43)) - raft.server.snapshot.retention.file.num = 5 (custom)
2019-10-14 17:02:20,367 [pool-423-thread-1] INFO  server.RaftServerConfigKeys (ConfUtils.java:logGet(43)) - raft.server.retrycache.expirytime = 600000ms (custom)
2019-10-14 17:02:20,368 [pool-423-thread-1] INFO  impl.RaftServerImpl (RaftServerImpl.java:start(181)) - 7e4f6eba-8108-4790-81d0-d5b7440af6ab@group-FE28D025CC9C: start as a follower, conf=-1: [7e4f6eba-8108-4790-81d0-d5b7440af6ab:192.168.151.105:33428], old=null
2019-10-14 17:02:20,368 [pool-423-thread-1] INFO  impl.RaftServerImpl (RaftServerImpl.java:setRole(170)) - 7e4f6eba-8108-4790-81d0-d5b7440af6ab@group-FE28D025CC9C: changes role from      null to FOLLOWER at term 0 for startAsFollower
2019-10-14 17:02:20,369 [pool-423-thread-1] INFO  impl.RoleInfo (RoleInfo.java:updateAndGet(143)) - 7e4f6eba-8108-4790-81d0-d5b7440af6ab: start FollowerState
2019-10-14 17:02:20,369 [pool-423-thread-1] INFO  util.JmxRegister (JmxRegister.java:tryRegister(44)) - Successfully registered JMX Bean with object name Ratis:service=RaftServer,group=group-FE28D025CC9C,id=7e4f6eba-8108-4790-81d0-d5b7440af6ab
2019-10-14 17:02:20,373 [RatisPipelineUtilsThread] INFO  pipeline.PipelineStateManager (PipelineStateManager.java:addPipeline(56)) - Created pipeline Pipeline[ Id: 59ec62cc-5e5f-4e4d-8b29-fe28d025cc9c, Nodes: 7e4f6eba-8108-4790-81d0-d5b7440af6ab{ip: 192.168.151.105, host: pr-hdds-2196-2-9v7pc-2718207715, networkLocation: /default-rack, certSerialId: null}, Type:RATIS, Factor:ONE, State:OPEN]
2019-10-14 17:02:20,392 [IPC Server handler 15 on 44035] INFO  net.NetworkTopology (NetworkTopologyImpl.java:add(111)) - Added a new node: /default-rack/6e6183a5-2e5d-463f-9430-ef1a8c6c82a9
2019-10-14 17:02:20,392 [IPC Server handler 15 on 44035] INFO  node.SCMNodeManager (SCMNodeManager.java:register(313)) - Registered Data node : 6e6183a5-2e5d-463f-9430-ef1a8c6c82a9{ip: 192.168.151.105, host: pr-hdds-2196-2-9v7pc-2718207715, networkLocation: /default-rack, certSerialId: null}
2019-10-14 17:02:20,403 [grpc-default-executor-5] INFO  impl.RaftServerProxy (RaftServerProxy.java:addNew(89)) - 6e6183a5-2e5d-463f-9430-ef1a8c6c82a9: addNew group-25E56F438D80:[6e6183a5-2e5d-463f-9430-ef1a8c6c82a9:192.168.151.105:39099] returns group-25E56F438D80:java.util.concurrent.CompletableFuture@24e71e8f[Not completed]
2019-10-14 17:02:20,404 [pool-433-thread-1] INFO  impl.RaftServerImpl (RaftServerImpl.java:<init>(95)) - 6e6183a5-2e5d-463f-9430-ef1a8c6c82a9: new RaftServerImpl for group-25E56F438D80:[6e6183a5-2e5d-463f-9430-ef1a8c6c82a9:192.168.151.105:39099] with ContainerStateMachine:uninitialized
2019-10-14 17:02:20,404 [pool-433-thread-1] INFO  server.RaftServerConfigKeys (ConfUtils.java:logGet(43)) - raft.server.rpc.timeout.min = 5s (custom)
2019-10-14 17:02:20,404 [pool-433-thread-1] INFO  server.RaftServerConfigKeys (ConfUtils.java:logGet(43)) - raft.server.rpc.timeout.max = 5200ms (custom)
2019-10-14 17:02:20,404 [pool-433-thread-1] INFO  server.RaftServerConfigKeys (ConfUtils.java:logGet(43)) - raft.server.rpcslowness.timeout = 120s (custom)
2019-10-14 17:02:20,405 [pool-433-thread-1] INFO  server.RaftServerConfigKeys (ConfUtils.java:logGet(43)) - raft.server.sleep.deviation.threshold = 300 (default)
2019-10-14 17:02:20,405 [pool-433-thread-1] INFO  server.RaftServerConfigKeys (ConfUtils.java:logGet(43)) - raft.server.log.appender.install.snapshot.enabled = false (custom)
2019-10-14 17:02:20,405 [pool-433-thread-1] INFO  impl.RaftServerImpl (ServerState.java:<init>(103)) - 6e6183a5-2e5d-463f-9430-ef1a8c6c82a9@group-25E56F438D80: ConfigurationManager, init=-1: [6e6183a5-2e5d-463f-9430-ef1a8c6c82a9:192.168.151.105:39099], old=null, confs=<EMPTY_MAP>
2019-10-14 17:02:20,405 [pool-433-thread-1] INFO  server.RaftServerConfigKeys (ConfUtils.java:logGet(43)) - raft.server.storage.dir = [/workdir/hadoop-ozone/integration-test/target/test-dir/MiniOzoneClusterImpl-b8618e02-721c-46c9-8156-6a032b4cc7f2/datanode-5/data/ratis] (custom)
2019-10-14 17:02:20,405 [pool-433-thread-1] INFO  server.RaftServerConfigKeys (ConfUtils.java:logGet(43)) - raft.server.log.corruption.policy = EXCEPTION (default)
2019-10-14 17:02:20,405 [pool-433-thread-1] INFO  storage.RaftStorageDirectory (RaftStorageDirectory.java:analyzeStorage(246)) - The storage directory /workdir/hadoop-ozone/integration-test/target/test-dir/MiniOzoneClusterImpl-b8618e02-721c-46c9-8156-6a032b4cc7f2/datanode-5/data/ratis/1c844b63-9104-43e5-8c10-25e56f438d80 does not exist. Creating ...
2019-10-14 17:02:20,419 [pool-433-thread-1] INFO  storage.RaftStorageDirectory (RaftStorageDirectory.java:tryLock(328)) - Lock on /workdir/hadoop-ozone/integration-test/target/test-dir/MiniOzoneClusterImpl-b8618e02-721c-46c9-8156-6a032b4cc7f2/datanode-5/data/ratis/1c844b63-9104-43e5-8c10-25e56f438d80/in_use.lock acquired by nodename 26835@pr-hdds-2196-2-9v7pc-2718207715
2019-10-14 17:02:20,432 [pool-433-thread-1] INFO  storage.RaftStorage (RaftStorage.java:format(84)) - Storage directory /workdir/hadoop-ozone/integration-test/target/test-dir/MiniOzoneClusterImpl-b8618e02-721c-46c9-8156-6a032b4cc7f2/datanode-5/data/ratis/1c844b63-9104-43e5-8c10-25e56f438d80 has been successfully formatted.
2019-10-14 17:02:20,432 [pool-433-thread-1] INFO  ratis.ContainerStateMachine (ContainerStateMachine.java:loadSnapshot(231)) - group-25E56F438D80: The snapshot info is null. Setting the last applied indexto:(t:0, i:~)
2019-10-14 17:02:20,432 [pool-433-thread-1] INFO  server.RaftServerConfigKeys (ConfUtils.java:logGet(43)) - raft.server.notification.no-leader.timeout = 120s (custom)
2019-10-14 17:02:20,432 [pool-433-thread-1] INFO  server.RaftServerConfigKeys (ConfUtils.java:logGet(43)) - raft.server.log.use.memory = false (default)
2019-10-14 17:02:20,432 [pool-433-thread-1] INFO  server.RaftServerConfigKeys (ConfUtils.java:logGet(43)) - raft.server.log.purge.gap = 1000000 (custom)
2019-10-14 17:02:20,432 [pool-433-thread-1] INFO  server.RaftServerConfigKeys (ConfUtils.java:logGet(43)) - raft.server.log.appender.buffer.byte-limit = 33554432 (custom)
2019-10-14 17:02:20,432 [pool-433-thread-1] INFO  server.RaftServerConfigKeys (ConfUtils.java:logGet(43)) - raft.server.log.segment.size.max = 1048576 (custom)
2019-10-14 17:02:20,434 [pool-433-thread-1] INFO  server.RaftServerConfigKeys (ConfUtils.java:logGet(43)) - raft.server.log.segment.cache.num.max = 2 (custom)
2019-10-14 17:02:20,434 [pool-433-thread-1] INFO  segmented.SegmentedRaftLogWorker (SegmentedRaftLogWorker.java:<init>(173)) - new 6e6183a5-2e5d-463f-9430-ef1a8c6c82a9@group-25E56F438D80-SegmentedRaftLogWorker for RaftStorage:Storage Directory /workdir/hadoop-ozone/integration-test/target/test-dir/MiniOzoneClusterImpl-b8618e02-721c-46c9-8156-6a032b4cc7f2/datanode-5/data/ratis/1c844b63-9104-43e5-8c10-25e56f438d80
2019-10-14 17:02:20,434 [pool-433-thread-1] INFO  server.RaftServerConfigKeys (ConfUtils.java:logGet(43)) - raft.server.log.queue.byte-limit = 2147483647 (custom)
2019-10-14 17:02:20,434 [pool-433-thread-1] INFO  server.RaftServerConfigKeys (ConfUtils.java:logGet(43)) - raft.server.log.queue.element-limit = 1024 (custom)
2019-10-14 17:02:20,434 [pool-433-thread-1] INFO  server.RaftServerConfigKeys (ConfUtils.java:logGet(43)) - raft.server.log.segment.size.max = 1048576 (custom)
2019-10-14 17:02:20,434 [pool-433-thread-1] INFO  server.RaftServerConfigKeys (ConfUtils.java:logGet(43)) - raft.server.log.preallocated.size = 16384 (custom)
2019-10-14 17:02:20,434 [pool-433-thread-1] INFO  server.RaftServerConfigKeys (ConfUtils.java:logGet(43)) - raft.server.log.write.buffer.size = 33554432 (custom)
2019-10-14 17:02:20,434 [pool-433-thread-1] INFO  server.RaftServerConfigKeys (ConfUtils.java:logGet(43)) - raft.server.log.force.sync.num = 128 (default)
2019-10-14 17:02:20,434 [pool-433-thread-1] INFO  server.RaftServerConfigKeys (ConfUtils.java:logGet(43)) - raft.server.log.statemachine.data.sync = true (default)
2019-10-14 17:02:20,434 [pool-433-thread-1] INFO  server.RaftServerConfigKeys (ConfUtils.java:logGet(43)) - raft.server.log.statemachine.data.sync.timeout = 10s (default)
2019-10-14 17:02:20,435 [pool-433-thread-1] INFO  server.RaftServerConfigKeys (ConfUtils.java:logGet(43)) - raft.server.log.statemachine.data.sync.timeout.retry = -1 (default)
2019-10-14 17:02:20,435 [pool-433-thread-1] INFO  server.RaftServerConfigKeys (ConfUtils.java:logGet(43)) - raft.server.log.statemachine.data.caching.enabled = true (custom)
2019-10-14 17:02:20,435 [pool-433-thread-1] INFO  segmented.SegmentedRaftLogWorker (SegmentedRaftLogWorker.java:lambda$new$0(128)) - 6e6183a5-2e5d-463f-9430-ef1a8c6c82a9@group-25E56F438D80-SegmentedRaftLogWorker: flushIndex: setUnconditionally 0 -> -1
2019-10-14 17:02:20,436 [pool-433-thread-1] INFO  server.RaftServerConfigKeys (ConfUtils.java:logGet(43)) - raft.server.snapshot.auto.trigger.enabled = true (custom)
2019-10-14 17:02:20,436 [pool-433-thread-1] INFO  server.RaftServerConfigKeys (ConfUtils.java:logGet(43)) - raft.server.snapshot.auto.trigger.threshold = 10000 (custom)
2019-10-14 17:02:20,436 [pool-433-thread-1] INFO  server.RaftServerConfigKeys (ConfUtils.java:logGet(43)) - raft.server.snapshot.retention.file.num = 5 (custom)
2019-10-14 17:02:20,436 [pool-433-thread-1] INFO  server.RaftServerConfigKeys (ConfUtils.java:logGet(43)) - raft.server.retrycache.expirytime = 600000ms (custom)
2019-10-14 17:02:20,437 [pool-433-thread-1] INFO  impl.RaftServerImpl (RaftServerImpl.java:start(181)) - 6e6183a5-2e5d-463f-9430-ef1a8c6c82a9@group-25E56F438D80: start as a follower, conf=-1: [6e6183a5-2e5d-463f-9430-ef1a8c6c82a9:192.168.151.105:39099], old=null
2019-10-14 17:02:20,437 [pool-433-thread-1] INFO  impl.RaftServerImpl (RaftServerImpl.java:setRole(170)) - 6e6183a5-2e5d-463f-9430-ef1a8c6c82a9@group-25E56F438D80: changes role from      null to FOLLOWER at term 0 for startAsFollower
2019-10-14 17:02:20,437 [pool-433-thread-1] INFO  impl.RoleInfo (RoleInfo.java:updateAndGet(143)) - 6e6183a5-2e5d-463f-9430-ef1a8c6c82a9: start FollowerState
2019-10-14 17:02:20,438 [pool-433-thread-1] INFO  util.JmxRegister (JmxRegister.java:tryRegister(44)) - Successfully registered JMX Bean with object name Ratis:service=RaftServer,group=group-25E56F438D80,id=6e6183a5-2e5d-463f-9430-ef1a8c6c82a9
2019-10-14 17:02:20,441 [RatisPipelineUtilsThread] INFO  pipeline.PipelineStateManager (PipelineStateManager.java:addPipeline(56)) - Created pipeline Pipeline[ Id: 1c844b63-9104-43e5-8c10-25e56f438d80, Nodes: 6e6183a5-2e5d-463f-9430-ef1a8c6c82a9{ip: 192.168.151.105, host: pr-hdds-2196-2-9v7pc-2718207715, networkLocation: /default-rack, certSerialId: null}, Type:RATIS, Factor:ONE, State:OPEN]
2019-10-14 17:02:20,471 [main] INFO  ozone.MiniOzoneClusterImpl (MiniOzoneClusterImpl.java:lambda$waitForClusterToBeReady$0(147)) - Waiting for cluster to be ready. Got 6 of 7 DN Heartbeats.
2019-10-14 17:02:20,472 [IPC Server handler 12 on 44035] INFO  net.NetworkTopology (NetworkTopologyImpl.java:add(111)) - Added a new node: /default-rack/dede1731-444b-480f-ac0a-fbfc1951d3f6
2019-10-14 17:02:20,472 [IPC Server handler 12 on 44035] INFO  node.SCMNodeManager (SCMNodeManager.java:register(313)) - Registered Data node : dede1731-444b-480f-ac0a-fbfc1951d3f6{ip: 192.168.151.105, host: pr-hdds-2196-2-9v7pc-2718207715, networkLocation: /default-rack, certSerialId: null}
2019-10-14 17:02:20,472 [grpc-default-executor-3] INFO  impl.RaftServerProxy (RaftServerProxy.java:addNew(89)) - 779928b1-f347-45c8-80c5-fc8be018db38: addNew group-5DFED50FB99D:[6e6183a5-2e5d-463f-9430-ef1a8c6c82a9:192.168.151.105:39099, 779928b1-f347-45c8-80c5-fc8be018db38:192.168.151.105:38802, 7e4f6eba-8108-4790-81d0-d5b7440af6ab:192.168.151.105:33428] returns group-5DFED50FB99D:java.util.concurrent.CompletableFuture@112024cc[Not completed]
2019-10-14 17:02:20,472 [grpc-default-executor-5] INFO  impl.RaftServerProxy (RaftServerProxy.java:addNew(89)) - 7e4f6eba-8108-4790-81d0-d5b7440af6ab: addNew group-5DFED50FB99D:[6e6183a5-2e5d-463f-9430-ef1a8c6c82a9:192.168.151.105:39099, 779928b1-f347-45c8-80c5-fc8be018db38:192.168.151.105:38802, 7e4f6eba-8108-4790-81d0-d5b7440af6ab:192.168.151.105:33428] returns group-5DFED50FB99D:java.util.concurrent.CompletableFuture@4aa4d5e1[Not completed]
2019-10-14 17:02:20,472 [grpc-default-executor-2] INFO  impl.RaftServerProxy (RaftServerProxy.java:addNew(89)) - 6e6183a5-2e5d-463f-9430-ef1a8c6c82a9: addNew group-5DFED50FB99D:[6e6183a5-2e5d-463f-9430-ef1a8c6c82a9:192.168.151.105:39099, 779928b1-f347-45c8-80c5-fc8be018db38:192.168.151.105:38802, 7e4f6eba-8108-4790-81d0-d5b7440af6ab:192.168.151.105:33428] returns group-5DFED50FB99D:java.util.concurrent.CompletableFuture@e941499[Not completed]
2019-10-14 17:02:20,473 [pool-433-thread-1] INFO  impl.RaftServerImpl (RaftServerImpl.java:<init>(95)) - 6e6183a5-2e5d-463f-9430-ef1a8c6c82a9: new RaftServerImpl for group-5DFED50FB99D:[6e6183a5-2e5d-463f-9430-ef1a8c6c82a9:192.168.151.105:39099, 779928b1-f347-45c8-80c5-fc8be018db38:192.168.151.105:38802, 7e4f6eba-8108-4790-81d0-d5b7440af6ab:192.168.151.105:33428] with ContainerStateMachine:uninitialized
2019-10-14 17:02:20,474 [pool-433-thread-1] INFO  server.RaftServerConfigKeys (ConfUtils.java:logGet(43)) - raft.server.rpc.timeout.min = 5s (custom)
2019-10-14 17:02:20,474 [pool-433-thread-1] INFO  server.RaftServerConfigKeys (ConfUtils.java:logGet(43)) - raft.server.rpc.timeout.max = 5200ms (custom)
2019-10-14 17:02:20,474 [pool-433-thread-1] INFO  server.RaftServerConfigKeys (ConfUtils.java:logGet(43)) - raft.server.rpcslowness.timeout = 120s (custom)
2019-10-14 17:02:20,474 [pool-433-thread-1] INFO  server.RaftServerConfigKeys (ConfUtils.java:logGet(43)) - raft.server.sleep.deviation.threshold = 300 (default)
2019-10-14 17:02:20,474 [pool-433-thread-1] INFO  server.RaftServerConfigKeys (ConfUtils.java:logGet(43)) - raft.server.log.appender.install.snapshot.enabled = false (custom)
2019-10-14 17:02:20,474 [pool-433-thread-1] INFO  impl.RaftServerImpl (ServerState.java:<init>(103)) - 6e6183a5-2e5d-463f-9430-ef1a8c6c82a9@group-5DFED50FB99D: ConfigurationManager, init=-1: [6e6183a5-2e5d-463f-9430-ef1a8c6c82a9:192.168.151.105:39099, 779928b1-f347-45c8-80c5-fc8be018db38:192.168.151.105:38802, 7e4f6eba-8108-4790-81d0-d5b7440af6ab:192.168.151.105:33428], old=null, confs=<EMPTY_MAP>
2019-10-14 17:02:20,474 [pool-433-thread-1] INFO  server.RaftServerConfigKeys (ConfUtils.java:logGet(43)) - raft.server.storage.dir = [/workdir/hadoop-ozone/integration-test/target/test-dir/MiniOzoneClusterImpl-b8618e02-721c-46c9-8156-6a032b4cc7f2/datanode-5/data/ratis] (custom)
2019-10-14 17:02:20,474 [pool-423-thread-1] INFO  impl.RaftServerImpl (RaftServerImpl.java:<init>(95)) - 7e4f6eba-8108-4790-81d0-d5b7440af6ab: new RaftServerImpl for group-5DFED50FB99D:[6e6183a5-2e5d-463f-9430-ef1a8c6c82a9:192.168.151.105:39099, 779928b1-f347-45c8-80c5-fc8be018db38:192.168.151.105:38802, 7e4f6eba-8108-4790-81d0-d5b7440af6ab:192.168.151.105:33428] with ContainerStateMachine:uninitialized
2019-10-14 17:02:20,474 [pool-433-thread-1] INFO  server.RaftServerConfigKeys (ConfUtils.java:logGet(43)) - raft.server.log.corruption.policy = EXCEPTION (default)
2019-10-14 17:02:20,474 [pool-423-thread-1] INFO  server.RaftServerConfigKeys (ConfUtils.java:logGet(43)) - raft.server.rpc.timeout.min = 5s (custom)
2019-10-14 17:02:20,475 [pool-433-thread-1] INFO  storage.RaftStorageDirectory (RaftStorageDirectory.java:analyzeStorage(246)) - The storage directory /workdir/hadoop-ozone/integration-test/target/test-dir/MiniOzoneClusterImpl-b8618e02-721c-46c9-8156-6a032b4cc7f2/datanode-5/data/ratis/57e0466c-70df-42e6-86b6-5dfed50fb99d does not exist. Creating ...
2019-10-14 17:02:20,475 [pool-423-thread-1] INFO  server.RaftServerConfigKeys (ConfUtils.java:logGet(43)) - raft.server.rpc.timeout.max = 5200ms (custom)
2019-10-14 17:02:20,475 [pool-423-thread-1] INFO  server.RaftServerConfigKeys (ConfUtils.java:logGet(43)) - raft.server.rpcslowness.timeout = 120s (custom)
2019-10-14 17:02:20,475 [pool-423-thread-1] INFO  server.RaftServerConfigKeys (ConfUtils.java:logGet(43)) - raft.server.sleep.deviation.threshold = 300 (default)
2019-10-14 17:02:20,475 [pool-413-thread-1] INFO  impl.RaftServerImpl (RaftServerImpl.java:<init>(95)) - 779928b1-f347-45c8-80c5-fc8be018db38: new RaftServerImpl for group-5DFED50FB99D:[6e6183a5-2e5d-463f-9430-ef1a8c6c82a9:192.168.151.105:39099, 779928b1-f347-45c8-80c5-fc8be018db38:192.168.151.105:38802, 7e4f6eba-8108-4790-81d0-d5b7440af6ab:192.168.151.105:33428] with ContainerStateMachine:uninitialized
2019-10-14 17:02:20,475 [pool-423-thread-1] INFO  server.RaftServerConfigKeys (ConfUtils.java:logGet(43)) - raft.server.log.appender.install.snapshot.enabled = false (custom)
2019-10-14 17:02:20,475 [pool-413-thread-1] INFO  server.RaftServerConfigKeys (ConfUtils.java:logGet(43)) - raft.server.rpc.timeout.min = 5s (custom)
2019-10-14 17:02:20,476 [pool-423-thread-1] INFO  impl.RaftServerImpl (ServerState.java:<init>(103)) - 7e4f6eba-8108-4790-81d0-d5b7440af6ab@group-5DFED50FB99D: ConfigurationManager, init=-1: [6e6183a5-2e5d-463f-9430-ef1a8c6c82a9:192.168.151.105:39099, 779928b1-f347-45c8-80c5-fc8be018db38:192.168.151.105:38802, 7e4f6eba-8108-4790-81d0-d5b7440af6ab:192.168.151.105:33428], old=null, confs=<EMPTY_MAP>
2019-10-14 17:02:20,476 [pool-413-thread-1] INFO  server.RaftServerConfigKeys (ConfUtils.java:logGet(43)) - raft.server.rpc.timeout.max = 5200ms (custom)
2019-10-14 17:02:20,476 [pool-423-thread-1] INFO  server.RaftServerConfigKeys (ConfUtils.java:logGet(43)) - raft.server.storage.dir = [/workdir/hadoop-ozone/integration-test/target/test-dir/MiniOzoneClusterImpl-b8618e02-721c-46c9-8156-6a032b4cc7f2/datanode-4/data/ratis] (custom)
2019-10-14 17:02:20,476 [pool-413-thread-1] INFO  server.RaftServerConfigKeys (ConfUtils.java:logGet(43)) - raft.server.rpcslowness.timeout = 120s (custom)
2019-10-14 17:02:20,476 [pool-413-thread-1] INFO  server.RaftServerConfigKeys (ConfUtils.java:logGet(43)) - raft.server.sleep.deviation.threshold = 300 (default)
2019-10-14 17:02:20,476 [pool-423-thread-1] INFO  server.RaftServerConfigKeys (ConfUtils.java:logGet(43)) - raft.server.log.corruption.policy = EXCEPTION (default)
2019-10-14 17:02:20,476 [pool-413-thread-1] INFO  server.RaftServerConfigKeys (ConfUtils.java:logGet(43)) - raft.server.log.appender.install.snapshot.enabled = false (custom)
2019-10-14 17:02:20,476 [pool-423-thread-1] INFO  storage.RaftStorageDirectory (RaftStorageDirectory.java:analyzeStorage(246)) - The storage directory /workdir/hadoop-ozone/integration-test/target/test-dir/MiniOzoneClusterImpl-b8618e02-721c-46c9-8156-6a032b4cc7f2/datanode-4/data/ratis/57e0466c-70df-42e6-86b6-5dfed50fb99d does not exist. Creating ...
2019-10-14 17:02:20,477 [pool-413-thread-1] INFO  impl.RaftServerImpl (ServerState.java:<init>(103)) - 779928b1-f347-45c8-80c5-fc8be018db38@group-5DFED50FB99D: ConfigurationManager, init=-1: [6e6183a5-2e5d-463f-9430-ef1a8c6c82a9:192.168.151.105:39099, 779928b1-f347-45c8-80c5-fc8be018db38:192.168.151.105:38802, 7e4f6eba-8108-4790-81d0-d5b7440af6ab:192.168.151.105:33428], old=null, confs=<EMPTY_MAP>
2019-10-14 17:02:20,477 [pool-413-thread-1] INFO  server.RaftServerConfigKeys (ConfUtils.java:logGet(43)) - raft.server.storage.dir = [/workdir/hadoop-ozone/integration-test/target/test-dir/MiniOzoneClusterImpl-b8618e02-721c-46c9-8156-6a032b4cc7f2/datanode-3/data/ratis] (custom)
2019-10-14 17:02:20,477 [pool-413-thread-1] INFO  server.RaftServerConfigKeys (ConfUtils.java:logGet(43)) - raft.server.log.corruption.policy = EXCEPTION (default)
2019-10-14 17:02:20,477 [pool-413-thread-1] INFO  storage.RaftStorageDirectory (RaftStorageDirectory.java:analyzeStorage(246)) - The storage directory /workdir/hadoop-ozone/integration-test/target/test-dir/MiniOzoneClusterImpl-b8618e02-721c-46c9-8156-6a032b4cc7f2/datanode-3/data/ratis/57e0466c-70df-42e6-86b6-5dfed50fb99d does not exist. Creating ...
2019-10-14 17:02:20,488 [pool-423-thread-1] INFO  storage.RaftStorageDirectory (RaftStorageDirectory.java:tryLock(328)) - Lock on /workdir/hadoop-ozone/integration-test/target/test-dir/MiniOzoneClusterImpl-b8618e02-721c-46c9-8156-6a032b4cc7f2/datanode-4/data/ratis/57e0466c-70df-42e6-86b6-5dfed50fb99d/in_use.lock acquired by nodename 26835@pr-hdds-2196-2-9v7pc-2718207715
2019-10-14 17:02:20,488 [pool-413-thread-1] INFO  storage.RaftStorageDirectory (RaftStorageDirectory.java:tryLock(328)) - Lock on /workdir/hadoop-ozone/integration-test/target/test-dir/MiniOzoneClusterImpl-b8618e02-721c-46c9-8156-6a032b4cc7f2/datanode-3/data/ratis/57e0466c-70df-42e6-86b6-5dfed50fb99d/in_use.lock acquired by nodename 26835@pr-hdds-2196-2-9v7pc-2718207715
2019-10-14 17:02:20,488 [pool-433-thread-1] INFO  storage.RaftStorageDirectory (RaftStorageDirectory.java:tryLock(328)) - Lock on /workdir/hadoop-ozone/integration-test/target/test-dir/MiniOzoneClusterImpl-b8618e02-721c-46c9-8156-6a032b4cc7f2/datanode-5/data/ratis/57e0466c-70df-42e6-86b6-5dfed50fb99d/in_use.lock acquired by nodename 26835@pr-hdds-2196-2-9v7pc-2718207715
2019-10-14 17:02:20,507 [pool-433-thread-1] INFO  storage.RaftStorage (RaftStorage.java:format(84)) - Storage directory /workdir/hadoop-ozone/integration-test/target/test-dir/MiniOzoneClusterImpl-b8618e02-721c-46c9-8156-6a032b4cc7f2/datanode-5/data/ratis/57e0466c-70df-42e6-86b6-5dfed50fb99d has been successfully formatted.
2019-10-14 17:02:20,507 [pool-413-thread-1] INFO  storage.RaftStorage (RaftStorage.java:format(84)) - Storage directory /workdir/hadoop-ozone/integration-test/target/test-dir/MiniOzoneClusterImpl-b8618e02-721c-46c9-8156-6a032b4cc7f2/datanode-3/data/ratis/57e0466c-70df-42e6-86b6-5dfed50fb99d has been successfully formatted.
2019-10-14 17:02:20,507 [pool-423-thread-1] INFO  storage.RaftStorage (RaftStorage.java:format(84)) - Storage directory /workdir/hadoop-ozone/integration-test/target/test-dir/MiniOzoneClusterImpl-b8618e02-721c-46c9-8156-6a032b4cc7f2/datanode-4/data/ratis/57e0466c-70df-42e6-86b6-5dfed50fb99d has been successfully formatted.
2019-10-14 17:02:20,508 [pool-413-thread-1] INFO  ratis.ContainerStateMachine (ContainerStateMachine.java:loadSnapshot(231)) - group-5DFED50FB99D: The snapshot info is null. Setting the last applied indexto:(t:0, i:~)
2019-10-14 17:02:20,508 [pool-423-thread-1] INFO  ratis.ContainerStateMachine (ContainerStateMachine.java:loadSnapshot(231)) - group-5DFED50FB99D: The snapshot info is null. Setting the last applied indexto:(t:0, i:~)
2019-10-14 17:02:20,507 [pool-433-thread-1] INFO  ratis.ContainerStateMachine (ContainerStateMachine.java:loadSnapshot(231)) - group-5DFED50FB99D: The snapshot info is null. Setting the last applied indexto:(t:0, i:~)
2019-10-14 17:02:20,508 [pool-423-thread-1] INFO  server.RaftServerConfigKeys (ConfUtils.java:logGet(43)) - raft.server.notification.no-leader.timeout = 120s (custom)
2019-10-14 17:02:20,508 [pool-413-thread-1] INFO  server.RaftServerConfigKeys (ConfUtils.java:logGet(43)) - raft.server.notification.no-leader.timeout = 120s (custom)
2019-10-14 17:02:20,508 [pool-423-thread-1] INFO  server.RaftServerConfigKeys (ConfUtils.java:logGet(43)) - raft.server.log.use.memory = false (default)
2019-10-14 17:02:20,508 [pool-433-thread-1] INFO  server.RaftServerConfigKeys (ConfUtils.java:logGet(43)) - raft.server.notification.no-leader.timeout = 120s (custom)
2019-10-14 17:02:20,508 [pool-423-thread-1] INFO  server.RaftServerConfigKeys (ConfUtils.java:logGet(43)) - raft.server.log.purge.gap = 1000000 (custom)
2019-10-14 17:02:20,508 [pool-413-thread-1] INFO  server.RaftServerConfigKeys (ConfUtils.java:logGet(43)) - raft.server.log.use.memory = false (default)
2019-10-14 17:02:20,509 [pool-423-thread-1] INFO  server.RaftServerConfigKeys (ConfUtils.java:logGet(43)) - raft.server.log.appender.buffer.byte-limit = 33554432 (custom)
2019-10-14 17:02:20,509 [pool-433-thread-1] INFO  server.RaftServerConfigKeys (ConfUtils.java:logGet(43)) - raft.server.log.use.memory = false (default)
2019-10-14 17:02:20,509 [pool-423-thread-1] INFO  server.RaftServerConfigKeys (ConfUtils.java:logGet(43)) - raft.server.log.segment.size.max = 1048576 (custom)
2019-10-14 17:02:20,509 [pool-413-thread-1] INFO  server.RaftServerConfigKeys (ConfUtils.java:logGet(43)) - raft.server.log.purge.gap = 1000000 (custom)
2019-10-14 17:02:20,509 [pool-423-thread-1] INFO  server.RaftServerConfigKeys (ConfUtils.java:logGet(43)) - raft.server.log.segment.cache.num.max = 2 (custom)
2019-10-14 17:02:20,509 [pool-433-thread-1] INFO  server.RaftServerConfigKeys (ConfUtils.java:logGet(43)) - raft.server.log.purge.gap = 1000000 (custom)
2019-10-14 17:02:20,510 [pool-423-thread-1] INFO  segmented.SegmentedRaftLogWorker (SegmentedRaftLogWorker.java:<init>(173)) - new 7e4f6eba-8108-4790-81d0-d5b7440af6ab@group-5DFED50FB99D-SegmentedRaftLogWorker for RaftStorage:Storage Directory /workdir/hadoop-ozone/integration-test/target/test-dir/MiniOzoneClusterImpl-b8618e02-721c-46c9-8156-6a032b4cc7f2/datanode-4/data/ratis/57e0466c-70df-42e6-86b6-5dfed50fb99d
2019-10-14 17:02:20,509 [pool-413-thread-1] INFO  server.RaftServerConfigKeys (ConfUtils.java:logGet(43)) - raft.server.log.appender.buffer.byte-limit = 33554432 (custom)
2019-10-14 17:02:20,510 [pool-423-thread-1] INFO  server.RaftServerConfigKeys (ConfUtils.java:logGet(43)) - raft.server.log.queue.byte-limit = 2147483647 (custom)
2019-10-14 17:02:20,510 [pool-433-thread-1] INFO  server.RaftServerConfigKeys (ConfUtils.java:logGet(43)) - raft.server.log.appender.buffer.byte-limit = 33554432 (custom)
2019-10-14 17:02:20,510 [pool-423-thread-1] INFO  server.RaftServerConfigKeys (ConfUtils.java:logGet(43)) - raft.server.log.queue.element-limit = 1024 (custom)
2019-10-14 17:02:20,510 [pool-413-thread-1] INFO  server.RaftServerConfigKeys (ConfUtils.java:logGet(43)) - raft.server.log.segment.size.max = 1048576 (custom)
2019-10-14 17:02:20,510 [pool-423-thread-1] INFO  server.RaftServerConfigKeys (ConfUtils.java:logGet(43)) - raft.server.log.segment.size.max = 1048576 (custom)
2019-10-14 17:02:20,510 [pool-433-thread-1] INFO  server.RaftServerConfigKeys (ConfUtils.java:logGet(43)) - raft.server.log.segment.size.max = 1048576 (custom)
2019-10-14 17:02:20,511 [pool-423-thread-1] INFO  server.RaftServerConfigKeys (ConfUtils.java:logGet(43)) - raft.server.log.preallocated.size = 16384 (custom)
2019-10-14 17:02:20,511 [pool-423-thread-1] INFO  server.RaftServerConfigKeys (ConfUtils.java:logGet(43)) - raft.server.log.write.buffer.size = 33554432 (custom)
2019-10-14 17:02:20,511 [pool-413-thread-1] INFO  server.RaftServerConfigKeys (ConfUtils.java:logGet(43)) - raft.server.log.segment.cache.num.max = 2 (custom)
2019-10-14 17:02:20,511 [pool-423-thread-1] INFO  server.RaftServerConfigKeys (ConfUtils.java:logGet(43)) - raft.server.log.force.sync.num = 128 (default)
2019-10-14 17:02:20,511 [pool-433-thread-1] INFO  server.RaftServerConfigKeys (ConfUtils.java:logGet(43)) - raft.server.log.segment.cache.num.max = 2 (custom)
2019-10-14 17:02:20,512 [pool-423-thread-1] INFO  server.RaftServerConfigKeys (ConfUtils.java:logGet(43)) - raft.server.log.statemachine.data.sync = true (default)
2019-10-14 17:02:20,511 [pool-413-thread-1] INFO  segmented.SegmentedRaftLogWorker (SegmentedRaftLogWorker.java:<init>(173)) - new 779928b1-f347-45c8-80c5-fc8be018db38@group-5DFED50FB99D-SegmentedRaftLogWorker for RaftStorage:Storage Directory /workdir/hadoop-ozone/integration-test/target/test-dir/MiniOzoneClusterImpl-b8618e02-721c-46c9-8156-6a032b4cc7f2/datanode-3/data/ratis/57e0466c-70df-42e6-86b6-5dfed50fb99d
2019-10-14 17:02:20,512 [pool-423-thread-1] INFO  server.RaftServerConfigKeys (ConfUtils.java:logGet(43)) - raft.server.log.statemachine.data.sync.timeout = 10s (default)
2019-10-14 17:02:20,512 [pool-423-thread-1] INFO  server.RaftServerConfigKeys (ConfUtils.java:logGet(43)) - raft.server.log.statemachine.data.sync.timeout.retry = -1 (default)
2019-10-14 17:02:20,512 [pool-433-thread-1] INFO  segmented.SegmentedRaftLogWorker (SegmentedRaftLogWorker.java:<init>(173)) - new 6e6183a5-2e5d-463f-9430-ef1a8c6c82a9@group-5DFED50FB99D-SegmentedRaftLogWorker for RaftStorage:Storage Directory /workdir/hadoop-ozone/integration-test/target/test-dir/MiniOzoneClusterImpl-b8618e02-721c-46c9-8156-6a032b4cc7f2/datanode-5/data/ratis/57e0466c-70df-42e6-86b6-5dfed50fb99d
2019-10-14 17:02:20,512 [pool-433-thread-1] INFO  server.RaftServerConfigKeys (ConfUtils.java:logGet(43)) - raft.server.log.queue.byte-limit = 2147483647 (custom)
2019-10-14 17:02:20,512 [pool-413-thread-1] INFO  server.RaftServerConfigKeys (ConfUtils.java:logGet(43)) - raft.server.log.queue.byte-limit = 2147483647 (custom)
2019-10-14 17:02:20,513 [pool-433-thread-1] INFO  server.RaftServerConfigKeys (ConfUtils.java:logGet(43)) - raft.server.log.queue.element-limit = 1024 (custom)
2019-10-14 17:02:20,512 [pool-423-thread-1] INFO  server.RaftServerConfigKeys (ConfUtils.java:logGet(43)) - raft.server.log.statemachine.data.caching.enabled = true (custom)
2019-10-14 17:02:20,513 [pool-433-thread-1] INFO  server.RaftServerConfigKeys (ConfUtils.java:logGet(43)) - raft.server.log.segment.size.max = 1048576 (custom)
2019-10-14 17:02:20,513 [pool-433-thread-1] INFO  server.RaftServerConfigKeys (ConfUtils.java:logGet(43)) - raft.server.log.preallocated.size = 16384 (custom)
2019-10-14 17:02:20,513 [pool-413-thread-1] INFO  server.RaftServerConfigKeys (ConfUtils.java:logGet(43)) - raft.server.log.queue.element-limit = 1024 (custom)
2019-10-14 17:02:20,513 [pool-423-thread-1] INFO  segmented.SegmentedRaftLogWorker (SegmentedRaftLogWorker.java:lambda$new$0(128)) - 7e4f6eba-8108-4790-81d0-d5b7440af6ab@group-5DFED50FB99D-SegmentedRaftLogWorker: flushIndex: setUnconditionally 0 -> -1
2019-10-14 17:02:20,513 [pool-433-thread-1] INFO  server.RaftServerConfigKeys (ConfUtils.java:logGet(43)) - raft.server.log.write.buffer.size = 33554432 (custom)
2019-10-14 17:02:20,513 [pool-413-thread-1] INFO  server.RaftServerConfigKeys (ConfUtils.java:logGet(43)) - raft.server.log.segment.size.max = 1048576 (custom)
2019-10-14 17:02:20,514 [pool-423-thread-1] INFO  server.RaftServerConfigKeys (ConfUtils.java:logGet(43)) - raft.server.snapshot.auto.trigger.enabled = true (custom)
2019-10-14 17:02:20,514 [pool-433-thread-1] INFO  server.RaftServerConfigKeys (ConfUtils.java:logGet(43)) - raft.server.log.force.sync.num = 128 (default)
2019-10-14 17:02:20,514 [pool-423-thread-1] INFO  server.RaftServerConfigKeys (ConfUtils.java:logGet(43)) - raft.server.snapshot.auto.trigger.threshold = 10000 (custom)
2019-10-14 17:02:20,514 [pool-413-thread-1] INFO  server.RaftServerConfigKeys (ConfUtils.java:logGet(43)) - raft.server.log.preallocated.size = 16384 (custom)
2019-10-14 17:02:20,514 [pool-423-thread-1] INFO  server.RaftServerConfigKeys (ConfUtils.java:logGet(43)) - raft.server.snapshot.retention.file.num = 5 (custom)
2019-10-14 17:02:20,514 [pool-433-thread-1] INFO  server.RaftServerConfigKeys (ConfUtils.java:logGet(43)) - raft.server.log.statemachine.data.sync = true (default)
2019-10-14 17:02:20,514 [pool-423-thread-1] INFO  server.RaftServerConfigKeys (ConfUtils.java:logGet(43)) - raft.server.retrycache.expirytime = 600000ms (custom)
2019-10-14 17:02:20,514 [pool-413-thread-1] INFO  server.RaftServerConfigKeys (ConfUtils.java:logGet(43)) - raft.server.log.write.buffer.size = 33554432 (custom)
2019-10-14 17:02:20,515 [pool-413-thread-1] INFO  server.RaftServerConfigKeys (ConfUtils.java:logGet(43)) - raft.server.log.force.sync.num = 128 (default)
2019-10-14 17:02:20,514 [pool-433-thread-1] INFO  server.RaftServerConfigKeys (ConfUtils.java:logGet(43)) - raft.server.log.statemachine.data.sync.timeout = 10s (default)
2019-10-14 17:02:20,515 [pool-413-thread-1] INFO  server.RaftServerConfigKeys (ConfUtils.java:logGet(43)) - raft.server.log.statemachine.data.sync = true (default)
2019-10-14 17:02:20,515 [pool-433-thread-1] INFO  server.RaftServerConfigKeys (ConfUtils.java:logGet(43)) - raft.server.log.statemachine.data.sync.timeout.retry = -1 (default)
2019-10-14 17:02:20,515 [pool-413-thread-1] INFO  server.RaftServerConfigKeys (ConfUtils.java:logGet(43)) - raft.server.log.statemachine.data.sync.timeout = 10s (default)
2019-10-14 17:02:20,515 [pool-433-thread-1] INFO  server.RaftServerConfigKeys (ConfUtils.java:logGet(43)) - raft.server.log.statemachine.data.caching.enabled = true (custom)
2019-10-14 17:02:20,515 [pool-413-thread-1] INFO  server.RaftServerConfigKeys (ConfUtils.java:logGet(43)) - raft.server.log.statemachine.data.sync.timeout.retry = -1 (default)
2019-10-14 17:02:20,516 [pool-433-thread-1] INFO  segmented.SegmentedRaftLogWorker (SegmentedRaftLogWorker.java:lambda$new$0(128)) - 6e6183a5-2e5d-463f-9430-ef1a8c6c82a9@group-5DFED50FB99D-SegmentedRaftLogWorker: flushIndex: setUnconditionally 0 -> -1
2019-10-14 17:02:20,516 [pool-413-thread-1] INFO  server.RaftServerConfigKeys (ConfUtils.java:logGet(43)) - raft.server.log.statemachine.data.caching.enabled = true (custom)
2019-10-14 17:02:20,516 [pool-433-thread-1] INFO  server.RaftServerConfigKeys (ConfUtils.java:logGet(43)) - raft.server.snapshot.auto.trigger.enabled = true (custom)
2019-10-14 17:02:20,516 [pool-433-thread-1] INFO  server.RaftServerConfigKeys (ConfUtils.java:logGet(43)) - raft.server.snapshot.auto.trigger.threshold = 10000 (custom)
2019-10-14 17:02:20,516 [pool-433-thread-1] INFO  server.RaftServerConfigKeys (ConfUtils.java:logGet(43)) - raft.server.snapshot.retention.file.num = 5 (custom)
2019-10-14 17:02:20,516 [pool-413-thread-1] INFO  segmented.SegmentedRaftLogWorker (SegmentedRaftLogWorker.java:lambda$new$0(128)) - 779928b1-f347-45c8-80c5-fc8be018db38@group-5DFED50FB99D-SegmentedRaftLogWorker: flushIndex: setUnconditionally 0 -> -1
2019-10-14 17:02:20,516 [pool-433-thread-1] INFO  server.RaftServerConfigKeys (ConfUtils.java:logGet(43)) - raft.server.retrycache.expirytime = 600000ms (custom)
2019-10-14 17:02:20,516 [pool-423-thread-1] INFO  impl.RaftServerImpl (RaftServerImpl.java:start(181)) - 7e4f6eba-8108-4790-81d0-d5b7440af6ab@group-5DFED50FB99D: start as a follower, conf=-1: [6e6183a5-2e5d-463f-9430-ef1a8c6c82a9:192.168.151.105:39099, 779928b1-f347-45c8-80c5-fc8be018db38:192.168.151.105:38802, 7e4f6eba-8108-4790-81d0-d5b7440af6ab:192.168.151.105:33428], old=null
2019-10-14 17:02:20,517 [pool-413-thread-1] INFO  server.RaftServerConfigKeys (ConfUtils.java:logGet(43)) - raft.server.snapshot.auto.trigger.enabled = true (custom)
2019-10-14 17:02:20,517 [pool-423-thread-1] INFO  impl.RaftServerImpl (RaftServerImpl.java:setRole(170)) - 7e4f6eba-8108-4790-81d0-d5b7440af6ab@group-5DFED50FB99D: changes role from      null to FOLLOWER at term 0 for startAsFollower
2019-10-14 17:02:20,517 [pool-413-thread-1] INFO  server.RaftServerConfigKeys (ConfUtils.java:logGet(43)) - raft.server.snapshot.auto.trigger.threshold = 10000 (custom)
2019-10-14 17:02:20,517 [pool-423-thread-1] INFO  impl.RoleInfo (RoleInfo.java:updateAndGet(143)) - 7e4f6eba-8108-4790-81d0-d5b7440af6ab: start FollowerState
2019-10-14 17:02:20,517 [pool-413-thread-1] INFO  server.RaftServerConfigKeys (ConfUtils.java:logGet(43)) - raft.server.snapshot.retention.file.num = 5 (custom)
2019-10-14 17:02:20,517 [pool-413-thread-1] INFO  server.RaftServerConfigKeys (ConfUtils.java:logGet(43)) - raft.server.retrycache.expirytime = 600000ms (custom)
2019-10-14 17:02:20,517 [pool-423-thread-1] INFO  util.JmxRegister (JmxRegister.java:tryRegister(44)) - Successfully registered JMX Bean with object name Ratis:service=RaftServer,group=group-5DFED50FB99D,id=7e4f6eba-8108-4790-81d0-d5b7440af6ab
2019-10-14 17:02:20,518 [pool-433-thread-1] INFO  impl.RaftServerImpl (RaftServerImpl.java:start(181)) - 6e6183a5-2e5d-463f-9430-ef1a8c6c82a9@group-5DFED50FB99D: start as a follower, conf=-1: [6e6183a5-2e5d-463f-9430-ef1a8c6c82a9:192.168.151.105:39099, 779928b1-f347-45c8-80c5-fc8be018db38:192.168.151.105:38802, 7e4f6eba-8108-4790-81d0-d5b7440af6ab:192.168.151.105:33428], old=null
2019-10-14 17:02:20,518 [pool-433-thread-1] INFO  impl.RaftServerImpl (RaftServerImpl.java:setRole(170)) - 6e6183a5-2e5d-463f-9430-ef1a8c6c82a9@group-5DFED50FB99D: changes role from      null to FOLLOWER at term 0 for startAsFollower
2019-10-14 17:02:20,518 [pool-433-thread-1] INFO  impl.RoleInfo (RoleInfo.java:updateAndGet(143)) - 6e6183a5-2e5d-463f-9430-ef1a8c6c82a9: start FollowerState
2019-10-14 17:02:20,518 [pool-433-thread-1] INFO  util.JmxRegister (JmxRegister.java:tryRegister(44)) - Successfully registered JMX Bean with object name Ratis:service=RaftServer,group=group-5DFED50FB99D,id=6e6183a5-2e5d-463f-9430-ef1a8c6c82a9
2019-10-14 17:02:20,522 [pool-413-thread-1] INFO  impl.RaftServerImpl (RaftServerImpl.java:start(181)) - 779928b1-f347-45c8-80c5-fc8be018db38@group-5DFED50FB99D: start as a follower, conf=-1: [6e6183a5-2e5d-463f-9430-ef1a8c6c82a9:192.168.151.105:39099, 779928b1-f347-45c8-80c5-fc8be018db38:192.168.151.105:38802, 7e4f6eba-8108-4790-81d0-d5b7440af6ab:192.168.151.105:33428], old=null
2019-10-14 17:02:20,522 [pool-413-thread-1] INFO  impl.RaftServerImpl (RaftServerImpl.java:setRole(170)) - 779928b1-f347-45c8-80c5-fc8be018db38@group-5DFED50FB99D: changes role from      null to FOLLOWER at term 0 for startAsFollower
2019-10-14 17:02:20,522 [pool-413-thread-1] INFO  impl.RoleInfo (RoleInfo.java:updateAndGet(143)) - 779928b1-f347-45c8-80c5-fc8be018db38: start FollowerState
2019-10-14 17:02:20,523 [pool-413-thread-1] INFO  util.JmxRegister (JmxRegister.java:tryRegister(44)) - Successfully registered JMX Bean with object name Ratis:service=RaftServer,group=group-5DFED50FB99D,id=779928b1-f347-45c8-80c5-fc8be018db38
2019-10-14 17:02:20,526 [RatisPipelineUtilsThread] INFO  pipeline.PipelineStateManager (PipelineStateManager.java:addPipeline(56)) - Created pipeline Pipeline[ Id: 57e0466c-70df-42e6-86b6-5dfed50fb99d, Nodes: 779928b1-f347-45c8-80c5-fc8be018db38{ip: 192.168.151.105, host: pr-hdds-2196-2-9v7pc-2718207715, networkLocation: /default-rack, certSerialId: null}6e6183a5-2e5d-463f-9430-ef1a8c6c82a9{ip: 192.168.151.105, host: pr-hdds-2196-2-9v7pc-2718207715, networkLocation: /default-rack, certSerialId: null}7e4f6eba-8108-4790-81d0-d5b7440af6ab{ip: 192.168.151.105, host: pr-hdds-2196-2-9v7pc-2718207715, networkLocation: /default-rack, certSerialId: null}, Type:RATIS, Factor:THREE, State:OPEN]
2019-10-14 17:02:20,717 [grpc-default-executor-3] WARN  server.GrpcLogAppender (LogUtils.java:warn(134)) - d13dccf9-d9ae-4e52-b31c-0cdd593c4443@group-257A60561570->b1f94540-e6e2-4b9c-8187-24ae5f8a5790-AppendLogResponseHandler: Failed appendEntries: org.apache.ratis.thirdparty.io.grpc.StatusRuntimeException: UNAVAILABLE: io exception
2019-10-14 17:02:20,718 [grpc-default-executor-3] INFO  impl.FollowerInfo (FollowerInfo.java:lambda$new$0(51)) - d13dccf9-d9ae-4e52-b31c-0cdd593c4443@group-257A60561570->b1f94540-e6e2-4b9c-8187-24ae5f8a5790: nextIndex: updateUnconditionally 0 -> 0
2019-10-14 17:02:20,721 [grpc-default-executor-5] WARN  server.GrpcLogAppender (LogUtils.java:warn(134)) - d13dccf9-d9ae-4e52-b31c-0cdd593c4443@group-257A60561570->d2f466cc-8a7c-4992-bcda-2dc638fd3333-AppendLogResponseHandler: Failed appendEntries: org.apache.ratis.thirdparty.io.grpc.StatusRuntimeException: UNAVAILABLE: io exception
2019-10-14 17:02:20,722 [grpc-default-executor-5] INFO  impl.FollowerInfo (FollowerInfo.java:lambda$new$0(51)) - d13dccf9-d9ae-4e52-b31c-0cdd593c4443@group-257A60561570->d2f466cc-8a7c-4992-bcda-2dc638fd3333: nextIndex: updateUnconditionally 0 -> 0
2019-10-14 17:02:21,477 [main] INFO  ozone.MiniOzoneClusterImpl (MiniOzoneClusterImpl.java:lambda$waitForClusterToBeReady$0(147)) - Cluster is ready. Got 7 of 7 DN Heartbeats.
2019-10-14 17:02:21,535 [main] INFO  rpc.RpcClient (RpcClient.java:createVolume(272)) - Creating Volume: watchforcommithandlingtest, with jenkins1000 as owner.
2019-10-14 17:02:21,540 [IPC Server handler 1 on 37603] INFO  volume.OMVolumeCreateRequest (OMVolumeCreateRequest.java:validateAndUpdateCache(193)) - created volume:watchforcommithandlingtest for user:jenkins1000
2019-10-14 17:02:21,559 [main] INFO  rpc.RpcClient (RpcClient.java:createBucket(411)) - Creating Bucket: watchforcommithandlingtest/watchforcommithandlingtest, with Versioning false and Storage Type set to DISK and Encryption set to false 
2019-10-14 17:02:21,565 [main] INFO  ozone.MiniOzoneClusterImpl (MiniOzoneClusterImpl.java:getStorageContainerLocationClient(234)) - Creating StorageContainerLocationProtocol RPC client with address /0.0.0.0:36448
2019-10-14 17:02:22,942 [Thread-2309] INFO  container.ReplicationManager (ReplicationManager.java:start(162)) - Starting Replication Monitor Thread.
2019-10-14 17:02:22,948 [ReplicationMonitor] INFO  container.ReplicationManager (ReplicationManager.java:run(225)) - Replication Monitor Thread took 0 milliseconds for processing 1 containers.
2019-10-14 17:02:23,056 [Thread-2362] INFO  client.GrpcClientProtocolService (GrpcClientProtocolService.java:lambda$processClientRequest$0(278)) - Failed RaftClientRequest:client-2391BEFE17DD->d13dccf9-d9ae-4e52-b31c-0cdd593c4443@group-257A60561570, cid=66, seq=0, Watch-ALL_COMMITTED(88), Message:<EMPTY>, reply=RaftClientReply:client-2391BEFE17DD->d13dccf9-d9ae-4e52-b31c-0cdd593c4443@group-257A60561570, cid=66, FAILED org.apache.ratis.protocol.NotReplicatedException: Request with call Id 66 and log index 88 is not yet replicated to ALL_COMMITTED, logIndex=88, commits[d13dccf9-d9ae-4e52-b31c-0cdd593c4443:c2, d2f466cc-8a7c-4992-bcda-2dc638fd3333:c2, b1f94540-e6e2-4b9c-8187-24ae5f8a5790:c2]
2019-10-14 17:02:23,056 [Thread-2363] INFO  client.GrpcClientProtocolService (GrpcClientProtocolService.java:lambda$processClientRequest$0(278)) - Failed RaftClientRequest:client-2391BEFE17DD->d13dccf9-d9ae-4e52-b31c-0cdd593c4443@group-257A60561570, cid=67, seq=0, Watch-MAJORITY_COMMITTED(88), Message:<EMPTY>, reply=RaftClientReply:client-2391BEFE17DD->d13dccf9-d9ae-4e52-b31c-0cdd593c4443@group-257A60561570, cid=67, FAILED org.apache.ratis.protocol.NotReplicatedException: Request with call Id 67 and log index 88 is not yet replicated to MAJORITY_COMMITTED, logIndex=88, commits[d13dccf9-d9ae-4e52-b31c-0cdd593c4443:c2, d2f466cc-8a7c-4992-bcda-2dc638fd3333:c2, b1f94540-e6e2-4b9c-8187-24ae5f8a5790:c2]
2019-10-14 17:02:23,218 [grpc-default-executor-3] WARN  server.GrpcLogAppender (LogUtils.java:warn(134)) - d13dccf9-d9ae-4e52-b31c-0cdd593c4443@group-257A60561570->b1f94540-e6e2-4b9c-8187-24ae5f8a5790-AppendLogResponseHandler: Failed appendEntries: org.apache.ratis.thirdparty.io.grpc.StatusRuntimeException: UNAVAILABLE: io exception
2019-10-14 17:02:23,218 [grpc-default-executor-3] INFO  impl.FollowerInfo (FollowerInfo.java:lambda$new$0(51)) - d13dccf9-d9ae-4e52-b31c-0cdd593c4443@group-257A60561570->b1f94540-e6e2-4b9c-8187-24ae5f8a5790: nextIndex: updateUnconditionally 0 -> 0
2019-10-14 17:02:23,221 [grpc-default-executor-5] WARN  server.GrpcLogAppender (LogUtils.java:warn(134)) - d13dccf9-d9ae-4e52-b31c-0cdd593c4443@group-257A60561570->d2f466cc-8a7c-4992-bcda-2dc638fd3333-AppendLogResponseHandler: Failed appendEntries: org.apache.ratis.thirdparty.io.grpc.StatusRuntimeException: UNAVAILABLE: io exception
2019-10-14 17:02:23,222 [grpc-default-executor-5] INFO  impl.FollowerInfo (FollowerInfo.java:lambda$new$0(51)) - d13dccf9-d9ae-4e52-b31c-0cdd593c4443@group-257A60561570->d2f466cc-8a7c-4992-bcda-2dc638fd3333: nextIndex: updateUnconditionally 0 -> 0
2019-10-14 17:02:25,150 [Thread-2311] INFO  impl.FollowerState (FollowerState.java:run(108)) - 9df34242-257e-4eef-b5b8-318b8d1c4a13@group-DBFEA0D092A5-FollowerState: change to CANDIDATE, lastRpcTime:5156ms, electionTimeout:5156ms
2019-10-14 17:02:25,150 [Thread-2311] INFO  impl.RoleInfo (RoleInfo.java:shutdownFollowerState(121)) - 9df34242-257e-4eef-b5b8-318b8d1c4a13: shutdown FollowerState
2019-10-14 17:02:25,150 [Thread-2311] INFO  impl.RaftServerImpl (RaftServerImpl.java:setRole(170)) - 9df34242-257e-4eef-b5b8-318b8d1c4a13@group-DBFEA0D092A5: changes role from  FOLLOWER to CANDIDATE at term 0 for changeToCandidate
2019-10-14 17:02:25,151 [Thread-2311] INFO  impl.RoleInfo (RoleInfo.java:updateAndGet(143)) - 9df34242-257e-4eef-b5b8-318b8d1c4a13: start LeaderElection
2019-10-14 17:02:25,180 [Thread-2314] INFO  impl.FollowerState (FollowerState.java:run(108)) - f1c7b8a7-c5dc-4da4-8dbd-05a5ee83d79e@group-E95E48EEDFD9-FollowerState: change to CANDIDATE, lastRpcTime:5112ms, electionTimeout:5112ms
2019-10-14 17:02:25,180 [Thread-2314] INFO  impl.RoleInfo (RoleInfo.java:shutdownFollowerState(121)) - f1c7b8a7-c5dc-4da4-8dbd-05a5ee83d79e: shutdown FollowerState
2019-10-14 17:02:25,180 [Thread-2314] INFO  impl.RaftServerImpl (RaftServerImpl.java:setRole(170)) - f1c7b8a7-c5dc-4da4-8dbd-05a5ee83d79e@group-E95E48EEDFD9: changes role from  FOLLOWER to CANDIDATE at term 0 for changeToCandidate
2019-10-14 17:02:25,180 [Thread-2314] INFO  impl.RoleInfo (RoleInfo.java:updateAndGet(143)) - f1c7b8a7-c5dc-4da4-8dbd-05a5ee83d79e: start LeaderElection
2019-10-14 17:02:25,185 [9df34242-257e-4eef-b5b8-318b8d1c4a13@group-DBFEA0D092A5-LeaderElection56] INFO  impl.LeaderElection (LeaderElection.java:askForVotes(178)) - 9df34242-257e-4eef-b5b8-318b8d1c4a13@group-DBFEA0D092A5-LeaderElection56: begin an election at term 1 for -1: [9df34242-257e-4eef-b5b8-318b8d1c4a13:192.168.151.105:41521], old=null
2019-10-14 17:02:25,189 [9df34242-257e-4eef-b5b8-318b8d1c4a13@group-DBFEA0D092A5-LeaderElection56] INFO  impl.RoleInfo (RoleInfo.java:shutdownLeaderElection(134)) - 9df34242-257e-4eef-b5b8-318b8d1c4a13: shutdown LeaderElection
2019-10-14 17:02:25,189 [9df34242-257e-4eef-b5b8-318b8d1c4a13@group-DBFEA0D092A5-LeaderElection56] INFO  impl.RaftServerImpl (RaftServerImpl.java:setRole(170)) - 9df34242-257e-4eef-b5b8-318b8d1c4a13@group-DBFEA0D092A5: changes role from CANDIDATE to LEADER at term 1 for changeToLeader
2019-10-14 17:02:25,189 [9df34242-257e-4eef-b5b8-318b8d1c4a13@group-DBFEA0D092A5-LeaderElection56] INFO  impl.RaftServerImpl (ServerState.java:setLeader(255)) - 9df34242-257e-4eef-b5b8-318b8d1c4a13@group-DBFEA0D092A5: change Leader from null to 9df34242-257e-4eef-b5b8-318b8d1c4a13 at term 1 for becomeLeader, leader elected after 5205ms
2019-10-14 17:02:25,189 [9df34242-257e-4eef-b5b8-318b8d1c4a13@group-DBFEA0D092A5-LeaderElection56] INFO  server.RaftServerConfigKeys (ConfUtils.java:logGet(43)) - raft.server.staging.catchup.gap = 1000 (default)
2019-10-14 17:02:25,190 [9df34242-257e-4eef-b5b8-318b8d1c4a13@group-DBFEA0D092A5-LeaderElection56] INFO  server.RaftServerConfigKeys (ConfUtils.java:logGet(43)) - raft.server.rpc.sleep.time = 25ms (default)
2019-10-14 17:02:25,190 [9df34242-257e-4eef-b5b8-318b8d1c4a13@group-DBFEA0D092A5-LeaderElection56] INFO  server.RaftServerConfigKeys (ConfUtils.java:logGet(43)) - raft.server.write.element-limit = 4096 (default)
2019-10-14 17:02:25,190 [9df34242-257e-4eef-b5b8-318b8d1c4a13@group-DBFEA0D092A5-LeaderElection56] INFO  server.RaftServerConfigKeys (ConfUtils.java:logGet(43)) - raft.server.watch.timeout = 10s (default)
2019-10-14 17:02:25,190 [9df34242-257e-4eef-b5b8-318b8d1c4a13@group-DBFEA0D092A5-LeaderElection56] INFO  server.RaftServerConfigKeys (ConfUtils.java:logGet(43)) - raft.server.watch.timeout.denomination = 1s (default)
2019-10-14 17:02:25,190 [9df34242-257e-4eef-b5b8-318b8d1c4a13@group-DBFEA0D092A5-LeaderElection56] INFO  server.RaftServerConfigKeys (ConfUtils.java:logGet(43)) - raft.server.watch.element-limit = 65536 (default)
2019-10-14 17:02:25,191 [9df34242-257e-4eef-b5b8-318b8d1c4a13@group-DBFEA0D092A5-LeaderElection56] INFO  impl.RoleInfo (RoleInfo.java:updateAndGet(143)) - 9df34242-257e-4eef-b5b8-318b8d1c4a13: start LeaderState
2019-10-14 17:02:25,192 [9df34242-257e-4eef-b5b8-318b8d1c4a13@group-DBFEA0D092A5-LeaderElection56] INFO  segmented.SegmentedRaftLogWorker (SegmentedRaftLogWorker.java:startLogSegment(385)) - 9df34242-257e-4eef-b5b8-318b8d1c4a13@group-DBFEA0D092A5-SegmentedRaftLogWorker: Starting segment from index:0
2019-10-14 17:02:25,192 [9df34242-257e-4eef-b5b8-318b8d1c4a13@group-DBFEA0D092A5-LeaderElection56] INFO  impl.RaftServerImpl (ServerState.java:setRaftConf(356)) - 9df34242-257e-4eef-b5b8-318b8d1c4a13@group-DBFEA0D092A5: set configuration 0: [9df34242-257e-4eef-b5b8-318b8d1c4a13:192.168.151.105:41521], old=null at 0
2019-10-14 17:02:25,201 [f1c7b8a7-c5dc-4da4-8dbd-05a5ee83d79e@group-E95E48EEDFD9-LeaderElection57] INFO  impl.LeaderElection (LeaderElection.java:askForVotes(178)) - f1c7b8a7-c5dc-4da4-8dbd-05a5ee83d79e@group-E95E48EEDFD9-LeaderElection57: begin an election at term 1 for -1: [f1c7b8a7-c5dc-4da4-8dbd-05a5ee83d79e:192.168.151.105:44474], old=null
2019-10-14 17:02:25,201 [f1c7b8a7-c5dc-4da4-8dbd-05a5ee83d79e@group-E95E48EEDFD9-LeaderElection57] INFO  impl.RoleInfo (RoleInfo.java:shutdownLeaderElection(134)) - f1c7b8a7-c5dc-4da4-8dbd-05a5ee83d79e: shutdown LeaderElection
2019-10-14 17:02:25,201 [f1c7b8a7-c5dc-4da4-8dbd-05a5ee83d79e@group-E95E48EEDFD9-LeaderElection57] INFO  impl.RaftServerImpl (RaftServerImpl.java:setRole(170)) - f1c7b8a7-c5dc-4da4-8dbd-05a5ee83d79e@group-E95E48EEDFD9: changes role from CANDIDATE to LEADER at term 1 for changeToLeader
2019-10-14 17:02:25,201 [f1c7b8a7-c5dc-4da4-8dbd-05a5ee83d79e@group-E95E48EEDFD9-LeaderElection57] INFO  impl.RaftServerImpl (ServerState.java:setLeader(255)) - f1c7b8a7-c5dc-4da4-8dbd-05a5ee83d79e@group-E95E48EEDFD9: change Leader from null to f1c7b8a7-c5dc-4da4-8dbd-05a5ee83d79e at term 1 for becomeLeader, leader elected after 5140ms
2019-10-14 17:02:25,202 [f1c7b8a7-c5dc-4da4-8dbd-05a5ee83d79e@group-E95E48EEDFD9-LeaderElection57] INFO  server.RaftServerConfigKeys (ConfUtils.java:logGet(43)) - raft.server.staging.catchup.gap = 1000 (default)
2019-10-14 17:02:25,202 [f1c7b8a7-c5dc-4da4-8dbd-05a5ee83d79e@group-E95E48EEDFD9-LeaderElection57] INFO  server.RaftServerConfigKeys (ConfUtils.java:logGet(43)) - raft.server.rpc.sleep.time = 25ms (default)
2019-10-14 17:02:25,202 [f1c7b8a7-c5dc-4da4-8dbd-05a5ee83d79e@group-E95E48EEDFD9-LeaderElection57] INFO  server.RaftServerConfigKeys (ConfUtils.java:logGet(43)) - raft.server.write.element-limit = 4096 (default)
2019-10-14 17:02:25,202 [f1c7b8a7-c5dc-4da4-8dbd-05a5ee83d79e@group-E95E48EEDFD9-LeaderElection57] INFO  server.RaftServerConfigKeys (ConfUtils.java:logGet(43)) - raft.server.watch.timeout = 10s (default)
2019-10-14 17:02:25,202 [f1c7b8a7-c5dc-4da4-8dbd-05a5ee83d79e@group-E95E48EEDFD9-LeaderElection57] INFO  server.RaftServerConfigKeys (ConfUtils.java:logGet(43)) - raft.server.watch.timeout.denomination = 1s (default)
2019-10-14 17:02:25,202 [f1c7b8a7-c5dc-4da4-8dbd-05a5ee83d79e@group-E95E48EEDFD9-LeaderElection57] INFO  server.RaftServerConfigKeys (ConfUtils.java:logGet(43)) - raft.server.watch.element-limit = 65536 (default)
2019-10-14 17:02:25,204 [f1c7b8a7-c5dc-4da4-8dbd-05a5ee83d79e@group-E95E48EEDFD9-LeaderElection57] INFO  impl.RoleInfo (RoleInfo.java:updateAndGet(143)) - f1c7b8a7-c5dc-4da4-8dbd-05a5ee83d79e: start LeaderState
2019-10-14 17:02:25,204 [f1c7b8a7-c5dc-4da4-8dbd-05a5ee83d79e@group-E95E48EEDFD9-LeaderElection57] INFO  segmented.SegmentedRaftLogWorker (SegmentedRaftLogWorker.java:startLogSegment(385)) - f1c7b8a7-c5dc-4da4-8dbd-05a5ee83d79e@group-E95E48EEDFD9-SegmentedRaftLogWorker: Starting segment from index:0
2019-10-14 17:02:25,205 [f1c7b8a7-c5dc-4da4-8dbd-05a5ee83d79e@group-E95E48EEDFD9-LeaderElection57] INFO  impl.RaftServerImpl (ServerState.java:setRaftConf(356)) - f1c7b8a7-c5dc-4da4-8dbd-05a5ee83d79e@group-E95E48EEDFD9: set configuration 0: [f1c7b8a7-c5dc-4da4-8dbd-05a5ee83d79e:192.168.151.105:44474], old=null at 0
2019-10-14 17:02:25,220 [Thread-2320] INFO  impl.FollowerState (FollowerState.java:run(108)) - 7d21c739-e467-411a-abee-8707c476f8c5@group-3917A8942743-FollowerState: change to CANDIDATE, lastRpcTime:5013ms, electionTimeout:5013ms
2019-10-14 17:02:25,220 [Thread-2320] INFO  impl.RoleInfo (RoleInfo.java:shutdownFollowerState(121)) - 7d21c739-e467-411a-abee-8707c476f8c5: shutdown FollowerState
2019-10-14 17:02:25,220 [Thread-2320] INFO  impl.RaftServerImpl (RaftServerImpl.java:setRole(170)) - 7d21c739-e467-411a-abee-8707c476f8c5@group-3917A8942743: changes role from  FOLLOWER to CANDIDATE at term 0 for changeToCandidate
2019-10-14 17:02:25,220 [Thread-2320] INFO  impl.RoleInfo (RoleInfo.java:updateAndGet(143)) - 7d21c739-e467-411a-abee-8707c476f8c5: start LeaderElection
2019-10-14 17:02:25,237 [9df34242-257e-4eef-b5b8-318b8d1c4a13@group-DBFEA0D092A5-SegmentedRaftLogWorker] INFO  segmented.SegmentedRaftLogWorker (SegmentedRaftLogWorker.java:execute(574)) - 9df34242-257e-4eef-b5b8-318b8d1c4a13@group-DBFEA0D092A5-SegmentedRaftLogWorker: created new log segment /workdir/hadoop-ozone/integration-test/target/test-dir/MiniOzoneClusterImpl-b8618e02-721c-46c9-8156-6a032b4cc7f2/datanode-0/data/ratis/85d78dde-3e01-4c57-9517-dbfea0d092a5/current/log_inprogress_0
2019-10-14 17:02:25,249 [f1c7b8a7-c5dc-4da4-8dbd-05a5ee83d79e@group-E95E48EEDFD9-SegmentedRaftLogWorker] INFO  segmented.SegmentedRaftLogWorker (SegmentedRaftLogWorker.java:execute(574)) - f1c7b8a7-c5dc-4da4-8dbd-05a5ee83d79e@group-E95E48EEDFD9-SegmentedRaftLogWorker: created new log segment /workdir/hadoop-ozone/integration-test/target/test-dir/MiniOzoneClusterImpl-b8618e02-721c-46c9-8156-6a032b4cc7f2/datanode-1/data/ratis/69d7262f-f36a-4aeb-a6df-e95e48eedfd9/current/log_inprogress_0
2019-10-14 17:02:25,249 [7d21c739-e467-411a-abee-8707c476f8c5@group-3917A8942743-LeaderElection58] INFO  impl.LeaderElection (LeaderElection.java:askForVotes(178)) - 7d21c739-e467-411a-abee-8707c476f8c5@group-3917A8942743-LeaderElection58: begin an election at term 1 for -1: [9df34242-257e-4eef-b5b8-318b8d1c4a13:192.168.151.105:41521, 7d21c739-e467-411a-abee-8707c476f8c5:192.168.151.105:35427, f1c7b8a7-c5dc-4da4-8dbd-05a5ee83d79e:192.168.151.105:44474], old=null
2019-10-14 17:02:25,253 [grpc-default-executor-3] INFO  impl.RaftServerImpl (RaftServerImpl.java:setRole(170)) - 9df34242-257e-4eef-b5b8-318b8d1c4a13@group-3917A8942743: changes role from  FOLLOWER to FOLLOWER at term 1 for recognizeCandidate:7d21c739-e467-411a-abee-8707c476f8c5
2019-10-14 17:02:25,254 [grpc-default-executor-5] INFO  impl.RaftServerImpl (RaftServerImpl.java:setRole(170)) - f1c7b8a7-c5dc-4da4-8dbd-05a5ee83d79e@group-3917A8942743: changes role from  FOLLOWER to FOLLOWER at term 1 for recognizeCandidate:7d21c739-e467-411a-abee-8707c476f8c5
2019-10-14 17:02:25,254 [grpc-default-executor-3] INFO  impl.RoleInfo (RoleInfo.java:shutdownFollowerState(121)) - 9df34242-257e-4eef-b5b8-318b8d1c4a13: shutdown FollowerState
2019-10-14 17:02:25,254 [grpc-default-executor-5] INFO  impl.RoleInfo (RoleInfo.java:shutdownFollowerState(121)) - f1c7b8a7-c5dc-4da4-8dbd-05a5ee83d79e: shutdown FollowerState
2019-10-14 17:02:25,254 [Thread-2325] INFO  impl.FollowerState (FollowerState.java:run(117)) - 9df34242-257e-4eef-b5b8-318b8d1c4a13@group-3917A8942743-FollowerState was interrupted: java.lang.InterruptedException: sleep interrupted
2019-10-14 17:02:25,254 [grpc-default-executor-3] INFO  impl.RoleInfo (RoleInfo.java:updateAndGet(143)) - 9df34242-257e-4eef-b5b8-318b8d1c4a13: start FollowerState
2019-10-14 17:02:25,258 [Thread-2324] INFO  impl.FollowerState (FollowerState.java:run(117)) - f1c7b8a7-c5dc-4da4-8dbd-05a5ee83d79e@group-3917A8942743-FollowerState was interrupted: java.lang.InterruptedException: sleep interrupted
2019-10-14 17:02:25,254 [grpc-default-executor-5] INFO  impl.RoleInfo (RoleInfo.java:updateAndGet(143)) - f1c7b8a7-c5dc-4da4-8dbd-05a5ee83d79e: start FollowerState
2019-10-14 17:02:25,277 [7d21c739-e467-411a-abee-8707c476f8c5@group-3917A8942743-LeaderElection58] INFO  impl.LeaderElection (LeaderElection.java:logAndReturn(56)) - 7d21c739-e467-411a-abee-8707c476f8c5@group-3917A8942743-LeaderElection58: Election PASSED; received 1 response(s) [7d21c739-e467-411a-abee-8707c476f8c5<-f1c7b8a7-c5dc-4da4-8dbd-05a5ee83d79e#0:OK-t1] and 0 exception(s); 7d21c739-e467-411a-abee-8707c476f8c5@group-3917A8942743:t1, leader=null, voted=7d21c739-e467-411a-abee-8707c476f8c5, raftlog=7d21c739-e467-411a-abee-8707c476f8c5@group-3917A8942743-SegmentedRaftLog:OPENED:c-1,f-1,i0, conf=-1: [9df34242-257e-4eef-b5b8-318b8d1c4a13:192.168.151.105:41521, 7d21c739-e467-411a-abee-8707c476f8c5:192.168.151.105:35427, f1c7b8a7-c5dc-4da4-8dbd-05a5ee83d79e:192.168.151.105:44474], old=null
2019-10-14 17:02:25,277 [7d21c739-e467-411a-abee-8707c476f8c5@group-3917A8942743-LeaderElection58] INFO  impl.RoleInfo (RoleInfo.java:shutdownLeaderElection(134)) - 7d21c739-e467-411a-abee-8707c476f8c5: shutdown LeaderElection
2019-10-14 17:02:25,277 [7d21c739-e467-411a-abee-8707c476f8c5@group-3917A8942743-LeaderElection58] INFO  impl.RaftServerImpl (RaftServerImpl.java:setRole(170)) - 7d21c739-e467-411a-abee-8707c476f8c5@group-3917A8942743: changes role from CANDIDATE to LEADER at term 1 for changeToLeader
2019-10-14 17:02:25,277 [7d21c739-e467-411a-abee-8707c476f8c5@group-3917A8942743-LeaderElection58] INFO  impl.RaftServerImpl (ServerState.java:setLeader(255)) - 7d21c739-e467-411a-abee-8707c476f8c5@group-3917A8942743: change Leader from null to 7d21c739-e467-411a-abee-8707c476f8c5 at term 1 for becomeLeader, leader elected after 5079ms
2019-10-14 17:02:25,277 [7d21c739-e467-411a-abee-8707c476f8c5@group-3917A8942743-LeaderElection58] INFO  server.RaftServerConfigKeys (ConfUtils.java:logGet(43)) - raft.server.staging.catchup.gap = 1000 (default)
2019-10-14 17:02:25,278 [7d21c739-e467-411a-abee-8707c476f8c5@group-3917A8942743-LeaderElection58] INFO  server.RaftServerConfigKeys (ConfUtils.java:logGet(43)) - raft.server.rpc.sleep.time = 25ms (default)
2019-10-14 17:02:25,278 [7d21c739-e467-411a-abee-8707c476f8c5@group-3917A8942743-LeaderElection58] INFO  server.RaftServerConfigKeys (ConfUtils.java:logGet(43)) - raft.server.write.element-limit = 4096 (default)
2019-10-14 17:02:25,278 [7d21c739-e467-411a-abee-8707c476f8c5@group-3917A8942743-LeaderElection58] INFO  server.RaftServerConfigKeys (ConfUtils.java:logGet(43)) - raft.server.watch.timeout = 10s (default)
2019-10-14 17:02:25,278 [7d21c739-e467-411a-abee-8707c476f8c5@group-3917A8942743-LeaderElection58] INFO  server.RaftServerConfigKeys (ConfUtils.java:logGet(43)) - raft.server.watch.timeout.denomination = 1s (default)
2019-10-14 17:02:25,279 [7d21c739-e467-411a-abee-8707c476f8c5@group-3917A8942743-LeaderElection58] INFO  server.RaftServerConfigKeys (ConfUtils.java:logGet(43)) - raft.server.watch.element-limit = 65536 (default)
2019-10-14 17:02:25,281 [7d21c739-e467-411a-abee-8707c476f8c5@group-3917A8942743-LeaderElection58] INFO  server.RaftServerConfigKeys (ConfUtils.java:logGet(43)) - raft.server.log.appender.snapshot.chunk.size.max = 16MB (=16777216) (default)
2019-10-14 17:02:25,281 [7d21c739-e467-411a-abee-8707c476f8c5@group-3917A8942743-LeaderElection58] INFO  server.RaftServerConfigKeys (ConfUtils.java:logGet(43)) - raft.server.log.appender.buffer.byte-limit = 33554432 (custom)
2019-10-14 17:02:25,281 [7d21c739-e467-411a-abee-8707c476f8c5@group-3917A8942743-LeaderElection58] INFO  server.RaftServerConfigKeys (ConfUtils.java:logGet(43)) - raft.server.log.appender.buffer.element-limit = 1 (custom)
2019-10-14 17:02:25,281 [7d21c739-e467-411a-abee-8707c476f8c5@group-3917A8942743-LeaderElection58] INFO  grpc.GrpcConfigKeys$Server (ConfUtils.java:logGet(43)) - raft.grpc.server.leader.outstanding.appends.max = 128 (default)
2019-10-14 17:02:25,282 [7d21c739-e467-411a-abee-8707c476f8c5@group-3917A8942743-LeaderElection58] INFO  server.RaftServerConfigKeys (ConfUtils.java:logGet(43)) - raft.server.rpc.request.timeout = 3000ms (default)
2019-10-14 17:02:25,282 [7d21c739-e467-411a-abee-8707c476f8c5@group-3917A8942743-LeaderElection58] INFO  server.RaftServerConfigKeys (ConfUtils.java:logGet(43)) - raft.server.log.appender.install.snapshot.enabled = false (custom)
2019-10-14 17:02:25,282 [7d21c739-e467-411a-abee-8707c476f8c5@group-3917A8942743-LeaderElection58] INFO  server.RaftServerConfigKeys (ConfUtils.java:logGet(43)) - raft.server.log.appender.snapshot.chunk.size.max = 16MB (=16777216) (default)
2019-10-14 17:02:25,282 [7d21c739-e467-411a-abee-8707c476f8c5@group-3917A8942743-LeaderElection58] INFO  server.RaftServerConfigKeys (ConfUtils.java:logGet(43)) - raft.server.log.appender.buffer.byte-limit = 33554432 (custom)
2019-10-14 17:02:25,282 [7d21c739-e467-411a-abee-8707c476f8c5@group-3917A8942743-LeaderElection58] INFO  server.RaftServerConfigKeys (ConfUtils.java:logGet(43)) - raft.server.log.appender.buffer.element-limit = 1 (custom)
2019-10-14 17:02:25,283 [7d21c739-e467-411a-abee-8707c476f8c5@group-3917A8942743-LeaderElection58] INFO  grpc.GrpcConfigKeys$Server (ConfUtils.java:logGet(43)) - raft.grpc.server.leader.outstanding.appends.max = 128 (default)
2019-10-14 17:02:25,283 [7d21c739-e467-411a-abee-8707c476f8c5@group-3917A8942743-LeaderElection58] INFO  server.RaftServerConfigKeys (ConfUtils.java:logGet(43)) - raft.server.rpc.request.timeout = 3000ms (default)
2019-10-14 17:02:25,283 [7d21c739-e467-411a-abee-8707c476f8c5@group-3917A8942743-LeaderElection58] INFO  server.RaftServerConfigKeys (ConfUtils.java:logGet(43)) - raft.server.log.appender.install.snapshot.enabled = false (custom)
2019-10-14 17:02:25,283 [7d21c739-e467-411a-abee-8707c476f8c5@group-3917A8942743-LeaderElection58] INFO  impl.RoleInfo (RoleInfo.java:updateAndGet(143)) - 7d21c739-e467-411a-abee-8707c476f8c5: start LeaderState
2019-10-14 17:02:25,284 [7d21c739-e467-411a-abee-8707c476f8c5@group-3917A8942743-LeaderElection58] INFO  segmented.SegmentedRaftLogWorker (SegmentedRaftLogWorker.java:startLogSegment(385)) - 7d21c739-e467-411a-abee-8707c476f8c5@group-3917A8942743-SegmentedRaftLogWorker: Starting segment from index:0
2019-10-14 17:02:25,284 [7d21c739-e467-411a-abee-8707c476f8c5@group-3917A8942743-LeaderElection58] INFO  impl.RaftServerImpl (ServerState.java:setRaftConf(356)) - 7d21c739-e467-411a-abee-8707c476f8c5@group-3917A8942743: set configuration 0: [9df34242-257e-4eef-b5b8-318b8d1c4a13:192.168.151.105:41521, 7d21c739-e467-411a-abee-8707c476f8c5:192.168.151.105:35427, f1c7b8a7-c5dc-4da4-8dbd-05a5ee83d79e:192.168.151.105:44474], old=null at 0
2019-10-14 17:02:25,330 [grpc-default-executor-5] INFO  impl.RaftServerImpl (ServerState.java:setLeader(255)) - 9df34242-257e-4eef-b5b8-318b8d1c4a13@group-3917A8942743: change Leader from null to 7d21c739-e467-411a-abee-8707c476f8c5 at term 1 for appendEntries, leader elected after 5131ms
2019-10-14 17:02:25,331 [grpc-default-executor-5] INFO  impl.RaftServerImpl (ServerState.java:setLeader(255)) - f1c7b8a7-c5dc-4da4-8dbd-05a5ee83d79e@group-3917A8942743: change Leader from null to 7d21c739-e467-411a-abee-8707c476f8c5 at term 1 for appendEntries, leader elected after 5132ms
2019-10-14 17:02:25,338 [grpc-default-executor-5] INFO  impl.RaftServerImpl (ServerState.java:setRaftConf(356)) - 9df34242-257e-4eef-b5b8-318b8d1c4a13@group-3917A8942743: set configuration 0: [9df34242-257e-4eef-b5b8-318b8d1c4a13:192.168.151.105:41521, 7d21c739-e467-411a-abee-8707c476f8c5:192.168.151.105:35427, f1c7b8a7-c5dc-4da4-8dbd-05a5ee83d79e:192.168.151.105:44474], old=null at 0
2019-10-14 17:02:25,339 [grpc-default-executor-5] INFO  segmented.SegmentedRaftLogWorker (SegmentedRaftLogWorker.java:startLogSegment(385)) - 9df34242-257e-4eef-b5b8-318b8d1c4a13@group-3917A8942743-SegmentedRaftLogWorker: Starting segment from index:0
2019-10-14 17:02:25,339 [Thread-2317] INFO  impl.FollowerState (FollowerState.java:run(108)) - 7d21c739-e467-411a-abee-8707c476f8c5@group-0DEA7A39CA0A-FollowerState: change to CANDIDATE, lastRpcTime:5193ms, electionTimeout:5193ms
2019-10-14 17:02:25,339 [grpc-default-executor-3] INFO  impl.RaftServerImpl (ServerState.java:setRaftConf(356)) - f1c7b8a7-c5dc-4da4-8dbd-05a5ee83d79e@group-3917A8942743: set configuration 0: [9df34242-257e-4eef-b5b8-318b8d1c4a13:192.168.151.105:41521, 7d21c739-e467-411a-abee-8707c476f8c5:192.168.151.105:35427, f1c7b8a7-c5dc-4da4-8dbd-05a5ee83d79e:192.168.151.105:44474], old=null at 0
2019-10-14 17:02:25,339 [Thread-2317] INFO  impl.RoleInfo (RoleInfo.java:shutdownFollowerState(121)) - 7d21c739-e467-411a-abee-8707c476f8c5: shutdown FollowerState
2019-10-14 17:02:25,339 [grpc-default-executor-3] INFO  segmented.SegmentedRaftLogWorker (SegmentedRaftLogWorker.java:startLogSegment(385)) - f1c7b8a7-c5dc-4da4-8dbd-05a5ee83d79e@group-3917A8942743-SegmentedRaftLogWorker: Starting segment from index:0
2019-10-14 17:02:25,339 [Thread-2317] INFO  impl.RaftServerImpl (RaftServerImpl.java:setRole(170)) - 7d21c739-e467-411a-abee-8707c476f8c5@group-0DEA7A39CA0A: changes role from  FOLLOWER to CANDIDATE at term 0 for changeToCandidate
2019-10-14 17:02:25,340 [Thread-2317] INFO  impl.RoleInfo (RoleInfo.java:updateAndGet(143)) - 7d21c739-e467-411a-abee-8707c476f8c5: start LeaderElection
2019-10-14 17:02:25,378 [7d21c739-e467-411a-abee-8707c476f8c5@group-3917A8942743-SegmentedRaftLogWorker] INFO  segmented.SegmentedRaftLogWorker (SegmentedRaftLogWorker.java:execute(574)) - 7d21c739-e467-411a-abee-8707c476f8c5@group-3917A8942743-SegmentedRaftLogWorker: created new log segment /workdir/hadoop-ozone/integration-test/target/test-dir/MiniOzoneClusterImpl-b8618e02-721c-46c9-8156-6a032b4cc7f2/datanode-2/data/ratis/7b78b2a4-2d4d-4372-8c70-3917a8942743/current/log_inprogress_0
2019-10-14 17:02:25,381 [f1c7b8a7-c5dc-4da4-8dbd-05a5ee83d79e@group-3917A8942743-SegmentedRaftLogWorker] INFO  segmented.SegmentedRaftLogWorker (SegmentedRaftLogWorker.java:execute(574)) - f1c7b8a7-c5dc-4da4-8dbd-05a5ee83d79e@group-3917A8942743-SegmentedRaftLogWorker: created new log segment /workdir/hadoop-ozone/integration-test/target/test-dir/MiniOzoneClusterImpl-b8618e02-721c-46c9-8156-6a032b4cc7f2/datanode-1/data/ratis/7b78b2a4-2d4d-4372-8c70-3917a8942743/current/log_inprogress_0
2019-10-14 17:02:25,383 [9df34242-257e-4eef-b5b8-318b8d1c4a13@group-3917A8942743-SegmentedRaftLogWorker] INFO  segmented.SegmentedRaftLogWorker (SegmentedRaftLogWorker.java:execute(574)) - 9df34242-257e-4eef-b5b8-318b8d1c4a13@group-3917A8942743-SegmentedRaftLogWorker: created new log segment /workdir/hadoop-ozone/integration-test/target/test-dir/MiniOzoneClusterImpl-b8618e02-721c-46c9-8156-6a032b4cc7f2/datanode-0/data/ratis/7b78b2a4-2d4d-4372-8c70-3917a8942743/current/log_inprogress_0
2019-10-14 17:02:25,387 [7d21c739-e467-411a-abee-8707c476f8c5@group-0DEA7A39CA0A-LeaderElection59] INFO  impl.LeaderElection (LeaderElection.java:askForVotes(178)) - 7d21c739-e467-411a-abee-8707c476f8c5@group-0DEA7A39CA0A-LeaderElection59: begin an election at term 1 for -1: [7d21c739-e467-411a-abee-8707c476f8c5:192.168.151.105:35427], old=null
2019-10-14 17:02:25,387 [7d21c739-e467-411a-abee-8707c476f8c5@group-0DEA7A39CA0A-LeaderElection59] INFO  impl.RoleInfo (RoleInfo.java:shutdownLeaderElection(134)) - 7d21c739-e467-411a-abee-8707c476f8c5: shutdown LeaderElection
2019-10-14 17:02:25,387 [7d21c739-e467-411a-abee-8707c476f8c5@group-0DEA7A39CA0A-LeaderElection59] INFO  impl.RaftServerImpl (RaftServerImpl.java:setRole(170)) - 7d21c739-e467-411a-abee-8707c476f8c5@group-0DEA7A39CA0A: changes role from CANDIDATE to LEADER at term 1 for changeToLeader
2019-10-14 17:02:25,387 [7d21c739-e467-411a-abee-8707c476f8c5@group-0DEA7A39CA0A-LeaderElection59] INFO  impl.RaftServerImpl (ServerState.java:setLeader(255)) - 7d21c739-e467-411a-abee-8707c476f8c5@group-0DEA7A39CA0A: change Leader from null to 7d21c739-e467-411a-abee-8707c476f8c5 at term 1 for becomeLeader, leader elected after 5246ms
2019-10-14 17:02:25,388 [7d21c739-e467-411a-abee-8707c476f8c5@group-0DEA7A39CA0A-LeaderElection59] INFO  server.RaftServerConfigKeys (ConfUtils.java:logGet(43)) - raft.server.staging.catchup.gap = 1000 (default)
2019-10-14 17:02:25,388 [7d21c739-e467-411a-abee-8707c476f8c5@group-0DEA7A39CA0A-LeaderElection59] INFO  server.RaftServerConfigKeys (ConfUtils.java:logGet(43)) - raft.server.rpc.sleep.time = 25ms (default)
2019-10-14 17:02:25,388 [7d21c739-e467-411a-abee-8707c476f8c5@group-0DEA7A39CA0A-LeaderElection59] INFO  server.RaftServerConfigKeys (ConfUtils.java:logGet(43)) - raft.server.write.element-limit = 4096 (default)
2019-10-14 17:02:25,388 [7d21c739-e467-411a-abee-8707c476f8c5@group-0DEA7A39CA0A-LeaderElection59] INFO  server.RaftServerConfigKeys (ConfUtils.java:logGet(43)) - raft.server.watch.timeout = 10s (default)
2019-10-14 17:02:25,388 [7d21c739-e467-411a-abee-8707c476f8c5@group-0DEA7A39CA0A-LeaderElection59] INFO  server.RaftServerConfigKeys (ConfUtils.java:logGet(43)) - raft.server.watch.timeout.denomination = 1s (default)
2019-10-14 17:02:25,389 [7d21c739-e467-411a-abee-8707c476f8c5@group-0DEA7A39CA0A-LeaderElection59] INFO  server.RaftServerConfigKeys (ConfUtils.java:logGet(43)) - raft.server.watch.element-limit = 65536 (default)
2019-10-14 17:02:25,391 [7d21c739-e467-411a-abee-8707c476f8c5@group-0DEA7A39CA0A-LeaderElection59] INFO  impl.RoleInfo (RoleInfo.java:updateAndGet(143)) - 7d21c739-e467-411a-abee-8707c476f8c5: start LeaderState
2019-10-14 17:02:25,392 [7d21c739-e467-411a-abee-8707c476f8c5@group-0DEA7A39CA0A-LeaderElection59] INFO  segmented.SegmentedRaftLogWorker (SegmentedRaftLogWorker.java:startLogSegment(385)) - 7d21c739-e467-411a-abee-8707c476f8c5@group-0DEA7A39CA0A-SegmentedRaftLogWorker: Starting segment from index:0
2019-10-14 17:02:25,392 [7d21c739-e467-411a-abee-8707c476f8c5@group-0DEA7A39CA0A-LeaderElection59] INFO  impl.RaftServerImpl (ServerState.java:setRaftConf(356)) - 7d21c739-e467-411a-abee-8707c476f8c5@group-0DEA7A39CA0A: set configuration 0: [7d21c739-e467-411a-abee-8707c476f8c5:192.168.151.105:35427], old=null at 0
2019-10-14 17:02:25,422 [7d21c739-e467-411a-abee-8707c476f8c5@group-0DEA7A39CA0A-SegmentedRaftLogWorker] INFO  segmented.SegmentedRaftLogWorker (SegmentedRaftLogWorker.java:execute(574)) - 7d21c739-e467-411a-abee-8707c476f8c5@group-0DEA7A39CA0A-SegmentedRaftLogWorker: created new log segment /workdir/hadoop-ozone/integration-test/target/test-dir/MiniOzoneClusterImpl-b8618e02-721c-46c9-8156-6a032b4cc7f2/datanode-2/data/ratis/db609a49-32bb-4e3e-b821-0dea7a39ca0a/current/log_inprogress_0
2019-10-14 17:02:25,440 [Thread-2329] INFO  impl.FollowerState (FollowerState.java:run(108)) - 779928b1-f347-45c8-80c5-fc8be018db38@group-2CEA55CF6EF0-FollowerState: change to CANDIDATE, lastRpcTime:5194ms, electionTimeout:5194ms
2019-10-14 17:02:25,440 [Thread-2329] INFO  impl.RoleInfo (RoleInfo.java:shutdownFollowerState(121)) - 779928b1-f347-45c8-80c5-fc8be018db38: shutdown FollowerState
2019-10-14 17:02:25,440 [Thread-2329] INFO  impl.RaftServerImpl (RaftServerImpl.java:setRole(170)) - 779928b1-f347-45c8-80c5-fc8be018db38@group-2CEA55CF6EF0: changes role from  FOLLOWER to CANDIDATE at term 0 for changeToCandidate
2019-10-14 17:02:25,440 [Thread-2329] INFO  impl.RoleInfo (RoleInfo.java:updateAndGet(143)) - 779928b1-f347-45c8-80c5-fc8be018db38: start LeaderElection
2019-10-14 17:02:25,469 [779928b1-f347-45c8-80c5-fc8be018db38@group-2CEA55CF6EF0-LeaderElection60] INFO  impl.LeaderElection (LeaderElection.java:askForVotes(178)) - 779928b1-f347-45c8-80c5-fc8be018db38@group-2CEA55CF6EF0-LeaderElection60: begin an election at term 1 for -1: [779928b1-f347-45c8-80c5-fc8be018db38:192.168.151.105:38802], old=null
2019-10-14 17:02:25,470 [779928b1-f347-45c8-80c5-fc8be018db38@group-2CEA55CF6EF0-LeaderElection60] INFO  impl.RoleInfo (RoleInfo.java:shutdownLeaderElection(134)) - 779928b1-f347-45c8-80c5-fc8be018db38: shutdown LeaderElection
2019-10-14 17:02:25,470 [779928b1-f347-45c8-80c5-fc8be018db38@group-2CEA55CF6EF0-LeaderElection60] INFO  impl.RaftServerImpl (RaftServerImpl.java:setRole(170)) - 779928b1-f347-45c8-80c5-fc8be018db38@group-2CEA55CF6EF0: changes role from CANDIDATE to LEADER at term 1 for changeToLeader
2019-10-14 17:02:25,470 [779928b1-f347-45c8-80c5-fc8be018db38@group-2CEA55CF6EF0-LeaderElection60] INFO  impl.RaftServerImpl (ServerState.java:setLeader(255)) - 779928b1-f347-45c8-80c5-fc8be018db38@group-2CEA55CF6EF0: change Leader from null to 779928b1-f347-45c8-80c5-fc8be018db38 at term 1 for becomeLeader, leader elected after 5230ms
2019-10-14 17:02:25,470 [779928b1-f347-45c8-80c5-fc8be018db38@group-2CEA55CF6EF0-LeaderElection60] INFO  server.RaftServerConfigKeys (ConfUtils.java:logGet(43)) - raft.server.staging.catchup.gap = 1000 (default)
2019-10-14 17:02:25,470 [779928b1-f347-45c8-80c5-fc8be018db38@group-2CEA55CF6EF0-LeaderElection60] INFO  server.RaftServerConfigKeys (ConfUtils.java:logGet(43)) - raft.server.rpc.sleep.time = 25ms (default)
2019-10-14 17:02:25,470 [779928b1-f347-45c8-80c5-fc8be018db38@group-2CEA55CF6EF0-LeaderElection60] INFO  server.RaftServerConfigKeys (ConfUtils.java:logGet(43)) - raft.server.write.element-limit = 4096 (default)
2019-10-14 17:02:25,471 [779928b1-f347-45c8-80c5-fc8be018db38@group-2CEA55CF6EF0-LeaderElection60] INFO  server.RaftServerConfigKeys (ConfUtils.java:logGet(43)) - raft.server.watch.timeout = 10s (default)
2019-10-14 17:02:25,471 [779928b1-f347-45c8-80c5-fc8be018db38@group-2CEA55CF6EF0-LeaderElection60] INFO  server.RaftServerConfigKeys (ConfUtils.java:logGet(43)) - raft.server.watch.timeout.denomination = 1s (default)
2019-10-14 17:02:25,471 [779928b1-f347-45c8-80c5-fc8be018db38@group-2CEA55CF6EF0-LeaderElection60] INFO  server.RaftServerConfigKeys (ConfUtils.java:logGet(43)) - raft.server.watch.element-limit = 65536 (default)
2019-10-14 17:02:25,473 [779928b1-f347-45c8-80c5-fc8be018db38@group-2CEA55CF6EF0-LeaderElection60] INFO  impl.RoleInfo (RoleInfo.java:updateAndGet(143)) - 779928b1-f347-45c8-80c5-fc8be018db38: start LeaderState
2019-10-14 17:02:25,473 [779928b1-f347-45c8-80c5-fc8be018db38@group-2CEA55CF6EF0-LeaderElection60] INFO  segmented.SegmentedRaftLogWorker (SegmentedRaftLogWorker.java:startLogSegment(385)) - 779928b1-f347-45c8-80c5-fc8be018db38@group-2CEA55CF6EF0-SegmentedRaftLogWorker: Starting segment from index:0
2019-10-14 17:02:25,473 [779928b1-f347-45c8-80c5-fc8be018db38@group-2CEA55CF6EF0-LeaderElection60] INFO  impl.RaftServerImpl (ServerState.java:setRaftConf(356)) - 779928b1-f347-45c8-80c5-fc8be018db38@group-2CEA55CF6EF0: set configuration 0: [779928b1-f347-45c8-80c5-fc8be018db38:192.168.151.105:38802], old=null at 0
2019-10-14 17:02:25,500 [Thread-2332] INFO  impl.FollowerState (FollowerState.java:run(108)) - 7e4f6eba-8108-4790-81d0-d5b7440af6ab@group-FE28D025CC9C-FollowerState: change to CANDIDATE, lastRpcTime:5131ms, electionTimeout:5131ms
2019-10-14 17:02:25,501 [Thread-2332] INFO  impl.RoleInfo (RoleInfo.java:shutdownFollowerState(121)) - 7e4f6eba-8108-4790-81d0-d5b7440af6ab: shutdown FollowerState
2019-10-14 17:02:25,501 [Thread-2332] INFO  impl.RaftServerImpl (RaftServerImpl.java:setRole(170)) - 7e4f6eba-8108-4790-81d0-d5b7440af6ab@group-FE28D025CC9C: changes role from  FOLLOWER to CANDIDATE at term 0 for changeToCandidate
2019-10-14 17:02:25,501 [Thread-2332] INFO  impl.RoleInfo (RoleInfo.java:updateAndGet(143)) - 7e4f6eba-8108-4790-81d0-d5b7440af6ab: start LeaderElection
2019-10-14 17:02:25,510 [779928b1-f347-45c8-80c5-fc8be018db38@group-2CEA55CF6EF0-SegmentedRaftLogWorker] INFO  segmented.SegmentedRaftLogWorker (SegmentedRaftLogWorker.java:execute(574)) - 779928b1-f347-45c8-80c5-fc8be018db38@group-2CEA55CF6EF0-SegmentedRaftLogWorker: created new log segment /workdir/hadoop-ozone/integration-test/target/test-dir/MiniOzoneClusterImpl-b8618e02-721c-46c9-8156-6a032b4cc7f2/datanode-3/data/ratis/c07a4b0a-0d5a-4ded-8774-2cea55cf6ef0/current/log_inprogress_0
2019-10-14 17:02:25,523 [7e4f6eba-8108-4790-81d0-d5b7440af6ab@group-FE28D025CC9C-LeaderElection61] INFO  impl.LeaderElection (LeaderElection.java:askForVotes(178)) - 7e4f6eba-8108-4790-81d0-d5b7440af6ab@group-FE28D025CC9C-LeaderElection61: begin an election at term 1 for -1: [7e4f6eba-8108-4790-81d0-d5b7440af6ab:192.168.151.105:33428], old=null
2019-10-14 17:02:25,523 [7e4f6eba-8108-4790-81d0-d5b7440af6ab@group-FE28D025CC9C-LeaderElection61] INFO  impl.RoleInfo (RoleInfo.java:shutdownLeaderElection(134)) - 7e4f6eba-8108-4790-81d0-d5b7440af6ab: shutdown LeaderElection
2019-10-14 17:02:25,524 [7e4f6eba-8108-4790-81d0-d5b7440af6ab@group-FE28D025CC9C-LeaderElection61] INFO  impl.RaftServerImpl (RaftServerImpl.java:setRole(170)) - 7e4f6eba-8108-4790-81d0-d5b7440af6ab@group-FE28D025CC9C: changes role from CANDIDATE to LEADER at term 1 for changeToLeader
2019-10-14 17:02:25,524 [7e4f6eba-8108-4790-81d0-d5b7440af6ab@group-FE28D025CC9C-LeaderElection61] INFO  impl.RaftServerImpl (ServerState.java:setLeader(255)) - 7e4f6eba-8108-4790-81d0-d5b7440af6ab@group-FE28D025CC9C: change Leader from null to 7e4f6eba-8108-4790-81d0-d5b7440af6ab at term 1 for becomeLeader, leader elected after 5162ms
2019-10-14 17:02:25,524 [7e4f6eba-8108-4790-81d0-d5b7440af6ab@group-FE28D025CC9C-LeaderElection61] INFO  server.RaftServerConfigKeys (ConfUtils.java:logGet(43)) - raft.server.staging.catchup.gap = 1000 (default)
2019-10-14 17:02:25,524 [7e4f6eba-8108-4790-81d0-d5b7440af6ab@group-FE28D025CC9C-LeaderElection61] INFO  server.RaftServerConfigKeys (ConfUtils.java:logGet(43)) - raft.server.rpc.sleep.time = 25ms (default)
2019-10-14 17:02:25,524 [7e4f6eba-8108-4790-81d0-d5b7440af6ab@group-FE28D025CC9C-LeaderElection61] INFO  server.RaftServerConfigKeys (ConfUtils.java:logGet(43)) - raft.server.write.element-limit = 4096 (default)
2019-10-14 17:02:25,524 [7e4f6eba-8108-4790-81d0-d5b7440af6ab@group-FE28D025CC9C-LeaderElection61] INFO  server.RaftServerConfigKeys (ConfUtils.java:logGet(43)) - raft.server.watch.timeout = 10s (default)
2019-10-14 17:02:25,525 [7e4f6eba-8108-4790-81d0-d5b7440af6ab@group-FE28D025CC9C-LeaderElection61] INFO  server.RaftServerConfigKeys (ConfUtils.java:logGet(43)) - raft.server.watch.timeout.denomination = 1s (default)
2019-10-14 17:02:25,525 [7e4f6eba-8108-4790-81d0-d5b7440af6ab@group-FE28D025CC9C-LeaderElection61] INFO  server.RaftServerConfigKeys (ConfUtils.java:logGet(43)) - raft.server.watch.element-limit = 65536 (default)
2019-10-14 17:02:25,526 [7e4f6eba-8108-4790-81d0-d5b7440af6ab@group-FE28D025CC9C-LeaderElection61] INFO  impl.RoleInfo (RoleInfo.java:updateAndGet(143)) - 7e4f6eba-8108-4790-81d0-d5b7440af6ab: start LeaderState
2019-10-14 17:02:25,527 [7e4f6eba-8108-4790-81d0-d5b7440af6ab@group-FE28D025CC9C-LeaderElection61] INFO  segmented.SegmentedRaftLogWorker (SegmentedRaftLogWorker.java:startLogSegment(385)) - 7e4f6eba-8108-4790-81d0-d5b7440af6ab@group-FE28D025CC9C-SegmentedRaftLogWorker: Starting segment from index:0
2019-10-14 17:02:25,527 [7e4f6eba-8108-4790-81d0-d5b7440af6ab@group-FE28D025CC9C-LeaderElection61] INFO  impl.RaftServerImpl (ServerState.java:setRaftConf(356)) - 7e4f6eba-8108-4790-81d0-d5b7440af6ab@group-FE28D025CC9C: set configuration 0: [7e4f6eba-8108-4790-81d0-d5b7440af6ab:192.168.151.105:33428], old=null at 0
2019-10-14 17:02:25,555 [Thread-2335] INFO  impl.FollowerState (FollowerState.java:run(108)) - 6e6183a5-2e5d-463f-9430-ef1a8c6c82a9@group-25E56F438D80-FollowerState: change to CANDIDATE, lastRpcTime:5117ms, electionTimeout:5117ms
2019-10-14 17:02:25,555 [Thread-2335] INFO  impl.RoleInfo (RoleInfo.java:shutdownFollowerState(121)) - 6e6183a5-2e5d-463f-9430-ef1a8c6c82a9: shutdown FollowerState
2019-10-14 17:02:25,555 [Thread-2335] INFO  impl.RaftServerImpl (RaftServerImpl.java:setRole(170)) - 6e6183a5-2e5d-463f-9430-ef1a8c6c82a9@group-25E56F438D80: changes role from  FOLLOWER to CANDIDATE at term 0 for changeToCandidate
2019-10-14 17:02:25,556 [Thread-2335] INFO  impl.RoleInfo (RoleInfo.java:updateAndGet(143)) - 6e6183a5-2e5d-463f-9430-ef1a8c6c82a9: start LeaderElection
2019-10-14 17:02:25,562 [Thread-2342] INFO  impl.FollowerState (FollowerState.java:run(108)) - 779928b1-f347-45c8-80c5-fc8be018db38@group-5DFED50FB99D-FollowerState: change to CANDIDATE, lastRpcTime:5040ms, electionTimeout:5034ms
2019-10-14 17:02:25,570 [Thread-2342] INFO  impl.RoleInfo (RoleInfo.java:shutdownFollowerState(121)) - 779928b1-f347-45c8-80c5-fc8be018db38: shutdown FollowerState
2019-10-14 17:02:25,570 [Thread-2342] INFO  impl.RaftServerImpl (RaftServerImpl.java:setRole(170)) - 779928b1-f347-45c8-80c5-fc8be018db38@group-5DFED50FB99D: changes role from  FOLLOWER to CANDIDATE at term 0 for changeToCandidate
2019-10-14 17:02:25,570 [Thread-2342] INFO  impl.RoleInfo (RoleInfo.java:updateAndGet(143)) - 779928b1-f347-45c8-80c5-fc8be018db38: start LeaderElection
2019-10-14 17:02:25,574 [Thread-2339] INFO  impl.FollowerState (FollowerState.java:run(108)) - 7e4f6eba-8108-4790-81d0-d5b7440af6ab@group-5DFED50FB99D-FollowerState: change to CANDIDATE, lastRpcTime:5057ms, electionTimeout:5055ms
2019-10-14 17:02:25,582 [Thread-2339] INFO  impl.RoleInfo (RoleInfo.java:shutdownFollowerState(121)) - 7e4f6eba-8108-4790-81d0-d5b7440af6ab: shutdown FollowerState
2019-10-14 17:02:25,582 [Thread-2339] INFO  impl.RaftServerImpl (RaftServerImpl.java:setRole(170)) - 7e4f6eba-8108-4790-81d0-d5b7440af6ab@group-5DFED50FB99D: changes role from  FOLLOWER to CANDIDATE at term 0 for changeToCandidate
2019-10-14 17:02:25,582 [Thread-2339] INFO  impl.RoleInfo (RoleInfo.java:updateAndGet(143)) - 7e4f6eba-8108-4790-81d0-d5b7440af6ab: start LeaderElection
2019-10-14 17:02:25,586 [7e4f6eba-8108-4790-81d0-d5b7440af6ab@group-FE28D025CC9C-SegmentedRaftLogWorker] INFO  segmented.SegmentedRaftLogWorker (SegmentedRaftLogWorker.java:execute(574)) - 7e4f6eba-8108-4790-81d0-d5b7440af6ab@group-FE28D025CC9C-SegmentedRaftLogWorker: created new log segment /workdir/hadoop-ozone/integration-test/target/test-dir/MiniOzoneClusterImpl-b8618e02-721c-46c9-8156-6a032b4cc7f2/datanode-4/data/ratis/59ec62cc-5e5f-4e4d-8b29-fe28d025cc9c/current/log_inprogress_0
2019-10-14 17:02:25,593 [6e6183a5-2e5d-463f-9430-ef1a8c6c82a9@group-25E56F438D80-LeaderElection62] INFO  impl.LeaderElection (LeaderElection.java:askForVotes(178)) - 6e6183a5-2e5d-463f-9430-ef1a8c6c82a9@group-25E56F438D80-LeaderElection62: begin an election at term 1 for -1: [6e6183a5-2e5d-463f-9430-ef1a8c6c82a9:192.168.151.105:39099], old=null
2019-10-14 17:02:25,593 [6e6183a5-2e5d-463f-9430-ef1a8c6c82a9@group-25E56F438D80-LeaderElection62] INFO  impl.RoleInfo (RoleInfo.java:shutdownLeaderElection(134)) - 6e6183a5-2e5d-463f-9430-ef1a8c6c82a9: shutdown LeaderElection
2019-10-14 17:02:25,593 [6e6183a5-2e5d-463f-9430-ef1a8c6c82a9@group-25E56F438D80-LeaderElection62] INFO  impl.RaftServerImpl (RaftServerImpl.java:setRole(170)) - 6e6183a5-2e5d-463f-9430-ef1a8c6c82a9@group-25E56F438D80: changes role from CANDIDATE to LEADER at term 1 for changeToLeader
2019-10-14 17:02:25,593 [6e6183a5-2e5d-463f-9430-ef1a8c6c82a9@group-25E56F438D80-LeaderElection62] INFO  impl.RaftServerImpl (ServerState.java:setLeader(255)) - 6e6183a5-2e5d-463f-9430-ef1a8c6c82a9@group-25E56F438D80: change Leader from null to 6e6183a5-2e5d-463f-9430-ef1a8c6c82a9 at term 1 for becomeLeader, leader elected after 5161ms
2019-10-14 17:02:25,593 [6e6183a5-2e5d-463f-9430-ef1a8c6c82a9@group-25E56F438D80-LeaderElection62] INFO  server.RaftServerConfigKeys (ConfUtils.java:logGet(43)) - raft.server.staging.catchup.gap = 1000 (default)
2019-10-14 17:02:25,593 [6e6183a5-2e5d-463f-9430-ef1a8c6c82a9@group-25E56F438D80-LeaderElection62] INFO  server.RaftServerConfigKeys (ConfUtils.java:logGet(43)) - raft.server.rpc.sleep.time = 25ms (default)
2019-10-14 17:02:25,594 [6e6183a5-2e5d-463f-9430-ef1a8c6c82a9@group-25E56F438D80-LeaderElection62] INFO  server.RaftServerConfigKeys (ConfUtils.java:logGet(43)) - raft.server.write.element-limit = 4096 (default)
2019-10-14 17:02:25,594 [6e6183a5-2e5d-463f-9430-ef1a8c6c82a9@group-25E56F438D80-LeaderElection62] INFO  server.RaftServerConfigKeys (ConfUtils.java:logGet(43)) - raft.server.watch.timeout = 10s (default)
2019-10-14 17:02:25,594 [6e6183a5-2e5d-463f-9430-ef1a8c6c82a9@group-25E56F438D80-LeaderElection62] INFO  server.RaftServerConfigKeys (ConfUtils.java:logGet(43)) - raft.server.watch.timeout.denomination = 1s (default)
2019-10-14 17:02:25,594 [6e6183a5-2e5d-463f-9430-ef1a8c6c82a9@group-25E56F438D80-LeaderElection62] INFO  server.RaftServerConfigKeys (ConfUtils.java:logGet(43)) - raft.server.watch.element-limit = 65536 (default)
2019-10-14 17:02:25,596 [6e6183a5-2e5d-463f-9430-ef1a8c6c82a9@group-25E56F438D80-LeaderElection62] INFO  impl.RoleInfo (RoleInfo.java:updateAndGet(143)) - 6e6183a5-2e5d-463f-9430-ef1a8c6c82a9: start LeaderState
2019-10-14 17:02:25,597 [6e6183a5-2e5d-463f-9430-ef1a8c6c82a9@group-25E56F438D80-LeaderElection62] INFO  segmented.SegmentedRaftLogWorker (SegmentedRaftLogWorker.java:startLogSegment(385)) - 6e6183a5-2e5d-463f-9430-ef1a8c6c82a9@group-25E56F438D80-SegmentedRaftLogWorker: Starting segment from index:0
2019-10-14 17:02:25,597 [6e6183a5-2e5d-463f-9430-ef1a8c6c82a9@group-25E56F438D80-LeaderElection62] INFO  impl.RaftServerImpl (ServerState.java:setRaftConf(356)) - 6e6183a5-2e5d-463f-9430-ef1a8c6c82a9@group-25E56F438D80: set configuration 0: [6e6183a5-2e5d-463f-9430-ef1a8c6c82a9:192.168.151.105:39099], old=null at 0
2019-10-14 17:02:25,606 [7e4f6eba-8108-4790-81d0-d5b7440af6ab@group-5DFED50FB99D-LeaderElection64] INFO  impl.LeaderElection (LeaderElection.java:askForVotes(178)) - 7e4f6eba-8108-4790-81d0-d5b7440af6ab@group-5DFED50FB99D-LeaderElection64: begin an election at term 1 for -1: [6e6183a5-2e5d-463f-9430-ef1a8c6c82a9:192.168.151.105:39099, 779928b1-f347-45c8-80c5-fc8be018db38:192.168.151.105:38802, 7e4f6eba-8108-4790-81d0-d5b7440af6ab:192.168.151.105:33428], old=null
2019-10-14 17:02:25,606 [779928b1-f347-45c8-80c5-fc8be018db38@group-5DFED50FB99D-LeaderElection63] INFO  impl.LeaderElection (LeaderElection.java:askForVotes(178)) - 779928b1-f347-45c8-80c5-fc8be018db38@group-5DFED50FB99D-LeaderElection63: begin an election at term 1 for -1: [6e6183a5-2e5d-463f-9430-ef1a8c6c82a9:192.168.151.105:39099, 779928b1-f347-45c8-80c5-fc8be018db38:192.168.151.105:38802, 7e4f6eba-8108-4790-81d0-d5b7440af6ab:192.168.151.105:33428], old=null
2019-10-14 17:02:25,627 [grpc-default-executor-3] INFO  impl.RaftServerImpl (RaftServerImpl.java:setRole(170)) - 6e6183a5-2e5d-463f-9430-ef1a8c6c82a9@group-5DFED50FB99D: changes role from  FOLLOWER to FOLLOWER at term 1 for recognizeCandidate:7e4f6eba-8108-4790-81d0-d5b7440af6ab
2019-10-14 17:02:25,628 [grpc-default-executor-3] INFO  impl.RoleInfo (RoleInfo.java:shutdownFollowerState(121)) - 6e6183a5-2e5d-463f-9430-ef1a8c6c82a9: shutdown FollowerState
2019-10-14 17:02:25,628 [grpc-default-executor-3] INFO  impl.RoleInfo (RoleInfo.java:updateAndGet(143)) - 6e6183a5-2e5d-463f-9430-ef1a8c6c82a9: start FollowerState
2019-10-14 17:02:25,628 [Thread-2341] INFO  impl.FollowerState (FollowerState.java:run(117)) - 6e6183a5-2e5d-463f-9430-ef1a8c6c82a9@group-5DFED50FB99D-FollowerState was interrupted: java.lang.InterruptedException: sleep interrupted
2019-10-14 17:02:25,641 [6e6183a5-2e5d-463f-9430-ef1a8c6c82a9@group-25E56F438D80-SegmentedRaftLogWorker] INFO  segmented.SegmentedRaftLogWorker (SegmentedRaftLogWorker.java:execute(574)) - 6e6183a5-2e5d-463f-9430-ef1a8c6c82a9@group-25E56F438D80-SegmentedRaftLogWorker: created new log segment /workdir/hadoop-ozone/integration-test/target/test-dir/MiniOzoneClusterImpl-b8618e02-721c-46c9-8156-6a032b4cc7f2/datanode-5/data/ratis/1c844b63-9104-43e5-8c10-25e56f438d80/current/log_inprogress_0
2019-10-14 17:02:25,642 [7e4f6eba-8108-4790-81d0-d5b7440af6ab@group-5DFED50FB99D-LeaderElection64] INFO  impl.LeaderElection (LeaderElection.java:logAndReturn(56)) - 7e4f6eba-8108-4790-81d0-d5b7440af6ab@group-5DFED50FB99D-LeaderElection64: Election PASSED; received 2 response(s) [7e4f6eba-8108-4790-81d0-d5b7440af6ab<-6e6183a5-2e5d-463f-9430-ef1a8c6c82a9#0:OK-t1, 7e4f6eba-8108-4790-81d0-d5b7440af6ab<-779928b1-f347-45c8-80c5-fc8be018db38#0:FAIL-t1] and 0 exception(s); 7e4f6eba-8108-4790-81d0-d5b7440af6ab@group-5DFED50FB99D:t1, leader=null, voted=7e4f6eba-8108-4790-81d0-d5b7440af6ab, raftlog=7e4f6eba-8108-4790-81d0-d5b7440af6ab@group-5DFED50FB99D-SegmentedRaftLog:OPENED:c-1,f-1,i0, conf=-1: [6e6183a5-2e5d-463f-9430-ef1a8c6c82a9:192.168.151.105:39099, 779928b1-f347-45c8-80c5-fc8be018db38:192.168.151.105:38802, 7e4f6eba-8108-4790-81d0-d5b7440af6ab:192.168.151.105:33428], old=null
2019-10-14 17:02:25,642 [779928b1-f347-45c8-80c5-fc8be018db38@group-5DFED50FB99D-LeaderElection63] INFO  impl.LeaderElection (LeaderElection.java:logAndReturn(56)) - 779928b1-f347-45c8-80c5-fc8be018db38@group-5DFED50FB99D-LeaderElection63: Election REJECTED; received 2 response(s) [779928b1-f347-45c8-80c5-fc8be018db38<-6e6183a5-2e5d-463f-9430-ef1a8c6c82a9#0:FAIL-t1, 779928b1-f347-45c8-80c5-fc8be018db38<-7e4f6eba-8108-4790-81d0-d5b7440af6ab#0:FAIL-t1] and 0 exception(s); 779928b1-f347-45c8-80c5-fc8be018db38@group-5DFED50FB99D:t1, leader=null, voted=779928b1-f347-45c8-80c5-fc8be018db38, raftlog=779928b1-f347-45c8-80c5-fc8be018db38@group-5DFED50FB99D-SegmentedRaftLog:OPENED:c-1,f-1,i0, conf=-1: [6e6183a5-2e5d-463f-9430-ef1a8c6c82a9:192.168.151.105:39099, 779928b1-f347-45c8-80c5-fc8be018db38:192.168.151.105:38802, 7e4f6eba-8108-4790-81d0-d5b7440af6ab:192.168.151.105:33428], old=null
2019-10-14 17:02:25,642 [7e4f6eba-8108-4790-81d0-d5b7440af6ab@group-5DFED50FB99D-LeaderElection64] INFO  impl.RoleInfo (RoleInfo.java:shutdownLeaderElection(134)) - 7e4f6eba-8108-4790-81d0-d5b7440af6ab: shutdown LeaderElection
2019-10-14 17:02:25,642 [779928b1-f347-45c8-80c5-fc8be018db38@group-5DFED50FB99D-LeaderElection63] INFO  impl.RaftServerImpl (RaftServerImpl.java:setRole(170)) - 779928b1-f347-45c8-80c5-fc8be018db38@group-5DFED50FB99D: changes role from CANDIDATE to FOLLOWER at term 1 for DISCOVERED_A_NEW_TERM
2019-10-14 17:02:25,642 [7e4f6eba-8108-4790-81d0-d5b7440af6ab@group-5DFED50FB99D-LeaderElection64] INFO  impl.RaftServerImpl (RaftServerImpl.java:setRole(170)) - 7e4f6eba-8108-4790-81d0-d5b7440af6ab@group-5DFED50FB99D: changes role from CANDIDATE to LEADER at term 1 for changeToLeader
2019-10-14 17:02:25,642 [779928b1-f347-45c8-80c5-fc8be018db38@group-5DFED50FB99D-LeaderElection63] INFO  impl.RoleInfo (RoleInfo.java:shutdownLeaderElection(134)) - 779928b1-f347-45c8-80c5-fc8be018db38: shutdown LeaderElection
2019-10-14 17:02:25,642 [779928b1-f347-45c8-80c5-fc8be018db38@group-5DFED50FB99D-LeaderElection63] INFO  impl.RoleInfo (RoleInfo.java:updateAndGet(143)) - 779928b1-f347-45c8-80c5-fc8be018db38: start FollowerState
2019-10-14 17:02:25,643 [7e4f6eba-8108-4790-81d0-d5b7440af6ab@group-5DFED50FB99D-LeaderElection64] INFO  impl.RaftServerImpl (ServerState.java:setLeader(255)) - 7e4f6eba-8108-4790-81d0-d5b7440af6ab@group-5DFED50FB99D: change Leader from null to 7e4f6eba-8108-4790-81d0-d5b7440af6ab at term 1 for becomeLeader, leader elected after 5134ms
2019-10-14 17:02:25,643 [7e4f6eba-8108-4790-81d0-d5b7440af6ab@group-5DFED50FB99D-LeaderElection64] INFO  server.RaftServerConfigKeys (ConfUtils.java:logGet(43)) - raft.server.staging.catchup.gap = 1000 (default)
2019-10-14 17:02:25,643 [7e4f6eba-8108-4790-81d0-d5b7440af6ab@group-5DFED50FB99D-LeaderElection64] INFO  server.RaftServerConfigKeys (ConfUtils.java:logGet(43)) - raft.server.rpc.sleep.time = 25ms (default)
2019-10-14 17:02:25,643 [7e4f6eba-8108-4790-81d0-d5b7440af6ab@group-5DFED50FB99D-LeaderElection64] INFO  server.RaftServerConfigKeys (ConfUtils.java:logGet(43)) - raft.server.write.element-limit = 4096 (default)
2019-10-14 17:02:25,643 [7e4f6eba-8108-4790-81d0-d5b7440af6ab@group-5DFED50FB99D-LeaderElection64] INFO  server.RaftServerConfigKeys (ConfUtils.java:logGet(43)) - raft.server.watch.timeout = 10s (default)
2019-10-14 17:02:25,643 [7e4f6eba-8108-4790-81d0-d5b7440af6ab@group-5DFED50FB99D-LeaderElection64] INFO  server.RaftServerConfigKeys (ConfUtils.java:logGet(43)) - raft.server.watch.timeout.denomination = 1s (default)
2019-10-14 17:02:25,643 [7e4f6eba-8108-4790-81d0-d5b7440af6ab@group-5DFED50FB99D-LeaderElection64] INFO  server.RaftServerConfigKeys (ConfUtils.java:logGet(43)) - raft.server.watch.element-limit = 65536 (default)
2019-10-14 17:02:25,645 [7e4f6eba-8108-4790-81d0-d5b7440af6ab@group-5DFED50FB99D-LeaderElection64] INFO  server.RaftServerConfigKeys (ConfUtils.java:logGet(43)) - raft.server.log.appender.snapshot.chunk.size.max = 16MB (=16777216) (default)
2019-10-14 17:02:25,646 [7e4f6eba-8108-4790-81d0-d5b7440af6ab@group-5DFED50FB99D-LeaderElection64] INFO  server.RaftServerConfigKeys (ConfUtils.java:logGet(43)) - raft.server.log.appender.buffer.byte-limit = 33554432 (custom)
2019-10-14 17:02:25,646 [7e4f6eba-8108-4790-81d0-d5b7440af6ab@group-5DFED50FB99D-LeaderElection64] INFO  server.RaftServerConfigKeys (ConfUtils.java:logGet(43)) - raft.server.log.appender.buffer.element-limit = 1 (custom)
2019-10-14 17:02:25,646 [7e4f6eba-8108-4790-81d0-d5b7440af6ab@group-5DFED50FB99D-LeaderElection64] INFO  grpc.GrpcConfigKeys$Server (ConfUtils.java:logGet(43)) - raft.grpc.server.leader.outstanding.appends.max = 128 (default)
2019-10-14 17:02:25,646 [7e4f6eba-8108-4790-81d0-d5b7440af6ab@group-5DFED50FB99D-LeaderElection64] INFO  server.RaftServerConfigKeys (ConfUtils.java:logGet(43)) - raft.server.rpc.request.timeout = 3000ms (default)
2019-10-14 17:02:25,647 [7e4f6eba-8108-4790-81d0-d5b7440af6ab@group-5DFED50FB99D-LeaderElection64] INFO  server.RaftServerConfigKeys (ConfUtils.java:logGet(43)) - raft.server.log.appender.install.snapshot.enabled = false (custom)
2019-10-14 17:02:25,647 [7e4f6eba-8108-4790-81d0-d5b7440af6ab@group-5DFED50FB99D-LeaderElection64] INFO  server.RaftServerConfigKeys (ConfUtils.java:logGet(43)) - raft.server.log.appender.snapshot.chunk.size.max = 16MB (=16777216) (default)
2019-10-14 17:02:25,647 [7e4f6eba-8108-4790-81d0-d5b7440af6ab@group-5DFED50FB99D-LeaderElection64] INFO  server.RaftServerConfigKeys (ConfUtils.java:logGet(43)) - raft.server.log.appender.buffer.byte-limit = 33554432 (custom)
2019-10-14 17:02:25,648 [7e4f6eba-8108-4790-81d0-d5b7440af6ab@group-5DFED50FB99D-LeaderElection64] INFO  server.RaftServerConfigKeys (ConfUtils.java:logGet(43)) - raft.server.log.appender.buffer.element-limit = 1 (custom)
2019-10-14 17:02:25,648 [7e4f6eba-8108-4790-81d0-d5b7440af6ab@group-5DFED50FB99D-LeaderElection64] INFO  grpc.GrpcConfigKeys$Server (ConfUtils.java:logGet(43)) - raft.grpc.server.leader.outstanding.appends.max = 128 (default)
2019-10-14 17:02:25,648 [7e4f6eba-8108-4790-81d0-d5b7440af6ab@group-5DFED50FB99D-LeaderElection64] INFO  server.RaftServerConfigKeys (ConfUtils.java:logGet(43)) - raft.server.rpc.request.timeout = 3000ms (default)
2019-10-14 17:02:25,648 [7e4f6eba-8108-4790-81d0-d5b7440af6ab@group-5DFED50FB99D-LeaderElection64] INFO  server.RaftServerConfigKeys (ConfUtils.java:logGet(43)) - raft.server.log.appender.install.snapshot.enabled = false (custom)
2019-10-14 17:02:25,649 [7e4f6eba-8108-4790-81d0-d5b7440af6ab@group-5DFED50FB99D-LeaderElection64] INFO  impl.RoleInfo (RoleInfo.java:updateAndGet(143)) - 7e4f6eba-8108-4790-81d0-d5b7440af6ab: start LeaderState
2019-10-14 17:02:25,649 [7e4f6eba-8108-4790-81d0-d5b7440af6ab@group-5DFED50FB99D-LeaderElection64] INFO  segmented.SegmentedRaftLogWorker (SegmentedRaftLogWorker.java:startLogSegment(385)) - 7e4f6eba-8108-4790-81d0-d5b7440af6ab@group-5DFED50FB99D-SegmentedRaftLogWorker: Starting segment from index:0
2019-10-14 17:02:25,650 [7e4f6eba-8108-4790-81d0-d5b7440af6ab@group-5DFED50FB99D-LeaderElection64] INFO  impl.RaftServerImpl (ServerState.java:setRaftConf(356)) - 7e4f6eba-8108-4790-81d0-d5b7440af6ab@group-5DFED50FB99D: set configuration 0: [6e6183a5-2e5d-463f-9430-ef1a8c6c82a9:192.168.151.105:39099, 779928b1-f347-45c8-80c5-fc8be018db38:192.168.151.105:38802, 7e4f6eba-8108-4790-81d0-d5b7440af6ab:192.168.151.105:33428], old=null at 0
2019-10-14 17:02:25,651 [grpc-default-executor-0] INFO  impl.RaftServerImpl (ServerState.java:setLeader(255)) - 6e6183a5-2e5d-463f-9430-ef1a8c6c82a9@group-5DFED50FB99D: change Leader from null to 7e4f6eba-8108-4790-81d0-d5b7440af6ab at term 1 for appendEntries, leader elected after 5142ms
2019-10-14 17:02:25,651 [grpc-default-executor-0] INFO  impl.RaftServerImpl (ServerState.java:setLeader(255)) - 779928b1-f347-45c8-80c5-fc8be018db38@group-5DFED50FB99D: change Leader from null to 7e4f6eba-8108-4790-81d0-d5b7440af6ab at term 1 for appendEntries, leader elected after 5143ms
2019-10-14 17:02:25,652 [grpc-default-executor-3] INFO  impl.RaftServerImpl (ServerState.java:setRaftConf(356)) - 6e6183a5-2e5d-463f-9430-ef1a8c6c82a9@group-5DFED50FB99D: set configuration 0: [6e6183a5-2e5d-463f-9430-ef1a8c6c82a9:192.168.151.105:39099, 779928b1-f347-45c8-80c5-fc8be018db38:192.168.151.105:38802, 7e4f6eba-8108-4790-81d0-d5b7440af6ab:192.168.151.105:33428], old=null at 0
2019-10-14 17:02:25,653 [grpc-default-executor-3] INFO  segmented.SegmentedRaftLogWorker (SegmentedRaftLogWorker.java:startLogSegment(385)) - 6e6183a5-2e5d-463f-9430-ef1a8c6c82a9@group-5DFED50FB99D-SegmentedRaftLogWorker: Starting segment from index:0
2019-10-14 17:02:25,653 [grpc-default-executor-0] INFO  impl.RaftServerImpl (ServerState.java:setRaftConf(356)) - 779928b1-f347-45c8-80c5-fc8be018db38@group-5DFED50FB99D: set configuration 0: [6e6183a5-2e5d-463f-9430-ef1a8c6c82a9:192.168.151.105:39099, 779928b1-f347-45c8-80c5-fc8be018db38:192.168.151.105:38802, 7e4f6eba-8108-4790-81d0-d5b7440af6ab:192.168.151.105:33428], old=null at 0
2019-10-14 17:02:25,653 [grpc-default-executor-0] INFO  segmented.SegmentedRaftLogWorker (SegmentedRaftLogWorker.java:startLogSegment(385)) - 779928b1-f347-45c8-80c5-fc8be018db38@group-5DFED50FB99D-SegmentedRaftLogWorker: Starting segment from index:0
2019-10-14 17:02:25,707 [6e6183a5-2e5d-463f-9430-ef1a8c6c82a9@group-5DFED50FB99D-SegmentedRaftLogWorker] INFO  segmented.SegmentedRaftLogWorker (SegmentedRaftLogWorker.java:execute(574)) - 6e6183a5-2e5d-463f-9430-ef1a8c6c82a9@group-5DFED50FB99D-SegmentedRaftLogWorker: created new log segment /workdir/hadoop-ozone/integration-test/target/test-dir/MiniOzoneClusterImpl-b8618e02-721c-46c9-8156-6a032b4cc7f2/datanode-5/data/ratis/57e0466c-70df-42e6-86b6-5dfed50fb99d/current/log_inprogress_0
2019-10-14 17:02:25,707 [7e4f6eba-8108-4790-81d0-d5b7440af6ab@group-5DFED50FB99D-SegmentedRaftLogWorker] INFO  segmented.SegmentedRaftLogWorker (SegmentedRaftLogWorker.java:execute(574)) - 7e4f6eba-8108-4790-81d0-d5b7440af6ab@group-5DFED50FB99D-SegmentedRaftLogWorker: created new log segment /workdir/hadoop-ozone/integration-test/target/test-dir/MiniOzoneClusterImpl-b8618e02-721c-46c9-8156-6a032b4cc7f2/datanode-4/data/ratis/57e0466c-70df-42e6-86b6-5dfed50fb99d/current/log_inprogress_0
2019-10-14 17:02:25,707 [779928b1-f347-45c8-80c5-fc8be018db38@group-5DFED50FB99D-SegmentedRaftLogWorker] INFO  segmented.SegmentedRaftLogWorker (SegmentedRaftLogWorker.java:execute(574)) - 779928b1-f347-45c8-80c5-fc8be018db38@group-5DFED50FB99D-SegmentedRaftLogWorker: created new log segment /workdir/hadoop-ozone/integration-test/target/test-dir/MiniOzoneClusterImpl-b8618e02-721c-46c9-8156-6a032b4cc7f2/datanode-3/data/ratis/57e0466c-70df-42e6-86b6-5dfed50fb99d/current/log_inprogress_0
2019-10-14 17:02:25,718 [grpc-default-executor-0] WARN  server.GrpcLogAppender (LogUtils.java:warn(134)) - d13dccf9-d9ae-4e52-b31c-0cdd593c4443@group-257A60561570->b1f94540-e6e2-4b9c-8187-24ae5f8a5790-AppendLogResponseHandler: Failed appendEntries: org.apache.ratis.thirdparty.io.grpc.StatusRuntimeException: UNAVAILABLE: io exception
2019-10-14 17:02:25,719 [grpc-default-executor-0] INFO  impl.FollowerInfo (FollowerInfo.java:lambda$new$0(51)) - d13dccf9-d9ae-4e52-b31c-0cdd593c4443@group-257A60561570->b1f94540-e6e2-4b9c-8187-24ae5f8a5790: nextIndex: updateUnconditionally 0 -> 0
2019-10-14 17:02:25,722 [grpc-default-executor-5] WARN  server.GrpcLogAppender (LogUtils.java:warn(134)) - d13dccf9-d9ae-4e52-b31c-0cdd593c4443@group-257A60561570->d2f466cc-8a7c-4992-bcda-2dc638fd3333-AppendLogResponseHandler: Failed appendEntries: org.apache.ratis.thirdparty.io.grpc.StatusRuntimeException: UNAVAILABLE: io exception
2019-10-14 17:02:25,722 [grpc-default-executor-5] INFO  impl.FollowerInfo (FollowerInfo.java:lambda$new$0(51)) - d13dccf9-d9ae-4e52-b31c-0cdd593c4443@group-257A60561570->d2f466cc-8a7c-4992-bcda-2dc638fd3333: nextIndex: updateUnconditionally 0 -> 0
2019-10-14 17:02:25,865 [Datanode State Machine Thread - 0] INFO  statemachine.DatanodeStateMachine (DatanodeStateMachine.java:lambda$startDaemon$0(350)) - Ozone container server started.
2019-10-14 17:02:28,219 [grpc-default-executor-3] WARN  server.GrpcLogAppender (LogUtils.java:warn(134)) - d13dccf9-d9ae-4e52-b31c-0cdd593c4443@group-257A60561570->b1f94540-e6e2-4b9c-8187-24ae5f8a5790-AppendLogResponseHandler: Failed appendEntries: org.apache.ratis.thirdparty.io.grpc.StatusRuntimeException: UNAVAILABLE: io exception
2019-10-14 17:02:28,219 [grpc-default-executor-3] INFO  impl.FollowerInfo (FollowerInfo.java:lambda$new$0(51)) - d13dccf9-d9ae-4e52-b31c-0cdd593c4443@group-257A60561570->b1f94540-e6e2-4b9c-8187-24ae5f8a5790: nextIndex: updateUnconditionally 0 -> 0
2019-10-14 17:02:28,222 [grpc-default-executor-3] WARN  server.GrpcLogAppender (LogUtils.java:warn(134)) - d13dccf9-d9ae-4e52-b31c-0cdd593c4443@group-257A60561570->d2f466cc-8a7c-4992-bcda-2dc638fd3333-AppendLogResponseHandler: Failed appendEntries: org.apache.ratis.thirdparty.io.grpc.StatusRuntimeException: UNAVAILABLE: io exception
2019-10-14 17:02:28,222 [grpc-default-executor-3] INFO  impl.FollowerInfo (FollowerInfo.java:lambda$new$0(51)) - d13dccf9-d9ae-4e52-b31c-0cdd593c4443@group-257A60561570->d2f466cc-8a7c-4992-bcda-2dc638fd3333: nextIndex: updateUnconditionally 0 -> 0
2019-10-14 17:02:30,043 [EventQueue-StaleNodeForStaleNodeHandler] INFO  node.StaleNodeHandler (StaleNodeHandler.java:onMessage(58)) - Datanode b1f94540-e6e2-4b9c-8187-24ae5f8a5790{ip: 192.168.151.105, host: pr-hdds-2196-2-9v7pc-2718207715, networkLocation: /default-rack, certSerialId: null} moved to stale state. Finalizing its pipelines [PipelineID=272dbfb2-69f7-499a-a33d-257a60561570, PipelineID=2d7fbb73-6671-462c-bab4-3fb64b17aa70]
2019-10-14 17:02:30,044 [EventQueue-StaleNodeForStaleNodeHandler] INFO  pipeline.SCMPipelineManager (SCMPipelineManager.java:finalizeAndDestroyPipeline(315)) - destroying pipeline:Pipeline[ Id: 272dbfb2-69f7-499a-a33d-257a60561570, Nodes: b1f94540-e6e2-4b9c-8187-24ae5f8a5790{ip: 192.168.151.105, host: pr-hdds-2196-2-9v7pc-2718207715, networkLocation: /default-rack, certSerialId: null}d2f466cc-8a7c-4992-bcda-2dc638fd3333{ip: 192.168.151.105, host: pr-hdds-2196-2-9v7pc-2718207715, networkLocation: /default-rack, certSerialId: null}d13dccf9-d9ae-4e52-b31c-0cdd593c4443{ip: 192.168.151.105, host: pr-hdds-2196-2-9v7pc-2718207715, networkLocation: /default-rack, certSerialId: null}, Type:RATIS, Factor:THREE, State:OPEN]
2019-10-14 17:02:30,044 [EventQueue-StaleNodeForStaleNodeHandler] INFO  pipeline.PipelineStateManager (PipelineStateManager.java:finalizePipeline(123)) - Pipeline Pipeline[ Id: 272dbfb2-69f7-499a-a33d-257a60561570, Nodes: b1f94540-e6e2-4b9c-8187-24ae5f8a5790{ip: 192.168.151.105, host: pr-hdds-2196-2-9v7pc-2718207715, networkLocation: /default-rack, certSerialId: null}d2f466cc-8a7c-4992-bcda-2dc638fd3333{ip: 192.168.151.105, host: pr-hdds-2196-2-9v7pc-2718207715, networkLocation: /default-rack, certSerialId: null}d13dccf9-d9ae-4e52-b31c-0cdd593c4443{ip: 192.168.151.105, host: pr-hdds-2196-2-9v7pc-2718207715, networkLocation: /default-rack, certSerialId: null}, Type:RATIS, Factor:THREE, State:CLOSED] moved to CLOSED state
2019-10-14 17:02:30,044 [EventQueue-CloseContainerForCloseContainerEventHandler] INFO  container.CloseContainerEventHandler (CloseContainerEventHandler.java:onMessage(61)) - Close container Event triggered for container : #1
2019-10-14 17:02:30,044 [EventQueue-StaleNodeForStaleNodeHandler] INFO  pipeline.SCMPipelineManager (SCMPipelineManager.java:finalizeAndDestroyPipeline(315)) - destroying pipeline:Pipeline[ Id: 2d7fbb73-6671-462c-bab4-3fb64b17aa70, Nodes: b1f94540-e6e2-4b9c-8187-24ae5f8a5790{ip: 192.168.151.105, host: pr-hdds-2196-2-9v7pc-2718207715, networkLocation: /default-rack, certSerialId: null}, Type:RATIS, Factor:ONE, State:OPEN]
2019-10-14 17:02:30,045 [EventQueue-StaleNodeForStaleNodeHandler] INFO  pipeline.PipelineStateManager (PipelineStateManager.java:finalizePipeline(123)) - Pipeline Pipeline[ Id: 2d7fbb73-6671-462c-bab4-3fb64b17aa70, Nodes: b1f94540-e6e2-4b9c-8187-24ae5f8a5790{ip: 192.168.151.105, host: pr-hdds-2196-2-9v7pc-2718207715, networkLocation: /default-rack, certSerialId: null}, Type:RATIS, Factor:ONE, State:CLOSED] moved to CLOSED state
2019-10-14 17:02:30,720 [grpc-default-executor-3] WARN  server.GrpcLogAppender (LogUtils.java:warn(134)) - d13dccf9-d9ae-4e52-b31c-0cdd593c4443@group-257A60561570->b1f94540-e6e2-4b9c-8187-24ae5f8a5790-AppendLogResponseHandler: Failed appendEntries: org.apache.ratis.thirdparty.io.grpc.StatusRuntimeException: UNAVAILABLE: io exception
2019-10-14 17:02:30,721 [grpc-default-executor-3] INFO  impl.FollowerInfo (FollowerInfo.java:lambda$new$0(51)) - d13dccf9-d9ae-4e52-b31c-0cdd593c4443@group-257A60561570->b1f94540-e6e2-4b9c-8187-24ae5f8a5790: nextIndex: updateUnconditionally 0 -> 0
2019-10-14 17:02:30,722 [grpc-default-executor-3] WARN  server.GrpcLogAppender (LogUtils.java:warn(134)) - d13dccf9-d9ae-4e52-b31c-0cdd593c4443@group-257A60561570->d2f466cc-8a7c-4992-bcda-2dc638fd3333-AppendLogResponseHandler: Failed appendEntries: org.apache.ratis.thirdparty.io.grpc.StatusRuntimeException: UNAVAILABLE: io exception
2019-10-14 17:02:30,723 [grpc-default-executor-3] INFO  impl.FollowerInfo (FollowerInfo.java:lambda$new$0(51)) - d13dccf9-d9ae-4e52-b31c-0cdd593c4443@group-257A60561570->d2f466cc-8a7c-4992-bcda-2dc638fd3333: nextIndex: updateUnconditionally 0 -> 0
2019-10-14 17:02:30,837 [main] INFO  ozoneimpl.OzoneContainer (OzoneContainer.java:stop(227)) - Attempting to stop container services.
2019-10-14 17:02:30,838 [main] INFO  impl.RaftServerProxy (RaftServerProxy.java:lambda$close$4(314)) - 9df34242-257e-4eef-b5b8-318b8d1c4a13: close
2019-10-14 17:02:30,839 [main] INFO  impl.RaftServerImpl (RaftServerImpl.java:lambda$shutdown$3(247)) - 9df34242-257e-4eef-b5b8-318b8d1c4a13@group-DBFEA0D092A5: shutdown
2019-10-14 17:02:30,840 [main] INFO  util.JmxRegister (JmxRegister.java:unregister(73)) - Successfully un-registered JMX Bean with object name Ratis:service=RaftServer,group=group-DBFEA0D092A5,id=9df34242-257e-4eef-b5b8-318b8d1c4a13
2019-10-14 17:02:30,840 [main] INFO  impl.RoleInfo (RoleInfo.java:shutdownLeaderState(104)) - 9df34242-257e-4eef-b5b8-318b8d1c4a13: shutdown LeaderState
2019-10-14 17:02:30,841 [main] INFO  impl.PendingRequests (PendingRequests.java:sendNotLeaderResponses(202)) - 9df34242-257e-4eef-b5b8-318b8d1c4a13@group-DBFEA0D092A5-PendingRequests: sendNotLeaderResponses
2019-10-14 17:02:30,842 [main] INFO  impl.StateMachineUpdater (StateMachineUpdater.java:stopAndJoin(136)) - 9df34242-257e-4eef-b5b8-318b8d1c4a13@group-DBFEA0D092A5-StateMachineUpdater: set stopIndex = 0
2019-10-14 17:02:30,842 [main] INFO  impl.RaftServerImpl (ServerState.java:close(387)) - 9df34242-257e-4eef-b5b8-318b8d1c4a13@group-DBFEA0D092A5: closes. applyIndex: 0
2019-10-14 17:02:30,843 [9df34242-257e-4eef-b5b8-318b8d1c4a13@group-DBFEA0D092A5-SegmentedRaftLogWorker] INFO  segmented.SegmentedRaftLogWorker (SegmentedRaftLogWorker.java:run(316)) - 9df34242-257e-4eef-b5b8-318b8d1c4a13@group-DBFEA0D092A5-SegmentedRaftLogWorker was interrupted, exiting. There are 0 tasks remaining in the queue.
2019-10-14 17:02:30,849 [main] INFO  segmented.SegmentedRaftLogWorker (SegmentedRaftLogWorker.java:close(224)) - 9df34242-257e-4eef-b5b8-318b8d1c4a13@group-DBFEA0D092A5-SegmentedRaftLogWorker close()
2019-10-14 17:02:30,858 [main] INFO  impl.RaftServerImpl (RaftServerImpl.java:lambda$shutdown$3(247)) - 9df34242-257e-4eef-b5b8-318b8d1c4a13@group-3917A8942743: shutdown
2019-10-14 17:02:30,859 [main] INFO  util.JmxRegister (JmxRegister.java:unregister(73)) - Successfully un-registered JMX Bean with object name Ratis:service=RaftServer,group=group-3917A8942743,id=9df34242-257e-4eef-b5b8-318b8d1c4a13
2019-10-14 17:02:30,859 [main] INFO  impl.RoleInfo (RoleInfo.java:shutdownFollowerState(121)) - 9df34242-257e-4eef-b5b8-318b8d1c4a13: shutdown FollowerState
2019-10-14 17:02:30,859 [main] INFO  impl.StateMachineUpdater (StateMachineUpdater.java:stopAndJoin(136)) - 9df34242-257e-4eef-b5b8-318b8d1c4a13@group-3917A8942743-StateMachineUpdater: set stopIndex = 2
2019-10-14 17:02:30,860 [Thread-2378] INFO  impl.FollowerState (FollowerState.java:run(117)) - 9df34242-257e-4eef-b5b8-318b8d1c4a13@group-3917A8942743-FollowerState was interrupted: java.lang.InterruptedException: sleep interrupted
2019-10-14 17:02:30,860 [9df34242-257e-4eef-b5b8-318b8d1c4a13@group-3917A8942743-StateMachineUpdater] INFO  ratis.ContainerStateMachine (ContainerStateMachine.java:takeSnapshot(294)) - group-3917A8942743: Taking a snapshot at:(t:1, i:1) file /workdir/hadoop-ozone/integration-test/target/test-dir/MiniOzoneClusterImpl-b8618e02-721c-46c9-8156-6a032b4cc7f2/datanode-0/data/ratis/7b78b2a4-2d4d-4372-8c70-3917a8942743/sm/snapshot.1_1
2019-10-14 17:02:30,878 [9df34242-257e-4eef-b5b8-318b8d1c4a13@group-3917A8942743-StateMachineUpdater] INFO  ratis.ContainerStateMachine (ContainerStateMachine.java:takeSnapshot(305)) - group-3917A8942743: Finished taking a snapshot at:(t:1, i:1) file:/workdir/hadoop-ozone/integration-test/target/test-dir/MiniOzoneClusterImpl-b8618e02-721c-46c9-8156-6a032b4cc7f2/datanode-0/data/ratis/7b78b2a4-2d4d-4372-8c70-3917a8942743/sm/snapshot.1_1 time:19
2019-10-14 17:02:30,879 [9df34242-257e-4eef-b5b8-318b8d1c4a13@group-3917A8942743-StateMachineUpdater] INFO  impl.StateMachineUpdater (StateMachineUpdater.java:takeSnapshot(269)) - 9df34242-257e-4eef-b5b8-318b8d1c4a13@group-3917A8942743-StateMachineUpdater: Took a snapshot at index 1
2019-10-14 17:02:30,879 [9df34242-257e-4eef-b5b8-318b8d1c4a13@group-3917A8942743-StateMachineUpdater] INFO  impl.StateMachineUpdater (StateMachineUpdater.java:lambda$new$0(84)) - 9df34242-257e-4eef-b5b8-318b8d1c4a13@group-3917A8942743-StateMachineUpdater: snapshotIndex: updateIncreasingly -1 -> 1
2019-10-14 17:02:30,879 [9df34242-257e-4eef-b5b8-318b8d1c4a13@group-3917A8942743-StateMachineUpdater] INFO  ratis.ContainerStateMachine (ContainerStateMachine.java:takeSnapshot(294)) - group-3917A8942743: Taking a snapshot at:(t:1, i:1) file /workdir/hadoop-ozone/integration-test/target/test-dir/MiniOzoneClusterImpl-b8618e02-721c-46c9-8156-6a032b4cc7f2/datanode-0/data/ratis/7b78b2a4-2d4d-4372-8c70-3917a8942743/sm/snapshot.1_1
2019-10-14 17:02:30,891 [9df34242-257e-4eef-b5b8-318b8d1c4a13@group-3917A8942743-StateMachineUpdater] INFO  ratis.ContainerStateMachine (ContainerStateMachine.java:takeSnapshot(305)) - group-3917A8942743: Finished taking a snapshot at:(t:1, i:1) file:/workdir/hadoop-ozone/integration-test/target/test-dir/MiniOzoneClusterImpl-b8618e02-721c-46c9-8156-6a032b4cc7f2/datanode-0/data/ratis/7b78b2a4-2d4d-4372-8c70-3917a8942743/sm/snapshot.1_1 time:12
2019-10-14 17:02:30,892 [9df34242-257e-4eef-b5b8-318b8d1c4a13@group-3917A8942743-StateMachineUpdater] INFO  impl.StateMachineUpdater (StateMachineUpdater.java:takeSnapshot(269)) - 9df34242-257e-4eef-b5b8-318b8d1c4a13@group-3917A8942743-StateMachineUpdater: Took a snapshot at index 1
2019-10-14 17:02:30,892 [9df34242-257e-4eef-b5b8-318b8d1c4a13@group-3917A8942743-StateMachineUpdater] INFO  impl.StateMachineUpdater (StateMachineUpdater.java:lambda$new$0(84)) - 9df34242-257e-4eef-b5b8-318b8d1c4a13@group-3917A8942743-StateMachineUpdater: snapshotIndex: updateIncreasingly 1 -> 1
2019-10-14 17:02:30,892 [main] INFO  impl.RaftServerImpl (ServerState.java:close(387)) - 9df34242-257e-4eef-b5b8-318b8d1c4a13@group-3917A8942743: closes. applyIndex: 2
2019-10-14 17:02:30,893 [9df34242-257e-4eef-b5b8-318b8d1c4a13@group-3917A8942743-SegmentedRaftLogWorker] INFO  segmented.SegmentedRaftLogWorker (SegmentedRaftLogWorker.java:run(316)) - 9df34242-257e-4eef-b5b8-318b8d1c4a13@group-3917A8942743-SegmentedRaftLogWorker was interrupted, exiting. There are 0 tasks remaining in the queue.
2019-10-14 17:02:30,897 [main] INFO  segmented.SegmentedRaftLogWorker (SegmentedRaftLogWorker.java:close(224)) - 9df34242-257e-4eef-b5b8-318b8d1c4a13@group-3917A8942743-SegmentedRaftLogWorker close()
2019-10-14 17:02:30,905 [main] INFO  server.GrpcService (GrpcService.java:closeImpl(164)) - 9df34242-257e-4eef-b5b8-318b8d1c4a13: shutdown server with port 41521 now
2019-10-14 17:02:30,907 [grpc-default-executor-0] WARN  server.GrpcServerProtocolService (LogUtils.java:warn(134)) - 9df34242-257e-4eef-b5b8-318b8d1c4a13: installSnapshot onError, lastRequest: 7d21c739-e467-411a-abee-8707c476f8c5->9df34242-257e-4eef-b5b8-318b8d1c4a13#5-t1, previous=(t:1, i:2), leaderCommit=2, initializing? false, entries: <empty>: org.apache.ratis.thirdparty.io.grpc.StatusRuntimeException: CANCELLED: cancelled before receiving half close
2019-10-14 17:02:30,907 [main] INFO  server.GrpcService (GrpcService.java:closeImpl(172)) - 9df34242-257e-4eef-b5b8-318b8d1c4a13: shutdown server with port 41521 successfully
2019-10-14 17:02:30,907 [grpc-default-executor-3] WARN  server.GrpcLogAppender (LogUtils.java:warn(134)) - 7d21c739-e467-411a-abee-8707c476f8c5@group-3917A8942743->9df34242-257e-4eef-b5b8-318b8d1c4a13-AppendLogResponseHandler: Failed appendEntries: org.apache.ratis.thirdparty.io.grpc.StatusRuntimeException: CANCELLED: HTTP/2 error code: CANCEL
Received Rst Stream
2019-10-14 17:02:30,908 [grpc-default-executor-3] INFO  impl.FollowerInfo (FollowerInfo.java:lambda$new$0(51)) - 7d21c739-e467-411a-abee-8707c476f8c5@group-3917A8942743->9df34242-257e-4eef-b5b8-318b8d1c4a13: nextIndex: updateUnconditionally 3 -> 2
2019-10-14 17:02:30,909 [refreshUsed-/workdir/hadoop-ozone/integration-test/target/test-dir/MiniOzoneClusterImpl-b8618e02-721c-46c9-8156-6a032b4cc7f2/datanode-0/data/containers] WARN  fs.CachingGetSpaceUsed (CachingGetSpaceUsed.java:run(183)) - Thread Interrupted waiting to refresh disk information: sleep interrupted
2019-10-14 17:02:30,930 [main] INFO  utils.BackgroundService (BackgroundService.java:shutdown(151)) - Shutting down service BlockDeletingService
2019-10-14 17:02:30,941 [main] INFO  statemachine.DatanodeStateMachine (DatanodeStateMachine.java:stopDaemon(395)) - Ozone container server stopped.
2019-10-14 17:02:30,942 [main] INFO  handler.ContextHandler (ContextHandler.java:doStop(910)) - Stopped o.e.j.w.WebAppContext@20349058{/,null,UNAVAILABLE}{/hddsDatanode}
2019-10-14 17:02:30,943 [main] INFO  server.AbstractConnector (AbstractConnector.java:doStop(318)) - Stopped ServerConnector@6cbb7a7d{HTTP/1.1,[http/1.1]}{0.0.0.0:0}
2019-10-14 17:02:30,944 [main] INFO  handler.ContextHandler (ContextHandler.java:doStop(910)) - Stopped o.e.j.s.ServletContextHandler@285a4fe3{/static,jar:file:/home/user/.m2/repository/org/apache/hadoop/hadoop-hdds-container-service/0.5.0-SNAPSHOT/hadoop-hdds-container-service-0.5.0-SNAPSHOT.jar!/webapps/static,UNAVAILABLE}
2019-10-14 17:02:30,944 [main] INFO  handler.ContextHandler (ContextHandler.java:doStop(910)) - Stopped o.e.j.s.ServletContextHandler@50ec4bfc{/logs,file:///workdir/hadoop-ozone/integration-test/target/log,UNAVAILABLE}
2019-10-14 17:02:30,954 [grpc-default-executor-5] WARN  server.GrpcLogAppender (LogUtils.java:warn(134)) - 7d21c739-e467-411a-abee-8707c476f8c5@group-3917A8942743->9df34242-257e-4eef-b5b8-318b8d1c4a13-AppendLogResponseHandler: Failed appendEntries: org.apache.ratis.thirdparty.io.grpc.StatusRuntimeException: UNAVAILABLE: io exception
2019-10-14 17:02:30,954 [grpc-default-executor-5] INFO  impl.FollowerInfo (FollowerInfo.java:lambda$new$0(51)) - 7d21c739-e467-411a-abee-8707c476f8c5@group-3917A8942743->9df34242-257e-4eef-b5b8-318b8d1c4a13: nextIndex: updateUnconditionally 3 -> 2
2019-10-14 17:02:30,966 [grpc-default-executor-3] WARN  server.GrpcLogAppender (LogUtils.java:warn(134)) - 7d21c739-e467-411a-abee-8707c476f8c5@group-3917A8942743->9df34242-257e-4eef-b5b8-318b8d1c4a13-AppendLogResponseHandler: Failed appendEntries: org.apache.ratis.thirdparty.io.grpc.StatusRuntimeException: UNAVAILABLE: io exception
2019-10-14 17:02:30,966 [grpc-default-executor-3] INFO  impl.FollowerInfo (FollowerInfo.java:lambda$new$0(51)) - 7d21c739-e467-411a-abee-8707c476f8c5@group-3917A8942743->9df34242-257e-4eef-b5b8-318b8d1c4a13: nextIndex: updateUnconditionally 3 -> 2
2019-10-14 17:02:30,978 [grpc-default-executor-5] WARN  server.GrpcLogAppender (LogUtils.java:warn(134)) - 7d21c739-e467-411a-abee-8707c476f8c5@group-3917A8942743->9df34242-257e-4eef-b5b8-318b8d1c4a13-AppendLogResponseHandler: Failed appendEntries: org.apache.ratis.thirdparty.io.grpc.StatusRuntimeException: UNAVAILABLE: io exception
2019-10-14 17:02:30,978 [grpc-default-executor-5] INFO  impl.FollowerInfo (FollowerInfo.java:lambda$new$0(51)) - 7d21c739-e467-411a-abee-8707c476f8c5@group-3917A8942743->9df34242-257e-4eef-b5b8-318b8d1c4a13: nextIndex: updateUnconditionally 3 -> 2
2019-10-14 17:02:30,979 [EventQueue-IncrementalContainerReportForIncrementalContainerReportHandler] WARN  container.IncrementalContainerReportHandler (AbstractContainerReportHandler.java:updateContainerState(145)) - Container #1 is in OPEN state, but the datanode 7d21c739-e467-411a-abee-8707c476f8c5{ip: 192.168.151.105, host: pr-hdds-2196-2-9v7pc-2718207715, networkLocation: /default-rack, certSerialId: null} reports an CLOSING replica.
2019-10-14 17:02:31,003 [EventQueue-IncrementalContainerReportForIncrementalContainerReportHandler] WARN  container.IncrementalContainerReportHandler (AbstractContainerReportHandler.java:updateContainerState(145)) - Container #1 is in OPEN state, but the datanode f1c7b8a7-c5dc-4da4-8dbd-05a5ee83d79e{ip: 192.168.151.105, host: pr-hdds-2196-2-9v7pc-2718207715, networkLocation: /default-rack, certSerialId: null} reports an CLOSING replica.
2019-10-14 17:02:31,035 [RatisApplyTransactionExecutor 1] INFO  interfaces.Container (KeyValueContainer.java:flushAndSyncDB(386)) - Container 1 is synced with bcsId 0.
2019-10-14 17:02:31,065 [RatisApplyTransactionExecutor 1] INFO  interfaces.Container (KeyValueContainer.java:flushAndSyncDB(386)) - Container 1 is synced with bcsId 0.
2019-10-14 17:02:31,067 [RatisApplyTransactionExecutor 1] INFO  interfaces.Container (KeyValueContainer.java:flushAndSyncDB(386)) - Container 1 is synced with bcsId 0.
2019-10-14 17:02:31,067 [RatisApplyTransactionExecutor 1] INFO  interfaces.Container (KeyValueContainer.java:flushAndSyncDB(386)) - Container 1 is synced with bcsId 0.
2019-10-14 17:02:31,072 [RatisApplyTransactionExecutor 1] INFO  interfaces.Container (KeyValueContainer.java:close(335)) - Container 1 is closed with bcsId 0.
2019-10-14 17:02:31,072 [RatisApplyTransactionExecutor 1] INFO  interfaces.Container (KeyValueContainer.java:close(335)) - Container 1 is closed with bcsId 0.
2019-10-14 17:02:31,088 [EventQueue-IncrementalContainerReportForIncrementalContainerReportHandler] WARN  container.IncrementalContainerReportHandler (AbstractContainerReportHandler.java:updateContainerState(145)) - Container #1 is in OPEN state, but the datanode f1c7b8a7-c5dc-4da4-8dbd-05a5ee83d79e{ip: 192.168.151.105, host: pr-hdds-2196-2-9v7pc-2718207715, networkLocation: /default-rack, certSerialId: null} reports an CLOSED replica.
2019-10-14 17:02:31,088 [EventQueue-IncrementalContainerReportForIncrementalContainerReportHandler] WARN  container.IncrementalContainerReportHandler (AbstractContainerReportHandler.java:updateContainerState(145)) - Container #1 is in OPEN state, but the datanode 7d21c739-e467-411a-abee-8707c476f8c5{ip: 192.168.151.105, host: pr-hdds-2196-2-9v7pc-2718207715, networkLocation: /default-rack, certSerialId: null} reports an CLOSED replica.
2019-10-14 17:02:32,830 [grpc-default-executor-5] WARN  server.GrpcLogAppender (LogUtils.java:warn(134)) - d13dccf9-d9ae-4e52-b31c-0cdd593c4443@group-257A60561570->b1f94540-e6e2-4b9c-8187-24ae5f8a5790-AppendLogResponseHandler: Failed appendEntries: org.apache.ratis.thirdparty.io.grpc.StatusRuntimeException: UNAVAILABLE: io exception
2019-10-14 17:02:32,830 [grpc-default-executor-3] WARN  server.GrpcLogAppender (LogUtils.java:warn(134)) - d13dccf9-d9ae-4e52-b31c-0cdd593c4443@group-257A60561570->d2f466cc-8a7c-4992-bcda-2dc638fd3333-AppendLogResponseHandler: Failed appendEntries: org.apache.ratis.thirdparty.io.grpc.StatusRuntimeException: UNAVAILABLE: io exception
2019-10-14 17:02:32,830 [grpc-default-executor-5] INFO  impl.FollowerInfo (FollowerInfo.java:lambda$new$0(51)) - d13dccf9-d9ae-4e52-b31c-0cdd593c4443@group-257A60561570->b1f94540-e6e2-4b9c-8187-24ae5f8a5790: nextIndex: updateUnconditionally 1 -> 0
2019-10-14 17:02:32,830 [grpc-default-executor-3] INFO  impl.FollowerInfo (FollowerInfo.java:lambda$new$0(51)) - d13dccf9-d9ae-4e52-b31c-0cdd593c4443@group-257A60561570->d2f466cc-8a7c-4992-bcda-2dc638fd3333: nextIndex: updateUnconditionally 1 -> 0
2019-10-14 17:02:33,479 [grpc-default-executor-3] WARN  server.GrpcLogAppender (LogUtils.java:warn(134)) - 7d21c739-e467-411a-abee-8707c476f8c5@group-3917A8942743->9df34242-257e-4eef-b5b8-318b8d1c4a13-AppendLogResponseHandler: Failed appendEntries: org.apache.ratis.thirdparty.io.grpc.StatusRuntimeException: UNAVAILABLE: io exception
2019-10-14 17:02:33,479 [grpc-default-executor-3] INFO  impl.FollowerInfo (FollowerInfo.java:lambda$new$0(51)) - 7d21c739-e467-411a-abee-8707c476f8c5@group-3917A8942743->9df34242-257e-4eef-b5b8-318b8d1c4a13: nextIndex: updateUnconditionally 2 -> 1
2019-10-14 17:02:34,056 [Thread-2456] INFO  client.GrpcClientProtocolService (GrpcClientProtocolService.java:lambda$processClientRequest$0(278)) - Failed RaftClientRequest:client-2391BEFE17DD->d13dccf9-d9ae-4e52-b31c-0cdd593c4443@group-257A60561570, cid=67, seq=0, Watch-MAJORITY_COMMITTED(88), Message:<EMPTY>, reply=RaftClientReply:client-2391BEFE17DD->d13dccf9-d9ae-4e52-b31c-0cdd593c4443@group-257A60561570, cid=67, FAILED org.apache.ratis.protocol.NotReplicatedException: Request with call Id 67 and log index 88 is not yet replicated to MAJORITY_COMMITTED, logIndex=88, commits[d13dccf9-d9ae-4e52-b31c-0cdd593c4443:c2, d2f466cc-8a7c-4992-bcda-2dc638fd3333:c2, b1f94540-e6e2-4b9c-8187-24ae5f8a5790:c2]
2019-10-14 17:02:34,056 [Thread-2457] INFO  client.GrpcClientProtocolService (GrpcClientProtocolService.java:lambda$processClientRequest$0(278)) - Failed RaftClientRequest:client-2391BEFE17DD->d13dccf9-d9ae-4e52-b31c-0cdd593c4443@group-257A60561570, cid=66, seq=0, Watch-ALL_COMMITTED(88), Message:<EMPTY>, reply=RaftClientReply:client-2391BEFE17DD->d13dccf9-d9ae-4e52-b31c-0cdd593c4443@group-257A60561570, cid=66, FAILED org.apache.ratis.protocol.NotReplicatedException: Request with call Id 66 and log index 88 is not yet replicated to ALL_COMMITTED, logIndex=88, commits[d13dccf9-d9ae-4e52-b31c-0cdd593c4443:c2, d2f466cc-8a7c-4992-bcda-2dc638fd3333:c2, b1f94540-e6e2-4b9c-8187-24ae5f8a5790:c2]
2019-10-14 17:02:34,109 [main] WARN  scm.XceiverClientRatis (XceiverClientRatis.java:watchForCommit(277)) - 3 way commit failed on pipeline Pipeline[ Id: 7b78b2a4-2d4d-4372-8c70-3917a8942743, Nodes: 9df34242-257e-4eef-b5b8-318b8d1c4a13{ip: 192.168.151.105, host: pr-hdds-2196-2-9v7pc-2718207715, networkLocation: /default-rack, certSerialId: null}f1c7b8a7-c5dc-4da4-8dbd-05a5ee83d79e{ip: 192.168.151.105, host: pr-hdds-2196-2-9v7pc-2718207715, networkLocation: /default-rack, certSerialId: null}7d21c739-e467-411a-abee-8707c476f8c5{ip: 192.168.151.105, host: pr-hdds-2196-2-9v7pc-2718207715, networkLocation: /default-rack, certSerialId: null}, Type:RATIS, Factor:THREE, State:OPEN]
java.util.concurrent.TimeoutException
	at java.util.concurrent.CompletableFuture.timedGet(CompletableFuture.java:1771)
	at java.util.concurrent.CompletableFuture.get(CompletableFuture.java:1915)
	at org.apache.hadoop.hdds.scm.XceiverClientRatis.watchForCommit(XceiverClientRatis.java:274)
	at org.apache.hadoop.ozone.client.rpc.TestWatchForCommit.test2WayCommitForTimeoutException(TestWatchForCommit.java:391)
	at sun.reflect.NativeMethodAccessorImpl.invoke0(Native Method)
	at sun.reflect.NativeMethodAccessorImpl.invoke(NativeMethodAccessorImpl.java:62)
	at sun.reflect.DelegatingMethodAccessorImpl.invoke(DelegatingMethodAccessorImpl.java:43)
	at java.lang.reflect.Method.invoke(Method.java:498)
	at org.junit.runners.model.FrameworkMethod$1.runReflectiveCall(FrameworkMethod.java:47)
	at org.junit.internal.runners.model.ReflectiveCallable.run(ReflectiveCallable.java:12)
	at org.junit.runners.model.FrameworkMethod.invokeExplosively(FrameworkMethod.java:44)
	at org.junit.internal.runners.statements.InvokeMethod.evaluate(InvokeMethod.java:17)
	at org.junit.runners.ParentRunner.runLeaf(ParentRunner.java:271)
	at org.junit.runners.BlockJUnit4ClassRunner.runChild(BlockJUnit4ClassRunner.java:70)
	at org.junit.runners.BlockJUnit4ClassRunner.runChild(BlockJUnit4ClassRunner.java:50)
	at org.junit.runners.ParentRunner$3.run(ParentRunner.java:238)
	at org.junit.runners.ParentRunner$1.schedule(ParentRunner.java:63)
	at org.junit.runners.ParentRunner.runChildren(ParentRunner.java:236)
	at org.junit.runners.ParentRunner.access$000(ParentRunner.java:53)
	at org.junit.runners.ParentRunner$2.evaluate(ParentRunner.java:229)
	at org.junit.runners.ParentRunner.run(ParentRunner.java:309)
	at org.apache.maven.surefire.junit4.JUnit4Provider.execute(JUnit4Provider.java:365)
	at org.apache.maven.surefire.junit4.JUnit4Provider.executeWithRerun(JUnit4Provider.java:273)
	at org.apache.maven.surefire.junit4.JUnit4Provider.executeTestSet(JUnit4Provider.java:238)
	at org.apache.maven.surefire.junit4.JUnit4Provider.invoke(JUnit4Provider.java:159)
	at org.apache.maven.surefire.booter.ForkedBooter.invokeProviderInSameClassLoader(ForkedBooter.java:384)
	at org.apache.maven.surefire.booter.ForkedBooter.runSuitesInProcess(ForkedBooter.java:345)
	at org.apache.maven.surefire.booter.ForkedBooter.execute(ForkedBooter.java:126)
	at org.apache.maven.surefire.booter.ForkedBooter.main(ForkedBooter.java:418)
2019-10-14 17:02:35,330 [grpc-default-executor-2] WARN  server.GrpcLogAppender (LogUtils.java:warn(134)) - d13dccf9-d9ae-4e52-b31c-0cdd593c4443@group-257A60561570->b1f94540-e6e2-4b9c-8187-24ae5f8a5790-AppendLogResponseHandler: Failed appendEntries: org.apache.ratis.thirdparty.io.grpc.StatusRuntimeException: UNAVAILABLE: io exception
2019-10-14 17:02:35,330 [grpc-default-executor-0] WARN  server.GrpcLogAppender (LogUtils.java:warn(134)) - d13dccf9-d9ae-4e52-b31c-0cdd593c4443@group-257A60561570->d2f466cc-8a7c-4992-bcda-2dc638fd3333-AppendLogResponseHandler: Failed appendEntries: org.apache.ratis.thirdparty.io.grpc.StatusRuntimeException: UNAVAILABLE: io exception
2019-10-14 17:02:35,331 [grpc-default-executor-2] INFO  impl.FollowerInfo (FollowerInfo.java:lambda$new$0(51)) - d13dccf9-d9ae-4e52-b31c-0cdd593c4443@group-257A60561570->b1f94540-e6e2-4b9c-8187-24ae5f8a5790: nextIndex: updateUnconditionally 0 -> 0
2019-10-14 17:02:35,331 [grpc-default-executor-0] INFO  impl.FollowerInfo (FollowerInfo.java:lambda$new$0(51)) - d13dccf9-d9ae-4e52-b31c-0cdd593c4443@group-257A60561570->d2f466cc-8a7c-4992-bcda-2dc638fd3333: nextIndex: updateUnconditionally 0 -> 0
2019-10-14 17:02:35,858 [EventQueue-StaleNodeForStaleNodeHandler] INFO  node.StaleNodeHandler (StaleNodeHandler.java:onMessage(58)) - Datanode d2f466cc-8a7c-4992-bcda-2dc638fd3333{ip: 192.168.151.105, host: pr-hdds-2196-2-9v7pc-2718207715, networkLocation: /default-rack, certSerialId: null} moved to stale state. Finalizing its pipelines [PipelineID=0a11e85f-bb04-4028-9e1b-1ba8baee8c3c, PipelineID=272dbfb2-69f7-499a-a33d-257a60561570]
2019-10-14 17:02:35,858 [EventQueue-StaleNodeForStaleNodeHandler] INFO  pipeline.SCMPipelineManager (SCMPipelineManager.java:finalizeAndDestroyPipeline(315)) - destroying pipeline:Pipeline[ Id: 0a11e85f-bb04-4028-9e1b-1ba8baee8c3c, Nodes: d2f466cc-8a7c-4992-bcda-2dc638fd3333{ip: 192.168.151.105, host: pr-hdds-2196-2-9v7pc-2718207715, networkLocation: /default-rack, certSerialId: null}, Type:RATIS, Factor:ONE, State:OPEN]
2019-10-14 17:02:35,859 [EventQueue-StaleNodeForStaleNodeHandler] INFO  pipeline.PipelineStateManager (PipelineStateManager.java:finalizePipeline(123)) - Pipeline Pipeline[ Id: 0a11e85f-bb04-4028-9e1b-1ba8baee8c3c, Nodes: d2f466cc-8a7c-4992-bcda-2dc638fd3333{ip: 192.168.151.105, host: pr-hdds-2196-2-9v7pc-2718207715, networkLocation: /default-rack, certSerialId: null}, Type:RATIS, Factor:ONE, State:CLOSED] moved to CLOSED state
2019-10-14 17:02:35,859 [EventQueue-StaleNodeForStaleNodeHandler] INFO  pipeline.SCMPipelineManager (SCMPipelineManager.java:finalizeAndDestroyPipeline(315)) - destroying pipeline:Pipeline[ Id: 272dbfb2-69f7-499a-a33d-257a60561570, Nodes: b1f94540-e6e2-4b9c-8187-24ae5f8a5790{ip: 192.168.151.105, host: pr-hdds-2196-2-9v7pc-2718207715, networkLocation: /default-rack, certSerialId: null}d2f466cc-8a7c-4992-bcda-2dc638fd3333{ip: 192.168.151.105, host: pr-hdds-2196-2-9v7pc-2718207715, networkLocation: /default-rack, certSerialId: null}d13dccf9-d9ae-4e52-b31c-0cdd593c4443{ip: 192.168.151.105, host: pr-hdds-2196-2-9v7pc-2718207715, networkLocation: /default-rack, certSerialId: null}, Type:RATIS, Factor:THREE, State:CLOSED]
2019-10-14 17:02:35,979 [grpc-default-executor-3] WARN  server.GrpcLogAppender (LogUtils.java:warn(134)) - 7d21c739-e467-411a-abee-8707c476f8c5@group-3917A8942743->9df34242-257e-4eef-b5b8-318b8d1c4a13-AppendLogResponseHandler: Failed appendEntries: org.apache.ratis.thirdparty.io.grpc.StatusRuntimeException: UNAVAILABLE: io exception
2019-10-14 17:02:35,980 [grpc-default-executor-3] INFO  impl.FollowerInfo (FollowerInfo.java:lambda$new$0(51)) - 7d21c739-e467-411a-abee-8707c476f8c5@group-3917A8942743->9df34242-257e-4eef-b5b8-318b8d1c4a13: nextIndex: updateUnconditionally 1 -> 0
]]></system-out>
    <system-err><![CDATA[Oct 14, 2019 5:02:30 PM org.apache.ratis.thirdparty.io.grpc.internal.SerializingExecutor run
SEVERE: Exception while executing runnable org.apache.ratis.thirdparty.io.grpc.internal.ServerImpl$JumpToApplicationThreadServerStreamListener$1Closed@40aaa83d
org.apache.ratis.thirdparty.io.grpc.StatusRuntimeException: CANCELLED: call already cancelled
	at org.apache.ratis.thirdparty.io.grpc.Status.asRuntimeException(Status.java:517)
	at org.apache.ratis.thirdparty.io.grpc.stub.ServerCalls$ServerCallStreamObserverImpl.onCompleted(ServerCalls.java:356)
	at org.apache.ratis.grpc.server.GrpcServerProtocolService$ServerRequestStreamObserver.onError(GrpcServerProtocolService.java:121)
	at org.apache.ratis.thirdparty.io.grpc.stub.ServerCalls$StreamingServerCallHandler$StreamingServerCallListener.onCancel(ServerCalls.java:269)
	at org.apache.ratis.thirdparty.io.grpc.internal.ServerCallImpl$ServerStreamListenerImpl.closed(ServerCallImpl.java:293)
	at org.apache.ratis.thirdparty.io.grpc.internal.ServerImpl$JumpToApplicationThreadServerStreamListener$1Closed.runInContext(ServerImpl.java:741)
	at org.apache.ratis.thirdparty.io.grpc.internal.ContextRunnable.run(ContextRunnable.java:37)
	at org.apache.ratis.thirdparty.io.grpc.internal.SerializingExecutor.run(SerializingExecutor.java:123)
	at java.util.concurrent.ThreadPoolExecutor.runWorker(ThreadPoolExecutor.java:1149)
	at java.util.concurrent.ThreadPoolExecutor$Worker.run(ThreadPoolExecutor.java:624)
	at java.lang.Thread.run(Thread.java:748)

]]></system-err>
  </testcase>
</testsuite>