<?xml version="1.0" encoding="UTF-8"?>
<testsuite xmlns:xsi="http://www.w3.org/2001/XMLSchema-instance" xsi:noNamespaceSchemaLocation="https://maven.apache.org/surefire/maven-surefire-plugin/xsd/surefire-test-report.xsd" name="org.apache.hadoop.ozone.client.rpc.TestBlockOutputStreamWithFailures" time="735.896" tests="8" errors="0" skipped="0" failures="1">
  <properties>
    <property name="awt.toolkit" value="sun.awt.X11.XToolkit"/>
    <property name="file.encoding.pkg" value="sun.io"/>
    <property name="java.specification.version" value="1.8"/>
    <property name="sun.cpu.isalist" value=""/>
    <property name="sun.jnu.encoding" value="UTF-8"/>
    <property name="java.class.path" value="/workdir/hadoop-ozone/integration-test/target/test-classes:/workdir/hadoop-ozone/integration-test/target/classes:/home/user/.m2/repository/org/apache/hadoop/hadoop-ozone-common/0.5.0-SNAPSHOT/hadoop-ozone-common-0.5.0-SNAPSHOT.jar:/home/user/.m2/repository/org/apache/commons/commons-compress/1.4.1/commons-compress-1.4.1.jar:/home/user/.m2/repository/org/tukaani/xz/1.0/xz-1.0.jar:/home/user/.m2/repository/org/apache/hadoop/hadoop-common/3.2.0/hadoop-common-3.2.0.jar:/home/user/.m2/repository/org/apache/hadoop/hadoop-hdfs/3.2.0/hadoop-hdfs-3.2.0.jar:/home/user/.m2/repository/org/apache/hadoop/hadoop-hdfs-client/3.2.0/hadoop-hdfs-client-3.2.0.jar:/home/user/.m2/repository/com/fasterxml/jackson/core/jackson-annotations/2.9.9/jackson-annotations-2.9.9.jar:/home/user/.m2/repository/org/apache/hadoop/hadoop-hdds-common/0.5.0-SNAPSHOT/hadoop-hdds-common-0.5.0-SNAPSHOT.jar:/home/user/.m2/repository/javax/annotation/javax.annotation-api/1.2/javax.annotation-api-1.2.jar:/home/user/.m2/repository/org/apache/ratis/ratis-server/0.5.0-201fc85-SNAPSHOT/ratis-server-0.5.0-201fc85-SNAPSHOT.jar:/home/user/.m2/repository/org/apache/ratis/ratis-thirdparty-misc/0.2.0/ratis-thirdparty-misc-0.2.0.jar:/home/user/.m2/repository/org/apache/ratis/ratis-proto/0.5.0-201fc85-SNAPSHOT/ratis-proto-0.5.0-201fc85-SNAPSHOT.jar:/home/user/.m2/repository/org/apache/ratis/ratis-common/0.5.0-201fc85-SNAPSHOT/ratis-common-0.5.0-201fc85-SNAPSHOT.jar:/home/user/.m2/repository/org/apache/ratis/ratis-client/0.5.0-201fc85-SNAPSHOT/ratis-client-0.5.0-201fc85-SNAPSHOT.jar:/home/user/.m2/repository/org/apache/ratis/ratis-metrics/0.5.0-201fc85-SNAPSHOT/ratis-metrics-0.5.0-201fc85-SNAPSHOT.jar:/home/user/.m2/repository/com/github/joshelser/dropwizard-metrics-hadoop-metrics2-reporter/0.1.2/dropwizard-metrics-hadoop-metrics2-reporter-0.1.2.jar:/home/user/.m2/repository/io/dropwizard/metrics/metrics-jvm/3.2.5/metrics-jvm-3.2.5.jar:/home/user/.m2/repository/io/dropwizard/metrics/metrics-ganglia/3.2.5/metrics-ganglia-3.2.5.jar:/home/user/.m2/repository/info/ganglia/gmetric4j/gmetric4j/1.0.7/gmetric4j-1.0.7.jar:/home/user/.m2/repository/org/apache/ratis/ratis-netty/0.5.0-201fc85-SNAPSHOT/ratis-netty-0.5.0-201fc85-SNAPSHOT.jar:/home/user/.m2/repository/org/apache/ratis/ratis-grpc/0.5.0-201fc85-SNAPSHOT/ratis-grpc-0.5.0-201fc85-SNAPSHOT.jar:/home/user/.m2/repository/org/rocksdb/rocksdbjni/6.0.1/rocksdbjni-6.0.1.jar:/home/user/.m2/repository/org/apache/logging/log4j/log4j-api/2.11.0/log4j-api-2.11.0.jar:/home/user/.m2/repository/org/apache/logging/log4j/log4j-core/2.11.0/log4j-core-2.11.0.jar:/home/user/.m2/repository/com/lmax/disruptor/3.4.2/disruptor-3.4.2.jar:/home/user/.m2/repository/org/apache/commons/commons-pool2/2.6.0/commons-pool2-2.6.0.jar:/home/user/.m2/repository/org/bouncycastle/bcpkix-jdk15on/1.60/bcpkix-jdk15on-1.60.jar:/home/user/.m2/repository/commons-validator/commons-validator/1.6/commons-validator-1.6.jar:/home/user/.m2/repository/commons-digester/commons-digester/1.8.1/commons-digester-1.8.1.jar:/home/user/.m2/repository/io/jaegertracing/jaeger-client/0.34.0/jaeger-client-0.34.0.jar:/home/user/.m2/repository/io/jaegertracing/jaeger-thrift/0.34.0/jaeger-thrift-0.34.0.jar:/home/user/.m2/repository/org/apache/thrift/libthrift/0.12.0/libthrift-0.12.0.jar:/home/user/.m2/repository/com/squareup/okhttp3/okhttp/3.9.0/okhttp-3.9.0.jar:/home/user/.m2/repository/com/squareup/okio/okio/1.13.0/okio-1.13.0.jar:/home/user/.m2/repository/io/jaegertracing/jaeger-core/0.34.0/jaeger-core-0.34.0.jar:/home/user/.m2/repository/io/jaegertracing/jaeger-tracerresolver/0.34.0/jaeger-tracerresolver-0.34.0.jar:/home/user/.m2/repository/io/opentracing/contrib/opentracing-tracerresolver/0.1.5/opentracing-tracerresolver-0.1.5.jar:/home/user/.m2/repository/io/opentracing/opentracing-util/0.31.0/opentracing-util-0.31.0.jar:/home/user/.m2/repository/io/opentracing/opentracing-api/0.31.0/opentracing-api-0.31.0.jar:/home/user/.m2/repository/io/opentracing/opentracing-noop/0.31.0/opentracing-noop-0.31.0.jar:/home/user/.m2/repository/org/apache/hadoop/hadoop-hdds-server-framework/0.5.0-SNAPSHOT/hadoop-hdds-server-framework-0.5.0-SNAPSHOT.jar:/home/user/.m2/repository/org/apache/hadoop/hadoop-hdds-container-service/0.5.0-SNAPSHOT/hadoop-hdds-container-service-0.5.0-SNAPSHOT.jar:/home/user/.m2/repository/org/apache/hadoop/hadoop-hdds-client/0.5.0-SNAPSHOT/hadoop-hdds-client-0.5.0-SNAPSHOT.jar:/home/user/.m2/repository/org/apache/hadoop/hadoop-hdds-tools/0.5.0-SNAPSHOT/hadoop-hdds-tools-0.5.0-SNAPSHOT.jar:/home/user/.m2/repository/org/apache/hadoop/hadoop-hdds-server-scm/0.5.0-SNAPSHOT/hadoop-hdds-server-scm-0.5.0-SNAPSHOT.jar:/home/user/.m2/repository/org/apache/hadoop/hadoop-hdds-docs/0.5.0-SNAPSHOT/hadoop-hdds-docs-0.5.0-SNAPSHOT.jar:/home/user/.m2/repository/io/dropwizard/metrics/metrics-core/3.2.4/metrics-core-3.2.4.jar:/home/user/.m2/repository/org/hamcrest/hamcrest-all/1.3/hamcrest-all-1.3.jar:/home/user/.m2/repository/org/bouncycastle/bcprov-jdk15on/1.60/bcprov-jdk15on-1.60.jar:/home/user/.m2/repository/info/picocli/picocli/3.9.6/picocli-3.9.6.jar:/home/user/.m2/repository/com/google/protobuf/protobuf-java/2.5.0/protobuf-java-2.5.0.jar:/home/user/.m2/repository/com/google/guava/guava/11.0.2/guava-11.0.2.jar:/home/user/.m2/repository/org/apache/hadoop/hadoop-ozone-ozone-manager/0.5.0-SNAPSHOT/hadoop-ozone-ozone-manager-0.5.0-SNAPSHOT.jar:/home/user/.m2/repository/org/apache/hadoop/hadoop-minikdc/3.2.0/hadoop-minikdc-3.2.0.jar:/home/user/.m2/repository/commons-io/commons-io/2.5/commons-io-2.5.jar:/home/user/.m2/repository/org/apache/kerby/kerb-simplekdc/1.0.1/kerb-simplekdc-1.0.1.jar:/home/user/.m2/repository/org/apache/kerby/kerb-client/1.0.1/kerb-client-1.0.1.jar:/home/user/.m2/repository/org/apache/kerby/kerby-config/1.0.1/kerby-config-1.0.1.jar:/home/user/.m2/repository/org/apache/kerby/kerb-core/1.0.1/kerb-core-1.0.1.jar:/home/user/.m2/repository/org/apache/kerby/kerby-pkix/1.0.1/kerby-pkix-1.0.1.jar:/home/user/.m2/repository/org/apache/kerby/kerby-asn1/1.0.1/kerby-asn1-1.0.1.jar:/home/user/.m2/repository/org/apache/kerby/kerby-util/1.0.1/kerby-util-1.0.1.jar:/home/user/.m2/repository/org/apache/kerby/kerb-common/1.0.1/kerb-common-1.0.1.jar:/home/user/.m2/repository/org/apache/kerby/kerb-crypto/1.0.1/kerb-crypto-1.0.1.jar:/home/user/.m2/repository/org/apache/kerby/kerb-util/1.0.1/kerb-util-1.0.1.jar:/home/user/.m2/repository/org/apache/kerby/token-provider/1.0.1/token-provider-1.0.1.jar:/home/user/.m2/repository/org/apache/kerby/kerb-admin/1.0.1/kerb-admin-1.0.1.jar:/home/user/.m2/repository/org/apache/kerby/kerb-server/1.0.1/kerb-server-1.0.1.jar:/home/user/.m2/repository/org/apache/kerby/kerb-identity/1.0.1/kerb-identity-1.0.1.jar:/home/user/.m2/repository/org/apache/kerby/kerby-xdr/1.0.1/kerby-xdr-1.0.1.jar:/home/user/.m2/repository/org/slf4j/slf4j-log4j12/1.7.25/slf4j-log4j12-1.7.25.jar:/home/user/.m2/repository/org/apache/hadoop/hadoop-ozone-s3gateway/0.5.0-SNAPSHOT/hadoop-ozone-s3gateway-0.5.0-SNAPSHOT.jar:/home/user/.m2/repository/org/jboss/weld/servlet/weld-servlet/2.4.7.Final/weld-servlet-2.4.7.Final.jar:/home/user/.m2/repository/org/glassfish/jersey/containers/jersey-container-servlet-core/2.27/jersey-container-servlet-core-2.27.jar:/home/user/.m2/repository/org/glassfish/hk2/external/javax.inject/2.5.0-b42/javax.inject-2.5.0-b42.jar:/home/user/.m2/repository/org/glassfish/jersey/core/jersey-common/2.27/jersey-common-2.27.jar:/home/user/.m2/repository/org/glassfish/hk2/osgi-resource-locator/1.0.1/osgi-resource-locator-1.0.1.jar:/home/user/.m2/repository/javax/ws/rs/javax.ws.rs-api/2.1/javax.ws.rs-api-2.1.jar:/home/user/.m2/repository/org/glassfish/jersey/ext/cdi/jersey-cdi1x/2.27/jersey-cdi1x-2.27.jar:/home/user/.m2/repository/org/glassfish/jersey/inject/jersey-hk2/2.27/jersey-hk2-2.27.jar:/home/user/.m2/repository/org/glassfish/hk2/hk2-locator/2.5.0-b42/hk2-locator-2.5.0-b42.jar:/home/user/.m2/repository/org/javassist/javassist/3.22.0-CR2/javassist-3.22.0-CR2.jar:/home/user/.m2/repository/org/glassfish/hk2/hk2-api/2.5.0/hk2-api-2.5.0.jar:/home/user/.m2/repository/org/glassfish/hk2/external/jakarta.inject/2.5.0/jakarta.inject-2.5.0.jar:/home/user/.m2/repository/org/glassfish/hk2/hk2-utils/2.5.0/hk2-utils-2.5.0.jar:/home/user/.m2/repository/jakarta/annotation/jakarta.annotation-api/1.3.4/jakarta.annotation-api-1.3.4.jar:/home/user/.m2/repository/org/glassfish/hk2/external/aopalliance-repackaged/2.5.0/aopalliance-repackaged-2.5.0.jar:/home/user/.m2/repository/com/fasterxml/jackson/dataformat/jackson-dataformat-xml/2.9.0/jackson-dataformat-xml-2.9.0.jar:/home/user/.m2/repository/com/fasterxml/jackson/core/jackson-core/2.9.9/jackson-core-2.9.9.jar:/home/user/.m2/repository/com/fasterxml/jackson/module/jackson-module-jaxb-annotations/2.9.9/jackson-module-jaxb-annotations-2.9.9.jar:/home/user/.m2/repository/javax/enterprise/cdi-api/1.2/cdi-api-1.2.jar:/home/user/.m2/repository/javax/el/javax.el-api/3.0.0/javax.el-api-3.0.0.jar:/home/user/.m2/repository/javax/interceptor/javax.interceptor-api/1.2/javax.interceptor-api-1.2.jar:/home/user/.m2/repository/javax/inject/javax.inject/1/javax.inject-1.jar:/home/user/.m2/repository/com/sun/xml/bind/jaxb-impl/2.3.0.1/jaxb-impl-2.3.0.1.jar:/home/user/.m2/repository/com/sun/xml/bind/jaxb-core/2.3.0.1/jaxb-core-2.3.0.1.jar:/home/user/.m2/repository/javax/xml/bind/jaxb-api/2.3.0/jaxb-api-2.3.0.jar:/home/user/.m2/repository/javax/activation/activation/1.1.1/activation-1.1.1.jar:/home/user/.m2/repository/org/apache/hadoop/hadoop-ozone-csi/0.5.0-SNAPSHOT/hadoop-ozone-csi-0.5.0-SNAPSHOT.jar:/home/user/.m2/repository/com/google/protobuf/protobuf-java-util/3.5.1/protobuf-java-util-3.5.1.jar:/home/user/.m2/repository/org/apache/hadoop/hadoop-hdds-config/0.5.0-SNAPSHOT/hadoop-hdds-config-0.5.0-SNAPSHOT.jar:/home/user/.m2/repository/io/grpc/grpc-netty/1.17.1/grpc-netty-1.17.1.jar:/home/user/.m2/repository/io/grpc/grpc-core/1.17.1/grpc-core-1.17.1.jar:/home/user/.m2/repository/io/grpc/grpc-context/1.17.1/grpc-context-1.17.1.jar:/home/user/.m2/repository/com/google/errorprone/error_prone_annotations/2.2.0/error_prone_annotations-2.2.0.jar:/home/user/.m2/repository/org/codehaus/mojo/animal-sniffer-annotations/1.17/animal-sniffer-annotations-1.17.jar:/home/user/.m2/repository/io/opencensus/opencensus-api/0.17.0/opencensus-api-0.17.0.jar:/home/user/.m2/repository/io/opencensus/opencensus-contrib-grpc-metrics/0.17.0/opencensus-contrib-grpc-metrics-0.17.0.jar:/home/user/.m2/repository/io/netty/netty-codec-http2/4.1.30.Final/netty-codec-http2-4.1.30.Final.jar:/home/user/.m2/repository/io/netty/netty-codec-http/4.1.30.Final/netty-codec-http-4.1.30.Final.jar:/home/user/.m2/repository/io/netty/netty-codec/4.1.30.Final/netty-codec-4.1.30.Final.jar:/home/user/.m2/repository/io/netty/netty-handler/4.1.30.Final/netty-handler-4.1.30.Final.jar:/home/user/.m2/repository/io/netty/netty-handler-proxy/4.1.30.Final/netty-handler-proxy-4.1.30.Final.jar:/home/user/.m2/repository/io/netty/netty-codec-socks/4.1.30.Final/netty-codec-socks-4.1.30.Final.jar:/home/user/.m2/repository/io/netty/netty-transport-native-epoll/4.1.30.Final/netty-transport-native-epoll-4.1.30.Final.jar:/home/user/.m2/repository/io/netty/netty-common/4.1.30.Final/netty-common-4.1.30.Final.jar:/home/user/.m2/repository/io/netty/netty-buffer/4.1.30.Final/netty-buffer-4.1.30.Final.jar:/home/user/.m2/repository/io/netty/netty-transport/4.1.30.Final/netty-transport-4.1.30.Final.jar:/home/user/.m2/repository/io/netty/netty-resolver/4.1.30.Final/netty-resolver-4.1.30.Final.jar:/home/user/.m2/repository/io/netty/netty-transport-native-unix-common/4.1.30.Final/netty-transport-native-unix-common-4.1.30.Final.jar:/home/user/.m2/repository/io/grpc/grpc-protobuf/1.17.1/grpc-protobuf-1.17.1.jar:/home/user/.m2/repository/com/google/api/grpc/proto-google-common-protos/1.0.0/proto-google-common-protos-1.0.0.jar:/home/user/.m2/repository/io/grpc/grpc-protobuf-lite/1.17.1/grpc-protobuf-lite-1.17.1.jar:/home/user/.m2/repository/io/grpc/grpc-stub/1.17.1/grpc-stub-1.17.1.jar:/home/user/.m2/repository/org/apache/hadoop/hadoop-ozone-recon/0.5.0-SNAPSHOT/hadoop-ozone-recon-0.5.0-SNAPSHOT.jar:/home/user/.m2/repository/org/apache/hadoop/hadoop-ozone-reconcodegen/0.5.0-SNAPSHOT/hadoop-ozone-reconcodegen-0.5.0-SNAPSHOT.jar:/home/user/.m2/repository/com/google/inject/extensions/guice-multibindings/4.0/guice-multibindings-4.0.jar:/home/user/.m2/repository/com/google/inject/guice/4.0/guice-4.0.jar:/home/user/.m2/repository/aopalliance/aopalliance/1.0/aopalliance-1.0.jar:/home/user/.m2/repository/com/google/inject/extensions/guice-servlet/4.0/guice-servlet-4.0.jar:/home/user/.m2/repository/org/glassfish/jersey/containers/jersey-container-servlet/2.27/jersey-container-servlet-2.27.jar:/home/user/.m2/repository/org/glassfish/hk2/guice-bridge/2.5.0/guice-bridge-2.5.0.jar:/home/user/.m2/repository/org/glassfish/jersey/core/jersey-server/2.27/jersey-server-2.27.jar:/home/user/.m2/repository/org/glassfish/jersey/core/jersey-client/2.27/jersey-client-2.27.jar:/home/user/.m2/repository/org/glassfish/jersey/media/jersey-media-jaxb/2.27/jersey-media-jaxb-2.27.jar:/home/user/.m2/repository/javax/validation/validation-api/1.1.0.Final/validation-api-1.1.0.Final.jar:/home/user/.m2/repository/org/glassfish/jersey/media/jersey-media-json-jackson/2.27/jersey-media-json-jackson-2.27.jar:/home/user/.m2/repository/org/glassfish/jersey/ext/jersey-entity-filtering/2.27/jersey-entity-filtering-2.27.jar:/home/user/.m2/repository/com/google/inject/extensions/guice-assistedinject/4.0/guice-assistedinject-4.0.jar:/home/user/.m2/repository/org/jooq/jooq/3.11.10/jooq-3.11.10.jar:/home/user/.m2/repository/org/jooq/jooq-meta/3.11.10/jooq-meta-3.11.10.jar:/home/user/.m2/repository/org/jooq/jooq-codegen/3.11.10/jooq-codegen-3.11.10.jar:/home/user/.m2/repository/com/jolbox/bonecp/0.8.0.RELEASE/bonecp-0.8.0.RELEASE.jar:/home/user/.m2/repository/org/xerial/sqlite-jdbc/3.25.2/sqlite-jdbc-3.25.2.jar:/home/user/.m2/repository/org/springframework/spring-jdbc/5.1.3.RELEASE/spring-jdbc-5.1.3.RELEASE.jar:/home/user/.m2/repository/org/springframework/spring-beans/5.1.3.RELEASE/spring-beans-5.1.3.RELEASE.jar:/home/user/.m2/repository/org/springframework/spring-core/5.1.3.RELEASE/spring-core-5.1.3.RELEASE.jar:/home/user/.m2/repository/org/springframework/spring-jcl/5.1.3.RELEASE/spring-jcl-5.1.3.RELEASE.jar:/home/user/.m2/repository/org/springframework/spring-tx/5.1.3.RELEASE/spring-tx-5.1.3.RELEASE.jar:/home/user/.m2/repository/org/apache/hadoop/hadoop-ozone-client/0.5.0-SNAPSHOT/hadoop-ozone-client-0.5.0-SNAPSHOT.jar:/home/user/.m2/repository/commons-lang/commons-lang/2.6/commons-lang-2.6.jar:/home/user/.m2/repository/org/apache/hadoop/hadoop-ozone-ozone-manager/0.5.0-SNAPSHOT/hadoop-ozone-ozone-manager-0.5.0-SNAPSHOT-tests.jar:/home/user/.m2/repository/junit/junit/4.11/junit-4.11.jar:/home/user/.m2/repository/org/hamcrest/hamcrest-core/1.3/hamcrest-core-1.3.jar:/home/user/.m2/repository/org/openjdk/jmh/jmh-core/1.19/jmh-core-1.19.jar:/home/user/.m2/repository/net/sf/jopt-simple/jopt-simple/4.6/jopt-simple-4.6.jar:/home/user/.m2/repository/org/apache/commons/commons-math3/3.1.1/commons-math3-3.1.1.jar:/home/user/.m2/repository/org/openjdk/jmh/jmh-generator-annprocess/1.19/jmh-generator-annprocess-1.19.jar:/home/user/.m2/repository/org/mockito/mockito-all/1.8.5/mockito-all-1.8.5.jar:/home/user/.m2/repository/org/apache/hadoop/hadoop-kms/3.2.0/hadoop-kms-3.2.0.jar:/home/user/.m2/repository/org/apache/hadoop/hadoop-auth/3.2.0/hadoop-auth-3.2.0.jar:/home/user/.m2/repository/com/nimbusds/nimbus-jose-jwt/4.41.1/nimbus-jose-jwt-4.41.1.jar:/home/user/.m2/repository/com/github/stephenc/jcip/jcip-annotations/1.0-1/jcip-annotations-1.0-1.jar:/home/user/.m2/repository/net/minidev/json-smart/2.3/json-smart-2.3.jar:/home/user/.m2/repository/net/minidev/accessors-smart/1.2/accessors-smart-1.2.jar:/home/user/.m2/repository/org/ow2/asm/asm/5.0.4/asm-5.0.4.jar:/home/user/.m2/repository/org/apache/curator/curator-framework/2.12.0/curator-framework-2.12.0.jar:/home/user/.m2/repository/com/sun/jersey/jersey-core/1.19/jersey-core-1.19.jar:/home/user/.m2/repository/javax/ws/rs/jsr311-api/1.1.1/jsr311-api-1.1.1.jar:/home/user/.m2/repository/com/sun/jersey/jersey-server/1.19/jersey-server-1.19.jar:/home/user/.m2/repository/javax/servlet/javax.servlet-api/3.1.0/javax.servlet-api-3.1.0.jar:/home/user/.m2/repository/org/eclipse/jetty/jetty-server/9.3.25.v20180904/jetty-server-9.3.25.v20180904.jar:/home/user/.m2/repository/org/eclipse/jetty/jetty-http/9.3.25.v20180904/jetty-http-9.3.25.v20180904.jar:/home/user/.m2/repository/org/eclipse/jetty/jetty-io/9.3.25.v20180904/jetty-io-9.3.25.v20180904.jar:/home/user/.m2/repository/org/eclipse/jetty/jetty-webapp/9.3.25.v20180904/jetty-webapp-9.3.25.v20180904.jar:/home/user/.m2/repository/org/eclipse/jetty/jetty-xml/9.3.25.v20180904/jetty-xml-9.3.25.v20180904.jar:/home/user/.m2/repository/log4j/log4j/1.2.17/log4j-1.2.17.jar:/home/user/.m2/repository/org/slf4j/slf4j-api/1.7.25/slf4j-api-1.7.25.jar:/home/user/.m2/repository/org/slf4j/jul-to-slf4j/1.7.25/jul-to-slf4j-1.7.25.jar:/home/user/.m2/repository/org/eclipse/jetty/jetty-util/9.3.25.v20180904/jetty-util-9.3.25.v20180904.jar:/home/user/.m2/repository/com/fasterxml/jackson/core/jackson-databind/2.9.9/jackson-databind-2.9.9.jar:/home/user/.m2/repository/org/apache/hadoop/hadoop-kms/3.2.0/hadoop-kms-3.2.0-tests.jar:/home/user/.m2/repository/org/apache/hadoop/hadoop-hdds-server-scm/0.5.0-SNAPSHOT/hadoop-hdds-server-scm-0.5.0-SNAPSHOT-tests.jar:/home/user/.m2/repository/org/apache/hadoop/hadoop-hdds-container-service/0.5.0-SNAPSHOT/hadoop-hdds-container-service-0.5.0-SNAPSHOT-tests.jar:/home/user/.m2/repository/org/yaml/snakeyaml/1.16/snakeyaml-1.16.jar:/home/user/.m2/repository/org/apache/hadoop/hadoop-common/3.2.0/hadoop-common-3.2.0-tests.jar:/home/user/.m2/repository/org/apache/hadoop/hadoop-annotations/3.2.0/hadoop-annotations-3.2.0.jar:/usr/lib/jvm/java-1.8-openjdk/jre/../lib/tools.jar:/home/user/.m2/repository/commons-cli/commons-cli/1.2/commons-cli-1.2.jar:/home/user/.m2/repository/org/apache/httpcomponents/httpclient/4.5.2/httpclient-4.5.2.jar:/home/user/.m2/repository/org/apache/httpcomponents/httpcore/4.4.4/httpcore-4.4.4.jar:/home/user/.m2/repository/commons-codec/commons-codec/1.11/commons-codec-1.11.jar:/home/user/.m2/repository/commons-net/commons-net/3.6/commons-net-3.6.jar:/home/user/.m2/repository/commons-collections/commons-collections/3.2.2/commons-collections-3.2.2.jar:/home/user/.m2/repository/org/eclipse/jetty/jetty-servlet/9.3.25.v20180904/jetty-servlet-9.3.25.v20180904.jar:/home/user/.m2/repository/org/eclipse/jetty/jetty-security/9.3.25.v20180904/jetty-security-9.3.25.v20180904.jar:/home/user/.m2/repository/javax/servlet/jsp/jsp-api/2.1/jsp-api-2.1.jar:/home/user/.m2/repository/com/sun/jersey/jersey-servlet/1.19/jersey-servlet-1.19.jar:/home/user/.m2/repository/com/sun/jersey/jersey-json/1.19/jersey-json-1.19.jar:/home/user/.m2/repository/org/codehaus/jettison/jettison/1.1/jettison-1.1.jar:/home/user/.m2/repository/org/codehaus/jackson/jackson-core-asl/1.9.13/jackson-core-asl-1.9.13.jar:/home/user/.m2/repository/org/codehaus/jackson/jackson-mapper-asl/1.9.13/jackson-mapper-asl-1.9.13.jar:/home/user/.m2/repository/org/codehaus/jackson/jackson-jaxrs/1.9.13/jackson-jaxrs-1.9.13.jar:/home/user/.m2/repository/org/codehaus/jackson/jackson-xc/1.9.13/jackson-xc-1.9.13.jar:/home/user/.m2/repository/commons-logging/commons-logging/1.1.3/commons-logging-1.1.3.jar:/home/user/.m2/repository/commons-beanutils/commons-beanutils/1.9.4/commons-beanutils-1.9.4.jar:/home/user/.m2/repository/org/apache/commons/commons-configuration2/2.1.1/commons-configuration2-2.1.1.jar:/home/user/.m2/repository/org/apache/commons/commons-lang3/3.7/commons-lang3-3.7.jar:/home/user/.m2/repository/org/apache/commons/commons-text/1.4/commons-text-1.4.jar:/home/user/.m2/repository/org/apache/avro/avro/1.7.7/avro-1.7.7.jar:/home/user/.m2/repository/com/thoughtworks/paranamer/paranamer/2.3/paranamer-2.3.jar:/home/user/.m2/repository/org/xerial/snappy/snappy-java/1.0.5/snappy-java-1.0.5.jar:/home/user/.m2/repository/com/google/re2j/re2j/1.1/re2j-1.1.jar:/home/user/.m2/repository/com/google/code/gson/gson/2.2.4/gson-2.2.4.jar:/home/user/.m2/repository/com/jcraft/jsch/0.1.54/jsch-0.1.54.jar:/home/user/.m2/repository/org/apache/curator/curator-client/2.12.0/curator-client-2.12.0.jar:/home/user/.m2/repository/org/apache/curator/curator-recipes/2.12.0/curator-recipes-2.12.0.jar:/home/user/.m2/repository/com/google/code/findbugs/jsr305/3.0.0/jsr305-3.0.0.jar:/home/user/.m2/repository/org/apache/htrace/htrace-core4/4.1.0-incubating/htrace-core4-4.1.0-incubating.jar:/home/user/.m2/repository/org/apache/zookeeper/zookeeper/3.4.13/zookeeper-3.4.13.jar:/home/user/.m2/repository/jline/jline/0.9.94/jline-0.9.94.jar:/home/user/.m2/repository/org/apache/yetus/audience-annotations/0.5.0/audience-annotations-0.5.0.jar:/home/user/.m2/repository/org/codehaus/woodstox/stax2-api/3.1.4/stax2-api-3.1.4.jar:/home/user/.m2/repository/com/fasterxml/woodstox/woodstox-core/5.0.3/woodstox-core-5.0.3.jar:/home/user/.m2/repository/dnsjava/dnsjava/2.1.7/dnsjava-2.1.7.jar:/home/user/.m2/repository/org/apache/hadoop/hadoop-hdfs/3.2.0/hadoop-hdfs-3.2.0-tests.jar:/home/user/.m2/repository/org/eclipse/jetty/jetty-util-ajax/9.3.25.v20180904/jetty-util-ajax-9.3.25.v20180904.jar:/home/user/.m2/repository/commons-daemon/commons-daemon/1.0.13/commons-daemon-1.0.13.jar:/home/user/.m2/repository/io/netty/netty/3.10.5.Final/netty-3.10.5.Final.jar:/home/user/.m2/repository/io/netty/netty-all/4.0.52.Final/netty-all-4.0.52.Final.jar:/home/user/.m2/repository/org/fusesource/leveldbjni/leveldbjni-all/1.8/leveldbjni-all-1.8.jar:"/>
    <property name="java.vm.vendor" value="IcedTea"/>
    <property name="sun.arch.data.model" value="64"/>
    <property name="test.build.dir" value="/workdir/hadoop-ozone/integration-test/target/test-dir"/>
    <property name="test.cache.data" value=""/>
    <property name="java.vendor.url" value="https://icedtea.classpath.org"/>
    <property name="user.timezone" value=""/>
    <property name="java.vm.specification.version" value="1.8"/>
    <property name="os.name" value="Linux"/>
    <property name="test.build.data" value="/workdir/hadoop-ozone/integration-test/target/test-dir"/>
    <property name="user.country" value="US"/>
    <property name="sun.java.launcher" value="SUN_STANDARD"/>
    <property name="sun.boot.library.path" value="/usr/lib/jvm/java-1.8-openjdk/jre/lib/amd64"/>
    <property name="sun.java.command" value="/workdir/hadoop-ozone/integration-test/target/surefire/surefirebooter9092431951351786335.jar /workdir/hadoop-ozone/integration-test/target/surefire 2019-10-14T15-46-32_671-jvmRun1 surefire8429975758009029872tmp surefire_656353529840323100928tmp"/>
    <property name="test" value="!TestMiniChaosOzoneCluster"/>
    <property name="surefire.test.class.path" value="/workdir/hadoop-ozone/integration-test/target/test-classes:/workdir/hadoop-ozone/integration-test/target/classes:/home/user/.m2/repository/org/apache/hadoop/hadoop-ozone-common/0.5.0-SNAPSHOT/hadoop-ozone-common-0.5.0-SNAPSHOT.jar:/home/user/.m2/repository/org/apache/commons/commons-compress/1.4.1/commons-compress-1.4.1.jar:/home/user/.m2/repository/org/tukaani/xz/1.0/xz-1.0.jar:/home/user/.m2/repository/org/apache/hadoop/hadoop-common/3.2.0/hadoop-common-3.2.0.jar:/home/user/.m2/repository/org/apache/hadoop/hadoop-hdfs/3.2.0/hadoop-hdfs-3.2.0.jar:/home/user/.m2/repository/org/apache/hadoop/hadoop-hdfs-client/3.2.0/hadoop-hdfs-client-3.2.0.jar:/home/user/.m2/repository/com/fasterxml/jackson/core/jackson-annotations/2.9.9/jackson-annotations-2.9.9.jar:/home/user/.m2/repository/org/apache/hadoop/hadoop-hdds-common/0.5.0-SNAPSHOT/hadoop-hdds-common-0.5.0-SNAPSHOT.jar:/home/user/.m2/repository/javax/annotation/javax.annotation-api/1.2/javax.annotation-api-1.2.jar:/home/user/.m2/repository/org/apache/ratis/ratis-server/0.5.0-201fc85-SNAPSHOT/ratis-server-0.5.0-201fc85-SNAPSHOT.jar:/home/user/.m2/repository/org/apache/ratis/ratis-thirdparty-misc/0.2.0/ratis-thirdparty-misc-0.2.0.jar:/home/user/.m2/repository/org/apache/ratis/ratis-proto/0.5.0-201fc85-SNAPSHOT/ratis-proto-0.5.0-201fc85-SNAPSHOT.jar:/home/user/.m2/repository/org/apache/ratis/ratis-common/0.5.0-201fc85-SNAPSHOT/ratis-common-0.5.0-201fc85-SNAPSHOT.jar:/home/user/.m2/repository/org/apache/ratis/ratis-client/0.5.0-201fc85-SNAPSHOT/ratis-client-0.5.0-201fc85-SNAPSHOT.jar:/home/user/.m2/repository/org/apache/ratis/ratis-metrics/0.5.0-201fc85-SNAPSHOT/ratis-metrics-0.5.0-201fc85-SNAPSHOT.jar:/home/user/.m2/repository/com/github/joshelser/dropwizard-metrics-hadoop-metrics2-reporter/0.1.2/dropwizard-metrics-hadoop-metrics2-reporter-0.1.2.jar:/home/user/.m2/repository/io/dropwizard/metrics/metrics-jvm/3.2.5/metrics-jvm-3.2.5.jar:/home/user/.m2/repository/io/dropwizard/metrics/metrics-ganglia/3.2.5/metrics-ganglia-3.2.5.jar:/home/user/.m2/repository/info/ganglia/gmetric4j/gmetric4j/1.0.7/gmetric4j-1.0.7.jar:/home/user/.m2/repository/org/apache/ratis/ratis-netty/0.5.0-201fc85-SNAPSHOT/ratis-netty-0.5.0-201fc85-SNAPSHOT.jar:/home/user/.m2/repository/org/apache/ratis/ratis-grpc/0.5.0-201fc85-SNAPSHOT/ratis-grpc-0.5.0-201fc85-SNAPSHOT.jar:/home/user/.m2/repository/org/rocksdb/rocksdbjni/6.0.1/rocksdbjni-6.0.1.jar:/home/user/.m2/repository/org/apache/logging/log4j/log4j-api/2.11.0/log4j-api-2.11.0.jar:/home/user/.m2/repository/org/apache/logging/log4j/log4j-core/2.11.0/log4j-core-2.11.0.jar:/home/user/.m2/repository/com/lmax/disruptor/3.4.2/disruptor-3.4.2.jar:/home/user/.m2/repository/org/apache/commons/commons-pool2/2.6.0/commons-pool2-2.6.0.jar:/home/user/.m2/repository/org/bouncycastle/bcpkix-jdk15on/1.60/bcpkix-jdk15on-1.60.jar:/home/user/.m2/repository/commons-validator/commons-validator/1.6/commons-validator-1.6.jar:/home/user/.m2/repository/commons-digester/commons-digester/1.8.1/commons-digester-1.8.1.jar:/home/user/.m2/repository/io/jaegertracing/jaeger-client/0.34.0/jaeger-client-0.34.0.jar:/home/user/.m2/repository/io/jaegertracing/jaeger-thrift/0.34.0/jaeger-thrift-0.34.0.jar:/home/user/.m2/repository/org/apache/thrift/libthrift/0.12.0/libthrift-0.12.0.jar:/home/user/.m2/repository/com/squareup/okhttp3/okhttp/3.9.0/okhttp-3.9.0.jar:/home/user/.m2/repository/com/squareup/okio/okio/1.13.0/okio-1.13.0.jar:/home/user/.m2/repository/io/jaegertracing/jaeger-core/0.34.0/jaeger-core-0.34.0.jar:/home/user/.m2/repository/io/jaegertracing/jaeger-tracerresolver/0.34.0/jaeger-tracerresolver-0.34.0.jar:/home/user/.m2/repository/io/opentracing/contrib/opentracing-tracerresolver/0.1.5/opentracing-tracerresolver-0.1.5.jar:/home/user/.m2/repository/io/opentracing/opentracing-util/0.31.0/opentracing-util-0.31.0.jar:/home/user/.m2/repository/io/opentracing/opentracing-api/0.31.0/opentracing-api-0.31.0.jar:/home/user/.m2/repository/io/opentracing/opentracing-noop/0.31.0/opentracing-noop-0.31.0.jar:/home/user/.m2/repository/org/apache/hadoop/hadoop-hdds-server-framework/0.5.0-SNAPSHOT/hadoop-hdds-server-framework-0.5.0-SNAPSHOT.jar:/home/user/.m2/repository/org/apache/hadoop/hadoop-hdds-container-service/0.5.0-SNAPSHOT/hadoop-hdds-container-service-0.5.0-SNAPSHOT.jar:/home/user/.m2/repository/org/apache/hadoop/hadoop-hdds-client/0.5.0-SNAPSHOT/hadoop-hdds-client-0.5.0-SNAPSHOT.jar:/home/user/.m2/repository/org/apache/hadoop/hadoop-hdds-tools/0.5.0-SNAPSHOT/hadoop-hdds-tools-0.5.0-SNAPSHOT.jar:/home/user/.m2/repository/org/apache/hadoop/hadoop-hdds-server-scm/0.5.0-SNAPSHOT/hadoop-hdds-server-scm-0.5.0-SNAPSHOT.jar:/home/user/.m2/repository/org/apache/hadoop/hadoop-hdds-docs/0.5.0-SNAPSHOT/hadoop-hdds-docs-0.5.0-SNAPSHOT.jar:/home/user/.m2/repository/io/dropwizard/metrics/metrics-core/3.2.4/metrics-core-3.2.4.jar:/home/user/.m2/repository/org/hamcrest/hamcrest-all/1.3/hamcrest-all-1.3.jar:/home/user/.m2/repository/org/bouncycastle/bcprov-jdk15on/1.60/bcprov-jdk15on-1.60.jar:/home/user/.m2/repository/info/picocli/picocli/3.9.6/picocli-3.9.6.jar:/home/user/.m2/repository/com/google/protobuf/protobuf-java/2.5.0/protobuf-java-2.5.0.jar:/home/user/.m2/repository/com/google/guava/guava/11.0.2/guava-11.0.2.jar:/home/user/.m2/repository/org/apache/hadoop/hadoop-ozone-ozone-manager/0.5.0-SNAPSHOT/hadoop-ozone-ozone-manager-0.5.0-SNAPSHOT.jar:/home/user/.m2/repository/org/apache/hadoop/hadoop-minikdc/3.2.0/hadoop-minikdc-3.2.0.jar:/home/user/.m2/repository/commons-io/commons-io/2.5/commons-io-2.5.jar:/home/user/.m2/repository/org/apache/kerby/kerb-simplekdc/1.0.1/kerb-simplekdc-1.0.1.jar:/home/user/.m2/repository/org/apache/kerby/kerb-client/1.0.1/kerb-client-1.0.1.jar:/home/user/.m2/repository/org/apache/kerby/kerby-config/1.0.1/kerby-config-1.0.1.jar:/home/user/.m2/repository/org/apache/kerby/kerb-core/1.0.1/kerb-core-1.0.1.jar:/home/user/.m2/repository/org/apache/kerby/kerby-pkix/1.0.1/kerby-pkix-1.0.1.jar:/home/user/.m2/repository/org/apache/kerby/kerby-asn1/1.0.1/kerby-asn1-1.0.1.jar:/home/user/.m2/repository/org/apache/kerby/kerby-util/1.0.1/kerby-util-1.0.1.jar:/home/user/.m2/repository/org/apache/kerby/kerb-common/1.0.1/kerb-common-1.0.1.jar:/home/user/.m2/repository/org/apache/kerby/kerb-crypto/1.0.1/kerb-crypto-1.0.1.jar:/home/user/.m2/repository/org/apache/kerby/kerb-util/1.0.1/kerb-util-1.0.1.jar:/home/user/.m2/repository/org/apache/kerby/token-provider/1.0.1/token-provider-1.0.1.jar:/home/user/.m2/repository/org/apache/kerby/kerb-admin/1.0.1/kerb-admin-1.0.1.jar:/home/user/.m2/repository/org/apache/kerby/kerb-server/1.0.1/kerb-server-1.0.1.jar:/home/user/.m2/repository/org/apache/kerby/kerb-identity/1.0.1/kerb-identity-1.0.1.jar:/home/user/.m2/repository/org/apache/kerby/kerby-xdr/1.0.1/kerby-xdr-1.0.1.jar:/home/user/.m2/repository/org/slf4j/slf4j-log4j12/1.7.25/slf4j-log4j12-1.7.25.jar:/home/user/.m2/repository/org/apache/hadoop/hadoop-ozone-s3gateway/0.5.0-SNAPSHOT/hadoop-ozone-s3gateway-0.5.0-SNAPSHOT.jar:/home/user/.m2/repository/org/jboss/weld/servlet/weld-servlet/2.4.7.Final/weld-servlet-2.4.7.Final.jar:/home/user/.m2/repository/org/glassfish/jersey/containers/jersey-container-servlet-core/2.27/jersey-container-servlet-core-2.27.jar:/home/user/.m2/repository/org/glassfish/hk2/external/javax.inject/2.5.0-b42/javax.inject-2.5.0-b42.jar:/home/user/.m2/repository/org/glassfish/jersey/core/jersey-common/2.27/jersey-common-2.27.jar:/home/user/.m2/repository/org/glassfish/hk2/osgi-resource-locator/1.0.1/osgi-resource-locator-1.0.1.jar:/home/user/.m2/repository/javax/ws/rs/javax.ws.rs-api/2.1/javax.ws.rs-api-2.1.jar:/home/user/.m2/repository/org/glassfish/jersey/ext/cdi/jersey-cdi1x/2.27/jersey-cdi1x-2.27.jar:/home/user/.m2/repository/org/glassfish/jersey/inject/jersey-hk2/2.27/jersey-hk2-2.27.jar:/home/user/.m2/repository/org/glassfish/hk2/hk2-locator/2.5.0-b42/hk2-locator-2.5.0-b42.jar:/home/user/.m2/repository/org/javassist/javassist/3.22.0-CR2/javassist-3.22.0-CR2.jar:/home/user/.m2/repository/org/glassfish/hk2/hk2-api/2.5.0/hk2-api-2.5.0.jar:/home/user/.m2/repository/org/glassfish/hk2/external/jakarta.inject/2.5.0/jakarta.inject-2.5.0.jar:/home/user/.m2/repository/org/glassfish/hk2/hk2-utils/2.5.0/hk2-utils-2.5.0.jar:/home/user/.m2/repository/jakarta/annotation/jakarta.annotation-api/1.3.4/jakarta.annotation-api-1.3.4.jar:/home/user/.m2/repository/org/glassfish/hk2/external/aopalliance-repackaged/2.5.0/aopalliance-repackaged-2.5.0.jar:/home/user/.m2/repository/com/fasterxml/jackson/dataformat/jackson-dataformat-xml/2.9.0/jackson-dataformat-xml-2.9.0.jar:/home/user/.m2/repository/com/fasterxml/jackson/core/jackson-core/2.9.9/jackson-core-2.9.9.jar:/home/user/.m2/repository/com/fasterxml/jackson/module/jackson-module-jaxb-annotations/2.9.9/jackson-module-jaxb-annotations-2.9.9.jar:/home/user/.m2/repository/javax/enterprise/cdi-api/1.2/cdi-api-1.2.jar:/home/user/.m2/repository/javax/el/javax.el-api/3.0.0/javax.el-api-3.0.0.jar:/home/user/.m2/repository/javax/interceptor/javax.interceptor-api/1.2/javax.interceptor-api-1.2.jar:/home/user/.m2/repository/javax/inject/javax.inject/1/javax.inject-1.jar:/home/user/.m2/repository/com/sun/xml/bind/jaxb-impl/2.3.0.1/jaxb-impl-2.3.0.1.jar:/home/user/.m2/repository/com/sun/xml/bind/jaxb-core/2.3.0.1/jaxb-core-2.3.0.1.jar:/home/user/.m2/repository/javax/xml/bind/jaxb-api/2.3.0/jaxb-api-2.3.0.jar:/home/user/.m2/repository/javax/activation/activation/1.1.1/activation-1.1.1.jar:/home/user/.m2/repository/org/apache/hadoop/hadoop-ozone-csi/0.5.0-SNAPSHOT/hadoop-ozone-csi-0.5.0-SNAPSHOT.jar:/home/user/.m2/repository/com/google/protobuf/protobuf-java-util/3.5.1/protobuf-java-util-3.5.1.jar:/home/user/.m2/repository/org/apache/hadoop/hadoop-hdds-config/0.5.0-SNAPSHOT/hadoop-hdds-config-0.5.0-SNAPSHOT.jar:/home/user/.m2/repository/io/grpc/grpc-netty/1.17.1/grpc-netty-1.17.1.jar:/home/user/.m2/repository/io/grpc/grpc-core/1.17.1/grpc-core-1.17.1.jar:/home/user/.m2/repository/io/grpc/grpc-context/1.17.1/grpc-context-1.17.1.jar:/home/user/.m2/repository/com/google/errorprone/error_prone_annotations/2.2.0/error_prone_annotations-2.2.0.jar:/home/user/.m2/repository/org/codehaus/mojo/animal-sniffer-annotations/1.17/animal-sniffer-annotations-1.17.jar:/home/user/.m2/repository/io/opencensus/opencensus-api/0.17.0/opencensus-api-0.17.0.jar:/home/user/.m2/repository/io/opencensus/opencensus-contrib-grpc-metrics/0.17.0/opencensus-contrib-grpc-metrics-0.17.0.jar:/home/user/.m2/repository/io/netty/netty-codec-http2/4.1.30.Final/netty-codec-http2-4.1.30.Final.jar:/home/user/.m2/repository/io/netty/netty-codec-http/4.1.30.Final/netty-codec-http-4.1.30.Final.jar:/home/user/.m2/repository/io/netty/netty-codec/4.1.30.Final/netty-codec-4.1.30.Final.jar:/home/user/.m2/repository/io/netty/netty-handler/4.1.30.Final/netty-handler-4.1.30.Final.jar:/home/user/.m2/repository/io/netty/netty-handler-proxy/4.1.30.Final/netty-handler-proxy-4.1.30.Final.jar:/home/user/.m2/repository/io/netty/netty-codec-socks/4.1.30.Final/netty-codec-socks-4.1.30.Final.jar:/home/user/.m2/repository/io/netty/netty-transport-native-epoll/4.1.30.Final/netty-transport-native-epoll-4.1.30.Final.jar:/home/user/.m2/repository/io/netty/netty-common/4.1.30.Final/netty-common-4.1.30.Final.jar:/home/user/.m2/repository/io/netty/netty-buffer/4.1.30.Final/netty-buffer-4.1.30.Final.jar:/home/user/.m2/repository/io/netty/netty-transport/4.1.30.Final/netty-transport-4.1.30.Final.jar:/home/user/.m2/repository/io/netty/netty-resolver/4.1.30.Final/netty-resolver-4.1.30.Final.jar:/home/user/.m2/repository/io/netty/netty-transport-native-unix-common/4.1.30.Final/netty-transport-native-unix-common-4.1.30.Final.jar:/home/user/.m2/repository/io/grpc/grpc-protobuf/1.17.1/grpc-protobuf-1.17.1.jar:/home/user/.m2/repository/com/google/api/grpc/proto-google-common-protos/1.0.0/proto-google-common-protos-1.0.0.jar:/home/user/.m2/repository/io/grpc/grpc-protobuf-lite/1.17.1/grpc-protobuf-lite-1.17.1.jar:/home/user/.m2/repository/io/grpc/grpc-stub/1.17.1/grpc-stub-1.17.1.jar:/home/user/.m2/repository/org/apache/hadoop/hadoop-ozone-recon/0.5.0-SNAPSHOT/hadoop-ozone-recon-0.5.0-SNAPSHOT.jar:/home/user/.m2/repository/org/apache/hadoop/hadoop-ozone-reconcodegen/0.5.0-SNAPSHOT/hadoop-ozone-reconcodegen-0.5.0-SNAPSHOT.jar:/home/user/.m2/repository/com/google/inject/extensions/guice-multibindings/4.0/guice-multibindings-4.0.jar:/home/user/.m2/repository/com/google/inject/guice/4.0/guice-4.0.jar:/home/user/.m2/repository/aopalliance/aopalliance/1.0/aopalliance-1.0.jar:/home/user/.m2/repository/com/google/inject/extensions/guice-servlet/4.0/guice-servlet-4.0.jar:/home/user/.m2/repository/org/glassfish/jersey/containers/jersey-container-servlet/2.27/jersey-container-servlet-2.27.jar:/home/user/.m2/repository/org/glassfish/hk2/guice-bridge/2.5.0/guice-bridge-2.5.0.jar:/home/user/.m2/repository/org/glassfish/jersey/core/jersey-server/2.27/jersey-server-2.27.jar:/home/user/.m2/repository/org/glassfish/jersey/core/jersey-client/2.27/jersey-client-2.27.jar:/home/user/.m2/repository/org/glassfish/jersey/media/jersey-media-jaxb/2.27/jersey-media-jaxb-2.27.jar:/home/user/.m2/repository/javax/validation/validation-api/1.1.0.Final/validation-api-1.1.0.Final.jar:/home/user/.m2/repository/org/glassfish/jersey/media/jersey-media-json-jackson/2.27/jersey-media-json-jackson-2.27.jar:/home/user/.m2/repository/org/glassfish/jersey/ext/jersey-entity-filtering/2.27/jersey-entity-filtering-2.27.jar:/home/user/.m2/repository/com/google/inject/extensions/guice-assistedinject/4.0/guice-assistedinject-4.0.jar:/home/user/.m2/repository/org/jooq/jooq/3.11.10/jooq-3.11.10.jar:/home/user/.m2/repository/org/jooq/jooq-meta/3.11.10/jooq-meta-3.11.10.jar:/home/user/.m2/repository/org/jooq/jooq-codegen/3.11.10/jooq-codegen-3.11.10.jar:/home/user/.m2/repository/com/jolbox/bonecp/0.8.0.RELEASE/bonecp-0.8.0.RELEASE.jar:/home/user/.m2/repository/org/xerial/sqlite-jdbc/3.25.2/sqlite-jdbc-3.25.2.jar:/home/user/.m2/repository/org/springframework/spring-jdbc/5.1.3.RELEASE/spring-jdbc-5.1.3.RELEASE.jar:/home/user/.m2/repository/org/springframework/spring-beans/5.1.3.RELEASE/spring-beans-5.1.3.RELEASE.jar:/home/user/.m2/repository/org/springframework/spring-core/5.1.3.RELEASE/spring-core-5.1.3.RELEASE.jar:/home/user/.m2/repository/org/springframework/spring-jcl/5.1.3.RELEASE/spring-jcl-5.1.3.RELEASE.jar:/home/user/.m2/repository/org/springframework/spring-tx/5.1.3.RELEASE/spring-tx-5.1.3.RELEASE.jar:/home/user/.m2/repository/org/apache/hadoop/hadoop-ozone-client/0.5.0-SNAPSHOT/hadoop-ozone-client-0.5.0-SNAPSHOT.jar:/home/user/.m2/repository/commons-lang/commons-lang/2.6/commons-lang-2.6.jar:/home/user/.m2/repository/org/apache/hadoop/hadoop-ozone-ozone-manager/0.5.0-SNAPSHOT/hadoop-ozone-ozone-manager-0.5.0-SNAPSHOT-tests.jar:/home/user/.m2/repository/junit/junit/4.11/junit-4.11.jar:/home/user/.m2/repository/org/hamcrest/hamcrest-core/1.3/hamcrest-core-1.3.jar:/home/user/.m2/repository/org/openjdk/jmh/jmh-core/1.19/jmh-core-1.19.jar:/home/user/.m2/repository/net/sf/jopt-simple/jopt-simple/4.6/jopt-simple-4.6.jar:/home/user/.m2/repository/org/apache/commons/commons-math3/3.1.1/commons-math3-3.1.1.jar:/home/user/.m2/repository/org/openjdk/jmh/jmh-generator-annprocess/1.19/jmh-generator-annprocess-1.19.jar:/home/user/.m2/repository/org/mockito/mockito-all/1.8.5/mockito-all-1.8.5.jar:/home/user/.m2/repository/org/apache/hadoop/hadoop-kms/3.2.0/hadoop-kms-3.2.0.jar:/home/user/.m2/repository/org/apache/hadoop/hadoop-auth/3.2.0/hadoop-auth-3.2.0.jar:/home/user/.m2/repository/com/nimbusds/nimbus-jose-jwt/4.41.1/nimbus-jose-jwt-4.41.1.jar:/home/user/.m2/repository/com/github/stephenc/jcip/jcip-annotations/1.0-1/jcip-annotations-1.0-1.jar:/home/user/.m2/repository/net/minidev/json-smart/2.3/json-smart-2.3.jar:/home/user/.m2/repository/net/minidev/accessors-smart/1.2/accessors-smart-1.2.jar:/home/user/.m2/repository/org/ow2/asm/asm/5.0.4/asm-5.0.4.jar:/home/user/.m2/repository/org/apache/curator/curator-framework/2.12.0/curator-framework-2.12.0.jar:/home/user/.m2/repository/com/sun/jersey/jersey-core/1.19/jersey-core-1.19.jar:/home/user/.m2/repository/javax/ws/rs/jsr311-api/1.1.1/jsr311-api-1.1.1.jar:/home/user/.m2/repository/com/sun/jersey/jersey-server/1.19/jersey-server-1.19.jar:/home/user/.m2/repository/javax/servlet/javax.servlet-api/3.1.0/javax.servlet-api-3.1.0.jar:/home/user/.m2/repository/org/eclipse/jetty/jetty-server/9.3.25.v20180904/jetty-server-9.3.25.v20180904.jar:/home/user/.m2/repository/org/eclipse/jetty/jetty-http/9.3.25.v20180904/jetty-http-9.3.25.v20180904.jar:/home/user/.m2/repository/org/eclipse/jetty/jetty-io/9.3.25.v20180904/jetty-io-9.3.25.v20180904.jar:/home/user/.m2/repository/org/eclipse/jetty/jetty-webapp/9.3.25.v20180904/jetty-webapp-9.3.25.v20180904.jar:/home/user/.m2/repository/org/eclipse/jetty/jetty-xml/9.3.25.v20180904/jetty-xml-9.3.25.v20180904.jar:/home/user/.m2/repository/log4j/log4j/1.2.17/log4j-1.2.17.jar:/home/user/.m2/repository/org/slf4j/slf4j-api/1.7.25/slf4j-api-1.7.25.jar:/home/user/.m2/repository/org/slf4j/jul-to-slf4j/1.7.25/jul-to-slf4j-1.7.25.jar:/home/user/.m2/repository/org/eclipse/jetty/jetty-util/9.3.25.v20180904/jetty-util-9.3.25.v20180904.jar:/home/user/.m2/repository/com/fasterxml/jackson/core/jackson-databind/2.9.9/jackson-databind-2.9.9.jar:/home/user/.m2/repository/org/apache/hadoop/hadoop-kms/3.2.0/hadoop-kms-3.2.0-tests.jar:/home/user/.m2/repository/org/apache/hadoop/hadoop-hdds-server-scm/0.5.0-SNAPSHOT/hadoop-hdds-server-scm-0.5.0-SNAPSHOT-tests.jar:/home/user/.m2/repository/org/apache/hadoop/hadoop-hdds-container-service/0.5.0-SNAPSHOT/hadoop-hdds-container-service-0.5.0-SNAPSHOT-tests.jar:/home/user/.m2/repository/org/yaml/snakeyaml/1.16/snakeyaml-1.16.jar:/home/user/.m2/repository/org/apache/hadoop/hadoop-common/3.2.0/hadoop-common-3.2.0-tests.jar:/home/user/.m2/repository/org/apache/hadoop/hadoop-annotations/3.2.0/hadoop-annotations-3.2.0.jar:/usr/lib/jvm/java-1.8-openjdk/jre/../lib/tools.jar:/home/user/.m2/repository/commons-cli/commons-cli/1.2/commons-cli-1.2.jar:/home/user/.m2/repository/org/apache/httpcomponents/httpclient/4.5.2/httpclient-4.5.2.jar:/home/user/.m2/repository/org/apache/httpcomponents/httpcore/4.4.4/httpcore-4.4.4.jar:/home/user/.m2/repository/commons-codec/commons-codec/1.11/commons-codec-1.11.jar:/home/user/.m2/repository/commons-net/commons-net/3.6/commons-net-3.6.jar:/home/user/.m2/repository/commons-collections/commons-collections/3.2.2/commons-collections-3.2.2.jar:/home/user/.m2/repository/org/eclipse/jetty/jetty-servlet/9.3.25.v20180904/jetty-servlet-9.3.25.v20180904.jar:/home/user/.m2/repository/org/eclipse/jetty/jetty-security/9.3.25.v20180904/jetty-security-9.3.25.v20180904.jar:/home/user/.m2/repository/javax/servlet/jsp/jsp-api/2.1/jsp-api-2.1.jar:/home/user/.m2/repository/com/sun/jersey/jersey-servlet/1.19/jersey-servlet-1.19.jar:/home/user/.m2/repository/com/sun/jersey/jersey-json/1.19/jersey-json-1.19.jar:/home/user/.m2/repository/org/codehaus/jettison/jettison/1.1/jettison-1.1.jar:/home/user/.m2/repository/org/codehaus/jackson/jackson-core-asl/1.9.13/jackson-core-asl-1.9.13.jar:/home/user/.m2/repository/org/codehaus/jackson/jackson-mapper-asl/1.9.13/jackson-mapper-asl-1.9.13.jar:/home/user/.m2/repository/org/codehaus/jackson/jackson-jaxrs/1.9.13/jackson-jaxrs-1.9.13.jar:/home/user/.m2/repository/org/codehaus/jackson/jackson-xc/1.9.13/jackson-xc-1.9.13.jar:/home/user/.m2/repository/commons-logging/commons-logging/1.1.3/commons-logging-1.1.3.jar:/home/user/.m2/repository/commons-beanutils/commons-beanutils/1.9.4/commons-beanutils-1.9.4.jar:/home/user/.m2/repository/org/apache/commons/commons-configuration2/2.1.1/commons-configuration2-2.1.1.jar:/home/user/.m2/repository/org/apache/commons/commons-lang3/3.7/commons-lang3-3.7.jar:/home/user/.m2/repository/org/apache/commons/commons-text/1.4/commons-text-1.4.jar:/home/user/.m2/repository/org/apache/avro/avro/1.7.7/avro-1.7.7.jar:/home/user/.m2/repository/com/thoughtworks/paranamer/paranamer/2.3/paranamer-2.3.jar:/home/user/.m2/repository/org/xerial/snappy/snappy-java/1.0.5/snappy-java-1.0.5.jar:/home/user/.m2/repository/com/google/re2j/re2j/1.1/re2j-1.1.jar:/home/user/.m2/repository/com/google/code/gson/gson/2.2.4/gson-2.2.4.jar:/home/user/.m2/repository/com/jcraft/jsch/0.1.54/jsch-0.1.54.jar:/home/user/.m2/repository/org/apache/curator/curator-client/2.12.0/curator-client-2.12.0.jar:/home/user/.m2/repository/org/apache/curator/curator-recipes/2.12.0/curator-recipes-2.12.0.jar:/home/user/.m2/repository/com/google/code/findbugs/jsr305/3.0.0/jsr305-3.0.0.jar:/home/user/.m2/repository/org/apache/htrace/htrace-core4/4.1.0-incubating/htrace-core4-4.1.0-incubating.jar:/home/user/.m2/repository/org/apache/zookeeper/zookeeper/3.4.13/zookeeper-3.4.13.jar:/home/user/.m2/repository/jline/jline/0.9.94/jline-0.9.94.jar:/home/user/.m2/repository/org/apache/yetus/audience-annotations/0.5.0/audience-annotations-0.5.0.jar:/home/user/.m2/repository/org/codehaus/woodstox/stax2-api/3.1.4/stax2-api-3.1.4.jar:/home/user/.m2/repository/com/fasterxml/woodstox/woodstox-core/5.0.3/woodstox-core-5.0.3.jar:/home/user/.m2/repository/dnsjava/dnsjava/2.1.7/dnsjava-2.1.7.jar:/home/user/.m2/repository/org/apache/hadoop/hadoop-hdfs/3.2.0/hadoop-hdfs-3.2.0-tests.jar:/home/user/.m2/repository/org/eclipse/jetty/jetty-util-ajax/9.3.25.v20180904/jetty-util-ajax-9.3.25.v20180904.jar:/home/user/.m2/repository/commons-daemon/commons-daemon/1.0.13/commons-daemon-1.0.13.jar:/home/user/.m2/repository/io/netty/netty/3.10.5.Final/netty-3.10.5.Final.jar:/home/user/.m2/repository/io/netty/netty-all/4.0.52.Final/netty-all-4.0.52.Final.jar:/home/user/.m2/repository/org/fusesource/leveldbjni/leveldbjni-all/1.8/leveldbjni-all-1.8.jar:"/>
    <property name="sun.cpu.endian" value="little"/>
    <property name="user.home" value="/home/user"/>
    <property name="user.language" value="en"/>
    <property name="java.specification.vendor" value="Oracle Corporation"/>
    <property name="java.home" value="/usr/lib/jvm/java-1.8-openjdk/jre"/>
    <property name="surefire.excludesFile" value="/tools/ozone-bad-unit-tests"/>
    <property name="java.security.krb5.conf" value="/workdir/hadoop-ozone/integration-test/target/test-classes/krb5.conf"/>
    <property name="basedir" value="/workdir/hadoop-ozone/integration-test"/>
    <property name="file.separator" value="/"/>
    <property name="line.separator" value="&#10;"/>
    <property name="java.vm.specification.vendor" value="Oracle Corporation"/>
    <property name="java.specification.name" value="Java Platform API Specification"/>
    <property name="java.awt.graphicsenv" value="sun.awt.X11GraphicsEnvironment"/>
    <property name="surefire.real.class.path" value="/workdir/hadoop-ozone/integration-test/target/surefire/surefirebooter9092431951351786335.jar"/>
    <property name="hadoop.log.dir" value="/workdir/hadoop-ozone/integration-test/target/log"/>
    <property name="sun.boot.class.path" value="/usr/lib/jvm/java-1.8-openjdk/jre/lib/resources.jar:/usr/lib/jvm/java-1.8-openjdk/jre/lib/rt.jar:/usr/lib/jvm/java-1.8-openjdk/jre/lib/sunrsasign.jar:/usr/lib/jvm/java-1.8-openjdk/jre/lib/jsse.jar:/usr/lib/jvm/java-1.8-openjdk/jre/lib/jce.jar:/usr/lib/jvm/java-1.8-openjdk/jre/lib/charsets.jar:/usr/lib/jvm/java-1.8-openjdk/jre/lib/jfr.jar:/usr/lib/jvm/java-1.8-openjdk/jre/classes"/>
    <property name="sun.management.compiler" value="HotSpot 64-Bit Tiered Compilers"/>
    <property name="java.runtime.version" value="1.8.0_212-b04"/>
    <property name="java.net.preferIPv4Stack" value="true"/>
    <property name="user.name" value="jenkins1000"/>
    <property name="path.separator" value=":"/>
    <property name="java.security.egd" value="file:///dev/urandom"/>
    <property name="os.version" value="3.10.0-957.12.2.el7.x86_64"/>
    <property name="java.endorsed.dirs" value="/usr/lib/jvm/java-1.8-openjdk/jre/lib/endorsed"/>
    <property name="java.runtime.name" value="OpenJDK Runtime Environment"/>
    <property name="file.encoding" value="UTF-8"/>
    <property name="java.vm.name" value="OpenJDK 64-Bit Server VM"/>
    <property name="test.build.webapps" value=""/>
    <property name="localRepository" value="/home/user/.m2/repository"/>
    <property name="java.vendor.url.bug" value="https://icedtea.classpath.org/bugzilla"/>
    <property name="java.io.tmpdir" value="/tmp"/>
    <property name="require.test.libhadoop" value=""/>
    <property name="java.version" value="1.8.0_212"/>
    <property name="user.dir" value="/workdir/hadoop-ozone/integration-test"/>
    <property name="os.arch" value="amd64"/>
    <property name="java.vm.specification.name" value="Java Virtual Machine Specification"/>
    <property name="test.build.classes" value="/workdir/hadoop-ozone/integration-test/target/test-classes"/>
    <property name="java.awt.printerjob" value="sun.print.PSPrinterJob"/>
    <property name="sun.os.patch.level" value="unknown"/>
    <property name="hadoop.tmp.dir" value="/workdir/hadoop-ozone/integration-test/target/tmp"/>
    <property name="java.library.path" value="/usr/lib/jvm/java-1.8-openjdk/jre/lib/amd64/server:/usr/lib/jvm/java-1.8-openjdk/jre/lib/amd64:/usr/lib/jvm/java-1.8-openjdk/jre/../lib/amd64:/workdir/hadoop-ozone/integration-test/target/native/target/usr/local/lib:/workdir/hadoop-ozone/integration-test/../../hadoop-common-project/hadoop-common/target/native/target/usr/local/lib:/usr/java/packages/lib/amd64:/usr/lib64:/lib64:/lib:/usr/lib"/>
    <property name="java.vm.info" value="mixed mode"/>
    <property name="java.vendor" value="IcedTea"/>
    <property name="java.vm.version" value="25.212-b04"/>
    <property name="java.ext.dirs" value="/usr/lib/jvm/java-1.8-openjdk/jre/lib/ext:/usr/java/packages/lib/ext"/>
    <property name="sun.io.unicode.encoding" value="UnicodeLittle"/>
    <property name="java.class.version" value="52.0"/>
  </properties>
  <testcase name="test2DatanodesFailure" classname="org.apache.hadoop.ozone.client.rpc.TestBlockOutputStreamWithFailures" time="115.35"/>
  <testcase name="testDatanodeFailureWithPreAllocation" classname="org.apache.hadoop.ozone.client.rpc.TestBlockOutputStreamWithFailures" time="223.564"/>
  <testcase name="testDatanodeFailureWithSingleNodeRatis" classname="org.apache.hadoop.ozone.client.rpc.TestBlockOutputStreamWithFailures" time="222.059"/>
  <testcase name="testWatchForCommitWithSingleNodeRatis" classname="org.apache.hadoop.ozone.client.rpc.TestBlockOutputStreamWithFailures" time="34.769"/>
  <testcase name="testWatchForCommitDatanodeFailure" classname="org.apache.hadoop.ozone.client.rpc.TestBlockOutputStreamWithFailures" time="33.799"/>
  <testcase name="testFailureWithPrimeSizedData" classname="org.apache.hadoop.ozone.client.rpc.TestBlockOutputStreamWithFailures" time="36.908">
    <failure message="expected:&lt;2&gt; but was:&lt;3&gt;" type="java.lang.AssertionError"><![CDATA[java.lang.AssertionError: expected:<2> but was:<3>
	at org.junit.Assert.fail(Assert.java:88)
	at org.junit.Assert.failNotEquals(Assert.java:743)
	at org.junit.Assert.assertEquals(Assert.java:118)
	at org.junit.Assert.assertEquals(Assert.java:555)
	at org.junit.Assert.assertEquals(Assert.java:542)
	at org.apache.hadoop.ozone.client.rpc.TestBlockOutputStreamWithFailures.testFailureWithPrimeSizedData(TestBlockOutputStreamWithFailures.java:635)
	at sun.reflect.NativeMethodAccessorImpl.invoke0(Native Method)
	at sun.reflect.NativeMethodAccessorImpl.invoke(NativeMethodAccessorImpl.java:62)
	at sun.reflect.DelegatingMethodAccessorImpl.invoke(DelegatingMethodAccessorImpl.java:43)
	at java.lang.reflect.Method.invoke(Method.java:498)
	at org.junit.runners.model.FrameworkMethod$1.runReflectiveCall(FrameworkMethod.java:47)
	at org.junit.internal.runners.model.ReflectiveCallable.run(ReflectiveCallable.java:12)
	at org.junit.runners.model.FrameworkMethod.invokeExplosively(FrameworkMethod.java:44)
	at org.junit.internal.runners.statements.InvokeMethod.evaluate(InvokeMethod.java:17)
	at org.junit.internal.runners.statements.RunBefores.evaluate(RunBefores.java:26)
	at org.junit.internal.runners.statements.RunAfters.evaluate(RunAfters.java:27)
	at org.junit.runners.ParentRunner.runLeaf(ParentRunner.java:271)
	at org.junit.runners.BlockJUnit4ClassRunner.runChild(BlockJUnit4ClassRunner.java:70)
	at org.junit.runners.BlockJUnit4ClassRunner.runChild(BlockJUnit4ClassRunner.java:50)
	at org.junit.runners.ParentRunner$3.run(ParentRunner.java:238)
	at org.junit.runners.ParentRunner$1.schedule(ParentRunner.java:63)
	at org.junit.runners.ParentRunner.runChildren(ParentRunner.java:236)
	at org.junit.runners.ParentRunner.access$000(ParentRunner.java:53)
	at org.junit.runners.ParentRunner$2.evaluate(ParentRunner.java:229)
	at org.junit.runners.ParentRunner.run(ParentRunner.java:309)
	at org.apache.maven.surefire.junit4.JUnit4Provider.execute(JUnit4Provider.java:365)
	at org.apache.maven.surefire.junit4.JUnit4Provider.executeWithRerun(JUnit4Provider.java:273)
	at org.apache.maven.surefire.junit4.JUnit4Provider.executeTestSet(JUnit4Provider.java:238)
	at org.apache.maven.surefire.junit4.JUnit4Provider.invoke(JUnit4Provider.java:159)
	at org.apache.maven.surefire.booter.ForkedBooter.invokeProviderInSameClassLoader(ForkedBooter.java:384)
	at org.apache.maven.surefire.booter.ForkedBooter.runSuitesInProcess(ForkedBooter.java:345)
	at org.apache.maven.surefire.booter.ForkedBooter.execute(ForkedBooter.java:126)
	at org.apache.maven.surefire.booter.ForkedBooter.main(ForkedBooter.java:418)
]]></failure>
    <system-out><![CDATA[2019-10-14 16:44:56,956 [main] WARN  server.ServerUtils (ServerUtils.java:getScmDbDir(145)) - ozone.scm.db.dirs is not configured. We recommend adding this setting. Falling back to ozone.metadata.dirs instead.
2019-10-14 16:44:56,985 [main] WARN  server.ServerUtils (ServerUtils.java:getScmDbDir(145)) - ozone.scm.db.dirs is not configured. We recommend adding this setting. Falling back to ozone.metadata.dirs instead.
2019-10-14 16:44:56,985 [main] WARN  server.ServerUtils (ServerUtils.java:getScmDbDir(145)) - ozone.scm.db.dirs is not configured. We recommend adding this setting. Falling back to ozone.metadata.dirs instead.
2019-10-14 16:44:56,986 [main] INFO  db.DBStoreBuilder (DBStoreBuilder.java:addTable(117)) - using custom profile for table: deletedBlocks
2019-10-14 16:44:56,986 [main] INFO  db.DBStoreBuilder (DBStoreBuilder.java:processTables(168)) - Using default column profile:DBProfile.DISK for Table:deletedBlocks
2019-10-14 16:44:56,986 [main] INFO  db.DBStoreBuilder (DBStoreBuilder.java:addTable(117)) - using custom profile for table: validCerts
2019-10-14 16:44:56,987 [main] INFO  db.DBStoreBuilder (DBStoreBuilder.java:processTables(168)) - Using default column profile:DBProfile.DISK for Table:validCerts
2019-10-14 16:44:56,987 [main] INFO  db.DBStoreBuilder (DBStoreBuilder.java:addTable(117)) - using custom profile for table: revokedCerts
2019-10-14 16:44:56,987 [main] INFO  db.DBStoreBuilder (DBStoreBuilder.java:processTables(168)) - Using default column profile:DBProfile.DISK for Table:revokedCerts
2019-10-14 16:44:56,988 [main] INFO  db.DBStoreBuilder (DBStoreBuilder.java:addTable(117)) - using custom profile for table: default
2019-10-14 16:44:56,988 [main] INFO  db.DBStoreBuilder (DBStoreBuilder.java:processTables(174)) - Using default column profile:DBProfile.DISK for Table:default
2019-10-14 16:44:56,988 [main] INFO  db.DBStoreBuilder (DBStoreBuilder.java:getDbProfile(205)) - Using default options. DBProfile.DISK
2019-10-14 16:44:57,215 [main] INFO  net.NodeSchemaLoader (NodeSchemaLoader.java:loadSchemaFromFile(125)) - Loading file from sun.misc.CompoundEnumeration@13ef7fa1
2019-10-14 16:44:57,215 [main] INFO  net.NodeSchemaLoader (NodeSchemaLoader.java:loadSchema(171)) - Loading network topology layer schema file
2019-10-14 16:44:57,222 [main] INFO  node.SCMNodeManager (SCMNodeManager.java:<init>(117)) - Entering startup safe mode.
2019-10-14 16:44:57,223 [main] INFO  algorithms.ContainerPlacementPolicyFactory (ContainerPlacementPolicyFactory.java:getPolicy(57)) - Create container placement policy of type org.apache.hadoop.hdds.scm.container.placement.algorithms.SCMContainerPlacementRandom
2019-10-14 16:44:57,224 [main] WARN  server.ServerUtils (ServerUtils.java:getScmDbDir(145)) - ozone.scm.db.dirs is not configured. We recommend adding this setting. Falling back to ozone.metadata.dirs instead.
2019-10-14 16:44:57,291 [main] INFO  pipeline.SCMPipelineManager (SCMPipelineManager.java:initializePipelineState(132)) - No pipeline exists in current db
2019-10-14 16:44:57,291 [main] WARN  server.ServerUtils (ServerUtils.java:getScmDbDir(145)) - ozone.scm.db.dirs is not configured. We recommend adding this setting. Falling back to ozone.metadata.dirs instead.
2019-10-14 16:44:57,384 [main] WARN  events.EventQueue (EventQueue.java:fireEvent(183)) - No event handler registered for event TypedEvent{payloadType=SafeModeStatus, name='SafeModeStatus'}
2019-10-14 16:44:57,385 [main] INFO  ipc.CallQueueManager (CallQueueManager.java:<init>(84)) - Using callQueue: class java.util.concurrent.LinkedBlockingQueue, queueCapacity: 2000, scheduler: class org.apache.hadoop.ipc.DefaultRpcScheduler, ipcBackoff: false.
2019-10-14 16:44:57,386 [Socket Reader #1 for port 39248] INFO  ipc.Server (Server.java:run(1074)) - Starting Socket Reader #1 for port 39248
2019-10-14 16:44:57,389 [main] INFO  ipc.CallQueueManager (CallQueueManager.java:<init>(84)) - Using callQueue: class java.util.concurrent.LinkedBlockingQueue, queueCapacity: 2000, scheduler: class org.apache.hadoop.ipc.DefaultRpcScheduler, ipcBackoff: false.
2019-10-14 16:44:57,390 [Socket Reader #1 for port 34648] INFO  ipc.Server (Server.java:run(1074)) - Starting Socket Reader #1 for port 34648
2019-10-14 16:44:57,392 [main] INFO  ipc.CallQueueManager (CallQueueManager.java:<init>(84)) - Using callQueue: class java.util.concurrent.LinkedBlockingQueue, queueCapacity: 2000, scheduler: class org.apache.hadoop.ipc.DefaultRpcScheduler, ipcBackoff: false.
2019-10-14 16:44:57,393 [Socket Reader #1 for port 38931] INFO  ipc.Server (Server.java:run(1074)) - Starting Socket Reader #1 for port 38931
2019-10-14 16:44:57,398 [main] INFO  hdfs.DFSUtil (DFSUtil.java:httpServerTemplateForNNAndJN(1641)) - Starting Web-server for scm at: http://0.0.0.0:0
2019-10-14 16:44:57,404 [main] INFO  server.AuthenticationFilter (AuthenticationFilter.java:constructSecretProvider(240)) - Unable to initialize FileSignerSecretProvider, falling back to use random secrets.
2019-10-14 16:44:57,405 [main] WARN  http.HttpRequestLog (HttpRequestLog.java:getRequestLog(97)) - Jetty request log can only be enabled using Log4j
2019-10-14 16:44:57,407 [main] INFO  http.HttpServer2 (HttpServer2.java:addGlobalFilter(975)) - Added global filter 'safety' (class=org.apache.hadoop.http.HttpServer2$QuotingInputFilter)
2019-10-14 16:44:57,408 [main] INFO  http.HttpServer2 (HttpServer2.java:addFilter(948)) - Added filter static_user_filter (class=org.apache.hadoop.http.lib.StaticUserWebFilter$StaticUserFilter) to context scm
2019-10-14 16:44:57,408 [main] INFO  http.HttpServer2 (HttpServer2.java:addFilter(958)) - Added filter static_user_filter (class=org.apache.hadoop.http.lib.StaticUserWebFilter$StaticUserFilter) to context static
2019-10-14 16:44:57,408 [main] INFO  http.HttpServer2 (HttpServer2.java:addFilter(958)) - Added filter static_user_filter (class=org.apache.hadoop.http.lib.StaticUserWebFilter$StaticUserFilter) to context logs
2019-10-14 16:44:57,410 [main] INFO  server.StorageContainerManager (StorageContainerManager.java:start(777)) - StorageContainerLocationProtocol RPC server is listening at /0.0.0.0:38931
2019-10-14 16:44:57,412 [main] WARN  impl.MetricsConfig (MetricsConfig.java:loadFirst(134)) - Cannot locate configuration: tried hadoop-metrics2-storagecontainermanager.properties,hadoop-metrics2.properties
2019-10-14 16:44:57,413 [main] INFO  impl.MetricsSystemImpl (MetricsSystemImpl.java:startTimer(374)) - Scheduled Metric snapshot period at 10 second(s).
2019-10-14 16:44:57,414 [main] INFO  impl.MetricsSystemImpl (MetricsSystemImpl.java:start(191)) - StorageContainerManager metrics system started
2019-10-14 16:44:57,577 [main] WARN  impl.MetricsSystemImpl (MetricsSystemImpl.java:register(276)) - Sink prometheus already exists!
2019-10-14 16:44:57,658 [main] INFO  server.SCMClientProtocolServer (SCMClientProtocolServer.java:start(159)) - RPC server for Client  is listening at /0.0.0.0:38931
2019-10-14 16:44:57,658 [IPC Server Responder] INFO  ipc.Server (Server.java:run(1314)) - IPC Server Responder: starting
2019-10-14 16:44:57,658 [IPC Server listener on 38931] INFO  ipc.Server (Server.java:run(1153)) - IPC Server listener on 38931: starting
2019-10-14 16:44:57,665 [main] INFO  server.StorageContainerManager (StorageContainerManager.java:start(787)) - ScmBlockLocationProtocol RPC server is listening at /0.0.0.0:34648
2019-10-14 16:44:57,665 [main] INFO  server.SCMBlockProtocolServer (SCMBlockProtocolServer.java:start(146)) - RPC server for Block Protocol is listening at /0.0.0.0:34648
2019-10-14 16:44:57,665 [IPC Server Responder] INFO  ipc.Server (Server.java:run(1314)) - IPC Server Responder: starting
2019-10-14 16:44:57,666 [IPC Server listener on 34648] INFO  ipc.Server (Server.java:run(1153)) - IPC Server listener on 34648: starting
2019-10-14 16:44:57,670 [main] INFO  server.StorageContainerManager (StorageContainerManager.java:start(791)) - ScmDatanodeProtocl RPC server is listening at /0.0.0.0:39248
2019-10-14 16:44:57,670 [main] INFO  server.SCMDatanodeProtocolServer (SCMDatanodeProtocolServer.java:start(169)) - RPC server for DataNodes is listening at /0.0.0.0:39248
2019-10-14 16:44:57,672 [IPC Server listener on 39248] INFO  ipc.Server (Server.java:run(1153)) - IPC Server listener on 39248: starting
2019-10-14 16:44:57,672 [IPC Server Responder] INFO  ipc.Server (Server.java:run(1314)) - IPC Server Responder: starting
2019-10-14 16:44:57,683 [main] INFO  http.HttpServer2 (HttpServer2.java:bindListener(1191)) - Jetty bound to port 46616
2019-10-14 16:44:57,684 [main] INFO  server.Server (Server.java:doStart(351)) - jetty-9.3.25.v20180904, build timestamp: 2018-09-04T21:11:46Z, git hash: 3ce520221d0240229c862b122d2b06c12a625732
2019-10-14 16:44:57,685 [main] INFO  handler.ContextHandler (ContextHandler.java:doStart(781)) - Started o.e.j.s.ServletContextHandler@781dbe44{/logs,file:///workdir/hadoop-ozone/integration-test/target/log,AVAILABLE}
2019-10-14 16:44:57,686 [main] INFO  handler.ContextHandler (ContextHandler.java:doStart(781)) - Started o.e.j.s.ServletContextHandler@1132baa3{/static,file:///workdir/hadoop-ozone/integration-test/target/test-classes/webapps/static,AVAILABLE}
2019-10-14 16:44:57,689 [main] INFO  handler.ContextHandler (ContextHandler.java:doStart(781)) - Started o.e.j.w.WebAppContext@383cdd4d{/,file:///workdir/hadoop-ozone/integration-test/target/test-classes/webapps/scm/,AVAILABLE}{/scm}
2019-10-14 16:44:57,689 [main] INFO  server.AbstractConnector (AbstractConnector.java:doStart(278)) - Started ServerConnector@65036e8d{HTTP/1.1,[http/1.1]}{0.0.0.0:46616}
2019-10-14 16:44:57,691 [main] INFO  server.Server (Server.java:doStart(419)) - Started @630825ms
2019-10-14 16:44:57,691 [main] WARN  impl.MetricsSystemImpl (MetricsSystemImpl.java:register(276)) - Sink prometheus already exists!
2019-10-14 16:44:57,693 [main] INFO  server.BaseHttpServer (BaseHttpServer.java:updateConnectorAddress(215)) - HTTP server of SCM is listening at http://0.0.0.0:46616
2019-10-14 16:44:57,693 [main] WARN  server.ServerUtils (ServerUtils.java:getDBPath(222)) - ozone.om.db.dirs is not configured. We recommend adding this setting. Falling back to ozone.metadata.dirs instead.
2019-10-14 16:44:57,695 [org.apache.hadoop.util.JvmPauseMonitor$Monitor@36551e97] INFO  util.JvmPauseMonitor (JvmPauseMonitor.java:run(188)) - Starting JVM pause monitor
2019-10-14 16:44:57,709 [main] INFO  ha.OMHANodeDetails (OMHANodeDetails.java:loadOMHAConfig(190)) - Configuration either no ozone.om.address set. Falling back to the default OM address /127.0.0.1:0
2019-10-14 16:44:57,709 [main] INFO  ha.OMHANodeDetails (OMHANodeDetails.java:getOMNodeDetails(220)) - OM Service ID is not set. Setting it to the default ID: omServiceIdDefault
2019-10-14 16:44:57,710 [main] WARN  server.ServerUtils (ServerUtils.java:getDBPath(222)) - ozone.om.db.dirs is not configured. We recommend adding this setting. Falling back to ozone.metadata.dirs instead.
2019-10-14 16:44:57,710 [main] WARN  server.ServerUtils (ServerUtils.java:getDBPath(222)) - ozone.om.db.dirs is not configured. We recommend adding this setting. Falling back to ozone.metadata.dirs instead.
2019-10-14 16:44:57,718 [main] WARN  server.ServerUtils (ServerUtils.java:getDBPath(222)) - ozone.om.db.dirs is not configured. We recommend adding this setting. Falling back to ozone.metadata.dirs instead.
2019-10-14 16:44:57,718 [main] INFO  db.DBStoreBuilder (DBStoreBuilder.java:addTable(117)) - using custom profile for table: userTable
2019-10-14 16:44:57,719 [main] INFO  db.DBStoreBuilder (DBStoreBuilder.java:processTables(168)) - Using default column profile:DBProfile.DISK for Table:userTable
2019-10-14 16:44:57,719 [main] INFO  db.DBStoreBuilder (DBStoreBuilder.java:addTable(117)) - using custom profile for table: volumeTable
2019-10-14 16:44:57,719 [main] INFO  db.DBStoreBuilder (DBStoreBuilder.java:processTables(168)) - Using default column profile:DBProfile.DISK for Table:volumeTable
2019-10-14 16:44:57,719 [main] INFO  db.DBStoreBuilder (DBStoreBuilder.java:addTable(117)) - using custom profile for table: bucketTable
2019-10-14 16:44:57,720 [main] INFO  db.DBStoreBuilder (DBStoreBuilder.java:processTables(168)) - Using default column profile:DBProfile.DISK for Table:bucketTable
2019-10-14 16:44:57,720 [main] INFO  db.DBStoreBuilder (DBStoreBuilder.java:addTable(117)) - using custom profile for table: keyTable
2019-10-14 16:44:57,720 [main] INFO  db.DBStoreBuilder (DBStoreBuilder.java:processTables(168)) - Using default column profile:DBProfile.DISK for Table:keyTable
2019-10-14 16:44:57,720 [main] INFO  db.DBStoreBuilder (DBStoreBuilder.java:addTable(117)) - using custom profile for table: deletedTable
2019-10-14 16:44:57,721 [main] INFO  db.DBStoreBuilder (DBStoreBuilder.java:processTables(168)) - Using default column profile:DBProfile.DISK for Table:deletedTable
2019-10-14 16:44:57,721 [main] INFO  db.DBStoreBuilder (DBStoreBuilder.java:addTable(117)) - using custom profile for table: openKeyTable
2019-10-14 16:44:57,721 [main] INFO  db.DBStoreBuilder (DBStoreBuilder.java:processTables(168)) - Using default column profile:DBProfile.DISK for Table:openKeyTable
2019-10-14 16:44:57,721 [main] INFO  db.DBStoreBuilder (DBStoreBuilder.java:addTable(117)) - using custom profile for table: s3Table
2019-10-14 16:44:57,721 [main] INFO  db.DBStoreBuilder (DBStoreBuilder.java:processTables(168)) - Using default column profile:DBProfile.DISK for Table:s3Table
2019-10-14 16:44:57,722 [main] INFO  db.DBStoreBuilder (DBStoreBuilder.java:addTable(117)) - using custom profile for table: multipartInfoTable
2019-10-14 16:44:57,722 [main] INFO  db.DBStoreBuilder (DBStoreBuilder.java:processTables(168)) - Using default column profile:DBProfile.DISK for Table:multipartInfoTable
2019-10-14 16:44:57,722 [main] INFO  db.DBStoreBuilder (DBStoreBuilder.java:addTable(117)) - using custom profile for table: dTokenTable
2019-10-14 16:44:57,722 [main] INFO  db.DBStoreBuilder (DBStoreBuilder.java:processTables(168)) - Using default column profile:DBProfile.DISK for Table:dTokenTable
2019-10-14 16:44:57,723 [main] INFO  db.DBStoreBuilder (DBStoreBuilder.java:addTable(117)) - using custom profile for table: s3SecretTable
2019-10-14 16:44:57,723 [main] INFO  db.DBStoreBuilder (DBStoreBuilder.java:processTables(168)) - Using default column profile:DBProfile.DISK for Table:s3SecretTable
2019-10-14 16:44:57,723 [main] INFO  db.DBStoreBuilder (DBStoreBuilder.java:addTable(117)) - using custom profile for table: prefixTable
2019-10-14 16:44:57,723 [main] INFO  db.DBStoreBuilder (DBStoreBuilder.java:processTables(168)) - Using default column profile:DBProfile.DISK for Table:prefixTable
2019-10-14 16:44:57,723 [main] INFO  db.DBStoreBuilder (DBStoreBuilder.java:addTable(117)) - using custom profile for table: default
2019-10-14 16:44:57,724 [main] INFO  db.DBStoreBuilder (DBStoreBuilder.java:processTables(174)) - Using default column profile:DBProfile.DISK for Table:default
2019-10-14 16:44:57,724 [main] INFO  db.DBStoreBuilder (DBStoreBuilder.java:getDbProfile(205)) - Using default options. DBProfile.DISK
2019-10-14 16:44:58,390 [main] INFO  ipc.CallQueueManager (CallQueueManager.java:<init>(84)) - Using callQueue: class java.util.concurrent.LinkedBlockingQueue, queueCapacity: 2000, scheduler: class org.apache.hadoop.ipc.DefaultRpcScheduler, ipcBackoff: false.
2019-10-14 16:44:58,391 [Socket Reader #1 for port 34656] INFO  ipc.Server (Server.java:run(1074)) - Starting Socket Reader #1 for port 34656
2019-10-14 16:44:58,407 [main] INFO  om.OzoneManager (OzoneManager.java:start(1071)) - OzoneManager RPC server is listening at localhost/127.0.0.1:34656
2019-10-14 16:44:58,407 [main] INFO  impl.MetricsSystemImpl (MetricsSystemImpl.java:init(158)) - OzoneManager metrics system started (again)
2019-10-14 16:44:58,408 [IPC Server listener on 34656] INFO  ipc.Server (Server.java:run(1153)) - IPC Server listener on 34656: starting
2019-10-14 16:44:58,408 [IPC Server Responder] INFO  ipc.Server (Server.java:run(1314)) - IPC Server Responder: starting
2019-10-14 16:44:58,416 [main] INFO  hdfs.DFSUtil (DFSUtil.java:httpServerTemplateForNNAndJN(1641)) - Starting Web-server for ozoneManager at: http://0.0.0.0:0
2019-10-14 16:44:58,418 [main] INFO  server.AuthenticationFilter (AuthenticationFilter.java:constructSecretProvider(240)) - Unable to initialize FileSignerSecretProvider, falling back to use random secrets.
2019-10-14 16:44:58,418 [main] WARN  http.HttpRequestLog (HttpRequestLog.java:getRequestLog(97)) - Jetty request log can only be enabled using Log4j
2019-10-14 16:44:58,420 [main] INFO  http.HttpServer2 (HttpServer2.java:addGlobalFilter(975)) - Added global filter 'safety' (class=org.apache.hadoop.http.HttpServer2$QuotingInputFilter)
2019-10-14 16:44:58,421 [main] INFO  http.HttpServer2 (HttpServer2.java:addFilter(948)) - Added filter static_user_filter (class=org.apache.hadoop.http.lib.StaticUserWebFilter$StaticUserFilter) to context ozoneManager
2019-10-14 16:44:58,421 [main] INFO  http.HttpServer2 (HttpServer2.java:addFilter(958)) - Added filter static_user_filter (class=org.apache.hadoop.http.lib.StaticUserWebFilter$StaticUserFilter) to context logs
2019-10-14 16:44:58,421 [main] INFO  http.HttpServer2 (HttpServer2.java:addFilter(958)) - Added filter static_user_filter (class=org.apache.hadoop.http.lib.StaticUserWebFilter$StaticUserFilter) to context static
2019-10-14 16:44:58,422 [main] INFO  http.HttpServer2 (HttpServer2.java:bindListener(1191)) - Jetty bound to port 37937
2019-10-14 16:44:58,422 [main] INFO  server.Server (Server.java:doStart(351)) - jetty-9.3.25.v20180904, build timestamp: 2018-09-04T21:11:46Z, git hash: 3ce520221d0240229c862b122d2b06c12a625732
2019-10-14 16:44:58,424 [main] INFO  handler.ContextHandler (ContextHandler.java:doStart(781)) - Started o.e.j.s.ServletContextHandler@71369e1a{/logs,file:///workdir/hadoop-ozone/integration-test/target/log,AVAILABLE}
2019-10-14 16:44:58,425 [main] INFO  handler.ContextHandler (ContextHandler.java:doStart(781)) - Started o.e.j.s.ServletContextHandler@ee96866{/static,file:///workdir/hadoop-ozone/integration-test/target/test-classes/webapps/static,AVAILABLE}
2019-10-14 16:44:58,430 [main] INFO  handler.ContextHandler (ContextHandler.java:doStart(781)) - Started o.e.j.w.WebAppContext@7523d5a1{/,file:///workdir/hadoop-ozone/integration-test/target/test-classes/webapps/ozoneManager/,AVAILABLE}{/ozoneManager}
2019-10-14 16:44:58,430 [main] INFO  server.AbstractConnector (AbstractConnector.java:doStart(278)) - Started ServerConnector@2bfc2f8b{HTTP/1.1,[http/1.1]}{0.0.0.0:37937}
2019-10-14 16:44:58,432 [main] INFO  server.Server (Server.java:doStart(419)) - Started @631566ms
2019-10-14 16:44:58,432 [main] WARN  impl.MetricsSystemImpl (MetricsSystemImpl.java:register(276)) - Sink prometheus already exists!
2019-10-14 16:44:58,433 [main] INFO  server.BaseHttpServer (BaseHttpServer.java:updateConnectorAddress(215)) - HTTP server of OZONEMANAGER is listening at http://0.0.0.0:37937
2019-10-14 16:44:58,451 [main] INFO  impl.MetricsSystemImpl (MetricsSystemImpl.java:init(158)) - HddsDatanode metrics system started (again)
2019-10-14 16:44:58,458 [main] INFO  ozone.HddsDatanodeService (HddsDatanodeService.java:start(184)) - HddsDatanodeService host:pr-hdds-2196-2-9v7pc-2718207715 ip:192.168.151.105
2019-10-14 16:44:58,465 [main] INFO  volume.HddsVolume (HddsVolume.java:<init>(176)) - Creating Volume: /workdir/hadoop-ozone/integration-test/target/test-dir/MiniOzoneClusterImpl-3bcee4e0-c750-460d-9485-7765d796aaea/datanode-0/data/containers/hdds of  storage type : DISK and capacity : 1482555576320
2019-10-14 16:44:58,466 [main] INFO  volume.VolumeSet (VolumeSet.java:initializeVolumeSet(170)) - Added Volume : /workdir/hadoop-ozone/integration-test/target/test-dir/MiniOzoneClusterImpl-3bcee4e0-c750-460d-9485-7765d796aaea/datanode-0/data/containers/hdds to VolumeSet
2019-10-14 16:44:58,466 [main] INFO  volume.ThrottledAsyncChecker (ThrottledAsyncChecker.java:schedule(141)) - Scheduling a check for org.apache.hadoop.ozone.container.common.volume.HddsVolume@4567fb2b
2019-10-14 16:44:58,467 [main] INFO  volume.HddsVolumeChecker (HddsVolumeChecker.java:checkAllVolumes(204)) - Scheduled health check for volume org.apache.hadoop.ozone.container.common.volume.HddsVolume@4567fb2b
2019-10-14 16:44:58,487 [main] INFO  impl.RaftServerProxy (ConfUtils.java:logGet(43)) - raft.rpc.type = GRPC (default)
2019-10-14 16:44:58,487 [main] INFO  grpc.GrpcFactory (GrpcFactory.java:checkPooledByteBufAllocatorUseCacheForAllThreads(45)) - PERFORMANCE WARNING: useCacheForAllThreads is true that may cause Netty to create a lot garbage objects and, as a result, trigger GC.
	It is recommended to disable useCacheForAllThreads by setting -Dorg.apache.ratis.thirdparty.io.netty.allocator.useCacheForAllThreads=false in command line.
2019-10-14 16:44:58,488 [main] INFO  grpc.GrpcConfigKeys$Server (ConfUtils.java:logGet(43)) - raft.grpc.server.port = 0 (default)
2019-10-14 16:44:58,488 [main] INFO  server.GrpcService (ConfUtils.java:logGet(43)) - raft.grpc.message.size.max = 33570816 (custom)
2019-10-14 16:44:58,488 [main] INFO  server.RaftServerConfigKeys (ConfUtils.java:logGet(43)) - raft.server.log.appender.buffer.byte-limit = 33554432 (custom)
2019-10-14 16:44:58,488 [main] INFO  server.GrpcService (ConfUtils.java:logGet(43)) - raft.grpc.flow.control.window = 1MB (=1048576) (default)
2019-10-14 16:44:58,489 [main] INFO  server.RaftServerConfigKeys (ConfUtils.java:logGet(43)) - raft.server.rpc.request.timeout = 3000ms (default)
2019-10-14 16:44:58,490 [main] INFO  server.RaftServerConfigKeys (ConfUtils.java:logGet(43)) - raft.server.storage.dir = [/workdir/hadoop-ozone/integration-test/target/test-dir/MiniOzoneClusterImpl-3bcee4e0-c750-460d-9485-7765d796aaea/datanode-0/data/ratis] (custom)
2019-10-14 16:44:58,491 [main] INFO  hdfs.DFSUtil (DFSUtil.java:httpServerTemplateForNNAndJN(1641)) - Starting Web-server for hddsDatanode at: http://0.0.0.0:0
2019-10-14 16:44:58,493 [main] INFO  server.AuthenticationFilter (AuthenticationFilter.java:constructSecretProvider(240)) - Unable to initialize FileSignerSecretProvider, falling back to use random secrets.
2019-10-14 16:44:58,493 [main] WARN  http.HttpRequestLog (HttpRequestLog.java:getRequestLog(97)) - Jetty request log can only be enabled using Log4j
2019-10-14 16:44:58,495 [main] INFO  http.HttpServer2 (HttpServer2.java:addGlobalFilter(975)) - Added global filter 'safety' (class=org.apache.hadoop.http.HttpServer2$QuotingInputFilter)
2019-10-14 16:44:58,495 [main] INFO  http.HttpServer2 (HttpServer2.java:addFilter(948)) - Added filter static_user_filter (class=org.apache.hadoop.http.lib.StaticUserWebFilter$StaticUserFilter) to context hddsDatanode
2019-10-14 16:44:58,495 [main] INFO  http.HttpServer2 (HttpServer2.java:addFilter(958)) - Added filter static_user_filter (class=org.apache.hadoop.http.lib.StaticUserWebFilter$StaticUserFilter) to context logs
2019-10-14 16:44:58,496 [main] INFO  http.HttpServer2 (HttpServer2.java:addFilter(958)) - Added filter static_user_filter (class=org.apache.hadoop.http.lib.StaticUserWebFilter$StaticUserFilter) to context static
2019-10-14 16:44:58,496 [main] INFO  http.HttpServer2 (HttpServer2.java:bindListener(1191)) - Jetty bound to port 42197
2019-10-14 16:44:58,497 [main] INFO  server.Server (Server.java:doStart(351)) - jetty-9.3.25.v20180904, build timestamp: 2018-09-04T21:11:46Z, git hash: 3ce520221d0240229c862b122d2b06c12a625732
2019-10-14 16:44:58,498 [main] INFO  handler.ContextHandler (ContextHandler.java:doStart(781)) - Started o.e.j.s.ServletContextHandler@541d4d9f{/logs,file:///workdir/hadoop-ozone/integration-test/target/log,AVAILABLE}
2019-10-14 16:44:58,499 [main] INFO  handler.ContextHandler (ContextHandler.java:doStart(781)) - Started o.e.j.s.ServletContextHandler@48dff674{/static,jar:file:/home/user/.m2/repository/org/apache/hadoop/hadoop-hdds-container-service/0.5.0-SNAPSHOT/hadoop-hdds-container-service-0.5.0-SNAPSHOT.jar!/webapps/static,AVAILABLE}
2019-10-14 16:44:58,536 [main] INFO  handler.ContextHandler (ContextHandler.java:doStart(781)) - Started o.e.j.w.WebAppContext@652e345{/,file:///tmp/jetty-0.0.0.0-42197-hddsDatanode-_-any-108602109329033467.dir/webapp/,AVAILABLE}{/hddsDatanode}
2019-10-14 16:44:58,536 [main] INFO  server.AbstractConnector (AbstractConnector.java:doStart(278)) - Started ServerConnector@7574d4ad{HTTP/1.1,[http/1.1]}{0.0.0.0:42197}
2019-10-14 16:44:58,538 [main] INFO  server.Server (Server.java:doStart(419)) - Started @631673ms
2019-10-14 16:44:58,539 [main] WARN  impl.MetricsSystemImpl (MetricsSystemImpl.java:register(276)) - Sink prometheus already exists!
2019-10-14 16:44:58,539 [main] INFO  server.BaseHttpServer (BaseHttpServer.java:updateConnectorAddress(215)) - HTTP server of HDDSDATANODE is listening at http://0.0.0.0:42197
2019-10-14 16:44:58,539 [main] INFO  impl.MetricsSystemImpl (MetricsSystemImpl.java:init(158)) - HddsDatanode metrics system started (again)
2019-10-14 16:44:58,545 [org.apache.hadoop.util.JvmPauseMonitor$Monitor@52a7e21c] INFO  util.JvmPauseMonitor (JvmPauseMonitor.java:run(188)) - Starting JVM pause monitor
2019-10-14 16:44:58,546 [main] INFO  ozone.HddsDatanodeService (HddsDatanodeService.java:start(184)) - HddsDatanodeService host:pr-hdds-2196-2-9v7pc-2718207715 ip:192.168.151.105
2019-10-14 16:44:58,548 [Datanode State Machine Thread - 0] INFO  datanode.InitDatanodeState (InitDatanodeState.java:persistContainerDatanodeDetails(140)) - DatanodeDetails is persisted to /workdir/hadoop-ozone/integration-test/target/test-dir/MiniOzoneClusterImpl-3bcee4e0-c750-460d-9485-7765d796aaea/datanode-0/meta/datanode.id
2019-10-14 16:44:58,554 [main] INFO  volume.HddsVolume (HddsVolume.java:<init>(176)) - Creating Volume: /workdir/hadoop-ozone/integration-test/target/test-dir/MiniOzoneClusterImpl-3bcee4e0-c750-460d-9485-7765d796aaea/datanode-1/data/containers/hdds of  storage type : DISK and capacity : 1482555576320
2019-10-14 16:44:58,554 [main] INFO  volume.VolumeSet (VolumeSet.java:initializeVolumeSet(170)) - Added Volume : /workdir/hadoop-ozone/integration-test/target/test-dir/MiniOzoneClusterImpl-3bcee4e0-c750-460d-9485-7765d796aaea/datanode-1/data/containers/hdds to VolumeSet
2019-10-14 16:44:58,554 [main] INFO  volume.ThrottledAsyncChecker (ThrottledAsyncChecker.java:schedule(141)) - Scheduling a check for org.apache.hadoop.ozone.container.common.volume.HddsVolume@1b409a79
2019-10-14 16:44:58,555 [main] INFO  volume.HddsVolumeChecker (HddsVolumeChecker.java:checkAllVolumes(204)) - Scheduled health check for volume org.apache.hadoop.ozone.container.common.volume.HddsVolume@1b409a79
2019-10-14 16:44:58,577 [main] INFO  impl.RaftServerProxy (ConfUtils.java:logGet(43)) - raft.rpc.type = GRPC (default)
2019-10-14 16:44:58,577 [main] INFO  grpc.GrpcFactory (GrpcFactory.java:checkPooledByteBufAllocatorUseCacheForAllThreads(45)) - PERFORMANCE WARNING: useCacheForAllThreads is true that may cause Netty to create a lot garbage objects and, as a result, trigger GC.
	It is recommended to disable useCacheForAllThreads by setting -Dorg.apache.ratis.thirdparty.io.netty.allocator.useCacheForAllThreads=false in command line.
2019-10-14 16:44:58,577 [main] INFO  grpc.GrpcConfigKeys$Server (ConfUtils.java:logGet(43)) - raft.grpc.server.port = 0 (default)
2019-10-14 16:44:58,578 [main] INFO  server.GrpcService (ConfUtils.java:logGet(43)) - raft.grpc.message.size.max = 33570816 (custom)
2019-10-14 16:44:58,578 [main] INFO  server.RaftServerConfigKeys (ConfUtils.java:logGet(43)) - raft.server.log.appender.buffer.byte-limit = 33554432 (custom)
2019-10-14 16:44:58,578 [main] INFO  server.GrpcService (ConfUtils.java:logGet(43)) - raft.grpc.flow.control.window = 1MB (=1048576) (default)
2019-10-14 16:44:58,578 [main] INFO  server.RaftServerConfigKeys (ConfUtils.java:logGet(43)) - raft.server.rpc.request.timeout = 3000ms (default)
2019-10-14 16:44:58,579 [main] INFO  server.RaftServerConfigKeys (ConfUtils.java:logGet(43)) - raft.server.storage.dir = [/workdir/hadoop-ozone/integration-test/target/test-dir/MiniOzoneClusterImpl-3bcee4e0-c750-460d-9485-7765d796aaea/datanode-1/data/ratis] (custom)
2019-10-14 16:44:58,580 [main] INFO  hdfs.DFSUtil (DFSUtil.java:httpServerTemplateForNNAndJN(1641)) - Starting Web-server for hddsDatanode at: http://0.0.0.0:0
2019-10-14 16:44:58,582 [main] INFO  server.AuthenticationFilter (AuthenticationFilter.java:constructSecretProvider(240)) - Unable to initialize FileSignerSecretProvider, falling back to use random secrets.
2019-10-14 16:44:58,582 [main] WARN  http.HttpRequestLog (HttpRequestLog.java:getRequestLog(97)) - Jetty request log can only be enabled using Log4j
2019-10-14 16:44:58,584 [main] INFO  http.HttpServer2 (HttpServer2.java:addGlobalFilter(975)) - Added global filter 'safety' (class=org.apache.hadoop.http.HttpServer2$QuotingInputFilter)
2019-10-14 16:44:58,585 [main] INFO  http.HttpServer2 (HttpServer2.java:addFilter(948)) - Added filter static_user_filter (class=org.apache.hadoop.http.lib.StaticUserWebFilter$StaticUserFilter) to context hddsDatanode
2019-10-14 16:44:58,585 [main] INFO  http.HttpServer2 (HttpServer2.java:addFilter(958)) - Added filter static_user_filter (class=org.apache.hadoop.http.lib.StaticUserWebFilter$StaticUserFilter) to context static
2019-10-14 16:44:58,586 [main] INFO  http.HttpServer2 (HttpServer2.java:addFilter(958)) - Added filter static_user_filter (class=org.apache.hadoop.http.lib.StaticUserWebFilter$StaticUserFilter) to context logs
2019-10-14 16:44:58,586 [main] INFO  http.HttpServer2 (HttpServer2.java:bindListener(1191)) - Jetty bound to port 44131
2019-10-14 16:44:58,587 [main] INFO  server.Server (Server.java:doStart(351)) - jetty-9.3.25.v20180904, build timestamp: 2018-09-04T21:11:46Z, git hash: 3ce520221d0240229c862b122d2b06c12a625732
2019-10-14 16:44:58,588 [main] INFO  handler.ContextHandler (ContextHandler.java:doStart(781)) - Started o.e.j.s.ServletContextHandler@3070f3e6{/logs,file:///workdir/hadoop-ozone/integration-test/target/log,AVAILABLE}
2019-10-14 16:44:58,589 [main] INFO  handler.ContextHandler (ContextHandler.java:doStart(781)) - Started o.e.j.s.ServletContextHandler@52bba91a{/static,jar:file:/home/user/.m2/repository/org/apache/hadoop/hadoop-hdds-container-service/0.5.0-SNAPSHOT/hadoop-hdds-container-service-0.5.0-SNAPSHOT.jar!/webapps/static,AVAILABLE}
2019-10-14 16:44:58,623 [main] INFO  handler.ContextHandler (ContextHandler.java:doStart(781)) - Started o.e.j.w.WebAppContext@66b0e207{/,file:///tmp/jetty-0.0.0.0-44131-hddsDatanode-_-any-7068834004350471950.dir/webapp/,AVAILABLE}{/hddsDatanode}
2019-10-14 16:44:58,624 [main] INFO  server.AbstractConnector (AbstractConnector.java:doStart(278)) - Started ServerConnector@74a58a06{HTTP/1.1,[http/1.1]}{0.0.0.0:44131}
2019-10-14 16:44:58,626 [main] INFO  server.Server (Server.java:doStart(419)) - Started @631760ms
2019-10-14 16:44:58,626 [main] WARN  impl.MetricsSystemImpl (MetricsSystemImpl.java:register(276)) - Sink prometheus already exists!
2019-10-14 16:44:58,627 [main] INFO  server.BaseHttpServer (BaseHttpServer.java:updateConnectorAddress(215)) - HTTP server of HDDSDATANODE is listening at http://0.0.0.0:44131
2019-10-14 16:44:58,627 [main] INFO  impl.MetricsSystemImpl (MetricsSystemImpl.java:init(158)) - HddsDatanode metrics system started (again)
2019-10-14 16:44:58,632 [org.apache.hadoop.util.JvmPauseMonitor$Monitor@5ae33096] INFO  util.JvmPauseMonitor (JvmPauseMonitor.java:run(188)) - Starting JVM pause monitor
2019-10-14 16:44:58,633 [main] INFO  ozone.HddsDatanodeService (HddsDatanodeService.java:start(184)) - HddsDatanodeService host:pr-hdds-2196-2-9v7pc-2718207715 ip:192.168.151.105
2019-10-14 16:44:58,634 [Datanode State Machine Thread - 0] INFO  datanode.InitDatanodeState (InitDatanodeState.java:persistContainerDatanodeDetails(140)) - DatanodeDetails is persisted to /workdir/hadoop-ozone/integration-test/target/test-dir/MiniOzoneClusterImpl-3bcee4e0-c750-460d-9485-7765d796aaea/datanode-1/meta/datanode.id
2019-10-14 16:44:58,640 [main] INFO  volume.HddsVolume (HddsVolume.java:<init>(176)) - Creating Volume: /workdir/hadoop-ozone/integration-test/target/test-dir/MiniOzoneClusterImpl-3bcee4e0-c750-460d-9485-7765d796aaea/datanode-2/data/containers/hdds of  storage type : DISK and capacity : 1482555576320
2019-10-14 16:44:58,640 [main] INFO  volume.VolumeSet (VolumeSet.java:initializeVolumeSet(170)) - Added Volume : /workdir/hadoop-ozone/integration-test/target/test-dir/MiniOzoneClusterImpl-3bcee4e0-c750-460d-9485-7765d796aaea/datanode-2/data/containers/hdds to VolumeSet
2019-10-14 16:44:58,640 [main] INFO  volume.ThrottledAsyncChecker (ThrottledAsyncChecker.java:schedule(141)) - Scheduling a check for org.apache.hadoop.ozone.container.common.volume.HddsVolume@1e120628
2019-10-14 16:44:58,641 [main] INFO  volume.HddsVolumeChecker (HddsVolumeChecker.java:checkAllVolumes(204)) - Scheduled health check for volume org.apache.hadoop.ozone.container.common.volume.HddsVolume@1e120628
2019-10-14 16:44:58,654 [main] INFO  impl.RaftServerProxy (ConfUtils.java:logGet(43)) - raft.rpc.type = GRPC (default)
2019-10-14 16:44:58,654 [main] INFO  grpc.GrpcFactory (GrpcFactory.java:checkPooledByteBufAllocatorUseCacheForAllThreads(45)) - PERFORMANCE WARNING: useCacheForAllThreads is true that may cause Netty to create a lot garbage objects and, as a result, trigger GC.
	It is recommended to disable useCacheForAllThreads by setting -Dorg.apache.ratis.thirdparty.io.netty.allocator.useCacheForAllThreads=false in command line.
2019-10-14 16:44:58,654 [main] INFO  grpc.GrpcConfigKeys$Server (ConfUtils.java:logGet(43)) - raft.grpc.server.port = 0 (default)
2019-10-14 16:44:58,654 [main] INFO  server.GrpcService (ConfUtils.java:logGet(43)) - raft.grpc.message.size.max = 33570816 (custom)
2019-10-14 16:44:58,654 [main] INFO  server.RaftServerConfigKeys (ConfUtils.java:logGet(43)) - raft.server.log.appender.buffer.byte-limit = 33554432 (custom)
2019-10-14 16:44:58,655 [main] INFO  server.GrpcService (ConfUtils.java:logGet(43)) - raft.grpc.flow.control.window = 1MB (=1048576) (default)
2019-10-14 16:44:58,655 [main] INFO  server.RaftServerConfigKeys (ConfUtils.java:logGet(43)) - raft.server.rpc.request.timeout = 3000ms (default)
2019-10-14 16:44:58,655 [main] INFO  server.RaftServerConfigKeys (ConfUtils.java:logGet(43)) - raft.server.storage.dir = [/workdir/hadoop-ozone/integration-test/target/test-dir/MiniOzoneClusterImpl-3bcee4e0-c750-460d-9485-7765d796aaea/datanode-2/data/ratis] (custom)
2019-10-14 16:44:58,656 [main] INFO  hdfs.DFSUtil (DFSUtil.java:httpServerTemplateForNNAndJN(1641)) - Starting Web-server for hddsDatanode at: http://0.0.0.0:0
2019-10-14 16:44:58,657 [main] INFO  server.AuthenticationFilter (AuthenticationFilter.java:constructSecretProvider(240)) - Unable to initialize FileSignerSecretProvider, falling back to use random secrets.
2019-10-14 16:44:58,657 [main] WARN  http.HttpRequestLog (HttpRequestLog.java:getRequestLog(97)) - Jetty request log can only be enabled using Log4j
2019-10-14 16:44:58,659 [main] INFO  http.HttpServer2 (HttpServer2.java:addGlobalFilter(975)) - Added global filter 'safety' (class=org.apache.hadoop.http.HttpServer2$QuotingInputFilter)
2019-10-14 16:44:58,659 [main] INFO  http.HttpServer2 (HttpServer2.java:addFilter(948)) - Added filter static_user_filter (class=org.apache.hadoop.http.lib.StaticUserWebFilter$StaticUserFilter) to context hddsDatanode
2019-10-14 16:44:58,659 [main] INFO  http.HttpServer2 (HttpServer2.java:addFilter(958)) - Added filter static_user_filter (class=org.apache.hadoop.http.lib.StaticUserWebFilter$StaticUserFilter) to context logs
2019-10-14 16:44:58,659 [main] INFO  http.HttpServer2 (HttpServer2.java:addFilter(958)) - Added filter static_user_filter (class=org.apache.hadoop.http.lib.StaticUserWebFilter$StaticUserFilter) to context static
2019-10-14 16:44:58,660 [main] INFO  http.HttpServer2 (HttpServer2.java:bindListener(1191)) - Jetty bound to port 33851
2019-10-14 16:44:58,660 [main] INFO  server.Server (Server.java:doStart(351)) - jetty-9.3.25.v20180904, build timestamp: 2018-09-04T21:11:46Z, git hash: 3ce520221d0240229c862b122d2b06c12a625732
2019-10-14 16:44:58,661 [main] INFO  handler.ContextHandler (ContextHandler.java:doStart(781)) - Started o.e.j.s.ServletContextHandler@65844c96{/logs,file:///workdir/hadoop-ozone/integration-test/target/log,AVAILABLE}
2019-10-14 16:44:58,662 [main] INFO  handler.ContextHandler (ContextHandler.java:doStart(781)) - Started o.e.j.s.ServletContextHandler@4e5c8ef3{/static,jar:file:/home/user/.m2/repository/org/apache/hadoop/hadoop-hdds-container-service/0.5.0-SNAPSHOT/hadoop-hdds-container-service-0.5.0-SNAPSHOT.jar!/webapps/static,AVAILABLE}
2019-10-14 16:44:58,689 [main] INFO  handler.ContextHandler (ContextHandler.java:doStart(781)) - Started o.e.j.w.WebAppContext@394a6d2b{/,file:///tmp/jetty-0.0.0.0-33851-hddsDatanode-_-any-1479891083544224256.dir/webapp/,AVAILABLE}{/hddsDatanode}
2019-10-14 16:44:58,690 [main] INFO  server.AbstractConnector (AbstractConnector.java:doStart(278)) - Started ServerConnector@635ff2a5{HTTP/1.1,[http/1.1]}{0.0.0.0:33851}
2019-10-14 16:44:58,692 [main] INFO  server.Server (Server.java:doStart(419)) - Started @631826ms
2019-10-14 16:44:58,692 [main] WARN  impl.MetricsSystemImpl (MetricsSystemImpl.java:register(276)) - Sink prometheus already exists!
2019-10-14 16:44:58,692 [main] INFO  server.BaseHttpServer (BaseHttpServer.java:updateConnectorAddress(215)) - HTTP server of HDDSDATANODE is listening at http://0.0.0.0:33851
2019-10-14 16:44:58,693 [main] INFO  impl.MetricsSystemImpl (MetricsSystemImpl.java:init(158)) - HddsDatanode metrics system started (again)
2019-10-14 16:44:58,698 [org.apache.hadoop.util.JvmPauseMonitor$Monitor@681cac05] INFO  util.JvmPauseMonitor (JvmPauseMonitor.java:run(188)) - Starting JVM pause monitor
2019-10-14 16:44:58,699 [main] INFO  ozone.HddsDatanodeService (HddsDatanodeService.java:start(184)) - HddsDatanodeService host:pr-hdds-2196-2-9v7pc-2718207715 ip:192.168.151.105
2019-10-14 16:44:58,700 [Datanode State Machine Thread - 0] INFO  datanode.InitDatanodeState (InitDatanodeState.java:persistContainerDatanodeDetails(140)) - DatanodeDetails is persisted to /workdir/hadoop-ozone/integration-test/target/test-dir/MiniOzoneClusterImpl-3bcee4e0-c750-460d-9485-7765d796aaea/datanode-2/meta/datanode.id
2019-10-14 16:44:58,705 [main] INFO  volume.HddsVolume (HddsVolume.java:<init>(176)) - Creating Volume: /workdir/hadoop-ozone/integration-test/target/test-dir/MiniOzoneClusterImpl-3bcee4e0-c750-460d-9485-7765d796aaea/datanode-3/data/containers/hdds of  storage type : DISK and capacity : 1482555576320
2019-10-14 16:44:58,706 [main] INFO  volume.VolumeSet (VolumeSet.java:initializeVolumeSet(170)) - Added Volume : /workdir/hadoop-ozone/integration-test/target/test-dir/MiniOzoneClusterImpl-3bcee4e0-c750-460d-9485-7765d796aaea/datanode-3/data/containers/hdds to VolumeSet
2019-10-14 16:44:58,706 [main] INFO  volume.ThrottledAsyncChecker (ThrottledAsyncChecker.java:schedule(141)) - Scheduling a check for org.apache.hadoop.ozone.container.common.volume.HddsVolume@610fbe1c
2019-10-14 16:44:58,706 [main] INFO  volume.HddsVolumeChecker (HddsVolumeChecker.java:checkAllVolumes(204)) - Scheduled health check for volume org.apache.hadoop.ozone.container.common.volume.HddsVolume@610fbe1c
2019-10-14 16:44:58,720 [main] INFO  impl.RaftServerProxy (ConfUtils.java:logGet(43)) - raft.rpc.type = GRPC (default)
2019-10-14 16:44:58,720 [main] INFO  grpc.GrpcFactory (GrpcFactory.java:checkPooledByteBufAllocatorUseCacheForAllThreads(45)) - PERFORMANCE WARNING: useCacheForAllThreads is true that may cause Netty to create a lot garbage objects and, as a result, trigger GC.
	It is recommended to disable useCacheForAllThreads by setting -Dorg.apache.ratis.thirdparty.io.netty.allocator.useCacheForAllThreads=false in command line.
2019-10-14 16:44:58,720 [main] INFO  grpc.GrpcConfigKeys$Server (ConfUtils.java:logGet(43)) - raft.grpc.server.port = 0 (default)
2019-10-14 16:44:58,721 [main] INFO  server.GrpcService (ConfUtils.java:logGet(43)) - raft.grpc.message.size.max = 33570816 (custom)
2019-10-14 16:44:58,721 [main] INFO  server.RaftServerConfigKeys (ConfUtils.java:logGet(43)) - raft.server.log.appender.buffer.byte-limit = 33554432 (custom)
2019-10-14 16:44:58,721 [main] INFO  server.GrpcService (ConfUtils.java:logGet(43)) - raft.grpc.flow.control.window = 1MB (=1048576) (default)
2019-10-14 16:44:58,721 [main] INFO  server.RaftServerConfigKeys (ConfUtils.java:logGet(43)) - raft.server.rpc.request.timeout = 3000ms (default)
2019-10-14 16:44:58,721 [main] INFO  server.RaftServerConfigKeys (ConfUtils.java:logGet(43)) - raft.server.storage.dir = [/workdir/hadoop-ozone/integration-test/target/test-dir/MiniOzoneClusterImpl-3bcee4e0-c750-460d-9485-7765d796aaea/datanode-3/data/ratis] (custom)
2019-10-14 16:44:58,723 [main] INFO  hdfs.DFSUtil (DFSUtil.java:httpServerTemplateForNNAndJN(1641)) - Starting Web-server for hddsDatanode at: http://0.0.0.0:0
2019-10-14 16:44:58,724 [main] INFO  server.AuthenticationFilter (AuthenticationFilter.java:constructSecretProvider(240)) - Unable to initialize FileSignerSecretProvider, falling back to use random secrets.
2019-10-14 16:44:58,724 [main] WARN  http.HttpRequestLog (HttpRequestLog.java:getRequestLog(97)) - Jetty request log can only be enabled using Log4j
2019-10-14 16:44:58,726 [main] INFO  http.HttpServer2 (HttpServer2.java:addGlobalFilter(975)) - Added global filter 'safety' (class=org.apache.hadoop.http.HttpServer2$QuotingInputFilter)
2019-10-14 16:44:58,726 [main] INFO  http.HttpServer2 (HttpServer2.java:addFilter(948)) - Added filter static_user_filter (class=org.apache.hadoop.http.lib.StaticUserWebFilter$StaticUserFilter) to context hddsDatanode
2019-10-14 16:44:58,726 [main] INFO  http.HttpServer2 (HttpServer2.java:addFilter(958)) - Added filter static_user_filter (class=org.apache.hadoop.http.lib.StaticUserWebFilter$StaticUserFilter) to context logs
2019-10-14 16:44:58,727 [main] INFO  http.HttpServer2 (HttpServer2.java:addFilter(958)) - Added filter static_user_filter (class=org.apache.hadoop.http.lib.StaticUserWebFilter$StaticUserFilter) to context static
2019-10-14 16:44:58,727 [main] INFO  http.HttpServer2 (HttpServer2.java:bindListener(1191)) - Jetty bound to port 42018
2019-10-14 16:44:58,727 [main] INFO  server.Server (Server.java:doStart(351)) - jetty-9.3.25.v20180904, build timestamp: 2018-09-04T21:11:46Z, git hash: 3ce520221d0240229c862b122d2b06c12a625732
2019-10-14 16:44:58,729 [main] INFO  handler.ContextHandler (ContextHandler.java:doStart(781)) - Started o.e.j.s.ServletContextHandler@5e5a8718{/logs,file:///workdir/hadoop-ozone/integration-test/target/log,AVAILABLE}
2019-10-14 16:44:58,729 [main] INFO  handler.ContextHandler (ContextHandler.java:doStart(781)) - Started o.e.j.s.ServletContextHandler@615e83ac{/static,jar:file:/home/user/.m2/repository/org/apache/hadoop/hadoop-hdds-container-service/0.5.0-SNAPSHOT/hadoop-hdds-container-service-0.5.0-SNAPSHOT.jar!/webapps/static,AVAILABLE}
2019-10-14 16:44:58,759 [main] INFO  handler.ContextHandler (ContextHandler.java:doStart(781)) - Started o.e.j.w.WebAppContext@54a056e4{/,file:///tmp/jetty-0.0.0.0-42018-hddsDatanode-_-any-6283370737638098650.dir/webapp/,AVAILABLE}{/hddsDatanode}
2019-10-14 16:44:58,760 [main] INFO  server.AbstractConnector (AbstractConnector.java:doStart(278)) - Started ServerConnector@15994b0b{HTTP/1.1,[http/1.1]}{0.0.0.0:42018}
2019-10-14 16:44:58,760 [main] INFO  server.Server (Server.java:doStart(419)) - Started @631894ms
2019-10-14 16:44:58,762 [main] WARN  impl.MetricsSystemImpl (MetricsSystemImpl.java:register(276)) - Sink prometheus already exists!
2019-10-14 16:44:58,763 [main] INFO  server.BaseHttpServer (BaseHttpServer.java:updateConnectorAddress(215)) - HTTP server of HDDSDATANODE is listening at http://0.0.0.0:42018
2019-10-14 16:44:58,763 [main] INFO  impl.MetricsSystemImpl (MetricsSystemImpl.java:init(158)) - HddsDatanode metrics system started (again)
2019-10-14 16:44:58,769 [org.apache.hadoop.util.JvmPauseMonitor$Monitor@56e9018b] INFO  util.JvmPauseMonitor (JvmPauseMonitor.java:run(188)) - Starting JVM pause monitor
2019-10-14 16:44:58,770 [main] INFO  ozone.HddsDatanodeService (HddsDatanodeService.java:start(184)) - HddsDatanodeService host:pr-hdds-2196-2-9v7pc-2718207715 ip:192.168.151.105
2019-10-14 16:44:58,770 [Datanode State Machine Thread - 0] INFO  datanode.InitDatanodeState (InitDatanodeState.java:persistContainerDatanodeDetails(140)) - DatanodeDetails is persisted to /workdir/hadoop-ozone/integration-test/target/test-dir/MiniOzoneClusterImpl-3bcee4e0-c750-460d-9485-7765d796aaea/datanode-3/meta/datanode.id
2019-10-14 16:44:58,777 [main] INFO  volume.HddsVolume (HddsVolume.java:<init>(176)) - Creating Volume: /workdir/hadoop-ozone/integration-test/target/test-dir/MiniOzoneClusterImpl-3bcee4e0-c750-460d-9485-7765d796aaea/datanode-4/data/containers/hdds of  storage type : DISK and capacity : 1482555576320
2019-10-14 16:44:58,777 [main] INFO  volume.VolumeSet (VolumeSet.java:initializeVolumeSet(170)) - Added Volume : /workdir/hadoop-ozone/integration-test/target/test-dir/MiniOzoneClusterImpl-3bcee4e0-c750-460d-9485-7765d796aaea/datanode-4/data/containers/hdds to VolumeSet
2019-10-14 16:44:58,778 [main] INFO  volume.ThrottledAsyncChecker (ThrottledAsyncChecker.java:schedule(141)) - Scheduling a check for org.apache.hadoop.ozone.container.common.volume.HddsVolume@3b3056a6
2019-10-14 16:44:58,778 [main] INFO  volume.HddsVolumeChecker (HddsVolumeChecker.java:checkAllVolumes(204)) - Scheduled health check for volume org.apache.hadoop.ozone.container.common.volume.HddsVolume@3b3056a6
2019-10-14 16:44:58,799 [main] INFO  impl.RaftServerProxy (ConfUtils.java:logGet(43)) - raft.rpc.type = GRPC (default)
2019-10-14 16:44:58,799 [main] INFO  grpc.GrpcFactory (GrpcFactory.java:checkPooledByteBufAllocatorUseCacheForAllThreads(45)) - PERFORMANCE WARNING: useCacheForAllThreads is true that may cause Netty to create a lot garbage objects and, as a result, trigger GC.
	It is recommended to disable useCacheForAllThreads by setting -Dorg.apache.ratis.thirdparty.io.netty.allocator.useCacheForAllThreads=false in command line.
2019-10-14 16:44:58,799 [main] INFO  grpc.GrpcConfigKeys$Server (ConfUtils.java:logGet(43)) - raft.grpc.server.port = 0 (default)
2019-10-14 16:44:58,800 [main] INFO  server.GrpcService (ConfUtils.java:logGet(43)) - raft.grpc.message.size.max = 33570816 (custom)
2019-10-14 16:44:58,800 [main] INFO  server.RaftServerConfigKeys (ConfUtils.java:logGet(43)) - raft.server.log.appender.buffer.byte-limit = 33554432 (custom)
2019-10-14 16:44:58,800 [main] INFO  server.GrpcService (ConfUtils.java:logGet(43)) - raft.grpc.flow.control.window = 1MB (=1048576) (default)
2019-10-14 16:44:58,800 [main] INFO  server.RaftServerConfigKeys (ConfUtils.java:logGet(43)) - raft.server.rpc.request.timeout = 3000ms (default)
2019-10-14 16:44:58,801 [main] INFO  server.RaftServerConfigKeys (ConfUtils.java:logGet(43)) - raft.server.storage.dir = [/workdir/hadoop-ozone/integration-test/target/test-dir/MiniOzoneClusterImpl-3bcee4e0-c750-460d-9485-7765d796aaea/datanode-4/data/ratis] (custom)
2019-10-14 16:44:58,802 [main] INFO  hdfs.DFSUtil (DFSUtil.java:httpServerTemplateForNNAndJN(1641)) - Starting Web-server for hddsDatanode at: http://0.0.0.0:0
2019-10-14 16:44:58,804 [main] INFO  server.AuthenticationFilter (AuthenticationFilter.java:constructSecretProvider(240)) - Unable to initialize FileSignerSecretProvider, falling back to use random secrets.
2019-10-14 16:44:58,804 [main] WARN  http.HttpRequestLog (HttpRequestLog.java:getRequestLog(97)) - Jetty request log can only be enabled using Log4j
2019-10-14 16:44:58,806 [main] INFO  http.HttpServer2 (HttpServer2.java:addGlobalFilter(975)) - Added global filter 'safety' (class=org.apache.hadoop.http.HttpServer2$QuotingInputFilter)
2019-10-14 16:44:58,806 [main] INFO  http.HttpServer2 (HttpServer2.java:addFilter(948)) - Added filter static_user_filter (class=org.apache.hadoop.http.lib.StaticUserWebFilter$StaticUserFilter) to context hddsDatanode
2019-10-14 16:44:58,806 [main] INFO  http.HttpServer2 (HttpServer2.java:addFilter(958)) - Added filter static_user_filter (class=org.apache.hadoop.http.lib.StaticUserWebFilter$StaticUserFilter) to context static
2019-10-14 16:44:58,807 [main] INFO  http.HttpServer2 (HttpServer2.java:addFilter(958)) - Added filter static_user_filter (class=org.apache.hadoop.http.lib.StaticUserWebFilter$StaticUserFilter) to context logs
2019-10-14 16:44:58,807 [main] INFO  http.HttpServer2 (HttpServer2.java:bindListener(1191)) - Jetty bound to port 43236
2019-10-14 16:44:58,807 [main] INFO  server.Server (Server.java:doStart(351)) - jetty-9.3.25.v20180904, build timestamp: 2018-09-04T21:11:46Z, git hash: 3ce520221d0240229c862b122d2b06c12a625732
2019-10-14 16:44:58,809 [main] INFO  handler.ContextHandler (ContextHandler.java:doStart(781)) - Started o.e.j.s.ServletContextHandler@7ead1d80{/logs,file:///workdir/hadoop-ozone/integration-test/target/log,AVAILABLE}
2019-10-14 16:44:58,809 [main] INFO  handler.ContextHandler (ContextHandler.java:doStart(781)) - Started o.e.j.s.ServletContextHandler@1182413a{/static,jar:file:/home/user/.m2/repository/org/apache/hadoop/hadoop-hdds-container-service/0.5.0-SNAPSHOT/hadoop-hdds-container-service-0.5.0-SNAPSHOT.jar!/webapps/static,AVAILABLE}
2019-10-14 16:44:58,839 [main] INFO  handler.ContextHandler (ContextHandler.java:doStart(781)) - Started o.e.j.w.WebAppContext@75ed125a{/,file:///tmp/jetty-0.0.0.0-43236-hddsDatanode-_-any-3044223111543077597.dir/webapp/,AVAILABLE}{/hddsDatanode}
2019-10-14 16:44:58,839 [main] INFO  server.AbstractConnector (AbstractConnector.java:doStart(278)) - Started ServerConnector@653a5967{HTTP/1.1,[http/1.1]}{0.0.0.0:43236}
2019-10-14 16:44:58,839 [main] INFO  server.Server (Server.java:doStart(419)) - Started @631974ms
2019-10-14 16:44:58,841 [main] WARN  impl.MetricsSystemImpl (MetricsSystemImpl.java:register(276)) - Sink prometheus already exists!
2019-10-14 16:44:58,842 [main] INFO  server.BaseHttpServer (BaseHttpServer.java:updateConnectorAddress(215)) - HTTP server of HDDSDATANODE is listening at http://0.0.0.0:43236
2019-10-14 16:44:58,842 [main] INFO  impl.MetricsSystemImpl (MetricsSystemImpl.java:init(158)) - HddsDatanode metrics system started (again)
2019-10-14 16:44:58,849 [org.apache.hadoop.util.JvmPauseMonitor$Monitor@128ea7a] INFO  util.JvmPauseMonitor (JvmPauseMonitor.java:run(188)) - Starting JVM pause monitor
2019-10-14 16:44:58,849 [main] INFO  ozone.HddsDatanodeService (HddsDatanodeService.java:start(184)) - HddsDatanodeService host:pr-hdds-2196-2-9v7pc-2718207715 ip:192.168.151.105
2019-10-14 16:44:58,850 [Datanode State Machine Thread - 0] INFO  datanode.InitDatanodeState (InitDatanodeState.java:persistContainerDatanodeDetails(140)) - DatanodeDetails is persisted to /workdir/hadoop-ozone/integration-test/target/test-dir/MiniOzoneClusterImpl-3bcee4e0-c750-460d-9485-7765d796aaea/datanode-4/meta/datanode.id
2019-10-14 16:44:58,864 [main] INFO  volume.HddsVolume (HddsVolume.java:<init>(176)) - Creating Volume: /workdir/hadoop-ozone/integration-test/target/test-dir/MiniOzoneClusterImpl-3bcee4e0-c750-460d-9485-7765d796aaea/datanode-5/data/containers/hdds of  storage type : DISK and capacity : 1482555576320
2019-10-14 16:44:58,864 [main] INFO  volume.VolumeSet (VolumeSet.java:initializeVolumeSet(170)) - Added Volume : /workdir/hadoop-ozone/integration-test/target/test-dir/MiniOzoneClusterImpl-3bcee4e0-c750-460d-9485-7765d796aaea/datanode-5/data/containers/hdds to VolumeSet
2019-10-14 16:44:58,864 [main] INFO  volume.ThrottledAsyncChecker (ThrottledAsyncChecker.java:schedule(141)) - Scheduling a check for org.apache.hadoop.ozone.container.common.volume.HddsVolume@5e69cf07
2019-10-14 16:44:58,865 [main] INFO  volume.HddsVolumeChecker (HddsVolumeChecker.java:checkAllVolumes(204)) - Scheduled health check for volume org.apache.hadoop.ozone.container.common.volume.HddsVolume@5e69cf07
2019-10-14 16:44:58,879 [main] INFO  impl.RaftServerProxy (ConfUtils.java:logGet(43)) - raft.rpc.type = GRPC (default)
2019-10-14 16:44:58,879 [main] INFO  grpc.GrpcFactory (GrpcFactory.java:checkPooledByteBufAllocatorUseCacheForAllThreads(45)) - PERFORMANCE WARNING: useCacheForAllThreads is true that may cause Netty to create a lot garbage objects and, as a result, trigger GC.
	It is recommended to disable useCacheForAllThreads by setting -Dorg.apache.ratis.thirdparty.io.netty.allocator.useCacheForAllThreads=false in command line.
2019-10-14 16:44:58,879 [main] INFO  grpc.GrpcConfigKeys$Server (ConfUtils.java:logGet(43)) - raft.grpc.server.port = 0 (default)
2019-10-14 16:44:58,879 [main] INFO  server.GrpcService (ConfUtils.java:logGet(43)) - raft.grpc.message.size.max = 33570816 (custom)
2019-10-14 16:44:58,879 [main] INFO  server.RaftServerConfigKeys (ConfUtils.java:logGet(43)) - raft.server.log.appender.buffer.byte-limit = 33554432 (custom)
2019-10-14 16:44:58,880 [main] INFO  server.GrpcService (ConfUtils.java:logGet(43)) - raft.grpc.flow.control.window = 1MB (=1048576) (default)
2019-10-14 16:44:58,880 [main] INFO  server.RaftServerConfigKeys (ConfUtils.java:logGet(43)) - raft.server.rpc.request.timeout = 3000ms (default)
2019-10-14 16:44:58,880 [main] INFO  server.RaftServerConfigKeys (ConfUtils.java:logGet(43)) - raft.server.storage.dir = [/workdir/hadoop-ozone/integration-test/target/test-dir/MiniOzoneClusterImpl-3bcee4e0-c750-460d-9485-7765d796aaea/datanode-5/data/ratis] (custom)
2019-10-14 16:44:58,881 [main] INFO  hdfs.DFSUtil (DFSUtil.java:httpServerTemplateForNNAndJN(1641)) - Starting Web-server for hddsDatanode at: http://0.0.0.0:0
2019-10-14 16:44:58,883 [main] INFO  server.AuthenticationFilter (AuthenticationFilter.java:constructSecretProvider(240)) - Unable to initialize FileSignerSecretProvider, falling back to use random secrets.
2019-10-14 16:44:58,883 [main] WARN  http.HttpRequestLog (HttpRequestLog.java:getRequestLog(97)) - Jetty request log can only be enabled using Log4j
2019-10-14 16:44:58,884 [main] INFO  http.HttpServer2 (HttpServer2.java:addGlobalFilter(975)) - Added global filter 'safety' (class=org.apache.hadoop.http.HttpServer2$QuotingInputFilter)
2019-10-14 16:44:58,885 [main] INFO  http.HttpServer2 (HttpServer2.java:addFilter(948)) - Added filter static_user_filter (class=org.apache.hadoop.http.lib.StaticUserWebFilter$StaticUserFilter) to context hddsDatanode
2019-10-14 16:44:58,885 [main] INFO  http.HttpServer2 (HttpServer2.java:addFilter(958)) - Added filter static_user_filter (class=org.apache.hadoop.http.lib.StaticUserWebFilter$StaticUserFilter) to context logs
2019-10-14 16:44:58,885 [main] INFO  http.HttpServer2 (HttpServer2.java:addFilter(958)) - Added filter static_user_filter (class=org.apache.hadoop.http.lib.StaticUserWebFilter$StaticUserFilter) to context static
2019-10-14 16:44:58,885 [main] INFO  http.HttpServer2 (HttpServer2.java:bindListener(1191)) - Jetty bound to port 39139
2019-10-14 16:44:58,886 [main] INFO  server.Server (Server.java:doStart(351)) - jetty-9.3.25.v20180904, build timestamp: 2018-09-04T21:11:46Z, git hash: 3ce520221d0240229c862b122d2b06c12a625732
2019-10-14 16:44:58,887 [main] INFO  handler.ContextHandler (ContextHandler.java:doStart(781)) - Started o.e.j.s.ServletContextHandler@3c60c681{/logs,file:///workdir/hadoop-ozone/integration-test/target/log,AVAILABLE}
2019-10-14 16:44:58,887 [main] INFO  handler.ContextHandler (ContextHandler.java:doStart(781)) - Started o.e.j.s.ServletContextHandler@7a1371{/static,jar:file:/home/user/.m2/repository/org/apache/hadoop/hadoop-hdds-container-service/0.5.0-SNAPSHOT/hadoop-hdds-container-service-0.5.0-SNAPSHOT.jar!/webapps/static,AVAILABLE}
2019-10-14 16:44:58,915 [main] INFO  handler.ContextHandler (ContextHandler.java:doStart(781)) - Started o.e.j.w.WebAppContext@4b4927e5{/,file:///tmp/jetty-0.0.0.0-39139-hddsDatanode-_-any-1137065712916349854.dir/webapp/,AVAILABLE}{/hddsDatanode}
2019-10-14 16:44:58,916 [main] INFO  server.AbstractConnector (AbstractConnector.java:doStart(278)) - Started ServerConnector@4c5da4f9{HTTP/1.1,[http/1.1]}{0.0.0.0:39139}
2019-10-14 16:44:58,917 [main] INFO  server.Server (Server.java:doStart(419)) - Started @632052ms
2019-10-14 16:44:58,917 [main] WARN  impl.MetricsSystemImpl (MetricsSystemImpl.java:register(276)) - Sink prometheus already exists!
2019-10-14 16:44:58,918 [main] INFO  server.BaseHttpServer (BaseHttpServer.java:updateConnectorAddress(215)) - HTTP server of HDDSDATANODE is listening at http://0.0.0.0:39139
2019-10-14 16:44:58,918 [main] INFO  impl.MetricsSystemImpl (MetricsSystemImpl.java:init(158)) - HddsDatanode metrics system started (again)
2019-10-14 16:44:58,925 [org.apache.hadoop.util.JvmPauseMonitor$Monitor@794ed8d5] INFO  util.JvmPauseMonitor (JvmPauseMonitor.java:run(188)) - Starting JVM pause monitor
2019-10-14 16:44:58,926 [main] INFO  ozone.HddsDatanodeService (HddsDatanodeService.java:start(184)) - HddsDatanodeService host:pr-hdds-2196-2-9v7pc-2718207715 ip:192.168.151.105
2019-10-14 16:44:58,926 [Datanode State Machine Thread - 0] INFO  datanode.InitDatanodeState (InitDatanodeState.java:persistContainerDatanodeDetails(140)) - DatanodeDetails is persisted to /workdir/hadoop-ozone/integration-test/target/test-dir/MiniOzoneClusterImpl-3bcee4e0-c750-460d-9485-7765d796aaea/datanode-5/meta/datanode.id
2019-10-14 16:44:58,933 [main] INFO  volume.HddsVolume (HddsVolume.java:<init>(176)) - Creating Volume: /workdir/hadoop-ozone/integration-test/target/test-dir/MiniOzoneClusterImpl-3bcee4e0-c750-460d-9485-7765d796aaea/datanode-6/data/containers/hdds of  storage type : DISK and capacity : 1482555576320
2019-10-14 16:44:58,933 [main] INFO  volume.VolumeSet (VolumeSet.java:initializeVolumeSet(170)) - Added Volume : /workdir/hadoop-ozone/integration-test/target/test-dir/MiniOzoneClusterImpl-3bcee4e0-c750-460d-9485-7765d796aaea/datanode-6/data/containers/hdds to VolumeSet
2019-10-14 16:44:58,934 [main] INFO  volume.ThrottledAsyncChecker (ThrottledAsyncChecker.java:schedule(141)) - Scheduling a check for org.apache.hadoop.ozone.container.common.volume.HddsVolume@7b1a30e5
2019-10-14 16:44:58,934 [main] INFO  volume.HddsVolumeChecker (HddsVolumeChecker.java:checkAllVolumes(204)) - Scheduled health check for volume org.apache.hadoop.ozone.container.common.volume.HddsVolume@7b1a30e5
2019-10-14 16:44:58,954 [main] INFO  impl.RaftServerProxy (ConfUtils.java:logGet(43)) - raft.rpc.type = GRPC (default)
2019-10-14 16:44:58,954 [main] INFO  grpc.GrpcFactory (GrpcFactory.java:checkPooledByteBufAllocatorUseCacheForAllThreads(45)) - PERFORMANCE WARNING: useCacheForAllThreads is true that may cause Netty to create a lot garbage objects and, as a result, trigger GC.
	It is recommended to disable useCacheForAllThreads by setting -Dorg.apache.ratis.thirdparty.io.netty.allocator.useCacheForAllThreads=false in command line.
2019-10-14 16:44:58,955 [main] INFO  grpc.GrpcConfigKeys$Server (ConfUtils.java:logGet(43)) - raft.grpc.server.port = 0 (default)
2019-10-14 16:44:58,955 [main] INFO  server.GrpcService (ConfUtils.java:logGet(43)) - raft.grpc.message.size.max = 33570816 (custom)
2019-10-14 16:44:58,955 [main] INFO  server.RaftServerConfigKeys (ConfUtils.java:logGet(43)) - raft.server.log.appender.buffer.byte-limit = 33554432 (custom)
2019-10-14 16:44:58,956 [main] INFO  server.GrpcService (ConfUtils.java:logGet(43)) - raft.grpc.flow.control.window = 1MB (=1048576) (default)
2019-10-14 16:44:58,956 [main] INFO  server.RaftServerConfigKeys (ConfUtils.java:logGet(43)) - raft.server.rpc.request.timeout = 3000ms (default)
2019-10-14 16:44:58,956 [main] INFO  server.RaftServerConfigKeys (ConfUtils.java:logGet(43)) - raft.server.storage.dir = [/workdir/hadoop-ozone/integration-test/target/test-dir/MiniOzoneClusterImpl-3bcee4e0-c750-460d-9485-7765d796aaea/datanode-6/data/ratis] (custom)
2019-10-14 16:44:58,958 [main] INFO  hdfs.DFSUtil (DFSUtil.java:httpServerTemplateForNNAndJN(1641)) - Starting Web-server for hddsDatanode at: http://0.0.0.0:0
2019-10-14 16:44:58,959 [main] INFO  server.AuthenticationFilter (AuthenticationFilter.java:constructSecretProvider(240)) - Unable to initialize FileSignerSecretProvider, falling back to use random secrets.
2019-10-14 16:44:58,959 [main] WARN  http.HttpRequestLog (HttpRequestLog.java:getRequestLog(97)) - Jetty request log can only be enabled using Log4j
2019-10-14 16:44:58,960 [main] INFO  http.HttpServer2 (HttpServer2.java:addGlobalFilter(975)) - Added global filter 'safety' (class=org.apache.hadoop.http.HttpServer2$QuotingInputFilter)
2019-10-14 16:44:58,961 [main] INFO  http.HttpServer2 (HttpServer2.java:addFilter(948)) - Added filter static_user_filter (class=org.apache.hadoop.http.lib.StaticUserWebFilter$StaticUserFilter) to context hddsDatanode
2019-10-14 16:44:58,961 [main] INFO  http.HttpServer2 (HttpServer2.java:addFilter(958)) - Added filter static_user_filter (class=org.apache.hadoop.http.lib.StaticUserWebFilter$StaticUserFilter) to context static
2019-10-14 16:44:58,961 [main] INFO  http.HttpServer2 (HttpServer2.java:addFilter(958)) - Added filter static_user_filter (class=org.apache.hadoop.http.lib.StaticUserWebFilter$StaticUserFilter) to context logs
2019-10-14 16:44:58,962 [main] INFO  http.HttpServer2 (HttpServer2.java:bindListener(1191)) - Jetty bound to port 45194
2019-10-14 16:44:58,962 [main] INFO  server.Server (Server.java:doStart(351)) - jetty-9.3.25.v20180904, build timestamp: 2018-09-04T21:11:46Z, git hash: 3ce520221d0240229c862b122d2b06c12a625732
2019-10-14 16:44:58,963 [main] INFO  handler.ContextHandler (ContextHandler.java:doStart(781)) - Started o.e.j.s.ServletContextHandler@b5c902{/logs,file:///workdir/hadoop-ozone/integration-test/target/log,AVAILABLE}
2019-10-14 16:44:58,964 [main] INFO  handler.ContextHandler (ContextHandler.java:doStart(781)) - Started o.e.j.s.ServletContextHandler@4d0e1a9a{/static,jar:file:/home/user/.m2/repository/org/apache/hadoop/hadoop-hdds-container-service/0.5.0-SNAPSHOT/hadoop-hdds-container-service-0.5.0-SNAPSHOT.jar!/webapps/static,AVAILABLE}
2019-10-14 16:44:58,991 [main] INFO  handler.ContextHandler (ContextHandler.java:doStart(781)) - Started o.e.j.w.WebAppContext@31228d83{/,file:///tmp/jetty-0.0.0.0-45194-hddsDatanode-_-any-3005812420256226578.dir/webapp/,AVAILABLE}{/hddsDatanode}
2019-10-14 16:44:58,992 [main] INFO  server.AbstractConnector (AbstractConnector.java:doStart(278)) - Started ServerConnector@22b82ddf{HTTP/1.1,[http/1.1]}{0.0.0.0:45194}
2019-10-14 16:44:58,994 [main] INFO  server.Server (Server.java:doStart(419)) - Started @632126ms
2019-10-14 16:44:58,994 [main] WARN  impl.MetricsSystemImpl (MetricsSystemImpl.java:register(276)) - Sink prometheus already exists!
2019-10-14 16:44:58,994 [main] INFO  server.BaseHttpServer (BaseHttpServer.java:updateConnectorAddress(215)) - HTTP server of HDDSDATANODE is listening at http://0.0.0.0:45194
2019-10-14 16:44:58,995 [main] INFO  ozone.MiniOzoneClusterImpl (MiniOzoneClusterImpl.java:lambda$waitForClusterToBeReady$0(147)) - Waiting for cluster to be ready. Got 0 of 7 DN Heartbeats.
2019-10-14 16:44:58,996 [org.apache.hadoop.util.JvmPauseMonitor$Monitor@1f2763bd] INFO  util.JvmPauseMonitor (JvmPauseMonitor.java:run(188)) - Starting JVM pause monitor
2019-10-14 16:44:58,997 [Datanode State Machine Thread - 0] INFO  datanode.InitDatanodeState (InitDatanodeState.java:persistContainerDatanodeDetails(140)) - DatanodeDetails is persisted to /workdir/hadoop-ozone/integration-test/target/test-dir/MiniOzoneClusterImpl-3bcee4e0-c750-460d-9485-7765d796aaea/datanode-6/meta/datanode.id
2019-10-14 16:44:59,995 [main] INFO  ozone.MiniOzoneClusterImpl (MiniOzoneClusterImpl.java:lambda$waitForClusterToBeReady$0(147)) - Waiting for cluster to be ready. Got 0 of 7 DN Heartbeats.
2019-10-14 16:45:00,570 [Datanode State Machine Thread - 0] INFO  ozoneimpl.OzoneContainer (OzoneContainer.java:start(213)) - Attempting to start container services.
2019-10-14 16:45:00,571 [Datanode State Machine Thread - 0] INFO  ozoneimpl.OzoneContainer (OzoneContainer.java:startContainerScrub(177)) - Background container scanner has been disabled.
2019-10-14 16:45:00,571 [Datanode State Machine Thread - 0] INFO  ratis.XceiverServerRatis (XceiverServerRatis.java:start(418)) - Starting XceiverServerRatis 83cf07e6-c6c9-4dfc-9b3d-6b26bd32bb9d at port 0
2019-10-14 16:45:00,578 [Datanode State Machine Thread - 0] INFO  impl.RaftServerProxy (RaftServerProxy.java:lambda$start$3(299)) - 83cf07e6-c6c9-4dfc-9b3d-6b26bd32bb9d: start RPC server
2019-10-14 16:45:00,582 [Datanode State Machine Thread - 0] INFO  server.GrpcService (GrpcService.java:startImpl(158)) - 83cf07e6-c6c9-4dfc-9b3d-6b26bd32bb9d: GrpcService started, listening on 0.0.0.0/0.0.0.0:36174
2019-10-14 16:45:00,582 [Datanode State Machine Thread - 0] INFO  ratis.XceiverServerRatis (XceiverServerRatis.java:start(428)) - XceiverServerRatis 83cf07e6-c6c9-4dfc-9b3d-6b26bd32bb9d is started using port 36174
2019-10-14 16:45:00,583 [Datanode State Machine Thread - 0] INFO  server.XceiverServerGrpc (XceiverServerGrpc.java:start(149)) - XceiverServerGrpc 83cf07e6-c6c9-4dfc-9b3d-6b26bd32bb9d is started using port 36886
2019-10-14 16:45:00,648 [Datanode State Machine Thread - 0] INFO  ozoneimpl.OzoneContainer (OzoneContainer.java:start(213)) - Attempting to start container services.
2019-10-14 16:45:00,648 [Datanode State Machine Thread - 0] INFO  ozoneimpl.OzoneContainer (OzoneContainer.java:startContainerScrub(177)) - Background container scanner has been disabled.
2019-10-14 16:45:00,648 [Datanode State Machine Thread - 0] INFO  ratis.XceiverServerRatis (XceiverServerRatis.java:start(418)) - Starting XceiverServerRatis e86dd251-6f74-4cac-acd7-ff3d16992f0f at port 0
2019-10-14 16:45:00,656 [Datanode State Machine Thread - 0] INFO  impl.RaftServerProxy (RaftServerProxy.java:lambda$start$3(299)) - e86dd251-6f74-4cac-acd7-ff3d16992f0f: start RPC server
2019-10-14 16:45:00,656 [Datanode State Machine Thread - 0] INFO  server.GrpcService (GrpcService.java:startImpl(158)) - e86dd251-6f74-4cac-acd7-ff3d16992f0f: GrpcService started, listening on 0.0.0.0/0.0.0.0:43222
2019-10-14 16:45:00,657 [Datanode State Machine Thread - 0] INFO  ratis.XceiverServerRatis (XceiverServerRatis.java:start(428)) - XceiverServerRatis e86dd251-6f74-4cac-acd7-ff3d16992f0f is started using port 43222
2019-10-14 16:45:00,657 [Datanode State Machine Thread - 0] INFO  server.XceiverServerGrpc (XceiverServerGrpc.java:start(149)) - XceiverServerGrpc e86dd251-6f74-4cac-acd7-ff3d16992f0f is started using port 32977
2019-10-14 16:45:00,721 [Datanode State Machine Thread - 0] INFO  ozoneimpl.OzoneContainer (OzoneContainer.java:start(213)) - Attempting to start container services.
2019-10-14 16:45:00,722 [Datanode State Machine Thread - 0] INFO  ozoneimpl.OzoneContainer (OzoneContainer.java:startContainerScrub(177)) - Background container scanner has been disabled.
2019-10-14 16:45:00,722 [Datanode State Machine Thread - 0] INFO  ratis.XceiverServerRatis (XceiverServerRatis.java:start(418)) - Starting XceiverServerRatis c1399525-796b-484f-a475-1762a8beefc2 at port 0
2019-10-14 16:45:00,734 [Datanode State Machine Thread - 0] INFO  impl.RaftServerProxy (RaftServerProxy.java:lambda$start$3(299)) - c1399525-796b-484f-a475-1762a8beefc2: start RPC server
2019-10-14 16:45:00,735 [Datanode State Machine Thread - 0] INFO  server.GrpcService (GrpcService.java:startImpl(158)) - c1399525-796b-484f-a475-1762a8beefc2: GrpcService started, listening on 0.0.0.0/0.0.0.0:39655
2019-10-14 16:45:00,735 [Datanode State Machine Thread - 0] INFO  ratis.XceiverServerRatis (XceiverServerRatis.java:start(428)) - XceiverServerRatis c1399525-796b-484f-a475-1762a8beefc2 is started using port 39655
2019-10-14 16:45:00,751 [Datanode State Machine Thread - 0] INFO  server.XceiverServerGrpc (XceiverServerGrpc.java:start(149)) - XceiverServerGrpc c1399525-796b-484f-a475-1762a8beefc2 is started using port 35924
2019-10-14 16:45:00,783 [Datanode State Machine Thread - 0] INFO  ozoneimpl.OzoneContainer (OzoneContainer.java:start(213)) - Attempting to start container services.
2019-10-14 16:45:00,784 [Datanode State Machine Thread - 0] INFO  ozoneimpl.OzoneContainer (OzoneContainer.java:startContainerScrub(177)) - Background container scanner has been disabled.
2019-10-14 16:45:00,784 [Datanode State Machine Thread - 0] INFO  ratis.XceiverServerRatis (XceiverServerRatis.java:start(418)) - Starting XceiverServerRatis 23234339-cf95-4061-a646-5f14882637eb at port 0
2019-10-14 16:45:00,790 [Datanode State Machine Thread - 0] INFO  impl.RaftServerProxy (RaftServerProxy.java:lambda$start$3(299)) - 23234339-cf95-4061-a646-5f14882637eb: start RPC server
2019-10-14 16:45:00,792 [Datanode State Machine Thread - 0] INFO  server.GrpcService (GrpcService.java:startImpl(158)) - 23234339-cf95-4061-a646-5f14882637eb: GrpcService started, listening on 0.0.0.0/0.0.0.0:38471
2019-10-14 16:45:00,792 [Datanode State Machine Thread - 0] INFO  ratis.XceiverServerRatis (XceiverServerRatis.java:start(428)) - XceiverServerRatis 23234339-cf95-4061-a646-5f14882637eb is started using port 38471
2019-10-14 16:45:00,792 [Datanode State Machine Thread - 0] INFO  server.XceiverServerGrpc (XceiverServerGrpc.java:start(149)) - XceiverServerGrpc 23234339-cf95-4061-a646-5f14882637eb is started using port 46095
2019-10-14 16:45:00,874 [Datanode State Machine Thread - 0] INFO  ozoneimpl.OzoneContainer (OzoneContainer.java:start(213)) - Attempting to start container services.
2019-10-14 16:45:00,875 [Datanode State Machine Thread - 0] INFO  ozoneimpl.OzoneContainer (OzoneContainer.java:startContainerScrub(177)) - Background container scanner has been disabled.
2019-10-14 16:45:00,875 [Datanode State Machine Thread - 0] INFO  ratis.XceiverServerRatis (XceiverServerRatis.java:start(418)) - Starting XceiverServerRatis 071bdbc1-9e52-4fae-967b-1fa1f5e783d7 at port 0
2019-10-14 16:45:00,884 [Datanode State Machine Thread - 0] INFO  impl.RaftServerProxy (RaftServerProxy.java:lambda$start$3(299)) - 071bdbc1-9e52-4fae-967b-1fa1f5e783d7: start RPC server
2019-10-14 16:45:00,884 [Datanode State Machine Thread - 0] INFO  server.GrpcService (GrpcService.java:startImpl(158)) - 071bdbc1-9e52-4fae-967b-1fa1f5e783d7: GrpcService started, listening on 0.0.0.0/0.0.0.0:43451
2019-10-14 16:45:00,885 [Datanode State Machine Thread - 0] INFO  ratis.XceiverServerRatis (XceiverServerRatis.java:start(428)) - XceiverServerRatis 071bdbc1-9e52-4fae-967b-1fa1f5e783d7 is started using port 43451
2019-10-14 16:45:00,885 [Datanode State Machine Thread - 0] INFO  server.XceiverServerGrpc (XceiverServerGrpc.java:start(149)) - XceiverServerGrpc 071bdbc1-9e52-4fae-967b-1fa1f5e783d7 is started using port 46416
2019-10-14 16:45:00,940 [Datanode State Machine Thread - 0] INFO  ozoneimpl.OzoneContainer (OzoneContainer.java:start(213)) - Attempting to start container services.
2019-10-14 16:45:00,940 [Datanode State Machine Thread - 0] INFO  ozoneimpl.OzoneContainer (OzoneContainer.java:startContainerScrub(177)) - Background container scanner has been disabled.
2019-10-14 16:45:00,940 [Datanode State Machine Thread - 0] INFO  ratis.XceiverServerRatis (XceiverServerRatis.java:start(418)) - Starting XceiverServerRatis 842ea96e-9318-4418-983b-6ddb7c91a035 at port 0
2019-10-14 16:45:00,947 [Datanode State Machine Thread - 0] INFO  impl.RaftServerProxy (RaftServerProxy.java:lambda$start$3(299)) - 842ea96e-9318-4418-983b-6ddb7c91a035: start RPC server
2019-10-14 16:45:00,948 [Datanode State Machine Thread - 0] INFO  server.GrpcService (GrpcService.java:startImpl(158)) - 842ea96e-9318-4418-983b-6ddb7c91a035: GrpcService started, listening on 0.0.0.0/0.0.0.0:39174
2019-10-14 16:45:00,948 [Datanode State Machine Thread - 0] INFO  ratis.XceiverServerRatis (XceiverServerRatis.java:start(428)) - XceiverServerRatis 842ea96e-9318-4418-983b-6ddb7c91a035 is started using port 39174
2019-10-14 16:45:00,948 [Datanode State Machine Thread - 0] INFO  server.XceiverServerGrpc (XceiverServerGrpc.java:start(149)) - XceiverServerGrpc 842ea96e-9318-4418-983b-6ddb7c91a035 is started using port 37358
2019-10-14 16:45:00,996 [main] INFO  ozone.MiniOzoneClusterImpl (MiniOzoneClusterImpl.java:lambda$waitForClusterToBeReady$0(147)) - Waiting for cluster to be ready. Got 0 of 7 DN Heartbeats.
2019-10-14 16:45:01,009 [Datanode State Machine Thread - 0] INFO  ozoneimpl.OzoneContainer (OzoneContainer.java:start(213)) - Attempting to start container services.
2019-10-14 16:45:01,010 [Datanode State Machine Thread - 0] INFO  ozoneimpl.OzoneContainer (OzoneContainer.java:startContainerScrub(177)) - Background container scanner has been disabled.
2019-10-14 16:45:01,010 [Datanode State Machine Thread - 0] INFO  ratis.XceiverServerRatis (XceiverServerRatis.java:start(418)) - Starting XceiverServerRatis 65017196-f2ef-405d-ba3e-41f4452fefe6 at port 0
2019-10-14 16:45:01,017 [Datanode State Machine Thread - 0] INFO  impl.RaftServerProxy (RaftServerProxy.java:lambda$start$3(299)) - 65017196-f2ef-405d-ba3e-41f4452fefe6: start RPC server
2019-10-14 16:45:01,018 [Datanode State Machine Thread - 0] INFO  server.GrpcService (GrpcService.java:startImpl(158)) - 65017196-f2ef-405d-ba3e-41f4452fefe6: GrpcService started, listening on 0.0.0.0/0.0.0.0:35408
2019-10-14 16:45:01,018 [Datanode State Machine Thread - 0] INFO  ratis.XceiverServerRatis (XceiverServerRatis.java:start(428)) - XceiverServerRatis 65017196-f2ef-405d-ba3e-41f4452fefe6 is started using port 35408
2019-10-14 16:45:01,031 [Datanode State Machine Thread - 0] INFO  server.XceiverServerGrpc (XceiverServerGrpc.java:start(149)) - XceiverServerGrpc 65017196-f2ef-405d-ba3e-41f4452fefe6 is started using port 38700
2019-10-14 16:45:01,997 [main] INFO  ozone.MiniOzoneClusterImpl (MiniOzoneClusterImpl.java:lambda$waitForClusterToBeReady$0(147)) - Waiting for cluster to be ready. Got 0 of 7 DN Heartbeats.
2019-10-14 16:45:02,556 [IPC Server handler 5 on 39248] INFO  net.NetworkTopology (NetworkTopologyImpl.java:add(111)) - Added a new node: /default-rack/83cf07e6-c6c9-4dfc-9b3d-6b26bd32bb9d
2019-10-14 16:45:02,557 [IPC Server handler 5 on 39248] INFO  node.SCMNodeManager (SCMNodeManager.java:register(313)) - Registered Data node : 83cf07e6-c6c9-4dfc-9b3d-6b26bd32bb9d{ip: 192.168.151.105, host: pr-hdds-2196-2-9v7pc-2718207715, networkLocation: /default-rack, certSerialId: null}
2019-10-14 16:45:02,558 [EventQueue-NodeRegistrationContainerReportForDataNodeSafeModeRule] INFO  safemode.SCMSafeModeManager (DataNodeSafeModeRule.java:process(71)) - SCM in safe mode. 1 DataNodes registered, 1 required.
2019-10-14 16:45:02,562 [EventQueue-NodeRegistrationContainerReportForDataNodeSafeModeRule] INFO  safemode.SCMSafeModeManager (SCMSafeModeManager.java:validateSafeModeExitRules(177)) - ScmSafeModeManager, all rules are successfully validated
2019-10-14 16:45:02,562 [EventQueue-NodeRegistrationContainerReportForDataNodeSafeModeRule] INFO  safemode.SCMSafeModeManager (SCMSafeModeManager.java:exitSafeMode(193)) - SCM exiting safe mode.
2019-10-14 16:45:02,573 [grpc-default-executor-10] INFO  impl.RaftServerProxy (RaftServerProxy.java:addNew(89)) - 83cf07e6-c6c9-4dfc-9b3d-6b26bd32bb9d: addNew group-FE022CCC9F90:[83cf07e6-c6c9-4dfc-9b3d-6b26bd32bb9d:192.168.151.105:36174] returns group-FE022CCC9F90:java.util.concurrent.CompletableFuture@4685412b[Not completed]
2019-10-14 16:45:02,576 [pool-499-thread-1] INFO  impl.RaftServerImpl (RaftServerImpl.java:<init>(95)) - 83cf07e6-c6c9-4dfc-9b3d-6b26bd32bb9d: new RaftServerImpl for group-FE022CCC9F90:[83cf07e6-c6c9-4dfc-9b3d-6b26bd32bb9d:192.168.151.105:36174] with ContainerStateMachine:uninitialized
2019-10-14 16:45:02,576 [pool-499-thread-1] INFO  server.RaftServerConfigKeys (ConfUtils.java:logGet(43)) - raft.server.rpc.timeout.min = 5s (custom)
2019-10-14 16:45:02,576 [pool-499-thread-1] INFO  server.RaftServerConfigKeys (ConfUtils.java:logGet(43)) - raft.server.rpc.timeout.max = 5200ms (custom)
2019-10-14 16:45:02,576 [pool-499-thread-1] INFO  server.RaftServerConfigKeys (ConfUtils.java:logGet(43)) - raft.server.rpcslowness.timeout = 120s (custom)
2019-10-14 16:45:02,576 [pool-499-thread-1] INFO  server.RaftServerConfigKeys (ConfUtils.java:logGet(43)) - raft.server.sleep.deviation.threshold = 300 (default)
2019-10-14 16:45:02,576 [pool-499-thread-1] INFO  server.RaftServerConfigKeys (ConfUtils.java:logGet(43)) - raft.server.log.appender.install.snapshot.enabled = false (custom)
2019-10-14 16:45:02,577 [pool-499-thread-1] INFO  impl.RaftServerImpl (ServerState.java:<init>(103)) - 83cf07e6-c6c9-4dfc-9b3d-6b26bd32bb9d@group-FE022CCC9F90: ConfigurationManager, init=-1: [83cf07e6-c6c9-4dfc-9b3d-6b26bd32bb9d:192.168.151.105:36174], old=null, confs=<EMPTY_MAP>
2019-10-14 16:45:02,577 [pool-499-thread-1] INFO  server.RaftServerConfigKeys (ConfUtils.java:logGet(43)) - raft.server.storage.dir = [/workdir/hadoop-ozone/integration-test/target/test-dir/MiniOzoneClusterImpl-3bcee4e0-c750-460d-9485-7765d796aaea/datanode-0/data/ratis] (custom)
2019-10-14 16:45:02,577 [pool-499-thread-1] INFO  server.RaftServerConfigKeys (ConfUtils.java:logGet(43)) - raft.server.log.corruption.policy = EXCEPTION (default)
2019-10-14 16:45:02,577 [pool-499-thread-1] INFO  storage.RaftStorageDirectory (RaftStorageDirectory.java:analyzeStorage(246)) - The storage directory /workdir/hadoop-ozone/integration-test/target/test-dir/MiniOzoneClusterImpl-3bcee4e0-c750-460d-9485-7765d796aaea/datanode-0/data/ratis/8ee75997-10e0-42ea-b81b-fe022ccc9f90 does not exist. Creating ...
2019-10-14 16:45:02,590 [pool-499-thread-1] INFO  storage.RaftStorageDirectory (RaftStorageDirectory.java:tryLock(328)) - Lock on /workdir/hadoop-ozone/integration-test/target/test-dir/MiniOzoneClusterImpl-3bcee4e0-c750-460d-9485-7765d796aaea/datanode-0/data/ratis/8ee75997-10e0-42ea-b81b-fe022ccc9f90/in_use.lock acquired by nodename 23931@pr-hdds-2196-2-9v7pc-2718207715
2019-10-14 16:45:02,604 [pool-499-thread-1] INFO  storage.RaftStorage (RaftStorage.java:format(84)) - Storage directory /workdir/hadoop-ozone/integration-test/target/test-dir/MiniOzoneClusterImpl-3bcee4e0-c750-460d-9485-7765d796aaea/datanode-0/data/ratis/8ee75997-10e0-42ea-b81b-fe022ccc9f90 has been successfully formatted.
2019-10-14 16:45:02,604 [pool-499-thread-1] INFO  ratis.ContainerStateMachine (ContainerStateMachine.java:loadSnapshot(231)) - group-FE022CCC9F90: The snapshot info is null. Setting the last applied indexto:(t:0, i:~)
2019-10-14 16:45:02,604 [pool-499-thread-1] INFO  server.RaftServerConfigKeys (ConfUtils.java:logGet(43)) - raft.server.notification.no-leader.timeout = 120s (custom)
2019-10-14 16:45:02,604 [pool-499-thread-1] INFO  server.RaftServerConfigKeys (ConfUtils.java:logGet(43)) - raft.server.log.use.memory = false (default)
2019-10-14 16:45:02,604 [pool-499-thread-1] INFO  server.RaftServerConfigKeys (ConfUtils.java:logGet(43)) - raft.server.log.purge.gap = 1000000 (custom)
2019-10-14 16:45:02,604 [pool-499-thread-1] INFO  server.RaftServerConfigKeys (ConfUtils.java:logGet(43)) - raft.server.log.appender.buffer.byte-limit = 33554432 (custom)
2019-10-14 16:45:02,605 [pool-499-thread-1] INFO  server.RaftServerConfigKeys (ConfUtils.java:logGet(43)) - raft.server.log.segment.size.max = 1048576 (custom)
2019-10-14 16:45:02,607 [pool-499-thread-1] INFO  server.RaftServerConfigKeys (ConfUtils.java:logGet(43)) - raft.server.log.segment.cache.num.max = 2 (custom)
2019-10-14 16:45:02,607 [pool-499-thread-1] INFO  segmented.SegmentedRaftLogWorker (SegmentedRaftLogWorker.java:<init>(173)) - new 83cf07e6-c6c9-4dfc-9b3d-6b26bd32bb9d@group-FE022CCC9F90-SegmentedRaftLogWorker for RaftStorage:Storage Directory /workdir/hadoop-ozone/integration-test/target/test-dir/MiniOzoneClusterImpl-3bcee4e0-c750-460d-9485-7765d796aaea/datanode-0/data/ratis/8ee75997-10e0-42ea-b81b-fe022ccc9f90
2019-10-14 16:45:02,607 [pool-499-thread-1] INFO  server.RaftServerConfigKeys (ConfUtils.java:logGet(43)) - raft.server.log.queue.byte-limit = 2147483647 (custom)
2019-10-14 16:45:02,607 [pool-499-thread-1] INFO  server.RaftServerConfigKeys (ConfUtils.java:logGet(43)) - raft.server.log.queue.element-limit = 1024 (custom)
2019-10-14 16:45:02,607 [pool-499-thread-1] INFO  server.RaftServerConfigKeys (ConfUtils.java:logGet(43)) - raft.server.log.segment.size.max = 1048576 (custom)
2019-10-14 16:45:02,607 [pool-499-thread-1] INFO  server.RaftServerConfigKeys (ConfUtils.java:logGet(43)) - raft.server.log.preallocated.size = 16384 (custom)
2019-10-14 16:45:02,608 [pool-499-thread-1] INFO  server.RaftServerConfigKeys (ConfUtils.java:logGet(43)) - raft.server.log.write.buffer.size = 33554432 (custom)
2019-10-14 16:45:02,608 [pool-499-thread-1] INFO  server.RaftServerConfigKeys (ConfUtils.java:logGet(43)) - raft.server.log.force.sync.num = 128 (default)
2019-10-14 16:45:02,608 [pool-499-thread-1] INFO  server.RaftServerConfigKeys (ConfUtils.java:logGet(43)) - raft.server.log.statemachine.data.sync = true (default)
2019-10-14 16:45:02,608 [pool-499-thread-1] INFO  server.RaftServerConfigKeys (ConfUtils.java:logGet(43)) - raft.server.log.statemachine.data.sync.timeout = 10s (default)
2019-10-14 16:45:02,608 [pool-499-thread-1] INFO  server.RaftServerConfigKeys (ConfUtils.java:logGet(43)) - raft.server.log.statemachine.data.sync.timeout.retry = -1 (default)
2019-10-14 16:45:02,609 [pool-499-thread-1] INFO  server.RaftServerConfigKeys (ConfUtils.java:logGet(43)) - raft.server.log.statemachine.data.caching.enabled = true (custom)
2019-10-14 16:45:02,609 [pool-499-thread-1] INFO  segmented.SegmentedRaftLogWorker (SegmentedRaftLogWorker.java:lambda$new$0(128)) - 83cf07e6-c6c9-4dfc-9b3d-6b26bd32bb9d@group-FE022CCC9F90-SegmentedRaftLogWorker: flushIndex: setUnconditionally 0 -> -1
2019-10-14 16:45:02,609 [pool-499-thread-1] INFO  server.RaftServerConfigKeys (ConfUtils.java:logGet(43)) - raft.server.snapshot.auto.trigger.enabled = true (custom)
2019-10-14 16:45:02,609 [pool-499-thread-1] INFO  server.RaftServerConfigKeys (ConfUtils.java:logGet(43)) - raft.server.snapshot.auto.trigger.threshold = 10000 (custom)
2019-10-14 16:45:02,610 [pool-499-thread-1] INFO  server.RaftServerConfigKeys (ConfUtils.java:logGet(43)) - raft.server.snapshot.retention.file.num = 5 (custom)
2019-10-14 16:45:02,610 [pool-499-thread-1] INFO  server.RaftServerConfigKeys (ConfUtils.java:logGet(43)) - raft.server.retrycache.expirytime = 600000ms (custom)
2019-10-14 16:45:02,611 [pool-499-thread-1] INFO  impl.RaftServerImpl (RaftServerImpl.java:start(181)) - 83cf07e6-c6c9-4dfc-9b3d-6b26bd32bb9d@group-FE022CCC9F90: start as a follower, conf=-1: [83cf07e6-c6c9-4dfc-9b3d-6b26bd32bb9d:192.168.151.105:36174], old=null
2019-10-14 16:45:02,612 [pool-499-thread-1] INFO  impl.RaftServerImpl (RaftServerImpl.java:setRole(170)) - 83cf07e6-c6c9-4dfc-9b3d-6b26bd32bb9d@group-FE022CCC9F90: changes role from      null to FOLLOWER at term 0 for startAsFollower
2019-10-14 16:45:02,612 [pool-499-thread-1] INFO  impl.RoleInfo (RoleInfo.java:updateAndGet(143)) - 83cf07e6-c6c9-4dfc-9b3d-6b26bd32bb9d: start FollowerState
2019-10-14 16:45:02,612 [pool-499-thread-1] INFO  util.JmxRegister (JmxRegister.java:tryRegister(44)) - Successfully registered JMX Bean with object name Ratis:service=RaftServer,group=group-FE022CCC9F90,id=83cf07e6-c6c9-4dfc-9b3d-6b26bd32bb9d
2019-10-14 16:45:02,617 [RatisPipelineUtilsThread] INFO  pipeline.PipelineStateManager (PipelineStateManager.java:addPipeline(56)) - Created pipeline Pipeline[ Id: 8ee75997-10e0-42ea-b81b-fe022ccc9f90, Nodes: 83cf07e6-c6c9-4dfc-9b3d-6b26bd32bb9d{ip: 192.168.151.105, host: pr-hdds-2196-2-9v7pc-2718207715, networkLocation: /default-rack, certSerialId: null}, Type:RATIS, Factor:ONE, State:OPEN]
2019-10-14 16:45:02,634 [IPC Server handler 6 on 39248] INFO  net.NetworkTopology (NetworkTopologyImpl.java:add(111)) - Added a new node: /default-rack/e86dd251-6f74-4cac-acd7-ff3d16992f0f
2019-10-14 16:45:02,634 [IPC Server handler 6 on 39248] INFO  node.SCMNodeManager (SCMNodeManager.java:register(313)) - Registered Data node : e86dd251-6f74-4cac-acd7-ff3d16992f0f{ip: 192.168.151.105, host: pr-hdds-2196-2-9v7pc-2718207715, networkLocation: /default-rack, certSerialId: null}
2019-10-14 16:45:02,641 [grpc-default-executor-10] INFO  impl.RaftServerProxy (RaftServerProxy.java:addNew(89)) - e86dd251-6f74-4cac-acd7-ff3d16992f0f: addNew group-6F81B90FCF67:[e86dd251-6f74-4cac-acd7-ff3d16992f0f:192.168.151.105:43222] returns group-6F81B90FCF67:java.util.concurrent.CompletableFuture@6c5a8f79[Not completed]
2019-10-14 16:45:02,642 [pool-509-thread-1] INFO  impl.RaftServerImpl (RaftServerImpl.java:<init>(95)) - e86dd251-6f74-4cac-acd7-ff3d16992f0f: new RaftServerImpl for group-6F81B90FCF67:[e86dd251-6f74-4cac-acd7-ff3d16992f0f:192.168.151.105:43222] with ContainerStateMachine:uninitialized
2019-10-14 16:45:02,642 [pool-509-thread-1] INFO  server.RaftServerConfigKeys (ConfUtils.java:logGet(43)) - raft.server.rpc.timeout.min = 5s (custom)
2019-10-14 16:45:02,642 [pool-509-thread-1] INFO  server.RaftServerConfigKeys (ConfUtils.java:logGet(43)) - raft.server.rpc.timeout.max = 5200ms (custom)
2019-10-14 16:45:02,642 [pool-509-thread-1] INFO  server.RaftServerConfigKeys (ConfUtils.java:logGet(43)) - raft.server.rpcslowness.timeout = 120s (custom)
2019-10-14 16:45:02,642 [pool-509-thread-1] INFO  server.RaftServerConfigKeys (ConfUtils.java:logGet(43)) - raft.server.sleep.deviation.threshold = 300 (default)
2019-10-14 16:45:02,643 [pool-509-thread-1] INFO  server.RaftServerConfigKeys (ConfUtils.java:logGet(43)) - raft.server.log.appender.install.snapshot.enabled = false (custom)
2019-10-14 16:45:02,643 [pool-509-thread-1] INFO  impl.RaftServerImpl (ServerState.java:<init>(103)) - e86dd251-6f74-4cac-acd7-ff3d16992f0f@group-6F81B90FCF67: ConfigurationManager, init=-1: [e86dd251-6f74-4cac-acd7-ff3d16992f0f:192.168.151.105:43222], old=null, confs=<EMPTY_MAP>
2019-10-14 16:45:02,643 [pool-509-thread-1] INFO  server.RaftServerConfigKeys (ConfUtils.java:logGet(43)) - raft.server.storage.dir = [/workdir/hadoop-ozone/integration-test/target/test-dir/MiniOzoneClusterImpl-3bcee4e0-c750-460d-9485-7765d796aaea/datanode-1/data/ratis] (custom)
2019-10-14 16:45:02,643 [pool-509-thread-1] INFO  server.RaftServerConfigKeys (ConfUtils.java:logGet(43)) - raft.server.log.corruption.policy = EXCEPTION (default)
2019-10-14 16:45:02,643 [pool-509-thread-1] INFO  storage.RaftStorageDirectory (RaftStorageDirectory.java:analyzeStorage(246)) - The storage directory /workdir/hadoop-ozone/integration-test/target/test-dir/MiniOzoneClusterImpl-3bcee4e0-c750-460d-9485-7765d796aaea/datanode-1/data/ratis/9c0efbc6-cc92-4605-9633-6f81b90fcf67 does not exist. Creating ...
2019-10-14 16:45:02,656 [pool-509-thread-1] INFO  storage.RaftStorageDirectory (RaftStorageDirectory.java:tryLock(328)) - Lock on /workdir/hadoop-ozone/integration-test/target/test-dir/MiniOzoneClusterImpl-3bcee4e0-c750-460d-9485-7765d796aaea/datanode-1/data/ratis/9c0efbc6-cc92-4605-9633-6f81b90fcf67/in_use.lock acquired by nodename 23931@pr-hdds-2196-2-9v7pc-2718207715
2019-10-14 16:45:02,669 [pool-509-thread-1] INFO  storage.RaftStorage (RaftStorage.java:format(84)) - Storage directory /workdir/hadoop-ozone/integration-test/target/test-dir/MiniOzoneClusterImpl-3bcee4e0-c750-460d-9485-7765d796aaea/datanode-1/data/ratis/9c0efbc6-cc92-4605-9633-6f81b90fcf67 has been successfully formatted.
2019-10-14 16:45:02,669 [pool-509-thread-1] INFO  ratis.ContainerStateMachine (ContainerStateMachine.java:loadSnapshot(231)) - group-6F81B90FCF67: The snapshot info is null. Setting the last applied indexto:(t:0, i:~)
2019-10-14 16:45:02,669 [pool-509-thread-1] INFO  server.RaftServerConfigKeys (ConfUtils.java:logGet(43)) - raft.server.notification.no-leader.timeout = 120s (custom)
2019-10-14 16:45:02,669 [pool-509-thread-1] INFO  server.RaftServerConfigKeys (ConfUtils.java:logGet(43)) - raft.server.log.use.memory = false (default)
2019-10-14 16:45:02,669 [pool-509-thread-1] INFO  server.RaftServerConfigKeys (ConfUtils.java:logGet(43)) - raft.server.log.purge.gap = 1000000 (custom)
2019-10-14 16:45:02,669 [pool-509-thread-1] INFO  server.RaftServerConfigKeys (ConfUtils.java:logGet(43)) - raft.server.log.appender.buffer.byte-limit = 33554432 (custom)
2019-10-14 16:45:02,669 [pool-509-thread-1] INFO  server.RaftServerConfigKeys (ConfUtils.java:logGet(43)) - raft.server.log.segment.size.max = 1048576 (custom)
2019-10-14 16:45:02,671 [pool-509-thread-1] INFO  server.RaftServerConfigKeys (ConfUtils.java:logGet(43)) - raft.server.log.segment.cache.num.max = 2 (custom)
2019-10-14 16:45:02,671 [pool-509-thread-1] INFO  segmented.SegmentedRaftLogWorker (SegmentedRaftLogWorker.java:<init>(173)) - new e86dd251-6f74-4cac-acd7-ff3d16992f0f@group-6F81B90FCF67-SegmentedRaftLogWorker for RaftStorage:Storage Directory /workdir/hadoop-ozone/integration-test/target/test-dir/MiniOzoneClusterImpl-3bcee4e0-c750-460d-9485-7765d796aaea/datanode-1/data/ratis/9c0efbc6-cc92-4605-9633-6f81b90fcf67
2019-10-14 16:45:02,671 [pool-509-thread-1] INFO  server.RaftServerConfigKeys (ConfUtils.java:logGet(43)) - raft.server.log.queue.byte-limit = 2147483647 (custom)
2019-10-14 16:45:02,671 [pool-509-thread-1] INFO  server.RaftServerConfigKeys (ConfUtils.java:logGet(43)) - raft.server.log.queue.element-limit = 1024 (custom)
2019-10-14 16:45:02,671 [pool-509-thread-1] INFO  server.RaftServerConfigKeys (ConfUtils.java:logGet(43)) - raft.server.log.segment.size.max = 1048576 (custom)
2019-10-14 16:45:02,671 [pool-509-thread-1] INFO  server.RaftServerConfigKeys (ConfUtils.java:logGet(43)) - raft.server.log.preallocated.size = 16384 (custom)
2019-10-14 16:45:02,672 [pool-509-thread-1] INFO  server.RaftServerConfigKeys (ConfUtils.java:logGet(43)) - raft.server.log.write.buffer.size = 33554432 (custom)
2019-10-14 16:45:02,672 [pool-509-thread-1] INFO  server.RaftServerConfigKeys (ConfUtils.java:logGet(43)) - raft.server.log.force.sync.num = 128 (default)
2019-10-14 16:45:02,672 [pool-509-thread-1] INFO  server.RaftServerConfigKeys (ConfUtils.java:logGet(43)) - raft.server.log.statemachine.data.sync = true (default)
2019-10-14 16:45:02,672 [pool-509-thread-1] INFO  server.RaftServerConfigKeys (ConfUtils.java:logGet(43)) - raft.server.log.statemachine.data.sync.timeout = 10s (default)
2019-10-14 16:45:02,672 [pool-509-thread-1] INFO  server.RaftServerConfigKeys (ConfUtils.java:logGet(43)) - raft.server.log.statemachine.data.sync.timeout.retry = -1 (default)
2019-10-14 16:45:02,672 [pool-509-thread-1] INFO  server.RaftServerConfigKeys (ConfUtils.java:logGet(43)) - raft.server.log.statemachine.data.caching.enabled = true (custom)
2019-10-14 16:45:02,673 [pool-509-thread-1] INFO  segmented.SegmentedRaftLogWorker (SegmentedRaftLogWorker.java:lambda$new$0(128)) - e86dd251-6f74-4cac-acd7-ff3d16992f0f@group-6F81B90FCF67-SegmentedRaftLogWorker: flushIndex: setUnconditionally 0 -> -1
2019-10-14 16:45:02,673 [pool-509-thread-1] INFO  server.RaftServerConfigKeys (ConfUtils.java:logGet(43)) - raft.server.snapshot.auto.trigger.enabled = true (custom)
2019-10-14 16:45:02,673 [pool-509-thread-1] INFO  server.RaftServerConfigKeys (ConfUtils.java:logGet(43)) - raft.server.snapshot.auto.trigger.threshold = 10000 (custom)
2019-10-14 16:45:02,673 [pool-509-thread-1] INFO  server.RaftServerConfigKeys (ConfUtils.java:logGet(43)) - raft.server.snapshot.retention.file.num = 5 (custom)
2019-10-14 16:45:02,673 [pool-509-thread-1] INFO  server.RaftServerConfigKeys (ConfUtils.java:logGet(43)) - raft.server.retrycache.expirytime = 600000ms (custom)
2019-10-14 16:45:02,675 [pool-509-thread-1] INFO  impl.RaftServerImpl (RaftServerImpl.java:start(181)) - e86dd251-6f74-4cac-acd7-ff3d16992f0f@group-6F81B90FCF67: start as a follower, conf=-1: [e86dd251-6f74-4cac-acd7-ff3d16992f0f:192.168.151.105:43222], old=null
2019-10-14 16:45:02,675 [pool-509-thread-1] INFO  impl.RaftServerImpl (RaftServerImpl.java:setRole(170)) - e86dd251-6f74-4cac-acd7-ff3d16992f0f@group-6F81B90FCF67: changes role from      null to FOLLOWER at term 0 for startAsFollower
2019-10-14 16:45:02,675 [pool-509-thread-1] INFO  impl.RoleInfo (RoleInfo.java:updateAndGet(143)) - e86dd251-6f74-4cac-acd7-ff3d16992f0f: start FollowerState
2019-10-14 16:45:02,675 [pool-509-thread-1] INFO  util.JmxRegister (JmxRegister.java:tryRegister(44)) - Successfully registered JMX Bean with object name Ratis:service=RaftServer,group=group-6F81B90FCF67,id=e86dd251-6f74-4cac-acd7-ff3d16992f0f
2019-10-14 16:45:02,679 [RatisPipelineUtilsThread] INFO  pipeline.PipelineStateManager (PipelineStateManager.java:addPipeline(56)) - Created pipeline Pipeline[ Id: 9c0efbc6-cc92-4605-9633-6f81b90fcf67, Nodes: e86dd251-6f74-4cac-acd7-ff3d16992f0f{ip: 192.168.151.105, host: pr-hdds-2196-2-9v7pc-2718207715, networkLocation: /default-rack, certSerialId: null}, Type:RATIS, Factor:ONE, State:OPEN]
2019-10-14 16:45:02,700 [IPC Server handler 1 on 39248] INFO  net.NetworkTopology (NetworkTopologyImpl.java:add(111)) - Added a new node: /default-rack/c1399525-796b-484f-a475-1762a8beefc2
2019-10-14 16:45:02,700 [IPC Server handler 1 on 39248] INFO  node.SCMNodeManager (SCMNodeManager.java:register(313)) - Registered Data node : c1399525-796b-484f-a475-1762a8beefc2{ip: 192.168.151.105, host: pr-hdds-2196-2-9v7pc-2718207715, networkLocation: /default-rack, certSerialId: null}
2019-10-14 16:45:02,706 [grpc-default-executor-10] INFO  impl.RaftServerProxy (RaftServerProxy.java:addNew(89)) - c1399525-796b-484f-a475-1762a8beefc2: addNew group-3C7093EBA833:[c1399525-796b-484f-a475-1762a8beefc2:192.168.151.105:39655] returns group-3C7093EBA833:java.util.concurrent.CompletableFuture@3a70ebe7[Not completed]
2019-10-14 16:45:02,707 [pool-519-thread-1] INFO  impl.RaftServerImpl (RaftServerImpl.java:<init>(95)) - c1399525-796b-484f-a475-1762a8beefc2: new RaftServerImpl for group-3C7093EBA833:[c1399525-796b-484f-a475-1762a8beefc2:192.168.151.105:39655] with ContainerStateMachine:uninitialized
2019-10-14 16:45:02,707 [pool-519-thread-1] INFO  server.RaftServerConfigKeys (ConfUtils.java:logGet(43)) - raft.server.rpc.timeout.min = 5s (custom)
2019-10-14 16:45:02,708 [pool-519-thread-1] INFO  server.RaftServerConfigKeys (ConfUtils.java:logGet(43)) - raft.server.rpc.timeout.max = 5200ms (custom)
2019-10-14 16:45:02,708 [pool-519-thread-1] INFO  server.RaftServerConfigKeys (ConfUtils.java:logGet(43)) - raft.server.rpcslowness.timeout = 120s (custom)
2019-10-14 16:45:02,708 [pool-519-thread-1] INFO  server.RaftServerConfigKeys (ConfUtils.java:logGet(43)) - raft.server.sleep.deviation.threshold = 300 (default)
2019-10-14 16:45:02,708 [pool-519-thread-1] INFO  server.RaftServerConfigKeys (ConfUtils.java:logGet(43)) - raft.server.log.appender.install.snapshot.enabled = false (custom)
2019-10-14 16:45:02,708 [pool-519-thread-1] INFO  impl.RaftServerImpl (ServerState.java:<init>(103)) - c1399525-796b-484f-a475-1762a8beefc2@group-3C7093EBA833: ConfigurationManager, init=-1: [c1399525-796b-484f-a475-1762a8beefc2:192.168.151.105:39655], old=null, confs=<EMPTY_MAP>
2019-10-14 16:45:02,708 [pool-519-thread-1] INFO  server.RaftServerConfigKeys (ConfUtils.java:logGet(43)) - raft.server.storage.dir = [/workdir/hadoop-ozone/integration-test/target/test-dir/MiniOzoneClusterImpl-3bcee4e0-c750-460d-9485-7765d796aaea/datanode-2/data/ratis] (custom)
2019-10-14 16:45:02,708 [pool-519-thread-1] INFO  server.RaftServerConfigKeys (ConfUtils.java:logGet(43)) - raft.server.log.corruption.policy = EXCEPTION (default)
2019-10-14 16:45:02,709 [pool-519-thread-1] INFO  storage.RaftStorageDirectory (RaftStorageDirectory.java:analyzeStorage(246)) - The storage directory /workdir/hadoop-ozone/integration-test/target/test-dir/MiniOzoneClusterImpl-3bcee4e0-c750-460d-9485-7765d796aaea/datanode-2/data/ratis/4e71cf57-e94b-49ff-a0f4-3c7093eba833 does not exist. Creating ...
2019-10-14 16:45:02,721 [pool-519-thread-1] INFO  storage.RaftStorageDirectory (RaftStorageDirectory.java:tryLock(328)) - Lock on /workdir/hadoop-ozone/integration-test/target/test-dir/MiniOzoneClusterImpl-3bcee4e0-c750-460d-9485-7765d796aaea/datanode-2/data/ratis/4e71cf57-e94b-49ff-a0f4-3c7093eba833/in_use.lock acquired by nodename 23931@pr-hdds-2196-2-9v7pc-2718207715
2019-10-14 16:45:02,734 [pool-519-thread-1] INFO  storage.RaftStorage (RaftStorage.java:format(84)) - Storage directory /workdir/hadoop-ozone/integration-test/target/test-dir/MiniOzoneClusterImpl-3bcee4e0-c750-460d-9485-7765d796aaea/datanode-2/data/ratis/4e71cf57-e94b-49ff-a0f4-3c7093eba833 has been successfully formatted.
2019-10-14 16:45:02,734 [pool-519-thread-1] INFO  ratis.ContainerStateMachine (ContainerStateMachine.java:loadSnapshot(231)) - group-3C7093EBA833: The snapshot info is null. Setting the last applied indexto:(t:0, i:~)
2019-10-14 16:45:02,734 [pool-519-thread-1] INFO  server.RaftServerConfigKeys (ConfUtils.java:logGet(43)) - raft.server.notification.no-leader.timeout = 120s (custom)
2019-10-14 16:45:02,735 [pool-519-thread-1] INFO  server.RaftServerConfigKeys (ConfUtils.java:logGet(43)) - raft.server.log.use.memory = false (default)
2019-10-14 16:45:02,735 [pool-519-thread-1] INFO  server.RaftServerConfigKeys (ConfUtils.java:logGet(43)) - raft.server.log.purge.gap = 1000000 (custom)
2019-10-14 16:45:02,735 [pool-519-thread-1] INFO  server.RaftServerConfigKeys (ConfUtils.java:logGet(43)) - raft.server.log.appender.buffer.byte-limit = 33554432 (custom)
2019-10-14 16:45:02,735 [pool-519-thread-1] INFO  server.RaftServerConfigKeys (ConfUtils.java:logGet(43)) - raft.server.log.segment.size.max = 1048576 (custom)
2019-10-14 16:45:02,737 [pool-519-thread-1] INFO  server.RaftServerConfigKeys (ConfUtils.java:logGet(43)) - raft.server.log.segment.cache.num.max = 2 (custom)
2019-10-14 16:45:02,737 [pool-519-thread-1] INFO  segmented.SegmentedRaftLogWorker (SegmentedRaftLogWorker.java:<init>(173)) - new c1399525-796b-484f-a475-1762a8beefc2@group-3C7093EBA833-SegmentedRaftLogWorker for RaftStorage:Storage Directory /workdir/hadoop-ozone/integration-test/target/test-dir/MiniOzoneClusterImpl-3bcee4e0-c750-460d-9485-7765d796aaea/datanode-2/data/ratis/4e71cf57-e94b-49ff-a0f4-3c7093eba833
2019-10-14 16:45:02,737 [pool-519-thread-1] INFO  server.RaftServerConfigKeys (ConfUtils.java:logGet(43)) - raft.server.log.queue.byte-limit = 2147483647 (custom)
2019-10-14 16:45:02,737 [pool-519-thread-1] INFO  server.RaftServerConfigKeys (ConfUtils.java:logGet(43)) - raft.server.log.queue.element-limit = 1024 (custom)
2019-10-14 16:45:02,737 [pool-519-thread-1] INFO  server.RaftServerConfigKeys (ConfUtils.java:logGet(43)) - raft.server.log.segment.size.max = 1048576 (custom)
2019-10-14 16:45:02,737 [pool-519-thread-1] INFO  server.RaftServerConfigKeys (ConfUtils.java:logGet(43)) - raft.server.log.preallocated.size = 16384 (custom)
2019-10-14 16:45:02,737 [pool-519-thread-1] INFO  server.RaftServerConfigKeys (ConfUtils.java:logGet(43)) - raft.server.log.write.buffer.size = 33554432 (custom)
2019-10-14 16:45:02,738 [pool-519-thread-1] INFO  server.RaftServerConfigKeys (ConfUtils.java:logGet(43)) - raft.server.log.force.sync.num = 128 (default)
2019-10-14 16:45:02,738 [pool-519-thread-1] INFO  server.RaftServerConfigKeys (ConfUtils.java:logGet(43)) - raft.server.log.statemachine.data.sync = true (default)
2019-10-14 16:45:02,738 [pool-519-thread-1] INFO  server.RaftServerConfigKeys (ConfUtils.java:logGet(43)) - raft.server.log.statemachine.data.sync.timeout = 10s (default)
2019-10-14 16:45:02,738 [pool-519-thread-1] INFO  server.RaftServerConfigKeys (ConfUtils.java:logGet(43)) - raft.server.log.statemachine.data.sync.timeout.retry = -1 (default)
2019-10-14 16:45:02,739 [pool-519-thread-1] INFO  server.RaftServerConfigKeys (ConfUtils.java:logGet(43)) - raft.server.log.statemachine.data.caching.enabled = true (custom)
2019-10-14 16:45:02,739 [pool-519-thread-1] INFO  segmented.SegmentedRaftLogWorker (SegmentedRaftLogWorker.java:lambda$new$0(128)) - c1399525-796b-484f-a475-1762a8beefc2@group-3C7093EBA833-SegmentedRaftLogWorker: flushIndex: setUnconditionally 0 -> -1
2019-10-14 16:45:02,739 [pool-519-thread-1] INFO  server.RaftServerConfigKeys (ConfUtils.java:logGet(43)) - raft.server.snapshot.auto.trigger.enabled = true (custom)
2019-10-14 16:45:02,739 [pool-519-thread-1] INFO  server.RaftServerConfigKeys (ConfUtils.java:logGet(43)) - raft.server.snapshot.auto.trigger.threshold = 10000 (custom)
2019-10-14 16:45:02,739 [pool-519-thread-1] INFO  server.RaftServerConfigKeys (ConfUtils.java:logGet(43)) - raft.server.snapshot.retention.file.num = 5 (custom)
2019-10-14 16:45:02,739 [pool-519-thread-1] INFO  server.RaftServerConfigKeys (ConfUtils.java:logGet(43)) - raft.server.retrycache.expirytime = 600000ms (custom)
2019-10-14 16:45:02,741 [pool-519-thread-1] INFO  impl.RaftServerImpl (RaftServerImpl.java:start(181)) - c1399525-796b-484f-a475-1762a8beefc2@group-3C7093EBA833: start as a follower, conf=-1: [c1399525-796b-484f-a475-1762a8beefc2:192.168.151.105:39655], old=null
2019-10-14 16:45:02,741 [pool-519-thread-1] INFO  impl.RaftServerImpl (RaftServerImpl.java:setRole(170)) - c1399525-796b-484f-a475-1762a8beefc2@group-3C7093EBA833: changes role from      null to FOLLOWER at term 0 for startAsFollower
2019-10-14 16:45:02,741 [pool-519-thread-1] INFO  impl.RoleInfo (RoleInfo.java:updateAndGet(143)) - c1399525-796b-484f-a475-1762a8beefc2: start FollowerState
2019-10-14 16:45:02,742 [pool-519-thread-1] INFO  util.JmxRegister (JmxRegister.java:tryRegister(44)) - Successfully registered JMX Bean with object name Ratis:service=RaftServer,group=group-3C7093EBA833,id=c1399525-796b-484f-a475-1762a8beefc2
2019-10-14 16:45:02,745 [RatisPipelineUtilsThread] INFO  pipeline.PipelineStateManager (PipelineStateManager.java:addPipeline(56)) - Created pipeline Pipeline[ Id: 4e71cf57-e94b-49ff-a0f4-3c7093eba833, Nodes: c1399525-796b-484f-a475-1762a8beefc2{ip: 192.168.151.105, host: pr-hdds-2196-2-9v7pc-2718207715, networkLocation: /default-rack, certSerialId: null}, Type:RATIS, Factor:ONE, State:OPEN]
2019-10-14 16:45:02,761 [grpc-default-executor-14] INFO  impl.RaftServerProxy (RaftServerProxy.java:addNew(89)) - 83cf07e6-c6c9-4dfc-9b3d-6b26bd32bb9d: addNew group-68B0EF2EA906:[e86dd251-6f74-4cac-acd7-ff3d16992f0f:192.168.151.105:43222, c1399525-796b-484f-a475-1762a8beefc2:192.168.151.105:39655, 83cf07e6-c6c9-4dfc-9b3d-6b26bd32bb9d:192.168.151.105:36174] returns group-68B0EF2EA906:java.util.concurrent.CompletableFuture@4c500f7f[Not completed]
2019-10-14 16:45:02,761 [grpc-default-executor-10] INFO  impl.RaftServerProxy (RaftServerProxy.java:addNew(89)) - c1399525-796b-484f-a475-1762a8beefc2: addNew group-68B0EF2EA906:[e86dd251-6f74-4cac-acd7-ff3d16992f0f:192.168.151.105:43222, c1399525-796b-484f-a475-1762a8beefc2:192.168.151.105:39655, 83cf07e6-c6c9-4dfc-9b3d-6b26bd32bb9d:192.168.151.105:36174] returns group-68B0EF2EA906:java.util.concurrent.CompletableFuture@52bd891d[Not completed]
2019-10-14 16:45:02,763 [grpc-default-executor-10] INFO  impl.RaftServerProxy (RaftServerProxy.java:addNew(89)) - e86dd251-6f74-4cac-acd7-ff3d16992f0f: addNew group-68B0EF2EA906:[e86dd251-6f74-4cac-acd7-ff3d16992f0f:192.168.151.105:43222, c1399525-796b-484f-a475-1762a8beefc2:192.168.151.105:39655, 83cf07e6-c6c9-4dfc-9b3d-6b26bd32bb9d:192.168.151.105:36174] returns group-68B0EF2EA906:java.util.concurrent.CompletableFuture@12b626da[Not completed]
2019-10-14 16:45:02,763 [pool-519-thread-1] INFO  impl.RaftServerImpl (RaftServerImpl.java:<init>(95)) - c1399525-796b-484f-a475-1762a8beefc2: new RaftServerImpl for group-68B0EF2EA906:[e86dd251-6f74-4cac-acd7-ff3d16992f0f:192.168.151.105:43222, c1399525-796b-484f-a475-1762a8beefc2:192.168.151.105:39655, 83cf07e6-c6c9-4dfc-9b3d-6b26bd32bb9d:192.168.151.105:36174] with ContainerStateMachine:uninitialized
2019-10-14 16:45:02,763 [pool-519-thread-1] INFO  server.RaftServerConfigKeys (ConfUtils.java:logGet(43)) - raft.server.rpc.timeout.min = 5s (custom)
2019-10-14 16:45:02,763 [pool-519-thread-1] INFO  server.RaftServerConfigKeys (ConfUtils.java:logGet(43)) - raft.server.rpc.timeout.max = 5200ms (custom)
2019-10-14 16:45:02,763 [pool-519-thread-1] INFO  server.RaftServerConfigKeys (ConfUtils.java:logGet(43)) - raft.server.rpcslowness.timeout = 120s (custom)
2019-10-14 16:45:02,763 [pool-519-thread-1] INFO  server.RaftServerConfigKeys (ConfUtils.java:logGet(43)) - raft.server.sleep.deviation.threshold = 300 (default)
2019-10-14 16:45:02,763 [pool-519-thread-1] INFO  server.RaftServerConfigKeys (ConfUtils.java:logGet(43)) - raft.server.log.appender.install.snapshot.enabled = false (custom)
2019-10-14 16:45:02,764 [pool-499-thread-1] INFO  impl.RaftServerImpl (RaftServerImpl.java:<init>(95)) - 83cf07e6-c6c9-4dfc-9b3d-6b26bd32bb9d: new RaftServerImpl for group-68B0EF2EA906:[e86dd251-6f74-4cac-acd7-ff3d16992f0f:192.168.151.105:43222, c1399525-796b-484f-a475-1762a8beefc2:192.168.151.105:39655, 83cf07e6-c6c9-4dfc-9b3d-6b26bd32bb9d:192.168.151.105:36174] with ContainerStateMachine:uninitialized
2019-10-14 16:45:02,764 [pool-519-thread-1] INFO  impl.RaftServerImpl (ServerState.java:<init>(103)) - c1399525-796b-484f-a475-1762a8beefc2@group-68B0EF2EA906: ConfigurationManager, init=-1: [e86dd251-6f74-4cac-acd7-ff3d16992f0f:192.168.151.105:43222, c1399525-796b-484f-a475-1762a8beefc2:192.168.151.105:39655, 83cf07e6-c6c9-4dfc-9b3d-6b26bd32bb9d:192.168.151.105:36174], old=null, confs=<EMPTY_MAP>
2019-10-14 16:45:02,764 [pool-499-thread-1] INFO  server.RaftServerConfigKeys (ConfUtils.java:logGet(43)) - raft.server.rpc.timeout.min = 5s (custom)
2019-10-14 16:45:02,764 [pool-519-thread-1] INFO  server.RaftServerConfigKeys (ConfUtils.java:logGet(43)) - raft.server.storage.dir = [/workdir/hadoop-ozone/integration-test/target/test-dir/MiniOzoneClusterImpl-3bcee4e0-c750-460d-9485-7765d796aaea/datanode-2/data/ratis] (custom)
2019-10-14 16:45:02,764 [pool-499-thread-1] INFO  server.RaftServerConfigKeys (ConfUtils.java:logGet(43)) - raft.server.rpc.timeout.max = 5200ms (custom)
2019-10-14 16:45:02,764 [pool-509-thread-1] INFO  impl.RaftServerImpl (RaftServerImpl.java:<init>(95)) - e86dd251-6f74-4cac-acd7-ff3d16992f0f: new RaftServerImpl for group-68B0EF2EA906:[e86dd251-6f74-4cac-acd7-ff3d16992f0f:192.168.151.105:43222, c1399525-796b-484f-a475-1762a8beefc2:192.168.151.105:39655, 83cf07e6-c6c9-4dfc-9b3d-6b26bd32bb9d:192.168.151.105:36174] with ContainerStateMachine:uninitialized
2019-10-14 16:45:02,764 [pool-519-thread-1] INFO  server.RaftServerConfigKeys (ConfUtils.java:logGet(43)) - raft.server.log.corruption.policy = EXCEPTION (default)
2019-10-14 16:45:02,764 [pool-499-thread-1] INFO  server.RaftServerConfigKeys (ConfUtils.java:logGet(43)) - raft.server.rpcslowness.timeout = 120s (custom)
2019-10-14 16:45:02,764 [pool-519-thread-1] INFO  storage.RaftStorageDirectory (RaftStorageDirectory.java:analyzeStorage(246)) - The storage directory /workdir/hadoop-ozone/integration-test/target/test-dir/MiniOzoneClusterImpl-3bcee4e0-c750-460d-9485-7765d796aaea/datanode-2/data/ratis/a6adac5e-fc75-4859-8800-68b0ef2ea906 does not exist. Creating ...
2019-10-14 16:45:02,764 [pool-509-thread-1] INFO  server.RaftServerConfigKeys (ConfUtils.java:logGet(43)) - raft.server.rpc.timeout.min = 5s (custom)
2019-10-14 16:45:02,765 [pool-499-thread-1] INFO  server.RaftServerConfigKeys (ConfUtils.java:logGet(43)) - raft.server.sleep.deviation.threshold = 300 (default)
2019-10-14 16:45:02,765 [pool-509-thread-1] INFO  server.RaftServerConfigKeys (ConfUtils.java:logGet(43)) - raft.server.rpc.timeout.max = 5200ms (custom)
2019-10-14 16:45:02,765 [pool-499-thread-1] INFO  server.RaftServerConfigKeys (ConfUtils.java:logGet(43)) - raft.server.log.appender.install.snapshot.enabled = false (custom)
2019-10-14 16:45:02,765 [pool-509-thread-1] INFO  server.RaftServerConfigKeys (ConfUtils.java:logGet(43)) - raft.server.rpcslowness.timeout = 120s (custom)
2019-10-14 16:45:02,765 [pool-499-thread-1] INFO  impl.RaftServerImpl (ServerState.java:<init>(103)) - 83cf07e6-c6c9-4dfc-9b3d-6b26bd32bb9d@group-68B0EF2EA906: ConfigurationManager, init=-1: [e86dd251-6f74-4cac-acd7-ff3d16992f0f:192.168.151.105:43222, c1399525-796b-484f-a475-1762a8beefc2:192.168.151.105:39655, 83cf07e6-c6c9-4dfc-9b3d-6b26bd32bb9d:192.168.151.105:36174], old=null, confs=<EMPTY_MAP>
2019-10-14 16:45:02,765 [pool-509-thread-1] INFO  server.RaftServerConfigKeys (ConfUtils.java:logGet(43)) - raft.server.sleep.deviation.threshold = 300 (default)
2019-10-14 16:45:02,766 [pool-499-thread-1] INFO  server.RaftServerConfigKeys (ConfUtils.java:logGet(43)) - raft.server.storage.dir = [/workdir/hadoop-ozone/integration-test/target/test-dir/MiniOzoneClusterImpl-3bcee4e0-c750-460d-9485-7765d796aaea/datanode-0/data/ratis] (custom)
2019-10-14 16:45:02,766 [pool-509-thread-1] INFO  server.RaftServerConfigKeys (ConfUtils.java:logGet(43)) - raft.server.log.appender.install.snapshot.enabled = false (custom)
2019-10-14 16:45:02,766 [pool-499-thread-1] INFO  server.RaftServerConfigKeys (ConfUtils.java:logGet(43)) - raft.server.log.corruption.policy = EXCEPTION (default)
2019-10-14 16:45:02,766 [pool-509-thread-1] INFO  impl.RaftServerImpl (ServerState.java:<init>(103)) - e86dd251-6f74-4cac-acd7-ff3d16992f0f@group-68B0EF2EA906: ConfigurationManager, init=-1: [e86dd251-6f74-4cac-acd7-ff3d16992f0f:192.168.151.105:43222, c1399525-796b-484f-a475-1762a8beefc2:192.168.151.105:39655, 83cf07e6-c6c9-4dfc-9b3d-6b26bd32bb9d:192.168.151.105:36174], old=null, confs=<EMPTY_MAP>
2019-10-14 16:45:02,766 [pool-499-thread-1] INFO  storage.RaftStorageDirectory (RaftStorageDirectory.java:analyzeStorage(246)) - The storage directory /workdir/hadoop-ozone/integration-test/target/test-dir/MiniOzoneClusterImpl-3bcee4e0-c750-460d-9485-7765d796aaea/datanode-0/data/ratis/a6adac5e-fc75-4859-8800-68b0ef2ea906 does not exist. Creating ...
2019-10-14 16:45:02,766 [pool-509-thread-1] INFO  server.RaftServerConfigKeys (ConfUtils.java:logGet(43)) - raft.server.storage.dir = [/workdir/hadoop-ozone/integration-test/target/test-dir/MiniOzoneClusterImpl-3bcee4e0-c750-460d-9485-7765d796aaea/datanode-1/data/ratis] (custom)
2019-10-14 16:45:02,767 [pool-509-thread-1] INFO  server.RaftServerConfigKeys (ConfUtils.java:logGet(43)) - raft.server.log.corruption.policy = EXCEPTION (default)
2019-10-14 16:45:02,767 [pool-509-thread-1] INFO  storage.RaftStorageDirectory (RaftStorageDirectory.java:analyzeStorage(246)) - The storage directory /workdir/hadoop-ozone/integration-test/target/test-dir/MiniOzoneClusterImpl-3bcee4e0-c750-460d-9485-7765d796aaea/datanode-1/data/ratis/a6adac5e-fc75-4859-8800-68b0ef2ea906 does not exist. Creating ...
2019-10-14 16:45:02,770 [IPC Server handler 2 on 39248] INFO  net.NetworkTopology (NetworkTopologyImpl.java:add(111)) - Added a new node: /default-rack/23234339-cf95-4061-a646-5f14882637eb
2019-10-14 16:45:02,770 [IPC Server handler 2 on 39248] INFO  node.SCMNodeManager (SCMNodeManager.java:register(313)) - Registered Data node : 23234339-cf95-4061-a646-5f14882637eb{ip: 192.168.151.105, host: pr-hdds-2196-2-9v7pc-2718207715, networkLocation: /default-rack, certSerialId: null}
2019-10-14 16:45:02,790 [pool-499-thread-1] INFO  storage.RaftStorageDirectory (RaftStorageDirectory.java:tryLock(328)) - Lock on /workdir/hadoop-ozone/integration-test/target/test-dir/MiniOzoneClusterImpl-3bcee4e0-c750-460d-9485-7765d796aaea/datanode-0/data/ratis/a6adac5e-fc75-4859-8800-68b0ef2ea906/in_use.lock acquired by nodename 23931@pr-hdds-2196-2-9v7pc-2718207715
2019-10-14 16:45:02,790 [pool-509-thread-1] INFO  storage.RaftStorageDirectory (RaftStorageDirectory.java:tryLock(328)) - Lock on /workdir/hadoop-ozone/integration-test/target/test-dir/MiniOzoneClusterImpl-3bcee4e0-c750-460d-9485-7765d796aaea/datanode-1/data/ratis/a6adac5e-fc75-4859-8800-68b0ef2ea906/in_use.lock acquired by nodename 23931@pr-hdds-2196-2-9v7pc-2718207715
2019-10-14 16:45:02,790 [pool-519-thread-1] INFO  storage.RaftStorageDirectory (RaftStorageDirectory.java:tryLock(328)) - Lock on /workdir/hadoop-ozone/integration-test/target/test-dir/MiniOzoneClusterImpl-3bcee4e0-c750-460d-9485-7765d796aaea/datanode-2/data/ratis/a6adac5e-fc75-4859-8800-68b0ef2ea906/in_use.lock acquired by nodename 23931@pr-hdds-2196-2-9v7pc-2718207715
2019-10-14 16:45:02,816 [pool-509-thread-1] INFO  storage.RaftStorage (RaftStorage.java:format(84)) - Storage directory /workdir/hadoop-ozone/integration-test/target/test-dir/MiniOzoneClusterImpl-3bcee4e0-c750-460d-9485-7765d796aaea/datanode-1/data/ratis/a6adac5e-fc75-4859-8800-68b0ef2ea906 has been successfully formatted.
2019-10-14 16:45:02,816 [pool-499-thread-1] INFO  storage.RaftStorage (RaftStorage.java:format(84)) - Storage directory /workdir/hadoop-ozone/integration-test/target/test-dir/MiniOzoneClusterImpl-3bcee4e0-c750-460d-9485-7765d796aaea/datanode-0/data/ratis/a6adac5e-fc75-4859-8800-68b0ef2ea906 has been successfully formatted.
2019-10-14 16:45:02,816 [pool-519-thread-1] INFO  storage.RaftStorage (RaftStorage.java:format(84)) - Storage directory /workdir/hadoop-ozone/integration-test/target/test-dir/MiniOzoneClusterImpl-3bcee4e0-c750-460d-9485-7765d796aaea/datanode-2/data/ratis/a6adac5e-fc75-4859-8800-68b0ef2ea906 has been successfully formatted.
2019-10-14 16:45:02,817 [pool-499-thread-1] INFO  ratis.ContainerStateMachine (ContainerStateMachine.java:loadSnapshot(231)) - group-68B0EF2EA906: The snapshot info is null. Setting the last applied indexto:(t:0, i:~)
2019-10-14 16:45:02,817 [pool-509-thread-1] INFO  ratis.ContainerStateMachine (ContainerStateMachine.java:loadSnapshot(231)) - group-68B0EF2EA906: The snapshot info is null. Setting the last applied indexto:(t:0, i:~)
2019-10-14 16:45:02,817 [pool-499-thread-1] INFO  server.RaftServerConfigKeys (ConfUtils.java:logGet(43)) - raft.server.notification.no-leader.timeout = 120s (custom)
2019-10-14 16:45:02,817 [pool-519-thread-1] INFO  ratis.ContainerStateMachine (ContainerStateMachine.java:loadSnapshot(231)) - group-68B0EF2EA906: The snapshot info is null. Setting the last applied indexto:(t:0, i:~)
2019-10-14 16:45:02,817 [pool-499-thread-1] INFO  server.RaftServerConfigKeys (ConfUtils.java:logGet(43)) - raft.server.log.use.memory = false (default)
2019-10-14 16:45:02,817 [pool-509-thread-1] INFO  server.RaftServerConfigKeys (ConfUtils.java:logGet(43)) - raft.server.notification.no-leader.timeout = 120s (custom)
2019-10-14 16:45:02,818 [pool-499-thread-1] INFO  server.RaftServerConfigKeys (ConfUtils.java:logGet(43)) - raft.server.log.purge.gap = 1000000 (custom)
2019-10-14 16:45:02,818 [pool-519-thread-1] INFO  server.RaftServerConfigKeys (ConfUtils.java:logGet(43)) - raft.server.notification.no-leader.timeout = 120s (custom)
2019-10-14 16:45:02,818 [pool-499-thread-1] INFO  server.RaftServerConfigKeys (ConfUtils.java:logGet(43)) - raft.server.log.appender.buffer.byte-limit = 33554432 (custom)
2019-10-14 16:45:02,818 [pool-509-thread-1] INFO  server.RaftServerConfigKeys (ConfUtils.java:logGet(43)) - raft.server.log.use.memory = false (default)
2019-10-14 16:45:02,818 [pool-499-thread-1] INFO  server.RaftServerConfigKeys (ConfUtils.java:logGet(43)) - raft.server.log.segment.size.max = 1048576 (custom)
2019-10-14 16:45:02,818 [pool-519-thread-1] INFO  server.RaftServerConfigKeys (ConfUtils.java:logGet(43)) - raft.server.log.use.memory = false (default)
2019-10-14 16:45:02,819 [pool-499-thread-1] INFO  server.RaftServerConfigKeys (ConfUtils.java:logGet(43)) - raft.server.log.segment.cache.num.max = 2 (custom)
2019-10-14 16:45:02,818 [pool-509-thread-1] INFO  server.RaftServerConfigKeys (ConfUtils.java:logGet(43)) - raft.server.log.purge.gap = 1000000 (custom)
2019-10-14 16:45:02,819 [pool-499-thread-1] INFO  segmented.SegmentedRaftLogWorker (SegmentedRaftLogWorker.java:<init>(173)) - new 83cf07e6-c6c9-4dfc-9b3d-6b26bd32bb9d@group-68B0EF2EA906-SegmentedRaftLogWorker for RaftStorage:Storage Directory /workdir/hadoop-ozone/integration-test/target/test-dir/MiniOzoneClusterImpl-3bcee4e0-c750-460d-9485-7765d796aaea/datanode-0/data/ratis/a6adac5e-fc75-4859-8800-68b0ef2ea906
2019-10-14 16:45:02,819 [pool-519-thread-1] INFO  server.RaftServerConfigKeys (ConfUtils.java:logGet(43)) - raft.server.log.purge.gap = 1000000 (custom)
2019-10-14 16:45:02,819 [pool-499-thread-1] INFO  server.RaftServerConfigKeys (ConfUtils.java:logGet(43)) - raft.server.log.queue.byte-limit = 2147483647 (custom)
2019-10-14 16:45:02,819 [pool-509-thread-1] INFO  server.RaftServerConfigKeys (ConfUtils.java:logGet(43)) - raft.server.log.appender.buffer.byte-limit = 33554432 (custom)
2019-10-14 16:45:02,820 [pool-499-thread-1] INFO  server.RaftServerConfigKeys (ConfUtils.java:logGet(43)) - raft.server.log.queue.element-limit = 1024 (custom)
2019-10-14 16:45:02,819 [pool-519-thread-1] INFO  server.RaftServerConfigKeys (ConfUtils.java:logGet(43)) - raft.server.log.appender.buffer.byte-limit = 33554432 (custom)
2019-10-14 16:45:02,820 [pool-499-thread-1] INFO  server.RaftServerConfigKeys (ConfUtils.java:logGet(43)) - raft.server.log.segment.size.max = 1048576 (custom)
2019-10-14 16:45:02,820 [pool-499-thread-1] INFO  server.RaftServerConfigKeys (ConfUtils.java:logGet(43)) - raft.server.log.preallocated.size = 16384 (custom)
2019-10-14 16:45:02,820 [pool-509-thread-1] INFO  server.RaftServerConfigKeys (ConfUtils.java:logGet(43)) - raft.server.log.segment.size.max = 1048576 (custom)
2019-10-14 16:45:02,820 [pool-499-thread-1] INFO  server.RaftServerConfigKeys (ConfUtils.java:logGet(43)) - raft.server.log.write.buffer.size = 33554432 (custom)
2019-10-14 16:45:02,821 [pool-499-thread-1] INFO  server.RaftServerConfigKeys (ConfUtils.java:logGet(43)) - raft.server.log.force.sync.num = 128 (default)
2019-10-14 16:45:02,820 [pool-519-thread-1] INFO  server.RaftServerConfigKeys (ConfUtils.java:logGet(43)) - raft.server.log.segment.size.max = 1048576 (custom)
2019-10-14 16:45:02,821 [pool-499-thread-1] INFO  server.RaftServerConfigKeys (ConfUtils.java:logGet(43)) - raft.server.log.statemachine.data.sync = true (default)
2019-10-14 16:45:02,821 [pool-499-thread-1] INFO  server.RaftServerConfigKeys (ConfUtils.java:logGet(43)) - raft.server.log.statemachine.data.sync.timeout = 10s (default)
2019-10-14 16:45:02,820 [pool-509-thread-1] INFO  server.RaftServerConfigKeys (ConfUtils.java:logGet(43)) - raft.server.log.segment.cache.num.max = 2 (custom)
2019-10-14 16:45:02,821 [pool-499-thread-1] INFO  server.RaftServerConfigKeys (ConfUtils.java:logGet(43)) - raft.server.log.statemachine.data.sync.timeout.retry = -1 (default)
2019-10-14 16:45:02,821 [pool-519-thread-1] INFO  server.RaftServerConfigKeys (ConfUtils.java:logGet(43)) - raft.server.log.segment.cache.num.max = 2 (custom)
2019-10-14 16:45:02,822 [pool-499-thread-1] INFO  server.RaftServerConfigKeys (ConfUtils.java:logGet(43)) - raft.server.log.statemachine.data.caching.enabled = true (custom)
2019-10-14 16:45:02,821 [pool-509-thread-1] INFO  segmented.SegmentedRaftLogWorker (SegmentedRaftLogWorker.java:<init>(173)) - new e86dd251-6f74-4cac-acd7-ff3d16992f0f@group-68B0EF2EA906-SegmentedRaftLogWorker for RaftStorage:Storage Directory /workdir/hadoop-ozone/integration-test/target/test-dir/MiniOzoneClusterImpl-3bcee4e0-c750-460d-9485-7765d796aaea/datanode-1/data/ratis/a6adac5e-fc75-4859-8800-68b0ef2ea906
2019-10-14 16:45:02,822 [pool-519-thread-1] INFO  segmented.SegmentedRaftLogWorker (SegmentedRaftLogWorker.java:<init>(173)) - new c1399525-796b-484f-a475-1762a8beefc2@group-68B0EF2EA906-SegmentedRaftLogWorker for RaftStorage:Storage Directory /workdir/hadoop-ozone/integration-test/target/test-dir/MiniOzoneClusterImpl-3bcee4e0-c750-460d-9485-7765d796aaea/datanode-2/data/ratis/a6adac5e-fc75-4859-8800-68b0ef2ea906
2019-10-14 16:45:02,822 [pool-499-thread-1] INFO  segmented.SegmentedRaftLogWorker (SegmentedRaftLogWorker.java:lambda$new$0(128)) - 83cf07e6-c6c9-4dfc-9b3d-6b26bd32bb9d@group-68B0EF2EA906-SegmentedRaftLogWorker: flushIndex: setUnconditionally 0 -> -1
2019-10-14 16:45:02,822 [pool-509-thread-1] INFO  server.RaftServerConfigKeys (ConfUtils.java:logGet(43)) - raft.server.log.queue.byte-limit = 2147483647 (custom)
2019-10-14 16:45:02,822 [pool-519-thread-1] INFO  server.RaftServerConfigKeys (ConfUtils.java:logGet(43)) - raft.server.log.queue.byte-limit = 2147483647 (custom)
2019-10-14 16:45:02,823 [pool-499-thread-1] INFO  server.RaftServerConfigKeys (ConfUtils.java:logGet(43)) - raft.server.snapshot.auto.trigger.enabled = true (custom)
2019-10-14 16:45:02,823 [pool-509-thread-1] INFO  server.RaftServerConfigKeys (ConfUtils.java:logGet(43)) - raft.server.log.queue.element-limit = 1024 (custom)
2019-10-14 16:45:02,823 [pool-499-thread-1] INFO  server.RaftServerConfigKeys (ConfUtils.java:logGet(43)) - raft.server.snapshot.auto.trigger.threshold = 10000 (custom)
2019-10-14 16:45:02,823 [pool-499-thread-1] INFO  server.RaftServerConfigKeys (ConfUtils.java:logGet(43)) - raft.server.snapshot.retention.file.num = 5 (custom)
2019-10-14 16:45:02,823 [pool-519-thread-1] INFO  server.RaftServerConfigKeys (ConfUtils.java:logGet(43)) - raft.server.log.queue.element-limit = 1024 (custom)
2019-10-14 16:45:02,823 [pool-499-thread-1] INFO  server.RaftServerConfigKeys (ConfUtils.java:logGet(43)) - raft.server.retrycache.expirytime = 600000ms (custom)
2019-10-14 16:45:02,823 [pool-509-thread-1] INFO  server.RaftServerConfigKeys (ConfUtils.java:logGet(43)) - raft.server.log.segment.size.max = 1048576 (custom)
2019-10-14 16:45:02,823 [pool-519-thread-1] INFO  server.RaftServerConfigKeys (ConfUtils.java:logGet(43)) - raft.server.log.segment.size.max = 1048576 (custom)
2019-10-14 16:45:02,824 [pool-509-thread-1] INFO  server.RaftServerConfigKeys (ConfUtils.java:logGet(43)) - raft.server.log.preallocated.size = 16384 (custom)
2019-10-14 16:45:02,824 [pool-519-thread-1] INFO  server.RaftServerConfigKeys (ConfUtils.java:logGet(43)) - raft.server.log.preallocated.size = 16384 (custom)
2019-10-14 16:45:02,824 [pool-509-thread-1] INFO  server.RaftServerConfigKeys (ConfUtils.java:logGet(43)) - raft.server.log.write.buffer.size = 33554432 (custom)
2019-10-14 16:45:02,824 [pool-519-thread-1] INFO  server.RaftServerConfigKeys (ConfUtils.java:logGet(43)) - raft.server.log.write.buffer.size = 33554432 (custom)
2019-10-14 16:45:02,824 [pool-509-thread-1] INFO  server.RaftServerConfigKeys (ConfUtils.java:logGet(43)) - raft.server.log.force.sync.num = 128 (default)
2019-10-14 16:45:02,825 [pool-519-thread-1] INFO  server.RaftServerConfigKeys (ConfUtils.java:logGet(43)) - raft.server.log.force.sync.num = 128 (default)
2019-10-14 16:45:02,825 [pool-509-thread-1] INFO  server.RaftServerConfigKeys (ConfUtils.java:logGet(43)) - raft.server.log.statemachine.data.sync = true (default)
2019-10-14 16:45:02,825 [pool-519-thread-1] INFO  server.RaftServerConfigKeys (ConfUtils.java:logGet(43)) - raft.server.log.statemachine.data.sync = true (default)
2019-10-14 16:45:02,825 [pool-509-thread-1] INFO  server.RaftServerConfigKeys (ConfUtils.java:logGet(43)) - raft.server.log.statemachine.data.sync.timeout = 10s (default)
2019-10-14 16:45:02,825 [pool-519-thread-1] INFO  server.RaftServerConfigKeys (ConfUtils.java:logGet(43)) - raft.server.log.statemachine.data.sync.timeout = 10s (default)
2019-10-14 16:45:02,825 [pool-509-thread-1] INFO  server.RaftServerConfigKeys (ConfUtils.java:logGet(43)) - raft.server.log.statemachine.data.sync.timeout.retry = -1 (default)
2019-10-14 16:45:02,826 [pool-499-thread-1] INFO  impl.RaftServerImpl (RaftServerImpl.java:start(181)) - 83cf07e6-c6c9-4dfc-9b3d-6b26bd32bb9d@group-68B0EF2EA906: start as a follower, conf=-1: [e86dd251-6f74-4cac-acd7-ff3d16992f0f:192.168.151.105:43222, c1399525-796b-484f-a475-1762a8beefc2:192.168.151.105:39655, 83cf07e6-c6c9-4dfc-9b3d-6b26bd32bb9d:192.168.151.105:36174], old=null
2019-10-14 16:45:02,825 [pool-519-thread-1] INFO  server.RaftServerConfigKeys (ConfUtils.java:logGet(43)) - raft.server.log.statemachine.data.sync.timeout.retry = -1 (default)
2019-10-14 16:45:02,826 [pool-499-thread-1] INFO  impl.RaftServerImpl (RaftServerImpl.java:setRole(170)) - 83cf07e6-c6c9-4dfc-9b3d-6b26bd32bb9d@group-68B0EF2EA906: changes role from      null to FOLLOWER at term 0 for startAsFollower
2019-10-14 16:45:02,826 [pool-509-thread-1] INFO  server.RaftServerConfigKeys (ConfUtils.java:logGet(43)) - raft.server.log.statemachine.data.caching.enabled = true (custom)
2019-10-14 16:45:02,826 [pool-499-thread-1] INFO  impl.RoleInfo (RoleInfo.java:updateAndGet(143)) - 83cf07e6-c6c9-4dfc-9b3d-6b26bd32bb9d: start FollowerState
2019-10-14 16:45:02,826 [pool-519-thread-1] INFO  server.RaftServerConfigKeys (ConfUtils.java:logGet(43)) - raft.server.log.statemachine.data.caching.enabled = true (custom)
2019-10-14 16:45:02,826 [pool-509-thread-1] INFO  segmented.SegmentedRaftLogWorker (SegmentedRaftLogWorker.java:lambda$new$0(128)) - e86dd251-6f74-4cac-acd7-ff3d16992f0f@group-68B0EF2EA906-SegmentedRaftLogWorker: flushIndex: setUnconditionally 0 -> -1
2019-10-14 16:45:02,827 [pool-519-thread-1] INFO  segmented.SegmentedRaftLogWorker (SegmentedRaftLogWorker.java:lambda$new$0(128)) - c1399525-796b-484f-a475-1762a8beefc2@group-68B0EF2EA906-SegmentedRaftLogWorker: flushIndex: setUnconditionally 0 -> -1
2019-10-14 16:45:02,827 [pool-499-thread-1] INFO  util.JmxRegister (JmxRegister.java:tryRegister(44)) - Successfully registered JMX Bean with object name Ratis:service=RaftServer,group=group-68B0EF2EA906,id=83cf07e6-c6c9-4dfc-9b3d-6b26bd32bb9d
2019-10-14 16:45:02,827 [pool-509-thread-1] INFO  server.RaftServerConfigKeys (ConfUtils.java:logGet(43)) - raft.server.snapshot.auto.trigger.enabled = true (custom)
2019-10-14 16:45:02,827 [pool-519-thread-1] INFO  server.RaftServerConfigKeys (ConfUtils.java:logGet(43)) - raft.server.snapshot.auto.trigger.enabled = true (custom)
2019-10-14 16:45:02,827 [pool-509-thread-1] INFO  server.RaftServerConfigKeys (ConfUtils.java:logGet(43)) - raft.server.snapshot.auto.trigger.threshold = 10000 (custom)
2019-10-14 16:45:02,827 [pool-519-thread-1] INFO  server.RaftServerConfigKeys (ConfUtils.java:logGet(43)) - raft.server.snapshot.auto.trigger.threshold = 10000 (custom)
2019-10-14 16:45:02,828 [pool-509-thread-1] INFO  server.RaftServerConfigKeys (ConfUtils.java:logGet(43)) - raft.server.snapshot.retention.file.num = 5 (custom)
2019-10-14 16:45:02,828 [pool-519-thread-1] INFO  server.RaftServerConfigKeys (ConfUtils.java:logGet(43)) - raft.server.snapshot.retention.file.num = 5 (custom)
2019-10-14 16:45:02,828 [pool-509-thread-1] INFO  server.RaftServerConfigKeys (ConfUtils.java:logGet(43)) - raft.server.retrycache.expirytime = 600000ms (custom)
2019-10-14 16:45:02,828 [pool-519-thread-1] INFO  server.RaftServerConfigKeys (ConfUtils.java:logGet(43)) - raft.server.retrycache.expirytime = 600000ms (custom)
2019-10-14 16:45:02,831 [pool-519-thread-1] INFO  impl.RaftServerImpl (RaftServerImpl.java:start(181)) - c1399525-796b-484f-a475-1762a8beefc2@group-68B0EF2EA906: start as a follower, conf=-1: [e86dd251-6f74-4cac-acd7-ff3d16992f0f:192.168.151.105:43222, c1399525-796b-484f-a475-1762a8beefc2:192.168.151.105:39655, 83cf07e6-c6c9-4dfc-9b3d-6b26bd32bb9d:192.168.151.105:36174], old=null
2019-10-14 16:45:02,831 [pool-509-thread-1] INFO  impl.RaftServerImpl (RaftServerImpl.java:start(181)) - e86dd251-6f74-4cac-acd7-ff3d16992f0f@group-68B0EF2EA906: start as a follower, conf=-1: [e86dd251-6f74-4cac-acd7-ff3d16992f0f:192.168.151.105:43222, c1399525-796b-484f-a475-1762a8beefc2:192.168.151.105:39655, 83cf07e6-c6c9-4dfc-9b3d-6b26bd32bb9d:192.168.151.105:36174], old=null
2019-10-14 16:45:02,831 [pool-519-thread-1] INFO  impl.RaftServerImpl (RaftServerImpl.java:setRole(170)) - c1399525-796b-484f-a475-1762a8beefc2@group-68B0EF2EA906: changes role from      null to FOLLOWER at term 0 for startAsFollower
2019-10-14 16:45:02,831 [pool-509-thread-1] INFO  impl.RaftServerImpl (RaftServerImpl.java:setRole(170)) - e86dd251-6f74-4cac-acd7-ff3d16992f0f@group-68B0EF2EA906: changes role from      null to FOLLOWER at term 0 for startAsFollower
2019-10-14 16:45:02,831 [pool-519-thread-1] INFO  impl.RoleInfo (RoleInfo.java:updateAndGet(143)) - c1399525-796b-484f-a475-1762a8beefc2: start FollowerState
2019-10-14 16:45:02,832 [pool-509-thread-1] INFO  impl.RoleInfo (RoleInfo.java:updateAndGet(143)) - e86dd251-6f74-4cac-acd7-ff3d16992f0f: start FollowerState
2019-10-14 16:45:02,832 [pool-519-thread-1] INFO  util.JmxRegister (JmxRegister.java:tryRegister(44)) - Successfully registered JMX Bean with object name Ratis:service=RaftServer,group=group-68B0EF2EA906,id=c1399525-796b-484f-a475-1762a8beefc2
2019-10-14 16:45:02,832 [pool-509-thread-1] INFO  util.JmxRegister (JmxRegister.java:tryRegister(44)) - Successfully registered JMX Bean with object name Ratis:service=RaftServer,group=group-68B0EF2EA906,id=e86dd251-6f74-4cac-acd7-ff3d16992f0f
2019-10-14 16:45:02,837 [RatisPipelineUtilsThread] INFO  pipeline.PipelineStateManager (PipelineStateManager.java:addPipeline(56)) - Created pipeline Pipeline[ Id: a6adac5e-fc75-4859-8800-68b0ef2ea906, Nodes: c1399525-796b-484f-a475-1762a8beefc2{ip: 192.168.151.105, host: pr-hdds-2196-2-9v7pc-2718207715, networkLocation: /default-rack, certSerialId: null}83cf07e6-c6c9-4dfc-9b3d-6b26bd32bb9d{ip: 192.168.151.105, host: pr-hdds-2196-2-9v7pc-2718207715, networkLocation: /default-rack, certSerialId: null}e86dd251-6f74-4cac-acd7-ff3d16992f0f{ip: 192.168.151.105, host: pr-hdds-2196-2-9v7pc-2718207715, networkLocation: /default-rack, certSerialId: null}, Type:RATIS, Factor:THREE, State:OPEN]
2019-10-14 16:45:02,849 [IPC Server handler 3 on 39248] INFO  net.NetworkTopology (NetworkTopologyImpl.java:add(111)) - Added a new node: /default-rack/071bdbc1-9e52-4fae-967b-1fa1f5e783d7
2019-10-14 16:45:02,852 [IPC Server handler 3 on 39248] INFO  node.SCMNodeManager (SCMNodeManager.java:register(313)) - Registered Data node : 071bdbc1-9e52-4fae-967b-1fa1f5e783d7{ip: 192.168.151.105, host: pr-hdds-2196-2-9v7pc-2718207715, networkLocation: /default-rack, certSerialId: null}
2019-10-14 16:45:02,863 [grpc-default-executor-10] INFO  impl.RaftServerProxy (RaftServerProxy.java:addNew(89)) - 23234339-cf95-4061-a646-5f14882637eb: addNew group-0F583E6A9D9C:[23234339-cf95-4061-a646-5f14882637eb:192.168.151.105:38471] returns group-0F583E6A9D9C:java.util.concurrent.CompletableFuture@5f9cdabf[Not completed]
2019-10-14 16:45:02,866 [pool-529-thread-1] INFO  impl.RaftServerImpl (RaftServerImpl.java:<init>(95)) - 23234339-cf95-4061-a646-5f14882637eb: new RaftServerImpl for group-0F583E6A9D9C:[23234339-cf95-4061-a646-5f14882637eb:192.168.151.105:38471] with ContainerStateMachine:uninitialized
2019-10-14 16:45:02,867 [pool-529-thread-1] INFO  server.RaftServerConfigKeys (ConfUtils.java:logGet(43)) - raft.server.rpc.timeout.min = 5s (custom)
2019-10-14 16:45:02,867 [pool-529-thread-1] INFO  server.RaftServerConfigKeys (ConfUtils.java:logGet(43)) - raft.server.rpc.timeout.max = 5200ms (custom)
2019-10-14 16:45:02,867 [pool-529-thread-1] INFO  server.RaftServerConfigKeys (ConfUtils.java:logGet(43)) - raft.server.rpcslowness.timeout = 120s (custom)
2019-10-14 16:45:02,867 [pool-529-thread-1] INFO  server.RaftServerConfigKeys (ConfUtils.java:logGet(43)) - raft.server.sleep.deviation.threshold = 300 (default)
2019-10-14 16:45:02,867 [pool-529-thread-1] INFO  server.RaftServerConfigKeys (ConfUtils.java:logGet(43)) - raft.server.log.appender.install.snapshot.enabled = false (custom)
2019-10-14 16:45:02,867 [pool-529-thread-1] INFO  impl.RaftServerImpl (ServerState.java:<init>(103)) - 23234339-cf95-4061-a646-5f14882637eb@group-0F583E6A9D9C: ConfigurationManager, init=-1: [23234339-cf95-4061-a646-5f14882637eb:192.168.151.105:38471], old=null, confs=<EMPTY_MAP>
2019-10-14 16:45:02,867 [pool-529-thread-1] INFO  server.RaftServerConfigKeys (ConfUtils.java:logGet(43)) - raft.server.storage.dir = [/workdir/hadoop-ozone/integration-test/target/test-dir/MiniOzoneClusterImpl-3bcee4e0-c750-460d-9485-7765d796aaea/datanode-3/data/ratis] (custom)
2019-10-14 16:45:02,867 [pool-529-thread-1] INFO  server.RaftServerConfigKeys (ConfUtils.java:logGet(43)) - raft.server.log.corruption.policy = EXCEPTION (default)
2019-10-14 16:45:02,868 [pool-529-thread-1] INFO  storage.RaftStorageDirectory (RaftStorageDirectory.java:analyzeStorage(246)) - The storage directory /workdir/hadoop-ozone/integration-test/target/test-dir/MiniOzoneClusterImpl-3bcee4e0-c750-460d-9485-7765d796aaea/datanode-3/data/ratis/397d9722-dd85-4e8c-a4ed-0f583e6a9d9c does not exist. Creating ...
2019-10-14 16:45:02,881 [pool-529-thread-1] INFO  storage.RaftStorageDirectory (RaftStorageDirectory.java:tryLock(328)) - Lock on /workdir/hadoop-ozone/integration-test/target/test-dir/MiniOzoneClusterImpl-3bcee4e0-c750-460d-9485-7765d796aaea/datanode-3/data/ratis/397d9722-dd85-4e8c-a4ed-0f583e6a9d9c/in_use.lock acquired by nodename 23931@pr-hdds-2196-2-9v7pc-2718207715
2019-10-14 16:45:02,884 [pool-529-thread-1] INFO  storage.RaftStorage (RaftStorage.java:format(84)) - Storage directory /workdir/hadoop-ozone/integration-test/target/test-dir/MiniOzoneClusterImpl-3bcee4e0-c750-460d-9485-7765d796aaea/datanode-3/data/ratis/397d9722-dd85-4e8c-a4ed-0f583e6a9d9c has been successfully formatted.
2019-10-14 16:45:02,884 [pool-529-thread-1] INFO  ratis.ContainerStateMachine (ContainerStateMachine.java:loadSnapshot(231)) - group-0F583E6A9D9C: The snapshot info is null. Setting the last applied indexto:(t:0, i:~)
2019-10-14 16:45:02,884 [pool-529-thread-1] INFO  server.RaftServerConfigKeys (ConfUtils.java:logGet(43)) - raft.server.notification.no-leader.timeout = 120s (custom)
2019-10-14 16:45:02,884 [pool-529-thread-1] INFO  server.RaftServerConfigKeys (ConfUtils.java:logGet(43)) - raft.server.log.use.memory = false (default)
2019-10-14 16:45:02,884 [pool-529-thread-1] INFO  server.RaftServerConfigKeys (ConfUtils.java:logGet(43)) - raft.server.log.purge.gap = 1000000 (custom)
2019-10-14 16:45:02,884 [pool-529-thread-1] INFO  server.RaftServerConfigKeys (ConfUtils.java:logGet(43)) - raft.server.log.appender.buffer.byte-limit = 33554432 (custom)
2019-10-14 16:45:02,885 [pool-529-thread-1] INFO  server.RaftServerConfigKeys (ConfUtils.java:logGet(43)) - raft.server.log.segment.size.max = 1048576 (custom)
2019-10-14 16:45:02,886 [pool-529-thread-1] INFO  server.RaftServerConfigKeys (ConfUtils.java:logGet(43)) - raft.server.log.segment.cache.num.max = 2 (custom)
2019-10-14 16:45:02,886 [pool-529-thread-1] INFO  segmented.SegmentedRaftLogWorker (SegmentedRaftLogWorker.java:<init>(173)) - new 23234339-cf95-4061-a646-5f14882637eb@group-0F583E6A9D9C-SegmentedRaftLogWorker for RaftStorage:Storage Directory /workdir/hadoop-ozone/integration-test/target/test-dir/MiniOzoneClusterImpl-3bcee4e0-c750-460d-9485-7765d796aaea/datanode-3/data/ratis/397d9722-dd85-4e8c-a4ed-0f583e6a9d9c
2019-10-14 16:45:02,886 [pool-529-thread-1] INFO  server.RaftServerConfigKeys (ConfUtils.java:logGet(43)) - raft.server.log.queue.byte-limit = 2147483647 (custom)
2019-10-14 16:45:02,886 [pool-529-thread-1] INFO  server.RaftServerConfigKeys (ConfUtils.java:logGet(43)) - raft.server.log.queue.element-limit = 1024 (custom)
2019-10-14 16:45:02,886 [pool-529-thread-1] INFO  server.RaftServerConfigKeys (ConfUtils.java:logGet(43)) - raft.server.log.segment.size.max = 1048576 (custom)
2019-10-14 16:45:02,886 [pool-529-thread-1] INFO  server.RaftServerConfigKeys (ConfUtils.java:logGet(43)) - raft.server.log.preallocated.size = 16384 (custom)
2019-10-14 16:45:02,887 [pool-529-thread-1] INFO  server.RaftServerConfigKeys (ConfUtils.java:logGet(43)) - raft.server.log.write.buffer.size = 33554432 (custom)
2019-10-14 16:45:02,887 [pool-529-thread-1] INFO  server.RaftServerConfigKeys (ConfUtils.java:logGet(43)) - raft.server.log.force.sync.num = 128 (default)
2019-10-14 16:45:02,887 [pool-529-thread-1] INFO  server.RaftServerConfigKeys (ConfUtils.java:logGet(43)) - raft.server.log.statemachine.data.sync = true (default)
2019-10-14 16:45:02,887 [pool-529-thread-1] INFO  server.RaftServerConfigKeys (ConfUtils.java:logGet(43)) - raft.server.log.statemachine.data.sync.timeout = 10s (default)
2019-10-14 16:45:02,887 [pool-529-thread-1] INFO  server.RaftServerConfigKeys (ConfUtils.java:logGet(43)) - raft.server.log.statemachine.data.sync.timeout.retry = -1 (default)
2019-10-14 16:45:02,887 [pool-529-thread-1] INFO  server.RaftServerConfigKeys (ConfUtils.java:logGet(43)) - raft.server.log.statemachine.data.caching.enabled = true (custom)
2019-10-14 16:45:02,888 [pool-529-thread-1] INFO  segmented.SegmentedRaftLogWorker (SegmentedRaftLogWorker.java:lambda$new$0(128)) - 23234339-cf95-4061-a646-5f14882637eb@group-0F583E6A9D9C-SegmentedRaftLogWorker: flushIndex: setUnconditionally 0 -> -1
2019-10-14 16:45:02,888 [pool-529-thread-1] INFO  server.RaftServerConfigKeys (ConfUtils.java:logGet(43)) - raft.server.snapshot.auto.trigger.enabled = true (custom)
2019-10-14 16:45:02,888 [pool-529-thread-1] INFO  server.RaftServerConfigKeys (ConfUtils.java:logGet(43)) - raft.server.snapshot.auto.trigger.threshold = 10000 (custom)
2019-10-14 16:45:02,888 [pool-529-thread-1] INFO  server.RaftServerConfigKeys (ConfUtils.java:logGet(43)) - raft.server.snapshot.retention.file.num = 5 (custom)
2019-10-14 16:45:02,888 [pool-529-thread-1] INFO  server.RaftServerConfigKeys (ConfUtils.java:logGet(43)) - raft.server.retrycache.expirytime = 600000ms (custom)
2019-10-14 16:45:02,890 [pool-529-thread-1] INFO  impl.RaftServerImpl (RaftServerImpl.java:start(181)) - 23234339-cf95-4061-a646-5f14882637eb@group-0F583E6A9D9C: start as a follower, conf=-1: [23234339-cf95-4061-a646-5f14882637eb:192.168.151.105:38471], old=null
2019-10-14 16:45:02,890 [pool-529-thread-1] INFO  impl.RaftServerImpl (RaftServerImpl.java:setRole(170)) - 23234339-cf95-4061-a646-5f14882637eb@group-0F583E6A9D9C: changes role from      null to FOLLOWER at term 0 for startAsFollower
2019-10-14 16:45:02,891 [pool-529-thread-1] INFO  impl.RoleInfo (RoleInfo.java:updateAndGet(143)) - 23234339-cf95-4061-a646-5f14882637eb: start FollowerState
2019-10-14 16:45:02,891 [pool-529-thread-1] INFO  util.JmxRegister (JmxRegister.java:tryRegister(44)) - Successfully registered JMX Bean with object name Ratis:service=RaftServer,group=group-0F583E6A9D9C,id=23234339-cf95-4061-a646-5f14882637eb
2019-10-14 16:45:02,895 [RatisPipelineUtilsThread] INFO  pipeline.PipelineStateManager (PipelineStateManager.java:addPipeline(56)) - Created pipeline Pipeline[ Id: 397d9722-dd85-4e8c-a4ed-0f583e6a9d9c, Nodes: 23234339-cf95-4061-a646-5f14882637eb{ip: 192.168.151.105, host: pr-hdds-2196-2-9v7pc-2718207715, networkLocation: /default-rack, certSerialId: null}, Type:RATIS, Factor:ONE, State:OPEN]
2019-10-14 16:45:02,899 [grpc-default-executor-10] INFO  impl.RaftServerProxy (RaftServerProxy.java:addNew(89)) - 071bdbc1-9e52-4fae-967b-1fa1f5e783d7: addNew group-A6C9BB36D5A8:[071bdbc1-9e52-4fae-967b-1fa1f5e783d7:192.168.151.105:43451] returns group-A6C9BB36D5A8:java.util.concurrent.CompletableFuture@2e4c058e[Not completed]
2019-10-14 16:45:02,900 [pool-539-thread-1] INFO  impl.RaftServerImpl (RaftServerImpl.java:<init>(95)) - 071bdbc1-9e52-4fae-967b-1fa1f5e783d7: new RaftServerImpl for group-A6C9BB36D5A8:[071bdbc1-9e52-4fae-967b-1fa1f5e783d7:192.168.151.105:43451] with ContainerStateMachine:uninitialized
2019-10-14 16:45:02,900 [pool-539-thread-1] INFO  server.RaftServerConfigKeys (ConfUtils.java:logGet(43)) - raft.server.rpc.timeout.min = 5s (custom)
2019-10-14 16:45:02,900 [pool-539-thread-1] INFO  server.RaftServerConfigKeys (ConfUtils.java:logGet(43)) - raft.server.rpc.timeout.max = 5200ms (custom)
2019-10-14 16:45:02,900 [pool-539-thread-1] INFO  server.RaftServerConfigKeys (ConfUtils.java:logGet(43)) - raft.server.rpcslowness.timeout = 120s (custom)
2019-10-14 16:45:02,900 [pool-539-thread-1] INFO  server.RaftServerConfigKeys (ConfUtils.java:logGet(43)) - raft.server.sleep.deviation.threshold = 300 (default)
2019-10-14 16:45:02,900 [pool-539-thread-1] INFO  server.RaftServerConfigKeys (ConfUtils.java:logGet(43)) - raft.server.log.appender.install.snapshot.enabled = false (custom)
2019-10-14 16:45:02,901 [pool-539-thread-1] INFO  impl.RaftServerImpl (ServerState.java:<init>(103)) - 071bdbc1-9e52-4fae-967b-1fa1f5e783d7@group-A6C9BB36D5A8: ConfigurationManager, init=-1: [071bdbc1-9e52-4fae-967b-1fa1f5e783d7:192.168.151.105:43451], old=null, confs=<EMPTY_MAP>
2019-10-14 16:45:02,901 [pool-539-thread-1] INFO  server.RaftServerConfigKeys (ConfUtils.java:logGet(43)) - raft.server.storage.dir = [/workdir/hadoop-ozone/integration-test/target/test-dir/MiniOzoneClusterImpl-3bcee4e0-c750-460d-9485-7765d796aaea/datanode-4/data/ratis] (custom)
2019-10-14 16:45:02,901 [pool-539-thread-1] INFO  server.RaftServerConfigKeys (ConfUtils.java:logGet(43)) - raft.server.log.corruption.policy = EXCEPTION (default)
2019-10-14 16:45:02,901 [pool-539-thread-1] INFO  storage.RaftStorageDirectory (RaftStorageDirectory.java:analyzeStorage(246)) - The storage directory /workdir/hadoop-ozone/integration-test/target/test-dir/MiniOzoneClusterImpl-3bcee4e0-c750-460d-9485-7765d796aaea/datanode-4/data/ratis/f44651a7-04e8-43a7-a06e-a6c9bb36d5a8 does not exist. Creating ...
2019-10-14 16:45:02,910 [pool-539-thread-1] INFO  storage.RaftStorageDirectory (RaftStorageDirectory.java:tryLock(328)) - Lock on /workdir/hadoop-ozone/integration-test/target/test-dir/MiniOzoneClusterImpl-3bcee4e0-c750-460d-9485-7765d796aaea/datanode-4/data/ratis/f44651a7-04e8-43a7-a06e-a6c9bb36d5a8/in_use.lock acquired by nodename 23931@pr-hdds-2196-2-9v7pc-2718207715
2019-10-14 16:45:02,927 [pool-539-thread-1] INFO  storage.RaftStorage (RaftStorage.java:format(84)) - Storage directory /workdir/hadoop-ozone/integration-test/target/test-dir/MiniOzoneClusterImpl-3bcee4e0-c750-460d-9485-7765d796aaea/datanode-4/data/ratis/f44651a7-04e8-43a7-a06e-a6c9bb36d5a8 has been successfully formatted.
2019-10-14 16:45:02,927 [pool-539-thread-1] INFO  ratis.ContainerStateMachine (ContainerStateMachine.java:loadSnapshot(231)) - group-A6C9BB36D5A8: The snapshot info is null. Setting the last applied indexto:(t:0, i:~)
2019-10-14 16:45:02,927 [pool-539-thread-1] INFO  server.RaftServerConfigKeys (ConfUtils.java:logGet(43)) - raft.server.notification.no-leader.timeout = 120s (custom)
2019-10-14 16:45:02,927 [pool-539-thread-1] INFO  server.RaftServerConfigKeys (ConfUtils.java:logGet(43)) - raft.server.log.use.memory = false (default)
2019-10-14 16:45:02,927 [pool-539-thread-1] INFO  server.RaftServerConfigKeys (ConfUtils.java:logGet(43)) - raft.server.log.purge.gap = 1000000 (custom)
2019-10-14 16:45:02,927 [pool-539-thread-1] INFO  server.RaftServerConfigKeys (ConfUtils.java:logGet(43)) - raft.server.log.appender.buffer.byte-limit = 33554432 (custom)
2019-10-14 16:45:02,928 [pool-539-thread-1] INFO  server.RaftServerConfigKeys (ConfUtils.java:logGet(43)) - raft.server.log.segment.size.max = 1048576 (custom)
2019-10-14 16:45:02,928 [IPC Server handler 4 on 39248] INFO  net.NetworkTopology (NetworkTopologyImpl.java:add(111)) - Added a new node: /default-rack/842ea96e-9318-4418-983b-6ddb7c91a035
2019-10-14 16:45:02,928 [IPC Server handler 4 on 39248] INFO  node.SCMNodeManager (SCMNodeManager.java:register(313)) - Registered Data node : 842ea96e-9318-4418-983b-6ddb7c91a035{ip: 192.168.151.105, host: pr-hdds-2196-2-9v7pc-2718207715, networkLocation: /default-rack, certSerialId: null}
2019-10-14 16:45:02,929 [pool-539-thread-1] INFO  server.RaftServerConfigKeys (ConfUtils.java:logGet(43)) - raft.server.log.segment.cache.num.max = 2 (custom)
2019-10-14 16:45:02,929 [pool-539-thread-1] INFO  segmented.SegmentedRaftLogWorker (SegmentedRaftLogWorker.java:<init>(173)) - new 071bdbc1-9e52-4fae-967b-1fa1f5e783d7@group-A6C9BB36D5A8-SegmentedRaftLogWorker for RaftStorage:Storage Directory /workdir/hadoop-ozone/integration-test/target/test-dir/MiniOzoneClusterImpl-3bcee4e0-c750-460d-9485-7765d796aaea/datanode-4/data/ratis/f44651a7-04e8-43a7-a06e-a6c9bb36d5a8
2019-10-14 16:45:02,930 [pool-539-thread-1] INFO  server.RaftServerConfigKeys (ConfUtils.java:logGet(43)) - raft.server.log.queue.byte-limit = 2147483647 (custom)
2019-10-14 16:45:02,930 [pool-539-thread-1] INFO  server.RaftServerConfigKeys (ConfUtils.java:logGet(43)) - raft.server.log.queue.element-limit = 1024 (custom)
2019-10-14 16:45:02,930 [pool-539-thread-1] INFO  server.RaftServerConfigKeys (ConfUtils.java:logGet(43)) - raft.server.log.segment.size.max = 1048576 (custom)
2019-10-14 16:45:02,930 [pool-539-thread-1] INFO  server.RaftServerConfigKeys (ConfUtils.java:logGet(43)) - raft.server.log.preallocated.size = 16384 (custom)
2019-10-14 16:45:02,930 [pool-539-thread-1] INFO  server.RaftServerConfigKeys (ConfUtils.java:logGet(43)) - raft.server.log.write.buffer.size = 33554432 (custom)
2019-10-14 16:45:02,930 [pool-539-thread-1] INFO  server.RaftServerConfigKeys (ConfUtils.java:logGet(43)) - raft.server.log.force.sync.num = 128 (default)
2019-10-14 16:45:02,930 [pool-539-thread-1] INFO  server.RaftServerConfigKeys (ConfUtils.java:logGet(43)) - raft.server.log.statemachine.data.sync = true (default)
2019-10-14 16:45:02,931 [pool-539-thread-1] INFO  server.RaftServerConfigKeys (ConfUtils.java:logGet(43)) - raft.server.log.statemachine.data.sync.timeout = 10s (default)
2019-10-14 16:45:02,931 [pool-539-thread-1] INFO  server.RaftServerConfigKeys (ConfUtils.java:logGet(43)) - raft.server.log.statemachine.data.sync.timeout.retry = -1 (default)
2019-10-14 16:45:02,931 [pool-539-thread-1] INFO  server.RaftServerConfigKeys (ConfUtils.java:logGet(43)) - raft.server.log.statemachine.data.caching.enabled = true (custom)
2019-10-14 16:45:02,931 [pool-539-thread-1] INFO  segmented.SegmentedRaftLogWorker (SegmentedRaftLogWorker.java:lambda$new$0(128)) - 071bdbc1-9e52-4fae-967b-1fa1f5e783d7@group-A6C9BB36D5A8-SegmentedRaftLogWorker: flushIndex: setUnconditionally 0 -> -1
2019-10-14 16:45:02,932 [pool-539-thread-1] INFO  server.RaftServerConfigKeys (ConfUtils.java:logGet(43)) - raft.server.snapshot.auto.trigger.enabled = true (custom)
2019-10-14 16:45:02,932 [pool-539-thread-1] INFO  server.RaftServerConfigKeys (ConfUtils.java:logGet(43)) - raft.server.snapshot.auto.trigger.threshold = 10000 (custom)
2019-10-14 16:45:02,932 [pool-539-thread-1] INFO  server.RaftServerConfigKeys (ConfUtils.java:logGet(43)) - raft.server.snapshot.retention.file.num = 5 (custom)
2019-10-14 16:45:02,932 [pool-539-thread-1] INFO  server.RaftServerConfigKeys (ConfUtils.java:logGet(43)) - raft.server.retrycache.expirytime = 600000ms (custom)
2019-10-14 16:45:02,934 [pool-539-thread-1] INFO  impl.RaftServerImpl (RaftServerImpl.java:start(181)) - 071bdbc1-9e52-4fae-967b-1fa1f5e783d7@group-A6C9BB36D5A8: start as a follower, conf=-1: [071bdbc1-9e52-4fae-967b-1fa1f5e783d7:192.168.151.105:43451], old=null
2019-10-14 16:45:02,934 [pool-539-thread-1] INFO  impl.RaftServerImpl (RaftServerImpl.java:setRole(170)) - 071bdbc1-9e52-4fae-967b-1fa1f5e783d7@group-A6C9BB36D5A8: changes role from      null to FOLLOWER at term 0 for startAsFollower
2019-10-14 16:45:02,934 [pool-539-thread-1] INFO  impl.RoleInfo (RoleInfo.java:updateAndGet(143)) - 071bdbc1-9e52-4fae-967b-1fa1f5e783d7: start FollowerState
2019-10-14 16:45:02,934 [pool-539-thread-1] INFO  util.JmxRegister (JmxRegister.java:tryRegister(44)) - Successfully registered JMX Bean with object name Ratis:service=RaftServer,group=group-A6C9BB36D5A8,id=071bdbc1-9e52-4fae-967b-1fa1f5e783d7
2019-10-14 16:45:02,938 [RatisPipelineUtilsThread] INFO  pipeline.PipelineStateManager (PipelineStateManager.java:addPipeline(56)) - Created pipeline Pipeline[ Id: f44651a7-04e8-43a7-a06e-a6c9bb36d5a8, Nodes: 071bdbc1-9e52-4fae-967b-1fa1f5e783d7{ip: 192.168.151.105, host: pr-hdds-2196-2-9v7pc-2718207715, networkLocation: /default-rack, certSerialId: null}, Type:RATIS, Factor:ONE, State:OPEN]
2019-10-14 16:45:02,943 [grpc-default-executor-10] INFO  impl.RaftServerProxy (RaftServerProxy.java:addNew(89)) - 842ea96e-9318-4418-983b-6ddb7c91a035: addNew group-BB6B33459131:[842ea96e-9318-4418-983b-6ddb7c91a035:192.168.151.105:39174] returns group-BB6B33459131:java.util.concurrent.CompletableFuture@592bec93[Not completed]
2019-10-14 16:45:02,944 [pool-549-thread-1] INFO  impl.RaftServerImpl (RaftServerImpl.java:<init>(95)) - 842ea96e-9318-4418-983b-6ddb7c91a035: new RaftServerImpl for group-BB6B33459131:[842ea96e-9318-4418-983b-6ddb7c91a035:192.168.151.105:39174] with ContainerStateMachine:uninitialized
2019-10-14 16:45:02,945 [pool-549-thread-1] INFO  server.RaftServerConfigKeys (ConfUtils.java:logGet(43)) - raft.server.rpc.timeout.min = 5s (custom)
2019-10-14 16:45:02,945 [pool-549-thread-1] INFO  server.RaftServerConfigKeys (ConfUtils.java:logGet(43)) - raft.server.rpc.timeout.max = 5200ms (custom)
2019-10-14 16:45:02,945 [pool-549-thread-1] INFO  server.RaftServerConfigKeys (ConfUtils.java:logGet(43)) - raft.server.rpcslowness.timeout = 120s (custom)
2019-10-14 16:45:02,945 [pool-549-thread-1] INFO  server.RaftServerConfigKeys (ConfUtils.java:logGet(43)) - raft.server.sleep.deviation.threshold = 300 (default)
2019-10-14 16:45:02,945 [pool-549-thread-1] INFO  server.RaftServerConfigKeys (ConfUtils.java:logGet(43)) - raft.server.log.appender.install.snapshot.enabled = false (custom)
2019-10-14 16:45:02,945 [pool-549-thread-1] INFO  impl.RaftServerImpl (ServerState.java:<init>(103)) - 842ea96e-9318-4418-983b-6ddb7c91a035@group-BB6B33459131: ConfigurationManager, init=-1: [842ea96e-9318-4418-983b-6ddb7c91a035:192.168.151.105:39174], old=null, confs=<EMPTY_MAP>
2019-10-14 16:45:02,946 [pool-549-thread-1] INFO  server.RaftServerConfigKeys (ConfUtils.java:logGet(43)) - raft.server.storage.dir = [/workdir/hadoop-ozone/integration-test/target/test-dir/MiniOzoneClusterImpl-3bcee4e0-c750-460d-9485-7765d796aaea/datanode-5/data/ratis] (custom)
2019-10-14 16:45:02,946 [pool-549-thread-1] INFO  server.RaftServerConfigKeys (ConfUtils.java:logGet(43)) - raft.server.log.corruption.policy = EXCEPTION (default)
2019-10-14 16:45:02,946 [pool-549-thread-1] INFO  storage.RaftStorageDirectory (RaftStorageDirectory.java:analyzeStorage(246)) - The storage directory /workdir/hadoop-ozone/integration-test/target/test-dir/MiniOzoneClusterImpl-3bcee4e0-c750-460d-9485-7765d796aaea/datanode-5/data/ratis/7abc5762-a72d-40e9-9c0b-bb6b33459131 does not exist. Creating ...
2019-10-14 16:45:02,959 [pool-549-thread-1] INFO  storage.RaftStorageDirectory (RaftStorageDirectory.java:tryLock(328)) - Lock on /workdir/hadoop-ozone/integration-test/target/test-dir/MiniOzoneClusterImpl-3bcee4e0-c750-460d-9485-7765d796aaea/datanode-5/data/ratis/7abc5762-a72d-40e9-9c0b-bb6b33459131/in_use.lock acquired by nodename 23931@pr-hdds-2196-2-9v7pc-2718207715
2019-10-14 16:45:02,972 [pool-549-thread-1] INFO  storage.RaftStorage (RaftStorage.java:format(84)) - Storage directory /workdir/hadoop-ozone/integration-test/target/test-dir/MiniOzoneClusterImpl-3bcee4e0-c750-460d-9485-7765d796aaea/datanode-5/data/ratis/7abc5762-a72d-40e9-9c0b-bb6b33459131 has been successfully formatted.
2019-10-14 16:45:02,972 [pool-549-thread-1] INFO  ratis.ContainerStateMachine (ContainerStateMachine.java:loadSnapshot(231)) - group-BB6B33459131: The snapshot info is null. Setting the last applied indexto:(t:0, i:~)
2019-10-14 16:45:02,972 [pool-549-thread-1] INFO  server.RaftServerConfigKeys (ConfUtils.java:logGet(43)) - raft.server.notification.no-leader.timeout = 120s (custom)
2019-10-14 16:45:02,972 [pool-549-thread-1] INFO  server.RaftServerConfigKeys (ConfUtils.java:logGet(43)) - raft.server.log.use.memory = false (default)
2019-10-14 16:45:02,972 [pool-549-thread-1] INFO  server.RaftServerConfigKeys (ConfUtils.java:logGet(43)) - raft.server.log.purge.gap = 1000000 (custom)
2019-10-14 16:45:02,972 [pool-549-thread-1] INFO  server.RaftServerConfigKeys (ConfUtils.java:logGet(43)) - raft.server.log.appender.buffer.byte-limit = 33554432 (custom)
2019-10-14 16:45:02,973 [pool-549-thread-1] INFO  server.RaftServerConfigKeys (ConfUtils.java:logGet(43)) - raft.server.log.segment.size.max = 1048576 (custom)
2019-10-14 16:45:02,974 [pool-549-thread-1] INFO  server.RaftServerConfigKeys (ConfUtils.java:logGet(43)) - raft.server.log.segment.cache.num.max = 2 (custom)
2019-10-14 16:45:02,974 [pool-549-thread-1] INFO  segmented.SegmentedRaftLogWorker (SegmentedRaftLogWorker.java:<init>(173)) - new 842ea96e-9318-4418-983b-6ddb7c91a035@group-BB6B33459131-SegmentedRaftLogWorker for RaftStorage:Storage Directory /workdir/hadoop-ozone/integration-test/target/test-dir/MiniOzoneClusterImpl-3bcee4e0-c750-460d-9485-7765d796aaea/datanode-5/data/ratis/7abc5762-a72d-40e9-9c0b-bb6b33459131
2019-10-14 16:45:02,974 [pool-549-thread-1] INFO  server.RaftServerConfigKeys (ConfUtils.java:logGet(43)) - raft.server.log.queue.byte-limit = 2147483647 (custom)
2019-10-14 16:45:02,975 [pool-549-thread-1] INFO  server.RaftServerConfigKeys (ConfUtils.java:logGet(43)) - raft.server.log.queue.element-limit = 1024 (custom)
2019-10-14 16:45:02,975 [pool-549-thread-1] INFO  server.RaftServerConfigKeys (ConfUtils.java:logGet(43)) - raft.server.log.segment.size.max = 1048576 (custom)
2019-10-14 16:45:02,975 [pool-549-thread-1] INFO  server.RaftServerConfigKeys (ConfUtils.java:logGet(43)) - raft.server.log.preallocated.size = 16384 (custom)
2019-10-14 16:45:02,975 [pool-549-thread-1] INFO  server.RaftServerConfigKeys (ConfUtils.java:logGet(43)) - raft.server.log.write.buffer.size = 33554432 (custom)
2019-10-14 16:45:02,975 [pool-549-thread-1] INFO  server.RaftServerConfigKeys (ConfUtils.java:logGet(43)) - raft.server.log.force.sync.num = 128 (default)
2019-10-14 16:45:02,975 [pool-549-thread-1] INFO  server.RaftServerConfigKeys (ConfUtils.java:logGet(43)) - raft.server.log.statemachine.data.sync = true (default)
2019-10-14 16:45:02,975 [pool-549-thread-1] INFO  server.RaftServerConfigKeys (ConfUtils.java:logGet(43)) - raft.server.log.statemachine.data.sync.timeout = 10s (default)
2019-10-14 16:45:02,975 [pool-549-thread-1] INFO  server.RaftServerConfigKeys (ConfUtils.java:logGet(43)) - raft.server.log.statemachine.data.sync.timeout.retry = -1 (default)
2019-10-14 16:45:02,976 [pool-549-thread-1] INFO  server.RaftServerConfigKeys (ConfUtils.java:logGet(43)) - raft.server.log.statemachine.data.caching.enabled = true (custom)
2019-10-14 16:45:02,976 [pool-549-thread-1] INFO  segmented.SegmentedRaftLogWorker (SegmentedRaftLogWorker.java:lambda$new$0(128)) - 842ea96e-9318-4418-983b-6ddb7c91a035@group-BB6B33459131-SegmentedRaftLogWorker: flushIndex: setUnconditionally 0 -> -1
2019-10-14 16:45:02,977 [pool-549-thread-1] INFO  server.RaftServerConfigKeys (ConfUtils.java:logGet(43)) - raft.server.snapshot.auto.trigger.enabled = true (custom)
2019-10-14 16:45:02,977 [pool-549-thread-1] INFO  server.RaftServerConfigKeys (ConfUtils.java:logGet(43)) - raft.server.snapshot.auto.trigger.threshold = 10000 (custom)
2019-10-14 16:45:02,977 [pool-549-thread-1] INFO  server.RaftServerConfigKeys (ConfUtils.java:logGet(43)) - raft.server.snapshot.retention.file.num = 5 (custom)
2019-10-14 16:45:02,977 [pool-549-thread-1] INFO  server.RaftServerConfigKeys (ConfUtils.java:logGet(43)) - raft.server.retrycache.expirytime = 600000ms (custom)
2019-10-14 16:45:02,979 [pool-549-thread-1] INFO  impl.RaftServerImpl (RaftServerImpl.java:start(181)) - 842ea96e-9318-4418-983b-6ddb7c91a035@group-BB6B33459131: start as a follower, conf=-1: [842ea96e-9318-4418-983b-6ddb7c91a035:192.168.151.105:39174], old=null
2019-10-14 16:45:02,979 [pool-549-thread-1] INFO  impl.RaftServerImpl (RaftServerImpl.java:setRole(170)) - 842ea96e-9318-4418-983b-6ddb7c91a035@group-BB6B33459131: changes role from      null to FOLLOWER at term 0 for startAsFollower
2019-10-14 16:45:02,979 [pool-549-thread-1] INFO  impl.RoleInfo (RoleInfo.java:updateAndGet(143)) - 842ea96e-9318-4418-983b-6ddb7c91a035: start FollowerState
2019-10-14 16:45:02,979 [pool-549-thread-1] INFO  util.JmxRegister (JmxRegister.java:tryRegister(44)) - Successfully registered JMX Bean with object name Ratis:service=RaftServer,group=group-BB6B33459131,id=842ea96e-9318-4418-983b-6ddb7c91a035
2019-10-14 16:45:02,983 [RatisPipelineUtilsThread] INFO  pipeline.PipelineStateManager (PipelineStateManager.java:addPipeline(56)) - Created pipeline Pipeline[ Id: 7abc5762-a72d-40e9-9c0b-bb6b33459131, Nodes: 842ea96e-9318-4418-983b-6ddb7c91a035{ip: 192.168.151.105, host: pr-hdds-2196-2-9v7pc-2718207715, networkLocation: /default-rack, certSerialId: null}, Type:RATIS, Factor:ONE, State:OPEN]
2019-10-14 16:45:02,996 [grpc-default-executor-9] INFO  impl.RaftServerProxy (RaftServerProxy.java:addNew(89)) - 071bdbc1-9e52-4fae-967b-1fa1f5e783d7: addNew group-1C542E4B3B46:[842ea96e-9318-4418-983b-6ddb7c91a035:192.168.151.105:39174, 071bdbc1-9e52-4fae-967b-1fa1f5e783d7:192.168.151.105:43451, 23234339-cf95-4061-a646-5f14882637eb:192.168.151.105:38471] returns group-1C542E4B3B46:java.util.concurrent.CompletableFuture@18ac1427[Not completed]
2019-10-14 16:45:02,996 [grpc-default-executor-14] INFO  impl.RaftServerProxy (RaftServerProxy.java:addNew(89)) - 23234339-cf95-4061-a646-5f14882637eb: addNew group-1C542E4B3B46:[842ea96e-9318-4418-983b-6ddb7c91a035:192.168.151.105:39174, 071bdbc1-9e52-4fae-967b-1fa1f5e783d7:192.168.151.105:43451, 23234339-cf95-4061-a646-5f14882637eb:192.168.151.105:38471] returns group-1C542E4B3B46:java.util.concurrent.CompletableFuture@5ad3525f[Not completed]
2019-10-14 16:45:02,997 [grpc-default-executor-10] INFO  impl.RaftServerProxy (RaftServerProxy.java:addNew(89)) - 842ea96e-9318-4418-983b-6ddb7c91a035: addNew group-1C542E4B3B46:[842ea96e-9318-4418-983b-6ddb7c91a035:192.168.151.105:39174, 071bdbc1-9e52-4fae-967b-1fa1f5e783d7:192.168.151.105:43451, 23234339-cf95-4061-a646-5f14882637eb:192.168.151.105:38471] returns group-1C542E4B3B46:java.util.concurrent.CompletableFuture@6313a9cc[Not completed]
2019-10-14 16:45:02,997 [IPC Server handler 5 on 39248] INFO  net.NetworkTopology (NetworkTopologyImpl.java:add(111)) - Added a new node: /default-rack/65017196-f2ef-405d-ba3e-41f4452fefe6
2019-10-14 16:45:02,997 [main] INFO  ozone.MiniOzoneClusterImpl (MiniOzoneClusterImpl.java:lambda$waitForClusterToBeReady$0(147)) - Cluster is ready. Got 7 of 7 DN Heartbeats.
2019-10-14 16:45:02,998 [pool-539-thread-1] INFO  impl.RaftServerImpl (RaftServerImpl.java:<init>(95)) - 071bdbc1-9e52-4fae-967b-1fa1f5e783d7: new RaftServerImpl for group-1C542E4B3B46:[842ea96e-9318-4418-983b-6ddb7c91a035:192.168.151.105:39174, 071bdbc1-9e52-4fae-967b-1fa1f5e783d7:192.168.151.105:43451, 23234339-cf95-4061-a646-5f14882637eb:192.168.151.105:38471] with ContainerStateMachine:uninitialized
2019-10-14 16:45:02,998 [IPC Server handler 5 on 39248] INFO  node.SCMNodeManager (SCMNodeManager.java:register(313)) - Registered Data node : 65017196-f2ef-405d-ba3e-41f4452fefe6{ip: 192.168.151.105, host: pr-hdds-2196-2-9v7pc-2718207715, networkLocation: /default-rack, certSerialId: null}
2019-10-14 16:45:02,998 [pool-549-thread-1] INFO  impl.RaftServerImpl (RaftServerImpl.java:<init>(95)) - 842ea96e-9318-4418-983b-6ddb7c91a035: new RaftServerImpl for group-1C542E4B3B46:[842ea96e-9318-4418-983b-6ddb7c91a035:192.168.151.105:39174, 071bdbc1-9e52-4fae-967b-1fa1f5e783d7:192.168.151.105:43451, 23234339-cf95-4061-a646-5f14882637eb:192.168.151.105:38471] with ContainerStateMachine:uninitialized
2019-10-14 16:45:02,998 [pool-539-thread-1] INFO  server.RaftServerConfigKeys (ConfUtils.java:logGet(43)) - raft.server.rpc.timeout.min = 5s (custom)
2019-10-14 16:45:02,998 [pool-549-thread-1] INFO  server.RaftServerConfigKeys (ConfUtils.java:logGet(43)) - raft.server.rpc.timeout.min = 5s (custom)
2019-10-14 16:45:02,998 [pool-539-thread-1] INFO  server.RaftServerConfigKeys (ConfUtils.java:logGet(43)) - raft.server.rpc.timeout.max = 5200ms (custom)
2019-10-14 16:45:02,999 [pool-549-thread-1] INFO  server.RaftServerConfigKeys (ConfUtils.java:logGet(43)) - raft.server.rpc.timeout.max = 5200ms (custom)
2019-10-14 16:45:02,999 [pool-529-thread-1] INFO  impl.RaftServerImpl (RaftServerImpl.java:<init>(95)) - 23234339-cf95-4061-a646-5f14882637eb: new RaftServerImpl for group-1C542E4B3B46:[842ea96e-9318-4418-983b-6ddb7c91a035:192.168.151.105:39174, 071bdbc1-9e52-4fae-967b-1fa1f5e783d7:192.168.151.105:43451, 23234339-cf95-4061-a646-5f14882637eb:192.168.151.105:38471] with ContainerStateMachine:uninitialized
2019-10-14 16:45:02,999 [pool-549-thread-1] INFO  server.RaftServerConfigKeys (ConfUtils.java:logGet(43)) - raft.server.rpcslowness.timeout = 120s (custom)
2019-10-14 16:45:02,999 [pool-539-thread-1] INFO  server.RaftServerConfigKeys (ConfUtils.java:logGet(43)) - raft.server.rpcslowness.timeout = 120s (custom)
2019-10-14 16:45:02,999 [pool-549-thread-1] INFO  server.RaftServerConfigKeys (ConfUtils.java:logGet(43)) - raft.server.sleep.deviation.threshold = 300 (default)
2019-10-14 16:45:02,999 [pool-529-thread-1] INFO  server.RaftServerConfigKeys (ConfUtils.java:logGet(43)) - raft.server.rpc.timeout.min = 5s (custom)
2019-10-14 16:45:02,999 [pool-549-thread-1] INFO  server.RaftServerConfigKeys (ConfUtils.java:logGet(43)) - raft.server.log.appender.install.snapshot.enabled = false (custom)
2019-10-14 16:45:02,999 [pool-539-thread-1] INFO  server.RaftServerConfigKeys (ConfUtils.java:logGet(43)) - raft.server.sleep.deviation.threshold = 300 (default)
2019-10-14 16:45:03,000 [pool-549-thread-1] INFO  impl.RaftServerImpl (ServerState.java:<init>(103)) - 842ea96e-9318-4418-983b-6ddb7c91a035@group-1C542E4B3B46: ConfigurationManager, init=-1: [842ea96e-9318-4418-983b-6ddb7c91a035:192.168.151.105:39174, 071bdbc1-9e52-4fae-967b-1fa1f5e783d7:192.168.151.105:43451, 23234339-cf95-4061-a646-5f14882637eb:192.168.151.105:38471], old=null, confs=<EMPTY_MAP>
2019-10-14 16:45:02,999 [pool-529-thread-1] INFO  server.RaftServerConfigKeys (ConfUtils.java:logGet(43)) - raft.server.rpc.timeout.max = 5200ms (custom)
2019-10-14 16:45:03,000 [pool-549-thread-1] INFO  server.RaftServerConfigKeys (ConfUtils.java:logGet(43)) - raft.server.storage.dir = [/workdir/hadoop-ozone/integration-test/target/test-dir/MiniOzoneClusterImpl-3bcee4e0-c750-460d-9485-7765d796aaea/datanode-5/data/ratis] (custom)
2019-10-14 16:45:03,000 [pool-539-thread-1] INFO  server.RaftServerConfigKeys (ConfUtils.java:logGet(43)) - raft.server.log.appender.install.snapshot.enabled = false (custom)
2019-10-14 16:45:03,000 [pool-529-thread-1] INFO  server.RaftServerConfigKeys (ConfUtils.java:logGet(43)) - raft.server.rpcslowness.timeout = 120s (custom)
2019-10-14 16:45:03,000 [pool-549-thread-1] INFO  server.RaftServerConfigKeys (ConfUtils.java:logGet(43)) - raft.server.log.corruption.policy = EXCEPTION (default)
2019-10-14 16:45:03,000 [pool-539-thread-1] INFO  impl.RaftServerImpl (ServerState.java:<init>(103)) - 071bdbc1-9e52-4fae-967b-1fa1f5e783d7@group-1C542E4B3B46: ConfigurationManager, init=-1: [842ea96e-9318-4418-983b-6ddb7c91a035:192.168.151.105:39174, 071bdbc1-9e52-4fae-967b-1fa1f5e783d7:192.168.151.105:43451, 23234339-cf95-4061-a646-5f14882637eb:192.168.151.105:38471], old=null, confs=<EMPTY_MAP>
2019-10-14 16:45:03,000 [pool-549-thread-1] INFO  storage.RaftStorageDirectory (RaftStorageDirectory.java:analyzeStorage(246)) - The storage directory /workdir/hadoop-ozone/integration-test/target/test-dir/MiniOzoneClusterImpl-3bcee4e0-c750-460d-9485-7765d796aaea/datanode-5/data/ratis/5c5c6ac9-a7c0-454f-9bc4-1c542e4b3b46 does not exist. Creating ...
2019-10-14 16:45:03,001 [pool-539-thread-1] INFO  server.RaftServerConfigKeys (ConfUtils.java:logGet(43)) - raft.server.storage.dir = [/workdir/hadoop-ozone/integration-test/target/test-dir/MiniOzoneClusterImpl-3bcee4e0-c750-460d-9485-7765d796aaea/datanode-4/data/ratis] (custom)
2019-10-14 16:45:03,000 [pool-529-thread-1] INFO  server.RaftServerConfigKeys (ConfUtils.java:logGet(43)) - raft.server.sleep.deviation.threshold = 300 (default)
2019-10-14 16:45:03,001 [pool-539-thread-1] INFO  server.RaftServerConfigKeys (ConfUtils.java:logGet(43)) - raft.server.log.corruption.policy = EXCEPTION (default)
2019-10-14 16:45:03,001 [pool-529-thread-1] INFO  server.RaftServerConfigKeys (ConfUtils.java:logGet(43)) - raft.server.log.appender.install.snapshot.enabled = false (custom)
2019-10-14 16:45:03,001 [pool-539-thread-1] INFO  storage.RaftStorageDirectory (RaftStorageDirectory.java:analyzeStorage(246)) - The storage directory /workdir/hadoop-ozone/integration-test/target/test-dir/MiniOzoneClusterImpl-3bcee4e0-c750-460d-9485-7765d796aaea/datanode-4/data/ratis/5c5c6ac9-a7c0-454f-9bc4-1c542e4b3b46 does not exist. Creating ...
2019-10-14 16:45:03,003 [pool-529-thread-1] INFO  impl.RaftServerImpl (ServerState.java:<init>(103)) - 23234339-cf95-4061-a646-5f14882637eb@group-1C542E4B3B46: ConfigurationManager, init=-1: [842ea96e-9318-4418-983b-6ddb7c91a035:192.168.151.105:39174, 071bdbc1-9e52-4fae-967b-1fa1f5e783d7:192.168.151.105:43451, 23234339-cf95-4061-a646-5f14882637eb:192.168.151.105:38471], old=null, confs=<EMPTY_MAP>
2019-10-14 16:45:03,007 [pool-529-thread-1] INFO  server.RaftServerConfigKeys (ConfUtils.java:logGet(43)) - raft.server.storage.dir = [/workdir/hadoop-ozone/integration-test/target/test-dir/MiniOzoneClusterImpl-3bcee4e0-c750-460d-9485-7765d796aaea/datanode-3/data/ratis] (custom)
2019-10-14 16:45:03,007 [pool-529-thread-1] INFO  server.RaftServerConfigKeys (ConfUtils.java:logGet(43)) - raft.server.log.corruption.policy = EXCEPTION (default)
2019-10-14 16:45:03,008 [pool-529-thread-1] INFO  storage.RaftStorageDirectory (RaftStorageDirectory.java:analyzeStorage(246)) - The storage directory /workdir/hadoop-ozone/integration-test/target/test-dir/MiniOzoneClusterImpl-3bcee4e0-c750-460d-9485-7765d796aaea/datanode-3/data/ratis/5c5c6ac9-a7c0-454f-9bc4-1c542e4b3b46 does not exist. Creating ...
2019-10-14 16:45:03,017 [pool-549-thread-1] INFO  storage.RaftStorageDirectory (RaftStorageDirectory.java:tryLock(328)) - Lock on /workdir/hadoop-ozone/integration-test/target/test-dir/MiniOzoneClusterImpl-3bcee4e0-c750-460d-9485-7765d796aaea/datanode-5/data/ratis/5c5c6ac9-a7c0-454f-9bc4-1c542e4b3b46/in_use.lock acquired by nodename 23931@pr-hdds-2196-2-9v7pc-2718207715
2019-10-14 16:45:03,017 [pool-529-thread-1] INFO  storage.RaftStorageDirectory (RaftStorageDirectory.java:tryLock(328)) - Lock on /workdir/hadoop-ozone/integration-test/target/test-dir/MiniOzoneClusterImpl-3bcee4e0-c750-460d-9485-7765d796aaea/datanode-3/data/ratis/5c5c6ac9-a7c0-454f-9bc4-1c542e4b3b46/in_use.lock acquired by nodename 23931@pr-hdds-2196-2-9v7pc-2718207715
2019-10-14 16:45:03,021 [pool-539-thread-1] INFO  storage.RaftStorageDirectory (RaftStorageDirectory.java:tryLock(328)) - Lock on /workdir/hadoop-ozone/integration-test/target/test-dir/MiniOzoneClusterImpl-3bcee4e0-c750-460d-9485-7765d796aaea/datanode-4/data/ratis/5c5c6ac9-a7c0-454f-9bc4-1c542e4b3b46/in_use.lock acquired by nodename 23931@pr-hdds-2196-2-9v7pc-2718207715
2019-10-14 16:45:03,043 [main] INFO  rpc.RpcClient (RpcClient.java:createVolume(272)) - Creating Volume: testblockoutputstream, with jenkins1000 as owner.
2019-10-14 16:45:03,046 [IPC Server handler 2 on 34656] INFO  volume.OMVolumeCreateRequest (OMVolumeCreateRequest.java:validateAndUpdateCache(193)) - created volume:testblockoutputstream for user:jenkins1000
2019-10-14 16:45:03,047 [pool-539-thread-1] INFO  storage.RaftStorage (RaftStorage.java:format(84)) - Storage directory /workdir/hadoop-ozone/integration-test/target/test-dir/MiniOzoneClusterImpl-3bcee4e0-c750-460d-9485-7765d796aaea/datanode-4/data/ratis/5c5c6ac9-a7c0-454f-9bc4-1c542e4b3b46 has been successfully formatted.
2019-10-14 16:45:03,047 [pool-549-thread-1] INFO  storage.RaftStorage (RaftStorage.java:format(84)) - Storage directory /workdir/hadoop-ozone/integration-test/target/test-dir/MiniOzoneClusterImpl-3bcee4e0-c750-460d-9485-7765d796aaea/datanode-5/data/ratis/5c5c6ac9-a7c0-454f-9bc4-1c542e4b3b46 has been successfully formatted.
2019-10-14 16:45:03,047 [pool-529-thread-1] INFO  storage.RaftStorage (RaftStorage.java:format(84)) - Storage directory /workdir/hadoop-ozone/integration-test/target/test-dir/MiniOzoneClusterImpl-3bcee4e0-c750-460d-9485-7765d796aaea/datanode-3/data/ratis/5c5c6ac9-a7c0-454f-9bc4-1c542e4b3b46 has been successfully formatted.
2019-10-14 16:45:03,047 [pool-549-thread-1] INFO  ratis.ContainerStateMachine (ContainerStateMachine.java:loadSnapshot(231)) - group-1C542E4B3B46: The snapshot info is null. Setting the last applied indexto:(t:0, i:~)
2019-10-14 16:45:03,047 [pool-539-thread-1] INFO  ratis.ContainerStateMachine (ContainerStateMachine.java:loadSnapshot(231)) - group-1C542E4B3B46: The snapshot info is null. Setting the last applied indexto:(t:0, i:~)
2019-10-14 16:45:03,047 [pool-549-thread-1] INFO  server.RaftServerConfigKeys (ConfUtils.java:logGet(43)) - raft.server.notification.no-leader.timeout = 120s (custom)
2019-10-14 16:45:03,047 [pool-529-thread-1] INFO  ratis.ContainerStateMachine (ContainerStateMachine.java:loadSnapshot(231)) - group-1C542E4B3B46: The snapshot info is null. Setting the last applied indexto:(t:0, i:~)
2019-10-14 16:45:03,048 [pool-549-thread-1] INFO  server.RaftServerConfigKeys (ConfUtils.java:logGet(43)) - raft.server.log.use.memory = false (default)
2019-10-14 16:45:03,048 [pool-539-thread-1] INFO  server.RaftServerConfigKeys (ConfUtils.java:logGet(43)) - raft.server.notification.no-leader.timeout = 120s (custom)
2019-10-14 16:45:03,051 [pool-549-thread-1] INFO  server.RaftServerConfigKeys (ConfUtils.java:logGet(43)) - raft.server.log.purge.gap = 1000000 (custom)
2019-10-14 16:45:03,051 [pool-529-thread-1] INFO  server.RaftServerConfigKeys (ConfUtils.java:logGet(43)) - raft.server.notification.no-leader.timeout = 120s (custom)
2019-10-14 16:45:03,051 [pool-549-thread-1] INFO  server.RaftServerConfigKeys (ConfUtils.java:logGet(43)) - raft.server.log.appender.buffer.byte-limit = 33554432 (custom)
2019-10-14 16:45:03,051 [pool-539-thread-1] INFO  server.RaftServerConfigKeys (ConfUtils.java:logGet(43)) - raft.server.log.use.memory = false (default)
2019-10-14 16:45:03,052 [pool-549-thread-1] INFO  server.RaftServerConfigKeys (ConfUtils.java:logGet(43)) - raft.server.log.segment.size.max = 1048576 (custom)
2019-10-14 16:45:03,051 [pool-529-thread-1] INFO  server.RaftServerConfigKeys (ConfUtils.java:logGet(43)) - raft.server.log.use.memory = false (default)
2019-10-14 16:45:03,052 [pool-549-thread-1] INFO  server.RaftServerConfigKeys (ConfUtils.java:logGet(43)) - raft.server.log.segment.cache.num.max = 2 (custom)
2019-10-14 16:45:03,052 [pool-539-thread-1] INFO  server.RaftServerConfigKeys (ConfUtils.java:logGet(43)) - raft.server.log.purge.gap = 1000000 (custom)
2019-10-14 16:45:03,052 [pool-549-thread-1] INFO  segmented.SegmentedRaftLogWorker (SegmentedRaftLogWorker.java:<init>(173)) - new 842ea96e-9318-4418-983b-6ddb7c91a035@group-1C542E4B3B46-SegmentedRaftLogWorker for RaftStorage:Storage Directory /workdir/hadoop-ozone/integration-test/target/test-dir/MiniOzoneClusterImpl-3bcee4e0-c750-460d-9485-7765d796aaea/datanode-5/data/ratis/5c5c6ac9-a7c0-454f-9bc4-1c542e4b3b46
2019-10-14 16:45:03,052 [pool-529-thread-1] INFO  server.RaftServerConfigKeys (ConfUtils.java:logGet(43)) - raft.server.log.purge.gap = 1000000 (custom)
2019-10-14 16:45:03,052 [pool-549-thread-1] INFO  server.RaftServerConfigKeys (ConfUtils.java:logGet(43)) - raft.server.log.queue.byte-limit = 2147483647 (custom)
2019-10-14 16:45:03,052 [pool-539-thread-1] INFO  server.RaftServerConfigKeys (ConfUtils.java:logGet(43)) - raft.server.log.appender.buffer.byte-limit = 33554432 (custom)
2019-10-14 16:45:03,053 [pool-549-thread-1] INFO  server.RaftServerConfigKeys (ConfUtils.java:logGet(43)) - raft.server.log.queue.element-limit = 1024 (custom)
2019-10-14 16:45:03,053 [pool-529-thread-1] INFO  server.RaftServerConfigKeys (ConfUtils.java:logGet(43)) - raft.server.log.appender.buffer.byte-limit = 33554432 (custom)
2019-10-14 16:45:03,053 [pool-549-thread-1] INFO  server.RaftServerConfigKeys (ConfUtils.java:logGet(43)) - raft.server.log.segment.size.max = 1048576 (custom)
2019-10-14 16:45:03,053 [pool-539-thread-1] INFO  server.RaftServerConfigKeys (ConfUtils.java:logGet(43)) - raft.server.log.segment.size.max = 1048576 (custom)
2019-10-14 16:45:03,053 [pool-549-thread-1] INFO  server.RaftServerConfigKeys (ConfUtils.java:logGet(43)) - raft.server.log.preallocated.size = 16384 (custom)
2019-10-14 16:45:03,064 [pool-549-thread-1] INFO  server.RaftServerConfigKeys (ConfUtils.java:logGet(43)) - raft.server.log.write.buffer.size = 33554432 (custom)
2019-10-14 16:45:03,053 [pool-529-thread-1] INFO  server.RaftServerConfigKeys (ConfUtils.java:logGet(43)) - raft.server.log.segment.size.max = 1048576 (custom)
2019-10-14 16:45:03,065 [pool-549-thread-1] INFO  server.RaftServerConfigKeys (ConfUtils.java:logGet(43)) - raft.server.log.force.sync.num = 128 (default)
2019-10-14 16:45:03,064 [pool-539-thread-1] INFO  server.RaftServerConfigKeys (ConfUtils.java:logGet(43)) - raft.server.log.segment.cache.num.max = 2 (custom)
2019-10-14 16:45:03,065 [main] INFO  rpc.RpcClient (RpcClient.java:createBucket(411)) - Creating Bucket: testblockoutputstream/testblockoutputstream, with Versioning false and Storage Type set to DISK and Encryption set to false 
2019-10-14 16:45:03,065 [pool-549-thread-1] INFO  server.RaftServerConfigKeys (ConfUtils.java:logGet(43)) - raft.server.log.statemachine.data.sync = true (default)
2019-10-14 16:45:03,065 [pool-549-thread-1] INFO  server.RaftServerConfigKeys (ConfUtils.java:logGet(43)) - raft.server.log.statemachine.data.sync.timeout = 10s (default)
2019-10-14 16:45:03,065 [pool-529-thread-1] INFO  server.RaftServerConfigKeys (ConfUtils.java:logGet(43)) - raft.server.log.segment.cache.num.max = 2 (custom)
2019-10-14 16:45:03,066 [pool-549-thread-1] INFO  server.RaftServerConfigKeys (ConfUtils.java:logGet(43)) - raft.server.log.statemachine.data.sync.timeout.retry = -1 (default)
2019-10-14 16:45:03,065 [pool-539-thread-1] INFO  segmented.SegmentedRaftLogWorker (SegmentedRaftLogWorker.java:<init>(173)) - new 071bdbc1-9e52-4fae-967b-1fa1f5e783d7@group-1C542E4B3B46-SegmentedRaftLogWorker for RaftStorage:Storage Directory /workdir/hadoop-ozone/integration-test/target/test-dir/MiniOzoneClusterImpl-3bcee4e0-c750-460d-9485-7765d796aaea/datanode-4/data/ratis/5c5c6ac9-a7c0-454f-9bc4-1c542e4b3b46
2019-10-14 16:45:03,066 [pool-549-thread-1] INFO  server.RaftServerConfigKeys (ConfUtils.java:logGet(43)) - raft.server.log.statemachine.data.caching.enabled = true (custom)
2019-10-14 16:45:03,066 [pool-529-thread-1] INFO  segmented.SegmentedRaftLogWorker (SegmentedRaftLogWorker.java:<init>(173)) - new 23234339-cf95-4061-a646-5f14882637eb@group-1C542E4B3B46-SegmentedRaftLogWorker for RaftStorage:Storage Directory /workdir/hadoop-ozone/integration-test/target/test-dir/MiniOzoneClusterImpl-3bcee4e0-c750-460d-9485-7765d796aaea/datanode-3/data/ratis/5c5c6ac9-a7c0-454f-9bc4-1c542e4b3b46
2019-10-14 16:45:03,066 [pool-539-thread-1] INFO  server.RaftServerConfigKeys (ConfUtils.java:logGet(43)) - raft.server.log.queue.byte-limit = 2147483647 (custom)
2019-10-14 16:45:03,066 [pool-529-thread-1] INFO  server.RaftServerConfigKeys (ConfUtils.java:logGet(43)) - raft.server.log.queue.byte-limit = 2147483647 (custom)
2019-10-14 16:45:03,066 [pool-549-thread-1] INFO  segmented.SegmentedRaftLogWorker (SegmentedRaftLogWorker.java:lambda$new$0(128)) - 842ea96e-9318-4418-983b-6ddb7c91a035@group-1C542E4B3B46-SegmentedRaftLogWorker: flushIndex: setUnconditionally 0 -> -1
2019-10-14 16:45:03,069 [pool-529-thread-1] INFO  server.RaftServerConfigKeys (ConfUtils.java:logGet(43)) - raft.server.log.queue.element-limit = 1024 (custom)
2019-10-14 16:45:03,066 [pool-539-thread-1] INFO  server.RaftServerConfigKeys (ConfUtils.java:logGet(43)) - raft.server.log.queue.element-limit = 1024 (custom)
2019-10-14 16:45:03,070 [pool-529-thread-1] INFO  server.RaftServerConfigKeys (ConfUtils.java:logGet(43)) - raft.server.log.segment.size.max = 1048576 (custom)
2019-10-14 16:45:03,070 [pool-549-thread-1] INFO  server.RaftServerConfigKeys (ConfUtils.java:logGet(43)) - raft.server.snapshot.auto.trigger.enabled = true (custom)
2019-10-14 16:45:03,070 [pool-529-thread-1] INFO  server.RaftServerConfigKeys (ConfUtils.java:logGet(43)) - raft.server.log.preallocated.size = 16384 (custom)
2019-10-14 16:45:03,070 [pool-539-thread-1] INFO  server.RaftServerConfigKeys (ConfUtils.java:logGet(43)) - raft.server.log.segment.size.max = 1048576 (custom)
2019-10-14 16:45:03,070 [pool-529-thread-1] INFO  server.RaftServerConfigKeys (ConfUtils.java:logGet(43)) - raft.server.log.write.buffer.size = 33554432 (custom)
2019-10-14 16:45:03,070 [pool-549-thread-1] INFO  server.RaftServerConfigKeys (ConfUtils.java:logGet(43)) - raft.server.snapshot.auto.trigger.threshold = 10000 (custom)
2019-10-14 16:45:03,070 [pool-529-thread-1] INFO  server.RaftServerConfigKeys (ConfUtils.java:logGet(43)) - raft.server.log.force.sync.num = 128 (default)
2019-10-14 16:45:03,070 [pool-539-thread-1] INFO  server.RaftServerConfigKeys (ConfUtils.java:logGet(43)) - raft.server.log.preallocated.size = 16384 (custom)
2019-10-14 16:45:03,071 [pool-529-thread-1] INFO  server.RaftServerConfigKeys (ConfUtils.java:logGet(43)) - raft.server.log.statemachine.data.sync = true (default)
2019-10-14 16:45:03,071 [pool-549-thread-1] INFO  server.RaftServerConfigKeys (ConfUtils.java:logGet(43)) - raft.server.snapshot.retention.file.num = 5 (custom)
2019-10-14 16:45:03,071 [pool-529-thread-1] INFO  server.RaftServerConfigKeys (ConfUtils.java:logGet(43)) - raft.server.log.statemachine.data.sync.timeout = 10s (default)
2019-10-14 16:45:03,071 [pool-539-thread-1] INFO  server.RaftServerConfigKeys (ConfUtils.java:logGet(43)) - raft.server.log.write.buffer.size = 33554432 (custom)
2019-10-14 16:45:03,071 [pool-529-thread-1] INFO  server.RaftServerConfigKeys (ConfUtils.java:logGet(43)) - raft.server.log.statemachine.data.sync.timeout.retry = -1 (default)
2019-10-14 16:45:03,071 [pool-549-thread-1] INFO  server.RaftServerConfigKeys (ConfUtils.java:logGet(43)) - raft.server.retrycache.expirytime = 600000ms (custom)
2019-10-14 16:45:03,072 [pool-529-thread-1] INFO  server.RaftServerConfigKeys (ConfUtils.java:logGet(43)) - raft.server.log.statemachine.data.caching.enabled = true (custom)
2019-10-14 16:45:03,071 [pool-539-thread-1] INFO  server.RaftServerConfigKeys (ConfUtils.java:logGet(43)) - raft.server.log.force.sync.num = 128 (default)
2019-10-14 16:45:03,072 [pool-529-thread-1] INFO  segmented.SegmentedRaftLogWorker (SegmentedRaftLogWorker.java:lambda$new$0(128)) - 23234339-cf95-4061-a646-5f14882637eb@group-1C542E4B3B46-SegmentedRaftLogWorker: flushIndex: setUnconditionally 0 -> -1
2019-10-14 16:45:03,072 [pool-539-thread-1] INFO  server.RaftServerConfigKeys (ConfUtils.java:logGet(43)) - raft.server.log.statemachine.data.sync = true (default)
2019-10-14 16:45:03,072 [pool-529-thread-1] INFO  server.RaftServerConfigKeys (ConfUtils.java:logGet(43)) - raft.server.snapshot.auto.trigger.enabled = true (custom)
2019-10-14 16:45:03,072 [pool-539-thread-1] INFO  server.RaftServerConfigKeys (ConfUtils.java:logGet(43)) - raft.server.log.statemachine.data.sync.timeout = 10s (default)
2019-10-14 16:45:03,072 [pool-529-thread-1] INFO  server.RaftServerConfigKeys (ConfUtils.java:logGet(43)) - raft.server.snapshot.auto.trigger.threshold = 10000 (custom)
2019-10-14 16:45:03,073 [pool-539-thread-1] INFO  server.RaftServerConfigKeys (ConfUtils.java:logGet(43)) - raft.server.log.statemachine.data.sync.timeout.retry = -1 (default)
2019-10-14 16:45:03,073 [pool-529-thread-1] INFO  server.RaftServerConfigKeys (ConfUtils.java:logGet(43)) - raft.server.snapshot.retention.file.num = 5 (custom)
2019-10-14 16:45:03,073 [pool-539-thread-1] INFO  server.RaftServerConfigKeys (ConfUtils.java:logGet(43)) - raft.server.log.statemachine.data.caching.enabled = true (custom)
2019-10-14 16:45:03,073 [pool-529-thread-1] INFO  server.RaftServerConfigKeys (ConfUtils.java:logGet(43)) - raft.server.retrycache.expirytime = 600000ms (custom)
2019-10-14 16:45:03,073 [pool-539-thread-1] INFO  segmented.SegmentedRaftLogWorker (SegmentedRaftLogWorker.java:lambda$new$0(128)) - 071bdbc1-9e52-4fae-967b-1fa1f5e783d7@group-1C542E4B3B46-SegmentedRaftLogWorker: flushIndex: setUnconditionally 0 -> -1
2019-10-14 16:45:03,074 [pool-539-thread-1] INFO  server.RaftServerConfigKeys (ConfUtils.java:logGet(43)) - raft.server.snapshot.auto.trigger.enabled = true (custom)
2019-10-14 16:45:03,074 [pool-549-thread-1] INFO  impl.RaftServerImpl (RaftServerImpl.java:start(181)) - 842ea96e-9318-4418-983b-6ddb7c91a035@group-1C542E4B3B46: start as a follower, conf=-1: [842ea96e-9318-4418-983b-6ddb7c91a035:192.168.151.105:39174, 071bdbc1-9e52-4fae-967b-1fa1f5e783d7:192.168.151.105:43451, 23234339-cf95-4061-a646-5f14882637eb:192.168.151.105:38471], old=null
2019-10-14 16:45:03,074 [pool-539-thread-1] INFO  server.RaftServerConfigKeys (ConfUtils.java:logGet(43)) - raft.server.snapshot.auto.trigger.threshold = 10000 (custom)
2019-10-14 16:45:03,074 [pool-549-thread-1] INFO  impl.RaftServerImpl (RaftServerImpl.java:setRole(170)) - 842ea96e-9318-4418-983b-6ddb7c91a035@group-1C542E4B3B46: changes role from      null to FOLLOWER at term 0 for startAsFollower
2019-10-14 16:45:03,074 [pool-539-thread-1] INFO  server.RaftServerConfigKeys (ConfUtils.java:logGet(43)) - raft.server.snapshot.retention.file.num = 5 (custom)
2019-10-14 16:45:03,074 [pool-549-thread-1] INFO  impl.RoleInfo (RoleInfo.java:updateAndGet(143)) - 842ea96e-9318-4418-983b-6ddb7c91a035: start FollowerState
2019-10-14 16:45:03,074 [pool-539-thread-1] INFO  server.RaftServerConfigKeys (ConfUtils.java:logGet(43)) - raft.server.retrycache.expirytime = 600000ms (custom)
2019-10-14 16:45:03,075 [pool-549-thread-1] INFO  util.JmxRegister (JmxRegister.java:tryRegister(44)) - Successfully registered JMX Bean with object name Ratis:service=RaftServer,group=group-1C542E4B3B46,id=842ea96e-9318-4418-983b-6ddb7c91a035
2019-10-14 16:45:03,075 [pool-529-thread-1] INFO  impl.RaftServerImpl (RaftServerImpl.java:start(181)) - 23234339-cf95-4061-a646-5f14882637eb@group-1C542E4B3B46: start as a follower, conf=-1: [842ea96e-9318-4418-983b-6ddb7c91a035:192.168.151.105:39174, 071bdbc1-9e52-4fae-967b-1fa1f5e783d7:192.168.151.105:43451, 23234339-cf95-4061-a646-5f14882637eb:192.168.151.105:38471], old=null
2019-10-14 16:45:03,075 [pool-529-thread-1] INFO  impl.RaftServerImpl (RaftServerImpl.java:setRole(170)) - 23234339-cf95-4061-a646-5f14882637eb@group-1C542E4B3B46: changes role from      null to FOLLOWER at term 0 for startAsFollower
2019-10-14 16:45:03,076 [pool-529-thread-1] INFO  impl.RoleInfo (RoleInfo.java:updateAndGet(143)) - 23234339-cf95-4061-a646-5f14882637eb: start FollowerState
2019-10-14 16:45:03,076 [pool-529-thread-1] INFO  util.JmxRegister (JmxRegister.java:tryRegister(44)) - Successfully registered JMX Bean with object name Ratis:service=RaftServer,group=group-1C542E4B3B46,id=23234339-cf95-4061-a646-5f14882637eb
2019-10-14 16:45:03,078 [pool-539-thread-1] INFO  impl.RaftServerImpl (RaftServerImpl.java:start(181)) - 071bdbc1-9e52-4fae-967b-1fa1f5e783d7@group-1C542E4B3B46: start as a follower, conf=-1: [842ea96e-9318-4418-983b-6ddb7c91a035:192.168.151.105:39174, 071bdbc1-9e52-4fae-967b-1fa1f5e783d7:192.168.151.105:43451, 23234339-cf95-4061-a646-5f14882637eb:192.168.151.105:38471], old=null
2019-10-14 16:45:03,078 [pool-539-thread-1] INFO  impl.RaftServerImpl (RaftServerImpl.java:setRole(170)) - 071bdbc1-9e52-4fae-967b-1fa1f5e783d7@group-1C542E4B3B46: changes role from      null to FOLLOWER at term 0 for startAsFollower
2019-10-14 16:45:03,078 [pool-539-thread-1] INFO  impl.RoleInfo (RoleInfo.java:updateAndGet(143)) - 071bdbc1-9e52-4fae-967b-1fa1f5e783d7: start FollowerState
2019-10-14 16:45:03,079 [pool-539-thread-1] INFO  util.JmxRegister (JmxRegister.java:tryRegister(44)) - Successfully registered JMX Bean with object name Ratis:service=RaftServer,group=group-1C542E4B3B46,id=071bdbc1-9e52-4fae-967b-1fa1f5e783d7
2019-10-14 16:45:03,082 [RatisPipelineUtilsThread] INFO  pipeline.PipelineStateManager (PipelineStateManager.java:addPipeline(56)) - Created pipeline Pipeline[ Id: 5c5c6ac9-a7c0-454f-9bc4-1c542e4b3b46, Nodes: 23234339-cf95-4061-a646-5f14882637eb{ip: 192.168.151.105, host: pr-hdds-2196-2-9v7pc-2718207715, networkLocation: /default-rack, certSerialId: null}842ea96e-9318-4418-983b-6ddb7c91a035{ip: 192.168.151.105, host: pr-hdds-2196-2-9v7pc-2718207715, networkLocation: /default-rack, certSerialId: null}071bdbc1-9e52-4fae-967b-1fa1f5e783d7{ip: 192.168.151.105, host: pr-hdds-2196-2-9v7pc-2718207715, networkLocation: /default-rack, certSerialId: null}, Type:RATIS, Factor:THREE, State:OPEN]
2019-10-14 16:45:05,564 [Thread-3582] INFO  container.ReplicationManager (ReplicationManager.java:start(162)) - Starting Replication Monitor Thread.
2019-10-14 16:45:05,575 [ReplicationMonitor] INFO  container.ReplicationManager (ReplicationManager.java:run(225)) - Replication Monitor Thread took 0 milliseconds for processing 1 containers.
2019-10-14 16:45:07,668 [Thread-3584] INFO  impl.FollowerState (FollowerState.java:run(108)) - 83cf07e6-c6c9-4dfc-9b3d-6b26bd32bb9d@group-FE022CCC9F90-FollowerState: change to CANDIDATE, lastRpcTime:5056ms, electionTimeout:5056ms
2019-10-14 16:45:07,669 [Thread-3584] INFO  impl.RoleInfo (RoleInfo.java:shutdownFollowerState(121)) - 83cf07e6-c6c9-4dfc-9b3d-6b26bd32bb9d: shutdown FollowerState
2019-10-14 16:45:07,669 [Thread-3584] INFO  impl.RaftServerImpl (RaftServerImpl.java:setRole(170)) - 83cf07e6-c6c9-4dfc-9b3d-6b26bd32bb9d@group-FE022CCC9F90: changes role from  FOLLOWER to CANDIDATE at term 0 for changeToCandidate
2019-10-14 16:45:07,669 [Thread-3584] INFO  impl.RoleInfo (RoleInfo.java:updateAndGet(143)) - 83cf07e6-c6c9-4dfc-9b3d-6b26bd32bb9d: start LeaderElection
2019-10-14 16:45:07,701 [83cf07e6-c6c9-4dfc-9b3d-6b26bd32bb9d@group-FE022CCC9F90-LeaderElection81] INFO  impl.LeaderElection (LeaderElection.java:askForVotes(178)) - 83cf07e6-c6c9-4dfc-9b3d-6b26bd32bb9d@group-FE022CCC9F90-LeaderElection81: begin an election at term 1 for -1: [83cf07e6-c6c9-4dfc-9b3d-6b26bd32bb9d:192.168.151.105:36174], old=null
2019-10-14 16:45:07,701 [83cf07e6-c6c9-4dfc-9b3d-6b26bd32bb9d@group-FE022CCC9F90-LeaderElection81] INFO  impl.RoleInfo (RoleInfo.java:shutdownLeaderElection(134)) - 83cf07e6-c6c9-4dfc-9b3d-6b26bd32bb9d: shutdown LeaderElection
2019-10-14 16:45:07,701 [83cf07e6-c6c9-4dfc-9b3d-6b26bd32bb9d@group-FE022CCC9F90-LeaderElection81] INFO  impl.RaftServerImpl (RaftServerImpl.java:setRole(170)) - 83cf07e6-c6c9-4dfc-9b3d-6b26bd32bb9d@group-FE022CCC9F90: changes role from CANDIDATE to LEADER at term 1 for changeToLeader
2019-10-14 16:45:07,702 [83cf07e6-c6c9-4dfc-9b3d-6b26bd32bb9d@group-FE022CCC9F90-LeaderElection81] INFO  impl.RaftServerImpl (ServerState.java:setLeader(255)) - 83cf07e6-c6c9-4dfc-9b3d-6b26bd32bb9d@group-FE022CCC9F90: change Leader from null to 83cf07e6-c6c9-4dfc-9b3d-6b26bd32bb9d at term 1 for becomeLeader, leader elected after 5097ms
2019-10-14 16:45:07,702 [83cf07e6-c6c9-4dfc-9b3d-6b26bd32bb9d@group-FE022CCC9F90-LeaderElection81] INFO  server.RaftServerConfigKeys (ConfUtils.java:logGet(43)) - raft.server.staging.catchup.gap = 1000 (default)
2019-10-14 16:45:07,702 [83cf07e6-c6c9-4dfc-9b3d-6b26bd32bb9d@group-FE022CCC9F90-LeaderElection81] INFO  server.RaftServerConfigKeys (ConfUtils.java:logGet(43)) - raft.server.rpc.sleep.time = 25ms (default)
2019-10-14 16:45:07,703 [83cf07e6-c6c9-4dfc-9b3d-6b26bd32bb9d@group-FE022CCC9F90-LeaderElection81] INFO  server.RaftServerConfigKeys (ConfUtils.java:logGet(43)) - raft.server.write.element-limit = 4096 (default)
2019-10-14 16:45:07,703 [83cf07e6-c6c9-4dfc-9b3d-6b26bd32bb9d@group-FE022CCC9F90-LeaderElection81] INFO  server.RaftServerConfigKeys (ConfUtils.java:logGet(43)) - raft.server.watch.timeout = 10s (default)
2019-10-14 16:45:07,703 [83cf07e6-c6c9-4dfc-9b3d-6b26bd32bb9d@group-FE022CCC9F90-LeaderElection81] INFO  server.RaftServerConfigKeys (ConfUtils.java:logGet(43)) - raft.server.watch.timeout.denomination = 1s (default)
2019-10-14 16:45:07,703 [83cf07e6-c6c9-4dfc-9b3d-6b26bd32bb9d@group-FE022CCC9F90-LeaderElection81] INFO  server.RaftServerConfigKeys (ConfUtils.java:logGet(43)) - raft.server.watch.element-limit = 65536 (default)
2019-10-14 16:45:07,709 [83cf07e6-c6c9-4dfc-9b3d-6b26bd32bb9d@group-FE022CCC9F90-LeaderElection81] INFO  impl.RoleInfo (RoleInfo.java:updateAndGet(143)) - 83cf07e6-c6c9-4dfc-9b3d-6b26bd32bb9d: start LeaderState
2019-10-14 16:45:07,710 [83cf07e6-c6c9-4dfc-9b3d-6b26bd32bb9d@group-FE022CCC9F90-LeaderElection81] INFO  segmented.SegmentedRaftLogWorker (SegmentedRaftLogWorker.java:startLogSegment(385)) - 83cf07e6-c6c9-4dfc-9b3d-6b26bd32bb9d@group-FE022CCC9F90-SegmentedRaftLogWorker: Starting segment from index:0
2019-10-14 16:45:07,711 [83cf07e6-c6c9-4dfc-9b3d-6b26bd32bb9d@group-FE022CCC9F90-LeaderElection81] INFO  impl.RaftServerImpl (ServerState.java:setRaftConf(356)) - 83cf07e6-c6c9-4dfc-9b3d-6b26bd32bb9d@group-FE022CCC9F90: set configuration 0: [83cf07e6-c6c9-4dfc-9b3d-6b26bd32bb9d:192.168.151.105:36174], old=null at 0
2019-10-14 16:45:07,742 [83cf07e6-c6c9-4dfc-9b3d-6b26bd32bb9d@group-FE022CCC9F90-SegmentedRaftLogWorker] INFO  segmented.SegmentedRaftLogWorker (SegmentedRaftLogWorker.java:execute(574)) - 83cf07e6-c6c9-4dfc-9b3d-6b26bd32bb9d@group-FE022CCC9F90-SegmentedRaftLogWorker: created new log segment /workdir/hadoop-ozone/integration-test/target/test-dir/MiniOzoneClusterImpl-3bcee4e0-c750-460d-9485-7765d796aaea/datanode-0/data/ratis/8ee75997-10e0-42ea-b81b-fe022ccc9f90/current/log_inprogress_0
2019-10-14 16:45:07,848 [Thread-3598] INFO  impl.FollowerState (FollowerState.java:run(108)) - e86dd251-6f74-4cac-acd7-ff3d16992f0f@group-68B0EF2EA906-FollowerState: change to CANDIDATE, lastRpcTime:5016ms, electionTimeout:5016ms
2019-10-14 16:45:07,848 [Thread-3598] INFO  impl.RoleInfo (RoleInfo.java:shutdownFollowerState(121)) - e86dd251-6f74-4cac-acd7-ff3d16992f0f: shutdown FollowerState
2019-10-14 16:45:07,849 [Thread-3598] INFO  impl.RaftServerImpl (RaftServerImpl.java:setRole(170)) - e86dd251-6f74-4cac-acd7-ff3d16992f0f@group-68B0EF2EA906: changes role from  FOLLOWER to CANDIDATE at term 0 for changeToCandidate
2019-10-14 16:45:07,849 [Thread-3598] INFO  impl.RoleInfo (RoleInfo.java:updateAndGet(143)) - e86dd251-6f74-4cac-acd7-ff3d16992f0f: start LeaderElection
2019-10-14 16:45:07,861 [e86dd251-6f74-4cac-acd7-ff3d16992f0f@group-68B0EF2EA906-LeaderElection82] INFO  impl.LeaderElection (LeaderElection.java:askForVotes(178)) - e86dd251-6f74-4cac-acd7-ff3d16992f0f@group-68B0EF2EA906-LeaderElection82: begin an election at term 1 for -1: [e86dd251-6f74-4cac-acd7-ff3d16992f0f:192.168.151.105:43222, c1399525-796b-484f-a475-1762a8beefc2:192.168.151.105:39655, 83cf07e6-c6c9-4dfc-9b3d-6b26bd32bb9d:192.168.151.105:36174], old=null
2019-10-14 16:45:07,865 [Thread-3587] INFO  impl.FollowerState (FollowerState.java:run(108)) - e86dd251-6f74-4cac-acd7-ff3d16992f0f@group-6F81B90FCF67-FollowerState: change to CANDIDATE, lastRpcTime:5189ms, electionTimeout:5189ms
2019-10-14 16:45:07,865 [Thread-3587] INFO  impl.RoleInfo (RoleInfo.java:shutdownFollowerState(121)) - e86dd251-6f74-4cac-acd7-ff3d16992f0f: shutdown FollowerState
2019-10-14 16:45:07,865 [Thread-3587] INFO  impl.RaftServerImpl (RaftServerImpl.java:setRole(170)) - e86dd251-6f74-4cac-acd7-ff3d16992f0f@group-6F81B90FCF67: changes role from  FOLLOWER to CANDIDATE at term 0 for changeToCandidate
2019-10-14 16:45:07,865 [Thread-3587] INFO  impl.RoleInfo (RoleInfo.java:updateAndGet(143)) - e86dd251-6f74-4cac-acd7-ff3d16992f0f: start LeaderElection
2019-10-14 16:45:07,868 [grpc-default-executor-10] INFO  impl.RaftServerImpl (RaftServerImpl.java:setRole(170)) - 83cf07e6-c6c9-4dfc-9b3d-6b26bd32bb9d@group-68B0EF2EA906: changes role from  FOLLOWER to FOLLOWER at term 1 for recognizeCandidate:e86dd251-6f74-4cac-acd7-ff3d16992f0f
2019-10-14 16:45:07,868 [grpc-default-executor-14] INFO  impl.RaftServerImpl (RaftServerImpl.java:setRole(170)) - c1399525-796b-484f-a475-1762a8beefc2@group-68B0EF2EA906: changes role from  FOLLOWER to FOLLOWER at term 1 for recognizeCandidate:e86dd251-6f74-4cac-acd7-ff3d16992f0f
2019-10-14 16:45:07,877 [grpc-default-executor-10] INFO  impl.RoleInfo (RoleInfo.java:shutdownFollowerState(121)) - 83cf07e6-c6c9-4dfc-9b3d-6b26bd32bb9d: shutdown FollowerState
2019-10-14 16:45:07,878 [grpc-default-executor-14] INFO  impl.RoleInfo (RoleInfo.java:shutdownFollowerState(121)) - c1399525-796b-484f-a475-1762a8beefc2: shutdown FollowerState
2019-10-14 16:45:07,878 [Thread-3593] INFO  impl.FollowerState (FollowerState.java:run(117)) - 83cf07e6-c6c9-4dfc-9b3d-6b26bd32bb9d@group-68B0EF2EA906-FollowerState was interrupted: java.lang.InterruptedException: sleep interrupted
2019-10-14 16:45:07,878 [grpc-default-executor-10] INFO  impl.RoleInfo (RoleInfo.java:updateAndGet(143)) - 83cf07e6-c6c9-4dfc-9b3d-6b26bd32bb9d: start FollowerState
2019-10-14 16:45:07,881 [e86dd251-6f74-4cac-acd7-ff3d16992f0f@group-6F81B90FCF67-LeaderElection83] INFO  impl.LeaderElection (LeaderElection.java:askForVotes(178)) - e86dd251-6f74-4cac-acd7-ff3d16992f0f@group-6F81B90FCF67-LeaderElection83: begin an election at term 1 for -1: [e86dd251-6f74-4cac-acd7-ff3d16992f0f:192.168.151.105:43222], old=null
2019-10-14 16:45:07,878 [grpc-default-executor-14] INFO  impl.RoleInfo (RoleInfo.java:updateAndGet(143)) - c1399525-796b-484f-a475-1762a8beefc2: start FollowerState
2019-10-14 16:45:07,881 [e86dd251-6f74-4cac-acd7-ff3d16992f0f@group-6F81B90FCF67-LeaderElection83] INFO  impl.RoleInfo (RoleInfo.java:shutdownLeaderElection(134)) - e86dd251-6f74-4cac-acd7-ff3d16992f0f: shutdown LeaderElection
2019-10-14 16:45:07,881 [Thread-3597] INFO  impl.FollowerState (FollowerState.java:run(117)) - c1399525-796b-484f-a475-1762a8beefc2@group-68B0EF2EA906-FollowerState was interrupted: java.lang.InterruptedException: sleep interrupted
2019-10-14 16:45:07,881 [e86dd251-6f74-4cac-acd7-ff3d16992f0f@group-6F81B90FCF67-LeaderElection83] INFO  impl.RaftServerImpl (RaftServerImpl.java:setRole(170)) - e86dd251-6f74-4cac-acd7-ff3d16992f0f@group-6F81B90FCF67: changes role from CANDIDATE to LEADER at term 1 for changeToLeader
2019-10-14 16:45:07,884 [e86dd251-6f74-4cac-acd7-ff3d16992f0f@group-6F81B90FCF67-LeaderElection83] INFO  impl.RaftServerImpl (ServerState.java:setLeader(255)) - e86dd251-6f74-4cac-acd7-ff3d16992f0f@group-6F81B90FCF67: change Leader from null to e86dd251-6f74-4cac-acd7-ff3d16992f0f at term 1 for becomeLeader, leader elected after 5215ms
2019-10-14 16:45:07,885 [e86dd251-6f74-4cac-acd7-ff3d16992f0f@group-6F81B90FCF67-LeaderElection83] INFO  server.RaftServerConfigKeys (ConfUtils.java:logGet(43)) - raft.server.staging.catchup.gap = 1000 (default)
2019-10-14 16:45:07,885 [e86dd251-6f74-4cac-acd7-ff3d16992f0f@group-6F81B90FCF67-LeaderElection83] INFO  server.RaftServerConfigKeys (ConfUtils.java:logGet(43)) - raft.server.rpc.sleep.time = 25ms (default)
2019-10-14 16:45:07,885 [e86dd251-6f74-4cac-acd7-ff3d16992f0f@group-6F81B90FCF67-LeaderElection83] INFO  server.RaftServerConfigKeys (ConfUtils.java:logGet(43)) - raft.server.write.element-limit = 4096 (default)
2019-10-14 16:45:07,885 [e86dd251-6f74-4cac-acd7-ff3d16992f0f@group-6F81B90FCF67-LeaderElection83] INFO  server.RaftServerConfigKeys (ConfUtils.java:logGet(43)) - raft.server.watch.timeout = 10s (default)
2019-10-14 16:45:07,885 [e86dd251-6f74-4cac-acd7-ff3d16992f0f@group-6F81B90FCF67-LeaderElection83] INFO  server.RaftServerConfigKeys (ConfUtils.java:logGet(43)) - raft.server.watch.timeout.denomination = 1s (default)
2019-10-14 16:45:07,885 [e86dd251-6f74-4cac-acd7-ff3d16992f0f@group-6F81B90FCF67-LeaderElection83] INFO  server.RaftServerConfigKeys (ConfUtils.java:logGet(43)) - raft.server.watch.element-limit = 65536 (default)
2019-10-14 16:45:07,887 [e86dd251-6f74-4cac-acd7-ff3d16992f0f@group-6F81B90FCF67-LeaderElection83] INFO  impl.RoleInfo (RoleInfo.java:updateAndGet(143)) - e86dd251-6f74-4cac-acd7-ff3d16992f0f: start LeaderState
2019-10-14 16:45:07,887 [e86dd251-6f74-4cac-acd7-ff3d16992f0f@group-6F81B90FCF67-LeaderElection83] INFO  segmented.SegmentedRaftLogWorker (SegmentedRaftLogWorker.java:startLogSegment(385)) - e86dd251-6f74-4cac-acd7-ff3d16992f0f@group-6F81B90FCF67-SegmentedRaftLogWorker: Starting segment from index:0
2019-10-14 16:45:07,888 [e86dd251-6f74-4cac-acd7-ff3d16992f0f@group-6F81B90FCF67-LeaderElection83] INFO  impl.RaftServerImpl (ServerState.java:setRaftConf(356)) - e86dd251-6f74-4cac-acd7-ff3d16992f0f@group-6F81B90FCF67: set configuration 0: [e86dd251-6f74-4cac-acd7-ff3d16992f0f:192.168.151.105:43222], old=null at 0
2019-10-14 16:45:07,889 [e86dd251-6f74-4cac-acd7-ff3d16992f0f@group-68B0EF2EA906-LeaderElection82] INFO  impl.LeaderElection (LeaderElection.java:logAndReturn(56)) - e86dd251-6f74-4cac-acd7-ff3d16992f0f@group-68B0EF2EA906-LeaderElection82: Election PASSED; received 1 response(s) [e86dd251-6f74-4cac-acd7-ff3d16992f0f<-c1399525-796b-484f-a475-1762a8beefc2#0:OK-t1] and 0 exception(s); e86dd251-6f74-4cac-acd7-ff3d16992f0f@group-68B0EF2EA906:t1, leader=null, voted=e86dd251-6f74-4cac-acd7-ff3d16992f0f, raftlog=e86dd251-6f74-4cac-acd7-ff3d16992f0f@group-68B0EF2EA906-SegmentedRaftLog:OPENED:c-1,f-1,i0, conf=-1: [e86dd251-6f74-4cac-acd7-ff3d16992f0f:192.168.151.105:43222, c1399525-796b-484f-a475-1762a8beefc2:192.168.151.105:39655, 83cf07e6-c6c9-4dfc-9b3d-6b26bd32bb9d:192.168.151.105:36174], old=null
2019-10-14 16:45:07,889 [e86dd251-6f74-4cac-acd7-ff3d16992f0f@group-68B0EF2EA906-LeaderElection82] INFO  impl.RoleInfo (RoleInfo.java:shutdownLeaderElection(134)) - e86dd251-6f74-4cac-acd7-ff3d16992f0f: shutdown LeaderElection
2019-10-14 16:45:07,890 [e86dd251-6f74-4cac-acd7-ff3d16992f0f@group-68B0EF2EA906-LeaderElection82] INFO  impl.RaftServerImpl (RaftServerImpl.java:setRole(170)) - e86dd251-6f74-4cac-acd7-ff3d16992f0f@group-68B0EF2EA906: changes role from CANDIDATE to LEADER at term 1 for changeToLeader
2019-10-14 16:45:07,890 [e86dd251-6f74-4cac-acd7-ff3d16992f0f@group-68B0EF2EA906-LeaderElection82] INFO  impl.RaftServerImpl (ServerState.java:setLeader(255)) - e86dd251-6f74-4cac-acd7-ff3d16992f0f@group-68B0EF2EA906: change Leader from null to e86dd251-6f74-4cac-acd7-ff3d16992f0f at term 1 for becomeLeader, leader elected after 5072ms
2019-10-14 16:45:07,890 [e86dd251-6f74-4cac-acd7-ff3d16992f0f@group-68B0EF2EA906-LeaderElection82] INFO  server.RaftServerConfigKeys (ConfUtils.java:logGet(43)) - raft.server.staging.catchup.gap = 1000 (default)
2019-10-14 16:45:07,890 [e86dd251-6f74-4cac-acd7-ff3d16992f0f@group-68B0EF2EA906-LeaderElection82] INFO  server.RaftServerConfigKeys (ConfUtils.java:logGet(43)) - raft.server.rpc.sleep.time = 25ms (default)
2019-10-14 16:45:07,890 [e86dd251-6f74-4cac-acd7-ff3d16992f0f@group-68B0EF2EA906-LeaderElection82] INFO  server.RaftServerConfigKeys (ConfUtils.java:logGet(43)) - raft.server.write.element-limit = 4096 (default)
2019-10-14 16:45:07,890 [e86dd251-6f74-4cac-acd7-ff3d16992f0f@group-68B0EF2EA906-LeaderElection82] INFO  server.RaftServerConfigKeys (ConfUtils.java:logGet(43)) - raft.server.watch.timeout = 10s (default)
2019-10-14 16:45:07,890 [e86dd251-6f74-4cac-acd7-ff3d16992f0f@group-68B0EF2EA906-LeaderElection82] INFO  server.RaftServerConfigKeys (ConfUtils.java:logGet(43)) - raft.server.watch.timeout.denomination = 1s (default)
2019-10-14 16:45:07,890 [e86dd251-6f74-4cac-acd7-ff3d16992f0f@group-68B0EF2EA906-LeaderElection82] INFO  server.RaftServerConfigKeys (ConfUtils.java:logGet(43)) - raft.server.watch.element-limit = 65536 (default)
2019-10-14 16:45:07,892 [e86dd251-6f74-4cac-acd7-ff3d16992f0f@group-68B0EF2EA906-LeaderElection82] INFO  server.RaftServerConfigKeys (ConfUtils.java:logGet(43)) - raft.server.log.appender.snapshot.chunk.size.max = 16MB (=16777216) (default)
2019-10-14 16:45:07,893 [e86dd251-6f74-4cac-acd7-ff3d16992f0f@group-68B0EF2EA906-LeaderElection82] INFO  server.RaftServerConfigKeys (ConfUtils.java:logGet(43)) - raft.server.log.appender.buffer.byte-limit = 33554432 (custom)
2019-10-14 16:45:07,893 [e86dd251-6f74-4cac-acd7-ff3d16992f0f@group-68B0EF2EA906-LeaderElection82] INFO  server.RaftServerConfigKeys (ConfUtils.java:logGet(43)) - raft.server.log.appender.buffer.element-limit = 1 (custom)
2019-10-14 16:45:07,893 [e86dd251-6f74-4cac-acd7-ff3d16992f0f@group-68B0EF2EA906-LeaderElection82] INFO  grpc.GrpcConfigKeys$Server (ConfUtils.java:logGet(43)) - raft.grpc.server.leader.outstanding.appends.max = 128 (default)
2019-10-14 16:45:07,893 [e86dd251-6f74-4cac-acd7-ff3d16992f0f@group-68B0EF2EA906-LeaderElection82] INFO  server.RaftServerConfigKeys (ConfUtils.java:logGet(43)) - raft.server.rpc.request.timeout = 3000ms (default)
2019-10-14 16:45:07,894 [e86dd251-6f74-4cac-acd7-ff3d16992f0f@group-68B0EF2EA906-LeaderElection82] INFO  server.RaftServerConfigKeys (ConfUtils.java:logGet(43)) - raft.server.log.appender.install.snapshot.enabled = false (custom)
2019-10-14 16:45:07,894 [e86dd251-6f74-4cac-acd7-ff3d16992f0f@group-68B0EF2EA906-LeaderElection82] INFO  server.RaftServerConfigKeys (ConfUtils.java:logGet(43)) - raft.server.log.appender.snapshot.chunk.size.max = 16MB (=16777216) (default)
2019-10-14 16:45:07,894 [e86dd251-6f74-4cac-acd7-ff3d16992f0f@group-68B0EF2EA906-LeaderElection82] INFO  server.RaftServerConfigKeys (ConfUtils.java:logGet(43)) - raft.server.log.appender.buffer.byte-limit = 33554432 (custom)
2019-10-14 16:45:07,894 [e86dd251-6f74-4cac-acd7-ff3d16992f0f@group-68B0EF2EA906-LeaderElection82] INFO  server.RaftServerConfigKeys (ConfUtils.java:logGet(43)) - raft.server.log.appender.buffer.element-limit = 1 (custom)
2019-10-14 16:45:07,894 [e86dd251-6f74-4cac-acd7-ff3d16992f0f@group-68B0EF2EA906-LeaderElection82] INFO  grpc.GrpcConfigKeys$Server (ConfUtils.java:logGet(43)) - raft.grpc.server.leader.outstanding.appends.max = 128 (default)
2019-10-14 16:45:07,894 [e86dd251-6f74-4cac-acd7-ff3d16992f0f@group-68B0EF2EA906-LeaderElection82] INFO  server.RaftServerConfigKeys (ConfUtils.java:logGet(43)) - raft.server.rpc.request.timeout = 3000ms (default)
2019-10-14 16:45:07,895 [e86dd251-6f74-4cac-acd7-ff3d16992f0f@group-68B0EF2EA906-LeaderElection82] INFO  server.RaftServerConfigKeys (ConfUtils.java:logGet(43)) - raft.server.log.appender.install.snapshot.enabled = false (custom)
2019-10-14 16:45:07,895 [e86dd251-6f74-4cac-acd7-ff3d16992f0f@group-68B0EF2EA906-LeaderElection82] INFO  impl.RoleInfo (RoleInfo.java:updateAndGet(143)) - e86dd251-6f74-4cac-acd7-ff3d16992f0f: start LeaderState
2019-10-14 16:45:07,895 [e86dd251-6f74-4cac-acd7-ff3d16992f0f@group-68B0EF2EA906-LeaderElection82] INFO  segmented.SegmentedRaftLogWorker (SegmentedRaftLogWorker.java:startLogSegment(385)) - e86dd251-6f74-4cac-acd7-ff3d16992f0f@group-68B0EF2EA906-SegmentedRaftLogWorker: Starting segment from index:0
2019-10-14 16:45:07,896 [e86dd251-6f74-4cac-acd7-ff3d16992f0f@group-68B0EF2EA906-LeaderElection82] INFO  impl.RaftServerImpl (ServerState.java:setRaftConf(356)) - e86dd251-6f74-4cac-acd7-ff3d16992f0f@group-68B0EF2EA906: set configuration 0: [e86dd251-6f74-4cac-acd7-ff3d16992f0f:192.168.151.105:43222, c1399525-796b-484f-a475-1762a8beefc2:192.168.151.105:39655, 83cf07e6-c6c9-4dfc-9b3d-6b26bd32bb9d:192.168.151.105:36174], old=null at 0
2019-10-14 16:45:07,935 [Thread-3590] INFO  impl.FollowerState (FollowerState.java:run(108)) - c1399525-796b-484f-a475-1762a8beefc2@group-3C7093EBA833-FollowerState: change to CANDIDATE, lastRpcTime:5193ms, electionTimeout:5193ms
2019-10-14 16:45:07,938 [Thread-3590] INFO  impl.RoleInfo (RoleInfo.java:shutdownFollowerState(121)) - c1399525-796b-484f-a475-1762a8beefc2: shutdown FollowerState
2019-10-14 16:45:07,938 [Thread-3590] INFO  impl.RaftServerImpl (RaftServerImpl.java:setRole(170)) - c1399525-796b-484f-a475-1762a8beefc2@group-3C7093EBA833: changes role from  FOLLOWER to CANDIDATE at term 0 for changeToCandidate
2019-10-14 16:45:07,938 [Thread-3590] INFO  impl.RoleInfo (RoleInfo.java:updateAndGet(143)) - c1399525-796b-484f-a475-1762a8beefc2: start LeaderElection
2019-10-14 16:45:07,941 [e86dd251-6f74-4cac-acd7-ff3d16992f0f@group-68B0EF2EA906-SegmentedRaftLogWorker] INFO  segmented.SegmentedRaftLogWorker (SegmentedRaftLogWorker.java:execute(574)) - e86dd251-6f74-4cac-acd7-ff3d16992f0f@group-68B0EF2EA906-SegmentedRaftLogWorker: created new log segment /workdir/hadoop-ozone/integration-test/target/test-dir/MiniOzoneClusterImpl-3bcee4e0-c750-460d-9485-7765d796aaea/datanode-1/data/ratis/a6adac5e-fc75-4859-8800-68b0ef2ea906/current/log_inprogress_0
2019-10-14 16:45:07,946 [e86dd251-6f74-4cac-acd7-ff3d16992f0f@group-6F81B90FCF67-SegmentedRaftLogWorker] INFO  segmented.SegmentedRaftLogWorker (SegmentedRaftLogWorker.java:execute(574)) - e86dd251-6f74-4cac-acd7-ff3d16992f0f@group-6F81B90FCF67-SegmentedRaftLogWorker: created new log segment /workdir/hadoop-ozone/integration-test/target/test-dir/MiniOzoneClusterImpl-3bcee4e0-c750-460d-9485-7765d796aaea/datanode-1/data/ratis/9c0efbc6-cc92-4605-9633-6f81b90fcf67/current/log_inprogress_0
2019-10-14 16:45:07,949 [grpc-default-executor-14] INFO  impl.RaftServerImpl (ServerState.java:setLeader(255)) - 83cf07e6-c6c9-4dfc-9b3d-6b26bd32bb9d@group-68B0EF2EA906: change Leader from null to e86dd251-6f74-4cac-acd7-ff3d16992f0f at term 1 for appendEntries, leader elected after 5132ms
2019-10-14 16:45:07,949 [grpc-default-executor-10] INFO  impl.RaftServerImpl (ServerState.java:setLeader(255)) - c1399525-796b-484f-a475-1762a8beefc2@group-68B0EF2EA906: change Leader from null to e86dd251-6f74-4cac-acd7-ff3d16992f0f at term 1 for appendEntries, leader elected after 5131ms
2019-10-14 16:45:07,952 [grpc-default-executor-14] INFO  impl.RaftServerImpl (ServerState.java:setRaftConf(356)) - 83cf07e6-c6c9-4dfc-9b3d-6b26bd32bb9d@group-68B0EF2EA906: set configuration 0: [e86dd251-6f74-4cac-acd7-ff3d16992f0f:192.168.151.105:43222, c1399525-796b-484f-a475-1762a8beefc2:192.168.151.105:39655, 83cf07e6-c6c9-4dfc-9b3d-6b26bd32bb9d:192.168.151.105:36174], old=null at 0
2019-10-14 16:45:07,952 [grpc-default-executor-10] INFO  impl.RaftServerImpl (ServerState.java:setRaftConf(356)) - c1399525-796b-484f-a475-1762a8beefc2@group-68B0EF2EA906: set configuration 0: [e86dd251-6f74-4cac-acd7-ff3d16992f0f:192.168.151.105:43222, c1399525-796b-484f-a475-1762a8beefc2:192.168.151.105:39655, 83cf07e6-c6c9-4dfc-9b3d-6b26bd32bb9d:192.168.151.105:36174], old=null at 0
2019-10-14 16:45:07,952 [grpc-default-executor-14] INFO  segmented.SegmentedRaftLogWorker (SegmentedRaftLogWorker.java:startLogSegment(385)) - 83cf07e6-c6c9-4dfc-9b3d-6b26bd32bb9d@group-68B0EF2EA906-SegmentedRaftLogWorker: Starting segment from index:0
2019-10-14 16:45:07,953 [c1399525-796b-484f-a475-1762a8beefc2@group-3C7093EBA833-LeaderElection84] INFO  impl.LeaderElection (LeaderElection.java:askForVotes(178)) - c1399525-796b-484f-a475-1762a8beefc2@group-3C7093EBA833-LeaderElection84: begin an election at term 1 for -1: [c1399525-796b-484f-a475-1762a8beefc2:192.168.151.105:39655], old=null
2019-10-14 16:45:07,953 [grpc-default-executor-10] INFO  segmented.SegmentedRaftLogWorker (SegmentedRaftLogWorker.java:startLogSegment(385)) - c1399525-796b-484f-a475-1762a8beefc2@group-68B0EF2EA906-SegmentedRaftLogWorker: Starting segment from index:0
2019-10-14 16:45:07,953 [c1399525-796b-484f-a475-1762a8beefc2@group-3C7093EBA833-LeaderElection84] INFO  impl.RoleInfo (RoleInfo.java:shutdownLeaderElection(134)) - c1399525-796b-484f-a475-1762a8beefc2: shutdown LeaderElection
2019-10-14 16:45:07,953 [c1399525-796b-484f-a475-1762a8beefc2@group-3C7093EBA833-LeaderElection84] INFO  impl.RaftServerImpl (RaftServerImpl.java:setRole(170)) - c1399525-796b-484f-a475-1762a8beefc2@group-3C7093EBA833: changes role from CANDIDATE to LEADER at term 1 for changeToLeader
2019-10-14 16:45:07,953 [c1399525-796b-484f-a475-1762a8beefc2@group-3C7093EBA833-LeaderElection84] INFO  impl.RaftServerImpl (ServerState.java:setLeader(255)) - c1399525-796b-484f-a475-1762a8beefc2@group-3C7093EBA833: change Leader from null to c1399525-796b-484f-a475-1762a8beefc2 at term 1 for becomeLeader, leader elected after 5218ms
2019-10-14 16:45:07,953 [c1399525-796b-484f-a475-1762a8beefc2@group-3C7093EBA833-LeaderElection84] INFO  server.RaftServerConfigKeys (ConfUtils.java:logGet(43)) - raft.server.staging.catchup.gap = 1000 (default)
2019-10-14 16:45:07,954 [c1399525-796b-484f-a475-1762a8beefc2@group-3C7093EBA833-LeaderElection84] INFO  server.RaftServerConfigKeys (ConfUtils.java:logGet(43)) - raft.server.rpc.sleep.time = 25ms (default)
2019-10-14 16:45:07,954 [c1399525-796b-484f-a475-1762a8beefc2@group-3C7093EBA833-LeaderElection84] INFO  server.RaftServerConfigKeys (ConfUtils.java:logGet(43)) - raft.server.write.element-limit = 4096 (default)
2019-10-14 16:45:07,954 [c1399525-796b-484f-a475-1762a8beefc2@group-3C7093EBA833-LeaderElection84] INFO  server.RaftServerConfigKeys (ConfUtils.java:logGet(43)) - raft.server.watch.timeout = 10s (default)
2019-10-14 16:45:07,954 [c1399525-796b-484f-a475-1762a8beefc2@group-3C7093EBA833-LeaderElection84] INFO  server.RaftServerConfigKeys (ConfUtils.java:logGet(43)) - raft.server.watch.timeout.denomination = 1s (default)
2019-10-14 16:45:07,954 [c1399525-796b-484f-a475-1762a8beefc2@group-3C7093EBA833-LeaderElection84] INFO  server.RaftServerConfigKeys (ConfUtils.java:logGet(43)) - raft.server.watch.element-limit = 65536 (default)
2019-10-14 16:45:07,955 [c1399525-796b-484f-a475-1762a8beefc2@group-3C7093EBA833-LeaderElection84] INFO  impl.RoleInfo (RoleInfo.java:updateAndGet(143)) - c1399525-796b-484f-a475-1762a8beefc2: start LeaderState
2019-10-14 16:45:07,956 [c1399525-796b-484f-a475-1762a8beefc2@group-3C7093EBA833-LeaderElection84] INFO  segmented.SegmentedRaftLogWorker (SegmentedRaftLogWorker.java:startLogSegment(385)) - c1399525-796b-484f-a475-1762a8beefc2@group-3C7093EBA833-SegmentedRaftLogWorker: Starting segment from index:0
2019-10-14 16:45:07,956 [c1399525-796b-484f-a475-1762a8beefc2@group-3C7093EBA833-LeaderElection84] INFO  impl.RaftServerImpl (ServerState.java:setRaftConf(356)) - c1399525-796b-484f-a475-1762a8beefc2@group-3C7093EBA833: set configuration 0: [c1399525-796b-484f-a475-1762a8beefc2:192.168.151.105:39655], old=null at 0
2019-10-14 16:45:07,986 [83cf07e6-c6c9-4dfc-9b3d-6b26bd32bb9d@group-68B0EF2EA906-SegmentedRaftLogWorker] INFO  segmented.SegmentedRaftLogWorker (SegmentedRaftLogWorker.java:execute(574)) - 83cf07e6-c6c9-4dfc-9b3d-6b26bd32bb9d@group-68B0EF2EA906-SegmentedRaftLogWorker: created new log segment /workdir/hadoop-ozone/integration-test/target/test-dir/MiniOzoneClusterImpl-3bcee4e0-c750-460d-9485-7765d796aaea/datanode-0/data/ratis/a6adac5e-fc75-4859-8800-68b0ef2ea906/current/log_inprogress_0
2019-10-14 16:45:08,002 [c1399525-796b-484f-a475-1762a8beefc2@group-3C7093EBA833-SegmentedRaftLogWorker] INFO  segmented.SegmentedRaftLogWorker (SegmentedRaftLogWorker.java:execute(574)) - c1399525-796b-484f-a475-1762a8beefc2@group-3C7093EBA833-SegmentedRaftLogWorker: created new log segment /workdir/hadoop-ozone/integration-test/target/test-dir/MiniOzoneClusterImpl-3bcee4e0-c750-460d-9485-7765d796aaea/datanode-2/data/ratis/4e71cf57-e94b-49ff-a0f4-3c7093eba833/current/log_inprogress_0
2019-10-14 16:45:08,002 [c1399525-796b-484f-a475-1762a8beefc2@group-68B0EF2EA906-SegmentedRaftLogWorker] INFO  segmented.SegmentedRaftLogWorker (SegmentedRaftLogWorker.java:execute(574)) - c1399525-796b-484f-a475-1762a8beefc2@group-68B0EF2EA906-SegmentedRaftLogWorker: created new log segment /workdir/hadoop-ozone/integration-test/target/test-dir/MiniOzoneClusterImpl-3bcee4e0-c750-460d-9485-7765d796aaea/datanode-2/data/ratis/a6adac5e-fc75-4859-8800-68b0ef2ea906/current/log_inprogress_0
2019-10-14 16:45:08,013 [Thread-3602] INFO  impl.FollowerState (FollowerState.java:run(108)) - 23234339-cf95-4061-a646-5f14882637eb@group-0F583E6A9D9C-FollowerState: change to CANDIDATE, lastRpcTime:5122ms, electionTimeout:5122ms
2019-10-14 16:45:08,013 [Thread-3602] INFO  impl.RoleInfo (RoleInfo.java:shutdownFollowerState(121)) - 23234339-cf95-4061-a646-5f14882637eb: shutdown FollowerState
2019-10-14 16:45:08,014 [Thread-3602] INFO  impl.RaftServerImpl (RaftServerImpl.java:setRole(170)) - 23234339-cf95-4061-a646-5f14882637eb@group-0F583E6A9D9C: changes role from  FOLLOWER to CANDIDATE at term 0 for changeToCandidate
2019-10-14 16:45:08,014 [Thread-3602] INFO  impl.RoleInfo (RoleInfo.java:updateAndGet(143)) - 23234339-cf95-4061-a646-5f14882637eb: start LeaderElection
2019-10-14 16:45:08,041 [23234339-cf95-4061-a646-5f14882637eb@group-0F583E6A9D9C-LeaderElection85] INFO  impl.LeaderElection (LeaderElection.java:askForVotes(178)) - 23234339-cf95-4061-a646-5f14882637eb@group-0F583E6A9D9C-LeaderElection85: begin an election at term 1 for -1: [23234339-cf95-4061-a646-5f14882637eb:192.168.151.105:38471], old=null
2019-10-14 16:45:08,041 [23234339-cf95-4061-a646-5f14882637eb@group-0F583E6A9D9C-LeaderElection85] INFO  impl.RoleInfo (RoleInfo.java:shutdownLeaderElection(134)) - 23234339-cf95-4061-a646-5f14882637eb: shutdown LeaderElection
2019-10-14 16:45:08,041 [23234339-cf95-4061-a646-5f14882637eb@group-0F583E6A9D9C-LeaderElection85] INFO  impl.RaftServerImpl (RaftServerImpl.java:setRole(170)) - 23234339-cf95-4061-a646-5f14882637eb@group-0F583E6A9D9C: changes role from CANDIDATE to LEADER at term 1 for changeToLeader
2019-10-14 16:45:08,041 [23234339-cf95-4061-a646-5f14882637eb@group-0F583E6A9D9C-LeaderElection85] INFO  impl.RaftServerImpl (ServerState.java:setLeader(255)) - 23234339-cf95-4061-a646-5f14882637eb@group-0F583E6A9D9C: change Leader from null to 23234339-cf95-4061-a646-5f14882637eb at term 1 for becomeLeader, leader elected after 5157ms
2019-10-14 16:45:08,042 [23234339-cf95-4061-a646-5f14882637eb@group-0F583E6A9D9C-LeaderElection85] INFO  server.RaftServerConfigKeys (ConfUtils.java:logGet(43)) - raft.server.staging.catchup.gap = 1000 (default)
2019-10-14 16:45:08,042 [23234339-cf95-4061-a646-5f14882637eb@group-0F583E6A9D9C-LeaderElection85] INFO  server.RaftServerConfigKeys (ConfUtils.java:logGet(43)) - raft.server.rpc.sleep.time = 25ms (default)
2019-10-14 16:45:08,042 [23234339-cf95-4061-a646-5f14882637eb@group-0F583E6A9D9C-LeaderElection85] INFO  server.RaftServerConfigKeys (ConfUtils.java:logGet(43)) - raft.server.write.element-limit = 4096 (default)
2019-10-14 16:45:08,042 [23234339-cf95-4061-a646-5f14882637eb@group-0F583E6A9D9C-LeaderElection85] INFO  server.RaftServerConfigKeys (ConfUtils.java:logGet(43)) - raft.server.watch.timeout = 10s (default)
2019-10-14 16:45:08,042 [23234339-cf95-4061-a646-5f14882637eb@group-0F583E6A9D9C-LeaderElection85] INFO  server.RaftServerConfigKeys (ConfUtils.java:logGet(43)) - raft.server.watch.timeout.denomination = 1s (default)
2019-10-14 16:45:08,042 [23234339-cf95-4061-a646-5f14882637eb@group-0F583E6A9D9C-LeaderElection85] INFO  server.RaftServerConfigKeys (ConfUtils.java:logGet(43)) - raft.server.watch.element-limit = 65536 (default)
2019-10-14 16:45:08,043 [23234339-cf95-4061-a646-5f14882637eb@group-0F583E6A9D9C-LeaderElection85] INFO  impl.RoleInfo (RoleInfo.java:updateAndGet(143)) - 23234339-cf95-4061-a646-5f14882637eb: start LeaderState
2019-10-14 16:45:08,043 [Thread-3605] INFO  impl.FollowerState (FollowerState.java:run(108)) - 071bdbc1-9e52-4fae-967b-1fa1f5e783d7@group-A6C9BB36D5A8-FollowerState: change to CANDIDATE, lastRpcTime:5109ms, electionTimeout:5109ms
2019-10-14 16:45:08,044 [Thread-3605] INFO  impl.RoleInfo (RoleInfo.java:shutdownFollowerState(121)) - 071bdbc1-9e52-4fae-967b-1fa1f5e783d7: shutdown FollowerState
2019-10-14 16:45:08,044 [Thread-3605] INFO  impl.RaftServerImpl (RaftServerImpl.java:setRole(170)) - 071bdbc1-9e52-4fae-967b-1fa1f5e783d7@group-A6C9BB36D5A8: changes role from  FOLLOWER to CANDIDATE at term 0 for changeToCandidate
2019-10-14 16:45:08,044 [23234339-cf95-4061-a646-5f14882637eb@group-0F583E6A9D9C-LeaderElection85] INFO  segmented.SegmentedRaftLogWorker (SegmentedRaftLogWorker.java:startLogSegment(385)) - 23234339-cf95-4061-a646-5f14882637eb@group-0F583E6A9D9C-SegmentedRaftLogWorker: Starting segment from index:0
2019-10-14 16:45:08,044 [Thread-3605] INFO  impl.RoleInfo (RoleInfo.java:updateAndGet(143)) - 071bdbc1-9e52-4fae-967b-1fa1f5e783d7: start LeaderElection
2019-10-14 16:45:08,048 [23234339-cf95-4061-a646-5f14882637eb@group-0F583E6A9D9C-LeaderElection85] INFO  impl.RaftServerImpl (ServerState.java:setRaftConf(356)) - 23234339-cf95-4061-a646-5f14882637eb@group-0F583E6A9D9C: set configuration 0: [23234339-cf95-4061-a646-5f14882637eb:192.168.151.105:38471], old=null at 0
2019-10-14 16:45:08,067 [071bdbc1-9e52-4fae-967b-1fa1f5e783d7@group-A6C9BB36D5A8-LeaderElection86] INFO  impl.LeaderElection (LeaderElection.java:askForVotes(178)) - 071bdbc1-9e52-4fae-967b-1fa1f5e783d7@group-A6C9BB36D5A8-LeaderElection86: begin an election at term 1 for -1: [071bdbc1-9e52-4fae-967b-1fa1f5e783d7:192.168.151.105:43451], old=null
2019-10-14 16:45:08,068 [071bdbc1-9e52-4fae-967b-1fa1f5e783d7@group-A6C9BB36D5A8-LeaderElection86] INFO  impl.RoleInfo (RoleInfo.java:shutdownLeaderElection(134)) - 071bdbc1-9e52-4fae-967b-1fa1f5e783d7: shutdown LeaderElection
2019-10-14 16:45:08,068 [071bdbc1-9e52-4fae-967b-1fa1f5e783d7@group-A6C9BB36D5A8-LeaderElection86] INFO  impl.RaftServerImpl (RaftServerImpl.java:setRole(170)) - 071bdbc1-9e52-4fae-967b-1fa1f5e783d7@group-A6C9BB36D5A8: changes role from CANDIDATE to LEADER at term 1 for changeToLeader
2019-10-14 16:45:08,068 [071bdbc1-9e52-4fae-967b-1fa1f5e783d7@group-A6C9BB36D5A8-LeaderElection86] INFO  impl.RaftServerImpl (ServerState.java:setLeader(255)) - 071bdbc1-9e52-4fae-967b-1fa1f5e783d7@group-A6C9BB36D5A8: change Leader from null to 071bdbc1-9e52-4fae-967b-1fa1f5e783d7 at term 1 for becomeLeader, leader elected after 5140ms
2019-10-14 16:45:08,068 [071bdbc1-9e52-4fae-967b-1fa1f5e783d7@group-A6C9BB36D5A8-LeaderElection86] INFO  server.RaftServerConfigKeys (ConfUtils.java:logGet(43)) - raft.server.staging.catchup.gap = 1000 (default)
2019-10-14 16:45:08,068 [071bdbc1-9e52-4fae-967b-1fa1f5e783d7@group-A6C9BB36D5A8-LeaderElection86] INFO  server.RaftServerConfigKeys (ConfUtils.java:logGet(43)) - raft.server.rpc.sleep.time = 25ms (default)
2019-10-14 16:45:08,068 [071bdbc1-9e52-4fae-967b-1fa1f5e783d7@group-A6C9BB36D5A8-LeaderElection86] INFO  server.RaftServerConfigKeys (ConfUtils.java:logGet(43)) - raft.server.write.element-limit = 4096 (default)
2019-10-14 16:45:08,069 [071bdbc1-9e52-4fae-967b-1fa1f5e783d7@group-A6C9BB36D5A8-LeaderElection86] INFO  server.RaftServerConfigKeys (ConfUtils.java:logGet(43)) - raft.server.watch.timeout = 10s (default)
2019-10-14 16:45:08,069 [071bdbc1-9e52-4fae-967b-1fa1f5e783d7@group-A6C9BB36D5A8-LeaderElection86] INFO  server.RaftServerConfigKeys (ConfUtils.java:logGet(43)) - raft.server.watch.timeout.denomination = 1s (default)
2019-10-14 16:45:08,069 [071bdbc1-9e52-4fae-967b-1fa1f5e783d7@group-A6C9BB36D5A8-LeaderElection86] INFO  server.RaftServerConfigKeys (ConfUtils.java:logGet(43)) - raft.server.watch.element-limit = 65536 (default)
2019-10-14 16:45:08,071 [071bdbc1-9e52-4fae-967b-1fa1f5e783d7@group-A6C9BB36D5A8-LeaderElection86] INFO  impl.RoleInfo (RoleInfo.java:updateAndGet(143)) - 071bdbc1-9e52-4fae-967b-1fa1f5e783d7: start LeaderState
2019-10-14 16:45:08,071 [071bdbc1-9e52-4fae-967b-1fa1f5e783d7@group-A6C9BB36D5A8-LeaderElection86] INFO  segmented.SegmentedRaftLogWorker (SegmentedRaftLogWorker.java:startLogSegment(385)) - 071bdbc1-9e52-4fae-967b-1fa1f5e783d7@group-A6C9BB36D5A8-SegmentedRaftLogWorker: Starting segment from index:0
2019-10-14 16:45:08,072 [071bdbc1-9e52-4fae-967b-1fa1f5e783d7@group-A6C9BB36D5A8-LeaderElection86] INFO  impl.RaftServerImpl (ServerState.java:setRaftConf(356)) - 071bdbc1-9e52-4fae-967b-1fa1f5e783d7@group-A6C9BB36D5A8: set configuration 0: [071bdbc1-9e52-4fae-967b-1fa1f5e783d7:192.168.151.105:43451], old=null at 0
2019-10-14 16:45:08,083 [Thread-3617] INFO  impl.FollowerState (FollowerState.java:run(108)) - 071bdbc1-9e52-4fae-967b-1fa1f5e783d7@group-1C542E4B3B46-FollowerState: change to CANDIDATE, lastRpcTime:5004ms, electionTimeout:5004ms
2019-10-14 16:45:08,083 [Thread-3617] INFO  impl.RoleInfo (RoleInfo.java:shutdownFollowerState(121)) - 071bdbc1-9e52-4fae-967b-1fa1f5e783d7: shutdown FollowerState
2019-10-14 16:45:08,083 [Thread-3617] INFO  impl.RaftServerImpl (RaftServerImpl.java:setRole(170)) - 071bdbc1-9e52-4fae-967b-1fa1f5e783d7@group-1C542E4B3B46: changes role from  FOLLOWER to CANDIDATE at term 0 for changeToCandidate
2019-10-14 16:45:08,084 [Thread-3617] INFO  impl.RoleInfo (RoleInfo.java:updateAndGet(143)) - 071bdbc1-9e52-4fae-967b-1fa1f5e783d7: start LeaderElection
2019-10-14 16:45:08,106 [Thread-3616] INFO  impl.FollowerState (FollowerState.java:run(108)) - 23234339-cf95-4061-a646-5f14882637eb@group-1C542E4B3B46-FollowerState: change to CANDIDATE, lastRpcTime:5030ms, electionTimeout:5024ms
2019-10-14 16:45:08,106 [23234339-cf95-4061-a646-5f14882637eb@group-0F583E6A9D9C-SegmentedRaftLogWorker] INFO  segmented.SegmentedRaftLogWorker (SegmentedRaftLogWorker.java:execute(574)) - 23234339-cf95-4061-a646-5f14882637eb@group-0F583E6A9D9C-SegmentedRaftLogWorker: created new log segment /workdir/hadoop-ozone/integration-test/target/test-dir/MiniOzoneClusterImpl-3bcee4e0-c750-460d-9485-7765d796aaea/datanode-3/data/ratis/397d9722-dd85-4e8c-a4ed-0f583e6a9d9c/current/log_inprogress_0
2019-10-14 16:45:08,106 [Thread-3616] INFO  impl.RoleInfo (RoleInfo.java:shutdownFollowerState(121)) - 23234339-cf95-4061-a646-5f14882637eb: shutdown FollowerState
2019-10-14 16:45:08,109 [071bdbc1-9e52-4fae-967b-1fa1f5e783d7@group-A6C9BB36D5A8-SegmentedRaftLogWorker] INFO  segmented.SegmentedRaftLogWorker (SegmentedRaftLogWorker.java:execute(574)) - 071bdbc1-9e52-4fae-967b-1fa1f5e783d7@group-A6C9BB36D5A8-SegmentedRaftLogWorker: created new log segment /workdir/hadoop-ozone/integration-test/target/test-dir/MiniOzoneClusterImpl-3bcee4e0-c750-460d-9485-7765d796aaea/datanode-4/data/ratis/f44651a7-04e8-43a7-a06e-a6c9bb36d5a8/current/log_inprogress_0
2019-10-14 16:45:08,109 [Thread-3616] INFO  impl.RaftServerImpl (RaftServerImpl.java:setRole(170)) - 23234339-cf95-4061-a646-5f14882637eb@group-1C542E4B3B46: changes role from  FOLLOWER to CANDIDATE at term 0 for changeToCandidate
2019-10-14 16:45:08,110 [Thread-3616] INFO  impl.RoleInfo (RoleInfo.java:updateAndGet(143)) - 23234339-cf95-4061-a646-5f14882637eb: start LeaderElection
2019-10-14 16:45:08,116 [071bdbc1-9e52-4fae-967b-1fa1f5e783d7@group-1C542E4B3B46-LeaderElection87] INFO  impl.LeaderElection (LeaderElection.java:askForVotes(178)) - 071bdbc1-9e52-4fae-967b-1fa1f5e783d7@group-1C542E4B3B46-LeaderElection87: begin an election at term 1 for -1: [842ea96e-9318-4418-983b-6ddb7c91a035:192.168.151.105:39174, 071bdbc1-9e52-4fae-967b-1fa1f5e783d7:192.168.151.105:43451, 23234339-cf95-4061-a646-5f14882637eb:192.168.151.105:38471], old=null
2019-10-14 16:45:08,119 [23234339-cf95-4061-a646-5f14882637eb@group-1C542E4B3B46-LeaderElection88] INFO  impl.LeaderElection (LeaderElection.java:askForVotes(178)) - 23234339-cf95-4061-a646-5f14882637eb@group-1C542E4B3B46-LeaderElection88: begin an election at term 1 for -1: [842ea96e-9318-4418-983b-6ddb7c91a035:192.168.151.105:39174, 071bdbc1-9e52-4fae-967b-1fa1f5e783d7:192.168.151.105:43451, 23234339-cf95-4061-a646-5f14882637eb:192.168.151.105:38471], old=null
2019-10-14 16:45:08,120 [grpc-default-executor-10] INFO  impl.RaftServerImpl (RaftServerImpl.java:setRole(170)) - 842ea96e-9318-4418-983b-6ddb7c91a035@group-1C542E4B3B46: changes role from  FOLLOWER to FOLLOWER at term 1 for recognizeCandidate:071bdbc1-9e52-4fae-967b-1fa1f5e783d7
2019-10-14 16:45:08,120 [grpc-default-executor-10] INFO  impl.RoleInfo (RoleInfo.java:shutdownFollowerState(121)) - 842ea96e-9318-4418-983b-6ddb7c91a035: shutdown FollowerState
2019-10-14 16:45:08,120 [grpc-default-executor-10] INFO  impl.RoleInfo (RoleInfo.java:updateAndGet(143)) - 842ea96e-9318-4418-983b-6ddb7c91a035: start FollowerState
2019-10-14 16:45:08,120 [Thread-3614] INFO  impl.FollowerState (FollowerState.java:run(117)) - 842ea96e-9318-4418-983b-6ddb7c91a035@group-1C542E4B3B46-FollowerState was interrupted: java.lang.InterruptedException: sleep interrupted
2019-10-14 16:45:08,123 [Thread-3608] INFO  impl.FollowerState (FollowerState.java:run(108)) - 842ea96e-9318-4418-983b-6ddb7c91a035@group-BB6B33459131-FollowerState: change to CANDIDATE, lastRpcTime:5144ms, electionTimeout:5141ms
2019-10-14 16:45:08,123 [Thread-3608] INFO  impl.RoleInfo (RoleInfo.java:shutdownFollowerState(121)) - 842ea96e-9318-4418-983b-6ddb7c91a035: shutdown FollowerState
2019-10-14 16:45:08,124 [Thread-3608] INFO  impl.RaftServerImpl (RaftServerImpl.java:setRole(170)) - 842ea96e-9318-4418-983b-6ddb7c91a035@group-BB6B33459131: changes role from  FOLLOWER to CANDIDATE at term 0 for changeToCandidate
2019-10-14 16:45:08,124 [Thread-3608] INFO  impl.RoleInfo (RoleInfo.java:updateAndGet(143)) - 842ea96e-9318-4418-983b-6ddb7c91a035: start LeaderElection
2019-10-14 16:45:08,131 [071bdbc1-9e52-4fae-967b-1fa1f5e783d7@group-1C542E4B3B46-LeaderElection87] INFO  impl.LeaderElection (LeaderElection.java:logAndReturn(56)) - 071bdbc1-9e52-4fae-967b-1fa1f5e783d7@group-1C542E4B3B46-LeaderElection87: Election PASSED; received 2 response(s) [071bdbc1-9e52-4fae-967b-1fa1f5e783d7<-842ea96e-9318-4418-983b-6ddb7c91a035#0:OK-t1, 071bdbc1-9e52-4fae-967b-1fa1f5e783d7<-23234339-cf95-4061-a646-5f14882637eb#0:FAIL-t1] and 0 exception(s); 071bdbc1-9e52-4fae-967b-1fa1f5e783d7@group-1C542E4B3B46:t1, leader=null, voted=071bdbc1-9e52-4fae-967b-1fa1f5e783d7, raftlog=071bdbc1-9e52-4fae-967b-1fa1f5e783d7@group-1C542E4B3B46-SegmentedRaftLog:OPENED:c-1,f-1,i0, conf=-1: [842ea96e-9318-4418-983b-6ddb7c91a035:192.168.151.105:39174, 071bdbc1-9e52-4fae-967b-1fa1f5e783d7:192.168.151.105:43451, 23234339-cf95-4061-a646-5f14882637eb:192.168.151.105:38471], old=null
2019-10-14 16:45:08,131 [23234339-cf95-4061-a646-5f14882637eb@group-1C542E4B3B46-LeaderElection88] INFO  impl.LeaderElection (LeaderElection.java:logAndReturn(56)) - 23234339-cf95-4061-a646-5f14882637eb@group-1C542E4B3B46-LeaderElection88: Election REJECTED; received 2 response(s) [23234339-cf95-4061-a646-5f14882637eb<-842ea96e-9318-4418-983b-6ddb7c91a035#0:FAIL-t1, 23234339-cf95-4061-a646-5f14882637eb<-071bdbc1-9e52-4fae-967b-1fa1f5e783d7#0:FAIL-t1] and 0 exception(s); 23234339-cf95-4061-a646-5f14882637eb@group-1C542E4B3B46:t1, leader=null, voted=23234339-cf95-4061-a646-5f14882637eb, raftlog=23234339-cf95-4061-a646-5f14882637eb@group-1C542E4B3B46-SegmentedRaftLog:OPENED:c-1,f-1,i0, conf=-1: [842ea96e-9318-4418-983b-6ddb7c91a035:192.168.151.105:39174, 071bdbc1-9e52-4fae-967b-1fa1f5e783d7:192.168.151.105:43451, 23234339-cf95-4061-a646-5f14882637eb:192.168.151.105:38471], old=null
2019-10-14 16:45:08,131 [071bdbc1-9e52-4fae-967b-1fa1f5e783d7@group-1C542E4B3B46-LeaderElection87] INFO  impl.RoleInfo (RoleInfo.java:shutdownLeaderElection(134)) - 071bdbc1-9e52-4fae-967b-1fa1f5e783d7: shutdown LeaderElection
2019-10-14 16:45:08,133 [23234339-cf95-4061-a646-5f14882637eb@group-1C542E4B3B46-LeaderElection88] INFO  impl.RaftServerImpl (RaftServerImpl.java:setRole(170)) - 23234339-cf95-4061-a646-5f14882637eb@group-1C542E4B3B46: changes role from CANDIDATE to FOLLOWER at term 1 for DISCOVERED_A_NEW_TERM
2019-10-14 16:45:08,135 [23234339-cf95-4061-a646-5f14882637eb@group-1C542E4B3B46-LeaderElection88] INFO  impl.RoleInfo (RoleInfo.java:shutdownLeaderElection(134)) - 23234339-cf95-4061-a646-5f14882637eb: shutdown LeaderElection
2019-10-14 16:45:08,133 [842ea96e-9318-4418-983b-6ddb7c91a035@group-BB6B33459131-LeaderElection89] INFO  impl.LeaderElection (LeaderElection.java:askForVotes(178)) - 842ea96e-9318-4418-983b-6ddb7c91a035@group-BB6B33459131-LeaderElection89: begin an election at term 1 for -1: [842ea96e-9318-4418-983b-6ddb7c91a035:192.168.151.105:39174], old=null
2019-10-14 16:45:08,133 [071bdbc1-9e52-4fae-967b-1fa1f5e783d7@group-1C542E4B3B46-LeaderElection87] INFO  impl.RaftServerImpl (RaftServerImpl.java:setRole(170)) - 071bdbc1-9e52-4fae-967b-1fa1f5e783d7@group-1C542E4B3B46: changes role from CANDIDATE to LEADER at term 1 for changeToLeader
2019-10-14 16:45:08,135 [842ea96e-9318-4418-983b-6ddb7c91a035@group-BB6B33459131-LeaderElection89] INFO  impl.RoleInfo (RoleInfo.java:shutdownLeaderElection(134)) - 842ea96e-9318-4418-983b-6ddb7c91a035: shutdown LeaderElection
2019-10-14 16:45:08,135 [23234339-cf95-4061-a646-5f14882637eb@group-1C542E4B3B46-LeaderElection88] INFO  impl.RoleInfo (RoleInfo.java:updateAndGet(143)) - 23234339-cf95-4061-a646-5f14882637eb: start FollowerState
2019-10-14 16:45:08,135 [842ea96e-9318-4418-983b-6ddb7c91a035@group-BB6B33459131-LeaderElection89] INFO  impl.RaftServerImpl (RaftServerImpl.java:setRole(170)) - 842ea96e-9318-4418-983b-6ddb7c91a035@group-BB6B33459131: changes role from CANDIDATE to LEADER at term 1 for changeToLeader
2019-10-14 16:45:08,135 [071bdbc1-9e52-4fae-967b-1fa1f5e783d7@group-1C542E4B3B46-LeaderElection87] INFO  impl.RaftServerImpl (ServerState.java:setLeader(255)) - 071bdbc1-9e52-4fae-967b-1fa1f5e783d7@group-1C542E4B3B46: change Leader from null to 071bdbc1-9e52-4fae-967b-1fa1f5e783d7 at term 1 for becomeLeader, leader elected after 5087ms
2019-10-14 16:45:08,136 [842ea96e-9318-4418-983b-6ddb7c91a035@group-BB6B33459131-LeaderElection89] INFO  impl.RaftServerImpl (ServerState.java:setLeader(255)) - 842ea96e-9318-4418-983b-6ddb7c91a035@group-BB6B33459131: change Leader from null to 842ea96e-9318-4418-983b-6ddb7c91a035 at term 1 for becomeLeader, leader elected after 5163ms
2019-10-14 16:45:08,136 [071bdbc1-9e52-4fae-967b-1fa1f5e783d7@group-1C542E4B3B46-LeaderElection87] INFO  server.RaftServerConfigKeys (ConfUtils.java:logGet(43)) - raft.server.staging.catchup.gap = 1000 (default)
2019-10-14 16:45:08,136 [842ea96e-9318-4418-983b-6ddb7c91a035@group-BB6B33459131-LeaderElection89] INFO  server.RaftServerConfigKeys (ConfUtils.java:logGet(43)) - raft.server.staging.catchup.gap = 1000 (default)
2019-10-14 16:45:08,136 [071bdbc1-9e52-4fae-967b-1fa1f5e783d7@group-1C542E4B3B46-LeaderElection87] INFO  server.RaftServerConfigKeys (ConfUtils.java:logGet(43)) - raft.server.rpc.sleep.time = 25ms (default)
2019-10-14 16:45:08,136 [842ea96e-9318-4418-983b-6ddb7c91a035@group-BB6B33459131-LeaderElection89] INFO  server.RaftServerConfigKeys (ConfUtils.java:logGet(43)) - raft.server.rpc.sleep.time = 25ms (default)
2019-10-14 16:45:08,136 [071bdbc1-9e52-4fae-967b-1fa1f5e783d7@group-1C542E4B3B46-LeaderElection87] INFO  server.RaftServerConfigKeys (ConfUtils.java:logGet(43)) - raft.server.write.element-limit = 4096 (default)
2019-10-14 16:45:08,137 [842ea96e-9318-4418-983b-6ddb7c91a035@group-BB6B33459131-LeaderElection89] INFO  server.RaftServerConfigKeys (ConfUtils.java:logGet(43)) - raft.server.write.element-limit = 4096 (default)
2019-10-14 16:45:08,137 [071bdbc1-9e52-4fae-967b-1fa1f5e783d7@group-1C542E4B3B46-LeaderElection87] INFO  server.RaftServerConfigKeys (ConfUtils.java:logGet(43)) - raft.server.watch.timeout = 10s (default)
2019-10-14 16:45:08,137 [842ea96e-9318-4418-983b-6ddb7c91a035@group-BB6B33459131-LeaderElection89] INFO  server.RaftServerConfigKeys (ConfUtils.java:logGet(43)) - raft.server.watch.timeout = 10s (default)
2019-10-14 16:45:08,137 [071bdbc1-9e52-4fae-967b-1fa1f5e783d7@group-1C542E4B3B46-LeaderElection87] INFO  server.RaftServerConfigKeys (ConfUtils.java:logGet(43)) - raft.server.watch.timeout.denomination = 1s (default)
2019-10-14 16:45:08,137 [842ea96e-9318-4418-983b-6ddb7c91a035@group-BB6B33459131-LeaderElection89] INFO  server.RaftServerConfigKeys (ConfUtils.java:logGet(43)) - raft.server.watch.timeout.denomination = 1s (default)
2019-10-14 16:45:08,137 [071bdbc1-9e52-4fae-967b-1fa1f5e783d7@group-1C542E4B3B46-LeaderElection87] INFO  server.RaftServerConfigKeys (ConfUtils.java:logGet(43)) - raft.server.watch.element-limit = 65536 (default)
2019-10-14 16:45:08,138 [842ea96e-9318-4418-983b-6ddb7c91a035@group-BB6B33459131-LeaderElection89] INFO  server.RaftServerConfigKeys (ConfUtils.java:logGet(43)) - raft.server.watch.element-limit = 65536 (default)
2019-10-14 16:45:08,141 [071bdbc1-9e52-4fae-967b-1fa1f5e783d7@group-1C542E4B3B46-LeaderElection87] INFO  server.RaftServerConfigKeys (ConfUtils.java:logGet(43)) - raft.server.log.appender.snapshot.chunk.size.max = 16MB (=16777216) (default)
2019-10-14 16:45:08,141 [842ea96e-9318-4418-983b-6ddb7c91a035@group-BB6B33459131-LeaderElection89] INFO  impl.RoleInfo (RoleInfo.java:updateAndGet(143)) - 842ea96e-9318-4418-983b-6ddb7c91a035: start LeaderState
2019-10-14 16:45:08,142 [071bdbc1-9e52-4fae-967b-1fa1f5e783d7@group-1C542E4B3B46-LeaderElection87] INFO  server.RaftServerConfigKeys (ConfUtils.java:logGet(43)) - raft.server.log.appender.buffer.byte-limit = 33554432 (custom)
2019-10-14 16:45:08,142 [842ea96e-9318-4418-983b-6ddb7c91a035@group-BB6B33459131-LeaderElection89] INFO  segmented.SegmentedRaftLogWorker (SegmentedRaftLogWorker.java:startLogSegment(385)) - 842ea96e-9318-4418-983b-6ddb7c91a035@group-BB6B33459131-SegmentedRaftLogWorker: Starting segment from index:0
2019-10-14 16:45:08,142 [071bdbc1-9e52-4fae-967b-1fa1f5e783d7@group-1C542E4B3B46-LeaderElection87] INFO  server.RaftServerConfigKeys (ConfUtils.java:logGet(43)) - raft.server.log.appender.buffer.element-limit = 1 (custom)
2019-10-14 16:45:08,143 [842ea96e-9318-4418-983b-6ddb7c91a035@group-BB6B33459131-LeaderElection89] INFO  impl.RaftServerImpl (ServerState.java:setRaftConf(356)) - 842ea96e-9318-4418-983b-6ddb7c91a035@group-BB6B33459131: set configuration 0: [842ea96e-9318-4418-983b-6ddb7c91a035:192.168.151.105:39174], old=null at 0
2019-10-14 16:45:08,143 [071bdbc1-9e52-4fae-967b-1fa1f5e783d7@group-1C542E4B3B46-LeaderElection87] INFO  grpc.GrpcConfigKeys$Server (ConfUtils.java:logGet(43)) - raft.grpc.server.leader.outstanding.appends.max = 128 (default)
2019-10-14 16:45:08,143 [071bdbc1-9e52-4fae-967b-1fa1f5e783d7@group-1C542E4B3B46-LeaderElection87] INFO  server.RaftServerConfigKeys (ConfUtils.java:logGet(43)) - raft.server.rpc.request.timeout = 3000ms (default)
2019-10-14 16:45:08,143 [071bdbc1-9e52-4fae-967b-1fa1f5e783d7@group-1C542E4B3B46-LeaderElection87] INFO  server.RaftServerConfigKeys (ConfUtils.java:logGet(43)) - raft.server.log.appender.install.snapshot.enabled = false (custom)
2019-10-14 16:45:08,143 [071bdbc1-9e52-4fae-967b-1fa1f5e783d7@group-1C542E4B3B46-LeaderElection87] INFO  server.RaftServerConfigKeys (ConfUtils.java:logGet(43)) - raft.server.log.appender.snapshot.chunk.size.max = 16MB (=16777216) (default)
2019-10-14 16:45:08,144 [071bdbc1-9e52-4fae-967b-1fa1f5e783d7@group-1C542E4B3B46-LeaderElection87] INFO  server.RaftServerConfigKeys (ConfUtils.java:logGet(43)) - raft.server.log.appender.buffer.byte-limit = 33554432 (custom)
2019-10-14 16:45:08,144 [071bdbc1-9e52-4fae-967b-1fa1f5e783d7@group-1C542E4B3B46-LeaderElection87] INFO  server.RaftServerConfigKeys (ConfUtils.java:logGet(43)) - raft.server.log.appender.buffer.element-limit = 1 (custom)
2019-10-14 16:45:08,144 [071bdbc1-9e52-4fae-967b-1fa1f5e783d7@group-1C542E4B3B46-LeaderElection87] INFO  grpc.GrpcConfigKeys$Server (ConfUtils.java:logGet(43)) - raft.grpc.server.leader.outstanding.appends.max = 128 (default)
2019-10-14 16:45:08,144 [071bdbc1-9e52-4fae-967b-1fa1f5e783d7@group-1C542E4B3B46-LeaderElection87] INFO  server.RaftServerConfigKeys (ConfUtils.java:logGet(43)) - raft.server.rpc.request.timeout = 3000ms (default)
2019-10-14 16:45:08,145 [071bdbc1-9e52-4fae-967b-1fa1f5e783d7@group-1C542E4B3B46-LeaderElection87] INFO  server.RaftServerConfigKeys (ConfUtils.java:logGet(43)) - raft.server.log.appender.install.snapshot.enabled = false (custom)
2019-10-14 16:45:08,145 [071bdbc1-9e52-4fae-967b-1fa1f5e783d7@group-1C542E4B3B46-LeaderElection87] INFO  impl.RoleInfo (RoleInfo.java:updateAndGet(143)) - 071bdbc1-9e52-4fae-967b-1fa1f5e783d7: start LeaderState
2019-10-14 16:45:08,145 [071bdbc1-9e52-4fae-967b-1fa1f5e783d7@group-1C542E4B3B46-LeaderElection87] INFO  segmented.SegmentedRaftLogWorker (SegmentedRaftLogWorker.java:startLogSegment(385)) - 071bdbc1-9e52-4fae-967b-1fa1f5e783d7@group-1C542E4B3B46-SegmentedRaftLogWorker: Starting segment from index:0
2019-10-14 16:45:08,146 [071bdbc1-9e52-4fae-967b-1fa1f5e783d7@group-1C542E4B3B46-LeaderElection87] INFO  impl.RaftServerImpl (ServerState.java:setRaftConf(356)) - 071bdbc1-9e52-4fae-967b-1fa1f5e783d7@group-1C542E4B3B46: set configuration 0: [842ea96e-9318-4418-983b-6ddb7c91a035:192.168.151.105:39174, 071bdbc1-9e52-4fae-967b-1fa1f5e783d7:192.168.151.105:43451, 23234339-cf95-4061-a646-5f14882637eb:192.168.151.105:38471], old=null at 0
2019-10-14 16:45:08,184 [grpc-default-executor-14] INFO  impl.RaftServerImpl (ServerState.java:setLeader(255)) - 23234339-cf95-4061-a646-5f14882637eb@group-1C542E4B3B46: change Leader from null to 071bdbc1-9e52-4fae-967b-1fa1f5e783d7 at term 1 for appendEntries, leader elected after 5133ms
2019-10-14 16:45:08,187 [grpc-default-executor-9] INFO  impl.RaftServerImpl (ServerState.java:setLeader(255)) - 842ea96e-9318-4418-983b-6ddb7c91a035@group-1C542E4B3B46: change Leader from null to 071bdbc1-9e52-4fae-967b-1fa1f5e783d7 at term 1 for appendEntries, leader elected after 5139ms
2019-10-14 16:45:08,189 [grpc-default-executor-9] INFO  impl.RaftServerImpl (ServerState.java:setRaftConf(356)) - 23234339-cf95-4061-a646-5f14882637eb@group-1C542E4B3B46: set configuration 0: [842ea96e-9318-4418-983b-6ddb7c91a035:192.168.151.105:39174, 071bdbc1-9e52-4fae-967b-1fa1f5e783d7:192.168.151.105:43451, 23234339-cf95-4061-a646-5f14882637eb:192.168.151.105:38471], old=null at 0
2019-10-14 16:45:08,193 [842ea96e-9318-4418-983b-6ddb7c91a035@group-BB6B33459131-SegmentedRaftLogWorker] INFO  segmented.SegmentedRaftLogWorker (SegmentedRaftLogWorker.java:execute(574)) - 842ea96e-9318-4418-983b-6ddb7c91a035@group-BB6B33459131-SegmentedRaftLogWorker: created new log segment /workdir/hadoop-ozone/integration-test/target/test-dir/MiniOzoneClusterImpl-3bcee4e0-c750-460d-9485-7765d796aaea/datanode-5/data/ratis/7abc5762-a72d-40e9-9c0b-bb6b33459131/current/log_inprogress_0
2019-10-14 16:45:08,193 [071bdbc1-9e52-4fae-967b-1fa1f5e783d7@group-1C542E4B3B46-SegmentedRaftLogWorker] INFO  segmented.SegmentedRaftLogWorker (SegmentedRaftLogWorker.java:execute(574)) - 071bdbc1-9e52-4fae-967b-1fa1f5e783d7@group-1C542E4B3B46-SegmentedRaftLogWorker: created new log segment /workdir/hadoop-ozone/integration-test/target/test-dir/MiniOzoneClusterImpl-3bcee4e0-c750-460d-9485-7765d796aaea/datanode-4/data/ratis/5c5c6ac9-a7c0-454f-9bc4-1c542e4b3b46/current/log_inprogress_0
2019-10-14 16:45:08,193 [grpc-default-executor-9] INFO  segmented.SegmentedRaftLogWorker (SegmentedRaftLogWorker.java:startLogSegment(385)) - 23234339-cf95-4061-a646-5f14882637eb@group-1C542E4B3B46-SegmentedRaftLogWorker: Starting segment from index:0
2019-10-14 16:45:08,193 [grpc-default-executor-14] INFO  impl.RaftServerImpl (ServerState.java:setRaftConf(356)) - 842ea96e-9318-4418-983b-6ddb7c91a035@group-1C542E4B3B46: set configuration 0: [842ea96e-9318-4418-983b-6ddb7c91a035:192.168.151.105:39174, 071bdbc1-9e52-4fae-967b-1fa1f5e783d7:192.168.151.105:43451, 23234339-cf95-4061-a646-5f14882637eb:192.168.151.105:38471], old=null at 0
2019-10-14 16:45:08,194 [grpc-default-executor-14] INFO  segmented.SegmentedRaftLogWorker (SegmentedRaftLogWorker.java:startLogSegment(385)) - 842ea96e-9318-4418-983b-6ddb7c91a035@group-1C542E4B3B46-SegmentedRaftLogWorker: Starting segment from index:0
2019-10-14 16:45:08,222 [23234339-cf95-4061-a646-5f14882637eb@group-1C542E4B3B46-SegmentedRaftLogWorker] INFO  segmented.SegmentedRaftLogWorker (SegmentedRaftLogWorker.java:execute(574)) - 23234339-cf95-4061-a646-5f14882637eb@group-1C542E4B3B46-SegmentedRaftLogWorker: created new log segment /workdir/hadoop-ozone/integration-test/target/test-dir/MiniOzoneClusterImpl-3bcee4e0-c750-460d-9485-7765d796aaea/datanode-3/data/ratis/5c5c6ac9-a7c0-454f-9bc4-1c542e4b3b46/current/log_inprogress_0
2019-10-14 16:45:08,267 [842ea96e-9318-4418-983b-6ddb7c91a035@group-1C542E4B3B46-SegmentedRaftLogWorker] INFO  segmented.SegmentedRaftLogWorker (SegmentedRaftLogWorker.java:execute(574)) - 842ea96e-9318-4418-983b-6ddb7c91a035@group-1C542E4B3B46-SegmentedRaftLogWorker: created new log segment /workdir/hadoop-ozone/integration-test/target/test-dir/MiniOzoneClusterImpl-3bcee4e0-c750-460d-9485-7765d796aaea/datanode-5/data/ratis/5c5c6ac9-a7c0-454f-9bc4-1c542e4b3b46/current/log_inprogress_0
2019-10-14 16:45:08,512 [EventQueue-CloseContainerForCloseContainerEventHandler] INFO  container.CloseContainerEventHandler (CloseContainerEventHandler.java:onMessage(61)) - Close container Event triggered for container : #1
2019-10-14 16:45:08,513 [EventQueue-CloseContainerForCloseContainerEventHandler] INFO  container.CloseContainerEventHandler (CloseContainerEventHandler.java:onMessage(61)) - Close container Event triggered for container : #1
2019-10-14 16:45:08,513 [EventQueue-CloseContainerForCloseContainerEventHandler] INFO  container.CloseContainerEventHandler (CloseContainerEventHandler.java:onMessage(61)) - Close container Event triggered for container : #1
2019-10-14 16:45:10,091 [RatisApplyTransactionExecutor 1] INFO  interfaces.Container (KeyValueContainer.java:flushAndSyncDB(386)) - Container 1 is synced with bcsId 4.
2019-10-14 16:45:10,091 [RatisApplyTransactionExecutor 1] INFO  interfaces.Container (KeyValueContainer.java:flushAndSyncDB(386)) - Container 1 is synced with bcsId 4.
2019-10-14 16:45:10,091 [RatisApplyTransactionExecutor 1] INFO  interfaces.Container (KeyValueContainer.java:flushAndSyncDB(386)) - Container 1 is synced with bcsId 4.
2019-10-14 16:45:10,091 [RatisApplyTransactionExecutor 1] INFO  interfaces.Container (KeyValueContainer.java:flushAndSyncDB(386)) - Container 1 is synced with bcsId 4.
2019-10-14 16:45:10,091 [RatisApplyTransactionExecutor 1] INFO  interfaces.Container (KeyValueContainer.java:flushAndSyncDB(386)) - Container 1 is synced with bcsId 4.
2019-10-14 16:45:10,091 [RatisApplyTransactionExecutor 1] INFO  interfaces.Container (KeyValueContainer.java:flushAndSyncDB(386)) - Container 1 is synced with bcsId 4.
2019-10-14 16:45:10,118 [RatisApplyTransactionExecutor 1] INFO  interfaces.Container (KeyValueContainer.java:close(335)) - Container 1 is closed with bcsId 4.
2019-10-14 16:45:10,118 [RatisApplyTransactionExecutor 1] INFO  interfaces.Container (KeyValueContainer.java:close(335)) - Container 1 is closed with bcsId 4.
2019-10-14 16:45:10,118 [RatisApplyTransactionExecutor 1] INFO  interfaces.Container (KeyValueContainer.java:close(335)) - Container 1 is closed with bcsId 4.
2019-10-14 16:45:10,119 [EventQueue-IncrementalContainerReportForIncrementalContainerReportHandler] INFO  container.IncrementalContainerReportHandler (AbstractContainerReportHandler.java:updateContainerState(178)) - Moving container #1 to CLOSED state, datanode 842ea96e-9318-4418-983b-6ddb7c91a035{ip: 192.168.151.105, host: pr-hdds-2196-2-9v7pc-2718207715, networkLocation: /default-rack, certSerialId: null} reported CLOSED replica.
16:45:10.525 [grpc-default-executor-14] ERROR DNAudit - user=null | ip=null | op=WRITE_CHUNK {blockData=conID: 1 locID: 102961742026244112 bcsId: 4} | ret=FAILURE
org.apache.hadoop.hdds.scm.container.common.helpers.ContainerNotOpenException: Container 1 in CLOSED state
	at org.apache.hadoop.ozone.container.common.impl.HddsDispatcher.validateContainerCommand(HddsDispatcher.java:436) ~[hadoop-hdds-container-service-0.5.0-SNAPSHOT.jar:?]
	at org.apache.hadoop.ozone.container.common.transport.server.ratis.ContainerStateMachine.startTransaction(ContainerStateMachine.java:320) ~[hadoop-hdds-container-service-0.5.0-SNAPSHOT.jar:?]
	at org.apache.ratis.server.impl.RaftServerImpl.submitClientRequestAsync(RaftServerImpl.java:569) ~[ratis-server-0.5.0-201fc85-SNAPSHOT.jar:0.5.0-201fc85-SNAPSHOT]
	at org.apache.ratis.server.impl.RaftServerProxy.lambda$submitClientRequestAsync$7(RaftServerProxy.java:333) ~[ratis-server-0.5.0-201fc85-SNAPSHOT.jar:0.5.0-201fc85-SNAPSHOT]
	at org.apache.ratis.server.impl.RaftServerProxy.lambda$null$5(RaftServerProxy.java:328) ~[ratis-server-0.5.0-201fc85-SNAPSHOT.jar:0.5.0-201fc85-SNAPSHOT]
	at org.apache.ratis.util.JavaUtils.callAsUnchecked(JavaUtils.java:109) ~[ratis-common-0.5.0-201fc85-SNAPSHOT.jar:0.5.0-201fc85-SNAPSHOT]
	at org.apache.ratis.server.impl.RaftServerProxy.lambda$submitRequest$6(RaftServerProxy.java:328) ~[ratis-server-0.5.0-201fc85-SNAPSHOT.jar:0.5.0-201fc85-SNAPSHOT]
	at java.util.concurrent.CompletableFuture.uniComposeStage(CompletableFuture.java:981) ~[?:1.8.0_212]
	at java.util.concurrent.CompletableFuture.thenCompose(CompletableFuture.java:2124) ~[?:1.8.0_212]
	at org.apache.ratis.server.impl.RaftServerProxy.submitRequest(RaftServerProxy.java:327) ~[ratis-server-0.5.0-201fc85-SNAPSHOT.jar:0.5.0-201fc85-SNAPSHOT]
	at org.apache.ratis.server.impl.RaftServerProxy.submitClientRequestAsync(RaftServerProxy.java:333) ~[ratis-server-0.5.0-201fc85-SNAPSHOT.jar:0.5.0-201fc85-SNAPSHOT]
	at org.apache.ratis.grpc.client.GrpcClientProtocolService$RequestStreamObserver.processClientRequest(GrpcClientProtocolService.java:220) ~[ratis-grpc-0.5.0-201fc85-SNAPSHOT.jar:0.5.0-201fc85-SNAPSHOT]
	at org.apache.ratis.grpc.client.GrpcClientProtocolService$OrderedRequestStreamObserver.processClientRequest(GrpcClientProtocolService.java:326) ~[ratis-grpc-0.5.0-201fc85-SNAPSHOT.jar:0.5.0-201fc85-SNAPSHOT]
	at org.apache.ratis.util.SlidingWindow$Server.processRequestsFromHead(SlidingWindow.java:429) [ratis-common-0.5.0-201fc85-SNAPSHOT.jar:0.5.0-201fc85-SNAPSHOT]
	at org.apache.ratis.util.SlidingWindow$Server.receivedRequest(SlidingWindow.java:421) [ratis-common-0.5.0-201fc85-SNAPSHOT.jar:0.5.0-201fc85-SNAPSHOT]
	at org.apache.ratis.grpc.client.GrpcClientProtocolService$OrderedRequestStreamObserver.processClientRequest(GrpcClientProtocolService.java:345) [ratis-grpc-0.5.0-201fc85-SNAPSHOT.jar:0.5.0-201fc85-SNAPSHOT]
	at org.apache.ratis.grpc.client.GrpcClientProtocolService$RequestStreamObserver.onNext(GrpcClientProtocolService.java:240) [ratis-grpc-0.5.0-201fc85-SNAPSHOT.jar:0.5.0-201fc85-SNAPSHOT]
	at org.apache.ratis.grpc.client.GrpcClientProtocolService$RequestStreamObserver.onNext(GrpcClientProtocolService.java:168) [ratis-grpc-0.5.0-201fc85-SNAPSHOT.jar:0.5.0-201fc85-SNAPSHOT]
	at org.apache.ratis.thirdparty.io.grpc.stub.ServerCalls$StreamingServerCallHandler$StreamingServerCallListener.onMessage(ServerCalls.java:248) [ratis-thirdparty-misc-0.2.0.jar:0.2.0]
	at org.apache.ratis.thirdparty.io.grpc.internal.ServerCallImpl$ServerStreamListenerImpl.messagesAvailable(ServerCallImpl.java:263) [ratis-thirdparty-misc-0.2.0.jar:0.2.0]
	at org.apache.ratis.thirdparty.io.grpc.internal.ServerImpl$JumpToApplicationThreadServerStreamListener$1MessagesAvailable.runInContext(ServerImpl.java:686) [ratis-thirdparty-misc-0.2.0.jar:0.2.0]
	at org.apache.ratis.thirdparty.io.grpc.internal.ContextRunnable.run(ContextRunnable.java:37) [ratis-thirdparty-misc-0.2.0.jar:0.2.0]
	at org.apache.ratis.thirdparty.io.grpc.internal.SerializingExecutor.run(SerializingExecutor.java:123) [ratis-thirdparty-misc-0.2.0.jar:0.2.0]
	at java.util.concurrent.ThreadPoolExecutor.runWorker(ThreadPoolExecutor.java:1149) [?:1.8.0_212]
	at java.util.concurrent.ThreadPoolExecutor$Worker.run(ThreadPoolExecutor.java:624) [?:1.8.0_212]
	at java.lang.Thread.run(Thread.java:748) [?:1.8.0_212]
16:45:10.527 [grpc-default-executor-14] ERROR DNAudit - user=null | ip=null | op=WRITE_CHUNK {blockData=conID: 1 locID: 102961742026244112 bcsId: 4} | ret=FAILURE
org.apache.hadoop.hdds.scm.container.common.helpers.ContainerNotOpenException: Container 1 in CLOSED state
	at org.apache.hadoop.ozone.container.common.impl.HddsDispatcher.validateContainerCommand(HddsDispatcher.java:436) ~[hadoop-hdds-container-service-0.5.0-SNAPSHOT.jar:?]
	at org.apache.hadoop.ozone.container.common.transport.server.ratis.ContainerStateMachine.startTransaction(ContainerStateMachine.java:320) ~[hadoop-hdds-container-service-0.5.0-SNAPSHOT.jar:?]
	at org.apache.ratis.server.impl.RaftServerImpl.submitClientRequestAsync(RaftServerImpl.java:569) ~[ratis-server-0.5.0-201fc85-SNAPSHOT.jar:0.5.0-201fc85-SNAPSHOT]
	at org.apache.ratis.server.impl.RaftServerProxy.lambda$submitClientRequestAsync$7(RaftServerProxy.java:333) ~[ratis-server-0.5.0-201fc85-SNAPSHOT.jar:0.5.0-201fc85-SNAPSHOT]
	at org.apache.ratis.server.impl.RaftServerProxy.lambda$null$5(RaftServerProxy.java:328) ~[ratis-server-0.5.0-201fc85-SNAPSHOT.jar:0.5.0-201fc85-SNAPSHOT]
	at org.apache.ratis.util.JavaUtils.callAsUnchecked(JavaUtils.java:109) ~[ratis-common-0.5.0-201fc85-SNAPSHOT.jar:0.5.0-201fc85-SNAPSHOT]
	at org.apache.ratis.server.impl.RaftServerProxy.lambda$submitRequest$6(RaftServerProxy.java:328) ~[ratis-server-0.5.0-201fc85-SNAPSHOT.jar:0.5.0-201fc85-SNAPSHOT]
	at java.util.concurrent.CompletableFuture.uniComposeStage(CompletableFuture.java:981) ~[?:1.8.0_212]
	at java.util.concurrent.CompletableFuture.thenCompose(CompletableFuture.java:2124) ~[?:1.8.0_212]
	at org.apache.ratis.server.impl.RaftServerProxy.submitRequest(RaftServerProxy.java:327) ~[ratis-server-0.5.0-201fc85-SNAPSHOT.jar:0.5.0-201fc85-SNAPSHOT]
	at org.apache.ratis.server.impl.RaftServerProxy.submitClientRequestAsync(RaftServerProxy.java:333) ~[ratis-server-0.5.0-201fc85-SNAPSHOT.jar:0.5.0-201fc85-SNAPSHOT]
	at org.apache.ratis.grpc.client.GrpcClientProtocolService$RequestStreamObserver.processClientRequest(GrpcClientProtocolService.java:220) ~[ratis-grpc-0.5.0-201fc85-SNAPSHOT.jar:0.5.0-201fc85-SNAPSHOT]
	at org.apache.ratis.grpc.client.GrpcClientProtocolService$OrderedRequestStreamObserver.processClientRequest(GrpcClientProtocolService.java:326) ~[ratis-grpc-0.5.0-201fc85-SNAPSHOT.jar:0.5.0-201fc85-SNAPSHOT]
	at org.apache.ratis.util.SlidingWindow$Server.processRequestsFromHead(SlidingWindow.java:429) [ratis-common-0.5.0-201fc85-SNAPSHOT.jar:0.5.0-201fc85-SNAPSHOT]
	at org.apache.ratis.util.SlidingWindow$Server.receivedRequest(SlidingWindow.java:421) [ratis-common-0.5.0-201fc85-SNAPSHOT.jar:0.5.0-201fc85-SNAPSHOT]
	at org.apache.ratis.grpc.client.GrpcClientProtocolService$OrderedRequestStreamObserver.processClientRequest(GrpcClientProtocolService.java:345) [ratis-grpc-0.5.0-201fc85-SNAPSHOT.jar:0.5.0-201fc85-SNAPSHOT]
	at org.apache.ratis.grpc.client.GrpcClientProtocolService$RequestStreamObserver.onNext(GrpcClientProtocolService.java:240) [ratis-grpc-0.5.0-201fc85-SNAPSHOT.jar:0.5.0-201fc85-SNAPSHOT]
	at org.apache.ratis.grpc.client.GrpcClientProtocolService$RequestStreamObserver.onNext(GrpcClientProtocolService.java:168) [ratis-grpc-0.5.0-201fc85-SNAPSHOT.jar:0.5.0-201fc85-SNAPSHOT]
	at org.apache.ratis.thirdparty.io.grpc.stub.ServerCalls$StreamingServerCallHandler$StreamingServerCallListener.onMessage(ServerCalls.java:248) [ratis-thirdparty-misc-0.2.0.jar:0.2.0]
	at org.apache.ratis.thirdparty.io.grpc.internal.ServerCallImpl$ServerStreamListenerImpl.messagesAvailable(ServerCallImpl.java:263) [ratis-thirdparty-misc-0.2.0.jar:0.2.0]
	at org.apache.ratis.thirdparty.io.grpc.internal.ServerImpl$JumpToApplicationThreadServerStreamListener$1MessagesAvailable.runInContext(ServerImpl.java:686) [ratis-thirdparty-misc-0.2.0.jar:0.2.0]
	at org.apache.ratis.thirdparty.io.grpc.internal.ContextRunnable.run(ContextRunnable.java:37) [ratis-thirdparty-misc-0.2.0.jar:0.2.0]
	at org.apache.ratis.thirdparty.io.grpc.internal.SerializingExecutor.run(SerializingExecutor.java:123) [ratis-thirdparty-misc-0.2.0.jar:0.2.0]
	at java.util.concurrent.ThreadPoolExecutor.runWorker(ThreadPoolExecutor.java:1149) [?:1.8.0_212]
	at java.util.concurrent.ThreadPoolExecutor$Worker.run(ThreadPoolExecutor.java:624) [?:1.8.0_212]
	at java.lang.Thread.run(Thread.java:748) [?:1.8.0_212]
16:45:10.545 [grpc-default-executor-14] ERROR DNAudit - user=null | ip=null | op=PUT_BLOCK {blockData=[blockId=conID: 1 locID: 102961742026244112 bcsId: 0,size=334]} | ret=FAILURE
org.apache.hadoop.hdds.scm.container.common.helpers.ContainerNotOpenException: Container 1 in CLOSED state
	at org.apache.hadoop.ozone.container.common.impl.HddsDispatcher.validateContainerCommand(HddsDispatcher.java:436) ~[hadoop-hdds-container-service-0.5.0-SNAPSHOT.jar:?]
	at org.apache.hadoop.ozone.container.common.transport.server.ratis.ContainerStateMachine.startTransaction(ContainerStateMachine.java:320) ~[hadoop-hdds-container-service-0.5.0-SNAPSHOT.jar:?]
	at org.apache.ratis.server.impl.RaftServerImpl.submitClientRequestAsync(RaftServerImpl.java:569) ~[ratis-server-0.5.0-201fc85-SNAPSHOT.jar:0.5.0-201fc85-SNAPSHOT]
	at org.apache.ratis.server.impl.RaftServerProxy.lambda$submitClientRequestAsync$7(RaftServerProxy.java:333) ~[ratis-server-0.5.0-201fc85-SNAPSHOT.jar:0.5.0-201fc85-SNAPSHOT]
	at org.apache.ratis.server.impl.RaftServerProxy.lambda$null$5(RaftServerProxy.java:328) ~[ratis-server-0.5.0-201fc85-SNAPSHOT.jar:0.5.0-201fc85-SNAPSHOT]
	at org.apache.ratis.util.JavaUtils.callAsUnchecked(JavaUtils.java:109) ~[ratis-common-0.5.0-201fc85-SNAPSHOT.jar:0.5.0-201fc85-SNAPSHOT]
	at org.apache.ratis.server.impl.RaftServerProxy.lambda$submitRequest$6(RaftServerProxy.java:328) ~[ratis-server-0.5.0-201fc85-SNAPSHOT.jar:0.5.0-201fc85-SNAPSHOT]
	at java.util.concurrent.CompletableFuture.uniComposeStage(CompletableFuture.java:981) ~[?:1.8.0_212]
	at java.util.concurrent.CompletableFuture.thenCompose(CompletableFuture.java:2124) ~[?:1.8.0_212]
	at org.apache.ratis.server.impl.RaftServerProxy.submitRequest(RaftServerProxy.java:327) ~[ratis-server-0.5.0-201fc85-SNAPSHOT.jar:0.5.0-201fc85-SNAPSHOT]
	at org.apache.ratis.server.impl.RaftServerProxy.submitClientRequestAsync(RaftServerProxy.java:333) ~[ratis-server-0.5.0-201fc85-SNAPSHOT.jar:0.5.0-201fc85-SNAPSHOT]
	at org.apache.ratis.grpc.client.GrpcClientProtocolService$RequestStreamObserver.processClientRequest(GrpcClientProtocolService.java:220) ~[ratis-grpc-0.5.0-201fc85-SNAPSHOT.jar:0.5.0-201fc85-SNAPSHOT]
	at org.apache.ratis.grpc.client.GrpcClientProtocolService$OrderedRequestStreamObserver.processClientRequest(GrpcClientProtocolService.java:326) ~[ratis-grpc-0.5.0-201fc85-SNAPSHOT.jar:0.5.0-201fc85-SNAPSHOT]
	at org.apache.ratis.util.SlidingWindow$Server.processRequestsFromHead(SlidingWindow.java:429) [ratis-common-0.5.0-201fc85-SNAPSHOT.jar:0.5.0-201fc85-SNAPSHOT]
	at org.apache.ratis.util.SlidingWindow$Server.receivedRequest(SlidingWindow.java:421) [ratis-common-0.5.0-201fc85-SNAPSHOT.jar:0.5.0-201fc85-SNAPSHOT]
	at org.apache.ratis.grpc.client.GrpcClientProtocolService$OrderedRequestStreamObserver.processClientRequest(GrpcClientProtocolService.java:345) [ratis-grpc-0.5.0-201fc85-SNAPSHOT.jar:0.5.0-201fc85-SNAPSHOT]
	at org.apache.ratis.grpc.client.GrpcClientProtocolService$RequestStreamObserver.onNext(GrpcClientProtocolService.java:240) [ratis-grpc-0.5.0-201fc85-SNAPSHOT.jar:0.5.0-201fc85-SNAPSHOT]
	at org.apache.ratis.grpc.client.GrpcClientProtocolService$RequestStreamObserver.onNext(GrpcClientProtocolService.java:168) [ratis-grpc-0.5.0-201fc85-SNAPSHOT.jar:0.5.0-201fc85-SNAPSHOT]
	at org.apache.ratis.thirdparty.io.grpc.stub.ServerCalls$StreamingServerCallHandler$StreamingServerCallListener.onMessage(ServerCalls.java:248) [ratis-thirdparty-misc-0.2.0.jar:0.2.0]
	at org.apache.ratis.thirdparty.io.grpc.internal.ServerCallImpl$ServerStreamListenerImpl.messagesAvailable(ServerCallImpl.java:263) [ratis-thirdparty-misc-0.2.0.jar:0.2.0]
	at org.apache.ratis.thirdparty.io.grpc.internal.ServerImpl$JumpToApplicationThreadServerStreamListener$1MessagesAvailable.runInContext(ServerImpl.java:686) [ratis-thirdparty-misc-0.2.0.jar:0.2.0]
	at org.apache.ratis.thirdparty.io.grpc.internal.ContextRunnable.run(ContextRunnable.java:37) [ratis-thirdparty-misc-0.2.0.jar:0.2.0]
	at org.apache.ratis.thirdparty.io.grpc.internal.SerializingExecutor.run(SerializingExecutor.java:123) [ratis-thirdparty-misc-0.2.0.jar:0.2.0]
	at java.util.concurrent.ThreadPoolExecutor.runWorker(ThreadPoolExecutor.java:1149) [?:1.8.0_212]
	at java.util.concurrent.ThreadPoolExecutor$Worker.run(ThreadPoolExecutor.java:624) [?:1.8.0_212]
	at java.lang.Thread.run(Thread.java:748) [?:1.8.0_212]
2019-10-14 16:45:11,829 [main] WARN  scm.XceiverClientRatis (XceiverClientRatis.java:watchForCommit(277)) - 3 way commit failed on pipeline Pipeline[ Id: a6adac5e-fc75-4859-8800-68b0ef2ea906, Nodes: c1399525-796b-484f-a475-1762a8beefc2{ip: 192.168.151.105, host: pr-hdds-2196-2-9v7pc-2718207715, networkLocation: /default-rack, certSerialId: null}83cf07e6-c6c9-4dfc-9b3d-6b26bd32bb9d{ip: 192.168.151.105, host: pr-hdds-2196-2-9v7pc-2718207715, networkLocation: /default-rack, certSerialId: null}e86dd251-6f74-4cac-acd7-ff3d16992f0f{ip: 192.168.151.105, host: pr-hdds-2196-2-9v7pc-2718207715, networkLocation: /default-rack, certSerialId: null}, Type:RATIS, Factor:THREE, State:OPEN]
java.util.concurrent.TimeoutException
	at java.util.concurrent.CompletableFuture.timedGet(CompletableFuture.java:1771)
	at java.util.concurrent.CompletableFuture.get(CompletableFuture.java:1915)
	at org.apache.hadoop.hdds.scm.XceiverClientRatis.watchForCommit(XceiverClientRatis.java:274)
	at org.apache.hadoop.hdds.scm.storage.CommitWatcher.watchForCommit(CommitWatcher.java:198)
	at org.apache.hadoop.hdds.scm.storage.CommitWatcher.watchOnLastIndex(CommitWatcher.java:161)
	at org.apache.hadoop.hdds.scm.storage.BlockOutputStream.watchForCommit(BlockOutputStream.java:346)
	at org.apache.hadoop.hdds.scm.storage.BlockOutputStream.handleFlush(BlockOutputStream.java:482)
	at org.apache.hadoop.hdds.scm.storage.BlockOutputStream.flush(BlockOutputStream.java:431)
	at org.apache.hadoop.ozone.client.io.BlockOutputStreamEntry.flush(BlockOutputStreamEntry.java:136)
	at org.apache.hadoop.ozone.client.io.KeyOutputStream.handleFlushOrClose(KeyOutputStream.java:443)
	at org.apache.hadoop.ozone.client.io.KeyOutputStream.flush(KeyOutputStream.java:397)
	at org.apache.hadoop.ozone.client.io.OzoneOutputStream.flush(OzoneOutputStream.java:54)
	at org.apache.hadoop.ozone.client.rpc.TestBlockOutputStreamWithFailures.testFailureWithPrimeSizedData(TestBlockOutputStreamWithFailures.java:633)
	at sun.reflect.NativeMethodAccessorImpl.invoke0(Native Method)
	at sun.reflect.NativeMethodAccessorImpl.invoke(NativeMethodAccessorImpl.java:62)
	at sun.reflect.DelegatingMethodAccessorImpl.invoke(DelegatingMethodAccessorImpl.java:43)
	at java.lang.reflect.Method.invoke(Method.java:498)
	at org.junit.runners.model.FrameworkMethod$1.runReflectiveCall(FrameworkMethod.java:47)
	at org.junit.internal.runners.model.ReflectiveCallable.run(ReflectiveCallable.java:12)
	at org.junit.runners.model.FrameworkMethod.invokeExplosively(FrameworkMethod.java:44)
	at org.junit.internal.runners.statements.InvokeMethod.evaluate(InvokeMethod.java:17)
	at org.junit.internal.runners.statements.RunBefores.evaluate(RunBefores.java:26)
	at org.junit.internal.runners.statements.RunAfters.evaluate(RunAfters.java:27)
	at org.junit.runners.ParentRunner.runLeaf(ParentRunner.java:271)
	at org.junit.runners.BlockJUnit4ClassRunner.runChild(BlockJUnit4ClassRunner.java:70)
	at org.junit.runners.BlockJUnit4ClassRunner.runChild(BlockJUnit4ClassRunner.java:50)
	at org.junit.runners.ParentRunner$3.run(ParentRunner.java:238)
	at org.junit.runners.ParentRunner$1.schedule(ParentRunner.java:63)
	at org.junit.runners.ParentRunner.runChildren(ParentRunner.java:236)
	at org.junit.runners.ParentRunner.access$000(ParentRunner.java:53)
	at org.junit.runners.ParentRunner$2.evaluate(ParentRunner.java:229)
	at org.junit.runners.ParentRunner.run(ParentRunner.java:309)
	at org.apache.maven.surefire.junit4.JUnit4Provider.execute(JUnit4Provider.java:365)
	at org.apache.maven.surefire.junit4.JUnit4Provider.executeWithRerun(JUnit4Provider.java:273)
	at org.apache.maven.surefire.junit4.JUnit4Provider.executeTestSet(JUnit4Provider.java:238)
	at org.apache.maven.surefire.junit4.JUnit4Provider.invoke(JUnit4Provider.java:159)
	at org.apache.maven.surefire.booter.ForkedBooter.invokeProviderInSameClassLoader(ForkedBooter.java:384)
	at org.apache.maven.surefire.booter.ForkedBooter.runSuitesInProcess(ForkedBooter.java:345)
	at org.apache.maven.surefire.booter.ForkedBooter.execute(ForkedBooter.java:126)
	at org.apache.maven.surefire.booter.ForkedBooter.main(ForkedBooter.java:418)
2019-10-14 16:45:12,838 [main] WARN  storage.CommitWatcher (CommitWatcher.java:watchForCommit(207)) - watchForCommit failed for index 4
java.util.concurrent.TimeoutException
	at java.util.concurrent.CompletableFuture.timedGet(CompletableFuture.java:1771)
	at java.util.concurrent.CompletableFuture.get(CompletableFuture.java:1915)
	at org.apache.hadoop.hdds.scm.XceiverClientRatis.watchForCommit(XceiverClientRatis.java:283)
	at org.apache.hadoop.hdds.scm.storage.CommitWatcher.watchForCommit(CommitWatcher.java:198)
	at org.apache.hadoop.hdds.scm.storage.CommitWatcher.watchOnLastIndex(CommitWatcher.java:161)
	at org.apache.hadoop.hdds.scm.storage.BlockOutputStream.watchForCommit(BlockOutputStream.java:346)
	at org.apache.hadoop.hdds.scm.storage.BlockOutputStream.handleFlush(BlockOutputStream.java:482)
	at org.apache.hadoop.hdds.scm.storage.BlockOutputStream.flush(BlockOutputStream.java:431)
	at org.apache.hadoop.ozone.client.io.BlockOutputStreamEntry.flush(BlockOutputStreamEntry.java:136)
	at org.apache.hadoop.ozone.client.io.KeyOutputStream.handleFlushOrClose(KeyOutputStream.java:443)
	at org.apache.hadoop.ozone.client.io.KeyOutputStream.flush(KeyOutputStream.java:397)
	at org.apache.hadoop.ozone.client.io.OzoneOutputStream.flush(OzoneOutputStream.java:54)
	at org.apache.hadoop.ozone.client.rpc.TestBlockOutputStreamWithFailures.testFailureWithPrimeSizedData(TestBlockOutputStreamWithFailures.java:633)
	at sun.reflect.NativeMethodAccessorImpl.invoke0(Native Method)
	at sun.reflect.NativeMethodAccessorImpl.invoke(NativeMethodAccessorImpl.java:62)
	at sun.reflect.DelegatingMethodAccessorImpl.invoke(DelegatingMethodAccessorImpl.java:43)
	at java.lang.reflect.Method.invoke(Method.java:498)
	at org.junit.runners.model.FrameworkMethod$1.runReflectiveCall(FrameworkMethod.java:47)
	at org.junit.internal.runners.model.ReflectiveCallable.run(ReflectiveCallable.java:12)
	at org.junit.runners.model.FrameworkMethod.invokeExplosively(FrameworkMethod.java:44)
	at org.junit.internal.runners.statements.InvokeMethod.evaluate(InvokeMethod.java:17)
	at org.junit.internal.runners.statements.RunBefores.evaluate(RunBefores.java:26)
	at org.junit.internal.runners.statements.RunAfters.evaluate(RunAfters.java:27)
	at org.junit.runners.ParentRunner.runLeaf(ParentRunner.java:271)
	at org.junit.runners.BlockJUnit4ClassRunner.runChild(BlockJUnit4ClassRunner.java:70)
	at org.junit.runners.BlockJUnit4ClassRunner.runChild(BlockJUnit4ClassRunner.java:50)
	at org.junit.runners.ParentRunner$3.run(ParentRunner.java:238)
	at org.junit.runners.ParentRunner$1.schedule(ParentRunner.java:63)
	at org.junit.runners.ParentRunner.runChildren(ParentRunner.java:236)
	at org.junit.runners.ParentRunner.access$000(ParentRunner.java:53)
	at org.junit.runners.ParentRunner$2.evaluate(ParentRunner.java:229)
	at org.junit.runners.ParentRunner.run(ParentRunner.java:309)
	at org.apache.maven.surefire.junit4.JUnit4Provider.execute(JUnit4Provider.java:365)
	at org.apache.maven.surefire.junit4.JUnit4Provider.executeWithRerun(JUnit4Provider.java:273)
	at org.apache.maven.surefire.junit4.JUnit4Provider.executeTestSet(JUnit4Provider.java:238)
	at org.apache.maven.surefire.junit4.JUnit4Provider.invoke(JUnit4Provider.java:159)
	at org.apache.maven.surefire.booter.ForkedBooter.invokeProviderInSameClassLoader(ForkedBooter.java:384)
	at org.apache.maven.surefire.booter.ForkedBooter.runSuitesInProcess(ForkedBooter.java:345)
	at org.apache.maven.surefire.booter.ForkedBooter.execute(ForkedBooter.java:126)
	at org.apache.maven.surefire.booter.ForkedBooter.main(ForkedBooter.java:418)
2019-10-14 16:45:12,841 [main] WARN  io.KeyOutputStream (KeyOutputStream.java:handleException(274)) - Encountered exception java.io.IOException: Unexpected Storage Container Exception: java.io.IOException: Unexpected Storage Container Exception: java.util.concurrent.TimeoutException on the pipeline Pipeline[ Id: a6adac5e-fc75-4859-8800-68b0ef2ea906, Nodes: c1399525-796b-484f-a475-1762a8beefc2{ip: 192.168.151.105, host: pr-hdds-2196-2-9v7pc-2718207715, networkLocation: /default-rack, certSerialId: null}83cf07e6-c6c9-4dfc-9b3d-6b26bd32bb9d{ip: 192.168.151.105, host: pr-hdds-2196-2-9v7pc-2718207715, networkLocation: /default-rack, certSerialId: null}e86dd251-6f74-4cac-acd7-ff3d16992f0f{ip: 192.168.151.105, host: pr-hdds-2196-2-9v7pc-2718207715, networkLocation: /default-rack, certSerialId: null}, Type:RATIS, Factor:THREE, State:OPEN]. The last committed block length is 0, uncommitted data length is 167 retry count 0
2019-10-14 16:45:13,106 [main] INFO  ozone.MiniOzoneClusterImpl (MiniOzoneClusterImpl.java:shutdown(314)) - Shutting down the Mini Ozone Cluster
2019-10-14 16:45:13,107 [main] INFO  ozone.MiniOzoneClusterImpl (MiniOzoneClusterImpl.java:stop(330)) - Stopping the Mini Ozone Cluster
2019-10-14 16:45:13,107 [main] INFO  ozone.MiniOzoneClusterImpl (MiniOzoneClusterImpl.java:stopOM(400)) - Stopping the OzoneManager
2019-10-14 16:45:13,107 [main] INFO  ipc.Server (Server.java:stop(3082)) - Stopping server on 34656
2019-10-14 16:45:13,124 [IPC Server listener on 34656] INFO  ipc.Server (Server.java:run(1185)) - Stopping IPC Server listener on 34656
2019-10-14 16:45:13,126 [main] INFO  ratis.OzoneManagerDoubleBuffer (OzoneManagerDoubleBuffer.java:stop(250)) - Stopping OMDoubleBuffer flush thread
2019-10-14 16:45:13,128 [IPC Server Responder] INFO  ipc.Server (Server.java:run(1319)) - Stopping IPC Server Responder
2019-10-14 16:45:13,128 [OMDoubleBufferFlushThread] INFO  ratis.OzoneManagerDoubleBuffer (OzoneManagerDoubleBuffer.java:flushTransactions(193)) - OMDoubleBuffer flush thread OMDoubleBufferFlushThread is interrupted and will exit. OMDoubleBufferFlushThread
2019-10-14 16:45:13,140 [main] INFO  utils.BackgroundService (BackgroundService.java:shutdown(151)) - Shutting down service KeyDeletingService
2019-10-14 16:45:13,163 [main] INFO  handler.ContextHandler (ContextHandler.java:doStop(910)) - Stopped o.e.j.w.WebAppContext@7523d5a1{/,null,UNAVAILABLE}{/ozoneManager}
2019-10-14 16:45:13,164 [main] INFO  server.AbstractConnector (AbstractConnector.java:doStop(318)) - Stopped ServerConnector@2bfc2f8b{HTTP/1.1,[http/1.1]}{0.0.0.0:0}
2019-10-14 16:45:13,164 [main] INFO  handler.ContextHandler (ContextHandler.java:doStop(910)) - Stopped o.e.j.s.ServletContextHandler@ee96866{/static,file:///workdir/hadoop-ozone/integration-test/target/test-classes/webapps/static,UNAVAILABLE}
2019-10-14 16:45:13,165 [main] INFO  handler.ContextHandler (ContextHandler.java:doStop(910)) - Stopped o.e.j.s.ServletContextHandler@71369e1a{/logs,file:///workdir/hadoop-ozone/integration-test/target/log,UNAVAILABLE}
2019-10-14 16:45:13,169 [main] INFO  ozone.MiniOzoneClusterImpl (MiniOzoneClusterImpl.java:stopDatanodes(377)) - Stopping the HddsDatanodes
2019-10-14 16:45:13,748 [Datanode State Machine Thread - 0] INFO  statemachine.DatanodeStateMachine (DatanodeStateMachine.java:lambda$startDaemon$0(350)) - Ozone container server started.
2019-10-14 16:45:14,003 [Datanode State Machine Thread - 0] INFO  statemachine.DatanodeStateMachine (DatanodeStateMachine.java:lambda$startDaemon$0(350)) - Ozone container server started.
2019-10-14 16:45:17,767 [EventQueue-StaleNodeForStaleNodeHandler] INFO  node.StaleNodeHandler (StaleNodeHandler.java:onMessage(58)) - Datanode e86dd251-6f74-4cac-acd7-ff3d16992f0f{ip: 192.168.151.105, host: pr-hdds-2196-2-9v7pc-2718207715, networkLocation: /default-rack, certSerialId: null} moved to stale state. Finalizing its pipelines [PipelineID=9c0efbc6-cc92-4605-9633-6f81b90fcf67, PipelineID=a6adac5e-fc75-4859-8800-68b0ef2ea906]
2019-10-14 16:45:17,768 [EventQueue-StaleNodeForStaleNodeHandler] INFO  pipeline.SCMPipelineManager (SCMPipelineManager.java:finalizeAndDestroyPipeline(315)) - destroying pipeline:Pipeline[ Id: 9c0efbc6-cc92-4605-9633-6f81b90fcf67, Nodes: e86dd251-6f74-4cac-acd7-ff3d16992f0f{ip: 192.168.151.105, host: pr-hdds-2196-2-9v7pc-2718207715, networkLocation: /default-rack, certSerialId: null}, Type:RATIS, Factor:ONE, State:OPEN]
2019-10-14 16:45:17,769 [EventQueue-StaleNodeForStaleNodeHandler] INFO  pipeline.PipelineStateManager (PipelineStateManager.java:finalizePipeline(123)) - Pipeline Pipeline[ Id: 9c0efbc6-cc92-4605-9633-6f81b90fcf67, Nodes: e86dd251-6f74-4cac-acd7-ff3d16992f0f{ip: 192.168.151.105, host: pr-hdds-2196-2-9v7pc-2718207715, networkLocation: /default-rack, certSerialId: null}, Type:RATIS, Factor:ONE, State:CLOSED] moved to CLOSED state
2019-10-14 16:45:17,770 [EventQueue-StaleNodeForStaleNodeHandler] INFO  pipeline.SCMPipelineManager (SCMPipelineManager.java:finalizeAndDestroyPipeline(315)) - destroying pipeline:Pipeline[ Id: a6adac5e-fc75-4859-8800-68b0ef2ea906, Nodes: c1399525-796b-484f-a475-1762a8beefc2{ip: 192.168.151.105, host: pr-hdds-2196-2-9v7pc-2718207715, networkLocation: /default-rack, certSerialId: null}83cf07e6-c6c9-4dfc-9b3d-6b26bd32bb9d{ip: 192.168.151.105, host: pr-hdds-2196-2-9v7pc-2718207715, networkLocation: /default-rack, certSerialId: null}e86dd251-6f74-4cac-acd7-ff3d16992f0f{ip: 192.168.151.105, host: pr-hdds-2196-2-9v7pc-2718207715, networkLocation: /default-rack, certSerialId: null}, Type:RATIS, Factor:THREE, State:OPEN]
2019-10-14 16:45:17,770 [EventQueue-StaleNodeForStaleNodeHandler] INFO  pipeline.PipelineStateManager (PipelineStateManager.java:finalizePipeline(123)) - Pipeline Pipeline[ Id: a6adac5e-fc75-4859-8800-68b0ef2ea906, Nodes: c1399525-796b-484f-a475-1762a8beefc2{ip: 192.168.151.105, host: pr-hdds-2196-2-9v7pc-2718207715, networkLocation: /default-rack, certSerialId: null}83cf07e6-c6c9-4dfc-9b3d-6b26bd32bb9d{ip: 192.168.151.105, host: pr-hdds-2196-2-9v7pc-2718207715, networkLocation: /default-rack, certSerialId: null}e86dd251-6f74-4cac-acd7-ff3d16992f0f{ip: 192.168.151.105, host: pr-hdds-2196-2-9v7pc-2718207715, networkLocation: /default-rack, certSerialId: null}, Type:RATIS, Factor:THREE, State:CLOSED] moved to CLOSED state
2019-10-14 16:45:17,770 [EventQueue-CloseContainerForCloseContainerEventHandler] INFO  container.CloseContainerEventHandler (CloseContainerEventHandler.java:onMessage(61)) - Close container Event triggered for container : #2
2019-10-14 16:45:18,068 [EventQueue-StaleNodeForStaleNodeHandler] INFO  node.StaleNodeHandler (StaleNodeHandler.java:onMessage(58)) - Datanode 071bdbc1-9e52-4fae-967b-1fa1f5e783d7{ip: 192.168.151.105, host: pr-hdds-2196-2-9v7pc-2718207715, networkLocation: /default-rack, certSerialId: null} moved to stale state. Finalizing its pipelines [PipelineID=f44651a7-04e8-43a7-a06e-a6c9bb36d5a8, PipelineID=5c5c6ac9-a7c0-454f-9bc4-1c542e4b3b46]
2019-10-14 16:45:18,071 [EventQueue-StaleNodeForStaleNodeHandler] INFO  pipeline.SCMPipelineManager (SCMPipelineManager.java:finalizeAndDestroyPipeline(315)) - destroying pipeline:Pipeline[ Id: f44651a7-04e8-43a7-a06e-a6c9bb36d5a8, Nodes: 071bdbc1-9e52-4fae-967b-1fa1f5e783d7{ip: 192.168.151.105, host: pr-hdds-2196-2-9v7pc-2718207715, networkLocation: /default-rack, certSerialId: null}, Type:RATIS, Factor:ONE, State:OPEN]
2019-10-14 16:45:18,071 [EventQueue-StaleNodeForStaleNodeHandler] INFO  pipeline.PipelineStateManager (PipelineStateManager.java:finalizePipeline(123)) - Pipeline Pipeline[ Id: f44651a7-04e8-43a7-a06e-a6c9bb36d5a8, Nodes: 071bdbc1-9e52-4fae-967b-1fa1f5e783d7{ip: 192.168.151.105, host: pr-hdds-2196-2-9v7pc-2718207715, networkLocation: /default-rack, certSerialId: null}, Type:RATIS, Factor:ONE, State:CLOSED] moved to CLOSED state
2019-10-14 16:45:18,071 [EventQueue-StaleNodeForStaleNodeHandler] INFO  pipeline.SCMPipelineManager (SCMPipelineManager.java:finalizeAndDestroyPipeline(315)) - destroying pipeline:Pipeline[ Id: 5c5c6ac9-a7c0-454f-9bc4-1c542e4b3b46, Nodes: 23234339-cf95-4061-a646-5f14882637eb{ip: 192.168.151.105, host: pr-hdds-2196-2-9v7pc-2718207715, networkLocation: /default-rack, certSerialId: null}842ea96e-9318-4418-983b-6ddb7c91a035{ip: 192.168.151.105, host: pr-hdds-2196-2-9v7pc-2718207715, networkLocation: /default-rack, certSerialId: null}071bdbc1-9e52-4fae-967b-1fa1f5e783d7{ip: 192.168.151.105, host: pr-hdds-2196-2-9v7pc-2718207715, networkLocation: /default-rack, certSerialId: null}, Type:RATIS, Factor:THREE, State:OPEN]
2019-10-14 16:45:18,072 [EventQueue-StaleNodeForStaleNodeHandler] INFO  pipeline.PipelineStateManager (PipelineStateManager.java:finalizePipeline(123)) - Pipeline Pipeline[ Id: 5c5c6ac9-a7c0-454f-9bc4-1c542e4b3b46, Nodes: 23234339-cf95-4061-a646-5f14882637eb{ip: 192.168.151.105, host: pr-hdds-2196-2-9v7pc-2718207715, networkLocation: /default-rack, certSerialId: null}842ea96e-9318-4418-983b-6ddb7c91a035{ip: 192.168.151.105, host: pr-hdds-2196-2-9v7pc-2718207715, networkLocation: /default-rack, certSerialId: null}071bdbc1-9e52-4fae-967b-1fa1f5e783d7{ip: 192.168.151.105, host: pr-hdds-2196-2-9v7pc-2718207715, networkLocation: /default-rack, certSerialId: null}, Type:RATIS, Factor:THREE, State:CLOSED] moved to CLOSED state
2019-10-14 16:45:18,072 [EventQueue-CloseContainerForCloseContainerEventHandler] INFO  container.CloseContainerEventHandler (CloseContainerEventHandler.java:onMessage(61)) - Close container Event triggered for container : #3
2019-10-14 16:45:18,171 [main] INFO  ozoneimpl.OzoneContainer (OzoneContainer.java:stop(227)) - Attempting to stop container services.
2019-10-14 16:45:18,171 [ForkJoinPool.commonPool-worker-0] INFO  ozoneimpl.OzoneContainer (OzoneContainer.java:stop(227)) - Attempting to stop container services.
2019-10-14 16:45:18,175 [main] INFO  impl.RaftServerProxy (RaftServerProxy.java:lambda$close$4(314)) - 071bdbc1-9e52-4fae-967b-1fa1f5e783d7: close
2019-10-14 16:45:18,175 [ForkJoinPool.commonPool-worker-0] INFO  impl.RaftServerProxy (RaftServerProxy.java:lambda$close$4(314)) - e86dd251-6f74-4cac-acd7-ff3d16992f0f: close
2019-10-14 16:45:18,176 [main] INFO  impl.RaftServerImpl (RaftServerImpl.java:lambda$shutdown$3(247)) - 071bdbc1-9e52-4fae-967b-1fa1f5e783d7@group-A6C9BB36D5A8: shutdown
2019-10-14 16:45:18,176 [ForkJoinPool.commonPool-worker-0] INFO  impl.RaftServerImpl (RaftServerImpl.java:lambda$shutdown$3(247)) - e86dd251-6f74-4cac-acd7-ff3d16992f0f@group-6F81B90FCF67: shutdown
2019-10-14 16:45:18,176 [main] INFO  util.JmxRegister (JmxRegister.java:unregister(73)) - Successfully un-registered JMX Bean with object name Ratis:service=RaftServer,group=group-A6C9BB36D5A8,id=071bdbc1-9e52-4fae-967b-1fa1f5e783d7
2019-10-14 16:45:18,176 [ForkJoinPool.commonPool-worker-0] INFO  util.JmxRegister (JmxRegister.java:unregister(73)) - Successfully un-registered JMX Bean with object name Ratis:service=RaftServer,group=group-6F81B90FCF67,id=e86dd251-6f74-4cac-acd7-ff3d16992f0f
2019-10-14 16:45:18,177 [main] INFO  impl.RoleInfo (RoleInfo.java:shutdownLeaderState(104)) - 071bdbc1-9e52-4fae-967b-1fa1f5e783d7: shutdown LeaderState
2019-10-14 16:45:18,177 [ForkJoinPool.commonPool-worker-0] INFO  impl.RoleInfo (RoleInfo.java:shutdownLeaderState(104)) - e86dd251-6f74-4cac-acd7-ff3d16992f0f: shutdown LeaderState
2019-10-14 16:45:18,177 [main] INFO  impl.PendingRequests (PendingRequests.java:sendNotLeaderResponses(202)) - 071bdbc1-9e52-4fae-967b-1fa1f5e783d7@group-A6C9BB36D5A8-PendingRequests: sendNotLeaderResponses
2019-10-14 16:45:18,177 [ForkJoinPool.commonPool-worker-0] INFO  impl.PendingRequests (PendingRequests.java:sendNotLeaderResponses(202)) - e86dd251-6f74-4cac-acd7-ff3d16992f0f@group-6F81B90FCF67-PendingRequests: sendNotLeaderResponses
2019-10-14 16:45:18,178 [main] INFO  impl.StateMachineUpdater (StateMachineUpdater.java:stopAndJoin(136)) - 071bdbc1-9e52-4fae-967b-1fa1f5e783d7@group-A6C9BB36D5A8-StateMachineUpdater: set stopIndex = 0
2019-10-14 16:45:18,178 [ForkJoinPool.commonPool-worker-0] INFO  impl.StateMachineUpdater (StateMachineUpdater.java:stopAndJoin(136)) - e86dd251-6f74-4cac-acd7-ff3d16992f0f@group-6F81B90FCF67-StateMachineUpdater: set stopIndex = 0
2019-10-14 16:45:18,178 [main] INFO  impl.RaftServerImpl (ServerState.java:close(387)) - 071bdbc1-9e52-4fae-967b-1fa1f5e783d7@group-A6C9BB36D5A8: closes. applyIndex: 0
2019-10-14 16:45:18,178 [ForkJoinPool.commonPool-worker-0] INFO  impl.RaftServerImpl (ServerState.java:close(387)) - e86dd251-6f74-4cac-acd7-ff3d16992f0f@group-6F81B90FCF67: closes. applyIndex: 0
2019-10-14 16:45:18,179 [071bdbc1-9e52-4fae-967b-1fa1f5e783d7@group-A6C9BB36D5A8-SegmentedRaftLogWorker] INFO  segmented.SegmentedRaftLogWorker (SegmentedRaftLogWorker.java:run(316)) - 071bdbc1-9e52-4fae-967b-1fa1f5e783d7@group-A6C9BB36D5A8-SegmentedRaftLogWorker was interrupted, exiting. There are 0 tasks remaining in the queue.
2019-10-14 16:45:18,183 [main] INFO  segmented.SegmentedRaftLogWorker (SegmentedRaftLogWorker.java:close(224)) - 071bdbc1-9e52-4fae-967b-1fa1f5e783d7@group-A6C9BB36D5A8-SegmentedRaftLogWorker close()
2019-10-14 16:45:18,183 [e86dd251-6f74-4cac-acd7-ff3d16992f0f@group-6F81B90FCF67-SegmentedRaftLogWorker] INFO  segmented.SegmentedRaftLogWorker (SegmentedRaftLogWorker.java:run(316)) - e86dd251-6f74-4cac-acd7-ff3d16992f0f@group-6F81B90FCF67-SegmentedRaftLogWorker was interrupted, exiting. There are 0 tasks remaining in the queue.
2019-10-14 16:45:18,186 [main] INFO  impl.RaftServerImpl (RaftServerImpl.java:lambda$shutdown$3(247)) - 071bdbc1-9e52-4fae-967b-1fa1f5e783d7@group-1C542E4B3B46: shutdown
2019-10-14 16:45:18,188 [ForkJoinPool.commonPool-worker-0] INFO  segmented.SegmentedRaftLogWorker (SegmentedRaftLogWorker.java:close(224)) - e86dd251-6f74-4cac-acd7-ff3d16992f0f@group-6F81B90FCF67-SegmentedRaftLogWorker close()
2019-10-14 16:45:18,188 [main] INFO  util.JmxRegister (JmxRegister.java:unregister(73)) - Successfully un-registered JMX Bean with object name Ratis:service=RaftServer,group=group-1C542E4B3B46,id=071bdbc1-9e52-4fae-967b-1fa1f5e783d7
2019-10-14 16:45:18,192 [main] INFO  impl.RoleInfo (RoleInfo.java:shutdownLeaderState(104)) - 071bdbc1-9e52-4fae-967b-1fa1f5e783d7: shutdown LeaderState
2019-10-14 16:45:18,192 [ForkJoinPool.commonPool-worker-0] INFO  impl.RaftServerImpl (RaftServerImpl.java:lambda$shutdown$3(247)) - e86dd251-6f74-4cac-acd7-ff3d16992f0f@group-68B0EF2EA906: shutdown
2019-10-14 16:45:18,196 [org.apache.ratis.server.impl.LogAppender$AppenderDaemon$$Lambda$537/1054492389@56fa0dc4] WARN  server.GrpcLogAppender (GrpcLogAppender.java:mayWait(143)) - 071bdbc1-9e52-4fae-967b-1fa1f5e783d7@group-1C542E4B3B46->842ea96e-9318-4418-983b-6ddb7c91a035-GrpcLogAppender: Wait interrupted by java.lang.InterruptedException
2019-10-14 16:45:18,196 [org.apache.ratis.server.impl.LogAppender$AppenderDaemon$$Lambda$537/1054492389@4831c026] WARN  server.GrpcLogAppender (GrpcLogAppender.java:mayWait(143)) - 071bdbc1-9e52-4fae-967b-1fa1f5e783d7@group-1C542E4B3B46->23234339-cf95-4061-a646-5f14882637eb-GrpcLogAppender: Wait interrupted by java.lang.InterruptedException
2019-10-14 16:45:18,196 [main] INFO  impl.PendingRequests (PendingRequests.java:sendNotLeaderResponses(202)) - 071bdbc1-9e52-4fae-967b-1fa1f5e783d7@group-1C542E4B3B46-PendingRequests: sendNotLeaderResponses
2019-10-14 16:45:18,197 [grpc-default-executor-14] INFO  server.GrpcServerProtocolService (GrpcServerProtocolService.java:onCompleted(113)) - 23234339-cf95-4061-a646-5f14882637eb: Completed APPEND_ENTRIES, lastRequest: 071bdbc1-9e52-4fae-967b-1fa1f5e783d7->23234339-cf95-4061-a646-5f14882637eb#17-t1, previous=(t:1, i:13), leaderCommit=13, initializing? false, entries: <empty>
2019-10-14 16:45:18,197 [ForkJoinPool.commonPool-worker-0] INFO  util.JmxRegister (JmxRegister.java:unregister(73)) - Successfully un-registered JMX Bean with object name Ratis:service=RaftServer,group=group-68B0EF2EA906,id=e86dd251-6f74-4cac-acd7-ff3d16992f0f
2019-10-14 16:45:18,201 [ForkJoinPool.commonPool-worker-0] INFO  impl.RoleInfo (RoleInfo.java:shutdownLeaderState(104)) - e86dd251-6f74-4cac-acd7-ff3d16992f0f: shutdown LeaderState
2019-10-14 16:45:18,197 [grpc-default-executor-10] INFO  server.GrpcServerProtocolService (GrpcServerProtocolService.java:onCompleted(113)) - 842ea96e-9318-4418-983b-6ddb7c91a035: Completed APPEND_ENTRIES, lastRequest: 071bdbc1-9e52-4fae-967b-1fa1f5e783d7->842ea96e-9318-4418-983b-6ddb7c91a035#17-t1, previous=(t:1, i:13), leaderCommit=13, initializing? false, entries: <empty>
2019-10-14 16:45:18,203 [org.apache.ratis.server.impl.LogAppender$AppenderDaemon$$Lambda$537/1054492389@15197bce] WARN  server.GrpcLogAppender (GrpcLogAppender.java:mayWait(143)) - e86dd251-6f74-4cac-acd7-ff3d16992f0f@group-68B0EF2EA906->c1399525-796b-484f-a475-1762a8beefc2-GrpcLogAppender: Wait interrupted by java.lang.InterruptedException
2019-10-14 16:45:18,207 [grpc-default-executor-9] INFO  server.GrpcLogAppender (GrpcLogAppender.java:onCompleted(293)) - 071bdbc1-9e52-4fae-967b-1fa1f5e783d7@group-1C542E4B3B46->23234339-cf95-4061-a646-5f14882637eb-AppendLogResponseHandler: follower responses appendEntries COMPLETED
2019-10-14 16:45:18,206 [org.apache.ratis.server.impl.LogAppender$AppenderDaemon$$Lambda$537/1054492389@539ae0f8] WARN  server.GrpcLogAppender (GrpcLogAppender.java:mayWait(143)) - e86dd251-6f74-4cac-acd7-ff3d16992f0f@group-68B0EF2EA906->83cf07e6-c6c9-4dfc-9b3d-6b26bd32bb9d-GrpcLogAppender: Wait interrupted by java.lang.InterruptedException
2019-10-14 16:45:18,206 [ForkJoinPool.commonPool-worker-0] INFO  impl.PendingRequests (PendingRequests.java:sendNotLeaderResponses(202)) - e86dd251-6f74-4cac-acd7-ff3d16992f0f@group-68B0EF2EA906-PendingRequests: sendNotLeaderResponses
2019-10-14 16:45:18,201 [071bdbc1-9e52-4fae-967b-1fa1f5e783d7@group-1C542E4B3B46-StateMachineUpdater] INFO  ratis.ContainerStateMachine (ContainerStateMachine.java:takeSnapshot(294)) - group-1C542E4B3B46: Taking a snapshot at:(t:1, i:13) file /workdir/hadoop-ozone/integration-test/target/test-dir/MiniOzoneClusterImpl-3bcee4e0-c750-460d-9485-7765d796aaea/datanode-4/data/ratis/5c5c6ac9-a7c0-454f-9bc4-1c542e4b3b46/sm/snapshot.1_13
2019-10-14 16:45:18,201 [main] INFO  impl.StateMachineUpdater (StateMachineUpdater.java:stopAndJoin(136)) - 071bdbc1-9e52-4fae-967b-1fa1f5e783d7@group-1C542E4B3B46-StateMachineUpdater: set stopIndex = 13
2019-10-14 16:45:18,214 [grpc-default-executor-8] INFO  server.GrpcServerProtocolService (GrpcServerProtocolService.java:onCompleted(113)) - 83cf07e6-c6c9-4dfc-9b3d-6b26bd32bb9d: Completed APPEND_ENTRIES, lastRequest: e86dd251-6f74-4cac-acd7-ff3d16992f0f->83cf07e6-c6c9-4dfc-9b3d-6b26bd32bb9d#10-t1, previous=(t:1, i:6), leaderCommit=6, initializing? false, entries: <empty>
2019-10-14 16:45:18,214 [grpc-default-executor-9] INFO  impl.FollowerInfo (FollowerInfo.java:lambda$new$0(51)) - 071bdbc1-9e52-4fae-967b-1fa1f5e783d7@group-1C542E4B3B46->23234339-cf95-4061-a646-5f14882637eb: nextIndex: updateUnconditionally 14 -> 13
2019-10-14 16:45:18,214 [e86dd251-6f74-4cac-acd7-ff3d16992f0f@group-68B0EF2EA906-StateMachineUpdater] INFO  ratis.ContainerStateMachine (ContainerStateMachine.java:takeSnapshot(294)) - group-68B0EF2EA906: Taking a snapshot at:(t:1, i:6) file /workdir/hadoop-ozone/integration-test/target/test-dir/MiniOzoneClusterImpl-3bcee4e0-c750-460d-9485-7765d796aaea/datanode-1/data/ratis/a6adac5e-fc75-4859-8800-68b0ef2ea906/sm/snapshot.1_6
2019-10-14 16:45:18,215 [grpc-default-executor-16] INFO  server.GrpcLogAppender (GrpcLogAppender.java:onCompleted(293)) - e86dd251-6f74-4cac-acd7-ff3d16992f0f@group-68B0EF2EA906->83cf07e6-c6c9-4dfc-9b3d-6b26bd32bb9d-AppendLogResponseHandler: follower responses appendEntries COMPLETED
2019-10-14 16:45:18,213 [ForkJoinPool.commonPool-worker-0] INFO  impl.StateMachineUpdater (StateMachineUpdater.java:stopAndJoin(136)) - e86dd251-6f74-4cac-acd7-ff3d16992f0f@group-68B0EF2EA906-StateMachineUpdater: set stopIndex = 6
2019-10-14 16:45:18,207 [grpc-default-executor-10] INFO  server.GrpcLogAppender (GrpcLogAppender.java:onCompleted(293)) - 071bdbc1-9e52-4fae-967b-1fa1f5e783d7@group-1C542E4B3B46->842ea96e-9318-4418-983b-6ddb7c91a035-AppendLogResponseHandler: follower responses appendEntries COMPLETED
2019-10-14 16:45:18,207 [grpc-default-executor-14] INFO  server.GrpcServerProtocolService (GrpcServerProtocolService.java:onCompleted(113)) - c1399525-796b-484f-a475-1762a8beefc2: Completed APPEND_ENTRIES, lastRequest: e86dd251-6f74-4cac-acd7-ff3d16992f0f->c1399525-796b-484f-a475-1762a8beefc2#10-t1, previous=(t:1, i:6), leaderCommit=6, initializing? false, entries: <empty>
2019-10-14 16:45:18,215 [grpc-default-executor-16] INFO  impl.FollowerInfo (FollowerInfo.java:lambda$new$0(51)) - e86dd251-6f74-4cac-acd7-ff3d16992f0f@group-68B0EF2EA906->83cf07e6-c6c9-4dfc-9b3d-6b26bd32bb9d: nextIndex: updateUnconditionally 7 -> 6
2019-10-14 16:45:18,216 [grpc-default-executor-14] INFO  server.GrpcLogAppender (GrpcLogAppender.java:onCompleted(293)) - e86dd251-6f74-4cac-acd7-ff3d16992f0f@group-68B0EF2EA906->c1399525-796b-484f-a475-1762a8beefc2-AppendLogResponseHandler: follower responses appendEntries COMPLETED
2019-10-14 16:45:18,215 [grpc-default-executor-10] INFO  impl.FollowerInfo (FollowerInfo.java:lambda$new$0(51)) - 071bdbc1-9e52-4fae-967b-1fa1f5e783d7@group-1C542E4B3B46->842ea96e-9318-4418-983b-6ddb7c91a035: nextIndex: updateUnconditionally 14 -> 13
2019-10-14 16:45:18,216 [grpc-default-executor-14] INFO  impl.FollowerInfo (FollowerInfo.java:lambda$new$0(51)) - e86dd251-6f74-4cac-acd7-ff3d16992f0f@group-68B0EF2EA906->c1399525-796b-484f-a475-1762a8beefc2: nextIndex: updateUnconditionally 7 -> 6
2019-10-14 16:45:18,256 [071bdbc1-9e52-4fae-967b-1fa1f5e783d7@group-1C542E4B3B46-StateMachineUpdater] INFO  ratis.ContainerStateMachine (ContainerStateMachine.java:takeSnapshot(305)) - group-1C542E4B3B46: Finished taking a snapshot at:(t:1, i:13) file:/workdir/hadoop-ozone/integration-test/target/test-dir/MiniOzoneClusterImpl-3bcee4e0-c750-460d-9485-7765d796aaea/datanode-4/data/ratis/5c5c6ac9-a7c0-454f-9bc4-1c542e4b3b46/sm/snapshot.1_13 time:55
2019-10-14 16:45:18,256 [e86dd251-6f74-4cac-acd7-ff3d16992f0f@group-68B0EF2EA906-StateMachineUpdater] INFO  ratis.ContainerStateMachine (ContainerStateMachine.java:takeSnapshot(305)) - group-68B0EF2EA906: Finished taking a snapshot at:(t:1, i:6) file:/workdir/hadoop-ozone/integration-test/target/test-dir/MiniOzoneClusterImpl-3bcee4e0-c750-460d-9485-7765d796aaea/datanode-1/data/ratis/a6adac5e-fc75-4859-8800-68b0ef2ea906/sm/snapshot.1_6 time:43
2019-10-14 16:45:18,256 [071bdbc1-9e52-4fae-967b-1fa1f5e783d7@group-1C542E4B3B46-StateMachineUpdater] INFO  impl.StateMachineUpdater (StateMachineUpdater.java:takeSnapshot(269)) - 071bdbc1-9e52-4fae-967b-1fa1f5e783d7@group-1C542E4B3B46-StateMachineUpdater: Took a snapshot at index 13
2019-10-14 16:45:18,256 [071bdbc1-9e52-4fae-967b-1fa1f5e783d7@group-1C542E4B3B46-StateMachineUpdater] INFO  impl.StateMachineUpdater (StateMachineUpdater.java:lambda$new$0(84)) - 071bdbc1-9e52-4fae-967b-1fa1f5e783d7@group-1C542E4B3B46-StateMachineUpdater: snapshotIndex: updateIncreasingly -1 -> 13
2019-10-14 16:45:18,256 [e86dd251-6f74-4cac-acd7-ff3d16992f0f@group-68B0EF2EA906-StateMachineUpdater] INFO  impl.StateMachineUpdater (StateMachineUpdater.java:takeSnapshot(269)) - e86dd251-6f74-4cac-acd7-ff3d16992f0f@group-68B0EF2EA906-StateMachineUpdater: Took a snapshot at index 6
2019-10-14 16:45:18,257 [e86dd251-6f74-4cac-acd7-ff3d16992f0f@group-68B0EF2EA906-StateMachineUpdater] INFO  impl.StateMachineUpdater (StateMachineUpdater.java:lambda$new$0(84)) - e86dd251-6f74-4cac-acd7-ff3d16992f0f@group-68B0EF2EA906-StateMachineUpdater: snapshotIndex: updateIncreasingly -1 -> 6
2019-10-14 16:45:18,257 [main] INFO  impl.RaftServerImpl (ServerState.java:close(387)) - 071bdbc1-9e52-4fae-967b-1fa1f5e783d7@group-1C542E4B3B46: closes. applyIndex: 13
2019-10-14 16:45:18,257 [ForkJoinPool.commonPool-worker-0] INFO  impl.RaftServerImpl (ServerState.java:close(387)) - e86dd251-6f74-4cac-acd7-ff3d16992f0f@group-68B0EF2EA906: closes. applyIndex: 6
2019-10-14 16:45:18,257 [071bdbc1-9e52-4fae-967b-1fa1f5e783d7@group-1C542E4B3B46-SegmentedRaftLogWorker] INFO  segmented.SegmentedRaftLogWorker (SegmentedRaftLogWorker.java:run(316)) - 071bdbc1-9e52-4fae-967b-1fa1f5e783d7@group-1C542E4B3B46-SegmentedRaftLogWorker was interrupted, exiting. There are 0 tasks remaining in the queue.
2019-10-14 16:45:18,257 [e86dd251-6f74-4cac-acd7-ff3d16992f0f@group-68B0EF2EA906-SegmentedRaftLogWorker] INFO  segmented.SegmentedRaftLogWorker (SegmentedRaftLogWorker.java:run(316)) - e86dd251-6f74-4cac-acd7-ff3d16992f0f@group-68B0EF2EA906-SegmentedRaftLogWorker was interrupted, exiting. There are 0 tasks remaining in the queue.
2019-10-14 16:45:18,261 [main] INFO  segmented.SegmentedRaftLogWorker (SegmentedRaftLogWorker.java:close(224)) - 071bdbc1-9e52-4fae-967b-1fa1f5e783d7@group-1C542E4B3B46-SegmentedRaftLogWorker close()
2019-10-14 16:45:18,264 [ForkJoinPool.commonPool-worker-0] INFO  segmented.SegmentedRaftLogWorker (SegmentedRaftLogWorker.java:close(224)) - e86dd251-6f74-4cac-acd7-ff3d16992f0f@group-68B0EF2EA906-SegmentedRaftLogWorker close()
2019-10-14 16:45:18,270 [main] INFO  server.GrpcService (GrpcService.java:closeImpl(164)) - 071bdbc1-9e52-4fae-967b-1fa1f5e783d7: shutdown server with port 43451 now
2019-10-14 16:45:18,276 [ForkJoinPool.commonPool-worker-0] INFO  server.GrpcService (GrpcService.java:closeImpl(164)) - e86dd251-6f74-4cac-acd7-ff3d16992f0f: shutdown server with port 43222 now
2019-10-14 16:45:18,276 [main] INFO  server.GrpcService (GrpcService.java:closeImpl(172)) - 071bdbc1-9e52-4fae-967b-1fa1f5e783d7: shutdown server with port 43451 successfully
2019-10-14 16:45:18,276 [ForkJoinPool.commonPool-worker-0] INFO  server.GrpcService (GrpcService.java:closeImpl(172)) - e86dd251-6f74-4cac-acd7-ff3d16992f0f: shutdown server with port 43222 successfully
2019-10-14 16:45:18,276 [grpc-default-executor-10] WARN  client.GrpcClientProtocolService (LogUtils.java:warn(134)) - 1-UnorderedRequestStreamObserver1: onError: org.apache.ratis.thirdparty.io.grpc.StatusRuntimeException: CANCELLED: cancelled before receiving half close
2019-10-14 16:45:18,280 [refreshUsed-/workdir/hadoop-ozone/integration-test/target/test-dir/MiniOzoneClusterImpl-3bcee4e0-c750-460d-9485-7765d796aaea/datanode-1/data/containers] WARN  fs.CachingGetSpaceUsed (CachingGetSpaceUsed.java:run(183)) - Thread Interrupted waiting to refresh disk information: sleep interrupted
2019-10-14 16:45:18,281 [refreshUsed-/workdir/hadoop-ozone/integration-test/target/test-dir/MiniOzoneClusterImpl-3bcee4e0-c750-460d-9485-7765d796aaea/datanode-4/data/containers] WARN  fs.CachingGetSpaceUsed (CachingGetSpaceUsed.java:run(183)) - Thread Interrupted waiting to refresh disk information: sleep interrupted
2019-10-14 16:45:18,298 [ForkJoinPool.commonPool-worker-0] INFO  utils.BackgroundService (BackgroundService.java:shutdown(151)) - Shutting down service BlockDeletingService
2019-10-14 16:45:18,321 [ForkJoinPool.commonPool-worker-0] INFO  statemachine.DatanodeStateMachine (DatanodeStateMachine.java:stopDaemon(395)) - Ozone container server stopped.
2019-10-14 16:45:18,328 [ForkJoinPool.commonPool-worker-0] INFO  handler.ContextHandler (ContextHandler.java:doStop(910)) - Stopped o.e.j.w.WebAppContext@66b0e207{/,null,UNAVAILABLE}{/hddsDatanode}
2019-10-14 16:45:18,329 [ForkJoinPool.commonPool-worker-0] INFO  server.AbstractConnector (AbstractConnector.java:doStop(318)) - Stopped ServerConnector@74a58a06{HTTP/1.1,[http/1.1]}{0.0.0.0:0}
2019-10-14 16:45:18,335 [ForkJoinPool.commonPool-worker-0] INFO  handler.ContextHandler (ContextHandler.java:doStop(910)) - Stopped o.e.j.s.ServletContextHandler@52bba91a{/static,jar:file:/home/user/.m2/repository/org/apache/hadoop/hadoop-hdds-container-service/0.5.0-SNAPSHOT/hadoop-hdds-container-service-0.5.0-SNAPSHOT.jar!/webapps/static,UNAVAILABLE}
2019-10-14 16:45:18,335 [ForkJoinPool.commonPool-worker-0] INFO  handler.ContextHandler (ContextHandler.java:doStop(910)) - Stopped o.e.j.s.ServletContextHandler@3070f3e6{/logs,file:///workdir/hadoop-ozone/integration-test/target/log,UNAVAILABLE}
2019-10-14 16:45:18,342 [main] INFO  utils.BackgroundService (BackgroundService.java:shutdown(151)) - Shutting down service BlockDeletingService
2019-10-14 16:45:18,347 [main] INFO  statemachine.DatanodeStateMachine (DatanodeStateMachine.java:stopDaemon(395)) - Ozone container server stopped.
2019-10-14 16:45:18,348 [main] INFO  handler.ContextHandler (ContextHandler.java:doStop(910)) - Stopped o.e.j.w.WebAppContext@75ed125a{/,null,UNAVAILABLE}{/hddsDatanode}
2019-10-14 16:45:18,349 [main] INFO  server.AbstractConnector (AbstractConnector.java:doStop(318)) - Stopped ServerConnector@653a5967{HTTP/1.1,[http/1.1]}{0.0.0.0:0}
2019-10-14 16:45:18,349 [main] INFO  handler.ContextHandler (ContextHandler.java:doStop(910)) - Stopped o.e.j.s.ServletContextHandler@1182413a{/static,jar:file:/home/user/.m2/repository/org/apache/hadoop/hadoop-hdds-container-service/0.5.0-SNAPSHOT/hadoop-hdds-container-service-0.5.0-SNAPSHOT.jar!/webapps/static,UNAVAILABLE}
2019-10-14 16:45:18,350 [main] INFO  handler.ContextHandler (ContextHandler.java:doStop(910)) - Stopped o.e.j.s.ServletContextHandler@7ead1d80{/logs,file:///workdir/hadoop-ozone/integration-test/target/log,UNAVAILABLE}
2019-10-14 16:45:18,748 [Datanode State Machine Thread - 0] INFO  statemachine.DatanodeStateMachine (DatanodeStateMachine.java:lambda$startDaemon$0(350)) - Ozone container server started.
2019-10-14 16:45:19,002 [Datanode State Machine Thread - 0] INFO  statemachine.DatanodeStateMachine (DatanodeStateMachine.java:lambda$startDaemon$0(350)) - Ozone container server started.
2019-10-14 16:45:22,777 [EventQueue-StaleNodeForStaleNodeHandler] INFO  node.StaleNodeHandler (StaleNodeHandler.java:onMessage(58)) - Datanode c1399525-796b-484f-a475-1762a8beefc2{ip: 192.168.151.105, host: pr-hdds-2196-2-9v7pc-2718207715, networkLocation: /default-rack, certSerialId: null} moved to stale state. Finalizing its pipelines [PipelineID=a6adac5e-fc75-4859-8800-68b0ef2ea906, PipelineID=4e71cf57-e94b-49ff-a0f4-3c7093eba833]
2019-10-14 16:45:22,981 [EventQueue-StaleNodeForStaleNodeHandler] INFO  pipeline.SCMPipelineManager (SCMPipelineManager.java:finalizeAndDestroyPipeline(315)) - destroying pipeline:Pipeline[ Id: a6adac5e-fc75-4859-8800-68b0ef2ea906, Nodes: c1399525-796b-484f-a475-1762a8beefc2{ip: 192.168.151.105, host: pr-hdds-2196-2-9v7pc-2718207715, networkLocation: /default-rack, certSerialId: null}83cf07e6-c6c9-4dfc-9b3d-6b26bd32bb9d{ip: 192.168.151.105, host: pr-hdds-2196-2-9v7pc-2718207715, networkLocation: /default-rack, certSerialId: null}e86dd251-6f74-4cac-acd7-ff3d16992f0f{ip: 192.168.151.105, host: pr-hdds-2196-2-9v7pc-2718207715, networkLocation: /default-rack, certSerialId: null}, Type:RATIS, Factor:THREE, State:CLOSED]
2019-10-14 16:45:23,085 [EventQueue-StaleNodeForStaleNodeHandler] INFO  pipeline.SCMPipelineManager (SCMPipelineManager.java:finalizeAndDestroyPipeline(315)) - destroying pipeline:Pipeline[ Id: 4e71cf57-e94b-49ff-a0f4-3c7093eba833, Nodes: c1399525-796b-484f-a475-1762a8beefc2{ip: 192.168.151.105, host: pr-hdds-2196-2-9v7pc-2718207715, networkLocation: /default-rack, certSerialId: null}, Type:RATIS, Factor:ONE, State:OPEN]
2019-10-14 16:45:23,086 [EventQueue-StaleNodeForStaleNodeHandler] INFO  pipeline.PipelineStateManager (PipelineStateManager.java:finalizePipeline(123)) - Pipeline Pipeline[ Id: 4e71cf57-e94b-49ff-a0f4-3c7093eba833, Nodes: c1399525-796b-484f-a475-1762a8beefc2{ip: 192.168.151.105, host: pr-hdds-2196-2-9v7pc-2718207715, networkLocation: /default-rack, certSerialId: null}, Type:RATIS, Factor:ONE, State:CLOSED] moved to CLOSED state
2019-10-14 16:45:23,102 [EventQueue-StaleNodeForStaleNodeHandler] INFO  node.StaleNodeHandler (StaleNodeHandler.java:onMessage(58)) - Datanode 23234339-cf95-4061-a646-5f14882637eb{ip: 192.168.151.105, host: pr-hdds-2196-2-9v7pc-2718207715, networkLocation: /default-rack, certSerialId: null} moved to stale state. Finalizing its pipelines [PipelineID=397d9722-dd85-4e8c-a4ed-0f583e6a9d9c, PipelineID=5c5c6ac9-a7c0-454f-9bc4-1c542e4b3b46]
2019-10-14 16:45:23,106 [EventQueue-StaleNodeForStaleNodeHandler] INFO  pipeline.SCMPipelineManager (SCMPipelineManager.java:finalizeAndDestroyPipeline(315)) - destroying pipeline:Pipeline[ Id: 397d9722-dd85-4e8c-a4ed-0f583e6a9d9c, Nodes: 23234339-cf95-4061-a646-5f14882637eb{ip: 192.168.151.105, host: pr-hdds-2196-2-9v7pc-2718207715, networkLocation: /default-rack, certSerialId: null}, Type:RATIS, Factor:ONE, State:OPEN]
2019-10-14 16:45:23,106 [EventQueue-StaleNodeForStaleNodeHandler] INFO  pipeline.PipelineStateManager (PipelineStateManager.java:finalizePipeline(123)) - Pipeline Pipeline[ Id: 397d9722-dd85-4e8c-a4ed-0f583e6a9d9c, Nodes: 23234339-cf95-4061-a646-5f14882637eb{ip: 192.168.151.105, host: pr-hdds-2196-2-9v7pc-2718207715, networkLocation: /default-rack, certSerialId: null}, Type:RATIS, Factor:ONE, State:CLOSED] moved to CLOSED state
2019-10-14 16:45:23,106 [EventQueue-StaleNodeForStaleNodeHandler] INFO  pipeline.SCMPipelineManager (SCMPipelineManager.java:finalizeAndDestroyPipeline(315)) - destroying pipeline:Pipeline[ Id: 5c5c6ac9-a7c0-454f-9bc4-1c542e4b3b46, Nodes: 23234339-cf95-4061-a646-5f14882637eb{ip: 192.168.151.105, host: pr-hdds-2196-2-9v7pc-2718207715, networkLocation: /default-rack, certSerialId: null}842ea96e-9318-4418-983b-6ddb7c91a035{ip: 192.168.151.105, host: pr-hdds-2196-2-9v7pc-2718207715, networkLocation: /default-rack, certSerialId: null}071bdbc1-9e52-4fae-967b-1fa1f5e783d7{ip: 192.168.151.105, host: pr-hdds-2196-2-9v7pc-2718207715, networkLocation: /default-rack, certSerialId: null}, Type:RATIS, Factor:THREE, State:CLOSED]
2019-10-14 16:45:23,222 [Thread-3650] INFO  impl.FollowerState (FollowerState.java:run(108)) - c1399525-796b-484f-a475-1762a8beefc2@group-68B0EF2EA906-FollowerState: change to CANDIDATE, lastRpcTime:7403ms, electionTimeout:5074ms
2019-10-14 16:45:23,226 [Thread-3650] INFO  impl.RoleInfo (RoleInfo.java:shutdownFollowerState(121)) - c1399525-796b-484f-a475-1762a8beefc2: shutdown FollowerState
2019-10-14 16:45:23,226 [Thread-3650] INFO  impl.RaftServerImpl (RaftServerImpl.java:setRole(170)) - c1399525-796b-484f-a475-1762a8beefc2@group-68B0EF2EA906: changes role from  FOLLOWER to CANDIDATE at term 1 for changeToCandidate
2019-10-14 16:45:23,226 [Thread-3650] INFO  impl.RoleInfo (RoleInfo.java:updateAndGet(143)) - c1399525-796b-484f-a475-1762a8beefc2: start LeaderElection
2019-10-14 16:45:23,227 [c1399525-796b-484f-a475-1762a8beefc2@group-68B0EF2EA906-LeaderElection90] INFO  impl.RaftServerImpl (ServerState.java:setLeader(255)) - c1399525-796b-484f-a475-1762a8beefc2@group-68B0EF2EA906: change Leader from e86dd251-6f74-4cac-acd7-ff3d16992f0f to null at term 1 for initElection
2019-10-14 16:45:23,244 [c1399525-796b-484f-a475-1762a8beefc2@group-68B0EF2EA906-LeaderElection90] INFO  impl.LeaderElection (LeaderElection.java:askForVotes(178)) - c1399525-796b-484f-a475-1762a8beefc2@group-68B0EF2EA906-LeaderElection90: begin an election at term 2 for 0: [e86dd251-6f74-4cac-acd7-ff3d16992f0f:192.168.151.105:43222, c1399525-796b-484f-a475-1762a8beefc2:192.168.151.105:39655, 83cf07e6-c6c9-4dfc-9b3d-6b26bd32bb9d:192.168.151.105:36174], old=null
2019-10-14 16:45:23,283 [c1399525-796b-484f-a475-1762a8beefc2@group-68B0EF2EA906-LeaderElection90] INFO  impl.LeaderElection (LogUtils.java:infoOrTrace(149)) - c1399525-796b-484f-a475-1762a8beefc2@group-68B0EF2EA906-LeaderElection90 got exception when requesting votes: {}
java.util.concurrent.ExecutionException: org.apache.ratis.thirdparty.io.grpc.StatusRuntimeException: UNAVAILABLE: io exception
	at java.util.concurrent.FutureTask.report(FutureTask.java:122)
	at java.util.concurrent.FutureTask.get(FutureTask.java:192)
	at org.apache.ratis.server.impl.LeaderElection.waitForResults(LeaderElection.java:259)
	at org.apache.ratis.server.impl.LeaderElection.askForVotes(LeaderElection.java:197)
	at org.apache.ratis.server.impl.LeaderElection.run(LeaderElection.java:133)
	at java.lang.Thread.run(Thread.java:748)
Caused by: org.apache.ratis.thirdparty.io.grpc.StatusRuntimeException: UNAVAILABLE: io exception
	at org.apache.ratis.thirdparty.io.grpc.stub.ClientCalls.toStatusRuntimeException(ClientCalls.java:233)
	at org.apache.ratis.thirdparty.io.grpc.stub.ClientCalls.getUnchecked(ClientCalls.java:214)
	at org.apache.ratis.thirdparty.io.grpc.stub.ClientCalls.blockingUnaryCall(ClientCalls.java:139)
	at org.apache.ratis.proto.grpc.RaftServerProtocolServiceGrpc$RaftServerProtocolServiceBlockingStub.requestVote(RaftServerProtocolServiceGrpc.java:265)
	at org.apache.ratis.grpc.server.GrpcServerProtocolClient.requestVote(GrpcServerProtocolClient.java:99)
	at org.apache.ratis.grpc.server.GrpcService.requestVote(GrpcService.java:204)
	at org.apache.ratis.server.impl.LeaderElection.lambda$submitRequests$1(LeaderElection.java:234)
	at java.util.concurrent.FutureTask.run(FutureTask.java:266)
	at java.util.concurrent.Executors$RunnableAdapter.call(Executors.java:511)
	at java.util.concurrent.FutureTask.run(FutureTask.java:266)
	at java.util.concurrent.ThreadPoolExecutor.runWorker(ThreadPoolExecutor.java:1149)
	at java.util.concurrent.ThreadPoolExecutor$Worker.run(ThreadPoolExecutor.java:624)
	... 1 more
Caused by: org.apache.ratis.thirdparty.io.netty.channel.AbstractChannel$AnnotatedConnectException: Connection refused: /192.168.151.105:43222
	at sun.nio.ch.SocketChannelImpl.checkConnect(Native Method)
	at sun.nio.ch.SocketChannelImpl.finishConnect(SocketChannelImpl.java:717)
	at org.apache.ratis.thirdparty.io.netty.channel.socket.nio.NioSocketChannel.doFinishConnect(NioSocketChannel.java:327)
	at org.apache.ratis.thirdparty.io.netty.channel.nio.AbstractNioChannel$AbstractNioUnsafe.finishConnect(AbstractNioChannel.java:340)
	at org.apache.ratis.thirdparty.io.netty.channel.nio.NioEventLoop.processSelectedKey(NioEventLoop.java:632)
	at org.apache.ratis.thirdparty.io.netty.channel.nio.NioEventLoop.processSelectedKeysOptimized(NioEventLoop.java:579)
	at org.apache.ratis.thirdparty.io.netty.channel.nio.NioEventLoop.processSelectedKeys(NioEventLoop.java:496)
	at org.apache.ratis.thirdparty.io.netty.channel.nio.NioEventLoop.run(NioEventLoop.java:458)
	at org.apache.ratis.thirdparty.io.netty.util.concurrent.SingleThreadEventExecutor$5.run(SingleThreadEventExecutor.java:897)
	at org.apache.ratis.thirdparty.io.netty.util.concurrent.FastThreadLocalRunnable.run(FastThreadLocalRunnable.java:30)
	... 1 more
Caused by: java.net.ConnectException: Connection refused
	... 11 more
2019-10-14 16:45:23,289 [grpc-default-executor-10] INFO  impl.RaftServerImpl (ServerState.java:setLeader(255)) - 83cf07e6-c6c9-4dfc-9b3d-6b26bd32bb9d@group-68B0EF2EA906: change Leader from e86dd251-6f74-4cac-acd7-ff3d16992f0f to null at term 2 for updateCurrentTerm
2019-10-14 16:45:23,290 [grpc-default-executor-10] INFO  impl.RaftServerImpl (RaftServerImpl.java:setRole(170)) - 83cf07e6-c6c9-4dfc-9b3d-6b26bd32bb9d@group-68B0EF2EA906: changes role from  FOLLOWER to FOLLOWER at term 2 for recognizeCandidate:c1399525-796b-484f-a475-1762a8beefc2
2019-10-14 16:45:23,290 [grpc-default-executor-10] INFO  impl.RoleInfo (RoleInfo.java:shutdownFollowerState(121)) - 83cf07e6-c6c9-4dfc-9b3d-6b26bd32bb9d: shutdown FollowerState
2019-10-14 16:45:23,290 [grpc-default-executor-10] INFO  impl.RoleInfo (RoleInfo.java:updateAndGet(143)) - 83cf07e6-c6c9-4dfc-9b3d-6b26bd32bb9d: start FollowerState
2019-10-14 16:45:23,290 [Thread-3649] INFO  impl.FollowerState (FollowerState.java:run(117)) - 83cf07e6-c6c9-4dfc-9b3d-6b26bd32bb9d@group-68B0EF2EA906-FollowerState was interrupted: java.lang.InterruptedException: sleep interrupted
2019-10-14 16:45:23,308 [c1399525-796b-484f-a475-1762a8beefc2@group-68B0EF2EA906-LeaderElection90] INFO  impl.LeaderElection (LeaderElection.java:logAndReturn(56)) - c1399525-796b-484f-a475-1762a8beefc2@group-68B0EF2EA906-LeaderElection90: Election PASSED; received 1 response(s) [c1399525-796b-484f-a475-1762a8beefc2<-83cf07e6-c6c9-4dfc-9b3d-6b26bd32bb9d#0:OK-t2] and 1 exception(s); c1399525-796b-484f-a475-1762a8beefc2@group-68B0EF2EA906:t2, leader=null, voted=c1399525-796b-484f-a475-1762a8beefc2, raftlog=c1399525-796b-484f-a475-1762a8beefc2@group-68B0EF2EA906-SegmentedRaftLog:OPENED:c6,f6,i6, conf=0: [e86dd251-6f74-4cac-acd7-ff3d16992f0f:192.168.151.105:43222, c1399525-796b-484f-a475-1762a8beefc2:192.168.151.105:39655, 83cf07e6-c6c9-4dfc-9b3d-6b26bd32bb9d:192.168.151.105:36174], old=null
2019-10-14 16:45:23,308 [c1399525-796b-484f-a475-1762a8beefc2@group-68B0EF2EA906-LeaderElection90] INFO  impl.LeaderElection (LogUtils.java:infoOrTrace(149)) -   Exception 0: {}
java.util.concurrent.ExecutionException: org.apache.ratis.thirdparty.io.grpc.StatusRuntimeException: UNAVAILABLE: io exception
	at java.util.concurrent.FutureTask.report(FutureTask.java:122)
	at java.util.concurrent.FutureTask.get(FutureTask.java:192)
	at org.apache.ratis.server.impl.LeaderElection.waitForResults(LeaderElection.java:259)
	at org.apache.ratis.server.impl.LeaderElection.askForVotes(LeaderElection.java:197)
	at org.apache.ratis.server.impl.LeaderElection.run(LeaderElection.java:133)
	at java.lang.Thread.run(Thread.java:748)
Caused by: org.apache.ratis.thirdparty.io.grpc.StatusRuntimeException: UNAVAILABLE: io exception
	at org.apache.ratis.thirdparty.io.grpc.stub.ClientCalls.toStatusRuntimeException(ClientCalls.java:233)
	at org.apache.ratis.thirdparty.io.grpc.stub.ClientCalls.getUnchecked(ClientCalls.java:214)
	at org.apache.ratis.thirdparty.io.grpc.stub.ClientCalls.blockingUnaryCall(ClientCalls.java:139)
	at org.apache.ratis.proto.grpc.RaftServerProtocolServiceGrpc$RaftServerProtocolServiceBlockingStub.requestVote(RaftServerProtocolServiceGrpc.java:265)
	at org.apache.ratis.grpc.server.GrpcServerProtocolClient.requestVote(GrpcServerProtocolClient.java:99)
	at org.apache.ratis.grpc.server.GrpcService.requestVote(GrpcService.java:204)
	at org.apache.ratis.server.impl.LeaderElection.lambda$submitRequests$1(LeaderElection.java:234)
	at java.util.concurrent.FutureTask.run(FutureTask.java:266)
	at java.util.concurrent.Executors$RunnableAdapter.call(Executors.java:511)
	at java.util.concurrent.FutureTask.run(FutureTask.java:266)
	at java.util.concurrent.ThreadPoolExecutor.runWorker(ThreadPoolExecutor.java:1149)
	at java.util.concurrent.ThreadPoolExecutor$Worker.run(ThreadPoolExecutor.java:624)
	... 1 more
Caused by: org.apache.ratis.thirdparty.io.netty.channel.AbstractChannel$AnnotatedConnectException: Connection refused: /192.168.151.105:43222
	at sun.nio.ch.SocketChannelImpl.checkConnect(Native Method)
	at sun.nio.ch.SocketChannelImpl.finishConnect(SocketChannelImpl.java:717)
	at org.apache.ratis.thirdparty.io.netty.channel.socket.nio.NioSocketChannel.doFinishConnect(NioSocketChannel.java:327)
	at org.apache.ratis.thirdparty.io.netty.channel.nio.AbstractNioChannel$AbstractNioUnsafe.finishConnect(AbstractNioChannel.java:340)
	at org.apache.ratis.thirdparty.io.netty.channel.nio.NioEventLoop.processSelectedKey(NioEventLoop.java:632)
	at org.apache.ratis.thirdparty.io.netty.channel.nio.NioEventLoop.processSelectedKeysOptimized(NioEventLoop.java:579)
	at org.apache.ratis.thirdparty.io.netty.channel.nio.NioEventLoop.processSelectedKeys(NioEventLoop.java:496)
	at org.apache.ratis.thirdparty.io.netty.channel.nio.NioEventLoop.run(NioEventLoop.java:458)
	at org.apache.ratis.thirdparty.io.netty.util.concurrent.SingleThreadEventExecutor$5.run(SingleThreadEventExecutor.java:897)
	at org.apache.ratis.thirdparty.io.netty.util.concurrent.FastThreadLocalRunnable.run(FastThreadLocalRunnable.java:30)
	... 1 more
Caused by: java.net.ConnectException: Connection refused
	... 11 more
2019-10-14 16:45:23,309 [c1399525-796b-484f-a475-1762a8beefc2@group-68B0EF2EA906-LeaderElection90] INFO  impl.RoleInfo (RoleInfo.java:shutdownLeaderElection(134)) - c1399525-796b-484f-a475-1762a8beefc2: shutdown LeaderElection
2019-10-14 16:45:23,309 [c1399525-796b-484f-a475-1762a8beefc2@group-68B0EF2EA906-LeaderElection90] INFO  impl.RaftServerImpl (RaftServerImpl.java:setRole(170)) - c1399525-796b-484f-a475-1762a8beefc2@group-68B0EF2EA906: changes role from CANDIDATE to LEADER at term 2 for changeToLeader
2019-10-14 16:45:23,309 [c1399525-796b-484f-a475-1762a8beefc2@group-68B0EF2EA906-LeaderElection90] INFO  impl.RaftServerImpl (ServerState.java:setLeader(255)) - c1399525-796b-484f-a475-1762a8beefc2@group-68B0EF2EA906: change Leader from null to c1399525-796b-484f-a475-1762a8beefc2 at term 2 for becomeLeader, leader elected after 82ms
2019-10-14 16:45:23,309 [c1399525-796b-484f-a475-1762a8beefc2@group-68B0EF2EA906-LeaderElection90] INFO  server.RaftServerConfigKeys (ConfUtils.java:logGet(43)) - raft.server.staging.catchup.gap = 1000 (default)
2019-10-14 16:45:23,309 [c1399525-796b-484f-a475-1762a8beefc2@group-68B0EF2EA906-LeaderElection90] INFO  server.RaftServerConfigKeys (ConfUtils.java:logGet(43)) - raft.server.rpc.sleep.time = 25ms (default)
2019-10-14 16:45:23,310 [c1399525-796b-484f-a475-1762a8beefc2@group-68B0EF2EA906-LeaderElection90] INFO  server.RaftServerConfigKeys (ConfUtils.java:logGet(43)) - raft.server.write.element-limit = 4096 (default)
2019-10-14 16:45:23,310 [c1399525-796b-484f-a475-1762a8beefc2@group-68B0EF2EA906-LeaderElection90] INFO  server.RaftServerConfigKeys (ConfUtils.java:logGet(43)) - raft.server.watch.timeout = 10s (default)
2019-10-14 16:45:23,310 [c1399525-796b-484f-a475-1762a8beefc2@group-68B0EF2EA906-LeaderElection90] INFO  server.RaftServerConfigKeys (ConfUtils.java:logGet(43)) - raft.server.watch.timeout.denomination = 1s (default)
2019-10-14 16:45:23,310 [c1399525-796b-484f-a475-1762a8beefc2@group-68B0EF2EA906-LeaderElection90] INFO  server.RaftServerConfigKeys (ConfUtils.java:logGet(43)) - raft.server.watch.element-limit = 65536 (default)
2019-10-14 16:45:23,312 [c1399525-796b-484f-a475-1762a8beefc2@group-68B0EF2EA906-LeaderElection90] INFO  server.RaftServerConfigKeys (ConfUtils.java:logGet(43)) - raft.server.log.appender.snapshot.chunk.size.max = 16MB (=16777216) (default)
2019-10-14 16:45:23,312 [c1399525-796b-484f-a475-1762a8beefc2@group-68B0EF2EA906-LeaderElection90] INFO  server.RaftServerConfigKeys (ConfUtils.java:logGet(43)) - raft.server.log.appender.buffer.byte-limit = 33554432 (custom)
2019-10-14 16:45:23,312 [c1399525-796b-484f-a475-1762a8beefc2@group-68B0EF2EA906-LeaderElection90] INFO  server.RaftServerConfigKeys (ConfUtils.java:logGet(43)) - raft.server.log.appender.buffer.element-limit = 1 (custom)
2019-10-14 16:45:23,312 [c1399525-796b-484f-a475-1762a8beefc2@group-68B0EF2EA906-LeaderElection90] INFO  grpc.GrpcConfigKeys$Server (ConfUtils.java:logGet(43)) - raft.grpc.server.leader.outstanding.appends.max = 128 (default)
2019-10-14 16:45:23,312 [c1399525-796b-484f-a475-1762a8beefc2@group-68B0EF2EA906-LeaderElection90] INFO  server.RaftServerConfigKeys (ConfUtils.java:logGet(43)) - raft.server.rpc.request.timeout = 3000ms (default)
2019-10-14 16:45:23,313 [c1399525-796b-484f-a475-1762a8beefc2@group-68B0EF2EA906-LeaderElection90] INFO  server.RaftServerConfigKeys (ConfUtils.java:logGet(43)) - raft.server.log.appender.install.snapshot.enabled = false (custom)
2019-10-14 16:45:23,313 [c1399525-796b-484f-a475-1762a8beefc2@group-68B0EF2EA906-LeaderElection90] INFO  server.RaftServerConfigKeys (ConfUtils.java:logGet(43)) - raft.server.log.appender.snapshot.chunk.size.max = 16MB (=16777216) (default)
2019-10-14 16:45:23,313 [c1399525-796b-484f-a475-1762a8beefc2@group-68B0EF2EA906-LeaderElection90] INFO  server.RaftServerConfigKeys (ConfUtils.java:logGet(43)) - raft.server.log.appender.buffer.byte-limit = 33554432 (custom)
2019-10-14 16:45:23,313 [c1399525-796b-484f-a475-1762a8beefc2@group-68B0EF2EA906-LeaderElection90] INFO  server.RaftServerConfigKeys (ConfUtils.java:logGet(43)) - raft.server.log.appender.buffer.element-limit = 1 (custom)
2019-10-14 16:45:23,313 [c1399525-796b-484f-a475-1762a8beefc2@group-68B0EF2EA906-LeaderElection90] INFO  grpc.GrpcConfigKeys$Server (ConfUtils.java:logGet(43)) - raft.grpc.server.leader.outstanding.appends.max = 128 (default)
2019-10-14 16:45:23,313 [c1399525-796b-484f-a475-1762a8beefc2@group-68B0EF2EA906-LeaderElection90] INFO  server.RaftServerConfigKeys (ConfUtils.java:logGet(43)) - raft.server.rpc.request.timeout = 3000ms (default)
2019-10-14 16:45:23,313 [c1399525-796b-484f-a475-1762a8beefc2@group-68B0EF2EA906-LeaderElection90] INFO  server.RaftServerConfigKeys (ConfUtils.java:logGet(43)) - raft.server.log.appender.install.snapshot.enabled = false (custom)
2019-10-14 16:45:23,314 [c1399525-796b-484f-a475-1762a8beefc2@group-68B0EF2EA906-LeaderElection90] INFO  impl.RoleInfo (RoleInfo.java:updateAndGet(143)) - c1399525-796b-484f-a475-1762a8beefc2: start LeaderState
2019-10-14 16:45:23,314 [c1399525-796b-484f-a475-1762a8beefc2@group-68B0EF2EA906-LeaderElection90] INFO  segmented.SegmentedRaftLogWorker (SegmentedRaftLogWorker.java:rollLogSegment(390)) - c1399525-796b-484f-a475-1762a8beefc2@group-68B0EF2EA906-SegmentedRaftLogWorker: Rolling segment log-0_6 to index:6
2019-10-14 16:45:23,317 [c1399525-796b-484f-a475-1762a8beefc2@group-68B0EF2EA906-LeaderElection90] INFO  impl.RaftServerImpl (ServerState.java:setRaftConf(356)) - c1399525-796b-484f-a475-1762a8beefc2@group-68B0EF2EA906: set configuration 7: [e86dd251-6f74-4cac-acd7-ff3d16992f0f:192.168.151.105:43222, c1399525-796b-484f-a475-1762a8beefc2:192.168.151.105:39655, 83cf07e6-c6c9-4dfc-9b3d-6b26bd32bb9d:192.168.151.105:36174], old=null at 7
2019-10-14 16:45:23,317 [grpc-default-executor-10] WARN  server.GrpcLogAppender (LogUtils.java:warn(134)) - c1399525-796b-484f-a475-1762a8beefc2@group-68B0EF2EA906->e86dd251-6f74-4cac-acd7-ff3d16992f0f-AppendLogResponseHandler: Failed appendEntries: org.apache.ratis.thirdparty.io.grpc.StatusRuntimeException: UNAVAILABLE: io exception
2019-10-14 16:45:23,322 [grpc-default-executor-10] INFO  impl.FollowerInfo (FollowerInfo.java:lambda$new$0(51)) - c1399525-796b-484f-a475-1762a8beefc2@group-68B0EF2EA906->e86dd251-6f74-4cac-acd7-ff3d16992f0f: nextIndex: updateUnconditionally 7 -> 1
2019-10-14 16:45:23,323 [grpc-default-executor-9] INFO  impl.RaftServerImpl (ServerState.java:setLeader(255)) - 83cf07e6-c6c9-4dfc-9b3d-6b26bd32bb9d@group-68B0EF2EA906: change Leader from null to c1399525-796b-484f-a475-1762a8beefc2 at term 2 for appendEntries, leader elected after 33ms
2019-10-14 16:45:23,323 [c1399525-796b-484f-a475-1762a8beefc2@group-68B0EF2EA906-SegmentedRaftLogWorker] INFO  segmented.SegmentedRaftLogWorker (SegmentedRaftLogWorker.java:execute(531)) - c1399525-796b-484f-a475-1762a8beefc2@group-68B0EF2EA906-SegmentedRaftLogWorker: Rolled log segment from /workdir/hadoop-ozone/integration-test/target/test-dir/MiniOzoneClusterImpl-3bcee4e0-c750-460d-9485-7765d796aaea/datanode-2/data/ratis/a6adac5e-fc75-4859-8800-68b0ef2ea906/current/log_inprogress_0 to /workdir/hadoop-ozone/integration-test/target/test-dir/MiniOzoneClusterImpl-3bcee4e0-c750-460d-9485-7765d796aaea/datanode-2/data/ratis/a6adac5e-fc75-4859-8800-68b0ef2ea906/current/log_0-6
2019-10-14 16:45:23,326 [grpc-default-executor-9] INFO  impl.RaftServerImpl (ServerState.java:setRaftConf(356)) - 83cf07e6-c6c9-4dfc-9b3d-6b26bd32bb9d@group-68B0EF2EA906: set configuration 7: [e86dd251-6f74-4cac-acd7-ff3d16992f0f:192.168.151.105:43222, c1399525-796b-484f-a475-1762a8beefc2:192.168.151.105:39655, 83cf07e6-c6c9-4dfc-9b3d-6b26bd32bb9d:192.168.151.105:36174], old=null at 7
2019-10-14 16:45:23,326 [grpc-default-executor-9] INFO  segmented.SegmentedRaftLogWorker (SegmentedRaftLogWorker.java:rollLogSegment(390)) - 83cf07e6-c6c9-4dfc-9b3d-6b26bd32bb9d@group-68B0EF2EA906-SegmentedRaftLogWorker: Rolling segment log-0_6 to index:6
2019-10-14 16:45:23,327 [83cf07e6-c6c9-4dfc-9b3d-6b26bd32bb9d@group-68B0EF2EA906-SegmentedRaftLogWorker] INFO  segmented.SegmentedRaftLogWorker (SegmentedRaftLogWorker.java:execute(531)) - 83cf07e6-c6c9-4dfc-9b3d-6b26bd32bb9d@group-68B0EF2EA906-SegmentedRaftLogWorker: Rolled log segment from /workdir/hadoop-ozone/integration-test/target/test-dir/MiniOzoneClusterImpl-3bcee4e0-c750-460d-9485-7765d796aaea/datanode-0/data/ratis/a6adac5e-fc75-4859-8800-68b0ef2ea906/current/log_inprogress_0 to /workdir/hadoop-ozone/integration-test/target/test-dir/MiniOzoneClusterImpl-3bcee4e0-c750-460d-9485-7765d796aaea/datanode-0/data/ratis/a6adac5e-fc75-4859-8800-68b0ef2ea906/current/log_0-6
2019-10-14 16:45:23,359 [main] INFO  ozoneimpl.OzoneContainer (OzoneContainer.java:stop(227)) - Attempting to stop container services.
2019-10-14 16:45:23,359 [ForkJoinPool.commonPool-worker-0] INFO  ozoneimpl.OzoneContainer (OzoneContainer.java:stop(227)) - Attempting to stop container services.
2019-10-14 16:45:23,397 [ForkJoinPool.commonPool-worker-0] INFO  impl.RaftServerProxy (RaftServerProxy.java:lambda$close$4(314)) - c1399525-796b-484f-a475-1762a8beefc2: close
2019-10-14 16:45:23,397 [c1399525-796b-484f-a475-1762a8beefc2@group-68B0EF2EA906-SegmentedRaftLogWorker] INFO  segmented.SegmentedRaftLogWorker (SegmentedRaftLogWorker.java:execute(574)) - c1399525-796b-484f-a475-1762a8beefc2@group-68B0EF2EA906-SegmentedRaftLogWorker: created new log segment /workdir/hadoop-ozone/integration-test/target/test-dir/MiniOzoneClusterImpl-3bcee4e0-c750-460d-9485-7765d796aaea/datanode-2/data/ratis/a6adac5e-fc75-4859-8800-68b0ef2ea906/current/log_inprogress_7
2019-10-14 16:45:23,397 [ForkJoinPool.commonPool-worker-0] INFO  impl.RaftServerImpl (RaftServerImpl.java:lambda$shutdown$3(247)) - c1399525-796b-484f-a475-1762a8beefc2@group-68B0EF2EA906: shutdown
2019-10-14 16:45:23,398 [ForkJoinPool.commonPool-worker-0] INFO  util.JmxRegister (JmxRegister.java:unregister(73)) - Successfully un-registered JMX Bean with object name Ratis:service=RaftServer,group=group-68B0EF2EA906,id=c1399525-796b-484f-a475-1762a8beefc2
2019-10-14 16:45:23,398 [ForkJoinPool.commonPool-worker-0] INFO  impl.RoleInfo (RoleInfo.java:shutdownLeaderState(104)) - c1399525-796b-484f-a475-1762a8beefc2: shutdown LeaderState
2019-10-14 16:45:23,398 [main] INFO  impl.RaftServerProxy (RaftServerProxy.java:lambda$close$4(314)) - 23234339-cf95-4061-a646-5f14882637eb: close
2019-10-14 16:45:23,403 [ForkJoinPool.commonPool-worker-0] INFO  impl.PendingRequests (PendingRequests.java:sendNotLeaderResponses(202)) - c1399525-796b-484f-a475-1762a8beefc2@group-68B0EF2EA906-PendingRequests: sendNotLeaderResponses
2019-10-14 16:45:23,403 [org.apache.ratis.server.impl.LogAppender$AppenderDaemon$$Lambda$537/1054492389@709f369e] WARN  server.GrpcLogAppender (GrpcLogAppender.java:mayWait(143)) - c1399525-796b-484f-a475-1762a8beefc2@group-68B0EF2EA906->83cf07e6-c6c9-4dfc-9b3d-6b26bd32bb9d-GrpcLogAppender: Wait interrupted by java.lang.InterruptedException
2019-10-14 16:45:23,403 [org.apache.ratis.server.impl.LogAppender$AppenderDaemon$$Lambda$537/1054492389@46d52bf] WARN  server.GrpcLogAppender (GrpcLogAppender.java:mayWait(143)) - c1399525-796b-484f-a475-1762a8beefc2@group-68B0EF2EA906->e86dd251-6f74-4cac-acd7-ff3d16992f0f-GrpcLogAppender: Wait interrupted by java.lang.InterruptedException
2019-10-14 16:45:23,403 [main] INFO  impl.RaftServerImpl (RaftServerImpl.java:lambda$shutdown$3(247)) - 23234339-cf95-4061-a646-5f14882637eb@group-0F583E6A9D9C: shutdown
2019-10-14 16:45:23,409 [grpc-default-executor-9] INFO  server.GrpcServerProtocolService (GrpcServerProtocolService.java:onCompleted(113)) - 83cf07e6-c6c9-4dfc-9b3d-6b26bd32bb9d: Completed APPEND_ENTRIES, lastRequest: c1399525-796b-484f-a475-1762a8beefc2->83cf07e6-c6c9-4dfc-9b3d-6b26bd32bb9d#1-t2, previous=(t:1, i:6), leaderCommit=6, initializing? false, entries: size=1, first=(t:2, i:7), CONFIGURATIONENTRY
2019-10-14 16:45:23,408 [c1399525-796b-484f-a475-1762a8beefc2@group-68B0EF2EA906-StateMachineUpdater] INFO  ratis.ContainerStateMachine (ContainerStateMachine.java:takeSnapshot(294)) - group-68B0EF2EA906: Taking a snapshot at:(t:1, i:6) file /workdir/hadoop-ozone/integration-test/target/test-dir/MiniOzoneClusterImpl-3bcee4e0-c750-460d-9485-7765d796aaea/datanode-2/data/ratis/a6adac5e-fc75-4859-8800-68b0ef2ea906/sm/snapshot.1_6
2019-10-14 16:45:23,408 [ForkJoinPool.commonPool-worker-0] INFO  impl.StateMachineUpdater (StateMachineUpdater.java:stopAndJoin(136)) - c1399525-796b-484f-a475-1762a8beefc2@group-68B0EF2EA906-StateMachineUpdater: set stopIndex = 6
2019-10-14 16:45:23,410 [grpc-default-executor-9] INFO  server.GrpcLogAppender (GrpcLogAppender.java:onCompleted(293)) - c1399525-796b-484f-a475-1762a8beefc2@group-68B0EF2EA906->83cf07e6-c6c9-4dfc-9b3d-6b26bd32bb9d-AppendLogResponseHandler: follower responses appendEntries COMPLETED
2019-10-14 16:45:23,409 [main] INFO  util.JmxRegister (JmxRegister.java:unregister(73)) - Successfully un-registered JMX Bean with object name Ratis:service=RaftServer,group=group-0F583E6A9D9C,id=23234339-cf95-4061-a646-5f14882637eb
2019-10-14 16:45:23,410 [main] INFO  impl.RoleInfo (RoleInfo.java:shutdownLeaderState(104)) - 23234339-cf95-4061-a646-5f14882637eb: shutdown LeaderState
2019-10-14 16:45:23,410 [83cf07e6-c6c9-4dfc-9b3d-6b26bd32bb9d@group-68B0EF2EA906-SegmentedRaftLogWorker] INFO  segmented.SegmentedRaftLogWorker (SegmentedRaftLogWorker.java:execute(574)) - 83cf07e6-c6c9-4dfc-9b3d-6b26bd32bb9d@group-68B0EF2EA906-SegmentedRaftLogWorker: created new log segment /workdir/hadoop-ozone/integration-test/target/test-dir/MiniOzoneClusterImpl-3bcee4e0-c750-460d-9485-7765d796aaea/datanode-0/data/ratis/a6adac5e-fc75-4859-8800-68b0ef2ea906/current/log_inprogress_7
2019-10-14 16:45:23,411 [main] INFO  impl.PendingRequests (PendingRequests.java:sendNotLeaderResponses(202)) - 23234339-cf95-4061-a646-5f14882637eb@group-0F583E6A9D9C-PendingRequests: sendNotLeaderResponses
2019-10-14 16:45:23,411 [grpc-default-executor-9] INFO  impl.FollowerInfo (FollowerInfo.java:lambda$new$0(51)) - c1399525-796b-484f-a475-1762a8beefc2@group-68B0EF2EA906->83cf07e6-c6c9-4dfc-9b3d-6b26bd32bb9d: nextIndex: updateUnconditionally 8 -> 7
2019-10-14 16:45:23,411 [main] INFO  impl.StateMachineUpdater (StateMachineUpdater.java:stopAndJoin(136)) - 23234339-cf95-4061-a646-5f14882637eb@group-0F583E6A9D9C-StateMachineUpdater: set stopIndex = 0
2019-10-14 16:45:23,412 [main] INFO  impl.RaftServerImpl (ServerState.java:close(387)) - 23234339-cf95-4061-a646-5f14882637eb@group-0F583E6A9D9C: closes. applyIndex: 0
2019-10-14 16:45:23,412 [c1399525-796b-484f-a475-1762a8beefc2@group-68B0EF2EA906-StateMachineUpdater] INFO  ratis.ContainerStateMachine (ContainerStateMachine.java:takeSnapshot(305)) - group-68B0EF2EA906: Finished taking a snapshot at:(t:1, i:6) file:/workdir/hadoop-ozone/integration-test/target/test-dir/MiniOzoneClusterImpl-3bcee4e0-c750-460d-9485-7765d796aaea/datanode-2/data/ratis/a6adac5e-fc75-4859-8800-68b0ef2ea906/sm/snapshot.1_6 time:4
2019-10-14 16:45:23,413 [23234339-cf95-4061-a646-5f14882637eb@group-0F583E6A9D9C-SegmentedRaftLogWorker] INFO  segmented.SegmentedRaftLogWorker (SegmentedRaftLogWorker.java:run(316)) - 23234339-cf95-4061-a646-5f14882637eb@group-0F583E6A9D9C-SegmentedRaftLogWorker was interrupted, exiting. There are 0 tasks remaining in the queue.
2019-10-14 16:45:23,415 [main] INFO  segmented.SegmentedRaftLogWorker (SegmentedRaftLogWorker.java:close(224)) - 23234339-cf95-4061-a646-5f14882637eb@group-0F583E6A9D9C-SegmentedRaftLogWorker close()
2019-10-14 16:45:23,415 [c1399525-796b-484f-a475-1762a8beefc2@group-68B0EF2EA906-StateMachineUpdater] INFO  impl.StateMachineUpdater (StateMachineUpdater.java:takeSnapshot(269)) - c1399525-796b-484f-a475-1762a8beefc2@group-68B0EF2EA906-StateMachineUpdater: Took a snapshot at index 6
2019-10-14 16:45:23,419 [c1399525-796b-484f-a475-1762a8beefc2@group-68B0EF2EA906-StateMachineUpdater] INFO  impl.StateMachineUpdater (StateMachineUpdater.java:lambda$new$0(84)) - c1399525-796b-484f-a475-1762a8beefc2@group-68B0EF2EA906-StateMachineUpdater: snapshotIndex: updateIncreasingly -1 -> 6
2019-10-14 16:45:23,419 [main] INFO  impl.RaftServerImpl (RaftServerImpl.java:lambda$shutdown$3(247)) - 23234339-cf95-4061-a646-5f14882637eb@group-1C542E4B3B46: shutdown
2019-10-14 16:45:23,420 [ForkJoinPool.commonPool-worker-0] INFO  impl.RaftServerImpl (ServerState.java:close(387)) - c1399525-796b-484f-a475-1762a8beefc2@group-68B0EF2EA906: closes. applyIndex: 6
2019-10-14 16:45:23,420 [main] INFO  util.JmxRegister (JmxRegister.java:unregister(73)) - Successfully un-registered JMX Bean with object name Ratis:service=RaftServer,group=group-1C542E4B3B46,id=23234339-cf95-4061-a646-5f14882637eb
2019-10-14 16:45:23,421 [c1399525-796b-484f-a475-1762a8beefc2@group-68B0EF2EA906-SegmentedRaftLogWorker] INFO  segmented.SegmentedRaftLogWorker (SegmentedRaftLogWorker.java:run(316)) - c1399525-796b-484f-a475-1762a8beefc2@group-68B0EF2EA906-SegmentedRaftLogWorker was interrupted, exiting. There are 0 tasks remaining in the queue.
2019-10-14 16:45:23,421 [main] INFO  impl.RoleInfo (RoleInfo.java:shutdownFollowerState(121)) - 23234339-cf95-4061-a646-5f14882637eb: shutdown FollowerState
2019-10-14 16:45:23,423 [ForkJoinPool.commonPool-worker-0] INFO  segmented.SegmentedRaftLogWorker (SegmentedRaftLogWorker.java:close(224)) - c1399525-796b-484f-a475-1762a8beefc2@group-68B0EF2EA906-SegmentedRaftLogWorker close()
2019-10-14 16:45:23,423 [23234339-cf95-4061-a646-5f14882637eb@group-1C542E4B3B46-StateMachineUpdater] INFO  ratis.ContainerStateMachine (ContainerStateMachine.java:takeSnapshot(294)) - group-1C542E4B3B46: Taking a snapshot at:(t:1, i:11) file /workdir/hadoop-ozone/integration-test/target/test-dir/MiniOzoneClusterImpl-3bcee4e0-c750-460d-9485-7765d796aaea/datanode-3/data/ratis/5c5c6ac9-a7c0-454f-9bc4-1c542e4b3b46/sm/snapshot.1_11
2019-10-14 16:45:23,423 [Thread-3675] INFO  impl.FollowerState (FollowerState.java:run(117)) - 23234339-cf95-4061-a646-5f14882637eb@group-1C542E4B3B46-FollowerState was interrupted: java.lang.InterruptedException: sleep interrupted
2019-10-14 16:45:23,423 [main] INFO  impl.StateMachineUpdater (StateMachineUpdater.java:stopAndJoin(136)) - 23234339-cf95-4061-a646-5f14882637eb@group-1C542E4B3B46-StateMachineUpdater: set stopIndex = 13
2019-10-14 16:45:23,428 [ForkJoinPool.commonPool-worker-0] INFO  impl.RaftServerImpl (RaftServerImpl.java:lambda$shutdown$3(247)) - c1399525-796b-484f-a475-1762a8beefc2@group-3C7093EBA833: shutdown
2019-10-14 16:45:23,431 [ForkJoinPool.commonPool-worker-0] INFO  util.JmxRegister (JmxRegister.java:unregister(73)) - Successfully un-registered JMX Bean with object name Ratis:service=RaftServer,group=group-3C7093EBA833,id=c1399525-796b-484f-a475-1762a8beefc2
2019-10-14 16:45:23,431 [ForkJoinPool.commonPool-worker-0] INFO  impl.RoleInfo (RoleInfo.java:shutdownLeaderState(104)) - c1399525-796b-484f-a475-1762a8beefc2: shutdown LeaderState
2019-10-14 16:45:23,431 [ForkJoinPool.commonPool-worker-0] INFO  impl.PendingRequests (PendingRequests.java:sendNotLeaderResponses(202)) - c1399525-796b-484f-a475-1762a8beefc2@group-3C7093EBA833-PendingRequests: sendNotLeaderResponses
2019-10-14 16:45:23,432 [ForkJoinPool.commonPool-worker-0] INFO  impl.StateMachineUpdater (StateMachineUpdater.java:stopAndJoin(136)) - c1399525-796b-484f-a475-1762a8beefc2@group-3C7093EBA833-StateMachineUpdater: set stopIndex = 0
2019-10-14 16:45:23,432 [ForkJoinPool.commonPool-worker-0] INFO  impl.RaftServerImpl (ServerState.java:close(387)) - c1399525-796b-484f-a475-1762a8beefc2@group-3C7093EBA833: closes. applyIndex: 0
2019-10-14 16:45:23,433 [c1399525-796b-484f-a475-1762a8beefc2@group-3C7093EBA833-SegmentedRaftLogWorker] INFO  segmented.SegmentedRaftLogWorker (SegmentedRaftLogWorker.java:run(316)) - c1399525-796b-484f-a475-1762a8beefc2@group-3C7093EBA833-SegmentedRaftLogWorker was interrupted, exiting. There are 0 tasks remaining in the queue.
2019-10-14 16:45:23,435 [ForkJoinPool.commonPool-worker-0] INFO  segmented.SegmentedRaftLogWorker (SegmentedRaftLogWorker.java:close(224)) - c1399525-796b-484f-a475-1762a8beefc2@group-3C7093EBA833-SegmentedRaftLogWorker close()
2019-10-14 16:45:23,447 [ForkJoinPool.commonPool-worker-0] INFO  server.GrpcService (GrpcService.java:closeImpl(164)) - c1399525-796b-484f-a475-1762a8beefc2: shutdown server with port 39655 now
2019-10-14 16:45:23,447 [ForkJoinPool.commonPool-worker-0] INFO  server.GrpcService (GrpcService.java:closeImpl(172)) - c1399525-796b-484f-a475-1762a8beefc2: shutdown server with port 39655 successfully
2019-10-14 16:45:23,449 [refreshUsed-/workdir/hadoop-ozone/integration-test/target/test-dir/MiniOzoneClusterImpl-3bcee4e0-c750-460d-9485-7765d796aaea/datanode-2/data/containers] WARN  fs.CachingGetSpaceUsed (CachingGetSpaceUsed.java:run(183)) - Thread Interrupted waiting to refresh disk information: sleep interrupted
2019-10-14 16:45:23,454 [23234339-cf95-4061-a646-5f14882637eb@group-1C542E4B3B46-StateMachineUpdater] INFO  ratis.ContainerStateMachine (ContainerStateMachine.java:takeSnapshot(305)) - group-1C542E4B3B46: Finished taking a snapshot at:(t:1, i:11) file:/workdir/hadoop-ozone/integration-test/target/test-dir/MiniOzoneClusterImpl-3bcee4e0-c750-460d-9485-7765d796aaea/datanode-3/data/ratis/5c5c6ac9-a7c0-454f-9bc4-1c542e4b3b46/sm/snapshot.1_11 time:31
2019-10-14 16:45:23,454 [23234339-cf95-4061-a646-5f14882637eb@group-1C542E4B3B46-StateMachineUpdater] INFO  impl.StateMachineUpdater (StateMachineUpdater.java:takeSnapshot(269)) - 23234339-cf95-4061-a646-5f14882637eb@group-1C542E4B3B46-StateMachineUpdater: Took a snapshot at index 11
2019-10-14 16:45:23,454 [23234339-cf95-4061-a646-5f14882637eb@group-1C542E4B3B46-StateMachineUpdater] INFO  impl.StateMachineUpdater (StateMachineUpdater.java:lambda$new$0(84)) - 23234339-cf95-4061-a646-5f14882637eb@group-1C542E4B3B46-StateMachineUpdater: snapshotIndex: updateIncreasingly -1 -> 11
2019-10-14 16:45:23,454 [23234339-cf95-4061-a646-5f14882637eb@group-1C542E4B3B46-StateMachineUpdater] INFO  ratis.ContainerStateMachine (ContainerStateMachine.java:takeSnapshot(294)) - group-1C542E4B3B46: Taking a snapshot at:(t:1, i:11) file /workdir/hadoop-ozone/integration-test/target/test-dir/MiniOzoneClusterImpl-3bcee4e0-c750-460d-9485-7765d796aaea/datanode-3/data/ratis/5c5c6ac9-a7c0-454f-9bc4-1c542e4b3b46/sm/snapshot.1_11
2019-10-14 16:45:23,466 [23234339-cf95-4061-a646-5f14882637eb@group-1C542E4B3B46-StateMachineUpdater] INFO  ratis.ContainerStateMachine (ContainerStateMachine.java:takeSnapshot(305)) - group-1C542E4B3B46: Finished taking a snapshot at:(t:1, i:11) file:/workdir/hadoop-ozone/integration-test/target/test-dir/MiniOzoneClusterImpl-3bcee4e0-c750-460d-9485-7765d796aaea/datanode-3/data/ratis/5c5c6ac9-a7c0-454f-9bc4-1c542e4b3b46/sm/snapshot.1_11 time:12
2019-10-14 16:45:23,467 [23234339-cf95-4061-a646-5f14882637eb@group-1C542E4B3B46-StateMachineUpdater] INFO  impl.StateMachineUpdater (StateMachineUpdater.java:takeSnapshot(269)) - 23234339-cf95-4061-a646-5f14882637eb@group-1C542E4B3B46-StateMachineUpdater: Took a snapshot at index 11
2019-10-14 16:45:23,467 [23234339-cf95-4061-a646-5f14882637eb@group-1C542E4B3B46-StateMachineUpdater] INFO  impl.StateMachineUpdater (StateMachineUpdater.java:lambda$new$0(84)) - 23234339-cf95-4061-a646-5f14882637eb@group-1C542E4B3B46-StateMachineUpdater: snapshotIndex: updateIncreasingly 11 -> 11
2019-10-14 16:45:23,467 [main] INFO  impl.RaftServerImpl (ServerState.java:close(387)) - 23234339-cf95-4061-a646-5f14882637eb@group-1C542E4B3B46: closes. applyIndex: 13
2019-10-14 16:45:23,467 [23234339-cf95-4061-a646-5f14882637eb@group-1C542E4B3B46-SegmentedRaftLogWorker] INFO  segmented.SegmentedRaftLogWorker (SegmentedRaftLogWorker.java:run(316)) - 23234339-cf95-4061-a646-5f14882637eb@group-1C542E4B3B46-SegmentedRaftLogWorker was interrupted, exiting. There are 0 tasks remaining in the queue.
2019-10-14 16:45:23,470 [main] INFO  segmented.SegmentedRaftLogWorker (SegmentedRaftLogWorker.java:close(224)) - 23234339-cf95-4061-a646-5f14882637eb@group-1C542E4B3B46-SegmentedRaftLogWorker close()
2019-10-14 16:45:23,473 [main] INFO  server.GrpcService (GrpcService.java:closeImpl(164)) - 23234339-cf95-4061-a646-5f14882637eb: shutdown server with port 38471 now
2019-10-14 16:45:23,474 [main] INFO  server.GrpcService (GrpcService.java:closeImpl(172)) - 23234339-cf95-4061-a646-5f14882637eb: shutdown server with port 38471 successfully
2019-10-14 16:45:23,477 [refreshUsed-/workdir/hadoop-ozone/integration-test/target/test-dir/MiniOzoneClusterImpl-3bcee4e0-c750-460d-9485-7765d796aaea/datanode-3/data/containers] WARN  fs.CachingGetSpaceUsed (CachingGetSpaceUsed.java:run(183)) - Thread Interrupted waiting to refresh disk information: sleep interrupted
2019-10-14 16:45:23,482 [ForkJoinPool.commonPool-worker-0] INFO  utils.BackgroundService (BackgroundService.java:shutdown(151)) - Shutting down service BlockDeletingService
2019-10-14 16:45:23,494 [ForkJoinPool.commonPool-worker-0] INFO  statemachine.DatanodeStateMachine (DatanodeStateMachine.java:stopDaemon(395)) - Ozone container server stopped.
2019-10-14 16:45:23,498 [ForkJoinPool.commonPool-worker-0] INFO  handler.ContextHandler (ContextHandler.java:doStop(910)) - Stopped o.e.j.w.WebAppContext@394a6d2b{/,null,UNAVAILABLE}{/hddsDatanode}
2019-10-14 16:45:23,498 [ForkJoinPool.commonPool-worker-0] INFO  server.AbstractConnector (AbstractConnector.java:doStop(318)) - Stopped ServerConnector@635ff2a5{HTTP/1.1,[http/1.1]}{0.0.0.0:0}
2019-10-14 16:45:23,499 [ForkJoinPool.commonPool-worker-0] INFO  handler.ContextHandler (ContextHandler.java:doStop(910)) - Stopped o.e.j.s.ServletContextHandler@4e5c8ef3{/static,jar:file:/home/user/.m2/repository/org/apache/hadoop/hadoop-hdds-container-service/0.5.0-SNAPSHOT/hadoop-hdds-container-service-0.5.0-SNAPSHOT.jar!/webapps/static,UNAVAILABLE}
2019-10-14 16:45:23,499 [ForkJoinPool.commonPool-worker-0] INFO  handler.ContextHandler (ContextHandler.java:doStop(910)) - Stopped o.e.j.s.ServletContextHandler@65844c96{/logs,file:///workdir/hadoop-ozone/integration-test/target/log,UNAVAILABLE}
2019-10-14 16:45:23,504 [main] INFO  utils.BackgroundService (BackgroundService.java:shutdown(151)) - Shutting down service BlockDeletingService
2019-10-14 16:45:23,513 [main] INFO  statemachine.DatanodeStateMachine (DatanodeStateMachine.java:stopDaemon(395)) - Ozone container server stopped.
2019-10-14 16:45:23,514 [main] INFO  handler.ContextHandler (ContextHandler.java:doStop(910)) - Stopped o.e.j.w.WebAppContext@54a056e4{/,null,UNAVAILABLE}{/hddsDatanode}
2019-10-14 16:45:23,515 [main] INFO  server.AbstractConnector (AbstractConnector.java:doStop(318)) - Stopped ServerConnector@15994b0b{HTTP/1.1,[http/1.1]}{0.0.0.0:0}
2019-10-14 16:45:23,515 [main] INFO  handler.ContextHandler (ContextHandler.java:doStop(910)) - Stopped o.e.j.s.ServletContextHandler@615e83ac{/static,jar:file:/home/user/.m2/repository/org/apache/hadoop/hadoop-hdds-container-service/0.5.0-SNAPSHOT/hadoop-hdds-container-service-0.5.0-SNAPSHOT.jar!/webapps/static,UNAVAILABLE}
2019-10-14 16:45:23,516 [main] INFO  handler.ContextHandler (ContextHandler.java:doStop(910)) - Stopped o.e.j.s.ServletContextHandler@5e5a8718{/logs,file:///workdir/hadoop-ozone/integration-test/target/log,UNAVAILABLE}
2019-10-14 16:45:23,663 [Thread-3673] INFO  impl.FollowerState (FollowerState.java:run(108)) - 842ea96e-9318-4418-983b-6ddb7c91a035@group-1C542E4B3B46-FollowerState: change to CANDIDATE, lastRpcTime:5614ms, electionTimeout:5150ms
2019-10-14 16:45:23,663 [Thread-3673] INFO  impl.RoleInfo (RoleInfo.java:shutdownFollowerState(121)) - 842ea96e-9318-4418-983b-6ddb7c91a035: shutdown FollowerState
2019-10-14 16:45:23,663 [Thread-3673] INFO  impl.RaftServerImpl (RaftServerImpl.java:setRole(170)) - 842ea96e-9318-4418-983b-6ddb7c91a035@group-1C542E4B3B46: changes role from  FOLLOWER to CANDIDATE at term 1 for changeToCandidate
2019-10-14 16:45:23,663 [Thread-3673] INFO  impl.RoleInfo (RoleInfo.java:updateAndGet(143)) - 842ea96e-9318-4418-983b-6ddb7c91a035: start LeaderElection
2019-10-14 16:45:23,666 [842ea96e-9318-4418-983b-6ddb7c91a035@group-1C542E4B3B46-LeaderElection91] INFO  impl.RaftServerImpl (ServerState.java:setLeader(255)) - 842ea96e-9318-4418-983b-6ddb7c91a035@group-1C542E4B3B46: change Leader from 071bdbc1-9e52-4fae-967b-1fa1f5e783d7 to null at term 1 for initElection
2019-10-14 16:45:23,680 [842ea96e-9318-4418-983b-6ddb7c91a035@group-1C542E4B3B46-LeaderElection91] INFO  impl.LeaderElection (LeaderElection.java:askForVotes(178)) - 842ea96e-9318-4418-983b-6ddb7c91a035@group-1C542E4B3B46-LeaderElection91: begin an election at term 2 for 0: [842ea96e-9318-4418-983b-6ddb7c91a035:192.168.151.105:39174, 071bdbc1-9e52-4fae-967b-1fa1f5e783d7:192.168.151.105:43451, 23234339-cf95-4061-a646-5f14882637eb:192.168.151.105:38471], old=null
2019-10-14 16:45:23,682 [842ea96e-9318-4418-983b-6ddb7c91a035@group-1C542E4B3B46-LeaderElection91] INFO  impl.LeaderElection (LogUtils.java:infoOrTrace(149)) - 842ea96e-9318-4418-983b-6ddb7c91a035@group-1C542E4B3B46-LeaderElection91 got exception when requesting votes: {}
java.util.concurrent.ExecutionException: org.apache.ratis.thirdparty.io.grpc.StatusRuntimeException: UNAVAILABLE: io exception
	at java.util.concurrent.FutureTask.report(FutureTask.java:122)
	at java.util.concurrent.FutureTask.get(FutureTask.java:192)
	at org.apache.ratis.server.impl.LeaderElection.waitForResults(LeaderElection.java:259)
	at org.apache.ratis.server.impl.LeaderElection.askForVotes(LeaderElection.java:197)
	at org.apache.ratis.server.impl.LeaderElection.run(LeaderElection.java:133)
	at java.lang.Thread.run(Thread.java:748)
Caused by: org.apache.ratis.thirdparty.io.grpc.StatusRuntimeException: UNAVAILABLE: io exception
	at org.apache.ratis.thirdparty.io.grpc.stub.ClientCalls.toStatusRuntimeException(ClientCalls.java:233)
	at org.apache.ratis.thirdparty.io.grpc.stub.ClientCalls.getUnchecked(ClientCalls.java:214)
	at org.apache.ratis.thirdparty.io.grpc.stub.ClientCalls.blockingUnaryCall(ClientCalls.java:139)
	at org.apache.ratis.proto.grpc.RaftServerProtocolServiceGrpc$RaftServerProtocolServiceBlockingStub.requestVote(RaftServerProtocolServiceGrpc.java:265)
	at org.apache.ratis.grpc.server.GrpcServerProtocolClient.requestVote(GrpcServerProtocolClient.java:99)
	at org.apache.ratis.grpc.server.GrpcService.requestVote(GrpcService.java:204)
	at org.apache.ratis.server.impl.LeaderElection.lambda$submitRequests$1(LeaderElection.java:234)
	at java.util.concurrent.FutureTask.run(FutureTask.java:266)
	at java.util.concurrent.Executors$RunnableAdapter.call(Executors.java:511)
	at java.util.concurrent.FutureTask.run(FutureTask.java:266)
	at java.util.concurrent.ThreadPoolExecutor.runWorker(ThreadPoolExecutor.java:1149)
	at java.util.concurrent.ThreadPoolExecutor$Worker.run(ThreadPoolExecutor.java:624)
	... 1 more
Caused by: org.apache.ratis.thirdparty.io.netty.channel.AbstractChannel$AnnotatedConnectException: Connection refused: /192.168.151.105:43451
	at sun.nio.ch.SocketChannelImpl.checkConnect(Native Method)
	at sun.nio.ch.SocketChannelImpl.finishConnect(SocketChannelImpl.java:717)
	at org.apache.ratis.thirdparty.io.netty.channel.socket.nio.NioSocketChannel.doFinishConnect(NioSocketChannel.java:327)
	at org.apache.ratis.thirdparty.io.netty.channel.nio.AbstractNioChannel$AbstractNioUnsafe.finishConnect(AbstractNioChannel.java:340)
	at org.apache.ratis.thirdparty.io.netty.channel.nio.NioEventLoop.processSelectedKey(NioEventLoop.java:632)
	at org.apache.ratis.thirdparty.io.netty.channel.nio.NioEventLoop.processSelectedKeysOptimized(NioEventLoop.java:579)
	at org.apache.ratis.thirdparty.io.netty.channel.nio.NioEventLoop.processSelectedKeys(NioEventLoop.java:496)
	at org.apache.ratis.thirdparty.io.netty.channel.nio.NioEventLoop.run(NioEventLoop.java:458)
	at org.apache.ratis.thirdparty.io.netty.util.concurrent.SingleThreadEventExecutor$5.run(SingleThreadEventExecutor.java:897)
	at org.apache.ratis.thirdparty.io.netty.util.concurrent.FastThreadLocalRunnable.run(FastThreadLocalRunnable.java:30)
	... 1 more
Caused by: java.net.ConnectException: Connection refused
	... 11 more
2019-10-14 16:45:23,690 [842ea96e-9318-4418-983b-6ddb7c91a035@group-1C542E4B3B46-LeaderElection91] INFO  impl.LeaderElection (LogUtils.java:infoOrTrace(149)) - 842ea96e-9318-4418-983b-6ddb7c91a035@group-1C542E4B3B46-LeaderElection91 got exception when requesting votes: {}
java.util.concurrent.ExecutionException: org.apache.ratis.thirdparty.io.grpc.StatusRuntimeException: UNAVAILABLE: io exception
	at java.util.concurrent.FutureTask.report(FutureTask.java:122)
	at java.util.concurrent.FutureTask.get(FutureTask.java:192)
	at org.apache.ratis.server.impl.LeaderElection.waitForResults(LeaderElection.java:259)
	at org.apache.ratis.server.impl.LeaderElection.askForVotes(LeaderElection.java:197)
	at org.apache.ratis.server.impl.LeaderElection.run(LeaderElection.java:133)
	at java.lang.Thread.run(Thread.java:748)
Caused by: org.apache.ratis.thirdparty.io.grpc.StatusRuntimeException: UNAVAILABLE: io exception
	at org.apache.ratis.thirdparty.io.grpc.stub.ClientCalls.toStatusRuntimeException(ClientCalls.java:233)
	at org.apache.ratis.thirdparty.io.grpc.stub.ClientCalls.getUnchecked(ClientCalls.java:214)
	at org.apache.ratis.thirdparty.io.grpc.stub.ClientCalls.blockingUnaryCall(ClientCalls.java:139)
	at org.apache.ratis.proto.grpc.RaftServerProtocolServiceGrpc$RaftServerProtocolServiceBlockingStub.requestVote(RaftServerProtocolServiceGrpc.java:265)
	at org.apache.ratis.grpc.server.GrpcServerProtocolClient.requestVote(GrpcServerProtocolClient.java:99)
	at org.apache.ratis.grpc.server.GrpcService.requestVote(GrpcService.java:204)
	at org.apache.ratis.server.impl.LeaderElection.lambda$submitRequests$1(LeaderElection.java:234)
	at java.util.concurrent.FutureTask.run(FutureTask.java:266)
	at java.util.concurrent.Executors$RunnableAdapter.call(Executors.java:511)
	at java.util.concurrent.FutureTask.run(FutureTask.java:266)
	at java.util.concurrent.ThreadPoolExecutor.runWorker(ThreadPoolExecutor.java:1149)
	at java.util.concurrent.ThreadPoolExecutor$Worker.run(ThreadPoolExecutor.java:624)
	... 1 more
Caused by: org.apache.ratis.thirdparty.io.netty.channel.AbstractChannel$AnnotatedConnectException: Connection refused: /192.168.151.105:38471
	at sun.nio.ch.SocketChannelImpl.checkConnect(Native Method)
	at sun.nio.ch.SocketChannelImpl.finishConnect(SocketChannelImpl.java:717)
	at org.apache.ratis.thirdparty.io.netty.channel.socket.nio.NioSocketChannel.doFinishConnect(NioSocketChannel.java:327)
	at org.apache.ratis.thirdparty.io.netty.channel.nio.AbstractNioChannel$AbstractNioUnsafe.finishConnect(AbstractNioChannel.java:340)
	at org.apache.ratis.thirdparty.io.netty.channel.nio.NioEventLoop.processSelectedKey(NioEventLoop.java:632)
	at org.apache.ratis.thirdparty.io.netty.channel.nio.NioEventLoop.processSelectedKeysOptimized(NioEventLoop.java:579)
	at org.apache.ratis.thirdparty.io.netty.channel.nio.NioEventLoop.processSelectedKeys(NioEventLoop.java:496)
	at org.apache.ratis.thirdparty.io.netty.channel.nio.NioEventLoop.run(NioEventLoop.java:458)
	at org.apache.ratis.thirdparty.io.netty.util.concurrent.SingleThreadEventExecutor$5.run(SingleThreadEventExecutor.java:897)
	at org.apache.ratis.thirdparty.io.netty.util.concurrent.FastThreadLocalRunnable.run(FastThreadLocalRunnable.java:30)
	... 1 more
Caused by: java.net.ConnectException: Connection refused
	... 11 more
2019-10-14 16:45:23,691 [842ea96e-9318-4418-983b-6ddb7c91a035@group-1C542E4B3B46-LeaderElection91] INFO  impl.LeaderElection (LeaderElection.java:logAndReturn(56)) - 842ea96e-9318-4418-983b-6ddb7c91a035@group-1C542E4B3B46-LeaderElection91: Election REJECTED; received 0 response(s) [] and 2 exception(s); 842ea96e-9318-4418-983b-6ddb7c91a035@group-1C542E4B3B46:t2, leader=null, voted=842ea96e-9318-4418-983b-6ddb7c91a035, raftlog=842ea96e-9318-4418-983b-6ddb7c91a035@group-1C542E4B3B46-SegmentedRaftLog:OPENED:c13,f13,i13, conf=0: [842ea96e-9318-4418-983b-6ddb7c91a035:192.168.151.105:39174, 071bdbc1-9e52-4fae-967b-1fa1f5e783d7:192.168.151.105:43451, 23234339-cf95-4061-a646-5f14882637eb:192.168.151.105:38471], old=null
2019-10-14 16:45:23,691 [842ea96e-9318-4418-983b-6ddb7c91a035@group-1C542E4B3B46-LeaderElection91] INFO  impl.LeaderElection (LogUtils.java:infoOrTrace(149)) -   Exception 0: {}
java.util.concurrent.ExecutionException: org.apache.ratis.thirdparty.io.grpc.StatusRuntimeException: UNAVAILABLE: io exception
	at java.util.concurrent.FutureTask.report(FutureTask.java:122)
	at java.util.concurrent.FutureTask.get(FutureTask.java:192)
	at org.apache.ratis.server.impl.LeaderElection.waitForResults(LeaderElection.java:259)
	at org.apache.ratis.server.impl.LeaderElection.askForVotes(LeaderElection.java:197)
	at org.apache.ratis.server.impl.LeaderElection.run(LeaderElection.java:133)
	at java.lang.Thread.run(Thread.java:748)
Caused by: org.apache.ratis.thirdparty.io.grpc.StatusRuntimeException: UNAVAILABLE: io exception
	at org.apache.ratis.thirdparty.io.grpc.stub.ClientCalls.toStatusRuntimeException(ClientCalls.java:233)
	at org.apache.ratis.thirdparty.io.grpc.stub.ClientCalls.getUnchecked(ClientCalls.java:214)
	at org.apache.ratis.thirdparty.io.grpc.stub.ClientCalls.blockingUnaryCall(ClientCalls.java:139)
	at org.apache.ratis.proto.grpc.RaftServerProtocolServiceGrpc$RaftServerProtocolServiceBlockingStub.requestVote(RaftServerProtocolServiceGrpc.java:265)
	at org.apache.ratis.grpc.server.GrpcServerProtocolClient.requestVote(GrpcServerProtocolClient.java:99)
	at org.apache.ratis.grpc.server.GrpcService.requestVote(GrpcService.java:204)
	at org.apache.ratis.server.impl.LeaderElection.lambda$submitRequests$1(LeaderElection.java:234)
	at java.util.concurrent.FutureTask.run(FutureTask.java:266)
	at java.util.concurrent.Executors$RunnableAdapter.call(Executors.java:511)
	at java.util.concurrent.FutureTask.run(FutureTask.java:266)
	at java.util.concurrent.ThreadPoolExecutor.runWorker(ThreadPoolExecutor.java:1149)
	at java.util.concurrent.ThreadPoolExecutor$Worker.run(ThreadPoolExecutor.java:624)
	... 1 more
Caused by: org.apache.ratis.thirdparty.io.netty.channel.AbstractChannel$AnnotatedConnectException: Connection refused: /192.168.151.105:43451
	at sun.nio.ch.SocketChannelImpl.checkConnect(Native Method)
	at sun.nio.ch.SocketChannelImpl.finishConnect(SocketChannelImpl.java:717)
	at org.apache.ratis.thirdparty.io.netty.channel.socket.nio.NioSocketChannel.doFinishConnect(NioSocketChannel.java:327)
	at org.apache.ratis.thirdparty.io.netty.channel.nio.AbstractNioChannel$AbstractNioUnsafe.finishConnect(AbstractNioChannel.java:340)
	at org.apache.ratis.thirdparty.io.netty.channel.nio.NioEventLoop.processSelectedKey(NioEventLoop.java:632)
	at org.apache.ratis.thirdparty.io.netty.channel.nio.NioEventLoop.processSelectedKeysOptimized(NioEventLoop.java:579)
	at org.apache.ratis.thirdparty.io.netty.channel.nio.NioEventLoop.processSelectedKeys(NioEventLoop.java:496)
	at org.apache.ratis.thirdparty.io.netty.channel.nio.NioEventLoop.run(NioEventLoop.java:458)
	at org.apache.ratis.thirdparty.io.netty.util.concurrent.SingleThreadEventExecutor$5.run(SingleThreadEventExecutor.java:897)
	at org.apache.ratis.thirdparty.io.netty.util.concurrent.FastThreadLocalRunnable.run(FastThreadLocalRunnable.java:30)
	... 1 more
Caused by: java.net.ConnectException: Connection refused
	... 11 more
2019-10-14 16:45:23,692 [842ea96e-9318-4418-983b-6ddb7c91a035@group-1C542E4B3B46-LeaderElection91] INFO  impl.LeaderElection (LogUtils.java:infoOrTrace(149)) -   Exception 1: {}
java.util.concurrent.ExecutionException: org.apache.ratis.thirdparty.io.grpc.StatusRuntimeException: UNAVAILABLE: io exception
	at java.util.concurrent.FutureTask.report(FutureTask.java:122)
	at java.util.concurrent.FutureTask.get(FutureTask.java:192)
	at org.apache.ratis.server.impl.LeaderElection.waitForResults(LeaderElection.java:259)
	at org.apache.ratis.server.impl.LeaderElection.askForVotes(LeaderElection.java:197)
	at org.apache.ratis.server.impl.LeaderElection.run(LeaderElection.java:133)
	at java.lang.Thread.run(Thread.java:748)
Caused by: org.apache.ratis.thirdparty.io.grpc.StatusRuntimeException: UNAVAILABLE: io exception
	at org.apache.ratis.thirdparty.io.grpc.stub.ClientCalls.toStatusRuntimeException(ClientCalls.java:233)
	at org.apache.ratis.thirdparty.io.grpc.stub.ClientCalls.getUnchecked(ClientCalls.java:214)
	at org.apache.ratis.thirdparty.io.grpc.stub.ClientCalls.blockingUnaryCall(ClientCalls.java:139)
	at org.apache.ratis.proto.grpc.RaftServerProtocolServiceGrpc$RaftServerProtocolServiceBlockingStub.requestVote(RaftServerProtocolServiceGrpc.java:265)
	at org.apache.ratis.grpc.server.GrpcServerProtocolClient.requestVote(GrpcServerProtocolClient.java:99)
	at org.apache.ratis.grpc.server.GrpcService.requestVote(GrpcService.java:204)
	at org.apache.ratis.server.impl.LeaderElection.lambda$submitRequests$1(LeaderElection.java:234)
	at java.util.concurrent.FutureTask.run(FutureTask.java:266)
	at java.util.concurrent.Executors$RunnableAdapter.call(Executors.java:511)
	at java.util.concurrent.FutureTask.run(FutureTask.java:266)
	at java.util.concurrent.ThreadPoolExecutor.runWorker(ThreadPoolExecutor.java:1149)
	at java.util.concurrent.ThreadPoolExecutor$Worker.run(ThreadPoolExecutor.java:624)
	... 1 more
Caused by: org.apache.ratis.thirdparty.io.netty.channel.AbstractChannel$AnnotatedConnectException: Connection refused: /192.168.151.105:38471
	at sun.nio.ch.SocketChannelImpl.checkConnect(Native Method)
	at sun.nio.ch.SocketChannelImpl.finishConnect(SocketChannelImpl.java:717)
	at org.apache.ratis.thirdparty.io.netty.channel.socket.nio.NioSocketChannel.doFinishConnect(NioSocketChannel.java:327)
	at org.apache.ratis.thirdparty.io.netty.channel.nio.AbstractNioChannel$AbstractNioUnsafe.finishConnect(AbstractNioChannel.java:340)
	at org.apache.ratis.thirdparty.io.netty.channel.nio.NioEventLoop.processSelectedKey(NioEventLoop.java:632)
	at org.apache.ratis.thirdparty.io.netty.channel.nio.NioEventLoop.processSelectedKeysOptimized(NioEventLoop.java:579)
	at org.apache.ratis.thirdparty.io.netty.channel.nio.NioEventLoop.processSelectedKeys(NioEventLoop.java:496)
	at org.apache.ratis.thirdparty.io.netty.channel.nio.NioEventLoop.run(NioEventLoop.java:458)
	at org.apache.ratis.thirdparty.io.netty.util.concurrent.SingleThreadEventExecutor$5.run(SingleThreadEventExecutor.java:897)
	at org.apache.ratis.thirdparty.io.netty.util.concurrent.FastThreadLocalRunnable.run(FastThreadLocalRunnable.java:30)
	... 1 more
Caused by: java.net.ConnectException: Connection refused
	... 11 more
2019-10-14 16:45:23,692 [842ea96e-9318-4418-983b-6ddb7c91a035@group-1C542E4B3B46-LeaderElection91] INFO  impl.RaftServerImpl (RaftServerImpl.java:setRole(170)) - 842ea96e-9318-4418-983b-6ddb7c91a035@group-1C542E4B3B46: changes role from CANDIDATE to FOLLOWER at term 2 for DISCOVERED_A_NEW_TERM
2019-10-14 16:45:23,692 [842ea96e-9318-4418-983b-6ddb7c91a035@group-1C542E4B3B46-LeaderElection91] INFO  impl.RoleInfo (RoleInfo.java:shutdownLeaderElection(134)) - 842ea96e-9318-4418-983b-6ddb7c91a035: shutdown LeaderElection
2019-10-14 16:45:23,692 [842ea96e-9318-4418-983b-6ddb7c91a035@group-1C542E4B3B46-LeaderElection91] INFO  impl.RoleInfo (RoleInfo.java:updateAndGet(143)) - 842ea96e-9318-4418-983b-6ddb7c91a035: start FollowerState
2019-10-14 16:45:23,786 [Datanode State Machine Thread - 0] INFO  statemachine.DatanodeStateMachine (DatanodeStateMachine.java:lambda$startDaemon$0(350)) - Ozone container server started.
2019-10-14 16:45:24,007 [Datanode State Machine Thread - 0] INFO  statemachine.DatanodeStateMachine (DatanodeStateMachine.java:lambda$startDaemon$0(350)) - Ozone container server started.
2019-10-14 16:45:27,809 [EventQueue-StaleNodeForStaleNodeHandler] INFO  node.StaleNodeHandler (StaleNodeHandler.java:onMessage(58)) - Datanode 83cf07e6-c6c9-4dfc-9b3d-6b26bd32bb9d{ip: 192.168.151.105, host: pr-hdds-2196-2-9v7pc-2718207715, networkLocation: /default-rack, certSerialId: null} moved to stale state. Finalizing its pipelines [PipelineID=a6adac5e-fc75-4859-8800-68b0ef2ea906, PipelineID=8ee75997-10e0-42ea-b81b-fe022ccc9f90]
2019-10-14 16:45:27,810 [EventQueue-StaleNodeForStaleNodeHandler] INFO  pipeline.SCMPipelineManager (SCMPipelineManager.java:finalizeAndDestroyPipeline(315)) - destroying pipeline:Pipeline[ Id: a6adac5e-fc75-4859-8800-68b0ef2ea906, Nodes: c1399525-796b-484f-a475-1762a8beefc2{ip: 192.168.151.105, host: pr-hdds-2196-2-9v7pc-2718207715, networkLocation: /default-rack, certSerialId: null}83cf07e6-c6c9-4dfc-9b3d-6b26bd32bb9d{ip: 192.168.151.105, host: pr-hdds-2196-2-9v7pc-2718207715, networkLocation: /default-rack, certSerialId: null}e86dd251-6f74-4cac-acd7-ff3d16992f0f{ip: 192.168.151.105, host: pr-hdds-2196-2-9v7pc-2718207715, networkLocation: /default-rack, certSerialId: null}, Type:RATIS, Factor:THREE, State:CLOSED]
2019-10-14 16:45:27,811 [EventQueue-StaleNodeForStaleNodeHandler] INFO  pipeline.SCMPipelineManager (SCMPipelineManager.java:finalizeAndDestroyPipeline(315)) - destroying pipeline:Pipeline[ Id: 8ee75997-10e0-42ea-b81b-fe022ccc9f90, Nodes: 83cf07e6-c6c9-4dfc-9b3d-6b26bd32bb9d{ip: 192.168.151.105, host: pr-hdds-2196-2-9v7pc-2718207715, networkLocation: /default-rack, certSerialId: null}, Type:RATIS, Factor:ONE, State:OPEN]
2019-10-14 16:45:27,811 [EventQueue-StaleNodeForStaleNodeHandler] INFO  pipeline.PipelineStateManager (PipelineStateManager.java:finalizePipeline(123)) - Pipeline Pipeline[ Id: 8ee75997-10e0-42ea-b81b-fe022ccc9f90, Nodes: 83cf07e6-c6c9-4dfc-9b3d-6b26bd32bb9d{ip: 192.168.151.105, host: pr-hdds-2196-2-9v7pc-2718207715, networkLocation: /default-rack, certSerialId: null}, Type:RATIS, Factor:ONE, State:CLOSED] moved to CLOSED state
2019-10-14 16:45:28,109 [EventQueue-StaleNodeForStaleNodeHandler] INFO  node.StaleNodeHandler (StaleNodeHandler.java:onMessage(58)) - Datanode 65017196-f2ef-405d-ba3e-41f4452fefe6{ip: 192.168.151.105, host: pr-hdds-2196-2-9v7pc-2718207715, networkLocation: /default-rack, certSerialId: null} moved to stale state. Finalizing its pipelines []
2019-10-14 16:45:28,502 [ForkJoinPool.commonPool-worker-0] INFO  ozoneimpl.OzoneContainer (OzoneContainer.java:stop(227)) - Attempting to stop container services.
2019-10-14 16:45:28,507 [ForkJoinPool.commonPool-worker-0] INFO  impl.RaftServerProxy (RaftServerProxy.java:lambda$close$4(314)) - 83cf07e6-c6c9-4dfc-9b3d-6b26bd32bb9d: close
2019-10-14 16:45:28,508 [ForkJoinPool.commonPool-worker-0] INFO  impl.RaftServerImpl (RaftServerImpl.java:lambda$shutdown$3(247)) - 83cf07e6-c6c9-4dfc-9b3d-6b26bd32bb9d@group-68B0EF2EA906: shutdown
2019-10-14 16:45:28,508 [ForkJoinPool.commonPool-worker-0] INFO  util.JmxRegister (JmxRegister.java:unregister(73)) - Successfully un-registered JMX Bean with object name Ratis:service=RaftServer,group=group-68B0EF2EA906,id=83cf07e6-c6c9-4dfc-9b3d-6b26bd32bb9d
2019-10-14 16:45:28,509 [ForkJoinPool.commonPool-worker-0] INFO  impl.RoleInfo (RoleInfo.java:shutdownFollowerState(121)) - 83cf07e6-c6c9-4dfc-9b3d-6b26bd32bb9d: shutdown FollowerState
2019-10-14 16:45:28,509 [ForkJoinPool.commonPool-worker-0] INFO  impl.StateMachineUpdater (StateMachineUpdater.java:stopAndJoin(136)) - 83cf07e6-c6c9-4dfc-9b3d-6b26bd32bb9d@group-68B0EF2EA906-StateMachineUpdater: set stopIndex = 6
2019-10-14 16:45:28,509 [Thread-3806] INFO  impl.FollowerState (FollowerState.java:run(117)) - 83cf07e6-c6c9-4dfc-9b3d-6b26bd32bb9d@group-68B0EF2EA906-FollowerState was interrupted: java.lang.InterruptedException: sleep interrupted
2019-10-14 16:45:28,510 [83cf07e6-c6c9-4dfc-9b3d-6b26bd32bb9d@group-68B0EF2EA906-StateMachineUpdater] INFO  ratis.ContainerStateMachine (ContainerStateMachine.java:takeSnapshot(294)) - group-68B0EF2EA906: Taking a snapshot at:(t:1, i:6) file /workdir/hadoop-ozone/integration-test/target/test-dir/MiniOzoneClusterImpl-3bcee4e0-c750-460d-9485-7765d796aaea/datanode-0/data/ratis/a6adac5e-fc75-4859-8800-68b0ef2ea906/sm/snapshot.1_6
2019-10-14 16:45:28,517 [main] INFO  ozoneimpl.OzoneContainer (OzoneContainer.java:stop(227)) - Attempting to stop container services.
2019-10-14 16:45:28,518 [main] INFO  impl.RaftServerProxy (RaftServerProxy.java:lambda$close$4(314)) - 65017196-f2ef-405d-ba3e-41f4452fefe6: close
2019-10-14 16:45:28,520 [main] INFO  server.GrpcService (GrpcService.java:closeImpl(164)) - 65017196-f2ef-405d-ba3e-41f4452fefe6: shutdown server with port 35408 now
2019-10-14 16:45:28,520 [main] INFO  server.GrpcService (GrpcService.java:closeImpl(172)) - 65017196-f2ef-405d-ba3e-41f4452fefe6: shutdown server with port 35408 successfully
2019-10-14 16:45:28,523 [refreshUsed-/workdir/hadoop-ozone/integration-test/target/test-dir/MiniOzoneClusterImpl-3bcee4e0-c750-460d-9485-7765d796aaea/datanode-6/data/containers] WARN  fs.CachingGetSpaceUsed (CachingGetSpaceUsed.java:run(183)) - Thread Interrupted waiting to refresh disk information: sleep interrupted
2019-10-14 16:45:28,525 [83cf07e6-c6c9-4dfc-9b3d-6b26bd32bb9d@group-68B0EF2EA906-StateMachineUpdater] INFO  ratis.ContainerStateMachine (ContainerStateMachine.java:takeSnapshot(305)) - group-68B0EF2EA906: Finished taking a snapshot at:(t:1, i:6) file:/workdir/hadoop-ozone/integration-test/target/test-dir/MiniOzoneClusterImpl-3bcee4e0-c750-460d-9485-7765d796aaea/datanode-0/data/ratis/a6adac5e-fc75-4859-8800-68b0ef2ea906/sm/snapshot.1_6 time:16
2019-10-14 16:45:28,528 [83cf07e6-c6c9-4dfc-9b3d-6b26bd32bb9d@group-68B0EF2EA906-StateMachineUpdater] INFO  impl.StateMachineUpdater (StateMachineUpdater.java:takeSnapshot(269)) - 83cf07e6-c6c9-4dfc-9b3d-6b26bd32bb9d@group-68B0EF2EA906-StateMachineUpdater: Took a snapshot at index 6
2019-10-14 16:45:28,528 [83cf07e6-c6c9-4dfc-9b3d-6b26bd32bb9d@group-68B0EF2EA906-StateMachineUpdater] INFO  impl.StateMachineUpdater (StateMachineUpdater.java:lambda$new$0(84)) - 83cf07e6-c6c9-4dfc-9b3d-6b26bd32bb9d@group-68B0EF2EA906-StateMachineUpdater: snapshotIndex: updateIncreasingly -1 -> 6
2019-10-14 16:45:28,529 [ForkJoinPool.commonPool-worker-0] INFO  impl.RaftServerImpl (ServerState.java:close(387)) - 83cf07e6-c6c9-4dfc-9b3d-6b26bd32bb9d@group-68B0EF2EA906: closes. applyIndex: 6
2019-10-14 16:45:28,530 [83cf07e6-c6c9-4dfc-9b3d-6b26bd32bb9d@group-68B0EF2EA906-SegmentedRaftLogWorker] INFO  segmented.SegmentedRaftLogWorker (SegmentedRaftLogWorker.java:run(316)) - 83cf07e6-c6c9-4dfc-9b3d-6b26bd32bb9d@group-68B0EF2EA906-SegmentedRaftLogWorker was interrupted, exiting. There are 0 tasks remaining in the queue.
2019-10-14 16:45:28,532 [ForkJoinPool.commonPool-worker-0] INFO  segmented.SegmentedRaftLogWorker (SegmentedRaftLogWorker.java:close(224)) - 83cf07e6-c6c9-4dfc-9b3d-6b26bd32bb9d@group-68B0EF2EA906-SegmentedRaftLogWorker close()
2019-10-14 16:45:28,534 [ForkJoinPool.commonPool-worker-0] INFO  impl.RaftServerImpl (RaftServerImpl.java:lambda$shutdown$3(247)) - 83cf07e6-c6c9-4dfc-9b3d-6b26bd32bb9d@group-FE022CCC9F90: shutdown
2019-10-14 16:45:28,534 [ForkJoinPool.commonPool-worker-0] INFO  util.JmxRegister (JmxRegister.java:unregister(73)) - Successfully un-registered JMX Bean with object name Ratis:service=RaftServer,group=group-FE022CCC9F90,id=83cf07e6-c6c9-4dfc-9b3d-6b26bd32bb9d
2019-10-14 16:45:28,534 [ForkJoinPool.commonPool-worker-0] INFO  impl.RoleInfo (RoleInfo.java:shutdownLeaderState(104)) - 83cf07e6-c6c9-4dfc-9b3d-6b26bd32bb9d: shutdown LeaderState
2019-10-14 16:45:28,535 [ForkJoinPool.commonPool-worker-0] INFO  impl.PendingRequests (PendingRequests.java:sendNotLeaderResponses(202)) - 83cf07e6-c6c9-4dfc-9b3d-6b26bd32bb9d@group-FE022CCC9F90-PendingRequests: sendNotLeaderResponses
2019-10-14 16:45:28,535 [ForkJoinPool.commonPool-worker-0] INFO  impl.StateMachineUpdater (StateMachineUpdater.java:stopAndJoin(136)) - 83cf07e6-c6c9-4dfc-9b3d-6b26bd32bb9d@group-FE022CCC9F90-StateMachineUpdater: set stopIndex = 0
2019-10-14 16:45:28,536 [ForkJoinPool.commonPool-worker-0] INFO  impl.RaftServerImpl (ServerState.java:close(387)) - 83cf07e6-c6c9-4dfc-9b3d-6b26bd32bb9d@group-FE022CCC9F90: closes. applyIndex: 0
2019-10-14 16:45:28,536 [83cf07e6-c6c9-4dfc-9b3d-6b26bd32bb9d@group-FE022CCC9F90-SegmentedRaftLogWorker] INFO  segmented.SegmentedRaftLogWorker (SegmentedRaftLogWorker.java:run(316)) - 83cf07e6-c6c9-4dfc-9b3d-6b26bd32bb9d@group-FE022CCC9F90-SegmentedRaftLogWorker was interrupted, exiting. There are 0 tasks remaining in the queue.
2019-10-14 16:45:28,537 [ForkJoinPool.commonPool-worker-0] INFO  segmented.SegmentedRaftLogWorker (SegmentedRaftLogWorker.java:close(224)) - 83cf07e6-c6c9-4dfc-9b3d-6b26bd32bb9d@group-FE022CCC9F90-SegmentedRaftLogWorker close()
2019-10-14 16:45:28,539 [ForkJoinPool.commonPool-worker-0] INFO  server.GrpcService (GrpcService.java:closeImpl(164)) - 83cf07e6-c6c9-4dfc-9b3d-6b26bd32bb9d: shutdown server with port 36174 now
2019-10-14 16:45:28,539 [ForkJoinPool.commonPool-worker-0] INFO  server.GrpcService (GrpcService.java:closeImpl(172)) - 83cf07e6-c6c9-4dfc-9b3d-6b26bd32bb9d: shutdown server with port 36174 successfully
2019-10-14 16:45:28,541 [refreshUsed-/workdir/hadoop-ozone/integration-test/target/test-dir/MiniOzoneClusterImpl-3bcee4e0-c750-460d-9485-7765d796aaea/datanode-0/data/containers] WARN  fs.CachingGetSpaceUsed (CachingGetSpaceUsed.java:run(183)) - Thread Interrupted waiting to refresh disk information: sleep interrupted
2019-10-14 16:45:28,553 [main] INFO  utils.BackgroundService (BackgroundService.java:shutdown(151)) - Shutting down service BlockDeletingService
2019-10-14 16:45:28,556 [main] INFO  statemachine.DatanodeStateMachine (DatanodeStateMachine.java:stopDaemon(395)) - Ozone container server stopped.
2019-10-14 16:45:28,557 [main] INFO  handler.ContextHandler (ContextHandler.java:doStop(910)) - Stopped o.e.j.w.WebAppContext@31228d83{/,null,UNAVAILABLE}{/hddsDatanode}
2019-10-14 16:45:28,558 [main] INFO  server.AbstractConnector (AbstractConnector.java:doStop(318)) - Stopped ServerConnector@22b82ddf{HTTP/1.1,[http/1.1]}{0.0.0.0:0}
2019-10-14 16:45:28,559 [main] INFO  handler.ContextHandler (ContextHandler.java:doStop(910)) - Stopped o.e.j.s.ServletContextHandler@4d0e1a9a{/static,jar:file:/home/user/.m2/repository/org/apache/hadoop/hadoop-hdds-container-service/0.5.0-SNAPSHOT/hadoop-hdds-container-service-0.5.0-SNAPSHOT.jar!/webapps/static,UNAVAILABLE}
2019-10-14 16:45:28,560 [main] INFO  handler.ContextHandler (ContextHandler.java:doStop(910)) - Stopped o.e.j.s.ServletContextHandler@b5c902{/logs,file:///workdir/hadoop-ozone/integration-test/target/log,UNAVAILABLE}
2019-10-14 16:45:28,563 [ForkJoinPool.commonPool-worker-0] INFO  utils.BackgroundService (BackgroundService.java:shutdown(151)) - Shutting down service BlockDeletingService
2019-10-14 16:45:28,574 [ForkJoinPool.commonPool-worker-0] INFO  statemachine.DatanodeStateMachine (DatanodeStateMachine.java:stopDaemon(395)) - Ozone container server stopped.
2019-10-14 16:45:28,577 [ForkJoinPool.commonPool-worker-0] INFO  handler.ContextHandler (ContextHandler.java:doStop(910)) - Stopped o.e.j.w.WebAppContext@652e345{/,null,UNAVAILABLE}{/hddsDatanode}
2019-10-14 16:45:28,578 [ForkJoinPool.commonPool-worker-0] INFO  server.AbstractConnector (AbstractConnector.java:doStop(318)) - Stopped ServerConnector@7574d4ad{HTTP/1.1,[http/1.1]}{0.0.0.0:0}
2019-10-14 16:45:28,578 [ForkJoinPool.commonPool-worker-0] INFO  handler.ContextHandler (ContextHandler.java:doStop(910)) - Stopped o.e.j.s.ServletContextHandler@48dff674{/static,jar:file:/home/user/.m2/repository/org/apache/hadoop/hadoop-hdds-container-service/0.5.0-SNAPSHOT/hadoop-hdds-container-service-0.5.0-SNAPSHOT.jar!/webapps/static,UNAVAILABLE}
2019-10-14 16:45:28,578 [ForkJoinPool.commonPool-worker-0] INFO  handler.ContextHandler (ContextHandler.java:doStop(910)) - Stopped o.e.j.s.ServletContextHandler@541d4d9f{/logs,file:///workdir/hadoop-ozone/integration-test/target/log,UNAVAILABLE}
2019-10-14 16:45:28,719 [Thread-3819] INFO  impl.FollowerState (FollowerState.java:run(108)) - 842ea96e-9318-4418-983b-6ddb7c91a035@group-1C542E4B3B46-FollowerState: change to CANDIDATE, lastRpcTime:5026ms, electionTimeout:5026ms
2019-10-14 16:45:28,720 [Thread-3819] INFO  impl.RoleInfo (RoleInfo.java:shutdownFollowerState(121)) - 842ea96e-9318-4418-983b-6ddb7c91a035: shutdown FollowerState
2019-10-14 16:45:28,720 [Thread-3819] INFO  impl.RaftServerImpl (RaftServerImpl.java:setRole(170)) - 842ea96e-9318-4418-983b-6ddb7c91a035@group-1C542E4B3B46: changes role from  FOLLOWER to CANDIDATE at term 2 for changeToCandidate
2019-10-14 16:45:28,720 [Thread-3819] INFO  impl.RoleInfo (RoleInfo.java:updateAndGet(143)) - 842ea96e-9318-4418-983b-6ddb7c91a035: start LeaderElection
2019-10-14 16:45:28,740 [842ea96e-9318-4418-983b-6ddb7c91a035@group-1C542E4B3B46-LeaderElection92] INFO  impl.LeaderElection (LeaderElection.java:askForVotes(178)) - 842ea96e-9318-4418-983b-6ddb7c91a035@group-1C542E4B3B46-LeaderElection92: begin an election at term 3 for 0: [842ea96e-9318-4418-983b-6ddb7c91a035:192.168.151.105:39174, 071bdbc1-9e52-4fae-967b-1fa1f5e783d7:192.168.151.105:43451, 23234339-cf95-4061-a646-5f14882637eb:192.168.151.105:38471], old=null
2019-10-14 16:45:28,742 [842ea96e-9318-4418-983b-6ddb7c91a035@group-1C542E4B3B46-LeaderElection92] INFO  impl.LeaderElection (LogUtils.java:infoOrTrace(149)) - 842ea96e-9318-4418-983b-6ddb7c91a035@group-1C542E4B3B46-LeaderElection92 got exception when requesting votes: {}
java.util.concurrent.ExecutionException: org.apache.ratis.thirdparty.io.grpc.StatusRuntimeException: UNAVAILABLE: io exception
	at java.util.concurrent.FutureTask.report(FutureTask.java:122)
	at java.util.concurrent.FutureTask.get(FutureTask.java:192)
	at org.apache.ratis.server.impl.LeaderElection.waitForResults(LeaderElection.java:259)
	at org.apache.ratis.server.impl.LeaderElection.askForVotes(LeaderElection.java:197)
	at org.apache.ratis.server.impl.LeaderElection.run(LeaderElection.java:133)
	at java.lang.Thread.run(Thread.java:748)
Caused by: org.apache.ratis.thirdparty.io.grpc.StatusRuntimeException: UNAVAILABLE: io exception
	at org.apache.ratis.thirdparty.io.grpc.stub.ClientCalls.toStatusRuntimeException(ClientCalls.java:233)
	at org.apache.ratis.thirdparty.io.grpc.stub.ClientCalls.getUnchecked(ClientCalls.java:214)
	at org.apache.ratis.thirdparty.io.grpc.stub.ClientCalls.blockingUnaryCall(ClientCalls.java:139)
	at org.apache.ratis.proto.grpc.RaftServerProtocolServiceGrpc$RaftServerProtocolServiceBlockingStub.requestVote(RaftServerProtocolServiceGrpc.java:265)
	at org.apache.ratis.grpc.server.GrpcServerProtocolClient.requestVote(GrpcServerProtocolClient.java:99)
	at org.apache.ratis.grpc.server.GrpcService.requestVote(GrpcService.java:204)
	at org.apache.ratis.server.impl.LeaderElection.lambda$submitRequests$1(LeaderElection.java:234)
	at java.util.concurrent.FutureTask.run(FutureTask.java:266)
	at java.util.concurrent.Executors$RunnableAdapter.call(Executors.java:511)
	at java.util.concurrent.FutureTask.run(FutureTask.java:266)
	at java.util.concurrent.ThreadPoolExecutor.runWorker(ThreadPoolExecutor.java:1149)
	at java.util.concurrent.ThreadPoolExecutor$Worker.run(ThreadPoolExecutor.java:624)
	... 1 more
Caused by: org.apache.ratis.thirdparty.io.netty.channel.AbstractChannel$AnnotatedConnectException: Connection refused: /192.168.151.105:43451
	at sun.nio.ch.SocketChannelImpl.checkConnect(Native Method)
	at sun.nio.ch.SocketChannelImpl.finishConnect(SocketChannelImpl.java:717)
	at org.apache.ratis.thirdparty.io.netty.channel.socket.nio.NioSocketChannel.doFinishConnect(NioSocketChannel.java:327)
	at org.apache.ratis.thirdparty.io.netty.channel.nio.AbstractNioChannel$AbstractNioUnsafe.finishConnect(AbstractNioChannel.java:340)
	at org.apache.ratis.thirdparty.io.netty.channel.nio.NioEventLoop.processSelectedKey(NioEventLoop.java:632)
	at org.apache.ratis.thirdparty.io.netty.channel.nio.NioEventLoop.processSelectedKeysOptimized(NioEventLoop.java:579)
	at org.apache.ratis.thirdparty.io.netty.channel.nio.NioEventLoop.processSelectedKeys(NioEventLoop.java:496)
	at org.apache.ratis.thirdparty.io.netty.channel.nio.NioEventLoop.run(NioEventLoop.java:458)
	at org.apache.ratis.thirdparty.io.netty.util.concurrent.SingleThreadEventExecutor$5.run(SingleThreadEventExecutor.java:897)
	at org.apache.ratis.thirdparty.io.netty.util.concurrent.FastThreadLocalRunnable.run(FastThreadLocalRunnable.java:30)
	... 1 more
Caused by: java.net.ConnectException: Connection refused
	... 11 more
2019-10-14 16:45:28,750 [842ea96e-9318-4418-983b-6ddb7c91a035@group-1C542E4B3B46-LeaderElection92] INFO  impl.LeaderElection (LogUtils.java:infoOrTrace(149)) - 842ea96e-9318-4418-983b-6ddb7c91a035@group-1C542E4B3B46-LeaderElection92 got exception when requesting votes: {}
java.util.concurrent.ExecutionException: org.apache.ratis.thirdparty.io.grpc.StatusRuntimeException: UNAVAILABLE: io exception
	at java.util.concurrent.FutureTask.report(FutureTask.java:122)
	at java.util.concurrent.FutureTask.get(FutureTask.java:192)
	at org.apache.ratis.server.impl.LeaderElection.waitForResults(LeaderElection.java:259)
	at org.apache.ratis.server.impl.LeaderElection.askForVotes(LeaderElection.java:197)
	at org.apache.ratis.server.impl.LeaderElection.run(LeaderElection.java:133)
	at java.lang.Thread.run(Thread.java:748)
Caused by: org.apache.ratis.thirdparty.io.grpc.StatusRuntimeException: UNAVAILABLE: io exception
	at org.apache.ratis.thirdparty.io.grpc.stub.ClientCalls.toStatusRuntimeException(ClientCalls.java:233)
	at org.apache.ratis.thirdparty.io.grpc.stub.ClientCalls.getUnchecked(ClientCalls.java:214)
	at org.apache.ratis.thirdparty.io.grpc.stub.ClientCalls.blockingUnaryCall(ClientCalls.java:139)
	at org.apache.ratis.proto.grpc.RaftServerProtocolServiceGrpc$RaftServerProtocolServiceBlockingStub.requestVote(RaftServerProtocolServiceGrpc.java:265)
	at org.apache.ratis.grpc.server.GrpcServerProtocolClient.requestVote(GrpcServerProtocolClient.java:99)
	at org.apache.ratis.grpc.server.GrpcService.requestVote(GrpcService.java:204)
	at org.apache.ratis.server.impl.LeaderElection.lambda$submitRequests$1(LeaderElection.java:234)
	at java.util.concurrent.FutureTask.run(FutureTask.java:266)
	at java.util.concurrent.Executors$RunnableAdapter.call(Executors.java:511)
	at java.util.concurrent.FutureTask.run(FutureTask.java:266)
	at java.util.concurrent.ThreadPoolExecutor.runWorker(ThreadPoolExecutor.java:1149)
	at java.util.concurrent.ThreadPoolExecutor$Worker.run(ThreadPoolExecutor.java:624)
	... 1 more
Caused by: org.apache.ratis.thirdparty.io.netty.channel.AbstractChannel$AnnotatedConnectException: Connection refused: /192.168.151.105:38471
	at sun.nio.ch.SocketChannelImpl.checkConnect(Native Method)
	at sun.nio.ch.SocketChannelImpl.finishConnect(SocketChannelImpl.java:717)
	at org.apache.ratis.thirdparty.io.netty.channel.socket.nio.NioSocketChannel.doFinishConnect(NioSocketChannel.java:327)
	at org.apache.ratis.thirdparty.io.netty.channel.nio.AbstractNioChannel$AbstractNioUnsafe.finishConnect(AbstractNioChannel.java:340)
	at org.apache.ratis.thirdparty.io.netty.channel.nio.NioEventLoop.processSelectedKey(NioEventLoop.java:632)
	at org.apache.ratis.thirdparty.io.netty.channel.nio.NioEventLoop.processSelectedKeysOptimized(NioEventLoop.java:579)
	at org.apache.ratis.thirdparty.io.netty.channel.nio.NioEventLoop.processSelectedKeys(NioEventLoop.java:496)
	at org.apache.ratis.thirdparty.io.netty.channel.nio.NioEventLoop.run(NioEventLoop.java:458)
	at org.apache.ratis.thirdparty.io.netty.util.concurrent.SingleThreadEventExecutor$5.run(SingleThreadEventExecutor.java:897)
	at org.apache.ratis.thirdparty.io.netty.util.concurrent.FastThreadLocalRunnable.run(FastThreadLocalRunnable.java:30)
	... 1 more
Caused by: java.net.ConnectException: Connection refused
	... 11 more
2019-10-14 16:45:28,753 [842ea96e-9318-4418-983b-6ddb7c91a035@group-1C542E4B3B46-LeaderElection92] INFO  impl.LeaderElection (LeaderElection.java:logAndReturn(56)) - 842ea96e-9318-4418-983b-6ddb7c91a035@group-1C542E4B3B46-LeaderElection92: Election REJECTED; received 0 response(s) [] and 2 exception(s); 842ea96e-9318-4418-983b-6ddb7c91a035@group-1C542E4B3B46:t3, leader=null, voted=842ea96e-9318-4418-983b-6ddb7c91a035, raftlog=842ea96e-9318-4418-983b-6ddb7c91a035@group-1C542E4B3B46-SegmentedRaftLog:OPENED:c13,f13,i13, conf=0: [842ea96e-9318-4418-983b-6ddb7c91a035:192.168.151.105:39174, 071bdbc1-9e52-4fae-967b-1fa1f5e783d7:192.168.151.105:43451, 23234339-cf95-4061-a646-5f14882637eb:192.168.151.105:38471], old=null
2019-10-14 16:45:28,753 [842ea96e-9318-4418-983b-6ddb7c91a035@group-1C542E4B3B46-LeaderElection92] INFO  impl.LeaderElection (LogUtils.java:infoOrTrace(149)) -   Exception 0: {}
java.util.concurrent.ExecutionException: org.apache.ratis.thirdparty.io.grpc.StatusRuntimeException: UNAVAILABLE: io exception
	at java.util.concurrent.FutureTask.report(FutureTask.java:122)
	at java.util.concurrent.FutureTask.get(FutureTask.java:192)
	at org.apache.ratis.server.impl.LeaderElection.waitForResults(LeaderElection.java:259)
	at org.apache.ratis.server.impl.LeaderElection.askForVotes(LeaderElection.java:197)
	at org.apache.ratis.server.impl.LeaderElection.run(LeaderElection.java:133)
	at java.lang.Thread.run(Thread.java:748)
Caused by: org.apache.ratis.thirdparty.io.grpc.StatusRuntimeException: UNAVAILABLE: io exception
	at org.apache.ratis.thirdparty.io.grpc.stub.ClientCalls.toStatusRuntimeException(ClientCalls.java:233)
	at org.apache.ratis.thirdparty.io.grpc.stub.ClientCalls.getUnchecked(ClientCalls.java:214)
	at org.apache.ratis.thirdparty.io.grpc.stub.ClientCalls.blockingUnaryCall(ClientCalls.java:139)
	at org.apache.ratis.proto.grpc.RaftServerProtocolServiceGrpc$RaftServerProtocolServiceBlockingStub.requestVote(RaftServerProtocolServiceGrpc.java:265)
	at org.apache.ratis.grpc.server.GrpcServerProtocolClient.requestVote(GrpcServerProtocolClient.java:99)
	at org.apache.ratis.grpc.server.GrpcService.requestVote(GrpcService.java:204)
	at org.apache.ratis.server.impl.LeaderElection.lambda$submitRequests$1(LeaderElection.java:234)
	at java.util.concurrent.FutureTask.run(FutureTask.java:266)
	at java.util.concurrent.Executors$RunnableAdapter.call(Executors.java:511)
	at java.util.concurrent.FutureTask.run(FutureTask.java:266)
	at java.util.concurrent.ThreadPoolExecutor.runWorker(ThreadPoolExecutor.java:1149)
	at java.util.concurrent.ThreadPoolExecutor$Worker.run(ThreadPoolExecutor.java:624)
	... 1 more
Caused by: org.apache.ratis.thirdparty.io.netty.channel.AbstractChannel$AnnotatedConnectException: Connection refused: /192.168.151.105:43451
	at sun.nio.ch.SocketChannelImpl.checkConnect(Native Method)
	at sun.nio.ch.SocketChannelImpl.finishConnect(SocketChannelImpl.java:717)
	at org.apache.ratis.thirdparty.io.netty.channel.socket.nio.NioSocketChannel.doFinishConnect(NioSocketChannel.java:327)
	at org.apache.ratis.thirdparty.io.netty.channel.nio.AbstractNioChannel$AbstractNioUnsafe.finishConnect(AbstractNioChannel.java:340)
	at org.apache.ratis.thirdparty.io.netty.channel.nio.NioEventLoop.processSelectedKey(NioEventLoop.java:632)
	at org.apache.ratis.thirdparty.io.netty.channel.nio.NioEventLoop.processSelectedKeysOptimized(NioEventLoop.java:579)
	at org.apache.ratis.thirdparty.io.netty.channel.nio.NioEventLoop.processSelectedKeys(NioEventLoop.java:496)
	at org.apache.ratis.thirdparty.io.netty.channel.nio.NioEventLoop.run(NioEventLoop.java:458)
	at org.apache.ratis.thirdparty.io.netty.util.concurrent.SingleThreadEventExecutor$5.run(SingleThreadEventExecutor.java:897)
	at org.apache.ratis.thirdparty.io.netty.util.concurrent.FastThreadLocalRunnable.run(FastThreadLocalRunnable.java:30)
	... 1 more
Caused by: java.net.ConnectException: Connection refused
	... 11 more
2019-10-14 16:45:28,754 [842ea96e-9318-4418-983b-6ddb7c91a035@group-1C542E4B3B46-LeaderElection92] INFO  impl.LeaderElection (LogUtils.java:infoOrTrace(149)) -   Exception 1: {}
java.util.concurrent.ExecutionException: org.apache.ratis.thirdparty.io.grpc.StatusRuntimeException: UNAVAILABLE: io exception
	at java.util.concurrent.FutureTask.report(FutureTask.java:122)
	at java.util.concurrent.FutureTask.get(FutureTask.java:192)
	at org.apache.ratis.server.impl.LeaderElection.waitForResults(LeaderElection.java:259)
	at org.apache.ratis.server.impl.LeaderElection.askForVotes(LeaderElection.java:197)
	at org.apache.ratis.server.impl.LeaderElection.run(LeaderElection.java:133)
	at java.lang.Thread.run(Thread.java:748)
Caused by: org.apache.ratis.thirdparty.io.grpc.StatusRuntimeException: UNAVAILABLE: io exception
	at org.apache.ratis.thirdparty.io.grpc.stub.ClientCalls.toStatusRuntimeException(ClientCalls.java:233)
	at org.apache.ratis.thirdparty.io.grpc.stub.ClientCalls.getUnchecked(ClientCalls.java:214)
	at org.apache.ratis.thirdparty.io.grpc.stub.ClientCalls.blockingUnaryCall(ClientCalls.java:139)
	at org.apache.ratis.proto.grpc.RaftServerProtocolServiceGrpc$RaftServerProtocolServiceBlockingStub.requestVote(RaftServerProtocolServiceGrpc.java:265)
	at org.apache.ratis.grpc.server.GrpcServerProtocolClient.requestVote(GrpcServerProtocolClient.java:99)
	at org.apache.ratis.grpc.server.GrpcService.requestVote(GrpcService.java:204)
	at org.apache.ratis.server.impl.LeaderElection.lambda$submitRequests$1(LeaderElection.java:234)
	at java.util.concurrent.FutureTask.run(FutureTask.java:266)
	at java.util.concurrent.Executors$RunnableAdapter.call(Executors.java:511)
	at java.util.concurrent.FutureTask.run(FutureTask.java:266)
	at java.util.concurrent.ThreadPoolExecutor.runWorker(ThreadPoolExecutor.java:1149)
	at java.util.concurrent.ThreadPoolExecutor$Worker.run(ThreadPoolExecutor.java:624)
	... 1 more
Caused by: org.apache.ratis.thirdparty.io.netty.channel.AbstractChannel$AnnotatedConnectException: Connection refused: /192.168.151.105:38471
	at sun.nio.ch.SocketChannelImpl.checkConnect(Native Method)
	at sun.nio.ch.SocketChannelImpl.finishConnect(SocketChannelImpl.java:717)
	at org.apache.ratis.thirdparty.io.netty.channel.socket.nio.NioSocketChannel.doFinishConnect(NioSocketChannel.java:327)
	at org.apache.ratis.thirdparty.io.netty.channel.nio.AbstractNioChannel$AbstractNioUnsafe.finishConnect(AbstractNioChannel.java:340)
	at org.apache.ratis.thirdparty.io.netty.channel.nio.NioEventLoop.processSelectedKey(NioEventLoop.java:632)
	at org.apache.ratis.thirdparty.io.netty.channel.nio.NioEventLoop.processSelectedKeysOptimized(NioEventLoop.java:579)
	at org.apache.ratis.thirdparty.io.netty.channel.nio.NioEventLoop.processSelectedKeys(NioEventLoop.java:496)
	at org.apache.ratis.thirdparty.io.netty.channel.nio.NioEventLoop.run(NioEventLoop.java:458)
	at org.apache.ratis.thirdparty.io.netty.util.concurrent.SingleThreadEventExecutor$5.run(SingleThreadEventExecutor.java:897)
	at org.apache.ratis.thirdparty.io.netty.util.concurrent.FastThreadLocalRunnable.run(FastThreadLocalRunnable.java:30)
	... 1 more
Caused by: java.net.ConnectException: Connection refused
	... 11 more
2019-10-14 16:45:28,754 [842ea96e-9318-4418-983b-6ddb7c91a035@group-1C542E4B3B46-LeaderElection92] INFO  impl.RaftServerImpl (RaftServerImpl.java:setRole(170)) - 842ea96e-9318-4418-983b-6ddb7c91a035@group-1C542E4B3B46: changes role from CANDIDATE to FOLLOWER at term 3 for DISCOVERED_A_NEW_TERM
2019-10-14 16:45:28,755 [842ea96e-9318-4418-983b-6ddb7c91a035@group-1C542E4B3B46-LeaderElection92] INFO  impl.RoleInfo (RoleInfo.java:shutdownLeaderElection(134)) - 842ea96e-9318-4418-983b-6ddb7c91a035: shutdown LeaderElection
2019-10-14 16:45:28,755 [842ea96e-9318-4418-983b-6ddb7c91a035@group-1C542E4B3B46-LeaderElection92] INFO  impl.RoleInfo (RoleInfo.java:updateAndGet(143)) - 842ea96e-9318-4418-983b-6ddb7c91a035: start FollowerState
2019-10-14 16:45:29,029 [Datanode State Machine Thread - 0] INFO  statemachine.DatanodeStateMachine (DatanodeStateMachine.java:lambda$startDaemon$0(350)) - Ozone container server started.
2019-10-14 16:45:33,114 [EventQueue-StaleNodeForStaleNodeHandler] INFO  node.StaleNodeHandler (StaleNodeHandler.java:onMessage(58)) - Datanode 842ea96e-9318-4418-983b-6ddb7c91a035{ip: 192.168.151.105, host: pr-hdds-2196-2-9v7pc-2718207715, networkLocation: /default-rack, certSerialId: null} moved to stale state. Finalizing its pipelines [PipelineID=5c5c6ac9-a7c0-454f-9bc4-1c542e4b3b46, PipelineID=7abc5762-a72d-40e9-9c0b-bb6b33459131]
2019-10-14 16:45:33,115 [EventQueue-StaleNodeForStaleNodeHandler] INFO  pipeline.SCMPipelineManager (SCMPipelineManager.java:finalizeAndDestroyPipeline(315)) - destroying pipeline:Pipeline[ Id: 5c5c6ac9-a7c0-454f-9bc4-1c542e4b3b46, Nodes: 23234339-cf95-4061-a646-5f14882637eb{ip: 192.168.151.105, host: pr-hdds-2196-2-9v7pc-2718207715, networkLocation: /default-rack, certSerialId: null}842ea96e-9318-4418-983b-6ddb7c91a035{ip: 192.168.151.105, host: pr-hdds-2196-2-9v7pc-2718207715, networkLocation: /default-rack, certSerialId: null}071bdbc1-9e52-4fae-967b-1fa1f5e783d7{ip: 192.168.151.105, host: pr-hdds-2196-2-9v7pc-2718207715, networkLocation: /default-rack, certSerialId: null}, Type:RATIS, Factor:THREE, State:CLOSED]
2019-10-14 16:45:33,116 [EventQueue-StaleNodeForStaleNodeHandler] INFO  pipeline.SCMPipelineManager (SCMPipelineManager.java:finalizeAndDestroyPipeline(315)) - destroying pipeline:Pipeline[ Id: 7abc5762-a72d-40e9-9c0b-bb6b33459131, Nodes: 842ea96e-9318-4418-983b-6ddb7c91a035{ip: 192.168.151.105, host: pr-hdds-2196-2-9v7pc-2718207715, networkLocation: /default-rack, certSerialId: null}, Type:RATIS, Factor:ONE, State:OPEN]
2019-10-14 16:45:33,117 [EventQueue-StaleNodeForStaleNodeHandler] INFO  pipeline.PipelineStateManager (PipelineStateManager.java:finalizePipeline(123)) - Pipeline Pipeline[ Id: 7abc5762-a72d-40e9-9c0b-bb6b33459131, Nodes: 842ea96e-9318-4418-983b-6ddb7c91a035{ip: 192.168.151.105, host: pr-hdds-2196-2-9v7pc-2718207715, networkLocation: /default-rack, certSerialId: null}, Type:RATIS, Factor:ONE, State:CLOSED] moved to CLOSED state
2019-10-14 16:45:33,562 [main] INFO  ozoneimpl.OzoneContainer (OzoneContainer.java:stop(227)) - Attempting to stop container services.
2019-10-14 16:45:33,569 [main] INFO  impl.RaftServerProxy (RaftServerProxy.java:lambda$close$4(314)) - 842ea96e-9318-4418-983b-6ddb7c91a035: close
2019-10-14 16:45:33,570 [main] INFO  impl.RaftServerImpl (RaftServerImpl.java:lambda$shutdown$3(247)) - 842ea96e-9318-4418-983b-6ddb7c91a035@group-1C542E4B3B46: shutdown
2019-10-14 16:45:33,570 [ForkJoinPool.commonPool-worker-1] INFO  impl.RaftServerImpl (RaftServerImpl.java:lambda$shutdown$3(247)) - 842ea96e-9318-4418-983b-6ddb7c91a035@group-BB6B33459131: shutdown
2019-10-14 16:45:33,570 [main] INFO  util.JmxRegister (JmxRegister.java:unregister(73)) - Successfully un-registered JMX Bean with object name Ratis:service=RaftServer,group=group-1C542E4B3B46,id=842ea96e-9318-4418-983b-6ddb7c91a035
2019-10-14 16:45:33,570 [ForkJoinPool.commonPool-worker-1] INFO  util.JmxRegister (JmxRegister.java:unregister(73)) - Successfully un-registered JMX Bean with object name Ratis:service=RaftServer,group=group-BB6B33459131,id=842ea96e-9318-4418-983b-6ddb7c91a035
2019-10-14 16:45:33,571 [main] INFO  impl.RoleInfo (RoleInfo.java:shutdownFollowerState(121)) - 842ea96e-9318-4418-983b-6ddb7c91a035: shutdown FollowerState
2019-10-14 16:45:33,571 [ForkJoinPool.commonPool-worker-1] INFO  impl.RoleInfo (RoleInfo.java:shutdownLeaderState(104)) - 842ea96e-9318-4418-983b-6ddb7c91a035: shutdown LeaderState
2019-10-14 16:45:33,571 [Thread-3833] INFO  impl.FollowerState (FollowerState.java:run(117)) - 842ea96e-9318-4418-983b-6ddb7c91a035@group-1C542E4B3B46-FollowerState was interrupted: java.lang.InterruptedException: sleep interrupted
2019-10-14 16:45:33,571 [main] INFO  impl.StateMachineUpdater (StateMachineUpdater.java:stopAndJoin(136)) - 842ea96e-9318-4418-983b-6ddb7c91a035@group-1C542E4B3B46-StateMachineUpdater: set stopIndex = 13
2019-10-14 16:45:33,574 [ForkJoinPool.commonPool-worker-1] INFO  impl.PendingRequests (PendingRequests.java:sendNotLeaderResponses(202)) - 842ea96e-9318-4418-983b-6ddb7c91a035@group-BB6B33459131-PendingRequests: sendNotLeaderResponses
2019-10-14 16:45:33,574 [842ea96e-9318-4418-983b-6ddb7c91a035@group-1C542E4B3B46-StateMachineUpdater] INFO  ratis.ContainerStateMachine (ContainerStateMachine.java:takeSnapshot(294)) - group-1C542E4B3B46: Taking a snapshot at:(t:1, i:11) file /workdir/hadoop-ozone/integration-test/target/test-dir/MiniOzoneClusterImpl-3bcee4e0-c750-460d-9485-7765d796aaea/datanode-5/data/ratis/5c5c6ac9-a7c0-454f-9bc4-1c542e4b3b46/sm/snapshot.1_11
2019-10-14 16:45:33,575 [ForkJoinPool.commonPool-worker-1] INFO  impl.StateMachineUpdater (StateMachineUpdater.java:stopAndJoin(136)) - 842ea96e-9318-4418-983b-6ddb7c91a035@group-BB6B33459131-StateMachineUpdater: set stopIndex = 0
2019-10-14 16:45:33,575 [ForkJoinPool.commonPool-worker-1] INFO  impl.RaftServerImpl (ServerState.java:close(387)) - 842ea96e-9318-4418-983b-6ddb7c91a035@group-BB6B33459131: closes. applyIndex: 0
2019-10-14 16:45:33,576 [842ea96e-9318-4418-983b-6ddb7c91a035@group-BB6B33459131-SegmentedRaftLogWorker] INFO  segmented.SegmentedRaftLogWorker (SegmentedRaftLogWorker.java:run(316)) - 842ea96e-9318-4418-983b-6ddb7c91a035@group-BB6B33459131-SegmentedRaftLogWorker was interrupted, exiting. There are 0 tasks remaining in the queue.
2019-10-14 16:45:33,578 [ForkJoinPool.commonPool-worker-1] INFO  segmented.SegmentedRaftLogWorker (SegmentedRaftLogWorker.java:close(224)) - 842ea96e-9318-4418-983b-6ddb7c91a035@group-BB6B33459131-SegmentedRaftLogWorker close()
2019-10-14 16:45:33,588 [842ea96e-9318-4418-983b-6ddb7c91a035@group-1C542E4B3B46-StateMachineUpdater] INFO  ratis.ContainerStateMachine (ContainerStateMachine.java:takeSnapshot(305)) - group-1C542E4B3B46: Finished taking a snapshot at:(t:1, i:11) file:/workdir/hadoop-ozone/integration-test/target/test-dir/MiniOzoneClusterImpl-3bcee4e0-c750-460d-9485-7765d796aaea/datanode-5/data/ratis/5c5c6ac9-a7c0-454f-9bc4-1c542e4b3b46/sm/snapshot.1_11 time:17
2019-10-14 16:45:33,589 [842ea96e-9318-4418-983b-6ddb7c91a035@group-1C542E4B3B46-StateMachineUpdater] INFO  impl.StateMachineUpdater (StateMachineUpdater.java:takeSnapshot(269)) - 842ea96e-9318-4418-983b-6ddb7c91a035@group-1C542E4B3B46-StateMachineUpdater: Took a snapshot at index 11
2019-10-14 16:45:33,589 [842ea96e-9318-4418-983b-6ddb7c91a035@group-1C542E4B3B46-StateMachineUpdater] INFO  impl.StateMachineUpdater (StateMachineUpdater.java:lambda$new$0(84)) - 842ea96e-9318-4418-983b-6ddb7c91a035@group-1C542E4B3B46-StateMachineUpdater: snapshotIndex: updateIncreasingly -1 -> 11
2019-10-14 16:45:33,590 [842ea96e-9318-4418-983b-6ddb7c91a035@group-1C542E4B3B46-StateMachineUpdater] INFO  ratis.ContainerStateMachine (ContainerStateMachine.java:takeSnapshot(294)) - group-1C542E4B3B46: Taking a snapshot at:(t:1, i:11) file /workdir/hadoop-ozone/integration-test/target/test-dir/MiniOzoneClusterImpl-3bcee4e0-c750-460d-9485-7765d796aaea/datanode-5/data/ratis/5c5c6ac9-a7c0-454f-9bc4-1c542e4b3b46/sm/snapshot.1_11
2019-10-14 16:45:33,602 [842ea96e-9318-4418-983b-6ddb7c91a035@group-1C542E4B3B46-StateMachineUpdater] INFO  ratis.ContainerStateMachine (ContainerStateMachine.java:takeSnapshot(305)) - group-1C542E4B3B46: Finished taking a snapshot at:(t:1, i:11) file:/workdir/hadoop-ozone/integration-test/target/test-dir/MiniOzoneClusterImpl-3bcee4e0-c750-460d-9485-7765d796aaea/datanode-5/data/ratis/5c5c6ac9-a7c0-454f-9bc4-1c542e4b3b46/sm/snapshot.1_11 time:13
2019-10-14 16:45:33,602 [842ea96e-9318-4418-983b-6ddb7c91a035@group-1C542E4B3B46-StateMachineUpdater] INFO  impl.StateMachineUpdater (StateMachineUpdater.java:takeSnapshot(269)) - 842ea96e-9318-4418-983b-6ddb7c91a035@group-1C542E4B3B46-StateMachineUpdater: Took a snapshot at index 11
2019-10-14 16:45:33,602 [842ea96e-9318-4418-983b-6ddb7c91a035@group-1C542E4B3B46-StateMachineUpdater] INFO  impl.StateMachineUpdater (StateMachineUpdater.java:lambda$new$0(84)) - 842ea96e-9318-4418-983b-6ddb7c91a035@group-1C542E4B3B46-StateMachineUpdater: snapshotIndex: updateIncreasingly 11 -> 11
2019-10-14 16:45:33,603 [main] INFO  impl.RaftServerImpl (ServerState.java:close(387)) - 842ea96e-9318-4418-983b-6ddb7c91a035@group-1C542E4B3B46: closes. applyIndex: 13
2019-10-14 16:45:33,603 [842ea96e-9318-4418-983b-6ddb7c91a035@group-1C542E4B3B46-SegmentedRaftLogWorker] INFO  segmented.SegmentedRaftLogWorker (SegmentedRaftLogWorker.java:run(316)) - 842ea96e-9318-4418-983b-6ddb7c91a035@group-1C542E4B3B46-SegmentedRaftLogWorker was interrupted, exiting. There are 0 tasks remaining in the queue.
2019-10-14 16:45:33,605 [main] INFO  segmented.SegmentedRaftLogWorker (SegmentedRaftLogWorker.java:close(224)) - 842ea96e-9318-4418-983b-6ddb7c91a035@group-1C542E4B3B46-SegmentedRaftLogWorker close()
2019-10-14 16:45:33,607 [main] INFO  server.GrpcService (GrpcService.java:closeImpl(164)) - 842ea96e-9318-4418-983b-6ddb7c91a035: shutdown server with port 39174 now
2019-10-14 16:45:33,608 [main] INFO  server.GrpcService (GrpcService.java:closeImpl(172)) - 842ea96e-9318-4418-983b-6ddb7c91a035: shutdown server with port 39174 successfully
2019-10-14 16:45:33,612 [refreshUsed-/workdir/hadoop-ozone/integration-test/target/test-dir/MiniOzoneClusterImpl-3bcee4e0-c750-460d-9485-7765d796aaea/datanode-5/data/containers] WARN  fs.CachingGetSpaceUsed (CachingGetSpaceUsed.java:run(183)) - Thread Interrupted waiting to refresh disk information: sleep interrupted
2019-10-14 16:45:33,629 [main] INFO  utils.BackgroundService (BackgroundService.java:shutdown(151)) - Shutting down service BlockDeletingService
2019-10-14 16:45:33,629 [main] INFO  statemachine.DatanodeStateMachine (DatanodeStateMachine.java:stopDaemon(395)) - Ozone container server stopped.
2019-10-14 16:45:33,632 [main] INFO  handler.ContextHandler (ContextHandler.java:doStop(910)) - Stopped o.e.j.w.WebAppContext@4b4927e5{/,null,UNAVAILABLE}{/hddsDatanode}
2019-10-14 16:45:33,633 [main] INFO  server.AbstractConnector (AbstractConnector.java:doStop(318)) - Stopped ServerConnector@4c5da4f9{HTTP/1.1,[http/1.1]}{0.0.0.0:0}
2019-10-14 16:45:33,633 [main] INFO  handler.ContextHandler (ContextHandler.java:doStop(910)) - Stopped o.e.j.s.ServletContextHandler@7a1371{/static,jar:file:/home/user/.m2/repository/org/apache/hadoop/hadoop-hdds-container-service/0.5.0-SNAPSHOT/hadoop-hdds-container-service-0.5.0-SNAPSHOT.jar!/webapps/static,UNAVAILABLE}
2019-10-14 16:45:33,634 [main] INFO  handler.ContextHandler (ContextHandler.java:doStop(910)) - Stopped o.e.j.s.ServletContextHandler@3c60c681{/logs,file:///workdir/hadoop-ozone/integration-test/target/log,UNAVAILABLE}
2019-10-14 16:45:33,635 [main] INFO  ozone.MiniOzoneClusterImpl (MiniOzoneClusterImpl.java:stopSCM(392)) - Stopping the StorageContainerManager
2019-10-14 16:45:33,636 [main] INFO  server.StorageContainerManager (StorageContainerManager.java:stop(815)) - Stopping Replication Manager Service.
2019-10-14 16:45:33,636 [main] INFO  container.ReplicationManager (ReplicationManager.java:stop(203)) - Stopping Replication Monitor Thread.
2019-10-14 16:45:33,636 [main] INFO  server.StorageContainerManager (StorageContainerManager.java:stop(822)) - Stopping Lease Manager of the command watchers
2019-10-14 16:45:33,636 [main] INFO  server.StorageContainerManager (StorageContainerManager.java:stop(829)) - Stopping datanode service RPC server
2019-10-14 16:45:33,637 [main] INFO  server.SCMDatanodeProtocolServer (SCMDatanodeProtocolServer.java:stop(346)) - Stopping the RPC server for DataNodes
2019-10-14 16:45:33,637 [main] INFO  ipc.Server (Server.java:stop(3082)) - Stopping server on 39248
2019-10-14 16:45:33,642 [IPC Server listener on 39248] INFO  ipc.Server (Server.java:run(1185)) - Stopping IPC Server listener on 39248
2019-10-14 16:45:33,642 [IPC Server Responder] INFO  ipc.Server (Server.java:run(1319)) - Stopping IPC Server Responder
2019-10-14 16:45:33,715 [SCM Heartbeat Processing Thread - 0] WARN  node.NodeStateManager (NodeStateManager.java:scheduleNextHealthCheck(668)) - Current Thread is interrupted, shutting down HB processing thread for Node Manager.
2019-10-14 16:45:33,715 [main] INFO  server.StorageContainerManager (StorageContainerManager.java:stop(837)) - Stopping block service RPC server
2019-10-14 16:45:33,715 [main] INFO  server.SCMBlockProtocolServer (SCMBlockProtocolServer.java:stop(155)) - Stopping the RPC server for Block Protocol
2019-10-14 16:45:33,716 [main] INFO  ipc.Server (Server.java:stop(3082)) - Stopping server on 34648
2019-10-14 16:45:33,719 [IPC Server listener on 34648] INFO  ipc.Server (Server.java:run(1185)) - Stopping IPC Server listener on 34648
2019-10-14 16:45:33,728 [main] INFO  server.StorageContainerManager (StorageContainerManager.java:stop(844)) - Stopping the StorageContainerLocationProtocol RPC server
2019-10-14 16:45:33,728 [IPC Server Responder] INFO  ipc.Server (Server.java:run(1319)) - Stopping IPC Server Responder
2019-10-14 16:45:33,730 [main] INFO  server.SCMClientProtocolServer (SCMClientProtocolServer.java:stop(168)) - Stopping the RPC server for Client Protocol
2019-10-14 16:45:33,730 [main] INFO  ipc.Server (Server.java:stop(3082)) - Stopping server on 38931
2019-10-14 16:45:33,734 [IPC Server listener on 38931] INFO  ipc.Server (Server.java:run(1185)) - Stopping IPC Server listener on 38931
2019-10-14 16:45:33,734 [main] INFO  server.StorageContainerManager (StorageContainerManager.java:stop(851)) - Stopping Storage Container Manager HTTP server.
2019-10-14 16:45:33,735 [IPC Server Responder] INFO  ipc.Server (Server.java:run(1319)) - Stopping IPC Server Responder
2019-10-14 16:45:33,737 [main] INFO  handler.ContextHandler (ContextHandler.java:doStop(910)) - Stopped o.e.j.w.WebAppContext@383cdd4d{/,null,UNAVAILABLE}{/scm}
2019-10-14 16:45:33,738 [main] INFO  server.AbstractConnector (AbstractConnector.java:doStop(318)) - Stopped ServerConnector@65036e8d{HTTP/1.1,[http/1.1]}{0.0.0.0:0}
2019-10-14 16:45:33,738 [main] INFO  handler.ContextHandler (ContextHandler.java:doStop(910)) - Stopped o.e.j.s.ServletContextHandler@1132baa3{/static,file:///workdir/hadoop-ozone/integration-test/target/test-classes/webapps/static,UNAVAILABLE}
2019-10-14 16:45:33,739 [main] INFO  handler.ContextHandler (ContextHandler.java:doStop(910)) - Stopped o.e.j.s.ServletContextHandler@781dbe44{/logs,file:///workdir/hadoop-ozone/integration-test/target/log,UNAVAILABLE}
2019-10-14 16:45:33,739 [main] INFO  server.StorageContainerManager (StorageContainerManager.java:stop(862)) - Stopping Block Manager Service.
2019-10-14 16:45:33,740 [main] INFO  utils.BackgroundService (BackgroundService.java:shutdown(151)) - Shutting down service SCMBlockDeletingService
2019-10-14 16:45:33,740 [main] INFO  utils.BackgroundService (BackgroundService.java:shutdown(151)) - Shutting down service SCMBlockDeletingService
2019-10-14 16:45:33,740 [main] INFO  server.StorageContainerManager (StorageContainerManager.java:stop(884)) - Stopping SCM Event Queue.
2019-10-14 16:45:33,746 [main] INFO  impl.MetricsSystemImpl (MetricsSystemImpl.java:stop(210)) - Stopping HddsDatanode metrics system...
2019-10-14 16:45:33,782 [main] INFO  impl.MetricsSystemImpl (MetricsSystemImpl.java:stop(216)) - HddsDatanode metrics system stopped.
]]></system-out>
    <system-err><![CDATA[Oct 14, 2019 4:45:23 PM org.apache.ratis.thirdparty.io.grpc.internal.ManagedChannelOrphanWrapper$ManagedChannelReference cleanQueue
SEVERE: *~*~*~ Channel ManagedChannelImpl{logId=3292, target=192.168.151.105:37532} was not shutdown properly!!! ~*~*~*
    Make sure to call shutdown()/shutdownNow() and wait until awaitTermination() returns true.
java.lang.RuntimeException: ManagedChannel allocation site
	at org.apache.ratis.thirdparty.io.grpc.internal.ManagedChannelOrphanWrapper$ManagedChannelReference.<init>(ManagedChannelOrphanWrapper.java:103)
	at org.apache.ratis.thirdparty.io.grpc.internal.ManagedChannelOrphanWrapper.<init>(ManagedChannelOrphanWrapper.java:53)
	at org.apache.ratis.thirdparty.io.grpc.internal.ManagedChannelOrphanWrapper.<init>(ManagedChannelOrphanWrapper.java:44)
	at org.apache.ratis.thirdparty.io.grpc.internal.AbstractManagedChannelImplBuilder.build(AbstractManagedChannelImplBuilder.java:411)
	at org.apache.hadoop.hdds.scm.XceiverClientGrpc.connectToDatanode(XceiverClientGrpc.java:183)
	at org.apache.hadoop.hdds.scm.XceiverClientGrpc.reconnect(XceiverClientGrpc.java:434)
	at org.apache.hadoop.hdds.scm.XceiverClientGrpc.sendCommandAsync(XceiverClientGrpc.java:382)
	at org.apache.hadoop.hdds.scm.XceiverClientGrpc.sendCommandWithRetry(XceiverClientGrpc.java:295)
	at org.apache.hadoop.hdds.scm.XceiverClientGrpc.sendCommandWithTraceIDAndRetry(XceiverClientGrpc.java:259)
	at org.apache.hadoop.hdds.scm.XceiverClientGrpc.sendCommand(XceiverClientGrpc.java:242)
	at org.apache.hadoop.hdds.scm.storage.ContainerProtocolCalls.getBlock(ContainerProtocolCalls.java:118)
	at org.apache.hadoop.hdds.scm.storage.BlockInputStream.getChunkInfos(BlockInputStream.java:169)
	at org.apache.hadoop.hdds.scm.storage.BlockInputStream.initialize(BlockInputStream.java:118)
	at org.apache.hadoop.hdds.scm.storage.BlockInputStream.read(BlockInputStream.java:224)
	at org.apache.hadoop.ozone.client.io.KeyInputStream.read(KeyInputStream.java:173)
	at org.apache.hadoop.ozone.client.io.OzoneInputStream.read(OzoneInputStream.java:47)
	at java.io.InputStream.read(InputStream.java:101)
	at org.apache.hadoop.ozone.container.ContainerTestHelper.validateData(ContainerTestHelper.java:715)
	at org.apache.hadoop.ozone.client.rpc.TestBlockOutputStreamWithFailures.validateData(TestBlockOutputStreamWithFailures.java:1216)
	at org.apache.hadoop.ozone.client.rpc.TestBlockOutputStreamWithFailures.testWatchForCommitDatanodeFailure(TestBlockOutputStreamWithFailures.java:393)
	at sun.reflect.NativeMethodAccessorImpl.invoke0(Native Method)
	at sun.reflect.NativeMethodAccessorImpl.invoke(NativeMethodAccessorImpl.java:62)
	at sun.reflect.DelegatingMethodAccessorImpl.invoke(DelegatingMethodAccessorImpl.java:43)
	at java.lang.reflect.Method.invoke(Method.java:498)
	at org.junit.runners.model.FrameworkMethod$1.runReflectiveCall(FrameworkMethod.java:47)
	at org.junit.internal.runners.model.ReflectiveCallable.run(ReflectiveCallable.java:12)
	at org.junit.runners.model.FrameworkMethod.invokeExplosively(FrameworkMethod.java:44)
	at org.junit.internal.runners.statements.InvokeMethod.evaluate(InvokeMethod.java:17)
	at org.junit.internal.runners.statements.RunBefores.evaluate(RunBefores.java:26)
	at org.junit.internal.runners.statements.RunAfters.evaluate(RunAfters.java:27)
	at org.junit.runners.ParentRunner.runLeaf(ParentRunner.java:271)
	at org.junit.runners.BlockJUnit4ClassRunner.runChild(BlockJUnit4ClassRunner.java:70)
	at org.junit.runners.BlockJUnit4ClassRunner.runChild(BlockJUnit4ClassRunner.java:50)
	at org.junit.runners.ParentRunner$3.run(ParentRunner.java:238)
	at org.junit.runners.ParentRunner$1.schedule(ParentRunner.java:63)
	at org.junit.runners.ParentRunner.runChildren(ParentRunner.java:236)
	at org.junit.runners.ParentRunner.access$000(ParentRunner.java:53)
	at org.junit.runners.ParentRunner$2.evaluate(ParentRunner.java:229)
	at org.junit.runners.ParentRunner.run(ParentRunner.java:309)
	at org.apache.maven.surefire.junit4.JUnit4Provider.execute(JUnit4Provider.java:365)
	at org.apache.maven.surefire.junit4.JUnit4Provider.executeWithRerun(JUnit4Provider.java:273)
	at org.apache.maven.surefire.junit4.JUnit4Provider.executeTestSet(JUnit4Provider.java:238)
	at org.apache.maven.surefire.junit4.JUnit4Provider.invoke(JUnit4Provider.java:159)
	at org.apache.maven.surefire.booter.ForkedBooter.invokeProviderInSameClassLoader(ForkedBooter.java:384)
	at org.apache.maven.surefire.booter.ForkedBooter.runSuitesInProcess(ForkedBooter.java:345)
	at org.apache.maven.surefire.booter.ForkedBooter.execute(ForkedBooter.java:126)
	at org.apache.maven.surefire.booter.ForkedBooter.main(ForkedBooter.java:418)

Oct 14, 2019 4:45:23 PM org.apache.ratis.thirdparty.io.grpc.internal.ManagedChannelOrphanWrapper$ManagedChannelReference cleanQueue
SEVERE: *~*~*~ Channel ManagedChannelImpl{logId=3038, target=192.168.151.105:38545} was not shutdown properly!!! ~*~*~*
    Make sure to call shutdown()/shutdownNow() and wait until awaitTermination() returns true.
java.lang.RuntimeException: ManagedChannel allocation site
	at org.apache.ratis.thirdparty.io.grpc.internal.ManagedChannelOrphanWrapper$ManagedChannelReference.<init>(ManagedChannelOrphanWrapper.java:103)
	at org.apache.ratis.thirdparty.io.grpc.internal.ManagedChannelOrphanWrapper.<init>(ManagedChannelOrphanWrapper.java:53)
	at org.apache.ratis.thirdparty.io.grpc.internal.ManagedChannelOrphanWrapper.<init>(ManagedChannelOrphanWrapper.java:44)
	at org.apache.ratis.thirdparty.io.grpc.internal.AbstractManagedChannelImplBuilder.build(AbstractManagedChannelImplBuilder.java:411)
	at org.apache.hadoop.hdds.scm.XceiverClientGrpc.connectToDatanode(XceiverClientGrpc.java:183)
	at org.apache.hadoop.hdds.scm.XceiverClientGrpc.reconnect(XceiverClientGrpc.java:434)
	at org.apache.hadoop.hdds.scm.XceiverClientGrpc.sendCommandAsync(XceiverClientGrpc.java:382)
	at org.apache.hadoop.hdds.scm.XceiverClientGrpc.sendCommandWithRetry(XceiverClientGrpc.java:295)
	at org.apache.hadoop.hdds.scm.XceiverClientGrpc.sendCommandWithTraceIDAndRetry(XceiverClientGrpc.java:259)
	at org.apache.hadoop.hdds.scm.XceiverClientGrpc.sendCommand(XceiverClientGrpc.java:242)
	at org.apache.hadoop.hdds.scm.storage.ContainerProtocolCalls.getBlock(ContainerProtocolCalls.java:118)
	at org.apache.hadoop.hdds.scm.storage.BlockInputStream.getChunkInfos(BlockInputStream.java:169)
	at org.apache.hadoop.hdds.scm.storage.BlockInputStream.initialize(BlockInputStream.java:118)
	at org.apache.hadoop.hdds.scm.storage.BlockInputStream.read(BlockInputStream.java:224)
	at org.apache.hadoop.ozone.client.io.KeyInputStream.read(KeyInputStream.java:173)
	at org.apache.hadoop.ozone.client.io.OzoneInputStream.read(OzoneInputStream.java:47)
	at java.io.InputStream.read(InputStream.java:101)
	at org.apache.hadoop.ozone.container.ContainerTestHelper.validateData(ContainerTestHelper.java:715)
	at org.apache.hadoop.ozone.client.rpc.TestBlockOutputStreamWithFailures.validateData(TestBlockOutputStreamWithFailures.java:1216)
	at org.apache.hadoop.ozone.client.rpc.TestBlockOutputStreamWithFailures.testWatchForCommitWithSingleNodeRatis(TestBlockOutputStreamWithFailures.java:918)
	at sun.reflect.NativeMethodAccessorImpl.invoke0(Native Method)
	at sun.reflect.NativeMethodAccessorImpl.invoke(NativeMethodAccessorImpl.java:62)
	at sun.reflect.DelegatingMethodAccessorImpl.invoke(DelegatingMethodAccessorImpl.java:43)
	at java.lang.reflect.Method.invoke(Method.java:498)
	at org.junit.runners.model.FrameworkMethod$1.runReflectiveCall(FrameworkMethod.java:47)
	at org.junit.internal.runners.model.ReflectiveCallable.run(ReflectiveCallable.java:12)
	at org.junit.runners.model.FrameworkMethod.invokeExplosively(FrameworkMethod.java:44)
	at org.junit.internal.runners.statements.InvokeMethod.evaluate(InvokeMethod.java:17)
	at org.junit.internal.runners.statements.RunBefores.evaluate(RunBefores.java:26)
	at org.junit.internal.runners.statements.RunAfters.evaluate(RunAfters.java:27)
	at org.junit.runners.ParentRunner.runLeaf(ParentRunner.java:271)
	at org.junit.runners.BlockJUnit4ClassRunner.runChild(BlockJUnit4ClassRunner.java:70)
	at org.junit.runners.BlockJUnit4ClassRunner.runChild(BlockJUnit4ClassRunner.java:50)
	at org.junit.runners.ParentRunner$3.run(ParentRunner.java:238)
	at org.junit.runners.ParentRunner$1.schedule(ParentRunner.java:63)
	at org.junit.runners.ParentRunner.runChildren(ParentRunner.java:236)
	at org.junit.runners.ParentRunner.access$000(ParentRunner.java:53)
	at org.junit.runners.ParentRunner$2.evaluate(ParentRunner.java:229)
	at org.junit.runners.ParentRunner.run(ParentRunner.java:309)
	at org.apache.maven.surefire.junit4.JUnit4Provider.execute(JUnit4Provider.java:365)
	at org.apache.maven.surefire.junit4.JUnit4Provider.executeWithRerun(JUnit4Provider.java:273)
	at org.apache.maven.surefire.junit4.JUnit4Provider.executeTestSet(JUnit4Provider.java:238)
	at org.apache.maven.surefire.junit4.JUnit4Provider.invoke(JUnit4Provider.java:159)
	at org.apache.maven.surefire.booter.ForkedBooter.invokeProviderInSameClassLoader(ForkedBooter.java:384)
	at org.apache.maven.surefire.booter.ForkedBooter.runSuitesInProcess(ForkedBooter.java:345)
	at org.apache.maven.surefire.booter.ForkedBooter.execute(ForkedBooter.java:126)
	at org.apache.maven.surefire.booter.ForkedBooter.main(ForkedBooter.java:418)

Oct 14, 2019 4:45:23 PM org.apache.ratis.thirdparty.io.grpc.internal.ManagedChannelOrphanWrapper$ManagedChannelReference cleanQueue
SEVERE: *~*~*~ Channel ManagedChannelImpl{logId=3033, target=192.168.151.105:37154} was not shutdown properly!!! ~*~*~*
    Make sure to call shutdown()/shutdownNow() and wait until awaitTermination() returns true.
java.lang.RuntimeException: ManagedChannel allocation site
	at org.apache.ratis.thirdparty.io.grpc.internal.ManagedChannelOrphanWrapper$ManagedChannelReference.<init>(ManagedChannelOrphanWrapper.java:103)
	at org.apache.ratis.thirdparty.io.grpc.internal.ManagedChannelOrphanWrapper.<init>(ManagedChannelOrphanWrapper.java:53)
	at org.apache.ratis.thirdparty.io.grpc.internal.ManagedChannelOrphanWrapper.<init>(ManagedChannelOrphanWrapper.java:44)
	at org.apache.ratis.thirdparty.io.grpc.internal.AbstractManagedChannelImplBuilder.build(AbstractManagedChannelImplBuilder.java:411)
	at org.apache.ratis.grpc.client.GrpcClientProtocolClient.<init>(GrpcClientProtocolClient.java:128)
	at org.apache.ratis.grpc.client.GrpcClientRpc.lambda$new$0(GrpcClientRpc.java:55)
	at org.apache.ratis.util.PeerProxyMap$PeerAndProxy.lambda$getProxy$0(PeerProxyMap.java:61)
	at org.apache.ratis.util.LifeCycle.startAndTransition(LifeCycle.java:202)
	at org.apache.ratis.util.PeerProxyMap$PeerAndProxy.getProxy(PeerProxyMap.java:60)
	at org.apache.ratis.util.PeerProxyMap.getProxy(PeerProxyMap.java:108)
	at org.apache.ratis.grpc.client.GrpcClientRpc.sendRequestAsync(GrpcClientRpc.java:66)
	at org.apache.ratis.client.impl.OrderedAsync.sendRequest(OrderedAsync.java:208)
	at org.apache.ratis.client.impl.OrderedAsync.sendRequestWithRetry(OrderedAsync.java:169)
	at org.apache.ratis.util.SlidingWindow$Client.sendOrDelayRequest(SlidingWindow.java:278)
	at org.apache.ratis.util.SlidingWindow$Client.submitNewRequest(SlidingWindow.java:257)
	at org.apache.ratis.client.impl.OrderedAsync.send(OrderedAsync.java:155)
	at org.apache.ratis.client.impl.RaftClientImpl.sendAsync(RaftClientImpl.java:144)
	at org.apache.ratis.client.impl.RaftClientImpl.sendAsync(RaftClientImpl.java:124)
	at org.apache.hadoop.hdds.scm.XceiverClientRatis.sendRequestAsync(XceiverClientRatis.java:236)
	at org.apache.hadoop.hdds.scm.XceiverClientRatis.sendCommandAsync(XceiverClientRatis.java:317)
	at org.apache.hadoop.hdds.scm.storage.ContainerProtocolCalls.writeChunkAsync(ContainerProtocolCalls.java:310)
	at org.apache.hadoop.hdds.scm.storage.BlockOutputStream.writeChunkToContainer(BlockOutputStream.java:604)
	at org.apache.hadoop.hdds.scm.storage.BlockOutputStream.writeChunk(BlockOutputStream.java:462)
	at org.apache.hadoop.hdds.scm.storage.BlockOutputStream.writeOnRetry(BlockOutputStream.java:284)
	at org.apache.hadoop.ozone.client.io.BlockOutputStreamEntry.writeOnRetry(BlockOutputStreamEntry.java:200)
	at org.apache.hadoop.ozone.client.io.KeyOutputStream.handleWrite(KeyOutputStream.java:206)
	at org.apache.hadoop.ozone.client.io.KeyOutputStream.handleRetry(KeyOutputStream.java:375)
	at org.apache.hadoop.ozone.client.io.KeyOutputStream.handleException(KeyOutputStream.java:324)
	at org.apache.hadoop.ozone.client.io.KeyOutputStream.handleFlushOrClose(KeyOutputStream.java:449)
	at org.apache.hadoop.ozone.client.io.KeyOutputStream.handleWrite(KeyOutputStream.java:232)
	at org.apache.hadoop.ozone.client.io.KeyOutputStream.write(KeyOutputStream.java:190)
	at org.apache.hadoop.ozone.client.io.OzoneOutputStream.write(OzoneOutputStream.java:49)
	at java.io.OutputStream.write(OutputStream.java:75)
	at org.apache.hadoop.ozone.client.rpc.TestBlockOutputStreamWithFailures.testWatchForCommitWithSingleNodeRatis(TestBlockOutputStreamWithFailures.java:885)
	at sun.reflect.NativeMethodAccessorImpl.invoke0(Native Method)
	at sun.reflect.NativeMethodAccessorImpl.invoke(NativeMethodAccessorImpl.java:62)
	at sun.reflect.DelegatingMethodAccessorImpl.invoke(DelegatingMethodAccessorImpl.java:43)
	at java.lang.reflect.Method.invoke(Method.java:498)
	at org.junit.runners.model.FrameworkMethod$1.runReflectiveCall(FrameworkMethod.java:47)
	at org.junit.internal.runners.model.ReflectiveCallable.run(ReflectiveCallable.java:12)
	at org.junit.runners.model.FrameworkMethod.invokeExplosively(FrameworkMethod.java:44)
	at org.junit.internal.runners.statements.InvokeMethod.evaluate(InvokeMethod.java:17)
	at org.junit.internal.runners.statements.RunBefores.evaluate(RunBefores.java:26)
	at org.junit.internal.runners.statements.RunAfters.evaluate(RunAfters.java:27)
	at org.junit.runners.ParentRunner.runLeaf(ParentRunner.java:271)
	at org.junit.runners.BlockJUnit4ClassRunner.runChild(BlockJUnit4ClassRunner.java:70)
	at org.junit.runners.BlockJUnit4ClassRunner.runChild(BlockJUnit4ClassRunner.java:50)
	at org.junit.runners.ParentRunner$3.run(ParentRunner.java:238)
	at org.junit.runners.ParentRunner$1.schedule(ParentRunner.java:63)
	at org.junit.runners.ParentRunner.runChildren(ParentRunner.java:236)
	at org.junit.runners.ParentRunner.access$000(ParentRunner.java:53)
	at org.junit.runners.ParentRunner$2.evaluate(ParentRunner.java:229)
	at org.junit.runners.ParentRunner.run(ParentRunner.java:309)
	at org.apache.maven.surefire.junit4.JUnit4Provider.execute(JUnit4Provider.java:365)
	at org.apache.maven.surefire.junit4.JUnit4Provider.executeWithRerun(JUnit4Provider.java:273)
	at org.apache.maven.surefire.junit4.JUnit4Provider.executeTestSet(JUnit4Provider.java:238)
	at org.apache.maven.surefire.junit4.JUnit4Provider.invoke(JUnit4Provider.java:159)
	at org.apache.maven.surefire.booter.ForkedBooter.invokeProviderInSameClassLoader(ForkedBooter.java:384)
	at org.apache.maven.surefire.booter.ForkedBooter.runSuitesInProcess(ForkedBooter.java:345)
	at org.apache.maven.surefire.booter.ForkedBooter.execute(ForkedBooter.java:126)
	at org.apache.maven.surefire.booter.ForkedBooter.main(ForkedBooter.java:418)

Oct 14, 2019 4:45:23 PM org.apache.ratis.thirdparty.io.grpc.internal.ManagedChannelOrphanWrapper$ManagedChannelReference cleanQueue
SEVERE: *~*~*~ Channel ManagedChannelImpl{logId=3306, target=192.168.151.105:35208} was not shutdown properly!!! ~*~*~*
    Make sure to call shutdown()/shutdownNow() and wait until awaitTermination() returns true.
java.lang.RuntimeException: ManagedChannel allocation site
	at org.apache.ratis.thirdparty.io.grpc.internal.ManagedChannelOrphanWrapper$ManagedChannelReference.<init>(ManagedChannelOrphanWrapper.java:103)
	at org.apache.ratis.thirdparty.io.grpc.internal.ManagedChannelOrphanWrapper.<init>(ManagedChannelOrphanWrapper.java:53)
	at org.apache.ratis.thirdparty.io.grpc.internal.ManagedChannelOrphanWrapper.<init>(ManagedChannelOrphanWrapper.java:44)
	at org.apache.ratis.thirdparty.io.grpc.internal.AbstractManagedChannelImplBuilder.build(AbstractManagedChannelImplBuilder.java:411)
	at org.apache.hadoop.hdds.scm.XceiverClientGrpc.connectToDatanode(XceiverClientGrpc.java:183)
	at org.apache.hadoop.hdds.scm.XceiverClientGrpc.reconnect(XceiverClientGrpc.java:434)
	at org.apache.hadoop.hdds.scm.XceiverClientGrpc.sendCommandAsync(XceiverClientGrpc.java:382)
	at org.apache.hadoop.hdds.scm.XceiverClientGrpc.sendCommandWithRetry(XceiverClientGrpc.java:295)
	at org.apache.hadoop.hdds.scm.XceiverClientGrpc.sendCommandWithTraceIDAndRetry(XceiverClientGrpc.java:259)
	at org.apache.hadoop.hdds.scm.XceiverClientGrpc.sendCommand(XceiverClientGrpc.java:242)
	at org.apache.hadoop.hdds.scm.storage.ContainerProtocolCalls.getBlock(ContainerProtocolCalls.java:118)
	at org.apache.hadoop.hdds.scm.storage.BlockInputStream.getChunkInfos(BlockInputStream.java:169)
	at org.apache.hadoop.hdds.scm.storage.BlockInputStream.initialize(BlockInputStream.java:118)
	at org.apache.hadoop.hdds.scm.storage.BlockInputStream.read(BlockInputStream.java:224)
	at org.apache.hadoop.ozone.client.io.KeyInputStream.read(KeyInputStream.java:173)
	at org.apache.hadoop.ozone.client.io.OzoneInputStream.read(OzoneInputStream.java:47)
	at java.io.InputStream.read(InputStream.java:101)
	at org.apache.hadoop.ozone.container.ContainerTestHelper.validateData(ContainerTestHelper.java:715)
	at org.apache.hadoop.ozone.client.rpc.TestBlockOutputStreamWithFailures.validateData(TestBlockOutputStreamWithFailures.java:1216)
	at org.apache.hadoop.ozone.client.rpc.TestBlockOutputStreamWithFailures.testWatchForCommitDatanodeFailure(TestBlockOutputStreamWithFailures.java:393)
	at sun.reflect.NativeMethodAccessorImpl.invoke0(Native Method)
	at sun.reflect.NativeMethodAccessorImpl.invoke(NativeMethodAccessorImpl.java:62)
	at sun.reflect.DelegatingMethodAccessorImpl.invoke(DelegatingMethodAccessorImpl.java:43)
	at java.lang.reflect.Method.invoke(Method.java:498)
	at org.junit.runners.model.FrameworkMethod$1.runReflectiveCall(FrameworkMethod.java:47)
	at org.junit.internal.runners.model.ReflectiveCallable.run(ReflectiveCallable.java:12)
	at org.junit.runners.model.FrameworkMethod.invokeExplosively(FrameworkMethod.java:44)
	at org.junit.internal.runners.statements.InvokeMethod.evaluate(InvokeMethod.java:17)
	at org.junit.internal.runners.statements.RunBefores.evaluate(RunBefores.java:26)
	at org.junit.internal.runners.statements.RunAfters.evaluate(RunAfters.java:27)
	at org.junit.runners.ParentRunner.runLeaf(ParentRunner.java:271)
	at org.junit.runners.BlockJUnit4ClassRunner.runChild(BlockJUnit4ClassRunner.java:70)
	at org.junit.runners.BlockJUnit4ClassRunner.runChild(BlockJUnit4ClassRunner.java:50)
	at org.junit.runners.ParentRunner$3.run(ParentRunner.java:238)
	at org.junit.runners.ParentRunner$1.schedule(ParentRunner.java:63)
	at org.junit.runners.ParentRunner.runChildren(ParentRunner.java:236)
	at org.junit.runners.ParentRunner.access$000(ParentRunner.java:53)
	at org.junit.runners.ParentRunner$2.evaluate(ParentRunner.java:229)
	at org.junit.runners.ParentRunner.run(ParentRunner.java:309)
	at org.apache.maven.surefire.junit4.JUnit4Provider.execute(JUnit4Provider.java:365)
	at org.apache.maven.surefire.junit4.JUnit4Provider.executeWithRerun(JUnit4Provider.java:273)
	at org.apache.maven.surefire.junit4.JUnit4Provider.executeTestSet(JUnit4Provider.java:238)
	at org.apache.maven.surefire.junit4.JUnit4Provider.invoke(JUnit4Provider.java:159)
	at org.apache.maven.surefire.booter.ForkedBooter.invokeProviderInSameClassLoader(ForkedBooter.java:384)
	at org.apache.maven.surefire.booter.ForkedBooter.runSuitesInProcess(ForkedBooter.java:345)
	at org.apache.maven.surefire.booter.ForkedBooter.execute(ForkedBooter.java:126)
	at org.apache.maven.surefire.booter.ForkedBooter.main(ForkedBooter.java:418)

Oct 14, 2019 4:45:23 PM org.apache.ratis.thirdparty.io.grpc.internal.ManagedChannelOrphanWrapper$ManagedChannelReference cleanQueue
SEVERE: *~*~*~ Channel ManagedChannelImpl{logId=3301, target=192.168.151.105:39421} was not shutdown properly!!! ~*~*~*
    Make sure to call shutdown()/shutdownNow() and wait until awaitTermination() returns true.
java.lang.RuntimeException: ManagedChannel allocation site
	at org.apache.ratis.thirdparty.io.grpc.internal.ManagedChannelOrphanWrapper$ManagedChannelReference.<init>(ManagedChannelOrphanWrapper.java:103)
	at org.apache.ratis.thirdparty.io.grpc.internal.ManagedChannelOrphanWrapper.<init>(ManagedChannelOrphanWrapper.java:53)
	at org.apache.ratis.thirdparty.io.grpc.internal.ManagedChannelOrphanWrapper.<init>(ManagedChannelOrphanWrapper.java:44)
	at org.apache.ratis.thirdparty.io.grpc.internal.AbstractManagedChannelImplBuilder.build(AbstractManagedChannelImplBuilder.java:411)
	at org.apache.hadoop.hdds.scm.XceiverClientGrpc.connectToDatanode(XceiverClientGrpc.java:183)
	at org.apache.hadoop.hdds.scm.XceiverClientGrpc.reconnect(XceiverClientGrpc.java:434)
	at org.apache.hadoop.hdds.scm.XceiverClientGrpc.sendCommandAsync(XceiverClientGrpc.java:382)
	at org.apache.hadoop.hdds.scm.XceiverClientGrpc.sendCommandWithRetry(XceiverClientGrpc.java:295)
	at org.apache.hadoop.hdds.scm.XceiverClientGrpc.sendCommandWithTraceIDAndRetry(XceiverClientGrpc.java:259)
	at org.apache.hadoop.hdds.scm.XceiverClientGrpc.sendCommand(XceiverClientGrpc.java:242)
	at org.apache.hadoop.hdds.scm.storage.ContainerProtocolCalls.readChunk(ContainerProtocolCalls.java:245)
	at org.apache.hadoop.hdds.scm.storage.ChunkInputStream.readChunk(ChunkInputStream.java:335)
	at org.apache.hadoop.hdds.scm.storage.ChunkInputStream.readChunkFromContainer(ChunkInputStream.java:307)
	at org.apache.hadoop.hdds.scm.storage.ChunkInputStream.prepareRead(ChunkInputStream.java:259)
	at org.apache.hadoop.hdds.scm.storage.ChunkInputStream.read(ChunkInputStream.java:144)
	at org.apache.hadoop.hdds.scm.storage.BlockInputStream.read(BlockInputStream.java:241)
	at org.apache.hadoop.ozone.client.io.KeyInputStream.read(KeyInputStream.java:173)
	at org.apache.hadoop.ozone.client.io.OzoneInputStream.read(OzoneInputStream.java:47)
	at java.io.InputStream.read(InputStream.java:101)
	at org.apache.hadoop.ozone.container.ContainerTestHelper.validateData(ContainerTestHelper.java:715)
	at org.apache.hadoop.ozone.client.rpc.TestBlockOutputStreamWithFailures.validateData(TestBlockOutputStreamWithFailures.java:1216)
	at org.apache.hadoop.ozone.client.rpc.TestBlockOutputStreamWithFailures.testWatchForCommitDatanodeFailure(TestBlockOutputStreamWithFailures.java:393)
	at sun.reflect.NativeMethodAccessorImpl.invoke0(Native Method)
	at sun.reflect.NativeMethodAccessorImpl.invoke(NativeMethodAccessorImpl.java:62)
	at sun.reflect.DelegatingMethodAccessorImpl.invoke(DelegatingMethodAccessorImpl.java:43)
	at java.lang.reflect.Method.invoke(Method.java:498)
	at org.junit.runners.model.FrameworkMethod$1.runReflectiveCall(FrameworkMethod.java:47)
	at org.junit.internal.runners.model.ReflectiveCallable.run(ReflectiveCallable.java:12)
	at org.junit.runners.model.FrameworkMethod.invokeExplosively(FrameworkMethod.java:44)
	at org.junit.internal.runners.statements.InvokeMethod.evaluate(InvokeMethod.java:17)
	at org.junit.internal.runners.statements.RunBefores.evaluate(RunBefores.java:26)
	at org.junit.internal.runners.statements.RunAfters.evaluate(RunAfters.java:27)
	at org.junit.runners.ParentRunner.runLeaf(ParentRunner.java:271)
	at org.junit.runners.BlockJUnit4ClassRunner.runChild(BlockJUnit4ClassRunner.java:70)
	at org.junit.runners.BlockJUnit4ClassRunner.runChild(BlockJUnit4ClassRunner.java:50)
	at org.junit.runners.ParentRunner$3.run(ParentRunner.java:238)
	at org.junit.runners.ParentRunner$1.schedule(ParentRunner.java:63)
	at org.junit.runners.ParentRunner.runChildren(ParentRunner.java:236)
	at org.junit.runners.ParentRunner.access$000(ParentRunner.java:53)
	at org.junit.runners.ParentRunner$2.evaluate(ParentRunner.java:229)
	at org.junit.runners.ParentRunner.run(ParentRunner.java:309)
	at org.apache.maven.surefire.junit4.JUnit4Provider.execute(JUnit4Provider.java:365)
	at org.apache.maven.surefire.junit4.JUnit4Provider.executeWithRerun(JUnit4Provider.java:273)
	at org.apache.maven.surefire.junit4.JUnit4Provider.executeTestSet(JUnit4Provider.java:238)
	at org.apache.maven.surefire.junit4.JUnit4Provider.invoke(JUnit4Provider.java:159)
	at org.apache.maven.surefire.booter.ForkedBooter.invokeProviderInSameClassLoader(ForkedBooter.java:384)
	at org.apache.maven.surefire.booter.ForkedBooter.runSuitesInProcess(ForkedBooter.java:345)
	at org.apache.maven.surefire.booter.ForkedBooter.execute(ForkedBooter.java:126)
	at org.apache.maven.surefire.booter.ForkedBooter.main(ForkedBooter.java:418)

Oct 14, 2019 4:45:23 PM org.apache.ratis.thirdparty.io.grpc.internal.ManagedChannelOrphanWrapper$ManagedChannelReference cleanQueue
SEVERE: *~*~*~ Channel ManagedChannelImpl{logId=2998, target=192.168.151.105:46692} was not shutdown properly!!! ~*~*~*
    Make sure to call shutdown()/shutdownNow() and wait until awaitTermination() returns true.
java.lang.RuntimeException: ManagedChannel allocation site
	at org.apache.ratis.thirdparty.io.grpc.internal.ManagedChannelOrphanWrapper$ManagedChannelReference.<init>(ManagedChannelOrphanWrapper.java:103)
	at org.apache.ratis.thirdparty.io.grpc.internal.ManagedChannelOrphanWrapper.<init>(ManagedChannelOrphanWrapper.java:53)
	at org.apache.ratis.thirdparty.io.grpc.internal.ManagedChannelOrphanWrapper.<init>(ManagedChannelOrphanWrapper.java:44)
	at org.apache.ratis.thirdparty.io.grpc.internal.AbstractManagedChannelImplBuilder.build(AbstractManagedChannelImplBuilder.java:411)
	at org.apache.ratis.grpc.client.GrpcClientProtocolClient.<init>(GrpcClientProtocolClient.java:128)
	at org.apache.ratis.grpc.client.GrpcClientRpc.lambda$new$0(GrpcClientRpc.java:55)
	at org.apache.ratis.util.PeerProxyMap$PeerAndProxy.lambda$getProxy$0(PeerProxyMap.java:61)
	at org.apache.ratis.util.LifeCycle.startAndTransition(LifeCycle.java:202)
	at org.apache.ratis.util.PeerProxyMap$PeerAndProxy.getProxy(PeerProxyMap.java:60)
	at org.apache.ratis.util.PeerProxyMap.getProxy(PeerProxyMap.java:108)
	at org.apache.ratis.grpc.client.GrpcClientRpc.sendRequestAsync(GrpcClientRpc.java:66)
	at org.apache.ratis.client.impl.OrderedAsync.sendRequest(OrderedAsync.java:208)
	at org.apache.ratis.client.impl.OrderedAsync.sendRequestWithRetry(OrderedAsync.java:169)
	at org.apache.ratis.util.SlidingWindow$Client.sendOrDelayRequest(SlidingWindow.java:278)
	at org.apache.ratis.util.SlidingWindow$Client.retry(SlidingWindow.java:294)
	at org.apache.ratis.client.impl.OrderedAsync.lambda$scheduleWithTimeout$7(OrderedAsync.java:195)
	at org.apache.ratis.util.TimeoutScheduler.lambda$onTimeout$0(TimeoutScheduler.java:113)
	at org.apache.ratis.util.TimeoutScheduler.lambda$onTimeout$1(TimeoutScheduler.java:133)
	at org.apache.ratis.util.LogUtils.runAndLog(LogUtils.java:50)
	at org.apache.ratis.util.LogUtils$1.run(LogUtils.java:91)
	at java.util.concurrent.Executors$RunnableAdapter.call(Executors.java:511)
	at java.util.concurrent.FutureTask.run(FutureTask.java:266)
	at java.util.concurrent.ScheduledThreadPoolExecutor$ScheduledFutureTask.access$201(ScheduledThreadPoolExecutor.java:180)
	at java.util.concurrent.ScheduledThreadPoolExecutor$ScheduledFutureTask.run(ScheduledThreadPoolExecutor.java:293)
	at java.util.concurrent.ThreadPoolExecutor.runWorker(ThreadPoolExecutor.java:1149)
	at java.util.concurrent.ThreadPoolExecutor$Worker.run(ThreadPoolExecutor.java:624)
	at java.lang.Thread.run(Thread.java:748)

Oct 14, 2019 4:45:23 PM org.apache.ratis.thirdparty.io.grpc.internal.ManagedChannelOrphanWrapper$ManagedChannelReference cleanQueue
SEVERE: *~*~*~ Channel ManagedChannelImpl{logId=3297, target=192.168.151.105:34950} was not shutdown properly!!! ~*~*~*
    Make sure to call shutdown()/shutdownNow() and wait until awaitTermination() returns true.
java.lang.RuntimeException: ManagedChannel allocation site
	at org.apache.ratis.thirdparty.io.grpc.internal.ManagedChannelOrphanWrapper$ManagedChannelReference.<init>(ManagedChannelOrphanWrapper.java:103)
	at org.apache.ratis.thirdparty.io.grpc.internal.ManagedChannelOrphanWrapper.<init>(ManagedChannelOrphanWrapper.java:53)
	at org.apache.ratis.thirdparty.io.grpc.internal.ManagedChannelOrphanWrapper.<init>(ManagedChannelOrphanWrapper.java:44)
	at org.apache.ratis.thirdparty.io.grpc.internal.AbstractManagedChannelImplBuilder.build(AbstractManagedChannelImplBuilder.java:411)
	at org.apache.hadoop.hdds.scm.XceiverClientGrpc.connectToDatanode(XceiverClientGrpc.java:183)
	at org.apache.hadoop.hdds.scm.XceiverClientGrpc.reconnect(XceiverClientGrpc.java:434)
	at org.apache.hadoop.hdds.scm.XceiverClientGrpc.sendCommandAsync(XceiverClientGrpc.java:382)
	at org.apache.hadoop.hdds.scm.XceiverClientGrpc.sendCommandWithRetry(XceiverClientGrpc.java:295)
	at org.apache.hadoop.hdds.scm.XceiverClientGrpc.sendCommandWithTraceIDAndRetry(XceiverClientGrpc.java:259)
	at org.apache.hadoop.hdds.scm.XceiverClientGrpc.sendCommand(XceiverClientGrpc.java:242)
	at org.apache.hadoop.hdds.scm.storage.ContainerProtocolCalls.readChunk(ContainerProtocolCalls.java:245)
	at org.apache.hadoop.hdds.scm.storage.ChunkInputStream.readChunk(ChunkInputStream.java:335)
	at org.apache.hadoop.hdds.scm.storage.ChunkInputStream.readChunkFromContainer(ChunkInputStream.java:307)
	at org.apache.hadoop.hdds.scm.storage.ChunkInputStream.prepareRead(ChunkInputStream.java:259)
	at org.apache.hadoop.hdds.scm.storage.ChunkInputStream.read(ChunkInputStream.java:144)
	at org.apache.hadoop.hdds.scm.storage.BlockInputStream.read(BlockInputStream.java:241)
	at org.apache.hadoop.ozone.client.io.KeyInputStream.read(KeyInputStream.java:173)
	at org.apache.hadoop.ozone.client.io.OzoneInputStream.read(OzoneInputStream.java:47)
	at java.io.InputStream.read(InputStream.java:101)
	at org.apache.hadoop.ozone.container.ContainerTestHelper.validateData(ContainerTestHelper.java:715)
	at org.apache.hadoop.ozone.client.rpc.TestBlockOutputStreamWithFailures.validateData(TestBlockOutputStreamWithFailures.java:1216)
	at org.apache.hadoop.ozone.client.rpc.TestBlockOutputStreamWithFailures.testWatchForCommitDatanodeFailure(TestBlockOutputStreamWithFailures.java:393)
	at sun.reflect.NativeMethodAccessorImpl.invoke0(Native Method)
	at sun.reflect.NativeMethodAccessorImpl.invoke(NativeMethodAccessorImpl.java:62)
	at sun.reflect.DelegatingMethodAccessorImpl.invoke(DelegatingMethodAccessorImpl.java:43)
	at java.lang.reflect.Method.invoke(Method.java:498)
	at org.junit.runners.model.FrameworkMethod$1.runReflectiveCall(FrameworkMethod.java:47)
	at org.junit.internal.runners.model.ReflectiveCallable.run(ReflectiveCallable.java:12)
	at org.junit.runners.model.FrameworkMethod.invokeExplosively(FrameworkMethod.java:44)
	at org.junit.internal.runners.statements.InvokeMethod.evaluate(InvokeMethod.java:17)
	at org.junit.internal.runners.statements.RunBefores.evaluate(RunBefores.java:26)
	at org.junit.internal.runners.statements.RunAfters.evaluate(RunAfters.java:27)
	at org.junit.runners.ParentRunner.runLeaf(ParentRunner.java:271)
	at org.junit.runners.BlockJUnit4ClassRunner.runChild(BlockJUnit4ClassRunner.java:70)
	at org.junit.runners.BlockJUnit4ClassRunner.runChild(BlockJUnit4ClassRunner.java:50)
	at org.junit.runners.ParentRunner$3.run(ParentRunner.java:238)
	at org.junit.runners.ParentRunner$1.schedule(ParentRunner.java:63)
	at org.junit.runners.ParentRunner.runChildren(ParentRunner.java:236)
	at org.junit.runners.ParentRunner.access$000(ParentRunner.java:53)
	at org.junit.runners.ParentRunner$2.evaluate(ParentRunner.java:229)
	at org.junit.runners.ParentRunner.run(ParentRunner.java:309)
	at org.apache.maven.surefire.junit4.JUnit4Provider.execute(JUnit4Provider.java:365)
	at org.apache.maven.surefire.junit4.JUnit4Provider.executeWithRerun(JUnit4Provider.java:273)
	at org.apache.maven.surefire.junit4.JUnit4Provider.executeTestSet(JUnit4Provider.java:238)
	at org.apache.maven.surefire.junit4.JUnit4Provider.invoke(JUnit4Provider.java:159)
	at org.apache.maven.surefire.booter.ForkedBooter.invokeProviderInSameClassLoader(ForkedBooter.java:384)
	at org.apache.maven.surefire.booter.ForkedBooter.runSuitesInProcess(ForkedBooter.java:345)
	at org.apache.maven.surefire.booter.ForkedBooter.execute(ForkedBooter.java:126)
	at org.apache.maven.surefire.booter.ForkedBooter.main(ForkedBooter.java:418)

Oct 14, 2019 4:45:23 PM org.apache.ratis.thirdparty.io.grpc.internal.ManagedChannelOrphanWrapper$ManagedChannelReference cleanQueue
SEVERE: *~*~*~ Channel ManagedChannelImpl{logId=3287, target=192.168.151.105:41278} was not shutdown properly!!! ~*~*~*
    Make sure to call shutdown()/shutdownNow() and wait until awaitTermination() returns true.
java.lang.RuntimeException: ManagedChannel allocation site
	at org.apache.ratis.thirdparty.io.grpc.internal.ManagedChannelOrphanWrapper$ManagedChannelReference.<init>(ManagedChannelOrphanWrapper.java:103)
	at org.apache.ratis.thirdparty.io.grpc.internal.ManagedChannelOrphanWrapper.<init>(ManagedChannelOrphanWrapper.java:53)
	at org.apache.ratis.thirdparty.io.grpc.internal.ManagedChannelOrphanWrapper.<init>(ManagedChannelOrphanWrapper.java:44)
	at org.apache.ratis.thirdparty.io.grpc.internal.AbstractManagedChannelImplBuilder.build(AbstractManagedChannelImplBuilder.java:411)
	at org.apache.ratis.grpc.client.GrpcClientProtocolClient.<init>(GrpcClientProtocolClient.java:128)
	at org.apache.ratis.grpc.client.GrpcClientRpc.lambda$new$0(GrpcClientRpc.java:55)
	at org.apache.ratis.util.PeerProxyMap$PeerAndProxy.lambda$getProxy$0(PeerProxyMap.java:61)
	at org.apache.ratis.util.LifeCycle.startAndTransition(LifeCycle.java:202)
	at org.apache.ratis.util.PeerProxyMap$PeerAndProxy.getProxy(PeerProxyMap.java:60)
	at org.apache.ratis.util.PeerProxyMap.getProxy(PeerProxyMap.java:108)
	at org.apache.ratis.grpc.client.GrpcClientRpc.sendRequestAsync(GrpcClientRpc.java:66)
	at org.apache.ratis.client.impl.OrderedAsync.sendRequest(OrderedAsync.java:208)
	at org.apache.ratis.client.impl.OrderedAsync.sendRequestWithRetry(OrderedAsync.java:169)
	at org.apache.ratis.util.SlidingWindow$Client.sendOrDelayRequest(SlidingWindow.java:278)
	at org.apache.ratis.util.SlidingWindow$Client.retry(SlidingWindow.java:294)
	at org.apache.ratis.client.impl.OrderedAsync.lambda$scheduleWithTimeout$7(OrderedAsync.java:195)
	at org.apache.ratis.util.TimeoutScheduler.lambda$onTimeout$0(TimeoutScheduler.java:113)
	at org.apache.ratis.util.TimeoutScheduler.lambda$onTimeout$1(TimeoutScheduler.java:133)
	at org.apache.ratis.util.LogUtils.runAndLog(LogUtils.java:50)
	at org.apache.ratis.util.LogUtils$1.run(LogUtils.java:91)
	at java.util.concurrent.Executors$RunnableAdapter.call(Executors.java:511)
	at java.util.concurrent.FutureTask.run(FutureTask.java:266)
	at java.util.concurrent.ScheduledThreadPoolExecutor$ScheduledFutureTask.access$201(ScheduledThreadPoolExecutor.java:180)
	at java.util.concurrent.ScheduledThreadPoolExecutor$ScheduledFutureTask.run(ScheduledThreadPoolExecutor.java:293)
	at java.util.concurrent.ThreadPoolExecutor.runWorker(ThreadPoolExecutor.java:1149)
	at java.util.concurrent.ThreadPoolExecutor$Worker.run(ThreadPoolExecutor.java:624)
	at java.lang.Thread.run(Thread.java:748)

Oct 14, 2019 4:45:23 PM org.apache.ratis.thirdparty.io.grpc.internal.ManagedChannelOrphanWrapper$ManagedChannelReference cleanQueue
SEVERE: *~*~*~ Channel ManagedChannelImpl{logId=3311, target=192.168.151.105:39902} was not shutdown properly!!! ~*~*~*
    Make sure to call shutdown()/shutdownNow() and wait until awaitTermination() returns true.
java.lang.RuntimeException: ManagedChannel allocation site
	at org.apache.ratis.thirdparty.io.grpc.internal.ManagedChannelOrphanWrapper$ManagedChannelReference.<init>(ManagedChannelOrphanWrapper.java:103)
	at org.apache.ratis.thirdparty.io.grpc.internal.ManagedChannelOrphanWrapper.<init>(ManagedChannelOrphanWrapper.java:53)
	at org.apache.ratis.thirdparty.io.grpc.internal.ManagedChannelOrphanWrapper.<init>(ManagedChannelOrphanWrapper.java:44)
	at org.apache.ratis.thirdparty.io.grpc.internal.AbstractManagedChannelImplBuilder.build(AbstractManagedChannelImplBuilder.java:411)
	at org.apache.hadoop.hdds.scm.XceiverClientGrpc.connectToDatanode(XceiverClientGrpc.java:183)
	at org.apache.hadoop.hdds.scm.XceiverClientGrpc.reconnect(XceiverClientGrpc.java:434)
	at org.apache.hadoop.hdds.scm.XceiverClientGrpc.sendCommandAsync(XceiverClientGrpc.java:382)
	at org.apache.hadoop.hdds.scm.XceiverClientGrpc.sendCommandWithRetry(XceiverClientGrpc.java:295)
	at org.apache.hadoop.hdds.scm.XceiverClientGrpc.sendCommandWithTraceIDAndRetry(XceiverClientGrpc.java:259)
	at org.apache.hadoop.hdds.scm.XceiverClientGrpc.sendCommand(XceiverClientGrpc.java:242)
	at org.apache.hadoop.hdds.scm.storage.ContainerProtocolCalls.readChunk(ContainerProtocolCalls.java:245)
	at org.apache.hadoop.hdds.scm.storage.ChunkInputStream.readChunk(ChunkInputStream.java:335)
	at org.apache.hadoop.hdds.scm.storage.ChunkInputStream.readChunkFromContainer(ChunkInputStream.java:307)
	at org.apache.hadoop.hdds.scm.storage.ChunkInputStream.prepareRead(ChunkInputStream.java:259)
	at org.apache.hadoop.hdds.scm.storage.ChunkInputStream.read(ChunkInputStream.java:144)
	at org.apache.hadoop.hdds.scm.storage.BlockInputStream.read(BlockInputStream.java:241)
	at org.apache.hadoop.ozone.client.io.KeyInputStream.read(KeyInputStream.java:173)
	at org.apache.hadoop.ozone.client.io.OzoneInputStream.read(OzoneInputStream.java:47)
	at java.io.InputStream.read(InputStream.java:101)
	at org.apache.hadoop.ozone.container.ContainerTestHelper.validateData(ContainerTestHelper.java:715)
	at org.apache.hadoop.ozone.client.rpc.TestBlockOutputStreamWithFailures.validateData(TestBlockOutputStreamWithFailures.java:1216)
	at org.apache.hadoop.ozone.client.rpc.TestBlockOutputStreamWithFailures.testWatchForCommitDatanodeFailure(TestBlockOutputStreamWithFailures.java:393)
	at sun.reflect.NativeMethodAccessorImpl.invoke0(Native Method)
	at sun.reflect.NativeMethodAccessorImpl.invoke(NativeMethodAccessorImpl.java:62)
	at sun.reflect.DelegatingMethodAccessorImpl.invoke(DelegatingMethodAccessorImpl.java:43)
	at java.lang.reflect.Method.invoke(Method.java:498)
	at org.junit.runners.model.FrameworkMethod$1.runReflectiveCall(FrameworkMethod.java:47)
	at org.junit.internal.runners.model.ReflectiveCallable.run(ReflectiveCallable.java:12)
	at org.junit.runners.model.FrameworkMethod.invokeExplosively(FrameworkMethod.java:44)
	at org.junit.internal.runners.statements.InvokeMethod.evaluate(InvokeMethod.java:17)
	at org.junit.internal.runners.statements.RunBefores.evaluate(RunBefores.java:26)
	at org.junit.internal.runners.statements.RunAfters.evaluate(RunAfters.java:27)
	at org.junit.runners.ParentRunner.runLeaf(ParentRunner.java:271)
	at org.junit.runners.BlockJUnit4ClassRunner.runChild(BlockJUnit4ClassRunner.java:70)
	at org.junit.runners.BlockJUnit4ClassRunner.runChild(BlockJUnit4ClassRunner.java:50)
	at org.junit.runners.ParentRunner$3.run(ParentRunner.java:238)
	at org.junit.runners.ParentRunner$1.schedule(ParentRunner.java:63)
	at org.junit.runners.ParentRunner.runChildren(ParentRunner.java:236)
	at org.junit.runners.ParentRunner.access$000(ParentRunner.java:53)
	at org.junit.runners.ParentRunner$2.evaluate(ParentRunner.java:229)
	at org.junit.runners.ParentRunner.run(ParentRunner.java:309)
	at org.apache.maven.surefire.junit4.JUnit4Provider.execute(JUnit4Provider.java:365)
	at org.apache.maven.surefire.junit4.JUnit4Provider.executeWithRerun(JUnit4Provider.java:273)
	at org.apache.maven.surefire.junit4.JUnit4Provider.executeTestSet(JUnit4Provider.java:238)
	at org.apache.maven.surefire.junit4.JUnit4Provider.invoke(JUnit4Provider.java:159)
	at org.apache.maven.surefire.booter.ForkedBooter.invokeProviderInSameClassLoader(ForkedBooter.java:384)
	at org.apache.maven.surefire.booter.ForkedBooter.runSuitesInProcess(ForkedBooter.java:345)
	at org.apache.maven.surefire.booter.ForkedBooter.execute(ForkedBooter.java:126)
	at org.apache.maven.surefire.booter.ForkedBooter.main(ForkedBooter.java:418)

Oct 14, 2019 4:45:23 PM org.apache.ratis.thirdparty.io.grpc.internal.ManagedChannelOrphanWrapper$ManagedChannelReference cleanQueue
SEVERE: *~*~*~ Channel ManagedChannelImpl{logId=3043, target=192.168.151.105:39112} was not shutdown properly!!! ~*~*~*
    Make sure to call shutdown()/shutdownNow() and wait until awaitTermination() returns true.
java.lang.RuntimeException: ManagedChannel allocation site
	at org.apache.ratis.thirdparty.io.grpc.internal.ManagedChannelOrphanWrapper$ManagedChannelReference.<init>(ManagedChannelOrphanWrapper.java:103)
	at org.apache.ratis.thirdparty.io.grpc.internal.ManagedChannelOrphanWrapper.<init>(ManagedChannelOrphanWrapper.java:53)
	at org.apache.ratis.thirdparty.io.grpc.internal.ManagedChannelOrphanWrapper.<init>(ManagedChannelOrphanWrapper.java:44)
	at org.apache.ratis.thirdparty.io.grpc.internal.AbstractManagedChannelImplBuilder.build(AbstractManagedChannelImplBuilder.java:411)
	at org.apache.hadoop.hdds.scm.XceiverClientGrpc.connectToDatanode(XceiverClientGrpc.java:183)
	at org.apache.hadoop.hdds.scm.XceiverClientGrpc.reconnect(XceiverClientGrpc.java:434)
	at org.apache.hadoop.hdds.scm.XceiverClientGrpc.sendCommandAsync(XceiverClientGrpc.java:382)
	at org.apache.hadoop.hdds.scm.XceiverClientGrpc.sendCommandWithRetry(XceiverClientGrpc.java:295)
	at org.apache.hadoop.hdds.scm.XceiverClientGrpc.sendCommandWithTraceIDAndRetry(XceiverClientGrpc.java:259)
	at org.apache.hadoop.hdds.scm.XceiverClientGrpc.sendCommand(XceiverClientGrpc.java:242)
	at org.apache.hadoop.hdds.scm.storage.ContainerProtocolCalls.getBlock(ContainerProtocolCalls.java:118)
	at org.apache.hadoop.hdds.scm.storage.BlockInputStream.getChunkInfos(BlockInputStream.java:169)
	at org.apache.hadoop.hdds.scm.storage.BlockInputStream.initialize(BlockInputStream.java:118)
	at org.apache.hadoop.hdds.scm.storage.BlockInputStream.read(BlockInputStream.java:224)
	at org.apache.hadoop.ozone.client.io.KeyInputStream.read(KeyInputStream.java:173)
	at org.apache.hadoop.ozone.client.io.OzoneInputStream.read(OzoneInputStream.java:47)
	at java.io.InputStream.read(InputStream.java:101)
	at org.apache.hadoop.ozone.container.ContainerTestHelper.validateData(ContainerTestHelper.java:715)
	at org.apache.hadoop.ozone.client.rpc.TestBlockOutputStreamWithFailures.validateData(TestBlockOutputStreamWithFailures.java:1216)
	at org.apache.hadoop.ozone.client.rpc.TestBlockOutputStreamWithFailures.testWatchForCommitWithSingleNodeRatis(TestBlockOutputStreamWithFailures.java:918)
	at sun.reflect.NativeMethodAccessorImpl.invoke0(Native Method)
	at sun.reflect.NativeMethodAccessorImpl.invoke(NativeMethodAccessorImpl.java:62)
	at sun.reflect.DelegatingMethodAccessorImpl.invoke(DelegatingMethodAccessorImpl.java:43)
	at java.lang.reflect.Method.invoke(Method.java:498)
	at org.junit.runners.model.FrameworkMethod$1.runReflectiveCall(FrameworkMethod.java:47)
	at org.junit.internal.runners.model.ReflectiveCallable.run(ReflectiveCallable.java:12)
	at org.junit.runners.model.FrameworkMethod.invokeExplosively(FrameworkMethod.java:44)
	at org.junit.internal.runners.statements.InvokeMethod.evaluate(InvokeMethod.java:17)
	at org.junit.internal.runners.statements.RunBefores.evaluate(RunBefores.java:26)
	at org.junit.internal.runners.statements.RunAfters.evaluate(RunAfters.java:27)
	at org.junit.runners.ParentRunner.runLeaf(ParentRunner.java:271)
	at org.junit.runners.BlockJUnit4ClassRunner.runChild(BlockJUnit4ClassRunner.java:70)
	at org.junit.runners.BlockJUnit4ClassRunner.runChild(BlockJUnit4ClassRunner.java:50)
	at org.junit.runners.ParentRunner$3.run(ParentRunner.java:238)
	at org.junit.runners.ParentRunner$1.schedule(ParentRunner.java:63)
	at org.junit.runners.ParentRunner.runChildren(ParentRunner.java:236)
	at org.junit.runners.ParentRunner.access$000(ParentRunner.java:53)
	at org.junit.runners.ParentRunner$2.evaluate(ParentRunner.java:229)
	at org.junit.runners.ParentRunner.run(ParentRunner.java:309)
	at org.apache.maven.surefire.junit4.JUnit4Provider.execute(JUnit4Provider.java:365)
	at org.apache.maven.surefire.junit4.JUnit4Provider.executeWithRerun(JUnit4Provider.java:273)
	at org.apache.maven.surefire.junit4.JUnit4Provider.executeTestSet(JUnit4Provider.java:238)
	at org.apache.maven.surefire.junit4.JUnit4Provider.invoke(JUnit4Provider.java:159)
	at org.apache.maven.surefire.booter.ForkedBooter.invokeProviderInSameClassLoader(ForkedBooter.java:384)
	at org.apache.maven.surefire.booter.ForkedBooter.runSuitesInProcess(ForkedBooter.java:345)
	at org.apache.maven.surefire.booter.ForkedBooter.execute(ForkedBooter.java:126)
	at org.apache.maven.surefire.booter.ForkedBooter.main(ForkedBooter.java:418)

]]></system-err>
  </testcase>
  <testcase name="testWatchForCommitWithCloseContainerException" classname="org.apache.hadoop.ozone.client.rpc.TestBlockOutputStreamWithFailures" time="34.322"/>
  <testcase name="testExceptionDuringClose" classname="org.apache.hadoop.ozone.client.rpc.TestBlockOutputStreamWithFailures" time="34.913"/>
</testsuite>