<?xml version="1.0" encoding="UTF-8"?>
<testsuite xmlns:xsi="http://www.w3.org/2001/XMLSchema-instance" xsi:noNamespaceSchemaLocation="https://maven.apache.org/surefire/maven-surefire-plugin/xsd/surefire-test-report.xsd" name="org.apache.hadoop.ozone.client.rpc.TestWatchForCommit" time="248.027" tests="5" errors="1" skipped="0" failures="0">
  <properties>
    <property name="awt.toolkit" value="sun.awt.X11.XToolkit"/>
    <property name="file.encoding.pkg" value="sun.io"/>
    <property name="java.specification.version" value="1.8"/>
    <property name="sun.cpu.isalist" value=""/>
    <property name="sun.jnu.encoding" value="UTF-8"/>
    <property name="java.class.path" value="/workdir/hadoop-ozone/integration-test/target/test-classes:/workdir/hadoop-ozone/integration-test/target/classes:/home/user/.m2/repository/org/apache/hadoop/hadoop-ozone-common/0.5.0-SNAPSHOT/hadoop-ozone-common-0.5.0-SNAPSHOT.jar:/home/user/.m2/repository/org/apache/commons/commons-compress/1.4.1/commons-compress-1.4.1.jar:/home/user/.m2/repository/org/tukaani/xz/1.0/xz-1.0.jar:/home/user/.m2/repository/org/apache/hadoop/hadoop-common/3.2.0/hadoop-common-3.2.0.jar:/home/user/.m2/repository/org/apache/hadoop/hadoop-hdfs/3.2.0/hadoop-hdfs-3.2.0.jar:/home/user/.m2/repository/org/apache/hadoop/hadoop-hdfs-client/3.2.0/hadoop-hdfs-client-3.2.0.jar:/home/user/.m2/repository/com/fasterxml/jackson/core/jackson-annotations/2.9.9/jackson-annotations-2.9.9.jar:/home/user/.m2/repository/org/apache/hadoop/hadoop-hdds-common/0.5.0-SNAPSHOT/hadoop-hdds-common-0.5.0-SNAPSHOT.jar:/home/user/.m2/repository/javax/annotation/javax.annotation-api/1.2/javax.annotation-api-1.2.jar:/home/user/.m2/repository/org/apache/ratis/ratis-server/0.5.0-201fc85-SNAPSHOT/ratis-server-0.5.0-201fc85-SNAPSHOT.jar:/home/user/.m2/repository/org/apache/ratis/ratis-thirdparty-misc/0.2.0/ratis-thirdparty-misc-0.2.0.jar:/home/user/.m2/repository/org/apache/ratis/ratis-proto/0.5.0-201fc85-SNAPSHOT/ratis-proto-0.5.0-201fc85-SNAPSHOT.jar:/home/user/.m2/repository/org/apache/ratis/ratis-common/0.5.0-201fc85-SNAPSHOT/ratis-common-0.5.0-201fc85-SNAPSHOT.jar:/home/user/.m2/repository/org/apache/ratis/ratis-client/0.5.0-201fc85-SNAPSHOT/ratis-client-0.5.0-201fc85-SNAPSHOT.jar:/home/user/.m2/repository/org/apache/ratis/ratis-metrics/0.5.0-201fc85-SNAPSHOT/ratis-metrics-0.5.0-201fc85-SNAPSHOT.jar:/home/user/.m2/repository/com/github/joshelser/dropwizard-metrics-hadoop-metrics2-reporter/0.1.2/dropwizard-metrics-hadoop-metrics2-reporter-0.1.2.jar:/home/user/.m2/repository/io/dropwizard/metrics/metrics-jvm/3.2.5/metrics-jvm-3.2.5.jar:/home/user/.m2/repository/io/dropwizard/metrics/metrics-ganglia/3.2.5/metrics-ganglia-3.2.5.jar:/home/user/.m2/repository/info/ganglia/gmetric4j/gmetric4j/1.0.7/gmetric4j-1.0.7.jar:/home/user/.m2/repository/org/apache/ratis/ratis-netty/0.5.0-201fc85-SNAPSHOT/ratis-netty-0.5.0-201fc85-SNAPSHOT.jar:/home/user/.m2/repository/org/apache/ratis/ratis-grpc/0.5.0-201fc85-SNAPSHOT/ratis-grpc-0.5.0-201fc85-SNAPSHOT.jar:/home/user/.m2/repository/org/rocksdb/rocksdbjni/6.0.1/rocksdbjni-6.0.1.jar:/home/user/.m2/repository/org/apache/logging/log4j/log4j-api/2.11.0/log4j-api-2.11.0.jar:/home/user/.m2/repository/org/apache/logging/log4j/log4j-core/2.11.0/log4j-core-2.11.0.jar:/home/user/.m2/repository/com/lmax/disruptor/3.4.2/disruptor-3.4.2.jar:/home/user/.m2/repository/org/apache/commons/commons-pool2/2.6.0/commons-pool2-2.6.0.jar:/home/user/.m2/repository/org/bouncycastle/bcpkix-jdk15on/1.60/bcpkix-jdk15on-1.60.jar:/home/user/.m2/repository/commons-validator/commons-validator/1.6/commons-validator-1.6.jar:/home/user/.m2/repository/commons-digester/commons-digester/1.8.1/commons-digester-1.8.1.jar:/home/user/.m2/repository/io/jaegertracing/jaeger-client/0.34.0/jaeger-client-0.34.0.jar:/home/user/.m2/repository/io/jaegertracing/jaeger-thrift/0.34.0/jaeger-thrift-0.34.0.jar:/home/user/.m2/repository/org/apache/thrift/libthrift/0.12.0/libthrift-0.12.0.jar:/home/user/.m2/repository/com/squareup/okhttp3/okhttp/3.9.0/okhttp-3.9.0.jar:/home/user/.m2/repository/com/squareup/okio/okio/1.13.0/okio-1.13.0.jar:/home/user/.m2/repository/io/jaegertracing/jaeger-core/0.34.0/jaeger-core-0.34.0.jar:/home/user/.m2/repository/io/jaegertracing/jaeger-tracerresolver/0.34.0/jaeger-tracerresolver-0.34.0.jar:/home/user/.m2/repository/io/opentracing/contrib/opentracing-tracerresolver/0.1.5/opentracing-tracerresolver-0.1.5.jar:/home/user/.m2/repository/io/opentracing/opentracing-util/0.31.0/opentracing-util-0.31.0.jar:/home/user/.m2/repository/io/opentracing/opentracing-api/0.31.0/opentracing-api-0.31.0.jar:/home/user/.m2/repository/io/opentracing/opentracing-noop/0.31.0/opentracing-noop-0.31.0.jar:/home/user/.m2/repository/org/apache/hadoop/hadoop-hdds-server-framework/0.5.0-SNAPSHOT/hadoop-hdds-server-framework-0.5.0-SNAPSHOT.jar:/home/user/.m2/repository/org/apache/hadoop/hadoop-hdds-container-service/0.5.0-SNAPSHOT/hadoop-hdds-container-service-0.5.0-SNAPSHOT.jar:/home/user/.m2/repository/org/apache/hadoop/hadoop-hdds-client/0.5.0-SNAPSHOT/hadoop-hdds-client-0.5.0-SNAPSHOT.jar:/home/user/.m2/repository/org/apache/hadoop/hadoop-hdds-tools/0.5.0-SNAPSHOT/hadoop-hdds-tools-0.5.0-SNAPSHOT.jar:/home/user/.m2/repository/org/apache/hadoop/hadoop-hdds-server-scm/0.5.0-SNAPSHOT/hadoop-hdds-server-scm-0.5.0-SNAPSHOT.jar:/home/user/.m2/repository/org/apache/hadoop/hadoop-hdds-docs/0.5.0-SNAPSHOT/hadoop-hdds-docs-0.5.0-SNAPSHOT.jar:/home/user/.m2/repository/io/dropwizard/metrics/metrics-core/3.2.4/metrics-core-3.2.4.jar:/home/user/.m2/repository/org/hamcrest/hamcrest-all/1.3/hamcrest-all-1.3.jar:/home/user/.m2/repository/org/bouncycastle/bcprov-jdk15on/1.60/bcprov-jdk15on-1.60.jar:/home/user/.m2/repository/info/picocli/picocli/3.9.6/picocli-3.9.6.jar:/home/user/.m2/repository/com/google/protobuf/protobuf-java/2.5.0/protobuf-java-2.5.0.jar:/home/user/.m2/repository/com/google/guava/guava/11.0.2/guava-11.0.2.jar:/home/user/.m2/repository/org/apache/hadoop/hadoop-ozone-ozone-manager/0.5.0-SNAPSHOT/hadoop-ozone-ozone-manager-0.5.0-SNAPSHOT.jar:/home/user/.m2/repository/org/apache/hadoop/hadoop-minikdc/3.2.0/hadoop-minikdc-3.2.0.jar:/home/user/.m2/repository/commons-io/commons-io/2.5/commons-io-2.5.jar:/home/user/.m2/repository/org/apache/kerby/kerb-simplekdc/1.0.1/kerb-simplekdc-1.0.1.jar:/home/user/.m2/repository/org/apache/kerby/kerb-client/1.0.1/kerb-client-1.0.1.jar:/home/user/.m2/repository/org/apache/kerby/kerby-config/1.0.1/kerby-config-1.0.1.jar:/home/user/.m2/repository/org/apache/kerby/kerb-core/1.0.1/kerb-core-1.0.1.jar:/home/user/.m2/repository/org/apache/kerby/kerby-pkix/1.0.1/kerby-pkix-1.0.1.jar:/home/user/.m2/repository/org/apache/kerby/kerby-asn1/1.0.1/kerby-asn1-1.0.1.jar:/home/user/.m2/repository/org/apache/kerby/kerby-util/1.0.1/kerby-util-1.0.1.jar:/home/user/.m2/repository/org/apache/kerby/kerb-common/1.0.1/kerb-common-1.0.1.jar:/home/user/.m2/repository/org/apache/kerby/kerb-crypto/1.0.1/kerb-crypto-1.0.1.jar:/home/user/.m2/repository/org/apache/kerby/kerb-util/1.0.1/kerb-util-1.0.1.jar:/home/user/.m2/repository/org/apache/kerby/token-provider/1.0.1/token-provider-1.0.1.jar:/home/user/.m2/repository/org/apache/kerby/kerb-admin/1.0.1/kerb-admin-1.0.1.jar:/home/user/.m2/repository/org/apache/kerby/kerb-server/1.0.1/kerb-server-1.0.1.jar:/home/user/.m2/repository/org/apache/kerby/kerb-identity/1.0.1/kerb-identity-1.0.1.jar:/home/user/.m2/repository/org/apache/kerby/kerby-xdr/1.0.1/kerby-xdr-1.0.1.jar:/home/user/.m2/repository/org/slf4j/slf4j-log4j12/1.7.25/slf4j-log4j12-1.7.25.jar:/home/user/.m2/repository/org/apache/hadoop/hadoop-ozone-s3gateway/0.5.0-SNAPSHOT/hadoop-ozone-s3gateway-0.5.0-SNAPSHOT.jar:/home/user/.m2/repository/org/jboss/weld/servlet/weld-servlet/2.4.7.Final/weld-servlet-2.4.7.Final.jar:/home/user/.m2/repository/org/glassfish/jersey/containers/jersey-container-servlet-core/2.27/jersey-container-servlet-core-2.27.jar:/home/user/.m2/repository/org/glassfish/hk2/external/javax.inject/2.5.0-b42/javax.inject-2.5.0-b42.jar:/home/user/.m2/repository/org/glassfish/jersey/core/jersey-common/2.27/jersey-common-2.27.jar:/home/user/.m2/repository/org/glassfish/hk2/osgi-resource-locator/1.0.1/osgi-resource-locator-1.0.1.jar:/home/user/.m2/repository/javax/ws/rs/javax.ws.rs-api/2.1/javax.ws.rs-api-2.1.jar:/home/user/.m2/repository/org/glassfish/jersey/ext/cdi/jersey-cdi1x/2.27/jersey-cdi1x-2.27.jar:/home/user/.m2/repository/org/glassfish/jersey/inject/jersey-hk2/2.27/jersey-hk2-2.27.jar:/home/user/.m2/repository/org/glassfish/hk2/hk2-locator/2.5.0-b42/hk2-locator-2.5.0-b42.jar:/home/user/.m2/repository/org/javassist/javassist/3.22.0-CR2/javassist-3.22.0-CR2.jar:/home/user/.m2/repository/org/glassfish/hk2/hk2-api/2.5.0/hk2-api-2.5.0.jar:/home/user/.m2/repository/org/glassfish/hk2/external/jakarta.inject/2.5.0/jakarta.inject-2.5.0.jar:/home/user/.m2/repository/org/glassfish/hk2/hk2-utils/2.5.0/hk2-utils-2.5.0.jar:/home/user/.m2/repository/jakarta/annotation/jakarta.annotation-api/1.3.4/jakarta.annotation-api-1.3.4.jar:/home/user/.m2/repository/org/glassfish/hk2/external/aopalliance-repackaged/2.5.0/aopalliance-repackaged-2.5.0.jar:/home/user/.m2/repository/com/fasterxml/jackson/dataformat/jackson-dataformat-xml/2.9.0/jackson-dataformat-xml-2.9.0.jar:/home/user/.m2/repository/com/fasterxml/jackson/core/jackson-core/2.9.9/jackson-core-2.9.9.jar:/home/user/.m2/repository/com/fasterxml/jackson/module/jackson-module-jaxb-annotations/2.9.9/jackson-module-jaxb-annotations-2.9.9.jar:/home/user/.m2/repository/javax/enterprise/cdi-api/1.2/cdi-api-1.2.jar:/home/user/.m2/repository/javax/el/javax.el-api/3.0.0/javax.el-api-3.0.0.jar:/home/user/.m2/repository/javax/interceptor/javax.interceptor-api/1.2/javax.interceptor-api-1.2.jar:/home/user/.m2/repository/javax/inject/javax.inject/1/javax.inject-1.jar:/home/user/.m2/repository/com/sun/xml/bind/jaxb-impl/2.3.0.1/jaxb-impl-2.3.0.1.jar:/home/user/.m2/repository/com/sun/xml/bind/jaxb-core/2.3.0.1/jaxb-core-2.3.0.1.jar:/home/user/.m2/repository/javax/xml/bind/jaxb-api/2.3.0/jaxb-api-2.3.0.jar:/home/user/.m2/repository/javax/activation/activation/1.1.1/activation-1.1.1.jar:/home/user/.m2/repository/org/apache/hadoop/hadoop-ozone-csi/0.5.0-SNAPSHOT/hadoop-ozone-csi-0.5.0-SNAPSHOT.jar:/home/user/.m2/repository/com/google/protobuf/protobuf-java-util/3.5.1/protobuf-java-util-3.5.1.jar:/home/user/.m2/repository/org/apache/hadoop/hadoop-hdds-config/0.5.0-SNAPSHOT/hadoop-hdds-config-0.5.0-SNAPSHOT.jar:/home/user/.m2/repository/io/grpc/grpc-netty/1.17.1/grpc-netty-1.17.1.jar:/home/user/.m2/repository/io/grpc/grpc-core/1.17.1/grpc-core-1.17.1.jar:/home/user/.m2/repository/io/grpc/grpc-context/1.17.1/grpc-context-1.17.1.jar:/home/user/.m2/repository/com/google/errorprone/error_prone_annotations/2.2.0/error_prone_annotations-2.2.0.jar:/home/user/.m2/repository/org/codehaus/mojo/animal-sniffer-annotations/1.17/animal-sniffer-annotations-1.17.jar:/home/user/.m2/repository/io/opencensus/opencensus-api/0.17.0/opencensus-api-0.17.0.jar:/home/user/.m2/repository/io/opencensus/opencensus-contrib-grpc-metrics/0.17.0/opencensus-contrib-grpc-metrics-0.17.0.jar:/home/user/.m2/repository/io/netty/netty-codec-http2/4.1.30.Final/netty-codec-http2-4.1.30.Final.jar:/home/user/.m2/repository/io/netty/netty-codec-http/4.1.30.Final/netty-codec-http-4.1.30.Final.jar:/home/user/.m2/repository/io/netty/netty-codec/4.1.30.Final/netty-codec-4.1.30.Final.jar:/home/user/.m2/repository/io/netty/netty-handler/4.1.30.Final/netty-handler-4.1.30.Final.jar:/home/user/.m2/repository/io/netty/netty-handler-proxy/4.1.30.Final/netty-handler-proxy-4.1.30.Final.jar:/home/user/.m2/repository/io/netty/netty-codec-socks/4.1.30.Final/netty-codec-socks-4.1.30.Final.jar:/home/user/.m2/repository/io/netty/netty-transport-native-epoll/4.1.30.Final/netty-transport-native-epoll-4.1.30.Final.jar:/home/user/.m2/repository/io/netty/netty-common/4.1.30.Final/netty-common-4.1.30.Final.jar:/home/user/.m2/repository/io/netty/netty-buffer/4.1.30.Final/netty-buffer-4.1.30.Final.jar:/home/user/.m2/repository/io/netty/netty-transport/4.1.30.Final/netty-transport-4.1.30.Final.jar:/home/user/.m2/repository/io/netty/netty-resolver/4.1.30.Final/netty-resolver-4.1.30.Final.jar:/home/user/.m2/repository/io/netty/netty-transport-native-unix-common/4.1.30.Final/netty-transport-native-unix-common-4.1.30.Final.jar:/home/user/.m2/repository/io/grpc/grpc-protobuf/1.17.1/grpc-protobuf-1.17.1.jar:/home/user/.m2/repository/com/google/api/grpc/proto-google-common-protos/1.0.0/proto-google-common-protos-1.0.0.jar:/home/user/.m2/repository/io/grpc/grpc-protobuf-lite/1.17.1/grpc-protobuf-lite-1.17.1.jar:/home/user/.m2/repository/io/grpc/grpc-stub/1.17.1/grpc-stub-1.17.1.jar:/home/user/.m2/repository/org/apache/hadoop/hadoop-ozone-recon/0.5.0-SNAPSHOT/hadoop-ozone-recon-0.5.0-SNAPSHOT.jar:/home/user/.m2/repository/org/apache/hadoop/hadoop-ozone-reconcodegen/0.5.0-SNAPSHOT/hadoop-ozone-reconcodegen-0.5.0-SNAPSHOT.jar:/home/user/.m2/repository/com/google/inject/extensions/guice-multibindings/4.0/guice-multibindings-4.0.jar:/home/user/.m2/repository/com/google/inject/guice/4.0/guice-4.0.jar:/home/user/.m2/repository/aopalliance/aopalliance/1.0/aopalliance-1.0.jar:/home/user/.m2/repository/com/google/inject/extensions/guice-servlet/4.0/guice-servlet-4.0.jar:/home/user/.m2/repository/org/glassfish/jersey/containers/jersey-container-servlet/2.27/jersey-container-servlet-2.27.jar:/home/user/.m2/repository/org/glassfish/hk2/guice-bridge/2.5.0/guice-bridge-2.5.0.jar:/home/user/.m2/repository/org/glassfish/jersey/core/jersey-server/2.27/jersey-server-2.27.jar:/home/user/.m2/repository/org/glassfish/jersey/core/jersey-client/2.27/jersey-client-2.27.jar:/home/user/.m2/repository/org/glassfish/jersey/media/jersey-media-jaxb/2.27/jersey-media-jaxb-2.27.jar:/home/user/.m2/repository/javax/validation/validation-api/1.1.0.Final/validation-api-1.1.0.Final.jar:/home/user/.m2/repository/org/glassfish/jersey/media/jersey-media-json-jackson/2.27/jersey-media-json-jackson-2.27.jar:/home/user/.m2/repository/org/glassfish/jersey/ext/jersey-entity-filtering/2.27/jersey-entity-filtering-2.27.jar:/home/user/.m2/repository/com/google/inject/extensions/guice-assistedinject/4.0/guice-assistedinject-4.0.jar:/home/user/.m2/repository/org/jooq/jooq/3.11.10/jooq-3.11.10.jar:/home/user/.m2/repository/org/jooq/jooq-meta/3.11.10/jooq-meta-3.11.10.jar:/home/user/.m2/repository/org/jooq/jooq-codegen/3.11.10/jooq-codegen-3.11.10.jar:/home/user/.m2/repository/com/jolbox/bonecp/0.8.0.RELEASE/bonecp-0.8.0.RELEASE.jar:/home/user/.m2/repository/org/xerial/sqlite-jdbc/3.25.2/sqlite-jdbc-3.25.2.jar:/home/user/.m2/repository/org/springframework/spring-jdbc/5.1.3.RELEASE/spring-jdbc-5.1.3.RELEASE.jar:/home/user/.m2/repository/org/springframework/spring-beans/5.1.3.RELEASE/spring-beans-5.1.3.RELEASE.jar:/home/user/.m2/repository/org/springframework/spring-core/5.1.3.RELEASE/spring-core-5.1.3.RELEASE.jar:/home/user/.m2/repository/org/springframework/spring-jcl/5.1.3.RELEASE/spring-jcl-5.1.3.RELEASE.jar:/home/user/.m2/repository/org/springframework/spring-tx/5.1.3.RELEASE/spring-tx-5.1.3.RELEASE.jar:/home/user/.m2/repository/org/apache/hadoop/hadoop-ozone-client/0.5.0-SNAPSHOT/hadoop-ozone-client-0.5.0-SNAPSHOT.jar:/home/user/.m2/repository/commons-lang/commons-lang/2.6/commons-lang-2.6.jar:/home/user/.m2/repository/org/apache/hadoop/hadoop-ozone-ozone-manager/0.5.0-SNAPSHOT/hadoop-ozone-ozone-manager-0.5.0-SNAPSHOT-tests.jar:/home/user/.m2/repository/junit/junit/4.11/junit-4.11.jar:/home/user/.m2/repository/org/hamcrest/hamcrest-core/1.3/hamcrest-core-1.3.jar:/home/user/.m2/repository/org/openjdk/jmh/jmh-core/1.19/jmh-core-1.19.jar:/home/user/.m2/repository/net/sf/jopt-simple/jopt-simple/4.6/jopt-simple-4.6.jar:/home/user/.m2/repository/org/apache/commons/commons-math3/3.1.1/commons-math3-3.1.1.jar:/home/user/.m2/repository/org/openjdk/jmh/jmh-generator-annprocess/1.19/jmh-generator-annprocess-1.19.jar:/home/user/.m2/repository/org/mockito/mockito-all/1.8.5/mockito-all-1.8.5.jar:/home/user/.m2/repository/org/apache/hadoop/hadoop-kms/3.2.0/hadoop-kms-3.2.0.jar:/home/user/.m2/repository/org/apache/hadoop/hadoop-auth/3.2.0/hadoop-auth-3.2.0.jar:/home/user/.m2/repository/com/nimbusds/nimbus-jose-jwt/4.41.1/nimbus-jose-jwt-4.41.1.jar:/home/user/.m2/repository/com/github/stephenc/jcip/jcip-annotations/1.0-1/jcip-annotations-1.0-1.jar:/home/user/.m2/repository/net/minidev/json-smart/2.3/json-smart-2.3.jar:/home/user/.m2/repository/net/minidev/accessors-smart/1.2/accessors-smart-1.2.jar:/home/user/.m2/repository/org/ow2/asm/asm/5.0.4/asm-5.0.4.jar:/home/user/.m2/repository/org/apache/curator/curator-framework/2.12.0/curator-framework-2.12.0.jar:/home/user/.m2/repository/com/sun/jersey/jersey-core/1.19/jersey-core-1.19.jar:/home/user/.m2/repository/javax/ws/rs/jsr311-api/1.1.1/jsr311-api-1.1.1.jar:/home/user/.m2/repository/com/sun/jersey/jersey-server/1.19/jersey-server-1.19.jar:/home/user/.m2/repository/javax/servlet/javax.servlet-api/3.1.0/javax.servlet-api-3.1.0.jar:/home/user/.m2/repository/org/eclipse/jetty/jetty-server/9.3.25.v20180904/jetty-server-9.3.25.v20180904.jar:/home/user/.m2/repository/org/eclipse/jetty/jetty-http/9.3.25.v20180904/jetty-http-9.3.25.v20180904.jar:/home/user/.m2/repository/org/eclipse/jetty/jetty-io/9.3.25.v20180904/jetty-io-9.3.25.v20180904.jar:/home/user/.m2/repository/org/eclipse/jetty/jetty-webapp/9.3.25.v20180904/jetty-webapp-9.3.25.v20180904.jar:/home/user/.m2/repository/org/eclipse/jetty/jetty-xml/9.3.25.v20180904/jetty-xml-9.3.25.v20180904.jar:/home/user/.m2/repository/log4j/log4j/1.2.17/log4j-1.2.17.jar:/home/user/.m2/repository/org/slf4j/slf4j-api/1.7.25/slf4j-api-1.7.25.jar:/home/user/.m2/repository/org/slf4j/jul-to-slf4j/1.7.25/jul-to-slf4j-1.7.25.jar:/home/user/.m2/repository/org/eclipse/jetty/jetty-util/9.3.25.v20180904/jetty-util-9.3.25.v20180904.jar:/home/user/.m2/repository/com/fasterxml/jackson/core/jackson-databind/2.9.9/jackson-databind-2.9.9.jar:/home/user/.m2/repository/org/apache/hadoop/hadoop-kms/3.2.0/hadoop-kms-3.2.0-tests.jar:/home/user/.m2/repository/org/apache/hadoop/hadoop-hdds-server-scm/0.5.0-SNAPSHOT/hadoop-hdds-server-scm-0.5.0-SNAPSHOT-tests.jar:/home/user/.m2/repository/org/apache/hadoop/hadoop-hdds-container-service/0.5.0-SNAPSHOT/hadoop-hdds-container-service-0.5.0-SNAPSHOT-tests.jar:/home/user/.m2/repository/org/yaml/snakeyaml/1.16/snakeyaml-1.16.jar:/home/user/.m2/repository/org/apache/hadoop/hadoop-common/3.2.0/hadoop-common-3.2.0-tests.jar:/home/user/.m2/repository/org/apache/hadoop/hadoop-annotations/3.2.0/hadoop-annotations-3.2.0.jar:/usr/lib/jvm/java-1.8-openjdk/jre/../lib/tools.jar:/home/user/.m2/repository/commons-cli/commons-cli/1.2/commons-cli-1.2.jar:/home/user/.m2/repository/org/apache/httpcomponents/httpclient/4.5.2/httpclient-4.5.2.jar:/home/user/.m2/repository/org/apache/httpcomponents/httpcore/4.4.4/httpcore-4.4.4.jar:/home/user/.m2/repository/commons-codec/commons-codec/1.11/commons-codec-1.11.jar:/home/user/.m2/repository/commons-net/commons-net/3.6/commons-net-3.6.jar:/home/user/.m2/repository/commons-collections/commons-collections/3.2.2/commons-collections-3.2.2.jar:/home/user/.m2/repository/org/eclipse/jetty/jetty-servlet/9.3.25.v20180904/jetty-servlet-9.3.25.v20180904.jar:/home/user/.m2/repository/org/eclipse/jetty/jetty-security/9.3.25.v20180904/jetty-security-9.3.25.v20180904.jar:/home/user/.m2/repository/javax/servlet/jsp/jsp-api/2.1/jsp-api-2.1.jar:/home/user/.m2/repository/com/sun/jersey/jersey-servlet/1.19/jersey-servlet-1.19.jar:/home/user/.m2/repository/com/sun/jersey/jersey-json/1.19/jersey-json-1.19.jar:/home/user/.m2/repository/org/codehaus/jettison/jettison/1.1/jettison-1.1.jar:/home/user/.m2/repository/org/codehaus/jackson/jackson-core-asl/1.9.13/jackson-core-asl-1.9.13.jar:/home/user/.m2/repository/org/codehaus/jackson/jackson-mapper-asl/1.9.13/jackson-mapper-asl-1.9.13.jar:/home/user/.m2/repository/org/codehaus/jackson/jackson-jaxrs/1.9.13/jackson-jaxrs-1.9.13.jar:/home/user/.m2/repository/org/codehaus/jackson/jackson-xc/1.9.13/jackson-xc-1.9.13.jar:/home/user/.m2/repository/commons-logging/commons-logging/1.1.3/commons-logging-1.1.3.jar:/home/user/.m2/repository/commons-beanutils/commons-beanutils/1.9.4/commons-beanutils-1.9.4.jar:/home/user/.m2/repository/org/apache/commons/commons-configuration2/2.1.1/commons-configuration2-2.1.1.jar:/home/user/.m2/repository/org/apache/commons/commons-lang3/3.7/commons-lang3-3.7.jar:/home/user/.m2/repository/org/apache/commons/commons-text/1.4/commons-text-1.4.jar:/home/user/.m2/repository/org/apache/avro/avro/1.7.7/avro-1.7.7.jar:/home/user/.m2/repository/com/thoughtworks/paranamer/paranamer/2.3/paranamer-2.3.jar:/home/user/.m2/repository/org/xerial/snappy/snappy-java/1.0.5/snappy-java-1.0.5.jar:/home/user/.m2/repository/com/google/re2j/re2j/1.1/re2j-1.1.jar:/home/user/.m2/repository/com/google/code/gson/gson/2.2.4/gson-2.2.4.jar:/home/user/.m2/repository/com/jcraft/jsch/0.1.54/jsch-0.1.54.jar:/home/user/.m2/repository/org/apache/curator/curator-client/2.12.0/curator-client-2.12.0.jar:/home/user/.m2/repository/org/apache/curator/curator-recipes/2.12.0/curator-recipes-2.12.0.jar:/home/user/.m2/repository/com/google/code/findbugs/jsr305/3.0.0/jsr305-3.0.0.jar:/home/user/.m2/repository/org/apache/htrace/htrace-core4/4.1.0-incubating/htrace-core4-4.1.0-incubating.jar:/home/user/.m2/repository/org/apache/zookeeper/zookeeper/3.4.13/zookeeper-3.4.13.jar:/home/user/.m2/repository/jline/jline/0.9.94/jline-0.9.94.jar:/home/user/.m2/repository/org/apache/yetus/audience-annotations/0.5.0/audience-annotations-0.5.0.jar:/home/user/.m2/repository/org/codehaus/woodstox/stax2-api/3.1.4/stax2-api-3.1.4.jar:/home/user/.m2/repository/com/fasterxml/woodstox/woodstox-core/5.0.3/woodstox-core-5.0.3.jar:/home/user/.m2/repository/dnsjava/dnsjava/2.1.7/dnsjava-2.1.7.jar:/home/user/.m2/repository/org/apache/hadoop/hadoop-hdfs/3.2.0/hadoop-hdfs-3.2.0-tests.jar:/home/user/.m2/repository/org/eclipse/jetty/jetty-util-ajax/9.3.25.v20180904/jetty-util-ajax-9.3.25.v20180904.jar:/home/user/.m2/repository/commons-daemon/commons-daemon/1.0.13/commons-daemon-1.0.13.jar:/home/user/.m2/repository/io/netty/netty/3.10.5.Final/netty-3.10.5.Final.jar:/home/user/.m2/repository/io/netty/netty-all/4.0.52.Final/netty-all-4.0.52.Final.jar:/home/user/.m2/repository/org/fusesource/leveldbjni/leveldbjni-all/1.8/leveldbjni-all-1.8.jar:"/>
    <property name="java.vm.vendor" value="IcedTea"/>
    <property name="sun.arch.data.model" value="64"/>
    <property name="test.build.dir" value="/workdir/hadoop-ozone/integration-test/target/test-dir"/>
    <property name="test.cache.data" value=""/>
    <property name="java.vendor.url" value="https://icedtea.classpath.org"/>
    <property name="user.timezone" value=""/>
    <property name="java.vm.specification.version" value="1.8"/>
    <property name="os.name" value="Linux"/>
    <property name="test.build.data" value="/workdir/hadoop-ozone/integration-test/target/test-dir"/>
    <property name="user.country" value="US"/>
    <property name="sun.java.launcher" value="SUN_STANDARD"/>
    <property name="sun.boot.library.path" value="/usr/lib/jvm/java-1.8-openjdk/jre/lib/amd64"/>
    <property name="sun.java.command" value="/workdir/hadoop-ozone/integration-test/target/surefire/surefirebooter6523859759527390399.jar /workdir/hadoop-ozone/integration-test/target/surefire 2019-10-12T05-38-29_693-jvmRun1 surefire7954617310243705354tmp surefire_203688087129556220751tmp"/>
    <property name="test" value="!TestMiniChaosOzoneCluster"/>
    <property name="surefire.test.class.path" value="/workdir/hadoop-ozone/integration-test/target/test-classes:/workdir/hadoop-ozone/integration-test/target/classes:/home/user/.m2/repository/org/apache/hadoop/hadoop-ozone-common/0.5.0-SNAPSHOT/hadoop-ozone-common-0.5.0-SNAPSHOT.jar:/home/user/.m2/repository/org/apache/commons/commons-compress/1.4.1/commons-compress-1.4.1.jar:/home/user/.m2/repository/org/tukaani/xz/1.0/xz-1.0.jar:/home/user/.m2/repository/org/apache/hadoop/hadoop-common/3.2.0/hadoop-common-3.2.0.jar:/home/user/.m2/repository/org/apache/hadoop/hadoop-hdfs/3.2.0/hadoop-hdfs-3.2.0.jar:/home/user/.m2/repository/org/apache/hadoop/hadoop-hdfs-client/3.2.0/hadoop-hdfs-client-3.2.0.jar:/home/user/.m2/repository/com/fasterxml/jackson/core/jackson-annotations/2.9.9/jackson-annotations-2.9.9.jar:/home/user/.m2/repository/org/apache/hadoop/hadoop-hdds-common/0.5.0-SNAPSHOT/hadoop-hdds-common-0.5.0-SNAPSHOT.jar:/home/user/.m2/repository/javax/annotation/javax.annotation-api/1.2/javax.annotation-api-1.2.jar:/home/user/.m2/repository/org/apache/ratis/ratis-server/0.5.0-201fc85-SNAPSHOT/ratis-server-0.5.0-201fc85-SNAPSHOT.jar:/home/user/.m2/repository/org/apache/ratis/ratis-thirdparty-misc/0.2.0/ratis-thirdparty-misc-0.2.0.jar:/home/user/.m2/repository/org/apache/ratis/ratis-proto/0.5.0-201fc85-SNAPSHOT/ratis-proto-0.5.0-201fc85-SNAPSHOT.jar:/home/user/.m2/repository/org/apache/ratis/ratis-common/0.5.0-201fc85-SNAPSHOT/ratis-common-0.5.0-201fc85-SNAPSHOT.jar:/home/user/.m2/repository/org/apache/ratis/ratis-client/0.5.0-201fc85-SNAPSHOT/ratis-client-0.5.0-201fc85-SNAPSHOT.jar:/home/user/.m2/repository/org/apache/ratis/ratis-metrics/0.5.0-201fc85-SNAPSHOT/ratis-metrics-0.5.0-201fc85-SNAPSHOT.jar:/home/user/.m2/repository/com/github/joshelser/dropwizard-metrics-hadoop-metrics2-reporter/0.1.2/dropwizard-metrics-hadoop-metrics2-reporter-0.1.2.jar:/home/user/.m2/repository/io/dropwizard/metrics/metrics-jvm/3.2.5/metrics-jvm-3.2.5.jar:/home/user/.m2/repository/io/dropwizard/metrics/metrics-ganglia/3.2.5/metrics-ganglia-3.2.5.jar:/home/user/.m2/repository/info/ganglia/gmetric4j/gmetric4j/1.0.7/gmetric4j-1.0.7.jar:/home/user/.m2/repository/org/apache/ratis/ratis-netty/0.5.0-201fc85-SNAPSHOT/ratis-netty-0.5.0-201fc85-SNAPSHOT.jar:/home/user/.m2/repository/org/apache/ratis/ratis-grpc/0.5.0-201fc85-SNAPSHOT/ratis-grpc-0.5.0-201fc85-SNAPSHOT.jar:/home/user/.m2/repository/org/rocksdb/rocksdbjni/6.0.1/rocksdbjni-6.0.1.jar:/home/user/.m2/repository/org/apache/logging/log4j/log4j-api/2.11.0/log4j-api-2.11.0.jar:/home/user/.m2/repository/org/apache/logging/log4j/log4j-core/2.11.0/log4j-core-2.11.0.jar:/home/user/.m2/repository/com/lmax/disruptor/3.4.2/disruptor-3.4.2.jar:/home/user/.m2/repository/org/apache/commons/commons-pool2/2.6.0/commons-pool2-2.6.0.jar:/home/user/.m2/repository/org/bouncycastle/bcpkix-jdk15on/1.60/bcpkix-jdk15on-1.60.jar:/home/user/.m2/repository/commons-validator/commons-validator/1.6/commons-validator-1.6.jar:/home/user/.m2/repository/commons-digester/commons-digester/1.8.1/commons-digester-1.8.1.jar:/home/user/.m2/repository/io/jaegertracing/jaeger-client/0.34.0/jaeger-client-0.34.0.jar:/home/user/.m2/repository/io/jaegertracing/jaeger-thrift/0.34.0/jaeger-thrift-0.34.0.jar:/home/user/.m2/repository/org/apache/thrift/libthrift/0.12.0/libthrift-0.12.0.jar:/home/user/.m2/repository/com/squareup/okhttp3/okhttp/3.9.0/okhttp-3.9.0.jar:/home/user/.m2/repository/com/squareup/okio/okio/1.13.0/okio-1.13.0.jar:/home/user/.m2/repository/io/jaegertracing/jaeger-core/0.34.0/jaeger-core-0.34.0.jar:/home/user/.m2/repository/io/jaegertracing/jaeger-tracerresolver/0.34.0/jaeger-tracerresolver-0.34.0.jar:/home/user/.m2/repository/io/opentracing/contrib/opentracing-tracerresolver/0.1.5/opentracing-tracerresolver-0.1.5.jar:/home/user/.m2/repository/io/opentracing/opentracing-util/0.31.0/opentracing-util-0.31.0.jar:/home/user/.m2/repository/io/opentracing/opentracing-api/0.31.0/opentracing-api-0.31.0.jar:/home/user/.m2/repository/io/opentracing/opentracing-noop/0.31.0/opentracing-noop-0.31.0.jar:/home/user/.m2/repository/org/apache/hadoop/hadoop-hdds-server-framework/0.5.0-SNAPSHOT/hadoop-hdds-server-framework-0.5.0-SNAPSHOT.jar:/home/user/.m2/repository/org/apache/hadoop/hadoop-hdds-container-service/0.5.0-SNAPSHOT/hadoop-hdds-container-service-0.5.0-SNAPSHOT.jar:/home/user/.m2/repository/org/apache/hadoop/hadoop-hdds-client/0.5.0-SNAPSHOT/hadoop-hdds-client-0.5.0-SNAPSHOT.jar:/home/user/.m2/repository/org/apache/hadoop/hadoop-hdds-tools/0.5.0-SNAPSHOT/hadoop-hdds-tools-0.5.0-SNAPSHOT.jar:/home/user/.m2/repository/org/apache/hadoop/hadoop-hdds-server-scm/0.5.0-SNAPSHOT/hadoop-hdds-server-scm-0.5.0-SNAPSHOT.jar:/home/user/.m2/repository/org/apache/hadoop/hadoop-hdds-docs/0.5.0-SNAPSHOT/hadoop-hdds-docs-0.5.0-SNAPSHOT.jar:/home/user/.m2/repository/io/dropwizard/metrics/metrics-core/3.2.4/metrics-core-3.2.4.jar:/home/user/.m2/repository/org/hamcrest/hamcrest-all/1.3/hamcrest-all-1.3.jar:/home/user/.m2/repository/org/bouncycastle/bcprov-jdk15on/1.60/bcprov-jdk15on-1.60.jar:/home/user/.m2/repository/info/picocli/picocli/3.9.6/picocli-3.9.6.jar:/home/user/.m2/repository/com/google/protobuf/protobuf-java/2.5.0/protobuf-java-2.5.0.jar:/home/user/.m2/repository/com/google/guava/guava/11.0.2/guava-11.0.2.jar:/home/user/.m2/repository/org/apache/hadoop/hadoop-ozone-ozone-manager/0.5.0-SNAPSHOT/hadoop-ozone-ozone-manager-0.5.0-SNAPSHOT.jar:/home/user/.m2/repository/org/apache/hadoop/hadoop-minikdc/3.2.0/hadoop-minikdc-3.2.0.jar:/home/user/.m2/repository/commons-io/commons-io/2.5/commons-io-2.5.jar:/home/user/.m2/repository/org/apache/kerby/kerb-simplekdc/1.0.1/kerb-simplekdc-1.0.1.jar:/home/user/.m2/repository/org/apache/kerby/kerb-client/1.0.1/kerb-client-1.0.1.jar:/home/user/.m2/repository/org/apache/kerby/kerby-config/1.0.1/kerby-config-1.0.1.jar:/home/user/.m2/repository/org/apache/kerby/kerb-core/1.0.1/kerb-core-1.0.1.jar:/home/user/.m2/repository/org/apache/kerby/kerby-pkix/1.0.1/kerby-pkix-1.0.1.jar:/home/user/.m2/repository/org/apache/kerby/kerby-asn1/1.0.1/kerby-asn1-1.0.1.jar:/home/user/.m2/repository/org/apache/kerby/kerby-util/1.0.1/kerby-util-1.0.1.jar:/home/user/.m2/repository/org/apache/kerby/kerb-common/1.0.1/kerb-common-1.0.1.jar:/home/user/.m2/repository/org/apache/kerby/kerb-crypto/1.0.1/kerb-crypto-1.0.1.jar:/home/user/.m2/repository/org/apache/kerby/kerb-util/1.0.1/kerb-util-1.0.1.jar:/home/user/.m2/repository/org/apache/kerby/token-provider/1.0.1/token-provider-1.0.1.jar:/home/user/.m2/repository/org/apache/kerby/kerb-admin/1.0.1/kerb-admin-1.0.1.jar:/home/user/.m2/repository/org/apache/kerby/kerb-server/1.0.1/kerb-server-1.0.1.jar:/home/user/.m2/repository/org/apache/kerby/kerb-identity/1.0.1/kerb-identity-1.0.1.jar:/home/user/.m2/repository/org/apache/kerby/kerby-xdr/1.0.1/kerby-xdr-1.0.1.jar:/home/user/.m2/repository/org/slf4j/slf4j-log4j12/1.7.25/slf4j-log4j12-1.7.25.jar:/home/user/.m2/repository/org/apache/hadoop/hadoop-ozone-s3gateway/0.5.0-SNAPSHOT/hadoop-ozone-s3gateway-0.5.0-SNAPSHOT.jar:/home/user/.m2/repository/org/jboss/weld/servlet/weld-servlet/2.4.7.Final/weld-servlet-2.4.7.Final.jar:/home/user/.m2/repository/org/glassfish/jersey/containers/jersey-container-servlet-core/2.27/jersey-container-servlet-core-2.27.jar:/home/user/.m2/repository/org/glassfish/hk2/external/javax.inject/2.5.0-b42/javax.inject-2.5.0-b42.jar:/home/user/.m2/repository/org/glassfish/jersey/core/jersey-common/2.27/jersey-common-2.27.jar:/home/user/.m2/repository/org/glassfish/hk2/osgi-resource-locator/1.0.1/osgi-resource-locator-1.0.1.jar:/home/user/.m2/repository/javax/ws/rs/javax.ws.rs-api/2.1/javax.ws.rs-api-2.1.jar:/home/user/.m2/repository/org/glassfish/jersey/ext/cdi/jersey-cdi1x/2.27/jersey-cdi1x-2.27.jar:/home/user/.m2/repository/org/glassfish/jersey/inject/jersey-hk2/2.27/jersey-hk2-2.27.jar:/home/user/.m2/repository/org/glassfish/hk2/hk2-locator/2.5.0-b42/hk2-locator-2.5.0-b42.jar:/home/user/.m2/repository/org/javassist/javassist/3.22.0-CR2/javassist-3.22.0-CR2.jar:/home/user/.m2/repository/org/glassfish/hk2/hk2-api/2.5.0/hk2-api-2.5.0.jar:/home/user/.m2/repository/org/glassfish/hk2/external/jakarta.inject/2.5.0/jakarta.inject-2.5.0.jar:/home/user/.m2/repository/org/glassfish/hk2/hk2-utils/2.5.0/hk2-utils-2.5.0.jar:/home/user/.m2/repository/jakarta/annotation/jakarta.annotation-api/1.3.4/jakarta.annotation-api-1.3.4.jar:/home/user/.m2/repository/org/glassfish/hk2/external/aopalliance-repackaged/2.5.0/aopalliance-repackaged-2.5.0.jar:/home/user/.m2/repository/com/fasterxml/jackson/dataformat/jackson-dataformat-xml/2.9.0/jackson-dataformat-xml-2.9.0.jar:/home/user/.m2/repository/com/fasterxml/jackson/core/jackson-core/2.9.9/jackson-core-2.9.9.jar:/home/user/.m2/repository/com/fasterxml/jackson/module/jackson-module-jaxb-annotations/2.9.9/jackson-module-jaxb-annotations-2.9.9.jar:/home/user/.m2/repository/javax/enterprise/cdi-api/1.2/cdi-api-1.2.jar:/home/user/.m2/repository/javax/el/javax.el-api/3.0.0/javax.el-api-3.0.0.jar:/home/user/.m2/repository/javax/interceptor/javax.interceptor-api/1.2/javax.interceptor-api-1.2.jar:/home/user/.m2/repository/javax/inject/javax.inject/1/javax.inject-1.jar:/home/user/.m2/repository/com/sun/xml/bind/jaxb-impl/2.3.0.1/jaxb-impl-2.3.0.1.jar:/home/user/.m2/repository/com/sun/xml/bind/jaxb-core/2.3.0.1/jaxb-core-2.3.0.1.jar:/home/user/.m2/repository/javax/xml/bind/jaxb-api/2.3.0/jaxb-api-2.3.0.jar:/home/user/.m2/repository/javax/activation/activation/1.1.1/activation-1.1.1.jar:/home/user/.m2/repository/org/apache/hadoop/hadoop-ozone-csi/0.5.0-SNAPSHOT/hadoop-ozone-csi-0.5.0-SNAPSHOT.jar:/home/user/.m2/repository/com/google/protobuf/protobuf-java-util/3.5.1/protobuf-java-util-3.5.1.jar:/home/user/.m2/repository/org/apache/hadoop/hadoop-hdds-config/0.5.0-SNAPSHOT/hadoop-hdds-config-0.5.0-SNAPSHOT.jar:/home/user/.m2/repository/io/grpc/grpc-netty/1.17.1/grpc-netty-1.17.1.jar:/home/user/.m2/repository/io/grpc/grpc-core/1.17.1/grpc-core-1.17.1.jar:/home/user/.m2/repository/io/grpc/grpc-context/1.17.1/grpc-context-1.17.1.jar:/home/user/.m2/repository/com/google/errorprone/error_prone_annotations/2.2.0/error_prone_annotations-2.2.0.jar:/home/user/.m2/repository/org/codehaus/mojo/animal-sniffer-annotations/1.17/animal-sniffer-annotations-1.17.jar:/home/user/.m2/repository/io/opencensus/opencensus-api/0.17.0/opencensus-api-0.17.0.jar:/home/user/.m2/repository/io/opencensus/opencensus-contrib-grpc-metrics/0.17.0/opencensus-contrib-grpc-metrics-0.17.0.jar:/home/user/.m2/repository/io/netty/netty-codec-http2/4.1.30.Final/netty-codec-http2-4.1.30.Final.jar:/home/user/.m2/repository/io/netty/netty-codec-http/4.1.30.Final/netty-codec-http-4.1.30.Final.jar:/home/user/.m2/repository/io/netty/netty-codec/4.1.30.Final/netty-codec-4.1.30.Final.jar:/home/user/.m2/repository/io/netty/netty-handler/4.1.30.Final/netty-handler-4.1.30.Final.jar:/home/user/.m2/repository/io/netty/netty-handler-proxy/4.1.30.Final/netty-handler-proxy-4.1.30.Final.jar:/home/user/.m2/repository/io/netty/netty-codec-socks/4.1.30.Final/netty-codec-socks-4.1.30.Final.jar:/home/user/.m2/repository/io/netty/netty-transport-native-epoll/4.1.30.Final/netty-transport-native-epoll-4.1.30.Final.jar:/home/user/.m2/repository/io/netty/netty-common/4.1.30.Final/netty-common-4.1.30.Final.jar:/home/user/.m2/repository/io/netty/netty-buffer/4.1.30.Final/netty-buffer-4.1.30.Final.jar:/home/user/.m2/repository/io/netty/netty-transport/4.1.30.Final/netty-transport-4.1.30.Final.jar:/home/user/.m2/repository/io/netty/netty-resolver/4.1.30.Final/netty-resolver-4.1.30.Final.jar:/home/user/.m2/repository/io/netty/netty-transport-native-unix-common/4.1.30.Final/netty-transport-native-unix-common-4.1.30.Final.jar:/home/user/.m2/repository/io/grpc/grpc-protobuf/1.17.1/grpc-protobuf-1.17.1.jar:/home/user/.m2/repository/com/google/api/grpc/proto-google-common-protos/1.0.0/proto-google-common-protos-1.0.0.jar:/home/user/.m2/repository/io/grpc/grpc-protobuf-lite/1.17.1/grpc-protobuf-lite-1.17.1.jar:/home/user/.m2/repository/io/grpc/grpc-stub/1.17.1/grpc-stub-1.17.1.jar:/home/user/.m2/repository/org/apache/hadoop/hadoop-ozone-recon/0.5.0-SNAPSHOT/hadoop-ozone-recon-0.5.0-SNAPSHOT.jar:/home/user/.m2/repository/org/apache/hadoop/hadoop-ozone-reconcodegen/0.5.0-SNAPSHOT/hadoop-ozone-reconcodegen-0.5.0-SNAPSHOT.jar:/home/user/.m2/repository/com/google/inject/extensions/guice-multibindings/4.0/guice-multibindings-4.0.jar:/home/user/.m2/repository/com/google/inject/guice/4.0/guice-4.0.jar:/home/user/.m2/repository/aopalliance/aopalliance/1.0/aopalliance-1.0.jar:/home/user/.m2/repository/com/google/inject/extensions/guice-servlet/4.0/guice-servlet-4.0.jar:/home/user/.m2/repository/org/glassfish/jersey/containers/jersey-container-servlet/2.27/jersey-container-servlet-2.27.jar:/home/user/.m2/repository/org/glassfish/hk2/guice-bridge/2.5.0/guice-bridge-2.5.0.jar:/home/user/.m2/repository/org/glassfish/jersey/core/jersey-server/2.27/jersey-server-2.27.jar:/home/user/.m2/repository/org/glassfish/jersey/core/jersey-client/2.27/jersey-client-2.27.jar:/home/user/.m2/repository/org/glassfish/jersey/media/jersey-media-jaxb/2.27/jersey-media-jaxb-2.27.jar:/home/user/.m2/repository/javax/validation/validation-api/1.1.0.Final/validation-api-1.1.0.Final.jar:/home/user/.m2/repository/org/glassfish/jersey/media/jersey-media-json-jackson/2.27/jersey-media-json-jackson-2.27.jar:/home/user/.m2/repository/org/glassfish/jersey/ext/jersey-entity-filtering/2.27/jersey-entity-filtering-2.27.jar:/home/user/.m2/repository/com/google/inject/extensions/guice-assistedinject/4.0/guice-assistedinject-4.0.jar:/home/user/.m2/repository/org/jooq/jooq/3.11.10/jooq-3.11.10.jar:/home/user/.m2/repository/org/jooq/jooq-meta/3.11.10/jooq-meta-3.11.10.jar:/home/user/.m2/repository/org/jooq/jooq-codegen/3.11.10/jooq-codegen-3.11.10.jar:/home/user/.m2/repository/com/jolbox/bonecp/0.8.0.RELEASE/bonecp-0.8.0.RELEASE.jar:/home/user/.m2/repository/org/xerial/sqlite-jdbc/3.25.2/sqlite-jdbc-3.25.2.jar:/home/user/.m2/repository/org/springframework/spring-jdbc/5.1.3.RELEASE/spring-jdbc-5.1.3.RELEASE.jar:/home/user/.m2/repository/org/springframework/spring-beans/5.1.3.RELEASE/spring-beans-5.1.3.RELEASE.jar:/home/user/.m2/repository/org/springframework/spring-core/5.1.3.RELEASE/spring-core-5.1.3.RELEASE.jar:/home/user/.m2/repository/org/springframework/spring-jcl/5.1.3.RELEASE/spring-jcl-5.1.3.RELEASE.jar:/home/user/.m2/repository/org/springframework/spring-tx/5.1.3.RELEASE/spring-tx-5.1.3.RELEASE.jar:/home/user/.m2/repository/org/apache/hadoop/hadoop-ozone-client/0.5.0-SNAPSHOT/hadoop-ozone-client-0.5.0-SNAPSHOT.jar:/home/user/.m2/repository/commons-lang/commons-lang/2.6/commons-lang-2.6.jar:/home/user/.m2/repository/org/apache/hadoop/hadoop-ozone-ozone-manager/0.5.0-SNAPSHOT/hadoop-ozone-ozone-manager-0.5.0-SNAPSHOT-tests.jar:/home/user/.m2/repository/junit/junit/4.11/junit-4.11.jar:/home/user/.m2/repository/org/hamcrest/hamcrest-core/1.3/hamcrest-core-1.3.jar:/home/user/.m2/repository/org/openjdk/jmh/jmh-core/1.19/jmh-core-1.19.jar:/home/user/.m2/repository/net/sf/jopt-simple/jopt-simple/4.6/jopt-simple-4.6.jar:/home/user/.m2/repository/org/apache/commons/commons-math3/3.1.1/commons-math3-3.1.1.jar:/home/user/.m2/repository/org/openjdk/jmh/jmh-generator-annprocess/1.19/jmh-generator-annprocess-1.19.jar:/home/user/.m2/repository/org/mockito/mockito-all/1.8.5/mockito-all-1.8.5.jar:/home/user/.m2/repository/org/apache/hadoop/hadoop-kms/3.2.0/hadoop-kms-3.2.0.jar:/home/user/.m2/repository/org/apache/hadoop/hadoop-auth/3.2.0/hadoop-auth-3.2.0.jar:/home/user/.m2/repository/com/nimbusds/nimbus-jose-jwt/4.41.1/nimbus-jose-jwt-4.41.1.jar:/home/user/.m2/repository/com/github/stephenc/jcip/jcip-annotations/1.0-1/jcip-annotations-1.0-1.jar:/home/user/.m2/repository/net/minidev/json-smart/2.3/json-smart-2.3.jar:/home/user/.m2/repository/net/minidev/accessors-smart/1.2/accessors-smart-1.2.jar:/home/user/.m2/repository/org/ow2/asm/asm/5.0.4/asm-5.0.4.jar:/home/user/.m2/repository/org/apache/curator/curator-framework/2.12.0/curator-framework-2.12.0.jar:/home/user/.m2/repository/com/sun/jersey/jersey-core/1.19/jersey-core-1.19.jar:/home/user/.m2/repository/javax/ws/rs/jsr311-api/1.1.1/jsr311-api-1.1.1.jar:/home/user/.m2/repository/com/sun/jersey/jersey-server/1.19/jersey-server-1.19.jar:/home/user/.m2/repository/javax/servlet/javax.servlet-api/3.1.0/javax.servlet-api-3.1.0.jar:/home/user/.m2/repository/org/eclipse/jetty/jetty-server/9.3.25.v20180904/jetty-server-9.3.25.v20180904.jar:/home/user/.m2/repository/org/eclipse/jetty/jetty-http/9.3.25.v20180904/jetty-http-9.3.25.v20180904.jar:/home/user/.m2/repository/org/eclipse/jetty/jetty-io/9.3.25.v20180904/jetty-io-9.3.25.v20180904.jar:/home/user/.m2/repository/org/eclipse/jetty/jetty-webapp/9.3.25.v20180904/jetty-webapp-9.3.25.v20180904.jar:/home/user/.m2/repository/org/eclipse/jetty/jetty-xml/9.3.25.v20180904/jetty-xml-9.3.25.v20180904.jar:/home/user/.m2/repository/log4j/log4j/1.2.17/log4j-1.2.17.jar:/home/user/.m2/repository/org/slf4j/slf4j-api/1.7.25/slf4j-api-1.7.25.jar:/home/user/.m2/repository/org/slf4j/jul-to-slf4j/1.7.25/jul-to-slf4j-1.7.25.jar:/home/user/.m2/repository/org/eclipse/jetty/jetty-util/9.3.25.v20180904/jetty-util-9.3.25.v20180904.jar:/home/user/.m2/repository/com/fasterxml/jackson/core/jackson-databind/2.9.9/jackson-databind-2.9.9.jar:/home/user/.m2/repository/org/apache/hadoop/hadoop-kms/3.2.0/hadoop-kms-3.2.0-tests.jar:/home/user/.m2/repository/org/apache/hadoop/hadoop-hdds-server-scm/0.5.0-SNAPSHOT/hadoop-hdds-server-scm-0.5.0-SNAPSHOT-tests.jar:/home/user/.m2/repository/org/apache/hadoop/hadoop-hdds-container-service/0.5.0-SNAPSHOT/hadoop-hdds-container-service-0.5.0-SNAPSHOT-tests.jar:/home/user/.m2/repository/org/yaml/snakeyaml/1.16/snakeyaml-1.16.jar:/home/user/.m2/repository/org/apache/hadoop/hadoop-common/3.2.0/hadoop-common-3.2.0-tests.jar:/home/user/.m2/repository/org/apache/hadoop/hadoop-annotations/3.2.0/hadoop-annotations-3.2.0.jar:/usr/lib/jvm/java-1.8-openjdk/jre/../lib/tools.jar:/home/user/.m2/repository/commons-cli/commons-cli/1.2/commons-cli-1.2.jar:/home/user/.m2/repository/org/apache/httpcomponents/httpclient/4.5.2/httpclient-4.5.2.jar:/home/user/.m2/repository/org/apache/httpcomponents/httpcore/4.4.4/httpcore-4.4.4.jar:/home/user/.m2/repository/commons-codec/commons-codec/1.11/commons-codec-1.11.jar:/home/user/.m2/repository/commons-net/commons-net/3.6/commons-net-3.6.jar:/home/user/.m2/repository/commons-collections/commons-collections/3.2.2/commons-collections-3.2.2.jar:/home/user/.m2/repository/org/eclipse/jetty/jetty-servlet/9.3.25.v20180904/jetty-servlet-9.3.25.v20180904.jar:/home/user/.m2/repository/org/eclipse/jetty/jetty-security/9.3.25.v20180904/jetty-security-9.3.25.v20180904.jar:/home/user/.m2/repository/javax/servlet/jsp/jsp-api/2.1/jsp-api-2.1.jar:/home/user/.m2/repository/com/sun/jersey/jersey-servlet/1.19/jersey-servlet-1.19.jar:/home/user/.m2/repository/com/sun/jersey/jersey-json/1.19/jersey-json-1.19.jar:/home/user/.m2/repository/org/codehaus/jettison/jettison/1.1/jettison-1.1.jar:/home/user/.m2/repository/org/codehaus/jackson/jackson-core-asl/1.9.13/jackson-core-asl-1.9.13.jar:/home/user/.m2/repository/org/codehaus/jackson/jackson-mapper-asl/1.9.13/jackson-mapper-asl-1.9.13.jar:/home/user/.m2/repository/org/codehaus/jackson/jackson-jaxrs/1.9.13/jackson-jaxrs-1.9.13.jar:/home/user/.m2/repository/org/codehaus/jackson/jackson-xc/1.9.13/jackson-xc-1.9.13.jar:/home/user/.m2/repository/commons-logging/commons-logging/1.1.3/commons-logging-1.1.3.jar:/home/user/.m2/repository/commons-beanutils/commons-beanutils/1.9.4/commons-beanutils-1.9.4.jar:/home/user/.m2/repository/org/apache/commons/commons-configuration2/2.1.1/commons-configuration2-2.1.1.jar:/home/user/.m2/repository/org/apache/commons/commons-lang3/3.7/commons-lang3-3.7.jar:/home/user/.m2/repository/org/apache/commons/commons-text/1.4/commons-text-1.4.jar:/home/user/.m2/repository/org/apache/avro/avro/1.7.7/avro-1.7.7.jar:/home/user/.m2/repository/com/thoughtworks/paranamer/paranamer/2.3/paranamer-2.3.jar:/home/user/.m2/repository/org/xerial/snappy/snappy-java/1.0.5/snappy-java-1.0.5.jar:/home/user/.m2/repository/com/google/re2j/re2j/1.1/re2j-1.1.jar:/home/user/.m2/repository/com/google/code/gson/gson/2.2.4/gson-2.2.4.jar:/home/user/.m2/repository/com/jcraft/jsch/0.1.54/jsch-0.1.54.jar:/home/user/.m2/repository/org/apache/curator/curator-client/2.12.0/curator-client-2.12.0.jar:/home/user/.m2/repository/org/apache/curator/curator-recipes/2.12.0/curator-recipes-2.12.0.jar:/home/user/.m2/repository/com/google/code/findbugs/jsr305/3.0.0/jsr305-3.0.0.jar:/home/user/.m2/repository/org/apache/htrace/htrace-core4/4.1.0-incubating/htrace-core4-4.1.0-incubating.jar:/home/user/.m2/repository/org/apache/zookeeper/zookeeper/3.4.13/zookeeper-3.4.13.jar:/home/user/.m2/repository/jline/jline/0.9.94/jline-0.9.94.jar:/home/user/.m2/repository/org/apache/yetus/audience-annotations/0.5.0/audience-annotations-0.5.0.jar:/home/user/.m2/repository/org/codehaus/woodstox/stax2-api/3.1.4/stax2-api-3.1.4.jar:/home/user/.m2/repository/com/fasterxml/woodstox/woodstox-core/5.0.3/woodstox-core-5.0.3.jar:/home/user/.m2/repository/dnsjava/dnsjava/2.1.7/dnsjava-2.1.7.jar:/home/user/.m2/repository/org/apache/hadoop/hadoop-hdfs/3.2.0/hadoop-hdfs-3.2.0-tests.jar:/home/user/.m2/repository/org/eclipse/jetty/jetty-util-ajax/9.3.25.v20180904/jetty-util-ajax-9.3.25.v20180904.jar:/home/user/.m2/repository/commons-daemon/commons-daemon/1.0.13/commons-daemon-1.0.13.jar:/home/user/.m2/repository/io/netty/netty/3.10.5.Final/netty-3.10.5.Final.jar:/home/user/.m2/repository/io/netty/netty-all/4.0.52.Final/netty-all-4.0.52.Final.jar:/home/user/.m2/repository/org/fusesource/leveldbjni/leveldbjni-all/1.8/leveldbjni-all-1.8.jar:"/>
    <property name="sun.cpu.endian" value="little"/>
    <property name="user.home" value="/home/user"/>
    <property name="user.language" value="en"/>
    <property name="java.specification.vendor" value="Oracle Corporation"/>
    <property name="java.home" value="/usr/lib/jvm/java-1.8-openjdk/jre"/>
    <property name="java.security.krb5.conf" value="/workdir/hadoop-ozone/integration-test/target/test-classes/krb5.conf"/>
    <property name="basedir" value="/workdir/hadoop-ozone/integration-test"/>
    <property name="file.separator" value="/"/>
    <property name="line.separator" value="&#10;"/>
    <property name="java.vm.specification.vendor" value="Oracle Corporation"/>
    <property name="java.specification.name" value="Java Platform API Specification"/>
    <property name="java.awt.graphicsenv" value="sun.awt.X11GraphicsEnvironment"/>
    <property name="surefire.real.class.path" value="/workdir/hadoop-ozone/integration-test/target/surefire/surefirebooter6523859759527390399.jar"/>
    <property name="hadoop.log.dir" value="/workdir/hadoop-ozone/integration-test/target/log"/>
    <property name="sun.boot.class.path" value="/usr/lib/jvm/java-1.8-openjdk/jre/lib/resources.jar:/usr/lib/jvm/java-1.8-openjdk/jre/lib/rt.jar:/usr/lib/jvm/java-1.8-openjdk/jre/lib/sunrsasign.jar:/usr/lib/jvm/java-1.8-openjdk/jre/lib/jsse.jar:/usr/lib/jvm/java-1.8-openjdk/jre/lib/jce.jar:/usr/lib/jvm/java-1.8-openjdk/jre/lib/charsets.jar:/usr/lib/jvm/java-1.8-openjdk/jre/lib/jfr.jar:/usr/lib/jvm/java-1.8-openjdk/jre/classes"/>
    <property name="sun.management.compiler" value="HotSpot 64-Bit Tiered Compilers"/>
    <property name="java.runtime.version" value="1.8.0_212-b04"/>
    <property name="java.net.preferIPv4Stack" value="true"/>
    <property name="user.name" value="jenkins1000"/>
    <property name="path.separator" value=":"/>
    <property name="java.security.egd" value="file:///dev/urandom"/>
    <property name="os.version" value="3.10.0-957.12.2.el7.x86_64"/>
    <property name="java.endorsed.dirs" value="/usr/lib/jvm/java-1.8-openjdk/jre/lib/endorsed"/>
    <property name="java.runtime.name" value="OpenJDK Runtime Environment"/>
    <property name="file.encoding" value="UTF-8"/>
    <property name="java.vm.name" value="OpenJDK 64-Bit Server VM"/>
    <property name="test.build.webapps" value=""/>
    <property name="localRepository" value="/home/user/.m2/repository"/>
    <property name="java.vendor.url.bug" value="https://icedtea.classpath.org/bugzilla"/>
    <property name="java.io.tmpdir" value="/tmp"/>
    <property name="require.test.libhadoop" value=""/>
    <property name="java.version" value="1.8.0_212"/>
    <property name="user.dir" value="/workdir/hadoop-ozone/integration-test"/>
    <property name="os.arch" value="amd64"/>
    <property name="java.vm.specification.name" value="Java Virtual Machine Specification"/>
    <property name="test.build.classes" value="/workdir/hadoop-ozone/integration-test/target/test-classes"/>
    <property name="java.awt.printerjob" value="sun.print.PSPrinterJob"/>
    <property name="sun.os.patch.level" value="unknown"/>
    <property name="hadoop.tmp.dir" value="/workdir/hadoop-ozone/integration-test/target/tmp"/>
    <property name="java.library.path" value="/usr/lib/jvm/java-1.8-openjdk/jre/lib/amd64/server:/usr/lib/jvm/java-1.8-openjdk/jre/lib/amd64:/usr/lib/jvm/java-1.8-openjdk/jre/../lib/amd64:/workdir/hadoop-ozone/integration-test/target/native/target/usr/local/lib:/workdir/hadoop-ozone/integration-test/../../hadoop-common-project/hadoop-common/target/native/target/usr/local/lib:/usr/java/packages/lib/amd64:/usr/lib64:/lib64:/lib:/usr/lib"/>
    <property name="java.vm.info" value="mixed mode"/>
    <property name="java.vendor" value="IcedTea"/>
    <property name="java.vm.version" value="25.212-b04"/>
    <property name="java.ext.dirs" value="/usr/lib/jvm/java-1.8-openjdk/jre/lib/ext:/usr/java/packages/lib/ext"/>
    <property name="sun.io.unicode.encoding" value="UnicodeLittle"/>
    <property name="java.class.version" value="52.0"/>
  </properties>
  <testcase name="testWatchForCommitWithKeyWrite" classname="org.apache.hadoop.ozone.client.rpc.TestWatchForCommit" time="63.611"/>
  <testcase name="testWatchForCommitWithSmallerTimeoutValue" classname="org.apache.hadoop.ozone.client.rpc.TestWatchForCommit" time="42.495"/>
  <testcase name="testWatchForCommitForRetryfailure" classname="org.apache.hadoop.ozone.client.rpc.TestWatchForCommit" time="72.879"/>
  <testcase name="testWatchForCommitForGroupMismatchException" classname="org.apache.hadoop.ozone.client.rpc.TestWatchForCommit" time="32.432"/>
  <testcase name="test2WayCommitForTimeoutException" classname="org.apache.hadoop.ozone.client.rpc.TestWatchForCommit" time="36.534">
    <error message="org.apache.ratis.protocol.RaftRetryFailureException: Failed RaftClientRequest:client-6B253097C5BC-&gt;7cdb1fc2-8df0-45e9-af1c-ad61a9693d73@group-A42A2B0F365A, cid=104, seq=2*, RW, cmdType: CloseContainer&#10;traceID: &quot;7c4f2054c6330ef4:7c4f2054c6330ef4:0:0&quot;&#10;containerID: 1&#10;datanodeUuid: &quot;3d593385-3284-4335-8113-eed84e610307&quot;&#10;closeContainer {&#10;}&#10;, data.size=0 for 20 attempts with RetryLimited(maxAttempts=20, sleepTime=1000ms)" type="java.util.concurrent.ExecutionException">java.util.concurrent.ExecutionException: 
org.apache.ratis.protocol.RaftRetryFailureException: Failed RaftClientRequest:client-6B253097C5BC->7cdb1fc2-8df0-45e9-af1c-ad61a9693d73@group-A42A2B0F365A, cid=104, seq=2*, RW, cmdType: CloseContainer
traceID: "7c4f2054c6330ef4:7c4f2054c6330ef4:0:0"
containerID: 1
datanodeUuid: "3d593385-3284-4335-8113-eed84e610307"
closeContainer {
}
, data.size=0 for 20 attempts with RetryLimited(maxAttempts=20, sleepTime=1000ms)
	at java.util.concurrent.CompletableFuture.reportGet(CompletableFuture.java:357)
	at java.util.concurrent.CompletableFuture.get(CompletableFuture.java:1895)
	at org.apache.hadoop.ozone.client.rpc.TestWatchForCommit.test2WayCommitForTimeoutException(TestWatchForCommit.java:390)
	at sun.reflect.NativeMethodAccessorImpl.invoke0(Native Method)
	at sun.reflect.NativeMethodAccessorImpl.invoke(NativeMethodAccessorImpl.java:62)
	at sun.reflect.DelegatingMethodAccessorImpl.invoke(DelegatingMethodAccessorImpl.java:43)
	at java.lang.reflect.Method.invoke(Method.java:498)
	at org.junit.runners.model.FrameworkMethod$1.runReflectiveCall(FrameworkMethod.java:47)
	at org.junit.internal.runners.model.ReflectiveCallable.run(ReflectiveCallable.java:12)
	at org.junit.runners.model.FrameworkMethod.invokeExplosively(FrameworkMethod.java:44)
	at org.junit.internal.runners.statements.InvokeMethod.evaluate(InvokeMethod.java:17)
	at org.junit.runners.ParentRunner.runLeaf(ParentRunner.java:271)
	at org.junit.runners.BlockJUnit4ClassRunner.runChild(BlockJUnit4ClassRunner.java:70)
	at org.junit.runners.BlockJUnit4ClassRunner.runChild(BlockJUnit4ClassRunner.java:50)
	at org.junit.runners.ParentRunner$3.run(ParentRunner.java:238)
	at org.junit.runners.ParentRunner$1.schedule(ParentRunner.java:63)
	at org.junit.runners.ParentRunner.runChildren(ParentRunner.java:236)
	at org.junit.runners.ParentRunner.access$000(ParentRunner.java:53)
	at org.junit.runners.ParentRunner$2.evaluate(ParentRunner.java:229)
	at org.junit.runners.ParentRunner.run(ParentRunner.java:309)
	at org.apache.maven.surefire.junit4.JUnit4Provider.execute(JUnit4Provider.java:365)
	at org.apache.maven.surefire.junit4.JUnit4Provider.executeWithRerun(JUnit4Provider.java:273)
	at org.apache.maven.surefire.junit4.JUnit4Provider.executeTestSet(JUnit4Provider.java:238)
	at org.apache.maven.surefire.junit4.JUnit4Provider.invoke(JUnit4Provider.java:159)
	at org.apache.maven.surefire.booter.ForkedBooter.invokeProviderInSameClassLoader(ForkedBooter.java:384)
	at org.apache.maven.surefire.booter.ForkedBooter.runSuitesInProcess(ForkedBooter.java:345)
	at org.apache.maven.surefire.booter.ForkedBooter.execute(ForkedBooter.java:126)
	at org.apache.maven.surefire.booter.ForkedBooter.main(ForkedBooter.java:418)
Caused by: org.apache.ratis.protocol.RaftRetryFailureException: Failed RaftClientRequest:client-6B253097C5BC->7cdb1fc2-8df0-45e9-af1c-ad61a9693d73@group-A42A2B0F365A, cid=104, seq=2*, RW, cmdType: CloseContainer
traceID: "7c4f2054c6330ef4:7c4f2054c6330ef4:0:0"
containerID: 1
datanodeUuid: "3d593385-3284-4335-8113-eed84e610307"
closeContainer {
}
, data.size=0 for 20 attempts with RetryLimited(maxAttempts=20, sleepTime=1000ms)
	at org.apache.ratis.client.impl.RaftClientImpl.noMoreRetries(RaftClientImpl.java:271)
	at org.apache.ratis.client.impl.OrderedAsync.handleAsyncRetryFailure(OrderedAsync.java:138)
	at org.apache.ratis.client.impl.OrderedAsync.lambda$sendRequest$10(OrderedAsync.java:230)
	at java.util.concurrent.CompletableFuture.uniExceptionally(CompletableFuture.java:870)
	at java.util.concurrent.CompletableFuture$UniExceptionally.tryFire(CompletableFuture.java:852)
	at java.util.concurrent.CompletableFuture.postComplete(CompletableFuture.java:474)
	at java.util.concurrent.CompletableFuture.completeExceptionally(CompletableFuture.java:1977)
	at org.apache.ratis.grpc.client.GrpcClientProtocolClient$AsyncStreamObservers.completeReplyExceptionally(GrpcClientProtocolClient.java:345)
	at org.apache.ratis.grpc.client.GrpcClientProtocolClient$AsyncStreamObservers.access$000(GrpcClientProtocolClient.java:261)
	at org.apache.ratis.grpc.client.GrpcClientProtocolClient$AsyncStreamObservers$1.onNext(GrpcClientProtocolClient.java:273)
	at org.apache.ratis.grpc.client.GrpcClientProtocolClient$AsyncStreamObservers$1.onNext(GrpcClientProtocolClient.java:264)
	at org.apache.ratis.thirdparty.io.grpc.stub.ClientCalls$StreamObserverToCallListenerAdapter.onMessage(ClientCalls.java:421)
	at org.apache.ratis.thirdparty.io.grpc.ForwardingClientCallListener.onMessage(ForwardingClientCallListener.java:33)
	at org.apache.ratis.thirdparty.io.grpc.ForwardingClientCallListener.onMessage(ForwardingClientCallListener.java:33)
	at org.apache.ratis.thirdparty.io.grpc.internal.ClientCallImpl$ClientStreamListenerImpl$1MessagesAvailable.runInContext(ClientCallImpl.java:519)
	at org.apache.ratis.thirdparty.io.grpc.internal.ContextRunnable.run(ContextRunnable.java:37)
	at org.apache.ratis.thirdparty.io.grpc.internal.SerializingExecutor.run(SerializingExecutor.java:123)
	at java.util.concurrent.ThreadPoolExecutor.runWorker(ThreadPoolExecutor.java:1149)
	at java.util.concurrent.ThreadPoolExecutor$Worker.run(ThreadPoolExecutor.java:624)
	at java.lang.Thread.run(Thread.java:748)
Caused by: org.apache.ratis.protocol.NotLeaderException: Server 7cdb1fc2-8df0-45e9-af1c-ad61a9693d73@group-A42A2B0F365A is not the leader
	at org.apache.ratis.client.impl.ClientProtoUtils.toRaftClientReply(ClientProtoUtils.java:243)
	at org.apache.ratis.grpc.client.GrpcClientProtocolClient$AsyncStreamObservers$1.onNext(GrpcClientProtocolClient.java:269)
	... 10 more
</error>
    <system-out><![CDATA[2019-10-12 05:57:28,529 [main] WARN  server.ServerUtils (ServerUtils.java:getScmDbDir(145)) - ozone.scm.db.dirs is not configured. We recommend adding this setting. Falling back to ozone.metadata.dirs instead.
2019-10-12 05:57:28,557 [main] WARN  server.ServerUtils (ServerUtils.java:getScmDbDir(145)) - ozone.scm.db.dirs is not configured. We recommend adding this setting. Falling back to ozone.metadata.dirs instead.
2019-10-12 05:57:28,558 [main] WARN  server.ServerUtils (ServerUtils.java:getScmDbDir(145)) - ozone.scm.db.dirs is not configured. We recommend adding this setting. Falling back to ozone.metadata.dirs instead.
2019-10-12 05:57:28,559 [main] INFO  db.DBStoreBuilder (DBStoreBuilder.java:addTable(117)) - using custom profile for table: deletedBlocks
2019-10-12 05:57:28,559 [main] INFO  db.DBStoreBuilder (DBStoreBuilder.java:processTables(168)) - Using default column profile:DBProfile.DISK for Table:deletedBlocks
2019-10-12 05:57:28,559 [main] INFO  db.DBStoreBuilder (DBStoreBuilder.java:addTable(117)) - using custom profile for table: validCerts
2019-10-12 05:57:28,559 [main] INFO  db.DBStoreBuilder (DBStoreBuilder.java:processTables(168)) - Using default column profile:DBProfile.DISK for Table:validCerts
2019-10-12 05:57:28,560 [main] INFO  db.DBStoreBuilder (DBStoreBuilder.java:addTable(117)) - using custom profile for table: revokedCerts
2019-10-12 05:57:28,560 [main] INFO  db.DBStoreBuilder (DBStoreBuilder.java:processTables(168)) - Using default column profile:DBProfile.DISK for Table:revokedCerts
2019-10-12 05:57:28,560 [main] INFO  db.DBStoreBuilder (DBStoreBuilder.java:addTable(117)) - using custom profile for table: default
2019-10-12 05:57:28,560 [main] INFO  db.DBStoreBuilder (DBStoreBuilder.java:processTables(174)) - Using default column profile:DBProfile.DISK for Table:default
2019-10-12 05:57:28,560 [main] INFO  db.DBStoreBuilder (DBStoreBuilder.java:getDbProfile(205)) - Using default options. DBProfile.DISK
2019-10-12 05:57:28,674 [main] INFO  net.NodeSchemaLoader (NodeSchemaLoader.java:loadSchemaFromFile(125)) - Loading file from sun.misc.CompoundEnumeration@4ae2e781
2019-10-12 05:57:28,674 [main] INFO  net.NodeSchemaLoader (NodeSchemaLoader.java:loadSchema(171)) - Loading network topology layer schema file
2019-10-12 05:57:28,678 [main] WARN  server.ServerUtils (ServerUtils.java:sanitizeUserArgs(70)) - ozone.scm.stale.node.interval value = 300000 is larger than max = 100000 based on the key value of ozone.scm.heartbeat.thread.interval, reset to the max value 100000.
2019-10-12 05:57:28,678 [main] WARN  server.ServerUtils (ServerUtils.java:sanitizeUserArgs(70)) - ozone.scm.stale.node.interval value = 300000 is larger than max = 100000 based on the key value of ozone.scm.heartbeat.thread.interval, reset to the max value 100000.
2019-10-12 05:57:28,679 [main] INFO  node.SCMNodeManager (SCMNodeManager.java:<init>(116)) - Entering startup safe mode.
2019-10-12 05:57:28,679 [main] INFO  algorithms.ContainerPlacementPolicyFactory (ContainerPlacementPolicyFactory.java:getPolicy(57)) - Create container placement policy of type org.apache.hadoop.hdds.scm.container.placement.algorithms.SCMContainerPlacementRandom
2019-10-12 05:57:28,680 [main] WARN  server.ServerUtils (ServerUtils.java:getScmDbDir(145)) - ozone.scm.db.dirs is not configured. We recommend adding this setting. Falling back to ozone.metadata.dirs instead.
2019-10-12 05:57:28,698 [main] INFO  pipeline.SCMPipelineManager (SCMPipelineManager.java:initializePipelineState(132)) - No pipeline exists in current db
2019-10-12 05:57:28,698 [main] WARN  server.ServerUtils (ServerUtils.java:getScmDbDir(145)) - ozone.scm.db.dirs is not configured. We recommend adding this setting. Falling back to ozone.metadata.dirs instead.
2019-10-12 05:57:28,718 [main] WARN  events.EventQueue (EventQueue.java:fireEvent(183)) - No event handler registered for event TypedEvent{payloadType=SafeModeStatus, name='SafeModeStatus'}
2019-10-12 05:57:28,719 [main] INFO  ipc.CallQueueManager (CallQueueManager.java:<init>(84)) - Using callQueue: class java.util.concurrent.LinkedBlockingQueue, queueCapacity: 2000, scheduler: class org.apache.hadoop.ipc.DefaultRpcScheduler, ipcBackoff: false.
2019-10-12 05:57:28,720 [Socket Reader #1 for port 38395] INFO  ipc.Server (Server.java:run(1074)) - Starting Socket Reader #1 for port 38395
2019-10-12 05:57:28,723 [main] INFO  ipc.CallQueueManager (CallQueueManager.java:<init>(84)) - Using callQueue: class java.util.concurrent.LinkedBlockingQueue, queueCapacity: 2000, scheduler: class org.apache.hadoop.ipc.DefaultRpcScheduler, ipcBackoff: false.
2019-10-12 05:57:28,724 [Socket Reader #1 for port 38874] INFO  ipc.Server (Server.java:run(1074)) - Starting Socket Reader #1 for port 38874
2019-10-12 05:57:28,727 [main] INFO  ipc.CallQueueManager (CallQueueManager.java:<init>(84)) - Using callQueue: class java.util.concurrent.LinkedBlockingQueue, queueCapacity: 2000, scheduler: class org.apache.hadoop.ipc.DefaultRpcScheduler, ipcBackoff: false.
2019-10-12 05:57:28,728 [Socket Reader #1 for port 44695] INFO  ipc.Server (Server.java:run(1074)) - Starting Socket Reader #1 for port 44695
2019-10-12 05:57:28,731 [main] INFO  hdfs.DFSUtil (DFSUtil.java:httpServerTemplateForNNAndJN(1641)) - Starting Web-server for scm at: http://0.0.0.0:0
2019-10-12 05:57:28,733 [main] INFO  server.AuthenticationFilter (AuthenticationFilter.java:constructSecretProvider(240)) - Unable to initialize FileSignerSecretProvider, falling back to use random secrets.
2019-10-12 05:57:28,734 [main] WARN  http.HttpRequestLog (HttpRequestLog.java:getRequestLog(97)) - Jetty request log can only be enabled using Log4j
2019-10-12 05:57:28,737 [main] INFO  http.HttpServer2 (HttpServer2.java:addGlobalFilter(975)) - Added global filter 'safety' (class=org.apache.hadoop.http.HttpServer2$QuotingInputFilter)
2019-10-12 05:57:28,737 [main] INFO  http.HttpServer2 (HttpServer2.java:addFilter(948)) - Added filter static_user_filter (class=org.apache.hadoop.http.lib.StaticUserWebFilter$StaticUserFilter) to context scm
2019-10-12 05:57:28,737 [main] INFO  http.HttpServer2 (HttpServer2.java:addFilter(958)) - Added filter static_user_filter (class=org.apache.hadoop.http.lib.StaticUserWebFilter$StaticUserFilter) to context static
2019-10-12 05:57:28,738 [main] INFO  http.HttpServer2 (HttpServer2.java:addFilter(958)) - Added filter static_user_filter (class=org.apache.hadoop.http.lib.StaticUserWebFilter$StaticUserFilter) to context logs
2019-10-12 05:57:28,740 [main] INFO  server.StorageContainerManager (StorageContainerManager.java:start(772)) - StorageContainerLocationProtocol RPC server is listening at /0.0.0.0:44695
2019-10-12 05:57:28,742 [main] WARN  impl.MetricsConfig (MetricsConfig.java:loadFirst(134)) - Cannot locate configuration: tried hadoop-metrics2-storagecontainermanager.properties,hadoop-metrics2.properties
2019-10-12 05:57:28,743 [main] INFO  impl.MetricsSystemImpl (MetricsSystemImpl.java:startTimer(374)) - Scheduled Metric snapshot period at 10 second(s).
2019-10-12 05:57:28,743 [main] INFO  impl.MetricsSystemImpl (MetricsSystemImpl.java:start(191)) - StorageContainerManager metrics system started
2019-10-12 05:57:28,818 [main] WARN  impl.MetricsSystemImpl (MetricsSystemImpl.java:register(276)) - Sink prometheus already exists!
2019-10-12 05:57:28,929 [main] INFO  server.SCMClientProtocolServer (SCMClientProtocolServer.java:start(159)) - RPC server for Client  is listening at /0.0.0.0:44695
2019-10-12 05:57:28,930 [IPC Server Responder] INFO  ipc.Server (Server.java:run(1314)) - IPC Server Responder: starting
2019-10-12 05:57:28,930 [IPC Server listener on 44695] INFO  ipc.Server (Server.java:run(1153)) - IPC Server listener on 44695: starting
2019-10-12 05:57:28,935 [main] INFO  server.StorageContainerManager (StorageContainerManager.java:start(782)) - ScmBlockLocationProtocol RPC server is listening at /0.0.0.0:38874
2019-10-12 05:57:28,935 [main] INFO  server.SCMBlockProtocolServer (SCMBlockProtocolServer.java:start(146)) - RPC server for Block Protocol is listening at /0.0.0.0:38874
2019-10-12 05:57:28,936 [IPC Server Responder] INFO  ipc.Server (Server.java:run(1314)) - IPC Server Responder: starting
2019-10-12 05:57:28,936 [IPC Server listener on 38874] INFO  ipc.Server (Server.java:run(1153)) - IPC Server listener on 38874: starting
2019-10-12 05:57:28,941 [main] INFO  server.StorageContainerManager (StorageContainerManager.java:start(786)) - ScmDatanodeProtocl RPC server is listening at /0.0.0.0:38395
2019-10-12 05:57:28,941 [main] INFO  server.SCMDatanodeProtocolServer (SCMDatanodeProtocolServer.java:start(169)) - RPC server for DataNodes is listening at /0.0.0.0:38395
2019-10-12 05:57:28,942 [IPC Server Responder] INFO  ipc.Server (Server.java:run(1314)) - IPC Server Responder: starting
2019-10-12 05:57:28,942 [IPC Server listener on 38395] INFO  ipc.Server (Server.java:run(1153)) - IPC Server listener on 38395: starting
2019-10-12 05:57:28,945 [main] INFO  http.HttpServer2 (HttpServer2.java:bindListener(1191)) - Jetty bound to port 35884
2019-10-12 05:57:28,946 [main] INFO  server.Server (Server.java:doStart(351)) - jetty-9.3.25.v20180904, build timestamp: 2018-09-04T21:11:46Z, git hash: 3ce520221d0240229c862b122d2b06c12a625732
2019-10-12 05:57:28,948 [main] INFO  handler.ContextHandler (ContextHandler.java:doStart(781)) - Started o.e.j.s.ServletContextHandler@13cc0b90{/logs,file:///workdir/hadoop-ozone/integration-test/target/log,AVAILABLE}
2019-10-12 05:57:28,948 [main] INFO  handler.ContextHandler (ContextHandler.java:doStart(781)) - Started o.e.j.s.ServletContextHandler@3554bdc0{/static,file:///workdir/hadoop-ozone/integration-test/target/test-classes/webapps/static,AVAILABLE}
2019-10-12 05:57:28,952 [main] INFO  handler.ContextHandler (ContextHandler.java:doStart(781)) - Started o.e.j.w.WebAppContext@250d440{/,file:///workdir/hadoop-ozone/integration-test/target/test-classes/webapps/scm/,AVAILABLE}{/scm}
2019-10-12 05:57:28,952 [main] INFO  server.AbstractConnector (AbstractConnector.java:doStart(278)) - Started ServerConnector@76c86567{HTTP/1.1,[http/1.1]}{0.0.0.0:35884}
2019-10-12 05:57:28,953 [main] INFO  server.Server (Server.java:doStart(419)) - Started @212323ms
2019-10-12 05:57:28,953 [main] WARN  impl.MetricsSystemImpl (MetricsSystemImpl.java:register(276)) - Sink prometheus already exists!
2019-10-12 05:57:28,954 [main] INFO  server.BaseHttpServer (BaseHttpServer.java:updateConnectorAddress(215)) - HTTP server of SCM is listening at http://0.0.0.0:35884
2019-10-12 05:57:28,956 [main] WARN  server.ServerUtils (ServerUtils.java:getDBPath(222)) - ozone.om.db.dirs is not configured. We recommend adding this setting. Falling back to ozone.metadata.dirs instead.
2019-10-12 05:57:28,956 [org.apache.hadoop.util.JvmPauseMonitor$Monitor@5a4dda2] INFO  util.JvmPauseMonitor (JvmPauseMonitor.java:run(188)) - Starting JVM pause monitor
2019-10-12 05:57:28,978 [main] INFO  ha.OMHANodeDetails (OMHANodeDetails.java:loadOMHAConfig(190)) - Configuration either no ozone.om.address set. Falling back to the default OM address /127.0.0.1:0
2019-10-12 05:57:28,978 [main] INFO  ha.OMHANodeDetails (OMHANodeDetails.java:getOMNodeDetails(220)) - OM Service ID is not set. Setting it to the default ID: omServiceIdDefault
2019-10-12 05:57:28,978 [main] WARN  server.ServerUtils (ServerUtils.java:getDBPath(222)) - ozone.om.db.dirs is not configured. We recommend adding this setting. Falling back to ozone.metadata.dirs instead.
2019-10-12 05:57:28,979 [main] WARN  server.ServerUtils (ServerUtils.java:getDBPath(222)) - ozone.om.db.dirs is not configured. We recommend adding this setting. Falling back to ozone.metadata.dirs instead.
2019-10-12 05:57:28,988 [main] WARN  server.ServerUtils (ServerUtils.java:getDBPath(222)) - ozone.om.db.dirs is not configured. We recommend adding this setting. Falling back to ozone.metadata.dirs instead.
2019-10-12 05:57:28,988 [main] INFO  db.DBStoreBuilder (DBStoreBuilder.java:addTable(117)) - using custom profile for table: userTable
2019-10-12 05:57:28,988 [main] INFO  db.DBStoreBuilder (DBStoreBuilder.java:processTables(168)) - Using default column profile:DBProfile.DISK for Table:userTable
2019-10-12 05:57:28,989 [main] INFO  db.DBStoreBuilder (DBStoreBuilder.java:addTable(117)) - using custom profile for table: volumeTable
2019-10-12 05:57:28,989 [main] INFO  db.DBStoreBuilder (DBStoreBuilder.java:processTables(168)) - Using default column profile:DBProfile.DISK for Table:volumeTable
2019-10-12 05:57:28,989 [main] INFO  db.DBStoreBuilder (DBStoreBuilder.java:addTable(117)) - using custom profile for table: bucketTable
2019-10-12 05:57:28,989 [main] INFO  db.DBStoreBuilder (DBStoreBuilder.java:processTables(168)) - Using default column profile:DBProfile.DISK for Table:bucketTable
2019-10-12 05:57:28,990 [main] INFO  db.DBStoreBuilder (DBStoreBuilder.java:addTable(117)) - using custom profile for table: keyTable
2019-10-12 05:57:28,990 [main] INFO  db.DBStoreBuilder (DBStoreBuilder.java:processTables(168)) - Using default column profile:DBProfile.DISK for Table:keyTable
2019-10-12 05:57:28,990 [main] INFO  db.DBStoreBuilder (DBStoreBuilder.java:addTable(117)) - using custom profile for table: deletedTable
2019-10-12 05:57:28,990 [main] INFO  db.DBStoreBuilder (DBStoreBuilder.java:processTables(168)) - Using default column profile:DBProfile.DISK for Table:deletedTable
2019-10-12 05:57:28,991 [main] INFO  db.DBStoreBuilder (DBStoreBuilder.java:addTable(117)) - using custom profile for table: openKeyTable
2019-10-12 05:57:28,991 [main] INFO  db.DBStoreBuilder (DBStoreBuilder.java:processTables(168)) - Using default column profile:DBProfile.DISK for Table:openKeyTable
2019-10-12 05:57:28,991 [main] INFO  db.DBStoreBuilder (DBStoreBuilder.java:addTable(117)) - using custom profile for table: s3Table
2019-10-12 05:57:28,991 [main] INFO  db.DBStoreBuilder (DBStoreBuilder.java:processTables(168)) - Using default column profile:DBProfile.DISK for Table:s3Table
2019-10-12 05:57:28,992 [main] INFO  db.DBStoreBuilder (DBStoreBuilder.java:addTable(117)) - using custom profile for table: multipartInfoTable
2019-10-12 05:57:28,992 [main] INFO  db.DBStoreBuilder (DBStoreBuilder.java:processTables(168)) - Using default column profile:DBProfile.DISK for Table:multipartInfoTable
2019-10-12 05:57:28,992 [main] INFO  db.DBStoreBuilder (DBStoreBuilder.java:addTable(117)) - using custom profile for table: dTokenTable
2019-10-12 05:57:28,992 [main] INFO  db.DBStoreBuilder (DBStoreBuilder.java:processTables(168)) - Using default column profile:DBProfile.DISK for Table:dTokenTable
2019-10-12 05:57:28,992 [main] INFO  db.DBStoreBuilder (DBStoreBuilder.java:addTable(117)) - using custom profile for table: s3SecretTable
2019-10-12 05:57:28,993 [main] INFO  db.DBStoreBuilder (DBStoreBuilder.java:processTables(168)) - Using default column profile:DBProfile.DISK for Table:s3SecretTable
2019-10-12 05:57:28,993 [main] INFO  db.DBStoreBuilder (DBStoreBuilder.java:addTable(117)) - using custom profile for table: prefixTable
2019-10-12 05:57:28,993 [main] INFO  db.DBStoreBuilder (DBStoreBuilder.java:processTables(168)) - Using default column profile:DBProfile.DISK for Table:prefixTable
2019-10-12 05:57:28,993 [main] INFO  db.DBStoreBuilder (DBStoreBuilder.java:addTable(117)) - using custom profile for table: default
2019-10-12 05:57:28,994 [main] INFO  db.DBStoreBuilder (DBStoreBuilder.java:processTables(174)) - Using default column profile:DBProfile.DISK for Table:default
2019-10-12 05:57:28,994 [main] INFO  db.DBStoreBuilder (DBStoreBuilder.java:getDbProfile(205)) - Using default options. DBProfile.DISK
2019-10-12 05:57:29,438 [main] INFO  ipc.CallQueueManager (CallQueueManager.java:<init>(84)) - Using callQueue: class java.util.concurrent.LinkedBlockingQueue, queueCapacity: 2000, scheduler: class org.apache.hadoop.ipc.DefaultRpcScheduler, ipcBackoff: false.
2019-10-12 05:57:29,439 [Socket Reader #1 for port 42502] INFO  ipc.Server (Server.java:run(1074)) - Starting Socket Reader #1 for port 42502
2019-10-12 05:57:29,460 [main] INFO  om.OzoneManager (OzoneManager.java:start(1071)) - OzoneManager RPC server is listening at localhost/127.0.0.1:42502
2019-10-12 05:57:29,461 [main] INFO  impl.MetricsSystemImpl (MetricsSystemImpl.java:init(158)) - OzoneManager metrics system started (again)
2019-10-12 05:57:29,464 [IPC Server Responder] INFO  ipc.Server (Server.java:run(1314)) - IPC Server Responder: starting
2019-10-12 05:57:29,464 [IPC Server listener on 42502] INFO  ipc.Server (Server.java:run(1153)) - IPC Server listener on 42502: starting
2019-10-12 05:57:29,471 [main] INFO  hdfs.DFSUtil (DFSUtil.java:httpServerTemplateForNNAndJN(1641)) - Starting Web-server for ozoneManager at: http://0.0.0.0:0
2019-10-12 05:57:29,473 [main] INFO  server.AuthenticationFilter (AuthenticationFilter.java:constructSecretProvider(240)) - Unable to initialize FileSignerSecretProvider, falling back to use random secrets.
2019-10-12 05:57:29,474 [main] WARN  http.HttpRequestLog (HttpRequestLog.java:getRequestLog(97)) - Jetty request log can only be enabled using Log4j
2019-10-12 05:57:29,477 [main] INFO  http.HttpServer2 (HttpServer2.java:addGlobalFilter(975)) - Added global filter 'safety' (class=org.apache.hadoop.http.HttpServer2$QuotingInputFilter)
2019-10-12 05:57:29,477 [main] INFO  http.HttpServer2 (HttpServer2.java:addFilter(948)) - Added filter static_user_filter (class=org.apache.hadoop.http.lib.StaticUserWebFilter$StaticUserFilter) to context ozoneManager
2019-10-12 05:57:29,478 [main] INFO  http.HttpServer2 (HttpServer2.java:addFilter(958)) - Added filter static_user_filter (class=org.apache.hadoop.http.lib.StaticUserWebFilter$StaticUserFilter) to context logs
2019-10-12 05:57:29,478 [main] INFO  http.HttpServer2 (HttpServer2.java:addFilter(958)) - Added filter static_user_filter (class=org.apache.hadoop.http.lib.StaticUserWebFilter$StaticUserFilter) to context static
2019-10-12 05:57:29,479 [main] INFO  http.HttpServer2 (HttpServer2.java:bindListener(1191)) - Jetty bound to port 37473
2019-10-12 05:57:29,479 [main] INFO  server.Server (Server.java:doStart(351)) - jetty-9.3.25.v20180904, build timestamp: 2018-09-04T21:11:46Z, git hash: 3ce520221d0240229c862b122d2b06c12a625732
2019-10-12 05:57:29,481 [main] INFO  handler.ContextHandler (ContextHandler.java:doStart(781)) - Started o.e.j.s.ServletContextHandler@6af310c7{/logs,file:///workdir/hadoop-ozone/integration-test/target/log,AVAILABLE}
2019-10-12 05:57:29,482 [main] INFO  handler.ContextHandler (ContextHandler.java:doStart(781)) - Started o.e.j.s.ServletContextHandler@4c38cd16{/static,file:///workdir/hadoop-ozone/integration-test/target/test-classes/webapps/static,AVAILABLE}
2019-10-12 05:57:29,486 [main] INFO  handler.ContextHandler (ContextHandler.java:doStart(781)) - Started o.e.j.w.WebAppContext@3af10d0b{/,file:///workdir/hadoop-ozone/integration-test/target/test-classes/webapps/ozoneManager/,AVAILABLE}{/ozoneManager}
2019-10-12 05:57:29,487 [main] INFO  server.AbstractConnector (AbstractConnector.java:doStart(278)) - Started ServerConnector@6806468e{HTTP/1.1,[http/1.1]}{0.0.0.0:37473}
2019-10-12 05:57:29,488 [main] INFO  server.Server (Server.java:doStart(419)) - Started @212858ms
2019-10-12 05:57:29,489 [main] WARN  impl.MetricsSystemImpl (MetricsSystemImpl.java:register(276)) - Sink prometheus already exists!
2019-10-12 05:57:29,490 [main] INFO  server.BaseHttpServer (BaseHttpServer.java:updateConnectorAddress(215)) - HTTP server of OZONEMANAGER is listening at http://0.0.0.0:37473
2019-10-12 05:57:29,510 [main] INFO  impl.MetricsSystemImpl (MetricsSystemImpl.java:init(158)) - HddsDatanode metrics system started (again)
2019-10-12 05:57:29,515 [main] INFO  ozone.HddsDatanodeService (HddsDatanodeService.java:start(184)) - HddsDatanodeService host:pr-hdds-1737-b78td-2979900912 ip:192.168.5.146
2019-10-12 05:57:29,523 [main] INFO  volume.HddsVolume (HddsVolume.java:<init>(176)) - Creating Volume: /workdir/hadoop-ozone/integration-test/target/test-dir/MiniOzoneClusterImpl-cecd90c6-9ab0-4b6e-ab80-1ea15920844d/datanode-0/data/containers/hdds of  storage type : DISK and capacity : 1482555576320
2019-10-12 05:57:29,523 [main] INFO  volume.VolumeSet (VolumeSet.java:initializeVolumeSet(170)) - Added Volume : /workdir/hadoop-ozone/integration-test/target/test-dir/MiniOzoneClusterImpl-cecd90c6-9ab0-4b6e-ab80-1ea15920844d/datanode-0/data/containers/hdds to VolumeSet
2019-10-12 05:57:29,523 [main] INFO  volume.ThrottledAsyncChecker (ThrottledAsyncChecker.java:schedule(141)) - Scheduling a check for org.apache.hadoop.ozone.container.common.volume.HddsVolume@1eca3ea7
2019-10-12 05:57:29,526 [main] INFO  volume.HddsVolumeChecker (HddsVolumeChecker.java:checkAllVolumes(204)) - Scheduled health check for volume org.apache.hadoop.ozone.container.common.volume.HddsVolume@1eca3ea7
2019-10-12 05:57:29,542 [main] INFO  impl.RaftServerProxy (ConfUtils.java:logGet(43)) - raft.rpc.type = GRPC (default)
2019-10-12 05:57:29,543 [main] INFO  grpc.GrpcFactory (GrpcFactory.java:checkPooledByteBufAllocatorUseCacheForAllThreads(45)) - PERFORMANCE WARNING: useCacheForAllThreads is true that may cause Netty to create a lot garbage objects and, as a result, trigger GC.
	It is recommended to disable useCacheForAllThreads by setting -Dorg.apache.ratis.thirdparty.io.netty.allocator.useCacheForAllThreads=false in command line.
2019-10-12 05:57:29,543 [main] INFO  grpc.GrpcConfigKeys$Server (ConfUtils.java:logGet(43)) - raft.grpc.server.port = 0 (default)
2019-10-12 05:57:29,543 [main] INFO  server.GrpcService (ConfUtils.java:logGet(43)) - raft.grpc.message.size.max = 33570816 (custom)
2019-10-12 05:57:29,543 [main] INFO  server.RaftServerConfigKeys (ConfUtils.java:logGet(43)) - raft.server.log.appender.buffer.byte-limit = 33554432 (custom)
2019-10-12 05:57:29,544 [main] INFO  server.GrpcService (ConfUtils.java:logGet(43)) - raft.grpc.flow.control.window = 1MB (=1048576) (default)
2019-10-12 05:57:29,544 [main] INFO  server.RaftServerConfigKeys (ConfUtils.java:logGet(43)) - raft.server.rpc.request.timeout = 3000ms (default)
2019-10-12 05:57:29,545 [main] INFO  server.RaftServerConfigKeys (ConfUtils.java:logGet(43)) - raft.server.storage.dir = [/workdir/hadoop-ozone/integration-test/target/test-dir/MiniOzoneClusterImpl-cecd90c6-9ab0-4b6e-ab80-1ea15920844d/datanode-0/data/ratis] (custom)
2019-10-12 05:57:29,546 [main] INFO  hdfs.DFSUtil (DFSUtil.java:httpServerTemplateForNNAndJN(1641)) - Starting Web-server for hddsDatanode at: http://0.0.0.0:0
2019-10-12 05:57:29,548 [main] INFO  server.AuthenticationFilter (AuthenticationFilter.java:constructSecretProvider(240)) - Unable to initialize FileSignerSecretProvider, falling back to use random secrets.
2019-10-12 05:57:29,548 [main] WARN  http.HttpRequestLog (HttpRequestLog.java:getRequestLog(97)) - Jetty request log can only be enabled using Log4j
2019-10-12 05:57:29,550 [main] INFO  http.HttpServer2 (HttpServer2.java:addGlobalFilter(975)) - Added global filter 'safety' (class=org.apache.hadoop.http.HttpServer2$QuotingInputFilter)
2019-10-12 05:57:29,550 [main] INFO  http.HttpServer2 (HttpServer2.java:addFilter(948)) - Added filter static_user_filter (class=org.apache.hadoop.http.lib.StaticUserWebFilter$StaticUserFilter) to context hddsDatanode
2019-10-12 05:57:29,551 [main] INFO  http.HttpServer2 (HttpServer2.java:addFilter(958)) - Added filter static_user_filter (class=org.apache.hadoop.http.lib.StaticUserWebFilter$StaticUserFilter) to context static
2019-10-12 05:57:29,551 [main] INFO  http.HttpServer2 (HttpServer2.java:addFilter(958)) - Added filter static_user_filter (class=org.apache.hadoop.http.lib.StaticUserWebFilter$StaticUserFilter) to context logs
2019-10-12 05:57:29,551 [main] INFO  http.HttpServer2 (HttpServer2.java:bindListener(1191)) - Jetty bound to port 34751
2019-10-12 05:57:29,552 [main] INFO  server.Server (Server.java:doStart(351)) - jetty-9.3.25.v20180904, build timestamp: 2018-09-04T21:11:46Z, git hash: 3ce520221d0240229c862b122d2b06c12a625732
2019-10-12 05:57:29,553 [main] INFO  handler.ContextHandler (ContextHandler.java:doStart(781)) - Started o.e.j.s.ServletContextHandler@1a2ac487{/logs,file:///workdir/hadoop-ozone/integration-test/target/log,AVAILABLE}
2019-10-12 05:57:29,554 [main] INFO  handler.ContextHandler (ContextHandler.java:doStart(781)) - Started o.e.j.s.ServletContextHandler@36224f93{/static,jar:file:/home/user/.m2/repository/org/apache/hadoop/hadoop-hdds-container-service/0.5.0-SNAPSHOT/hadoop-hdds-container-service-0.5.0-SNAPSHOT.jar!/webapps/static,AVAILABLE}
2019-10-12 05:57:29,587 [main] INFO  handler.ContextHandler (ContextHandler.java:doStart(781)) - Started o.e.j.w.WebAppContext@3c54ddec{/,file:///tmp/jetty-0.0.0.0-34751-hddsDatanode-_-any-4230005041855183823.dir/webapp/,AVAILABLE}{/hddsDatanode}
2019-10-12 05:57:29,587 [main] INFO  server.AbstractConnector (AbstractConnector.java:doStart(278)) - Started ServerConnector@6d69a0d3{HTTP/1.1,[http/1.1]}{0.0.0.0:34751}
2019-10-12 05:57:29,588 [main] INFO  server.Server (Server.java:doStart(419)) - Started @212958ms
2019-10-12 05:57:29,589 [main] WARN  impl.MetricsSystemImpl (MetricsSystemImpl.java:register(276)) - Sink prometheus already exists!
2019-10-12 05:57:29,589 [main] INFO  server.BaseHttpServer (BaseHttpServer.java:updateConnectorAddress(215)) - HTTP server of HDDSDATANODE is listening at http://0.0.0.0:34751
2019-10-12 05:57:29,590 [main] INFO  impl.MetricsSystemImpl (MetricsSystemImpl.java:init(158)) - HddsDatanode metrics system started (again)
2019-10-12 05:57:29,594 [org.apache.hadoop.util.JvmPauseMonitor$Monitor@79a596e1] INFO  util.JvmPauseMonitor (JvmPauseMonitor.java:run(188)) - Starting JVM pause monitor
2019-10-12 05:57:29,594 [main] INFO  ozone.HddsDatanodeService (HddsDatanodeService.java:start(184)) - HddsDatanodeService host:pr-hdds-1737-b78td-2979900912 ip:192.168.5.146
2019-10-12 05:57:29,596 [Datanode State Machine Thread - 0] INFO  datanode.InitDatanodeState (InitDatanodeState.java:persistContainerDatanodeDetails(140)) - DatanodeDetails is persisted to /workdir/hadoop-ozone/integration-test/target/test-dir/MiniOzoneClusterImpl-cecd90c6-9ab0-4b6e-ab80-1ea15920844d/datanode-0/meta/datanode.id
2019-10-12 05:57:29,601 [main] INFO  volume.HddsVolume (HddsVolume.java:<init>(176)) - Creating Volume: /workdir/hadoop-ozone/integration-test/target/test-dir/MiniOzoneClusterImpl-cecd90c6-9ab0-4b6e-ab80-1ea15920844d/datanode-1/data/containers/hdds of  storage type : DISK and capacity : 1482555576320
2019-10-12 05:57:29,602 [main] INFO  volume.VolumeSet (VolumeSet.java:initializeVolumeSet(170)) - Added Volume : /workdir/hadoop-ozone/integration-test/target/test-dir/MiniOzoneClusterImpl-cecd90c6-9ab0-4b6e-ab80-1ea15920844d/datanode-1/data/containers/hdds to VolumeSet
2019-10-12 05:57:29,602 [main] INFO  volume.ThrottledAsyncChecker (ThrottledAsyncChecker.java:schedule(141)) - Scheduling a check for org.apache.hadoop.ozone.container.common.volume.HddsVolume@7c70aae1
2019-10-12 05:57:29,602 [main] INFO  volume.HddsVolumeChecker (HddsVolumeChecker.java:checkAllVolumes(204)) - Scheduled health check for volume org.apache.hadoop.ozone.container.common.volume.HddsVolume@7c70aae1
2019-10-12 05:57:29,617 [main] INFO  impl.RaftServerProxy (ConfUtils.java:logGet(43)) - raft.rpc.type = GRPC (default)
2019-10-12 05:57:29,618 [main] INFO  grpc.GrpcFactory (GrpcFactory.java:checkPooledByteBufAllocatorUseCacheForAllThreads(45)) - PERFORMANCE WARNING: useCacheForAllThreads is true that may cause Netty to create a lot garbage objects and, as a result, trigger GC.
	It is recommended to disable useCacheForAllThreads by setting -Dorg.apache.ratis.thirdparty.io.netty.allocator.useCacheForAllThreads=false in command line.
2019-10-12 05:57:29,618 [main] INFO  grpc.GrpcConfigKeys$Server (ConfUtils.java:logGet(43)) - raft.grpc.server.port = 0 (default)
2019-10-12 05:57:29,618 [main] INFO  server.GrpcService (ConfUtils.java:logGet(43)) - raft.grpc.message.size.max = 33570816 (custom)
2019-10-12 05:57:29,618 [main] INFO  server.RaftServerConfigKeys (ConfUtils.java:logGet(43)) - raft.server.log.appender.buffer.byte-limit = 33554432 (custom)
2019-10-12 05:57:29,618 [main] INFO  server.GrpcService (ConfUtils.java:logGet(43)) - raft.grpc.flow.control.window = 1MB (=1048576) (default)
2019-10-12 05:57:29,618 [main] INFO  server.RaftServerConfigKeys (ConfUtils.java:logGet(43)) - raft.server.rpc.request.timeout = 3000ms (default)
2019-10-12 05:57:29,619 [main] INFO  server.RaftServerConfigKeys (ConfUtils.java:logGet(43)) - raft.server.storage.dir = [/workdir/hadoop-ozone/integration-test/target/test-dir/MiniOzoneClusterImpl-cecd90c6-9ab0-4b6e-ab80-1ea15920844d/datanode-1/data/ratis] (custom)
2019-10-12 05:57:29,620 [main] INFO  hdfs.DFSUtil (DFSUtil.java:httpServerTemplateForNNAndJN(1641)) - Starting Web-server for hddsDatanode at: http://0.0.0.0:0
2019-10-12 05:57:29,621 [main] INFO  server.AuthenticationFilter (AuthenticationFilter.java:constructSecretProvider(240)) - Unable to initialize FileSignerSecretProvider, falling back to use random secrets.
2019-10-12 05:57:29,621 [main] WARN  http.HttpRequestLog (HttpRequestLog.java:getRequestLog(97)) - Jetty request log can only be enabled using Log4j
2019-10-12 05:57:29,623 [main] INFO  http.HttpServer2 (HttpServer2.java:addGlobalFilter(975)) - Added global filter 'safety' (class=org.apache.hadoop.http.HttpServer2$QuotingInputFilter)
2019-10-12 05:57:29,623 [main] INFO  http.HttpServer2 (HttpServer2.java:addFilter(948)) - Added filter static_user_filter (class=org.apache.hadoop.http.lib.StaticUserWebFilter$StaticUserFilter) to context hddsDatanode
2019-10-12 05:57:29,623 [main] INFO  http.HttpServer2 (HttpServer2.java:addFilter(958)) - Added filter static_user_filter (class=org.apache.hadoop.http.lib.StaticUserWebFilter$StaticUserFilter) to context logs
2019-10-12 05:57:29,623 [main] INFO  http.HttpServer2 (HttpServer2.java:addFilter(958)) - Added filter static_user_filter (class=org.apache.hadoop.http.lib.StaticUserWebFilter$StaticUserFilter) to context static
2019-10-12 05:57:29,624 [main] INFO  http.HttpServer2 (HttpServer2.java:bindListener(1191)) - Jetty bound to port 42898
2019-10-12 05:57:29,624 [main] INFO  server.Server (Server.java:doStart(351)) - jetty-9.3.25.v20180904, build timestamp: 2018-09-04T21:11:46Z, git hash: 3ce520221d0240229c862b122d2b06c12a625732
2019-10-12 05:57:29,625 [main] INFO  handler.ContextHandler (ContextHandler.java:doStart(781)) - Started o.e.j.s.ServletContextHandler@4c18516{/logs,file:///workdir/hadoop-ozone/integration-test/target/log,AVAILABLE}
2019-10-12 05:57:29,626 [main] INFO  handler.ContextHandler (ContextHandler.java:doStart(781)) - Started o.e.j.s.ServletContextHandler@3d104c9b{/static,jar:file:/home/user/.m2/repository/org/apache/hadoop/hadoop-hdds-container-service/0.5.0-SNAPSHOT/hadoop-hdds-container-service-0.5.0-SNAPSHOT.jar!/webapps/static,AVAILABLE}
2019-10-12 05:57:29,653 [main] INFO  handler.ContextHandler (ContextHandler.java:doStart(781)) - Started o.e.j.w.WebAppContext@7aa01bd9{/,file:///tmp/jetty-0.0.0.0-42898-hddsDatanode-_-any-8710375748552443387.dir/webapp/,AVAILABLE}{/hddsDatanode}
2019-10-12 05:57:29,653 [main] INFO  server.AbstractConnector (AbstractConnector.java:doStart(278)) - Started ServerConnector@7e61e25c{HTTP/1.1,[http/1.1]}{0.0.0.0:42898}
2019-10-12 05:57:29,654 [main] INFO  server.Server (Server.java:doStart(419)) - Started @213023ms
2019-10-12 05:57:29,655 [main] WARN  impl.MetricsSystemImpl (MetricsSystemImpl.java:register(276)) - Sink prometheus already exists!
2019-10-12 05:57:29,656 [main] INFO  server.BaseHttpServer (BaseHttpServer.java:updateConnectorAddress(215)) - HTTP server of HDDSDATANODE is listening at http://0.0.0.0:42898
2019-10-12 05:57:29,656 [main] INFO  impl.MetricsSystemImpl (MetricsSystemImpl.java:init(158)) - HddsDatanode metrics system started (again)
2019-10-12 05:57:29,660 [org.apache.hadoop.util.JvmPauseMonitor$Monitor@5d9e0829] INFO  util.JvmPauseMonitor (JvmPauseMonitor.java:run(188)) - Starting JVM pause monitor
2019-10-12 05:57:29,661 [main] INFO  ozone.HddsDatanodeService (HddsDatanodeService.java:start(184)) - HddsDatanodeService host:pr-hdds-1737-b78td-2979900912 ip:192.168.5.146
2019-10-12 05:57:29,662 [Datanode State Machine Thread - 0] INFO  datanode.InitDatanodeState (InitDatanodeState.java:persistContainerDatanodeDetails(140)) - DatanodeDetails is persisted to /workdir/hadoop-ozone/integration-test/target/test-dir/MiniOzoneClusterImpl-cecd90c6-9ab0-4b6e-ab80-1ea15920844d/datanode-1/meta/datanode.id
2019-10-12 05:57:29,667 [main] INFO  volume.HddsVolume (HddsVolume.java:<init>(176)) - Creating Volume: /workdir/hadoop-ozone/integration-test/target/test-dir/MiniOzoneClusterImpl-cecd90c6-9ab0-4b6e-ab80-1ea15920844d/datanode-2/data/containers/hdds of  storage type : DISK and capacity : 1482555576320
2019-10-12 05:57:29,668 [main] INFO  volume.VolumeSet (VolumeSet.java:initializeVolumeSet(170)) - Added Volume : /workdir/hadoop-ozone/integration-test/target/test-dir/MiniOzoneClusterImpl-cecd90c6-9ab0-4b6e-ab80-1ea15920844d/datanode-2/data/containers/hdds to VolumeSet
2019-10-12 05:57:29,668 [main] INFO  volume.ThrottledAsyncChecker (ThrottledAsyncChecker.java:schedule(141)) - Scheduling a check for org.apache.hadoop.ozone.container.common.volume.HddsVolume@6c951ada
2019-10-12 05:57:29,668 [main] INFO  volume.HddsVolumeChecker (HddsVolumeChecker.java:checkAllVolumes(204)) - Scheduled health check for volume org.apache.hadoop.ozone.container.common.volume.HddsVolume@6c951ada
2019-10-12 05:57:29,684 [main] INFO  impl.RaftServerProxy (ConfUtils.java:logGet(43)) - raft.rpc.type = GRPC (default)
2019-10-12 05:57:29,684 [main] INFO  grpc.GrpcFactory (GrpcFactory.java:checkPooledByteBufAllocatorUseCacheForAllThreads(45)) - PERFORMANCE WARNING: useCacheForAllThreads is true that may cause Netty to create a lot garbage objects and, as a result, trigger GC.
	It is recommended to disable useCacheForAllThreads by setting -Dorg.apache.ratis.thirdparty.io.netty.allocator.useCacheForAllThreads=false in command line.
2019-10-12 05:57:29,684 [main] INFO  grpc.GrpcConfigKeys$Server (ConfUtils.java:logGet(43)) - raft.grpc.server.port = 0 (default)
2019-10-12 05:57:29,684 [main] INFO  server.GrpcService (ConfUtils.java:logGet(43)) - raft.grpc.message.size.max = 33570816 (custom)
2019-10-12 05:57:29,684 [main] INFO  server.RaftServerConfigKeys (ConfUtils.java:logGet(43)) - raft.server.log.appender.buffer.byte-limit = 33554432 (custom)
2019-10-12 05:57:29,685 [main] INFO  server.GrpcService (ConfUtils.java:logGet(43)) - raft.grpc.flow.control.window = 1MB (=1048576) (default)
2019-10-12 05:57:29,685 [main] INFO  server.RaftServerConfigKeys (ConfUtils.java:logGet(43)) - raft.server.rpc.request.timeout = 3000ms (default)
2019-10-12 05:57:29,685 [main] INFO  server.RaftServerConfigKeys (ConfUtils.java:logGet(43)) - raft.server.storage.dir = [/workdir/hadoop-ozone/integration-test/target/test-dir/MiniOzoneClusterImpl-cecd90c6-9ab0-4b6e-ab80-1ea15920844d/datanode-2/data/ratis] (custom)
2019-10-12 05:57:29,686 [main] INFO  hdfs.DFSUtil (DFSUtil.java:httpServerTemplateForNNAndJN(1641)) - Starting Web-server for hddsDatanode at: http://0.0.0.0:0
2019-10-12 05:57:29,687 [main] INFO  server.AuthenticationFilter (AuthenticationFilter.java:constructSecretProvider(240)) - Unable to initialize FileSignerSecretProvider, falling back to use random secrets.
2019-10-12 05:57:29,688 [main] WARN  http.HttpRequestLog (HttpRequestLog.java:getRequestLog(97)) - Jetty request log can only be enabled using Log4j
2019-10-12 05:57:29,689 [main] INFO  http.HttpServer2 (HttpServer2.java:addGlobalFilter(975)) - Added global filter 'safety' (class=org.apache.hadoop.http.HttpServer2$QuotingInputFilter)
2019-10-12 05:57:29,690 [main] INFO  http.HttpServer2 (HttpServer2.java:addFilter(948)) - Added filter static_user_filter (class=org.apache.hadoop.http.lib.StaticUserWebFilter$StaticUserFilter) to context hddsDatanode
2019-10-12 05:57:29,690 [main] INFO  http.HttpServer2 (HttpServer2.java:addFilter(958)) - Added filter static_user_filter (class=org.apache.hadoop.http.lib.StaticUserWebFilter$StaticUserFilter) to context static
2019-10-12 05:57:29,690 [main] INFO  http.HttpServer2 (HttpServer2.java:addFilter(958)) - Added filter static_user_filter (class=org.apache.hadoop.http.lib.StaticUserWebFilter$StaticUserFilter) to context logs
2019-10-12 05:57:29,690 [main] INFO  http.HttpServer2 (HttpServer2.java:bindListener(1191)) - Jetty bound to port 43759
2019-10-12 05:57:29,691 [main] INFO  server.Server (Server.java:doStart(351)) - jetty-9.3.25.v20180904, build timestamp: 2018-09-04T21:11:46Z, git hash: 3ce520221d0240229c862b122d2b06c12a625732
2019-10-12 05:57:29,692 [main] INFO  handler.ContextHandler (ContextHandler.java:doStart(781)) - Started o.e.j.s.ServletContextHandler@6a09484c{/logs,file:///workdir/hadoop-ozone/integration-test/target/log,AVAILABLE}
2019-10-12 05:57:29,692 [main] INFO  handler.ContextHandler (ContextHandler.java:doStart(781)) - Started o.e.j.s.ServletContextHandler@50ec4bfc{/static,jar:file:/home/user/.m2/repository/org/apache/hadoop/hadoop-hdds-container-service/0.5.0-SNAPSHOT/hadoop-hdds-container-service-0.5.0-SNAPSHOT.jar!/webapps/static,AVAILABLE}
2019-10-12 05:57:29,720 [main] INFO  handler.ContextHandler (ContextHandler.java:doStart(781)) - Started o.e.j.w.WebAppContext@2fd9fb34{/,file:///tmp/jetty-0.0.0.0-43759-hddsDatanode-_-any-5346327741867818618.dir/webapp/,AVAILABLE}{/hddsDatanode}
2019-10-12 05:57:29,721 [main] INFO  server.AbstractConnector (AbstractConnector.java:doStart(278)) - Started ServerConnector@1595d2b2{HTTP/1.1,[http/1.1]}{0.0.0.0:43759}
2019-10-12 05:57:29,722 [main] INFO  server.Server (Server.java:doStart(419)) - Started @213092ms
2019-10-12 05:57:29,722 [main] WARN  impl.MetricsSystemImpl (MetricsSystemImpl.java:register(276)) - Sink prometheus already exists!
2019-10-12 05:57:29,723 [main] INFO  server.BaseHttpServer (BaseHttpServer.java:updateConnectorAddress(215)) - HTTP server of HDDSDATANODE is listening at http://0.0.0.0:43759
2019-10-12 05:57:29,723 [main] INFO  impl.MetricsSystemImpl (MetricsSystemImpl.java:init(158)) - HddsDatanode metrics system started (again)
2019-10-12 05:57:29,727 [org.apache.hadoop.util.JvmPauseMonitor$Monitor@667bdb55] INFO  util.JvmPauseMonitor (JvmPauseMonitor.java:run(188)) - Starting JVM pause monitor
2019-10-12 05:57:29,728 [main] INFO  ozone.HddsDatanodeService (HddsDatanodeService.java:start(184)) - HddsDatanodeService host:pr-hdds-1737-b78td-2979900912 ip:192.168.5.146
2019-10-12 05:57:29,729 [Datanode State Machine Thread - 0] INFO  datanode.InitDatanodeState (InitDatanodeState.java:persistContainerDatanodeDetails(140)) - DatanodeDetails is persisted to /workdir/hadoop-ozone/integration-test/target/test-dir/MiniOzoneClusterImpl-cecd90c6-9ab0-4b6e-ab80-1ea15920844d/datanode-2/meta/datanode.id
2019-10-12 05:57:29,735 [main] INFO  volume.HddsVolume (HddsVolume.java:<init>(176)) - Creating Volume: /workdir/hadoop-ozone/integration-test/target/test-dir/MiniOzoneClusterImpl-cecd90c6-9ab0-4b6e-ab80-1ea15920844d/datanode-3/data/containers/hdds of  storage type : DISK and capacity : 1482555576320
2019-10-12 05:57:29,735 [main] INFO  volume.VolumeSet (VolumeSet.java:initializeVolumeSet(170)) - Added Volume : /workdir/hadoop-ozone/integration-test/target/test-dir/MiniOzoneClusterImpl-cecd90c6-9ab0-4b6e-ab80-1ea15920844d/datanode-3/data/containers/hdds to VolumeSet
2019-10-12 05:57:29,736 [main] INFO  volume.ThrottledAsyncChecker (ThrottledAsyncChecker.java:schedule(141)) - Scheduling a check for org.apache.hadoop.ozone.container.common.volume.HddsVolume@11e9ac24
2019-10-12 05:57:29,736 [main] INFO  volume.HddsVolumeChecker (HddsVolumeChecker.java:checkAllVolumes(204)) - Scheduled health check for volume org.apache.hadoop.ozone.container.common.volume.HddsVolume@11e9ac24
2019-10-12 05:57:29,753 [main] INFO  impl.RaftServerProxy (ConfUtils.java:logGet(43)) - raft.rpc.type = GRPC (default)
2019-10-12 05:57:29,753 [main] INFO  grpc.GrpcFactory (GrpcFactory.java:checkPooledByteBufAllocatorUseCacheForAllThreads(45)) - PERFORMANCE WARNING: useCacheForAllThreads is true that may cause Netty to create a lot garbage objects and, as a result, trigger GC.
	It is recommended to disable useCacheForAllThreads by setting -Dorg.apache.ratis.thirdparty.io.netty.allocator.useCacheForAllThreads=false in command line.
2019-10-12 05:57:29,753 [main] INFO  grpc.GrpcConfigKeys$Server (ConfUtils.java:logGet(43)) - raft.grpc.server.port = 0 (default)
2019-10-12 05:57:29,753 [main] INFO  server.GrpcService (ConfUtils.java:logGet(43)) - raft.grpc.message.size.max = 33570816 (custom)
2019-10-12 05:57:29,754 [main] INFO  server.RaftServerConfigKeys (ConfUtils.java:logGet(43)) - raft.server.log.appender.buffer.byte-limit = 33554432 (custom)
2019-10-12 05:57:29,754 [main] INFO  server.GrpcService (ConfUtils.java:logGet(43)) - raft.grpc.flow.control.window = 1MB (=1048576) (default)
2019-10-12 05:57:29,754 [main] INFO  server.RaftServerConfigKeys (ConfUtils.java:logGet(43)) - raft.server.rpc.request.timeout = 3000ms (default)
2019-10-12 05:57:29,754 [main] INFO  server.RaftServerConfigKeys (ConfUtils.java:logGet(43)) - raft.server.storage.dir = [/workdir/hadoop-ozone/integration-test/target/test-dir/MiniOzoneClusterImpl-cecd90c6-9ab0-4b6e-ab80-1ea15920844d/datanode-3/data/ratis] (custom)
2019-10-12 05:57:29,755 [main] INFO  hdfs.DFSUtil (DFSUtil.java:httpServerTemplateForNNAndJN(1641)) - Starting Web-server for hddsDatanode at: http://0.0.0.0:0
2019-10-12 05:57:29,756 [main] INFO  server.AuthenticationFilter (AuthenticationFilter.java:constructSecretProvider(240)) - Unable to initialize FileSignerSecretProvider, falling back to use random secrets.
2019-10-12 05:57:29,757 [main] WARN  http.HttpRequestLog (HttpRequestLog.java:getRequestLog(97)) - Jetty request log can only be enabled using Log4j
2019-10-12 05:57:29,758 [main] INFO  http.HttpServer2 (HttpServer2.java:addGlobalFilter(975)) - Added global filter 'safety' (class=org.apache.hadoop.http.HttpServer2$QuotingInputFilter)
2019-10-12 05:57:29,758 [main] INFO  http.HttpServer2 (HttpServer2.java:addFilter(948)) - Added filter static_user_filter (class=org.apache.hadoop.http.lib.StaticUserWebFilter$StaticUserFilter) to context hddsDatanode
2019-10-12 05:57:29,758 [main] INFO  http.HttpServer2 (HttpServer2.java:addFilter(958)) - Added filter static_user_filter (class=org.apache.hadoop.http.lib.StaticUserWebFilter$StaticUserFilter) to context logs
2019-10-12 05:57:29,759 [main] INFO  http.HttpServer2 (HttpServer2.java:addFilter(958)) - Added filter static_user_filter (class=org.apache.hadoop.http.lib.StaticUserWebFilter$StaticUserFilter) to context static
2019-10-12 05:57:29,759 [main] INFO  http.HttpServer2 (HttpServer2.java:bindListener(1191)) - Jetty bound to port 44098
2019-10-12 05:57:29,759 [main] INFO  server.Server (Server.java:doStart(351)) - jetty-9.3.25.v20180904, build timestamp: 2018-09-04T21:11:46Z, git hash: 3ce520221d0240229c862b122d2b06c12a625732
2019-10-12 05:57:29,761 [main] INFO  handler.ContextHandler (ContextHandler.java:doStart(781)) - Started o.e.j.s.ServletContextHandler@681061d6{/logs,file:///workdir/hadoop-ozone/integration-test/target/log,AVAILABLE}
2019-10-12 05:57:29,761 [main] INFO  handler.ContextHandler (ContextHandler.java:doStart(781)) - Started o.e.j.s.ServletContextHandler@3caee3a8{/static,jar:file:/home/user/.m2/repository/org/apache/hadoop/hadoop-hdds-container-service/0.5.0-SNAPSHOT/hadoop-hdds-container-service-0.5.0-SNAPSHOT.jar!/webapps/static,AVAILABLE}
2019-10-12 05:57:29,789 [main] INFO  handler.ContextHandler (ContextHandler.java:doStart(781)) - Started o.e.j.w.WebAppContext@5e905f2c{/,file:///tmp/jetty-0.0.0.0-44098-hddsDatanode-_-any-3187687253640229350.dir/webapp/,AVAILABLE}{/hddsDatanode}
2019-10-12 05:57:29,789 [main] INFO  server.AbstractConnector (AbstractConnector.java:doStart(278)) - Started ServerConnector@fddd7ae{HTTP/1.1,[http/1.1]}{0.0.0.0:44098}
2019-10-12 05:57:29,789 [main] INFO  server.Server (Server.java:doStart(419)) - Started @213159ms
2019-10-12 05:57:29,791 [main] WARN  impl.MetricsSystemImpl (MetricsSystemImpl.java:register(276)) - Sink prometheus already exists!
2019-10-12 05:57:29,792 [main] INFO  server.BaseHttpServer (BaseHttpServer.java:updateConnectorAddress(215)) - HTTP server of HDDSDATANODE is listening at http://0.0.0.0:44098
2019-10-12 05:57:29,792 [main] INFO  impl.MetricsSystemImpl (MetricsSystemImpl.java:init(158)) - HddsDatanode metrics system started (again)
2019-10-12 05:57:29,797 [org.apache.hadoop.util.JvmPauseMonitor$Monitor@6f0fcc42] INFO  util.JvmPauseMonitor (JvmPauseMonitor.java:run(188)) - Starting JVM pause monitor
2019-10-12 05:57:29,797 [main] INFO  ozone.HddsDatanodeService (HddsDatanodeService.java:start(184)) - HddsDatanodeService host:pr-hdds-1737-b78td-2979900912 ip:192.168.5.146
2019-10-12 05:57:29,798 [Datanode State Machine Thread - 0] INFO  datanode.InitDatanodeState (InitDatanodeState.java:persistContainerDatanodeDetails(140)) - DatanodeDetails is persisted to /workdir/hadoop-ozone/integration-test/target/test-dir/MiniOzoneClusterImpl-cecd90c6-9ab0-4b6e-ab80-1ea15920844d/datanode-3/meta/datanode.id
2019-10-12 05:57:29,804 [main] INFO  volume.HddsVolume (HddsVolume.java:<init>(176)) - Creating Volume: /workdir/hadoop-ozone/integration-test/target/test-dir/MiniOzoneClusterImpl-cecd90c6-9ab0-4b6e-ab80-1ea15920844d/datanode-4/data/containers/hdds of  storage type : DISK and capacity : 1482555576320
2019-10-12 05:57:29,804 [main] INFO  volume.VolumeSet (VolumeSet.java:initializeVolumeSet(170)) - Added Volume : /workdir/hadoop-ozone/integration-test/target/test-dir/MiniOzoneClusterImpl-cecd90c6-9ab0-4b6e-ab80-1ea15920844d/datanode-4/data/containers/hdds to VolumeSet
2019-10-12 05:57:29,805 [main] INFO  volume.ThrottledAsyncChecker (ThrottledAsyncChecker.java:schedule(141)) - Scheduling a check for org.apache.hadoop.ozone.container.common.volume.HddsVolume@52354202
2019-10-12 05:57:29,805 [main] INFO  volume.HddsVolumeChecker (HddsVolumeChecker.java:checkAllVolumes(204)) - Scheduled health check for volume org.apache.hadoop.ozone.container.common.volume.HddsVolume@52354202
2019-10-12 05:57:29,821 [main] INFO  impl.RaftServerProxy (ConfUtils.java:logGet(43)) - raft.rpc.type = GRPC (default)
2019-10-12 05:57:29,821 [main] INFO  grpc.GrpcFactory (GrpcFactory.java:checkPooledByteBufAllocatorUseCacheForAllThreads(45)) - PERFORMANCE WARNING: useCacheForAllThreads is true that may cause Netty to create a lot garbage objects and, as a result, trigger GC.
	It is recommended to disable useCacheForAllThreads by setting -Dorg.apache.ratis.thirdparty.io.netty.allocator.useCacheForAllThreads=false in command line.
2019-10-12 05:57:29,822 [main] INFO  grpc.GrpcConfigKeys$Server (ConfUtils.java:logGet(43)) - raft.grpc.server.port = 0 (default)
2019-10-12 05:57:29,822 [main] INFO  server.GrpcService (ConfUtils.java:logGet(43)) - raft.grpc.message.size.max = 33570816 (custom)
2019-10-12 05:57:29,822 [main] INFO  server.RaftServerConfigKeys (ConfUtils.java:logGet(43)) - raft.server.log.appender.buffer.byte-limit = 33554432 (custom)
2019-10-12 05:57:29,822 [main] INFO  server.GrpcService (ConfUtils.java:logGet(43)) - raft.grpc.flow.control.window = 1MB (=1048576) (default)
2019-10-12 05:57:29,823 [main] INFO  server.RaftServerConfigKeys (ConfUtils.java:logGet(43)) - raft.server.rpc.request.timeout = 3000ms (default)
2019-10-12 05:57:29,823 [main] INFO  server.RaftServerConfigKeys (ConfUtils.java:logGet(43)) - raft.server.storage.dir = [/workdir/hadoop-ozone/integration-test/target/test-dir/MiniOzoneClusterImpl-cecd90c6-9ab0-4b6e-ab80-1ea15920844d/datanode-4/data/ratis] (custom)
2019-10-12 05:57:29,825 [main] INFO  hdfs.DFSUtil (DFSUtil.java:httpServerTemplateForNNAndJN(1641)) - Starting Web-server for hddsDatanode at: http://0.0.0.0:0
2019-10-12 05:57:29,826 [main] INFO  server.AuthenticationFilter (AuthenticationFilter.java:constructSecretProvider(240)) - Unable to initialize FileSignerSecretProvider, falling back to use random secrets.
2019-10-12 05:57:29,826 [main] WARN  http.HttpRequestLog (HttpRequestLog.java:getRequestLog(97)) - Jetty request log can only be enabled using Log4j
2019-10-12 05:57:29,828 [main] INFO  http.HttpServer2 (HttpServer2.java:addGlobalFilter(975)) - Added global filter 'safety' (class=org.apache.hadoop.http.HttpServer2$QuotingInputFilter)
2019-10-12 05:57:29,828 [main] INFO  http.HttpServer2 (HttpServer2.java:addFilter(948)) - Added filter static_user_filter (class=org.apache.hadoop.http.lib.StaticUserWebFilter$StaticUserFilter) to context hddsDatanode
2019-10-12 05:57:29,828 [main] INFO  http.HttpServer2 (HttpServer2.java:addFilter(958)) - Added filter static_user_filter (class=org.apache.hadoop.http.lib.StaticUserWebFilter$StaticUserFilter) to context static
2019-10-12 05:57:29,828 [main] INFO  http.HttpServer2 (HttpServer2.java:addFilter(958)) - Added filter static_user_filter (class=org.apache.hadoop.http.lib.StaticUserWebFilter$StaticUserFilter) to context logs
2019-10-12 05:57:29,829 [main] INFO  http.HttpServer2 (HttpServer2.java:bindListener(1191)) - Jetty bound to port 33902
2019-10-12 05:57:29,829 [main] INFO  server.Server (Server.java:doStart(351)) - jetty-9.3.25.v20180904, build timestamp: 2018-09-04T21:11:46Z, git hash: 3ce520221d0240229c862b122d2b06c12a625732
2019-10-12 05:57:29,830 [main] INFO  handler.ContextHandler (ContextHandler.java:doStart(781)) - Started o.e.j.s.ServletContextHandler@2eb0cefe{/logs,file:///workdir/hadoop-ozone/integration-test/target/log,AVAILABLE}
2019-10-12 05:57:29,831 [main] INFO  handler.ContextHandler (ContextHandler.java:doStart(781)) - Started o.e.j.s.ServletContextHandler@2bec068b{/static,jar:file:/home/user/.m2/repository/org/apache/hadoop/hadoop-hdds-container-service/0.5.0-SNAPSHOT/hadoop-hdds-container-service-0.5.0-SNAPSHOT.jar!/webapps/static,AVAILABLE}
2019-10-12 05:57:29,858 [main] INFO  handler.ContextHandler (ContextHandler.java:doStart(781)) - Started o.e.j.w.WebAppContext@3820cfe{/,file:///tmp/jetty-0.0.0.0-33902-hddsDatanode-_-any-4940724768578392216.dir/webapp/,AVAILABLE}{/hddsDatanode}
2019-10-12 05:57:29,859 [main] INFO  server.AbstractConnector (AbstractConnector.java:doStart(278)) - Started ServerConnector@2407a36c{HTTP/1.1,[http/1.1]}{0.0.0.0:33902}
2019-10-12 05:57:29,860 [main] INFO  server.Server (Server.java:doStart(419)) - Started @213229ms
2019-10-12 05:57:29,861 [main] WARN  impl.MetricsSystemImpl (MetricsSystemImpl.java:register(276)) - Sink prometheus already exists!
2019-10-12 05:57:29,861 [main] INFO  server.BaseHttpServer (BaseHttpServer.java:updateConnectorAddress(215)) - HTTP server of HDDSDATANODE is listening at http://0.0.0.0:33902
2019-10-12 05:57:29,862 [main] INFO  impl.MetricsSystemImpl (MetricsSystemImpl.java:init(158)) - HddsDatanode metrics system started (again)
2019-10-12 05:57:29,867 [org.apache.hadoop.util.JvmPauseMonitor$Monitor@4b126555] INFO  util.JvmPauseMonitor (JvmPauseMonitor.java:run(188)) - Starting JVM pause monitor
2019-10-12 05:57:29,867 [main] INFO  ozone.HddsDatanodeService (HddsDatanodeService.java:start(184)) - HddsDatanodeService host:pr-hdds-1737-b78td-2979900912 ip:192.168.5.146
2019-10-12 05:57:29,868 [Datanode State Machine Thread - 0] INFO  datanode.InitDatanodeState (InitDatanodeState.java:persistContainerDatanodeDetails(140)) - DatanodeDetails is persisted to /workdir/hadoop-ozone/integration-test/target/test-dir/MiniOzoneClusterImpl-cecd90c6-9ab0-4b6e-ab80-1ea15920844d/datanode-4/meta/datanode.id
2019-10-12 05:57:29,874 [main] INFO  volume.HddsVolume (HddsVolume.java:<init>(176)) - Creating Volume: /workdir/hadoop-ozone/integration-test/target/test-dir/MiniOzoneClusterImpl-cecd90c6-9ab0-4b6e-ab80-1ea15920844d/datanode-5/data/containers/hdds of  storage type : DISK and capacity : 1482555576320
2019-10-12 05:57:29,874 [main] INFO  volume.VolumeSet (VolumeSet.java:initializeVolumeSet(170)) - Added Volume : /workdir/hadoop-ozone/integration-test/target/test-dir/MiniOzoneClusterImpl-cecd90c6-9ab0-4b6e-ab80-1ea15920844d/datanode-5/data/containers/hdds to VolumeSet
2019-10-12 05:57:29,874 [main] INFO  volume.ThrottledAsyncChecker (ThrottledAsyncChecker.java:schedule(141)) - Scheduling a check for org.apache.hadoop.ozone.container.common.volume.HddsVolume@5d850a25
2019-10-12 05:57:29,875 [main] INFO  volume.HddsVolumeChecker (HddsVolumeChecker.java:checkAllVolumes(204)) - Scheduled health check for volume org.apache.hadoop.ozone.container.common.volume.HddsVolume@5d850a25
2019-10-12 05:57:29,889 [main] INFO  impl.RaftServerProxy (ConfUtils.java:logGet(43)) - raft.rpc.type = GRPC (default)
2019-10-12 05:57:29,890 [main] INFO  grpc.GrpcFactory (GrpcFactory.java:checkPooledByteBufAllocatorUseCacheForAllThreads(45)) - PERFORMANCE WARNING: useCacheForAllThreads is true that may cause Netty to create a lot garbage objects and, as a result, trigger GC.
	It is recommended to disable useCacheForAllThreads by setting -Dorg.apache.ratis.thirdparty.io.netty.allocator.useCacheForAllThreads=false in command line.
2019-10-12 05:57:29,890 [main] INFO  grpc.GrpcConfigKeys$Server (ConfUtils.java:logGet(43)) - raft.grpc.server.port = 0 (default)
2019-10-12 05:57:29,890 [main] INFO  server.GrpcService (ConfUtils.java:logGet(43)) - raft.grpc.message.size.max = 33570816 (custom)
2019-10-12 05:57:29,890 [main] INFO  server.RaftServerConfigKeys (ConfUtils.java:logGet(43)) - raft.server.log.appender.buffer.byte-limit = 33554432 (custom)
2019-10-12 05:57:29,890 [main] INFO  server.GrpcService (ConfUtils.java:logGet(43)) - raft.grpc.flow.control.window = 1MB (=1048576) (default)
2019-10-12 05:57:29,890 [main] INFO  server.RaftServerConfigKeys (ConfUtils.java:logGet(43)) - raft.server.rpc.request.timeout = 3000ms (default)
2019-10-12 05:57:29,891 [main] INFO  server.RaftServerConfigKeys (ConfUtils.java:logGet(43)) - raft.server.storage.dir = [/workdir/hadoop-ozone/integration-test/target/test-dir/MiniOzoneClusterImpl-cecd90c6-9ab0-4b6e-ab80-1ea15920844d/datanode-5/data/ratis] (custom)
2019-10-12 05:57:29,892 [main] INFO  hdfs.DFSUtil (DFSUtil.java:httpServerTemplateForNNAndJN(1641)) - Starting Web-server for hddsDatanode at: http://0.0.0.0:0
2019-10-12 05:57:29,893 [main] INFO  server.AuthenticationFilter (AuthenticationFilter.java:constructSecretProvider(240)) - Unable to initialize FileSignerSecretProvider, falling back to use random secrets.
2019-10-12 05:57:29,893 [main] WARN  http.HttpRequestLog (HttpRequestLog.java:getRequestLog(97)) - Jetty request log can only be enabled using Log4j
2019-10-12 05:57:29,895 [main] INFO  http.HttpServer2 (HttpServer2.java:addGlobalFilter(975)) - Added global filter 'safety' (class=org.apache.hadoop.http.HttpServer2$QuotingInputFilter)
2019-10-12 05:57:29,895 [main] INFO  http.HttpServer2 (HttpServer2.java:addFilter(948)) - Added filter static_user_filter (class=org.apache.hadoop.http.lib.StaticUserWebFilter$StaticUserFilter) to context hddsDatanode
2019-10-12 05:57:29,895 [main] INFO  http.HttpServer2 (HttpServer2.java:addFilter(958)) - Added filter static_user_filter (class=org.apache.hadoop.http.lib.StaticUserWebFilter$StaticUserFilter) to context logs
2019-10-12 05:57:29,895 [main] INFO  http.HttpServer2 (HttpServer2.java:addFilter(958)) - Added filter static_user_filter (class=org.apache.hadoop.http.lib.StaticUserWebFilter$StaticUserFilter) to context static
2019-10-12 05:57:29,896 [main] INFO  http.HttpServer2 (HttpServer2.java:bindListener(1191)) - Jetty bound to port 45348
2019-10-12 05:57:29,896 [main] INFO  server.Server (Server.java:doStart(351)) - jetty-9.3.25.v20180904, build timestamp: 2018-09-04T21:11:46Z, git hash: 3ce520221d0240229c862b122d2b06c12a625732
2019-10-12 05:57:29,897 [main] INFO  handler.ContextHandler (ContextHandler.java:doStart(781)) - Started o.e.j.s.ServletContextHandler@4fea840f{/logs,file:///workdir/hadoop-ozone/integration-test/target/log,AVAILABLE}
2019-10-12 05:57:29,898 [main] INFO  handler.ContextHandler (ContextHandler.java:doStart(781)) - Started o.e.j.s.ServletContextHandler@75e80a97{/static,jar:file:/home/user/.m2/repository/org/apache/hadoop/hadoop-hdds-container-service/0.5.0-SNAPSHOT/hadoop-hdds-container-service-0.5.0-SNAPSHOT.jar!/webapps/static,AVAILABLE}
2019-10-12 05:57:29,925 [main] INFO  handler.ContextHandler (ContextHandler.java:doStart(781)) - Started o.e.j.w.WebAppContext@656842bc{/,file:///tmp/jetty-0.0.0.0-45348-hddsDatanode-_-any-8211822824458252919.dir/webapp/,AVAILABLE}{/hddsDatanode}
2019-10-12 05:57:29,925 [main] INFO  server.AbstractConnector (AbstractConnector.java:doStart(278)) - Started ServerConnector@6b867ee7{HTTP/1.1,[http/1.1]}{0.0.0.0:45348}
2019-10-12 05:57:29,927 [main] INFO  server.Server (Server.java:doStart(419)) - Started @213297ms
2019-10-12 05:57:29,928 [main] WARN  impl.MetricsSystemImpl (MetricsSystemImpl.java:register(276)) - Sink prometheus already exists!
2019-10-12 05:57:29,928 [main] INFO  server.BaseHttpServer (BaseHttpServer.java:updateConnectorAddress(215)) - HTTP server of HDDSDATANODE is listening at http://0.0.0.0:45348
2019-10-12 05:57:29,929 [main] INFO  impl.MetricsSystemImpl (MetricsSystemImpl.java:init(158)) - HddsDatanode metrics system started (again)
2019-10-12 05:57:29,934 [org.apache.hadoop.util.JvmPauseMonitor$Monitor@61611b90] INFO  util.JvmPauseMonitor (JvmPauseMonitor.java:run(188)) - Starting JVM pause monitor
2019-10-12 05:57:29,935 [main] INFO  ozone.HddsDatanodeService (HddsDatanodeService.java:start(184)) - HddsDatanodeService host:pr-hdds-1737-b78td-2979900912 ip:192.168.5.146
2019-10-12 05:57:29,935 [Datanode State Machine Thread - 0] INFO  datanode.InitDatanodeState (InitDatanodeState.java:persistContainerDatanodeDetails(140)) - DatanodeDetails is persisted to /workdir/hadoop-ozone/integration-test/target/test-dir/MiniOzoneClusterImpl-cecd90c6-9ab0-4b6e-ab80-1ea15920844d/datanode-5/meta/datanode.id
2019-10-12 05:57:29,943 [main] INFO  volume.HddsVolume (HddsVolume.java:<init>(176)) - Creating Volume: /workdir/hadoop-ozone/integration-test/target/test-dir/MiniOzoneClusterImpl-cecd90c6-9ab0-4b6e-ab80-1ea15920844d/datanode-6/data/containers/hdds of  storage type : DISK and capacity : 1482555576320
2019-10-12 05:57:29,943 [main] INFO  volume.VolumeSet (VolumeSet.java:initializeVolumeSet(170)) - Added Volume : /workdir/hadoop-ozone/integration-test/target/test-dir/MiniOzoneClusterImpl-cecd90c6-9ab0-4b6e-ab80-1ea15920844d/datanode-6/data/containers/hdds to VolumeSet
2019-10-12 05:57:29,943 [main] INFO  volume.ThrottledAsyncChecker (ThrottledAsyncChecker.java:schedule(141)) - Scheduling a check for org.apache.hadoop.ozone.container.common.volume.HddsVolume@52f8a6f4
2019-10-12 05:57:29,944 [main] INFO  volume.HddsVolumeChecker (HddsVolumeChecker.java:checkAllVolumes(204)) - Scheduled health check for volume org.apache.hadoop.ozone.container.common.volume.HddsVolume@52f8a6f4
2019-10-12 05:57:29,960 [main] INFO  impl.RaftServerProxy (ConfUtils.java:logGet(43)) - raft.rpc.type = GRPC (default)
2019-10-12 05:57:29,960 [main] INFO  grpc.GrpcFactory (GrpcFactory.java:checkPooledByteBufAllocatorUseCacheForAllThreads(45)) - PERFORMANCE WARNING: useCacheForAllThreads is true that may cause Netty to create a lot garbage objects and, as a result, trigger GC.
	It is recommended to disable useCacheForAllThreads by setting -Dorg.apache.ratis.thirdparty.io.netty.allocator.useCacheForAllThreads=false in command line.
2019-10-12 05:57:29,960 [main] INFO  grpc.GrpcConfigKeys$Server (ConfUtils.java:logGet(43)) - raft.grpc.server.port = 0 (default)
2019-10-12 05:57:29,960 [main] INFO  server.GrpcService (ConfUtils.java:logGet(43)) - raft.grpc.message.size.max = 33570816 (custom)
2019-10-12 05:57:29,961 [main] INFO  server.RaftServerConfigKeys (ConfUtils.java:logGet(43)) - raft.server.log.appender.buffer.byte-limit = 33554432 (custom)
2019-10-12 05:57:29,961 [main] INFO  server.GrpcService (ConfUtils.java:logGet(43)) - raft.grpc.flow.control.window = 1MB (=1048576) (default)
2019-10-12 05:57:29,961 [main] INFO  server.RaftServerConfigKeys (ConfUtils.java:logGet(43)) - raft.server.rpc.request.timeout = 3000ms (default)
2019-10-12 05:57:29,961 [main] INFO  server.RaftServerConfigKeys (ConfUtils.java:logGet(43)) - raft.server.storage.dir = [/workdir/hadoop-ozone/integration-test/target/test-dir/MiniOzoneClusterImpl-cecd90c6-9ab0-4b6e-ab80-1ea15920844d/datanode-6/data/ratis] (custom)
2019-10-12 05:57:29,962 [main] INFO  hdfs.DFSUtil (DFSUtil.java:httpServerTemplateForNNAndJN(1641)) - Starting Web-server for hddsDatanode at: http://0.0.0.0:0
2019-10-12 05:57:29,963 [main] INFO  server.AuthenticationFilter (AuthenticationFilter.java:constructSecretProvider(240)) - Unable to initialize FileSignerSecretProvider, falling back to use random secrets.
2019-10-12 05:57:29,964 [main] WARN  http.HttpRequestLog (HttpRequestLog.java:getRequestLog(97)) - Jetty request log can only be enabled using Log4j
2019-10-12 05:57:29,965 [main] INFO  http.HttpServer2 (HttpServer2.java:addGlobalFilter(975)) - Added global filter 'safety' (class=org.apache.hadoop.http.HttpServer2$QuotingInputFilter)
2019-10-12 05:57:29,965 [main] INFO  http.HttpServer2 (HttpServer2.java:addFilter(948)) - Added filter static_user_filter (class=org.apache.hadoop.http.lib.StaticUserWebFilter$StaticUserFilter) to context hddsDatanode
2019-10-12 05:57:29,966 [main] INFO  http.HttpServer2 (HttpServer2.java:addFilter(958)) - Added filter static_user_filter (class=org.apache.hadoop.http.lib.StaticUserWebFilter$StaticUserFilter) to context static
2019-10-12 05:57:29,966 [main] INFO  http.HttpServer2 (HttpServer2.java:addFilter(958)) - Added filter static_user_filter (class=org.apache.hadoop.http.lib.StaticUserWebFilter$StaticUserFilter) to context logs
2019-10-12 05:57:29,966 [main] INFO  http.HttpServer2 (HttpServer2.java:bindListener(1191)) - Jetty bound to port 35740
2019-10-12 05:57:29,966 [main] INFO  server.Server (Server.java:doStart(351)) - jetty-9.3.25.v20180904, build timestamp: 2018-09-04T21:11:46Z, git hash: 3ce520221d0240229c862b122d2b06c12a625732
2019-10-12 05:57:29,968 [main] INFO  handler.ContextHandler (ContextHandler.java:doStart(781)) - Started o.e.j.s.ServletContextHandler@44dfdd58{/logs,file:///workdir/hadoop-ozone/integration-test/target/log,AVAILABLE}
2019-10-12 05:57:29,968 [main] INFO  handler.ContextHandler (ContextHandler.java:doStart(781)) - Started o.e.j.s.ServletContextHandler@72a8361b{/static,jar:file:/home/user/.m2/repository/org/apache/hadoop/hadoop-hdds-container-service/0.5.0-SNAPSHOT/hadoop-hdds-container-service-0.5.0-SNAPSHOT.jar!/webapps/static,AVAILABLE}
2019-10-12 05:57:29,996 [main] INFO  handler.ContextHandler (ContextHandler.java:doStart(781)) - Started o.e.j.w.WebAppContext@3f5dfe69{/,file:///tmp/jetty-0.0.0.0-35740-hddsDatanode-_-any-3585666312799745362.dir/webapp/,AVAILABLE}{/hddsDatanode}
2019-10-12 05:57:29,996 [main] INFO  server.AbstractConnector (AbstractConnector.java:doStart(278)) - Started ServerConnector@571a663c{HTTP/1.1,[http/1.1]}{0.0.0.0:35740}
2019-10-12 05:57:29,997 [main] INFO  server.Server (Server.java:doStart(419)) - Started @213366ms
2019-10-12 05:57:29,998 [main] WARN  impl.MetricsSystemImpl (MetricsSystemImpl.java:register(276)) - Sink prometheus already exists!
2019-10-12 05:57:29,999 [main] INFO  server.BaseHttpServer (BaseHttpServer.java:updateConnectorAddress(215)) - HTTP server of HDDSDATANODE is listening at http://0.0.0.0:35740
2019-10-12 05:57:29,999 [main] INFO  ozone.MiniOzoneClusterImpl (MiniOzoneClusterImpl.java:lambda$waitForClusterToBeReady$0(147)) - Waiting for cluster to be ready. Got 0 of 7 DN Heartbeats.
2019-10-12 05:57:30,000 [org.apache.hadoop.util.JvmPauseMonitor$Monitor@7fb11a8e] INFO  util.JvmPauseMonitor (JvmPauseMonitor.java:run(188)) - Starting JVM pause monitor
2019-10-12 05:57:30,001 [Datanode State Machine Thread - 0] INFO  datanode.InitDatanodeState (InitDatanodeState.java:persistContainerDatanodeDetails(140)) - DatanodeDetails is persisted to /workdir/hadoop-ozone/integration-test/target/test-dir/MiniOzoneClusterImpl-cecd90c6-9ab0-4b6e-ab80-1ea15920844d/datanode-6/meta/datanode.id
2019-10-12 05:57:30,999 [main] INFO  ozone.MiniOzoneClusterImpl (MiniOzoneClusterImpl.java:lambda$waitForClusterToBeReady$0(147)) - Waiting for cluster to be ready. Got 0 of 7 DN Heartbeats.
2019-10-12 05:57:31,641 [Datanode State Machine Thread - 0] INFO  ozoneimpl.OzoneContainer (OzoneContainer.java:start(213)) - Attempting to start container services.
2019-10-12 05:57:31,642 [Datanode State Machine Thread - 0] INFO  ozoneimpl.OzoneContainer (OzoneContainer.java:startContainerScrub(177)) - Background container scanner has been disabled.
2019-10-12 05:57:31,642 [Datanode State Machine Thread - 0] INFO  ratis.XceiverServerRatis (XceiverServerRatis.java:start(418)) - Starting XceiverServerRatis 3d593385-3284-4335-8113-eed84e610307 at port 0
2019-10-12 05:57:31,648 [Datanode State Machine Thread - 0] INFO  impl.RaftServerProxy (RaftServerProxy.java:lambda$start$3(299)) - 3d593385-3284-4335-8113-eed84e610307: start RPC server
2019-10-12 05:57:31,651 [Datanode State Machine Thread - 0] INFO  server.GrpcService (GrpcService.java:startImpl(158)) - 3d593385-3284-4335-8113-eed84e610307: GrpcService started, listening on 0.0.0.0/0.0.0.0:41694
2019-10-12 05:57:31,651 [Datanode State Machine Thread - 0] INFO  ratis.XceiverServerRatis (XceiverServerRatis.java:start(428)) - XceiverServerRatis 3d593385-3284-4335-8113-eed84e610307 is started using port 41694
2019-10-12 05:57:31,652 [Datanode State Machine Thread - 0] INFO  server.XceiverServerGrpc (XceiverServerGrpc.java:start(149)) - XceiverServerGrpc 3d593385-3284-4335-8113-eed84e610307 is started using port 43099
2019-10-12 05:57:31,678 [Datanode State Machine Thread - 0] INFO  ozoneimpl.OzoneContainer (OzoneContainer.java:start(213)) - Attempting to start container services.
2019-10-12 05:57:31,678 [Datanode State Machine Thread - 0] INFO  ozoneimpl.OzoneContainer (OzoneContainer.java:startContainerScrub(177)) - Background container scanner has been disabled.
2019-10-12 05:57:31,678 [Datanode State Machine Thread - 0] INFO  ratis.XceiverServerRatis (XceiverServerRatis.java:start(418)) - Starting XceiverServerRatis 7cdb1fc2-8df0-45e9-af1c-ad61a9693d73 at port 0
2019-10-12 05:57:31,684 [Datanode State Machine Thread - 0] INFO  impl.RaftServerProxy (RaftServerProxy.java:lambda$start$3(299)) - 7cdb1fc2-8df0-45e9-af1c-ad61a9693d73: start RPC server
2019-10-12 05:57:31,685 [Datanode State Machine Thread - 0] INFO  server.GrpcService (GrpcService.java:startImpl(158)) - 7cdb1fc2-8df0-45e9-af1c-ad61a9693d73: GrpcService started, listening on 0.0.0.0/0.0.0.0:44348
2019-10-12 05:57:31,685 [Datanode State Machine Thread - 0] INFO  ratis.XceiverServerRatis (XceiverServerRatis.java:start(428)) - XceiverServerRatis 7cdb1fc2-8df0-45e9-af1c-ad61a9693d73 is started using port 44348
2019-10-12 05:57:31,685 [Datanode State Machine Thread - 0] INFO  server.XceiverServerGrpc (XceiverServerGrpc.java:start(149)) - XceiverServerGrpc 7cdb1fc2-8df0-45e9-af1c-ad61a9693d73 is started using port 44151
2019-10-12 05:57:31,741 [Datanode State Machine Thread - 0] INFO  ozoneimpl.OzoneContainer (OzoneContainer.java:start(213)) - Attempting to start container services.
2019-10-12 05:57:31,741 [Datanode State Machine Thread - 0] INFO  ozoneimpl.OzoneContainer (OzoneContainer.java:startContainerScrub(177)) - Background container scanner has been disabled.
2019-10-12 05:57:31,741 [Datanode State Machine Thread - 0] INFO  ratis.XceiverServerRatis (XceiverServerRatis.java:start(418)) - Starting XceiverServerRatis 865cadc9-9a6b-495c-9837-1e7c19652a6e at port 0
2019-10-12 05:57:31,747 [Datanode State Machine Thread - 0] INFO  impl.RaftServerProxy (RaftServerProxy.java:lambda$start$3(299)) - 865cadc9-9a6b-495c-9837-1e7c19652a6e: start RPC server
2019-10-12 05:57:31,748 [Datanode State Machine Thread - 0] INFO  server.GrpcService (GrpcService.java:startImpl(158)) - 865cadc9-9a6b-495c-9837-1e7c19652a6e: GrpcService started, listening on 0.0.0.0/0.0.0.0:34810
2019-10-12 05:57:31,748 [Datanode State Machine Thread - 0] INFO  ratis.XceiverServerRatis (XceiverServerRatis.java:start(428)) - XceiverServerRatis 865cadc9-9a6b-495c-9837-1e7c19652a6e is started using port 34810
2019-10-12 05:57:31,748 [Datanode State Machine Thread - 0] INFO  server.XceiverServerGrpc (XceiverServerGrpc.java:start(149)) - XceiverServerGrpc 865cadc9-9a6b-495c-9837-1e7c19652a6e is started using port 36171
2019-10-12 05:57:31,810 [Datanode State Machine Thread - 0] INFO  ozoneimpl.OzoneContainer (OzoneContainer.java:start(213)) - Attempting to start container services.
2019-10-12 05:57:31,810 [Datanode State Machine Thread - 0] INFO  ozoneimpl.OzoneContainer (OzoneContainer.java:startContainerScrub(177)) - Background container scanner has been disabled.
2019-10-12 05:57:31,810 [Datanode State Machine Thread - 0] INFO  ratis.XceiverServerRatis (XceiverServerRatis.java:start(418)) - Starting XceiverServerRatis 2a909488-23eb-449f-a481-fdfd3438e3d8 at port 0
2019-10-12 05:57:31,816 [Datanode State Machine Thread - 0] INFO  impl.RaftServerProxy (RaftServerProxy.java:lambda$start$3(299)) - 2a909488-23eb-449f-a481-fdfd3438e3d8: start RPC server
2019-10-12 05:57:31,817 [Datanode State Machine Thread - 0] INFO  server.GrpcService (GrpcService.java:startImpl(158)) - 2a909488-23eb-449f-a481-fdfd3438e3d8: GrpcService started, listening on 0.0.0.0/0.0.0.0:32935
2019-10-12 05:57:31,817 [Datanode State Machine Thread - 0] INFO  ratis.XceiverServerRatis (XceiverServerRatis.java:start(428)) - XceiverServerRatis 2a909488-23eb-449f-a481-fdfd3438e3d8 is started using port 32935
2019-10-12 05:57:31,818 [Datanode State Machine Thread - 0] INFO  server.XceiverServerGrpc (XceiverServerGrpc.java:start(149)) - XceiverServerGrpc 2a909488-23eb-449f-a481-fdfd3438e3d8 is started using port 45972
2019-10-12 05:57:31,880 [Datanode State Machine Thread - 0] INFO  ozoneimpl.OzoneContainer (OzoneContainer.java:start(213)) - Attempting to start container services.
2019-10-12 05:57:31,880 [Datanode State Machine Thread - 0] INFO  ozoneimpl.OzoneContainer (OzoneContainer.java:startContainerScrub(177)) - Background container scanner has been disabled.
2019-10-12 05:57:31,880 [Datanode State Machine Thread - 0] INFO  ratis.XceiverServerRatis (XceiverServerRatis.java:start(418)) - Starting XceiverServerRatis 4cb787cc-5b8c-440b-937f-f014624f89b3 at port 0
2019-10-12 05:57:31,888 [Datanode State Machine Thread - 0] INFO  impl.RaftServerProxy (RaftServerProxy.java:lambda$start$3(299)) - 4cb787cc-5b8c-440b-937f-f014624f89b3: start RPC server
2019-10-12 05:57:31,892 [Datanode State Machine Thread - 0] INFO  server.GrpcService (GrpcService.java:startImpl(158)) - 4cb787cc-5b8c-440b-937f-f014624f89b3: GrpcService started, listening on 0.0.0.0/0.0.0.0:44916
2019-10-12 05:57:31,892 [Datanode State Machine Thread - 0] INFO  ratis.XceiverServerRatis (XceiverServerRatis.java:start(428)) - XceiverServerRatis 4cb787cc-5b8c-440b-937f-f014624f89b3 is started using port 44916
2019-10-12 05:57:31,895 [Datanode State Machine Thread - 0] INFO  server.XceiverServerGrpc (XceiverServerGrpc.java:start(149)) - XceiverServerGrpc 4cb787cc-5b8c-440b-937f-f014624f89b3 is started using port 33759
2019-10-12 05:57:31,952 [Datanode State Machine Thread - 0] INFO  ozoneimpl.OzoneContainer (OzoneContainer.java:start(213)) - Attempting to start container services.
2019-10-12 05:57:31,952 [Datanode State Machine Thread - 0] INFO  ozoneimpl.OzoneContainer (OzoneContainer.java:startContainerScrub(177)) - Background container scanner has been disabled.
2019-10-12 05:57:31,952 [Datanode State Machine Thread - 0] INFO  ratis.XceiverServerRatis (XceiverServerRatis.java:start(418)) - Starting XceiverServerRatis 0db91b65-f97e-427c-9d16-0d785d0ff270 at port 0
2019-10-12 05:57:31,958 [Datanode State Machine Thread - 0] INFO  impl.RaftServerProxy (RaftServerProxy.java:lambda$start$3(299)) - 0db91b65-f97e-427c-9d16-0d785d0ff270: start RPC server
2019-10-12 05:57:31,959 [Datanode State Machine Thread - 0] INFO  server.GrpcService (GrpcService.java:startImpl(158)) - 0db91b65-f97e-427c-9d16-0d785d0ff270: GrpcService started, listening on 0.0.0.0/0.0.0.0:34517
2019-10-12 05:57:31,959 [Datanode State Machine Thread - 0] INFO  ratis.XceiverServerRatis (XceiverServerRatis.java:start(428)) - XceiverServerRatis 0db91b65-f97e-427c-9d16-0d785d0ff270 is started using port 34517
2019-10-12 05:57:31,962 [Datanode State Machine Thread - 0] INFO  server.XceiverServerGrpc (XceiverServerGrpc.java:start(149)) - XceiverServerGrpc 0db91b65-f97e-427c-9d16-0d785d0ff270 is started using port 34582
2019-10-12 05:57:32,000 [main] INFO  ozone.MiniOzoneClusterImpl (MiniOzoneClusterImpl.java:lambda$waitForClusterToBeReady$0(147)) - Waiting for cluster to be ready. Got 0 of 7 DN Heartbeats.
2019-10-12 05:57:32,013 [Datanode State Machine Thread - 0] INFO  ozoneimpl.OzoneContainer (OzoneContainer.java:start(213)) - Attempting to start container services.
2019-10-12 05:57:32,014 [Datanode State Machine Thread - 0] INFO  ozoneimpl.OzoneContainer (OzoneContainer.java:startContainerScrub(177)) - Background container scanner has been disabled.
2019-10-12 05:57:32,014 [Datanode State Machine Thread - 0] INFO  ratis.XceiverServerRatis (XceiverServerRatis.java:start(418)) - Starting XceiverServerRatis 1a818fde-eea8-4495-a2fc-409ba2557d4d at port 0
2019-10-12 05:57:32,019 [Datanode State Machine Thread - 0] INFO  impl.RaftServerProxy (RaftServerProxy.java:lambda$start$3(299)) - 1a818fde-eea8-4495-a2fc-409ba2557d4d: start RPC server
2019-10-12 05:57:32,023 [Datanode State Machine Thread - 0] INFO  server.GrpcService (GrpcService.java:startImpl(158)) - 1a818fde-eea8-4495-a2fc-409ba2557d4d: GrpcService started, listening on 0.0.0.0/0.0.0.0:32909
2019-10-12 05:57:32,023 [Datanode State Machine Thread - 0] INFO  ratis.XceiverServerRatis (XceiverServerRatis.java:start(428)) - XceiverServerRatis 1a818fde-eea8-4495-a2fc-409ba2557d4d is started using port 32909
2019-10-12 05:57:32,023 [Datanode State Machine Thread - 0] INFO  server.XceiverServerGrpc (XceiverServerGrpc.java:start(149)) - XceiverServerGrpc 1a818fde-eea8-4495-a2fc-409ba2557d4d is started using port 42948
2019-10-12 05:57:33,000 [main] INFO  ozone.MiniOzoneClusterImpl (MiniOzoneClusterImpl.java:lambda$waitForClusterToBeReady$0(147)) - Waiting for cluster to be ready. Got 0 of 7 DN Heartbeats.
2019-10-12 05:57:33,599 [IPC Server handler 0 on 38395] INFO  net.NetworkTopology (NetworkTopologyImpl.java:add(111)) - Added a new node: /default-rack/3d593385-3284-4335-8113-eed84e610307
2019-10-12 05:57:33,602 [IPC Server handler 0 on 38395] INFO  node.SCMNodeManager (SCMNodeManager.java:register(268)) - Registered Data node : 3d593385-3284-4335-8113-eed84e610307{ip: 192.168.5.146, host: pr-hdds-1737-b78td-2979900912, networkLocation: /default-rack, certSerialId: null}
2019-10-12 05:57:33,603 [EventQueue-NodeRegistrationContainerReportForDataNodeSafeModeRule] INFO  safemode.SCMSafeModeManager (DataNodeSafeModeRule.java:process(71)) - SCM in safe mode. 1 DataNodes registered, 1 required.
2019-10-12 05:57:33,606 [EventQueue-NodeRegistrationContainerReportForDataNodeSafeModeRule] INFO  safemode.SCMSafeModeManager (SCMSafeModeManager.java:validateSafeModeExitRules(177)) - ScmSafeModeManager, all rules are successfully validated
2019-10-12 05:57:33,606 [EventQueue-NodeRegistrationContainerReportForDataNodeSafeModeRule] INFO  safemode.SCMSafeModeManager (SCMSafeModeManager.java:exitSafeMode(193)) - SCM exiting safe mode.
2019-10-12 05:57:33,621 [grpc-default-executor-2] INFO  impl.RaftServerProxy (RaftServerProxy.java:addNew(89)) - 3d593385-3284-4335-8113-eed84e610307: addNew group-70B10A62935F:[3d593385-3284-4335-8113-eed84e610307:192.168.5.146:41694] returns group-70B10A62935F:java.util.concurrent.CompletableFuture@7ab76c02[Not completed]
2019-10-12 05:57:33,624 [pool-383-thread-1] INFO  impl.RaftServerImpl (RaftServerImpl.java:<init>(95)) - 3d593385-3284-4335-8113-eed84e610307: new RaftServerImpl for group-70B10A62935F:[3d593385-3284-4335-8113-eed84e610307:192.168.5.146:41694] with ContainerStateMachine:uninitialized
2019-10-12 05:57:33,624 [pool-383-thread-1] INFO  server.RaftServerConfigKeys (ConfUtils.java:logGet(43)) - raft.server.rpc.timeout.min = 5s (custom)
2019-10-12 05:57:33,624 [pool-383-thread-1] INFO  server.RaftServerConfigKeys (ConfUtils.java:logGet(43)) - raft.server.rpc.timeout.max = 5200ms (custom)
2019-10-12 05:57:33,625 [pool-383-thread-1] INFO  server.RaftServerConfigKeys (ConfUtils.java:logGet(43)) - raft.server.rpcslowness.timeout = 120s (custom)
2019-10-12 05:57:33,625 [pool-383-thread-1] INFO  server.RaftServerConfigKeys (ConfUtils.java:logGet(43)) - raft.server.sleep.deviation.threshold = 300 (default)
2019-10-12 05:57:33,625 [pool-383-thread-1] INFO  server.RaftServerConfigKeys (ConfUtils.java:logGet(43)) - raft.server.log.appender.install.snapshot.enabled = false (custom)
2019-10-12 05:57:33,625 [pool-383-thread-1] INFO  impl.RaftServerImpl (ServerState.java:<init>(103)) - 3d593385-3284-4335-8113-eed84e610307@group-70B10A62935F: ConfigurationManager, init=-1: [3d593385-3284-4335-8113-eed84e610307:192.168.5.146:41694], old=null, confs=<EMPTY_MAP>
2019-10-12 05:57:33,625 [pool-383-thread-1] INFO  server.RaftServerConfigKeys (ConfUtils.java:logGet(43)) - raft.server.storage.dir = [/workdir/hadoop-ozone/integration-test/target/test-dir/MiniOzoneClusterImpl-cecd90c6-9ab0-4b6e-ab80-1ea15920844d/datanode-0/data/ratis] (custom)
2019-10-12 05:57:33,626 [pool-383-thread-1] INFO  server.RaftServerConfigKeys (ConfUtils.java:logGet(43)) - raft.server.log.corruption.policy = EXCEPTION (default)
2019-10-12 05:57:33,626 [pool-383-thread-1] INFO  storage.RaftStorageDirectory (RaftStorageDirectory.java:analyzeStorage(246)) - The storage directory /workdir/hadoop-ozone/integration-test/target/test-dir/MiniOzoneClusterImpl-cecd90c6-9ab0-4b6e-ab80-1ea15920844d/datanode-0/data/ratis/baf68476-a71e-4e99-a893-70b10a62935f does not exist. Creating ...
2019-10-12 05:57:33,640 [pool-383-thread-1] INFO  storage.RaftStorageDirectory (RaftStorageDirectory.java:tryLock(328)) - Lock on /workdir/hadoop-ozone/integration-test/target/test-dir/MiniOzoneClusterImpl-cecd90c6-9ab0-4b6e-ab80-1ea15920844d/datanode-0/data/ratis/baf68476-a71e-4e99-a893-70b10a62935f/in_use.lock acquired by nodename 24009@pr-hdds-1737-b78td-2979900912
2019-10-12 05:57:33,653 [pool-383-thread-1] INFO  storage.RaftStorage (RaftStorage.java:format(84)) - Storage directory /workdir/hadoop-ozone/integration-test/target/test-dir/MiniOzoneClusterImpl-cecd90c6-9ab0-4b6e-ab80-1ea15920844d/datanode-0/data/ratis/baf68476-a71e-4e99-a893-70b10a62935f has been successfully formatted.
2019-10-12 05:57:33,653 [pool-383-thread-1] INFO  ratis.ContainerStateMachine (ContainerStateMachine.java:loadSnapshot(231)) - group-70B10A62935F: The snapshot info is null. Setting the last applied indexto:(t:0, i:~)
2019-10-12 05:57:33,653 [pool-383-thread-1] INFO  server.RaftServerConfigKeys (ConfUtils.java:logGet(43)) - raft.server.notification.no-leader.timeout = 120s (custom)
2019-10-12 05:57:33,653 [pool-383-thread-1] INFO  server.RaftServerConfigKeys (ConfUtils.java:logGet(43)) - raft.server.log.use.memory = false (default)
2019-10-12 05:57:33,654 [pool-383-thread-1] INFO  server.RaftServerConfigKeys (ConfUtils.java:logGet(43)) - raft.server.log.purge.gap = 1000000 (custom)
2019-10-12 05:57:33,654 [pool-383-thread-1] INFO  server.RaftServerConfigKeys (ConfUtils.java:logGet(43)) - raft.server.log.appender.buffer.byte-limit = 33554432 (custom)
2019-10-12 05:57:33,654 [pool-383-thread-1] INFO  server.RaftServerConfigKeys (ConfUtils.java:logGet(43)) - raft.server.log.segment.size.max = 1048576 (custom)
2019-10-12 05:57:33,656 [pool-383-thread-1] INFO  server.RaftServerConfigKeys (ConfUtils.java:logGet(43)) - raft.server.log.segment.cache.num.max = 2 (custom)
2019-10-12 05:57:33,656 [pool-383-thread-1] INFO  segmented.SegmentedRaftLogWorker (SegmentedRaftLogWorker.java:<init>(173)) - new 3d593385-3284-4335-8113-eed84e610307@group-70B10A62935F-SegmentedRaftLogWorker for RaftStorage:Storage Directory /workdir/hadoop-ozone/integration-test/target/test-dir/MiniOzoneClusterImpl-cecd90c6-9ab0-4b6e-ab80-1ea15920844d/datanode-0/data/ratis/baf68476-a71e-4e99-a893-70b10a62935f
2019-10-12 05:57:33,656 [pool-383-thread-1] INFO  server.RaftServerConfigKeys (ConfUtils.java:logGet(43)) - raft.server.log.queue.byte-limit = 2147483647 (custom)
2019-10-12 05:57:33,657 [pool-383-thread-1] INFO  server.RaftServerConfigKeys (ConfUtils.java:logGet(43)) - raft.server.log.queue.element-limit = 1024 (custom)
2019-10-12 05:57:33,657 [pool-383-thread-1] INFO  server.RaftServerConfigKeys (ConfUtils.java:logGet(43)) - raft.server.log.segment.size.max = 1048576 (custom)
2019-10-12 05:57:33,657 [pool-383-thread-1] INFO  server.RaftServerConfigKeys (ConfUtils.java:logGet(43)) - raft.server.log.preallocated.size = 16384 (custom)
2019-10-12 05:57:33,657 [pool-383-thread-1] INFO  server.RaftServerConfigKeys (ConfUtils.java:logGet(43)) - raft.server.log.write.buffer.size = 33554432 (custom)
2019-10-12 05:57:33,657 [pool-383-thread-1] INFO  server.RaftServerConfigKeys (ConfUtils.java:logGet(43)) - raft.server.log.force.sync.num = 128 (default)
2019-10-12 05:57:33,657 [pool-383-thread-1] INFO  server.RaftServerConfigKeys (ConfUtils.java:logGet(43)) - raft.server.log.statemachine.data.sync = true (default)
2019-10-12 05:57:33,657 [pool-383-thread-1] INFO  server.RaftServerConfigKeys (ConfUtils.java:logGet(43)) - raft.server.log.statemachine.data.sync.timeout = 10s (default)
2019-10-12 05:57:33,657 [pool-383-thread-1] INFO  server.RaftServerConfigKeys (ConfUtils.java:logGet(43)) - raft.server.log.statemachine.data.sync.timeout.retry = -1 (default)
2019-10-12 05:57:33,658 [pool-383-thread-1] INFO  server.RaftServerConfigKeys (ConfUtils.java:logGet(43)) - raft.server.log.statemachine.data.caching.enabled = true (custom)
2019-10-12 05:57:33,658 [pool-383-thread-1] INFO  segmented.SegmentedRaftLogWorker (SegmentedRaftLogWorker.java:lambda$new$0(128)) - 3d593385-3284-4335-8113-eed84e610307@group-70B10A62935F-SegmentedRaftLogWorker: flushIndex: setUnconditionally 0 -> -1
2019-10-12 05:57:33,659 [pool-383-thread-1] INFO  server.RaftServerConfigKeys (ConfUtils.java:logGet(43)) - raft.server.snapshot.auto.trigger.enabled = true (custom)
2019-10-12 05:57:33,659 [pool-383-thread-1] INFO  server.RaftServerConfigKeys (ConfUtils.java:logGet(43)) - raft.server.snapshot.auto.trigger.threshold = 10000 (custom)
2019-10-12 05:57:33,659 [pool-383-thread-1] INFO  server.RaftServerConfigKeys (ConfUtils.java:logGet(43)) - raft.server.snapshot.retention.file.num = 5 (custom)
2019-10-12 05:57:33,659 [pool-383-thread-1] INFO  server.RaftServerConfigKeys (ConfUtils.java:logGet(43)) - raft.server.retrycache.expirytime = 600000ms (custom)
2019-10-12 05:57:33,661 [IPC Server handler 2 on 38395] INFO  net.NetworkTopology (NetworkTopologyImpl.java:add(111)) - Added a new node: /default-rack/7cdb1fc2-8df0-45e9-af1c-ad61a9693d73
2019-10-12 05:57:33,661 [IPC Server handler 2 on 38395] INFO  node.SCMNodeManager (SCMNodeManager.java:register(268)) - Registered Data node : 7cdb1fc2-8df0-45e9-af1c-ad61a9693d73{ip: 192.168.5.146, host: pr-hdds-1737-b78td-2979900912, networkLocation: /default-rack, certSerialId: null}
2019-10-12 05:57:33,661 [pool-383-thread-1] INFO  impl.RaftServerImpl (RaftServerImpl.java:start(181)) - 3d593385-3284-4335-8113-eed84e610307@group-70B10A62935F: start as a follower, conf=-1: [3d593385-3284-4335-8113-eed84e610307:192.168.5.146:41694], old=null
2019-10-12 05:57:33,662 [pool-383-thread-1] INFO  impl.RaftServerImpl (RaftServerImpl.java:setRole(170)) - 3d593385-3284-4335-8113-eed84e610307@group-70B10A62935F: changes role from      null to FOLLOWER at term 0 for startAsFollower
2019-10-12 05:57:33,662 [pool-383-thread-1] INFO  impl.RoleInfo (RoleInfo.java:updateAndGet(143)) - 3d593385-3284-4335-8113-eed84e610307: start FollowerState
2019-10-12 05:57:33,662 [pool-383-thread-1] INFO  util.JmxRegister (JmxRegister.java:tryRegister(44)) - Successfully registered JMX Bean with object name Ratis:service=RaftServer,group=group-70B10A62935F,id=3d593385-3284-4335-8113-eed84e610307
2019-10-12 05:57:33,667 [RatisPipelineUtilsThread] INFO  pipeline.PipelineStateManager (PipelineStateManager.java:addPipeline(56)) - Created pipeline Pipeline[ Id: baf68476-a71e-4e99-a893-70b10a62935f, Nodes: 3d593385-3284-4335-8113-eed84e610307{ip: 192.168.5.146, host: pr-hdds-1737-b78td-2979900912, networkLocation: /default-rack, certSerialId: null}, Type:RATIS, Factor:ONE, State:OPEN]
2019-10-12 05:57:33,675 [grpc-default-executor-2] INFO  impl.RaftServerProxy (RaftServerProxy.java:addNew(89)) - 7cdb1fc2-8df0-45e9-af1c-ad61a9693d73: addNew group-8B89BF001058:[7cdb1fc2-8df0-45e9-af1c-ad61a9693d73:192.168.5.146:44348] returns group-8B89BF001058:java.util.concurrent.CompletableFuture@f9f3d60[Not completed]
2019-10-12 05:57:33,676 [pool-393-thread-1] INFO  impl.RaftServerImpl (RaftServerImpl.java:<init>(95)) - 7cdb1fc2-8df0-45e9-af1c-ad61a9693d73: new RaftServerImpl for group-8B89BF001058:[7cdb1fc2-8df0-45e9-af1c-ad61a9693d73:192.168.5.146:44348] with ContainerStateMachine:uninitialized
2019-10-12 05:57:33,677 [pool-393-thread-1] INFO  server.RaftServerConfigKeys (ConfUtils.java:logGet(43)) - raft.server.rpc.timeout.min = 5s (custom)
2019-10-12 05:57:33,677 [pool-393-thread-1] INFO  server.RaftServerConfigKeys (ConfUtils.java:logGet(43)) - raft.server.rpc.timeout.max = 5200ms (custom)
2019-10-12 05:57:33,677 [pool-393-thread-1] INFO  server.RaftServerConfigKeys (ConfUtils.java:logGet(43)) - raft.server.rpcslowness.timeout = 120s (custom)
2019-10-12 05:57:33,677 [pool-393-thread-1] INFO  server.RaftServerConfigKeys (ConfUtils.java:logGet(43)) - raft.server.sleep.deviation.threshold = 300 (default)
2019-10-12 05:57:33,677 [pool-393-thread-1] INFO  server.RaftServerConfigKeys (ConfUtils.java:logGet(43)) - raft.server.log.appender.install.snapshot.enabled = false (custom)
2019-10-12 05:57:33,677 [pool-393-thread-1] INFO  impl.RaftServerImpl (ServerState.java:<init>(103)) - 7cdb1fc2-8df0-45e9-af1c-ad61a9693d73@group-8B89BF001058: ConfigurationManager, init=-1: [7cdb1fc2-8df0-45e9-af1c-ad61a9693d73:192.168.5.146:44348], old=null, confs=<EMPTY_MAP>
2019-10-12 05:57:33,677 [pool-393-thread-1] INFO  server.RaftServerConfigKeys (ConfUtils.java:logGet(43)) - raft.server.storage.dir = [/workdir/hadoop-ozone/integration-test/target/test-dir/MiniOzoneClusterImpl-cecd90c6-9ab0-4b6e-ab80-1ea15920844d/datanode-1/data/ratis] (custom)
2019-10-12 05:57:33,677 [pool-393-thread-1] INFO  server.RaftServerConfigKeys (ConfUtils.java:logGet(43)) - raft.server.log.corruption.policy = EXCEPTION (default)
2019-10-12 05:57:33,678 [pool-393-thread-1] INFO  storage.RaftStorageDirectory (RaftStorageDirectory.java:analyzeStorage(246)) - The storage directory /workdir/hadoop-ozone/integration-test/target/test-dir/MiniOzoneClusterImpl-cecd90c6-9ab0-4b6e-ab80-1ea15920844d/datanode-1/data/ratis/5cedce77-3ed8-4b07-a6d8-8b89bf001058 does not exist. Creating ...
2019-10-12 05:57:33,691 [pool-393-thread-1] INFO  storage.RaftStorageDirectory (RaftStorageDirectory.java:tryLock(328)) - Lock on /workdir/hadoop-ozone/integration-test/target/test-dir/MiniOzoneClusterImpl-cecd90c6-9ab0-4b6e-ab80-1ea15920844d/datanode-1/data/ratis/5cedce77-3ed8-4b07-a6d8-8b89bf001058/in_use.lock acquired by nodename 24009@pr-hdds-1737-b78td-2979900912
2019-10-12 05:57:33,704 [pool-393-thread-1] INFO  storage.RaftStorage (RaftStorage.java:format(84)) - Storage directory /workdir/hadoop-ozone/integration-test/target/test-dir/MiniOzoneClusterImpl-cecd90c6-9ab0-4b6e-ab80-1ea15920844d/datanode-1/data/ratis/5cedce77-3ed8-4b07-a6d8-8b89bf001058 has been successfully formatted.
2019-10-12 05:57:33,704 [pool-393-thread-1] INFO  ratis.ContainerStateMachine (ContainerStateMachine.java:loadSnapshot(231)) - group-8B89BF001058: The snapshot info is null. Setting the last applied indexto:(t:0, i:~)
2019-10-12 05:57:33,704 [pool-393-thread-1] INFO  server.RaftServerConfigKeys (ConfUtils.java:logGet(43)) - raft.server.notification.no-leader.timeout = 120s (custom)
2019-10-12 05:57:33,705 [pool-393-thread-1] INFO  server.RaftServerConfigKeys (ConfUtils.java:logGet(43)) - raft.server.log.use.memory = false (default)
2019-10-12 05:57:33,705 [pool-393-thread-1] INFO  server.RaftServerConfigKeys (ConfUtils.java:logGet(43)) - raft.server.log.purge.gap = 1000000 (custom)
2019-10-12 05:57:33,705 [pool-393-thread-1] INFO  server.RaftServerConfigKeys (ConfUtils.java:logGet(43)) - raft.server.log.appender.buffer.byte-limit = 33554432 (custom)
2019-10-12 05:57:33,705 [pool-393-thread-1] INFO  server.RaftServerConfigKeys (ConfUtils.java:logGet(43)) - raft.server.log.segment.size.max = 1048576 (custom)
2019-10-12 05:57:33,706 [pool-393-thread-1] INFO  server.RaftServerConfigKeys (ConfUtils.java:logGet(43)) - raft.server.log.segment.cache.num.max = 2 (custom)
2019-10-12 05:57:33,706 [pool-393-thread-1] INFO  segmented.SegmentedRaftLogWorker (SegmentedRaftLogWorker.java:<init>(173)) - new 7cdb1fc2-8df0-45e9-af1c-ad61a9693d73@group-8B89BF001058-SegmentedRaftLogWorker for RaftStorage:Storage Directory /workdir/hadoop-ozone/integration-test/target/test-dir/MiniOzoneClusterImpl-cecd90c6-9ab0-4b6e-ab80-1ea15920844d/datanode-1/data/ratis/5cedce77-3ed8-4b07-a6d8-8b89bf001058
2019-10-12 05:57:33,706 [pool-393-thread-1] INFO  server.RaftServerConfigKeys (ConfUtils.java:logGet(43)) - raft.server.log.queue.byte-limit = 2147483647 (custom)
2019-10-12 05:57:33,706 [pool-393-thread-1] INFO  server.RaftServerConfigKeys (ConfUtils.java:logGet(43)) - raft.server.log.queue.element-limit = 1024 (custom)
2019-10-12 05:57:33,706 [pool-393-thread-1] INFO  server.RaftServerConfigKeys (ConfUtils.java:logGet(43)) - raft.server.log.segment.size.max = 1048576 (custom)
2019-10-12 05:57:33,707 [pool-393-thread-1] INFO  server.RaftServerConfigKeys (ConfUtils.java:logGet(43)) - raft.server.log.preallocated.size = 16384 (custom)
2019-10-12 05:57:33,707 [pool-393-thread-1] INFO  server.RaftServerConfigKeys (ConfUtils.java:logGet(43)) - raft.server.log.write.buffer.size = 33554432 (custom)
2019-10-12 05:57:33,707 [pool-393-thread-1] INFO  server.RaftServerConfigKeys (ConfUtils.java:logGet(43)) - raft.server.log.force.sync.num = 128 (default)
2019-10-12 05:57:33,707 [pool-393-thread-1] INFO  server.RaftServerConfigKeys (ConfUtils.java:logGet(43)) - raft.server.log.statemachine.data.sync = true (default)
2019-10-12 05:57:33,707 [pool-393-thread-1] INFO  server.RaftServerConfigKeys (ConfUtils.java:logGet(43)) - raft.server.log.statemachine.data.sync.timeout = 10s (default)
2019-10-12 05:57:33,707 [pool-393-thread-1] INFO  server.RaftServerConfigKeys (ConfUtils.java:logGet(43)) - raft.server.log.statemachine.data.sync.timeout.retry = -1 (default)
2019-10-12 05:57:33,707 [pool-393-thread-1] INFO  server.RaftServerConfigKeys (ConfUtils.java:logGet(43)) - raft.server.log.statemachine.data.caching.enabled = true (custom)
2019-10-12 05:57:33,707 [pool-393-thread-1] INFO  segmented.SegmentedRaftLogWorker (SegmentedRaftLogWorker.java:lambda$new$0(128)) - 7cdb1fc2-8df0-45e9-af1c-ad61a9693d73@group-8B89BF001058-SegmentedRaftLogWorker: flushIndex: setUnconditionally 0 -> -1
2019-10-12 05:57:33,708 [pool-393-thread-1] INFO  server.RaftServerConfigKeys (ConfUtils.java:logGet(43)) - raft.server.snapshot.auto.trigger.enabled = true (custom)
2019-10-12 05:57:33,708 [pool-393-thread-1] INFO  server.RaftServerConfigKeys (ConfUtils.java:logGet(43)) - raft.server.snapshot.auto.trigger.threshold = 10000 (custom)
2019-10-12 05:57:33,708 [pool-393-thread-1] INFO  server.RaftServerConfigKeys (ConfUtils.java:logGet(43)) - raft.server.snapshot.retention.file.num = 5 (custom)
2019-10-12 05:57:33,708 [pool-393-thread-1] INFO  server.RaftServerConfigKeys (ConfUtils.java:logGet(43)) - raft.server.retrycache.expirytime = 600000ms (custom)
2019-10-12 05:57:33,709 [pool-393-thread-1] INFO  impl.RaftServerImpl (RaftServerImpl.java:start(181)) - 7cdb1fc2-8df0-45e9-af1c-ad61a9693d73@group-8B89BF001058: start as a follower, conf=-1: [7cdb1fc2-8df0-45e9-af1c-ad61a9693d73:192.168.5.146:44348], old=null
2019-10-12 05:57:33,709 [pool-393-thread-1] INFO  impl.RaftServerImpl (RaftServerImpl.java:setRole(170)) - 7cdb1fc2-8df0-45e9-af1c-ad61a9693d73@group-8B89BF001058: changes role from      null to FOLLOWER at term 0 for startAsFollower
2019-10-12 05:57:33,709 [pool-393-thread-1] INFO  impl.RoleInfo (RoleInfo.java:updateAndGet(143)) - 7cdb1fc2-8df0-45e9-af1c-ad61a9693d73: start FollowerState
2019-10-12 05:57:33,710 [pool-393-thread-1] INFO  util.JmxRegister (JmxRegister.java:tryRegister(44)) - Successfully registered JMX Bean with object name Ratis:service=RaftServer,group=group-8B89BF001058,id=7cdb1fc2-8df0-45e9-af1c-ad61a9693d73
2019-10-12 05:57:33,713 [RatisPipelineUtilsThread] INFO  pipeline.PipelineStateManager (PipelineStateManager.java:addPipeline(56)) - Created pipeline Pipeline[ Id: 5cedce77-3ed8-4b07-a6d8-8b89bf001058, Nodes: 7cdb1fc2-8df0-45e9-af1c-ad61a9693d73{ip: 192.168.5.146, host: pr-hdds-1737-b78td-2979900912, networkLocation: /default-rack, certSerialId: null}, Type:RATIS, Factor:ONE, State:OPEN]
2019-10-12 05:57:33,728 [IPC Server handler 16 on 38395] INFO  net.NetworkTopology (NetworkTopologyImpl.java:add(111)) - Added a new node: /default-rack/865cadc9-9a6b-495c-9837-1e7c19652a6e
2019-10-12 05:57:33,728 [IPC Server handler 16 on 38395] INFO  node.SCMNodeManager (SCMNodeManager.java:register(268)) - Registered Data node : 865cadc9-9a6b-495c-9837-1e7c19652a6e{ip: 192.168.5.146, host: pr-hdds-1737-b78td-2979900912, networkLocation: /default-rack, certSerialId: null}
2019-10-12 05:57:33,734 [grpc-default-executor-2] INFO  impl.RaftServerProxy (RaftServerProxy.java:addNew(89)) - 865cadc9-9a6b-495c-9837-1e7c19652a6e: addNew group-DF0216919C85:[865cadc9-9a6b-495c-9837-1e7c19652a6e:192.168.5.146:34810] returns group-DF0216919C85:java.util.concurrent.CompletableFuture@cdeef40[Not completed]
2019-10-12 05:57:33,735 [pool-403-thread-1] INFO  impl.RaftServerImpl (RaftServerImpl.java:<init>(95)) - 865cadc9-9a6b-495c-9837-1e7c19652a6e: new RaftServerImpl for group-DF0216919C85:[865cadc9-9a6b-495c-9837-1e7c19652a6e:192.168.5.146:34810] with ContainerStateMachine:uninitialized
2019-10-12 05:57:33,735 [pool-403-thread-1] INFO  server.RaftServerConfigKeys (ConfUtils.java:logGet(43)) - raft.server.rpc.timeout.min = 5s (custom)
2019-10-12 05:57:33,735 [pool-403-thread-1] INFO  server.RaftServerConfigKeys (ConfUtils.java:logGet(43)) - raft.server.rpc.timeout.max = 5200ms (custom)
2019-10-12 05:57:33,735 [pool-403-thread-1] INFO  server.RaftServerConfigKeys (ConfUtils.java:logGet(43)) - raft.server.rpcslowness.timeout = 120s (custom)
2019-10-12 05:57:33,735 [pool-403-thread-1] INFO  server.RaftServerConfigKeys (ConfUtils.java:logGet(43)) - raft.server.sleep.deviation.threshold = 300 (default)
2019-10-12 05:57:33,735 [pool-403-thread-1] INFO  server.RaftServerConfigKeys (ConfUtils.java:logGet(43)) - raft.server.log.appender.install.snapshot.enabled = false (custom)
2019-10-12 05:57:33,735 [pool-403-thread-1] INFO  impl.RaftServerImpl (ServerState.java:<init>(103)) - 865cadc9-9a6b-495c-9837-1e7c19652a6e@group-DF0216919C85: ConfigurationManager, init=-1: [865cadc9-9a6b-495c-9837-1e7c19652a6e:192.168.5.146:34810], old=null, confs=<EMPTY_MAP>
2019-10-12 05:57:33,735 [pool-403-thread-1] INFO  server.RaftServerConfigKeys (ConfUtils.java:logGet(43)) - raft.server.storage.dir = [/workdir/hadoop-ozone/integration-test/target/test-dir/MiniOzoneClusterImpl-cecd90c6-9ab0-4b6e-ab80-1ea15920844d/datanode-2/data/ratis] (custom)
2019-10-12 05:57:33,736 [pool-403-thread-1] INFO  server.RaftServerConfigKeys (ConfUtils.java:logGet(43)) - raft.server.log.corruption.policy = EXCEPTION (default)
2019-10-12 05:57:33,736 [pool-403-thread-1] INFO  storage.RaftStorageDirectory (RaftStorageDirectory.java:analyzeStorage(246)) - The storage directory /workdir/hadoop-ozone/integration-test/target/test-dir/MiniOzoneClusterImpl-cecd90c6-9ab0-4b6e-ab80-1ea15920844d/datanode-2/data/ratis/d3f52a57-5fa2-40ca-af0c-df0216919c85 does not exist. Creating ...
2019-10-12 05:57:33,748 [pool-403-thread-1] INFO  storage.RaftStorageDirectory (RaftStorageDirectory.java:tryLock(328)) - Lock on /workdir/hadoop-ozone/integration-test/target/test-dir/MiniOzoneClusterImpl-cecd90c6-9ab0-4b6e-ab80-1ea15920844d/datanode-2/data/ratis/d3f52a57-5fa2-40ca-af0c-df0216919c85/in_use.lock acquired by nodename 24009@pr-hdds-1737-b78td-2979900912
2019-10-12 05:57:33,760 [pool-403-thread-1] INFO  storage.RaftStorage (RaftStorage.java:format(84)) - Storage directory /workdir/hadoop-ozone/integration-test/target/test-dir/MiniOzoneClusterImpl-cecd90c6-9ab0-4b6e-ab80-1ea15920844d/datanode-2/data/ratis/d3f52a57-5fa2-40ca-af0c-df0216919c85 has been successfully formatted.
2019-10-12 05:57:33,761 [pool-403-thread-1] INFO  ratis.ContainerStateMachine (ContainerStateMachine.java:loadSnapshot(231)) - group-DF0216919C85: The snapshot info is null. Setting the last applied indexto:(t:0, i:~)
2019-10-12 05:57:33,761 [pool-403-thread-1] INFO  server.RaftServerConfigKeys (ConfUtils.java:logGet(43)) - raft.server.notification.no-leader.timeout = 120s (custom)
2019-10-12 05:57:33,761 [pool-403-thread-1] INFO  server.RaftServerConfigKeys (ConfUtils.java:logGet(43)) - raft.server.log.use.memory = false (default)
2019-10-12 05:57:33,761 [pool-403-thread-1] INFO  server.RaftServerConfigKeys (ConfUtils.java:logGet(43)) - raft.server.log.purge.gap = 1000000 (custom)
2019-10-12 05:57:33,761 [pool-403-thread-1] INFO  server.RaftServerConfigKeys (ConfUtils.java:logGet(43)) - raft.server.log.appender.buffer.byte-limit = 33554432 (custom)
2019-10-12 05:57:33,761 [pool-403-thread-1] INFO  server.RaftServerConfigKeys (ConfUtils.java:logGet(43)) - raft.server.log.segment.size.max = 1048576 (custom)
2019-10-12 05:57:33,762 [pool-403-thread-1] INFO  server.RaftServerConfigKeys (ConfUtils.java:logGet(43)) - raft.server.log.segment.cache.num.max = 2 (custom)
2019-10-12 05:57:33,763 [pool-403-thread-1] INFO  segmented.SegmentedRaftLogWorker (SegmentedRaftLogWorker.java:<init>(173)) - new 865cadc9-9a6b-495c-9837-1e7c19652a6e@group-DF0216919C85-SegmentedRaftLogWorker for RaftStorage:Storage Directory /workdir/hadoop-ozone/integration-test/target/test-dir/MiniOzoneClusterImpl-cecd90c6-9ab0-4b6e-ab80-1ea15920844d/datanode-2/data/ratis/d3f52a57-5fa2-40ca-af0c-df0216919c85
2019-10-12 05:57:33,763 [pool-403-thread-1] INFO  server.RaftServerConfigKeys (ConfUtils.java:logGet(43)) - raft.server.log.queue.byte-limit = 2147483647 (custom)
2019-10-12 05:57:33,763 [pool-403-thread-1] INFO  server.RaftServerConfigKeys (ConfUtils.java:logGet(43)) - raft.server.log.queue.element-limit = 1024 (custom)
2019-10-12 05:57:33,763 [pool-403-thread-1] INFO  server.RaftServerConfigKeys (ConfUtils.java:logGet(43)) - raft.server.log.segment.size.max = 1048576 (custom)
2019-10-12 05:57:33,763 [pool-403-thread-1] INFO  server.RaftServerConfigKeys (ConfUtils.java:logGet(43)) - raft.server.log.preallocated.size = 16384 (custom)
2019-10-12 05:57:33,763 [pool-403-thread-1] INFO  server.RaftServerConfigKeys (ConfUtils.java:logGet(43)) - raft.server.log.write.buffer.size = 33554432 (custom)
2019-10-12 05:57:33,763 [pool-403-thread-1] INFO  server.RaftServerConfigKeys (ConfUtils.java:logGet(43)) - raft.server.log.force.sync.num = 128 (default)
2019-10-12 05:57:33,763 [pool-403-thread-1] INFO  server.RaftServerConfigKeys (ConfUtils.java:logGet(43)) - raft.server.log.statemachine.data.sync = true (default)
2019-10-12 05:57:33,763 [pool-403-thread-1] INFO  server.RaftServerConfigKeys (ConfUtils.java:logGet(43)) - raft.server.log.statemachine.data.sync.timeout = 10s (default)
2019-10-12 05:57:33,763 [pool-403-thread-1] INFO  server.RaftServerConfigKeys (ConfUtils.java:logGet(43)) - raft.server.log.statemachine.data.sync.timeout.retry = -1 (default)
2019-10-12 05:57:33,764 [pool-403-thread-1] INFO  server.RaftServerConfigKeys (ConfUtils.java:logGet(43)) - raft.server.log.statemachine.data.caching.enabled = true (custom)
2019-10-12 05:57:33,764 [pool-403-thread-1] INFO  segmented.SegmentedRaftLogWorker (SegmentedRaftLogWorker.java:lambda$new$0(128)) - 865cadc9-9a6b-495c-9837-1e7c19652a6e@group-DF0216919C85-SegmentedRaftLogWorker: flushIndex: setUnconditionally 0 -> -1
2019-10-12 05:57:33,764 [pool-403-thread-1] INFO  server.RaftServerConfigKeys (ConfUtils.java:logGet(43)) - raft.server.snapshot.auto.trigger.enabled = true (custom)
2019-10-12 05:57:33,764 [pool-403-thread-1] INFO  server.RaftServerConfigKeys (ConfUtils.java:logGet(43)) - raft.server.snapshot.auto.trigger.threshold = 10000 (custom)
2019-10-12 05:57:33,764 [pool-403-thread-1] INFO  server.RaftServerConfigKeys (ConfUtils.java:logGet(43)) - raft.server.snapshot.retention.file.num = 5 (custom)
2019-10-12 05:57:33,764 [pool-403-thread-1] INFO  server.RaftServerConfigKeys (ConfUtils.java:logGet(43)) - raft.server.retrycache.expirytime = 600000ms (custom)
2019-10-12 05:57:33,766 [pool-403-thread-1] INFO  impl.RaftServerImpl (RaftServerImpl.java:start(181)) - 865cadc9-9a6b-495c-9837-1e7c19652a6e@group-DF0216919C85: start as a follower, conf=-1: [865cadc9-9a6b-495c-9837-1e7c19652a6e:192.168.5.146:34810], old=null
2019-10-12 05:57:33,766 [pool-403-thread-1] INFO  impl.RaftServerImpl (RaftServerImpl.java:setRole(170)) - 865cadc9-9a6b-495c-9837-1e7c19652a6e@group-DF0216919C85: changes role from      null to FOLLOWER at term 0 for startAsFollower
2019-10-12 05:57:33,766 [pool-403-thread-1] INFO  impl.RoleInfo (RoleInfo.java:updateAndGet(143)) - 865cadc9-9a6b-495c-9837-1e7c19652a6e: start FollowerState
2019-10-12 05:57:33,767 [pool-403-thread-1] INFO  util.JmxRegister (JmxRegister.java:tryRegister(44)) - Successfully registered JMX Bean with object name Ratis:service=RaftServer,group=group-DF0216919C85,id=865cadc9-9a6b-495c-9837-1e7c19652a6e
2019-10-12 05:57:33,771 [RatisPipelineUtilsThread] INFO  pipeline.PipelineStateManager (PipelineStateManager.java:addPipeline(56)) - Created pipeline Pipeline[ Id: d3f52a57-5fa2-40ca-af0c-df0216919c85, Nodes: 865cadc9-9a6b-495c-9837-1e7c19652a6e{ip: 192.168.5.146, host: pr-hdds-1737-b78td-2979900912, networkLocation: /default-rack, certSerialId: null}, Type:RATIS, Factor:ONE, State:OPEN]
2019-10-12 05:57:33,781 [grpc-default-executor-1] INFO  impl.RaftServerProxy (RaftServerProxy.java:addNew(89)) - 7cdb1fc2-8df0-45e9-af1c-ad61a9693d73: addNew group-A42A2B0F365A:[3d593385-3284-4335-8113-eed84e610307:192.168.5.146:41694, 865cadc9-9a6b-495c-9837-1e7c19652a6e:192.168.5.146:34810, 7cdb1fc2-8df0-45e9-af1c-ad61a9693d73:192.168.5.146:44348] returns group-A42A2B0F365A:java.util.concurrent.CompletableFuture@e277f2[Not completed]
2019-10-12 05:57:33,782 [grpc-default-executor-1] INFO  impl.RaftServerProxy (RaftServerProxy.java:addNew(89)) - 3d593385-3284-4335-8113-eed84e610307: addNew group-A42A2B0F365A:[3d593385-3284-4335-8113-eed84e610307:192.168.5.146:41694, 865cadc9-9a6b-495c-9837-1e7c19652a6e:192.168.5.146:34810, 7cdb1fc2-8df0-45e9-af1c-ad61a9693d73:192.168.5.146:44348] returns group-A42A2B0F365A:java.util.concurrent.CompletableFuture@621126c4[Not completed]
2019-10-12 05:57:33,782 [pool-393-thread-1] INFO  impl.RaftServerImpl (RaftServerImpl.java:<init>(95)) - 7cdb1fc2-8df0-45e9-af1c-ad61a9693d73: new RaftServerImpl for group-A42A2B0F365A:[3d593385-3284-4335-8113-eed84e610307:192.168.5.146:41694, 865cadc9-9a6b-495c-9837-1e7c19652a6e:192.168.5.146:34810, 7cdb1fc2-8df0-45e9-af1c-ad61a9693d73:192.168.5.146:44348] with ContainerStateMachine:uninitialized
2019-10-12 05:57:33,782 [grpc-default-executor-2] INFO  impl.RaftServerProxy (RaftServerProxy.java:addNew(89)) - 865cadc9-9a6b-495c-9837-1e7c19652a6e: addNew group-A42A2B0F365A:[3d593385-3284-4335-8113-eed84e610307:192.168.5.146:41694, 865cadc9-9a6b-495c-9837-1e7c19652a6e:192.168.5.146:34810, 7cdb1fc2-8df0-45e9-af1c-ad61a9693d73:192.168.5.146:44348] returns group-A42A2B0F365A:java.util.concurrent.CompletableFuture@7868f1df[Not completed]
2019-10-12 05:57:33,782 [pool-393-thread-1] INFO  server.RaftServerConfigKeys (ConfUtils.java:logGet(43)) - raft.server.rpc.timeout.min = 5s (custom)
2019-10-12 05:57:33,782 [pool-393-thread-1] INFO  server.RaftServerConfigKeys (ConfUtils.java:logGet(43)) - raft.server.rpc.timeout.max = 5200ms (custom)
2019-10-12 05:57:33,782 [pool-393-thread-1] INFO  server.RaftServerConfigKeys (ConfUtils.java:logGet(43)) - raft.server.rpcslowness.timeout = 120s (custom)
2019-10-12 05:57:33,783 [pool-393-thread-1] INFO  server.RaftServerConfigKeys (ConfUtils.java:logGet(43)) - raft.server.sleep.deviation.threshold = 300 (default)
2019-10-12 05:57:33,783 [pool-393-thread-1] INFO  server.RaftServerConfigKeys (ConfUtils.java:logGet(43)) - raft.server.log.appender.install.snapshot.enabled = false (custom)
2019-10-12 05:57:33,783 [pool-393-thread-1] INFO  impl.RaftServerImpl (ServerState.java:<init>(103)) - 7cdb1fc2-8df0-45e9-af1c-ad61a9693d73@group-A42A2B0F365A: ConfigurationManager, init=-1: [3d593385-3284-4335-8113-eed84e610307:192.168.5.146:41694, 865cadc9-9a6b-495c-9837-1e7c19652a6e:192.168.5.146:34810, 7cdb1fc2-8df0-45e9-af1c-ad61a9693d73:192.168.5.146:44348], old=null, confs=<EMPTY_MAP>
2019-10-12 05:57:33,783 [pool-383-thread-1] INFO  impl.RaftServerImpl (RaftServerImpl.java:<init>(95)) - 3d593385-3284-4335-8113-eed84e610307: new RaftServerImpl for group-A42A2B0F365A:[3d593385-3284-4335-8113-eed84e610307:192.168.5.146:41694, 865cadc9-9a6b-495c-9837-1e7c19652a6e:192.168.5.146:34810, 7cdb1fc2-8df0-45e9-af1c-ad61a9693d73:192.168.5.146:44348] with ContainerStateMachine:uninitialized
2019-10-12 05:57:33,783 [pool-393-thread-1] INFO  server.RaftServerConfigKeys (ConfUtils.java:logGet(43)) - raft.server.storage.dir = [/workdir/hadoop-ozone/integration-test/target/test-dir/MiniOzoneClusterImpl-cecd90c6-9ab0-4b6e-ab80-1ea15920844d/datanode-1/data/ratis] (custom)
2019-10-12 05:57:33,783 [pool-383-thread-1] INFO  server.RaftServerConfigKeys (ConfUtils.java:logGet(43)) - raft.server.rpc.timeout.min = 5s (custom)
2019-10-12 05:57:33,783 [pool-393-thread-1] INFO  server.RaftServerConfigKeys (ConfUtils.java:logGet(43)) - raft.server.log.corruption.policy = EXCEPTION (default)
2019-10-12 05:57:33,783 [pool-383-thread-1] INFO  server.RaftServerConfigKeys (ConfUtils.java:logGet(43)) - raft.server.rpc.timeout.max = 5200ms (custom)
2019-10-12 05:57:33,783 [pool-393-thread-1] INFO  storage.RaftStorageDirectory (RaftStorageDirectory.java:analyzeStorage(246)) - The storage directory /workdir/hadoop-ozone/integration-test/target/test-dir/MiniOzoneClusterImpl-cecd90c6-9ab0-4b6e-ab80-1ea15920844d/datanode-1/data/ratis/980d77d3-2bc2-4370-ae3e-a42a2b0f365a does not exist. Creating ...
2019-10-12 05:57:33,783 [pool-403-thread-1] INFO  impl.RaftServerImpl (RaftServerImpl.java:<init>(95)) - 865cadc9-9a6b-495c-9837-1e7c19652a6e: new RaftServerImpl for group-A42A2B0F365A:[3d593385-3284-4335-8113-eed84e610307:192.168.5.146:41694, 865cadc9-9a6b-495c-9837-1e7c19652a6e:192.168.5.146:34810, 7cdb1fc2-8df0-45e9-af1c-ad61a9693d73:192.168.5.146:44348] with ContainerStateMachine:uninitialized
2019-10-12 05:57:33,783 [pool-383-thread-1] INFO  server.RaftServerConfigKeys (ConfUtils.java:logGet(43)) - raft.server.rpcslowness.timeout = 120s (custom)
2019-10-12 05:57:33,784 [pool-403-thread-1] INFO  server.RaftServerConfigKeys (ConfUtils.java:logGet(43)) - raft.server.rpc.timeout.min = 5s (custom)
2019-10-12 05:57:33,784 [pool-383-thread-1] INFO  server.RaftServerConfigKeys (ConfUtils.java:logGet(43)) - raft.server.sleep.deviation.threshold = 300 (default)
2019-10-12 05:57:33,784 [pool-403-thread-1] INFO  server.RaftServerConfigKeys (ConfUtils.java:logGet(43)) - raft.server.rpc.timeout.max = 5200ms (custom)
2019-10-12 05:57:33,784 [pool-383-thread-1] INFO  server.RaftServerConfigKeys (ConfUtils.java:logGet(43)) - raft.server.log.appender.install.snapshot.enabled = false (custom)
2019-10-12 05:57:33,784 [pool-403-thread-1] INFO  server.RaftServerConfigKeys (ConfUtils.java:logGet(43)) - raft.server.rpcslowness.timeout = 120s (custom)
2019-10-12 05:57:33,784 [pool-383-thread-1] INFO  impl.RaftServerImpl (ServerState.java:<init>(103)) - 3d593385-3284-4335-8113-eed84e610307@group-A42A2B0F365A: ConfigurationManager, init=-1: [3d593385-3284-4335-8113-eed84e610307:192.168.5.146:41694, 865cadc9-9a6b-495c-9837-1e7c19652a6e:192.168.5.146:34810, 7cdb1fc2-8df0-45e9-af1c-ad61a9693d73:192.168.5.146:44348], old=null, confs=<EMPTY_MAP>
2019-10-12 05:57:33,784 [pool-403-thread-1] INFO  server.RaftServerConfigKeys (ConfUtils.java:logGet(43)) - raft.server.sleep.deviation.threshold = 300 (default)
2019-10-12 05:57:33,784 [pool-383-thread-1] INFO  server.RaftServerConfigKeys (ConfUtils.java:logGet(43)) - raft.server.storage.dir = [/workdir/hadoop-ozone/integration-test/target/test-dir/MiniOzoneClusterImpl-cecd90c6-9ab0-4b6e-ab80-1ea15920844d/datanode-0/data/ratis] (custom)
2019-10-12 05:57:33,784 [pool-403-thread-1] INFO  server.RaftServerConfigKeys (ConfUtils.java:logGet(43)) - raft.server.log.appender.install.snapshot.enabled = false (custom)
2019-10-12 05:57:33,785 [pool-383-thread-1] INFO  server.RaftServerConfigKeys (ConfUtils.java:logGet(43)) - raft.server.log.corruption.policy = EXCEPTION (default)
2019-10-12 05:57:33,785 [pool-403-thread-1] INFO  impl.RaftServerImpl (ServerState.java:<init>(103)) - 865cadc9-9a6b-495c-9837-1e7c19652a6e@group-A42A2B0F365A: ConfigurationManager, init=-1: [3d593385-3284-4335-8113-eed84e610307:192.168.5.146:41694, 865cadc9-9a6b-495c-9837-1e7c19652a6e:192.168.5.146:34810, 7cdb1fc2-8df0-45e9-af1c-ad61a9693d73:192.168.5.146:44348], old=null, confs=<EMPTY_MAP>
2019-10-12 05:57:33,785 [pool-383-thread-1] INFO  storage.RaftStorageDirectory (RaftStorageDirectory.java:analyzeStorage(246)) - The storage directory /workdir/hadoop-ozone/integration-test/target/test-dir/MiniOzoneClusterImpl-cecd90c6-9ab0-4b6e-ab80-1ea15920844d/datanode-0/data/ratis/980d77d3-2bc2-4370-ae3e-a42a2b0f365a does not exist. Creating ...
2019-10-12 05:57:33,785 [pool-403-thread-1] INFO  server.RaftServerConfigKeys (ConfUtils.java:logGet(43)) - raft.server.storage.dir = [/workdir/hadoop-ozone/integration-test/target/test-dir/MiniOzoneClusterImpl-cecd90c6-9ab0-4b6e-ab80-1ea15920844d/datanode-2/data/ratis] (custom)
2019-10-12 05:57:33,785 [pool-403-thread-1] INFO  server.RaftServerConfigKeys (ConfUtils.java:logGet(43)) - raft.server.log.corruption.policy = EXCEPTION (default)
2019-10-12 05:57:33,786 [pool-403-thread-1] INFO  storage.RaftStorageDirectory (RaftStorageDirectory.java:analyzeStorage(246)) - The storage directory /workdir/hadoop-ozone/integration-test/target/test-dir/MiniOzoneClusterImpl-cecd90c6-9ab0-4b6e-ab80-1ea15920844d/datanode-2/data/ratis/980d77d3-2bc2-4370-ae3e-a42a2b0f365a does not exist. Creating ...
2019-10-12 05:57:33,797 [IPC Server handler 17 on 38395] INFO  net.NetworkTopology (NetworkTopologyImpl.java:add(111)) - Added a new node: /default-rack/2a909488-23eb-449f-a481-fdfd3438e3d8
2019-10-12 05:57:33,797 [IPC Server handler 17 on 38395] INFO  node.SCMNodeManager (SCMNodeManager.java:register(268)) - Registered Data node : 2a909488-23eb-449f-a481-fdfd3438e3d8{ip: 192.168.5.146, host: pr-hdds-1737-b78td-2979900912, networkLocation: /default-rack, certSerialId: null}
2019-10-12 05:57:33,808 [pool-403-thread-1] INFO  storage.RaftStorageDirectory (RaftStorageDirectory.java:tryLock(328)) - Lock on /workdir/hadoop-ozone/integration-test/target/test-dir/MiniOzoneClusterImpl-cecd90c6-9ab0-4b6e-ab80-1ea15920844d/datanode-2/data/ratis/980d77d3-2bc2-4370-ae3e-a42a2b0f365a/in_use.lock acquired by nodename 24009@pr-hdds-1737-b78td-2979900912
2019-10-12 05:57:33,808 [pool-393-thread-1] INFO  storage.RaftStorageDirectory (RaftStorageDirectory.java:tryLock(328)) - Lock on /workdir/hadoop-ozone/integration-test/target/test-dir/MiniOzoneClusterImpl-cecd90c6-9ab0-4b6e-ab80-1ea15920844d/datanode-1/data/ratis/980d77d3-2bc2-4370-ae3e-a42a2b0f365a/in_use.lock acquired by nodename 24009@pr-hdds-1737-b78td-2979900912
2019-10-12 05:57:33,808 [pool-383-thread-1] INFO  storage.RaftStorageDirectory (RaftStorageDirectory.java:tryLock(328)) - Lock on /workdir/hadoop-ozone/integration-test/target/test-dir/MiniOzoneClusterImpl-cecd90c6-9ab0-4b6e-ab80-1ea15920844d/datanode-0/data/ratis/980d77d3-2bc2-4370-ae3e-a42a2b0f365a/in_use.lock acquired by nodename 24009@pr-hdds-1737-b78td-2979900912
2019-10-12 05:57:33,833 [pool-393-thread-1] INFO  storage.RaftStorage (RaftStorage.java:format(84)) - Storage directory /workdir/hadoop-ozone/integration-test/target/test-dir/MiniOzoneClusterImpl-cecd90c6-9ab0-4b6e-ab80-1ea15920844d/datanode-1/data/ratis/980d77d3-2bc2-4370-ae3e-a42a2b0f365a has been successfully formatted.
2019-10-12 05:57:33,833 [pool-403-thread-1] INFO  storage.RaftStorage (RaftStorage.java:format(84)) - Storage directory /workdir/hadoop-ozone/integration-test/target/test-dir/MiniOzoneClusterImpl-cecd90c6-9ab0-4b6e-ab80-1ea15920844d/datanode-2/data/ratis/980d77d3-2bc2-4370-ae3e-a42a2b0f365a has been successfully formatted.
2019-10-12 05:57:33,833 [pool-383-thread-1] INFO  storage.RaftStorage (RaftStorage.java:format(84)) - Storage directory /workdir/hadoop-ozone/integration-test/target/test-dir/MiniOzoneClusterImpl-cecd90c6-9ab0-4b6e-ab80-1ea15920844d/datanode-0/data/ratis/980d77d3-2bc2-4370-ae3e-a42a2b0f365a has been successfully formatted.
2019-10-12 05:57:33,833 [pool-403-thread-1] INFO  ratis.ContainerStateMachine (ContainerStateMachine.java:loadSnapshot(231)) - group-A42A2B0F365A: The snapshot info is null. Setting the last applied indexto:(t:0, i:~)
2019-10-12 05:57:33,833 [pool-393-thread-1] INFO  ratis.ContainerStateMachine (ContainerStateMachine.java:loadSnapshot(231)) - group-A42A2B0F365A: The snapshot info is null. Setting the last applied indexto:(t:0, i:~)
2019-10-12 05:57:33,834 [pool-383-thread-1] INFO  ratis.ContainerStateMachine (ContainerStateMachine.java:loadSnapshot(231)) - group-A42A2B0F365A: The snapshot info is null. Setting the last applied indexto:(t:0, i:~)
2019-10-12 05:57:33,834 [pool-403-thread-1] INFO  server.RaftServerConfigKeys (ConfUtils.java:logGet(43)) - raft.server.notification.no-leader.timeout = 120s (custom)
2019-10-12 05:57:33,834 [pool-383-thread-1] INFO  server.RaftServerConfigKeys (ConfUtils.java:logGet(43)) - raft.server.notification.no-leader.timeout = 120s (custom)
2019-10-12 05:57:33,834 [pool-393-thread-1] INFO  server.RaftServerConfigKeys (ConfUtils.java:logGet(43)) - raft.server.notification.no-leader.timeout = 120s (custom)
2019-10-12 05:57:33,834 [pool-383-thread-1] INFO  server.RaftServerConfigKeys (ConfUtils.java:logGet(43)) - raft.server.log.use.memory = false (default)
2019-10-12 05:57:33,834 [pool-403-thread-1] INFO  server.RaftServerConfigKeys (ConfUtils.java:logGet(43)) - raft.server.log.use.memory = false (default)
2019-10-12 05:57:33,834 [pool-383-thread-1] INFO  server.RaftServerConfigKeys (ConfUtils.java:logGet(43)) - raft.server.log.purge.gap = 1000000 (custom)
2019-10-12 05:57:33,834 [pool-393-thread-1] INFO  server.RaftServerConfigKeys (ConfUtils.java:logGet(43)) - raft.server.log.use.memory = false (default)
2019-10-12 05:57:33,835 [pool-383-thread-1] INFO  server.RaftServerConfigKeys (ConfUtils.java:logGet(43)) - raft.server.log.appender.buffer.byte-limit = 33554432 (custom)
2019-10-12 05:57:33,834 [pool-403-thread-1] INFO  server.RaftServerConfigKeys (ConfUtils.java:logGet(43)) - raft.server.log.purge.gap = 1000000 (custom)
2019-10-12 05:57:33,835 [pool-383-thread-1] INFO  server.RaftServerConfigKeys (ConfUtils.java:logGet(43)) - raft.server.log.segment.size.max = 1048576 (custom)
2019-10-12 05:57:33,835 [pool-393-thread-1] INFO  server.RaftServerConfigKeys (ConfUtils.java:logGet(43)) - raft.server.log.purge.gap = 1000000 (custom)
2019-10-12 05:57:33,835 [pool-393-thread-1] INFO  server.RaftServerConfigKeys (ConfUtils.java:logGet(43)) - raft.server.log.appender.buffer.byte-limit = 33554432 (custom)
2019-10-12 05:57:33,835 [pool-383-thread-1] INFO  server.RaftServerConfigKeys (ConfUtils.java:logGet(43)) - raft.server.log.segment.cache.num.max = 2 (custom)
2019-10-12 05:57:33,835 [pool-403-thread-1] INFO  server.RaftServerConfigKeys (ConfUtils.java:logGet(43)) - raft.server.log.appender.buffer.byte-limit = 33554432 (custom)
2019-10-12 05:57:33,836 [pool-383-thread-1] INFO  segmented.SegmentedRaftLogWorker (SegmentedRaftLogWorker.java:<init>(173)) - new 3d593385-3284-4335-8113-eed84e610307@group-A42A2B0F365A-SegmentedRaftLogWorker for RaftStorage:Storage Directory /workdir/hadoop-ozone/integration-test/target/test-dir/MiniOzoneClusterImpl-cecd90c6-9ab0-4b6e-ab80-1ea15920844d/datanode-0/data/ratis/980d77d3-2bc2-4370-ae3e-a42a2b0f365a
2019-10-12 05:57:33,835 [pool-393-thread-1] INFO  server.RaftServerConfigKeys (ConfUtils.java:logGet(43)) - raft.server.log.segment.size.max = 1048576 (custom)
2019-10-12 05:57:33,836 [pool-383-thread-1] INFO  server.RaftServerConfigKeys (ConfUtils.java:logGet(43)) - raft.server.log.queue.byte-limit = 2147483647 (custom)
2019-10-12 05:57:33,836 [pool-403-thread-1] INFO  server.RaftServerConfigKeys (ConfUtils.java:logGet(43)) - raft.server.log.segment.size.max = 1048576 (custom)
2019-10-12 05:57:33,836 [pool-383-thread-1] INFO  server.RaftServerConfigKeys (ConfUtils.java:logGet(43)) - raft.server.log.queue.element-limit = 1024 (custom)
2019-10-12 05:57:33,836 [pool-393-thread-1] INFO  server.RaftServerConfigKeys (ConfUtils.java:logGet(43)) - raft.server.log.segment.cache.num.max = 2 (custom)
2019-10-12 05:57:33,836 [pool-383-thread-1] INFO  server.RaftServerConfigKeys (ConfUtils.java:logGet(43)) - raft.server.log.segment.size.max = 1048576 (custom)
2019-10-12 05:57:33,836 [pool-403-thread-1] INFO  server.RaftServerConfigKeys (ConfUtils.java:logGet(43)) - raft.server.log.segment.cache.num.max = 2 (custom)
2019-10-12 05:57:33,837 [pool-383-thread-1] INFO  server.RaftServerConfigKeys (ConfUtils.java:logGet(43)) - raft.server.log.preallocated.size = 16384 (custom)
2019-10-12 05:57:33,837 [pool-383-thread-1] INFO  server.RaftServerConfigKeys (ConfUtils.java:logGet(43)) - raft.server.log.write.buffer.size = 33554432 (custom)
2019-10-12 05:57:33,837 [pool-393-thread-1] INFO  segmented.SegmentedRaftLogWorker (SegmentedRaftLogWorker.java:<init>(173)) - new 7cdb1fc2-8df0-45e9-af1c-ad61a9693d73@group-A42A2B0F365A-SegmentedRaftLogWorker for RaftStorage:Storage Directory /workdir/hadoop-ozone/integration-test/target/test-dir/MiniOzoneClusterImpl-cecd90c6-9ab0-4b6e-ab80-1ea15920844d/datanode-1/data/ratis/980d77d3-2bc2-4370-ae3e-a42a2b0f365a
2019-10-12 05:57:33,837 [pool-383-thread-1] INFO  server.RaftServerConfigKeys (ConfUtils.java:logGet(43)) - raft.server.log.force.sync.num = 128 (default)
2019-10-12 05:57:33,837 [pool-403-thread-1] INFO  segmented.SegmentedRaftLogWorker (SegmentedRaftLogWorker.java:<init>(173)) - new 865cadc9-9a6b-495c-9837-1e7c19652a6e@group-A42A2B0F365A-SegmentedRaftLogWorker for RaftStorage:Storage Directory /workdir/hadoop-ozone/integration-test/target/test-dir/MiniOzoneClusterImpl-cecd90c6-9ab0-4b6e-ab80-1ea15920844d/datanode-2/data/ratis/980d77d3-2bc2-4370-ae3e-a42a2b0f365a
2019-10-12 05:57:33,837 [pool-383-thread-1] INFO  server.RaftServerConfigKeys (ConfUtils.java:logGet(43)) - raft.server.log.statemachine.data.sync = true (default)
2019-10-12 05:57:33,837 [pool-393-thread-1] INFO  server.RaftServerConfigKeys (ConfUtils.java:logGet(43)) - raft.server.log.queue.byte-limit = 2147483647 (custom)
2019-10-12 05:57:33,838 [pool-383-thread-1] INFO  server.RaftServerConfigKeys (ConfUtils.java:logGet(43)) - raft.server.log.statemachine.data.sync.timeout = 10s (default)
2019-10-12 05:57:33,838 [pool-383-thread-1] INFO  server.RaftServerConfigKeys (ConfUtils.java:logGet(43)) - raft.server.log.statemachine.data.sync.timeout.retry = -1 (default)
2019-10-12 05:57:33,838 [pool-403-thread-1] INFO  server.RaftServerConfigKeys (ConfUtils.java:logGet(43)) - raft.server.log.queue.byte-limit = 2147483647 (custom)
2019-10-12 05:57:33,838 [pool-383-thread-1] INFO  server.RaftServerConfigKeys (ConfUtils.java:logGet(43)) - raft.server.log.statemachine.data.caching.enabled = true (custom)
2019-10-12 05:57:33,838 [pool-393-thread-1] INFO  server.RaftServerConfigKeys (ConfUtils.java:logGet(43)) - raft.server.log.queue.element-limit = 1024 (custom)
2019-10-12 05:57:33,838 [pool-403-thread-1] INFO  server.RaftServerConfigKeys (ConfUtils.java:logGet(43)) - raft.server.log.queue.element-limit = 1024 (custom)
2019-10-12 05:57:33,839 [pool-383-thread-1] INFO  segmented.SegmentedRaftLogWorker (SegmentedRaftLogWorker.java:lambda$new$0(128)) - 3d593385-3284-4335-8113-eed84e610307@group-A42A2B0F365A-SegmentedRaftLogWorker: flushIndex: setUnconditionally 0 -> -1
2019-10-12 05:57:33,839 [pool-393-thread-1] INFO  server.RaftServerConfigKeys (ConfUtils.java:logGet(43)) - raft.server.log.segment.size.max = 1048576 (custom)
2019-10-12 05:57:33,839 [pool-403-thread-1] INFO  server.RaftServerConfigKeys (ConfUtils.java:logGet(43)) - raft.server.log.segment.size.max = 1048576 (custom)
2019-10-12 05:57:33,839 [pool-383-thread-1] INFO  server.RaftServerConfigKeys (ConfUtils.java:logGet(43)) - raft.server.snapshot.auto.trigger.enabled = true (custom)
2019-10-12 05:57:33,839 [pool-393-thread-1] INFO  server.RaftServerConfigKeys (ConfUtils.java:logGet(43)) - raft.server.log.preallocated.size = 16384 (custom)
2019-10-12 05:57:33,839 [pool-383-thread-1] INFO  server.RaftServerConfigKeys (ConfUtils.java:logGet(43)) - raft.server.snapshot.auto.trigger.threshold = 10000 (custom)
2019-10-12 05:57:33,839 [pool-383-thread-1] INFO  server.RaftServerConfigKeys (ConfUtils.java:logGet(43)) - raft.server.snapshot.retention.file.num = 5 (custom)
2019-10-12 05:57:33,839 [pool-403-thread-1] INFO  server.RaftServerConfigKeys (ConfUtils.java:logGet(43)) - raft.server.log.preallocated.size = 16384 (custom)
2019-10-12 05:57:33,840 [pool-383-thread-1] INFO  server.RaftServerConfigKeys (ConfUtils.java:logGet(43)) - raft.server.retrycache.expirytime = 600000ms (custom)
2019-10-12 05:57:33,839 [pool-393-thread-1] INFO  server.RaftServerConfigKeys (ConfUtils.java:logGet(43)) - raft.server.log.write.buffer.size = 33554432 (custom)
2019-10-12 05:57:33,840 [pool-403-thread-1] INFO  server.RaftServerConfigKeys (ConfUtils.java:logGet(43)) - raft.server.log.write.buffer.size = 33554432 (custom)
2019-10-12 05:57:33,840 [pool-393-thread-1] INFO  server.RaftServerConfigKeys (ConfUtils.java:logGet(43)) - raft.server.log.force.sync.num = 128 (default)
2019-10-12 05:57:33,840 [pool-403-thread-1] INFO  server.RaftServerConfigKeys (ConfUtils.java:logGet(43)) - raft.server.log.force.sync.num = 128 (default)
2019-10-12 05:57:33,840 [pool-393-thread-1] INFO  server.RaftServerConfigKeys (ConfUtils.java:logGet(43)) - raft.server.log.statemachine.data.sync = true (default)
2019-10-12 05:57:33,840 [pool-403-thread-1] INFO  server.RaftServerConfigKeys (ConfUtils.java:logGet(43)) - raft.server.log.statemachine.data.sync = true (default)
2019-10-12 05:57:33,840 [pool-393-thread-1] INFO  server.RaftServerConfigKeys (ConfUtils.java:logGet(43)) - raft.server.log.statemachine.data.sync.timeout = 10s (default)
2019-10-12 05:57:33,841 [pool-403-thread-1] INFO  server.RaftServerConfigKeys (ConfUtils.java:logGet(43)) - raft.server.log.statemachine.data.sync.timeout = 10s (default)
2019-10-12 05:57:33,841 [pool-393-thread-1] INFO  server.RaftServerConfigKeys (ConfUtils.java:logGet(43)) - raft.server.log.statemachine.data.sync.timeout.retry = -1 (default)
2019-10-12 05:57:33,841 [pool-403-thread-1] INFO  server.RaftServerConfigKeys (ConfUtils.java:logGet(43)) - raft.server.log.statemachine.data.sync.timeout.retry = -1 (default)
2019-10-12 05:57:33,841 [pool-393-thread-1] INFO  server.RaftServerConfigKeys (ConfUtils.java:logGet(43)) - raft.server.log.statemachine.data.caching.enabled = true (custom)
2019-10-12 05:57:33,841 [pool-403-thread-1] INFO  server.RaftServerConfigKeys (ConfUtils.java:logGet(43)) - raft.server.log.statemachine.data.caching.enabled = true (custom)
2019-10-12 05:57:33,841 [pool-393-thread-1] INFO  segmented.SegmentedRaftLogWorker (SegmentedRaftLogWorker.java:lambda$new$0(128)) - 7cdb1fc2-8df0-45e9-af1c-ad61a9693d73@group-A42A2B0F365A-SegmentedRaftLogWorker: flushIndex: setUnconditionally 0 -> -1
2019-10-12 05:57:33,841 [pool-403-thread-1] INFO  segmented.SegmentedRaftLogWorker (SegmentedRaftLogWorker.java:lambda$new$0(128)) - 865cadc9-9a6b-495c-9837-1e7c19652a6e@group-A42A2B0F365A-SegmentedRaftLogWorker: flushIndex: setUnconditionally 0 -> -1
2019-10-12 05:57:33,841 [pool-393-thread-1] INFO  server.RaftServerConfigKeys (ConfUtils.java:logGet(43)) - raft.server.snapshot.auto.trigger.enabled = true (custom)
2019-10-12 05:57:33,842 [pool-393-thread-1] INFO  server.RaftServerConfigKeys (ConfUtils.java:logGet(43)) - raft.server.snapshot.auto.trigger.threshold = 10000 (custom)
2019-10-12 05:57:33,842 [pool-403-thread-1] INFO  server.RaftServerConfigKeys (ConfUtils.java:logGet(43)) - raft.server.snapshot.auto.trigger.enabled = true (custom)
2019-10-12 05:57:33,842 [pool-383-thread-1] INFO  impl.RaftServerImpl (RaftServerImpl.java:start(181)) - 3d593385-3284-4335-8113-eed84e610307@group-A42A2B0F365A: start as a follower, conf=-1: [3d593385-3284-4335-8113-eed84e610307:192.168.5.146:41694, 865cadc9-9a6b-495c-9837-1e7c19652a6e:192.168.5.146:34810, 7cdb1fc2-8df0-45e9-af1c-ad61a9693d73:192.168.5.146:44348], old=null
2019-10-12 05:57:33,842 [pool-403-thread-1] INFO  server.RaftServerConfigKeys (ConfUtils.java:logGet(43)) - raft.server.snapshot.auto.trigger.threshold = 10000 (custom)
2019-10-12 05:57:33,842 [pool-393-thread-1] INFO  server.RaftServerConfigKeys (ConfUtils.java:logGet(43)) - raft.server.snapshot.retention.file.num = 5 (custom)
2019-10-12 05:57:33,842 [pool-403-thread-1] INFO  server.RaftServerConfigKeys (ConfUtils.java:logGet(43)) - raft.server.snapshot.retention.file.num = 5 (custom)
2019-10-12 05:57:33,842 [pool-383-thread-1] INFO  impl.RaftServerImpl (RaftServerImpl.java:setRole(170)) - 3d593385-3284-4335-8113-eed84e610307@group-A42A2B0F365A: changes role from      null to FOLLOWER at term 0 for startAsFollower
2019-10-12 05:57:33,842 [pool-403-thread-1] INFO  server.RaftServerConfigKeys (ConfUtils.java:logGet(43)) - raft.server.retrycache.expirytime = 600000ms (custom)
2019-10-12 05:57:33,842 [pool-393-thread-1] INFO  server.RaftServerConfigKeys (ConfUtils.java:logGet(43)) - raft.server.retrycache.expirytime = 600000ms (custom)
2019-10-12 05:57:33,842 [pool-383-thread-1] INFO  impl.RoleInfo (RoleInfo.java:updateAndGet(143)) - 3d593385-3284-4335-8113-eed84e610307: start FollowerState
2019-10-12 05:57:33,843 [pool-383-thread-1] INFO  util.JmxRegister (JmxRegister.java:tryRegister(44)) - Successfully registered JMX Bean with object name Ratis:service=RaftServer,group=group-A42A2B0F365A,id=3d593385-3284-4335-8113-eed84e610307
2019-10-12 05:57:33,846 [pool-403-thread-1] INFO  impl.RaftServerImpl (RaftServerImpl.java:start(181)) - 865cadc9-9a6b-495c-9837-1e7c19652a6e@group-A42A2B0F365A: start as a follower, conf=-1: [3d593385-3284-4335-8113-eed84e610307:192.168.5.146:41694, 865cadc9-9a6b-495c-9837-1e7c19652a6e:192.168.5.146:34810, 7cdb1fc2-8df0-45e9-af1c-ad61a9693d73:192.168.5.146:44348], old=null
2019-10-12 05:57:33,846 [pool-393-thread-1] INFO  impl.RaftServerImpl (RaftServerImpl.java:start(181)) - 7cdb1fc2-8df0-45e9-af1c-ad61a9693d73@group-A42A2B0F365A: start as a follower, conf=-1: [3d593385-3284-4335-8113-eed84e610307:192.168.5.146:41694, 865cadc9-9a6b-495c-9837-1e7c19652a6e:192.168.5.146:34810, 7cdb1fc2-8df0-45e9-af1c-ad61a9693d73:192.168.5.146:44348], old=null
2019-10-12 05:57:33,846 [pool-403-thread-1] INFO  impl.RaftServerImpl (RaftServerImpl.java:setRole(170)) - 865cadc9-9a6b-495c-9837-1e7c19652a6e@group-A42A2B0F365A: changes role from      null to FOLLOWER at term 0 for startAsFollower
2019-10-12 05:57:33,846 [pool-393-thread-1] INFO  impl.RaftServerImpl (RaftServerImpl.java:setRole(170)) - 7cdb1fc2-8df0-45e9-af1c-ad61a9693d73@group-A42A2B0F365A: changes role from      null to FOLLOWER at term 0 for startAsFollower
2019-10-12 05:57:33,846 [pool-403-thread-1] INFO  impl.RoleInfo (RoleInfo.java:updateAndGet(143)) - 865cadc9-9a6b-495c-9837-1e7c19652a6e: start FollowerState
2019-10-12 05:57:33,846 [pool-393-thread-1] INFO  impl.RoleInfo (RoleInfo.java:updateAndGet(143)) - 7cdb1fc2-8df0-45e9-af1c-ad61a9693d73: start FollowerState
2019-10-12 05:57:33,847 [pool-403-thread-1] INFO  util.JmxRegister (JmxRegister.java:tryRegister(44)) - Successfully registered JMX Bean with object name Ratis:service=RaftServer,group=group-A42A2B0F365A,id=865cadc9-9a6b-495c-9837-1e7c19652a6e
2019-10-12 05:57:33,847 [pool-393-thread-1] INFO  util.JmxRegister (JmxRegister.java:tryRegister(44)) - Successfully registered JMX Bean with object name Ratis:service=RaftServer,group=group-A42A2B0F365A,id=7cdb1fc2-8df0-45e9-af1c-ad61a9693d73
2019-10-12 05:57:33,852 [RatisPipelineUtilsThread] INFO  pipeline.PipelineStateManager (PipelineStateManager.java:addPipeline(56)) - Created pipeline Pipeline[ Id: 980d77d3-2bc2-4370-ae3e-a42a2b0f365a, Nodes: 3d593385-3284-4335-8113-eed84e610307{ip: 192.168.5.146, host: pr-hdds-1737-b78td-2979900912, networkLocation: /default-rack, certSerialId: null}865cadc9-9a6b-495c-9837-1e7c19652a6e{ip: 192.168.5.146, host: pr-hdds-1737-b78td-2979900912, networkLocation: /default-rack, certSerialId: null}7cdb1fc2-8df0-45e9-af1c-ad61a9693d73{ip: 192.168.5.146, host: pr-hdds-1737-b78td-2979900912, networkLocation: /default-rack, certSerialId: null}, Type:RATIS, Factor:THREE, State:OPEN]
2019-10-12 05:57:33,867 [IPC Server handler 18 on 38395] INFO  net.NetworkTopology (NetworkTopologyImpl.java:add(111)) - Added a new node: /default-rack/4cb787cc-5b8c-440b-937f-f014624f89b3
2019-10-12 05:57:33,867 [IPC Server handler 18 on 38395] INFO  node.SCMNodeManager (SCMNodeManager.java:register(268)) - Registered Data node : 4cb787cc-5b8c-440b-937f-f014624f89b3{ip: 192.168.5.146, host: pr-hdds-1737-b78td-2979900912, networkLocation: /default-rack, certSerialId: null}
2019-10-12 05:57:33,879 [grpc-default-executor-2] INFO  impl.RaftServerProxy (RaftServerProxy.java:addNew(89)) - 2a909488-23eb-449f-a481-fdfd3438e3d8: addNew group-582977F25B6F:[2a909488-23eb-449f-a481-fdfd3438e3d8:192.168.5.146:32935] returns group-582977F25B6F:java.util.concurrent.CompletableFuture@314d07af[Not completed]
2019-10-12 05:57:33,880 [pool-413-thread-1] INFO  impl.RaftServerImpl (RaftServerImpl.java:<init>(95)) - 2a909488-23eb-449f-a481-fdfd3438e3d8: new RaftServerImpl for group-582977F25B6F:[2a909488-23eb-449f-a481-fdfd3438e3d8:192.168.5.146:32935] with ContainerStateMachine:uninitialized
2019-10-12 05:57:33,880 [pool-413-thread-1] INFO  server.RaftServerConfigKeys (ConfUtils.java:logGet(43)) - raft.server.rpc.timeout.min = 5s (custom)
2019-10-12 05:57:33,880 [pool-413-thread-1] INFO  server.RaftServerConfigKeys (ConfUtils.java:logGet(43)) - raft.server.rpc.timeout.max = 5200ms (custom)
2019-10-12 05:57:33,880 [pool-413-thread-1] INFO  server.RaftServerConfigKeys (ConfUtils.java:logGet(43)) - raft.server.rpcslowness.timeout = 120s (custom)
2019-10-12 05:57:33,880 [pool-413-thread-1] INFO  server.RaftServerConfigKeys (ConfUtils.java:logGet(43)) - raft.server.sleep.deviation.threshold = 300 (default)
2019-10-12 05:57:33,881 [pool-413-thread-1] INFO  server.RaftServerConfigKeys (ConfUtils.java:logGet(43)) - raft.server.log.appender.install.snapshot.enabled = false (custom)
2019-10-12 05:57:33,881 [pool-413-thread-1] INFO  impl.RaftServerImpl (ServerState.java:<init>(103)) - 2a909488-23eb-449f-a481-fdfd3438e3d8@group-582977F25B6F: ConfigurationManager, init=-1: [2a909488-23eb-449f-a481-fdfd3438e3d8:192.168.5.146:32935], old=null, confs=<EMPTY_MAP>
2019-10-12 05:57:33,881 [pool-413-thread-1] INFO  server.RaftServerConfigKeys (ConfUtils.java:logGet(43)) - raft.server.storage.dir = [/workdir/hadoop-ozone/integration-test/target/test-dir/MiniOzoneClusterImpl-cecd90c6-9ab0-4b6e-ab80-1ea15920844d/datanode-3/data/ratis] (custom)
2019-10-12 05:57:33,881 [pool-413-thread-1] INFO  server.RaftServerConfigKeys (ConfUtils.java:logGet(43)) - raft.server.log.corruption.policy = EXCEPTION (default)
2019-10-12 05:57:33,882 [pool-413-thread-1] INFO  storage.RaftStorageDirectory (RaftStorageDirectory.java:analyzeStorage(246)) - The storage directory /workdir/hadoop-ozone/integration-test/target/test-dir/MiniOzoneClusterImpl-cecd90c6-9ab0-4b6e-ab80-1ea15920844d/datanode-3/data/ratis/dee3d5b9-a74f-4c38-88e9-582977f25b6f does not exist. Creating ...
2019-10-12 05:57:33,895 [pool-413-thread-1] INFO  storage.RaftStorageDirectory (RaftStorageDirectory.java:tryLock(328)) - Lock on /workdir/hadoop-ozone/integration-test/target/test-dir/MiniOzoneClusterImpl-cecd90c6-9ab0-4b6e-ab80-1ea15920844d/datanode-3/data/ratis/dee3d5b9-a74f-4c38-88e9-582977f25b6f/in_use.lock acquired by nodename 24009@pr-hdds-1737-b78td-2979900912
2019-10-12 05:57:33,912 [pool-413-thread-1] INFO  storage.RaftStorage (RaftStorage.java:format(84)) - Storage directory /workdir/hadoop-ozone/integration-test/target/test-dir/MiniOzoneClusterImpl-cecd90c6-9ab0-4b6e-ab80-1ea15920844d/datanode-3/data/ratis/dee3d5b9-a74f-4c38-88e9-582977f25b6f has been successfully formatted.
2019-10-12 05:57:33,912 [pool-413-thread-1] INFO  ratis.ContainerStateMachine (ContainerStateMachine.java:loadSnapshot(231)) - group-582977F25B6F: The snapshot info is null. Setting the last applied indexto:(t:0, i:~)
2019-10-12 05:57:33,912 [pool-413-thread-1] INFO  server.RaftServerConfigKeys (ConfUtils.java:logGet(43)) - raft.server.notification.no-leader.timeout = 120s (custom)
2019-10-12 05:57:33,912 [pool-413-thread-1] INFO  server.RaftServerConfigKeys (ConfUtils.java:logGet(43)) - raft.server.log.use.memory = false (default)
2019-10-12 05:57:33,912 [pool-413-thread-1] INFO  server.RaftServerConfigKeys (ConfUtils.java:logGet(43)) - raft.server.log.purge.gap = 1000000 (custom)
2019-10-12 05:57:33,913 [pool-413-thread-1] INFO  server.RaftServerConfigKeys (ConfUtils.java:logGet(43)) - raft.server.log.appender.buffer.byte-limit = 33554432 (custom)
2019-10-12 05:57:33,913 [pool-413-thread-1] INFO  server.RaftServerConfigKeys (ConfUtils.java:logGet(43)) - raft.server.log.segment.size.max = 1048576 (custom)
2019-10-12 05:57:33,914 [pool-413-thread-1] INFO  server.RaftServerConfigKeys (ConfUtils.java:logGet(43)) - raft.server.log.segment.cache.num.max = 2 (custom)
2019-10-12 05:57:33,914 [pool-413-thread-1] INFO  segmented.SegmentedRaftLogWorker (SegmentedRaftLogWorker.java:<init>(173)) - new 2a909488-23eb-449f-a481-fdfd3438e3d8@group-582977F25B6F-SegmentedRaftLogWorker for RaftStorage:Storage Directory /workdir/hadoop-ozone/integration-test/target/test-dir/MiniOzoneClusterImpl-cecd90c6-9ab0-4b6e-ab80-1ea15920844d/datanode-3/data/ratis/dee3d5b9-a74f-4c38-88e9-582977f25b6f
2019-10-12 05:57:33,915 [pool-413-thread-1] INFO  server.RaftServerConfigKeys (ConfUtils.java:logGet(43)) - raft.server.log.queue.byte-limit = 2147483647 (custom)
2019-10-12 05:57:33,915 [pool-413-thread-1] INFO  server.RaftServerConfigKeys (ConfUtils.java:logGet(43)) - raft.server.log.queue.element-limit = 1024 (custom)
2019-10-12 05:57:33,915 [pool-413-thread-1] INFO  server.RaftServerConfigKeys (ConfUtils.java:logGet(43)) - raft.server.log.segment.size.max = 1048576 (custom)
2019-10-12 05:57:33,915 [pool-413-thread-1] INFO  server.RaftServerConfigKeys (ConfUtils.java:logGet(43)) - raft.server.log.preallocated.size = 16384 (custom)
2019-10-12 05:57:33,915 [pool-413-thread-1] INFO  server.RaftServerConfigKeys (ConfUtils.java:logGet(43)) - raft.server.log.write.buffer.size = 33554432 (custom)
2019-10-12 05:57:33,915 [pool-413-thread-1] INFO  server.RaftServerConfigKeys (ConfUtils.java:logGet(43)) - raft.server.log.force.sync.num = 128 (default)
2019-10-12 05:57:33,915 [pool-413-thread-1] INFO  server.RaftServerConfigKeys (ConfUtils.java:logGet(43)) - raft.server.log.statemachine.data.sync = true (default)
2019-10-12 05:57:33,916 [pool-413-thread-1] INFO  server.RaftServerConfigKeys (ConfUtils.java:logGet(43)) - raft.server.log.statemachine.data.sync.timeout = 10s (default)
2019-10-12 05:57:33,916 [pool-413-thread-1] INFO  server.RaftServerConfigKeys (ConfUtils.java:logGet(43)) - raft.server.log.statemachine.data.sync.timeout.retry = -1 (default)
2019-10-12 05:57:33,916 [pool-413-thread-1] INFO  server.RaftServerConfigKeys (ConfUtils.java:logGet(43)) - raft.server.log.statemachine.data.caching.enabled = true (custom)
2019-10-12 05:57:33,916 [pool-413-thread-1] INFO  segmented.SegmentedRaftLogWorker (SegmentedRaftLogWorker.java:lambda$new$0(128)) - 2a909488-23eb-449f-a481-fdfd3438e3d8@group-582977F25B6F-SegmentedRaftLogWorker: flushIndex: setUnconditionally 0 -> -1
2019-10-12 05:57:33,917 [pool-413-thread-1] INFO  server.RaftServerConfigKeys (ConfUtils.java:logGet(43)) - raft.server.snapshot.auto.trigger.enabled = true (custom)
2019-10-12 05:57:33,917 [pool-413-thread-1] INFO  server.RaftServerConfigKeys (ConfUtils.java:logGet(43)) - raft.server.snapshot.auto.trigger.threshold = 10000 (custom)
2019-10-12 05:57:33,917 [pool-413-thread-1] INFO  server.RaftServerConfigKeys (ConfUtils.java:logGet(43)) - raft.server.snapshot.retention.file.num = 5 (custom)
2019-10-12 05:57:33,917 [pool-413-thread-1] INFO  server.RaftServerConfigKeys (ConfUtils.java:logGet(43)) - raft.server.retrycache.expirytime = 600000ms (custom)
2019-10-12 05:57:33,919 [pool-413-thread-1] INFO  impl.RaftServerImpl (RaftServerImpl.java:start(181)) - 2a909488-23eb-449f-a481-fdfd3438e3d8@group-582977F25B6F: start as a follower, conf=-1: [2a909488-23eb-449f-a481-fdfd3438e3d8:192.168.5.146:32935], old=null
2019-10-12 05:57:33,919 [pool-413-thread-1] INFO  impl.RaftServerImpl (RaftServerImpl.java:setRole(170)) - 2a909488-23eb-449f-a481-fdfd3438e3d8@group-582977F25B6F: changes role from      null to FOLLOWER at term 0 for startAsFollower
2019-10-12 05:57:33,919 [pool-413-thread-1] INFO  impl.RoleInfo (RoleInfo.java:updateAndGet(143)) - 2a909488-23eb-449f-a481-fdfd3438e3d8: start FollowerState
2019-10-12 05:57:33,919 [pool-413-thread-1] INFO  util.JmxRegister (JmxRegister.java:tryRegister(44)) - Successfully registered JMX Bean with object name Ratis:service=RaftServer,group=group-582977F25B6F,id=2a909488-23eb-449f-a481-fdfd3438e3d8
2019-10-12 05:57:33,924 [RatisPipelineUtilsThread] INFO  pipeline.PipelineStateManager (PipelineStateManager.java:addPipeline(56)) - Created pipeline Pipeline[ Id: dee3d5b9-a74f-4c38-88e9-582977f25b6f, Nodes: 2a909488-23eb-449f-a481-fdfd3438e3d8{ip: 192.168.5.146, host: pr-hdds-1737-b78td-2979900912, networkLocation: /default-rack, certSerialId: null}, Type:RATIS, Factor:ONE, State:OPEN]
2019-10-12 05:57:33,935 [grpc-default-executor-2] INFO  impl.RaftServerProxy (RaftServerProxy.java:addNew(89)) - 4cb787cc-5b8c-440b-937f-f014624f89b3: addNew group-5E8F0AA8CC72:[4cb787cc-5b8c-440b-937f-f014624f89b3:192.168.5.146:44916] returns group-5E8F0AA8CC72:java.util.concurrent.CompletableFuture@f427f8d[Not completed]
2019-10-12 05:57:33,936 [IPC Server handler 13 on 38395] INFO  net.NetworkTopology (NetworkTopologyImpl.java:add(111)) - Added a new node: /default-rack/0db91b65-f97e-427c-9d16-0d785d0ff270
2019-10-12 05:57:33,936 [IPC Server handler 13 on 38395] INFO  node.SCMNodeManager (SCMNodeManager.java:register(268)) - Registered Data node : 0db91b65-f97e-427c-9d16-0d785d0ff270{ip: 192.168.5.146, host: pr-hdds-1737-b78td-2979900912, networkLocation: /default-rack, certSerialId: null}
2019-10-12 05:57:33,936 [pool-423-thread-1] INFO  impl.RaftServerImpl (RaftServerImpl.java:<init>(95)) - 4cb787cc-5b8c-440b-937f-f014624f89b3: new RaftServerImpl for group-5E8F0AA8CC72:[4cb787cc-5b8c-440b-937f-f014624f89b3:192.168.5.146:44916] with ContainerStateMachine:uninitialized
2019-10-12 05:57:33,936 [pool-423-thread-1] INFO  server.RaftServerConfigKeys (ConfUtils.java:logGet(43)) - raft.server.rpc.timeout.min = 5s (custom)
2019-10-12 05:57:33,936 [pool-423-thread-1] INFO  server.RaftServerConfigKeys (ConfUtils.java:logGet(43)) - raft.server.rpc.timeout.max = 5200ms (custom)
2019-10-12 05:57:33,936 [pool-423-thread-1] INFO  server.RaftServerConfigKeys (ConfUtils.java:logGet(43)) - raft.server.rpcslowness.timeout = 120s (custom)
2019-10-12 05:57:33,937 [pool-423-thread-1] INFO  server.RaftServerConfigKeys (ConfUtils.java:logGet(43)) - raft.server.sleep.deviation.threshold = 300 (default)
2019-10-12 05:57:33,937 [pool-423-thread-1] INFO  server.RaftServerConfigKeys (ConfUtils.java:logGet(43)) - raft.server.log.appender.install.snapshot.enabled = false (custom)
2019-10-12 05:57:33,937 [pool-423-thread-1] INFO  impl.RaftServerImpl (ServerState.java:<init>(103)) - 4cb787cc-5b8c-440b-937f-f014624f89b3@group-5E8F0AA8CC72: ConfigurationManager, init=-1: [4cb787cc-5b8c-440b-937f-f014624f89b3:192.168.5.146:44916], old=null, confs=<EMPTY_MAP>
2019-10-12 05:57:33,937 [pool-423-thread-1] INFO  server.RaftServerConfigKeys (ConfUtils.java:logGet(43)) - raft.server.storage.dir = [/workdir/hadoop-ozone/integration-test/target/test-dir/MiniOzoneClusterImpl-cecd90c6-9ab0-4b6e-ab80-1ea15920844d/datanode-4/data/ratis] (custom)
2019-10-12 05:57:33,937 [pool-423-thread-1] INFO  server.RaftServerConfigKeys (ConfUtils.java:logGet(43)) - raft.server.log.corruption.policy = EXCEPTION (default)
2019-10-12 05:57:33,938 [pool-423-thread-1] INFO  storage.RaftStorageDirectory (RaftStorageDirectory.java:analyzeStorage(246)) - The storage directory /workdir/hadoop-ozone/integration-test/target/test-dir/MiniOzoneClusterImpl-cecd90c6-9ab0-4b6e-ab80-1ea15920844d/datanode-4/data/ratis/11ef1693-23df-4ad4-a827-5e8f0aa8cc72 does not exist. Creating ...
2019-10-12 05:57:33,961 [pool-423-thread-1] INFO  storage.RaftStorageDirectory (RaftStorageDirectory.java:tryLock(328)) - Lock on /workdir/hadoop-ozone/integration-test/target/test-dir/MiniOzoneClusterImpl-cecd90c6-9ab0-4b6e-ab80-1ea15920844d/datanode-4/data/ratis/11ef1693-23df-4ad4-a827-5e8f0aa8cc72/in_use.lock acquired by nodename 24009@pr-hdds-1737-b78td-2979900912
2019-10-12 05:57:33,974 [pool-423-thread-1] INFO  storage.RaftStorage (RaftStorage.java:format(84)) - Storage directory /workdir/hadoop-ozone/integration-test/target/test-dir/MiniOzoneClusterImpl-cecd90c6-9ab0-4b6e-ab80-1ea15920844d/datanode-4/data/ratis/11ef1693-23df-4ad4-a827-5e8f0aa8cc72 has been successfully formatted.
2019-10-12 05:57:33,974 [pool-423-thread-1] INFO  ratis.ContainerStateMachine (ContainerStateMachine.java:loadSnapshot(231)) - group-5E8F0AA8CC72: The snapshot info is null. Setting the last applied indexto:(t:0, i:~)
2019-10-12 05:57:33,974 [pool-423-thread-1] INFO  server.RaftServerConfigKeys (ConfUtils.java:logGet(43)) - raft.server.notification.no-leader.timeout = 120s (custom)
2019-10-12 05:57:33,974 [pool-423-thread-1] INFO  server.RaftServerConfigKeys (ConfUtils.java:logGet(43)) - raft.server.log.use.memory = false (default)
2019-10-12 05:57:33,975 [pool-423-thread-1] INFO  server.RaftServerConfigKeys (ConfUtils.java:logGet(43)) - raft.server.log.purge.gap = 1000000 (custom)
2019-10-12 05:57:33,975 [pool-423-thread-1] INFO  server.RaftServerConfigKeys (ConfUtils.java:logGet(43)) - raft.server.log.appender.buffer.byte-limit = 33554432 (custom)
2019-10-12 05:57:33,975 [pool-423-thread-1] INFO  server.RaftServerConfigKeys (ConfUtils.java:logGet(43)) - raft.server.log.segment.size.max = 1048576 (custom)
2019-10-12 05:57:33,978 [pool-423-thread-1] INFO  server.RaftServerConfigKeys (ConfUtils.java:logGet(43)) - raft.server.log.segment.cache.num.max = 2 (custom)
2019-10-12 05:57:33,978 [pool-423-thread-1] INFO  segmented.SegmentedRaftLogWorker (SegmentedRaftLogWorker.java:<init>(173)) - new 4cb787cc-5b8c-440b-937f-f014624f89b3@group-5E8F0AA8CC72-SegmentedRaftLogWorker for RaftStorage:Storage Directory /workdir/hadoop-ozone/integration-test/target/test-dir/MiniOzoneClusterImpl-cecd90c6-9ab0-4b6e-ab80-1ea15920844d/datanode-4/data/ratis/11ef1693-23df-4ad4-a827-5e8f0aa8cc72
2019-10-12 05:57:33,978 [pool-423-thread-1] INFO  server.RaftServerConfigKeys (ConfUtils.java:logGet(43)) - raft.server.log.queue.byte-limit = 2147483647 (custom)
2019-10-12 05:57:33,978 [pool-423-thread-1] INFO  server.RaftServerConfigKeys (ConfUtils.java:logGet(43)) - raft.server.log.queue.element-limit = 1024 (custom)
2019-10-12 05:57:33,979 [pool-423-thread-1] INFO  server.RaftServerConfigKeys (ConfUtils.java:logGet(43)) - raft.server.log.segment.size.max = 1048576 (custom)
2019-10-12 05:57:33,979 [pool-423-thread-1] INFO  server.RaftServerConfigKeys (ConfUtils.java:logGet(43)) - raft.server.log.preallocated.size = 16384 (custom)
2019-10-12 05:57:33,979 [pool-423-thread-1] INFO  server.RaftServerConfigKeys (ConfUtils.java:logGet(43)) - raft.server.log.write.buffer.size = 33554432 (custom)
2019-10-12 05:57:33,979 [pool-423-thread-1] INFO  server.RaftServerConfigKeys (ConfUtils.java:logGet(43)) - raft.server.log.force.sync.num = 128 (default)
2019-10-12 05:57:33,979 [pool-423-thread-1] INFO  server.RaftServerConfigKeys (ConfUtils.java:logGet(43)) - raft.server.log.statemachine.data.sync = true (default)
2019-10-12 05:57:33,979 [pool-423-thread-1] INFO  server.RaftServerConfigKeys (ConfUtils.java:logGet(43)) - raft.server.log.statemachine.data.sync.timeout = 10s (default)
2019-10-12 05:57:33,980 [pool-423-thread-1] INFO  server.RaftServerConfigKeys (ConfUtils.java:logGet(43)) - raft.server.log.statemachine.data.sync.timeout.retry = -1 (default)
2019-10-12 05:57:33,980 [pool-423-thread-1] INFO  server.RaftServerConfigKeys (ConfUtils.java:logGet(43)) - raft.server.log.statemachine.data.caching.enabled = true (custom)
2019-10-12 05:57:33,981 [pool-423-thread-1] INFO  segmented.SegmentedRaftLogWorker (SegmentedRaftLogWorker.java:lambda$new$0(128)) - 4cb787cc-5b8c-440b-937f-f014624f89b3@group-5E8F0AA8CC72-SegmentedRaftLogWorker: flushIndex: setUnconditionally 0 -> -1
2019-10-12 05:57:33,981 [pool-423-thread-1] INFO  server.RaftServerConfigKeys (ConfUtils.java:logGet(43)) - raft.server.snapshot.auto.trigger.enabled = true (custom)
2019-10-12 05:57:33,981 [pool-423-thread-1] INFO  server.RaftServerConfigKeys (ConfUtils.java:logGet(43)) - raft.server.snapshot.auto.trigger.threshold = 10000 (custom)
2019-10-12 05:57:33,981 [pool-423-thread-1] INFO  server.RaftServerConfigKeys (ConfUtils.java:logGet(43)) - raft.server.snapshot.retention.file.num = 5 (custom)
2019-10-12 05:57:33,982 [pool-423-thread-1] INFO  server.RaftServerConfigKeys (ConfUtils.java:logGet(43)) - raft.server.retrycache.expirytime = 600000ms (custom)
2019-10-12 05:57:33,984 [pool-423-thread-1] INFO  impl.RaftServerImpl (RaftServerImpl.java:start(181)) - 4cb787cc-5b8c-440b-937f-f014624f89b3@group-5E8F0AA8CC72: start as a follower, conf=-1: [4cb787cc-5b8c-440b-937f-f014624f89b3:192.168.5.146:44916], old=null
2019-10-12 05:57:33,984 [pool-423-thread-1] INFO  impl.RaftServerImpl (RaftServerImpl.java:setRole(170)) - 4cb787cc-5b8c-440b-937f-f014624f89b3@group-5E8F0AA8CC72: changes role from      null to FOLLOWER at term 0 for startAsFollower
2019-10-12 05:57:33,984 [pool-423-thread-1] INFO  impl.RoleInfo (RoleInfo.java:updateAndGet(143)) - 4cb787cc-5b8c-440b-937f-f014624f89b3: start FollowerState
2019-10-12 05:57:33,985 [pool-423-thread-1] INFO  util.JmxRegister (JmxRegister.java:tryRegister(44)) - Successfully registered JMX Bean with object name Ratis:service=RaftServer,group=group-5E8F0AA8CC72,id=4cb787cc-5b8c-440b-937f-f014624f89b3
2019-10-12 05:57:33,989 [RatisPipelineUtilsThread] INFO  pipeline.PipelineStateManager (PipelineStateManager.java:addPipeline(56)) - Created pipeline Pipeline[ Id: 11ef1693-23df-4ad4-a827-5e8f0aa8cc72, Nodes: 4cb787cc-5b8c-440b-937f-f014624f89b3{ip: 192.168.5.146, host: pr-hdds-1737-b78td-2979900912, networkLocation: /default-rack, certSerialId: null}, Type:RATIS, Factor:ONE, State:OPEN]
2019-10-12 05:57:33,996 [grpc-default-executor-2] INFO  impl.RaftServerProxy (RaftServerProxy.java:addNew(89)) - 0db91b65-f97e-427c-9d16-0d785d0ff270: addNew group-014BA0613232:[0db91b65-f97e-427c-9d16-0d785d0ff270:192.168.5.146:34517] returns group-014BA0613232:java.util.concurrent.CompletableFuture@7f6a878b[Not completed]
2019-10-12 05:57:33,997 [pool-433-thread-1] INFO  impl.RaftServerImpl (RaftServerImpl.java:<init>(95)) - 0db91b65-f97e-427c-9d16-0d785d0ff270: new RaftServerImpl for group-014BA0613232:[0db91b65-f97e-427c-9d16-0d785d0ff270:192.168.5.146:34517] with ContainerStateMachine:uninitialized
2019-10-12 05:57:33,997 [pool-433-thread-1] INFO  server.RaftServerConfigKeys (ConfUtils.java:logGet(43)) - raft.server.rpc.timeout.min = 5s (custom)
2019-10-12 05:57:33,997 [pool-433-thread-1] INFO  server.RaftServerConfigKeys (ConfUtils.java:logGet(43)) - raft.server.rpc.timeout.max = 5200ms (custom)
2019-10-12 05:57:33,997 [pool-433-thread-1] INFO  server.RaftServerConfigKeys (ConfUtils.java:logGet(43)) - raft.server.rpcslowness.timeout = 120s (custom)
2019-10-12 05:57:33,997 [pool-433-thread-1] INFO  server.RaftServerConfigKeys (ConfUtils.java:logGet(43)) - raft.server.sleep.deviation.threshold = 300 (default)
2019-10-12 05:57:33,997 [pool-433-thread-1] INFO  server.RaftServerConfigKeys (ConfUtils.java:logGet(43)) - raft.server.log.appender.install.snapshot.enabled = false (custom)
2019-10-12 05:57:33,997 [pool-433-thread-1] INFO  impl.RaftServerImpl (ServerState.java:<init>(103)) - 0db91b65-f97e-427c-9d16-0d785d0ff270@group-014BA0613232: ConfigurationManager, init=-1: [0db91b65-f97e-427c-9d16-0d785d0ff270:192.168.5.146:34517], old=null, confs=<EMPTY_MAP>
2019-10-12 05:57:33,997 [pool-433-thread-1] INFO  server.RaftServerConfigKeys (ConfUtils.java:logGet(43)) - raft.server.storage.dir = [/workdir/hadoop-ozone/integration-test/target/test-dir/MiniOzoneClusterImpl-cecd90c6-9ab0-4b6e-ab80-1ea15920844d/datanode-5/data/ratis] (custom)
2019-10-12 05:57:33,998 [pool-433-thread-1] INFO  server.RaftServerConfigKeys (ConfUtils.java:logGet(43)) - raft.server.log.corruption.policy = EXCEPTION (default)
2019-10-12 05:57:33,998 [pool-433-thread-1] INFO  storage.RaftStorageDirectory (RaftStorageDirectory.java:analyzeStorage(246)) - The storage directory /workdir/hadoop-ozone/integration-test/target/test-dir/MiniOzoneClusterImpl-cecd90c6-9ab0-4b6e-ab80-1ea15920844d/datanode-5/data/ratis/1fd98de1-e8df-4b9b-8ca6-014ba0613232 does not exist. Creating ...
2019-10-12 05:57:34,001 [IPC Server handler 1 on 38395] INFO  net.NetworkTopology (NetworkTopologyImpl.java:add(111)) - Added a new node: /default-rack/1a818fde-eea8-4495-a2fc-409ba2557d4d
2019-10-12 05:57:34,001 [IPC Server handler 1 on 38395] INFO  node.SCMNodeManager (SCMNodeManager.java:register(268)) - Registered Data node : 1a818fde-eea8-4495-a2fc-409ba2557d4d{ip: 192.168.5.146, host: pr-hdds-1737-b78td-2979900912, networkLocation: /default-rack, certSerialId: null}
2019-10-12 05:57:34,001 [main] INFO  ozone.MiniOzoneClusterImpl (MiniOzoneClusterImpl.java:lambda$waitForClusterToBeReady$0(147)) - Cluster is ready. Got 7 of 7 DN Heartbeats.
2019-10-12 05:57:34,010 [pool-433-thread-1] INFO  storage.RaftStorageDirectory (RaftStorageDirectory.java:tryLock(328)) - Lock on /workdir/hadoop-ozone/integration-test/target/test-dir/MiniOzoneClusterImpl-cecd90c6-9ab0-4b6e-ab80-1ea15920844d/datanode-5/data/ratis/1fd98de1-e8df-4b9b-8ca6-014ba0613232/in_use.lock acquired by nodename 24009@pr-hdds-1737-b78td-2979900912
2019-10-12 05:57:34,024 [pool-433-thread-1] INFO  storage.RaftStorage (RaftStorage.java:format(84)) - Storage directory /workdir/hadoop-ozone/integration-test/target/test-dir/MiniOzoneClusterImpl-cecd90c6-9ab0-4b6e-ab80-1ea15920844d/datanode-5/data/ratis/1fd98de1-e8df-4b9b-8ca6-014ba0613232 has been successfully formatted.
2019-10-12 05:57:34,024 [pool-433-thread-1] INFO  ratis.ContainerStateMachine (ContainerStateMachine.java:loadSnapshot(231)) - group-014BA0613232: The snapshot info is null. Setting the last applied indexto:(t:0, i:~)
2019-10-12 05:57:34,024 [pool-433-thread-1] INFO  server.RaftServerConfigKeys (ConfUtils.java:logGet(43)) - raft.server.notification.no-leader.timeout = 120s (custom)
2019-10-12 05:57:34,024 [pool-433-thread-1] INFO  server.RaftServerConfigKeys (ConfUtils.java:logGet(43)) - raft.server.log.use.memory = false (default)
2019-10-12 05:57:34,024 [pool-433-thread-1] INFO  server.RaftServerConfigKeys (ConfUtils.java:logGet(43)) - raft.server.log.purge.gap = 1000000 (custom)
2019-10-12 05:57:34,024 [pool-433-thread-1] INFO  server.RaftServerConfigKeys (ConfUtils.java:logGet(43)) - raft.server.log.appender.buffer.byte-limit = 33554432 (custom)
2019-10-12 05:57:34,024 [pool-433-thread-1] INFO  server.RaftServerConfigKeys (ConfUtils.java:logGet(43)) - raft.server.log.segment.size.max = 1048576 (custom)
2019-10-12 05:57:34,029 [pool-433-thread-1] INFO  server.RaftServerConfigKeys (ConfUtils.java:logGet(43)) - raft.server.log.segment.cache.num.max = 2 (custom)
2019-10-12 05:57:34,029 [pool-433-thread-1] INFO  segmented.SegmentedRaftLogWorker (SegmentedRaftLogWorker.java:<init>(173)) - new 0db91b65-f97e-427c-9d16-0d785d0ff270@group-014BA0613232-SegmentedRaftLogWorker for RaftStorage:Storage Directory /workdir/hadoop-ozone/integration-test/target/test-dir/MiniOzoneClusterImpl-cecd90c6-9ab0-4b6e-ab80-1ea15920844d/datanode-5/data/ratis/1fd98de1-e8df-4b9b-8ca6-014ba0613232
2019-10-12 05:57:34,029 [pool-433-thread-1] INFO  server.RaftServerConfigKeys (ConfUtils.java:logGet(43)) - raft.server.log.queue.byte-limit = 2147483647 (custom)
2019-10-12 05:57:34,029 [pool-433-thread-1] INFO  server.RaftServerConfigKeys (ConfUtils.java:logGet(43)) - raft.server.log.queue.element-limit = 1024 (custom)
2019-10-12 05:57:34,029 [pool-433-thread-1] INFO  server.RaftServerConfigKeys (ConfUtils.java:logGet(43)) - raft.server.log.segment.size.max = 1048576 (custom)
2019-10-12 05:57:34,029 [pool-433-thread-1] INFO  server.RaftServerConfigKeys (ConfUtils.java:logGet(43)) - raft.server.log.preallocated.size = 16384 (custom)
2019-10-12 05:57:34,029 [pool-433-thread-1] INFO  server.RaftServerConfigKeys (ConfUtils.java:logGet(43)) - raft.server.log.write.buffer.size = 33554432 (custom)
2019-10-12 05:57:34,029 [pool-433-thread-1] INFO  server.RaftServerConfigKeys (ConfUtils.java:logGet(43)) - raft.server.log.force.sync.num = 128 (default)
2019-10-12 05:57:34,030 [pool-433-thread-1] INFO  server.RaftServerConfigKeys (ConfUtils.java:logGet(43)) - raft.server.log.statemachine.data.sync = true (default)
2019-10-12 05:57:34,030 [pool-433-thread-1] INFO  server.RaftServerConfigKeys (ConfUtils.java:logGet(43)) - raft.server.log.statemachine.data.sync.timeout = 10s (default)
2019-10-12 05:57:34,030 [pool-433-thread-1] INFO  server.RaftServerConfigKeys (ConfUtils.java:logGet(43)) - raft.server.log.statemachine.data.sync.timeout.retry = -1 (default)
2019-10-12 05:57:34,032 [pool-433-thread-1] INFO  server.RaftServerConfigKeys (ConfUtils.java:logGet(43)) - raft.server.log.statemachine.data.caching.enabled = true (custom)
2019-10-12 05:57:34,032 [pool-433-thread-1] INFO  segmented.SegmentedRaftLogWorker (SegmentedRaftLogWorker.java:lambda$new$0(128)) - 0db91b65-f97e-427c-9d16-0d785d0ff270@group-014BA0613232-SegmentedRaftLogWorker: flushIndex: setUnconditionally 0 -> -1
2019-10-12 05:57:34,035 [pool-433-thread-1] INFO  server.RaftServerConfigKeys (ConfUtils.java:logGet(43)) - raft.server.snapshot.auto.trigger.enabled = true (custom)
2019-10-12 05:57:34,035 [pool-433-thread-1] INFO  server.RaftServerConfigKeys (ConfUtils.java:logGet(43)) - raft.server.snapshot.auto.trigger.threshold = 10000 (custom)
2019-10-12 05:57:34,036 [pool-433-thread-1] INFO  server.RaftServerConfigKeys (ConfUtils.java:logGet(43)) - raft.server.snapshot.retention.file.num = 5 (custom)
2019-10-12 05:57:34,036 [pool-433-thread-1] INFO  server.RaftServerConfigKeys (ConfUtils.java:logGet(43)) - raft.server.retrycache.expirytime = 600000ms (custom)
2019-10-12 05:57:34,037 [main] INFO  rpc.RpcClient (RpcClient.java:createVolume(272)) - Creating Volume: watchforcommithandlingtest, with jenkins1000 as owner.
2019-10-12 05:57:34,037 [pool-433-thread-1] INFO  impl.RaftServerImpl (RaftServerImpl.java:start(181)) - 0db91b65-f97e-427c-9d16-0d785d0ff270@group-014BA0613232: start as a follower, conf=-1: [0db91b65-f97e-427c-9d16-0d785d0ff270:192.168.5.146:34517], old=null
2019-10-12 05:57:34,037 [pool-433-thread-1] INFO  impl.RaftServerImpl (RaftServerImpl.java:setRole(170)) - 0db91b65-f97e-427c-9d16-0d785d0ff270@group-014BA0613232: changes role from      null to FOLLOWER at term 0 for startAsFollower
2019-10-12 05:57:34,037 [pool-433-thread-1] INFO  impl.RoleInfo (RoleInfo.java:updateAndGet(143)) - 0db91b65-f97e-427c-9d16-0d785d0ff270: start FollowerState
2019-10-12 05:57:34,037 [pool-433-thread-1] INFO  util.JmxRegister (JmxRegister.java:tryRegister(44)) - Successfully registered JMX Bean with object name Ratis:service=RaftServer,group=group-014BA0613232,id=0db91b65-f97e-427c-9d16-0d785d0ff270
2019-10-12 05:57:34,040 [IPC Server handler 2 on 42502] INFO  volume.OMVolumeCreateRequest (OMVolumeCreateRequest.java:validateAndUpdateCache(193)) - created volume:watchforcommithandlingtest for user:jenkins1000
2019-10-12 05:57:34,041 [RatisPipelineUtilsThread] INFO  pipeline.PipelineStateManager (PipelineStateManager.java:addPipeline(56)) - Created pipeline Pipeline[ Id: 1fd98de1-e8df-4b9b-8ca6-014ba0613232, Nodes: 0db91b65-f97e-427c-9d16-0d785d0ff270{ip: 192.168.5.146, host: pr-hdds-1737-b78td-2979900912, networkLocation: /default-rack, certSerialId: null}, Type:RATIS, Factor:ONE, State:OPEN]
2019-10-12 05:57:34,057 [main] INFO  rpc.RpcClient (RpcClient.java:createBucket(411)) - Creating Bucket: watchforcommithandlingtest/watchforcommithandlingtest, with Versioning false and Storage Type set to DISK and Encryption set to false 
2019-10-12 05:57:34,063 [grpc-default-executor-2] INFO  impl.RaftServerProxy (RaftServerProxy.java:addNew(89)) - 1a818fde-eea8-4495-a2fc-409ba2557d4d: addNew group-DEB4440C3E6E:[1a818fde-eea8-4495-a2fc-409ba2557d4d:192.168.5.146:32909] returns group-DEB4440C3E6E:java.util.concurrent.CompletableFuture@32c17238[Not completed]
2019-10-12 05:57:34,067 [main] INFO  ozone.MiniOzoneClusterImpl (MiniOzoneClusterImpl.java:getStorageContainerLocationClient(234)) - Creating StorageContainerLocationProtocol RPC client with address /0.0.0.0:44695
2019-10-12 05:57:34,068 [pool-443-thread-1] INFO  impl.RaftServerImpl (RaftServerImpl.java:<init>(95)) - 1a818fde-eea8-4495-a2fc-409ba2557d4d: new RaftServerImpl for group-DEB4440C3E6E:[1a818fde-eea8-4495-a2fc-409ba2557d4d:192.168.5.146:32909] with ContainerStateMachine:uninitialized
2019-10-12 05:57:34,068 [pool-443-thread-1] INFO  server.RaftServerConfigKeys (ConfUtils.java:logGet(43)) - raft.server.rpc.timeout.min = 5s (custom)
2019-10-12 05:57:34,068 [pool-443-thread-1] INFO  server.RaftServerConfigKeys (ConfUtils.java:logGet(43)) - raft.server.rpc.timeout.max = 5200ms (custom)
2019-10-12 05:57:34,068 [pool-443-thread-1] INFO  server.RaftServerConfigKeys (ConfUtils.java:logGet(43)) - raft.server.rpcslowness.timeout = 120s (custom)
2019-10-12 05:57:34,068 [pool-443-thread-1] INFO  server.RaftServerConfigKeys (ConfUtils.java:logGet(43)) - raft.server.sleep.deviation.threshold = 300 (default)
2019-10-12 05:57:34,068 [pool-443-thread-1] INFO  server.RaftServerConfigKeys (ConfUtils.java:logGet(43)) - raft.server.log.appender.install.snapshot.enabled = false (custom)
2019-10-12 05:57:34,068 [pool-443-thread-1] INFO  impl.RaftServerImpl (ServerState.java:<init>(103)) - 1a818fde-eea8-4495-a2fc-409ba2557d4d@group-DEB4440C3E6E: ConfigurationManager, init=-1: [1a818fde-eea8-4495-a2fc-409ba2557d4d:192.168.5.146:32909], old=null, confs=<EMPTY_MAP>
2019-10-12 05:57:34,068 [pool-443-thread-1] INFO  server.RaftServerConfigKeys (ConfUtils.java:logGet(43)) - raft.server.storage.dir = [/workdir/hadoop-ozone/integration-test/target/test-dir/MiniOzoneClusterImpl-cecd90c6-9ab0-4b6e-ab80-1ea15920844d/datanode-6/data/ratis] (custom)
2019-10-12 05:57:34,068 [pool-443-thread-1] INFO  server.RaftServerConfigKeys (ConfUtils.java:logGet(43)) - raft.server.log.corruption.policy = EXCEPTION (default)
2019-10-12 05:57:34,069 [pool-443-thread-1] INFO  storage.RaftStorageDirectory (RaftStorageDirectory.java:analyzeStorage(246)) - The storage directory /workdir/hadoop-ozone/integration-test/target/test-dir/MiniOzoneClusterImpl-cecd90c6-9ab0-4b6e-ab80-1ea15920844d/datanode-6/data/ratis/62a3e3cc-90a8-4841-a81f-deb4440c3e6e does not exist. Creating ...
2019-10-12 05:57:34,083 [pool-443-thread-1] INFO  storage.RaftStorageDirectory (RaftStorageDirectory.java:tryLock(328)) - Lock on /workdir/hadoop-ozone/integration-test/target/test-dir/MiniOzoneClusterImpl-cecd90c6-9ab0-4b6e-ab80-1ea15920844d/datanode-6/data/ratis/62a3e3cc-90a8-4841-a81f-deb4440c3e6e/in_use.lock acquired by nodename 24009@pr-hdds-1737-b78td-2979900912
2019-10-12 05:57:34,095 [pool-443-thread-1] INFO  storage.RaftStorage (RaftStorage.java:format(84)) - Storage directory /workdir/hadoop-ozone/integration-test/target/test-dir/MiniOzoneClusterImpl-cecd90c6-9ab0-4b6e-ab80-1ea15920844d/datanode-6/data/ratis/62a3e3cc-90a8-4841-a81f-deb4440c3e6e has been successfully formatted.
2019-10-12 05:57:34,095 [pool-443-thread-1] INFO  ratis.ContainerStateMachine (ContainerStateMachine.java:loadSnapshot(231)) - group-DEB4440C3E6E: The snapshot info is null. Setting the last applied indexto:(t:0, i:~)
2019-10-12 05:57:34,096 [pool-443-thread-1] INFO  server.RaftServerConfigKeys (ConfUtils.java:logGet(43)) - raft.server.notification.no-leader.timeout = 120s (custom)
2019-10-12 05:57:34,096 [pool-443-thread-1] INFO  server.RaftServerConfigKeys (ConfUtils.java:logGet(43)) - raft.server.log.use.memory = false (default)
2019-10-12 05:57:34,096 [pool-443-thread-1] INFO  server.RaftServerConfigKeys (ConfUtils.java:logGet(43)) - raft.server.log.purge.gap = 1000000 (custom)
2019-10-12 05:57:34,096 [pool-443-thread-1] INFO  server.RaftServerConfigKeys (ConfUtils.java:logGet(43)) - raft.server.log.appender.buffer.byte-limit = 33554432 (custom)
2019-10-12 05:57:34,096 [pool-443-thread-1] INFO  server.RaftServerConfigKeys (ConfUtils.java:logGet(43)) - raft.server.log.segment.size.max = 1048576 (custom)
2019-10-12 05:57:34,098 [pool-443-thread-1] INFO  server.RaftServerConfigKeys (ConfUtils.java:logGet(43)) - raft.server.log.segment.cache.num.max = 2 (custom)
2019-10-12 05:57:34,098 [pool-443-thread-1] INFO  segmented.SegmentedRaftLogWorker (SegmentedRaftLogWorker.java:<init>(173)) - new 1a818fde-eea8-4495-a2fc-409ba2557d4d@group-DEB4440C3E6E-SegmentedRaftLogWorker for RaftStorage:Storage Directory /workdir/hadoop-ozone/integration-test/target/test-dir/MiniOzoneClusterImpl-cecd90c6-9ab0-4b6e-ab80-1ea15920844d/datanode-6/data/ratis/62a3e3cc-90a8-4841-a81f-deb4440c3e6e
2019-10-12 05:57:34,098 [pool-443-thread-1] INFO  server.RaftServerConfigKeys (ConfUtils.java:logGet(43)) - raft.server.log.queue.byte-limit = 2147483647 (custom)
2019-10-12 05:57:34,098 [pool-443-thread-1] INFO  server.RaftServerConfigKeys (ConfUtils.java:logGet(43)) - raft.server.log.queue.element-limit = 1024 (custom)
2019-10-12 05:57:34,098 [pool-443-thread-1] INFO  server.RaftServerConfigKeys (ConfUtils.java:logGet(43)) - raft.server.log.segment.size.max = 1048576 (custom)
2019-10-12 05:57:34,098 [pool-443-thread-1] INFO  server.RaftServerConfigKeys (ConfUtils.java:logGet(43)) - raft.server.log.preallocated.size = 16384 (custom)
2019-10-12 05:57:34,098 [pool-443-thread-1] INFO  server.RaftServerConfigKeys (ConfUtils.java:logGet(43)) - raft.server.log.write.buffer.size = 33554432 (custom)
2019-10-12 05:57:34,099 [pool-443-thread-1] INFO  server.RaftServerConfigKeys (ConfUtils.java:logGet(43)) - raft.server.log.force.sync.num = 128 (default)
2019-10-12 05:57:34,099 [pool-443-thread-1] INFO  server.RaftServerConfigKeys (ConfUtils.java:logGet(43)) - raft.server.log.statemachine.data.sync = true (default)
2019-10-12 05:57:34,099 [pool-443-thread-1] INFO  server.RaftServerConfigKeys (ConfUtils.java:logGet(43)) - raft.server.log.statemachine.data.sync.timeout = 10s (default)
2019-10-12 05:57:34,099 [pool-443-thread-1] INFO  server.RaftServerConfigKeys (ConfUtils.java:logGet(43)) - raft.server.log.statemachine.data.sync.timeout.retry = -1 (default)
2019-10-12 05:57:34,099 [pool-443-thread-1] INFO  server.RaftServerConfigKeys (ConfUtils.java:logGet(43)) - raft.server.log.statemachine.data.caching.enabled = true (custom)
2019-10-12 05:57:34,100 [pool-443-thread-1] INFO  segmented.SegmentedRaftLogWorker (SegmentedRaftLogWorker.java:lambda$new$0(128)) - 1a818fde-eea8-4495-a2fc-409ba2557d4d@group-DEB4440C3E6E-SegmentedRaftLogWorker: flushIndex: setUnconditionally 0 -> -1
2019-10-12 05:57:34,100 [pool-443-thread-1] INFO  server.RaftServerConfigKeys (ConfUtils.java:logGet(43)) - raft.server.snapshot.auto.trigger.enabled = true (custom)
2019-10-12 05:57:34,100 [pool-443-thread-1] INFO  server.RaftServerConfigKeys (ConfUtils.java:logGet(43)) - raft.server.snapshot.auto.trigger.threshold = 10000 (custom)
2019-10-12 05:57:34,100 [pool-443-thread-1] INFO  server.RaftServerConfigKeys (ConfUtils.java:logGet(43)) - raft.server.snapshot.retention.file.num = 5 (custom)
2019-10-12 05:57:34,100 [pool-443-thread-1] INFO  server.RaftServerConfigKeys (ConfUtils.java:logGet(43)) - raft.server.retrycache.expirytime = 600000ms (custom)
2019-10-12 05:57:34,102 [pool-443-thread-1] INFO  impl.RaftServerImpl (RaftServerImpl.java:start(181)) - 1a818fde-eea8-4495-a2fc-409ba2557d4d@group-DEB4440C3E6E: start as a follower, conf=-1: [1a818fde-eea8-4495-a2fc-409ba2557d4d:192.168.5.146:32909], old=null
2019-10-12 05:57:34,102 [pool-443-thread-1] INFO  impl.RaftServerImpl (RaftServerImpl.java:setRole(170)) - 1a818fde-eea8-4495-a2fc-409ba2557d4d@group-DEB4440C3E6E: changes role from      null to FOLLOWER at term 0 for startAsFollower
2019-10-12 05:57:34,102 [pool-443-thread-1] INFO  impl.RoleInfo (RoleInfo.java:updateAndGet(143)) - 1a818fde-eea8-4495-a2fc-409ba2557d4d: start FollowerState
2019-10-12 05:57:34,102 [pool-443-thread-1] INFO  util.JmxRegister (JmxRegister.java:tryRegister(44)) - Successfully registered JMX Bean with object name Ratis:service=RaftServer,group=group-DEB4440C3E6E,id=1a818fde-eea8-4495-a2fc-409ba2557d4d
2019-10-12 05:57:34,106 [RatisPipelineUtilsThread] INFO  pipeline.PipelineStateManager (PipelineStateManager.java:addPipeline(56)) - Created pipeline Pipeline[ Id: 62a3e3cc-90a8-4841-a81f-deb4440c3e6e, Nodes: 1a818fde-eea8-4495-a2fc-409ba2557d4d{ip: 192.168.5.146, host: pr-hdds-1737-b78td-2979900912, networkLocation: /default-rack, certSerialId: null}, Type:RATIS, Factor:ONE, State:OPEN]
2019-10-12 05:57:34,121 [grpc-default-executor-2] INFO  impl.RaftServerProxy (RaftServerProxy.java:addNew(89)) - 2a909488-23eb-449f-a481-fdfd3438e3d8: addNew group-E09AC2F437DD:[2a909488-23eb-449f-a481-fdfd3438e3d8:192.168.5.146:32935, 4cb787cc-5b8c-440b-937f-f014624f89b3:192.168.5.146:44916, 1a818fde-eea8-4495-a2fc-409ba2557d4d:192.168.5.146:32909] returns group-E09AC2F437DD:java.util.concurrent.CompletableFuture@3b59783e[Not completed]
2019-10-12 05:57:34,121 [grpc-default-executor-1] INFO  impl.RaftServerProxy (RaftServerProxy.java:addNew(89)) - 4cb787cc-5b8c-440b-937f-f014624f89b3: addNew group-E09AC2F437DD:[2a909488-23eb-449f-a481-fdfd3438e3d8:192.168.5.146:32935, 4cb787cc-5b8c-440b-937f-f014624f89b3:192.168.5.146:44916, 1a818fde-eea8-4495-a2fc-409ba2557d4d:192.168.5.146:32909] returns group-E09AC2F437DD:java.util.concurrent.CompletableFuture@113b42df[Not completed]
2019-10-12 05:57:34,121 [grpc-default-executor-5] INFO  impl.RaftServerProxy (RaftServerProxy.java:addNew(89)) - 1a818fde-eea8-4495-a2fc-409ba2557d4d: addNew group-E09AC2F437DD:[2a909488-23eb-449f-a481-fdfd3438e3d8:192.168.5.146:32935, 4cb787cc-5b8c-440b-937f-f014624f89b3:192.168.5.146:44916, 1a818fde-eea8-4495-a2fc-409ba2557d4d:192.168.5.146:32909] returns group-E09AC2F437DD:java.util.concurrent.CompletableFuture@6e48f6d7[Not completed]
2019-10-12 05:57:34,122 [pool-423-thread-1] INFO  impl.RaftServerImpl (RaftServerImpl.java:<init>(95)) - 4cb787cc-5b8c-440b-937f-f014624f89b3: new RaftServerImpl for group-E09AC2F437DD:[2a909488-23eb-449f-a481-fdfd3438e3d8:192.168.5.146:32935, 4cb787cc-5b8c-440b-937f-f014624f89b3:192.168.5.146:44916, 1a818fde-eea8-4495-a2fc-409ba2557d4d:192.168.5.146:32909] with ContainerStateMachine:uninitialized
2019-10-12 05:57:34,122 [pool-423-thread-1] INFO  server.RaftServerConfigKeys (ConfUtils.java:logGet(43)) - raft.server.rpc.timeout.min = 5s (custom)
2019-10-12 05:57:34,122 [pool-423-thread-1] INFO  server.RaftServerConfigKeys (ConfUtils.java:logGet(43)) - raft.server.rpc.timeout.max = 5200ms (custom)
2019-10-12 05:57:34,122 [pool-423-thread-1] INFO  server.RaftServerConfigKeys (ConfUtils.java:logGet(43)) - raft.server.rpcslowness.timeout = 120s (custom)
2019-10-12 05:57:34,122 [pool-423-thread-1] INFO  server.RaftServerConfigKeys (ConfUtils.java:logGet(43)) - raft.server.sleep.deviation.threshold = 300 (default)
2019-10-12 05:57:34,122 [pool-443-thread-1] INFO  impl.RaftServerImpl (RaftServerImpl.java:<init>(95)) - 1a818fde-eea8-4495-a2fc-409ba2557d4d: new RaftServerImpl for group-E09AC2F437DD:[2a909488-23eb-449f-a481-fdfd3438e3d8:192.168.5.146:32935, 4cb787cc-5b8c-440b-937f-f014624f89b3:192.168.5.146:44916, 1a818fde-eea8-4495-a2fc-409ba2557d4d:192.168.5.146:32909] with ContainerStateMachine:uninitialized
2019-10-12 05:57:34,122 [pool-423-thread-1] INFO  server.RaftServerConfigKeys (ConfUtils.java:logGet(43)) - raft.server.log.appender.install.snapshot.enabled = false (custom)
2019-10-12 05:57:34,122 [pool-443-thread-1] INFO  server.RaftServerConfigKeys (ConfUtils.java:logGet(43)) - raft.server.rpc.timeout.min = 5s (custom)
2019-10-12 05:57:34,122 [pool-423-thread-1] INFO  impl.RaftServerImpl (ServerState.java:<init>(103)) - 4cb787cc-5b8c-440b-937f-f014624f89b3@group-E09AC2F437DD: ConfigurationManager, init=-1: [2a909488-23eb-449f-a481-fdfd3438e3d8:192.168.5.146:32935, 4cb787cc-5b8c-440b-937f-f014624f89b3:192.168.5.146:44916, 1a818fde-eea8-4495-a2fc-409ba2557d4d:192.168.5.146:32909], old=null, confs=<EMPTY_MAP>
2019-10-12 05:57:34,122 [pool-443-thread-1] INFO  server.RaftServerConfigKeys (ConfUtils.java:logGet(43)) - raft.server.rpc.timeout.max = 5200ms (custom)
2019-10-12 05:57:34,123 [pool-423-thread-1] INFO  server.RaftServerConfigKeys (ConfUtils.java:logGet(43)) - raft.server.storage.dir = [/workdir/hadoop-ozone/integration-test/target/test-dir/MiniOzoneClusterImpl-cecd90c6-9ab0-4b6e-ab80-1ea15920844d/datanode-4/data/ratis] (custom)
2019-10-12 05:57:34,122 [pool-413-thread-1] INFO  impl.RaftServerImpl (RaftServerImpl.java:<init>(95)) - 2a909488-23eb-449f-a481-fdfd3438e3d8: new RaftServerImpl for group-E09AC2F437DD:[2a909488-23eb-449f-a481-fdfd3438e3d8:192.168.5.146:32935, 4cb787cc-5b8c-440b-937f-f014624f89b3:192.168.5.146:44916, 1a818fde-eea8-4495-a2fc-409ba2557d4d:192.168.5.146:32909] with ContainerStateMachine:uninitialized
2019-10-12 05:57:34,123 [pool-443-thread-1] INFO  server.RaftServerConfigKeys (ConfUtils.java:logGet(43)) - raft.server.rpcslowness.timeout = 120s (custom)
2019-10-12 05:57:34,123 [pool-423-thread-1] INFO  server.RaftServerConfigKeys (ConfUtils.java:logGet(43)) - raft.server.log.corruption.policy = EXCEPTION (default)
2019-10-12 05:57:34,123 [pool-413-thread-1] INFO  server.RaftServerConfigKeys (ConfUtils.java:logGet(43)) - raft.server.rpc.timeout.min = 5s (custom)
2019-10-12 05:57:34,123 [pool-423-thread-1] INFO  storage.RaftStorageDirectory (RaftStorageDirectory.java:analyzeStorage(246)) - The storage directory /workdir/hadoop-ozone/integration-test/target/test-dir/MiniOzoneClusterImpl-cecd90c6-9ab0-4b6e-ab80-1ea15920844d/datanode-4/data/ratis/89485f99-a8b2-4d6a-b1f1-e09ac2f437dd does not exist. Creating ...
2019-10-12 05:57:34,123 [pool-413-thread-1] INFO  server.RaftServerConfigKeys (ConfUtils.java:logGet(43)) - raft.server.rpc.timeout.max = 5200ms (custom)
2019-10-12 05:57:34,123 [pool-443-thread-1] INFO  server.RaftServerConfigKeys (ConfUtils.java:logGet(43)) - raft.server.sleep.deviation.threshold = 300 (default)
2019-10-12 05:57:34,123 [pool-413-thread-1] INFO  server.RaftServerConfigKeys (ConfUtils.java:logGet(43)) - raft.server.rpcslowness.timeout = 120s (custom)
2019-10-12 05:57:34,123 [pool-443-thread-1] INFO  server.RaftServerConfigKeys (ConfUtils.java:logGet(43)) - raft.server.log.appender.install.snapshot.enabled = false (custom)
2019-10-12 05:57:34,123 [pool-413-thread-1] INFO  server.RaftServerConfigKeys (ConfUtils.java:logGet(43)) - raft.server.sleep.deviation.threshold = 300 (default)
2019-10-12 05:57:34,123 [pool-443-thread-1] INFO  impl.RaftServerImpl (ServerState.java:<init>(103)) - 1a818fde-eea8-4495-a2fc-409ba2557d4d@group-E09AC2F437DD: ConfigurationManager, init=-1: [2a909488-23eb-449f-a481-fdfd3438e3d8:192.168.5.146:32935, 4cb787cc-5b8c-440b-937f-f014624f89b3:192.168.5.146:44916, 1a818fde-eea8-4495-a2fc-409ba2557d4d:192.168.5.146:32909], old=null, confs=<EMPTY_MAP>
2019-10-12 05:57:34,123 [pool-413-thread-1] INFO  server.RaftServerConfigKeys (ConfUtils.java:logGet(43)) - raft.server.log.appender.install.snapshot.enabled = false (custom)
2019-10-12 05:57:34,124 [pool-443-thread-1] INFO  server.RaftServerConfigKeys (ConfUtils.java:logGet(43)) - raft.server.storage.dir = [/workdir/hadoop-ozone/integration-test/target/test-dir/MiniOzoneClusterImpl-cecd90c6-9ab0-4b6e-ab80-1ea15920844d/datanode-6/data/ratis] (custom)
2019-10-12 05:57:34,124 [pool-413-thread-1] INFO  impl.RaftServerImpl (ServerState.java:<init>(103)) - 2a909488-23eb-449f-a481-fdfd3438e3d8@group-E09AC2F437DD: ConfigurationManager, init=-1: [2a909488-23eb-449f-a481-fdfd3438e3d8:192.168.5.146:32935, 4cb787cc-5b8c-440b-937f-f014624f89b3:192.168.5.146:44916, 1a818fde-eea8-4495-a2fc-409ba2557d4d:192.168.5.146:32909], old=null, confs=<EMPTY_MAP>
2019-10-12 05:57:34,124 [pool-443-thread-1] INFO  server.RaftServerConfigKeys (ConfUtils.java:logGet(43)) - raft.server.log.corruption.policy = EXCEPTION (default)
2019-10-12 05:57:34,124 [pool-413-thread-1] INFO  server.RaftServerConfigKeys (ConfUtils.java:logGet(43)) - raft.server.storage.dir = [/workdir/hadoop-ozone/integration-test/target/test-dir/MiniOzoneClusterImpl-cecd90c6-9ab0-4b6e-ab80-1ea15920844d/datanode-3/data/ratis] (custom)
2019-10-12 05:57:34,124 [pool-443-thread-1] INFO  storage.RaftStorageDirectory (RaftStorageDirectory.java:analyzeStorage(246)) - The storage directory /workdir/hadoop-ozone/integration-test/target/test-dir/MiniOzoneClusterImpl-cecd90c6-9ab0-4b6e-ab80-1ea15920844d/datanode-6/data/ratis/89485f99-a8b2-4d6a-b1f1-e09ac2f437dd does not exist. Creating ...
2019-10-12 05:57:34,124 [pool-413-thread-1] INFO  server.RaftServerConfigKeys (ConfUtils.java:logGet(43)) - raft.server.log.corruption.policy = EXCEPTION (default)
2019-10-12 05:57:34,124 [pool-413-thread-1] INFO  storage.RaftStorageDirectory (RaftStorageDirectory.java:analyzeStorage(246)) - The storage directory /workdir/hadoop-ozone/integration-test/target/test-dir/MiniOzoneClusterImpl-cecd90c6-9ab0-4b6e-ab80-1ea15920844d/datanode-3/data/ratis/89485f99-a8b2-4d6a-b1f1-e09ac2f437dd does not exist. Creating ...
2019-10-12 05:57:34,148 [pool-443-thread-1] INFO  storage.RaftStorageDirectory (RaftStorageDirectory.java:tryLock(328)) - Lock on /workdir/hadoop-ozone/integration-test/target/test-dir/MiniOzoneClusterImpl-cecd90c6-9ab0-4b6e-ab80-1ea15920844d/datanode-6/data/ratis/89485f99-a8b2-4d6a-b1f1-e09ac2f437dd/in_use.lock acquired by nodename 24009@pr-hdds-1737-b78td-2979900912
2019-10-12 05:57:34,148 [pool-413-thread-1] INFO  storage.RaftStorageDirectory (RaftStorageDirectory.java:tryLock(328)) - Lock on /workdir/hadoop-ozone/integration-test/target/test-dir/MiniOzoneClusterImpl-cecd90c6-9ab0-4b6e-ab80-1ea15920844d/datanode-3/data/ratis/89485f99-a8b2-4d6a-b1f1-e09ac2f437dd/in_use.lock acquired by nodename 24009@pr-hdds-1737-b78td-2979900912
2019-10-12 05:57:34,148 [pool-423-thread-1] INFO  storage.RaftStorageDirectory (RaftStorageDirectory.java:tryLock(328)) - Lock on /workdir/hadoop-ozone/integration-test/target/test-dir/MiniOzoneClusterImpl-cecd90c6-9ab0-4b6e-ab80-1ea15920844d/datanode-4/data/ratis/89485f99-a8b2-4d6a-b1f1-e09ac2f437dd/in_use.lock acquired by nodename 24009@pr-hdds-1737-b78td-2979900912
2019-10-12 05:57:34,183 [pool-413-thread-1] INFO  storage.RaftStorage (RaftStorage.java:format(84)) - Storage directory /workdir/hadoop-ozone/integration-test/target/test-dir/MiniOzoneClusterImpl-cecd90c6-9ab0-4b6e-ab80-1ea15920844d/datanode-3/data/ratis/89485f99-a8b2-4d6a-b1f1-e09ac2f437dd has been successfully formatted.
2019-10-12 05:57:34,183 [pool-443-thread-1] INFO  storage.RaftStorage (RaftStorage.java:format(84)) - Storage directory /workdir/hadoop-ozone/integration-test/target/test-dir/MiniOzoneClusterImpl-cecd90c6-9ab0-4b6e-ab80-1ea15920844d/datanode-6/data/ratis/89485f99-a8b2-4d6a-b1f1-e09ac2f437dd has been successfully formatted.
2019-10-12 05:57:34,183 [pool-423-thread-1] INFO  storage.RaftStorage (RaftStorage.java:format(84)) - Storage directory /workdir/hadoop-ozone/integration-test/target/test-dir/MiniOzoneClusterImpl-cecd90c6-9ab0-4b6e-ab80-1ea15920844d/datanode-4/data/ratis/89485f99-a8b2-4d6a-b1f1-e09ac2f437dd has been successfully formatted.
2019-10-12 05:57:34,183 [pool-443-thread-1] INFO  ratis.ContainerStateMachine (ContainerStateMachine.java:loadSnapshot(231)) - group-E09AC2F437DD: The snapshot info is null. Setting the last applied indexto:(t:0, i:~)
2019-10-12 05:57:34,183 [pool-413-thread-1] INFO  ratis.ContainerStateMachine (ContainerStateMachine.java:loadSnapshot(231)) - group-E09AC2F437DD: The snapshot info is null. Setting the last applied indexto:(t:0, i:~)
2019-10-12 05:57:34,183 [pool-423-thread-1] INFO  ratis.ContainerStateMachine (ContainerStateMachine.java:loadSnapshot(231)) - group-E09AC2F437DD: The snapshot info is null. Setting the last applied indexto:(t:0, i:~)
2019-10-12 05:57:34,183 [pool-443-thread-1] INFO  server.RaftServerConfigKeys (ConfUtils.java:logGet(43)) - raft.server.notification.no-leader.timeout = 120s (custom)
2019-10-12 05:57:34,183 [pool-423-thread-1] INFO  server.RaftServerConfigKeys (ConfUtils.java:logGet(43)) - raft.server.notification.no-leader.timeout = 120s (custom)
2019-10-12 05:57:34,183 [pool-413-thread-1] INFO  server.RaftServerConfigKeys (ConfUtils.java:logGet(43)) - raft.server.notification.no-leader.timeout = 120s (custom)
2019-10-12 05:57:34,183 [pool-423-thread-1] INFO  server.RaftServerConfigKeys (ConfUtils.java:logGet(43)) - raft.server.log.use.memory = false (default)
2019-10-12 05:57:34,183 [pool-443-thread-1] INFO  server.RaftServerConfigKeys (ConfUtils.java:logGet(43)) - raft.server.log.use.memory = false (default)
2019-10-12 05:57:34,184 [pool-423-thread-1] INFO  server.RaftServerConfigKeys (ConfUtils.java:logGet(43)) - raft.server.log.purge.gap = 1000000 (custom)
2019-10-12 05:57:34,184 [pool-413-thread-1] INFO  server.RaftServerConfigKeys (ConfUtils.java:logGet(43)) - raft.server.log.use.memory = false (default)
2019-10-12 05:57:34,184 [pool-423-thread-1] INFO  server.RaftServerConfigKeys (ConfUtils.java:logGet(43)) - raft.server.log.appender.buffer.byte-limit = 33554432 (custom)
2019-10-12 05:57:34,184 [pool-443-thread-1] INFO  server.RaftServerConfigKeys (ConfUtils.java:logGet(43)) - raft.server.log.purge.gap = 1000000 (custom)
2019-10-12 05:57:34,184 [pool-423-thread-1] INFO  server.RaftServerConfigKeys (ConfUtils.java:logGet(43)) - raft.server.log.segment.size.max = 1048576 (custom)
2019-10-12 05:57:34,184 [pool-413-thread-1] INFO  server.RaftServerConfigKeys (ConfUtils.java:logGet(43)) - raft.server.log.purge.gap = 1000000 (custom)
2019-10-12 05:57:34,184 [pool-423-thread-1] INFO  server.RaftServerConfigKeys (ConfUtils.java:logGet(43)) - raft.server.log.segment.cache.num.max = 2 (custom)
2019-10-12 05:57:34,184 [pool-443-thread-1] INFO  server.RaftServerConfigKeys (ConfUtils.java:logGet(43)) - raft.server.log.appender.buffer.byte-limit = 33554432 (custom)
2019-10-12 05:57:34,184 [pool-423-thread-1] INFO  segmented.SegmentedRaftLogWorker (SegmentedRaftLogWorker.java:<init>(173)) - new 4cb787cc-5b8c-440b-937f-f014624f89b3@group-E09AC2F437DD-SegmentedRaftLogWorker for RaftStorage:Storage Directory /workdir/hadoop-ozone/integration-test/target/test-dir/MiniOzoneClusterImpl-cecd90c6-9ab0-4b6e-ab80-1ea15920844d/datanode-4/data/ratis/89485f99-a8b2-4d6a-b1f1-e09ac2f437dd
2019-10-12 05:57:34,184 [pool-413-thread-1] INFO  server.RaftServerConfigKeys (ConfUtils.java:logGet(43)) - raft.server.log.appender.buffer.byte-limit = 33554432 (custom)
2019-10-12 05:57:34,185 [pool-423-thread-1] INFO  server.RaftServerConfigKeys (ConfUtils.java:logGet(43)) - raft.server.log.queue.byte-limit = 2147483647 (custom)
2019-10-12 05:57:34,185 [pool-443-thread-1] INFO  server.RaftServerConfigKeys (ConfUtils.java:logGet(43)) - raft.server.log.segment.size.max = 1048576 (custom)
2019-10-12 05:57:34,185 [pool-423-thread-1] INFO  server.RaftServerConfigKeys (ConfUtils.java:logGet(43)) - raft.server.log.queue.element-limit = 1024 (custom)
2019-10-12 05:57:34,185 [pool-413-thread-1] INFO  server.RaftServerConfigKeys (ConfUtils.java:logGet(43)) - raft.server.log.segment.size.max = 1048576 (custom)
2019-10-12 05:57:34,185 [pool-423-thread-1] INFO  server.RaftServerConfigKeys (ConfUtils.java:logGet(43)) - raft.server.log.segment.size.max = 1048576 (custom)
2019-10-12 05:57:34,185 [pool-443-thread-1] INFO  server.RaftServerConfigKeys (ConfUtils.java:logGet(43)) - raft.server.log.segment.cache.num.max = 2 (custom)
2019-10-12 05:57:34,185 [pool-423-thread-1] INFO  server.RaftServerConfigKeys (ConfUtils.java:logGet(43)) - raft.server.log.preallocated.size = 16384 (custom)
2019-10-12 05:57:34,185 [pool-413-thread-1] INFO  server.RaftServerConfigKeys (ConfUtils.java:logGet(43)) - raft.server.log.segment.cache.num.max = 2 (custom)
2019-10-12 05:57:34,185 [pool-423-thread-1] INFO  server.RaftServerConfigKeys (ConfUtils.java:logGet(43)) - raft.server.log.write.buffer.size = 33554432 (custom)
2019-10-12 05:57:34,186 [pool-423-thread-1] INFO  server.RaftServerConfigKeys (ConfUtils.java:logGet(43)) - raft.server.log.force.sync.num = 128 (default)
2019-10-12 05:57:34,185 [pool-443-thread-1] INFO  segmented.SegmentedRaftLogWorker (SegmentedRaftLogWorker.java:<init>(173)) - new 1a818fde-eea8-4495-a2fc-409ba2557d4d@group-E09AC2F437DD-SegmentedRaftLogWorker for RaftStorage:Storage Directory /workdir/hadoop-ozone/integration-test/target/test-dir/MiniOzoneClusterImpl-cecd90c6-9ab0-4b6e-ab80-1ea15920844d/datanode-6/data/ratis/89485f99-a8b2-4d6a-b1f1-e09ac2f437dd
2019-10-12 05:57:34,186 [pool-423-thread-1] INFO  server.RaftServerConfigKeys (ConfUtils.java:logGet(43)) - raft.server.log.statemachine.data.sync = true (default)
2019-10-12 05:57:34,186 [pool-413-thread-1] INFO  segmented.SegmentedRaftLogWorker (SegmentedRaftLogWorker.java:<init>(173)) - new 2a909488-23eb-449f-a481-fdfd3438e3d8@group-E09AC2F437DD-SegmentedRaftLogWorker for RaftStorage:Storage Directory /workdir/hadoop-ozone/integration-test/target/test-dir/MiniOzoneClusterImpl-cecd90c6-9ab0-4b6e-ab80-1ea15920844d/datanode-3/data/ratis/89485f99-a8b2-4d6a-b1f1-e09ac2f437dd
2019-10-12 05:57:34,186 [pool-423-thread-1] INFO  server.RaftServerConfigKeys (ConfUtils.java:logGet(43)) - raft.server.log.statemachine.data.sync.timeout = 10s (default)
2019-10-12 05:57:34,186 [pool-443-thread-1] INFO  server.RaftServerConfigKeys (ConfUtils.java:logGet(43)) - raft.server.log.queue.byte-limit = 2147483647 (custom)
2019-10-12 05:57:34,186 [pool-423-thread-1] INFO  server.RaftServerConfigKeys (ConfUtils.java:logGet(43)) - raft.server.log.statemachine.data.sync.timeout.retry = -1 (default)
2019-10-12 05:57:34,186 [pool-413-thread-1] INFO  server.RaftServerConfigKeys (ConfUtils.java:logGet(43)) - raft.server.log.queue.byte-limit = 2147483647 (custom)
2019-10-12 05:57:34,187 [pool-423-thread-1] INFO  server.RaftServerConfigKeys (ConfUtils.java:logGet(43)) - raft.server.log.statemachine.data.caching.enabled = true (custom)
2019-10-12 05:57:34,187 [pool-443-thread-1] INFO  server.RaftServerConfigKeys (ConfUtils.java:logGet(43)) - raft.server.log.queue.element-limit = 1024 (custom)
2019-10-12 05:57:34,187 [pool-413-thread-1] INFO  server.RaftServerConfigKeys (ConfUtils.java:logGet(43)) - raft.server.log.queue.element-limit = 1024 (custom)
2019-10-12 05:57:34,187 [pool-423-thread-1] INFO  segmented.SegmentedRaftLogWorker (SegmentedRaftLogWorker.java:lambda$new$0(128)) - 4cb787cc-5b8c-440b-937f-f014624f89b3@group-E09AC2F437DD-SegmentedRaftLogWorker: flushIndex: setUnconditionally 0 -> -1
2019-10-12 05:57:34,187 [pool-443-thread-1] INFO  server.RaftServerConfigKeys (ConfUtils.java:logGet(43)) - raft.server.log.segment.size.max = 1048576 (custom)
2019-10-12 05:57:34,187 [pool-413-thread-1] INFO  server.RaftServerConfigKeys (ConfUtils.java:logGet(43)) - raft.server.log.segment.size.max = 1048576 (custom)
2019-10-12 05:57:34,187 [pool-423-thread-1] INFO  server.RaftServerConfigKeys (ConfUtils.java:logGet(43)) - raft.server.snapshot.auto.trigger.enabled = true (custom)
2019-10-12 05:57:34,187 [pool-443-thread-1] INFO  server.RaftServerConfigKeys (ConfUtils.java:logGet(43)) - raft.server.log.preallocated.size = 16384 (custom)
2019-10-12 05:57:34,187 [pool-423-thread-1] INFO  server.RaftServerConfigKeys (ConfUtils.java:logGet(43)) - raft.server.snapshot.auto.trigger.threshold = 10000 (custom)
2019-10-12 05:57:34,187 [pool-413-thread-1] INFO  server.RaftServerConfigKeys (ConfUtils.java:logGet(43)) - raft.server.log.preallocated.size = 16384 (custom)
2019-10-12 05:57:34,188 [pool-423-thread-1] INFO  server.RaftServerConfigKeys (ConfUtils.java:logGet(43)) - raft.server.snapshot.retention.file.num = 5 (custom)
2019-10-12 05:57:34,188 [pool-443-thread-1] INFO  server.RaftServerConfigKeys (ConfUtils.java:logGet(43)) - raft.server.log.write.buffer.size = 33554432 (custom)
2019-10-12 05:57:34,188 [pool-423-thread-1] INFO  server.RaftServerConfigKeys (ConfUtils.java:logGet(43)) - raft.server.retrycache.expirytime = 600000ms (custom)
2019-10-12 05:57:34,188 [pool-413-thread-1] INFO  server.RaftServerConfigKeys (ConfUtils.java:logGet(43)) - raft.server.log.write.buffer.size = 33554432 (custom)
2019-10-12 05:57:34,188 [pool-443-thread-1] INFO  server.RaftServerConfigKeys (ConfUtils.java:logGet(43)) - raft.server.log.force.sync.num = 128 (default)
2019-10-12 05:57:34,188 [pool-413-thread-1] INFO  server.RaftServerConfigKeys (ConfUtils.java:logGet(43)) - raft.server.log.force.sync.num = 128 (default)
2019-10-12 05:57:34,188 [pool-443-thread-1] INFO  server.RaftServerConfigKeys (ConfUtils.java:logGet(43)) - raft.server.log.statemachine.data.sync = true (default)
2019-10-12 05:57:34,188 [pool-413-thread-1] INFO  server.RaftServerConfigKeys (ConfUtils.java:logGet(43)) - raft.server.log.statemachine.data.sync = true (default)
2019-10-12 05:57:34,188 [pool-443-thread-1] INFO  server.RaftServerConfigKeys (ConfUtils.java:logGet(43)) - raft.server.log.statemachine.data.sync.timeout = 10s (default)
2019-10-12 05:57:34,188 [pool-413-thread-1] INFO  server.RaftServerConfigKeys (ConfUtils.java:logGet(43)) - raft.server.log.statemachine.data.sync.timeout = 10s (default)
2019-10-12 05:57:34,189 [pool-443-thread-1] INFO  server.RaftServerConfigKeys (ConfUtils.java:logGet(43)) - raft.server.log.statemachine.data.sync.timeout.retry = -1 (default)
2019-10-12 05:57:34,189 [pool-413-thread-1] INFO  server.RaftServerConfigKeys (ConfUtils.java:logGet(43)) - raft.server.log.statemachine.data.sync.timeout.retry = -1 (default)
2019-10-12 05:57:34,189 [pool-443-thread-1] INFO  server.RaftServerConfigKeys (ConfUtils.java:logGet(43)) - raft.server.log.statemachine.data.caching.enabled = true (custom)
2019-10-12 05:57:34,189 [pool-413-thread-1] INFO  server.RaftServerConfigKeys (ConfUtils.java:logGet(43)) - raft.server.log.statemachine.data.caching.enabled = true (custom)
2019-10-12 05:57:34,189 [pool-443-thread-1] INFO  segmented.SegmentedRaftLogWorker (SegmentedRaftLogWorker.java:lambda$new$0(128)) - 1a818fde-eea8-4495-a2fc-409ba2557d4d@group-E09AC2F437DD-SegmentedRaftLogWorker: flushIndex: setUnconditionally 0 -> -1
2019-10-12 05:57:34,189 [pool-413-thread-1] INFO  segmented.SegmentedRaftLogWorker (SegmentedRaftLogWorker.java:lambda$new$0(128)) - 2a909488-23eb-449f-a481-fdfd3438e3d8@group-E09AC2F437DD-SegmentedRaftLogWorker: flushIndex: setUnconditionally 0 -> -1
2019-10-12 05:57:34,189 [pool-443-thread-1] INFO  server.RaftServerConfigKeys (ConfUtils.java:logGet(43)) - raft.server.snapshot.auto.trigger.enabled = true (custom)
2019-10-12 05:57:34,189 [pool-423-thread-1] INFO  impl.RaftServerImpl (RaftServerImpl.java:start(181)) - 4cb787cc-5b8c-440b-937f-f014624f89b3@group-E09AC2F437DD: start as a follower, conf=-1: [2a909488-23eb-449f-a481-fdfd3438e3d8:192.168.5.146:32935, 4cb787cc-5b8c-440b-937f-f014624f89b3:192.168.5.146:44916, 1a818fde-eea8-4495-a2fc-409ba2557d4d:192.168.5.146:32909], old=null
2019-10-12 05:57:34,189 [pool-413-thread-1] INFO  server.RaftServerConfigKeys (ConfUtils.java:logGet(43)) - raft.server.snapshot.auto.trigger.enabled = true (custom)
2019-10-12 05:57:34,189 [pool-443-thread-1] INFO  server.RaftServerConfigKeys (ConfUtils.java:logGet(43)) - raft.server.snapshot.auto.trigger.threshold = 10000 (custom)
2019-10-12 05:57:34,190 [pool-413-thread-1] INFO  server.RaftServerConfigKeys (ConfUtils.java:logGet(43)) - raft.server.snapshot.auto.trigger.threshold = 10000 (custom)
2019-10-12 05:57:34,190 [pool-423-thread-1] INFO  impl.RaftServerImpl (RaftServerImpl.java:setRole(170)) - 4cb787cc-5b8c-440b-937f-f014624f89b3@group-E09AC2F437DD: changes role from      null to FOLLOWER at term 0 for startAsFollower
2019-10-12 05:57:34,190 [pool-413-thread-1] INFO  server.RaftServerConfigKeys (ConfUtils.java:logGet(43)) - raft.server.snapshot.retention.file.num = 5 (custom)
2019-10-12 05:57:34,190 [pool-443-thread-1] INFO  server.RaftServerConfigKeys (ConfUtils.java:logGet(43)) - raft.server.snapshot.retention.file.num = 5 (custom)
2019-10-12 05:57:34,190 [pool-413-thread-1] INFO  server.RaftServerConfigKeys (ConfUtils.java:logGet(43)) - raft.server.retrycache.expirytime = 600000ms (custom)
2019-10-12 05:57:34,190 [pool-423-thread-1] INFO  impl.RoleInfo (RoleInfo.java:updateAndGet(143)) - 4cb787cc-5b8c-440b-937f-f014624f89b3: start FollowerState
2019-10-12 05:57:34,190 [pool-443-thread-1] INFO  server.RaftServerConfigKeys (ConfUtils.java:logGet(43)) - raft.server.retrycache.expirytime = 600000ms (custom)
2019-10-12 05:57:34,190 [pool-423-thread-1] INFO  util.JmxRegister (JmxRegister.java:tryRegister(44)) - Successfully registered JMX Bean with object name Ratis:service=RaftServer,group=group-E09AC2F437DD,id=4cb787cc-5b8c-440b-937f-f014624f89b3
2019-10-12 05:57:34,192 [pool-413-thread-1] INFO  impl.RaftServerImpl (RaftServerImpl.java:start(181)) - 2a909488-23eb-449f-a481-fdfd3438e3d8@group-E09AC2F437DD: start as a follower, conf=-1: [2a909488-23eb-449f-a481-fdfd3438e3d8:192.168.5.146:32935, 4cb787cc-5b8c-440b-937f-f014624f89b3:192.168.5.146:44916, 1a818fde-eea8-4495-a2fc-409ba2557d4d:192.168.5.146:32909], old=null
2019-10-12 05:57:34,192 [pool-413-thread-1] INFO  impl.RaftServerImpl (RaftServerImpl.java:setRole(170)) - 2a909488-23eb-449f-a481-fdfd3438e3d8@group-E09AC2F437DD: changes role from      null to FOLLOWER at term 0 for startAsFollower
2019-10-12 05:57:34,193 [pool-413-thread-1] INFO  impl.RoleInfo (RoleInfo.java:updateAndGet(143)) - 2a909488-23eb-449f-a481-fdfd3438e3d8: start FollowerState
2019-10-12 05:57:34,193 [pool-443-thread-1] INFO  impl.RaftServerImpl (RaftServerImpl.java:start(181)) - 1a818fde-eea8-4495-a2fc-409ba2557d4d@group-E09AC2F437DD: start as a follower, conf=-1: [2a909488-23eb-449f-a481-fdfd3438e3d8:192.168.5.146:32935, 4cb787cc-5b8c-440b-937f-f014624f89b3:192.168.5.146:44916, 1a818fde-eea8-4495-a2fc-409ba2557d4d:192.168.5.146:32909], old=null
2019-10-12 05:57:34,193 [pool-443-thread-1] INFO  impl.RaftServerImpl (RaftServerImpl.java:setRole(170)) - 1a818fde-eea8-4495-a2fc-409ba2557d4d@group-E09AC2F437DD: changes role from      null to FOLLOWER at term 0 for startAsFollower
2019-10-12 05:57:34,193 [pool-443-thread-1] INFO  impl.RoleInfo (RoleInfo.java:updateAndGet(143)) - 1a818fde-eea8-4495-a2fc-409ba2557d4d: start FollowerState
2019-10-12 05:57:34,193 [pool-413-thread-1] INFO  util.JmxRegister (JmxRegister.java:tryRegister(44)) - Successfully registered JMX Bean with object name Ratis:service=RaftServer,group=group-E09AC2F437DD,id=2a909488-23eb-449f-a481-fdfd3438e3d8
2019-10-12 05:57:34,193 [pool-443-thread-1] INFO  util.JmxRegister (JmxRegister.java:tryRegister(44)) - Successfully registered JMX Bean with object name Ratis:service=RaftServer,group=group-E09AC2F437DD,id=1a818fde-eea8-4495-a2fc-409ba2557d4d
2019-10-12 05:57:34,197 [RatisPipelineUtilsThread] INFO  pipeline.PipelineStateManager (PipelineStateManager.java:addPipeline(56)) - Created pipeline Pipeline[ Id: 89485f99-a8b2-4d6a-b1f1-e09ac2f437dd, Nodes: 2a909488-23eb-449f-a481-fdfd3438e3d8{ip: 192.168.5.146, host: pr-hdds-1737-b78td-2979900912, networkLocation: /default-rack, certSerialId: null}4cb787cc-5b8c-440b-937f-f014624f89b3{ip: 192.168.5.146, host: pr-hdds-1737-b78td-2979900912, networkLocation: /default-rack, certSerialId: null}1a818fde-eea8-4495-a2fc-409ba2557d4d{ip: 192.168.5.146, host: pr-hdds-1737-b78td-2979900912, networkLocation: /default-rack, certSerialId: null}, Type:RATIS, Factor:THREE, State:OPEN]
2019-10-12 05:57:36,609 [Thread-2391] INFO  container.ReplicationManager (ReplicationManager.java:start(162)) - Starting Replication Monitor Thread.
2019-10-12 05:57:36,618 [ReplicationMonitor] INFO  container.ReplicationManager (ReplicationManager.java:run(225)) - Replication Monitor Thread took 1 milliseconds for processing 1 containers.
2019-10-12 05:57:38,681 [Thread-2393] INFO  impl.FollowerState (FollowerState.java:run(108)) - 3d593385-3284-4335-8113-eed84e610307@group-70B10A62935F-FollowerState: change to CANDIDATE, lastRpcTime:5019ms, electionTimeout:5019ms
2019-10-12 05:57:38,683 [Thread-2393] INFO  impl.RoleInfo (RoleInfo.java:shutdownFollowerState(121)) - 3d593385-3284-4335-8113-eed84e610307: shutdown FollowerState
2019-10-12 05:57:38,683 [Thread-2393] INFO  impl.RaftServerImpl (RaftServerImpl.java:setRole(170)) - 3d593385-3284-4335-8113-eed84e610307@group-70B10A62935F: changes role from  FOLLOWER to CANDIDATE at term 0 for changeToCandidate
2019-10-12 05:57:38,684 [Thread-2393] INFO  impl.RoleInfo (RoleInfo.java:updateAndGet(143)) - 3d593385-3284-4335-8113-eed84e610307: start LeaderElection
2019-10-12 05:57:38,705 [3d593385-3284-4335-8113-eed84e610307@group-70B10A62935F-LeaderElection99] INFO  impl.LeaderElection (LeaderElection.java:askForVotes(178)) - 3d593385-3284-4335-8113-eed84e610307@group-70B10A62935F-LeaderElection99: begin an election at term 1 for -1: [3d593385-3284-4335-8113-eed84e610307:192.168.5.146:41694], old=null
2019-10-12 05:57:38,705 [3d593385-3284-4335-8113-eed84e610307@group-70B10A62935F-LeaderElection99] INFO  impl.RoleInfo (RoleInfo.java:shutdownLeaderElection(134)) - 3d593385-3284-4335-8113-eed84e610307: shutdown LeaderElection
2019-10-12 05:57:38,706 [3d593385-3284-4335-8113-eed84e610307@group-70B10A62935F-LeaderElection99] INFO  impl.RaftServerImpl (RaftServerImpl.java:setRole(170)) - 3d593385-3284-4335-8113-eed84e610307@group-70B10A62935F: changes role from CANDIDATE to LEADER at term 1 for changeToLeader
2019-10-12 05:57:38,706 [3d593385-3284-4335-8113-eed84e610307@group-70B10A62935F-LeaderElection99] INFO  impl.RaftServerImpl (ServerState.java:setLeader(255)) - 3d593385-3284-4335-8113-eed84e610307@group-70B10A62935F: change Leader from null to 3d593385-3284-4335-8113-eed84e610307 at term 1 for becomeLeader, leader elected after 5052ms
2019-10-12 05:57:38,706 [3d593385-3284-4335-8113-eed84e610307@group-70B10A62935F-LeaderElection99] INFO  server.RaftServerConfigKeys (ConfUtils.java:logGet(43)) - raft.server.staging.catchup.gap = 1000 (default)
2019-10-12 05:57:38,706 [3d593385-3284-4335-8113-eed84e610307@group-70B10A62935F-LeaderElection99] INFO  server.RaftServerConfigKeys (ConfUtils.java:logGet(43)) - raft.server.rpc.sleep.time = 25ms (default)
2019-10-12 05:57:38,707 [3d593385-3284-4335-8113-eed84e610307@group-70B10A62935F-LeaderElection99] INFO  server.RaftServerConfigKeys (ConfUtils.java:logGet(43)) - raft.server.write.element-limit = 4096 (default)
2019-10-12 05:57:38,707 [3d593385-3284-4335-8113-eed84e610307@group-70B10A62935F-LeaderElection99] INFO  server.RaftServerConfigKeys (ConfUtils.java:logGet(43)) - raft.server.watch.timeout = 10s (default)
2019-10-12 05:57:38,707 [3d593385-3284-4335-8113-eed84e610307@group-70B10A62935F-LeaderElection99] INFO  server.RaftServerConfigKeys (ConfUtils.java:logGet(43)) - raft.server.watch.timeout.denomination = 1s (default)
2019-10-12 05:57:38,707 [3d593385-3284-4335-8113-eed84e610307@group-70B10A62935F-LeaderElection99] INFO  server.RaftServerConfigKeys (ConfUtils.java:logGet(43)) - raft.server.watch.element-limit = 65536 (default)
2019-10-12 05:57:38,712 [3d593385-3284-4335-8113-eed84e610307@group-70B10A62935F-LeaderElection99] INFO  impl.RoleInfo (RoleInfo.java:updateAndGet(143)) - 3d593385-3284-4335-8113-eed84e610307: start LeaderState
2019-10-12 05:57:38,713 [3d593385-3284-4335-8113-eed84e610307@group-70B10A62935F-LeaderElection99] INFO  segmented.SegmentedRaftLogWorker (SegmentedRaftLogWorker.java:startLogSegment(385)) - 3d593385-3284-4335-8113-eed84e610307@group-70B10A62935F-SegmentedRaftLogWorker: Starting segment from index:0
2019-10-12 05:57:38,714 [3d593385-3284-4335-8113-eed84e610307@group-70B10A62935F-LeaderElection99] INFO  impl.RaftServerImpl (ServerState.java:setRaftConf(356)) - 3d593385-3284-4335-8113-eed84e610307@group-70B10A62935F: set configuration 0: [3d593385-3284-4335-8113-eed84e610307:192.168.5.146:41694], old=null at 0
2019-10-12 05:57:38,761 [3d593385-3284-4335-8113-eed84e610307@group-70B10A62935F-SegmentedRaftLogWorker] INFO  segmented.SegmentedRaftLogWorker (SegmentedRaftLogWorker.java:execute(574)) - 3d593385-3284-4335-8113-eed84e610307@group-70B10A62935F-SegmentedRaftLogWorker: created new log segment /workdir/hadoop-ozone/integration-test/target/test-dir/MiniOzoneClusterImpl-cecd90c6-9ab0-4b6e-ab80-1ea15920844d/datanode-0/data/ratis/baf68476-a71e-4e99-a893-70b10a62935f/current/log_inprogress_0
2019-10-12 05:57:38,824 [Thread-2396] INFO  impl.FollowerState (FollowerState.java:run(108)) - 7cdb1fc2-8df0-45e9-af1c-ad61a9693d73@group-8B89BF001058-FollowerState: change to CANDIDATE, lastRpcTime:5114ms, electionTimeout:5114ms
2019-10-12 05:57:38,824 [Thread-2396] INFO  impl.RoleInfo (RoleInfo.java:shutdownFollowerState(121)) - 7cdb1fc2-8df0-45e9-af1c-ad61a9693d73: shutdown FollowerState
2019-10-12 05:57:38,824 [Thread-2396] INFO  impl.RaftServerImpl (RaftServerImpl.java:setRole(170)) - 7cdb1fc2-8df0-45e9-af1c-ad61a9693d73@group-8B89BF001058: changes role from  FOLLOWER to CANDIDATE at term 0 for changeToCandidate
2019-10-12 05:57:38,824 [Thread-2396] INFO  impl.RoleInfo (RoleInfo.java:updateAndGet(143)) - 7cdb1fc2-8df0-45e9-af1c-ad61a9693d73: start LeaderElection
2019-10-12 05:57:38,851 [7cdb1fc2-8df0-45e9-af1c-ad61a9693d73@group-8B89BF001058-LeaderElection100] INFO  impl.LeaderElection (LeaderElection.java:askForVotes(178)) - 7cdb1fc2-8df0-45e9-af1c-ad61a9693d73@group-8B89BF001058-LeaderElection100: begin an election at term 1 for -1: [7cdb1fc2-8df0-45e9-af1c-ad61a9693d73:192.168.5.146:44348], old=null
2019-10-12 05:57:38,851 [7cdb1fc2-8df0-45e9-af1c-ad61a9693d73@group-8B89BF001058-LeaderElection100] INFO  impl.RoleInfo (RoleInfo.java:shutdownLeaderElection(134)) - 7cdb1fc2-8df0-45e9-af1c-ad61a9693d73: shutdown LeaderElection
2019-10-12 05:57:38,851 [7cdb1fc2-8df0-45e9-af1c-ad61a9693d73@group-8B89BF001058-LeaderElection100] INFO  impl.RaftServerImpl (RaftServerImpl.java:setRole(170)) - 7cdb1fc2-8df0-45e9-af1c-ad61a9693d73@group-8B89BF001058: changes role from CANDIDATE to LEADER at term 1 for changeToLeader
2019-10-12 05:57:38,852 [7cdb1fc2-8df0-45e9-af1c-ad61a9693d73@group-8B89BF001058-LeaderElection100] INFO  impl.RaftServerImpl (ServerState.java:setLeader(255)) - 7cdb1fc2-8df0-45e9-af1c-ad61a9693d73@group-8B89BF001058: change Leader from null to 7cdb1fc2-8df0-45e9-af1c-ad61a9693d73 at term 1 for becomeLeader, leader elected after 5147ms
2019-10-12 05:57:38,852 [7cdb1fc2-8df0-45e9-af1c-ad61a9693d73@group-8B89BF001058-LeaderElection100] INFO  server.RaftServerConfigKeys (ConfUtils.java:logGet(43)) - raft.server.staging.catchup.gap = 1000 (default)
2019-10-12 05:57:38,852 [7cdb1fc2-8df0-45e9-af1c-ad61a9693d73@group-8B89BF001058-LeaderElection100] INFO  server.RaftServerConfigKeys (ConfUtils.java:logGet(43)) - raft.server.rpc.sleep.time = 25ms (default)
2019-10-12 05:57:38,852 [7cdb1fc2-8df0-45e9-af1c-ad61a9693d73@group-8B89BF001058-LeaderElection100] INFO  server.RaftServerConfigKeys (ConfUtils.java:logGet(43)) - raft.server.write.element-limit = 4096 (default)
2019-10-12 05:57:38,852 [7cdb1fc2-8df0-45e9-af1c-ad61a9693d73@group-8B89BF001058-LeaderElection100] INFO  server.RaftServerConfigKeys (ConfUtils.java:logGet(43)) - raft.server.watch.timeout = 10s (default)
2019-10-12 05:57:38,852 [7cdb1fc2-8df0-45e9-af1c-ad61a9693d73@group-8B89BF001058-LeaderElection100] INFO  server.RaftServerConfigKeys (ConfUtils.java:logGet(43)) - raft.server.watch.timeout.denomination = 1s (default)
2019-10-12 05:57:38,853 [7cdb1fc2-8df0-45e9-af1c-ad61a9693d73@group-8B89BF001058-LeaderElection100] INFO  server.RaftServerConfigKeys (ConfUtils.java:logGet(43)) - raft.server.watch.element-limit = 65536 (default)
2019-10-12 05:57:38,855 [7cdb1fc2-8df0-45e9-af1c-ad61a9693d73@group-8B89BF001058-LeaderElection100] INFO  impl.RoleInfo (RoleInfo.java:updateAndGet(143)) - 7cdb1fc2-8df0-45e9-af1c-ad61a9693d73: start LeaderState
2019-10-12 05:57:38,855 [7cdb1fc2-8df0-45e9-af1c-ad61a9693d73@group-8B89BF001058-LeaderElection100] INFO  segmented.SegmentedRaftLogWorker (SegmentedRaftLogWorker.java:startLogSegment(385)) - 7cdb1fc2-8df0-45e9-af1c-ad61a9693d73@group-8B89BF001058-SegmentedRaftLogWorker: Starting segment from index:0
2019-10-12 05:57:38,856 [7cdb1fc2-8df0-45e9-af1c-ad61a9693d73@group-8B89BF001058-LeaderElection100] INFO  impl.RaftServerImpl (ServerState.java:setRaftConf(356)) - 7cdb1fc2-8df0-45e9-af1c-ad61a9693d73@group-8B89BF001058: set configuration 0: [7cdb1fc2-8df0-45e9-af1c-ad61a9693d73:192.168.5.146:44348], old=null at 0
2019-10-12 05:57:38,873 [Thread-2399] INFO  impl.FollowerState (FollowerState.java:run(108)) - 865cadc9-9a6b-495c-9837-1e7c19652a6e@group-DF0216919C85-FollowerState: change to CANDIDATE, lastRpcTime:5106ms, electionTimeout:5106ms
2019-10-12 05:57:38,873 [Thread-2399] INFO  impl.RoleInfo (RoleInfo.java:shutdownFollowerState(121)) - 865cadc9-9a6b-495c-9837-1e7c19652a6e: shutdown FollowerState
2019-10-12 05:57:38,873 [Thread-2399] INFO  impl.RaftServerImpl (RaftServerImpl.java:setRole(170)) - 865cadc9-9a6b-495c-9837-1e7c19652a6e@group-DF0216919C85: changes role from  FOLLOWER to CANDIDATE at term 0 for changeToCandidate
2019-10-12 05:57:38,873 [Thread-2404] INFO  impl.FollowerState (FollowerState.java:run(108)) - 3d593385-3284-4335-8113-eed84e610307@group-A42A2B0F365A-FollowerState: change to CANDIDATE, lastRpcTime:5030ms, electionTimeout:5030ms
2019-10-12 05:57:38,873 [Thread-2399] INFO  impl.RoleInfo (RoleInfo.java:updateAndGet(143)) - 865cadc9-9a6b-495c-9837-1e7c19652a6e: start LeaderElection
2019-10-12 05:57:38,873 [Thread-2404] INFO  impl.RoleInfo (RoleInfo.java:shutdownFollowerState(121)) - 3d593385-3284-4335-8113-eed84e610307: shutdown FollowerState
2019-10-12 05:57:38,874 [Thread-2404] INFO  impl.RaftServerImpl (RaftServerImpl.java:setRole(170)) - 3d593385-3284-4335-8113-eed84e610307@group-A42A2B0F365A: changes role from  FOLLOWER to CANDIDATE at term 0 for changeToCandidate
2019-10-12 05:57:38,874 [Thread-2404] INFO  impl.RoleInfo (RoleInfo.java:updateAndGet(143)) - 3d593385-3284-4335-8113-eed84e610307: start LeaderElection
2019-10-12 05:57:38,895 [Thread-2406] INFO  impl.FollowerState (FollowerState.java:run(108)) - 7cdb1fc2-8df0-45e9-af1c-ad61a9693d73@group-A42A2B0F365A-FollowerState: change to CANDIDATE, lastRpcTime:5048ms, electionTimeout:5029ms
2019-10-12 05:57:38,898 [Thread-2406] INFO  impl.RoleInfo (RoleInfo.java:shutdownFollowerState(121)) - 7cdb1fc2-8df0-45e9-af1c-ad61a9693d73: shutdown FollowerState
2019-10-12 05:57:38,902 [Thread-2406] INFO  impl.RaftServerImpl (RaftServerImpl.java:setRole(170)) - 7cdb1fc2-8df0-45e9-af1c-ad61a9693d73@group-A42A2B0F365A: changes role from  FOLLOWER to CANDIDATE at term 0 for changeToCandidate
2019-10-12 05:57:38,902 [Thread-2406] INFO  impl.RoleInfo (RoleInfo.java:updateAndGet(143)) - 7cdb1fc2-8df0-45e9-af1c-ad61a9693d73: start LeaderElection
2019-10-12 05:57:38,908 [Thread-2405] INFO  impl.FollowerState (FollowerState.java:run(108)) - 865cadc9-9a6b-495c-9837-1e7c19652a6e@group-A42A2B0F365A-FollowerState: change to CANDIDATE, lastRpcTime:5061ms, electionTimeout:5059ms
2019-10-12 05:57:38,908 [7cdb1fc2-8df0-45e9-af1c-ad61a9693d73@group-8B89BF001058-SegmentedRaftLogWorker] INFO  segmented.SegmentedRaftLogWorker (SegmentedRaftLogWorker.java:execute(574)) - 7cdb1fc2-8df0-45e9-af1c-ad61a9693d73@group-8B89BF001058-SegmentedRaftLogWorker: created new log segment /workdir/hadoop-ozone/integration-test/target/test-dir/MiniOzoneClusterImpl-cecd90c6-9ab0-4b6e-ab80-1ea15920844d/datanode-1/data/ratis/5cedce77-3ed8-4b07-a6d8-8b89bf001058/current/log_inprogress_0
2019-10-12 05:57:38,908 [Thread-2405] INFO  impl.RoleInfo (RoleInfo.java:shutdownFollowerState(121)) - 865cadc9-9a6b-495c-9837-1e7c19652a6e: shutdown FollowerState
2019-10-12 05:57:38,908 [Thread-2405] INFO  impl.RaftServerImpl (RaftServerImpl.java:setRole(170)) - 865cadc9-9a6b-495c-9837-1e7c19652a6e@group-A42A2B0F365A: changes role from  FOLLOWER to CANDIDATE at term 0 for changeToCandidate
2019-10-12 05:57:38,909 [Thread-2405] INFO  impl.RoleInfo (RoleInfo.java:updateAndGet(143)) - 865cadc9-9a6b-495c-9837-1e7c19652a6e: start LeaderElection
2019-10-12 05:57:38,912 [865cadc9-9a6b-495c-9837-1e7c19652a6e@group-DF0216919C85-LeaderElection101] INFO  impl.LeaderElection (LeaderElection.java:askForVotes(178)) - 865cadc9-9a6b-495c-9837-1e7c19652a6e@group-DF0216919C85-LeaderElection101: begin an election at term 1 for -1: [865cadc9-9a6b-495c-9837-1e7c19652a6e:192.168.5.146:34810], old=null
2019-10-12 05:57:38,912 [7cdb1fc2-8df0-45e9-af1c-ad61a9693d73@group-A42A2B0F365A-LeaderElection103] INFO  impl.LeaderElection (LeaderElection.java:askForVotes(178)) - 7cdb1fc2-8df0-45e9-af1c-ad61a9693d73@group-A42A2B0F365A-LeaderElection103: begin an election at term 1 for -1: [3d593385-3284-4335-8113-eed84e610307:192.168.5.146:41694, 865cadc9-9a6b-495c-9837-1e7c19652a6e:192.168.5.146:34810, 7cdb1fc2-8df0-45e9-af1c-ad61a9693d73:192.168.5.146:44348], old=null
2019-10-12 05:57:38,915 [865cadc9-9a6b-495c-9837-1e7c19652a6e@group-DF0216919C85-LeaderElection101] INFO  impl.RoleInfo (RoleInfo.java:shutdownLeaderElection(134)) - 865cadc9-9a6b-495c-9837-1e7c19652a6e: shutdown LeaderElection
2019-10-12 05:57:38,912 [3d593385-3284-4335-8113-eed84e610307@group-A42A2B0F365A-LeaderElection102] INFO  impl.LeaderElection (LeaderElection.java:askForVotes(178)) - 3d593385-3284-4335-8113-eed84e610307@group-A42A2B0F365A-LeaderElection102: begin an election at term 1 for -1: [3d593385-3284-4335-8113-eed84e610307:192.168.5.146:41694, 865cadc9-9a6b-495c-9837-1e7c19652a6e:192.168.5.146:34810, 7cdb1fc2-8df0-45e9-af1c-ad61a9693d73:192.168.5.146:44348], old=null
2019-10-12 05:57:38,915 [865cadc9-9a6b-495c-9837-1e7c19652a6e@group-DF0216919C85-LeaderElection101] INFO  impl.RaftServerImpl (RaftServerImpl.java:setRole(170)) - 865cadc9-9a6b-495c-9837-1e7c19652a6e@group-DF0216919C85: changes role from CANDIDATE to LEADER at term 1 for changeToLeader
2019-10-12 05:57:38,915 [865cadc9-9a6b-495c-9837-1e7c19652a6e@group-DF0216919C85-LeaderElection101] INFO  impl.RaftServerImpl (ServerState.java:setLeader(255)) - 865cadc9-9a6b-495c-9837-1e7c19652a6e@group-DF0216919C85: change Leader from null to 865cadc9-9a6b-495c-9837-1e7c19652a6e at term 1 for becomeLeader, leader elected after 5154ms
2019-10-12 05:57:38,916 [865cadc9-9a6b-495c-9837-1e7c19652a6e@group-DF0216919C85-LeaderElection101] INFO  server.RaftServerConfigKeys (ConfUtils.java:logGet(43)) - raft.server.staging.catchup.gap = 1000 (default)
2019-10-12 05:57:38,916 [865cadc9-9a6b-495c-9837-1e7c19652a6e@group-DF0216919C85-LeaderElection101] INFO  server.RaftServerConfigKeys (ConfUtils.java:logGet(43)) - raft.server.rpc.sleep.time = 25ms (default)
2019-10-12 05:57:38,916 [865cadc9-9a6b-495c-9837-1e7c19652a6e@group-DF0216919C85-LeaderElection101] INFO  server.RaftServerConfigKeys (ConfUtils.java:logGet(43)) - raft.server.write.element-limit = 4096 (default)
2019-10-12 05:57:38,916 [865cadc9-9a6b-495c-9837-1e7c19652a6e@group-DF0216919C85-LeaderElection101] INFO  server.RaftServerConfigKeys (ConfUtils.java:logGet(43)) - raft.server.watch.timeout = 10s (default)
2019-10-12 05:57:38,916 [865cadc9-9a6b-495c-9837-1e7c19652a6e@group-DF0216919C85-LeaderElection101] INFO  server.RaftServerConfigKeys (ConfUtils.java:logGet(43)) - raft.server.watch.timeout.denomination = 1s (default)
2019-10-12 05:57:38,916 [865cadc9-9a6b-495c-9837-1e7c19652a6e@group-DF0216919C85-LeaderElection101] INFO  server.RaftServerConfigKeys (ConfUtils.java:logGet(43)) - raft.server.watch.element-limit = 65536 (default)
2019-10-12 05:57:38,918 [865cadc9-9a6b-495c-9837-1e7c19652a6e@group-DF0216919C85-LeaderElection101] INFO  impl.RoleInfo (RoleInfo.java:updateAndGet(143)) - 865cadc9-9a6b-495c-9837-1e7c19652a6e: start LeaderState
2019-10-12 05:57:38,919 [865cadc9-9a6b-495c-9837-1e7c19652a6e@group-DF0216919C85-LeaderElection101] INFO  segmented.SegmentedRaftLogWorker (SegmentedRaftLogWorker.java:startLogSegment(385)) - 865cadc9-9a6b-495c-9837-1e7c19652a6e@group-DF0216919C85-SegmentedRaftLogWorker: Starting segment from index:0
2019-10-12 05:57:38,919 [865cadc9-9a6b-495c-9837-1e7c19652a6e@group-A42A2B0F365A-LeaderElection104] INFO  impl.LeaderElection (LeaderElection.java:askForVotes(178)) - 865cadc9-9a6b-495c-9837-1e7c19652a6e@group-A42A2B0F365A-LeaderElection104: begin an election at term 1 for -1: [3d593385-3284-4335-8113-eed84e610307:192.168.5.146:41694, 865cadc9-9a6b-495c-9837-1e7c19652a6e:192.168.5.146:34810, 7cdb1fc2-8df0-45e9-af1c-ad61a9693d73:192.168.5.146:44348], old=null
2019-10-12 05:57:38,919 [865cadc9-9a6b-495c-9837-1e7c19652a6e@group-DF0216919C85-LeaderElection101] INFO  impl.RaftServerImpl (ServerState.java:setRaftConf(356)) - 865cadc9-9a6b-495c-9837-1e7c19652a6e@group-DF0216919C85: set configuration 0: [865cadc9-9a6b-495c-9837-1e7c19652a6e:192.168.5.146:34810], old=null at 0
2019-10-12 05:57:38,924 [3d593385-3284-4335-8113-eed84e610307@group-A42A2B0F365A-LeaderElection102] INFO  impl.LeaderElection (LeaderElection.java:logAndReturn(56)) - 3d593385-3284-4335-8113-eed84e610307@group-A42A2B0F365A-LeaderElection102: Election REJECTED; received 2 response(s) [3d593385-3284-4335-8113-eed84e610307<-865cadc9-9a6b-495c-9837-1e7c19652a6e#0:FAIL-t1, 3d593385-3284-4335-8113-eed84e610307<-7cdb1fc2-8df0-45e9-af1c-ad61a9693d73#0:FAIL-t1] and 0 exception(s); 3d593385-3284-4335-8113-eed84e610307@group-A42A2B0F365A:t1, leader=null, voted=3d593385-3284-4335-8113-eed84e610307, raftlog=3d593385-3284-4335-8113-eed84e610307@group-A42A2B0F365A-SegmentedRaftLog:OPENED:c-1,f-1,i0, conf=-1: [3d593385-3284-4335-8113-eed84e610307:192.168.5.146:41694, 865cadc9-9a6b-495c-9837-1e7c19652a6e:192.168.5.146:34810, 7cdb1fc2-8df0-45e9-af1c-ad61a9693d73:192.168.5.146:44348], old=null
2019-10-12 05:57:38,924 [7cdb1fc2-8df0-45e9-af1c-ad61a9693d73@group-A42A2B0F365A-LeaderElection103] INFO  impl.LeaderElection (LeaderElection.java:logAndReturn(56)) - 7cdb1fc2-8df0-45e9-af1c-ad61a9693d73@group-A42A2B0F365A-LeaderElection103: Election REJECTED; received 2 response(s) [7cdb1fc2-8df0-45e9-af1c-ad61a9693d73<-3d593385-3284-4335-8113-eed84e610307#0:FAIL-t1, 7cdb1fc2-8df0-45e9-af1c-ad61a9693d73<-865cadc9-9a6b-495c-9837-1e7c19652a6e#0:FAIL-t1] and 0 exception(s); 7cdb1fc2-8df0-45e9-af1c-ad61a9693d73@group-A42A2B0F365A:t1, leader=null, voted=7cdb1fc2-8df0-45e9-af1c-ad61a9693d73, raftlog=7cdb1fc2-8df0-45e9-af1c-ad61a9693d73@group-A42A2B0F365A-SegmentedRaftLog:OPENED:c-1,f-1,i0, conf=-1: [3d593385-3284-4335-8113-eed84e610307:192.168.5.146:41694, 865cadc9-9a6b-495c-9837-1e7c19652a6e:192.168.5.146:34810, 7cdb1fc2-8df0-45e9-af1c-ad61a9693d73:192.168.5.146:44348], old=null
2019-10-12 05:57:38,924 [3d593385-3284-4335-8113-eed84e610307@group-A42A2B0F365A-LeaderElection102] INFO  impl.RaftServerImpl (RaftServerImpl.java:setRole(170)) - 3d593385-3284-4335-8113-eed84e610307@group-A42A2B0F365A: changes role from CANDIDATE to FOLLOWER at term 1 for DISCOVERED_A_NEW_TERM
2019-10-12 05:57:38,924 [7cdb1fc2-8df0-45e9-af1c-ad61a9693d73@group-A42A2B0F365A-LeaderElection103] INFO  impl.RaftServerImpl (RaftServerImpl.java:setRole(170)) - 7cdb1fc2-8df0-45e9-af1c-ad61a9693d73@group-A42A2B0F365A: changes role from CANDIDATE to FOLLOWER at term 1 for DISCOVERED_A_NEW_TERM
2019-10-12 05:57:38,925 [7cdb1fc2-8df0-45e9-af1c-ad61a9693d73@group-A42A2B0F365A-LeaderElection103] INFO  impl.RoleInfo (RoleInfo.java:shutdownLeaderElection(134)) - 7cdb1fc2-8df0-45e9-af1c-ad61a9693d73: shutdown LeaderElection
2019-10-12 05:57:38,925 [3d593385-3284-4335-8113-eed84e610307@group-A42A2B0F365A-LeaderElection102] INFO  impl.RoleInfo (RoleInfo.java:shutdownLeaderElection(134)) - 3d593385-3284-4335-8113-eed84e610307: shutdown LeaderElection
2019-10-12 05:57:38,925 [7cdb1fc2-8df0-45e9-af1c-ad61a9693d73@group-A42A2B0F365A-LeaderElection103] INFO  impl.RoleInfo (RoleInfo.java:updateAndGet(143)) - 7cdb1fc2-8df0-45e9-af1c-ad61a9693d73: start FollowerState
2019-10-12 05:57:38,925 [3d593385-3284-4335-8113-eed84e610307@group-A42A2B0F365A-LeaderElection102] INFO  impl.RoleInfo (RoleInfo.java:updateAndGet(143)) - 3d593385-3284-4335-8113-eed84e610307: start FollowerState
2019-10-12 05:57:38,926 [865cadc9-9a6b-495c-9837-1e7c19652a6e@group-A42A2B0F365A-LeaderElection104] INFO  impl.LeaderElection (LeaderElection.java:logAndReturn(56)) - 865cadc9-9a6b-495c-9837-1e7c19652a6e@group-A42A2B0F365A-LeaderElection104: Election REJECTED; received 2 response(s) [865cadc9-9a6b-495c-9837-1e7c19652a6e<-3d593385-3284-4335-8113-eed84e610307#0:FAIL-t1, 865cadc9-9a6b-495c-9837-1e7c19652a6e<-7cdb1fc2-8df0-45e9-af1c-ad61a9693d73#0:FAIL-t1] and 0 exception(s); 865cadc9-9a6b-495c-9837-1e7c19652a6e@group-A42A2B0F365A:t1, leader=null, voted=865cadc9-9a6b-495c-9837-1e7c19652a6e, raftlog=865cadc9-9a6b-495c-9837-1e7c19652a6e@group-A42A2B0F365A-SegmentedRaftLog:OPENED:c-1,f-1,i0, conf=-1: [3d593385-3284-4335-8113-eed84e610307:192.168.5.146:41694, 865cadc9-9a6b-495c-9837-1e7c19652a6e:192.168.5.146:34810, 7cdb1fc2-8df0-45e9-af1c-ad61a9693d73:192.168.5.146:44348], old=null
2019-10-12 05:57:38,926 [865cadc9-9a6b-495c-9837-1e7c19652a6e@group-A42A2B0F365A-LeaderElection104] INFO  impl.RaftServerImpl (RaftServerImpl.java:setRole(170)) - 865cadc9-9a6b-495c-9837-1e7c19652a6e@group-A42A2B0F365A: changes role from CANDIDATE to FOLLOWER at term 1 for DISCOVERED_A_NEW_TERM
2019-10-12 05:57:38,927 [865cadc9-9a6b-495c-9837-1e7c19652a6e@group-A42A2B0F365A-LeaderElection104] INFO  impl.RoleInfo (RoleInfo.java:shutdownLeaderElection(134)) - 865cadc9-9a6b-495c-9837-1e7c19652a6e: shutdown LeaderElection
2019-10-12 05:57:38,927 [865cadc9-9a6b-495c-9837-1e7c19652a6e@group-A42A2B0F365A-LeaderElection104] INFO  impl.RoleInfo (RoleInfo.java:updateAndGet(143)) - 865cadc9-9a6b-495c-9837-1e7c19652a6e: start FollowerState
2019-10-12 05:57:38,957 [865cadc9-9a6b-495c-9837-1e7c19652a6e@group-DF0216919C85-SegmentedRaftLogWorker] INFO  segmented.SegmentedRaftLogWorker (SegmentedRaftLogWorker.java:execute(574)) - 865cadc9-9a6b-495c-9837-1e7c19652a6e@group-DF0216919C85-SegmentedRaftLogWorker: created new log segment /workdir/hadoop-ozone/integration-test/target/test-dir/MiniOzoneClusterImpl-cecd90c6-9ab0-4b6e-ab80-1ea15920844d/datanode-2/data/ratis/d3f52a57-5fa2-40ca-af0c-df0216919c85/current/log_inprogress_0
2019-10-12 05:57:38,998 [Thread-2411] INFO  impl.FollowerState (FollowerState.java:run(108)) - 2a909488-23eb-449f-a481-fdfd3438e3d8@group-582977F25B6F-FollowerState: change to CANDIDATE, lastRpcTime:5079ms, electionTimeout:5079ms
2019-10-12 05:57:38,999 [Thread-2411] INFO  impl.RoleInfo (RoleInfo.java:shutdownFollowerState(121)) - 2a909488-23eb-449f-a481-fdfd3438e3d8: shutdown FollowerState
2019-10-12 05:57:38,999 [Thread-2411] INFO  impl.RaftServerImpl (RaftServerImpl.java:setRole(170)) - 2a909488-23eb-449f-a481-fdfd3438e3d8@group-582977F25B6F: changes role from  FOLLOWER to CANDIDATE at term 0 for changeToCandidate
2019-10-12 05:57:38,999 [Thread-2411] INFO  impl.RoleInfo (RoleInfo.java:updateAndGet(143)) - 2a909488-23eb-449f-a481-fdfd3438e3d8: start LeaderElection
2019-10-12 05:57:39,024 [2a909488-23eb-449f-a481-fdfd3438e3d8@group-582977F25B6F-LeaderElection105] INFO  impl.LeaderElection (LeaderElection.java:askForVotes(178)) - 2a909488-23eb-449f-a481-fdfd3438e3d8@group-582977F25B6F-LeaderElection105: begin an election at term 1 for -1: [2a909488-23eb-449f-a481-fdfd3438e3d8:192.168.5.146:32935], old=null
2019-10-12 05:57:39,024 [2a909488-23eb-449f-a481-fdfd3438e3d8@group-582977F25B6F-LeaderElection105] INFO  impl.RoleInfo (RoleInfo.java:shutdownLeaderElection(134)) - 2a909488-23eb-449f-a481-fdfd3438e3d8: shutdown LeaderElection
2019-10-12 05:57:39,025 [2a909488-23eb-449f-a481-fdfd3438e3d8@group-582977F25B6F-LeaderElection105] INFO  impl.RaftServerImpl (RaftServerImpl.java:setRole(170)) - 2a909488-23eb-449f-a481-fdfd3438e3d8@group-582977F25B6F: changes role from CANDIDATE to LEADER at term 1 for changeToLeader
2019-10-12 05:57:39,025 [2a909488-23eb-449f-a481-fdfd3438e3d8@group-582977F25B6F-LeaderElection105] INFO  impl.RaftServerImpl (ServerState.java:setLeader(255)) - 2a909488-23eb-449f-a481-fdfd3438e3d8@group-582977F25B6F: change Leader from null to 2a909488-23eb-449f-a481-fdfd3438e3d8 at term 1 for becomeLeader, leader elected after 5112ms
2019-10-12 05:57:39,025 [2a909488-23eb-449f-a481-fdfd3438e3d8@group-582977F25B6F-LeaderElection105] INFO  server.RaftServerConfigKeys (ConfUtils.java:logGet(43)) - raft.server.staging.catchup.gap = 1000 (default)
2019-10-12 05:57:39,025 [2a909488-23eb-449f-a481-fdfd3438e3d8@group-582977F25B6F-LeaderElection105] INFO  server.RaftServerConfigKeys (ConfUtils.java:logGet(43)) - raft.server.rpc.sleep.time = 25ms (default)
2019-10-12 05:57:39,025 [2a909488-23eb-449f-a481-fdfd3438e3d8@group-582977F25B6F-LeaderElection105] INFO  server.RaftServerConfigKeys (ConfUtils.java:logGet(43)) - raft.server.write.element-limit = 4096 (default)
2019-10-12 05:57:39,025 [2a909488-23eb-449f-a481-fdfd3438e3d8@group-582977F25B6F-LeaderElection105] INFO  server.RaftServerConfigKeys (ConfUtils.java:logGet(43)) - raft.server.watch.timeout = 10s (default)
2019-10-12 05:57:39,025 [2a909488-23eb-449f-a481-fdfd3438e3d8@group-582977F25B6F-LeaderElection105] INFO  server.RaftServerConfigKeys (ConfUtils.java:logGet(43)) - raft.server.watch.timeout.denomination = 1s (default)
2019-10-12 05:57:39,026 [2a909488-23eb-449f-a481-fdfd3438e3d8@group-582977F25B6F-LeaderElection105] INFO  server.RaftServerConfigKeys (ConfUtils.java:logGet(43)) - raft.server.watch.element-limit = 65536 (default)
2019-10-12 05:57:39,027 [2a909488-23eb-449f-a481-fdfd3438e3d8@group-582977F25B6F-LeaderElection105] INFO  impl.RoleInfo (RoleInfo.java:updateAndGet(143)) - 2a909488-23eb-449f-a481-fdfd3438e3d8: start LeaderState
2019-10-12 05:57:39,027 [2a909488-23eb-449f-a481-fdfd3438e3d8@group-582977F25B6F-LeaderElection105] INFO  segmented.SegmentedRaftLogWorker (SegmentedRaftLogWorker.java:startLogSegment(385)) - 2a909488-23eb-449f-a481-fdfd3438e3d8@group-582977F25B6F-SegmentedRaftLogWorker: Starting segment from index:0
2019-10-12 05:57:39,028 [2a909488-23eb-449f-a481-fdfd3438e3d8@group-582977F25B6F-LeaderElection105] INFO  impl.RaftServerImpl (ServerState.java:setRaftConf(356)) - 2a909488-23eb-449f-a481-fdfd3438e3d8@group-582977F25B6F: set configuration 0: [2a909488-23eb-449f-a481-fdfd3438e3d8:192.168.5.146:32935], old=null at 0
2019-10-12 05:57:39,079 [Thread-2419] INFO  impl.FollowerState (FollowerState.java:run(108)) - 0db91b65-f97e-427c-9d16-0d785d0ff270@group-014BA0613232-FollowerState: change to CANDIDATE, lastRpcTime:5042ms, electionTimeout:5042ms
2019-10-12 05:57:39,080 [Thread-2419] INFO  impl.RoleInfo (RoleInfo.java:shutdownFollowerState(121)) - 0db91b65-f97e-427c-9d16-0d785d0ff270: shutdown FollowerState
2019-10-12 05:57:39,080 [Thread-2419] INFO  impl.RaftServerImpl (RaftServerImpl.java:setRole(170)) - 0db91b65-f97e-427c-9d16-0d785d0ff270@group-014BA0613232: changes role from  FOLLOWER to CANDIDATE at term 0 for changeToCandidate
2019-10-12 05:57:39,080 [Thread-2419] INFO  impl.RoleInfo (RoleInfo.java:updateAndGet(143)) - 0db91b65-f97e-427c-9d16-0d785d0ff270: start LeaderElection
2019-10-12 05:57:39,084 [2a909488-23eb-449f-a481-fdfd3438e3d8@group-582977F25B6F-SegmentedRaftLogWorker] INFO  segmented.SegmentedRaftLogWorker (SegmentedRaftLogWorker.java:execute(574)) - 2a909488-23eb-449f-a481-fdfd3438e3d8@group-582977F25B6F-SegmentedRaftLogWorker: created new log segment /workdir/hadoop-ozone/integration-test/target/test-dir/MiniOzoneClusterImpl-cecd90c6-9ab0-4b6e-ab80-1ea15920844d/datanode-3/data/ratis/dee3d5b9-a74f-4c38-88e9-582977f25b6f/current/log_inprogress_0
2019-10-12 05:57:39,101 [0db91b65-f97e-427c-9d16-0d785d0ff270@group-014BA0613232-LeaderElection106] INFO  impl.LeaderElection (LeaderElection.java:askForVotes(178)) - 0db91b65-f97e-427c-9d16-0d785d0ff270@group-014BA0613232-LeaderElection106: begin an election at term 1 for -1: [0db91b65-f97e-427c-9d16-0d785d0ff270:192.168.5.146:34517], old=null
2019-10-12 05:57:39,101 [0db91b65-f97e-427c-9d16-0d785d0ff270@group-014BA0613232-LeaderElection106] INFO  impl.RoleInfo (RoleInfo.java:shutdownLeaderElection(134)) - 0db91b65-f97e-427c-9d16-0d785d0ff270: shutdown LeaderElection
2019-10-12 05:57:39,102 [0db91b65-f97e-427c-9d16-0d785d0ff270@group-014BA0613232-LeaderElection106] INFO  impl.RaftServerImpl (RaftServerImpl.java:setRole(170)) - 0db91b65-f97e-427c-9d16-0d785d0ff270@group-014BA0613232: changes role from CANDIDATE to LEADER at term 1 for changeToLeader
2019-10-12 05:57:39,102 [0db91b65-f97e-427c-9d16-0d785d0ff270@group-014BA0613232-LeaderElection106] INFO  impl.RaftServerImpl (ServerState.java:setLeader(255)) - 0db91b65-f97e-427c-9d16-0d785d0ff270@group-014BA0613232: change Leader from null to 0db91b65-f97e-427c-9d16-0d785d0ff270 at term 1 for becomeLeader, leader elected after 5077ms
2019-10-12 05:57:39,102 [0db91b65-f97e-427c-9d16-0d785d0ff270@group-014BA0613232-LeaderElection106] INFO  server.RaftServerConfigKeys (ConfUtils.java:logGet(43)) - raft.server.staging.catchup.gap = 1000 (default)
2019-10-12 05:57:39,102 [0db91b65-f97e-427c-9d16-0d785d0ff270@group-014BA0613232-LeaderElection106] INFO  server.RaftServerConfigKeys (ConfUtils.java:logGet(43)) - raft.server.rpc.sleep.time = 25ms (default)
2019-10-12 05:57:39,102 [0db91b65-f97e-427c-9d16-0d785d0ff270@group-014BA0613232-LeaderElection106] INFO  server.RaftServerConfigKeys (ConfUtils.java:logGet(43)) - raft.server.write.element-limit = 4096 (default)
2019-10-12 05:57:39,102 [0db91b65-f97e-427c-9d16-0d785d0ff270@group-014BA0613232-LeaderElection106] INFO  server.RaftServerConfigKeys (ConfUtils.java:logGet(43)) - raft.server.watch.timeout = 10s (default)
2019-10-12 05:57:39,102 [0db91b65-f97e-427c-9d16-0d785d0ff270@group-014BA0613232-LeaderElection106] INFO  server.RaftServerConfigKeys (ConfUtils.java:logGet(43)) - raft.server.watch.timeout.denomination = 1s (default)
2019-10-12 05:57:39,102 [0db91b65-f97e-427c-9d16-0d785d0ff270@group-014BA0613232-LeaderElection106] INFO  server.RaftServerConfigKeys (ConfUtils.java:logGet(43)) - raft.server.watch.element-limit = 65536 (default)
2019-10-12 05:57:39,104 [0db91b65-f97e-427c-9d16-0d785d0ff270@group-014BA0613232-LeaderElection106] INFO  impl.RoleInfo (RoleInfo.java:updateAndGet(143)) - 0db91b65-f97e-427c-9d16-0d785d0ff270: start LeaderState
2019-10-12 05:57:39,104 [0db91b65-f97e-427c-9d16-0d785d0ff270@group-014BA0613232-LeaderElection106] INFO  segmented.SegmentedRaftLogWorker (SegmentedRaftLogWorker.java:startLogSegment(385)) - 0db91b65-f97e-427c-9d16-0d785d0ff270@group-014BA0613232-SegmentedRaftLogWorker: Starting segment from index:0
2019-10-12 05:57:39,105 [0db91b65-f97e-427c-9d16-0d785d0ff270@group-014BA0613232-LeaderElection106] INFO  impl.RaftServerImpl (ServerState.java:setRaftConf(356)) - 0db91b65-f97e-427c-9d16-0d785d0ff270@group-014BA0613232: set configuration 0: [0db91b65-f97e-427c-9d16-0d785d0ff270:192.168.5.146:34517], old=null at 0
2019-10-12 05:57:39,138 [Thread-2422] INFO  impl.FollowerState (FollowerState.java:run(108)) - 1a818fde-eea8-4495-a2fc-409ba2557d4d@group-DEB4440C3E6E-FollowerState: change to CANDIDATE, lastRpcTime:5036ms, electionTimeout:5036ms
2019-10-12 05:57:39,139 [Thread-2422] INFO  impl.RoleInfo (RoleInfo.java:shutdownFollowerState(121)) - 1a818fde-eea8-4495-a2fc-409ba2557d4d: shutdown FollowerState
2019-10-12 05:57:39,139 [Thread-2422] INFO  impl.RaftServerImpl (RaftServerImpl.java:setRole(170)) - 1a818fde-eea8-4495-a2fc-409ba2557d4d@group-DEB4440C3E6E: changes role from  FOLLOWER to CANDIDATE at term 0 for changeToCandidate
2019-10-12 05:57:39,139 [Thread-2422] INFO  impl.RoleInfo (RoleInfo.java:updateAndGet(143)) - 1a818fde-eea8-4495-a2fc-409ba2557d4d: start LeaderElection
2019-10-12 05:57:39,147 [Thread-2414] INFO  impl.FollowerState (FollowerState.java:run(108)) - 4cb787cc-5b8c-440b-937f-f014624f89b3@group-5E8F0AA8CC72-FollowerState: change to CANDIDATE, lastRpcTime:5162ms, electionTimeout:5161ms
2019-10-12 05:57:39,147 [Thread-2414] INFO  impl.RoleInfo (RoleInfo.java:shutdownFollowerState(121)) - 4cb787cc-5b8c-440b-937f-f014624f89b3: shutdown FollowerState
2019-10-12 05:57:39,147 [Thread-2414] INFO  impl.RaftServerImpl (RaftServerImpl.java:setRole(170)) - 4cb787cc-5b8c-440b-937f-f014624f89b3@group-5E8F0AA8CC72: changes role from  FOLLOWER to CANDIDATE at term 0 for changeToCandidate
2019-10-12 05:57:39,147 [Thread-2414] INFO  impl.RoleInfo (RoleInfo.java:updateAndGet(143)) - 4cb787cc-5b8c-440b-937f-f014624f89b3: start LeaderElection
2019-10-12 05:57:39,164 [0db91b65-f97e-427c-9d16-0d785d0ff270@group-014BA0613232-SegmentedRaftLogWorker] INFO  segmented.SegmentedRaftLogWorker (SegmentedRaftLogWorker.java:execute(574)) - 0db91b65-f97e-427c-9d16-0d785d0ff270@group-014BA0613232-SegmentedRaftLogWorker: created new log segment /workdir/hadoop-ozone/integration-test/target/test-dir/MiniOzoneClusterImpl-cecd90c6-9ab0-4b6e-ab80-1ea15920844d/datanode-5/data/ratis/1fd98de1-e8df-4b9b-8ca6-014ba0613232/current/log_inprogress_0
2019-10-12 05:57:39,164 [1a818fde-eea8-4495-a2fc-409ba2557d4d@group-DEB4440C3E6E-LeaderElection107] INFO  impl.LeaderElection (LeaderElection.java:askForVotes(178)) - 1a818fde-eea8-4495-a2fc-409ba2557d4d@group-DEB4440C3E6E-LeaderElection107: begin an election at term 1 for -1: [1a818fde-eea8-4495-a2fc-409ba2557d4d:192.168.5.146:32909], old=null
2019-10-12 05:57:39,165 [1a818fde-eea8-4495-a2fc-409ba2557d4d@group-DEB4440C3E6E-LeaderElection107] INFO  impl.RoleInfo (RoleInfo.java:shutdownLeaderElection(134)) - 1a818fde-eea8-4495-a2fc-409ba2557d4d: shutdown LeaderElection
2019-10-12 05:57:39,165 [1a818fde-eea8-4495-a2fc-409ba2557d4d@group-DEB4440C3E6E-LeaderElection107] INFO  impl.RaftServerImpl (RaftServerImpl.java:setRole(170)) - 1a818fde-eea8-4495-a2fc-409ba2557d4d@group-DEB4440C3E6E: changes role from CANDIDATE to LEADER at term 1 for changeToLeader
2019-10-12 05:57:39,165 [1a818fde-eea8-4495-a2fc-409ba2557d4d@group-DEB4440C3E6E-LeaderElection107] INFO  impl.RaftServerImpl (ServerState.java:setLeader(255)) - 1a818fde-eea8-4495-a2fc-409ba2557d4d@group-DEB4440C3E6E: change Leader from null to 1a818fde-eea8-4495-a2fc-409ba2557d4d at term 1 for becomeLeader, leader elected after 5069ms
2019-10-12 05:57:39,165 [1a818fde-eea8-4495-a2fc-409ba2557d4d@group-DEB4440C3E6E-LeaderElection107] INFO  server.RaftServerConfigKeys (ConfUtils.java:logGet(43)) - raft.server.staging.catchup.gap = 1000 (default)
2019-10-12 05:57:39,165 [1a818fde-eea8-4495-a2fc-409ba2557d4d@group-DEB4440C3E6E-LeaderElection107] INFO  server.RaftServerConfigKeys (ConfUtils.java:logGet(43)) - raft.server.rpc.sleep.time = 25ms (default)
2019-10-12 05:57:39,165 [1a818fde-eea8-4495-a2fc-409ba2557d4d@group-DEB4440C3E6E-LeaderElection107] INFO  server.RaftServerConfigKeys (ConfUtils.java:logGet(43)) - raft.server.write.element-limit = 4096 (default)
2019-10-12 05:57:39,166 [1a818fde-eea8-4495-a2fc-409ba2557d4d@group-DEB4440C3E6E-LeaderElection107] INFO  server.RaftServerConfigKeys (ConfUtils.java:logGet(43)) - raft.server.watch.timeout = 10s (default)
2019-10-12 05:57:39,166 [1a818fde-eea8-4495-a2fc-409ba2557d4d@group-DEB4440C3E6E-LeaderElection107] INFO  server.RaftServerConfigKeys (ConfUtils.java:logGet(43)) - raft.server.watch.timeout.denomination = 1s (default)
2019-10-12 05:57:39,166 [1a818fde-eea8-4495-a2fc-409ba2557d4d@group-DEB4440C3E6E-LeaderElection107] INFO  server.RaftServerConfigKeys (ConfUtils.java:logGet(43)) - raft.server.watch.element-limit = 65536 (default)
2019-10-12 05:57:39,167 [4cb787cc-5b8c-440b-937f-f014624f89b3@group-5E8F0AA8CC72-LeaderElection108] INFO  impl.LeaderElection (LeaderElection.java:askForVotes(178)) - 4cb787cc-5b8c-440b-937f-f014624f89b3@group-5E8F0AA8CC72-LeaderElection108: begin an election at term 1 for -1: [4cb787cc-5b8c-440b-937f-f014624f89b3:192.168.5.146:44916], old=null
2019-10-12 05:57:39,167 [4cb787cc-5b8c-440b-937f-f014624f89b3@group-5E8F0AA8CC72-LeaderElection108] INFO  impl.RoleInfo (RoleInfo.java:shutdownLeaderElection(134)) - 4cb787cc-5b8c-440b-937f-f014624f89b3: shutdown LeaderElection
2019-10-12 05:57:39,167 [4cb787cc-5b8c-440b-937f-f014624f89b3@group-5E8F0AA8CC72-LeaderElection108] INFO  impl.RaftServerImpl (RaftServerImpl.java:setRole(170)) - 4cb787cc-5b8c-440b-937f-f014624f89b3@group-5E8F0AA8CC72: changes role from CANDIDATE to LEADER at term 1 for changeToLeader
2019-10-12 05:57:39,167 [4cb787cc-5b8c-440b-937f-f014624f89b3@group-5E8F0AA8CC72-LeaderElection108] INFO  impl.RaftServerImpl (ServerState.java:setLeader(255)) - 4cb787cc-5b8c-440b-937f-f014624f89b3@group-5E8F0AA8CC72: change Leader from null to 4cb787cc-5b8c-440b-937f-f014624f89b3 at term 1 for becomeLeader, leader elected after 5192ms
2019-10-12 05:57:39,167 [4cb787cc-5b8c-440b-937f-f014624f89b3@group-5E8F0AA8CC72-LeaderElection108] INFO  server.RaftServerConfigKeys (ConfUtils.java:logGet(43)) - raft.server.staging.catchup.gap = 1000 (default)
2019-10-12 05:57:39,167 [4cb787cc-5b8c-440b-937f-f014624f89b3@group-5E8F0AA8CC72-LeaderElection108] INFO  server.RaftServerConfigKeys (ConfUtils.java:logGet(43)) - raft.server.rpc.sleep.time = 25ms (default)
2019-10-12 05:57:39,167 [4cb787cc-5b8c-440b-937f-f014624f89b3@group-5E8F0AA8CC72-LeaderElection108] INFO  server.RaftServerConfigKeys (ConfUtils.java:logGet(43)) - raft.server.write.element-limit = 4096 (default)
2019-10-12 05:57:39,168 [4cb787cc-5b8c-440b-937f-f014624f89b3@group-5E8F0AA8CC72-LeaderElection108] INFO  server.RaftServerConfigKeys (ConfUtils.java:logGet(43)) - raft.server.watch.timeout = 10s (default)
2019-10-12 05:57:39,168 [1a818fde-eea8-4495-a2fc-409ba2557d4d@group-DEB4440C3E6E-LeaderElection107] INFO  impl.RoleInfo (RoleInfo.java:updateAndGet(143)) - 1a818fde-eea8-4495-a2fc-409ba2557d4d: start LeaderState
2019-10-12 05:57:39,168 [4cb787cc-5b8c-440b-937f-f014624f89b3@group-5E8F0AA8CC72-LeaderElection108] INFO  server.RaftServerConfigKeys (ConfUtils.java:logGet(43)) - raft.server.watch.timeout.denomination = 1s (default)
2019-10-12 05:57:39,168 [4cb787cc-5b8c-440b-937f-f014624f89b3@group-5E8F0AA8CC72-LeaderElection108] INFO  server.RaftServerConfigKeys (ConfUtils.java:logGet(43)) - raft.server.watch.element-limit = 65536 (default)
2019-10-12 05:57:39,168 [1a818fde-eea8-4495-a2fc-409ba2557d4d@group-DEB4440C3E6E-LeaderElection107] INFO  segmented.SegmentedRaftLogWorker (SegmentedRaftLogWorker.java:startLogSegment(385)) - 1a818fde-eea8-4495-a2fc-409ba2557d4d@group-DEB4440C3E6E-SegmentedRaftLogWorker: Starting segment from index:0
2019-10-12 05:57:39,169 [1a818fde-eea8-4495-a2fc-409ba2557d4d@group-DEB4440C3E6E-LeaderElection107] INFO  impl.RaftServerImpl (ServerState.java:setRaftConf(356)) - 1a818fde-eea8-4495-a2fc-409ba2557d4d@group-DEB4440C3E6E: set configuration 0: [1a818fde-eea8-4495-a2fc-409ba2557d4d:192.168.5.146:32909], old=null at 0
2019-10-12 05:57:39,170 [4cb787cc-5b8c-440b-937f-f014624f89b3@group-5E8F0AA8CC72-LeaderElection108] INFO  impl.RoleInfo (RoleInfo.java:updateAndGet(143)) - 4cb787cc-5b8c-440b-937f-f014624f89b3: start LeaderState
2019-10-12 05:57:39,170 [4cb787cc-5b8c-440b-937f-f014624f89b3@group-5E8F0AA8CC72-LeaderElection108] INFO  segmented.SegmentedRaftLogWorker (SegmentedRaftLogWorker.java:startLogSegment(385)) - 4cb787cc-5b8c-440b-937f-f014624f89b3@group-5E8F0AA8CC72-SegmentedRaftLogWorker: Starting segment from index:0
2019-10-12 05:57:39,171 [4cb787cc-5b8c-440b-937f-f014624f89b3@group-5E8F0AA8CC72-LeaderElection108] INFO  impl.RaftServerImpl (ServerState.java:setRaftConf(356)) - 4cb787cc-5b8c-440b-937f-f014624f89b3@group-5E8F0AA8CC72: set configuration 0: [4cb787cc-5b8c-440b-937f-f014624f89b3:192.168.5.146:44916], old=null at 0
2019-10-12 05:57:39,214 [1a818fde-eea8-4495-a2fc-409ba2557d4d@group-DEB4440C3E6E-SegmentedRaftLogWorker] INFO  segmented.SegmentedRaftLogWorker (SegmentedRaftLogWorker.java:execute(574)) - 1a818fde-eea8-4495-a2fc-409ba2557d4d@group-DEB4440C3E6E-SegmentedRaftLogWorker: created new log segment /workdir/hadoop-ozone/integration-test/target/test-dir/MiniOzoneClusterImpl-cecd90c6-9ab0-4b6e-ab80-1ea15920844d/datanode-6/data/ratis/62a3e3cc-90a8-4841-a81f-deb4440c3e6e/current/log_inprogress_0
2019-10-12 05:57:39,214 [4cb787cc-5b8c-440b-937f-f014624f89b3@group-5E8F0AA8CC72-SegmentedRaftLogWorker] INFO  segmented.SegmentedRaftLogWorker (SegmentedRaftLogWorker.java:execute(574)) - 4cb787cc-5b8c-440b-937f-f014624f89b3@group-5E8F0AA8CC72-SegmentedRaftLogWorker: created new log segment /workdir/hadoop-ozone/integration-test/target/test-dir/MiniOzoneClusterImpl-cecd90c6-9ab0-4b6e-ab80-1ea15920844d/datanode-4/data/ratis/11ef1693-23df-4ad4-a827-5e8f0aa8cc72/current/log_inprogress_0
2019-10-12 05:57:39,240 [Thread-2429] INFO  impl.FollowerState (FollowerState.java:run(108)) - 1a818fde-eea8-4495-a2fc-409ba2557d4d@group-E09AC2F437DD-FollowerState: change to CANDIDATE, lastRpcTime:5047ms, electionTimeout:5047ms
2019-10-12 05:57:39,240 [Thread-2429] INFO  impl.RoleInfo (RoleInfo.java:shutdownFollowerState(121)) - 1a818fde-eea8-4495-a2fc-409ba2557d4d: shutdown FollowerState
2019-10-12 05:57:39,241 [Thread-2429] INFO  impl.RaftServerImpl (RaftServerImpl.java:setRole(170)) - 1a818fde-eea8-4495-a2fc-409ba2557d4d@group-E09AC2F437DD: changes role from  FOLLOWER to CANDIDATE at term 0 for changeToCandidate
2019-10-12 05:57:39,241 [Thread-2429] INFO  impl.RoleInfo (RoleInfo.java:updateAndGet(143)) - 1a818fde-eea8-4495-a2fc-409ba2557d4d: start LeaderElection
2019-10-12 05:57:39,258 [1a818fde-eea8-4495-a2fc-409ba2557d4d@group-E09AC2F437DD-LeaderElection109] INFO  impl.LeaderElection (LeaderElection.java:askForVotes(178)) - 1a818fde-eea8-4495-a2fc-409ba2557d4d@group-E09AC2F437DD-LeaderElection109: begin an election at term 1 for -1: [2a909488-23eb-449f-a481-fdfd3438e3d8:192.168.5.146:32935, 4cb787cc-5b8c-440b-937f-f014624f89b3:192.168.5.146:44916, 1a818fde-eea8-4495-a2fc-409ba2557d4d:192.168.5.146:32909], old=null
2019-10-12 05:57:39,264 [grpc-default-executor-5] INFO  impl.RaftServerImpl (RaftServerImpl.java:setRole(170)) - 2a909488-23eb-449f-a481-fdfd3438e3d8@group-E09AC2F437DD: changes role from  FOLLOWER to FOLLOWER at term 1 for recognizeCandidate:1a818fde-eea8-4495-a2fc-409ba2557d4d
2019-10-12 05:57:39,266 [grpc-default-executor-3] INFO  impl.RaftServerImpl (RaftServerImpl.java:setRole(170)) - 4cb787cc-5b8c-440b-937f-f014624f89b3@group-E09AC2F437DD: changes role from  FOLLOWER to FOLLOWER at term 1 for recognizeCandidate:1a818fde-eea8-4495-a2fc-409ba2557d4d
2019-10-12 05:57:39,267 [grpc-default-executor-5] INFO  impl.RoleInfo (RoleInfo.java:shutdownFollowerState(121)) - 2a909488-23eb-449f-a481-fdfd3438e3d8: shutdown FollowerState
2019-10-12 05:57:39,267 [grpc-default-executor-3] INFO  impl.RoleInfo (RoleInfo.java:shutdownFollowerState(121)) - 4cb787cc-5b8c-440b-937f-f014624f89b3: shutdown FollowerState
2019-10-12 05:57:39,267 [Thread-2428] INFO  impl.FollowerState (FollowerState.java:run(117)) - 2a909488-23eb-449f-a481-fdfd3438e3d8@group-E09AC2F437DD-FollowerState was interrupted: java.lang.InterruptedException: sleep interrupted
2019-10-12 05:57:39,267 [grpc-default-executor-5] INFO  impl.RoleInfo (RoleInfo.java:updateAndGet(143)) - 2a909488-23eb-449f-a481-fdfd3438e3d8: start FollowerState
2019-10-12 05:57:39,271 [Thread-2425] INFO  impl.FollowerState (FollowerState.java:run(117)) - 4cb787cc-5b8c-440b-937f-f014624f89b3@group-E09AC2F437DD-FollowerState was interrupted: java.lang.InterruptedException: sleep interrupted
2019-10-12 05:57:39,267 [grpc-default-executor-3] INFO  impl.RoleInfo (RoleInfo.java:updateAndGet(143)) - 4cb787cc-5b8c-440b-937f-f014624f89b3: start FollowerState
2019-10-12 05:57:39,299 [1a818fde-eea8-4495-a2fc-409ba2557d4d@group-E09AC2F437DD-LeaderElection109] INFO  impl.LeaderElection (LeaderElection.java:logAndReturn(56)) - 1a818fde-eea8-4495-a2fc-409ba2557d4d@group-E09AC2F437DD-LeaderElection109: Election PASSED; received 1 response(s) [1a818fde-eea8-4495-a2fc-409ba2557d4d<-2a909488-23eb-449f-a481-fdfd3438e3d8#0:OK-t1] and 0 exception(s); 1a818fde-eea8-4495-a2fc-409ba2557d4d@group-E09AC2F437DD:t1, leader=null, voted=1a818fde-eea8-4495-a2fc-409ba2557d4d, raftlog=1a818fde-eea8-4495-a2fc-409ba2557d4d@group-E09AC2F437DD-SegmentedRaftLog:OPENED:c-1,f-1,i0, conf=-1: [2a909488-23eb-449f-a481-fdfd3438e3d8:192.168.5.146:32935, 4cb787cc-5b8c-440b-937f-f014624f89b3:192.168.5.146:44916, 1a818fde-eea8-4495-a2fc-409ba2557d4d:192.168.5.146:32909], old=null
2019-10-12 05:57:39,300 [1a818fde-eea8-4495-a2fc-409ba2557d4d@group-E09AC2F437DD-LeaderElection109] INFO  impl.RoleInfo (RoleInfo.java:shutdownLeaderElection(134)) - 1a818fde-eea8-4495-a2fc-409ba2557d4d: shutdown LeaderElection
2019-10-12 05:57:39,300 [1a818fde-eea8-4495-a2fc-409ba2557d4d@group-E09AC2F437DD-LeaderElection109] INFO  impl.RaftServerImpl (RaftServerImpl.java:setRole(170)) - 1a818fde-eea8-4495-a2fc-409ba2557d4d@group-E09AC2F437DD: changes role from CANDIDATE to LEADER at term 1 for changeToLeader
2019-10-12 05:57:39,300 [1a818fde-eea8-4495-a2fc-409ba2557d4d@group-E09AC2F437DD-LeaderElection109] INFO  impl.RaftServerImpl (ServerState.java:setLeader(255)) - 1a818fde-eea8-4495-a2fc-409ba2557d4d@group-E09AC2F437DD: change Leader from null to 1a818fde-eea8-4495-a2fc-409ba2557d4d at term 1 for becomeLeader, leader elected after 5116ms
2019-10-12 05:57:39,300 [1a818fde-eea8-4495-a2fc-409ba2557d4d@group-E09AC2F437DD-LeaderElection109] INFO  server.RaftServerConfigKeys (ConfUtils.java:logGet(43)) - raft.server.staging.catchup.gap = 1000 (default)
2019-10-12 05:57:39,300 [1a818fde-eea8-4495-a2fc-409ba2557d4d@group-E09AC2F437DD-LeaderElection109] INFO  server.RaftServerConfigKeys (ConfUtils.java:logGet(43)) - raft.server.rpc.sleep.time = 25ms (default)
2019-10-12 05:57:39,300 [1a818fde-eea8-4495-a2fc-409ba2557d4d@group-E09AC2F437DD-LeaderElection109] INFO  server.RaftServerConfigKeys (ConfUtils.java:logGet(43)) - raft.server.write.element-limit = 4096 (default)
2019-10-12 05:57:39,300 [1a818fde-eea8-4495-a2fc-409ba2557d4d@group-E09AC2F437DD-LeaderElection109] INFO  server.RaftServerConfigKeys (ConfUtils.java:logGet(43)) - raft.server.watch.timeout = 10s (default)
2019-10-12 05:57:39,301 [1a818fde-eea8-4495-a2fc-409ba2557d4d@group-E09AC2F437DD-LeaderElection109] INFO  server.RaftServerConfigKeys (ConfUtils.java:logGet(43)) - raft.server.watch.timeout.denomination = 1s (default)
2019-10-12 05:57:39,301 [1a818fde-eea8-4495-a2fc-409ba2557d4d@group-E09AC2F437DD-LeaderElection109] INFO  server.RaftServerConfigKeys (ConfUtils.java:logGet(43)) - raft.server.watch.element-limit = 65536 (default)
2019-10-12 05:57:39,303 [1a818fde-eea8-4495-a2fc-409ba2557d4d@group-E09AC2F437DD-LeaderElection109] INFO  server.RaftServerConfigKeys (ConfUtils.java:logGet(43)) - raft.server.log.appender.snapshot.chunk.size.max = 16MB (=16777216) (default)
2019-10-12 05:57:39,303 [1a818fde-eea8-4495-a2fc-409ba2557d4d@group-E09AC2F437DD-LeaderElection109] INFO  server.RaftServerConfigKeys (ConfUtils.java:logGet(43)) - raft.server.log.appender.buffer.byte-limit = 33554432 (custom)
2019-10-12 05:57:39,303 [1a818fde-eea8-4495-a2fc-409ba2557d4d@group-E09AC2F437DD-LeaderElection109] INFO  server.RaftServerConfigKeys (ConfUtils.java:logGet(43)) - raft.server.log.appender.buffer.element-limit = 1 (custom)
2019-10-12 05:57:39,303 [1a818fde-eea8-4495-a2fc-409ba2557d4d@group-E09AC2F437DD-LeaderElection109] INFO  grpc.GrpcConfigKeys$Server (ConfUtils.java:logGet(43)) - raft.grpc.server.leader.outstanding.appends.max = 128 (default)
2019-10-12 05:57:39,304 [1a818fde-eea8-4495-a2fc-409ba2557d4d@group-E09AC2F437DD-LeaderElection109] INFO  server.RaftServerConfigKeys (ConfUtils.java:logGet(43)) - raft.server.rpc.request.timeout = 3000ms (default)
2019-10-12 05:57:39,304 [1a818fde-eea8-4495-a2fc-409ba2557d4d@group-E09AC2F437DD-LeaderElection109] INFO  server.RaftServerConfigKeys (ConfUtils.java:logGet(43)) - raft.server.log.appender.install.snapshot.enabled = false (custom)
2019-10-12 05:57:39,304 [1a818fde-eea8-4495-a2fc-409ba2557d4d@group-E09AC2F437DD-LeaderElection109] INFO  server.RaftServerConfigKeys (ConfUtils.java:logGet(43)) - raft.server.log.appender.snapshot.chunk.size.max = 16MB (=16777216) (default)
2019-10-12 05:57:39,304 [1a818fde-eea8-4495-a2fc-409ba2557d4d@group-E09AC2F437DD-LeaderElection109] INFO  server.RaftServerConfigKeys (ConfUtils.java:logGet(43)) - raft.server.log.appender.buffer.byte-limit = 33554432 (custom)
2019-10-12 05:57:39,304 [1a818fde-eea8-4495-a2fc-409ba2557d4d@group-E09AC2F437DD-LeaderElection109] INFO  server.RaftServerConfigKeys (ConfUtils.java:logGet(43)) - raft.server.log.appender.buffer.element-limit = 1 (custom)
2019-10-12 05:57:39,305 [1a818fde-eea8-4495-a2fc-409ba2557d4d@group-E09AC2F437DD-LeaderElection109] INFO  grpc.GrpcConfigKeys$Server (ConfUtils.java:logGet(43)) - raft.grpc.server.leader.outstanding.appends.max = 128 (default)
2019-10-12 05:57:39,305 [1a818fde-eea8-4495-a2fc-409ba2557d4d@group-E09AC2F437DD-LeaderElection109] INFO  server.RaftServerConfigKeys (ConfUtils.java:logGet(43)) - raft.server.rpc.request.timeout = 3000ms (default)
2019-10-12 05:57:39,305 [1a818fde-eea8-4495-a2fc-409ba2557d4d@group-E09AC2F437DD-LeaderElection109] INFO  server.RaftServerConfigKeys (ConfUtils.java:logGet(43)) - raft.server.log.appender.install.snapshot.enabled = false (custom)
2019-10-12 05:57:39,305 [1a818fde-eea8-4495-a2fc-409ba2557d4d@group-E09AC2F437DD-LeaderElection109] INFO  impl.RoleInfo (RoleInfo.java:updateAndGet(143)) - 1a818fde-eea8-4495-a2fc-409ba2557d4d: start LeaderState
2019-10-12 05:57:39,305 [1a818fde-eea8-4495-a2fc-409ba2557d4d@group-E09AC2F437DD-LeaderElection109] INFO  segmented.SegmentedRaftLogWorker (SegmentedRaftLogWorker.java:startLogSegment(385)) - 1a818fde-eea8-4495-a2fc-409ba2557d4d@group-E09AC2F437DD-SegmentedRaftLogWorker: Starting segment from index:0
2019-10-12 05:57:39,306 [1a818fde-eea8-4495-a2fc-409ba2557d4d@group-E09AC2F437DD-LeaderElection109] INFO  impl.RaftServerImpl (ServerState.java:setRaftConf(356)) - 1a818fde-eea8-4495-a2fc-409ba2557d4d@group-E09AC2F437DD: set configuration 0: [2a909488-23eb-449f-a481-fdfd3438e3d8:192.168.5.146:32935, 4cb787cc-5b8c-440b-937f-f014624f89b3:192.168.5.146:44916, 1a818fde-eea8-4495-a2fc-409ba2557d4d:192.168.5.146:32909], old=null at 0
2019-10-12 05:57:39,363 [1a818fde-eea8-4495-a2fc-409ba2557d4d@group-E09AC2F437DD-SegmentedRaftLogWorker] INFO  segmented.SegmentedRaftLogWorker (SegmentedRaftLogWorker.java:execute(574)) - 1a818fde-eea8-4495-a2fc-409ba2557d4d@group-E09AC2F437DD-SegmentedRaftLogWorker: created new log segment /workdir/hadoop-ozone/integration-test/target/test-dir/MiniOzoneClusterImpl-cecd90c6-9ab0-4b6e-ab80-1ea15920844d/datanode-6/data/ratis/89485f99-a8b2-4d6a-b1f1-e09ac2f437dd/current/log_inprogress_0
2019-10-12 05:57:39,367 [grpc-default-executor-3] INFO  impl.RaftServerImpl (ServerState.java:setLeader(255)) - 2a909488-23eb-449f-a481-fdfd3438e3d8@group-E09AC2F437DD: change Leader from null to 1a818fde-eea8-4495-a2fc-409ba2557d4d at term 1 for appendEntries, leader elected after 5183ms
2019-10-12 05:57:39,370 [grpc-default-executor-5] INFO  impl.RaftServerImpl (ServerState.java:setLeader(255)) - 4cb787cc-5b8c-440b-937f-f014624f89b3@group-E09AC2F437DD: change Leader from null to 1a818fde-eea8-4495-a2fc-409ba2557d4d at term 1 for appendEntries, leader elected after 5186ms
2019-10-12 05:57:39,373 [grpc-default-executor-5] INFO  impl.RaftServerImpl (ServerState.java:setRaftConf(356)) - 2a909488-23eb-449f-a481-fdfd3438e3d8@group-E09AC2F437DD: set configuration 0: [2a909488-23eb-449f-a481-fdfd3438e3d8:192.168.5.146:32935, 4cb787cc-5b8c-440b-937f-f014624f89b3:192.168.5.146:44916, 1a818fde-eea8-4495-a2fc-409ba2557d4d:192.168.5.146:32909], old=null at 0
2019-10-12 05:57:39,373 [grpc-default-executor-3] INFO  impl.RaftServerImpl (ServerState.java:setRaftConf(356)) - 4cb787cc-5b8c-440b-937f-f014624f89b3@group-E09AC2F437DD: set configuration 0: [2a909488-23eb-449f-a481-fdfd3438e3d8:192.168.5.146:32935, 4cb787cc-5b8c-440b-937f-f014624f89b3:192.168.5.146:44916, 1a818fde-eea8-4495-a2fc-409ba2557d4d:192.168.5.146:32909], old=null at 0
2019-10-12 05:57:39,376 [grpc-default-executor-5] INFO  segmented.SegmentedRaftLogWorker (SegmentedRaftLogWorker.java:startLogSegment(385)) - 2a909488-23eb-449f-a481-fdfd3438e3d8@group-E09AC2F437DD-SegmentedRaftLogWorker: Starting segment from index:0
2019-10-12 05:57:39,377 [grpc-default-executor-3] INFO  segmented.SegmentedRaftLogWorker (SegmentedRaftLogWorker.java:startLogSegment(385)) - 4cb787cc-5b8c-440b-937f-f014624f89b3@group-E09AC2F437DD-SegmentedRaftLogWorker: Starting segment from index:0
2019-10-12 05:57:39,436 [2a909488-23eb-449f-a481-fdfd3438e3d8@group-E09AC2F437DD-SegmentedRaftLogWorker] INFO  segmented.SegmentedRaftLogWorker (SegmentedRaftLogWorker.java:execute(574)) - 2a909488-23eb-449f-a481-fdfd3438e3d8@group-E09AC2F437DD-SegmentedRaftLogWorker: created new log segment /workdir/hadoop-ozone/integration-test/target/test-dir/MiniOzoneClusterImpl-cecd90c6-9ab0-4b6e-ab80-1ea15920844d/datanode-3/data/ratis/89485f99-a8b2-4d6a-b1f1-e09ac2f437dd/current/log_inprogress_0
2019-10-12 05:57:39,461 [4cb787cc-5b8c-440b-937f-f014624f89b3@group-E09AC2F437DD-SegmentedRaftLogWorker] INFO  segmented.SegmentedRaftLogWorker (SegmentedRaftLogWorker.java:execute(574)) - 4cb787cc-5b8c-440b-937f-f014624f89b3@group-E09AC2F437DD-SegmentedRaftLogWorker: created new log segment /workdir/hadoop-ozone/integration-test/target/test-dir/MiniOzoneClusterImpl-cecd90c6-9ab0-4b6e-ab80-1ea15920844d/datanode-4/data/ratis/89485f99-a8b2-4d6a-b1f1-e09ac2f437dd/current/log_inprogress_0
2019-10-12 05:57:44,017 [Thread-2462] INFO  impl.FollowerState (FollowerState.java:run(108)) - 865cadc9-9a6b-495c-9837-1e7c19652a6e@group-A42A2B0F365A-FollowerState: change to CANDIDATE, lastRpcTime:5089ms, electionTimeout:5089ms
2019-10-12 05:57:44,018 [Thread-2462] INFO  impl.RoleInfo (RoleInfo.java:shutdownFollowerState(121)) - 865cadc9-9a6b-495c-9837-1e7c19652a6e: shutdown FollowerState
2019-10-12 05:57:44,018 [Thread-2462] INFO  impl.RaftServerImpl (RaftServerImpl.java:setRole(170)) - 865cadc9-9a6b-495c-9837-1e7c19652a6e@group-A42A2B0F365A: changes role from  FOLLOWER to CANDIDATE at term 1 for changeToCandidate
2019-10-12 05:57:44,019 [Thread-2462] INFO  impl.RoleInfo (RoleInfo.java:updateAndGet(143)) - 865cadc9-9a6b-495c-9837-1e7c19652a6e: start LeaderElection
2019-10-12 05:57:44,023 [Thread-2461] INFO  impl.FollowerState (FollowerState.java:run(108)) - 3d593385-3284-4335-8113-eed84e610307@group-A42A2B0F365A-FollowerState: change to CANDIDATE, lastRpcTime:5097ms, electionTimeout:5095ms
2019-10-12 05:57:44,023 [Thread-2461] INFO  impl.RoleInfo (RoleInfo.java:shutdownFollowerState(121)) - 3d593385-3284-4335-8113-eed84e610307: shutdown FollowerState
2019-10-12 05:57:44,023 [Thread-2461] INFO  impl.RaftServerImpl (RaftServerImpl.java:setRole(170)) - 3d593385-3284-4335-8113-eed84e610307@group-A42A2B0F365A: changes role from  FOLLOWER to CANDIDATE at term 1 for changeToCandidate
2019-10-12 05:57:44,023 [Thread-2461] INFO  impl.RoleInfo (RoleInfo.java:updateAndGet(143)) - 3d593385-3284-4335-8113-eed84e610307: start LeaderElection
2019-10-12 05:57:44,028 [Thread-2460] INFO  impl.FollowerState (FollowerState.java:run(108)) - 7cdb1fc2-8df0-45e9-af1c-ad61a9693d73@group-A42A2B0F365A-FollowerState: change to CANDIDATE, lastRpcTime:5103ms, electionTimeout:5103ms
2019-10-12 05:57:44,029 [Thread-2460] INFO  impl.RoleInfo (RoleInfo.java:shutdownFollowerState(121)) - 7cdb1fc2-8df0-45e9-af1c-ad61a9693d73: shutdown FollowerState
2019-10-12 05:57:44,029 [Thread-2460] INFO  impl.RaftServerImpl (RaftServerImpl.java:setRole(170)) - 7cdb1fc2-8df0-45e9-af1c-ad61a9693d73@group-A42A2B0F365A: changes role from  FOLLOWER to CANDIDATE at term 1 for changeToCandidate
2019-10-12 05:57:44,029 [Thread-2460] INFO  impl.RoleInfo (RoleInfo.java:updateAndGet(143)) - 7cdb1fc2-8df0-45e9-af1c-ad61a9693d73: start LeaderElection
2019-10-12 05:57:44,050 [3d593385-3284-4335-8113-eed84e610307@group-A42A2B0F365A-LeaderElection111] INFO  impl.LeaderElection (LeaderElection.java:askForVotes(178)) - 3d593385-3284-4335-8113-eed84e610307@group-A42A2B0F365A-LeaderElection111: begin an election at term 2 for -1: [3d593385-3284-4335-8113-eed84e610307:192.168.5.146:41694, 865cadc9-9a6b-495c-9837-1e7c19652a6e:192.168.5.146:34810, 7cdb1fc2-8df0-45e9-af1c-ad61a9693d73:192.168.5.146:44348], old=null
2019-10-12 05:57:44,050 [7cdb1fc2-8df0-45e9-af1c-ad61a9693d73@group-A42A2B0F365A-LeaderElection112] INFO  impl.LeaderElection (LeaderElection.java:askForVotes(178)) - 7cdb1fc2-8df0-45e9-af1c-ad61a9693d73@group-A42A2B0F365A-LeaderElection112: begin an election at term 2 for -1: [3d593385-3284-4335-8113-eed84e610307:192.168.5.146:41694, 865cadc9-9a6b-495c-9837-1e7c19652a6e:192.168.5.146:34810, 7cdb1fc2-8df0-45e9-af1c-ad61a9693d73:192.168.5.146:44348], old=null
2019-10-12 05:57:44,050 [865cadc9-9a6b-495c-9837-1e7c19652a6e@group-A42A2B0F365A-LeaderElection110] INFO  impl.LeaderElection (LeaderElection.java:askForVotes(178)) - 865cadc9-9a6b-495c-9837-1e7c19652a6e@group-A42A2B0F365A-LeaderElection110: begin an election at term 2 for -1: [3d593385-3284-4335-8113-eed84e610307:192.168.5.146:41694, 865cadc9-9a6b-495c-9837-1e7c19652a6e:192.168.5.146:34810, 7cdb1fc2-8df0-45e9-af1c-ad61a9693d73:192.168.5.146:44348], old=null
2019-10-12 05:57:44,054 [865cadc9-9a6b-495c-9837-1e7c19652a6e@group-A42A2B0F365A-LeaderElection110] INFO  impl.LeaderElection (LeaderElection.java:logAndReturn(56)) - 865cadc9-9a6b-495c-9837-1e7c19652a6e@group-A42A2B0F365A-LeaderElection110: Election REJECTED; received 2 response(s) [865cadc9-9a6b-495c-9837-1e7c19652a6e<-3d593385-3284-4335-8113-eed84e610307#0:FAIL-t2, 865cadc9-9a6b-495c-9837-1e7c19652a6e<-7cdb1fc2-8df0-45e9-af1c-ad61a9693d73#0:FAIL-t2] and 0 exception(s); 865cadc9-9a6b-495c-9837-1e7c19652a6e@group-A42A2B0F365A:t2, leader=null, voted=865cadc9-9a6b-495c-9837-1e7c19652a6e, raftlog=865cadc9-9a6b-495c-9837-1e7c19652a6e@group-A42A2B0F365A-SegmentedRaftLog:OPENED:c-1,f-1,i0, conf=-1: [3d593385-3284-4335-8113-eed84e610307:192.168.5.146:41694, 865cadc9-9a6b-495c-9837-1e7c19652a6e:192.168.5.146:34810, 7cdb1fc2-8df0-45e9-af1c-ad61a9693d73:192.168.5.146:44348], old=null
2019-10-12 05:57:44,054 [865cadc9-9a6b-495c-9837-1e7c19652a6e@group-A42A2B0F365A-LeaderElection110] INFO  impl.RaftServerImpl (RaftServerImpl.java:setRole(170)) - 865cadc9-9a6b-495c-9837-1e7c19652a6e@group-A42A2B0F365A: changes role from CANDIDATE to FOLLOWER at term 2 for DISCOVERED_A_NEW_TERM
2019-10-12 05:57:44,055 [865cadc9-9a6b-495c-9837-1e7c19652a6e@group-A42A2B0F365A-LeaderElection110] INFO  impl.RoleInfo (RoleInfo.java:shutdownLeaderElection(134)) - 865cadc9-9a6b-495c-9837-1e7c19652a6e: shutdown LeaderElection
2019-10-12 05:57:44,055 [3d593385-3284-4335-8113-eed84e610307@group-A42A2B0F365A-LeaderElection111] INFO  impl.LeaderElection (LeaderElection.java:logAndReturn(56)) - 3d593385-3284-4335-8113-eed84e610307@group-A42A2B0F365A-LeaderElection111: Election REJECTED; received 2 response(s) [3d593385-3284-4335-8113-eed84e610307<-7cdb1fc2-8df0-45e9-af1c-ad61a9693d73#0:FAIL-t2, 3d593385-3284-4335-8113-eed84e610307<-865cadc9-9a6b-495c-9837-1e7c19652a6e#0:FAIL-t2] and 0 exception(s); 3d593385-3284-4335-8113-eed84e610307@group-A42A2B0F365A:t2, leader=null, voted=3d593385-3284-4335-8113-eed84e610307, raftlog=3d593385-3284-4335-8113-eed84e610307@group-A42A2B0F365A-SegmentedRaftLog:OPENED:c-1,f-1,i0, conf=-1: [3d593385-3284-4335-8113-eed84e610307:192.168.5.146:41694, 865cadc9-9a6b-495c-9837-1e7c19652a6e:192.168.5.146:34810, 7cdb1fc2-8df0-45e9-af1c-ad61a9693d73:192.168.5.146:44348], old=null
2019-10-12 05:57:44,055 [865cadc9-9a6b-495c-9837-1e7c19652a6e@group-A42A2B0F365A-LeaderElection110] INFO  impl.RoleInfo (RoleInfo.java:updateAndGet(143)) - 865cadc9-9a6b-495c-9837-1e7c19652a6e: start FollowerState
2019-10-12 05:57:44,055 [7cdb1fc2-8df0-45e9-af1c-ad61a9693d73@group-A42A2B0F365A-LeaderElection112] INFO  impl.LeaderElection (LeaderElection.java:logAndReturn(56)) - 7cdb1fc2-8df0-45e9-af1c-ad61a9693d73@group-A42A2B0F365A-LeaderElection112: Election REJECTED; received 2 response(s) [7cdb1fc2-8df0-45e9-af1c-ad61a9693d73<-3d593385-3284-4335-8113-eed84e610307#0:FAIL-t2, 7cdb1fc2-8df0-45e9-af1c-ad61a9693d73<-865cadc9-9a6b-495c-9837-1e7c19652a6e#0:FAIL-t2] and 0 exception(s); 7cdb1fc2-8df0-45e9-af1c-ad61a9693d73@group-A42A2B0F365A:t2, leader=null, voted=7cdb1fc2-8df0-45e9-af1c-ad61a9693d73, raftlog=7cdb1fc2-8df0-45e9-af1c-ad61a9693d73@group-A42A2B0F365A-SegmentedRaftLog:OPENED:c-1,f-1,i0, conf=-1: [3d593385-3284-4335-8113-eed84e610307:192.168.5.146:41694, 865cadc9-9a6b-495c-9837-1e7c19652a6e:192.168.5.146:34810, 7cdb1fc2-8df0-45e9-af1c-ad61a9693d73:192.168.5.146:44348], old=null
2019-10-12 05:57:44,055 [3d593385-3284-4335-8113-eed84e610307@group-A42A2B0F365A-LeaderElection111] INFO  impl.RaftServerImpl (RaftServerImpl.java:setRole(170)) - 3d593385-3284-4335-8113-eed84e610307@group-A42A2B0F365A: changes role from CANDIDATE to FOLLOWER at term 2 for DISCOVERED_A_NEW_TERM
2019-10-12 05:57:44,055 [7cdb1fc2-8df0-45e9-af1c-ad61a9693d73@group-A42A2B0F365A-LeaderElection112] INFO  impl.RaftServerImpl (RaftServerImpl.java:setRole(170)) - 7cdb1fc2-8df0-45e9-af1c-ad61a9693d73@group-A42A2B0F365A: changes role from CANDIDATE to FOLLOWER at term 2 for DISCOVERED_A_NEW_TERM
2019-10-12 05:57:44,055 [3d593385-3284-4335-8113-eed84e610307@group-A42A2B0F365A-LeaderElection111] INFO  impl.RoleInfo (RoleInfo.java:shutdownLeaderElection(134)) - 3d593385-3284-4335-8113-eed84e610307: shutdown LeaderElection
2019-10-12 05:57:44,056 [7cdb1fc2-8df0-45e9-af1c-ad61a9693d73@group-A42A2B0F365A-LeaderElection112] INFO  impl.RoleInfo (RoleInfo.java:shutdownLeaderElection(134)) - 7cdb1fc2-8df0-45e9-af1c-ad61a9693d73: shutdown LeaderElection
2019-10-12 05:57:44,056 [3d593385-3284-4335-8113-eed84e610307@group-A42A2B0F365A-LeaderElection111] INFO  impl.RoleInfo (RoleInfo.java:updateAndGet(143)) - 3d593385-3284-4335-8113-eed84e610307: start FollowerState
2019-10-12 05:57:44,056 [7cdb1fc2-8df0-45e9-af1c-ad61a9693d73@group-A42A2B0F365A-LeaderElection112] INFO  impl.RoleInfo (RoleInfo.java:updateAndGet(143)) - 7cdb1fc2-8df0-45e9-af1c-ad61a9693d73: start FollowerState
2019-10-12 05:57:49,079 [Thread-2507] INFO  impl.FollowerState (FollowerState.java:run(108)) - 3d593385-3284-4335-8113-eed84e610307@group-A42A2B0F365A-FollowerState: change to CANDIDATE, lastRpcTime:5023ms, electionTimeout:5023ms
2019-10-12 05:57:49,080 [Thread-2507] INFO  impl.RoleInfo (RoleInfo.java:shutdownFollowerState(121)) - 3d593385-3284-4335-8113-eed84e610307: shutdown FollowerState
2019-10-12 05:57:49,080 [Thread-2507] INFO  impl.RaftServerImpl (RaftServerImpl.java:setRole(170)) - 3d593385-3284-4335-8113-eed84e610307@group-A42A2B0F365A: changes role from  FOLLOWER to CANDIDATE at term 2 for changeToCandidate
2019-10-12 05:57:49,080 [Thread-2507] INFO  impl.RoleInfo (RoleInfo.java:updateAndGet(143)) - 3d593385-3284-4335-8113-eed84e610307: start LeaderElection
2019-10-12 05:57:49,110 [3d593385-3284-4335-8113-eed84e610307@group-A42A2B0F365A-LeaderElection113] INFO  impl.LeaderElection (LeaderElection.java:askForVotes(178)) - 3d593385-3284-4335-8113-eed84e610307@group-A42A2B0F365A-LeaderElection113: begin an election at term 3 for -1: [3d593385-3284-4335-8113-eed84e610307:192.168.5.146:41694, 865cadc9-9a6b-495c-9837-1e7c19652a6e:192.168.5.146:34810, 7cdb1fc2-8df0-45e9-af1c-ad61a9693d73:192.168.5.146:44348], old=null
2019-10-12 05:57:49,111 [Thread-2506] INFO  impl.FollowerState (FollowerState.java:run(108)) - 865cadc9-9a6b-495c-9837-1e7c19652a6e@group-A42A2B0F365A-FollowerState: change to CANDIDATE, lastRpcTime:5055ms, electionTimeout:5055ms
2019-10-12 05:57:49,111 [Thread-2506] INFO  impl.RoleInfo (RoleInfo.java:shutdownFollowerState(121)) - 865cadc9-9a6b-495c-9837-1e7c19652a6e: shutdown FollowerState
2019-10-12 05:57:49,111 [Thread-2506] INFO  impl.RaftServerImpl (RaftServerImpl.java:setRole(170)) - 865cadc9-9a6b-495c-9837-1e7c19652a6e@group-A42A2B0F365A: changes role from  FOLLOWER to CANDIDATE at term 2 for changeToCandidate
2019-10-12 05:57:49,111 [Thread-2506] INFO  impl.RoleInfo (RoleInfo.java:updateAndGet(143)) - 865cadc9-9a6b-495c-9837-1e7c19652a6e: start LeaderElection
2019-10-12 05:57:49,117 [grpc-default-executor-2] INFO  impl.RaftServerImpl (RaftServerImpl.java:setRole(170)) - 7cdb1fc2-8df0-45e9-af1c-ad61a9693d73@group-A42A2B0F365A: changes role from  FOLLOWER to FOLLOWER at term 3 for recognizeCandidate:3d593385-3284-4335-8113-eed84e610307
2019-10-12 05:57:49,117 [grpc-default-executor-2] INFO  impl.RoleInfo (RoleInfo.java:shutdownFollowerState(121)) - 7cdb1fc2-8df0-45e9-af1c-ad61a9693d73: shutdown FollowerState
2019-10-12 05:57:49,118 [grpc-default-executor-2] INFO  impl.RoleInfo (RoleInfo.java:updateAndGet(143)) - 7cdb1fc2-8df0-45e9-af1c-ad61a9693d73: start FollowerState
2019-10-12 05:57:49,118 [Thread-2508] INFO  impl.FollowerState (FollowerState.java:run(117)) - 7cdb1fc2-8df0-45e9-af1c-ad61a9693d73@group-A42A2B0F365A-FollowerState was interrupted: java.lang.InterruptedException: sleep interrupted
2019-10-12 05:57:49,141 [865cadc9-9a6b-495c-9837-1e7c19652a6e@group-A42A2B0F365A-LeaderElection114] INFO  impl.LeaderElection (LeaderElection.java:askForVotes(178)) - 865cadc9-9a6b-495c-9837-1e7c19652a6e@group-A42A2B0F365A-LeaderElection114: begin an election at term 3 for -1: [3d593385-3284-4335-8113-eed84e610307:192.168.5.146:41694, 865cadc9-9a6b-495c-9837-1e7c19652a6e:192.168.5.146:34810, 7cdb1fc2-8df0-45e9-af1c-ad61a9693d73:192.168.5.146:44348], old=null
2019-10-12 05:57:49,142 [3d593385-3284-4335-8113-eed84e610307@group-A42A2B0F365A-LeaderElection113] INFO  impl.LeaderElection (LeaderElection.java:logAndReturn(56)) - 3d593385-3284-4335-8113-eed84e610307@group-A42A2B0F365A-LeaderElection113: Election PASSED; received 1 response(s) [3d593385-3284-4335-8113-eed84e610307<-7cdb1fc2-8df0-45e9-af1c-ad61a9693d73#0:OK-t3] and 0 exception(s); 3d593385-3284-4335-8113-eed84e610307@group-A42A2B0F365A:t3, leader=null, voted=3d593385-3284-4335-8113-eed84e610307, raftlog=3d593385-3284-4335-8113-eed84e610307@group-A42A2B0F365A-SegmentedRaftLog:OPENED:c-1,f-1,i0, conf=-1: [3d593385-3284-4335-8113-eed84e610307:192.168.5.146:41694, 865cadc9-9a6b-495c-9837-1e7c19652a6e:192.168.5.146:34810, 7cdb1fc2-8df0-45e9-af1c-ad61a9693d73:192.168.5.146:44348], old=null
2019-10-12 05:57:49,142 [3d593385-3284-4335-8113-eed84e610307@group-A42A2B0F365A-LeaderElection113] INFO  impl.RoleInfo (RoleInfo.java:shutdownLeaderElection(134)) - 3d593385-3284-4335-8113-eed84e610307: shutdown LeaderElection
2019-10-12 05:57:49,143 [3d593385-3284-4335-8113-eed84e610307@group-A42A2B0F365A-LeaderElection113] INFO  impl.RaftServerImpl (RaftServerImpl.java:setRole(170)) - 3d593385-3284-4335-8113-eed84e610307@group-A42A2B0F365A: changes role from CANDIDATE to LEADER at term 3 for changeToLeader
2019-10-12 05:57:49,143 [3d593385-3284-4335-8113-eed84e610307@group-A42A2B0F365A-LeaderElection113] INFO  impl.RaftServerImpl (ServerState.java:setLeader(255)) - 3d593385-3284-4335-8113-eed84e610307@group-A42A2B0F365A: change Leader from null to 3d593385-3284-4335-8113-eed84e610307 at term 3 for becomeLeader, leader elected after 15308ms
2019-10-12 05:57:49,143 [3d593385-3284-4335-8113-eed84e610307@group-A42A2B0F365A-LeaderElection113] INFO  server.RaftServerConfigKeys (ConfUtils.java:logGet(43)) - raft.server.staging.catchup.gap = 1000 (default)
2019-10-12 05:57:49,143 [3d593385-3284-4335-8113-eed84e610307@group-A42A2B0F365A-LeaderElection113] INFO  server.RaftServerConfigKeys (ConfUtils.java:logGet(43)) - raft.server.rpc.sleep.time = 25ms (default)
2019-10-12 05:57:49,144 [3d593385-3284-4335-8113-eed84e610307@group-A42A2B0F365A-LeaderElection113] INFO  server.RaftServerConfigKeys (ConfUtils.java:logGet(43)) - raft.server.write.element-limit = 4096 (default)
2019-10-12 05:57:49,144 [3d593385-3284-4335-8113-eed84e610307@group-A42A2B0F365A-LeaderElection113] INFO  server.RaftServerConfigKeys (ConfUtils.java:logGet(43)) - raft.server.watch.timeout = 10s (default)
2019-10-12 05:57:49,144 [3d593385-3284-4335-8113-eed84e610307@group-A42A2B0F365A-LeaderElection113] INFO  server.RaftServerConfigKeys (ConfUtils.java:logGet(43)) - raft.server.watch.timeout.denomination = 1s (default)
2019-10-12 05:57:49,144 [3d593385-3284-4335-8113-eed84e610307@group-A42A2B0F365A-LeaderElection113] INFO  server.RaftServerConfigKeys (ConfUtils.java:logGet(43)) - raft.server.watch.element-limit = 65536 (default)
2019-10-12 05:57:49,147 [3d593385-3284-4335-8113-eed84e610307@group-A42A2B0F365A-LeaderElection113] INFO  server.RaftServerConfigKeys (ConfUtils.java:logGet(43)) - raft.server.log.appender.snapshot.chunk.size.max = 16MB (=16777216) (default)
2019-10-12 05:57:49,147 [3d593385-3284-4335-8113-eed84e610307@group-A42A2B0F365A-LeaderElection113] INFO  server.RaftServerConfigKeys (ConfUtils.java:logGet(43)) - raft.server.log.appender.buffer.byte-limit = 33554432 (custom)
2019-10-12 05:57:49,148 [3d593385-3284-4335-8113-eed84e610307@group-A42A2B0F365A-LeaderElection113] INFO  server.RaftServerConfigKeys (ConfUtils.java:logGet(43)) - raft.server.log.appender.buffer.element-limit = 1 (custom)
2019-10-12 05:57:49,148 [3d593385-3284-4335-8113-eed84e610307@group-A42A2B0F365A-LeaderElection113] INFO  grpc.GrpcConfigKeys$Server (ConfUtils.java:logGet(43)) - raft.grpc.server.leader.outstanding.appends.max = 128 (default)
2019-10-12 05:57:49,148 [3d593385-3284-4335-8113-eed84e610307@group-A42A2B0F365A-LeaderElection113] INFO  server.RaftServerConfigKeys (ConfUtils.java:logGet(43)) - raft.server.rpc.request.timeout = 3000ms (default)
2019-10-12 05:57:49,148 [3d593385-3284-4335-8113-eed84e610307@group-A42A2B0F365A-LeaderElection113] INFO  server.RaftServerConfigKeys (ConfUtils.java:logGet(43)) - raft.server.log.appender.install.snapshot.enabled = false (custom)
2019-10-12 05:57:49,149 [3d593385-3284-4335-8113-eed84e610307@group-A42A2B0F365A-LeaderElection113] INFO  server.RaftServerConfigKeys (ConfUtils.java:logGet(43)) - raft.server.log.appender.snapshot.chunk.size.max = 16MB (=16777216) (default)
2019-10-12 05:57:49,149 [3d593385-3284-4335-8113-eed84e610307@group-A42A2B0F365A-LeaderElection113] INFO  server.RaftServerConfigKeys (ConfUtils.java:logGet(43)) - raft.server.log.appender.buffer.byte-limit = 33554432 (custom)
2019-10-12 05:57:49,149 [3d593385-3284-4335-8113-eed84e610307@group-A42A2B0F365A-LeaderElection113] INFO  server.RaftServerConfigKeys (ConfUtils.java:logGet(43)) - raft.server.log.appender.buffer.element-limit = 1 (custom)
2019-10-12 05:57:49,149 [3d593385-3284-4335-8113-eed84e610307@group-A42A2B0F365A-LeaderElection113] INFO  grpc.GrpcConfigKeys$Server (ConfUtils.java:logGet(43)) - raft.grpc.server.leader.outstanding.appends.max = 128 (default)
2019-10-12 05:57:49,149 [3d593385-3284-4335-8113-eed84e610307@group-A42A2B0F365A-LeaderElection113] INFO  server.RaftServerConfigKeys (ConfUtils.java:logGet(43)) - raft.server.rpc.request.timeout = 3000ms (default)
2019-10-12 05:57:49,149 [3d593385-3284-4335-8113-eed84e610307@group-A42A2B0F365A-LeaderElection113] INFO  server.RaftServerConfigKeys (ConfUtils.java:logGet(43)) - raft.server.log.appender.install.snapshot.enabled = false (custom)
2019-10-12 05:57:49,150 [3d593385-3284-4335-8113-eed84e610307@group-A42A2B0F365A-LeaderElection113] INFO  impl.RoleInfo (RoleInfo.java:updateAndGet(143)) - 3d593385-3284-4335-8113-eed84e610307: start LeaderState
2019-10-12 05:57:49,150 [3d593385-3284-4335-8113-eed84e610307@group-A42A2B0F365A-LeaderElection113] INFO  segmented.SegmentedRaftLogWorker (SegmentedRaftLogWorker.java:startLogSegment(385)) - 3d593385-3284-4335-8113-eed84e610307@group-A42A2B0F365A-SegmentedRaftLogWorker: Starting segment from index:0
2019-10-12 05:57:49,151 [3d593385-3284-4335-8113-eed84e610307@group-A42A2B0F365A-LeaderElection113] INFO  impl.RaftServerImpl (ServerState.java:setRaftConf(356)) - 3d593385-3284-4335-8113-eed84e610307@group-A42A2B0F365A: set configuration 0: [3d593385-3284-4335-8113-eed84e610307:192.168.5.146:41694, 865cadc9-9a6b-495c-9837-1e7c19652a6e:192.168.5.146:34810, 7cdb1fc2-8df0-45e9-af1c-ad61a9693d73:192.168.5.146:44348], old=null at 0
2019-10-12 05:57:49,152 [grpc-default-executor-2] INFO  impl.RaftServerImpl (RaftServerImpl.java:requestVote(754)) - 3d593385-3284-4335-8113-eed84e610307@group-A42A2B0F365A-   LEADER: Withhold vote from candidate 865cadc9-9a6b-495c-9837-1e7c19652a6e with term 3. State: leader=3d593385-3284-4335-8113-eed84e610307, term=3, lastRpcElapsed=null
2019-10-12 05:57:49,153 [grpc-default-executor-5] INFO  impl.RaftServerImpl (ServerState.java:setLeader(255)) - 7cdb1fc2-8df0-45e9-af1c-ad61a9693d73@group-A42A2B0F365A: change Leader from null to 3d593385-3284-4335-8113-eed84e610307 at term 3 for appendEntries, leader elected after 15319ms
2019-10-12 05:57:49,153 [865cadc9-9a6b-495c-9837-1e7c19652a6e@group-A42A2B0F365A-LeaderElection114] INFO  impl.LeaderElection (LeaderElection.java:logAndReturn(56)) - 865cadc9-9a6b-495c-9837-1e7c19652a6e@group-A42A2B0F365A-LeaderElection114: Election REJECTED; received 2 response(s) [865cadc9-9a6b-495c-9837-1e7c19652a6e<-3d593385-3284-4335-8113-eed84e610307#0:FAIL-t3, 865cadc9-9a6b-495c-9837-1e7c19652a6e<-7cdb1fc2-8df0-45e9-af1c-ad61a9693d73#0:FAIL-t3] and 0 exception(s); 865cadc9-9a6b-495c-9837-1e7c19652a6e@group-A42A2B0F365A:t3, leader=null, voted=865cadc9-9a6b-495c-9837-1e7c19652a6e, raftlog=865cadc9-9a6b-495c-9837-1e7c19652a6e@group-A42A2B0F365A-SegmentedRaftLog:OPENED:c-1,f-1,i0, conf=-1: [3d593385-3284-4335-8113-eed84e610307:192.168.5.146:41694, 865cadc9-9a6b-495c-9837-1e7c19652a6e:192.168.5.146:34810, 7cdb1fc2-8df0-45e9-af1c-ad61a9693d73:192.168.5.146:44348], old=null
2019-10-12 05:57:49,153 [grpc-default-executor-2] INFO  impl.RaftServerImpl (RaftServerImpl.java:setRole(170)) - 865cadc9-9a6b-495c-9837-1e7c19652a6e@group-A42A2B0F365A: changes role from CANDIDATE to FOLLOWER at term 3 for appendEntries
2019-10-12 05:57:49,154 [grpc-default-executor-2] INFO  impl.RoleInfo (RoleInfo.java:shutdownLeaderElection(134)) - 865cadc9-9a6b-495c-9837-1e7c19652a6e: shutdown LeaderElection
2019-10-12 05:57:49,154 [grpc-default-executor-2] INFO  impl.RoleInfo (RoleInfo.java:updateAndGet(143)) - 865cadc9-9a6b-495c-9837-1e7c19652a6e: start FollowerState
2019-10-12 05:57:49,154 [grpc-default-executor-2] INFO  impl.RaftServerImpl (ServerState.java:setLeader(255)) - 865cadc9-9a6b-495c-9837-1e7c19652a6e@group-A42A2B0F365A: change Leader from null to 3d593385-3284-4335-8113-eed84e610307 at term 3 for appendEntries, leader elected after 15320ms
2019-10-12 05:57:49,156 [grpc-default-executor-2] INFO  impl.RaftServerImpl (ServerState.java:setRaftConf(356)) - 7cdb1fc2-8df0-45e9-af1c-ad61a9693d73@group-A42A2B0F365A: set configuration 0: [3d593385-3284-4335-8113-eed84e610307:192.168.5.146:41694, 865cadc9-9a6b-495c-9837-1e7c19652a6e:192.168.5.146:34810, 7cdb1fc2-8df0-45e9-af1c-ad61a9693d73:192.168.5.146:44348], old=null at 0
2019-10-12 05:57:49,156 [grpc-default-executor-2] INFO  segmented.SegmentedRaftLogWorker (SegmentedRaftLogWorker.java:startLogSegment(385)) - 7cdb1fc2-8df0-45e9-af1c-ad61a9693d73@group-A42A2B0F365A-SegmentedRaftLogWorker: Starting segment from index:0
2019-10-12 05:57:49,157 [grpc-default-executor-5] INFO  impl.RaftServerImpl (ServerState.java:setRaftConf(356)) - 865cadc9-9a6b-495c-9837-1e7c19652a6e@group-A42A2B0F365A: set configuration 0: [3d593385-3284-4335-8113-eed84e610307:192.168.5.146:41694, 865cadc9-9a6b-495c-9837-1e7c19652a6e:192.168.5.146:34810, 7cdb1fc2-8df0-45e9-af1c-ad61a9693d73:192.168.5.146:44348], old=null at 0
2019-10-12 05:57:49,157 [grpc-default-executor-5] INFO  segmented.SegmentedRaftLogWorker (SegmentedRaftLogWorker.java:startLogSegment(385)) - 865cadc9-9a6b-495c-9837-1e7c19652a6e@group-A42A2B0F365A-SegmentedRaftLogWorker: Starting segment from index:0
2019-10-12 05:57:49,194 [7cdb1fc2-8df0-45e9-af1c-ad61a9693d73@group-A42A2B0F365A-SegmentedRaftLogWorker] INFO  segmented.SegmentedRaftLogWorker (SegmentedRaftLogWorker.java:execute(574)) - 7cdb1fc2-8df0-45e9-af1c-ad61a9693d73@group-A42A2B0F365A-SegmentedRaftLogWorker: created new log segment /workdir/hadoop-ozone/integration-test/target/test-dir/MiniOzoneClusterImpl-cecd90c6-9ab0-4b6e-ab80-1ea15920844d/datanode-1/data/ratis/980d77d3-2bc2-4370-ae3e-a42a2b0f365a/current/log_inprogress_0
2019-10-12 05:57:49,194 [865cadc9-9a6b-495c-9837-1e7c19652a6e@group-A42A2B0F365A-SegmentedRaftLogWorker] INFO  segmented.SegmentedRaftLogWorker (SegmentedRaftLogWorker.java:execute(574)) - 865cadc9-9a6b-495c-9837-1e7c19652a6e@group-A42A2B0F365A-SegmentedRaftLogWorker: created new log segment /workdir/hadoop-ozone/integration-test/target/test-dir/MiniOzoneClusterImpl-cecd90c6-9ab0-4b6e-ab80-1ea15920844d/datanode-2/data/ratis/980d77d3-2bc2-4370-ae3e-a42a2b0f365a/current/log_inprogress_0
2019-10-12 05:57:49,194 [3d593385-3284-4335-8113-eed84e610307@group-A42A2B0F365A-SegmentedRaftLogWorker] INFO  segmented.SegmentedRaftLogWorker (SegmentedRaftLogWorker.java:execute(574)) - 3d593385-3284-4335-8113-eed84e610307@group-A42A2B0F365A-SegmentedRaftLogWorker: created new log segment /workdir/hadoop-ozone/integration-test/target/test-dir/MiniOzoneClusterImpl-cecd90c6-9ab0-4b6e-ab80-1ea15920844d/datanode-0/data/ratis/980d77d3-2bc2-4370-ae3e-a42a2b0f365a/current/log_inprogress_0
2019-10-12 05:57:50,721 [Datanode State Machine Thread - 0] INFO  statemachine.DatanodeStateMachine (DatanodeStateMachine.java:lambda$startDaemon$0(350)) - Ozone container server started.
2019-10-12 05:57:54,742 [main] INFO  ozoneimpl.OzoneContainer (OzoneContainer.java:stop(227)) - Attempting to stop container services.
2019-10-12 05:57:54,745 [main] INFO  impl.RaftServerProxy (RaftServerProxy.java:lambda$close$4(314)) - 3d593385-3284-4335-8113-eed84e610307: close
2019-10-12 05:57:54,746 [main] INFO  impl.RaftServerImpl (RaftServerImpl.java:lambda$shutdown$3(247)) - 3d593385-3284-4335-8113-eed84e610307@group-70B10A62935F: shutdown
2019-10-12 05:57:54,746 [main] INFO  util.JmxRegister (JmxRegister.java:unregister(73)) - Successfully un-registered JMX Bean with object name Ratis:service=RaftServer,group=group-70B10A62935F,id=3d593385-3284-4335-8113-eed84e610307
2019-10-12 05:57:54,747 [main] INFO  impl.RoleInfo (RoleInfo.java:shutdownLeaderState(104)) - 3d593385-3284-4335-8113-eed84e610307: shutdown LeaderState
2019-10-12 05:57:54,747 [main] INFO  impl.PendingRequests (PendingRequests.java:sendNotLeaderResponses(202)) - 3d593385-3284-4335-8113-eed84e610307@group-70B10A62935F-PendingRequests: sendNotLeaderResponses
2019-10-12 05:57:54,748 [main] INFO  impl.StateMachineUpdater (StateMachineUpdater.java:stopAndJoin(136)) - 3d593385-3284-4335-8113-eed84e610307@group-70B10A62935F-StateMachineUpdater: set stopIndex = 0
2019-10-12 05:57:54,749 [main] INFO  impl.RaftServerImpl (ServerState.java:close(387)) - 3d593385-3284-4335-8113-eed84e610307@group-70B10A62935F: closes. applyIndex: 0
2019-10-12 05:57:54,750 [3d593385-3284-4335-8113-eed84e610307@group-70B10A62935F-SegmentedRaftLogWorker] INFO  segmented.SegmentedRaftLogWorker (SegmentedRaftLogWorker.java:run(316)) - 3d593385-3284-4335-8113-eed84e610307@group-70B10A62935F-SegmentedRaftLogWorker was interrupted, exiting. There are 0 tasks remaining in the queue.
2019-10-12 05:57:54,757 [main] INFO  segmented.SegmentedRaftLogWorker (SegmentedRaftLogWorker.java:close(224)) - 3d593385-3284-4335-8113-eed84e610307@group-70B10A62935F-SegmentedRaftLogWorker close()
2019-10-12 05:57:54,763 [main] INFO  impl.RaftServerImpl (RaftServerImpl.java:lambda$shutdown$3(247)) - 3d593385-3284-4335-8113-eed84e610307@group-A42A2B0F365A: shutdown
2019-10-12 05:57:54,763 [main] INFO  util.JmxRegister (JmxRegister.java:unregister(73)) - Successfully un-registered JMX Bean with object name Ratis:service=RaftServer,group=group-A42A2B0F365A,id=3d593385-3284-4335-8113-eed84e610307
2019-10-12 05:57:54,764 [main] INFO  impl.RoleInfo (RoleInfo.java:shutdownLeaderState(104)) - 3d593385-3284-4335-8113-eed84e610307: shutdown LeaderState
2019-10-12 05:57:54,783 [main] INFO  impl.PendingRequests (PendingRequests.java:sendNotLeaderResponses(202)) - 3d593385-3284-4335-8113-eed84e610307@group-A42A2B0F365A-PendingRequests: sendNotLeaderResponses
2019-10-12 05:57:54,783 [org.apache.ratis.server.impl.LogAppender$AppenderDaemon$$Lambda$538/663335666@1e78f7b4] WARN  server.GrpcLogAppender (GrpcLogAppender.java:mayWait(143)) - 3d593385-3284-4335-8113-eed84e610307@group-A42A2B0F365A->7cdb1fc2-8df0-45e9-af1c-ad61a9693d73-GrpcLogAppender: Wait interrupted by java.lang.InterruptedException
2019-10-12 05:57:54,793 [main] INFO  impl.StateMachineUpdater (StateMachineUpdater.java:stopAndJoin(136)) - 3d593385-3284-4335-8113-eed84e610307@group-A42A2B0F365A-StateMachineUpdater: set stopIndex = 2
2019-10-12 05:57:54,793 [org.apache.ratis.server.impl.LogAppender$AppenderDaemon$$Lambda$538/663335666@1c50ce38] WARN  server.GrpcLogAppender (GrpcLogAppender.java:mayWait(143)) - 3d593385-3284-4335-8113-eed84e610307@group-A42A2B0F365A->865cadc9-9a6b-495c-9837-1e7c19652a6e-GrpcLogAppender: Wait interrupted by java.lang.InterruptedException
2019-10-12 05:57:54,794 [3d593385-3284-4335-8113-eed84e610307@group-A42A2B0F365A-StateMachineUpdater] INFO  ratis.ContainerStateMachine (ContainerStateMachine.java:takeSnapshot(294)) - group-A42A2B0F365A: Taking a snapshot at:(t:3, i:2) file /workdir/hadoop-ozone/integration-test/target/test-dir/MiniOzoneClusterImpl-cecd90c6-9ab0-4b6e-ab80-1ea15920844d/datanode-0/data/ratis/980d77d3-2bc2-4370-ae3e-a42a2b0f365a/sm/snapshot.3_2
2019-10-12 05:57:54,795 [grpc-default-executor-5] INFO  server.GrpcServerProtocolService (GrpcServerProtocolService.java:onCompleted(113)) - 865cadc9-9a6b-495c-9837-1e7c19652a6e: Completed APPEND_ENTRIES, lastRequest: 3d593385-3284-4335-8113-eed84e610307->865cadc9-9a6b-495c-9837-1e7c19652a6e#5-t3, previous=(t:3, i:2), leaderCommit=2, initializing? false, entries: <empty>
2019-10-12 05:57:54,795 [grpc-default-executor-5] INFO  server.GrpcServerProtocolService (GrpcServerProtocolService.java:onCompleted(113)) - 7cdb1fc2-8df0-45e9-af1c-ad61a9693d73: Completed APPEND_ENTRIES, lastRequest: 3d593385-3284-4335-8113-eed84e610307->7cdb1fc2-8df0-45e9-af1c-ad61a9693d73#5-t3, previous=(t:3, i:2), leaderCommit=2, initializing? false, entries: <empty>
2019-10-12 05:57:54,796 [grpc-default-executor-3] INFO  server.GrpcLogAppender (GrpcLogAppender.java:onCompleted(293)) - 3d593385-3284-4335-8113-eed84e610307@group-A42A2B0F365A->865cadc9-9a6b-495c-9837-1e7c19652a6e-AppendLogResponseHandler: follower responses appendEntries COMPLETED
2019-10-12 05:57:54,796 [grpc-default-executor-2] INFO  server.GrpcLogAppender (GrpcLogAppender.java:onCompleted(293)) - 3d593385-3284-4335-8113-eed84e610307@group-A42A2B0F365A->7cdb1fc2-8df0-45e9-af1c-ad61a9693d73-AppendLogResponseHandler: follower responses appendEntries COMPLETED
2019-10-12 05:57:54,797 [grpc-default-executor-3] INFO  impl.FollowerInfo (FollowerInfo.java:lambda$new$0(51)) - 3d593385-3284-4335-8113-eed84e610307@group-A42A2B0F365A->865cadc9-9a6b-495c-9837-1e7c19652a6e: nextIndex: updateUnconditionally 3 -> 2
2019-10-12 05:57:54,798 [grpc-default-executor-2] INFO  impl.FollowerInfo (FollowerInfo.java:lambda$new$0(51)) - 3d593385-3284-4335-8113-eed84e610307@group-A42A2B0F365A->7cdb1fc2-8df0-45e9-af1c-ad61a9693d73: nextIndex: updateUnconditionally 3 -> 2
2019-10-12 05:57:54,808 [3d593385-3284-4335-8113-eed84e610307@group-A42A2B0F365A-StateMachineUpdater] INFO  ratis.ContainerStateMachine (ContainerStateMachine.java:takeSnapshot(305)) - group-A42A2B0F365A: Finished taking a snapshot at:(t:3, i:2) file:/workdir/hadoop-ozone/integration-test/target/test-dir/MiniOzoneClusterImpl-cecd90c6-9ab0-4b6e-ab80-1ea15920844d/datanode-0/data/ratis/980d77d3-2bc2-4370-ae3e-a42a2b0f365a/sm/snapshot.3_2 time:15
2019-10-12 05:57:54,808 [3d593385-3284-4335-8113-eed84e610307@group-A42A2B0F365A-StateMachineUpdater] INFO  impl.StateMachineUpdater (StateMachineUpdater.java:takeSnapshot(269)) - 3d593385-3284-4335-8113-eed84e610307@group-A42A2B0F365A-StateMachineUpdater: Took a snapshot at index 2
2019-10-12 05:57:54,808 [3d593385-3284-4335-8113-eed84e610307@group-A42A2B0F365A-StateMachineUpdater] INFO  impl.StateMachineUpdater (StateMachineUpdater.java:lambda$new$0(84)) - 3d593385-3284-4335-8113-eed84e610307@group-A42A2B0F365A-StateMachineUpdater: snapshotIndex: updateIncreasingly -1 -> 2
2019-10-12 05:57:54,809 [main] INFO  impl.RaftServerImpl (ServerState.java:close(387)) - 3d593385-3284-4335-8113-eed84e610307@group-A42A2B0F365A: closes. applyIndex: 2
2019-10-12 05:57:54,810 [3d593385-3284-4335-8113-eed84e610307@group-A42A2B0F365A-SegmentedRaftLogWorker] INFO  segmented.SegmentedRaftLogWorker (SegmentedRaftLogWorker.java:run(316)) - 3d593385-3284-4335-8113-eed84e610307@group-A42A2B0F365A-SegmentedRaftLogWorker was interrupted, exiting. There are 0 tasks remaining in the queue.
2019-10-12 05:57:54,812 [main] INFO  segmented.SegmentedRaftLogWorker (SegmentedRaftLogWorker.java:close(224)) - 3d593385-3284-4335-8113-eed84e610307@group-A42A2B0F365A-SegmentedRaftLogWorker close()
2019-10-12 05:57:54,816 [main] INFO  server.GrpcService (GrpcService.java:closeImpl(164)) - 3d593385-3284-4335-8113-eed84e610307: shutdown server with port 41694 now
2019-10-12 05:57:54,817 [main] INFO  server.GrpcService (GrpcService.java:closeImpl(172)) - 3d593385-3284-4335-8113-eed84e610307: shutdown server with port 41694 successfully
2019-10-12 05:57:54,818 [refreshUsed-/workdir/hadoop-ozone/integration-test/target/test-dir/MiniOzoneClusterImpl-cecd90c6-9ab0-4b6e-ab80-1ea15920844d/datanode-0/data/containers] WARN  fs.CachingGetSpaceUsed (CachingGetSpaceUsed.java:run(183)) - Thread Interrupted waiting to refresh disk information: sleep interrupted
2019-10-12 05:57:54,838 [main] INFO  utils.BackgroundService (BackgroundService.java:shutdown(151)) - Shutting down service BlockDeletingService
2019-10-12 05:57:54,855 [main] INFO  statemachine.DatanodeStateMachine (DatanodeStateMachine.java:stopDaemon(395)) - Ozone container server stopped.
2019-10-12 05:57:54,856 [main] INFO  handler.ContextHandler (ContextHandler.java:doStop(910)) - Stopped o.e.j.w.WebAppContext@3c54ddec{/,null,UNAVAILABLE}{/hddsDatanode}
2019-10-12 05:57:54,857 [main] INFO  server.AbstractConnector (AbstractConnector.java:doStop(318)) - Stopped ServerConnector@6d69a0d3{HTTP/1.1,[http/1.1]}{0.0.0.0:0}
2019-10-12 05:57:54,858 [main] INFO  handler.ContextHandler (ContextHandler.java:doStop(910)) - Stopped o.e.j.s.ServletContextHandler@36224f93{/static,jar:file:/home/user/.m2/repository/org/apache/hadoop/hadoop-hdds-container-service/0.5.0-SNAPSHOT/hadoop-hdds-container-service-0.5.0-SNAPSHOT.jar!/webapps/static,UNAVAILABLE}
2019-10-12 05:57:54,858 [main] INFO  handler.ContextHandler (ContextHandler.java:doStop(910)) - Stopped o.e.j.s.ServletContextHandler@1a2ac487{/logs,file:///workdir/hadoop-ozone/integration-test/target/log,UNAVAILABLE}
2019-10-12 05:58:04,463 [Thread-2527] INFO  impl.FollowerState (FollowerState.java:run(108)) - 7cdb1fc2-8df0-45e9-af1c-ad61a9693d73@group-A42A2B0F365A-FollowerState: change to CANDIDATE, lastRpcTime:9832ms, electionTimeout:5194ms
2019-10-12 05:58:04,464 [Thread-2527] INFO  impl.RoleInfo (RoleInfo.java:shutdownFollowerState(121)) - 7cdb1fc2-8df0-45e9-af1c-ad61a9693d73: shutdown FollowerState
2019-10-12 05:58:04,464 [Thread-2527] INFO  impl.RaftServerImpl (RaftServerImpl.java:setRole(170)) - 7cdb1fc2-8df0-45e9-af1c-ad61a9693d73@group-A42A2B0F365A: changes role from  FOLLOWER to CANDIDATE at term 3 for changeToCandidate
2019-10-12 05:58:04,464 [Thread-2527] INFO  impl.RoleInfo (RoleInfo.java:updateAndGet(143)) - 7cdb1fc2-8df0-45e9-af1c-ad61a9693d73: start LeaderElection
2019-10-12 05:58:04,482 [Thread-2536] INFO  impl.FollowerState (FollowerState.java:run(108)) - 865cadc9-9a6b-495c-9837-1e7c19652a6e@group-A42A2B0F365A-FollowerState: change to CANDIDATE, lastRpcTime:9845ms, electionTimeout:5044ms
2019-10-12 05:58:04,482 [Thread-2536] INFO  impl.RoleInfo (RoleInfo.java:shutdownFollowerState(121)) - 865cadc9-9a6b-495c-9837-1e7c19652a6e: shutdown FollowerState
2019-10-12 05:58:04,482 [Thread-2536] INFO  impl.RaftServerImpl (RaftServerImpl.java:setRole(170)) - 865cadc9-9a6b-495c-9837-1e7c19652a6e@group-A42A2B0F365A: changes role from  FOLLOWER to CANDIDATE at term 3 for changeToCandidate
2019-10-12 05:58:04,482 [Thread-2536] INFO  impl.RoleInfo (RoleInfo.java:updateAndGet(143)) - 865cadc9-9a6b-495c-9837-1e7c19652a6e: start LeaderElection
2019-10-12 05:58:04,483 [865cadc9-9a6b-495c-9837-1e7c19652a6e@group-A42A2B0F365A-LeaderElection116] INFO  impl.RaftServerImpl (ServerState.java:setLeader(255)) - 865cadc9-9a6b-495c-9837-1e7c19652a6e@group-A42A2B0F365A: change Leader from 3d593385-3284-4335-8113-eed84e610307 to null at term 3 for initElection
2019-10-12 05:58:04,483 [7cdb1fc2-8df0-45e9-af1c-ad61a9693d73@group-A42A2B0F365A-LeaderElection115] INFO  impl.RaftServerImpl (ServerState.java:setLeader(255)) - 7cdb1fc2-8df0-45e9-af1c-ad61a9693d73@group-A42A2B0F365A: change Leader from 3d593385-3284-4335-8113-eed84e610307 to null at term 3 for initElection
2019-10-12 05:58:04,497 [7cdb1fc2-8df0-45e9-af1c-ad61a9693d73@group-A42A2B0F365A-LeaderElection115] INFO  impl.LeaderElection (LeaderElection.java:askForVotes(178)) - 7cdb1fc2-8df0-45e9-af1c-ad61a9693d73@group-A42A2B0F365A-LeaderElection115: begin an election at term 4 for 0: [3d593385-3284-4335-8113-eed84e610307:192.168.5.146:41694, 865cadc9-9a6b-495c-9837-1e7c19652a6e:192.168.5.146:34810, 7cdb1fc2-8df0-45e9-af1c-ad61a9693d73:192.168.5.146:44348], old=null
2019-10-12 05:58:04,497 [865cadc9-9a6b-495c-9837-1e7c19652a6e@group-A42A2B0F365A-LeaderElection116] INFO  impl.LeaderElection (LeaderElection.java:askForVotes(178)) - 865cadc9-9a6b-495c-9837-1e7c19652a6e@group-A42A2B0F365A-LeaderElection116: begin an election at term 4 for 0: [3d593385-3284-4335-8113-eed84e610307:192.168.5.146:41694, 865cadc9-9a6b-495c-9837-1e7c19652a6e:192.168.5.146:34810, 7cdb1fc2-8df0-45e9-af1c-ad61a9693d73:192.168.5.146:44348], old=null
2019-10-12 05:58:04,500 [7cdb1fc2-8df0-45e9-af1c-ad61a9693d73@group-A42A2B0F365A-LeaderElection115] INFO  impl.LeaderElection (LogUtils.java:infoOrTrace(149)) - 7cdb1fc2-8df0-45e9-af1c-ad61a9693d73@group-A42A2B0F365A-LeaderElection115 got exception when requesting votes: {}
java.util.concurrent.ExecutionException: org.apache.ratis.thirdparty.io.grpc.StatusRuntimeException: UNAVAILABLE: io exception
	at java.util.concurrent.FutureTask.report(FutureTask.java:122)
	at java.util.concurrent.FutureTask.get(FutureTask.java:192)
	at org.apache.ratis.server.impl.LeaderElection.waitForResults(LeaderElection.java:259)
	at org.apache.ratis.server.impl.LeaderElection.askForVotes(LeaderElection.java:197)
	at org.apache.ratis.server.impl.LeaderElection.run(LeaderElection.java:133)
	at java.lang.Thread.run(Thread.java:748)
Caused by: org.apache.ratis.thirdparty.io.grpc.StatusRuntimeException: UNAVAILABLE: io exception
	at org.apache.ratis.thirdparty.io.grpc.stub.ClientCalls.toStatusRuntimeException(ClientCalls.java:233)
	at org.apache.ratis.thirdparty.io.grpc.stub.ClientCalls.getUnchecked(ClientCalls.java:214)
	at org.apache.ratis.thirdparty.io.grpc.stub.ClientCalls.blockingUnaryCall(ClientCalls.java:139)
	at org.apache.ratis.proto.grpc.RaftServerProtocolServiceGrpc$RaftServerProtocolServiceBlockingStub.requestVote(RaftServerProtocolServiceGrpc.java:265)
	at org.apache.ratis.grpc.server.GrpcServerProtocolClient.requestVote(GrpcServerProtocolClient.java:99)
	at org.apache.ratis.grpc.server.GrpcService.requestVote(GrpcService.java:204)
	at org.apache.ratis.server.impl.LeaderElection.lambda$submitRequests$1(LeaderElection.java:234)
	at java.util.concurrent.FutureTask.run(FutureTask.java:266)
	at java.util.concurrent.Executors$RunnableAdapter.call(Executors.java:511)
	at java.util.concurrent.FutureTask.run(FutureTask.java:266)
	at java.util.concurrent.ThreadPoolExecutor.runWorker(ThreadPoolExecutor.java:1149)
	at java.util.concurrent.ThreadPoolExecutor$Worker.run(ThreadPoolExecutor.java:624)
	... 1 more
Caused by: org.apache.ratis.thirdparty.io.netty.channel.AbstractChannel$AnnotatedConnectException: Connection refused: /192.168.5.146:41694
	at sun.nio.ch.SocketChannelImpl.checkConnect(Native Method)
	at sun.nio.ch.SocketChannelImpl.finishConnect(SocketChannelImpl.java:717)
	at org.apache.ratis.thirdparty.io.netty.channel.socket.nio.NioSocketChannel.doFinishConnect(NioSocketChannel.java:327)
	at org.apache.ratis.thirdparty.io.netty.channel.nio.AbstractNioChannel$AbstractNioUnsafe.finishConnect(AbstractNioChannel.java:340)
	at org.apache.ratis.thirdparty.io.netty.channel.nio.NioEventLoop.processSelectedKey(NioEventLoop.java:632)
	at org.apache.ratis.thirdparty.io.netty.channel.nio.NioEventLoop.processSelectedKeysOptimized(NioEventLoop.java:579)
	at org.apache.ratis.thirdparty.io.netty.channel.nio.NioEventLoop.processSelectedKeys(NioEventLoop.java:496)
	at org.apache.ratis.thirdparty.io.netty.channel.nio.NioEventLoop.run(NioEventLoop.java:458)
	at org.apache.ratis.thirdparty.io.netty.util.concurrent.SingleThreadEventExecutor$5.run(SingleThreadEventExecutor.java:897)
	at org.apache.ratis.thirdparty.io.netty.util.concurrent.FastThreadLocalRunnable.run(FastThreadLocalRunnable.java:30)
	... 1 more
Caused by: java.net.ConnectException: Connection refused
	... 11 more
2019-10-12 05:58:04,501 [865cadc9-9a6b-495c-9837-1e7c19652a6e@group-A42A2B0F365A-LeaderElection116] INFO  impl.LeaderElection (LogUtils.java:infoOrTrace(149)) - 865cadc9-9a6b-495c-9837-1e7c19652a6e@group-A42A2B0F365A-LeaderElection116 got exception when requesting votes: {}
java.util.concurrent.ExecutionException: org.apache.ratis.thirdparty.io.grpc.StatusRuntimeException: UNAVAILABLE: io exception
	at java.util.concurrent.FutureTask.report(FutureTask.java:122)
	at java.util.concurrent.FutureTask.get(FutureTask.java:192)
	at org.apache.ratis.server.impl.LeaderElection.waitForResults(LeaderElection.java:259)
	at org.apache.ratis.server.impl.LeaderElection.askForVotes(LeaderElection.java:197)
	at org.apache.ratis.server.impl.LeaderElection.run(LeaderElection.java:133)
	at java.lang.Thread.run(Thread.java:748)
Caused by: org.apache.ratis.thirdparty.io.grpc.StatusRuntimeException: UNAVAILABLE: io exception
	at org.apache.ratis.thirdparty.io.grpc.stub.ClientCalls.toStatusRuntimeException(ClientCalls.java:233)
	at org.apache.ratis.thirdparty.io.grpc.stub.ClientCalls.getUnchecked(ClientCalls.java:214)
	at org.apache.ratis.thirdparty.io.grpc.stub.ClientCalls.blockingUnaryCall(ClientCalls.java:139)
	at org.apache.ratis.proto.grpc.RaftServerProtocolServiceGrpc$RaftServerProtocolServiceBlockingStub.requestVote(RaftServerProtocolServiceGrpc.java:265)
	at org.apache.ratis.grpc.server.GrpcServerProtocolClient.requestVote(GrpcServerProtocolClient.java:99)
	at org.apache.ratis.grpc.server.GrpcService.requestVote(GrpcService.java:204)
	at org.apache.ratis.server.impl.LeaderElection.lambda$submitRequests$1(LeaderElection.java:234)
	at java.util.concurrent.FutureTask.run(FutureTask.java:266)
	at java.util.concurrent.Executors$RunnableAdapter.call(Executors.java:511)
	at java.util.concurrent.FutureTask.run(FutureTask.java:266)
	at java.util.concurrent.ThreadPoolExecutor.runWorker(ThreadPoolExecutor.java:1149)
	at java.util.concurrent.ThreadPoolExecutor$Worker.run(ThreadPoolExecutor.java:624)
	... 1 more
Caused by: org.apache.ratis.thirdparty.io.netty.channel.AbstractChannel$AnnotatedConnectException: Connection refused: /192.168.5.146:41694
	at sun.nio.ch.SocketChannelImpl.checkConnect(Native Method)
	at sun.nio.ch.SocketChannelImpl.finishConnect(SocketChannelImpl.java:717)
	at org.apache.ratis.thirdparty.io.netty.channel.socket.nio.NioSocketChannel.doFinishConnect(NioSocketChannel.java:327)
	at org.apache.ratis.thirdparty.io.netty.channel.nio.AbstractNioChannel$AbstractNioUnsafe.finishConnect(AbstractNioChannel.java:340)
	at org.apache.ratis.thirdparty.io.netty.channel.nio.NioEventLoop.processSelectedKey(NioEventLoop.java:632)
	at org.apache.ratis.thirdparty.io.netty.channel.nio.NioEventLoop.processSelectedKeysOptimized(NioEventLoop.java:579)
	at org.apache.ratis.thirdparty.io.netty.channel.nio.NioEventLoop.processSelectedKeys(NioEventLoop.java:496)
	at org.apache.ratis.thirdparty.io.netty.channel.nio.NioEventLoop.run(NioEventLoop.java:458)
	at org.apache.ratis.thirdparty.io.netty.util.concurrent.SingleThreadEventExecutor$5.run(SingleThreadEventExecutor.java:897)
	at org.apache.ratis.thirdparty.io.netty.util.concurrent.FastThreadLocalRunnable.run(FastThreadLocalRunnable.java:30)
	... 1 more
Caused by: java.net.ConnectException: Connection refused
	... 11 more
2019-10-12 05:58:04,502 [865cadc9-9a6b-495c-9837-1e7c19652a6e@group-A42A2B0F365A-LeaderElection116] INFO  impl.LeaderElection (LeaderElection.java:logAndReturn(56)) - 865cadc9-9a6b-495c-9837-1e7c19652a6e@group-A42A2B0F365A-LeaderElection116: Election REJECTED; received 1 response(s) [865cadc9-9a6b-495c-9837-1e7c19652a6e<-7cdb1fc2-8df0-45e9-af1c-ad61a9693d73#0:FAIL-t4] and 1 exception(s); 865cadc9-9a6b-495c-9837-1e7c19652a6e@group-A42A2B0F365A:t4, leader=null, voted=865cadc9-9a6b-495c-9837-1e7c19652a6e, raftlog=865cadc9-9a6b-495c-9837-1e7c19652a6e@group-A42A2B0F365A-SegmentedRaftLog:OPENED:c2,f2,i2, conf=0: [3d593385-3284-4335-8113-eed84e610307:192.168.5.146:41694, 865cadc9-9a6b-495c-9837-1e7c19652a6e:192.168.5.146:34810, 7cdb1fc2-8df0-45e9-af1c-ad61a9693d73:192.168.5.146:44348], old=null
2019-10-12 05:58:04,502 [7cdb1fc2-8df0-45e9-af1c-ad61a9693d73@group-A42A2B0F365A-LeaderElection115] INFO  impl.LeaderElection (LeaderElection.java:logAndReturn(56)) - 7cdb1fc2-8df0-45e9-af1c-ad61a9693d73@group-A42A2B0F365A-LeaderElection115: Election REJECTED; received 1 response(s) [7cdb1fc2-8df0-45e9-af1c-ad61a9693d73<-865cadc9-9a6b-495c-9837-1e7c19652a6e#0:FAIL-t4] and 1 exception(s); 7cdb1fc2-8df0-45e9-af1c-ad61a9693d73@group-A42A2B0F365A:t4, leader=null, voted=7cdb1fc2-8df0-45e9-af1c-ad61a9693d73, raftlog=7cdb1fc2-8df0-45e9-af1c-ad61a9693d73@group-A42A2B0F365A-SegmentedRaftLog:OPENED:c2,f2,i2, conf=0: [3d593385-3284-4335-8113-eed84e610307:192.168.5.146:41694, 865cadc9-9a6b-495c-9837-1e7c19652a6e:192.168.5.146:34810, 7cdb1fc2-8df0-45e9-af1c-ad61a9693d73:192.168.5.146:44348], old=null
2019-10-12 05:58:04,502 [865cadc9-9a6b-495c-9837-1e7c19652a6e@group-A42A2B0F365A-LeaderElection116] INFO  impl.LeaderElection (LogUtils.java:infoOrTrace(149)) -   Exception 0: {}
java.util.concurrent.ExecutionException: org.apache.ratis.thirdparty.io.grpc.StatusRuntimeException: UNAVAILABLE: io exception
	at java.util.concurrent.FutureTask.report(FutureTask.java:122)
	at java.util.concurrent.FutureTask.get(FutureTask.java:192)
	at org.apache.ratis.server.impl.LeaderElection.waitForResults(LeaderElection.java:259)
	at org.apache.ratis.server.impl.LeaderElection.askForVotes(LeaderElection.java:197)
	at org.apache.ratis.server.impl.LeaderElection.run(LeaderElection.java:133)
	at java.lang.Thread.run(Thread.java:748)
Caused by: org.apache.ratis.thirdparty.io.grpc.StatusRuntimeException: UNAVAILABLE: io exception
	at org.apache.ratis.thirdparty.io.grpc.stub.ClientCalls.toStatusRuntimeException(ClientCalls.java:233)
	at org.apache.ratis.thirdparty.io.grpc.stub.ClientCalls.getUnchecked(ClientCalls.java:214)
	at org.apache.ratis.thirdparty.io.grpc.stub.ClientCalls.blockingUnaryCall(ClientCalls.java:139)
	at org.apache.ratis.proto.grpc.RaftServerProtocolServiceGrpc$RaftServerProtocolServiceBlockingStub.requestVote(RaftServerProtocolServiceGrpc.java:265)
	at org.apache.ratis.grpc.server.GrpcServerProtocolClient.requestVote(GrpcServerProtocolClient.java:99)
	at org.apache.ratis.grpc.server.GrpcService.requestVote(GrpcService.java:204)
	at org.apache.ratis.server.impl.LeaderElection.lambda$submitRequests$1(LeaderElection.java:234)
	at java.util.concurrent.FutureTask.run(FutureTask.java:266)
	at java.util.concurrent.Executors$RunnableAdapter.call(Executors.java:511)
	at java.util.concurrent.FutureTask.run(FutureTask.java:266)
	at java.util.concurrent.ThreadPoolExecutor.runWorker(ThreadPoolExecutor.java:1149)
	at java.util.concurrent.ThreadPoolExecutor$Worker.run(ThreadPoolExecutor.java:624)
	... 1 more
Caused by: org.apache.ratis.thirdparty.io.netty.channel.AbstractChannel$AnnotatedConnectException: Connection refused: /192.168.5.146:41694
	at sun.nio.ch.SocketChannelImpl.checkConnect(Native Method)
	at sun.nio.ch.SocketChannelImpl.finishConnect(SocketChannelImpl.java:717)
	at org.apache.ratis.thirdparty.io.netty.channel.socket.nio.NioSocketChannel.doFinishConnect(NioSocketChannel.java:327)
	at org.apache.ratis.thirdparty.io.netty.channel.nio.AbstractNioChannel$AbstractNioUnsafe.finishConnect(AbstractNioChannel.java:340)
	at org.apache.ratis.thirdparty.io.netty.channel.nio.NioEventLoop.processSelectedKey(NioEventLoop.java:632)
	at org.apache.ratis.thirdparty.io.netty.channel.nio.NioEventLoop.processSelectedKeysOptimized(NioEventLoop.java:579)
	at org.apache.ratis.thirdparty.io.netty.channel.nio.NioEventLoop.processSelectedKeys(NioEventLoop.java:496)
	at org.apache.ratis.thirdparty.io.netty.channel.nio.NioEventLoop.run(NioEventLoop.java:458)
	at org.apache.ratis.thirdparty.io.netty.util.concurrent.SingleThreadEventExecutor$5.run(SingleThreadEventExecutor.java:897)
	at org.apache.ratis.thirdparty.io.netty.util.concurrent.FastThreadLocalRunnable.run(FastThreadLocalRunnable.java:30)
	... 1 more
Caused by: java.net.ConnectException: Connection refused
	... 11 more
2019-10-12 05:58:04,502 [7cdb1fc2-8df0-45e9-af1c-ad61a9693d73@group-A42A2B0F365A-LeaderElection115] INFO  impl.LeaderElection (LogUtils.java:infoOrTrace(149)) -   Exception 0: {}
java.util.concurrent.ExecutionException: org.apache.ratis.thirdparty.io.grpc.StatusRuntimeException: UNAVAILABLE: io exception
	at java.util.concurrent.FutureTask.report(FutureTask.java:122)
	at java.util.concurrent.FutureTask.get(FutureTask.java:192)
	at org.apache.ratis.server.impl.LeaderElection.waitForResults(LeaderElection.java:259)
	at org.apache.ratis.server.impl.LeaderElection.askForVotes(LeaderElection.java:197)
	at org.apache.ratis.server.impl.LeaderElection.run(LeaderElection.java:133)
	at java.lang.Thread.run(Thread.java:748)
Caused by: org.apache.ratis.thirdparty.io.grpc.StatusRuntimeException: UNAVAILABLE: io exception
	at org.apache.ratis.thirdparty.io.grpc.stub.ClientCalls.toStatusRuntimeException(ClientCalls.java:233)
	at org.apache.ratis.thirdparty.io.grpc.stub.ClientCalls.getUnchecked(ClientCalls.java:214)
	at org.apache.ratis.thirdparty.io.grpc.stub.ClientCalls.blockingUnaryCall(ClientCalls.java:139)
	at org.apache.ratis.proto.grpc.RaftServerProtocolServiceGrpc$RaftServerProtocolServiceBlockingStub.requestVote(RaftServerProtocolServiceGrpc.java:265)
	at org.apache.ratis.grpc.server.GrpcServerProtocolClient.requestVote(GrpcServerProtocolClient.java:99)
	at org.apache.ratis.grpc.server.GrpcService.requestVote(GrpcService.java:204)
	at org.apache.ratis.server.impl.LeaderElection.lambda$submitRequests$1(LeaderElection.java:234)
	at java.util.concurrent.FutureTask.run(FutureTask.java:266)
	at java.util.concurrent.Executors$RunnableAdapter.call(Executors.java:511)
	at java.util.concurrent.FutureTask.run(FutureTask.java:266)
	at java.util.concurrent.ThreadPoolExecutor.runWorker(ThreadPoolExecutor.java:1149)
	at java.util.concurrent.ThreadPoolExecutor$Worker.run(ThreadPoolExecutor.java:624)
	... 1 more
Caused by: org.apache.ratis.thirdparty.io.netty.channel.AbstractChannel$AnnotatedConnectException: Connection refused: /192.168.5.146:41694
	at sun.nio.ch.SocketChannelImpl.checkConnect(Native Method)
	at sun.nio.ch.SocketChannelImpl.finishConnect(SocketChannelImpl.java:717)
	at org.apache.ratis.thirdparty.io.netty.channel.socket.nio.NioSocketChannel.doFinishConnect(NioSocketChannel.java:327)
	at org.apache.ratis.thirdparty.io.netty.channel.nio.AbstractNioChannel$AbstractNioUnsafe.finishConnect(AbstractNioChannel.java:340)
	at org.apache.ratis.thirdparty.io.netty.channel.nio.NioEventLoop.processSelectedKey(NioEventLoop.java:632)
	at org.apache.ratis.thirdparty.io.netty.channel.nio.NioEventLoop.processSelectedKeysOptimized(NioEventLoop.java:579)
	at org.apache.ratis.thirdparty.io.netty.channel.nio.NioEventLoop.processSelectedKeys(NioEventLoop.java:496)
	at org.apache.ratis.thirdparty.io.netty.channel.nio.NioEventLoop.run(NioEventLoop.java:458)
	at org.apache.ratis.thirdparty.io.netty.util.concurrent.SingleThreadEventExecutor$5.run(SingleThreadEventExecutor.java:897)
	at org.apache.ratis.thirdparty.io.netty.util.concurrent.FastThreadLocalRunnable.run(FastThreadLocalRunnable.java:30)
	... 1 more
Caused by: java.net.ConnectException: Connection refused
	... 11 more
2019-10-12 05:58:04,503 [865cadc9-9a6b-495c-9837-1e7c19652a6e@group-A42A2B0F365A-LeaderElection116] INFO  impl.RaftServerImpl (RaftServerImpl.java:setRole(170)) - 865cadc9-9a6b-495c-9837-1e7c19652a6e@group-A42A2B0F365A: changes role from CANDIDATE to FOLLOWER at term 4 for DISCOVERED_A_NEW_TERM
2019-10-12 05:58:04,503 [7cdb1fc2-8df0-45e9-af1c-ad61a9693d73@group-A42A2B0F365A-LeaderElection115] INFO  impl.RaftServerImpl (RaftServerImpl.java:setRole(170)) - 7cdb1fc2-8df0-45e9-af1c-ad61a9693d73@group-A42A2B0F365A: changes role from CANDIDATE to FOLLOWER at term 4 for DISCOVERED_A_NEW_TERM
2019-10-12 05:58:04,504 [865cadc9-9a6b-495c-9837-1e7c19652a6e@group-A42A2B0F365A-LeaderElection116] INFO  impl.RoleInfo (RoleInfo.java:shutdownLeaderElection(134)) - 865cadc9-9a6b-495c-9837-1e7c19652a6e: shutdown LeaderElection
2019-10-12 05:58:04,504 [7cdb1fc2-8df0-45e9-af1c-ad61a9693d73@group-A42A2B0F365A-LeaderElection115] INFO  impl.RoleInfo (RoleInfo.java:shutdownLeaderElection(134)) - 7cdb1fc2-8df0-45e9-af1c-ad61a9693d73: shutdown LeaderElection
2019-10-12 05:58:04,504 [865cadc9-9a6b-495c-9837-1e7c19652a6e@group-A42A2B0F365A-LeaderElection116] INFO  impl.RoleInfo (RoleInfo.java:updateAndGet(143)) - 865cadc9-9a6b-495c-9837-1e7c19652a6e: start FollowerState
2019-10-12 05:58:04,504 [7cdb1fc2-8df0-45e9-af1c-ad61a9693d73@group-A42A2B0F365A-LeaderElection115] INFO  impl.RoleInfo (RoleInfo.java:updateAndGet(143)) - 7cdb1fc2-8df0-45e9-af1c-ad61a9693d73: start FollowerState
]]></system-out>
  </testcase>
</testsuite>