<?xml version="1.0" encoding="UTF-8"?>
<testsuite xmlns:xsi="http://www.w3.org/2001/XMLSchema-instance" xsi:noNamespaceSchemaLocation="https://maven.apache.org/surefire/maven-surefire-plugin/xsd/surefire-test-report.xsd" name="org.apache.hadoop.ozone.client.rpc.TestBlockOutputStreamWithFailures" time="735.191" tests="8" errors="0" skipped="0" failures="1">
  <properties>
    <property name="awt.toolkit" value="sun.awt.X11.XToolkit"/>
    <property name="file.encoding.pkg" value="sun.io"/>
    <property name="java.specification.version" value="1.8"/>
    <property name="sun.cpu.isalist" value=""/>
    <property name="sun.jnu.encoding" value="UTF-8"/>
    <property name="java.class.path" value="/workdir/hadoop-ozone/integration-test/target/test-classes:/workdir/hadoop-ozone/integration-test/target/classes:/home/user/.m2/repository/org/apache/hadoop/hadoop-ozone-common/0.5.0-SNAPSHOT/hadoop-ozone-common-0.5.0-SNAPSHOT.jar:/home/user/.m2/repository/org/apache/commons/commons-compress/1.4.1/commons-compress-1.4.1.jar:/home/user/.m2/repository/org/tukaani/xz/1.0/xz-1.0.jar:/home/user/.m2/repository/org/apache/hadoop/hadoop-common/3.2.0/hadoop-common-3.2.0.jar:/home/user/.m2/repository/org/apache/hadoop/hadoop-hdfs/3.2.0/hadoop-hdfs-3.2.0.jar:/home/user/.m2/repository/org/apache/hadoop/hadoop-hdfs-client/3.2.0/hadoop-hdfs-client-3.2.0.jar:/home/user/.m2/repository/com/fasterxml/jackson/core/jackson-annotations/2.9.9/jackson-annotations-2.9.9.jar:/home/user/.m2/repository/org/apache/hadoop/hadoop-hdds-common/0.5.0-SNAPSHOT/hadoop-hdds-common-0.5.0-SNAPSHOT.jar:/home/user/.m2/repository/javax/annotation/javax.annotation-api/1.2/javax.annotation-api-1.2.jar:/home/user/.m2/repository/org/apache/ratis/ratis-server/0.5.0-201fc85-SNAPSHOT/ratis-server-0.5.0-201fc85-SNAPSHOT.jar:/home/user/.m2/repository/org/apache/ratis/ratis-thirdparty-misc/0.2.0/ratis-thirdparty-misc-0.2.0.jar:/home/user/.m2/repository/org/apache/ratis/ratis-proto/0.5.0-201fc85-SNAPSHOT/ratis-proto-0.5.0-201fc85-SNAPSHOT.jar:/home/user/.m2/repository/org/apache/ratis/ratis-common/0.5.0-201fc85-SNAPSHOT/ratis-common-0.5.0-201fc85-SNAPSHOT.jar:/home/user/.m2/repository/org/apache/ratis/ratis-client/0.5.0-201fc85-SNAPSHOT/ratis-client-0.5.0-201fc85-SNAPSHOT.jar:/home/user/.m2/repository/org/apache/ratis/ratis-metrics/0.5.0-201fc85-SNAPSHOT/ratis-metrics-0.5.0-201fc85-SNAPSHOT.jar:/home/user/.m2/repository/com/github/joshelser/dropwizard-metrics-hadoop-metrics2-reporter/0.1.2/dropwizard-metrics-hadoop-metrics2-reporter-0.1.2.jar:/home/user/.m2/repository/io/dropwizard/metrics/metrics-jvm/3.2.5/metrics-jvm-3.2.5.jar:/home/user/.m2/repository/io/dropwizard/metrics/metrics-ganglia/3.2.5/metrics-ganglia-3.2.5.jar:/home/user/.m2/repository/info/ganglia/gmetric4j/gmetric4j/1.0.7/gmetric4j-1.0.7.jar:/home/user/.m2/repository/org/apache/ratis/ratis-netty/0.5.0-201fc85-SNAPSHOT/ratis-netty-0.5.0-201fc85-SNAPSHOT.jar:/home/user/.m2/repository/org/apache/ratis/ratis-grpc/0.5.0-201fc85-SNAPSHOT/ratis-grpc-0.5.0-201fc85-SNAPSHOT.jar:/home/user/.m2/repository/org/rocksdb/rocksdbjni/6.0.1/rocksdbjni-6.0.1.jar:/home/user/.m2/repository/org/apache/logging/log4j/log4j-api/2.11.0/log4j-api-2.11.0.jar:/home/user/.m2/repository/org/apache/logging/log4j/log4j-core/2.11.0/log4j-core-2.11.0.jar:/home/user/.m2/repository/com/lmax/disruptor/3.4.2/disruptor-3.4.2.jar:/home/user/.m2/repository/org/apache/commons/commons-pool2/2.6.0/commons-pool2-2.6.0.jar:/home/user/.m2/repository/org/bouncycastle/bcpkix-jdk15on/1.60/bcpkix-jdk15on-1.60.jar:/home/user/.m2/repository/commons-validator/commons-validator/1.6/commons-validator-1.6.jar:/home/user/.m2/repository/commons-digester/commons-digester/1.8.1/commons-digester-1.8.1.jar:/home/user/.m2/repository/io/jaegertracing/jaeger-client/0.34.0/jaeger-client-0.34.0.jar:/home/user/.m2/repository/io/jaegertracing/jaeger-thrift/0.34.0/jaeger-thrift-0.34.0.jar:/home/user/.m2/repository/org/apache/thrift/libthrift/0.12.0/libthrift-0.12.0.jar:/home/user/.m2/repository/com/squareup/okhttp3/okhttp/3.9.0/okhttp-3.9.0.jar:/home/user/.m2/repository/com/squareup/okio/okio/1.13.0/okio-1.13.0.jar:/home/user/.m2/repository/io/jaegertracing/jaeger-core/0.34.0/jaeger-core-0.34.0.jar:/home/user/.m2/repository/io/jaegertracing/jaeger-tracerresolver/0.34.0/jaeger-tracerresolver-0.34.0.jar:/home/user/.m2/repository/io/opentracing/contrib/opentracing-tracerresolver/0.1.5/opentracing-tracerresolver-0.1.5.jar:/home/user/.m2/repository/io/opentracing/opentracing-util/0.31.0/opentracing-util-0.31.0.jar:/home/user/.m2/repository/io/opentracing/opentracing-api/0.31.0/opentracing-api-0.31.0.jar:/home/user/.m2/repository/io/opentracing/opentracing-noop/0.31.0/opentracing-noop-0.31.0.jar:/home/user/.m2/repository/org/apache/hadoop/hadoop-hdds-server-framework/0.5.0-SNAPSHOT/hadoop-hdds-server-framework-0.5.0-SNAPSHOT.jar:/home/user/.m2/repository/org/apache/hadoop/hadoop-hdds-container-service/0.5.0-SNAPSHOT/hadoop-hdds-container-service-0.5.0-SNAPSHOT.jar:/home/user/.m2/repository/org/apache/hadoop/hadoop-hdds-client/0.5.0-SNAPSHOT/hadoop-hdds-client-0.5.0-SNAPSHOT.jar:/home/user/.m2/repository/org/apache/hadoop/hadoop-hdds-tools/0.5.0-SNAPSHOT/hadoop-hdds-tools-0.5.0-SNAPSHOT.jar:/home/user/.m2/repository/org/apache/hadoop/hadoop-hdds-server-scm/0.5.0-SNAPSHOT/hadoop-hdds-server-scm-0.5.0-SNAPSHOT.jar:/home/user/.m2/repository/org/apache/hadoop/hadoop-hdds-docs/0.5.0-SNAPSHOT/hadoop-hdds-docs-0.5.0-SNAPSHOT.jar:/home/user/.m2/repository/io/dropwizard/metrics/metrics-core/3.2.4/metrics-core-3.2.4.jar:/home/user/.m2/repository/org/hamcrest/hamcrest-all/1.3/hamcrest-all-1.3.jar:/home/user/.m2/repository/org/bouncycastle/bcprov-jdk15on/1.60/bcprov-jdk15on-1.60.jar:/home/user/.m2/repository/info/picocli/picocli/3.9.6/picocli-3.9.6.jar:/home/user/.m2/repository/com/google/protobuf/protobuf-java/2.5.0/protobuf-java-2.5.0.jar:/home/user/.m2/repository/com/google/guava/guava/11.0.2/guava-11.0.2.jar:/home/user/.m2/repository/org/apache/hadoop/hadoop-ozone-ozone-manager/0.5.0-SNAPSHOT/hadoop-ozone-ozone-manager-0.5.0-SNAPSHOT.jar:/home/user/.m2/repository/org/apache/hadoop/hadoop-minikdc/3.2.0/hadoop-minikdc-3.2.0.jar:/home/user/.m2/repository/commons-io/commons-io/2.5/commons-io-2.5.jar:/home/user/.m2/repository/org/apache/kerby/kerb-simplekdc/1.0.1/kerb-simplekdc-1.0.1.jar:/home/user/.m2/repository/org/apache/kerby/kerb-client/1.0.1/kerb-client-1.0.1.jar:/home/user/.m2/repository/org/apache/kerby/kerby-config/1.0.1/kerby-config-1.0.1.jar:/home/user/.m2/repository/org/apache/kerby/kerb-core/1.0.1/kerb-core-1.0.1.jar:/home/user/.m2/repository/org/apache/kerby/kerby-pkix/1.0.1/kerby-pkix-1.0.1.jar:/home/user/.m2/repository/org/apache/kerby/kerby-asn1/1.0.1/kerby-asn1-1.0.1.jar:/home/user/.m2/repository/org/apache/kerby/kerby-util/1.0.1/kerby-util-1.0.1.jar:/home/user/.m2/repository/org/apache/kerby/kerb-common/1.0.1/kerb-common-1.0.1.jar:/home/user/.m2/repository/org/apache/kerby/kerb-crypto/1.0.1/kerb-crypto-1.0.1.jar:/home/user/.m2/repository/org/apache/kerby/kerb-util/1.0.1/kerb-util-1.0.1.jar:/home/user/.m2/repository/org/apache/kerby/token-provider/1.0.1/token-provider-1.0.1.jar:/home/user/.m2/repository/org/apache/kerby/kerb-admin/1.0.1/kerb-admin-1.0.1.jar:/home/user/.m2/repository/org/apache/kerby/kerb-server/1.0.1/kerb-server-1.0.1.jar:/home/user/.m2/repository/org/apache/kerby/kerb-identity/1.0.1/kerb-identity-1.0.1.jar:/home/user/.m2/repository/org/apache/kerby/kerby-xdr/1.0.1/kerby-xdr-1.0.1.jar:/home/user/.m2/repository/org/slf4j/slf4j-log4j12/1.7.25/slf4j-log4j12-1.7.25.jar:/home/user/.m2/repository/org/apache/hadoop/hadoop-ozone-s3gateway/0.5.0-SNAPSHOT/hadoop-ozone-s3gateway-0.5.0-SNAPSHOT.jar:/home/user/.m2/repository/org/jboss/weld/servlet/weld-servlet/2.4.7.Final/weld-servlet-2.4.7.Final.jar:/home/user/.m2/repository/org/glassfish/jersey/containers/jersey-container-servlet-core/2.27/jersey-container-servlet-core-2.27.jar:/home/user/.m2/repository/org/glassfish/hk2/external/javax.inject/2.5.0-b42/javax.inject-2.5.0-b42.jar:/home/user/.m2/repository/org/glassfish/jersey/core/jersey-common/2.27/jersey-common-2.27.jar:/home/user/.m2/repository/org/glassfish/hk2/osgi-resource-locator/1.0.1/osgi-resource-locator-1.0.1.jar:/home/user/.m2/repository/javax/ws/rs/javax.ws.rs-api/2.1/javax.ws.rs-api-2.1.jar:/home/user/.m2/repository/org/glassfish/jersey/ext/cdi/jersey-cdi1x/2.27/jersey-cdi1x-2.27.jar:/home/user/.m2/repository/org/glassfish/jersey/inject/jersey-hk2/2.27/jersey-hk2-2.27.jar:/home/user/.m2/repository/org/glassfish/hk2/hk2-locator/2.5.0-b42/hk2-locator-2.5.0-b42.jar:/home/user/.m2/repository/org/javassist/javassist/3.22.0-CR2/javassist-3.22.0-CR2.jar:/home/user/.m2/repository/org/glassfish/hk2/hk2-api/2.5.0/hk2-api-2.5.0.jar:/home/user/.m2/repository/org/glassfish/hk2/external/jakarta.inject/2.5.0/jakarta.inject-2.5.0.jar:/home/user/.m2/repository/org/glassfish/hk2/hk2-utils/2.5.0/hk2-utils-2.5.0.jar:/home/user/.m2/repository/jakarta/annotation/jakarta.annotation-api/1.3.4/jakarta.annotation-api-1.3.4.jar:/home/user/.m2/repository/org/glassfish/hk2/external/aopalliance-repackaged/2.5.0/aopalliance-repackaged-2.5.0.jar:/home/user/.m2/repository/com/fasterxml/jackson/dataformat/jackson-dataformat-xml/2.9.0/jackson-dataformat-xml-2.9.0.jar:/home/user/.m2/repository/com/fasterxml/jackson/core/jackson-core/2.9.9/jackson-core-2.9.9.jar:/home/user/.m2/repository/com/fasterxml/jackson/module/jackson-module-jaxb-annotations/2.9.9/jackson-module-jaxb-annotations-2.9.9.jar:/home/user/.m2/repository/javax/enterprise/cdi-api/1.2/cdi-api-1.2.jar:/home/user/.m2/repository/javax/el/javax.el-api/3.0.0/javax.el-api-3.0.0.jar:/home/user/.m2/repository/javax/interceptor/javax.interceptor-api/1.2/javax.interceptor-api-1.2.jar:/home/user/.m2/repository/javax/inject/javax.inject/1/javax.inject-1.jar:/home/user/.m2/repository/com/sun/xml/bind/jaxb-impl/2.3.0.1/jaxb-impl-2.3.0.1.jar:/home/user/.m2/repository/com/sun/xml/bind/jaxb-core/2.3.0.1/jaxb-core-2.3.0.1.jar:/home/user/.m2/repository/javax/xml/bind/jaxb-api/2.3.0/jaxb-api-2.3.0.jar:/home/user/.m2/repository/javax/activation/activation/1.1.1/activation-1.1.1.jar:/home/user/.m2/repository/org/apache/hadoop/hadoop-ozone-csi/0.5.0-SNAPSHOT/hadoop-ozone-csi-0.5.0-SNAPSHOT.jar:/home/user/.m2/repository/com/google/protobuf/protobuf-java-util/3.5.1/protobuf-java-util-3.5.1.jar:/home/user/.m2/repository/org/apache/hadoop/hadoop-hdds-config/0.5.0-SNAPSHOT/hadoop-hdds-config-0.5.0-SNAPSHOT.jar:/home/user/.m2/repository/io/grpc/grpc-netty/1.17.1/grpc-netty-1.17.1.jar:/home/user/.m2/repository/io/grpc/grpc-core/1.17.1/grpc-core-1.17.1.jar:/home/user/.m2/repository/io/grpc/grpc-context/1.17.1/grpc-context-1.17.1.jar:/home/user/.m2/repository/com/google/errorprone/error_prone_annotations/2.2.0/error_prone_annotations-2.2.0.jar:/home/user/.m2/repository/org/codehaus/mojo/animal-sniffer-annotations/1.17/animal-sniffer-annotations-1.17.jar:/home/user/.m2/repository/io/opencensus/opencensus-api/0.17.0/opencensus-api-0.17.0.jar:/home/user/.m2/repository/io/opencensus/opencensus-contrib-grpc-metrics/0.17.0/opencensus-contrib-grpc-metrics-0.17.0.jar:/home/user/.m2/repository/io/netty/netty-codec-http2/4.1.30.Final/netty-codec-http2-4.1.30.Final.jar:/home/user/.m2/repository/io/netty/netty-codec-http/4.1.30.Final/netty-codec-http-4.1.30.Final.jar:/home/user/.m2/repository/io/netty/netty-codec/4.1.30.Final/netty-codec-4.1.30.Final.jar:/home/user/.m2/repository/io/netty/netty-handler/4.1.30.Final/netty-handler-4.1.30.Final.jar:/home/user/.m2/repository/io/netty/netty-handler-proxy/4.1.30.Final/netty-handler-proxy-4.1.30.Final.jar:/home/user/.m2/repository/io/netty/netty-codec-socks/4.1.30.Final/netty-codec-socks-4.1.30.Final.jar:/home/user/.m2/repository/io/netty/netty-transport-native-epoll/4.1.30.Final/netty-transport-native-epoll-4.1.30.Final.jar:/home/user/.m2/repository/io/netty/netty-common/4.1.30.Final/netty-common-4.1.30.Final.jar:/home/user/.m2/repository/io/netty/netty-buffer/4.1.30.Final/netty-buffer-4.1.30.Final.jar:/home/user/.m2/repository/io/netty/netty-transport/4.1.30.Final/netty-transport-4.1.30.Final.jar:/home/user/.m2/repository/io/netty/netty-resolver/4.1.30.Final/netty-resolver-4.1.30.Final.jar:/home/user/.m2/repository/io/netty/netty-transport-native-unix-common/4.1.30.Final/netty-transport-native-unix-common-4.1.30.Final.jar:/home/user/.m2/repository/io/grpc/grpc-protobuf/1.17.1/grpc-protobuf-1.17.1.jar:/home/user/.m2/repository/com/google/api/grpc/proto-google-common-protos/1.0.0/proto-google-common-protos-1.0.0.jar:/home/user/.m2/repository/io/grpc/grpc-protobuf-lite/1.17.1/grpc-protobuf-lite-1.17.1.jar:/home/user/.m2/repository/io/grpc/grpc-stub/1.17.1/grpc-stub-1.17.1.jar:/home/user/.m2/repository/org/apache/hadoop/hadoop-ozone-recon/0.5.0-SNAPSHOT/hadoop-ozone-recon-0.5.0-SNAPSHOT.jar:/home/user/.m2/repository/org/apache/hadoop/hadoop-ozone-reconcodegen/0.5.0-SNAPSHOT/hadoop-ozone-reconcodegen-0.5.0-SNAPSHOT.jar:/home/user/.m2/repository/com/google/inject/extensions/guice-multibindings/4.0/guice-multibindings-4.0.jar:/home/user/.m2/repository/com/google/inject/guice/4.0/guice-4.0.jar:/home/user/.m2/repository/aopalliance/aopalliance/1.0/aopalliance-1.0.jar:/home/user/.m2/repository/com/google/inject/extensions/guice-servlet/4.0/guice-servlet-4.0.jar:/home/user/.m2/repository/org/glassfish/jersey/containers/jersey-container-servlet/2.27/jersey-container-servlet-2.27.jar:/home/user/.m2/repository/org/glassfish/hk2/guice-bridge/2.5.0/guice-bridge-2.5.0.jar:/home/user/.m2/repository/org/glassfish/jersey/core/jersey-server/2.27/jersey-server-2.27.jar:/home/user/.m2/repository/org/glassfish/jersey/core/jersey-client/2.27/jersey-client-2.27.jar:/home/user/.m2/repository/org/glassfish/jersey/media/jersey-media-jaxb/2.27/jersey-media-jaxb-2.27.jar:/home/user/.m2/repository/javax/validation/validation-api/1.1.0.Final/validation-api-1.1.0.Final.jar:/home/user/.m2/repository/org/glassfish/jersey/media/jersey-media-json-jackson/2.27/jersey-media-json-jackson-2.27.jar:/home/user/.m2/repository/org/glassfish/jersey/ext/jersey-entity-filtering/2.27/jersey-entity-filtering-2.27.jar:/home/user/.m2/repository/com/google/inject/extensions/guice-assistedinject/4.0/guice-assistedinject-4.0.jar:/home/user/.m2/repository/org/jooq/jooq/3.11.10/jooq-3.11.10.jar:/home/user/.m2/repository/org/jooq/jooq-meta/3.11.10/jooq-meta-3.11.10.jar:/home/user/.m2/repository/org/jooq/jooq-codegen/3.11.10/jooq-codegen-3.11.10.jar:/home/user/.m2/repository/com/jolbox/bonecp/0.8.0.RELEASE/bonecp-0.8.0.RELEASE.jar:/home/user/.m2/repository/org/xerial/sqlite-jdbc/3.25.2/sqlite-jdbc-3.25.2.jar:/home/user/.m2/repository/org/springframework/spring-jdbc/5.1.3.RELEASE/spring-jdbc-5.1.3.RELEASE.jar:/home/user/.m2/repository/org/springframework/spring-beans/5.1.3.RELEASE/spring-beans-5.1.3.RELEASE.jar:/home/user/.m2/repository/org/springframework/spring-core/5.1.3.RELEASE/spring-core-5.1.3.RELEASE.jar:/home/user/.m2/repository/org/springframework/spring-jcl/5.1.3.RELEASE/spring-jcl-5.1.3.RELEASE.jar:/home/user/.m2/repository/org/springframework/spring-tx/5.1.3.RELEASE/spring-tx-5.1.3.RELEASE.jar:/home/user/.m2/repository/org/apache/hadoop/hadoop-ozone-client/0.5.0-SNAPSHOT/hadoop-ozone-client-0.5.0-SNAPSHOT.jar:/home/user/.m2/repository/commons-lang/commons-lang/2.6/commons-lang-2.6.jar:/home/user/.m2/repository/org/apache/hadoop/hadoop-ozone-ozone-manager/0.5.0-SNAPSHOT/hadoop-ozone-ozone-manager-0.5.0-SNAPSHOT-tests.jar:/home/user/.m2/repository/junit/junit/4.11/junit-4.11.jar:/home/user/.m2/repository/org/hamcrest/hamcrest-core/1.3/hamcrest-core-1.3.jar:/home/user/.m2/repository/org/openjdk/jmh/jmh-core/1.19/jmh-core-1.19.jar:/home/user/.m2/repository/net/sf/jopt-simple/jopt-simple/4.6/jopt-simple-4.6.jar:/home/user/.m2/repository/org/apache/commons/commons-math3/3.1.1/commons-math3-3.1.1.jar:/home/user/.m2/repository/org/openjdk/jmh/jmh-generator-annprocess/1.19/jmh-generator-annprocess-1.19.jar:/home/user/.m2/repository/org/mockito/mockito-all/1.8.5/mockito-all-1.8.5.jar:/home/user/.m2/repository/org/apache/hadoop/hadoop-kms/3.2.0/hadoop-kms-3.2.0.jar:/home/user/.m2/repository/org/apache/hadoop/hadoop-auth/3.2.0/hadoop-auth-3.2.0.jar:/home/user/.m2/repository/com/nimbusds/nimbus-jose-jwt/4.41.1/nimbus-jose-jwt-4.41.1.jar:/home/user/.m2/repository/com/github/stephenc/jcip/jcip-annotations/1.0-1/jcip-annotations-1.0-1.jar:/home/user/.m2/repository/net/minidev/json-smart/2.3/json-smart-2.3.jar:/home/user/.m2/repository/net/minidev/accessors-smart/1.2/accessors-smart-1.2.jar:/home/user/.m2/repository/org/ow2/asm/asm/5.0.4/asm-5.0.4.jar:/home/user/.m2/repository/org/apache/curator/curator-framework/2.12.0/curator-framework-2.12.0.jar:/home/user/.m2/repository/com/sun/jersey/jersey-core/1.19/jersey-core-1.19.jar:/home/user/.m2/repository/javax/ws/rs/jsr311-api/1.1.1/jsr311-api-1.1.1.jar:/home/user/.m2/repository/com/sun/jersey/jersey-server/1.19/jersey-server-1.19.jar:/home/user/.m2/repository/javax/servlet/javax.servlet-api/3.1.0/javax.servlet-api-3.1.0.jar:/home/user/.m2/repository/org/eclipse/jetty/jetty-server/9.3.25.v20180904/jetty-server-9.3.25.v20180904.jar:/home/user/.m2/repository/org/eclipse/jetty/jetty-http/9.3.25.v20180904/jetty-http-9.3.25.v20180904.jar:/home/user/.m2/repository/org/eclipse/jetty/jetty-io/9.3.25.v20180904/jetty-io-9.3.25.v20180904.jar:/home/user/.m2/repository/org/eclipse/jetty/jetty-webapp/9.3.25.v20180904/jetty-webapp-9.3.25.v20180904.jar:/home/user/.m2/repository/org/eclipse/jetty/jetty-xml/9.3.25.v20180904/jetty-xml-9.3.25.v20180904.jar:/home/user/.m2/repository/log4j/log4j/1.2.17/log4j-1.2.17.jar:/home/user/.m2/repository/org/slf4j/slf4j-api/1.7.25/slf4j-api-1.7.25.jar:/home/user/.m2/repository/org/slf4j/jul-to-slf4j/1.7.25/jul-to-slf4j-1.7.25.jar:/home/user/.m2/repository/org/eclipse/jetty/jetty-util/9.3.25.v20180904/jetty-util-9.3.25.v20180904.jar:/home/user/.m2/repository/com/fasterxml/jackson/core/jackson-databind/2.9.9/jackson-databind-2.9.9.jar:/home/user/.m2/repository/org/apache/hadoop/hadoop-kms/3.2.0/hadoop-kms-3.2.0-tests.jar:/home/user/.m2/repository/org/apache/hadoop/hadoop-hdds-server-scm/0.5.0-SNAPSHOT/hadoop-hdds-server-scm-0.5.0-SNAPSHOT-tests.jar:/home/user/.m2/repository/org/apache/hadoop/hadoop-hdds-container-service/0.5.0-SNAPSHOT/hadoop-hdds-container-service-0.5.0-SNAPSHOT-tests.jar:/home/user/.m2/repository/org/yaml/snakeyaml/1.16/snakeyaml-1.16.jar:/home/user/.m2/repository/org/apache/hadoop/hadoop-common/3.2.0/hadoop-common-3.2.0-tests.jar:/home/user/.m2/repository/org/apache/hadoop/hadoop-annotations/3.2.0/hadoop-annotations-3.2.0.jar:/usr/lib/jvm/java-1.8-openjdk/jre/../lib/tools.jar:/home/user/.m2/repository/commons-cli/commons-cli/1.2/commons-cli-1.2.jar:/home/user/.m2/repository/org/apache/httpcomponents/httpclient/4.5.2/httpclient-4.5.2.jar:/home/user/.m2/repository/org/apache/httpcomponents/httpcore/4.4.4/httpcore-4.4.4.jar:/home/user/.m2/repository/commons-codec/commons-codec/1.11/commons-codec-1.11.jar:/home/user/.m2/repository/commons-net/commons-net/3.6/commons-net-3.6.jar:/home/user/.m2/repository/commons-collections/commons-collections/3.2.2/commons-collections-3.2.2.jar:/home/user/.m2/repository/org/eclipse/jetty/jetty-servlet/9.3.25.v20180904/jetty-servlet-9.3.25.v20180904.jar:/home/user/.m2/repository/org/eclipse/jetty/jetty-security/9.3.25.v20180904/jetty-security-9.3.25.v20180904.jar:/home/user/.m2/repository/javax/servlet/jsp/jsp-api/2.1/jsp-api-2.1.jar:/home/user/.m2/repository/com/sun/jersey/jersey-servlet/1.19/jersey-servlet-1.19.jar:/home/user/.m2/repository/com/sun/jersey/jersey-json/1.19/jersey-json-1.19.jar:/home/user/.m2/repository/org/codehaus/jettison/jettison/1.1/jettison-1.1.jar:/home/user/.m2/repository/org/codehaus/jackson/jackson-core-asl/1.9.13/jackson-core-asl-1.9.13.jar:/home/user/.m2/repository/org/codehaus/jackson/jackson-mapper-asl/1.9.13/jackson-mapper-asl-1.9.13.jar:/home/user/.m2/repository/org/codehaus/jackson/jackson-jaxrs/1.9.13/jackson-jaxrs-1.9.13.jar:/home/user/.m2/repository/org/codehaus/jackson/jackson-xc/1.9.13/jackson-xc-1.9.13.jar:/home/user/.m2/repository/commons-logging/commons-logging/1.1.3/commons-logging-1.1.3.jar:/home/user/.m2/repository/commons-beanutils/commons-beanutils/1.9.4/commons-beanutils-1.9.4.jar:/home/user/.m2/repository/org/apache/commons/commons-configuration2/2.1.1/commons-configuration2-2.1.1.jar:/home/user/.m2/repository/org/apache/commons/commons-lang3/3.7/commons-lang3-3.7.jar:/home/user/.m2/repository/org/apache/commons/commons-text/1.4/commons-text-1.4.jar:/home/user/.m2/repository/org/apache/avro/avro/1.7.7/avro-1.7.7.jar:/home/user/.m2/repository/com/thoughtworks/paranamer/paranamer/2.3/paranamer-2.3.jar:/home/user/.m2/repository/org/xerial/snappy/snappy-java/1.0.5/snappy-java-1.0.5.jar:/home/user/.m2/repository/com/google/re2j/re2j/1.1/re2j-1.1.jar:/home/user/.m2/repository/com/google/code/gson/gson/2.2.4/gson-2.2.4.jar:/home/user/.m2/repository/com/jcraft/jsch/0.1.54/jsch-0.1.54.jar:/home/user/.m2/repository/org/apache/curator/curator-client/2.12.0/curator-client-2.12.0.jar:/home/user/.m2/repository/org/apache/curator/curator-recipes/2.12.0/curator-recipes-2.12.0.jar:/home/user/.m2/repository/com/google/code/findbugs/jsr305/3.0.0/jsr305-3.0.0.jar:/home/user/.m2/repository/org/apache/htrace/htrace-core4/4.1.0-incubating/htrace-core4-4.1.0-incubating.jar:/home/user/.m2/repository/org/apache/zookeeper/zookeeper/3.4.13/zookeeper-3.4.13.jar:/home/user/.m2/repository/jline/jline/0.9.94/jline-0.9.94.jar:/home/user/.m2/repository/org/apache/yetus/audience-annotations/0.5.0/audience-annotations-0.5.0.jar:/home/user/.m2/repository/org/codehaus/woodstox/stax2-api/3.1.4/stax2-api-3.1.4.jar:/home/user/.m2/repository/com/fasterxml/woodstox/woodstox-core/5.0.3/woodstox-core-5.0.3.jar:/home/user/.m2/repository/dnsjava/dnsjava/2.1.7/dnsjava-2.1.7.jar:/home/user/.m2/repository/org/apache/hadoop/hadoop-hdfs/3.2.0/hadoop-hdfs-3.2.0-tests.jar:/home/user/.m2/repository/org/eclipse/jetty/jetty-util-ajax/9.3.25.v20180904/jetty-util-ajax-9.3.25.v20180904.jar:/home/user/.m2/repository/commons-daemon/commons-daemon/1.0.13/commons-daemon-1.0.13.jar:/home/user/.m2/repository/io/netty/netty/3.10.5.Final/netty-3.10.5.Final.jar:/home/user/.m2/repository/io/netty/netty-all/4.0.52.Final/netty-all-4.0.52.Final.jar:/home/user/.m2/repository/org/fusesource/leveldbjni/leveldbjni-all/1.8/leveldbjni-all-1.8.jar:"/>
    <property name="java.vm.vendor" value="IcedTea"/>
    <property name="sun.arch.data.model" value="64"/>
    <property name="test.build.dir" value="/workdir/hadoop-ozone/integration-test/target/test-dir"/>
    <property name="test.cache.data" value=""/>
    <property name="java.vendor.url" value="https://icedtea.classpath.org"/>
    <property name="user.timezone" value=""/>
    <property name="java.vm.specification.version" value="1.8"/>
    <property name="os.name" value="Linux"/>
    <property name="test.build.data" value="/workdir/hadoop-ozone/integration-test/target/test-dir"/>
    <property name="user.country" value="US"/>
    <property name="sun.java.launcher" value="SUN_STANDARD"/>
    <property name="sun.boot.library.path" value="/usr/lib/jvm/java-1.8-openjdk/jre/lib/amd64"/>
    <property name="sun.java.command" value="/workdir/hadoop-ozone/integration-test/target/surefire/surefirebooter1011480055319114870.jar /workdir/hadoop-ozone/integration-test/target/surefire 2019-10-12T05-38-29_693-jvmRun1 surefire7388193658796724854tmp surefire_22397354024203413279tmp"/>
    <property name="test" value="!TestMiniChaosOzoneCluster"/>
    <property name="surefire.test.class.path" value="/workdir/hadoop-ozone/integration-test/target/test-classes:/workdir/hadoop-ozone/integration-test/target/classes:/home/user/.m2/repository/org/apache/hadoop/hadoop-ozone-common/0.5.0-SNAPSHOT/hadoop-ozone-common-0.5.0-SNAPSHOT.jar:/home/user/.m2/repository/org/apache/commons/commons-compress/1.4.1/commons-compress-1.4.1.jar:/home/user/.m2/repository/org/tukaani/xz/1.0/xz-1.0.jar:/home/user/.m2/repository/org/apache/hadoop/hadoop-common/3.2.0/hadoop-common-3.2.0.jar:/home/user/.m2/repository/org/apache/hadoop/hadoop-hdfs/3.2.0/hadoop-hdfs-3.2.0.jar:/home/user/.m2/repository/org/apache/hadoop/hadoop-hdfs-client/3.2.0/hadoop-hdfs-client-3.2.0.jar:/home/user/.m2/repository/com/fasterxml/jackson/core/jackson-annotations/2.9.9/jackson-annotations-2.9.9.jar:/home/user/.m2/repository/org/apache/hadoop/hadoop-hdds-common/0.5.0-SNAPSHOT/hadoop-hdds-common-0.5.0-SNAPSHOT.jar:/home/user/.m2/repository/javax/annotation/javax.annotation-api/1.2/javax.annotation-api-1.2.jar:/home/user/.m2/repository/org/apache/ratis/ratis-server/0.5.0-201fc85-SNAPSHOT/ratis-server-0.5.0-201fc85-SNAPSHOT.jar:/home/user/.m2/repository/org/apache/ratis/ratis-thirdparty-misc/0.2.0/ratis-thirdparty-misc-0.2.0.jar:/home/user/.m2/repository/org/apache/ratis/ratis-proto/0.5.0-201fc85-SNAPSHOT/ratis-proto-0.5.0-201fc85-SNAPSHOT.jar:/home/user/.m2/repository/org/apache/ratis/ratis-common/0.5.0-201fc85-SNAPSHOT/ratis-common-0.5.0-201fc85-SNAPSHOT.jar:/home/user/.m2/repository/org/apache/ratis/ratis-client/0.5.0-201fc85-SNAPSHOT/ratis-client-0.5.0-201fc85-SNAPSHOT.jar:/home/user/.m2/repository/org/apache/ratis/ratis-metrics/0.5.0-201fc85-SNAPSHOT/ratis-metrics-0.5.0-201fc85-SNAPSHOT.jar:/home/user/.m2/repository/com/github/joshelser/dropwizard-metrics-hadoop-metrics2-reporter/0.1.2/dropwizard-metrics-hadoop-metrics2-reporter-0.1.2.jar:/home/user/.m2/repository/io/dropwizard/metrics/metrics-jvm/3.2.5/metrics-jvm-3.2.5.jar:/home/user/.m2/repository/io/dropwizard/metrics/metrics-ganglia/3.2.5/metrics-ganglia-3.2.5.jar:/home/user/.m2/repository/info/ganglia/gmetric4j/gmetric4j/1.0.7/gmetric4j-1.0.7.jar:/home/user/.m2/repository/org/apache/ratis/ratis-netty/0.5.0-201fc85-SNAPSHOT/ratis-netty-0.5.0-201fc85-SNAPSHOT.jar:/home/user/.m2/repository/org/apache/ratis/ratis-grpc/0.5.0-201fc85-SNAPSHOT/ratis-grpc-0.5.0-201fc85-SNAPSHOT.jar:/home/user/.m2/repository/org/rocksdb/rocksdbjni/6.0.1/rocksdbjni-6.0.1.jar:/home/user/.m2/repository/org/apache/logging/log4j/log4j-api/2.11.0/log4j-api-2.11.0.jar:/home/user/.m2/repository/org/apache/logging/log4j/log4j-core/2.11.0/log4j-core-2.11.0.jar:/home/user/.m2/repository/com/lmax/disruptor/3.4.2/disruptor-3.4.2.jar:/home/user/.m2/repository/org/apache/commons/commons-pool2/2.6.0/commons-pool2-2.6.0.jar:/home/user/.m2/repository/org/bouncycastle/bcpkix-jdk15on/1.60/bcpkix-jdk15on-1.60.jar:/home/user/.m2/repository/commons-validator/commons-validator/1.6/commons-validator-1.6.jar:/home/user/.m2/repository/commons-digester/commons-digester/1.8.1/commons-digester-1.8.1.jar:/home/user/.m2/repository/io/jaegertracing/jaeger-client/0.34.0/jaeger-client-0.34.0.jar:/home/user/.m2/repository/io/jaegertracing/jaeger-thrift/0.34.0/jaeger-thrift-0.34.0.jar:/home/user/.m2/repository/org/apache/thrift/libthrift/0.12.0/libthrift-0.12.0.jar:/home/user/.m2/repository/com/squareup/okhttp3/okhttp/3.9.0/okhttp-3.9.0.jar:/home/user/.m2/repository/com/squareup/okio/okio/1.13.0/okio-1.13.0.jar:/home/user/.m2/repository/io/jaegertracing/jaeger-core/0.34.0/jaeger-core-0.34.0.jar:/home/user/.m2/repository/io/jaegertracing/jaeger-tracerresolver/0.34.0/jaeger-tracerresolver-0.34.0.jar:/home/user/.m2/repository/io/opentracing/contrib/opentracing-tracerresolver/0.1.5/opentracing-tracerresolver-0.1.5.jar:/home/user/.m2/repository/io/opentracing/opentracing-util/0.31.0/opentracing-util-0.31.0.jar:/home/user/.m2/repository/io/opentracing/opentracing-api/0.31.0/opentracing-api-0.31.0.jar:/home/user/.m2/repository/io/opentracing/opentracing-noop/0.31.0/opentracing-noop-0.31.0.jar:/home/user/.m2/repository/org/apache/hadoop/hadoop-hdds-server-framework/0.5.0-SNAPSHOT/hadoop-hdds-server-framework-0.5.0-SNAPSHOT.jar:/home/user/.m2/repository/org/apache/hadoop/hadoop-hdds-container-service/0.5.0-SNAPSHOT/hadoop-hdds-container-service-0.5.0-SNAPSHOT.jar:/home/user/.m2/repository/org/apache/hadoop/hadoop-hdds-client/0.5.0-SNAPSHOT/hadoop-hdds-client-0.5.0-SNAPSHOT.jar:/home/user/.m2/repository/org/apache/hadoop/hadoop-hdds-tools/0.5.0-SNAPSHOT/hadoop-hdds-tools-0.5.0-SNAPSHOT.jar:/home/user/.m2/repository/org/apache/hadoop/hadoop-hdds-server-scm/0.5.0-SNAPSHOT/hadoop-hdds-server-scm-0.5.0-SNAPSHOT.jar:/home/user/.m2/repository/org/apache/hadoop/hadoop-hdds-docs/0.5.0-SNAPSHOT/hadoop-hdds-docs-0.5.0-SNAPSHOT.jar:/home/user/.m2/repository/io/dropwizard/metrics/metrics-core/3.2.4/metrics-core-3.2.4.jar:/home/user/.m2/repository/org/hamcrest/hamcrest-all/1.3/hamcrest-all-1.3.jar:/home/user/.m2/repository/org/bouncycastle/bcprov-jdk15on/1.60/bcprov-jdk15on-1.60.jar:/home/user/.m2/repository/info/picocli/picocli/3.9.6/picocli-3.9.6.jar:/home/user/.m2/repository/com/google/protobuf/protobuf-java/2.5.0/protobuf-java-2.5.0.jar:/home/user/.m2/repository/com/google/guava/guava/11.0.2/guava-11.0.2.jar:/home/user/.m2/repository/org/apache/hadoop/hadoop-ozone-ozone-manager/0.5.0-SNAPSHOT/hadoop-ozone-ozone-manager-0.5.0-SNAPSHOT.jar:/home/user/.m2/repository/org/apache/hadoop/hadoop-minikdc/3.2.0/hadoop-minikdc-3.2.0.jar:/home/user/.m2/repository/commons-io/commons-io/2.5/commons-io-2.5.jar:/home/user/.m2/repository/org/apache/kerby/kerb-simplekdc/1.0.1/kerb-simplekdc-1.0.1.jar:/home/user/.m2/repository/org/apache/kerby/kerb-client/1.0.1/kerb-client-1.0.1.jar:/home/user/.m2/repository/org/apache/kerby/kerby-config/1.0.1/kerby-config-1.0.1.jar:/home/user/.m2/repository/org/apache/kerby/kerb-core/1.0.1/kerb-core-1.0.1.jar:/home/user/.m2/repository/org/apache/kerby/kerby-pkix/1.0.1/kerby-pkix-1.0.1.jar:/home/user/.m2/repository/org/apache/kerby/kerby-asn1/1.0.1/kerby-asn1-1.0.1.jar:/home/user/.m2/repository/org/apache/kerby/kerby-util/1.0.1/kerby-util-1.0.1.jar:/home/user/.m2/repository/org/apache/kerby/kerb-common/1.0.1/kerb-common-1.0.1.jar:/home/user/.m2/repository/org/apache/kerby/kerb-crypto/1.0.1/kerb-crypto-1.0.1.jar:/home/user/.m2/repository/org/apache/kerby/kerb-util/1.0.1/kerb-util-1.0.1.jar:/home/user/.m2/repository/org/apache/kerby/token-provider/1.0.1/token-provider-1.0.1.jar:/home/user/.m2/repository/org/apache/kerby/kerb-admin/1.0.1/kerb-admin-1.0.1.jar:/home/user/.m2/repository/org/apache/kerby/kerb-server/1.0.1/kerb-server-1.0.1.jar:/home/user/.m2/repository/org/apache/kerby/kerb-identity/1.0.1/kerb-identity-1.0.1.jar:/home/user/.m2/repository/org/apache/kerby/kerby-xdr/1.0.1/kerby-xdr-1.0.1.jar:/home/user/.m2/repository/org/slf4j/slf4j-log4j12/1.7.25/slf4j-log4j12-1.7.25.jar:/home/user/.m2/repository/org/apache/hadoop/hadoop-ozone-s3gateway/0.5.0-SNAPSHOT/hadoop-ozone-s3gateway-0.5.0-SNAPSHOT.jar:/home/user/.m2/repository/org/jboss/weld/servlet/weld-servlet/2.4.7.Final/weld-servlet-2.4.7.Final.jar:/home/user/.m2/repository/org/glassfish/jersey/containers/jersey-container-servlet-core/2.27/jersey-container-servlet-core-2.27.jar:/home/user/.m2/repository/org/glassfish/hk2/external/javax.inject/2.5.0-b42/javax.inject-2.5.0-b42.jar:/home/user/.m2/repository/org/glassfish/jersey/core/jersey-common/2.27/jersey-common-2.27.jar:/home/user/.m2/repository/org/glassfish/hk2/osgi-resource-locator/1.0.1/osgi-resource-locator-1.0.1.jar:/home/user/.m2/repository/javax/ws/rs/javax.ws.rs-api/2.1/javax.ws.rs-api-2.1.jar:/home/user/.m2/repository/org/glassfish/jersey/ext/cdi/jersey-cdi1x/2.27/jersey-cdi1x-2.27.jar:/home/user/.m2/repository/org/glassfish/jersey/inject/jersey-hk2/2.27/jersey-hk2-2.27.jar:/home/user/.m2/repository/org/glassfish/hk2/hk2-locator/2.5.0-b42/hk2-locator-2.5.0-b42.jar:/home/user/.m2/repository/org/javassist/javassist/3.22.0-CR2/javassist-3.22.0-CR2.jar:/home/user/.m2/repository/org/glassfish/hk2/hk2-api/2.5.0/hk2-api-2.5.0.jar:/home/user/.m2/repository/org/glassfish/hk2/external/jakarta.inject/2.5.0/jakarta.inject-2.5.0.jar:/home/user/.m2/repository/org/glassfish/hk2/hk2-utils/2.5.0/hk2-utils-2.5.0.jar:/home/user/.m2/repository/jakarta/annotation/jakarta.annotation-api/1.3.4/jakarta.annotation-api-1.3.4.jar:/home/user/.m2/repository/org/glassfish/hk2/external/aopalliance-repackaged/2.5.0/aopalliance-repackaged-2.5.0.jar:/home/user/.m2/repository/com/fasterxml/jackson/dataformat/jackson-dataformat-xml/2.9.0/jackson-dataformat-xml-2.9.0.jar:/home/user/.m2/repository/com/fasterxml/jackson/core/jackson-core/2.9.9/jackson-core-2.9.9.jar:/home/user/.m2/repository/com/fasterxml/jackson/module/jackson-module-jaxb-annotations/2.9.9/jackson-module-jaxb-annotations-2.9.9.jar:/home/user/.m2/repository/javax/enterprise/cdi-api/1.2/cdi-api-1.2.jar:/home/user/.m2/repository/javax/el/javax.el-api/3.0.0/javax.el-api-3.0.0.jar:/home/user/.m2/repository/javax/interceptor/javax.interceptor-api/1.2/javax.interceptor-api-1.2.jar:/home/user/.m2/repository/javax/inject/javax.inject/1/javax.inject-1.jar:/home/user/.m2/repository/com/sun/xml/bind/jaxb-impl/2.3.0.1/jaxb-impl-2.3.0.1.jar:/home/user/.m2/repository/com/sun/xml/bind/jaxb-core/2.3.0.1/jaxb-core-2.3.0.1.jar:/home/user/.m2/repository/javax/xml/bind/jaxb-api/2.3.0/jaxb-api-2.3.0.jar:/home/user/.m2/repository/javax/activation/activation/1.1.1/activation-1.1.1.jar:/home/user/.m2/repository/org/apache/hadoop/hadoop-ozone-csi/0.5.0-SNAPSHOT/hadoop-ozone-csi-0.5.0-SNAPSHOT.jar:/home/user/.m2/repository/com/google/protobuf/protobuf-java-util/3.5.1/protobuf-java-util-3.5.1.jar:/home/user/.m2/repository/org/apache/hadoop/hadoop-hdds-config/0.5.0-SNAPSHOT/hadoop-hdds-config-0.5.0-SNAPSHOT.jar:/home/user/.m2/repository/io/grpc/grpc-netty/1.17.1/grpc-netty-1.17.1.jar:/home/user/.m2/repository/io/grpc/grpc-core/1.17.1/grpc-core-1.17.1.jar:/home/user/.m2/repository/io/grpc/grpc-context/1.17.1/grpc-context-1.17.1.jar:/home/user/.m2/repository/com/google/errorprone/error_prone_annotations/2.2.0/error_prone_annotations-2.2.0.jar:/home/user/.m2/repository/org/codehaus/mojo/animal-sniffer-annotations/1.17/animal-sniffer-annotations-1.17.jar:/home/user/.m2/repository/io/opencensus/opencensus-api/0.17.0/opencensus-api-0.17.0.jar:/home/user/.m2/repository/io/opencensus/opencensus-contrib-grpc-metrics/0.17.0/opencensus-contrib-grpc-metrics-0.17.0.jar:/home/user/.m2/repository/io/netty/netty-codec-http2/4.1.30.Final/netty-codec-http2-4.1.30.Final.jar:/home/user/.m2/repository/io/netty/netty-codec-http/4.1.30.Final/netty-codec-http-4.1.30.Final.jar:/home/user/.m2/repository/io/netty/netty-codec/4.1.30.Final/netty-codec-4.1.30.Final.jar:/home/user/.m2/repository/io/netty/netty-handler/4.1.30.Final/netty-handler-4.1.30.Final.jar:/home/user/.m2/repository/io/netty/netty-handler-proxy/4.1.30.Final/netty-handler-proxy-4.1.30.Final.jar:/home/user/.m2/repository/io/netty/netty-codec-socks/4.1.30.Final/netty-codec-socks-4.1.30.Final.jar:/home/user/.m2/repository/io/netty/netty-transport-native-epoll/4.1.30.Final/netty-transport-native-epoll-4.1.30.Final.jar:/home/user/.m2/repository/io/netty/netty-common/4.1.30.Final/netty-common-4.1.30.Final.jar:/home/user/.m2/repository/io/netty/netty-buffer/4.1.30.Final/netty-buffer-4.1.30.Final.jar:/home/user/.m2/repository/io/netty/netty-transport/4.1.30.Final/netty-transport-4.1.30.Final.jar:/home/user/.m2/repository/io/netty/netty-resolver/4.1.30.Final/netty-resolver-4.1.30.Final.jar:/home/user/.m2/repository/io/netty/netty-transport-native-unix-common/4.1.30.Final/netty-transport-native-unix-common-4.1.30.Final.jar:/home/user/.m2/repository/io/grpc/grpc-protobuf/1.17.1/grpc-protobuf-1.17.1.jar:/home/user/.m2/repository/com/google/api/grpc/proto-google-common-protos/1.0.0/proto-google-common-protos-1.0.0.jar:/home/user/.m2/repository/io/grpc/grpc-protobuf-lite/1.17.1/grpc-protobuf-lite-1.17.1.jar:/home/user/.m2/repository/io/grpc/grpc-stub/1.17.1/grpc-stub-1.17.1.jar:/home/user/.m2/repository/org/apache/hadoop/hadoop-ozone-recon/0.5.0-SNAPSHOT/hadoop-ozone-recon-0.5.0-SNAPSHOT.jar:/home/user/.m2/repository/org/apache/hadoop/hadoop-ozone-reconcodegen/0.5.0-SNAPSHOT/hadoop-ozone-reconcodegen-0.5.0-SNAPSHOT.jar:/home/user/.m2/repository/com/google/inject/extensions/guice-multibindings/4.0/guice-multibindings-4.0.jar:/home/user/.m2/repository/com/google/inject/guice/4.0/guice-4.0.jar:/home/user/.m2/repository/aopalliance/aopalliance/1.0/aopalliance-1.0.jar:/home/user/.m2/repository/com/google/inject/extensions/guice-servlet/4.0/guice-servlet-4.0.jar:/home/user/.m2/repository/org/glassfish/jersey/containers/jersey-container-servlet/2.27/jersey-container-servlet-2.27.jar:/home/user/.m2/repository/org/glassfish/hk2/guice-bridge/2.5.0/guice-bridge-2.5.0.jar:/home/user/.m2/repository/org/glassfish/jersey/core/jersey-server/2.27/jersey-server-2.27.jar:/home/user/.m2/repository/org/glassfish/jersey/core/jersey-client/2.27/jersey-client-2.27.jar:/home/user/.m2/repository/org/glassfish/jersey/media/jersey-media-jaxb/2.27/jersey-media-jaxb-2.27.jar:/home/user/.m2/repository/javax/validation/validation-api/1.1.0.Final/validation-api-1.1.0.Final.jar:/home/user/.m2/repository/org/glassfish/jersey/media/jersey-media-json-jackson/2.27/jersey-media-json-jackson-2.27.jar:/home/user/.m2/repository/org/glassfish/jersey/ext/jersey-entity-filtering/2.27/jersey-entity-filtering-2.27.jar:/home/user/.m2/repository/com/google/inject/extensions/guice-assistedinject/4.0/guice-assistedinject-4.0.jar:/home/user/.m2/repository/org/jooq/jooq/3.11.10/jooq-3.11.10.jar:/home/user/.m2/repository/org/jooq/jooq-meta/3.11.10/jooq-meta-3.11.10.jar:/home/user/.m2/repository/org/jooq/jooq-codegen/3.11.10/jooq-codegen-3.11.10.jar:/home/user/.m2/repository/com/jolbox/bonecp/0.8.0.RELEASE/bonecp-0.8.0.RELEASE.jar:/home/user/.m2/repository/org/xerial/sqlite-jdbc/3.25.2/sqlite-jdbc-3.25.2.jar:/home/user/.m2/repository/org/springframework/spring-jdbc/5.1.3.RELEASE/spring-jdbc-5.1.3.RELEASE.jar:/home/user/.m2/repository/org/springframework/spring-beans/5.1.3.RELEASE/spring-beans-5.1.3.RELEASE.jar:/home/user/.m2/repository/org/springframework/spring-core/5.1.3.RELEASE/spring-core-5.1.3.RELEASE.jar:/home/user/.m2/repository/org/springframework/spring-jcl/5.1.3.RELEASE/spring-jcl-5.1.3.RELEASE.jar:/home/user/.m2/repository/org/springframework/spring-tx/5.1.3.RELEASE/spring-tx-5.1.3.RELEASE.jar:/home/user/.m2/repository/org/apache/hadoop/hadoop-ozone-client/0.5.0-SNAPSHOT/hadoop-ozone-client-0.5.0-SNAPSHOT.jar:/home/user/.m2/repository/commons-lang/commons-lang/2.6/commons-lang-2.6.jar:/home/user/.m2/repository/org/apache/hadoop/hadoop-ozone-ozone-manager/0.5.0-SNAPSHOT/hadoop-ozone-ozone-manager-0.5.0-SNAPSHOT-tests.jar:/home/user/.m2/repository/junit/junit/4.11/junit-4.11.jar:/home/user/.m2/repository/org/hamcrest/hamcrest-core/1.3/hamcrest-core-1.3.jar:/home/user/.m2/repository/org/openjdk/jmh/jmh-core/1.19/jmh-core-1.19.jar:/home/user/.m2/repository/net/sf/jopt-simple/jopt-simple/4.6/jopt-simple-4.6.jar:/home/user/.m2/repository/org/apache/commons/commons-math3/3.1.1/commons-math3-3.1.1.jar:/home/user/.m2/repository/org/openjdk/jmh/jmh-generator-annprocess/1.19/jmh-generator-annprocess-1.19.jar:/home/user/.m2/repository/org/mockito/mockito-all/1.8.5/mockito-all-1.8.5.jar:/home/user/.m2/repository/org/apache/hadoop/hadoop-kms/3.2.0/hadoop-kms-3.2.0.jar:/home/user/.m2/repository/org/apache/hadoop/hadoop-auth/3.2.0/hadoop-auth-3.2.0.jar:/home/user/.m2/repository/com/nimbusds/nimbus-jose-jwt/4.41.1/nimbus-jose-jwt-4.41.1.jar:/home/user/.m2/repository/com/github/stephenc/jcip/jcip-annotations/1.0-1/jcip-annotations-1.0-1.jar:/home/user/.m2/repository/net/minidev/json-smart/2.3/json-smart-2.3.jar:/home/user/.m2/repository/net/minidev/accessors-smart/1.2/accessors-smart-1.2.jar:/home/user/.m2/repository/org/ow2/asm/asm/5.0.4/asm-5.0.4.jar:/home/user/.m2/repository/org/apache/curator/curator-framework/2.12.0/curator-framework-2.12.0.jar:/home/user/.m2/repository/com/sun/jersey/jersey-core/1.19/jersey-core-1.19.jar:/home/user/.m2/repository/javax/ws/rs/jsr311-api/1.1.1/jsr311-api-1.1.1.jar:/home/user/.m2/repository/com/sun/jersey/jersey-server/1.19/jersey-server-1.19.jar:/home/user/.m2/repository/javax/servlet/javax.servlet-api/3.1.0/javax.servlet-api-3.1.0.jar:/home/user/.m2/repository/org/eclipse/jetty/jetty-server/9.3.25.v20180904/jetty-server-9.3.25.v20180904.jar:/home/user/.m2/repository/org/eclipse/jetty/jetty-http/9.3.25.v20180904/jetty-http-9.3.25.v20180904.jar:/home/user/.m2/repository/org/eclipse/jetty/jetty-io/9.3.25.v20180904/jetty-io-9.3.25.v20180904.jar:/home/user/.m2/repository/org/eclipse/jetty/jetty-webapp/9.3.25.v20180904/jetty-webapp-9.3.25.v20180904.jar:/home/user/.m2/repository/org/eclipse/jetty/jetty-xml/9.3.25.v20180904/jetty-xml-9.3.25.v20180904.jar:/home/user/.m2/repository/log4j/log4j/1.2.17/log4j-1.2.17.jar:/home/user/.m2/repository/org/slf4j/slf4j-api/1.7.25/slf4j-api-1.7.25.jar:/home/user/.m2/repository/org/slf4j/jul-to-slf4j/1.7.25/jul-to-slf4j-1.7.25.jar:/home/user/.m2/repository/org/eclipse/jetty/jetty-util/9.3.25.v20180904/jetty-util-9.3.25.v20180904.jar:/home/user/.m2/repository/com/fasterxml/jackson/core/jackson-databind/2.9.9/jackson-databind-2.9.9.jar:/home/user/.m2/repository/org/apache/hadoop/hadoop-kms/3.2.0/hadoop-kms-3.2.0-tests.jar:/home/user/.m2/repository/org/apache/hadoop/hadoop-hdds-server-scm/0.5.0-SNAPSHOT/hadoop-hdds-server-scm-0.5.0-SNAPSHOT-tests.jar:/home/user/.m2/repository/org/apache/hadoop/hadoop-hdds-container-service/0.5.0-SNAPSHOT/hadoop-hdds-container-service-0.5.0-SNAPSHOT-tests.jar:/home/user/.m2/repository/org/yaml/snakeyaml/1.16/snakeyaml-1.16.jar:/home/user/.m2/repository/org/apache/hadoop/hadoop-common/3.2.0/hadoop-common-3.2.0-tests.jar:/home/user/.m2/repository/org/apache/hadoop/hadoop-annotations/3.2.0/hadoop-annotations-3.2.0.jar:/usr/lib/jvm/java-1.8-openjdk/jre/../lib/tools.jar:/home/user/.m2/repository/commons-cli/commons-cli/1.2/commons-cli-1.2.jar:/home/user/.m2/repository/org/apache/httpcomponents/httpclient/4.5.2/httpclient-4.5.2.jar:/home/user/.m2/repository/org/apache/httpcomponents/httpcore/4.4.4/httpcore-4.4.4.jar:/home/user/.m2/repository/commons-codec/commons-codec/1.11/commons-codec-1.11.jar:/home/user/.m2/repository/commons-net/commons-net/3.6/commons-net-3.6.jar:/home/user/.m2/repository/commons-collections/commons-collections/3.2.2/commons-collections-3.2.2.jar:/home/user/.m2/repository/org/eclipse/jetty/jetty-servlet/9.3.25.v20180904/jetty-servlet-9.3.25.v20180904.jar:/home/user/.m2/repository/org/eclipse/jetty/jetty-security/9.3.25.v20180904/jetty-security-9.3.25.v20180904.jar:/home/user/.m2/repository/javax/servlet/jsp/jsp-api/2.1/jsp-api-2.1.jar:/home/user/.m2/repository/com/sun/jersey/jersey-servlet/1.19/jersey-servlet-1.19.jar:/home/user/.m2/repository/com/sun/jersey/jersey-json/1.19/jersey-json-1.19.jar:/home/user/.m2/repository/org/codehaus/jettison/jettison/1.1/jettison-1.1.jar:/home/user/.m2/repository/org/codehaus/jackson/jackson-core-asl/1.9.13/jackson-core-asl-1.9.13.jar:/home/user/.m2/repository/org/codehaus/jackson/jackson-mapper-asl/1.9.13/jackson-mapper-asl-1.9.13.jar:/home/user/.m2/repository/org/codehaus/jackson/jackson-jaxrs/1.9.13/jackson-jaxrs-1.9.13.jar:/home/user/.m2/repository/org/codehaus/jackson/jackson-xc/1.9.13/jackson-xc-1.9.13.jar:/home/user/.m2/repository/commons-logging/commons-logging/1.1.3/commons-logging-1.1.3.jar:/home/user/.m2/repository/commons-beanutils/commons-beanutils/1.9.4/commons-beanutils-1.9.4.jar:/home/user/.m2/repository/org/apache/commons/commons-configuration2/2.1.1/commons-configuration2-2.1.1.jar:/home/user/.m2/repository/org/apache/commons/commons-lang3/3.7/commons-lang3-3.7.jar:/home/user/.m2/repository/org/apache/commons/commons-text/1.4/commons-text-1.4.jar:/home/user/.m2/repository/org/apache/avro/avro/1.7.7/avro-1.7.7.jar:/home/user/.m2/repository/com/thoughtworks/paranamer/paranamer/2.3/paranamer-2.3.jar:/home/user/.m2/repository/org/xerial/snappy/snappy-java/1.0.5/snappy-java-1.0.5.jar:/home/user/.m2/repository/com/google/re2j/re2j/1.1/re2j-1.1.jar:/home/user/.m2/repository/com/google/code/gson/gson/2.2.4/gson-2.2.4.jar:/home/user/.m2/repository/com/jcraft/jsch/0.1.54/jsch-0.1.54.jar:/home/user/.m2/repository/org/apache/curator/curator-client/2.12.0/curator-client-2.12.0.jar:/home/user/.m2/repository/org/apache/curator/curator-recipes/2.12.0/curator-recipes-2.12.0.jar:/home/user/.m2/repository/com/google/code/findbugs/jsr305/3.0.0/jsr305-3.0.0.jar:/home/user/.m2/repository/org/apache/htrace/htrace-core4/4.1.0-incubating/htrace-core4-4.1.0-incubating.jar:/home/user/.m2/repository/org/apache/zookeeper/zookeeper/3.4.13/zookeeper-3.4.13.jar:/home/user/.m2/repository/jline/jline/0.9.94/jline-0.9.94.jar:/home/user/.m2/repository/org/apache/yetus/audience-annotations/0.5.0/audience-annotations-0.5.0.jar:/home/user/.m2/repository/org/codehaus/woodstox/stax2-api/3.1.4/stax2-api-3.1.4.jar:/home/user/.m2/repository/com/fasterxml/woodstox/woodstox-core/5.0.3/woodstox-core-5.0.3.jar:/home/user/.m2/repository/dnsjava/dnsjava/2.1.7/dnsjava-2.1.7.jar:/home/user/.m2/repository/org/apache/hadoop/hadoop-hdfs/3.2.0/hadoop-hdfs-3.2.0-tests.jar:/home/user/.m2/repository/org/eclipse/jetty/jetty-util-ajax/9.3.25.v20180904/jetty-util-ajax-9.3.25.v20180904.jar:/home/user/.m2/repository/commons-daemon/commons-daemon/1.0.13/commons-daemon-1.0.13.jar:/home/user/.m2/repository/io/netty/netty/3.10.5.Final/netty-3.10.5.Final.jar:/home/user/.m2/repository/io/netty/netty-all/4.0.52.Final/netty-all-4.0.52.Final.jar:/home/user/.m2/repository/org/fusesource/leveldbjni/leveldbjni-all/1.8/leveldbjni-all-1.8.jar:"/>
    <property name="sun.cpu.endian" value="little"/>
    <property name="user.home" value="/home/user"/>
    <property name="user.language" value="en"/>
    <property name="java.specification.vendor" value="Oracle Corporation"/>
    <property name="java.home" value="/usr/lib/jvm/java-1.8-openjdk/jre"/>
    <property name="java.security.krb5.conf" value="/workdir/hadoop-ozone/integration-test/target/test-classes/krb5.conf"/>
    <property name="basedir" value="/workdir/hadoop-ozone/integration-test"/>
    <property name="file.separator" value="/"/>
    <property name="line.separator" value="&#10;"/>
    <property name="java.vm.specification.vendor" value="Oracle Corporation"/>
    <property name="java.specification.name" value="Java Platform API Specification"/>
    <property name="java.awt.graphicsenv" value="sun.awt.X11GraphicsEnvironment"/>
    <property name="surefire.real.class.path" value="/workdir/hadoop-ozone/integration-test/target/surefire/surefirebooter1011480055319114870.jar"/>
    <property name="hadoop.log.dir" value="/workdir/hadoop-ozone/integration-test/target/log"/>
    <property name="sun.boot.class.path" value="/usr/lib/jvm/java-1.8-openjdk/jre/lib/resources.jar:/usr/lib/jvm/java-1.8-openjdk/jre/lib/rt.jar:/usr/lib/jvm/java-1.8-openjdk/jre/lib/sunrsasign.jar:/usr/lib/jvm/java-1.8-openjdk/jre/lib/jsse.jar:/usr/lib/jvm/java-1.8-openjdk/jre/lib/jce.jar:/usr/lib/jvm/java-1.8-openjdk/jre/lib/charsets.jar:/usr/lib/jvm/java-1.8-openjdk/jre/lib/jfr.jar:/usr/lib/jvm/java-1.8-openjdk/jre/classes"/>
    <property name="sun.management.compiler" value="HotSpot 64-Bit Tiered Compilers"/>
    <property name="java.runtime.version" value="1.8.0_212-b04"/>
    <property name="java.net.preferIPv4Stack" value="true"/>
    <property name="user.name" value="jenkins1000"/>
    <property name="path.separator" value=":"/>
    <property name="java.security.egd" value="file:///dev/urandom"/>
    <property name="os.version" value="3.10.0-957.12.2.el7.x86_64"/>
    <property name="java.endorsed.dirs" value="/usr/lib/jvm/java-1.8-openjdk/jre/lib/endorsed"/>
    <property name="java.runtime.name" value="OpenJDK Runtime Environment"/>
    <property name="file.encoding" value="UTF-8"/>
    <property name="java.vm.name" value="OpenJDK 64-Bit Server VM"/>
    <property name="test.build.webapps" value=""/>
    <property name="localRepository" value="/home/user/.m2/repository"/>
    <property name="java.vendor.url.bug" value="https://icedtea.classpath.org/bugzilla"/>
    <property name="java.io.tmpdir" value="/tmp"/>
    <property name="require.test.libhadoop" value=""/>
    <property name="java.version" value="1.8.0_212"/>
    <property name="user.dir" value="/workdir/hadoop-ozone/integration-test"/>
    <property name="os.arch" value="amd64"/>
    <property name="java.vm.specification.name" value="Java Virtual Machine Specification"/>
    <property name="test.build.classes" value="/workdir/hadoop-ozone/integration-test/target/test-classes"/>
    <property name="java.awt.printerjob" value="sun.print.PSPrinterJob"/>
    <property name="sun.os.patch.level" value="unknown"/>
    <property name="hadoop.tmp.dir" value="/workdir/hadoop-ozone/integration-test/target/tmp"/>
    <property name="java.library.path" value="/usr/lib/jvm/java-1.8-openjdk/jre/lib/amd64/server:/usr/lib/jvm/java-1.8-openjdk/jre/lib/amd64:/usr/lib/jvm/java-1.8-openjdk/jre/../lib/amd64:/workdir/hadoop-ozone/integration-test/target/native/target/usr/local/lib:/workdir/hadoop-ozone/integration-test/../../hadoop-common-project/hadoop-common/target/native/target/usr/local/lib:/usr/java/packages/lib/amd64:/usr/lib64:/lib64:/lib:/usr/lib"/>
    <property name="java.vm.info" value="mixed mode"/>
    <property name="java.vendor" value="IcedTea"/>
    <property name="java.vm.version" value="25.212-b04"/>
    <property name="java.ext.dirs" value="/usr/lib/jvm/java-1.8-openjdk/jre/lib/ext:/usr/java/packages/lib/ext"/>
    <property name="sun.io.unicode.encoding" value="UnicodeLittle"/>
    <property name="java.class.version" value="52.0"/>
  </properties>
  <testcase name="test2DatanodesFailure" classname="org.apache.hadoop.ozone.client.rpc.TestBlockOutputStreamWithFailures" time="104.179"/>
  <testcase name="testDatanodeFailureWithPreAllocation" classname="org.apache.hadoop.ozone.client.rpc.TestBlockOutputStreamWithFailures" time="221.712"/>
  <testcase name="testDatanodeFailureWithSingleNodeRatis" classname="org.apache.hadoop.ozone.client.rpc.TestBlockOutputStreamWithFailures" time="222.875"/>
  <testcase name="testWatchForCommitWithSingleNodeRatis" classname="org.apache.hadoop.ozone.client.rpc.TestBlockOutputStreamWithFailures" time="35.561"/>
  <testcase name="testWatchForCommitDatanodeFailure" classname="org.apache.hadoop.ozone.client.rpc.TestBlockOutputStreamWithFailures" time="35.234">
    <failure message="expected:&lt;61&gt; but was:&lt;62&gt;" type="java.lang.AssertionError"><![CDATA[java.lang.AssertionError: expected:<61> but was:<62>
	at org.junit.Assert.fail(Assert.java:88)
	at org.junit.Assert.failNotEquals(Assert.java:743)
	at org.junit.Assert.assertEquals(Assert.java:118)
	at org.junit.Assert.assertEquals(Assert.java:555)
	at org.junit.Assert.assertEquals(Assert.java:542)
	at org.apache.hadoop.ozone.client.rpc.TestBlockOutputStreamWithFailures.testWatchForCommitDatanodeFailure(TestBlockOutputStreamWithFailures.java:336)
	at sun.reflect.NativeMethodAccessorImpl.invoke0(Native Method)
	at sun.reflect.NativeMethodAccessorImpl.invoke(NativeMethodAccessorImpl.java:62)
	at sun.reflect.DelegatingMethodAccessorImpl.invoke(DelegatingMethodAccessorImpl.java:43)
	at java.lang.reflect.Method.invoke(Method.java:498)
	at org.junit.runners.model.FrameworkMethod$1.runReflectiveCall(FrameworkMethod.java:47)
	at org.junit.internal.runners.model.ReflectiveCallable.run(ReflectiveCallable.java:12)
	at org.junit.runners.model.FrameworkMethod.invokeExplosively(FrameworkMethod.java:44)
	at org.junit.internal.runners.statements.InvokeMethod.evaluate(InvokeMethod.java:17)
	at org.junit.internal.runners.statements.RunBefores.evaluate(RunBefores.java:26)
	at org.junit.internal.runners.statements.RunAfters.evaluate(RunAfters.java:27)
	at org.junit.runners.ParentRunner.runLeaf(ParentRunner.java:271)
	at org.junit.runners.BlockJUnit4ClassRunner.runChild(BlockJUnit4ClassRunner.java:70)
	at org.junit.runners.BlockJUnit4ClassRunner.runChild(BlockJUnit4ClassRunner.java:50)
	at org.junit.runners.ParentRunner$3.run(ParentRunner.java:238)
	at org.junit.runners.ParentRunner$1.schedule(ParentRunner.java:63)
	at org.junit.runners.ParentRunner.runChildren(ParentRunner.java:236)
	at org.junit.runners.ParentRunner.access$000(ParentRunner.java:53)
	at org.junit.runners.ParentRunner$2.evaluate(ParentRunner.java:229)
	at org.junit.runners.ParentRunner.run(ParentRunner.java:309)
	at org.apache.maven.surefire.junit4.JUnit4Provider.execute(JUnit4Provider.java:365)
	at org.apache.maven.surefire.junit4.JUnit4Provider.executeWithRerun(JUnit4Provider.java:273)
	at org.apache.maven.surefire.junit4.JUnit4Provider.executeTestSet(JUnit4Provider.java:238)
	at org.apache.maven.surefire.junit4.JUnit4Provider.invoke(JUnit4Provider.java:159)
	at org.apache.maven.surefire.booter.ForkedBooter.invokeProviderInSameClassLoader(ForkedBooter.java:384)
	at org.apache.maven.surefire.booter.ForkedBooter.runSuitesInProcess(ForkedBooter.java:345)
	at org.apache.maven.surefire.booter.ForkedBooter.execute(ForkedBooter.java:126)
	at org.apache.maven.surefire.booter.ForkedBooter.main(ForkedBooter.java:418)
]]></failure>
    <system-out><![CDATA[2019-10-12 06:08:48,221 [main] WARN  server.ServerUtils (ServerUtils.java:getScmDbDir(145)) - ozone.scm.db.dirs is not configured. We recommend adding this setting. Falling back to ozone.metadata.dirs instead.
2019-10-12 06:08:48,236 [main] WARN  server.ServerUtils (ServerUtils.java:getScmDbDir(145)) - ozone.scm.db.dirs is not configured. We recommend adding this setting. Falling back to ozone.metadata.dirs instead.
2019-10-12 06:08:48,236 [main] WARN  server.ServerUtils (ServerUtils.java:getScmDbDir(145)) - ozone.scm.db.dirs is not configured. We recommend adding this setting. Falling back to ozone.metadata.dirs instead.
2019-10-12 06:08:48,237 [main] INFO  db.DBStoreBuilder (DBStoreBuilder.java:addTable(117)) - using custom profile for table: deletedBlocks
2019-10-12 06:08:48,237 [main] INFO  db.DBStoreBuilder (DBStoreBuilder.java:processTables(168)) - Using default column profile:DBProfile.DISK for Table:deletedBlocks
2019-10-12 06:08:48,238 [main] INFO  db.DBStoreBuilder (DBStoreBuilder.java:addTable(117)) - using custom profile for table: validCerts
2019-10-12 06:08:48,238 [main] INFO  db.DBStoreBuilder (DBStoreBuilder.java:processTables(168)) - Using default column profile:DBProfile.DISK for Table:validCerts
2019-10-12 06:08:48,238 [main] INFO  db.DBStoreBuilder (DBStoreBuilder.java:addTable(117)) - using custom profile for table: revokedCerts
2019-10-12 06:08:48,238 [main] INFO  db.DBStoreBuilder (DBStoreBuilder.java:processTables(168)) - Using default column profile:DBProfile.DISK for Table:revokedCerts
2019-10-12 06:08:48,238 [main] INFO  db.DBStoreBuilder (DBStoreBuilder.java:addTable(117)) - using custom profile for table: default
2019-10-12 06:08:48,238 [main] INFO  db.DBStoreBuilder (DBStoreBuilder.java:processTables(174)) - Using default column profile:DBProfile.DISK for Table:default
2019-10-12 06:08:48,239 [main] INFO  db.DBStoreBuilder (DBStoreBuilder.java:getDbProfile(205)) - Using default options. DBProfile.DISK
2019-10-12 06:08:48,414 [main] INFO  net.NodeSchemaLoader (NodeSchemaLoader.java:loadSchemaFromFile(125)) - Loading file from sun.misc.CompoundEnumeration@33d28f0a
2019-10-12 06:08:48,415 [main] INFO  net.NodeSchemaLoader (NodeSchemaLoader.java:loadSchema(171)) - Loading network topology layer schema file
2019-10-12 06:08:48,422 [main] INFO  node.SCMNodeManager (SCMNodeManager.java:<init>(116)) - Entering startup safe mode.
2019-10-12 06:08:48,423 [main] INFO  algorithms.ContainerPlacementPolicyFactory (ContainerPlacementPolicyFactory.java:getPolicy(57)) - Create container placement policy of type org.apache.hadoop.hdds.scm.container.placement.algorithms.SCMContainerPlacementRandom
2019-10-12 06:08:48,423 [main] WARN  server.ServerUtils (ServerUtils.java:getScmDbDir(145)) - ozone.scm.db.dirs is not configured. We recommend adding this setting. Falling back to ozone.metadata.dirs instead.
2019-10-12 06:08:48,505 [main] INFO  pipeline.SCMPipelineManager (SCMPipelineManager.java:initializePipelineState(132)) - No pipeline exists in current db
2019-10-12 06:08:48,505 [main] WARN  server.ServerUtils (ServerUtils.java:getScmDbDir(145)) - ozone.scm.db.dirs is not configured. We recommend adding this setting. Falling back to ozone.metadata.dirs instead.
2019-10-12 06:08:48,573 [main] WARN  events.EventQueue (EventQueue.java:fireEvent(183)) - No event handler registered for event TypedEvent{payloadType=SafeModeStatus, name='SafeModeStatus'}
2019-10-12 06:08:48,574 [main] INFO  ipc.CallQueueManager (CallQueueManager.java:<init>(84)) - Using callQueue: class java.util.concurrent.LinkedBlockingQueue, queueCapacity: 2000, scheduler: class org.apache.hadoop.ipc.DefaultRpcScheduler, ipcBackoff: false.
2019-10-12 06:08:48,575 [Socket Reader #1 for port 36149] INFO  ipc.Server (Server.java:run(1074)) - Starting Socket Reader #1 for port 36149
2019-10-12 06:08:48,579 [main] INFO  ipc.CallQueueManager (CallQueueManager.java:<init>(84)) - Using callQueue: class java.util.concurrent.LinkedBlockingQueue, queueCapacity: 2000, scheduler: class org.apache.hadoop.ipc.DefaultRpcScheduler, ipcBackoff: false.
2019-10-12 06:08:48,580 [Socket Reader #1 for port 34146] INFO  ipc.Server (Server.java:run(1074)) - Starting Socket Reader #1 for port 34146
2019-10-12 06:08:48,582 [main] INFO  ipc.CallQueueManager (CallQueueManager.java:<init>(84)) - Using callQueue: class java.util.concurrent.LinkedBlockingQueue, queueCapacity: 2000, scheduler: class org.apache.hadoop.ipc.DefaultRpcScheduler, ipcBackoff: false.
2019-10-12 06:08:48,583 [Socket Reader #1 for port 37130] INFO  ipc.Server (Server.java:run(1074)) - Starting Socket Reader #1 for port 37130
2019-10-12 06:08:48,587 [main] INFO  hdfs.DFSUtil (DFSUtil.java:httpServerTemplateForNNAndJN(1641)) - Starting Web-server for scm at: http://0.0.0.0:0
2019-10-12 06:08:48,589 [main] INFO  server.AuthenticationFilter (AuthenticationFilter.java:constructSecretProvider(240)) - Unable to initialize FileSignerSecretProvider, falling back to use random secrets.
2019-10-12 06:08:48,590 [main] WARN  http.HttpRequestLog (HttpRequestLog.java:getRequestLog(97)) - Jetty request log can only be enabled using Log4j
2019-10-12 06:08:48,593 [main] INFO  http.HttpServer2 (HttpServer2.java:addGlobalFilter(975)) - Added global filter 'safety' (class=org.apache.hadoop.http.HttpServer2$QuotingInputFilter)
2019-10-12 06:08:48,593 [main] INFO  http.HttpServer2 (HttpServer2.java:addFilter(948)) - Added filter static_user_filter (class=org.apache.hadoop.http.lib.StaticUserWebFilter$StaticUserFilter) to context scm
2019-10-12 06:08:48,594 [main] INFO  http.HttpServer2 (HttpServer2.java:addFilter(958)) - Added filter static_user_filter (class=org.apache.hadoop.http.lib.StaticUserWebFilter$StaticUserFilter) to context logs
2019-10-12 06:08:48,594 [main] INFO  http.HttpServer2 (HttpServer2.java:addFilter(958)) - Added filter static_user_filter (class=org.apache.hadoop.http.lib.StaticUserWebFilter$StaticUserFilter) to context static
2019-10-12 06:08:48,596 [main] INFO  server.StorageContainerManager (StorageContainerManager.java:start(772)) - StorageContainerLocationProtocol RPC server is listening at /0.0.0.0:37130
2019-10-12 06:08:48,599 [main] WARN  impl.MetricsConfig (MetricsConfig.java:loadFirst(134)) - Cannot locate configuration: tried hadoop-metrics2-storagecontainermanager.properties,hadoop-metrics2.properties
2019-10-12 06:08:48,600 [main] INFO  impl.MetricsSystemImpl (MetricsSystemImpl.java:startTimer(374)) - Scheduled Metric snapshot period at 10 second(s).
2019-10-12 06:08:48,600 [main] INFO  impl.MetricsSystemImpl (MetricsSystemImpl.java:start(191)) - StorageContainerManager metrics system started
2019-10-12 06:08:48,682 [main] WARN  impl.MetricsSystemImpl (MetricsSystemImpl.java:register(276)) - Sink prometheus already exists!
2019-10-12 06:08:48,808 [main] INFO  server.SCMClientProtocolServer (SCMClientProtocolServer.java:start(159)) - RPC server for Client  is listening at /0.0.0.0:37130
2019-10-12 06:08:48,809 [IPC Server Responder] INFO  ipc.Server (Server.java:run(1314)) - IPC Server Responder: starting
2019-10-12 06:08:48,809 [IPC Server listener on 37130] INFO  ipc.Server (Server.java:run(1153)) - IPC Server listener on 37130: starting
2019-10-12 06:08:48,814 [main] INFO  server.StorageContainerManager (StorageContainerManager.java:start(782)) - ScmBlockLocationProtocol RPC server is listening at /0.0.0.0:34146
2019-10-12 06:08:48,814 [main] INFO  server.SCMBlockProtocolServer (SCMBlockProtocolServer.java:start(146)) - RPC server for Block Protocol is listening at /0.0.0.0:34146
2019-10-12 06:08:48,814 [IPC Server listener on 34146] INFO  ipc.Server (Server.java:run(1153)) - IPC Server listener on 34146: starting
2019-10-12 06:08:48,815 [IPC Server Responder] INFO  ipc.Server (Server.java:run(1314)) - IPC Server Responder: starting
2019-10-12 06:08:48,818 [main] INFO  server.StorageContainerManager (StorageContainerManager.java:start(786)) - ScmDatanodeProtocl RPC server is listening at /0.0.0.0:36149
2019-10-12 06:08:48,819 [main] INFO  server.SCMDatanodeProtocolServer (SCMDatanodeProtocolServer.java:start(169)) - RPC server for DataNodes is listening at /0.0.0.0:36149
2019-10-12 06:08:48,819 [IPC Server Responder] INFO  ipc.Server (Server.java:run(1314)) - IPC Server Responder: starting
2019-10-12 06:08:48,819 [IPC Server listener on 36149] INFO  ipc.Server (Server.java:run(1153)) - IPC Server listener on 36149: starting
2019-10-12 06:08:48,823 [main] INFO  http.HttpServer2 (HttpServer2.java:bindListener(1191)) - Jetty bound to port 38835
2019-10-12 06:08:48,824 [main] INFO  server.Server (Server.java:doStart(351)) - jetty-9.3.25.v20180904, build timestamp: 2018-09-04T21:11:46Z, git hash: 3ce520221d0240229c862b122d2b06c12a625732
2019-10-12 06:08:48,826 [main] INFO  handler.ContextHandler (ContextHandler.java:doStart(781)) - Started o.e.j.s.ServletContextHandler@636985df{/logs,file:///workdir/hadoop-ozone/integration-test/target/log,AVAILABLE}
2019-10-12 06:08:48,827 [main] INFO  handler.ContextHandler (ContextHandler.java:doStart(781)) - Started o.e.j.s.ServletContextHandler@723e3c17{/static,file:///workdir/hadoop-ozone/integration-test/target/test-classes/webapps/static,AVAILABLE}
2019-10-12 06:08:48,832 [main] INFO  handler.ContextHandler (ContextHandler.java:doStart(781)) - Started o.e.j.w.WebAppContext@28b8f98a{/,file:///workdir/hadoop-ozone/integration-test/target/test-classes/webapps/scm/,AVAILABLE}{/scm}
2019-10-12 06:08:48,833 [main] INFO  server.AbstractConnector (AbstractConnector.java:doStart(278)) - Started ServerConnector@3b4ef59f{HTTP/1.1,[http/1.1]}{0.0.0.0:38835}
2019-10-12 06:08:48,833 [main] INFO  server.Server (Server.java:doStart(419)) - Started @585564ms
2019-10-12 06:08:48,834 [main] WARN  impl.MetricsSystemImpl (MetricsSystemImpl.java:register(276)) - Sink prometheus already exists!
2019-10-12 06:08:48,836 [main] INFO  server.BaseHttpServer (BaseHttpServer.java:updateConnectorAddress(215)) - HTTP server of SCM is listening at http://0.0.0.0:38835
2019-10-12 06:08:48,837 [main] WARN  server.ServerUtils (ServerUtils.java:getDBPath(222)) - ozone.om.db.dirs is not configured. We recommend adding this setting. Falling back to ozone.metadata.dirs instead.
2019-10-12 06:08:48,838 [org.apache.hadoop.util.JvmPauseMonitor$Monitor@33e4b9c4] INFO  util.JvmPauseMonitor (JvmPauseMonitor.java:run(188)) - Starting JVM pause monitor
2019-10-12 06:08:48,864 [main] INFO  ha.OMHANodeDetails (OMHANodeDetails.java:loadOMHAConfig(190)) - Configuration either no ozone.om.address set. Falling back to the default OM address /127.0.0.1:0
2019-10-12 06:08:48,864 [main] INFO  ha.OMHANodeDetails (OMHANodeDetails.java:getOMNodeDetails(220)) - OM Service ID is not set. Setting it to the default ID: omServiceIdDefault
2019-10-12 06:08:48,864 [main] WARN  server.ServerUtils (ServerUtils.java:getDBPath(222)) - ozone.om.db.dirs is not configured. We recommend adding this setting. Falling back to ozone.metadata.dirs instead.
2019-10-12 06:08:48,865 [main] WARN  server.ServerUtils (ServerUtils.java:getDBPath(222)) - ozone.om.db.dirs is not configured. We recommend adding this setting. Falling back to ozone.metadata.dirs instead.
2019-10-12 06:08:48,874 [main] WARN  server.ServerUtils (ServerUtils.java:getDBPath(222)) - ozone.om.db.dirs is not configured. We recommend adding this setting. Falling back to ozone.metadata.dirs instead.
2019-10-12 06:08:48,874 [main] INFO  db.DBStoreBuilder (DBStoreBuilder.java:addTable(117)) - using custom profile for table: userTable
2019-10-12 06:08:48,874 [main] INFO  db.DBStoreBuilder (DBStoreBuilder.java:processTables(168)) - Using default column profile:DBProfile.DISK for Table:userTable
2019-10-12 06:08:48,875 [main] INFO  db.DBStoreBuilder (DBStoreBuilder.java:addTable(117)) - using custom profile for table: volumeTable
2019-10-12 06:08:48,875 [main] INFO  db.DBStoreBuilder (DBStoreBuilder.java:processTables(168)) - Using default column profile:DBProfile.DISK for Table:volumeTable
2019-10-12 06:08:48,875 [main] INFO  db.DBStoreBuilder (DBStoreBuilder.java:addTable(117)) - using custom profile for table: bucketTable
2019-10-12 06:08:48,875 [main] INFO  db.DBStoreBuilder (DBStoreBuilder.java:processTables(168)) - Using default column profile:DBProfile.DISK for Table:bucketTable
2019-10-12 06:08:48,876 [main] INFO  db.DBStoreBuilder (DBStoreBuilder.java:addTable(117)) - using custom profile for table: keyTable
2019-10-12 06:08:48,876 [main] INFO  db.DBStoreBuilder (DBStoreBuilder.java:processTables(168)) - Using default column profile:DBProfile.DISK for Table:keyTable
2019-10-12 06:08:48,876 [main] INFO  db.DBStoreBuilder (DBStoreBuilder.java:addTable(117)) - using custom profile for table: deletedTable
2019-10-12 06:08:48,876 [main] INFO  db.DBStoreBuilder (DBStoreBuilder.java:processTables(168)) - Using default column profile:DBProfile.DISK for Table:deletedTable
2019-10-12 06:08:48,877 [main] INFO  db.DBStoreBuilder (DBStoreBuilder.java:addTable(117)) - using custom profile for table: openKeyTable
2019-10-12 06:08:48,877 [main] INFO  db.DBStoreBuilder (DBStoreBuilder.java:processTables(168)) - Using default column profile:DBProfile.DISK for Table:openKeyTable
2019-10-12 06:08:48,877 [main] INFO  db.DBStoreBuilder (DBStoreBuilder.java:addTable(117)) - using custom profile for table: s3Table
2019-10-12 06:08:48,877 [main] INFO  db.DBStoreBuilder (DBStoreBuilder.java:processTables(168)) - Using default column profile:DBProfile.DISK for Table:s3Table
2019-10-12 06:08:48,877 [main] INFO  db.DBStoreBuilder (DBStoreBuilder.java:addTable(117)) - using custom profile for table: multipartInfoTable
2019-10-12 06:08:48,878 [main] INFO  db.DBStoreBuilder (DBStoreBuilder.java:processTables(168)) - Using default column profile:DBProfile.DISK for Table:multipartInfoTable
2019-10-12 06:08:48,878 [main] INFO  db.DBStoreBuilder (DBStoreBuilder.java:addTable(117)) - using custom profile for table: dTokenTable
2019-10-12 06:08:48,878 [main] INFO  db.DBStoreBuilder (DBStoreBuilder.java:processTables(168)) - Using default column profile:DBProfile.DISK for Table:dTokenTable
2019-10-12 06:08:48,878 [main] INFO  db.DBStoreBuilder (DBStoreBuilder.java:addTable(117)) - using custom profile for table: s3SecretTable
2019-10-12 06:08:48,879 [main] INFO  db.DBStoreBuilder (DBStoreBuilder.java:processTables(168)) - Using default column profile:DBProfile.DISK for Table:s3SecretTable
2019-10-12 06:08:48,879 [main] INFO  db.DBStoreBuilder (DBStoreBuilder.java:addTable(117)) - using custom profile for table: prefixTable
2019-10-12 06:08:48,879 [main] INFO  db.DBStoreBuilder (DBStoreBuilder.java:processTables(168)) - Using default column profile:DBProfile.DISK for Table:prefixTable
2019-10-12 06:08:48,879 [main] INFO  db.DBStoreBuilder (DBStoreBuilder.java:addTable(117)) - using custom profile for table: default
2019-10-12 06:08:48,880 [main] INFO  db.DBStoreBuilder (DBStoreBuilder.java:processTables(174)) - Using default column profile:DBProfile.DISK for Table:default
2019-10-12 06:08:48,880 [main] INFO  db.DBStoreBuilder (DBStoreBuilder.java:getDbProfile(205)) - Using default options. DBProfile.DISK
2019-10-12 06:08:49,374 [main] INFO  ipc.CallQueueManager (CallQueueManager.java:<init>(84)) - Using callQueue: class java.util.concurrent.LinkedBlockingQueue, queueCapacity: 2000, scheduler: class org.apache.hadoop.ipc.DefaultRpcScheduler, ipcBackoff: false.
2019-10-12 06:08:49,375 [Socket Reader #1 for port 39777] INFO  ipc.Server (Server.java:run(1074)) - Starting Socket Reader #1 for port 39777
2019-10-12 06:08:49,396 [main] INFO  om.OzoneManager (OzoneManager.java:start(1071)) - OzoneManager RPC server is listening at localhost/127.0.0.1:39777
2019-10-12 06:08:49,396 [main] INFO  impl.MetricsSystemImpl (MetricsSystemImpl.java:init(158)) - OzoneManager metrics system started (again)
2019-10-12 06:08:49,398 [IPC Server Responder] INFO  ipc.Server (Server.java:run(1314)) - IPC Server Responder: starting
2019-10-12 06:08:49,400 [IPC Server listener on 39777] INFO  ipc.Server (Server.java:run(1153)) - IPC Server listener on 39777: starting
2019-10-12 06:08:49,406 [main] INFO  hdfs.DFSUtil (DFSUtil.java:httpServerTemplateForNNAndJN(1641)) - Starting Web-server for ozoneManager at: http://0.0.0.0:0
2019-10-12 06:08:49,408 [main] INFO  server.AuthenticationFilter (AuthenticationFilter.java:constructSecretProvider(240)) - Unable to initialize FileSignerSecretProvider, falling back to use random secrets.
2019-10-12 06:08:49,408 [main] WARN  http.HttpRequestLog (HttpRequestLog.java:getRequestLog(97)) - Jetty request log can only be enabled using Log4j
2019-10-12 06:08:49,411 [main] INFO  http.HttpServer2 (HttpServer2.java:addGlobalFilter(975)) - Added global filter 'safety' (class=org.apache.hadoop.http.HttpServer2$QuotingInputFilter)
2019-10-12 06:08:49,411 [main] INFO  http.HttpServer2 (HttpServer2.java:addFilter(948)) - Added filter static_user_filter (class=org.apache.hadoop.http.lib.StaticUserWebFilter$StaticUserFilter) to context ozoneManager
2019-10-12 06:08:49,412 [main] INFO  http.HttpServer2 (HttpServer2.java:addFilter(958)) - Added filter static_user_filter (class=org.apache.hadoop.http.lib.StaticUserWebFilter$StaticUserFilter) to context logs
2019-10-12 06:08:49,412 [main] INFO  http.HttpServer2 (HttpServer2.java:addFilter(958)) - Added filter static_user_filter (class=org.apache.hadoop.http.lib.StaticUserWebFilter$StaticUserFilter) to context static
2019-10-12 06:08:49,413 [main] INFO  http.HttpServer2 (HttpServer2.java:bindListener(1191)) - Jetty bound to port 41161
2019-10-12 06:08:49,413 [main] INFO  server.Server (Server.java:doStart(351)) - jetty-9.3.25.v20180904, build timestamp: 2018-09-04T21:11:46Z, git hash: 3ce520221d0240229c862b122d2b06c12a625732
2019-10-12 06:08:49,415 [main] INFO  handler.ContextHandler (ContextHandler.java:doStart(781)) - Started o.e.j.s.ServletContextHandler@4645679e{/logs,file:///workdir/hadoop-ozone/integration-test/target/log,AVAILABLE}
2019-10-12 06:08:49,415 [main] INFO  handler.ContextHandler (ContextHandler.java:doStart(781)) - Started o.e.j.s.ServletContextHandler@539c4830{/static,file:///workdir/hadoop-ozone/integration-test/target/test-classes/webapps/static,AVAILABLE}
2019-10-12 06:08:49,420 [main] INFO  handler.ContextHandler (ContextHandler.java:doStart(781)) - Started o.e.j.w.WebAppContext@2cccf134{/,file:///workdir/hadoop-ozone/integration-test/target/test-classes/webapps/ozoneManager/,AVAILABLE}{/ozoneManager}
2019-10-12 06:08:49,421 [main] INFO  server.AbstractConnector (AbstractConnector.java:doStart(278)) - Started ServerConnector@3c18942{HTTP/1.1,[http/1.1]}{0.0.0.0:41161}
2019-10-12 06:08:49,422 [main] INFO  server.Server (Server.java:doStart(419)) - Started @586153ms
2019-10-12 06:08:49,422 [main] WARN  impl.MetricsSystemImpl (MetricsSystemImpl.java:register(276)) - Sink prometheus already exists!
2019-10-12 06:08:49,423 [main] INFO  server.BaseHttpServer (BaseHttpServer.java:updateConnectorAddress(215)) - HTTP server of OZONEMANAGER is listening at http://0.0.0.0:41161
2019-10-12 06:08:49,442 [main] INFO  impl.MetricsSystemImpl (MetricsSystemImpl.java:init(158)) - HddsDatanode metrics system started (again)
2019-10-12 06:08:49,446 [main] INFO  ozone.HddsDatanodeService (HddsDatanodeService.java:start(184)) - HddsDatanodeService host:pr-hdds-1737-b78td-2979900912 ip:192.168.5.146
2019-10-12 06:08:49,454 [main] INFO  volume.HddsVolume (HddsVolume.java:<init>(176)) - Creating Volume: /workdir/hadoop-ozone/integration-test/target/test-dir/MiniOzoneClusterImpl-061316ad-a4b7-44e7-91bd-8dc93601c629/datanode-0/data/containers/hdds of  storage type : DISK and capacity : 1482555576320
2019-10-12 06:08:49,454 [main] INFO  volume.VolumeSet (VolumeSet.java:initializeVolumeSet(170)) - Added Volume : /workdir/hadoop-ozone/integration-test/target/test-dir/MiniOzoneClusterImpl-061316ad-a4b7-44e7-91bd-8dc93601c629/datanode-0/data/containers/hdds to VolumeSet
2019-10-12 06:08:49,455 [main] INFO  volume.ThrottledAsyncChecker (ThrottledAsyncChecker.java:schedule(141)) - Scheduling a check for org.apache.hadoop.ozone.container.common.volume.HddsVolume@55296b50
2019-10-12 06:08:49,455 [main] INFO  volume.HddsVolumeChecker (HddsVolumeChecker.java:checkAllVolumes(204)) - Scheduled health check for volume org.apache.hadoop.ozone.container.common.volume.HddsVolume@55296b50
2019-10-12 06:08:49,474 [main] INFO  impl.RaftServerProxy (ConfUtils.java:logGet(43)) - raft.rpc.type = GRPC (default)
2019-10-12 06:08:49,474 [main] INFO  grpc.GrpcFactory (GrpcFactory.java:checkPooledByteBufAllocatorUseCacheForAllThreads(45)) - PERFORMANCE WARNING: useCacheForAllThreads is true that may cause Netty to create a lot garbage objects and, as a result, trigger GC.
	It is recommended to disable useCacheForAllThreads by setting -Dorg.apache.ratis.thirdparty.io.netty.allocator.useCacheForAllThreads=false in command line.
2019-10-12 06:08:49,475 [main] INFO  grpc.GrpcConfigKeys$Server (ConfUtils.java:logGet(43)) - raft.grpc.server.port = 0 (default)
2019-10-12 06:08:49,475 [main] INFO  server.GrpcService (ConfUtils.java:logGet(43)) - raft.grpc.message.size.max = 33570816 (custom)
2019-10-12 06:08:49,475 [main] INFO  server.RaftServerConfigKeys (ConfUtils.java:logGet(43)) - raft.server.log.appender.buffer.byte-limit = 33554432 (custom)
2019-10-12 06:08:49,475 [main] INFO  server.GrpcService (ConfUtils.java:logGet(43)) - raft.grpc.flow.control.window = 1MB (=1048576) (default)
2019-10-12 06:08:49,476 [main] INFO  server.RaftServerConfigKeys (ConfUtils.java:logGet(43)) - raft.server.rpc.request.timeout = 3000ms (default)
2019-10-12 06:08:49,476 [main] INFO  server.RaftServerConfigKeys (ConfUtils.java:logGet(43)) - raft.server.storage.dir = [/workdir/hadoop-ozone/integration-test/target/test-dir/MiniOzoneClusterImpl-061316ad-a4b7-44e7-91bd-8dc93601c629/datanode-0/data/ratis] (custom)
2019-10-12 06:08:49,478 [main] INFO  hdfs.DFSUtil (DFSUtil.java:httpServerTemplateForNNAndJN(1641)) - Starting Web-server for hddsDatanode at: http://0.0.0.0:0
2019-10-12 06:08:49,479 [main] INFO  server.AuthenticationFilter (AuthenticationFilter.java:constructSecretProvider(240)) - Unable to initialize FileSignerSecretProvider, falling back to use random secrets.
2019-10-12 06:08:49,480 [main] WARN  http.HttpRequestLog (HttpRequestLog.java:getRequestLog(97)) - Jetty request log can only be enabled using Log4j
2019-10-12 06:08:49,481 [main] INFO  http.HttpServer2 (HttpServer2.java:addGlobalFilter(975)) - Added global filter 'safety' (class=org.apache.hadoop.http.HttpServer2$QuotingInputFilter)
2019-10-12 06:08:49,481 [main] INFO  http.HttpServer2 (HttpServer2.java:addFilter(948)) - Added filter static_user_filter (class=org.apache.hadoop.http.lib.StaticUserWebFilter$StaticUserFilter) to context hddsDatanode
2019-10-12 06:08:49,482 [main] INFO  http.HttpServer2 (HttpServer2.java:addFilter(958)) - Added filter static_user_filter (class=org.apache.hadoop.http.lib.StaticUserWebFilter$StaticUserFilter) to context logs
2019-10-12 06:08:49,482 [main] INFO  http.HttpServer2 (HttpServer2.java:addFilter(958)) - Added filter static_user_filter (class=org.apache.hadoop.http.lib.StaticUserWebFilter$StaticUserFilter) to context static
2019-10-12 06:08:49,482 [main] INFO  http.HttpServer2 (HttpServer2.java:bindListener(1191)) - Jetty bound to port 39867
2019-10-12 06:08:49,483 [main] INFO  server.Server (Server.java:doStart(351)) - jetty-9.3.25.v20180904, build timestamp: 2018-09-04T21:11:46Z, git hash: 3ce520221d0240229c862b122d2b06c12a625732
2019-10-12 06:08:49,484 [main] INFO  handler.ContextHandler (ContextHandler.java:doStart(781)) - Started o.e.j.s.ServletContextHandler@7f4a1cac{/logs,file:///workdir/hadoop-ozone/integration-test/target/log,AVAILABLE}
2019-10-12 06:08:49,484 [main] INFO  handler.ContextHandler (ContextHandler.java:doStart(781)) - Started o.e.j.s.ServletContextHandler@c568f91{/static,jar:file:/home/user/.m2/repository/org/apache/hadoop/hadoop-hdds-container-service/0.5.0-SNAPSHOT/hadoop-hdds-container-service-0.5.0-SNAPSHOT.jar!/webapps/static,AVAILABLE}
2019-10-12 06:08:49,513 [main] INFO  handler.ContextHandler (ContextHandler.java:doStart(781)) - Started o.e.j.w.WebAppContext@3e53c4ad{/,file:///tmp/jetty-0.0.0.0-39867-hddsDatanode-_-any-6731200422331288172.dir/webapp/,AVAILABLE}{/hddsDatanode}
2019-10-12 06:08:49,514 [main] INFO  server.AbstractConnector (AbstractConnector.java:doStart(278)) - Started ServerConnector@33eb0d4{HTTP/1.1,[http/1.1]}{0.0.0.0:39867}
2019-10-12 06:08:49,514 [main] INFO  server.Server (Server.java:doStart(419)) - Started @586245ms
2019-10-12 06:08:49,516 [main] WARN  impl.MetricsSystemImpl (MetricsSystemImpl.java:register(276)) - Sink prometheus already exists!
2019-10-12 06:08:49,516 [main] INFO  server.BaseHttpServer (BaseHttpServer.java:updateConnectorAddress(215)) - HTTP server of HDDSDATANODE is listening at http://0.0.0.0:39867
2019-10-12 06:08:49,517 [main] INFO  impl.MetricsSystemImpl (MetricsSystemImpl.java:init(158)) - HddsDatanode metrics system started (again)
2019-10-12 06:08:49,520 [org.apache.hadoop.util.JvmPauseMonitor$Monitor@64235570] INFO  util.JvmPauseMonitor (JvmPauseMonitor.java:run(188)) - Starting JVM pause monitor
2019-10-12 06:08:49,521 [main] INFO  ozone.HddsDatanodeService (HddsDatanodeService.java:start(184)) - HddsDatanodeService host:pr-hdds-1737-b78td-2979900912 ip:192.168.5.146
2019-10-12 06:08:49,523 [Datanode State Machine Thread - 0] INFO  datanode.InitDatanodeState (InitDatanodeState.java:persistContainerDatanodeDetails(140)) - DatanodeDetails is persisted to /workdir/hadoop-ozone/integration-test/target/test-dir/MiniOzoneClusterImpl-061316ad-a4b7-44e7-91bd-8dc93601c629/datanode-0/meta/datanode.id
2019-10-12 06:08:49,527 [main] INFO  volume.HddsVolume (HddsVolume.java:<init>(176)) - Creating Volume: /workdir/hadoop-ozone/integration-test/target/test-dir/MiniOzoneClusterImpl-061316ad-a4b7-44e7-91bd-8dc93601c629/datanode-1/data/containers/hdds of  storage type : DISK and capacity : 1482555576320
2019-10-12 06:08:49,527 [main] INFO  volume.VolumeSet (VolumeSet.java:initializeVolumeSet(170)) - Added Volume : /workdir/hadoop-ozone/integration-test/target/test-dir/MiniOzoneClusterImpl-061316ad-a4b7-44e7-91bd-8dc93601c629/datanode-1/data/containers/hdds to VolumeSet
2019-10-12 06:08:49,528 [main] INFO  volume.ThrottledAsyncChecker (ThrottledAsyncChecker.java:schedule(141)) - Scheduling a check for org.apache.hadoop.ozone.container.common.volume.HddsVolume@703e8050
2019-10-12 06:08:49,528 [main] INFO  volume.HddsVolumeChecker (HddsVolumeChecker.java:checkAllVolumes(204)) - Scheduled health check for volume org.apache.hadoop.ozone.container.common.volume.HddsVolume@703e8050
2019-10-12 06:08:49,549 [main] INFO  impl.RaftServerProxy (ConfUtils.java:logGet(43)) - raft.rpc.type = GRPC (default)
2019-10-12 06:08:49,549 [main] INFO  grpc.GrpcFactory (GrpcFactory.java:checkPooledByteBufAllocatorUseCacheForAllThreads(45)) - PERFORMANCE WARNING: useCacheForAllThreads is true that may cause Netty to create a lot garbage objects and, as a result, trigger GC.
	It is recommended to disable useCacheForAllThreads by setting -Dorg.apache.ratis.thirdparty.io.netty.allocator.useCacheForAllThreads=false in command line.
2019-10-12 06:08:49,549 [main] INFO  grpc.GrpcConfigKeys$Server (ConfUtils.java:logGet(43)) - raft.grpc.server.port = 0 (default)
2019-10-12 06:08:49,550 [main] INFO  server.GrpcService (ConfUtils.java:logGet(43)) - raft.grpc.message.size.max = 33570816 (custom)
2019-10-12 06:08:49,550 [main] INFO  server.RaftServerConfigKeys (ConfUtils.java:logGet(43)) - raft.server.log.appender.buffer.byte-limit = 33554432 (custom)
2019-10-12 06:08:49,550 [main] INFO  server.GrpcService (ConfUtils.java:logGet(43)) - raft.grpc.flow.control.window = 1MB (=1048576) (default)
2019-10-12 06:08:49,550 [main] INFO  server.RaftServerConfigKeys (ConfUtils.java:logGet(43)) - raft.server.rpc.request.timeout = 3000ms (default)
2019-10-12 06:08:49,551 [main] INFO  server.RaftServerConfigKeys (ConfUtils.java:logGet(43)) - raft.server.storage.dir = [/workdir/hadoop-ozone/integration-test/target/test-dir/MiniOzoneClusterImpl-061316ad-a4b7-44e7-91bd-8dc93601c629/datanode-1/data/ratis] (custom)
2019-10-12 06:08:49,553 [main] INFO  hdfs.DFSUtil (DFSUtil.java:httpServerTemplateForNNAndJN(1641)) - Starting Web-server for hddsDatanode at: http://0.0.0.0:0
2019-10-12 06:08:49,554 [main] INFO  server.AuthenticationFilter (AuthenticationFilter.java:constructSecretProvider(240)) - Unable to initialize FileSignerSecretProvider, falling back to use random secrets.
2019-10-12 06:08:49,555 [main] WARN  http.HttpRequestLog (HttpRequestLog.java:getRequestLog(97)) - Jetty request log can only be enabled using Log4j
2019-10-12 06:08:49,556 [main] INFO  http.HttpServer2 (HttpServer2.java:addGlobalFilter(975)) - Added global filter 'safety' (class=org.apache.hadoop.http.HttpServer2$QuotingInputFilter)
2019-10-12 06:08:49,557 [main] INFO  http.HttpServer2 (HttpServer2.java:addFilter(948)) - Added filter static_user_filter (class=org.apache.hadoop.http.lib.StaticUserWebFilter$StaticUserFilter) to context hddsDatanode
2019-10-12 06:08:49,557 [main] INFO  http.HttpServer2 (HttpServer2.java:addFilter(958)) - Added filter static_user_filter (class=org.apache.hadoop.http.lib.StaticUserWebFilter$StaticUserFilter) to context static
2019-10-12 06:08:49,557 [main] INFO  http.HttpServer2 (HttpServer2.java:addFilter(958)) - Added filter static_user_filter (class=org.apache.hadoop.http.lib.StaticUserWebFilter$StaticUserFilter) to context logs
2019-10-12 06:08:49,557 [main] INFO  http.HttpServer2 (HttpServer2.java:bindListener(1191)) - Jetty bound to port 44938
2019-10-12 06:08:49,558 [main] INFO  server.Server (Server.java:doStart(351)) - jetty-9.3.25.v20180904, build timestamp: 2018-09-04T21:11:46Z, git hash: 3ce520221d0240229c862b122d2b06c12a625732
2019-10-12 06:08:49,559 [main] INFO  handler.ContextHandler (ContextHandler.java:doStart(781)) - Started o.e.j.s.ServletContextHandler@17ec335a{/logs,file:///workdir/hadoop-ozone/integration-test/target/log,AVAILABLE}
2019-10-12 06:08:49,560 [main] INFO  handler.ContextHandler (ContextHandler.java:doStart(781)) - Started o.e.j.s.ServletContextHandler@565d7d2f{/static,jar:file:/home/user/.m2/repository/org/apache/hadoop/hadoop-hdds-container-service/0.5.0-SNAPSHOT/hadoop-hdds-container-service-0.5.0-SNAPSHOT.jar!/webapps/static,AVAILABLE}
2019-10-12 06:08:49,588 [main] INFO  handler.ContextHandler (ContextHandler.java:doStart(781)) - Started o.e.j.w.WebAppContext@624b3544{/,file:///tmp/jetty-0.0.0.0-44938-hddsDatanode-_-any-5019564335379490911.dir/webapp/,AVAILABLE}{/hddsDatanode}
2019-10-12 06:08:49,589 [main] INFO  server.AbstractConnector (AbstractConnector.java:doStart(278)) - Started ServerConnector@454bcbbf{HTTP/1.1,[http/1.1]}{0.0.0.0:44938}
2019-10-12 06:08:49,591 [main] INFO  server.Server (Server.java:doStart(419)) - Started @586322ms
2019-10-12 06:08:49,591 [main] WARN  impl.MetricsSystemImpl (MetricsSystemImpl.java:register(276)) - Sink prometheus already exists!
2019-10-12 06:08:49,592 [main] INFO  server.BaseHttpServer (BaseHttpServer.java:updateConnectorAddress(215)) - HTTP server of HDDSDATANODE is listening at http://0.0.0.0:44938
2019-10-12 06:08:49,592 [main] INFO  impl.MetricsSystemImpl (MetricsSystemImpl.java:init(158)) - HddsDatanode metrics system started (again)
2019-10-12 06:08:49,596 [org.apache.hadoop.util.JvmPauseMonitor$Monitor@32ee3f3b] INFO  util.JvmPauseMonitor (JvmPauseMonitor.java:run(188)) - Starting JVM pause monitor
2019-10-12 06:08:49,596 [main] INFO  ozone.HddsDatanodeService (HddsDatanodeService.java:start(184)) - HddsDatanodeService host:pr-hdds-1737-b78td-2979900912 ip:192.168.5.146
2019-10-12 06:08:49,597 [Datanode State Machine Thread - 0] INFO  datanode.InitDatanodeState (InitDatanodeState.java:persistContainerDatanodeDetails(140)) - DatanodeDetails is persisted to /workdir/hadoop-ozone/integration-test/target/test-dir/MiniOzoneClusterImpl-061316ad-a4b7-44e7-91bd-8dc93601c629/datanode-1/meta/datanode.id
2019-10-12 06:08:49,603 [main] INFO  volume.HddsVolume (HddsVolume.java:<init>(176)) - Creating Volume: /workdir/hadoop-ozone/integration-test/target/test-dir/MiniOzoneClusterImpl-061316ad-a4b7-44e7-91bd-8dc93601c629/datanode-2/data/containers/hdds of  storage type : DISK and capacity : 1482555576320
2019-10-12 06:08:49,603 [main] INFO  volume.VolumeSet (VolumeSet.java:initializeVolumeSet(170)) - Added Volume : /workdir/hadoop-ozone/integration-test/target/test-dir/MiniOzoneClusterImpl-061316ad-a4b7-44e7-91bd-8dc93601c629/datanode-2/data/containers/hdds to VolumeSet
2019-10-12 06:08:49,603 [main] INFO  volume.ThrottledAsyncChecker (ThrottledAsyncChecker.java:schedule(141)) - Scheduling a check for org.apache.hadoop.ozone.container.common.volume.HddsVolume@2017f6e6
2019-10-12 06:08:49,604 [main] INFO  volume.HddsVolumeChecker (HddsVolumeChecker.java:checkAllVolumes(204)) - Scheduled health check for volume org.apache.hadoop.ozone.container.common.volume.HddsVolume@2017f6e6
2019-10-12 06:08:49,617 [main] INFO  impl.RaftServerProxy (ConfUtils.java:logGet(43)) - raft.rpc.type = GRPC (default)
2019-10-12 06:08:49,617 [main] INFO  grpc.GrpcFactory (GrpcFactory.java:checkPooledByteBufAllocatorUseCacheForAllThreads(45)) - PERFORMANCE WARNING: useCacheForAllThreads is true that may cause Netty to create a lot garbage objects and, as a result, trigger GC.
	It is recommended to disable useCacheForAllThreads by setting -Dorg.apache.ratis.thirdparty.io.netty.allocator.useCacheForAllThreads=false in command line.
2019-10-12 06:08:49,617 [main] INFO  grpc.GrpcConfigKeys$Server (ConfUtils.java:logGet(43)) - raft.grpc.server.port = 0 (default)
2019-10-12 06:08:49,617 [main] INFO  server.GrpcService (ConfUtils.java:logGet(43)) - raft.grpc.message.size.max = 33570816 (custom)
2019-10-12 06:08:49,617 [main] INFO  server.RaftServerConfigKeys (ConfUtils.java:logGet(43)) - raft.server.log.appender.buffer.byte-limit = 33554432 (custom)
2019-10-12 06:08:49,618 [main] INFO  server.GrpcService (ConfUtils.java:logGet(43)) - raft.grpc.flow.control.window = 1MB (=1048576) (default)
2019-10-12 06:08:49,618 [main] INFO  server.RaftServerConfigKeys (ConfUtils.java:logGet(43)) - raft.server.rpc.request.timeout = 3000ms (default)
2019-10-12 06:08:49,618 [main] INFO  server.RaftServerConfigKeys (ConfUtils.java:logGet(43)) - raft.server.storage.dir = [/workdir/hadoop-ozone/integration-test/target/test-dir/MiniOzoneClusterImpl-061316ad-a4b7-44e7-91bd-8dc93601c629/datanode-2/data/ratis] (custom)
2019-10-12 06:08:49,619 [main] INFO  hdfs.DFSUtil (DFSUtil.java:httpServerTemplateForNNAndJN(1641)) - Starting Web-server for hddsDatanode at: http://0.0.0.0:0
2019-10-12 06:08:49,620 [main] INFO  server.AuthenticationFilter (AuthenticationFilter.java:constructSecretProvider(240)) - Unable to initialize FileSignerSecretProvider, falling back to use random secrets.
2019-10-12 06:08:49,621 [main] WARN  http.HttpRequestLog (HttpRequestLog.java:getRequestLog(97)) - Jetty request log can only be enabled using Log4j
2019-10-12 06:08:49,622 [main] INFO  http.HttpServer2 (HttpServer2.java:addGlobalFilter(975)) - Added global filter 'safety' (class=org.apache.hadoop.http.HttpServer2$QuotingInputFilter)
2019-10-12 06:08:49,622 [main] INFO  http.HttpServer2 (HttpServer2.java:addFilter(948)) - Added filter static_user_filter (class=org.apache.hadoop.http.lib.StaticUserWebFilter$StaticUserFilter) to context hddsDatanode
2019-10-12 06:08:49,623 [main] INFO  http.HttpServer2 (HttpServer2.java:addFilter(958)) - Added filter static_user_filter (class=org.apache.hadoop.http.lib.StaticUserWebFilter$StaticUserFilter) to context logs
2019-10-12 06:08:49,623 [main] INFO  http.HttpServer2 (HttpServer2.java:addFilter(958)) - Added filter static_user_filter (class=org.apache.hadoop.http.lib.StaticUserWebFilter$StaticUserFilter) to context static
2019-10-12 06:08:49,623 [main] INFO  http.HttpServer2 (HttpServer2.java:bindListener(1191)) - Jetty bound to port 46317
2019-10-12 06:08:49,623 [main] INFO  server.Server (Server.java:doStart(351)) - jetty-9.3.25.v20180904, build timestamp: 2018-09-04T21:11:46Z, git hash: 3ce520221d0240229c862b122d2b06c12a625732
2019-10-12 06:08:49,625 [main] INFO  handler.ContextHandler (ContextHandler.java:doStart(781)) - Started o.e.j.s.ServletContextHandler@226d5af0{/logs,file:///workdir/hadoop-ozone/integration-test/target/log,AVAILABLE}
2019-10-12 06:08:49,625 [main] INFO  handler.ContextHandler (ContextHandler.java:doStart(781)) - Started o.e.j.s.ServletContextHandler@36d582cb{/static,jar:file:/home/user/.m2/repository/org/apache/hadoop/hadoop-hdds-container-service/0.5.0-SNAPSHOT/hadoop-hdds-container-service-0.5.0-SNAPSHOT.jar!/webapps/static,AVAILABLE}
2019-10-12 06:08:49,654 [main] INFO  handler.ContextHandler (ContextHandler.java:doStart(781)) - Started o.e.j.w.WebAppContext@19a5b637{/,file:///tmp/jetty-0.0.0.0-46317-hddsDatanode-_-any-8938262399097267191.dir/webapp/,AVAILABLE}{/hddsDatanode}
2019-10-12 06:08:49,654 [main] INFO  server.AbstractConnector (AbstractConnector.java:doStart(278)) - Started ServerConnector@4f3c7808{HTTP/1.1,[http/1.1]}{0.0.0.0:46317}
2019-10-12 06:08:49,656 [main] INFO  server.Server (Server.java:doStart(419)) - Started @586387ms
2019-10-12 06:08:49,656 [main] WARN  impl.MetricsSystemImpl (MetricsSystemImpl.java:register(276)) - Sink prometheus already exists!
2019-10-12 06:08:49,656 [main] INFO  server.BaseHttpServer (BaseHttpServer.java:updateConnectorAddress(215)) - HTTP server of HDDSDATANODE is listening at http://0.0.0.0:46317
2019-10-12 06:08:49,657 [main] INFO  impl.MetricsSystemImpl (MetricsSystemImpl.java:init(158)) - HddsDatanode metrics system started (again)
2019-10-12 06:08:49,661 [org.apache.hadoop.util.JvmPauseMonitor$Monitor@3eb42a2d] INFO  util.JvmPauseMonitor (JvmPauseMonitor.java:run(188)) - Starting JVM pause monitor
2019-10-12 06:08:49,661 [main] INFO  ozone.HddsDatanodeService (HddsDatanodeService.java:start(184)) - HddsDatanodeService host:pr-hdds-1737-b78td-2979900912 ip:192.168.5.146
2019-10-12 06:08:49,662 [Datanode State Machine Thread - 0] INFO  datanode.InitDatanodeState (InitDatanodeState.java:persistContainerDatanodeDetails(140)) - DatanodeDetails is persisted to /workdir/hadoop-ozone/integration-test/target/test-dir/MiniOzoneClusterImpl-061316ad-a4b7-44e7-91bd-8dc93601c629/datanode-2/meta/datanode.id
2019-10-12 06:08:49,669 [main] INFO  volume.HddsVolume (HddsVolume.java:<init>(176)) - Creating Volume: /workdir/hadoop-ozone/integration-test/target/test-dir/MiniOzoneClusterImpl-061316ad-a4b7-44e7-91bd-8dc93601c629/datanode-3/data/containers/hdds of  storage type : DISK and capacity : 1482555576320
2019-10-12 06:08:49,669 [main] INFO  volume.VolumeSet (VolumeSet.java:initializeVolumeSet(170)) - Added Volume : /workdir/hadoop-ozone/integration-test/target/test-dir/MiniOzoneClusterImpl-061316ad-a4b7-44e7-91bd-8dc93601c629/datanode-3/data/containers/hdds to VolumeSet
2019-10-12 06:08:49,669 [main] INFO  volume.ThrottledAsyncChecker (ThrottledAsyncChecker.java:schedule(141)) - Scheduling a check for org.apache.hadoop.ozone.container.common.volume.HddsVolume@56fda064
2019-10-12 06:08:49,669 [main] INFO  volume.HddsVolumeChecker (HddsVolumeChecker.java:checkAllVolumes(204)) - Scheduled health check for volume org.apache.hadoop.ozone.container.common.volume.HddsVolume@56fda064
2019-10-12 06:08:49,683 [main] INFO  impl.RaftServerProxy (ConfUtils.java:logGet(43)) - raft.rpc.type = GRPC (default)
2019-10-12 06:08:49,683 [main] INFO  grpc.GrpcFactory (GrpcFactory.java:checkPooledByteBufAllocatorUseCacheForAllThreads(45)) - PERFORMANCE WARNING: useCacheForAllThreads is true that may cause Netty to create a lot garbage objects and, as a result, trigger GC.
	It is recommended to disable useCacheForAllThreads by setting -Dorg.apache.ratis.thirdparty.io.netty.allocator.useCacheForAllThreads=false in command line.
2019-10-12 06:08:49,684 [main] INFO  grpc.GrpcConfigKeys$Server (ConfUtils.java:logGet(43)) - raft.grpc.server.port = 0 (default)
2019-10-12 06:08:49,684 [main] INFO  server.GrpcService (ConfUtils.java:logGet(43)) - raft.grpc.message.size.max = 33570816 (custom)
2019-10-12 06:08:49,684 [main] INFO  server.RaftServerConfigKeys (ConfUtils.java:logGet(43)) - raft.server.log.appender.buffer.byte-limit = 33554432 (custom)
2019-10-12 06:08:49,684 [main] INFO  server.GrpcService (ConfUtils.java:logGet(43)) - raft.grpc.flow.control.window = 1MB (=1048576) (default)
2019-10-12 06:08:49,684 [main] INFO  server.RaftServerConfigKeys (ConfUtils.java:logGet(43)) - raft.server.rpc.request.timeout = 3000ms (default)
2019-10-12 06:08:49,685 [main] INFO  server.RaftServerConfigKeys (ConfUtils.java:logGet(43)) - raft.server.storage.dir = [/workdir/hadoop-ozone/integration-test/target/test-dir/MiniOzoneClusterImpl-061316ad-a4b7-44e7-91bd-8dc93601c629/datanode-3/data/ratis] (custom)
2019-10-12 06:08:49,686 [main] INFO  hdfs.DFSUtil (DFSUtil.java:httpServerTemplateForNNAndJN(1641)) - Starting Web-server for hddsDatanode at: http://0.0.0.0:0
2019-10-12 06:08:49,687 [main] INFO  server.AuthenticationFilter (AuthenticationFilter.java:constructSecretProvider(240)) - Unable to initialize FileSignerSecretProvider, falling back to use random secrets.
2019-10-12 06:08:49,687 [main] WARN  http.HttpRequestLog (HttpRequestLog.java:getRequestLog(97)) - Jetty request log can only be enabled using Log4j
2019-10-12 06:08:49,688 [main] INFO  http.HttpServer2 (HttpServer2.java:addGlobalFilter(975)) - Added global filter 'safety' (class=org.apache.hadoop.http.HttpServer2$QuotingInputFilter)
2019-10-12 06:08:49,688 [main] INFO  http.HttpServer2 (HttpServer2.java:addFilter(948)) - Added filter static_user_filter (class=org.apache.hadoop.http.lib.StaticUserWebFilter$StaticUserFilter) to context hddsDatanode
2019-10-12 06:08:49,688 [main] INFO  http.HttpServer2 (HttpServer2.java:addFilter(958)) - Added filter static_user_filter (class=org.apache.hadoop.http.lib.StaticUserWebFilter$StaticUserFilter) to context logs
2019-10-12 06:08:49,689 [main] INFO  http.HttpServer2 (HttpServer2.java:addFilter(958)) - Added filter static_user_filter (class=org.apache.hadoop.http.lib.StaticUserWebFilter$StaticUserFilter) to context static
2019-10-12 06:08:49,689 [main] INFO  http.HttpServer2 (HttpServer2.java:bindListener(1191)) - Jetty bound to port 43249
2019-10-12 06:08:49,689 [main] INFO  server.Server (Server.java:doStart(351)) - jetty-9.3.25.v20180904, build timestamp: 2018-09-04T21:11:46Z, git hash: 3ce520221d0240229c862b122d2b06c12a625732
2019-10-12 06:08:49,691 [main] INFO  handler.ContextHandler (ContextHandler.java:doStart(781)) - Started o.e.j.s.ServletContextHandler@289f15e9{/logs,file:///workdir/hadoop-ozone/integration-test/target/log,AVAILABLE}
2019-10-12 06:08:49,691 [main] INFO  handler.ContextHandler (ContextHandler.java:doStart(781)) - Started o.e.j.s.ServletContextHandler@6af87130{/static,jar:file:/home/user/.m2/repository/org/apache/hadoop/hadoop-hdds-container-service/0.5.0-SNAPSHOT/hadoop-hdds-container-service-0.5.0-SNAPSHOT.jar!/webapps/static,AVAILABLE}
2019-10-12 06:08:49,719 [main] INFO  handler.ContextHandler (ContextHandler.java:doStart(781)) - Started o.e.j.w.WebAppContext@2c7c0e36{/,file:///tmp/jetty-0.0.0.0-43249-hddsDatanode-_-any-6177952590915990895.dir/webapp/,AVAILABLE}{/hddsDatanode}
2019-10-12 06:08:49,719 [main] INFO  server.AbstractConnector (AbstractConnector.java:doStart(278)) - Started ServerConnector@307cf964{HTTP/1.1,[http/1.1]}{0.0.0.0:43249}
2019-10-12 06:08:49,720 [main] INFO  server.Server (Server.java:doStart(419)) - Started @586451ms
2019-10-12 06:08:49,721 [main] WARN  impl.MetricsSystemImpl (MetricsSystemImpl.java:register(276)) - Sink prometheus already exists!
2019-10-12 06:08:49,721 [main] INFO  server.BaseHttpServer (BaseHttpServer.java:updateConnectorAddress(215)) - HTTP server of HDDSDATANODE is listening at http://0.0.0.0:43249
2019-10-12 06:08:49,721 [main] INFO  impl.MetricsSystemImpl (MetricsSystemImpl.java:init(158)) - HddsDatanode metrics system started (again)
2019-10-12 06:08:49,726 [org.apache.hadoop.util.JvmPauseMonitor$Monitor@7be0767d] INFO  util.JvmPauseMonitor (JvmPauseMonitor.java:run(188)) - Starting JVM pause monitor
2019-10-12 06:08:49,726 [main] INFO  ozone.HddsDatanodeService (HddsDatanodeService.java:start(184)) - HddsDatanodeService host:pr-hdds-1737-b78td-2979900912 ip:192.168.5.146
2019-10-12 06:08:49,727 [Datanode State Machine Thread - 0] INFO  datanode.InitDatanodeState (InitDatanodeState.java:persistContainerDatanodeDetails(140)) - DatanodeDetails is persisted to /workdir/hadoop-ozone/integration-test/target/test-dir/MiniOzoneClusterImpl-061316ad-a4b7-44e7-91bd-8dc93601c629/datanode-3/meta/datanode.id
2019-10-12 06:08:49,733 [main] INFO  volume.HddsVolume (HddsVolume.java:<init>(176)) - Creating Volume: /workdir/hadoop-ozone/integration-test/target/test-dir/MiniOzoneClusterImpl-061316ad-a4b7-44e7-91bd-8dc93601c629/datanode-4/data/containers/hdds of  storage type : DISK and capacity : 1482555576320
2019-10-12 06:08:49,733 [main] INFO  volume.VolumeSet (VolumeSet.java:initializeVolumeSet(170)) - Added Volume : /workdir/hadoop-ozone/integration-test/target/test-dir/MiniOzoneClusterImpl-061316ad-a4b7-44e7-91bd-8dc93601c629/datanode-4/data/containers/hdds to VolumeSet
2019-10-12 06:08:49,733 [main] INFO  volume.ThrottledAsyncChecker (ThrottledAsyncChecker.java:schedule(141)) - Scheduling a check for org.apache.hadoop.ozone.container.common.volume.HddsVolume@2e0ad709
2019-10-12 06:08:49,734 [main] INFO  volume.HddsVolumeChecker (HddsVolumeChecker.java:checkAllVolumes(204)) - Scheduled health check for volume org.apache.hadoop.ozone.container.common.volume.HddsVolume@2e0ad709
2019-10-12 06:08:49,746 [main] INFO  impl.RaftServerProxy (ConfUtils.java:logGet(43)) - raft.rpc.type = GRPC (default)
2019-10-12 06:08:49,746 [main] INFO  grpc.GrpcFactory (GrpcFactory.java:checkPooledByteBufAllocatorUseCacheForAllThreads(45)) - PERFORMANCE WARNING: useCacheForAllThreads is true that may cause Netty to create a lot garbage objects and, as a result, trigger GC.
	It is recommended to disable useCacheForAllThreads by setting -Dorg.apache.ratis.thirdparty.io.netty.allocator.useCacheForAllThreads=false in command line.
2019-10-12 06:08:49,747 [main] INFO  grpc.GrpcConfigKeys$Server (ConfUtils.java:logGet(43)) - raft.grpc.server.port = 0 (default)
2019-10-12 06:08:49,747 [main] INFO  server.GrpcService (ConfUtils.java:logGet(43)) - raft.grpc.message.size.max = 33570816 (custom)
2019-10-12 06:08:49,747 [main] INFO  server.RaftServerConfigKeys (ConfUtils.java:logGet(43)) - raft.server.log.appender.buffer.byte-limit = 33554432 (custom)
2019-10-12 06:08:49,747 [main] INFO  server.GrpcService (ConfUtils.java:logGet(43)) - raft.grpc.flow.control.window = 1MB (=1048576) (default)
2019-10-12 06:08:49,747 [main] INFO  server.RaftServerConfigKeys (ConfUtils.java:logGet(43)) - raft.server.rpc.request.timeout = 3000ms (default)
2019-10-12 06:08:49,748 [main] INFO  server.RaftServerConfigKeys (ConfUtils.java:logGet(43)) - raft.server.storage.dir = [/workdir/hadoop-ozone/integration-test/target/test-dir/MiniOzoneClusterImpl-061316ad-a4b7-44e7-91bd-8dc93601c629/datanode-4/data/ratis] (custom)
2019-10-12 06:08:49,749 [main] INFO  hdfs.DFSUtil (DFSUtil.java:httpServerTemplateForNNAndJN(1641)) - Starting Web-server for hddsDatanode at: http://0.0.0.0:0
2019-10-12 06:08:49,750 [main] INFO  server.AuthenticationFilter (AuthenticationFilter.java:constructSecretProvider(240)) - Unable to initialize FileSignerSecretProvider, falling back to use random secrets.
2019-10-12 06:08:49,750 [main] WARN  http.HttpRequestLog (HttpRequestLog.java:getRequestLog(97)) - Jetty request log can only be enabled using Log4j
2019-10-12 06:08:49,751 [main] INFO  http.HttpServer2 (HttpServer2.java:addGlobalFilter(975)) - Added global filter 'safety' (class=org.apache.hadoop.http.HttpServer2$QuotingInputFilter)
2019-10-12 06:08:49,751 [main] INFO  http.HttpServer2 (HttpServer2.java:addFilter(948)) - Added filter static_user_filter (class=org.apache.hadoop.http.lib.StaticUserWebFilter$StaticUserFilter) to context hddsDatanode
2019-10-12 06:08:49,751 [main] INFO  http.HttpServer2 (HttpServer2.java:addFilter(958)) - Added filter static_user_filter (class=org.apache.hadoop.http.lib.StaticUserWebFilter$StaticUserFilter) to context logs
2019-10-12 06:08:49,752 [main] INFO  http.HttpServer2 (HttpServer2.java:addFilter(958)) - Added filter static_user_filter (class=org.apache.hadoop.http.lib.StaticUserWebFilter$StaticUserFilter) to context static
2019-10-12 06:08:49,752 [main] INFO  http.HttpServer2 (HttpServer2.java:bindListener(1191)) - Jetty bound to port 45507
2019-10-12 06:08:49,752 [main] INFO  server.Server (Server.java:doStart(351)) - jetty-9.3.25.v20180904, build timestamp: 2018-09-04T21:11:46Z, git hash: 3ce520221d0240229c862b122d2b06c12a625732
2019-10-12 06:08:49,754 [main] INFO  handler.ContextHandler (ContextHandler.java:doStart(781)) - Started o.e.j.s.ServletContextHandler@7761e342{/logs,file:///workdir/hadoop-ozone/integration-test/target/log,AVAILABLE}
2019-10-12 06:08:49,754 [main] INFO  handler.ContextHandler (ContextHandler.java:doStart(781)) - Started o.e.j.s.ServletContextHandler@4eb9ae4d{/static,jar:file:/home/user/.m2/repository/org/apache/hadoop/hadoop-hdds-container-service/0.5.0-SNAPSHOT/hadoop-hdds-container-service-0.5.0-SNAPSHOT.jar!/webapps/static,AVAILABLE}
2019-10-12 06:08:49,781 [main] INFO  handler.ContextHandler (ContextHandler.java:doStart(781)) - Started o.e.j.w.WebAppContext@2abc55c4{/,file:///tmp/jetty-0.0.0.0-45507-hddsDatanode-_-any-519032445369646223.dir/webapp/,AVAILABLE}{/hddsDatanode}
2019-10-12 06:08:49,781 [main] INFO  server.AbstractConnector (AbstractConnector.java:doStart(278)) - Started ServerConnector@4e958f08{HTTP/1.1,[http/1.1]}{0.0.0.0:45507}
2019-10-12 06:08:49,782 [main] INFO  server.Server (Server.java:doStart(419)) - Started @586513ms
2019-10-12 06:08:49,783 [main] WARN  impl.MetricsSystemImpl (MetricsSystemImpl.java:register(276)) - Sink prometheus already exists!
2019-10-12 06:08:49,784 [main] INFO  server.BaseHttpServer (BaseHttpServer.java:updateConnectorAddress(215)) - HTTP server of HDDSDATANODE is listening at http://0.0.0.0:45507
2019-10-12 06:08:49,784 [main] INFO  impl.MetricsSystemImpl (MetricsSystemImpl.java:init(158)) - HddsDatanode metrics system started (again)
2019-10-12 06:08:49,789 [org.apache.hadoop.util.JvmPauseMonitor$Monitor@6e215c75] INFO  util.JvmPauseMonitor (JvmPauseMonitor.java:run(188)) - Starting JVM pause monitor
2019-10-12 06:08:49,789 [main] INFO  ozone.HddsDatanodeService (HddsDatanodeService.java:start(184)) - HddsDatanodeService host:pr-hdds-1737-b78td-2979900912 ip:192.168.5.146
2019-10-12 06:08:49,790 [Datanode State Machine Thread - 0] INFO  datanode.InitDatanodeState (InitDatanodeState.java:persistContainerDatanodeDetails(140)) - DatanodeDetails is persisted to /workdir/hadoop-ozone/integration-test/target/test-dir/MiniOzoneClusterImpl-061316ad-a4b7-44e7-91bd-8dc93601c629/datanode-4/meta/datanode.id
2019-10-12 06:08:49,795 [main] INFO  volume.HddsVolume (HddsVolume.java:<init>(176)) - Creating Volume: /workdir/hadoop-ozone/integration-test/target/test-dir/MiniOzoneClusterImpl-061316ad-a4b7-44e7-91bd-8dc93601c629/datanode-5/data/containers/hdds of  storage type : DISK and capacity : 1482555576320
2019-10-12 06:08:49,795 [main] INFO  volume.VolumeSet (VolumeSet.java:initializeVolumeSet(170)) - Added Volume : /workdir/hadoop-ozone/integration-test/target/test-dir/MiniOzoneClusterImpl-061316ad-a4b7-44e7-91bd-8dc93601c629/datanode-5/data/containers/hdds to VolumeSet
2019-10-12 06:08:49,795 [main] INFO  volume.ThrottledAsyncChecker (ThrottledAsyncChecker.java:schedule(141)) - Scheduling a check for org.apache.hadoop.ozone.container.common.volume.HddsVolume@79cb8ffa
2019-10-12 06:08:49,796 [main] INFO  volume.HddsVolumeChecker (HddsVolumeChecker.java:checkAllVolumes(204)) - Scheduled health check for volume org.apache.hadoop.ozone.container.common.volume.HddsVolume@79cb8ffa
2019-10-12 06:08:49,807 [main] INFO  impl.RaftServerProxy (ConfUtils.java:logGet(43)) - raft.rpc.type = GRPC (default)
2019-10-12 06:08:49,808 [main] INFO  grpc.GrpcFactory (GrpcFactory.java:checkPooledByteBufAllocatorUseCacheForAllThreads(45)) - PERFORMANCE WARNING: useCacheForAllThreads is true that may cause Netty to create a lot garbage objects and, as a result, trigger GC.
	It is recommended to disable useCacheForAllThreads by setting -Dorg.apache.ratis.thirdparty.io.netty.allocator.useCacheForAllThreads=false in command line.
2019-10-12 06:08:49,808 [main] INFO  grpc.GrpcConfigKeys$Server (ConfUtils.java:logGet(43)) - raft.grpc.server.port = 0 (default)
2019-10-12 06:08:49,808 [main] INFO  server.GrpcService (ConfUtils.java:logGet(43)) - raft.grpc.message.size.max = 33570816 (custom)
2019-10-12 06:08:49,808 [main] INFO  server.RaftServerConfigKeys (ConfUtils.java:logGet(43)) - raft.server.log.appender.buffer.byte-limit = 33554432 (custom)
2019-10-12 06:08:49,808 [main] INFO  server.GrpcService (ConfUtils.java:logGet(43)) - raft.grpc.flow.control.window = 1MB (=1048576) (default)
2019-10-12 06:08:49,808 [main] INFO  server.RaftServerConfigKeys (ConfUtils.java:logGet(43)) - raft.server.rpc.request.timeout = 3000ms (default)
2019-10-12 06:08:49,809 [main] INFO  server.RaftServerConfigKeys (ConfUtils.java:logGet(43)) - raft.server.storage.dir = [/workdir/hadoop-ozone/integration-test/target/test-dir/MiniOzoneClusterImpl-061316ad-a4b7-44e7-91bd-8dc93601c629/datanode-5/data/ratis] (custom)
2019-10-12 06:08:49,810 [main] INFO  hdfs.DFSUtil (DFSUtil.java:httpServerTemplateForNNAndJN(1641)) - Starting Web-server for hddsDatanode at: http://0.0.0.0:0
2019-10-12 06:08:49,811 [main] INFO  server.AuthenticationFilter (AuthenticationFilter.java:constructSecretProvider(240)) - Unable to initialize FileSignerSecretProvider, falling back to use random secrets.
2019-10-12 06:08:49,811 [main] WARN  http.HttpRequestLog (HttpRequestLog.java:getRequestLog(97)) - Jetty request log can only be enabled using Log4j
2019-10-12 06:08:49,812 [main] INFO  http.HttpServer2 (HttpServer2.java:addGlobalFilter(975)) - Added global filter 'safety' (class=org.apache.hadoop.http.HttpServer2$QuotingInputFilter)
2019-10-12 06:08:49,813 [main] INFO  http.HttpServer2 (HttpServer2.java:addFilter(948)) - Added filter static_user_filter (class=org.apache.hadoop.http.lib.StaticUserWebFilter$StaticUserFilter) to context hddsDatanode
2019-10-12 06:08:49,813 [main] INFO  http.HttpServer2 (HttpServer2.java:addFilter(958)) - Added filter static_user_filter (class=org.apache.hadoop.http.lib.StaticUserWebFilter$StaticUserFilter) to context static
2019-10-12 06:08:49,813 [main] INFO  http.HttpServer2 (HttpServer2.java:addFilter(958)) - Added filter static_user_filter (class=org.apache.hadoop.http.lib.StaticUserWebFilter$StaticUserFilter) to context logs
2019-10-12 06:08:49,814 [main] INFO  http.HttpServer2 (HttpServer2.java:bindListener(1191)) - Jetty bound to port 35892
2019-10-12 06:08:49,814 [main] INFO  server.Server (Server.java:doStart(351)) - jetty-9.3.25.v20180904, build timestamp: 2018-09-04T21:11:46Z, git hash: 3ce520221d0240229c862b122d2b06c12a625732
2019-10-12 06:08:49,815 [main] INFO  handler.ContextHandler (ContextHandler.java:doStart(781)) - Started o.e.j.s.ServletContextHandler@4245bf68{/logs,file:///workdir/hadoop-ozone/integration-test/target/log,AVAILABLE}
2019-10-12 06:08:49,816 [main] INFO  handler.ContextHandler (ContextHandler.java:doStart(781)) - Started o.e.j.s.ServletContextHandler@6a8a551e{/static,jar:file:/home/user/.m2/repository/org/apache/hadoop/hadoop-hdds-container-service/0.5.0-SNAPSHOT/hadoop-hdds-container-service-0.5.0-SNAPSHOT.jar!/webapps/static,AVAILABLE}
2019-10-12 06:08:49,843 [main] INFO  handler.ContextHandler (ContextHandler.java:doStart(781)) - Started o.e.j.w.WebAppContext@50cbcca7{/,file:///tmp/jetty-0.0.0.0-35892-hddsDatanode-_-any-6323436236634300515.dir/webapp/,AVAILABLE}{/hddsDatanode}
2019-10-12 06:08:49,843 [main] INFO  server.AbstractConnector (AbstractConnector.java:doStart(278)) - Started ServerConnector@49491770{HTTP/1.1,[http/1.1]}{0.0.0.0:35892}
2019-10-12 06:08:49,844 [main] INFO  server.Server (Server.java:doStart(419)) - Started @586575ms
2019-10-12 06:08:49,844 [main] WARN  impl.MetricsSystemImpl (MetricsSystemImpl.java:register(276)) - Sink prometheus already exists!
2019-10-12 06:08:49,845 [main] INFO  server.BaseHttpServer (BaseHttpServer.java:updateConnectorAddress(215)) - HTTP server of HDDSDATANODE is listening at http://0.0.0.0:35892
2019-10-12 06:08:49,845 [main] INFO  impl.MetricsSystemImpl (MetricsSystemImpl.java:init(158)) - HddsDatanode metrics system started (again)
2019-10-12 06:08:49,850 [org.apache.hadoop.util.JvmPauseMonitor$Monitor@17d3c392] INFO  util.JvmPauseMonitor (JvmPauseMonitor.java:run(188)) - Starting JVM pause monitor
2019-10-12 06:08:49,851 [main] INFO  ozone.HddsDatanodeService (HddsDatanodeService.java:start(184)) - HddsDatanodeService host:pr-hdds-1737-b78td-2979900912 ip:192.168.5.146
2019-10-12 06:08:49,851 [Datanode State Machine Thread - 0] INFO  datanode.InitDatanodeState (InitDatanodeState.java:persistContainerDatanodeDetails(140)) - DatanodeDetails is persisted to /workdir/hadoop-ozone/integration-test/target/test-dir/MiniOzoneClusterImpl-061316ad-a4b7-44e7-91bd-8dc93601c629/datanode-5/meta/datanode.id
2019-10-12 06:08:49,856 [main] INFO  volume.HddsVolume (HddsVolume.java:<init>(176)) - Creating Volume: /workdir/hadoop-ozone/integration-test/target/test-dir/MiniOzoneClusterImpl-061316ad-a4b7-44e7-91bd-8dc93601c629/datanode-6/data/containers/hdds of  storage type : DISK and capacity : 1482555576320
2019-10-12 06:08:49,857 [main] INFO  volume.VolumeSet (VolumeSet.java:initializeVolumeSet(170)) - Added Volume : /workdir/hadoop-ozone/integration-test/target/test-dir/MiniOzoneClusterImpl-061316ad-a4b7-44e7-91bd-8dc93601c629/datanode-6/data/containers/hdds to VolumeSet
2019-10-12 06:08:49,857 [main] INFO  volume.ThrottledAsyncChecker (ThrottledAsyncChecker.java:schedule(141)) - Scheduling a check for org.apache.hadoop.ozone.container.common.volume.HddsVolume@31881aa2
2019-10-12 06:08:49,857 [main] INFO  volume.HddsVolumeChecker (HddsVolumeChecker.java:checkAllVolumes(204)) - Scheduled health check for volume org.apache.hadoop.ozone.container.common.volume.HddsVolume@31881aa2
2019-10-12 06:08:49,869 [main] INFO  impl.RaftServerProxy (ConfUtils.java:logGet(43)) - raft.rpc.type = GRPC (default)
2019-10-12 06:08:49,869 [main] INFO  grpc.GrpcFactory (GrpcFactory.java:checkPooledByteBufAllocatorUseCacheForAllThreads(45)) - PERFORMANCE WARNING: useCacheForAllThreads is true that may cause Netty to create a lot garbage objects and, as a result, trigger GC.
	It is recommended to disable useCacheForAllThreads by setting -Dorg.apache.ratis.thirdparty.io.netty.allocator.useCacheForAllThreads=false in command line.
2019-10-12 06:08:49,870 [main] INFO  grpc.GrpcConfigKeys$Server (ConfUtils.java:logGet(43)) - raft.grpc.server.port = 0 (default)
2019-10-12 06:08:49,870 [main] INFO  server.GrpcService (ConfUtils.java:logGet(43)) - raft.grpc.message.size.max = 33570816 (custom)
2019-10-12 06:08:49,870 [main] INFO  server.RaftServerConfigKeys (ConfUtils.java:logGet(43)) - raft.server.log.appender.buffer.byte-limit = 33554432 (custom)
2019-10-12 06:08:49,870 [main] INFO  server.GrpcService (ConfUtils.java:logGet(43)) - raft.grpc.flow.control.window = 1MB (=1048576) (default)
2019-10-12 06:08:49,870 [main] INFO  server.RaftServerConfigKeys (ConfUtils.java:logGet(43)) - raft.server.rpc.request.timeout = 3000ms (default)
2019-10-12 06:08:49,871 [main] INFO  server.RaftServerConfigKeys (ConfUtils.java:logGet(43)) - raft.server.storage.dir = [/workdir/hadoop-ozone/integration-test/target/test-dir/MiniOzoneClusterImpl-061316ad-a4b7-44e7-91bd-8dc93601c629/datanode-6/data/ratis] (custom)
2019-10-12 06:08:49,872 [main] INFO  hdfs.DFSUtil (DFSUtil.java:httpServerTemplateForNNAndJN(1641)) - Starting Web-server for hddsDatanode at: http://0.0.0.0:0
2019-10-12 06:08:49,873 [main] INFO  server.AuthenticationFilter (AuthenticationFilter.java:constructSecretProvider(240)) - Unable to initialize FileSignerSecretProvider, falling back to use random secrets.
2019-10-12 06:08:49,873 [main] WARN  http.HttpRequestLog (HttpRequestLog.java:getRequestLog(97)) - Jetty request log can only be enabled using Log4j
2019-10-12 06:08:49,874 [main] INFO  http.HttpServer2 (HttpServer2.java:addGlobalFilter(975)) - Added global filter 'safety' (class=org.apache.hadoop.http.HttpServer2$QuotingInputFilter)
2019-10-12 06:08:49,875 [main] INFO  http.HttpServer2 (HttpServer2.java:addFilter(948)) - Added filter static_user_filter (class=org.apache.hadoop.http.lib.StaticUserWebFilter$StaticUserFilter) to context hddsDatanode
2019-10-12 06:08:49,875 [main] INFO  http.HttpServer2 (HttpServer2.java:addFilter(958)) - Added filter static_user_filter (class=org.apache.hadoop.http.lib.StaticUserWebFilter$StaticUserFilter) to context static
2019-10-12 06:08:49,875 [main] INFO  http.HttpServer2 (HttpServer2.java:addFilter(958)) - Added filter static_user_filter (class=org.apache.hadoop.http.lib.StaticUserWebFilter$StaticUserFilter) to context logs
2019-10-12 06:08:49,875 [main] INFO  http.HttpServer2 (HttpServer2.java:bindListener(1191)) - Jetty bound to port 44806
2019-10-12 06:08:49,876 [main] INFO  server.Server (Server.java:doStart(351)) - jetty-9.3.25.v20180904, build timestamp: 2018-09-04T21:11:46Z, git hash: 3ce520221d0240229c862b122d2b06c12a625732
2019-10-12 06:08:49,877 [main] INFO  handler.ContextHandler (ContextHandler.java:doStart(781)) - Started o.e.j.s.ServletContextHandler@5ba1b62e{/logs,file:///workdir/hadoop-ozone/integration-test/target/log,AVAILABLE}
2019-10-12 06:08:49,877 [main] INFO  handler.ContextHandler (ContextHandler.java:doStart(781)) - Started o.e.j.s.ServletContextHandler@74697863{/static,jar:file:/home/user/.m2/repository/org/apache/hadoop/hadoop-hdds-container-service/0.5.0-SNAPSHOT/hadoop-hdds-container-service-0.5.0-SNAPSHOT.jar!/webapps/static,AVAILABLE}
2019-10-12 06:08:49,905 [main] INFO  handler.ContextHandler (ContextHandler.java:doStart(781)) - Started o.e.j.w.WebAppContext@6ddc67d0{/,file:///tmp/jetty-0.0.0.0-44806-hddsDatanode-_-any-5203185383877101070.dir/webapp/,AVAILABLE}{/hddsDatanode}
2019-10-12 06:08:49,905 [main] INFO  server.AbstractConnector (AbstractConnector.java:doStart(278)) - Started ServerConnector@7767bd4e{HTTP/1.1,[http/1.1]}{0.0.0.0:44806}
2019-10-12 06:08:49,911 [main] INFO  server.Server (Server.java:doStart(419)) - Started @586642ms
2019-10-12 06:08:49,911 [main] WARN  impl.MetricsSystemImpl (MetricsSystemImpl.java:register(276)) - Sink prometheus already exists!
2019-10-12 06:08:49,912 [main] INFO  server.BaseHttpServer (BaseHttpServer.java:updateConnectorAddress(215)) - HTTP server of HDDSDATANODE is listening at http://0.0.0.0:44806
2019-10-12 06:08:49,912 [main] INFO  ozone.MiniOzoneClusterImpl (MiniOzoneClusterImpl.java:lambda$waitForClusterToBeReady$0(147)) - Waiting for cluster to be ready. Got 0 of 7 DN Heartbeats.
2019-10-12 06:08:49,913 [org.apache.hadoop.util.JvmPauseMonitor$Monitor@16fbca4d] INFO  util.JvmPauseMonitor (JvmPauseMonitor.java:run(188)) - Starting JVM pause monitor
2019-10-12 06:08:49,914 [Datanode State Machine Thread - 0] INFO  datanode.InitDatanodeState (InitDatanodeState.java:persistContainerDatanodeDetails(140)) - DatanodeDetails is persisted to /workdir/hadoop-ozone/integration-test/target/test-dir/MiniOzoneClusterImpl-061316ad-a4b7-44e7-91bd-8dc93601c629/datanode-6/meta/datanode.id
2019-10-12 06:08:50,912 [main] INFO  ozone.MiniOzoneClusterImpl (MiniOzoneClusterImpl.java:lambda$waitForClusterToBeReady$0(147)) - Waiting for cluster to be ready. Got 0 of 7 DN Heartbeats.
2019-10-12 06:08:51,556 [Datanode State Machine Thread - 0] INFO  ozoneimpl.OzoneContainer (OzoneContainer.java:start(213)) - Attempting to start container services.
2019-10-12 06:08:51,558 [Datanode State Machine Thread - 0] INFO  ozoneimpl.OzoneContainer (OzoneContainer.java:startContainerScrub(177)) - Background container scanner has been disabled.
2019-10-12 06:08:51,558 [Datanode State Machine Thread - 0] INFO  ratis.XceiverServerRatis (XceiverServerRatis.java:start(418)) - Starting XceiverServerRatis 64da61d9-cb68-4c4c-9b52-28a6dfa4d899 at port 0
2019-10-12 06:08:51,568 [Datanode State Machine Thread - 0] INFO  impl.RaftServerProxy (RaftServerProxy.java:lambda$start$3(299)) - 64da61d9-cb68-4c4c-9b52-28a6dfa4d899: start RPC server
2019-10-12 06:08:51,573 [Datanode State Machine Thread - 0] INFO  server.GrpcService (GrpcService.java:startImpl(158)) - 64da61d9-cb68-4c4c-9b52-28a6dfa4d899: GrpcService started, listening on 0.0.0.0/0.0.0.0:38184
2019-10-12 06:08:51,573 [Datanode State Machine Thread - 0] INFO  ratis.XceiverServerRatis (XceiverServerRatis.java:start(428)) - XceiverServerRatis 64da61d9-cb68-4c4c-9b52-28a6dfa4d899 is started using port 38184
2019-10-12 06:08:51,574 [Datanode State Machine Thread - 0] INFO  server.XceiverServerGrpc (XceiverServerGrpc.java:start(149)) - XceiverServerGrpc 64da61d9-cb68-4c4c-9b52-28a6dfa4d899 is started using port 33988
2019-10-12 06:08:51,614 [Datanode State Machine Thread - 0] INFO  ozoneimpl.OzoneContainer (OzoneContainer.java:start(213)) - Attempting to start container services.
2019-10-12 06:08:51,614 [Datanode State Machine Thread - 0] INFO  ozoneimpl.OzoneContainer (OzoneContainer.java:startContainerScrub(177)) - Background container scanner has been disabled.
2019-10-12 06:08:51,614 [Datanode State Machine Thread - 0] INFO  ratis.XceiverServerRatis (XceiverServerRatis.java:start(418)) - Starting XceiverServerRatis 9bf1e6db-7e19-4234-afcc-3b42824906ec at port 0
2019-10-12 06:08:51,621 [Datanode State Machine Thread - 0] INFO  impl.RaftServerProxy (RaftServerProxy.java:lambda$start$3(299)) - 9bf1e6db-7e19-4234-afcc-3b42824906ec: start RPC server
2019-10-12 06:08:51,623 [Datanode State Machine Thread - 0] INFO  server.GrpcService (GrpcService.java:startImpl(158)) - 9bf1e6db-7e19-4234-afcc-3b42824906ec: GrpcService started, listening on 0.0.0.0/0.0.0.0:37862
2019-10-12 06:08:51,624 [Datanode State Machine Thread - 0] INFO  ratis.XceiverServerRatis (XceiverServerRatis.java:start(428)) - XceiverServerRatis 9bf1e6db-7e19-4234-afcc-3b42824906ec is started using port 37862
2019-10-12 06:08:51,626 [Datanode State Machine Thread - 0] INFO  server.XceiverServerGrpc (XceiverServerGrpc.java:start(149)) - XceiverServerGrpc 9bf1e6db-7e19-4234-afcc-3b42824906ec is started using port 38793
2019-10-12 06:08:51,676 [Datanode State Machine Thread - 0] INFO  ozoneimpl.OzoneContainer (OzoneContainer.java:start(213)) - Attempting to start container services.
2019-10-12 06:08:51,676 [Datanode State Machine Thread - 0] INFO  ozoneimpl.OzoneContainer (OzoneContainer.java:startContainerScrub(177)) - Background container scanner has been disabled.
2019-10-12 06:08:51,676 [Datanode State Machine Thread - 0] INFO  ratis.XceiverServerRatis (XceiverServerRatis.java:start(418)) - Starting XceiverServerRatis 52c97a1b-8f2c-483e-bdde-fcf48c4533c7 at port 0
2019-10-12 06:08:51,685 [Datanode State Machine Thread - 0] INFO  impl.RaftServerProxy (RaftServerProxy.java:lambda$start$3(299)) - 52c97a1b-8f2c-483e-bdde-fcf48c4533c7: start RPC server
2019-10-12 06:08:51,687 [Datanode State Machine Thread - 0] INFO  server.GrpcService (GrpcService.java:startImpl(158)) - 52c97a1b-8f2c-483e-bdde-fcf48c4533c7: GrpcService started, listening on 0.0.0.0/0.0.0.0:38443
2019-10-12 06:08:51,687 [Datanode State Machine Thread - 0] INFO  ratis.XceiverServerRatis (XceiverServerRatis.java:start(428)) - XceiverServerRatis 52c97a1b-8f2c-483e-bdde-fcf48c4533c7 is started using port 38443
2019-10-12 06:08:51,688 [Datanode State Machine Thread - 0] INFO  server.XceiverServerGrpc (XceiverServerGrpc.java:start(149)) - XceiverServerGrpc 52c97a1b-8f2c-483e-bdde-fcf48c4533c7 is started using port 39507
2019-10-12 06:08:51,740 [Datanode State Machine Thread - 0] INFO  ozoneimpl.OzoneContainer (OzoneContainer.java:start(213)) - Attempting to start container services.
2019-10-12 06:08:51,740 [Datanode State Machine Thread - 0] INFO  ozoneimpl.OzoneContainer (OzoneContainer.java:startContainerScrub(177)) - Background container scanner has been disabled.
2019-10-12 06:08:51,741 [Datanode State Machine Thread - 0] INFO  ratis.XceiverServerRatis (XceiverServerRatis.java:start(418)) - Starting XceiverServerRatis 61d60f24-9813-40ff-b2da-f5f3ebb43a56 at port 0
2019-10-12 06:08:51,748 [Datanode State Machine Thread - 0] INFO  impl.RaftServerProxy (RaftServerProxy.java:lambda$start$3(299)) - 61d60f24-9813-40ff-b2da-f5f3ebb43a56: start RPC server
2019-10-12 06:08:51,752 [Datanode State Machine Thread - 0] INFO  server.GrpcService (GrpcService.java:startImpl(158)) - 61d60f24-9813-40ff-b2da-f5f3ebb43a56: GrpcService started, listening on 0.0.0.0/0.0.0.0:35885
2019-10-12 06:08:51,753 [Datanode State Machine Thread - 0] INFO  ratis.XceiverServerRatis (XceiverServerRatis.java:start(428)) - XceiverServerRatis 61d60f24-9813-40ff-b2da-f5f3ebb43a56 is started using port 35885
2019-10-12 06:08:51,753 [Datanode State Machine Thread - 0] INFO  server.XceiverServerGrpc (XceiverServerGrpc.java:start(149)) - XceiverServerGrpc 61d60f24-9813-40ff-b2da-f5f3ebb43a56 is started using port 42579
2019-10-12 06:08:51,803 [Datanode State Machine Thread - 0] INFO  ozoneimpl.OzoneContainer (OzoneContainer.java:start(213)) - Attempting to start container services.
2019-10-12 06:08:51,803 [Datanode State Machine Thread - 0] INFO  ozoneimpl.OzoneContainer (OzoneContainer.java:startContainerScrub(177)) - Background container scanner has been disabled.
2019-10-12 06:08:51,803 [Datanode State Machine Thread - 0] INFO  ratis.XceiverServerRatis (XceiverServerRatis.java:start(418)) - Starting XceiverServerRatis db6618ce-b8a9-47f2-ad5f-d543322dce6c at port 0
2019-10-12 06:08:51,811 [Datanode State Machine Thread - 0] INFO  impl.RaftServerProxy (RaftServerProxy.java:lambda$start$3(299)) - db6618ce-b8a9-47f2-ad5f-d543322dce6c: start RPC server
2019-10-12 06:08:51,828 [Datanode State Machine Thread - 0] INFO  server.GrpcService (GrpcService.java:startImpl(158)) - db6618ce-b8a9-47f2-ad5f-d543322dce6c: GrpcService started, listening on 0.0.0.0/0.0.0.0:43257
2019-10-12 06:08:51,828 [Datanode State Machine Thread - 0] INFO  ratis.XceiverServerRatis (XceiverServerRatis.java:start(428)) - XceiverServerRatis db6618ce-b8a9-47f2-ad5f-d543322dce6c is started using port 43257
2019-10-12 06:08:51,829 [Datanode State Machine Thread - 0] INFO  server.XceiverServerGrpc (XceiverServerGrpc.java:start(149)) - XceiverServerGrpc db6618ce-b8a9-47f2-ad5f-d543322dce6c is started using port 35259
2019-10-12 06:08:51,878 [Datanode State Machine Thread - 0] INFO  ozoneimpl.OzoneContainer (OzoneContainer.java:start(213)) - Attempting to start container services.
2019-10-12 06:08:51,879 [Datanode State Machine Thread - 0] INFO  ozoneimpl.OzoneContainer (OzoneContainer.java:startContainerScrub(177)) - Background container scanner has been disabled.
2019-10-12 06:08:51,879 [Datanode State Machine Thread - 0] INFO  ratis.XceiverServerRatis (XceiverServerRatis.java:start(418)) - Starting XceiverServerRatis 6b17b0ba-7b75-4086-b37c-f0e278e892a5 at port 0
2019-10-12 06:08:51,886 [Datanode State Machine Thread - 0] INFO  impl.RaftServerProxy (RaftServerProxy.java:lambda$start$3(299)) - 6b17b0ba-7b75-4086-b37c-f0e278e892a5: start RPC server
2019-10-12 06:08:51,887 [Datanode State Machine Thread - 0] INFO  server.GrpcService (GrpcService.java:startImpl(158)) - 6b17b0ba-7b75-4086-b37c-f0e278e892a5: GrpcService started, listening on 0.0.0.0/0.0.0.0:36346
2019-10-12 06:08:51,887 [Datanode State Machine Thread - 0] INFO  ratis.XceiverServerRatis (XceiverServerRatis.java:start(428)) - XceiverServerRatis 6b17b0ba-7b75-4086-b37c-f0e278e892a5 is started using port 36346
2019-10-12 06:08:51,890 [Datanode State Machine Thread - 0] INFO  server.XceiverServerGrpc (XceiverServerGrpc.java:start(149)) - XceiverServerGrpc 6b17b0ba-7b75-4086-b37c-f0e278e892a5 is started using port 40150
2019-10-12 06:08:51,913 [main] INFO  ozone.MiniOzoneClusterImpl (MiniOzoneClusterImpl.java:lambda$waitForClusterToBeReady$0(147)) - Waiting for cluster to be ready. Got 0 of 7 DN Heartbeats.
2019-10-12 06:08:51,935 [Datanode State Machine Thread - 0] INFO  ozoneimpl.OzoneContainer (OzoneContainer.java:start(213)) - Attempting to start container services.
2019-10-12 06:08:51,936 [Datanode State Machine Thread - 0] INFO  ozoneimpl.OzoneContainer (OzoneContainer.java:startContainerScrub(177)) - Background container scanner has been disabled.
2019-10-12 06:08:51,936 [Datanode State Machine Thread - 0] INFO  ratis.XceiverServerRatis (XceiverServerRatis.java:start(418)) - Starting XceiverServerRatis 0baff407-2ef8-406d-9611-6376963c72ea at port 0
2019-10-12 06:08:51,943 [Datanode State Machine Thread - 0] INFO  impl.RaftServerProxy (RaftServerProxy.java:lambda$start$3(299)) - 0baff407-2ef8-406d-9611-6376963c72ea: start RPC server
2019-10-12 06:08:51,944 [Datanode State Machine Thread - 0] INFO  server.GrpcService (GrpcService.java:startImpl(158)) - 0baff407-2ef8-406d-9611-6376963c72ea: GrpcService started, listening on 0.0.0.0/0.0.0.0:38301
2019-10-12 06:08:51,944 [Datanode State Machine Thread - 0] INFO  ratis.XceiverServerRatis (XceiverServerRatis.java:start(428)) - XceiverServerRatis 0baff407-2ef8-406d-9611-6376963c72ea is started using port 38301
2019-10-12 06:08:51,944 [Datanode State Machine Thread - 0] INFO  server.XceiverServerGrpc (XceiverServerGrpc.java:start(149)) - XceiverServerGrpc 0baff407-2ef8-406d-9611-6376963c72ea is started using port 36263
2019-10-12 06:08:52,914 [main] INFO  ozone.MiniOzoneClusterImpl (MiniOzoneClusterImpl.java:lambda$waitForClusterToBeReady$0(147)) - Waiting for cluster to be ready. Got 0 of 7 DN Heartbeats.
2019-10-12 06:08:53,531 [IPC Server handler 2 on 36149] INFO  net.NetworkTopology (NetworkTopologyImpl.java:add(111)) - Added a new node: /default-rack/64da61d9-cb68-4c4c-9b52-28a6dfa4d899
2019-10-12 06:08:53,534 [IPC Server handler 2 on 36149] INFO  node.SCMNodeManager (SCMNodeManager.java:register(268)) - Registered Data node : 64da61d9-cb68-4c4c-9b52-28a6dfa4d899{ip: 192.168.5.146, host: pr-hdds-1737-b78td-2979900912, networkLocation: /default-rack, certSerialId: null}
2019-10-12 06:08:53,535 [EventQueue-NodeRegistrationContainerReportForDataNodeSafeModeRule] INFO  safemode.SCMSafeModeManager (DataNodeSafeModeRule.java:process(71)) - SCM in safe mode. 1 DataNodes registered, 1 required.
2019-10-12 06:08:53,538 [EventQueue-NodeRegistrationContainerReportForDataNodeSafeModeRule] INFO  safemode.SCMSafeModeManager (SCMSafeModeManager.java:validateSafeModeExitRules(177)) - ScmSafeModeManager, all rules are successfully validated
2019-10-12 06:08:53,539 [EventQueue-NodeRegistrationContainerReportForDataNodeSafeModeRule] INFO  safemode.SCMSafeModeManager (SCMSafeModeManager.java:exitSafeMode(193)) - SCM exiting safe mode.
2019-10-12 06:08:53,571 [grpc-default-executor-7] INFO  impl.RaftServerProxy (RaftServerProxy.java:addNew(89)) - 64da61d9-cb68-4c4c-9b52-28a6dfa4d899: addNew group-005895723711:[64da61d9-cb68-4c4c-9b52-28a6dfa4d899:192.168.5.146:38184] returns group-005895723711:java.util.concurrent.CompletableFuture@1e6687b1[Not completed]
2019-10-12 06:08:53,574 [pool-409-thread-1] INFO  impl.RaftServerImpl (RaftServerImpl.java:<init>(95)) - 64da61d9-cb68-4c4c-9b52-28a6dfa4d899: new RaftServerImpl for group-005895723711:[64da61d9-cb68-4c4c-9b52-28a6dfa4d899:192.168.5.146:38184] with ContainerStateMachine:uninitialized
2019-10-12 06:08:53,574 [pool-409-thread-1] INFO  server.RaftServerConfigKeys (ConfUtils.java:logGet(43)) - raft.server.rpc.timeout.min = 5s (custom)
2019-10-12 06:08:53,574 [pool-409-thread-1] INFO  server.RaftServerConfigKeys (ConfUtils.java:logGet(43)) - raft.server.rpc.timeout.max = 5200ms (custom)
2019-10-12 06:08:53,575 [pool-409-thread-1] INFO  server.RaftServerConfigKeys (ConfUtils.java:logGet(43)) - raft.server.rpcslowness.timeout = 120s (custom)
2019-10-12 06:08:53,575 [pool-409-thread-1] INFO  server.RaftServerConfigKeys (ConfUtils.java:logGet(43)) - raft.server.sleep.deviation.threshold = 300 (default)
2019-10-12 06:08:53,575 [pool-409-thread-1] INFO  server.RaftServerConfigKeys (ConfUtils.java:logGet(43)) - raft.server.log.appender.install.snapshot.enabled = false (custom)
2019-10-12 06:08:53,575 [pool-409-thread-1] INFO  impl.RaftServerImpl (ServerState.java:<init>(103)) - 64da61d9-cb68-4c4c-9b52-28a6dfa4d899@group-005895723711: ConfigurationManager, init=-1: [64da61d9-cb68-4c4c-9b52-28a6dfa4d899:192.168.5.146:38184], old=null, confs=<EMPTY_MAP>
2019-10-12 06:08:53,575 [pool-409-thread-1] INFO  server.RaftServerConfigKeys (ConfUtils.java:logGet(43)) - raft.server.storage.dir = [/workdir/hadoop-ozone/integration-test/target/test-dir/MiniOzoneClusterImpl-061316ad-a4b7-44e7-91bd-8dc93601c629/datanode-0/data/ratis] (custom)
2019-10-12 06:08:53,575 [pool-409-thread-1] INFO  server.RaftServerConfigKeys (ConfUtils.java:logGet(43)) - raft.server.log.corruption.policy = EXCEPTION (default)
2019-10-12 06:08:53,576 [pool-409-thread-1] INFO  storage.RaftStorageDirectory (RaftStorageDirectory.java:analyzeStorage(246)) - The storage directory /workdir/hadoop-ozone/integration-test/target/test-dir/MiniOzoneClusterImpl-061316ad-a4b7-44e7-91bd-8dc93601c629/datanode-0/data/ratis/fc774165-52b2-47f4-9b9d-005895723711 does not exist. Creating ...
2019-10-12 06:08:53,589 [pool-409-thread-1] INFO  storage.RaftStorageDirectory (RaftStorageDirectory.java:tryLock(328)) - Lock on /workdir/hadoop-ozone/integration-test/target/test-dir/MiniOzoneClusterImpl-061316ad-a4b7-44e7-91bd-8dc93601c629/datanode-0/data/ratis/fc774165-52b2-47f4-9b9d-005895723711/in_use.lock acquired by nodename 31896@pr-hdds-1737-b78td-2979900912
2019-10-12 06:08:53,598 [IPC Server handler 3 on 36149] INFO  net.NetworkTopology (NetworkTopologyImpl.java:add(111)) - Added a new node: /default-rack/9bf1e6db-7e19-4234-afcc-3b42824906ec
2019-10-12 06:08:53,599 [IPC Server handler 3 on 36149] INFO  node.SCMNodeManager (SCMNodeManager.java:register(268)) - Registered Data node : 9bf1e6db-7e19-4234-afcc-3b42824906ec{ip: 192.168.5.146, host: pr-hdds-1737-b78td-2979900912, networkLocation: /default-rack, certSerialId: null}
2019-10-12 06:08:53,603 [pool-409-thread-1] INFO  storage.RaftStorage (RaftStorage.java:format(84)) - Storage directory /workdir/hadoop-ozone/integration-test/target/test-dir/MiniOzoneClusterImpl-061316ad-a4b7-44e7-91bd-8dc93601c629/datanode-0/data/ratis/fc774165-52b2-47f4-9b9d-005895723711 has been successfully formatted.
2019-10-12 06:08:53,603 [pool-409-thread-1] INFO  ratis.ContainerStateMachine (ContainerStateMachine.java:loadSnapshot(231)) - group-005895723711: The snapshot info is null. Setting the last applied indexto:(t:0, i:~)
2019-10-12 06:08:53,603 [pool-409-thread-1] INFO  server.RaftServerConfigKeys (ConfUtils.java:logGet(43)) - raft.server.notification.no-leader.timeout = 120s (custom)
2019-10-12 06:08:53,603 [pool-409-thread-1] INFO  server.RaftServerConfigKeys (ConfUtils.java:logGet(43)) - raft.server.log.use.memory = false (default)
2019-10-12 06:08:53,603 [pool-409-thread-1] INFO  server.RaftServerConfigKeys (ConfUtils.java:logGet(43)) - raft.server.log.purge.gap = 1000000 (custom)
2019-10-12 06:08:53,603 [pool-409-thread-1] INFO  server.RaftServerConfigKeys (ConfUtils.java:logGet(43)) - raft.server.log.appender.buffer.byte-limit = 33554432 (custom)
2019-10-12 06:08:53,604 [pool-409-thread-1] INFO  server.RaftServerConfigKeys (ConfUtils.java:logGet(43)) - raft.server.log.segment.size.max = 1048576 (custom)
2019-10-12 06:08:53,605 [pool-409-thread-1] INFO  server.RaftServerConfigKeys (ConfUtils.java:logGet(43)) - raft.server.log.segment.cache.num.max = 2 (custom)
2019-10-12 06:08:53,605 [pool-409-thread-1] INFO  segmented.SegmentedRaftLogWorker (SegmentedRaftLogWorker.java:<init>(173)) - new 64da61d9-cb68-4c4c-9b52-28a6dfa4d899@group-005895723711-SegmentedRaftLogWorker for RaftStorage:Storage Directory /workdir/hadoop-ozone/integration-test/target/test-dir/MiniOzoneClusterImpl-061316ad-a4b7-44e7-91bd-8dc93601c629/datanode-0/data/ratis/fc774165-52b2-47f4-9b9d-005895723711
2019-10-12 06:08:53,605 [pool-409-thread-1] INFO  server.RaftServerConfigKeys (ConfUtils.java:logGet(43)) - raft.server.log.queue.byte-limit = 2147483647 (custom)
2019-10-12 06:08:53,605 [pool-409-thread-1] INFO  server.RaftServerConfigKeys (ConfUtils.java:logGet(43)) - raft.server.log.queue.element-limit = 1024 (custom)
2019-10-12 06:08:53,605 [pool-409-thread-1] INFO  server.RaftServerConfigKeys (ConfUtils.java:logGet(43)) - raft.server.log.segment.size.max = 1048576 (custom)
2019-10-12 06:08:53,606 [pool-409-thread-1] INFO  server.RaftServerConfigKeys (ConfUtils.java:logGet(43)) - raft.server.log.preallocated.size = 16384 (custom)
2019-10-12 06:08:53,606 [pool-409-thread-1] INFO  server.RaftServerConfigKeys (ConfUtils.java:logGet(43)) - raft.server.log.write.buffer.size = 33554432 (custom)
2019-10-12 06:08:53,606 [pool-409-thread-1] INFO  server.RaftServerConfigKeys (ConfUtils.java:logGet(43)) - raft.server.log.force.sync.num = 128 (default)
2019-10-12 06:08:53,606 [pool-409-thread-1] INFO  server.RaftServerConfigKeys (ConfUtils.java:logGet(43)) - raft.server.log.statemachine.data.sync = true (default)
2019-10-12 06:08:53,606 [pool-409-thread-1] INFO  server.RaftServerConfigKeys (ConfUtils.java:logGet(43)) - raft.server.log.statemachine.data.sync.timeout = 10s (default)
2019-10-12 06:08:53,606 [pool-409-thread-1] INFO  server.RaftServerConfigKeys (ConfUtils.java:logGet(43)) - raft.server.log.statemachine.data.sync.timeout.retry = -1 (default)
2019-10-12 06:08:53,606 [pool-409-thread-1] INFO  server.RaftServerConfigKeys (ConfUtils.java:logGet(43)) - raft.server.log.statemachine.data.caching.enabled = true (custom)
2019-10-12 06:08:53,607 [pool-409-thread-1] INFO  segmented.SegmentedRaftLogWorker (SegmentedRaftLogWorker.java:lambda$new$0(128)) - 64da61d9-cb68-4c4c-9b52-28a6dfa4d899@group-005895723711-SegmentedRaftLogWorker: flushIndex: setUnconditionally 0 -> -1
2019-10-12 06:08:53,607 [pool-409-thread-1] INFO  server.RaftServerConfigKeys (ConfUtils.java:logGet(43)) - raft.server.snapshot.auto.trigger.enabled = true (custom)
2019-10-12 06:08:53,607 [pool-409-thread-1] INFO  server.RaftServerConfigKeys (ConfUtils.java:logGet(43)) - raft.server.snapshot.auto.trigger.threshold = 10000 (custom)
2019-10-12 06:08:53,607 [pool-409-thread-1] INFO  server.RaftServerConfigKeys (ConfUtils.java:logGet(43)) - raft.server.snapshot.retention.file.num = 5 (custom)
2019-10-12 06:08:53,607 [pool-409-thread-1] INFO  server.RaftServerConfigKeys (ConfUtils.java:logGet(43)) - raft.server.retrycache.expirytime = 600000ms (custom)
2019-10-12 06:08:53,608 [pool-409-thread-1] INFO  impl.RaftServerImpl (RaftServerImpl.java:start(181)) - 64da61d9-cb68-4c4c-9b52-28a6dfa4d899@group-005895723711: start as a follower, conf=-1: [64da61d9-cb68-4c4c-9b52-28a6dfa4d899:192.168.5.146:38184], old=null
2019-10-12 06:08:53,609 [pool-409-thread-1] INFO  impl.RaftServerImpl (RaftServerImpl.java:setRole(170)) - 64da61d9-cb68-4c4c-9b52-28a6dfa4d899@group-005895723711: changes role from      null to FOLLOWER at term 0 for startAsFollower
2019-10-12 06:08:53,609 [pool-409-thread-1] INFO  impl.RoleInfo (RoleInfo.java:updateAndGet(143)) - 64da61d9-cb68-4c4c-9b52-28a6dfa4d899: start FollowerState
2019-10-12 06:08:53,609 [pool-409-thread-1] INFO  util.JmxRegister (JmxRegister.java:tryRegister(44)) - Successfully registered JMX Bean with object name Ratis:service=RaftServer,group=group-005895723711,id=64da61d9-cb68-4c4c-9b52-28a6dfa4d899
2019-10-12 06:08:53,617 [RatisPipelineUtilsThread] INFO  pipeline.PipelineStateManager (PipelineStateManager.java:addPipeline(56)) - Created pipeline Pipeline[ Id: fc774165-52b2-47f4-9b9d-005895723711, Nodes: 64da61d9-cb68-4c4c-9b52-28a6dfa4d899{ip: 192.168.5.146, host: pr-hdds-1737-b78td-2979900912, networkLocation: /default-rack, certSerialId: null}, Type:RATIS, Factor:ONE, State:OPEN]
2019-10-12 06:08:53,624 [grpc-default-executor-7] INFO  impl.RaftServerProxy (RaftServerProxy.java:addNew(89)) - 9bf1e6db-7e19-4234-afcc-3b42824906ec: addNew group-51EF099938A7:[9bf1e6db-7e19-4234-afcc-3b42824906ec:192.168.5.146:37862] returns group-51EF099938A7:java.util.concurrent.CompletableFuture@506edc10[Not completed]
2019-10-12 06:08:53,625 [pool-419-thread-1] INFO  impl.RaftServerImpl (RaftServerImpl.java:<init>(95)) - 9bf1e6db-7e19-4234-afcc-3b42824906ec: new RaftServerImpl for group-51EF099938A7:[9bf1e6db-7e19-4234-afcc-3b42824906ec:192.168.5.146:37862] with ContainerStateMachine:uninitialized
2019-10-12 06:08:53,625 [pool-419-thread-1] INFO  server.RaftServerConfigKeys (ConfUtils.java:logGet(43)) - raft.server.rpc.timeout.min = 5s (custom)
2019-10-12 06:08:53,625 [pool-419-thread-1] INFO  server.RaftServerConfigKeys (ConfUtils.java:logGet(43)) - raft.server.rpc.timeout.max = 5200ms (custom)
2019-10-12 06:08:53,625 [pool-419-thread-1] INFO  server.RaftServerConfigKeys (ConfUtils.java:logGet(43)) - raft.server.rpcslowness.timeout = 120s (custom)
2019-10-12 06:08:53,625 [pool-419-thread-1] INFO  server.RaftServerConfigKeys (ConfUtils.java:logGet(43)) - raft.server.sleep.deviation.threshold = 300 (default)
2019-10-12 06:08:53,625 [pool-419-thread-1] INFO  server.RaftServerConfigKeys (ConfUtils.java:logGet(43)) - raft.server.log.appender.install.snapshot.enabled = false (custom)
2019-10-12 06:08:53,625 [pool-419-thread-1] INFO  impl.RaftServerImpl (ServerState.java:<init>(103)) - 9bf1e6db-7e19-4234-afcc-3b42824906ec@group-51EF099938A7: ConfigurationManager, init=-1: [9bf1e6db-7e19-4234-afcc-3b42824906ec:192.168.5.146:37862], old=null, confs=<EMPTY_MAP>
2019-10-12 06:08:53,626 [pool-419-thread-1] INFO  server.RaftServerConfigKeys (ConfUtils.java:logGet(43)) - raft.server.storage.dir = [/workdir/hadoop-ozone/integration-test/target/test-dir/MiniOzoneClusterImpl-061316ad-a4b7-44e7-91bd-8dc93601c629/datanode-1/data/ratis] (custom)
2019-10-12 06:08:53,626 [pool-419-thread-1] INFO  server.RaftServerConfigKeys (ConfUtils.java:logGet(43)) - raft.server.log.corruption.policy = EXCEPTION (default)
2019-10-12 06:08:53,626 [pool-419-thread-1] INFO  storage.RaftStorageDirectory (RaftStorageDirectory.java:analyzeStorage(246)) - The storage directory /workdir/hadoop-ozone/integration-test/target/test-dir/MiniOzoneClusterImpl-061316ad-a4b7-44e7-91bd-8dc93601c629/datanode-1/data/ratis/42e31c7d-4f15-4c5c-916c-51ef099938a7 does not exist. Creating ...
2019-10-12 06:08:53,651 [pool-419-thread-1] INFO  storage.RaftStorageDirectory (RaftStorageDirectory.java:tryLock(328)) - Lock on /workdir/hadoop-ozone/integration-test/target/test-dir/MiniOzoneClusterImpl-061316ad-a4b7-44e7-91bd-8dc93601c629/datanode-1/data/ratis/42e31c7d-4f15-4c5c-916c-51ef099938a7/in_use.lock acquired by nodename 31896@pr-hdds-1737-b78td-2979900912
2019-10-12 06:08:53,663 [pool-419-thread-1] INFO  storage.RaftStorage (RaftStorage.java:format(84)) - Storage directory /workdir/hadoop-ozone/integration-test/target/test-dir/MiniOzoneClusterImpl-061316ad-a4b7-44e7-91bd-8dc93601c629/datanode-1/data/ratis/42e31c7d-4f15-4c5c-916c-51ef099938a7 has been successfully formatted.
2019-10-12 06:08:53,663 [pool-419-thread-1] INFO  ratis.ContainerStateMachine (ContainerStateMachine.java:loadSnapshot(231)) - group-51EF099938A7: The snapshot info is null. Setting the last applied indexto:(t:0, i:~)
2019-10-12 06:08:53,663 [pool-419-thread-1] INFO  server.RaftServerConfigKeys (ConfUtils.java:logGet(43)) - raft.server.notification.no-leader.timeout = 120s (custom)
2019-10-12 06:08:53,663 [pool-419-thread-1] INFO  server.RaftServerConfigKeys (ConfUtils.java:logGet(43)) - raft.server.log.use.memory = false (default)
2019-10-12 06:08:53,664 [pool-419-thread-1] INFO  server.RaftServerConfigKeys (ConfUtils.java:logGet(43)) - raft.server.log.purge.gap = 1000000 (custom)
2019-10-12 06:08:53,664 [IPC Server handler 4 on 36149] INFO  net.NetworkTopology (NetworkTopologyImpl.java:add(111)) - Added a new node: /default-rack/52c97a1b-8f2c-483e-bdde-fcf48c4533c7
2019-10-12 06:08:53,664 [pool-419-thread-1] INFO  server.RaftServerConfigKeys (ConfUtils.java:logGet(43)) - raft.server.log.appender.buffer.byte-limit = 33554432 (custom)
2019-10-12 06:08:53,664 [IPC Server handler 4 on 36149] INFO  node.SCMNodeManager (SCMNodeManager.java:register(268)) - Registered Data node : 52c97a1b-8f2c-483e-bdde-fcf48c4533c7{ip: 192.168.5.146, host: pr-hdds-1737-b78td-2979900912, networkLocation: /default-rack, certSerialId: null}
2019-10-12 06:08:53,664 [pool-419-thread-1] INFO  server.RaftServerConfigKeys (ConfUtils.java:logGet(43)) - raft.server.log.segment.size.max = 1048576 (custom)
2019-10-12 06:08:53,665 [pool-419-thread-1] INFO  server.RaftServerConfigKeys (ConfUtils.java:logGet(43)) - raft.server.log.segment.cache.num.max = 2 (custom)
2019-10-12 06:08:53,665 [pool-419-thread-1] INFO  segmented.SegmentedRaftLogWorker (SegmentedRaftLogWorker.java:<init>(173)) - new 9bf1e6db-7e19-4234-afcc-3b42824906ec@group-51EF099938A7-SegmentedRaftLogWorker for RaftStorage:Storage Directory /workdir/hadoop-ozone/integration-test/target/test-dir/MiniOzoneClusterImpl-061316ad-a4b7-44e7-91bd-8dc93601c629/datanode-1/data/ratis/42e31c7d-4f15-4c5c-916c-51ef099938a7
2019-10-12 06:08:53,666 [pool-419-thread-1] INFO  server.RaftServerConfigKeys (ConfUtils.java:logGet(43)) - raft.server.log.queue.byte-limit = 2147483647 (custom)
2019-10-12 06:08:53,666 [pool-419-thread-1] INFO  server.RaftServerConfigKeys (ConfUtils.java:logGet(43)) - raft.server.log.queue.element-limit = 1024 (custom)
2019-10-12 06:08:53,666 [pool-419-thread-1] INFO  server.RaftServerConfigKeys (ConfUtils.java:logGet(43)) - raft.server.log.segment.size.max = 1048576 (custom)
2019-10-12 06:08:53,666 [pool-419-thread-1] INFO  server.RaftServerConfigKeys (ConfUtils.java:logGet(43)) - raft.server.log.preallocated.size = 16384 (custom)
2019-10-12 06:08:53,666 [pool-419-thread-1] INFO  server.RaftServerConfigKeys (ConfUtils.java:logGet(43)) - raft.server.log.write.buffer.size = 33554432 (custom)
2019-10-12 06:08:53,666 [pool-419-thread-1] INFO  server.RaftServerConfigKeys (ConfUtils.java:logGet(43)) - raft.server.log.force.sync.num = 128 (default)
2019-10-12 06:08:53,666 [pool-419-thread-1] INFO  server.RaftServerConfigKeys (ConfUtils.java:logGet(43)) - raft.server.log.statemachine.data.sync = true (default)
2019-10-12 06:08:53,666 [pool-419-thread-1] INFO  server.RaftServerConfigKeys (ConfUtils.java:logGet(43)) - raft.server.log.statemachine.data.sync.timeout = 10s (default)
2019-10-12 06:08:53,666 [pool-419-thread-1] INFO  server.RaftServerConfigKeys (ConfUtils.java:logGet(43)) - raft.server.log.statemachine.data.sync.timeout.retry = -1 (default)
2019-10-12 06:08:53,667 [pool-419-thread-1] INFO  server.RaftServerConfigKeys (ConfUtils.java:logGet(43)) - raft.server.log.statemachine.data.caching.enabled = true (custom)
2019-10-12 06:08:53,667 [pool-419-thread-1] INFO  segmented.SegmentedRaftLogWorker (SegmentedRaftLogWorker.java:lambda$new$0(128)) - 9bf1e6db-7e19-4234-afcc-3b42824906ec@group-51EF099938A7-SegmentedRaftLogWorker: flushIndex: setUnconditionally 0 -> -1
2019-10-12 06:08:53,667 [pool-419-thread-1] INFO  server.RaftServerConfigKeys (ConfUtils.java:logGet(43)) - raft.server.snapshot.auto.trigger.enabled = true (custom)
2019-10-12 06:08:53,667 [pool-419-thread-1] INFO  server.RaftServerConfigKeys (ConfUtils.java:logGet(43)) - raft.server.snapshot.auto.trigger.threshold = 10000 (custom)
2019-10-12 06:08:53,667 [pool-419-thread-1] INFO  server.RaftServerConfigKeys (ConfUtils.java:logGet(43)) - raft.server.snapshot.retention.file.num = 5 (custom)
2019-10-12 06:08:53,667 [pool-419-thread-1] INFO  server.RaftServerConfigKeys (ConfUtils.java:logGet(43)) - raft.server.retrycache.expirytime = 600000ms (custom)
2019-10-12 06:08:53,669 [pool-419-thread-1] INFO  impl.RaftServerImpl (RaftServerImpl.java:start(181)) - 9bf1e6db-7e19-4234-afcc-3b42824906ec@group-51EF099938A7: start as a follower, conf=-1: [9bf1e6db-7e19-4234-afcc-3b42824906ec:192.168.5.146:37862], old=null
2019-10-12 06:08:53,669 [pool-419-thread-1] INFO  impl.RaftServerImpl (RaftServerImpl.java:setRole(170)) - 9bf1e6db-7e19-4234-afcc-3b42824906ec@group-51EF099938A7: changes role from      null to FOLLOWER at term 0 for startAsFollower
2019-10-12 06:08:53,669 [pool-419-thread-1] INFO  impl.RoleInfo (RoleInfo.java:updateAndGet(143)) - 9bf1e6db-7e19-4234-afcc-3b42824906ec: start FollowerState
2019-10-12 06:08:53,670 [pool-419-thread-1] INFO  util.JmxRegister (JmxRegister.java:tryRegister(44)) - Successfully registered JMX Bean with object name Ratis:service=RaftServer,group=group-51EF099938A7,id=9bf1e6db-7e19-4234-afcc-3b42824906ec
2019-10-12 06:08:53,676 [RatisPipelineUtilsThread] INFO  pipeline.PipelineStateManager (PipelineStateManager.java:addPipeline(56)) - Created pipeline Pipeline[ Id: 42e31c7d-4f15-4c5c-916c-51ef099938a7, Nodes: 9bf1e6db-7e19-4234-afcc-3b42824906ec{ip: 192.168.5.146, host: pr-hdds-1737-b78td-2979900912, networkLocation: /default-rack, certSerialId: null}, Type:RATIS, Factor:ONE, State:OPEN]
2019-10-12 06:08:53,684 [grpc-default-executor-7] INFO  impl.RaftServerProxy (RaftServerProxy.java:addNew(89)) - 52c97a1b-8f2c-483e-bdde-fcf48c4533c7: addNew group-D8F1F9DF6C7E:[52c97a1b-8f2c-483e-bdde-fcf48c4533c7:192.168.5.146:38443] returns group-D8F1F9DF6C7E:java.util.concurrent.CompletableFuture@298abfd8[Not completed]
2019-10-12 06:08:53,686 [pool-429-thread-1] INFO  impl.RaftServerImpl (RaftServerImpl.java:<init>(95)) - 52c97a1b-8f2c-483e-bdde-fcf48c4533c7: new RaftServerImpl for group-D8F1F9DF6C7E:[52c97a1b-8f2c-483e-bdde-fcf48c4533c7:192.168.5.146:38443] with ContainerStateMachine:uninitialized
2019-10-12 06:08:53,686 [pool-429-thread-1] INFO  server.RaftServerConfigKeys (ConfUtils.java:logGet(43)) - raft.server.rpc.timeout.min = 5s (custom)
2019-10-12 06:08:53,686 [pool-429-thread-1] INFO  server.RaftServerConfigKeys (ConfUtils.java:logGet(43)) - raft.server.rpc.timeout.max = 5200ms (custom)
2019-10-12 06:08:53,686 [pool-429-thread-1] INFO  server.RaftServerConfigKeys (ConfUtils.java:logGet(43)) - raft.server.rpcslowness.timeout = 120s (custom)
2019-10-12 06:08:53,687 [pool-429-thread-1] INFO  server.RaftServerConfigKeys (ConfUtils.java:logGet(43)) - raft.server.sleep.deviation.threshold = 300 (default)
2019-10-12 06:08:53,687 [pool-429-thread-1] INFO  server.RaftServerConfigKeys (ConfUtils.java:logGet(43)) - raft.server.log.appender.install.snapshot.enabled = false (custom)
2019-10-12 06:08:53,687 [pool-429-thread-1] INFO  impl.RaftServerImpl (ServerState.java:<init>(103)) - 52c97a1b-8f2c-483e-bdde-fcf48c4533c7@group-D8F1F9DF6C7E: ConfigurationManager, init=-1: [52c97a1b-8f2c-483e-bdde-fcf48c4533c7:192.168.5.146:38443], old=null, confs=<EMPTY_MAP>
2019-10-12 06:08:53,687 [pool-429-thread-1] INFO  server.RaftServerConfigKeys (ConfUtils.java:logGet(43)) - raft.server.storage.dir = [/workdir/hadoop-ozone/integration-test/target/test-dir/MiniOzoneClusterImpl-061316ad-a4b7-44e7-91bd-8dc93601c629/datanode-2/data/ratis] (custom)
2019-10-12 06:08:53,687 [pool-429-thread-1] INFO  server.RaftServerConfigKeys (ConfUtils.java:logGet(43)) - raft.server.log.corruption.policy = EXCEPTION (default)
2019-10-12 06:08:53,687 [pool-429-thread-1] INFO  storage.RaftStorageDirectory (RaftStorageDirectory.java:analyzeStorage(246)) - The storage directory /workdir/hadoop-ozone/integration-test/target/test-dir/MiniOzoneClusterImpl-061316ad-a4b7-44e7-91bd-8dc93601c629/datanode-2/data/ratis/0ed8c6c3-0473-4de1-938e-d8f1f9df6c7e does not exist. Creating ...
2019-10-12 06:08:53,692 [pool-429-thread-1] INFO  storage.RaftStorageDirectory (RaftStorageDirectory.java:tryLock(328)) - Lock on /workdir/hadoop-ozone/integration-test/target/test-dir/MiniOzoneClusterImpl-061316ad-a4b7-44e7-91bd-8dc93601c629/datanode-2/data/ratis/0ed8c6c3-0473-4de1-938e-d8f1f9df6c7e/in_use.lock acquired by nodename 31896@pr-hdds-1737-b78td-2979900912
2019-10-12 06:08:53,704 [pool-429-thread-1] INFO  storage.RaftStorage (RaftStorage.java:format(84)) - Storage directory /workdir/hadoop-ozone/integration-test/target/test-dir/MiniOzoneClusterImpl-061316ad-a4b7-44e7-91bd-8dc93601c629/datanode-2/data/ratis/0ed8c6c3-0473-4de1-938e-d8f1f9df6c7e has been successfully formatted.
2019-10-12 06:08:53,706 [pool-429-thread-1] INFO  ratis.ContainerStateMachine (ContainerStateMachine.java:loadSnapshot(231)) - group-D8F1F9DF6C7E: The snapshot info is null. Setting the last applied indexto:(t:0, i:~)
2019-10-12 06:08:53,706 [pool-429-thread-1] INFO  server.RaftServerConfigKeys (ConfUtils.java:logGet(43)) - raft.server.notification.no-leader.timeout = 120s (custom)
2019-10-12 06:08:53,706 [pool-429-thread-1] INFO  server.RaftServerConfigKeys (ConfUtils.java:logGet(43)) - raft.server.log.use.memory = false (default)
2019-10-12 06:08:53,706 [pool-429-thread-1] INFO  server.RaftServerConfigKeys (ConfUtils.java:logGet(43)) - raft.server.log.purge.gap = 1000000 (custom)
2019-10-12 06:08:53,706 [pool-429-thread-1] INFO  server.RaftServerConfigKeys (ConfUtils.java:logGet(43)) - raft.server.log.appender.buffer.byte-limit = 33554432 (custom)
2019-10-12 06:08:53,706 [pool-429-thread-1] INFO  server.RaftServerConfigKeys (ConfUtils.java:logGet(43)) - raft.server.log.segment.size.max = 1048576 (custom)
2019-10-12 06:08:53,708 [pool-429-thread-1] INFO  server.RaftServerConfigKeys (ConfUtils.java:logGet(43)) - raft.server.log.segment.cache.num.max = 2 (custom)
2019-10-12 06:08:53,708 [pool-429-thread-1] INFO  segmented.SegmentedRaftLogWorker (SegmentedRaftLogWorker.java:<init>(173)) - new 52c97a1b-8f2c-483e-bdde-fcf48c4533c7@group-D8F1F9DF6C7E-SegmentedRaftLogWorker for RaftStorage:Storage Directory /workdir/hadoop-ozone/integration-test/target/test-dir/MiniOzoneClusterImpl-061316ad-a4b7-44e7-91bd-8dc93601c629/datanode-2/data/ratis/0ed8c6c3-0473-4de1-938e-d8f1f9df6c7e
2019-10-12 06:08:53,708 [pool-429-thread-1] INFO  server.RaftServerConfigKeys (ConfUtils.java:logGet(43)) - raft.server.log.queue.byte-limit = 2147483647 (custom)
2019-10-12 06:08:53,708 [pool-429-thread-1] INFO  server.RaftServerConfigKeys (ConfUtils.java:logGet(43)) - raft.server.log.queue.element-limit = 1024 (custom)
2019-10-12 06:08:53,709 [pool-429-thread-1] INFO  server.RaftServerConfigKeys (ConfUtils.java:logGet(43)) - raft.server.log.segment.size.max = 1048576 (custom)
2019-10-12 06:08:53,709 [pool-429-thread-1] INFO  server.RaftServerConfigKeys (ConfUtils.java:logGet(43)) - raft.server.log.preallocated.size = 16384 (custom)
2019-10-12 06:08:53,709 [pool-429-thread-1] INFO  server.RaftServerConfigKeys (ConfUtils.java:logGet(43)) - raft.server.log.write.buffer.size = 33554432 (custom)
2019-10-12 06:08:53,709 [pool-429-thread-1] INFO  server.RaftServerConfigKeys (ConfUtils.java:logGet(43)) - raft.server.log.force.sync.num = 128 (default)
2019-10-12 06:08:53,709 [pool-429-thread-1] INFO  server.RaftServerConfigKeys (ConfUtils.java:logGet(43)) - raft.server.log.statemachine.data.sync = true (default)
2019-10-12 06:08:53,709 [pool-429-thread-1] INFO  server.RaftServerConfigKeys (ConfUtils.java:logGet(43)) - raft.server.log.statemachine.data.sync.timeout = 10s (default)
2019-10-12 06:08:53,709 [pool-429-thread-1] INFO  server.RaftServerConfigKeys (ConfUtils.java:logGet(43)) - raft.server.log.statemachine.data.sync.timeout.retry = -1 (default)
2019-10-12 06:08:53,710 [pool-429-thread-1] INFO  server.RaftServerConfigKeys (ConfUtils.java:logGet(43)) - raft.server.log.statemachine.data.caching.enabled = true (custom)
2019-10-12 06:08:53,710 [pool-429-thread-1] INFO  segmented.SegmentedRaftLogWorker (SegmentedRaftLogWorker.java:lambda$new$0(128)) - 52c97a1b-8f2c-483e-bdde-fcf48c4533c7@group-D8F1F9DF6C7E-SegmentedRaftLogWorker: flushIndex: setUnconditionally 0 -> -1
2019-10-12 06:08:53,710 [pool-429-thread-1] INFO  server.RaftServerConfigKeys (ConfUtils.java:logGet(43)) - raft.server.snapshot.auto.trigger.enabled = true (custom)
2019-10-12 06:08:53,710 [pool-429-thread-1] INFO  server.RaftServerConfigKeys (ConfUtils.java:logGet(43)) - raft.server.snapshot.auto.trigger.threshold = 10000 (custom)
2019-10-12 06:08:53,710 [pool-429-thread-1] INFO  server.RaftServerConfigKeys (ConfUtils.java:logGet(43)) - raft.server.snapshot.retention.file.num = 5 (custom)
2019-10-12 06:08:53,711 [pool-429-thread-1] INFO  server.RaftServerConfigKeys (ConfUtils.java:logGet(43)) - raft.server.retrycache.expirytime = 600000ms (custom)
2019-10-12 06:08:53,712 [pool-429-thread-1] INFO  impl.RaftServerImpl (RaftServerImpl.java:start(181)) - 52c97a1b-8f2c-483e-bdde-fcf48c4533c7@group-D8F1F9DF6C7E: start as a follower, conf=-1: [52c97a1b-8f2c-483e-bdde-fcf48c4533c7:192.168.5.146:38443], old=null
2019-10-12 06:08:53,712 [pool-429-thread-1] INFO  impl.RaftServerImpl (RaftServerImpl.java:setRole(170)) - 52c97a1b-8f2c-483e-bdde-fcf48c4533c7@group-D8F1F9DF6C7E: changes role from      null to FOLLOWER at term 0 for startAsFollower
2019-10-12 06:08:53,712 [pool-429-thread-1] INFO  impl.RoleInfo (RoleInfo.java:updateAndGet(143)) - 52c97a1b-8f2c-483e-bdde-fcf48c4533c7: start FollowerState
2019-10-12 06:08:53,713 [pool-429-thread-1] INFO  util.JmxRegister (JmxRegister.java:tryRegister(44)) - Successfully registered JMX Bean with object name Ratis:service=RaftServer,group=group-D8F1F9DF6C7E,id=52c97a1b-8f2c-483e-bdde-fcf48c4533c7
2019-10-12 06:08:53,720 [RatisPipelineUtilsThread] INFO  pipeline.PipelineStateManager (PipelineStateManager.java:addPipeline(56)) - Created pipeline Pipeline[ Id: 0ed8c6c3-0473-4de1-938e-d8f1f9df6c7e, Nodes: 52c97a1b-8f2c-483e-bdde-fcf48c4533c7{ip: 192.168.5.146, host: pr-hdds-1737-b78td-2979900912, networkLocation: /default-rack, certSerialId: null}, Type:RATIS, Factor:ONE, State:OPEN]
2019-10-12 06:08:53,729 [IPC Server handler 19 on 36149] INFO  net.NetworkTopology (NetworkTopologyImpl.java:add(111)) - Added a new node: /default-rack/61d60f24-9813-40ff-b2da-f5f3ebb43a56
2019-10-12 06:08:53,729 [IPC Server handler 19 on 36149] INFO  node.SCMNodeManager (SCMNodeManager.java:register(268)) - Registered Data node : 61d60f24-9813-40ff-b2da-f5f3ebb43a56{ip: 192.168.5.146, host: pr-hdds-1737-b78td-2979900912, networkLocation: /default-rack, certSerialId: null}
2019-10-12 06:08:53,730 [grpc-default-executor-9] INFO  impl.RaftServerProxy (RaftServerProxy.java:addNew(89)) - 9bf1e6db-7e19-4234-afcc-3b42824906ec: addNew group-FAC1763DC03B:[9bf1e6db-7e19-4234-afcc-3b42824906ec:192.168.5.146:37862, 52c97a1b-8f2c-483e-bdde-fcf48c4533c7:192.168.5.146:38443, 64da61d9-cb68-4c4c-9b52-28a6dfa4d899:192.168.5.146:38184] returns group-FAC1763DC03B:java.util.concurrent.CompletableFuture@4458a4f2[Not completed]
2019-10-12 06:08:53,730 [grpc-default-executor-8] INFO  impl.RaftServerProxy (RaftServerProxy.java:addNew(89)) - 52c97a1b-8f2c-483e-bdde-fcf48c4533c7: addNew group-FAC1763DC03B:[9bf1e6db-7e19-4234-afcc-3b42824906ec:192.168.5.146:37862, 52c97a1b-8f2c-483e-bdde-fcf48c4533c7:192.168.5.146:38443, 64da61d9-cb68-4c4c-9b52-28a6dfa4d899:192.168.5.146:38184] returns group-FAC1763DC03B:java.util.concurrent.CompletableFuture@d3bb24b[Not completed]
2019-10-12 06:08:53,730 [grpc-default-executor-7] INFO  impl.RaftServerProxy (RaftServerProxy.java:addNew(89)) - 64da61d9-cb68-4c4c-9b52-28a6dfa4d899: addNew group-FAC1763DC03B:[9bf1e6db-7e19-4234-afcc-3b42824906ec:192.168.5.146:37862, 52c97a1b-8f2c-483e-bdde-fcf48c4533c7:192.168.5.146:38443, 64da61d9-cb68-4c4c-9b52-28a6dfa4d899:192.168.5.146:38184] returns group-FAC1763DC03B:java.util.concurrent.CompletableFuture@9aef978[Not completed]
2019-10-12 06:08:53,731 [pool-419-thread-1] INFO  impl.RaftServerImpl (RaftServerImpl.java:<init>(95)) - 9bf1e6db-7e19-4234-afcc-3b42824906ec: new RaftServerImpl for group-FAC1763DC03B:[9bf1e6db-7e19-4234-afcc-3b42824906ec:192.168.5.146:37862, 52c97a1b-8f2c-483e-bdde-fcf48c4533c7:192.168.5.146:38443, 64da61d9-cb68-4c4c-9b52-28a6dfa4d899:192.168.5.146:38184] with ContainerStateMachine:uninitialized
2019-10-12 06:08:53,731 [pool-419-thread-1] INFO  server.RaftServerConfigKeys (ConfUtils.java:logGet(43)) - raft.server.rpc.timeout.min = 5s (custom)
2019-10-12 06:08:53,732 [pool-419-thread-1] INFO  server.RaftServerConfigKeys (ConfUtils.java:logGet(43)) - raft.server.rpc.timeout.max = 5200ms (custom)
2019-10-12 06:08:53,732 [pool-419-thread-1] INFO  server.RaftServerConfigKeys (ConfUtils.java:logGet(43)) - raft.server.rpcslowness.timeout = 120s (custom)
2019-10-12 06:08:53,732 [pool-409-thread-1] INFO  impl.RaftServerImpl (RaftServerImpl.java:<init>(95)) - 64da61d9-cb68-4c4c-9b52-28a6dfa4d899: new RaftServerImpl for group-FAC1763DC03B:[9bf1e6db-7e19-4234-afcc-3b42824906ec:192.168.5.146:37862, 52c97a1b-8f2c-483e-bdde-fcf48c4533c7:192.168.5.146:38443, 64da61d9-cb68-4c4c-9b52-28a6dfa4d899:192.168.5.146:38184] with ContainerStateMachine:uninitialized
2019-10-12 06:08:53,732 [pool-419-thread-1] INFO  server.RaftServerConfigKeys (ConfUtils.java:logGet(43)) - raft.server.sleep.deviation.threshold = 300 (default)
2019-10-12 06:08:53,732 [pool-409-thread-1] INFO  server.RaftServerConfigKeys (ConfUtils.java:logGet(43)) - raft.server.rpc.timeout.min = 5s (custom)
2019-10-12 06:08:53,732 [pool-419-thread-1] INFO  server.RaftServerConfigKeys (ConfUtils.java:logGet(43)) - raft.server.log.appender.install.snapshot.enabled = false (custom)
2019-10-12 06:08:53,732 [pool-429-thread-1] INFO  impl.RaftServerImpl (RaftServerImpl.java:<init>(95)) - 52c97a1b-8f2c-483e-bdde-fcf48c4533c7: new RaftServerImpl for group-FAC1763DC03B:[9bf1e6db-7e19-4234-afcc-3b42824906ec:192.168.5.146:37862, 52c97a1b-8f2c-483e-bdde-fcf48c4533c7:192.168.5.146:38443, 64da61d9-cb68-4c4c-9b52-28a6dfa4d899:192.168.5.146:38184] with ContainerStateMachine:uninitialized
2019-10-12 06:08:53,732 [pool-409-thread-1] INFO  server.RaftServerConfigKeys (ConfUtils.java:logGet(43)) - raft.server.rpc.timeout.max = 5200ms (custom)
2019-10-12 06:08:53,732 [pool-429-thread-1] INFO  server.RaftServerConfigKeys (ConfUtils.java:logGet(43)) - raft.server.rpc.timeout.min = 5s (custom)
2019-10-12 06:08:53,732 [pool-419-thread-1] INFO  impl.RaftServerImpl (ServerState.java:<init>(103)) - 9bf1e6db-7e19-4234-afcc-3b42824906ec@group-FAC1763DC03B: ConfigurationManager, init=-1: [9bf1e6db-7e19-4234-afcc-3b42824906ec:192.168.5.146:37862, 52c97a1b-8f2c-483e-bdde-fcf48c4533c7:192.168.5.146:38443, 64da61d9-cb68-4c4c-9b52-28a6dfa4d899:192.168.5.146:38184], old=null, confs=<EMPTY_MAP>
2019-10-12 06:08:53,733 [pool-429-thread-1] INFO  server.RaftServerConfigKeys (ConfUtils.java:logGet(43)) - raft.server.rpc.timeout.max = 5200ms (custom)
2019-10-12 06:08:53,733 [pool-409-thread-1] INFO  server.RaftServerConfigKeys (ConfUtils.java:logGet(43)) - raft.server.rpcslowness.timeout = 120s (custom)
2019-10-12 06:08:53,733 [pool-429-thread-1] INFO  server.RaftServerConfigKeys (ConfUtils.java:logGet(43)) - raft.server.rpcslowness.timeout = 120s (custom)
2019-10-12 06:08:53,733 [pool-419-thread-1] INFO  server.RaftServerConfigKeys (ConfUtils.java:logGet(43)) - raft.server.storage.dir = [/workdir/hadoop-ozone/integration-test/target/test-dir/MiniOzoneClusterImpl-061316ad-a4b7-44e7-91bd-8dc93601c629/datanode-1/data/ratis] (custom)
2019-10-12 06:08:53,733 [pool-429-thread-1] INFO  server.RaftServerConfigKeys (ConfUtils.java:logGet(43)) - raft.server.sleep.deviation.threshold = 300 (default)
2019-10-12 06:08:53,733 [pool-429-thread-1] INFO  server.RaftServerConfigKeys (ConfUtils.java:logGet(43)) - raft.server.log.appender.install.snapshot.enabled = false (custom)
2019-10-12 06:08:53,733 [pool-409-thread-1] INFO  server.RaftServerConfigKeys (ConfUtils.java:logGet(43)) - raft.server.sleep.deviation.threshold = 300 (default)
2019-10-12 06:08:53,733 [pool-419-thread-1] INFO  server.RaftServerConfigKeys (ConfUtils.java:logGet(43)) - raft.server.log.corruption.policy = EXCEPTION (default)
2019-10-12 06:08:53,733 [pool-429-thread-1] INFO  impl.RaftServerImpl (ServerState.java:<init>(103)) - 52c97a1b-8f2c-483e-bdde-fcf48c4533c7@group-FAC1763DC03B: ConfigurationManager, init=-1: [9bf1e6db-7e19-4234-afcc-3b42824906ec:192.168.5.146:37862, 52c97a1b-8f2c-483e-bdde-fcf48c4533c7:192.168.5.146:38443, 64da61d9-cb68-4c4c-9b52-28a6dfa4d899:192.168.5.146:38184], old=null, confs=<EMPTY_MAP>
2019-10-12 06:08:53,734 [pool-419-thread-1] INFO  storage.RaftStorageDirectory (RaftStorageDirectory.java:analyzeStorage(246)) - The storage directory /workdir/hadoop-ozone/integration-test/target/test-dir/MiniOzoneClusterImpl-061316ad-a4b7-44e7-91bd-8dc93601c629/datanode-1/data/ratis/831185b6-6d22-4c11-a624-fac1763dc03b does not exist. Creating ...
2019-10-12 06:08:53,734 [pool-409-thread-1] INFO  server.RaftServerConfigKeys (ConfUtils.java:logGet(43)) - raft.server.log.appender.install.snapshot.enabled = false (custom)
2019-10-12 06:08:53,734 [pool-429-thread-1] INFO  server.RaftServerConfigKeys (ConfUtils.java:logGet(43)) - raft.server.storage.dir = [/workdir/hadoop-ozone/integration-test/target/test-dir/MiniOzoneClusterImpl-061316ad-a4b7-44e7-91bd-8dc93601c629/datanode-2/data/ratis] (custom)
2019-10-12 06:08:53,734 [pool-409-thread-1] INFO  impl.RaftServerImpl (ServerState.java:<init>(103)) - 64da61d9-cb68-4c4c-9b52-28a6dfa4d899@group-FAC1763DC03B: ConfigurationManager, init=-1: [9bf1e6db-7e19-4234-afcc-3b42824906ec:192.168.5.146:37862, 52c97a1b-8f2c-483e-bdde-fcf48c4533c7:192.168.5.146:38443, 64da61d9-cb68-4c4c-9b52-28a6dfa4d899:192.168.5.146:38184], old=null, confs=<EMPTY_MAP>
2019-10-12 06:08:53,734 [pool-429-thread-1] INFO  server.RaftServerConfigKeys (ConfUtils.java:logGet(43)) - raft.server.log.corruption.policy = EXCEPTION (default)
2019-10-12 06:08:53,734 [pool-409-thread-1] INFO  server.RaftServerConfigKeys (ConfUtils.java:logGet(43)) - raft.server.storage.dir = [/workdir/hadoop-ozone/integration-test/target/test-dir/MiniOzoneClusterImpl-061316ad-a4b7-44e7-91bd-8dc93601c629/datanode-0/data/ratis] (custom)
2019-10-12 06:08:53,734 [pool-429-thread-1] INFO  storage.RaftStorageDirectory (RaftStorageDirectory.java:analyzeStorage(246)) - The storage directory /workdir/hadoop-ozone/integration-test/target/test-dir/MiniOzoneClusterImpl-061316ad-a4b7-44e7-91bd-8dc93601c629/datanode-2/data/ratis/831185b6-6d22-4c11-a624-fac1763dc03b does not exist. Creating ...
2019-10-12 06:08:53,735 [pool-409-thread-1] INFO  server.RaftServerConfigKeys (ConfUtils.java:logGet(43)) - raft.server.log.corruption.policy = EXCEPTION (default)
2019-10-12 06:08:53,735 [pool-409-thread-1] INFO  storage.RaftStorageDirectory (RaftStorageDirectory.java:analyzeStorage(246)) - The storage directory /workdir/hadoop-ozone/integration-test/target/test-dir/MiniOzoneClusterImpl-061316ad-a4b7-44e7-91bd-8dc93601c629/datanode-0/data/ratis/831185b6-6d22-4c11-a624-fac1763dc03b does not exist. Creating ...
2019-10-12 06:08:53,761 [pool-429-thread-1] INFO  storage.RaftStorageDirectory (RaftStorageDirectory.java:tryLock(328)) - Lock on /workdir/hadoop-ozone/integration-test/target/test-dir/MiniOzoneClusterImpl-061316ad-a4b7-44e7-91bd-8dc93601c629/datanode-2/data/ratis/831185b6-6d22-4c11-a624-fac1763dc03b/in_use.lock acquired by nodename 31896@pr-hdds-1737-b78td-2979900912
2019-10-12 06:08:53,761 [pool-409-thread-1] INFO  storage.RaftStorageDirectory (RaftStorageDirectory.java:tryLock(328)) - Lock on /workdir/hadoop-ozone/integration-test/target/test-dir/MiniOzoneClusterImpl-061316ad-a4b7-44e7-91bd-8dc93601c629/datanode-0/data/ratis/831185b6-6d22-4c11-a624-fac1763dc03b/in_use.lock acquired by nodename 31896@pr-hdds-1737-b78td-2979900912
2019-10-12 06:08:53,761 [pool-419-thread-1] INFO  storage.RaftStorageDirectory (RaftStorageDirectory.java:tryLock(328)) - Lock on /workdir/hadoop-ozone/integration-test/target/test-dir/MiniOzoneClusterImpl-061316ad-a4b7-44e7-91bd-8dc93601c629/datanode-1/data/ratis/831185b6-6d22-4c11-a624-fac1763dc03b/in_use.lock acquired by nodename 31896@pr-hdds-1737-b78td-2979900912
2019-10-12 06:08:53,786 [pool-419-thread-1] INFO  storage.RaftStorage (RaftStorage.java:format(84)) - Storage directory /workdir/hadoop-ozone/integration-test/target/test-dir/MiniOzoneClusterImpl-061316ad-a4b7-44e7-91bd-8dc93601c629/datanode-1/data/ratis/831185b6-6d22-4c11-a624-fac1763dc03b has been successfully formatted.
2019-10-12 06:08:53,786 [pool-409-thread-1] INFO  storage.RaftStorage (RaftStorage.java:format(84)) - Storage directory /workdir/hadoop-ozone/integration-test/target/test-dir/MiniOzoneClusterImpl-061316ad-a4b7-44e7-91bd-8dc93601c629/datanode-0/data/ratis/831185b6-6d22-4c11-a624-fac1763dc03b has been successfully formatted.
2019-10-12 06:08:53,786 [pool-429-thread-1] INFO  storage.RaftStorage (RaftStorage.java:format(84)) - Storage directory /workdir/hadoop-ozone/integration-test/target/test-dir/MiniOzoneClusterImpl-061316ad-a4b7-44e7-91bd-8dc93601c629/datanode-2/data/ratis/831185b6-6d22-4c11-a624-fac1763dc03b has been successfully formatted.
2019-10-12 06:08:53,786 [pool-409-thread-1] INFO  ratis.ContainerStateMachine (ContainerStateMachine.java:loadSnapshot(231)) - group-FAC1763DC03B: The snapshot info is null. Setting the last applied indexto:(t:0, i:~)
2019-10-12 06:08:53,786 [pool-419-thread-1] INFO  ratis.ContainerStateMachine (ContainerStateMachine.java:loadSnapshot(231)) - group-FAC1763DC03B: The snapshot info is null. Setting the last applied indexto:(t:0, i:~)
2019-10-12 06:08:53,787 [pool-409-thread-1] INFO  server.RaftServerConfigKeys (ConfUtils.java:logGet(43)) - raft.server.notification.no-leader.timeout = 120s (custom)
2019-10-12 06:08:53,786 [pool-429-thread-1] INFO  ratis.ContainerStateMachine (ContainerStateMachine.java:loadSnapshot(231)) - group-FAC1763DC03B: The snapshot info is null. Setting the last applied indexto:(t:0, i:~)
2019-10-12 06:08:53,787 [pool-409-thread-1] INFO  server.RaftServerConfigKeys (ConfUtils.java:logGet(43)) - raft.server.log.use.memory = false (default)
2019-10-12 06:08:53,787 [pool-419-thread-1] INFO  server.RaftServerConfigKeys (ConfUtils.java:logGet(43)) - raft.server.notification.no-leader.timeout = 120s (custom)
2019-10-12 06:08:53,787 [pool-409-thread-1] INFO  server.RaftServerConfigKeys (ConfUtils.java:logGet(43)) - raft.server.log.purge.gap = 1000000 (custom)
2019-10-12 06:08:53,787 [pool-409-thread-1] INFO  server.RaftServerConfigKeys (ConfUtils.java:logGet(43)) - raft.server.log.appender.buffer.byte-limit = 33554432 (custom)
2019-10-12 06:08:53,787 [pool-429-thread-1] INFO  server.RaftServerConfigKeys (ConfUtils.java:logGet(43)) - raft.server.notification.no-leader.timeout = 120s (custom)
2019-10-12 06:08:53,788 [pool-409-thread-1] INFO  server.RaftServerConfigKeys (ConfUtils.java:logGet(43)) - raft.server.log.segment.size.max = 1048576 (custom)
2019-10-12 06:08:53,787 [pool-419-thread-1] INFO  server.RaftServerConfigKeys (ConfUtils.java:logGet(43)) - raft.server.log.use.memory = false (default)
2019-10-12 06:08:53,788 [pool-409-thread-1] INFO  server.RaftServerConfigKeys (ConfUtils.java:logGet(43)) - raft.server.log.segment.cache.num.max = 2 (custom)
2019-10-12 06:08:53,788 [pool-429-thread-1] INFO  server.RaftServerConfigKeys (ConfUtils.java:logGet(43)) - raft.server.log.use.memory = false (default)
2019-10-12 06:08:53,788 [pool-409-thread-1] INFO  segmented.SegmentedRaftLogWorker (SegmentedRaftLogWorker.java:<init>(173)) - new 64da61d9-cb68-4c4c-9b52-28a6dfa4d899@group-FAC1763DC03B-SegmentedRaftLogWorker for RaftStorage:Storage Directory /workdir/hadoop-ozone/integration-test/target/test-dir/MiniOzoneClusterImpl-061316ad-a4b7-44e7-91bd-8dc93601c629/datanode-0/data/ratis/831185b6-6d22-4c11-a624-fac1763dc03b
2019-10-12 06:08:53,788 [pool-419-thread-1] INFO  server.RaftServerConfigKeys (ConfUtils.java:logGet(43)) - raft.server.log.purge.gap = 1000000 (custom)
2019-10-12 06:08:53,788 [pool-409-thread-1] INFO  server.RaftServerConfigKeys (ConfUtils.java:logGet(43)) - raft.server.log.queue.byte-limit = 2147483647 (custom)
2019-10-12 06:08:53,788 [pool-429-thread-1] INFO  server.RaftServerConfigKeys (ConfUtils.java:logGet(43)) - raft.server.log.purge.gap = 1000000 (custom)
2019-10-12 06:08:53,789 [pool-409-thread-1] INFO  server.RaftServerConfigKeys (ConfUtils.java:logGet(43)) - raft.server.log.queue.element-limit = 1024 (custom)
2019-10-12 06:08:53,789 [pool-419-thread-1] INFO  server.RaftServerConfigKeys (ConfUtils.java:logGet(43)) - raft.server.log.appender.buffer.byte-limit = 33554432 (custom)
2019-10-12 06:08:53,789 [pool-409-thread-1] INFO  server.RaftServerConfigKeys (ConfUtils.java:logGet(43)) - raft.server.log.segment.size.max = 1048576 (custom)
2019-10-12 06:08:53,789 [pool-429-thread-1] INFO  server.RaftServerConfigKeys (ConfUtils.java:logGet(43)) - raft.server.log.appender.buffer.byte-limit = 33554432 (custom)
2019-10-12 06:08:53,789 [pool-409-thread-1] INFO  server.RaftServerConfigKeys (ConfUtils.java:logGet(43)) - raft.server.log.preallocated.size = 16384 (custom)
2019-10-12 06:08:53,789 [pool-419-thread-1] INFO  server.RaftServerConfigKeys (ConfUtils.java:logGet(43)) - raft.server.log.segment.size.max = 1048576 (custom)
2019-10-12 06:08:53,790 [pool-409-thread-1] INFO  server.RaftServerConfigKeys (ConfUtils.java:logGet(43)) - raft.server.log.write.buffer.size = 33554432 (custom)
2019-10-12 06:08:53,790 [pool-409-thread-1] INFO  server.RaftServerConfigKeys (ConfUtils.java:logGet(43)) - raft.server.log.force.sync.num = 128 (default)
2019-10-12 06:08:53,790 [pool-429-thread-1] INFO  server.RaftServerConfigKeys (ConfUtils.java:logGet(43)) - raft.server.log.segment.size.max = 1048576 (custom)
2019-10-12 06:08:53,790 [IPC Server handler 17 on 36149] INFO  net.NetworkTopology (NetworkTopologyImpl.java:add(111)) - Added a new node: /default-rack/db6618ce-b8a9-47f2-ad5f-d543322dce6c
2019-10-12 06:08:53,790 [pool-429-thread-1] INFO  server.RaftServerConfigKeys (ConfUtils.java:logGet(43)) - raft.server.log.segment.cache.num.max = 2 (custom)
2019-10-12 06:08:53,790 [pool-409-thread-1] INFO  server.RaftServerConfigKeys (ConfUtils.java:logGet(43)) - raft.server.log.statemachine.data.sync = true (default)
2019-10-12 06:08:53,790 [pool-419-thread-1] INFO  server.RaftServerConfigKeys (ConfUtils.java:logGet(43)) - raft.server.log.segment.cache.num.max = 2 (custom)
2019-10-12 06:08:53,791 [pool-409-thread-1] INFO  server.RaftServerConfigKeys (ConfUtils.java:logGet(43)) - raft.server.log.statemachine.data.sync.timeout = 10s (default)
2019-10-12 06:08:53,791 [pool-429-thread-1] INFO  segmented.SegmentedRaftLogWorker (SegmentedRaftLogWorker.java:<init>(173)) - new 52c97a1b-8f2c-483e-bdde-fcf48c4533c7@group-FAC1763DC03B-SegmentedRaftLogWorker for RaftStorage:Storage Directory /workdir/hadoop-ozone/integration-test/target/test-dir/MiniOzoneClusterImpl-061316ad-a4b7-44e7-91bd-8dc93601c629/datanode-2/data/ratis/831185b6-6d22-4c11-a624-fac1763dc03b
2019-10-12 06:08:53,791 [pool-429-thread-1] INFO  server.RaftServerConfigKeys (ConfUtils.java:logGet(43)) - raft.server.log.queue.byte-limit = 2147483647 (custom)
2019-10-12 06:08:53,791 [IPC Server handler 17 on 36149] INFO  node.SCMNodeManager (SCMNodeManager.java:register(268)) - Registered Data node : db6618ce-b8a9-47f2-ad5f-d543322dce6c{ip: 192.168.5.146, host: pr-hdds-1737-b78td-2979900912, networkLocation: /default-rack, certSerialId: null}
2019-10-12 06:08:53,792 [pool-429-thread-1] INFO  server.RaftServerConfigKeys (ConfUtils.java:logGet(43)) - raft.server.log.queue.element-limit = 1024 (custom)
2019-10-12 06:08:53,791 [pool-409-thread-1] INFO  server.RaftServerConfigKeys (ConfUtils.java:logGet(43)) - raft.server.log.statemachine.data.sync.timeout.retry = -1 (default)
2019-10-12 06:08:53,791 [pool-419-thread-1] INFO  segmented.SegmentedRaftLogWorker (SegmentedRaftLogWorker.java:<init>(173)) - new 9bf1e6db-7e19-4234-afcc-3b42824906ec@group-FAC1763DC03B-SegmentedRaftLogWorker for RaftStorage:Storage Directory /workdir/hadoop-ozone/integration-test/target/test-dir/MiniOzoneClusterImpl-061316ad-a4b7-44e7-91bd-8dc93601c629/datanode-1/data/ratis/831185b6-6d22-4c11-a624-fac1763dc03b
2019-10-12 06:08:53,792 [pool-409-thread-1] INFO  server.RaftServerConfigKeys (ConfUtils.java:logGet(43)) - raft.server.log.statemachine.data.caching.enabled = true (custom)
2019-10-12 06:08:53,792 [pool-429-thread-1] INFO  server.RaftServerConfigKeys (ConfUtils.java:logGet(43)) - raft.server.log.segment.size.max = 1048576 (custom)
2019-10-12 06:08:53,793 [pool-409-thread-1] INFO  segmented.SegmentedRaftLogWorker (SegmentedRaftLogWorker.java:lambda$new$0(128)) - 64da61d9-cb68-4c4c-9b52-28a6dfa4d899@group-FAC1763DC03B-SegmentedRaftLogWorker: flushIndex: setUnconditionally 0 -> -1
2019-10-12 06:08:53,792 [pool-419-thread-1] INFO  server.RaftServerConfigKeys (ConfUtils.java:logGet(43)) - raft.server.log.queue.byte-limit = 2147483647 (custom)
2019-10-12 06:08:53,793 [pool-429-thread-1] INFO  server.RaftServerConfigKeys (ConfUtils.java:logGet(43)) - raft.server.log.preallocated.size = 16384 (custom)
2019-10-12 06:08:53,793 [pool-409-thread-1] INFO  server.RaftServerConfigKeys (ConfUtils.java:logGet(43)) - raft.server.snapshot.auto.trigger.enabled = true (custom)
2019-10-12 06:08:53,793 [pool-419-thread-1] INFO  server.RaftServerConfigKeys (ConfUtils.java:logGet(43)) - raft.server.log.queue.element-limit = 1024 (custom)
2019-10-12 06:08:53,793 [pool-409-thread-1] INFO  server.RaftServerConfigKeys (ConfUtils.java:logGet(43)) - raft.server.snapshot.auto.trigger.threshold = 10000 (custom)
2019-10-12 06:08:53,793 [pool-429-thread-1] INFO  server.RaftServerConfigKeys (ConfUtils.java:logGet(43)) - raft.server.log.write.buffer.size = 33554432 (custom)
2019-10-12 06:08:53,794 [pool-409-thread-1] INFO  server.RaftServerConfigKeys (ConfUtils.java:logGet(43)) - raft.server.snapshot.retention.file.num = 5 (custom)
2019-10-12 06:08:53,793 [pool-419-thread-1] INFO  server.RaftServerConfigKeys (ConfUtils.java:logGet(43)) - raft.server.log.segment.size.max = 1048576 (custom)
2019-10-12 06:08:53,794 [pool-409-thread-1] INFO  server.RaftServerConfigKeys (ConfUtils.java:logGet(43)) - raft.server.retrycache.expirytime = 600000ms (custom)
2019-10-12 06:08:53,794 [pool-429-thread-1] INFO  server.RaftServerConfigKeys (ConfUtils.java:logGet(43)) - raft.server.log.force.sync.num = 128 (default)
2019-10-12 06:08:53,794 [pool-419-thread-1] INFO  server.RaftServerConfigKeys (ConfUtils.java:logGet(43)) - raft.server.log.preallocated.size = 16384 (custom)
2019-10-12 06:08:53,794 [pool-429-thread-1] INFO  server.RaftServerConfigKeys (ConfUtils.java:logGet(43)) - raft.server.log.statemachine.data.sync = true (default)
2019-10-12 06:08:53,794 [pool-419-thread-1] INFO  server.RaftServerConfigKeys (ConfUtils.java:logGet(43)) - raft.server.log.write.buffer.size = 33554432 (custom)
2019-10-12 06:08:53,795 [pool-429-thread-1] INFO  server.RaftServerConfigKeys (ConfUtils.java:logGet(43)) - raft.server.log.statemachine.data.sync.timeout = 10s (default)
2019-10-12 06:08:53,795 [pool-419-thread-1] INFO  server.RaftServerConfigKeys (ConfUtils.java:logGet(43)) - raft.server.log.force.sync.num = 128 (default)
2019-10-12 06:08:53,795 [pool-429-thread-1] INFO  server.RaftServerConfigKeys (ConfUtils.java:logGet(43)) - raft.server.log.statemachine.data.sync.timeout.retry = -1 (default)
2019-10-12 06:08:53,795 [pool-419-thread-1] INFO  server.RaftServerConfigKeys (ConfUtils.java:logGet(43)) - raft.server.log.statemachine.data.sync = true (default)
2019-10-12 06:08:53,795 [pool-429-thread-1] INFO  server.RaftServerConfigKeys (ConfUtils.java:logGet(43)) - raft.server.log.statemachine.data.caching.enabled = true (custom)
2019-10-12 06:08:53,795 [pool-419-thread-1] INFO  server.RaftServerConfigKeys (ConfUtils.java:logGet(43)) - raft.server.log.statemachine.data.sync.timeout = 10s (default)
2019-10-12 06:08:53,796 [pool-419-thread-1] INFO  server.RaftServerConfigKeys (ConfUtils.java:logGet(43)) - raft.server.log.statemachine.data.sync.timeout.retry = -1 (default)
2019-10-12 06:08:53,796 [pool-429-thread-1] INFO  segmented.SegmentedRaftLogWorker (SegmentedRaftLogWorker.java:lambda$new$0(128)) - 52c97a1b-8f2c-483e-bdde-fcf48c4533c7@group-FAC1763DC03B-SegmentedRaftLogWorker: flushIndex: setUnconditionally 0 -> -1
2019-10-12 06:08:53,796 [pool-419-thread-1] INFO  server.RaftServerConfigKeys (ConfUtils.java:logGet(43)) - raft.server.log.statemachine.data.caching.enabled = true (custom)
2019-10-12 06:08:53,796 [pool-429-thread-1] INFO  server.RaftServerConfigKeys (ConfUtils.java:logGet(43)) - raft.server.snapshot.auto.trigger.enabled = true (custom)
2019-10-12 06:08:53,796 [pool-419-thread-1] INFO  segmented.SegmentedRaftLogWorker (SegmentedRaftLogWorker.java:lambda$new$0(128)) - 9bf1e6db-7e19-4234-afcc-3b42824906ec@group-FAC1763DC03B-SegmentedRaftLogWorker: flushIndex: setUnconditionally 0 -> -1
2019-10-12 06:08:53,796 [pool-409-thread-1] INFO  impl.RaftServerImpl (RaftServerImpl.java:start(181)) - 64da61d9-cb68-4c4c-9b52-28a6dfa4d899@group-FAC1763DC03B: start as a follower, conf=-1: [9bf1e6db-7e19-4234-afcc-3b42824906ec:192.168.5.146:37862, 52c97a1b-8f2c-483e-bdde-fcf48c4533c7:192.168.5.146:38443, 64da61d9-cb68-4c4c-9b52-28a6dfa4d899:192.168.5.146:38184], old=null
2019-10-12 06:08:53,797 [pool-419-thread-1] INFO  server.RaftServerConfigKeys (ConfUtils.java:logGet(43)) - raft.server.snapshot.auto.trigger.enabled = true (custom)
2019-10-12 06:08:53,796 [pool-429-thread-1] INFO  server.RaftServerConfigKeys (ConfUtils.java:logGet(43)) - raft.server.snapshot.auto.trigger.threshold = 10000 (custom)
2019-10-12 06:08:53,797 [pool-419-thread-1] INFO  server.RaftServerConfigKeys (ConfUtils.java:logGet(43)) - raft.server.snapshot.auto.trigger.threshold = 10000 (custom)
2019-10-12 06:08:53,797 [pool-409-thread-1] INFO  impl.RaftServerImpl (RaftServerImpl.java:setRole(170)) - 64da61d9-cb68-4c4c-9b52-28a6dfa4d899@group-FAC1763DC03B: changes role from      null to FOLLOWER at term 0 for startAsFollower
2019-10-12 06:08:53,797 [pool-419-thread-1] INFO  server.RaftServerConfigKeys (ConfUtils.java:logGet(43)) - raft.server.snapshot.retention.file.num = 5 (custom)
2019-10-12 06:08:53,797 [pool-429-thread-1] INFO  server.RaftServerConfigKeys (ConfUtils.java:logGet(43)) - raft.server.snapshot.retention.file.num = 5 (custom)
2019-10-12 06:08:53,797 [pool-419-thread-1] INFO  server.RaftServerConfigKeys (ConfUtils.java:logGet(43)) - raft.server.retrycache.expirytime = 600000ms (custom)
2019-10-12 06:08:53,797 [pool-409-thread-1] INFO  impl.RoleInfo (RoleInfo.java:updateAndGet(143)) - 64da61d9-cb68-4c4c-9b52-28a6dfa4d899: start FollowerState
2019-10-12 06:08:53,797 [pool-429-thread-1] INFO  server.RaftServerConfigKeys (ConfUtils.java:logGet(43)) - raft.server.retrycache.expirytime = 600000ms (custom)
2019-10-12 06:08:53,798 [pool-409-thread-1] INFO  util.JmxRegister (JmxRegister.java:tryRegister(44)) - Successfully registered JMX Bean with object name Ratis:service=RaftServer,group=group-FAC1763DC03B,id=64da61d9-cb68-4c4c-9b52-28a6dfa4d899
2019-10-12 06:08:53,801 [pool-419-thread-1] INFO  impl.RaftServerImpl (RaftServerImpl.java:start(181)) - 9bf1e6db-7e19-4234-afcc-3b42824906ec@group-FAC1763DC03B: start as a follower, conf=-1: [9bf1e6db-7e19-4234-afcc-3b42824906ec:192.168.5.146:37862, 52c97a1b-8f2c-483e-bdde-fcf48c4533c7:192.168.5.146:38443, 64da61d9-cb68-4c4c-9b52-28a6dfa4d899:192.168.5.146:38184], old=null
2019-10-12 06:08:53,801 [pool-419-thread-1] INFO  impl.RaftServerImpl (RaftServerImpl.java:setRole(170)) - 9bf1e6db-7e19-4234-afcc-3b42824906ec@group-FAC1763DC03B: changes role from      null to FOLLOWER at term 0 for startAsFollower
2019-10-12 06:08:53,801 [pool-419-thread-1] INFO  impl.RoleInfo (RoleInfo.java:updateAndGet(143)) - 9bf1e6db-7e19-4234-afcc-3b42824906ec: start FollowerState
2019-10-12 06:08:53,802 [pool-419-thread-1] INFO  util.JmxRegister (JmxRegister.java:tryRegister(44)) - Successfully registered JMX Bean with object name Ratis:service=RaftServer,group=group-FAC1763DC03B,id=9bf1e6db-7e19-4234-afcc-3b42824906ec
2019-10-12 06:08:53,802 [pool-429-thread-1] INFO  impl.RaftServerImpl (RaftServerImpl.java:start(181)) - 52c97a1b-8f2c-483e-bdde-fcf48c4533c7@group-FAC1763DC03B: start as a follower, conf=-1: [9bf1e6db-7e19-4234-afcc-3b42824906ec:192.168.5.146:37862, 52c97a1b-8f2c-483e-bdde-fcf48c4533c7:192.168.5.146:38443, 64da61d9-cb68-4c4c-9b52-28a6dfa4d899:192.168.5.146:38184], old=null
2019-10-12 06:08:53,802 [pool-429-thread-1] INFO  impl.RaftServerImpl (RaftServerImpl.java:setRole(170)) - 52c97a1b-8f2c-483e-bdde-fcf48c4533c7@group-FAC1763DC03B: changes role from      null to FOLLOWER at term 0 for startAsFollower
2019-10-12 06:08:53,802 [pool-429-thread-1] INFO  impl.RoleInfo (RoleInfo.java:updateAndGet(143)) - 52c97a1b-8f2c-483e-bdde-fcf48c4533c7: start FollowerState
2019-10-12 06:08:53,803 [pool-429-thread-1] INFO  util.JmxRegister (JmxRegister.java:tryRegister(44)) - Successfully registered JMX Bean with object name Ratis:service=RaftServer,group=group-FAC1763DC03B,id=52c97a1b-8f2c-483e-bdde-fcf48c4533c7
2019-10-12 06:08:53,816 [RatisPipelineUtilsThread] INFO  pipeline.PipelineStateManager (PipelineStateManager.java:addPipeline(56)) - Created pipeline Pipeline[ Id: 831185b6-6d22-4c11-a624-fac1763dc03b, Nodes: 52c97a1b-8f2c-483e-bdde-fcf48c4533c7{ip: 192.168.5.146, host: pr-hdds-1737-b78td-2979900912, networkLocation: /default-rack, certSerialId: null}9bf1e6db-7e19-4234-afcc-3b42824906ec{ip: 192.168.5.146, host: pr-hdds-1737-b78td-2979900912, networkLocation: /default-rack, certSerialId: null}64da61d9-cb68-4c4c-9b52-28a6dfa4d899{ip: 192.168.5.146, host: pr-hdds-1737-b78td-2979900912, networkLocation: /default-rack, certSerialId: null}, Type:RATIS, Factor:THREE, State:OPEN]
2019-10-12 06:08:53,826 [grpc-default-executor-7] INFO  impl.RaftServerProxy (RaftServerProxy.java:addNew(89)) - 61d60f24-9813-40ff-b2da-f5f3ebb43a56: addNew group-BD551F800DD8:[61d60f24-9813-40ff-b2da-f5f3ebb43a56:192.168.5.146:35885] returns group-BD551F800DD8:java.util.concurrent.CompletableFuture@1efb9f0e[Not completed]
2019-10-12 06:08:53,827 [pool-439-thread-1] INFO  impl.RaftServerImpl (RaftServerImpl.java:<init>(95)) - 61d60f24-9813-40ff-b2da-f5f3ebb43a56: new RaftServerImpl for group-BD551F800DD8:[61d60f24-9813-40ff-b2da-f5f3ebb43a56:192.168.5.146:35885] with ContainerStateMachine:uninitialized
2019-10-12 06:08:53,837 [pool-439-thread-1] INFO  server.RaftServerConfigKeys (ConfUtils.java:logGet(43)) - raft.server.rpc.timeout.min = 5s (custom)
2019-10-12 06:08:53,837 [pool-439-thread-1] INFO  server.RaftServerConfigKeys (ConfUtils.java:logGet(43)) - raft.server.rpc.timeout.max = 5200ms (custom)
2019-10-12 06:08:53,837 [pool-439-thread-1] INFO  server.RaftServerConfigKeys (ConfUtils.java:logGet(43)) - raft.server.rpcslowness.timeout = 120s (custom)
2019-10-12 06:08:53,838 [pool-439-thread-1] INFO  server.RaftServerConfigKeys (ConfUtils.java:logGet(43)) - raft.server.sleep.deviation.threshold = 300 (default)
2019-10-12 06:08:53,838 [pool-439-thread-1] INFO  server.RaftServerConfigKeys (ConfUtils.java:logGet(43)) - raft.server.log.appender.install.snapshot.enabled = false (custom)
2019-10-12 06:08:53,838 [pool-439-thread-1] INFO  impl.RaftServerImpl (ServerState.java:<init>(103)) - 61d60f24-9813-40ff-b2da-f5f3ebb43a56@group-BD551F800DD8: ConfigurationManager, init=-1: [61d60f24-9813-40ff-b2da-f5f3ebb43a56:192.168.5.146:35885], old=null, confs=<EMPTY_MAP>
2019-10-12 06:08:53,838 [pool-439-thread-1] INFO  server.RaftServerConfigKeys (ConfUtils.java:logGet(43)) - raft.server.storage.dir = [/workdir/hadoop-ozone/integration-test/target/test-dir/MiniOzoneClusterImpl-061316ad-a4b7-44e7-91bd-8dc93601c629/datanode-3/data/ratis] (custom)
2019-10-12 06:08:53,838 [pool-439-thread-1] INFO  server.RaftServerConfigKeys (ConfUtils.java:logGet(43)) - raft.server.log.corruption.policy = EXCEPTION (default)
2019-10-12 06:08:53,839 [pool-439-thread-1] INFO  storage.RaftStorageDirectory (RaftStorageDirectory.java:analyzeStorage(246)) - The storage directory /workdir/hadoop-ozone/integration-test/target/test-dir/MiniOzoneClusterImpl-061316ad-a4b7-44e7-91bd-8dc93601c629/datanode-3/data/ratis/711758ef-e2ab-42ff-80c5-bd551f800dd8 does not exist. Creating ...
2019-10-12 06:08:53,852 [IPC Server handler 1 on 36149] INFO  net.NetworkTopology (NetworkTopologyImpl.java:add(111)) - Added a new node: /default-rack/6b17b0ba-7b75-4086-b37c-f0e278e892a5
2019-10-12 06:08:53,855 [pool-439-thread-1] INFO  storage.RaftStorageDirectory (RaftStorageDirectory.java:tryLock(328)) - Lock on /workdir/hadoop-ozone/integration-test/target/test-dir/MiniOzoneClusterImpl-061316ad-a4b7-44e7-91bd-8dc93601c629/datanode-3/data/ratis/711758ef-e2ab-42ff-80c5-bd551f800dd8/in_use.lock acquired by nodename 31896@pr-hdds-1737-b78td-2979900912
2019-10-12 06:08:53,855 [IPC Server handler 1 on 36149] INFO  node.SCMNodeManager (SCMNodeManager.java:register(268)) - Registered Data node : 6b17b0ba-7b75-4086-b37c-f0e278e892a5{ip: 192.168.5.146, host: pr-hdds-1737-b78td-2979900912, networkLocation: /default-rack, certSerialId: null}
2019-10-12 06:08:53,867 [pool-439-thread-1] INFO  storage.RaftStorage (RaftStorage.java:format(84)) - Storage directory /workdir/hadoop-ozone/integration-test/target/test-dir/MiniOzoneClusterImpl-061316ad-a4b7-44e7-91bd-8dc93601c629/datanode-3/data/ratis/711758ef-e2ab-42ff-80c5-bd551f800dd8 has been successfully formatted.
2019-10-12 06:08:53,867 [pool-439-thread-1] INFO  ratis.ContainerStateMachine (ContainerStateMachine.java:loadSnapshot(231)) - group-BD551F800DD8: The snapshot info is null. Setting the last applied indexto:(t:0, i:~)
2019-10-12 06:08:53,868 [pool-439-thread-1] INFO  server.RaftServerConfigKeys (ConfUtils.java:logGet(43)) - raft.server.notification.no-leader.timeout = 120s (custom)
2019-10-12 06:08:53,868 [pool-439-thread-1] INFO  server.RaftServerConfigKeys (ConfUtils.java:logGet(43)) - raft.server.log.use.memory = false (default)
2019-10-12 06:08:53,868 [pool-439-thread-1] INFO  server.RaftServerConfigKeys (ConfUtils.java:logGet(43)) - raft.server.log.purge.gap = 1000000 (custom)
2019-10-12 06:08:53,868 [pool-439-thread-1] INFO  server.RaftServerConfigKeys (ConfUtils.java:logGet(43)) - raft.server.log.appender.buffer.byte-limit = 33554432 (custom)
2019-10-12 06:08:53,868 [pool-439-thread-1] INFO  server.RaftServerConfigKeys (ConfUtils.java:logGet(43)) - raft.server.log.segment.size.max = 1048576 (custom)
2019-10-12 06:08:53,870 [pool-439-thread-1] INFO  server.RaftServerConfigKeys (ConfUtils.java:logGet(43)) - raft.server.log.segment.cache.num.max = 2 (custom)
2019-10-12 06:08:53,870 [pool-439-thread-1] INFO  segmented.SegmentedRaftLogWorker (SegmentedRaftLogWorker.java:<init>(173)) - new 61d60f24-9813-40ff-b2da-f5f3ebb43a56@group-BD551F800DD8-SegmentedRaftLogWorker for RaftStorage:Storage Directory /workdir/hadoop-ozone/integration-test/target/test-dir/MiniOzoneClusterImpl-061316ad-a4b7-44e7-91bd-8dc93601c629/datanode-3/data/ratis/711758ef-e2ab-42ff-80c5-bd551f800dd8
2019-10-12 06:08:53,870 [pool-439-thread-1] INFO  server.RaftServerConfigKeys (ConfUtils.java:logGet(43)) - raft.server.log.queue.byte-limit = 2147483647 (custom)
2019-10-12 06:08:53,871 [pool-439-thread-1] INFO  server.RaftServerConfigKeys (ConfUtils.java:logGet(43)) - raft.server.log.queue.element-limit = 1024 (custom)
2019-10-12 06:08:53,871 [pool-439-thread-1] INFO  server.RaftServerConfigKeys (ConfUtils.java:logGet(43)) - raft.server.log.segment.size.max = 1048576 (custom)
2019-10-12 06:08:53,871 [pool-439-thread-1] INFO  server.RaftServerConfigKeys (ConfUtils.java:logGet(43)) - raft.server.log.preallocated.size = 16384 (custom)
2019-10-12 06:08:53,871 [pool-439-thread-1] INFO  server.RaftServerConfigKeys (ConfUtils.java:logGet(43)) - raft.server.log.write.buffer.size = 33554432 (custom)
2019-10-12 06:08:53,871 [pool-439-thread-1] INFO  server.RaftServerConfigKeys (ConfUtils.java:logGet(43)) - raft.server.log.force.sync.num = 128 (default)
2019-10-12 06:08:53,871 [pool-439-thread-1] INFO  server.RaftServerConfigKeys (ConfUtils.java:logGet(43)) - raft.server.log.statemachine.data.sync = true (default)
2019-10-12 06:08:53,872 [pool-439-thread-1] INFO  server.RaftServerConfigKeys (ConfUtils.java:logGet(43)) - raft.server.log.statemachine.data.sync.timeout = 10s (default)
2019-10-12 06:08:53,872 [pool-439-thread-1] INFO  server.RaftServerConfigKeys (ConfUtils.java:logGet(43)) - raft.server.log.statemachine.data.sync.timeout.retry = -1 (default)
2019-10-12 06:08:53,872 [pool-439-thread-1] INFO  server.RaftServerConfigKeys (ConfUtils.java:logGet(43)) - raft.server.log.statemachine.data.caching.enabled = true (custom)
2019-10-12 06:08:53,872 [pool-439-thread-1] INFO  segmented.SegmentedRaftLogWorker (SegmentedRaftLogWorker.java:lambda$new$0(128)) - 61d60f24-9813-40ff-b2da-f5f3ebb43a56@group-BD551F800DD8-SegmentedRaftLogWorker: flushIndex: setUnconditionally 0 -> -1
2019-10-12 06:08:53,873 [pool-439-thread-1] INFO  server.RaftServerConfigKeys (ConfUtils.java:logGet(43)) - raft.server.snapshot.auto.trigger.enabled = true (custom)
2019-10-12 06:08:53,873 [pool-439-thread-1] INFO  server.RaftServerConfigKeys (ConfUtils.java:logGet(43)) - raft.server.snapshot.auto.trigger.threshold = 10000 (custom)
2019-10-12 06:08:53,873 [pool-439-thread-1] INFO  server.RaftServerConfigKeys (ConfUtils.java:logGet(43)) - raft.server.snapshot.retention.file.num = 5 (custom)
2019-10-12 06:08:53,873 [pool-439-thread-1] INFO  server.RaftServerConfigKeys (ConfUtils.java:logGet(43)) - raft.server.retrycache.expirytime = 600000ms (custom)
2019-10-12 06:08:53,875 [pool-439-thread-1] INFO  impl.RaftServerImpl (RaftServerImpl.java:start(181)) - 61d60f24-9813-40ff-b2da-f5f3ebb43a56@group-BD551F800DD8: start as a follower, conf=-1: [61d60f24-9813-40ff-b2da-f5f3ebb43a56:192.168.5.146:35885], old=null
2019-10-12 06:08:53,875 [pool-439-thread-1] INFO  impl.RaftServerImpl (RaftServerImpl.java:setRole(170)) - 61d60f24-9813-40ff-b2da-f5f3ebb43a56@group-BD551F800DD8: changes role from      null to FOLLOWER at term 0 for startAsFollower
2019-10-12 06:08:53,875 [pool-439-thread-1] INFO  impl.RoleInfo (RoleInfo.java:updateAndGet(143)) - 61d60f24-9813-40ff-b2da-f5f3ebb43a56: start FollowerState
2019-10-12 06:08:53,883 [pool-439-thread-1] INFO  util.JmxRegister (JmxRegister.java:tryRegister(44)) - Successfully registered JMX Bean with object name Ratis:service=RaftServer,group=group-BD551F800DD8,id=61d60f24-9813-40ff-b2da-f5f3ebb43a56
2019-10-12 06:08:53,894 [RatisPipelineUtilsThread] INFO  pipeline.PipelineStateManager (PipelineStateManager.java:addPipeline(56)) - Created pipeline Pipeline[ Id: 711758ef-e2ab-42ff-80c5-bd551f800dd8, Nodes: 61d60f24-9813-40ff-b2da-f5f3ebb43a56{ip: 192.168.5.146, host: pr-hdds-1737-b78td-2979900912, networkLocation: /default-rack, certSerialId: null}, Type:RATIS, Factor:ONE, State:OPEN]
2019-10-12 06:08:53,899 [grpc-default-executor-7] INFO  impl.RaftServerProxy (RaftServerProxy.java:addNew(89)) - 6b17b0ba-7b75-4086-b37c-f0e278e892a5: addNew group-C5B097DDB6E0:[6b17b0ba-7b75-4086-b37c-f0e278e892a5:192.168.5.146:36346] returns group-C5B097DDB6E0:java.util.concurrent.CompletableFuture@5c775838[Not completed]
2019-10-12 06:08:53,901 [pool-459-thread-1] INFO  impl.RaftServerImpl (RaftServerImpl.java:<init>(95)) - 6b17b0ba-7b75-4086-b37c-f0e278e892a5: new RaftServerImpl for group-C5B097DDB6E0:[6b17b0ba-7b75-4086-b37c-f0e278e892a5:192.168.5.146:36346] with ContainerStateMachine:uninitialized
2019-10-12 06:08:53,901 [pool-459-thread-1] INFO  server.RaftServerConfigKeys (ConfUtils.java:logGet(43)) - raft.server.rpc.timeout.min = 5s (custom)
2019-10-12 06:08:53,901 [pool-459-thread-1] INFO  server.RaftServerConfigKeys (ConfUtils.java:logGet(43)) - raft.server.rpc.timeout.max = 5200ms (custom)
2019-10-12 06:08:53,901 [pool-459-thread-1] INFO  server.RaftServerConfigKeys (ConfUtils.java:logGet(43)) - raft.server.rpcslowness.timeout = 120s (custom)
2019-10-12 06:08:53,902 [pool-459-thread-1] INFO  server.RaftServerConfigKeys (ConfUtils.java:logGet(43)) - raft.server.sleep.deviation.threshold = 300 (default)
2019-10-12 06:08:53,902 [pool-459-thread-1] INFO  server.RaftServerConfigKeys (ConfUtils.java:logGet(43)) - raft.server.log.appender.install.snapshot.enabled = false (custom)
2019-10-12 06:08:53,902 [pool-459-thread-1] INFO  impl.RaftServerImpl (ServerState.java:<init>(103)) - 6b17b0ba-7b75-4086-b37c-f0e278e892a5@group-C5B097DDB6E0: ConfigurationManager, init=-1: [6b17b0ba-7b75-4086-b37c-f0e278e892a5:192.168.5.146:36346], old=null, confs=<EMPTY_MAP>
2019-10-12 06:08:53,902 [pool-459-thread-1] INFO  server.RaftServerConfigKeys (ConfUtils.java:logGet(43)) - raft.server.storage.dir = [/workdir/hadoop-ozone/integration-test/target/test-dir/MiniOzoneClusterImpl-061316ad-a4b7-44e7-91bd-8dc93601c629/datanode-5/data/ratis] (custom)
2019-10-12 06:08:53,902 [pool-459-thread-1] INFO  server.RaftServerConfigKeys (ConfUtils.java:logGet(43)) - raft.server.log.corruption.policy = EXCEPTION (default)
2019-10-12 06:08:53,903 [pool-459-thread-1] INFO  storage.RaftStorageDirectory (RaftStorageDirectory.java:analyzeStorage(246)) - The storage directory /workdir/hadoop-ozone/integration-test/target/test-dir/MiniOzoneClusterImpl-061316ad-a4b7-44e7-91bd-8dc93601c629/datanode-5/data/ratis/f2707df9-a65f-41ce-bd05-c5b097ddb6e0 does not exist. Creating ...
2019-10-12 06:08:53,915 [pool-459-thread-1] INFO  storage.RaftStorageDirectory (RaftStorageDirectory.java:tryLock(328)) - Lock on /workdir/hadoop-ozone/integration-test/target/test-dir/MiniOzoneClusterImpl-061316ad-a4b7-44e7-91bd-8dc93601c629/datanode-5/data/ratis/f2707df9-a65f-41ce-bd05-c5b097ddb6e0/in_use.lock acquired by nodename 31896@pr-hdds-1737-b78td-2979900912
2019-10-12 06:08:53,915 [main] INFO  ozone.MiniOzoneClusterImpl (MiniOzoneClusterImpl.java:lambda$waitForClusterToBeReady$0(147)) - Waiting for cluster to be ready. Got 6 of 7 DN Heartbeats.
2019-10-12 06:08:53,916 [IPC Server handler 2 on 36149] INFO  net.NetworkTopology (NetworkTopologyImpl.java:add(111)) - Added a new node: /default-rack/0baff407-2ef8-406d-9611-6376963c72ea
2019-10-12 06:08:53,916 [IPC Server handler 2 on 36149] INFO  node.SCMNodeManager (SCMNodeManager.java:register(268)) - Registered Data node : 0baff407-2ef8-406d-9611-6376963c72ea{ip: 192.168.5.146, host: pr-hdds-1737-b78td-2979900912, networkLocation: /default-rack, certSerialId: null}
2019-10-12 06:08:53,936 [pool-459-thread-1] INFO  storage.RaftStorage (RaftStorage.java:format(84)) - Storage directory /workdir/hadoop-ozone/integration-test/target/test-dir/MiniOzoneClusterImpl-061316ad-a4b7-44e7-91bd-8dc93601c629/datanode-5/data/ratis/f2707df9-a65f-41ce-bd05-c5b097ddb6e0 has been successfully formatted.
2019-10-12 06:08:53,936 [pool-459-thread-1] INFO  ratis.ContainerStateMachine (ContainerStateMachine.java:loadSnapshot(231)) - group-C5B097DDB6E0: The snapshot info is null. Setting the last applied indexto:(t:0, i:~)
2019-10-12 06:08:53,936 [pool-459-thread-1] INFO  server.RaftServerConfigKeys (ConfUtils.java:logGet(43)) - raft.server.notification.no-leader.timeout = 120s (custom)
2019-10-12 06:08:53,936 [pool-459-thread-1] INFO  server.RaftServerConfigKeys (ConfUtils.java:logGet(43)) - raft.server.log.use.memory = false (default)
2019-10-12 06:08:53,936 [pool-459-thread-1] INFO  server.RaftServerConfigKeys (ConfUtils.java:logGet(43)) - raft.server.log.purge.gap = 1000000 (custom)
2019-10-12 06:08:53,936 [pool-459-thread-1] INFO  server.RaftServerConfigKeys (ConfUtils.java:logGet(43)) - raft.server.log.appender.buffer.byte-limit = 33554432 (custom)
2019-10-12 06:08:53,937 [pool-459-thread-1] INFO  server.RaftServerConfigKeys (ConfUtils.java:logGet(43)) - raft.server.log.segment.size.max = 1048576 (custom)
2019-10-12 06:08:53,938 [pool-459-thread-1] INFO  server.RaftServerConfigKeys (ConfUtils.java:logGet(43)) - raft.server.log.segment.cache.num.max = 2 (custom)
2019-10-12 06:08:53,938 [pool-459-thread-1] INFO  segmented.SegmentedRaftLogWorker (SegmentedRaftLogWorker.java:<init>(173)) - new 6b17b0ba-7b75-4086-b37c-f0e278e892a5@group-C5B097DDB6E0-SegmentedRaftLogWorker for RaftStorage:Storage Directory /workdir/hadoop-ozone/integration-test/target/test-dir/MiniOzoneClusterImpl-061316ad-a4b7-44e7-91bd-8dc93601c629/datanode-5/data/ratis/f2707df9-a65f-41ce-bd05-c5b097ddb6e0
2019-10-12 06:08:53,938 [pool-459-thread-1] INFO  server.RaftServerConfigKeys (ConfUtils.java:logGet(43)) - raft.server.log.queue.byte-limit = 2147483647 (custom)
2019-10-12 06:08:53,938 [pool-459-thread-1] INFO  server.RaftServerConfigKeys (ConfUtils.java:logGet(43)) - raft.server.log.queue.element-limit = 1024 (custom)
2019-10-12 06:08:53,939 [pool-459-thread-1] INFO  server.RaftServerConfigKeys (ConfUtils.java:logGet(43)) - raft.server.log.segment.size.max = 1048576 (custom)
2019-10-12 06:08:53,939 [pool-459-thread-1] INFO  server.RaftServerConfigKeys (ConfUtils.java:logGet(43)) - raft.server.log.preallocated.size = 16384 (custom)
2019-10-12 06:08:53,939 [pool-459-thread-1] INFO  server.RaftServerConfigKeys (ConfUtils.java:logGet(43)) - raft.server.log.write.buffer.size = 33554432 (custom)
2019-10-12 06:08:53,939 [pool-459-thread-1] INFO  server.RaftServerConfigKeys (ConfUtils.java:logGet(43)) - raft.server.log.force.sync.num = 128 (default)
2019-10-12 06:08:53,939 [pool-459-thread-1] INFO  server.RaftServerConfigKeys (ConfUtils.java:logGet(43)) - raft.server.log.statemachine.data.sync = true (default)
2019-10-12 06:08:53,939 [pool-459-thread-1] INFO  server.RaftServerConfigKeys (ConfUtils.java:logGet(43)) - raft.server.log.statemachine.data.sync.timeout = 10s (default)
2019-10-12 06:08:53,939 [pool-459-thread-1] INFO  server.RaftServerConfigKeys (ConfUtils.java:logGet(43)) - raft.server.log.statemachine.data.sync.timeout.retry = -1 (default)
2019-10-12 06:08:53,940 [pool-459-thread-1] INFO  server.RaftServerConfigKeys (ConfUtils.java:logGet(43)) - raft.server.log.statemachine.data.caching.enabled = true (custom)
2019-10-12 06:08:53,940 [pool-459-thread-1] INFO  segmented.SegmentedRaftLogWorker (SegmentedRaftLogWorker.java:lambda$new$0(128)) - 6b17b0ba-7b75-4086-b37c-f0e278e892a5@group-C5B097DDB6E0-SegmentedRaftLogWorker: flushIndex: setUnconditionally 0 -> -1
2019-10-12 06:08:53,941 [pool-459-thread-1] INFO  server.RaftServerConfigKeys (ConfUtils.java:logGet(43)) - raft.server.snapshot.auto.trigger.enabled = true (custom)
2019-10-12 06:08:53,941 [pool-459-thread-1] INFO  server.RaftServerConfigKeys (ConfUtils.java:logGet(43)) - raft.server.snapshot.auto.trigger.threshold = 10000 (custom)
2019-10-12 06:08:53,941 [pool-459-thread-1] INFO  server.RaftServerConfigKeys (ConfUtils.java:logGet(43)) - raft.server.snapshot.retention.file.num = 5 (custom)
2019-10-12 06:08:53,941 [pool-459-thread-1] INFO  server.RaftServerConfigKeys (ConfUtils.java:logGet(43)) - raft.server.retrycache.expirytime = 600000ms (custom)
2019-10-12 06:08:53,942 [pool-459-thread-1] INFO  impl.RaftServerImpl (RaftServerImpl.java:start(181)) - 6b17b0ba-7b75-4086-b37c-f0e278e892a5@group-C5B097DDB6E0: start as a follower, conf=-1: [6b17b0ba-7b75-4086-b37c-f0e278e892a5:192.168.5.146:36346], old=null
2019-10-12 06:08:53,943 [pool-459-thread-1] INFO  impl.RaftServerImpl (RaftServerImpl.java:setRole(170)) - 6b17b0ba-7b75-4086-b37c-f0e278e892a5@group-C5B097DDB6E0: changes role from      null to FOLLOWER at term 0 for startAsFollower
2019-10-12 06:08:53,943 [pool-459-thread-1] INFO  impl.RoleInfo (RoleInfo.java:updateAndGet(143)) - 6b17b0ba-7b75-4086-b37c-f0e278e892a5: start FollowerState
2019-10-12 06:08:53,943 [pool-459-thread-1] INFO  util.JmxRegister (JmxRegister.java:tryRegister(44)) - Successfully registered JMX Bean with object name Ratis:service=RaftServer,group=group-C5B097DDB6E0,id=6b17b0ba-7b75-4086-b37c-f0e278e892a5
2019-10-12 06:08:53,948 [RatisPipelineUtilsThread] INFO  pipeline.PipelineStateManager (PipelineStateManager.java:addPipeline(56)) - Created pipeline Pipeline[ Id: f2707df9-a65f-41ce-bd05-c5b097ddb6e0, Nodes: 6b17b0ba-7b75-4086-b37c-f0e278e892a5{ip: 192.168.5.146, host: pr-hdds-1737-b78td-2979900912, networkLocation: /default-rack, certSerialId: null}, Type:RATIS, Factor:ONE, State:OPEN]
2019-10-12 06:08:53,955 [grpc-default-executor-7] INFO  impl.RaftServerProxy (RaftServerProxy.java:addNew(89)) - 0baff407-2ef8-406d-9611-6376963c72ea: addNew group-833281CF19C8:[0baff407-2ef8-406d-9611-6376963c72ea:192.168.5.146:38301] returns group-833281CF19C8:java.util.concurrent.CompletableFuture@845d89c[Not completed]
2019-10-12 06:08:53,956 [pool-469-thread-1] INFO  impl.RaftServerImpl (RaftServerImpl.java:<init>(95)) - 0baff407-2ef8-406d-9611-6376963c72ea: new RaftServerImpl for group-833281CF19C8:[0baff407-2ef8-406d-9611-6376963c72ea:192.168.5.146:38301] with ContainerStateMachine:uninitialized
2019-10-12 06:08:53,956 [pool-469-thread-1] INFO  server.RaftServerConfigKeys (ConfUtils.java:logGet(43)) - raft.server.rpc.timeout.min = 5s (custom)
2019-10-12 06:08:53,956 [pool-469-thread-1] INFO  server.RaftServerConfigKeys (ConfUtils.java:logGet(43)) - raft.server.rpc.timeout.max = 5200ms (custom)
2019-10-12 06:08:53,956 [pool-469-thread-1] INFO  server.RaftServerConfigKeys (ConfUtils.java:logGet(43)) - raft.server.rpcslowness.timeout = 120s (custom)
2019-10-12 06:08:53,956 [pool-469-thread-1] INFO  server.RaftServerConfigKeys (ConfUtils.java:logGet(43)) - raft.server.sleep.deviation.threshold = 300 (default)
2019-10-12 06:08:53,956 [pool-469-thread-1] INFO  server.RaftServerConfigKeys (ConfUtils.java:logGet(43)) - raft.server.log.appender.install.snapshot.enabled = false (custom)
2019-10-12 06:08:53,956 [pool-469-thread-1] INFO  impl.RaftServerImpl (ServerState.java:<init>(103)) - 0baff407-2ef8-406d-9611-6376963c72ea@group-833281CF19C8: ConfigurationManager, init=-1: [0baff407-2ef8-406d-9611-6376963c72ea:192.168.5.146:38301], old=null, confs=<EMPTY_MAP>
2019-10-12 06:08:53,956 [pool-469-thread-1] INFO  server.RaftServerConfigKeys (ConfUtils.java:logGet(43)) - raft.server.storage.dir = [/workdir/hadoop-ozone/integration-test/target/test-dir/MiniOzoneClusterImpl-061316ad-a4b7-44e7-91bd-8dc93601c629/datanode-6/data/ratis] (custom)
2019-10-12 06:08:53,957 [pool-469-thread-1] INFO  server.RaftServerConfigKeys (ConfUtils.java:logGet(43)) - raft.server.log.corruption.policy = EXCEPTION (default)
2019-10-12 06:08:53,957 [pool-469-thread-1] INFO  storage.RaftStorageDirectory (RaftStorageDirectory.java:analyzeStorage(246)) - The storage directory /workdir/hadoop-ozone/integration-test/target/test-dir/MiniOzoneClusterImpl-061316ad-a4b7-44e7-91bd-8dc93601c629/datanode-6/data/ratis/99f7917b-6813-48d4-8a57-833281cf19c8 does not exist. Creating ...
2019-10-12 06:08:53,969 [pool-469-thread-1] INFO  storage.RaftStorageDirectory (RaftStorageDirectory.java:tryLock(328)) - Lock on /workdir/hadoop-ozone/integration-test/target/test-dir/MiniOzoneClusterImpl-061316ad-a4b7-44e7-91bd-8dc93601c629/datanode-6/data/ratis/99f7917b-6813-48d4-8a57-833281cf19c8/in_use.lock acquired by nodename 31896@pr-hdds-1737-b78td-2979900912
2019-10-12 06:08:53,982 [pool-469-thread-1] INFO  storage.RaftStorage (RaftStorage.java:format(84)) - Storage directory /workdir/hadoop-ozone/integration-test/target/test-dir/MiniOzoneClusterImpl-061316ad-a4b7-44e7-91bd-8dc93601c629/datanode-6/data/ratis/99f7917b-6813-48d4-8a57-833281cf19c8 has been successfully formatted.
2019-10-12 06:08:53,982 [pool-469-thread-1] INFO  ratis.ContainerStateMachine (ContainerStateMachine.java:loadSnapshot(231)) - group-833281CF19C8: The snapshot info is null. Setting the last applied indexto:(t:0, i:~)
2019-10-12 06:08:53,982 [pool-469-thread-1] INFO  server.RaftServerConfigKeys (ConfUtils.java:logGet(43)) - raft.server.notification.no-leader.timeout = 120s (custom)
2019-10-12 06:08:53,982 [pool-469-thread-1] INFO  server.RaftServerConfigKeys (ConfUtils.java:logGet(43)) - raft.server.log.use.memory = false (default)
2019-10-12 06:08:53,982 [pool-469-thread-1] INFO  server.RaftServerConfigKeys (ConfUtils.java:logGet(43)) - raft.server.log.purge.gap = 1000000 (custom)
2019-10-12 06:08:53,982 [pool-469-thread-1] INFO  server.RaftServerConfigKeys (ConfUtils.java:logGet(43)) - raft.server.log.appender.buffer.byte-limit = 33554432 (custom)
2019-10-12 06:08:53,982 [pool-469-thread-1] INFO  server.RaftServerConfigKeys (ConfUtils.java:logGet(43)) - raft.server.log.segment.size.max = 1048576 (custom)
2019-10-12 06:08:53,983 [pool-469-thread-1] INFO  server.RaftServerConfigKeys (ConfUtils.java:logGet(43)) - raft.server.log.segment.cache.num.max = 2 (custom)
2019-10-12 06:08:53,984 [pool-469-thread-1] INFO  segmented.SegmentedRaftLogWorker (SegmentedRaftLogWorker.java:<init>(173)) - new 0baff407-2ef8-406d-9611-6376963c72ea@group-833281CF19C8-SegmentedRaftLogWorker for RaftStorage:Storage Directory /workdir/hadoop-ozone/integration-test/target/test-dir/MiniOzoneClusterImpl-061316ad-a4b7-44e7-91bd-8dc93601c629/datanode-6/data/ratis/99f7917b-6813-48d4-8a57-833281cf19c8
2019-10-12 06:08:53,984 [pool-469-thread-1] INFO  server.RaftServerConfigKeys (ConfUtils.java:logGet(43)) - raft.server.log.queue.byte-limit = 2147483647 (custom)
2019-10-12 06:08:53,984 [pool-469-thread-1] INFO  server.RaftServerConfigKeys (ConfUtils.java:logGet(43)) - raft.server.log.queue.element-limit = 1024 (custom)
2019-10-12 06:08:53,984 [pool-469-thread-1] INFO  server.RaftServerConfigKeys (ConfUtils.java:logGet(43)) - raft.server.log.segment.size.max = 1048576 (custom)
2019-10-12 06:08:53,984 [pool-469-thread-1] INFO  server.RaftServerConfigKeys (ConfUtils.java:logGet(43)) - raft.server.log.preallocated.size = 16384 (custom)
2019-10-12 06:08:53,984 [pool-469-thread-1] INFO  server.RaftServerConfigKeys (ConfUtils.java:logGet(43)) - raft.server.log.write.buffer.size = 33554432 (custom)
2019-10-12 06:08:53,984 [pool-469-thread-1] INFO  server.RaftServerConfigKeys (ConfUtils.java:logGet(43)) - raft.server.log.force.sync.num = 128 (default)
2019-10-12 06:08:53,984 [pool-469-thread-1] INFO  server.RaftServerConfigKeys (ConfUtils.java:logGet(43)) - raft.server.log.statemachine.data.sync = true (default)
2019-10-12 06:08:53,984 [pool-469-thread-1] INFO  server.RaftServerConfigKeys (ConfUtils.java:logGet(43)) - raft.server.log.statemachine.data.sync.timeout = 10s (default)
2019-10-12 06:08:53,984 [pool-469-thread-1] INFO  server.RaftServerConfigKeys (ConfUtils.java:logGet(43)) - raft.server.log.statemachine.data.sync.timeout.retry = -1 (default)
2019-10-12 06:08:53,985 [pool-469-thread-1] INFO  server.RaftServerConfigKeys (ConfUtils.java:logGet(43)) - raft.server.log.statemachine.data.caching.enabled = true (custom)
2019-10-12 06:08:53,985 [pool-469-thread-1] INFO  segmented.SegmentedRaftLogWorker (SegmentedRaftLogWorker.java:lambda$new$0(128)) - 0baff407-2ef8-406d-9611-6376963c72ea@group-833281CF19C8-SegmentedRaftLogWorker: flushIndex: setUnconditionally 0 -> -1
2019-10-12 06:08:53,985 [pool-469-thread-1] INFO  server.RaftServerConfigKeys (ConfUtils.java:logGet(43)) - raft.server.snapshot.auto.trigger.enabled = true (custom)
2019-10-12 06:08:53,985 [pool-469-thread-1] INFO  server.RaftServerConfigKeys (ConfUtils.java:logGet(43)) - raft.server.snapshot.auto.trigger.threshold = 10000 (custom)
2019-10-12 06:08:53,985 [pool-469-thread-1] INFO  server.RaftServerConfigKeys (ConfUtils.java:logGet(43)) - raft.server.snapshot.retention.file.num = 5 (custom)
2019-10-12 06:08:53,985 [pool-469-thread-1] INFO  server.RaftServerConfigKeys (ConfUtils.java:logGet(43)) - raft.server.retrycache.expirytime = 600000ms (custom)
2019-10-12 06:08:53,987 [pool-469-thread-1] INFO  impl.RaftServerImpl (RaftServerImpl.java:start(181)) - 0baff407-2ef8-406d-9611-6376963c72ea@group-833281CF19C8: start as a follower, conf=-1: [0baff407-2ef8-406d-9611-6376963c72ea:192.168.5.146:38301], old=null
2019-10-12 06:08:53,987 [pool-469-thread-1] INFO  impl.RaftServerImpl (RaftServerImpl.java:setRole(170)) - 0baff407-2ef8-406d-9611-6376963c72ea@group-833281CF19C8: changes role from      null to FOLLOWER at term 0 for startAsFollower
2019-10-12 06:08:53,987 [pool-469-thread-1] INFO  impl.RoleInfo (RoleInfo.java:updateAndGet(143)) - 0baff407-2ef8-406d-9611-6376963c72ea: start FollowerState
2019-10-12 06:08:53,987 [pool-469-thread-1] INFO  util.JmxRegister (JmxRegister.java:tryRegister(44)) - Successfully registered JMX Bean with object name Ratis:service=RaftServer,group=group-833281CF19C8,id=0baff407-2ef8-406d-9611-6376963c72ea
2019-10-12 06:08:53,992 [RatisPipelineUtilsThread] INFO  pipeline.PipelineStateManager (PipelineStateManager.java:addPipeline(56)) - Created pipeline Pipeline[ Id: 99f7917b-6813-48d4-8a57-833281cf19c8, Nodes: 0baff407-2ef8-406d-9611-6376963c72ea{ip: 192.168.5.146, host: pr-hdds-1737-b78td-2979900912, networkLocation: /default-rack, certSerialId: null}, Type:RATIS, Factor:ONE, State:OPEN]
2019-10-12 06:08:53,999 [grpc-default-executor-7] INFO  impl.RaftServerProxy (RaftServerProxy.java:addNew(89)) - db6618ce-b8a9-47f2-ad5f-d543322dce6c: addNew group-CA3A57F69607:[db6618ce-b8a9-47f2-ad5f-d543322dce6c:192.168.5.146:43257] returns group-CA3A57F69607:java.util.concurrent.CompletableFuture@19d85f49[Not completed]
2019-10-12 06:08:54,000 [pool-449-thread-1] INFO  impl.RaftServerImpl (RaftServerImpl.java:<init>(95)) - db6618ce-b8a9-47f2-ad5f-d543322dce6c: new RaftServerImpl for group-CA3A57F69607:[db6618ce-b8a9-47f2-ad5f-d543322dce6c:192.168.5.146:43257] with ContainerStateMachine:uninitialized
2019-10-12 06:08:54,000 [pool-449-thread-1] INFO  server.RaftServerConfigKeys (ConfUtils.java:logGet(43)) - raft.server.rpc.timeout.min = 5s (custom)
2019-10-12 06:08:54,000 [pool-449-thread-1] INFO  server.RaftServerConfigKeys (ConfUtils.java:logGet(43)) - raft.server.rpc.timeout.max = 5200ms (custom)
2019-10-12 06:08:54,000 [pool-449-thread-1] INFO  server.RaftServerConfigKeys (ConfUtils.java:logGet(43)) - raft.server.rpcslowness.timeout = 120s (custom)
2019-10-12 06:08:54,000 [pool-449-thread-1] INFO  server.RaftServerConfigKeys (ConfUtils.java:logGet(43)) - raft.server.sleep.deviation.threshold = 300 (default)
2019-10-12 06:08:54,000 [pool-449-thread-1] INFO  server.RaftServerConfigKeys (ConfUtils.java:logGet(43)) - raft.server.log.appender.install.snapshot.enabled = false (custom)
2019-10-12 06:08:54,000 [pool-449-thread-1] INFO  impl.RaftServerImpl (ServerState.java:<init>(103)) - db6618ce-b8a9-47f2-ad5f-d543322dce6c@group-CA3A57F69607: ConfigurationManager, init=-1: [db6618ce-b8a9-47f2-ad5f-d543322dce6c:192.168.5.146:43257], old=null, confs=<EMPTY_MAP>
2019-10-12 06:08:54,000 [pool-449-thread-1] INFO  server.RaftServerConfigKeys (ConfUtils.java:logGet(43)) - raft.server.storage.dir = [/workdir/hadoop-ozone/integration-test/target/test-dir/MiniOzoneClusterImpl-061316ad-a4b7-44e7-91bd-8dc93601c629/datanode-4/data/ratis] (custom)
2019-10-12 06:08:54,001 [pool-449-thread-1] INFO  server.RaftServerConfigKeys (ConfUtils.java:logGet(43)) - raft.server.log.corruption.policy = EXCEPTION (default)
2019-10-12 06:08:54,001 [pool-449-thread-1] INFO  storage.RaftStorageDirectory (RaftStorageDirectory.java:analyzeStorage(246)) - The storage directory /workdir/hadoop-ozone/integration-test/target/test-dir/MiniOzoneClusterImpl-061316ad-a4b7-44e7-91bd-8dc93601c629/datanode-4/data/ratis/2b76e069-d4ad-4a6d-8e55-ca3a57f69607 does not exist. Creating ...
2019-10-12 06:08:54,013 [pool-449-thread-1] INFO  storage.RaftStorageDirectory (RaftStorageDirectory.java:tryLock(328)) - Lock on /workdir/hadoop-ozone/integration-test/target/test-dir/MiniOzoneClusterImpl-061316ad-a4b7-44e7-91bd-8dc93601c629/datanode-4/data/ratis/2b76e069-d4ad-4a6d-8e55-ca3a57f69607/in_use.lock acquired by nodename 31896@pr-hdds-1737-b78td-2979900912
2019-10-12 06:08:54,025 [pool-449-thread-1] INFO  storage.RaftStorage (RaftStorage.java:format(84)) - Storage directory /workdir/hadoop-ozone/integration-test/target/test-dir/MiniOzoneClusterImpl-061316ad-a4b7-44e7-91bd-8dc93601c629/datanode-4/data/ratis/2b76e069-d4ad-4a6d-8e55-ca3a57f69607 has been successfully formatted.
2019-10-12 06:08:54,026 [pool-449-thread-1] INFO  ratis.ContainerStateMachine (ContainerStateMachine.java:loadSnapshot(231)) - group-CA3A57F69607: The snapshot info is null. Setting the last applied indexto:(t:0, i:~)
2019-10-12 06:08:54,026 [pool-449-thread-1] INFO  server.RaftServerConfigKeys (ConfUtils.java:logGet(43)) - raft.server.notification.no-leader.timeout = 120s (custom)
2019-10-12 06:08:54,026 [pool-449-thread-1] INFO  server.RaftServerConfigKeys (ConfUtils.java:logGet(43)) - raft.server.log.use.memory = false (default)
2019-10-12 06:08:54,026 [pool-449-thread-1] INFO  server.RaftServerConfigKeys (ConfUtils.java:logGet(43)) - raft.server.log.purge.gap = 1000000 (custom)
2019-10-12 06:08:54,026 [pool-449-thread-1] INFO  server.RaftServerConfigKeys (ConfUtils.java:logGet(43)) - raft.server.log.appender.buffer.byte-limit = 33554432 (custom)
2019-10-12 06:08:54,026 [pool-449-thread-1] INFO  server.RaftServerConfigKeys (ConfUtils.java:logGet(43)) - raft.server.log.segment.size.max = 1048576 (custom)
2019-10-12 06:08:54,027 [pool-449-thread-1] INFO  server.RaftServerConfigKeys (ConfUtils.java:logGet(43)) - raft.server.log.segment.cache.num.max = 2 (custom)
2019-10-12 06:08:54,028 [pool-449-thread-1] INFO  segmented.SegmentedRaftLogWorker (SegmentedRaftLogWorker.java:<init>(173)) - new db6618ce-b8a9-47f2-ad5f-d543322dce6c@group-CA3A57F69607-SegmentedRaftLogWorker for RaftStorage:Storage Directory /workdir/hadoop-ozone/integration-test/target/test-dir/MiniOzoneClusterImpl-061316ad-a4b7-44e7-91bd-8dc93601c629/datanode-4/data/ratis/2b76e069-d4ad-4a6d-8e55-ca3a57f69607
2019-10-12 06:08:54,028 [pool-449-thread-1] INFO  server.RaftServerConfigKeys (ConfUtils.java:logGet(43)) - raft.server.log.queue.byte-limit = 2147483647 (custom)
2019-10-12 06:08:54,028 [pool-449-thread-1] INFO  server.RaftServerConfigKeys (ConfUtils.java:logGet(43)) - raft.server.log.queue.element-limit = 1024 (custom)
2019-10-12 06:08:54,028 [pool-449-thread-1] INFO  server.RaftServerConfigKeys (ConfUtils.java:logGet(43)) - raft.server.log.segment.size.max = 1048576 (custom)
2019-10-12 06:08:54,028 [pool-449-thread-1] INFO  server.RaftServerConfigKeys (ConfUtils.java:logGet(43)) - raft.server.log.preallocated.size = 16384 (custom)
2019-10-12 06:08:54,028 [pool-449-thread-1] INFO  server.RaftServerConfigKeys (ConfUtils.java:logGet(43)) - raft.server.log.write.buffer.size = 33554432 (custom)
2019-10-12 06:08:54,028 [pool-449-thread-1] INFO  server.RaftServerConfigKeys (ConfUtils.java:logGet(43)) - raft.server.log.force.sync.num = 128 (default)
2019-10-12 06:08:54,028 [pool-449-thread-1] INFO  server.RaftServerConfigKeys (ConfUtils.java:logGet(43)) - raft.server.log.statemachine.data.sync = true (default)
2019-10-12 06:08:54,028 [pool-449-thread-1] INFO  server.RaftServerConfigKeys (ConfUtils.java:logGet(43)) - raft.server.log.statemachine.data.sync.timeout = 10s (default)
2019-10-12 06:08:54,028 [pool-449-thread-1] INFO  server.RaftServerConfigKeys (ConfUtils.java:logGet(43)) - raft.server.log.statemachine.data.sync.timeout.retry = -1 (default)
2019-10-12 06:08:54,029 [pool-449-thread-1] INFO  server.RaftServerConfigKeys (ConfUtils.java:logGet(43)) - raft.server.log.statemachine.data.caching.enabled = true (custom)
2019-10-12 06:08:54,029 [pool-449-thread-1] INFO  segmented.SegmentedRaftLogWorker (SegmentedRaftLogWorker.java:lambda$new$0(128)) - db6618ce-b8a9-47f2-ad5f-d543322dce6c@group-CA3A57F69607-SegmentedRaftLogWorker: flushIndex: setUnconditionally 0 -> -1
2019-10-12 06:08:54,029 [pool-449-thread-1] INFO  server.RaftServerConfigKeys (ConfUtils.java:logGet(43)) - raft.server.snapshot.auto.trigger.enabled = true (custom)
2019-10-12 06:08:54,029 [pool-449-thread-1] INFO  server.RaftServerConfigKeys (ConfUtils.java:logGet(43)) - raft.server.snapshot.auto.trigger.threshold = 10000 (custom)
2019-10-12 06:08:54,029 [pool-449-thread-1] INFO  server.RaftServerConfigKeys (ConfUtils.java:logGet(43)) - raft.server.snapshot.retention.file.num = 5 (custom)
2019-10-12 06:08:54,029 [pool-449-thread-1] INFO  server.RaftServerConfigKeys (ConfUtils.java:logGet(43)) - raft.server.retrycache.expirytime = 600000ms (custom)
2019-10-12 06:08:54,031 [pool-449-thread-1] INFO  impl.RaftServerImpl (RaftServerImpl.java:start(181)) - db6618ce-b8a9-47f2-ad5f-d543322dce6c@group-CA3A57F69607: start as a follower, conf=-1: [db6618ce-b8a9-47f2-ad5f-d543322dce6c:192.168.5.146:43257], old=null
2019-10-12 06:08:54,031 [pool-449-thread-1] INFO  impl.RaftServerImpl (RaftServerImpl.java:setRole(170)) - db6618ce-b8a9-47f2-ad5f-d543322dce6c@group-CA3A57F69607: changes role from      null to FOLLOWER at term 0 for startAsFollower
2019-10-12 06:08:54,031 [pool-449-thread-1] INFO  impl.RoleInfo (RoleInfo.java:updateAndGet(143)) - db6618ce-b8a9-47f2-ad5f-d543322dce6c: start FollowerState
2019-10-12 06:08:54,031 [pool-449-thread-1] INFO  util.JmxRegister (JmxRegister.java:tryRegister(44)) - Successfully registered JMX Bean with object name Ratis:service=RaftServer,group=group-CA3A57F69607,id=db6618ce-b8a9-47f2-ad5f-d543322dce6c
2019-10-12 06:08:54,036 [RatisPipelineUtilsThread] INFO  pipeline.PipelineStateManager (PipelineStateManager.java:addPipeline(56)) - Created pipeline Pipeline[ Id: 2b76e069-d4ad-4a6d-8e55-ca3a57f69607, Nodes: db6618ce-b8a9-47f2-ad5f-d543322dce6c{ip: 192.168.5.146, host: pr-hdds-1737-b78td-2979900912, networkLocation: /default-rack, certSerialId: null}, Type:RATIS, Factor:ONE, State:OPEN]
2019-10-12 06:08:54,046 [grpc-default-executor-8] INFO  impl.RaftServerProxy (RaftServerProxy.java:addNew(89)) - 0baff407-2ef8-406d-9611-6376963c72ea: addNew group-BD24ED4D4B01:[0baff407-2ef8-406d-9611-6376963c72ea:192.168.5.146:38301, 61d60f24-9813-40ff-b2da-f5f3ebb43a56:192.168.5.146:35885, 6b17b0ba-7b75-4086-b37c-f0e278e892a5:192.168.5.146:36346] returns group-BD24ED4D4B01:java.util.concurrent.CompletableFuture@505d3573[Not completed]
2019-10-12 06:08:54,046 [grpc-default-executor-7] INFO  impl.RaftServerProxy (RaftServerProxy.java:addNew(89)) - 61d60f24-9813-40ff-b2da-f5f3ebb43a56: addNew group-BD24ED4D4B01:[0baff407-2ef8-406d-9611-6376963c72ea:192.168.5.146:38301, 61d60f24-9813-40ff-b2da-f5f3ebb43a56:192.168.5.146:35885, 6b17b0ba-7b75-4086-b37c-f0e278e892a5:192.168.5.146:36346] returns group-BD24ED4D4B01:java.util.concurrent.CompletableFuture@7e12195a[Not completed]
2019-10-12 06:08:54,046 [grpc-default-executor-9] INFO  impl.RaftServerProxy (RaftServerProxy.java:addNew(89)) - 6b17b0ba-7b75-4086-b37c-f0e278e892a5: addNew group-BD24ED4D4B01:[0baff407-2ef8-406d-9611-6376963c72ea:192.168.5.146:38301, 61d60f24-9813-40ff-b2da-f5f3ebb43a56:192.168.5.146:35885, 6b17b0ba-7b75-4086-b37c-f0e278e892a5:192.168.5.146:36346] returns group-BD24ED4D4B01:java.util.concurrent.CompletableFuture@152f91c8[Not completed]
2019-10-12 06:08:54,047 [pool-459-thread-1] INFO  impl.RaftServerImpl (RaftServerImpl.java:<init>(95)) - 6b17b0ba-7b75-4086-b37c-f0e278e892a5: new RaftServerImpl for group-BD24ED4D4B01:[0baff407-2ef8-406d-9611-6376963c72ea:192.168.5.146:38301, 61d60f24-9813-40ff-b2da-f5f3ebb43a56:192.168.5.146:35885, 6b17b0ba-7b75-4086-b37c-f0e278e892a5:192.168.5.146:36346] with ContainerStateMachine:uninitialized
2019-10-12 06:08:54,048 [pool-459-thread-1] INFO  server.RaftServerConfigKeys (ConfUtils.java:logGet(43)) - raft.server.rpc.timeout.min = 5s (custom)
2019-10-12 06:08:54,048 [pool-459-thread-1] INFO  server.RaftServerConfigKeys (ConfUtils.java:logGet(43)) - raft.server.rpc.timeout.max = 5200ms (custom)
2019-10-12 06:08:54,048 [pool-439-thread-1] INFO  impl.RaftServerImpl (RaftServerImpl.java:<init>(95)) - 61d60f24-9813-40ff-b2da-f5f3ebb43a56: new RaftServerImpl for group-BD24ED4D4B01:[0baff407-2ef8-406d-9611-6376963c72ea:192.168.5.146:38301, 61d60f24-9813-40ff-b2da-f5f3ebb43a56:192.168.5.146:35885, 6b17b0ba-7b75-4086-b37c-f0e278e892a5:192.168.5.146:36346] with ContainerStateMachine:uninitialized
2019-10-12 06:08:54,048 [pool-459-thread-1] INFO  server.RaftServerConfigKeys (ConfUtils.java:logGet(43)) - raft.server.rpcslowness.timeout = 120s (custom)
2019-10-12 06:08:54,048 [pool-439-thread-1] INFO  server.RaftServerConfigKeys (ConfUtils.java:logGet(43)) - raft.server.rpc.timeout.min = 5s (custom)
2019-10-12 06:08:54,048 [pool-469-thread-1] INFO  impl.RaftServerImpl (RaftServerImpl.java:<init>(95)) - 0baff407-2ef8-406d-9611-6376963c72ea: new RaftServerImpl for group-BD24ED4D4B01:[0baff407-2ef8-406d-9611-6376963c72ea:192.168.5.146:38301, 61d60f24-9813-40ff-b2da-f5f3ebb43a56:192.168.5.146:35885, 6b17b0ba-7b75-4086-b37c-f0e278e892a5:192.168.5.146:36346] with ContainerStateMachine:uninitialized
2019-10-12 06:08:54,048 [pool-459-thread-1] INFO  server.RaftServerConfigKeys (ConfUtils.java:logGet(43)) - raft.server.sleep.deviation.threshold = 300 (default)
2019-10-12 06:08:54,048 [pool-469-thread-1] INFO  server.RaftServerConfigKeys (ConfUtils.java:logGet(43)) - raft.server.rpc.timeout.min = 5s (custom)
2019-10-12 06:08:54,048 [pool-439-thread-1] INFO  server.RaftServerConfigKeys (ConfUtils.java:logGet(43)) - raft.server.rpc.timeout.max = 5200ms (custom)
2019-10-12 06:08:54,048 [pool-469-thread-1] INFO  server.RaftServerConfigKeys (ConfUtils.java:logGet(43)) - raft.server.rpc.timeout.max = 5200ms (custom)
2019-10-12 06:08:54,048 [pool-459-thread-1] INFO  server.RaftServerConfigKeys (ConfUtils.java:logGet(43)) - raft.server.log.appender.install.snapshot.enabled = false (custom)
2019-10-12 06:08:54,049 [pool-469-thread-1] INFO  server.RaftServerConfigKeys (ConfUtils.java:logGet(43)) - raft.server.rpcslowness.timeout = 120s (custom)
2019-10-12 06:08:54,049 [pool-439-thread-1] INFO  server.RaftServerConfigKeys (ConfUtils.java:logGet(43)) - raft.server.rpcslowness.timeout = 120s (custom)
2019-10-12 06:08:54,049 [pool-469-thread-1] INFO  server.RaftServerConfigKeys (ConfUtils.java:logGet(43)) - raft.server.sleep.deviation.threshold = 300 (default)
2019-10-12 06:08:54,049 [pool-459-thread-1] INFO  impl.RaftServerImpl (ServerState.java:<init>(103)) - 6b17b0ba-7b75-4086-b37c-f0e278e892a5@group-BD24ED4D4B01: ConfigurationManager, init=-1: [0baff407-2ef8-406d-9611-6376963c72ea:192.168.5.146:38301, 61d60f24-9813-40ff-b2da-f5f3ebb43a56:192.168.5.146:35885, 6b17b0ba-7b75-4086-b37c-f0e278e892a5:192.168.5.146:36346], old=null, confs=<EMPTY_MAP>
2019-10-12 06:08:54,049 [pool-469-thread-1] INFO  server.RaftServerConfigKeys (ConfUtils.java:logGet(43)) - raft.server.log.appender.install.snapshot.enabled = false (custom)
2019-10-12 06:08:54,049 [pool-459-thread-1] INFO  server.RaftServerConfigKeys (ConfUtils.java:logGet(43)) - raft.server.storage.dir = [/workdir/hadoop-ozone/integration-test/target/test-dir/MiniOzoneClusterImpl-061316ad-a4b7-44e7-91bd-8dc93601c629/datanode-5/data/ratis] (custom)
2019-10-12 06:08:54,049 [pool-439-thread-1] INFO  server.RaftServerConfigKeys (ConfUtils.java:logGet(43)) - raft.server.sleep.deviation.threshold = 300 (default)
2019-10-12 06:08:54,049 [pool-469-thread-1] INFO  impl.RaftServerImpl (ServerState.java:<init>(103)) - 0baff407-2ef8-406d-9611-6376963c72ea@group-BD24ED4D4B01: ConfigurationManager, init=-1: [0baff407-2ef8-406d-9611-6376963c72ea:192.168.5.146:38301, 61d60f24-9813-40ff-b2da-f5f3ebb43a56:192.168.5.146:35885, 6b17b0ba-7b75-4086-b37c-f0e278e892a5:192.168.5.146:36346], old=null, confs=<EMPTY_MAP>
2019-10-12 06:08:54,050 [pool-459-thread-1] INFO  server.RaftServerConfigKeys (ConfUtils.java:logGet(43)) - raft.server.log.corruption.policy = EXCEPTION (default)
2019-10-12 06:08:54,050 [pool-439-thread-1] INFO  server.RaftServerConfigKeys (ConfUtils.java:logGet(43)) - raft.server.log.appender.install.snapshot.enabled = false (custom)
2019-10-12 06:08:54,050 [pool-459-thread-1] INFO  storage.RaftStorageDirectory (RaftStorageDirectory.java:analyzeStorage(246)) - The storage directory /workdir/hadoop-ozone/integration-test/target/test-dir/MiniOzoneClusterImpl-061316ad-a4b7-44e7-91bd-8dc93601c629/datanode-5/data/ratis/28ffaa70-955c-47c8-b9cc-bd24ed4d4b01 does not exist. Creating ...
2019-10-12 06:08:54,050 [pool-469-thread-1] INFO  server.RaftServerConfigKeys (ConfUtils.java:logGet(43)) - raft.server.storage.dir = [/workdir/hadoop-ozone/integration-test/target/test-dir/MiniOzoneClusterImpl-061316ad-a4b7-44e7-91bd-8dc93601c629/datanode-6/data/ratis] (custom)
2019-10-12 06:08:54,050 [pool-439-thread-1] INFO  impl.RaftServerImpl (ServerState.java:<init>(103)) - 61d60f24-9813-40ff-b2da-f5f3ebb43a56@group-BD24ED4D4B01: ConfigurationManager, init=-1: [0baff407-2ef8-406d-9611-6376963c72ea:192.168.5.146:38301, 61d60f24-9813-40ff-b2da-f5f3ebb43a56:192.168.5.146:35885, 6b17b0ba-7b75-4086-b37c-f0e278e892a5:192.168.5.146:36346], old=null, confs=<EMPTY_MAP>
2019-10-12 06:08:54,050 [pool-469-thread-1] INFO  server.RaftServerConfigKeys (ConfUtils.java:logGet(43)) - raft.server.log.corruption.policy = EXCEPTION (default)
2019-10-12 06:08:54,050 [pool-439-thread-1] INFO  server.RaftServerConfigKeys (ConfUtils.java:logGet(43)) - raft.server.storage.dir = [/workdir/hadoop-ozone/integration-test/target/test-dir/MiniOzoneClusterImpl-061316ad-a4b7-44e7-91bd-8dc93601c629/datanode-3/data/ratis] (custom)
2019-10-12 06:08:54,050 [pool-469-thread-1] INFO  storage.RaftStorageDirectory (RaftStorageDirectory.java:analyzeStorage(246)) - The storage directory /workdir/hadoop-ozone/integration-test/target/test-dir/MiniOzoneClusterImpl-061316ad-a4b7-44e7-91bd-8dc93601c629/datanode-6/data/ratis/28ffaa70-955c-47c8-b9cc-bd24ed4d4b01 does not exist. Creating ...
2019-10-12 06:08:54,051 [pool-439-thread-1] INFO  server.RaftServerConfigKeys (ConfUtils.java:logGet(43)) - raft.server.log.corruption.policy = EXCEPTION (default)
2019-10-12 06:08:54,051 [pool-439-thread-1] INFO  storage.RaftStorageDirectory (RaftStorageDirectory.java:analyzeStorage(246)) - The storage directory /workdir/hadoop-ozone/integration-test/target/test-dir/MiniOzoneClusterImpl-061316ad-a4b7-44e7-91bd-8dc93601c629/datanode-3/data/ratis/28ffaa70-955c-47c8-b9cc-bd24ed4d4b01 does not exist. Creating ...
2019-10-12 06:08:54,075 [pool-469-thread-1] INFO  storage.RaftStorageDirectory (RaftStorageDirectory.java:tryLock(328)) - Lock on /workdir/hadoop-ozone/integration-test/target/test-dir/MiniOzoneClusterImpl-061316ad-a4b7-44e7-91bd-8dc93601c629/datanode-6/data/ratis/28ffaa70-955c-47c8-b9cc-bd24ed4d4b01/in_use.lock acquired by nodename 31896@pr-hdds-1737-b78td-2979900912
2019-10-12 06:08:54,075 [pool-459-thread-1] INFO  storage.RaftStorageDirectory (RaftStorageDirectory.java:tryLock(328)) - Lock on /workdir/hadoop-ozone/integration-test/target/test-dir/MiniOzoneClusterImpl-061316ad-a4b7-44e7-91bd-8dc93601c629/datanode-5/data/ratis/28ffaa70-955c-47c8-b9cc-bd24ed4d4b01/in_use.lock acquired by nodename 31896@pr-hdds-1737-b78td-2979900912
2019-10-12 06:08:54,075 [pool-439-thread-1] INFO  storage.RaftStorageDirectory (RaftStorageDirectory.java:tryLock(328)) - Lock on /workdir/hadoop-ozone/integration-test/target/test-dir/MiniOzoneClusterImpl-061316ad-a4b7-44e7-91bd-8dc93601c629/datanode-3/data/ratis/28ffaa70-955c-47c8-b9cc-bd24ed4d4b01/in_use.lock acquired by nodename 31896@pr-hdds-1737-b78td-2979900912
2019-10-12 06:08:54,100 [pool-469-thread-1] INFO  storage.RaftStorage (RaftStorage.java:format(84)) - Storage directory /workdir/hadoop-ozone/integration-test/target/test-dir/MiniOzoneClusterImpl-061316ad-a4b7-44e7-91bd-8dc93601c629/datanode-6/data/ratis/28ffaa70-955c-47c8-b9cc-bd24ed4d4b01 has been successfully formatted.
2019-10-12 06:08:54,100 [pool-459-thread-1] INFO  storage.RaftStorage (RaftStorage.java:format(84)) - Storage directory /workdir/hadoop-ozone/integration-test/target/test-dir/MiniOzoneClusterImpl-061316ad-a4b7-44e7-91bd-8dc93601c629/datanode-5/data/ratis/28ffaa70-955c-47c8-b9cc-bd24ed4d4b01 has been successfully formatted.
2019-10-12 06:08:54,100 [pool-439-thread-1] INFO  storage.RaftStorage (RaftStorage.java:format(84)) - Storage directory /workdir/hadoop-ozone/integration-test/target/test-dir/MiniOzoneClusterImpl-061316ad-a4b7-44e7-91bd-8dc93601c629/datanode-3/data/ratis/28ffaa70-955c-47c8-b9cc-bd24ed4d4b01 has been successfully formatted.
2019-10-12 06:08:54,100 [pool-459-thread-1] INFO  ratis.ContainerStateMachine (ContainerStateMachine.java:loadSnapshot(231)) - group-BD24ED4D4B01: The snapshot info is null. Setting the last applied indexto:(t:0, i:~)
2019-10-12 06:08:54,100 [pool-469-thread-1] INFO  ratis.ContainerStateMachine (ContainerStateMachine.java:loadSnapshot(231)) - group-BD24ED4D4B01: The snapshot info is null. Setting the last applied indexto:(t:0, i:~)
2019-10-12 06:08:54,101 [pool-459-thread-1] INFO  server.RaftServerConfigKeys (ConfUtils.java:logGet(43)) - raft.server.notification.no-leader.timeout = 120s (custom)
2019-10-12 06:08:54,101 [pool-439-thread-1] INFO  ratis.ContainerStateMachine (ContainerStateMachine.java:loadSnapshot(231)) - group-BD24ED4D4B01: The snapshot info is null. Setting the last applied indexto:(t:0, i:~)
2019-10-12 06:08:54,101 [pool-459-thread-1] INFO  server.RaftServerConfigKeys (ConfUtils.java:logGet(43)) - raft.server.log.use.memory = false (default)
2019-10-12 06:08:54,101 [pool-469-thread-1] INFO  server.RaftServerConfigKeys (ConfUtils.java:logGet(43)) - raft.server.notification.no-leader.timeout = 120s (custom)
2019-10-12 06:08:54,101 [pool-459-thread-1] INFO  server.RaftServerConfigKeys (ConfUtils.java:logGet(43)) - raft.server.log.purge.gap = 1000000 (custom)
2019-10-12 06:08:54,101 [pool-439-thread-1] INFO  server.RaftServerConfigKeys (ConfUtils.java:logGet(43)) - raft.server.notification.no-leader.timeout = 120s (custom)
2019-10-12 06:08:54,101 [pool-459-thread-1] INFO  server.RaftServerConfigKeys (ConfUtils.java:logGet(43)) - raft.server.log.appender.buffer.byte-limit = 33554432 (custom)
2019-10-12 06:08:54,101 [pool-469-thread-1] INFO  server.RaftServerConfigKeys (ConfUtils.java:logGet(43)) - raft.server.log.use.memory = false (default)
2019-10-12 06:08:54,102 [pool-459-thread-1] INFO  server.RaftServerConfigKeys (ConfUtils.java:logGet(43)) - raft.server.log.segment.size.max = 1048576 (custom)
2019-10-12 06:08:54,102 [pool-439-thread-1] INFO  server.RaftServerConfigKeys (ConfUtils.java:logGet(43)) - raft.server.log.use.memory = false (default)
2019-10-12 06:08:54,102 [pool-459-thread-1] INFO  server.RaftServerConfigKeys (ConfUtils.java:logGet(43)) - raft.server.log.segment.cache.num.max = 2 (custom)
2019-10-12 06:08:54,102 [pool-469-thread-1] INFO  server.RaftServerConfigKeys (ConfUtils.java:logGet(43)) - raft.server.log.purge.gap = 1000000 (custom)
2019-10-12 06:08:54,102 [pool-459-thread-1] INFO  segmented.SegmentedRaftLogWorker (SegmentedRaftLogWorker.java:<init>(173)) - new 6b17b0ba-7b75-4086-b37c-f0e278e892a5@group-BD24ED4D4B01-SegmentedRaftLogWorker for RaftStorage:Storage Directory /workdir/hadoop-ozone/integration-test/target/test-dir/MiniOzoneClusterImpl-061316ad-a4b7-44e7-91bd-8dc93601c629/datanode-5/data/ratis/28ffaa70-955c-47c8-b9cc-bd24ed4d4b01
2019-10-12 06:08:54,102 [pool-439-thread-1] INFO  server.RaftServerConfigKeys (ConfUtils.java:logGet(43)) - raft.server.log.purge.gap = 1000000 (custom)
2019-10-12 06:08:54,102 [pool-459-thread-1] INFO  server.RaftServerConfigKeys (ConfUtils.java:logGet(43)) - raft.server.log.queue.byte-limit = 2147483647 (custom)
2019-10-12 06:08:54,102 [pool-469-thread-1] INFO  server.RaftServerConfigKeys (ConfUtils.java:logGet(43)) - raft.server.log.appender.buffer.byte-limit = 33554432 (custom)
2019-10-12 06:08:54,102 [pool-459-thread-1] INFO  server.RaftServerConfigKeys (ConfUtils.java:logGet(43)) - raft.server.log.queue.element-limit = 1024 (custom)
2019-10-12 06:08:54,102 [pool-439-thread-1] INFO  server.RaftServerConfigKeys (ConfUtils.java:logGet(43)) - raft.server.log.appender.buffer.byte-limit = 33554432 (custom)
2019-10-12 06:08:54,103 [pool-459-thread-1] INFO  server.RaftServerConfigKeys (ConfUtils.java:logGet(43)) - raft.server.log.segment.size.max = 1048576 (custom)
2019-10-12 06:08:54,103 [pool-469-thread-1] INFO  server.RaftServerConfigKeys (ConfUtils.java:logGet(43)) - raft.server.log.segment.size.max = 1048576 (custom)
2019-10-12 06:08:54,103 [pool-459-thread-1] INFO  server.RaftServerConfigKeys (ConfUtils.java:logGet(43)) - raft.server.log.preallocated.size = 16384 (custom)
2019-10-12 06:08:54,103 [pool-439-thread-1] INFO  server.RaftServerConfigKeys (ConfUtils.java:logGet(43)) - raft.server.log.segment.size.max = 1048576 (custom)
2019-10-12 06:08:54,103 [pool-459-thread-1] INFO  server.RaftServerConfigKeys (ConfUtils.java:logGet(43)) - raft.server.log.write.buffer.size = 33554432 (custom)
2019-10-12 06:08:54,103 [pool-469-thread-1] INFO  server.RaftServerConfigKeys (ConfUtils.java:logGet(43)) - raft.server.log.segment.cache.num.max = 2 (custom)
2019-10-12 06:08:54,103 [pool-459-thread-1] INFO  server.RaftServerConfigKeys (ConfUtils.java:logGet(43)) - raft.server.log.force.sync.num = 128 (default)
2019-10-12 06:08:54,103 [pool-439-thread-1] INFO  server.RaftServerConfigKeys (ConfUtils.java:logGet(43)) - raft.server.log.segment.cache.num.max = 2 (custom)
2019-10-12 06:08:54,103 [pool-459-thread-1] INFO  server.RaftServerConfigKeys (ConfUtils.java:logGet(43)) - raft.server.log.statemachine.data.sync = true (default)
2019-10-12 06:08:54,103 [pool-469-thread-1] INFO  segmented.SegmentedRaftLogWorker (SegmentedRaftLogWorker.java:<init>(173)) - new 0baff407-2ef8-406d-9611-6376963c72ea@group-BD24ED4D4B01-SegmentedRaftLogWorker for RaftStorage:Storage Directory /workdir/hadoop-ozone/integration-test/target/test-dir/MiniOzoneClusterImpl-061316ad-a4b7-44e7-91bd-8dc93601c629/datanode-6/data/ratis/28ffaa70-955c-47c8-b9cc-bd24ed4d4b01
2019-10-12 06:08:54,104 [pool-459-thread-1] INFO  server.RaftServerConfigKeys (ConfUtils.java:logGet(43)) - raft.server.log.statemachine.data.sync.timeout = 10s (default)
2019-10-12 06:08:54,104 [pool-439-thread-1] INFO  segmented.SegmentedRaftLogWorker (SegmentedRaftLogWorker.java:<init>(173)) - new 61d60f24-9813-40ff-b2da-f5f3ebb43a56@group-BD24ED4D4B01-SegmentedRaftLogWorker for RaftStorage:Storage Directory /workdir/hadoop-ozone/integration-test/target/test-dir/MiniOzoneClusterImpl-061316ad-a4b7-44e7-91bd-8dc93601c629/datanode-3/data/ratis/28ffaa70-955c-47c8-b9cc-bd24ed4d4b01
2019-10-12 06:08:54,104 [pool-459-thread-1] INFO  server.RaftServerConfigKeys (ConfUtils.java:logGet(43)) - raft.server.log.statemachine.data.sync.timeout.retry = -1 (default)
2019-10-12 06:08:54,104 [pool-469-thread-1] INFO  server.RaftServerConfigKeys (ConfUtils.java:logGet(43)) - raft.server.log.queue.byte-limit = 2147483647 (custom)
2019-10-12 06:08:54,104 [pool-459-thread-1] INFO  server.RaftServerConfigKeys (ConfUtils.java:logGet(43)) - raft.server.log.statemachine.data.caching.enabled = true (custom)
2019-10-12 06:08:54,104 [pool-439-thread-1] INFO  server.RaftServerConfigKeys (ConfUtils.java:logGet(43)) - raft.server.log.queue.byte-limit = 2147483647 (custom)
2019-10-12 06:08:54,104 [pool-469-thread-1] INFO  server.RaftServerConfigKeys (ConfUtils.java:logGet(43)) - raft.server.log.queue.element-limit = 1024 (custom)
2019-10-12 06:08:54,104 [pool-439-thread-1] INFO  server.RaftServerConfigKeys (ConfUtils.java:logGet(43)) - raft.server.log.queue.element-limit = 1024 (custom)
2019-10-12 06:08:54,104 [pool-459-thread-1] INFO  segmented.SegmentedRaftLogWorker (SegmentedRaftLogWorker.java:lambda$new$0(128)) - 6b17b0ba-7b75-4086-b37c-f0e278e892a5@group-BD24ED4D4B01-SegmentedRaftLogWorker: flushIndex: setUnconditionally 0 -> -1
2019-10-12 06:08:54,104 [pool-439-thread-1] INFO  server.RaftServerConfigKeys (ConfUtils.java:logGet(43)) - raft.server.log.segment.size.max = 1048576 (custom)
2019-10-12 06:08:54,104 [pool-469-thread-1] INFO  server.RaftServerConfigKeys (ConfUtils.java:logGet(43)) - raft.server.log.segment.size.max = 1048576 (custom)
2019-10-12 06:08:54,105 [pool-459-thread-1] INFO  server.RaftServerConfigKeys (ConfUtils.java:logGet(43)) - raft.server.snapshot.auto.trigger.enabled = true (custom)
2019-10-12 06:08:54,105 [pool-439-thread-1] INFO  server.RaftServerConfigKeys (ConfUtils.java:logGet(43)) - raft.server.log.preallocated.size = 16384 (custom)
2019-10-12 06:08:54,105 [pool-459-thread-1] INFO  server.RaftServerConfigKeys (ConfUtils.java:logGet(43)) - raft.server.snapshot.auto.trigger.threshold = 10000 (custom)
2019-10-12 06:08:54,105 [pool-469-thread-1] INFO  server.RaftServerConfigKeys (ConfUtils.java:logGet(43)) - raft.server.log.preallocated.size = 16384 (custom)
2019-10-12 06:08:54,105 [pool-459-thread-1] INFO  server.RaftServerConfigKeys (ConfUtils.java:logGet(43)) - raft.server.snapshot.retention.file.num = 5 (custom)
2019-10-12 06:08:54,105 [pool-439-thread-1] INFO  server.RaftServerConfigKeys (ConfUtils.java:logGet(43)) - raft.server.log.write.buffer.size = 33554432 (custom)
2019-10-12 06:08:54,106 [pool-459-thread-1] INFO  server.RaftServerConfigKeys (ConfUtils.java:logGet(43)) - raft.server.retrycache.expirytime = 600000ms (custom)
2019-10-12 06:08:54,105 [pool-469-thread-1] INFO  server.RaftServerConfigKeys (ConfUtils.java:logGet(43)) - raft.server.log.write.buffer.size = 33554432 (custom)
2019-10-12 06:08:54,106 [pool-439-thread-1] INFO  server.RaftServerConfigKeys (ConfUtils.java:logGet(43)) - raft.server.log.force.sync.num = 128 (default)
2019-10-12 06:08:54,106 [pool-469-thread-1] INFO  server.RaftServerConfigKeys (ConfUtils.java:logGet(43)) - raft.server.log.force.sync.num = 128 (default)
2019-10-12 06:08:54,106 [pool-439-thread-1] INFO  server.RaftServerConfigKeys (ConfUtils.java:logGet(43)) - raft.server.log.statemachine.data.sync = true (default)
2019-10-12 06:08:54,106 [pool-469-thread-1] INFO  server.RaftServerConfigKeys (ConfUtils.java:logGet(43)) - raft.server.log.statemachine.data.sync = true (default)
2019-10-12 06:08:54,106 [pool-439-thread-1] INFO  server.RaftServerConfigKeys (ConfUtils.java:logGet(43)) - raft.server.log.statemachine.data.sync.timeout = 10s (default)
2019-10-12 06:08:54,106 [pool-469-thread-1] INFO  server.RaftServerConfigKeys (ConfUtils.java:logGet(43)) - raft.server.log.statemachine.data.sync.timeout = 10s (default)
2019-10-12 06:08:54,106 [pool-439-thread-1] INFO  server.RaftServerConfigKeys (ConfUtils.java:logGet(43)) - raft.server.log.statemachine.data.sync.timeout.retry = -1 (default)
2019-10-12 06:08:54,107 [pool-469-thread-1] INFO  server.RaftServerConfigKeys (ConfUtils.java:logGet(43)) - raft.server.log.statemachine.data.sync.timeout.retry = -1 (default)
2019-10-12 06:08:54,107 [pool-439-thread-1] INFO  server.RaftServerConfigKeys (ConfUtils.java:logGet(43)) - raft.server.log.statemachine.data.caching.enabled = true (custom)
2019-10-12 06:08:54,107 [pool-469-thread-1] INFO  server.RaftServerConfigKeys (ConfUtils.java:logGet(43)) - raft.server.log.statemachine.data.caching.enabled = true (custom)
2019-10-12 06:08:54,107 [pool-439-thread-1] INFO  segmented.SegmentedRaftLogWorker (SegmentedRaftLogWorker.java:lambda$new$0(128)) - 61d60f24-9813-40ff-b2da-f5f3ebb43a56@group-BD24ED4D4B01-SegmentedRaftLogWorker: flushIndex: setUnconditionally 0 -> -1
2019-10-12 06:08:54,107 [pool-469-thread-1] INFO  segmented.SegmentedRaftLogWorker (SegmentedRaftLogWorker.java:lambda$new$0(128)) - 0baff407-2ef8-406d-9611-6376963c72ea@group-BD24ED4D4B01-SegmentedRaftLogWorker: flushIndex: setUnconditionally 0 -> -1
2019-10-12 06:08:54,107 [pool-439-thread-1] INFO  server.RaftServerConfigKeys (ConfUtils.java:logGet(43)) - raft.server.snapshot.auto.trigger.enabled = true (custom)
2019-10-12 06:08:54,108 [pool-469-thread-1] INFO  server.RaftServerConfigKeys (ConfUtils.java:logGet(43)) - raft.server.snapshot.auto.trigger.enabled = true (custom)
2019-10-12 06:08:54,108 [pool-439-thread-1] INFO  server.RaftServerConfigKeys (ConfUtils.java:logGet(43)) - raft.server.snapshot.auto.trigger.threshold = 10000 (custom)
2019-10-12 06:08:54,108 [pool-469-thread-1] INFO  server.RaftServerConfigKeys (ConfUtils.java:logGet(43)) - raft.server.snapshot.auto.trigger.threshold = 10000 (custom)
2019-10-12 06:08:54,108 [pool-439-thread-1] INFO  server.RaftServerConfigKeys (ConfUtils.java:logGet(43)) - raft.server.snapshot.retention.file.num = 5 (custom)
2019-10-12 06:08:54,108 [pool-469-thread-1] INFO  server.RaftServerConfigKeys (ConfUtils.java:logGet(43)) - raft.server.snapshot.retention.file.num = 5 (custom)
2019-10-12 06:08:54,108 [pool-459-thread-1] INFO  impl.RaftServerImpl (RaftServerImpl.java:start(181)) - 6b17b0ba-7b75-4086-b37c-f0e278e892a5@group-BD24ED4D4B01: start as a follower, conf=-1: [0baff407-2ef8-406d-9611-6376963c72ea:192.168.5.146:38301, 61d60f24-9813-40ff-b2da-f5f3ebb43a56:192.168.5.146:35885, 6b17b0ba-7b75-4086-b37c-f0e278e892a5:192.168.5.146:36346], old=null
2019-10-12 06:08:54,108 [pool-439-thread-1] INFO  server.RaftServerConfigKeys (ConfUtils.java:logGet(43)) - raft.server.retrycache.expirytime = 600000ms (custom)
2019-10-12 06:08:54,108 [pool-459-thread-1] INFO  impl.RaftServerImpl (RaftServerImpl.java:setRole(170)) - 6b17b0ba-7b75-4086-b37c-f0e278e892a5@group-BD24ED4D4B01: changes role from      null to FOLLOWER at term 0 for startAsFollower
2019-10-12 06:08:54,108 [pool-469-thread-1] INFO  server.RaftServerConfigKeys (ConfUtils.java:logGet(43)) - raft.server.retrycache.expirytime = 600000ms (custom)
2019-10-12 06:08:54,109 [pool-459-thread-1] INFO  impl.RoleInfo (RoleInfo.java:updateAndGet(143)) - 6b17b0ba-7b75-4086-b37c-f0e278e892a5: start FollowerState
2019-10-12 06:08:54,109 [pool-459-thread-1] INFO  util.JmxRegister (JmxRegister.java:tryRegister(44)) - Successfully registered JMX Bean with object name Ratis:service=RaftServer,group=group-BD24ED4D4B01,id=6b17b0ba-7b75-4086-b37c-f0e278e892a5
2019-10-12 06:08:54,111 [pool-439-thread-1] INFO  impl.RaftServerImpl (RaftServerImpl.java:start(181)) - 61d60f24-9813-40ff-b2da-f5f3ebb43a56@group-BD24ED4D4B01: start as a follower, conf=-1: [0baff407-2ef8-406d-9611-6376963c72ea:192.168.5.146:38301, 61d60f24-9813-40ff-b2da-f5f3ebb43a56:192.168.5.146:35885, 6b17b0ba-7b75-4086-b37c-f0e278e892a5:192.168.5.146:36346], old=null
2019-10-12 06:08:54,111 [pool-439-thread-1] INFO  impl.RaftServerImpl (RaftServerImpl.java:setRole(170)) - 61d60f24-9813-40ff-b2da-f5f3ebb43a56@group-BD24ED4D4B01: changes role from      null to FOLLOWER at term 0 for startAsFollower
2019-10-12 06:08:54,111 [pool-439-thread-1] INFO  impl.RoleInfo (RoleInfo.java:updateAndGet(143)) - 61d60f24-9813-40ff-b2da-f5f3ebb43a56: start FollowerState
2019-10-12 06:08:54,111 [pool-439-thread-1] INFO  util.JmxRegister (JmxRegister.java:tryRegister(44)) - Successfully registered JMX Bean with object name Ratis:service=RaftServer,group=group-BD24ED4D4B01,id=61d60f24-9813-40ff-b2da-f5f3ebb43a56
2019-10-12 06:08:54,111 [pool-469-thread-1] INFO  impl.RaftServerImpl (RaftServerImpl.java:start(181)) - 0baff407-2ef8-406d-9611-6376963c72ea@group-BD24ED4D4B01: start as a follower, conf=-1: [0baff407-2ef8-406d-9611-6376963c72ea:192.168.5.146:38301, 61d60f24-9813-40ff-b2da-f5f3ebb43a56:192.168.5.146:35885, 6b17b0ba-7b75-4086-b37c-f0e278e892a5:192.168.5.146:36346], old=null
2019-10-12 06:08:54,112 [pool-469-thread-1] INFO  impl.RaftServerImpl (RaftServerImpl.java:setRole(170)) - 0baff407-2ef8-406d-9611-6376963c72ea@group-BD24ED4D4B01: changes role from      null to FOLLOWER at term 0 for startAsFollower
2019-10-12 06:08:54,112 [pool-469-thread-1] INFO  impl.RoleInfo (RoleInfo.java:updateAndGet(143)) - 0baff407-2ef8-406d-9611-6376963c72ea: start FollowerState
2019-10-12 06:08:54,112 [pool-469-thread-1] INFO  util.JmxRegister (JmxRegister.java:tryRegister(44)) - Successfully registered JMX Bean with object name Ratis:service=RaftServer,group=group-BD24ED4D4B01,id=0baff407-2ef8-406d-9611-6376963c72ea
2019-10-12 06:08:54,127 [RatisPipelineUtilsThread] INFO  pipeline.PipelineStateManager (PipelineStateManager.java:addPipeline(56)) - Created pipeline Pipeline[ Id: 28ffaa70-955c-47c8-b9cc-bd24ed4d4b01, Nodes: 61d60f24-9813-40ff-b2da-f5f3ebb43a56{ip: 192.168.5.146, host: pr-hdds-1737-b78td-2979900912, networkLocation: /default-rack, certSerialId: null}0baff407-2ef8-406d-9611-6376963c72ea{ip: 192.168.5.146, host: pr-hdds-1737-b78td-2979900912, networkLocation: /default-rack, certSerialId: null}6b17b0ba-7b75-4086-b37c-f0e278e892a5{ip: 192.168.5.146, host: pr-hdds-1737-b78td-2979900912, networkLocation: /default-rack, certSerialId: null}, Type:RATIS, Factor:THREE, State:OPEN]
2019-10-12 06:08:54,915 [main] INFO  ozone.MiniOzoneClusterImpl (MiniOzoneClusterImpl.java:lambda$waitForClusterToBeReady$0(147)) - Cluster is ready. Got 7 of 7 DN Heartbeats.
2019-10-12 06:08:54,957 [main] INFO  rpc.RpcClient (RpcClient.java:createVolume(272)) - Creating Volume: testblockoutputstream, with jenkins1000 as owner.
2019-10-12 06:08:54,961 [IPC Server handler 2 on 39777] INFO  volume.OMVolumeCreateRequest (OMVolumeCreateRequest.java:validateAndUpdateCache(193)) - created volume:testblockoutputstream for user:jenkins1000
2019-10-12 06:08:54,979 [main] INFO  rpc.RpcClient (RpcClient.java:createBucket(411)) - Creating Bucket: testblockoutputstream/testblockoutputstream, with Versioning false and Storage Type set to DISK and Encryption set to false 
2019-10-12 06:08:56,559 [Thread-3038] INFO  container.ReplicationManager (ReplicationManager.java:start(162)) - Starting Replication Monitor Thread.
2019-10-12 06:08:56,566 [ReplicationMonitor] INFO  container.ReplicationManager (ReplicationManager.java:run(225)) - Replication Monitor Thread took 1 milliseconds for processing 1 containers.
2019-10-12 06:08:58,738 [Thread-3046] INFO  impl.FollowerState (FollowerState.java:run(108)) - 52c97a1b-8f2c-483e-bdde-fcf48c4533c7@group-D8F1F9DF6C7E-FollowerState: change to CANDIDATE, lastRpcTime:5025ms, electionTimeout:5025ms
2019-10-12 06:08:58,738 [Thread-3046] INFO  impl.RoleInfo (RoleInfo.java:shutdownFollowerState(121)) - 52c97a1b-8f2c-483e-bdde-fcf48c4533c7: shutdown FollowerState
2019-10-12 06:08:58,739 [Thread-3046] INFO  impl.RaftServerImpl (RaftServerImpl.java:setRole(170)) - 52c97a1b-8f2c-483e-bdde-fcf48c4533c7@group-D8F1F9DF6C7E: changes role from  FOLLOWER to CANDIDATE at term 0 for changeToCandidate
2019-10-12 06:08:58,739 [Thread-3046] INFO  impl.RoleInfo (RoleInfo.java:updateAndGet(143)) - 52c97a1b-8f2c-483e-bdde-fcf48c4533c7: start LeaderElection
2019-10-12 06:08:58,749 [Thread-3040] INFO  impl.FollowerState (FollowerState.java:run(108)) - 64da61d9-cb68-4c4c-9b52-28a6dfa4d899@group-005895723711-FollowerState: change to CANDIDATE, lastRpcTime:5140ms, electionTimeout:5139ms
2019-10-12 06:08:58,749 [Thread-3040] INFO  impl.RoleInfo (RoleInfo.java:shutdownFollowerState(121)) - 64da61d9-cb68-4c4c-9b52-28a6dfa4d899: shutdown FollowerState
2019-10-12 06:08:58,749 [Thread-3040] INFO  impl.RaftServerImpl (RaftServerImpl.java:setRole(170)) - 64da61d9-cb68-4c4c-9b52-28a6dfa4d899@group-005895723711: changes role from  FOLLOWER to CANDIDATE at term 0 for changeToCandidate
2019-10-12 06:08:58,749 [Thread-3040] INFO  impl.RoleInfo (RoleInfo.java:updateAndGet(143)) - 64da61d9-cb68-4c4c-9b52-28a6dfa4d899: start LeaderElection
2019-10-12 06:08:58,778 [52c97a1b-8f2c-483e-bdde-fcf48c4533c7@group-D8F1F9DF6C7E-LeaderElection59] INFO  impl.LeaderElection (LeaderElection.java:askForVotes(178)) - 52c97a1b-8f2c-483e-bdde-fcf48c4533c7@group-D8F1F9DF6C7E-LeaderElection59: begin an election at term 1 for -1: [52c97a1b-8f2c-483e-bdde-fcf48c4533c7:192.168.5.146:38443], old=null
2019-10-12 06:08:58,778 [64da61d9-cb68-4c4c-9b52-28a6dfa4d899@group-005895723711-LeaderElection60] INFO  impl.LeaderElection (LeaderElection.java:askForVotes(178)) - 64da61d9-cb68-4c4c-9b52-28a6dfa4d899@group-005895723711-LeaderElection60: begin an election at term 1 for -1: [64da61d9-cb68-4c4c-9b52-28a6dfa4d899:192.168.5.146:38184], old=null
2019-10-12 06:08:58,779 [52c97a1b-8f2c-483e-bdde-fcf48c4533c7@group-D8F1F9DF6C7E-LeaderElection59] INFO  impl.RoleInfo (RoleInfo.java:shutdownLeaderElection(134)) - 52c97a1b-8f2c-483e-bdde-fcf48c4533c7: shutdown LeaderElection
2019-10-12 06:08:58,779 [64da61d9-cb68-4c4c-9b52-28a6dfa4d899@group-005895723711-LeaderElection60] INFO  impl.RoleInfo (RoleInfo.java:shutdownLeaderElection(134)) - 64da61d9-cb68-4c4c-9b52-28a6dfa4d899: shutdown LeaderElection
2019-10-12 06:08:58,779 [52c97a1b-8f2c-483e-bdde-fcf48c4533c7@group-D8F1F9DF6C7E-LeaderElection59] INFO  impl.RaftServerImpl (RaftServerImpl.java:setRole(170)) - 52c97a1b-8f2c-483e-bdde-fcf48c4533c7@group-D8F1F9DF6C7E: changes role from CANDIDATE to LEADER at term 1 for changeToLeader
2019-10-12 06:08:58,779 [64da61d9-cb68-4c4c-9b52-28a6dfa4d899@group-005895723711-LeaderElection60] INFO  impl.RaftServerImpl (RaftServerImpl.java:setRole(170)) - 64da61d9-cb68-4c4c-9b52-28a6dfa4d899@group-005895723711: changes role from CANDIDATE to LEADER at term 1 for changeToLeader
2019-10-12 06:08:58,779 [52c97a1b-8f2c-483e-bdde-fcf48c4533c7@group-D8F1F9DF6C7E-LeaderElection59] INFO  impl.RaftServerImpl (ServerState.java:setLeader(255)) - 52c97a1b-8f2c-483e-bdde-fcf48c4533c7@group-D8F1F9DF6C7E: change Leader from null to 52c97a1b-8f2c-483e-bdde-fcf48c4533c7 at term 1 for becomeLeader, leader elected after 5073ms
2019-10-12 06:08:58,779 [64da61d9-cb68-4c4c-9b52-28a6dfa4d899@group-005895723711-LeaderElection60] INFO  impl.RaftServerImpl (ServerState.java:setLeader(255)) - 64da61d9-cb68-4c4c-9b52-28a6dfa4d899@group-005895723711: change Leader from null to 64da61d9-cb68-4c4c-9b52-28a6dfa4d899 at term 1 for becomeLeader, leader elected after 5176ms
2019-10-12 06:08:58,779 [64da61d9-cb68-4c4c-9b52-28a6dfa4d899@group-005895723711-LeaderElection60] INFO  server.RaftServerConfigKeys (ConfUtils.java:logGet(43)) - raft.server.staging.catchup.gap = 1000 (default)
2019-10-12 06:08:58,779 [52c97a1b-8f2c-483e-bdde-fcf48c4533c7@group-D8F1F9DF6C7E-LeaderElection59] INFO  server.RaftServerConfigKeys (ConfUtils.java:logGet(43)) - raft.server.staging.catchup.gap = 1000 (default)
2019-10-12 06:08:58,780 [64da61d9-cb68-4c4c-9b52-28a6dfa4d899@group-005895723711-LeaderElection60] INFO  server.RaftServerConfigKeys (ConfUtils.java:logGet(43)) - raft.server.rpc.sleep.time = 25ms (default)
2019-10-12 06:08:58,780 [52c97a1b-8f2c-483e-bdde-fcf48c4533c7@group-D8F1F9DF6C7E-LeaderElection59] INFO  server.RaftServerConfigKeys (ConfUtils.java:logGet(43)) - raft.server.rpc.sleep.time = 25ms (default)
2019-10-12 06:08:58,780 [64da61d9-cb68-4c4c-9b52-28a6dfa4d899@group-005895723711-LeaderElection60] INFO  server.RaftServerConfigKeys (ConfUtils.java:logGet(43)) - raft.server.write.element-limit = 4096 (default)
2019-10-12 06:08:58,780 [52c97a1b-8f2c-483e-bdde-fcf48c4533c7@group-D8F1F9DF6C7E-LeaderElection59] INFO  server.RaftServerConfigKeys (ConfUtils.java:logGet(43)) - raft.server.write.element-limit = 4096 (default)
2019-10-12 06:08:58,780 [64da61d9-cb68-4c4c-9b52-28a6dfa4d899@group-005895723711-LeaderElection60] INFO  server.RaftServerConfigKeys (ConfUtils.java:logGet(43)) - raft.server.watch.timeout = 10s (default)
2019-10-12 06:08:58,780 [52c97a1b-8f2c-483e-bdde-fcf48c4533c7@group-D8F1F9DF6C7E-LeaderElection59] INFO  server.RaftServerConfigKeys (ConfUtils.java:logGet(43)) - raft.server.watch.timeout = 10s (default)
2019-10-12 06:08:58,781 [64da61d9-cb68-4c4c-9b52-28a6dfa4d899@group-005895723711-LeaderElection60] INFO  server.RaftServerConfigKeys (ConfUtils.java:logGet(43)) - raft.server.watch.timeout.denomination = 1s (default)
2019-10-12 06:08:58,781 [52c97a1b-8f2c-483e-bdde-fcf48c4533c7@group-D8F1F9DF6C7E-LeaderElection59] INFO  server.RaftServerConfigKeys (ConfUtils.java:logGet(43)) - raft.server.watch.timeout.denomination = 1s (default)
2019-10-12 06:08:58,781 [64da61d9-cb68-4c4c-9b52-28a6dfa4d899@group-005895723711-LeaderElection60] INFO  server.RaftServerConfigKeys (ConfUtils.java:logGet(43)) - raft.server.watch.element-limit = 65536 (default)
2019-10-12 06:08:58,781 [52c97a1b-8f2c-483e-bdde-fcf48c4533c7@group-D8F1F9DF6C7E-LeaderElection59] INFO  server.RaftServerConfigKeys (ConfUtils.java:logGet(43)) - raft.server.watch.element-limit = 65536 (default)
2019-10-12 06:08:58,784 [52c97a1b-8f2c-483e-bdde-fcf48c4533c7@group-D8F1F9DF6C7E-LeaderElection59] INFO  impl.RoleInfo (RoleInfo.java:updateAndGet(143)) - 52c97a1b-8f2c-483e-bdde-fcf48c4533c7: start LeaderState
2019-10-12 06:08:58,784 [64da61d9-cb68-4c4c-9b52-28a6dfa4d899@group-005895723711-LeaderElection60] INFO  impl.RoleInfo (RoleInfo.java:updateAndGet(143)) - 64da61d9-cb68-4c4c-9b52-28a6dfa4d899: start LeaderState
2019-10-12 06:08:58,785 [64da61d9-cb68-4c4c-9b52-28a6dfa4d899@group-005895723711-LeaderElection60] INFO  segmented.SegmentedRaftLogWorker (SegmentedRaftLogWorker.java:startLogSegment(385)) - 64da61d9-cb68-4c4c-9b52-28a6dfa4d899@group-005895723711-SegmentedRaftLogWorker: Starting segment from index:0
2019-10-12 06:08:58,785 [52c97a1b-8f2c-483e-bdde-fcf48c4533c7@group-D8F1F9DF6C7E-LeaderElection59] INFO  segmented.SegmentedRaftLogWorker (SegmentedRaftLogWorker.java:startLogSegment(385)) - 52c97a1b-8f2c-483e-bdde-fcf48c4533c7@group-D8F1F9DF6C7E-SegmentedRaftLogWorker: Starting segment from index:0
2019-10-12 06:08:58,786 [64da61d9-cb68-4c4c-9b52-28a6dfa4d899@group-005895723711-LeaderElection60] INFO  impl.RaftServerImpl (ServerState.java:setRaftConf(356)) - 64da61d9-cb68-4c4c-9b52-28a6dfa4d899@group-005895723711: set configuration 0: [64da61d9-cb68-4c4c-9b52-28a6dfa4d899:192.168.5.146:38184], old=null at 0
2019-10-12 06:08:58,786 [52c97a1b-8f2c-483e-bdde-fcf48c4533c7@group-D8F1F9DF6C7E-LeaderElection59] INFO  impl.RaftServerImpl (ServerState.java:setRaftConf(356)) - 52c97a1b-8f2c-483e-bdde-fcf48c4533c7@group-D8F1F9DF6C7E: set configuration 0: [52c97a1b-8f2c-483e-bdde-fcf48c4533c7:192.168.5.146:38443], old=null at 0
2019-10-12 06:08:58,807 [Thread-3043] INFO  impl.FollowerState (FollowerState.java:run(108)) - 9bf1e6db-7e19-4234-afcc-3b42824906ec@group-51EF099938A7-FollowerState: change to CANDIDATE, lastRpcTime:5137ms, electionTimeout:5137ms
2019-10-12 06:08:58,807 [Thread-3043] INFO  impl.RoleInfo (RoleInfo.java:shutdownFollowerState(121)) - 9bf1e6db-7e19-4234-afcc-3b42824906ec: shutdown FollowerState
2019-10-12 06:08:58,807 [Thread-3043] INFO  impl.RaftServerImpl (RaftServerImpl.java:setRole(170)) - 9bf1e6db-7e19-4234-afcc-3b42824906ec@group-51EF099938A7: changes role from  FOLLOWER to CANDIDATE at term 0 for changeToCandidate
2019-10-12 06:08:58,807 [Thread-3043] INFO  impl.RoleInfo (RoleInfo.java:updateAndGet(143)) - 9bf1e6db-7e19-4234-afcc-3b42824906ec: start LeaderElection
2019-10-12 06:08:58,822 [Thread-3052] INFO  impl.FollowerState (FollowerState.java:run(108)) - 9bf1e6db-7e19-4234-afcc-3b42824906ec@group-FAC1763DC03B-FollowerState: change to CANDIDATE, lastRpcTime:5020ms, electionTimeout:5007ms
2019-10-12 06:08:58,822 [Thread-3052] INFO  impl.RoleInfo (RoleInfo.java:shutdownFollowerState(121)) - 9bf1e6db-7e19-4234-afcc-3b42824906ec: shutdown FollowerState
2019-10-12 06:08:58,822 [Thread-3052] INFO  impl.RaftServerImpl (RaftServerImpl.java:setRole(170)) - 9bf1e6db-7e19-4234-afcc-3b42824906ec@group-FAC1763DC03B: changes role from  FOLLOWER to CANDIDATE at term 0 for changeToCandidate
2019-10-12 06:08:58,822 [Thread-3052] INFO  impl.RoleInfo (RoleInfo.java:updateAndGet(143)) - 9bf1e6db-7e19-4234-afcc-3b42824906ec: start LeaderElection
2019-10-12 06:08:58,835 [52c97a1b-8f2c-483e-bdde-fcf48c4533c7@group-D8F1F9DF6C7E-SegmentedRaftLogWorker] INFO  segmented.SegmentedRaftLogWorker (SegmentedRaftLogWorker.java:execute(574)) - 52c97a1b-8f2c-483e-bdde-fcf48c4533c7@group-D8F1F9DF6C7E-SegmentedRaftLogWorker: created new log segment /workdir/hadoop-ozone/integration-test/target/test-dir/MiniOzoneClusterImpl-061316ad-a4b7-44e7-91bd-8dc93601c629/datanode-2/data/ratis/0ed8c6c3-0473-4de1-938e-d8f1f9df6c7e/current/log_inprogress_0
2019-10-12 06:08:58,835 [64da61d9-cb68-4c4c-9b52-28a6dfa4d899@group-005895723711-SegmentedRaftLogWorker] INFO  segmented.SegmentedRaftLogWorker (SegmentedRaftLogWorker.java:execute(574)) - 64da61d9-cb68-4c4c-9b52-28a6dfa4d899@group-005895723711-SegmentedRaftLogWorker: created new log segment /workdir/hadoop-ozone/integration-test/target/test-dir/MiniOzoneClusterImpl-061316ad-a4b7-44e7-91bd-8dc93601c629/datanode-0/data/ratis/fc774165-52b2-47f4-9b9d-005895723711/current/log_inprogress_0
2019-10-12 06:08:58,835 [9bf1e6db-7e19-4234-afcc-3b42824906ec@group-FAC1763DC03B-LeaderElection62] INFO  impl.LeaderElection (LeaderElection.java:askForVotes(178)) - 9bf1e6db-7e19-4234-afcc-3b42824906ec@group-FAC1763DC03B-LeaderElection62: begin an election at term 1 for -1: [9bf1e6db-7e19-4234-afcc-3b42824906ec:192.168.5.146:37862, 52c97a1b-8f2c-483e-bdde-fcf48c4533c7:192.168.5.146:38443, 64da61d9-cb68-4c4c-9b52-28a6dfa4d899:192.168.5.146:38184], old=null
2019-10-12 06:08:58,835 [9bf1e6db-7e19-4234-afcc-3b42824906ec@group-51EF099938A7-LeaderElection61] INFO  impl.LeaderElection (LeaderElection.java:askForVotes(178)) - 9bf1e6db-7e19-4234-afcc-3b42824906ec@group-51EF099938A7-LeaderElection61: begin an election at term 1 for -1: [9bf1e6db-7e19-4234-afcc-3b42824906ec:192.168.5.146:37862], old=null
2019-10-12 06:08:58,835 [9bf1e6db-7e19-4234-afcc-3b42824906ec@group-51EF099938A7-LeaderElection61] INFO  impl.RoleInfo (RoleInfo.java:shutdownLeaderElection(134)) - 9bf1e6db-7e19-4234-afcc-3b42824906ec: shutdown LeaderElection
2019-10-12 06:08:58,836 [9bf1e6db-7e19-4234-afcc-3b42824906ec@group-51EF099938A7-LeaderElection61] INFO  impl.RaftServerImpl (RaftServerImpl.java:setRole(170)) - 9bf1e6db-7e19-4234-afcc-3b42824906ec@group-51EF099938A7: changes role from CANDIDATE to LEADER at term 1 for changeToLeader
2019-10-12 06:08:58,836 [9bf1e6db-7e19-4234-afcc-3b42824906ec@group-51EF099938A7-LeaderElection61] INFO  impl.RaftServerImpl (ServerState.java:setLeader(255)) - 9bf1e6db-7e19-4234-afcc-3b42824906ec@group-51EF099938A7: change Leader from null to 9bf1e6db-7e19-4234-afcc-3b42824906ec at term 1 for becomeLeader, leader elected after 5172ms
2019-10-12 06:08:58,836 [9bf1e6db-7e19-4234-afcc-3b42824906ec@group-51EF099938A7-LeaderElection61] INFO  server.RaftServerConfigKeys (ConfUtils.java:logGet(43)) - raft.server.staging.catchup.gap = 1000 (default)
2019-10-12 06:08:58,836 [9bf1e6db-7e19-4234-afcc-3b42824906ec@group-51EF099938A7-LeaderElection61] INFO  server.RaftServerConfigKeys (ConfUtils.java:logGet(43)) - raft.server.rpc.sleep.time = 25ms (default)
2019-10-12 06:08:58,837 [9bf1e6db-7e19-4234-afcc-3b42824906ec@group-51EF099938A7-LeaderElection61] INFO  server.RaftServerConfigKeys (ConfUtils.java:logGet(43)) - raft.server.write.element-limit = 4096 (default)
2019-10-12 06:08:58,837 [9bf1e6db-7e19-4234-afcc-3b42824906ec@group-51EF099938A7-LeaderElection61] INFO  server.RaftServerConfigKeys (ConfUtils.java:logGet(43)) - raft.server.watch.timeout = 10s (default)
2019-10-12 06:08:58,837 [9bf1e6db-7e19-4234-afcc-3b42824906ec@group-51EF099938A7-LeaderElection61] INFO  server.RaftServerConfigKeys (ConfUtils.java:logGet(43)) - raft.server.watch.timeout.denomination = 1s (default)
2019-10-12 06:08:58,838 [9bf1e6db-7e19-4234-afcc-3b42824906ec@group-51EF099938A7-LeaderElection61] INFO  server.RaftServerConfigKeys (ConfUtils.java:logGet(43)) - raft.server.watch.element-limit = 65536 (default)
2019-10-12 06:08:58,839 [grpc-default-executor-9] INFO  impl.RaftServerImpl (RaftServerImpl.java:setRole(170)) - 64da61d9-cb68-4c4c-9b52-28a6dfa4d899@group-FAC1763DC03B: changes role from  FOLLOWER to FOLLOWER at term 1 for recognizeCandidate:9bf1e6db-7e19-4234-afcc-3b42824906ec
2019-10-12 06:08:58,840 [grpc-default-executor-9] INFO  impl.RoleInfo (RoleInfo.java:shutdownFollowerState(121)) - 64da61d9-cb68-4c4c-9b52-28a6dfa4d899: shutdown FollowerState
2019-10-12 06:08:58,840 [9bf1e6db-7e19-4234-afcc-3b42824906ec@group-51EF099938A7-LeaderElection61] INFO  impl.RoleInfo (RoleInfo.java:updateAndGet(143)) - 9bf1e6db-7e19-4234-afcc-3b42824906ec: start LeaderState
2019-10-12 06:08:58,840 [grpc-default-executor-7] INFO  impl.RaftServerImpl (RaftServerImpl.java:setRole(170)) - 52c97a1b-8f2c-483e-bdde-fcf48c4533c7@group-FAC1763DC03B: changes role from  FOLLOWER to FOLLOWER at term 1 for recognizeCandidate:9bf1e6db-7e19-4234-afcc-3b42824906ec
2019-10-12 06:08:58,840 [Thread-3049] INFO  impl.FollowerState (FollowerState.java:run(117)) - 64da61d9-cb68-4c4c-9b52-28a6dfa4d899@group-FAC1763DC03B-FollowerState was interrupted: java.lang.InterruptedException: sleep interrupted
2019-10-12 06:08:58,840 [grpc-default-executor-9] INFO  impl.RoleInfo (RoleInfo.java:updateAndGet(143)) - 64da61d9-cb68-4c4c-9b52-28a6dfa4d899: start FollowerState
2019-10-12 06:08:58,840 [grpc-default-executor-7] INFO  impl.RoleInfo (RoleInfo.java:shutdownFollowerState(121)) - 52c97a1b-8f2c-483e-bdde-fcf48c4533c7: shutdown FollowerState
2019-10-12 06:08:58,840 [9bf1e6db-7e19-4234-afcc-3b42824906ec@group-51EF099938A7-LeaderElection61] INFO  segmented.SegmentedRaftLogWorker (SegmentedRaftLogWorker.java:startLogSegment(385)) - 9bf1e6db-7e19-4234-afcc-3b42824906ec@group-51EF099938A7-SegmentedRaftLogWorker: Starting segment from index:0
2019-10-12 06:08:58,841 [Thread-3053] INFO  impl.FollowerState (FollowerState.java:run(117)) - 52c97a1b-8f2c-483e-bdde-fcf48c4533c7@group-FAC1763DC03B-FollowerState was interrupted: java.lang.InterruptedException: sleep interrupted
2019-10-12 06:08:58,841 [grpc-default-executor-7] INFO  impl.RoleInfo (RoleInfo.java:updateAndGet(143)) - 52c97a1b-8f2c-483e-bdde-fcf48c4533c7: start FollowerState
2019-10-12 06:08:58,841 [9bf1e6db-7e19-4234-afcc-3b42824906ec@group-51EF099938A7-LeaderElection61] INFO  impl.RaftServerImpl (ServerState.java:setRaftConf(356)) - 9bf1e6db-7e19-4234-afcc-3b42824906ec@group-51EF099938A7: set configuration 0: [9bf1e6db-7e19-4234-afcc-3b42824906ec:192.168.5.146:37862], old=null at 0
2019-10-12 06:08:58,867 [9bf1e6db-7e19-4234-afcc-3b42824906ec@group-FAC1763DC03B-LeaderElection62] INFO  impl.LeaderElection (LeaderElection.java:logAndReturn(56)) - 9bf1e6db-7e19-4234-afcc-3b42824906ec@group-FAC1763DC03B-LeaderElection62: Election PASSED; received 1 response(s) [9bf1e6db-7e19-4234-afcc-3b42824906ec<-64da61d9-cb68-4c4c-9b52-28a6dfa4d899#0:OK-t1] and 0 exception(s); 9bf1e6db-7e19-4234-afcc-3b42824906ec@group-FAC1763DC03B:t1, leader=null, voted=9bf1e6db-7e19-4234-afcc-3b42824906ec, raftlog=9bf1e6db-7e19-4234-afcc-3b42824906ec@group-FAC1763DC03B-SegmentedRaftLog:OPENED:c-1,f-1,i0, conf=-1: [9bf1e6db-7e19-4234-afcc-3b42824906ec:192.168.5.146:37862, 52c97a1b-8f2c-483e-bdde-fcf48c4533c7:192.168.5.146:38443, 64da61d9-cb68-4c4c-9b52-28a6dfa4d899:192.168.5.146:38184], old=null
2019-10-12 06:08:58,868 [9bf1e6db-7e19-4234-afcc-3b42824906ec@group-FAC1763DC03B-LeaderElection62] INFO  impl.RoleInfo (RoleInfo.java:shutdownLeaderElection(134)) - 9bf1e6db-7e19-4234-afcc-3b42824906ec: shutdown LeaderElection
2019-10-12 06:08:58,868 [9bf1e6db-7e19-4234-afcc-3b42824906ec@group-FAC1763DC03B-LeaderElection62] INFO  impl.RaftServerImpl (RaftServerImpl.java:setRole(170)) - 9bf1e6db-7e19-4234-afcc-3b42824906ec@group-FAC1763DC03B: changes role from CANDIDATE to LEADER at term 1 for changeToLeader
2019-10-12 06:08:58,868 [9bf1e6db-7e19-4234-afcc-3b42824906ec@group-FAC1763DC03B-LeaderElection62] INFO  impl.RaftServerImpl (ServerState.java:setLeader(255)) - 9bf1e6db-7e19-4234-afcc-3b42824906ec@group-FAC1763DC03B: change Leader from null to 9bf1e6db-7e19-4234-afcc-3b42824906ec at term 1 for becomeLeader, leader elected after 5081ms
2019-10-12 06:08:58,868 [9bf1e6db-7e19-4234-afcc-3b42824906ec@group-FAC1763DC03B-LeaderElection62] INFO  server.RaftServerConfigKeys (ConfUtils.java:logGet(43)) - raft.server.staging.catchup.gap = 1000 (default)
2019-10-12 06:08:58,868 [9bf1e6db-7e19-4234-afcc-3b42824906ec@group-FAC1763DC03B-LeaderElection62] INFO  server.RaftServerConfigKeys (ConfUtils.java:logGet(43)) - raft.server.rpc.sleep.time = 25ms (default)
2019-10-12 06:08:58,868 [9bf1e6db-7e19-4234-afcc-3b42824906ec@group-FAC1763DC03B-LeaderElection62] INFO  server.RaftServerConfigKeys (ConfUtils.java:logGet(43)) - raft.server.write.element-limit = 4096 (default)
2019-10-12 06:08:58,868 [9bf1e6db-7e19-4234-afcc-3b42824906ec@group-FAC1763DC03B-LeaderElection62] INFO  server.RaftServerConfigKeys (ConfUtils.java:logGet(43)) - raft.server.watch.timeout = 10s (default)
2019-10-12 06:08:58,868 [9bf1e6db-7e19-4234-afcc-3b42824906ec@group-FAC1763DC03B-LeaderElection62] INFO  server.RaftServerConfigKeys (ConfUtils.java:logGet(43)) - raft.server.watch.timeout.denomination = 1s (default)
2019-10-12 06:08:58,869 [9bf1e6db-7e19-4234-afcc-3b42824906ec@group-FAC1763DC03B-LeaderElection62] INFO  server.RaftServerConfigKeys (ConfUtils.java:logGet(43)) - raft.server.watch.element-limit = 65536 (default)
2019-10-12 06:08:58,870 [9bf1e6db-7e19-4234-afcc-3b42824906ec@group-FAC1763DC03B-LeaderElection62] INFO  server.RaftServerConfigKeys (ConfUtils.java:logGet(43)) - raft.server.log.appender.snapshot.chunk.size.max = 16MB (=16777216) (default)
2019-10-12 06:08:58,870 [9bf1e6db-7e19-4234-afcc-3b42824906ec@group-FAC1763DC03B-LeaderElection62] INFO  server.RaftServerConfigKeys (ConfUtils.java:logGet(43)) - raft.server.log.appender.buffer.byte-limit = 33554432 (custom)
2019-10-12 06:08:58,870 [9bf1e6db-7e19-4234-afcc-3b42824906ec@group-FAC1763DC03B-LeaderElection62] INFO  server.RaftServerConfigKeys (ConfUtils.java:logGet(43)) - raft.server.log.appender.buffer.element-limit = 1 (custom)
2019-10-12 06:08:58,870 [9bf1e6db-7e19-4234-afcc-3b42824906ec@group-FAC1763DC03B-LeaderElection62] INFO  grpc.GrpcConfigKeys$Server (ConfUtils.java:logGet(43)) - raft.grpc.server.leader.outstanding.appends.max = 128 (default)
2019-10-12 06:08:58,870 [9bf1e6db-7e19-4234-afcc-3b42824906ec@group-FAC1763DC03B-LeaderElection62] INFO  server.RaftServerConfigKeys (ConfUtils.java:logGet(43)) - raft.server.rpc.request.timeout = 3000ms (default)
2019-10-12 06:08:58,871 [9bf1e6db-7e19-4234-afcc-3b42824906ec@group-FAC1763DC03B-LeaderElection62] INFO  server.RaftServerConfigKeys (ConfUtils.java:logGet(43)) - raft.server.log.appender.install.snapshot.enabled = false (custom)
2019-10-12 06:08:58,871 [9bf1e6db-7e19-4234-afcc-3b42824906ec@group-FAC1763DC03B-LeaderElection62] INFO  server.RaftServerConfigKeys (ConfUtils.java:logGet(43)) - raft.server.log.appender.snapshot.chunk.size.max = 16MB (=16777216) (default)
2019-10-12 06:08:58,871 [9bf1e6db-7e19-4234-afcc-3b42824906ec@group-FAC1763DC03B-LeaderElection62] INFO  server.RaftServerConfigKeys (ConfUtils.java:logGet(43)) - raft.server.log.appender.buffer.byte-limit = 33554432 (custom)
2019-10-12 06:08:58,871 [9bf1e6db-7e19-4234-afcc-3b42824906ec@group-FAC1763DC03B-LeaderElection62] INFO  server.RaftServerConfigKeys (ConfUtils.java:logGet(43)) - raft.server.log.appender.buffer.element-limit = 1 (custom)
2019-10-12 06:08:58,871 [9bf1e6db-7e19-4234-afcc-3b42824906ec@group-FAC1763DC03B-LeaderElection62] INFO  grpc.GrpcConfigKeys$Server (ConfUtils.java:logGet(43)) - raft.grpc.server.leader.outstanding.appends.max = 128 (default)
2019-10-12 06:08:58,871 [9bf1e6db-7e19-4234-afcc-3b42824906ec@group-51EF099938A7-SegmentedRaftLogWorker] INFO  segmented.SegmentedRaftLogWorker (SegmentedRaftLogWorker.java:execute(574)) - 9bf1e6db-7e19-4234-afcc-3b42824906ec@group-51EF099938A7-SegmentedRaftLogWorker: created new log segment /workdir/hadoop-ozone/integration-test/target/test-dir/MiniOzoneClusterImpl-061316ad-a4b7-44e7-91bd-8dc93601c629/datanode-1/data/ratis/42e31c7d-4f15-4c5c-916c-51ef099938a7/current/log_inprogress_0
2019-10-12 06:08:58,871 [9bf1e6db-7e19-4234-afcc-3b42824906ec@group-FAC1763DC03B-LeaderElection62] INFO  server.RaftServerConfigKeys (ConfUtils.java:logGet(43)) - raft.server.rpc.request.timeout = 3000ms (default)
2019-10-12 06:08:58,875 [9bf1e6db-7e19-4234-afcc-3b42824906ec@group-FAC1763DC03B-LeaderElection62] INFO  server.RaftServerConfigKeys (ConfUtils.java:logGet(43)) - raft.server.log.appender.install.snapshot.enabled = false (custom)
2019-10-12 06:08:58,875 [9bf1e6db-7e19-4234-afcc-3b42824906ec@group-FAC1763DC03B-LeaderElection62] INFO  impl.RoleInfo (RoleInfo.java:updateAndGet(143)) - 9bf1e6db-7e19-4234-afcc-3b42824906ec: start LeaderState
2019-10-12 06:08:58,875 [9bf1e6db-7e19-4234-afcc-3b42824906ec@group-FAC1763DC03B-LeaderElection62] INFO  segmented.SegmentedRaftLogWorker (SegmentedRaftLogWorker.java:startLogSegment(385)) - 9bf1e6db-7e19-4234-afcc-3b42824906ec@group-FAC1763DC03B-SegmentedRaftLogWorker: Starting segment from index:0
2019-10-12 06:08:58,876 [9bf1e6db-7e19-4234-afcc-3b42824906ec@group-FAC1763DC03B-LeaderElection62] INFO  impl.RaftServerImpl (ServerState.java:setRaftConf(356)) - 9bf1e6db-7e19-4234-afcc-3b42824906ec@group-FAC1763DC03B: set configuration 0: [9bf1e6db-7e19-4234-afcc-3b42824906ec:192.168.5.146:37862, 52c97a1b-8f2c-483e-bdde-fcf48c4533c7:192.168.5.146:38443, 64da61d9-cb68-4c4c-9b52-28a6dfa4d899:192.168.5.146:38184], old=null at 0
2019-10-12 06:08:58,926 [9bf1e6db-7e19-4234-afcc-3b42824906ec@group-FAC1763DC03B-SegmentedRaftLogWorker] INFO  segmented.SegmentedRaftLogWorker (SegmentedRaftLogWorker.java:execute(574)) - 9bf1e6db-7e19-4234-afcc-3b42824906ec@group-FAC1763DC03B-SegmentedRaftLogWorker: created new log segment /workdir/hadoop-ozone/integration-test/target/test-dir/MiniOzoneClusterImpl-061316ad-a4b7-44e7-91bd-8dc93601c629/datanode-1/data/ratis/831185b6-6d22-4c11-a624-fac1763dc03b/current/log_inprogress_0
2019-10-12 06:08:58,926 [grpc-default-executor-7] INFO  impl.RaftServerImpl (ServerState.java:setLeader(255)) - 52c97a1b-8f2c-483e-bdde-fcf48c4533c7@group-FAC1763DC03B: change Leader from null to 9bf1e6db-7e19-4234-afcc-3b42824906ec at term 1 for appendEntries, leader elected after 5139ms
2019-10-12 06:08:58,926 [grpc-default-executor-9] INFO  impl.RaftServerImpl (ServerState.java:setLeader(255)) - 64da61d9-cb68-4c4c-9b52-28a6dfa4d899@group-FAC1763DC03B: change Leader from null to 9bf1e6db-7e19-4234-afcc-3b42824906ec at term 1 for appendEntries, leader elected after 5139ms
2019-10-12 06:08:58,938 [grpc-default-executor-7] INFO  impl.RaftServerImpl (ServerState.java:setRaftConf(356)) - 64da61d9-cb68-4c4c-9b52-28a6dfa4d899@group-FAC1763DC03B: set configuration 0: [9bf1e6db-7e19-4234-afcc-3b42824906ec:192.168.5.146:37862, 52c97a1b-8f2c-483e-bdde-fcf48c4533c7:192.168.5.146:38443, 64da61d9-cb68-4c4c-9b52-28a6dfa4d899:192.168.5.146:38184], old=null at 0
2019-10-12 06:08:58,938 [grpc-default-executor-9] INFO  impl.RaftServerImpl (ServerState.java:setRaftConf(356)) - 52c97a1b-8f2c-483e-bdde-fcf48c4533c7@group-FAC1763DC03B: set configuration 0: [9bf1e6db-7e19-4234-afcc-3b42824906ec:192.168.5.146:37862, 52c97a1b-8f2c-483e-bdde-fcf48c4533c7:192.168.5.146:38443, 64da61d9-cb68-4c4c-9b52-28a6dfa4d899:192.168.5.146:38184], old=null at 0
2019-10-12 06:08:58,938 [grpc-default-executor-7] INFO  segmented.SegmentedRaftLogWorker (SegmentedRaftLogWorker.java:startLogSegment(385)) - 64da61d9-cb68-4c4c-9b52-28a6dfa4d899@group-FAC1763DC03B-SegmentedRaftLogWorker: Starting segment from index:0
2019-10-12 06:08:58,938 [grpc-default-executor-9] INFO  segmented.SegmentedRaftLogWorker (SegmentedRaftLogWorker.java:startLogSegment(385)) - 52c97a1b-8f2c-483e-bdde-fcf48c4533c7@group-FAC1763DC03B-SegmentedRaftLogWorker: Starting segment from index:0
2019-10-12 06:08:58,963 [Thread-3061] INFO  impl.FollowerState (FollowerState.java:run(108)) - 6b17b0ba-7b75-4086-b37c-f0e278e892a5@group-C5B097DDB6E0-FollowerState: change to CANDIDATE, lastRpcTime:5020ms, electionTimeout:5020ms
2019-10-12 06:08:58,963 [Thread-3061] INFO  impl.RoleInfo (RoleInfo.java:shutdownFollowerState(121)) - 6b17b0ba-7b75-4086-b37c-f0e278e892a5: shutdown FollowerState
2019-10-12 06:08:58,964 [Thread-3061] INFO  impl.RaftServerImpl (RaftServerImpl.java:setRole(170)) - 6b17b0ba-7b75-4086-b37c-f0e278e892a5@group-C5B097DDB6E0: changes role from  FOLLOWER to CANDIDATE at term 0 for changeToCandidate
2019-10-12 06:08:58,964 [Thread-3061] INFO  impl.RoleInfo (RoleInfo.java:updateAndGet(143)) - 6b17b0ba-7b75-4086-b37c-f0e278e892a5: start LeaderElection
2019-10-12 06:08:58,987 [52c97a1b-8f2c-483e-bdde-fcf48c4533c7@group-FAC1763DC03B-SegmentedRaftLogWorker] INFO  segmented.SegmentedRaftLogWorker (SegmentedRaftLogWorker.java:execute(574)) - 52c97a1b-8f2c-483e-bdde-fcf48c4533c7@group-FAC1763DC03B-SegmentedRaftLogWorker: created new log segment /workdir/hadoop-ozone/integration-test/target/test-dir/MiniOzoneClusterImpl-061316ad-a4b7-44e7-91bd-8dc93601c629/datanode-2/data/ratis/831185b6-6d22-4c11-a624-fac1763dc03b/current/log_inprogress_0
2019-10-12 06:08:58,987 [64da61d9-cb68-4c4c-9b52-28a6dfa4d899@group-FAC1763DC03B-SegmentedRaftLogWorker] INFO  segmented.SegmentedRaftLogWorker (SegmentedRaftLogWorker.java:execute(574)) - 64da61d9-cb68-4c4c-9b52-28a6dfa4d899@group-FAC1763DC03B-SegmentedRaftLogWorker: created new log segment /workdir/hadoop-ozone/integration-test/target/test-dir/MiniOzoneClusterImpl-061316ad-a4b7-44e7-91bd-8dc93601c629/datanode-0/data/ratis/831185b6-6d22-4c11-a624-fac1763dc03b/current/log_inprogress_0
2019-10-12 06:08:58,987 [6b17b0ba-7b75-4086-b37c-f0e278e892a5@group-C5B097DDB6E0-LeaderElection63] INFO  impl.LeaderElection (LeaderElection.java:askForVotes(178)) - 6b17b0ba-7b75-4086-b37c-f0e278e892a5@group-C5B097DDB6E0-LeaderElection63: begin an election at term 1 for -1: [6b17b0ba-7b75-4086-b37c-f0e278e892a5:192.168.5.146:36346], old=null
2019-10-12 06:08:58,988 [6b17b0ba-7b75-4086-b37c-f0e278e892a5@group-C5B097DDB6E0-LeaderElection63] INFO  impl.RoleInfo (RoleInfo.java:shutdownLeaderElection(134)) - 6b17b0ba-7b75-4086-b37c-f0e278e892a5: shutdown LeaderElection
2019-10-12 06:08:58,988 [6b17b0ba-7b75-4086-b37c-f0e278e892a5@group-C5B097DDB6E0-LeaderElection63] INFO  impl.RaftServerImpl (RaftServerImpl.java:setRole(170)) - 6b17b0ba-7b75-4086-b37c-f0e278e892a5@group-C5B097DDB6E0: changes role from CANDIDATE to LEADER at term 1 for changeToLeader
2019-10-12 06:08:58,988 [6b17b0ba-7b75-4086-b37c-f0e278e892a5@group-C5B097DDB6E0-LeaderElection63] INFO  impl.RaftServerImpl (ServerState.java:setLeader(255)) - 6b17b0ba-7b75-4086-b37c-f0e278e892a5@group-C5B097DDB6E0: change Leader from null to 6b17b0ba-7b75-4086-b37c-f0e278e892a5 at term 1 for becomeLeader, leader elected after 5052ms
2019-10-12 06:08:58,988 [6b17b0ba-7b75-4086-b37c-f0e278e892a5@group-C5B097DDB6E0-LeaderElection63] INFO  server.RaftServerConfigKeys (ConfUtils.java:logGet(43)) - raft.server.staging.catchup.gap = 1000 (default)
2019-10-12 06:08:58,988 [6b17b0ba-7b75-4086-b37c-f0e278e892a5@group-C5B097DDB6E0-LeaderElection63] INFO  server.RaftServerConfigKeys (ConfUtils.java:logGet(43)) - raft.server.rpc.sleep.time = 25ms (default)
2019-10-12 06:08:58,989 [6b17b0ba-7b75-4086-b37c-f0e278e892a5@group-C5B097DDB6E0-LeaderElection63] INFO  server.RaftServerConfigKeys (ConfUtils.java:logGet(43)) - raft.server.write.element-limit = 4096 (default)
2019-10-12 06:08:58,989 [6b17b0ba-7b75-4086-b37c-f0e278e892a5@group-C5B097DDB6E0-LeaderElection63] INFO  server.RaftServerConfigKeys (ConfUtils.java:logGet(43)) - raft.server.watch.timeout = 10s (default)
2019-10-12 06:08:58,989 [6b17b0ba-7b75-4086-b37c-f0e278e892a5@group-C5B097DDB6E0-LeaderElection63] INFO  server.RaftServerConfigKeys (ConfUtils.java:logGet(43)) - raft.server.watch.timeout.denomination = 1s (default)
2019-10-12 06:08:58,989 [6b17b0ba-7b75-4086-b37c-f0e278e892a5@group-C5B097DDB6E0-LeaderElection63] INFO  server.RaftServerConfigKeys (ConfUtils.java:logGet(43)) - raft.server.watch.element-limit = 65536 (default)
2019-10-12 06:08:58,992 [6b17b0ba-7b75-4086-b37c-f0e278e892a5@group-C5B097DDB6E0-LeaderElection63] INFO  impl.RoleInfo (RoleInfo.java:updateAndGet(143)) - 6b17b0ba-7b75-4086-b37c-f0e278e892a5: start LeaderState
2019-10-12 06:08:58,992 [6b17b0ba-7b75-4086-b37c-f0e278e892a5@group-C5B097DDB6E0-LeaderElection63] INFO  segmented.SegmentedRaftLogWorker (SegmentedRaftLogWorker.java:startLogSegment(385)) - 6b17b0ba-7b75-4086-b37c-f0e278e892a5@group-C5B097DDB6E0-SegmentedRaftLogWorker: Starting segment from index:0
2019-10-12 06:08:58,993 [6b17b0ba-7b75-4086-b37c-f0e278e892a5@group-C5B097DDB6E0-LeaderElection63] INFO  impl.RaftServerImpl (ServerState.java:setRaftConf(356)) - 6b17b0ba-7b75-4086-b37c-f0e278e892a5@group-C5B097DDB6E0: set configuration 0: [6b17b0ba-7b75-4086-b37c-f0e278e892a5:192.168.5.146:36346], old=null at 0
2019-10-12 06:08:59,028 [6b17b0ba-7b75-4086-b37c-f0e278e892a5@group-C5B097DDB6E0-SegmentedRaftLogWorker] INFO  segmented.SegmentedRaftLogWorker (SegmentedRaftLogWorker.java:execute(574)) - 6b17b0ba-7b75-4086-b37c-f0e278e892a5@group-C5B097DDB6E0-SegmentedRaftLogWorker: created new log segment /workdir/hadoop-ozone/integration-test/target/test-dir/MiniOzoneClusterImpl-061316ad-a4b7-44e7-91bd-8dc93601c629/datanode-5/data/ratis/f2707df9-a65f-41ce-bd05-c5b097ddb6e0/current/log_inprogress_0
2019-10-12 06:08:59,072 [Thread-3058] INFO  impl.FollowerState (FollowerState.java:run(108)) - 61d60f24-9813-40ff-b2da-f5f3ebb43a56@group-BD551F800DD8-FollowerState: change to CANDIDATE, lastRpcTime:5196ms, electionTimeout:5189ms
2019-10-12 06:08:59,072 [Thread-3058] INFO  impl.RoleInfo (RoleInfo.java:shutdownFollowerState(121)) - 61d60f24-9813-40ff-b2da-f5f3ebb43a56: shutdown FollowerState
2019-10-12 06:08:59,072 [Thread-3058] INFO  impl.RaftServerImpl (RaftServerImpl.java:setRole(170)) - 61d60f24-9813-40ff-b2da-f5f3ebb43a56@group-BD551F800DD8: changes role from  FOLLOWER to CANDIDATE at term 0 for changeToCandidate
2019-10-12 06:08:59,072 [Thread-3058] INFO  impl.RoleInfo (RoleInfo.java:updateAndGet(143)) - 61d60f24-9813-40ff-b2da-f5f3ebb43a56: start LeaderElection
2019-10-12 06:08:59,086 [Thread-3067] INFO  impl.FollowerState (FollowerState.java:run(108)) - db6618ce-b8a9-47f2-ad5f-d543322dce6c@group-CA3A57F69607-FollowerState: change to CANDIDATE, lastRpcTime:5055ms, electionTimeout:5055ms
2019-10-12 06:08:59,086 [Thread-3067] INFO  impl.RoleInfo (RoleInfo.java:shutdownFollowerState(121)) - db6618ce-b8a9-47f2-ad5f-d543322dce6c: shutdown FollowerState
2019-10-12 06:08:59,086 [Thread-3067] INFO  impl.RaftServerImpl (RaftServerImpl.java:setRole(170)) - db6618ce-b8a9-47f2-ad5f-d543322dce6c@group-CA3A57F69607: changes role from  FOLLOWER to CANDIDATE at term 0 for changeToCandidate
2019-10-12 06:08:59,087 [Thread-3067] INFO  impl.RoleInfo (RoleInfo.java:updateAndGet(143)) - db6618ce-b8a9-47f2-ad5f-d543322dce6c: start LeaderElection
2019-10-12 06:08:59,091 [61d60f24-9813-40ff-b2da-f5f3ebb43a56@group-BD551F800DD8-LeaderElection64] INFO  impl.LeaderElection (LeaderElection.java:askForVotes(178)) - 61d60f24-9813-40ff-b2da-f5f3ebb43a56@group-BD551F800DD8-LeaderElection64: begin an election at term 1 for -1: [61d60f24-9813-40ff-b2da-f5f3ebb43a56:192.168.5.146:35885], old=null
2019-10-12 06:08:59,091 [61d60f24-9813-40ff-b2da-f5f3ebb43a56@group-BD551F800DD8-LeaderElection64] INFO  impl.RoleInfo (RoleInfo.java:shutdownLeaderElection(134)) - 61d60f24-9813-40ff-b2da-f5f3ebb43a56: shutdown LeaderElection
2019-10-12 06:08:59,091 [61d60f24-9813-40ff-b2da-f5f3ebb43a56@group-BD551F800DD8-LeaderElection64] INFO  impl.RaftServerImpl (RaftServerImpl.java:setRole(170)) - 61d60f24-9813-40ff-b2da-f5f3ebb43a56@group-BD551F800DD8: changes role from CANDIDATE to LEADER at term 1 for changeToLeader
2019-10-12 06:08:59,091 [61d60f24-9813-40ff-b2da-f5f3ebb43a56@group-BD551F800DD8-LeaderElection64] INFO  impl.RaftServerImpl (ServerState.java:setLeader(255)) - 61d60f24-9813-40ff-b2da-f5f3ebb43a56@group-BD551F800DD8: change Leader from null to 61d60f24-9813-40ff-b2da-f5f3ebb43a56 at term 1 for becomeLeader, leader elected after 5223ms
2019-10-12 06:08:59,091 [61d60f24-9813-40ff-b2da-f5f3ebb43a56@group-BD551F800DD8-LeaderElection64] INFO  server.RaftServerConfigKeys (ConfUtils.java:logGet(43)) - raft.server.staging.catchup.gap = 1000 (default)
2019-10-12 06:08:59,091 [61d60f24-9813-40ff-b2da-f5f3ebb43a56@group-BD551F800DD8-LeaderElection64] INFO  server.RaftServerConfigKeys (ConfUtils.java:logGet(43)) - raft.server.rpc.sleep.time = 25ms (default)
2019-10-12 06:08:59,092 [61d60f24-9813-40ff-b2da-f5f3ebb43a56@group-BD551F800DD8-LeaderElection64] INFO  server.RaftServerConfigKeys (ConfUtils.java:logGet(43)) - raft.server.write.element-limit = 4096 (default)
2019-10-12 06:08:59,092 [61d60f24-9813-40ff-b2da-f5f3ebb43a56@group-BD551F800DD8-LeaderElection64] INFO  server.RaftServerConfigKeys (ConfUtils.java:logGet(43)) - raft.server.watch.timeout = 10s (default)
2019-10-12 06:08:59,092 [61d60f24-9813-40ff-b2da-f5f3ebb43a56@group-BD551F800DD8-LeaderElection64] INFO  server.RaftServerConfigKeys (ConfUtils.java:logGet(43)) - raft.server.watch.timeout.denomination = 1s (default)
2019-10-12 06:08:59,092 [61d60f24-9813-40ff-b2da-f5f3ebb43a56@group-BD551F800DD8-LeaderElection64] INFO  server.RaftServerConfigKeys (ConfUtils.java:logGet(43)) - raft.server.watch.element-limit = 65536 (default)
2019-10-12 06:08:59,094 [61d60f24-9813-40ff-b2da-f5f3ebb43a56@group-BD551F800DD8-LeaderElection64] INFO  impl.RoleInfo (RoleInfo.java:updateAndGet(143)) - 61d60f24-9813-40ff-b2da-f5f3ebb43a56: start LeaderState
2019-10-12 06:08:59,094 [61d60f24-9813-40ff-b2da-f5f3ebb43a56@group-BD551F800DD8-LeaderElection64] INFO  segmented.SegmentedRaftLogWorker (SegmentedRaftLogWorker.java:startLogSegment(385)) - 61d60f24-9813-40ff-b2da-f5f3ebb43a56@group-BD551F800DD8-SegmentedRaftLogWorker: Starting segment from index:0
2019-10-12 06:08:59,095 [61d60f24-9813-40ff-b2da-f5f3ebb43a56@group-BD551F800DD8-LeaderElection64] INFO  impl.RaftServerImpl (ServerState.java:setRaftConf(356)) - 61d60f24-9813-40ff-b2da-f5f3ebb43a56@group-BD551F800DD8: set configuration 0: [61d60f24-9813-40ff-b2da-f5f3ebb43a56:192.168.5.146:35885], old=null at 0
2019-10-12 06:08:59,131 [db6618ce-b8a9-47f2-ad5f-d543322dce6c@group-CA3A57F69607-LeaderElection65] INFO  impl.LeaderElection (LeaderElection.java:askForVotes(178)) - db6618ce-b8a9-47f2-ad5f-d543322dce6c@group-CA3A57F69607-LeaderElection65: begin an election at term 1 for -1: [db6618ce-b8a9-47f2-ad5f-d543322dce6c:192.168.5.146:43257], old=null
2019-10-12 06:08:59,131 [db6618ce-b8a9-47f2-ad5f-d543322dce6c@group-CA3A57F69607-LeaderElection65] INFO  impl.RoleInfo (RoleInfo.java:shutdownLeaderElection(134)) - db6618ce-b8a9-47f2-ad5f-d543322dce6c: shutdown LeaderElection
2019-10-12 06:08:59,132 [db6618ce-b8a9-47f2-ad5f-d543322dce6c@group-CA3A57F69607-LeaderElection65] INFO  impl.RaftServerImpl (RaftServerImpl.java:setRole(170)) - db6618ce-b8a9-47f2-ad5f-d543322dce6c@group-CA3A57F69607: changes role from CANDIDATE to LEADER at term 1 for changeToLeader
2019-10-12 06:08:59,132 [db6618ce-b8a9-47f2-ad5f-d543322dce6c@group-CA3A57F69607-LeaderElection65] INFO  impl.RaftServerImpl (ServerState.java:setLeader(255)) - db6618ce-b8a9-47f2-ad5f-d543322dce6c@group-CA3A57F69607: change Leader from null to db6618ce-b8a9-47f2-ad5f-d543322dce6c at term 1 for becomeLeader, leader elected after 5105ms
2019-10-12 06:08:59,132 [db6618ce-b8a9-47f2-ad5f-d543322dce6c@group-CA3A57F69607-LeaderElection65] INFO  server.RaftServerConfigKeys (ConfUtils.java:logGet(43)) - raft.server.staging.catchup.gap = 1000 (default)
2019-10-12 06:08:59,132 [db6618ce-b8a9-47f2-ad5f-d543322dce6c@group-CA3A57F69607-LeaderElection65] INFO  server.RaftServerConfigKeys (ConfUtils.java:logGet(43)) - raft.server.rpc.sleep.time = 25ms (default)
2019-10-12 06:08:59,132 [db6618ce-b8a9-47f2-ad5f-d543322dce6c@group-CA3A57F69607-LeaderElection65] INFO  server.RaftServerConfigKeys (ConfUtils.java:logGet(43)) - raft.server.write.element-limit = 4096 (default)
2019-10-12 06:08:59,133 [db6618ce-b8a9-47f2-ad5f-d543322dce6c@group-CA3A57F69607-LeaderElection65] INFO  server.RaftServerConfigKeys (ConfUtils.java:logGet(43)) - raft.server.watch.timeout = 10s (default)
2019-10-12 06:08:59,133 [db6618ce-b8a9-47f2-ad5f-d543322dce6c@group-CA3A57F69607-LeaderElection65] INFO  server.RaftServerConfigKeys (ConfUtils.java:logGet(43)) - raft.server.watch.timeout.denomination = 1s (default)
2019-10-12 06:08:59,133 [db6618ce-b8a9-47f2-ad5f-d543322dce6c@group-CA3A57F69607-LeaderElection65] INFO  server.RaftServerConfigKeys (ConfUtils.java:logGet(43)) - raft.server.watch.element-limit = 65536 (default)
2019-10-12 06:08:59,135 [db6618ce-b8a9-47f2-ad5f-d543322dce6c@group-CA3A57F69607-LeaderElection65] INFO  impl.RoleInfo (RoleInfo.java:updateAndGet(143)) - db6618ce-b8a9-47f2-ad5f-d543322dce6c: start LeaderState
2019-10-12 06:08:59,136 [db6618ce-b8a9-47f2-ad5f-d543322dce6c@group-CA3A57F69607-LeaderElection65] INFO  segmented.SegmentedRaftLogWorker (SegmentedRaftLogWorker.java:startLogSegment(385)) - db6618ce-b8a9-47f2-ad5f-d543322dce6c@group-CA3A57F69607-SegmentedRaftLogWorker: Starting segment from index:0
2019-10-12 06:08:59,139 [db6618ce-b8a9-47f2-ad5f-d543322dce6c@group-CA3A57F69607-LeaderElection65] INFO  impl.RaftServerImpl (ServerState.java:setRaftConf(356)) - db6618ce-b8a9-47f2-ad5f-d543322dce6c@group-CA3A57F69607: set configuration 0: [db6618ce-b8a9-47f2-ad5f-d543322dce6c:192.168.5.146:43257], old=null at 0
2019-10-12 06:08:59,180 [61d60f24-9813-40ff-b2da-f5f3ebb43a56@group-BD551F800DD8-SegmentedRaftLogWorker] INFO  segmented.SegmentedRaftLogWorker (SegmentedRaftLogWorker.java:execute(574)) - 61d60f24-9813-40ff-b2da-f5f3ebb43a56@group-BD551F800DD8-SegmentedRaftLogWorker: created new log segment /workdir/hadoop-ozone/integration-test/target/test-dir/MiniOzoneClusterImpl-061316ad-a4b7-44e7-91bd-8dc93601c629/datanode-3/data/ratis/711758ef-e2ab-42ff-80c5-bd551f800dd8/current/log_inprogress_0
2019-10-12 06:08:59,180 [Thread-3074] INFO  impl.FollowerState (FollowerState.java:run(108)) - 0baff407-2ef8-406d-9611-6376963c72ea@group-BD24ED4D4B01-FollowerState: change to CANDIDATE, lastRpcTime:5068ms, electionTimeout:5037ms
2019-10-12 06:08:59,193 [db6618ce-b8a9-47f2-ad5f-d543322dce6c@group-CA3A57F69607-SegmentedRaftLogWorker] INFO  segmented.SegmentedRaftLogWorker (SegmentedRaftLogWorker.java:execute(574)) - db6618ce-b8a9-47f2-ad5f-d543322dce6c@group-CA3A57F69607-SegmentedRaftLogWorker: created new log segment /workdir/hadoop-ozone/integration-test/target/test-dir/MiniOzoneClusterImpl-061316ad-a4b7-44e7-91bd-8dc93601c629/datanode-4/data/ratis/2b76e069-d4ad-4a6d-8e55-ca3a57f69607/current/log_inprogress_0
2019-10-12 06:08:59,180 [Thread-3064] INFO  impl.FollowerState (FollowerState.java:run(108)) - 0baff407-2ef8-406d-9611-6376963c72ea@group-833281CF19C8-FollowerState: change to CANDIDATE, lastRpcTime:5193ms, electionTimeout:5165ms
2019-10-12 06:08:59,194 [Thread-3074] INFO  impl.RoleInfo (RoleInfo.java:shutdownFollowerState(121)) - 0baff407-2ef8-406d-9611-6376963c72ea: shutdown FollowerState
2019-10-12 06:08:59,194 [Thread-3064] INFO  impl.RoleInfo (RoleInfo.java:shutdownFollowerState(121)) - 0baff407-2ef8-406d-9611-6376963c72ea: shutdown FollowerState
2019-10-12 06:08:59,194 [Thread-3074] INFO  impl.RaftServerImpl (RaftServerImpl.java:setRole(170)) - 0baff407-2ef8-406d-9611-6376963c72ea@group-BD24ED4D4B01: changes role from  FOLLOWER to CANDIDATE at term 0 for changeToCandidate
2019-10-12 06:08:59,194 [Thread-3064] INFO  impl.RaftServerImpl (RaftServerImpl.java:setRole(170)) - 0baff407-2ef8-406d-9611-6376963c72ea@group-833281CF19C8: changes role from  FOLLOWER to CANDIDATE at term 0 for changeToCandidate
2019-10-12 06:08:59,194 [Thread-3074] INFO  impl.RoleInfo (RoleInfo.java:updateAndGet(143)) - 0baff407-2ef8-406d-9611-6376963c72ea: start LeaderElection
2019-10-12 06:08:59,194 [Thread-3064] INFO  impl.RoleInfo (RoleInfo.java:updateAndGet(143)) - 0baff407-2ef8-406d-9611-6376963c72ea: start LeaderElection
2019-10-12 06:08:59,205 [Thread-3072] INFO  impl.FollowerState (FollowerState.java:run(108)) - 6b17b0ba-7b75-4086-b37c-f0e278e892a5@group-BD24ED4D4B01-FollowerState: change to CANDIDATE, lastRpcTime:5096ms, electionTimeout:5096ms
2019-10-12 06:08:59,205 [Thread-3072] INFO  impl.RoleInfo (RoleInfo.java:shutdownFollowerState(121)) - 6b17b0ba-7b75-4086-b37c-f0e278e892a5: shutdown FollowerState
2019-10-12 06:08:59,206 [Thread-3072] INFO  impl.RaftServerImpl (RaftServerImpl.java:setRole(170)) - 6b17b0ba-7b75-4086-b37c-f0e278e892a5@group-BD24ED4D4B01: changes role from  FOLLOWER to CANDIDATE at term 0 for changeToCandidate
2019-10-12 06:08:59,206 [Thread-3072] INFO  impl.RoleInfo (RoleInfo.java:updateAndGet(143)) - 6b17b0ba-7b75-4086-b37c-f0e278e892a5: start LeaderElection
2019-10-12 06:08:59,209 [0baff407-2ef8-406d-9611-6376963c72ea@group-833281CF19C8-LeaderElection67] INFO  impl.LeaderElection (LeaderElection.java:askForVotes(178)) - 0baff407-2ef8-406d-9611-6376963c72ea@group-833281CF19C8-LeaderElection67: begin an election at term 1 for -1: [0baff407-2ef8-406d-9611-6376963c72ea:192.168.5.146:38301], old=null
2019-10-12 06:08:59,209 [0baff407-2ef8-406d-9611-6376963c72ea@group-BD24ED4D4B01-LeaderElection66] INFO  impl.LeaderElection (LeaderElection.java:askForVotes(178)) - 0baff407-2ef8-406d-9611-6376963c72ea@group-BD24ED4D4B01-LeaderElection66: begin an election at term 1 for -1: [0baff407-2ef8-406d-9611-6376963c72ea:192.168.5.146:38301, 61d60f24-9813-40ff-b2da-f5f3ebb43a56:192.168.5.146:35885, 6b17b0ba-7b75-4086-b37c-f0e278e892a5:192.168.5.146:36346], old=null
2019-10-12 06:08:59,209 [0baff407-2ef8-406d-9611-6376963c72ea@group-833281CF19C8-LeaderElection67] INFO  impl.RoleInfo (RoleInfo.java:shutdownLeaderElection(134)) - 0baff407-2ef8-406d-9611-6376963c72ea: shutdown LeaderElection
2019-10-12 06:08:59,209 [0baff407-2ef8-406d-9611-6376963c72ea@group-833281CF19C8-LeaderElection67] INFO  impl.RaftServerImpl (RaftServerImpl.java:setRole(170)) - 0baff407-2ef8-406d-9611-6376963c72ea@group-833281CF19C8: changes role from CANDIDATE to LEADER at term 1 for changeToLeader
2019-10-12 06:08:59,210 [0baff407-2ef8-406d-9611-6376963c72ea@group-833281CF19C8-LeaderElection67] INFO  impl.RaftServerImpl (ServerState.java:setLeader(255)) - 0baff407-2ef8-406d-9611-6376963c72ea@group-833281CF19C8: change Leader from null to 0baff407-2ef8-406d-9611-6376963c72ea at term 1 for becomeLeader, leader elected after 5227ms
2019-10-12 06:08:59,210 [0baff407-2ef8-406d-9611-6376963c72ea@group-833281CF19C8-LeaderElection67] INFO  server.RaftServerConfigKeys (ConfUtils.java:logGet(43)) - raft.server.staging.catchup.gap = 1000 (default)
2019-10-12 06:08:59,210 [0baff407-2ef8-406d-9611-6376963c72ea@group-833281CF19C8-LeaderElection67] INFO  server.RaftServerConfigKeys (ConfUtils.java:logGet(43)) - raft.server.rpc.sleep.time = 25ms (default)
2019-10-12 06:08:59,210 [0baff407-2ef8-406d-9611-6376963c72ea@group-833281CF19C8-LeaderElection67] INFO  server.RaftServerConfigKeys (ConfUtils.java:logGet(43)) - raft.server.write.element-limit = 4096 (default)
2019-10-12 06:08:59,210 [0baff407-2ef8-406d-9611-6376963c72ea@group-833281CF19C8-LeaderElection67] INFO  server.RaftServerConfigKeys (ConfUtils.java:logGet(43)) - raft.server.watch.timeout = 10s (default)
2019-10-12 06:08:59,210 [0baff407-2ef8-406d-9611-6376963c72ea@group-833281CF19C8-LeaderElection67] INFO  server.RaftServerConfigKeys (ConfUtils.java:logGet(43)) - raft.server.watch.timeout.denomination = 1s (default)
2019-10-12 06:08:59,211 [0baff407-2ef8-406d-9611-6376963c72ea@group-833281CF19C8-LeaderElection67] INFO  server.RaftServerConfigKeys (ConfUtils.java:logGet(43)) - raft.server.watch.element-limit = 65536 (default)
2019-10-12 06:08:59,213 [0baff407-2ef8-406d-9611-6376963c72ea@group-833281CF19C8-LeaderElection67] INFO  impl.RoleInfo (RoleInfo.java:updateAndGet(143)) - 0baff407-2ef8-406d-9611-6376963c72ea: start LeaderState
2019-10-12 06:08:59,213 [0baff407-2ef8-406d-9611-6376963c72ea@group-833281CF19C8-LeaderElection67] INFO  segmented.SegmentedRaftLogWorker (SegmentedRaftLogWorker.java:startLogSegment(385)) - 0baff407-2ef8-406d-9611-6376963c72ea@group-833281CF19C8-SegmentedRaftLogWorker: Starting segment from index:0
2019-10-12 06:08:59,213 [grpc-default-executor-7] INFO  impl.RaftServerImpl (RaftServerImpl.java:setRole(170)) - 61d60f24-9813-40ff-b2da-f5f3ebb43a56@group-BD24ED4D4B01: changes role from  FOLLOWER to FOLLOWER at term 1 for recognizeCandidate:0baff407-2ef8-406d-9611-6376963c72ea
2019-10-12 06:08:59,213 [0baff407-2ef8-406d-9611-6376963c72ea@group-833281CF19C8-LeaderElection67] INFO  impl.RaftServerImpl (ServerState.java:setRaftConf(356)) - 0baff407-2ef8-406d-9611-6376963c72ea@group-833281CF19C8: set configuration 0: [0baff407-2ef8-406d-9611-6376963c72ea:192.168.5.146:38301], old=null at 0
2019-10-12 06:08:59,214 [grpc-default-executor-7] INFO  impl.RoleInfo (RoleInfo.java:shutdownFollowerState(121)) - 61d60f24-9813-40ff-b2da-f5f3ebb43a56: shutdown FollowerState
2019-10-12 06:08:59,248 [6b17b0ba-7b75-4086-b37c-f0e278e892a5@group-BD24ED4D4B01-LeaderElection68] INFO  impl.LeaderElection (LeaderElection.java:askForVotes(178)) - 6b17b0ba-7b75-4086-b37c-f0e278e892a5@group-BD24ED4D4B01-LeaderElection68: begin an election at term 1 for -1: [0baff407-2ef8-406d-9611-6376963c72ea:192.168.5.146:38301, 61d60f24-9813-40ff-b2da-f5f3ebb43a56:192.168.5.146:35885, 6b17b0ba-7b75-4086-b37c-f0e278e892a5:192.168.5.146:36346], old=null
2019-10-12 06:08:59,248 [Thread-3073] INFO  impl.FollowerState (FollowerState.java:run(117)) - 61d60f24-9813-40ff-b2da-f5f3ebb43a56@group-BD24ED4D4B01-FollowerState was interrupted: java.lang.InterruptedException: sleep interrupted
2019-10-12 06:08:59,248 [grpc-default-executor-7] INFO  impl.RoleInfo (RoleInfo.java:updateAndGet(143)) - 61d60f24-9813-40ff-b2da-f5f3ebb43a56: start FollowerState
2019-10-12 06:08:59,262 [0baff407-2ef8-406d-9611-6376963c72ea@group-833281CF19C8-SegmentedRaftLogWorker] INFO  segmented.SegmentedRaftLogWorker (SegmentedRaftLogWorker.java:execute(574)) - 0baff407-2ef8-406d-9611-6376963c72ea@group-833281CF19C8-SegmentedRaftLogWorker: created new log segment /workdir/hadoop-ozone/integration-test/target/test-dir/MiniOzoneClusterImpl-061316ad-a4b7-44e7-91bd-8dc93601c629/datanode-6/data/ratis/99f7917b-6813-48d4-8a57-833281cf19c8/current/log_inprogress_0
2019-10-12 06:08:59,266 [0baff407-2ef8-406d-9611-6376963c72ea@group-BD24ED4D4B01-LeaderElection66] INFO  impl.LeaderElection (LeaderElection.java:logAndReturn(56)) - 0baff407-2ef8-406d-9611-6376963c72ea@group-BD24ED4D4B01-LeaderElection66: Election PASSED; received 2 response(s) [0baff407-2ef8-406d-9611-6376963c72ea<-61d60f24-9813-40ff-b2da-f5f3ebb43a56#0:OK-t1, 0baff407-2ef8-406d-9611-6376963c72ea<-6b17b0ba-7b75-4086-b37c-f0e278e892a5#0:FAIL-t1] and 0 exception(s); 0baff407-2ef8-406d-9611-6376963c72ea@group-BD24ED4D4B01:t1, leader=null, voted=0baff407-2ef8-406d-9611-6376963c72ea, raftlog=0baff407-2ef8-406d-9611-6376963c72ea@group-BD24ED4D4B01-SegmentedRaftLog:OPENED:c-1,f-1,i0, conf=-1: [0baff407-2ef8-406d-9611-6376963c72ea:192.168.5.146:38301, 61d60f24-9813-40ff-b2da-f5f3ebb43a56:192.168.5.146:35885, 6b17b0ba-7b75-4086-b37c-f0e278e892a5:192.168.5.146:36346], old=null
2019-10-12 06:08:59,266 [6b17b0ba-7b75-4086-b37c-f0e278e892a5@group-BD24ED4D4B01-LeaderElection68] INFO  impl.LeaderElection (LeaderElection.java:logAndReturn(56)) - 6b17b0ba-7b75-4086-b37c-f0e278e892a5@group-BD24ED4D4B01-LeaderElection68: Election REJECTED; received 2 response(s) [6b17b0ba-7b75-4086-b37c-f0e278e892a5<-0baff407-2ef8-406d-9611-6376963c72ea#0:FAIL-t1, 6b17b0ba-7b75-4086-b37c-f0e278e892a5<-61d60f24-9813-40ff-b2da-f5f3ebb43a56#0:FAIL-t1] and 0 exception(s); 6b17b0ba-7b75-4086-b37c-f0e278e892a5@group-BD24ED4D4B01:t1, leader=null, voted=6b17b0ba-7b75-4086-b37c-f0e278e892a5, raftlog=6b17b0ba-7b75-4086-b37c-f0e278e892a5@group-BD24ED4D4B01-SegmentedRaftLog:OPENED:c-1,f-1,i0, conf=-1: [0baff407-2ef8-406d-9611-6376963c72ea:192.168.5.146:38301, 61d60f24-9813-40ff-b2da-f5f3ebb43a56:192.168.5.146:35885, 6b17b0ba-7b75-4086-b37c-f0e278e892a5:192.168.5.146:36346], old=null
2019-10-12 06:08:59,266 [0baff407-2ef8-406d-9611-6376963c72ea@group-BD24ED4D4B01-LeaderElection66] INFO  impl.RoleInfo (RoleInfo.java:shutdownLeaderElection(134)) - 0baff407-2ef8-406d-9611-6376963c72ea: shutdown LeaderElection
2019-10-12 06:08:59,270 [0baff407-2ef8-406d-9611-6376963c72ea@group-BD24ED4D4B01-LeaderElection66] INFO  impl.RaftServerImpl (RaftServerImpl.java:setRole(170)) - 0baff407-2ef8-406d-9611-6376963c72ea@group-BD24ED4D4B01: changes role from CANDIDATE to LEADER at term 1 for changeToLeader
2019-10-12 06:08:59,270 [6b17b0ba-7b75-4086-b37c-f0e278e892a5@group-BD24ED4D4B01-LeaderElection68] INFO  impl.RaftServerImpl (RaftServerImpl.java:setRole(170)) - 6b17b0ba-7b75-4086-b37c-f0e278e892a5@group-BD24ED4D4B01: changes role from CANDIDATE to FOLLOWER at term 1 for DISCOVERED_A_NEW_TERM
2019-10-12 06:08:59,273 [6b17b0ba-7b75-4086-b37c-f0e278e892a5@group-BD24ED4D4B01-LeaderElection68] INFO  impl.RoleInfo (RoleInfo.java:shutdownLeaderElection(134)) - 6b17b0ba-7b75-4086-b37c-f0e278e892a5: shutdown LeaderElection
2019-10-12 06:08:59,273 [0baff407-2ef8-406d-9611-6376963c72ea@group-BD24ED4D4B01-LeaderElection66] INFO  impl.RaftServerImpl (ServerState.java:setLeader(255)) - 0baff407-2ef8-406d-9611-6376963c72ea@group-BD24ED4D4B01: change Leader from null to 0baff407-2ef8-406d-9611-6376963c72ea at term 1 for becomeLeader, leader elected after 5169ms
2019-10-12 06:08:59,273 [6b17b0ba-7b75-4086-b37c-f0e278e892a5@group-BD24ED4D4B01-LeaderElection68] INFO  impl.RoleInfo (RoleInfo.java:updateAndGet(143)) - 6b17b0ba-7b75-4086-b37c-f0e278e892a5: start FollowerState
2019-10-12 06:08:59,273 [0baff407-2ef8-406d-9611-6376963c72ea@group-BD24ED4D4B01-LeaderElection66] INFO  server.RaftServerConfigKeys (ConfUtils.java:logGet(43)) - raft.server.staging.catchup.gap = 1000 (default)
2019-10-12 06:08:59,273 [0baff407-2ef8-406d-9611-6376963c72ea@group-BD24ED4D4B01-LeaderElection66] INFO  server.RaftServerConfigKeys (ConfUtils.java:logGet(43)) - raft.server.rpc.sleep.time = 25ms (default)
2019-10-12 06:08:59,273 [0baff407-2ef8-406d-9611-6376963c72ea@group-BD24ED4D4B01-LeaderElection66] INFO  server.RaftServerConfigKeys (ConfUtils.java:logGet(43)) - raft.server.write.element-limit = 4096 (default)
2019-10-12 06:08:59,274 [0baff407-2ef8-406d-9611-6376963c72ea@group-BD24ED4D4B01-LeaderElection66] INFO  server.RaftServerConfigKeys (ConfUtils.java:logGet(43)) - raft.server.watch.timeout = 10s (default)
2019-10-12 06:08:59,274 [0baff407-2ef8-406d-9611-6376963c72ea@group-BD24ED4D4B01-LeaderElection66] INFO  server.RaftServerConfigKeys (ConfUtils.java:logGet(43)) - raft.server.watch.timeout.denomination = 1s (default)
2019-10-12 06:08:59,274 [0baff407-2ef8-406d-9611-6376963c72ea@group-BD24ED4D4B01-LeaderElection66] INFO  server.RaftServerConfigKeys (ConfUtils.java:logGet(43)) - raft.server.watch.element-limit = 65536 (default)
2019-10-12 06:08:59,276 [0baff407-2ef8-406d-9611-6376963c72ea@group-BD24ED4D4B01-LeaderElection66] INFO  server.RaftServerConfigKeys (ConfUtils.java:logGet(43)) - raft.server.log.appender.snapshot.chunk.size.max = 16MB (=16777216) (default)
2019-10-12 06:08:59,276 [0baff407-2ef8-406d-9611-6376963c72ea@group-BD24ED4D4B01-LeaderElection66] INFO  server.RaftServerConfigKeys (ConfUtils.java:logGet(43)) - raft.server.log.appender.buffer.byte-limit = 33554432 (custom)
2019-10-12 06:08:59,276 [0baff407-2ef8-406d-9611-6376963c72ea@group-BD24ED4D4B01-LeaderElection66] INFO  server.RaftServerConfigKeys (ConfUtils.java:logGet(43)) - raft.server.log.appender.buffer.element-limit = 1 (custom)
2019-10-12 06:08:59,276 [0baff407-2ef8-406d-9611-6376963c72ea@group-BD24ED4D4B01-LeaderElection66] INFO  grpc.GrpcConfigKeys$Server (ConfUtils.java:logGet(43)) - raft.grpc.server.leader.outstanding.appends.max = 128 (default)
2019-10-12 06:08:59,277 [0baff407-2ef8-406d-9611-6376963c72ea@group-BD24ED4D4B01-LeaderElection66] INFO  server.RaftServerConfigKeys (ConfUtils.java:logGet(43)) - raft.server.rpc.request.timeout = 3000ms (default)
2019-10-12 06:08:59,277 [0baff407-2ef8-406d-9611-6376963c72ea@group-BD24ED4D4B01-LeaderElection66] INFO  server.RaftServerConfigKeys (ConfUtils.java:logGet(43)) - raft.server.log.appender.install.snapshot.enabled = false (custom)
2019-10-12 06:08:59,277 [0baff407-2ef8-406d-9611-6376963c72ea@group-BD24ED4D4B01-LeaderElection66] INFO  server.RaftServerConfigKeys (ConfUtils.java:logGet(43)) - raft.server.log.appender.snapshot.chunk.size.max = 16MB (=16777216) (default)
2019-10-12 06:08:59,277 [0baff407-2ef8-406d-9611-6376963c72ea@group-BD24ED4D4B01-LeaderElection66] INFO  server.RaftServerConfigKeys (ConfUtils.java:logGet(43)) - raft.server.log.appender.buffer.byte-limit = 33554432 (custom)
2019-10-12 06:08:59,277 [0baff407-2ef8-406d-9611-6376963c72ea@group-BD24ED4D4B01-LeaderElection66] INFO  server.RaftServerConfigKeys (ConfUtils.java:logGet(43)) - raft.server.log.appender.buffer.element-limit = 1 (custom)
2019-10-12 06:08:59,278 [0baff407-2ef8-406d-9611-6376963c72ea@group-BD24ED4D4B01-LeaderElection66] INFO  grpc.GrpcConfigKeys$Server (ConfUtils.java:logGet(43)) - raft.grpc.server.leader.outstanding.appends.max = 128 (default)
2019-10-12 06:08:59,278 [0baff407-2ef8-406d-9611-6376963c72ea@group-BD24ED4D4B01-LeaderElection66] INFO  server.RaftServerConfigKeys (ConfUtils.java:logGet(43)) - raft.server.rpc.request.timeout = 3000ms (default)
2019-10-12 06:08:59,278 [0baff407-2ef8-406d-9611-6376963c72ea@group-BD24ED4D4B01-LeaderElection66] INFO  server.RaftServerConfigKeys (ConfUtils.java:logGet(43)) - raft.server.log.appender.install.snapshot.enabled = false (custom)
2019-10-12 06:08:59,278 [0baff407-2ef8-406d-9611-6376963c72ea@group-BD24ED4D4B01-LeaderElection66] INFO  impl.RoleInfo (RoleInfo.java:updateAndGet(143)) - 0baff407-2ef8-406d-9611-6376963c72ea: start LeaderState
2019-10-12 06:08:59,278 [0baff407-2ef8-406d-9611-6376963c72ea@group-BD24ED4D4B01-LeaderElection66] INFO  segmented.SegmentedRaftLogWorker (SegmentedRaftLogWorker.java:startLogSegment(385)) - 0baff407-2ef8-406d-9611-6376963c72ea@group-BD24ED4D4B01-SegmentedRaftLogWorker: Starting segment from index:0
2019-10-12 06:08:59,279 [0baff407-2ef8-406d-9611-6376963c72ea@group-BD24ED4D4B01-LeaderElection66] INFO  impl.RaftServerImpl (ServerState.java:setRaftConf(356)) - 0baff407-2ef8-406d-9611-6376963c72ea@group-BD24ED4D4B01: set configuration 0: [0baff407-2ef8-406d-9611-6376963c72ea:192.168.5.146:38301, 61d60f24-9813-40ff-b2da-f5f3ebb43a56:192.168.5.146:35885, 6b17b0ba-7b75-4086-b37c-f0e278e892a5:192.168.5.146:36346], old=null at 0
2019-10-12 06:08:59,309 [grpc-default-executor-8] INFO  impl.RaftServerImpl (ServerState.java:setLeader(255)) - 6b17b0ba-7b75-4086-b37c-f0e278e892a5@group-BD24ED4D4B01: change Leader from null to 0baff407-2ef8-406d-9611-6376963c72ea at term 1 for appendEntries, leader elected after 5208ms
2019-10-12 06:08:59,309 [grpc-default-executor-7] INFO  impl.RaftServerImpl (ServerState.java:setLeader(255)) - 61d60f24-9813-40ff-b2da-f5f3ebb43a56@group-BD24ED4D4B01: change Leader from null to 0baff407-2ef8-406d-9611-6376963c72ea at term 1 for appendEntries, leader elected after 5208ms
2019-10-12 06:08:59,311 [0baff407-2ef8-406d-9611-6376963c72ea@group-BD24ED4D4B01-SegmentedRaftLogWorker] INFO  segmented.SegmentedRaftLogWorker (SegmentedRaftLogWorker.java:execute(574)) - 0baff407-2ef8-406d-9611-6376963c72ea@group-BD24ED4D4B01-SegmentedRaftLogWorker: created new log segment /workdir/hadoop-ozone/integration-test/target/test-dir/MiniOzoneClusterImpl-061316ad-a4b7-44e7-91bd-8dc93601c629/datanode-6/data/ratis/28ffaa70-955c-47c8-b9cc-bd24ed4d4b01/current/log_inprogress_0
2019-10-12 06:08:59,312 [grpc-default-executor-7] INFO  impl.RaftServerImpl (ServerState.java:setRaftConf(356)) - 6b17b0ba-7b75-4086-b37c-f0e278e892a5@group-BD24ED4D4B01: set configuration 0: [0baff407-2ef8-406d-9611-6376963c72ea:192.168.5.146:38301, 61d60f24-9813-40ff-b2da-f5f3ebb43a56:192.168.5.146:35885, 6b17b0ba-7b75-4086-b37c-f0e278e892a5:192.168.5.146:36346], old=null at 0
2019-10-12 06:08:59,312 [grpc-default-executor-8] INFO  impl.RaftServerImpl (ServerState.java:setRaftConf(356)) - 61d60f24-9813-40ff-b2da-f5f3ebb43a56@group-BD24ED4D4B01: set configuration 0: [0baff407-2ef8-406d-9611-6376963c72ea:192.168.5.146:38301, 61d60f24-9813-40ff-b2da-f5f3ebb43a56:192.168.5.146:35885, 6b17b0ba-7b75-4086-b37c-f0e278e892a5:192.168.5.146:36346], old=null at 0
2019-10-12 06:08:59,312 [grpc-default-executor-7] INFO  segmented.SegmentedRaftLogWorker (SegmentedRaftLogWorker.java:startLogSegment(385)) - 6b17b0ba-7b75-4086-b37c-f0e278e892a5@group-BD24ED4D4B01-SegmentedRaftLogWorker: Starting segment from index:0
2019-10-12 06:08:59,312 [grpc-default-executor-8] INFO  segmented.SegmentedRaftLogWorker (SegmentedRaftLogWorker.java:startLogSegment(385)) - 61d60f24-9813-40ff-b2da-f5f3ebb43a56@group-BD24ED4D4B01-SegmentedRaftLogWorker: Starting segment from index:0
2019-10-12 06:08:59,359 [61d60f24-9813-40ff-b2da-f5f3ebb43a56@group-BD24ED4D4B01-SegmentedRaftLogWorker] INFO  segmented.SegmentedRaftLogWorker (SegmentedRaftLogWorker.java:execute(574)) - 61d60f24-9813-40ff-b2da-f5f3ebb43a56@group-BD24ED4D4B01-SegmentedRaftLogWorker: created new log segment /workdir/hadoop-ozone/integration-test/target/test-dir/MiniOzoneClusterImpl-061316ad-a4b7-44e7-91bd-8dc93601c629/datanode-3/data/ratis/28ffaa70-955c-47c8-b9cc-bd24ed4d4b01/current/log_inprogress_0
2019-10-12 06:08:59,359 [6b17b0ba-7b75-4086-b37c-f0e278e892a5@group-BD24ED4D4B01-SegmentedRaftLogWorker] INFO  segmented.SegmentedRaftLogWorker (SegmentedRaftLogWorker.java:execute(574)) - 6b17b0ba-7b75-4086-b37c-f0e278e892a5@group-BD24ED4D4B01-SegmentedRaftLogWorker: created new log segment /workdir/hadoop-ozone/integration-test/target/test-dir/MiniOzoneClusterImpl-061316ad-a4b7-44e7-91bd-8dc93601c629/datanode-5/data/ratis/28ffaa70-955c-47c8-b9cc-bd24ed4d4b01/current/log_inprogress_0
2019-10-12 06:09:01,539 [main] WARN  scm.XceiverClientRatis (XceiverClientRatis.java:watchForCommit(277)) - 3 way commit failed on pipeline Pipeline[ Id: 28ffaa70-955c-47c8-b9cc-bd24ed4d4b01, Nodes: 61d60f24-9813-40ff-b2da-f5f3ebb43a56{ip: 192.168.5.146, host: pr-hdds-1737-b78td-2979900912, networkLocation: /default-rack, certSerialId: null}0baff407-2ef8-406d-9611-6376963c72ea{ip: 192.168.5.146, host: pr-hdds-1737-b78td-2979900912, networkLocation: /default-rack, certSerialId: null}6b17b0ba-7b75-4086-b37c-f0e278e892a5{ip: 192.168.5.146, host: pr-hdds-1737-b78td-2979900912, networkLocation: /default-rack, certSerialId: null}, Type:RATIS, Factor:THREE, State:OPEN]
java.util.concurrent.TimeoutException
	at java.util.concurrent.CompletableFuture.timedGet(CompletableFuture.java:1771)
	at java.util.concurrent.CompletableFuture.get(CompletableFuture.java:1915)
	at org.apache.hadoop.hdds.scm.XceiverClientRatis.watchForCommit(XceiverClientRatis.java:274)
	at org.apache.hadoop.hdds.scm.storage.CommitWatcher.watchForCommit(CommitWatcher.java:198)
	at org.apache.hadoop.hdds.scm.storage.CommitWatcher.watchOnLastIndex(CommitWatcher.java:161)
	at org.apache.hadoop.hdds.scm.storage.BlockOutputStream.watchForCommit(BlockOutputStream.java:346)
	at org.apache.hadoop.hdds.scm.storage.BlockOutputStream.handleFlush(BlockOutputStream.java:482)
	at org.apache.hadoop.hdds.scm.storage.BlockOutputStream.flush(BlockOutputStream.java:431)
	at org.apache.hadoop.ozone.client.io.BlockOutputStreamEntry.flush(BlockOutputStreamEntry.java:136)
	at org.apache.hadoop.ozone.client.io.KeyOutputStream.handleFlushOrClose(KeyOutputStream.java:443)
	at org.apache.hadoop.ozone.client.io.KeyOutputStream.flush(KeyOutputStream.java:397)
	at org.apache.hadoop.ozone.client.io.OzoneOutputStream.flush(OzoneOutputStream.java:54)
	at org.apache.hadoop.ozone.client.rpc.TestBlockOutputStreamWithFailures.testWatchForCommitDatanodeFailure(TestBlockOutputStreamWithFailures.java:330)
	at sun.reflect.NativeMethodAccessorImpl.invoke0(Native Method)
	at sun.reflect.NativeMethodAccessorImpl.invoke(NativeMethodAccessorImpl.java:62)
	at sun.reflect.DelegatingMethodAccessorImpl.invoke(DelegatingMethodAccessorImpl.java:43)
	at java.lang.reflect.Method.invoke(Method.java:498)
	at org.junit.runners.model.FrameworkMethod$1.runReflectiveCall(FrameworkMethod.java:47)
	at org.junit.internal.runners.model.ReflectiveCallable.run(ReflectiveCallable.java:12)
	at org.junit.runners.model.FrameworkMethod.invokeExplosively(FrameworkMethod.java:44)
	at org.junit.internal.runners.statements.InvokeMethod.evaluate(InvokeMethod.java:17)
	at org.junit.internal.runners.statements.RunBefores.evaluate(RunBefores.java:26)
	at org.junit.internal.runners.statements.RunAfters.evaluate(RunAfters.java:27)
	at org.junit.runners.ParentRunner.runLeaf(ParentRunner.java:271)
	at org.junit.runners.BlockJUnit4ClassRunner.runChild(BlockJUnit4ClassRunner.java:70)
	at org.junit.runners.BlockJUnit4ClassRunner.runChild(BlockJUnit4ClassRunner.java:50)
	at org.junit.runners.ParentRunner$3.run(ParentRunner.java:238)
	at org.junit.runners.ParentRunner$1.schedule(ParentRunner.java:63)
	at org.junit.runners.ParentRunner.runChildren(ParentRunner.java:236)
	at org.junit.runners.ParentRunner.access$000(ParentRunner.java:53)
	at org.junit.runners.ParentRunner$2.evaluate(ParentRunner.java:229)
	at org.junit.runners.ParentRunner.run(ParentRunner.java:309)
	at org.apache.maven.surefire.junit4.JUnit4Provider.execute(JUnit4Provider.java:365)
	at org.apache.maven.surefire.junit4.JUnit4Provider.executeWithRerun(JUnit4Provider.java:273)
	at org.apache.maven.surefire.junit4.JUnit4Provider.executeTestSet(JUnit4Provider.java:238)
	at org.apache.maven.surefire.junit4.JUnit4Provider.invoke(JUnit4Provider.java:159)
	at org.apache.maven.surefire.booter.ForkedBooter.invokeProviderInSameClassLoader(ForkedBooter.java:384)
	at org.apache.maven.surefire.booter.ForkedBooter.runSuitesInProcess(ForkedBooter.java:345)
	at org.apache.maven.surefire.booter.ForkedBooter.execute(ForkedBooter.java:126)
	at org.apache.maven.surefire.booter.ForkedBooter.main(ForkedBooter.java:418)
2019-10-12 06:09:02,546 [main] WARN  storage.CommitWatcher (CommitWatcher.java:watchForCommit(207)) - watchForCommit failed for index 13
java.util.concurrent.TimeoutException
	at java.util.concurrent.CompletableFuture.timedGet(CompletableFuture.java:1771)
	at java.util.concurrent.CompletableFuture.get(CompletableFuture.java:1915)
	at org.apache.hadoop.hdds.scm.XceiverClientRatis.watchForCommit(XceiverClientRatis.java:283)
	at org.apache.hadoop.hdds.scm.storage.CommitWatcher.watchForCommit(CommitWatcher.java:198)
	at org.apache.hadoop.hdds.scm.storage.CommitWatcher.watchOnLastIndex(CommitWatcher.java:161)
	at org.apache.hadoop.hdds.scm.storage.BlockOutputStream.watchForCommit(BlockOutputStream.java:346)
	at org.apache.hadoop.hdds.scm.storage.BlockOutputStream.handleFlush(BlockOutputStream.java:482)
	at org.apache.hadoop.hdds.scm.storage.BlockOutputStream.flush(BlockOutputStream.java:431)
	at org.apache.hadoop.ozone.client.io.BlockOutputStreamEntry.flush(BlockOutputStreamEntry.java:136)
	at org.apache.hadoop.ozone.client.io.KeyOutputStream.handleFlushOrClose(KeyOutputStream.java:443)
	at org.apache.hadoop.ozone.client.io.KeyOutputStream.flush(KeyOutputStream.java:397)
	at org.apache.hadoop.ozone.client.io.OzoneOutputStream.flush(OzoneOutputStream.java:54)
	at org.apache.hadoop.ozone.client.rpc.TestBlockOutputStreamWithFailures.testWatchForCommitDatanodeFailure(TestBlockOutputStreamWithFailures.java:330)
	at sun.reflect.NativeMethodAccessorImpl.invoke0(Native Method)
	at sun.reflect.NativeMethodAccessorImpl.invoke(NativeMethodAccessorImpl.java:62)
	at sun.reflect.DelegatingMethodAccessorImpl.invoke(DelegatingMethodAccessorImpl.java:43)
	at java.lang.reflect.Method.invoke(Method.java:498)
	at org.junit.runners.model.FrameworkMethod$1.runReflectiveCall(FrameworkMethod.java:47)
	at org.junit.internal.runners.model.ReflectiveCallable.run(ReflectiveCallable.java:12)
	at org.junit.runners.model.FrameworkMethod.invokeExplosively(FrameworkMethod.java:44)
	at org.junit.internal.runners.statements.InvokeMethod.evaluate(InvokeMethod.java:17)
	at org.junit.internal.runners.statements.RunBefores.evaluate(RunBefores.java:26)
	at org.junit.internal.runners.statements.RunAfters.evaluate(RunAfters.java:27)
	at org.junit.runners.ParentRunner.runLeaf(ParentRunner.java:271)
	at org.junit.runners.BlockJUnit4ClassRunner.runChild(BlockJUnit4ClassRunner.java:70)
	at org.junit.runners.BlockJUnit4ClassRunner.runChild(BlockJUnit4ClassRunner.java:50)
	at org.junit.runners.ParentRunner$3.run(ParentRunner.java:238)
	at org.junit.runners.ParentRunner$1.schedule(ParentRunner.java:63)
	at org.junit.runners.ParentRunner.runChildren(ParentRunner.java:236)
	at org.junit.runners.ParentRunner.access$000(ParentRunner.java:53)
	at org.junit.runners.ParentRunner$2.evaluate(ParentRunner.java:229)
	at org.junit.runners.ParentRunner.run(ParentRunner.java:309)
	at org.apache.maven.surefire.junit4.JUnit4Provider.execute(JUnit4Provider.java:365)
	at org.apache.maven.surefire.junit4.JUnit4Provider.executeWithRerun(JUnit4Provider.java:273)
	at org.apache.maven.surefire.junit4.JUnit4Provider.executeTestSet(JUnit4Provider.java:238)
	at org.apache.maven.surefire.junit4.JUnit4Provider.invoke(JUnit4Provider.java:159)
	at org.apache.maven.surefire.booter.ForkedBooter.invokeProviderInSameClassLoader(ForkedBooter.java:384)
	at org.apache.maven.surefire.booter.ForkedBooter.runSuitesInProcess(ForkedBooter.java:345)
	at org.apache.maven.surefire.booter.ForkedBooter.execute(ForkedBooter.java:126)
	at org.apache.maven.surefire.booter.ForkedBooter.main(ForkedBooter.java:418)
2019-10-12 06:09:02,548 [main] WARN  io.KeyOutputStream (KeyOutputStream.java:handleException(274)) - Encountered exception java.io.IOException: Unexpected Storage Container Exception: java.io.IOException: Unexpected Storage Container Exception: java.util.concurrent.TimeoutException on the pipeline Pipeline[ Id: 28ffaa70-955c-47c8-b9cc-bd24ed4d4b01, Nodes: 61d60f24-9813-40ff-b2da-f5f3ebb43a56{ip: 192.168.5.146, host: pr-hdds-1737-b78td-2979900912, networkLocation: /default-rack, certSerialId: null}0baff407-2ef8-406d-9611-6376963c72ea{ip: 192.168.5.146, host: pr-hdds-1737-b78td-2979900912, networkLocation: /default-rack, certSerialId: null}6b17b0ba-7b75-4086-b37c-f0e278e892a5{ip: 192.168.5.146, host: pr-hdds-1737-b78td-2979900912, networkLocation: /default-rack, certSerialId: null}, Type:RATIS, Factor:THREE, State:OPEN]. The last committed block length is 400, uncommitted data length is 50 retry count 0
2019-10-12 06:09:02,820 [main] INFO  ozone.MiniOzoneClusterImpl (MiniOzoneClusterImpl.java:shutdown(314)) - Shutting down the Mini Ozone Cluster
2019-10-12 06:09:02,820 [main] INFO  ozone.MiniOzoneClusterImpl (MiniOzoneClusterImpl.java:stop(330)) - Stopping the Mini Ozone Cluster
2019-10-12 06:09:02,820 [main] INFO  ozone.MiniOzoneClusterImpl (MiniOzoneClusterImpl.java:stopOM(400)) - Stopping the OzoneManager
2019-10-12 06:09:02,820 [main] INFO  ipc.Server (Server.java:stop(3082)) - Stopping server on 39777
2019-10-12 06:09:02,845 [IPC Server listener on 39777] INFO  ipc.Server (Server.java:run(1185)) - Stopping IPC Server listener on 39777
2019-10-12 06:09:02,845 [main] INFO  ratis.OzoneManagerDoubleBuffer (OzoneManagerDoubleBuffer.java:stop(250)) - Stopping OMDoubleBuffer flush thread
2019-10-12 06:09:02,849 [IPC Server Responder] INFO  ipc.Server (Server.java:run(1319)) - Stopping IPC Server Responder
2019-10-12 06:09:02,871 [OMDoubleBufferFlushThread] INFO  ratis.OzoneManagerDoubleBuffer (OzoneManagerDoubleBuffer.java:flushTransactions(193)) - OMDoubleBuffer flush thread OMDoubleBufferFlushThread is interrupted and will exit. OMDoubleBufferFlushThread
2019-10-12 06:09:02,872 [main] INFO  utils.BackgroundService (BackgroundService.java:shutdown(151)) - Shutting down service KeyDeletingService
2019-10-12 06:09:02,874 [main] INFO  handler.ContextHandler (ContextHandler.java:doStop(910)) - Stopped o.e.j.w.WebAppContext@2cccf134{/,null,UNAVAILABLE}{/ozoneManager}
2019-10-12 06:09:02,875 [main] INFO  server.AbstractConnector (AbstractConnector.java:doStop(318)) - Stopped ServerConnector@3c18942{HTTP/1.1,[http/1.1]}{0.0.0.0:0}
2019-10-12 06:09:02,875 [main] INFO  handler.ContextHandler (ContextHandler.java:doStop(910)) - Stopped o.e.j.s.ServletContextHandler@539c4830{/static,file:///workdir/hadoop-ozone/integration-test/target/test-classes/webapps/static,UNAVAILABLE}
2019-10-12 06:09:02,876 [main] INFO  handler.ContextHandler (ContextHandler.java:doStop(910)) - Stopped o.e.j.s.ServletContextHandler@4645679e{/logs,file:///workdir/hadoop-ozone/integration-test/target/log,UNAVAILABLE}
2019-10-12 06:09:02,878 [main] INFO  ozone.MiniOzoneClusterImpl (MiniOzoneClusterImpl.java:stopDatanodes(377)) - Stopping the HddsDatanodes
2019-10-12 06:09:03,691 [Datanode State Machine Thread - 0] INFO  statemachine.DatanodeStateMachine (DatanodeStateMachine.java:lambda$startDaemon$0(350)) - Ozone container server started.
2019-10-12 06:09:03,790 [Datanode State Machine Thread - 0] INFO  statemachine.DatanodeStateMachine (DatanodeStateMachine.java:lambda$startDaemon$0(350)) - Ozone container server started.
2019-10-12 06:09:07,719 [EventQueue-StaleNodeForStaleNodeHandler] INFO  node.StaleNodeHandler (StaleNodeHandler.java:onMessage(58)) - Datanode 9bf1e6db-7e19-4234-afcc-3b42824906ec{ip: 192.168.5.146, host: pr-hdds-1737-b78td-2979900912, networkLocation: /default-rack, certSerialId: null} moved to stale state. Finalizing its pipelines [PipelineID=831185b6-6d22-4c11-a624-fac1763dc03b, PipelineID=42e31c7d-4f15-4c5c-916c-51ef099938a7]
2019-10-12 06:09:07,721 [EventQueue-StaleNodeForStaleNodeHandler] INFO  pipeline.SCMPipelineManager (SCMPipelineManager.java:finalizeAndDestroyPipeline(315)) - destroying pipeline:Pipeline[ Id: 831185b6-6d22-4c11-a624-fac1763dc03b, Nodes: 52c97a1b-8f2c-483e-bdde-fcf48c4533c7{ip: 192.168.5.146, host: pr-hdds-1737-b78td-2979900912, networkLocation: /default-rack, certSerialId: null}9bf1e6db-7e19-4234-afcc-3b42824906ec{ip: 192.168.5.146, host: pr-hdds-1737-b78td-2979900912, networkLocation: /default-rack, certSerialId: null}64da61d9-cb68-4c4c-9b52-28a6dfa4d899{ip: 192.168.5.146, host: pr-hdds-1737-b78td-2979900912, networkLocation: /default-rack, certSerialId: null}, Type:RATIS, Factor:THREE, State:OPEN]
2019-10-12 06:09:07,721 [EventQueue-StaleNodeForStaleNodeHandler] INFO  pipeline.PipelineStateManager (PipelineStateManager.java:finalizePipeline(123)) - Pipeline Pipeline[ Id: 831185b6-6d22-4c11-a624-fac1763dc03b, Nodes: 52c97a1b-8f2c-483e-bdde-fcf48c4533c7{ip: 192.168.5.146, host: pr-hdds-1737-b78td-2979900912, networkLocation: /default-rack, certSerialId: null}9bf1e6db-7e19-4234-afcc-3b42824906ec{ip: 192.168.5.146, host: pr-hdds-1737-b78td-2979900912, networkLocation: /default-rack, certSerialId: null}64da61d9-cb68-4c4c-9b52-28a6dfa4d899{ip: 192.168.5.146, host: pr-hdds-1737-b78td-2979900912, networkLocation: /default-rack, certSerialId: null}, Type:RATIS, Factor:THREE, State:CLOSED] moved to CLOSED state
2019-10-12 06:09:07,722 [EventQueue-CloseContainerForCloseContainerEventHandler] INFO  container.CloseContainerEventHandler (CloseContainerEventHandler.java:onMessage(61)) - Close container Event triggered for container : #2
2019-10-12 06:09:07,728 [EventQueue-StaleNodeForStaleNodeHandler] INFO  pipeline.SCMPipelineManager (SCMPipelineManager.java:finalizeAndDestroyPipeline(315)) - destroying pipeline:Pipeline[ Id: 42e31c7d-4f15-4c5c-916c-51ef099938a7, Nodes: 9bf1e6db-7e19-4234-afcc-3b42824906ec{ip: 192.168.5.146, host: pr-hdds-1737-b78td-2979900912, networkLocation: /default-rack, certSerialId: null}, Type:RATIS, Factor:ONE, State:OPEN]
2019-10-12 06:09:07,730 [EventQueue-StaleNodeForStaleNodeHandler] INFO  pipeline.PipelineStateManager (PipelineStateManager.java:finalizePipeline(123)) - Pipeline Pipeline[ Id: 42e31c7d-4f15-4c5c-916c-51ef099938a7, Nodes: 9bf1e6db-7e19-4234-afcc-3b42824906ec{ip: 192.168.5.146, host: pr-hdds-1737-b78td-2979900912, networkLocation: /default-rack, certSerialId: null}, Type:RATIS, Factor:ONE, State:CLOSED] moved to CLOSED state
2019-10-12 06:09:07,819 [EventQueue-StaleNodeForStaleNodeHandler] INFO  node.StaleNodeHandler (StaleNodeHandler.java:onMessage(58)) - Datanode db6618ce-b8a9-47f2-ad5f-d543322dce6c{ip: 192.168.5.146, host: pr-hdds-1737-b78td-2979900912, networkLocation: /default-rack, certSerialId: null} moved to stale state. Finalizing its pipelines [PipelineID=2b76e069-d4ad-4a6d-8e55-ca3a57f69607]
2019-10-12 06:09:07,819 [EventQueue-StaleNodeForStaleNodeHandler] INFO  pipeline.SCMPipelineManager (SCMPipelineManager.java:finalizeAndDestroyPipeline(315)) - destroying pipeline:Pipeline[ Id: 2b76e069-d4ad-4a6d-8e55-ca3a57f69607, Nodes: db6618ce-b8a9-47f2-ad5f-d543322dce6c{ip: 192.168.5.146, host: pr-hdds-1737-b78td-2979900912, networkLocation: /default-rack, certSerialId: null}, Type:RATIS, Factor:ONE, State:OPEN]
2019-10-12 06:09:07,819 [EventQueue-StaleNodeForStaleNodeHandler] INFO  pipeline.PipelineStateManager (PipelineStateManager.java:finalizePipeline(123)) - Pipeline Pipeline[ Id: 2b76e069-d4ad-4a6d-8e55-ca3a57f69607, Nodes: db6618ce-b8a9-47f2-ad5f-d543322dce6c{ip: 192.168.5.146, host: pr-hdds-1737-b78td-2979900912, networkLocation: /default-rack, certSerialId: null}, Type:RATIS, Factor:ONE, State:CLOSED] moved to CLOSED state
2019-10-12 06:09:07,880 [main] INFO  ozoneimpl.OzoneContainer (OzoneContainer.java:stop(227)) - Attempting to stop container services.
2019-10-12 06:09:07,880 [ForkJoinPool.commonPool-worker-0] INFO  ozoneimpl.OzoneContainer (OzoneContainer.java:stop(227)) - Attempting to stop container services.
2019-10-12 06:09:07,881 [ForkJoinPool.commonPool-worker-0] INFO  impl.RaftServerProxy (RaftServerProxy.java:lambda$close$4(314)) - 9bf1e6db-7e19-4234-afcc-3b42824906ec: close
2019-10-12 06:09:07,881 [main] INFO  impl.RaftServerProxy (RaftServerProxy.java:lambda$close$4(314)) - db6618ce-b8a9-47f2-ad5f-d543322dce6c: close
2019-10-12 06:09:07,882 [main] INFO  impl.RaftServerImpl (RaftServerImpl.java:lambda$shutdown$3(247)) - db6618ce-b8a9-47f2-ad5f-d543322dce6c@group-CA3A57F69607: shutdown
2019-10-12 06:09:07,882 [ForkJoinPool.commonPool-worker-0] INFO  impl.RaftServerImpl (RaftServerImpl.java:lambda$shutdown$3(247)) - 9bf1e6db-7e19-4234-afcc-3b42824906ec@group-FAC1763DC03B: shutdown
2019-10-12 06:09:07,882 [main] INFO  util.JmxRegister (JmxRegister.java:unregister(73)) - Successfully un-registered JMX Bean with object name Ratis:service=RaftServer,group=group-CA3A57F69607,id=db6618ce-b8a9-47f2-ad5f-d543322dce6c
2019-10-12 06:09:07,883 [ForkJoinPool.commonPool-worker-0] INFO  util.JmxRegister (JmxRegister.java:unregister(73)) - Successfully un-registered JMX Bean with object name Ratis:service=RaftServer,group=group-FAC1763DC03B,id=9bf1e6db-7e19-4234-afcc-3b42824906ec
2019-10-12 06:09:07,883 [main] INFO  impl.RoleInfo (RoleInfo.java:shutdownLeaderState(104)) - db6618ce-b8a9-47f2-ad5f-d543322dce6c: shutdown LeaderState
2019-10-12 06:09:07,883 [ForkJoinPool.commonPool-worker-0] INFO  impl.RoleInfo (RoleInfo.java:shutdownLeaderState(104)) - 9bf1e6db-7e19-4234-afcc-3b42824906ec: shutdown LeaderState
2019-10-12 06:09:07,884 [main] INFO  impl.PendingRequests (PendingRequests.java:sendNotLeaderResponses(202)) - db6618ce-b8a9-47f2-ad5f-d543322dce6c@group-CA3A57F69607-PendingRequests: sendNotLeaderResponses
2019-10-12 06:09:07,910 [org.apache.ratis.server.impl.LogAppender$AppenderDaemon$$Lambda$543/627816793@1a597e6e] WARN  server.GrpcLogAppender (GrpcLogAppender.java:mayWait(143)) - 9bf1e6db-7e19-4234-afcc-3b42824906ec@group-FAC1763DC03B->52c97a1b-8f2c-483e-bdde-fcf48c4533c7-GrpcLogAppender: Wait interrupted by java.lang.InterruptedException
2019-10-12 06:09:07,910 [org.apache.ratis.server.impl.LogAppender$AppenderDaemon$$Lambda$543/627816793@53b742ac] WARN  server.GrpcLogAppender (GrpcLogAppender.java:mayWait(143)) - 9bf1e6db-7e19-4234-afcc-3b42824906ec@group-FAC1763DC03B->64da61d9-cb68-4c4c-9b52-28a6dfa4d899-GrpcLogAppender: Wait interrupted by java.lang.InterruptedException
2019-10-12 06:09:07,910 [ForkJoinPool.commonPool-worker-0] INFO  impl.PendingRequests (PendingRequests.java:sendNotLeaderResponses(202)) - 9bf1e6db-7e19-4234-afcc-3b42824906ec@group-FAC1763DC03B-PendingRequests: sendNotLeaderResponses
2019-10-12 06:09:07,911 [main] INFO  impl.StateMachineUpdater (StateMachineUpdater.java:stopAndJoin(136)) - db6618ce-b8a9-47f2-ad5f-d543322dce6c@group-CA3A57F69607-StateMachineUpdater: set stopIndex = 0
2019-10-12 06:09:07,920 [ForkJoinPool.commonPool-worker-0] INFO  impl.StateMachineUpdater (StateMachineUpdater.java:stopAndJoin(136)) - 9bf1e6db-7e19-4234-afcc-3b42824906ec@group-FAC1763DC03B-StateMachineUpdater: set stopIndex = 4
2019-10-12 06:09:07,920 [grpc-default-executor-9] INFO  server.GrpcServerProtocolService (GrpcServerProtocolService.java:onCompleted(113)) - 64da61d9-cb68-4c4c-9b52-28a6dfa4d899: Completed APPEND_ENTRIES, lastRequest: 9bf1e6db-7e19-4234-afcc-3b42824906ec->64da61d9-cb68-4c4c-9b52-28a6dfa4d899#8-t1, previous=(t:1, i:4), leaderCommit=4, initializing? false, entries: <empty>
2019-10-12 06:09:07,920 [grpc-default-executor-8] INFO  server.GrpcServerProtocolService (GrpcServerProtocolService.java:onCompleted(113)) - 52c97a1b-8f2c-483e-bdde-fcf48c4533c7: Completed APPEND_ENTRIES, lastRequest: 9bf1e6db-7e19-4234-afcc-3b42824906ec->52c97a1b-8f2c-483e-bdde-fcf48c4533c7#8-t1, previous=(t:1, i:4), leaderCommit=4, initializing? false, entries: <empty>
2019-10-12 06:09:07,920 [main] INFO  impl.RaftServerImpl (ServerState.java:close(387)) - db6618ce-b8a9-47f2-ad5f-d543322dce6c@group-CA3A57F69607: closes. applyIndex: 0
2019-10-12 06:09:07,920 [9bf1e6db-7e19-4234-afcc-3b42824906ec@group-FAC1763DC03B-StateMachineUpdater] INFO  ratis.ContainerStateMachine (ContainerStateMachine.java:takeSnapshot(294)) - group-FAC1763DC03B: Taking a snapshot at:(t:1, i:4) file /workdir/hadoop-ozone/integration-test/target/test-dir/MiniOzoneClusterImpl-061316ad-a4b7-44e7-91bd-8dc93601c629/datanode-1/data/ratis/831185b6-6d22-4c11-a624-fac1763dc03b/sm/snapshot.1_4
2019-10-12 06:09:07,921 [db6618ce-b8a9-47f2-ad5f-d543322dce6c@group-CA3A57F69607-SegmentedRaftLogWorker] INFO  segmented.SegmentedRaftLogWorker (SegmentedRaftLogWorker.java:run(316)) - db6618ce-b8a9-47f2-ad5f-d543322dce6c@group-CA3A57F69607-SegmentedRaftLogWorker was interrupted, exiting. There are 0 tasks remaining in the queue.
2019-10-12 06:09:07,921 [grpc-default-executor-8] INFO  server.GrpcLogAppender (GrpcLogAppender.java:onCompleted(293)) - 9bf1e6db-7e19-4234-afcc-3b42824906ec@group-FAC1763DC03B->64da61d9-cb68-4c4c-9b52-28a6dfa4d899-AppendLogResponseHandler: follower responses appendEntries COMPLETED
2019-10-12 06:09:07,925 [grpc-default-executor-10] INFO  server.GrpcLogAppender (GrpcLogAppender.java:onCompleted(293)) - 9bf1e6db-7e19-4234-afcc-3b42824906ec@group-FAC1763DC03B->52c97a1b-8f2c-483e-bdde-fcf48c4533c7-AppendLogResponseHandler: follower responses appendEntries COMPLETED
2019-10-12 06:09:07,925 [grpc-default-executor-8] INFO  impl.FollowerInfo (FollowerInfo.java:lambda$new$0(51)) - 9bf1e6db-7e19-4234-afcc-3b42824906ec@group-FAC1763DC03B->64da61d9-cb68-4c4c-9b52-28a6dfa4d899: nextIndex: updateUnconditionally 5 -> 4
2019-10-12 06:09:07,926 [grpc-default-executor-10] INFO  impl.FollowerInfo (FollowerInfo.java:lambda$new$0(51)) - 9bf1e6db-7e19-4234-afcc-3b42824906ec@group-FAC1763DC03B->52c97a1b-8f2c-483e-bdde-fcf48c4533c7: nextIndex: updateUnconditionally 5 -> 4
2019-10-12 06:09:07,933 [main] INFO  segmented.SegmentedRaftLogWorker (SegmentedRaftLogWorker.java:close(224)) - db6618ce-b8a9-47f2-ad5f-d543322dce6c@group-CA3A57F69607-SegmentedRaftLogWorker close()
2019-10-12 06:09:07,941 [main] INFO  server.GrpcService (GrpcService.java:closeImpl(164)) - db6618ce-b8a9-47f2-ad5f-d543322dce6c: shutdown server with port 43257 now
2019-10-12 06:09:07,941 [9bf1e6db-7e19-4234-afcc-3b42824906ec@group-FAC1763DC03B-StateMachineUpdater] INFO  ratis.ContainerStateMachine (ContainerStateMachine.java:takeSnapshot(305)) - group-FAC1763DC03B: Finished taking a snapshot at:(t:1, i:4) file:/workdir/hadoop-ozone/integration-test/target/test-dir/MiniOzoneClusterImpl-061316ad-a4b7-44e7-91bd-8dc93601c629/datanode-1/data/ratis/831185b6-6d22-4c11-a624-fac1763dc03b/sm/snapshot.1_4 time:19
2019-10-12 06:09:07,947 [main] INFO  server.GrpcService (GrpcService.java:closeImpl(172)) - db6618ce-b8a9-47f2-ad5f-d543322dce6c: shutdown server with port 43257 successfully
2019-10-12 06:09:07,948 [9bf1e6db-7e19-4234-afcc-3b42824906ec@group-FAC1763DC03B-StateMachineUpdater] INFO  impl.StateMachineUpdater (StateMachineUpdater.java:takeSnapshot(269)) - 9bf1e6db-7e19-4234-afcc-3b42824906ec@group-FAC1763DC03B-StateMachineUpdater: Took a snapshot at index 4
2019-10-12 06:09:07,948 [9bf1e6db-7e19-4234-afcc-3b42824906ec@group-FAC1763DC03B-StateMachineUpdater] INFO  impl.StateMachineUpdater (StateMachineUpdater.java:lambda$new$0(84)) - 9bf1e6db-7e19-4234-afcc-3b42824906ec@group-FAC1763DC03B-StateMachineUpdater: snapshotIndex: updateIncreasingly -1 -> 4
2019-10-12 06:09:07,949 [ForkJoinPool.commonPool-worker-0] INFO  impl.RaftServerImpl (ServerState.java:close(387)) - 9bf1e6db-7e19-4234-afcc-3b42824906ec@group-FAC1763DC03B: closes. applyIndex: 4
2019-10-12 06:09:07,950 [9bf1e6db-7e19-4234-afcc-3b42824906ec@group-FAC1763DC03B-SegmentedRaftLogWorker] INFO  segmented.SegmentedRaftLogWorker (SegmentedRaftLogWorker.java:run(316)) - 9bf1e6db-7e19-4234-afcc-3b42824906ec@group-FAC1763DC03B-SegmentedRaftLogWorker was interrupted, exiting. There are 0 tasks remaining in the queue.
2019-10-12 06:09:07,950 [ForkJoinPool.commonPool-worker-0] INFO  segmented.SegmentedRaftLogWorker (SegmentedRaftLogWorker.java:close(224)) - 9bf1e6db-7e19-4234-afcc-3b42824906ec@group-FAC1763DC03B-SegmentedRaftLogWorker close()
2019-10-12 06:09:07,952 [ForkJoinPool.commonPool-worker-0] INFO  impl.RaftServerImpl (RaftServerImpl.java:lambda$shutdown$3(247)) - 9bf1e6db-7e19-4234-afcc-3b42824906ec@group-51EF099938A7: shutdown
2019-10-12 06:09:07,952 [ForkJoinPool.commonPool-worker-0] INFO  util.JmxRegister (JmxRegister.java:unregister(73)) - Successfully un-registered JMX Bean with object name Ratis:service=RaftServer,group=group-51EF099938A7,id=9bf1e6db-7e19-4234-afcc-3b42824906ec
2019-10-12 06:09:07,952 [refreshUsed-/workdir/hadoop-ozone/integration-test/target/test-dir/MiniOzoneClusterImpl-061316ad-a4b7-44e7-91bd-8dc93601c629/datanode-4/data/containers] WARN  fs.CachingGetSpaceUsed (CachingGetSpaceUsed.java:run(183)) - Thread Interrupted waiting to refresh disk information: sleep interrupted
2019-10-12 06:09:07,953 [ForkJoinPool.commonPool-worker-0] INFO  impl.RoleInfo (RoleInfo.java:shutdownLeaderState(104)) - 9bf1e6db-7e19-4234-afcc-3b42824906ec: shutdown LeaderState
2019-10-12 06:09:07,953 [ForkJoinPool.commonPool-worker-0] INFO  impl.PendingRequests (PendingRequests.java:sendNotLeaderResponses(202)) - 9bf1e6db-7e19-4234-afcc-3b42824906ec@group-51EF099938A7-PendingRequests: sendNotLeaderResponses
2019-10-12 06:09:07,954 [ForkJoinPool.commonPool-worker-0] INFO  impl.StateMachineUpdater (StateMachineUpdater.java:stopAndJoin(136)) - 9bf1e6db-7e19-4234-afcc-3b42824906ec@group-51EF099938A7-StateMachineUpdater: set stopIndex = 0
2019-10-12 06:09:07,955 [ForkJoinPool.commonPool-worker-0] INFO  impl.RaftServerImpl (ServerState.java:close(387)) - 9bf1e6db-7e19-4234-afcc-3b42824906ec@group-51EF099938A7: closes. applyIndex: 0
2019-10-12 06:09:07,956 [9bf1e6db-7e19-4234-afcc-3b42824906ec@group-51EF099938A7-SegmentedRaftLogWorker] INFO  segmented.SegmentedRaftLogWorker (SegmentedRaftLogWorker.java:run(316)) - 9bf1e6db-7e19-4234-afcc-3b42824906ec@group-51EF099938A7-SegmentedRaftLogWorker was interrupted, exiting. There are 0 tasks remaining in the queue.
2019-10-12 06:09:07,956 [ForkJoinPool.commonPool-worker-0] INFO  segmented.SegmentedRaftLogWorker (SegmentedRaftLogWorker.java:close(224)) - 9bf1e6db-7e19-4234-afcc-3b42824906ec@group-51EF099938A7-SegmentedRaftLogWorker close()
2019-10-12 06:09:07,958 [ForkJoinPool.commonPool-worker-0] INFO  server.GrpcService (GrpcService.java:closeImpl(164)) - 9bf1e6db-7e19-4234-afcc-3b42824906ec: shutdown server with port 37862 now
2019-10-12 06:09:07,958 [ForkJoinPool.commonPool-worker-0] INFO  server.GrpcService (GrpcService.java:closeImpl(172)) - 9bf1e6db-7e19-4234-afcc-3b42824906ec: shutdown server with port 37862 successfully
2019-10-12 06:09:07,961 [refreshUsed-/workdir/hadoop-ozone/integration-test/target/test-dir/MiniOzoneClusterImpl-061316ad-a4b7-44e7-91bd-8dc93601c629/datanode-1/data/containers] WARN  fs.CachingGetSpaceUsed (CachingGetSpaceUsed.java:run(183)) - Thread Interrupted waiting to refresh disk information: sleep interrupted
2019-10-12 06:09:07,981 [main] INFO  utils.BackgroundService (BackgroundService.java:shutdown(151)) - Shutting down service BlockDeletingService
2019-10-12 06:09:07,981 [ForkJoinPool.commonPool-worker-0] INFO  utils.BackgroundService (BackgroundService.java:shutdown(151)) - Shutting down service BlockDeletingService
2019-10-12 06:09:07,988 [main] INFO  statemachine.DatanodeStateMachine (DatanodeStateMachine.java:stopDaemon(395)) - Ozone container server stopped.
2019-10-12 06:09:07,990 [ForkJoinPool.commonPool-worker-0] INFO  statemachine.DatanodeStateMachine (DatanodeStateMachine.java:stopDaemon(395)) - Ozone container server stopped.
2019-10-12 06:09:07,997 [main] INFO  handler.ContextHandler (ContextHandler.java:doStop(910)) - Stopped o.e.j.w.WebAppContext@2abc55c4{/,null,UNAVAILABLE}{/hddsDatanode}
2019-10-12 06:09:07,997 [ForkJoinPool.commonPool-worker-0] INFO  handler.ContextHandler (ContextHandler.java:doStop(910)) - Stopped o.e.j.w.WebAppContext@624b3544{/,null,UNAVAILABLE}{/hddsDatanode}
2019-10-12 06:09:07,997 [main] INFO  server.AbstractConnector (AbstractConnector.java:doStop(318)) - Stopped ServerConnector@4e958f08{HTTP/1.1,[http/1.1]}{0.0.0.0:0}
2019-10-12 06:09:07,998 [ForkJoinPool.commonPool-worker-0] INFO  server.AbstractConnector (AbstractConnector.java:doStop(318)) - Stopped ServerConnector@454bcbbf{HTTP/1.1,[http/1.1]}{0.0.0.0:0}
2019-10-12 06:09:08,004 [ForkJoinPool.commonPool-worker-0] INFO  handler.ContextHandler (ContextHandler.java:doStop(910)) - Stopped o.e.j.s.ServletContextHandler@565d7d2f{/static,jar:file:/home/user/.m2/repository/org/apache/hadoop/hadoop-hdds-container-service/0.5.0-SNAPSHOT/hadoop-hdds-container-service-0.5.0-SNAPSHOT.jar!/webapps/static,UNAVAILABLE}
2019-10-12 06:09:08,004 [main] INFO  handler.ContextHandler (ContextHandler.java:doStop(910)) - Stopped o.e.j.s.ServletContextHandler@4eb9ae4d{/static,jar:file:/home/user/.m2/repository/org/apache/hadoop/hadoop-hdds-container-service/0.5.0-SNAPSHOT/hadoop-hdds-container-service-0.5.0-SNAPSHOT.jar!/webapps/static,UNAVAILABLE}
2019-10-12 06:09:08,005 [ForkJoinPool.commonPool-worker-0] INFO  handler.ContextHandler (ContextHandler.java:doStop(910)) - Stopped o.e.j.s.ServletContextHandler@17ec335a{/logs,file:///workdir/hadoop-ozone/integration-test/target/log,UNAVAILABLE}
2019-10-12 06:09:08,005 [main] INFO  handler.ContextHandler (ContextHandler.java:doStop(910)) - Stopped o.e.j.s.ServletContextHandler@7761e342{/logs,file:///workdir/hadoop-ozone/integration-test/target/log,UNAVAILABLE}
2019-10-12 06:09:08,361 [Datanode State Machine Thread - 0] INFO  statemachine.DatanodeStateMachine (DatanodeStateMachine.java:lambda$startDaemon$0(350)) - Ozone container server started.
2019-10-12 06:09:08,719 [Datanode State Machine Thread - 0] INFO  statemachine.DatanodeStateMachine (DatanodeStateMachine.java:lambda$startDaemon$0(350)) - Ozone container server started.
2019-10-12 06:09:12,434 [EventQueue-StaleNodeForStaleNodeHandler] INFO  node.StaleNodeHandler (StaleNodeHandler.java:onMessage(58)) - Datanode 61d60f24-9813-40ff-b2da-f5f3ebb43a56{ip: 192.168.5.146, host: pr-hdds-1737-b78td-2979900912, networkLocation: /default-rack, certSerialId: null} moved to stale state. Finalizing its pipelines [PipelineID=711758ef-e2ab-42ff-80c5-bd551f800dd8, PipelineID=28ffaa70-955c-47c8-b9cc-bd24ed4d4b01]
2019-10-12 06:09:12,436 [EventQueue-StaleNodeForStaleNodeHandler] INFO  pipeline.SCMPipelineManager (SCMPipelineManager.java:finalizeAndDestroyPipeline(315)) - destroying pipeline:Pipeline[ Id: 711758ef-e2ab-42ff-80c5-bd551f800dd8, Nodes: 61d60f24-9813-40ff-b2da-f5f3ebb43a56{ip: 192.168.5.146, host: pr-hdds-1737-b78td-2979900912, networkLocation: /default-rack, certSerialId: null}, Type:RATIS, Factor:ONE, State:OPEN]
2019-10-12 06:09:12,436 [EventQueue-StaleNodeForStaleNodeHandler] INFO  pipeline.PipelineStateManager (PipelineStateManager.java:finalizePipeline(123)) - Pipeline Pipeline[ Id: 711758ef-e2ab-42ff-80c5-bd551f800dd8, Nodes: 61d60f24-9813-40ff-b2da-f5f3ebb43a56{ip: 192.168.5.146, host: pr-hdds-1737-b78td-2979900912, networkLocation: /default-rack, certSerialId: null}, Type:RATIS, Factor:ONE, State:CLOSED] moved to CLOSED state
2019-10-12 06:09:12,437 [EventQueue-StaleNodeForStaleNodeHandler] INFO  pipeline.SCMPipelineManager (SCMPipelineManager.java:finalizeAndDestroyPipeline(315)) - destroying pipeline:Pipeline[ Id: 28ffaa70-955c-47c8-b9cc-bd24ed4d4b01, Nodes: 61d60f24-9813-40ff-b2da-f5f3ebb43a56{ip: 192.168.5.146, host: pr-hdds-1737-b78td-2979900912, networkLocation: /default-rack, certSerialId: null}0baff407-2ef8-406d-9611-6376963c72ea{ip: 192.168.5.146, host: pr-hdds-1737-b78td-2979900912, networkLocation: /default-rack, certSerialId: null}6b17b0ba-7b75-4086-b37c-f0e278e892a5{ip: 192.168.5.146, host: pr-hdds-1737-b78td-2979900912, networkLocation: /default-rack, certSerialId: null}, Type:RATIS, Factor:THREE, State:OPEN]
2019-10-12 06:09:12,437 [EventQueue-StaleNodeForStaleNodeHandler] INFO  pipeline.PipelineStateManager (PipelineStateManager.java:finalizePipeline(123)) - Pipeline Pipeline[ Id: 28ffaa70-955c-47c8-b9cc-bd24ed4d4b01, Nodes: 61d60f24-9813-40ff-b2da-f5f3ebb43a56{ip: 192.168.5.146, host: pr-hdds-1737-b78td-2979900912, networkLocation: /default-rack, certSerialId: null}0baff407-2ef8-406d-9611-6376963c72ea{ip: 192.168.5.146, host: pr-hdds-1737-b78td-2979900912, networkLocation: /default-rack, certSerialId: null}6b17b0ba-7b75-4086-b37c-f0e278e892a5{ip: 192.168.5.146, host: pr-hdds-1737-b78td-2979900912, networkLocation: /default-rack, certSerialId: null}, Type:RATIS, Factor:THREE, State:CLOSED] moved to CLOSED state
2019-10-12 06:09:12,438 [EventQueue-CloseContainerForCloseContainerEventHandler] INFO  container.CloseContainerEventHandler (CloseContainerEventHandler.java:onMessage(61)) - Close container Event triggered for container : #1
2019-10-12 06:09:12,735 [EventQueue-StaleNodeForStaleNodeHandler] INFO  node.StaleNodeHandler (StaleNodeHandler.java:onMessage(58)) - Datanode 52c97a1b-8f2c-483e-bdde-fcf48c4533c7{ip: 192.168.5.146, host: pr-hdds-1737-b78td-2979900912, networkLocation: /default-rack, certSerialId: null} moved to stale state. Finalizing its pipelines [PipelineID=0ed8c6c3-0473-4de1-938e-d8f1f9df6c7e, PipelineID=831185b6-6d22-4c11-a624-fac1763dc03b]
2019-10-12 06:09:12,738 [EventQueue-StaleNodeForStaleNodeHandler] INFO  pipeline.SCMPipelineManager (SCMPipelineManager.java:finalizeAndDestroyPipeline(315)) - destroying pipeline:Pipeline[ Id: 0ed8c6c3-0473-4de1-938e-d8f1f9df6c7e, Nodes: 52c97a1b-8f2c-483e-bdde-fcf48c4533c7{ip: 192.168.5.146, host: pr-hdds-1737-b78td-2979900912, networkLocation: /default-rack, certSerialId: null}, Type:RATIS, Factor:ONE, State:OPEN]
2019-10-12 06:09:12,738 [EventQueue-StaleNodeForStaleNodeHandler] INFO  pipeline.PipelineStateManager (PipelineStateManager.java:finalizePipeline(123)) - Pipeline Pipeline[ Id: 0ed8c6c3-0473-4de1-938e-d8f1f9df6c7e, Nodes: 52c97a1b-8f2c-483e-bdde-fcf48c4533c7{ip: 192.168.5.146, host: pr-hdds-1737-b78td-2979900912, networkLocation: /default-rack, certSerialId: null}, Type:RATIS, Factor:ONE, State:CLOSED] moved to CLOSED state
2019-10-12 06:09:12,739 [EventQueue-StaleNodeForStaleNodeHandler] INFO  pipeline.SCMPipelineManager (SCMPipelineManager.java:finalizeAndDestroyPipeline(315)) - destroying pipeline:Pipeline[ Id: 831185b6-6d22-4c11-a624-fac1763dc03b, Nodes: 52c97a1b-8f2c-483e-bdde-fcf48c4533c7{ip: 192.168.5.146, host: pr-hdds-1737-b78td-2979900912, networkLocation: /default-rack, certSerialId: null}9bf1e6db-7e19-4234-afcc-3b42824906ec{ip: 192.168.5.146, host: pr-hdds-1737-b78td-2979900912, networkLocation: /default-rack, certSerialId: null}64da61d9-cb68-4c4c-9b52-28a6dfa4d899{ip: 192.168.5.146, host: pr-hdds-1737-b78td-2979900912, networkLocation: /default-rack, certSerialId: null}, Type:RATIS, Factor:THREE, State:CLOSED]
2019-10-12 06:09:13,008 [ForkJoinPool.commonPool-worker-0] INFO  ozoneimpl.OzoneContainer (OzoneContainer.java:stop(227)) - Attempting to stop container services.
2019-10-12 06:09:13,008 [main] INFO  ozoneimpl.OzoneContainer (OzoneContainer.java:stop(227)) - Attempting to stop container services.
2019-10-12 06:09:13,012 [ForkJoinPool.commonPool-worker-0] INFO  impl.RaftServerProxy (RaftServerProxy.java:lambda$close$4(314)) - 52c97a1b-8f2c-483e-bdde-fcf48c4533c7: close
2019-10-12 06:09:13,012 [main] INFO  impl.RaftServerProxy (RaftServerProxy.java:lambda$close$4(314)) - 61d60f24-9813-40ff-b2da-f5f3ebb43a56: close
2019-10-12 06:09:13,013 [main] INFO  impl.RaftServerImpl (RaftServerImpl.java:lambda$shutdown$3(247)) - 61d60f24-9813-40ff-b2da-f5f3ebb43a56@group-BD551F800DD8: shutdown
2019-10-12 06:09:13,013 [ForkJoinPool.commonPool-worker-0] INFO  impl.RaftServerImpl (RaftServerImpl.java:lambda$shutdown$3(247)) - 52c97a1b-8f2c-483e-bdde-fcf48c4533c7@group-D8F1F9DF6C7E: shutdown
2019-10-12 06:09:13,013 [main] INFO  util.JmxRegister (JmxRegister.java:unregister(73)) - Successfully un-registered JMX Bean with object name Ratis:service=RaftServer,group=group-BD551F800DD8,id=61d60f24-9813-40ff-b2da-f5f3ebb43a56
2019-10-12 06:09:13,013 [ForkJoinPool.commonPool-worker-0] INFO  util.JmxRegister (JmxRegister.java:unregister(73)) - Successfully un-registered JMX Bean with object name Ratis:service=RaftServer,group=group-D8F1F9DF6C7E,id=52c97a1b-8f2c-483e-bdde-fcf48c4533c7
2019-10-12 06:09:13,013 [main] INFO  impl.RoleInfo (RoleInfo.java:shutdownLeaderState(104)) - 61d60f24-9813-40ff-b2da-f5f3ebb43a56: shutdown LeaderState
2019-10-12 06:09:13,013 [ForkJoinPool.commonPool-worker-0] INFO  impl.RoleInfo (RoleInfo.java:shutdownLeaderState(104)) - 52c97a1b-8f2c-483e-bdde-fcf48c4533c7: shutdown LeaderState
2019-10-12 06:09:13,014 [ForkJoinPool.commonPool-worker-0] INFO  impl.PendingRequests (PendingRequests.java:sendNotLeaderResponses(202)) - 52c97a1b-8f2c-483e-bdde-fcf48c4533c7@group-D8F1F9DF6C7E-PendingRequests: sendNotLeaderResponses
2019-10-12 06:09:13,014 [main] INFO  impl.PendingRequests (PendingRequests.java:sendNotLeaderResponses(202)) - 61d60f24-9813-40ff-b2da-f5f3ebb43a56@group-BD551F800DD8-PendingRequests: sendNotLeaderResponses
2019-10-12 06:09:13,014 [main] INFO  impl.StateMachineUpdater (StateMachineUpdater.java:stopAndJoin(136)) - 61d60f24-9813-40ff-b2da-f5f3ebb43a56@group-BD551F800DD8-StateMachineUpdater: set stopIndex = 0
2019-10-12 06:09:13,014 [ForkJoinPool.commonPool-worker-0] INFO  impl.StateMachineUpdater (StateMachineUpdater.java:stopAndJoin(136)) - 52c97a1b-8f2c-483e-bdde-fcf48c4533c7@group-D8F1F9DF6C7E-StateMachineUpdater: set stopIndex = 0
2019-10-12 06:09:13,015 [main] INFO  impl.RaftServerImpl (ServerState.java:close(387)) - 61d60f24-9813-40ff-b2da-f5f3ebb43a56@group-BD551F800DD8: closes. applyIndex: 0
2019-10-12 06:09:13,015 [ForkJoinPool.commonPool-worker-0] INFO  impl.RaftServerImpl (ServerState.java:close(387)) - 52c97a1b-8f2c-483e-bdde-fcf48c4533c7@group-D8F1F9DF6C7E: closes. applyIndex: 0
2019-10-12 06:09:13,016 [52c97a1b-8f2c-483e-bdde-fcf48c4533c7@group-D8F1F9DF6C7E-SegmentedRaftLogWorker] INFO  segmented.SegmentedRaftLogWorker (SegmentedRaftLogWorker.java:run(316)) - 52c97a1b-8f2c-483e-bdde-fcf48c4533c7@group-D8F1F9DF6C7E-SegmentedRaftLogWorker was interrupted, exiting. There are 0 tasks remaining in the queue.
2019-10-12 06:09:13,016 [61d60f24-9813-40ff-b2da-f5f3ebb43a56@group-BD551F800DD8-SegmentedRaftLogWorker] INFO  segmented.SegmentedRaftLogWorker (SegmentedRaftLogWorker.java:run(316)) - 61d60f24-9813-40ff-b2da-f5f3ebb43a56@group-BD551F800DD8-SegmentedRaftLogWorker was interrupted, exiting. There are 0 tasks remaining in the queue.
2019-10-12 06:09:13,016 [ForkJoinPool.commonPool-worker-0] INFO  segmented.SegmentedRaftLogWorker (SegmentedRaftLogWorker.java:close(224)) - 52c97a1b-8f2c-483e-bdde-fcf48c4533c7@group-D8F1F9DF6C7E-SegmentedRaftLogWorker close()
2019-10-12 06:09:13,016 [main] INFO  segmented.SegmentedRaftLogWorker (SegmentedRaftLogWorker.java:close(224)) - 61d60f24-9813-40ff-b2da-f5f3ebb43a56@group-BD551F800DD8-SegmentedRaftLogWorker close()
2019-10-12 06:09:13,019 [ForkJoinPool.commonPool-worker-0] INFO  impl.RaftServerImpl (RaftServerImpl.java:lambda$shutdown$3(247)) - 52c97a1b-8f2c-483e-bdde-fcf48c4533c7@group-FAC1763DC03B: shutdown
2019-10-12 06:09:13,021 [main] INFO  impl.RaftServerImpl (RaftServerImpl.java:lambda$shutdown$3(247)) - 61d60f24-9813-40ff-b2da-f5f3ebb43a56@group-BD24ED4D4B01: shutdown
2019-10-12 06:09:13,022 [ForkJoinPool.commonPool-worker-0] INFO  util.JmxRegister (JmxRegister.java:unregister(73)) - Successfully un-registered JMX Bean with object name Ratis:service=RaftServer,group=group-FAC1763DC03B,id=52c97a1b-8f2c-483e-bdde-fcf48c4533c7
2019-10-12 06:09:13,022 [main] INFO  util.JmxRegister (JmxRegister.java:unregister(73)) - Successfully un-registered JMX Bean with object name Ratis:service=RaftServer,group=group-BD24ED4D4B01,id=61d60f24-9813-40ff-b2da-f5f3ebb43a56
2019-10-12 06:09:13,022 [ForkJoinPool.commonPool-worker-0] INFO  impl.RoleInfo (RoleInfo.java:shutdownFollowerState(121)) - 52c97a1b-8f2c-483e-bdde-fcf48c4533c7: shutdown FollowerState
2019-10-12 06:09:13,022 [main] INFO  impl.RoleInfo (RoleInfo.java:shutdownFollowerState(121)) - 61d60f24-9813-40ff-b2da-f5f3ebb43a56: shutdown FollowerState
2019-10-12 06:09:13,022 [ForkJoinPool.commonPool-worker-0] INFO  impl.StateMachineUpdater (StateMachineUpdater.java:stopAndJoin(136)) - 52c97a1b-8f2c-483e-bdde-fcf48c4533c7@group-FAC1763DC03B-StateMachineUpdater: set stopIndex = 4
2019-10-12 06:09:13,023 [52c97a1b-8f2c-483e-bdde-fcf48c4533c7@group-FAC1763DC03B-StateMachineUpdater] INFO  ratis.ContainerStateMachine (ContainerStateMachine.java:takeSnapshot(294)) - group-FAC1763DC03B: Taking a snapshot at:(t:1, i:3) file /workdir/hadoop-ozone/integration-test/target/test-dir/MiniOzoneClusterImpl-061316ad-a4b7-44e7-91bd-8dc93601c629/datanode-2/data/ratis/831185b6-6d22-4c11-a624-fac1763dc03b/sm/snapshot.1_3
2019-10-12 06:09:13,023 [Thread-3124] INFO  impl.FollowerState (FollowerState.java:run(117)) - 61d60f24-9813-40ff-b2da-f5f3ebb43a56@group-BD24ED4D4B01-FollowerState was interrupted: java.lang.InterruptedException: sleep interrupted
2019-10-12 06:09:13,023 [Thread-3100] INFO  impl.FollowerState (FollowerState.java:run(117)) - 52c97a1b-8f2c-483e-bdde-fcf48c4533c7@group-FAC1763DC03B-FollowerState was interrupted: java.lang.InterruptedException: sleep interrupted
2019-10-12 06:09:13,023 [main] INFO  impl.StateMachineUpdater (StateMachineUpdater.java:stopAndJoin(136)) - 61d60f24-9813-40ff-b2da-f5f3ebb43a56@group-BD24ED4D4B01-StateMachineUpdater: set stopIndex = 15
2019-10-12 06:09:13,023 [61d60f24-9813-40ff-b2da-f5f3ebb43a56@group-BD24ED4D4B01-StateMachineUpdater] INFO  ratis.ContainerStateMachine (ContainerStateMachine.java:takeSnapshot(294)) - group-BD24ED4D4B01: Taking a snapshot at:(t:1, i:15) file /workdir/hadoop-ozone/integration-test/target/test-dir/MiniOzoneClusterImpl-061316ad-a4b7-44e7-91bd-8dc93601c629/datanode-3/data/ratis/28ffaa70-955c-47c8-b9cc-bd24ed4d4b01/sm/snapshot.1_15
2019-10-12 06:09:13,055 [52c97a1b-8f2c-483e-bdde-fcf48c4533c7@group-FAC1763DC03B-StateMachineUpdater] INFO  ratis.ContainerStateMachine (ContainerStateMachine.java:takeSnapshot(305)) - group-FAC1763DC03B: Finished taking a snapshot at:(t:1, i:3) file:/workdir/hadoop-ozone/integration-test/target/test-dir/MiniOzoneClusterImpl-061316ad-a4b7-44e7-91bd-8dc93601c629/datanode-2/data/ratis/831185b6-6d22-4c11-a624-fac1763dc03b/sm/snapshot.1_3 time:33
2019-10-12 06:09:13,055 [61d60f24-9813-40ff-b2da-f5f3ebb43a56@group-BD24ED4D4B01-StateMachineUpdater] INFO  ratis.ContainerStateMachine (ContainerStateMachine.java:takeSnapshot(305)) - group-BD24ED4D4B01: Finished taking a snapshot at:(t:1, i:15) file:/workdir/hadoop-ozone/integration-test/target/test-dir/MiniOzoneClusterImpl-061316ad-a4b7-44e7-91bd-8dc93601c629/datanode-3/data/ratis/28ffaa70-955c-47c8-b9cc-bd24ed4d4b01/sm/snapshot.1_15 time:32
2019-10-12 06:09:13,055 [52c97a1b-8f2c-483e-bdde-fcf48c4533c7@group-FAC1763DC03B-StateMachineUpdater] INFO  impl.StateMachineUpdater (StateMachineUpdater.java:takeSnapshot(269)) - 52c97a1b-8f2c-483e-bdde-fcf48c4533c7@group-FAC1763DC03B-StateMachineUpdater: Took a snapshot at index 3
2019-10-12 06:09:13,055 [61d60f24-9813-40ff-b2da-f5f3ebb43a56@group-BD24ED4D4B01-StateMachineUpdater] INFO  impl.StateMachineUpdater (StateMachineUpdater.java:takeSnapshot(269)) - 61d60f24-9813-40ff-b2da-f5f3ebb43a56@group-BD24ED4D4B01-StateMachineUpdater: Took a snapshot at index 15
2019-10-12 06:09:13,055 [52c97a1b-8f2c-483e-bdde-fcf48c4533c7@group-FAC1763DC03B-StateMachineUpdater] INFO  impl.StateMachineUpdater (StateMachineUpdater.java:lambda$new$0(84)) - 52c97a1b-8f2c-483e-bdde-fcf48c4533c7@group-FAC1763DC03B-StateMachineUpdater: snapshotIndex: updateIncreasingly -1 -> 3
2019-10-12 06:09:13,055 [61d60f24-9813-40ff-b2da-f5f3ebb43a56@group-BD24ED4D4B01-StateMachineUpdater] INFO  impl.StateMachineUpdater (StateMachineUpdater.java:lambda$new$0(84)) - 61d60f24-9813-40ff-b2da-f5f3ebb43a56@group-BD24ED4D4B01-StateMachineUpdater: snapshotIndex: updateIncreasingly -1 -> 15
2019-10-12 06:09:13,056 [52c97a1b-8f2c-483e-bdde-fcf48c4533c7@group-FAC1763DC03B-StateMachineUpdater] INFO  ratis.ContainerStateMachine (ContainerStateMachine.java:takeSnapshot(294)) - group-FAC1763DC03B: Taking a snapshot at:(t:1, i:3) file /workdir/hadoop-ozone/integration-test/target/test-dir/MiniOzoneClusterImpl-061316ad-a4b7-44e7-91bd-8dc93601c629/datanode-2/data/ratis/831185b6-6d22-4c11-a624-fac1763dc03b/sm/snapshot.1_3
2019-10-12 06:09:13,056 [main] INFO  impl.RaftServerImpl (ServerState.java:close(387)) - 61d60f24-9813-40ff-b2da-f5f3ebb43a56@group-BD24ED4D4B01: closes. applyIndex: 15
2019-10-12 06:09:13,057 [61d60f24-9813-40ff-b2da-f5f3ebb43a56@group-BD24ED4D4B01-SegmentedRaftLogWorker] INFO  segmented.SegmentedRaftLogWorker (SegmentedRaftLogWorker.java:run(316)) - 61d60f24-9813-40ff-b2da-f5f3ebb43a56@group-BD24ED4D4B01-SegmentedRaftLogWorker was interrupted, exiting. There are 0 tasks remaining in the queue.
2019-10-12 06:09:13,057 [main] INFO  segmented.SegmentedRaftLogWorker (SegmentedRaftLogWorker.java:close(224)) - 61d60f24-9813-40ff-b2da-f5f3ebb43a56@group-BD24ED4D4B01-SegmentedRaftLogWorker close()
2019-10-12 06:09:13,060 [main] INFO  server.GrpcService (GrpcService.java:closeImpl(164)) - 61d60f24-9813-40ff-b2da-f5f3ebb43a56: shutdown server with port 35885 now
2019-10-12 06:09:13,063 [main] INFO  server.GrpcService (GrpcService.java:closeImpl(172)) - 61d60f24-9813-40ff-b2da-f5f3ebb43a56: shutdown server with port 35885 successfully
2019-10-12 06:09:13,064 [grpc-default-executor-9] WARN  server.GrpcLogAppender (LogUtils.java:warn(134)) - 0baff407-2ef8-406d-9611-6376963c72ea@group-BD24ED4D4B01->61d60f24-9813-40ff-b2da-f5f3ebb43a56-AppendLogResponseHandler: Failed appendEntries: org.apache.ratis.thirdparty.io.grpc.StatusRuntimeException: CANCELLED: HTTP/2 error code: CANCEL
Received Rst Stream
2019-10-12 06:09:13,063 [grpc-default-executor-10] WARN  server.GrpcServerProtocolService (LogUtils.java:warn(134)) - 61d60f24-9813-40ff-b2da-f5f3ebb43a56: installSnapshot onError, lastRequest: 0baff407-2ef8-406d-9611-6376963c72ea->61d60f24-9813-40ff-b2da-f5f3ebb43a56#20-t1, previous=(t:1, i:15), leaderCommit=15, initializing? false, entries: <empty>: org.apache.ratis.thirdparty.io.grpc.StatusRuntimeException: CANCELLED: cancelled before receiving half close
2019-10-12 06:09:13,070 [refreshUsed-/workdir/hadoop-ozone/integration-test/target/test-dir/MiniOzoneClusterImpl-061316ad-a4b7-44e7-91bd-8dc93601c629/datanode-3/data/containers] WARN  fs.CachingGetSpaceUsed (CachingGetSpaceUsed.java:run(183)) - Thread Interrupted waiting to refresh disk information: sleep interrupted
2019-10-12 06:09:13,073 [grpc-default-executor-9] INFO  impl.FollowerInfo (FollowerInfo.java:lambda$new$0(51)) - 0baff407-2ef8-406d-9611-6376963c72ea@group-BD24ED4D4B01->61d60f24-9813-40ff-b2da-f5f3ebb43a56: nextIndex: updateUnconditionally 16 -> 15
2019-10-12 06:09:13,080 [52c97a1b-8f2c-483e-bdde-fcf48c4533c7@group-FAC1763DC03B-StateMachineUpdater] INFO  ratis.ContainerStateMachine (ContainerStateMachine.java:takeSnapshot(305)) - group-FAC1763DC03B: Finished taking a snapshot at:(t:1, i:3) file:/workdir/hadoop-ozone/integration-test/target/test-dir/MiniOzoneClusterImpl-061316ad-a4b7-44e7-91bd-8dc93601c629/datanode-2/data/ratis/831185b6-6d22-4c11-a624-fac1763dc03b/sm/snapshot.1_3 time:24
2019-10-12 06:09:13,081 [52c97a1b-8f2c-483e-bdde-fcf48c4533c7@group-FAC1763DC03B-StateMachineUpdater] INFO  impl.StateMachineUpdater (StateMachineUpdater.java:takeSnapshot(269)) - 52c97a1b-8f2c-483e-bdde-fcf48c4533c7@group-FAC1763DC03B-StateMachineUpdater: Took a snapshot at index 3
2019-10-12 06:09:13,081 [52c97a1b-8f2c-483e-bdde-fcf48c4533c7@group-FAC1763DC03B-StateMachineUpdater] INFO  impl.StateMachineUpdater (StateMachineUpdater.java:lambda$new$0(84)) - 52c97a1b-8f2c-483e-bdde-fcf48c4533c7@group-FAC1763DC03B-StateMachineUpdater: snapshotIndex: updateIncreasingly 3 -> 3
2019-10-12 06:09:13,081 [ForkJoinPool.commonPool-worker-0] INFO  impl.RaftServerImpl (ServerState.java:close(387)) - 52c97a1b-8f2c-483e-bdde-fcf48c4533c7@group-FAC1763DC03B: closes. applyIndex: 4
2019-10-12 06:09:13,081 [52c97a1b-8f2c-483e-bdde-fcf48c4533c7@group-FAC1763DC03B-SegmentedRaftLogWorker] INFO  segmented.SegmentedRaftLogWorker (SegmentedRaftLogWorker.java:run(316)) - 52c97a1b-8f2c-483e-bdde-fcf48c4533c7@group-FAC1763DC03B-SegmentedRaftLogWorker was interrupted, exiting. There are 0 tasks remaining in the queue.
2019-10-12 06:09:13,082 [ForkJoinPool.commonPool-worker-0] INFO  segmented.SegmentedRaftLogWorker (SegmentedRaftLogWorker.java:close(224)) - 52c97a1b-8f2c-483e-bdde-fcf48c4533c7@group-FAC1763DC03B-SegmentedRaftLogWorker close()
2019-10-12 06:09:13,084 [ForkJoinPool.commonPool-worker-0] INFO  server.GrpcService (GrpcService.java:closeImpl(164)) - 52c97a1b-8f2c-483e-bdde-fcf48c4533c7: shutdown server with port 38443 now
2019-10-12 06:09:13,084 [ForkJoinPool.commonPool-worker-0] INFO  server.GrpcService (GrpcService.java:closeImpl(172)) - 52c97a1b-8f2c-483e-bdde-fcf48c4533c7: shutdown server with port 38443 successfully
2019-10-12 06:09:13,086 [refreshUsed-/workdir/hadoop-ozone/integration-test/target/test-dir/MiniOzoneClusterImpl-061316ad-a4b7-44e7-91bd-8dc93601c629/datanode-2/data/containers] WARN  fs.CachingGetSpaceUsed (CachingGetSpaceUsed.java:run(183)) - Thread Interrupted waiting to refresh disk information: sleep interrupted
2019-10-12 06:09:13,094 [main] INFO  utils.BackgroundService (BackgroundService.java:shutdown(151)) - Shutting down service BlockDeletingService
2019-10-12 06:09:13,100 [main] INFO  statemachine.DatanodeStateMachine (DatanodeStateMachine.java:stopDaemon(395)) - Ozone container server stopped.
2019-10-12 06:09:13,102 [main] INFO  handler.ContextHandler (ContextHandler.java:doStop(910)) - Stopped o.e.j.w.WebAppContext@2c7c0e36{/,null,UNAVAILABLE}{/hddsDatanode}
2019-10-12 06:09:13,103 [main] INFO  server.AbstractConnector (AbstractConnector.java:doStop(318)) - Stopped ServerConnector@307cf964{HTTP/1.1,[http/1.1]}{0.0.0.0:0}
2019-10-12 06:09:13,103 [main] INFO  handler.ContextHandler (ContextHandler.java:doStop(910)) - Stopped o.e.j.s.ServletContextHandler@6af87130{/static,jar:file:/home/user/.m2/repository/org/apache/hadoop/hadoop-hdds-container-service/0.5.0-SNAPSHOT/hadoop-hdds-container-service-0.5.0-SNAPSHOT.jar!/webapps/static,UNAVAILABLE}
2019-10-12 06:09:13,103 [main] INFO  handler.ContextHandler (ContextHandler.java:doStop(910)) - Stopped o.e.j.s.ServletContextHandler@289f15e9{/logs,file:///workdir/hadoop-ozone/integration-test/target/log,UNAVAILABLE}
2019-10-12 06:09:13,109 [ForkJoinPool.commonPool-worker-0] INFO  utils.BackgroundService (BackgroundService.java:shutdown(151)) - Shutting down service BlockDeletingService
2019-10-12 06:09:13,114 [ForkJoinPool.commonPool-worker-0] INFO  statemachine.DatanodeStateMachine (DatanodeStateMachine.java:stopDaemon(395)) - Ozone container server stopped.
2019-10-12 06:09:13,118 [ForkJoinPool.commonPool-worker-0] INFO  handler.ContextHandler (ContextHandler.java:doStop(910)) - Stopped o.e.j.w.WebAppContext@19a5b637{/,null,UNAVAILABLE}{/hddsDatanode}
2019-10-12 06:09:13,119 [ForkJoinPool.commonPool-worker-0] INFO  server.AbstractConnector (AbstractConnector.java:doStop(318)) - Stopped ServerConnector@4f3c7808{HTTP/1.1,[http/1.1]}{0.0.0.0:0}
2019-10-12 06:09:13,119 [ForkJoinPool.commonPool-worker-0] INFO  handler.ContextHandler (ContextHandler.java:doStop(910)) - Stopped o.e.j.s.ServletContextHandler@36d582cb{/static,jar:file:/home/user/.m2/repository/org/apache/hadoop/hadoop-hdds-container-service/0.5.0-SNAPSHOT/hadoop-hdds-container-service-0.5.0-SNAPSHOT.jar!/webapps/static,UNAVAILABLE}
2019-10-12 06:09:13,120 [ForkJoinPool.commonPool-worker-0] INFO  handler.ContextHandler (ContextHandler.java:doStop(910)) - Stopped o.e.j.s.ServletContextHandler@226d5af0{/logs,file:///workdir/hadoop-ozone/integration-test/target/log,UNAVAILABLE}
2019-10-12 06:09:13,363 [Datanode State Machine Thread - 0] INFO  statemachine.DatanodeStateMachine (DatanodeStateMachine.java:lambda$startDaemon$0(350)) - Ozone container server started.
2019-10-12 06:09:13,737 [Datanode State Machine Thread - 0] INFO  statemachine.DatanodeStateMachine (DatanodeStateMachine.java:lambda$startDaemon$0(350)) - Ozone container server started.
2019-10-12 06:09:14,257 [Thread-3099] INFO  impl.FollowerState (FollowerState.java:run(108)) - 64da61d9-cb68-4c4c-9b52-28a6dfa4d899@group-FAC1763DC03B-FollowerState: change to CANDIDATE, lastRpcTime:6477ms, electionTimeout:5116ms
2019-10-12 06:09:14,257 [Thread-3099] INFO  impl.RoleInfo (RoleInfo.java:shutdownFollowerState(121)) - 64da61d9-cb68-4c4c-9b52-28a6dfa4d899: shutdown FollowerState
2019-10-12 06:09:14,258 [Thread-3099] INFO  impl.RaftServerImpl (RaftServerImpl.java:setRole(170)) - 64da61d9-cb68-4c4c-9b52-28a6dfa4d899@group-FAC1763DC03B: changes role from  FOLLOWER to CANDIDATE at term 1 for changeToCandidate
2019-10-12 06:09:14,258 [Thread-3099] INFO  impl.RoleInfo (RoleInfo.java:updateAndGet(143)) - 64da61d9-cb68-4c4c-9b52-28a6dfa4d899: start LeaderElection
2019-10-12 06:09:14,260 [64da61d9-cb68-4c4c-9b52-28a6dfa4d899@group-FAC1763DC03B-LeaderElection69] INFO  impl.RaftServerImpl (ServerState.java:setLeader(255)) - 64da61d9-cb68-4c4c-9b52-28a6dfa4d899@group-FAC1763DC03B: change Leader from 9bf1e6db-7e19-4234-afcc-3b42824906ec to null at term 1 for initElection
2019-10-12 06:09:14,285 [64da61d9-cb68-4c4c-9b52-28a6dfa4d899@group-FAC1763DC03B-LeaderElection69] INFO  impl.LeaderElection (LeaderElection.java:askForVotes(178)) - 64da61d9-cb68-4c4c-9b52-28a6dfa4d899@group-FAC1763DC03B-LeaderElection69: begin an election at term 2 for 0: [9bf1e6db-7e19-4234-afcc-3b42824906ec:192.168.5.146:37862, 52c97a1b-8f2c-483e-bdde-fcf48c4533c7:192.168.5.146:38443, 64da61d9-cb68-4c4c-9b52-28a6dfa4d899:192.168.5.146:38184], old=null
2019-10-12 06:09:14,288 [64da61d9-cb68-4c4c-9b52-28a6dfa4d899@group-FAC1763DC03B-LeaderElection69] INFO  impl.LeaderElection (LogUtils.java:infoOrTrace(149)) - 64da61d9-cb68-4c4c-9b52-28a6dfa4d899@group-FAC1763DC03B-LeaderElection69 got exception when requesting votes: {}
java.util.concurrent.ExecutionException: org.apache.ratis.thirdparty.io.grpc.StatusRuntimeException: UNAVAILABLE: io exception
	at java.util.concurrent.FutureTask.report(FutureTask.java:122)
	at java.util.concurrent.FutureTask.get(FutureTask.java:192)
	at org.apache.ratis.server.impl.LeaderElection.waitForResults(LeaderElection.java:259)
	at org.apache.ratis.server.impl.LeaderElection.askForVotes(LeaderElection.java:197)
	at org.apache.ratis.server.impl.LeaderElection.run(LeaderElection.java:133)
	at java.lang.Thread.run(Thread.java:748)
Caused by: org.apache.ratis.thirdparty.io.grpc.StatusRuntimeException: UNAVAILABLE: io exception
	at org.apache.ratis.thirdparty.io.grpc.stub.ClientCalls.toStatusRuntimeException(ClientCalls.java:233)
	at org.apache.ratis.thirdparty.io.grpc.stub.ClientCalls.getUnchecked(ClientCalls.java:214)
	at org.apache.ratis.thirdparty.io.grpc.stub.ClientCalls.blockingUnaryCall(ClientCalls.java:139)
	at org.apache.ratis.proto.grpc.RaftServerProtocolServiceGrpc$RaftServerProtocolServiceBlockingStub.requestVote(RaftServerProtocolServiceGrpc.java:265)
	at org.apache.ratis.grpc.server.GrpcServerProtocolClient.requestVote(GrpcServerProtocolClient.java:99)
	at org.apache.ratis.grpc.server.GrpcService.requestVote(GrpcService.java:204)
	at org.apache.ratis.server.impl.LeaderElection.lambda$submitRequests$1(LeaderElection.java:234)
	at java.util.concurrent.FutureTask.run(FutureTask.java:266)
	at java.util.concurrent.Executors$RunnableAdapter.call(Executors.java:511)
	at java.util.concurrent.FutureTask.run(FutureTask.java:266)
	at java.util.concurrent.ThreadPoolExecutor.runWorker(ThreadPoolExecutor.java:1149)
	at java.util.concurrent.ThreadPoolExecutor$Worker.run(ThreadPoolExecutor.java:624)
	... 1 more
Caused by: org.apache.ratis.thirdparty.io.netty.channel.AbstractChannel$AnnotatedConnectException: Connection refused: /192.168.5.146:38443
	at sun.nio.ch.SocketChannelImpl.checkConnect(Native Method)
	at sun.nio.ch.SocketChannelImpl.finishConnect(SocketChannelImpl.java:717)
	at org.apache.ratis.thirdparty.io.netty.channel.socket.nio.NioSocketChannel.doFinishConnect(NioSocketChannel.java:327)
	at org.apache.ratis.thirdparty.io.netty.channel.nio.AbstractNioChannel$AbstractNioUnsafe.finishConnect(AbstractNioChannel.java:340)
	at org.apache.ratis.thirdparty.io.netty.channel.nio.NioEventLoop.processSelectedKey(NioEventLoop.java:632)
	at org.apache.ratis.thirdparty.io.netty.channel.nio.NioEventLoop.processSelectedKeysOptimized(NioEventLoop.java:579)
	at org.apache.ratis.thirdparty.io.netty.channel.nio.NioEventLoop.processSelectedKeys(NioEventLoop.java:496)
	at org.apache.ratis.thirdparty.io.netty.channel.nio.NioEventLoop.run(NioEventLoop.java:458)
	at org.apache.ratis.thirdparty.io.netty.util.concurrent.SingleThreadEventExecutor$5.run(SingleThreadEventExecutor.java:897)
	at org.apache.ratis.thirdparty.io.netty.util.concurrent.FastThreadLocalRunnable.run(FastThreadLocalRunnable.java:30)
	... 1 more
Caused by: java.net.ConnectException: Connection refused
	... 11 more
2019-10-12 06:09:14,291 [64da61d9-cb68-4c4c-9b52-28a6dfa4d899@group-FAC1763DC03B-LeaderElection69] INFO  impl.LeaderElection (LogUtils.java:infoOrTrace(149)) - 64da61d9-cb68-4c4c-9b52-28a6dfa4d899@group-FAC1763DC03B-LeaderElection69 got exception when requesting votes: {}
java.util.concurrent.ExecutionException: org.apache.ratis.thirdparty.io.grpc.StatusRuntimeException: UNAVAILABLE: io exception
	at java.util.concurrent.FutureTask.report(FutureTask.java:122)
	at java.util.concurrent.FutureTask.get(FutureTask.java:192)
	at org.apache.ratis.server.impl.LeaderElection.waitForResults(LeaderElection.java:259)
	at org.apache.ratis.server.impl.LeaderElection.askForVotes(LeaderElection.java:197)
	at org.apache.ratis.server.impl.LeaderElection.run(LeaderElection.java:133)
	at java.lang.Thread.run(Thread.java:748)
Caused by: org.apache.ratis.thirdparty.io.grpc.StatusRuntimeException: UNAVAILABLE: io exception
	at org.apache.ratis.thirdparty.io.grpc.stub.ClientCalls.toStatusRuntimeException(ClientCalls.java:233)
	at org.apache.ratis.thirdparty.io.grpc.stub.ClientCalls.getUnchecked(ClientCalls.java:214)
	at org.apache.ratis.thirdparty.io.grpc.stub.ClientCalls.blockingUnaryCall(ClientCalls.java:139)
	at org.apache.ratis.proto.grpc.RaftServerProtocolServiceGrpc$RaftServerProtocolServiceBlockingStub.requestVote(RaftServerProtocolServiceGrpc.java:265)
	at org.apache.ratis.grpc.server.GrpcServerProtocolClient.requestVote(GrpcServerProtocolClient.java:99)
	at org.apache.ratis.grpc.server.GrpcService.requestVote(GrpcService.java:204)
	at org.apache.ratis.server.impl.LeaderElection.lambda$submitRequests$1(LeaderElection.java:234)
	at java.util.concurrent.FutureTask.run(FutureTask.java:266)
	at java.util.concurrent.Executors$RunnableAdapter.call(Executors.java:511)
	at java.util.concurrent.FutureTask.run(FutureTask.java:266)
	at java.util.concurrent.ThreadPoolExecutor.runWorker(ThreadPoolExecutor.java:1149)
	at java.util.concurrent.ThreadPoolExecutor$Worker.run(ThreadPoolExecutor.java:624)
	... 1 more
Caused by: org.apache.ratis.thirdparty.io.netty.channel.AbstractChannel$AnnotatedConnectException: Connection refused: /192.168.5.146:37862
	at sun.nio.ch.SocketChannelImpl.checkConnect(Native Method)
	at sun.nio.ch.SocketChannelImpl.finishConnect(SocketChannelImpl.java:717)
	at org.apache.ratis.thirdparty.io.netty.channel.socket.nio.NioSocketChannel.doFinishConnect(NioSocketChannel.java:327)
	at org.apache.ratis.thirdparty.io.netty.channel.nio.AbstractNioChannel$AbstractNioUnsafe.finishConnect(AbstractNioChannel.java:340)
	at org.apache.ratis.thirdparty.io.netty.channel.nio.NioEventLoop.processSelectedKey(NioEventLoop.java:632)
	at org.apache.ratis.thirdparty.io.netty.channel.nio.NioEventLoop.processSelectedKeysOptimized(NioEventLoop.java:579)
	at org.apache.ratis.thirdparty.io.netty.channel.nio.NioEventLoop.processSelectedKeys(NioEventLoop.java:496)
	at org.apache.ratis.thirdparty.io.netty.channel.nio.NioEventLoop.run(NioEventLoop.java:458)
	at org.apache.ratis.thirdparty.io.netty.util.concurrent.SingleThreadEventExecutor$5.run(SingleThreadEventExecutor.java:897)
	at org.apache.ratis.thirdparty.io.netty.util.concurrent.FastThreadLocalRunnable.run(FastThreadLocalRunnable.java:30)
	... 1 more
Caused by: java.net.ConnectException: Connection refused
	... 11 more
2019-10-12 06:09:14,293 [64da61d9-cb68-4c4c-9b52-28a6dfa4d899@group-FAC1763DC03B-LeaderElection69] INFO  impl.LeaderElection (LeaderElection.java:logAndReturn(56)) - 64da61d9-cb68-4c4c-9b52-28a6dfa4d899@group-FAC1763DC03B-LeaderElection69: Election REJECTED; received 0 response(s) [] and 2 exception(s); 64da61d9-cb68-4c4c-9b52-28a6dfa4d899@group-FAC1763DC03B:t2, leader=null, voted=64da61d9-cb68-4c4c-9b52-28a6dfa4d899, raftlog=64da61d9-cb68-4c4c-9b52-28a6dfa4d899@group-FAC1763DC03B-SegmentedRaftLog:OPENED:c4,f4,i4, conf=0: [9bf1e6db-7e19-4234-afcc-3b42824906ec:192.168.5.146:37862, 52c97a1b-8f2c-483e-bdde-fcf48c4533c7:192.168.5.146:38443, 64da61d9-cb68-4c4c-9b52-28a6dfa4d899:192.168.5.146:38184], old=null
2019-10-12 06:09:14,294 [64da61d9-cb68-4c4c-9b52-28a6dfa4d899@group-FAC1763DC03B-LeaderElection69] INFO  impl.LeaderElection (LogUtils.java:infoOrTrace(149)) -   Exception 0: {}
java.util.concurrent.ExecutionException: org.apache.ratis.thirdparty.io.grpc.StatusRuntimeException: UNAVAILABLE: io exception
	at java.util.concurrent.FutureTask.report(FutureTask.java:122)
	at java.util.concurrent.FutureTask.get(FutureTask.java:192)
	at org.apache.ratis.server.impl.LeaderElection.waitForResults(LeaderElection.java:259)
	at org.apache.ratis.server.impl.LeaderElection.askForVotes(LeaderElection.java:197)
	at org.apache.ratis.server.impl.LeaderElection.run(LeaderElection.java:133)
	at java.lang.Thread.run(Thread.java:748)
Caused by: org.apache.ratis.thirdparty.io.grpc.StatusRuntimeException: UNAVAILABLE: io exception
	at org.apache.ratis.thirdparty.io.grpc.stub.ClientCalls.toStatusRuntimeException(ClientCalls.java:233)
	at org.apache.ratis.thirdparty.io.grpc.stub.ClientCalls.getUnchecked(ClientCalls.java:214)
	at org.apache.ratis.thirdparty.io.grpc.stub.ClientCalls.blockingUnaryCall(ClientCalls.java:139)
	at org.apache.ratis.proto.grpc.RaftServerProtocolServiceGrpc$RaftServerProtocolServiceBlockingStub.requestVote(RaftServerProtocolServiceGrpc.java:265)
	at org.apache.ratis.grpc.server.GrpcServerProtocolClient.requestVote(GrpcServerProtocolClient.java:99)
	at org.apache.ratis.grpc.server.GrpcService.requestVote(GrpcService.java:204)
	at org.apache.ratis.server.impl.LeaderElection.lambda$submitRequests$1(LeaderElection.java:234)
	at java.util.concurrent.FutureTask.run(FutureTask.java:266)
	at java.util.concurrent.Executors$RunnableAdapter.call(Executors.java:511)
	at java.util.concurrent.FutureTask.run(FutureTask.java:266)
	at java.util.concurrent.ThreadPoolExecutor.runWorker(ThreadPoolExecutor.java:1149)
	at java.util.concurrent.ThreadPoolExecutor$Worker.run(ThreadPoolExecutor.java:624)
	... 1 more
Caused by: org.apache.ratis.thirdparty.io.netty.channel.AbstractChannel$AnnotatedConnectException: Connection refused: /192.168.5.146:38443
	at sun.nio.ch.SocketChannelImpl.checkConnect(Native Method)
	at sun.nio.ch.SocketChannelImpl.finishConnect(SocketChannelImpl.java:717)
	at org.apache.ratis.thirdparty.io.netty.channel.socket.nio.NioSocketChannel.doFinishConnect(NioSocketChannel.java:327)
	at org.apache.ratis.thirdparty.io.netty.channel.nio.AbstractNioChannel$AbstractNioUnsafe.finishConnect(AbstractNioChannel.java:340)
	at org.apache.ratis.thirdparty.io.netty.channel.nio.NioEventLoop.processSelectedKey(NioEventLoop.java:632)
	at org.apache.ratis.thirdparty.io.netty.channel.nio.NioEventLoop.processSelectedKeysOptimized(NioEventLoop.java:579)
	at org.apache.ratis.thirdparty.io.netty.channel.nio.NioEventLoop.processSelectedKeys(NioEventLoop.java:496)
	at org.apache.ratis.thirdparty.io.netty.channel.nio.NioEventLoop.run(NioEventLoop.java:458)
	at org.apache.ratis.thirdparty.io.netty.util.concurrent.SingleThreadEventExecutor$5.run(SingleThreadEventExecutor.java:897)
	at org.apache.ratis.thirdparty.io.netty.util.concurrent.FastThreadLocalRunnable.run(FastThreadLocalRunnable.java:30)
	... 1 more
Caused by: java.net.ConnectException: Connection refused
	... 11 more
2019-10-12 06:09:14,294 [64da61d9-cb68-4c4c-9b52-28a6dfa4d899@group-FAC1763DC03B-LeaderElection69] INFO  impl.LeaderElection (LogUtils.java:infoOrTrace(149)) -   Exception 1: {}
java.util.concurrent.ExecutionException: org.apache.ratis.thirdparty.io.grpc.StatusRuntimeException: UNAVAILABLE: io exception
	at java.util.concurrent.FutureTask.report(FutureTask.java:122)
	at java.util.concurrent.FutureTask.get(FutureTask.java:192)
	at org.apache.ratis.server.impl.LeaderElection.waitForResults(LeaderElection.java:259)
	at org.apache.ratis.server.impl.LeaderElection.askForVotes(LeaderElection.java:197)
	at org.apache.ratis.server.impl.LeaderElection.run(LeaderElection.java:133)
	at java.lang.Thread.run(Thread.java:748)
Caused by: org.apache.ratis.thirdparty.io.grpc.StatusRuntimeException: UNAVAILABLE: io exception
	at org.apache.ratis.thirdparty.io.grpc.stub.ClientCalls.toStatusRuntimeException(ClientCalls.java:233)
	at org.apache.ratis.thirdparty.io.grpc.stub.ClientCalls.getUnchecked(ClientCalls.java:214)
	at org.apache.ratis.thirdparty.io.grpc.stub.ClientCalls.blockingUnaryCall(ClientCalls.java:139)
	at org.apache.ratis.proto.grpc.RaftServerProtocolServiceGrpc$RaftServerProtocolServiceBlockingStub.requestVote(RaftServerProtocolServiceGrpc.java:265)
	at org.apache.ratis.grpc.server.GrpcServerProtocolClient.requestVote(GrpcServerProtocolClient.java:99)
	at org.apache.ratis.grpc.server.GrpcService.requestVote(GrpcService.java:204)
	at org.apache.ratis.server.impl.LeaderElection.lambda$submitRequests$1(LeaderElection.java:234)
	at java.util.concurrent.FutureTask.run(FutureTask.java:266)
	at java.util.concurrent.Executors$RunnableAdapter.call(Executors.java:511)
	at java.util.concurrent.FutureTask.run(FutureTask.java:266)
	at java.util.concurrent.ThreadPoolExecutor.runWorker(ThreadPoolExecutor.java:1149)
	at java.util.concurrent.ThreadPoolExecutor$Worker.run(ThreadPoolExecutor.java:624)
	... 1 more
Caused by: org.apache.ratis.thirdparty.io.netty.channel.AbstractChannel$AnnotatedConnectException: Connection refused: /192.168.5.146:37862
	at sun.nio.ch.SocketChannelImpl.checkConnect(Native Method)
	at sun.nio.ch.SocketChannelImpl.finishConnect(SocketChannelImpl.java:717)
	at org.apache.ratis.thirdparty.io.netty.channel.socket.nio.NioSocketChannel.doFinishConnect(NioSocketChannel.java:327)
	at org.apache.ratis.thirdparty.io.netty.channel.nio.AbstractNioChannel$AbstractNioUnsafe.finishConnect(AbstractNioChannel.java:340)
	at org.apache.ratis.thirdparty.io.netty.channel.nio.NioEventLoop.processSelectedKey(NioEventLoop.java:632)
	at org.apache.ratis.thirdparty.io.netty.channel.nio.NioEventLoop.processSelectedKeysOptimized(NioEventLoop.java:579)
	at org.apache.ratis.thirdparty.io.netty.channel.nio.NioEventLoop.processSelectedKeys(NioEventLoop.java:496)
	at org.apache.ratis.thirdparty.io.netty.channel.nio.NioEventLoop.run(NioEventLoop.java:458)
	at org.apache.ratis.thirdparty.io.netty.util.concurrent.SingleThreadEventExecutor$5.run(SingleThreadEventExecutor.java:897)
	at org.apache.ratis.thirdparty.io.netty.util.concurrent.FastThreadLocalRunnable.run(FastThreadLocalRunnable.java:30)
	... 1 more
Caused by: java.net.ConnectException: Connection refused
	... 11 more
2019-10-12 06:09:14,294 [64da61d9-cb68-4c4c-9b52-28a6dfa4d899@group-FAC1763DC03B-LeaderElection69] INFO  impl.RaftServerImpl (RaftServerImpl.java:setRole(170)) - 64da61d9-cb68-4c4c-9b52-28a6dfa4d899@group-FAC1763DC03B: changes role from CANDIDATE to FOLLOWER at term 2 for DISCOVERED_A_NEW_TERM
2019-10-12 06:09:14,294 [64da61d9-cb68-4c4c-9b52-28a6dfa4d899@group-FAC1763DC03B-LeaderElection69] INFO  impl.RoleInfo (RoleInfo.java:shutdownLeaderElection(134)) - 64da61d9-cb68-4c4c-9b52-28a6dfa4d899: shutdown LeaderElection
2019-10-12 06:09:14,294 [64da61d9-cb68-4c4c-9b52-28a6dfa4d899@group-FAC1763DC03B-LeaderElection69] INFO  impl.RoleInfo (RoleInfo.java:updateAndGet(143)) - 64da61d9-cb68-4c4c-9b52-28a6dfa4d899: start FollowerState
2019-10-12 06:09:15,564 [grpc-default-executor-10] WARN  server.GrpcLogAppender (LogUtils.java:warn(134)) - 0baff407-2ef8-406d-9611-6376963c72ea@group-BD24ED4D4B01->61d60f24-9813-40ff-b2da-f5f3ebb43a56-AppendLogResponseHandler: Failed appendEntries: org.apache.ratis.thirdparty.io.grpc.StatusRuntimeException: UNAVAILABLE: io exception
2019-10-12 06:09:15,572 [grpc-default-executor-10] INFO  impl.FollowerInfo (FollowerInfo.java:lambda$new$0(51)) - 0baff407-2ef8-406d-9611-6376963c72ea@group-BD24ED4D4B01->61d60f24-9813-40ff-b2da-f5f3ebb43a56: nextIndex: updateUnconditionally 15 -> 14
2019-10-12 06:09:17,441 [EventQueue-StaleNodeForStaleNodeHandler] INFO  node.StaleNodeHandler (StaleNodeHandler.java:onMessage(58)) - Datanode 0baff407-2ef8-406d-9611-6376963c72ea{ip: 192.168.5.146, host: pr-hdds-1737-b78td-2979900912, networkLocation: /default-rack, certSerialId: null} moved to stale state. Finalizing its pipelines [PipelineID=99f7917b-6813-48d4-8a57-833281cf19c8, PipelineID=28ffaa70-955c-47c8-b9cc-bd24ed4d4b01]
2019-10-12 06:09:17,441 [EventQueue-StaleNodeForStaleNodeHandler] INFO  pipeline.SCMPipelineManager (SCMPipelineManager.java:finalizeAndDestroyPipeline(315)) - destroying pipeline:Pipeline[ Id: 99f7917b-6813-48d4-8a57-833281cf19c8, Nodes: 0baff407-2ef8-406d-9611-6376963c72ea{ip: 192.168.5.146, host: pr-hdds-1737-b78td-2979900912, networkLocation: /default-rack, certSerialId: null}, Type:RATIS, Factor:ONE, State:OPEN]
2019-10-12 06:09:17,441 [EventQueue-StaleNodeForStaleNodeHandler] INFO  pipeline.PipelineStateManager (PipelineStateManager.java:finalizePipeline(123)) - Pipeline Pipeline[ Id: 99f7917b-6813-48d4-8a57-833281cf19c8, Nodes: 0baff407-2ef8-406d-9611-6376963c72ea{ip: 192.168.5.146, host: pr-hdds-1737-b78td-2979900912, networkLocation: /default-rack, certSerialId: null}, Type:RATIS, Factor:ONE, State:CLOSED] moved to CLOSED state
2019-10-12 06:09:17,442 [EventQueue-StaleNodeForStaleNodeHandler] INFO  pipeline.SCMPipelineManager (SCMPipelineManager.java:finalizeAndDestroyPipeline(315)) - destroying pipeline:Pipeline[ Id: 28ffaa70-955c-47c8-b9cc-bd24ed4d4b01, Nodes: 61d60f24-9813-40ff-b2da-f5f3ebb43a56{ip: 192.168.5.146, host: pr-hdds-1737-b78td-2979900912, networkLocation: /default-rack, certSerialId: null}0baff407-2ef8-406d-9611-6376963c72ea{ip: 192.168.5.146, host: pr-hdds-1737-b78td-2979900912, networkLocation: /default-rack, certSerialId: null}6b17b0ba-7b75-4086-b37c-f0e278e892a5{ip: 192.168.5.146, host: pr-hdds-1737-b78td-2979900912, networkLocation: /default-rack, certSerialId: null}, Type:RATIS, Factor:THREE, State:CLOSED]
2019-10-12 06:09:17,741 [EventQueue-StaleNodeForStaleNodeHandler] INFO  node.StaleNodeHandler (StaleNodeHandler.java:onMessage(58)) - Datanode 64da61d9-cb68-4c4c-9b52-28a6dfa4d899{ip: 192.168.5.146, host: pr-hdds-1737-b78td-2979900912, networkLocation: /default-rack, certSerialId: null} moved to stale state. Finalizing its pipelines [PipelineID=fc774165-52b2-47f4-9b9d-005895723711, PipelineID=831185b6-6d22-4c11-a624-fac1763dc03b]
2019-10-12 06:09:17,741 [EventQueue-StaleNodeForStaleNodeHandler] INFO  pipeline.SCMPipelineManager (SCMPipelineManager.java:finalizeAndDestroyPipeline(315)) - destroying pipeline:Pipeline[ Id: fc774165-52b2-47f4-9b9d-005895723711, Nodes: 64da61d9-cb68-4c4c-9b52-28a6dfa4d899{ip: 192.168.5.146, host: pr-hdds-1737-b78td-2979900912, networkLocation: /default-rack, certSerialId: null}, Type:RATIS, Factor:ONE, State:OPEN]
2019-10-12 06:09:17,741 [EventQueue-StaleNodeForStaleNodeHandler] INFO  pipeline.PipelineStateManager (PipelineStateManager.java:finalizePipeline(123)) - Pipeline Pipeline[ Id: fc774165-52b2-47f4-9b9d-005895723711, Nodes: 64da61d9-cb68-4c4c-9b52-28a6dfa4d899{ip: 192.168.5.146, host: pr-hdds-1737-b78td-2979900912, networkLocation: /default-rack, certSerialId: null}, Type:RATIS, Factor:ONE, State:CLOSED] moved to CLOSED state
2019-10-12 06:09:17,742 [EventQueue-StaleNodeForStaleNodeHandler] INFO  pipeline.SCMPipelineManager (SCMPipelineManager.java:finalizeAndDestroyPipeline(315)) - destroying pipeline:Pipeline[ Id: 831185b6-6d22-4c11-a624-fac1763dc03b, Nodes: 52c97a1b-8f2c-483e-bdde-fcf48c4533c7{ip: 192.168.5.146, host: pr-hdds-1737-b78td-2979900912, networkLocation: /default-rack, certSerialId: null}9bf1e6db-7e19-4234-afcc-3b42824906ec{ip: 192.168.5.146, host: pr-hdds-1737-b78td-2979900912, networkLocation: /default-rack, certSerialId: null}64da61d9-cb68-4c4c-9b52-28a6dfa4d899{ip: 192.168.5.146, host: pr-hdds-1737-b78td-2979900912, networkLocation: /default-rack, certSerialId: null}, Type:RATIS, Factor:THREE, State:CLOSED]
2019-10-12 06:09:18,067 [grpc-default-executor-9] WARN  server.GrpcLogAppender (LogUtils.java:warn(134)) - 0baff407-2ef8-406d-9611-6376963c72ea@group-BD24ED4D4B01->61d60f24-9813-40ff-b2da-f5f3ebb43a56-AppendLogResponseHandler: Failed appendEntries: org.apache.ratis.thirdparty.io.grpc.StatusRuntimeException: UNAVAILABLE: io exception
2019-10-12 06:09:18,071 [grpc-default-executor-9] INFO  impl.FollowerInfo (FollowerInfo.java:lambda$new$0(51)) - 0baff407-2ef8-406d-9611-6376963c72ea@group-BD24ED4D4B01->61d60f24-9813-40ff-b2da-f5f3ebb43a56: nextIndex: updateUnconditionally 14 -> 13
2019-10-12 06:09:18,106 [main] INFO  ozoneimpl.OzoneContainer (OzoneContainer.java:stop(227)) - Attempting to stop container services.
2019-10-12 06:09:18,109 [main] INFO  impl.RaftServerProxy (RaftServerProxy.java:lambda$close$4(314)) - 0baff407-2ef8-406d-9611-6376963c72ea: close
2019-10-12 06:09:18,110 [main] INFO  impl.RaftServerImpl (RaftServerImpl.java:lambda$shutdown$3(247)) - 0baff407-2ef8-406d-9611-6376963c72ea@group-833281CF19C8: shutdown
2019-10-12 06:09:18,110 [main] INFO  util.JmxRegister (JmxRegister.java:unregister(73)) - Successfully un-registered JMX Bean with object name Ratis:service=RaftServer,group=group-833281CF19C8,id=0baff407-2ef8-406d-9611-6376963c72ea
2019-10-12 06:09:18,111 [main] INFO  impl.RoleInfo (RoleInfo.java:shutdownLeaderState(104)) - 0baff407-2ef8-406d-9611-6376963c72ea: shutdown LeaderState
2019-10-12 06:09:18,111 [main] INFO  impl.PendingRequests (PendingRequests.java:sendNotLeaderResponses(202)) - 0baff407-2ef8-406d-9611-6376963c72ea@group-833281CF19C8-PendingRequests: sendNotLeaderResponses
2019-10-12 06:09:18,112 [main] INFO  impl.StateMachineUpdater (StateMachineUpdater.java:stopAndJoin(136)) - 0baff407-2ef8-406d-9611-6376963c72ea@group-833281CF19C8-StateMachineUpdater: set stopIndex = 0
2019-10-12 06:09:18,113 [main] INFO  impl.RaftServerImpl (ServerState.java:close(387)) - 0baff407-2ef8-406d-9611-6376963c72ea@group-833281CF19C8: closes. applyIndex: 0
2019-10-12 06:09:18,113 [0baff407-2ef8-406d-9611-6376963c72ea@group-833281CF19C8-SegmentedRaftLogWorker] INFO  segmented.SegmentedRaftLogWorker (SegmentedRaftLogWorker.java:run(316)) - 0baff407-2ef8-406d-9611-6376963c72ea@group-833281CF19C8-SegmentedRaftLogWorker was interrupted, exiting. There are 0 tasks remaining in the queue.
2019-10-12 06:09:18,114 [main] INFO  segmented.SegmentedRaftLogWorker (SegmentedRaftLogWorker.java:close(224)) - 0baff407-2ef8-406d-9611-6376963c72ea@group-833281CF19C8-SegmentedRaftLogWorker close()
2019-10-12 06:09:18,116 [main] INFO  impl.RaftServerImpl (RaftServerImpl.java:lambda$shutdown$3(247)) - 0baff407-2ef8-406d-9611-6376963c72ea@group-BD24ED4D4B01: shutdown
2019-10-12 06:09:18,116 [main] INFO  util.JmxRegister (JmxRegister.java:unregister(73)) - Successfully un-registered JMX Bean with object name Ratis:service=RaftServer,group=group-BD24ED4D4B01,id=0baff407-2ef8-406d-9611-6376963c72ea
2019-10-12 06:09:18,117 [main] INFO  impl.RoleInfo (RoleInfo.java:shutdownLeaderState(104)) - 0baff407-2ef8-406d-9611-6376963c72ea: shutdown LeaderState
2019-10-12 06:09:18,117 [main] INFO  impl.PendingRequests (PendingRequests.java:sendNotLeaderResponses(202)) - 0baff407-2ef8-406d-9611-6376963c72ea@group-BD24ED4D4B01-PendingRequests: sendNotLeaderResponses
2019-10-12 06:09:18,117 [org.apache.ratis.server.impl.LogAppender$AppenderDaemon$$Lambda$543/627816793@6cea5cb5] WARN  server.GrpcLogAppender (GrpcLogAppender.java:mayWait(143)) - 0baff407-2ef8-406d-9611-6376963c72ea@group-BD24ED4D4B01->61d60f24-9813-40ff-b2da-f5f3ebb43a56-GrpcLogAppender: Wait interrupted by java.lang.InterruptedException
2019-10-12 06:09:18,117 [org.apache.ratis.server.impl.LogAppender$AppenderDaemon$$Lambda$543/627816793@4a38f9e8] WARN  server.GrpcLogAppender (GrpcLogAppender.java:mayWait(143)) - 0baff407-2ef8-406d-9611-6376963c72ea@group-BD24ED4D4B01->6b17b0ba-7b75-4086-b37c-f0e278e892a5-GrpcLogAppender: Wait interrupted by java.lang.InterruptedException
2019-10-12 06:09:18,131 [main] INFO  impl.StateMachineUpdater (StateMachineUpdater.java:stopAndJoin(136)) - 0baff407-2ef8-406d-9611-6376963c72ea@group-BD24ED4D4B01-StateMachineUpdater: set stopIndex = 15
2019-10-12 06:09:18,132 [ForkJoinPool.commonPool-worker-0] INFO  ozoneimpl.OzoneContainer (OzoneContainer.java:stop(227)) - Attempting to stop container services.
2019-10-12 06:09:18,132 [0baff407-2ef8-406d-9611-6376963c72ea@group-BD24ED4D4B01-StateMachineUpdater] INFO  ratis.ContainerStateMachine (ContainerStateMachine.java:takeSnapshot(294)) - group-BD24ED4D4B01: Taking a snapshot at:(t:1, i:13) file /workdir/hadoop-ozone/integration-test/target/test-dir/MiniOzoneClusterImpl-061316ad-a4b7-44e7-91bd-8dc93601c629/datanode-6/data/ratis/28ffaa70-955c-47c8-b9cc-bd24ed4d4b01/sm/snapshot.1_13
2019-10-12 06:09:18,132 [ForkJoinPool.commonPool-worker-0] INFO  impl.RaftServerProxy (RaftServerProxy.java:lambda$close$4(314)) - 64da61d9-cb68-4c4c-9b52-28a6dfa4d899: close
2019-10-12 06:09:18,132 [grpc-default-executor-9] INFO  server.GrpcServerProtocolService (GrpcServerProtocolService.java:onCompleted(113)) - 6b17b0ba-7b75-4086-b37c-f0e278e892a5: Completed APPEND_ENTRIES, lastRequest: 0baff407-2ef8-406d-9611-6376963c72ea->6b17b0ba-7b75-4086-b37c-f0e278e892a5#23-t1, previous=(t:1, i:15), leaderCommit=15, initializing? false, entries: <empty>
2019-10-12 06:09:18,133 [ForkJoinPool.commonPool-worker-0] INFO  impl.RaftServerImpl (RaftServerImpl.java:lambda$shutdown$3(247)) - 64da61d9-cb68-4c4c-9b52-28a6dfa4d899@group-005895723711: shutdown
2019-10-12 06:09:18,133 [grpc-default-executor-9] INFO  server.GrpcLogAppender (GrpcLogAppender.java:onCompleted(293)) - 0baff407-2ef8-406d-9611-6376963c72ea@group-BD24ED4D4B01->6b17b0ba-7b75-4086-b37c-f0e278e892a5-AppendLogResponseHandler: follower responses appendEntries COMPLETED
2019-10-12 06:09:18,133 [ForkJoinPool.commonPool-worker-0] INFO  util.JmxRegister (JmxRegister.java:unregister(73)) - Successfully un-registered JMX Bean with object name Ratis:service=RaftServer,group=group-005895723711,id=64da61d9-cb68-4c4c-9b52-28a6dfa4d899
2019-10-12 06:09:18,134 [ForkJoinPool.commonPool-worker-0] INFO  impl.RoleInfo (RoleInfo.java:shutdownLeaderState(104)) - 64da61d9-cb68-4c4c-9b52-28a6dfa4d899: shutdown LeaderState
2019-10-12 06:09:18,134 [grpc-default-executor-9] INFO  impl.FollowerInfo (FollowerInfo.java:lambda$new$0(51)) - 0baff407-2ef8-406d-9611-6376963c72ea@group-BD24ED4D4B01->6b17b0ba-7b75-4086-b37c-f0e278e892a5: nextIndex: updateUnconditionally 16 -> 15
2019-10-12 06:09:18,135 [ForkJoinPool.commonPool-worker-0] INFO  impl.PendingRequests (PendingRequests.java:sendNotLeaderResponses(202)) - 64da61d9-cb68-4c4c-9b52-28a6dfa4d899@group-005895723711-PendingRequests: sendNotLeaderResponses
2019-10-12 06:09:18,135 [ForkJoinPool.commonPool-worker-0] INFO  impl.StateMachineUpdater (StateMachineUpdater.java:stopAndJoin(136)) - 64da61d9-cb68-4c4c-9b52-28a6dfa4d899@group-005895723711-StateMachineUpdater: set stopIndex = 0
2019-10-12 06:09:18,136 [ForkJoinPool.commonPool-worker-0] INFO  impl.RaftServerImpl (ServerState.java:close(387)) - 64da61d9-cb68-4c4c-9b52-28a6dfa4d899@group-005895723711: closes. applyIndex: 0
2019-10-12 06:09:18,136 [64da61d9-cb68-4c4c-9b52-28a6dfa4d899@group-005895723711-SegmentedRaftLogWorker] INFO  segmented.SegmentedRaftLogWorker (SegmentedRaftLogWorker.java:run(316)) - 64da61d9-cb68-4c4c-9b52-28a6dfa4d899@group-005895723711-SegmentedRaftLogWorker was interrupted, exiting. There are 0 tasks remaining in the queue.
2019-10-12 06:09:18,137 [ForkJoinPool.commonPool-worker-0] INFO  segmented.SegmentedRaftLogWorker (SegmentedRaftLogWorker.java:close(224)) - 64da61d9-cb68-4c4c-9b52-28a6dfa4d899@group-005895723711-SegmentedRaftLogWorker close()
2019-10-12 06:09:18,138 [ForkJoinPool.commonPool-worker-0] INFO  impl.RaftServerImpl (RaftServerImpl.java:lambda$shutdown$3(247)) - 64da61d9-cb68-4c4c-9b52-28a6dfa4d899@group-FAC1763DC03B: shutdown
2019-10-12 06:09:18,139 [ForkJoinPool.commonPool-worker-0] INFO  util.JmxRegister (JmxRegister.java:unregister(73)) - Successfully un-registered JMX Bean with object name Ratis:service=RaftServer,group=group-FAC1763DC03B,id=64da61d9-cb68-4c4c-9b52-28a6dfa4d899
2019-10-12 06:09:18,139 [ForkJoinPool.commonPool-worker-0] INFO  impl.RoleInfo (RoleInfo.java:shutdownFollowerState(121)) - 64da61d9-cb68-4c4c-9b52-28a6dfa4d899: shutdown FollowerState
2019-10-12 06:09:18,139 [ForkJoinPool.commonPool-worker-0] INFO  impl.StateMachineUpdater (StateMachineUpdater.java:stopAndJoin(136)) - 64da61d9-cb68-4c4c-9b52-28a6dfa4d899@group-FAC1763DC03B-StateMachineUpdater: set stopIndex = 4
2019-10-12 06:09:18,140 [64da61d9-cb68-4c4c-9b52-28a6dfa4d899@group-FAC1763DC03B-StateMachineUpdater] INFO  ratis.ContainerStateMachine (ContainerStateMachine.java:takeSnapshot(294)) - group-FAC1763DC03B: Taking a snapshot at:(t:1, i:3) file /workdir/hadoop-ozone/integration-test/target/test-dir/MiniOzoneClusterImpl-061316ad-a4b7-44e7-91bd-8dc93601c629/datanode-0/data/ratis/831185b6-6d22-4c11-a624-fac1763dc03b/sm/snapshot.1_3
2019-10-12 06:09:18,140 [Thread-3225] INFO  impl.FollowerState (FollowerState.java:run(117)) - 64da61d9-cb68-4c4c-9b52-28a6dfa4d899@group-FAC1763DC03B-FollowerState was interrupted: java.lang.InterruptedException: sleep interrupted
2019-10-12 06:09:18,159 [64da61d9-cb68-4c4c-9b52-28a6dfa4d899@group-FAC1763DC03B-StateMachineUpdater] INFO  ratis.ContainerStateMachine (ContainerStateMachine.java:takeSnapshot(305)) - group-FAC1763DC03B: Finished taking a snapshot at:(t:1, i:3) file:/workdir/hadoop-ozone/integration-test/target/test-dir/MiniOzoneClusterImpl-061316ad-a4b7-44e7-91bd-8dc93601c629/datanode-0/data/ratis/831185b6-6d22-4c11-a624-fac1763dc03b/sm/snapshot.1_3 time:20
2019-10-12 06:09:18,159 [0baff407-2ef8-406d-9611-6376963c72ea@group-BD24ED4D4B01-StateMachineUpdater] INFO  ratis.ContainerStateMachine (ContainerStateMachine.java:takeSnapshot(305)) - group-BD24ED4D4B01: Finished taking a snapshot at:(t:1, i:13) file:/workdir/hadoop-ozone/integration-test/target/test-dir/MiniOzoneClusterImpl-061316ad-a4b7-44e7-91bd-8dc93601c629/datanode-6/data/ratis/28ffaa70-955c-47c8-b9cc-bd24ed4d4b01/sm/snapshot.1_13 time:28
2019-10-12 06:09:18,160 [64da61d9-cb68-4c4c-9b52-28a6dfa4d899@group-FAC1763DC03B-StateMachineUpdater] INFO  impl.StateMachineUpdater (StateMachineUpdater.java:takeSnapshot(269)) - 64da61d9-cb68-4c4c-9b52-28a6dfa4d899@group-FAC1763DC03B-StateMachineUpdater: Took a snapshot at index 3
2019-10-12 06:09:18,160 [64da61d9-cb68-4c4c-9b52-28a6dfa4d899@group-FAC1763DC03B-StateMachineUpdater] INFO  impl.StateMachineUpdater (StateMachineUpdater.java:lambda$new$0(84)) - 64da61d9-cb68-4c4c-9b52-28a6dfa4d899@group-FAC1763DC03B-StateMachineUpdater: snapshotIndex: updateIncreasingly -1 -> 3
2019-10-12 06:09:18,160 [0baff407-2ef8-406d-9611-6376963c72ea@group-BD24ED4D4B01-StateMachineUpdater] INFO  impl.StateMachineUpdater (StateMachineUpdater.java:takeSnapshot(269)) - 0baff407-2ef8-406d-9611-6376963c72ea@group-BD24ED4D4B01-StateMachineUpdater: Took a snapshot at index 13
2019-10-12 06:09:18,160 [0baff407-2ef8-406d-9611-6376963c72ea@group-BD24ED4D4B01-StateMachineUpdater] INFO  impl.StateMachineUpdater (StateMachineUpdater.java:lambda$new$0(84)) - 0baff407-2ef8-406d-9611-6376963c72ea@group-BD24ED4D4B01-StateMachineUpdater: snapshotIndex: updateIncreasingly -1 -> 13
2019-10-12 06:09:18,160 [64da61d9-cb68-4c4c-9b52-28a6dfa4d899@group-FAC1763DC03B-StateMachineUpdater] INFO  ratis.ContainerStateMachine (ContainerStateMachine.java:takeSnapshot(294)) - group-FAC1763DC03B: Taking a snapshot at:(t:1, i:3) file /workdir/hadoop-ozone/integration-test/target/test-dir/MiniOzoneClusterImpl-061316ad-a4b7-44e7-91bd-8dc93601c629/datanode-0/data/ratis/831185b6-6d22-4c11-a624-fac1763dc03b/sm/snapshot.1_3
2019-10-12 06:09:18,160 [0baff407-2ef8-406d-9611-6376963c72ea@group-BD24ED4D4B01-StateMachineUpdater] INFO  ratis.ContainerStateMachine (ContainerStateMachine.java:takeSnapshot(294)) - group-BD24ED4D4B01: Taking a snapshot at:(t:1, i:13) file /workdir/hadoop-ozone/integration-test/target/test-dir/MiniOzoneClusterImpl-061316ad-a4b7-44e7-91bd-8dc93601c629/datanode-6/data/ratis/28ffaa70-955c-47c8-b9cc-bd24ed4d4b01/sm/snapshot.1_13
2019-10-12 06:09:18,185 [64da61d9-cb68-4c4c-9b52-28a6dfa4d899@group-FAC1763DC03B-StateMachineUpdater] INFO  ratis.ContainerStateMachine (ContainerStateMachine.java:takeSnapshot(305)) - group-FAC1763DC03B: Finished taking a snapshot at:(t:1, i:3) file:/workdir/hadoop-ozone/integration-test/target/test-dir/MiniOzoneClusterImpl-061316ad-a4b7-44e7-91bd-8dc93601c629/datanode-0/data/ratis/831185b6-6d22-4c11-a624-fac1763dc03b/sm/snapshot.1_3 time:24
2019-10-12 06:09:18,185 [0baff407-2ef8-406d-9611-6376963c72ea@group-BD24ED4D4B01-StateMachineUpdater] INFO  ratis.ContainerStateMachine (ContainerStateMachine.java:takeSnapshot(305)) - group-BD24ED4D4B01: Finished taking a snapshot at:(t:1, i:13) file:/workdir/hadoop-ozone/integration-test/target/test-dir/MiniOzoneClusterImpl-061316ad-a4b7-44e7-91bd-8dc93601c629/datanode-6/data/ratis/28ffaa70-955c-47c8-b9cc-bd24ed4d4b01/sm/snapshot.1_13 time:24
2019-10-12 06:09:18,185 [64da61d9-cb68-4c4c-9b52-28a6dfa4d899@group-FAC1763DC03B-StateMachineUpdater] INFO  impl.StateMachineUpdater (StateMachineUpdater.java:takeSnapshot(269)) - 64da61d9-cb68-4c4c-9b52-28a6dfa4d899@group-FAC1763DC03B-StateMachineUpdater: Took a snapshot at index 3
2019-10-12 06:09:18,185 [64da61d9-cb68-4c4c-9b52-28a6dfa4d899@group-FAC1763DC03B-StateMachineUpdater] INFO  impl.StateMachineUpdater (StateMachineUpdater.java:lambda$new$0(84)) - 64da61d9-cb68-4c4c-9b52-28a6dfa4d899@group-FAC1763DC03B-StateMachineUpdater: snapshotIndex: updateIncreasingly 3 -> 3
2019-10-12 06:09:18,185 [0baff407-2ef8-406d-9611-6376963c72ea@group-BD24ED4D4B01-StateMachineUpdater] INFO  impl.StateMachineUpdater (StateMachineUpdater.java:takeSnapshot(269)) - 0baff407-2ef8-406d-9611-6376963c72ea@group-BD24ED4D4B01-StateMachineUpdater: Took a snapshot at index 13
2019-10-12 06:09:18,185 [ForkJoinPool.commonPool-worker-0] INFO  impl.RaftServerImpl (ServerState.java:close(387)) - 64da61d9-cb68-4c4c-9b52-28a6dfa4d899@group-FAC1763DC03B: closes. applyIndex: 4
2019-10-12 06:09:18,185 [0baff407-2ef8-406d-9611-6376963c72ea@group-BD24ED4D4B01-StateMachineUpdater] INFO  impl.StateMachineUpdater (StateMachineUpdater.java:lambda$new$0(84)) - 0baff407-2ef8-406d-9611-6376963c72ea@group-BD24ED4D4B01-StateMachineUpdater: snapshotIndex: updateIncreasingly 13 -> 13
2019-10-12 06:09:18,186 [64da61d9-cb68-4c4c-9b52-28a6dfa4d899@group-FAC1763DC03B-SegmentedRaftLogWorker] INFO  segmented.SegmentedRaftLogWorker (SegmentedRaftLogWorker.java:run(316)) - 64da61d9-cb68-4c4c-9b52-28a6dfa4d899@group-FAC1763DC03B-SegmentedRaftLogWorker was interrupted, exiting. There are 0 tasks remaining in the queue.
2019-10-12 06:09:18,186 [main] INFO  impl.RaftServerImpl (ServerState.java:close(387)) - 0baff407-2ef8-406d-9611-6376963c72ea@group-BD24ED4D4B01: closes. applyIndex: 15
2019-10-12 06:09:18,186 [ForkJoinPool.commonPool-worker-0] INFO  segmented.SegmentedRaftLogWorker (SegmentedRaftLogWorker.java:close(224)) - 64da61d9-cb68-4c4c-9b52-28a6dfa4d899@group-FAC1763DC03B-SegmentedRaftLogWorker close()
2019-10-12 06:09:18,186 [0baff407-2ef8-406d-9611-6376963c72ea@group-BD24ED4D4B01-SegmentedRaftLogWorker] INFO  segmented.SegmentedRaftLogWorker (SegmentedRaftLogWorker.java:run(316)) - 0baff407-2ef8-406d-9611-6376963c72ea@group-BD24ED4D4B01-SegmentedRaftLogWorker was interrupted, exiting. There are 0 tasks remaining in the queue.
2019-10-12 06:09:18,189 [ForkJoinPool.commonPool-worker-0] INFO  server.GrpcService (GrpcService.java:closeImpl(164)) - 64da61d9-cb68-4c4c-9b52-28a6dfa4d899: shutdown server with port 38184 now
2019-10-12 06:09:18,189 [main] INFO  segmented.SegmentedRaftLogWorker (SegmentedRaftLogWorker.java:close(224)) - 0baff407-2ef8-406d-9611-6376963c72ea@group-BD24ED4D4B01-SegmentedRaftLogWorker close()
2019-10-12 06:09:18,189 [ForkJoinPool.commonPool-worker-0] INFO  server.GrpcService (GrpcService.java:closeImpl(172)) - 64da61d9-cb68-4c4c-9b52-28a6dfa4d899: shutdown server with port 38184 successfully
2019-10-12 06:09:18,192 [main] INFO  server.GrpcService (GrpcService.java:closeImpl(164)) - 0baff407-2ef8-406d-9611-6376963c72ea: shutdown server with port 38301 now
2019-10-12 06:09:18,193 [main] INFO  server.GrpcService (GrpcService.java:closeImpl(172)) - 0baff407-2ef8-406d-9611-6376963c72ea: shutdown server with port 38301 successfully
2019-10-12 06:09:18,193 [grpc-default-executor-10] WARN  client.GrpcClientProtocolService (LogUtils.java:warn(134)) - 2-UnorderedRequestStreamObserver2: onError: org.apache.ratis.thirdparty.io.grpc.StatusRuntimeException: CANCELLED: cancelled before receiving half close
2019-10-12 06:09:18,198 [refreshUsed-/workdir/hadoop-ozone/integration-test/target/test-dir/MiniOzoneClusterImpl-061316ad-a4b7-44e7-91bd-8dc93601c629/datanode-0/data/containers] WARN  fs.CachingGetSpaceUsed (CachingGetSpaceUsed.java:run(183)) - Thread Interrupted waiting to refresh disk information: sleep interrupted
2019-10-12 06:09:18,201 [refreshUsed-/workdir/hadoop-ozone/integration-test/target/test-dir/MiniOzoneClusterImpl-061316ad-a4b7-44e7-91bd-8dc93601c629/datanode-6/data/containers] WARN  fs.CachingGetSpaceUsed (CachingGetSpaceUsed.java:run(183)) - Thread Interrupted waiting to refresh disk information: sleep interrupted
2019-10-12 06:09:18,227 [ForkJoinPool.commonPool-worker-0] INFO  utils.BackgroundService (BackgroundService.java:shutdown(151)) - Shutting down service BlockDeletingService
2019-10-12 06:09:18,227 [main] INFO  utils.BackgroundService (BackgroundService.java:shutdown(151)) - Shutting down service BlockDeletingService
2019-10-12 06:09:18,236 [ForkJoinPool.commonPool-worker-0] INFO  statemachine.DatanodeStateMachine (DatanodeStateMachine.java:stopDaemon(395)) - Ozone container server stopped.
2019-10-12 06:09:18,237 [main] INFO  statemachine.DatanodeStateMachine (DatanodeStateMachine.java:stopDaemon(395)) - Ozone container server stopped.
2019-10-12 06:09:18,242 [ForkJoinPool.commonPool-worker-0] INFO  handler.ContextHandler (ContextHandler.java:doStop(910)) - Stopped o.e.j.w.WebAppContext@3e53c4ad{/,null,UNAVAILABLE}{/hddsDatanode}
2019-10-12 06:09:18,242 [main] INFO  handler.ContextHandler (ContextHandler.java:doStop(910)) - Stopped o.e.j.w.WebAppContext@6ddc67d0{/,null,UNAVAILABLE}{/hddsDatanode}
2019-10-12 06:09:18,243 [ForkJoinPool.commonPool-worker-0] INFO  server.AbstractConnector (AbstractConnector.java:doStop(318)) - Stopped ServerConnector@33eb0d4{HTTP/1.1,[http/1.1]}{0.0.0.0:0}
2019-10-12 06:09:18,243 [ForkJoinPool.commonPool-worker-0] INFO  handler.ContextHandler (ContextHandler.java:doStop(910)) - Stopped o.e.j.s.ServletContextHandler@c568f91{/static,jar:file:/home/user/.m2/repository/org/apache/hadoop/hadoop-hdds-container-service/0.5.0-SNAPSHOT/hadoop-hdds-container-service-0.5.0-SNAPSHOT.jar!/webapps/static,UNAVAILABLE}
2019-10-12 06:09:18,245 [main] INFO  server.AbstractConnector (AbstractConnector.java:doStop(318)) - Stopped ServerConnector@7767bd4e{HTTP/1.1,[http/1.1]}{0.0.0.0:0}
2019-10-12 06:09:18,245 [ForkJoinPool.commonPool-worker-0] INFO  handler.ContextHandler (ContextHandler.java:doStop(910)) - Stopped o.e.j.s.ServletContextHandler@7f4a1cac{/logs,file:///workdir/hadoop-ozone/integration-test/target/log,UNAVAILABLE}
2019-10-12 06:09:18,245 [main] INFO  handler.ContextHandler (ContextHandler.java:doStop(910)) - Stopped o.e.j.s.ServletContextHandler@74697863{/static,jar:file:/home/user/.m2/repository/org/apache/hadoop/hadoop-hdds-container-service/0.5.0-SNAPSHOT/hadoop-hdds-container-service-0.5.0-SNAPSHOT.jar!/webapps/static,UNAVAILABLE}
2019-10-12 06:09:18,246 [main] INFO  handler.ContextHandler (ContextHandler.java:doStop(910)) - Stopped o.e.j.s.ServletContextHandler@5ba1b62e{/logs,file:///workdir/hadoop-ozone/integration-test/target/log,UNAVAILABLE}
2019-10-12 06:09:18,387 [Datanode State Machine Thread - 0] INFO  statemachine.DatanodeStateMachine (DatanodeStateMachine.java:lambda$startDaemon$0(350)) - Ozone container server started.
2019-10-12 06:09:22,449 [EventQueue-StaleNodeForStaleNodeHandler] INFO  node.StaleNodeHandler (StaleNodeHandler.java:onMessage(58)) - Datanode 6b17b0ba-7b75-4086-b37c-f0e278e892a5{ip: 192.168.5.146, host: pr-hdds-1737-b78td-2979900912, networkLocation: /default-rack, certSerialId: null} moved to stale state. Finalizing its pipelines [PipelineID=f2707df9-a65f-41ce-bd05-c5b097ddb6e0, PipelineID=28ffaa70-955c-47c8-b9cc-bd24ed4d4b01]
2019-10-12 06:09:22,452 [EventQueue-StaleNodeForStaleNodeHandler] INFO  pipeline.SCMPipelineManager (SCMPipelineManager.java:finalizeAndDestroyPipeline(315)) - destroying pipeline:Pipeline[ Id: f2707df9-a65f-41ce-bd05-c5b097ddb6e0, Nodes: 6b17b0ba-7b75-4086-b37c-f0e278e892a5{ip: 192.168.5.146, host: pr-hdds-1737-b78td-2979900912, networkLocation: /default-rack, certSerialId: null}, Type:RATIS, Factor:ONE, State:OPEN]
2019-10-12 06:09:22,453 [EventQueue-StaleNodeForStaleNodeHandler] INFO  pipeline.PipelineStateManager (PipelineStateManager.java:finalizePipeline(123)) - Pipeline Pipeline[ Id: f2707df9-a65f-41ce-bd05-c5b097ddb6e0, Nodes: 6b17b0ba-7b75-4086-b37c-f0e278e892a5{ip: 192.168.5.146, host: pr-hdds-1737-b78td-2979900912, networkLocation: /default-rack, certSerialId: null}, Type:RATIS, Factor:ONE, State:CLOSED] moved to CLOSED state
2019-10-12 06:09:22,454 [EventQueue-StaleNodeForStaleNodeHandler] INFO  pipeline.SCMPipelineManager (SCMPipelineManager.java:finalizeAndDestroyPipeline(315)) - destroying pipeline:Pipeline[ Id: 28ffaa70-955c-47c8-b9cc-bd24ed4d4b01, Nodes: 61d60f24-9813-40ff-b2da-f5f3ebb43a56{ip: 192.168.5.146, host: pr-hdds-1737-b78td-2979900912, networkLocation: /default-rack, certSerialId: null}0baff407-2ef8-406d-9611-6376963c72ea{ip: 192.168.5.146, host: pr-hdds-1737-b78td-2979900912, networkLocation: /default-rack, certSerialId: null}6b17b0ba-7b75-4086-b37c-f0e278e892a5{ip: 192.168.5.146, host: pr-hdds-1737-b78td-2979900912, networkLocation: /default-rack, certSerialId: null}, Type:RATIS, Factor:THREE, State:CLOSED]
2019-10-12 06:09:23,247 [ForkJoinPool.commonPool-worker-0] INFO  ozoneimpl.OzoneContainer (OzoneContainer.java:stop(227)) - Attempting to stop container services.
2019-10-12 06:09:23,249 [ForkJoinPool.commonPool-worker-0] INFO  impl.RaftServerProxy (RaftServerProxy.java:lambda$close$4(314)) - 6b17b0ba-7b75-4086-b37c-f0e278e892a5: close
2019-10-12 06:09:23,249 [ForkJoinPool.commonPool-worker-0] INFO  impl.RaftServerImpl (RaftServerImpl.java:lambda$shutdown$3(247)) - 6b17b0ba-7b75-4086-b37c-f0e278e892a5@group-C5B097DDB6E0: shutdown
2019-10-12 06:09:23,249 [ForkJoinPool.commonPool-worker-0] INFO  util.JmxRegister (JmxRegister.java:unregister(73)) - Successfully un-registered JMX Bean with object name Ratis:service=RaftServer,group=group-C5B097DDB6E0,id=6b17b0ba-7b75-4086-b37c-f0e278e892a5
2019-10-12 06:09:23,250 [ForkJoinPool.commonPool-worker-0] INFO  impl.RoleInfo (RoleInfo.java:shutdownLeaderState(104)) - 6b17b0ba-7b75-4086-b37c-f0e278e892a5: shutdown LeaderState
2019-10-12 06:09:23,250 [ForkJoinPool.commonPool-worker-0] INFO  impl.PendingRequests (PendingRequests.java:sendNotLeaderResponses(202)) - 6b17b0ba-7b75-4086-b37c-f0e278e892a5@group-C5B097DDB6E0-PendingRequests: sendNotLeaderResponses
2019-10-12 06:09:23,250 [ForkJoinPool.commonPool-worker-0] INFO  impl.StateMachineUpdater (StateMachineUpdater.java:stopAndJoin(136)) - 6b17b0ba-7b75-4086-b37c-f0e278e892a5@group-C5B097DDB6E0-StateMachineUpdater: set stopIndex = 0
2019-10-12 06:09:23,251 [ForkJoinPool.commonPool-worker-0] INFO  impl.RaftServerImpl (ServerState.java:close(387)) - 6b17b0ba-7b75-4086-b37c-f0e278e892a5@group-C5B097DDB6E0: closes. applyIndex: 0
2019-10-12 06:09:23,252 [6b17b0ba-7b75-4086-b37c-f0e278e892a5@group-C5B097DDB6E0-SegmentedRaftLogWorker] INFO  segmented.SegmentedRaftLogWorker (SegmentedRaftLogWorker.java:run(316)) - 6b17b0ba-7b75-4086-b37c-f0e278e892a5@group-C5B097DDB6E0-SegmentedRaftLogWorker was interrupted, exiting. There are 0 tasks remaining in the queue.
2019-10-12 06:09:23,257 [ForkJoinPool.commonPool-worker-0] INFO  segmented.SegmentedRaftLogWorker (SegmentedRaftLogWorker.java:close(224)) - 6b17b0ba-7b75-4086-b37c-f0e278e892a5@group-C5B097DDB6E0-SegmentedRaftLogWorker close()
2019-10-12 06:09:23,259 [ForkJoinPool.commonPool-worker-0] INFO  impl.RaftServerImpl (RaftServerImpl.java:lambda$shutdown$3(247)) - 6b17b0ba-7b75-4086-b37c-f0e278e892a5@group-BD24ED4D4B01: shutdown
2019-10-12 06:09:23,259 [ForkJoinPool.commonPool-worker-0] INFO  util.JmxRegister (JmxRegister.java:unregister(73)) - Successfully un-registered JMX Bean with object name Ratis:service=RaftServer,group=group-BD24ED4D4B01,id=6b17b0ba-7b75-4086-b37c-f0e278e892a5
2019-10-12 06:09:23,259 [ForkJoinPool.commonPool-worker-0] INFO  impl.RoleInfo (RoleInfo.java:shutdownFollowerState(121)) - 6b17b0ba-7b75-4086-b37c-f0e278e892a5: shutdown FollowerState
2019-10-12 06:09:23,259 [ForkJoinPool.commonPool-worker-0] INFO  impl.StateMachineUpdater (StateMachineUpdater.java:stopAndJoin(136)) - 6b17b0ba-7b75-4086-b37c-f0e278e892a5@group-BD24ED4D4B01-StateMachineUpdater: set stopIndex = 15
2019-10-12 06:09:23,259 [Thread-3127] INFO  impl.FollowerState (FollowerState.java:run(117)) - 6b17b0ba-7b75-4086-b37c-f0e278e892a5@group-BD24ED4D4B01-FollowerState was interrupted: java.lang.InterruptedException: sleep interrupted
2019-10-12 06:09:23,260 [6b17b0ba-7b75-4086-b37c-f0e278e892a5@group-BD24ED4D4B01-StateMachineUpdater] INFO  ratis.ContainerStateMachine (ContainerStateMachine.java:takeSnapshot(294)) - group-BD24ED4D4B01: Taking a snapshot at:(t:1, i:15) file /workdir/hadoop-ozone/integration-test/target/test-dir/MiniOzoneClusterImpl-061316ad-a4b7-44e7-91bd-8dc93601c629/datanode-5/data/ratis/28ffaa70-955c-47c8-b9cc-bd24ed4d4b01/sm/snapshot.1_15
2019-10-12 06:09:23,293 [6b17b0ba-7b75-4086-b37c-f0e278e892a5@group-BD24ED4D4B01-StateMachineUpdater] INFO  ratis.ContainerStateMachine (ContainerStateMachine.java:takeSnapshot(305)) - group-BD24ED4D4B01: Finished taking a snapshot at:(t:1, i:15) file:/workdir/hadoop-ozone/integration-test/target/test-dir/MiniOzoneClusterImpl-061316ad-a4b7-44e7-91bd-8dc93601c629/datanode-5/data/ratis/28ffaa70-955c-47c8-b9cc-bd24ed4d4b01/sm/snapshot.1_15 time:34
2019-10-12 06:09:23,294 [6b17b0ba-7b75-4086-b37c-f0e278e892a5@group-BD24ED4D4B01-StateMachineUpdater] INFO  impl.StateMachineUpdater (StateMachineUpdater.java:takeSnapshot(269)) - 6b17b0ba-7b75-4086-b37c-f0e278e892a5@group-BD24ED4D4B01-StateMachineUpdater: Took a snapshot at index 15
2019-10-12 06:09:23,294 [6b17b0ba-7b75-4086-b37c-f0e278e892a5@group-BD24ED4D4B01-StateMachineUpdater] INFO  impl.StateMachineUpdater (StateMachineUpdater.java:lambda$new$0(84)) - 6b17b0ba-7b75-4086-b37c-f0e278e892a5@group-BD24ED4D4B01-StateMachineUpdater: snapshotIndex: updateIncreasingly -1 -> 15
2019-10-12 06:09:23,295 [ForkJoinPool.commonPool-worker-0] INFO  impl.RaftServerImpl (ServerState.java:close(387)) - 6b17b0ba-7b75-4086-b37c-f0e278e892a5@group-BD24ED4D4B01: closes. applyIndex: 15
2019-10-12 06:09:23,296 [6b17b0ba-7b75-4086-b37c-f0e278e892a5@group-BD24ED4D4B01-SegmentedRaftLogWorker] INFO  segmented.SegmentedRaftLogWorker (SegmentedRaftLogWorker.java:run(316)) - 6b17b0ba-7b75-4086-b37c-f0e278e892a5@group-BD24ED4D4B01-SegmentedRaftLogWorker was interrupted, exiting. There are 0 tasks remaining in the queue.
2019-10-12 06:09:23,296 [ForkJoinPool.commonPool-worker-0] INFO  segmented.SegmentedRaftLogWorker (SegmentedRaftLogWorker.java:close(224)) - 6b17b0ba-7b75-4086-b37c-f0e278e892a5@group-BD24ED4D4B01-SegmentedRaftLogWorker close()
2019-10-12 06:09:23,298 [ForkJoinPool.commonPool-worker-0] INFO  server.GrpcService (GrpcService.java:closeImpl(164)) - 6b17b0ba-7b75-4086-b37c-f0e278e892a5: shutdown server with port 36346 now
2019-10-12 06:09:23,300 [ForkJoinPool.commonPool-worker-0] INFO  server.GrpcService (GrpcService.java:closeImpl(172)) - 6b17b0ba-7b75-4086-b37c-f0e278e892a5: shutdown server with port 36346 successfully
2019-10-12 06:09:23,303 [refreshUsed-/workdir/hadoop-ozone/integration-test/target/test-dir/MiniOzoneClusterImpl-061316ad-a4b7-44e7-91bd-8dc93601c629/datanode-5/data/containers] WARN  fs.CachingGetSpaceUsed (CachingGetSpaceUsed.java:run(183)) - Thread Interrupted waiting to refresh disk information: sleep interrupted
2019-10-12 06:09:23,327 [ForkJoinPool.commonPool-worker-0] INFO  utils.BackgroundService (BackgroundService.java:shutdown(151)) - Shutting down service BlockDeletingService
2019-10-12 06:09:23,332 [ForkJoinPool.commonPool-worker-0] INFO  statemachine.DatanodeStateMachine (DatanodeStateMachine.java:stopDaemon(395)) - Ozone container server stopped.
2019-10-12 06:09:23,338 [ForkJoinPool.commonPool-worker-0] INFO  handler.ContextHandler (ContextHandler.java:doStop(910)) - Stopped o.e.j.w.WebAppContext@50cbcca7{/,null,UNAVAILABLE}{/hddsDatanode}
2019-10-12 06:09:23,339 [ForkJoinPool.commonPool-worker-0] INFO  server.AbstractConnector (AbstractConnector.java:doStop(318)) - Stopped ServerConnector@49491770{HTTP/1.1,[http/1.1]}{0.0.0.0:0}
2019-10-12 06:09:23,339 [ForkJoinPool.commonPool-worker-0] INFO  handler.ContextHandler (ContextHandler.java:doStop(910)) - Stopped o.e.j.s.ServletContextHandler@6a8a551e{/static,jar:file:/home/user/.m2/repository/org/apache/hadoop/hadoop-hdds-container-service/0.5.0-SNAPSHOT/hadoop-hdds-container-service-0.5.0-SNAPSHOT.jar!/webapps/static,UNAVAILABLE}
2019-10-12 06:09:23,340 [ForkJoinPool.commonPool-worker-0] INFO  handler.ContextHandler (ContextHandler.java:doStop(910)) - Stopped o.e.j.s.ServletContextHandler@4245bf68{/logs,file:///workdir/hadoop-ozone/integration-test/target/log,UNAVAILABLE}
2019-10-12 06:09:23,341 [main] INFO  ozone.MiniOzoneClusterImpl (MiniOzoneClusterImpl.java:stopSCM(392)) - Stopping the StorageContainerManager
2019-10-12 06:09:23,341 [main] INFO  server.StorageContainerManager (StorageContainerManager.java:stop(810)) - Stopping Replication Manager Service.
2019-10-12 06:09:23,341 [main] INFO  container.ReplicationManager (ReplicationManager.java:stop(203)) - Stopping Replication Monitor Thread.
2019-10-12 06:09:23,341 [main] INFO  server.StorageContainerManager (StorageContainerManager.java:stop(817)) - Stopping Lease Manager of the command watchers
2019-10-12 06:09:23,342 [main] INFO  server.StorageContainerManager (StorageContainerManager.java:stop(824)) - Stopping datanode service RPC server
2019-10-12 06:09:23,342 [main] INFO  server.SCMDatanodeProtocolServer (SCMDatanodeProtocolServer.java:stop(346)) - Stopping the RPC server for DataNodes
2019-10-12 06:09:23,342 [main] INFO  ipc.Server (Server.java:stop(3082)) - Stopping server on 36149
2019-10-12 06:09:23,346 [IPC Server Responder] INFO  ipc.Server (Server.java:run(1319)) - Stopping IPC Server Responder
2019-10-12 06:09:23,346 [IPC Server listener on 36149] INFO  ipc.Server (Server.java:run(1185)) - Stopping IPC Server listener on 36149
2019-10-12 06:09:23,349 [SCM Heartbeat Processing Thread - 0] WARN  node.NodeStateManager (NodeStateManager.java:scheduleNextHealthCheck(646)) - Current Thread is interrupted, shutting down HB processing thread for Node Manager.
2019-10-12 06:09:23,350 [main] INFO  server.StorageContainerManager (StorageContainerManager.java:stop(832)) - Stopping block service RPC server
2019-10-12 06:09:23,350 [main] INFO  server.SCMBlockProtocolServer (SCMBlockProtocolServer.java:stop(155)) - Stopping the RPC server for Block Protocol
2019-10-12 06:09:23,350 [main] INFO  ipc.Server (Server.java:stop(3082)) - Stopping server on 34146
2019-10-12 06:09:23,353 [IPC Server listener on 34146] INFO  ipc.Server (Server.java:run(1185)) - Stopping IPC Server listener on 34146
2019-10-12 06:09:23,353 [main] INFO  server.StorageContainerManager (StorageContainerManager.java:stop(839)) - Stopping the StorageContainerLocationProtocol RPC server
2019-10-12 06:09:23,353 [IPC Server Responder] INFO  ipc.Server (Server.java:run(1319)) - Stopping IPC Server Responder
2019-10-12 06:09:23,355 [main] INFO  server.SCMClientProtocolServer (SCMClientProtocolServer.java:stop(168)) - Stopping the RPC server for Client Protocol
2019-10-12 06:09:23,355 [main] INFO  ipc.Server (Server.java:stop(3082)) - Stopping server on 37130
2019-10-12 06:09:23,358 [main] INFO  server.StorageContainerManager (StorageContainerManager.java:stop(846)) - Stopping Storage Container Manager HTTP server.
2019-10-12 06:09:23,358 [IPC Server Responder] INFO  ipc.Server (Server.java:run(1319)) - Stopping IPC Server Responder
2019-10-12 06:09:23,358 [IPC Server listener on 37130] INFO  ipc.Server (Server.java:run(1185)) - Stopping IPC Server listener on 37130
2019-10-12 06:09:23,361 [main] INFO  handler.ContextHandler (ContextHandler.java:doStop(910)) - Stopped o.e.j.w.WebAppContext@28b8f98a{/,null,UNAVAILABLE}{/scm}
2019-10-12 06:09:23,362 [main] INFO  server.AbstractConnector (AbstractConnector.java:doStop(318)) - Stopped ServerConnector@3b4ef59f{HTTP/1.1,[http/1.1]}{0.0.0.0:0}
2019-10-12 06:09:23,362 [main] INFO  handler.ContextHandler (ContextHandler.java:doStop(910)) - Stopped o.e.j.s.ServletContextHandler@723e3c17{/static,file:///workdir/hadoop-ozone/integration-test/target/test-classes/webapps/static,UNAVAILABLE}
2019-10-12 06:09:23,363 [main] INFO  handler.ContextHandler (ContextHandler.java:doStop(910)) - Stopped o.e.j.s.ServletContextHandler@636985df{/logs,file:///workdir/hadoop-ozone/integration-test/target/log,UNAVAILABLE}
2019-10-12 06:09:23,364 [main] INFO  server.StorageContainerManager (StorageContainerManager.java:stop(857)) - Stopping Block Manager Service.
2019-10-12 06:09:23,364 [main] INFO  utils.BackgroundService (BackgroundService.java:shutdown(151)) - Shutting down service SCMBlockDeletingService
2019-10-12 06:09:23,364 [main] INFO  utils.BackgroundService (BackgroundService.java:shutdown(151)) - Shutting down service SCMBlockDeletingService
2019-10-12 06:09:23,365 [main] INFO  server.StorageContainerManager (StorageContainerManager.java:stop(879)) - Stopping SCM Event Queue.
2019-10-12 06:09:23,371 [main] INFO  impl.MetricsSystemImpl (MetricsSystemImpl.java:stop(210)) - Stopping HddsDatanode metrics system...
2019-10-12 06:09:23,406 [main] INFO  impl.MetricsSystemImpl (MetricsSystemImpl.java:stop(216)) - HddsDatanode metrics system stopped.
]]></system-out>
    <system-err><![CDATA[Oct 12, 2019 6:09:13 AM org.apache.ratis.thirdparty.io.grpc.internal.SerializingExecutor run
SEVERE: Exception while executing runnable org.apache.ratis.thirdparty.io.grpc.internal.ServerImpl$JumpToApplicationThreadServerStreamListener$1Closed@56db9990
org.apache.ratis.thirdparty.io.grpc.StatusRuntimeException: CANCELLED: call already cancelled
	at org.apache.ratis.thirdparty.io.grpc.Status.asRuntimeException(Status.java:517)
	at org.apache.ratis.thirdparty.io.grpc.stub.ServerCalls$ServerCallStreamObserverImpl.onCompleted(ServerCalls.java:356)
	at org.apache.ratis.grpc.server.GrpcServerProtocolService$ServerRequestStreamObserver.onError(GrpcServerProtocolService.java:121)
	at org.apache.ratis.thirdparty.io.grpc.stub.ServerCalls$StreamingServerCallHandler$StreamingServerCallListener.onCancel(ServerCalls.java:269)
	at org.apache.ratis.thirdparty.io.grpc.internal.ServerCallImpl$ServerStreamListenerImpl.closed(ServerCallImpl.java:293)
	at org.apache.ratis.thirdparty.io.grpc.internal.ServerImpl$JumpToApplicationThreadServerStreamListener$1Closed.runInContext(ServerImpl.java:741)
	at org.apache.ratis.thirdparty.io.grpc.internal.ContextRunnable.run(ContextRunnable.java:37)
	at org.apache.ratis.thirdparty.io.grpc.internal.SerializingExecutor.run(SerializingExecutor.java:123)
	at java.util.concurrent.ThreadPoolExecutor.runWorker(ThreadPoolExecutor.java:1149)
	at java.util.concurrent.ThreadPoolExecutor$Worker.run(ThreadPoolExecutor.java:624)
	at java.lang.Thread.run(Thread.java:748)

]]></system-err>
  </testcase>
  <testcase name="testFailureWithPrimeSizedData" classname="org.apache.hadoop.ozone.client.rpc.TestBlockOutputStreamWithFailures" time="36.263"/>
  <testcase name="testWatchForCommitWithCloseContainerException" classname="org.apache.hadoop.ozone.client.rpc.TestBlockOutputStreamWithFailures" time="34.183"/>
  <testcase name="testExceptionDuringClose" classname="org.apache.hadoop.ozone.client.rpc.TestBlockOutputStreamWithFailures" time="44.941"/>
</testsuite>