<?xml version="1.0" encoding="UTF-8"?>
<testsuite xmlns:xsi="http://www.w3.org/2001/XMLSchema-instance" xsi:noNamespaceSchemaLocation="https://maven.apache.org/surefire/maven-surefire-plugin/xsd/surefire-test-report.xsd" name="org.apache.hadoop.ozone.client.rpc.TestFailureHandlingByClient" time="269.799" tests="5" errors="1" skipped="0" failures="0">
  <properties>
    <property name="awt.toolkit" value="sun.awt.X11.XToolkit"/>
    <property name="file.encoding.pkg" value="sun.io"/>
    <property name="java.specification.version" value="1.8"/>
    <property name="sun.cpu.isalist" value=""/>
    <property name="sun.jnu.encoding" value="UTF-8"/>
    <property name="java.class.path" value="/workdir/hadoop-ozone/integration-test/target/test-classes:/workdir/hadoop-ozone/integration-test/target/classes:/home/user/.m2/repository/org/apache/hadoop/hadoop-ozone-common/0.5.0-SNAPSHOT/hadoop-ozone-common-0.5.0-SNAPSHOT.jar:/home/user/.m2/repository/org/apache/commons/commons-compress/1.4.1/commons-compress-1.4.1.jar:/home/user/.m2/repository/org/tukaani/xz/1.0/xz-1.0.jar:/home/user/.m2/repository/org/apache/hadoop/hadoop-common/3.2.0/hadoop-common-3.2.0.jar:/home/user/.m2/repository/org/apache/hadoop/hadoop-hdfs/3.2.0/hadoop-hdfs-3.2.0.jar:/home/user/.m2/repository/org/apache/hadoop/hadoop-hdfs-client/3.2.0/hadoop-hdfs-client-3.2.0.jar:/home/user/.m2/repository/com/fasterxml/jackson/core/jackson-annotations/2.9.9/jackson-annotations-2.9.9.jar:/home/user/.m2/repository/org/apache/hadoop/hadoop-hdds-common/0.5.0-SNAPSHOT/hadoop-hdds-common-0.5.0-SNAPSHOT.jar:/home/user/.m2/repository/javax/annotation/javax.annotation-api/1.2/javax.annotation-api-1.2.jar:/home/user/.m2/repository/org/apache/ratis/ratis-server/0.5.0-201fc85-SNAPSHOT/ratis-server-0.5.0-201fc85-SNAPSHOT.jar:/home/user/.m2/repository/org/apache/ratis/ratis-thirdparty-misc/0.2.0/ratis-thirdparty-misc-0.2.0.jar:/home/user/.m2/repository/org/apache/ratis/ratis-proto/0.5.0-201fc85-SNAPSHOT/ratis-proto-0.5.0-201fc85-SNAPSHOT.jar:/home/user/.m2/repository/org/apache/ratis/ratis-common/0.5.0-201fc85-SNAPSHOT/ratis-common-0.5.0-201fc85-SNAPSHOT.jar:/home/user/.m2/repository/org/apache/ratis/ratis-client/0.5.0-201fc85-SNAPSHOT/ratis-client-0.5.0-201fc85-SNAPSHOT.jar:/home/user/.m2/repository/org/apache/ratis/ratis-metrics/0.5.0-201fc85-SNAPSHOT/ratis-metrics-0.5.0-201fc85-SNAPSHOT.jar:/home/user/.m2/repository/com/github/joshelser/dropwizard-metrics-hadoop-metrics2-reporter/0.1.2/dropwizard-metrics-hadoop-metrics2-reporter-0.1.2.jar:/home/user/.m2/repository/io/dropwizard/metrics/metrics-jvm/3.2.5/metrics-jvm-3.2.5.jar:/home/user/.m2/repository/io/dropwizard/metrics/metrics-ganglia/3.2.5/metrics-ganglia-3.2.5.jar:/home/user/.m2/repository/info/ganglia/gmetric4j/gmetric4j/1.0.7/gmetric4j-1.0.7.jar:/home/user/.m2/repository/org/apache/ratis/ratis-netty/0.5.0-201fc85-SNAPSHOT/ratis-netty-0.5.0-201fc85-SNAPSHOT.jar:/home/user/.m2/repository/org/apache/ratis/ratis-grpc/0.5.0-201fc85-SNAPSHOT/ratis-grpc-0.5.0-201fc85-SNAPSHOT.jar:/home/user/.m2/repository/org/rocksdb/rocksdbjni/6.0.1/rocksdbjni-6.0.1.jar:/home/user/.m2/repository/org/apache/logging/log4j/log4j-api/2.11.0/log4j-api-2.11.0.jar:/home/user/.m2/repository/org/apache/logging/log4j/log4j-core/2.11.0/log4j-core-2.11.0.jar:/home/user/.m2/repository/com/lmax/disruptor/3.4.2/disruptor-3.4.2.jar:/home/user/.m2/repository/org/apache/commons/commons-pool2/2.6.0/commons-pool2-2.6.0.jar:/home/user/.m2/repository/org/bouncycastle/bcpkix-jdk15on/1.60/bcpkix-jdk15on-1.60.jar:/home/user/.m2/repository/commons-validator/commons-validator/1.6/commons-validator-1.6.jar:/home/user/.m2/repository/commons-digester/commons-digester/1.8.1/commons-digester-1.8.1.jar:/home/user/.m2/repository/io/jaegertracing/jaeger-client/0.34.0/jaeger-client-0.34.0.jar:/home/user/.m2/repository/io/jaegertracing/jaeger-thrift/0.34.0/jaeger-thrift-0.34.0.jar:/home/user/.m2/repository/org/apache/thrift/libthrift/0.12.0/libthrift-0.12.0.jar:/home/user/.m2/repository/com/squareup/okhttp3/okhttp/3.9.0/okhttp-3.9.0.jar:/home/user/.m2/repository/com/squareup/okio/okio/1.13.0/okio-1.13.0.jar:/home/user/.m2/repository/io/jaegertracing/jaeger-core/0.34.0/jaeger-core-0.34.0.jar:/home/user/.m2/repository/io/jaegertracing/jaeger-tracerresolver/0.34.0/jaeger-tracerresolver-0.34.0.jar:/home/user/.m2/repository/io/opentracing/contrib/opentracing-tracerresolver/0.1.5/opentracing-tracerresolver-0.1.5.jar:/home/user/.m2/repository/io/opentracing/opentracing-util/0.31.0/opentracing-util-0.31.0.jar:/home/user/.m2/repository/io/opentracing/opentracing-api/0.31.0/opentracing-api-0.31.0.jar:/home/user/.m2/repository/io/opentracing/opentracing-noop/0.31.0/opentracing-noop-0.31.0.jar:/home/user/.m2/repository/org/apache/hadoop/hadoop-hdds-server-framework/0.5.0-SNAPSHOT/hadoop-hdds-server-framework-0.5.0-SNAPSHOT.jar:/home/user/.m2/repository/org/apache/hadoop/hadoop-hdds-container-service/0.5.0-SNAPSHOT/hadoop-hdds-container-service-0.5.0-SNAPSHOT.jar:/home/user/.m2/repository/org/apache/hadoop/hadoop-hdds-client/0.5.0-SNAPSHOT/hadoop-hdds-client-0.5.0-SNAPSHOT.jar:/home/user/.m2/repository/org/apache/hadoop/hadoop-hdds-tools/0.5.0-SNAPSHOT/hadoop-hdds-tools-0.5.0-SNAPSHOT.jar:/home/user/.m2/repository/org/apache/hadoop/hadoop-hdds-server-scm/0.5.0-SNAPSHOT/hadoop-hdds-server-scm-0.5.0-SNAPSHOT.jar:/home/user/.m2/repository/org/apache/hadoop/hadoop-hdds-docs/0.5.0-SNAPSHOT/hadoop-hdds-docs-0.5.0-SNAPSHOT.jar:/home/user/.m2/repository/io/dropwizard/metrics/metrics-core/3.2.4/metrics-core-3.2.4.jar:/home/user/.m2/repository/org/hamcrest/hamcrest-all/1.3/hamcrest-all-1.3.jar:/home/user/.m2/repository/org/bouncycastle/bcprov-jdk15on/1.60/bcprov-jdk15on-1.60.jar:/home/user/.m2/repository/info/picocli/picocli/3.9.6/picocli-3.9.6.jar:/home/user/.m2/repository/com/google/protobuf/protobuf-java/2.5.0/protobuf-java-2.5.0.jar:/home/user/.m2/repository/com/google/guava/guava/11.0.2/guava-11.0.2.jar:/home/user/.m2/repository/org/apache/hadoop/hadoop-ozone-ozone-manager/0.5.0-SNAPSHOT/hadoop-ozone-ozone-manager-0.5.0-SNAPSHOT.jar:/home/user/.m2/repository/org/apache/hadoop/hadoop-minikdc/3.2.0/hadoop-minikdc-3.2.0.jar:/home/user/.m2/repository/commons-io/commons-io/2.5/commons-io-2.5.jar:/home/user/.m2/repository/org/apache/kerby/kerb-simplekdc/1.0.1/kerb-simplekdc-1.0.1.jar:/home/user/.m2/repository/org/apache/kerby/kerb-client/1.0.1/kerb-client-1.0.1.jar:/home/user/.m2/repository/org/apache/kerby/kerby-config/1.0.1/kerby-config-1.0.1.jar:/home/user/.m2/repository/org/apache/kerby/kerb-core/1.0.1/kerb-core-1.0.1.jar:/home/user/.m2/repository/org/apache/kerby/kerby-pkix/1.0.1/kerby-pkix-1.0.1.jar:/home/user/.m2/repository/org/apache/kerby/kerby-asn1/1.0.1/kerby-asn1-1.0.1.jar:/home/user/.m2/repository/org/apache/kerby/kerby-util/1.0.1/kerby-util-1.0.1.jar:/home/user/.m2/repository/org/apache/kerby/kerb-common/1.0.1/kerb-common-1.0.1.jar:/home/user/.m2/repository/org/apache/kerby/kerb-crypto/1.0.1/kerb-crypto-1.0.1.jar:/home/user/.m2/repository/org/apache/kerby/kerb-util/1.0.1/kerb-util-1.0.1.jar:/home/user/.m2/repository/org/apache/kerby/token-provider/1.0.1/token-provider-1.0.1.jar:/home/user/.m2/repository/org/apache/kerby/kerb-admin/1.0.1/kerb-admin-1.0.1.jar:/home/user/.m2/repository/org/apache/kerby/kerb-server/1.0.1/kerb-server-1.0.1.jar:/home/user/.m2/repository/org/apache/kerby/kerb-identity/1.0.1/kerb-identity-1.0.1.jar:/home/user/.m2/repository/org/apache/kerby/kerby-xdr/1.0.1/kerby-xdr-1.0.1.jar:/home/user/.m2/repository/org/slf4j/slf4j-log4j12/1.7.25/slf4j-log4j12-1.7.25.jar:/home/user/.m2/repository/org/apache/hadoop/hadoop-ozone-s3gateway/0.5.0-SNAPSHOT/hadoop-ozone-s3gateway-0.5.0-SNAPSHOT.jar:/home/user/.m2/repository/org/jboss/weld/servlet/weld-servlet/2.4.7.Final/weld-servlet-2.4.7.Final.jar:/home/user/.m2/repository/org/glassfish/jersey/containers/jersey-container-servlet-core/2.27/jersey-container-servlet-core-2.27.jar:/home/user/.m2/repository/org/glassfish/hk2/external/javax.inject/2.5.0-b42/javax.inject-2.5.0-b42.jar:/home/user/.m2/repository/org/glassfish/jersey/core/jersey-common/2.27/jersey-common-2.27.jar:/home/user/.m2/repository/org/glassfish/hk2/osgi-resource-locator/1.0.1/osgi-resource-locator-1.0.1.jar:/home/user/.m2/repository/javax/ws/rs/javax.ws.rs-api/2.1/javax.ws.rs-api-2.1.jar:/home/user/.m2/repository/org/glassfish/jersey/ext/cdi/jersey-cdi1x/2.27/jersey-cdi1x-2.27.jar:/home/user/.m2/repository/org/glassfish/jersey/inject/jersey-hk2/2.27/jersey-hk2-2.27.jar:/home/user/.m2/repository/org/glassfish/hk2/hk2-locator/2.5.0-b42/hk2-locator-2.5.0-b42.jar:/home/user/.m2/repository/org/javassist/javassist/3.22.0-CR2/javassist-3.22.0-CR2.jar:/home/user/.m2/repository/org/glassfish/hk2/hk2-api/2.5.0/hk2-api-2.5.0.jar:/home/user/.m2/repository/org/glassfish/hk2/external/jakarta.inject/2.5.0/jakarta.inject-2.5.0.jar:/home/user/.m2/repository/org/glassfish/hk2/hk2-utils/2.5.0/hk2-utils-2.5.0.jar:/home/user/.m2/repository/jakarta/annotation/jakarta.annotation-api/1.3.4/jakarta.annotation-api-1.3.4.jar:/home/user/.m2/repository/org/glassfish/hk2/external/aopalliance-repackaged/2.5.0/aopalliance-repackaged-2.5.0.jar:/home/user/.m2/repository/com/fasterxml/jackson/dataformat/jackson-dataformat-xml/2.9.0/jackson-dataformat-xml-2.9.0.jar:/home/user/.m2/repository/com/fasterxml/jackson/core/jackson-core/2.9.9/jackson-core-2.9.9.jar:/home/user/.m2/repository/com/fasterxml/jackson/module/jackson-module-jaxb-annotations/2.9.9/jackson-module-jaxb-annotations-2.9.9.jar:/home/user/.m2/repository/javax/enterprise/cdi-api/1.2/cdi-api-1.2.jar:/home/user/.m2/repository/javax/el/javax.el-api/3.0.0/javax.el-api-3.0.0.jar:/home/user/.m2/repository/javax/interceptor/javax.interceptor-api/1.2/javax.interceptor-api-1.2.jar:/home/user/.m2/repository/javax/inject/javax.inject/1/javax.inject-1.jar:/home/user/.m2/repository/com/sun/xml/bind/jaxb-impl/2.3.0.1/jaxb-impl-2.3.0.1.jar:/home/user/.m2/repository/com/sun/xml/bind/jaxb-core/2.3.0.1/jaxb-core-2.3.0.1.jar:/home/user/.m2/repository/javax/xml/bind/jaxb-api/2.3.0/jaxb-api-2.3.0.jar:/home/user/.m2/repository/javax/activation/activation/1.1.1/activation-1.1.1.jar:/home/user/.m2/repository/org/apache/hadoop/hadoop-ozone-csi/0.5.0-SNAPSHOT/hadoop-ozone-csi-0.5.0-SNAPSHOT.jar:/home/user/.m2/repository/com/google/protobuf/protobuf-java-util/3.5.1/protobuf-java-util-3.5.1.jar:/home/user/.m2/repository/org/apache/hadoop/hadoop-hdds-config/0.5.0-SNAPSHOT/hadoop-hdds-config-0.5.0-SNAPSHOT.jar:/home/user/.m2/repository/io/grpc/grpc-netty/1.17.1/grpc-netty-1.17.1.jar:/home/user/.m2/repository/io/grpc/grpc-core/1.17.1/grpc-core-1.17.1.jar:/home/user/.m2/repository/io/grpc/grpc-context/1.17.1/grpc-context-1.17.1.jar:/home/user/.m2/repository/com/google/errorprone/error_prone_annotations/2.2.0/error_prone_annotations-2.2.0.jar:/home/user/.m2/repository/org/codehaus/mojo/animal-sniffer-annotations/1.17/animal-sniffer-annotations-1.17.jar:/home/user/.m2/repository/io/opencensus/opencensus-api/0.17.0/opencensus-api-0.17.0.jar:/home/user/.m2/repository/io/opencensus/opencensus-contrib-grpc-metrics/0.17.0/opencensus-contrib-grpc-metrics-0.17.0.jar:/home/user/.m2/repository/io/netty/netty-codec-http2/4.1.30.Final/netty-codec-http2-4.1.30.Final.jar:/home/user/.m2/repository/io/netty/netty-codec-http/4.1.30.Final/netty-codec-http-4.1.30.Final.jar:/home/user/.m2/repository/io/netty/netty-codec/4.1.30.Final/netty-codec-4.1.30.Final.jar:/home/user/.m2/repository/io/netty/netty-handler/4.1.30.Final/netty-handler-4.1.30.Final.jar:/home/user/.m2/repository/io/netty/netty-handler-proxy/4.1.30.Final/netty-handler-proxy-4.1.30.Final.jar:/home/user/.m2/repository/io/netty/netty-codec-socks/4.1.30.Final/netty-codec-socks-4.1.30.Final.jar:/home/user/.m2/repository/io/netty/netty-transport-native-epoll/4.1.30.Final/netty-transport-native-epoll-4.1.30.Final.jar:/home/user/.m2/repository/io/netty/netty-common/4.1.30.Final/netty-common-4.1.30.Final.jar:/home/user/.m2/repository/io/netty/netty-buffer/4.1.30.Final/netty-buffer-4.1.30.Final.jar:/home/user/.m2/repository/io/netty/netty-transport/4.1.30.Final/netty-transport-4.1.30.Final.jar:/home/user/.m2/repository/io/netty/netty-resolver/4.1.30.Final/netty-resolver-4.1.30.Final.jar:/home/user/.m2/repository/io/netty/netty-transport-native-unix-common/4.1.30.Final/netty-transport-native-unix-common-4.1.30.Final.jar:/home/user/.m2/repository/io/grpc/grpc-protobuf/1.17.1/grpc-protobuf-1.17.1.jar:/home/user/.m2/repository/com/google/api/grpc/proto-google-common-protos/1.0.0/proto-google-common-protos-1.0.0.jar:/home/user/.m2/repository/io/grpc/grpc-protobuf-lite/1.17.1/grpc-protobuf-lite-1.17.1.jar:/home/user/.m2/repository/io/grpc/grpc-stub/1.17.1/grpc-stub-1.17.1.jar:/home/user/.m2/repository/org/apache/hadoop/hadoop-ozone-recon/0.5.0-SNAPSHOT/hadoop-ozone-recon-0.5.0-SNAPSHOT.jar:/home/user/.m2/repository/org/apache/hadoop/hadoop-ozone-reconcodegen/0.5.0-SNAPSHOT/hadoop-ozone-reconcodegen-0.5.0-SNAPSHOT.jar:/home/user/.m2/repository/com/google/inject/extensions/guice-multibindings/4.0/guice-multibindings-4.0.jar:/home/user/.m2/repository/com/google/inject/guice/4.0/guice-4.0.jar:/home/user/.m2/repository/aopalliance/aopalliance/1.0/aopalliance-1.0.jar:/home/user/.m2/repository/com/google/inject/extensions/guice-servlet/4.0/guice-servlet-4.0.jar:/home/user/.m2/repository/org/glassfish/jersey/containers/jersey-container-servlet/2.27/jersey-container-servlet-2.27.jar:/home/user/.m2/repository/org/glassfish/hk2/guice-bridge/2.5.0/guice-bridge-2.5.0.jar:/home/user/.m2/repository/org/glassfish/jersey/core/jersey-server/2.27/jersey-server-2.27.jar:/home/user/.m2/repository/org/glassfish/jersey/core/jersey-client/2.27/jersey-client-2.27.jar:/home/user/.m2/repository/org/glassfish/jersey/media/jersey-media-jaxb/2.27/jersey-media-jaxb-2.27.jar:/home/user/.m2/repository/javax/validation/validation-api/1.1.0.Final/validation-api-1.1.0.Final.jar:/home/user/.m2/repository/org/glassfish/jersey/media/jersey-media-json-jackson/2.27/jersey-media-json-jackson-2.27.jar:/home/user/.m2/repository/org/glassfish/jersey/ext/jersey-entity-filtering/2.27/jersey-entity-filtering-2.27.jar:/home/user/.m2/repository/com/google/inject/extensions/guice-assistedinject/4.0/guice-assistedinject-4.0.jar:/home/user/.m2/repository/org/jooq/jooq/3.11.10/jooq-3.11.10.jar:/home/user/.m2/repository/org/jooq/jooq-meta/3.11.10/jooq-meta-3.11.10.jar:/home/user/.m2/repository/org/jooq/jooq-codegen/3.11.10/jooq-codegen-3.11.10.jar:/home/user/.m2/repository/com/jolbox/bonecp/0.8.0.RELEASE/bonecp-0.8.0.RELEASE.jar:/home/user/.m2/repository/org/xerial/sqlite-jdbc/3.25.2/sqlite-jdbc-3.25.2.jar:/home/user/.m2/repository/org/springframework/spring-jdbc/5.1.3.RELEASE/spring-jdbc-5.1.3.RELEASE.jar:/home/user/.m2/repository/org/springframework/spring-beans/5.1.3.RELEASE/spring-beans-5.1.3.RELEASE.jar:/home/user/.m2/repository/org/springframework/spring-core/5.1.3.RELEASE/spring-core-5.1.3.RELEASE.jar:/home/user/.m2/repository/org/springframework/spring-jcl/5.1.3.RELEASE/spring-jcl-5.1.3.RELEASE.jar:/home/user/.m2/repository/org/springframework/spring-tx/5.1.3.RELEASE/spring-tx-5.1.3.RELEASE.jar:/home/user/.m2/repository/org/apache/hadoop/hadoop-ozone-client/0.5.0-SNAPSHOT/hadoop-ozone-client-0.5.0-SNAPSHOT.jar:/home/user/.m2/repository/commons-lang/commons-lang/2.6/commons-lang-2.6.jar:/home/user/.m2/repository/org/apache/hadoop/hadoop-ozone-ozone-manager/0.5.0-SNAPSHOT/hadoop-ozone-ozone-manager-0.5.0-SNAPSHOT-tests.jar:/home/user/.m2/repository/junit/junit/4.11/junit-4.11.jar:/home/user/.m2/repository/org/hamcrest/hamcrest-core/1.3/hamcrest-core-1.3.jar:/home/user/.m2/repository/org/openjdk/jmh/jmh-core/1.19/jmh-core-1.19.jar:/home/user/.m2/repository/net/sf/jopt-simple/jopt-simple/4.6/jopt-simple-4.6.jar:/home/user/.m2/repository/org/apache/commons/commons-math3/3.1.1/commons-math3-3.1.1.jar:/home/user/.m2/repository/org/openjdk/jmh/jmh-generator-annprocess/1.19/jmh-generator-annprocess-1.19.jar:/home/user/.m2/repository/org/mockito/mockito-all/1.8.5/mockito-all-1.8.5.jar:/home/user/.m2/repository/org/apache/hadoop/hadoop-kms/3.2.0/hadoop-kms-3.2.0.jar:/home/user/.m2/repository/org/apache/hadoop/hadoop-auth/3.2.0/hadoop-auth-3.2.0.jar:/home/user/.m2/repository/com/nimbusds/nimbus-jose-jwt/4.41.1/nimbus-jose-jwt-4.41.1.jar:/home/user/.m2/repository/com/github/stephenc/jcip/jcip-annotations/1.0-1/jcip-annotations-1.0-1.jar:/home/user/.m2/repository/net/minidev/json-smart/2.3/json-smart-2.3.jar:/home/user/.m2/repository/net/minidev/accessors-smart/1.2/accessors-smart-1.2.jar:/home/user/.m2/repository/org/ow2/asm/asm/5.0.4/asm-5.0.4.jar:/home/user/.m2/repository/org/apache/curator/curator-framework/2.12.0/curator-framework-2.12.0.jar:/home/user/.m2/repository/com/sun/jersey/jersey-core/1.19/jersey-core-1.19.jar:/home/user/.m2/repository/javax/ws/rs/jsr311-api/1.1.1/jsr311-api-1.1.1.jar:/home/user/.m2/repository/com/sun/jersey/jersey-server/1.19/jersey-server-1.19.jar:/home/user/.m2/repository/javax/servlet/javax.servlet-api/3.1.0/javax.servlet-api-3.1.0.jar:/home/user/.m2/repository/org/eclipse/jetty/jetty-server/9.3.25.v20180904/jetty-server-9.3.25.v20180904.jar:/home/user/.m2/repository/org/eclipse/jetty/jetty-http/9.3.25.v20180904/jetty-http-9.3.25.v20180904.jar:/home/user/.m2/repository/org/eclipse/jetty/jetty-io/9.3.25.v20180904/jetty-io-9.3.25.v20180904.jar:/home/user/.m2/repository/org/eclipse/jetty/jetty-webapp/9.3.25.v20180904/jetty-webapp-9.3.25.v20180904.jar:/home/user/.m2/repository/org/eclipse/jetty/jetty-xml/9.3.25.v20180904/jetty-xml-9.3.25.v20180904.jar:/home/user/.m2/repository/log4j/log4j/1.2.17/log4j-1.2.17.jar:/home/user/.m2/repository/org/slf4j/slf4j-api/1.7.25/slf4j-api-1.7.25.jar:/home/user/.m2/repository/org/slf4j/jul-to-slf4j/1.7.25/jul-to-slf4j-1.7.25.jar:/home/user/.m2/repository/org/eclipse/jetty/jetty-util/9.3.25.v20180904/jetty-util-9.3.25.v20180904.jar:/home/user/.m2/repository/com/fasterxml/jackson/core/jackson-databind/2.9.9/jackson-databind-2.9.9.jar:/home/user/.m2/repository/org/apache/hadoop/hadoop-kms/3.2.0/hadoop-kms-3.2.0-tests.jar:/home/user/.m2/repository/org/apache/hadoop/hadoop-hdds-server-scm/0.5.0-SNAPSHOT/hadoop-hdds-server-scm-0.5.0-SNAPSHOT-tests.jar:/home/user/.m2/repository/org/apache/hadoop/hadoop-hdds-container-service/0.5.0-SNAPSHOT/hadoop-hdds-container-service-0.5.0-SNAPSHOT-tests.jar:/home/user/.m2/repository/org/yaml/snakeyaml/1.16/snakeyaml-1.16.jar:/home/user/.m2/repository/org/apache/hadoop/hadoop-common/3.2.0/hadoop-common-3.2.0-tests.jar:/home/user/.m2/repository/org/apache/hadoop/hadoop-annotations/3.2.0/hadoop-annotations-3.2.0.jar:/usr/lib/jvm/java-1.8-openjdk/jre/../lib/tools.jar:/home/user/.m2/repository/commons-cli/commons-cli/1.2/commons-cli-1.2.jar:/home/user/.m2/repository/org/apache/httpcomponents/httpclient/4.5.2/httpclient-4.5.2.jar:/home/user/.m2/repository/org/apache/httpcomponents/httpcore/4.4.4/httpcore-4.4.4.jar:/home/user/.m2/repository/commons-codec/commons-codec/1.11/commons-codec-1.11.jar:/home/user/.m2/repository/commons-net/commons-net/3.6/commons-net-3.6.jar:/home/user/.m2/repository/commons-collections/commons-collections/3.2.2/commons-collections-3.2.2.jar:/home/user/.m2/repository/org/eclipse/jetty/jetty-servlet/9.3.25.v20180904/jetty-servlet-9.3.25.v20180904.jar:/home/user/.m2/repository/org/eclipse/jetty/jetty-security/9.3.25.v20180904/jetty-security-9.3.25.v20180904.jar:/home/user/.m2/repository/javax/servlet/jsp/jsp-api/2.1/jsp-api-2.1.jar:/home/user/.m2/repository/com/sun/jersey/jersey-servlet/1.19/jersey-servlet-1.19.jar:/home/user/.m2/repository/com/sun/jersey/jersey-json/1.19/jersey-json-1.19.jar:/home/user/.m2/repository/org/codehaus/jettison/jettison/1.1/jettison-1.1.jar:/home/user/.m2/repository/org/codehaus/jackson/jackson-core-asl/1.9.13/jackson-core-asl-1.9.13.jar:/home/user/.m2/repository/org/codehaus/jackson/jackson-mapper-asl/1.9.13/jackson-mapper-asl-1.9.13.jar:/home/user/.m2/repository/org/codehaus/jackson/jackson-jaxrs/1.9.13/jackson-jaxrs-1.9.13.jar:/home/user/.m2/repository/org/codehaus/jackson/jackson-xc/1.9.13/jackson-xc-1.9.13.jar:/home/user/.m2/repository/commons-logging/commons-logging/1.1.3/commons-logging-1.1.3.jar:/home/user/.m2/repository/commons-beanutils/commons-beanutils/1.9.4/commons-beanutils-1.9.4.jar:/home/user/.m2/repository/org/apache/commons/commons-configuration2/2.1.1/commons-configuration2-2.1.1.jar:/home/user/.m2/repository/org/apache/commons/commons-lang3/3.7/commons-lang3-3.7.jar:/home/user/.m2/repository/org/apache/commons/commons-text/1.4/commons-text-1.4.jar:/home/user/.m2/repository/org/apache/avro/avro/1.7.7/avro-1.7.7.jar:/home/user/.m2/repository/com/thoughtworks/paranamer/paranamer/2.3/paranamer-2.3.jar:/home/user/.m2/repository/org/xerial/snappy/snappy-java/1.0.5/snappy-java-1.0.5.jar:/home/user/.m2/repository/com/google/re2j/re2j/1.1/re2j-1.1.jar:/home/user/.m2/repository/com/google/code/gson/gson/2.2.4/gson-2.2.4.jar:/home/user/.m2/repository/com/jcraft/jsch/0.1.54/jsch-0.1.54.jar:/home/user/.m2/repository/org/apache/curator/curator-client/2.12.0/curator-client-2.12.0.jar:/home/user/.m2/repository/org/apache/curator/curator-recipes/2.12.0/curator-recipes-2.12.0.jar:/home/user/.m2/repository/com/google/code/findbugs/jsr305/3.0.0/jsr305-3.0.0.jar:/home/user/.m2/repository/org/apache/htrace/htrace-core4/4.1.0-incubating/htrace-core4-4.1.0-incubating.jar:/home/user/.m2/repository/org/apache/zookeeper/zookeeper/3.4.13/zookeeper-3.4.13.jar:/home/user/.m2/repository/jline/jline/0.9.94/jline-0.9.94.jar:/home/user/.m2/repository/org/apache/yetus/audience-annotations/0.5.0/audience-annotations-0.5.0.jar:/home/user/.m2/repository/org/codehaus/woodstox/stax2-api/3.1.4/stax2-api-3.1.4.jar:/home/user/.m2/repository/com/fasterxml/woodstox/woodstox-core/5.0.3/woodstox-core-5.0.3.jar:/home/user/.m2/repository/dnsjava/dnsjava/2.1.7/dnsjava-2.1.7.jar:/home/user/.m2/repository/org/apache/hadoop/hadoop-hdfs/3.2.0/hadoop-hdfs-3.2.0-tests.jar:/home/user/.m2/repository/org/eclipse/jetty/jetty-util-ajax/9.3.25.v20180904/jetty-util-ajax-9.3.25.v20180904.jar:/home/user/.m2/repository/commons-daemon/commons-daemon/1.0.13/commons-daemon-1.0.13.jar:/home/user/.m2/repository/io/netty/netty/3.10.5.Final/netty-3.10.5.Final.jar:/home/user/.m2/repository/io/netty/netty-all/4.0.52.Final/netty-all-4.0.52.Final.jar:/home/user/.m2/repository/org/fusesource/leveldbjni/leveldbjni-all/1.8/leveldbjni-all-1.8.jar:"/>
    <property name="java.vm.vendor" value="IcedTea"/>
    <property name="sun.arch.data.model" value="64"/>
    <property name="test.build.dir" value="/workdir/hadoop-ozone/integration-test/target/test-dir"/>
    <property name="test.cache.data" value=""/>
    <property name="java.vendor.url" value="https://icedtea.classpath.org"/>
    <property name="user.timezone" value=""/>
    <property name="java.vm.specification.version" value="1.8"/>
    <property name="os.name" value="Linux"/>
    <property name="test.build.data" value="/workdir/hadoop-ozone/integration-test/target/test-dir"/>
    <property name="user.country" value="US"/>
    <property name="sun.java.launcher" value="SUN_STANDARD"/>
    <property name="sun.boot.library.path" value="/usr/lib/jvm/java-1.8-openjdk/jre/lib/amd64"/>
    <property name="sun.java.command" value="/workdir/hadoop-ozone/integration-test/target/surefire/surefirebooter7354186486765957771.jar /workdir/hadoop-ozone/integration-test/target/surefire 2019-10-14T10-46-54_530-jvmRun1 surefire5299909536095925984tmp surefire_591676746624073644182tmp"/>
    <property name="test" value="!TestMiniChaosOzoneCluster"/>
    <property name="surefire.test.class.path" value="/workdir/hadoop-ozone/integration-test/target/test-classes:/workdir/hadoop-ozone/integration-test/target/classes:/home/user/.m2/repository/org/apache/hadoop/hadoop-ozone-common/0.5.0-SNAPSHOT/hadoop-ozone-common-0.5.0-SNAPSHOT.jar:/home/user/.m2/repository/org/apache/commons/commons-compress/1.4.1/commons-compress-1.4.1.jar:/home/user/.m2/repository/org/tukaani/xz/1.0/xz-1.0.jar:/home/user/.m2/repository/org/apache/hadoop/hadoop-common/3.2.0/hadoop-common-3.2.0.jar:/home/user/.m2/repository/org/apache/hadoop/hadoop-hdfs/3.2.0/hadoop-hdfs-3.2.0.jar:/home/user/.m2/repository/org/apache/hadoop/hadoop-hdfs-client/3.2.0/hadoop-hdfs-client-3.2.0.jar:/home/user/.m2/repository/com/fasterxml/jackson/core/jackson-annotations/2.9.9/jackson-annotations-2.9.9.jar:/home/user/.m2/repository/org/apache/hadoop/hadoop-hdds-common/0.5.0-SNAPSHOT/hadoop-hdds-common-0.5.0-SNAPSHOT.jar:/home/user/.m2/repository/javax/annotation/javax.annotation-api/1.2/javax.annotation-api-1.2.jar:/home/user/.m2/repository/org/apache/ratis/ratis-server/0.5.0-201fc85-SNAPSHOT/ratis-server-0.5.0-201fc85-SNAPSHOT.jar:/home/user/.m2/repository/org/apache/ratis/ratis-thirdparty-misc/0.2.0/ratis-thirdparty-misc-0.2.0.jar:/home/user/.m2/repository/org/apache/ratis/ratis-proto/0.5.0-201fc85-SNAPSHOT/ratis-proto-0.5.0-201fc85-SNAPSHOT.jar:/home/user/.m2/repository/org/apache/ratis/ratis-common/0.5.0-201fc85-SNAPSHOT/ratis-common-0.5.0-201fc85-SNAPSHOT.jar:/home/user/.m2/repository/org/apache/ratis/ratis-client/0.5.0-201fc85-SNAPSHOT/ratis-client-0.5.0-201fc85-SNAPSHOT.jar:/home/user/.m2/repository/org/apache/ratis/ratis-metrics/0.5.0-201fc85-SNAPSHOT/ratis-metrics-0.5.0-201fc85-SNAPSHOT.jar:/home/user/.m2/repository/com/github/joshelser/dropwizard-metrics-hadoop-metrics2-reporter/0.1.2/dropwizard-metrics-hadoop-metrics2-reporter-0.1.2.jar:/home/user/.m2/repository/io/dropwizard/metrics/metrics-jvm/3.2.5/metrics-jvm-3.2.5.jar:/home/user/.m2/repository/io/dropwizard/metrics/metrics-ganglia/3.2.5/metrics-ganglia-3.2.5.jar:/home/user/.m2/repository/info/ganglia/gmetric4j/gmetric4j/1.0.7/gmetric4j-1.0.7.jar:/home/user/.m2/repository/org/apache/ratis/ratis-netty/0.5.0-201fc85-SNAPSHOT/ratis-netty-0.5.0-201fc85-SNAPSHOT.jar:/home/user/.m2/repository/org/apache/ratis/ratis-grpc/0.5.0-201fc85-SNAPSHOT/ratis-grpc-0.5.0-201fc85-SNAPSHOT.jar:/home/user/.m2/repository/org/rocksdb/rocksdbjni/6.0.1/rocksdbjni-6.0.1.jar:/home/user/.m2/repository/org/apache/logging/log4j/log4j-api/2.11.0/log4j-api-2.11.0.jar:/home/user/.m2/repository/org/apache/logging/log4j/log4j-core/2.11.0/log4j-core-2.11.0.jar:/home/user/.m2/repository/com/lmax/disruptor/3.4.2/disruptor-3.4.2.jar:/home/user/.m2/repository/org/apache/commons/commons-pool2/2.6.0/commons-pool2-2.6.0.jar:/home/user/.m2/repository/org/bouncycastle/bcpkix-jdk15on/1.60/bcpkix-jdk15on-1.60.jar:/home/user/.m2/repository/commons-validator/commons-validator/1.6/commons-validator-1.6.jar:/home/user/.m2/repository/commons-digester/commons-digester/1.8.1/commons-digester-1.8.1.jar:/home/user/.m2/repository/io/jaegertracing/jaeger-client/0.34.0/jaeger-client-0.34.0.jar:/home/user/.m2/repository/io/jaegertracing/jaeger-thrift/0.34.0/jaeger-thrift-0.34.0.jar:/home/user/.m2/repository/org/apache/thrift/libthrift/0.12.0/libthrift-0.12.0.jar:/home/user/.m2/repository/com/squareup/okhttp3/okhttp/3.9.0/okhttp-3.9.0.jar:/home/user/.m2/repository/com/squareup/okio/okio/1.13.0/okio-1.13.0.jar:/home/user/.m2/repository/io/jaegertracing/jaeger-core/0.34.0/jaeger-core-0.34.0.jar:/home/user/.m2/repository/io/jaegertracing/jaeger-tracerresolver/0.34.0/jaeger-tracerresolver-0.34.0.jar:/home/user/.m2/repository/io/opentracing/contrib/opentracing-tracerresolver/0.1.5/opentracing-tracerresolver-0.1.5.jar:/home/user/.m2/repository/io/opentracing/opentracing-util/0.31.0/opentracing-util-0.31.0.jar:/home/user/.m2/repository/io/opentracing/opentracing-api/0.31.0/opentracing-api-0.31.0.jar:/home/user/.m2/repository/io/opentracing/opentracing-noop/0.31.0/opentracing-noop-0.31.0.jar:/home/user/.m2/repository/org/apache/hadoop/hadoop-hdds-server-framework/0.5.0-SNAPSHOT/hadoop-hdds-server-framework-0.5.0-SNAPSHOT.jar:/home/user/.m2/repository/org/apache/hadoop/hadoop-hdds-container-service/0.5.0-SNAPSHOT/hadoop-hdds-container-service-0.5.0-SNAPSHOT.jar:/home/user/.m2/repository/org/apache/hadoop/hadoop-hdds-client/0.5.0-SNAPSHOT/hadoop-hdds-client-0.5.0-SNAPSHOT.jar:/home/user/.m2/repository/org/apache/hadoop/hadoop-hdds-tools/0.5.0-SNAPSHOT/hadoop-hdds-tools-0.5.0-SNAPSHOT.jar:/home/user/.m2/repository/org/apache/hadoop/hadoop-hdds-server-scm/0.5.0-SNAPSHOT/hadoop-hdds-server-scm-0.5.0-SNAPSHOT.jar:/home/user/.m2/repository/org/apache/hadoop/hadoop-hdds-docs/0.5.0-SNAPSHOT/hadoop-hdds-docs-0.5.0-SNAPSHOT.jar:/home/user/.m2/repository/io/dropwizard/metrics/metrics-core/3.2.4/metrics-core-3.2.4.jar:/home/user/.m2/repository/org/hamcrest/hamcrest-all/1.3/hamcrest-all-1.3.jar:/home/user/.m2/repository/org/bouncycastle/bcprov-jdk15on/1.60/bcprov-jdk15on-1.60.jar:/home/user/.m2/repository/info/picocli/picocli/3.9.6/picocli-3.9.6.jar:/home/user/.m2/repository/com/google/protobuf/protobuf-java/2.5.0/protobuf-java-2.5.0.jar:/home/user/.m2/repository/com/google/guava/guava/11.0.2/guava-11.0.2.jar:/home/user/.m2/repository/org/apache/hadoop/hadoop-ozone-ozone-manager/0.5.0-SNAPSHOT/hadoop-ozone-ozone-manager-0.5.0-SNAPSHOT.jar:/home/user/.m2/repository/org/apache/hadoop/hadoop-minikdc/3.2.0/hadoop-minikdc-3.2.0.jar:/home/user/.m2/repository/commons-io/commons-io/2.5/commons-io-2.5.jar:/home/user/.m2/repository/org/apache/kerby/kerb-simplekdc/1.0.1/kerb-simplekdc-1.0.1.jar:/home/user/.m2/repository/org/apache/kerby/kerb-client/1.0.1/kerb-client-1.0.1.jar:/home/user/.m2/repository/org/apache/kerby/kerby-config/1.0.1/kerby-config-1.0.1.jar:/home/user/.m2/repository/org/apache/kerby/kerb-core/1.0.1/kerb-core-1.0.1.jar:/home/user/.m2/repository/org/apache/kerby/kerby-pkix/1.0.1/kerby-pkix-1.0.1.jar:/home/user/.m2/repository/org/apache/kerby/kerby-asn1/1.0.1/kerby-asn1-1.0.1.jar:/home/user/.m2/repository/org/apache/kerby/kerby-util/1.0.1/kerby-util-1.0.1.jar:/home/user/.m2/repository/org/apache/kerby/kerb-common/1.0.1/kerb-common-1.0.1.jar:/home/user/.m2/repository/org/apache/kerby/kerb-crypto/1.0.1/kerb-crypto-1.0.1.jar:/home/user/.m2/repository/org/apache/kerby/kerb-util/1.0.1/kerb-util-1.0.1.jar:/home/user/.m2/repository/org/apache/kerby/token-provider/1.0.1/token-provider-1.0.1.jar:/home/user/.m2/repository/org/apache/kerby/kerb-admin/1.0.1/kerb-admin-1.0.1.jar:/home/user/.m2/repository/org/apache/kerby/kerb-server/1.0.1/kerb-server-1.0.1.jar:/home/user/.m2/repository/org/apache/kerby/kerb-identity/1.0.1/kerb-identity-1.0.1.jar:/home/user/.m2/repository/org/apache/kerby/kerby-xdr/1.0.1/kerby-xdr-1.0.1.jar:/home/user/.m2/repository/org/slf4j/slf4j-log4j12/1.7.25/slf4j-log4j12-1.7.25.jar:/home/user/.m2/repository/org/apache/hadoop/hadoop-ozone-s3gateway/0.5.0-SNAPSHOT/hadoop-ozone-s3gateway-0.5.0-SNAPSHOT.jar:/home/user/.m2/repository/org/jboss/weld/servlet/weld-servlet/2.4.7.Final/weld-servlet-2.4.7.Final.jar:/home/user/.m2/repository/org/glassfish/jersey/containers/jersey-container-servlet-core/2.27/jersey-container-servlet-core-2.27.jar:/home/user/.m2/repository/org/glassfish/hk2/external/javax.inject/2.5.0-b42/javax.inject-2.5.0-b42.jar:/home/user/.m2/repository/org/glassfish/jersey/core/jersey-common/2.27/jersey-common-2.27.jar:/home/user/.m2/repository/org/glassfish/hk2/osgi-resource-locator/1.0.1/osgi-resource-locator-1.0.1.jar:/home/user/.m2/repository/javax/ws/rs/javax.ws.rs-api/2.1/javax.ws.rs-api-2.1.jar:/home/user/.m2/repository/org/glassfish/jersey/ext/cdi/jersey-cdi1x/2.27/jersey-cdi1x-2.27.jar:/home/user/.m2/repository/org/glassfish/jersey/inject/jersey-hk2/2.27/jersey-hk2-2.27.jar:/home/user/.m2/repository/org/glassfish/hk2/hk2-locator/2.5.0-b42/hk2-locator-2.5.0-b42.jar:/home/user/.m2/repository/org/javassist/javassist/3.22.0-CR2/javassist-3.22.0-CR2.jar:/home/user/.m2/repository/org/glassfish/hk2/hk2-api/2.5.0/hk2-api-2.5.0.jar:/home/user/.m2/repository/org/glassfish/hk2/external/jakarta.inject/2.5.0/jakarta.inject-2.5.0.jar:/home/user/.m2/repository/org/glassfish/hk2/hk2-utils/2.5.0/hk2-utils-2.5.0.jar:/home/user/.m2/repository/jakarta/annotation/jakarta.annotation-api/1.3.4/jakarta.annotation-api-1.3.4.jar:/home/user/.m2/repository/org/glassfish/hk2/external/aopalliance-repackaged/2.5.0/aopalliance-repackaged-2.5.0.jar:/home/user/.m2/repository/com/fasterxml/jackson/dataformat/jackson-dataformat-xml/2.9.0/jackson-dataformat-xml-2.9.0.jar:/home/user/.m2/repository/com/fasterxml/jackson/core/jackson-core/2.9.9/jackson-core-2.9.9.jar:/home/user/.m2/repository/com/fasterxml/jackson/module/jackson-module-jaxb-annotations/2.9.9/jackson-module-jaxb-annotations-2.9.9.jar:/home/user/.m2/repository/javax/enterprise/cdi-api/1.2/cdi-api-1.2.jar:/home/user/.m2/repository/javax/el/javax.el-api/3.0.0/javax.el-api-3.0.0.jar:/home/user/.m2/repository/javax/interceptor/javax.interceptor-api/1.2/javax.interceptor-api-1.2.jar:/home/user/.m2/repository/javax/inject/javax.inject/1/javax.inject-1.jar:/home/user/.m2/repository/com/sun/xml/bind/jaxb-impl/2.3.0.1/jaxb-impl-2.3.0.1.jar:/home/user/.m2/repository/com/sun/xml/bind/jaxb-core/2.3.0.1/jaxb-core-2.3.0.1.jar:/home/user/.m2/repository/javax/xml/bind/jaxb-api/2.3.0/jaxb-api-2.3.0.jar:/home/user/.m2/repository/javax/activation/activation/1.1.1/activation-1.1.1.jar:/home/user/.m2/repository/org/apache/hadoop/hadoop-ozone-csi/0.5.0-SNAPSHOT/hadoop-ozone-csi-0.5.0-SNAPSHOT.jar:/home/user/.m2/repository/com/google/protobuf/protobuf-java-util/3.5.1/protobuf-java-util-3.5.1.jar:/home/user/.m2/repository/org/apache/hadoop/hadoop-hdds-config/0.5.0-SNAPSHOT/hadoop-hdds-config-0.5.0-SNAPSHOT.jar:/home/user/.m2/repository/io/grpc/grpc-netty/1.17.1/grpc-netty-1.17.1.jar:/home/user/.m2/repository/io/grpc/grpc-core/1.17.1/grpc-core-1.17.1.jar:/home/user/.m2/repository/io/grpc/grpc-context/1.17.1/grpc-context-1.17.1.jar:/home/user/.m2/repository/com/google/errorprone/error_prone_annotations/2.2.0/error_prone_annotations-2.2.0.jar:/home/user/.m2/repository/org/codehaus/mojo/animal-sniffer-annotations/1.17/animal-sniffer-annotations-1.17.jar:/home/user/.m2/repository/io/opencensus/opencensus-api/0.17.0/opencensus-api-0.17.0.jar:/home/user/.m2/repository/io/opencensus/opencensus-contrib-grpc-metrics/0.17.0/opencensus-contrib-grpc-metrics-0.17.0.jar:/home/user/.m2/repository/io/netty/netty-codec-http2/4.1.30.Final/netty-codec-http2-4.1.30.Final.jar:/home/user/.m2/repository/io/netty/netty-codec-http/4.1.30.Final/netty-codec-http-4.1.30.Final.jar:/home/user/.m2/repository/io/netty/netty-codec/4.1.30.Final/netty-codec-4.1.30.Final.jar:/home/user/.m2/repository/io/netty/netty-handler/4.1.30.Final/netty-handler-4.1.30.Final.jar:/home/user/.m2/repository/io/netty/netty-handler-proxy/4.1.30.Final/netty-handler-proxy-4.1.30.Final.jar:/home/user/.m2/repository/io/netty/netty-codec-socks/4.1.30.Final/netty-codec-socks-4.1.30.Final.jar:/home/user/.m2/repository/io/netty/netty-transport-native-epoll/4.1.30.Final/netty-transport-native-epoll-4.1.30.Final.jar:/home/user/.m2/repository/io/netty/netty-common/4.1.30.Final/netty-common-4.1.30.Final.jar:/home/user/.m2/repository/io/netty/netty-buffer/4.1.30.Final/netty-buffer-4.1.30.Final.jar:/home/user/.m2/repository/io/netty/netty-transport/4.1.30.Final/netty-transport-4.1.30.Final.jar:/home/user/.m2/repository/io/netty/netty-resolver/4.1.30.Final/netty-resolver-4.1.30.Final.jar:/home/user/.m2/repository/io/netty/netty-transport-native-unix-common/4.1.30.Final/netty-transport-native-unix-common-4.1.30.Final.jar:/home/user/.m2/repository/io/grpc/grpc-protobuf/1.17.1/grpc-protobuf-1.17.1.jar:/home/user/.m2/repository/com/google/api/grpc/proto-google-common-protos/1.0.0/proto-google-common-protos-1.0.0.jar:/home/user/.m2/repository/io/grpc/grpc-protobuf-lite/1.17.1/grpc-protobuf-lite-1.17.1.jar:/home/user/.m2/repository/io/grpc/grpc-stub/1.17.1/grpc-stub-1.17.1.jar:/home/user/.m2/repository/org/apache/hadoop/hadoop-ozone-recon/0.5.0-SNAPSHOT/hadoop-ozone-recon-0.5.0-SNAPSHOT.jar:/home/user/.m2/repository/org/apache/hadoop/hadoop-ozone-reconcodegen/0.5.0-SNAPSHOT/hadoop-ozone-reconcodegen-0.5.0-SNAPSHOT.jar:/home/user/.m2/repository/com/google/inject/extensions/guice-multibindings/4.0/guice-multibindings-4.0.jar:/home/user/.m2/repository/com/google/inject/guice/4.0/guice-4.0.jar:/home/user/.m2/repository/aopalliance/aopalliance/1.0/aopalliance-1.0.jar:/home/user/.m2/repository/com/google/inject/extensions/guice-servlet/4.0/guice-servlet-4.0.jar:/home/user/.m2/repository/org/glassfish/jersey/containers/jersey-container-servlet/2.27/jersey-container-servlet-2.27.jar:/home/user/.m2/repository/org/glassfish/hk2/guice-bridge/2.5.0/guice-bridge-2.5.0.jar:/home/user/.m2/repository/org/glassfish/jersey/core/jersey-server/2.27/jersey-server-2.27.jar:/home/user/.m2/repository/org/glassfish/jersey/core/jersey-client/2.27/jersey-client-2.27.jar:/home/user/.m2/repository/org/glassfish/jersey/media/jersey-media-jaxb/2.27/jersey-media-jaxb-2.27.jar:/home/user/.m2/repository/javax/validation/validation-api/1.1.0.Final/validation-api-1.1.0.Final.jar:/home/user/.m2/repository/org/glassfish/jersey/media/jersey-media-json-jackson/2.27/jersey-media-json-jackson-2.27.jar:/home/user/.m2/repository/org/glassfish/jersey/ext/jersey-entity-filtering/2.27/jersey-entity-filtering-2.27.jar:/home/user/.m2/repository/com/google/inject/extensions/guice-assistedinject/4.0/guice-assistedinject-4.0.jar:/home/user/.m2/repository/org/jooq/jooq/3.11.10/jooq-3.11.10.jar:/home/user/.m2/repository/org/jooq/jooq-meta/3.11.10/jooq-meta-3.11.10.jar:/home/user/.m2/repository/org/jooq/jooq-codegen/3.11.10/jooq-codegen-3.11.10.jar:/home/user/.m2/repository/com/jolbox/bonecp/0.8.0.RELEASE/bonecp-0.8.0.RELEASE.jar:/home/user/.m2/repository/org/xerial/sqlite-jdbc/3.25.2/sqlite-jdbc-3.25.2.jar:/home/user/.m2/repository/org/springframework/spring-jdbc/5.1.3.RELEASE/spring-jdbc-5.1.3.RELEASE.jar:/home/user/.m2/repository/org/springframework/spring-beans/5.1.3.RELEASE/spring-beans-5.1.3.RELEASE.jar:/home/user/.m2/repository/org/springframework/spring-core/5.1.3.RELEASE/spring-core-5.1.3.RELEASE.jar:/home/user/.m2/repository/org/springframework/spring-jcl/5.1.3.RELEASE/spring-jcl-5.1.3.RELEASE.jar:/home/user/.m2/repository/org/springframework/spring-tx/5.1.3.RELEASE/spring-tx-5.1.3.RELEASE.jar:/home/user/.m2/repository/org/apache/hadoop/hadoop-ozone-client/0.5.0-SNAPSHOT/hadoop-ozone-client-0.5.0-SNAPSHOT.jar:/home/user/.m2/repository/commons-lang/commons-lang/2.6/commons-lang-2.6.jar:/home/user/.m2/repository/org/apache/hadoop/hadoop-ozone-ozone-manager/0.5.0-SNAPSHOT/hadoop-ozone-ozone-manager-0.5.0-SNAPSHOT-tests.jar:/home/user/.m2/repository/junit/junit/4.11/junit-4.11.jar:/home/user/.m2/repository/org/hamcrest/hamcrest-core/1.3/hamcrest-core-1.3.jar:/home/user/.m2/repository/org/openjdk/jmh/jmh-core/1.19/jmh-core-1.19.jar:/home/user/.m2/repository/net/sf/jopt-simple/jopt-simple/4.6/jopt-simple-4.6.jar:/home/user/.m2/repository/org/apache/commons/commons-math3/3.1.1/commons-math3-3.1.1.jar:/home/user/.m2/repository/org/openjdk/jmh/jmh-generator-annprocess/1.19/jmh-generator-annprocess-1.19.jar:/home/user/.m2/repository/org/mockito/mockito-all/1.8.5/mockito-all-1.8.5.jar:/home/user/.m2/repository/org/apache/hadoop/hadoop-kms/3.2.0/hadoop-kms-3.2.0.jar:/home/user/.m2/repository/org/apache/hadoop/hadoop-auth/3.2.0/hadoop-auth-3.2.0.jar:/home/user/.m2/repository/com/nimbusds/nimbus-jose-jwt/4.41.1/nimbus-jose-jwt-4.41.1.jar:/home/user/.m2/repository/com/github/stephenc/jcip/jcip-annotations/1.0-1/jcip-annotations-1.0-1.jar:/home/user/.m2/repository/net/minidev/json-smart/2.3/json-smart-2.3.jar:/home/user/.m2/repository/net/minidev/accessors-smart/1.2/accessors-smart-1.2.jar:/home/user/.m2/repository/org/ow2/asm/asm/5.0.4/asm-5.0.4.jar:/home/user/.m2/repository/org/apache/curator/curator-framework/2.12.0/curator-framework-2.12.0.jar:/home/user/.m2/repository/com/sun/jersey/jersey-core/1.19/jersey-core-1.19.jar:/home/user/.m2/repository/javax/ws/rs/jsr311-api/1.1.1/jsr311-api-1.1.1.jar:/home/user/.m2/repository/com/sun/jersey/jersey-server/1.19/jersey-server-1.19.jar:/home/user/.m2/repository/javax/servlet/javax.servlet-api/3.1.0/javax.servlet-api-3.1.0.jar:/home/user/.m2/repository/org/eclipse/jetty/jetty-server/9.3.25.v20180904/jetty-server-9.3.25.v20180904.jar:/home/user/.m2/repository/org/eclipse/jetty/jetty-http/9.3.25.v20180904/jetty-http-9.3.25.v20180904.jar:/home/user/.m2/repository/org/eclipse/jetty/jetty-io/9.3.25.v20180904/jetty-io-9.3.25.v20180904.jar:/home/user/.m2/repository/org/eclipse/jetty/jetty-webapp/9.3.25.v20180904/jetty-webapp-9.3.25.v20180904.jar:/home/user/.m2/repository/org/eclipse/jetty/jetty-xml/9.3.25.v20180904/jetty-xml-9.3.25.v20180904.jar:/home/user/.m2/repository/log4j/log4j/1.2.17/log4j-1.2.17.jar:/home/user/.m2/repository/org/slf4j/slf4j-api/1.7.25/slf4j-api-1.7.25.jar:/home/user/.m2/repository/org/slf4j/jul-to-slf4j/1.7.25/jul-to-slf4j-1.7.25.jar:/home/user/.m2/repository/org/eclipse/jetty/jetty-util/9.3.25.v20180904/jetty-util-9.3.25.v20180904.jar:/home/user/.m2/repository/com/fasterxml/jackson/core/jackson-databind/2.9.9/jackson-databind-2.9.9.jar:/home/user/.m2/repository/org/apache/hadoop/hadoop-kms/3.2.0/hadoop-kms-3.2.0-tests.jar:/home/user/.m2/repository/org/apache/hadoop/hadoop-hdds-server-scm/0.5.0-SNAPSHOT/hadoop-hdds-server-scm-0.5.0-SNAPSHOT-tests.jar:/home/user/.m2/repository/org/apache/hadoop/hadoop-hdds-container-service/0.5.0-SNAPSHOT/hadoop-hdds-container-service-0.5.0-SNAPSHOT-tests.jar:/home/user/.m2/repository/org/yaml/snakeyaml/1.16/snakeyaml-1.16.jar:/home/user/.m2/repository/org/apache/hadoop/hadoop-common/3.2.0/hadoop-common-3.2.0-tests.jar:/home/user/.m2/repository/org/apache/hadoop/hadoop-annotations/3.2.0/hadoop-annotations-3.2.0.jar:/usr/lib/jvm/java-1.8-openjdk/jre/../lib/tools.jar:/home/user/.m2/repository/commons-cli/commons-cli/1.2/commons-cli-1.2.jar:/home/user/.m2/repository/org/apache/httpcomponents/httpclient/4.5.2/httpclient-4.5.2.jar:/home/user/.m2/repository/org/apache/httpcomponents/httpcore/4.4.4/httpcore-4.4.4.jar:/home/user/.m2/repository/commons-codec/commons-codec/1.11/commons-codec-1.11.jar:/home/user/.m2/repository/commons-net/commons-net/3.6/commons-net-3.6.jar:/home/user/.m2/repository/commons-collections/commons-collections/3.2.2/commons-collections-3.2.2.jar:/home/user/.m2/repository/org/eclipse/jetty/jetty-servlet/9.3.25.v20180904/jetty-servlet-9.3.25.v20180904.jar:/home/user/.m2/repository/org/eclipse/jetty/jetty-security/9.3.25.v20180904/jetty-security-9.3.25.v20180904.jar:/home/user/.m2/repository/javax/servlet/jsp/jsp-api/2.1/jsp-api-2.1.jar:/home/user/.m2/repository/com/sun/jersey/jersey-servlet/1.19/jersey-servlet-1.19.jar:/home/user/.m2/repository/com/sun/jersey/jersey-json/1.19/jersey-json-1.19.jar:/home/user/.m2/repository/org/codehaus/jettison/jettison/1.1/jettison-1.1.jar:/home/user/.m2/repository/org/codehaus/jackson/jackson-core-asl/1.9.13/jackson-core-asl-1.9.13.jar:/home/user/.m2/repository/org/codehaus/jackson/jackson-mapper-asl/1.9.13/jackson-mapper-asl-1.9.13.jar:/home/user/.m2/repository/org/codehaus/jackson/jackson-jaxrs/1.9.13/jackson-jaxrs-1.9.13.jar:/home/user/.m2/repository/org/codehaus/jackson/jackson-xc/1.9.13/jackson-xc-1.9.13.jar:/home/user/.m2/repository/commons-logging/commons-logging/1.1.3/commons-logging-1.1.3.jar:/home/user/.m2/repository/commons-beanutils/commons-beanutils/1.9.4/commons-beanutils-1.9.4.jar:/home/user/.m2/repository/org/apache/commons/commons-configuration2/2.1.1/commons-configuration2-2.1.1.jar:/home/user/.m2/repository/org/apache/commons/commons-lang3/3.7/commons-lang3-3.7.jar:/home/user/.m2/repository/org/apache/commons/commons-text/1.4/commons-text-1.4.jar:/home/user/.m2/repository/org/apache/avro/avro/1.7.7/avro-1.7.7.jar:/home/user/.m2/repository/com/thoughtworks/paranamer/paranamer/2.3/paranamer-2.3.jar:/home/user/.m2/repository/org/xerial/snappy/snappy-java/1.0.5/snappy-java-1.0.5.jar:/home/user/.m2/repository/com/google/re2j/re2j/1.1/re2j-1.1.jar:/home/user/.m2/repository/com/google/code/gson/gson/2.2.4/gson-2.2.4.jar:/home/user/.m2/repository/com/jcraft/jsch/0.1.54/jsch-0.1.54.jar:/home/user/.m2/repository/org/apache/curator/curator-client/2.12.0/curator-client-2.12.0.jar:/home/user/.m2/repository/org/apache/curator/curator-recipes/2.12.0/curator-recipes-2.12.0.jar:/home/user/.m2/repository/com/google/code/findbugs/jsr305/3.0.0/jsr305-3.0.0.jar:/home/user/.m2/repository/org/apache/htrace/htrace-core4/4.1.0-incubating/htrace-core4-4.1.0-incubating.jar:/home/user/.m2/repository/org/apache/zookeeper/zookeeper/3.4.13/zookeeper-3.4.13.jar:/home/user/.m2/repository/jline/jline/0.9.94/jline-0.9.94.jar:/home/user/.m2/repository/org/apache/yetus/audience-annotations/0.5.0/audience-annotations-0.5.0.jar:/home/user/.m2/repository/org/codehaus/woodstox/stax2-api/3.1.4/stax2-api-3.1.4.jar:/home/user/.m2/repository/com/fasterxml/woodstox/woodstox-core/5.0.3/woodstox-core-5.0.3.jar:/home/user/.m2/repository/dnsjava/dnsjava/2.1.7/dnsjava-2.1.7.jar:/home/user/.m2/repository/org/apache/hadoop/hadoop-hdfs/3.2.0/hadoop-hdfs-3.2.0-tests.jar:/home/user/.m2/repository/org/eclipse/jetty/jetty-util-ajax/9.3.25.v20180904/jetty-util-ajax-9.3.25.v20180904.jar:/home/user/.m2/repository/commons-daemon/commons-daemon/1.0.13/commons-daemon-1.0.13.jar:/home/user/.m2/repository/io/netty/netty/3.10.5.Final/netty-3.10.5.Final.jar:/home/user/.m2/repository/io/netty/netty-all/4.0.52.Final/netty-all-4.0.52.Final.jar:/home/user/.m2/repository/org/fusesource/leveldbjni/leveldbjni-all/1.8/leveldbjni-all-1.8.jar:"/>
    <property name="sun.cpu.endian" value="little"/>
    <property name="user.home" value="/home/user"/>
    <property name="user.language" value="en"/>
    <property name="java.specification.vendor" value="Oracle Corporation"/>
    <property name="java.home" value="/usr/lib/jvm/java-1.8-openjdk/jre"/>
    <property name="surefire.excludesFile" value="/tools/ozone-bad-unit-tests"/>
    <property name="java.security.krb5.conf" value="/workdir/hadoop-ozone/integration-test/target/test-classes/krb5.conf"/>
    <property name="basedir" value="/workdir/hadoop-ozone/integration-test"/>
    <property name="file.separator" value="/"/>
    <property name="line.separator" value="&#10;"/>
    <property name="java.vm.specification.vendor" value="Oracle Corporation"/>
    <property name="java.specification.name" value="Java Platform API Specification"/>
    <property name="java.awt.graphicsenv" value="sun.awt.X11GraphicsEnvironment"/>
    <property name="surefire.real.class.path" value="/workdir/hadoop-ozone/integration-test/target/surefire/surefirebooter7354186486765957771.jar"/>
    <property name="hadoop.log.dir" value="/workdir/hadoop-ozone/integration-test/target/log"/>
    <property name="sun.boot.class.path" value="/usr/lib/jvm/java-1.8-openjdk/jre/lib/resources.jar:/usr/lib/jvm/java-1.8-openjdk/jre/lib/rt.jar:/usr/lib/jvm/java-1.8-openjdk/jre/lib/sunrsasign.jar:/usr/lib/jvm/java-1.8-openjdk/jre/lib/jsse.jar:/usr/lib/jvm/java-1.8-openjdk/jre/lib/jce.jar:/usr/lib/jvm/java-1.8-openjdk/jre/lib/charsets.jar:/usr/lib/jvm/java-1.8-openjdk/jre/lib/jfr.jar:/usr/lib/jvm/java-1.8-openjdk/jre/classes"/>
    <property name="sun.management.compiler" value="HotSpot 64-Bit Tiered Compilers"/>
    <property name="java.runtime.version" value="1.8.0_212-b04"/>
    <property name="java.net.preferIPv4Stack" value="true"/>
    <property name="user.name" value="jenkins1000"/>
    <property name="path.separator" value=":"/>
    <property name="java.security.egd" value="file:///dev/urandom"/>
    <property name="os.version" value="3.10.0-957.12.2.el7.x86_64"/>
    <property name="java.endorsed.dirs" value="/usr/lib/jvm/java-1.8-openjdk/jre/lib/endorsed"/>
    <property name="java.runtime.name" value="OpenJDK Runtime Environment"/>
    <property name="file.encoding" value="UTF-8"/>
    <property name="java.vm.name" value="OpenJDK 64-Bit Server VM"/>
    <property name="test.build.webapps" value=""/>
    <property name="localRepository" value="/home/user/.m2/repository"/>
    <property name="java.vendor.url.bug" value="https://icedtea.classpath.org/bugzilla"/>
    <property name="java.io.tmpdir" value="/tmp"/>
    <property name="require.test.libhadoop" value=""/>
    <property name="java.version" value="1.8.0_212"/>
    <property name="user.dir" value="/workdir/hadoop-ozone/integration-test"/>
    <property name="os.arch" value="amd64"/>
    <property name="java.vm.specification.name" value="Java Virtual Machine Specification"/>
    <property name="test.build.classes" value="/workdir/hadoop-ozone/integration-test/target/test-classes"/>
    <property name="java.awt.printerjob" value="sun.print.PSPrinterJob"/>
    <property name="sun.os.patch.level" value="unknown"/>
    <property name="hadoop.tmp.dir" value="/workdir/hadoop-ozone/integration-test/target/tmp"/>
    <property name="java.library.path" value="/usr/lib/jvm/java-1.8-openjdk/jre/lib/amd64/server:/usr/lib/jvm/java-1.8-openjdk/jre/lib/amd64:/usr/lib/jvm/java-1.8-openjdk/jre/../lib/amd64:/workdir/hadoop-ozone/integration-test/target/native/target/usr/local/lib:/workdir/hadoop-ozone/integration-test/../../hadoop-common-project/hadoop-common/target/native/target/usr/local/lib:/usr/java/packages/lib/amd64:/usr/lib64:/lib64:/lib:/usr/lib"/>
    <property name="java.vm.info" value="mixed mode"/>
    <property name="java.vendor" value="IcedTea"/>
    <property name="java.vm.version" value="25.212-b04"/>
    <property name="java.ext.dirs" value="/usr/lib/jvm/java-1.8-openjdk/jre/lib/ext:/usr/java/packages/lib/ext"/>
    <property name="sun.io.unicode.encoding" value="UnicodeLittle"/>
    <property name="java.class.version" value="52.0"/>
  </properties>
  <testcase name="testPipelineExclusionWithPipelineFailure" classname="org.apache.hadoop.ozone.client.rpc.TestFailureHandlingByClient" time="64.84">
    <error message="Allocated 0 blocks. Requested 1 blocks" type="INTERNAL_ERROR org.apache.hadoop.ozone.om.exceptions.OMException">INTERNAL_ERROR org.apache.hadoop.ozone.om.exceptions.OMException: Allocated 0 blocks. Requested 1 blocks
	at org.apache.hadoop.ozone.om.protocolPB.OzoneManagerProtocolClientSideTranslatorPB.handleError(OzoneManagerProtocolClientSideTranslatorPB.java:732)
	at org.apache.hadoop.ozone.om.protocolPB.OzoneManagerProtocolClientSideTranslatorPB.openKey(OzoneManagerProtocolClientSideTranslatorPB.java:723)
	at sun.reflect.NativeMethodAccessorImpl.invoke0(Native Method)
	at sun.reflect.NativeMethodAccessorImpl.invoke(NativeMethodAccessorImpl.java:62)
	at sun.reflect.DelegatingMethodAccessorImpl.invoke(DelegatingMethodAccessorImpl.java:43)
	at java.lang.reflect.Method.invoke(Method.java:498)
	at org.apache.hadoop.hdds.tracing.TraceAllMethod.invoke(TraceAllMethod.java:66)
	at com.sun.proxy.$Proxy36.openKey(Unknown Source)
	at org.apache.hadoop.ozone.client.rpc.RpcClient.createKey(RpcClient.java:614)
	at org.apache.hadoop.ozone.client.OzoneBucket.createKey(OzoneBucket.java:325)
	at org.apache.hadoop.ozone.container.ContainerTestHelper.createKey(ContainerTestHelper.java:696)
	at org.apache.hadoop.ozone.client.rpc.TestFailureHandlingByClient.createKey(TestFailureHandlingByClient.java:408)
	at org.apache.hadoop.ozone.client.rpc.TestFailureHandlingByClient.testPipelineExclusionWithPipelineFailure(TestFailureHandlingByClient.java:348)
	at sun.reflect.NativeMethodAccessorImpl.invoke0(Native Method)
	at sun.reflect.NativeMethodAccessorImpl.invoke(NativeMethodAccessorImpl.java:62)
	at sun.reflect.DelegatingMethodAccessorImpl.invoke(DelegatingMethodAccessorImpl.java:43)
	at java.lang.reflect.Method.invoke(Method.java:498)
	at org.junit.runners.model.FrameworkMethod$1.runReflectiveCall(FrameworkMethod.java:47)
	at org.junit.internal.runners.model.ReflectiveCallable.run(ReflectiveCallable.java:12)
	at org.junit.runners.model.FrameworkMethod.invokeExplosively(FrameworkMethod.java:44)
	at org.junit.internal.runners.statements.InvokeMethod.evaluate(InvokeMethod.java:17)
	at org.junit.internal.runners.statements.RunAfters.evaluate(RunAfters.java:27)
	at org.junit.runners.ParentRunner.runLeaf(ParentRunner.java:271)
	at org.junit.runners.BlockJUnit4ClassRunner.runChild(BlockJUnit4ClassRunner.java:70)
	at org.junit.runners.BlockJUnit4ClassRunner.runChild(BlockJUnit4ClassRunner.java:50)
	at org.junit.runners.ParentRunner$3.run(ParentRunner.java:238)
	at org.junit.runners.ParentRunner$1.schedule(ParentRunner.java:63)
	at org.junit.runners.ParentRunner.runChildren(ParentRunner.java:236)
	at org.junit.runners.ParentRunner.access$000(ParentRunner.java:53)
	at org.junit.runners.ParentRunner$2.evaluate(ParentRunner.java:229)
	at org.junit.runners.ParentRunner.run(ParentRunner.java:309)
	at org.apache.maven.surefire.junit4.JUnit4Provider.execute(JUnit4Provider.java:365)
	at org.apache.maven.surefire.junit4.JUnit4Provider.executeWithRerun(JUnit4Provider.java:273)
	at org.apache.maven.surefire.junit4.JUnit4Provider.executeTestSet(JUnit4Provider.java:238)
	at org.apache.maven.surefire.junit4.JUnit4Provider.invoke(JUnit4Provider.java:159)
	at org.apache.maven.surefire.booter.ForkedBooter.invokeProviderInSameClassLoader(ForkedBooter.java:384)
	at org.apache.maven.surefire.booter.ForkedBooter.runSuitesInProcess(ForkedBooter.java:345)
	at org.apache.maven.surefire.booter.ForkedBooter.execute(ForkedBooter.java:126)
	at org.apache.maven.surefire.booter.ForkedBooter.main(ForkedBooter.java:418)
</error>
    <system-out><![CDATA[2019-10-14 11:47:12,449 [main] WARN  server.ServerUtils (ServerUtils.java:getScmDbDir(145)) - ozone.scm.db.dirs is not configured. We recommend adding this setting. Falling back to ozone.metadata.dirs instead.
2019-10-14 11:47:15,746 [main] WARN  server.ServerUtils (ServerUtils.java:getScmDbDir(145)) - ozone.scm.db.dirs is not configured. We recommend adding this setting. Falling back to ozone.metadata.dirs instead.
2019-10-14 11:47:15,750 [main] WARN  server.ServerUtils (ServerUtils.java:getScmDbDir(145)) - ozone.scm.db.dirs is not configured. We recommend adding this setting. Falling back to ozone.metadata.dirs instead.
2019-10-14 11:47:15,778 [main] INFO  util.log (Log.java:initialized(192)) - Logging initialized @4103ms
2019-10-14 11:47:15,883 [main] INFO  db.DBStoreBuilder (DBStoreBuilder.java:addTable(117)) - using custom profile for table: deletedBlocks
2019-10-14 11:47:15,883 [main] INFO  db.DBStoreBuilder (DBStoreBuilder.java:processTables(168)) - Using default column profile:DBProfile.DISK for Table:deletedBlocks
2019-10-14 11:47:15,884 [main] INFO  db.DBStoreBuilder (DBStoreBuilder.java:addTable(117)) - using custom profile for table: validCerts
2019-10-14 11:47:15,884 [main] INFO  db.DBStoreBuilder (DBStoreBuilder.java:processTables(168)) - Using default column profile:DBProfile.DISK for Table:validCerts
2019-10-14 11:47:15,885 [main] INFO  db.DBStoreBuilder (DBStoreBuilder.java:addTable(117)) - using custom profile for table: revokedCerts
2019-10-14 11:47:15,885 [main] INFO  db.DBStoreBuilder (DBStoreBuilder.java:processTables(168)) - Using default column profile:DBProfile.DISK for Table:revokedCerts
2019-10-14 11:47:15,897 [main] INFO  db.DBStoreBuilder (DBStoreBuilder.java:addTable(117)) - using custom profile for table: default
2019-10-14 11:47:15,897 [main] INFO  db.DBStoreBuilder (DBStoreBuilder.java:processTables(174)) - Using default column profile:DBProfile.DISK for Table:default
2019-10-14 11:47:15,899 [main] INFO  db.DBStoreBuilder (DBStoreBuilder.java:getDbProfile(205)) - Using default options. DBProfile.DISK
2019-10-14 11:47:22,027 [main] INFO  net.NodeSchemaLoader (NodeSchemaLoader.java:loadSchemaFromFile(125)) - Loading file from sun.misc.CompoundEnumeration@408d971b
2019-10-14 11:47:22,030 [main] INFO  net.NodeSchemaLoader (NodeSchemaLoader.java:loadSchema(171)) - Loading network topology layer schema file
2019-10-14 11:47:22,120 [main] INFO  node.SCMNodeManager (SCMNodeManager.java:<init>(116)) - Entering startup safe mode.
2019-10-14 11:47:22,192 [main] INFO  Configuration.deprecation (Configuration.java:logDeprecation(1394)) - hadoop.configured.node.mapping is deprecated. Instead, use net.topology.configured.node.mapping
2019-10-14 11:47:22,196 [main] INFO  algorithms.ContainerPlacementPolicyFactory (ContainerPlacementPolicyFactory.java:getPolicy(57)) - Create container placement policy of type org.apache.hadoop.hdds.scm.container.placement.algorithms.SCMContainerPlacementRandom
2019-10-14 11:47:22,211 [main] WARN  server.ServerUtils (ServerUtils.java:getScmDbDir(145)) - ozone.scm.db.dirs is not configured. We recommend adding this setting. Falling back to ozone.metadata.dirs instead.
2019-10-14 11:47:22,301 [main] INFO  pipeline.SCMPipelineManager (SCMPipelineManager.java:initializePipelineState(132)) - No pipeline exists in current db
2019-10-14 11:47:22,305 [main] WARN  server.ServerUtils (ServerUtils.java:getScmDbDir(145)) - ozone.scm.db.dirs is not configured. We recommend adding this setting. Falling back to ozone.metadata.dirs instead.
2019-10-14 11:47:22,421 [main] WARN  events.EventQueue (EventQueue.java:fireEvent(183)) - No event handler registered for event TypedEvent{payloadType=SafeModeStatus, name='SafeModeStatus'}
2019-10-14 11:47:22,787 [main] INFO  ipc.CallQueueManager (CallQueueManager.java:<init>(84)) - Using callQueue: class java.util.concurrent.LinkedBlockingQueue, queueCapacity: 2000, scheduler: class org.apache.hadoop.ipc.DefaultRpcScheduler, ipcBackoff: false.
2019-10-14 11:47:22,815 [Socket Reader #1 for port 33776] INFO  ipc.Server (Server.java:run(1074)) - Starting Socket Reader #1 for port 33776
2019-10-14 11:47:22,965 [main] INFO  ipc.CallQueueManager (CallQueueManager.java:<init>(84)) - Using callQueue: class java.util.concurrent.LinkedBlockingQueue, queueCapacity: 2000, scheduler: class org.apache.hadoop.ipc.DefaultRpcScheduler, ipcBackoff: false.
2019-10-14 11:47:22,965 [Socket Reader #1 for port 38719] INFO  ipc.Server (Server.java:run(1074)) - Starting Socket Reader #1 for port 38719
2019-10-14 11:47:22,974 [main] INFO  ipc.CallQueueManager (CallQueueManager.java:<init>(84)) - Using callQueue: class java.util.concurrent.LinkedBlockingQueue, queueCapacity: 2000, scheduler: class org.apache.hadoop.ipc.DefaultRpcScheduler, ipcBackoff: false.
2019-10-14 11:47:22,975 [Socket Reader #1 for port 43958] INFO  ipc.Server (Server.java:run(1074)) - Starting Socket Reader #1 for port 43958
2019-10-14 11:47:22,995 [main] INFO  hdfs.DFSUtil (DFSUtil.java:httpServerTemplateForNNAndJN(1641)) - Starting Web-server for scm at: http://0.0.0.0:0
2019-10-14 11:47:23,149 [main] INFO  server.AuthenticationFilter (AuthenticationFilter.java:constructSecretProvider(240)) - Unable to initialize FileSignerSecretProvider, falling back to use random secrets.
2019-10-14 11:47:23,157 [main] WARN  http.HttpRequestLog (HttpRequestLog.java:getRequestLog(97)) - Jetty request log can only be enabled using Log4j
2019-10-14 11:47:23,168 [main] INFO  http.HttpServer2 (HttpServer2.java:addGlobalFilter(975)) - Added global filter 'safety' (class=org.apache.hadoop.http.HttpServer2$QuotingInputFilter)
2019-10-14 11:47:23,172 [main] INFO  http.HttpServer2 (HttpServer2.java:addFilter(948)) - Added filter static_user_filter (class=org.apache.hadoop.http.lib.StaticUserWebFilter$StaticUserFilter) to context scm
2019-10-14 11:47:23,172 [main] INFO  http.HttpServer2 (HttpServer2.java:addFilter(958)) - Added filter static_user_filter (class=org.apache.hadoop.http.lib.StaticUserWebFilter$StaticUserFilter) to context logs
2019-10-14 11:47:23,173 [main] INFO  http.HttpServer2 (HttpServer2.java:addFilter(958)) - Added filter static_user_filter (class=org.apache.hadoop.http.lib.StaticUserWebFilter$StaticUserFilter) to context static
2019-10-14 11:47:23,205 [main] INFO  server.StorageContainerManager (StorageContainerManager.java:start(772)) - StorageContainerLocationProtocol RPC server is listening at /0.0.0.0:43958
2019-10-14 11:47:23,266 [main] WARN  impl.MetricsConfig (MetricsConfig.java:loadFirst(134)) - Cannot locate configuration: tried hadoop-metrics2-storagecontainermanager.properties,hadoop-metrics2.properties
2019-10-14 11:47:23,280 [main] INFO  impl.MetricsSystemImpl (MetricsSystemImpl.java:startTimer(374)) - Scheduled Metric snapshot period at 10 second(s).
2019-10-14 11:47:23,281 [main] INFO  impl.MetricsSystemImpl (MetricsSystemImpl.java:start(191)) - StorageContainerManager metrics system started
2019-10-14 11:47:23,509 [main] INFO  server.SCMClientProtocolServer (SCMClientProtocolServer.java:start(159)) - RPC server for Client  is listening at /0.0.0.0:43958
2019-10-14 11:47:23,510 [IPC Server listener on 43958] INFO  ipc.Server (Server.java:run(1153)) - IPC Server listener on 43958: starting
2019-10-14 11:47:23,510 [IPC Server Responder] INFO  ipc.Server (Server.java:run(1314)) - IPC Server Responder: starting
2019-10-14 11:47:23,513 [main] INFO  server.StorageContainerManager (StorageContainerManager.java:start(782)) - ScmBlockLocationProtocol RPC server is listening at /0.0.0.0:38719
2019-10-14 11:47:23,514 [main] INFO  server.SCMBlockProtocolServer (SCMBlockProtocolServer.java:start(146)) - RPC server for Block Protocol is listening at /0.0.0.0:38719
2019-10-14 11:47:23,514 [IPC Server Responder] INFO  ipc.Server (Server.java:run(1314)) - IPC Server Responder: starting
2019-10-14 11:47:23,515 [IPC Server listener on 38719] INFO  ipc.Server (Server.java:run(1153)) - IPC Server listener on 38719: starting
2019-10-14 11:47:23,518 [main] INFO  server.StorageContainerManager (StorageContainerManager.java:start(786)) - ScmDatanodeProtocl RPC server is listening at /0.0.0.0:33776
2019-10-14 11:47:23,518 [main] INFO  server.SCMDatanodeProtocolServer (SCMDatanodeProtocolServer.java:start(169)) - RPC server for DataNodes is listening at /0.0.0.0:33776
2019-10-14 11:47:23,519 [IPC Server Responder] INFO  ipc.Server (Server.java:run(1314)) - IPC Server Responder: starting
2019-10-14 11:47:23,519 [IPC Server listener on 33776] INFO  ipc.Server (Server.java:run(1153)) - IPC Server listener on 33776: starting
2019-10-14 11:47:23,524 [main] INFO  http.HttpServer2 (HttpServer2.java:bindListener(1191)) - Jetty bound to port 33844
2019-10-14 11:47:23,525 [main] INFO  server.Server (Server.java:doStart(351)) - jetty-9.3.25.v20180904, build timestamp: 2018-09-04T21:11:46Z, git hash: 3ce520221d0240229c862b122d2b06c12a625732
2019-10-14 11:47:23,565 [main] INFO  handler.ContextHandler (ContextHandler.java:doStart(781)) - Started o.e.j.s.ServletContextHandler@424ebba3{/logs,file:///workdir/hadoop-ozone/integration-test/target/log,AVAILABLE}
2019-10-14 11:47:23,565 [main] INFO  handler.ContextHandler (ContextHandler.java:doStart(781)) - Started o.e.j.s.ServletContextHandler@2320fa6f{/static,file:///workdir/hadoop-ozone/integration-test/target/test-classes/webapps/static,AVAILABLE}
2019-10-14 11:47:23,598 [main] INFO  handler.ContextHandler (ContextHandler.java:doStart(781)) - Started o.e.j.w.WebAppContext@51f49060{/,file:///workdir/hadoop-ozone/integration-test/target/test-classes/webapps/scm/,AVAILABLE}{/scm}
2019-10-14 11:47:23,604 [main] INFO  server.AbstractConnector (AbstractConnector.java:doStart(278)) - Started ServerConnector@46cc127b{HTTP/1.1,[http/1.1]}{0.0.0.0:33844}
2019-10-14 11:47:23,605 [main] INFO  server.Server (Server.java:doStart(419)) - Started @11930ms
2019-10-14 11:47:23,608 [main] INFO  impl.MetricsSinkAdapter (MetricsSinkAdapter.java:start(204)) - Sink prometheus started
2019-10-14 11:47:23,608 [main] INFO  impl.MetricsSystemImpl (MetricsSystemImpl.java:registerSink(301)) - Registered sink prometheus
2019-10-14 11:47:23,609 [main] INFO  server.BaseHttpServer (BaseHttpServer.java:updateConnectorAddress(215)) - HTTP server of SCM is listening at http://0.0.0.0:33844
2019-10-14 11:47:23,617 [org.apache.hadoop.util.JvmPauseMonitor$Monitor@2af616d3] INFO  util.JvmPauseMonitor (JvmPauseMonitor.java:run(188)) - Starting JVM pause monitor
2019-10-14 11:47:23,621 [main] WARN  server.ServerUtils (ServerUtils.java:getDBPath(222)) - ozone.om.db.dirs is not configured. We recommend adding this setting. Falling back to ozone.metadata.dirs instead.
2019-10-14 11:47:23,742 [main] INFO  ha.OMHANodeDetails (OMHANodeDetails.java:loadOMHAConfig(190)) - Configuration either no ozone.om.address set. Falling back to the default OM address /127.0.0.1:0
2019-10-14 11:47:23,742 [main] INFO  ha.OMHANodeDetails (OMHANodeDetails.java:getOMNodeDetails(220)) - OM Service ID is not set. Setting it to the default ID: omServiceIdDefault
2019-10-14 11:47:23,744 [main] WARN  server.ServerUtils (ServerUtils.java:getDBPath(222)) - ozone.om.db.dirs is not configured. We recommend adding this setting. Falling back to ozone.metadata.dirs instead.
2019-10-14 11:47:23,745 [main] WARN  server.ServerUtils (ServerUtils.java:getDBPath(222)) - ozone.om.db.dirs is not configured. We recommend adding this setting. Falling back to ozone.metadata.dirs instead.
2019-10-14 11:47:24,465 [main] WARN  server.ServerUtils (ServerUtils.java:getDBPath(222)) - ozone.om.db.dirs is not configured. We recommend adding this setting. Falling back to ozone.metadata.dirs instead.
2019-10-14 11:47:24,473 [main] INFO  db.DBStoreBuilder (DBStoreBuilder.java:addTable(117)) - using custom profile for table: userTable
2019-10-14 11:47:24,473 [main] INFO  db.DBStoreBuilder (DBStoreBuilder.java:processTables(168)) - Using default column profile:DBProfile.DISK for Table:userTable
2019-10-14 11:47:24,474 [main] INFO  db.DBStoreBuilder (DBStoreBuilder.java:addTable(117)) - using custom profile for table: volumeTable
2019-10-14 11:47:24,474 [main] INFO  db.DBStoreBuilder (DBStoreBuilder.java:processTables(168)) - Using default column profile:DBProfile.DISK for Table:volumeTable
2019-10-14 11:47:24,474 [main] INFO  db.DBStoreBuilder (DBStoreBuilder.java:addTable(117)) - using custom profile for table: bucketTable
2019-10-14 11:47:24,475 [main] INFO  db.DBStoreBuilder (DBStoreBuilder.java:processTables(168)) - Using default column profile:DBProfile.DISK for Table:bucketTable
2019-10-14 11:47:24,475 [main] INFO  db.DBStoreBuilder (DBStoreBuilder.java:addTable(117)) - using custom profile for table: keyTable
2019-10-14 11:47:24,475 [main] INFO  db.DBStoreBuilder (DBStoreBuilder.java:processTables(168)) - Using default column profile:DBProfile.DISK for Table:keyTable
2019-10-14 11:47:24,475 [main] INFO  db.DBStoreBuilder (DBStoreBuilder.java:addTable(117)) - using custom profile for table: deletedTable
2019-10-14 11:47:24,476 [main] INFO  db.DBStoreBuilder (DBStoreBuilder.java:processTables(168)) - Using default column profile:DBProfile.DISK for Table:deletedTable
2019-10-14 11:47:24,476 [main] INFO  db.DBStoreBuilder (DBStoreBuilder.java:addTable(117)) - using custom profile for table: openKeyTable
2019-10-14 11:47:24,476 [main] INFO  db.DBStoreBuilder (DBStoreBuilder.java:processTables(168)) - Using default column profile:DBProfile.DISK for Table:openKeyTable
2019-10-14 11:47:24,476 [main] INFO  db.DBStoreBuilder (DBStoreBuilder.java:addTable(117)) - using custom profile for table: s3Table
2019-10-14 11:47:24,477 [main] INFO  db.DBStoreBuilder (DBStoreBuilder.java:processTables(168)) - Using default column profile:DBProfile.DISK for Table:s3Table
2019-10-14 11:47:24,477 [main] INFO  db.DBStoreBuilder (DBStoreBuilder.java:addTable(117)) - using custom profile for table: multipartInfoTable
2019-10-14 11:47:24,477 [main] INFO  db.DBStoreBuilder (DBStoreBuilder.java:processTables(168)) - Using default column profile:DBProfile.DISK for Table:multipartInfoTable
2019-10-14 11:47:24,477 [main] INFO  db.DBStoreBuilder (DBStoreBuilder.java:addTable(117)) - using custom profile for table: dTokenTable
2019-10-14 11:47:24,478 [main] INFO  db.DBStoreBuilder (DBStoreBuilder.java:processTables(168)) - Using default column profile:DBProfile.DISK for Table:dTokenTable
2019-10-14 11:47:24,478 [main] INFO  db.DBStoreBuilder (DBStoreBuilder.java:addTable(117)) - using custom profile for table: s3SecretTable
2019-10-14 11:47:24,478 [main] INFO  db.DBStoreBuilder (DBStoreBuilder.java:processTables(168)) - Using default column profile:DBProfile.DISK for Table:s3SecretTable
2019-10-14 11:47:24,478 [main] INFO  db.DBStoreBuilder (DBStoreBuilder.java:addTable(117)) - using custom profile for table: prefixTable
2019-10-14 11:47:24,479 [main] INFO  db.DBStoreBuilder (DBStoreBuilder.java:processTables(168)) - Using default column profile:DBProfile.DISK for Table:prefixTable
2019-10-14 11:47:24,479 [main] INFO  db.DBStoreBuilder (DBStoreBuilder.java:addTable(117)) - using custom profile for table: default
2019-10-14 11:47:24,479 [main] INFO  db.DBStoreBuilder (DBStoreBuilder.java:processTables(174)) - Using default column profile:DBProfile.DISK for Table:default
2019-10-14 11:47:24,479 [main] INFO  db.DBStoreBuilder (DBStoreBuilder.java:getDbProfile(205)) - Using default options. DBProfile.DISK
2019-10-14 11:47:25,061 [main] INFO  ipc.CallQueueManager (CallQueueManager.java:<init>(84)) - Using callQueue: class java.util.concurrent.LinkedBlockingQueue, queueCapacity: 2000, scheduler: class org.apache.hadoop.ipc.DefaultRpcScheduler, ipcBackoff: false.
2019-10-14 11:47:25,062 [Socket Reader #1 for port 35426] INFO  ipc.Server (Server.java:run(1074)) - Starting Socket Reader #1 for port 35426
2019-10-14 11:47:25,080 [main] INFO  om.OzoneManager (OzoneManager.java:start(1071)) - OzoneManager RPC server is listening at localhost/127.0.0.1:35426
2019-10-14 11:47:25,081 [main] INFO  impl.MetricsSystemImpl (MetricsSystemImpl.java:init(158)) - OzoneManager metrics system started (again)
2019-10-14 11:47:25,090 [IPC Server Responder] INFO  ipc.Server (Server.java:run(1314)) - IPC Server Responder: starting
2019-10-14 11:47:25,091 [IPC Server listener on 35426] INFO  ipc.Server (Server.java:run(1153)) - IPC Server listener on 35426: starting
2019-10-14 11:47:25,094 [main] INFO  hdfs.DFSUtil (DFSUtil.java:httpServerTemplateForNNAndJN(1641)) - Starting Web-server for ozoneManager at: http://0.0.0.0:0
2019-10-14 11:47:25,096 [main] INFO  server.AuthenticationFilter (AuthenticationFilter.java:constructSecretProvider(240)) - Unable to initialize FileSignerSecretProvider, falling back to use random secrets.
2019-10-14 11:47:25,096 [main] WARN  http.HttpRequestLog (HttpRequestLog.java:getRequestLog(97)) - Jetty request log can only be enabled using Log4j
2019-10-14 11:47:25,099 [main] INFO  http.HttpServer2 (HttpServer2.java:addGlobalFilter(975)) - Added global filter 'safety' (class=org.apache.hadoop.http.HttpServer2$QuotingInputFilter)
2019-10-14 11:47:25,099 [main] INFO  http.HttpServer2 (HttpServer2.java:addFilter(948)) - Added filter static_user_filter (class=org.apache.hadoop.http.lib.StaticUserWebFilter$StaticUserFilter) to context ozoneManager
2019-10-14 11:47:25,100 [main] INFO  http.HttpServer2 (HttpServer2.java:addFilter(958)) - Added filter static_user_filter (class=org.apache.hadoop.http.lib.StaticUserWebFilter$StaticUserFilter) to context logs
2019-10-14 11:47:25,100 [main] INFO  http.HttpServer2 (HttpServer2.java:addFilter(958)) - Added filter static_user_filter (class=org.apache.hadoop.http.lib.StaticUserWebFilter$StaticUserFilter) to context static
2019-10-14 11:47:25,102 [main] INFO  http.HttpServer2 (HttpServer2.java:bindListener(1191)) - Jetty bound to port 40829
2019-10-14 11:47:25,102 [main] INFO  server.Server (Server.java:doStart(351)) - jetty-9.3.25.v20180904, build timestamp: 2018-09-04T21:11:46Z, git hash: 3ce520221d0240229c862b122d2b06c12a625732
2019-10-14 11:47:25,103 [main] INFO  handler.ContextHandler (ContextHandler.java:doStart(781)) - Started o.e.j.s.ServletContextHandler@67001148{/logs,file:///workdir/hadoop-ozone/integration-test/target/log,AVAILABLE}
2019-10-14 11:47:25,104 [main] INFO  handler.ContextHandler (ContextHandler.java:doStart(781)) - Started o.e.j.s.ServletContextHandler@31cb96e1{/static,file:///workdir/hadoop-ozone/integration-test/target/test-classes/webapps/static,AVAILABLE}
2019-10-14 11:47:25,108 [main] INFO  handler.ContextHandler (ContextHandler.java:doStart(781)) - Started o.e.j.w.WebAppContext@2fc07784{/,file:///workdir/hadoop-ozone/integration-test/target/test-classes/webapps/ozoneManager/,AVAILABLE}{/ozoneManager}
2019-10-14 11:47:25,109 [main] INFO  server.AbstractConnector (AbstractConnector.java:doStart(278)) - Started ServerConnector@353efdbf{HTTP/1.1,[http/1.1]}{0.0.0.0:40829}
2019-10-14 11:47:25,109 [main] INFO  server.Server (Server.java:doStart(419)) - Started @13434ms
2019-10-14 11:47:25,109 [main] WARN  impl.MetricsSystemImpl (MetricsSystemImpl.java:register(276)) - Sink prometheus already exists!
2019-10-14 11:47:25,110 [main] INFO  server.BaseHttpServer (BaseHttpServer.java:updateConnectorAddress(215)) - HTTP server of OZONEMANAGER is listening at http://0.0.0.0:40829
2019-10-14 11:47:25,406 [main] INFO  impl.MetricsSystemImpl (MetricsSystemImpl.java:init(158)) - HddsDatanode metrics system started (again)
2019-10-14 11:47:25,445 [main] INFO  ozone.HddsDatanodeService (HddsDatanodeService.java:start(184)) - HddsDatanodeService host:pr-hdds-2298-bsdkb-3913594898 ip:192.168.164.236
2019-10-14 11:47:25,472 [main] INFO  volume.HddsVolume (HddsVolume.java:<init>(176)) - Creating Volume: /workdir/hadoop-ozone/integration-test/target/test-dir/MiniOzoneClusterImpl-70ec8ae2-7faf-4a8c-b4a4-6e56eb0602b1/datanode-0/data/containers/hdds of  storage type : DISK and capacity : 1482555576320
2019-10-14 11:47:25,474 [main] INFO  volume.VolumeSet (VolumeSet.java:initializeVolumeSet(170)) - Added Volume : /workdir/hadoop-ozone/integration-test/target/test-dir/MiniOzoneClusterImpl-70ec8ae2-7faf-4a8c-b4a4-6e56eb0602b1/datanode-0/data/containers/hdds to VolumeSet
2019-10-14 11:47:25,476 [main] INFO  volume.ThrottledAsyncChecker (ThrottledAsyncChecker.java:schedule(141)) - Scheduling a check for org.apache.hadoop.ozone.container.common.volume.HddsVolume@45d6ef73
2019-10-14 11:47:25,491 [main] INFO  volume.HddsVolumeChecker (HddsVolumeChecker.java:checkAllVolumes(204)) - Scheduled health check for volume org.apache.hadoop.ozone.container.common.volume.HddsVolume@45d6ef73
2019-10-14 11:47:25,595 [main] INFO  impl.RaftServerProxy (ConfUtils.java:logGet(43)) - raft.rpc.type = GRPC (default)
2019-10-14 11:47:25,659 [main] INFO  grpc.GrpcFactory (GrpcFactory.java:checkPooledByteBufAllocatorUseCacheForAllThreads(45)) - PERFORMANCE WARNING: useCacheForAllThreads is true that may cause Netty to create a lot garbage objects and, as a result, trigger GC.
	It is recommended to disable useCacheForAllThreads by setting -Dorg.apache.ratis.thirdparty.io.netty.allocator.useCacheForAllThreads=false in command line.
2019-10-14 11:47:25,664 [main] INFO  grpc.GrpcConfigKeys$Server (ConfUtils.java:logGet(43)) - raft.grpc.server.port = 0 (default)
2019-10-14 11:47:25,665 [main] INFO  server.GrpcService (ConfUtils.java:logGet(43)) - raft.grpc.message.size.max = 33570816 (custom)
2019-10-14 11:47:25,667 [main] INFO  server.RaftServerConfigKeys (ConfUtils.java:logGet(43)) - raft.server.log.appender.buffer.byte-limit = 33554432 (custom)
2019-10-14 11:47:25,668 [main] INFO  server.GrpcService (ConfUtils.java:logGet(43)) - raft.grpc.flow.control.window = 1MB (=1048576) (default)
2019-10-14 11:47:25,669 [main] INFO  server.RaftServerConfigKeys (ConfUtils.java:logGet(43)) - raft.server.rpc.request.timeout = 3000ms (default)
2019-10-14 11:47:25,824 [main] INFO  server.RaftServerConfigKeys (ConfUtils.java:logGet(43)) - raft.server.storage.dir = [/workdir/hadoop-ozone/integration-test/target/test-dir/MiniOzoneClusterImpl-70ec8ae2-7faf-4a8c-b4a4-6e56eb0602b1/datanode-0/data/ratis] (custom)
2019-10-14 11:47:25,876 [main] INFO  hdfs.DFSUtil (DFSUtil.java:httpServerTemplateForNNAndJN(1641)) - Starting Web-server for hddsDatanode at: http://0.0.0.0:0
2019-10-14 11:47:25,877 [main] INFO  server.AuthenticationFilter (AuthenticationFilter.java:constructSecretProvider(240)) - Unable to initialize FileSignerSecretProvider, falling back to use random secrets.
2019-10-14 11:47:25,878 [main] WARN  http.HttpRequestLog (HttpRequestLog.java:getRequestLog(97)) - Jetty request log can only be enabled using Log4j
2019-10-14 11:47:25,879 [main] INFO  http.HttpServer2 (HttpServer2.java:addGlobalFilter(975)) - Added global filter 'safety' (class=org.apache.hadoop.http.HttpServer2$QuotingInputFilter)
2019-10-14 11:47:25,880 [main] INFO  http.HttpServer2 (HttpServer2.java:addFilter(948)) - Added filter static_user_filter (class=org.apache.hadoop.http.lib.StaticUserWebFilter$StaticUserFilter) to context hddsDatanode
2019-10-14 11:47:25,880 [main] INFO  http.HttpServer2 (HttpServer2.java:addFilter(958)) - Added filter static_user_filter (class=org.apache.hadoop.http.lib.StaticUserWebFilter$StaticUserFilter) to context logs
2019-10-14 11:47:25,880 [main] INFO  http.HttpServer2 (HttpServer2.java:addFilter(958)) - Added filter static_user_filter (class=org.apache.hadoop.http.lib.StaticUserWebFilter$StaticUserFilter) to context static
2019-10-14 11:47:25,881 [main] INFO  http.HttpServer2 (HttpServer2.java:bindListener(1191)) - Jetty bound to port 33645
2019-10-14 11:47:25,882 [main] INFO  server.Server (Server.java:doStart(351)) - jetty-9.3.25.v20180904, build timestamp: 2018-09-04T21:11:46Z, git hash: 3ce520221d0240229c862b122d2b06c12a625732
2019-10-14 11:47:25,885 [main] INFO  handler.ContextHandler (ContextHandler.java:doStart(781)) - Started o.e.j.s.ServletContextHandler@65b97f47{/logs,file:///workdir/hadoop-ozone/integration-test/target/log,AVAILABLE}
2019-10-14 11:47:25,886 [main] INFO  handler.ContextHandler (ContextHandler.java:doStart(781)) - Started o.e.j.s.ServletContextHandler@476fe690{/static,jar:file:/home/user/.m2/repository/org/apache/hadoop/hadoop-hdds-container-service/0.5.0-SNAPSHOT/hadoop-hdds-container-service-0.5.0-SNAPSHOT.jar!/webapps/static,AVAILABLE}
2019-10-14 11:47:25,919 [main] INFO  handler.ContextHandler (ContextHandler.java:doStart(781)) - Started o.e.j.w.WebAppContext@22a6e998{/,file:///tmp/jetty-0.0.0.0-33645-hddsDatanode-_-any-5037981134330202700.dir/webapp/,AVAILABLE}{/hddsDatanode}
2019-10-14 11:47:25,920 [main] INFO  server.AbstractConnector (AbstractConnector.java:doStart(278)) - Started ServerConnector@55e42449{HTTP/1.1,[http/1.1]}{0.0.0.0:33645}
2019-10-14 11:47:25,921 [main] INFO  server.Server (Server.java:doStart(419)) - Started @14246ms
2019-10-14 11:47:25,921 [main] WARN  impl.MetricsSystemImpl (MetricsSystemImpl.java:register(276)) - Sink prometheus already exists!
2019-10-14 11:47:25,922 [main] INFO  server.BaseHttpServer (BaseHttpServer.java:updateConnectorAddress(215)) - HTTP server of HDDSDATANODE is listening at http://0.0.0.0:33645
2019-10-14 11:47:25,922 [main] INFO  impl.MetricsSystemImpl (MetricsSystemImpl.java:init(158)) - HddsDatanode metrics system started (again)
2019-10-14 11:47:25,925 [main] INFO  ozone.HddsDatanodeService (HddsDatanodeService.java:start(184)) - HddsDatanodeService host:pr-hdds-2298-bsdkb-3913594898 ip:192.168.164.236
2019-10-14 11:47:25,931 [main] INFO  volume.HddsVolume (HddsVolume.java:<init>(176)) - Creating Volume: /workdir/hadoop-ozone/integration-test/target/test-dir/MiniOzoneClusterImpl-70ec8ae2-7faf-4a8c-b4a4-6e56eb0602b1/datanode-1/data/containers/hdds of  storage type : DISK and capacity : 1482555576320
2019-10-14 11:47:25,932 [main] INFO  volume.VolumeSet (VolumeSet.java:initializeVolumeSet(170)) - Added Volume : /workdir/hadoop-ozone/integration-test/target/test-dir/MiniOzoneClusterImpl-70ec8ae2-7faf-4a8c-b4a4-6e56eb0602b1/datanode-1/data/containers/hdds to VolumeSet
2019-10-14 11:47:25,932 [main] INFO  volume.ThrottledAsyncChecker (ThrottledAsyncChecker.java:schedule(141)) - Scheduling a check for org.apache.hadoop.ozone.container.common.volume.HddsVolume@5460b754
2019-10-14 11:47:25,932 [org.apache.hadoop.util.JvmPauseMonitor$Monitor@a88d39] INFO  util.JvmPauseMonitor (JvmPauseMonitor.java:run(188)) - Starting JVM pause monitor
2019-10-14 11:47:25,933 [main] INFO  volume.HddsVolumeChecker (HddsVolumeChecker.java:checkAllVolumes(204)) - Scheduled health check for volume org.apache.hadoop.ozone.container.common.volume.HddsVolume@5460b754
2019-10-14 11:47:25,950 [main] INFO  impl.RaftServerProxy (ConfUtils.java:logGet(43)) - raft.rpc.type = GRPC (default)
2019-10-14 11:47:25,950 [main] INFO  grpc.GrpcFactory (GrpcFactory.java:checkPooledByteBufAllocatorUseCacheForAllThreads(45)) - PERFORMANCE WARNING: useCacheForAllThreads is true that may cause Netty to create a lot garbage objects and, as a result, trigger GC.
	It is recommended to disable useCacheForAllThreads by setting -Dorg.apache.ratis.thirdparty.io.netty.allocator.useCacheForAllThreads=false in command line.
2019-10-14 11:47:25,951 [main] INFO  grpc.GrpcConfigKeys$Server (ConfUtils.java:logGet(43)) - raft.grpc.server.port = 0 (default)
2019-10-14 11:47:25,951 [main] INFO  server.GrpcService (ConfUtils.java:logGet(43)) - raft.grpc.message.size.max = 33570816 (custom)
2019-10-14 11:47:25,951 [main] INFO  server.RaftServerConfigKeys (ConfUtils.java:logGet(43)) - raft.server.log.appender.buffer.byte-limit = 33554432 (custom)
2019-10-14 11:47:25,951 [main] INFO  server.GrpcService (ConfUtils.java:logGet(43)) - raft.grpc.flow.control.window = 1MB (=1048576) (default)
2019-10-14 11:47:25,952 [main] INFO  server.RaftServerConfigKeys (ConfUtils.java:logGet(43)) - raft.server.rpc.request.timeout = 3000ms (default)
2019-10-14 11:47:25,952 [main] INFO  server.RaftServerConfigKeys (ConfUtils.java:logGet(43)) - raft.server.storage.dir = [/workdir/hadoop-ozone/integration-test/target/test-dir/MiniOzoneClusterImpl-70ec8ae2-7faf-4a8c-b4a4-6e56eb0602b1/datanode-1/data/ratis] (custom)
2019-10-14 11:47:25,954 [main] INFO  hdfs.DFSUtil (DFSUtil.java:httpServerTemplateForNNAndJN(1641)) - Starting Web-server for hddsDatanode at: http://0.0.0.0:0
2019-10-14 11:47:25,955 [main] INFO  server.AuthenticationFilter (AuthenticationFilter.java:constructSecretProvider(240)) - Unable to initialize FileSignerSecretProvider, falling back to use random secrets.
2019-10-14 11:47:25,956 [main] WARN  http.HttpRequestLog (HttpRequestLog.java:getRequestLog(97)) - Jetty request log can only be enabled using Log4j
2019-10-14 11:47:25,957 [main] INFO  http.HttpServer2 (HttpServer2.java:addGlobalFilter(975)) - Added global filter 'safety' (class=org.apache.hadoop.http.HttpServer2$QuotingInputFilter)
2019-10-14 11:47:25,958 [main] INFO  http.HttpServer2 (HttpServer2.java:addFilter(948)) - Added filter static_user_filter (class=org.apache.hadoop.http.lib.StaticUserWebFilter$StaticUserFilter) to context hddsDatanode
2019-10-14 11:47:25,958 [main] INFO  http.HttpServer2 (HttpServer2.java:addFilter(958)) - Added filter static_user_filter (class=org.apache.hadoop.http.lib.StaticUserWebFilter$StaticUserFilter) to context logs
2019-10-14 11:47:25,958 [main] INFO  http.HttpServer2 (HttpServer2.java:addFilter(958)) - Added filter static_user_filter (class=org.apache.hadoop.http.lib.StaticUserWebFilter$StaticUserFilter) to context static
2019-10-14 11:47:25,959 [main] INFO  http.HttpServer2 (HttpServer2.java:bindListener(1191)) - Jetty bound to port 39494
2019-10-14 11:47:25,959 [main] INFO  server.Server (Server.java:doStart(351)) - jetty-9.3.25.v20180904, build timestamp: 2018-09-04T21:11:46Z, git hash: 3ce520221d0240229c862b122d2b06c12a625732
2019-10-14 11:47:25,961 [main] INFO  handler.ContextHandler (ContextHandler.java:doStart(781)) - Started o.e.j.s.ServletContextHandler@7fdab70c{/logs,file:///workdir/hadoop-ozone/integration-test/target/log,AVAILABLE}
2019-10-14 11:47:25,961 [main] INFO  handler.ContextHandler (ContextHandler.java:doStart(781)) - Started o.e.j.s.ServletContextHandler@49faf066{/static,jar:file:/home/user/.m2/repository/org/apache/hadoop/hadoop-hdds-container-service/0.5.0-SNAPSHOT/hadoop-hdds-container-service-0.5.0-SNAPSHOT.jar!/webapps/static,AVAILABLE}
2019-10-14 11:47:25,990 [main] INFO  handler.ContextHandler (ContextHandler.java:doStart(781)) - Started o.e.j.w.WebAppContext@6c3659be{/,file:///tmp/jetty-0.0.0.0-39494-hddsDatanode-_-any-3454464592718384182.dir/webapp/,AVAILABLE}{/hddsDatanode}
2019-10-14 11:47:25,992 [main] INFO  server.AbstractConnector (AbstractConnector.java:doStart(278)) - Started ServerConnector@522bf64e{HTTP/1.1,[http/1.1]}{0.0.0.0:39494}
2019-10-14 11:47:25,992 [main] INFO  server.Server (Server.java:doStart(419)) - Started @14317ms
2019-10-14 11:47:25,992 [main] WARN  impl.MetricsSystemImpl (MetricsSystemImpl.java:register(276)) - Sink prometheus already exists!
2019-10-14 11:47:25,993 [main] INFO  server.BaseHttpServer (BaseHttpServer.java:updateConnectorAddress(215)) - HTTP server of HDDSDATANODE is listening at http://0.0.0.0:39494
2019-10-14 11:47:25,996 [main] INFO  impl.MetricsSystemImpl (MetricsSystemImpl.java:init(158)) - HddsDatanode metrics system started (again)
2019-10-14 11:47:25,999 [org.apache.hadoop.util.JvmPauseMonitor$Monitor@658bc7d8] INFO  util.JvmPauseMonitor (JvmPauseMonitor.java:run(188)) - Starting JVM pause monitor
2019-10-14 11:47:26,000 [main] INFO  ozone.HddsDatanodeService (HddsDatanodeService.java:start(184)) - HddsDatanodeService host:pr-hdds-2298-bsdkb-3913594898 ip:192.168.164.236
2019-10-14 11:47:26,011 [main] INFO  volume.HddsVolume (HddsVolume.java:<init>(176)) - Creating Volume: /workdir/hadoop-ozone/integration-test/target/test-dir/MiniOzoneClusterImpl-70ec8ae2-7faf-4a8c-b4a4-6e56eb0602b1/datanode-2/data/containers/hdds of  storage type : DISK and capacity : 1482555576320
2019-10-14 11:47:26,011 [main] INFO  volume.VolumeSet (VolumeSet.java:initializeVolumeSet(170)) - Added Volume : /workdir/hadoop-ozone/integration-test/target/test-dir/MiniOzoneClusterImpl-70ec8ae2-7faf-4a8c-b4a4-6e56eb0602b1/datanode-2/data/containers/hdds to VolumeSet
2019-10-14 11:47:26,012 [main] INFO  volume.ThrottledAsyncChecker (ThrottledAsyncChecker.java:schedule(141)) - Scheduling a check for org.apache.hadoop.ozone.container.common.volume.HddsVolume@4d21c56e
2019-10-14 11:47:26,012 [main] INFO  volume.HddsVolumeChecker (HddsVolumeChecker.java:checkAllVolumes(204)) - Scheduled health check for volume org.apache.hadoop.ozone.container.common.volume.HddsVolume@4d21c56e
2019-10-14 11:47:26,033 [main] INFO  impl.RaftServerProxy (ConfUtils.java:logGet(43)) - raft.rpc.type = GRPC (default)
2019-10-14 11:47:26,033 [main] INFO  grpc.GrpcFactory (GrpcFactory.java:checkPooledByteBufAllocatorUseCacheForAllThreads(45)) - PERFORMANCE WARNING: useCacheForAllThreads is true that may cause Netty to create a lot garbage objects and, as a result, trigger GC.
	It is recommended to disable useCacheForAllThreads by setting -Dorg.apache.ratis.thirdparty.io.netty.allocator.useCacheForAllThreads=false in command line.
2019-10-14 11:47:26,033 [main] INFO  grpc.GrpcConfigKeys$Server (ConfUtils.java:logGet(43)) - raft.grpc.server.port = 0 (default)
2019-10-14 11:47:26,034 [main] INFO  server.GrpcService (ConfUtils.java:logGet(43)) - raft.grpc.message.size.max = 33570816 (custom)
2019-10-14 11:47:26,034 [main] INFO  server.RaftServerConfigKeys (ConfUtils.java:logGet(43)) - raft.server.log.appender.buffer.byte-limit = 33554432 (custom)
2019-10-14 11:47:26,034 [main] INFO  server.GrpcService (ConfUtils.java:logGet(43)) - raft.grpc.flow.control.window = 1MB (=1048576) (default)
2019-10-14 11:47:26,034 [main] INFO  server.RaftServerConfigKeys (ConfUtils.java:logGet(43)) - raft.server.rpc.request.timeout = 3000ms (default)
2019-10-14 11:47:26,035 [main] INFO  server.RaftServerConfigKeys (ConfUtils.java:logGet(43)) - raft.server.storage.dir = [/workdir/hadoop-ozone/integration-test/target/test-dir/MiniOzoneClusterImpl-70ec8ae2-7faf-4a8c-b4a4-6e56eb0602b1/datanode-2/data/ratis] (custom)
2019-10-14 11:47:26,037 [main] INFO  hdfs.DFSUtil (DFSUtil.java:httpServerTemplateForNNAndJN(1641)) - Starting Web-server for hddsDatanode at: http://0.0.0.0:0
2019-10-14 11:47:26,039 [main] INFO  server.AuthenticationFilter (AuthenticationFilter.java:constructSecretProvider(240)) - Unable to initialize FileSignerSecretProvider, falling back to use random secrets.
2019-10-14 11:47:26,040 [main] WARN  http.HttpRequestLog (HttpRequestLog.java:getRequestLog(97)) - Jetty request log can only be enabled using Log4j
2019-10-14 11:47:26,042 [main] INFO  http.HttpServer2 (HttpServer2.java:addGlobalFilter(975)) - Added global filter 'safety' (class=org.apache.hadoop.http.HttpServer2$QuotingInputFilter)
2019-10-14 11:47:26,043 [main] INFO  http.HttpServer2 (HttpServer2.java:addFilter(948)) - Added filter static_user_filter (class=org.apache.hadoop.http.lib.StaticUserWebFilter$StaticUserFilter) to context hddsDatanode
2019-10-14 11:47:26,043 [main] INFO  http.HttpServer2 (HttpServer2.java:addFilter(958)) - Added filter static_user_filter (class=org.apache.hadoop.http.lib.StaticUserWebFilter$StaticUserFilter) to context logs
2019-10-14 11:47:26,043 [main] INFO  http.HttpServer2 (HttpServer2.java:addFilter(958)) - Added filter static_user_filter (class=org.apache.hadoop.http.lib.StaticUserWebFilter$StaticUserFilter) to context static
2019-10-14 11:47:26,044 [main] INFO  http.HttpServer2 (HttpServer2.java:bindListener(1191)) - Jetty bound to port 36444
2019-10-14 11:47:26,044 [main] INFO  server.Server (Server.java:doStart(351)) - jetty-9.3.25.v20180904, build timestamp: 2018-09-04T21:11:46Z, git hash: 3ce520221d0240229c862b122d2b06c12a625732
2019-10-14 11:47:26,051 [main] INFO  handler.ContextHandler (ContextHandler.java:doStart(781)) - Started o.e.j.s.ServletContextHandler@10f7c76{/logs,file:///workdir/hadoop-ozone/integration-test/target/log,AVAILABLE}
2019-10-14 11:47:26,052 [main] INFO  handler.ContextHandler (ContextHandler.java:doStart(781)) - Started o.e.j.s.ServletContextHandler@2f2bff16{/static,jar:file:/home/user/.m2/repository/org/apache/hadoop/hadoop-hdds-container-service/0.5.0-SNAPSHOT/hadoop-hdds-container-service-0.5.0-SNAPSHOT.jar!/webapps/static,AVAILABLE}
2019-10-14 11:47:26,084 [Datanode State Machine Thread - 0] INFO  datanode.InitDatanodeState (InitDatanodeState.java:persistContainerDatanodeDetails(140)) - DatanodeDetails is persisted to /workdir/hadoop-ozone/integration-test/target/test-dir/MiniOzoneClusterImpl-70ec8ae2-7faf-4a8c-b4a4-6e56eb0602b1/datanode-0/meta/datanode.id
2019-10-14 11:47:26,087 [Datanode State Machine Thread - 0] INFO  datanode.InitDatanodeState (InitDatanodeState.java:persistContainerDatanodeDetails(140)) - DatanodeDetails is persisted to /workdir/hadoop-ozone/integration-test/target/test-dir/MiniOzoneClusterImpl-70ec8ae2-7faf-4a8c-b4a4-6e56eb0602b1/datanode-1/meta/datanode.id
2019-10-14 11:47:26,104 [main] INFO  handler.ContextHandler (ContextHandler.java:doStart(781)) - Started o.e.j.w.WebAppContext@7724704f{/,file:///tmp/jetty-0.0.0.0-36444-hddsDatanode-_-any-4520781030873677787.dir/webapp/,AVAILABLE}{/hddsDatanode}
2019-10-14 11:47:26,105 [main] INFO  server.AbstractConnector (AbstractConnector.java:doStart(278)) - Started ServerConnector@4c94957{HTTP/1.1,[http/1.1]}{0.0.0.0:36444}
2019-10-14 11:47:26,106 [main] INFO  server.Server (Server.java:doStart(419)) - Started @14431ms
2019-10-14 11:47:26,106 [main] WARN  impl.MetricsSystemImpl (MetricsSystemImpl.java:register(276)) - Sink prometheus already exists!
2019-10-14 11:47:26,107 [main] INFO  server.BaseHttpServer (BaseHttpServer.java:updateConnectorAddress(215)) - HTTP server of HDDSDATANODE is listening at http://0.0.0.0:36444
2019-10-14 11:47:26,108 [main] INFO  impl.MetricsSystemImpl (MetricsSystemImpl.java:init(158)) - HddsDatanode metrics system started (again)
2019-10-14 11:47:26,111 [main] INFO  ozone.HddsDatanodeService (HddsDatanodeService.java:start(184)) - HddsDatanodeService host:pr-hdds-2298-bsdkb-3913594898 ip:192.168.164.236
2019-10-14 11:47:26,115 [org.apache.hadoop.util.JvmPauseMonitor$Monitor@517e2b95] INFO  util.JvmPauseMonitor (JvmPauseMonitor.java:run(188)) - Starting JVM pause monitor
2019-10-14 11:47:26,116 [Datanode State Machine Thread - 0] INFO  datanode.InitDatanodeState (InitDatanodeState.java:persistContainerDatanodeDetails(140)) - DatanodeDetails is persisted to /workdir/hadoop-ozone/integration-test/target/test-dir/MiniOzoneClusterImpl-70ec8ae2-7faf-4a8c-b4a4-6e56eb0602b1/datanode-2/meta/datanode.id
2019-10-14 11:47:26,125 [main] INFO  volume.HddsVolume (HddsVolume.java:<init>(176)) - Creating Volume: /workdir/hadoop-ozone/integration-test/target/test-dir/MiniOzoneClusterImpl-70ec8ae2-7faf-4a8c-b4a4-6e56eb0602b1/datanode-3/data/containers/hdds of  storage type : DISK and capacity : 1482555576320
2019-10-14 11:47:26,126 [main] INFO  volume.VolumeSet (VolumeSet.java:initializeVolumeSet(170)) - Added Volume : /workdir/hadoop-ozone/integration-test/target/test-dir/MiniOzoneClusterImpl-70ec8ae2-7faf-4a8c-b4a4-6e56eb0602b1/datanode-3/data/containers/hdds to VolumeSet
2019-10-14 11:47:26,126 [main] INFO  volume.ThrottledAsyncChecker (ThrottledAsyncChecker.java:schedule(141)) - Scheduling a check for org.apache.hadoop.ozone.container.common.volume.HddsVolume@43af351a
2019-10-14 11:47:26,127 [main] INFO  volume.HddsVolumeChecker (HddsVolumeChecker.java:checkAllVolumes(204)) - Scheduled health check for volume org.apache.hadoop.ozone.container.common.volume.HddsVolume@43af351a
2019-10-14 11:47:26,150 [main] INFO  impl.RaftServerProxy (ConfUtils.java:logGet(43)) - raft.rpc.type = GRPC (default)
2019-10-14 11:47:26,150 [main] INFO  grpc.GrpcFactory (GrpcFactory.java:checkPooledByteBufAllocatorUseCacheForAllThreads(45)) - PERFORMANCE WARNING: useCacheForAllThreads is true that may cause Netty to create a lot garbage objects and, as a result, trigger GC.
	It is recommended to disable useCacheForAllThreads by setting -Dorg.apache.ratis.thirdparty.io.netty.allocator.useCacheForAllThreads=false in command line.
2019-10-14 11:47:26,151 [main] INFO  grpc.GrpcConfigKeys$Server (ConfUtils.java:logGet(43)) - raft.grpc.server.port = 0 (default)
2019-10-14 11:47:26,152 [main] INFO  server.GrpcService (ConfUtils.java:logGet(43)) - raft.grpc.message.size.max = 33570816 (custom)
2019-10-14 11:47:26,152 [main] INFO  server.RaftServerConfigKeys (ConfUtils.java:logGet(43)) - raft.server.log.appender.buffer.byte-limit = 33554432 (custom)
2019-10-14 11:47:26,153 [main] INFO  server.GrpcService (ConfUtils.java:logGet(43)) - raft.grpc.flow.control.window = 1MB (=1048576) (default)
2019-10-14 11:47:26,153 [main] INFO  server.RaftServerConfigKeys (ConfUtils.java:logGet(43)) - raft.server.rpc.request.timeout = 3000ms (default)
2019-10-14 11:47:26,154 [main] INFO  server.RaftServerConfigKeys (ConfUtils.java:logGet(43)) - raft.server.storage.dir = [/workdir/hadoop-ozone/integration-test/target/test-dir/MiniOzoneClusterImpl-70ec8ae2-7faf-4a8c-b4a4-6e56eb0602b1/datanode-3/data/ratis] (custom)
2019-10-14 11:47:26,156 [main] INFO  hdfs.DFSUtil (DFSUtil.java:httpServerTemplateForNNAndJN(1641)) - Starting Web-server for hddsDatanode at: http://0.0.0.0:0
2019-10-14 11:47:26,158 [main] INFO  server.AuthenticationFilter (AuthenticationFilter.java:constructSecretProvider(240)) - Unable to initialize FileSignerSecretProvider, falling back to use random secrets.
2019-10-14 11:47:26,158 [main] WARN  http.HttpRequestLog (HttpRequestLog.java:getRequestLog(97)) - Jetty request log can only be enabled using Log4j
2019-10-14 11:47:26,160 [main] INFO  http.HttpServer2 (HttpServer2.java:addGlobalFilter(975)) - Added global filter 'safety' (class=org.apache.hadoop.http.HttpServer2$QuotingInputFilter)
2019-10-14 11:47:26,161 [main] INFO  http.HttpServer2 (HttpServer2.java:addFilter(948)) - Added filter static_user_filter (class=org.apache.hadoop.http.lib.StaticUserWebFilter$StaticUserFilter) to context hddsDatanode
2019-10-14 11:47:26,162 [main] INFO  http.HttpServer2 (HttpServer2.java:addFilter(958)) - Added filter static_user_filter (class=org.apache.hadoop.http.lib.StaticUserWebFilter$StaticUserFilter) to context logs
2019-10-14 11:47:26,162 [main] INFO  http.HttpServer2 (HttpServer2.java:addFilter(958)) - Added filter static_user_filter (class=org.apache.hadoop.http.lib.StaticUserWebFilter$StaticUserFilter) to context static
2019-10-14 11:47:26,163 [main] INFO  http.HttpServer2 (HttpServer2.java:bindListener(1191)) - Jetty bound to port 35429
2019-10-14 11:47:26,163 [main] INFO  server.Server (Server.java:doStart(351)) - jetty-9.3.25.v20180904, build timestamp: 2018-09-04T21:11:46Z, git hash: 3ce520221d0240229c862b122d2b06c12a625732
2019-10-14 11:47:26,165 [main] INFO  handler.ContextHandler (ContextHandler.java:doStart(781)) - Started o.e.j.s.ServletContextHandler@698fee9a{/logs,file:///workdir/hadoop-ozone/integration-test/target/log,AVAILABLE}
2019-10-14 11:47:26,166 [main] INFO  handler.ContextHandler (ContextHandler.java:doStart(781)) - Started o.e.j.s.ServletContextHandler@7d44a19{/static,jar:file:/home/user/.m2/repository/org/apache/hadoop/hadoop-hdds-container-service/0.5.0-SNAPSHOT/hadoop-hdds-container-service-0.5.0-SNAPSHOT.jar!/webapps/static,AVAILABLE}
2019-10-14 11:47:26,205 [main] INFO  handler.ContextHandler (ContextHandler.java:doStart(781)) - Started o.e.j.w.WebAppContext@3a082ff4{/,file:///tmp/jetty-0.0.0.0-35429-hddsDatanode-_-any-5172186688440373933.dir/webapp/,AVAILABLE}{/hddsDatanode}
2019-10-14 11:47:26,206 [main] INFO  server.AbstractConnector (AbstractConnector.java:doStart(278)) - Started ServerConnector@45acdd11{HTTP/1.1,[http/1.1]}{0.0.0.0:35429}
2019-10-14 11:47:26,207 [main] INFO  server.Server (Server.java:doStart(419)) - Started @14532ms
2019-10-14 11:47:26,207 [main] WARN  impl.MetricsSystemImpl (MetricsSystemImpl.java:register(276)) - Sink prometheus already exists!
2019-10-14 11:47:26,208 [main] INFO  server.BaseHttpServer (BaseHttpServer.java:updateConnectorAddress(215)) - HTTP server of HDDSDATANODE is listening at http://0.0.0.0:35429
2019-10-14 11:47:26,208 [main] INFO  impl.MetricsSystemImpl (MetricsSystemImpl.java:init(158)) - HddsDatanode metrics system started (again)
2019-10-14 11:47:26,212 [main] INFO  ozone.HddsDatanodeService (HddsDatanodeService.java:start(184)) - HddsDatanodeService host:pr-hdds-2298-bsdkb-3913594898 ip:192.168.164.236
2019-10-14 11:47:26,212 [org.apache.hadoop.util.JvmPauseMonitor$Monitor@2995e9ce] INFO  util.JvmPauseMonitor (JvmPauseMonitor.java:run(188)) - Starting JVM pause monitor
2019-10-14 11:47:26,214 [Datanode State Machine Thread - 0] INFO  datanode.InitDatanodeState (InitDatanodeState.java:persistContainerDatanodeDetails(140)) - DatanodeDetails is persisted to /workdir/hadoop-ozone/integration-test/target/test-dir/MiniOzoneClusterImpl-70ec8ae2-7faf-4a8c-b4a4-6e56eb0602b1/datanode-3/meta/datanode.id
2019-10-14 11:47:26,222 [main] INFO  volume.HddsVolume (HddsVolume.java:<init>(176)) - Creating Volume: /workdir/hadoop-ozone/integration-test/target/test-dir/MiniOzoneClusterImpl-70ec8ae2-7faf-4a8c-b4a4-6e56eb0602b1/datanode-4/data/containers/hdds of  storage type : DISK and capacity : 1482555576320
2019-10-14 11:47:26,223 [main] INFO  volume.VolumeSet (VolumeSet.java:initializeVolumeSet(170)) - Added Volume : /workdir/hadoop-ozone/integration-test/target/test-dir/MiniOzoneClusterImpl-70ec8ae2-7faf-4a8c-b4a4-6e56eb0602b1/datanode-4/data/containers/hdds to VolumeSet
2019-10-14 11:47:26,223 [main] INFO  volume.ThrottledAsyncChecker (ThrottledAsyncChecker.java:schedule(141)) - Scheduling a check for org.apache.hadoop.ozone.container.common.volume.HddsVolume@2cae9b8
2019-10-14 11:47:26,224 [main] INFO  volume.HddsVolumeChecker (HddsVolumeChecker.java:checkAllVolumes(204)) - Scheduled health check for volume org.apache.hadoop.ozone.container.common.volume.HddsVolume@2cae9b8
2019-10-14 11:47:26,240 [main] INFO  impl.RaftServerProxy (ConfUtils.java:logGet(43)) - raft.rpc.type = GRPC (default)
2019-10-14 11:47:26,241 [main] INFO  grpc.GrpcFactory (GrpcFactory.java:checkPooledByteBufAllocatorUseCacheForAllThreads(45)) - PERFORMANCE WARNING: useCacheForAllThreads is true that may cause Netty to create a lot garbage objects and, as a result, trigger GC.
	It is recommended to disable useCacheForAllThreads by setting -Dorg.apache.ratis.thirdparty.io.netty.allocator.useCacheForAllThreads=false in command line.
2019-10-14 11:47:26,241 [main] INFO  grpc.GrpcConfigKeys$Server (ConfUtils.java:logGet(43)) - raft.grpc.server.port = 0 (default)
2019-10-14 11:47:26,241 [main] INFO  server.GrpcService (ConfUtils.java:logGet(43)) - raft.grpc.message.size.max = 33570816 (custom)
2019-10-14 11:47:26,242 [main] INFO  server.RaftServerConfigKeys (ConfUtils.java:logGet(43)) - raft.server.log.appender.buffer.byte-limit = 33554432 (custom)
2019-10-14 11:47:26,242 [main] INFO  server.GrpcService (ConfUtils.java:logGet(43)) - raft.grpc.flow.control.window = 1MB (=1048576) (default)
2019-10-14 11:47:26,243 [main] INFO  server.RaftServerConfigKeys (ConfUtils.java:logGet(43)) - raft.server.rpc.request.timeout = 3000ms (default)
2019-10-14 11:47:26,243 [main] INFO  server.RaftServerConfigKeys (ConfUtils.java:logGet(43)) - raft.server.storage.dir = [/workdir/hadoop-ozone/integration-test/target/test-dir/MiniOzoneClusterImpl-70ec8ae2-7faf-4a8c-b4a4-6e56eb0602b1/datanode-4/data/ratis] (custom)
2019-10-14 11:47:26,254 [main] INFO  hdfs.DFSUtil (DFSUtil.java:httpServerTemplateForNNAndJN(1641)) - Starting Web-server for hddsDatanode at: http://0.0.0.0:0
2019-10-14 11:47:26,256 [main] INFO  server.AuthenticationFilter (AuthenticationFilter.java:constructSecretProvider(240)) - Unable to initialize FileSignerSecretProvider, falling back to use random secrets.
2019-10-14 11:47:26,257 [main] WARN  http.HttpRequestLog (HttpRequestLog.java:getRequestLog(97)) - Jetty request log can only be enabled using Log4j
2019-10-14 11:47:26,259 [main] INFO  http.HttpServer2 (HttpServer2.java:addGlobalFilter(975)) - Added global filter 'safety' (class=org.apache.hadoop.http.HttpServer2$QuotingInputFilter)
2019-10-14 11:47:26,260 [main] INFO  http.HttpServer2 (HttpServer2.java:addFilter(948)) - Added filter static_user_filter (class=org.apache.hadoop.http.lib.StaticUserWebFilter$StaticUserFilter) to context hddsDatanode
2019-10-14 11:47:26,260 [main] INFO  http.HttpServer2 (HttpServer2.java:addFilter(958)) - Added filter static_user_filter (class=org.apache.hadoop.http.lib.StaticUserWebFilter$StaticUserFilter) to context static
2019-10-14 11:47:26,261 [main] INFO  http.HttpServer2 (HttpServer2.java:addFilter(958)) - Added filter static_user_filter (class=org.apache.hadoop.http.lib.StaticUserWebFilter$StaticUserFilter) to context logs
2019-10-14 11:47:26,262 [main] INFO  http.HttpServer2 (HttpServer2.java:bindListener(1191)) - Jetty bound to port 37461
2019-10-14 11:47:26,262 [main] INFO  server.Server (Server.java:doStart(351)) - jetty-9.3.25.v20180904, build timestamp: 2018-09-04T21:11:46Z, git hash: 3ce520221d0240229c862b122d2b06c12a625732
2019-10-14 11:47:26,264 [main] INFO  handler.ContextHandler (ContextHandler.java:doStart(781)) - Started o.e.j.s.ServletContextHandler@372ca2d6{/logs,file:///workdir/hadoop-ozone/integration-test/target/log,AVAILABLE}
2019-10-14 11:47:26,264 [main] INFO  handler.ContextHandler (ContextHandler.java:doStart(781)) - Started o.e.j.s.ServletContextHandler@38ed139b{/static,jar:file:/home/user/.m2/repository/org/apache/hadoop/hadoop-hdds-container-service/0.5.0-SNAPSHOT/hadoop-hdds-container-service-0.5.0-SNAPSHOT.jar!/webapps/static,AVAILABLE}
2019-10-14 11:47:26,298 [main] INFO  handler.ContextHandler (ContextHandler.java:doStart(781)) - Started o.e.j.w.WebAppContext@5f481b73{/,file:///tmp/jetty-0.0.0.0-37461-hddsDatanode-_-any-8563396070357342753.dir/webapp/,AVAILABLE}{/hddsDatanode}
2019-10-14 11:47:26,299 [main] INFO  server.AbstractConnector (AbstractConnector.java:doStart(278)) - Started ServerConnector@32130e61{HTTP/1.1,[http/1.1]}{0.0.0.0:37461}
2019-10-14 11:47:26,300 [main] INFO  server.Server (Server.java:doStart(419)) - Started @14625ms
2019-10-14 11:47:26,300 [main] WARN  impl.MetricsSystemImpl (MetricsSystemImpl.java:register(276)) - Sink prometheus already exists!
2019-10-14 11:47:26,301 [main] INFO  server.BaseHttpServer (BaseHttpServer.java:updateConnectorAddress(215)) - HTTP server of HDDSDATANODE is listening at http://0.0.0.0:37461
2019-10-14 11:47:26,301 [main] INFO  impl.MetricsSystemImpl (MetricsSystemImpl.java:init(158)) - HddsDatanode metrics system started (again)
2019-10-14 11:47:26,304 [org.apache.hadoop.util.JvmPauseMonitor$Monitor@8e1526c] INFO  util.JvmPauseMonitor (JvmPauseMonitor.java:run(188)) - Starting JVM pause monitor
2019-10-14 11:47:26,305 [main] INFO  ozone.HddsDatanodeService (HddsDatanodeService.java:start(184)) - HddsDatanodeService host:pr-hdds-2298-bsdkb-3913594898 ip:192.168.164.236
2019-10-14 11:47:26,306 [Datanode State Machine Thread - 0] INFO  datanode.InitDatanodeState (InitDatanodeState.java:persistContainerDatanodeDetails(140)) - DatanodeDetails is persisted to /workdir/hadoop-ozone/integration-test/target/test-dir/MiniOzoneClusterImpl-70ec8ae2-7faf-4a8c-b4a4-6e56eb0602b1/datanode-4/meta/datanode.id
2019-10-14 11:47:26,311 [main] INFO  volume.HddsVolume (HddsVolume.java:<init>(176)) - Creating Volume: /workdir/hadoop-ozone/integration-test/target/test-dir/MiniOzoneClusterImpl-70ec8ae2-7faf-4a8c-b4a4-6e56eb0602b1/datanode-5/data/containers/hdds of  storage type : DISK and capacity : 1482555576320
2019-10-14 11:47:26,312 [main] INFO  volume.VolumeSet (VolumeSet.java:initializeVolumeSet(170)) - Added Volume : /workdir/hadoop-ozone/integration-test/target/test-dir/MiniOzoneClusterImpl-70ec8ae2-7faf-4a8c-b4a4-6e56eb0602b1/datanode-5/data/containers/hdds to VolumeSet
2019-10-14 11:47:26,312 [main] INFO  volume.ThrottledAsyncChecker (ThrottledAsyncChecker.java:schedule(141)) - Scheduling a check for org.apache.hadoop.ozone.container.common.volume.HddsVolume@58fef7f7
2019-10-14 11:47:26,313 [main] INFO  volume.HddsVolumeChecker (HddsVolumeChecker.java:checkAllVolumes(204)) - Scheduled health check for volume org.apache.hadoop.ozone.container.common.volume.HddsVolume@58fef7f7
2019-10-14 11:47:26,331 [main] INFO  impl.RaftServerProxy (ConfUtils.java:logGet(43)) - raft.rpc.type = GRPC (default)
2019-10-14 11:47:26,331 [main] INFO  grpc.GrpcFactory (GrpcFactory.java:checkPooledByteBufAllocatorUseCacheForAllThreads(45)) - PERFORMANCE WARNING: useCacheForAllThreads is true that may cause Netty to create a lot garbage objects and, as a result, trigger GC.
	It is recommended to disable useCacheForAllThreads by setting -Dorg.apache.ratis.thirdparty.io.netty.allocator.useCacheForAllThreads=false in command line.
2019-10-14 11:47:26,331 [main] INFO  grpc.GrpcConfigKeys$Server (ConfUtils.java:logGet(43)) - raft.grpc.server.port = 0 (default)
2019-10-14 11:47:26,332 [main] INFO  server.GrpcService (ConfUtils.java:logGet(43)) - raft.grpc.message.size.max = 33570816 (custom)
2019-10-14 11:47:26,332 [main] INFO  server.RaftServerConfigKeys (ConfUtils.java:logGet(43)) - raft.server.log.appender.buffer.byte-limit = 33554432 (custom)
2019-10-14 11:47:26,332 [main] INFO  server.GrpcService (ConfUtils.java:logGet(43)) - raft.grpc.flow.control.window = 1MB (=1048576) (default)
2019-10-14 11:47:26,333 [main] INFO  server.RaftServerConfigKeys (ConfUtils.java:logGet(43)) - raft.server.rpc.request.timeout = 3000ms (default)
2019-10-14 11:47:26,333 [main] INFO  server.RaftServerConfigKeys (ConfUtils.java:logGet(43)) - raft.server.storage.dir = [/workdir/hadoop-ozone/integration-test/target/test-dir/MiniOzoneClusterImpl-70ec8ae2-7faf-4a8c-b4a4-6e56eb0602b1/datanode-5/data/ratis] (custom)
2019-10-14 11:47:26,335 [main] INFO  hdfs.DFSUtil (DFSUtil.java:httpServerTemplateForNNAndJN(1641)) - Starting Web-server for hddsDatanode at: http://0.0.0.0:0
2019-10-14 11:47:26,337 [main] INFO  server.AuthenticationFilter (AuthenticationFilter.java:constructSecretProvider(240)) - Unable to initialize FileSignerSecretProvider, falling back to use random secrets.
2019-10-14 11:47:26,337 [main] WARN  http.HttpRequestLog (HttpRequestLog.java:getRequestLog(97)) - Jetty request log can only be enabled using Log4j
2019-10-14 11:47:26,340 [main] INFO  http.HttpServer2 (HttpServer2.java:addGlobalFilter(975)) - Added global filter 'safety' (class=org.apache.hadoop.http.HttpServer2$QuotingInputFilter)
2019-10-14 11:47:26,341 [main] INFO  http.HttpServer2 (HttpServer2.java:addFilter(948)) - Added filter static_user_filter (class=org.apache.hadoop.http.lib.StaticUserWebFilter$StaticUserFilter) to context hddsDatanode
2019-10-14 11:47:26,341 [main] INFO  http.HttpServer2 (HttpServer2.java:addFilter(958)) - Added filter static_user_filter (class=org.apache.hadoop.http.lib.StaticUserWebFilter$StaticUserFilter) to context static
2019-10-14 11:47:26,341 [main] INFO  http.HttpServer2 (HttpServer2.java:addFilter(958)) - Added filter static_user_filter (class=org.apache.hadoop.http.lib.StaticUserWebFilter$StaticUserFilter) to context logs
2019-10-14 11:47:26,342 [main] INFO  http.HttpServer2 (HttpServer2.java:bindListener(1191)) - Jetty bound to port 37662
2019-10-14 11:47:26,343 [main] INFO  server.Server (Server.java:doStart(351)) - jetty-9.3.25.v20180904, build timestamp: 2018-09-04T21:11:46Z, git hash: 3ce520221d0240229c862b122d2b06c12a625732
2019-10-14 11:47:26,345 [main] INFO  handler.ContextHandler (ContextHandler.java:doStart(781)) - Started o.e.j.s.ServletContextHandler@439b15f2{/logs,file:///workdir/hadoop-ozone/integration-test/target/log,AVAILABLE}
2019-10-14 11:47:26,345 [main] INFO  handler.ContextHandler (ContextHandler.java:doStart(781)) - Started o.e.j.s.ServletContextHandler@74fab04a{/static,jar:file:/home/user/.m2/repository/org/apache/hadoop/hadoop-hdds-container-service/0.5.0-SNAPSHOT/hadoop-hdds-container-service-0.5.0-SNAPSHOT.jar!/webapps/static,AVAILABLE}
2019-10-14 11:47:26,385 [main] INFO  handler.ContextHandler (ContextHandler.java:doStart(781)) - Started o.e.j.w.WebAppContext@4acb7ecc{/,file:///tmp/jetty-0.0.0.0-37662-hddsDatanode-_-any-7957436147183155940.dir/webapp/,AVAILABLE}{/hddsDatanode}
2019-10-14 11:47:26,387 [main] INFO  server.AbstractConnector (AbstractConnector.java:doStart(278)) - Started ServerConnector@7e545c19{HTTP/1.1,[http/1.1]}{0.0.0.0:37662}
2019-10-14 11:47:26,387 [main] INFO  server.Server (Server.java:doStart(419)) - Started @14713ms
2019-10-14 11:47:26,387 [main] WARN  impl.MetricsSystemImpl (MetricsSystemImpl.java:register(276)) - Sink prometheus already exists!
2019-10-14 11:47:26,388 [main] INFO  server.BaseHttpServer (BaseHttpServer.java:updateConnectorAddress(215)) - HTTP server of HDDSDATANODE is listening at http://0.0.0.0:37662
2019-10-14 11:47:26,389 [main] INFO  impl.MetricsSystemImpl (MetricsSystemImpl.java:init(158)) - HddsDatanode metrics system started (again)
2019-10-14 11:47:26,391 [org.apache.hadoop.util.JvmPauseMonitor$Monitor@63243000] INFO  util.JvmPauseMonitor (JvmPauseMonitor.java:run(188)) - Starting JVM pause monitor
2019-10-14 11:47:26,393 [main] INFO  ozone.HddsDatanodeService (HddsDatanodeService.java:start(184)) - HddsDatanodeService host:pr-hdds-2298-bsdkb-3913594898 ip:192.168.164.236
2019-10-14 11:47:26,394 [Datanode State Machine Thread - 0] INFO  datanode.InitDatanodeState (InitDatanodeState.java:persistContainerDatanodeDetails(140)) - DatanodeDetails is persisted to /workdir/hadoop-ozone/integration-test/target/test-dir/MiniOzoneClusterImpl-70ec8ae2-7faf-4a8c-b4a4-6e56eb0602b1/datanode-5/meta/datanode.id
2019-10-14 11:47:26,399 [main] INFO  volume.HddsVolume (HddsVolume.java:<init>(176)) - Creating Volume: /workdir/hadoop-ozone/integration-test/target/test-dir/MiniOzoneClusterImpl-70ec8ae2-7faf-4a8c-b4a4-6e56eb0602b1/datanode-6/data/containers/hdds of  storage type : DISK and capacity : 1482555576320
2019-10-14 11:47:26,400 [main] INFO  volume.VolumeSet (VolumeSet.java:initializeVolumeSet(170)) - Added Volume : /workdir/hadoop-ozone/integration-test/target/test-dir/MiniOzoneClusterImpl-70ec8ae2-7faf-4a8c-b4a4-6e56eb0602b1/datanode-6/data/containers/hdds to VolumeSet
2019-10-14 11:47:26,400 [main] INFO  volume.ThrottledAsyncChecker (ThrottledAsyncChecker.java:schedule(141)) - Scheduling a check for org.apache.hadoop.ozone.container.common.volume.HddsVolume@1ab5f08a
2019-10-14 11:47:26,401 [main] INFO  volume.HddsVolumeChecker (HddsVolumeChecker.java:checkAllVolumes(204)) - Scheduled health check for volume org.apache.hadoop.ozone.container.common.volume.HddsVolume@1ab5f08a
2019-10-14 11:47:26,421 [main] INFO  impl.RaftServerProxy (ConfUtils.java:logGet(43)) - raft.rpc.type = GRPC (default)
2019-10-14 11:47:26,421 [main] INFO  grpc.GrpcFactory (GrpcFactory.java:checkPooledByteBufAllocatorUseCacheForAllThreads(45)) - PERFORMANCE WARNING: useCacheForAllThreads is true that may cause Netty to create a lot garbage objects and, as a result, trigger GC.
	It is recommended to disable useCacheForAllThreads by setting -Dorg.apache.ratis.thirdparty.io.netty.allocator.useCacheForAllThreads=false in command line.
2019-10-14 11:47:26,422 [main] INFO  grpc.GrpcConfigKeys$Server (ConfUtils.java:logGet(43)) - raft.grpc.server.port = 0 (default)
2019-10-14 11:47:26,422 [main] INFO  server.GrpcService (ConfUtils.java:logGet(43)) - raft.grpc.message.size.max = 33570816 (custom)
2019-10-14 11:47:26,422 [main] INFO  server.RaftServerConfigKeys (ConfUtils.java:logGet(43)) - raft.server.log.appender.buffer.byte-limit = 33554432 (custom)
2019-10-14 11:47:26,423 [main] INFO  server.GrpcService (ConfUtils.java:logGet(43)) - raft.grpc.flow.control.window = 1MB (=1048576) (default)
2019-10-14 11:47:26,423 [main] INFO  server.RaftServerConfigKeys (ConfUtils.java:logGet(43)) - raft.server.rpc.request.timeout = 3000ms (default)
2019-10-14 11:47:26,424 [main] INFO  server.RaftServerConfigKeys (ConfUtils.java:logGet(43)) - raft.server.storage.dir = [/workdir/hadoop-ozone/integration-test/target/test-dir/MiniOzoneClusterImpl-70ec8ae2-7faf-4a8c-b4a4-6e56eb0602b1/datanode-6/data/ratis] (custom)
2019-10-14 11:47:26,427 [main] INFO  hdfs.DFSUtil (DFSUtil.java:httpServerTemplateForNNAndJN(1641)) - Starting Web-server for hddsDatanode at: http://0.0.0.0:0
2019-10-14 11:47:26,429 [main] INFO  server.AuthenticationFilter (AuthenticationFilter.java:constructSecretProvider(240)) - Unable to initialize FileSignerSecretProvider, falling back to use random secrets.
2019-10-14 11:47:26,429 [main] WARN  http.HttpRequestLog (HttpRequestLog.java:getRequestLog(97)) - Jetty request log can only be enabled using Log4j
2019-10-14 11:47:26,432 [main] INFO  http.HttpServer2 (HttpServer2.java:addGlobalFilter(975)) - Added global filter 'safety' (class=org.apache.hadoop.http.HttpServer2$QuotingInputFilter)
2019-10-14 11:47:26,433 [main] INFO  http.HttpServer2 (HttpServer2.java:addFilter(948)) - Added filter static_user_filter (class=org.apache.hadoop.http.lib.StaticUserWebFilter$StaticUserFilter) to context hddsDatanode
2019-10-14 11:47:26,433 [main] INFO  http.HttpServer2 (HttpServer2.java:addFilter(958)) - Added filter static_user_filter (class=org.apache.hadoop.http.lib.StaticUserWebFilter$StaticUserFilter) to context static
2019-10-14 11:47:26,433 [main] INFO  http.HttpServer2 (HttpServer2.java:addFilter(958)) - Added filter static_user_filter (class=org.apache.hadoop.http.lib.StaticUserWebFilter$StaticUserFilter) to context logs
2019-10-14 11:47:26,434 [main] INFO  http.HttpServer2 (HttpServer2.java:bindListener(1191)) - Jetty bound to port 36806
2019-10-14 11:47:26,435 [main] INFO  server.Server (Server.java:doStart(351)) - jetty-9.3.25.v20180904, build timestamp: 2018-09-04T21:11:46Z, git hash: 3ce520221d0240229c862b122d2b06c12a625732
2019-10-14 11:47:26,437 [main] INFO  handler.ContextHandler (ContextHandler.java:doStart(781)) - Started o.e.j.s.ServletContextHandler@4fa9ab6{/logs,file:///workdir/hadoop-ozone/integration-test/target/log,AVAILABLE}
2019-10-14 11:47:26,437 [main] INFO  handler.ContextHandler (ContextHandler.java:doStart(781)) - Started o.e.j.s.ServletContextHandler@a2341c6{/static,jar:file:/home/user/.m2/repository/org/apache/hadoop/hadoop-hdds-container-service/0.5.0-SNAPSHOT/hadoop-hdds-container-service-0.5.0-SNAPSHOT.jar!/webapps/static,AVAILABLE}
2019-10-14 11:47:26,475 [main] INFO  handler.ContextHandler (ContextHandler.java:doStart(781)) - Started o.e.j.w.WebAppContext@7b122839{/,file:///tmp/jetty-0.0.0.0-36806-hddsDatanode-_-any-5000433913111561470.dir/webapp/,AVAILABLE}{/hddsDatanode}
2019-10-14 11:47:26,476 [main] INFO  server.AbstractConnector (AbstractConnector.java:doStart(278)) - Started ServerConnector@3743539f{HTTP/1.1,[http/1.1]}{0.0.0.0:36806}
2019-10-14 11:47:26,476 [main] INFO  server.Server (Server.java:doStart(419)) - Started @14801ms
2019-10-14 11:47:26,476 [main] WARN  impl.MetricsSystemImpl (MetricsSystemImpl.java:register(276)) - Sink prometheus already exists!
2019-10-14 11:47:26,477 [main] INFO  server.BaseHttpServer (BaseHttpServer.java:updateConnectorAddress(215)) - HTTP server of HDDSDATANODE is listening at http://0.0.0.0:36806
2019-10-14 11:47:26,478 [main] INFO  impl.MetricsSystemImpl (MetricsSystemImpl.java:init(158)) - HddsDatanode metrics system started (again)
2019-10-14 11:47:26,481 [org.apache.hadoop.util.JvmPauseMonitor$Monitor@1cff8025] INFO  util.JvmPauseMonitor (JvmPauseMonitor.java:run(188)) - Starting JVM pause monitor
2019-10-14 11:47:26,481 [main] INFO  ozone.HddsDatanodeService (HddsDatanodeService.java:start(184)) - HddsDatanodeService host:pr-hdds-2298-bsdkb-3913594898 ip:192.168.164.236
2019-10-14 11:47:26,482 [Datanode State Machine Thread - 0] INFO  datanode.InitDatanodeState (InitDatanodeState.java:persistContainerDatanodeDetails(140)) - DatanodeDetails is persisted to /workdir/hadoop-ozone/integration-test/target/test-dir/MiniOzoneClusterImpl-70ec8ae2-7faf-4a8c-b4a4-6e56eb0602b1/datanode-6/meta/datanode.id
2019-10-14 11:47:26,490 [main] INFO  volume.HddsVolume (HddsVolume.java:<init>(176)) - Creating Volume: /workdir/hadoop-ozone/integration-test/target/test-dir/MiniOzoneClusterImpl-70ec8ae2-7faf-4a8c-b4a4-6e56eb0602b1/datanode-7/data/containers/hdds of  storage type : DISK and capacity : 1482555576320
2019-10-14 11:47:26,491 [main] INFO  volume.VolumeSet (VolumeSet.java:initializeVolumeSet(170)) - Added Volume : /workdir/hadoop-ozone/integration-test/target/test-dir/MiniOzoneClusterImpl-70ec8ae2-7faf-4a8c-b4a4-6e56eb0602b1/datanode-7/data/containers/hdds to VolumeSet
2019-10-14 11:47:26,491 [main] INFO  volume.ThrottledAsyncChecker (ThrottledAsyncChecker.java:schedule(141)) - Scheduling a check for org.apache.hadoop.ozone.container.common.volume.HddsVolume@6325f352
2019-10-14 11:47:26,491 [main] INFO  volume.HddsVolumeChecker (HddsVolumeChecker.java:checkAllVolumes(204)) - Scheduled health check for volume org.apache.hadoop.ozone.container.common.volume.HddsVolume@6325f352
2019-10-14 11:47:26,505 [main] INFO  impl.RaftServerProxy (ConfUtils.java:logGet(43)) - raft.rpc.type = GRPC (default)
2019-10-14 11:47:26,506 [main] INFO  grpc.GrpcFactory (GrpcFactory.java:checkPooledByteBufAllocatorUseCacheForAllThreads(45)) - PERFORMANCE WARNING: useCacheForAllThreads is true that may cause Netty to create a lot garbage objects and, as a result, trigger GC.
	It is recommended to disable useCacheForAllThreads by setting -Dorg.apache.ratis.thirdparty.io.netty.allocator.useCacheForAllThreads=false in command line.
2019-10-14 11:47:26,506 [main] INFO  grpc.GrpcConfigKeys$Server (ConfUtils.java:logGet(43)) - raft.grpc.server.port = 0 (default)
2019-10-14 11:47:26,506 [main] INFO  server.GrpcService (ConfUtils.java:logGet(43)) - raft.grpc.message.size.max = 33570816 (custom)
2019-10-14 11:47:26,506 [main] INFO  server.RaftServerConfigKeys (ConfUtils.java:logGet(43)) - raft.server.log.appender.buffer.byte-limit = 33554432 (custom)
2019-10-14 11:47:26,506 [main] INFO  server.GrpcService (ConfUtils.java:logGet(43)) - raft.grpc.flow.control.window = 1MB (=1048576) (default)
2019-10-14 11:47:26,507 [main] INFO  server.RaftServerConfigKeys (ConfUtils.java:logGet(43)) - raft.server.rpc.request.timeout = 3000ms (default)
2019-10-14 11:47:26,507 [main] INFO  server.RaftServerConfigKeys (ConfUtils.java:logGet(43)) - raft.server.storage.dir = [/workdir/hadoop-ozone/integration-test/target/test-dir/MiniOzoneClusterImpl-70ec8ae2-7faf-4a8c-b4a4-6e56eb0602b1/datanode-7/data/ratis] (custom)
2019-10-14 11:47:26,509 [main] INFO  hdfs.DFSUtil (DFSUtil.java:httpServerTemplateForNNAndJN(1641)) - Starting Web-server for hddsDatanode at: http://0.0.0.0:0
2019-10-14 11:47:26,511 [main] INFO  server.AuthenticationFilter (AuthenticationFilter.java:constructSecretProvider(240)) - Unable to initialize FileSignerSecretProvider, falling back to use random secrets.
2019-10-14 11:47:26,512 [main] WARN  http.HttpRequestLog (HttpRequestLog.java:getRequestLog(97)) - Jetty request log can only be enabled using Log4j
2019-10-14 11:47:26,514 [main] INFO  http.HttpServer2 (HttpServer2.java:addGlobalFilter(975)) - Added global filter 'safety' (class=org.apache.hadoop.http.HttpServer2$QuotingInputFilter)
2019-10-14 11:47:26,514 [main] INFO  http.HttpServer2 (HttpServer2.java:addFilter(948)) - Added filter static_user_filter (class=org.apache.hadoop.http.lib.StaticUserWebFilter$StaticUserFilter) to context hddsDatanode
2019-10-14 11:47:26,515 [main] INFO  http.HttpServer2 (HttpServer2.java:addFilter(958)) - Added filter static_user_filter (class=org.apache.hadoop.http.lib.StaticUserWebFilter$StaticUserFilter) to context static
2019-10-14 11:47:26,515 [main] INFO  http.HttpServer2 (HttpServer2.java:addFilter(958)) - Added filter static_user_filter (class=org.apache.hadoop.http.lib.StaticUserWebFilter$StaticUserFilter) to context logs
2019-10-14 11:47:26,515 [main] INFO  http.HttpServer2 (HttpServer2.java:bindListener(1191)) - Jetty bound to port 40077
2019-10-14 11:47:26,516 [main] INFO  server.Server (Server.java:doStart(351)) - jetty-9.3.25.v20180904, build timestamp: 2018-09-04T21:11:46Z, git hash: 3ce520221d0240229c862b122d2b06c12a625732
2019-10-14 11:47:26,517 [main] INFO  handler.ContextHandler (ContextHandler.java:doStart(781)) - Started o.e.j.s.ServletContextHandler@2b960a7{/logs,file:///workdir/hadoop-ozone/integration-test/target/log,AVAILABLE}
2019-10-14 11:47:26,518 [main] INFO  handler.ContextHandler (ContextHandler.java:doStart(781)) - Started o.e.j.s.ServletContextHandler@37b52340{/static,jar:file:/home/user/.m2/repository/org/apache/hadoop/hadoop-hdds-container-service/0.5.0-SNAPSHOT/hadoop-hdds-container-service-0.5.0-SNAPSHOT.jar!/webapps/static,AVAILABLE}
2019-10-14 11:47:26,547 [main] INFO  handler.ContextHandler (ContextHandler.java:doStart(781)) - Started o.e.j.w.WebAppContext@14a049f9{/,file:///tmp/jetty-0.0.0.0-40077-hddsDatanode-_-any-5090732480745573703.dir/webapp/,AVAILABLE}{/hddsDatanode}
2019-10-14 11:47:26,548 [main] INFO  server.AbstractConnector (AbstractConnector.java:doStart(278)) - Started ServerConnector@94e51e8{HTTP/1.1,[http/1.1]}{0.0.0.0:40077}
2019-10-14 11:47:26,549 [main] INFO  server.Server (Server.java:doStart(419)) - Started @14874ms
2019-10-14 11:47:26,549 [main] WARN  impl.MetricsSystemImpl (MetricsSystemImpl.java:register(276)) - Sink prometheus already exists!
2019-10-14 11:47:26,550 [main] INFO  server.BaseHttpServer (BaseHttpServer.java:updateConnectorAddress(215)) - HTTP server of HDDSDATANODE is listening at http://0.0.0.0:40077
2019-10-14 11:47:26,550 [main] INFO  impl.MetricsSystemImpl (MetricsSystemImpl.java:init(158)) - HddsDatanode metrics system started (again)
2019-10-14 11:47:26,554 [org.apache.hadoop.util.JvmPauseMonitor$Monitor@7ce1cd31] INFO  util.JvmPauseMonitor (JvmPauseMonitor.java:run(188)) - Starting JVM pause monitor
2019-10-14 11:47:26,555 [main] INFO  ozone.HddsDatanodeService (HddsDatanodeService.java:start(184)) - HddsDatanodeService host:pr-hdds-2298-bsdkb-3913594898 ip:192.168.164.236
2019-10-14 11:47:26,555 [Datanode State Machine Thread - 0] INFO  datanode.InitDatanodeState (InitDatanodeState.java:persistContainerDatanodeDetails(140)) - DatanodeDetails is persisted to /workdir/hadoop-ozone/integration-test/target/test-dir/MiniOzoneClusterImpl-70ec8ae2-7faf-4a8c-b4a4-6e56eb0602b1/datanode-7/meta/datanode.id
2019-10-14 11:47:26,564 [main] INFO  volume.HddsVolume (HddsVolume.java:<init>(176)) - Creating Volume: /workdir/hadoop-ozone/integration-test/target/test-dir/MiniOzoneClusterImpl-70ec8ae2-7faf-4a8c-b4a4-6e56eb0602b1/datanode-8/data/containers/hdds of  storage type : DISK and capacity : 1482555576320
2019-10-14 11:47:26,564 [main] INFO  volume.VolumeSet (VolumeSet.java:initializeVolumeSet(170)) - Added Volume : /workdir/hadoop-ozone/integration-test/target/test-dir/MiniOzoneClusterImpl-70ec8ae2-7faf-4a8c-b4a4-6e56eb0602b1/datanode-8/data/containers/hdds to VolumeSet
2019-10-14 11:47:26,565 [main] INFO  volume.ThrottledAsyncChecker (ThrottledAsyncChecker.java:schedule(141)) - Scheduling a check for org.apache.hadoop.ozone.container.common.volume.HddsVolume@6d11ceef
2019-10-14 11:47:26,566 [main] INFO  volume.HddsVolumeChecker (HddsVolumeChecker.java:checkAllVolumes(204)) - Scheduled health check for volume org.apache.hadoop.ozone.container.common.volume.HddsVolume@6d11ceef
2019-10-14 11:47:26,579 [main] INFO  impl.RaftServerProxy (ConfUtils.java:logGet(43)) - raft.rpc.type = GRPC (default)
2019-10-14 11:47:26,579 [main] INFO  grpc.GrpcFactory (GrpcFactory.java:checkPooledByteBufAllocatorUseCacheForAllThreads(45)) - PERFORMANCE WARNING: useCacheForAllThreads is true that may cause Netty to create a lot garbage objects and, as a result, trigger GC.
	It is recommended to disable useCacheForAllThreads by setting -Dorg.apache.ratis.thirdparty.io.netty.allocator.useCacheForAllThreads=false in command line.
2019-10-14 11:47:26,580 [main] INFO  grpc.GrpcConfigKeys$Server (ConfUtils.java:logGet(43)) - raft.grpc.server.port = 0 (default)
2019-10-14 11:47:26,580 [main] INFO  server.GrpcService (ConfUtils.java:logGet(43)) - raft.grpc.message.size.max = 33570816 (custom)
2019-10-14 11:47:26,580 [main] INFO  server.RaftServerConfigKeys (ConfUtils.java:logGet(43)) - raft.server.log.appender.buffer.byte-limit = 33554432 (custom)
2019-10-14 11:47:26,580 [main] INFO  server.GrpcService (ConfUtils.java:logGet(43)) - raft.grpc.flow.control.window = 1MB (=1048576) (default)
2019-10-14 11:47:26,581 [main] INFO  server.RaftServerConfigKeys (ConfUtils.java:logGet(43)) - raft.server.rpc.request.timeout = 3000ms (default)
2019-10-14 11:47:26,581 [main] INFO  server.RaftServerConfigKeys (ConfUtils.java:logGet(43)) - raft.server.storage.dir = [/workdir/hadoop-ozone/integration-test/target/test-dir/MiniOzoneClusterImpl-70ec8ae2-7faf-4a8c-b4a4-6e56eb0602b1/datanode-8/data/ratis] (custom)
2019-10-14 11:47:26,583 [main] INFO  hdfs.DFSUtil (DFSUtil.java:httpServerTemplateForNNAndJN(1641)) - Starting Web-server for hddsDatanode at: http://0.0.0.0:0
2019-10-14 11:47:26,584 [main] INFO  server.AuthenticationFilter (AuthenticationFilter.java:constructSecretProvider(240)) - Unable to initialize FileSignerSecretProvider, falling back to use random secrets.
2019-10-14 11:47:26,585 [main] WARN  http.HttpRequestLog (HttpRequestLog.java:getRequestLog(97)) - Jetty request log can only be enabled using Log4j
2019-10-14 11:47:26,586 [main] INFO  http.HttpServer2 (HttpServer2.java:addGlobalFilter(975)) - Added global filter 'safety' (class=org.apache.hadoop.http.HttpServer2$QuotingInputFilter)
2019-10-14 11:47:26,587 [main] INFO  http.HttpServer2 (HttpServer2.java:addFilter(948)) - Added filter static_user_filter (class=org.apache.hadoop.http.lib.StaticUserWebFilter$StaticUserFilter) to context hddsDatanode
2019-10-14 11:47:26,587 [main] INFO  http.HttpServer2 (HttpServer2.java:addFilter(958)) - Added filter static_user_filter (class=org.apache.hadoop.http.lib.StaticUserWebFilter$StaticUserFilter) to context static
2019-10-14 11:47:26,587 [main] INFO  http.HttpServer2 (HttpServer2.java:addFilter(958)) - Added filter static_user_filter (class=org.apache.hadoop.http.lib.StaticUserWebFilter$StaticUserFilter) to context logs
2019-10-14 11:47:26,588 [main] INFO  http.HttpServer2 (HttpServer2.java:bindListener(1191)) - Jetty bound to port 39316
2019-10-14 11:47:26,588 [main] INFO  server.Server (Server.java:doStart(351)) - jetty-9.3.25.v20180904, build timestamp: 2018-09-04T21:11:46Z, git hash: 3ce520221d0240229c862b122d2b06c12a625732
2019-10-14 11:47:26,589 [main] INFO  handler.ContextHandler (ContextHandler.java:doStart(781)) - Started o.e.j.s.ServletContextHandler@265bd546{/logs,file:///workdir/hadoop-ozone/integration-test/target/log,AVAILABLE}
2019-10-14 11:47:26,590 [main] INFO  handler.ContextHandler (ContextHandler.java:doStart(781)) - Started o.e.j.s.ServletContextHandler@7e0bc8a3{/static,jar:file:/home/user/.m2/repository/org/apache/hadoop/hadoop-hdds-container-service/0.5.0-SNAPSHOT/hadoop-hdds-container-service-0.5.0-SNAPSHOT.jar!/webapps/static,AVAILABLE}
2019-10-14 11:47:26,619 [main] INFO  handler.ContextHandler (ContextHandler.java:doStart(781)) - Started o.e.j.w.WebAppContext@53d13cd4{/,file:///tmp/jetty-0.0.0.0-39316-hddsDatanode-_-any-563325580594565878.dir/webapp/,AVAILABLE}{/hddsDatanode}
2019-10-14 11:47:26,621 [main] INFO  server.AbstractConnector (AbstractConnector.java:doStart(278)) - Started ServerConnector@77865933{HTTP/1.1,[http/1.1]}{0.0.0.0:39316}
2019-10-14 11:47:26,621 [main] INFO  server.Server (Server.java:doStart(419)) - Started @14946ms
2019-10-14 11:47:26,621 [main] WARN  impl.MetricsSystemImpl (MetricsSystemImpl.java:register(276)) - Sink prometheus already exists!
2019-10-14 11:47:26,622 [main] INFO  server.BaseHttpServer (BaseHttpServer.java:updateConnectorAddress(215)) - HTTP server of HDDSDATANODE is listening at http://0.0.0.0:39316
2019-10-14 11:47:26,623 [main] INFO  impl.MetricsSystemImpl (MetricsSystemImpl.java:init(158)) - HddsDatanode metrics system started (again)
2019-10-14 11:47:26,625 [org.apache.hadoop.util.JvmPauseMonitor$Monitor@d73304b] INFO  util.JvmPauseMonitor (JvmPauseMonitor.java:run(188)) - Starting JVM pause monitor
2019-10-14 11:47:26,627 [Datanode State Machine Thread - 0] INFO  datanode.InitDatanodeState (InitDatanodeState.java:persistContainerDatanodeDetails(140)) - DatanodeDetails is persisted to /workdir/hadoop-ozone/integration-test/target/test-dir/MiniOzoneClusterImpl-70ec8ae2-7faf-4a8c-b4a4-6e56eb0602b1/datanode-8/meta/datanode.id
2019-10-14 11:47:26,628 [main] INFO  ozone.HddsDatanodeService (HddsDatanodeService.java:start(184)) - HddsDatanodeService host:pr-hdds-2298-bsdkb-3913594898 ip:192.168.164.236
2019-10-14 11:47:26,637 [main] INFO  volume.HddsVolume (HddsVolume.java:<init>(176)) - Creating Volume: /workdir/hadoop-ozone/integration-test/target/test-dir/MiniOzoneClusterImpl-70ec8ae2-7faf-4a8c-b4a4-6e56eb0602b1/datanode-9/data/containers/hdds of  storage type : DISK and capacity : 1482555576320
2019-10-14 11:47:26,637 [main] INFO  volume.VolumeSet (VolumeSet.java:initializeVolumeSet(170)) - Added Volume : /workdir/hadoop-ozone/integration-test/target/test-dir/MiniOzoneClusterImpl-70ec8ae2-7faf-4a8c-b4a4-6e56eb0602b1/datanode-9/data/containers/hdds to VolumeSet
2019-10-14 11:47:26,638 [main] INFO  volume.ThrottledAsyncChecker (ThrottledAsyncChecker.java:schedule(141)) - Scheduling a check for org.apache.hadoop.ozone.container.common.volume.HddsVolume@5ad5be4a
2019-10-14 11:47:26,638 [main] INFO  volume.HddsVolumeChecker (HddsVolumeChecker.java:checkAllVolumes(204)) - Scheduled health check for volume org.apache.hadoop.ozone.container.common.volume.HddsVolume@5ad5be4a
2019-10-14 11:47:26,659 [main] INFO  impl.RaftServerProxy (ConfUtils.java:logGet(43)) - raft.rpc.type = GRPC (default)
2019-10-14 11:47:26,659 [main] INFO  grpc.GrpcFactory (GrpcFactory.java:checkPooledByteBufAllocatorUseCacheForAllThreads(45)) - PERFORMANCE WARNING: useCacheForAllThreads is true that may cause Netty to create a lot garbage objects and, as a result, trigger GC.
	It is recommended to disable useCacheForAllThreads by setting -Dorg.apache.ratis.thirdparty.io.netty.allocator.useCacheForAllThreads=false in command line.
2019-10-14 11:47:26,660 [main] INFO  grpc.GrpcConfigKeys$Server (ConfUtils.java:logGet(43)) - raft.grpc.server.port = 0 (default)
2019-10-14 11:47:26,660 [main] INFO  server.GrpcService (ConfUtils.java:logGet(43)) - raft.grpc.message.size.max = 33570816 (custom)
2019-10-14 11:47:26,660 [main] INFO  server.RaftServerConfigKeys (ConfUtils.java:logGet(43)) - raft.server.log.appender.buffer.byte-limit = 33554432 (custom)
2019-10-14 11:47:26,661 [main] INFO  server.GrpcService (ConfUtils.java:logGet(43)) - raft.grpc.flow.control.window = 1MB (=1048576) (default)
2019-10-14 11:47:26,661 [main] INFO  server.RaftServerConfigKeys (ConfUtils.java:logGet(43)) - raft.server.rpc.request.timeout = 3000ms (default)
2019-10-14 11:47:26,662 [main] INFO  server.RaftServerConfigKeys (ConfUtils.java:logGet(43)) - raft.server.storage.dir = [/workdir/hadoop-ozone/integration-test/target/test-dir/MiniOzoneClusterImpl-70ec8ae2-7faf-4a8c-b4a4-6e56eb0602b1/datanode-9/data/ratis] (custom)
2019-10-14 11:47:26,664 [main] INFO  hdfs.DFSUtil (DFSUtil.java:httpServerTemplateForNNAndJN(1641)) - Starting Web-server for hddsDatanode at: http://0.0.0.0:0
2019-10-14 11:47:26,666 [main] INFO  server.AuthenticationFilter (AuthenticationFilter.java:constructSecretProvider(240)) - Unable to initialize FileSignerSecretProvider, falling back to use random secrets.
2019-10-14 11:47:26,666 [main] WARN  http.HttpRequestLog (HttpRequestLog.java:getRequestLog(97)) - Jetty request log can only be enabled using Log4j
2019-10-14 11:47:26,668 [main] INFO  http.HttpServer2 (HttpServer2.java:addGlobalFilter(975)) - Added global filter 'safety' (class=org.apache.hadoop.http.HttpServer2$QuotingInputFilter)
2019-10-14 11:47:26,669 [main] INFO  http.HttpServer2 (HttpServer2.java:addFilter(948)) - Added filter static_user_filter (class=org.apache.hadoop.http.lib.StaticUserWebFilter$StaticUserFilter) to context hddsDatanode
2019-10-14 11:47:26,670 [main] INFO  http.HttpServer2 (HttpServer2.java:addFilter(958)) - Added filter static_user_filter (class=org.apache.hadoop.http.lib.StaticUserWebFilter$StaticUserFilter) to context static
2019-10-14 11:47:26,670 [main] INFO  http.HttpServer2 (HttpServer2.java:addFilter(958)) - Added filter static_user_filter (class=org.apache.hadoop.http.lib.StaticUserWebFilter$StaticUserFilter) to context logs
2019-10-14 11:47:26,671 [main] INFO  http.HttpServer2 (HttpServer2.java:bindListener(1191)) - Jetty bound to port 42117
2019-10-14 11:47:26,671 [main] INFO  server.Server (Server.java:doStart(351)) - jetty-9.3.25.v20180904, build timestamp: 2018-09-04T21:11:46Z, git hash: 3ce520221d0240229c862b122d2b06c12a625732
2019-10-14 11:47:26,673 [main] INFO  handler.ContextHandler (ContextHandler.java:doStart(781)) - Started o.e.j.s.ServletContextHandler@1cf0cacc{/logs,file:///workdir/hadoop-ozone/integration-test/target/log,AVAILABLE}
2019-10-14 11:47:26,674 [main] INFO  handler.ContextHandler (ContextHandler.java:doStart(781)) - Started o.e.j.s.ServletContextHandler@529c2a9a{/static,jar:file:/home/user/.m2/repository/org/apache/hadoop/hadoop-hdds-container-service/0.5.0-SNAPSHOT/hadoop-hdds-container-service-0.5.0-SNAPSHOT.jar!/webapps/static,AVAILABLE}
2019-10-14 11:47:26,716 [main] INFO  handler.ContextHandler (ContextHandler.java:doStart(781)) - Started o.e.j.w.WebAppContext@2c7106d9{/,file:///tmp/jetty-0.0.0.0-42117-hddsDatanode-_-any-985919008165584362.dir/webapp/,AVAILABLE}{/hddsDatanode}
2019-10-14 11:47:26,717 [main] INFO  server.AbstractConnector (AbstractConnector.java:doStart(278)) - Started ServerConnector@329bad59{HTTP/1.1,[http/1.1]}{0.0.0.0:42117}
2019-10-14 11:47:26,718 [main] INFO  server.Server (Server.java:doStart(419)) - Started @15044ms
2019-10-14 11:47:26,719 [main] WARN  impl.MetricsSystemImpl (MetricsSystemImpl.java:register(276)) - Sink prometheus already exists!
2019-10-14 11:47:26,719 [main] INFO  server.BaseHttpServer (BaseHttpServer.java:updateConnectorAddress(215)) - HTTP server of HDDSDATANODE is listening at http://0.0.0.0:42117
2019-10-14 11:47:26,723 [main] INFO  ozone.MiniOzoneClusterImpl (MiniOzoneClusterImpl.java:lambda$waitForClusterToBeReady$0(147)) - Waiting for cluster to be ready. Got 0 of 10 DN Heartbeats.
2019-10-14 11:47:26,724 [org.apache.hadoop.util.JvmPauseMonitor$Monitor@f5231a] INFO  util.JvmPauseMonitor (JvmPauseMonitor.java:run(188)) - Starting JVM pause monitor
2019-10-14 11:47:26,726 [Datanode State Machine Thread - 0] INFO  datanode.InitDatanodeState (InitDatanodeState.java:persistContainerDatanodeDetails(140)) - DatanodeDetails is persisted to /workdir/hadoop-ozone/integration-test/target/test-dir/MiniOzoneClusterImpl-70ec8ae2-7faf-4a8c-b4a4-6e56eb0602b1/datanode-9/meta/datanode.id
2019-10-14 11:47:27,724 [main] INFO  ozone.MiniOzoneClusterImpl (MiniOzoneClusterImpl.java:lambda$waitForClusterToBeReady$0(147)) - Waiting for cluster to be ready. Got 0 of 10 DN Heartbeats.
2019-10-14 11:47:28,726 [main] INFO  ozone.MiniOzoneClusterImpl (MiniOzoneClusterImpl.java:lambda$waitForClusterToBeReady$0(147)) - Waiting for cluster to be ready. Got 0 of 10 DN Heartbeats.
2019-10-14 11:47:29,726 [main] INFO  ozone.MiniOzoneClusterImpl (MiniOzoneClusterImpl.java:lambda$waitForClusterToBeReady$0(147)) - Waiting for cluster to be ready. Got 0 of 10 DN Heartbeats.
2019-10-14 11:47:30,726 [main] INFO  ozone.MiniOzoneClusterImpl (MiniOzoneClusterImpl.java:lambda$waitForClusterToBeReady$0(147)) - Waiting for cluster to be ready. Got 0 of 10 DN Heartbeats.
2019-10-14 11:47:31,727 [main] INFO  ozone.MiniOzoneClusterImpl (MiniOzoneClusterImpl.java:lambda$waitForClusterToBeReady$0(147)) - Waiting for cluster to be ready. Got 0 of 10 DN Heartbeats.
2019-10-14 11:47:32,728 [main] INFO  ozone.MiniOzoneClusterImpl (MiniOzoneClusterImpl.java:lambda$waitForClusterToBeReady$0(147)) - Waiting for cluster to be ready. Got 0 of 10 DN Heartbeats.
2019-10-14 11:47:33,728 [main] INFO  ozone.MiniOzoneClusterImpl (MiniOzoneClusterImpl.java:lambda$waitForClusterToBeReady$0(147)) - Waiting for cluster to be ready. Got 0 of 10 DN Heartbeats.
2019-10-14 11:47:34,427 [Datanode State Machine Thread - 0] INFO  ozoneimpl.OzoneContainer (OzoneContainer.java:start(213)) - Attempting to start container services.
2019-10-14 11:47:34,427 [Datanode State Machine Thread - 0] INFO  ozoneimpl.OzoneContainer (OzoneContainer.java:start(213)) - Attempting to start container services.
2019-10-14 11:47:34,429 [Datanode State Machine Thread - 0] INFO  ozoneimpl.OzoneContainer (OzoneContainer.java:startContainerScrub(177)) - Background container scanner has been disabled.
2019-10-14 11:47:34,429 [Datanode State Machine Thread - 0] INFO  ozoneimpl.OzoneContainer (OzoneContainer.java:startContainerScrub(177)) - Background container scanner has been disabled.
2019-10-14 11:47:34,430 [Datanode State Machine Thread - 0] INFO  ratis.XceiverServerRatis (XceiverServerRatis.java:start(418)) - Starting XceiverServerRatis 3bc3ffd4-ca2b-4642-8b6e-3bbc7ef2ee22 at port 0
2019-10-14 11:47:34,430 [Datanode State Machine Thread - 0] INFO  ratis.XceiverServerRatis (XceiverServerRatis.java:start(418)) - Starting XceiverServerRatis 5bc8b8fa-272e-4092-acf1-f109be7f6495 at port 0
2019-10-14 11:47:34,450 [Datanode State Machine Thread - 0] INFO  impl.RaftServerProxy (RaftServerProxy.java:lambda$start$3(299)) - 3bc3ffd4-ca2b-4642-8b6e-3bbc7ef2ee22: start RPC server
2019-10-14 11:47:34,450 [Datanode State Machine Thread - 0] INFO  impl.RaftServerProxy (RaftServerProxy.java:lambda$start$3(299)) - 5bc8b8fa-272e-4092-acf1-f109be7f6495: start RPC server
2019-10-14 11:47:34,567 [Datanode State Machine Thread - 0] INFO  server.GrpcService (GrpcService.java:startImpl(158)) - 3bc3ffd4-ca2b-4642-8b6e-3bbc7ef2ee22: GrpcService started, listening on 0.0.0.0/0.0.0.0:44291
2019-10-14 11:47:34,567 [Datanode State Machine Thread - 0] INFO  server.GrpcService (GrpcService.java:startImpl(158)) - 5bc8b8fa-272e-4092-acf1-f109be7f6495: GrpcService started, listening on 0.0.0.0/0.0.0.0:34279
2019-10-14 11:47:34,568 [Datanode State Machine Thread - 0] INFO  ratis.XceiverServerRatis (XceiverServerRatis.java:start(428)) - XceiverServerRatis 3bc3ffd4-ca2b-4642-8b6e-3bbc7ef2ee22 is started using port 44291
2019-10-14 11:47:34,568 [Datanode State Machine Thread - 0] INFO  ratis.XceiverServerRatis (XceiverServerRatis.java:start(428)) - XceiverServerRatis 5bc8b8fa-272e-4092-acf1-f109be7f6495 is started using port 34279
2019-10-14 11:47:34,572 [Datanode State Machine Thread - 0] INFO  server.XceiverServerGrpc (XceiverServerGrpc.java:start(149)) - XceiverServerGrpc 3bc3ffd4-ca2b-4642-8b6e-3bbc7ef2ee22 is started using port 39845
2019-10-14 11:47:34,572 [Datanode State Machine Thread - 0] INFO  server.XceiverServerGrpc (XceiverServerGrpc.java:start(149)) - XceiverServerGrpc 5bc8b8fa-272e-4092-acf1-f109be7f6495 is started using port 40544
2019-10-14 11:47:34,729 [main] INFO  ozone.MiniOzoneClusterImpl (MiniOzoneClusterImpl.java:lambda$waitForClusterToBeReady$0(147)) - Waiting for cluster to be ready. Got 0 of 10 DN Heartbeats.
2019-10-14 11:47:35,077 [Datanode State Machine Thread - 0] INFO  ozoneimpl.OzoneContainer (OzoneContainer.java:start(213)) - Attempting to start container services.
2019-10-14 11:47:35,077 [Datanode State Machine Thread - 0] INFO  ozoneimpl.OzoneContainer (OzoneContainer.java:start(213)) - Attempting to start container services.
2019-10-14 11:47:35,077 [Datanode State Machine Thread - 0] INFO  ozoneimpl.OzoneContainer (OzoneContainer.java:start(213)) - Attempting to start container services.
2019-10-14 11:47:35,077 [Datanode State Machine Thread - 0] INFO  ozoneimpl.OzoneContainer (OzoneContainer.java:start(213)) - Attempting to start container services.
2019-10-14 11:47:35,077 [Datanode State Machine Thread - 0] INFO  ozoneimpl.OzoneContainer (OzoneContainer.java:start(213)) - Attempting to start container services.
2019-10-14 11:47:35,077 [Datanode State Machine Thread - 0] INFO  ozoneimpl.OzoneContainer (OzoneContainer.java:start(213)) - Attempting to start container services.
2019-10-14 11:47:35,077 [Datanode State Machine Thread - 0] INFO  ozoneimpl.OzoneContainer (OzoneContainer.java:start(213)) - Attempting to start container services.
2019-10-14 11:47:35,086 [Datanode State Machine Thread - 0] INFO  ozoneimpl.OzoneContainer (OzoneContainer.java:startContainerScrub(177)) - Background container scanner has been disabled.
2019-10-14 11:47:35,086 [Datanode State Machine Thread - 0] INFO  ozoneimpl.OzoneContainer (OzoneContainer.java:startContainerScrub(177)) - Background container scanner has been disabled.
2019-10-14 11:47:35,086 [Datanode State Machine Thread - 0] INFO  ozoneimpl.OzoneContainer (OzoneContainer.java:startContainerScrub(177)) - Background container scanner has been disabled.
2019-10-14 11:47:35,085 [Datanode State Machine Thread - 0] INFO  ozoneimpl.OzoneContainer (OzoneContainer.java:startContainerScrub(177)) - Background container scanner has been disabled.
2019-10-14 11:47:35,085 [Datanode State Machine Thread - 0] INFO  ozoneimpl.OzoneContainer (OzoneContainer.java:startContainerScrub(177)) - Background container scanner has been disabled.
2019-10-14 11:47:35,087 [Datanode State Machine Thread - 0] INFO  ratis.XceiverServerRatis (XceiverServerRatis.java:start(418)) - Starting XceiverServerRatis cc468aaf-970e-4390-a09b-d22e887dcca5 at port 0
2019-10-14 11:47:35,085 [Datanode State Machine Thread - 0] INFO  ozoneimpl.OzoneContainer (OzoneContainer.java:startContainerScrub(177)) - Background container scanner has been disabled.
2019-10-14 11:47:35,078 [Datanode State Machine Thread - 0] INFO  ozoneimpl.OzoneContainer (OzoneContainer.java:start(213)) - Attempting to start container services.
2019-10-14 11:47:35,087 [Datanode State Machine Thread - 0] INFO  ratis.XceiverServerRatis (XceiverServerRatis.java:start(418)) - Starting XceiverServerRatis 55dd3dc0-fda6-4709-a196-fb18f8226b75 at port 0
2019-10-14 11:47:35,087 [Datanode State Machine Thread - 0] INFO  ratis.XceiverServerRatis (XceiverServerRatis.java:start(418)) - Starting XceiverServerRatis f0f082c2-1f27-438a-84dc-0a031023061a at port 0
2019-10-14 11:47:35,087 [Datanode State Machine Thread - 0] INFO  ratis.XceiverServerRatis (XceiverServerRatis.java:start(418)) - Starting XceiverServerRatis 13f7b347-0949-4e64-82cc-e591bbf46992 at port 0
2019-10-14 11:47:35,086 [Datanode State Machine Thread - 0] INFO  ratis.XceiverServerRatis (XceiverServerRatis.java:start(418)) - Starting XceiverServerRatis b028e2eb-b728-4e3f-8a5a-c0a0c7a83e03 at port 0
2019-10-14 11:47:35,086 [Datanode State Machine Thread - 0] INFO  ratis.XceiverServerRatis (XceiverServerRatis.java:start(418)) - Starting XceiverServerRatis 10869a4c-e8b4-4be3-9974-20be879fea16 at port 0
2019-10-14 11:47:35,086 [Datanode State Machine Thread - 0] INFO  ozoneimpl.OzoneContainer (OzoneContainer.java:startContainerScrub(177)) - Background container scanner has been disabled.
2019-10-14 11:47:35,087 [Datanode State Machine Thread - 0] INFO  ozoneimpl.OzoneContainer (OzoneContainer.java:startContainerScrub(177)) - Background container scanner has been disabled.
2019-10-14 11:47:35,088 [Datanode State Machine Thread - 0] INFO  ratis.XceiverServerRatis (XceiverServerRatis.java:start(418)) - Starting XceiverServerRatis 832fd50e-d9ff-47f8-a960-98c66a98f86a at port 0
2019-10-14 11:47:35,088 [Datanode State Machine Thread - 0] INFO  ratis.XceiverServerRatis (XceiverServerRatis.java:start(418)) - Starting XceiverServerRatis e479bcbd-0a5d-4efa-b403-4450370eddf2 at port 0
2019-10-14 11:47:35,125 [Datanode State Machine Thread - 0] INFO  impl.RaftServerProxy (RaftServerProxy.java:lambda$start$3(299)) - 13f7b347-0949-4e64-82cc-e591bbf46992: start RPC server
2019-10-14 11:47:35,126 [Datanode State Machine Thread - 0] INFO  impl.RaftServerProxy (RaftServerProxy.java:lambda$start$3(299)) - 10869a4c-e8b4-4be3-9974-20be879fea16: start RPC server
2019-10-14 11:47:35,134 [Datanode State Machine Thread - 0] INFO  server.GrpcService (GrpcService.java:startImpl(158)) - 10869a4c-e8b4-4be3-9974-20be879fea16: GrpcService started, listening on 0.0.0.0/0.0.0.0:34100
2019-10-14 11:47:35,134 [Datanode State Machine Thread - 0] INFO  server.GrpcService (GrpcService.java:startImpl(158)) - 13f7b347-0949-4e64-82cc-e591bbf46992: GrpcService started, listening on 0.0.0.0/0.0.0.0:44843
2019-10-14 11:47:35,134 [Datanode State Machine Thread - 0] INFO  ratis.XceiverServerRatis (XceiverServerRatis.java:start(428)) - XceiverServerRatis 10869a4c-e8b4-4be3-9974-20be879fea16 is started using port 34100
2019-10-14 11:47:35,134 [Datanode State Machine Thread - 0] INFO  impl.RaftServerProxy (RaftServerProxy.java:lambda$start$3(299)) - 55dd3dc0-fda6-4709-a196-fb18f8226b75: start RPC server
2019-10-14 11:47:35,134 [Datanode State Machine Thread - 0] INFO  ratis.XceiverServerRatis (XceiverServerRatis.java:start(428)) - XceiverServerRatis 13f7b347-0949-4e64-82cc-e591bbf46992 is started using port 44843
2019-10-14 11:47:35,137 [Datanode State Machine Thread - 0] INFO  server.XceiverServerGrpc (XceiverServerGrpc.java:start(149)) - XceiverServerGrpc 10869a4c-e8b4-4be3-9974-20be879fea16 is started using port 44434
2019-10-14 11:47:35,145 [Datanode State Machine Thread - 0] INFO  server.GrpcService (GrpcService.java:startImpl(158)) - 55dd3dc0-fda6-4709-a196-fb18f8226b75: GrpcService started, listening on 0.0.0.0/0.0.0.0:44443
2019-10-14 11:47:35,145 [Datanode State Machine Thread - 0] INFO  server.XceiverServerGrpc (XceiverServerGrpc.java:start(149)) - XceiverServerGrpc 13f7b347-0949-4e64-82cc-e591bbf46992 is started using port 35444
2019-10-14 11:47:35,145 [Datanode State Machine Thread - 0] INFO  ratis.XceiverServerRatis (XceiverServerRatis.java:start(428)) - XceiverServerRatis 55dd3dc0-fda6-4709-a196-fb18f8226b75 is started using port 44443
2019-10-14 11:47:35,145 [Datanode State Machine Thread - 0] INFO  impl.RaftServerProxy (RaftServerProxy.java:lambda$start$3(299)) - b028e2eb-b728-4e3f-8a5a-c0a0c7a83e03: start RPC server
2019-10-14 11:47:35,145 [Datanode State Machine Thread - 0] INFO  impl.RaftServerProxy (RaftServerProxy.java:lambda$start$3(299)) - cc468aaf-970e-4390-a09b-d22e887dcca5: start RPC server
2019-10-14 11:47:35,145 [Datanode State Machine Thread - 0] INFO  impl.RaftServerProxy (RaftServerProxy.java:lambda$start$3(299)) - e479bcbd-0a5d-4efa-b403-4450370eddf2: start RPC server
2019-10-14 11:47:35,148 [Datanode State Machine Thread - 0] INFO  impl.RaftServerProxy (RaftServerProxy.java:lambda$start$3(299)) - f0f082c2-1f27-438a-84dc-0a031023061a: start RPC server
2019-10-14 11:47:35,153 [Datanode State Machine Thread - 0] INFO  impl.RaftServerProxy (RaftServerProxy.java:lambda$start$3(299)) - 832fd50e-d9ff-47f8-a960-98c66a98f86a: start RPC server
2019-10-14 11:47:35,160 [Datanode State Machine Thread - 0] INFO  server.XceiverServerGrpc (XceiverServerGrpc.java:start(149)) - XceiverServerGrpc 55dd3dc0-fda6-4709-a196-fb18f8226b75 is started using port 42746
2019-10-14 11:47:35,163 [Datanode State Machine Thread - 0] INFO  server.GrpcService (GrpcService.java:startImpl(158)) - e479bcbd-0a5d-4efa-b403-4450370eddf2: GrpcService started, listening on 0.0.0.0/0.0.0.0:37338
2019-10-14 11:47:35,163 [Datanode State Machine Thread - 0] INFO  server.GrpcService (GrpcService.java:startImpl(158)) - 832fd50e-d9ff-47f8-a960-98c66a98f86a: GrpcService started, listening on 0.0.0.0/0.0.0.0:36951
2019-10-14 11:47:35,163 [Datanode State Machine Thread - 0] INFO  server.GrpcService (GrpcService.java:startImpl(158)) - f0f082c2-1f27-438a-84dc-0a031023061a: GrpcService started, listening on 0.0.0.0/0.0.0.0:41258
2019-10-14 11:47:35,163 [Datanode State Machine Thread - 0] INFO  server.GrpcService (GrpcService.java:startImpl(158)) - cc468aaf-970e-4390-a09b-d22e887dcca5: GrpcService started, listening on 0.0.0.0/0.0.0.0:35690
2019-10-14 11:47:35,160 [Datanode State Machine Thread - 0] INFO  server.GrpcService (GrpcService.java:startImpl(158)) - b028e2eb-b728-4e3f-8a5a-c0a0c7a83e03: GrpcService started, listening on 0.0.0.0/0.0.0.0:45036
2019-10-14 11:47:35,165 [Datanode State Machine Thread - 0] INFO  ratis.XceiverServerRatis (XceiverServerRatis.java:start(428)) - XceiverServerRatis cc468aaf-970e-4390-a09b-d22e887dcca5 is started using port 35690
2019-10-14 11:47:35,164 [Datanode State Machine Thread - 0] INFO  ratis.XceiverServerRatis (XceiverServerRatis.java:start(428)) - XceiverServerRatis f0f082c2-1f27-438a-84dc-0a031023061a is started using port 41258
2019-10-14 11:47:35,164 [Datanode State Machine Thread - 0] INFO  ratis.XceiverServerRatis (XceiverServerRatis.java:start(428)) - XceiverServerRatis 832fd50e-d9ff-47f8-a960-98c66a98f86a is started using port 36951
2019-10-14 11:47:35,163 [Datanode State Machine Thread - 0] INFO  ratis.XceiverServerRatis (XceiverServerRatis.java:start(428)) - XceiverServerRatis e479bcbd-0a5d-4efa-b403-4450370eddf2 is started using port 37338
2019-10-14 11:47:35,165 [Datanode State Machine Thread - 0] INFO  ratis.XceiverServerRatis (XceiverServerRatis.java:start(428)) - XceiverServerRatis b028e2eb-b728-4e3f-8a5a-c0a0c7a83e03 is started using port 45036
2019-10-14 11:47:35,168 [Datanode State Machine Thread - 0] INFO  server.XceiverServerGrpc (XceiverServerGrpc.java:start(149)) - XceiverServerGrpc cc468aaf-970e-4390-a09b-d22e887dcca5 is started using port 38289
2019-10-14 11:47:35,205 [Datanode State Machine Thread - 0] INFO  server.XceiverServerGrpc (XceiverServerGrpc.java:start(149)) - XceiverServerGrpc 832fd50e-d9ff-47f8-a960-98c66a98f86a is started using port 41223
2019-10-14 11:47:35,205 [Datanode State Machine Thread - 0] INFO  server.XceiverServerGrpc (XceiverServerGrpc.java:start(149)) - XceiverServerGrpc f0f082c2-1f27-438a-84dc-0a031023061a is started using port 34898
2019-10-14 11:47:35,212 [Datanode State Machine Thread - 0] INFO  server.XceiverServerGrpc (XceiverServerGrpc.java:start(149)) - XceiverServerGrpc b028e2eb-b728-4e3f-8a5a-c0a0c7a83e03 is started using port 34934
2019-10-14 11:47:35,212 [Datanode State Machine Thread - 0] INFO  server.XceiverServerGrpc (XceiverServerGrpc.java:start(149)) - XceiverServerGrpc e479bcbd-0a5d-4efa-b403-4450370eddf2 is started using port 33571
2019-10-14 11:47:35,729 [main] INFO  ozone.MiniOzoneClusterImpl (MiniOzoneClusterImpl.java:lambda$waitForClusterToBeReady$0(147)) - Waiting for cluster to be ready. Got 0 of 10 DN Heartbeats.
2019-10-14 11:47:35,982 [IPC Server handler 3 on 33776] INFO  net.NetworkTopology (NetworkTopologyImpl.java:add(111)) - Added a new node: /rack1/5bc8b8fa-272e-4092-acf1-f109be7f6495
2019-10-14 11:47:35,983 [IPC Server handler 3 on 33776] INFO  node.SCMNodeManager (SCMNodeManager.java:register(268)) - Registered Data node : 5bc8b8fa-272e-4092-acf1-f109be7f6495{ip: 192.168.164.236, host: pr-hdds-2298-bsdkb-3913594898, networkLocation: /rack1, certSerialId: null}
2019-10-14 11:47:35,987 [EventQueue-NodeRegistrationContainerReportForDataNodeSafeModeRule] INFO  safemode.SCMSafeModeManager (DataNodeSafeModeRule.java:process(71)) - SCM in safe mode. 1 DataNodes registered, 1 required.
2019-10-14 11:47:35,990 [EventQueue-NodeRegistrationContainerReportForDataNodeSafeModeRule] INFO  safemode.SCMSafeModeManager (SCMSafeModeManager.java:validateSafeModeExitRules(177)) - ScmSafeModeManager, all rules are successfully validated
2019-10-14 11:47:35,990 [EventQueue-NodeRegistrationContainerReportForDataNodeSafeModeRule] INFO  safemode.SCMSafeModeManager (SCMSafeModeManager.java:exitSafeMode(193)) - SCM exiting safe mode.
2019-10-14 11:47:36,005 [IPC Server handler 4 on 33776] INFO  net.NetworkTopology (NetworkTopologyImpl.java:add(111)) - Added a new node: /rack1/3bc3ffd4-ca2b-4642-8b6e-3bbc7ef2ee22
2019-10-14 11:47:36,006 [IPC Server handler 4 on 33776] INFO  node.SCMNodeManager (SCMNodeManager.java:register(268)) - Registered Data node : 3bc3ffd4-ca2b-4642-8b6e-3bbc7ef2ee22{ip: 192.168.164.236, host: pr-hdds-2298-bsdkb-3913594898, networkLocation: /rack1, certSerialId: null}
2019-10-14 11:47:36,122 [IPC Server handler 5 on 33776] INFO  net.NetworkTopology (NetworkTopologyImpl.java:add(111)) - Added a new node: /rack1/832fd50e-d9ff-47f8-a960-98c66a98f86a
2019-10-14 11:47:36,122 [IPC Server handler 5 on 33776] INFO  node.SCMNodeManager (SCMNodeManager.java:register(268)) - Registered Data node : 832fd50e-d9ff-47f8-a960-98c66a98f86a{ip: 192.168.164.236, host: pr-hdds-2298-bsdkb-3913594898, networkLocation: /rack1, certSerialId: null}
2019-10-14 11:47:36,218 [IPC Server handler 7 on 33776] INFO  net.NetworkTopology (NetworkTopologyImpl.java:add(111)) - Added a new node: /rack1/13f7b347-0949-4e64-82cc-e591bbf46992
2019-10-14 11:47:36,218 [IPC Server handler 7 on 33776] INFO  node.SCMNodeManager (SCMNodeManager.java:register(268)) - Registered Data node : 13f7b347-0949-4e64-82cc-e591bbf46992{ip: 192.168.164.236, host: pr-hdds-2298-bsdkb-3913594898, networkLocation: /rack1, certSerialId: null}
2019-10-14 11:47:36,311 [IPC Server handler 9 on 33776] INFO  net.NetworkTopology (NetworkTopologyImpl.java:add(111)) - Added a new node: /rack1/e479bcbd-0a5d-4efa-b403-4450370eddf2
2019-10-14 11:47:36,311 [IPC Server handler 9 on 33776] INFO  node.SCMNodeManager (SCMNodeManager.java:register(268)) - Registered Data node : e479bcbd-0a5d-4efa-b403-4450370eddf2{ip: 192.168.164.236, host: pr-hdds-2298-bsdkb-3913594898, networkLocation: /rack1, certSerialId: null}
2019-10-14 11:47:36,398 [IPC Server handler 6 on 33776] INFO  net.NetworkTopology (NetworkTopologyImpl.java:add(111)) - Added a new node: /rack1/b028e2eb-b728-4e3f-8a5a-c0a0c7a83e03
2019-10-14 11:47:36,398 [IPC Server handler 6 on 33776] INFO  node.SCMNodeManager (SCMNodeManager.java:register(268)) - Registered Data node : b028e2eb-b728-4e3f-8a5a-c0a0c7a83e03{ip: 192.168.164.236, host: pr-hdds-2298-bsdkb-3913594898, networkLocation: /rack1, certSerialId: null}
2019-10-14 11:47:36,489 [IPC Server handler 11 on 33776] INFO  net.NetworkTopology (NetworkTopologyImpl.java:add(111)) - Added a new node: /rack1/cc468aaf-970e-4390-a09b-d22e887dcca5
2019-10-14 11:47:36,489 [IPC Server handler 11 on 33776] INFO  node.SCMNodeManager (SCMNodeManager.java:register(268)) - Registered Data node : cc468aaf-970e-4390-a09b-d22e887dcca5{ip: 192.168.164.236, host: pr-hdds-2298-bsdkb-3913594898, networkLocation: /rack1, certSerialId: null}
2019-10-14 11:47:36,554 [grpc-default-executor-0] INFO  impl.RaftServerProxy (RaftServerProxy.java:addNew(89)) - 5bc8b8fa-272e-4092-acf1-f109be7f6495: addNew group-5E5A9C99043A:[5bc8b8fa-272e-4092-acf1-f109be7f6495:192.168.164.236:34279] returns group-5E5A9C99043A:java.util.concurrent.CompletableFuture@293465fa[Not completed]
2019-10-14 11:47:36,563 [IPC Server handler 0 on 33776] INFO  net.NetworkTopology (NetworkTopologyImpl.java:add(111)) - Added a new node: /rack1/55dd3dc0-fda6-4709-a196-fb18f8226b75
2019-10-14 11:47:36,563 [IPC Server handler 0 on 33776] INFO  node.SCMNodeManager (SCMNodeManager.java:register(268)) - Registered Data node : 55dd3dc0-fda6-4709-a196-fb18f8226b75{ip: 192.168.164.236, host: pr-hdds-2298-bsdkb-3913594898, networkLocation: /rack1, certSerialId: null}
2019-10-14 11:47:36,574 [pool-27-thread-1] INFO  impl.RaftServerImpl (RaftServerImpl.java:<init>(95)) - 5bc8b8fa-272e-4092-acf1-f109be7f6495: new RaftServerImpl for group-5E5A9C99043A:[5bc8b8fa-272e-4092-acf1-f109be7f6495:192.168.164.236:34279] with ContainerStateMachine:uninitialized
2019-10-14 11:47:36,575 [pool-27-thread-1] INFO  server.RaftServerConfigKeys (ConfUtils.java:logGet(43)) - raft.server.rpc.timeout.min = 1s (custom)
2019-10-14 11:47:36,577 [pool-27-thread-1] INFO  server.RaftServerConfigKeys (ConfUtils.java:logGet(43)) - raft.server.rpc.timeout.max = 1200ms (custom)
2019-10-14 11:47:36,577 [pool-27-thread-1] INFO  server.RaftServerConfigKeys (ConfUtils.java:logGet(43)) - raft.server.rpcslowness.timeout = 120s (custom)
2019-10-14 11:47:36,578 [pool-27-thread-1] INFO  server.RaftServerConfigKeys (ConfUtils.java:logGet(43)) - raft.server.sleep.deviation.threshold = 300 (default)
2019-10-14 11:47:36,578 [pool-27-thread-1] INFO  server.RaftServerConfigKeys (ConfUtils.java:logGet(43)) - raft.server.log.appender.install.snapshot.enabled = false (custom)
2019-10-14 11:47:36,585 [pool-27-thread-1] INFO  impl.RaftServerImpl (ServerState.java:<init>(103)) - 5bc8b8fa-272e-4092-acf1-f109be7f6495@group-5E5A9C99043A: ConfigurationManager, init=-1: [5bc8b8fa-272e-4092-acf1-f109be7f6495:192.168.164.236:34279], old=null, confs=<EMPTY_MAP>
2019-10-14 11:47:36,585 [pool-27-thread-1] INFO  server.RaftServerConfigKeys (ConfUtils.java:logGet(43)) - raft.server.storage.dir = [/workdir/hadoop-ozone/integration-test/target/test-dir/MiniOzoneClusterImpl-70ec8ae2-7faf-4a8c-b4a4-6e56eb0602b1/datanode-0/data/ratis] (custom)
2019-10-14 11:47:36,590 [pool-27-thread-1] INFO  server.RaftServerConfigKeys (ConfUtils.java:logGet(43)) - raft.server.log.corruption.policy = EXCEPTION (default)
2019-10-14 11:47:36,592 [pool-27-thread-1] INFO  storage.RaftStorageDirectory (RaftStorageDirectory.java:analyzeStorage(246)) - The storage directory /workdir/hadoop-ozone/integration-test/target/test-dir/MiniOzoneClusterImpl-70ec8ae2-7faf-4a8c-b4a4-6e56eb0602b1/datanode-0/data/ratis/0561ef9b-f513-4bca-b2ff-5e5a9c99043a does not exist. Creating ...
2019-10-14 11:47:36,649 [IPC Server handler 2 on 33776] INFO  net.NetworkTopology (NetworkTopologyImpl.java:add(111)) - Added a new node: /rack1/f0f082c2-1f27-438a-84dc-0a031023061a
2019-10-14 11:47:36,649 [IPC Server handler 2 on 33776] INFO  node.SCMNodeManager (SCMNodeManager.java:register(268)) - Registered Data node : f0f082c2-1f27-438a-84dc-0a031023061a{ip: 192.168.164.236, host: pr-hdds-2298-bsdkb-3913594898, networkLocation: /rack1, certSerialId: null}
2019-10-14 11:47:36,731 [main] INFO  ozone.MiniOzoneClusterImpl (MiniOzoneClusterImpl.java:lambda$waitForClusterToBeReady$0(147)) - Waiting for cluster to be ready. Got 9 of 10 DN Heartbeats.
2019-10-14 11:47:36,732 [IPC Server handler 3 on 33776] INFO  net.NetworkTopology (NetworkTopologyImpl.java:add(111)) - Added a new node: /rack1/10869a4c-e8b4-4be3-9974-20be879fea16
2019-10-14 11:47:36,733 [IPC Server handler 3 on 33776] INFO  node.SCMNodeManager (SCMNodeManager.java:register(268)) - Registered Data node : 10869a4c-e8b4-4be3-9974-20be879fea16{ip: 192.168.164.236, host: pr-hdds-2298-bsdkb-3913594898, networkLocation: /rack1, certSerialId: null}
2019-10-14 11:47:37,732 [main] INFO  ozone.MiniOzoneClusterImpl (MiniOzoneClusterImpl.java:lambda$waitForClusterToBeReady$0(147)) - Cluster is ready. Got 10 of 10 DN Heartbeats.
2019-10-14 11:47:38,374 [main] INFO  rpc.RpcClient (RpcClient.java:createVolume(272)) - Creating Volume: datanodefailurehandlingtest, with jenkins1000 as owner.
2019-10-14 11:47:38,461 [IPC Server handler 1 on 35426] INFO  volume.OMVolumeCreateRequest (OMVolumeCreateRequest.java:validateAndUpdateCache(193)) - created volume:datanodefailurehandlingtest for user:jenkins1000
2019-10-14 11:47:38,694 [main] INFO  rpc.RpcClient (RpcClient.java:createBucket(411)) - Creating Bucket: datanodefailurehandlingtest/datanodefailurehandlingtest, with Versioning false and Storage Type set to DISK and Encryption set to false 
2019-10-14 11:47:38,994 [Thread-283] INFO  container.ReplicationManager (ReplicationManager.java:start(162)) - Starting Replication Monitor Thread.
2019-10-14 11:47:38,998 [ReplicationMonitor] INFO  container.ReplicationManager (ReplicationManager.java:run(225)) - Replication Monitor Thread took 0 milliseconds for processing 0 containers.
2019-10-14 11:47:39,168 [RATISCREATEPIPELINE1] ERROR pipeline.RatisPipelineProvider (RatisPipelineProvider.java:lambda$null$5(237)) - Failed invoke Ratis rpc org.apache.hadoop.hdds.scm.pipeline.RatisPipelineProvider$$Lambda$187/2146604849@749e1a41 for 5bc8b8fa-272e-4092-acf1-f109be7f6495
org.apache.ratis.protocol.TimeoutIOException: deadline exceeded after 2959855463ns
	at org.apache.ratis.grpc.GrpcUtil.tryUnwrapException(GrpcUtil.java:82)
	at org.apache.ratis.grpc.GrpcUtil.unwrapException(GrpcUtil.java:75)
	at org.apache.ratis.grpc.client.GrpcClientProtocolClient.blockingCall(GrpcClientProtocolClient.java:184)
	at org.apache.ratis.grpc.client.GrpcClientProtocolClient.groupAdd(GrpcClientProtocolClient.java:153)
	at org.apache.ratis.grpc.client.GrpcClientRpc.sendRequest(GrpcClientRpc.java:94)
	at org.apache.ratis.client.impl.RaftClientImpl.sendRequest(RaftClientImpl.java:278)
	at org.apache.ratis.client.impl.RaftClientImpl.groupAdd(RaftClientImpl.java:205)
	at org.apache.hadoop.hdds.scm.pipeline.RatisPipelineProvider.lambda$initializePipeline$4(RatisPipelineProvider.java:198)
	at org.apache.hadoop.hdds.scm.pipeline.RatisPipelineProvider.lambda$null$5(RatisPipelineProvider.java:233)
	at java.util.stream.ForEachOps$ForEachOp$OfRef.accept(ForEachOps.java:184)
	at java.util.ArrayList$ArrayListSpliterator.forEachRemaining(ArrayList.java:1382)
	at java.util.stream.AbstractPipeline.copyInto(AbstractPipeline.java:482)
	at java.util.stream.ForEachOps$ForEachTask.compute(ForEachOps.java:291)
	at java.util.concurrent.CountedCompleter.exec(CountedCompleter.java:731)
	at java.util.concurrent.ForkJoinTask.doExec(ForkJoinTask.java:289)
	at java.util.concurrent.ForkJoinTask.doInvoke(ForkJoinTask.java:401)
	at java.util.concurrent.ForkJoinTask.invoke(ForkJoinTask.java:734)
	at java.util.stream.ForEachOps$ForEachOp.evaluateParallel(ForEachOps.java:160)
	at java.util.stream.ForEachOps$ForEachOp$OfRef.evaluateParallel(ForEachOps.java:174)
	at java.util.stream.AbstractPipeline.evaluate(AbstractPipeline.java:233)
	at java.util.stream.ReferencePipeline.forEach(ReferencePipeline.java:418)
	at java.util.stream.ReferencePipeline$Head.forEach(ReferencePipeline.java:583)
	at org.apache.hadoop.hdds.scm.pipeline.RatisPipelineProvider.lambda$callRatisRpc$6(RatisPipelineProvider.java:227)
	at java.util.concurrent.ForkJoinTask$AdaptedRunnableAction.exec(ForkJoinTask.java:1386)
	at java.util.concurrent.ForkJoinTask.doExec(ForkJoinTask.java:289)
	at java.util.concurrent.ForkJoinPool$WorkQueue.runTask(ForkJoinPool.java:1056)
	at java.util.concurrent.ForkJoinPool.runWorker(ForkJoinPool.java:1692)
	at java.util.concurrent.ForkJoinWorkerThread.run(ForkJoinWorkerThread.java:157)
Caused by: org.apache.ratis.thirdparty.io.grpc.StatusRuntimeException: DEADLINE_EXCEEDED: deadline exceeded after 2959855463ns
	at org.apache.ratis.thirdparty.io.grpc.stub.ClientCalls.toStatusRuntimeException(ClientCalls.java:233)
	at org.apache.ratis.thirdparty.io.grpc.stub.ClientCalls.getUnchecked(ClientCalls.java:214)
	at org.apache.ratis.thirdparty.io.grpc.stub.ClientCalls.blockingUnaryCall(ClientCalls.java:139)
	at org.apache.ratis.proto.grpc.AdminProtocolServiceGrpc$AdminProtocolServiceBlockingStub.groupManagement(AdminProtocolServiceGrpc.java:274)
	at org.apache.ratis.grpc.client.GrpcClientProtocolClient.lambda$groupAdd$3(GrpcClientProtocolClient.java:155)
	at org.apache.ratis.grpc.client.GrpcClientProtocolClient.blockingCall(GrpcClientProtocolClient.java:182)
	... 25 more
2019-10-14 11:47:39,228 [grpc-default-executor-2] INFO  impl.RaftServerProxy (RaftServerProxy.java:addNew(89)) - 832fd50e-d9ff-47f8-a960-98c66a98f86a: addNew group-E4E74E988DEB:[13f7b347-0949-4e64-82cc-e591bbf46992:192.168.164.236:44843, b028e2eb-b728-4e3f-8a5a-c0a0c7a83e03:192.168.164.236:45036, 832fd50e-d9ff-47f8-a960-98c66a98f86a:192.168.164.236:36951] returns group-E4E74E988DEB:java.util.concurrent.CompletableFuture@595f468f[Not completed]
2019-10-14 11:47:39,288 [pool-47-thread-1] INFO  impl.RaftServerImpl (RaftServerImpl.java:<init>(95)) - 832fd50e-d9ff-47f8-a960-98c66a98f86a: new RaftServerImpl for group-E4E74E988DEB:[13f7b347-0949-4e64-82cc-e591bbf46992:192.168.164.236:44843, b028e2eb-b728-4e3f-8a5a-c0a0c7a83e03:192.168.164.236:45036, 832fd50e-d9ff-47f8-a960-98c66a98f86a:192.168.164.236:36951] with ContainerStateMachine:uninitialized
2019-10-14 11:47:39,289 [grpc-default-executor-2] INFO  impl.RaftServerProxy (RaftServerProxy.java:addNew(89)) - 13f7b347-0949-4e64-82cc-e591bbf46992: addNew group-E4E74E988DEB:[13f7b347-0949-4e64-82cc-e591bbf46992:192.168.164.236:44843, b028e2eb-b728-4e3f-8a5a-c0a0c7a83e03:192.168.164.236:45036, 832fd50e-d9ff-47f8-a960-98c66a98f86a:192.168.164.236:36951] returns group-E4E74E988DEB:java.util.concurrent.CompletableFuture@2d8b6d44[Not completed]
2019-10-14 11:47:39,289 [pool-47-thread-1] INFO  server.RaftServerConfigKeys (ConfUtils.java:logGet(43)) - raft.server.rpc.timeout.min = 1s (custom)
2019-10-14 11:47:39,290 [pool-47-thread-1] INFO  server.RaftServerConfigKeys (ConfUtils.java:logGet(43)) - raft.server.rpc.timeout.max = 1200ms (custom)
2019-10-14 11:47:39,290 [grpc-default-executor-1] INFO  impl.RaftServerProxy (RaftServerProxy.java:addNew(89)) - b028e2eb-b728-4e3f-8a5a-c0a0c7a83e03: addNew group-E4E74E988DEB:[13f7b347-0949-4e64-82cc-e591bbf46992:192.168.164.236:44843, b028e2eb-b728-4e3f-8a5a-c0a0c7a83e03:192.168.164.236:45036, 832fd50e-d9ff-47f8-a960-98c66a98f86a:192.168.164.236:36951] returns group-E4E74E988DEB:java.util.concurrent.CompletableFuture@65d9e139[Not completed]
2019-10-14 11:47:39,290 [pool-47-thread-1] INFO  server.RaftServerConfigKeys (ConfUtils.java:logGet(43)) - raft.server.rpcslowness.timeout = 120s (custom)
2019-10-14 11:47:39,290 [pool-47-thread-1] INFO  server.RaftServerConfigKeys (ConfUtils.java:logGet(43)) - raft.server.sleep.deviation.threshold = 300 (default)
2019-10-14 11:47:39,290 [pool-47-thread-1] INFO  server.RaftServerConfigKeys (ConfUtils.java:logGet(43)) - raft.server.log.appender.install.snapshot.enabled = false (custom)
2019-10-14 11:47:39,293 [pool-47-thread-1] INFO  impl.RaftServerImpl (ServerState.java:<init>(103)) - 832fd50e-d9ff-47f8-a960-98c66a98f86a@group-E4E74E988DEB: ConfigurationManager, init=-1: [13f7b347-0949-4e64-82cc-e591bbf46992:192.168.164.236:44843, b028e2eb-b728-4e3f-8a5a-c0a0c7a83e03:192.168.164.236:45036, 832fd50e-d9ff-47f8-a960-98c66a98f86a:192.168.164.236:36951], old=null, confs=<EMPTY_MAP>
2019-10-14 11:47:39,323 [pool-47-thread-1] INFO  server.RaftServerConfigKeys (ConfUtils.java:logGet(43)) - raft.server.storage.dir = [/workdir/hadoop-ozone/integration-test/target/test-dir/MiniOzoneClusterImpl-70ec8ae2-7faf-4a8c-b4a4-6e56eb0602b1/datanode-2/data/ratis] (custom)
2019-10-14 11:47:39,323 [pool-47-thread-1] INFO  server.RaftServerConfigKeys (ConfUtils.java:logGet(43)) - raft.server.log.corruption.policy = EXCEPTION (default)
2019-10-14 11:47:39,323 [pool-47-thread-1] INFO  storage.RaftStorageDirectory (RaftStorageDirectory.java:analyzeStorage(246)) - The storage directory /workdir/hadoop-ozone/integration-test/target/test-dir/MiniOzoneClusterImpl-70ec8ae2-7faf-4a8c-b4a4-6e56eb0602b1/datanode-2/data/ratis/b8e1fef0-4043-4a60-a273-e4e74e988deb does not exist. Creating ...
2019-10-14 11:47:39,327 [pool-57-thread-1] INFO  impl.RaftServerImpl (RaftServerImpl.java:<init>(95)) - 13f7b347-0949-4e64-82cc-e591bbf46992: new RaftServerImpl for group-E4E74E988DEB:[13f7b347-0949-4e64-82cc-e591bbf46992:192.168.164.236:44843, b028e2eb-b728-4e3f-8a5a-c0a0c7a83e03:192.168.164.236:45036, 832fd50e-d9ff-47f8-a960-98c66a98f86a:192.168.164.236:36951] with ContainerStateMachine:uninitialized
2019-10-14 11:47:39,327 [pool-57-thread-1] INFO  server.RaftServerConfigKeys (ConfUtils.java:logGet(43)) - raft.server.rpc.timeout.min = 1s (custom)
2019-10-14 11:47:39,328 [pool-57-thread-1] INFO  server.RaftServerConfigKeys (ConfUtils.java:logGet(43)) - raft.server.rpc.timeout.max = 1200ms (custom)
2019-10-14 11:47:39,328 [pool-57-thread-1] INFO  server.RaftServerConfigKeys (ConfUtils.java:logGet(43)) - raft.server.rpcslowness.timeout = 120s (custom)
2019-10-14 11:47:39,328 [pool-57-thread-1] INFO  server.RaftServerConfigKeys (ConfUtils.java:logGet(43)) - raft.server.sleep.deviation.threshold = 300 (default)
2019-10-14 11:47:39,331 [pool-57-thread-1] INFO  server.RaftServerConfigKeys (ConfUtils.java:logGet(43)) - raft.server.log.appender.install.snapshot.enabled = false (custom)
2019-10-14 11:47:39,331 [pool-77-thread-1] INFO  impl.RaftServerImpl (RaftServerImpl.java:<init>(95)) - b028e2eb-b728-4e3f-8a5a-c0a0c7a83e03: new RaftServerImpl for group-E4E74E988DEB:[13f7b347-0949-4e64-82cc-e591bbf46992:192.168.164.236:44843, b028e2eb-b728-4e3f-8a5a-c0a0c7a83e03:192.168.164.236:45036, 832fd50e-d9ff-47f8-a960-98c66a98f86a:192.168.164.236:36951] with ContainerStateMachine:uninitialized
2019-10-14 11:47:39,331 [pool-57-thread-1] INFO  impl.RaftServerImpl (ServerState.java:<init>(103)) - 13f7b347-0949-4e64-82cc-e591bbf46992@group-E4E74E988DEB: ConfigurationManager, init=-1: [13f7b347-0949-4e64-82cc-e591bbf46992:192.168.164.236:44843, b028e2eb-b728-4e3f-8a5a-c0a0c7a83e03:192.168.164.236:45036, 832fd50e-d9ff-47f8-a960-98c66a98f86a:192.168.164.236:36951], old=null, confs=<EMPTY_MAP>
2019-10-14 11:47:39,331 [pool-77-thread-1] INFO  server.RaftServerConfigKeys (ConfUtils.java:logGet(43)) - raft.server.rpc.timeout.min = 1s (custom)
2019-10-14 11:47:39,331 [pool-57-thread-1] INFO  server.RaftServerConfigKeys (ConfUtils.java:logGet(43)) - raft.server.storage.dir = [/workdir/hadoop-ozone/integration-test/target/test-dir/MiniOzoneClusterImpl-70ec8ae2-7faf-4a8c-b4a4-6e56eb0602b1/datanode-3/data/ratis] (custom)
2019-10-14 11:47:39,331 [pool-77-thread-1] INFO  server.RaftServerConfigKeys (ConfUtils.java:logGet(43)) - raft.server.rpc.timeout.max = 1200ms (custom)
2019-10-14 11:47:39,332 [pool-77-thread-1] INFO  server.RaftServerConfigKeys (ConfUtils.java:logGet(43)) - raft.server.rpcslowness.timeout = 120s (custom)
2019-10-14 11:47:39,332 [pool-57-thread-1] INFO  server.RaftServerConfigKeys (ConfUtils.java:logGet(43)) - raft.server.log.corruption.policy = EXCEPTION (default)
2019-10-14 11:47:39,332 [pool-77-thread-1] INFO  server.RaftServerConfigKeys (ConfUtils.java:logGet(43)) - raft.server.sleep.deviation.threshold = 300 (default)
2019-10-14 11:47:39,332 [pool-57-thread-1] INFO  storage.RaftStorageDirectory (RaftStorageDirectory.java:analyzeStorage(246)) - The storage directory /workdir/hadoop-ozone/integration-test/target/test-dir/MiniOzoneClusterImpl-70ec8ae2-7faf-4a8c-b4a4-6e56eb0602b1/datanode-3/data/ratis/b8e1fef0-4043-4a60-a273-e4e74e988deb does not exist. Creating ...
2019-10-14 11:47:39,332 [pool-77-thread-1] INFO  server.RaftServerConfigKeys (ConfUtils.java:logGet(43)) - raft.server.log.appender.install.snapshot.enabled = false (custom)
2019-10-14 11:47:39,332 [pool-77-thread-1] INFO  impl.RaftServerImpl (ServerState.java:<init>(103)) - b028e2eb-b728-4e3f-8a5a-c0a0c7a83e03@group-E4E74E988DEB: ConfigurationManager, init=-1: [13f7b347-0949-4e64-82cc-e591bbf46992:192.168.164.236:44843, b028e2eb-b728-4e3f-8a5a-c0a0c7a83e03:192.168.164.236:45036, 832fd50e-d9ff-47f8-a960-98c66a98f86a:192.168.164.236:36951], old=null, confs=<EMPTY_MAP>
2019-10-14 11:47:39,332 [pool-77-thread-1] INFO  server.RaftServerConfigKeys (ConfUtils.java:logGet(43)) - raft.server.storage.dir = [/workdir/hadoop-ozone/integration-test/target/test-dir/MiniOzoneClusterImpl-70ec8ae2-7faf-4a8c-b4a4-6e56eb0602b1/datanode-5/data/ratis] (custom)
2019-10-14 11:47:39,332 [pool-77-thread-1] INFO  server.RaftServerConfigKeys (ConfUtils.java:logGet(43)) - raft.server.log.corruption.policy = EXCEPTION (default)
2019-10-14 11:47:39,332 [pool-77-thread-1] INFO  storage.RaftStorageDirectory (RaftStorageDirectory.java:analyzeStorage(246)) - The storage directory /workdir/hadoop-ozone/integration-test/target/test-dir/MiniOzoneClusterImpl-70ec8ae2-7faf-4a8c-b4a4-6e56eb0602b1/datanode-5/data/ratis/b8e1fef0-4043-4a60-a273-e4e74e988deb does not exist. Creating ...
2019-10-14 11:47:42,190 [RATISCREATEPIPELINE3] ERROR pipeline.RatisPipelineProvider (RatisPipelineProvider.java:lambda$null$5(237)) - Failed invoke Ratis rpc org.apache.hadoop.hdds.scm.pipeline.RatisPipelineProvider$$Lambda$187/2146604849@9ee56e6 for 13f7b347-0949-4e64-82cc-e591bbf46992
org.apache.ratis.protocol.TimeoutIOException: deadline exceeded after 2995720702ns
	at org.apache.ratis.grpc.GrpcUtil.tryUnwrapException(GrpcUtil.java:82)
	at org.apache.ratis.grpc.GrpcUtil.unwrapException(GrpcUtil.java:75)
	at org.apache.ratis.grpc.client.GrpcClientProtocolClient.blockingCall(GrpcClientProtocolClient.java:184)
	at org.apache.ratis.grpc.client.GrpcClientProtocolClient.groupAdd(GrpcClientProtocolClient.java:153)
	at org.apache.ratis.grpc.client.GrpcClientRpc.sendRequest(GrpcClientRpc.java:94)
	at org.apache.ratis.client.impl.RaftClientImpl.sendRequest(RaftClientImpl.java:278)
	at org.apache.ratis.client.impl.RaftClientImpl.groupAdd(RaftClientImpl.java:205)
	at org.apache.hadoop.hdds.scm.pipeline.RatisPipelineProvider.lambda$initializePipeline$4(RatisPipelineProvider.java:198)
	at org.apache.hadoop.hdds.scm.pipeline.RatisPipelineProvider.lambda$null$5(RatisPipelineProvider.java:233)
	at java.util.stream.ForEachOps$ForEachOp$OfRef.accept(ForEachOps.java:184)
	at java.util.ArrayList$ArrayListSpliterator.forEachRemaining(ArrayList.java:1382)
	at java.util.stream.AbstractPipeline.copyInto(AbstractPipeline.java:482)
	at java.util.stream.ForEachOps$ForEachTask.compute(ForEachOps.java:291)
	at java.util.concurrent.CountedCompleter.exec(CountedCompleter.java:731)
	at java.util.concurrent.ForkJoinTask.doExec(ForkJoinTask.java:289)
	at java.util.concurrent.ForkJoinPool$WorkQueue.runTask(ForkJoinPool.java:1056)
	at java.util.concurrent.ForkJoinPool.runWorker(ForkJoinPool.java:1692)
	at java.util.concurrent.ForkJoinWorkerThread.run(ForkJoinWorkerThread.java:157)
Caused by: org.apache.ratis.thirdparty.io.grpc.StatusRuntimeException: DEADLINE_EXCEEDED: deadline exceeded after 2995720702ns
	at org.apache.ratis.thirdparty.io.grpc.stub.ClientCalls.toStatusRuntimeException(ClientCalls.java:233)
	at org.apache.ratis.thirdparty.io.grpc.stub.ClientCalls.getUnchecked(ClientCalls.java:214)
	at org.apache.ratis.thirdparty.io.grpc.stub.ClientCalls.blockingUnaryCall(ClientCalls.java:139)
	at org.apache.ratis.proto.grpc.AdminProtocolServiceGrpc$AdminProtocolServiceBlockingStub.groupManagement(AdminProtocolServiceGrpc.java:274)
	at org.apache.ratis.grpc.client.GrpcClientProtocolClient.lambda$groupAdd$3(GrpcClientProtocolClient.java:155)
	at org.apache.ratis.grpc.client.GrpcClientProtocolClient.blockingCall(GrpcClientProtocolClient.java:182)
	... 15 more
2019-10-14 11:47:42,192 [RATISCREATEPIPELINE2] ERROR pipeline.RatisPipelineProvider (RatisPipelineProvider.java:lambda$null$5(237)) - Failed invoke Ratis rpc org.apache.hadoop.hdds.scm.pipeline.RatisPipelineProvider$$Lambda$187/2146604849@9ee56e6 for 832fd50e-d9ff-47f8-a960-98c66a98f86a
org.apache.ratis.protocol.TimeoutIOException: deadline exceeded after 2993474614ns
	at org.apache.ratis.grpc.GrpcUtil.tryUnwrapException(GrpcUtil.java:82)
	at org.apache.ratis.grpc.GrpcUtil.unwrapException(GrpcUtil.java:75)
	at org.apache.ratis.grpc.client.GrpcClientProtocolClient.blockingCall(GrpcClientProtocolClient.java:184)
	at org.apache.ratis.grpc.client.GrpcClientProtocolClient.groupAdd(GrpcClientProtocolClient.java:153)
	at org.apache.ratis.grpc.client.GrpcClientRpc.sendRequest(GrpcClientRpc.java:94)
	at org.apache.ratis.client.impl.RaftClientImpl.sendRequest(RaftClientImpl.java:278)
	at org.apache.ratis.client.impl.RaftClientImpl.groupAdd(RaftClientImpl.java:205)
	at org.apache.hadoop.hdds.scm.pipeline.RatisPipelineProvider.lambda$initializePipeline$4(RatisPipelineProvider.java:198)
	at org.apache.hadoop.hdds.scm.pipeline.RatisPipelineProvider.lambda$null$5(RatisPipelineProvider.java:233)
	at java.util.stream.ForEachOps$ForEachOp$OfRef.accept(ForEachOps.java:184)
	at java.util.ArrayList$ArrayListSpliterator.forEachRemaining(ArrayList.java:1382)
	at java.util.stream.AbstractPipeline.copyInto(AbstractPipeline.java:482)
	at java.util.stream.ForEachOps$ForEachTask.compute(ForEachOps.java:291)
	at java.util.concurrent.CountedCompleter.exec(CountedCompleter.java:731)
	at java.util.concurrent.ForkJoinTask.doExec(ForkJoinTask.java:289)
	at java.util.concurrent.ForkJoinPool$WorkQueue.runTask(ForkJoinPool.java:1056)
	at java.util.concurrent.ForkJoinPool.runWorker(ForkJoinPool.java:1692)
	at java.util.concurrent.ForkJoinWorkerThread.run(ForkJoinWorkerThread.java:157)
Caused by: org.apache.ratis.thirdparty.io.grpc.StatusRuntimeException: DEADLINE_EXCEEDED: deadline exceeded after 2993474614ns
	at org.apache.ratis.thirdparty.io.grpc.stub.ClientCalls.toStatusRuntimeException(ClientCalls.java:233)
	at org.apache.ratis.thirdparty.io.grpc.stub.ClientCalls.getUnchecked(ClientCalls.java:214)
	at org.apache.ratis.thirdparty.io.grpc.stub.ClientCalls.blockingUnaryCall(ClientCalls.java:139)
	at org.apache.ratis.proto.grpc.AdminProtocolServiceGrpc$AdminProtocolServiceBlockingStub.groupManagement(AdminProtocolServiceGrpc.java:274)
	at org.apache.ratis.grpc.client.GrpcClientProtocolClient.lambda$groupAdd$3(GrpcClientProtocolClient.java:155)
	at org.apache.ratis.grpc.client.GrpcClientProtocolClient.blockingCall(GrpcClientProtocolClient.java:182)
	... 15 more
2019-10-14 11:47:42,197 [RATISCREATEPIPELINE1] ERROR pipeline.RatisPipelineProvider (RatisPipelineProvider.java:lambda$null$5(237)) - Failed invoke Ratis rpc org.apache.hadoop.hdds.scm.pipeline.RatisPipelineProvider$$Lambda$187/2146604849@9ee56e6 for b028e2eb-b728-4e3f-8a5a-c0a0c7a83e03
org.apache.ratis.protocol.TimeoutIOException: deadline exceeded after 2997713692ns
	at org.apache.ratis.grpc.GrpcUtil.tryUnwrapException(GrpcUtil.java:82)
	at org.apache.ratis.grpc.GrpcUtil.unwrapException(GrpcUtil.java:75)
	at org.apache.ratis.grpc.client.GrpcClientProtocolClient.blockingCall(GrpcClientProtocolClient.java:184)
	at org.apache.ratis.grpc.client.GrpcClientProtocolClient.groupAdd(GrpcClientProtocolClient.java:153)
	at org.apache.ratis.grpc.client.GrpcClientRpc.sendRequest(GrpcClientRpc.java:94)
	at org.apache.ratis.client.impl.RaftClientImpl.sendRequest(RaftClientImpl.java:278)
	at org.apache.ratis.client.impl.RaftClientImpl.groupAdd(RaftClientImpl.java:205)
	at org.apache.hadoop.hdds.scm.pipeline.RatisPipelineProvider.lambda$initializePipeline$4(RatisPipelineProvider.java:198)
	at org.apache.hadoop.hdds.scm.pipeline.RatisPipelineProvider.lambda$null$5(RatisPipelineProvider.java:233)
	at java.util.stream.ForEachOps$ForEachOp$OfRef.accept(ForEachOps.java:184)
	at java.util.ArrayList$ArrayListSpliterator.forEachRemaining(ArrayList.java:1382)
	at java.util.stream.AbstractPipeline.copyInto(AbstractPipeline.java:482)
	at java.util.stream.ForEachOps$ForEachTask.compute(ForEachOps.java:291)
	at java.util.concurrent.CountedCompleter.exec(CountedCompleter.java:731)
	at java.util.concurrent.ForkJoinTask.doExec(ForkJoinTask.java:289)
	at java.util.concurrent.ForkJoinTask.doInvoke(ForkJoinTask.java:401)
	at java.util.concurrent.ForkJoinTask.invoke(ForkJoinTask.java:734)
	at java.util.stream.ForEachOps$ForEachOp.evaluateParallel(ForEachOps.java:160)
	at java.util.stream.ForEachOps$ForEachOp$OfRef.evaluateParallel(ForEachOps.java:174)
	at java.util.stream.AbstractPipeline.evaluate(AbstractPipeline.java:233)
	at java.util.stream.ReferencePipeline.forEach(ReferencePipeline.java:418)
	at java.util.stream.ReferencePipeline$Head.forEach(ReferencePipeline.java:583)
	at org.apache.hadoop.hdds.scm.pipeline.RatisPipelineProvider.lambda$callRatisRpc$6(RatisPipelineProvider.java:227)
	at java.util.concurrent.ForkJoinTask$AdaptedRunnableAction.exec(ForkJoinTask.java:1386)
	at java.util.concurrent.ForkJoinTask.doExec(ForkJoinTask.java:289)
	at java.util.concurrent.ForkJoinPool$WorkQueue.runTask(ForkJoinPool.java:1056)
	at java.util.concurrent.ForkJoinPool.runWorker(ForkJoinPool.java:1692)
	at java.util.concurrent.ForkJoinWorkerThread.run(ForkJoinWorkerThread.java:157)
Caused by: org.apache.ratis.thirdparty.io.grpc.StatusRuntimeException: DEADLINE_EXCEEDED: deadline exceeded after 2997713692ns
	at org.apache.ratis.thirdparty.io.grpc.stub.ClientCalls.toStatusRuntimeException(ClientCalls.java:233)
	at org.apache.ratis.thirdparty.io.grpc.stub.ClientCalls.getUnchecked(ClientCalls.java:214)
	at org.apache.ratis.thirdparty.io.grpc.stub.ClientCalls.blockingUnaryCall(ClientCalls.java:139)
	at org.apache.ratis.proto.grpc.AdminProtocolServiceGrpc$AdminProtocolServiceBlockingStub.groupManagement(AdminProtocolServiceGrpc.java:274)
	at org.apache.ratis.grpc.client.GrpcClientProtocolClient.lambda$groupAdd$3(GrpcClientProtocolClient.java:155)
	at org.apache.ratis.grpc.client.GrpcClientProtocolClient.blockingCall(GrpcClientProtocolClient.java:182)
	... 25 more
2019-10-14 11:47:42,232 [grpc-default-executor-2] INFO  impl.RaftServerProxy (RaftServerProxy.java:addNew(89)) - 832fd50e-d9ff-47f8-a960-98c66a98f86a: addNew group-9C67A16ECE8A:[832fd50e-d9ff-47f8-a960-98c66a98f86a:192.168.164.236:36951] returns group-9C67A16ECE8A:java.util.concurrent.CompletableFuture@7c722c8f[Not completed]
2019-10-14 11:47:43,708 [pool-77-thread-1] INFO  storage.RaftStorageDirectory (RaftStorageDirectory.java:tryLock(328)) - Lock on /workdir/hadoop-ozone/integration-test/target/test-dir/MiniOzoneClusterImpl-70ec8ae2-7faf-4a8c-b4a4-6e56eb0602b1/datanode-5/data/ratis/b8e1fef0-4043-4a60-a273-e4e74e988deb/in_use.lock acquired by nodename 28760@pr-hdds-2298-bsdkb-3913594898
2019-10-14 11:47:43,708 [pool-27-thread-1] INFO  storage.RaftStorageDirectory (RaftStorageDirectory.java:tryLock(328)) - Lock on /workdir/hadoop-ozone/integration-test/target/test-dir/MiniOzoneClusterImpl-70ec8ae2-7faf-4a8c-b4a4-6e56eb0602b1/datanode-0/data/ratis/0561ef9b-f513-4bca-b2ff-5e5a9c99043a/in_use.lock acquired by nodename 28760@pr-hdds-2298-bsdkb-3913594898
2019-10-14 11:47:43,708 [pool-57-thread-1] INFO  storage.RaftStorageDirectory (RaftStorageDirectory.java:tryLock(328)) - Lock on /workdir/hadoop-ozone/integration-test/target/test-dir/MiniOzoneClusterImpl-70ec8ae2-7faf-4a8c-b4a4-6e56eb0602b1/datanode-3/data/ratis/b8e1fef0-4043-4a60-a273-e4e74e988deb/in_use.lock acquired by nodename 28760@pr-hdds-2298-bsdkb-3913594898
2019-10-14 11:47:43,708 [pool-47-thread-1] INFO  storage.RaftStorageDirectory (RaftStorageDirectory.java:tryLock(328)) - Lock on /workdir/hadoop-ozone/integration-test/target/test-dir/MiniOzoneClusterImpl-70ec8ae2-7faf-4a8c-b4a4-6e56eb0602b1/datanode-2/data/ratis/b8e1fef0-4043-4a60-a273-e4e74e988deb/in_use.lock acquired by nodename 28760@pr-hdds-2298-bsdkb-3913594898
2019-10-14 11:47:45,229 [RATISCREATEPIPELINE1] ERROR pipeline.RatisPipelineProvider (RatisPipelineProvider.java:lambda$null$5(237)) - Failed invoke Ratis rpc org.apache.hadoop.hdds.scm.pipeline.RatisPipelineProvider$$Lambda$187/2146604849@306956b for 832fd50e-d9ff-47f8-a960-98c66a98f86a
org.apache.ratis.protocol.TimeoutIOException: deadline exceeded after 2998242924ns
	at org.apache.ratis.grpc.GrpcUtil.tryUnwrapException(GrpcUtil.java:82)
	at org.apache.ratis.grpc.GrpcUtil.unwrapException(GrpcUtil.java:75)
	at org.apache.ratis.grpc.client.GrpcClientProtocolClient.blockingCall(GrpcClientProtocolClient.java:184)
	at org.apache.ratis.grpc.client.GrpcClientProtocolClient.groupAdd(GrpcClientProtocolClient.java:153)
	at org.apache.ratis.grpc.client.GrpcClientRpc.sendRequest(GrpcClientRpc.java:94)
	at org.apache.ratis.client.impl.RaftClientImpl.sendRequest(RaftClientImpl.java:278)
	at org.apache.ratis.client.impl.RaftClientImpl.groupAdd(RaftClientImpl.java:205)
	at org.apache.hadoop.hdds.scm.pipeline.RatisPipelineProvider.lambda$initializePipeline$4(RatisPipelineProvider.java:198)
	at org.apache.hadoop.hdds.scm.pipeline.RatisPipelineProvider.lambda$null$5(RatisPipelineProvider.java:233)
	at java.util.stream.ForEachOps$ForEachOp$OfRef.accept(ForEachOps.java:184)
	at java.util.ArrayList$ArrayListSpliterator.forEachRemaining(ArrayList.java:1382)
	at java.util.stream.AbstractPipeline.copyInto(AbstractPipeline.java:482)
	at java.util.stream.ForEachOps$ForEachTask.compute(ForEachOps.java:291)
	at java.util.concurrent.CountedCompleter.exec(CountedCompleter.java:731)
	at java.util.concurrent.ForkJoinTask.doExec(ForkJoinTask.java:289)
	at java.util.concurrent.ForkJoinTask.doInvoke(ForkJoinTask.java:401)
	at java.util.concurrent.ForkJoinTask.invoke(ForkJoinTask.java:734)
	at java.util.stream.ForEachOps$ForEachOp.evaluateParallel(ForEachOps.java:160)
	at java.util.stream.ForEachOps$ForEachOp$OfRef.evaluateParallel(ForEachOps.java:174)
	at java.util.stream.AbstractPipeline.evaluate(AbstractPipeline.java:233)
	at java.util.stream.ReferencePipeline.forEach(ReferencePipeline.java:418)
	at java.util.stream.ReferencePipeline$Head.forEach(ReferencePipeline.java:583)
	at org.apache.hadoop.hdds.scm.pipeline.RatisPipelineProvider.lambda$callRatisRpc$6(RatisPipelineProvider.java:227)
	at java.util.concurrent.ForkJoinTask$AdaptedRunnableAction.exec(ForkJoinTask.java:1386)
	at java.util.concurrent.ForkJoinTask.doExec(ForkJoinTask.java:289)
	at java.util.concurrent.ForkJoinPool$WorkQueue.runTask(ForkJoinPool.java:1056)
	at java.util.concurrent.ForkJoinPool.runWorker(ForkJoinPool.java:1692)
	at java.util.concurrent.ForkJoinWorkerThread.run(ForkJoinWorkerThread.java:157)
Caused by: org.apache.ratis.thirdparty.io.grpc.StatusRuntimeException: DEADLINE_EXCEEDED: deadline exceeded after 2998242924ns
	at org.apache.ratis.thirdparty.io.grpc.stub.ClientCalls.toStatusRuntimeException(ClientCalls.java:233)
	at org.apache.ratis.thirdparty.io.grpc.stub.ClientCalls.getUnchecked(ClientCalls.java:214)
	at org.apache.ratis.thirdparty.io.grpc.stub.ClientCalls.blockingUnaryCall(ClientCalls.java:139)
	at org.apache.ratis.proto.grpc.AdminProtocolServiceGrpc$AdminProtocolServiceBlockingStub.groupManagement(AdminProtocolServiceGrpc.java:274)
	at org.apache.ratis.grpc.client.GrpcClientProtocolClient.lambda$groupAdd$3(GrpcClientProtocolClient.java:155)
	at org.apache.ratis.grpc.client.GrpcClientProtocolClient.blockingCall(GrpcClientProtocolClient.java:182)
	... 25 more
2019-10-14 11:47:45,271 [grpc-default-executor-0] INFO  impl.RaftServerProxy (RaftServerProxy.java:addNew(89)) - b028e2eb-b728-4e3f-8a5a-c0a0c7a83e03: addNew group-0D925A8B2439:[13f7b347-0949-4e64-82cc-e591bbf46992:192.168.164.236:44843, b028e2eb-b728-4e3f-8a5a-c0a0c7a83e03:192.168.164.236:45036, 832fd50e-d9ff-47f8-a960-98c66a98f86a:192.168.164.236:36951] returns group-0D925A8B2439:java.util.concurrent.CompletableFuture@6f6a09ea[Not completed]
2019-10-14 11:47:45,271 [grpc-default-executor-2] INFO  impl.RaftServerProxy (RaftServerProxy.java:addNew(89)) - 13f7b347-0949-4e64-82cc-e591bbf46992: addNew group-0D925A8B2439:[13f7b347-0949-4e64-82cc-e591bbf46992:192.168.164.236:44843, b028e2eb-b728-4e3f-8a5a-c0a0c7a83e03:192.168.164.236:45036, 832fd50e-d9ff-47f8-a960-98c66a98f86a:192.168.164.236:36951] returns group-0D925A8B2439:java.util.concurrent.CompletableFuture@2f94031[Not completed]
2019-10-14 11:47:45,271 [grpc-default-executor-1] INFO  impl.RaftServerProxy (RaftServerProxy.java:addNew(89)) - 832fd50e-d9ff-47f8-a960-98c66a98f86a: addNew group-0D925A8B2439:[13f7b347-0949-4e64-82cc-e591bbf46992:192.168.164.236:44843, b028e2eb-b728-4e3f-8a5a-c0a0c7a83e03:192.168.164.236:45036, 832fd50e-d9ff-47f8-a960-98c66a98f86a:192.168.164.236:36951] returns group-0D925A8B2439:java.util.concurrent.CompletableFuture@2f8ce297[Not completed]
2019-10-14 11:47:48,254 [RATISCREATEPIPELINE2] ERROR pipeline.RatisPipelineProvider (RatisPipelineProvider.java:lambda$null$5(237)) - Failed invoke Ratis rpc org.apache.hadoop.hdds.scm.pipeline.RatisPipelineProvider$$Lambda$187/2146604849@6b76a39f for 832fd50e-d9ff-47f8-a960-98c66a98f86a
org.apache.ratis.protocol.TimeoutIOException: deadline exceeded after 2996001054ns
	at org.apache.ratis.grpc.GrpcUtil.tryUnwrapException(GrpcUtil.java:82)
	at org.apache.ratis.grpc.GrpcUtil.unwrapException(GrpcUtil.java:75)
	at org.apache.ratis.grpc.client.GrpcClientProtocolClient.blockingCall(GrpcClientProtocolClient.java:184)
	at org.apache.ratis.grpc.client.GrpcClientProtocolClient.groupAdd(GrpcClientProtocolClient.java:153)
	at org.apache.ratis.grpc.client.GrpcClientRpc.sendRequest(GrpcClientRpc.java:94)
	at org.apache.ratis.client.impl.RaftClientImpl.sendRequest(RaftClientImpl.java:278)
	at org.apache.ratis.client.impl.RaftClientImpl.groupAdd(RaftClientImpl.java:205)
	at org.apache.hadoop.hdds.scm.pipeline.RatisPipelineProvider.lambda$initializePipeline$4(RatisPipelineProvider.java:198)
	at org.apache.hadoop.hdds.scm.pipeline.RatisPipelineProvider.lambda$null$5(RatisPipelineProvider.java:233)
	at java.util.stream.ForEachOps$ForEachOp$OfRef.accept(ForEachOps.java:184)
	at java.util.ArrayList$ArrayListSpliterator.forEachRemaining(ArrayList.java:1382)
	at java.util.stream.AbstractPipeline.copyInto(AbstractPipeline.java:482)
	at java.util.stream.ForEachOps$ForEachTask.compute(ForEachOps.java:291)
	at java.util.concurrent.CountedCompleter.exec(CountedCompleter.java:731)
	at java.util.concurrent.ForkJoinTask.doExec(ForkJoinTask.java:289)
	at java.util.concurrent.ForkJoinPool$WorkQueue.runTask(ForkJoinPool.java:1056)
	at java.util.concurrent.ForkJoinPool.runWorker(ForkJoinPool.java:1692)
	at java.util.concurrent.ForkJoinWorkerThread.run(ForkJoinWorkerThread.java:157)
Caused by: org.apache.ratis.thirdparty.io.grpc.StatusRuntimeException: DEADLINE_EXCEEDED: deadline exceeded after 2996001054ns
	at org.apache.ratis.thirdparty.io.grpc.stub.ClientCalls.toStatusRuntimeException(ClientCalls.java:233)
	at org.apache.ratis.thirdparty.io.grpc.stub.ClientCalls.getUnchecked(ClientCalls.java:214)
	at org.apache.ratis.thirdparty.io.grpc.stub.ClientCalls.blockingUnaryCall(ClientCalls.java:139)
	at org.apache.ratis.proto.grpc.AdminProtocolServiceGrpc$AdminProtocolServiceBlockingStub.groupManagement(AdminProtocolServiceGrpc.java:274)
	at org.apache.ratis.grpc.client.GrpcClientProtocolClient.lambda$groupAdd$3(GrpcClientProtocolClient.java:155)
	at org.apache.ratis.grpc.client.GrpcClientProtocolClient.blockingCall(GrpcClientProtocolClient.java:182)
	... 15 more
2019-10-14 11:47:48,255 [RATISCREATEPIPELINE3] ERROR pipeline.RatisPipelineProvider (RatisPipelineProvider.java:lambda$null$5(237)) - Failed invoke Ratis rpc org.apache.hadoop.hdds.scm.pipeline.RatisPipelineProvider$$Lambda$187/2146604849@6b76a39f for 13f7b347-0949-4e64-82cc-e591bbf46992
org.apache.ratis.protocol.TimeoutIOException: deadline exceeded after 2995792565ns
	at org.apache.ratis.grpc.GrpcUtil.tryUnwrapException(GrpcUtil.java:82)
	at org.apache.ratis.grpc.GrpcUtil.unwrapException(GrpcUtil.java:75)
	at org.apache.ratis.grpc.client.GrpcClientProtocolClient.blockingCall(GrpcClientProtocolClient.java:184)
	at org.apache.ratis.grpc.client.GrpcClientProtocolClient.groupAdd(GrpcClientProtocolClient.java:153)
	at org.apache.ratis.grpc.client.GrpcClientRpc.sendRequest(GrpcClientRpc.java:94)
	at org.apache.ratis.client.impl.RaftClientImpl.sendRequest(RaftClientImpl.java:278)
	at org.apache.ratis.client.impl.RaftClientImpl.groupAdd(RaftClientImpl.java:205)
	at org.apache.hadoop.hdds.scm.pipeline.RatisPipelineProvider.lambda$initializePipeline$4(RatisPipelineProvider.java:198)
	at org.apache.hadoop.hdds.scm.pipeline.RatisPipelineProvider.lambda$null$5(RatisPipelineProvider.java:233)
	at java.util.stream.ForEachOps$ForEachOp$OfRef.accept(ForEachOps.java:184)
	at java.util.ArrayList$ArrayListSpliterator.forEachRemaining(ArrayList.java:1382)
	at java.util.stream.AbstractPipeline.copyInto(AbstractPipeline.java:482)
	at java.util.stream.ForEachOps$ForEachTask.compute(ForEachOps.java:291)
	at java.util.concurrent.CountedCompleter.exec(CountedCompleter.java:731)
	at java.util.concurrent.ForkJoinTask.doExec(ForkJoinTask.java:289)
	at java.util.concurrent.ForkJoinPool$WorkQueue.runTask(ForkJoinPool.java:1056)
	at java.util.concurrent.ForkJoinPool.runWorker(ForkJoinPool.java:1692)
	at java.util.concurrent.ForkJoinWorkerThread.run(ForkJoinWorkerThread.java:157)
Caused by: org.apache.ratis.thirdparty.io.grpc.StatusRuntimeException: DEADLINE_EXCEEDED: deadline exceeded after 2995792565ns
	at org.apache.ratis.thirdparty.io.grpc.stub.ClientCalls.toStatusRuntimeException(ClientCalls.java:233)
	at org.apache.ratis.thirdparty.io.grpc.stub.ClientCalls.getUnchecked(ClientCalls.java:214)
	at org.apache.ratis.thirdparty.io.grpc.stub.ClientCalls.blockingUnaryCall(ClientCalls.java:139)
	at org.apache.ratis.proto.grpc.AdminProtocolServiceGrpc$AdminProtocolServiceBlockingStub.groupManagement(AdminProtocolServiceGrpc.java:274)
	at org.apache.ratis.grpc.client.GrpcClientProtocolClient.lambda$groupAdd$3(GrpcClientProtocolClient.java:155)
	at org.apache.ratis.grpc.client.GrpcClientProtocolClient.blockingCall(GrpcClientProtocolClient.java:182)
	... 15 more
2019-10-14 11:47:48,254 [RATISCREATEPIPELINE1] ERROR pipeline.RatisPipelineProvider (RatisPipelineProvider.java:lambda$null$5(237)) - Failed invoke Ratis rpc org.apache.hadoop.hdds.scm.pipeline.RatisPipelineProvider$$Lambda$187/2146604849@6b76a39f for b028e2eb-b728-4e3f-8a5a-c0a0c7a83e03
org.apache.ratis.protocol.TimeoutIOException: deadline exceeded after 2999758535ns
	at org.apache.ratis.grpc.GrpcUtil.tryUnwrapException(GrpcUtil.java:82)
	at org.apache.ratis.grpc.GrpcUtil.unwrapException(GrpcUtil.java:75)
	at org.apache.ratis.grpc.client.GrpcClientProtocolClient.blockingCall(GrpcClientProtocolClient.java:184)
	at org.apache.ratis.grpc.client.GrpcClientProtocolClient.groupAdd(GrpcClientProtocolClient.java:153)
	at org.apache.ratis.grpc.client.GrpcClientRpc.sendRequest(GrpcClientRpc.java:94)
	at org.apache.ratis.client.impl.RaftClientImpl.sendRequest(RaftClientImpl.java:278)
	at org.apache.ratis.client.impl.RaftClientImpl.groupAdd(RaftClientImpl.java:205)
	at org.apache.hadoop.hdds.scm.pipeline.RatisPipelineProvider.lambda$initializePipeline$4(RatisPipelineProvider.java:198)
	at org.apache.hadoop.hdds.scm.pipeline.RatisPipelineProvider.lambda$null$5(RatisPipelineProvider.java:233)
	at java.util.stream.ForEachOps$ForEachOp$OfRef.accept(ForEachOps.java:184)
	at java.util.ArrayList$ArrayListSpliterator.forEachRemaining(ArrayList.java:1382)
	at java.util.stream.AbstractPipeline.copyInto(AbstractPipeline.java:482)
	at java.util.stream.ForEachOps$ForEachTask.compute(ForEachOps.java:291)
	at java.util.concurrent.CountedCompleter.exec(CountedCompleter.java:731)
	at java.util.concurrent.ForkJoinTask.doExec(ForkJoinTask.java:289)
	at java.util.concurrent.ForkJoinTask.doInvoke(ForkJoinTask.java:401)
	at java.util.concurrent.ForkJoinTask.invoke(ForkJoinTask.java:734)
	at java.util.stream.ForEachOps$ForEachOp.evaluateParallel(ForEachOps.java:160)
	at java.util.stream.ForEachOps$ForEachOp$OfRef.evaluateParallel(ForEachOps.java:174)
	at java.util.stream.AbstractPipeline.evaluate(AbstractPipeline.java:233)
	at java.util.stream.ReferencePipeline.forEach(ReferencePipeline.java:418)
	at java.util.stream.ReferencePipeline$Head.forEach(ReferencePipeline.java:583)
	at org.apache.hadoop.hdds.scm.pipeline.RatisPipelineProvider.lambda$callRatisRpc$6(RatisPipelineProvider.java:227)
	at java.util.concurrent.ForkJoinTask$AdaptedRunnableAction.exec(ForkJoinTask.java:1386)
	at java.util.concurrent.ForkJoinTask.doExec(ForkJoinTask.java:289)
	at java.util.concurrent.ForkJoinPool$WorkQueue.runTask(ForkJoinPool.java:1056)
	at java.util.concurrent.ForkJoinPool.runWorker(ForkJoinPool.java:1692)
	at java.util.concurrent.ForkJoinWorkerThread.run(ForkJoinWorkerThread.java:157)
Caused by: org.apache.ratis.thirdparty.io.grpc.StatusRuntimeException: DEADLINE_EXCEEDED: deadline exceeded after 2999758535ns
	at org.apache.ratis.thirdparty.io.grpc.stub.ClientCalls.toStatusRuntimeException(ClientCalls.java:233)
	at org.apache.ratis.thirdparty.io.grpc.stub.ClientCalls.getUnchecked(ClientCalls.java:214)
	at org.apache.ratis.thirdparty.io.grpc.stub.ClientCalls.blockingUnaryCall(ClientCalls.java:139)
	at org.apache.ratis.proto.grpc.AdminProtocolServiceGrpc$AdminProtocolServiceBlockingStub.groupManagement(AdminProtocolServiceGrpc.java:274)
	at org.apache.ratis.grpc.client.GrpcClientProtocolClient.lambda$groupAdd$3(GrpcClientProtocolClient.java:155)
	at org.apache.ratis.grpc.client.GrpcClientProtocolClient.blockingCall(GrpcClientProtocolClient.java:182)
	... 25 more
2019-10-14 11:47:48,299 [grpc-default-executor-2] INFO  impl.RaftServerProxy (RaftServerProxy.java:addNew(89)) - 13f7b347-0949-4e64-82cc-e591bbf46992: addNew group-CD2A1F5DBA49:[13f7b347-0949-4e64-82cc-e591bbf46992:192.168.164.236:44843, b028e2eb-b728-4e3f-8a5a-c0a0c7a83e03:192.168.164.236:45036, 832fd50e-d9ff-47f8-a960-98c66a98f86a:192.168.164.236:36951] returns group-CD2A1F5DBA49:java.util.concurrent.CompletableFuture@783c3454[Not completed]
2019-10-14 11:47:48,299 [grpc-default-executor-1] INFO  impl.RaftServerProxy (RaftServerProxy.java:addNew(89)) - 832fd50e-d9ff-47f8-a960-98c66a98f86a: addNew group-CD2A1F5DBA49:[13f7b347-0949-4e64-82cc-e591bbf46992:192.168.164.236:44843, b028e2eb-b728-4e3f-8a5a-c0a0c7a83e03:192.168.164.236:45036, 832fd50e-d9ff-47f8-a960-98c66a98f86a:192.168.164.236:36951] returns group-CD2A1F5DBA49:java.util.concurrent.CompletableFuture@19dbe093[Not completed]
2019-10-14 11:47:48,301 [grpc-default-executor-2] INFO  impl.RaftServerProxy (RaftServerProxy.java:addNew(89)) - b028e2eb-b728-4e3f-8a5a-c0a0c7a83e03: addNew group-CD2A1F5DBA49:[13f7b347-0949-4e64-82cc-e591bbf46992:192.168.164.236:44843, b028e2eb-b728-4e3f-8a5a-c0a0c7a83e03:192.168.164.236:45036, 832fd50e-d9ff-47f8-a960-98c66a98f86a:192.168.164.236:36951] returns group-CD2A1F5DBA49:java.util.concurrent.CompletableFuture@7b441aac[Not completed]
2019-10-14 11:47:50,449 [pool-47-thread-1] INFO  storage.RaftStorage (RaftStorage.java:format(84)) - Storage directory /workdir/hadoop-ozone/integration-test/target/test-dir/MiniOzoneClusterImpl-70ec8ae2-7faf-4a8c-b4a4-6e56eb0602b1/datanode-2/data/ratis/b8e1fef0-4043-4a60-a273-e4e74e988deb has been successfully formatted.
2019-10-14 11:47:50,449 [pool-27-thread-1] INFO  storage.RaftStorage (RaftStorage.java:format(84)) - Storage directory /workdir/hadoop-ozone/integration-test/target/test-dir/MiniOzoneClusterImpl-70ec8ae2-7faf-4a8c-b4a4-6e56eb0602b1/datanode-0/data/ratis/0561ef9b-f513-4bca-b2ff-5e5a9c99043a has been successfully formatted.
2019-10-14 11:47:50,449 [pool-77-thread-1] INFO  storage.RaftStorage (RaftStorage.java:format(84)) - Storage directory /workdir/hadoop-ozone/integration-test/target/test-dir/MiniOzoneClusterImpl-70ec8ae2-7faf-4a8c-b4a4-6e56eb0602b1/datanode-5/data/ratis/b8e1fef0-4043-4a60-a273-e4e74e988deb has been successfully formatted.
2019-10-14 11:47:50,449 [pool-57-thread-1] INFO  storage.RaftStorage (RaftStorage.java:format(84)) - Storage directory /workdir/hadoop-ozone/integration-test/target/test-dir/MiniOzoneClusterImpl-70ec8ae2-7faf-4a8c-b4a4-6e56eb0602b1/datanode-3/data/ratis/b8e1fef0-4043-4a60-a273-e4e74e988deb has been successfully formatted.
2019-10-14 11:47:50,470 [pool-27-thread-1] INFO  ratis.ContainerStateMachine (ContainerStateMachine.java:loadSnapshot(231)) - group-5E5A9C99043A: The snapshot info is null. Setting the last applied indexto:(t:0, i:~)
2019-10-14 11:47:50,470 [pool-47-thread-1] INFO  ratis.ContainerStateMachine (ContainerStateMachine.java:loadSnapshot(231)) - group-E4E74E988DEB: The snapshot info is null. Setting the last applied indexto:(t:0, i:~)
2019-10-14 11:47:50,470 [pool-57-thread-1] INFO  ratis.ContainerStateMachine (ContainerStateMachine.java:loadSnapshot(231)) - group-E4E74E988DEB: The snapshot info is null. Setting the last applied indexto:(t:0, i:~)
2019-10-14 11:47:50,470 [pool-77-thread-1] INFO  ratis.ContainerStateMachine (ContainerStateMachine.java:loadSnapshot(231)) - group-E4E74E988DEB: The snapshot info is null. Setting the last applied indexto:(t:0, i:~)
2019-10-14 11:47:50,472 [pool-57-thread-1] INFO  server.RaftServerConfigKeys (ConfUtils.java:logGet(43)) - raft.server.notification.no-leader.timeout = 120s (custom)
2019-10-14 11:47:50,472 [pool-47-thread-1] INFO  server.RaftServerConfigKeys (ConfUtils.java:logGet(43)) - raft.server.notification.no-leader.timeout = 120s (custom)
2019-10-14 11:47:50,472 [pool-27-thread-1] INFO  server.RaftServerConfigKeys (ConfUtils.java:logGet(43)) - raft.server.notification.no-leader.timeout = 120s (custom)
2019-10-14 11:47:50,472 [pool-77-thread-1] INFO  server.RaftServerConfigKeys (ConfUtils.java:logGet(43)) - raft.server.notification.no-leader.timeout = 120s (custom)
2019-10-14 11:47:50,475 [pool-47-thread-1] INFO  server.RaftServerConfigKeys (ConfUtils.java:logGet(43)) - raft.server.log.use.memory = false (default)
2019-10-14 11:47:50,475 [pool-57-thread-1] INFO  server.RaftServerConfigKeys (ConfUtils.java:logGet(43)) - raft.server.log.use.memory = false (default)
2019-10-14 11:47:50,475 [pool-27-thread-1] INFO  server.RaftServerConfigKeys (ConfUtils.java:logGet(43)) - raft.server.log.use.memory = false (default)
2019-10-14 11:47:50,475 [pool-77-thread-1] INFO  server.RaftServerConfigKeys (ConfUtils.java:logGet(43)) - raft.server.log.use.memory = false (default)
2019-10-14 11:47:50,481 [pool-47-thread-1] INFO  server.RaftServerConfigKeys (ConfUtils.java:logGet(43)) - raft.server.log.purge.gap = 1000000 (custom)
2019-10-14 11:47:50,481 [pool-27-thread-1] INFO  server.RaftServerConfigKeys (ConfUtils.java:logGet(43)) - raft.server.log.purge.gap = 1000000 (custom)
2019-10-14 11:47:50,481 [pool-77-thread-1] INFO  server.RaftServerConfigKeys (ConfUtils.java:logGet(43)) - raft.server.log.purge.gap = 1000000 (custom)
2019-10-14 11:47:50,481 [pool-57-thread-1] INFO  server.RaftServerConfigKeys (ConfUtils.java:logGet(43)) - raft.server.log.purge.gap = 1000000 (custom)
2019-10-14 11:47:50,481 [pool-77-thread-1] INFO  server.RaftServerConfigKeys (ConfUtils.java:logGet(43)) - raft.server.log.appender.buffer.byte-limit = 33554432 (custom)
2019-10-14 11:47:50,481 [pool-27-thread-1] INFO  server.RaftServerConfigKeys (ConfUtils.java:logGet(43)) - raft.server.log.appender.buffer.byte-limit = 33554432 (custom)
2019-10-14 11:47:50,481 [pool-47-thread-1] INFO  server.RaftServerConfigKeys (ConfUtils.java:logGet(43)) - raft.server.log.appender.buffer.byte-limit = 33554432 (custom)
2019-10-14 11:47:50,481 [pool-57-thread-1] INFO  server.RaftServerConfigKeys (ConfUtils.java:logGet(43)) - raft.server.log.appender.buffer.byte-limit = 33554432 (custom)
2019-10-14 11:47:50,484 [pool-47-thread-1] INFO  server.RaftServerConfigKeys (ConfUtils.java:logGet(43)) - raft.server.log.segment.size.max = 1048576 (custom)
2019-10-14 11:47:50,484 [pool-77-thread-1] INFO  server.RaftServerConfigKeys (ConfUtils.java:logGet(43)) - raft.server.log.segment.size.max = 1048576 (custom)
2019-10-14 11:47:50,782 [pool-27-thread-1] INFO  server.RaftServerConfigKeys (ConfUtils.java:logGet(43)) - raft.server.log.segment.size.max = 1048576 (custom)
2019-10-14 11:47:50,782 [pool-57-thread-1] INFO  server.RaftServerConfigKeys (ConfUtils.java:logGet(43)) - raft.server.log.segment.size.max = 1048576 (custom)
2019-10-14 11:47:50,784 [pool-47-thread-1] INFO  impl.MetricsSystemImpl (MetricsSystemImpl.java:init(158)) - ratis metrics system started (again)
2019-10-14 11:47:50,792 [pool-77-thread-1] INFO  metrics.MetricRegistries (MetricRegistriesLoader.java:load(64)) - Loaded MetricRegistries class org.apache.ratis.metrics.impl.MetricRegistriesImpl
2019-10-14 11:47:50,875 [pool-27-thread-1] INFO  server.RaftServerConfigKeys (ConfUtils.java:logGet(43)) - raft.server.log.segment.cache.num.max = 2 (custom)
2019-10-14 11:47:50,875 [pool-77-thread-1] INFO  server.RaftServerConfigKeys (ConfUtils.java:logGet(43)) - raft.server.log.segment.cache.num.max = 2 (custom)
2019-10-14 11:47:50,875 [pool-57-thread-1] INFO  server.RaftServerConfigKeys (ConfUtils.java:logGet(43)) - raft.server.log.segment.cache.num.max = 2 (custom)
2019-10-14 11:47:50,875 [pool-47-thread-1] INFO  server.RaftServerConfigKeys (ConfUtils.java:logGet(43)) - raft.server.log.segment.cache.num.max = 2 (custom)
2019-10-14 11:47:50,880 [pool-47-thread-1] INFO  segmented.SegmentedRaftLogWorker (SegmentedRaftLogWorker.java:<init>(173)) - new 832fd50e-d9ff-47f8-a960-98c66a98f86a@group-E4E74E988DEB-SegmentedRaftLogWorker for RaftStorage:Storage Directory /workdir/hadoop-ozone/integration-test/target/test-dir/MiniOzoneClusterImpl-70ec8ae2-7faf-4a8c-b4a4-6e56eb0602b1/datanode-2/data/ratis/b8e1fef0-4043-4a60-a273-e4e74e988deb
2019-10-14 11:47:50,880 [pool-77-thread-1] INFO  segmented.SegmentedRaftLogWorker (SegmentedRaftLogWorker.java:<init>(173)) - new b028e2eb-b728-4e3f-8a5a-c0a0c7a83e03@group-E4E74E988DEB-SegmentedRaftLogWorker for RaftStorage:Storage Directory /workdir/hadoop-ozone/integration-test/target/test-dir/MiniOzoneClusterImpl-70ec8ae2-7faf-4a8c-b4a4-6e56eb0602b1/datanode-5/data/ratis/b8e1fef0-4043-4a60-a273-e4e74e988deb
2019-10-14 11:47:50,880 [pool-27-thread-1] INFO  segmented.SegmentedRaftLogWorker (SegmentedRaftLogWorker.java:<init>(173)) - new 5bc8b8fa-272e-4092-acf1-f109be7f6495@group-5E5A9C99043A-SegmentedRaftLogWorker for RaftStorage:Storage Directory /workdir/hadoop-ozone/integration-test/target/test-dir/MiniOzoneClusterImpl-70ec8ae2-7faf-4a8c-b4a4-6e56eb0602b1/datanode-0/data/ratis/0561ef9b-f513-4bca-b2ff-5e5a9c99043a
2019-10-14 11:47:50,880 [pool-57-thread-1] INFO  segmented.SegmentedRaftLogWorker (SegmentedRaftLogWorker.java:<init>(173)) - new 13f7b347-0949-4e64-82cc-e591bbf46992@group-E4E74E988DEB-SegmentedRaftLogWorker for RaftStorage:Storage Directory /workdir/hadoop-ozone/integration-test/target/test-dir/MiniOzoneClusterImpl-70ec8ae2-7faf-4a8c-b4a4-6e56eb0602b1/datanode-3/data/ratis/b8e1fef0-4043-4a60-a273-e4e74e988deb
2019-10-14 11:47:50,882 [pool-47-thread-1] INFO  server.RaftServerConfigKeys (ConfUtils.java:logGet(43)) - raft.server.log.queue.byte-limit = 2147483647 (custom)
2019-10-14 11:47:50,882 [pool-77-thread-1] INFO  server.RaftServerConfigKeys (ConfUtils.java:logGet(43)) - raft.server.log.queue.byte-limit = 2147483647 (custom)
2019-10-14 11:47:50,882 [pool-57-thread-1] INFO  server.RaftServerConfigKeys (ConfUtils.java:logGet(43)) - raft.server.log.queue.byte-limit = 2147483647 (custom)
2019-10-14 11:47:50,882 [pool-27-thread-1] INFO  server.RaftServerConfigKeys (ConfUtils.java:logGet(43)) - raft.server.log.queue.byte-limit = 2147483647 (custom)
2019-10-14 11:47:50,882 [pool-47-thread-1] INFO  server.RaftServerConfigKeys (ConfUtils.java:logGet(43)) - raft.server.log.queue.element-limit = 1024 (custom)
2019-10-14 11:47:50,882 [pool-77-thread-1] INFO  server.RaftServerConfigKeys (ConfUtils.java:logGet(43)) - raft.server.log.queue.element-limit = 1024 (custom)
2019-10-14 11:47:50,882 [pool-27-thread-1] INFO  server.RaftServerConfigKeys (ConfUtils.java:logGet(43)) - raft.server.log.queue.element-limit = 1024 (custom)
2019-10-14 11:47:50,882 [pool-57-thread-1] INFO  server.RaftServerConfigKeys (ConfUtils.java:logGet(43)) - raft.server.log.queue.element-limit = 1024 (custom)
2019-10-14 11:47:50,884 [pool-47-thread-1] INFO  server.RaftServerConfigKeys (ConfUtils.java:logGet(43)) - raft.server.log.segment.size.max = 1048576 (custom)
2019-10-14 11:47:50,884 [pool-77-thread-1] INFO  server.RaftServerConfigKeys (ConfUtils.java:logGet(43)) - raft.server.log.segment.size.max = 1048576 (custom)
2019-10-14 11:47:50,884 [pool-27-thread-1] INFO  server.RaftServerConfigKeys (ConfUtils.java:logGet(43)) - raft.server.log.segment.size.max = 1048576 (custom)
2019-10-14 11:47:50,884 [pool-57-thread-1] INFO  server.RaftServerConfigKeys (ConfUtils.java:logGet(43)) - raft.server.log.segment.size.max = 1048576 (custom)
2019-10-14 11:47:50,884 [pool-47-thread-1] INFO  server.RaftServerConfigKeys (ConfUtils.java:logGet(43)) - raft.server.log.preallocated.size = 16384 (custom)
2019-10-14 11:47:50,884 [pool-57-thread-1] INFO  server.RaftServerConfigKeys (ConfUtils.java:logGet(43)) - raft.server.log.preallocated.size = 16384 (custom)
2019-10-14 11:47:50,884 [pool-77-thread-1] INFO  server.RaftServerConfigKeys (ConfUtils.java:logGet(43)) - raft.server.log.preallocated.size = 16384 (custom)
2019-10-14 11:47:50,884 [pool-27-thread-1] INFO  server.RaftServerConfigKeys (ConfUtils.java:logGet(43)) - raft.server.log.preallocated.size = 16384 (custom)
2019-10-14 11:47:50,884 [pool-47-thread-1] INFO  server.RaftServerConfigKeys (ConfUtils.java:logGet(43)) - raft.server.log.write.buffer.size = 33554432 (custom)
2019-10-14 11:47:50,884 [pool-57-thread-1] INFO  server.RaftServerConfigKeys (ConfUtils.java:logGet(43)) - raft.server.log.write.buffer.size = 33554432 (custom)
2019-10-14 11:47:50,884 [pool-27-thread-1] INFO  server.RaftServerConfigKeys (ConfUtils.java:logGet(43)) - raft.server.log.write.buffer.size = 33554432 (custom)
2019-10-14 11:47:50,885 [pool-77-thread-1] INFO  server.RaftServerConfigKeys (ConfUtils.java:logGet(43)) - raft.server.log.write.buffer.size = 33554432 (custom)
2019-10-14 11:47:50,885 [pool-47-thread-1] INFO  server.RaftServerConfigKeys (ConfUtils.java:logGet(43)) - raft.server.log.force.sync.num = 128 (default)
2019-10-14 11:47:50,885 [pool-57-thread-1] INFO  server.RaftServerConfigKeys (ConfUtils.java:logGet(43)) - raft.server.log.force.sync.num = 128 (default)
2019-10-14 11:47:50,885 [pool-77-thread-1] INFO  server.RaftServerConfigKeys (ConfUtils.java:logGet(43)) - raft.server.log.force.sync.num = 128 (default)
2019-10-14 11:47:50,885 [pool-27-thread-1] INFO  server.RaftServerConfigKeys (ConfUtils.java:logGet(43)) - raft.server.log.force.sync.num = 128 (default)
2019-10-14 11:47:50,886 [pool-47-thread-1] INFO  server.RaftServerConfigKeys (ConfUtils.java:logGet(43)) - raft.server.log.statemachine.data.sync = true (default)
2019-10-14 11:47:50,886 [pool-57-thread-1] INFO  server.RaftServerConfigKeys (ConfUtils.java:logGet(43)) - raft.server.log.statemachine.data.sync = true (default)
2019-10-14 11:47:50,886 [pool-77-thread-1] INFO  server.RaftServerConfigKeys (ConfUtils.java:logGet(43)) - raft.server.log.statemachine.data.sync = true (default)
2019-10-14 11:47:50,886 [pool-27-thread-1] INFO  server.RaftServerConfigKeys (ConfUtils.java:logGet(43)) - raft.server.log.statemachine.data.sync = true (default)
2019-10-14 11:47:50,886 [pool-77-thread-1] INFO  server.RaftServerConfigKeys (ConfUtils.java:logGet(43)) - raft.server.log.statemachine.data.sync.timeout = 10s (default)
2019-10-14 11:47:50,886 [pool-57-thread-1] INFO  server.RaftServerConfigKeys (ConfUtils.java:logGet(43)) - raft.server.log.statemachine.data.sync.timeout = 10s (default)
2019-10-14 11:47:50,886 [pool-47-thread-1] INFO  server.RaftServerConfigKeys (ConfUtils.java:logGet(43)) - raft.server.log.statemachine.data.sync.timeout = 10s (default)
2019-10-14 11:47:50,886 [pool-27-thread-1] INFO  server.RaftServerConfigKeys (ConfUtils.java:logGet(43)) - raft.server.log.statemachine.data.sync.timeout = 10s (default)
2019-10-14 11:47:50,887 [pool-27-thread-1] INFO  server.RaftServerConfigKeys (ConfUtils.java:logGet(43)) - raft.server.log.statemachine.data.sync.timeout.retry = -1 (default)
2019-10-14 11:47:50,887 [pool-57-thread-1] INFO  server.RaftServerConfigKeys (ConfUtils.java:logGet(43)) - raft.server.log.statemachine.data.sync.timeout.retry = -1 (default)
2019-10-14 11:47:50,887 [pool-77-thread-1] INFO  server.RaftServerConfigKeys (ConfUtils.java:logGet(43)) - raft.server.log.statemachine.data.sync.timeout.retry = -1 (default)
2019-10-14 11:47:50,887 [pool-47-thread-1] INFO  server.RaftServerConfigKeys (ConfUtils.java:logGet(43)) - raft.server.log.statemachine.data.sync.timeout.retry = -1 (default)
2019-10-14 11:47:50,897 [pool-47-thread-1] INFO  server.RaftServerConfigKeys (ConfUtils.java:logGet(43)) - raft.server.log.statemachine.data.caching.enabled = true (custom)
2019-10-14 11:47:50,897 [pool-27-thread-1] INFO  server.RaftServerConfigKeys (ConfUtils.java:logGet(43)) - raft.server.log.statemachine.data.caching.enabled = true (custom)
2019-10-14 11:47:50,897 [pool-77-thread-1] INFO  server.RaftServerConfigKeys (ConfUtils.java:logGet(43)) - raft.server.log.statemachine.data.caching.enabled = true (custom)
2019-10-14 11:47:50,897 [pool-57-thread-1] INFO  server.RaftServerConfigKeys (ConfUtils.java:logGet(43)) - raft.server.log.statemachine.data.caching.enabled = true (custom)
2019-10-14 11:47:50,905 [pool-47-thread-1] INFO  segmented.SegmentedRaftLogWorker (SegmentedRaftLogWorker.java:lambda$new$0(128)) - 832fd50e-d9ff-47f8-a960-98c66a98f86a@group-E4E74E988DEB-SegmentedRaftLogWorker: flushIndex: setUnconditionally 0 -> -1
2019-10-14 11:47:50,906 [pool-77-thread-1] INFO  segmented.SegmentedRaftLogWorker (SegmentedRaftLogWorker.java:lambda$new$0(128)) - b028e2eb-b728-4e3f-8a5a-c0a0c7a83e03@group-E4E74E988DEB-SegmentedRaftLogWorker: flushIndex: setUnconditionally 0 -> -1
2019-10-14 11:47:50,906 [pool-57-thread-1] INFO  segmented.SegmentedRaftLogWorker (SegmentedRaftLogWorker.java:lambda$new$0(128)) - 13f7b347-0949-4e64-82cc-e591bbf46992@group-E4E74E988DEB-SegmentedRaftLogWorker: flushIndex: setUnconditionally 0 -> -1
2019-10-14 11:47:50,905 [pool-27-thread-1] INFO  segmented.SegmentedRaftLogWorker (SegmentedRaftLogWorker.java:lambda$new$0(128)) - 5bc8b8fa-272e-4092-acf1-f109be7f6495@group-5E5A9C99043A-SegmentedRaftLogWorker: flushIndex: setUnconditionally 0 -> -1
2019-10-14 11:47:50,911 [pool-27-thread-1] INFO  server.RaftServerConfigKeys (ConfUtils.java:logGet(43)) - raft.server.snapshot.auto.trigger.enabled = true (custom)
2019-10-14 11:47:50,911 [pool-47-thread-1] INFO  server.RaftServerConfigKeys (ConfUtils.java:logGet(43)) - raft.server.snapshot.auto.trigger.enabled = true (custom)
2019-10-14 11:47:50,911 [pool-77-thread-1] INFO  server.RaftServerConfigKeys (ConfUtils.java:logGet(43)) - raft.server.snapshot.auto.trigger.enabled = true (custom)
2019-10-14 11:47:50,911 [pool-57-thread-1] INFO  server.RaftServerConfigKeys (ConfUtils.java:logGet(43)) - raft.server.snapshot.auto.trigger.enabled = true (custom)
2019-10-14 11:47:50,914 [pool-47-thread-1] INFO  server.RaftServerConfigKeys (ConfUtils.java:logGet(43)) - raft.server.snapshot.auto.trigger.threshold = 10000 (custom)
2019-10-14 11:47:50,914 [pool-57-thread-1] INFO  server.RaftServerConfigKeys (ConfUtils.java:logGet(43)) - raft.server.snapshot.auto.trigger.threshold = 10000 (custom)
2019-10-14 11:47:50,914 [pool-77-thread-1] INFO  server.RaftServerConfigKeys (ConfUtils.java:logGet(43)) - raft.server.snapshot.auto.trigger.threshold = 10000 (custom)
2019-10-14 11:47:50,914 [pool-27-thread-1] INFO  server.RaftServerConfigKeys (ConfUtils.java:logGet(43)) - raft.server.snapshot.auto.trigger.threshold = 10000 (custom)
2019-10-14 11:47:50,914 [pool-47-thread-1] INFO  server.RaftServerConfigKeys (ConfUtils.java:logGet(43)) - raft.server.snapshot.retention.file.num = 5 (custom)
2019-10-14 11:47:50,914 [pool-27-thread-1] INFO  server.RaftServerConfigKeys (ConfUtils.java:logGet(43)) - raft.server.snapshot.retention.file.num = 5 (custom)
2019-10-14 11:47:50,914 [pool-57-thread-1] INFO  server.RaftServerConfigKeys (ConfUtils.java:logGet(43)) - raft.server.snapshot.retention.file.num = 5 (custom)
2019-10-14 11:47:50,914 [pool-77-thread-1] INFO  server.RaftServerConfigKeys (ConfUtils.java:logGet(43)) - raft.server.snapshot.retention.file.num = 5 (custom)
2019-10-14 11:47:50,915 [pool-47-thread-1] INFO  server.RaftServerConfigKeys (ConfUtils.java:logGet(43)) - raft.server.retrycache.expirytime = 600000ms (custom)
2019-10-14 11:47:50,915 [pool-77-thread-1] INFO  server.RaftServerConfigKeys (ConfUtils.java:logGet(43)) - raft.server.retrycache.expirytime = 600000ms (custom)
2019-10-14 11:47:50,915 [pool-57-thread-1] INFO  server.RaftServerConfigKeys (ConfUtils.java:logGet(43)) - raft.server.retrycache.expirytime = 600000ms (custom)
2019-10-14 11:47:50,915 [pool-27-thread-1] INFO  server.RaftServerConfigKeys (ConfUtils.java:logGet(43)) - raft.server.retrycache.expirytime = 600000ms (custom)
2019-10-14 11:47:50,943 [pool-27-thread-1] INFO  impl.RaftServerImpl (RaftServerImpl.java:start(181)) - 5bc8b8fa-272e-4092-acf1-f109be7f6495@group-5E5A9C99043A: start as a follower, conf=-1: [5bc8b8fa-272e-4092-acf1-f109be7f6495:192.168.164.236:34279], old=null
2019-10-14 11:47:50,944 [pool-27-thread-1] INFO  impl.RaftServerImpl (RaftServerImpl.java:setRole(170)) - 5bc8b8fa-272e-4092-acf1-f109be7f6495@group-5E5A9C99043A: changes role from      null to FOLLOWER at term 0 for startAsFollower
2019-10-14 11:47:50,944 [pool-57-thread-1] INFO  impl.RaftServerImpl (RaftServerImpl.java:<init>(95)) - 13f7b347-0949-4e64-82cc-e591bbf46992: new RaftServerImpl for group-0D925A8B2439:[13f7b347-0949-4e64-82cc-e591bbf46992:192.168.164.236:44843, b028e2eb-b728-4e3f-8a5a-c0a0c7a83e03:192.168.164.236:45036, 832fd50e-d9ff-47f8-a960-98c66a98f86a:192.168.164.236:36951] with ContainerStateMachine:uninitialized
2019-10-14 11:47:50,944 [pool-57-thread-1] INFO  server.RaftServerConfigKeys (ConfUtils.java:logGet(43)) - raft.server.rpc.timeout.min = 1s (custom)
2019-10-14 11:47:50,944 [pool-57-thread-1] INFO  server.RaftServerConfigKeys (ConfUtils.java:logGet(43)) - raft.server.rpc.timeout.max = 1200ms (custom)
2019-10-14 11:47:50,945 [pool-57-thread-1] INFO  server.RaftServerConfigKeys (ConfUtils.java:logGet(43)) - raft.server.rpcslowness.timeout = 120s (custom)
2019-10-14 11:47:50,945 [pool-57-thread-1] INFO  server.RaftServerConfigKeys (ConfUtils.java:logGet(43)) - raft.server.sleep.deviation.threshold = 300 (default)
2019-10-14 11:47:50,945 [pool-57-thread-1] INFO  server.RaftServerConfigKeys (ConfUtils.java:logGet(43)) - raft.server.log.appender.install.snapshot.enabled = false (custom)
2019-10-14 11:47:50,945 [pool-57-thread-1] INFO  impl.RaftServerImpl (ServerState.java:<init>(103)) - 13f7b347-0949-4e64-82cc-e591bbf46992@group-0D925A8B2439: ConfigurationManager, init=-1: [13f7b347-0949-4e64-82cc-e591bbf46992:192.168.164.236:44843, b028e2eb-b728-4e3f-8a5a-c0a0c7a83e03:192.168.164.236:45036, 832fd50e-d9ff-47f8-a960-98c66a98f86a:192.168.164.236:36951], old=null, confs=<EMPTY_MAP>
2019-10-14 11:47:50,945 [pool-57-thread-1] INFO  server.RaftServerConfigKeys (ConfUtils.java:logGet(43)) - raft.server.storage.dir = [/workdir/hadoop-ozone/integration-test/target/test-dir/MiniOzoneClusterImpl-70ec8ae2-7faf-4a8c-b4a4-6e56eb0602b1/datanode-3/data/ratis] (custom)
2019-10-14 11:47:50,945 [pool-27-thread-1] INFO  impl.RoleInfo (RoleInfo.java:updateAndGet(143)) - 5bc8b8fa-272e-4092-acf1-f109be7f6495: start FollowerState
2019-10-14 11:47:50,945 [pool-77-thread-1] INFO  impl.RaftServerImpl (RaftServerImpl.java:<init>(95)) - b028e2eb-b728-4e3f-8a5a-c0a0c7a83e03: new RaftServerImpl for group-0D925A8B2439:[13f7b347-0949-4e64-82cc-e591bbf46992:192.168.164.236:44843, b028e2eb-b728-4e3f-8a5a-c0a0c7a83e03:192.168.164.236:45036, 832fd50e-d9ff-47f8-a960-98c66a98f86a:192.168.164.236:36951] with ContainerStateMachine:uninitialized
2019-10-14 11:47:50,945 [pool-57-thread-1] INFO  server.RaftServerConfigKeys (ConfUtils.java:logGet(43)) - raft.server.log.corruption.policy = EXCEPTION (default)
2019-10-14 11:47:50,945 [pool-77-thread-1] INFO  server.RaftServerConfigKeys (ConfUtils.java:logGet(43)) - raft.server.rpc.timeout.min = 1s (custom)
2019-10-14 11:47:50,946 [pool-57-thread-1] INFO  storage.RaftStorageDirectory (RaftStorageDirectory.java:analyzeStorage(246)) - The storage directory /workdir/hadoop-ozone/integration-test/target/test-dir/MiniOzoneClusterImpl-70ec8ae2-7faf-4a8c-b4a4-6e56eb0602b1/datanode-3/data/ratis/e4e0efd9-e6d3-48b0-bb28-0d925a8b2439 does not exist. Creating ...
2019-10-14 11:47:50,946 [pool-77-thread-1] INFO  server.RaftServerConfigKeys (ConfUtils.java:logGet(43)) - raft.server.rpc.timeout.max = 1200ms (custom)
2019-10-14 11:47:50,946 [pool-77-thread-1] INFO  server.RaftServerConfigKeys (ConfUtils.java:logGet(43)) - raft.server.rpcslowness.timeout = 120s (custom)
2019-10-14 11:47:50,946 [pool-47-thread-1] INFO  impl.RaftServerImpl (RaftServerImpl.java:<init>(95)) - 832fd50e-d9ff-47f8-a960-98c66a98f86a: new RaftServerImpl for group-9C67A16ECE8A:[832fd50e-d9ff-47f8-a960-98c66a98f86a:192.168.164.236:36951] with ContainerStateMachine:uninitialized
2019-10-14 11:47:50,946 [pool-77-thread-1] INFO  server.RaftServerConfigKeys (ConfUtils.java:logGet(43)) - raft.server.sleep.deviation.threshold = 300 (default)
2019-10-14 11:47:50,946 [pool-47-thread-1] INFO  server.RaftServerConfigKeys (ConfUtils.java:logGet(43)) - raft.server.rpc.timeout.min = 1s (custom)
2019-10-14 11:47:50,946 [pool-77-thread-1] INFO  server.RaftServerConfigKeys (ConfUtils.java:logGet(43)) - raft.server.log.appender.install.snapshot.enabled = false (custom)
2019-10-14 11:47:50,946 [pool-47-thread-1] INFO  server.RaftServerConfigKeys (ConfUtils.java:logGet(43)) - raft.server.rpc.timeout.max = 1200ms (custom)
2019-10-14 11:47:50,948 [pool-77-thread-1] INFO  impl.RaftServerImpl (ServerState.java:<init>(103)) - b028e2eb-b728-4e3f-8a5a-c0a0c7a83e03@group-0D925A8B2439: ConfigurationManager, init=-1: [13f7b347-0949-4e64-82cc-e591bbf46992:192.168.164.236:44843, b028e2eb-b728-4e3f-8a5a-c0a0c7a83e03:192.168.164.236:45036, 832fd50e-d9ff-47f8-a960-98c66a98f86a:192.168.164.236:36951], old=null, confs=<EMPTY_MAP>
2019-10-14 11:47:50,951 [pool-47-thread-1] INFO  server.RaftServerConfigKeys (ConfUtils.java:logGet(43)) - raft.server.rpcslowness.timeout = 120s (custom)
2019-10-14 11:47:50,952 [pool-47-thread-1] INFO  server.RaftServerConfigKeys (ConfUtils.java:logGet(43)) - raft.server.sleep.deviation.threshold = 300 (default)
2019-10-14 11:47:50,952 [pool-77-thread-1] INFO  server.RaftServerConfigKeys (ConfUtils.java:logGet(43)) - raft.server.storage.dir = [/workdir/hadoop-ozone/integration-test/target/test-dir/MiniOzoneClusterImpl-70ec8ae2-7faf-4a8c-b4a4-6e56eb0602b1/datanode-5/data/ratis] (custom)
2019-10-14 11:47:50,952 [pool-47-thread-1] INFO  server.RaftServerConfigKeys (ConfUtils.java:logGet(43)) - raft.server.log.appender.install.snapshot.enabled = false (custom)
2019-10-14 11:47:50,954 [pool-47-thread-1] INFO  impl.RaftServerImpl (ServerState.java:<init>(103)) - 832fd50e-d9ff-47f8-a960-98c66a98f86a@group-9C67A16ECE8A: ConfigurationManager, init=-1: [832fd50e-d9ff-47f8-a960-98c66a98f86a:192.168.164.236:36951], old=null, confs=<EMPTY_MAP>
2019-10-14 11:47:50,958 [pool-27-thread-1] INFO  util.JmxRegister (JmxRegister.java:tryRegister(44)) - Successfully registered JMX Bean with object name Ratis:service=RaftServer,group=group-5E5A9C99043A,id=5bc8b8fa-272e-4092-acf1-f109be7f6495
2019-10-14 11:47:50,958 [pool-77-thread-1] INFO  server.RaftServerConfigKeys (ConfUtils.java:logGet(43)) - raft.server.log.corruption.policy = EXCEPTION (default)
2019-10-14 11:47:50,958 [pool-47-thread-1] INFO  server.RaftServerConfigKeys (ConfUtils.java:logGet(43)) - raft.server.storage.dir = [/workdir/hadoop-ozone/integration-test/target/test-dir/MiniOzoneClusterImpl-70ec8ae2-7faf-4a8c-b4a4-6e56eb0602b1/datanode-2/data/ratis] (custom)
2019-10-14 11:47:50,958 [pool-77-thread-1] INFO  storage.RaftStorageDirectory (RaftStorageDirectory.java:analyzeStorage(246)) - The storage directory /workdir/hadoop-ozone/integration-test/target/test-dir/MiniOzoneClusterImpl-70ec8ae2-7faf-4a8c-b4a4-6e56eb0602b1/datanode-5/data/ratis/e4e0efd9-e6d3-48b0-bb28-0d925a8b2439 does not exist. Creating ...
2019-10-14 11:47:50,958 [pool-47-thread-1] INFO  server.RaftServerConfigKeys (ConfUtils.java:logGet(43)) - raft.server.log.corruption.policy = EXCEPTION (default)
2019-10-14 11:47:50,958 [pool-47-thread-1] INFO  storage.RaftStorageDirectory (RaftStorageDirectory.java:analyzeStorage(246)) - The storage directory /workdir/hadoop-ozone/integration-test/target/test-dir/MiniOzoneClusterImpl-70ec8ae2-7faf-4a8c-b4a4-6e56eb0602b1/datanode-2/data/ratis/4a257693-c2cd-42bd-8735-9c67a16ece8a does not exist. Creating ...
2019-10-14 11:47:51,279 [RATISCREATEPIPELINE1] ERROR pipeline.RatisPipelineProvider (RatisPipelineProvider.java:lambda$null$5(237)) - Failed invoke Ratis rpc org.apache.hadoop.hdds.scm.pipeline.RatisPipelineProvider$$Lambda$187/2146604849@5be75acb for b028e2eb-b728-4e3f-8a5a-c0a0c7a83e03
org.apache.ratis.protocol.TimeoutIOException: deadline exceeded after 2996919858ns
	at org.apache.ratis.grpc.GrpcUtil.tryUnwrapException(GrpcUtil.java:82)
	at org.apache.ratis.grpc.GrpcUtil.unwrapException(GrpcUtil.java:75)
	at org.apache.ratis.grpc.client.GrpcClientProtocolClient.blockingCall(GrpcClientProtocolClient.java:184)
	at org.apache.ratis.grpc.client.GrpcClientProtocolClient.groupAdd(GrpcClientProtocolClient.java:153)
	at org.apache.ratis.grpc.client.GrpcClientRpc.sendRequest(GrpcClientRpc.java:94)
	at org.apache.ratis.client.impl.RaftClientImpl.sendRequest(RaftClientImpl.java:278)
	at org.apache.ratis.client.impl.RaftClientImpl.groupAdd(RaftClientImpl.java:205)
	at org.apache.hadoop.hdds.scm.pipeline.RatisPipelineProvider.lambda$initializePipeline$4(RatisPipelineProvider.java:198)
	at org.apache.hadoop.hdds.scm.pipeline.RatisPipelineProvider.lambda$null$5(RatisPipelineProvider.java:233)
	at java.util.stream.ForEachOps$ForEachOp$OfRef.accept(ForEachOps.java:184)
	at java.util.ArrayList$ArrayListSpliterator.forEachRemaining(ArrayList.java:1382)
	at java.util.stream.AbstractPipeline.copyInto(AbstractPipeline.java:482)
	at java.util.stream.ForEachOps$ForEachTask.compute(ForEachOps.java:291)
	at java.util.concurrent.CountedCompleter.exec(CountedCompleter.java:731)
	at java.util.concurrent.ForkJoinTask.doExec(ForkJoinTask.java:289)
	at java.util.concurrent.ForkJoinTask.doInvoke(ForkJoinTask.java:401)
	at java.util.concurrent.ForkJoinTask.invoke(ForkJoinTask.java:734)
	at java.util.stream.ForEachOps$ForEachOp.evaluateParallel(ForEachOps.java:160)
	at java.util.stream.ForEachOps$ForEachOp$OfRef.evaluateParallel(ForEachOps.java:174)
	at java.util.stream.AbstractPipeline.evaluate(AbstractPipeline.java:233)
	at java.util.stream.ReferencePipeline.forEach(ReferencePipeline.java:418)
	at java.util.stream.ReferencePipeline$Head.forEach(ReferencePipeline.java:583)
	at org.apache.hadoop.hdds.scm.pipeline.RatisPipelineProvider.lambda$callRatisRpc$6(RatisPipelineProvider.java:227)
	at java.util.concurrent.ForkJoinTask$AdaptedRunnableAction.exec(ForkJoinTask.java:1386)
	at java.util.concurrent.ForkJoinTask.doExec(ForkJoinTask.java:289)
	at java.util.concurrent.ForkJoinPool$WorkQueue.runTask(ForkJoinPool.java:1056)
	at java.util.concurrent.ForkJoinPool.runWorker(ForkJoinPool.java:1692)
	at java.util.concurrent.ForkJoinWorkerThread.run(ForkJoinWorkerThread.java:157)
Caused by: org.apache.ratis.thirdparty.io.grpc.StatusRuntimeException: DEADLINE_EXCEEDED: deadline exceeded after 2996919858ns
	at org.apache.ratis.thirdparty.io.grpc.stub.ClientCalls.toStatusRuntimeException(ClientCalls.java:233)
	at org.apache.ratis.thirdparty.io.grpc.stub.ClientCalls.getUnchecked(ClientCalls.java:214)
	at org.apache.ratis.thirdparty.io.grpc.stub.ClientCalls.blockingUnaryCall(ClientCalls.java:139)
	at org.apache.ratis.proto.grpc.AdminProtocolServiceGrpc$AdminProtocolServiceBlockingStub.groupManagement(AdminProtocolServiceGrpc.java:274)
	at org.apache.ratis.grpc.client.GrpcClientProtocolClient.lambda$groupAdd$3(GrpcClientProtocolClient.java:155)
	at org.apache.ratis.grpc.client.GrpcClientProtocolClient.blockingCall(GrpcClientProtocolClient.java:182)
	... 25 more
2019-10-14 11:47:51,283 [RATISCREATEPIPELINE2] ERROR pipeline.RatisPipelineProvider (RatisPipelineProvider.java:lambda$null$5(237)) - Failed invoke Ratis rpc org.apache.hadoop.hdds.scm.pipeline.RatisPipelineProvider$$Lambda$187/2146604849@5be75acb for 13f7b347-0949-4e64-82cc-e591bbf46992
org.apache.ratis.protocol.TimeoutIOException: deadline exceeded after 2997112817ns
	at org.apache.ratis.grpc.GrpcUtil.tryUnwrapException(GrpcUtil.java:82)
	at org.apache.ratis.grpc.GrpcUtil.unwrapException(GrpcUtil.java:75)
	at org.apache.ratis.grpc.client.GrpcClientProtocolClient.blockingCall(GrpcClientProtocolClient.java:184)
	at org.apache.ratis.grpc.client.GrpcClientProtocolClient.groupAdd(GrpcClientProtocolClient.java:153)
	at org.apache.ratis.grpc.client.GrpcClientRpc.sendRequest(GrpcClientRpc.java:94)
	at org.apache.ratis.client.impl.RaftClientImpl.sendRequest(RaftClientImpl.java:278)
	at org.apache.ratis.client.impl.RaftClientImpl.groupAdd(RaftClientImpl.java:205)
	at org.apache.hadoop.hdds.scm.pipeline.RatisPipelineProvider.lambda$initializePipeline$4(RatisPipelineProvider.java:198)
	at org.apache.hadoop.hdds.scm.pipeline.RatisPipelineProvider.lambda$null$5(RatisPipelineProvider.java:233)
	at java.util.stream.ForEachOps$ForEachOp$OfRef.accept(ForEachOps.java:184)
	at java.util.ArrayList$ArrayListSpliterator.forEachRemaining(ArrayList.java:1382)
	at java.util.stream.AbstractPipeline.copyInto(AbstractPipeline.java:482)
	at java.util.stream.ForEachOps$ForEachTask.compute(ForEachOps.java:291)
	at java.util.concurrent.CountedCompleter.exec(CountedCompleter.java:731)
	at java.util.concurrent.ForkJoinTask.doExec(ForkJoinTask.java:289)
	at java.util.concurrent.ForkJoinPool$WorkQueue.runTask(ForkJoinPool.java:1056)
	at java.util.concurrent.ForkJoinPool.runWorker(ForkJoinPool.java:1692)
	at java.util.concurrent.ForkJoinWorkerThread.run(ForkJoinWorkerThread.java:157)
Caused by: org.apache.ratis.thirdparty.io.grpc.StatusRuntimeException: DEADLINE_EXCEEDED: deadline exceeded after 2997112817ns
	at org.apache.ratis.thirdparty.io.grpc.stub.ClientCalls.toStatusRuntimeException(ClientCalls.java:233)
	at org.apache.ratis.thirdparty.io.grpc.stub.ClientCalls.getUnchecked(ClientCalls.java:214)
	at org.apache.ratis.thirdparty.io.grpc.stub.ClientCalls.blockingUnaryCall(ClientCalls.java:139)
	at org.apache.ratis.proto.grpc.AdminProtocolServiceGrpc$AdminProtocolServiceBlockingStub.groupManagement(AdminProtocolServiceGrpc.java:274)
	at org.apache.ratis.grpc.client.GrpcClientProtocolClient.lambda$groupAdd$3(GrpcClientProtocolClient.java:155)
	at org.apache.ratis.grpc.client.GrpcClientProtocolClient.blockingCall(GrpcClientProtocolClient.java:182)
	... 15 more
2019-10-14 11:47:51,283 [RATISCREATEPIPELINE3] ERROR pipeline.RatisPipelineProvider (RatisPipelineProvider.java:lambda$null$5(237)) - Failed invoke Ratis rpc org.apache.hadoop.hdds.scm.pipeline.RatisPipelineProvider$$Lambda$187/2146604849@5be75acb for 832fd50e-d9ff-47f8-a960-98c66a98f86a
org.apache.ratis.protocol.TimeoutIOException: deadline exceeded after 2998365655ns
	at org.apache.ratis.grpc.GrpcUtil.tryUnwrapException(GrpcUtil.java:82)
	at org.apache.ratis.grpc.GrpcUtil.unwrapException(GrpcUtil.java:75)
	at org.apache.ratis.grpc.client.GrpcClientProtocolClient.blockingCall(GrpcClientProtocolClient.java:184)
	at org.apache.ratis.grpc.client.GrpcClientProtocolClient.groupAdd(GrpcClientProtocolClient.java:153)
	at org.apache.ratis.grpc.client.GrpcClientRpc.sendRequest(GrpcClientRpc.java:94)
	at org.apache.ratis.client.impl.RaftClientImpl.sendRequest(RaftClientImpl.java:278)
	at org.apache.ratis.client.impl.RaftClientImpl.groupAdd(RaftClientImpl.java:205)
	at org.apache.hadoop.hdds.scm.pipeline.RatisPipelineProvider.lambda$initializePipeline$4(RatisPipelineProvider.java:198)
	at org.apache.hadoop.hdds.scm.pipeline.RatisPipelineProvider.lambda$null$5(RatisPipelineProvider.java:233)
	at java.util.stream.ForEachOps$ForEachOp$OfRef.accept(ForEachOps.java:184)
	at java.util.ArrayList$ArrayListSpliterator.forEachRemaining(ArrayList.java:1382)
	at java.util.stream.AbstractPipeline.copyInto(AbstractPipeline.java:482)
	at java.util.stream.ForEachOps$ForEachTask.compute(ForEachOps.java:291)
	at java.util.concurrent.CountedCompleter.exec(CountedCompleter.java:731)
	at java.util.concurrent.ForkJoinTask.doExec(ForkJoinTask.java:289)
	at java.util.concurrent.ForkJoinPool$WorkQueue.runTask(ForkJoinPool.java:1056)
	at java.util.concurrent.ForkJoinPool.runWorker(ForkJoinPool.java:1692)
	at java.util.concurrent.ForkJoinWorkerThread.run(ForkJoinWorkerThread.java:157)
Caused by: org.apache.ratis.thirdparty.io.grpc.StatusRuntimeException: DEADLINE_EXCEEDED: deadline exceeded after 2998365655ns
	at org.apache.ratis.thirdparty.io.grpc.stub.ClientCalls.toStatusRuntimeException(ClientCalls.java:233)
	at org.apache.ratis.thirdparty.io.grpc.stub.ClientCalls.getUnchecked(ClientCalls.java:214)
	at org.apache.ratis.thirdparty.io.grpc.stub.ClientCalls.blockingUnaryCall(ClientCalls.java:139)
	at org.apache.ratis.proto.grpc.AdminProtocolServiceGrpc$AdminProtocolServiceBlockingStub.groupManagement(AdminProtocolServiceGrpc.java:274)
	at org.apache.ratis.grpc.client.GrpcClientProtocolClient.lambda$groupAdd$3(GrpcClientProtocolClient.java:155)
	at org.apache.ratis.grpc.client.GrpcClientProtocolClient.blockingCall(GrpcClientProtocolClient.java:182)
	... 15 more
2019-10-14 11:47:51,285 [IPC Server handler 0 on 38719] WARN  block.BlockManagerImpl (BlockManagerImpl.java:allocateBlock(194)) - Pipeline creation failed for type:RATIS factor:THREE. Retrying get pipelines call once.
org.apache.hadoop.io.MultipleIOException: 3 exceptions [java.io.IOException: Failed invoke Ratis rpc org.apache.hadoop.hdds.scm.pipeline.RatisPipelineProvider$$Lambda$187/2146604849@5be75acb for b028e2eb-b728-4e3f-8a5a-c0a0c7a83e03, java.io.IOException: Failed invoke Ratis rpc org.apache.hadoop.hdds.scm.pipeline.RatisPipelineProvider$$Lambda$187/2146604849@5be75acb for 13f7b347-0949-4e64-82cc-e591bbf46992, java.io.IOException: Failed invoke Ratis rpc org.apache.hadoop.hdds.scm.pipeline.RatisPipelineProvider$$Lambda$187/2146604849@5be75acb for 832fd50e-d9ff-47f8-a960-98c66a98f86a]
	at org.apache.hadoop.io.MultipleIOException.createIOException(MultipleIOException.java:53)
	at org.apache.hadoop.hdds.scm.pipeline.RatisPipelineProvider.callRatisRpc(RatisPipelineProvider.java:253)
	at org.apache.hadoop.hdds.scm.pipeline.RatisPipelineProvider.initializePipeline(RatisPipelineProvider.java:196)
	at org.apache.hadoop.hdds.scm.pipeline.RatisPipelineProvider.create(RatisPipelineProvider.java:163)
	at org.apache.hadoop.hdds.scm.pipeline.PipelineFactory.create(PipelineFactory.java:58)
	at org.apache.hadoop.hdds.scm.pipeline.SCMPipelineManager.createPipeline(SCMPipelineManager.java:155)
	at org.apache.hadoop.hdds.scm.block.BlockManagerImpl.allocateBlock(BlockManagerImpl.java:192)
	at org.apache.hadoop.hdds.scm.server.SCMBlockProtocolServer.allocateBlock(SCMBlockProtocolServer.java:182)
	at org.apache.hadoop.hdds.scm.protocol.ScmBlockLocationProtocolServerSideTranslatorPB.allocateScmBlock(ScmBlockLocationProtocolServerSideTranslatorPB.java:159)
	at org.apache.hadoop.hdds.scm.protocol.ScmBlockLocationProtocolServerSideTranslatorPB.processMessage(ScmBlockLocationProtocolServerSideTranslatorPB.java:117)
	at org.apache.hadoop.hdds.server.OzoneProtocolMessageDispatcher.processRequest(OzoneProtocolMessageDispatcher.java:72)
	at org.apache.hadoop.hdds.scm.protocol.ScmBlockLocationProtocolServerSideTranslatorPB.send(ScmBlockLocationProtocolServerSideTranslatorPB.java:98)
	at org.apache.hadoop.hdds.protocol.proto.ScmBlockLocationProtocolProtos$ScmBlockLocationProtocolService$2.callBlockingMethod(ScmBlockLocationProtocolProtos.java:13157)
	at org.apache.hadoop.ipc.ProtobufRpcEngine$Server$ProtoBufRpcInvoker.call(ProtobufRpcEngine.java:524)
	at org.apache.hadoop.ipc.RPC$Server.call(RPC.java:1025)
	at org.apache.hadoop.ipc.Server$RpcCall.run(Server.java:876)
	at org.apache.hadoop.ipc.Server$RpcCall.run(Server.java:822)
	at java.security.AccessController.doPrivileged(Native Method)
	at javax.security.auth.Subject.doAs(Subject.java:422)
	at org.apache.hadoop.security.UserGroupInformation.doAs(UserGroupInformation.java:1730)
	at org.apache.hadoop.ipc.Server$Handler.run(Server.java:2682)
2019-10-14 11:47:51,286 [IPC Server handler 0 on 38719] INFO  block.BlockManagerImpl (BlockManagerImpl.java:allocateBlock(200)) - Could not find available pipeline of type:RATIS and factor:THREE even after retrying
2019-10-14 11:47:51,286 [IPC Server handler 0 on 38719] ERROR block.BlockManagerImpl (BlockManagerImpl.java:allocateBlock(224)) - Unable to allocate a block for the size: 4194304, type: RATIS, factor: THREE
2019-10-14 11:47:51,292 [main] INFO  ozone.MiniOzoneClusterImpl (MiniOzoneClusterImpl.java:shutdown(314)) - Shutting down the Mini Ozone Cluster
2019-10-14 11:47:51,293 [main] INFO  ozone.MiniOzoneClusterImpl (MiniOzoneClusterImpl.java:stop(330)) - Stopping the Mini Ozone Cluster
2019-10-14 11:47:51,293 [main] INFO  ozone.MiniOzoneClusterImpl (MiniOzoneClusterImpl.java:stopOM(400)) - Stopping the OzoneManager
2019-10-14 11:47:51,293 [main] INFO  ipc.Server (Server.java:stop(3082)) - Stopping server on 35426
2019-10-14 11:47:51,307 [IPC Server listener on 35426] INFO  ipc.Server (Server.java:run(1185)) - Stopping IPC Server listener on 35426
2019-10-14 11:47:51,309 [IPC Server Responder] INFO  ipc.Server (Server.java:run(1319)) - Stopping IPC Server Responder
2019-10-14 11:47:51,309 [main] INFO  ratis.OzoneManagerDoubleBuffer (OzoneManagerDoubleBuffer.java:stop(250)) - Stopping OMDoubleBuffer flush thread
2019-10-14 11:47:51,326 [OMDoubleBufferFlushThread] INFO  ratis.OzoneManagerDoubleBuffer (OzoneManagerDoubleBuffer.java:flushTransactions(193)) - OMDoubleBuffer flush thread OMDoubleBufferFlushThread is interrupted and will exit. OMDoubleBufferFlushThread
2019-10-14 11:47:51,328 [main] INFO  utils.BackgroundService (BackgroundService.java:shutdown(151)) - Shutting down service KeyDeletingService
2019-10-14 11:47:51,332 [main] INFO  handler.ContextHandler (ContextHandler.java:doStop(910)) - Stopped o.e.j.w.WebAppContext@2fc07784{/,null,UNAVAILABLE}{/ozoneManager}
2019-10-14 11:47:51,340 [main] INFO  server.AbstractConnector (AbstractConnector.java:doStop(318)) - Stopped ServerConnector@353efdbf{HTTP/1.1,[http/1.1]}{0.0.0.0:0}
2019-10-14 11:47:51,340 [main] INFO  handler.ContextHandler (ContextHandler.java:doStop(910)) - Stopped o.e.j.s.ServletContextHandler@31cb96e1{/static,file:///workdir/hadoop-ozone/integration-test/target/test-classes/webapps/static,UNAVAILABLE}
2019-10-14 11:47:51,340 [main] INFO  handler.ContextHandler (ContextHandler.java:doStop(910)) - Stopped o.e.j.s.ServletContextHandler@67001148{/logs,file:///workdir/hadoop-ozone/integration-test/target/log,UNAVAILABLE}
2019-10-14 11:47:51,344 [main] INFO  ozone.MiniOzoneClusterImpl (MiniOzoneClusterImpl.java:stopDatanodes(377)) - Stopping the HddsDatanodes
2019-10-14 11:47:51,396 [Datanode State Machine Thread - 0] INFO  statemachine.DatanodeStateMachine (DatanodeStateMachine.java:lambda$startDaemon$0(350)) - Ozone container server started.
2019-10-14 11:47:51,576 [pool-57-thread-1] INFO  storage.RaftStorageDirectory (RaftStorageDirectory.java:tryLock(328)) - Lock on /workdir/hadoop-ozone/integration-test/target/test-dir/MiniOzoneClusterImpl-70ec8ae2-7faf-4a8c-b4a4-6e56eb0602b1/datanode-3/data/ratis/e4e0efd9-e6d3-48b0-bb28-0d925a8b2439/in_use.lock acquired by nodename 28760@pr-hdds-2298-bsdkb-3913594898
2019-10-14 11:47:51,576 [pool-77-thread-1] INFO  storage.RaftStorageDirectory (RaftStorageDirectory.java:tryLock(328)) - Lock on /workdir/hadoop-ozone/integration-test/target/test-dir/MiniOzoneClusterImpl-70ec8ae2-7faf-4a8c-b4a4-6e56eb0602b1/datanode-5/data/ratis/e4e0efd9-e6d3-48b0-bb28-0d925a8b2439/in_use.lock acquired by nodename 28760@pr-hdds-2298-bsdkb-3913594898
2019-10-14 11:47:51,576 [pool-47-thread-1] INFO  storage.RaftStorageDirectory (RaftStorageDirectory.java:tryLock(328)) - Lock on /workdir/hadoop-ozone/integration-test/target/test-dir/MiniOzoneClusterImpl-70ec8ae2-7faf-4a8c-b4a4-6e56eb0602b1/datanode-2/data/ratis/4a257693-c2cd-42bd-8735-9c67a16ece8a/in_use.lock acquired by nodename 28760@pr-hdds-2298-bsdkb-3913594898
2019-10-14 11:47:51,685 [pool-57-thread-1] INFO  storage.RaftStorage (RaftStorage.java:format(84)) - Storage directory /workdir/hadoop-ozone/integration-test/target/test-dir/MiniOzoneClusterImpl-70ec8ae2-7faf-4a8c-b4a4-6e56eb0602b1/datanode-3/data/ratis/e4e0efd9-e6d3-48b0-bb28-0d925a8b2439 has been successfully formatted.
2019-10-14 11:47:51,685 [pool-77-thread-1] INFO  storage.RaftStorage (RaftStorage.java:format(84)) - Storage directory /workdir/hadoop-ozone/integration-test/target/test-dir/MiniOzoneClusterImpl-70ec8ae2-7faf-4a8c-b4a4-6e56eb0602b1/datanode-5/data/ratis/e4e0efd9-e6d3-48b0-bb28-0d925a8b2439 has been successfully formatted.
2019-10-14 11:47:51,685 [pool-57-thread-1] INFO  ratis.ContainerStateMachine (ContainerStateMachine.java:loadSnapshot(231)) - group-0D925A8B2439: The snapshot info is null. Setting the last applied indexto:(t:0, i:~)
2019-10-14 11:47:51,685 [pool-47-thread-1] INFO  storage.RaftStorage (RaftStorage.java:format(84)) - Storage directory /workdir/hadoop-ozone/integration-test/target/test-dir/MiniOzoneClusterImpl-70ec8ae2-7faf-4a8c-b4a4-6e56eb0602b1/datanode-2/data/ratis/4a257693-c2cd-42bd-8735-9c67a16ece8a has been successfully formatted.
2019-10-14 11:47:51,685 [pool-77-thread-1] INFO  ratis.ContainerStateMachine (ContainerStateMachine.java:loadSnapshot(231)) - group-0D925A8B2439: The snapshot info is null. Setting the last applied indexto:(t:0, i:~)
2019-10-14 11:47:51,685 [pool-57-thread-1] INFO  server.RaftServerConfigKeys (ConfUtils.java:logGet(43)) - raft.server.notification.no-leader.timeout = 120s (custom)
2019-10-14 11:47:51,686 [pool-47-thread-1] INFO  ratis.ContainerStateMachine (ContainerStateMachine.java:loadSnapshot(231)) - group-9C67A16ECE8A: The snapshot info is null. Setting the last applied indexto:(t:0, i:~)
2019-10-14 11:47:51,686 [pool-57-thread-1] INFO  server.RaftServerConfigKeys (ConfUtils.java:logGet(43)) - raft.server.log.use.memory = false (default)
2019-10-14 11:47:51,686 [pool-47-thread-1] INFO  server.RaftServerConfigKeys (ConfUtils.java:logGet(43)) - raft.server.notification.no-leader.timeout = 120s (custom)
2019-10-14 11:47:51,686 [pool-57-thread-1] INFO  server.RaftServerConfigKeys (ConfUtils.java:logGet(43)) - raft.server.log.purge.gap = 1000000 (custom)
2019-10-14 11:47:51,686 [pool-47-thread-1] INFO  server.RaftServerConfigKeys (ConfUtils.java:logGet(43)) - raft.server.log.use.memory = false (default)
2019-10-14 11:47:51,687 [pool-57-thread-1] INFO  server.RaftServerConfigKeys (ConfUtils.java:logGet(43)) - raft.server.log.appender.buffer.byte-limit = 33554432 (custom)
2019-10-14 11:47:51,687 [pool-47-thread-1] INFO  server.RaftServerConfigKeys (ConfUtils.java:logGet(43)) - raft.server.log.purge.gap = 1000000 (custom)
2019-10-14 11:47:51,687 [pool-57-thread-1] INFO  server.RaftServerConfigKeys (ConfUtils.java:logGet(43)) - raft.server.log.segment.size.max = 1048576 (custom)
2019-10-14 11:47:51,687 [pool-47-thread-1] INFO  server.RaftServerConfigKeys (ConfUtils.java:logGet(43)) - raft.server.log.appender.buffer.byte-limit = 33554432 (custom)
2019-10-14 11:47:51,687 [pool-77-thread-1] INFO  server.RaftServerConfigKeys (ConfUtils.java:logGet(43)) - raft.server.notification.no-leader.timeout = 120s (custom)
2019-10-14 11:47:51,687 [pool-57-thread-1] INFO  server.RaftServerConfigKeys (ConfUtils.java:logGet(43)) - raft.server.log.segment.cache.num.max = 2 (custom)
2019-10-14 11:47:51,687 [pool-77-thread-1] INFO  server.RaftServerConfigKeys (ConfUtils.java:logGet(43)) - raft.server.log.use.memory = false (default)
2019-10-14 11:47:51,687 [pool-47-thread-1] INFO  server.RaftServerConfigKeys (ConfUtils.java:logGet(43)) - raft.server.log.segment.size.max = 1048576 (custom)
2019-10-14 11:47:51,688 [pool-77-thread-1] INFO  server.RaftServerConfigKeys (ConfUtils.java:logGet(43)) - raft.server.log.purge.gap = 1000000 (custom)
2019-10-14 11:47:51,688 [pool-57-thread-1] INFO  segmented.SegmentedRaftLogWorker (SegmentedRaftLogWorker.java:<init>(173)) - new 13f7b347-0949-4e64-82cc-e591bbf46992@group-0D925A8B2439-SegmentedRaftLogWorker for RaftStorage:Storage Directory /workdir/hadoop-ozone/integration-test/target/test-dir/MiniOzoneClusterImpl-70ec8ae2-7faf-4a8c-b4a4-6e56eb0602b1/datanode-3/data/ratis/e4e0efd9-e6d3-48b0-bb28-0d925a8b2439
2019-10-14 11:47:51,688 [pool-77-thread-1] INFO  server.RaftServerConfigKeys (ConfUtils.java:logGet(43)) - raft.server.log.appender.buffer.byte-limit = 33554432 (custom)
2019-10-14 11:47:51,688 [pool-47-thread-1] INFO  server.RaftServerConfigKeys (ConfUtils.java:logGet(43)) - raft.server.log.segment.cache.num.max = 2 (custom)
2019-10-14 11:47:51,688 [pool-77-thread-1] INFO  server.RaftServerConfigKeys (ConfUtils.java:logGet(43)) - raft.server.log.segment.size.max = 1048576 (custom)
2019-10-14 11:47:51,688 [pool-57-thread-1] INFO  server.RaftServerConfigKeys (ConfUtils.java:logGet(43)) - raft.server.log.queue.byte-limit = 2147483647 (custom)
2019-10-14 11:47:51,689 [pool-77-thread-1] INFO  server.RaftServerConfigKeys (ConfUtils.java:logGet(43)) - raft.server.log.segment.cache.num.max = 2 (custom)
2019-10-14 11:47:51,689 [pool-47-thread-1] INFO  segmented.SegmentedRaftLogWorker (SegmentedRaftLogWorker.java:<init>(173)) - new 832fd50e-d9ff-47f8-a960-98c66a98f86a@group-9C67A16ECE8A-SegmentedRaftLogWorker for RaftStorage:Storage Directory /workdir/hadoop-ozone/integration-test/target/test-dir/MiniOzoneClusterImpl-70ec8ae2-7faf-4a8c-b4a4-6e56eb0602b1/datanode-2/data/ratis/4a257693-c2cd-42bd-8735-9c67a16ece8a
2019-10-14 11:47:51,689 [pool-77-thread-1] INFO  segmented.SegmentedRaftLogWorker (SegmentedRaftLogWorker.java:<init>(173)) - new b028e2eb-b728-4e3f-8a5a-c0a0c7a83e03@group-0D925A8B2439-SegmentedRaftLogWorker for RaftStorage:Storage Directory /workdir/hadoop-ozone/integration-test/target/test-dir/MiniOzoneClusterImpl-70ec8ae2-7faf-4a8c-b4a4-6e56eb0602b1/datanode-5/data/ratis/e4e0efd9-e6d3-48b0-bb28-0d925a8b2439
2019-10-14 11:47:51,689 [pool-57-thread-1] INFO  server.RaftServerConfigKeys (ConfUtils.java:logGet(43)) - raft.server.log.queue.element-limit = 1024 (custom)
2019-10-14 11:47:51,689 [pool-77-thread-1] INFO  server.RaftServerConfigKeys (ConfUtils.java:logGet(43)) - raft.server.log.queue.byte-limit = 2147483647 (custom)
2019-10-14 11:47:51,689 [pool-47-thread-1] INFO  server.RaftServerConfigKeys (ConfUtils.java:logGet(43)) - raft.server.log.queue.byte-limit = 2147483647 (custom)
2019-10-14 11:47:51,690 [pool-77-thread-1] INFO  server.RaftServerConfigKeys (ConfUtils.java:logGet(43)) - raft.server.log.queue.element-limit = 1024 (custom)
2019-10-14 11:47:51,690 [pool-57-thread-1] INFO  server.RaftServerConfigKeys (ConfUtils.java:logGet(43)) - raft.server.log.segment.size.max = 1048576 (custom)
2019-10-14 11:47:51,690 [pool-77-thread-1] INFO  server.RaftServerConfigKeys (ConfUtils.java:logGet(43)) - raft.server.log.segment.size.max = 1048576 (custom)
2019-10-14 11:47:51,690 [pool-47-thread-1] INFO  server.RaftServerConfigKeys (ConfUtils.java:logGet(43)) - raft.server.log.queue.element-limit = 1024 (custom)
2019-10-14 11:47:51,690 [pool-77-thread-1] INFO  server.RaftServerConfigKeys (ConfUtils.java:logGet(43)) - raft.server.log.preallocated.size = 16384 (custom)
2019-10-14 11:47:51,690 [pool-57-thread-1] INFO  server.RaftServerConfigKeys (ConfUtils.java:logGet(43)) - raft.server.log.preallocated.size = 16384 (custom)
2019-10-14 11:47:51,691 [pool-77-thread-1] INFO  server.RaftServerConfigKeys (ConfUtils.java:logGet(43)) - raft.server.log.write.buffer.size = 33554432 (custom)
2019-10-14 11:47:51,690 [pool-47-thread-1] INFO  server.RaftServerConfigKeys (ConfUtils.java:logGet(43)) - raft.server.log.segment.size.max = 1048576 (custom)
2019-10-14 11:47:51,691 [pool-77-thread-1] INFO  server.RaftServerConfigKeys (ConfUtils.java:logGet(43)) - raft.server.log.force.sync.num = 128 (default)
2019-10-14 11:47:51,691 [pool-57-thread-1] INFO  server.RaftServerConfigKeys (ConfUtils.java:logGet(43)) - raft.server.log.write.buffer.size = 33554432 (custom)
2019-10-14 11:47:51,691 [pool-77-thread-1] INFO  server.RaftServerConfigKeys (ConfUtils.java:logGet(43)) - raft.server.log.statemachine.data.sync = true (default)
2019-10-14 11:47:51,691 [pool-47-thread-1] INFO  server.RaftServerConfigKeys (ConfUtils.java:logGet(43)) - raft.server.log.preallocated.size = 16384 (custom)
2019-10-14 11:47:51,691 [pool-77-thread-1] INFO  server.RaftServerConfigKeys (ConfUtils.java:logGet(43)) - raft.server.log.statemachine.data.sync.timeout = 10s (default)
2019-10-14 11:47:51,691 [pool-57-thread-1] INFO  server.RaftServerConfigKeys (ConfUtils.java:logGet(43)) - raft.server.log.force.sync.num = 128 (default)
2019-10-14 11:47:51,692 [pool-77-thread-1] INFO  server.RaftServerConfigKeys (ConfUtils.java:logGet(43)) - raft.server.log.statemachine.data.sync.timeout.retry = -1 (default)
2019-10-14 11:47:51,692 [pool-47-thread-1] INFO  server.RaftServerConfigKeys (ConfUtils.java:logGet(43)) - raft.server.log.write.buffer.size = 33554432 (custom)
2019-10-14 11:47:51,696 [pool-77-thread-1] INFO  server.RaftServerConfigKeys (ConfUtils.java:logGet(43)) - raft.server.log.statemachine.data.caching.enabled = true (custom)
2019-10-14 11:47:51,695 [pool-57-thread-1] INFO  server.RaftServerConfigKeys (ConfUtils.java:logGet(43)) - raft.server.log.statemachine.data.sync = true (default)
2019-10-14 11:47:51,696 [pool-47-thread-1] INFO  server.RaftServerConfigKeys (ConfUtils.java:logGet(43)) - raft.server.log.force.sync.num = 128 (default)
2019-10-14 11:47:51,696 [pool-77-thread-1] INFO  segmented.SegmentedRaftLogWorker (SegmentedRaftLogWorker.java:lambda$new$0(128)) - b028e2eb-b728-4e3f-8a5a-c0a0c7a83e03@group-0D925A8B2439-SegmentedRaftLogWorker: flushIndex: setUnconditionally 0 -> -1
2019-10-14 11:47:51,696 [pool-57-thread-1] INFO  server.RaftServerConfigKeys (ConfUtils.java:logGet(43)) - raft.server.log.statemachine.data.sync.timeout = 10s (default)
2019-10-14 11:47:51,696 [pool-47-thread-1] INFO  server.RaftServerConfigKeys (ConfUtils.java:logGet(43)) - raft.server.log.statemachine.data.sync = true (default)
2019-10-14 11:47:51,697 [pool-57-thread-1] INFO  server.RaftServerConfigKeys (ConfUtils.java:logGet(43)) - raft.server.log.statemachine.data.sync.timeout.retry = -1 (default)
2019-10-14 11:47:51,697 [pool-77-thread-1] INFO  server.RaftServerConfigKeys (ConfUtils.java:logGet(43)) - raft.server.snapshot.auto.trigger.enabled = true (custom)
2019-10-14 11:47:51,697 [pool-47-thread-1] INFO  server.RaftServerConfigKeys (ConfUtils.java:logGet(43)) - raft.server.log.statemachine.data.sync.timeout = 10s (default)
2019-10-14 11:47:51,697 [pool-77-thread-1] INFO  server.RaftServerConfigKeys (ConfUtils.java:logGet(43)) - raft.server.snapshot.auto.trigger.threshold = 10000 (custom)
2019-10-14 11:47:51,697 [pool-57-thread-1] INFO  server.RaftServerConfigKeys (ConfUtils.java:logGet(43)) - raft.server.log.statemachine.data.caching.enabled = true (custom)
2019-10-14 11:47:51,697 [pool-77-thread-1] INFO  server.RaftServerConfigKeys (ConfUtils.java:logGet(43)) - raft.server.snapshot.retention.file.num = 5 (custom)
2019-10-14 11:47:51,697 [pool-47-thread-1] INFO  server.RaftServerConfigKeys (ConfUtils.java:logGet(43)) - raft.server.log.statemachine.data.sync.timeout.retry = -1 (default)
2019-10-14 11:47:51,698 [pool-77-thread-1] INFO  server.RaftServerConfigKeys (ConfUtils.java:logGet(43)) - raft.server.retrycache.expirytime = 600000ms (custom)
2019-10-14 11:47:51,698 [pool-47-thread-1] INFO  server.RaftServerConfigKeys (ConfUtils.java:logGet(43)) - raft.server.log.statemachine.data.caching.enabled = true (custom)
2019-10-14 11:47:51,698 [pool-57-thread-1] INFO  segmented.SegmentedRaftLogWorker (SegmentedRaftLogWorker.java:lambda$new$0(128)) - 13f7b347-0949-4e64-82cc-e591bbf46992@group-0D925A8B2439-SegmentedRaftLogWorker: flushIndex: setUnconditionally 0 -> -1
2019-10-14 11:47:51,698 [pool-47-thread-1] INFO  segmented.SegmentedRaftLogWorker (SegmentedRaftLogWorker.java:lambda$new$0(128)) - 832fd50e-d9ff-47f8-a960-98c66a98f86a@group-9C67A16ECE8A-SegmentedRaftLogWorker: flushIndex: setUnconditionally 0 -> -1
2019-10-14 11:47:51,698 [pool-57-thread-1] INFO  server.RaftServerConfigKeys (ConfUtils.java:logGet(43)) - raft.server.snapshot.auto.trigger.enabled = true (custom)
2019-10-14 11:47:51,698 [pool-47-thread-1] INFO  server.RaftServerConfigKeys (ConfUtils.java:logGet(43)) - raft.server.snapshot.auto.trigger.enabled = true (custom)
2019-10-14 11:47:51,699 [pool-57-thread-1] INFO  server.RaftServerConfigKeys (ConfUtils.java:logGet(43)) - raft.server.snapshot.auto.trigger.threshold = 10000 (custom)
2019-10-14 11:47:51,699 [pool-47-thread-1] INFO  server.RaftServerConfigKeys (ConfUtils.java:logGet(43)) - raft.server.snapshot.auto.trigger.threshold = 10000 (custom)
2019-10-14 11:47:51,699 [pool-57-thread-1] INFO  server.RaftServerConfigKeys (ConfUtils.java:logGet(43)) - raft.server.snapshot.retention.file.num = 5 (custom)
2019-10-14 11:47:51,699 [pool-47-thread-1] INFO  server.RaftServerConfigKeys (ConfUtils.java:logGet(43)) - raft.server.snapshot.retention.file.num = 5 (custom)
2019-10-14 11:47:51,699 [pool-57-thread-1] INFO  server.RaftServerConfigKeys (ConfUtils.java:logGet(43)) - raft.server.retrycache.expirytime = 600000ms (custom)
2019-10-14 11:47:51,699 [pool-47-thread-1] INFO  server.RaftServerConfigKeys (ConfUtils.java:logGet(43)) - raft.server.retrycache.expirytime = 600000ms (custom)
2019-10-14 11:47:51,705 [pool-77-thread-1] INFO  impl.RaftServerImpl (RaftServerImpl.java:<init>(95)) - b028e2eb-b728-4e3f-8a5a-c0a0c7a83e03: new RaftServerImpl for group-CD2A1F5DBA49:[13f7b347-0949-4e64-82cc-e591bbf46992:192.168.164.236:44843, b028e2eb-b728-4e3f-8a5a-c0a0c7a83e03:192.168.164.236:45036, 832fd50e-d9ff-47f8-a960-98c66a98f86a:192.168.164.236:36951] with ContainerStateMachine:uninitialized
2019-10-14 11:47:51,705 [pool-77-thread-1] INFO  server.RaftServerConfigKeys (ConfUtils.java:logGet(43)) - raft.server.rpc.timeout.min = 1s (custom)
2019-10-14 11:47:51,705 [pool-77-thread-1] INFO  server.RaftServerConfigKeys (ConfUtils.java:logGet(43)) - raft.server.rpc.timeout.max = 1200ms (custom)
2019-10-14 11:47:51,706 [pool-77-thread-1] INFO  server.RaftServerConfigKeys (ConfUtils.java:logGet(43)) - raft.server.rpcslowness.timeout = 120s (custom)
2019-10-14 11:47:51,706 [pool-77-thread-1] INFO  server.RaftServerConfigKeys (ConfUtils.java:logGet(43)) - raft.server.sleep.deviation.threshold = 300 (default)
2019-10-14 11:47:51,706 [pool-77-thread-1] INFO  server.RaftServerConfigKeys (ConfUtils.java:logGet(43)) - raft.server.log.appender.install.snapshot.enabled = false (custom)
2019-10-14 11:47:51,706 [pool-77-thread-1] INFO  impl.RaftServerImpl (ServerState.java:<init>(103)) - b028e2eb-b728-4e3f-8a5a-c0a0c7a83e03@group-CD2A1F5DBA49: ConfigurationManager, init=-1: [13f7b347-0949-4e64-82cc-e591bbf46992:192.168.164.236:44843, b028e2eb-b728-4e3f-8a5a-c0a0c7a83e03:192.168.164.236:45036, 832fd50e-d9ff-47f8-a960-98c66a98f86a:192.168.164.236:36951], old=null, confs=<EMPTY_MAP>
2019-10-14 11:47:51,706 [pool-77-thread-1] INFO  server.RaftServerConfigKeys (ConfUtils.java:logGet(43)) - raft.server.storage.dir = [/workdir/hadoop-ozone/integration-test/target/test-dir/MiniOzoneClusterImpl-70ec8ae2-7faf-4a8c-b4a4-6e56eb0602b1/datanode-5/data/ratis] (custom)
2019-10-14 11:47:51,706 [pool-77-thread-1] INFO  server.RaftServerConfigKeys (ConfUtils.java:logGet(43)) - raft.server.log.corruption.policy = EXCEPTION (default)
2019-10-14 11:47:51,707 [pool-77-thread-1] INFO  storage.RaftStorageDirectory (RaftStorageDirectory.java:analyzeStorage(246)) - The storage directory /workdir/hadoop-ozone/integration-test/target/test-dir/MiniOzoneClusterImpl-70ec8ae2-7faf-4a8c-b4a4-6e56eb0602b1/datanode-5/data/ratis/6de80a87-848f-41a2-bc96-cd2a1f5dba49 does not exist. Creating ...
2019-10-14 11:47:51,707 [pool-57-thread-1] INFO  impl.RaftServerImpl (RaftServerImpl.java:<init>(95)) - 13f7b347-0949-4e64-82cc-e591bbf46992: new RaftServerImpl for group-CD2A1F5DBA49:[13f7b347-0949-4e64-82cc-e591bbf46992:192.168.164.236:44843, b028e2eb-b728-4e3f-8a5a-c0a0c7a83e03:192.168.164.236:45036, 832fd50e-d9ff-47f8-a960-98c66a98f86a:192.168.164.236:36951] with ContainerStateMachine:uninitialized
2019-10-14 11:47:51,707 [pool-57-thread-1] INFO  server.RaftServerConfigKeys (ConfUtils.java:logGet(43)) - raft.server.rpc.timeout.min = 1s (custom)
2019-10-14 11:47:51,707 [pool-57-thread-1] INFO  server.RaftServerConfigKeys (ConfUtils.java:logGet(43)) - raft.server.rpc.timeout.max = 1200ms (custom)
2019-10-14 11:47:51,708 [pool-57-thread-1] INFO  server.RaftServerConfigKeys (ConfUtils.java:logGet(43)) - raft.server.rpcslowness.timeout = 120s (custom)
2019-10-14 11:47:51,708 [pool-57-thread-1] INFO  server.RaftServerConfigKeys (ConfUtils.java:logGet(43)) - raft.server.sleep.deviation.threshold = 300 (default)
2019-10-14 11:47:51,708 [pool-57-thread-1] INFO  server.RaftServerConfigKeys (ConfUtils.java:logGet(43)) - raft.server.log.appender.install.snapshot.enabled = false (custom)
2019-10-14 11:47:51,708 [pool-47-thread-1] INFO  impl.RaftServerImpl (RaftServerImpl.java:<init>(95)) - 832fd50e-d9ff-47f8-a960-98c66a98f86a: new RaftServerImpl for group-0D925A8B2439:[13f7b347-0949-4e64-82cc-e591bbf46992:192.168.164.236:44843, b028e2eb-b728-4e3f-8a5a-c0a0c7a83e03:192.168.164.236:45036, 832fd50e-d9ff-47f8-a960-98c66a98f86a:192.168.164.236:36951] with ContainerStateMachine:uninitialized
2019-10-14 11:47:51,708 [pool-57-thread-1] INFO  impl.RaftServerImpl (ServerState.java:<init>(103)) - 13f7b347-0949-4e64-82cc-e591bbf46992@group-CD2A1F5DBA49: ConfigurationManager, init=-1: [13f7b347-0949-4e64-82cc-e591bbf46992:192.168.164.236:44843, b028e2eb-b728-4e3f-8a5a-c0a0c7a83e03:192.168.164.236:45036, 832fd50e-d9ff-47f8-a960-98c66a98f86a:192.168.164.236:36951], old=null, confs=<EMPTY_MAP>
2019-10-14 11:47:51,708 [pool-47-thread-1] INFO  server.RaftServerConfigKeys (ConfUtils.java:logGet(43)) - raft.server.rpc.timeout.min = 1s (custom)
2019-10-14 11:47:51,709 [pool-57-thread-1] INFO  server.RaftServerConfigKeys (ConfUtils.java:logGet(43)) - raft.server.storage.dir = [/workdir/hadoop-ozone/integration-test/target/test-dir/MiniOzoneClusterImpl-70ec8ae2-7faf-4a8c-b4a4-6e56eb0602b1/datanode-3/data/ratis] (custom)
2019-10-14 11:47:51,709 [pool-47-thread-1] INFO  server.RaftServerConfigKeys (ConfUtils.java:logGet(43)) - raft.server.rpc.timeout.max = 1200ms (custom)
2019-10-14 11:47:51,709 [pool-57-thread-1] INFO  server.RaftServerConfigKeys (ConfUtils.java:logGet(43)) - raft.server.log.corruption.policy = EXCEPTION (default)
2019-10-14 11:47:51,709 [pool-47-thread-1] INFO  server.RaftServerConfigKeys (ConfUtils.java:logGet(43)) - raft.server.rpcslowness.timeout = 120s (custom)
2019-10-14 11:47:51,710 [pool-57-thread-1] INFO  storage.RaftStorageDirectory (RaftStorageDirectory.java:analyzeStorage(246)) - The storage directory /workdir/hadoop-ozone/integration-test/target/test-dir/MiniOzoneClusterImpl-70ec8ae2-7faf-4a8c-b4a4-6e56eb0602b1/datanode-3/data/ratis/6de80a87-848f-41a2-bc96-cd2a1f5dba49 does not exist. Creating ...
2019-10-14 11:47:51,710 [pool-47-thread-1] INFO  server.RaftServerConfigKeys (ConfUtils.java:logGet(43)) - raft.server.sleep.deviation.threshold = 300 (default)
2019-10-14 11:47:51,710 [pool-47-thread-1] INFO  server.RaftServerConfigKeys (ConfUtils.java:logGet(43)) - raft.server.log.appender.install.snapshot.enabled = false (custom)
2019-10-14 11:47:51,710 [pool-47-thread-1] INFO  impl.RaftServerImpl (ServerState.java:<init>(103)) - 832fd50e-d9ff-47f8-a960-98c66a98f86a@group-0D925A8B2439: ConfigurationManager, init=-1: [13f7b347-0949-4e64-82cc-e591bbf46992:192.168.164.236:44843, b028e2eb-b728-4e3f-8a5a-c0a0c7a83e03:192.168.164.236:45036, 832fd50e-d9ff-47f8-a960-98c66a98f86a:192.168.164.236:36951], old=null, confs=<EMPTY_MAP>
2019-10-14 11:47:51,711 [pool-47-thread-1] INFO  server.RaftServerConfigKeys (ConfUtils.java:logGet(43)) - raft.server.storage.dir = [/workdir/hadoop-ozone/integration-test/target/test-dir/MiniOzoneClusterImpl-70ec8ae2-7faf-4a8c-b4a4-6e56eb0602b1/datanode-2/data/ratis] (custom)
2019-10-14 11:47:51,711 [pool-47-thread-1] INFO  server.RaftServerConfigKeys (ConfUtils.java:logGet(43)) - raft.server.log.corruption.policy = EXCEPTION (default)
2019-10-14 11:47:51,711 [pool-47-thread-1] INFO  storage.RaftStorageDirectory (RaftStorageDirectory.java:analyzeStorage(246)) - The storage directory /workdir/hadoop-ozone/integration-test/target/test-dir/MiniOzoneClusterImpl-70ec8ae2-7faf-4a8c-b4a4-6e56eb0602b1/datanode-2/data/ratis/e4e0efd9-e6d3-48b0-bb28-0d925a8b2439 does not exist. Creating ...
2019-10-14 11:47:51,726 [pool-77-thread-1] INFO  storage.RaftStorageDirectory (RaftStorageDirectory.java:tryLock(328)) - Lock on /workdir/hadoop-ozone/integration-test/target/test-dir/MiniOzoneClusterImpl-70ec8ae2-7faf-4a8c-b4a4-6e56eb0602b1/datanode-5/data/ratis/6de80a87-848f-41a2-bc96-cd2a1f5dba49/in_use.lock acquired by nodename 28760@pr-hdds-2298-bsdkb-3913594898
2019-10-14 11:47:51,726 [pool-57-thread-1] INFO  storage.RaftStorageDirectory (RaftStorageDirectory.java:tryLock(328)) - Lock on /workdir/hadoop-ozone/integration-test/target/test-dir/MiniOzoneClusterImpl-70ec8ae2-7faf-4a8c-b4a4-6e56eb0602b1/datanode-3/data/ratis/6de80a87-848f-41a2-bc96-cd2a1f5dba49/in_use.lock acquired by nodename 28760@pr-hdds-2298-bsdkb-3913594898
2019-10-14 11:47:51,726 [pool-47-thread-1] INFO  storage.RaftStorageDirectory (RaftStorageDirectory.java:tryLock(328)) - Lock on /workdir/hadoop-ozone/integration-test/target/test-dir/MiniOzoneClusterImpl-70ec8ae2-7faf-4a8c-b4a4-6e56eb0602b1/datanode-2/data/ratis/e4e0efd9-e6d3-48b0-bb28-0d925a8b2439/in_use.lock acquired by nodename 28760@pr-hdds-2298-bsdkb-3913594898
2019-10-14 11:47:51,753 [pool-47-thread-1] INFO  storage.RaftStorage (RaftStorage.java:format(84)) - Storage directory /workdir/hadoop-ozone/integration-test/target/test-dir/MiniOzoneClusterImpl-70ec8ae2-7faf-4a8c-b4a4-6e56eb0602b1/datanode-2/data/ratis/e4e0efd9-e6d3-48b0-bb28-0d925a8b2439 has been successfully formatted.
2019-10-14 11:47:51,753 [pool-77-thread-1] INFO  storage.RaftStorage (RaftStorage.java:format(84)) - Storage directory /workdir/hadoop-ozone/integration-test/target/test-dir/MiniOzoneClusterImpl-70ec8ae2-7faf-4a8c-b4a4-6e56eb0602b1/datanode-5/data/ratis/6de80a87-848f-41a2-bc96-cd2a1f5dba49 has been successfully formatted.
2019-10-14 11:47:51,754 [pool-47-thread-1] INFO  ratis.ContainerStateMachine (ContainerStateMachine.java:loadSnapshot(231)) - group-0D925A8B2439: The snapshot info is null. Setting the last applied indexto:(t:0, i:~)
2019-10-14 11:47:51,754 [pool-77-thread-1] INFO  ratis.ContainerStateMachine (ContainerStateMachine.java:loadSnapshot(231)) - group-CD2A1F5DBA49: The snapshot info is null. Setting the last applied indexto:(t:0, i:~)
2019-10-14 11:47:51,754 [pool-57-thread-1] INFO  storage.RaftStorage (RaftStorage.java:format(84)) - Storage directory /workdir/hadoop-ozone/integration-test/target/test-dir/MiniOzoneClusterImpl-70ec8ae2-7faf-4a8c-b4a4-6e56eb0602b1/datanode-3/data/ratis/6de80a87-848f-41a2-bc96-cd2a1f5dba49 has been successfully formatted.
2019-10-14 11:47:51,754 [pool-57-thread-1] INFO  ratis.ContainerStateMachine (ContainerStateMachine.java:loadSnapshot(231)) - group-CD2A1F5DBA49: The snapshot info is null. Setting the last applied indexto:(t:0, i:~)
2019-10-14 11:47:51,754 [pool-57-thread-1] INFO  server.RaftServerConfigKeys (ConfUtils.java:logGet(43)) - raft.server.notification.no-leader.timeout = 120s (custom)
2019-10-14 11:47:51,754 [pool-57-thread-1] INFO  server.RaftServerConfigKeys (ConfUtils.java:logGet(43)) - raft.server.log.use.memory = false (default)
2019-10-14 11:47:51,754 [pool-57-thread-1] INFO  server.RaftServerConfigKeys (ConfUtils.java:logGet(43)) - raft.server.log.purge.gap = 1000000 (custom)
2019-10-14 11:47:51,755 [pool-57-thread-1] INFO  server.RaftServerConfigKeys (ConfUtils.java:logGet(43)) - raft.server.log.appender.buffer.byte-limit = 33554432 (custom)
2019-10-14 11:47:51,755 [pool-57-thread-1] INFO  server.RaftServerConfigKeys (ConfUtils.java:logGet(43)) - raft.server.log.segment.size.max = 1048576 (custom)
2019-10-14 11:47:51,754 [pool-47-thread-1] INFO  server.RaftServerConfigKeys (ConfUtils.java:logGet(43)) - raft.server.notification.no-leader.timeout = 120s (custom)
2019-10-14 11:47:51,755 [pool-47-thread-1] INFO  server.RaftServerConfigKeys (ConfUtils.java:logGet(43)) - raft.server.log.use.memory = false (default)
2019-10-14 11:47:51,755 [pool-47-thread-1] INFO  server.RaftServerConfigKeys (ConfUtils.java:logGet(43)) - raft.server.log.purge.gap = 1000000 (custom)
2019-10-14 11:47:51,755 [pool-47-thread-1] INFO  server.RaftServerConfigKeys (ConfUtils.java:logGet(43)) - raft.server.log.appender.buffer.byte-limit = 33554432 (custom)
2019-10-14 11:47:51,755 [pool-57-thread-1] INFO  server.RaftServerConfigKeys (ConfUtils.java:logGet(43)) - raft.server.log.segment.cache.num.max = 2 (custom)
2019-10-14 11:47:51,754 [pool-77-thread-1] INFO  server.RaftServerConfigKeys (ConfUtils.java:logGet(43)) - raft.server.notification.no-leader.timeout = 120s (custom)
2019-10-14 11:47:51,756 [pool-57-thread-1] INFO  segmented.SegmentedRaftLogWorker (SegmentedRaftLogWorker.java:<init>(173)) - new 13f7b347-0949-4e64-82cc-e591bbf46992@group-CD2A1F5DBA49-SegmentedRaftLogWorker for RaftStorage:Storage Directory /workdir/hadoop-ozone/integration-test/target/test-dir/MiniOzoneClusterImpl-70ec8ae2-7faf-4a8c-b4a4-6e56eb0602b1/datanode-3/data/ratis/6de80a87-848f-41a2-bc96-cd2a1f5dba49
2019-10-14 11:47:51,755 [pool-47-thread-1] INFO  server.RaftServerConfigKeys (ConfUtils.java:logGet(43)) - raft.server.log.segment.size.max = 1048576 (custom)
2019-10-14 11:47:51,756 [pool-57-thread-1] INFO  server.RaftServerConfigKeys (ConfUtils.java:logGet(43)) - raft.server.log.queue.byte-limit = 2147483647 (custom)
2019-10-14 11:47:51,756 [pool-77-thread-1] INFO  server.RaftServerConfigKeys (ConfUtils.java:logGet(43)) - raft.server.log.use.memory = false (default)
2019-10-14 11:47:51,756 [pool-57-thread-1] INFO  server.RaftServerConfigKeys (ConfUtils.java:logGet(43)) - raft.server.log.queue.element-limit = 1024 (custom)
2019-10-14 11:47:51,757 [pool-77-thread-1] INFO  server.RaftServerConfigKeys (ConfUtils.java:logGet(43)) - raft.server.log.purge.gap = 1000000 (custom)
2019-10-14 11:47:51,756 [pool-47-thread-1] INFO  server.RaftServerConfigKeys (ConfUtils.java:logGet(43)) - raft.server.log.segment.cache.num.max = 2 (custom)
2019-10-14 11:47:51,757 [pool-77-thread-1] INFO  server.RaftServerConfigKeys (ConfUtils.java:logGet(43)) - raft.server.log.appender.buffer.byte-limit = 33554432 (custom)
2019-10-14 11:47:51,757 [pool-57-thread-1] INFO  server.RaftServerConfigKeys (ConfUtils.java:logGet(43)) - raft.server.log.segment.size.max = 1048576 (custom)
2019-10-14 11:47:51,757 [pool-77-thread-1] INFO  server.RaftServerConfigKeys (ConfUtils.java:logGet(43)) - raft.server.log.segment.size.max = 1048576 (custom)
2019-10-14 11:47:51,757 [pool-47-thread-1] INFO  segmented.SegmentedRaftLogWorker (SegmentedRaftLogWorker.java:<init>(173)) - new 832fd50e-d9ff-47f8-a960-98c66a98f86a@group-0D925A8B2439-SegmentedRaftLogWorker for RaftStorage:Storage Directory /workdir/hadoop-ozone/integration-test/target/test-dir/MiniOzoneClusterImpl-70ec8ae2-7faf-4a8c-b4a4-6e56eb0602b1/datanode-2/data/ratis/e4e0efd9-e6d3-48b0-bb28-0d925a8b2439
2019-10-14 11:47:51,757 [pool-77-thread-1] INFO  server.RaftServerConfigKeys (ConfUtils.java:logGet(43)) - raft.server.log.segment.cache.num.max = 2 (custom)
2019-10-14 11:47:51,757 [pool-57-thread-1] INFO  server.RaftServerConfigKeys (ConfUtils.java:logGet(43)) - raft.server.log.preallocated.size = 16384 (custom)
2019-10-14 11:47:51,758 [pool-77-thread-1] INFO  segmented.SegmentedRaftLogWorker (SegmentedRaftLogWorker.java:<init>(173)) - new b028e2eb-b728-4e3f-8a5a-c0a0c7a83e03@group-CD2A1F5DBA49-SegmentedRaftLogWorker for RaftStorage:Storage Directory /workdir/hadoop-ozone/integration-test/target/test-dir/MiniOzoneClusterImpl-70ec8ae2-7faf-4a8c-b4a4-6e56eb0602b1/datanode-5/data/ratis/6de80a87-848f-41a2-bc96-cd2a1f5dba49
2019-10-14 11:47:51,758 [pool-47-thread-1] INFO  server.RaftServerConfigKeys (ConfUtils.java:logGet(43)) - raft.server.log.queue.byte-limit = 2147483647 (custom)
2019-10-14 11:47:51,758 [pool-77-thread-1] INFO  server.RaftServerConfigKeys (ConfUtils.java:logGet(43)) - raft.server.log.queue.byte-limit = 2147483647 (custom)
2019-10-14 11:47:51,758 [pool-57-thread-1] INFO  server.RaftServerConfigKeys (ConfUtils.java:logGet(43)) - raft.server.log.write.buffer.size = 33554432 (custom)
2019-10-14 11:47:51,758 [pool-77-thread-1] INFO  server.RaftServerConfigKeys (ConfUtils.java:logGet(43)) - raft.server.log.queue.element-limit = 1024 (custom)
2019-10-14 11:47:51,758 [pool-47-thread-1] INFO  server.RaftServerConfigKeys (ConfUtils.java:logGet(43)) - raft.server.log.queue.element-limit = 1024 (custom)
2019-10-14 11:47:51,758 [pool-77-thread-1] INFO  server.RaftServerConfigKeys (ConfUtils.java:logGet(43)) - raft.server.log.segment.size.max = 1048576 (custom)
2019-10-14 11:47:51,758 [pool-57-thread-1] INFO  server.RaftServerConfigKeys (ConfUtils.java:logGet(43)) - raft.server.log.force.sync.num = 128 (default)
2019-10-14 11:47:51,759 [pool-77-thread-1] INFO  server.RaftServerConfigKeys (ConfUtils.java:logGet(43)) - raft.server.log.preallocated.size = 16384 (custom)
2019-10-14 11:47:51,759 [pool-47-thread-1] INFO  server.RaftServerConfigKeys (ConfUtils.java:logGet(43)) - raft.server.log.segment.size.max = 1048576 (custom)
2019-10-14 11:47:51,759 [pool-77-thread-1] INFO  server.RaftServerConfigKeys (ConfUtils.java:logGet(43)) - raft.server.log.write.buffer.size = 33554432 (custom)
2019-10-14 11:47:51,759 [pool-57-thread-1] INFO  server.RaftServerConfigKeys (ConfUtils.java:logGet(43)) - raft.server.log.statemachine.data.sync = true (default)
2019-10-14 11:47:51,759 [pool-77-thread-1] INFO  server.RaftServerConfigKeys (ConfUtils.java:logGet(43)) - raft.server.log.force.sync.num = 128 (default)
2019-10-14 11:47:51,759 [pool-47-thread-1] INFO  server.RaftServerConfigKeys (ConfUtils.java:logGet(43)) - raft.server.log.preallocated.size = 16384 (custom)
2019-10-14 11:47:51,760 [pool-77-thread-1] INFO  server.RaftServerConfigKeys (ConfUtils.java:logGet(43)) - raft.server.log.statemachine.data.sync = true (default)
2019-10-14 11:47:51,759 [pool-57-thread-1] INFO  server.RaftServerConfigKeys (ConfUtils.java:logGet(43)) - raft.server.log.statemachine.data.sync.timeout = 10s (default)
2019-10-14 11:47:51,760 [pool-77-thread-1] INFO  server.RaftServerConfigKeys (ConfUtils.java:logGet(43)) - raft.server.log.statemachine.data.sync.timeout = 10s (default)
2019-10-14 11:47:51,760 [pool-47-thread-1] INFO  server.RaftServerConfigKeys (ConfUtils.java:logGet(43)) - raft.server.log.write.buffer.size = 33554432 (custom)
2019-10-14 11:47:51,760 [pool-77-thread-1] INFO  server.RaftServerConfigKeys (ConfUtils.java:logGet(43)) - raft.server.log.statemachine.data.sync.timeout.retry = -1 (default)
2019-10-14 11:47:51,760 [pool-57-thread-1] INFO  server.RaftServerConfigKeys (ConfUtils.java:logGet(43)) - raft.server.log.statemachine.data.sync.timeout.retry = -1 (default)
2019-10-14 11:47:51,760 [pool-77-thread-1] INFO  server.RaftServerConfigKeys (ConfUtils.java:logGet(43)) - raft.server.log.statemachine.data.caching.enabled = true (custom)
2019-10-14 11:47:51,761 [pool-57-thread-1] INFO  server.RaftServerConfigKeys (ConfUtils.java:logGet(43)) - raft.server.log.statemachine.data.caching.enabled = true (custom)
2019-10-14 11:47:51,761 [pool-57-thread-1] INFO  segmented.SegmentedRaftLogWorker (SegmentedRaftLogWorker.java:lambda$new$0(128)) - 13f7b347-0949-4e64-82cc-e591bbf46992@group-CD2A1F5DBA49-SegmentedRaftLogWorker: flushIndex: setUnconditionally 0 -> -1
2019-10-14 11:47:51,760 [pool-47-thread-1] INFO  server.RaftServerConfigKeys (ConfUtils.java:logGet(43)) - raft.server.log.force.sync.num = 128 (default)
2019-10-14 11:47:51,761 [pool-77-thread-1] INFO  segmented.SegmentedRaftLogWorker (SegmentedRaftLogWorker.java:lambda$new$0(128)) - b028e2eb-b728-4e3f-8a5a-c0a0c7a83e03@group-CD2A1F5DBA49-SegmentedRaftLogWorker: flushIndex: setUnconditionally 0 -> -1
2019-10-14 11:47:51,761 [pool-57-thread-1] INFO  server.RaftServerConfigKeys (ConfUtils.java:logGet(43)) - raft.server.snapshot.auto.trigger.enabled = true (custom)
2019-10-14 11:47:51,762 [pool-57-thread-1] INFO  server.RaftServerConfigKeys (ConfUtils.java:logGet(43)) - raft.server.snapshot.auto.trigger.threshold = 10000 (custom)
2019-10-14 11:47:51,762 [pool-57-thread-1] INFO  server.RaftServerConfigKeys (ConfUtils.java:logGet(43)) - raft.server.snapshot.retention.file.num = 5 (custom)
2019-10-14 11:47:51,762 [pool-57-thread-1] INFO  server.RaftServerConfigKeys (ConfUtils.java:logGet(43)) - raft.server.retrycache.expirytime = 600000ms (custom)
2019-10-14 11:47:51,761 [pool-47-thread-1] INFO  server.RaftServerConfigKeys (ConfUtils.java:logGet(43)) - raft.server.log.statemachine.data.sync = true (default)
2019-10-14 11:47:51,763 [pool-47-thread-1] INFO  server.RaftServerConfigKeys (ConfUtils.java:logGet(43)) - raft.server.log.statemachine.data.sync.timeout = 10s (default)
2019-10-14 11:47:51,763 [pool-47-thread-1] INFO  server.RaftServerConfigKeys (ConfUtils.java:logGet(43)) - raft.server.log.statemachine.data.sync.timeout.retry = -1 (default)
2019-10-14 11:47:51,764 [pool-47-thread-1] INFO  server.RaftServerConfigKeys (ConfUtils.java:logGet(43)) - raft.server.log.statemachine.data.caching.enabled = true (custom)
2019-10-14 11:47:51,764 [pool-47-thread-1] INFO  segmented.SegmentedRaftLogWorker (SegmentedRaftLogWorker.java:lambda$new$0(128)) - 832fd50e-d9ff-47f8-a960-98c66a98f86a@group-0D925A8B2439-SegmentedRaftLogWorker: flushIndex: setUnconditionally 0 -> -1
2019-10-14 11:47:51,762 [pool-77-thread-1] INFO  server.RaftServerConfigKeys (ConfUtils.java:logGet(43)) - raft.server.snapshot.auto.trigger.enabled = true (custom)
2019-10-14 11:47:51,765 [pool-77-thread-1] INFO  server.RaftServerConfigKeys (ConfUtils.java:logGet(43)) - raft.server.snapshot.auto.trigger.threshold = 10000 (custom)
2019-10-14 11:47:51,765 [pool-77-thread-1] INFO  server.RaftServerConfigKeys (ConfUtils.java:logGet(43)) - raft.server.snapshot.retention.file.num = 5 (custom)
2019-10-14 11:47:51,765 [pool-77-thread-1] INFO  server.RaftServerConfigKeys (ConfUtils.java:logGet(43)) - raft.server.retrycache.expirytime = 600000ms (custom)
2019-10-14 11:47:51,765 [pool-47-thread-1] INFO  server.RaftServerConfigKeys (ConfUtils.java:logGet(43)) - raft.server.snapshot.auto.trigger.enabled = true (custom)
2019-10-14 11:47:51,765 [pool-47-thread-1] INFO  server.RaftServerConfigKeys (ConfUtils.java:logGet(43)) - raft.server.snapshot.auto.trigger.threshold = 10000 (custom)
2019-10-14 11:47:51,766 [pool-47-thread-1] INFO  server.RaftServerConfigKeys (ConfUtils.java:logGet(43)) - raft.server.snapshot.retention.file.num = 5 (custom)
2019-10-14 11:47:51,766 [pool-47-thread-1] INFO  server.RaftServerConfigKeys (ConfUtils.java:logGet(43)) - raft.server.retrycache.expirytime = 600000ms (custom)
2019-10-14 11:47:51,767 [pool-57-thread-1] INFO  impl.RaftServerImpl (RaftServerImpl.java:start(181)) - 13f7b347-0949-4e64-82cc-e591bbf46992@group-E4E74E988DEB: start as a follower, conf=-1: [13f7b347-0949-4e64-82cc-e591bbf46992:192.168.164.236:44843, b028e2eb-b728-4e3f-8a5a-c0a0c7a83e03:192.168.164.236:45036, 832fd50e-d9ff-47f8-a960-98c66a98f86a:192.168.164.236:36951], old=null
2019-10-14 11:47:51,767 [pool-57-thread-1] INFO  impl.RaftServerImpl (RaftServerImpl.java:setRole(170)) - 13f7b347-0949-4e64-82cc-e591bbf46992@group-E4E74E988DEB: changes role from      null to FOLLOWER at term 0 for startAsFollower
2019-10-14 11:47:51,767 [pool-57-thread-1] INFO  impl.RoleInfo (RoleInfo.java:updateAndGet(143)) - 13f7b347-0949-4e64-82cc-e591bbf46992: start FollowerState
2019-10-14 11:47:51,774 [pool-57-thread-1] INFO  util.JmxRegister (JmxRegister.java:tryRegister(44)) - Successfully registered JMX Bean with object name Ratis:service=RaftServer,group=group-E4E74E988DEB,id=13f7b347-0949-4e64-82cc-e591bbf46992
2019-10-14 11:47:51,780 [pool-77-thread-1] INFO  impl.RaftServerImpl (RaftServerImpl.java:start(181)) - b028e2eb-b728-4e3f-8a5a-c0a0c7a83e03@group-E4E74E988DEB: start as a follower, conf=-1: [13f7b347-0949-4e64-82cc-e591bbf46992:192.168.164.236:44843, b028e2eb-b728-4e3f-8a5a-c0a0c7a83e03:192.168.164.236:45036, 832fd50e-d9ff-47f8-a960-98c66a98f86a:192.168.164.236:36951], old=null
2019-10-14 11:47:51,780 [pool-77-thread-1] INFO  impl.RaftServerImpl (RaftServerImpl.java:setRole(170)) - b028e2eb-b728-4e3f-8a5a-c0a0c7a83e03@group-E4E74E988DEB: changes role from      null to FOLLOWER at term 0 for startAsFollower
2019-10-14 11:47:51,780 [pool-77-thread-1] INFO  impl.RoleInfo (RoleInfo.java:updateAndGet(143)) - b028e2eb-b728-4e3f-8a5a-c0a0c7a83e03: start FollowerState
2019-10-14 11:47:51,781 [pool-77-thread-1] INFO  util.JmxRegister (JmxRegister.java:tryRegister(44)) - Successfully registered JMX Bean with object name Ratis:service=RaftServer,group=group-E4E74E988DEB,id=b028e2eb-b728-4e3f-8a5a-c0a0c7a83e03
2019-10-14 11:47:51,782 [pool-47-thread-1] INFO  impl.RaftServerImpl (RaftServerImpl.java:<init>(95)) - 832fd50e-d9ff-47f8-a960-98c66a98f86a: new RaftServerImpl for group-CD2A1F5DBA49:[13f7b347-0949-4e64-82cc-e591bbf46992:192.168.164.236:44843, b028e2eb-b728-4e3f-8a5a-c0a0c7a83e03:192.168.164.236:45036, 832fd50e-d9ff-47f8-a960-98c66a98f86a:192.168.164.236:36951] with ContainerStateMachine:uninitialized
2019-10-14 11:47:51,783 [pool-47-thread-1] INFO  server.RaftServerConfigKeys (ConfUtils.java:logGet(43)) - raft.server.rpc.timeout.min = 1s (custom)
2019-10-14 11:47:51,783 [pool-47-thread-1] INFO  server.RaftServerConfigKeys (ConfUtils.java:logGet(43)) - raft.server.rpc.timeout.max = 1200ms (custom)
2019-10-14 11:47:51,783 [pool-47-thread-1] INFO  server.RaftServerConfigKeys (ConfUtils.java:logGet(43)) - raft.server.rpcslowness.timeout = 120s (custom)
2019-10-14 11:47:51,783 [pool-47-thread-1] INFO  server.RaftServerConfigKeys (ConfUtils.java:logGet(43)) - raft.server.sleep.deviation.threshold = 300 (default)
2019-10-14 11:47:51,783 [pool-57-thread-1] INFO  impl.RaftServerImpl (RaftServerImpl.java:start(181)) - 13f7b347-0949-4e64-82cc-e591bbf46992@group-0D925A8B2439: start as a follower, conf=-1: [13f7b347-0949-4e64-82cc-e591bbf46992:192.168.164.236:44843, b028e2eb-b728-4e3f-8a5a-c0a0c7a83e03:192.168.164.236:45036, 832fd50e-d9ff-47f8-a960-98c66a98f86a:192.168.164.236:36951], old=null
2019-10-14 11:47:51,783 [pool-47-thread-1] INFO  server.RaftServerConfigKeys (ConfUtils.java:logGet(43)) - raft.server.log.appender.install.snapshot.enabled = false (custom)
2019-10-14 11:47:51,783 [pool-57-thread-1] INFO  impl.RaftServerImpl (RaftServerImpl.java:setRole(170)) - 13f7b347-0949-4e64-82cc-e591bbf46992@group-0D925A8B2439: changes role from      null to FOLLOWER at term 0 for startAsFollower
2019-10-14 11:47:51,783 [pool-47-thread-1] INFO  impl.RaftServerImpl (ServerState.java:<init>(103)) - 832fd50e-d9ff-47f8-a960-98c66a98f86a@group-CD2A1F5DBA49: ConfigurationManager, init=-1: [13f7b347-0949-4e64-82cc-e591bbf46992:192.168.164.236:44843, b028e2eb-b728-4e3f-8a5a-c0a0c7a83e03:192.168.164.236:45036, 832fd50e-d9ff-47f8-a960-98c66a98f86a:192.168.164.236:36951], old=null, confs=<EMPTY_MAP>
2019-10-14 11:47:51,783 [pool-57-thread-1] INFO  impl.RoleInfo (RoleInfo.java:updateAndGet(143)) - 13f7b347-0949-4e64-82cc-e591bbf46992: start FollowerState
2019-10-14 11:47:51,784 [pool-47-thread-1] INFO  server.RaftServerConfigKeys (ConfUtils.java:logGet(43)) - raft.server.storage.dir = [/workdir/hadoop-ozone/integration-test/target/test-dir/MiniOzoneClusterImpl-70ec8ae2-7faf-4a8c-b4a4-6e56eb0602b1/datanode-2/data/ratis] (custom)
2019-10-14 11:47:51,784 [pool-47-thread-1] INFO  server.RaftServerConfigKeys (ConfUtils.java:logGet(43)) - raft.server.log.corruption.policy = EXCEPTION (default)
2019-10-14 11:47:51,784 [pool-57-thread-1] INFO  util.JmxRegister (JmxRegister.java:tryRegister(44)) - Successfully registered JMX Bean with object name Ratis:service=RaftServer,group=group-0D925A8B2439,id=13f7b347-0949-4e64-82cc-e591bbf46992
2019-10-14 11:47:51,784 [pool-77-thread-1] INFO  impl.RaftServerImpl (RaftServerImpl.java:start(181)) - b028e2eb-b728-4e3f-8a5a-c0a0c7a83e03@group-0D925A8B2439: start as a follower, conf=-1: [13f7b347-0949-4e64-82cc-e591bbf46992:192.168.164.236:44843, b028e2eb-b728-4e3f-8a5a-c0a0c7a83e03:192.168.164.236:45036, 832fd50e-d9ff-47f8-a960-98c66a98f86a:192.168.164.236:36951], old=null
2019-10-14 11:47:51,784 [pool-47-thread-1] INFO  storage.RaftStorageDirectory (RaftStorageDirectory.java:analyzeStorage(246)) - The storage directory /workdir/hadoop-ozone/integration-test/target/test-dir/MiniOzoneClusterImpl-70ec8ae2-7faf-4a8c-b4a4-6e56eb0602b1/datanode-2/data/ratis/6de80a87-848f-41a2-bc96-cd2a1f5dba49 does not exist. Creating ...
2019-10-14 11:47:51,784 [pool-77-thread-1] INFO  impl.RaftServerImpl (RaftServerImpl.java:setRole(170)) - b028e2eb-b728-4e3f-8a5a-c0a0c7a83e03@group-0D925A8B2439: changes role from      null to FOLLOWER at term 0 for startAsFollower
2019-10-14 11:47:51,784 [pool-77-thread-1] INFO  impl.RoleInfo (RoleInfo.java:updateAndGet(143)) - b028e2eb-b728-4e3f-8a5a-c0a0c7a83e03: start FollowerState
2019-10-14 11:47:51,785 [pool-77-thread-1] INFO  util.JmxRegister (JmxRegister.java:tryRegister(44)) - Successfully registered JMX Bean with object name Ratis:service=RaftServer,group=group-0D925A8B2439,id=b028e2eb-b728-4e3f-8a5a-c0a0c7a83e03
2019-10-14 11:47:51,787 [pool-57-thread-1] INFO  impl.RaftServerImpl (RaftServerImpl.java:start(181)) - 13f7b347-0949-4e64-82cc-e591bbf46992@group-CD2A1F5DBA49: start as a follower, conf=-1: [13f7b347-0949-4e64-82cc-e591bbf46992:192.168.164.236:44843, b028e2eb-b728-4e3f-8a5a-c0a0c7a83e03:192.168.164.236:45036, 832fd50e-d9ff-47f8-a960-98c66a98f86a:192.168.164.236:36951], old=null
2019-10-14 11:47:51,788 [pool-57-thread-1] INFO  impl.RaftServerImpl (RaftServerImpl.java:setRole(170)) - 13f7b347-0949-4e64-82cc-e591bbf46992@group-CD2A1F5DBA49: changes role from      null to FOLLOWER at term 0 for startAsFollower
2019-10-14 11:47:51,788 [pool-57-thread-1] INFO  impl.RoleInfo (RoleInfo.java:updateAndGet(143)) - 13f7b347-0949-4e64-82cc-e591bbf46992: start FollowerState
2019-10-14 11:47:51,788 [pool-77-thread-1] INFO  impl.RaftServerImpl (RaftServerImpl.java:start(181)) - b028e2eb-b728-4e3f-8a5a-c0a0c7a83e03@group-CD2A1F5DBA49: start as a follower, conf=-1: [13f7b347-0949-4e64-82cc-e591bbf46992:192.168.164.236:44843, b028e2eb-b728-4e3f-8a5a-c0a0c7a83e03:192.168.164.236:45036, 832fd50e-d9ff-47f8-a960-98c66a98f86a:192.168.164.236:36951], old=null
2019-10-14 11:47:51,788 [pool-77-thread-1] INFO  impl.RaftServerImpl (RaftServerImpl.java:setRole(170)) - b028e2eb-b728-4e3f-8a5a-c0a0c7a83e03@group-CD2A1F5DBA49: changes role from      null to FOLLOWER at term 0 for startAsFollower
2019-10-14 11:47:51,788 [pool-57-thread-1] INFO  util.JmxRegister (JmxRegister.java:tryRegister(44)) - Successfully registered JMX Bean with object name Ratis:service=RaftServer,group=group-CD2A1F5DBA49,id=13f7b347-0949-4e64-82cc-e591bbf46992
2019-10-14 11:47:51,788 [pool-77-thread-1] INFO  impl.RoleInfo (RoleInfo.java:updateAndGet(143)) - b028e2eb-b728-4e3f-8a5a-c0a0c7a83e03: start FollowerState
2019-10-14 11:47:51,789 [pool-77-thread-1] INFO  util.JmxRegister (JmxRegister.java:tryRegister(44)) - Successfully registered JMX Bean with object name Ratis:service=RaftServer,group=group-CD2A1F5DBA49,id=b028e2eb-b728-4e3f-8a5a-c0a0c7a83e03
2019-10-14 11:47:51,797 [pool-47-thread-1] INFO  storage.RaftStorageDirectory (RaftStorageDirectory.java:tryLock(328)) - Lock on /workdir/hadoop-ozone/integration-test/target/test-dir/MiniOzoneClusterImpl-70ec8ae2-7faf-4a8c-b4a4-6e56eb0602b1/datanode-2/data/ratis/6de80a87-848f-41a2-bc96-cd2a1f5dba49/in_use.lock acquired by nodename 28760@pr-hdds-2298-bsdkb-3913594898
2019-10-14 11:47:51,822 [pool-47-thread-1] INFO  storage.RaftStorage (RaftStorage.java:format(84)) - Storage directory /workdir/hadoop-ozone/integration-test/target/test-dir/MiniOzoneClusterImpl-70ec8ae2-7faf-4a8c-b4a4-6e56eb0602b1/datanode-2/data/ratis/6de80a87-848f-41a2-bc96-cd2a1f5dba49 has been successfully formatted.
2019-10-14 11:47:51,823 [pool-47-thread-1] INFO  ratis.ContainerStateMachine (ContainerStateMachine.java:loadSnapshot(231)) - group-CD2A1F5DBA49: The snapshot info is null. Setting the last applied indexto:(t:0, i:~)
2019-10-14 11:47:51,823 [pool-47-thread-1] INFO  server.RaftServerConfigKeys (ConfUtils.java:logGet(43)) - raft.server.notification.no-leader.timeout = 120s (custom)
2019-10-14 11:47:51,823 [pool-47-thread-1] INFO  server.RaftServerConfigKeys (ConfUtils.java:logGet(43)) - raft.server.log.use.memory = false (default)
2019-10-14 11:47:51,824 [pool-47-thread-1] INFO  server.RaftServerConfigKeys (ConfUtils.java:logGet(43)) - raft.server.log.purge.gap = 1000000 (custom)
2019-10-14 11:47:51,824 [pool-47-thread-1] INFO  server.RaftServerConfigKeys (ConfUtils.java:logGet(43)) - raft.server.log.appender.buffer.byte-limit = 33554432 (custom)
2019-10-14 11:47:51,824 [pool-47-thread-1] INFO  server.RaftServerConfigKeys (ConfUtils.java:logGet(43)) - raft.server.log.segment.size.max = 1048576 (custom)
2019-10-14 11:47:51,824 [pool-47-thread-1] INFO  server.RaftServerConfigKeys (ConfUtils.java:logGet(43)) - raft.server.log.segment.cache.num.max = 2 (custom)
2019-10-14 11:47:51,824 [pool-47-thread-1] INFO  segmented.SegmentedRaftLogWorker (SegmentedRaftLogWorker.java:<init>(173)) - new 832fd50e-d9ff-47f8-a960-98c66a98f86a@group-CD2A1F5DBA49-SegmentedRaftLogWorker for RaftStorage:Storage Directory /workdir/hadoop-ozone/integration-test/target/test-dir/MiniOzoneClusterImpl-70ec8ae2-7faf-4a8c-b4a4-6e56eb0602b1/datanode-2/data/ratis/6de80a87-848f-41a2-bc96-cd2a1f5dba49
2019-10-14 11:47:51,825 [pool-47-thread-1] INFO  server.RaftServerConfigKeys (ConfUtils.java:logGet(43)) - raft.server.log.queue.byte-limit = 2147483647 (custom)
2019-10-14 11:47:51,825 [pool-47-thread-1] INFO  server.RaftServerConfigKeys (ConfUtils.java:logGet(43)) - raft.server.log.queue.element-limit = 1024 (custom)
2019-10-14 11:47:51,825 [pool-47-thread-1] INFO  server.RaftServerConfigKeys (ConfUtils.java:logGet(43)) - raft.server.log.segment.size.max = 1048576 (custom)
2019-10-14 11:47:51,825 [pool-47-thread-1] INFO  server.RaftServerConfigKeys (ConfUtils.java:logGet(43)) - raft.server.log.preallocated.size = 16384 (custom)
2019-10-14 11:47:51,825 [pool-47-thread-1] INFO  server.RaftServerConfigKeys (ConfUtils.java:logGet(43)) - raft.server.log.write.buffer.size = 33554432 (custom)
2019-10-14 11:47:51,825 [pool-47-thread-1] INFO  server.RaftServerConfigKeys (ConfUtils.java:logGet(43)) - raft.server.log.force.sync.num = 128 (default)
2019-10-14 11:47:51,825 [pool-47-thread-1] INFO  server.RaftServerConfigKeys (ConfUtils.java:logGet(43)) - raft.server.log.statemachine.data.sync = true (default)
2019-10-14 11:47:51,826 [pool-47-thread-1] INFO  server.RaftServerConfigKeys (ConfUtils.java:logGet(43)) - raft.server.log.statemachine.data.sync.timeout = 10s (default)
2019-10-14 11:47:51,826 [pool-47-thread-1] INFO  server.RaftServerConfigKeys (ConfUtils.java:logGet(43)) - raft.server.log.statemachine.data.sync.timeout.retry = -1 (default)
2019-10-14 11:47:51,826 [pool-47-thread-1] INFO  server.RaftServerConfigKeys (ConfUtils.java:logGet(43)) - raft.server.log.statemachine.data.caching.enabled = true (custom)
2019-10-14 11:47:51,826 [pool-47-thread-1] INFO  segmented.SegmentedRaftLogWorker (SegmentedRaftLogWorker.java:lambda$new$0(128)) - 832fd50e-d9ff-47f8-a960-98c66a98f86a@group-CD2A1F5DBA49-SegmentedRaftLogWorker: flushIndex: setUnconditionally 0 -> -1
2019-10-14 11:47:51,826 [pool-47-thread-1] INFO  server.RaftServerConfigKeys (ConfUtils.java:logGet(43)) - raft.server.snapshot.auto.trigger.enabled = true (custom)
2019-10-14 11:47:51,827 [pool-47-thread-1] INFO  server.RaftServerConfigKeys (ConfUtils.java:logGet(43)) - raft.server.snapshot.auto.trigger.threshold = 10000 (custom)
2019-10-14 11:47:51,827 [pool-47-thread-1] INFO  server.RaftServerConfigKeys (ConfUtils.java:logGet(43)) - raft.server.snapshot.retention.file.num = 5 (custom)
2019-10-14 11:47:51,827 [pool-47-thread-1] INFO  server.RaftServerConfigKeys (ConfUtils.java:logGet(43)) - raft.server.retrycache.expirytime = 600000ms (custom)
2019-10-14 11:47:51,830 [pool-47-thread-1] INFO  impl.RaftServerImpl (RaftServerImpl.java:start(181)) - 832fd50e-d9ff-47f8-a960-98c66a98f86a@group-E4E74E988DEB: start as a follower, conf=-1: [13f7b347-0949-4e64-82cc-e591bbf46992:192.168.164.236:44843, b028e2eb-b728-4e3f-8a5a-c0a0c7a83e03:192.168.164.236:45036, 832fd50e-d9ff-47f8-a960-98c66a98f86a:192.168.164.236:36951], old=null
2019-10-14 11:47:51,830 [pool-47-thread-1] INFO  impl.RaftServerImpl (RaftServerImpl.java:setRole(170)) - 832fd50e-d9ff-47f8-a960-98c66a98f86a@group-E4E74E988DEB: changes role from      null to FOLLOWER at term 0 for startAsFollower
2019-10-14 11:47:51,830 [pool-47-thread-1] INFO  impl.RoleInfo (RoleInfo.java:updateAndGet(143)) - 832fd50e-d9ff-47f8-a960-98c66a98f86a: start FollowerState
2019-10-14 11:47:51,830 [pool-47-thread-1] INFO  util.JmxRegister (JmxRegister.java:tryRegister(44)) - Successfully registered JMX Bean with object name Ratis:service=RaftServer,group=group-E4E74E988DEB,id=832fd50e-d9ff-47f8-a960-98c66a98f86a
2019-10-14 11:47:51,833 [pool-47-thread-1] INFO  impl.RaftServerImpl (RaftServerImpl.java:start(181)) - 832fd50e-d9ff-47f8-a960-98c66a98f86a@group-9C67A16ECE8A: start as a follower, conf=-1: [832fd50e-d9ff-47f8-a960-98c66a98f86a:192.168.164.236:36951], old=null
2019-10-14 11:47:51,833 [pool-47-thread-1] INFO  impl.RaftServerImpl (RaftServerImpl.java:setRole(170)) - 832fd50e-d9ff-47f8-a960-98c66a98f86a@group-9C67A16ECE8A: changes role from      null to FOLLOWER at term 0 for startAsFollower
2019-10-14 11:47:51,833 [pool-47-thread-1] INFO  impl.RoleInfo (RoleInfo.java:updateAndGet(143)) - 832fd50e-d9ff-47f8-a960-98c66a98f86a: start FollowerState
2019-10-14 11:47:51,834 [pool-47-thread-1] INFO  util.JmxRegister (JmxRegister.java:tryRegister(44)) - Successfully registered JMX Bean with object name Ratis:service=RaftServer,group=group-9C67A16ECE8A,id=832fd50e-d9ff-47f8-a960-98c66a98f86a
2019-10-14 11:47:51,838 [pool-47-thread-1] INFO  impl.RaftServerImpl (RaftServerImpl.java:start(181)) - 832fd50e-d9ff-47f8-a960-98c66a98f86a@group-0D925A8B2439: start as a follower, conf=-1: [13f7b347-0949-4e64-82cc-e591bbf46992:192.168.164.236:44843, b028e2eb-b728-4e3f-8a5a-c0a0c7a83e03:192.168.164.236:45036, 832fd50e-d9ff-47f8-a960-98c66a98f86a:192.168.164.236:36951], old=null
2019-10-14 11:47:51,838 [pool-47-thread-1] INFO  impl.RaftServerImpl (RaftServerImpl.java:setRole(170)) - 832fd50e-d9ff-47f8-a960-98c66a98f86a@group-0D925A8B2439: changes role from      null to FOLLOWER at term 0 for startAsFollower
2019-10-14 11:47:51,838 [pool-47-thread-1] INFO  impl.RoleInfo (RoleInfo.java:updateAndGet(143)) - 832fd50e-d9ff-47f8-a960-98c66a98f86a: start FollowerState
2019-10-14 11:47:51,838 [pool-47-thread-1] INFO  util.JmxRegister (JmxRegister.java:tryRegister(44)) - Successfully registered JMX Bean with object name Ratis:service=RaftServer,group=group-0D925A8B2439,id=832fd50e-d9ff-47f8-a960-98c66a98f86a
2019-10-14 11:47:51,841 [pool-47-thread-1] INFO  impl.RaftServerImpl (RaftServerImpl.java:start(181)) - 832fd50e-d9ff-47f8-a960-98c66a98f86a@group-CD2A1F5DBA49: start as a follower, conf=-1: [13f7b347-0949-4e64-82cc-e591bbf46992:192.168.164.236:44843, b028e2eb-b728-4e3f-8a5a-c0a0c7a83e03:192.168.164.236:45036, 832fd50e-d9ff-47f8-a960-98c66a98f86a:192.168.164.236:36951], old=null
2019-10-14 11:47:51,841 [pool-47-thread-1] INFO  impl.RaftServerImpl (RaftServerImpl.java:setRole(170)) - 832fd50e-d9ff-47f8-a960-98c66a98f86a@group-CD2A1F5DBA49: changes role from      null to FOLLOWER at term 0 for startAsFollower
2019-10-14 11:47:51,842 [pool-47-thread-1] INFO  impl.RoleInfo (RoleInfo.java:updateAndGet(143)) - 832fd50e-d9ff-47f8-a960-98c66a98f86a: start FollowerState
2019-10-14 11:47:51,842 [pool-47-thread-1] INFO  util.JmxRegister (JmxRegister.java:tryRegister(44)) - Successfully registered JMX Bean with object name Ratis:service=RaftServer,group=group-CD2A1F5DBA49,id=832fd50e-d9ff-47f8-a960-98c66a98f86a
2019-10-14 11:47:52,056 [Thread-293] INFO  impl.FollowerState (FollowerState.java:run(108)) - 5bc8b8fa-272e-4092-acf1-f109be7f6495@group-5E5A9C99043A-FollowerState: change to CANDIDATE, lastRpcTime:1111ms, electionTimeout:1110ms
2019-10-14 11:47:52,058 [Thread-293] INFO  impl.RoleInfo (RoleInfo.java:shutdownFollowerState(121)) - 5bc8b8fa-272e-4092-acf1-f109be7f6495: shutdown FollowerState
2019-10-14 11:47:52,058 [Thread-293] INFO  impl.RaftServerImpl (RaftServerImpl.java:setRole(170)) - 5bc8b8fa-272e-4092-acf1-f109be7f6495@group-5E5A9C99043A: changes role from  FOLLOWER to CANDIDATE at term 0 for changeToCandidate
2019-10-14 11:47:52,060 [Thread-293] INFO  impl.RoleInfo (RoleInfo.java:updateAndGet(143)) - 5bc8b8fa-272e-4092-acf1-f109be7f6495: start LeaderElection
2019-10-14 11:47:52,079 [5bc8b8fa-272e-4092-acf1-f109be7f6495@group-5E5A9C99043A-LeaderElection1] INFO  impl.LeaderElection (LeaderElection.java:askForVotes(178)) - 5bc8b8fa-272e-4092-acf1-f109be7f6495@group-5E5A9C99043A-LeaderElection1: begin an election at term 1 for -1: [5bc8b8fa-272e-4092-acf1-f109be7f6495:192.168.164.236:34279], old=null
2019-10-14 11:47:52,081 [5bc8b8fa-272e-4092-acf1-f109be7f6495@group-5E5A9C99043A-LeaderElection1] INFO  impl.RoleInfo (RoleInfo.java:shutdownLeaderElection(134)) - 5bc8b8fa-272e-4092-acf1-f109be7f6495: shutdown LeaderElection
2019-10-14 11:47:52,081 [5bc8b8fa-272e-4092-acf1-f109be7f6495@group-5E5A9C99043A-LeaderElection1] INFO  impl.RaftServerImpl (RaftServerImpl.java:setRole(170)) - 5bc8b8fa-272e-4092-acf1-f109be7f6495@group-5E5A9C99043A: changes role from CANDIDATE to LEADER at term 1 for changeToLeader
2019-10-14 11:47:52,081 [5bc8b8fa-272e-4092-acf1-f109be7f6495@group-5E5A9C99043A-LeaderElection1] INFO  impl.RaftServerImpl (ServerState.java:setLeader(255)) - 5bc8b8fa-272e-4092-acf1-f109be7f6495@group-5E5A9C99043A: change Leader from null to 5bc8b8fa-272e-4092-acf1-f109be7f6495 at term 1 for becomeLeader, leader elected after 1609ms
2019-10-14 11:47:52,088 [5bc8b8fa-272e-4092-acf1-f109be7f6495@group-5E5A9C99043A-LeaderElection1] INFO  server.RaftServerConfigKeys (ConfUtils.java:logGet(43)) - raft.server.staging.catchup.gap = 1000 (default)
2019-10-14 11:47:52,088 [5bc8b8fa-272e-4092-acf1-f109be7f6495@group-5E5A9C99043A-LeaderElection1] INFO  server.RaftServerConfigKeys (ConfUtils.java:logGet(43)) - raft.server.rpc.sleep.time = 25ms (default)
2019-10-14 11:47:52,092 [5bc8b8fa-272e-4092-acf1-f109be7f6495@group-5E5A9C99043A-LeaderElection1] INFO  server.RaftServerConfigKeys (ConfUtils.java:logGet(43)) - raft.server.write.element-limit = 4096 (default)
2019-10-14 11:47:52,095 [5bc8b8fa-272e-4092-acf1-f109be7f6495@group-5E5A9C99043A-LeaderElection1] INFO  server.RaftServerConfigKeys (ConfUtils.java:logGet(43)) - raft.server.watch.timeout = 10s (default)
2019-10-14 11:47:52,095 [5bc8b8fa-272e-4092-acf1-f109be7f6495@group-5E5A9C99043A-LeaderElection1] INFO  server.RaftServerConfigKeys (ConfUtils.java:logGet(43)) - raft.server.watch.timeout.denomination = 1s (default)
2019-10-14 11:47:52,096 [5bc8b8fa-272e-4092-acf1-f109be7f6495@group-5E5A9C99043A-LeaderElection1] INFO  server.RaftServerConfigKeys (ConfUtils.java:logGet(43)) - raft.server.watch.element-limit = 65536 (default)
2019-10-14 11:47:52,106 [5bc8b8fa-272e-4092-acf1-f109be7f6495@group-5E5A9C99043A-LeaderElection1] INFO  impl.RoleInfo (RoleInfo.java:updateAndGet(143)) - 5bc8b8fa-272e-4092-acf1-f109be7f6495: start LeaderState
2019-10-14 11:47:52,119 [Datanode State Machine Thread - 0] INFO  statemachine.DatanodeStateMachine (DatanodeStateMachine.java:lambda$startDaemon$0(350)) - Ozone container server started.
2019-10-14 11:47:52,128 [5bc8b8fa-272e-4092-acf1-f109be7f6495@group-5E5A9C99043A-LeaderElection1] INFO  segmented.SegmentedRaftLogWorker (SegmentedRaftLogWorker.java:startLogSegment(385)) - 5bc8b8fa-272e-4092-acf1-f109be7f6495@group-5E5A9C99043A-SegmentedRaftLogWorker: Starting segment from index:0
2019-10-14 11:47:52,137 [5bc8b8fa-272e-4092-acf1-f109be7f6495@group-5E5A9C99043A-LeaderElection1] INFO  impl.RaftServerImpl (ServerState.java:setRaftConf(356)) - 5bc8b8fa-272e-4092-acf1-f109be7f6495@group-5E5A9C99043A: set configuration 0: [5bc8b8fa-272e-4092-acf1-f109be7f6495:192.168.164.236:34279], old=null at 0
2019-10-14 11:47:52,379 [5bc8b8fa-272e-4092-acf1-f109be7f6495@group-5E5A9C99043A-SegmentedRaftLogWorker] INFO  segmented.SegmentedRaftLogWorker (SegmentedRaftLogWorker.java:execute(574)) - 5bc8b8fa-272e-4092-acf1-f109be7f6495@group-5E5A9C99043A-SegmentedRaftLogWorker: created new log segment /workdir/hadoop-ozone/integration-test/target/test-dir/MiniOzoneClusterImpl-70ec8ae2-7faf-4a8c-b4a4-6e56eb0602b1/datanode-0/data/ratis/0561ef9b-f513-4bca-b2ff-5e5a9c99043a/current/log_inprogress_0
2019-10-14 11:47:52,786 [Thread-304] INFO  impl.FollowerState (FollowerState.java:run(108)) - 13f7b347-0949-4e64-82cc-e591bbf46992@group-0D925A8B2439-FollowerState: change to CANDIDATE, lastRpcTime:1002ms, electionTimeout:1002ms
2019-10-14 11:47:52,791 [Thread-304] INFO  impl.RoleInfo (RoleInfo.java:shutdownFollowerState(121)) - 13f7b347-0949-4e64-82cc-e591bbf46992: shutdown FollowerState
2019-10-14 11:47:52,791 [Thread-304] INFO  impl.RaftServerImpl (RaftServerImpl.java:setRole(170)) - 13f7b347-0949-4e64-82cc-e591bbf46992@group-0D925A8B2439: changes role from  FOLLOWER to CANDIDATE at term 0 for changeToCandidate
2019-10-14 11:47:52,791 [Thread-304] INFO  impl.RoleInfo (RoleInfo.java:updateAndGet(143)) - 13f7b347-0949-4e64-82cc-e591bbf46992: start LeaderElection
2019-10-14 11:47:52,812 [13f7b347-0949-4e64-82cc-e591bbf46992@group-0D925A8B2439-LeaderElection2] INFO  impl.LeaderElection (LeaderElection.java:askForVotes(178)) - 13f7b347-0949-4e64-82cc-e591bbf46992@group-0D925A8B2439-LeaderElection2: begin an election at term 1 for -1: [13f7b347-0949-4e64-82cc-e591bbf46992:192.168.164.236:44843, b028e2eb-b728-4e3f-8a5a-c0a0c7a83e03:192.168.164.236:45036, 832fd50e-d9ff-47f8-a960-98c66a98f86a:192.168.164.236:36951], old=null
2019-10-14 11:47:52,815 [Thread-310] INFO  impl.FollowerState (FollowerState.java:run(108)) - b028e2eb-b728-4e3f-8a5a-c0a0c7a83e03@group-CD2A1F5DBA49-FollowerState: change to CANDIDATE, lastRpcTime:1026ms, electionTimeout:1024ms
2019-10-14 11:47:52,815 [Thread-310] INFO  impl.RoleInfo (RoleInfo.java:shutdownFollowerState(121)) - b028e2eb-b728-4e3f-8a5a-c0a0c7a83e03: shutdown FollowerState
2019-10-14 11:47:52,815 [Thread-310] INFO  impl.RaftServerImpl (RaftServerImpl.java:setRole(170)) - b028e2eb-b728-4e3f-8a5a-c0a0c7a83e03@group-CD2A1F5DBA49: changes role from  FOLLOWER to CANDIDATE at term 0 for changeToCandidate
2019-10-14 11:47:52,816 [Thread-310] INFO  impl.RoleInfo (RoleInfo.java:updateAndGet(143)) - b028e2eb-b728-4e3f-8a5a-c0a0c7a83e03: start LeaderElection
2019-10-14 11:47:52,835 [Thread-306] INFO  impl.FollowerState (FollowerState.java:run(108)) - b028e2eb-b728-4e3f-8a5a-c0a0c7a83e03@group-0D925A8B2439-FollowerState: change to CANDIDATE, lastRpcTime:1050ms, electionTimeout:1049ms
2019-10-14 11:47:52,835 [Thread-306] INFO  impl.RoleInfo (RoleInfo.java:shutdownFollowerState(121)) - b028e2eb-b728-4e3f-8a5a-c0a0c7a83e03: shutdown FollowerState
2019-10-14 11:47:52,836 [Thread-306] INFO  impl.RaftServerImpl (RaftServerImpl.java:setRole(170)) - b028e2eb-b728-4e3f-8a5a-c0a0c7a83e03@group-0D925A8B2439: changes role from  FOLLOWER to CANDIDATE at term 0 for changeToCandidate
2019-10-14 11:47:52,836 [Thread-306] INFO  impl.RoleInfo (RoleInfo.java:updateAndGet(143)) - b028e2eb-b728-4e3f-8a5a-c0a0c7a83e03: start LeaderElection
2019-10-14 11:47:52,841 [b028e2eb-b728-4e3f-8a5a-c0a0c7a83e03@group-CD2A1F5DBA49-LeaderElection3] INFO  impl.LeaderElection (LeaderElection.java:askForVotes(178)) - b028e2eb-b728-4e3f-8a5a-c0a0c7a83e03@group-CD2A1F5DBA49-LeaderElection3: begin an election at term 1 for -1: [13f7b347-0949-4e64-82cc-e591bbf46992:192.168.164.236:44843, b028e2eb-b728-4e3f-8a5a-c0a0c7a83e03:192.168.164.236:45036, 832fd50e-d9ff-47f8-a960-98c66a98f86a:192.168.164.236:36951], old=null
2019-10-14 11:47:52,845 [Thread-316] INFO  impl.FollowerState (FollowerState.java:run(108)) - 832fd50e-d9ff-47f8-a960-98c66a98f86a@group-9C67A16ECE8A-FollowerState: change to CANDIDATE, lastRpcTime:1011ms, electionTimeout:1011ms
2019-10-14 11:47:52,845 [Thread-316] INFO  impl.RoleInfo (RoleInfo.java:shutdownFollowerState(121)) - 832fd50e-d9ff-47f8-a960-98c66a98f86a: shutdown FollowerState
2019-10-14 11:47:52,845 [Thread-316] INFO  impl.RaftServerImpl (RaftServerImpl.java:setRole(170)) - 832fd50e-d9ff-47f8-a960-98c66a98f86a@group-9C67A16ECE8A: changes role from  FOLLOWER to CANDIDATE at term 0 for changeToCandidate
2019-10-14 11:47:52,845 [Thread-316] INFO  impl.RoleInfo (RoleInfo.java:updateAndGet(143)) - 832fd50e-d9ff-47f8-a960-98c66a98f86a: start LeaderElection
2019-10-14 11:47:52,863 [Thread-308] INFO  impl.FollowerState (FollowerState.java:run(108)) - 13f7b347-0949-4e64-82cc-e591bbf46992@group-CD2A1F5DBA49-FollowerState: change to CANDIDATE, lastRpcTime:1074ms, electionTimeout:1072ms
2019-10-14 11:47:52,863 [Thread-308] INFO  impl.RoleInfo (RoleInfo.java:shutdownFollowerState(121)) - 13f7b347-0949-4e64-82cc-e591bbf46992: shutdown FollowerState
2019-10-14 11:47:52,863 [Thread-308] INFO  impl.RaftServerImpl (RaftServerImpl.java:setRole(170)) - 13f7b347-0949-4e64-82cc-e591bbf46992@group-CD2A1F5DBA49: changes role from  FOLLOWER to CANDIDATE at term 0 for changeToCandidate
2019-10-14 11:47:52,863 [Thread-308] INFO  impl.RoleInfo (RoleInfo.java:updateAndGet(143)) - 13f7b347-0949-4e64-82cc-e591bbf46992: start LeaderElection
2019-10-14 11:47:52,863 [b028e2eb-b728-4e3f-8a5a-c0a0c7a83e03@group-0D925A8B2439-LeaderElection4] INFO  impl.LeaderElection (LeaderElection.java:askForVotes(178)) - b028e2eb-b728-4e3f-8a5a-c0a0c7a83e03@group-0D925A8B2439-LeaderElection4: begin an election at term 1 for -1: [13f7b347-0949-4e64-82cc-e591bbf46992:192.168.164.236:44843, b028e2eb-b728-4e3f-8a5a-c0a0c7a83e03:192.168.164.236:45036, 832fd50e-d9ff-47f8-a960-98c66a98f86a:192.168.164.236:36951], old=null
2019-10-14 11:47:52,876 [832fd50e-d9ff-47f8-a960-98c66a98f86a@group-9C67A16ECE8A-LeaderElection5] INFO  impl.LeaderElection (LeaderElection.java:askForVotes(178)) - 832fd50e-d9ff-47f8-a960-98c66a98f86a@group-9C67A16ECE8A-LeaderElection5: begin an election at term 1 for -1: [832fd50e-d9ff-47f8-a960-98c66a98f86a:192.168.164.236:36951], old=null
2019-10-14 11:47:52,878 [832fd50e-d9ff-47f8-a960-98c66a98f86a@group-9C67A16ECE8A-LeaderElection5] INFO  impl.RoleInfo (RoleInfo.java:shutdownLeaderElection(134)) - 832fd50e-d9ff-47f8-a960-98c66a98f86a: shutdown LeaderElection
2019-10-14 11:47:52,878 [832fd50e-d9ff-47f8-a960-98c66a98f86a@group-9C67A16ECE8A-LeaderElection5] INFO  impl.RaftServerImpl (RaftServerImpl.java:setRole(170)) - 832fd50e-d9ff-47f8-a960-98c66a98f86a@group-9C67A16ECE8A: changes role from CANDIDATE to LEADER at term 1 for changeToLeader
2019-10-14 11:47:52,878 [grpc-default-executor-0] INFO  impl.RaftServerImpl (RaftServerImpl.java:setRole(170)) - 832fd50e-d9ff-47f8-a960-98c66a98f86a@group-CD2A1F5DBA49: changes role from  FOLLOWER to FOLLOWER at term 1 for recognizeCandidate:b028e2eb-b728-4e3f-8a5a-c0a0c7a83e03
2019-10-14 11:47:52,879 [832fd50e-d9ff-47f8-a960-98c66a98f86a@group-9C67A16ECE8A-LeaderElection5] INFO  impl.RaftServerImpl (ServerState.java:setLeader(255)) - 832fd50e-d9ff-47f8-a960-98c66a98f86a@group-9C67A16ECE8A: change Leader from null to 832fd50e-d9ff-47f8-a960-98c66a98f86a at term 1 for becomeLeader, leader elected after 1192ms
2019-10-14 11:47:52,878 [grpc-default-executor-1] INFO  impl.RaftServerImpl (RaftServerImpl.java:setRole(170)) - 832fd50e-d9ff-47f8-a960-98c66a98f86a@group-0D925A8B2439: changes role from  FOLLOWER to FOLLOWER at term 1 for recognizeCandidate:13f7b347-0949-4e64-82cc-e591bbf46992
2019-10-14 11:47:52,879 [grpc-default-executor-0] INFO  impl.RoleInfo (RoleInfo.java:shutdownFollowerState(121)) - 832fd50e-d9ff-47f8-a960-98c66a98f86a: shutdown FollowerState
2019-10-14 11:47:52,879 [grpc-default-executor-1] INFO  impl.RoleInfo (RoleInfo.java:shutdownFollowerState(121)) - 832fd50e-d9ff-47f8-a960-98c66a98f86a: shutdown FollowerState
2019-10-14 11:47:52,882 [832fd50e-d9ff-47f8-a960-98c66a98f86a@group-9C67A16ECE8A-LeaderElection5] INFO  server.RaftServerConfigKeys (ConfUtils.java:logGet(43)) - raft.server.staging.catchup.gap = 1000 (default)
2019-10-14 11:47:52,884 [Thread-318] INFO  impl.FollowerState (FollowerState.java:run(117)) - 832fd50e-d9ff-47f8-a960-98c66a98f86a@group-0D925A8B2439-FollowerState was interrupted: java.lang.InterruptedException: sleep interrupted
2019-10-14 11:47:52,884 [Thread-320] INFO  impl.FollowerState (FollowerState.java:run(117)) - 832fd50e-d9ff-47f8-a960-98c66a98f86a@group-CD2A1F5DBA49-FollowerState was interrupted: java.lang.InterruptedException: sleep interrupted
2019-10-14 11:47:52,884 [grpc-default-executor-0] INFO  impl.RoleInfo (RoleInfo.java:updateAndGet(143)) - 832fd50e-d9ff-47f8-a960-98c66a98f86a: start FollowerState
2019-10-14 11:47:52,882 [grpc-default-executor-1] INFO  impl.RoleInfo (RoleInfo.java:updateAndGet(143)) - 832fd50e-d9ff-47f8-a960-98c66a98f86a: start FollowerState
2019-10-14 11:47:52,886 [832fd50e-d9ff-47f8-a960-98c66a98f86a@group-9C67A16ECE8A-LeaderElection5] INFO  server.RaftServerConfigKeys (ConfUtils.java:logGet(43)) - raft.server.rpc.sleep.time = 25ms (default)
2019-10-14 11:47:52,890 [832fd50e-d9ff-47f8-a960-98c66a98f86a@group-9C67A16ECE8A-LeaderElection5] INFO  server.RaftServerConfigKeys (ConfUtils.java:logGet(43)) - raft.server.write.element-limit = 4096 (default)
2019-10-14 11:47:52,890 [832fd50e-d9ff-47f8-a960-98c66a98f86a@group-9C67A16ECE8A-LeaderElection5] INFO  server.RaftServerConfigKeys (ConfUtils.java:logGet(43)) - raft.server.watch.timeout = 10s (default)
2019-10-14 11:47:52,890 [832fd50e-d9ff-47f8-a960-98c66a98f86a@group-9C67A16ECE8A-LeaderElection5] INFO  server.RaftServerConfigKeys (ConfUtils.java:logGet(43)) - raft.server.watch.timeout.denomination = 1s (default)
2019-10-14 11:47:52,890 [832fd50e-d9ff-47f8-a960-98c66a98f86a@group-9C67A16ECE8A-LeaderElection5] INFO  server.RaftServerConfigKeys (ConfUtils.java:logGet(43)) - raft.server.watch.element-limit = 65536 (default)
2019-10-14 11:47:52,894 [832fd50e-d9ff-47f8-a960-98c66a98f86a@group-9C67A16ECE8A-LeaderElection5] INFO  impl.RoleInfo (RoleInfo.java:updateAndGet(143)) - 832fd50e-d9ff-47f8-a960-98c66a98f86a: start LeaderState
2019-10-14 11:47:52,894 [832fd50e-d9ff-47f8-a960-98c66a98f86a@group-9C67A16ECE8A-LeaderElection5] INFO  segmented.SegmentedRaftLogWorker (SegmentedRaftLogWorker.java:startLogSegment(385)) - 832fd50e-d9ff-47f8-a960-98c66a98f86a@group-9C67A16ECE8A-SegmentedRaftLogWorker: Starting segment from index:0
2019-10-14 11:47:52,896 [832fd50e-d9ff-47f8-a960-98c66a98f86a@group-9C67A16ECE8A-LeaderElection5] INFO  impl.RaftServerImpl (ServerState.java:setRaftConf(356)) - 832fd50e-d9ff-47f8-a960-98c66a98f86a@group-9C67A16ECE8A: set configuration 0: [832fd50e-d9ff-47f8-a960-98c66a98f86a:192.168.164.236:36951], old=null at 0
2019-10-14 11:47:52,898 [13f7b347-0949-4e64-82cc-e591bbf46992@group-CD2A1F5DBA49-LeaderElection6] INFO  impl.LeaderElection (LeaderElection.java:askForVotes(178)) - 13f7b347-0949-4e64-82cc-e591bbf46992@group-CD2A1F5DBA49-LeaderElection6: begin an election at term 1 for -1: [13f7b347-0949-4e64-82cc-e591bbf46992:192.168.164.236:44843, b028e2eb-b728-4e3f-8a5a-c0a0c7a83e03:192.168.164.236:45036, 832fd50e-d9ff-47f8-a960-98c66a98f86a:192.168.164.236:36951], old=null
2019-10-14 11:47:52,930 [Thread-314] INFO  impl.FollowerState (FollowerState.java:run(108)) - 832fd50e-d9ff-47f8-a960-98c66a98f86a@group-E4E74E988DEB-FollowerState: change to CANDIDATE, lastRpcTime:1099ms, electionTimeout:1074ms
2019-10-14 11:47:52,930 [Thread-314] INFO  impl.RoleInfo (RoleInfo.java:shutdownFollowerState(121)) - 832fd50e-d9ff-47f8-a960-98c66a98f86a: shutdown FollowerState
2019-10-14 11:47:52,930 [Thread-314] INFO  impl.RaftServerImpl (RaftServerImpl.java:setRole(170)) - 832fd50e-d9ff-47f8-a960-98c66a98f86a@group-E4E74E988DEB: changes role from  FOLLOWER to CANDIDATE at term 0 for changeToCandidate
2019-10-14 11:47:52,930 [Thread-302] INFO  impl.FollowerState (FollowerState.java:run(108)) - b028e2eb-b728-4e3f-8a5a-c0a0c7a83e03@group-E4E74E988DEB-FollowerState: change to CANDIDATE, lastRpcTime:1150ms, electionTimeout:1136ms
2019-10-14 11:47:52,930 [Thread-302] INFO  impl.RoleInfo (RoleInfo.java:shutdownFollowerState(121)) - b028e2eb-b728-4e3f-8a5a-c0a0c7a83e03: shutdown FollowerState
2019-10-14 11:47:52,930 [Thread-314] INFO  impl.RoleInfo (RoleInfo.java:updateAndGet(143)) - 832fd50e-d9ff-47f8-a960-98c66a98f86a: start LeaderElection
2019-10-14 11:47:52,932 [Thread-302] INFO  impl.RaftServerImpl (RaftServerImpl.java:setRole(170)) - b028e2eb-b728-4e3f-8a5a-c0a0c7a83e03@group-E4E74E988DEB: changes role from  FOLLOWER to CANDIDATE at term 0 for changeToCandidate
2019-10-14 11:47:52,932 [Thread-302] INFO  impl.RoleInfo (RoleInfo.java:updateAndGet(143)) - b028e2eb-b728-4e3f-8a5a-c0a0c7a83e03: start LeaderElection
2019-10-14 11:47:52,937 [Thread-301] INFO  impl.FollowerState (FollowerState.java:run(108)) - 13f7b347-0949-4e64-82cc-e591bbf46992@group-E4E74E988DEB-FollowerState: change to CANDIDATE, lastRpcTime:1169ms, electionTimeout:1163ms
2019-10-14 11:47:52,948 [Thread-301] INFO  impl.RoleInfo (RoleInfo.java:shutdownFollowerState(121)) - 13f7b347-0949-4e64-82cc-e591bbf46992: shutdown FollowerState
2019-10-14 11:47:52,948 [Thread-301] INFO  impl.RaftServerImpl (RaftServerImpl.java:setRole(170)) - 13f7b347-0949-4e64-82cc-e591bbf46992@group-E4E74E988DEB: changes role from  FOLLOWER to CANDIDATE at term 0 for changeToCandidate
2019-10-14 11:47:52,948 [Thread-301] INFO  impl.RoleInfo (RoleInfo.java:updateAndGet(143)) - 13f7b347-0949-4e64-82cc-e591bbf46992: start LeaderElection
2019-10-14 11:47:52,948 [832fd50e-d9ff-47f8-a960-98c66a98f86a@group-9C67A16ECE8A-SegmentedRaftLogWorker] INFO  segmented.SegmentedRaftLogWorker (SegmentedRaftLogWorker.java:execute(574)) - 832fd50e-d9ff-47f8-a960-98c66a98f86a@group-9C67A16ECE8A-SegmentedRaftLogWorker: created new log segment /workdir/hadoop-ozone/integration-test/target/test-dir/MiniOzoneClusterImpl-70ec8ae2-7faf-4a8c-b4a4-6e56eb0602b1/datanode-2/data/ratis/4a257693-c2cd-42bd-8735-9c67a16ece8a/current/log_inprogress_0
2019-10-14 11:47:52,975 [b028e2eb-b728-4e3f-8a5a-c0a0c7a83e03@group-E4E74E988DEB-LeaderElection8] INFO  impl.LeaderElection (LeaderElection.java:askForVotes(178)) - b028e2eb-b728-4e3f-8a5a-c0a0c7a83e03@group-E4E74E988DEB-LeaderElection8: begin an election at term 1 for -1: [13f7b347-0949-4e64-82cc-e591bbf46992:192.168.164.236:44843, b028e2eb-b728-4e3f-8a5a-c0a0c7a83e03:192.168.164.236:45036, 832fd50e-d9ff-47f8-a960-98c66a98f86a:192.168.164.236:36951], old=null
2019-10-14 11:47:52,975 [b028e2eb-b728-4e3f-8a5a-c0a0c7a83e03@group-CD2A1F5DBA49-LeaderElection3] INFO  impl.LeaderElection (LeaderElection.java:logAndReturn(56)) - b028e2eb-b728-4e3f-8a5a-c0a0c7a83e03@group-CD2A1F5DBA49-LeaderElection3: Election PASSED; received 2 response(s) [b028e2eb-b728-4e3f-8a5a-c0a0c7a83e03<-13f7b347-0949-4e64-82cc-e591bbf46992#0:FAIL-t1, b028e2eb-b728-4e3f-8a5a-c0a0c7a83e03<-832fd50e-d9ff-47f8-a960-98c66a98f86a#0:OK-t1] and 0 exception(s); b028e2eb-b728-4e3f-8a5a-c0a0c7a83e03@group-CD2A1F5DBA49:t1, leader=null, voted=b028e2eb-b728-4e3f-8a5a-c0a0c7a83e03, raftlog=b028e2eb-b728-4e3f-8a5a-c0a0c7a83e03@group-CD2A1F5DBA49-SegmentedRaftLog:OPENED:c-1,f-1,i0, conf=-1: [13f7b347-0949-4e64-82cc-e591bbf46992:192.168.164.236:44843, b028e2eb-b728-4e3f-8a5a-c0a0c7a83e03:192.168.164.236:45036, 832fd50e-d9ff-47f8-a960-98c66a98f86a:192.168.164.236:36951], old=null
2019-10-14 11:47:52,975 [13f7b347-0949-4e64-82cc-e591bbf46992@group-0D925A8B2439-LeaderElection2] INFO  impl.LeaderElection (LeaderElection.java:logAndReturn(56)) - 13f7b347-0949-4e64-82cc-e591bbf46992@group-0D925A8B2439-LeaderElection2: Election PASSED; received 2 response(s) [13f7b347-0949-4e64-82cc-e591bbf46992<-b028e2eb-b728-4e3f-8a5a-c0a0c7a83e03#0:FAIL-t1, 13f7b347-0949-4e64-82cc-e591bbf46992<-832fd50e-d9ff-47f8-a960-98c66a98f86a#0:OK-t1] and 0 exception(s); 13f7b347-0949-4e64-82cc-e591bbf46992@group-0D925A8B2439:t1, leader=null, voted=13f7b347-0949-4e64-82cc-e591bbf46992, raftlog=13f7b347-0949-4e64-82cc-e591bbf46992@group-0D925A8B2439-SegmentedRaftLog:OPENED:c-1,f-1,i0, conf=-1: [13f7b347-0949-4e64-82cc-e591bbf46992:192.168.164.236:44843, b028e2eb-b728-4e3f-8a5a-c0a0c7a83e03:192.168.164.236:45036, 832fd50e-d9ff-47f8-a960-98c66a98f86a:192.168.164.236:36951], old=null
2019-10-14 11:47:52,975 [b028e2eb-b728-4e3f-8a5a-c0a0c7a83e03@group-CD2A1F5DBA49-LeaderElection3] INFO  impl.RoleInfo (RoleInfo.java:shutdownLeaderElection(134)) - b028e2eb-b728-4e3f-8a5a-c0a0c7a83e03: shutdown LeaderElection
2019-10-14 11:47:52,975 [832fd50e-d9ff-47f8-a960-98c66a98f86a@group-E4E74E988DEB-LeaderElection7] INFO  impl.LeaderElection (LeaderElection.java:askForVotes(178)) - 832fd50e-d9ff-47f8-a960-98c66a98f86a@group-E4E74E988DEB-LeaderElection7: begin an election at term 1 for -1: [13f7b347-0949-4e64-82cc-e591bbf46992:192.168.164.236:44843, b028e2eb-b728-4e3f-8a5a-c0a0c7a83e03:192.168.164.236:45036, 832fd50e-d9ff-47f8-a960-98c66a98f86a:192.168.164.236:36951], old=null
2019-10-14 11:47:52,975 [b028e2eb-b728-4e3f-8a5a-c0a0c7a83e03@group-0D925A8B2439-LeaderElection4] INFO  impl.LeaderElection (LeaderElection.java:logAndReturn(56)) - b028e2eb-b728-4e3f-8a5a-c0a0c7a83e03@group-0D925A8B2439-LeaderElection4: Election REJECTED; received 2 response(s) [b028e2eb-b728-4e3f-8a5a-c0a0c7a83e03<-13f7b347-0949-4e64-82cc-e591bbf46992#0:FAIL-t1, b028e2eb-b728-4e3f-8a5a-c0a0c7a83e03<-832fd50e-d9ff-47f8-a960-98c66a98f86a#0:FAIL-t1] and 0 exception(s); b028e2eb-b728-4e3f-8a5a-c0a0c7a83e03@group-0D925A8B2439:t1, leader=null, voted=b028e2eb-b728-4e3f-8a5a-c0a0c7a83e03, raftlog=b028e2eb-b728-4e3f-8a5a-c0a0c7a83e03@group-0D925A8B2439-SegmentedRaftLog:OPENED:c-1,f-1,i0, conf=-1: [13f7b347-0949-4e64-82cc-e591bbf46992:192.168.164.236:44843, b028e2eb-b728-4e3f-8a5a-c0a0c7a83e03:192.168.164.236:45036, 832fd50e-d9ff-47f8-a960-98c66a98f86a:192.168.164.236:36951], old=null
2019-10-14 11:47:52,975 [13f7b347-0949-4e64-82cc-e591bbf46992@group-E4E74E988DEB-LeaderElection9] INFO  impl.LeaderElection (LeaderElection.java:askForVotes(178)) - 13f7b347-0949-4e64-82cc-e591bbf46992@group-E4E74E988DEB-LeaderElection9: begin an election at term 1 for -1: [13f7b347-0949-4e64-82cc-e591bbf46992:192.168.164.236:44843, b028e2eb-b728-4e3f-8a5a-c0a0c7a83e03:192.168.164.236:45036, 832fd50e-d9ff-47f8-a960-98c66a98f86a:192.168.164.236:36951], old=null
2019-10-14 11:47:52,979 [13f7b347-0949-4e64-82cc-e591bbf46992@group-0D925A8B2439-LeaderElection2] INFO  impl.RoleInfo (RoleInfo.java:shutdownLeaderElection(134)) - 13f7b347-0949-4e64-82cc-e591bbf46992: shutdown LeaderElection
2019-10-14 11:47:52,984 [13f7b347-0949-4e64-82cc-e591bbf46992@group-0D925A8B2439-LeaderElection2] INFO  impl.RaftServerImpl (RaftServerImpl.java:setRole(170)) - 13f7b347-0949-4e64-82cc-e591bbf46992@group-0D925A8B2439: changes role from CANDIDATE to LEADER at term 1 for changeToLeader
2019-10-14 11:47:52,984 [13f7b347-0949-4e64-82cc-e591bbf46992@group-0D925A8B2439-LeaderElection2] INFO  impl.RaftServerImpl (ServerState.java:setLeader(255)) - 13f7b347-0949-4e64-82cc-e591bbf46992@group-0D925A8B2439: change Leader from null to 13f7b347-0949-4e64-82cc-e591bbf46992 at term 1 for becomeLeader, leader elected after 1298ms
2019-10-14 11:47:52,981 [b028e2eb-b728-4e3f-8a5a-c0a0c7a83e03@group-CD2A1F5DBA49-LeaderElection3] INFO  impl.RaftServerImpl (RaftServerImpl.java:setRole(170)) - b028e2eb-b728-4e3f-8a5a-c0a0c7a83e03@group-CD2A1F5DBA49: changes role from CANDIDATE to LEADER at term 1 for changeToLeader
2019-10-14 11:47:52,987 [13f7b347-0949-4e64-82cc-e591bbf46992@group-0D925A8B2439-LeaderElection2] INFO  server.RaftServerConfigKeys (ConfUtils.java:logGet(43)) - raft.server.staging.catchup.gap = 1000 (default)
2019-10-14 11:47:52,990 [b028e2eb-b728-4e3f-8a5a-c0a0c7a83e03@group-CD2A1F5DBA49-LeaderElection3] INFO  impl.RaftServerImpl (ServerState.java:setLeader(255)) - b028e2eb-b728-4e3f-8a5a-c0a0c7a83e03@group-CD2A1F5DBA49: change Leader from null to b028e2eb-b728-4e3f-8a5a-c0a0c7a83e03 at term 1 for becomeLeader, leader elected after 1232ms
2019-10-14 11:47:52,990 [b028e2eb-b728-4e3f-8a5a-c0a0c7a83e03@group-0D925A8B2439-LeaderElection4] INFO  impl.RaftServerImpl (RaftServerImpl.java:setRole(170)) - b028e2eb-b728-4e3f-8a5a-c0a0c7a83e03@group-0D925A8B2439: changes role from CANDIDATE to FOLLOWER at term 1 for DISCOVERED_A_NEW_TERM
2019-10-14 11:47:52,992 [b028e2eb-b728-4e3f-8a5a-c0a0c7a83e03@group-CD2A1F5DBA49-LeaderElection3] INFO  server.RaftServerConfigKeys (ConfUtils.java:logGet(43)) - raft.server.staging.catchup.gap = 1000 (default)
2019-10-14 11:47:52,991 [13f7b347-0949-4e64-82cc-e591bbf46992@group-0D925A8B2439-LeaderElection2] INFO  server.RaftServerConfigKeys (ConfUtils.java:logGet(43)) - raft.server.rpc.sleep.time = 25ms (default)
2019-10-14 11:47:52,993 [b028e2eb-b728-4e3f-8a5a-c0a0c7a83e03@group-CD2A1F5DBA49-LeaderElection3] INFO  server.RaftServerConfigKeys (ConfUtils.java:logGet(43)) - raft.server.rpc.sleep.time = 25ms (default)
2019-10-14 11:47:52,992 [b028e2eb-b728-4e3f-8a5a-c0a0c7a83e03@group-0D925A8B2439-LeaderElection4] INFO  impl.RoleInfo (RoleInfo.java:shutdownLeaderElection(134)) - b028e2eb-b728-4e3f-8a5a-c0a0c7a83e03: shutdown LeaderElection
2019-10-14 11:47:52,993 [b028e2eb-b728-4e3f-8a5a-c0a0c7a83e03@group-CD2A1F5DBA49-LeaderElection3] INFO  server.RaftServerConfigKeys (ConfUtils.java:logGet(43)) - raft.server.write.element-limit = 4096 (default)
2019-10-14 11:47:52,993 [13f7b347-0949-4e64-82cc-e591bbf46992@group-0D925A8B2439-LeaderElection2] INFO  server.RaftServerConfigKeys (ConfUtils.java:logGet(43)) - raft.server.write.element-limit = 4096 (default)
2019-10-14 11:47:53,000 [b028e2eb-b728-4e3f-8a5a-c0a0c7a83e03@group-CD2A1F5DBA49-LeaderElection3] INFO  server.RaftServerConfigKeys (ConfUtils.java:logGet(43)) - raft.server.watch.timeout = 10s (default)
2019-10-14 11:47:52,993 [b028e2eb-b728-4e3f-8a5a-c0a0c7a83e03@group-0D925A8B2439-LeaderElection4] INFO  impl.RoleInfo (RoleInfo.java:updateAndGet(143)) - b028e2eb-b728-4e3f-8a5a-c0a0c7a83e03: start FollowerState
2019-10-14 11:47:53,001 [b028e2eb-b728-4e3f-8a5a-c0a0c7a83e03@group-CD2A1F5DBA49-LeaderElection3] INFO  server.RaftServerConfigKeys (ConfUtils.java:logGet(43)) - raft.server.watch.timeout.denomination = 1s (default)
2019-10-14 11:47:53,000 [13f7b347-0949-4e64-82cc-e591bbf46992@group-0D925A8B2439-LeaderElection2] INFO  server.RaftServerConfigKeys (ConfUtils.java:logGet(43)) - raft.server.watch.timeout = 10s (default)
2019-10-14 11:47:53,003 [b028e2eb-b728-4e3f-8a5a-c0a0c7a83e03@group-CD2A1F5DBA49-LeaderElection3] INFO  server.RaftServerConfigKeys (ConfUtils.java:logGet(43)) - raft.server.watch.element-limit = 65536 (default)
2019-10-14 11:47:53,004 [13f7b347-0949-4e64-82cc-e591bbf46992@group-0D925A8B2439-LeaderElection2] INFO  server.RaftServerConfigKeys (ConfUtils.java:logGet(43)) - raft.server.watch.timeout.denomination = 1s (default)
2019-10-14 11:47:53,006 [13f7b347-0949-4e64-82cc-e591bbf46992@group-CD2A1F5DBA49-LeaderElection6] INFO  impl.LeaderElection (LeaderElection.java:logAndReturn(56)) - 13f7b347-0949-4e64-82cc-e591bbf46992@group-CD2A1F5DBA49-LeaderElection6: Election REJECTED; received 2 response(s) [13f7b347-0949-4e64-82cc-e591bbf46992<-b028e2eb-b728-4e3f-8a5a-c0a0c7a83e03#0:FAIL-t1, 13f7b347-0949-4e64-82cc-e591bbf46992<-832fd50e-d9ff-47f8-a960-98c66a98f86a#0:FAIL-t1] and 0 exception(s); 13f7b347-0949-4e64-82cc-e591bbf46992@group-CD2A1F5DBA49:t1, leader=null, voted=13f7b347-0949-4e64-82cc-e591bbf46992, raftlog=13f7b347-0949-4e64-82cc-e591bbf46992@group-CD2A1F5DBA49-SegmentedRaftLog:OPENED:c-1,f-1,i0, conf=-1: [13f7b347-0949-4e64-82cc-e591bbf46992:192.168.164.236:44843, b028e2eb-b728-4e3f-8a5a-c0a0c7a83e03:192.168.164.236:45036, 832fd50e-d9ff-47f8-a960-98c66a98f86a:192.168.164.236:36951], old=null
2019-10-14 11:47:53,006 [13f7b347-0949-4e64-82cc-e591bbf46992@group-0D925A8B2439-LeaderElection2] INFO  server.RaftServerConfigKeys (ConfUtils.java:logGet(43)) - raft.server.watch.element-limit = 65536 (default)
2019-10-14 11:47:53,006 [13f7b347-0949-4e64-82cc-e591bbf46992@group-CD2A1F5DBA49-LeaderElection6] INFO  impl.RaftServerImpl (RaftServerImpl.java:setRole(170)) - 13f7b347-0949-4e64-82cc-e591bbf46992@group-CD2A1F5DBA49: changes role from CANDIDATE to FOLLOWER at term 1 for DISCOVERED_A_NEW_TERM
2019-10-14 11:47:53,009 [13f7b347-0949-4e64-82cc-e591bbf46992@group-CD2A1F5DBA49-LeaderElection6] INFO  impl.RoleInfo (RoleInfo.java:shutdownLeaderElection(134)) - 13f7b347-0949-4e64-82cc-e591bbf46992: shutdown LeaderElection
2019-10-14 11:47:53,009 [13f7b347-0949-4e64-82cc-e591bbf46992@group-CD2A1F5DBA49-LeaderElection6] INFO  impl.RoleInfo (RoleInfo.java:updateAndGet(143)) - 13f7b347-0949-4e64-82cc-e591bbf46992: start FollowerState
2019-10-14 11:47:53,037 [13f7b347-0949-4e64-82cc-e591bbf46992@group-E4E74E988DEB-LeaderElection9] INFO  impl.LeaderElection (LeaderElection.java:logAndReturn(56)) - 13f7b347-0949-4e64-82cc-e591bbf46992@group-E4E74E988DEB-LeaderElection9: Election REJECTED; received 2 response(s) [13f7b347-0949-4e64-82cc-e591bbf46992<-b028e2eb-b728-4e3f-8a5a-c0a0c7a83e03#0:FAIL-t1, 13f7b347-0949-4e64-82cc-e591bbf46992<-832fd50e-d9ff-47f8-a960-98c66a98f86a#0:FAIL-t1] and 0 exception(s); 13f7b347-0949-4e64-82cc-e591bbf46992@group-E4E74E988DEB:t1, leader=null, voted=13f7b347-0949-4e64-82cc-e591bbf46992, raftlog=13f7b347-0949-4e64-82cc-e591bbf46992@group-E4E74E988DEB-SegmentedRaftLog:OPENED:c-1,f-1,i0, conf=-1: [13f7b347-0949-4e64-82cc-e591bbf46992:192.168.164.236:44843, b028e2eb-b728-4e3f-8a5a-c0a0c7a83e03:192.168.164.236:45036, 832fd50e-d9ff-47f8-a960-98c66a98f86a:192.168.164.236:36951], old=null
2019-10-14 11:47:53,037 [13f7b347-0949-4e64-82cc-e591bbf46992@group-0D925A8B2439-LeaderElection2] INFO  server.RaftServerConfigKeys (ConfUtils.java:logGet(43)) - raft.server.log.appender.snapshot.chunk.size.max = 16MB (=16777216) (default)
2019-10-14 11:47:53,037 [b028e2eb-b728-4e3f-8a5a-c0a0c7a83e03@group-CD2A1F5DBA49-LeaderElection3] INFO  server.RaftServerConfigKeys (ConfUtils.java:logGet(43)) - raft.server.log.appender.snapshot.chunk.size.max = 16MB (=16777216) (default)
2019-10-14 11:47:53,037 [13f7b347-0949-4e64-82cc-e591bbf46992@group-E4E74E988DEB-LeaderElection9] INFO  impl.RaftServerImpl (RaftServerImpl.java:setRole(170)) - 13f7b347-0949-4e64-82cc-e591bbf46992@group-E4E74E988DEB: changes role from CANDIDATE to FOLLOWER at term 1 for DISCOVERED_A_NEW_TERM
2019-10-14 11:47:53,044 [13f7b347-0949-4e64-82cc-e591bbf46992@group-0D925A8B2439-LeaderElection2] INFO  server.RaftServerConfigKeys (ConfUtils.java:logGet(43)) - raft.server.log.appender.buffer.byte-limit = 33554432 (custom)
2019-10-14 11:47:53,045 [b028e2eb-b728-4e3f-8a5a-c0a0c7a83e03@group-CD2A1F5DBA49-LeaderElection3] INFO  server.RaftServerConfigKeys (ConfUtils.java:logGet(43)) - raft.server.log.appender.buffer.byte-limit = 33554432 (custom)
2019-10-14 11:47:53,045 [13f7b347-0949-4e64-82cc-e591bbf46992@group-E4E74E988DEB-LeaderElection9] INFO  impl.RoleInfo (RoleInfo.java:shutdownLeaderElection(134)) - 13f7b347-0949-4e64-82cc-e591bbf46992: shutdown LeaderElection
2019-10-14 11:47:53,047 [b028e2eb-b728-4e3f-8a5a-c0a0c7a83e03@group-E4E74E988DEB-LeaderElection8] INFO  impl.LeaderElection (LeaderElection.java:logAndReturn(56)) - b028e2eb-b728-4e3f-8a5a-c0a0c7a83e03@group-E4E74E988DEB-LeaderElection8: Election REJECTED; received 2 response(s) [b028e2eb-b728-4e3f-8a5a-c0a0c7a83e03<-13f7b347-0949-4e64-82cc-e591bbf46992#0:FAIL-t1, b028e2eb-b728-4e3f-8a5a-c0a0c7a83e03<-832fd50e-d9ff-47f8-a960-98c66a98f86a#0:FAIL-t1] and 0 exception(s); b028e2eb-b728-4e3f-8a5a-c0a0c7a83e03@group-E4E74E988DEB:t1, leader=null, voted=b028e2eb-b728-4e3f-8a5a-c0a0c7a83e03, raftlog=b028e2eb-b728-4e3f-8a5a-c0a0c7a83e03@group-E4E74E988DEB-SegmentedRaftLog:OPENED:c-1,f-1,i0, conf=-1: [13f7b347-0949-4e64-82cc-e591bbf46992:192.168.164.236:44843, b028e2eb-b728-4e3f-8a5a-c0a0c7a83e03:192.168.164.236:45036, 832fd50e-d9ff-47f8-a960-98c66a98f86a:192.168.164.236:36951], old=null
2019-10-14 11:47:53,047 [13f7b347-0949-4e64-82cc-e591bbf46992@group-E4E74E988DEB-LeaderElection9] INFO  impl.RoleInfo (RoleInfo.java:updateAndGet(143)) - 13f7b347-0949-4e64-82cc-e591bbf46992: start FollowerState
2019-10-14 11:47:53,047 [b028e2eb-b728-4e3f-8a5a-c0a0c7a83e03@group-E4E74E988DEB-LeaderElection8] INFO  impl.RaftServerImpl (RaftServerImpl.java:setRole(170)) - b028e2eb-b728-4e3f-8a5a-c0a0c7a83e03@group-E4E74E988DEB: changes role from CANDIDATE to FOLLOWER at term 1 for DISCOVERED_A_NEW_TERM
2019-10-14 11:47:53,051 [b028e2eb-b728-4e3f-8a5a-c0a0c7a83e03@group-CD2A1F5DBA49-LeaderElection3] INFO  server.RaftServerConfigKeys (ConfUtils.java:logGet(43)) - raft.server.log.appender.buffer.element-limit = 1 (custom)
2019-10-14 11:47:53,049 [13f7b347-0949-4e64-82cc-e591bbf46992@group-0D925A8B2439-LeaderElection2] INFO  server.RaftServerConfigKeys (ConfUtils.java:logGet(43)) - raft.server.log.appender.buffer.element-limit = 1 (custom)
2019-10-14 11:47:53,054 [b028e2eb-b728-4e3f-8a5a-c0a0c7a83e03@group-E4E74E988DEB-LeaderElection8] INFO  impl.RoleInfo (RoleInfo.java:shutdownLeaderElection(134)) - b028e2eb-b728-4e3f-8a5a-c0a0c7a83e03: shutdown LeaderElection
2019-10-14 11:47:53,056 [b028e2eb-b728-4e3f-8a5a-c0a0c7a83e03@group-E4E74E988DEB-LeaderElection8] INFO  impl.RoleInfo (RoleInfo.java:updateAndGet(143)) - b028e2eb-b728-4e3f-8a5a-c0a0c7a83e03: start FollowerState
2019-10-14 11:47:53,074 [832fd50e-d9ff-47f8-a960-98c66a98f86a@group-E4E74E988DEB-LeaderElection7] INFO  impl.LeaderElection (LeaderElection.java:logAndReturn(56)) - 832fd50e-d9ff-47f8-a960-98c66a98f86a@group-E4E74E988DEB-LeaderElection7: Election REJECTED; received 2 response(s) [832fd50e-d9ff-47f8-a960-98c66a98f86a<-13f7b347-0949-4e64-82cc-e591bbf46992#0:FAIL-t1, 832fd50e-d9ff-47f8-a960-98c66a98f86a<-b028e2eb-b728-4e3f-8a5a-c0a0c7a83e03#0:FAIL-t1] and 0 exception(s); 832fd50e-d9ff-47f8-a960-98c66a98f86a@group-E4E74E988DEB:t1, leader=null, voted=832fd50e-d9ff-47f8-a960-98c66a98f86a, raftlog=832fd50e-d9ff-47f8-a960-98c66a98f86a@group-E4E74E988DEB-SegmentedRaftLog:OPENED:c-1,f-1,i0, conf=-1: [13f7b347-0949-4e64-82cc-e591bbf46992:192.168.164.236:44843, b028e2eb-b728-4e3f-8a5a-c0a0c7a83e03:192.168.164.236:45036, 832fd50e-d9ff-47f8-a960-98c66a98f86a:192.168.164.236:36951], old=null
2019-10-14 11:47:53,074 [832fd50e-d9ff-47f8-a960-98c66a98f86a@group-E4E74E988DEB-LeaderElection7] INFO  impl.RaftServerImpl (RaftServerImpl.java:setRole(170)) - 832fd50e-d9ff-47f8-a960-98c66a98f86a@group-E4E74E988DEB: changes role from CANDIDATE to FOLLOWER at term 1 for DISCOVERED_A_NEW_TERM
2019-10-14 11:47:53,082 [832fd50e-d9ff-47f8-a960-98c66a98f86a@group-E4E74E988DEB-LeaderElection7] INFO  impl.RoleInfo (RoleInfo.java:shutdownLeaderElection(134)) - 832fd50e-d9ff-47f8-a960-98c66a98f86a: shutdown LeaderElection
2019-10-14 11:47:53,082 [832fd50e-d9ff-47f8-a960-98c66a98f86a@group-E4E74E988DEB-LeaderElection7] INFO  impl.RoleInfo (RoleInfo.java:updateAndGet(143)) - 832fd50e-d9ff-47f8-a960-98c66a98f86a: start FollowerState
2019-10-14 11:47:53,083 [13f7b347-0949-4e64-82cc-e591bbf46992@group-0D925A8B2439-LeaderElection2] INFO  grpc.GrpcConfigKeys$Server (ConfUtils.java:logGet(43)) - raft.grpc.server.leader.outstanding.appends.max = 128 (default)
2019-10-14 11:47:53,083 [b028e2eb-b728-4e3f-8a5a-c0a0c7a83e03@group-CD2A1F5DBA49-LeaderElection3] INFO  grpc.GrpcConfigKeys$Server (ConfUtils.java:logGet(43)) - raft.grpc.server.leader.outstanding.appends.max = 128 (default)
2019-10-14 11:47:53,085 [13f7b347-0949-4e64-82cc-e591bbf46992@group-0D925A8B2439-LeaderElection2] INFO  server.RaftServerConfigKeys (ConfUtils.java:logGet(43)) - raft.server.rpc.request.timeout = 3000ms (default)
2019-10-14 11:47:53,085 [b028e2eb-b728-4e3f-8a5a-c0a0c7a83e03@group-CD2A1F5DBA49-LeaderElection3] INFO  server.RaftServerConfigKeys (ConfUtils.java:logGet(43)) - raft.server.rpc.request.timeout = 3000ms (default)
2019-10-14 11:47:53,085 [13f7b347-0949-4e64-82cc-e591bbf46992@group-0D925A8B2439-LeaderElection2] INFO  server.RaftServerConfigKeys (ConfUtils.java:logGet(43)) - raft.server.log.appender.install.snapshot.enabled = false (custom)
2019-10-14 11:47:53,085 [b028e2eb-b728-4e3f-8a5a-c0a0c7a83e03@group-CD2A1F5DBA49-LeaderElection3] INFO  server.RaftServerConfigKeys (ConfUtils.java:logGet(43)) - raft.server.log.appender.install.snapshot.enabled = false (custom)
2019-10-14 11:47:53,086 [13f7b347-0949-4e64-82cc-e591bbf46992@group-0D925A8B2439-LeaderElection2] INFO  server.RaftServerConfigKeys (ConfUtils.java:logGet(43)) - raft.server.log.appender.snapshot.chunk.size.max = 16MB (=16777216) (default)
2019-10-14 11:47:53,086 [b028e2eb-b728-4e3f-8a5a-c0a0c7a83e03@group-CD2A1F5DBA49-LeaderElection3] INFO  server.RaftServerConfigKeys (ConfUtils.java:logGet(43)) - raft.server.log.appender.snapshot.chunk.size.max = 16MB (=16777216) (default)
2019-10-14 11:47:53,086 [13f7b347-0949-4e64-82cc-e591bbf46992@group-0D925A8B2439-LeaderElection2] INFO  server.RaftServerConfigKeys (ConfUtils.java:logGet(43)) - raft.server.log.appender.buffer.byte-limit = 33554432 (custom)
2019-10-14 11:47:53,087 [b028e2eb-b728-4e3f-8a5a-c0a0c7a83e03@group-CD2A1F5DBA49-LeaderElection3] INFO  server.RaftServerConfigKeys (ConfUtils.java:logGet(43)) - raft.server.log.appender.buffer.byte-limit = 33554432 (custom)
2019-10-14 11:47:53,087 [13f7b347-0949-4e64-82cc-e591bbf46992@group-0D925A8B2439-LeaderElection2] INFO  server.RaftServerConfigKeys (ConfUtils.java:logGet(43)) - raft.server.log.appender.buffer.element-limit = 1 (custom)
2019-10-14 11:47:53,087 [b028e2eb-b728-4e3f-8a5a-c0a0c7a83e03@group-CD2A1F5DBA49-LeaderElection3] INFO  server.RaftServerConfigKeys (ConfUtils.java:logGet(43)) - raft.server.log.appender.buffer.element-limit = 1 (custom)
2019-10-14 11:47:53,087 [13f7b347-0949-4e64-82cc-e591bbf46992@group-0D925A8B2439-LeaderElection2] INFO  grpc.GrpcConfigKeys$Server (ConfUtils.java:logGet(43)) - raft.grpc.server.leader.outstanding.appends.max = 128 (default)
2019-10-14 11:47:53,087 [b028e2eb-b728-4e3f-8a5a-c0a0c7a83e03@group-CD2A1F5DBA49-LeaderElection3] INFO  grpc.GrpcConfigKeys$Server (ConfUtils.java:logGet(43)) - raft.grpc.server.leader.outstanding.appends.max = 128 (default)
2019-10-14 11:47:53,087 [13f7b347-0949-4e64-82cc-e591bbf46992@group-0D925A8B2439-LeaderElection2] INFO  server.RaftServerConfigKeys (ConfUtils.java:logGet(43)) - raft.server.rpc.request.timeout = 3000ms (default)
2019-10-14 11:47:53,087 [b028e2eb-b728-4e3f-8a5a-c0a0c7a83e03@group-CD2A1F5DBA49-LeaderElection3] INFO  server.RaftServerConfigKeys (ConfUtils.java:logGet(43)) - raft.server.rpc.request.timeout = 3000ms (default)
2019-10-14 11:47:53,087 [13f7b347-0949-4e64-82cc-e591bbf46992@group-0D925A8B2439-LeaderElection2] INFO  server.RaftServerConfigKeys (ConfUtils.java:logGet(43)) - raft.server.log.appender.install.snapshot.enabled = false (custom)
2019-10-14 11:47:53,088 [b028e2eb-b728-4e3f-8a5a-c0a0c7a83e03@group-CD2A1F5DBA49-LeaderElection3] INFO  server.RaftServerConfigKeys (ConfUtils.java:logGet(43)) - raft.server.log.appender.install.snapshot.enabled = false (custom)
2019-10-14 11:47:53,089 [13f7b347-0949-4e64-82cc-e591bbf46992@group-0D925A8B2439-LeaderElection2] INFO  impl.RoleInfo (RoleInfo.java:updateAndGet(143)) - 13f7b347-0949-4e64-82cc-e591bbf46992: start LeaderState
2019-10-14 11:47:53,089 [b028e2eb-b728-4e3f-8a5a-c0a0c7a83e03@group-CD2A1F5DBA49-LeaderElection3] INFO  impl.RoleInfo (RoleInfo.java:updateAndGet(143)) - b028e2eb-b728-4e3f-8a5a-c0a0c7a83e03: start LeaderState
2019-10-14 11:47:53,089 [13f7b347-0949-4e64-82cc-e591bbf46992@group-0D925A8B2439-LeaderElection2] INFO  segmented.SegmentedRaftLogWorker (SegmentedRaftLogWorker.java:startLogSegment(385)) - 13f7b347-0949-4e64-82cc-e591bbf46992@group-0D925A8B2439-SegmentedRaftLogWorker: Starting segment from index:0
2019-10-14 11:47:53,089 [b028e2eb-b728-4e3f-8a5a-c0a0c7a83e03@group-CD2A1F5DBA49-LeaderElection3] INFO  segmented.SegmentedRaftLogWorker (SegmentedRaftLogWorker.java:startLogSegment(385)) - b028e2eb-b728-4e3f-8a5a-c0a0c7a83e03@group-CD2A1F5DBA49-SegmentedRaftLogWorker: Starting segment from index:0
2019-10-14 11:47:53,090 [13f7b347-0949-4e64-82cc-e591bbf46992@group-0D925A8B2439-LeaderElection2] INFO  impl.RaftServerImpl (ServerState.java:setRaftConf(356)) - 13f7b347-0949-4e64-82cc-e591bbf46992@group-0D925A8B2439: set configuration 0: [13f7b347-0949-4e64-82cc-e591bbf46992:192.168.164.236:44843, b028e2eb-b728-4e3f-8a5a-c0a0c7a83e03:192.168.164.236:45036, 832fd50e-d9ff-47f8-a960-98c66a98f86a:192.168.164.236:36951], old=null at 0
2019-10-14 11:47:53,090 [b028e2eb-b728-4e3f-8a5a-c0a0c7a83e03@group-CD2A1F5DBA49-LeaderElection3] INFO  impl.RaftServerImpl (ServerState.java:setRaftConf(356)) - b028e2eb-b728-4e3f-8a5a-c0a0c7a83e03@group-CD2A1F5DBA49: set configuration 0: [13f7b347-0949-4e64-82cc-e591bbf46992:192.168.164.236:44843, b028e2eb-b728-4e3f-8a5a-c0a0c7a83e03:192.168.164.236:45036, 832fd50e-d9ff-47f8-a960-98c66a98f86a:192.168.164.236:36951], old=null at 0
2019-10-14 11:47:53,142 [grpc-default-executor-4] INFO  impl.RaftServerImpl (ServerState.java:setLeader(255)) - 832fd50e-d9ff-47f8-a960-98c66a98f86a@group-0D925A8B2439: change Leader from null to 13f7b347-0949-4e64-82cc-e591bbf46992 at term 1 for appendEntries, leader elected after 1387ms
2019-10-14 11:47:53,142 [grpc-default-executor-1] INFO  impl.RaftServerImpl (ServerState.java:setLeader(255)) - 13f7b347-0949-4e64-82cc-e591bbf46992@group-CD2A1F5DBA49: change Leader from null to b028e2eb-b728-4e3f-8a5a-c0a0c7a83e03 at term 1 for appendEntries, leader elected after 1387ms
2019-10-14 11:47:53,142 [grpc-default-executor-0] INFO  impl.RaftServerImpl (ServerState.java:setLeader(255)) - 832fd50e-d9ff-47f8-a960-98c66a98f86a@group-CD2A1F5DBA49: change Leader from null to b028e2eb-b728-4e3f-8a5a-c0a0c7a83e03 at term 1 for appendEntries, leader elected after 1318ms
2019-10-14 11:47:53,142 [grpc-default-executor-3] INFO  impl.RaftServerImpl (ServerState.java:setLeader(255)) - b028e2eb-b728-4e3f-8a5a-c0a0c7a83e03@group-0D925A8B2439: change Leader from null to 13f7b347-0949-4e64-82cc-e591bbf46992 at term 1 for appendEntries, leader elected after 1456ms
2019-10-14 11:47:53,153 [b028e2eb-b728-4e3f-8a5a-c0a0c7a83e03@group-CD2A1F5DBA49-SegmentedRaftLogWorker] INFO  segmented.SegmentedRaftLogWorker (SegmentedRaftLogWorker.java:execute(574)) - b028e2eb-b728-4e3f-8a5a-c0a0c7a83e03@group-CD2A1F5DBA49-SegmentedRaftLogWorker: created new log segment /workdir/hadoop-ozone/integration-test/target/test-dir/MiniOzoneClusterImpl-70ec8ae2-7faf-4a8c-b4a4-6e56eb0602b1/datanode-5/data/ratis/6de80a87-848f-41a2-bc96-cd2a1f5dba49/current/log_inprogress_0
2019-10-14 11:47:53,153 [13f7b347-0949-4e64-82cc-e591bbf46992@group-0D925A8B2439-SegmentedRaftLogWorker] INFO  segmented.SegmentedRaftLogWorker (SegmentedRaftLogWorker.java:execute(574)) - 13f7b347-0949-4e64-82cc-e591bbf46992@group-0D925A8B2439-SegmentedRaftLogWorker: created new log segment /workdir/hadoop-ozone/integration-test/target/test-dir/MiniOzoneClusterImpl-70ec8ae2-7faf-4a8c-b4a4-6e56eb0602b1/datanode-3/data/ratis/e4e0efd9-e6d3-48b0-bb28-0d925a8b2439/current/log_inprogress_0
2019-10-14 11:47:53,184 [grpc-default-executor-4] INFO  impl.RaftServerImpl (ServerState.java:setRaftConf(356)) - 832fd50e-d9ff-47f8-a960-98c66a98f86a@group-0D925A8B2439: set configuration 0: [13f7b347-0949-4e64-82cc-e591bbf46992:192.168.164.236:44843, b028e2eb-b728-4e3f-8a5a-c0a0c7a83e03:192.168.164.236:45036, 832fd50e-d9ff-47f8-a960-98c66a98f86a:192.168.164.236:36951], old=null at 0
2019-10-14 11:47:53,184 [grpc-default-executor-1] INFO  impl.RaftServerImpl (ServerState.java:setRaftConf(356)) - 13f7b347-0949-4e64-82cc-e591bbf46992@group-CD2A1F5DBA49: set configuration 0: [13f7b347-0949-4e64-82cc-e591bbf46992:192.168.164.236:44843, b028e2eb-b728-4e3f-8a5a-c0a0c7a83e03:192.168.164.236:45036, 832fd50e-d9ff-47f8-a960-98c66a98f86a:192.168.164.236:36951], old=null at 0
2019-10-14 11:47:53,184 [grpc-default-executor-0] INFO  impl.RaftServerImpl (ServerState.java:setRaftConf(356)) - 832fd50e-d9ff-47f8-a960-98c66a98f86a@group-CD2A1F5DBA49: set configuration 0: [13f7b347-0949-4e64-82cc-e591bbf46992:192.168.164.236:44843, b028e2eb-b728-4e3f-8a5a-c0a0c7a83e03:192.168.164.236:45036, 832fd50e-d9ff-47f8-a960-98c66a98f86a:192.168.164.236:36951], old=null at 0
2019-10-14 11:47:53,184 [grpc-default-executor-3] INFO  impl.RaftServerImpl (ServerState.java:setRaftConf(356)) - b028e2eb-b728-4e3f-8a5a-c0a0c7a83e03@group-0D925A8B2439: set configuration 0: [13f7b347-0949-4e64-82cc-e591bbf46992:192.168.164.236:44843, b028e2eb-b728-4e3f-8a5a-c0a0c7a83e03:192.168.164.236:45036, 832fd50e-d9ff-47f8-a960-98c66a98f86a:192.168.164.236:36951], old=null at 0
2019-10-14 11:47:53,185 [grpc-default-executor-0] INFO  segmented.SegmentedRaftLogWorker (SegmentedRaftLogWorker.java:startLogSegment(385)) - 832fd50e-d9ff-47f8-a960-98c66a98f86a@group-CD2A1F5DBA49-SegmentedRaftLogWorker: Starting segment from index:0
2019-10-14 11:47:53,185 [grpc-default-executor-1] INFO  segmented.SegmentedRaftLogWorker (SegmentedRaftLogWorker.java:startLogSegment(385)) - 13f7b347-0949-4e64-82cc-e591bbf46992@group-CD2A1F5DBA49-SegmentedRaftLogWorker: Starting segment from index:0
2019-10-14 11:47:53,184 [grpc-default-executor-4] INFO  segmented.SegmentedRaftLogWorker (SegmentedRaftLogWorker.java:startLogSegment(385)) - 832fd50e-d9ff-47f8-a960-98c66a98f86a@group-0D925A8B2439-SegmentedRaftLogWorker: Starting segment from index:0
2019-10-14 11:47:53,185 [grpc-default-executor-3] INFO  segmented.SegmentedRaftLogWorker (SegmentedRaftLogWorker.java:startLogSegment(385)) - b028e2eb-b728-4e3f-8a5a-c0a0c7a83e03@group-0D925A8B2439-SegmentedRaftLogWorker: Starting segment from index:0
2019-10-14 11:47:53,229 [832fd50e-d9ff-47f8-a960-98c66a98f86a@group-0D925A8B2439-SegmentedRaftLogWorker] INFO  segmented.SegmentedRaftLogWorker (SegmentedRaftLogWorker.java:execute(574)) - 832fd50e-d9ff-47f8-a960-98c66a98f86a@group-0D925A8B2439-SegmentedRaftLogWorker: created new log segment /workdir/hadoop-ozone/integration-test/target/test-dir/MiniOzoneClusterImpl-70ec8ae2-7faf-4a8c-b4a4-6e56eb0602b1/datanode-2/data/ratis/e4e0efd9-e6d3-48b0-bb28-0d925a8b2439/current/log_inprogress_0
2019-10-14 11:47:53,229 [832fd50e-d9ff-47f8-a960-98c66a98f86a@group-CD2A1F5DBA49-SegmentedRaftLogWorker] INFO  segmented.SegmentedRaftLogWorker (SegmentedRaftLogWorker.java:execute(574)) - 832fd50e-d9ff-47f8-a960-98c66a98f86a@group-CD2A1F5DBA49-SegmentedRaftLogWorker: created new log segment /workdir/hadoop-ozone/integration-test/target/test-dir/MiniOzoneClusterImpl-70ec8ae2-7faf-4a8c-b4a4-6e56eb0602b1/datanode-2/data/ratis/6de80a87-848f-41a2-bc96-cd2a1f5dba49/current/log_inprogress_0
2019-10-14 11:47:53,229 [13f7b347-0949-4e64-82cc-e591bbf46992@group-CD2A1F5DBA49-SegmentedRaftLogWorker] INFO  segmented.SegmentedRaftLogWorker (SegmentedRaftLogWorker.java:execute(574)) - 13f7b347-0949-4e64-82cc-e591bbf46992@group-CD2A1F5DBA49-SegmentedRaftLogWorker: created new log segment /workdir/hadoop-ozone/integration-test/target/test-dir/MiniOzoneClusterImpl-70ec8ae2-7faf-4a8c-b4a4-6e56eb0602b1/datanode-3/data/ratis/6de80a87-848f-41a2-bc96-cd2a1f5dba49/current/log_inprogress_0
2019-10-14 11:47:53,229 [b028e2eb-b728-4e3f-8a5a-c0a0c7a83e03@group-0D925A8B2439-SegmentedRaftLogWorker] INFO  segmented.SegmentedRaftLogWorker (SegmentedRaftLogWorker.java:execute(574)) - b028e2eb-b728-4e3f-8a5a-c0a0c7a83e03@group-0D925A8B2439-SegmentedRaftLogWorker: created new log segment /workdir/hadoop-ozone/integration-test/target/test-dir/MiniOzoneClusterImpl-70ec8ae2-7faf-4a8c-b4a4-6e56eb0602b1/datanode-5/data/ratis/e4e0efd9-e6d3-48b0-bb28-0d925a8b2439/current/log_inprogress_0
2019-10-14 11:47:54,171 [Thread-353] INFO  impl.FollowerState (FollowerState.java:run(108)) - 13f7b347-0949-4e64-82cc-e591bbf46992@group-E4E74E988DEB-FollowerState: change to CANDIDATE, lastRpcTime:1124ms, electionTimeout:1120ms
2019-10-14 11:47:54,172 [Thread-353] INFO  impl.RoleInfo (RoleInfo.java:shutdownFollowerState(121)) - 13f7b347-0949-4e64-82cc-e591bbf46992: shutdown FollowerState
2019-10-14 11:47:54,172 [Thread-353] INFO  impl.RaftServerImpl (RaftServerImpl.java:setRole(170)) - 13f7b347-0949-4e64-82cc-e591bbf46992@group-E4E74E988DEB: changes role from  FOLLOWER to CANDIDATE at term 1 for changeToCandidate
2019-10-14 11:47:54,172 [Thread-353] INFO  impl.RoleInfo (RoleInfo.java:updateAndGet(143)) - 13f7b347-0949-4e64-82cc-e591bbf46992: start LeaderElection
2019-10-14 11:47:54,176 [Thread-357] INFO  impl.FollowerState (FollowerState.java:run(108)) - 832fd50e-d9ff-47f8-a960-98c66a98f86a@group-E4E74E988DEB-FollowerState: change to CANDIDATE, lastRpcTime:1093ms, electionTimeout:1092ms
2019-10-14 11:47:54,176 [Thread-357] INFO  impl.RoleInfo (RoleInfo.java:shutdownFollowerState(121)) - 832fd50e-d9ff-47f8-a960-98c66a98f86a: shutdown FollowerState
2019-10-14 11:47:54,176 [Thread-357] INFO  impl.RaftServerImpl (RaftServerImpl.java:setRole(170)) - 832fd50e-d9ff-47f8-a960-98c66a98f86a@group-E4E74E988DEB: changes role from  FOLLOWER to CANDIDATE at term 1 for changeToCandidate
2019-10-14 11:47:54,177 [Thread-357] INFO  impl.RoleInfo (RoleInfo.java:updateAndGet(143)) - 832fd50e-d9ff-47f8-a960-98c66a98f86a: start LeaderElection
2019-10-14 11:47:54,190 [Thread-354] INFO  impl.FollowerState (FollowerState.java:run(108)) - b028e2eb-b728-4e3f-8a5a-c0a0c7a83e03@group-E4E74E988DEB-FollowerState: change to CANDIDATE, lastRpcTime:1133ms, electionTimeout:1131ms
2019-10-14 11:47:54,190 [Thread-354] INFO  impl.RoleInfo (RoleInfo.java:shutdownFollowerState(121)) - b028e2eb-b728-4e3f-8a5a-c0a0c7a83e03: shutdown FollowerState
2019-10-14 11:47:54,190 [Thread-354] INFO  impl.RaftServerImpl (RaftServerImpl.java:setRole(170)) - b028e2eb-b728-4e3f-8a5a-c0a0c7a83e03@group-E4E74E988DEB: changes role from  FOLLOWER to CANDIDATE at term 1 for changeToCandidate
2019-10-14 11:47:54,190 [Thread-354] INFO  impl.RoleInfo (RoleInfo.java:updateAndGet(143)) - b028e2eb-b728-4e3f-8a5a-c0a0c7a83e03: start LeaderElection
2019-10-14 11:47:54,203 [13f7b347-0949-4e64-82cc-e591bbf46992@group-E4E74E988DEB-LeaderElection10] INFO  impl.LeaderElection (LeaderElection.java:askForVotes(178)) - 13f7b347-0949-4e64-82cc-e591bbf46992@group-E4E74E988DEB-LeaderElection10: begin an election at term 2 for -1: [13f7b347-0949-4e64-82cc-e591bbf46992:192.168.164.236:44843, b028e2eb-b728-4e3f-8a5a-c0a0c7a83e03:192.168.164.236:45036, 832fd50e-d9ff-47f8-a960-98c66a98f86a:192.168.164.236:36951], old=null
2019-10-14 11:47:54,203 [832fd50e-d9ff-47f8-a960-98c66a98f86a@group-E4E74E988DEB-LeaderElection11] INFO  impl.LeaderElection (LeaderElection.java:askForVotes(178)) - 832fd50e-d9ff-47f8-a960-98c66a98f86a@group-E4E74E988DEB-LeaderElection11: begin an election at term 2 for -1: [13f7b347-0949-4e64-82cc-e591bbf46992:192.168.164.236:44843, b028e2eb-b728-4e3f-8a5a-c0a0c7a83e03:192.168.164.236:45036, 832fd50e-d9ff-47f8-a960-98c66a98f86a:192.168.164.236:36951], old=null
2019-10-14 11:47:54,226 [b028e2eb-b728-4e3f-8a5a-c0a0c7a83e03@group-E4E74E988DEB-LeaderElection12] INFO  impl.LeaderElection (LeaderElection.java:askForVotes(178)) - b028e2eb-b728-4e3f-8a5a-c0a0c7a83e03@group-E4E74E988DEB-LeaderElection12: begin an election at term 2 for -1: [13f7b347-0949-4e64-82cc-e591bbf46992:192.168.164.236:44843, b028e2eb-b728-4e3f-8a5a-c0a0c7a83e03:192.168.164.236:45036, 832fd50e-d9ff-47f8-a960-98c66a98f86a:192.168.164.236:36951], old=null
2019-10-14 11:47:54,228 [832fd50e-d9ff-47f8-a960-98c66a98f86a@group-E4E74E988DEB-LeaderElection11] INFO  impl.LeaderElection (LeaderElection.java:logAndReturn(56)) - 832fd50e-d9ff-47f8-a960-98c66a98f86a@group-E4E74E988DEB-LeaderElection11: Election REJECTED; received 2 response(s) [832fd50e-d9ff-47f8-a960-98c66a98f86a<-13f7b347-0949-4e64-82cc-e591bbf46992#0:FAIL-t2, 832fd50e-d9ff-47f8-a960-98c66a98f86a<-b028e2eb-b728-4e3f-8a5a-c0a0c7a83e03#0:FAIL-t2] and 0 exception(s); 832fd50e-d9ff-47f8-a960-98c66a98f86a@group-E4E74E988DEB:t2, leader=null, voted=832fd50e-d9ff-47f8-a960-98c66a98f86a, raftlog=832fd50e-d9ff-47f8-a960-98c66a98f86a@group-E4E74E988DEB-SegmentedRaftLog:OPENED:c-1,f-1,i0, conf=-1: [13f7b347-0949-4e64-82cc-e591bbf46992:192.168.164.236:44843, b028e2eb-b728-4e3f-8a5a-c0a0c7a83e03:192.168.164.236:45036, 832fd50e-d9ff-47f8-a960-98c66a98f86a:192.168.164.236:36951], old=null
2019-10-14 11:47:54,228 [832fd50e-d9ff-47f8-a960-98c66a98f86a@group-E4E74E988DEB-LeaderElection11] INFO  impl.RaftServerImpl (RaftServerImpl.java:setRole(170)) - 832fd50e-d9ff-47f8-a960-98c66a98f86a@group-E4E74E988DEB: changes role from CANDIDATE to FOLLOWER at term 2 for DISCOVERED_A_NEW_TERM
2019-10-14 11:47:54,228 [13f7b347-0949-4e64-82cc-e591bbf46992@group-E4E74E988DEB-LeaderElection10] INFO  impl.LeaderElection (LeaderElection.java:logAndReturn(56)) - 13f7b347-0949-4e64-82cc-e591bbf46992@group-E4E74E988DEB-LeaderElection10: Election REJECTED; received 2 response(s) [13f7b347-0949-4e64-82cc-e591bbf46992<-b028e2eb-b728-4e3f-8a5a-c0a0c7a83e03#0:FAIL-t2, 13f7b347-0949-4e64-82cc-e591bbf46992<-832fd50e-d9ff-47f8-a960-98c66a98f86a#0:FAIL-t2] and 0 exception(s); 13f7b347-0949-4e64-82cc-e591bbf46992@group-E4E74E988DEB:t2, leader=null, voted=13f7b347-0949-4e64-82cc-e591bbf46992, raftlog=13f7b347-0949-4e64-82cc-e591bbf46992@group-E4E74E988DEB-SegmentedRaftLog:OPENED:c-1,f-1,i0, conf=-1: [13f7b347-0949-4e64-82cc-e591bbf46992:192.168.164.236:44843, b028e2eb-b728-4e3f-8a5a-c0a0c7a83e03:192.168.164.236:45036, 832fd50e-d9ff-47f8-a960-98c66a98f86a:192.168.164.236:36951], old=null
2019-10-14 11:47:54,234 [832fd50e-d9ff-47f8-a960-98c66a98f86a@group-E4E74E988DEB-LeaderElection11] INFO  impl.RoleInfo (RoleInfo.java:shutdownLeaderElection(134)) - 832fd50e-d9ff-47f8-a960-98c66a98f86a: shutdown LeaderElection
2019-10-14 11:47:54,236 [13f7b347-0949-4e64-82cc-e591bbf46992@group-E4E74E988DEB-LeaderElection10] INFO  impl.RaftServerImpl (RaftServerImpl.java:setRole(170)) - 13f7b347-0949-4e64-82cc-e591bbf46992@group-E4E74E988DEB: changes role from CANDIDATE to FOLLOWER at term 2 for DISCOVERED_A_NEW_TERM
2019-10-14 11:47:54,240 [832fd50e-d9ff-47f8-a960-98c66a98f86a@group-E4E74E988DEB-LeaderElection11] INFO  impl.RoleInfo (RoleInfo.java:updateAndGet(143)) - 832fd50e-d9ff-47f8-a960-98c66a98f86a: start FollowerState
2019-10-14 11:47:54,240 [13f7b347-0949-4e64-82cc-e591bbf46992@group-E4E74E988DEB-LeaderElection10] INFO  impl.RoleInfo (RoleInfo.java:shutdownLeaderElection(134)) - 13f7b347-0949-4e64-82cc-e591bbf46992: shutdown LeaderElection
2019-10-14 11:47:54,243 [13f7b347-0949-4e64-82cc-e591bbf46992@group-E4E74E988DEB-LeaderElection10] INFO  impl.RoleInfo (RoleInfo.java:updateAndGet(143)) - 13f7b347-0949-4e64-82cc-e591bbf46992: start FollowerState
2019-10-14 11:47:54,251 [b028e2eb-b728-4e3f-8a5a-c0a0c7a83e03@group-E4E74E988DEB-LeaderElection12] INFO  impl.LeaderElection (LeaderElection.java:logAndReturn(56)) - b028e2eb-b728-4e3f-8a5a-c0a0c7a83e03@group-E4E74E988DEB-LeaderElection12: Election REJECTED; received 2 response(s) [b028e2eb-b728-4e3f-8a5a-c0a0c7a83e03<-13f7b347-0949-4e64-82cc-e591bbf46992#0:FAIL-t2, b028e2eb-b728-4e3f-8a5a-c0a0c7a83e03<-832fd50e-d9ff-47f8-a960-98c66a98f86a#0:FAIL-t2] and 0 exception(s); b028e2eb-b728-4e3f-8a5a-c0a0c7a83e03@group-E4E74E988DEB:t2, leader=null, voted=b028e2eb-b728-4e3f-8a5a-c0a0c7a83e03, raftlog=b028e2eb-b728-4e3f-8a5a-c0a0c7a83e03@group-E4E74E988DEB-SegmentedRaftLog:OPENED:c-1,f-1,i0, conf=-1: [13f7b347-0949-4e64-82cc-e591bbf46992:192.168.164.236:44843, b028e2eb-b728-4e3f-8a5a-c0a0c7a83e03:192.168.164.236:45036, 832fd50e-d9ff-47f8-a960-98c66a98f86a:192.168.164.236:36951], old=null
2019-10-14 11:47:54,252 [b028e2eb-b728-4e3f-8a5a-c0a0c7a83e03@group-E4E74E988DEB-LeaderElection12] INFO  impl.RaftServerImpl (RaftServerImpl.java:setRole(170)) - b028e2eb-b728-4e3f-8a5a-c0a0c7a83e03@group-E4E74E988DEB: changes role from CANDIDATE to FOLLOWER at term 2 for DISCOVERED_A_NEW_TERM
2019-10-14 11:47:54,254 [b028e2eb-b728-4e3f-8a5a-c0a0c7a83e03@group-E4E74E988DEB-LeaderElection12] INFO  impl.RoleInfo (RoleInfo.java:shutdownLeaderElection(134)) - b028e2eb-b728-4e3f-8a5a-c0a0c7a83e03: shutdown LeaderElection
2019-10-14 11:47:54,254 [b028e2eb-b728-4e3f-8a5a-c0a0c7a83e03@group-E4E74E988DEB-LeaderElection12] INFO  impl.RoleInfo (RoleInfo.java:updateAndGet(143)) - b028e2eb-b728-4e3f-8a5a-c0a0c7a83e03: start FollowerState
2019-10-14 11:47:55,364 [Thread-386] INFO  impl.FollowerState (FollowerState.java:run(108)) - 13f7b347-0949-4e64-82cc-e591bbf46992@group-E4E74E988DEB-FollowerState: change to CANDIDATE, lastRpcTime:1121ms, electionTimeout:1114ms
2019-10-14 11:47:55,368 [Thread-386] INFO  impl.RoleInfo (RoleInfo.java:shutdownFollowerState(121)) - 13f7b347-0949-4e64-82cc-e591bbf46992: shutdown FollowerState
2019-10-14 11:47:55,368 [Thread-386] INFO  impl.RaftServerImpl (RaftServerImpl.java:setRole(170)) - 13f7b347-0949-4e64-82cc-e591bbf46992@group-E4E74E988DEB: changes role from  FOLLOWER to CANDIDATE at term 2 for changeToCandidate
2019-10-14 11:47:55,368 [Thread-386] INFO  impl.RoleInfo (RoleInfo.java:updateAndGet(143)) - 13f7b347-0949-4e64-82cc-e591bbf46992: start LeaderElection
2019-10-14 11:47:55,391 [Thread-385] INFO  impl.FollowerState (FollowerState.java:run(108)) - 832fd50e-d9ff-47f8-a960-98c66a98f86a@group-E4E74E988DEB-FollowerState: change to CANDIDATE, lastRpcTime:1150ms, electionTimeout:1148ms
2019-10-14 11:47:55,391 [Thread-385] INFO  impl.RoleInfo (RoleInfo.java:shutdownFollowerState(121)) - 832fd50e-d9ff-47f8-a960-98c66a98f86a: shutdown FollowerState
2019-10-14 11:47:55,391 [Thread-385] INFO  impl.RaftServerImpl (RaftServerImpl.java:setRole(170)) - 832fd50e-d9ff-47f8-a960-98c66a98f86a@group-E4E74E988DEB: changes role from  FOLLOWER to CANDIDATE at term 2 for changeToCandidate
2019-10-14 11:47:55,391 [Thread-385] INFO  impl.RoleInfo (RoleInfo.java:updateAndGet(143)) - 832fd50e-d9ff-47f8-a960-98c66a98f86a: start LeaderElection
2019-10-14 11:47:55,414 [Thread-387] INFO  impl.FollowerState (FollowerState.java:run(108)) - b028e2eb-b728-4e3f-8a5a-c0a0c7a83e03@group-E4E74E988DEB-FollowerState: change to CANDIDATE, lastRpcTime:1160ms, electionTimeout:1158ms
2019-10-14 11:47:55,414 [Thread-387] INFO  impl.RoleInfo (RoleInfo.java:shutdownFollowerState(121)) - b028e2eb-b728-4e3f-8a5a-c0a0c7a83e03: shutdown FollowerState
2019-10-14 11:47:55,414 [Thread-387] INFO  impl.RaftServerImpl (RaftServerImpl.java:setRole(170)) - b028e2eb-b728-4e3f-8a5a-c0a0c7a83e03@group-E4E74E988DEB: changes role from  FOLLOWER to CANDIDATE at term 2 for changeToCandidate
2019-10-14 11:47:55,415 [Thread-387] INFO  impl.RoleInfo (RoleInfo.java:updateAndGet(143)) - b028e2eb-b728-4e3f-8a5a-c0a0c7a83e03: start LeaderElection
2019-10-14 11:47:55,670 [13f7b347-0949-4e64-82cc-e591bbf46992@group-E4E74E988DEB-LeaderElection13] INFO  impl.LeaderElection (LeaderElection.java:askForVotes(178)) - 13f7b347-0949-4e64-82cc-e591bbf46992@group-E4E74E988DEB-LeaderElection13: begin an election at term 3 for -1: [13f7b347-0949-4e64-82cc-e591bbf46992:192.168.164.236:44843, b028e2eb-b728-4e3f-8a5a-c0a0c7a83e03:192.168.164.236:45036, 832fd50e-d9ff-47f8-a960-98c66a98f86a:192.168.164.236:36951], old=null
2019-10-14 11:47:55,689 [832fd50e-d9ff-47f8-a960-98c66a98f86a@group-E4E74E988DEB-LeaderElection14] INFO  impl.LeaderElection (LeaderElection.java:askForVotes(178)) - 832fd50e-d9ff-47f8-a960-98c66a98f86a@group-E4E74E988DEB-LeaderElection14: begin an election at term 3 for -1: [13f7b347-0949-4e64-82cc-e591bbf46992:192.168.164.236:44843, b028e2eb-b728-4e3f-8a5a-c0a0c7a83e03:192.168.164.236:45036, 832fd50e-d9ff-47f8-a960-98c66a98f86a:192.168.164.236:36951], old=null
2019-10-14 11:47:55,689 [b028e2eb-b728-4e3f-8a5a-c0a0c7a83e03@group-E4E74E988DEB-LeaderElection15] INFO  impl.LeaderElection (LeaderElection.java:askForVotes(178)) - b028e2eb-b728-4e3f-8a5a-c0a0c7a83e03@group-E4E74E988DEB-LeaderElection15: begin an election at term 3 for -1: [13f7b347-0949-4e64-82cc-e591bbf46992:192.168.164.236:44843, b028e2eb-b728-4e3f-8a5a-c0a0c7a83e03:192.168.164.236:45036, 832fd50e-d9ff-47f8-a960-98c66a98f86a:192.168.164.236:36951], old=null
2019-10-14 11:47:55,692 [13f7b347-0949-4e64-82cc-e591bbf46992@group-E4E74E988DEB-LeaderElection13] INFO  impl.LeaderElection (LeaderElection.java:logAndReturn(56)) - 13f7b347-0949-4e64-82cc-e591bbf46992@group-E4E74E988DEB-LeaderElection13: Election REJECTED; received 2 response(s) [13f7b347-0949-4e64-82cc-e591bbf46992<-b028e2eb-b728-4e3f-8a5a-c0a0c7a83e03#0:FAIL-t3, 13f7b347-0949-4e64-82cc-e591bbf46992<-832fd50e-d9ff-47f8-a960-98c66a98f86a#0:FAIL-t3] and 0 exception(s); 13f7b347-0949-4e64-82cc-e591bbf46992@group-E4E74E988DEB:t3, leader=null, voted=13f7b347-0949-4e64-82cc-e591bbf46992, raftlog=13f7b347-0949-4e64-82cc-e591bbf46992@group-E4E74E988DEB-SegmentedRaftLog:OPENED:c-1,f-1,i0, conf=-1: [13f7b347-0949-4e64-82cc-e591bbf46992:192.168.164.236:44843, b028e2eb-b728-4e3f-8a5a-c0a0c7a83e03:192.168.164.236:45036, 832fd50e-d9ff-47f8-a960-98c66a98f86a:192.168.164.236:36951], old=null
2019-10-14 11:47:55,695 [13f7b347-0949-4e64-82cc-e591bbf46992@group-E4E74E988DEB-LeaderElection13] INFO  impl.RaftServerImpl (RaftServerImpl.java:setRole(170)) - 13f7b347-0949-4e64-82cc-e591bbf46992@group-E4E74E988DEB: changes role from CANDIDATE to FOLLOWER at term 3 for DISCOVERED_A_NEW_TERM
2019-10-14 11:47:55,700 [13f7b347-0949-4e64-82cc-e591bbf46992@group-E4E74E988DEB-LeaderElection13] INFO  impl.RoleInfo (RoleInfo.java:shutdownLeaderElection(134)) - 13f7b347-0949-4e64-82cc-e591bbf46992: shutdown LeaderElection
2019-10-14 11:47:55,700 [13f7b347-0949-4e64-82cc-e591bbf46992@group-E4E74E988DEB-LeaderElection13] INFO  impl.RoleInfo (RoleInfo.java:updateAndGet(143)) - 13f7b347-0949-4e64-82cc-e591bbf46992: start FollowerState
2019-10-14 11:47:55,710 [b028e2eb-b728-4e3f-8a5a-c0a0c7a83e03@group-E4E74E988DEB-LeaderElection15] INFO  impl.LeaderElection (LeaderElection.java:logAndReturn(56)) - b028e2eb-b728-4e3f-8a5a-c0a0c7a83e03@group-E4E74E988DEB-LeaderElection15: Election REJECTED; received 2 response(s) [b028e2eb-b728-4e3f-8a5a-c0a0c7a83e03<-13f7b347-0949-4e64-82cc-e591bbf46992#0:FAIL-t3, b028e2eb-b728-4e3f-8a5a-c0a0c7a83e03<-832fd50e-d9ff-47f8-a960-98c66a98f86a#0:FAIL-t3] and 0 exception(s); b028e2eb-b728-4e3f-8a5a-c0a0c7a83e03@group-E4E74E988DEB:t3, leader=null, voted=b028e2eb-b728-4e3f-8a5a-c0a0c7a83e03, raftlog=b028e2eb-b728-4e3f-8a5a-c0a0c7a83e03@group-E4E74E988DEB-SegmentedRaftLog:OPENED:c-1,f-1,i0, conf=-1: [13f7b347-0949-4e64-82cc-e591bbf46992:192.168.164.236:44843, b028e2eb-b728-4e3f-8a5a-c0a0c7a83e03:192.168.164.236:45036, 832fd50e-d9ff-47f8-a960-98c66a98f86a:192.168.164.236:36951], old=null
2019-10-14 11:47:55,712 [b028e2eb-b728-4e3f-8a5a-c0a0c7a83e03@group-E4E74E988DEB-LeaderElection15] INFO  impl.RaftServerImpl (RaftServerImpl.java:setRole(170)) - b028e2eb-b728-4e3f-8a5a-c0a0c7a83e03@group-E4E74E988DEB: changes role from CANDIDATE to FOLLOWER at term 3 for DISCOVERED_A_NEW_TERM
2019-10-14 11:47:55,715 [b028e2eb-b728-4e3f-8a5a-c0a0c7a83e03@group-E4E74E988DEB-LeaderElection15] INFO  impl.RoleInfo (RoleInfo.java:shutdownLeaderElection(134)) - b028e2eb-b728-4e3f-8a5a-c0a0c7a83e03: shutdown LeaderElection
2019-10-14 11:47:55,715 [b028e2eb-b728-4e3f-8a5a-c0a0c7a83e03@group-E4E74E988DEB-LeaderElection15] INFO  impl.RoleInfo (RoleInfo.java:updateAndGet(143)) - b028e2eb-b728-4e3f-8a5a-c0a0c7a83e03: start FollowerState
2019-10-14 11:47:55,717 [832fd50e-d9ff-47f8-a960-98c66a98f86a@group-E4E74E988DEB-LeaderElection14] INFO  impl.LeaderElection (LeaderElection.java:logAndReturn(56)) - 832fd50e-d9ff-47f8-a960-98c66a98f86a@group-E4E74E988DEB-LeaderElection14: Election REJECTED; received 2 response(s) [832fd50e-d9ff-47f8-a960-98c66a98f86a<-13f7b347-0949-4e64-82cc-e591bbf46992#0:FAIL-t3, 832fd50e-d9ff-47f8-a960-98c66a98f86a<-b028e2eb-b728-4e3f-8a5a-c0a0c7a83e03#0:FAIL-t3] and 0 exception(s); 832fd50e-d9ff-47f8-a960-98c66a98f86a@group-E4E74E988DEB:t3, leader=null, voted=832fd50e-d9ff-47f8-a960-98c66a98f86a, raftlog=832fd50e-d9ff-47f8-a960-98c66a98f86a@group-E4E74E988DEB-SegmentedRaftLog:OPENED:c-1,f-1,i0, conf=-1: [13f7b347-0949-4e64-82cc-e591bbf46992:192.168.164.236:44843, b028e2eb-b728-4e3f-8a5a-c0a0c7a83e03:192.168.164.236:45036, 832fd50e-d9ff-47f8-a960-98c66a98f86a:192.168.164.236:36951], old=null
2019-10-14 11:47:55,719 [832fd50e-d9ff-47f8-a960-98c66a98f86a@group-E4E74E988DEB-LeaderElection14] INFO  impl.RaftServerImpl (RaftServerImpl.java:setRole(170)) - 832fd50e-d9ff-47f8-a960-98c66a98f86a@group-E4E74E988DEB: changes role from CANDIDATE to FOLLOWER at term 3 for DISCOVERED_A_NEW_TERM
2019-10-14 11:47:55,722 [832fd50e-d9ff-47f8-a960-98c66a98f86a@group-E4E74E988DEB-LeaderElection14] INFO  impl.RoleInfo (RoleInfo.java:shutdownLeaderElection(134)) - 832fd50e-d9ff-47f8-a960-98c66a98f86a: shutdown LeaderElection
2019-10-14 11:47:55,722 [832fd50e-d9ff-47f8-a960-98c66a98f86a@group-E4E74E988DEB-LeaderElection14] INFO  impl.RoleInfo (RoleInfo.java:updateAndGet(143)) - 832fd50e-d9ff-47f8-a960-98c66a98f86a: start FollowerState
2019-10-14 11:47:56,346 [main] INFO  ozoneimpl.OzoneContainer (OzoneContainer.java:stop(227)) - Attempting to stop container services.
2019-10-14 11:47:56,346 [ForkJoinPool.commonPool-worker-1] INFO  ozoneimpl.OzoneContainer (OzoneContainer.java:stop(227)) - Attempting to stop container services.
2019-10-14 11:47:56,350 [main] INFO  impl.RaftServerProxy (RaftServerProxy.java:lambda$close$4(314)) - b028e2eb-b728-4e3f-8a5a-c0a0c7a83e03: close
2019-10-14 11:47:56,350 [ForkJoinPool.commonPool-worker-1] INFO  impl.RaftServerProxy (RaftServerProxy.java:lambda$close$4(314)) - 832fd50e-d9ff-47f8-a960-98c66a98f86a: close
2019-10-14 11:47:56,352 [main] INFO  impl.RaftServerImpl (RaftServerImpl.java:lambda$shutdown$3(247)) - b028e2eb-b728-4e3f-8a5a-c0a0c7a83e03@group-0D925A8B2439: shutdown
2019-10-14 11:47:56,352 [ForkJoinPool.commonPool-worker-1] INFO  impl.RaftServerImpl (RaftServerImpl.java:lambda$shutdown$3(247)) - 832fd50e-d9ff-47f8-a960-98c66a98f86a@group-E4E74E988DEB: shutdown
2019-10-14 11:47:56,352 [main] INFO  util.JmxRegister (JmxRegister.java:unregister(73)) - Successfully un-registered JMX Bean with object name Ratis:service=RaftServer,group=group-0D925A8B2439,id=b028e2eb-b728-4e3f-8a5a-c0a0c7a83e03
2019-10-14 11:47:56,352 [ForkJoinPool.commonPool-worker-1] INFO  util.JmxRegister (JmxRegister.java:unregister(73)) - Successfully un-registered JMX Bean with object name Ratis:service=RaftServer,group=group-E4E74E988DEB,id=832fd50e-d9ff-47f8-a960-98c66a98f86a
2019-10-14 11:47:56,352 [main] INFO  impl.RoleInfo (RoleInfo.java:shutdownFollowerState(121)) - b028e2eb-b728-4e3f-8a5a-c0a0c7a83e03: shutdown FollowerState
2019-10-14 11:47:56,353 [ForkJoinPool.commonPool-worker-1] INFO  impl.RoleInfo (RoleInfo.java:shutdownFollowerState(121)) - 832fd50e-d9ff-47f8-a960-98c66a98f86a: shutdown FollowerState
2019-10-14 11:47:56,353 [Thread-351] INFO  impl.FollowerState (FollowerState.java:run(117)) - b028e2eb-b728-4e3f-8a5a-c0a0c7a83e03@group-0D925A8B2439-FollowerState was interrupted: java.lang.InterruptedException: sleep interrupted
2019-10-14 11:47:56,353 [main] INFO  impl.StateMachineUpdater (StateMachineUpdater.java:stopAndJoin(136)) - b028e2eb-b728-4e3f-8a5a-c0a0c7a83e03@group-0D925A8B2439-StateMachineUpdater: set stopIndex = 0
2019-10-14 11:47:56,353 [ForkJoinPool.commonPool-worker-1] INFO  impl.StateMachineUpdater (StateMachineUpdater.java:stopAndJoin(136)) - 832fd50e-d9ff-47f8-a960-98c66a98f86a@group-E4E74E988DEB-StateMachineUpdater: set stopIndex = -1
2019-10-14 11:47:56,353 [Thread-411] INFO  impl.FollowerState (FollowerState.java:run(117)) - 832fd50e-d9ff-47f8-a960-98c66a98f86a@group-E4E74E988DEB-FollowerState was interrupted: java.lang.InterruptedException: sleep interrupted
2019-10-14 11:47:56,364 [ForkJoinPool.commonPool-worker-1] INFO  impl.RaftServerImpl (ServerState.java:close(387)) - 832fd50e-d9ff-47f8-a960-98c66a98f86a@group-E4E74E988DEB: closes. applyIndex: -1
2019-10-14 11:47:56,364 [main] INFO  impl.RaftServerImpl (ServerState.java:close(387)) - b028e2eb-b728-4e3f-8a5a-c0a0c7a83e03@group-0D925A8B2439: closes. applyIndex: 0
2019-10-14 11:47:56,367 [b028e2eb-b728-4e3f-8a5a-c0a0c7a83e03@group-0D925A8B2439-SegmentedRaftLogWorker] INFO  segmented.SegmentedRaftLogWorker (SegmentedRaftLogWorker.java:run(316)) - b028e2eb-b728-4e3f-8a5a-c0a0c7a83e03@group-0D925A8B2439-SegmentedRaftLogWorker was interrupted, exiting. There are 0 tasks remaining in the queue.
2019-10-14 11:47:56,367 [832fd50e-d9ff-47f8-a960-98c66a98f86a@group-E4E74E988DEB-SegmentedRaftLogWorker] INFO  segmented.SegmentedRaftLogWorker (SegmentedRaftLogWorker.java:run(316)) - 832fd50e-d9ff-47f8-a960-98c66a98f86a@group-E4E74E988DEB-SegmentedRaftLogWorker was interrupted, exiting. There are 0 tasks remaining in the queue.
2019-10-14 11:47:56,370 [ForkJoinPool.commonPool-worker-1] INFO  segmented.SegmentedRaftLogWorker (SegmentedRaftLogWorker.java:close(224)) - 832fd50e-d9ff-47f8-a960-98c66a98f86a@group-E4E74E988DEB-SegmentedRaftLogWorker close()
2019-10-14 11:47:56,370 [main] INFO  segmented.SegmentedRaftLogWorker (SegmentedRaftLogWorker.java:close(224)) - b028e2eb-b728-4e3f-8a5a-c0a0c7a83e03@group-0D925A8B2439-SegmentedRaftLogWorker close()
2019-10-14 11:47:56,376 [ForkJoinPool.commonPool-worker-1] INFO  impl.RaftServerImpl (RaftServerImpl.java:lambda$shutdown$3(247)) - 832fd50e-d9ff-47f8-a960-98c66a98f86a@group-9C67A16ECE8A: shutdown
2019-10-14 11:47:56,376 [main] INFO  impl.RaftServerImpl (RaftServerImpl.java:lambda$shutdown$3(247)) - b028e2eb-b728-4e3f-8a5a-c0a0c7a83e03@group-E4E74E988DEB: shutdown
2019-10-14 11:47:56,376 [ForkJoinPool.commonPool-worker-1] INFO  util.JmxRegister (JmxRegister.java:unregister(73)) - Successfully un-registered JMX Bean with object name Ratis:service=RaftServer,group=group-9C67A16ECE8A,id=832fd50e-d9ff-47f8-a960-98c66a98f86a
2019-10-14 11:47:56,377 [main] INFO  util.JmxRegister (JmxRegister.java:unregister(73)) - Successfully un-registered JMX Bean with object name Ratis:service=RaftServer,group=group-E4E74E988DEB,id=b028e2eb-b728-4e3f-8a5a-c0a0c7a83e03
2019-10-14 11:47:56,377 [ForkJoinPool.commonPool-worker-1] INFO  impl.RoleInfo (RoleInfo.java:shutdownLeaderState(104)) - 832fd50e-d9ff-47f8-a960-98c66a98f86a: shutdown LeaderState
2019-10-14 11:47:56,377 [main] INFO  impl.RoleInfo (RoleInfo.java:shutdownFollowerState(121)) - b028e2eb-b728-4e3f-8a5a-c0a0c7a83e03: shutdown FollowerState
2019-10-14 11:47:56,377 [main] INFO  impl.StateMachineUpdater (StateMachineUpdater.java:stopAndJoin(136)) - b028e2eb-b728-4e3f-8a5a-c0a0c7a83e03@group-E4E74E988DEB-StateMachineUpdater: set stopIndex = -1
2019-10-14 11:47:56,377 [Thread-410] INFO  impl.FollowerState (FollowerState.java:run(117)) - b028e2eb-b728-4e3f-8a5a-c0a0c7a83e03@group-E4E74E988DEB-FollowerState was interrupted: java.lang.InterruptedException: sleep interrupted
2019-10-14 11:47:56,378 [ForkJoinPool.commonPool-worker-1] INFO  impl.PendingRequests (PendingRequests.java:sendNotLeaderResponses(202)) - 832fd50e-d9ff-47f8-a960-98c66a98f86a@group-9C67A16ECE8A-PendingRequests: sendNotLeaderResponses
2019-10-14 11:47:56,378 [main] INFO  impl.RaftServerImpl (ServerState.java:close(387)) - b028e2eb-b728-4e3f-8a5a-c0a0c7a83e03@group-E4E74E988DEB: closes. applyIndex: -1
2019-10-14 11:47:56,385 [b028e2eb-b728-4e3f-8a5a-c0a0c7a83e03@group-E4E74E988DEB-SegmentedRaftLogWorker] INFO  segmented.SegmentedRaftLogWorker (SegmentedRaftLogWorker.java:run(316)) - b028e2eb-b728-4e3f-8a5a-c0a0c7a83e03@group-E4E74E988DEB-SegmentedRaftLogWorker was interrupted, exiting. There are 0 tasks remaining in the queue.
2019-10-14 11:47:56,385 [main] INFO  segmented.SegmentedRaftLogWorker (SegmentedRaftLogWorker.java:close(224)) - b028e2eb-b728-4e3f-8a5a-c0a0c7a83e03@group-E4E74E988DEB-SegmentedRaftLogWorker close()
2019-10-14 11:47:56,389 [main] INFO  impl.RaftServerImpl (RaftServerImpl.java:lambda$shutdown$3(247)) - b028e2eb-b728-4e3f-8a5a-c0a0c7a83e03@group-CD2A1F5DBA49: shutdown
2019-10-14 11:47:56,389 [main] INFO  util.JmxRegister (JmxRegister.java:unregister(73)) - Successfully un-registered JMX Bean with object name Ratis:service=RaftServer,group=group-CD2A1F5DBA49,id=b028e2eb-b728-4e3f-8a5a-c0a0c7a83e03
2019-10-14 11:47:56,389 [ForkJoinPool.commonPool-worker-1] INFO  impl.StateMachineUpdater (StateMachineUpdater.java:stopAndJoin(136)) - 832fd50e-d9ff-47f8-a960-98c66a98f86a@group-9C67A16ECE8A-StateMachineUpdater: set stopIndex = 0
2019-10-14 11:47:56,389 [main] INFO  impl.RoleInfo (RoleInfo.java:shutdownLeaderState(104)) - b028e2eb-b728-4e3f-8a5a-c0a0c7a83e03: shutdown LeaderState
2019-10-14 11:47:56,389 [ForkJoinPool.commonPool-worker-1] INFO  impl.RaftServerImpl (ServerState.java:close(387)) - 832fd50e-d9ff-47f8-a960-98c66a98f86a@group-9C67A16ECE8A: closes. applyIndex: 0
2019-10-14 11:47:56,393 [main] INFO  impl.PendingRequests (PendingRequests.java:sendNotLeaderResponses(202)) - b028e2eb-b728-4e3f-8a5a-c0a0c7a83e03@group-CD2A1F5DBA49-PendingRequests: sendNotLeaderResponses
2019-10-14 11:47:56,396 [832fd50e-d9ff-47f8-a960-98c66a98f86a@group-9C67A16ECE8A-SegmentedRaftLogWorker] INFO  segmented.SegmentedRaftLogWorker (SegmentedRaftLogWorker.java:run(316)) - 832fd50e-d9ff-47f8-a960-98c66a98f86a@group-9C67A16ECE8A-SegmentedRaftLogWorker was interrupted, exiting. There are 0 tasks remaining in the queue.
2019-10-14 11:47:56,394 [org.apache.ratis.server.impl.LogAppender$AppenderDaemon$$Lambda$570/929851802@4af033b6] WARN  server.GrpcLogAppender (GrpcLogAppender.java:mayWait(143)) - b028e2eb-b728-4e3f-8a5a-c0a0c7a83e03@group-CD2A1F5DBA49->13f7b347-0949-4e64-82cc-e591bbf46992-GrpcLogAppender: Wait interrupted by java.lang.InterruptedException
2019-10-14 11:47:56,394 [org.apache.ratis.server.impl.LogAppender$AppenderDaemon$$Lambda$570/929851802@2b8564bf] WARN  server.GrpcLogAppender (GrpcLogAppender.java:mayWait(143)) - b028e2eb-b728-4e3f-8a5a-c0a0c7a83e03@group-CD2A1F5DBA49->832fd50e-d9ff-47f8-a960-98c66a98f86a-GrpcLogAppender: Wait interrupted by java.lang.InterruptedException
2019-10-14 11:47:56,398 [ForkJoinPool.commonPool-worker-1] INFO  segmented.SegmentedRaftLogWorker (SegmentedRaftLogWorker.java:close(224)) - 832fd50e-d9ff-47f8-a960-98c66a98f86a@group-9C67A16ECE8A-SegmentedRaftLogWorker close()
2019-10-14 11:47:56,396 [main] INFO  impl.StateMachineUpdater (StateMachineUpdater.java:stopAndJoin(136)) - b028e2eb-b728-4e3f-8a5a-c0a0c7a83e03@group-CD2A1F5DBA49-StateMachineUpdater: set stopIndex = 0
2019-10-14 11:47:56,401 [ForkJoinPool.commonPool-worker-1] INFO  impl.RaftServerImpl (RaftServerImpl.java:lambda$shutdown$3(247)) - 832fd50e-d9ff-47f8-a960-98c66a98f86a@group-0D925A8B2439: shutdown
2019-10-14 11:47:56,401 [main] INFO  impl.RaftServerImpl (ServerState.java:close(387)) - b028e2eb-b728-4e3f-8a5a-c0a0c7a83e03@group-CD2A1F5DBA49: closes. applyIndex: 0
2019-10-14 11:47:56,402 [ForkJoinPool.commonPool-worker-1] INFO  util.JmxRegister (JmxRegister.java:unregister(73)) - Successfully un-registered JMX Bean with object name Ratis:service=RaftServer,group=group-0D925A8B2439,id=832fd50e-d9ff-47f8-a960-98c66a98f86a
2019-10-14 11:47:56,402 [b028e2eb-b728-4e3f-8a5a-c0a0c7a83e03@group-CD2A1F5DBA49-SegmentedRaftLogWorker] INFO  segmented.SegmentedRaftLogWorker (SegmentedRaftLogWorker.java:run(316)) - b028e2eb-b728-4e3f-8a5a-c0a0c7a83e03@group-CD2A1F5DBA49-SegmentedRaftLogWorker was interrupted, exiting. There are 0 tasks remaining in the queue.
2019-10-14 11:47:56,402 [ForkJoinPool.commonPool-worker-1] INFO  impl.RoleInfo (RoleInfo.java:shutdownFollowerState(121)) - 832fd50e-d9ff-47f8-a960-98c66a98f86a: shutdown FollowerState
2019-10-14 11:47:56,404 [main] INFO  segmented.SegmentedRaftLogWorker (SegmentedRaftLogWorker.java:close(224)) - b028e2eb-b728-4e3f-8a5a-c0a0c7a83e03@group-CD2A1F5DBA49-SegmentedRaftLogWorker close()
2019-10-14 11:47:56,404 [Thread-336] INFO  impl.FollowerState (FollowerState.java:run(117)) - 832fd50e-d9ff-47f8-a960-98c66a98f86a@group-0D925A8B2439-FollowerState was interrupted: java.lang.InterruptedException: sleep interrupted
2019-10-14 11:47:56,404 [ForkJoinPool.commonPool-worker-1] INFO  impl.StateMachineUpdater (StateMachineUpdater.java:stopAndJoin(136)) - 832fd50e-d9ff-47f8-a960-98c66a98f86a@group-0D925A8B2439-StateMachineUpdater: set stopIndex = 0
2019-10-14 11:47:56,407 [ForkJoinPool.commonPool-worker-1] INFO  impl.RaftServerImpl (ServerState.java:close(387)) - 832fd50e-d9ff-47f8-a960-98c66a98f86a@group-0D925A8B2439: closes. applyIndex: 0
2019-10-14 11:47:56,407 [main] INFO  server.GrpcService (GrpcService.java:closeImpl(164)) - b028e2eb-b728-4e3f-8a5a-c0a0c7a83e03: shutdown server with port 45036 now
2019-10-14 11:47:56,408 [grpc-default-executor-3] INFO  server.GrpcServerProtocolService (GrpcServerProtocolService.java:onCompleted(113)) - 13f7b347-0949-4e64-82cc-e591bbf46992: Completed APPEND_ENTRIES, lastRequest: b028e2eb-b728-4e3f-8a5a-c0a0c7a83e03->13f7b347-0949-4e64-82cc-e591bbf46992#7-t1, previous=(t:1, i:0), leaderCommit=0, initializing? false, entries: <empty>
2019-10-14 11:47:56,407 [grpc-default-executor-0] INFO  server.GrpcServerProtocolService (GrpcServerProtocolService.java:onCompleted(113)) - 832fd50e-d9ff-47f8-a960-98c66a98f86a: Completed APPEND_ENTRIES, lastRequest: b028e2eb-b728-4e3f-8a5a-c0a0c7a83e03->832fd50e-d9ff-47f8-a960-98c66a98f86a#7-t1, previous=(t:1, i:0), leaderCommit=0, initializing? false, entries: <empty>
2019-10-14 11:47:56,407 [832fd50e-d9ff-47f8-a960-98c66a98f86a@group-0D925A8B2439-SegmentedRaftLogWorker] INFO  segmented.SegmentedRaftLogWorker (SegmentedRaftLogWorker.java:run(316)) - 832fd50e-d9ff-47f8-a960-98c66a98f86a@group-0D925A8B2439-SegmentedRaftLogWorker was interrupted, exiting. There are 0 tasks remaining in the queue.
2019-10-14 11:47:56,411 [ForkJoinPool.commonPool-worker-1] INFO  segmented.SegmentedRaftLogWorker (SegmentedRaftLogWorker.java:close(224)) - 832fd50e-d9ff-47f8-a960-98c66a98f86a@group-0D925A8B2439-SegmentedRaftLogWorker close()
2019-10-14 11:47:56,415 [ForkJoinPool.commonPool-worker-1] INFO  impl.RaftServerImpl (RaftServerImpl.java:lambda$shutdown$3(247)) - 832fd50e-d9ff-47f8-a960-98c66a98f86a@group-CD2A1F5DBA49: shutdown
2019-10-14 11:47:56,424 [grpc-default-executor-3] INFO  server.GrpcLogAppender (GrpcLogAppender.java:onCompleted(293)) - b028e2eb-b728-4e3f-8a5a-c0a0c7a83e03@group-CD2A1F5DBA49->832fd50e-d9ff-47f8-a960-98c66a98f86a-AppendLogResponseHandler: follower responses appendEntries COMPLETED
2019-10-14 11:47:56,415 [grpc-default-executor-0] INFO  server.GrpcLogAppender (GrpcLogAppender.java:onCompleted(293)) - b028e2eb-b728-4e3f-8a5a-c0a0c7a83e03@group-CD2A1F5DBA49->13f7b347-0949-4e64-82cc-e591bbf46992-AppendLogResponseHandler: follower responses appendEntries COMPLETED
2019-10-14 11:47:56,424 [ForkJoinPool.commonPool-worker-1] INFO  util.JmxRegister (JmxRegister.java:unregister(73)) - Successfully un-registered JMX Bean with object name Ratis:service=RaftServer,group=group-CD2A1F5DBA49,id=832fd50e-d9ff-47f8-a960-98c66a98f86a
2019-10-14 11:47:56,427 [ForkJoinPool.commonPool-worker-1] INFO  impl.RoleInfo (RoleInfo.java:shutdownFollowerState(121)) - 832fd50e-d9ff-47f8-a960-98c66a98f86a: shutdown FollowerState
2019-10-14 11:47:56,427 [ForkJoinPool.commonPool-worker-1] INFO  impl.StateMachineUpdater (StateMachineUpdater.java:stopAndJoin(136)) - 832fd50e-d9ff-47f8-a960-98c66a98f86a@group-CD2A1F5DBA49-StateMachineUpdater: set stopIndex = 0
2019-10-14 11:47:56,428 [Thread-335] INFO  impl.FollowerState (FollowerState.java:run(117)) - 832fd50e-d9ff-47f8-a960-98c66a98f86a@group-CD2A1F5DBA49-FollowerState was interrupted: java.lang.InterruptedException: sleep interrupted
2019-10-14 11:47:56,428 [ForkJoinPool.commonPool-worker-1] INFO  impl.RaftServerImpl (ServerState.java:close(387)) - 832fd50e-d9ff-47f8-a960-98c66a98f86a@group-CD2A1F5DBA49: closes. applyIndex: 0
2019-10-14 11:47:56,430 [grpc-default-executor-0] INFO  impl.FollowerInfo (FollowerInfo.java:lambda$new$0(51)) - b028e2eb-b728-4e3f-8a5a-c0a0c7a83e03@group-CD2A1F5DBA49->13f7b347-0949-4e64-82cc-e591bbf46992: nextIndex: updateUnconditionally 1 -> 0
2019-10-14 11:47:56,432 [832fd50e-d9ff-47f8-a960-98c66a98f86a@group-CD2A1F5DBA49-SegmentedRaftLogWorker] INFO  segmented.SegmentedRaftLogWorker (SegmentedRaftLogWorker.java:run(316)) - 832fd50e-d9ff-47f8-a960-98c66a98f86a@group-CD2A1F5DBA49-SegmentedRaftLogWorker was interrupted, exiting. There are 0 tasks remaining in the queue.
2019-10-14 11:47:56,430 [grpc-default-executor-3] INFO  impl.FollowerInfo (FollowerInfo.java:lambda$new$0(51)) - b028e2eb-b728-4e3f-8a5a-c0a0c7a83e03@group-CD2A1F5DBA49->832fd50e-d9ff-47f8-a960-98c66a98f86a: nextIndex: updateUnconditionally 1 -> 0
2019-10-14 11:47:56,434 [ForkJoinPool.commonPool-worker-1] INFO  segmented.SegmentedRaftLogWorker (SegmentedRaftLogWorker.java:close(224)) - 832fd50e-d9ff-47f8-a960-98c66a98f86a@group-CD2A1F5DBA49-SegmentedRaftLogWorker close()
2019-10-14 11:47:56,437 [ForkJoinPool.commonPool-worker-1] INFO  server.GrpcService (GrpcService.java:closeImpl(164)) - 832fd50e-d9ff-47f8-a960-98c66a98f86a: shutdown server with port 36951 now
2019-10-14 11:47:56,439 [grpc-default-executor-1] WARN  server.GrpcServerProtocolService (LogUtils.java:warn(134)) - b028e2eb-b728-4e3f-8a5a-c0a0c7a83e03: installSnapshot onError, lastRequest: 13f7b347-0949-4e64-82cc-e591bbf46992->b028e2eb-b728-4e3f-8a5a-c0a0c7a83e03#7-t1, previous=(t:1, i:0), leaderCommit=0, initializing? false, entries: <empty>: org.apache.ratis.thirdparty.io.grpc.StatusRuntimeException: CANCELLED: cancelled before receiving half close
2019-10-14 11:47:56,440 [grpc-default-executor-3] WARN  server.GrpcServerProtocolService (LogUtils.java:warn(134)) - 832fd50e-d9ff-47f8-a960-98c66a98f86a: installSnapshot onError, lastRequest: 13f7b347-0949-4e64-82cc-e591bbf46992->832fd50e-d9ff-47f8-a960-98c66a98f86a#7-t1, previous=(t:1, i:0), leaderCommit=0, initializing? false, entries: <empty>: org.apache.ratis.thirdparty.io.grpc.StatusRuntimeException: CANCELLED: cancelled before receiving half close
2019-10-14 11:47:56,443 [main] INFO  server.GrpcService (GrpcService.java:closeImpl(172)) - b028e2eb-b728-4e3f-8a5a-c0a0c7a83e03: shutdown server with port 45036 successfully
2019-10-14 11:47:56,444 [ForkJoinPool.commonPool-worker-1] INFO  server.GrpcService (GrpcService.java:closeImpl(172)) - 832fd50e-d9ff-47f8-a960-98c66a98f86a: shutdown server with port 36951 successfully
2019-10-14 11:47:56,444 [grpc-default-executor-2] WARN  server.GrpcLogAppender (LogUtils.java:warn(134)) - 13f7b347-0949-4e64-82cc-e591bbf46992@group-0D925A8B2439->b028e2eb-b728-4e3f-8a5a-c0a0c7a83e03-AppendLogResponseHandler: Failed appendEntries: org.apache.ratis.thirdparty.io.grpc.StatusRuntimeException: CANCELLED: HTTP/2 error code: CANCEL
Received Rst Stream
2019-10-14 11:47:56,444 [grpc-default-executor-0] WARN  server.GrpcLogAppender (LogUtils.java:warn(134)) - 13f7b347-0949-4e64-82cc-e591bbf46992@group-0D925A8B2439->832fd50e-d9ff-47f8-a960-98c66a98f86a-AppendLogResponseHandler: Failed appendEntries: org.apache.ratis.thirdparty.io.grpc.StatusRuntimeException: CANCELLED: HTTP/2 error code: CANCEL
Received Rst Stream
2019-10-14 11:47:56,448 [grpc-default-executor-2] INFO  impl.FollowerInfo (FollowerInfo.java:lambda$new$0(51)) - 13f7b347-0949-4e64-82cc-e591bbf46992@group-0D925A8B2439->b028e2eb-b728-4e3f-8a5a-c0a0c7a83e03: nextIndex: updateUnconditionally 1 -> 0
2019-10-14 11:47:56,451 [grpc-default-executor-0] INFO  impl.FollowerInfo (FollowerInfo.java:lambda$new$0(51)) - 13f7b347-0949-4e64-82cc-e591bbf46992@group-0D925A8B2439->832fd50e-d9ff-47f8-a960-98c66a98f86a: nextIndex: updateUnconditionally 1 -> 0
2019-10-14 11:47:56,485 [refreshUsed-/workdir/hadoop-ozone/integration-test/target/test-dir/MiniOzoneClusterImpl-70ec8ae2-7faf-4a8c-b4a4-6e56eb0602b1/datanode-2/data/containers] WARN  fs.CachingGetSpaceUsed (CachingGetSpaceUsed.java:run(183)) - Thread Interrupted waiting to refresh disk information: sleep interrupted
2019-10-14 11:47:56,497 [refreshUsed-/workdir/hadoop-ozone/integration-test/target/test-dir/MiniOzoneClusterImpl-70ec8ae2-7faf-4a8c-b4a4-6e56eb0602b1/datanode-5/data/containers] WARN  fs.CachingGetSpaceUsed (CachingGetSpaceUsed.java:run(183)) - Thread Interrupted waiting to refresh disk information: sleep interrupted
2019-10-14 11:47:56,508 [main] INFO  utils.BackgroundService (BackgroundService.java:shutdown(151)) - Shutting down service BlockDeletingService
2019-10-14 11:47:56,511 [ForkJoinPool.commonPool-worker-1] INFO  utils.BackgroundService (BackgroundService.java:shutdown(151)) - Shutting down service BlockDeletingService
2019-10-14 11:47:56,521 [main] INFO  statemachine.DatanodeStateMachine (DatanodeStateMachine.java:stopDaemon(395)) - Ozone container server stopped.
2019-10-14 11:47:56,521 [ForkJoinPool.commonPool-worker-1] INFO  statemachine.DatanodeStateMachine (DatanodeStateMachine.java:stopDaemon(395)) - Ozone container server stopped.
2019-10-14 11:47:56,528 [ForkJoinPool.commonPool-worker-1] INFO  handler.ContextHandler (ContextHandler.java:doStop(910)) - Stopped o.e.j.w.WebAppContext@7724704f{/,null,UNAVAILABLE}{/hddsDatanode}
2019-10-14 11:47:56,528 [main] INFO  handler.ContextHandler (ContextHandler.java:doStop(910)) - Stopped o.e.j.w.WebAppContext@4acb7ecc{/,null,UNAVAILABLE}{/hddsDatanode}
2019-10-14 11:47:56,529 [ForkJoinPool.commonPool-worker-1] INFO  server.AbstractConnector (AbstractConnector.java:doStop(318)) - Stopped ServerConnector@4c94957{HTTP/1.1,[http/1.1]}{0.0.0.0:0}
2019-10-14 11:47:56,530 [main] INFO  server.AbstractConnector (AbstractConnector.java:doStop(318)) - Stopped ServerConnector@7e545c19{HTTP/1.1,[http/1.1]}{0.0.0.0:0}
2019-10-14 11:47:56,530 [ForkJoinPool.commonPool-worker-1] INFO  handler.ContextHandler (ContextHandler.java:doStop(910)) - Stopped o.e.j.s.ServletContextHandler@2f2bff16{/static,jar:file:/home/user/.m2/repository/org/apache/hadoop/hadoop-hdds-container-service/0.5.0-SNAPSHOT/hadoop-hdds-container-service-0.5.0-SNAPSHOT.jar!/webapps/static,UNAVAILABLE}
2019-10-14 11:47:56,532 [main] INFO  handler.ContextHandler (ContextHandler.java:doStop(910)) - Stopped o.e.j.s.ServletContextHandler@74fab04a{/static,jar:file:/home/user/.m2/repository/org/apache/hadoop/hadoop-hdds-container-service/0.5.0-SNAPSHOT/hadoop-hdds-container-service-0.5.0-SNAPSHOT.jar!/webapps/static,UNAVAILABLE}
2019-10-14 11:47:56,532 [ForkJoinPool.commonPool-worker-1] INFO  handler.ContextHandler (ContextHandler.java:doStop(910)) - Stopped o.e.j.s.ServletContextHandler@10f7c76{/logs,file:///workdir/hadoop-ozone/integration-test/target/log,UNAVAILABLE}
2019-10-14 11:47:56,533 [main] INFO  handler.ContextHandler (ContextHandler.java:doStop(910)) - Stopped o.e.j.s.ServletContextHandler@439b15f2{/logs,file:///workdir/hadoop-ozone/integration-test/target/log,UNAVAILABLE}
2019-10-14 11:47:56,789 [grpc-default-executor-0] WARN  server.GrpcLogAppender (LogUtils.java:warn(134)) - 13f7b347-0949-4e64-82cc-e591bbf46992@group-0D925A8B2439->b028e2eb-b728-4e3f-8a5a-c0a0c7a83e03-AppendLogResponseHandler: Failed appendEntries: org.apache.ratis.thirdparty.io.grpc.StatusRuntimeException: UNAVAILABLE: io exception
2019-10-14 11:47:56,789 [grpc-default-executor-2] WARN  server.GrpcLogAppender (LogUtils.java:warn(134)) - 13f7b347-0949-4e64-82cc-e591bbf46992@group-0D925A8B2439->832fd50e-d9ff-47f8-a960-98c66a98f86a-AppendLogResponseHandler: Failed appendEntries: org.apache.ratis.thirdparty.io.grpc.StatusRuntimeException: UNAVAILABLE: io exception
2019-10-14 11:47:56,791 [grpc-default-executor-0] INFO  impl.FollowerInfo (FollowerInfo.java:lambda$new$0(51)) - 13f7b347-0949-4e64-82cc-e591bbf46992@group-0D925A8B2439->b028e2eb-b728-4e3f-8a5a-c0a0c7a83e03: nextIndex: updateUnconditionally 0 -> 0
2019-10-14 11:47:56,793 [grpc-default-executor-2] INFO  impl.FollowerInfo (FollowerInfo.java:lambda$new$0(51)) - 13f7b347-0949-4e64-82cc-e591bbf46992@group-0D925A8B2439->832fd50e-d9ff-47f8-a960-98c66a98f86a: nextIndex: updateUnconditionally 0 -> 0
2019-10-14 11:47:56,870 [Thread-409] INFO  impl.FollowerState (FollowerState.java:run(108)) - 13f7b347-0949-4e64-82cc-e591bbf46992@group-E4E74E988DEB-FollowerState: change to CANDIDATE, lastRpcTime:1169ms, electionTimeout:1169ms
2019-10-14 11:47:56,870 [Thread-409] INFO  impl.RoleInfo (RoleInfo.java:shutdownFollowerState(121)) - 13f7b347-0949-4e64-82cc-e591bbf46992: shutdown FollowerState
2019-10-14 11:47:56,870 [Thread-409] INFO  impl.RaftServerImpl (RaftServerImpl.java:setRole(170)) - 13f7b347-0949-4e64-82cc-e591bbf46992@group-E4E74E988DEB: changes role from  FOLLOWER to CANDIDATE at term 3 for changeToCandidate
2019-10-14 11:47:56,871 [Thread-409] INFO  impl.RoleInfo (RoleInfo.java:updateAndGet(143)) - 13f7b347-0949-4e64-82cc-e591bbf46992: start LeaderElection
2019-10-14 11:47:56,886 [13f7b347-0949-4e64-82cc-e591bbf46992@group-E4E74E988DEB-LeaderElection16] INFO  impl.LeaderElection (LeaderElection.java:askForVotes(178)) - 13f7b347-0949-4e64-82cc-e591bbf46992@group-E4E74E988DEB-LeaderElection16: begin an election at term 4 for -1: [13f7b347-0949-4e64-82cc-e591bbf46992:192.168.164.236:44843, b028e2eb-b728-4e3f-8a5a-c0a0c7a83e03:192.168.164.236:45036, 832fd50e-d9ff-47f8-a960-98c66a98f86a:192.168.164.236:36951], old=null
2019-10-14 11:47:56,899 [13f7b347-0949-4e64-82cc-e591bbf46992@group-E4E74E988DEB-LeaderElection16] INFO  impl.LeaderElection (LogUtils.java:infoOrTrace(149)) - 13f7b347-0949-4e64-82cc-e591bbf46992@group-E4E74E988DEB-LeaderElection16 got exception when requesting votes: {}
java.util.concurrent.ExecutionException: org.apache.ratis.thirdparty.io.grpc.StatusRuntimeException: UNAVAILABLE: io exception
	at java.util.concurrent.FutureTask.report(FutureTask.java:122)
	at java.util.concurrent.FutureTask.get(FutureTask.java:192)
	at org.apache.ratis.server.impl.LeaderElection.waitForResults(LeaderElection.java:259)
	at org.apache.ratis.server.impl.LeaderElection.askForVotes(LeaderElection.java:197)
	at org.apache.ratis.server.impl.LeaderElection.run(LeaderElection.java:133)
	at java.lang.Thread.run(Thread.java:748)
Caused by: org.apache.ratis.thirdparty.io.grpc.StatusRuntimeException: UNAVAILABLE: io exception
	at org.apache.ratis.thirdparty.io.grpc.stub.ClientCalls.toStatusRuntimeException(ClientCalls.java:233)
	at org.apache.ratis.thirdparty.io.grpc.stub.ClientCalls.getUnchecked(ClientCalls.java:214)
	at org.apache.ratis.thirdparty.io.grpc.stub.ClientCalls.blockingUnaryCall(ClientCalls.java:139)
	at org.apache.ratis.proto.grpc.RaftServerProtocolServiceGrpc$RaftServerProtocolServiceBlockingStub.requestVote(RaftServerProtocolServiceGrpc.java:265)
	at org.apache.ratis.grpc.server.GrpcServerProtocolClient.requestVote(GrpcServerProtocolClient.java:99)
	at org.apache.ratis.grpc.server.GrpcService.requestVote(GrpcService.java:204)
	at org.apache.ratis.server.impl.LeaderElection.lambda$submitRequests$1(LeaderElection.java:234)
	at java.util.concurrent.FutureTask.run(FutureTask.java:266)
	at java.util.concurrent.Executors$RunnableAdapter.call(Executors.java:511)
	at java.util.concurrent.FutureTask.run(FutureTask.java:266)
	at java.util.concurrent.ThreadPoolExecutor.runWorker(ThreadPoolExecutor.java:1149)
	at java.util.concurrent.ThreadPoolExecutor$Worker.run(ThreadPoolExecutor.java:624)
	... 1 more
Caused by: org.apache.ratis.thirdparty.io.netty.channel.AbstractChannel$AnnotatedConnectException: Connection refused: /192.168.164.236:45036
	at sun.nio.ch.SocketChannelImpl.checkConnect(Native Method)
	at sun.nio.ch.SocketChannelImpl.finishConnect(SocketChannelImpl.java:717)
	at org.apache.ratis.thirdparty.io.netty.channel.socket.nio.NioSocketChannel.doFinishConnect(NioSocketChannel.java:327)
	at org.apache.ratis.thirdparty.io.netty.channel.nio.AbstractNioChannel$AbstractNioUnsafe.finishConnect(AbstractNioChannel.java:340)
	at org.apache.ratis.thirdparty.io.netty.channel.nio.NioEventLoop.processSelectedKey(NioEventLoop.java:632)
	at org.apache.ratis.thirdparty.io.netty.channel.nio.NioEventLoop.processSelectedKeysOptimized(NioEventLoop.java:579)
	at org.apache.ratis.thirdparty.io.netty.channel.nio.NioEventLoop.processSelectedKeys(NioEventLoop.java:496)
	at org.apache.ratis.thirdparty.io.netty.channel.nio.NioEventLoop.run(NioEventLoop.java:458)
	at org.apache.ratis.thirdparty.io.netty.util.concurrent.SingleThreadEventExecutor$5.run(SingleThreadEventExecutor.java:897)
	at org.apache.ratis.thirdparty.io.netty.util.concurrent.FastThreadLocalRunnable.run(FastThreadLocalRunnable.java:30)
	... 1 more
Caused by: java.net.ConnectException: Connection refused
	... 11 more
2019-10-14 11:47:56,901 [13f7b347-0949-4e64-82cc-e591bbf46992@group-E4E74E988DEB-LeaderElection16] INFO  impl.LeaderElection (LogUtils.java:infoOrTrace(149)) - 13f7b347-0949-4e64-82cc-e591bbf46992@group-E4E74E988DEB-LeaderElection16 got exception when requesting votes: {}
java.util.concurrent.ExecutionException: org.apache.ratis.thirdparty.io.grpc.StatusRuntimeException: UNAVAILABLE: io exception
	at java.util.concurrent.FutureTask.report(FutureTask.java:122)
	at java.util.concurrent.FutureTask.get(FutureTask.java:192)
	at org.apache.ratis.server.impl.LeaderElection.waitForResults(LeaderElection.java:259)
	at org.apache.ratis.server.impl.LeaderElection.askForVotes(LeaderElection.java:197)
	at org.apache.ratis.server.impl.LeaderElection.run(LeaderElection.java:133)
	at java.lang.Thread.run(Thread.java:748)
Caused by: org.apache.ratis.thirdparty.io.grpc.StatusRuntimeException: UNAVAILABLE: io exception
	at org.apache.ratis.thirdparty.io.grpc.stub.ClientCalls.toStatusRuntimeException(ClientCalls.java:233)
	at org.apache.ratis.thirdparty.io.grpc.stub.ClientCalls.getUnchecked(ClientCalls.java:214)
	at org.apache.ratis.thirdparty.io.grpc.stub.ClientCalls.blockingUnaryCall(ClientCalls.java:139)
	at org.apache.ratis.proto.grpc.RaftServerProtocolServiceGrpc$RaftServerProtocolServiceBlockingStub.requestVote(RaftServerProtocolServiceGrpc.java:265)
	at org.apache.ratis.grpc.server.GrpcServerProtocolClient.requestVote(GrpcServerProtocolClient.java:99)
	at org.apache.ratis.grpc.server.GrpcService.requestVote(GrpcService.java:204)
	at org.apache.ratis.server.impl.LeaderElection.lambda$submitRequests$1(LeaderElection.java:234)
	at java.util.concurrent.FutureTask.run(FutureTask.java:266)
	at java.util.concurrent.Executors$RunnableAdapter.call(Executors.java:511)
	at java.util.concurrent.FutureTask.run(FutureTask.java:266)
	at java.util.concurrent.ThreadPoolExecutor.runWorker(ThreadPoolExecutor.java:1149)
	at java.util.concurrent.ThreadPoolExecutor$Worker.run(ThreadPoolExecutor.java:624)
	... 1 more
Caused by: org.apache.ratis.thirdparty.io.netty.channel.AbstractChannel$AnnotatedConnectException: Connection refused: /192.168.164.236:36951
	at sun.nio.ch.SocketChannelImpl.checkConnect(Native Method)
	at sun.nio.ch.SocketChannelImpl.finishConnect(SocketChannelImpl.java:717)
	at org.apache.ratis.thirdparty.io.netty.channel.socket.nio.NioSocketChannel.doFinishConnect(NioSocketChannel.java:327)
	at org.apache.ratis.thirdparty.io.netty.channel.nio.AbstractNioChannel$AbstractNioUnsafe.finishConnect(AbstractNioChannel.java:340)
	at org.apache.ratis.thirdparty.io.netty.channel.nio.NioEventLoop.processSelectedKey(NioEventLoop.java:632)
	at org.apache.ratis.thirdparty.io.netty.channel.nio.NioEventLoop.processSelectedKeysOptimized(NioEventLoop.java:579)
	at org.apache.ratis.thirdparty.io.netty.channel.nio.NioEventLoop.processSelectedKeys(NioEventLoop.java:496)
	at org.apache.ratis.thirdparty.io.netty.channel.nio.NioEventLoop.run(NioEventLoop.java:458)
	at org.apache.ratis.thirdparty.io.netty.util.concurrent.SingleThreadEventExecutor$5.run(SingleThreadEventExecutor.java:897)
	at org.apache.ratis.thirdparty.io.netty.util.concurrent.FastThreadLocalRunnable.run(FastThreadLocalRunnable.java:30)
	... 1 more
Caused by: java.net.ConnectException: Connection refused
	... 11 more
2019-10-14 11:47:56,903 [13f7b347-0949-4e64-82cc-e591bbf46992@group-E4E74E988DEB-LeaderElection16] INFO  impl.LeaderElection (LeaderElection.java:logAndReturn(56)) - 13f7b347-0949-4e64-82cc-e591bbf46992@group-E4E74E988DEB-LeaderElection16: Election REJECTED; received 0 response(s) [] and 2 exception(s); 13f7b347-0949-4e64-82cc-e591bbf46992@group-E4E74E988DEB:t4, leader=null, voted=13f7b347-0949-4e64-82cc-e591bbf46992, raftlog=13f7b347-0949-4e64-82cc-e591bbf46992@group-E4E74E988DEB-SegmentedRaftLog:OPENED:c-1,f-1,i0, conf=-1: [13f7b347-0949-4e64-82cc-e591bbf46992:192.168.164.236:44843, b028e2eb-b728-4e3f-8a5a-c0a0c7a83e03:192.168.164.236:45036, 832fd50e-d9ff-47f8-a960-98c66a98f86a:192.168.164.236:36951], old=null
2019-10-14 11:47:56,903 [13f7b347-0949-4e64-82cc-e591bbf46992@group-E4E74E988DEB-LeaderElection16] INFO  impl.LeaderElection (LogUtils.java:infoOrTrace(149)) -   Exception 0: {}
java.util.concurrent.ExecutionException: org.apache.ratis.thirdparty.io.grpc.StatusRuntimeException: UNAVAILABLE: io exception
	at java.util.concurrent.FutureTask.report(FutureTask.java:122)
	at java.util.concurrent.FutureTask.get(FutureTask.java:192)
	at org.apache.ratis.server.impl.LeaderElection.waitForResults(LeaderElection.java:259)
	at org.apache.ratis.server.impl.LeaderElection.askForVotes(LeaderElection.java:197)
	at org.apache.ratis.server.impl.LeaderElection.run(LeaderElection.java:133)
	at java.lang.Thread.run(Thread.java:748)
Caused by: org.apache.ratis.thirdparty.io.grpc.StatusRuntimeException: UNAVAILABLE: io exception
	at org.apache.ratis.thirdparty.io.grpc.stub.ClientCalls.toStatusRuntimeException(ClientCalls.java:233)
	at org.apache.ratis.thirdparty.io.grpc.stub.ClientCalls.getUnchecked(ClientCalls.java:214)
	at org.apache.ratis.thirdparty.io.grpc.stub.ClientCalls.blockingUnaryCall(ClientCalls.java:139)
	at org.apache.ratis.proto.grpc.RaftServerProtocolServiceGrpc$RaftServerProtocolServiceBlockingStub.requestVote(RaftServerProtocolServiceGrpc.java:265)
	at org.apache.ratis.grpc.server.GrpcServerProtocolClient.requestVote(GrpcServerProtocolClient.java:99)
	at org.apache.ratis.grpc.server.GrpcService.requestVote(GrpcService.java:204)
	at org.apache.ratis.server.impl.LeaderElection.lambda$submitRequests$1(LeaderElection.java:234)
	at java.util.concurrent.FutureTask.run(FutureTask.java:266)
	at java.util.concurrent.Executors$RunnableAdapter.call(Executors.java:511)
	at java.util.concurrent.FutureTask.run(FutureTask.java:266)
	at java.util.concurrent.ThreadPoolExecutor.runWorker(ThreadPoolExecutor.java:1149)
	at java.util.concurrent.ThreadPoolExecutor$Worker.run(ThreadPoolExecutor.java:624)
	... 1 more
Caused by: org.apache.ratis.thirdparty.io.netty.channel.AbstractChannel$AnnotatedConnectException: Connection refused: /192.168.164.236:45036
	at sun.nio.ch.SocketChannelImpl.checkConnect(Native Method)
	at sun.nio.ch.SocketChannelImpl.finishConnect(SocketChannelImpl.java:717)
	at org.apache.ratis.thirdparty.io.netty.channel.socket.nio.NioSocketChannel.doFinishConnect(NioSocketChannel.java:327)
	at org.apache.ratis.thirdparty.io.netty.channel.nio.AbstractNioChannel$AbstractNioUnsafe.finishConnect(AbstractNioChannel.java:340)
	at org.apache.ratis.thirdparty.io.netty.channel.nio.NioEventLoop.processSelectedKey(NioEventLoop.java:632)
	at org.apache.ratis.thirdparty.io.netty.channel.nio.NioEventLoop.processSelectedKeysOptimized(NioEventLoop.java:579)
	at org.apache.ratis.thirdparty.io.netty.channel.nio.NioEventLoop.processSelectedKeys(NioEventLoop.java:496)
	at org.apache.ratis.thirdparty.io.netty.channel.nio.NioEventLoop.run(NioEventLoop.java:458)
	at org.apache.ratis.thirdparty.io.netty.util.concurrent.SingleThreadEventExecutor$5.run(SingleThreadEventExecutor.java:897)
	at org.apache.ratis.thirdparty.io.netty.util.concurrent.FastThreadLocalRunnable.run(FastThreadLocalRunnable.java:30)
	... 1 more
Caused by: java.net.ConnectException: Connection refused
	... 11 more
2019-10-14 11:47:56,905 [13f7b347-0949-4e64-82cc-e591bbf46992@group-E4E74E988DEB-LeaderElection16] INFO  impl.LeaderElection (LogUtils.java:infoOrTrace(149)) -   Exception 1: {}
java.util.concurrent.ExecutionException: org.apache.ratis.thirdparty.io.grpc.StatusRuntimeException: UNAVAILABLE: io exception
	at java.util.concurrent.FutureTask.report(FutureTask.java:122)
	at java.util.concurrent.FutureTask.get(FutureTask.java:192)
	at org.apache.ratis.server.impl.LeaderElection.waitForResults(LeaderElection.java:259)
	at org.apache.ratis.server.impl.LeaderElection.askForVotes(LeaderElection.java:197)
	at org.apache.ratis.server.impl.LeaderElection.run(LeaderElection.java:133)
	at java.lang.Thread.run(Thread.java:748)
Caused by: org.apache.ratis.thirdparty.io.grpc.StatusRuntimeException: UNAVAILABLE: io exception
	at org.apache.ratis.thirdparty.io.grpc.stub.ClientCalls.toStatusRuntimeException(ClientCalls.java:233)
	at org.apache.ratis.thirdparty.io.grpc.stub.ClientCalls.getUnchecked(ClientCalls.java:214)
	at org.apache.ratis.thirdparty.io.grpc.stub.ClientCalls.blockingUnaryCall(ClientCalls.java:139)
	at org.apache.ratis.proto.grpc.RaftServerProtocolServiceGrpc$RaftServerProtocolServiceBlockingStub.requestVote(RaftServerProtocolServiceGrpc.java:265)
	at org.apache.ratis.grpc.server.GrpcServerProtocolClient.requestVote(GrpcServerProtocolClient.java:99)
	at org.apache.ratis.grpc.server.GrpcService.requestVote(GrpcService.java:204)
	at org.apache.ratis.server.impl.LeaderElection.lambda$submitRequests$1(LeaderElection.java:234)
	at java.util.concurrent.FutureTask.run(FutureTask.java:266)
	at java.util.concurrent.Executors$RunnableAdapter.call(Executors.java:511)
	at java.util.concurrent.FutureTask.run(FutureTask.java:266)
	at java.util.concurrent.ThreadPoolExecutor.runWorker(ThreadPoolExecutor.java:1149)
	at java.util.concurrent.ThreadPoolExecutor$Worker.run(ThreadPoolExecutor.java:624)
	... 1 more
Caused by: org.apache.ratis.thirdparty.io.netty.channel.AbstractChannel$AnnotatedConnectException: Connection refused: /192.168.164.236:36951
	at sun.nio.ch.SocketChannelImpl.checkConnect(Native Method)
	at sun.nio.ch.SocketChannelImpl.finishConnect(SocketChannelImpl.java:717)
	at org.apache.ratis.thirdparty.io.netty.channel.socket.nio.NioSocketChannel.doFinishConnect(NioSocketChannel.java:327)
	at org.apache.ratis.thirdparty.io.netty.channel.nio.AbstractNioChannel$AbstractNioUnsafe.finishConnect(AbstractNioChannel.java:340)
	at org.apache.ratis.thirdparty.io.netty.channel.nio.NioEventLoop.processSelectedKey(NioEventLoop.java:632)
	at org.apache.ratis.thirdparty.io.netty.channel.nio.NioEventLoop.processSelectedKeysOptimized(NioEventLoop.java:579)
	at org.apache.ratis.thirdparty.io.netty.channel.nio.NioEventLoop.processSelectedKeys(NioEventLoop.java:496)
	at org.apache.ratis.thirdparty.io.netty.channel.nio.NioEventLoop.run(NioEventLoop.java:458)
	at org.apache.ratis.thirdparty.io.netty.util.concurrent.SingleThreadEventExecutor$5.run(SingleThreadEventExecutor.java:897)
	at org.apache.ratis.thirdparty.io.netty.util.concurrent.FastThreadLocalRunnable.run(FastThreadLocalRunnable.java:30)
	... 1 more
Caused by: java.net.ConnectException: Connection refused
	... 11 more
2019-10-14 11:47:56,905 [13f7b347-0949-4e64-82cc-e591bbf46992@group-E4E74E988DEB-LeaderElection16] INFO  impl.RaftServerImpl (RaftServerImpl.java:setRole(170)) - 13f7b347-0949-4e64-82cc-e591bbf46992@group-E4E74E988DEB: changes role from CANDIDATE to FOLLOWER at term 4 for DISCOVERED_A_NEW_TERM
2019-10-14 11:47:56,906 [13f7b347-0949-4e64-82cc-e591bbf46992@group-E4E74E988DEB-LeaderElection16] INFO  impl.RoleInfo (RoleInfo.java:shutdownLeaderElection(134)) - 13f7b347-0949-4e64-82cc-e591bbf46992: shutdown LeaderElection
2019-10-14 11:47:56,906 [13f7b347-0949-4e64-82cc-e591bbf46992@group-E4E74E988DEB-LeaderElection16] INFO  impl.RoleInfo (RoleInfo.java:updateAndGet(143)) - 13f7b347-0949-4e64-82cc-e591bbf46992: start FollowerState
2019-10-14 11:47:57,221 [Datanode State Machine Thread - 0] INFO  statemachine.DatanodeStateMachine (DatanodeStateMachine.java:lambda$startDaemon$0(350)) - Ozone container server started.
2019-10-14 11:47:57,281 [grpc-default-executor-0] WARN  server.GrpcLogAppender (LogUtils.java:warn(134)) - 13f7b347-0949-4e64-82cc-e591bbf46992@group-0D925A8B2439->832fd50e-d9ff-47f8-a960-98c66a98f86a-AppendLogResponseHandler: Failed appendEntries: org.apache.ratis.thirdparty.io.grpc.StatusRuntimeException: UNAVAILABLE: io exception
2019-10-14 11:47:57,281 [grpc-default-executor-2] WARN  server.GrpcLogAppender (LogUtils.java:warn(134)) - 13f7b347-0949-4e64-82cc-e591bbf46992@group-0D925A8B2439->b028e2eb-b728-4e3f-8a5a-c0a0c7a83e03-AppendLogResponseHandler: Failed appendEntries: org.apache.ratis.thirdparty.io.grpc.StatusRuntimeException: UNAVAILABLE: io exception
2019-10-14 11:47:57,283 [grpc-default-executor-0] INFO  impl.FollowerInfo (FollowerInfo.java:lambda$new$0(51)) - 13f7b347-0949-4e64-82cc-e591bbf46992@group-0D925A8B2439->832fd50e-d9ff-47f8-a960-98c66a98f86a: nextIndex: updateUnconditionally 0 -> 0
2019-10-14 11:47:57,285 [grpc-default-executor-2] INFO  impl.FollowerInfo (FollowerInfo.java:lambda$new$0(51)) - 13f7b347-0949-4e64-82cc-e591bbf46992@group-0D925A8B2439->b028e2eb-b728-4e3f-8a5a-c0a0c7a83e03: nextIndex: updateUnconditionally 0 -> 0
2019-10-14 11:47:57,484 [Datanode State Machine Thread - 0] INFO  statemachine.DatanodeStateMachine (DatanodeStateMachine.java:lambda$startDaemon$0(350)) - Ozone container server started.
2019-10-14 11:47:57,789 [grpc-default-executor-3] WARN  server.GrpcLogAppender (LogUtils.java:warn(134)) - 13f7b347-0949-4e64-82cc-e591bbf46992@group-0D925A8B2439->b028e2eb-b728-4e3f-8a5a-c0a0c7a83e03-AppendLogResponseHandler: Failed appendEntries: org.apache.ratis.thirdparty.io.grpc.StatusRuntimeException: UNAVAILABLE: io exception
2019-10-14 11:47:57,790 [grpc-default-executor-0] WARN  server.GrpcLogAppender (LogUtils.java:warn(134)) - 13f7b347-0949-4e64-82cc-e591bbf46992@group-0D925A8B2439->832fd50e-d9ff-47f8-a960-98c66a98f86a-AppendLogResponseHandler: Failed appendEntries: org.apache.ratis.thirdparty.io.grpc.StatusRuntimeException: UNAVAILABLE: io exception
2019-10-14 11:47:57,797 [grpc-default-executor-3] INFO  impl.FollowerInfo (FollowerInfo.java:lambda$new$0(51)) - 13f7b347-0949-4e64-82cc-e591bbf46992@group-0D925A8B2439->b028e2eb-b728-4e3f-8a5a-c0a0c7a83e03: nextIndex: updateUnconditionally 0 -> 0
2019-10-14 11:47:57,797 [grpc-default-executor-0] INFO  impl.FollowerInfo (FollowerInfo.java:lambda$new$0(51)) - 13f7b347-0949-4e64-82cc-e591bbf46992@group-0D925A8B2439->832fd50e-d9ff-47f8-a960-98c66a98f86a: nextIndex: updateUnconditionally 0 -> 0
2019-10-14 11:47:58,032 [Thread-423] INFO  impl.FollowerState (FollowerState.java:run(108)) - 13f7b347-0949-4e64-82cc-e591bbf46992@group-E4E74E988DEB-FollowerState: change to CANDIDATE, lastRpcTime:1126ms, electionTimeout:1126ms
2019-10-14 11:47:58,032 [Thread-423] INFO  impl.RoleInfo (RoleInfo.java:shutdownFollowerState(121)) - 13f7b347-0949-4e64-82cc-e591bbf46992: shutdown FollowerState
2019-10-14 11:47:58,033 [Thread-423] INFO  impl.RaftServerImpl (RaftServerImpl.java:setRole(170)) - 13f7b347-0949-4e64-82cc-e591bbf46992@group-E4E74E988DEB: changes role from  FOLLOWER to CANDIDATE at term 4 for changeToCandidate
2019-10-14 11:47:58,033 [Thread-423] INFO  impl.RoleInfo (RoleInfo.java:updateAndGet(143)) - 13f7b347-0949-4e64-82cc-e591bbf46992: start LeaderElection
2019-10-14 11:47:58,061 [13f7b347-0949-4e64-82cc-e591bbf46992@group-E4E74E988DEB-LeaderElection17] INFO  impl.LeaderElection (LeaderElection.java:askForVotes(178)) - 13f7b347-0949-4e64-82cc-e591bbf46992@group-E4E74E988DEB-LeaderElection17: begin an election at term 5 for -1: [13f7b347-0949-4e64-82cc-e591bbf46992:192.168.164.236:44843, b028e2eb-b728-4e3f-8a5a-c0a0c7a83e03:192.168.164.236:45036, 832fd50e-d9ff-47f8-a960-98c66a98f86a:192.168.164.236:36951], old=null
2019-10-14 11:47:58,068 [13f7b347-0949-4e64-82cc-e591bbf46992@group-E4E74E988DEB-LeaderElection17] INFO  impl.LeaderElection (LogUtils.java:infoOrTrace(149)) - 13f7b347-0949-4e64-82cc-e591bbf46992@group-E4E74E988DEB-LeaderElection17 got exception when requesting votes: {}
java.util.concurrent.ExecutionException: org.apache.ratis.thirdparty.io.grpc.StatusRuntimeException: UNAVAILABLE: io exception
	at java.util.concurrent.FutureTask.report(FutureTask.java:122)
	at java.util.concurrent.FutureTask.get(FutureTask.java:192)
	at org.apache.ratis.server.impl.LeaderElection.waitForResults(LeaderElection.java:259)
	at org.apache.ratis.server.impl.LeaderElection.askForVotes(LeaderElection.java:197)
	at org.apache.ratis.server.impl.LeaderElection.run(LeaderElection.java:133)
	at java.lang.Thread.run(Thread.java:748)
Caused by: org.apache.ratis.thirdparty.io.grpc.StatusRuntimeException: UNAVAILABLE: io exception
	at org.apache.ratis.thirdparty.io.grpc.stub.ClientCalls.toStatusRuntimeException(ClientCalls.java:233)
	at org.apache.ratis.thirdparty.io.grpc.stub.ClientCalls.getUnchecked(ClientCalls.java:214)
	at org.apache.ratis.thirdparty.io.grpc.stub.ClientCalls.blockingUnaryCall(ClientCalls.java:139)
	at org.apache.ratis.proto.grpc.RaftServerProtocolServiceGrpc$RaftServerProtocolServiceBlockingStub.requestVote(RaftServerProtocolServiceGrpc.java:265)
	at org.apache.ratis.grpc.server.GrpcServerProtocolClient.requestVote(GrpcServerProtocolClient.java:99)
	at org.apache.ratis.grpc.server.GrpcService.requestVote(GrpcService.java:204)
	at org.apache.ratis.server.impl.LeaderElection.lambda$submitRequests$1(LeaderElection.java:234)
	at java.util.concurrent.FutureTask.run(FutureTask.java:266)
	at java.util.concurrent.Executors$RunnableAdapter.call(Executors.java:511)
	at java.util.concurrent.FutureTask.run(FutureTask.java:266)
	at java.util.concurrent.ThreadPoolExecutor.runWorker(ThreadPoolExecutor.java:1149)
	at java.util.concurrent.ThreadPoolExecutor$Worker.run(ThreadPoolExecutor.java:624)
	... 1 more
Caused by: org.apache.ratis.thirdparty.io.netty.channel.AbstractChannel$AnnotatedConnectException: Connection refused: /192.168.164.236:45036
	at sun.nio.ch.SocketChannelImpl.checkConnect(Native Method)
	at sun.nio.ch.SocketChannelImpl.finishConnect(SocketChannelImpl.java:717)
	at org.apache.ratis.thirdparty.io.netty.channel.socket.nio.NioSocketChannel.doFinishConnect(NioSocketChannel.java:327)
	at org.apache.ratis.thirdparty.io.netty.channel.nio.AbstractNioChannel$AbstractNioUnsafe.finishConnect(AbstractNioChannel.java:340)
	at org.apache.ratis.thirdparty.io.netty.channel.nio.NioEventLoop.processSelectedKey(NioEventLoop.java:632)
	at org.apache.ratis.thirdparty.io.netty.channel.nio.NioEventLoop.processSelectedKeysOptimized(NioEventLoop.java:579)
	at org.apache.ratis.thirdparty.io.netty.channel.nio.NioEventLoop.processSelectedKeys(NioEventLoop.java:496)
	at org.apache.ratis.thirdparty.io.netty.channel.nio.NioEventLoop.run(NioEventLoop.java:458)
	at org.apache.ratis.thirdparty.io.netty.util.concurrent.SingleThreadEventExecutor$5.run(SingleThreadEventExecutor.java:897)
	at org.apache.ratis.thirdparty.io.netty.util.concurrent.FastThreadLocalRunnable.run(FastThreadLocalRunnable.java:30)
	... 1 more
Caused by: java.net.ConnectException: Connection refused
	... 11 more
2019-10-14 11:47:58,070 [13f7b347-0949-4e64-82cc-e591bbf46992@group-E4E74E988DEB-LeaderElection17] INFO  impl.LeaderElection (LogUtils.java:infoOrTrace(149)) - 13f7b347-0949-4e64-82cc-e591bbf46992@group-E4E74E988DEB-LeaderElection17 got exception when requesting votes: {}
java.util.concurrent.ExecutionException: org.apache.ratis.thirdparty.io.grpc.StatusRuntimeException: UNAVAILABLE: io exception
	at java.util.concurrent.FutureTask.report(FutureTask.java:122)
	at java.util.concurrent.FutureTask.get(FutureTask.java:192)
	at org.apache.ratis.server.impl.LeaderElection.waitForResults(LeaderElection.java:259)
	at org.apache.ratis.server.impl.LeaderElection.askForVotes(LeaderElection.java:197)
	at org.apache.ratis.server.impl.LeaderElection.run(LeaderElection.java:133)
	at java.lang.Thread.run(Thread.java:748)
Caused by: org.apache.ratis.thirdparty.io.grpc.StatusRuntimeException: UNAVAILABLE: io exception
	at org.apache.ratis.thirdparty.io.grpc.stub.ClientCalls.toStatusRuntimeException(ClientCalls.java:233)
	at org.apache.ratis.thirdparty.io.grpc.stub.ClientCalls.getUnchecked(ClientCalls.java:214)
	at org.apache.ratis.thirdparty.io.grpc.stub.ClientCalls.blockingUnaryCall(ClientCalls.java:139)
	at org.apache.ratis.proto.grpc.RaftServerProtocolServiceGrpc$RaftServerProtocolServiceBlockingStub.requestVote(RaftServerProtocolServiceGrpc.java:265)
	at org.apache.ratis.grpc.server.GrpcServerProtocolClient.requestVote(GrpcServerProtocolClient.java:99)
	at org.apache.ratis.grpc.server.GrpcService.requestVote(GrpcService.java:204)
	at org.apache.ratis.server.impl.LeaderElection.lambda$submitRequests$1(LeaderElection.java:234)
	at java.util.concurrent.FutureTask.run(FutureTask.java:266)
	at java.util.concurrent.Executors$RunnableAdapter.call(Executors.java:511)
	at java.util.concurrent.FutureTask.run(FutureTask.java:266)
	at java.util.concurrent.ThreadPoolExecutor.runWorker(ThreadPoolExecutor.java:1149)
	at java.util.concurrent.ThreadPoolExecutor$Worker.run(ThreadPoolExecutor.java:624)
	... 1 more
Caused by: org.apache.ratis.thirdparty.io.netty.channel.AbstractChannel$AnnotatedConnectException: Connection refused: /192.168.164.236:36951
	at sun.nio.ch.SocketChannelImpl.checkConnect(Native Method)
	at sun.nio.ch.SocketChannelImpl.finishConnect(SocketChannelImpl.java:717)
	at org.apache.ratis.thirdparty.io.netty.channel.socket.nio.NioSocketChannel.doFinishConnect(NioSocketChannel.java:327)
	at org.apache.ratis.thirdparty.io.netty.channel.nio.AbstractNioChannel$AbstractNioUnsafe.finishConnect(AbstractNioChannel.java:340)
	at org.apache.ratis.thirdparty.io.netty.channel.nio.NioEventLoop.processSelectedKey(NioEventLoop.java:632)
	at org.apache.ratis.thirdparty.io.netty.channel.nio.NioEventLoop.processSelectedKeysOptimized(NioEventLoop.java:579)
	at org.apache.ratis.thirdparty.io.netty.channel.nio.NioEventLoop.processSelectedKeys(NioEventLoop.java:496)
	at org.apache.ratis.thirdparty.io.netty.channel.nio.NioEventLoop.run(NioEventLoop.java:458)
	at org.apache.ratis.thirdparty.io.netty.util.concurrent.SingleThreadEventExecutor$5.run(SingleThreadEventExecutor.java:897)
	at org.apache.ratis.thirdparty.io.netty.util.concurrent.FastThreadLocalRunnable.run(FastThreadLocalRunnable.java:30)
	... 1 more
Caused by: java.net.ConnectException: Connection refused
	... 11 more
2019-10-14 11:47:58,072 [13f7b347-0949-4e64-82cc-e591bbf46992@group-E4E74E988DEB-LeaderElection17] INFO  impl.LeaderElection (LeaderElection.java:logAndReturn(56)) - 13f7b347-0949-4e64-82cc-e591bbf46992@group-E4E74E988DEB-LeaderElection17: Election REJECTED; received 0 response(s) [] and 2 exception(s); 13f7b347-0949-4e64-82cc-e591bbf46992@group-E4E74E988DEB:t5, leader=null, voted=13f7b347-0949-4e64-82cc-e591bbf46992, raftlog=13f7b347-0949-4e64-82cc-e591bbf46992@group-E4E74E988DEB-SegmentedRaftLog:OPENED:c-1,f-1,i0, conf=-1: [13f7b347-0949-4e64-82cc-e591bbf46992:192.168.164.236:44843, b028e2eb-b728-4e3f-8a5a-c0a0c7a83e03:192.168.164.236:45036, 832fd50e-d9ff-47f8-a960-98c66a98f86a:192.168.164.236:36951], old=null
2019-10-14 11:47:58,073 [13f7b347-0949-4e64-82cc-e591bbf46992@group-E4E74E988DEB-LeaderElection17] INFO  impl.LeaderElection (LogUtils.java:infoOrTrace(149)) -   Exception 0: {}
java.util.concurrent.ExecutionException: org.apache.ratis.thirdparty.io.grpc.StatusRuntimeException: UNAVAILABLE: io exception
	at java.util.concurrent.FutureTask.report(FutureTask.java:122)
	at java.util.concurrent.FutureTask.get(FutureTask.java:192)
	at org.apache.ratis.server.impl.LeaderElection.waitForResults(LeaderElection.java:259)
	at org.apache.ratis.server.impl.LeaderElection.askForVotes(LeaderElection.java:197)
	at org.apache.ratis.server.impl.LeaderElection.run(LeaderElection.java:133)
	at java.lang.Thread.run(Thread.java:748)
Caused by: org.apache.ratis.thirdparty.io.grpc.StatusRuntimeException: UNAVAILABLE: io exception
	at org.apache.ratis.thirdparty.io.grpc.stub.ClientCalls.toStatusRuntimeException(ClientCalls.java:233)
	at org.apache.ratis.thirdparty.io.grpc.stub.ClientCalls.getUnchecked(ClientCalls.java:214)
	at org.apache.ratis.thirdparty.io.grpc.stub.ClientCalls.blockingUnaryCall(ClientCalls.java:139)
	at org.apache.ratis.proto.grpc.RaftServerProtocolServiceGrpc$RaftServerProtocolServiceBlockingStub.requestVote(RaftServerProtocolServiceGrpc.java:265)
	at org.apache.ratis.grpc.server.GrpcServerProtocolClient.requestVote(GrpcServerProtocolClient.java:99)
	at org.apache.ratis.grpc.server.GrpcService.requestVote(GrpcService.java:204)
	at org.apache.ratis.server.impl.LeaderElection.lambda$submitRequests$1(LeaderElection.java:234)
	at java.util.concurrent.FutureTask.run(FutureTask.java:266)
	at java.util.concurrent.Executors$RunnableAdapter.call(Executors.java:511)
	at java.util.concurrent.FutureTask.run(FutureTask.java:266)
	at java.util.concurrent.ThreadPoolExecutor.runWorker(ThreadPoolExecutor.java:1149)
	at java.util.concurrent.ThreadPoolExecutor$Worker.run(ThreadPoolExecutor.java:624)
	... 1 more
Caused by: org.apache.ratis.thirdparty.io.netty.channel.AbstractChannel$AnnotatedConnectException: Connection refused: /192.168.164.236:45036
	at sun.nio.ch.SocketChannelImpl.checkConnect(Native Method)
	at sun.nio.ch.SocketChannelImpl.finishConnect(SocketChannelImpl.java:717)
	at org.apache.ratis.thirdparty.io.netty.channel.socket.nio.NioSocketChannel.doFinishConnect(NioSocketChannel.java:327)
	at org.apache.ratis.thirdparty.io.netty.channel.nio.AbstractNioChannel$AbstractNioUnsafe.finishConnect(AbstractNioChannel.java:340)
	at org.apache.ratis.thirdparty.io.netty.channel.nio.NioEventLoop.processSelectedKey(NioEventLoop.java:632)
	at org.apache.ratis.thirdparty.io.netty.channel.nio.NioEventLoop.processSelectedKeysOptimized(NioEventLoop.java:579)
	at org.apache.ratis.thirdparty.io.netty.channel.nio.NioEventLoop.processSelectedKeys(NioEventLoop.java:496)
	at org.apache.ratis.thirdparty.io.netty.channel.nio.NioEventLoop.run(NioEventLoop.java:458)
	at org.apache.ratis.thirdparty.io.netty.util.concurrent.SingleThreadEventExecutor$5.run(SingleThreadEventExecutor.java:897)
	at org.apache.ratis.thirdparty.io.netty.util.concurrent.FastThreadLocalRunnable.run(FastThreadLocalRunnable.java:30)
	... 1 more
Caused by: java.net.ConnectException: Connection refused
	... 11 more
2019-10-14 11:47:58,073 [13f7b347-0949-4e64-82cc-e591bbf46992@group-E4E74E988DEB-LeaderElection17] INFO  impl.LeaderElection (LogUtils.java:infoOrTrace(149)) -   Exception 1: {}
java.util.concurrent.ExecutionException: org.apache.ratis.thirdparty.io.grpc.StatusRuntimeException: UNAVAILABLE: io exception
	at java.util.concurrent.FutureTask.report(FutureTask.java:122)
	at java.util.concurrent.FutureTask.get(FutureTask.java:192)
	at org.apache.ratis.server.impl.LeaderElection.waitForResults(LeaderElection.java:259)
	at org.apache.ratis.server.impl.LeaderElection.askForVotes(LeaderElection.java:197)
	at org.apache.ratis.server.impl.LeaderElection.run(LeaderElection.java:133)
	at java.lang.Thread.run(Thread.java:748)
Caused by: org.apache.ratis.thirdparty.io.grpc.StatusRuntimeException: UNAVAILABLE: io exception
	at org.apache.ratis.thirdparty.io.grpc.stub.ClientCalls.toStatusRuntimeException(ClientCalls.java:233)
	at org.apache.ratis.thirdparty.io.grpc.stub.ClientCalls.getUnchecked(ClientCalls.java:214)
	at org.apache.ratis.thirdparty.io.grpc.stub.ClientCalls.blockingUnaryCall(ClientCalls.java:139)
	at org.apache.ratis.proto.grpc.RaftServerProtocolServiceGrpc$RaftServerProtocolServiceBlockingStub.requestVote(RaftServerProtocolServiceGrpc.java:265)
	at org.apache.ratis.grpc.server.GrpcServerProtocolClient.requestVote(GrpcServerProtocolClient.java:99)
	at org.apache.ratis.grpc.server.GrpcService.requestVote(GrpcService.java:204)
	at org.apache.ratis.server.impl.LeaderElection.lambda$submitRequests$1(LeaderElection.java:234)
	at java.util.concurrent.FutureTask.run(FutureTask.java:266)
	at java.util.concurrent.Executors$RunnableAdapter.call(Executors.java:511)
	at java.util.concurrent.FutureTask.run(FutureTask.java:266)
	at java.util.concurrent.ThreadPoolExecutor.runWorker(ThreadPoolExecutor.java:1149)
	at java.util.concurrent.ThreadPoolExecutor$Worker.run(ThreadPoolExecutor.java:624)
	... 1 more
Caused by: org.apache.ratis.thirdparty.io.netty.channel.AbstractChannel$AnnotatedConnectException: Connection refused: /192.168.164.236:36951
	at sun.nio.ch.SocketChannelImpl.checkConnect(Native Method)
	at sun.nio.ch.SocketChannelImpl.finishConnect(SocketChannelImpl.java:717)
	at org.apache.ratis.thirdparty.io.netty.channel.socket.nio.NioSocketChannel.doFinishConnect(NioSocketChannel.java:327)
	at org.apache.ratis.thirdparty.io.netty.channel.nio.AbstractNioChannel$AbstractNioUnsafe.finishConnect(AbstractNioChannel.java:340)
	at org.apache.ratis.thirdparty.io.netty.channel.nio.NioEventLoop.processSelectedKey(NioEventLoop.java:632)
	at org.apache.ratis.thirdparty.io.netty.channel.nio.NioEventLoop.processSelectedKeysOptimized(NioEventLoop.java:579)
	at org.apache.ratis.thirdparty.io.netty.channel.nio.NioEventLoop.processSelectedKeys(NioEventLoop.java:496)
	at org.apache.ratis.thirdparty.io.netty.channel.nio.NioEventLoop.run(NioEventLoop.java:458)
	at org.apache.ratis.thirdparty.io.netty.util.concurrent.SingleThreadEventExecutor$5.run(SingleThreadEventExecutor.java:897)
	at org.apache.ratis.thirdparty.io.netty.util.concurrent.FastThreadLocalRunnable.run(FastThreadLocalRunnable.java:30)
	... 1 more
Caused by: java.net.ConnectException: Connection refused
	... 11 more
2019-10-14 11:47:58,074 [13f7b347-0949-4e64-82cc-e591bbf46992@group-E4E74E988DEB-LeaderElection17] INFO  impl.RaftServerImpl (RaftServerImpl.java:setRole(170)) - 13f7b347-0949-4e64-82cc-e591bbf46992@group-E4E74E988DEB: changes role from CANDIDATE to FOLLOWER at term 5 for DISCOVERED_A_NEW_TERM
2019-10-14 11:47:58,074 [13f7b347-0949-4e64-82cc-e591bbf46992@group-E4E74E988DEB-LeaderElection17] INFO  impl.RoleInfo (RoleInfo.java:shutdownLeaderElection(134)) - 13f7b347-0949-4e64-82cc-e591bbf46992: shutdown LeaderElection
2019-10-14 11:47:58,074 [13f7b347-0949-4e64-82cc-e591bbf46992@group-E4E74E988DEB-LeaderElection17] INFO  impl.RoleInfo (RoleInfo.java:updateAndGet(143)) - 13f7b347-0949-4e64-82cc-e591bbf46992: start FollowerState
2019-10-14 11:47:58,223 [Thread-352] INFO  impl.FollowerState (FollowerState.java:run(108)) - 13f7b347-0949-4e64-82cc-e591bbf46992@group-CD2A1F5DBA49-FollowerState: change to CANDIDATE, lastRpcTime:1949ms, electionTimeout:1020ms
2019-10-14 11:47:58,226 [Thread-352] INFO  impl.RoleInfo (RoleInfo.java:shutdownFollowerState(121)) - 13f7b347-0949-4e64-82cc-e591bbf46992: shutdown FollowerState
2019-10-14 11:47:58,226 [Thread-352] INFO  impl.RaftServerImpl (RaftServerImpl.java:setRole(170)) - 13f7b347-0949-4e64-82cc-e591bbf46992@group-CD2A1F5DBA49: changes role from  FOLLOWER to CANDIDATE at term 1 for changeToCandidate
2019-10-14 11:47:58,226 [Thread-352] INFO  impl.RoleInfo (RoleInfo.java:updateAndGet(143)) - 13f7b347-0949-4e64-82cc-e591bbf46992: start LeaderElection
2019-10-14 11:47:58,227 [13f7b347-0949-4e64-82cc-e591bbf46992@group-CD2A1F5DBA49-LeaderElection18] INFO  impl.RaftServerImpl (ServerState.java:setLeader(255)) - 13f7b347-0949-4e64-82cc-e591bbf46992@group-CD2A1F5DBA49: change Leader from b028e2eb-b728-4e3f-8a5a-c0a0c7a83e03 to null at term 1 for initElection
2019-10-14 11:47:58,242 [13f7b347-0949-4e64-82cc-e591bbf46992@group-CD2A1F5DBA49-LeaderElection18] INFO  impl.LeaderElection (LeaderElection.java:askForVotes(178)) - 13f7b347-0949-4e64-82cc-e591bbf46992@group-CD2A1F5DBA49-LeaderElection18: begin an election at term 2 for 0: [13f7b347-0949-4e64-82cc-e591bbf46992:192.168.164.236:44843, b028e2eb-b728-4e3f-8a5a-c0a0c7a83e03:192.168.164.236:45036, 832fd50e-d9ff-47f8-a960-98c66a98f86a:192.168.164.236:36951], old=null
2019-10-14 11:47:58,243 [13f7b347-0949-4e64-82cc-e591bbf46992@group-CD2A1F5DBA49-LeaderElection18] INFO  impl.LeaderElection (LogUtils.java:infoOrTrace(149)) - 13f7b347-0949-4e64-82cc-e591bbf46992@group-CD2A1F5DBA49-LeaderElection18 got exception when requesting votes: {}
java.util.concurrent.ExecutionException: org.apache.ratis.thirdparty.io.grpc.StatusRuntimeException: UNAVAILABLE: io exception
	at java.util.concurrent.FutureTask.report(FutureTask.java:122)
	at java.util.concurrent.FutureTask.get(FutureTask.java:192)
	at org.apache.ratis.server.impl.LeaderElection.waitForResults(LeaderElection.java:259)
	at org.apache.ratis.server.impl.LeaderElection.askForVotes(LeaderElection.java:197)
	at org.apache.ratis.server.impl.LeaderElection.run(LeaderElection.java:133)
	at java.lang.Thread.run(Thread.java:748)
Caused by: org.apache.ratis.thirdparty.io.grpc.StatusRuntimeException: UNAVAILABLE: io exception
	at org.apache.ratis.thirdparty.io.grpc.stub.ClientCalls.toStatusRuntimeException(ClientCalls.java:233)
	at org.apache.ratis.thirdparty.io.grpc.stub.ClientCalls.getUnchecked(ClientCalls.java:214)
	at org.apache.ratis.thirdparty.io.grpc.stub.ClientCalls.blockingUnaryCall(ClientCalls.java:139)
	at org.apache.ratis.proto.grpc.RaftServerProtocolServiceGrpc$RaftServerProtocolServiceBlockingStub.requestVote(RaftServerProtocolServiceGrpc.java:265)
	at org.apache.ratis.grpc.server.GrpcServerProtocolClient.requestVote(GrpcServerProtocolClient.java:99)
	at org.apache.ratis.grpc.server.GrpcService.requestVote(GrpcService.java:204)
	at org.apache.ratis.server.impl.LeaderElection.lambda$submitRequests$1(LeaderElection.java:234)
	at java.util.concurrent.FutureTask.run(FutureTask.java:266)
	at java.util.concurrent.Executors$RunnableAdapter.call(Executors.java:511)
	at java.util.concurrent.FutureTask.run(FutureTask.java:266)
	at java.util.concurrent.ThreadPoolExecutor.runWorker(ThreadPoolExecutor.java:1149)
	at java.util.concurrent.ThreadPoolExecutor$Worker.run(ThreadPoolExecutor.java:624)
	... 1 more
Caused by: org.apache.ratis.thirdparty.io.netty.channel.AbstractChannel$AnnotatedConnectException: Connection refused: /192.168.164.236:36951
	at sun.nio.ch.SocketChannelImpl.checkConnect(Native Method)
	at sun.nio.ch.SocketChannelImpl.finishConnect(SocketChannelImpl.java:717)
	at org.apache.ratis.thirdparty.io.netty.channel.socket.nio.NioSocketChannel.doFinishConnect(NioSocketChannel.java:327)
	at org.apache.ratis.thirdparty.io.netty.channel.nio.AbstractNioChannel$AbstractNioUnsafe.finishConnect(AbstractNioChannel.java:340)
	at org.apache.ratis.thirdparty.io.netty.channel.nio.NioEventLoop.processSelectedKey(NioEventLoop.java:632)
	at org.apache.ratis.thirdparty.io.netty.channel.nio.NioEventLoop.processSelectedKeysOptimized(NioEventLoop.java:579)
	at org.apache.ratis.thirdparty.io.netty.channel.nio.NioEventLoop.processSelectedKeys(NioEventLoop.java:496)
	at org.apache.ratis.thirdparty.io.netty.channel.nio.NioEventLoop.run(NioEventLoop.java:458)
	at org.apache.ratis.thirdparty.io.netty.util.concurrent.SingleThreadEventExecutor$5.run(SingleThreadEventExecutor.java:897)
	at org.apache.ratis.thirdparty.io.netty.util.concurrent.FastThreadLocalRunnable.run(FastThreadLocalRunnable.java:30)
	... 1 more
Caused by: java.net.ConnectException: Connection refused
	... 11 more
2019-10-14 11:47:58,246 [13f7b347-0949-4e64-82cc-e591bbf46992@group-CD2A1F5DBA49-LeaderElection18] INFO  impl.LeaderElection (LogUtils.java:infoOrTrace(149)) - 13f7b347-0949-4e64-82cc-e591bbf46992@group-CD2A1F5DBA49-LeaderElection18 got exception when requesting votes: {}
java.util.concurrent.ExecutionException: org.apache.ratis.thirdparty.io.grpc.StatusRuntimeException: UNAVAILABLE: io exception
	at java.util.concurrent.FutureTask.report(FutureTask.java:122)
	at java.util.concurrent.FutureTask.get(FutureTask.java:192)
	at org.apache.ratis.server.impl.LeaderElection.waitForResults(LeaderElection.java:259)
	at org.apache.ratis.server.impl.LeaderElection.askForVotes(LeaderElection.java:197)
	at org.apache.ratis.server.impl.LeaderElection.run(LeaderElection.java:133)
	at java.lang.Thread.run(Thread.java:748)
Caused by: org.apache.ratis.thirdparty.io.grpc.StatusRuntimeException: UNAVAILABLE: io exception
	at org.apache.ratis.thirdparty.io.grpc.stub.ClientCalls.toStatusRuntimeException(ClientCalls.java:233)
	at org.apache.ratis.thirdparty.io.grpc.stub.ClientCalls.getUnchecked(ClientCalls.java:214)
	at org.apache.ratis.thirdparty.io.grpc.stub.ClientCalls.blockingUnaryCall(ClientCalls.java:139)
	at org.apache.ratis.proto.grpc.RaftServerProtocolServiceGrpc$RaftServerProtocolServiceBlockingStub.requestVote(RaftServerProtocolServiceGrpc.java:265)
	at org.apache.ratis.grpc.server.GrpcServerProtocolClient.requestVote(GrpcServerProtocolClient.java:99)
	at org.apache.ratis.grpc.server.GrpcService.requestVote(GrpcService.java:204)
	at org.apache.ratis.server.impl.LeaderElection.lambda$submitRequests$1(LeaderElection.java:234)
	at java.util.concurrent.FutureTask.run(FutureTask.java:266)
	at java.util.concurrent.Executors$RunnableAdapter.call(Executors.java:511)
	at java.util.concurrent.FutureTask.run(FutureTask.java:266)
	at java.util.concurrent.ThreadPoolExecutor.runWorker(ThreadPoolExecutor.java:1149)
	at java.util.concurrent.ThreadPoolExecutor$Worker.run(ThreadPoolExecutor.java:624)
	... 1 more
Caused by: org.apache.ratis.thirdparty.io.netty.channel.AbstractChannel$AnnotatedConnectException: Connection refused: /192.168.164.236:45036
	at sun.nio.ch.SocketChannelImpl.checkConnect(Native Method)
	at sun.nio.ch.SocketChannelImpl.finishConnect(SocketChannelImpl.java:717)
	at org.apache.ratis.thirdparty.io.netty.channel.socket.nio.NioSocketChannel.doFinishConnect(NioSocketChannel.java:327)
	at org.apache.ratis.thirdparty.io.netty.channel.nio.AbstractNioChannel$AbstractNioUnsafe.finishConnect(AbstractNioChannel.java:340)
	at org.apache.ratis.thirdparty.io.netty.channel.nio.NioEventLoop.processSelectedKey(NioEventLoop.java:632)
	at org.apache.ratis.thirdparty.io.netty.channel.nio.NioEventLoop.processSelectedKeysOptimized(NioEventLoop.java:579)
	at org.apache.ratis.thirdparty.io.netty.channel.nio.NioEventLoop.processSelectedKeys(NioEventLoop.java:496)
	at org.apache.ratis.thirdparty.io.netty.channel.nio.NioEventLoop.run(NioEventLoop.java:458)
	at org.apache.ratis.thirdparty.io.netty.util.concurrent.SingleThreadEventExecutor$5.run(SingleThreadEventExecutor.java:897)
	at org.apache.ratis.thirdparty.io.netty.util.concurrent.FastThreadLocalRunnable.run(FastThreadLocalRunnable.java:30)
	... 1 more
Caused by: java.net.ConnectException: Connection refused
	... 11 more
2019-10-14 11:47:58,248 [13f7b347-0949-4e64-82cc-e591bbf46992@group-CD2A1F5DBA49-LeaderElection18] INFO  impl.LeaderElection (LeaderElection.java:logAndReturn(56)) - 13f7b347-0949-4e64-82cc-e591bbf46992@group-CD2A1F5DBA49-LeaderElection18: Election REJECTED; received 0 response(s) [] and 2 exception(s); 13f7b347-0949-4e64-82cc-e591bbf46992@group-CD2A1F5DBA49:t2, leader=null, voted=13f7b347-0949-4e64-82cc-e591bbf46992, raftlog=13f7b347-0949-4e64-82cc-e591bbf46992@group-CD2A1F5DBA49-SegmentedRaftLog:OPENED:c0,f0,i0, conf=0: [13f7b347-0949-4e64-82cc-e591bbf46992:192.168.164.236:44843, b028e2eb-b728-4e3f-8a5a-c0a0c7a83e03:192.168.164.236:45036, 832fd50e-d9ff-47f8-a960-98c66a98f86a:192.168.164.236:36951], old=null
2019-10-14 11:47:58,249 [13f7b347-0949-4e64-82cc-e591bbf46992@group-CD2A1F5DBA49-LeaderElection18] INFO  impl.LeaderElection (LogUtils.java:infoOrTrace(149)) -   Exception 0: {}
java.util.concurrent.ExecutionException: org.apache.ratis.thirdparty.io.grpc.StatusRuntimeException: UNAVAILABLE: io exception
	at java.util.concurrent.FutureTask.report(FutureTask.java:122)
	at java.util.concurrent.FutureTask.get(FutureTask.java:192)
	at org.apache.ratis.server.impl.LeaderElection.waitForResults(LeaderElection.java:259)
	at org.apache.ratis.server.impl.LeaderElection.askForVotes(LeaderElection.java:197)
	at org.apache.ratis.server.impl.LeaderElection.run(LeaderElection.java:133)
	at java.lang.Thread.run(Thread.java:748)
Caused by: org.apache.ratis.thirdparty.io.grpc.StatusRuntimeException: UNAVAILABLE: io exception
	at org.apache.ratis.thirdparty.io.grpc.stub.ClientCalls.toStatusRuntimeException(ClientCalls.java:233)
	at org.apache.ratis.thirdparty.io.grpc.stub.ClientCalls.getUnchecked(ClientCalls.java:214)
	at org.apache.ratis.thirdparty.io.grpc.stub.ClientCalls.blockingUnaryCall(ClientCalls.java:139)
	at org.apache.ratis.proto.grpc.RaftServerProtocolServiceGrpc$RaftServerProtocolServiceBlockingStub.requestVote(RaftServerProtocolServiceGrpc.java:265)
	at org.apache.ratis.grpc.server.GrpcServerProtocolClient.requestVote(GrpcServerProtocolClient.java:99)
	at org.apache.ratis.grpc.server.GrpcService.requestVote(GrpcService.java:204)
	at org.apache.ratis.server.impl.LeaderElection.lambda$submitRequests$1(LeaderElection.java:234)
	at java.util.concurrent.FutureTask.run(FutureTask.java:266)
	at java.util.concurrent.Executors$RunnableAdapter.call(Executors.java:511)
	at java.util.concurrent.FutureTask.run(FutureTask.java:266)
	at java.util.concurrent.ThreadPoolExecutor.runWorker(ThreadPoolExecutor.java:1149)
	at java.util.concurrent.ThreadPoolExecutor$Worker.run(ThreadPoolExecutor.java:624)
	... 1 more
Caused by: org.apache.ratis.thirdparty.io.netty.channel.AbstractChannel$AnnotatedConnectException: Connection refused: /192.168.164.236:36951
	at sun.nio.ch.SocketChannelImpl.checkConnect(Native Method)
	at sun.nio.ch.SocketChannelImpl.finishConnect(SocketChannelImpl.java:717)
	at org.apache.ratis.thirdparty.io.netty.channel.socket.nio.NioSocketChannel.doFinishConnect(NioSocketChannel.java:327)
	at org.apache.ratis.thirdparty.io.netty.channel.nio.AbstractNioChannel$AbstractNioUnsafe.finishConnect(AbstractNioChannel.java:340)
	at org.apache.ratis.thirdparty.io.netty.channel.nio.NioEventLoop.processSelectedKey(NioEventLoop.java:632)
	at org.apache.ratis.thirdparty.io.netty.channel.nio.NioEventLoop.processSelectedKeysOptimized(NioEventLoop.java:579)
	at org.apache.ratis.thirdparty.io.netty.channel.nio.NioEventLoop.processSelectedKeys(NioEventLoop.java:496)
	at org.apache.ratis.thirdparty.io.netty.channel.nio.NioEventLoop.run(NioEventLoop.java:458)
	at org.apache.ratis.thirdparty.io.netty.util.concurrent.SingleThreadEventExecutor$5.run(SingleThreadEventExecutor.java:897)
	at org.apache.ratis.thirdparty.io.netty.util.concurrent.FastThreadLocalRunnable.run(FastThreadLocalRunnable.java:30)
	... 1 more
Caused by: java.net.ConnectException: Connection refused
	... 11 more
2019-10-14 11:47:58,249 [13f7b347-0949-4e64-82cc-e591bbf46992@group-CD2A1F5DBA49-LeaderElection18] INFO  impl.LeaderElection (LogUtils.java:infoOrTrace(149)) -   Exception 1: {}
java.util.concurrent.ExecutionException: org.apache.ratis.thirdparty.io.grpc.StatusRuntimeException: UNAVAILABLE: io exception
	at java.util.concurrent.FutureTask.report(FutureTask.java:122)
	at java.util.concurrent.FutureTask.get(FutureTask.java:192)
	at org.apache.ratis.server.impl.LeaderElection.waitForResults(LeaderElection.java:259)
	at org.apache.ratis.server.impl.LeaderElection.askForVotes(LeaderElection.java:197)
	at org.apache.ratis.server.impl.LeaderElection.run(LeaderElection.java:133)
	at java.lang.Thread.run(Thread.java:748)
Caused by: org.apache.ratis.thirdparty.io.grpc.StatusRuntimeException: UNAVAILABLE: io exception
	at org.apache.ratis.thirdparty.io.grpc.stub.ClientCalls.toStatusRuntimeException(ClientCalls.java:233)
	at org.apache.ratis.thirdparty.io.grpc.stub.ClientCalls.getUnchecked(ClientCalls.java:214)
	at org.apache.ratis.thirdparty.io.grpc.stub.ClientCalls.blockingUnaryCall(ClientCalls.java:139)
	at org.apache.ratis.proto.grpc.RaftServerProtocolServiceGrpc$RaftServerProtocolServiceBlockingStub.requestVote(RaftServerProtocolServiceGrpc.java:265)
	at org.apache.ratis.grpc.server.GrpcServerProtocolClient.requestVote(GrpcServerProtocolClient.java:99)
	at org.apache.ratis.grpc.server.GrpcService.requestVote(GrpcService.java:204)
	at org.apache.ratis.server.impl.LeaderElection.lambda$submitRequests$1(LeaderElection.java:234)
	at java.util.concurrent.FutureTask.run(FutureTask.java:266)
	at java.util.concurrent.Executors$RunnableAdapter.call(Executors.java:511)
	at java.util.concurrent.FutureTask.run(FutureTask.java:266)
	at java.util.concurrent.ThreadPoolExecutor.runWorker(ThreadPoolExecutor.java:1149)
	at java.util.concurrent.ThreadPoolExecutor$Worker.run(ThreadPoolExecutor.java:624)
	... 1 more
Caused by: org.apache.ratis.thirdparty.io.netty.channel.AbstractChannel$AnnotatedConnectException: Connection refused: /192.168.164.236:45036
	at sun.nio.ch.SocketChannelImpl.checkConnect(Native Method)
	at sun.nio.ch.SocketChannelImpl.finishConnect(SocketChannelImpl.java:717)
	at org.apache.ratis.thirdparty.io.netty.channel.socket.nio.NioSocketChannel.doFinishConnect(NioSocketChannel.java:327)
	at org.apache.ratis.thirdparty.io.netty.channel.nio.AbstractNioChannel$AbstractNioUnsafe.finishConnect(AbstractNioChannel.java:340)
	at org.apache.ratis.thirdparty.io.netty.channel.nio.NioEventLoop.processSelectedKey(NioEventLoop.java:632)
	at org.apache.ratis.thirdparty.io.netty.channel.nio.NioEventLoop.processSelectedKeysOptimized(NioEventLoop.java:579)
	at org.apache.ratis.thirdparty.io.netty.channel.nio.NioEventLoop.processSelectedKeys(NioEventLoop.java:496)
	at org.apache.ratis.thirdparty.io.netty.channel.nio.NioEventLoop.run(NioEventLoop.java:458)
	at org.apache.ratis.thirdparty.io.netty.util.concurrent.SingleThreadEventExecutor$5.run(SingleThreadEventExecutor.java:897)
	at org.apache.ratis.thirdparty.io.netty.util.concurrent.FastThreadLocalRunnable.run(FastThreadLocalRunnable.java:30)
	... 1 more
Caused by: java.net.ConnectException: Connection refused
	... 11 more
2019-10-14 11:47:58,249 [13f7b347-0949-4e64-82cc-e591bbf46992@group-CD2A1F5DBA49-LeaderElection18] INFO  impl.RaftServerImpl (RaftServerImpl.java:setRole(170)) - 13f7b347-0949-4e64-82cc-e591bbf46992@group-CD2A1F5DBA49: changes role from CANDIDATE to FOLLOWER at term 2 for DISCOVERED_A_NEW_TERM
2019-10-14 11:47:58,249 [13f7b347-0949-4e64-82cc-e591bbf46992@group-CD2A1F5DBA49-LeaderElection18] INFO  impl.RoleInfo (RoleInfo.java:shutdownLeaderElection(134)) - 13f7b347-0949-4e64-82cc-e591bbf46992: shutdown LeaderElection
2019-10-14 11:47:58,250 [13f7b347-0949-4e64-82cc-e591bbf46992@group-CD2A1F5DBA49-LeaderElection18] INFO  impl.RoleInfo (RoleInfo.java:updateAndGet(143)) - 13f7b347-0949-4e64-82cc-e591bbf46992: start FollowerState
2019-10-14 11:47:58,288 [grpc-default-executor-0] WARN  server.GrpcLogAppender (LogUtils.java:warn(134)) - 13f7b347-0949-4e64-82cc-e591bbf46992@group-0D925A8B2439->b028e2eb-b728-4e3f-8a5a-c0a0c7a83e03-AppendLogResponseHandler: Failed appendEntries: org.apache.ratis.thirdparty.io.grpc.StatusRuntimeException: UNAVAILABLE: io exception
2019-10-14 11:47:58,288 [grpc-default-executor-3] WARN  server.GrpcLogAppender (LogUtils.java:warn(134)) - 13f7b347-0949-4e64-82cc-e591bbf46992@group-0D925A8B2439->832fd50e-d9ff-47f8-a960-98c66a98f86a-AppendLogResponseHandler: Failed appendEntries: org.apache.ratis.thirdparty.io.grpc.StatusRuntimeException: UNAVAILABLE: io exception
2019-10-14 11:47:58,292 [grpc-default-executor-0] INFO  impl.FollowerInfo (FollowerInfo.java:lambda$new$0(51)) - 13f7b347-0949-4e64-82cc-e591bbf46992@group-0D925A8B2439->b028e2eb-b728-4e3f-8a5a-c0a0c7a83e03: nextIndex: updateUnconditionally 0 -> 0
2019-10-14 11:47:58,295 [grpc-default-executor-3] INFO  impl.FollowerInfo (FollowerInfo.java:lambda$new$0(51)) - 13f7b347-0949-4e64-82cc-e591bbf46992@group-0D925A8B2439->832fd50e-d9ff-47f8-a960-98c66a98f86a: nextIndex: updateUnconditionally 0 -> 0
2019-10-14 11:47:58,795 [grpc-default-executor-5] WARN  server.GrpcLogAppender (LogUtils.java:warn(134)) - 13f7b347-0949-4e64-82cc-e591bbf46992@group-0D925A8B2439->b028e2eb-b728-4e3f-8a5a-c0a0c7a83e03-AppendLogResponseHandler: Failed appendEntries: org.apache.ratis.thirdparty.io.grpc.StatusRuntimeException: UNAVAILABLE: io exception
2019-10-14 11:47:58,795 [grpc-default-executor-4] WARN  server.GrpcLogAppender (LogUtils.java:warn(134)) - 13f7b347-0949-4e64-82cc-e591bbf46992@group-0D925A8B2439->832fd50e-d9ff-47f8-a960-98c66a98f86a-AppendLogResponseHandler: Failed appendEntries: org.apache.ratis.thirdparty.io.grpc.StatusRuntimeException: UNAVAILABLE: io exception
2019-10-14 11:47:58,797 [grpc-default-executor-5] INFO  impl.FollowerInfo (FollowerInfo.java:lambda$new$0(51)) - 13f7b347-0949-4e64-82cc-e591bbf46992@group-0D925A8B2439->b028e2eb-b728-4e3f-8a5a-c0a0c7a83e03: nextIndex: updateUnconditionally 0 -> 0
2019-10-14 11:47:58,799 [grpc-default-executor-4] INFO  impl.FollowerInfo (FollowerInfo.java:lambda$new$0(51)) - 13f7b347-0949-4e64-82cc-e591bbf46992@group-0D925A8B2439->832fd50e-d9ff-47f8-a960-98c66a98f86a: nextIndex: updateUnconditionally 0 -> 0
2019-10-14 11:47:59,087 [Thread-427] INFO  impl.FollowerState (FollowerState.java:run(108)) - 13f7b347-0949-4e64-82cc-e591bbf46992@group-E4E74E988DEB-FollowerState: change to CANDIDATE, lastRpcTime:1012ms, electionTimeout:1012ms
2019-10-14 11:47:59,087 [Thread-427] INFO  impl.RoleInfo (RoleInfo.java:shutdownFollowerState(121)) - 13f7b347-0949-4e64-82cc-e591bbf46992: shutdown FollowerState
2019-10-14 11:47:59,087 [Thread-427] INFO  impl.RaftServerImpl (RaftServerImpl.java:setRole(170)) - 13f7b347-0949-4e64-82cc-e591bbf46992@group-E4E74E988DEB: changes role from  FOLLOWER to CANDIDATE at term 5 for changeToCandidate
2019-10-14 11:47:59,087 [Thread-427] INFO  impl.RoleInfo (RoleInfo.java:updateAndGet(143)) - 13f7b347-0949-4e64-82cc-e591bbf46992: start LeaderElection
2019-10-14 11:47:59,106 [13f7b347-0949-4e64-82cc-e591bbf46992@group-E4E74E988DEB-LeaderElection19] INFO  impl.LeaderElection (LeaderElection.java:askForVotes(178)) - 13f7b347-0949-4e64-82cc-e591bbf46992@group-E4E74E988DEB-LeaderElection19: begin an election at term 6 for -1: [13f7b347-0949-4e64-82cc-e591bbf46992:192.168.164.236:44843, b028e2eb-b728-4e3f-8a5a-c0a0c7a83e03:192.168.164.236:45036, 832fd50e-d9ff-47f8-a960-98c66a98f86a:192.168.164.236:36951], old=null
2019-10-14 11:47:59,115 [13f7b347-0949-4e64-82cc-e591bbf46992@group-E4E74E988DEB-LeaderElection19] INFO  impl.LeaderElection (LogUtils.java:infoOrTrace(149)) - 13f7b347-0949-4e64-82cc-e591bbf46992@group-E4E74E988DEB-LeaderElection19 got exception when requesting votes: {}
java.util.concurrent.ExecutionException: org.apache.ratis.thirdparty.io.grpc.StatusRuntimeException: UNAVAILABLE: io exception
	at java.util.concurrent.FutureTask.report(FutureTask.java:122)
	at java.util.concurrent.FutureTask.get(FutureTask.java:192)
	at org.apache.ratis.server.impl.LeaderElection.waitForResults(LeaderElection.java:259)
	at org.apache.ratis.server.impl.LeaderElection.askForVotes(LeaderElection.java:197)
	at org.apache.ratis.server.impl.LeaderElection.run(LeaderElection.java:133)
	at java.lang.Thread.run(Thread.java:748)
Caused by: org.apache.ratis.thirdparty.io.grpc.StatusRuntimeException: UNAVAILABLE: io exception
	at org.apache.ratis.thirdparty.io.grpc.stub.ClientCalls.toStatusRuntimeException(ClientCalls.java:233)
	at org.apache.ratis.thirdparty.io.grpc.stub.ClientCalls.getUnchecked(ClientCalls.java:214)
	at org.apache.ratis.thirdparty.io.grpc.stub.ClientCalls.blockingUnaryCall(ClientCalls.java:139)
	at org.apache.ratis.proto.grpc.RaftServerProtocolServiceGrpc$RaftServerProtocolServiceBlockingStub.requestVote(RaftServerProtocolServiceGrpc.java:265)
	at org.apache.ratis.grpc.server.GrpcServerProtocolClient.requestVote(GrpcServerProtocolClient.java:99)
	at org.apache.ratis.grpc.server.GrpcService.requestVote(GrpcService.java:204)
	at org.apache.ratis.server.impl.LeaderElection.lambda$submitRequests$1(LeaderElection.java:234)
	at java.util.concurrent.FutureTask.run(FutureTask.java:266)
	at java.util.concurrent.Executors$RunnableAdapter.call(Executors.java:511)
	at java.util.concurrent.FutureTask.run(FutureTask.java:266)
	at java.util.concurrent.ThreadPoolExecutor.runWorker(ThreadPoolExecutor.java:1149)
	at java.util.concurrent.ThreadPoolExecutor$Worker.run(ThreadPoolExecutor.java:624)
	... 1 more
Caused by: org.apache.ratis.thirdparty.io.netty.channel.AbstractChannel$AnnotatedConnectException: Connection refused: /192.168.164.236:45036
	at sun.nio.ch.SocketChannelImpl.checkConnect(Native Method)
	at sun.nio.ch.SocketChannelImpl.finishConnect(SocketChannelImpl.java:717)
	at org.apache.ratis.thirdparty.io.netty.channel.socket.nio.NioSocketChannel.doFinishConnect(NioSocketChannel.java:327)
	at org.apache.ratis.thirdparty.io.netty.channel.nio.AbstractNioChannel$AbstractNioUnsafe.finishConnect(AbstractNioChannel.java:340)
	at org.apache.ratis.thirdparty.io.netty.channel.nio.NioEventLoop.processSelectedKey(NioEventLoop.java:632)
	at org.apache.ratis.thirdparty.io.netty.channel.nio.NioEventLoop.processSelectedKeysOptimized(NioEventLoop.java:579)
	at org.apache.ratis.thirdparty.io.netty.channel.nio.NioEventLoop.processSelectedKeys(NioEventLoop.java:496)
	at org.apache.ratis.thirdparty.io.netty.channel.nio.NioEventLoop.run(NioEventLoop.java:458)
	at org.apache.ratis.thirdparty.io.netty.util.concurrent.SingleThreadEventExecutor$5.run(SingleThreadEventExecutor.java:897)
	at org.apache.ratis.thirdparty.io.netty.util.concurrent.FastThreadLocalRunnable.run(FastThreadLocalRunnable.java:30)
	... 1 more
Caused by: java.net.ConnectException: Connection refused
	... 11 more
2019-10-14 11:47:59,125 [13f7b347-0949-4e64-82cc-e591bbf46992@group-E4E74E988DEB-LeaderElection19] INFO  impl.LeaderElection (LogUtils.java:infoOrTrace(149)) - 13f7b347-0949-4e64-82cc-e591bbf46992@group-E4E74E988DEB-LeaderElection19 got exception when requesting votes: {}
java.util.concurrent.ExecutionException: org.apache.ratis.thirdparty.io.grpc.StatusRuntimeException: UNAVAILABLE: io exception
	at java.util.concurrent.FutureTask.report(FutureTask.java:122)
	at java.util.concurrent.FutureTask.get(FutureTask.java:192)
	at org.apache.ratis.server.impl.LeaderElection.waitForResults(LeaderElection.java:259)
	at org.apache.ratis.server.impl.LeaderElection.askForVotes(LeaderElection.java:197)
	at org.apache.ratis.server.impl.LeaderElection.run(LeaderElection.java:133)
	at java.lang.Thread.run(Thread.java:748)
Caused by: org.apache.ratis.thirdparty.io.grpc.StatusRuntimeException: UNAVAILABLE: io exception
	at org.apache.ratis.thirdparty.io.grpc.stub.ClientCalls.toStatusRuntimeException(ClientCalls.java:233)
	at org.apache.ratis.thirdparty.io.grpc.stub.ClientCalls.getUnchecked(ClientCalls.java:214)
	at org.apache.ratis.thirdparty.io.grpc.stub.ClientCalls.blockingUnaryCall(ClientCalls.java:139)
	at org.apache.ratis.proto.grpc.RaftServerProtocolServiceGrpc$RaftServerProtocolServiceBlockingStub.requestVote(RaftServerProtocolServiceGrpc.java:265)
	at org.apache.ratis.grpc.server.GrpcServerProtocolClient.requestVote(GrpcServerProtocolClient.java:99)
	at org.apache.ratis.grpc.server.GrpcService.requestVote(GrpcService.java:204)
	at org.apache.ratis.server.impl.LeaderElection.lambda$submitRequests$1(LeaderElection.java:234)
	at java.util.concurrent.FutureTask.run(FutureTask.java:266)
	at java.util.concurrent.Executors$RunnableAdapter.call(Executors.java:511)
	at java.util.concurrent.FutureTask.run(FutureTask.java:266)
	at java.util.concurrent.ThreadPoolExecutor.runWorker(ThreadPoolExecutor.java:1149)
	at java.util.concurrent.ThreadPoolExecutor$Worker.run(ThreadPoolExecutor.java:624)
	... 1 more
Caused by: org.apache.ratis.thirdparty.io.netty.channel.AbstractChannel$AnnotatedConnectException: Connection refused: /192.168.164.236:36951
	at sun.nio.ch.SocketChannelImpl.checkConnect(Native Method)
	at sun.nio.ch.SocketChannelImpl.finishConnect(SocketChannelImpl.java:717)
	at org.apache.ratis.thirdparty.io.netty.channel.socket.nio.NioSocketChannel.doFinishConnect(NioSocketChannel.java:327)
	at org.apache.ratis.thirdparty.io.netty.channel.nio.AbstractNioChannel$AbstractNioUnsafe.finishConnect(AbstractNioChannel.java:340)
	at org.apache.ratis.thirdparty.io.netty.channel.nio.NioEventLoop.processSelectedKey(NioEventLoop.java:632)
	at org.apache.ratis.thirdparty.io.netty.channel.nio.NioEventLoop.processSelectedKeysOptimized(NioEventLoop.java:579)
	at org.apache.ratis.thirdparty.io.netty.channel.nio.NioEventLoop.processSelectedKeys(NioEventLoop.java:496)
	at org.apache.ratis.thirdparty.io.netty.channel.nio.NioEventLoop.run(NioEventLoop.java:458)
	at org.apache.ratis.thirdparty.io.netty.util.concurrent.SingleThreadEventExecutor$5.run(SingleThreadEventExecutor.java:897)
	at org.apache.ratis.thirdparty.io.netty.util.concurrent.FastThreadLocalRunnable.run(FastThreadLocalRunnable.java:30)
	... 1 more
Caused by: java.net.ConnectException: Connection refused
	... 11 more
2019-10-14 11:47:59,125 [13f7b347-0949-4e64-82cc-e591bbf46992@group-E4E74E988DEB-LeaderElection19] INFO  impl.LeaderElection (LeaderElection.java:logAndReturn(56)) - 13f7b347-0949-4e64-82cc-e591bbf46992@group-E4E74E988DEB-LeaderElection19: Election REJECTED; received 0 response(s) [] and 2 exception(s); 13f7b347-0949-4e64-82cc-e591bbf46992@group-E4E74E988DEB:t6, leader=null, voted=13f7b347-0949-4e64-82cc-e591bbf46992, raftlog=13f7b347-0949-4e64-82cc-e591bbf46992@group-E4E74E988DEB-SegmentedRaftLog:OPENED:c-1,f-1,i0, conf=-1: [13f7b347-0949-4e64-82cc-e591bbf46992:192.168.164.236:44843, b028e2eb-b728-4e3f-8a5a-c0a0c7a83e03:192.168.164.236:45036, 832fd50e-d9ff-47f8-a960-98c66a98f86a:192.168.164.236:36951], old=null
2019-10-14 11:47:59,125 [13f7b347-0949-4e64-82cc-e591bbf46992@group-E4E74E988DEB-LeaderElection19] INFO  impl.LeaderElection (LogUtils.java:infoOrTrace(149)) -   Exception 0: {}
java.util.concurrent.ExecutionException: org.apache.ratis.thirdparty.io.grpc.StatusRuntimeException: UNAVAILABLE: io exception
	at java.util.concurrent.FutureTask.report(FutureTask.java:122)
	at java.util.concurrent.FutureTask.get(FutureTask.java:192)
	at org.apache.ratis.server.impl.LeaderElection.waitForResults(LeaderElection.java:259)
	at org.apache.ratis.server.impl.LeaderElection.askForVotes(LeaderElection.java:197)
	at org.apache.ratis.server.impl.LeaderElection.run(LeaderElection.java:133)
	at java.lang.Thread.run(Thread.java:748)
Caused by: org.apache.ratis.thirdparty.io.grpc.StatusRuntimeException: UNAVAILABLE: io exception
	at org.apache.ratis.thirdparty.io.grpc.stub.ClientCalls.toStatusRuntimeException(ClientCalls.java:233)
	at org.apache.ratis.thirdparty.io.grpc.stub.ClientCalls.getUnchecked(ClientCalls.java:214)
	at org.apache.ratis.thirdparty.io.grpc.stub.ClientCalls.blockingUnaryCall(ClientCalls.java:139)
	at org.apache.ratis.proto.grpc.RaftServerProtocolServiceGrpc$RaftServerProtocolServiceBlockingStub.requestVote(RaftServerProtocolServiceGrpc.java:265)
	at org.apache.ratis.grpc.server.GrpcServerProtocolClient.requestVote(GrpcServerProtocolClient.java:99)
	at org.apache.ratis.grpc.server.GrpcService.requestVote(GrpcService.java:204)
	at org.apache.ratis.server.impl.LeaderElection.lambda$submitRequests$1(LeaderElection.java:234)
	at java.util.concurrent.FutureTask.run(FutureTask.java:266)
	at java.util.concurrent.Executors$RunnableAdapter.call(Executors.java:511)
	at java.util.concurrent.FutureTask.run(FutureTask.java:266)
	at java.util.concurrent.ThreadPoolExecutor.runWorker(ThreadPoolExecutor.java:1149)
	at java.util.concurrent.ThreadPoolExecutor$Worker.run(ThreadPoolExecutor.java:624)
	... 1 more
Caused by: org.apache.ratis.thirdparty.io.netty.channel.AbstractChannel$AnnotatedConnectException: Connection refused: /192.168.164.236:45036
	at sun.nio.ch.SocketChannelImpl.checkConnect(Native Method)
	at sun.nio.ch.SocketChannelImpl.finishConnect(SocketChannelImpl.java:717)
	at org.apache.ratis.thirdparty.io.netty.channel.socket.nio.NioSocketChannel.doFinishConnect(NioSocketChannel.java:327)
	at org.apache.ratis.thirdparty.io.netty.channel.nio.AbstractNioChannel$AbstractNioUnsafe.finishConnect(AbstractNioChannel.java:340)
	at org.apache.ratis.thirdparty.io.netty.channel.nio.NioEventLoop.processSelectedKey(NioEventLoop.java:632)
	at org.apache.ratis.thirdparty.io.netty.channel.nio.NioEventLoop.processSelectedKeysOptimized(NioEventLoop.java:579)
	at org.apache.ratis.thirdparty.io.netty.channel.nio.NioEventLoop.processSelectedKeys(NioEventLoop.java:496)
	at org.apache.ratis.thirdparty.io.netty.channel.nio.NioEventLoop.run(NioEventLoop.java:458)
	at org.apache.ratis.thirdparty.io.netty.util.concurrent.SingleThreadEventExecutor$5.run(SingleThreadEventExecutor.java:897)
	at org.apache.ratis.thirdparty.io.netty.util.concurrent.FastThreadLocalRunnable.run(FastThreadLocalRunnable.java:30)
	... 1 more
Caused by: java.net.ConnectException: Connection refused
	... 11 more
2019-10-14 11:47:59,126 [13f7b347-0949-4e64-82cc-e591bbf46992@group-E4E74E988DEB-LeaderElection19] INFO  impl.LeaderElection (LogUtils.java:infoOrTrace(149)) -   Exception 1: {}
java.util.concurrent.ExecutionException: org.apache.ratis.thirdparty.io.grpc.StatusRuntimeException: UNAVAILABLE: io exception
	at java.util.concurrent.FutureTask.report(FutureTask.java:122)
	at java.util.concurrent.FutureTask.get(FutureTask.java:192)
	at org.apache.ratis.server.impl.LeaderElection.waitForResults(LeaderElection.java:259)
	at org.apache.ratis.server.impl.LeaderElection.askForVotes(LeaderElection.java:197)
	at org.apache.ratis.server.impl.LeaderElection.run(LeaderElection.java:133)
	at java.lang.Thread.run(Thread.java:748)
Caused by: org.apache.ratis.thirdparty.io.grpc.StatusRuntimeException: UNAVAILABLE: io exception
	at org.apache.ratis.thirdparty.io.grpc.stub.ClientCalls.toStatusRuntimeException(ClientCalls.java:233)
	at org.apache.ratis.thirdparty.io.grpc.stub.ClientCalls.getUnchecked(ClientCalls.java:214)
	at org.apache.ratis.thirdparty.io.grpc.stub.ClientCalls.blockingUnaryCall(ClientCalls.java:139)
	at org.apache.ratis.proto.grpc.RaftServerProtocolServiceGrpc$RaftServerProtocolServiceBlockingStub.requestVote(RaftServerProtocolServiceGrpc.java:265)
	at org.apache.ratis.grpc.server.GrpcServerProtocolClient.requestVote(GrpcServerProtocolClient.java:99)
	at org.apache.ratis.grpc.server.GrpcService.requestVote(GrpcService.java:204)
	at org.apache.ratis.server.impl.LeaderElection.lambda$submitRequests$1(LeaderElection.java:234)
	at java.util.concurrent.FutureTask.run(FutureTask.java:266)
	at java.util.concurrent.Executors$RunnableAdapter.call(Executors.java:511)
	at java.util.concurrent.FutureTask.run(FutureTask.java:266)
	at java.util.concurrent.ThreadPoolExecutor.runWorker(ThreadPoolExecutor.java:1149)
	at java.util.concurrent.ThreadPoolExecutor$Worker.run(ThreadPoolExecutor.java:624)
	... 1 more
Caused by: org.apache.ratis.thirdparty.io.netty.channel.AbstractChannel$AnnotatedConnectException: Connection refused: /192.168.164.236:36951
	at sun.nio.ch.SocketChannelImpl.checkConnect(Native Method)
	at sun.nio.ch.SocketChannelImpl.finishConnect(SocketChannelImpl.java:717)
	at org.apache.ratis.thirdparty.io.netty.channel.socket.nio.NioSocketChannel.doFinishConnect(NioSocketChannel.java:327)
	at org.apache.ratis.thirdparty.io.netty.channel.nio.AbstractNioChannel$AbstractNioUnsafe.finishConnect(AbstractNioChannel.java:340)
	at org.apache.ratis.thirdparty.io.netty.channel.nio.NioEventLoop.processSelectedKey(NioEventLoop.java:632)
	at org.apache.ratis.thirdparty.io.netty.channel.nio.NioEventLoop.processSelectedKeysOptimized(NioEventLoop.java:579)
	at org.apache.ratis.thirdparty.io.netty.channel.nio.NioEventLoop.processSelectedKeys(NioEventLoop.java:496)
	at org.apache.ratis.thirdparty.io.netty.channel.nio.NioEventLoop.run(NioEventLoop.java:458)
	at org.apache.ratis.thirdparty.io.netty.util.concurrent.SingleThreadEventExecutor$5.run(SingleThreadEventExecutor.java:897)
	at org.apache.ratis.thirdparty.io.netty.util.concurrent.FastThreadLocalRunnable.run(FastThreadLocalRunnable.java:30)
	... 1 more
Caused by: java.net.ConnectException: Connection refused
	... 11 more
2019-10-14 11:47:59,126 [13f7b347-0949-4e64-82cc-e591bbf46992@group-E4E74E988DEB-LeaderElection19] INFO  impl.RaftServerImpl (RaftServerImpl.java:setRole(170)) - 13f7b347-0949-4e64-82cc-e591bbf46992@group-E4E74E988DEB: changes role from CANDIDATE to FOLLOWER at term 6 for DISCOVERED_A_NEW_TERM
2019-10-14 11:47:59,126 [13f7b347-0949-4e64-82cc-e591bbf46992@group-E4E74E988DEB-LeaderElection19] INFO  impl.RoleInfo (RoleInfo.java:shutdownLeaderElection(134)) - 13f7b347-0949-4e64-82cc-e591bbf46992: shutdown LeaderElection
2019-10-14 11:47:59,127 [13f7b347-0949-4e64-82cc-e591bbf46992@group-E4E74E988DEB-LeaderElection19] INFO  impl.RoleInfo (RoleInfo.java:updateAndGet(143)) - 13f7b347-0949-4e64-82cc-e591bbf46992: start FollowerState
2019-10-14 11:47:59,293 [grpc-default-executor-4] WARN  server.GrpcLogAppender (LogUtils.java:warn(134)) - 13f7b347-0949-4e64-82cc-e591bbf46992@group-0D925A8B2439->832fd50e-d9ff-47f8-a960-98c66a98f86a-AppendLogResponseHandler: Failed appendEntries: org.apache.ratis.thirdparty.io.grpc.StatusRuntimeException: UNAVAILABLE: io exception
2019-10-14 11:47:59,293 [grpc-default-executor-5] WARN  server.GrpcLogAppender (LogUtils.java:warn(134)) - 13f7b347-0949-4e64-82cc-e591bbf46992@group-0D925A8B2439->b028e2eb-b728-4e3f-8a5a-c0a0c7a83e03-AppendLogResponseHandler: Failed appendEntries: org.apache.ratis.thirdparty.io.grpc.StatusRuntimeException: UNAVAILABLE: io exception
2019-10-14 11:47:59,300 [grpc-default-executor-4] INFO  impl.FollowerInfo (FollowerInfo.java:lambda$new$0(51)) - 13f7b347-0949-4e64-82cc-e591bbf46992@group-0D925A8B2439->832fd50e-d9ff-47f8-a960-98c66a98f86a: nextIndex: updateUnconditionally 0 -> 0
2019-10-14 11:47:59,302 [grpc-default-executor-5] INFO  impl.FollowerInfo (FollowerInfo.java:lambda$new$0(51)) - 13f7b347-0949-4e64-82cc-e591bbf46992@group-0D925A8B2439->b028e2eb-b728-4e3f-8a5a-c0a0c7a83e03: nextIndex: updateUnconditionally 0 -> 0
2019-10-14 11:47:59,414 [Thread-431] INFO  impl.FollowerState (FollowerState.java:run(108)) - 13f7b347-0949-4e64-82cc-e591bbf46992@group-CD2A1F5DBA49-FollowerState: change to CANDIDATE, lastRpcTime:1164ms, electionTimeout:1164ms
2019-10-14 11:47:59,415 [Thread-431] INFO  impl.RoleInfo (RoleInfo.java:shutdownFollowerState(121)) - 13f7b347-0949-4e64-82cc-e591bbf46992: shutdown FollowerState
2019-10-14 11:47:59,415 [Thread-431] INFO  impl.RaftServerImpl (RaftServerImpl.java:setRole(170)) - 13f7b347-0949-4e64-82cc-e591bbf46992@group-CD2A1F5DBA49: changes role from  FOLLOWER to CANDIDATE at term 2 for changeToCandidate
2019-10-14 11:47:59,415 [Thread-431] INFO  impl.RoleInfo (RoleInfo.java:updateAndGet(143)) - 13f7b347-0949-4e64-82cc-e591bbf46992: start LeaderElection
2019-10-14 11:47:59,443 [13f7b347-0949-4e64-82cc-e591bbf46992@group-CD2A1F5DBA49-LeaderElection20] INFO  impl.LeaderElection (LeaderElection.java:askForVotes(178)) - 13f7b347-0949-4e64-82cc-e591bbf46992@group-CD2A1F5DBA49-LeaderElection20: begin an election at term 3 for 0: [13f7b347-0949-4e64-82cc-e591bbf46992:192.168.164.236:44843, b028e2eb-b728-4e3f-8a5a-c0a0c7a83e03:192.168.164.236:45036, 832fd50e-d9ff-47f8-a960-98c66a98f86a:192.168.164.236:36951], old=null
2019-10-14 11:47:59,452 [13f7b347-0949-4e64-82cc-e591bbf46992@group-CD2A1F5DBA49-LeaderElection20] INFO  impl.LeaderElection (LogUtils.java:infoOrTrace(149)) - 13f7b347-0949-4e64-82cc-e591bbf46992@group-CD2A1F5DBA49-LeaderElection20 got exception when requesting votes: {}
java.util.concurrent.ExecutionException: org.apache.ratis.thirdparty.io.grpc.StatusRuntimeException: UNAVAILABLE: io exception
	at java.util.concurrent.FutureTask.report(FutureTask.java:122)
	at java.util.concurrent.FutureTask.get(FutureTask.java:192)
	at org.apache.ratis.server.impl.LeaderElection.waitForResults(LeaderElection.java:259)
	at org.apache.ratis.server.impl.LeaderElection.askForVotes(LeaderElection.java:197)
	at org.apache.ratis.server.impl.LeaderElection.run(LeaderElection.java:133)
	at java.lang.Thread.run(Thread.java:748)
Caused by: org.apache.ratis.thirdparty.io.grpc.StatusRuntimeException: UNAVAILABLE: io exception
	at org.apache.ratis.thirdparty.io.grpc.stub.ClientCalls.toStatusRuntimeException(ClientCalls.java:233)
	at org.apache.ratis.thirdparty.io.grpc.stub.ClientCalls.getUnchecked(ClientCalls.java:214)
	at org.apache.ratis.thirdparty.io.grpc.stub.ClientCalls.blockingUnaryCall(ClientCalls.java:139)
	at org.apache.ratis.proto.grpc.RaftServerProtocolServiceGrpc$RaftServerProtocolServiceBlockingStub.requestVote(RaftServerProtocolServiceGrpc.java:265)
	at org.apache.ratis.grpc.server.GrpcServerProtocolClient.requestVote(GrpcServerProtocolClient.java:99)
	at org.apache.ratis.grpc.server.GrpcService.requestVote(GrpcService.java:204)
	at org.apache.ratis.server.impl.LeaderElection.lambda$submitRequests$1(LeaderElection.java:234)
	at java.util.concurrent.FutureTask.run(FutureTask.java:266)
	at java.util.concurrent.Executors$RunnableAdapter.call(Executors.java:511)
	at java.util.concurrent.FutureTask.run(FutureTask.java:266)
	at java.util.concurrent.ThreadPoolExecutor.runWorker(ThreadPoolExecutor.java:1149)
	at java.util.concurrent.ThreadPoolExecutor$Worker.run(ThreadPoolExecutor.java:624)
	... 1 more
Caused by: org.apache.ratis.thirdparty.io.netty.channel.AbstractChannel$AnnotatedConnectException: Connection refused: /192.168.164.236:45036
	at sun.nio.ch.SocketChannelImpl.checkConnect(Native Method)
	at sun.nio.ch.SocketChannelImpl.finishConnect(SocketChannelImpl.java:717)
	at org.apache.ratis.thirdparty.io.netty.channel.socket.nio.NioSocketChannel.doFinishConnect(NioSocketChannel.java:327)
	at org.apache.ratis.thirdparty.io.netty.channel.nio.AbstractNioChannel$AbstractNioUnsafe.finishConnect(AbstractNioChannel.java:340)
	at org.apache.ratis.thirdparty.io.netty.channel.nio.NioEventLoop.processSelectedKey(NioEventLoop.java:632)
	at org.apache.ratis.thirdparty.io.netty.channel.nio.NioEventLoop.processSelectedKeysOptimized(NioEventLoop.java:579)
	at org.apache.ratis.thirdparty.io.netty.channel.nio.NioEventLoop.processSelectedKeys(NioEventLoop.java:496)
	at org.apache.ratis.thirdparty.io.netty.channel.nio.NioEventLoop.run(NioEventLoop.java:458)
	at org.apache.ratis.thirdparty.io.netty.util.concurrent.SingleThreadEventExecutor$5.run(SingleThreadEventExecutor.java:897)
	at org.apache.ratis.thirdparty.io.netty.util.concurrent.FastThreadLocalRunnable.run(FastThreadLocalRunnable.java:30)
	... 1 more
Caused by: java.net.ConnectException: Connection refused
	... 11 more
2019-10-14 11:47:59,455 [13f7b347-0949-4e64-82cc-e591bbf46992@group-CD2A1F5DBA49-LeaderElection20] INFO  impl.LeaderElection (LogUtils.java:infoOrTrace(149)) - 13f7b347-0949-4e64-82cc-e591bbf46992@group-CD2A1F5DBA49-LeaderElection20 got exception when requesting votes: {}
java.util.concurrent.ExecutionException: org.apache.ratis.thirdparty.io.grpc.StatusRuntimeException: UNAVAILABLE: io exception
	at java.util.concurrent.FutureTask.report(FutureTask.java:122)
	at java.util.concurrent.FutureTask.get(FutureTask.java:192)
	at org.apache.ratis.server.impl.LeaderElection.waitForResults(LeaderElection.java:259)
	at org.apache.ratis.server.impl.LeaderElection.askForVotes(LeaderElection.java:197)
	at org.apache.ratis.server.impl.LeaderElection.run(LeaderElection.java:133)
	at java.lang.Thread.run(Thread.java:748)
Caused by: org.apache.ratis.thirdparty.io.grpc.StatusRuntimeException: UNAVAILABLE: io exception
	at org.apache.ratis.thirdparty.io.grpc.stub.ClientCalls.toStatusRuntimeException(ClientCalls.java:233)
	at org.apache.ratis.thirdparty.io.grpc.stub.ClientCalls.getUnchecked(ClientCalls.java:214)
	at org.apache.ratis.thirdparty.io.grpc.stub.ClientCalls.blockingUnaryCall(ClientCalls.java:139)
	at org.apache.ratis.proto.grpc.RaftServerProtocolServiceGrpc$RaftServerProtocolServiceBlockingStub.requestVote(RaftServerProtocolServiceGrpc.java:265)
	at org.apache.ratis.grpc.server.GrpcServerProtocolClient.requestVote(GrpcServerProtocolClient.java:99)
	at org.apache.ratis.grpc.server.GrpcService.requestVote(GrpcService.java:204)
	at org.apache.ratis.server.impl.LeaderElection.lambda$submitRequests$1(LeaderElection.java:234)
	at java.util.concurrent.FutureTask.run(FutureTask.java:266)
	at java.util.concurrent.Executors$RunnableAdapter.call(Executors.java:511)
	at java.util.concurrent.FutureTask.run(FutureTask.java:266)
	at java.util.concurrent.ThreadPoolExecutor.runWorker(ThreadPoolExecutor.java:1149)
	at java.util.concurrent.ThreadPoolExecutor$Worker.run(ThreadPoolExecutor.java:624)
	... 1 more
Caused by: org.apache.ratis.thirdparty.io.netty.channel.AbstractChannel$AnnotatedConnectException: Connection refused: /192.168.164.236:36951
	at sun.nio.ch.SocketChannelImpl.checkConnect(Native Method)
	at sun.nio.ch.SocketChannelImpl.finishConnect(SocketChannelImpl.java:717)
	at org.apache.ratis.thirdparty.io.netty.channel.socket.nio.NioSocketChannel.doFinishConnect(NioSocketChannel.java:327)
	at org.apache.ratis.thirdparty.io.netty.channel.nio.AbstractNioChannel$AbstractNioUnsafe.finishConnect(AbstractNioChannel.java:340)
	at org.apache.ratis.thirdparty.io.netty.channel.nio.NioEventLoop.processSelectedKey(NioEventLoop.java:632)
	at org.apache.ratis.thirdparty.io.netty.channel.nio.NioEventLoop.processSelectedKeysOptimized(NioEventLoop.java:579)
	at org.apache.ratis.thirdparty.io.netty.channel.nio.NioEventLoop.processSelectedKeys(NioEventLoop.java:496)
	at org.apache.ratis.thirdparty.io.netty.channel.nio.NioEventLoop.run(NioEventLoop.java:458)
	at org.apache.ratis.thirdparty.io.netty.util.concurrent.SingleThreadEventExecutor$5.run(SingleThreadEventExecutor.java:897)
	at org.apache.ratis.thirdparty.io.netty.util.concurrent.FastThreadLocalRunnable.run(FastThreadLocalRunnable.java:30)
	... 1 more
Caused by: java.net.ConnectException: Connection refused
	... 11 more
2019-10-14 11:47:59,457 [13f7b347-0949-4e64-82cc-e591bbf46992@group-CD2A1F5DBA49-LeaderElection20] INFO  impl.LeaderElection (LeaderElection.java:logAndReturn(56)) - 13f7b347-0949-4e64-82cc-e591bbf46992@group-CD2A1F5DBA49-LeaderElection20: Election REJECTED; received 0 response(s) [] and 2 exception(s); 13f7b347-0949-4e64-82cc-e591bbf46992@group-CD2A1F5DBA49:t3, leader=null, voted=13f7b347-0949-4e64-82cc-e591bbf46992, raftlog=13f7b347-0949-4e64-82cc-e591bbf46992@group-CD2A1F5DBA49-SegmentedRaftLog:OPENED:c0,f0,i0, conf=0: [13f7b347-0949-4e64-82cc-e591bbf46992:192.168.164.236:44843, b028e2eb-b728-4e3f-8a5a-c0a0c7a83e03:192.168.164.236:45036, 832fd50e-d9ff-47f8-a960-98c66a98f86a:192.168.164.236:36951], old=null
2019-10-14 11:47:59,457 [13f7b347-0949-4e64-82cc-e591bbf46992@group-CD2A1F5DBA49-LeaderElection20] INFO  impl.LeaderElection (LogUtils.java:infoOrTrace(149)) -   Exception 0: {}
java.util.concurrent.ExecutionException: org.apache.ratis.thirdparty.io.grpc.StatusRuntimeException: UNAVAILABLE: io exception
	at java.util.concurrent.FutureTask.report(FutureTask.java:122)
	at java.util.concurrent.FutureTask.get(FutureTask.java:192)
	at org.apache.ratis.server.impl.LeaderElection.waitForResults(LeaderElection.java:259)
	at org.apache.ratis.server.impl.LeaderElection.askForVotes(LeaderElection.java:197)
	at org.apache.ratis.server.impl.LeaderElection.run(LeaderElection.java:133)
	at java.lang.Thread.run(Thread.java:748)
Caused by: org.apache.ratis.thirdparty.io.grpc.StatusRuntimeException: UNAVAILABLE: io exception
	at org.apache.ratis.thirdparty.io.grpc.stub.ClientCalls.toStatusRuntimeException(ClientCalls.java:233)
	at org.apache.ratis.thirdparty.io.grpc.stub.ClientCalls.getUnchecked(ClientCalls.java:214)
	at org.apache.ratis.thirdparty.io.grpc.stub.ClientCalls.blockingUnaryCall(ClientCalls.java:139)
	at org.apache.ratis.proto.grpc.RaftServerProtocolServiceGrpc$RaftServerProtocolServiceBlockingStub.requestVote(RaftServerProtocolServiceGrpc.java:265)
	at org.apache.ratis.grpc.server.GrpcServerProtocolClient.requestVote(GrpcServerProtocolClient.java:99)
	at org.apache.ratis.grpc.server.GrpcService.requestVote(GrpcService.java:204)
	at org.apache.ratis.server.impl.LeaderElection.lambda$submitRequests$1(LeaderElection.java:234)
	at java.util.concurrent.FutureTask.run(FutureTask.java:266)
	at java.util.concurrent.Executors$RunnableAdapter.call(Executors.java:511)
	at java.util.concurrent.FutureTask.run(FutureTask.java:266)
	at java.util.concurrent.ThreadPoolExecutor.runWorker(ThreadPoolExecutor.java:1149)
	at java.util.concurrent.ThreadPoolExecutor$Worker.run(ThreadPoolExecutor.java:624)
	... 1 more
Caused by: org.apache.ratis.thirdparty.io.netty.channel.AbstractChannel$AnnotatedConnectException: Connection refused: /192.168.164.236:45036
	at sun.nio.ch.SocketChannelImpl.checkConnect(Native Method)
	at sun.nio.ch.SocketChannelImpl.finishConnect(SocketChannelImpl.java:717)
	at org.apache.ratis.thirdparty.io.netty.channel.socket.nio.NioSocketChannel.doFinishConnect(NioSocketChannel.java:327)
	at org.apache.ratis.thirdparty.io.netty.channel.nio.AbstractNioChannel$AbstractNioUnsafe.finishConnect(AbstractNioChannel.java:340)
	at org.apache.ratis.thirdparty.io.netty.channel.nio.NioEventLoop.processSelectedKey(NioEventLoop.java:632)
	at org.apache.ratis.thirdparty.io.netty.channel.nio.NioEventLoop.processSelectedKeysOptimized(NioEventLoop.java:579)
	at org.apache.ratis.thirdparty.io.netty.channel.nio.NioEventLoop.processSelectedKeys(NioEventLoop.java:496)
	at org.apache.ratis.thirdparty.io.netty.channel.nio.NioEventLoop.run(NioEventLoop.java:458)
	at org.apache.ratis.thirdparty.io.netty.util.concurrent.SingleThreadEventExecutor$5.run(SingleThreadEventExecutor.java:897)
	at org.apache.ratis.thirdparty.io.netty.util.concurrent.FastThreadLocalRunnable.run(FastThreadLocalRunnable.java:30)
	... 1 more
Caused by: java.net.ConnectException: Connection refused
	... 11 more
2019-10-14 11:47:59,458 [13f7b347-0949-4e64-82cc-e591bbf46992@group-CD2A1F5DBA49-LeaderElection20] INFO  impl.LeaderElection (LogUtils.java:infoOrTrace(149)) -   Exception 1: {}
java.util.concurrent.ExecutionException: org.apache.ratis.thirdparty.io.grpc.StatusRuntimeException: UNAVAILABLE: io exception
	at java.util.concurrent.FutureTask.report(FutureTask.java:122)
	at java.util.concurrent.FutureTask.get(FutureTask.java:192)
	at org.apache.ratis.server.impl.LeaderElection.waitForResults(LeaderElection.java:259)
	at org.apache.ratis.server.impl.LeaderElection.askForVotes(LeaderElection.java:197)
	at org.apache.ratis.server.impl.LeaderElection.run(LeaderElection.java:133)
	at java.lang.Thread.run(Thread.java:748)
Caused by: org.apache.ratis.thirdparty.io.grpc.StatusRuntimeException: UNAVAILABLE: io exception
	at org.apache.ratis.thirdparty.io.grpc.stub.ClientCalls.toStatusRuntimeException(ClientCalls.java:233)
	at org.apache.ratis.thirdparty.io.grpc.stub.ClientCalls.getUnchecked(ClientCalls.java:214)
	at org.apache.ratis.thirdparty.io.grpc.stub.ClientCalls.blockingUnaryCall(ClientCalls.java:139)
	at org.apache.ratis.proto.grpc.RaftServerProtocolServiceGrpc$RaftServerProtocolServiceBlockingStub.requestVote(RaftServerProtocolServiceGrpc.java:265)
	at org.apache.ratis.grpc.server.GrpcServerProtocolClient.requestVote(GrpcServerProtocolClient.java:99)
	at org.apache.ratis.grpc.server.GrpcService.requestVote(GrpcService.java:204)
	at org.apache.ratis.server.impl.LeaderElection.lambda$submitRequests$1(LeaderElection.java:234)
	at java.util.concurrent.FutureTask.run(FutureTask.java:266)
	at java.util.concurrent.Executors$RunnableAdapter.call(Executors.java:511)
	at java.util.concurrent.FutureTask.run(FutureTask.java:266)
	at java.util.concurrent.ThreadPoolExecutor.runWorker(ThreadPoolExecutor.java:1149)
	at java.util.concurrent.ThreadPoolExecutor$Worker.run(ThreadPoolExecutor.java:624)
	... 1 more
Caused by: org.apache.ratis.thirdparty.io.netty.channel.AbstractChannel$AnnotatedConnectException: Connection refused: /192.168.164.236:36951
	at sun.nio.ch.SocketChannelImpl.checkConnect(Native Method)
	at sun.nio.ch.SocketChannelImpl.finishConnect(SocketChannelImpl.java:717)
	at org.apache.ratis.thirdparty.io.netty.channel.socket.nio.NioSocketChannel.doFinishConnect(NioSocketChannel.java:327)
	at org.apache.ratis.thirdparty.io.netty.channel.nio.AbstractNioChannel$AbstractNioUnsafe.finishConnect(AbstractNioChannel.java:340)
	at org.apache.ratis.thirdparty.io.netty.channel.nio.NioEventLoop.processSelectedKey(NioEventLoop.java:632)
	at org.apache.ratis.thirdparty.io.netty.channel.nio.NioEventLoop.processSelectedKeysOptimized(NioEventLoop.java:579)
	at org.apache.ratis.thirdparty.io.netty.channel.nio.NioEventLoop.processSelectedKeys(NioEventLoop.java:496)
	at org.apache.ratis.thirdparty.io.netty.channel.nio.NioEventLoop.run(NioEventLoop.java:458)
	at org.apache.ratis.thirdparty.io.netty.util.concurrent.SingleThreadEventExecutor$5.run(SingleThreadEventExecutor.java:897)
	at org.apache.ratis.thirdparty.io.netty.util.concurrent.FastThreadLocalRunnable.run(FastThreadLocalRunnable.java:30)
	... 1 more
Caused by: java.net.ConnectException: Connection refused
	... 11 more
2019-10-14 11:47:59,458 [13f7b347-0949-4e64-82cc-e591bbf46992@group-CD2A1F5DBA49-LeaderElection20] INFO  impl.RaftServerImpl (RaftServerImpl.java:setRole(170)) - 13f7b347-0949-4e64-82cc-e591bbf46992@group-CD2A1F5DBA49: changes role from CANDIDATE to FOLLOWER at term 3 for DISCOVERED_A_NEW_TERM
2019-10-14 11:47:59,458 [13f7b347-0949-4e64-82cc-e591bbf46992@group-CD2A1F5DBA49-LeaderElection20] INFO  impl.RoleInfo (RoleInfo.java:shutdownLeaderElection(134)) - 13f7b347-0949-4e64-82cc-e591bbf46992: shutdown LeaderElection
2019-10-14 11:47:59,459 [13f7b347-0949-4e64-82cc-e591bbf46992@group-CD2A1F5DBA49-LeaderElection20] INFO  impl.RoleInfo (RoleInfo.java:updateAndGet(143)) - 13f7b347-0949-4e64-82cc-e591bbf46992: start FollowerState
2019-10-14 11:47:59,794 [grpc-default-executor-4] WARN  server.GrpcLogAppender (LogUtils.java:warn(134)) - 13f7b347-0949-4e64-82cc-e591bbf46992@group-0D925A8B2439->832fd50e-d9ff-47f8-a960-98c66a98f86a-AppendLogResponseHandler: Failed appendEntries: org.apache.ratis.thirdparty.io.grpc.StatusRuntimeException: UNAVAILABLE: io exception
2019-10-14 11:47:59,794 [grpc-default-executor-5] WARN  server.GrpcLogAppender (LogUtils.java:warn(134)) - 13f7b347-0949-4e64-82cc-e591bbf46992@group-0D925A8B2439->b028e2eb-b728-4e3f-8a5a-c0a0c7a83e03-AppendLogResponseHandler: Failed appendEntries: org.apache.ratis.thirdparty.io.grpc.StatusRuntimeException: UNAVAILABLE: io exception
2019-10-14 11:47:59,801 [grpc-default-executor-4] INFO  impl.FollowerInfo (FollowerInfo.java:lambda$new$0(51)) - 13f7b347-0949-4e64-82cc-e591bbf46992@group-0D925A8B2439->832fd50e-d9ff-47f8-a960-98c66a98f86a: nextIndex: updateUnconditionally 0 -> 0
2019-10-14 11:47:59,812 [grpc-default-executor-5] INFO  impl.FollowerInfo (FollowerInfo.java:lambda$new$0(51)) - 13f7b347-0949-4e64-82cc-e591bbf46992@group-0D925A8B2439->b028e2eb-b728-4e3f-8a5a-c0a0c7a83e03: nextIndex: updateUnconditionally 0 -> 0
2019-10-14 11:48:00,300 [grpc-default-executor-0] WARN  server.GrpcLogAppender (LogUtils.java:warn(134)) - 13f7b347-0949-4e64-82cc-e591bbf46992@group-0D925A8B2439->b028e2eb-b728-4e3f-8a5a-c0a0c7a83e03-AppendLogResponseHandler: Failed appendEntries: org.apache.ratis.thirdparty.io.grpc.StatusRuntimeException: UNAVAILABLE: io exception
2019-10-14 11:48:00,300 [grpc-default-executor-1] WARN  server.GrpcLogAppender (LogUtils.java:warn(134)) - 13f7b347-0949-4e64-82cc-e591bbf46992@group-0D925A8B2439->832fd50e-d9ff-47f8-a960-98c66a98f86a-AppendLogResponseHandler: Failed appendEntries: org.apache.ratis.thirdparty.io.grpc.StatusRuntimeException: UNAVAILABLE: io exception
2019-10-14 11:48:00,302 [grpc-default-executor-0] INFO  impl.FollowerInfo (FollowerInfo.java:lambda$new$0(51)) - 13f7b347-0949-4e64-82cc-e591bbf46992@group-0D925A8B2439->b028e2eb-b728-4e3f-8a5a-c0a0c7a83e03: nextIndex: updateUnconditionally 0 -> 0
2019-10-14 11:48:00,304 [grpc-default-executor-1] INFO  impl.FollowerInfo (FollowerInfo.java:lambda$new$0(51)) - 13f7b347-0949-4e64-82cc-e591bbf46992@group-0D925A8B2439->832fd50e-d9ff-47f8-a960-98c66a98f86a: nextIndex: updateUnconditionally 0 -> 0
2019-10-14 11:48:00,318 [Thread-435] INFO  impl.FollowerState (FollowerState.java:run(108)) - 13f7b347-0949-4e64-82cc-e591bbf46992@group-E4E74E988DEB-FollowerState: change to CANDIDATE, lastRpcTime:1191ms, electionTimeout:1191ms
2019-10-14 11:48:00,318 [Thread-435] INFO  impl.RoleInfo (RoleInfo.java:shutdownFollowerState(121)) - 13f7b347-0949-4e64-82cc-e591bbf46992: shutdown FollowerState
2019-10-14 11:48:00,318 [Thread-435] INFO  impl.RaftServerImpl (RaftServerImpl.java:setRole(170)) - 13f7b347-0949-4e64-82cc-e591bbf46992@group-E4E74E988DEB: changes role from  FOLLOWER to CANDIDATE at term 6 for changeToCandidate
2019-10-14 11:48:00,319 [Thread-435] INFO  impl.RoleInfo (RoleInfo.java:updateAndGet(143)) - 13f7b347-0949-4e64-82cc-e591bbf46992: start LeaderElection
2019-10-14 11:48:00,335 [13f7b347-0949-4e64-82cc-e591bbf46992@group-E4E74E988DEB-LeaderElection21] INFO  impl.LeaderElection (LeaderElection.java:askForVotes(178)) - 13f7b347-0949-4e64-82cc-e591bbf46992@group-E4E74E988DEB-LeaderElection21: begin an election at term 7 for -1: [13f7b347-0949-4e64-82cc-e591bbf46992:192.168.164.236:44843, b028e2eb-b728-4e3f-8a5a-c0a0c7a83e03:192.168.164.236:45036, 832fd50e-d9ff-47f8-a960-98c66a98f86a:192.168.164.236:36951], old=null
2019-10-14 11:48:00,340 [13f7b347-0949-4e64-82cc-e591bbf46992@group-E4E74E988DEB-LeaderElection21] INFO  impl.LeaderElection (LogUtils.java:infoOrTrace(149)) - 13f7b347-0949-4e64-82cc-e591bbf46992@group-E4E74E988DEB-LeaderElection21 got exception when requesting votes: {}
java.util.concurrent.ExecutionException: org.apache.ratis.thirdparty.io.grpc.StatusRuntimeException: UNAVAILABLE: io exception
	at java.util.concurrent.FutureTask.report(FutureTask.java:122)
	at java.util.concurrent.FutureTask.get(FutureTask.java:192)
	at org.apache.ratis.server.impl.LeaderElection.waitForResults(LeaderElection.java:259)
	at org.apache.ratis.server.impl.LeaderElection.askForVotes(LeaderElection.java:197)
	at org.apache.ratis.server.impl.LeaderElection.run(LeaderElection.java:133)
	at java.lang.Thread.run(Thread.java:748)
Caused by: org.apache.ratis.thirdparty.io.grpc.StatusRuntimeException: UNAVAILABLE: io exception
	at org.apache.ratis.thirdparty.io.grpc.stub.ClientCalls.toStatusRuntimeException(ClientCalls.java:233)
	at org.apache.ratis.thirdparty.io.grpc.stub.ClientCalls.getUnchecked(ClientCalls.java:214)
	at org.apache.ratis.thirdparty.io.grpc.stub.ClientCalls.blockingUnaryCall(ClientCalls.java:139)
	at org.apache.ratis.proto.grpc.RaftServerProtocolServiceGrpc$RaftServerProtocolServiceBlockingStub.requestVote(RaftServerProtocolServiceGrpc.java:265)
	at org.apache.ratis.grpc.server.GrpcServerProtocolClient.requestVote(GrpcServerProtocolClient.java:99)
	at org.apache.ratis.grpc.server.GrpcService.requestVote(GrpcService.java:204)
	at org.apache.ratis.server.impl.LeaderElection.lambda$submitRequests$1(LeaderElection.java:234)
	at java.util.concurrent.FutureTask.run(FutureTask.java:266)
	at java.util.concurrent.Executors$RunnableAdapter.call(Executors.java:511)
	at java.util.concurrent.FutureTask.run(FutureTask.java:266)
	at java.util.concurrent.ThreadPoolExecutor.runWorker(ThreadPoolExecutor.java:1149)
	at java.util.concurrent.ThreadPoolExecutor$Worker.run(ThreadPoolExecutor.java:624)
	... 1 more
Caused by: org.apache.ratis.thirdparty.io.netty.channel.AbstractChannel$AnnotatedConnectException: Connection refused: /192.168.164.236:36951
	at sun.nio.ch.SocketChannelImpl.checkConnect(Native Method)
	at sun.nio.ch.SocketChannelImpl.finishConnect(SocketChannelImpl.java:717)
	at org.apache.ratis.thirdparty.io.netty.channel.socket.nio.NioSocketChannel.doFinishConnect(NioSocketChannel.java:327)
	at org.apache.ratis.thirdparty.io.netty.channel.nio.AbstractNioChannel$AbstractNioUnsafe.finishConnect(AbstractNioChannel.java:340)
	at org.apache.ratis.thirdparty.io.netty.channel.nio.NioEventLoop.processSelectedKey(NioEventLoop.java:632)
	at org.apache.ratis.thirdparty.io.netty.channel.nio.NioEventLoop.processSelectedKeysOptimized(NioEventLoop.java:579)
	at org.apache.ratis.thirdparty.io.netty.channel.nio.NioEventLoop.processSelectedKeys(NioEventLoop.java:496)
	at org.apache.ratis.thirdparty.io.netty.channel.nio.NioEventLoop.run(NioEventLoop.java:458)
	at org.apache.ratis.thirdparty.io.netty.util.concurrent.SingleThreadEventExecutor$5.run(SingleThreadEventExecutor.java:897)
	at org.apache.ratis.thirdparty.io.netty.util.concurrent.FastThreadLocalRunnable.run(FastThreadLocalRunnable.java:30)
	... 1 more
Caused by: java.net.ConnectException: Connection refused
	... 11 more
2019-10-14 11:48:00,342 [13f7b347-0949-4e64-82cc-e591bbf46992@group-E4E74E988DEB-LeaderElection21] INFO  impl.LeaderElection (LogUtils.java:infoOrTrace(149)) - 13f7b347-0949-4e64-82cc-e591bbf46992@group-E4E74E988DEB-LeaderElection21 got exception when requesting votes: {}
java.util.concurrent.ExecutionException: org.apache.ratis.thirdparty.io.grpc.StatusRuntimeException: UNAVAILABLE: io exception
	at java.util.concurrent.FutureTask.report(FutureTask.java:122)
	at java.util.concurrent.FutureTask.get(FutureTask.java:192)
	at org.apache.ratis.server.impl.LeaderElection.waitForResults(LeaderElection.java:259)
	at org.apache.ratis.server.impl.LeaderElection.askForVotes(LeaderElection.java:197)
	at org.apache.ratis.server.impl.LeaderElection.run(LeaderElection.java:133)
	at java.lang.Thread.run(Thread.java:748)
Caused by: org.apache.ratis.thirdparty.io.grpc.StatusRuntimeException: UNAVAILABLE: io exception
	at org.apache.ratis.thirdparty.io.grpc.stub.ClientCalls.toStatusRuntimeException(ClientCalls.java:233)
	at org.apache.ratis.thirdparty.io.grpc.stub.ClientCalls.getUnchecked(ClientCalls.java:214)
	at org.apache.ratis.thirdparty.io.grpc.stub.ClientCalls.blockingUnaryCall(ClientCalls.java:139)
	at org.apache.ratis.proto.grpc.RaftServerProtocolServiceGrpc$RaftServerProtocolServiceBlockingStub.requestVote(RaftServerProtocolServiceGrpc.java:265)
	at org.apache.ratis.grpc.server.GrpcServerProtocolClient.requestVote(GrpcServerProtocolClient.java:99)
	at org.apache.ratis.grpc.server.GrpcService.requestVote(GrpcService.java:204)
	at org.apache.ratis.server.impl.LeaderElection.lambda$submitRequests$1(LeaderElection.java:234)
	at java.util.concurrent.FutureTask.run(FutureTask.java:266)
	at java.util.concurrent.Executors$RunnableAdapter.call(Executors.java:511)
	at java.util.concurrent.FutureTask.run(FutureTask.java:266)
	at java.util.concurrent.ThreadPoolExecutor.runWorker(ThreadPoolExecutor.java:1149)
	at java.util.concurrent.ThreadPoolExecutor$Worker.run(ThreadPoolExecutor.java:624)
	... 1 more
Caused by: org.apache.ratis.thirdparty.io.netty.channel.AbstractChannel$AnnotatedConnectException: Connection refused: /192.168.164.236:45036
	at sun.nio.ch.SocketChannelImpl.checkConnect(Native Method)
	at sun.nio.ch.SocketChannelImpl.finishConnect(SocketChannelImpl.java:717)
	at org.apache.ratis.thirdparty.io.netty.channel.socket.nio.NioSocketChannel.doFinishConnect(NioSocketChannel.java:327)
	at org.apache.ratis.thirdparty.io.netty.channel.nio.AbstractNioChannel$AbstractNioUnsafe.finishConnect(AbstractNioChannel.java:340)
	at org.apache.ratis.thirdparty.io.netty.channel.nio.NioEventLoop.processSelectedKey(NioEventLoop.java:632)
	at org.apache.ratis.thirdparty.io.netty.channel.nio.NioEventLoop.processSelectedKeysOptimized(NioEventLoop.java:579)
	at org.apache.ratis.thirdparty.io.netty.channel.nio.NioEventLoop.processSelectedKeys(NioEventLoop.java:496)
	at org.apache.ratis.thirdparty.io.netty.channel.nio.NioEventLoop.run(NioEventLoop.java:458)
	at org.apache.ratis.thirdparty.io.netty.util.concurrent.SingleThreadEventExecutor$5.run(SingleThreadEventExecutor.java:897)
	at org.apache.ratis.thirdparty.io.netty.util.concurrent.FastThreadLocalRunnable.run(FastThreadLocalRunnable.java:30)
	... 1 more
Caused by: java.net.ConnectException: Connection refused
	... 11 more
2019-10-14 11:48:00,345 [13f7b347-0949-4e64-82cc-e591bbf46992@group-E4E74E988DEB-LeaderElection21] INFO  impl.LeaderElection (LeaderElection.java:logAndReturn(56)) - 13f7b347-0949-4e64-82cc-e591bbf46992@group-E4E74E988DEB-LeaderElection21: Election REJECTED; received 0 response(s) [] and 2 exception(s); 13f7b347-0949-4e64-82cc-e591bbf46992@group-E4E74E988DEB:t7, leader=null, voted=13f7b347-0949-4e64-82cc-e591bbf46992, raftlog=13f7b347-0949-4e64-82cc-e591bbf46992@group-E4E74E988DEB-SegmentedRaftLog:OPENED:c-1,f-1,i0, conf=-1: [13f7b347-0949-4e64-82cc-e591bbf46992:192.168.164.236:44843, b028e2eb-b728-4e3f-8a5a-c0a0c7a83e03:192.168.164.236:45036, 832fd50e-d9ff-47f8-a960-98c66a98f86a:192.168.164.236:36951], old=null
2019-10-14 11:48:00,345 [13f7b347-0949-4e64-82cc-e591bbf46992@group-E4E74E988DEB-LeaderElection21] INFO  impl.LeaderElection (LogUtils.java:infoOrTrace(149)) -   Exception 0: {}
java.util.concurrent.ExecutionException: org.apache.ratis.thirdparty.io.grpc.StatusRuntimeException: UNAVAILABLE: io exception
	at java.util.concurrent.FutureTask.report(FutureTask.java:122)
	at java.util.concurrent.FutureTask.get(FutureTask.java:192)
	at org.apache.ratis.server.impl.LeaderElection.waitForResults(LeaderElection.java:259)
	at org.apache.ratis.server.impl.LeaderElection.askForVotes(LeaderElection.java:197)
	at org.apache.ratis.server.impl.LeaderElection.run(LeaderElection.java:133)
	at java.lang.Thread.run(Thread.java:748)
Caused by: org.apache.ratis.thirdparty.io.grpc.StatusRuntimeException: UNAVAILABLE: io exception
	at org.apache.ratis.thirdparty.io.grpc.stub.ClientCalls.toStatusRuntimeException(ClientCalls.java:233)
	at org.apache.ratis.thirdparty.io.grpc.stub.ClientCalls.getUnchecked(ClientCalls.java:214)
	at org.apache.ratis.thirdparty.io.grpc.stub.ClientCalls.blockingUnaryCall(ClientCalls.java:139)
	at org.apache.ratis.proto.grpc.RaftServerProtocolServiceGrpc$RaftServerProtocolServiceBlockingStub.requestVote(RaftServerProtocolServiceGrpc.java:265)
	at org.apache.ratis.grpc.server.GrpcServerProtocolClient.requestVote(GrpcServerProtocolClient.java:99)
	at org.apache.ratis.grpc.server.GrpcService.requestVote(GrpcService.java:204)
	at org.apache.ratis.server.impl.LeaderElection.lambda$submitRequests$1(LeaderElection.java:234)
	at java.util.concurrent.FutureTask.run(FutureTask.java:266)
	at java.util.concurrent.Executors$RunnableAdapter.call(Executors.java:511)
	at java.util.concurrent.FutureTask.run(FutureTask.java:266)
	at java.util.concurrent.ThreadPoolExecutor.runWorker(ThreadPoolExecutor.java:1149)
	at java.util.concurrent.ThreadPoolExecutor$Worker.run(ThreadPoolExecutor.java:624)
	... 1 more
Caused by: org.apache.ratis.thirdparty.io.netty.channel.AbstractChannel$AnnotatedConnectException: Connection refused: /192.168.164.236:36951
	at sun.nio.ch.SocketChannelImpl.checkConnect(Native Method)
	at sun.nio.ch.SocketChannelImpl.finishConnect(SocketChannelImpl.java:717)
	at org.apache.ratis.thirdparty.io.netty.channel.socket.nio.NioSocketChannel.doFinishConnect(NioSocketChannel.java:327)
	at org.apache.ratis.thirdparty.io.netty.channel.nio.AbstractNioChannel$AbstractNioUnsafe.finishConnect(AbstractNioChannel.java:340)
	at org.apache.ratis.thirdparty.io.netty.channel.nio.NioEventLoop.processSelectedKey(NioEventLoop.java:632)
	at org.apache.ratis.thirdparty.io.netty.channel.nio.NioEventLoop.processSelectedKeysOptimized(NioEventLoop.java:579)
	at org.apache.ratis.thirdparty.io.netty.channel.nio.NioEventLoop.processSelectedKeys(NioEventLoop.java:496)
	at org.apache.ratis.thirdparty.io.netty.channel.nio.NioEventLoop.run(NioEventLoop.java:458)
	at org.apache.ratis.thirdparty.io.netty.util.concurrent.SingleThreadEventExecutor$5.run(SingleThreadEventExecutor.java:897)
	at org.apache.ratis.thirdparty.io.netty.util.concurrent.FastThreadLocalRunnable.run(FastThreadLocalRunnable.java:30)
	... 1 more
Caused by: java.net.ConnectException: Connection refused
	... 11 more
2019-10-14 11:48:00,345 [13f7b347-0949-4e64-82cc-e591bbf46992@group-E4E74E988DEB-LeaderElection21] INFO  impl.LeaderElection (LogUtils.java:infoOrTrace(149)) -   Exception 1: {}
java.util.concurrent.ExecutionException: org.apache.ratis.thirdparty.io.grpc.StatusRuntimeException: UNAVAILABLE: io exception
	at java.util.concurrent.FutureTask.report(FutureTask.java:122)
	at java.util.concurrent.FutureTask.get(FutureTask.java:192)
	at org.apache.ratis.server.impl.LeaderElection.waitForResults(LeaderElection.java:259)
	at org.apache.ratis.server.impl.LeaderElection.askForVotes(LeaderElection.java:197)
	at org.apache.ratis.server.impl.LeaderElection.run(LeaderElection.java:133)
	at java.lang.Thread.run(Thread.java:748)
Caused by: org.apache.ratis.thirdparty.io.grpc.StatusRuntimeException: UNAVAILABLE: io exception
	at org.apache.ratis.thirdparty.io.grpc.stub.ClientCalls.toStatusRuntimeException(ClientCalls.java:233)
	at org.apache.ratis.thirdparty.io.grpc.stub.ClientCalls.getUnchecked(ClientCalls.java:214)
	at org.apache.ratis.thirdparty.io.grpc.stub.ClientCalls.blockingUnaryCall(ClientCalls.java:139)
	at org.apache.ratis.proto.grpc.RaftServerProtocolServiceGrpc$RaftServerProtocolServiceBlockingStub.requestVote(RaftServerProtocolServiceGrpc.java:265)
	at org.apache.ratis.grpc.server.GrpcServerProtocolClient.requestVote(GrpcServerProtocolClient.java:99)
	at org.apache.ratis.grpc.server.GrpcService.requestVote(GrpcService.java:204)
	at org.apache.ratis.server.impl.LeaderElection.lambda$submitRequests$1(LeaderElection.java:234)
	at java.util.concurrent.FutureTask.run(FutureTask.java:266)
	at java.util.concurrent.Executors$RunnableAdapter.call(Executors.java:511)
	at java.util.concurrent.FutureTask.run(FutureTask.java:266)
	at java.util.concurrent.ThreadPoolExecutor.runWorker(ThreadPoolExecutor.java:1149)
	at java.util.concurrent.ThreadPoolExecutor$Worker.run(ThreadPoolExecutor.java:624)
	... 1 more
Caused by: org.apache.ratis.thirdparty.io.netty.channel.AbstractChannel$AnnotatedConnectException: Connection refused: /192.168.164.236:45036
	at sun.nio.ch.SocketChannelImpl.checkConnect(Native Method)
	at sun.nio.ch.SocketChannelImpl.finishConnect(SocketChannelImpl.java:717)
	at org.apache.ratis.thirdparty.io.netty.channel.socket.nio.NioSocketChannel.doFinishConnect(NioSocketChannel.java:327)
	at org.apache.ratis.thirdparty.io.netty.channel.nio.AbstractNioChannel$AbstractNioUnsafe.finishConnect(AbstractNioChannel.java:340)
	at org.apache.ratis.thirdparty.io.netty.channel.nio.NioEventLoop.processSelectedKey(NioEventLoop.java:632)
	at org.apache.ratis.thirdparty.io.netty.channel.nio.NioEventLoop.processSelectedKeysOptimized(NioEventLoop.java:579)
	at org.apache.ratis.thirdparty.io.netty.channel.nio.NioEventLoop.processSelectedKeys(NioEventLoop.java:496)
	at org.apache.ratis.thirdparty.io.netty.channel.nio.NioEventLoop.run(NioEventLoop.java:458)
	at org.apache.ratis.thirdparty.io.netty.util.concurrent.SingleThreadEventExecutor$5.run(SingleThreadEventExecutor.java:897)
	at org.apache.ratis.thirdparty.io.netty.util.concurrent.FastThreadLocalRunnable.run(FastThreadLocalRunnable.java:30)
	... 1 more
Caused by: java.net.ConnectException: Connection refused
	... 11 more
2019-10-14 11:48:00,346 [13f7b347-0949-4e64-82cc-e591bbf46992@group-E4E74E988DEB-LeaderElection21] INFO  impl.RaftServerImpl (RaftServerImpl.java:setRole(170)) - 13f7b347-0949-4e64-82cc-e591bbf46992@group-E4E74E988DEB: changes role from CANDIDATE to FOLLOWER at term 7 for DISCOVERED_A_NEW_TERM
2019-10-14 11:48:00,346 [13f7b347-0949-4e64-82cc-e591bbf46992@group-E4E74E988DEB-LeaderElection21] INFO  impl.RoleInfo (RoleInfo.java:shutdownLeaderElection(134)) - 13f7b347-0949-4e64-82cc-e591bbf46992: shutdown LeaderElection
2019-10-14 11:48:00,347 [13f7b347-0949-4e64-82cc-e591bbf46992@group-E4E74E988DEB-LeaderElection21] INFO  impl.RoleInfo (RoleInfo.java:updateAndGet(143)) - 13f7b347-0949-4e64-82cc-e591bbf46992: start FollowerState
2019-10-14 11:48:00,590 [Thread-439] INFO  impl.FollowerState (FollowerState.java:run(108)) - 13f7b347-0949-4e64-82cc-e591bbf46992@group-CD2A1F5DBA49-FollowerState: change to CANDIDATE, lastRpcTime:1131ms, electionTimeout:1131ms
2019-10-14 11:48:00,594 [Thread-439] INFO  impl.RoleInfo (RoleInfo.java:shutdownFollowerState(121)) - 13f7b347-0949-4e64-82cc-e591bbf46992: shutdown FollowerState
2019-10-14 11:48:00,595 [Thread-439] INFO  impl.RaftServerImpl (RaftServerImpl.java:setRole(170)) - 13f7b347-0949-4e64-82cc-e591bbf46992@group-CD2A1F5DBA49: changes role from  FOLLOWER to CANDIDATE at term 3 for changeToCandidate
2019-10-14 11:48:00,595 [Thread-439] INFO  impl.RoleInfo (RoleInfo.java:updateAndGet(143)) - 13f7b347-0949-4e64-82cc-e591bbf46992: start LeaderElection
2019-10-14 11:48:00,621 [13f7b347-0949-4e64-82cc-e591bbf46992@group-CD2A1F5DBA49-LeaderElection22] INFO  impl.LeaderElection (LeaderElection.java:askForVotes(178)) - 13f7b347-0949-4e64-82cc-e591bbf46992@group-CD2A1F5DBA49-LeaderElection22: begin an election at term 4 for 0: [13f7b347-0949-4e64-82cc-e591bbf46992:192.168.164.236:44843, b028e2eb-b728-4e3f-8a5a-c0a0c7a83e03:192.168.164.236:45036, 832fd50e-d9ff-47f8-a960-98c66a98f86a:192.168.164.236:36951], old=null
2019-10-14 11:48:00,623 [13f7b347-0949-4e64-82cc-e591bbf46992@group-CD2A1F5DBA49-LeaderElection22] INFO  impl.LeaderElection (LogUtils.java:infoOrTrace(149)) - 13f7b347-0949-4e64-82cc-e591bbf46992@group-CD2A1F5DBA49-LeaderElection22 got exception when requesting votes: {}
java.util.concurrent.ExecutionException: org.apache.ratis.thirdparty.io.grpc.StatusRuntimeException: UNAVAILABLE: io exception
	at java.util.concurrent.FutureTask.report(FutureTask.java:122)
	at java.util.concurrent.FutureTask.get(FutureTask.java:192)
	at org.apache.ratis.server.impl.LeaderElection.waitForResults(LeaderElection.java:259)
	at org.apache.ratis.server.impl.LeaderElection.askForVotes(LeaderElection.java:197)
	at org.apache.ratis.server.impl.LeaderElection.run(LeaderElection.java:133)
	at java.lang.Thread.run(Thread.java:748)
Caused by: org.apache.ratis.thirdparty.io.grpc.StatusRuntimeException: UNAVAILABLE: io exception
	at org.apache.ratis.thirdparty.io.grpc.stub.ClientCalls.toStatusRuntimeException(ClientCalls.java:233)
	at org.apache.ratis.thirdparty.io.grpc.stub.ClientCalls.getUnchecked(ClientCalls.java:214)
	at org.apache.ratis.thirdparty.io.grpc.stub.ClientCalls.blockingUnaryCall(ClientCalls.java:139)
	at org.apache.ratis.proto.grpc.RaftServerProtocolServiceGrpc$RaftServerProtocolServiceBlockingStub.requestVote(RaftServerProtocolServiceGrpc.java:265)
	at org.apache.ratis.grpc.server.GrpcServerProtocolClient.requestVote(GrpcServerProtocolClient.java:99)
	at org.apache.ratis.grpc.server.GrpcService.requestVote(GrpcService.java:204)
	at org.apache.ratis.server.impl.LeaderElection.lambda$submitRequests$1(LeaderElection.java:234)
	at java.util.concurrent.FutureTask.run(FutureTask.java:266)
	at java.util.concurrent.Executors$RunnableAdapter.call(Executors.java:511)
	at java.util.concurrent.FutureTask.run(FutureTask.java:266)
	at java.util.concurrent.ThreadPoolExecutor.runWorker(ThreadPoolExecutor.java:1149)
	at java.util.concurrent.ThreadPoolExecutor$Worker.run(ThreadPoolExecutor.java:624)
	... 1 more
Caused by: org.apache.ratis.thirdparty.io.netty.channel.AbstractChannel$AnnotatedConnectException: Connection refused: /192.168.164.236:36951
	at sun.nio.ch.SocketChannelImpl.checkConnect(Native Method)
	at sun.nio.ch.SocketChannelImpl.finishConnect(SocketChannelImpl.java:717)
	at org.apache.ratis.thirdparty.io.netty.channel.socket.nio.NioSocketChannel.doFinishConnect(NioSocketChannel.java:327)
	at org.apache.ratis.thirdparty.io.netty.channel.nio.AbstractNioChannel$AbstractNioUnsafe.finishConnect(AbstractNioChannel.java:340)
	at org.apache.ratis.thirdparty.io.netty.channel.nio.NioEventLoop.processSelectedKey(NioEventLoop.java:632)
	at org.apache.ratis.thirdparty.io.netty.channel.nio.NioEventLoop.processSelectedKeysOptimized(NioEventLoop.java:579)
	at org.apache.ratis.thirdparty.io.netty.channel.nio.NioEventLoop.processSelectedKeys(NioEventLoop.java:496)
	at org.apache.ratis.thirdparty.io.netty.channel.nio.NioEventLoop.run(NioEventLoop.java:458)
	at org.apache.ratis.thirdparty.io.netty.util.concurrent.SingleThreadEventExecutor$5.run(SingleThreadEventExecutor.java:897)
	at org.apache.ratis.thirdparty.io.netty.util.concurrent.FastThreadLocalRunnable.run(FastThreadLocalRunnable.java:30)
	... 1 more
Caused by: java.net.ConnectException: Connection refused
	... 11 more
2019-10-14 11:48:00,626 [13f7b347-0949-4e64-82cc-e591bbf46992@group-CD2A1F5DBA49-LeaderElection22] INFO  impl.LeaderElection (LogUtils.java:infoOrTrace(149)) - 13f7b347-0949-4e64-82cc-e591bbf46992@group-CD2A1F5DBA49-LeaderElection22 got exception when requesting votes: {}
java.util.concurrent.ExecutionException: org.apache.ratis.thirdparty.io.grpc.StatusRuntimeException: UNAVAILABLE: io exception
	at java.util.concurrent.FutureTask.report(FutureTask.java:122)
	at java.util.concurrent.FutureTask.get(FutureTask.java:192)
	at org.apache.ratis.server.impl.LeaderElection.waitForResults(LeaderElection.java:259)
	at org.apache.ratis.server.impl.LeaderElection.askForVotes(LeaderElection.java:197)
	at org.apache.ratis.server.impl.LeaderElection.run(LeaderElection.java:133)
	at java.lang.Thread.run(Thread.java:748)
Caused by: org.apache.ratis.thirdparty.io.grpc.StatusRuntimeException: UNAVAILABLE: io exception
	at org.apache.ratis.thirdparty.io.grpc.stub.ClientCalls.toStatusRuntimeException(ClientCalls.java:233)
	at org.apache.ratis.thirdparty.io.grpc.stub.ClientCalls.getUnchecked(ClientCalls.java:214)
	at org.apache.ratis.thirdparty.io.grpc.stub.ClientCalls.blockingUnaryCall(ClientCalls.java:139)
	at org.apache.ratis.proto.grpc.RaftServerProtocolServiceGrpc$RaftServerProtocolServiceBlockingStub.requestVote(RaftServerProtocolServiceGrpc.java:265)
	at org.apache.ratis.grpc.server.GrpcServerProtocolClient.requestVote(GrpcServerProtocolClient.java:99)
	at org.apache.ratis.grpc.server.GrpcService.requestVote(GrpcService.java:204)
	at org.apache.ratis.server.impl.LeaderElection.lambda$submitRequests$1(LeaderElection.java:234)
	at java.util.concurrent.FutureTask.run(FutureTask.java:266)
	at java.util.concurrent.Executors$RunnableAdapter.call(Executors.java:511)
	at java.util.concurrent.FutureTask.run(FutureTask.java:266)
	at java.util.concurrent.ThreadPoolExecutor.runWorker(ThreadPoolExecutor.java:1149)
	at java.util.concurrent.ThreadPoolExecutor$Worker.run(ThreadPoolExecutor.java:624)
	... 1 more
Caused by: org.apache.ratis.thirdparty.io.netty.channel.AbstractChannel$AnnotatedConnectException: Connection refused: /192.168.164.236:45036
	at sun.nio.ch.SocketChannelImpl.checkConnect(Native Method)
	at sun.nio.ch.SocketChannelImpl.finishConnect(SocketChannelImpl.java:717)
	at org.apache.ratis.thirdparty.io.netty.channel.socket.nio.NioSocketChannel.doFinishConnect(NioSocketChannel.java:327)
	at org.apache.ratis.thirdparty.io.netty.channel.nio.AbstractNioChannel$AbstractNioUnsafe.finishConnect(AbstractNioChannel.java:340)
	at org.apache.ratis.thirdparty.io.netty.channel.nio.NioEventLoop.processSelectedKey(NioEventLoop.java:632)
	at org.apache.ratis.thirdparty.io.netty.channel.nio.NioEventLoop.processSelectedKeysOptimized(NioEventLoop.java:579)
	at org.apache.ratis.thirdparty.io.netty.channel.nio.NioEventLoop.processSelectedKeys(NioEventLoop.java:496)
	at org.apache.ratis.thirdparty.io.netty.channel.nio.NioEventLoop.run(NioEventLoop.java:458)
	at org.apache.ratis.thirdparty.io.netty.util.concurrent.SingleThreadEventExecutor$5.run(SingleThreadEventExecutor.java:897)
	at org.apache.ratis.thirdparty.io.netty.util.concurrent.FastThreadLocalRunnable.run(FastThreadLocalRunnable.java:30)
	... 1 more
Caused by: java.net.ConnectException: Connection refused
	... 11 more
2019-10-14 11:48:00,629 [13f7b347-0949-4e64-82cc-e591bbf46992@group-CD2A1F5DBA49-LeaderElection22] INFO  impl.LeaderElection (LeaderElection.java:logAndReturn(56)) - 13f7b347-0949-4e64-82cc-e591bbf46992@group-CD2A1F5DBA49-LeaderElection22: Election REJECTED; received 0 response(s) [] and 2 exception(s); 13f7b347-0949-4e64-82cc-e591bbf46992@group-CD2A1F5DBA49:t4, leader=null, voted=13f7b347-0949-4e64-82cc-e591bbf46992, raftlog=13f7b347-0949-4e64-82cc-e591bbf46992@group-CD2A1F5DBA49-SegmentedRaftLog:OPENED:c0,f0,i0, conf=0: [13f7b347-0949-4e64-82cc-e591bbf46992:192.168.164.236:44843, b028e2eb-b728-4e3f-8a5a-c0a0c7a83e03:192.168.164.236:45036, 832fd50e-d9ff-47f8-a960-98c66a98f86a:192.168.164.236:36951], old=null
2019-10-14 11:48:00,630 [13f7b347-0949-4e64-82cc-e591bbf46992@group-CD2A1F5DBA49-LeaderElection22] INFO  impl.LeaderElection (LogUtils.java:infoOrTrace(149)) -   Exception 0: {}
java.util.concurrent.ExecutionException: org.apache.ratis.thirdparty.io.grpc.StatusRuntimeException: UNAVAILABLE: io exception
	at java.util.concurrent.FutureTask.report(FutureTask.java:122)
	at java.util.concurrent.FutureTask.get(FutureTask.java:192)
	at org.apache.ratis.server.impl.LeaderElection.waitForResults(LeaderElection.java:259)
	at org.apache.ratis.server.impl.LeaderElection.askForVotes(LeaderElection.java:197)
	at org.apache.ratis.server.impl.LeaderElection.run(LeaderElection.java:133)
	at java.lang.Thread.run(Thread.java:748)
Caused by: org.apache.ratis.thirdparty.io.grpc.StatusRuntimeException: UNAVAILABLE: io exception
	at org.apache.ratis.thirdparty.io.grpc.stub.ClientCalls.toStatusRuntimeException(ClientCalls.java:233)
	at org.apache.ratis.thirdparty.io.grpc.stub.ClientCalls.getUnchecked(ClientCalls.java:214)
	at org.apache.ratis.thirdparty.io.grpc.stub.ClientCalls.blockingUnaryCall(ClientCalls.java:139)
	at org.apache.ratis.proto.grpc.RaftServerProtocolServiceGrpc$RaftServerProtocolServiceBlockingStub.requestVote(RaftServerProtocolServiceGrpc.java:265)
	at org.apache.ratis.grpc.server.GrpcServerProtocolClient.requestVote(GrpcServerProtocolClient.java:99)
	at org.apache.ratis.grpc.server.GrpcService.requestVote(GrpcService.java:204)
	at org.apache.ratis.server.impl.LeaderElection.lambda$submitRequests$1(LeaderElection.java:234)
	at java.util.concurrent.FutureTask.run(FutureTask.java:266)
	at java.util.concurrent.Executors$RunnableAdapter.call(Executors.java:511)
	at java.util.concurrent.FutureTask.run(FutureTask.java:266)
	at java.util.concurrent.ThreadPoolExecutor.runWorker(ThreadPoolExecutor.java:1149)
	at java.util.concurrent.ThreadPoolExecutor$Worker.run(ThreadPoolExecutor.java:624)
	... 1 more
Caused by: org.apache.ratis.thirdparty.io.netty.channel.AbstractChannel$AnnotatedConnectException: Connection refused: /192.168.164.236:36951
	at sun.nio.ch.SocketChannelImpl.checkConnect(Native Method)
	at sun.nio.ch.SocketChannelImpl.finishConnect(SocketChannelImpl.java:717)
	at org.apache.ratis.thirdparty.io.netty.channel.socket.nio.NioSocketChannel.doFinishConnect(NioSocketChannel.java:327)
	at org.apache.ratis.thirdparty.io.netty.channel.nio.AbstractNioChannel$AbstractNioUnsafe.finishConnect(AbstractNioChannel.java:340)
	at org.apache.ratis.thirdparty.io.netty.channel.nio.NioEventLoop.processSelectedKey(NioEventLoop.java:632)
	at org.apache.ratis.thirdparty.io.netty.channel.nio.NioEventLoop.processSelectedKeysOptimized(NioEventLoop.java:579)
	at org.apache.ratis.thirdparty.io.netty.channel.nio.NioEventLoop.processSelectedKeys(NioEventLoop.java:496)
	at org.apache.ratis.thirdparty.io.netty.channel.nio.NioEventLoop.run(NioEventLoop.java:458)
	at org.apache.ratis.thirdparty.io.netty.util.concurrent.SingleThreadEventExecutor$5.run(SingleThreadEventExecutor.java:897)
	at org.apache.ratis.thirdparty.io.netty.util.concurrent.FastThreadLocalRunnable.run(FastThreadLocalRunnable.java:30)
	... 1 more
Caused by: java.net.ConnectException: Connection refused
	... 11 more
2019-10-14 11:48:00,630 [13f7b347-0949-4e64-82cc-e591bbf46992@group-CD2A1F5DBA49-LeaderElection22] INFO  impl.LeaderElection (LogUtils.java:infoOrTrace(149)) -   Exception 1: {}
java.util.concurrent.ExecutionException: org.apache.ratis.thirdparty.io.grpc.StatusRuntimeException: UNAVAILABLE: io exception
	at java.util.concurrent.FutureTask.report(FutureTask.java:122)
	at java.util.concurrent.FutureTask.get(FutureTask.java:192)
	at org.apache.ratis.server.impl.LeaderElection.waitForResults(LeaderElection.java:259)
	at org.apache.ratis.server.impl.LeaderElection.askForVotes(LeaderElection.java:197)
	at org.apache.ratis.server.impl.LeaderElection.run(LeaderElection.java:133)
	at java.lang.Thread.run(Thread.java:748)
Caused by: org.apache.ratis.thirdparty.io.grpc.StatusRuntimeException: UNAVAILABLE: io exception
	at org.apache.ratis.thirdparty.io.grpc.stub.ClientCalls.toStatusRuntimeException(ClientCalls.java:233)
	at org.apache.ratis.thirdparty.io.grpc.stub.ClientCalls.getUnchecked(ClientCalls.java:214)
	at org.apache.ratis.thirdparty.io.grpc.stub.ClientCalls.blockingUnaryCall(ClientCalls.java:139)
	at org.apache.ratis.proto.grpc.RaftServerProtocolServiceGrpc$RaftServerProtocolServiceBlockingStub.requestVote(RaftServerProtocolServiceGrpc.java:265)
	at org.apache.ratis.grpc.server.GrpcServerProtocolClient.requestVote(GrpcServerProtocolClient.java:99)
	at org.apache.ratis.grpc.server.GrpcService.requestVote(GrpcService.java:204)
	at org.apache.ratis.server.impl.LeaderElection.lambda$submitRequests$1(LeaderElection.java:234)
	at java.util.concurrent.FutureTask.run(FutureTask.java:266)
	at java.util.concurrent.Executors$RunnableAdapter.call(Executors.java:511)
	at java.util.concurrent.FutureTask.run(FutureTask.java:266)
	at java.util.concurrent.ThreadPoolExecutor.runWorker(ThreadPoolExecutor.java:1149)
	at java.util.concurrent.ThreadPoolExecutor$Worker.run(ThreadPoolExecutor.java:624)
	... 1 more
Caused by: org.apache.ratis.thirdparty.io.netty.channel.AbstractChannel$AnnotatedConnectException: Connection refused: /192.168.164.236:45036
	at sun.nio.ch.SocketChannelImpl.checkConnect(Native Method)
	at sun.nio.ch.SocketChannelImpl.finishConnect(SocketChannelImpl.java:717)
	at org.apache.ratis.thirdparty.io.netty.channel.socket.nio.NioSocketChannel.doFinishConnect(NioSocketChannel.java:327)
	at org.apache.ratis.thirdparty.io.netty.channel.nio.AbstractNioChannel$AbstractNioUnsafe.finishConnect(AbstractNioChannel.java:340)
	at org.apache.ratis.thirdparty.io.netty.channel.nio.NioEventLoop.processSelectedKey(NioEventLoop.java:632)
	at org.apache.ratis.thirdparty.io.netty.channel.nio.NioEventLoop.processSelectedKeysOptimized(NioEventLoop.java:579)
	at org.apache.ratis.thirdparty.io.netty.channel.nio.NioEventLoop.processSelectedKeys(NioEventLoop.java:496)
	at org.apache.ratis.thirdparty.io.netty.channel.nio.NioEventLoop.run(NioEventLoop.java:458)
	at org.apache.ratis.thirdparty.io.netty.util.concurrent.SingleThreadEventExecutor$5.run(SingleThreadEventExecutor.java:897)
	at org.apache.ratis.thirdparty.io.netty.util.concurrent.FastThreadLocalRunnable.run(FastThreadLocalRunnable.java:30)
	... 1 more
Caused by: java.net.ConnectException: Connection refused
	... 11 more
2019-10-14 11:48:00,631 [13f7b347-0949-4e64-82cc-e591bbf46992@group-CD2A1F5DBA49-LeaderElection22] INFO  impl.RaftServerImpl (RaftServerImpl.java:setRole(170)) - 13f7b347-0949-4e64-82cc-e591bbf46992@group-CD2A1F5DBA49: changes role from CANDIDATE to FOLLOWER at term 4 for DISCOVERED_A_NEW_TERM
2019-10-14 11:48:00,631 [13f7b347-0949-4e64-82cc-e591bbf46992@group-CD2A1F5DBA49-LeaderElection22] INFO  impl.RoleInfo (RoleInfo.java:shutdownLeaderElection(134)) - 13f7b347-0949-4e64-82cc-e591bbf46992: shutdown LeaderElection
2019-10-14 11:48:00,631 [13f7b347-0949-4e64-82cc-e591bbf46992@group-CD2A1F5DBA49-LeaderElection22] INFO  impl.RoleInfo (RoleInfo.java:updateAndGet(143)) - 13f7b347-0949-4e64-82cc-e591bbf46992: start FollowerState
2019-10-14 11:48:00,799 [grpc-default-executor-0] WARN  server.GrpcLogAppender (LogUtils.java:warn(134)) - 13f7b347-0949-4e64-82cc-e591bbf46992@group-0D925A8B2439->b028e2eb-b728-4e3f-8a5a-c0a0c7a83e03-AppendLogResponseHandler: Failed appendEntries: org.apache.ratis.thirdparty.io.grpc.StatusRuntimeException: UNAVAILABLE: io exception
2019-10-14 11:48:00,799 [grpc-default-executor-1] WARN  server.GrpcLogAppender (LogUtils.java:warn(134)) - 13f7b347-0949-4e64-82cc-e591bbf46992@group-0D925A8B2439->832fd50e-d9ff-47f8-a960-98c66a98f86a-AppendLogResponseHandler: Failed appendEntries: org.apache.ratis.thirdparty.io.grpc.StatusRuntimeException: UNAVAILABLE: io exception
2019-10-14 11:48:00,814 [grpc-default-executor-0] INFO  impl.FollowerInfo (FollowerInfo.java:lambda$new$0(51)) - 13f7b347-0949-4e64-82cc-e591bbf46992@group-0D925A8B2439->b028e2eb-b728-4e3f-8a5a-c0a0c7a83e03: nextIndex: updateUnconditionally 0 -> 0
2019-10-14 11:48:00,814 [grpc-default-executor-1] INFO  impl.FollowerInfo (FollowerInfo.java:lambda$new$0(51)) - 13f7b347-0949-4e64-82cc-e591bbf46992@group-0D925A8B2439->832fd50e-d9ff-47f8-a960-98c66a98f86a: nextIndex: updateUnconditionally 0 -> 0
2019-10-14 11:48:01,316 [grpc-default-executor-4] WARN  server.GrpcLogAppender (LogUtils.java:warn(134)) - 13f7b347-0949-4e64-82cc-e591bbf46992@group-0D925A8B2439->832fd50e-d9ff-47f8-a960-98c66a98f86a-AppendLogResponseHandler: Failed appendEntries: org.apache.ratis.thirdparty.io.grpc.StatusRuntimeException: UNAVAILABLE: io exception
2019-10-14 11:48:01,316 [grpc-default-executor-2] WARN  server.GrpcLogAppender (LogUtils.java:warn(134)) - 13f7b347-0949-4e64-82cc-e591bbf46992@group-0D925A8B2439->b028e2eb-b728-4e3f-8a5a-c0a0c7a83e03-AppendLogResponseHandler: Failed appendEntries: org.apache.ratis.thirdparty.io.grpc.StatusRuntimeException: UNAVAILABLE: io exception
2019-10-14 11:48:01,318 [grpc-default-executor-4] INFO  impl.FollowerInfo (FollowerInfo.java:lambda$new$0(51)) - 13f7b347-0949-4e64-82cc-e591bbf46992@group-0D925A8B2439->832fd50e-d9ff-47f8-a960-98c66a98f86a: nextIndex: updateUnconditionally 0 -> 0
2019-10-14 11:48:01,320 [grpc-default-executor-2] INFO  impl.FollowerInfo (FollowerInfo.java:lambda$new$0(51)) - 13f7b347-0949-4e64-82cc-e591bbf46992@group-0D925A8B2439->b028e2eb-b728-4e3f-8a5a-c0a0c7a83e03: nextIndex: updateUnconditionally 0 -> 0
2019-10-14 11:48:01,495 [Thread-443] INFO  impl.FollowerState (FollowerState.java:run(108)) - 13f7b347-0949-4e64-82cc-e591bbf46992@group-E4E74E988DEB-FollowerState: change to CANDIDATE, lastRpcTime:1148ms, electionTimeout:1148ms
2019-10-14 11:48:01,495 [Thread-443] INFO  impl.RoleInfo (RoleInfo.java:shutdownFollowerState(121)) - 13f7b347-0949-4e64-82cc-e591bbf46992: shutdown FollowerState
2019-10-14 11:48:01,496 [Thread-443] INFO  impl.RaftServerImpl (RaftServerImpl.java:setRole(170)) - 13f7b347-0949-4e64-82cc-e591bbf46992@group-E4E74E988DEB: changes role from  FOLLOWER to CANDIDATE at term 7 for changeToCandidate
2019-10-14 11:48:01,496 [Thread-443] INFO  impl.RoleInfo (RoleInfo.java:updateAndGet(143)) - 13f7b347-0949-4e64-82cc-e591bbf46992: start LeaderElection
2019-10-14 11:48:01,523 [13f7b347-0949-4e64-82cc-e591bbf46992@group-E4E74E988DEB-LeaderElection23] INFO  impl.LeaderElection (LeaderElection.java:askForVotes(178)) - 13f7b347-0949-4e64-82cc-e591bbf46992@group-E4E74E988DEB-LeaderElection23: begin an election at term 8 for -1: [13f7b347-0949-4e64-82cc-e591bbf46992:192.168.164.236:44843, b028e2eb-b728-4e3f-8a5a-c0a0c7a83e03:192.168.164.236:45036, 832fd50e-d9ff-47f8-a960-98c66a98f86a:192.168.164.236:36951], old=null
2019-10-14 11:48:01,537 [13f7b347-0949-4e64-82cc-e591bbf46992@group-E4E74E988DEB-LeaderElection23] INFO  impl.LeaderElection (LogUtils.java:infoOrTrace(149)) - 13f7b347-0949-4e64-82cc-e591bbf46992@group-E4E74E988DEB-LeaderElection23 got exception when requesting votes: {}
java.util.concurrent.ExecutionException: org.apache.ratis.thirdparty.io.grpc.StatusRuntimeException: UNAVAILABLE: io exception
	at java.util.concurrent.FutureTask.report(FutureTask.java:122)
	at java.util.concurrent.FutureTask.get(FutureTask.java:192)
	at org.apache.ratis.server.impl.LeaderElection.waitForResults(LeaderElection.java:259)
	at org.apache.ratis.server.impl.LeaderElection.askForVotes(LeaderElection.java:197)
	at org.apache.ratis.server.impl.LeaderElection.run(LeaderElection.java:133)
	at java.lang.Thread.run(Thread.java:748)
Caused by: org.apache.ratis.thirdparty.io.grpc.StatusRuntimeException: UNAVAILABLE: io exception
	at org.apache.ratis.thirdparty.io.grpc.stub.ClientCalls.toStatusRuntimeException(ClientCalls.java:233)
	at org.apache.ratis.thirdparty.io.grpc.stub.ClientCalls.getUnchecked(ClientCalls.java:214)
	at org.apache.ratis.thirdparty.io.grpc.stub.ClientCalls.blockingUnaryCall(ClientCalls.java:139)
	at org.apache.ratis.proto.grpc.RaftServerProtocolServiceGrpc$RaftServerProtocolServiceBlockingStub.requestVote(RaftServerProtocolServiceGrpc.java:265)
	at org.apache.ratis.grpc.server.GrpcServerProtocolClient.requestVote(GrpcServerProtocolClient.java:99)
	at org.apache.ratis.grpc.server.GrpcService.requestVote(GrpcService.java:204)
	at org.apache.ratis.server.impl.LeaderElection.lambda$submitRequests$1(LeaderElection.java:234)
	at java.util.concurrent.FutureTask.run(FutureTask.java:266)
	at java.util.concurrent.Executors$RunnableAdapter.call(Executors.java:511)
	at java.util.concurrent.FutureTask.run(FutureTask.java:266)
	at java.util.concurrent.ThreadPoolExecutor.runWorker(ThreadPoolExecutor.java:1149)
	at java.util.concurrent.ThreadPoolExecutor$Worker.run(ThreadPoolExecutor.java:624)
	... 1 more
Caused by: org.apache.ratis.thirdparty.io.netty.channel.AbstractChannel$AnnotatedConnectException: Connection refused: /192.168.164.236:45036
	at sun.nio.ch.SocketChannelImpl.checkConnect(Native Method)
	at sun.nio.ch.SocketChannelImpl.finishConnect(SocketChannelImpl.java:717)
	at org.apache.ratis.thirdparty.io.netty.channel.socket.nio.NioSocketChannel.doFinishConnect(NioSocketChannel.java:327)
	at org.apache.ratis.thirdparty.io.netty.channel.nio.AbstractNioChannel$AbstractNioUnsafe.finishConnect(AbstractNioChannel.java:340)
	at org.apache.ratis.thirdparty.io.netty.channel.nio.NioEventLoop.processSelectedKey(NioEventLoop.java:632)
	at org.apache.ratis.thirdparty.io.netty.channel.nio.NioEventLoop.processSelectedKeysOptimized(NioEventLoop.java:579)
	at org.apache.ratis.thirdparty.io.netty.channel.nio.NioEventLoop.processSelectedKeys(NioEventLoop.java:496)
	at org.apache.ratis.thirdparty.io.netty.channel.nio.NioEventLoop.run(NioEventLoop.java:458)
	at org.apache.ratis.thirdparty.io.netty.util.concurrent.SingleThreadEventExecutor$5.run(SingleThreadEventExecutor.java:897)
	at org.apache.ratis.thirdparty.io.netty.util.concurrent.FastThreadLocalRunnable.run(FastThreadLocalRunnable.java:30)
	... 1 more
Caused by: java.net.ConnectException: Connection refused
	... 11 more
2019-10-14 11:48:01,539 [ForkJoinPool.commonPool-worker-1] INFO  ozoneimpl.OzoneContainer (OzoneContainer.java:stop(227)) - Attempting to stop container services.
2019-10-14 11:48:01,537 [main] INFO  ozoneimpl.OzoneContainer (OzoneContainer.java:stop(227)) - Attempting to stop container services.
2019-10-14 11:48:01,540 [ForkJoinPool.commonPool-worker-1] INFO  impl.RaftServerProxy (RaftServerProxy.java:lambda$close$4(314)) - 13f7b347-0949-4e64-82cc-e591bbf46992: close
2019-10-14 11:48:01,539 [13f7b347-0949-4e64-82cc-e591bbf46992@group-E4E74E988DEB-LeaderElection23] INFO  impl.LeaderElection (LogUtils.java:infoOrTrace(149)) - 13f7b347-0949-4e64-82cc-e591bbf46992@group-E4E74E988DEB-LeaderElection23 got exception when requesting votes: {}
java.util.concurrent.ExecutionException: org.apache.ratis.thirdparty.io.grpc.StatusRuntimeException: UNAVAILABLE: io exception
	at java.util.concurrent.FutureTask.report(FutureTask.java:122)
	at java.util.concurrent.FutureTask.get(FutureTask.java:192)
	at org.apache.ratis.server.impl.LeaderElection.waitForResults(LeaderElection.java:259)
	at org.apache.ratis.server.impl.LeaderElection.askForVotes(LeaderElection.java:197)
	at org.apache.ratis.server.impl.LeaderElection.run(LeaderElection.java:133)
	at java.lang.Thread.run(Thread.java:748)
Caused by: org.apache.ratis.thirdparty.io.grpc.StatusRuntimeException: UNAVAILABLE: io exception
	at org.apache.ratis.thirdparty.io.grpc.stub.ClientCalls.toStatusRuntimeException(ClientCalls.java:233)
	at org.apache.ratis.thirdparty.io.grpc.stub.ClientCalls.getUnchecked(ClientCalls.java:214)
	at org.apache.ratis.thirdparty.io.grpc.stub.ClientCalls.blockingUnaryCall(ClientCalls.java:139)
	at org.apache.ratis.proto.grpc.RaftServerProtocolServiceGrpc$RaftServerProtocolServiceBlockingStub.requestVote(RaftServerProtocolServiceGrpc.java:265)
	at org.apache.ratis.grpc.server.GrpcServerProtocolClient.requestVote(GrpcServerProtocolClient.java:99)
	at org.apache.ratis.grpc.server.GrpcService.requestVote(GrpcService.java:204)
	at org.apache.ratis.server.impl.LeaderElection.lambda$submitRequests$1(LeaderElection.java:234)
	at java.util.concurrent.FutureTask.run(FutureTask.java:266)
	at java.util.concurrent.Executors$RunnableAdapter.call(Executors.java:511)
	at java.util.concurrent.FutureTask.run(FutureTask.java:266)
	at java.util.concurrent.ThreadPoolExecutor.runWorker(ThreadPoolExecutor.java:1149)
	at java.util.concurrent.ThreadPoolExecutor$Worker.run(ThreadPoolExecutor.java:624)
	... 1 more
Caused by: org.apache.ratis.thirdparty.io.netty.channel.AbstractChannel$AnnotatedConnectException: Connection refused: /192.168.164.236:36951
	at sun.nio.ch.SocketChannelImpl.checkConnect(Native Method)
	at sun.nio.ch.SocketChannelImpl.finishConnect(SocketChannelImpl.java:717)
	at org.apache.ratis.thirdparty.io.netty.channel.socket.nio.NioSocketChannel.doFinishConnect(NioSocketChannel.java:327)
	at org.apache.ratis.thirdparty.io.netty.channel.nio.AbstractNioChannel$AbstractNioUnsafe.finishConnect(AbstractNioChannel.java:340)
	at org.apache.ratis.thirdparty.io.netty.channel.nio.NioEventLoop.processSelectedKey(NioEventLoop.java:632)
	at org.apache.ratis.thirdparty.io.netty.channel.nio.NioEventLoop.processSelectedKeysOptimized(NioEventLoop.java:579)
	at org.apache.ratis.thirdparty.io.netty.channel.nio.NioEventLoop.processSelectedKeys(NioEventLoop.java:496)
	at org.apache.ratis.thirdparty.io.netty.channel.nio.NioEventLoop.run(NioEventLoop.java:458)
	at org.apache.ratis.thirdparty.io.netty.util.concurrent.SingleThreadEventExecutor$5.run(SingleThreadEventExecutor.java:897)
	at org.apache.ratis.thirdparty.io.netty.util.concurrent.FastThreadLocalRunnable.run(FastThreadLocalRunnable.java:30)
	... 1 more
Caused by: java.net.ConnectException: Connection refused
	... 11 more
2019-10-14 11:48:01,540 [ForkJoinPool.commonPool-worker-1] INFO  impl.RaftServerImpl (RaftServerImpl.java:lambda$shutdown$3(247)) - 13f7b347-0949-4e64-82cc-e591bbf46992@group-0D925A8B2439: shutdown
2019-10-14 11:48:01,540 [main] INFO  impl.RaftServerProxy (RaftServerProxy.java:lambda$close$4(314)) - cc468aaf-970e-4390-a09b-d22e887dcca5: close
2019-10-14 11:48:01,543 [ForkJoinPool.commonPool-worker-1] INFO  util.JmxRegister (JmxRegister.java:unregister(73)) - Successfully un-registered JMX Bean with object name Ratis:service=RaftServer,group=group-0D925A8B2439,id=13f7b347-0949-4e64-82cc-e591bbf46992
2019-10-14 11:48:01,542 [13f7b347-0949-4e64-82cc-e591bbf46992@group-E4E74E988DEB-LeaderElection23] INFO  impl.LeaderElection (LeaderElection.java:logAndReturn(56)) - 13f7b347-0949-4e64-82cc-e591bbf46992@group-E4E74E988DEB-LeaderElection23: Election REJECTED; received 0 response(s) [] and 2 exception(s); 13f7b347-0949-4e64-82cc-e591bbf46992@group-E4E74E988DEB:t8, leader=null, voted=13f7b347-0949-4e64-82cc-e591bbf46992, raftlog=13f7b347-0949-4e64-82cc-e591bbf46992@group-E4E74E988DEB-SegmentedRaftLog:OPENED:c-1,f-1,i0, conf=-1: [13f7b347-0949-4e64-82cc-e591bbf46992:192.168.164.236:44843, b028e2eb-b728-4e3f-8a5a-c0a0c7a83e03:192.168.164.236:45036, 832fd50e-d9ff-47f8-a960-98c66a98f86a:192.168.164.236:36951], old=null
2019-10-14 11:48:01,543 [ForkJoinPool.commonPool-worker-1] INFO  impl.RoleInfo (RoleInfo.java:shutdownLeaderState(104)) - 13f7b347-0949-4e64-82cc-e591bbf46992: shutdown LeaderState
2019-10-14 11:48:01,543 [main] INFO  server.GrpcService (GrpcService.java:closeImpl(164)) - cc468aaf-970e-4390-a09b-d22e887dcca5: shutdown server with port 35690 now
2019-10-14 11:48:01,548 [ForkJoinPool.commonPool-worker-1] INFO  impl.PendingRequests (PendingRequests.java:sendNotLeaderResponses(202)) - 13f7b347-0949-4e64-82cc-e591bbf46992@group-0D925A8B2439-PendingRequests: sendNotLeaderResponses
2019-10-14 11:48:01,548 [main] INFO  server.GrpcService (GrpcService.java:closeImpl(172)) - cc468aaf-970e-4390-a09b-d22e887dcca5: shutdown server with port 35690 successfully
2019-10-14 11:48:01,548 [org.apache.ratis.server.impl.LogAppender$AppenderDaemon$$Lambda$570/929851802@1a434649] WARN  server.GrpcLogAppender (GrpcLogAppender.java:mayWait(143)) - 13f7b347-0949-4e64-82cc-e591bbf46992@group-0D925A8B2439->832fd50e-d9ff-47f8-a960-98c66a98f86a-GrpcLogAppender: Wait interrupted by java.lang.InterruptedException
2019-10-14 11:48:01,548 [org.apache.ratis.server.impl.LogAppender$AppenderDaemon$$Lambda$570/929851802@4c24e785] WARN  server.GrpcLogAppender (GrpcLogAppender.java:mayWait(143)) - 13f7b347-0949-4e64-82cc-e591bbf46992@group-0D925A8B2439->b028e2eb-b728-4e3f-8a5a-c0a0c7a83e03-GrpcLogAppender: Wait interrupted by java.lang.InterruptedException
2019-10-14 11:48:01,543 [13f7b347-0949-4e64-82cc-e591bbf46992@group-E4E74E988DEB-LeaderElection23] INFO  impl.LeaderElection (LogUtils.java:infoOrTrace(149)) -   Exception 0: {}
java.util.concurrent.ExecutionException: org.apache.ratis.thirdparty.io.grpc.StatusRuntimeException: UNAVAILABLE: io exception
	at java.util.concurrent.FutureTask.report(FutureTask.java:122)
	at java.util.concurrent.FutureTask.get(FutureTask.java:192)
	at org.apache.ratis.server.impl.LeaderElection.waitForResults(LeaderElection.java:259)
	at org.apache.ratis.server.impl.LeaderElection.askForVotes(LeaderElection.java:197)
	at org.apache.ratis.server.impl.LeaderElection.run(LeaderElection.java:133)
	at java.lang.Thread.run(Thread.java:748)
Caused by: org.apache.ratis.thirdparty.io.grpc.StatusRuntimeException: UNAVAILABLE: io exception
	at org.apache.ratis.thirdparty.io.grpc.stub.ClientCalls.toStatusRuntimeException(ClientCalls.java:233)
	at org.apache.ratis.thirdparty.io.grpc.stub.ClientCalls.getUnchecked(ClientCalls.java:214)
	at org.apache.ratis.thirdparty.io.grpc.stub.ClientCalls.blockingUnaryCall(ClientCalls.java:139)
	at org.apache.ratis.proto.grpc.RaftServerProtocolServiceGrpc$RaftServerProtocolServiceBlockingStub.requestVote(RaftServerProtocolServiceGrpc.java:265)
	at org.apache.ratis.grpc.server.GrpcServerProtocolClient.requestVote(GrpcServerProtocolClient.java:99)
	at org.apache.ratis.grpc.server.GrpcService.requestVote(GrpcService.java:204)
	at org.apache.ratis.server.impl.LeaderElection.lambda$submitRequests$1(LeaderElection.java:234)
	at java.util.concurrent.FutureTask.run(FutureTask.java:266)
	at java.util.concurrent.Executors$RunnableAdapter.call(Executors.java:511)
	at java.util.concurrent.FutureTask.run(FutureTask.java:266)
	at java.util.concurrent.ThreadPoolExecutor.runWorker(ThreadPoolExecutor.java:1149)
	at java.util.concurrent.ThreadPoolExecutor$Worker.run(ThreadPoolExecutor.java:624)
	... 1 more
Caused by: org.apache.ratis.thirdparty.io.netty.channel.AbstractChannel$AnnotatedConnectException: Connection refused: /192.168.164.236:45036
	at sun.nio.ch.SocketChannelImpl.checkConnect(Native Method)
	at sun.nio.ch.SocketChannelImpl.finishConnect(SocketChannelImpl.java:717)
	at org.apache.ratis.thirdparty.io.netty.channel.socket.nio.NioSocketChannel.doFinishConnect(NioSocketChannel.java:327)
	at org.apache.ratis.thirdparty.io.netty.channel.nio.AbstractNioChannel$AbstractNioUnsafe.finishConnect(AbstractNioChannel.java:340)
	at org.apache.ratis.thirdparty.io.netty.channel.nio.NioEventLoop.processSelectedKey(NioEventLoop.java:632)
	at org.apache.ratis.thirdparty.io.netty.channel.nio.NioEventLoop.processSelectedKeysOptimized(NioEventLoop.java:579)
	at org.apache.ratis.thirdparty.io.netty.channel.nio.NioEventLoop.processSelectedKeys(NioEventLoop.java:496)
	at org.apache.ratis.thirdparty.io.netty.channel.nio.NioEventLoop.run(NioEventLoop.java:458)
	at org.apache.ratis.thirdparty.io.netty.util.concurrent.SingleThreadEventExecutor$5.run(SingleThreadEventExecutor.java:897)
	at org.apache.ratis.thirdparty.io.netty.util.concurrent.FastThreadLocalRunnable.run(FastThreadLocalRunnable.java:30)
	... 1 more
Caused by: java.net.ConnectException: Connection refused
	... 11 more
2019-10-14 11:48:01,550 [13f7b347-0949-4e64-82cc-e591bbf46992@group-E4E74E988DEB-LeaderElection23] INFO  impl.LeaderElection (LogUtils.java:infoOrTrace(149)) -   Exception 1: {}
java.util.concurrent.ExecutionException: org.apache.ratis.thirdparty.io.grpc.StatusRuntimeException: UNAVAILABLE: io exception
	at java.util.concurrent.FutureTask.report(FutureTask.java:122)
	at java.util.concurrent.FutureTask.get(FutureTask.java:192)
	at org.apache.ratis.server.impl.LeaderElection.waitForResults(LeaderElection.java:259)
	at org.apache.ratis.server.impl.LeaderElection.askForVotes(LeaderElection.java:197)
	at org.apache.ratis.server.impl.LeaderElection.run(LeaderElection.java:133)
	at java.lang.Thread.run(Thread.java:748)
Caused by: org.apache.ratis.thirdparty.io.grpc.StatusRuntimeException: UNAVAILABLE: io exception
	at org.apache.ratis.thirdparty.io.grpc.stub.ClientCalls.toStatusRuntimeException(ClientCalls.java:233)
	at org.apache.ratis.thirdparty.io.grpc.stub.ClientCalls.getUnchecked(ClientCalls.java:214)
	at org.apache.ratis.thirdparty.io.grpc.stub.ClientCalls.blockingUnaryCall(ClientCalls.java:139)
	at org.apache.ratis.proto.grpc.RaftServerProtocolServiceGrpc$RaftServerProtocolServiceBlockingStub.requestVote(RaftServerProtocolServiceGrpc.java:265)
	at org.apache.ratis.grpc.server.GrpcServerProtocolClient.requestVote(GrpcServerProtocolClient.java:99)
	at org.apache.ratis.grpc.server.GrpcService.requestVote(GrpcService.java:204)
	at org.apache.ratis.server.impl.LeaderElection.lambda$submitRequests$1(LeaderElection.java:234)
	at java.util.concurrent.FutureTask.run(FutureTask.java:266)
	at java.util.concurrent.Executors$RunnableAdapter.call(Executors.java:511)
	at java.util.concurrent.FutureTask.run(FutureTask.java:266)
	at java.util.concurrent.ThreadPoolExecutor.runWorker(ThreadPoolExecutor.java:1149)
	at java.util.concurrent.ThreadPoolExecutor$Worker.run(ThreadPoolExecutor.java:624)
	... 1 more
Caused by: org.apache.ratis.thirdparty.io.netty.channel.AbstractChannel$AnnotatedConnectException: Connection refused: /192.168.164.236:36951
	at sun.nio.ch.SocketChannelImpl.checkConnect(Native Method)
	at sun.nio.ch.SocketChannelImpl.finishConnect(SocketChannelImpl.java:717)
	at org.apache.ratis.thirdparty.io.netty.channel.socket.nio.NioSocketChannel.doFinishConnect(NioSocketChannel.java:327)
	at org.apache.ratis.thirdparty.io.netty.channel.nio.AbstractNioChannel$AbstractNioUnsafe.finishConnect(AbstractNioChannel.java:340)
	at org.apache.ratis.thirdparty.io.netty.channel.nio.NioEventLoop.processSelectedKey(NioEventLoop.java:632)
	at org.apache.ratis.thirdparty.io.netty.channel.nio.NioEventLoop.processSelectedKeysOptimized(NioEventLoop.java:579)
	at org.apache.ratis.thirdparty.io.netty.channel.nio.NioEventLoop.processSelectedKeys(NioEventLoop.java:496)
	at org.apache.ratis.thirdparty.io.netty.channel.nio.NioEventLoop.run(NioEventLoop.java:458)
	at org.apache.ratis.thirdparty.io.netty.util.concurrent.SingleThreadEventExecutor$5.run(SingleThreadEventExecutor.java:897)
	at org.apache.ratis.thirdparty.io.netty.util.concurrent.FastThreadLocalRunnable.run(FastThreadLocalRunnable.java:30)
	... 1 more
Caused by: java.net.ConnectException: Connection refused
	... 11 more
2019-10-14 11:48:01,548 [ForkJoinPool.commonPool-worker-1] INFO  impl.StateMachineUpdater (StateMachineUpdater.java:stopAndJoin(136)) - 13f7b347-0949-4e64-82cc-e591bbf46992@group-0D925A8B2439-StateMachineUpdater: set stopIndex = 0
2019-10-14 11:48:01,550 [13f7b347-0949-4e64-82cc-e591bbf46992@group-E4E74E988DEB-LeaderElection23] INFO  impl.RaftServerImpl (RaftServerImpl.java:setRole(170)) - 13f7b347-0949-4e64-82cc-e591bbf46992@group-E4E74E988DEB: changes role from CANDIDATE to FOLLOWER at term 8 for DISCOVERED_A_NEW_TERM
2019-10-14 11:48:01,551 [ForkJoinPool.commonPool-worker-1] INFO  impl.RaftServerImpl (ServerState.java:close(387)) - 13f7b347-0949-4e64-82cc-e591bbf46992@group-0D925A8B2439: closes. applyIndex: 0
2019-10-14 11:48:01,551 [13f7b347-0949-4e64-82cc-e591bbf46992@group-E4E74E988DEB-LeaderElection23] INFO  impl.RoleInfo (RoleInfo.java:shutdownLeaderElection(134)) - 13f7b347-0949-4e64-82cc-e591bbf46992: shutdown LeaderElection
2019-10-14 11:48:01,551 [13f7b347-0949-4e64-82cc-e591bbf46992@group-0D925A8B2439-SegmentedRaftLogWorker] INFO  segmented.SegmentedRaftLogWorker (SegmentedRaftLogWorker.java:run(316)) - 13f7b347-0949-4e64-82cc-e591bbf46992@group-0D925A8B2439-SegmentedRaftLogWorker was interrupted, exiting. There are 0 tasks remaining in the queue.
2019-10-14 11:48:01,553 [13f7b347-0949-4e64-82cc-e591bbf46992@group-E4E74E988DEB-LeaderElection23] INFO  impl.RoleInfo (RoleInfo.java:updateAndGet(143)) - 13f7b347-0949-4e64-82cc-e591bbf46992: start FollowerState
2019-10-14 11:48:01,553 [ForkJoinPool.commonPool-worker-1] INFO  segmented.SegmentedRaftLogWorker (SegmentedRaftLogWorker.java:close(224)) - 13f7b347-0949-4e64-82cc-e591bbf46992@group-0D925A8B2439-SegmentedRaftLogWorker close()
2019-10-14 11:48:01,557 [ForkJoinPool.commonPool-worker-1] INFO  impl.RaftServerImpl (RaftServerImpl.java:lambda$shutdown$3(247)) - 13f7b347-0949-4e64-82cc-e591bbf46992@group-E4E74E988DEB: shutdown
2019-10-14 11:48:01,558 [ForkJoinPool.commonPool-worker-1] INFO  util.JmxRegister (JmxRegister.java:unregister(73)) - Successfully un-registered JMX Bean with object name Ratis:service=RaftServer,group=group-E4E74E988DEB,id=13f7b347-0949-4e64-82cc-e591bbf46992
2019-10-14 11:48:01,558 [ForkJoinPool.commonPool-worker-1] INFO  impl.RoleInfo (RoleInfo.java:shutdownFollowerState(121)) - 13f7b347-0949-4e64-82cc-e591bbf46992: shutdown FollowerState
2019-10-14 11:48:01,558 [ForkJoinPool.commonPool-worker-1] INFO  impl.StateMachineUpdater (StateMachineUpdater.java:stopAndJoin(136)) - 13f7b347-0949-4e64-82cc-e591bbf46992@group-E4E74E988DEB-StateMachineUpdater: set stopIndex = -1
2019-10-14 11:48:01,558 [Thread-451] INFO  impl.FollowerState (FollowerState.java:run(117)) - 13f7b347-0949-4e64-82cc-e591bbf46992@group-E4E74E988DEB-FollowerState was interrupted: java.lang.InterruptedException: sleep interrupted
2019-10-14 11:48:01,560 [ForkJoinPool.commonPool-worker-1] INFO  impl.RaftServerImpl (ServerState.java:close(387)) - 13f7b347-0949-4e64-82cc-e591bbf46992@group-E4E74E988DEB: closes. applyIndex: -1
2019-10-14 11:48:01,561 [13f7b347-0949-4e64-82cc-e591bbf46992@group-E4E74E988DEB-SegmentedRaftLogWorker] INFO  segmented.SegmentedRaftLogWorker (SegmentedRaftLogWorker.java:run(316)) - 13f7b347-0949-4e64-82cc-e591bbf46992@group-E4E74E988DEB-SegmentedRaftLogWorker was interrupted, exiting. There are 0 tasks remaining in the queue.
2019-10-14 11:48:01,561 [ForkJoinPool.commonPool-worker-1] INFO  segmented.SegmentedRaftLogWorker (SegmentedRaftLogWorker.java:close(224)) - 13f7b347-0949-4e64-82cc-e591bbf46992@group-E4E74E988DEB-SegmentedRaftLogWorker close()
2019-10-14 11:48:01,561 [refreshUsed-/workdir/hadoop-ozone/integration-test/target/test-dir/MiniOzoneClusterImpl-70ec8ae2-7faf-4a8c-b4a4-6e56eb0602b1/datanode-6/data/containers] WARN  fs.CachingGetSpaceUsed (CachingGetSpaceUsed.java:run(183)) - Thread Interrupted waiting to refresh disk information: sleep interrupted
2019-10-14 11:48:01,566 [ForkJoinPool.commonPool-worker-1] INFO  impl.RaftServerImpl (RaftServerImpl.java:lambda$shutdown$3(247)) - 13f7b347-0949-4e64-82cc-e591bbf46992@group-CD2A1F5DBA49: shutdown
2019-10-14 11:48:01,566 [ForkJoinPool.commonPool-worker-1] INFO  util.JmxRegister (JmxRegister.java:unregister(73)) - Successfully un-registered JMX Bean with object name Ratis:service=RaftServer,group=group-CD2A1F5DBA49,id=13f7b347-0949-4e64-82cc-e591bbf46992
2019-10-14 11:48:01,566 [ForkJoinPool.commonPool-worker-1] INFO  impl.RoleInfo (RoleInfo.java:shutdownFollowerState(121)) - 13f7b347-0949-4e64-82cc-e591bbf46992: shutdown FollowerState
2019-10-14 11:48:01,567 [ForkJoinPool.commonPool-worker-1] INFO  impl.StateMachineUpdater (StateMachineUpdater.java:stopAndJoin(136)) - 13f7b347-0949-4e64-82cc-e591bbf46992@group-CD2A1F5DBA49-StateMachineUpdater: set stopIndex = 0
2019-10-14 11:48:01,568 [Thread-447] INFO  impl.FollowerState (FollowerState.java:run(117)) - 13f7b347-0949-4e64-82cc-e591bbf46992@group-CD2A1F5DBA49-FollowerState was interrupted: java.lang.InterruptedException: sleep interrupted
2019-10-14 11:48:01,568 [ForkJoinPool.commonPool-worker-1] INFO  impl.RaftServerImpl (ServerState.java:close(387)) - 13f7b347-0949-4e64-82cc-e591bbf46992@group-CD2A1F5DBA49: closes. applyIndex: 0
2019-10-14 11:48:01,571 [13f7b347-0949-4e64-82cc-e591bbf46992@group-CD2A1F5DBA49-SegmentedRaftLogWorker] INFO  segmented.SegmentedRaftLogWorker (SegmentedRaftLogWorker.java:run(316)) - 13f7b347-0949-4e64-82cc-e591bbf46992@group-CD2A1F5DBA49-SegmentedRaftLogWorker was interrupted, exiting. There are 0 tasks remaining in the queue.
2019-10-14 11:48:01,572 [ForkJoinPool.commonPool-worker-1] INFO  segmented.SegmentedRaftLogWorker (SegmentedRaftLogWorker.java:close(224)) - 13f7b347-0949-4e64-82cc-e591bbf46992@group-CD2A1F5DBA49-SegmentedRaftLogWorker close()
2019-10-14 11:48:01,575 [ForkJoinPool.commonPool-worker-1] INFO  server.GrpcService (GrpcService.java:closeImpl(164)) - 13f7b347-0949-4e64-82cc-e591bbf46992: shutdown server with port 44843 now
2019-10-14 11:48:01,579 [ForkJoinPool.commonPool-worker-1] INFO  server.GrpcService (GrpcService.java:closeImpl(172)) - 13f7b347-0949-4e64-82cc-e591bbf46992: shutdown server with port 44843 successfully
2019-10-14 11:48:01,585 [refreshUsed-/workdir/hadoop-ozone/integration-test/target/test-dir/MiniOzoneClusterImpl-70ec8ae2-7faf-4a8c-b4a4-6e56eb0602b1/datanode-3/data/containers] WARN  fs.CachingGetSpaceUsed (CachingGetSpaceUsed.java:run(183)) - Thread Interrupted waiting to refresh disk information: sleep interrupted
2019-10-14 11:48:01,593 [main] INFO  utils.BackgroundService (BackgroundService.java:shutdown(151)) - Shutting down service BlockDeletingService
2019-10-14 11:48:01,597 [main] INFO  statemachine.DatanodeStateMachine (DatanodeStateMachine.java:stopDaemon(395)) - Ozone container server stopped.
2019-10-14 11:48:01,598 [main] INFO  handler.ContextHandler (ContextHandler.java:doStop(910)) - Stopped o.e.j.w.WebAppContext@7b122839{/,null,UNAVAILABLE}{/hddsDatanode}
2019-10-14 11:48:01,599 [main] INFO  server.AbstractConnector (AbstractConnector.java:doStop(318)) - Stopped ServerConnector@3743539f{HTTP/1.1,[http/1.1]}{0.0.0.0:0}
2019-10-14 11:48:01,599 [main] INFO  handler.ContextHandler (ContextHandler.java:doStop(910)) - Stopped o.e.j.s.ServletContextHandler@a2341c6{/static,jar:file:/home/user/.m2/repository/org/apache/hadoop/hadoop-hdds-container-service/0.5.0-SNAPSHOT/hadoop-hdds-container-service-0.5.0-SNAPSHOT.jar!/webapps/static,UNAVAILABLE}
2019-10-14 11:48:01,600 [main] INFO  handler.ContextHandler (ContextHandler.java:doStop(910)) - Stopped o.e.j.s.ServletContextHandler@4fa9ab6{/logs,file:///workdir/hadoop-ozone/integration-test/target/log,UNAVAILABLE}
2019-10-14 11:48:01,603 [ForkJoinPool.commonPool-worker-1] INFO  utils.BackgroundService (BackgroundService.java:shutdown(151)) - Shutting down service BlockDeletingService
2019-10-14 11:48:01,606 [ForkJoinPool.commonPool-worker-1] INFO  statemachine.DatanodeStateMachine (DatanodeStateMachine.java:stopDaemon(395)) - Ozone container server stopped.
2019-10-14 11:48:01,610 [ForkJoinPool.commonPool-worker-1] INFO  handler.ContextHandler (ContextHandler.java:doStop(910)) - Stopped o.e.j.w.WebAppContext@3a082ff4{/,null,UNAVAILABLE}{/hddsDatanode}
2019-10-14 11:48:01,610 [ForkJoinPool.commonPool-worker-1] INFO  server.AbstractConnector (AbstractConnector.java:doStop(318)) - Stopped ServerConnector@45acdd11{HTTP/1.1,[http/1.1]}{0.0.0.0:0}
2019-10-14 11:48:01,611 [ForkJoinPool.commonPool-worker-1] INFO  handler.ContextHandler (ContextHandler.java:doStop(910)) - Stopped o.e.j.s.ServletContextHandler@7d44a19{/static,jar:file:/home/user/.m2/repository/org/apache/hadoop/hadoop-hdds-container-service/0.5.0-SNAPSHOT/hadoop-hdds-container-service-0.5.0-SNAPSHOT.jar!/webapps/static,UNAVAILABLE}
2019-10-14 11:48:01,613 [ForkJoinPool.commonPool-worker-1] INFO  handler.ContextHandler (ContextHandler.java:doStop(910)) - Stopped o.e.j.s.ServletContextHandler@698fee9a{/logs,file:///workdir/hadoop-ozone/integration-test/target/log,UNAVAILABLE}
2019-10-14 11:48:01,780 [Datanode State Machine Thread - 0] INFO  statemachine.DatanodeStateMachine (DatanodeStateMachine.java:lambda$startDaemon$0(350)) - Ozone container server started.
2019-10-14 11:48:02,327 [Datanode State Machine Thread - 0] INFO  statemachine.DatanodeStateMachine (DatanodeStateMachine.java:lambda$startDaemon$0(350)) - Ozone container server started.
2019-10-14 11:48:06,604 [main] INFO  ozoneimpl.OzoneContainer (OzoneContainer.java:stop(227)) - Attempting to stop container services.
2019-10-14 11:48:06,605 [main] INFO  impl.RaftServerProxy (RaftServerProxy.java:lambda$close$4(314)) - f0f082c2-1f27-438a-84dc-0a031023061a: close
2019-10-14 11:48:06,605 [main] INFO  server.GrpcService (GrpcService.java:closeImpl(164)) - f0f082c2-1f27-438a-84dc-0a031023061a: shutdown server with port 41258 now
2019-10-14 11:48:06,606 [main] INFO  server.GrpcService (GrpcService.java:closeImpl(172)) - f0f082c2-1f27-438a-84dc-0a031023061a: shutdown server with port 41258 successfully
2019-10-14 11:48:06,617 [ForkJoinPool.commonPool-worker-1] INFO  ozoneimpl.OzoneContainer (OzoneContainer.java:stop(227)) - Attempting to stop container services.
2019-10-14 11:48:06,617 [ForkJoinPool.commonPool-worker-1] INFO  impl.RaftServerProxy (RaftServerProxy.java:lambda$close$4(314)) - e479bcbd-0a5d-4efa-b403-4450370eddf2: close
2019-10-14 11:48:06,618 [ForkJoinPool.commonPool-worker-1] INFO  server.GrpcService (GrpcService.java:closeImpl(164)) - e479bcbd-0a5d-4efa-b403-4450370eddf2: shutdown server with port 37338 now
2019-10-14 11:48:06,618 [refreshUsed-/workdir/hadoop-ozone/integration-test/target/test-dir/MiniOzoneClusterImpl-70ec8ae2-7faf-4a8c-b4a4-6e56eb0602b1/datanode-8/data/containers] WARN  fs.CachingGetSpaceUsed (CachingGetSpaceUsed.java:run(183)) - Thread Interrupted waiting to refresh disk information: sleep interrupted
2019-10-14 11:48:06,618 [ForkJoinPool.commonPool-worker-1] INFO  server.GrpcService (GrpcService.java:closeImpl(172)) - e479bcbd-0a5d-4efa-b403-4450370eddf2: shutdown server with port 37338 successfully
2019-10-14 11:48:06,625 [refreshUsed-/workdir/hadoop-ozone/integration-test/target/test-dir/MiniOzoneClusterImpl-70ec8ae2-7faf-4a8c-b4a4-6e56eb0602b1/datanode-4/data/containers] WARN  fs.CachingGetSpaceUsed (CachingGetSpaceUsed.java:run(183)) - Thread Interrupted waiting to refresh disk information: sleep interrupted
2019-10-14 11:48:06,638 [main] INFO  utils.BackgroundService (BackgroundService.java:shutdown(151)) - Shutting down service BlockDeletingService
2019-10-14 11:48:06,643 [main] INFO  statemachine.DatanodeStateMachine (DatanodeStateMachine.java:stopDaemon(395)) - Ozone container server stopped.
2019-10-14 11:48:06,644 [ForkJoinPool.commonPool-worker-1] INFO  utils.BackgroundService (BackgroundService.java:shutdown(151)) - Shutting down service BlockDeletingService
2019-10-14 11:48:06,645 [main] INFO  handler.ContextHandler (ContextHandler.java:doStop(910)) - Stopped o.e.j.w.WebAppContext@53d13cd4{/,null,UNAVAILABLE}{/hddsDatanode}
2019-10-14 11:48:06,648 [ForkJoinPool.commonPool-worker-1] INFO  statemachine.DatanodeStateMachine (DatanodeStateMachine.java:stopDaemon(395)) - Ozone container server stopped.
2019-10-14 11:48:06,652 [main] INFO  server.AbstractConnector (AbstractConnector.java:doStop(318)) - Stopped ServerConnector@77865933{HTTP/1.1,[http/1.1]}{0.0.0.0:0}
2019-10-14 11:48:06,653 [main] INFO  handler.ContextHandler (ContextHandler.java:doStop(910)) - Stopped o.e.j.s.ServletContextHandler@7e0bc8a3{/static,jar:file:/home/user/.m2/repository/org/apache/hadoop/hadoop-hdds-container-service/0.5.0-SNAPSHOT/hadoop-hdds-container-service-0.5.0-SNAPSHOT.jar!/webapps/static,UNAVAILABLE}
2019-10-14 11:48:06,653 [ForkJoinPool.commonPool-worker-1] INFO  handler.ContextHandler (ContextHandler.java:doStop(910)) - Stopped o.e.j.w.WebAppContext@5f481b73{/,null,UNAVAILABLE}{/hddsDatanode}
2019-10-14 11:48:06,654 [main] INFO  handler.ContextHandler (ContextHandler.java:doStop(910)) - Stopped o.e.j.s.ServletContextHandler@265bd546{/logs,file:///workdir/hadoop-ozone/integration-test/target/log,UNAVAILABLE}
2019-10-14 11:48:06,654 [ForkJoinPool.commonPool-worker-1] INFO  server.AbstractConnector (AbstractConnector.java:doStop(318)) - Stopped ServerConnector@32130e61{HTTP/1.1,[http/1.1]}{0.0.0.0:0}
2019-10-14 11:48:06,656 [ForkJoinPool.commonPool-worker-1] INFO  handler.ContextHandler (ContextHandler.java:doStop(910)) - Stopped o.e.j.s.ServletContextHandler@38ed139b{/static,jar:file:/home/user/.m2/repository/org/apache/hadoop/hadoop-hdds-container-service/0.5.0-SNAPSHOT/hadoop-hdds-container-service-0.5.0-SNAPSHOT.jar!/webapps/static,UNAVAILABLE}
2019-10-14 11:48:06,658 [ForkJoinPool.commonPool-worker-1] INFO  handler.ContextHandler (ContextHandler.java:doStop(910)) - Stopped o.e.j.s.ServletContextHandler@372ca2d6{/logs,file:///workdir/hadoop-ozone/integration-test/target/log,UNAVAILABLE}
2019-10-14 11:48:06,779 [Datanode State Machine Thread - 0] INFO  statemachine.DatanodeStateMachine (DatanodeStateMachine.java:lambda$startDaemon$0(350)) - Ozone container server started.
2019-10-14 11:48:06,937 [Datanode State Machine Thread - 0] INFO  statemachine.DatanodeStateMachine (DatanodeStateMachine.java:lambda$startDaemon$0(350)) - Ozone container server started.
2019-10-14 11:48:11,658 [main] INFO  ozoneimpl.OzoneContainer (OzoneContainer.java:stop(227)) - Attempting to stop container services.
2019-10-14 11:48:11,658 [main] INFO  impl.RaftServerProxy (RaftServerProxy.java:lambda$close$4(314)) - 10869a4c-e8b4-4be3-9974-20be879fea16: close
2019-10-14 11:48:11,659 [main] INFO  server.GrpcService (GrpcService.java:closeImpl(164)) - 10869a4c-e8b4-4be3-9974-20be879fea16: shutdown server with port 34100 now
2019-10-14 11:48:11,659 [main] INFO  server.GrpcService (GrpcService.java:closeImpl(172)) - 10869a4c-e8b4-4be3-9974-20be879fea16: shutdown server with port 34100 successfully
2019-10-14 11:48:11,661 [ForkJoinPool.commonPool-worker-1] INFO  ozoneimpl.OzoneContainer (OzoneContainer.java:stop(227)) - Attempting to stop container services.
2019-10-14 11:48:11,662 [ForkJoinPool.commonPool-worker-1] INFO  impl.RaftServerProxy (RaftServerProxy.java:lambda$close$4(314)) - 5bc8b8fa-272e-4092-acf1-f109be7f6495: close
2019-10-14 11:48:11,662 [refreshUsed-/workdir/hadoop-ozone/integration-test/target/test-dir/MiniOzoneClusterImpl-70ec8ae2-7faf-4a8c-b4a4-6e56eb0602b1/datanode-9/data/containers] WARN  fs.CachingGetSpaceUsed (CachingGetSpaceUsed.java:run(183)) - Thread Interrupted waiting to refresh disk information: sleep interrupted
2019-10-14 11:48:11,663 [ForkJoinPool.commonPool-worker-1] INFO  impl.RaftServerImpl (RaftServerImpl.java:lambda$shutdown$3(247)) - 5bc8b8fa-272e-4092-acf1-f109be7f6495@group-5E5A9C99043A: shutdown
2019-10-14 11:48:11,663 [ForkJoinPool.commonPool-worker-1] INFO  util.JmxRegister (JmxRegister.java:unregister(73)) - Successfully un-registered JMX Bean with object name Ratis:service=RaftServer,group=group-5E5A9C99043A,id=5bc8b8fa-272e-4092-acf1-f109be7f6495
2019-10-14 11:48:11,663 [ForkJoinPool.commonPool-worker-1] INFO  impl.RoleInfo (RoleInfo.java:shutdownLeaderState(104)) - 5bc8b8fa-272e-4092-acf1-f109be7f6495: shutdown LeaderState
2019-10-14 11:48:11,665 [ForkJoinPool.commonPool-worker-1] INFO  impl.PendingRequests (PendingRequests.java:sendNotLeaderResponses(202)) - 5bc8b8fa-272e-4092-acf1-f109be7f6495@group-5E5A9C99043A-PendingRequests: sendNotLeaderResponses
2019-10-14 11:48:11,666 [ForkJoinPool.commonPool-worker-1] INFO  impl.StateMachineUpdater (StateMachineUpdater.java:stopAndJoin(136)) - 5bc8b8fa-272e-4092-acf1-f109be7f6495@group-5E5A9C99043A-StateMachineUpdater: set stopIndex = 0
2019-10-14 11:48:11,666 [ForkJoinPool.commonPool-worker-1] INFO  impl.RaftServerImpl (ServerState.java:close(387)) - 5bc8b8fa-272e-4092-acf1-f109be7f6495@group-5E5A9C99043A: closes. applyIndex: 0
2019-10-14 11:48:11,667 [5bc8b8fa-272e-4092-acf1-f109be7f6495@group-5E5A9C99043A-SegmentedRaftLogWorker] INFO  segmented.SegmentedRaftLogWorker (SegmentedRaftLogWorker.java:run(316)) - 5bc8b8fa-272e-4092-acf1-f109be7f6495@group-5E5A9C99043A-SegmentedRaftLogWorker was interrupted, exiting. There are 0 tasks remaining in the queue.
2019-10-14 11:48:11,674 [ForkJoinPool.commonPool-worker-1] INFO  segmented.SegmentedRaftLogWorker (SegmentedRaftLogWorker.java:close(224)) - 5bc8b8fa-272e-4092-acf1-f109be7f6495@group-5E5A9C99043A-SegmentedRaftLogWorker close()
2019-10-14 11:48:11,676 [ForkJoinPool.commonPool-worker-1] INFO  server.GrpcService (GrpcService.java:closeImpl(164)) - 5bc8b8fa-272e-4092-acf1-f109be7f6495: shutdown server with port 34279 now
2019-10-14 11:48:11,677 [ForkJoinPool.commonPool-worker-1] INFO  server.GrpcService (GrpcService.java:closeImpl(172)) - 5bc8b8fa-272e-4092-acf1-f109be7f6495: shutdown server with port 34279 successfully
2019-10-14 11:48:11,683 [refreshUsed-/workdir/hadoop-ozone/integration-test/target/test-dir/MiniOzoneClusterImpl-70ec8ae2-7faf-4a8c-b4a4-6e56eb0602b1/datanode-0/data/containers] WARN  fs.CachingGetSpaceUsed (CachingGetSpaceUsed.java:run(183)) - Thread Interrupted waiting to refresh disk information: sleep interrupted
2019-10-14 11:48:11,697 [main] INFO  utils.BackgroundService (BackgroundService.java:shutdown(151)) - Shutting down service BlockDeletingService
2019-10-14 11:48:11,701 [main] INFO  statemachine.DatanodeStateMachine (DatanodeStateMachine.java:stopDaemon(395)) - Ozone container server stopped.
2019-10-14 11:48:11,702 [main] INFO  handler.ContextHandler (ContextHandler.java:doStop(910)) - Stopped o.e.j.w.WebAppContext@2c7106d9{/,null,UNAVAILABLE}{/hddsDatanode}
2019-10-14 11:48:11,703 [main] INFO  server.AbstractConnector (AbstractConnector.java:doStop(318)) - Stopped ServerConnector@329bad59{HTTP/1.1,[http/1.1]}{0.0.0.0:0}
2019-10-14 11:48:11,703 [main] INFO  handler.ContextHandler (ContextHandler.java:doStop(910)) - Stopped o.e.j.s.ServletContextHandler@529c2a9a{/static,jar:file:/home/user/.m2/repository/org/apache/hadoop/hadoop-hdds-container-service/0.5.0-SNAPSHOT/hadoop-hdds-container-service-0.5.0-SNAPSHOT.jar!/webapps/static,UNAVAILABLE}
2019-10-14 11:48:11,703 [main] INFO  handler.ContextHandler (ContextHandler.java:doStop(910)) - Stopped o.e.j.s.ServletContextHandler@1cf0cacc{/logs,file:///workdir/hadoop-ozone/integration-test/target/log,UNAVAILABLE}
2019-10-14 11:48:11,709 [ForkJoinPool.commonPool-worker-1] INFO  utils.BackgroundService (BackgroundService.java:shutdown(151)) - Shutting down service BlockDeletingService
2019-10-14 11:48:11,712 [ForkJoinPool.commonPool-worker-1] INFO  statemachine.DatanodeStateMachine (DatanodeStateMachine.java:stopDaemon(395)) - Ozone container server stopped.
2019-10-14 11:48:11,716 [ForkJoinPool.commonPool-worker-1] INFO  handler.ContextHandler (ContextHandler.java:doStop(910)) - Stopped o.e.j.w.WebAppContext@22a6e998{/,null,UNAVAILABLE}{/hddsDatanode}
2019-10-14 11:48:11,717 [ForkJoinPool.commonPool-worker-1] INFO  server.AbstractConnector (AbstractConnector.java:doStop(318)) - Stopped ServerConnector@55e42449{HTTP/1.1,[http/1.1]}{0.0.0.0:0}
2019-10-14 11:48:11,718 [ForkJoinPool.commonPool-worker-1] INFO  handler.ContextHandler (ContextHandler.java:doStop(910)) - Stopped o.e.j.s.ServletContextHandler@476fe690{/static,jar:file:/home/user/.m2/repository/org/apache/hadoop/hadoop-hdds-container-service/0.5.0-SNAPSHOT/hadoop-hdds-container-service-0.5.0-SNAPSHOT.jar!/webapps/static,UNAVAILABLE}
2019-10-14 11:48:11,719 [ForkJoinPool.commonPool-worker-1] INFO  handler.ContextHandler (ContextHandler.java:doStop(910)) - Stopped o.e.j.s.ServletContextHandler@65b97f47{/logs,file:///workdir/hadoop-ozone/integration-test/target/log,UNAVAILABLE}
2019-10-14 11:48:11,783 [Datanode State Machine Thread - 0] INFO  statemachine.DatanodeStateMachine (DatanodeStateMachine.java:lambda$startDaemon$0(350)) - Ozone container server started.
2019-10-14 11:48:12,006 [Datanode State Machine Thread - 0] INFO  statemachine.DatanodeStateMachine (DatanodeStateMachine.java:lambda$startDaemon$0(350)) - Ozone container server started.
2019-10-14 11:48:16,706 [main] INFO  ozoneimpl.OzoneContainer (OzoneContainer.java:stop(227)) - Attempting to stop container services.
2019-10-14 11:48:16,706 [main] INFO  impl.RaftServerProxy (RaftServerProxy.java:lambda$close$4(314)) - 55dd3dc0-fda6-4709-a196-fb18f8226b75: close
2019-10-14 11:48:16,707 [main] INFO  server.GrpcService (GrpcService.java:closeImpl(164)) - 55dd3dc0-fda6-4709-a196-fb18f8226b75: shutdown server with port 44443 now
2019-10-14 11:48:16,708 [main] INFO  server.GrpcService (GrpcService.java:closeImpl(172)) - 55dd3dc0-fda6-4709-a196-fb18f8226b75: shutdown server with port 44443 successfully
2019-10-14 11:48:16,710 [refreshUsed-/workdir/hadoop-ozone/integration-test/target/test-dir/MiniOzoneClusterImpl-70ec8ae2-7faf-4a8c-b4a4-6e56eb0602b1/datanode-7/data/containers] WARN  fs.CachingGetSpaceUsed (CachingGetSpaceUsed.java:run(183)) - Thread Interrupted waiting to refresh disk information: sleep interrupted
2019-10-14 11:48:16,721 [ForkJoinPool.commonPool-worker-1] INFO  ozoneimpl.OzoneContainer (OzoneContainer.java:stop(227)) - Attempting to stop container services.
2019-10-14 11:48:16,721 [ForkJoinPool.commonPool-worker-1] INFO  impl.RaftServerProxy (RaftServerProxy.java:lambda$close$4(314)) - 3bc3ffd4-ca2b-4642-8b6e-3bbc7ef2ee22: close
2019-10-14 11:48:16,722 [ForkJoinPool.commonPool-worker-1] INFO  server.GrpcService (GrpcService.java:closeImpl(164)) - 3bc3ffd4-ca2b-4642-8b6e-3bbc7ef2ee22: shutdown server with port 44291 now
2019-10-14 11:48:16,722 [ForkJoinPool.commonPool-worker-1] INFO  server.GrpcService (GrpcService.java:closeImpl(172)) - 3bc3ffd4-ca2b-4642-8b6e-3bbc7ef2ee22: shutdown server with port 44291 successfully
2019-10-14 11:48:16,734 [main] INFO  utils.BackgroundService (BackgroundService.java:shutdown(151)) - Shutting down service BlockDeletingService
2019-10-14 11:48:16,739 [main] INFO  statemachine.DatanodeStateMachine (DatanodeStateMachine.java:stopDaemon(395)) - Ozone container server stopped.
2019-10-14 11:48:16,739 [refreshUsed-/workdir/hadoop-ozone/integration-test/target/test-dir/MiniOzoneClusterImpl-70ec8ae2-7faf-4a8c-b4a4-6e56eb0602b1/datanode-1/data/containers] WARN  fs.CachingGetSpaceUsed (CachingGetSpaceUsed.java:run(183)) - Thread Interrupted waiting to refresh disk information: sleep interrupted
2019-10-14 11:48:16,740 [main] INFO  handler.ContextHandler (ContextHandler.java:doStop(910)) - Stopped o.e.j.w.WebAppContext@14a049f9{/,null,UNAVAILABLE}{/hddsDatanode}
2019-10-14 11:48:16,741 [main] INFO  server.AbstractConnector (AbstractConnector.java:doStop(318)) - Stopped ServerConnector@94e51e8{HTTP/1.1,[http/1.1]}{0.0.0.0:0}
2019-10-14 11:48:16,741 [main] INFO  handler.ContextHandler (ContextHandler.java:doStop(910)) - Stopped o.e.j.s.ServletContextHandler@37b52340{/static,jar:file:/home/user/.m2/repository/org/apache/hadoop/hadoop-hdds-container-service/0.5.0-SNAPSHOT/hadoop-hdds-container-service-0.5.0-SNAPSHOT.jar!/webapps/static,UNAVAILABLE}
2019-10-14 11:48:16,742 [main] INFO  handler.ContextHandler (ContextHandler.java:doStop(910)) - Stopped o.e.j.s.ServletContextHandler@2b960a7{/logs,file:///workdir/hadoop-ozone/integration-test/target/log,UNAVAILABLE}
2019-10-14 11:48:16,757 [ForkJoinPool.commonPool-worker-1] INFO  utils.BackgroundService (BackgroundService.java:shutdown(151)) - Shutting down service BlockDeletingService
2019-10-14 11:48:16,759 [ForkJoinPool.commonPool-worker-1] INFO  statemachine.DatanodeStateMachine (DatanodeStateMachine.java:stopDaemon(395)) - Ozone container server stopped.
2019-10-14 11:48:16,762 [ForkJoinPool.commonPool-worker-1] INFO  handler.ContextHandler (ContextHandler.java:doStop(910)) - Stopped o.e.j.w.WebAppContext@6c3659be{/,null,UNAVAILABLE}{/hddsDatanode}
2019-10-14 11:48:16,763 [ForkJoinPool.commonPool-worker-1] INFO  server.AbstractConnector (AbstractConnector.java:doStop(318)) - Stopped ServerConnector@522bf64e{HTTP/1.1,[http/1.1]}{0.0.0.0:0}
2019-10-14 11:48:16,764 [ForkJoinPool.commonPool-worker-1] INFO  handler.ContextHandler (ContextHandler.java:doStop(910)) - Stopped o.e.j.s.ServletContextHandler@49faf066{/static,jar:file:/home/user/.m2/repository/org/apache/hadoop/hadoop-hdds-container-service/0.5.0-SNAPSHOT/hadoop-hdds-container-service-0.5.0-SNAPSHOT.jar!/webapps/static,UNAVAILABLE}
2019-10-14 11:48:16,765 [ForkJoinPool.commonPool-worker-1] INFO  handler.ContextHandler (ContextHandler.java:doStop(910)) - Stopped o.e.j.s.ServletContextHandler@7fdab70c{/logs,file:///workdir/hadoop-ozone/integration-test/target/log,UNAVAILABLE}
2019-10-14 11:48:16,767 [main] INFO  ozone.MiniOzoneClusterImpl (MiniOzoneClusterImpl.java:stopSCM(392)) - Stopping the StorageContainerManager
2019-10-14 11:48:16,767 [main] INFO  server.StorageContainerManager (StorageContainerManager.java:stop(810)) - Stopping Replication Manager Service.
2019-10-14 11:48:16,767 [main] INFO  container.ReplicationManager (ReplicationManager.java:stop(203)) - Stopping Replication Monitor Thread.
2019-10-14 11:48:16,767 [main] INFO  server.StorageContainerManager (StorageContainerManager.java:stop(817)) - Stopping Lease Manager of the command watchers
2019-10-14 11:48:16,767 [main] INFO  server.StorageContainerManager (StorageContainerManager.java:stop(824)) - Stopping datanode service RPC server
2019-10-14 11:48:16,768 [main] INFO  server.SCMDatanodeProtocolServer (SCMDatanodeProtocolServer.java:stop(346)) - Stopping the RPC server for DataNodes
2019-10-14 11:48:16,768 [main] INFO  ipc.Server (Server.java:stop(3082)) - Stopping server on 33776
2019-10-14 11:48:16,771 [IPC Server Responder] INFO  ipc.Server (Server.java:run(1319)) - Stopping IPC Server Responder
2019-10-14 11:48:16,771 [IPC Server listener on 33776] INFO  ipc.Server (Server.java:run(1185)) - Stopping IPC Server listener on 33776
2019-10-14 11:48:16,840 [SCM Heartbeat Processing Thread - 0] WARN  node.NodeStateManager (NodeStateManager.java:scheduleNextHealthCheck(646)) - Current Thread is interrupted, shutting down HB processing thread for Node Manager.
2019-10-14 11:48:16,840 [main] INFO  server.StorageContainerManager (StorageContainerManager.java:stop(832)) - Stopping block service RPC server
2019-10-14 11:48:16,840 [main] INFO  server.SCMBlockProtocolServer (SCMBlockProtocolServer.java:stop(155)) - Stopping the RPC server for Block Protocol
2019-10-14 11:48:16,841 [main] INFO  ipc.Server (Server.java:stop(3082)) - Stopping server on 38719
2019-10-14 11:48:16,844 [IPC Server listener on 38719] INFO  ipc.Server (Server.java:run(1185)) - Stopping IPC Server listener on 38719
2019-10-14 11:48:16,844 [main] INFO  server.StorageContainerManager (StorageContainerManager.java:stop(839)) - Stopping the StorageContainerLocationProtocol RPC server
2019-10-14 11:48:16,845 [IPC Server Responder] INFO  ipc.Server (Server.java:run(1319)) - Stopping IPC Server Responder
2019-10-14 11:48:16,845 [main] INFO  server.SCMClientProtocolServer (SCMClientProtocolServer.java:stop(168)) - Stopping the RPC server for Client Protocol
2019-10-14 11:48:16,845 [main] INFO  ipc.Server (Server.java:stop(3082)) - Stopping server on 43958
2019-10-14 11:48:16,848 [IPC Server listener on 43958] INFO  ipc.Server (Server.java:run(1185)) - Stopping IPC Server listener on 43958
2019-10-14 11:48:16,848 [main] INFO  server.StorageContainerManager (StorageContainerManager.java:stop(846)) - Stopping Storage Container Manager HTTP server.
2019-10-14 11:48:16,848 [IPC Server Responder] INFO  ipc.Server (Server.java:run(1319)) - Stopping IPC Server Responder
2019-10-14 11:48:16,850 [main] INFO  handler.ContextHandler (ContextHandler.java:doStop(910)) - Stopped o.e.j.w.WebAppContext@51f49060{/,null,UNAVAILABLE}{/scm}
2019-10-14 11:48:16,851 [main] INFO  server.AbstractConnector (AbstractConnector.java:doStop(318)) - Stopped ServerConnector@46cc127b{HTTP/1.1,[http/1.1]}{0.0.0.0:0}
2019-10-14 11:48:16,852 [main] INFO  handler.ContextHandler (ContextHandler.java:doStop(910)) - Stopped o.e.j.s.ServletContextHandler@2320fa6f{/static,file:///workdir/hadoop-ozone/integration-test/target/test-classes/webapps/static,UNAVAILABLE}
2019-10-14 11:48:16,852 [main] INFO  handler.ContextHandler (ContextHandler.java:doStop(910)) - Stopped o.e.j.s.ServletContextHandler@424ebba3{/logs,file:///workdir/hadoop-ozone/integration-test/target/log,UNAVAILABLE}
2019-10-14 11:48:16,854 [main] INFO  server.StorageContainerManager (StorageContainerManager.java:stop(857)) - Stopping Block Manager Service.
2019-10-14 11:48:16,854 [main] INFO  utils.BackgroundService (BackgroundService.java:shutdown(151)) - Shutting down service SCMBlockDeletingService
2019-10-14 11:48:16,855 [main] INFO  utils.BackgroundService (BackgroundService.java:shutdown(151)) - Shutting down service SCMBlockDeletingService
2019-10-14 11:48:16,855 [main] INFO  server.StorageContainerManager (StorageContainerManager.java:stop(879)) - Stopping SCM Event Queue.
2019-10-14 11:48:16,862 [main] INFO  impl.MetricsSystemImpl (MetricsSystemImpl.java:stop(210)) - Stopping ratis metrics system...
2019-10-14 11:48:16,874 [prometheus] INFO  impl.MetricsSinkAdapter (MetricsSinkAdapter.java:publishMetricsFromQueue(141)) - prometheus thread interrupted.
2019-10-14 11:48:16,874 [main] INFO  impl.MetricsSystemImpl (MetricsSystemImpl.java:stop(216)) - ratis metrics system stopped.
]]></system-out>
    <system-err><![CDATA[ERROR StatusLogger No Log4j 2 configuration file found. Using default configuration (logging only errors to the console), or user programmatically provided configurations. Set system property 'log4j2.debug' to show Log4j 2 internal initialization logging. See https://logging.apache.org/log4j/2.x/manual/configuration.html for instructions on how to configure Log4j 2
Oct 14, 2019 11:47:56 AM org.apache.ratis.thirdparty.io.grpc.internal.SerializingExecutor run
SEVERE: Exception while executing runnable org.apache.ratis.thirdparty.io.grpc.internal.ServerImpl$JumpToApplicationThreadServerStreamListener$1Closed@dc02de
org.apache.ratis.thirdparty.io.grpc.StatusRuntimeException: CANCELLED: call already cancelled
	at org.apache.ratis.thirdparty.io.grpc.Status.asRuntimeException(Status.java:517)
	at org.apache.ratis.thirdparty.io.grpc.stub.ServerCalls$ServerCallStreamObserverImpl.onCompleted(ServerCalls.java:356)
	at org.apache.ratis.grpc.server.GrpcServerProtocolService$ServerRequestStreamObserver.onError(GrpcServerProtocolService.java:121)
	at org.apache.ratis.thirdparty.io.grpc.stub.ServerCalls$StreamingServerCallHandler$StreamingServerCallListener.onCancel(ServerCalls.java:269)
	at org.apache.ratis.thirdparty.io.grpc.internal.ServerCallImpl$ServerStreamListenerImpl.closed(ServerCallImpl.java:293)
	at org.apache.ratis.thirdparty.io.grpc.internal.ServerImpl$JumpToApplicationThreadServerStreamListener$1Closed.runInContext(ServerImpl.java:741)
	at org.apache.ratis.thirdparty.io.grpc.internal.ContextRunnable.run(ContextRunnable.java:37)
	at org.apache.ratis.thirdparty.io.grpc.internal.SerializingExecutor.run(SerializingExecutor.java:123)
	at java.util.concurrent.ThreadPoolExecutor.runWorker(ThreadPoolExecutor.java:1149)
	at java.util.concurrent.ThreadPoolExecutor$Worker.run(ThreadPoolExecutor.java:624)
	at java.lang.Thread.run(Thread.java:748)

Oct 14, 2019 11:47:56 AM org.apache.ratis.thirdparty.io.grpc.internal.SerializingExecutor run
SEVERE: Exception while executing runnable org.apache.ratis.thirdparty.io.grpc.internal.ServerImpl$JumpToApplicationThreadServerStreamListener$1Closed@9eb3d6a
org.apache.ratis.thirdparty.io.grpc.StatusRuntimeException: CANCELLED: call already cancelled
	at org.apache.ratis.thirdparty.io.grpc.Status.asRuntimeException(Status.java:517)
	at org.apache.ratis.thirdparty.io.grpc.stub.ServerCalls$ServerCallStreamObserverImpl.onCompleted(ServerCalls.java:356)
	at org.apache.ratis.grpc.server.GrpcServerProtocolService$ServerRequestStreamObserver.onError(GrpcServerProtocolService.java:121)
	at org.apache.ratis.thirdparty.io.grpc.stub.ServerCalls$StreamingServerCallHandler$StreamingServerCallListener.onCancel(ServerCalls.java:269)
	at org.apache.ratis.thirdparty.io.grpc.internal.ServerCallImpl$ServerStreamListenerImpl.closed(ServerCallImpl.java:293)
	at org.apache.ratis.thirdparty.io.grpc.internal.ServerImpl$JumpToApplicationThreadServerStreamListener$1Closed.runInContext(ServerImpl.java:741)
	at org.apache.ratis.thirdparty.io.grpc.internal.ContextRunnable.run(ContextRunnable.java:37)
	at org.apache.ratis.thirdparty.io.grpc.internal.SerializingExecutor.run(SerializingExecutor.java:123)
	at java.util.concurrent.ThreadPoolExecutor.runWorker(ThreadPoolExecutor.java:1149)
	at java.util.concurrent.ThreadPoolExecutor$Worker.run(ThreadPoolExecutor.java:624)
	at java.lang.Thread.run(Thread.java:748)

]]></system-err>
  </testcase>
  <testcase name="testContainerExclusionWithClosedContainerException" classname="org.apache.hadoop.ozone.client.rpc.TestFailureHandlingByClient" time="37.272"/>
  <testcase name="testWriteSmallFile" classname="org.apache.hadoop.ozone.client.rpc.TestFailureHandlingByClient" time="53.038"/>
  <testcase name="testBlockWritesWithDnFailures" classname="org.apache.hadoop.ozone.client.rpc.TestFailureHandlingByClient" time="51.801"/>
  <testcase name="testDatanodeExclusionWithMajorityCommit" classname="org.apache.hadoop.ozone.client.rpc.TestFailureHandlingByClient" time="62.783"/>
</testsuite>