<?xml version="1.0" encoding="UTF-8"?>
<testsuite xmlns:xsi="http://www.w3.org/2001/XMLSchema-instance" xsi:noNamespaceSchemaLocation="https://maven.apache.org/surefire/maven-surefire-plugin/xsd/surefire-test-report.xsd" name="org.apache.hadoop.ozone.client.rpc.TestBlockOutputStreamWithFailures" time="747.652" tests="8" errors="0" skipped="0" failures="1">
  <properties>
    <property name="awt.toolkit" value="sun.awt.X11.XToolkit"/>
    <property name="file.encoding.pkg" value="sun.io"/>
    <property name="java.specification.version" value="1.8"/>
    <property name="sun.cpu.isalist" value=""/>
    <property name="sun.jnu.encoding" value="UTF-8"/>
    <property name="java.class.path" value="/workdir/hadoop-ozone/integration-test/target/test-classes:/workdir/hadoop-ozone/integration-test/target/classes:/home/user/.m2/repository/org/apache/hadoop/hadoop-ozone-common/0.5.0-SNAPSHOT/hadoop-ozone-common-0.5.0-SNAPSHOT.jar:/home/user/.m2/repository/org/apache/commons/commons-compress/1.4.1/commons-compress-1.4.1.jar:/home/user/.m2/repository/org/tukaani/xz/1.0/xz-1.0.jar:/home/user/.m2/repository/org/apache/hadoop/hadoop-common/3.2.0/hadoop-common-3.2.0.jar:/home/user/.m2/repository/org/apache/hadoop/hadoop-hdfs/3.2.0/hadoop-hdfs-3.2.0.jar:/home/user/.m2/repository/org/apache/hadoop/hadoop-hdfs-client/3.2.0/hadoop-hdfs-client-3.2.0.jar:/home/user/.m2/repository/com/fasterxml/jackson/core/jackson-annotations/2.9.9/jackson-annotations-2.9.9.jar:/home/user/.m2/repository/org/apache/hadoop/hadoop-hdds-common/0.5.0-SNAPSHOT/hadoop-hdds-common-0.5.0-SNAPSHOT.jar:/home/user/.m2/repository/javax/annotation/javax.annotation-api/1.2/javax.annotation-api-1.2.jar:/home/user/.m2/repository/org/apache/ratis/ratis-server/0.4.0/ratis-server-0.4.0.jar:/home/user/.m2/repository/org/apache/ratis/ratis-thirdparty-misc/0.2.0/ratis-thirdparty-misc-0.2.0.jar:/home/user/.m2/repository/org/apache/ratis/ratis-proto/0.4.0/ratis-proto-0.4.0.jar:/home/user/.m2/repository/org/apache/ratis/ratis-common/0.4.0/ratis-common-0.4.0.jar:/home/user/.m2/repository/org/apache/ratis/ratis-client/0.4.0/ratis-client-0.4.0.jar:/home/user/.m2/repository/org/apache/ratis/ratis-metrics/0.4.0/ratis-metrics-0.4.0.jar:/home/user/.m2/repository/com/github/joshelser/dropwizard-metrics-hadoop-metrics2-reporter/0.1.2/dropwizard-metrics-hadoop-metrics2-reporter-0.1.2.jar:/home/user/.m2/repository/io/dropwizard/metrics/metrics-jvm/3.2.5/metrics-jvm-3.2.5.jar:/home/user/.m2/repository/io/dropwizard/metrics/metrics-ganglia/3.2.5/metrics-ganglia-3.2.5.jar:/home/user/.m2/repository/info/ganglia/gmetric4j/gmetric4j/1.0.7/gmetric4j-1.0.7.jar:/home/user/.m2/repository/org/apache/ratis/ratis-netty/0.4.0/ratis-netty-0.4.0.jar:/home/user/.m2/repository/org/apache/ratis/ratis-grpc/0.4.0/ratis-grpc-0.4.0.jar:/home/user/.m2/repository/org/rocksdb/rocksdbjni/6.0.1/rocksdbjni-6.0.1.jar:/home/user/.m2/repository/org/apache/logging/log4j/log4j-api/2.11.0/log4j-api-2.11.0.jar:/home/user/.m2/repository/org/apache/logging/log4j/log4j-core/2.11.0/log4j-core-2.11.0.jar:/home/user/.m2/repository/com/lmax/disruptor/3.4.2/disruptor-3.4.2.jar:/home/user/.m2/repository/org/apache/commons/commons-pool2/2.6.0/commons-pool2-2.6.0.jar:/home/user/.m2/repository/org/bouncycastle/bcpkix-jdk15on/1.60/bcpkix-jdk15on-1.60.jar:/home/user/.m2/repository/commons-validator/commons-validator/1.6/commons-validator-1.6.jar:/home/user/.m2/repository/commons-digester/commons-digester/1.8.1/commons-digester-1.8.1.jar:/home/user/.m2/repository/io/jaegertracing/jaeger-client/0.34.0/jaeger-client-0.34.0.jar:/home/user/.m2/repository/io/jaegertracing/jaeger-thrift/0.34.0/jaeger-thrift-0.34.0.jar:/home/user/.m2/repository/org/apache/thrift/libthrift/0.12.0/libthrift-0.12.0.jar:/home/user/.m2/repository/com/squareup/okhttp3/okhttp/3.9.0/okhttp-3.9.0.jar:/home/user/.m2/repository/com/squareup/okio/okio/1.13.0/okio-1.13.0.jar:/home/user/.m2/repository/io/jaegertracing/jaeger-core/0.34.0/jaeger-core-0.34.0.jar:/home/user/.m2/repository/io/jaegertracing/jaeger-tracerresolver/0.34.0/jaeger-tracerresolver-0.34.0.jar:/home/user/.m2/repository/io/opentracing/contrib/opentracing-tracerresolver/0.1.5/opentracing-tracerresolver-0.1.5.jar:/home/user/.m2/repository/io/opentracing/opentracing-util/0.31.0/opentracing-util-0.31.0.jar:/home/user/.m2/repository/io/opentracing/opentracing-api/0.31.0/opentracing-api-0.31.0.jar:/home/user/.m2/repository/io/opentracing/opentracing-noop/0.31.0/opentracing-noop-0.31.0.jar:/home/user/.m2/repository/org/apache/hadoop/hadoop-hdds-server-framework/0.5.0-SNAPSHOT/hadoop-hdds-server-framework-0.5.0-SNAPSHOT.jar:/home/user/.m2/repository/org/apache/hadoop/hadoop-hdds-container-service/0.5.0-SNAPSHOT/hadoop-hdds-container-service-0.5.0-SNAPSHOT.jar:/home/user/.m2/repository/org/apache/hadoop/hadoop-hdds-client/0.5.0-SNAPSHOT/hadoop-hdds-client-0.5.0-SNAPSHOT.jar:/home/user/.m2/repository/org/apache/hadoop/hadoop-hdds-tools/0.5.0-SNAPSHOT/hadoop-hdds-tools-0.5.0-SNAPSHOT.jar:/home/user/.m2/repository/org/apache/hadoop/hadoop-hdds-server-scm/0.5.0-SNAPSHOT/hadoop-hdds-server-scm-0.5.0-SNAPSHOT.jar:/home/user/.m2/repository/org/apache/hadoop/hadoop-hdds-docs/0.5.0-SNAPSHOT/hadoop-hdds-docs-0.5.0-SNAPSHOT.jar:/home/user/.m2/repository/io/dropwizard/metrics/metrics-core/3.2.4/metrics-core-3.2.4.jar:/home/user/.m2/repository/org/hamcrest/hamcrest-all/1.3/hamcrest-all-1.3.jar:/home/user/.m2/repository/org/bouncycastle/bcprov-jdk15on/1.60/bcprov-jdk15on-1.60.jar:/home/user/.m2/repository/info/picocli/picocli/3.9.6/picocli-3.9.6.jar:/home/user/.m2/repository/com/google/protobuf/protobuf-java/2.5.0/protobuf-java-2.5.0.jar:/home/user/.m2/repository/com/google/guava/guava/11.0.2/guava-11.0.2.jar:/home/user/.m2/repository/org/apache/hadoop/hadoop-ozone-ozone-manager/0.5.0-SNAPSHOT/hadoop-ozone-ozone-manager-0.5.0-SNAPSHOT.jar:/home/user/.m2/repository/org/apache/hadoop/hadoop-minikdc/3.2.0/hadoop-minikdc-3.2.0.jar:/home/user/.m2/repository/commons-io/commons-io/2.5/commons-io-2.5.jar:/home/user/.m2/repository/org/apache/kerby/kerb-simplekdc/1.0.1/kerb-simplekdc-1.0.1.jar:/home/user/.m2/repository/org/apache/kerby/kerb-client/1.0.1/kerb-client-1.0.1.jar:/home/user/.m2/repository/org/apache/kerby/kerby-config/1.0.1/kerby-config-1.0.1.jar:/home/user/.m2/repository/org/apache/kerby/kerb-core/1.0.1/kerb-core-1.0.1.jar:/home/user/.m2/repository/org/apache/kerby/kerby-pkix/1.0.1/kerby-pkix-1.0.1.jar:/home/user/.m2/repository/org/apache/kerby/kerby-asn1/1.0.1/kerby-asn1-1.0.1.jar:/home/user/.m2/repository/org/apache/kerby/kerby-util/1.0.1/kerby-util-1.0.1.jar:/home/user/.m2/repository/org/apache/kerby/kerb-common/1.0.1/kerb-common-1.0.1.jar:/home/user/.m2/repository/org/apache/kerby/kerb-crypto/1.0.1/kerb-crypto-1.0.1.jar:/home/user/.m2/repository/org/apache/kerby/kerb-util/1.0.1/kerb-util-1.0.1.jar:/home/user/.m2/repository/org/apache/kerby/token-provider/1.0.1/token-provider-1.0.1.jar:/home/user/.m2/repository/org/apache/kerby/kerb-admin/1.0.1/kerb-admin-1.0.1.jar:/home/user/.m2/repository/org/apache/kerby/kerb-server/1.0.1/kerb-server-1.0.1.jar:/home/user/.m2/repository/org/apache/kerby/kerb-identity/1.0.1/kerb-identity-1.0.1.jar:/home/user/.m2/repository/org/apache/kerby/kerby-xdr/1.0.1/kerby-xdr-1.0.1.jar:/home/user/.m2/repository/org/slf4j/slf4j-log4j12/1.7.25/slf4j-log4j12-1.7.25.jar:/home/user/.m2/repository/org/apache/hadoop/hadoop-ozone-s3gateway/0.5.0-SNAPSHOT/hadoop-ozone-s3gateway-0.5.0-SNAPSHOT.jar:/home/user/.m2/repository/org/jboss/weld/servlet/weld-servlet/2.4.7.Final/weld-servlet-2.4.7.Final.jar:/home/user/.m2/repository/org/glassfish/jersey/containers/jersey-container-servlet-core/2.27/jersey-container-servlet-core-2.27.jar:/home/user/.m2/repository/org/glassfish/hk2/external/javax.inject/2.5.0-b42/javax.inject-2.5.0-b42.jar:/home/user/.m2/repository/org/glassfish/jersey/core/jersey-common/2.27/jersey-common-2.27.jar:/home/user/.m2/repository/org/glassfish/hk2/osgi-resource-locator/1.0.1/osgi-resource-locator-1.0.1.jar:/home/user/.m2/repository/javax/ws/rs/javax.ws.rs-api/2.1/javax.ws.rs-api-2.1.jar:/home/user/.m2/repository/org/glassfish/jersey/ext/cdi/jersey-cdi1x/2.27/jersey-cdi1x-2.27.jar:/home/user/.m2/repository/org/glassfish/jersey/inject/jersey-hk2/2.27/jersey-hk2-2.27.jar:/home/user/.m2/repository/org/glassfish/hk2/hk2-locator/2.5.0-b42/hk2-locator-2.5.0-b42.jar:/home/user/.m2/repository/org/javassist/javassist/3.22.0-CR2/javassist-3.22.0-CR2.jar:/home/user/.m2/repository/org/glassfish/hk2/hk2-api/2.5.0/hk2-api-2.5.0.jar:/home/user/.m2/repository/org/glassfish/hk2/external/jakarta.inject/2.5.0/jakarta.inject-2.5.0.jar:/home/user/.m2/repository/org/glassfish/hk2/hk2-utils/2.5.0/hk2-utils-2.5.0.jar:/home/user/.m2/repository/jakarta/annotation/jakarta.annotation-api/1.3.4/jakarta.annotation-api-1.3.4.jar:/home/user/.m2/repository/org/glassfish/hk2/external/aopalliance-repackaged/2.5.0/aopalliance-repackaged-2.5.0.jar:/home/user/.m2/repository/com/fasterxml/jackson/dataformat/jackson-dataformat-xml/2.9.0/jackson-dataformat-xml-2.9.0.jar:/home/user/.m2/repository/com/fasterxml/jackson/core/jackson-core/2.9.9/jackson-core-2.9.9.jar:/home/user/.m2/repository/com/fasterxml/jackson/module/jackson-module-jaxb-annotations/2.9.9/jackson-module-jaxb-annotations-2.9.9.jar:/home/user/.m2/repository/javax/enterprise/cdi-api/1.2/cdi-api-1.2.jar:/home/user/.m2/repository/javax/el/javax.el-api/3.0.0/javax.el-api-3.0.0.jar:/home/user/.m2/repository/javax/interceptor/javax.interceptor-api/1.2/javax.interceptor-api-1.2.jar:/home/user/.m2/repository/javax/inject/javax.inject/1/javax.inject-1.jar:/home/user/.m2/repository/com/sun/xml/bind/jaxb-impl/2.3.0.1/jaxb-impl-2.3.0.1.jar:/home/user/.m2/repository/com/sun/xml/bind/jaxb-core/2.3.0.1/jaxb-core-2.3.0.1.jar:/home/user/.m2/repository/javax/xml/bind/jaxb-api/2.3.0/jaxb-api-2.3.0.jar:/home/user/.m2/repository/javax/activation/activation/1.1.1/activation-1.1.1.jar:/home/user/.m2/repository/org/apache/hadoop/hadoop-ozone-csi/0.5.0-SNAPSHOT/hadoop-ozone-csi-0.5.0-SNAPSHOT.jar:/home/user/.m2/repository/com/google/protobuf/protobuf-java-util/3.5.1/protobuf-java-util-3.5.1.jar:/home/user/.m2/repository/org/apache/hadoop/hadoop-hdds-config/0.5.0-SNAPSHOT/hadoop-hdds-config-0.5.0-SNAPSHOT.jar:/home/user/.m2/repository/io/grpc/grpc-netty/1.17.1/grpc-netty-1.17.1.jar:/home/user/.m2/repository/io/grpc/grpc-core/1.17.1/grpc-core-1.17.1.jar:/home/user/.m2/repository/io/grpc/grpc-context/1.17.1/grpc-context-1.17.1.jar:/home/user/.m2/repository/com/google/errorprone/error_prone_annotations/2.2.0/error_prone_annotations-2.2.0.jar:/home/user/.m2/repository/org/codehaus/mojo/animal-sniffer-annotations/1.17/animal-sniffer-annotations-1.17.jar:/home/user/.m2/repository/io/opencensus/opencensus-api/0.17.0/opencensus-api-0.17.0.jar:/home/user/.m2/repository/io/opencensus/opencensus-contrib-grpc-metrics/0.17.0/opencensus-contrib-grpc-metrics-0.17.0.jar:/home/user/.m2/repository/io/netty/netty-codec-http2/4.1.30.Final/netty-codec-http2-4.1.30.Final.jar:/home/user/.m2/repository/io/netty/netty-codec-http/4.1.30.Final/netty-codec-http-4.1.30.Final.jar:/home/user/.m2/repository/io/netty/netty-codec/4.1.30.Final/netty-codec-4.1.30.Final.jar:/home/user/.m2/repository/io/netty/netty-handler/4.1.30.Final/netty-handler-4.1.30.Final.jar:/home/user/.m2/repository/io/netty/netty-handler-proxy/4.1.30.Final/netty-handler-proxy-4.1.30.Final.jar:/home/user/.m2/repository/io/netty/netty-codec-socks/4.1.30.Final/netty-codec-socks-4.1.30.Final.jar:/home/user/.m2/repository/io/netty/netty-transport-native-epoll/4.1.30.Final/netty-transport-native-epoll-4.1.30.Final.jar:/home/user/.m2/repository/io/netty/netty-common/4.1.30.Final/netty-common-4.1.30.Final.jar:/home/user/.m2/repository/io/netty/netty-buffer/4.1.30.Final/netty-buffer-4.1.30.Final.jar:/home/user/.m2/repository/io/netty/netty-transport/4.1.30.Final/netty-transport-4.1.30.Final.jar:/home/user/.m2/repository/io/netty/netty-resolver/4.1.30.Final/netty-resolver-4.1.30.Final.jar:/home/user/.m2/repository/io/netty/netty-transport-native-unix-common/4.1.30.Final/netty-transport-native-unix-common-4.1.30.Final.jar:/home/user/.m2/repository/io/grpc/grpc-protobuf/1.17.1/grpc-protobuf-1.17.1.jar:/home/user/.m2/repository/com/google/api/grpc/proto-google-common-protos/1.0.0/proto-google-common-protos-1.0.0.jar:/home/user/.m2/repository/io/grpc/grpc-protobuf-lite/1.17.1/grpc-protobuf-lite-1.17.1.jar:/home/user/.m2/repository/io/grpc/grpc-stub/1.17.1/grpc-stub-1.17.1.jar:/home/user/.m2/repository/org/apache/hadoop/hadoop-ozone-recon/0.5.0-SNAPSHOT/hadoop-ozone-recon-0.5.0-SNAPSHOT.jar:/home/user/.m2/repository/org/apache/hadoop/hadoop-ozone-reconcodegen/0.5.0-SNAPSHOT/hadoop-ozone-reconcodegen-0.5.0-SNAPSHOT.jar:/home/user/.m2/repository/com/google/inject/extensions/guice-multibindings/4.0/guice-multibindings-4.0.jar:/home/user/.m2/repository/com/google/inject/guice/4.0/guice-4.0.jar:/home/user/.m2/repository/aopalliance/aopalliance/1.0/aopalliance-1.0.jar:/home/user/.m2/repository/com/google/inject/extensions/guice-servlet/4.0/guice-servlet-4.0.jar:/home/user/.m2/repository/org/glassfish/jersey/containers/jersey-container-servlet/2.27/jersey-container-servlet-2.27.jar:/home/user/.m2/repository/org/glassfish/hk2/guice-bridge/2.5.0/guice-bridge-2.5.0.jar:/home/user/.m2/repository/org/glassfish/jersey/core/jersey-server/2.27/jersey-server-2.27.jar:/home/user/.m2/repository/org/glassfish/jersey/core/jersey-client/2.27/jersey-client-2.27.jar:/home/user/.m2/repository/org/glassfish/jersey/media/jersey-media-jaxb/2.27/jersey-media-jaxb-2.27.jar:/home/user/.m2/repository/javax/validation/validation-api/1.1.0.Final/validation-api-1.1.0.Final.jar:/home/user/.m2/repository/org/glassfish/jersey/media/jersey-media-json-jackson/2.27/jersey-media-json-jackson-2.27.jar:/home/user/.m2/repository/org/glassfish/jersey/ext/jersey-entity-filtering/2.27/jersey-entity-filtering-2.27.jar:/home/user/.m2/repository/com/google/inject/extensions/guice-assistedinject/4.0/guice-assistedinject-4.0.jar:/home/user/.m2/repository/org/jooq/jooq/3.11.10/jooq-3.11.10.jar:/home/user/.m2/repository/org/jooq/jooq-meta/3.11.10/jooq-meta-3.11.10.jar:/home/user/.m2/repository/org/jooq/jooq-codegen/3.11.10/jooq-codegen-3.11.10.jar:/home/user/.m2/repository/com/jolbox/bonecp/0.8.0.RELEASE/bonecp-0.8.0.RELEASE.jar:/home/user/.m2/repository/org/xerial/sqlite-jdbc/3.25.2/sqlite-jdbc-3.25.2.jar:/home/user/.m2/repository/org/springframework/spring-jdbc/5.1.3.RELEASE/spring-jdbc-5.1.3.RELEASE.jar:/home/user/.m2/repository/org/springframework/spring-beans/5.1.3.RELEASE/spring-beans-5.1.3.RELEASE.jar:/home/user/.m2/repository/org/springframework/spring-core/5.1.3.RELEASE/spring-core-5.1.3.RELEASE.jar:/home/user/.m2/repository/org/springframework/spring-jcl/5.1.3.RELEASE/spring-jcl-5.1.3.RELEASE.jar:/home/user/.m2/repository/org/springframework/spring-tx/5.1.3.RELEASE/spring-tx-5.1.3.RELEASE.jar:/home/user/.m2/repository/org/apache/hadoop/hadoop-ozone-client/0.5.0-SNAPSHOT/hadoop-ozone-client-0.5.0-SNAPSHOT.jar:/home/user/.m2/repository/commons-lang/commons-lang/2.6/commons-lang-2.6.jar:/home/user/.m2/repository/org/apache/hadoop/hadoop-ozone-ozone-manager/0.5.0-SNAPSHOT/hadoop-ozone-ozone-manager-0.5.0-SNAPSHOT-tests.jar:/home/user/.m2/repository/junit/junit/4.11/junit-4.11.jar:/home/user/.m2/repository/org/hamcrest/hamcrest-core/1.3/hamcrest-core-1.3.jar:/home/user/.m2/repository/org/openjdk/jmh/jmh-core/1.19/jmh-core-1.19.jar:/home/user/.m2/repository/net/sf/jopt-simple/jopt-simple/4.6/jopt-simple-4.6.jar:/home/user/.m2/repository/org/apache/commons/commons-math3/3.1.1/commons-math3-3.1.1.jar:/home/user/.m2/repository/org/openjdk/jmh/jmh-generator-annprocess/1.19/jmh-generator-annprocess-1.19.jar:/home/user/.m2/repository/org/mockito/mockito-all/1.8.5/mockito-all-1.8.5.jar:/home/user/.m2/repository/org/apache/hadoop/hadoop-kms/3.2.0/hadoop-kms-3.2.0.jar:/home/user/.m2/repository/org/apache/hadoop/hadoop-auth/3.2.0/hadoop-auth-3.2.0.jar:/home/user/.m2/repository/com/nimbusds/nimbus-jose-jwt/4.41.1/nimbus-jose-jwt-4.41.1.jar:/home/user/.m2/repository/com/github/stephenc/jcip/jcip-annotations/1.0-1/jcip-annotations-1.0-1.jar:/home/user/.m2/repository/net/minidev/json-smart/2.3/json-smart-2.3.jar:/home/user/.m2/repository/net/minidev/accessors-smart/1.2/accessors-smart-1.2.jar:/home/user/.m2/repository/org/ow2/asm/asm/5.0.4/asm-5.0.4.jar:/home/user/.m2/repository/org/apache/curator/curator-framework/2.12.0/curator-framework-2.12.0.jar:/home/user/.m2/repository/com/sun/jersey/jersey-core/1.19/jersey-core-1.19.jar:/home/user/.m2/repository/javax/ws/rs/jsr311-api/1.1.1/jsr311-api-1.1.1.jar:/home/user/.m2/repository/com/sun/jersey/jersey-server/1.19/jersey-server-1.19.jar:/home/user/.m2/repository/javax/servlet/javax.servlet-api/3.1.0/javax.servlet-api-3.1.0.jar:/home/user/.m2/repository/org/eclipse/jetty/jetty-server/9.3.25.v20180904/jetty-server-9.3.25.v20180904.jar:/home/user/.m2/repository/org/eclipse/jetty/jetty-http/9.3.25.v20180904/jetty-http-9.3.25.v20180904.jar:/home/user/.m2/repository/org/eclipse/jetty/jetty-io/9.3.25.v20180904/jetty-io-9.3.25.v20180904.jar:/home/user/.m2/repository/org/eclipse/jetty/jetty-webapp/9.3.25.v20180904/jetty-webapp-9.3.25.v20180904.jar:/home/user/.m2/repository/org/eclipse/jetty/jetty-xml/9.3.25.v20180904/jetty-xml-9.3.25.v20180904.jar:/home/user/.m2/repository/log4j/log4j/1.2.17/log4j-1.2.17.jar:/home/user/.m2/repository/org/slf4j/slf4j-api/1.7.25/slf4j-api-1.7.25.jar:/home/user/.m2/repository/org/slf4j/jul-to-slf4j/1.7.25/jul-to-slf4j-1.7.25.jar:/home/user/.m2/repository/org/eclipse/jetty/jetty-util/9.3.25.v20180904/jetty-util-9.3.25.v20180904.jar:/home/user/.m2/repository/com/fasterxml/jackson/core/jackson-databind/2.9.9/jackson-databind-2.9.9.jar:/home/user/.m2/repository/org/apache/hadoop/hadoop-kms/3.2.0/hadoop-kms-3.2.0-tests.jar:/home/user/.m2/repository/org/apache/hadoop/hadoop-hdds-server-scm/0.5.0-SNAPSHOT/hadoop-hdds-server-scm-0.5.0-SNAPSHOT-tests.jar:/home/user/.m2/repository/org/apache/hadoop/hadoop-hdds-container-service/0.5.0-SNAPSHOT/hadoop-hdds-container-service-0.5.0-SNAPSHOT-tests.jar:/home/user/.m2/repository/org/yaml/snakeyaml/1.16/snakeyaml-1.16.jar:/home/user/.m2/repository/org/apache/hadoop/hadoop-common/3.2.0/hadoop-common-3.2.0-tests.jar:/home/user/.m2/repository/org/apache/hadoop/hadoop-annotations/3.2.0/hadoop-annotations-3.2.0.jar:/usr/lib/jvm/java-1.8-openjdk/jre/../lib/tools.jar:/home/user/.m2/repository/commons-cli/commons-cli/1.2/commons-cli-1.2.jar:/home/user/.m2/repository/org/apache/httpcomponents/httpclient/4.5.2/httpclient-4.5.2.jar:/home/user/.m2/repository/org/apache/httpcomponents/httpcore/4.4.4/httpcore-4.4.4.jar:/home/user/.m2/repository/commons-codec/commons-codec/1.11/commons-codec-1.11.jar:/home/user/.m2/repository/commons-net/commons-net/3.6/commons-net-3.6.jar:/home/user/.m2/repository/commons-collections/commons-collections/3.2.2/commons-collections-3.2.2.jar:/home/user/.m2/repository/org/eclipse/jetty/jetty-servlet/9.3.25.v20180904/jetty-servlet-9.3.25.v20180904.jar:/home/user/.m2/repository/org/eclipse/jetty/jetty-security/9.3.25.v20180904/jetty-security-9.3.25.v20180904.jar:/home/user/.m2/repository/javax/servlet/jsp/jsp-api/2.1/jsp-api-2.1.jar:/home/user/.m2/repository/com/sun/jersey/jersey-servlet/1.19/jersey-servlet-1.19.jar:/home/user/.m2/repository/com/sun/jersey/jersey-json/1.19/jersey-json-1.19.jar:/home/user/.m2/repository/org/codehaus/jettison/jettison/1.1/jettison-1.1.jar:/home/user/.m2/repository/org/codehaus/jackson/jackson-core-asl/1.9.13/jackson-core-asl-1.9.13.jar:/home/user/.m2/repository/org/codehaus/jackson/jackson-mapper-asl/1.9.13/jackson-mapper-asl-1.9.13.jar:/home/user/.m2/repository/org/codehaus/jackson/jackson-jaxrs/1.9.13/jackson-jaxrs-1.9.13.jar:/home/user/.m2/repository/org/codehaus/jackson/jackson-xc/1.9.13/jackson-xc-1.9.13.jar:/home/user/.m2/repository/commons-logging/commons-logging/1.1.3/commons-logging-1.1.3.jar:/home/user/.m2/repository/commons-beanutils/commons-beanutils/1.9.4/commons-beanutils-1.9.4.jar:/home/user/.m2/repository/org/apache/commons/commons-configuration2/2.1.1/commons-configuration2-2.1.1.jar:/home/user/.m2/repository/org/apache/commons/commons-lang3/3.7/commons-lang3-3.7.jar:/home/user/.m2/repository/org/apache/commons/commons-text/1.4/commons-text-1.4.jar:/home/user/.m2/repository/org/apache/avro/avro/1.7.7/avro-1.7.7.jar:/home/user/.m2/repository/com/thoughtworks/paranamer/paranamer/2.3/paranamer-2.3.jar:/home/user/.m2/repository/org/xerial/snappy/snappy-java/1.0.5/snappy-java-1.0.5.jar:/home/user/.m2/repository/com/google/re2j/re2j/1.1/re2j-1.1.jar:/home/user/.m2/repository/com/google/code/gson/gson/2.2.4/gson-2.2.4.jar:/home/user/.m2/repository/com/jcraft/jsch/0.1.54/jsch-0.1.54.jar:/home/user/.m2/repository/org/apache/curator/curator-client/2.12.0/curator-client-2.12.0.jar:/home/user/.m2/repository/org/apache/curator/curator-recipes/2.12.0/curator-recipes-2.12.0.jar:/home/user/.m2/repository/com/google/code/findbugs/jsr305/3.0.0/jsr305-3.0.0.jar:/home/user/.m2/repository/org/apache/htrace/htrace-core4/4.1.0-incubating/htrace-core4-4.1.0-incubating.jar:/home/user/.m2/repository/org/apache/zookeeper/zookeeper/3.4.13/zookeeper-3.4.13.jar:/home/user/.m2/repository/jline/jline/0.9.94/jline-0.9.94.jar:/home/user/.m2/repository/org/apache/yetus/audience-annotations/0.5.0/audience-annotations-0.5.0.jar:/home/user/.m2/repository/org/codehaus/woodstox/stax2-api/3.1.4/stax2-api-3.1.4.jar:/home/user/.m2/repository/com/fasterxml/woodstox/woodstox-core/5.0.3/woodstox-core-5.0.3.jar:/home/user/.m2/repository/dnsjava/dnsjava/2.1.7/dnsjava-2.1.7.jar:/home/user/.m2/repository/org/apache/hadoop/hadoop-hdfs/3.2.0/hadoop-hdfs-3.2.0-tests.jar:/home/user/.m2/repository/org/eclipse/jetty/jetty-util-ajax/9.3.25.v20180904/jetty-util-ajax-9.3.25.v20180904.jar:/home/user/.m2/repository/commons-daemon/commons-daemon/1.0.13/commons-daemon-1.0.13.jar:/home/user/.m2/repository/io/netty/netty/3.10.5.Final/netty-3.10.5.Final.jar:/home/user/.m2/repository/io/netty/netty-all/4.0.52.Final/netty-all-4.0.52.Final.jar:/home/user/.m2/repository/org/fusesource/leveldbjni/leveldbjni-all/1.8/leveldbjni-all-1.8.jar:"/>
    <property name="java.vm.vendor" value="IcedTea"/>
    <property name="sun.arch.data.model" value="64"/>
    <property name="test.build.dir" value="/workdir/hadoop-ozone/integration-test/target/test-dir"/>
    <property name="test.cache.data" value=""/>
    <property name="java.vendor.url" value="https://icedtea.classpath.org"/>
    <property name="user.timezone" value=""/>
    <property name="java.vm.specification.version" value="1.8"/>
    <property name="os.name" value="Linux"/>
    <property name="test.build.data" value="/workdir/hadoop-ozone/integration-test/target/test-dir"/>
    <property name="user.country" value="US"/>
    <property name="sun.java.launcher" value="SUN_STANDARD"/>
    <property name="sun.boot.library.path" value="/usr/lib/jvm/java-1.8-openjdk/jre/lib/amd64"/>
    <property name="sun.java.command" value="/workdir/hadoop-ozone/integration-test/target/surefire/surefirebooter596918969167503175.jar /workdir/hadoop-ozone/integration-test/target/surefire 2019-09-28T05-35-29_859-jvmRun1 surefire2858942787598030812tmp surefire_551830462161751283828tmp"/>
    <property name="test" value="!TestMiniChaosOzoneCluster"/>
    <property name="surefire.test.class.path" value="/workdir/hadoop-ozone/integration-test/target/test-classes:/workdir/hadoop-ozone/integration-test/target/classes:/home/user/.m2/repository/org/apache/hadoop/hadoop-ozone-common/0.5.0-SNAPSHOT/hadoop-ozone-common-0.5.0-SNAPSHOT.jar:/home/user/.m2/repository/org/apache/commons/commons-compress/1.4.1/commons-compress-1.4.1.jar:/home/user/.m2/repository/org/tukaani/xz/1.0/xz-1.0.jar:/home/user/.m2/repository/org/apache/hadoop/hadoop-common/3.2.0/hadoop-common-3.2.0.jar:/home/user/.m2/repository/org/apache/hadoop/hadoop-hdfs/3.2.0/hadoop-hdfs-3.2.0.jar:/home/user/.m2/repository/org/apache/hadoop/hadoop-hdfs-client/3.2.0/hadoop-hdfs-client-3.2.0.jar:/home/user/.m2/repository/com/fasterxml/jackson/core/jackson-annotations/2.9.9/jackson-annotations-2.9.9.jar:/home/user/.m2/repository/org/apache/hadoop/hadoop-hdds-common/0.5.0-SNAPSHOT/hadoop-hdds-common-0.5.0-SNAPSHOT.jar:/home/user/.m2/repository/javax/annotation/javax.annotation-api/1.2/javax.annotation-api-1.2.jar:/home/user/.m2/repository/org/apache/ratis/ratis-server/0.4.0/ratis-server-0.4.0.jar:/home/user/.m2/repository/org/apache/ratis/ratis-thirdparty-misc/0.2.0/ratis-thirdparty-misc-0.2.0.jar:/home/user/.m2/repository/org/apache/ratis/ratis-proto/0.4.0/ratis-proto-0.4.0.jar:/home/user/.m2/repository/org/apache/ratis/ratis-common/0.4.0/ratis-common-0.4.0.jar:/home/user/.m2/repository/org/apache/ratis/ratis-client/0.4.0/ratis-client-0.4.0.jar:/home/user/.m2/repository/org/apache/ratis/ratis-metrics/0.4.0/ratis-metrics-0.4.0.jar:/home/user/.m2/repository/com/github/joshelser/dropwizard-metrics-hadoop-metrics2-reporter/0.1.2/dropwizard-metrics-hadoop-metrics2-reporter-0.1.2.jar:/home/user/.m2/repository/io/dropwizard/metrics/metrics-jvm/3.2.5/metrics-jvm-3.2.5.jar:/home/user/.m2/repository/io/dropwizard/metrics/metrics-ganglia/3.2.5/metrics-ganglia-3.2.5.jar:/home/user/.m2/repository/info/ganglia/gmetric4j/gmetric4j/1.0.7/gmetric4j-1.0.7.jar:/home/user/.m2/repository/org/apache/ratis/ratis-netty/0.4.0/ratis-netty-0.4.0.jar:/home/user/.m2/repository/org/apache/ratis/ratis-grpc/0.4.0/ratis-grpc-0.4.0.jar:/home/user/.m2/repository/org/rocksdb/rocksdbjni/6.0.1/rocksdbjni-6.0.1.jar:/home/user/.m2/repository/org/apache/logging/log4j/log4j-api/2.11.0/log4j-api-2.11.0.jar:/home/user/.m2/repository/org/apache/logging/log4j/log4j-core/2.11.0/log4j-core-2.11.0.jar:/home/user/.m2/repository/com/lmax/disruptor/3.4.2/disruptor-3.4.2.jar:/home/user/.m2/repository/org/apache/commons/commons-pool2/2.6.0/commons-pool2-2.6.0.jar:/home/user/.m2/repository/org/bouncycastle/bcpkix-jdk15on/1.60/bcpkix-jdk15on-1.60.jar:/home/user/.m2/repository/commons-validator/commons-validator/1.6/commons-validator-1.6.jar:/home/user/.m2/repository/commons-digester/commons-digester/1.8.1/commons-digester-1.8.1.jar:/home/user/.m2/repository/io/jaegertracing/jaeger-client/0.34.0/jaeger-client-0.34.0.jar:/home/user/.m2/repository/io/jaegertracing/jaeger-thrift/0.34.0/jaeger-thrift-0.34.0.jar:/home/user/.m2/repository/org/apache/thrift/libthrift/0.12.0/libthrift-0.12.0.jar:/home/user/.m2/repository/com/squareup/okhttp3/okhttp/3.9.0/okhttp-3.9.0.jar:/home/user/.m2/repository/com/squareup/okio/okio/1.13.0/okio-1.13.0.jar:/home/user/.m2/repository/io/jaegertracing/jaeger-core/0.34.0/jaeger-core-0.34.0.jar:/home/user/.m2/repository/io/jaegertracing/jaeger-tracerresolver/0.34.0/jaeger-tracerresolver-0.34.0.jar:/home/user/.m2/repository/io/opentracing/contrib/opentracing-tracerresolver/0.1.5/opentracing-tracerresolver-0.1.5.jar:/home/user/.m2/repository/io/opentracing/opentracing-util/0.31.0/opentracing-util-0.31.0.jar:/home/user/.m2/repository/io/opentracing/opentracing-api/0.31.0/opentracing-api-0.31.0.jar:/home/user/.m2/repository/io/opentracing/opentracing-noop/0.31.0/opentracing-noop-0.31.0.jar:/home/user/.m2/repository/org/apache/hadoop/hadoop-hdds-server-framework/0.5.0-SNAPSHOT/hadoop-hdds-server-framework-0.5.0-SNAPSHOT.jar:/home/user/.m2/repository/org/apache/hadoop/hadoop-hdds-container-service/0.5.0-SNAPSHOT/hadoop-hdds-container-service-0.5.0-SNAPSHOT.jar:/home/user/.m2/repository/org/apache/hadoop/hadoop-hdds-client/0.5.0-SNAPSHOT/hadoop-hdds-client-0.5.0-SNAPSHOT.jar:/home/user/.m2/repository/org/apache/hadoop/hadoop-hdds-tools/0.5.0-SNAPSHOT/hadoop-hdds-tools-0.5.0-SNAPSHOT.jar:/home/user/.m2/repository/org/apache/hadoop/hadoop-hdds-server-scm/0.5.0-SNAPSHOT/hadoop-hdds-server-scm-0.5.0-SNAPSHOT.jar:/home/user/.m2/repository/org/apache/hadoop/hadoop-hdds-docs/0.5.0-SNAPSHOT/hadoop-hdds-docs-0.5.0-SNAPSHOT.jar:/home/user/.m2/repository/io/dropwizard/metrics/metrics-core/3.2.4/metrics-core-3.2.4.jar:/home/user/.m2/repository/org/hamcrest/hamcrest-all/1.3/hamcrest-all-1.3.jar:/home/user/.m2/repository/org/bouncycastle/bcprov-jdk15on/1.60/bcprov-jdk15on-1.60.jar:/home/user/.m2/repository/info/picocli/picocli/3.9.6/picocli-3.9.6.jar:/home/user/.m2/repository/com/google/protobuf/protobuf-java/2.5.0/protobuf-java-2.5.0.jar:/home/user/.m2/repository/com/google/guava/guava/11.0.2/guava-11.0.2.jar:/home/user/.m2/repository/org/apache/hadoop/hadoop-ozone-ozone-manager/0.5.0-SNAPSHOT/hadoop-ozone-ozone-manager-0.5.0-SNAPSHOT.jar:/home/user/.m2/repository/org/apache/hadoop/hadoop-minikdc/3.2.0/hadoop-minikdc-3.2.0.jar:/home/user/.m2/repository/commons-io/commons-io/2.5/commons-io-2.5.jar:/home/user/.m2/repository/org/apache/kerby/kerb-simplekdc/1.0.1/kerb-simplekdc-1.0.1.jar:/home/user/.m2/repository/org/apache/kerby/kerb-client/1.0.1/kerb-client-1.0.1.jar:/home/user/.m2/repository/org/apache/kerby/kerby-config/1.0.1/kerby-config-1.0.1.jar:/home/user/.m2/repository/org/apache/kerby/kerb-core/1.0.1/kerb-core-1.0.1.jar:/home/user/.m2/repository/org/apache/kerby/kerby-pkix/1.0.1/kerby-pkix-1.0.1.jar:/home/user/.m2/repository/org/apache/kerby/kerby-asn1/1.0.1/kerby-asn1-1.0.1.jar:/home/user/.m2/repository/org/apache/kerby/kerby-util/1.0.1/kerby-util-1.0.1.jar:/home/user/.m2/repository/org/apache/kerby/kerb-common/1.0.1/kerb-common-1.0.1.jar:/home/user/.m2/repository/org/apache/kerby/kerb-crypto/1.0.1/kerb-crypto-1.0.1.jar:/home/user/.m2/repository/org/apache/kerby/kerb-util/1.0.1/kerb-util-1.0.1.jar:/home/user/.m2/repository/org/apache/kerby/token-provider/1.0.1/token-provider-1.0.1.jar:/home/user/.m2/repository/org/apache/kerby/kerb-admin/1.0.1/kerb-admin-1.0.1.jar:/home/user/.m2/repository/org/apache/kerby/kerb-server/1.0.1/kerb-server-1.0.1.jar:/home/user/.m2/repository/org/apache/kerby/kerb-identity/1.0.1/kerb-identity-1.0.1.jar:/home/user/.m2/repository/org/apache/kerby/kerby-xdr/1.0.1/kerby-xdr-1.0.1.jar:/home/user/.m2/repository/org/slf4j/slf4j-log4j12/1.7.25/slf4j-log4j12-1.7.25.jar:/home/user/.m2/repository/org/apache/hadoop/hadoop-ozone-s3gateway/0.5.0-SNAPSHOT/hadoop-ozone-s3gateway-0.5.0-SNAPSHOT.jar:/home/user/.m2/repository/org/jboss/weld/servlet/weld-servlet/2.4.7.Final/weld-servlet-2.4.7.Final.jar:/home/user/.m2/repository/org/glassfish/jersey/containers/jersey-container-servlet-core/2.27/jersey-container-servlet-core-2.27.jar:/home/user/.m2/repository/org/glassfish/hk2/external/javax.inject/2.5.0-b42/javax.inject-2.5.0-b42.jar:/home/user/.m2/repository/org/glassfish/jersey/core/jersey-common/2.27/jersey-common-2.27.jar:/home/user/.m2/repository/org/glassfish/hk2/osgi-resource-locator/1.0.1/osgi-resource-locator-1.0.1.jar:/home/user/.m2/repository/javax/ws/rs/javax.ws.rs-api/2.1/javax.ws.rs-api-2.1.jar:/home/user/.m2/repository/org/glassfish/jersey/ext/cdi/jersey-cdi1x/2.27/jersey-cdi1x-2.27.jar:/home/user/.m2/repository/org/glassfish/jersey/inject/jersey-hk2/2.27/jersey-hk2-2.27.jar:/home/user/.m2/repository/org/glassfish/hk2/hk2-locator/2.5.0-b42/hk2-locator-2.5.0-b42.jar:/home/user/.m2/repository/org/javassist/javassist/3.22.0-CR2/javassist-3.22.0-CR2.jar:/home/user/.m2/repository/org/glassfish/hk2/hk2-api/2.5.0/hk2-api-2.5.0.jar:/home/user/.m2/repository/org/glassfish/hk2/external/jakarta.inject/2.5.0/jakarta.inject-2.5.0.jar:/home/user/.m2/repository/org/glassfish/hk2/hk2-utils/2.5.0/hk2-utils-2.5.0.jar:/home/user/.m2/repository/jakarta/annotation/jakarta.annotation-api/1.3.4/jakarta.annotation-api-1.3.4.jar:/home/user/.m2/repository/org/glassfish/hk2/external/aopalliance-repackaged/2.5.0/aopalliance-repackaged-2.5.0.jar:/home/user/.m2/repository/com/fasterxml/jackson/dataformat/jackson-dataformat-xml/2.9.0/jackson-dataformat-xml-2.9.0.jar:/home/user/.m2/repository/com/fasterxml/jackson/core/jackson-core/2.9.9/jackson-core-2.9.9.jar:/home/user/.m2/repository/com/fasterxml/jackson/module/jackson-module-jaxb-annotations/2.9.9/jackson-module-jaxb-annotations-2.9.9.jar:/home/user/.m2/repository/javax/enterprise/cdi-api/1.2/cdi-api-1.2.jar:/home/user/.m2/repository/javax/el/javax.el-api/3.0.0/javax.el-api-3.0.0.jar:/home/user/.m2/repository/javax/interceptor/javax.interceptor-api/1.2/javax.interceptor-api-1.2.jar:/home/user/.m2/repository/javax/inject/javax.inject/1/javax.inject-1.jar:/home/user/.m2/repository/com/sun/xml/bind/jaxb-impl/2.3.0.1/jaxb-impl-2.3.0.1.jar:/home/user/.m2/repository/com/sun/xml/bind/jaxb-core/2.3.0.1/jaxb-core-2.3.0.1.jar:/home/user/.m2/repository/javax/xml/bind/jaxb-api/2.3.0/jaxb-api-2.3.0.jar:/home/user/.m2/repository/javax/activation/activation/1.1.1/activation-1.1.1.jar:/home/user/.m2/repository/org/apache/hadoop/hadoop-ozone-csi/0.5.0-SNAPSHOT/hadoop-ozone-csi-0.5.0-SNAPSHOT.jar:/home/user/.m2/repository/com/google/protobuf/protobuf-java-util/3.5.1/protobuf-java-util-3.5.1.jar:/home/user/.m2/repository/org/apache/hadoop/hadoop-hdds-config/0.5.0-SNAPSHOT/hadoop-hdds-config-0.5.0-SNAPSHOT.jar:/home/user/.m2/repository/io/grpc/grpc-netty/1.17.1/grpc-netty-1.17.1.jar:/home/user/.m2/repository/io/grpc/grpc-core/1.17.1/grpc-core-1.17.1.jar:/home/user/.m2/repository/io/grpc/grpc-context/1.17.1/grpc-context-1.17.1.jar:/home/user/.m2/repository/com/google/errorprone/error_prone_annotations/2.2.0/error_prone_annotations-2.2.0.jar:/home/user/.m2/repository/org/codehaus/mojo/animal-sniffer-annotations/1.17/animal-sniffer-annotations-1.17.jar:/home/user/.m2/repository/io/opencensus/opencensus-api/0.17.0/opencensus-api-0.17.0.jar:/home/user/.m2/repository/io/opencensus/opencensus-contrib-grpc-metrics/0.17.0/opencensus-contrib-grpc-metrics-0.17.0.jar:/home/user/.m2/repository/io/netty/netty-codec-http2/4.1.30.Final/netty-codec-http2-4.1.30.Final.jar:/home/user/.m2/repository/io/netty/netty-codec-http/4.1.30.Final/netty-codec-http-4.1.30.Final.jar:/home/user/.m2/repository/io/netty/netty-codec/4.1.30.Final/netty-codec-4.1.30.Final.jar:/home/user/.m2/repository/io/netty/netty-handler/4.1.30.Final/netty-handler-4.1.30.Final.jar:/home/user/.m2/repository/io/netty/netty-handler-proxy/4.1.30.Final/netty-handler-proxy-4.1.30.Final.jar:/home/user/.m2/repository/io/netty/netty-codec-socks/4.1.30.Final/netty-codec-socks-4.1.30.Final.jar:/home/user/.m2/repository/io/netty/netty-transport-native-epoll/4.1.30.Final/netty-transport-native-epoll-4.1.30.Final.jar:/home/user/.m2/repository/io/netty/netty-common/4.1.30.Final/netty-common-4.1.30.Final.jar:/home/user/.m2/repository/io/netty/netty-buffer/4.1.30.Final/netty-buffer-4.1.30.Final.jar:/home/user/.m2/repository/io/netty/netty-transport/4.1.30.Final/netty-transport-4.1.30.Final.jar:/home/user/.m2/repository/io/netty/netty-resolver/4.1.30.Final/netty-resolver-4.1.30.Final.jar:/home/user/.m2/repository/io/netty/netty-transport-native-unix-common/4.1.30.Final/netty-transport-native-unix-common-4.1.30.Final.jar:/home/user/.m2/repository/io/grpc/grpc-protobuf/1.17.1/grpc-protobuf-1.17.1.jar:/home/user/.m2/repository/com/google/api/grpc/proto-google-common-protos/1.0.0/proto-google-common-protos-1.0.0.jar:/home/user/.m2/repository/io/grpc/grpc-protobuf-lite/1.17.1/grpc-protobuf-lite-1.17.1.jar:/home/user/.m2/repository/io/grpc/grpc-stub/1.17.1/grpc-stub-1.17.1.jar:/home/user/.m2/repository/org/apache/hadoop/hadoop-ozone-recon/0.5.0-SNAPSHOT/hadoop-ozone-recon-0.5.0-SNAPSHOT.jar:/home/user/.m2/repository/org/apache/hadoop/hadoop-ozone-reconcodegen/0.5.0-SNAPSHOT/hadoop-ozone-reconcodegen-0.5.0-SNAPSHOT.jar:/home/user/.m2/repository/com/google/inject/extensions/guice-multibindings/4.0/guice-multibindings-4.0.jar:/home/user/.m2/repository/com/google/inject/guice/4.0/guice-4.0.jar:/home/user/.m2/repository/aopalliance/aopalliance/1.0/aopalliance-1.0.jar:/home/user/.m2/repository/com/google/inject/extensions/guice-servlet/4.0/guice-servlet-4.0.jar:/home/user/.m2/repository/org/glassfish/jersey/containers/jersey-container-servlet/2.27/jersey-container-servlet-2.27.jar:/home/user/.m2/repository/org/glassfish/hk2/guice-bridge/2.5.0/guice-bridge-2.5.0.jar:/home/user/.m2/repository/org/glassfish/jersey/core/jersey-server/2.27/jersey-server-2.27.jar:/home/user/.m2/repository/org/glassfish/jersey/core/jersey-client/2.27/jersey-client-2.27.jar:/home/user/.m2/repository/org/glassfish/jersey/media/jersey-media-jaxb/2.27/jersey-media-jaxb-2.27.jar:/home/user/.m2/repository/javax/validation/validation-api/1.1.0.Final/validation-api-1.1.0.Final.jar:/home/user/.m2/repository/org/glassfish/jersey/media/jersey-media-json-jackson/2.27/jersey-media-json-jackson-2.27.jar:/home/user/.m2/repository/org/glassfish/jersey/ext/jersey-entity-filtering/2.27/jersey-entity-filtering-2.27.jar:/home/user/.m2/repository/com/google/inject/extensions/guice-assistedinject/4.0/guice-assistedinject-4.0.jar:/home/user/.m2/repository/org/jooq/jooq/3.11.10/jooq-3.11.10.jar:/home/user/.m2/repository/org/jooq/jooq-meta/3.11.10/jooq-meta-3.11.10.jar:/home/user/.m2/repository/org/jooq/jooq-codegen/3.11.10/jooq-codegen-3.11.10.jar:/home/user/.m2/repository/com/jolbox/bonecp/0.8.0.RELEASE/bonecp-0.8.0.RELEASE.jar:/home/user/.m2/repository/org/xerial/sqlite-jdbc/3.25.2/sqlite-jdbc-3.25.2.jar:/home/user/.m2/repository/org/springframework/spring-jdbc/5.1.3.RELEASE/spring-jdbc-5.1.3.RELEASE.jar:/home/user/.m2/repository/org/springframework/spring-beans/5.1.3.RELEASE/spring-beans-5.1.3.RELEASE.jar:/home/user/.m2/repository/org/springframework/spring-core/5.1.3.RELEASE/spring-core-5.1.3.RELEASE.jar:/home/user/.m2/repository/org/springframework/spring-jcl/5.1.3.RELEASE/spring-jcl-5.1.3.RELEASE.jar:/home/user/.m2/repository/org/springframework/spring-tx/5.1.3.RELEASE/spring-tx-5.1.3.RELEASE.jar:/home/user/.m2/repository/org/apache/hadoop/hadoop-ozone-client/0.5.0-SNAPSHOT/hadoop-ozone-client-0.5.0-SNAPSHOT.jar:/home/user/.m2/repository/commons-lang/commons-lang/2.6/commons-lang-2.6.jar:/home/user/.m2/repository/org/apache/hadoop/hadoop-ozone-ozone-manager/0.5.0-SNAPSHOT/hadoop-ozone-ozone-manager-0.5.0-SNAPSHOT-tests.jar:/home/user/.m2/repository/junit/junit/4.11/junit-4.11.jar:/home/user/.m2/repository/org/hamcrest/hamcrest-core/1.3/hamcrest-core-1.3.jar:/home/user/.m2/repository/org/openjdk/jmh/jmh-core/1.19/jmh-core-1.19.jar:/home/user/.m2/repository/net/sf/jopt-simple/jopt-simple/4.6/jopt-simple-4.6.jar:/home/user/.m2/repository/org/apache/commons/commons-math3/3.1.1/commons-math3-3.1.1.jar:/home/user/.m2/repository/org/openjdk/jmh/jmh-generator-annprocess/1.19/jmh-generator-annprocess-1.19.jar:/home/user/.m2/repository/org/mockito/mockito-all/1.8.5/mockito-all-1.8.5.jar:/home/user/.m2/repository/org/apache/hadoop/hadoop-kms/3.2.0/hadoop-kms-3.2.0.jar:/home/user/.m2/repository/org/apache/hadoop/hadoop-auth/3.2.0/hadoop-auth-3.2.0.jar:/home/user/.m2/repository/com/nimbusds/nimbus-jose-jwt/4.41.1/nimbus-jose-jwt-4.41.1.jar:/home/user/.m2/repository/com/github/stephenc/jcip/jcip-annotations/1.0-1/jcip-annotations-1.0-1.jar:/home/user/.m2/repository/net/minidev/json-smart/2.3/json-smart-2.3.jar:/home/user/.m2/repository/net/minidev/accessors-smart/1.2/accessors-smart-1.2.jar:/home/user/.m2/repository/org/ow2/asm/asm/5.0.4/asm-5.0.4.jar:/home/user/.m2/repository/org/apache/curator/curator-framework/2.12.0/curator-framework-2.12.0.jar:/home/user/.m2/repository/com/sun/jersey/jersey-core/1.19/jersey-core-1.19.jar:/home/user/.m2/repository/javax/ws/rs/jsr311-api/1.1.1/jsr311-api-1.1.1.jar:/home/user/.m2/repository/com/sun/jersey/jersey-server/1.19/jersey-server-1.19.jar:/home/user/.m2/repository/javax/servlet/javax.servlet-api/3.1.0/javax.servlet-api-3.1.0.jar:/home/user/.m2/repository/org/eclipse/jetty/jetty-server/9.3.25.v20180904/jetty-server-9.3.25.v20180904.jar:/home/user/.m2/repository/org/eclipse/jetty/jetty-http/9.3.25.v20180904/jetty-http-9.3.25.v20180904.jar:/home/user/.m2/repository/org/eclipse/jetty/jetty-io/9.3.25.v20180904/jetty-io-9.3.25.v20180904.jar:/home/user/.m2/repository/org/eclipse/jetty/jetty-webapp/9.3.25.v20180904/jetty-webapp-9.3.25.v20180904.jar:/home/user/.m2/repository/org/eclipse/jetty/jetty-xml/9.3.25.v20180904/jetty-xml-9.3.25.v20180904.jar:/home/user/.m2/repository/log4j/log4j/1.2.17/log4j-1.2.17.jar:/home/user/.m2/repository/org/slf4j/slf4j-api/1.7.25/slf4j-api-1.7.25.jar:/home/user/.m2/repository/org/slf4j/jul-to-slf4j/1.7.25/jul-to-slf4j-1.7.25.jar:/home/user/.m2/repository/org/eclipse/jetty/jetty-util/9.3.25.v20180904/jetty-util-9.3.25.v20180904.jar:/home/user/.m2/repository/com/fasterxml/jackson/core/jackson-databind/2.9.9/jackson-databind-2.9.9.jar:/home/user/.m2/repository/org/apache/hadoop/hadoop-kms/3.2.0/hadoop-kms-3.2.0-tests.jar:/home/user/.m2/repository/org/apache/hadoop/hadoop-hdds-server-scm/0.5.0-SNAPSHOT/hadoop-hdds-server-scm-0.5.0-SNAPSHOT-tests.jar:/home/user/.m2/repository/org/apache/hadoop/hadoop-hdds-container-service/0.5.0-SNAPSHOT/hadoop-hdds-container-service-0.5.0-SNAPSHOT-tests.jar:/home/user/.m2/repository/org/yaml/snakeyaml/1.16/snakeyaml-1.16.jar:/home/user/.m2/repository/org/apache/hadoop/hadoop-common/3.2.0/hadoop-common-3.2.0-tests.jar:/home/user/.m2/repository/org/apache/hadoop/hadoop-annotations/3.2.0/hadoop-annotations-3.2.0.jar:/usr/lib/jvm/java-1.8-openjdk/jre/../lib/tools.jar:/home/user/.m2/repository/commons-cli/commons-cli/1.2/commons-cli-1.2.jar:/home/user/.m2/repository/org/apache/httpcomponents/httpclient/4.5.2/httpclient-4.5.2.jar:/home/user/.m2/repository/org/apache/httpcomponents/httpcore/4.4.4/httpcore-4.4.4.jar:/home/user/.m2/repository/commons-codec/commons-codec/1.11/commons-codec-1.11.jar:/home/user/.m2/repository/commons-net/commons-net/3.6/commons-net-3.6.jar:/home/user/.m2/repository/commons-collections/commons-collections/3.2.2/commons-collections-3.2.2.jar:/home/user/.m2/repository/org/eclipse/jetty/jetty-servlet/9.3.25.v20180904/jetty-servlet-9.3.25.v20180904.jar:/home/user/.m2/repository/org/eclipse/jetty/jetty-security/9.3.25.v20180904/jetty-security-9.3.25.v20180904.jar:/home/user/.m2/repository/javax/servlet/jsp/jsp-api/2.1/jsp-api-2.1.jar:/home/user/.m2/repository/com/sun/jersey/jersey-servlet/1.19/jersey-servlet-1.19.jar:/home/user/.m2/repository/com/sun/jersey/jersey-json/1.19/jersey-json-1.19.jar:/home/user/.m2/repository/org/codehaus/jettison/jettison/1.1/jettison-1.1.jar:/home/user/.m2/repository/org/codehaus/jackson/jackson-core-asl/1.9.13/jackson-core-asl-1.9.13.jar:/home/user/.m2/repository/org/codehaus/jackson/jackson-mapper-asl/1.9.13/jackson-mapper-asl-1.9.13.jar:/home/user/.m2/repository/org/codehaus/jackson/jackson-jaxrs/1.9.13/jackson-jaxrs-1.9.13.jar:/home/user/.m2/repository/org/codehaus/jackson/jackson-xc/1.9.13/jackson-xc-1.9.13.jar:/home/user/.m2/repository/commons-logging/commons-logging/1.1.3/commons-logging-1.1.3.jar:/home/user/.m2/repository/commons-beanutils/commons-beanutils/1.9.4/commons-beanutils-1.9.4.jar:/home/user/.m2/repository/org/apache/commons/commons-configuration2/2.1.1/commons-configuration2-2.1.1.jar:/home/user/.m2/repository/org/apache/commons/commons-lang3/3.7/commons-lang3-3.7.jar:/home/user/.m2/repository/org/apache/commons/commons-text/1.4/commons-text-1.4.jar:/home/user/.m2/repository/org/apache/avro/avro/1.7.7/avro-1.7.7.jar:/home/user/.m2/repository/com/thoughtworks/paranamer/paranamer/2.3/paranamer-2.3.jar:/home/user/.m2/repository/org/xerial/snappy/snappy-java/1.0.5/snappy-java-1.0.5.jar:/home/user/.m2/repository/com/google/re2j/re2j/1.1/re2j-1.1.jar:/home/user/.m2/repository/com/google/code/gson/gson/2.2.4/gson-2.2.4.jar:/home/user/.m2/repository/com/jcraft/jsch/0.1.54/jsch-0.1.54.jar:/home/user/.m2/repository/org/apache/curator/curator-client/2.12.0/curator-client-2.12.0.jar:/home/user/.m2/repository/org/apache/curator/curator-recipes/2.12.0/curator-recipes-2.12.0.jar:/home/user/.m2/repository/com/google/code/findbugs/jsr305/3.0.0/jsr305-3.0.0.jar:/home/user/.m2/repository/org/apache/htrace/htrace-core4/4.1.0-incubating/htrace-core4-4.1.0-incubating.jar:/home/user/.m2/repository/org/apache/zookeeper/zookeeper/3.4.13/zookeeper-3.4.13.jar:/home/user/.m2/repository/jline/jline/0.9.94/jline-0.9.94.jar:/home/user/.m2/repository/org/apache/yetus/audience-annotations/0.5.0/audience-annotations-0.5.0.jar:/home/user/.m2/repository/org/codehaus/woodstox/stax2-api/3.1.4/stax2-api-3.1.4.jar:/home/user/.m2/repository/com/fasterxml/woodstox/woodstox-core/5.0.3/woodstox-core-5.0.3.jar:/home/user/.m2/repository/dnsjava/dnsjava/2.1.7/dnsjava-2.1.7.jar:/home/user/.m2/repository/org/apache/hadoop/hadoop-hdfs/3.2.0/hadoop-hdfs-3.2.0-tests.jar:/home/user/.m2/repository/org/eclipse/jetty/jetty-util-ajax/9.3.25.v20180904/jetty-util-ajax-9.3.25.v20180904.jar:/home/user/.m2/repository/commons-daemon/commons-daemon/1.0.13/commons-daemon-1.0.13.jar:/home/user/.m2/repository/io/netty/netty/3.10.5.Final/netty-3.10.5.Final.jar:/home/user/.m2/repository/io/netty/netty-all/4.0.52.Final/netty-all-4.0.52.Final.jar:/home/user/.m2/repository/org/fusesource/leveldbjni/leveldbjni-all/1.8/leveldbjni-all-1.8.jar:"/>
    <property name="sun.cpu.endian" value="little"/>
    <property name="user.home" value="/home/user"/>
    <property name="user.language" value="en"/>
    <property name="java.specification.vendor" value="Oracle Corporation"/>
    <property name="java.home" value="/usr/lib/jvm/java-1.8-openjdk/jre"/>
    <property name="java.security.krb5.conf" value="/workdir/hadoop-ozone/integration-test/target/test-classes/krb5.conf"/>
    <property name="basedir" value="/workdir/hadoop-ozone/integration-test"/>
    <property name="file.separator" value="/"/>
    <property name="line.separator" value="&#10;"/>
    <property name="java.vm.specification.vendor" value="Oracle Corporation"/>
    <property name="java.specification.name" value="Java Platform API Specification"/>
    <property name="java.awt.graphicsenv" value="sun.awt.X11GraphicsEnvironment"/>
    <property name="surefire.real.class.path" value="/workdir/hadoop-ozone/integration-test/target/surefire/surefirebooter596918969167503175.jar"/>
    <property name="hadoop.log.dir" value="/workdir/hadoop-ozone/integration-test/target/log"/>
    <property name="sun.boot.class.path" value="/usr/lib/jvm/java-1.8-openjdk/jre/lib/resources.jar:/usr/lib/jvm/java-1.8-openjdk/jre/lib/rt.jar:/usr/lib/jvm/java-1.8-openjdk/jre/lib/sunrsasign.jar:/usr/lib/jvm/java-1.8-openjdk/jre/lib/jsse.jar:/usr/lib/jvm/java-1.8-openjdk/jre/lib/jce.jar:/usr/lib/jvm/java-1.8-openjdk/jre/lib/charsets.jar:/usr/lib/jvm/java-1.8-openjdk/jre/lib/jfr.jar:/usr/lib/jvm/java-1.8-openjdk/jre/classes"/>
    <property name="sun.management.compiler" value="HotSpot 64-Bit Tiered Compilers"/>
    <property name="java.runtime.version" value="1.8.0_212-b04"/>
    <property name="java.net.preferIPv4Stack" value="true"/>
    <property name="user.name" value="jenkins1000"/>
    <property name="path.separator" value=":"/>
    <property name="java.security.egd" value="file:///dev/urandom"/>
    <property name="os.version" value="3.10.0-957.12.2.el7.x86_64"/>
    <property name="java.endorsed.dirs" value="/usr/lib/jvm/java-1.8-openjdk/jre/lib/endorsed"/>
    <property name="java.runtime.name" value="OpenJDK Runtime Environment"/>
    <property name="file.encoding" value="UTF-8"/>
    <property name="java.vm.name" value="OpenJDK 64-Bit Server VM"/>
    <property name="test.build.webapps" value=""/>
    <property name="localRepository" value="/home/user/.m2/repository"/>
    <property name="java.vendor.url.bug" value="https://icedtea.classpath.org/bugzilla"/>
    <property name="java.io.tmpdir" value="/tmp"/>
    <property name="require.test.libhadoop" value=""/>
    <property name="java.version" value="1.8.0_212"/>
    <property name="user.dir" value="/workdir/hadoop-ozone/integration-test"/>
    <property name="os.arch" value="amd64"/>
    <property name="java.vm.specification.name" value="Java Virtual Machine Specification"/>
    <property name="test.build.classes" value="/workdir/hadoop-ozone/integration-test/target/test-classes"/>
    <property name="java.awt.printerjob" value="sun.print.PSPrinterJob"/>
    <property name="sun.os.patch.level" value="unknown"/>
    <property name="hadoop.tmp.dir" value="/workdir/hadoop-ozone/integration-test/target/tmp"/>
    <property name="java.library.path" value="/usr/lib/jvm/java-1.8-openjdk/jre/lib/amd64/server:/usr/lib/jvm/java-1.8-openjdk/jre/lib/amd64:/usr/lib/jvm/java-1.8-openjdk/jre/../lib/amd64:/workdir/hadoop-ozone/integration-test/target/native/target/usr/local/lib:/workdir/hadoop-ozone/integration-test/../../hadoop-common-project/hadoop-common/target/native/target/usr/local/lib:/usr/java/packages/lib/amd64:/usr/lib64:/lib64:/lib:/usr/lib"/>
    <property name="java.vm.info" value="mixed mode"/>
    <property name="java.vendor" value="IcedTea"/>
    <property name="java.vm.version" value="25.212-b04"/>
    <property name="java.ext.dirs" value="/usr/lib/jvm/java-1.8-openjdk/jre/lib/ext:/usr/java/packages/lib/ext"/>
    <property name="sun.io.unicode.encoding" value="UnicodeLittle"/>
    <property name="java.class.version" value="52.0"/>
  </properties>
  <testcase name="test2DatanodesFailure" classname="org.apache.hadoop.ozone.client.rpc.TestBlockOutputStreamWithFailures" time="105.509"/>
  <testcase name="testDatanodeFailureWithPreAllocation" classname="org.apache.hadoop.ozone.client.rpc.TestBlockOutputStreamWithFailures" time="224.494"/>
  <testcase name="testDatanodeFailureWithSingleNodeRatis" classname="org.apache.hadoop.ozone.client.rpc.TestBlockOutputStreamWithFailures" time="222.749"/>
  <testcase name="testWatchForCommitWithSingleNodeRatis" classname="org.apache.hadoop.ozone.client.rpc.TestBlockOutputStreamWithFailures" time="36.007"/>
  <testcase name="testWatchForCommitDatanodeFailure" classname="org.apache.hadoop.ozone.client.rpc.TestBlockOutputStreamWithFailures" time="49.169">
    <failure message="expected:&lt;2&gt; but was:&lt;3&gt;" type="java.lang.AssertionError"><![CDATA[java.lang.AssertionError: expected:<2> but was:<3>
	at org.junit.Assert.fail(Assert.java:88)
	at org.junit.Assert.failNotEquals(Assert.java:743)
	at org.junit.Assert.assertEquals(Assert.java:118)
	at org.junit.Assert.assertEquals(Assert.java:555)
	at org.junit.Assert.assertEquals(Assert.java:542)
	at org.apache.hadoop.ozone.client.rpc.TestBlockOutputStreamWithFailures.testWatchForCommitDatanodeFailure(TestBlockOutputStreamWithFailures.java:366)
	at sun.reflect.NativeMethodAccessorImpl.invoke0(Native Method)
	at sun.reflect.NativeMethodAccessorImpl.invoke(NativeMethodAccessorImpl.java:62)
	at sun.reflect.DelegatingMethodAccessorImpl.invoke(DelegatingMethodAccessorImpl.java:43)
	at java.lang.reflect.Method.invoke(Method.java:498)
	at org.junit.runners.model.FrameworkMethod$1.runReflectiveCall(FrameworkMethod.java:47)
	at org.junit.internal.runners.model.ReflectiveCallable.run(ReflectiveCallable.java:12)
	at org.junit.runners.model.FrameworkMethod.invokeExplosively(FrameworkMethod.java:44)
	at org.junit.internal.runners.statements.InvokeMethod.evaluate(InvokeMethod.java:17)
	at org.junit.internal.runners.statements.RunBefores.evaluate(RunBefores.java:26)
	at org.junit.internal.runners.statements.RunAfters.evaluate(RunAfters.java:27)
	at org.junit.runners.ParentRunner.runLeaf(ParentRunner.java:271)
	at org.junit.runners.BlockJUnit4ClassRunner.runChild(BlockJUnit4ClassRunner.java:70)
	at org.junit.runners.BlockJUnit4ClassRunner.runChild(BlockJUnit4ClassRunner.java:50)
	at org.junit.runners.ParentRunner$3.run(ParentRunner.java:238)
	at org.junit.runners.ParentRunner$1.schedule(ParentRunner.java:63)
	at org.junit.runners.ParentRunner.runChildren(ParentRunner.java:236)
	at org.junit.runners.ParentRunner.access$000(ParentRunner.java:53)
	at org.junit.runners.ParentRunner$2.evaluate(ParentRunner.java:229)
	at org.junit.runners.ParentRunner.run(ParentRunner.java:309)
	at org.apache.maven.surefire.junit4.JUnit4Provider.execute(JUnit4Provider.java:365)
	at org.apache.maven.surefire.junit4.JUnit4Provider.executeWithRerun(JUnit4Provider.java:273)
	at org.apache.maven.surefire.junit4.JUnit4Provider.executeTestSet(JUnit4Provider.java:238)
	at org.apache.maven.surefire.junit4.JUnit4Provider.invoke(JUnit4Provider.java:159)
	at org.apache.maven.surefire.booter.ForkedBooter.invokeProviderInSameClassLoader(ForkedBooter.java:384)
	at org.apache.maven.surefire.booter.ForkedBooter.runSuitesInProcess(ForkedBooter.java:345)
	at org.apache.maven.surefire.booter.ForkedBooter.execute(ForkedBooter.java:126)
	at org.apache.maven.surefire.booter.ForkedBooter.main(ForkedBooter.java:418)
]]></failure>
    <system-out><![CDATA[2019-09-28 06:43:29,708 [main] WARN  server.ServerUtils (ServerUtils.java:getScmDbDir(145)) - ozone.scm.db.dirs is not configured. We recommend adding this setting. Falling back to ozone.metadata.dirs instead.
2019-09-28 06:43:29,740 [main] WARN  server.ServerUtils (ServerUtils.java:getScmDbDir(145)) - ozone.scm.db.dirs is not configured. We recommend adding this setting. Falling back to ozone.metadata.dirs instead.
2019-09-28 06:43:29,741 [main] WARN  server.ServerUtils (ServerUtils.java:getScmDbDir(145)) - ozone.scm.db.dirs is not configured. We recommend adding this setting. Falling back to ozone.metadata.dirs instead.
2019-09-28 06:43:29,741 [main] INFO  db.DBStoreBuilder (DBStoreBuilder.java:addTable(110)) - using custom profile for table: deletedBlocks
2019-09-28 06:43:29,742 [main] INFO  db.DBStoreBuilder (DBStoreBuilder.java:processTables(161)) - Using default column profile:DBProfile.DISK for Table:deletedBlocks
2019-09-28 06:43:29,742 [main] INFO  db.DBStoreBuilder (DBStoreBuilder.java:addTable(110)) - using custom profile for table: validCerts
2019-09-28 06:43:29,742 [main] INFO  db.DBStoreBuilder (DBStoreBuilder.java:processTables(161)) - Using default column profile:DBProfile.DISK for Table:validCerts
2019-09-28 06:43:29,743 [main] INFO  db.DBStoreBuilder (DBStoreBuilder.java:addTable(110)) - using custom profile for table: revokedCerts
2019-09-28 06:43:29,743 [main] INFO  db.DBStoreBuilder (DBStoreBuilder.java:processTables(161)) - Using default column profile:DBProfile.DISK for Table:revokedCerts
2019-09-28 06:43:29,743 [main] INFO  db.DBStoreBuilder (DBStoreBuilder.java:addTable(110)) - using custom profile for table: default
2019-09-28 06:43:29,743 [main] INFO  db.DBStoreBuilder (DBStoreBuilder.java:processTables(167)) - Using default column profile:DBProfile.DISK for Table:default
2019-09-28 06:43:29,743 [main] INFO  db.DBStoreBuilder (DBStoreBuilder.java:getDbProfile(198)) - Using default options. DBProfile.DISK
2019-09-28 06:43:30,065 [main] INFO  net.NodeSchemaLoader (NodeSchemaLoader.java:loadSchemaFromFile(125)) - Loading file from sun.misc.CompoundEnumeration@5438fa43
2019-09-28 06:43:30,065 [main] INFO  net.NodeSchemaLoader (NodeSchemaLoader.java:loadSchema(171)) - Loading network topology layer schema file
2019-09-28 06:43:30,072 [main] INFO  node.SCMNodeManager (SCMNodeManager.java:<init>(114)) - Entering startup safe mode.
2019-09-28 06:43:30,072 [main] INFO  algorithms.ContainerPlacementPolicyFactory (ContainerPlacementPolicyFactory.java:getPolicy(57)) - Create container placement policy of type org.apache.hadoop.hdds.scm.container.placement.algorithms.SCMContainerPlacementRandom
2019-09-28 06:43:30,073 [main] WARN  server.ServerUtils (ServerUtils.java:getScmDbDir(145)) - ozone.scm.db.dirs is not configured. We recommend adding this setting. Falling back to ozone.metadata.dirs instead.
2019-09-28 06:43:30,239 [main] INFO  pipeline.SCMPipelineManager (SCMPipelineManager.java:initializePipelineState(132)) - No pipeline exists in current db
2019-09-28 06:43:30,239 [main] WARN  server.ServerUtils (ServerUtils.java:getScmDbDir(145)) - ozone.scm.db.dirs is not configured. We recommend adding this setting. Falling back to ozone.metadata.dirs instead.
2019-09-28 06:43:30,377 [main] WARN  events.EventQueue (EventQueue.java:fireEvent(183)) - No event handler registered for event TypedEvent{payloadType=SafeModeStatus, name='SafeModeStatus'}
2019-09-28 06:43:30,378 [main] INFO  ipc.CallQueueManager (CallQueueManager.java:<init>(84)) - Using callQueue: class java.util.concurrent.LinkedBlockingQueue, queueCapacity: 2000, scheduler: class org.apache.hadoop.ipc.DefaultRpcScheduler, ipcBackoff: false.
2019-09-28 06:43:30,379 [Socket Reader #1 for port 32962] INFO  ipc.Server (Server.java:run(1074)) - Starting Socket Reader #1 for port 32962
2019-09-28 06:43:30,382 [main] INFO  ipc.CallQueueManager (CallQueueManager.java:<init>(84)) - Using callQueue: class java.util.concurrent.LinkedBlockingQueue, queueCapacity: 2000, scheduler: class org.apache.hadoop.ipc.DefaultRpcScheduler, ipcBackoff: false.
2019-09-28 06:43:30,383 [Socket Reader #1 for port 33659] INFO  ipc.Server (Server.java:run(1074)) - Starting Socket Reader #1 for port 33659
2019-09-28 06:43:30,384 [main] INFO  ipc.CallQueueManager (CallQueueManager.java:<init>(84)) - Using callQueue: class java.util.concurrent.LinkedBlockingQueue, queueCapacity: 2000, scheduler: class org.apache.hadoop.ipc.DefaultRpcScheduler, ipcBackoff: false.
2019-09-28 06:43:30,385 [Socket Reader #1 for port 37933] INFO  ipc.Server (Server.java:run(1074)) - Starting Socket Reader #1 for port 37933
2019-09-28 06:43:30,388 [main] INFO  hdfs.DFSUtil (DFSUtil.java:httpServerTemplateForNNAndJN(1641)) - Starting Web-server for scm at: http://0.0.0.0:0
2019-09-28 06:43:30,389 [main] INFO  server.AuthenticationFilter (AuthenticationFilter.java:constructSecretProvider(240)) - Unable to initialize FileSignerSecretProvider, falling back to use random secrets.
2019-09-28 06:43:30,390 [main] WARN  http.HttpRequestLog (HttpRequestLog.java:getRequestLog(97)) - Jetty request log can only be enabled using Log4j
2019-09-28 06:43:30,392 [main] INFO  http.HttpServer2 (HttpServer2.java:addGlobalFilter(975)) - Added global filter 'safety' (class=org.apache.hadoop.http.HttpServer2$QuotingInputFilter)
2019-09-28 06:43:30,393 [main] INFO  http.HttpServer2 (HttpServer2.java:addFilter(948)) - Added filter static_user_filter (class=org.apache.hadoop.http.lib.StaticUserWebFilter$StaticUserFilter) to context scm
2019-09-28 06:43:30,393 [main] INFO  http.HttpServer2 (HttpServer2.java:addFilter(958)) - Added filter static_user_filter (class=org.apache.hadoop.http.lib.StaticUserWebFilter$StaticUserFilter) to context logs
2019-09-28 06:43:30,393 [main] INFO  http.HttpServer2 (HttpServer2.java:addFilter(958)) - Added filter static_user_filter (class=org.apache.hadoop.http.lib.StaticUserWebFilter$StaticUserFilter) to context static
2019-09-28 06:43:30,395 [main] INFO  server.StorageContainerManager (StorageContainerManager.java:start(770)) - StorageContainerLocationProtocol RPC server is listening at /0.0.0.0:37933
2019-09-28 06:43:30,397 [main] WARN  impl.MetricsConfig (MetricsConfig.java:loadFirst(134)) - Cannot locate configuration: tried hadoop-metrics2-storagecontainermanager.properties,hadoop-metrics2.properties
2019-09-28 06:43:30,398 [main] INFO  impl.MetricsSystemImpl (MetricsSystemImpl.java:startTimer(374)) - Scheduled Metric snapshot period at 10 second(s).
2019-09-28 06:43:30,398 [main] INFO  impl.MetricsSystemImpl (MetricsSystemImpl.java:start(191)) - StorageContainerManager metrics system started
2019-09-28 06:43:30,465 [main] WARN  impl.MetricsSystemImpl (MetricsSystemImpl.java:register(276)) - Sink prometheus already exists!
2019-09-28 06:43:30,551 [main] INFO  server.SCMClientProtocolServer (SCMClientProtocolServer.java:start(150)) - RPC server for Client  is listening at /0.0.0.0:37933
2019-09-28 06:43:30,552 [IPC Server Responder] INFO  ipc.Server (Server.java:run(1314)) - IPC Server Responder: starting
2019-09-28 06:43:30,552 [IPC Server listener on 37933] INFO  ipc.Server (Server.java:run(1153)) - IPC Server listener on 37933: starting
2019-09-28 06:43:30,557 [main] INFO  server.StorageContainerManager (StorageContainerManager.java:start(780)) - ScmBlockLocationProtocol RPC server is listening at /0.0.0.0:33659
2019-09-28 06:43:30,558 [main] INFO  server.SCMBlockProtocolServer (SCMBlockProtocolServer.java:start(146)) - RPC server for Block Protocol is listening at /0.0.0.0:33659
2019-09-28 06:43:30,558 [IPC Server Responder] INFO  ipc.Server (Server.java:run(1314)) - IPC Server Responder: starting
2019-09-28 06:43:30,558 [IPC Server listener on 33659] INFO  ipc.Server (Server.java:run(1153)) - IPC Server listener on 33659: starting
2019-09-28 06:43:30,564 [main] INFO  server.StorageContainerManager (StorageContainerManager.java:start(784)) - ScmDatanodeProtocl RPC server is listening at /0.0.0.0:32962
2019-09-28 06:43:30,564 [main] INFO  server.SCMDatanodeProtocolServer (SCMDatanodeProtocolServer.java:start(191)) - RPC server for DataNodes is listening at /0.0.0.0:32962
2019-09-28 06:43:30,564 [IPC Server Responder] INFO  ipc.Server (Server.java:run(1314)) - IPC Server Responder: starting
2019-09-28 06:43:30,565 [IPC Server listener on 32962] INFO  ipc.Server (Server.java:run(1153)) - IPC Server listener on 32962: starting
2019-09-28 06:43:30,573 [main] INFO  http.HttpServer2 (HttpServer2.java:bindListener(1191)) - Jetty bound to port 33482
2019-09-28 06:43:30,573 [main] INFO  server.Server (Server.java:doStart(351)) - jetty-9.3.25.v20180904, build timestamp: 2018-09-04T21:11:46Z, git hash: 3ce520221d0240229c862b122d2b06c12a625732
2019-09-28 06:43:30,575 [main] INFO  handler.ContextHandler (ContextHandler.java:doStart(781)) - Started o.e.j.s.ServletContextHandler@38ac8968{/logs,file:///workdir/hadoop-ozone/integration-test/target/log,AVAILABLE}
2019-09-28 06:43:30,576 [main] INFO  handler.ContextHandler (ContextHandler.java:doStart(781)) - Started o.e.j.s.ServletContextHandler@6c951ada{/static,file:///workdir/hadoop-ozone/integration-test/target/test-classes/webapps/static,AVAILABLE}
2019-09-28 06:43:30,581 [main] INFO  handler.ContextHandler (ContextHandler.java:doStart(781)) - Started o.e.j.w.WebAppContext@6314df3c{/,file:///workdir/hadoop-ozone/integration-test/target/test-classes/webapps/scm/,AVAILABLE}{/scm}
2019-09-28 06:43:30,581 [main] INFO  server.AbstractConnector (AbstractConnector.java:doStart(278)) - Started ServerConnector@5785e813{HTTP/1.1,[http/1.1]}{0.0.0.0:33482}
2019-09-28 06:43:30,582 [main] INFO  server.Server (Server.java:doStart(419)) - Started @590262ms
2019-09-28 06:43:30,583 [main] WARN  impl.MetricsSystemImpl (MetricsSystemImpl.java:register(276)) - Sink prometheus already exists!
2019-09-28 06:43:30,583 [main] INFO  server.BaseHttpServer (BaseHttpServer.java:updateConnectorAddress(215)) - HTTP server of SCM is listening at http://0.0.0.0:33482
2019-09-28 06:43:30,584 [main] WARN  server.ServerUtils (ServerUtils.java:getDBPath(222)) - ozone.om.db.dirs is not configured. We recommend adding this setting. Falling back to ozone.metadata.dirs instead.
2019-09-28 06:43:30,585 [org.apache.hadoop.util.JvmPauseMonitor$Monitor@6d294ddc] INFO  util.JvmPauseMonitor (JvmPauseMonitor.java:run(188)) - Starting JVM pause monitor
2019-09-28 06:43:30,615 [main] WARN  server.ServerUtils (ServerUtils.java:getDBPath(222)) - ozone.om.db.dirs is not configured. We recommend adding this setting. Falling back to ozone.metadata.dirs instead.
2019-09-28 06:43:30,615 [main] WARN  server.ServerUtils (ServerUtils.java:getDBPath(222)) - ozone.om.db.dirs is not configured. We recommend adding this setting. Falling back to ozone.metadata.dirs instead.
2019-09-28 06:43:30,616 [main] INFO  om.OzoneManager (OzoneManager.java:setOMNodeDetails(652)) - OM Service ID is not set. Setting it to the default ID: omServiceIdDefault
2019-09-28 06:43:30,616 [main] INFO  om.OzoneManager (OzoneManager.java:setOMNodeDetails(658)) - OM Node ID is not set. Setting it to the OmStorage's OmID: bada1790-0372-40c3-ac78-c75153c80a52
2019-09-28 06:43:30,616 [main] INFO  om.OzoneManager (OzoneManager.java:loadOMHAConfigs(609)) - Found matching OM address with OMServiceId: null, OMNodeId: null, RPC Address: localhost:0 and Ratis port: 9872
2019-09-28 06:43:30,624 [main] WARN  server.ServerUtils (ServerUtils.java:getDBPath(222)) - ozone.om.db.dirs is not configured. We recommend adding this setting. Falling back to ozone.metadata.dirs instead.
2019-09-28 06:43:30,624 [main] INFO  db.DBStoreBuilder (DBStoreBuilder.java:addTable(110)) - using custom profile for table: userTable
2019-09-28 06:43:30,625 [main] INFO  db.DBStoreBuilder (DBStoreBuilder.java:processTables(161)) - Using default column profile:DBProfile.DISK for Table:userTable
2019-09-28 06:43:30,625 [main] INFO  db.DBStoreBuilder (DBStoreBuilder.java:addTable(110)) - using custom profile for table: volumeTable
2019-09-28 06:43:30,625 [main] INFO  db.DBStoreBuilder (DBStoreBuilder.java:processTables(161)) - Using default column profile:DBProfile.DISK for Table:volumeTable
2019-09-28 06:43:30,625 [main] INFO  db.DBStoreBuilder (DBStoreBuilder.java:addTable(110)) - using custom profile for table: bucketTable
2019-09-28 06:43:30,625 [main] INFO  db.DBStoreBuilder (DBStoreBuilder.java:processTables(161)) - Using default column profile:DBProfile.DISK for Table:bucketTable
2019-09-28 06:43:30,626 [main] INFO  db.DBStoreBuilder (DBStoreBuilder.java:addTable(110)) - using custom profile for table: keyTable
2019-09-28 06:43:30,626 [main] INFO  db.DBStoreBuilder (DBStoreBuilder.java:processTables(161)) - Using default column profile:DBProfile.DISK for Table:keyTable
2019-09-28 06:43:30,626 [main] INFO  db.DBStoreBuilder (DBStoreBuilder.java:addTable(110)) - using custom profile for table: deletedTable
2019-09-28 06:43:30,626 [main] INFO  db.DBStoreBuilder (DBStoreBuilder.java:processTables(161)) - Using default column profile:DBProfile.DISK for Table:deletedTable
2019-09-28 06:43:30,626 [main] INFO  db.DBStoreBuilder (DBStoreBuilder.java:addTable(110)) - using custom profile for table: openKeyTable
2019-09-28 06:43:30,626 [main] INFO  db.DBStoreBuilder (DBStoreBuilder.java:processTables(161)) - Using default column profile:DBProfile.DISK for Table:openKeyTable
2019-09-28 06:43:30,627 [main] INFO  db.DBStoreBuilder (DBStoreBuilder.java:addTable(110)) - using custom profile for table: s3Table
2019-09-28 06:43:30,627 [main] INFO  db.DBStoreBuilder (DBStoreBuilder.java:processTables(161)) - Using default column profile:DBProfile.DISK for Table:s3Table
2019-09-28 06:43:30,627 [main] INFO  db.DBStoreBuilder (DBStoreBuilder.java:addTable(110)) - using custom profile for table: multipartInfoTable
2019-09-28 06:43:30,627 [main] INFO  db.DBStoreBuilder (DBStoreBuilder.java:processTables(161)) - Using default column profile:DBProfile.DISK for Table:multipartInfoTable
2019-09-28 06:43:30,627 [main] INFO  db.DBStoreBuilder (DBStoreBuilder.java:addTable(110)) - using custom profile for table: dTokenTable
2019-09-28 06:43:30,628 [main] INFO  db.DBStoreBuilder (DBStoreBuilder.java:processTables(161)) - Using default column profile:DBProfile.DISK for Table:dTokenTable
2019-09-28 06:43:30,628 [main] INFO  db.DBStoreBuilder (DBStoreBuilder.java:addTable(110)) - using custom profile for table: s3SecretTable
2019-09-28 06:43:30,628 [main] INFO  db.DBStoreBuilder (DBStoreBuilder.java:processTables(161)) - Using default column profile:DBProfile.DISK for Table:s3SecretTable
2019-09-28 06:43:30,628 [main] INFO  db.DBStoreBuilder (DBStoreBuilder.java:addTable(110)) - using custom profile for table: prefixTable
2019-09-28 06:43:30,628 [main] INFO  db.DBStoreBuilder (DBStoreBuilder.java:processTables(161)) - Using default column profile:DBProfile.DISK for Table:prefixTable
2019-09-28 06:43:30,628 [main] INFO  db.DBStoreBuilder (DBStoreBuilder.java:addTable(110)) - using custom profile for table: default
2019-09-28 06:43:30,629 [main] INFO  db.DBStoreBuilder (DBStoreBuilder.java:processTables(167)) - Using default column profile:DBProfile.DISK for Table:default
2019-09-28 06:43:30,629 [main] INFO  db.DBStoreBuilder (DBStoreBuilder.java:getDbProfile(198)) - Using default options. DBProfile.DISK
2019-09-28 06:43:31,477 [main] INFO  ipc.CallQueueManager (CallQueueManager.java:<init>(84)) - Using callQueue: class java.util.concurrent.LinkedBlockingQueue, queueCapacity: 2000, scheduler: class org.apache.hadoop.ipc.DefaultRpcScheduler, ipcBackoff: false.
2019-09-28 06:43:31,478 [Socket Reader #1 for port 44651] INFO  ipc.Server (Server.java:run(1074)) - Starting Socket Reader #1 for port 44651
2019-09-28 06:43:31,493 [main] INFO  om.OzoneManager (OzoneManager.java:start(1243)) - OzoneManager RPC server is listening at localhost/127.0.0.1:44651
2019-09-28 06:43:31,493 [main] INFO  impl.MetricsSystemImpl (MetricsSystemImpl.java:init(158)) - OzoneManager metrics system started (again)
2019-09-28 06:43:31,494 [IPC Server Responder] INFO  ipc.Server (Server.java:run(1314)) - IPC Server Responder: starting
2019-09-28 06:43:31,494 [IPC Server listener on 44651] INFO  ipc.Server (Server.java:run(1153)) - IPC Server listener on 44651: starting
2019-09-28 06:43:31,500 [main] INFO  hdfs.DFSUtil (DFSUtil.java:httpServerTemplateForNNAndJN(1641)) - Starting Web-server for ozoneManager at: http://0.0.0.0:0
2019-09-28 06:43:31,502 [main] INFO  server.AuthenticationFilter (AuthenticationFilter.java:constructSecretProvider(240)) - Unable to initialize FileSignerSecretProvider, falling back to use random secrets.
2019-09-28 06:43:31,502 [main] WARN  http.HttpRequestLog (HttpRequestLog.java:getRequestLog(97)) - Jetty request log can only be enabled using Log4j
2019-09-28 06:43:31,504 [main] INFO  http.HttpServer2 (HttpServer2.java:addGlobalFilter(975)) - Added global filter 'safety' (class=org.apache.hadoop.http.HttpServer2$QuotingInputFilter)
2019-09-28 06:43:31,505 [main] INFO  http.HttpServer2 (HttpServer2.java:addFilter(948)) - Added filter static_user_filter (class=org.apache.hadoop.http.lib.StaticUserWebFilter$StaticUserFilter) to context ozoneManager
2019-09-28 06:43:31,505 [main] INFO  http.HttpServer2 (HttpServer2.java:addFilter(958)) - Added filter static_user_filter (class=org.apache.hadoop.http.lib.StaticUserWebFilter$StaticUserFilter) to context static
2019-09-28 06:43:31,505 [main] INFO  http.HttpServer2 (HttpServer2.java:addFilter(958)) - Added filter static_user_filter (class=org.apache.hadoop.http.lib.StaticUserWebFilter$StaticUserFilter) to context logs
2019-09-28 06:43:31,506 [main] INFO  http.HttpServer2 (HttpServer2.java:bindListener(1191)) - Jetty bound to port 36444
2019-09-28 06:43:31,506 [main] INFO  server.Server (Server.java:doStart(351)) - jetty-9.3.25.v20180904, build timestamp: 2018-09-04T21:11:46Z, git hash: 3ce520221d0240229c862b122d2b06c12a625732
2019-09-28 06:43:31,507 [main] INFO  handler.ContextHandler (ContextHandler.java:doStart(781)) - Started o.e.j.s.ServletContextHandler@1c5d3a37{/logs,file:///workdir/hadoop-ozone/integration-test/target/log,AVAILABLE}
2019-09-28 06:43:31,508 [main] INFO  handler.ContextHandler (ContextHandler.java:doStart(781)) - Started o.e.j.s.ServletContextHandler@2b43f314{/static,file:///workdir/hadoop-ozone/integration-test/target/test-classes/webapps/static,AVAILABLE}
2019-09-28 06:43:31,512 [main] INFO  handler.ContextHandler (ContextHandler.java:doStart(781)) - Started o.e.j.w.WebAppContext@36c07c75{/,file:///workdir/hadoop-ozone/integration-test/target/test-classes/webapps/ozoneManager/,AVAILABLE}{/ozoneManager}
2019-09-28 06:43:31,512 [main] INFO  server.AbstractConnector (AbstractConnector.java:doStart(278)) - Started ServerConnector@6750e381{HTTP/1.1,[http/1.1]}{0.0.0.0:36444}
2019-09-28 06:43:31,514 [main] INFO  server.Server (Server.java:doStart(419)) - Started @591194ms
2019-09-28 06:43:31,514 [main] WARN  impl.MetricsSystemImpl (MetricsSystemImpl.java:register(276)) - Sink prometheus already exists!
2019-09-28 06:43:31,515 [main] INFO  server.BaseHttpServer (BaseHttpServer.java:updateConnectorAddress(215)) - HTTP server of OZONEMANAGER is listening at http://0.0.0.0:36444
2019-09-28 06:43:31,530 [main] INFO  impl.MetricsSystemImpl (MetricsSystemImpl.java:init(158)) - HddsDatanode metrics system started (again)
2019-09-28 06:43:31,533 [main] INFO  ozone.HddsDatanodeService (HddsDatanodeService.java:start(184)) - HddsDatanodeService host:pr-hdds-2140-hhr7w-2843136654 ip:192.168.30.10
2019-09-28 06:43:31,540 [main] INFO  volume.HddsVolume (HddsVolume.java:<init>(176)) - Creating Volume: /workdir/hadoop-ozone/integration-test/target/test-dir/MiniOzoneClusterImpl-5ef598d8-4f4c-4550-8452-dcb673683f2c/datanode-0/data/containers/hdds of  storage type : DISK and capacity : 1482555576320
2019-09-28 06:43:31,541 [main] INFO  volume.VolumeSet (VolumeSet.java:initializeVolumeSet(170)) - Added Volume : /workdir/hadoop-ozone/integration-test/target/test-dir/MiniOzoneClusterImpl-5ef598d8-4f4c-4550-8452-dcb673683f2c/datanode-0/data/containers/hdds to VolumeSet
2019-09-28 06:43:31,541 [main] INFO  volume.ThrottledAsyncChecker (ThrottledAsyncChecker.java:schedule(139)) - Scheduling a check for org.apache.hadoop.ozone.container.common.volume.HddsVolume@4137aab0
2019-09-28 06:43:31,542 [main] INFO  volume.HddsVolumeChecker (HddsVolumeChecker.java:checkAllVolumes(202)) - Scheduled health check for volume org.apache.hadoop.ozone.container.common.volume.HddsVolume@4137aab0
2019-09-28 06:43:31,557 [main] INFO  impl.RaftServerProxy (ConfUtils.java:logGet(43)) - raft.rpc.type = GRPC (default)
2019-09-28 06:43:31,557 [main] INFO  grpc.GrpcFactory (GrpcFactory.java:checkPooledByteBufAllocatorUseCacheForAllThreads(45)) - PERFORMANCE WARNING: useCacheForAllThreads is true that may cause Netty to create a lot garbage objects and, as a result, trigger GC.
	It is recommended to disable useCacheForAllThreads by setting -Dorg.apache.ratis.thirdparty.io.netty.allocator.useCacheForAllThreads=false in command line.
2019-09-28 06:43:31,557 [main] INFO  grpc.GrpcConfigKeys$Server (ConfUtils.java:logGet(43)) - raft.grpc.server.port = 0 (default)
2019-09-28 06:43:31,558 [main] INFO  server.GrpcService (ConfUtils.java:logGet(43)) - raft.grpc.message.size.max = 33570816 (custom)
2019-09-28 06:43:31,558 [main] INFO  server.RaftServerConfigKeys (ConfUtils.java:logGet(43)) - raft.server.log.appender.buffer.byte-limit = 33554432 (custom)
2019-09-28 06:43:31,558 [main] INFO  server.GrpcService (ConfUtils.java:logGet(43)) - raft.grpc.flow.control.window = 1MB (=1048576) (default)
2019-09-28 06:43:31,558 [main] INFO  server.RaftServerConfigKeys (ConfUtils.java:logGet(43)) - raft.server.rpc.request.timeout = 3000ms (default)
2019-09-28 06:43:31,559 [main] INFO  server.RaftServerConfigKeys (ConfUtils.java:logGet(43)) - raft.server.storage.dir = [/workdir/hadoop-ozone/integration-test/target/test-dir/MiniOzoneClusterImpl-5ef598d8-4f4c-4550-8452-dcb673683f2c/datanode-0/data/ratis] (custom)
2019-09-28 06:43:31,560 [main] INFO  hdfs.DFSUtil (DFSUtil.java:httpServerTemplateForNNAndJN(1641)) - Starting Web-server for hddsDatanode at: http://0.0.0.0:0
2019-09-28 06:43:31,562 [main] INFO  server.AuthenticationFilter (AuthenticationFilter.java:constructSecretProvider(240)) - Unable to initialize FileSignerSecretProvider, falling back to use random secrets.
2019-09-28 06:43:31,562 [main] WARN  http.HttpRequestLog (HttpRequestLog.java:getRequestLog(97)) - Jetty request log can only be enabled using Log4j
2019-09-28 06:43:31,564 [main] INFO  http.HttpServer2 (HttpServer2.java:addGlobalFilter(975)) - Added global filter 'safety' (class=org.apache.hadoop.http.HttpServer2$QuotingInputFilter)
2019-09-28 06:43:31,564 [main] INFO  http.HttpServer2 (HttpServer2.java:addFilter(948)) - Added filter static_user_filter (class=org.apache.hadoop.http.lib.StaticUserWebFilter$StaticUserFilter) to context hddsDatanode
2019-09-28 06:43:31,564 [main] INFO  http.HttpServer2 (HttpServer2.java:addFilter(958)) - Added filter static_user_filter (class=org.apache.hadoop.http.lib.StaticUserWebFilter$StaticUserFilter) to context logs
2019-09-28 06:43:31,564 [main] INFO  http.HttpServer2 (HttpServer2.java:addFilter(958)) - Added filter static_user_filter (class=org.apache.hadoop.http.lib.StaticUserWebFilter$StaticUserFilter) to context static
2019-09-28 06:43:31,565 [main] INFO  http.HttpServer2 (HttpServer2.java:bindListener(1191)) - Jetty bound to port 42859
2019-09-28 06:43:31,565 [main] INFO  server.Server (Server.java:doStart(351)) - jetty-9.3.25.v20180904, build timestamp: 2018-09-04T21:11:46Z, git hash: 3ce520221d0240229c862b122d2b06c12a625732
2019-09-28 06:43:31,567 [main] INFO  handler.ContextHandler (ContextHandler.java:doStart(781)) - Started o.e.j.s.ServletContextHandler@656842bc{/logs,file:///workdir/hadoop-ozone/integration-test/target/log,AVAILABLE}
2019-09-28 06:43:31,567 [main] INFO  handler.ContextHandler (ContextHandler.java:doStart(781)) - Started o.e.j.s.ServletContextHandler@3dec3f87{/static,jar:file:/home/user/.m2/repository/org/apache/hadoop/hadoop-hdds-container-service/0.5.0-SNAPSHOT/hadoop-hdds-container-service-0.5.0-SNAPSHOT.jar!/webapps/static,AVAILABLE}
2019-09-28 06:43:31,611 [main] INFO  handler.ContextHandler (ContextHandler.java:doStart(781)) - Started o.e.j.w.WebAppContext@238291d4{/,file:///tmp/jetty-0.0.0.0-42859-hddsDatanode-_-any-8280921992520345823.dir/webapp/,AVAILABLE}{/hddsDatanode}
2019-09-28 06:43:31,612 [main] INFO  server.AbstractConnector (AbstractConnector.java:doStart(278)) - Started ServerConnector@34edd065{HTTP/1.1,[http/1.1]}{0.0.0.0:42859}
2019-09-28 06:43:31,613 [main] INFO  server.Server (Server.java:doStart(419)) - Started @591293ms
2019-09-28 06:43:31,613 [main] WARN  impl.MetricsSystemImpl (MetricsSystemImpl.java:register(276)) - Sink prometheus already exists!
2019-09-28 06:43:31,614 [main] INFO  server.BaseHttpServer (BaseHttpServer.java:updateConnectorAddress(215)) - HTTP server of HDDSDATANODE is listening at http://0.0.0.0:42859
2019-09-28 06:43:31,614 [main] INFO  impl.MetricsSystemImpl (MetricsSystemImpl.java:init(158)) - HddsDatanode metrics system started (again)
2019-09-28 06:43:31,618 [org.apache.hadoop.util.JvmPauseMonitor$Monitor@69a8b17e] INFO  util.JvmPauseMonitor (JvmPauseMonitor.java:run(188)) - Starting JVM pause monitor
2019-09-28 06:43:31,618 [main] INFO  ozone.HddsDatanodeService (HddsDatanodeService.java:start(184)) - HddsDatanodeService host:pr-hdds-2140-hhr7w-2843136654 ip:192.168.30.10
2019-09-28 06:43:31,620 [Datanode State Machine Thread - 0] INFO  datanode.InitDatanodeState (InitDatanodeState.java:persistContainerDatanodeDetails(140)) - DatanodeDetails is persisted to /workdir/hadoop-ozone/integration-test/target/test-dir/MiniOzoneClusterImpl-5ef598d8-4f4c-4550-8452-dcb673683f2c/datanode-0/meta/datanode.id
2019-09-28 06:43:31,625 [main] INFO  volume.HddsVolume (HddsVolume.java:<init>(176)) - Creating Volume: /workdir/hadoop-ozone/integration-test/target/test-dir/MiniOzoneClusterImpl-5ef598d8-4f4c-4550-8452-dcb673683f2c/datanode-1/data/containers/hdds of  storage type : DISK and capacity : 1482555576320
2019-09-28 06:43:31,625 [main] INFO  volume.VolumeSet (VolumeSet.java:initializeVolumeSet(170)) - Added Volume : /workdir/hadoop-ozone/integration-test/target/test-dir/MiniOzoneClusterImpl-5ef598d8-4f4c-4550-8452-dcb673683f2c/datanode-1/data/containers/hdds to VolumeSet
2019-09-28 06:43:31,625 [main] INFO  volume.ThrottledAsyncChecker (ThrottledAsyncChecker.java:schedule(139)) - Scheduling a check for org.apache.hadoop.ozone.container.common.volume.HddsVolume@2c06b113
2019-09-28 06:43:31,626 [main] INFO  volume.HddsVolumeChecker (HddsVolumeChecker.java:checkAllVolumes(202)) - Scheduled health check for volume org.apache.hadoop.ozone.container.common.volume.HddsVolume@2c06b113
2019-09-28 06:43:31,640 [main] INFO  impl.RaftServerProxy (ConfUtils.java:logGet(43)) - raft.rpc.type = GRPC (default)
2019-09-28 06:43:31,641 [main] INFO  grpc.GrpcFactory (GrpcFactory.java:checkPooledByteBufAllocatorUseCacheForAllThreads(45)) - PERFORMANCE WARNING: useCacheForAllThreads is true that may cause Netty to create a lot garbage objects and, as a result, trigger GC.
	It is recommended to disable useCacheForAllThreads by setting -Dorg.apache.ratis.thirdparty.io.netty.allocator.useCacheForAllThreads=false in command line.
2019-09-28 06:43:31,641 [main] INFO  grpc.GrpcConfigKeys$Server (ConfUtils.java:logGet(43)) - raft.grpc.server.port = 0 (default)
2019-09-28 06:43:31,641 [main] INFO  server.GrpcService (ConfUtils.java:logGet(43)) - raft.grpc.message.size.max = 33570816 (custom)
2019-09-28 06:43:31,641 [main] INFO  server.RaftServerConfigKeys (ConfUtils.java:logGet(43)) - raft.server.log.appender.buffer.byte-limit = 33554432 (custom)
2019-09-28 06:43:31,642 [main] INFO  server.GrpcService (ConfUtils.java:logGet(43)) - raft.grpc.flow.control.window = 1MB (=1048576) (default)
2019-09-28 06:43:31,642 [main] INFO  server.RaftServerConfigKeys (ConfUtils.java:logGet(43)) - raft.server.rpc.request.timeout = 3000ms (default)
2019-09-28 06:43:31,642 [main] INFO  server.RaftServerConfigKeys (ConfUtils.java:logGet(43)) - raft.server.storage.dir = [/workdir/hadoop-ozone/integration-test/target/test-dir/MiniOzoneClusterImpl-5ef598d8-4f4c-4550-8452-dcb673683f2c/datanode-1/data/ratis] (custom)
2019-09-28 06:43:31,643 [main] INFO  hdfs.DFSUtil (DFSUtil.java:httpServerTemplateForNNAndJN(1641)) - Starting Web-server for hddsDatanode at: http://0.0.0.0:0
2019-09-28 06:43:31,644 [main] INFO  server.AuthenticationFilter (AuthenticationFilter.java:constructSecretProvider(240)) - Unable to initialize FileSignerSecretProvider, falling back to use random secrets.
2019-09-28 06:43:31,645 [main] WARN  http.HttpRequestLog (HttpRequestLog.java:getRequestLog(97)) - Jetty request log can only be enabled using Log4j
2019-09-28 06:43:31,646 [main] INFO  http.HttpServer2 (HttpServer2.java:addGlobalFilter(975)) - Added global filter 'safety' (class=org.apache.hadoop.http.HttpServer2$QuotingInputFilter)
2019-09-28 06:43:31,647 [main] INFO  http.HttpServer2 (HttpServer2.java:addFilter(948)) - Added filter static_user_filter (class=org.apache.hadoop.http.lib.StaticUserWebFilter$StaticUserFilter) to context hddsDatanode
2019-09-28 06:43:31,647 [main] INFO  http.HttpServer2 (HttpServer2.java:addFilter(958)) - Added filter static_user_filter (class=org.apache.hadoop.http.lib.StaticUserWebFilter$StaticUserFilter) to context static
2019-09-28 06:43:31,647 [main] INFO  http.HttpServer2 (HttpServer2.java:addFilter(958)) - Added filter static_user_filter (class=org.apache.hadoop.http.lib.StaticUserWebFilter$StaticUserFilter) to context logs
2019-09-28 06:43:31,648 [main] INFO  http.HttpServer2 (HttpServer2.java:bindListener(1191)) - Jetty bound to port 46085
2019-09-28 06:43:31,648 [main] INFO  server.Server (Server.java:doStart(351)) - jetty-9.3.25.v20180904, build timestamp: 2018-09-04T21:11:46Z, git hash: 3ce520221d0240229c862b122d2b06c12a625732
2019-09-28 06:43:31,650 [main] INFO  handler.ContextHandler (ContextHandler.java:doStart(781)) - Started o.e.j.s.ServletContextHandler@78b03788{/logs,file:///workdir/hadoop-ozone/integration-test/target/log,AVAILABLE}
2019-09-28 06:43:31,650 [main] INFO  handler.ContextHandler (ContextHandler.java:doStart(781)) - Started o.e.j.s.ServletContextHandler@571a663c{/static,jar:file:/home/user/.m2/repository/org/apache/hadoop/hadoop-hdds-container-service/0.5.0-SNAPSHOT/hadoop-hdds-container-service-0.5.0-SNAPSHOT.jar!/webapps/static,AVAILABLE}
2019-09-28 06:43:31,691 [main] INFO  handler.ContextHandler (ContextHandler.java:doStart(781)) - Started o.e.j.w.WebAppContext@2484dbb7{/,file:///tmp/jetty-0.0.0.0-46085-hddsDatanode-_-any-744071630468434217.dir/webapp/,AVAILABLE}{/hddsDatanode}
2019-09-28 06:43:31,692 [main] INFO  server.AbstractConnector (AbstractConnector.java:doStart(278)) - Started ServerConnector@111cba40{HTTP/1.1,[http/1.1]}{0.0.0.0:46085}
2019-09-28 06:43:31,694 [main] INFO  server.Server (Server.java:doStart(419)) - Started @591374ms
2019-09-28 06:43:31,694 [main] WARN  impl.MetricsSystemImpl (MetricsSystemImpl.java:register(276)) - Sink prometheus already exists!
2019-09-28 06:43:31,695 [main] INFO  server.BaseHttpServer (BaseHttpServer.java:updateConnectorAddress(215)) - HTTP server of HDDSDATANODE is listening at http://0.0.0.0:46085
2019-09-28 06:43:31,695 [main] INFO  impl.MetricsSystemImpl (MetricsSystemImpl.java:init(158)) - HddsDatanode metrics system started (again)
2019-09-28 06:43:31,699 [org.apache.hadoop.util.JvmPauseMonitor$Monitor@5a25c979] INFO  util.JvmPauseMonitor (JvmPauseMonitor.java:run(188)) - Starting JVM pause monitor
2019-09-28 06:43:31,700 [main] INFO  ozone.HddsDatanodeService (HddsDatanodeService.java:start(184)) - HddsDatanodeService host:pr-hdds-2140-hhr7w-2843136654 ip:192.168.30.10
2019-09-28 06:43:31,701 [Datanode State Machine Thread - 0] INFO  datanode.InitDatanodeState (InitDatanodeState.java:persistContainerDatanodeDetails(140)) - DatanodeDetails is persisted to /workdir/hadoop-ozone/integration-test/target/test-dir/MiniOzoneClusterImpl-5ef598d8-4f4c-4550-8452-dcb673683f2c/datanode-1/meta/datanode.id
2019-09-28 06:43:31,707 [main] INFO  volume.HddsVolume (HddsVolume.java:<init>(176)) - Creating Volume: /workdir/hadoop-ozone/integration-test/target/test-dir/MiniOzoneClusterImpl-5ef598d8-4f4c-4550-8452-dcb673683f2c/datanode-2/data/containers/hdds of  storage type : DISK and capacity : 1482555576320
2019-09-28 06:43:31,707 [main] INFO  volume.VolumeSet (VolumeSet.java:initializeVolumeSet(170)) - Added Volume : /workdir/hadoop-ozone/integration-test/target/test-dir/MiniOzoneClusterImpl-5ef598d8-4f4c-4550-8452-dcb673683f2c/datanode-2/data/containers/hdds to VolumeSet
2019-09-28 06:43:31,707 [main] INFO  volume.ThrottledAsyncChecker (ThrottledAsyncChecker.java:schedule(139)) - Scheduling a check for org.apache.hadoop.ozone.container.common.volume.HddsVolume@79252c83
2019-09-28 06:43:31,708 [main] INFO  volume.HddsVolumeChecker (HddsVolumeChecker.java:checkAllVolumes(202)) - Scheduled health check for volume org.apache.hadoop.ozone.container.common.volume.HddsVolume@79252c83
2019-09-28 06:43:31,723 [main] INFO  impl.RaftServerProxy (ConfUtils.java:logGet(43)) - raft.rpc.type = GRPC (default)
2019-09-28 06:43:31,723 [main] INFO  grpc.GrpcFactory (GrpcFactory.java:checkPooledByteBufAllocatorUseCacheForAllThreads(45)) - PERFORMANCE WARNING: useCacheForAllThreads is true that may cause Netty to create a lot garbage objects and, as a result, trigger GC.
	It is recommended to disable useCacheForAllThreads by setting -Dorg.apache.ratis.thirdparty.io.netty.allocator.useCacheForAllThreads=false in command line.
2019-09-28 06:43:31,723 [main] INFO  grpc.GrpcConfigKeys$Server (ConfUtils.java:logGet(43)) - raft.grpc.server.port = 0 (default)
2019-09-28 06:43:31,724 [main] INFO  server.GrpcService (ConfUtils.java:logGet(43)) - raft.grpc.message.size.max = 33570816 (custom)
2019-09-28 06:43:31,724 [main] INFO  server.RaftServerConfigKeys (ConfUtils.java:logGet(43)) - raft.server.log.appender.buffer.byte-limit = 33554432 (custom)
2019-09-28 06:43:31,724 [main] INFO  server.GrpcService (ConfUtils.java:logGet(43)) - raft.grpc.flow.control.window = 1MB (=1048576) (default)
2019-09-28 06:43:31,724 [main] INFO  server.RaftServerConfigKeys (ConfUtils.java:logGet(43)) - raft.server.rpc.request.timeout = 3000ms (default)
2019-09-28 06:43:31,725 [main] INFO  server.RaftServerConfigKeys (ConfUtils.java:logGet(43)) - raft.server.storage.dir = [/workdir/hadoop-ozone/integration-test/target/test-dir/MiniOzoneClusterImpl-5ef598d8-4f4c-4550-8452-dcb673683f2c/datanode-2/data/ratis] (custom)
2019-09-28 06:43:31,726 [main] INFO  hdfs.DFSUtil (DFSUtil.java:httpServerTemplateForNNAndJN(1641)) - Starting Web-server for hddsDatanode at: http://0.0.0.0:0
2019-09-28 06:43:31,727 [main] INFO  server.AuthenticationFilter (AuthenticationFilter.java:constructSecretProvider(240)) - Unable to initialize FileSignerSecretProvider, falling back to use random secrets.
2019-09-28 06:43:31,727 [main] WARN  http.HttpRequestLog (HttpRequestLog.java:getRequestLog(97)) - Jetty request log can only be enabled using Log4j
2019-09-28 06:43:31,729 [main] INFO  http.HttpServer2 (HttpServer2.java:addGlobalFilter(975)) - Added global filter 'safety' (class=org.apache.hadoop.http.HttpServer2$QuotingInputFilter)
2019-09-28 06:43:31,729 [main] INFO  http.HttpServer2 (HttpServer2.java:addFilter(948)) - Added filter static_user_filter (class=org.apache.hadoop.http.lib.StaticUserWebFilter$StaticUserFilter) to context hddsDatanode
2019-09-28 06:43:31,729 [main] INFO  http.HttpServer2 (HttpServer2.java:addFilter(958)) - Added filter static_user_filter (class=org.apache.hadoop.http.lib.StaticUserWebFilter$StaticUserFilter) to context logs
2019-09-28 06:43:31,729 [main] INFO  http.HttpServer2 (HttpServer2.java:addFilter(958)) - Added filter static_user_filter (class=org.apache.hadoop.http.lib.StaticUserWebFilter$StaticUserFilter) to context static
2019-09-28 06:43:31,730 [main] INFO  http.HttpServer2 (HttpServer2.java:bindListener(1191)) - Jetty bound to port 37586
2019-09-28 06:43:31,730 [main] INFO  server.Server (Server.java:doStart(351)) - jetty-9.3.25.v20180904, build timestamp: 2018-09-04T21:11:46Z, git hash: 3ce520221d0240229c862b122d2b06c12a625732
2019-09-28 06:43:31,732 [main] INFO  handler.ContextHandler (ContextHandler.java:doStart(781)) - Started o.e.j.s.ServletContextHandler@6b9c42bd{/logs,file:///workdir/hadoop-ozone/integration-test/target/log,AVAILABLE}
2019-09-28 06:43:31,732 [main] INFO  handler.ContextHandler (ContextHandler.java:doStart(781)) - Started o.e.j.s.ServletContextHandler@33324c05{/static,jar:file:/home/user/.m2/repository/org/apache/hadoop/hadoop-hdds-container-service/0.5.0-SNAPSHOT/hadoop-hdds-container-service-0.5.0-SNAPSHOT.jar!/webapps/static,AVAILABLE}
2019-09-28 06:43:31,774 [main] INFO  handler.ContextHandler (ContextHandler.java:doStart(781)) - Started o.e.j.w.WebAppContext@6aae0e6f{/,file:///tmp/jetty-0.0.0.0-37586-hddsDatanode-_-any-8864386913310654422.dir/webapp/,AVAILABLE}{/hddsDatanode}
2019-09-28 06:43:31,775 [main] INFO  server.AbstractConnector (AbstractConnector.java:doStart(278)) - Started ServerConnector@37775bb1{HTTP/1.1,[http/1.1]}{0.0.0.0:37586}
2019-09-28 06:43:31,779 [main] INFO  server.Server (Server.java:doStart(419)) - Started @591459ms
2019-09-28 06:43:31,779 [main] WARN  impl.MetricsSystemImpl (MetricsSystemImpl.java:register(276)) - Sink prometheus already exists!
2019-09-28 06:43:31,780 [main] INFO  server.BaseHttpServer (BaseHttpServer.java:updateConnectorAddress(215)) - HTTP server of HDDSDATANODE is listening at http://0.0.0.0:37586
2019-09-28 06:43:31,780 [main] INFO  impl.MetricsSystemImpl (MetricsSystemImpl.java:init(158)) - HddsDatanode metrics system started (again)
2019-09-28 06:43:31,786 [org.apache.hadoop.util.JvmPauseMonitor$Monitor@4073663c] INFO  util.JvmPauseMonitor (JvmPauseMonitor.java:run(188)) - Starting JVM pause monitor
2019-09-28 06:43:31,787 [main] INFO  ozone.HddsDatanodeService (HddsDatanodeService.java:start(184)) - HddsDatanodeService host:pr-hdds-2140-hhr7w-2843136654 ip:192.168.30.10
2019-09-28 06:43:31,788 [Datanode State Machine Thread - 0] INFO  datanode.InitDatanodeState (InitDatanodeState.java:persistContainerDatanodeDetails(140)) - DatanodeDetails is persisted to /workdir/hadoop-ozone/integration-test/target/test-dir/MiniOzoneClusterImpl-5ef598d8-4f4c-4550-8452-dcb673683f2c/datanode-2/meta/datanode.id
2019-09-28 06:43:31,794 [main] INFO  volume.HddsVolume (HddsVolume.java:<init>(176)) - Creating Volume: /workdir/hadoop-ozone/integration-test/target/test-dir/MiniOzoneClusterImpl-5ef598d8-4f4c-4550-8452-dcb673683f2c/datanode-3/data/containers/hdds of  storage type : DISK and capacity : 1482555576320
2019-09-28 06:43:31,795 [main] INFO  volume.VolumeSet (VolumeSet.java:initializeVolumeSet(170)) - Added Volume : /workdir/hadoop-ozone/integration-test/target/test-dir/MiniOzoneClusterImpl-5ef598d8-4f4c-4550-8452-dcb673683f2c/datanode-3/data/containers/hdds to VolumeSet
2019-09-28 06:43:31,795 [main] INFO  volume.ThrottledAsyncChecker (ThrottledAsyncChecker.java:schedule(139)) - Scheduling a check for org.apache.hadoop.ozone.container.common.volume.HddsVolume@42a0786f
2019-09-28 06:43:31,796 [main] INFO  volume.HddsVolumeChecker (HddsVolumeChecker.java:checkAllVolumes(202)) - Scheduled health check for volume org.apache.hadoop.ozone.container.common.volume.HddsVolume@42a0786f
2019-09-28 06:43:31,813 [main] INFO  impl.RaftServerProxy (ConfUtils.java:logGet(43)) - raft.rpc.type = GRPC (default)
2019-09-28 06:43:31,813 [main] INFO  grpc.GrpcFactory (GrpcFactory.java:checkPooledByteBufAllocatorUseCacheForAllThreads(45)) - PERFORMANCE WARNING: useCacheForAllThreads is true that may cause Netty to create a lot garbage objects and, as a result, trigger GC.
	It is recommended to disable useCacheForAllThreads by setting -Dorg.apache.ratis.thirdparty.io.netty.allocator.useCacheForAllThreads=false in command line.
2019-09-28 06:43:31,813 [main] INFO  grpc.GrpcConfigKeys$Server (ConfUtils.java:logGet(43)) - raft.grpc.server.port = 0 (default)
2019-09-28 06:43:31,814 [main] INFO  server.GrpcService (ConfUtils.java:logGet(43)) - raft.grpc.message.size.max = 33570816 (custom)
2019-09-28 06:43:31,814 [main] INFO  server.RaftServerConfigKeys (ConfUtils.java:logGet(43)) - raft.server.log.appender.buffer.byte-limit = 33554432 (custom)
2019-09-28 06:43:31,814 [main] INFO  server.GrpcService (ConfUtils.java:logGet(43)) - raft.grpc.flow.control.window = 1MB (=1048576) (default)
2019-09-28 06:43:31,814 [main] INFO  server.RaftServerConfigKeys (ConfUtils.java:logGet(43)) - raft.server.rpc.request.timeout = 3000ms (default)
2019-09-28 06:43:31,815 [main] INFO  server.RaftServerConfigKeys (ConfUtils.java:logGet(43)) - raft.server.storage.dir = [/workdir/hadoop-ozone/integration-test/target/test-dir/MiniOzoneClusterImpl-5ef598d8-4f4c-4550-8452-dcb673683f2c/datanode-3/data/ratis] (custom)
2019-09-28 06:43:31,816 [main] INFO  hdfs.DFSUtil (DFSUtil.java:httpServerTemplateForNNAndJN(1641)) - Starting Web-server for hddsDatanode at: http://0.0.0.0:0
2019-09-28 06:43:31,817 [main] INFO  server.AuthenticationFilter (AuthenticationFilter.java:constructSecretProvider(240)) - Unable to initialize FileSignerSecretProvider, falling back to use random secrets.
2019-09-28 06:43:31,818 [main] WARN  http.HttpRequestLog (HttpRequestLog.java:getRequestLog(97)) - Jetty request log can only be enabled using Log4j
2019-09-28 06:43:31,819 [main] INFO  http.HttpServer2 (HttpServer2.java:addGlobalFilter(975)) - Added global filter 'safety' (class=org.apache.hadoop.http.HttpServer2$QuotingInputFilter)
2019-09-28 06:43:31,820 [main] INFO  http.HttpServer2 (HttpServer2.java:addFilter(948)) - Added filter static_user_filter (class=org.apache.hadoop.http.lib.StaticUserWebFilter$StaticUserFilter) to context hddsDatanode
2019-09-28 06:43:31,820 [main] INFO  http.HttpServer2 (HttpServer2.java:addFilter(958)) - Added filter static_user_filter (class=org.apache.hadoop.http.lib.StaticUserWebFilter$StaticUserFilter) to context logs
2019-09-28 06:43:31,820 [main] INFO  http.HttpServer2 (HttpServer2.java:addFilter(958)) - Added filter static_user_filter (class=org.apache.hadoop.http.lib.StaticUserWebFilter$StaticUserFilter) to context static
2019-09-28 06:43:31,821 [main] INFO  http.HttpServer2 (HttpServer2.java:bindListener(1191)) - Jetty bound to port 40094
2019-09-28 06:43:31,821 [main] INFO  server.Server (Server.java:doStart(351)) - jetty-9.3.25.v20180904, build timestamp: 2018-09-04T21:11:46Z, git hash: 3ce520221d0240229c862b122d2b06c12a625732
2019-09-28 06:43:31,823 [main] INFO  handler.ContextHandler (ContextHandler.java:doStart(781)) - Started o.e.j.s.ServletContextHandler@404ced67{/logs,file:///workdir/hadoop-ozone/integration-test/target/log,AVAILABLE}
2019-09-28 06:43:31,823 [main] INFO  handler.ContextHandler (ContextHandler.java:doStart(781)) - Started o.e.j.s.ServletContextHandler@20256a0b{/static,jar:file:/home/user/.m2/repository/org/apache/hadoop/hadoop-hdds-container-service/0.5.0-SNAPSHOT/hadoop-hdds-container-service-0.5.0-SNAPSHOT.jar!/webapps/static,AVAILABLE}
2019-09-28 06:43:31,854 [main] INFO  handler.ContextHandler (ContextHandler.java:doStart(781)) - Started o.e.j.w.WebAppContext@61b60600{/,file:///tmp/jetty-0.0.0.0-40094-hddsDatanode-_-any-6098020844078915070.dir/webapp/,AVAILABLE}{/hddsDatanode}
2019-09-28 06:43:31,855 [main] INFO  server.AbstractConnector (AbstractConnector.java:doStart(278)) - Started ServerConnector@27f71195{HTTP/1.1,[http/1.1]}{0.0.0.0:40094}
2019-09-28 06:43:31,856 [main] INFO  server.Server (Server.java:doStart(419)) - Started @591536ms
2019-09-28 06:43:31,856 [main] WARN  impl.MetricsSystemImpl (MetricsSystemImpl.java:register(276)) - Sink prometheus already exists!
2019-09-28 06:43:31,857 [main] INFO  server.BaseHttpServer (BaseHttpServer.java:updateConnectorAddress(215)) - HTTP server of HDDSDATANODE is listening at http://0.0.0.0:40094
2019-09-28 06:43:31,857 [main] INFO  impl.MetricsSystemImpl (MetricsSystemImpl.java:init(158)) - HddsDatanode metrics system started (again)
2019-09-28 06:43:31,861 [org.apache.hadoop.util.JvmPauseMonitor$Monitor@79ac650f] INFO  util.JvmPauseMonitor (JvmPauseMonitor.java:run(188)) - Starting JVM pause monitor
2019-09-28 06:43:31,862 [main] INFO  ozone.HddsDatanodeService (HddsDatanodeService.java:start(184)) - HddsDatanodeService host:pr-hdds-2140-hhr7w-2843136654 ip:192.168.30.10
2019-09-28 06:43:31,862 [Datanode State Machine Thread - 0] INFO  datanode.InitDatanodeState (InitDatanodeState.java:persistContainerDatanodeDetails(140)) - DatanodeDetails is persisted to /workdir/hadoop-ozone/integration-test/target/test-dir/MiniOzoneClusterImpl-5ef598d8-4f4c-4550-8452-dcb673683f2c/datanode-3/meta/datanode.id
2019-09-28 06:43:31,868 [main] INFO  volume.HddsVolume (HddsVolume.java:<init>(176)) - Creating Volume: /workdir/hadoop-ozone/integration-test/target/test-dir/MiniOzoneClusterImpl-5ef598d8-4f4c-4550-8452-dcb673683f2c/datanode-4/data/containers/hdds of  storage type : DISK and capacity : 1482555576320
2019-09-28 06:43:31,868 [main] INFO  volume.VolumeSet (VolumeSet.java:initializeVolumeSet(170)) - Added Volume : /workdir/hadoop-ozone/integration-test/target/test-dir/MiniOzoneClusterImpl-5ef598d8-4f4c-4550-8452-dcb673683f2c/datanode-4/data/containers/hdds to VolumeSet
2019-09-28 06:43:31,868 [main] INFO  volume.ThrottledAsyncChecker (ThrottledAsyncChecker.java:schedule(139)) - Scheduling a check for org.apache.hadoop.ozone.container.common.volume.HddsVolume@7e191fda
2019-09-28 06:43:31,868 [main] INFO  volume.HddsVolumeChecker (HddsVolumeChecker.java:checkAllVolumes(202)) - Scheduled health check for volume org.apache.hadoop.ozone.container.common.volume.HddsVolume@7e191fda
2019-09-28 06:43:31,886 [main] INFO  impl.RaftServerProxy (ConfUtils.java:logGet(43)) - raft.rpc.type = GRPC (default)
2019-09-28 06:43:31,886 [main] INFO  grpc.GrpcFactory (GrpcFactory.java:checkPooledByteBufAllocatorUseCacheForAllThreads(45)) - PERFORMANCE WARNING: useCacheForAllThreads is true that may cause Netty to create a lot garbage objects and, as a result, trigger GC.
	It is recommended to disable useCacheForAllThreads by setting -Dorg.apache.ratis.thirdparty.io.netty.allocator.useCacheForAllThreads=false in command line.
2019-09-28 06:43:31,886 [main] INFO  grpc.GrpcConfigKeys$Server (ConfUtils.java:logGet(43)) - raft.grpc.server.port = 0 (default)
2019-09-28 06:43:31,886 [main] INFO  server.GrpcService (ConfUtils.java:logGet(43)) - raft.grpc.message.size.max = 33570816 (custom)
2019-09-28 06:43:31,886 [main] INFO  server.RaftServerConfigKeys (ConfUtils.java:logGet(43)) - raft.server.log.appender.buffer.byte-limit = 33554432 (custom)
2019-09-28 06:43:31,887 [main] INFO  server.GrpcService (ConfUtils.java:logGet(43)) - raft.grpc.flow.control.window = 1MB (=1048576) (default)
2019-09-28 06:43:31,887 [main] INFO  server.RaftServerConfigKeys (ConfUtils.java:logGet(43)) - raft.server.rpc.request.timeout = 3000ms (default)
2019-09-28 06:43:31,887 [main] INFO  server.RaftServerConfigKeys (ConfUtils.java:logGet(43)) - raft.server.storage.dir = [/workdir/hadoop-ozone/integration-test/target/test-dir/MiniOzoneClusterImpl-5ef598d8-4f4c-4550-8452-dcb673683f2c/datanode-4/data/ratis] (custom)
2019-09-28 06:43:31,888 [main] INFO  hdfs.DFSUtil (DFSUtil.java:httpServerTemplateForNNAndJN(1641)) - Starting Web-server for hddsDatanode at: http://0.0.0.0:0
2019-09-28 06:43:31,889 [main] INFO  server.AuthenticationFilter (AuthenticationFilter.java:constructSecretProvider(240)) - Unable to initialize FileSignerSecretProvider, falling back to use random secrets.
2019-09-28 06:43:31,890 [main] WARN  http.HttpRequestLog (HttpRequestLog.java:getRequestLog(97)) - Jetty request log can only be enabled using Log4j
2019-09-28 06:43:31,891 [main] INFO  http.HttpServer2 (HttpServer2.java:addGlobalFilter(975)) - Added global filter 'safety' (class=org.apache.hadoop.http.HttpServer2$QuotingInputFilter)
2019-09-28 06:43:31,891 [main] INFO  http.HttpServer2 (HttpServer2.java:addFilter(948)) - Added filter static_user_filter (class=org.apache.hadoop.http.lib.StaticUserWebFilter$StaticUserFilter) to context hddsDatanode
2019-09-28 06:43:31,892 [main] INFO  http.HttpServer2 (HttpServer2.java:addFilter(958)) - Added filter static_user_filter (class=org.apache.hadoop.http.lib.StaticUserWebFilter$StaticUserFilter) to context static
2019-09-28 06:43:31,892 [main] INFO  http.HttpServer2 (HttpServer2.java:addFilter(958)) - Added filter static_user_filter (class=org.apache.hadoop.http.lib.StaticUserWebFilter$StaticUserFilter) to context logs
2019-09-28 06:43:31,892 [main] INFO  http.HttpServer2 (HttpServer2.java:bindListener(1191)) - Jetty bound to port 38696
2019-09-28 06:43:31,892 [main] INFO  server.Server (Server.java:doStart(351)) - jetty-9.3.25.v20180904, build timestamp: 2018-09-04T21:11:46Z, git hash: 3ce520221d0240229c862b122d2b06c12a625732
2019-09-28 06:43:31,894 [main] INFO  handler.ContextHandler (ContextHandler.java:doStart(781)) - Started o.e.j.s.ServletContextHandler@79195c22{/logs,file:///workdir/hadoop-ozone/integration-test/target/log,AVAILABLE}
2019-09-28 06:43:31,894 [main] INFO  handler.ContextHandler (ContextHandler.java:doStart(781)) - Started o.e.j.s.ServletContextHandler@70be89ec{/static,jar:file:/home/user/.m2/repository/org/apache/hadoop/hadoop-hdds-container-service/0.5.0-SNAPSHOT/hadoop-hdds-container-service-0.5.0-SNAPSHOT.jar!/webapps/static,AVAILABLE}
2019-09-28 06:43:31,923 [main] INFO  handler.ContextHandler (ContextHandler.java:doStart(781)) - Started o.e.j.w.WebAppContext@2fde9469{/,file:///tmp/jetty-0.0.0.0-38696-hddsDatanode-_-any-4940160777293586912.dir/webapp/,AVAILABLE}{/hddsDatanode}
2019-09-28 06:43:31,924 [main] INFO  server.AbstractConnector (AbstractConnector.java:doStart(278)) - Started ServerConnector@1ecf0ac6{HTTP/1.1,[http/1.1]}{0.0.0.0:38696}
2019-09-28 06:43:31,924 [main] INFO  server.Server (Server.java:doStart(419)) - Started @591604ms
2019-09-28 06:43:31,926 [main] WARN  impl.MetricsSystemImpl (MetricsSystemImpl.java:register(276)) - Sink prometheus already exists!
2019-09-28 06:43:31,926 [main] INFO  server.BaseHttpServer (BaseHttpServer.java:updateConnectorAddress(215)) - HTTP server of HDDSDATANODE is listening at http://0.0.0.0:38696
2019-09-28 06:43:31,926 [main] INFO  impl.MetricsSystemImpl (MetricsSystemImpl.java:init(158)) - HddsDatanode metrics system started (again)
2019-09-28 06:43:31,931 [org.apache.hadoop.util.JvmPauseMonitor$Monitor@712056ce] INFO  util.JvmPauseMonitor (JvmPauseMonitor.java:run(188)) - Starting JVM pause monitor
2019-09-28 06:43:31,931 [main] INFO  ozone.HddsDatanodeService (HddsDatanodeService.java:start(184)) - HddsDatanodeService host:pr-hdds-2140-hhr7w-2843136654 ip:192.168.30.10
2019-09-28 06:43:31,933 [Datanode State Machine Thread - 0] INFO  datanode.InitDatanodeState (InitDatanodeState.java:persistContainerDatanodeDetails(140)) - DatanodeDetails is persisted to /workdir/hadoop-ozone/integration-test/target/test-dir/MiniOzoneClusterImpl-5ef598d8-4f4c-4550-8452-dcb673683f2c/datanode-4/meta/datanode.id
2019-09-28 06:43:31,937 [main] INFO  volume.HddsVolume (HddsVolume.java:<init>(176)) - Creating Volume: /workdir/hadoop-ozone/integration-test/target/test-dir/MiniOzoneClusterImpl-5ef598d8-4f4c-4550-8452-dcb673683f2c/datanode-5/data/containers/hdds of  storage type : DISK and capacity : 1482555576320
2019-09-28 06:43:31,938 [main] INFO  volume.VolumeSet (VolumeSet.java:initializeVolumeSet(170)) - Added Volume : /workdir/hadoop-ozone/integration-test/target/test-dir/MiniOzoneClusterImpl-5ef598d8-4f4c-4550-8452-dcb673683f2c/datanode-5/data/containers/hdds to VolumeSet
2019-09-28 06:43:31,938 [main] INFO  volume.ThrottledAsyncChecker (ThrottledAsyncChecker.java:schedule(139)) - Scheduling a check for org.apache.hadoop.ozone.container.common.volume.HddsVolume@646d810b
2019-09-28 06:43:31,938 [main] INFO  volume.HddsVolumeChecker (HddsVolumeChecker.java:checkAllVolumes(202)) - Scheduled health check for volume org.apache.hadoop.ozone.container.common.volume.HddsVolume@646d810b
2019-09-28 06:43:31,952 [main] INFO  impl.RaftServerProxy (ConfUtils.java:logGet(43)) - raft.rpc.type = GRPC (default)
2019-09-28 06:43:31,952 [main] INFO  grpc.GrpcFactory (GrpcFactory.java:checkPooledByteBufAllocatorUseCacheForAllThreads(45)) - PERFORMANCE WARNING: useCacheForAllThreads is true that may cause Netty to create a lot garbage objects and, as a result, trigger GC.
	It is recommended to disable useCacheForAllThreads by setting -Dorg.apache.ratis.thirdparty.io.netty.allocator.useCacheForAllThreads=false in command line.
2019-09-28 06:43:31,952 [main] INFO  grpc.GrpcConfigKeys$Server (ConfUtils.java:logGet(43)) - raft.grpc.server.port = 0 (default)
2019-09-28 06:43:31,953 [main] INFO  server.GrpcService (ConfUtils.java:logGet(43)) - raft.grpc.message.size.max = 33570816 (custom)
2019-09-28 06:43:31,953 [main] INFO  server.RaftServerConfigKeys (ConfUtils.java:logGet(43)) - raft.server.log.appender.buffer.byte-limit = 33554432 (custom)
2019-09-28 06:43:31,953 [main] INFO  server.GrpcService (ConfUtils.java:logGet(43)) - raft.grpc.flow.control.window = 1MB (=1048576) (default)
2019-09-28 06:43:31,953 [main] INFO  server.RaftServerConfigKeys (ConfUtils.java:logGet(43)) - raft.server.rpc.request.timeout = 3000ms (default)
2019-09-28 06:43:31,953 [main] INFO  server.RaftServerConfigKeys (ConfUtils.java:logGet(43)) - raft.server.storage.dir = [/workdir/hadoop-ozone/integration-test/target/test-dir/MiniOzoneClusterImpl-5ef598d8-4f4c-4550-8452-dcb673683f2c/datanode-5/data/ratis] (custom)
2019-09-28 06:43:31,954 [main] INFO  hdfs.DFSUtil (DFSUtil.java:httpServerTemplateForNNAndJN(1641)) - Starting Web-server for hddsDatanode at: http://0.0.0.0:0
2019-09-28 06:43:31,955 [main] INFO  server.AuthenticationFilter (AuthenticationFilter.java:constructSecretProvider(240)) - Unable to initialize FileSignerSecretProvider, falling back to use random secrets.
2019-09-28 06:43:31,956 [main] WARN  http.HttpRequestLog (HttpRequestLog.java:getRequestLog(97)) - Jetty request log can only be enabled using Log4j
2019-09-28 06:43:31,957 [main] INFO  http.HttpServer2 (HttpServer2.java:addGlobalFilter(975)) - Added global filter 'safety' (class=org.apache.hadoop.http.HttpServer2$QuotingInputFilter)
2019-09-28 06:43:31,957 [main] INFO  http.HttpServer2 (HttpServer2.java:addFilter(948)) - Added filter static_user_filter (class=org.apache.hadoop.http.lib.StaticUserWebFilter$StaticUserFilter) to context hddsDatanode
2019-09-28 06:43:31,957 [main] INFO  http.HttpServer2 (HttpServer2.java:addFilter(958)) - Added filter static_user_filter (class=org.apache.hadoop.http.lib.StaticUserWebFilter$StaticUserFilter) to context static
2019-09-28 06:43:31,957 [main] INFO  http.HttpServer2 (HttpServer2.java:addFilter(958)) - Added filter static_user_filter (class=org.apache.hadoop.http.lib.StaticUserWebFilter$StaticUserFilter) to context logs
2019-09-28 06:43:31,958 [main] INFO  http.HttpServer2 (HttpServer2.java:bindListener(1191)) - Jetty bound to port 39731
2019-09-28 06:43:31,958 [main] INFO  server.Server (Server.java:doStart(351)) - jetty-9.3.25.v20180904, build timestamp: 2018-09-04T21:11:46Z, git hash: 3ce520221d0240229c862b122d2b06c12a625732
2019-09-28 06:43:31,960 [main] INFO  handler.ContextHandler (ContextHandler.java:doStart(781)) - Started o.e.j.s.ServletContextHandler@242ff747{/logs,file:///workdir/hadoop-ozone/integration-test/target/log,AVAILABLE}
2019-09-28 06:43:31,960 [main] INFO  handler.ContextHandler (ContextHandler.java:doStart(781)) - Started o.e.j.s.ServletContextHandler@597d48ca{/static,jar:file:/home/user/.m2/repository/org/apache/hadoop/hadoop-hdds-container-service/0.5.0-SNAPSHOT/hadoop-hdds-container-service-0.5.0-SNAPSHOT.jar!/webapps/static,AVAILABLE}
2019-09-28 06:43:31,986 [main] INFO  handler.ContextHandler (ContextHandler.java:doStart(781)) - Started o.e.j.w.WebAppContext@6dd79214{/,file:///tmp/jetty-0.0.0.0-39731-hddsDatanode-_-any-5373457890063892391.dir/webapp/,AVAILABLE}{/hddsDatanode}
2019-09-28 06:43:31,987 [main] INFO  server.AbstractConnector (AbstractConnector.java:doStart(278)) - Started ServerConnector@ef86c72{HTTP/1.1,[http/1.1]}{0.0.0.0:39731}
2019-09-28 06:43:31,987 [main] INFO  server.Server (Server.java:doStart(419)) - Started @591667ms
2019-09-28 06:43:31,989 [main] WARN  impl.MetricsSystemImpl (MetricsSystemImpl.java:register(276)) - Sink prometheus already exists!
2019-09-28 06:43:31,989 [main] INFO  server.BaseHttpServer (BaseHttpServer.java:updateConnectorAddress(215)) - HTTP server of HDDSDATANODE is listening at http://0.0.0.0:39731
2019-09-28 06:43:31,990 [main] INFO  impl.MetricsSystemImpl (MetricsSystemImpl.java:init(158)) - HddsDatanode metrics system started (again)
2019-09-28 06:43:31,995 [org.apache.hadoop.util.JvmPauseMonitor$Monitor@344ad745] INFO  util.JvmPauseMonitor (JvmPauseMonitor.java:run(188)) - Starting JVM pause monitor
2019-09-28 06:43:31,995 [main] INFO  ozone.HddsDatanodeService (HddsDatanodeService.java:start(184)) - HddsDatanodeService host:pr-hdds-2140-hhr7w-2843136654 ip:192.168.30.10
2019-09-28 06:43:31,996 [Datanode State Machine Thread - 0] INFO  datanode.InitDatanodeState (InitDatanodeState.java:persistContainerDatanodeDetails(140)) - DatanodeDetails is persisted to /workdir/hadoop-ozone/integration-test/target/test-dir/MiniOzoneClusterImpl-5ef598d8-4f4c-4550-8452-dcb673683f2c/datanode-5/meta/datanode.id
2019-09-28 06:43:32,002 [main] INFO  volume.HddsVolume (HddsVolume.java:<init>(176)) - Creating Volume: /workdir/hadoop-ozone/integration-test/target/test-dir/MiniOzoneClusterImpl-5ef598d8-4f4c-4550-8452-dcb673683f2c/datanode-6/data/containers/hdds of  storage type : DISK and capacity : 1482555576320
2019-09-28 06:43:32,003 [main] INFO  volume.VolumeSet (VolumeSet.java:initializeVolumeSet(170)) - Added Volume : /workdir/hadoop-ozone/integration-test/target/test-dir/MiniOzoneClusterImpl-5ef598d8-4f4c-4550-8452-dcb673683f2c/datanode-6/data/containers/hdds to VolumeSet
2019-09-28 06:43:32,003 [main] INFO  volume.ThrottledAsyncChecker (ThrottledAsyncChecker.java:schedule(139)) - Scheduling a check for org.apache.hadoop.ozone.container.common.volume.HddsVolume@774d8276
2019-09-28 06:43:32,003 [main] INFO  volume.HddsVolumeChecker (HddsVolumeChecker.java:checkAllVolumes(202)) - Scheduled health check for volume org.apache.hadoop.ozone.container.common.volume.HddsVolume@774d8276
2019-09-28 06:43:32,018 [main] INFO  impl.RaftServerProxy (ConfUtils.java:logGet(43)) - raft.rpc.type = GRPC (default)
2019-09-28 06:43:32,018 [main] INFO  grpc.GrpcFactory (GrpcFactory.java:checkPooledByteBufAllocatorUseCacheForAllThreads(45)) - PERFORMANCE WARNING: useCacheForAllThreads is true that may cause Netty to create a lot garbage objects and, as a result, trigger GC.
	It is recommended to disable useCacheForAllThreads by setting -Dorg.apache.ratis.thirdparty.io.netty.allocator.useCacheForAllThreads=false in command line.
2019-09-28 06:43:32,018 [main] INFO  grpc.GrpcConfigKeys$Server (ConfUtils.java:logGet(43)) - raft.grpc.server.port = 0 (default)
2019-09-28 06:43:32,018 [main] INFO  server.GrpcService (ConfUtils.java:logGet(43)) - raft.grpc.message.size.max = 33570816 (custom)
2019-09-28 06:43:32,018 [main] INFO  server.RaftServerConfigKeys (ConfUtils.java:logGet(43)) - raft.server.log.appender.buffer.byte-limit = 33554432 (custom)
2019-09-28 06:43:32,018 [main] INFO  server.GrpcService (ConfUtils.java:logGet(43)) - raft.grpc.flow.control.window = 1MB (=1048576) (default)
2019-09-28 06:43:32,019 [main] INFO  server.RaftServerConfigKeys (ConfUtils.java:logGet(43)) - raft.server.rpc.request.timeout = 3000ms (default)
2019-09-28 06:43:32,019 [main] INFO  server.RaftServerConfigKeys (ConfUtils.java:logGet(43)) - raft.server.storage.dir = [/workdir/hadoop-ozone/integration-test/target/test-dir/MiniOzoneClusterImpl-5ef598d8-4f4c-4550-8452-dcb673683f2c/datanode-6/data/ratis] (custom)
2019-09-28 06:43:32,020 [main] INFO  hdfs.DFSUtil (DFSUtil.java:httpServerTemplateForNNAndJN(1641)) - Starting Web-server for hddsDatanode at: http://0.0.0.0:0
2019-09-28 06:43:32,021 [main] INFO  server.AuthenticationFilter (AuthenticationFilter.java:constructSecretProvider(240)) - Unable to initialize FileSignerSecretProvider, falling back to use random secrets.
2019-09-28 06:43:32,021 [main] WARN  http.HttpRequestLog (HttpRequestLog.java:getRequestLog(97)) - Jetty request log can only be enabled using Log4j
2019-09-28 06:43:32,022 [main] INFO  http.HttpServer2 (HttpServer2.java:addGlobalFilter(975)) - Added global filter 'safety' (class=org.apache.hadoop.http.HttpServer2$QuotingInputFilter)
2019-09-28 06:43:32,023 [main] INFO  http.HttpServer2 (HttpServer2.java:addFilter(948)) - Added filter static_user_filter (class=org.apache.hadoop.http.lib.StaticUserWebFilter$StaticUserFilter) to context hddsDatanode
2019-09-28 06:43:32,023 [main] INFO  http.HttpServer2 (HttpServer2.java:addFilter(958)) - Added filter static_user_filter (class=org.apache.hadoop.http.lib.StaticUserWebFilter$StaticUserFilter) to context logs
2019-09-28 06:43:32,023 [main] INFO  http.HttpServer2 (HttpServer2.java:addFilter(958)) - Added filter static_user_filter (class=org.apache.hadoop.http.lib.StaticUserWebFilter$StaticUserFilter) to context static
2019-09-28 06:43:32,024 [main] INFO  http.HttpServer2 (HttpServer2.java:bindListener(1191)) - Jetty bound to port 32863
2019-09-28 06:43:32,024 [main] INFO  server.Server (Server.java:doStart(351)) - jetty-9.3.25.v20180904, build timestamp: 2018-09-04T21:11:46Z, git hash: 3ce520221d0240229c862b122d2b06c12a625732
2019-09-28 06:43:32,026 [main] INFO  handler.ContextHandler (ContextHandler.java:doStart(781)) - Started o.e.j.s.ServletContextHandler@2a99ca99{/logs,file:///workdir/hadoop-ozone/integration-test/target/log,AVAILABLE}
2019-09-28 06:43:32,026 [main] INFO  handler.ContextHandler (ContextHandler.java:doStart(781)) - Started o.e.j.s.ServletContextHandler@781654f8{/static,jar:file:/home/user/.m2/repository/org/apache/hadoop/hadoop-hdds-container-service/0.5.0-SNAPSHOT/hadoop-hdds-container-service-0.5.0-SNAPSHOT.jar!/webapps/static,AVAILABLE}
2019-09-28 06:43:32,069 [main] INFO  handler.ContextHandler (ContextHandler.java:doStart(781)) - Started o.e.j.w.WebAppContext@6c07ad6b{/,file:///tmp/jetty-0.0.0.0-32863-hddsDatanode-_-any-5891662730927616074.dir/webapp/,AVAILABLE}{/hddsDatanode}
2019-09-28 06:43:32,070 [main] INFO  server.AbstractConnector (AbstractConnector.java:doStart(278)) - Started ServerConnector@10ed037a{HTTP/1.1,[http/1.1]}{0.0.0.0:32863}
2019-09-28 06:43:32,081 [main] INFO  server.Server (Server.java:doStart(419)) - Started @591761ms
2019-09-28 06:43:32,081 [main] WARN  impl.MetricsSystemImpl (MetricsSystemImpl.java:register(276)) - Sink prometheus already exists!
2019-09-28 06:43:32,082 [main] INFO  server.BaseHttpServer (BaseHttpServer.java:updateConnectorAddress(215)) - HTTP server of HDDSDATANODE is listening at http://0.0.0.0:32863
2019-09-28 06:43:32,083 [main] INFO  ozone.MiniOzoneClusterImpl (MiniOzoneClusterImpl.java:lambda$waitForClusterToBeReady$0(147)) - Waiting for cluster to be ready. Got 0 of 7 DN Heartbeats.
2019-09-28 06:43:32,084 [org.apache.hadoop.util.JvmPauseMonitor$Monitor@5f3bbdd9] INFO  util.JvmPauseMonitor (JvmPauseMonitor.java:run(188)) - Starting JVM pause monitor
2019-09-28 06:43:32,085 [Datanode State Machine Thread - 0] INFO  datanode.InitDatanodeState (InitDatanodeState.java:persistContainerDatanodeDetails(140)) - DatanodeDetails is persisted to /workdir/hadoop-ozone/integration-test/target/test-dir/MiniOzoneClusterImpl-5ef598d8-4f4c-4550-8452-dcb673683f2c/datanode-6/meta/datanode.id
2019-09-28 06:43:33,083 [main] INFO  ozone.MiniOzoneClusterImpl (MiniOzoneClusterImpl.java:lambda$waitForClusterToBeReady$0(147)) - Waiting for cluster to be ready. Got 0 of 7 DN Heartbeats.
2019-09-28 06:43:33,666 [Datanode State Machine Thread - 0] INFO  ozoneimpl.OzoneContainer (OzoneContainer.java:start(217)) - Attempting to start container services.
2019-09-28 06:43:33,666 [Datanode State Machine Thread - 0] INFO  ozoneimpl.OzoneContainer (OzoneContainer.java:startContainerScrub(179)) - Background container scanner has been disabled.
2019-09-28 06:43:33,666 [Datanode State Machine Thread - 0] INFO  ratis.XceiverServerRatis (XceiverServerRatis.java:start(411)) - Starting XceiverServerRatis 90867d91-fc5b-4720-98ce-e5bb7192dd8f at port 0
2019-09-28 06:43:33,672 [Datanode State Machine Thread - 0] INFO  impl.RaftServerProxy (RaftServerProxy.java:lambda$start$3(299)) - 90867d91-fc5b-4720-98ce-e5bb7192dd8f: start RPC server
2019-09-28 06:43:33,680 [Datanode State Machine Thread - 0] INFO  server.GrpcService (GrpcService.java:startImpl(158)) - 90867d91-fc5b-4720-98ce-e5bb7192dd8f: GrpcService started, listening on 0.0.0.0/0.0.0.0:35346
2019-09-28 06:43:33,680 [Datanode State Machine Thread - 0] INFO  ratis.XceiverServerRatis (XceiverServerRatis.java:start(421)) - XceiverServerRatis 90867d91-fc5b-4720-98ce-e5bb7192dd8f is started using port 35346
2019-09-28 06:43:33,680 [Datanode State Machine Thread - 0] INFO  server.XceiverServerGrpc (XceiverServerGrpc.java:start(149)) - XceiverServerGrpc 90867d91-fc5b-4720-98ce-e5bb7192dd8f is started using port 44619
2019-09-28 06:43:33,717 [Datanode State Machine Thread - 0] INFO  ozoneimpl.OzoneContainer (OzoneContainer.java:start(217)) - Attempting to start container services.
2019-09-28 06:43:33,717 [Datanode State Machine Thread - 0] INFO  ozoneimpl.OzoneContainer (OzoneContainer.java:startContainerScrub(179)) - Background container scanner has been disabled.
2019-09-28 06:43:33,717 [Datanode State Machine Thread - 0] INFO  ratis.XceiverServerRatis (XceiverServerRatis.java:start(411)) - Starting XceiverServerRatis 2bbaf9bb-8e76-4f1f-bdc5-57695e12be87 at port 0
2019-09-28 06:43:33,722 [Datanode State Machine Thread - 0] INFO  impl.RaftServerProxy (RaftServerProxy.java:lambda$start$3(299)) - 2bbaf9bb-8e76-4f1f-bdc5-57695e12be87: start RPC server
2019-09-28 06:43:33,722 [Datanode State Machine Thread - 0] INFO  server.GrpcService (GrpcService.java:startImpl(158)) - 2bbaf9bb-8e76-4f1f-bdc5-57695e12be87: GrpcService started, listening on 0.0.0.0/0.0.0.0:38489
2019-09-28 06:43:33,722 [Datanode State Machine Thread - 0] INFO  ratis.XceiverServerRatis (XceiverServerRatis.java:start(421)) - XceiverServerRatis 2bbaf9bb-8e76-4f1f-bdc5-57695e12be87 is started using port 38489
2019-09-28 06:43:33,724 [Datanode State Machine Thread - 0] INFO  server.XceiverServerGrpc (XceiverServerGrpc.java:start(149)) - XceiverServerGrpc 2bbaf9bb-8e76-4f1f-bdc5-57695e12be87 is started using port 38274
2019-09-28 06:43:33,819 [Datanode State Machine Thread - 0] INFO  ozoneimpl.OzoneContainer (OzoneContainer.java:start(217)) - Attempting to start container services.
2019-09-28 06:43:33,820 [Datanode State Machine Thread - 0] INFO  ozoneimpl.OzoneContainer (OzoneContainer.java:startContainerScrub(179)) - Background container scanner has been disabled.
2019-09-28 06:43:33,820 [Datanode State Machine Thread - 0] INFO  ratis.XceiverServerRatis (XceiverServerRatis.java:start(411)) - Starting XceiverServerRatis 4a946cc1-50b2-4a30-83de-5133ac6d0240 at port 0
2019-09-28 06:43:33,828 [Datanode State Machine Thread - 0] INFO  impl.RaftServerProxy (RaftServerProxy.java:lambda$start$3(299)) - 4a946cc1-50b2-4a30-83de-5133ac6d0240: start RPC server
2019-09-28 06:43:33,829 [Datanode State Machine Thread - 0] INFO  server.GrpcService (GrpcService.java:startImpl(158)) - 4a946cc1-50b2-4a30-83de-5133ac6d0240: GrpcService started, listening on 0.0.0.0/0.0.0.0:44959
2019-09-28 06:43:33,829 [Datanode State Machine Thread - 0] INFO  ratis.XceiverServerRatis (XceiverServerRatis.java:start(421)) - XceiverServerRatis 4a946cc1-50b2-4a30-83de-5133ac6d0240 is started using port 44959
2019-09-28 06:43:33,830 [Datanode State Machine Thread - 0] INFO  server.XceiverServerGrpc (XceiverServerGrpc.java:start(149)) - XceiverServerGrpc 4a946cc1-50b2-4a30-83de-5133ac6d0240 is started using port 32976
2019-09-28 06:43:33,887 [Datanode State Machine Thread - 0] INFO  ozoneimpl.OzoneContainer (OzoneContainer.java:start(217)) - Attempting to start container services.
2019-09-28 06:43:33,887 [Datanode State Machine Thread - 0] INFO  ozoneimpl.OzoneContainer (OzoneContainer.java:startContainerScrub(179)) - Background container scanner has been disabled.
2019-09-28 06:43:33,888 [Datanode State Machine Thread - 0] INFO  ratis.XceiverServerRatis (XceiverServerRatis.java:start(411)) - Starting XceiverServerRatis 870fbdd8-a74b-4e83-97b6-9e59d51c949a at port 0
2019-09-28 06:43:33,897 [Datanode State Machine Thread - 0] INFO  impl.RaftServerProxy (RaftServerProxy.java:lambda$start$3(299)) - 870fbdd8-a74b-4e83-97b6-9e59d51c949a: start RPC server
2019-09-28 06:43:33,897 [Datanode State Machine Thread - 0] INFO  server.GrpcService (GrpcService.java:startImpl(158)) - 870fbdd8-a74b-4e83-97b6-9e59d51c949a: GrpcService started, listening on 0.0.0.0/0.0.0.0:43070
2019-09-28 06:43:33,897 [Datanode State Machine Thread - 0] INFO  ratis.XceiverServerRatis (XceiverServerRatis.java:start(421)) - XceiverServerRatis 870fbdd8-a74b-4e83-97b6-9e59d51c949a is started using port 43070
2019-09-28 06:43:33,898 [Datanode State Machine Thread - 0] INFO  server.XceiverServerGrpc (XceiverServerGrpc.java:start(149)) - XceiverServerGrpc 870fbdd8-a74b-4e83-97b6-9e59d51c949a is started using port 37395
2019-09-28 06:43:33,963 [Datanode State Machine Thread - 0] INFO  ozoneimpl.OzoneContainer (OzoneContainer.java:start(217)) - Attempting to start container services.
2019-09-28 06:43:33,964 [Datanode State Machine Thread - 0] INFO  ozoneimpl.OzoneContainer (OzoneContainer.java:startContainerScrub(179)) - Background container scanner has been disabled.
2019-09-28 06:43:33,964 [Datanode State Machine Thread - 0] INFO  ratis.XceiverServerRatis (XceiverServerRatis.java:start(411)) - Starting XceiverServerRatis e6f90df7-dec1-43e3-a927-0240d8c4bd7c at port 0
2019-09-28 06:43:33,971 [Datanode State Machine Thread - 0] INFO  impl.RaftServerProxy (RaftServerProxy.java:lambda$start$3(299)) - e6f90df7-dec1-43e3-a927-0240d8c4bd7c: start RPC server
2019-09-28 06:43:33,972 [Datanode State Machine Thread - 0] INFO  server.GrpcService (GrpcService.java:startImpl(158)) - e6f90df7-dec1-43e3-a927-0240d8c4bd7c: GrpcService started, listening on 0.0.0.0/0.0.0.0:45784
2019-09-28 06:43:33,972 [Datanode State Machine Thread - 0] INFO  ratis.XceiverServerRatis (XceiverServerRatis.java:start(421)) - XceiverServerRatis e6f90df7-dec1-43e3-a927-0240d8c4bd7c is started using port 45784
2019-09-28 06:43:33,972 [Datanode State Machine Thread - 0] INFO  server.XceiverServerGrpc (XceiverServerGrpc.java:start(149)) - XceiverServerGrpc e6f90df7-dec1-43e3-a927-0240d8c4bd7c is started using port 40806
2019-09-28 06:43:34,022 [Datanode State Machine Thread - 0] INFO  ozoneimpl.OzoneContainer (OzoneContainer.java:start(217)) - Attempting to start container services.
2019-09-28 06:43:34,023 [Datanode State Machine Thread - 0] INFO  ozoneimpl.OzoneContainer (OzoneContainer.java:startContainerScrub(179)) - Background container scanner has been disabled.
2019-09-28 06:43:34,023 [Datanode State Machine Thread - 0] INFO  ratis.XceiverServerRatis (XceiverServerRatis.java:start(411)) - Starting XceiverServerRatis 7fb751f0-cac0-4fd5-b9c8-df230946860c at port 0
2019-09-28 06:43:34,028 [Datanode State Machine Thread - 0] INFO  impl.RaftServerProxy (RaftServerProxy.java:lambda$start$3(299)) - 7fb751f0-cac0-4fd5-b9c8-df230946860c: start RPC server
2019-09-28 06:43:34,028 [Datanode State Machine Thread - 0] INFO  server.GrpcService (GrpcService.java:startImpl(158)) - 7fb751f0-cac0-4fd5-b9c8-df230946860c: GrpcService started, listening on 0.0.0.0/0.0.0.0:40926
2019-09-28 06:43:34,028 [Datanode State Machine Thread - 0] INFO  ratis.XceiverServerRatis (XceiverServerRatis.java:start(421)) - XceiverServerRatis 7fb751f0-cac0-4fd5-b9c8-df230946860c is started using port 40926
2019-09-28 06:43:34,029 [Datanode State Machine Thread - 0] INFO  server.XceiverServerGrpc (XceiverServerGrpc.java:start(149)) - XceiverServerGrpc 7fb751f0-cac0-4fd5-b9c8-df230946860c is started using port 35267
2019-09-28 06:43:34,084 [main] INFO  ozone.MiniOzoneClusterImpl (MiniOzoneClusterImpl.java:lambda$waitForClusterToBeReady$0(147)) - Waiting for cluster to be ready. Got 0 of 7 DN Heartbeats.
2019-09-28 06:43:34,106 [Datanode State Machine Thread - 0] INFO  ozoneimpl.OzoneContainer (OzoneContainer.java:start(217)) - Attempting to start container services.
2019-09-28 06:43:34,106 [Datanode State Machine Thread - 0] INFO  ozoneimpl.OzoneContainer (OzoneContainer.java:startContainerScrub(179)) - Background container scanner has been disabled.
2019-09-28 06:43:34,106 [Datanode State Machine Thread - 0] INFO  ratis.XceiverServerRatis (XceiverServerRatis.java:start(411)) - Starting XceiverServerRatis 72278b64-9966-4b87-b32a-72533108e712 at port 0
2019-09-28 06:43:34,113 [Datanode State Machine Thread - 0] INFO  impl.RaftServerProxy (RaftServerProxy.java:lambda$start$3(299)) - 72278b64-9966-4b87-b32a-72533108e712: start RPC server
2019-09-28 06:43:34,116 [Datanode State Machine Thread - 0] INFO  server.GrpcService (GrpcService.java:startImpl(158)) - 72278b64-9966-4b87-b32a-72533108e712: GrpcService started, listening on 0.0.0.0/0.0.0.0:40488
2019-09-28 06:43:34,116 [Datanode State Machine Thread - 0] INFO  ratis.XceiverServerRatis (XceiverServerRatis.java:start(421)) - XceiverServerRatis 72278b64-9966-4b87-b32a-72533108e712 is started using port 40488
2019-09-28 06:43:34,117 [Datanode State Machine Thread - 0] INFO  server.XceiverServerGrpc (XceiverServerGrpc.java:start(149)) - XceiverServerGrpc 72278b64-9966-4b87-b32a-72533108e712 is started using port 35717
2019-09-28 06:43:35,084 [main] INFO  ozone.MiniOzoneClusterImpl (MiniOzoneClusterImpl.java:lambda$waitForClusterToBeReady$0(147)) - Waiting for cluster to be ready. Got 0 of 7 DN Heartbeats.
2019-09-28 06:43:35,625 [IPC Server handler 0 on 32962] INFO  net.NetworkTopology (NetworkTopologyImpl.java:add(111)) - Added a new node: /default-rack/90867d91-fc5b-4720-98ce-e5bb7192dd8f
2019-09-28 06:43:35,628 [IPC Server handler 0 on 32962] INFO  node.SCMNodeManager (SCMNodeManager.java:register(266)) - Registered Data node : 90867d91-fc5b-4720-98ce-e5bb7192dd8f{ip: 192.168.30.10, host: pr-hdds-2140-hhr7w-2843136654, networkLocation: /default-rack, certSerialId: null}
2019-09-28 06:43:35,629 [EventQueue-NodeRegistrationContainerReportForDataNodeSafeModeRule] INFO  safemode.SCMSafeModeManager (DataNodeSafeModeRule.java:process(71)) - SCM in safe mode. 1 DataNodes registered, 1 required.
2019-09-28 06:43:35,631 [EventQueue-NodeRegistrationContainerReportForDataNodeSafeModeRule] INFO  safemode.SCMSafeModeManager (SCMSafeModeManager.java:validateSafeModeExitRules(177)) - ScmSafeModeManager, all rules are successfully validated
2019-09-28 06:43:35,632 [EventQueue-NodeRegistrationContainerReportForDataNodeSafeModeRule] INFO  safemode.SCMSafeModeManager (SCMSafeModeManager.java:exitSafeMode(193)) - SCM exiting safe mode.
2019-09-28 06:43:35,642 [grpc-default-executor-10] INFO  impl.RaftServerProxy (RaftServerProxy.java:addNew(89)) - 90867d91-fc5b-4720-98ce-e5bb7192dd8f: addNew group-69D5F9C89AC8:[90867d91-fc5b-4720-98ce-e5bb7192dd8f:192.168.30.10:35346] returns group-69D5F9C89AC8:java.util.concurrent.CompletableFuture@47831faa[Not completed]
2019-09-28 06:43:35,646 [pool-409-thread-1] INFO  impl.RaftServerImpl (RaftServerImpl.java:<init>(95)) - 90867d91-fc5b-4720-98ce-e5bb7192dd8f: new RaftServerImpl for group-69D5F9C89AC8:[90867d91-fc5b-4720-98ce-e5bb7192dd8f:192.168.30.10:35346] with ContainerStateMachine:uninitialized
2019-09-28 06:43:35,646 [pool-409-thread-1] INFO  server.RaftServerConfigKeys (ConfUtils.java:logGet(43)) - raft.server.rpc.timeout.min = 5s (custom)
2019-09-28 06:43:35,646 [pool-409-thread-1] INFO  server.RaftServerConfigKeys (ConfUtils.java:logGet(43)) - raft.server.rpc.timeout.max = 5200ms (custom)
2019-09-28 06:43:35,646 [pool-409-thread-1] INFO  server.RaftServerConfigKeys (ConfUtils.java:logGet(43)) - raft.server.rpcslowness.timeout = 120s (custom)
2019-09-28 06:43:35,646 [pool-409-thread-1] INFO  server.RaftServerConfigKeys (ConfUtils.java:logGet(43)) - raft.server.sleep.deviation.threshold = 300 (default)
2019-09-28 06:43:35,647 [pool-409-thread-1] INFO  server.RaftServerConfigKeys (ConfUtils.java:logGet(43)) - raft.server.log.appender.install.snapshot.enabled = false (custom)
2019-09-28 06:43:35,647 [pool-409-thread-1] INFO  impl.RaftServerImpl (ServerState.java:<init>(103)) - 90867d91-fc5b-4720-98ce-e5bb7192dd8f@group-69D5F9C89AC8: ConfigurationManager, init=-1: [90867d91-fc5b-4720-98ce-e5bb7192dd8f:192.168.30.10:35346], old=null, confs=<EMPTY_MAP>
2019-09-28 06:43:35,647 [pool-409-thread-1] INFO  server.RaftServerConfigKeys (ConfUtils.java:logGet(43)) - raft.server.storage.dir = [/workdir/hadoop-ozone/integration-test/target/test-dir/MiniOzoneClusterImpl-5ef598d8-4f4c-4550-8452-dcb673683f2c/datanode-0/data/ratis] (custom)
2019-09-28 06:43:35,648 [pool-409-thread-1] INFO  storage.RaftStorageDirectory (RaftStorageDirectory.java:analyzeStorage(246)) - The storage directory /workdir/hadoop-ozone/integration-test/target/test-dir/MiniOzoneClusterImpl-5ef598d8-4f4c-4550-8452-dcb673683f2c/datanode-0/data/ratis/4020fe33-cf83-4d76-a1a9-69d5f9c89ac8 does not exist. Creating ...
2019-09-28 06:43:35,676 [pool-409-thread-1] INFO  storage.RaftStorageDirectory (RaftStorageDirectory.java:tryLock(328)) - Lock on /workdir/hadoop-ozone/integration-test/target/test-dir/MiniOzoneClusterImpl-5ef598d8-4f4c-4550-8452-dcb673683f2c/datanode-0/data/ratis/4020fe33-cf83-4d76-a1a9-69d5f9c89ac8/in_use.lock acquired by nodename 22598@pr-hdds-2140-hhr7w-2843136654
2019-09-28 06:43:35,701 [IPC Server handler 2 on 32962] INFO  net.NetworkTopology (NetworkTopologyImpl.java:add(111)) - Added a new node: /default-rack/2bbaf9bb-8e76-4f1f-bdc5-57695e12be87
2019-09-28 06:43:35,701 [IPC Server handler 2 on 32962] INFO  node.SCMNodeManager (SCMNodeManager.java:register(266)) - Registered Data node : 2bbaf9bb-8e76-4f1f-bdc5-57695e12be87{ip: 192.168.30.10, host: pr-hdds-2140-hhr7w-2843136654, networkLocation: /default-rack, certSerialId: null}
2019-09-28 06:43:35,702 [pool-409-thread-1] INFO  storage.RaftStorage (RaftStorage.java:format(72)) - Storage directory /workdir/hadoop-ozone/integration-test/target/test-dir/MiniOzoneClusterImpl-5ef598d8-4f4c-4550-8452-dcb673683f2c/datanode-0/data/ratis/4020fe33-cf83-4d76-a1a9-69d5f9c89ac8 has been successfully formatted.
2019-09-28 06:43:35,702 [pool-409-thread-1] INFO  ratis.ContainerStateMachine (ContainerStateMachine.java:loadSnapshot(230)) - group-69D5F9C89AC8: The snapshot info is null. Setting the last applied indexto:(t:0, i:~)
2019-09-28 06:43:35,703 [pool-409-thread-1] INFO  server.RaftServerConfigKeys (ConfUtils.java:logGet(43)) - raft.server.notification.no-leader.timeout = 120s (custom)
2019-09-28 06:43:35,703 [pool-409-thread-1] INFO  server.RaftServerConfigKeys (ConfUtils.java:logGet(43)) - raft.server.log.use.memory = false (default)
2019-09-28 06:43:35,703 [pool-409-thread-1] INFO  server.RaftServerConfigKeys (ConfUtils.java:logGet(43)) - raft.server.log.purge.gap = 1000000 (custom)
2019-09-28 06:43:35,703 [pool-409-thread-1] INFO  server.RaftServerConfigKeys (ConfUtils.java:logGet(43)) - raft.server.log.appender.buffer.byte-limit = 33554432 (custom)
2019-09-28 06:43:35,703 [pool-409-thread-1] INFO  server.RaftServerConfigKeys (ConfUtils.java:logGet(43)) - raft.server.log.segment.size.max = 1048576 (custom)
2019-09-28 06:43:35,704 [pool-409-thread-1] INFO  server.RaftServerConfigKeys (ConfUtils.java:logGet(43)) - raft.server.log.segment.cache.num.max = 2 (custom)
2019-09-28 06:43:35,704 [pool-409-thread-1] INFO  segmented.SegmentedRaftLogWorker (SegmentedRaftLogWorker.java:<init>(172)) - new 90867d91-fc5b-4720-98ce-e5bb7192dd8f@group-69D5F9C89AC8-SegmentedRaftLogWorker for RaftStorage:Storage Directory /workdir/hadoop-ozone/integration-test/target/test-dir/MiniOzoneClusterImpl-5ef598d8-4f4c-4550-8452-dcb673683f2c/datanode-0/data/ratis/4020fe33-cf83-4d76-a1a9-69d5f9c89ac8
2019-09-28 06:43:35,707 [pool-409-thread-1] INFO  server.RaftServerConfigKeys (ConfUtils.java:logGet(43)) - raft.server.log.queue.byte-limit = 2147483647 (custom)
2019-09-28 06:43:35,707 [pool-409-thread-1] INFO  server.RaftServerConfigKeys (ConfUtils.java:logGet(43)) - raft.server.log.queue.element-limit = 1024 (custom)
2019-09-28 06:43:35,707 [pool-409-thread-1] INFO  server.RaftServerConfigKeys (ConfUtils.java:logGet(43)) - raft.server.log.segment.size.max = 1048576 (custom)
2019-09-28 06:43:35,707 [pool-409-thread-1] INFO  server.RaftServerConfigKeys (ConfUtils.java:logGet(43)) - raft.server.log.preallocated.size = 16384 (custom)
2019-09-28 06:43:35,707 [pool-409-thread-1] INFO  server.RaftServerConfigKeys (ConfUtils.java:logGet(43)) - raft.server.log.write.buffer.size = 33554432 (custom)
2019-09-28 06:43:35,707 [pool-409-thread-1] INFO  server.RaftServerConfigKeys (ConfUtils.java:logGet(43)) - raft.server.log.force.sync.num = 128 (default)
2019-09-28 06:43:35,708 [pool-409-thread-1] INFO  server.RaftServerConfigKeys (ConfUtils.java:logGet(43)) - raft.server.log.statemachine.data.sync = true (default)
2019-09-28 06:43:35,708 [pool-409-thread-1] INFO  server.RaftServerConfigKeys (ConfUtils.java:logGet(43)) - raft.server.log.statemachine.data.sync.timeout = 10s (default)
2019-09-28 06:43:35,708 [pool-409-thread-1] INFO  server.RaftServerConfigKeys (ConfUtils.java:logGet(43)) - raft.server.log.statemachine.data.sync.timeout.retry = -1 (default)
2019-09-28 06:43:35,708 [pool-409-thread-1] INFO  server.RaftServerConfigKeys (ConfUtils.java:logGet(43)) - raft.server.log.statemachine.data.caching.enabled = true (custom)
2019-09-28 06:43:35,709 [pool-409-thread-1] INFO  segmented.SegmentedRaftLogWorker (SegmentedRaftLogWorker.java:lambda$new$0(132)) - 90867d91-fc5b-4720-98ce-e5bb7192dd8f@group-69D5F9C89AC8-SegmentedRaftLogWorker: flushIndex: setUnconditionally 0 -> -1
2019-09-28 06:43:35,709 [pool-409-thread-1] INFO  server.RaftServerConfigKeys (ConfUtils.java:logGet(43)) - raft.server.snapshot.auto.trigger.enabled = true (custom)
2019-09-28 06:43:35,710 [pool-409-thread-1] INFO  server.RaftServerConfigKeys (ConfUtils.java:logGet(43)) - raft.server.snapshot.auto.trigger.threshold = 10000 (custom)
2019-09-28 06:43:35,710 [pool-409-thread-1] INFO  server.RaftServerConfigKeys (ConfUtils.java:logGet(43)) - raft.server.snapshot.retention.num.files = 5 (custom)
2019-09-28 06:43:35,710 [pool-409-thread-1] INFO  server.RaftServerConfigKeys (ConfUtils.java:logGet(43)) - raft.server.retrycache.expirytime = 600000ms (custom)
2019-09-28 06:43:35,712 [pool-409-thread-1] INFO  impl.RaftServerImpl (RaftServerImpl.java:start(185)) - 90867d91-fc5b-4720-98ce-e5bb7192dd8f@group-69D5F9C89AC8: start as a follower, conf=-1: [90867d91-fc5b-4720-98ce-e5bb7192dd8f:192.168.30.10:35346], old=null
2019-09-28 06:43:35,712 [pool-409-thread-1] INFO  impl.RaftServerImpl (RaftServerImpl.java:setRole(174)) - 90867d91-fc5b-4720-98ce-e5bb7192dd8f@group-69D5F9C89AC8: changes role from      null to FOLLOWER at term 0 for startAsFollower
2019-09-28 06:43:35,712 [pool-409-thread-1] INFO  impl.RoleInfo (RoleInfo.java:updateAndGet(143)) - 90867d91-fc5b-4720-98ce-e5bb7192dd8f: start FollowerState
2019-09-28 06:43:35,713 [pool-409-thread-1] INFO  util.JmxRegister (JmxRegister.java:tryRegister(44)) - Successfully registered JMX Bean with object name Ratis:service=RaftServer,group=group-69D5F9C89AC8,id=90867d91-fc5b-4720-98ce-e5bb7192dd8f
2019-09-28 06:43:35,716 [RatisPipelineUtilsThread] INFO  pipeline.PipelineStateManager (PipelineStateManager.java:addPipeline(56)) - Created pipeline Pipeline[ Id: 4020fe33-cf83-4d76-a1a9-69d5f9c89ac8, Nodes: 90867d91-fc5b-4720-98ce-e5bb7192dd8f{ip: 192.168.30.10, host: pr-hdds-2140-hhr7w-2843136654, networkLocation: /default-rack, certSerialId: null}, Type:RATIS, Factor:ONE, State:OPEN]
2019-09-28 06:43:35,723 [grpc-default-executor-10] INFO  impl.RaftServerProxy (RaftServerProxy.java:addNew(89)) - 2bbaf9bb-8e76-4f1f-bdc5-57695e12be87: addNew group-7E8583D3D4A0:[2bbaf9bb-8e76-4f1f-bdc5-57695e12be87:192.168.30.10:38489] returns group-7E8583D3D4A0:java.util.concurrent.CompletableFuture@7e592cb5[Not completed]
2019-09-28 06:43:35,725 [pool-419-thread-1] INFO  impl.RaftServerImpl (RaftServerImpl.java:<init>(95)) - 2bbaf9bb-8e76-4f1f-bdc5-57695e12be87: new RaftServerImpl for group-7E8583D3D4A0:[2bbaf9bb-8e76-4f1f-bdc5-57695e12be87:192.168.30.10:38489] with ContainerStateMachine:uninitialized
2019-09-28 06:43:35,725 [pool-419-thread-1] INFO  server.RaftServerConfigKeys (ConfUtils.java:logGet(43)) - raft.server.rpc.timeout.min = 5s (custom)
2019-09-28 06:43:35,726 [pool-419-thread-1] INFO  server.RaftServerConfigKeys (ConfUtils.java:logGet(43)) - raft.server.rpc.timeout.max = 5200ms (custom)
2019-09-28 06:43:35,726 [pool-419-thread-1] INFO  server.RaftServerConfigKeys (ConfUtils.java:logGet(43)) - raft.server.rpcslowness.timeout = 120s (custom)
2019-09-28 06:43:35,726 [pool-419-thread-1] INFO  server.RaftServerConfigKeys (ConfUtils.java:logGet(43)) - raft.server.sleep.deviation.threshold = 300 (default)
2019-09-28 06:43:35,726 [pool-419-thread-1] INFO  server.RaftServerConfigKeys (ConfUtils.java:logGet(43)) - raft.server.log.appender.install.snapshot.enabled = false (custom)
2019-09-28 06:43:35,726 [pool-419-thread-1] INFO  impl.RaftServerImpl (ServerState.java:<init>(103)) - 2bbaf9bb-8e76-4f1f-bdc5-57695e12be87@group-7E8583D3D4A0: ConfigurationManager, init=-1: [2bbaf9bb-8e76-4f1f-bdc5-57695e12be87:192.168.30.10:38489], old=null, confs=<EMPTY_MAP>
2019-09-28 06:43:35,726 [pool-419-thread-1] INFO  server.RaftServerConfigKeys (ConfUtils.java:logGet(43)) - raft.server.storage.dir = [/workdir/hadoop-ozone/integration-test/target/test-dir/MiniOzoneClusterImpl-5ef598d8-4f4c-4550-8452-dcb673683f2c/datanode-1/data/ratis] (custom)
2019-09-28 06:43:35,727 [pool-419-thread-1] INFO  storage.RaftStorageDirectory (RaftStorageDirectory.java:analyzeStorage(246)) - The storage directory /workdir/hadoop-ozone/integration-test/target/test-dir/MiniOzoneClusterImpl-5ef598d8-4f4c-4550-8452-dcb673683f2c/datanode-1/data/ratis/d44fab9f-33a3-4544-939c-7e8583d3d4a0 does not exist. Creating ...
2019-09-28 06:43:35,752 [pool-419-thread-1] INFO  storage.RaftStorageDirectory (RaftStorageDirectory.java:tryLock(328)) - Lock on /workdir/hadoop-ozone/integration-test/target/test-dir/MiniOzoneClusterImpl-5ef598d8-4f4c-4550-8452-dcb673683f2c/datanode-1/data/ratis/d44fab9f-33a3-4544-939c-7e8583d3d4a0/in_use.lock acquired by nodename 22598@pr-hdds-2140-hhr7w-2843136654
2019-09-28 06:43:35,769 [pool-419-thread-1] INFO  storage.RaftStorage (RaftStorage.java:format(72)) - Storage directory /workdir/hadoop-ozone/integration-test/target/test-dir/MiniOzoneClusterImpl-5ef598d8-4f4c-4550-8452-dcb673683f2c/datanode-1/data/ratis/d44fab9f-33a3-4544-939c-7e8583d3d4a0 has been successfully formatted.
2019-09-28 06:43:35,770 [pool-419-thread-1] INFO  ratis.ContainerStateMachine (ContainerStateMachine.java:loadSnapshot(230)) - group-7E8583D3D4A0: The snapshot info is null. Setting the last applied indexto:(t:0, i:~)
2019-09-28 06:43:35,770 [pool-419-thread-1] INFO  server.RaftServerConfigKeys (ConfUtils.java:logGet(43)) - raft.server.notification.no-leader.timeout = 120s (custom)
2019-09-28 06:43:35,770 [pool-419-thread-1] INFO  server.RaftServerConfigKeys (ConfUtils.java:logGet(43)) - raft.server.log.use.memory = false (default)
2019-09-28 06:43:35,770 [pool-419-thread-1] INFO  server.RaftServerConfigKeys (ConfUtils.java:logGet(43)) - raft.server.log.purge.gap = 1000000 (custom)
2019-09-28 06:43:35,770 [pool-419-thread-1] INFO  server.RaftServerConfigKeys (ConfUtils.java:logGet(43)) - raft.server.log.appender.buffer.byte-limit = 33554432 (custom)
2019-09-28 06:43:35,770 [pool-419-thread-1] INFO  server.RaftServerConfigKeys (ConfUtils.java:logGet(43)) - raft.server.log.segment.size.max = 1048576 (custom)
2019-09-28 06:43:35,771 [pool-419-thread-1] INFO  server.RaftServerConfigKeys (ConfUtils.java:logGet(43)) - raft.server.log.segment.cache.num.max = 2 (custom)
2019-09-28 06:43:35,771 [pool-419-thread-1] INFO  segmented.SegmentedRaftLogWorker (SegmentedRaftLogWorker.java:<init>(172)) - new 2bbaf9bb-8e76-4f1f-bdc5-57695e12be87@group-7E8583D3D4A0-SegmentedRaftLogWorker for RaftStorage:Storage Directory /workdir/hadoop-ozone/integration-test/target/test-dir/MiniOzoneClusterImpl-5ef598d8-4f4c-4550-8452-dcb673683f2c/datanode-1/data/ratis/d44fab9f-33a3-4544-939c-7e8583d3d4a0
2019-09-28 06:43:35,773 [pool-419-thread-1] INFO  server.RaftServerConfigKeys (ConfUtils.java:logGet(43)) - raft.server.log.queue.byte-limit = 2147483647 (custom)
2019-09-28 06:43:35,773 [pool-419-thread-1] INFO  server.RaftServerConfigKeys (ConfUtils.java:logGet(43)) - raft.server.log.queue.element-limit = 1024 (custom)
2019-09-28 06:43:35,773 [pool-419-thread-1] INFO  server.RaftServerConfigKeys (ConfUtils.java:logGet(43)) - raft.server.log.segment.size.max = 1048576 (custom)
2019-09-28 06:43:35,773 [pool-419-thread-1] INFO  server.RaftServerConfigKeys (ConfUtils.java:logGet(43)) - raft.server.log.preallocated.size = 16384 (custom)
2019-09-28 06:43:35,773 [pool-419-thread-1] INFO  server.RaftServerConfigKeys (ConfUtils.java:logGet(43)) - raft.server.log.write.buffer.size = 33554432 (custom)
2019-09-28 06:43:35,774 [pool-419-thread-1] INFO  server.RaftServerConfigKeys (ConfUtils.java:logGet(43)) - raft.server.log.force.sync.num = 128 (default)
2019-09-28 06:43:35,774 [pool-419-thread-1] INFO  server.RaftServerConfigKeys (ConfUtils.java:logGet(43)) - raft.server.log.statemachine.data.sync = true (default)
2019-09-28 06:43:35,774 [pool-419-thread-1] INFO  server.RaftServerConfigKeys (ConfUtils.java:logGet(43)) - raft.server.log.statemachine.data.sync.timeout = 10s (default)
2019-09-28 06:43:35,774 [pool-419-thread-1] INFO  server.RaftServerConfigKeys (ConfUtils.java:logGet(43)) - raft.server.log.statemachine.data.sync.timeout.retry = -1 (default)
2019-09-28 06:43:35,774 [pool-419-thread-1] INFO  server.RaftServerConfigKeys (ConfUtils.java:logGet(43)) - raft.server.log.statemachine.data.caching.enabled = true (custom)
2019-09-28 06:43:35,774 [pool-419-thread-1] INFO  segmented.SegmentedRaftLogWorker (SegmentedRaftLogWorker.java:lambda$new$0(132)) - 2bbaf9bb-8e76-4f1f-bdc5-57695e12be87@group-7E8583D3D4A0-SegmentedRaftLogWorker: flushIndex: setUnconditionally 0 -> -1
2019-09-28 06:43:35,775 [pool-419-thread-1] INFO  server.RaftServerConfigKeys (ConfUtils.java:logGet(43)) - raft.server.snapshot.auto.trigger.enabled = true (custom)
2019-09-28 06:43:35,775 [pool-419-thread-1] INFO  server.RaftServerConfigKeys (ConfUtils.java:logGet(43)) - raft.server.snapshot.auto.trigger.threshold = 10000 (custom)
2019-09-28 06:43:35,775 [pool-419-thread-1] INFO  server.RaftServerConfigKeys (ConfUtils.java:logGet(43)) - raft.server.snapshot.retention.num.files = 5 (custom)
2019-09-28 06:43:35,775 [pool-419-thread-1] INFO  server.RaftServerConfigKeys (ConfUtils.java:logGet(43)) - raft.server.retrycache.expirytime = 600000ms (custom)
2019-09-28 06:43:35,777 [pool-419-thread-1] INFO  impl.RaftServerImpl (RaftServerImpl.java:start(185)) - 2bbaf9bb-8e76-4f1f-bdc5-57695e12be87@group-7E8583D3D4A0: start as a follower, conf=-1: [2bbaf9bb-8e76-4f1f-bdc5-57695e12be87:192.168.30.10:38489], old=null
2019-09-28 06:43:35,777 [pool-419-thread-1] INFO  impl.RaftServerImpl (RaftServerImpl.java:setRole(174)) - 2bbaf9bb-8e76-4f1f-bdc5-57695e12be87@group-7E8583D3D4A0: changes role from      null to FOLLOWER at term 0 for startAsFollower
2019-09-28 06:43:35,777 [pool-419-thread-1] INFO  impl.RoleInfo (RoleInfo.java:updateAndGet(143)) - 2bbaf9bb-8e76-4f1f-bdc5-57695e12be87: start FollowerState
2019-09-28 06:43:35,777 [pool-419-thread-1] INFO  util.JmxRegister (JmxRegister.java:tryRegister(44)) - Successfully registered JMX Bean with object name Ratis:service=RaftServer,group=group-7E8583D3D4A0,id=2bbaf9bb-8e76-4f1f-bdc5-57695e12be87
2019-09-28 06:43:35,779 [RatisPipelineUtilsThread] INFO  pipeline.PipelineStateManager (PipelineStateManager.java:addPipeline(56)) - Created pipeline Pipeline[ Id: d44fab9f-33a3-4544-939c-7e8583d3d4a0, Nodes: 2bbaf9bb-8e76-4f1f-bdc5-57695e12be87{ip: 192.168.30.10, host: pr-hdds-2140-hhr7w-2843136654, networkLocation: /default-rack, certSerialId: null}, Type:RATIS, Factor:ONE, State:OPEN]
2019-09-28 06:43:35,787 [IPC Server handler 1 on 32962] INFO  net.NetworkTopology (NetworkTopologyImpl.java:add(111)) - Added a new node: /default-rack/4a946cc1-50b2-4a30-83de-5133ac6d0240
2019-09-28 06:43:35,787 [IPC Server handler 1 on 32962] INFO  node.SCMNodeManager (SCMNodeManager.java:register(266)) - Registered Data node : 4a946cc1-50b2-4a30-83de-5133ac6d0240{ip: 192.168.30.10, host: pr-hdds-2140-hhr7w-2843136654, networkLocation: /default-rack, certSerialId: null}
2019-09-28 06:43:35,793 [grpc-default-executor-10] INFO  impl.RaftServerProxy (RaftServerProxy.java:addNew(89)) - 4a946cc1-50b2-4a30-83de-5133ac6d0240: addNew group-E08FEA36F8D2:[4a946cc1-50b2-4a30-83de-5133ac6d0240:192.168.30.10:44959] returns group-E08FEA36F8D2:java.util.concurrent.CompletableFuture@14f77186[Not completed]
2019-09-28 06:43:35,795 [pool-429-thread-1] INFO  impl.RaftServerImpl (RaftServerImpl.java:<init>(95)) - 4a946cc1-50b2-4a30-83de-5133ac6d0240: new RaftServerImpl for group-E08FEA36F8D2:[4a946cc1-50b2-4a30-83de-5133ac6d0240:192.168.30.10:44959] with ContainerStateMachine:uninitialized
2019-09-28 06:43:35,795 [pool-429-thread-1] INFO  server.RaftServerConfigKeys (ConfUtils.java:logGet(43)) - raft.server.rpc.timeout.min = 5s (custom)
2019-09-28 06:43:35,795 [pool-429-thread-1] INFO  server.RaftServerConfigKeys (ConfUtils.java:logGet(43)) - raft.server.rpc.timeout.max = 5200ms (custom)
2019-09-28 06:43:35,795 [pool-429-thread-1] INFO  server.RaftServerConfigKeys (ConfUtils.java:logGet(43)) - raft.server.rpcslowness.timeout = 120s (custom)
2019-09-28 06:43:35,795 [pool-429-thread-1] INFO  server.RaftServerConfigKeys (ConfUtils.java:logGet(43)) - raft.server.sleep.deviation.threshold = 300 (default)
2019-09-28 06:43:35,795 [pool-429-thread-1] INFO  server.RaftServerConfigKeys (ConfUtils.java:logGet(43)) - raft.server.log.appender.install.snapshot.enabled = false (custom)
2019-09-28 06:43:35,795 [pool-429-thread-1] INFO  impl.RaftServerImpl (ServerState.java:<init>(103)) - 4a946cc1-50b2-4a30-83de-5133ac6d0240@group-E08FEA36F8D2: ConfigurationManager, init=-1: [4a946cc1-50b2-4a30-83de-5133ac6d0240:192.168.30.10:44959], old=null, confs=<EMPTY_MAP>
2019-09-28 06:43:35,795 [pool-429-thread-1] INFO  server.RaftServerConfigKeys (ConfUtils.java:logGet(43)) - raft.server.storage.dir = [/workdir/hadoop-ozone/integration-test/target/test-dir/MiniOzoneClusterImpl-5ef598d8-4f4c-4550-8452-dcb673683f2c/datanode-2/data/ratis] (custom)
2019-09-28 06:43:35,796 [pool-429-thread-1] INFO  storage.RaftStorageDirectory (RaftStorageDirectory.java:analyzeStorage(246)) - The storage directory /workdir/hadoop-ozone/integration-test/target/test-dir/MiniOzoneClusterImpl-5ef598d8-4f4c-4550-8452-dcb673683f2c/datanode-2/data/ratis/803c904b-5d38-4078-8bba-e08fea36f8d2 does not exist. Creating ...
2019-09-28 06:43:35,820 [pool-429-thread-1] INFO  storage.RaftStorageDirectory (RaftStorageDirectory.java:tryLock(328)) - Lock on /workdir/hadoop-ozone/integration-test/target/test-dir/MiniOzoneClusterImpl-5ef598d8-4f4c-4550-8452-dcb673683f2c/datanode-2/data/ratis/803c904b-5d38-4078-8bba-e08fea36f8d2/in_use.lock acquired by nodename 22598@pr-hdds-2140-hhr7w-2843136654
2019-09-28 06:43:35,837 [pool-429-thread-1] INFO  storage.RaftStorage (RaftStorage.java:format(72)) - Storage directory /workdir/hadoop-ozone/integration-test/target/test-dir/MiniOzoneClusterImpl-5ef598d8-4f4c-4550-8452-dcb673683f2c/datanode-2/data/ratis/803c904b-5d38-4078-8bba-e08fea36f8d2 has been successfully formatted.
2019-09-28 06:43:35,837 [pool-429-thread-1] INFO  ratis.ContainerStateMachine (ContainerStateMachine.java:loadSnapshot(230)) - group-E08FEA36F8D2: The snapshot info is null. Setting the last applied indexto:(t:0, i:~)
2019-09-28 06:43:35,837 [pool-429-thread-1] INFO  server.RaftServerConfigKeys (ConfUtils.java:logGet(43)) - raft.server.notification.no-leader.timeout = 120s (custom)
2019-09-28 06:43:35,837 [pool-429-thread-1] INFO  server.RaftServerConfigKeys (ConfUtils.java:logGet(43)) - raft.server.log.use.memory = false (default)
2019-09-28 06:43:35,837 [pool-429-thread-1] INFO  server.RaftServerConfigKeys (ConfUtils.java:logGet(43)) - raft.server.log.purge.gap = 1000000 (custom)
2019-09-28 06:43:35,838 [pool-429-thread-1] INFO  server.RaftServerConfigKeys (ConfUtils.java:logGet(43)) - raft.server.log.appender.buffer.byte-limit = 33554432 (custom)
2019-09-28 06:43:35,838 [pool-429-thread-1] INFO  server.RaftServerConfigKeys (ConfUtils.java:logGet(43)) - raft.server.log.segment.size.max = 1048576 (custom)
2019-09-28 06:43:35,838 [pool-429-thread-1] INFO  server.RaftServerConfigKeys (ConfUtils.java:logGet(43)) - raft.server.log.segment.cache.num.max = 2 (custom)
2019-09-28 06:43:35,838 [pool-429-thread-1] INFO  segmented.SegmentedRaftLogWorker (SegmentedRaftLogWorker.java:<init>(172)) - new 4a946cc1-50b2-4a30-83de-5133ac6d0240@group-E08FEA36F8D2-SegmentedRaftLogWorker for RaftStorage:Storage Directory /workdir/hadoop-ozone/integration-test/target/test-dir/MiniOzoneClusterImpl-5ef598d8-4f4c-4550-8452-dcb673683f2c/datanode-2/data/ratis/803c904b-5d38-4078-8bba-e08fea36f8d2
2019-09-28 06:43:35,839 [pool-429-thread-1] INFO  server.RaftServerConfigKeys (ConfUtils.java:logGet(43)) - raft.server.log.queue.byte-limit = 2147483647 (custom)
2019-09-28 06:43:35,839 [pool-429-thread-1] INFO  server.RaftServerConfigKeys (ConfUtils.java:logGet(43)) - raft.server.log.queue.element-limit = 1024 (custom)
2019-09-28 06:43:35,839 [pool-429-thread-1] INFO  server.RaftServerConfigKeys (ConfUtils.java:logGet(43)) - raft.server.log.segment.size.max = 1048576 (custom)
2019-09-28 06:43:35,840 [pool-429-thread-1] INFO  server.RaftServerConfigKeys (ConfUtils.java:logGet(43)) - raft.server.log.preallocated.size = 16384 (custom)
2019-09-28 06:43:35,840 [pool-429-thread-1] INFO  server.RaftServerConfigKeys (ConfUtils.java:logGet(43)) - raft.server.log.write.buffer.size = 33554432 (custom)
2019-09-28 06:43:35,840 [pool-429-thread-1] INFO  server.RaftServerConfigKeys (ConfUtils.java:logGet(43)) - raft.server.log.force.sync.num = 128 (default)
2019-09-28 06:43:35,840 [pool-429-thread-1] INFO  server.RaftServerConfigKeys (ConfUtils.java:logGet(43)) - raft.server.log.statemachine.data.sync = true (default)
2019-09-28 06:43:35,840 [pool-429-thread-1] INFO  server.RaftServerConfigKeys (ConfUtils.java:logGet(43)) - raft.server.log.statemachine.data.sync.timeout = 10s (default)
2019-09-28 06:43:35,840 [pool-429-thread-1] INFO  server.RaftServerConfigKeys (ConfUtils.java:logGet(43)) - raft.server.log.statemachine.data.sync.timeout.retry = -1 (default)
2019-09-28 06:43:35,840 [pool-429-thread-1] INFO  server.RaftServerConfigKeys (ConfUtils.java:logGet(43)) - raft.server.log.statemachine.data.caching.enabled = true (custom)
2019-09-28 06:43:35,841 [pool-429-thread-1] INFO  segmented.SegmentedRaftLogWorker (SegmentedRaftLogWorker.java:lambda$new$0(132)) - 4a946cc1-50b2-4a30-83de-5133ac6d0240@group-E08FEA36F8D2-SegmentedRaftLogWorker: flushIndex: setUnconditionally 0 -> -1
2019-09-28 06:43:35,841 [pool-429-thread-1] INFO  server.RaftServerConfigKeys (ConfUtils.java:logGet(43)) - raft.server.snapshot.auto.trigger.enabled = true (custom)
2019-09-28 06:43:35,841 [pool-429-thread-1] INFO  server.RaftServerConfigKeys (ConfUtils.java:logGet(43)) - raft.server.snapshot.auto.trigger.threshold = 10000 (custom)
2019-09-28 06:43:35,841 [pool-429-thread-1] INFO  server.RaftServerConfigKeys (ConfUtils.java:logGet(43)) - raft.server.snapshot.retention.num.files = 5 (custom)
2019-09-28 06:43:35,841 [pool-429-thread-1] INFO  server.RaftServerConfigKeys (ConfUtils.java:logGet(43)) - raft.server.retrycache.expirytime = 600000ms (custom)
2019-09-28 06:43:35,844 [pool-429-thread-1] INFO  impl.RaftServerImpl (RaftServerImpl.java:start(185)) - 4a946cc1-50b2-4a30-83de-5133ac6d0240@group-E08FEA36F8D2: start as a follower, conf=-1: [4a946cc1-50b2-4a30-83de-5133ac6d0240:192.168.30.10:44959], old=null
2019-09-28 06:43:35,844 [pool-429-thread-1] INFO  impl.RaftServerImpl (RaftServerImpl.java:setRole(174)) - 4a946cc1-50b2-4a30-83de-5133ac6d0240@group-E08FEA36F8D2: changes role from      null to FOLLOWER at term 0 for startAsFollower
2019-09-28 06:43:35,844 [pool-429-thread-1] INFO  impl.RoleInfo (RoleInfo.java:updateAndGet(143)) - 4a946cc1-50b2-4a30-83de-5133ac6d0240: start FollowerState
2019-09-28 06:43:35,844 [pool-429-thread-1] INFO  util.JmxRegister (JmxRegister.java:tryRegister(44)) - Successfully registered JMX Bean with object name Ratis:service=RaftServer,group=group-E08FEA36F8D2,id=4a946cc1-50b2-4a30-83de-5133ac6d0240
2019-09-28 06:43:35,846 [RatisPipelineUtilsThread] INFO  pipeline.PipelineStateManager (PipelineStateManager.java:addPipeline(56)) - Created pipeline Pipeline[ Id: 803c904b-5d38-4078-8bba-e08fea36f8d2, Nodes: 4a946cc1-50b2-4a30-83de-5133ac6d0240{ip: 192.168.30.10, host: pr-hdds-2140-hhr7w-2843136654, networkLocation: /default-rack, certSerialId: null}, Type:RATIS, Factor:ONE, State:OPEN]
2019-09-28 06:43:35,861 [grpc-default-executor-8] INFO  impl.RaftServerProxy (RaftServerProxy.java:addNew(89)) - 4a946cc1-50b2-4a30-83de-5133ac6d0240: addNew group-005B10147705:[90867d91-fc5b-4720-98ce-e5bb7192dd8f:192.168.30.10:35346, 2bbaf9bb-8e76-4f1f-bdc5-57695e12be87:192.168.30.10:38489, 4a946cc1-50b2-4a30-83de-5133ac6d0240:192.168.30.10:44959] returns group-005B10147705:java.util.concurrent.CompletableFuture@5db740c3[Not completed]
2019-09-28 06:43:35,861 [grpc-default-executor-9] INFO  impl.RaftServerProxy (RaftServerProxy.java:addNew(89)) - 90867d91-fc5b-4720-98ce-e5bb7192dd8f: addNew group-005B10147705:[90867d91-fc5b-4720-98ce-e5bb7192dd8f:192.168.30.10:35346, 2bbaf9bb-8e76-4f1f-bdc5-57695e12be87:192.168.30.10:38489, 4a946cc1-50b2-4a30-83de-5133ac6d0240:192.168.30.10:44959] returns group-005B10147705:java.util.concurrent.CompletableFuture@6e68198e[Not completed]
2019-09-28 06:43:35,861 [pool-429-thread-1] INFO  impl.RaftServerImpl (RaftServerImpl.java:<init>(95)) - 4a946cc1-50b2-4a30-83de-5133ac6d0240: new RaftServerImpl for group-005B10147705:[90867d91-fc5b-4720-98ce-e5bb7192dd8f:192.168.30.10:35346, 2bbaf9bb-8e76-4f1f-bdc5-57695e12be87:192.168.30.10:38489, 4a946cc1-50b2-4a30-83de-5133ac6d0240:192.168.30.10:44959] with ContainerStateMachine:uninitialized
2019-09-28 06:43:35,862 [pool-429-thread-1] INFO  server.RaftServerConfigKeys (ConfUtils.java:logGet(43)) - raft.server.rpc.timeout.min = 5s (custom)
2019-09-28 06:43:35,862 [pool-429-thread-1] INFO  server.RaftServerConfigKeys (ConfUtils.java:logGet(43)) - raft.server.rpc.timeout.max = 5200ms (custom)
2019-09-28 06:43:35,862 [pool-429-thread-1] INFO  server.RaftServerConfigKeys (ConfUtils.java:logGet(43)) - raft.server.rpcslowness.timeout = 120s (custom)
2019-09-28 06:43:35,862 [grpc-default-executor-9] INFO  impl.RaftServerProxy (RaftServerProxy.java:addNew(89)) - 2bbaf9bb-8e76-4f1f-bdc5-57695e12be87: addNew group-005B10147705:[90867d91-fc5b-4720-98ce-e5bb7192dd8f:192.168.30.10:35346, 2bbaf9bb-8e76-4f1f-bdc5-57695e12be87:192.168.30.10:38489, 4a946cc1-50b2-4a30-83de-5133ac6d0240:192.168.30.10:44959] returns group-005B10147705:java.util.concurrent.CompletableFuture@a3b8ae4[Not completed]
2019-09-28 06:43:35,862 [pool-409-thread-1] INFO  impl.RaftServerImpl (RaftServerImpl.java:<init>(95)) - 90867d91-fc5b-4720-98ce-e5bb7192dd8f: new RaftServerImpl for group-005B10147705:[90867d91-fc5b-4720-98ce-e5bb7192dd8f:192.168.30.10:35346, 2bbaf9bb-8e76-4f1f-bdc5-57695e12be87:192.168.30.10:38489, 4a946cc1-50b2-4a30-83de-5133ac6d0240:192.168.30.10:44959] with ContainerStateMachine:uninitialized
2019-09-28 06:43:35,862 [pool-429-thread-1] INFO  server.RaftServerConfigKeys (ConfUtils.java:logGet(43)) - raft.server.sleep.deviation.threshold = 300 (default)
2019-09-28 06:43:35,862 [pool-409-thread-1] INFO  server.RaftServerConfigKeys (ConfUtils.java:logGet(43)) - raft.server.rpc.timeout.min = 5s (custom)
2019-09-28 06:43:35,862 [pool-429-thread-1] INFO  server.RaftServerConfigKeys (ConfUtils.java:logGet(43)) - raft.server.log.appender.install.snapshot.enabled = false (custom)
2019-09-28 06:43:35,862 [pool-409-thread-1] INFO  server.RaftServerConfigKeys (ConfUtils.java:logGet(43)) - raft.server.rpc.timeout.max = 5200ms (custom)
2019-09-28 06:43:35,862 [pool-429-thread-1] INFO  impl.RaftServerImpl (ServerState.java:<init>(103)) - 4a946cc1-50b2-4a30-83de-5133ac6d0240@group-005B10147705: ConfigurationManager, init=-1: [90867d91-fc5b-4720-98ce-e5bb7192dd8f:192.168.30.10:35346, 2bbaf9bb-8e76-4f1f-bdc5-57695e12be87:192.168.30.10:38489, 4a946cc1-50b2-4a30-83de-5133ac6d0240:192.168.30.10:44959], old=null, confs=<EMPTY_MAP>
2019-09-28 06:43:35,862 [pool-409-thread-1] INFO  server.RaftServerConfigKeys (ConfUtils.java:logGet(43)) - raft.server.rpcslowness.timeout = 120s (custom)
2019-09-28 06:43:35,863 [pool-429-thread-1] INFO  server.RaftServerConfigKeys (ConfUtils.java:logGet(43)) - raft.server.storage.dir = [/workdir/hadoop-ozone/integration-test/target/test-dir/MiniOzoneClusterImpl-5ef598d8-4f4c-4550-8452-dcb673683f2c/datanode-2/data/ratis] (custom)
2019-09-28 06:43:35,863 [IPC Server handler 3 on 32962] INFO  net.NetworkTopology (NetworkTopologyImpl.java:add(111)) - Added a new node: /default-rack/870fbdd8-a74b-4e83-97b6-9e59d51c949a
2019-09-28 06:43:35,863 [pool-429-thread-1] INFO  storage.RaftStorageDirectory (RaftStorageDirectory.java:analyzeStorage(246)) - The storage directory /workdir/hadoop-ozone/integration-test/target/test-dir/MiniOzoneClusterImpl-5ef598d8-4f4c-4550-8452-dcb673683f2c/datanode-2/data/ratis/43083847-e59b-4eb8-a37d-005b10147705 does not exist. Creating ...
2019-09-28 06:43:35,863 [pool-409-thread-1] INFO  server.RaftServerConfigKeys (ConfUtils.java:logGet(43)) - raft.server.sleep.deviation.threshold = 300 (default)
2019-09-28 06:43:35,863 [IPC Server handler 3 on 32962] INFO  node.SCMNodeManager (SCMNodeManager.java:register(266)) - Registered Data node : 870fbdd8-a74b-4e83-97b6-9e59d51c949a{ip: 192.168.30.10, host: pr-hdds-2140-hhr7w-2843136654, networkLocation: /default-rack, certSerialId: null}
2019-09-28 06:43:35,863 [pool-419-thread-1] INFO  impl.RaftServerImpl (RaftServerImpl.java:<init>(95)) - 2bbaf9bb-8e76-4f1f-bdc5-57695e12be87: new RaftServerImpl for group-005B10147705:[90867d91-fc5b-4720-98ce-e5bb7192dd8f:192.168.30.10:35346, 2bbaf9bb-8e76-4f1f-bdc5-57695e12be87:192.168.30.10:38489, 4a946cc1-50b2-4a30-83de-5133ac6d0240:192.168.30.10:44959] with ContainerStateMachine:uninitialized
2019-09-28 06:43:35,863 [pool-409-thread-1] INFO  server.RaftServerConfigKeys (ConfUtils.java:logGet(43)) - raft.server.log.appender.install.snapshot.enabled = false (custom)
2019-09-28 06:43:35,863 [pool-419-thread-1] INFO  server.RaftServerConfigKeys (ConfUtils.java:logGet(43)) - raft.server.rpc.timeout.min = 5s (custom)
2019-09-28 06:43:35,864 [pool-409-thread-1] INFO  impl.RaftServerImpl (ServerState.java:<init>(103)) - 90867d91-fc5b-4720-98ce-e5bb7192dd8f@group-005B10147705: ConfigurationManager, init=-1: [90867d91-fc5b-4720-98ce-e5bb7192dd8f:192.168.30.10:35346, 2bbaf9bb-8e76-4f1f-bdc5-57695e12be87:192.168.30.10:38489, 4a946cc1-50b2-4a30-83de-5133ac6d0240:192.168.30.10:44959], old=null, confs=<EMPTY_MAP>
2019-09-28 06:43:35,864 [pool-419-thread-1] INFO  server.RaftServerConfigKeys (ConfUtils.java:logGet(43)) - raft.server.rpc.timeout.max = 5200ms (custom)
2019-09-28 06:43:35,864 [pool-409-thread-1] INFO  server.RaftServerConfigKeys (ConfUtils.java:logGet(43)) - raft.server.storage.dir = [/workdir/hadoop-ozone/integration-test/target/test-dir/MiniOzoneClusterImpl-5ef598d8-4f4c-4550-8452-dcb673683f2c/datanode-0/data/ratis] (custom)
2019-09-28 06:43:35,864 [pool-419-thread-1] INFO  server.RaftServerConfigKeys (ConfUtils.java:logGet(43)) - raft.server.rpcslowness.timeout = 120s (custom)
2019-09-28 06:43:35,864 [pool-419-thread-1] INFO  server.RaftServerConfigKeys (ConfUtils.java:logGet(43)) - raft.server.sleep.deviation.threshold = 300 (default)
2019-09-28 06:43:35,864 [pool-409-thread-1] INFO  storage.RaftStorageDirectory (RaftStorageDirectory.java:analyzeStorage(246)) - The storage directory /workdir/hadoop-ozone/integration-test/target/test-dir/MiniOzoneClusterImpl-5ef598d8-4f4c-4550-8452-dcb673683f2c/datanode-0/data/ratis/43083847-e59b-4eb8-a37d-005b10147705 does not exist. Creating ...
2019-09-28 06:43:35,864 [pool-419-thread-1] INFO  server.RaftServerConfigKeys (ConfUtils.java:logGet(43)) - raft.server.log.appender.install.snapshot.enabled = false (custom)
2019-09-28 06:43:35,865 [pool-419-thread-1] INFO  impl.RaftServerImpl (ServerState.java:<init>(103)) - 2bbaf9bb-8e76-4f1f-bdc5-57695e12be87@group-005B10147705: ConfigurationManager, init=-1: [90867d91-fc5b-4720-98ce-e5bb7192dd8f:192.168.30.10:35346, 2bbaf9bb-8e76-4f1f-bdc5-57695e12be87:192.168.30.10:38489, 4a946cc1-50b2-4a30-83de-5133ac6d0240:192.168.30.10:44959], old=null, confs=<EMPTY_MAP>
2019-09-28 06:43:35,865 [pool-419-thread-1] INFO  server.RaftServerConfigKeys (ConfUtils.java:logGet(43)) - raft.server.storage.dir = [/workdir/hadoop-ozone/integration-test/target/test-dir/MiniOzoneClusterImpl-5ef598d8-4f4c-4550-8452-dcb673683f2c/datanode-1/data/ratis] (custom)
2019-09-28 06:43:35,865 [pool-419-thread-1] INFO  storage.RaftStorageDirectory (RaftStorageDirectory.java:analyzeStorage(246)) - The storage directory /workdir/hadoop-ozone/integration-test/target/test-dir/MiniOzoneClusterImpl-5ef598d8-4f4c-4550-8452-dcb673683f2c/datanode-1/data/ratis/43083847-e59b-4eb8-a37d-005b10147705 does not exist. Creating ...
2019-09-28 06:43:35,888 [pool-419-thread-1] INFO  storage.RaftStorageDirectory (RaftStorageDirectory.java:tryLock(328)) - Lock on /workdir/hadoop-ozone/integration-test/target/test-dir/MiniOzoneClusterImpl-5ef598d8-4f4c-4550-8452-dcb673683f2c/datanode-1/data/ratis/43083847-e59b-4eb8-a37d-005b10147705/in_use.lock acquired by nodename 22598@pr-hdds-2140-hhr7w-2843136654
2019-09-28 06:43:35,888 [pool-429-thread-1] INFO  storage.RaftStorageDirectory (RaftStorageDirectory.java:tryLock(328)) - Lock on /workdir/hadoop-ozone/integration-test/target/test-dir/MiniOzoneClusterImpl-5ef598d8-4f4c-4550-8452-dcb673683f2c/datanode-2/data/ratis/43083847-e59b-4eb8-a37d-005b10147705/in_use.lock acquired by nodename 22598@pr-hdds-2140-hhr7w-2843136654
2019-09-28 06:43:35,888 [pool-409-thread-1] INFO  storage.RaftStorageDirectory (RaftStorageDirectory.java:tryLock(328)) - Lock on /workdir/hadoop-ozone/integration-test/target/test-dir/MiniOzoneClusterImpl-5ef598d8-4f4c-4550-8452-dcb673683f2c/datanode-0/data/ratis/43083847-e59b-4eb8-a37d-005b10147705/in_use.lock acquired by nodename 22598@pr-hdds-2140-hhr7w-2843136654
2019-09-28 06:43:35,913 [pool-409-thread-1] INFO  storage.RaftStorage (RaftStorage.java:format(72)) - Storage directory /workdir/hadoop-ozone/integration-test/target/test-dir/MiniOzoneClusterImpl-5ef598d8-4f4c-4550-8452-dcb673683f2c/datanode-0/data/ratis/43083847-e59b-4eb8-a37d-005b10147705 has been successfully formatted.
2019-09-28 06:43:35,913 [pool-429-thread-1] INFO  storage.RaftStorage (RaftStorage.java:format(72)) - Storage directory /workdir/hadoop-ozone/integration-test/target/test-dir/MiniOzoneClusterImpl-5ef598d8-4f4c-4550-8452-dcb673683f2c/datanode-2/data/ratis/43083847-e59b-4eb8-a37d-005b10147705 has been successfully formatted.
2019-09-28 06:43:35,913 [pool-419-thread-1] INFO  storage.RaftStorage (RaftStorage.java:format(72)) - Storage directory /workdir/hadoop-ozone/integration-test/target/test-dir/MiniOzoneClusterImpl-5ef598d8-4f4c-4550-8452-dcb673683f2c/datanode-1/data/ratis/43083847-e59b-4eb8-a37d-005b10147705 has been successfully formatted.
2019-09-28 06:43:35,914 [pool-429-thread-1] INFO  ratis.ContainerStateMachine (ContainerStateMachine.java:loadSnapshot(230)) - group-005B10147705: The snapshot info is null. Setting the last applied indexto:(t:0, i:~)
2019-09-28 06:43:35,913 [pool-409-thread-1] INFO  ratis.ContainerStateMachine (ContainerStateMachine.java:loadSnapshot(230)) - group-005B10147705: The snapshot info is null. Setting the last applied indexto:(t:0, i:~)
2019-09-28 06:43:35,914 [pool-429-thread-1] INFO  server.RaftServerConfigKeys (ConfUtils.java:logGet(43)) - raft.server.notification.no-leader.timeout = 120s (custom)
2019-09-28 06:43:35,914 [pool-419-thread-1] INFO  ratis.ContainerStateMachine (ContainerStateMachine.java:loadSnapshot(230)) - group-005B10147705: The snapshot info is null. Setting the last applied indexto:(t:0, i:~)
2019-09-28 06:43:35,914 [pool-429-thread-1] INFO  server.RaftServerConfigKeys (ConfUtils.java:logGet(43)) - raft.server.log.use.memory = false (default)
2019-09-28 06:43:35,914 [pool-409-thread-1] INFO  server.RaftServerConfigKeys (ConfUtils.java:logGet(43)) - raft.server.notification.no-leader.timeout = 120s (custom)
2019-09-28 06:43:35,914 [pool-429-thread-1] INFO  server.RaftServerConfigKeys (ConfUtils.java:logGet(43)) - raft.server.log.purge.gap = 1000000 (custom)
2019-09-28 06:43:35,914 [pool-419-thread-1] INFO  server.RaftServerConfigKeys (ConfUtils.java:logGet(43)) - raft.server.notification.no-leader.timeout = 120s (custom)
2019-09-28 06:43:35,915 [pool-429-thread-1] INFO  server.RaftServerConfigKeys (ConfUtils.java:logGet(43)) - raft.server.log.appender.buffer.byte-limit = 33554432 (custom)
2019-09-28 06:43:35,914 [pool-409-thread-1] INFO  server.RaftServerConfigKeys (ConfUtils.java:logGet(43)) - raft.server.log.use.memory = false (default)
2019-09-28 06:43:35,915 [pool-429-thread-1] INFO  server.RaftServerConfigKeys (ConfUtils.java:logGet(43)) - raft.server.log.segment.size.max = 1048576 (custom)
2019-09-28 06:43:35,915 [pool-419-thread-1] INFO  server.RaftServerConfigKeys (ConfUtils.java:logGet(43)) - raft.server.log.use.memory = false (default)
2019-09-28 06:43:35,915 [pool-429-thread-1] INFO  server.RaftServerConfigKeys (ConfUtils.java:logGet(43)) - raft.server.log.segment.cache.num.max = 2 (custom)
2019-09-28 06:43:35,915 [pool-409-thread-1] INFO  server.RaftServerConfigKeys (ConfUtils.java:logGet(43)) - raft.server.log.purge.gap = 1000000 (custom)
2019-09-28 06:43:35,915 [pool-429-thread-1] INFO  segmented.SegmentedRaftLogWorker (SegmentedRaftLogWorker.java:<init>(172)) - new 4a946cc1-50b2-4a30-83de-5133ac6d0240@group-005B10147705-SegmentedRaftLogWorker for RaftStorage:Storage Directory /workdir/hadoop-ozone/integration-test/target/test-dir/MiniOzoneClusterImpl-5ef598d8-4f4c-4550-8452-dcb673683f2c/datanode-2/data/ratis/43083847-e59b-4eb8-a37d-005b10147705
2019-09-28 06:43:35,915 [pool-419-thread-1] INFO  server.RaftServerConfigKeys (ConfUtils.java:logGet(43)) - raft.server.log.purge.gap = 1000000 (custom)
2019-09-28 06:43:35,916 [pool-429-thread-1] INFO  server.RaftServerConfigKeys (ConfUtils.java:logGet(43)) - raft.server.log.queue.byte-limit = 2147483647 (custom)
2019-09-28 06:43:35,916 [pool-409-thread-1] INFO  server.RaftServerConfigKeys (ConfUtils.java:logGet(43)) - raft.server.log.appender.buffer.byte-limit = 33554432 (custom)
2019-09-28 06:43:35,916 [pool-429-thread-1] INFO  server.RaftServerConfigKeys (ConfUtils.java:logGet(43)) - raft.server.log.queue.element-limit = 1024 (custom)
2019-09-28 06:43:35,916 [pool-419-thread-1] INFO  server.RaftServerConfigKeys (ConfUtils.java:logGet(43)) - raft.server.log.appender.buffer.byte-limit = 33554432 (custom)
2019-09-28 06:43:35,916 [pool-429-thread-1] INFO  server.RaftServerConfigKeys (ConfUtils.java:logGet(43)) - raft.server.log.segment.size.max = 1048576 (custom)
2019-09-28 06:43:35,916 [pool-409-thread-1] INFO  server.RaftServerConfigKeys (ConfUtils.java:logGet(43)) - raft.server.log.segment.size.max = 1048576 (custom)
2019-09-28 06:43:35,916 [pool-429-thread-1] INFO  server.RaftServerConfigKeys (ConfUtils.java:logGet(43)) - raft.server.log.preallocated.size = 16384 (custom)
2019-09-28 06:43:35,917 [pool-429-thread-1] INFO  server.RaftServerConfigKeys (ConfUtils.java:logGet(43)) - raft.server.log.write.buffer.size = 33554432 (custom)
2019-09-28 06:43:35,916 [pool-419-thread-1] INFO  server.RaftServerConfigKeys (ConfUtils.java:logGet(43)) - raft.server.log.segment.size.max = 1048576 (custom)
2019-09-28 06:43:35,917 [pool-429-thread-1] INFO  server.RaftServerConfigKeys (ConfUtils.java:logGet(43)) - raft.server.log.force.sync.num = 128 (default)
2019-09-28 06:43:35,917 [pool-409-thread-1] INFO  server.RaftServerConfigKeys (ConfUtils.java:logGet(43)) - raft.server.log.segment.cache.num.max = 2 (custom)
2019-09-28 06:43:35,917 [pool-429-thread-1] INFO  server.RaftServerConfigKeys (ConfUtils.java:logGet(43)) - raft.server.log.statemachine.data.sync = true (default)
2019-09-28 06:43:35,917 [pool-419-thread-1] INFO  server.RaftServerConfigKeys (ConfUtils.java:logGet(43)) - raft.server.log.segment.cache.num.max = 2 (custom)
2019-09-28 06:43:35,917 [pool-429-thread-1] INFO  server.RaftServerConfigKeys (ConfUtils.java:logGet(43)) - raft.server.log.statemachine.data.sync.timeout = 10s (default)
2019-09-28 06:43:35,917 [pool-409-thread-1] INFO  segmented.SegmentedRaftLogWorker (SegmentedRaftLogWorker.java:<init>(172)) - new 90867d91-fc5b-4720-98ce-e5bb7192dd8f@group-005B10147705-SegmentedRaftLogWorker for RaftStorage:Storage Directory /workdir/hadoop-ozone/integration-test/target/test-dir/MiniOzoneClusterImpl-5ef598d8-4f4c-4550-8452-dcb673683f2c/datanode-0/data/ratis/43083847-e59b-4eb8-a37d-005b10147705
2019-09-28 06:43:35,918 [pool-429-thread-1] INFO  server.RaftServerConfigKeys (ConfUtils.java:logGet(43)) - raft.server.log.statemachine.data.sync.timeout.retry = -1 (default)
2019-09-28 06:43:35,918 [pool-419-thread-1] INFO  segmented.SegmentedRaftLogWorker (SegmentedRaftLogWorker.java:<init>(172)) - new 2bbaf9bb-8e76-4f1f-bdc5-57695e12be87@group-005B10147705-SegmentedRaftLogWorker for RaftStorage:Storage Directory /workdir/hadoop-ozone/integration-test/target/test-dir/MiniOzoneClusterImpl-5ef598d8-4f4c-4550-8452-dcb673683f2c/datanode-1/data/ratis/43083847-e59b-4eb8-a37d-005b10147705
2019-09-28 06:43:35,918 [pool-429-thread-1] INFO  server.RaftServerConfigKeys (ConfUtils.java:logGet(43)) - raft.server.log.statemachine.data.caching.enabled = true (custom)
2019-09-28 06:43:35,918 [pool-409-thread-1] INFO  server.RaftServerConfigKeys (ConfUtils.java:logGet(43)) - raft.server.log.queue.byte-limit = 2147483647 (custom)
2019-09-28 06:43:35,918 [pool-419-thread-1] INFO  server.RaftServerConfigKeys (ConfUtils.java:logGet(43)) - raft.server.log.queue.byte-limit = 2147483647 (custom)
2019-09-28 06:43:35,918 [pool-409-thread-1] INFO  server.RaftServerConfigKeys (ConfUtils.java:logGet(43)) - raft.server.log.queue.element-limit = 1024 (custom)
2019-09-28 06:43:35,918 [pool-429-thread-1] INFO  segmented.SegmentedRaftLogWorker (SegmentedRaftLogWorker.java:lambda$new$0(132)) - 4a946cc1-50b2-4a30-83de-5133ac6d0240@group-005B10147705-SegmentedRaftLogWorker: flushIndex: setUnconditionally 0 -> -1
2019-09-28 06:43:35,919 [pool-409-thread-1] INFO  server.RaftServerConfigKeys (ConfUtils.java:logGet(43)) - raft.server.log.segment.size.max = 1048576 (custom)
2019-09-28 06:43:35,919 [pool-419-thread-1] INFO  server.RaftServerConfigKeys (ConfUtils.java:logGet(43)) - raft.server.log.queue.element-limit = 1024 (custom)
2019-09-28 06:43:35,919 [pool-429-thread-1] INFO  server.RaftServerConfigKeys (ConfUtils.java:logGet(43)) - raft.server.snapshot.auto.trigger.enabled = true (custom)
2019-09-28 06:43:35,919 [pool-409-thread-1] INFO  server.RaftServerConfigKeys (ConfUtils.java:logGet(43)) - raft.server.log.preallocated.size = 16384 (custom)
2019-09-28 06:43:35,919 [pool-429-thread-1] INFO  server.RaftServerConfigKeys (ConfUtils.java:logGet(43)) - raft.server.snapshot.auto.trigger.threshold = 10000 (custom)
2019-09-28 06:43:35,919 [pool-419-thread-1] INFO  server.RaftServerConfigKeys (ConfUtils.java:logGet(43)) - raft.server.log.segment.size.max = 1048576 (custom)
2019-09-28 06:43:35,920 [pool-429-thread-1] INFO  server.RaftServerConfigKeys (ConfUtils.java:logGet(43)) - raft.server.snapshot.retention.num.files = 5 (custom)
2019-09-28 06:43:35,919 [pool-409-thread-1] INFO  server.RaftServerConfigKeys (ConfUtils.java:logGet(43)) - raft.server.log.write.buffer.size = 33554432 (custom)
2019-09-28 06:43:35,920 [pool-429-thread-1] INFO  server.RaftServerConfigKeys (ConfUtils.java:logGet(43)) - raft.server.retrycache.expirytime = 600000ms (custom)
2019-09-28 06:43:35,920 [pool-419-thread-1] INFO  server.RaftServerConfigKeys (ConfUtils.java:logGet(43)) - raft.server.log.preallocated.size = 16384 (custom)
2019-09-28 06:43:35,920 [pool-409-thread-1] INFO  server.RaftServerConfigKeys (ConfUtils.java:logGet(43)) - raft.server.log.force.sync.num = 128 (default)
2019-09-28 06:43:35,920 [pool-419-thread-1] INFO  server.RaftServerConfigKeys (ConfUtils.java:logGet(43)) - raft.server.log.write.buffer.size = 33554432 (custom)
2019-09-28 06:43:35,920 [pool-409-thread-1] INFO  server.RaftServerConfigKeys (ConfUtils.java:logGet(43)) - raft.server.log.statemachine.data.sync = true (default)
2019-09-28 06:43:35,921 [pool-409-thread-1] INFO  server.RaftServerConfigKeys (ConfUtils.java:logGet(43)) - raft.server.log.statemachine.data.sync.timeout = 10s (default)
2019-09-28 06:43:35,921 [pool-419-thread-1] INFO  server.RaftServerConfigKeys (ConfUtils.java:logGet(43)) - raft.server.log.force.sync.num = 128 (default)
2019-09-28 06:43:35,921 [pool-409-thread-1] INFO  server.RaftServerConfigKeys (ConfUtils.java:logGet(43)) - raft.server.log.statemachine.data.sync.timeout.retry = -1 (default)
2019-09-28 06:43:35,921 [pool-419-thread-1] INFO  server.RaftServerConfigKeys (ConfUtils.java:logGet(43)) - raft.server.log.statemachine.data.sync = true (default)
2019-09-28 06:43:35,921 [pool-409-thread-1] INFO  server.RaftServerConfigKeys (ConfUtils.java:logGet(43)) - raft.server.log.statemachine.data.caching.enabled = true (custom)
2019-09-28 06:43:35,921 [pool-419-thread-1] INFO  server.RaftServerConfigKeys (ConfUtils.java:logGet(43)) - raft.server.log.statemachine.data.sync.timeout = 10s (default)
2019-09-28 06:43:35,922 [pool-419-thread-1] INFO  server.RaftServerConfigKeys (ConfUtils.java:logGet(43)) - raft.server.log.statemachine.data.sync.timeout.retry = -1 (default)
2019-09-28 06:43:35,922 [pool-409-thread-1] INFO  segmented.SegmentedRaftLogWorker (SegmentedRaftLogWorker.java:lambda$new$0(132)) - 90867d91-fc5b-4720-98ce-e5bb7192dd8f@group-005B10147705-SegmentedRaftLogWorker: flushIndex: setUnconditionally 0 -> -1
2019-09-28 06:43:35,922 [pool-419-thread-1] INFO  server.RaftServerConfigKeys (ConfUtils.java:logGet(43)) - raft.server.log.statemachine.data.caching.enabled = true (custom)
2019-09-28 06:43:35,922 [pool-409-thread-1] INFO  server.RaftServerConfigKeys (ConfUtils.java:logGet(43)) - raft.server.snapshot.auto.trigger.enabled = true (custom)
2019-09-28 06:43:35,922 [pool-419-thread-1] INFO  segmented.SegmentedRaftLogWorker (SegmentedRaftLogWorker.java:lambda$new$0(132)) - 2bbaf9bb-8e76-4f1f-bdc5-57695e12be87@group-005B10147705-SegmentedRaftLogWorker: flushIndex: setUnconditionally 0 -> -1
2019-09-28 06:43:35,922 [pool-409-thread-1] INFO  server.RaftServerConfigKeys (ConfUtils.java:logGet(43)) - raft.server.snapshot.auto.trigger.threshold = 10000 (custom)
2019-09-28 06:43:35,922 [pool-409-thread-1] INFO  server.RaftServerConfigKeys (ConfUtils.java:logGet(43)) - raft.server.snapshot.retention.num.files = 5 (custom)
2019-09-28 06:43:35,923 [pool-419-thread-1] INFO  server.RaftServerConfigKeys (ConfUtils.java:logGet(43)) - raft.server.snapshot.auto.trigger.enabled = true (custom)
2019-09-28 06:43:35,923 [pool-409-thread-1] INFO  server.RaftServerConfigKeys (ConfUtils.java:logGet(43)) - raft.server.retrycache.expirytime = 600000ms (custom)
2019-09-28 06:43:35,923 [pool-429-thread-1] INFO  impl.RaftServerImpl (RaftServerImpl.java:start(185)) - 4a946cc1-50b2-4a30-83de-5133ac6d0240@group-005B10147705: start as a follower, conf=-1: [90867d91-fc5b-4720-98ce-e5bb7192dd8f:192.168.30.10:35346, 2bbaf9bb-8e76-4f1f-bdc5-57695e12be87:192.168.30.10:38489, 4a946cc1-50b2-4a30-83de-5133ac6d0240:192.168.30.10:44959], old=null
2019-09-28 06:43:35,923 [pool-419-thread-1] INFO  server.RaftServerConfigKeys (ConfUtils.java:logGet(43)) - raft.server.snapshot.auto.trigger.threshold = 10000 (custom)
2019-09-28 06:43:35,923 [pool-429-thread-1] INFO  impl.RaftServerImpl (RaftServerImpl.java:setRole(174)) - 4a946cc1-50b2-4a30-83de-5133ac6d0240@group-005B10147705: changes role from      null to FOLLOWER at term 0 for startAsFollower
2019-09-28 06:43:35,923 [pool-419-thread-1] INFO  server.RaftServerConfigKeys (ConfUtils.java:logGet(43)) - raft.server.snapshot.retention.num.files = 5 (custom)
2019-09-28 06:43:35,923 [pool-429-thread-1] INFO  impl.RoleInfo (RoleInfo.java:updateAndGet(143)) - 4a946cc1-50b2-4a30-83de-5133ac6d0240: start FollowerState
2019-09-28 06:43:35,923 [pool-419-thread-1] INFO  server.RaftServerConfigKeys (ConfUtils.java:logGet(43)) - raft.server.retrycache.expirytime = 600000ms (custom)
2019-09-28 06:43:35,934 [pool-429-thread-1] INFO  util.JmxRegister (JmxRegister.java:tryRegister(44)) - Successfully registered JMX Bean with object name Ratis:service=RaftServer,group=group-005B10147705,id=4a946cc1-50b2-4a30-83de-5133ac6d0240
2019-09-28 06:43:35,942 [IPC Server handler 5 on 32962] INFO  net.NetworkTopology (NetworkTopologyImpl.java:add(111)) - Added a new node: /default-rack/e6f90df7-dec1-43e3-a927-0240d8c4bd7c
2019-09-28 06:43:35,942 [IPC Server handler 5 on 32962] INFO  node.SCMNodeManager (SCMNodeManager.java:register(266)) - Registered Data node : e6f90df7-dec1-43e3-a927-0240d8c4bd7c{ip: 192.168.30.10, host: pr-hdds-2140-hhr7w-2843136654, networkLocation: /default-rack, certSerialId: null}
2019-09-28 06:43:35,943 [pool-409-thread-1] INFO  impl.RaftServerImpl (RaftServerImpl.java:start(185)) - 90867d91-fc5b-4720-98ce-e5bb7192dd8f@group-005B10147705: start as a follower, conf=-1: [90867d91-fc5b-4720-98ce-e5bb7192dd8f:192.168.30.10:35346, 2bbaf9bb-8e76-4f1f-bdc5-57695e12be87:192.168.30.10:38489, 4a946cc1-50b2-4a30-83de-5133ac6d0240:192.168.30.10:44959], old=null
2019-09-28 06:43:35,943 [pool-409-thread-1] INFO  impl.RaftServerImpl (RaftServerImpl.java:setRole(174)) - 90867d91-fc5b-4720-98ce-e5bb7192dd8f@group-005B10147705: changes role from      null to FOLLOWER at term 0 for startAsFollower
2019-09-28 06:43:35,943 [pool-409-thread-1] INFO  impl.RoleInfo (RoleInfo.java:updateAndGet(143)) - 90867d91-fc5b-4720-98ce-e5bb7192dd8f: start FollowerState
2019-09-28 06:43:35,943 [pool-409-thread-1] INFO  util.JmxRegister (JmxRegister.java:tryRegister(44)) - Successfully registered JMX Bean with object name Ratis:service=RaftServer,group=group-005B10147705,id=90867d91-fc5b-4720-98ce-e5bb7192dd8f
2019-09-28 06:43:35,944 [pool-419-thread-1] INFO  impl.RaftServerImpl (RaftServerImpl.java:start(185)) - 2bbaf9bb-8e76-4f1f-bdc5-57695e12be87@group-005B10147705: start as a follower, conf=-1: [90867d91-fc5b-4720-98ce-e5bb7192dd8f:192.168.30.10:35346, 2bbaf9bb-8e76-4f1f-bdc5-57695e12be87:192.168.30.10:38489, 4a946cc1-50b2-4a30-83de-5133ac6d0240:192.168.30.10:44959], old=null
2019-09-28 06:43:35,944 [pool-419-thread-1] INFO  impl.RaftServerImpl (RaftServerImpl.java:setRole(174)) - 2bbaf9bb-8e76-4f1f-bdc5-57695e12be87@group-005B10147705: changes role from      null to FOLLOWER at term 0 for startAsFollower
2019-09-28 06:43:35,944 [pool-419-thread-1] INFO  impl.RoleInfo (RoleInfo.java:updateAndGet(143)) - 2bbaf9bb-8e76-4f1f-bdc5-57695e12be87: start FollowerState
2019-09-28 06:43:35,944 [pool-419-thread-1] INFO  util.JmxRegister (JmxRegister.java:tryRegister(44)) - Successfully registered JMX Bean with object name Ratis:service=RaftServer,group=group-005B10147705,id=2bbaf9bb-8e76-4f1f-bdc5-57695e12be87
2019-09-28 06:43:35,946 [RatisPipelineUtilsThread] INFO  pipeline.PipelineStateManager (PipelineStateManager.java:addPipeline(56)) - Created pipeline Pipeline[ Id: 43083847-e59b-4eb8-a37d-005b10147705, Nodes: 2bbaf9bb-8e76-4f1f-bdc5-57695e12be87{ip: 192.168.30.10, host: pr-hdds-2140-hhr7w-2843136654, networkLocation: /default-rack, certSerialId: null}90867d91-fc5b-4720-98ce-e5bb7192dd8f{ip: 192.168.30.10, host: pr-hdds-2140-hhr7w-2843136654, networkLocation: /default-rack, certSerialId: null}4a946cc1-50b2-4a30-83de-5133ac6d0240{ip: 192.168.30.10, host: pr-hdds-2140-hhr7w-2843136654, networkLocation: /default-rack, certSerialId: null}, Type:RATIS, Factor:THREE, State:OPEN]
2019-09-28 06:43:35,995 [IPC Server handler 7 on 32962] INFO  net.NetworkTopology (NetworkTopologyImpl.java:add(111)) - Added a new node: /default-rack/7fb751f0-cac0-4fd5-b9c8-df230946860c
2019-09-28 06:43:35,995 [IPC Server handler 7 on 32962] INFO  node.SCMNodeManager (SCMNodeManager.java:register(266)) - Registered Data node : 7fb751f0-cac0-4fd5-b9c8-df230946860c{ip: 192.168.30.10, host: pr-hdds-2140-hhr7w-2843136654, networkLocation: /default-rack, certSerialId: null}
2019-09-28 06:43:36,002 [grpc-default-executor-9] INFO  impl.RaftServerProxy (RaftServerProxy.java:addNew(89)) - e6f90df7-dec1-43e3-a927-0240d8c4bd7c: addNew group-DEC6857CD6D3:[e6f90df7-dec1-43e3-a927-0240d8c4bd7c:192.168.30.10:45784] returns group-DEC6857CD6D3:java.util.concurrent.CompletableFuture@47855e89[Not completed]
2019-09-28 06:43:36,006 [pool-449-thread-1] INFO  impl.RaftServerImpl (RaftServerImpl.java:<init>(95)) - e6f90df7-dec1-43e3-a927-0240d8c4bd7c: new RaftServerImpl for group-DEC6857CD6D3:[e6f90df7-dec1-43e3-a927-0240d8c4bd7c:192.168.30.10:45784] with ContainerStateMachine:uninitialized
2019-09-28 06:43:36,007 [pool-449-thread-1] INFO  server.RaftServerConfigKeys (ConfUtils.java:logGet(43)) - raft.server.rpc.timeout.min = 5s (custom)
2019-09-28 06:43:36,007 [pool-449-thread-1] INFO  server.RaftServerConfigKeys (ConfUtils.java:logGet(43)) - raft.server.rpc.timeout.max = 5200ms (custom)
2019-09-28 06:43:36,007 [pool-449-thread-1] INFO  server.RaftServerConfigKeys (ConfUtils.java:logGet(43)) - raft.server.rpcslowness.timeout = 120s (custom)
2019-09-28 06:43:36,007 [pool-449-thread-1] INFO  server.RaftServerConfigKeys (ConfUtils.java:logGet(43)) - raft.server.sleep.deviation.threshold = 300 (default)
2019-09-28 06:43:36,007 [pool-449-thread-1] INFO  server.RaftServerConfigKeys (ConfUtils.java:logGet(43)) - raft.server.log.appender.install.snapshot.enabled = false (custom)
2019-09-28 06:43:36,007 [pool-449-thread-1] INFO  impl.RaftServerImpl (ServerState.java:<init>(103)) - e6f90df7-dec1-43e3-a927-0240d8c4bd7c@group-DEC6857CD6D3: ConfigurationManager, init=-1: [e6f90df7-dec1-43e3-a927-0240d8c4bd7c:192.168.30.10:45784], old=null, confs=<EMPTY_MAP>
2019-09-28 06:43:36,008 [pool-449-thread-1] INFO  server.RaftServerConfigKeys (ConfUtils.java:logGet(43)) - raft.server.storage.dir = [/workdir/hadoop-ozone/integration-test/target/test-dir/MiniOzoneClusterImpl-5ef598d8-4f4c-4550-8452-dcb673683f2c/datanode-4/data/ratis] (custom)
2019-09-28 06:43:36,008 [pool-449-thread-1] INFO  storage.RaftStorageDirectory (RaftStorageDirectory.java:analyzeStorage(246)) - The storage directory /workdir/hadoop-ozone/integration-test/target/test-dir/MiniOzoneClusterImpl-5ef598d8-4f4c-4550-8452-dcb673683f2c/datanode-4/data/ratis/fe6743f9-8bab-4501-a206-dec6857cd6d3 does not exist. Creating ...
2019-09-28 06:43:36,047 [pool-449-thread-1] INFO  storage.RaftStorageDirectory (RaftStorageDirectory.java:tryLock(328)) - Lock on /workdir/hadoop-ozone/integration-test/target/test-dir/MiniOzoneClusterImpl-5ef598d8-4f4c-4550-8452-dcb673683f2c/datanode-4/data/ratis/fe6743f9-8bab-4501-a206-dec6857cd6d3/in_use.lock acquired by nodename 22598@pr-hdds-2140-hhr7w-2843136654
2019-09-28 06:43:36,072 [pool-449-thread-1] INFO  storage.RaftStorage (RaftStorage.java:format(72)) - Storage directory /workdir/hadoop-ozone/integration-test/target/test-dir/MiniOzoneClusterImpl-5ef598d8-4f4c-4550-8452-dcb673683f2c/datanode-4/data/ratis/fe6743f9-8bab-4501-a206-dec6857cd6d3 has been successfully formatted.
2019-09-28 06:43:36,073 [pool-449-thread-1] INFO  ratis.ContainerStateMachine (ContainerStateMachine.java:loadSnapshot(230)) - group-DEC6857CD6D3: The snapshot info is null. Setting the last applied indexto:(t:0, i:~)
2019-09-28 06:43:36,073 [pool-449-thread-1] INFO  server.RaftServerConfigKeys (ConfUtils.java:logGet(43)) - raft.server.notification.no-leader.timeout = 120s (custom)
2019-09-28 06:43:36,073 [pool-449-thread-1] INFO  server.RaftServerConfigKeys (ConfUtils.java:logGet(43)) - raft.server.log.use.memory = false (default)
2019-09-28 06:43:36,073 [pool-449-thread-1] INFO  server.RaftServerConfigKeys (ConfUtils.java:logGet(43)) - raft.server.log.purge.gap = 1000000 (custom)
2019-09-28 06:43:36,073 [pool-449-thread-1] INFO  server.RaftServerConfigKeys (ConfUtils.java:logGet(43)) - raft.server.log.appender.buffer.byte-limit = 33554432 (custom)
2019-09-28 06:43:36,074 [pool-449-thread-1] INFO  server.RaftServerConfigKeys (ConfUtils.java:logGet(43)) - raft.server.log.segment.size.max = 1048576 (custom)
2019-09-28 06:43:36,074 [pool-449-thread-1] INFO  server.RaftServerConfigKeys (ConfUtils.java:logGet(43)) - raft.server.log.segment.cache.num.max = 2 (custom)
2019-09-28 06:43:36,074 [pool-449-thread-1] INFO  segmented.SegmentedRaftLogWorker (SegmentedRaftLogWorker.java:<init>(172)) - new e6f90df7-dec1-43e3-a927-0240d8c4bd7c@group-DEC6857CD6D3-SegmentedRaftLogWorker for RaftStorage:Storage Directory /workdir/hadoop-ozone/integration-test/target/test-dir/MiniOzoneClusterImpl-5ef598d8-4f4c-4550-8452-dcb673683f2c/datanode-4/data/ratis/fe6743f9-8bab-4501-a206-dec6857cd6d3
2019-09-28 06:43:36,076 [pool-449-thread-1] INFO  server.RaftServerConfigKeys (ConfUtils.java:logGet(43)) - raft.server.log.queue.byte-limit = 2147483647 (custom)
2019-09-28 06:43:36,076 [pool-449-thread-1] INFO  server.RaftServerConfigKeys (ConfUtils.java:logGet(43)) - raft.server.log.queue.element-limit = 1024 (custom)
2019-09-28 06:43:36,076 [pool-449-thread-1] INFO  server.RaftServerConfigKeys (ConfUtils.java:logGet(43)) - raft.server.log.segment.size.max = 1048576 (custom)
2019-09-28 06:43:36,076 [pool-449-thread-1] INFO  server.RaftServerConfigKeys (ConfUtils.java:logGet(43)) - raft.server.log.preallocated.size = 16384 (custom)
2019-09-28 06:43:36,076 [pool-449-thread-1] INFO  server.RaftServerConfigKeys (ConfUtils.java:logGet(43)) - raft.server.log.write.buffer.size = 33554432 (custom)
2019-09-28 06:43:36,076 [pool-449-thread-1] INFO  server.RaftServerConfigKeys (ConfUtils.java:logGet(43)) - raft.server.log.force.sync.num = 128 (default)
2019-09-28 06:43:36,077 [pool-449-thread-1] INFO  server.RaftServerConfigKeys (ConfUtils.java:logGet(43)) - raft.server.log.statemachine.data.sync = true (default)
2019-09-28 06:43:36,077 [pool-449-thread-1] INFO  server.RaftServerConfigKeys (ConfUtils.java:logGet(43)) - raft.server.log.statemachine.data.sync.timeout = 10s (default)
2019-09-28 06:43:36,077 [pool-449-thread-1] INFO  server.RaftServerConfigKeys (ConfUtils.java:logGet(43)) - raft.server.log.statemachine.data.sync.timeout.retry = -1 (default)
2019-09-28 06:43:36,077 [pool-449-thread-1] INFO  server.RaftServerConfigKeys (ConfUtils.java:logGet(43)) - raft.server.log.statemachine.data.caching.enabled = true (custom)
2019-09-28 06:43:36,077 [pool-449-thread-1] INFO  segmented.SegmentedRaftLogWorker (SegmentedRaftLogWorker.java:lambda$new$0(132)) - e6f90df7-dec1-43e3-a927-0240d8c4bd7c@group-DEC6857CD6D3-SegmentedRaftLogWorker: flushIndex: setUnconditionally 0 -> -1
2019-09-28 06:43:36,078 [pool-449-thread-1] INFO  server.RaftServerConfigKeys (ConfUtils.java:logGet(43)) - raft.server.snapshot.auto.trigger.enabled = true (custom)
2019-09-28 06:43:36,078 [pool-449-thread-1] INFO  server.RaftServerConfigKeys (ConfUtils.java:logGet(43)) - raft.server.snapshot.auto.trigger.threshold = 10000 (custom)
2019-09-28 06:43:36,078 [pool-449-thread-1] INFO  server.RaftServerConfigKeys (ConfUtils.java:logGet(43)) - raft.server.snapshot.retention.num.files = 5 (custom)
2019-09-28 06:43:36,078 [pool-449-thread-1] INFO  server.RaftServerConfigKeys (ConfUtils.java:logGet(43)) - raft.server.retrycache.expirytime = 600000ms (custom)
2019-09-28 06:43:36,080 [pool-449-thread-1] INFO  impl.RaftServerImpl (RaftServerImpl.java:start(185)) - e6f90df7-dec1-43e3-a927-0240d8c4bd7c@group-DEC6857CD6D3: start as a follower, conf=-1: [e6f90df7-dec1-43e3-a927-0240d8c4bd7c:192.168.30.10:45784], old=null
2019-09-28 06:43:36,080 [pool-449-thread-1] INFO  impl.RaftServerImpl (RaftServerImpl.java:setRole(174)) - e6f90df7-dec1-43e3-a927-0240d8c4bd7c@group-DEC6857CD6D3: changes role from      null to FOLLOWER at term 0 for startAsFollower
2019-09-28 06:43:36,080 [pool-449-thread-1] INFO  impl.RoleInfo (RoleInfo.java:updateAndGet(143)) - e6f90df7-dec1-43e3-a927-0240d8c4bd7c: start FollowerState
2019-09-28 06:43:36,080 [pool-449-thread-1] INFO  util.JmxRegister (JmxRegister.java:tryRegister(44)) - Successfully registered JMX Bean with object name Ratis:service=RaftServer,group=group-DEC6857CD6D3,id=e6f90df7-dec1-43e3-a927-0240d8c4bd7c
2019-09-28 06:43:36,082 [RatisPipelineUtilsThread] INFO  pipeline.PipelineStateManager (PipelineStateManager.java:addPipeline(56)) - Created pipeline Pipeline[ Id: fe6743f9-8bab-4501-a206-dec6857cd6d3, Nodes: e6f90df7-dec1-43e3-a927-0240d8c4bd7c{ip: 192.168.30.10, host: pr-hdds-2140-hhr7w-2843136654, networkLocation: /default-rack, certSerialId: null}, Type:RATIS, Factor:ONE, State:OPEN]
2019-09-28 06:43:36,084 [IPC Server handler 8 on 32962] INFO  net.NetworkTopology (NetworkTopologyImpl.java:add(111)) - Added a new node: /default-rack/72278b64-9966-4b87-b32a-72533108e712
2019-09-28 06:43:36,085 [main] INFO  ozone.MiniOzoneClusterImpl (MiniOzoneClusterImpl.java:lambda$waitForClusterToBeReady$0(147)) - Cluster is ready. Got 7 of 7 DN Heartbeats.
2019-09-28 06:43:36,085 [IPC Server handler 8 on 32962] INFO  node.SCMNodeManager (SCMNodeManager.java:register(266)) - Registered Data node : 72278b64-9966-4b87-b32a-72533108e712{ip: 192.168.30.10, host: pr-hdds-2140-hhr7w-2843136654, networkLocation: /default-rack, certSerialId: null}
2019-09-28 06:43:36,088 [grpc-default-executor-9] INFO  impl.RaftServerProxy (RaftServerProxy.java:addNew(89)) - 7fb751f0-cac0-4fd5-b9c8-df230946860c: addNew group-DFF10D8EAB86:[7fb751f0-cac0-4fd5-b9c8-df230946860c:192.168.30.10:40926] returns group-DFF10D8EAB86:java.util.concurrent.CompletableFuture@2e747ccb[Not completed]
2019-09-28 06:43:36,089 [pool-459-thread-1] INFO  impl.RaftServerImpl (RaftServerImpl.java:<init>(95)) - 7fb751f0-cac0-4fd5-b9c8-df230946860c: new RaftServerImpl for group-DFF10D8EAB86:[7fb751f0-cac0-4fd5-b9c8-df230946860c:192.168.30.10:40926] with ContainerStateMachine:uninitialized
2019-09-28 06:43:36,090 [pool-459-thread-1] INFO  server.RaftServerConfigKeys (ConfUtils.java:logGet(43)) - raft.server.rpc.timeout.min = 5s (custom)
2019-09-28 06:43:36,090 [pool-459-thread-1] INFO  server.RaftServerConfigKeys (ConfUtils.java:logGet(43)) - raft.server.rpc.timeout.max = 5200ms (custom)
2019-09-28 06:43:36,090 [pool-459-thread-1] INFO  server.RaftServerConfigKeys (ConfUtils.java:logGet(43)) - raft.server.rpcslowness.timeout = 120s (custom)
2019-09-28 06:43:36,090 [pool-459-thread-1] INFO  server.RaftServerConfigKeys (ConfUtils.java:logGet(43)) - raft.server.sleep.deviation.threshold = 300 (default)
2019-09-28 06:43:36,090 [pool-459-thread-1] INFO  server.RaftServerConfigKeys (ConfUtils.java:logGet(43)) - raft.server.log.appender.install.snapshot.enabled = false (custom)
2019-09-28 06:43:36,090 [pool-459-thread-1] INFO  impl.RaftServerImpl (ServerState.java:<init>(103)) - 7fb751f0-cac0-4fd5-b9c8-df230946860c@group-DFF10D8EAB86: ConfigurationManager, init=-1: [7fb751f0-cac0-4fd5-b9c8-df230946860c:192.168.30.10:40926], old=null, confs=<EMPTY_MAP>
2019-09-28 06:43:36,090 [pool-459-thread-1] INFO  server.RaftServerConfigKeys (ConfUtils.java:logGet(43)) - raft.server.storage.dir = [/workdir/hadoop-ozone/integration-test/target/test-dir/MiniOzoneClusterImpl-5ef598d8-4f4c-4550-8452-dcb673683f2c/datanode-5/data/ratis] (custom)
2019-09-28 06:43:36,091 [pool-459-thread-1] INFO  storage.RaftStorageDirectory (RaftStorageDirectory.java:analyzeStorage(246)) - The storage directory /workdir/hadoop-ozone/integration-test/target/test-dir/MiniOzoneClusterImpl-5ef598d8-4f4c-4550-8452-dcb673683f2c/datanode-5/data/ratis/cda68cab-1328-4823-baf4-dff10d8eab86 does not exist. Creating ...
2019-09-28 06:43:36,115 [main] INFO  rpc.RpcClient (RpcClient.java:createVolume(276)) - Creating Volume: testblockoutputstream, with jenkins1000 as owner.
2019-09-28 06:43:36,119 [IPC Server handler 1 on 44651] INFO  volume.OMVolumeCreateRequest (OMVolumeCreateRequest.java:validateAndUpdateCache(194)) - created volume:testblockoutputstream for user:jenkins1000
2019-09-28 06:43:36,123 [pool-459-thread-1] INFO  storage.RaftStorageDirectory (RaftStorageDirectory.java:tryLock(328)) - Lock on /workdir/hadoop-ozone/integration-test/target/test-dir/MiniOzoneClusterImpl-5ef598d8-4f4c-4550-8452-dcb673683f2c/datanode-5/data/ratis/cda68cab-1328-4823-baf4-dff10d8eab86/in_use.lock acquired by nodename 22598@pr-hdds-2140-hhr7w-2843136654
2019-09-28 06:43:36,131 [main] INFO  rpc.RpcClient (RpcClient.java:createBucket(415)) - Creating Bucket: testblockoutputstream/testblockoutputstream, with Versioning false and Storage Type set to DISK and Encryption set to false 
2019-09-28 06:43:36,148 [pool-459-thread-1] INFO  storage.RaftStorage (RaftStorage.java:format(72)) - Storage directory /workdir/hadoop-ozone/integration-test/target/test-dir/MiniOzoneClusterImpl-5ef598d8-4f4c-4550-8452-dcb673683f2c/datanode-5/data/ratis/cda68cab-1328-4823-baf4-dff10d8eab86 has been successfully formatted.
2019-09-28 06:43:36,149 [pool-459-thread-1] INFO  ratis.ContainerStateMachine (ContainerStateMachine.java:loadSnapshot(230)) - group-DFF10D8EAB86: The snapshot info is null. Setting the last applied indexto:(t:0, i:~)
2019-09-28 06:43:36,149 [pool-459-thread-1] INFO  server.RaftServerConfigKeys (ConfUtils.java:logGet(43)) - raft.server.notification.no-leader.timeout = 120s (custom)
2019-09-28 06:43:36,149 [pool-459-thread-1] INFO  server.RaftServerConfigKeys (ConfUtils.java:logGet(43)) - raft.server.log.use.memory = false (default)
2019-09-28 06:43:36,149 [pool-459-thread-1] INFO  server.RaftServerConfigKeys (ConfUtils.java:logGet(43)) - raft.server.log.purge.gap = 1000000 (custom)
2019-09-28 06:43:36,149 [pool-459-thread-1] INFO  server.RaftServerConfigKeys (ConfUtils.java:logGet(43)) - raft.server.log.appender.buffer.byte-limit = 33554432 (custom)
2019-09-28 06:43:36,149 [pool-459-thread-1] INFO  server.RaftServerConfigKeys (ConfUtils.java:logGet(43)) - raft.server.log.segment.size.max = 1048576 (custom)
2019-09-28 06:43:36,150 [pool-459-thread-1] INFO  server.RaftServerConfigKeys (ConfUtils.java:logGet(43)) - raft.server.log.segment.cache.num.max = 2 (custom)
2019-09-28 06:43:36,150 [pool-459-thread-1] INFO  segmented.SegmentedRaftLogWorker (SegmentedRaftLogWorker.java:<init>(172)) - new 7fb751f0-cac0-4fd5-b9c8-df230946860c@group-DFF10D8EAB86-SegmentedRaftLogWorker for RaftStorage:Storage Directory /workdir/hadoop-ozone/integration-test/target/test-dir/MiniOzoneClusterImpl-5ef598d8-4f4c-4550-8452-dcb673683f2c/datanode-5/data/ratis/cda68cab-1328-4823-baf4-dff10d8eab86
2019-09-28 06:43:36,151 [pool-459-thread-1] INFO  server.RaftServerConfigKeys (ConfUtils.java:logGet(43)) - raft.server.log.queue.byte-limit = 2147483647 (custom)
2019-09-28 06:43:36,152 [pool-459-thread-1] INFO  server.RaftServerConfigKeys (ConfUtils.java:logGet(43)) - raft.server.log.queue.element-limit = 1024 (custom)
2019-09-28 06:43:36,152 [pool-459-thread-1] INFO  server.RaftServerConfigKeys (ConfUtils.java:logGet(43)) - raft.server.log.segment.size.max = 1048576 (custom)
2019-09-28 06:43:36,152 [pool-459-thread-1] INFO  server.RaftServerConfigKeys (ConfUtils.java:logGet(43)) - raft.server.log.preallocated.size = 16384 (custom)
2019-09-28 06:43:36,152 [pool-459-thread-1] INFO  server.RaftServerConfigKeys (ConfUtils.java:logGet(43)) - raft.server.log.write.buffer.size = 33554432 (custom)
2019-09-28 06:43:36,152 [pool-459-thread-1] INFO  server.RaftServerConfigKeys (ConfUtils.java:logGet(43)) - raft.server.log.force.sync.num = 128 (default)
2019-09-28 06:43:36,152 [pool-459-thread-1] INFO  server.RaftServerConfigKeys (ConfUtils.java:logGet(43)) - raft.server.log.statemachine.data.sync = true (default)
2019-09-28 06:43:36,153 [pool-459-thread-1] INFO  server.RaftServerConfigKeys (ConfUtils.java:logGet(43)) - raft.server.log.statemachine.data.sync.timeout = 10s (default)
2019-09-28 06:43:36,153 [pool-459-thread-1] INFO  server.RaftServerConfigKeys (ConfUtils.java:logGet(43)) - raft.server.log.statemachine.data.sync.timeout.retry = -1 (default)
2019-09-28 06:43:36,153 [pool-459-thread-1] INFO  server.RaftServerConfigKeys (ConfUtils.java:logGet(43)) - raft.server.log.statemachine.data.caching.enabled = true (custom)
2019-09-28 06:43:36,153 [pool-459-thread-1] INFO  segmented.SegmentedRaftLogWorker (SegmentedRaftLogWorker.java:lambda$new$0(132)) - 7fb751f0-cac0-4fd5-b9c8-df230946860c@group-DFF10D8EAB86-SegmentedRaftLogWorker: flushIndex: setUnconditionally 0 -> -1
2019-09-28 06:43:36,154 [pool-459-thread-1] INFO  server.RaftServerConfigKeys (ConfUtils.java:logGet(43)) - raft.server.snapshot.auto.trigger.enabled = true (custom)
2019-09-28 06:43:36,154 [pool-459-thread-1] INFO  server.RaftServerConfigKeys (ConfUtils.java:logGet(43)) - raft.server.snapshot.auto.trigger.threshold = 10000 (custom)
2019-09-28 06:43:36,154 [pool-459-thread-1] INFO  server.RaftServerConfigKeys (ConfUtils.java:logGet(43)) - raft.server.snapshot.retention.num.files = 5 (custom)
2019-09-28 06:43:36,154 [pool-459-thread-1] INFO  server.RaftServerConfigKeys (ConfUtils.java:logGet(43)) - raft.server.retrycache.expirytime = 600000ms (custom)
2019-09-28 06:43:36,156 [pool-459-thread-1] INFO  impl.RaftServerImpl (RaftServerImpl.java:start(185)) - 7fb751f0-cac0-4fd5-b9c8-df230946860c@group-DFF10D8EAB86: start as a follower, conf=-1: [7fb751f0-cac0-4fd5-b9c8-df230946860c:192.168.30.10:40926], old=null
2019-09-28 06:43:36,156 [pool-459-thread-1] INFO  impl.RaftServerImpl (RaftServerImpl.java:setRole(174)) - 7fb751f0-cac0-4fd5-b9c8-df230946860c@group-DFF10D8EAB86: changes role from      null to FOLLOWER at term 0 for startAsFollower
2019-09-28 06:43:36,156 [pool-459-thread-1] INFO  impl.RoleInfo (RoleInfo.java:updateAndGet(143)) - 7fb751f0-cac0-4fd5-b9c8-df230946860c: start FollowerState
2019-09-28 06:43:36,156 [pool-459-thread-1] INFO  util.JmxRegister (JmxRegister.java:tryRegister(44)) - Successfully registered JMX Bean with object name Ratis:service=RaftServer,group=group-DFF10D8EAB86,id=7fb751f0-cac0-4fd5-b9c8-df230946860c
2019-09-28 06:43:36,158 [RatisPipelineUtilsThread] INFO  pipeline.PipelineStateManager (PipelineStateManager.java:addPipeline(56)) - Created pipeline Pipeline[ Id: cda68cab-1328-4823-baf4-dff10d8eab86, Nodes: 7fb751f0-cac0-4fd5-b9c8-df230946860c{ip: 192.168.30.10, host: pr-hdds-2140-hhr7w-2843136654, networkLocation: /default-rack, certSerialId: null}, Type:RATIS, Factor:ONE, State:OPEN]
2019-09-28 06:43:36,164 [grpc-default-executor-9] INFO  impl.RaftServerProxy (RaftServerProxy.java:addNew(89)) - 72278b64-9966-4b87-b32a-72533108e712: addNew group-9B046845C590:[72278b64-9966-4b87-b32a-72533108e712:192.168.30.10:40488] returns group-9B046845C590:java.util.concurrent.CompletableFuture@72fb71c6[Not completed]
2019-09-28 06:43:36,166 [pool-469-thread-1] INFO  impl.RaftServerImpl (RaftServerImpl.java:<init>(95)) - 72278b64-9966-4b87-b32a-72533108e712: new RaftServerImpl for group-9B046845C590:[72278b64-9966-4b87-b32a-72533108e712:192.168.30.10:40488] with ContainerStateMachine:uninitialized
2019-09-28 06:43:36,166 [pool-469-thread-1] INFO  server.RaftServerConfigKeys (ConfUtils.java:logGet(43)) - raft.server.rpc.timeout.min = 5s (custom)
2019-09-28 06:43:36,166 [pool-469-thread-1] INFO  server.RaftServerConfigKeys (ConfUtils.java:logGet(43)) - raft.server.rpc.timeout.max = 5200ms (custom)
2019-09-28 06:43:36,166 [pool-469-thread-1] INFO  server.RaftServerConfigKeys (ConfUtils.java:logGet(43)) - raft.server.rpcslowness.timeout = 120s (custom)
2019-09-28 06:43:36,166 [pool-469-thread-1] INFO  server.RaftServerConfigKeys (ConfUtils.java:logGet(43)) - raft.server.sleep.deviation.threshold = 300 (default)
2019-09-28 06:43:36,166 [pool-469-thread-1] INFO  server.RaftServerConfigKeys (ConfUtils.java:logGet(43)) - raft.server.log.appender.install.snapshot.enabled = false (custom)
2019-09-28 06:43:36,167 [pool-469-thread-1] INFO  impl.RaftServerImpl (ServerState.java:<init>(103)) - 72278b64-9966-4b87-b32a-72533108e712@group-9B046845C590: ConfigurationManager, init=-1: [72278b64-9966-4b87-b32a-72533108e712:192.168.30.10:40488], old=null, confs=<EMPTY_MAP>
2019-09-28 06:43:36,167 [pool-469-thread-1] INFO  server.RaftServerConfigKeys (ConfUtils.java:logGet(43)) - raft.server.storage.dir = [/workdir/hadoop-ozone/integration-test/target/test-dir/MiniOzoneClusterImpl-5ef598d8-4f4c-4550-8452-dcb673683f2c/datanode-6/data/ratis] (custom)
2019-09-28 06:43:36,167 [pool-469-thread-1] INFO  storage.RaftStorageDirectory (RaftStorageDirectory.java:analyzeStorage(246)) - The storage directory /workdir/hadoop-ozone/integration-test/target/test-dir/MiniOzoneClusterImpl-5ef598d8-4f4c-4550-8452-dcb673683f2c/datanode-6/data/ratis/095620e3-248f-49fc-b5a2-9b046845c590 does not exist. Creating ...
2019-09-28 06:43:36,374 [pool-469-thread-1] INFO  storage.RaftStorageDirectory (RaftStorageDirectory.java:tryLock(328)) - Lock on /workdir/hadoop-ozone/integration-test/target/test-dir/MiniOzoneClusterImpl-5ef598d8-4f4c-4550-8452-dcb673683f2c/datanode-6/data/ratis/095620e3-248f-49fc-b5a2-9b046845c590/in_use.lock acquired by nodename 22598@pr-hdds-2140-hhr7w-2843136654
2019-09-28 06:43:36,399 [pool-469-thread-1] INFO  storage.RaftStorage (RaftStorage.java:format(72)) - Storage directory /workdir/hadoop-ozone/integration-test/target/test-dir/MiniOzoneClusterImpl-5ef598d8-4f4c-4550-8452-dcb673683f2c/datanode-6/data/ratis/095620e3-248f-49fc-b5a2-9b046845c590 has been successfully formatted.
2019-09-28 06:43:36,399 [pool-469-thread-1] INFO  ratis.ContainerStateMachine (ContainerStateMachine.java:loadSnapshot(230)) - group-9B046845C590: The snapshot info is null. Setting the last applied indexto:(t:0, i:~)
2019-09-28 06:43:36,400 [pool-469-thread-1] INFO  server.RaftServerConfigKeys (ConfUtils.java:logGet(43)) - raft.server.notification.no-leader.timeout = 120s (custom)
2019-09-28 06:43:36,400 [pool-469-thread-1] INFO  server.RaftServerConfigKeys (ConfUtils.java:logGet(43)) - raft.server.log.use.memory = false (default)
2019-09-28 06:43:36,400 [pool-469-thread-1] INFO  server.RaftServerConfigKeys (ConfUtils.java:logGet(43)) - raft.server.log.purge.gap = 1000000 (custom)
2019-09-28 06:43:36,400 [pool-469-thread-1] INFO  server.RaftServerConfigKeys (ConfUtils.java:logGet(43)) - raft.server.log.appender.buffer.byte-limit = 33554432 (custom)
2019-09-28 06:43:36,400 [pool-469-thread-1] INFO  server.RaftServerConfigKeys (ConfUtils.java:logGet(43)) - raft.server.log.segment.size.max = 1048576 (custom)
2019-09-28 06:43:36,400 [pool-469-thread-1] INFO  server.RaftServerConfigKeys (ConfUtils.java:logGet(43)) - raft.server.log.segment.cache.num.max = 2 (custom)
2019-09-28 06:43:36,401 [pool-469-thread-1] INFO  segmented.SegmentedRaftLogWorker (SegmentedRaftLogWorker.java:<init>(172)) - new 72278b64-9966-4b87-b32a-72533108e712@group-9B046845C590-SegmentedRaftLogWorker for RaftStorage:Storage Directory /workdir/hadoop-ozone/integration-test/target/test-dir/MiniOzoneClusterImpl-5ef598d8-4f4c-4550-8452-dcb673683f2c/datanode-6/data/ratis/095620e3-248f-49fc-b5a2-9b046845c590
2019-09-28 06:43:36,403 [pool-469-thread-1] INFO  server.RaftServerConfigKeys (ConfUtils.java:logGet(43)) - raft.server.log.queue.byte-limit = 2147483647 (custom)
2019-09-28 06:43:36,403 [pool-469-thread-1] INFO  server.RaftServerConfigKeys (ConfUtils.java:logGet(43)) - raft.server.log.queue.element-limit = 1024 (custom)
2019-09-28 06:43:36,404 [pool-469-thread-1] INFO  server.RaftServerConfigKeys (ConfUtils.java:logGet(43)) - raft.server.log.segment.size.max = 1048576 (custom)
2019-09-28 06:43:36,404 [pool-469-thread-1] INFO  server.RaftServerConfigKeys (ConfUtils.java:logGet(43)) - raft.server.log.preallocated.size = 16384 (custom)
2019-09-28 06:43:36,404 [pool-469-thread-1] INFO  server.RaftServerConfigKeys (ConfUtils.java:logGet(43)) - raft.server.log.write.buffer.size = 33554432 (custom)
2019-09-28 06:43:36,404 [pool-469-thread-1] INFO  server.RaftServerConfigKeys (ConfUtils.java:logGet(43)) - raft.server.log.force.sync.num = 128 (default)
2019-09-28 06:43:36,404 [pool-469-thread-1] INFO  server.RaftServerConfigKeys (ConfUtils.java:logGet(43)) - raft.server.log.statemachine.data.sync = true (default)
2019-09-28 06:43:36,404 [pool-469-thread-1] INFO  server.RaftServerConfigKeys (ConfUtils.java:logGet(43)) - raft.server.log.statemachine.data.sync.timeout = 10s (default)
2019-09-28 06:43:36,405 [pool-469-thread-1] INFO  server.RaftServerConfigKeys (ConfUtils.java:logGet(43)) - raft.server.log.statemachine.data.sync.timeout.retry = -1 (default)
2019-09-28 06:43:36,405 [pool-469-thread-1] INFO  server.RaftServerConfigKeys (ConfUtils.java:logGet(43)) - raft.server.log.statemachine.data.caching.enabled = true (custom)
2019-09-28 06:43:36,405 [pool-469-thread-1] INFO  segmented.SegmentedRaftLogWorker (SegmentedRaftLogWorker.java:lambda$new$0(132)) - 72278b64-9966-4b87-b32a-72533108e712@group-9B046845C590-SegmentedRaftLogWorker: flushIndex: setUnconditionally 0 -> -1
2019-09-28 06:43:36,406 [pool-469-thread-1] INFO  server.RaftServerConfigKeys (ConfUtils.java:logGet(43)) - raft.server.snapshot.auto.trigger.enabled = true (custom)
2019-09-28 06:43:36,406 [pool-469-thread-1] INFO  server.RaftServerConfigKeys (ConfUtils.java:logGet(43)) - raft.server.snapshot.auto.trigger.threshold = 10000 (custom)
2019-09-28 06:43:36,406 [pool-469-thread-1] INFO  server.RaftServerConfigKeys (ConfUtils.java:logGet(43)) - raft.server.snapshot.retention.num.files = 5 (custom)
2019-09-28 06:43:36,406 [pool-469-thread-1] INFO  server.RaftServerConfigKeys (ConfUtils.java:logGet(43)) - raft.server.retrycache.expirytime = 600000ms (custom)
2019-09-28 06:43:36,408 [pool-469-thread-1] INFO  impl.RaftServerImpl (RaftServerImpl.java:start(185)) - 72278b64-9966-4b87-b32a-72533108e712@group-9B046845C590: start as a follower, conf=-1: [72278b64-9966-4b87-b32a-72533108e712:192.168.30.10:40488], old=null
2019-09-28 06:43:36,408 [pool-469-thread-1] INFO  impl.RaftServerImpl (RaftServerImpl.java:setRole(174)) - 72278b64-9966-4b87-b32a-72533108e712@group-9B046845C590: changes role from      null to FOLLOWER at term 0 for startAsFollower
2019-09-28 06:43:36,408 [pool-469-thread-1] INFO  impl.RoleInfo (RoleInfo.java:updateAndGet(143)) - 72278b64-9966-4b87-b32a-72533108e712: start FollowerState
2019-09-28 06:43:36,409 [pool-469-thread-1] INFO  util.JmxRegister (JmxRegister.java:tryRegister(44)) - Successfully registered JMX Bean with object name Ratis:service=RaftServer,group=group-9B046845C590,id=72278b64-9966-4b87-b32a-72533108e712
2019-09-28 06:43:36,411 [RatisPipelineUtilsThread] INFO  pipeline.PipelineStateManager (PipelineStateManager.java:addPipeline(56)) - Created pipeline Pipeline[ Id: 095620e3-248f-49fc-b5a2-9b046845c590, Nodes: 72278b64-9966-4b87-b32a-72533108e712{ip: 192.168.30.10, host: pr-hdds-2140-hhr7w-2843136654, networkLocation: /default-rack, certSerialId: null}, Type:RATIS, Factor:ONE, State:OPEN]
2019-09-28 06:43:36,420 [grpc-default-executor-9] INFO  impl.RaftServerProxy (RaftServerProxy.java:addNew(89)) - 870fbdd8-a74b-4e83-97b6-9e59d51c949a: addNew group-E31DD0F495D8:[870fbdd8-a74b-4e83-97b6-9e59d51c949a:192.168.30.10:43070] returns group-E31DD0F495D8:java.util.concurrent.CompletableFuture@ab177f9[Not completed]
2019-09-28 06:43:36,435 [pool-439-thread-1] INFO  impl.RaftServerImpl (RaftServerImpl.java:<init>(95)) - 870fbdd8-a74b-4e83-97b6-9e59d51c949a: new RaftServerImpl for group-E31DD0F495D8:[870fbdd8-a74b-4e83-97b6-9e59d51c949a:192.168.30.10:43070] with ContainerStateMachine:uninitialized
2019-09-28 06:43:36,435 [pool-439-thread-1] INFO  server.RaftServerConfigKeys (ConfUtils.java:logGet(43)) - raft.server.rpc.timeout.min = 5s (custom)
2019-09-28 06:43:36,435 [pool-439-thread-1] INFO  server.RaftServerConfigKeys (ConfUtils.java:logGet(43)) - raft.server.rpc.timeout.max = 5200ms (custom)
2019-09-28 06:43:36,435 [pool-439-thread-1] INFO  server.RaftServerConfigKeys (ConfUtils.java:logGet(43)) - raft.server.rpcslowness.timeout = 120s (custom)
2019-09-28 06:43:36,435 [pool-439-thread-1] INFO  server.RaftServerConfigKeys (ConfUtils.java:logGet(43)) - raft.server.sleep.deviation.threshold = 300 (default)
2019-09-28 06:43:36,436 [pool-439-thread-1] INFO  server.RaftServerConfigKeys (ConfUtils.java:logGet(43)) - raft.server.log.appender.install.snapshot.enabled = false (custom)
2019-09-28 06:43:36,436 [pool-439-thread-1] INFO  impl.RaftServerImpl (ServerState.java:<init>(103)) - 870fbdd8-a74b-4e83-97b6-9e59d51c949a@group-E31DD0F495D8: ConfigurationManager, init=-1: [870fbdd8-a74b-4e83-97b6-9e59d51c949a:192.168.30.10:43070], old=null, confs=<EMPTY_MAP>
2019-09-28 06:43:36,436 [pool-439-thread-1] INFO  server.RaftServerConfigKeys (ConfUtils.java:logGet(43)) - raft.server.storage.dir = [/workdir/hadoop-ozone/integration-test/target/test-dir/MiniOzoneClusterImpl-5ef598d8-4f4c-4550-8452-dcb673683f2c/datanode-3/data/ratis] (custom)
2019-09-28 06:43:36,469 [pool-439-thread-1] INFO  storage.RaftStorageDirectory (RaftStorageDirectory.java:analyzeStorage(246)) - The storage directory /workdir/hadoop-ozone/integration-test/target/test-dir/MiniOzoneClusterImpl-5ef598d8-4f4c-4550-8452-dcb673683f2c/datanode-3/data/ratis/eed0e999-e6fd-42cd-bffd-e31dd0f495d8 does not exist. Creating ...
2019-09-28 06:43:36,528 [pool-439-thread-1] INFO  storage.RaftStorageDirectory (RaftStorageDirectory.java:tryLock(328)) - Lock on /workdir/hadoop-ozone/integration-test/target/test-dir/MiniOzoneClusterImpl-5ef598d8-4f4c-4550-8452-dcb673683f2c/datanode-3/data/ratis/eed0e999-e6fd-42cd-bffd-e31dd0f495d8/in_use.lock acquired by nodename 22598@pr-hdds-2140-hhr7w-2843136654
2019-09-28 06:43:36,544 [pool-439-thread-1] INFO  storage.RaftStorage (RaftStorage.java:format(72)) - Storage directory /workdir/hadoop-ozone/integration-test/target/test-dir/MiniOzoneClusterImpl-5ef598d8-4f4c-4550-8452-dcb673683f2c/datanode-3/data/ratis/eed0e999-e6fd-42cd-bffd-e31dd0f495d8 has been successfully formatted.
2019-09-28 06:43:36,545 [pool-439-thread-1] INFO  ratis.ContainerStateMachine (ContainerStateMachine.java:loadSnapshot(230)) - group-E31DD0F495D8: The snapshot info is null. Setting the last applied indexto:(t:0, i:~)
2019-09-28 06:43:36,545 [pool-439-thread-1] INFO  server.RaftServerConfigKeys (ConfUtils.java:logGet(43)) - raft.server.notification.no-leader.timeout = 120s (custom)
2019-09-28 06:43:36,545 [pool-439-thread-1] INFO  server.RaftServerConfigKeys (ConfUtils.java:logGet(43)) - raft.server.log.use.memory = false (default)
2019-09-28 06:43:36,545 [pool-439-thread-1] INFO  server.RaftServerConfigKeys (ConfUtils.java:logGet(43)) - raft.server.log.purge.gap = 1000000 (custom)
2019-09-28 06:43:36,545 [pool-439-thread-1] INFO  server.RaftServerConfigKeys (ConfUtils.java:logGet(43)) - raft.server.log.appender.buffer.byte-limit = 33554432 (custom)
2019-09-28 06:43:36,545 [pool-439-thread-1] INFO  server.RaftServerConfigKeys (ConfUtils.java:logGet(43)) - raft.server.log.segment.size.max = 1048576 (custom)
2019-09-28 06:43:36,545 [pool-439-thread-1] INFO  server.RaftServerConfigKeys (ConfUtils.java:logGet(43)) - raft.server.log.segment.cache.num.max = 2 (custom)
2019-09-28 06:43:36,546 [pool-439-thread-1] INFO  segmented.SegmentedRaftLogWorker (SegmentedRaftLogWorker.java:<init>(172)) - new 870fbdd8-a74b-4e83-97b6-9e59d51c949a@group-E31DD0F495D8-SegmentedRaftLogWorker for RaftStorage:Storage Directory /workdir/hadoop-ozone/integration-test/target/test-dir/MiniOzoneClusterImpl-5ef598d8-4f4c-4550-8452-dcb673683f2c/datanode-3/data/ratis/eed0e999-e6fd-42cd-bffd-e31dd0f495d8
2019-09-28 06:43:36,547 [pool-439-thread-1] INFO  server.RaftServerConfigKeys (ConfUtils.java:logGet(43)) - raft.server.log.queue.byte-limit = 2147483647 (custom)
2019-09-28 06:43:36,547 [pool-439-thread-1] INFO  server.RaftServerConfigKeys (ConfUtils.java:logGet(43)) - raft.server.log.queue.element-limit = 1024 (custom)
2019-09-28 06:43:36,548 [pool-439-thread-1] INFO  server.RaftServerConfigKeys (ConfUtils.java:logGet(43)) - raft.server.log.segment.size.max = 1048576 (custom)
2019-09-28 06:43:36,548 [pool-439-thread-1] INFO  server.RaftServerConfigKeys (ConfUtils.java:logGet(43)) - raft.server.log.preallocated.size = 16384 (custom)
2019-09-28 06:43:36,548 [pool-439-thread-1] INFO  server.RaftServerConfigKeys (ConfUtils.java:logGet(43)) - raft.server.log.write.buffer.size = 33554432 (custom)
2019-09-28 06:43:36,548 [pool-439-thread-1] INFO  server.RaftServerConfigKeys (ConfUtils.java:logGet(43)) - raft.server.log.force.sync.num = 128 (default)
2019-09-28 06:43:36,548 [pool-439-thread-1] INFO  server.RaftServerConfigKeys (ConfUtils.java:logGet(43)) - raft.server.log.statemachine.data.sync = true (default)
2019-09-28 06:43:36,548 [pool-439-thread-1] INFO  server.RaftServerConfigKeys (ConfUtils.java:logGet(43)) - raft.server.log.statemachine.data.sync.timeout = 10s (default)
2019-09-28 06:43:36,548 [pool-439-thread-1] INFO  server.RaftServerConfigKeys (ConfUtils.java:logGet(43)) - raft.server.log.statemachine.data.sync.timeout.retry = -1 (default)
2019-09-28 06:43:36,549 [pool-439-thread-1] INFO  server.RaftServerConfigKeys (ConfUtils.java:logGet(43)) - raft.server.log.statemachine.data.caching.enabled = true (custom)
2019-09-28 06:43:36,549 [pool-439-thread-1] INFO  segmented.SegmentedRaftLogWorker (SegmentedRaftLogWorker.java:lambda$new$0(132)) - 870fbdd8-a74b-4e83-97b6-9e59d51c949a@group-E31DD0F495D8-SegmentedRaftLogWorker: flushIndex: setUnconditionally 0 -> -1
2019-09-28 06:43:36,549 [pool-439-thread-1] INFO  server.RaftServerConfigKeys (ConfUtils.java:logGet(43)) - raft.server.snapshot.auto.trigger.enabled = true (custom)
2019-09-28 06:43:36,549 [pool-439-thread-1] INFO  server.RaftServerConfigKeys (ConfUtils.java:logGet(43)) - raft.server.snapshot.auto.trigger.threshold = 10000 (custom)
2019-09-28 06:43:36,550 [pool-439-thread-1] INFO  server.RaftServerConfigKeys (ConfUtils.java:logGet(43)) - raft.server.snapshot.retention.num.files = 5 (custom)
2019-09-28 06:43:36,550 [pool-439-thread-1] INFO  server.RaftServerConfigKeys (ConfUtils.java:logGet(43)) - raft.server.retrycache.expirytime = 600000ms (custom)
2019-09-28 06:43:36,551 [pool-439-thread-1] INFO  impl.RaftServerImpl (RaftServerImpl.java:start(185)) - 870fbdd8-a74b-4e83-97b6-9e59d51c949a@group-E31DD0F495D8: start as a follower, conf=-1: [870fbdd8-a74b-4e83-97b6-9e59d51c949a:192.168.30.10:43070], old=null
2019-09-28 06:43:36,552 [pool-439-thread-1] INFO  impl.RaftServerImpl (RaftServerImpl.java:setRole(174)) - 870fbdd8-a74b-4e83-97b6-9e59d51c949a@group-E31DD0F495D8: changes role from      null to FOLLOWER at term 0 for startAsFollower
2019-09-28 06:43:36,552 [pool-439-thread-1] INFO  impl.RoleInfo (RoleInfo.java:updateAndGet(143)) - 870fbdd8-a74b-4e83-97b6-9e59d51c949a: start FollowerState
2019-09-28 06:43:36,552 [pool-439-thread-1] INFO  util.JmxRegister (JmxRegister.java:tryRegister(44)) - Successfully registered JMX Bean with object name Ratis:service=RaftServer,group=group-E31DD0F495D8,id=870fbdd8-a74b-4e83-97b6-9e59d51c949a
2019-09-28 06:43:36,555 [RatisPipelineUtilsThread] INFO  pipeline.PipelineStateManager (PipelineStateManager.java:addPipeline(56)) - Created pipeline Pipeline[ Id: eed0e999-e6fd-42cd-bffd-e31dd0f495d8, Nodes: 870fbdd8-a74b-4e83-97b6-9e59d51c949a{ip: 192.168.30.10, host: pr-hdds-2140-hhr7w-2843136654, networkLocation: /default-rack, certSerialId: null}, Type:RATIS, Factor:ONE, State:OPEN]
2019-09-28 06:43:36,565 [grpc-default-executor-8] INFO  impl.RaftServerProxy (RaftServerProxy.java:addNew(89)) - e6f90df7-dec1-43e3-a927-0240d8c4bd7c: addNew group-F7621388147A:[7fb751f0-cac0-4fd5-b9c8-df230946860c:192.168.30.10:40926, e6f90df7-dec1-43e3-a927-0240d8c4bd7c:192.168.30.10:45784, 72278b64-9966-4b87-b32a-72533108e712:192.168.30.10:40488] returns group-F7621388147A:java.util.concurrent.CompletableFuture@1f6a925c[Not completed]
2019-09-28 06:43:36,565 [grpc-default-executor-9] INFO  impl.RaftServerProxy (RaftServerProxy.java:addNew(89)) - 72278b64-9966-4b87-b32a-72533108e712: addNew group-F7621388147A:[7fb751f0-cac0-4fd5-b9c8-df230946860c:192.168.30.10:40926, e6f90df7-dec1-43e3-a927-0240d8c4bd7c:192.168.30.10:45784, 72278b64-9966-4b87-b32a-72533108e712:192.168.30.10:40488] returns group-F7621388147A:java.util.concurrent.CompletableFuture@7a1b804a[Not completed]
2019-09-28 06:43:36,565 [grpc-default-executor-10] INFO  impl.RaftServerProxy (RaftServerProxy.java:addNew(89)) - 7fb751f0-cac0-4fd5-b9c8-df230946860c: addNew group-F7621388147A:[7fb751f0-cac0-4fd5-b9c8-df230946860c:192.168.30.10:40926, e6f90df7-dec1-43e3-a927-0240d8c4bd7c:192.168.30.10:45784, 72278b64-9966-4b87-b32a-72533108e712:192.168.30.10:40488] returns group-F7621388147A:java.util.concurrent.CompletableFuture@2369f543[Not completed]
2019-09-28 06:43:36,566 [pool-449-thread-1] INFO  impl.RaftServerImpl (RaftServerImpl.java:<init>(95)) - e6f90df7-dec1-43e3-a927-0240d8c4bd7c: new RaftServerImpl for group-F7621388147A:[7fb751f0-cac0-4fd5-b9c8-df230946860c:192.168.30.10:40926, e6f90df7-dec1-43e3-a927-0240d8c4bd7c:192.168.30.10:45784, 72278b64-9966-4b87-b32a-72533108e712:192.168.30.10:40488] with ContainerStateMachine:uninitialized
2019-09-28 06:43:36,567 [pool-449-thread-1] INFO  server.RaftServerConfigKeys (ConfUtils.java:logGet(43)) - raft.server.rpc.timeout.min = 5s (custom)
2019-09-28 06:43:36,567 [pool-449-thread-1] INFO  server.RaftServerConfigKeys (ConfUtils.java:logGet(43)) - raft.server.rpc.timeout.max = 5200ms (custom)
2019-09-28 06:43:36,567 [pool-449-thread-1] INFO  server.RaftServerConfigKeys (ConfUtils.java:logGet(43)) - raft.server.rpcslowness.timeout = 120s (custom)
2019-09-28 06:43:36,567 [pool-449-thread-1] INFO  server.RaftServerConfigKeys (ConfUtils.java:logGet(43)) - raft.server.sleep.deviation.threshold = 300 (default)
2019-09-28 06:43:36,567 [pool-449-thread-1] INFO  server.RaftServerConfigKeys (ConfUtils.java:logGet(43)) - raft.server.log.appender.install.snapshot.enabled = false (custom)
2019-09-28 06:43:36,567 [pool-449-thread-1] INFO  impl.RaftServerImpl (ServerState.java:<init>(103)) - e6f90df7-dec1-43e3-a927-0240d8c4bd7c@group-F7621388147A: ConfigurationManager, init=-1: [7fb751f0-cac0-4fd5-b9c8-df230946860c:192.168.30.10:40926, e6f90df7-dec1-43e3-a927-0240d8c4bd7c:192.168.30.10:45784, 72278b64-9966-4b87-b32a-72533108e712:192.168.30.10:40488], old=null, confs=<EMPTY_MAP>
2019-09-28 06:43:36,567 [pool-469-thread-1] INFO  impl.RaftServerImpl (RaftServerImpl.java:<init>(95)) - 72278b64-9966-4b87-b32a-72533108e712: new RaftServerImpl for group-F7621388147A:[7fb751f0-cac0-4fd5-b9c8-df230946860c:192.168.30.10:40926, e6f90df7-dec1-43e3-a927-0240d8c4bd7c:192.168.30.10:45784, 72278b64-9966-4b87-b32a-72533108e712:192.168.30.10:40488] with ContainerStateMachine:uninitialized
2019-09-28 06:43:36,567 [pool-449-thread-1] INFO  server.RaftServerConfigKeys (ConfUtils.java:logGet(43)) - raft.server.storage.dir = [/workdir/hadoop-ozone/integration-test/target/test-dir/MiniOzoneClusterImpl-5ef598d8-4f4c-4550-8452-dcb673683f2c/datanode-4/data/ratis] (custom)
2019-09-28 06:43:36,567 [pool-469-thread-1] INFO  server.RaftServerConfigKeys (ConfUtils.java:logGet(43)) - raft.server.rpc.timeout.min = 5s (custom)
2019-09-28 06:43:36,568 [pool-469-thread-1] INFO  server.RaftServerConfigKeys (ConfUtils.java:logGet(43)) - raft.server.rpc.timeout.max = 5200ms (custom)
2019-09-28 06:43:36,568 [pool-449-thread-1] INFO  storage.RaftStorageDirectory (RaftStorageDirectory.java:analyzeStorage(246)) - The storage directory /workdir/hadoop-ozone/integration-test/target/test-dir/MiniOzoneClusterImpl-5ef598d8-4f4c-4550-8452-dcb673683f2c/datanode-4/data/ratis/13e4c13b-d3f4-481b-b7a3-f7621388147a does not exist. Creating ...
2019-09-28 06:43:36,568 [pool-469-thread-1] INFO  server.RaftServerConfigKeys (ConfUtils.java:logGet(43)) - raft.server.rpcslowness.timeout = 120s (custom)
2019-09-28 06:43:36,568 [pool-459-thread-1] INFO  impl.RaftServerImpl (RaftServerImpl.java:<init>(95)) - 7fb751f0-cac0-4fd5-b9c8-df230946860c: new RaftServerImpl for group-F7621388147A:[7fb751f0-cac0-4fd5-b9c8-df230946860c:192.168.30.10:40926, e6f90df7-dec1-43e3-a927-0240d8c4bd7c:192.168.30.10:45784, 72278b64-9966-4b87-b32a-72533108e712:192.168.30.10:40488] with ContainerStateMachine:uninitialized
2019-09-28 06:43:36,568 [pool-469-thread-1] INFO  server.RaftServerConfigKeys (ConfUtils.java:logGet(43)) - raft.server.sleep.deviation.threshold = 300 (default)
2019-09-28 06:43:36,568 [pool-459-thread-1] INFO  server.RaftServerConfigKeys (ConfUtils.java:logGet(43)) - raft.server.rpc.timeout.min = 5s (custom)
2019-09-28 06:43:36,568 [pool-469-thread-1] INFO  server.RaftServerConfigKeys (ConfUtils.java:logGet(43)) - raft.server.log.appender.install.snapshot.enabled = false (custom)
2019-09-28 06:43:36,568 [pool-459-thread-1] INFO  server.RaftServerConfigKeys (ConfUtils.java:logGet(43)) - raft.server.rpc.timeout.max = 5200ms (custom)
2019-09-28 06:43:36,569 [pool-469-thread-1] INFO  impl.RaftServerImpl (ServerState.java:<init>(103)) - 72278b64-9966-4b87-b32a-72533108e712@group-F7621388147A: ConfigurationManager, init=-1: [7fb751f0-cac0-4fd5-b9c8-df230946860c:192.168.30.10:40926, e6f90df7-dec1-43e3-a927-0240d8c4bd7c:192.168.30.10:45784, 72278b64-9966-4b87-b32a-72533108e712:192.168.30.10:40488], old=null, confs=<EMPTY_MAP>
2019-09-28 06:43:36,569 [pool-459-thread-1] INFO  server.RaftServerConfigKeys (ConfUtils.java:logGet(43)) - raft.server.rpcslowness.timeout = 120s (custom)
2019-09-28 06:43:36,569 [pool-469-thread-1] INFO  server.RaftServerConfigKeys (ConfUtils.java:logGet(43)) - raft.server.storage.dir = [/workdir/hadoop-ozone/integration-test/target/test-dir/MiniOzoneClusterImpl-5ef598d8-4f4c-4550-8452-dcb673683f2c/datanode-6/data/ratis] (custom)
2019-09-28 06:43:36,569 [pool-459-thread-1] INFO  server.RaftServerConfigKeys (ConfUtils.java:logGet(43)) - raft.server.sleep.deviation.threshold = 300 (default)
2019-09-28 06:43:36,569 [pool-459-thread-1] INFO  server.RaftServerConfigKeys (ConfUtils.java:logGet(43)) - raft.server.log.appender.install.snapshot.enabled = false (custom)
2019-09-28 06:43:36,569 [pool-459-thread-1] INFO  impl.RaftServerImpl (ServerState.java:<init>(103)) - 7fb751f0-cac0-4fd5-b9c8-df230946860c@group-F7621388147A: ConfigurationManager, init=-1: [7fb751f0-cac0-4fd5-b9c8-df230946860c:192.168.30.10:40926, e6f90df7-dec1-43e3-a927-0240d8c4bd7c:192.168.30.10:45784, 72278b64-9966-4b87-b32a-72533108e712:192.168.30.10:40488], old=null, confs=<EMPTY_MAP>
2019-09-28 06:43:36,569 [pool-469-thread-1] INFO  storage.RaftStorageDirectory (RaftStorageDirectory.java:analyzeStorage(246)) - The storage directory /workdir/hadoop-ozone/integration-test/target/test-dir/MiniOzoneClusterImpl-5ef598d8-4f4c-4550-8452-dcb673683f2c/datanode-6/data/ratis/13e4c13b-d3f4-481b-b7a3-f7621388147a does not exist. Creating ...
2019-09-28 06:43:36,569 [pool-459-thread-1] INFO  server.RaftServerConfigKeys (ConfUtils.java:logGet(43)) - raft.server.storage.dir = [/workdir/hadoop-ozone/integration-test/target/test-dir/MiniOzoneClusterImpl-5ef598d8-4f4c-4550-8452-dcb673683f2c/datanode-5/data/ratis] (custom)
2019-09-28 06:43:36,570 [pool-459-thread-1] INFO  storage.RaftStorageDirectory (RaftStorageDirectory.java:analyzeStorage(246)) - The storage directory /workdir/hadoop-ozone/integration-test/target/test-dir/MiniOzoneClusterImpl-5ef598d8-4f4c-4550-8452-dcb673683f2c/datanode-5/data/ratis/13e4c13b-d3f4-481b-b7a3-f7621388147a does not exist. Creating ...
2019-09-28 06:43:36,586 [pool-449-thread-1] INFO  storage.RaftStorageDirectory (RaftStorageDirectory.java:tryLock(328)) - Lock on /workdir/hadoop-ozone/integration-test/target/test-dir/MiniOzoneClusterImpl-5ef598d8-4f4c-4550-8452-dcb673683f2c/datanode-4/data/ratis/13e4c13b-d3f4-481b-b7a3-f7621388147a/in_use.lock acquired by nodename 22598@pr-hdds-2140-hhr7w-2843136654
2019-09-28 06:43:36,586 [pool-469-thread-1] INFO  storage.RaftStorageDirectory (RaftStorageDirectory.java:tryLock(328)) - Lock on /workdir/hadoop-ozone/integration-test/target/test-dir/MiniOzoneClusterImpl-5ef598d8-4f4c-4550-8452-dcb673683f2c/datanode-6/data/ratis/13e4c13b-d3f4-481b-b7a3-f7621388147a/in_use.lock acquired by nodename 22598@pr-hdds-2140-hhr7w-2843136654
2019-09-28 06:43:36,586 [pool-459-thread-1] INFO  storage.RaftStorageDirectory (RaftStorageDirectory.java:tryLock(328)) - Lock on /workdir/hadoop-ozone/integration-test/target/test-dir/MiniOzoneClusterImpl-5ef598d8-4f4c-4550-8452-dcb673683f2c/datanode-5/data/ratis/13e4c13b-d3f4-481b-b7a3-f7621388147a/in_use.lock acquired by nodename 22598@pr-hdds-2140-hhr7w-2843136654
2019-09-28 06:43:36,615 [pool-449-thread-1] INFO  storage.RaftStorage (RaftStorage.java:format(72)) - Storage directory /workdir/hadoop-ozone/integration-test/target/test-dir/MiniOzoneClusterImpl-5ef598d8-4f4c-4550-8452-dcb673683f2c/datanode-4/data/ratis/13e4c13b-d3f4-481b-b7a3-f7621388147a has been successfully formatted.
2019-09-28 06:43:36,615 [pool-469-thread-1] INFO  storage.RaftStorage (RaftStorage.java:format(72)) - Storage directory /workdir/hadoop-ozone/integration-test/target/test-dir/MiniOzoneClusterImpl-5ef598d8-4f4c-4550-8452-dcb673683f2c/datanode-6/data/ratis/13e4c13b-d3f4-481b-b7a3-f7621388147a has been successfully formatted.
2019-09-28 06:43:36,615 [pool-459-thread-1] INFO  storage.RaftStorage (RaftStorage.java:format(72)) - Storage directory /workdir/hadoop-ozone/integration-test/target/test-dir/MiniOzoneClusterImpl-5ef598d8-4f4c-4550-8452-dcb673683f2c/datanode-5/data/ratis/13e4c13b-d3f4-481b-b7a3-f7621388147a has been successfully formatted.
2019-09-28 06:43:36,615 [pool-449-thread-1] INFO  ratis.ContainerStateMachine (ContainerStateMachine.java:loadSnapshot(230)) - group-F7621388147A: The snapshot info is null. Setting the last applied indexto:(t:0, i:~)
2019-09-28 06:43:36,615 [pool-459-thread-1] INFO  ratis.ContainerStateMachine (ContainerStateMachine.java:loadSnapshot(230)) - group-F7621388147A: The snapshot info is null. Setting the last applied indexto:(t:0, i:~)
2019-09-28 06:43:36,615 [pool-469-thread-1] INFO  ratis.ContainerStateMachine (ContainerStateMachine.java:loadSnapshot(230)) - group-F7621388147A: The snapshot info is null. Setting the last applied indexto:(t:0, i:~)
2019-09-28 06:43:36,615 [pool-459-thread-1] INFO  server.RaftServerConfigKeys (ConfUtils.java:logGet(43)) - raft.server.notification.no-leader.timeout = 120s (custom)
2019-09-28 06:43:36,615 [pool-449-thread-1] INFO  server.RaftServerConfigKeys (ConfUtils.java:logGet(43)) - raft.server.notification.no-leader.timeout = 120s (custom)
2019-09-28 06:43:36,616 [pool-459-thread-1] INFO  server.RaftServerConfigKeys (ConfUtils.java:logGet(43)) - raft.server.log.use.memory = false (default)
2019-09-28 06:43:36,615 [pool-469-thread-1] INFO  server.RaftServerConfigKeys (ConfUtils.java:logGet(43)) - raft.server.notification.no-leader.timeout = 120s (custom)
2019-09-28 06:43:36,616 [pool-459-thread-1] INFO  server.RaftServerConfigKeys (ConfUtils.java:logGet(43)) - raft.server.log.purge.gap = 1000000 (custom)
2019-09-28 06:43:36,616 [pool-459-thread-1] INFO  server.RaftServerConfigKeys (ConfUtils.java:logGet(43)) - raft.server.log.appender.buffer.byte-limit = 33554432 (custom)
2019-09-28 06:43:36,616 [pool-449-thread-1] INFO  server.RaftServerConfigKeys (ConfUtils.java:logGet(43)) - raft.server.log.use.memory = false (default)
2019-09-28 06:43:36,616 [pool-459-thread-1] INFO  server.RaftServerConfigKeys (ConfUtils.java:logGet(43)) - raft.server.log.segment.size.max = 1048576 (custom)
2019-09-28 06:43:36,616 [pool-469-thread-1] INFO  server.RaftServerConfigKeys (ConfUtils.java:logGet(43)) - raft.server.log.use.memory = false (default)
2019-09-28 06:43:36,616 [pool-459-thread-1] INFO  server.RaftServerConfigKeys (ConfUtils.java:logGet(43)) - raft.server.log.segment.cache.num.max = 2 (custom)
2019-09-28 06:43:36,616 [pool-469-thread-1] INFO  server.RaftServerConfigKeys (ConfUtils.java:logGet(43)) - raft.server.log.purge.gap = 1000000 (custom)
2019-09-28 06:43:36,616 [pool-449-thread-1] INFO  server.RaftServerConfigKeys (ConfUtils.java:logGet(43)) - raft.server.log.purge.gap = 1000000 (custom)
2019-09-28 06:43:36,617 [pool-469-thread-1] INFO  server.RaftServerConfigKeys (ConfUtils.java:logGet(43)) - raft.server.log.appender.buffer.byte-limit = 33554432 (custom)
2019-09-28 06:43:36,617 [pool-459-thread-1] INFO  segmented.SegmentedRaftLogWorker (SegmentedRaftLogWorker.java:<init>(172)) - new 7fb751f0-cac0-4fd5-b9c8-df230946860c@group-F7621388147A-SegmentedRaftLogWorker for RaftStorage:Storage Directory /workdir/hadoop-ozone/integration-test/target/test-dir/MiniOzoneClusterImpl-5ef598d8-4f4c-4550-8452-dcb673683f2c/datanode-5/data/ratis/13e4c13b-d3f4-481b-b7a3-f7621388147a
2019-09-28 06:43:36,617 [pool-469-thread-1] INFO  server.RaftServerConfigKeys (ConfUtils.java:logGet(43)) - raft.server.log.segment.size.max = 1048576 (custom)
2019-09-28 06:43:36,617 [pool-449-thread-1] INFO  server.RaftServerConfigKeys (ConfUtils.java:logGet(43)) - raft.server.log.appender.buffer.byte-limit = 33554432 (custom)
2019-09-28 06:43:36,617 [pool-469-thread-1] INFO  server.RaftServerConfigKeys (ConfUtils.java:logGet(43)) - raft.server.log.segment.cache.num.max = 2 (custom)
2019-09-28 06:43:36,617 [pool-459-thread-1] INFO  server.RaftServerConfigKeys (ConfUtils.java:logGet(43)) - raft.server.log.queue.byte-limit = 2147483647 (custom)
2019-09-28 06:43:36,618 [pool-469-thread-1] INFO  segmented.SegmentedRaftLogWorker (SegmentedRaftLogWorker.java:<init>(172)) - new 72278b64-9966-4b87-b32a-72533108e712@group-F7621388147A-SegmentedRaftLogWorker for RaftStorage:Storage Directory /workdir/hadoop-ozone/integration-test/target/test-dir/MiniOzoneClusterImpl-5ef598d8-4f4c-4550-8452-dcb673683f2c/datanode-6/data/ratis/13e4c13b-d3f4-481b-b7a3-f7621388147a
2019-09-28 06:43:36,617 [pool-449-thread-1] INFO  server.RaftServerConfigKeys (ConfUtils.java:logGet(43)) - raft.server.log.segment.size.max = 1048576 (custom)
2019-09-28 06:43:36,618 [pool-469-thread-1] INFO  server.RaftServerConfigKeys (ConfUtils.java:logGet(43)) - raft.server.log.queue.byte-limit = 2147483647 (custom)
2019-09-28 06:43:36,618 [pool-459-thread-1] INFO  server.RaftServerConfigKeys (ConfUtils.java:logGet(43)) - raft.server.log.queue.element-limit = 1024 (custom)
2019-09-28 06:43:36,618 [pool-469-thread-1] INFO  server.RaftServerConfigKeys (ConfUtils.java:logGet(43)) - raft.server.log.queue.element-limit = 1024 (custom)
2019-09-28 06:43:36,618 [pool-449-thread-1] INFO  server.RaftServerConfigKeys (ConfUtils.java:logGet(43)) - raft.server.log.segment.cache.num.max = 2 (custom)
2019-09-28 06:43:36,618 [pool-469-thread-1] INFO  server.RaftServerConfigKeys (ConfUtils.java:logGet(43)) - raft.server.log.segment.size.max = 1048576 (custom)
2019-09-28 06:43:36,618 [pool-459-thread-1] INFO  server.RaftServerConfigKeys (ConfUtils.java:logGet(43)) - raft.server.log.segment.size.max = 1048576 (custom)
2019-09-28 06:43:36,619 [pool-469-thread-1] INFO  server.RaftServerConfigKeys (ConfUtils.java:logGet(43)) - raft.server.log.preallocated.size = 16384 (custom)
2019-09-28 06:43:36,619 [pool-469-thread-1] INFO  server.RaftServerConfigKeys (ConfUtils.java:logGet(43)) - raft.server.log.write.buffer.size = 33554432 (custom)
2019-09-28 06:43:36,618 [pool-449-thread-1] INFO  segmented.SegmentedRaftLogWorker (SegmentedRaftLogWorker.java:<init>(172)) - new e6f90df7-dec1-43e3-a927-0240d8c4bd7c@group-F7621388147A-SegmentedRaftLogWorker for RaftStorage:Storage Directory /workdir/hadoop-ozone/integration-test/target/test-dir/MiniOzoneClusterImpl-5ef598d8-4f4c-4550-8452-dcb673683f2c/datanode-4/data/ratis/13e4c13b-d3f4-481b-b7a3-f7621388147a
2019-09-28 06:43:36,619 [pool-469-thread-1] INFO  server.RaftServerConfigKeys (ConfUtils.java:logGet(43)) - raft.server.log.force.sync.num = 128 (default)
2019-09-28 06:43:36,619 [pool-469-thread-1] INFO  server.RaftServerConfigKeys (ConfUtils.java:logGet(43)) - raft.server.log.statemachine.data.sync = true (default)
2019-09-28 06:43:36,619 [pool-459-thread-1] INFO  server.RaftServerConfigKeys (ConfUtils.java:logGet(43)) - raft.server.log.preallocated.size = 16384 (custom)
2019-09-28 06:43:36,619 [pool-469-thread-1] INFO  server.RaftServerConfigKeys (ConfUtils.java:logGet(43)) - raft.server.log.statemachine.data.sync.timeout = 10s (default)
2019-09-28 06:43:36,620 [pool-469-thread-1] INFO  server.RaftServerConfigKeys (ConfUtils.java:logGet(43)) - raft.server.log.statemachine.data.sync.timeout.retry = -1 (default)
2019-09-28 06:43:36,619 [pool-449-thread-1] INFO  server.RaftServerConfigKeys (ConfUtils.java:logGet(43)) - raft.server.log.queue.byte-limit = 2147483647 (custom)
2019-09-28 06:43:36,620 [pool-469-thread-1] INFO  server.RaftServerConfigKeys (ConfUtils.java:logGet(43)) - raft.server.log.statemachine.data.caching.enabled = true (custom)
2019-09-28 06:43:36,620 [pool-459-thread-1] INFO  server.RaftServerConfigKeys (ConfUtils.java:logGet(43)) - raft.server.log.write.buffer.size = 33554432 (custom)
2019-09-28 06:43:36,620 [pool-459-thread-1] INFO  server.RaftServerConfigKeys (ConfUtils.java:logGet(43)) - raft.server.log.force.sync.num = 128 (default)
2019-09-28 06:43:36,620 [pool-449-thread-1] INFO  server.RaftServerConfigKeys (ConfUtils.java:logGet(43)) - raft.server.log.queue.element-limit = 1024 (custom)
2019-09-28 06:43:36,620 [pool-459-thread-1] INFO  server.RaftServerConfigKeys (ConfUtils.java:logGet(43)) - raft.server.log.statemachine.data.sync = true (default)
2019-09-28 06:43:36,620 [pool-469-thread-1] INFO  segmented.SegmentedRaftLogWorker (SegmentedRaftLogWorker.java:lambda$new$0(132)) - 72278b64-9966-4b87-b32a-72533108e712@group-F7621388147A-SegmentedRaftLogWorker: flushIndex: setUnconditionally 0 -> -1
2019-09-28 06:43:36,621 [pool-459-thread-1] INFO  server.RaftServerConfigKeys (ConfUtils.java:logGet(43)) - raft.server.log.statemachine.data.sync.timeout = 10s (default)
2019-09-28 06:43:36,621 [pool-449-thread-1] INFO  server.RaftServerConfigKeys (ConfUtils.java:logGet(43)) - raft.server.log.segment.size.max = 1048576 (custom)
2019-09-28 06:43:36,621 [pool-469-thread-1] INFO  server.RaftServerConfigKeys (ConfUtils.java:logGet(43)) - raft.server.snapshot.auto.trigger.enabled = true (custom)
2019-09-28 06:43:36,621 [pool-459-thread-1] INFO  server.RaftServerConfigKeys (ConfUtils.java:logGet(43)) - raft.server.log.statemachine.data.sync.timeout.retry = -1 (default)
2019-09-28 06:43:36,621 [pool-469-thread-1] INFO  server.RaftServerConfigKeys (ConfUtils.java:logGet(43)) - raft.server.snapshot.auto.trigger.threshold = 10000 (custom)
2019-09-28 06:43:36,621 [pool-449-thread-1] INFO  server.RaftServerConfigKeys (ConfUtils.java:logGet(43)) - raft.server.log.preallocated.size = 16384 (custom)
2019-09-28 06:43:36,621 [pool-469-thread-1] INFO  server.RaftServerConfigKeys (ConfUtils.java:logGet(43)) - raft.server.snapshot.retention.num.files = 5 (custom)
2019-09-28 06:43:36,621 [pool-459-thread-1] INFO  server.RaftServerConfigKeys (ConfUtils.java:logGet(43)) - raft.server.log.statemachine.data.caching.enabled = true (custom)
2019-09-28 06:43:36,622 [pool-469-thread-1] INFO  server.RaftServerConfigKeys (ConfUtils.java:logGet(43)) - raft.server.retrycache.expirytime = 600000ms (custom)
2019-09-28 06:43:36,622 [pool-449-thread-1] INFO  server.RaftServerConfigKeys (ConfUtils.java:logGet(43)) - raft.server.log.write.buffer.size = 33554432 (custom)
2019-09-28 06:43:36,622 [pool-459-thread-1] INFO  segmented.SegmentedRaftLogWorker (SegmentedRaftLogWorker.java:lambda$new$0(132)) - 7fb751f0-cac0-4fd5-b9c8-df230946860c@group-F7621388147A-SegmentedRaftLogWorker: flushIndex: setUnconditionally 0 -> -1
2019-09-28 06:43:36,622 [pool-449-thread-1] INFO  server.RaftServerConfigKeys (ConfUtils.java:logGet(43)) - raft.server.log.force.sync.num = 128 (default)
2019-09-28 06:43:36,622 [pool-449-thread-1] INFO  server.RaftServerConfigKeys (ConfUtils.java:logGet(43)) - raft.server.log.statemachine.data.sync = true (default)
2019-09-28 06:43:36,622 [pool-459-thread-1] INFO  server.RaftServerConfigKeys (ConfUtils.java:logGet(43)) - raft.server.snapshot.auto.trigger.enabled = true (custom)
2019-09-28 06:43:36,622 [pool-449-thread-1] INFO  server.RaftServerConfigKeys (ConfUtils.java:logGet(43)) - raft.server.log.statemachine.data.sync.timeout = 10s (default)
2019-09-28 06:43:36,623 [pool-459-thread-1] INFO  server.RaftServerConfigKeys (ConfUtils.java:logGet(43)) - raft.server.snapshot.auto.trigger.threshold = 10000 (custom)
2019-09-28 06:43:36,623 [pool-449-thread-1] INFO  server.RaftServerConfigKeys (ConfUtils.java:logGet(43)) - raft.server.log.statemachine.data.sync.timeout.retry = -1 (default)
2019-09-28 06:43:36,623 [pool-459-thread-1] INFO  server.RaftServerConfigKeys (ConfUtils.java:logGet(43)) - raft.server.snapshot.retention.num.files = 5 (custom)
2019-09-28 06:43:36,623 [pool-449-thread-1] INFO  server.RaftServerConfigKeys (ConfUtils.java:logGet(43)) - raft.server.log.statemachine.data.caching.enabled = true (custom)
2019-09-28 06:43:36,623 [pool-459-thread-1] INFO  server.RaftServerConfigKeys (ConfUtils.java:logGet(43)) - raft.server.retrycache.expirytime = 600000ms (custom)
2019-09-28 06:43:36,623 [pool-449-thread-1] INFO  segmented.SegmentedRaftLogWorker (SegmentedRaftLogWorker.java:lambda$new$0(132)) - e6f90df7-dec1-43e3-a927-0240d8c4bd7c@group-F7621388147A-SegmentedRaftLogWorker: flushIndex: setUnconditionally 0 -> -1
2019-09-28 06:43:36,623 [pool-449-thread-1] INFO  server.RaftServerConfigKeys (ConfUtils.java:logGet(43)) - raft.server.snapshot.auto.trigger.enabled = true (custom)
2019-09-28 06:43:36,623 [pool-449-thread-1] INFO  server.RaftServerConfigKeys (ConfUtils.java:logGet(43)) - raft.server.snapshot.auto.trigger.threshold = 10000 (custom)
2019-09-28 06:43:36,624 [pool-449-thread-1] INFO  server.RaftServerConfigKeys (ConfUtils.java:logGet(43)) - raft.server.snapshot.retention.num.files = 5 (custom)
2019-09-28 06:43:36,624 [pool-449-thread-1] INFO  server.RaftServerConfigKeys (ConfUtils.java:logGet(43)) - raft.server.retrycache.expirytime = 600000ms (custom)
2019-09-28 06:43:36,625 [pool-469-thread-1] INFO  impl.RaftServerImpl (RaftServerImpl.java:start(185)) - 72278b64-9966-4b87-b32a-72533108e712@group-F7621388147A: start as a follower, conf=-1: [7fb751f0-cac0-4fd5-b9c8-df230946860c:192.168.30.10:40926, e6f90df7-dec1-43e3-a927-0240d8c4bd7c:192.168.30.10:45784, 72278b64-9966-4b87-b32a-72533108e712:192.168.30.10:40488], old=null
2019-09-28 06:43:36,625 [pool-469-thread-1] INFO  impl.RaftServerImpl (RaftServerImpl.java:setRole(174)) - 72278b64-9966-4b87-b32a-72533108e712@group-F7621388147A: changes role from      null to FOLLOWER at term 0 for startAsFollower
2019-09-28 06:43:36,625 [pool-469-thread-1] INFO  impl.RoleInfo (RoleInfo.java:updateAndGet(143)) - 72278b64-9966-4b87-b32a-72533108e712: start FollowerState
2019-09-28 06:43:36,626 [pool-469-thread-1] INFO  util.JmxRegister (JmxRegister.java:tryRegister(44)) - Successfully registered JMX Bean with object name Ratis:service=RaftServer,group=group-F7621388147A,id=72278b64-9966-4b87-b32a-72533108e712
2019-09-28 06:43:36,626 [pool-449-thread-1] INFO  impl.RaftServerImpl (RaftServerImpl.java:start(185)) - e6f90df7-dec1-43e3-a927-0240d8c4bd7c@group-F7621388147A: start as a follower, conf=-1: [7fb751f0-cac0-4fd5-b9c8-df230946860c:192.168.30.10:40926, e6f90df7-dec1-43e3-a927-0240d8c4bd7c:192.168.30.10:45784, 72278b64-9966-4b87-b32a-72533108e712:192.168.30.10:40488], old=null
2019-09-28 06:43:36,626 [pool-459-thread-1] INFO  impl.RaftServerImpl (RaftServerImpl.java:start(185)) - 7fb751f0-cac0-4fd5-b9c8-df230946860c@group-F7621388147A: start as a follower, conf=-1: [7fb751f0-cac0-4fd5-b9c8-df230946860c:192.168.30.10:40926, e6f90df7-dec1-43e3-a927-0240d8c4bd7c:192.168.30.10:45784, 72278b64-9966-4b87-b32a-72533108e712:192.168.30.10:40488], old=null
2019-09-28 06:43:36,626 [pool-449-thread-1] INFO  impl.RaftServerImpl (RaftServerImpl.java:setRole(174)) - e6f90df7-dec1-43e3-a927-0240d8c4bd7c@group-F7621388147A: changes role from      null to FOLLOWER at term 0 for startAsFollower
2019-09-28 06:43:36,626 [pool-459-thread-1] INFO  impl.RaftServerImpl (RaftServerImpl.java:setRole(174)) - 7fb751f0-cac0-4fd5-b9c8-df230946860c@group-F7621388147A: changes role from      null to FOLLOWER at term 0 for startAsFollower
2019-09-28 06:43:36,626 [pool-449-thread-1] INFO  impl.RoleInfo (RoleInfo.java:updateAndGet(143)) - e6f90df7-dec1-43e3-a927-0240d8c4bd7c: start FollowerState
2019-09-28 06:43:36,626 [pool-459-thread-1] INFO  impl.RoleInfo (RoleInfo.java:updateAndGet(143)) - 7fb751f0-cac0-4fd5-b9c8-df230946860c: start FollowerState
2019-09-28 06:43:36,627 [pool-449-thread-1] INFO  util.JmxRegister (JmxRegister.java:tryRegister(44)) - Successfully registered JMX Bean with object name Ratis:service=RaftServer,group=group-F7621388147A,id=e6f90df7-dec1-43e3-a927-0240d8c4bd7c
2019-09-28 06:43:36,627 [pool-459-thread-1] INFO  util.JmxRegister (JmxRegister.java:tryRegister(44)) - Successfully registered JMX Bean with object name Ratis:service=RaftServer,group=group-F7621388147A,id=7fb751f0-cac0-4fd5-b9c8-df230946860c
2019-09-28 06:43:36,629 [RatisPipelineUtilsThread] INFO  pipeline.PipelineStateManager (PipelineStateManager.java:addPipeline(56)) - Created pipeline Pipeline[ Id: 13e4c13b-d3f4-481b-b7a3-f7621388147a, Nodes: 72278b64-9966-4b87-b32a-72533108e712{ip: 192.168.30.10, host: pr-hdds-2140-hhr7w-2843136654, networkLocation: /default-rack, certSerialId: null}e6f90df7-dec1-43e3-a927-0240d8c4bd7c{ip: 192.168.30.10, host: pr-hdds-2140-hhr7w-2843136654, networkLocation: /default-rack, certSerialId: null}7fb751f0-cac0-4fd5-b9c8-df230946860c{ip: 192.168.30.10, host: pr-hdds-2140-hhr7w-2843136654, networkLocation: /default-rack, certSerialId: null}, Type:RATIS, Factor:THREE, State:OPEN]
2019-09-28 06:43:38,639 [Thread-3074] INFO  container.ReplicationManager (ReplicationManager.java:start(162)) - Starting Replication Monitor Thread.
2019-09-28 06:43:38,643 [ReplicationMonitor] INFO  container.ReplicationManager (ReplicationManager.java:run(225)) - Replication Monitor Thread took 1 milliseconds for processing 1 containers.
2019-09-28 06:43:40,913 [Thread-3076] INFO  impl.FollowerState (FollowerState.java:run(106)) - 90867d91-fc5b-4720-98ce-e5bb7192dd8f:group-69D5F9C89AC8 changes to CANDIDATE, lastRpcTime:5200, electionTimeout:5200ms
2019-09-28 06:43:40,914 [Thread-3076] INFO  impl.RoleInfo (RoleInfo.java:shutdownFollowerState(121)) - 90867d91-fc5b-4720-98ce-e5bb7192dd8f: shutdown FollowerState
2019-09-28 06:43:40,914 [Thread-3076] INFO  impl.RaftServerImpl (RaftServerImpl.java:setRole(174)) - 90867d91-fc5b-4720-98ce-e5bb7192dd8f@group-69D5F9C89AC8: changes role from  FOLLOWER to CANDIDATE at term 0 for changeToCandidate
2019-09-28 06:43:40,914 [Thread-3076] INFO  impl.RoleInfo (RoleInfo.java:updateAndGet(143)) - 90867d91-fc5b-4720-98ce-e5bb7192dd8f: start LeaderElection
2019-09-28 06:43:40,933 [Thread-3079] INFO  impl.FollowerState (FollowerState.java:run(106)) - 2bbaf9bb-8e76-4f1f-bdc5-57695e12be87:group-7E8583D3D4A0 changes to CANDIDATE, lastRpcTime:5155, electionTimeout:5145ms
2019-09-28 06:43:40,933 [Thread-3079] INFO  impl.RoleInfo (RoleInfo.java:shutdownFollowerState(121)) - 2bbaf9bb-8e76-4f1f-bdc5-57695e12be87: shutdown FollowerState
2019-09-28 06:43:40,933 [Thread-3079] INFO  impl.RaftServerImpl (RaftServerImpl.java:setRole(174)) - 2bbaf9bb-8e76-4f1f-bdc5-57695e12be87@group-7E8583D3D4A0: changes role from  FOLLOWER to CANDIDATE at term 0 for changeToCandidate
2019-09-28 06:43:40,933 [Thread-3079] INFO  impl.RoleInfo (RoleInfo.java:updateAndGet(143)) - 2bbaf9bb-8e76-4f1f-bdc5-57695e12be87: start LeaderElection
2019-09-28 06:43:40,965 [Thread-3091] INFO  impl.FollowerState (FollowerState.java:run(106)) - 2bbaf9bb-8e76-4f1f-bdc5-57695e12be87:group-005B10147705 changes to CANDIDATE, lastRpcTime:5021, electionTimeout:5021ms
2019-09-28 06:43:40,966 [Thread-3091] INFO  impl.RoleInfo (RoleInfo.java:shutdownFollowerState(121)) - 2bbaf9bb-8e76-4f1f-bdc5-57695e12be87: shutdown FollowerState
2019-09-28 06:43:40,966 [Thread-3091] INFO  impl.RaftServerImpl (RaftServerImpl.java:setRole(174)) - 2bbaf9bb-8e76-4f1f-bdc5-57695e12be87@group-005B10147705: changes role from  FOLLOWER to CANDIDATE at term 0 for changeToCandidate
2019-09-28 06:43:40,966 [Thread-3091] INFO  impl.RoleInfo (RoleInfo.java:updateAndGet(143)) - 2bbaf9bb-8e76-4f1f-bdc5-57695e12be87: start LeaderElection
2019-09-28 06:43:40,969 [2bbaf9bb-8e76-4f1f-bdc5-57695e12be87@group-7E8583D3D4A0:LeaderElection72] INFO  impl.LeaderElection (LeaderElection.java:askForVotes(182)) - 2bbaf9bb-8e76-4f1f-bdc5-57695e12be87@group-7E8583D3D4A0:LeaderElection72: begin an election at term 1 for -1: [2bbaf9bb-8e76-4f1f-bdc5-57695e12be87:192.168.30.10:38489], old=null
2019-09-28 06:43:40,969 [90867d91-fc5b-4720-98ce-e5bb7192dd8f@group-69D5F9C89AC8:LeaderElection71] INFO  impl.LeaderElection (LeaderElection.java:askForVotes(182)) - 90867d91-fc5b-4720-98ce-e5bb7192dd8f@group-69D5F9C89AC8:LeaderElection71: begin an election at term 1 for -1: [90867d91-fc5b-4720-98ce-e5bb7192dd8f:192.168.30.10:35346], old=null
2019-09-28 06:43:40,970 [90867d91-fc5b-4720-98ce-e5bb7192dd8f@group-69D5F9C89AC8:LeaderElection71] INFO  impl.RoleInfo (RoleInfo.java:shutdownLeaderElection(134)) - 90867d91-fc5b-4720-98ce-e5bb7192dd8f: shutdown LeaderElection
2019-09-28 06:43:40,970 [2bbaf9bb-8e76-4f1f-bdc5-57695e12be87@group-7E8583D3D4A0:LeaderElection72] INFO  impl.RoleInfo (RoleInfo.java:shutdownLeaderElection(134)) - 2bbaf9bb-8e76-4f1f-bdc5-57695e12be87: shutdown LeaderElection
2019-09-28 06:43:40,970 [90867d91-fc5b-4720-98ce-e5bb7192dd8f@group-69D5F9C89AC8:LeaderElection71] INFO  impl.RaftServerImpl (RaftServerImpl.java:setRole(174)) - 90867d91-fc5b-4720-98ce-e5bb7192dd8f@group-69D5F9C89AC8: changes role from CANDIDATE to LEADER at term 1 for changeToLeader
2019-09-28 06:43:40,970 [2bbaf9bb-8e76-4f1f-bdc5-57695e12be87@group-7E8583D3D4A0:LeaderElection72] INFO  impl.RaftServerImpl (RaftServerImpl.java:setRole(174)) - 2bbaf9bb-8e76-4f1f-bdc5-57695e12be87@group-7E8583D3D4A0: changes role from CANDIDATE to LEADER at term 1 for changeToLeader
2019-09-28 06:43:40,970 [90867d91-fc5b-4720-98ce-e5bb7192dd8f@group-69D5F9C89AC8:LeaderElection71] INFO  impl.RaftServerImpl (ServerState.java:setLeader(253)) - 90867d91-fc5b-4720-98ce-e5bb7192dd8f@group-69D5F9C89AC8: change Leader from null to 90867d91-fc5b-4720-98ce-e5bb7192dd8f at term 1 for becomeLeader, leader elected after 5267ms
2019-09-28 06:43:40,970 [2bbaf9bb-8e76-4f1f-bdc5-57695e12be87@group-7E8583D3D4A0:LeaderElection72] INFO  impl.RaftServerImpl (ServerState.java:setLeader(253)) - 2bbaf9bb-8e76-4f1f-bdc5-57695e12be87@group-7E8583D3D4A0: change Leader from null to 2bbaf9bb-8e76-4f1f-bdc5-57695e12be87 at term 1 for becomeLeader, leader elected after 5200ms
2019-09-28 06:43:40,971 [90867d91-fc5b-4720-98ce-e5bb7192dd8f@group-69D5F9C89AC8:LeaderElection71] INFO  server.RaftServerConfigKeys (ConfUtils.java:logGet(43)) - raft.server.staging.catchup.gap = 1000 (default)
2019-09-28 06:43:40,971 [2bbaf9bb-8e76-4f1f-bdc5-57695e12be87@group-7E8583D3D4A0:LeaderElection72] INFO  server.RaftServerConfigKeys (ConfUtils.java:logGet(43)) - raft.server.staging.catchup.gap = 1000 (default)
2019-09-28 06:43:40,971 [90867d91-fc5b-4720-98ce-e5bb7192dd8f@group-69D5F9C89AC8:LeaderElection71] INFO  server.RaftServerConfigKeys (ConfUtils.java:logGet(43)) - raft.server.rpc.sleep.time = 25ms (default)
2019-09-28 06:43:40,971 [2bbaf9bb-8e76-4f1f-bdc5-57695e12be87@group-7E8583D3D4A0:LeaderElection72] INFO  server.RaftServerConfigKeys (ConfUtils.java:logGet(43)) - raft.server.rpc.sleep.time = 25ms (default)
2019-09-28 06:43:40,971 [90867d91-fc5b-4720-98ce-e5bb7192dd8f@group-69D5F9C89AC8:LeaderElection71] INFO  server.RaftServerConfigKeys (ConfUtils.java:logGet(43)) - raft.server.write.element-limit = 4096 (default)
2019-09-28 06:43:40,971 [2bbaf9bb-8e76-4f1f-bdc5-57695e12be87@group-7E8583D3D4A0:LeaderElection72] INFO  server.RaftServerConfigKeys (ConfUtils.java:logGet(43)) - raft.server.write.element-limit = 4096 (default)
2019-09-28 06:43:40,971 [2bbaf9bb-8e76-4f1f-bdc5-57695e12be87@group-7E8583D3D4A0:LeaderElection72] INFO  server.RaftServerConfigKeys (ConfUtils.java:logGet(43)) - raft.server.watch.timeout = 10s (default)
2019-09-28 06:43:40,971 [90867d91-fc5b-4720-98ce-e5bb7192dd8f@group-69D5F9C89AC8:LeaderElection71] INFO  server.RaftServerConfigKeys (ConfUtils.java:logGet(43)) - raft.server.watch.timeout = 10s (default)
2019-09-28 06:43:40,972 [2bbaf9bb-8e76-4f1f-bdc5-57695e12be87@group-7E8583D3D4A0:LeaderElection72] INFO  server.RaftServerConfigKeys (ConfUtils.java:logGet(43)) - raft.server.watch.timeout.denomination = 1s (default)
2019-09-28 06:43:40,972 [90867d91-fc5b-4720-98ce-e5bb7192dd8f@group-69D5F9C89AC8:LeaderElection71] INFO  server.RaftServerConfigKeys (ConfUtils.java:logGet(43)) - raft.server.watch.timeout.denomination = 1s (default)
2019-09-28 06:43:40,972 [2bbaf9bb-8e76-4f1f-bdc5-57695e12be87@group-7E8583D3D4A0:LeaderElection72] INFO  server.RaftServerConfigKeys (ConfUtils.java:logGet(43)) - raft.server.watch.element-limit = 65536 (default)
2019-09-28 06:43:40,972 [90867d91-fc5b-4720-98ce-e5bb7192dd8f@group-69D5F9C89AC8:LeaderElection71] INFO  server.RaftServerConfigKeys (ConfUtils.java:logGet(43)) - raft.server.watch.element-limit = 65536 (default)
2019-09-28 06:43:40,975 [Thread-3082] INFO  impl.FollowerState (FollowerState.java:run(106)) - 4a946cc1-50b2-4a30-83de-5133ac6d0240:group-E08FEA36F8D2 changes to CANDIDATE, lastRpcTime:5130, electionTimeout:5130ms
2019-09-28 06:43:40,975 [Thread-3082] INFO  impl.RoleInfo (RoleInfo.java:shutdownFollowerState(121)) - 4a946cc1-50b2-4a30-83de-5133ac6d0240: shutdown FollowerState
2019-09-28 06:43:40,975 [Thread-3082] INFO  impl.RaftServerImpl (RaftServerImpl.java:setRole(174)) - 4a946cc1-50b2-4a30-83de-5133ac6d0240@group-E08FEA36F8D2: changes role from  FOLLOWER to CANDIDATE at term 0 for changeToCandidate
2019-09-28 06:43:40,975 [Thread-3082] INFO  impl.RoleInfo (RoleInfo.java:updateAndGet(143)) - 4a946cc1-50b2-4a30-83de-5133ac6d0240: start LeaderElection
2019-09-28 06:43:40,980 [90867d91-fc5b-4720-98ce-e5bb7192dd8f@group-69D5F9C89AC8:LeaderElection71] INFO  impl.RoleInfo (RoleInfo.java:updateAndGet(143)) - 90867d91-fc5b-4720-98ce-e5bb7192dd8f: start LeaderState
2019-09-28 06:43:40,980 [2bbaf9bb-8e76-4f1f-bdc5-57695e12be87@group-7E8583D3D4A0:LeaderElection72] INFO  impl.RoleInfo (RoleInfo.java:updateAndGet(143)) - 2bbaf9bb-8e76-4f1f-bdc5-57695e12be87: start LeaderState
2019-09-28 06:43:40,980 [90867d91-fc5b-4720-98ce-e5bb7192dd8f@group-69D5F9C89AC8:LeaderElection71] INFO  segmented.SegmentedRaftLogWorker (SegmentedRaftLogWorker.java:startLogSegment(380)) - 90867d91-fc5b-4720-98ce-e5bb7192dd8f@group-69D5F9C89AC8-SegmentedRaftLogWorker: Starting segment from index:0
2019-09-28 06:43:40,980 [2bbaf9bb-8e76-4f1f-bdc5-57695e12be87@group-7E8583D3D4A0:LeaderElection72] INFO  segmented.SegmentedRaftLogWorker (SegmentedRaftLogWorker.java:startLogSegment(380)) - 2bbaf9bb-8e76-4f1f-bdc5-57695e12be87@group-7E8583D3D4A0-SegmentedRaftLogWorker: Starting segment from index:0
2019-09-28 06:43:40,981 [2bbaf9bb-8e76-4f1f-bdc5-57695e12be87@group-7E8583D3D4A0:LeaderElection72] INFO  impl.RaftServerImpl (ServerState.java:setRaftConf(354)) - 2bbaf9bb-8e76-4f1f-bdc5-57695e12be87@group-7E8583D3D4A0: set configuration 0: [2bbaf9bb-8e76-4f1f-bdc5-57695e12be87:192.168.30.10:38489], old=null at 0
2019-09-28 06:43:40,981 [90867d91-fc5b-4720-98ce-e5bb7192dd8f@group-69D5F9C89AC8:LeaderElection71] INFO  impl.RaftServerImpl (ServerState.java:setRaftConf(354)) - 90867d91-fc5b-4720-98ce-e5bb7192dd8f@group-69D5F9C89AC8: set configuration 0: [90867d91-fc5b-4720-98ce-e5bb7192dd8f:192.168.30.10:35346], old=null at 0
2019-09-28 06:43:40,992 [2bbaf9bb-8e76-4f1f-bdc5-57695e12be87@group-005B10147705:LeaderElection73] INFO  impl.LeaderElection (LeaderElection.java:askForVotes(182)) - 2bbaf9bb-8e76-4f1f-bdc5-57695e12be87@group-005B10147705:LeaderElection73: begin an election at term 1 for -1: [90867d91-fc5b-4720-98ce-e5bb7192dd8f:192.168.30.10:35346, 2bbaf9bb-8e76-4f1f-bdc5-57695e12be87:192.168.30.10:38489, 4a946cc1-50b2-4a30-83de-5133ac6d0240:192.168.30.10:44959], old=null
2019-09-28 06:43:40,992 [4a946cc1-50b2-4a30-83de-5133ac6d0240@group-E08FEA36F8D2:LeaderElection74] INFO  impl.LeaderElection (LeaderElection.java:askForVotes(182)) - 4a946cc1-50b2-4a30-83de-5133ac6d0240@group-E08FEA36F8D2:LeaderElection74: begin an election at term 1 for -1: [4a946cc1-50b2-4a30-83de-5133ac6d0240:192.168.30.10:44959], old=null
2019-09-28 06:43:40,992 [4a946cc1-50b2-4a30-83de-5133ac6d0240@group-E08FEA36F8D2:LeaderElection74] INFO  impl.RoleInfo (RoleInfo.java:shutdownLeaderElection(134)) - 4a946cc1-50b2-4a30-83de-5133ac6d0240: shutdown LeaderElection
2019-09-28 06:43:40,992 [4a946cc1-50b2-4a30-83de-5133ac6d0240@group-E08FEA36F8D2:LeaderElection74] INFO  impl.RaftServerImpl (RaftServerImpl.java:setRole(174)) - 4a946cc1-50b2-4a30-83de-5133ac6d0240@group-E08FEA36F8D2: changes role from CANDIDATE to LEADER at term 1 for changeToLeader
2019-09-28 06:43:40,992 [4a946cc1-50b2-4a30-83de-5133ac6d0240@group-E08FEA36F8D2:LeaderElection74] INFO  impl.RaftServerImpl (ServerState.java:setLeader(253)) - 4a946cc1-50b2-4a30-83de-5133ac6d0240@group-E08FEA36F8D2: change Leader from null to 4a946cc1-50b2-4a30-83de-5133ac6d0240 at term 1 for becomeLeader, leader elected after 5154ms
2019-09-28 06:43:40,992 [4a946cc1-50b2-4a30-83de-5133ac6d0240@group-E08FEA36F8D2:LeaderElection74] INFO  server.RaftServerConfigKeys (ConfUtils.java:logGet(43)) - raft.server.staging.catchup.gap = 1000 (default)
2019-09-28 06:43:40,992 [4a946cc1-50b2-4a30-83de-5133ac6d0240@group-E08FEA36F8D2:LeaderElection74] INFO  server.RaftServerConfigKeys (ConfUtils.java:logGet(43)) - raft.server.rpc.sleep.time = 25ms (default)
2019-09-28 06:43:40,993 [4a946cc1-50b2-4a30-83de-5133ac6d0240@group-E08FEA36F8D2:LeaderElection74] INFO  server.RaftServerConfigKeys (ConfUtils.java:logGet(43)) - raft.server.write.element-limit = 4096 (default)
2019-09-28 06:43:40,993 [4a946cc1-50b2-4a30-83de-5133ac6d0240@group-E08FEA36F8D2:LeaderElection74] INFO  server.RaftServerConfigKeys (ConfUtils.java:logGet(43)) - raft.server.watch.timeout = 10s (default)
2019-09-28 06:43:40,993 [4a946cc1-50b2-4a30-83de-5133ac6d0240@group-E08FEA36F8D2:LeaderElection74] INFO  server.RaftServerConfigKeys (ConfUtils.java:logGet(43)) - raft.server.watch.timeout.denomination = 1s (default)
2019-09-28 06:43:40,993 [4a946cc1-50b2-4a30-83de-5133ac6d0240@group-E08FEA36F8D2:LeaderElection74] INFO  server.RaftServerConfigKeys (ConfUtils.java:logGet(43)) - raft.server.watch.element-limit = 65536 (default)
2019-09-28 06:43:40,994 [4a946cc1-50b2-4a30-83de-5133ac6d0240@group-E08FEA36F8D2:LeaderElection74] INFO  impl.RoleInfo (RoleInfo.java:updateAndGet(143)) - 4a946cc1-50b2-4a30-83de-5133ac6d0240: start LeaderState
2019-09-28 06:43:40,994 [4a946cc1-50b2-4a30-83de-5133ac6d0240@group-E08FEA36F8D2:LeaderElection74] INFO  segmented.SegmentedRaftLogWorker (SegmentedRaftLogWorker.java:startLogSegment(380)) - 4a946cc1-50b2-4a30-83de-5133ac6d0240@group-E08FEA36F8D2-SegmentedRaftLogWorker: Starting segment from index:0
2019-09-28 06:43:40,995 [4a946cc1-50b2-4a30-83de-5133ac6d0240@group-E08FEA36F8D2:LeaderElection74] INFO  impl.RaftServerImpl (ServerState.java:setRaftConf(354)) - 4a946cc1-50b2-4a30-83de-5133ac6d0240@group-E08FEA36F8D2: set configuration 0: [4a946cc1-50b2-4a30-83de-5133ac6d0240:192.168.30.10:44959], old=null at 0
2019-09-28 06:43:41,013 [Thread-3086] INFO  impl.FollowerState (FollowerState.java:run(106)) - 4a946cc1-50b2-4a30-83de-5133ac6d0240:group-005B10147705 changes to CANDIDATE, lastRpcTime:5089, electionTimeout:5066ms
2019-09-28 06:43:41,013 [Thread-3086] INFO  impl.RoleInfo (RoleInfo.java:shutdownFollowerState(121)) - 4a946cc1-50b2-4a30-83de-5133ac6d0240: shutdown FollowerState
2019-09-28 06:43:41,013 [Thread-3086] INFO  impl.RaftServerImpl (RaftServerImpl.java:setRole(174)) - 4a946cc1-50b2-4a30-83de-5133ac6d0240@group-005B10147705: changes role from  FOLLOWER to CANDIDATE at term 0 for changeToCandidate
2019-09-28 06:43:41,013 [Thread-3086] INFO  impl.RoleInfo (RoleInfo.java:updateAndGet(143)) - 4a946cc1-50b2-4a30-83de-5133ac6d0240: start LeaderElection
2019-09-28 06:43:41,040 [grpc-default-executor-9] INFO  impl.RaftServerImpl (RaftServerImpl.java:setRole(174)) - 90867d91-fc5b-4720-98ce-e5bb7192dd8f@group-005B10147705: changes role from  FOLLOWER to FOLLOWER at term 1 for recognizeCandidate:2bbaf9bb-8e76-4f1f-bdc5-57695e12be87
2019-09-28 06:43:41,043 [90867d91-fc5b-4720-98ce-e5bb7192dd8f@group-69D5F9C89AC8-SegmentedRaftLogWorker] INFO  segmented.SegmentedRaftLogWorker (SegmentedRaftLogWorker.java:execute(569)) - 90867d91-fc5b-4720-98ce-e5bb7192dd8f@group-69D5F9C89AC8-SegmentedRaftLogWorker: created new log segment /workdir/hadoop-ozone/integration-test/target/test-dir/MiniOzoneClusterImpl-5ef598d8-4f4c-4550-8452-dcb673683f2c/datanode-0/data/ratis/4020fe33-cf83-4d76-a1a9-69d5f9c89ac8/current/log_inprogress_0
2019-09-28 06:43:41,043 [grpc-default-executor-9] INFO  impl.RoleInfo (RoleInfo.java:shutdownFollowerState(121)) - 90867d91-fc5b-4720-98ce-e5bb7192dd8f: shutdown FollowerState
2019-09-28 06:43:41,043 [2bbaf9bb-8e76-4f1f-bdc5-57695e12be87@group-7E8583D3D4A0-SegmentedRaftLogWorker] INFO  segmented.SegmentedRaftLogWorker (SegmentedRaftLogWorker.java:execute(569)) - 2bbaf9bb-8e76-4f1f-bdc5-57695e12be87@group-7E8583D3D4A0-SegmentedRaftLogWorker: created new log segment /workdir/hadoop-ozone/integration-test/target/test-dir/MiniOzoneClusterImpl-5ef598d8-4f4c-4550-8452-dcb673683f2c/datanode-1/data/ratis/d44fab9f-33a3-4544-939c-7e8583d3d4a0/current/log_inprogress_0
2019-09-28 06:43:41,043 [grpc-default-executor-9] INFO  impl.RoleInfo (RoleInfo.java:updateAndGet(143)) - 90867d91-fc5b-4720-98ce-e5bb7192dd8f: start FollowerState
2019-09-28 06:43:41,043 [Thread-3089] INFO  impl.FollowerState (FollowerState.java:run(115)) - 90867d91-fc5b-4720-98ce-e5bb7192dd8f: FollowerState was interrupted: java.lang.InterruptedException: sleep interrupted
2019-09-28 06:43:41,068 [4a946cc1-50b2-4a30-83de-5133ac6d0240@group-E08FEA36F8D2-SegmentedRaftLogWorker] INFO  segmented.SegmentedRaftLogWorker (SegmentedRaftLogWorker.java:execute(569)) - 4a946cc1-50b2-4a30-83de-5133ac6d0240@group-E08FEA36F8D2-SegmentedRaftLogWorker: created new log segment /workdir/hadoop-ozone/integration-test/target/test-dir/MiniOzoneClusterImpl-5ef598d8-4f4c-4550-8452-dcb673683f2c/datanode-2/data/ratis/803c904b-5d38-4078-8bba-e08fea36f8d2/current/log_inprogress_0
2019-09-28 06:43:41,068 [4a946cc1-50b2-4a30-83de-5133ac6d0240@group-005B10147705:LeaderElection75] INFO  impl.LeaderElection (LeaderElection.java:askForVotes(182)) - 4a946cc1-50b2-4a30-83de-5133ac6d0240@group-005B10147705:LeaderElection75: begin an election at term 1 for -1: [90867d91-fc5b-4720-98ce-e5bb7192dd8f:192.168.30.10:35346, 2bbaf9bb-8e76-4f1f-bdc5-57695e12be87:192.168.30.10:38489, 4a946cc1-50b2-4a30-83de-5133ac6d0240:192.168.30.10:44959], old=null
2019-09-28 06:43:41,069 [2bbaf9bb-8e76-4f1f-bdc5-57695e12be87@group-005B10147705:LeaderElection73] INFO  impl.LeaderElection (LeaderElection.java:logAndReturn(56)) - 2bbaf9bb-8e76-4f1f-bdc5-57695e12be87@group-005B10147705:LeaderElection73: Election PASSED; received 1 response(s) [2bbaf9bb-8e76-4f1f-bdc5-57695e12be87<-90867d91-fc5b-4720-98ce-e5bb7192dd8f#0:OK-t1] and 0 exception(s); 2bbaf9bb-8e76-4f1f-bdc5-57695e12be87@group-005B10147705:t1, leader=null, voted=2bbaf9bb-8e76-4f1f-bdc5-57695e12be87, raftlog=2bbaf9bb-8e76-4f1f-bdc5-57695e12be87@group-005B10147705-SegmentedRaftLog:OPENED:c-1,f-1,i0, conf=-1: [90867d91-fc5b-4720-98ce-e5bb7192dd8f:192.168.30.10:35346, 2bbaf9bb-8e76-4f1f-bdc5-57695e12be87:192.168.30.10:38489, 4a946cc1-50b2-4a30-83de-5133ac6d0240:192.168.30.10:44959], old=null
2019-09-28 06:43:41,069 [2bbaf9bb-8e76-4f1f-bdc5-57695e12be87@group-005B10147705:LeaderElection73] INFO  impl.RoleInfo (RoleInfo.java:shutdownLeaderElection(134)) - 2bbaf9bb-8e76-4f1f-bdc5-57695e12be87: shutdown LeaderElection
2019-09-28 06:43:41,069 [2bbaf9bb-8e76-4f1f-bdc5-57695e12be87@group-005B10147705:LeaderElection73] INFO  impl.RaftServerImpl (RaftServerImpl.java:setRole(174)) - 2bbaf9bb-8e76-4f1f-bdc5-57695e12be87@group-005B10147705: changes role from CANDIDATE to LEADER at term 1 for changeToLeader
2019-09-28 06:43:41,069 [2bbaf9bb-8e76-4f1f-bdc5-57695e12be87@group-005B10147705:LeaderElection73] INFO  impl.RaftServerImpl (ServerState.java:setLeader(253)) - 2bbaf9bb-8e76-4f1f-bdc5-57695e12be87@group-005B10147705: change Leader from null to 2bbaf9bb-8e76-4f1f-bdc5-57695e12be87 at term 1 for becomeLeader, leader elected after 5154ms
2019-09-28 06:43:41,069 [2bbaf9bb-8e76-4f1f-bdc5-57695e12be87@group-005B10147705:LeaderElection73] INFO  server.RaftServerConfigKeys (ConfUtils.java:logGet(43)) - raft.server.staging.catchup.gap = 1000 (default)
2019-09-28 06:43:41,069 [2bbaf9bb-8e76-4f1f-bdc5-57695e12be87@group-005B10147705:LeaderElection73] INFO  server.RaftServerConfigKeys (ConfUtils.java:logGet(43)) - raft.server.rpc.sleep.time = 25ms (default)
2019-09-28 06:43:41,069 [2bbaf9bb-8e76-4f1f-bdc5-57695e12be87@group-005B10147705:LeaderElection73] INFO  server.RaftServerConfigKeys (ConfUtils.java:logGet(43)) - raft.server.write.element-limit = 4096 (default)
2019-09-28 06:43:41,069 [2bbaf9bb-8e76-4f1f-bdc5-57695e12be87@group-005B10147705:LeaderElection73] INFO  server.RaftServerConfigKeys (ConfUtils.java:logGet(43)) - raft.server.watch.timeout = 10s (default)
2019-09-28 06:43:41,070 [2bbaf9bb-8e76-4f1f-bdc5-57695e12be87@group-005B10147705:LeaderElection73] INFO  server.RaftServerConfigKeys (ConfUtils.java:logGet(43)) - raft.server.watch.timeout.denomination = 1s (default)
2019-09-28 06:43:41,070 [2bbaf9bb-8e76-4f1f-bdc5-57695e12be87@group-005B10147705:LeaderElection73] INFO  server.RaftServerConfigKeys (ConfUtils.java:logGet(43)) - raft.server.watch.element-limit = 65536 (default)
2019-09-28 06:43:41,080 [2bbaf9bb-8e76-4f1f-bdc5-57695e12be87@group-005B10147705:LeaderElection73] INFO  server.RaftServerConfigKeys (ConfUtils.java:logGet(43)) - raft.server.log.appender.snapshot.chunk.size.max = 16MB (=16777216) (default)
2019-09-28 06:43:41,081 [2bbaf9bb-8e76-4f1f-bdc5-57695e12be87@group-005B10147705:LeaderElection73] INFO  server.RaftServerConfigKeys (ConfUtils.java:logGet(43)) - raft.server.log.appender.buffer.byte-limit = 33554432 (custom)
2019-09-28 06:43:41,081 [2bbaf9bb-8e76-4f1f-bdc5-57695e12be87@group-005B10147705:LeaderElection73] INFO  server.RaftServerConfigKeys (ConfUtils.java:logGet(43)) - raft.server.log.appender.buffer.element-limit = 1 (custom)
2019-09-28 06:43:41,081 [2bbaf9bb-8e76-4f1f-bdc5-57695e12be87@group-005B10147705:LeaderElection73] INFO  grpc.GrpcConfigKeys$Server (ConfUtils.java:logGet(43)) - raft.grpc.server.leader.outstanding.appends.max = 128 (default)
2019-09-28 06:43:41,081 [2bbaf9bb-8e76-4f1f-bdc5-57695e12be87@group-005B10147705:LeaderElection73] INFO  server.RaftServerConfigKeys (ConfUtils.java:logGet(43)) - raft.server.rpc.request.timeout = 3000ms (default)
2019-09-28 06:43:41,081 [2bbaf9bb-8e76-4f1f-bdc5-57695e12be87@group-005B10147705:LeaderElection73] INFO  server.RaftServerConfigKeys (ConfUtils.java:logGet(43)) - raft.server.log.appender.install.snapshot.enabled = false (custom)
2019-09-28 06:43:41,081 [2bbaf9bb-8e76-4f1f-bdc5-57695e12be87@group-005B10147705:LeaderElection73] INFO  server.RaftServerConfigKeys (ConfUtils.java:logGet(43)) - raft.server.log.appender.snapshot.chunk.size.max = 16MB (=16777216) (default)
2019-09-28 06:43:41,081 [2bbaf9bb-8e76-4f1f-bdc5-57695e12be87@group-005B10147705:LeaderElection73] INFO  server.RaftServerConfigKeys (ConfUtils.java:logGet(43)) - raft.server.log.appender.buffer.byte-limit = 33554432 (custom)
2019-09-28 06:43:41,082 [2bbaf9bb-8e76-4f1f-bdc5-57695e12be87@group-005B10147705:LeaderElection73] INFO  server.RaftServerConfigKeys (ConfUtils.java:logGet(43)) - raft.server.log.appender.buffer.element-limit = 1 (custom)
2019-09-28 06:43:41,082 [2bbaf9bb-8e76-4f1f-bdc5-57695e12be87@group-005B10147705:LeaderElection73] INFO  grpc.GrpcConfigKeys$Server (ConfUtils.java:logGet(43)) - raft.grpc.server.leader.outstanding.appends.max = 128 (default)
2019-09-28 06:43:41,082 [2bbaf9bb-8e76-4f1f-bdc5-57695e12be87@group-005B10147705:LeaderElection73] INFO  server.RaftServerConfigKeys (ConfUtils.java:logGet(43)) - raft.server.rpc.request.timeout = 3000ms (default)
2019-09-28 06:43:41,082 [2bbaf9bb-8e76-4f1f-bdc5-57695e12be87@group-005B10147705:LeaderElection73] INFO  server.RaftServerConfigKeys (ConfUtils.java:logGet(43)) - raft.server.log.appender.install.snapshot.enabled = false (custom)
2019-09-28 06:43:41,082 [2bbaf9bb-8e76-4f1f-bdc5-57695e12be87@group-005B10147705:LeaderElection73] INFO  impl.RoleInfo (RoleInfo.java:updateAndGet(143)) - 2bbaf9bb-8e76-4f1f-bdc5-57695e12be87: start LeaderState
2019-09-28 06:43:41,082 [2bbaf9bb-8e76-4f1f-bdc5-57695e12be87@group-005B10147705:LeaderElection73] INFO  segmented.SegmentedRaftLogWorker (SegmentedRaftLogWorker.java:startLogSegment(380)) - 2bbaf9bb-8e76-4f1f-bdc5-57695e12be87@group-005B10147705-SegmentedRaftLogWorker: Starting segment from index:0
2019-09-28 06:43:41,083 [2bbaf9bb-8e76-4f1f-bdc5-57695e12be87@group-005B10147705:LeaderElection73] INFO  impl.RaftServerImpl (ServerState.java:setRaftConf(354)) - 2bbaf9bb-8e76-4f1f-bdc5-57695e12be87@group-005B10147705: set configuration 0: [90867d91-fc5b-4720-98ce-e5bb7192dd8f:192.168.30.10:35346, 2bbaf9bb-8e76-4f1f-bdc5-57695e12be87:192.168.30.10:38489, 4a946cc1-50b2-4a30-83de-5133ac6d0240:192.168.30.10:44959], old=null at 0
2019-09-28 06:43:41,106 [grpc-default-executor-9] INFO  impl.RaftServerImpl (RaftServerImpl.java:requestVote(758)) - 2bbaf9bb-8e76-4f1f-bdc5-57695e12be87@group-005B10147705-   LEADER: Withhold vote from candidate 4a946cc1-50b2-4a30-83de-5133ac6d0240 with term 1. State: leader=2bbaf9bb-8e76-4f1f-bdc5-57695e12be87, term=1, lastRpcElapsed=null
2019-09-28 06:43:41,109 [grpc-default-executor-10] INFO  impl.RaftServerImpl (ServerState.java:setLeader(253)) - 90867d91-fc5b-4720-98ce-e5bb7192dd8f@group-005B10147705: change Leader from null to 2bbaf9bb-8e76-4f1f-bdc5-57695e12be87 at term 1 for appendEntries, leader elected after 5195ms
2019-09-28 06:43:41,109 [grpc-default-executor-9] INFO  impl.RaftServerImpl (RaftServerImpl.java:setRole(174)) - 4a946cc1-50b2-4a30-83de-5133ac6d0240@group-005B10147705: changes role from CANDIDATE to FOLLOWER at term 1 for appendEntries
2019-09-28 06:43:41,110 [4a946cc1-50b2-4a30-83de-5133ac6d0240@group-005B10147705:LeaderElection75] INFO  impl.LeaderElection (LeaderElection.java:logAndReturn(56)) - 4a946cc1-50b2-4a30-83de-5133ac6d0240@group-005B10147705:LeaderElection75: Election REJECTED; received 2 response(s) [4a946cc1-50b2-4a30-83de-5133ac6d0240<-90867d91-fc5b-4720-98ce-e5bb7192dd8f#0:FAIL-t1, 4a946cc1-50b2-4a30-83de-5133ac6d0240<-2bbaf9bb-8e76-4f1f-bdc5-57695e12be87#0:FAIL-t1] and 0 exception(s); 4a946cc1-50b2-4a30-83de-5133ac6d0240@group-005B10147705:t1, leader=null, voted=4a946cc1-50b2-4a30-83de-5133ac6d0240, raftlog=4a946cc1-50b2-4a30-83de-5133ac6d0240@group-005B10147705-SegmentedRaftLog:OPENED:c-1,f-1,i0, conf=-1: [90867d91-fc5b-4720-98ce-e5bb7192dd8f:192.168.30.10:35346, 2bbaf9bb-8e76-4f1f-bdc5-57695e12be87:192.168.30.10:38489, 4a946cc1-50b2-4a30-83de-5133ac6d0240:192.168.30.10:44959], old=null
2019-09-28 06:43:41,110 [grpc-default-executor-9] INFO  impl.RoleInfo (RoleInfo.java:shutdownLeaderElection(134)) - 4a946cc1-50b2-4a30-83de-5133ac6d0240: shutdown LeaderElection
2019-09-28 06:43:41,112 [grpc-default-executor-9] INFO  impl.RoleInfo (RoleInfo.java:updateAndGet(143)) - 4a946cc1-50b2-4a30-83de-5133ac6d0240: start FollowerState
2019-09-28 06:43:41,112 [grpc-default-executor-9] INFO  impl.RaftServerImpl (ServerState.java:setLeader(253)) - 4a946cc1-50b2-4a30-83de-5133ac6d0240@group-005B10147705: change Leader from null to 2bbaf9bb-8e76-4f1f-bdc5-57695e12be87 at term 1 for appendEntries, leader elected after 5198ms
2019-09-28 06:43:41,113 [grpc-default-executor-9] INFO  impl.RaftServerImpl (ServerState.java:setRaftConf(354)) - 90867d91-fc5b-4720-98ce-e5bb7192dd8f@group-005B10147705: set configuration 0: [90867d91-fc5b-4720-98ce-e5bb7192dd8f:192.168.30.10:35346, 2bbaf9bb-8e76-4f1f-bdc5-57695e12be87:192.168.30.10:38489, 4a946cc1-50b2-4a30-83de-5133ac6d0240:192.168.30.10:44959], old=null at 0
2019-09-28 06:43:41,114 [grpc-default-executor-10] INFO  impl.RaftServerImpl (ServerState.java:setRaftConf(354)) - 4a946cc1-50b2-4a30-83de-5133ac6d0240@group-005B10147705: set configuration 0: [90867d91-fc5b-4720-98ce-e5bb7192dd8f:192.168.30.10:35346, 2bbaf9bb-8e76-4f1f-bdc5-57695e12be87:192.168.30.10:38489, 4a946cc1-50b2-4a30-83de-5133ac6d0240:192.168.30.10:44959], old=null at 0
2019-09-28 06:43:41,115 [grpc-default-executor-9] INFO  segmented.SegmentedRaftLogWorker (SegmentedRaftLogWorker.java:startLogSegment(380)) - 90867d91-fc5b-4720-98ce-e5bb7192dd8f@group-005B10147705-SegmentedRaftLogWorker: Starting segment from index:0
2019-09-28 06:43:41,115 [grpc-default-executor-10] INFO  segmented.SegmentedRaftLogWorker (SegmentedRaftLogWorker.java:startLogSegment(380)) - 4a946cc1-50b2-4a30-83de-5133ac6d0240@group-005B10147705-SegmentedRaftLogWorker: Starting segment from index:0
2019-09-28 06:43:41,135 [2bbaf9bb-8e76-4f1f-bdc5-57695e12be87@group-005B10147705-SegmentedRaftLogWorker] INFO  segmented.SegmentedRaftLogWorker (SegmentedRaftLogWorker.java:execute(569)) - 2bbaf9bb-8e76-4f1f-bdc5-57695e12be87@group-005B10147705-SegmentedRaftLogWorker: created new log segment /workdir/hadoop-ozone/integration-test/target/test-dir/MiniOzoneClusterImpl-5ef598d8-4f4c-4550-8452-dcb673683f2c/datanode-1/data/ratis/43083847-e59b-4eb8-a37d-005b10147705/current/log_inprogress_0
2019-09-28 06:43:41,160 [4a946cc1-50b2-4a30-83de-5133ac6d0240@group-005B10147705-SegmentedRaftLogWorker] INFO  segmented.SegmentedRaftLogWorker (SegmentedRaftLogWorker.java:execute(569)) - 4a946cc1-50b2-4a30-83de-5133ac6d0240@group-005B10147705-SegmentedRaftLogWorker: created new log segment /workdir/hadoop-ozone/integration-test/target/test-dir/MiniOzoneClusterImpl-5ef598d8-4f4c-4550-8452-dcb673683f2c/datanode-2/data/ratis/43083847-e59b-4eb8-a37d-005b10147705/current/log_inprogress_0
2019-09-28 06:43:41,160 [90867d91-fc5b-4720-98ce-e5bb7192dd8f@group-005B10147705-SegmentedRaftLogWorker] INFO  segmented.SegmentedRaftLogWorker (SegmentedRaftLogWorker.java:execute(569)) - 90867d91-fc5b-4720-98ce-e5bb7192dd8f@group-005B10147705-SegmentedRaftLogWorker: created new log segment /workdir/hadoop-ozone/integration-test/target/test-dir/MiniOzoneClusterImpl-5ef598d8-4f4c-4550-8452-dcb673683f2c/datanode-0/data/ratis/43083847-e59b-4eb8-a37d-005b10147705/current/log_inprogress_0
2019-09-28 06:43:41,163 [Thread-3094] INFO  impl.FollowerState (FollowerState.java:run(106)) - e6f90df7-dec1-43e3-a927-0240d8c4bd7c:group-DEC6857CD6D3 changes to CANDIDATE, lastRpcTime:5082, electionTimeout:5082ms
2019-09-28 06:43:41,163 [Thread-3094] INFO  impl.RoleInfo (RoleInfo.java:shutdownFollowerState(121)) - e6f90df7-dec1-43e3-a927-0240d8c4bd7c: shutdown FollowerState
2019-09-28 06:43:41,163 [Thread-3094] INFO  impl.RaftServerImpl (RaftServerImpl.java:setRole(174)) - e6f90df7-dec1-43e3-a927-0240d8c4bd7c@group-DEC6857CD6D3: changes role from  FOLLOWER to CANDIDATE at term 0 for changeToCandidate
2019-09-28 06:43:41,163 [Thread-3094] INFO  impl.RoleInfo (RoleInfo.java:updateAndGet(143)) - e6f90df7-dec1-43e3-a927-0240d8c4bd7c: start LeaderElection
2019-09-28 06:43:41,185 [e6f90df7-dec1-43e3-a927-0240d8c4bd7c@group-DEC6857CD6D3:LeaderElection76] INFO  impl.LeaderElection (LeaderElection.java:askForVotes(182)) - e6f90df7-dec1-43e3-a927-0240d8c4bd7c@group-DEC6857CD6D3:LeaderElection76: begin an election at term 1 for -1: [e6f90df7-dec1-43e3-a927-0240d8c4bd7c:192.168.30.10:45784], old=null
2019-09-28 06:43:41,186 [e6f90df7-dec1-43e3-a927-0240d8c4bd7c@group-DEC6857CD6D3:LeaderElection76] INFO  impl.RoleInfo (RoleInfo.java:shutdownLeaderElection(134)) - e6f90df7-dec1-43e3-a927-0240d8c4bd7c: shutdown LeaderElection
2019-09-28 06:43:41,186 [e6f90df7-dec1-43e3-a927-0240d8c4bd7c@group-DEC6857CD6D3:LeaderElection76] INFO  impl.RaftServerImpl (RaftServerImpl.java:setRole(174)) - e6f90df7-dec1-43e3-a927-0240d8c4bd7c@group-DEC6857CD6D3: changes role from CANDIDATE to LEADER at term 1 for changeToLeader
2019-09-28 06:43:41,186 [e6f90df7-dec1-43e3-a927-0240d8c4bd7c@group-DEC6857CD6D3:LeaderElection76] INFO  impl.RaftServerImpl (ServerState.java:setLeader(253)) - e6f90df7-dec1-43e3-a927-0240d8c4bd7c@group-DEC6857CD6D3: change Leader from null to e6f90df7-dec1-43e3-a927-0240d8c4bd7c at term 1 for becomeLeader, leader elected after 5112ms
2019-09-28 06:43:41,186 [e6f90df7-dec1-43e3-a927-0240d8c4bd7c@group-DEC6857CD6D3:LeaderElection76] INFO  server.RaftServerConfigKeys (ConfUtils.java:logGet(43)) - raft.server.staging.catchup.gap = 1000 (default)
2019-09-28 06:43:41,186 [e6f90df7-dec1-43e3-a927-0240d8c4bd7c@group-DEC6857CD6D3:LeaderElection76] INFO  server.RaftServerConfigKeys (ConfUtils.java:logGet(43)) - raft.server.rpc.sleep.time = 25ms (default)
2019-09-28 06:43:41,186 [e6f90df7-dec1-43e3-a927-0240d8c4bd7c@group-DEC6857CD6D3:LeaderElection76] INFO  server.RaftServerConfigKeys (ConfUtils.java:logGet(43)) - raft.server.write.element-limit = 4096 (default)
2019-09-28 06:43:41,186 [e6f90df7-dec1-43e3-a927-0240d8c4bd7c@group-DEC6857CD6D3:LeaderElection76] INFO  server.RaftServerConfigKeys (ConfUtils.java:logGet(43)) - raft.server.watch.timeout = 10s (default)
2019-09-28 06:43:41,187 [e6f90df7-dec1-43e3-a927-0240d8c4bd7c@group-DEC6857CD6D3:LeaderElection76] INFO  server.RaftServerConfigKeys (ConfUtils.java:logGet(43)) - raft.server.watch.timeout.denomination = 1s (default)
2019-09-28 06:43:41,187 [e6f90df7-dec1-43e3-a927-0240d8c4bd7c@group-DEC6857CD6D3:LeaderElection76] INFO  server.RaftServerConfigKeys (ConfUtils.java:logGet(43)) - raft.server.watch.element-limit = 65536 (default)
2019-09-28 06:43:41,190 [e6f90df7-dec1-43e3-a927-0240d8c4bd7c@group-DEC6857CD6D3:LeaderElection76] INFO  impl.RoleInfo (RoleInfo.java:updateAndGet(143)) - e6f90df7-dec1-43e3-a927-0240d8c4bd7c: start LeaderState
2019-09-28 06:43:41,190 [e6f90df7-dec1-43e3-a927-0240d8c4bd7c@group-DEC6857CD6D3:LeaderElection76] INFO  segmented.SegmentedRaftLogWorker (SegmentedRaftLogWorker.java:startLogSegment(380)) - e6f90df7-dec1-43e3-a927-0240d8c4bd7c@group-DEC6857CD6D3-SegmentedRaftLogWorker: Starting segment from index:0
2019-09-28 06:43:41,190 [e6f90df7-dec1-43e3-a927-0240d8c4bd7c@group-DEC6857CD6D3:LeaderElection76] INFO  impl.RaftServerImpl (ServerState.java:setRaftConf(354)) - e6f90df7-dec1-43e3-a927-0240d8c4bd7c@group-DEC6857CD6D3: set configuration 0: [e6f90df7-dec1-43e3-a927-0240d8c4bd7c:192.168.30.10:45784], old=null at 0
2019-09-28 06:43:41,237 [Thread-3099] INFO  impl.FollowerState (FollowerState.java:run(106)) - 7fb751f0-cac0-4fd5-b9c8-df230946860c:group-DFF10D8EAB86 changes to CANDIDATE, lastRpcTime:5081, electionTimeout:5081ms
2019-09-28 06:43:41,238 [Thread-3099] INFO  impl.RoleInfo (RoleInfo.java:shutdownFollowerState(121)) - 7fb751f0-cac0-4fd5-b9c8-df230946860c: shutdown FollowerState
2019-09-28 06:43:41,238 [Thread-3099] INFO  impl.RaftServerImpl (RaftServerImpl.java:setRole(174)) - 7fb751f0-cac0-4fd5-b9c8-df230946860c@group-DFF10D8EAB86: changes role from  FOLLOWER to CANDIDATE at term 0 for changeToCandidate
2019-09-28 06:43:41,238 [Thread-3099] INFO  impl.RoleInfo (RoleInfo.java:updateAndGet(143)) - 7fb751f0-cac0-4fd5-b9c8-df230946860c: start LeaderElection
2019-09-28 06:43:41,255 [e6f90df7-dec1-43e3-a927-0240d8c4bd7c@group-DEC6857CD6D3-SegmentedRaftLogWorker] INFO  segmented.SegmentedRaftLogWorker (SegmentedRaftLogWorker.java:execute(569)) - e6f90df7-dec1-43e3-a927-0240d8c4bd7c@group-DEC6857CD6D3-SegmentedRaftLogWorker: created new log segment /workdir/hadoop-ozone/integration-test/target/test-dir/MiniOzoneClusterImpl-5ef598d8-4f4c-4550-8452-dcb673683f2c/datanode-4/data/ratis/fe6743f9-8bab-4501-a206-dec6857cd6d3/current/log_inprogress_0
2019-09-28 06:43:41,270 [7fb751f0-cac0-4fd5-b9c8-df230946860c@group-DFF10D8EAB86:LeaderElection77] INFO  impl.LeaderElection (LeaderElection.java:askForVotes(182)) - 7fb751f0-cac0-4fd5-b9c8-df230946860c@group-DFF10D8EAB86:LeaderElection77: begin an election at term 1 for -1: [7fb751f0-cac0-4fd5-b9c8-df230946860c:192.168.30.10:40926], old=null
2019-09-28 06:43:41,270 [7fb751f0-cac0-4fd5-b9c8-df230946860c@group-DFF10D8EAB86:LeaderElection77] INFO  impl.RoleInfo (RoleInfo.java:shutdownLeaderElection(134)) - 7fb751f0-cac0-4fd5-b9c8-df230946860c: shutdown LeaderElection
2019-09-28 06:43:41,270 [7fb751f0-cac0-4fd5-b9c8-df230946860c@group-DFF10D8EAB86:LeaderElection77] INFO  impl.RaftServerImpl (RaftServerImpl.java:setRole(174)) - 7fb751f0-cac0-4fd5-b9c8-df230946860c@group-DFF10D8EAB86: changes role from CANDIDATE to LEADER at term 1 for changeToLeader
2019-09-28 06:43:41,270 [7fb751f0-cac0-4fd5-b9c8-df230946860c@group-DFF10D8EAB86:LeaderElection77] INFO  impl.RaftServerImpl (ServerState.java:setLeader(253)) - 7fb751f0-cac0-4fd5-b9c8-df230946860c@group-DFF10D8EAB86: change Leader from null to 7fb751f0-cac0-4fd5-b9c8-df230946860c at term 1 for becomeLeader, leader elected after 5121ms
2019-09-28 06:43:41,271 [7fb751f0-cac0-4fd5-b9c8-df230946860c@group-DFF10D8EAB86:LeaderElection77] INFO  server.RaftServerConfigKeys (ConfUtils.java:logGet(43)) - raft.server.staging.catchup.gap = 1000 (default)
2019-09-28 06:43:41,271 [7fb751f0-cac0-4fd5-b9c8-df230946860c@group-DFF10D8EAB86:LeaderElection77] INFO  server.RaftServerConfigKeys (ConfUtils.java:logGet(43)) - raft.server.rpc.sleep.time = 25ms (default)
2019-09-28 06:43:41,271 [7fb751f0-cac0-4fd5-b9c8-df230946860c@group-DFF10D8EAB86:LeaderElection77] INFO  server.RaftServerConfigKeys (ConfUtils.java:logGet(43)) - raft.server.write.element-limit = 4096 (default)
2019-09-28 06:43:41,271 [7fb751f0-cac0-4fd5-b9c8-df230946860c@group-DFF10D8EAB86:LeaderElection77] INFO  server.RaftServerConfigKeys (ConfUtils.java:logGet(43)) - raft.server.watch.timeout = 10s (default)
2019-09-28 06:43:41,271 [7fb751f0-cac0-4fd5-b9c8-df230946860c@group-DFF10D8EAB86:LeaderElection77] INFO  server.RaftServerConfigKeys (ConfUtils.java:logGet(43)) - raft.server.watch.timeout.denomination = 1s (default)
2019-09-28 06:43:41,271 [7fb751f0-cac0-4fd5-b9c8-df230946860c@group-DFF10D8EAB86:LeaderElection77] INFO  server.RaftServerConfigKeys (ConfUtils.java:logGet(43)) - raft.server.watch.element-limit = 65536 (default)
2019-09-28 06:43:41,273 [7fb751f0-cac0-4fd5-b9c8-df230946860c@group-DFF10D8EAB86:LeaderElection77] INFO  impl.RoleInfo (RoleInfo.java:updateAndGet(143)) - 7fb751f0-cac0-4fd5-b9c8-df230946860c: start LeaderState
2019-09-28 06:43:41,273 [7fb751f0-cac0-4fd5-b9c8-df230946860c@group-DFF10D8EAB86:LeaderElection77] INFO  segmented.SegmentedRaftLogWorker (SegmentedRaftLogWorker.java:startLogSegment(380)) - 7fb751f0-cac0-4fd5-b9c8-df230946860c@group-DFF10D8EAB86-SegmentedRaftLogWorker: Starting segment from index:0
2019-09-28 06:43:41,274 [7fb751f0-cac0-4fd5-b9c8-df230946860c@group-DFF10D8EAB86:LeaderElection77] INFO  impl.RaftServerImpl (ServerState.java:setRaftConf(354)) - 7fb751f0-cac0-4fd5-b9c8-df230946860c@group-DFF10D8EAB86: set configuration 0: [7fb751f0-cac0-4fd5-b9c8-df230946860c:192.168.30.10:40926], old=null at 0
2019-09-28 06:43:41,329 [7fb751f0-cac0-4fd5-b9c8-df230946860c@group-DFF10D8EAB86-SegmentedRaftLogWorker] INFO  segmented.SegmentedRaftLogWorker (SegmentedRaftLogWorker.java:execute(569)) - 7fb751f0-cac0-4fd5-b9c8-df230946860c@group-DFF10D8EAB86-SegmentedRaftLogWorker: created new log segment /workdir/hadoop-ozone/integration-test/target/test-dir/MiniOzoneClusterImpl-5ef598d8-4f4c-4550-8452-dcb673683f2c/datanode-5/data/ratis/cda68cab-1328-4823-baf4-dff10d8eab86/current/log_inprogress_0
2019-09-28 06:43:41,467 [Thread-3102] INFO  impl.FollowerState (FollowerState.java:run(106)) - 72278b64-9966-4b87-b32a-72533108e712:group-9B046845C590 changes to CANDIDATE, lastRpcTime:5058, electionTimeout:5058ms
2019-09-28 06:43:41,467 [Thread-3102] INFO  impl.RoleInfo (RoleInfo.java:shutdownFollowerState(121)) - 72278b64-9966-4b87-b32a-72533108e712: shutdown FollowerState
2019-09-28 06:43:41,467 [Thread-3102] INFO  impl.RaftServerImpl (RaftServerImpl.java:setRole(174)) - 72278b64-9966-4b87-b32a-72533108e712@group-9B046845C590: changes role from  FOLLOWER to CANDIDATE at term 0 for changeToCandidate
2019-09-28 06:43:41,467 [Thread-3102] INFO  impl.RoleInfo (RoleInfo.java:updateAndGet(143)) - 72278b64-9966-4b87-b32a-72533108e712: start LeaderElection
2019-09-28 06:43:41,496 [72278b64-9966-4b87-b32a-72533108e712@group-9B046845C590:LeaderElection78] INFO  impl.LeaderElection (LeaderElection.java:askForVotes(182)) - 72278b64-9966-4b87-b32a-72533108e712@group-9B046845C590:LeaderElection78: begin an election at term 1 for -1: [72278b64-9966-4b87-b32a-72533108e712:192.168.30.10:40488], old=null
2019-09-28 06:43:41,496 [72278b64-9966-4b87-b32a-72533108e712@group-9B046845C590:LeaderElection78] INFO  impl.RoleInfo (RoleInfo.java:shutdownLeaderElection(134)) - 72278b64-9966-4b87-b32a-72533108e712: shutdown LeaderElection
2019-09-28 06:43:41,496 [72278b64-9966-4b87-b32a-72533108e712@group-9B046845C590:LeaderElection78] INFO  impl.RaftServerImpl (RaftServerImpl.java:setRole(174)) - 72278b64-9966-4b87-b32a-72533108e712@group-9B046845C590: changes role from CANDIDATE to LEADER at term 1 for changeToLeader
2019-09-28 06:43:41,496 [72278b64-9966-4b87-b32a-72533108e712@group-9B046845C590:LeaderElection78] INFO  impl.RaftServerImpl (ServerState.java:setLeader(253)) - 72278b64-9966-4b87-b32a-72533108e712@group-9B046845C590: change Leader from null to 72278b64-9966-4b87-b32a-72533108e712 at term 1 for becomeLeader, leader elected after 5096ms
2019-09-28 06:43:41,496 [72278b64-9966-4b87-b32a-72533108e712@group-9B046845C590:LeaderElection78] INFO  server.RaftServerConfigKeys (ConfUtils.java:logGet(43)) - raft.server.staging.catchup.gap = 1000 (default)
2019-09-28 06:43:41,496 [72278b64-9966-4b87-b32a-72533108e712@group-9B046845C590:LeaderElection78] INFO  server.RaftServerConfigKeys (ConfUtils.java:logGet(43)) - raft.server.rpc.sleep.time = 25ms (default)
2019-09-28 06:43:41,496 [72278b64-9966-4b87-b32a-72533108e712@group-9B046845C590:LeaderElection78] INFO  server.RaftServerConfigKeys (ConfUtils.java:logGet(43)) - raft.server.write.element-limit = 4096 (default)
2019-09-28 06:43:41,496 [72278b64-9966-4b87-b32a-72533108e712@group-9B046845C590:LeaderElection78] INFO  server.RaftServerConfigKeys (ConfUtils.java:logGet(43)) - raft.server.watch.timeout = 10s (default)
2019-09-28 06:43:41,496 [72278b64-9966-4b87-b32a-72533108e712@group-9B046845C590:LeaderElection78] INFO  server.RaftServerConfigKeys (ConfUtils.java:logGet(43)) - raft.server.watch.timeout.denomination = 1s (default)
2019-09-28 06:43:41,497 [72278b64-9966-4b87-b32a-72533108e712@group-9B046845C590:LeaderElection78] INFO  server.RaftServerConfigKeys (ConfUtils.java:logGet(43)) - raft.server.watch.element-limit = 65536 (default)
2019-09-28 06:43:41,498 [72278b64-9966-4b87-b32a-72533108e712@group-9B046845C590:LeaderElection78] INFO  impl.RoleInfo (RoleInfo.java:updateAndGet(143)) - 72278b64-9966-4b87-b32a-72533108e712: start LeaderState
2019-09-28 06:43:41,498 [72278b64-9966-4b87-b32a-72533108e712@group-9B046845C590:LeaderElection78] INFO  segmented.SegmentedRaftLogWorker (SegmentedRaftLogWorker.java:startLogSegment(380)) - 72278b64-9966-4b87-b32a-72533108e712@group-9B046845C590-SegmentedRaftLogWorker: Starting segment from index:0
2019-09-28 06:43:41,498 [72278b64-9966-4b87-b32a-72533108e712@group-9B046845C590:LeaderElection78] INFO  impl.RaftServerImpl (ServerState.java:setRaftConf(354)) - 72278b64-9966-4b87-b32a-72533108e712@group-9B046845C590: set configuration 0: [72278b64-9966-4b87-b32a-72533108e712:192.168.30.10:40488], old=null at 0
2019-09-28 06:43:41,546 [72278b64-9966-4b87-b32a-72533108e712@group-9B046845C590-SegmentedRaftLogWorker] INFO  segmented.SegmentedRaftLogWorker (SegmentedRaftLogWorker.java:execute(569)) - 72278b64-9966-4b87-b32a-72533108e712@group-9B046845C590-SegmentedRaftLogWorker: created new log segment /workdir/hadoop-ozone/integration-test/target/test-dir/MiniOzoneClusterImpl-5ef598d8-4f4c-4550-8452-dcb673683f2c/datanode-6/data/ratis/095620e3-248f-49fc-b5a2-9b046845c590/current/log_inprogress_0
2019-09-28 06:43:41,563 [Thread-3105] INFO  impl.FollowerState (FollowerState.java:run(106)) - 870fbdd8-a74b-4e83-97b6-9e59d51c949a:group-E31DD0F495D8 changes to CANDIDATE, lastRpcTime:5011, electionTimeout:5011ms
2019-09-28 06:43:41,564 [Thread-3105] INFO  impl.RoleInfo (RoleInfo.java:shutdownFollowerState(121)) - 870fbdd8-a74b-4e83-97b6-9e59d51c949a: shutdown FollowerState
2019-09-28 06:43:41,564 [Thread-3105] INFO  impl.RaftServerImpl (RaftServerImpl.java:setRole(174)) - 870fbdd8-a74b-4e83-97b6-9e59d51c949a@group-E31DD0F495D8: changes role from  FOLLOWER to CANDIDATE at term 0 for changeToCandidate
2019-09-28 06:43:41,564 [Thread-3105] INFO  impl.RoleInfo (RoleInfo.java:updateAndGet(143)) - 870fbdd8-a74b-4e83-97b6-9e59d51c949a: start LeaderElection
2019-09-28 06:43:41,597 [870fbdd8-a74b-4e83-97b6-9e59d51c949a@group-E31DD0F495D8:LeaderElection79] INFO  impl.LeaderElection (LeaderElection.java:askForVotes(182)) - 870fbdd8-a74b-4e83-97b6-9e59d51c949a@group-E31DD0F495D8:LeaderElection79: begin an election at term 1 for -1: [870fbdd8-a74b-4e83-97b6-9e59d51c949a:192.168.30.10:43070], old=null
2019-09-28 06:43:41,597 [870fbdd8-a74b-4e83-97b6-9e59d51c949a@group-E31DD0F495D8:LeaderElection79] INFO  impl.RoleInfo (RoleInfo.java:shutdownLeaderElection(134)) - 870fbdd8-a74b-4e83-97b6-9e59d51c949a: shutdown LeaderElection
2019-09-28 06:43:41,597 [870fbdd8-a74b-4e83-97b6-9e59d51c949a@group-E31DD0F495D8:LeaderElection79] INFO  impl.RaftServerImpl (RaftServerImpl.java:setRole(174)) - 870fbdd8-a74b-4e83-97b6-9e59d51c949a@group-E31DD0F495D8: changes role from CANDIDATE to LEADER at term 1 for changeToLeader
2019-09-28 06:43:41,597 [870fbdd8-a74b-4e83-97b6-9e59d51c949a@group-E31DD0F495D8:LeaderElection79] INFO  impl.RaftServerImpl (ServerState.java:setLeader(253)) - 870fbdd8-a74b-4e83-97b6-9e59d51c949a@group-E31DD0F495D8: change Leader from null to 870fbdd8-a74b-4e83-97b6-9e59d51c949a at term 1 for becomeLeader, leader elected after 5052ms
2019-09-28 06:43:41,597 [870fbdd8-a74b-4e83-97b6-9e59d51c949a@group-E31DD0F495D8:LeaderElection79] INFO  server.RaftServerConfigKeys (ConfUtils.java:logGet(43)) - raft.server.staging.catchup.gap = 1000 (default)
2019-09-28 06:43:41,597 [870fbdd8-a74b-4e83-97b6-9e59d51c949a@group-E31DD0F495D8:LeaderElection79] INFO  server.RaftServerConfigKeys (ConfUtils.java:logGet(43)) - raft.server.rpc.sleep.time = 25ms (default)
2019-09-28 06:43:41,598 [870fbdd8-a74b-4e83-97b6-9e59d51c949a@group-E31DD0F495D8:LeaderElection79] INFO  server.RaftServerConfigKeys (ConfUtils.java:logGet(43)) - raft.server.write.element-limit = 4096 (default)
2019-09-28 06:43:41,598 [870fbdd8-a74b-4e83-97b6-9e59d51c949a@group-E31DD0F495D8:LeaderElection79] INFO  server.RaftServerConfigKeys (ConfUtils.java:logGet(43)) - raft.server.watch.timeout = 10s (default)
2019-09-28 06:43:41,598 [870fbdd8-a74b-4e83-97b6-9e59d51c949a@group-E31DD0F495D8:LeaderElection79] INFO  server.RaftServerConfigKeys (ConfUtils.java:logGet(43)) - raft.server.watch.timeout.denomination = 1s (default)
2019-09-28 06:43:41,598 [870fbdd8-a74b-4e83-97b6-9e59d51c949a@group-E31DD0F495D8:LeaderElection79] INFO  server.RaftServerConfigKeys (ConfUtils.java:logGet(43)) - raft.server.watch.element-limit = 65536 (default)
2019-09-28 06:43:41,600 [870fbdd8-a74b-4e83-97b6-9e59d51c949a@group-E31DD0F495D8:LeaderElection79] INFO  impl.RoleInfo (RoleInfo.java:updateAndGet(143)) - 870fbdd8-a74b-4e83-97b6-9e59d51c949a: start LeaderState
2019-09-28 06:43:41,600 [870fbdd8-a74b-4e83-97b6-9e59d51c949a@group-E31DD0F495D8:LeaderElection79] INFO  segmented.SegmentedRaftLogWorker (SegmentedRaftLogWorker.java:startLogSegment(380)) - 870fbdd8-a74b-4e83-97b6-9e59d51c949a@group-E31DD0F495D8-SegmentedRaftLogWorker: Starting segment from index:0
2019-09-28 06:43:41,601 [870fbdd8-a74b-4e83-97b6-9e59d51c949a@group-E31DD0F495D8:LeaderElection79] INFO  impl.RaftServerImpl (ServerState.java:setRaftConf(354)) - 870fbdd8-a74b-4e83-97b6-9e59d51c949a@group-E31DD0F495D8: set configuration 0: [870fbdd8-a74b-4e83-97b6-9e59d51c949a:192.168.30.10:43070], old=null at 0
2019-09-28 06:43:41,655 [870fbdd8-a74b-4e83-97b6-9e59d51c949a@group-E31DD0F495D8-SegmentedRaftLogWorker] INFO  segmented.SegmentedRaftLogWorker (SegmentedRaftLogWorker.java:execute(569)) - 870fbdd8-a74b-4e83-97b6-9e59d51c949a@group-E31DD0F495D8-SegmentedRaftLogWorker: created new log segment /workdir/hadoop-ozone/integration-test/target/test-dir/MiniOzoneClusterImpl-5ef598d8-4f4c-4550-8452-dcb673683f2c/datanode-3/data/ratis/eed0e999-e6fd-42cd-bffd-e31dd0f495d8/current/log_inprogress_0
2019-09-28 06:43:41,676 [Thread-3110] INFO  impl.FollowerState (FollowerState.java:run(106)) - 72278b64-9966-4b87-b32a-72533108e712:group-F7621388147A changes to CANDIDATE, lastRpcTime:5050, electionTimeout:5050ms
2019-09-28 06:43:41,676 [Thread-3110] INFO  impl.RoleInfo (RoleInfo.java:shutdownFollowerState(121)) - 72278b64-9966-4b87-b32a-72533108e712: shutdown FollowerState
2019-09-28 06:43:41,676 [Thread-3110] INFO  impl.RaftServerImpl (RaftServerImpl.java:setRole(174)) - 72278b64-9966-4b87-b32a-72533108e712@group-F7621388147A: changes role from  FOLLOWER to CANDIDATE at term 0 for changeToCandidate
2019-09-28 06:43:41,676 [Thread-3110] INFO  impl.RoleInfo (RoleInfo.java:updateAndGet(143)) - 72278b64-9966-4b87-b32a-72533108e712: start LeaderElection
2019-09-28 06:43:41,686 [Thread-3112] INFO  impl.FollowerState (FollowerState.java:run(106)) - e6f90df7-dec1-43e3-a927-0240d8c4bd7c:group-F7621388147A changes to CANDIDATE, lastRpcTime:5059, electionTimeout:5059ms
2019-09-28 06:43:41,686 [Thread-3112] INFO  impl.RoleInfo (RoleInfo.java:shutdownFollowerState(121)) - e6f90df7-dec1-43e3-a927-0240d8c4bd7c: shutdown FollowerState
2019-09-28 06:43:41,686 [Thread-3112] INFO  impl.RaftServerImpl (RaftServerImpl.java:setRole(174)) - e6f90df7-dec1-43e3-a927-0240d8c4bd7c@group-F7621388147A: changes role from  FOLLOWER to CANDIDATE at term 0 for changeToCandidate
2019-09-28 06:43:41,686 [Thread-3112] INFO  impl.RoleInfo (RoleInfo.java:updateAndGet(143)) - e6f90df7-dec1-43e3-a927-0240d8c4bd7c: start LeaderElection
2019-09-28 06:43:41,697 [72278b64-9966-4b87-b32a-72533108e712@group-F7621388147A:LeaderElection80] INFO  impl.LeaderElection (LeaderElection.java:askForVotes(182)) - 72278b64-9966-4b87-b32a-72533108e712@group-F7621388147A:LeaderElection80: begin an election at term 1 for -1: [7fb751f0-cac0-4fd5-b9c8-df230946860c:192.168.30.10:40926, e6f90df7-dec1-43e3-a927-0240d8c4bd7c:192.168.30.10:45784, 72278b64-9966-4b87-b32a-72533108e712:192.168.30.10:40488], old=null
2019-09-28 06:43:41,701 [grpc-default-executor-10] INFO  impl.RaftServerImpl (RaftServerImpl.java:setRole(174)) - 7fb751f0-cac0-4fd5-b9c8-df230946860c@group-F7621388147A: changes role from  FOLLOWER to FOLLOWER at term 1 for recognizeCandidate:72278b64-9966-4b87-b32a-72533108e712
2019-09-28 06:43:41,701 [grpc-default-executor-10] INFO  impl.RoleInfo (RoleInfo.java:shutdownFollowerState(121)) - 7fb751f0-cac0-4fd5-b9c8-df230946860c: shutdown FollowerState
2019-09-28 06:43:41,701 [grpc-default-executor-10] INFO  impl.RoleInfo (RoleInfo.java:updateAndGet(143)) - 7fb751f0-cac0-4fd5-b9c8-df230946860c: start FollowerState
2019-09-28 06:43:41,701 [Thread-3113] INFO  impl.FollowerState (FollowerState.java:run(115)) - 7fb751f0-cac0-4fd5-b9c8-df230946860c: FollowerState was interrupted: java.lang.InterruptedException: sleep interrupted
2019-09-28 06:43:41,714 [e6f90df7-dec1-43e3-a927-0240d8c4bd7c@group-F7621388147A:LeaderElection81] INFO  impl.LeaderElection (LeaderElection.java:askForVotes(182)) - e6f90df7-dec1-43e3-a927-0240d8c4bd7c@group-F7621388147A:LeaderElection81: begin an election at term 1 for -1: [7fb751f0-cac0-4fd5-b9c8-df230946860c:192.168.30.10:40926, e6f90df7-dec1-43e3-a927-0240d8c4bd7c:192.168.30.10:45784, 72278b64-9966-4b87-b32a-72533108e712:192.168.30.10:40488], old=null
2019-09-28 06:43:41,735 [e6f90df7-dec1-43e3-a927-0240d8c4bd7c@group-F7621388147A:LeaderElection81] INFO  impl.LeaderElection (LeaderElection.java:logAndReturn(56)) - e6f90df7-dec1-43e3-a927-0240d8c4bd7c@group-F7621388147A:LeaderElection81: Election REJECTED; received 2 response(s) [e6f90df7-dec1-43e3-a927-0240d8c4bd7c<-7fb751f0-cac0-4fd5-b9c8-df230946860c#0:FAIL-t1, e6f90df7-dec1-43e3-a927-0240d8c4bd7c<-72278b64-9966-4b87-b32a-72533108e712#0:FAIL-t1] and 0 exception(s); e6f90df7-dec1-43e3-a927-0240d8c4bd7c@group-F7621388147A:t1, leader=null, voted=e6f90df7-dec1-43e3-a927-0240d8c4bd7c, raftlog=e6f90df7-dec1-43e3-a927-0240d8c4bd7c@group-F7621388147A-SegmentedRaftLog:OPENED:c-1,f-1,i0, conf=-1: [7fb751f0-cac0-4fd5-b9c8-df230946860c:192.168.30.10:40926, e6f90df7-dec1-43e3-a927-0240d8c4bd7c:192.168.30.10:45784, 72278b64-9966-4b87-b32a-72533108e712:192.168.30.10:40488], old=null
2019-09-28 06:43:41,735 [72278b64-9966-4b87-b32a-72533108e712@group-F7621388147A:LeaderElection80] INFO  impl.LeaderElection (LeaderElection.java:logAndReturn(56)) - 72278b64-9966-4b87-b32a-72533108e712@group-F7621388147A:LeaderElection80: Election PASSED; received 2 response(s) [72278b64-9966-4b87-b32a-72533108e712<-7fb751f0-cac0-4fd5-b9c8-df230946860c#0:OK-t1, 72278b64-9966-4b87-b32a-72533108e712<-e6f90df7-dec1-43e3-a927-0240d8c4bd7c#0:FAIL-t1] and 0 exception(s); 72278b64-9966-4b87-b32a-72533108e712@group-F7621388147A:t1, leader=null, voted=72278b64-9966-4b87-b32a-72533108e712, raftlog=72278b64-9966-4b87-b32a-72533108e712@group-F7621388147A-SegmentedRaftLog:OPENED:c-1,f-1,i0, conf=-1: [7fb751f0-cac0-4fd5-b9c8-df230946860c:192.168.30.10:40926, e6f90df7-dec1-43e3-a927-0240d8c4bd7c:192.168.30.10:45784, 72278b64-9966-4b87-b32a-72533108e712:192.168.30.10:40488], old=null
2019-09-28 06:43:41,735 [e6f90df7-dec1-43e3-a927-0240d8c4bd7c@group-F7621388147A:LeaderElection81] INFO  impl.RaftServerImpl (RaftServerImpl.java:setRole(174)) - e6f90df7-dec1-43e3-a927-0240d8c4bd7c@group-F7621388147A: changes role from CANDIDATE to FOLLOWER at term 1 for DISCOVERED_A_NEW_TERM
2019-09-28 06:43:41,746 [e6f90df7-dec1-43e3-a927-0240d8c4bd7c@group-F7621388147A:LeaderElection81] INFO  impl.RoleInfo (RoleInfo.java:shutdownLeaderElection(134)) - e6f90df7-dec1-43e3-a927-0240d8c4bd7c: shutdown LeaderElection
2019-09-28 06:43:41,746 [72278b64-9966-4b87-b32a-72533108e712@group-F7621388147A:LeaderElection80] INFO  impl.RoleInfo (RoleInfo.java:shutdownLeaderElection(134)) - 72278b64-9966-4b87-b32a-72533108e712: shutdown LeaderElection
2019-09-28 06:43:41,746 [e6f90df7-dec1-43e3-a927-0240d8c4bd7c@group-F7621388147A:LeaderElection81] INFO  impl.RoleInfo (RoleInfo.java:updateAndGet(143)) - e6f90df7-dec1-43e3-a927-0240d8c4bd7c: start FollowerState
2019-09-28 06:43:41,748 [72278b64-9966-4b87-b32a-72533108e712@group-F7621388147A:LeaderElection80] INFO  impl.RaftServerImpl (RaftServerImpl.java:setRole(174)) - 72278b64-9966-4b87-b32a-72533108e712@group-F7621388147A: changes role from CANDIDATE to LEADER at term 1 for changeToLeader
2019-09-28 06:43:41,748 [72278b64-9966-4b87-b32a-72533108e712@group-F7621388147A:LeaderElection80] INFO  impl.RaftServerImpl (ServerState.java:setLeader(253)) - 72278b64-9966-4b87-b32a-72533108e712@group-F7621388147A: change Leader from null to 72278b64-9966-4b87-b32a-72533108e712 at term 1 for becomeLeader, leader elected after 5132ms
2019-09-28 06:43:41,748 [72278b64-9966-4b87-b32a-72533108e712@group-F7621388147A:LeaderElection80] INFO  server.RaftServerConfigKeys (ConfUtils.java:logGet(43)) - raft.server.staging.catchup.gap = 1000 (default)
2019-09-28 06:43:41,749 [72278b64-9966-4b87-b32a-72533108e712@group-F7621388147A:LeaderElection80] INFO  server.RaftServerConfigKeys (ConfUtils.java:logGet(43)) - raft.server.rpc.sleep.time = 25ms (default)
2019-09-28 06:43:41,749 [72278b64-9966-4b87-b32a-72533108e712@group-F7621388147A:LeaderElection80] INFO  server.RaftServerConfigKeys (ConfUtils.java:logGet(43)) - raft.server.write.element-limit = 4096 (default)
2019-09-28 06:43:41,749 [72278b64-9966-4b87-b32a-72533108e712@group-F7621388147A:LeaderElection80] INFO  server.RaftServerConfigKeys (ConfUtils.java:logGet(43)) - raft.server.watch.timeout = 10s (default)
2019-09-28 06:43:41,749 [72278b64-9966-4b87-b32a-72533108e712@group-F7621388147A:LeaderElection80] INFO  server.RaftServerConfigKeys (ConfUtils.java:logGet(43)) - raft.server.watch.timeout.denomination = 1s (default)
2019-09-28 06:43:41,749 [72278b64-9966-4b87-b32a-72533108e712@group-F7621388147A:LeaderElection80] INFO  server.RaftServerConfigKeys (ConfUtils.java:logGet(43)) - raft.server.watch.element-limit = 65536 (default)
2019-09-28 06:43:41,750 [72278b64-9966-4b87-b32a-72533108e712@group-F7621388147A:LeaderElection80] INFO  server.RaftServerConfigKeys (ConfUtils.java:logGet(43)) - raft.server.log.appender.snapshot.chunk.size.max = 16MB (=16777216) (default)
2019-09-28 06:43:41,751 [72278b64-9966-4b87-b32a-72533108e712@group-F7621388147A:LeaderElection80] INFO  server.RaftServerConfigKeys (ConfUtils.java:logGet(43)) - raft.server.log.appender.buffer.byte-limit = 33554432 (custom)
2019-09-28 06:43:41,751 [72278b64-9966-4b87-b32a-72533108e712@group-F7621388147A:LeaderElection80] INFO  server.RaftServerConfigKeys (ConfUtils.java:logGet(43)) - raft.server.log.appender.buffer.element-limit = 1 (custom)
2019-09-28 06:43:41,751 [72278b64-9966-4b87-b32a-72533108e712@group-F7621388147A:LeaderElection80] INFO  grpc.GrpcConfigKeys$Server (ConfUtils.java:logGet(43)) - raft.grpc.server.leader.outstanding.appends.max = 128 (default)
2019-09-28 06:43:41,751 [72278b64-9966-4b87-b32a-72533108e712@group-F7621388147A:LeaderElection80] INFO  server.RaftServerConfigKeys (ConfUtils.java:logGet(43)) - raft.server.rpc.request.timeout = 3000ms (default)
2019-09-28 06:43:41,751 [72278b64-9966-4b87-b32a-72533108e712@group-F7621388147A:LeaderElection80] INFO  server.RaftServerConfigKeys (ConfUtils.java:logGet(43)) - raft.server.log.appender.install.snapshot.enabled = false (custom)
2019-09-28 06:43:41,751 [72278b64-9966-4b87-b32a-72533108e712@group-F7621388147A:LeaderElection80] INFO  server.RaftServerConfigKeys (ConfUtils.java:logGet(43)) - raft.server.log.appender.snapshot.chunk.size.max = 16MB (=16777216) (default)
2019-09-28 06:43:41,751 [72278b64-9966-4b87-b32a-72533108e712@group-F7621388147A:LeaderElection80] INFO  server.RaftServerConfigKeys (ConfUtils.java:logGet(43)) - raft.server.log.appender.buffer.byte-limit = 33554432 (custom)
2019-09-28 06:43:41,752 [72278b64-9966-4b87-b32a-72533108e712@group-F7621388147A:LeaderElection80] INFO  server.RaftServerConfigKeys (ConfUtils.java:logGet(43)) - raft.server.log.appender.buffer.element-limit = 1 (custom)
2019-09-28 06:43:41,752 [72278b64-9966-4b87-b32a-72533108e712@group-F7621388147A:LeaderElection80] INFO  grpc.GrpcConfigKeys$Server (ConfUtils.java:logGet(43)) - raft.grpc.server.leader.outstanding.appends.max = 128 (default)
2019-09-28 06:43:41,752 [72278b64-9966-4b87-b32a-72533108e712@group-F7621388147A:LeaderElection80] INFO  server.RaftServerConfigKeys (ConfUtils.java:logGet(43)) - raft.server.rpc.request.timeout = 3000ms (default)
2019-09-28 06:43:41,752 [72278b64-9966-4b87-b32a-72533108e712@group-F7621388147A:LeaderElection80] INFO  server.RaftServerConfigKeys (ConfUtils.java:logGet(43)) - raft.server.log.appender.install.snapshot.enabled = false (custom)
2019-09-28 06:43:41,752 [72278b64-9966-4b87-b32a-72533108e712@group-F7621388147A:LeaderElection80] INFO  impl.RoleInfo (RoleInfo.java:updateAndGet(143)) - 72278b64-9966-4b87-b32a-72533108e712: start LeaderState
2019-09-28 06:43:41,752 [72278b64-9966-4b87-b32a-72533108e712@group-F7621388147A:LeaderElection80] INFO  segmented.SegmentedRaftLogWorker (SegmentedRaftLogWorker.java:startLogSegment(380)) - 72278b64-9966-4b87-b32a-72533108e712@group-F7621388147A-SegmentedRaftLogWorker: Starting segment from index:0
2019-09-28 06:43:41,753 [72278b64-9966-4b87-b32a-72533108e712@group-F7621388147A:LeaderElection80] INFO  impl.RaftServerImpl (ServerState.java:setRaftConf(354)) - 72278b64-9966-4b87-b32a-72533108e712@group-F7621388147A: set configuration 0: [7fb751f0-cac0-4fd5-b9c8-df230946860c:192.168.30.10:40926, e6f90df7-dec1-43e3-a927-0240d8c4bd7c:192.168.30.10:45784, 72278b64-9966-4b87-b32a-72533108e712:192.168.30.10:40488], old=null at 0
2019-09-28 06:43:41,781 [grpc-default-executor-2] INFO  impl.RaftServerImpl (ServerState.java:setLeader(253)) - e6f90df7-dec1-43e3-a927-0240d8c4bd7c@group-F7621388147A: change Leader from null to 72278b64-9966-4b87-b32a-72533108e712 at term 1 for appendEntries, leader elected after 5166ms
2019-09-28 06:43:41,781 [grpc-default-executor-10] INFO  impl.RaftServerImpl (ServerState.java:setLeader(253)) - 7fb751f0-cac0-4fd5-b9c8-df230946860c@group-F7621388147A: change Leader from null to 72278b64-9966-4b87-b32a-72533108e712 at term 1 for appendEntries, leader elected after 5166ms
2019-09-28 06:43:41,783 [grpc-default-executor-10] INFO  impl.RaftServerImpl (ServerState.java:setRaftConf(354)) - e6f90df7-dec1-43e3-a927-0240d8c4bd7c@group-F7621388147A: set configuration 0: [7fb751f0-cac0-4fd5-b9c8-df230946860c:192.168.30.10:40926, e6f90df7-dec1-43e3-a927-0240d8c4bd7c:192.168.30.10:45784, 72278b64-9966-4b87-b32a-72533108e712:192.168.30.10:40488], old=null at 0
2019-09-28 06:43:41,783 [grpc-default-executor-2] INFO  impl.RaftServerImpl (ServerState.java:setRaftConf(354)) - 7fb751f0-cac0-4fd5-b9c8-df230946860c@group-F7621388147A: set configuration 0: [7fb751f0-cac0-4fd5-b9c8-df230946860c:192.168.30.10:40926, e6f90df7-dec1-43e3-a927-0240d8c4bd7c:192.168.30.10:45784, 72278b64-9966-4b87-b32a-72533108e712:192.168.30.10:40488], old=null at 0
2019-09-28 06:43:41,783 [grpc-default-executor-10] INFO  segmented.SegmentedRaftLogWorker (SegmentedRaftLogWorker.java:startLogSegment(380)) - e6f90df7-dec1-43e3-a927-0240d8c4bd7c@group-F7621388147A-SegmentedRaftLogWorker: Starting segment from index:0
2019-09-28 06:43:41,783 [grpc-default-executor-2] INFO  segmented.SegmentedRaftLogWorker (SegmentedRaftLogWorker.java:startLogSegment(380)) - 7fb751f0-cac0-4fd5-b9c8-df230946860c@group-F7621388147A-SegmentedRaftLogWorker: Starting segment from index:0
2019-09-28 06:43:41,800 [72278b64-9966-4b87-b32a-72533108e712@group-F7621388147A-SegmentedRaftLogWorker] INFO  segmented.SegmentedRaftLogWorker (SegmentedRaftLogWorker.java:execute(569)) - 72278b64-9966-4b87-b32a-72533108e712@group-F7621388147A-SegmentedRaftLogWorker: created new log segment /workdir/hadoop-ozone/integration-test/target/test-dir/MiniOzoneClusterImpl-5ef598d8-4f4c-4550-8452-dcb673683f2c/datanode-6/data/ratis/13e4c13b-d3f4-481b-b7a3-f7621388147a/current/log_inprogress_0
2019-09-28 06:43:41,834 [7fb751f0-cac0-4fd5-b9c8-df230946860c@group-F7621388147A-SegmentedRaftLogWorker] INFO  segmented.SegmentedRaftLogWorker (SegmentedRaftLogWorker.java:execute(569)) - 7fb751f0-cac0-4fd5-b9c8-df230946860c@group-F7621388147A-SegmentedRaftLogWorker: created new log segment /workdir/hadoop-ozone/integration-test/target/test-dir/MiniOzoneClusterImpl-5ef598d8-4f4c-4550-8452-dcb673683f2c/datanode-5/data/ratis/13e4c13b-d3f4-481b-b7a3-f7621388147a/current/log_inprogress_0
2019-09-28 06:43:41,834 [e6f90df7-dec1-43e3-a927-0240d8c4bd7c@group-F7621388147A-SegmentedRaftLogWorker] INFO  segmented.SegmentedRaftLogWorker (SegmentedRaftLogWorker.java:execute(569)) - e6f90df7-dec1-43e3-a927-0240d8c4bd7c@group-F7621388147A-SegmentedRaftLogWorker: created new log segment /workdir/hadoop-ozone/integration-test/target/test-dir/MiniOzoneClusterImpl-5ef598d8-4f4c-4550-8452-dcb673683f2c/datanode-4/data/ratis/13e4c13b-d3f4-481b-b7a3-f7621388147a/current/log_inprogress_0
2019-09-28 06:43:42,914 [Datanode State Machine Thread - 0] INFO  statemachine.DatanodeStateMachine (DatanodeStateMachine.java:lambda$startDaemon$0(350)) - Ozone container server started.
2019-09-28 06:43:46,942 [EventQueue-StaleNodeForStaleNodeHandler] INFO  node.StaleNodeHandler (StaleNodeHandler.java:onMessage(58)) - Datanode 2bbaf9bb-8e76-4f1f-bdc5-57695e12be87{ip: 192.168.30.10, host: pr-hdds-2140-hhr7w-2843136654, networkLocation: /default-rack, certSerialId: null} moved to stale state. Finalizing its pipelines [PipelineID=43083847-e59b-4eb8-a37d-005b10147705, PipelineID=d44fab9f-33a3-4544-939c-7e8583d3d4a0]
2019-09-28 06:43:46,943 [EventQueue-StaleNodeForStaleNodeHandler] INFO  pipeline.SCMPipelineManager (SCMPipelineManager.java:finalizeAndDestroyPipeline(315)) - destroying pipeline:Pipeline[ Id: 43083847-e59b-4eb8-a37d-005b10147705, Nodes: 2bbaf9bb-8e76-4f1f-bdc5-57695e12be87{ip: 192.168.30.10, host: pr-hdds-2140-hhr7w-2843136654, networkLocation: /default-rack, certSerialId: null}90867d91-fc5b-4720-98ce-e5bb7192dd8f{ip: 192.168.30.10, host: pr-hdds-2140-hhr7w-2843136654, networkLocation: /default-rack, certSerialId: null}4a946cc1-50b2-4a30-83de-5133ac6d0240{ip: 192.168.30.10, host: pr-hdds-2140-hhr7w-2843136654, networkLocation: /default-rack, certSerialId: null}, Type:RATIS, Factor:THREE, State:OPEN]
2019-09-28 06:43:46,943 [EventQueue-StaleNodeForStaleNodeHandler] INFO  pipeline.PipelineStateManager (PipelineStateManager.java:finalizePipeline(123)) - Pipeline Pipeline[ Id: 43083847-e59b-4eb8-a37d-005b10147705, Nodes: 2bbaf9bb-8e76-4f1f-bdc5-57695e12be87{ip: 192.168.30.10, host: pr-hdds-2140-hhr7w-2843136654, networkLocation: /default-rack, certSerialId: null}90867d91-fc5b-4720-98ce-e5bb7192dd8f{ip: 192.168.30.10, host: pr-hdds-2140-hhr7w-2843136654, networkLocation: /default-rack, certSerialId: null}4a946cc1-50b2-4a30-83de-5133ac6d0240{ip: 192.168.30.10, host: pr-hdds-2140-hhr7w-2843136654, networkLocation: /default-rack, certSerialId: null}, Type:RATIS, Factor:THREE, State:CLOSED] moved to CLOSED state
2019-09-28 06:43:46,944 [EventQueue-CloseContainerForCloseContainerEventHandler] INFO  container.CloseContainerEventHandler (CloseContainerEventHandler.java:onMessage(61)) - Close container Event triggered for container : #1
2019-09-28 06:43:46,950 [EventQueue-StaleNodeForStaleNodeHandler] INFO  pipeline.SCMPipelineManager (SCMPipelineManager.java:finalizeAndDestroyPipeline(315)) - destroying pipeline:Pipeline[ Id: d44fab9f-33a3-4544-939c-7e8583d3d4a0, Nodes: 2bbaf9bb-8e76-4f1f-bdc5-57695e12be87{ip: 192.168.30.10, host: pr-hdds-2140-hhr7w-2843136654, networkLocation: /default-rack, certSerialId: null}, Type:RATIS, Factor:ONE, State:OPEN]
2019-09-28 06:43:46,952 [EventQueue-StaleNodeForStaleNodeHandler] INFO  pipeline.PipelineStateManager (PipelineStateManager.java:finalizePipeline(123)) - Pipeline Pipeline[ Id: d44fab9f-33a3-4544-939c-7e8583d3d4a0, Nodes: 2bbaf9bb-8e76-4f1f-bdc5-57695e12be87{ip: 192.168.30.10, host: pr-hdds-2140-hhr7w-2843136654, networkLocation: /default-rack, certSerialId: null}, Type:RATIS, Factor:ONE, State:CLOSED] moved to CLOSED state
2019-09-28 06:43:47,267 [main] INFO  ozoneimpl.OzoneContainer (OzoneContainer.java:stop(231)) - Attempting to stop container services.
2019-09-28 06:43:47,269 [main] INFO  impl.RaftServerProxy (RaftServerProxy.java:lambda$close$4(314)) - 2bbaf9bb-8e76-4f1f-bdc5-57695e12be87: close
2019-09-28 06:43:47,270 [main] INFO  impl.RaftServerImpl (RaftServerImpl.java:lambda$shutdown$3(251)) - 2bbaf9bb-8e76-4f1f-bdc5-57695e12be87@group-005B10147705: shutdown
2019-09-28 06:43:47,270 [main] INFO  util.JmxRegister (JmxRegister.java:unregister(73)) - Successfully un-registered JMX Bean with object name Ratis:service=RaftServer,group=group-005B10147705,id=2bbaf9bb-8e76-4f1f-bdc5-57695e12be87
2019-09-28 06:43:47,270 [main] INFO  impl.RoleInfo (RoleInfo.java:shutdownLeaderState(104)) - 2bbaf9bb-8e76-4f1f-bdc5-57695e12be87: shutdown LeaderState
2019-09-28 06:43:47,276 [main] INFO  impl.PendingRequests (PendingRequests.java:sendNotLeaderResponses(202)) - 2bbaf9bb-8e76-4f1f-bdc5-57695e12be87-PendingRequests: sendNotLeaderResponses
2019-09-28 06:43:47,276 [org.apache.ratis.server.impl.LogAppender$AppenderDaemon$$Lambda$485/1432091615@66b8056d] WARN  server.GrpcLogAppender (GrpcLogAppender.java:mayWait(143)) - 2bbaf9bb-8e76-4f1f-bdc5-57695e12be87@group-005B10147705->90867d91-fc5b-4720-98ce-e5bb7192dd8f-GrpcLogAppender: Wait interrupted by java.lang.InterruptedException
2019-09-28 06:43:47,276 [org.apache.ratis.server.impl.LogAppender$AppenderDaemon$$Lambda$485/1432091615@58647f30] WARN  server.GrpcLogAppender (GrpcLogAppender.java:mayWait(143)) - 2bbaf9bb-8e76-4f1f-bdc5-57695e12be87@group-005B10147705->4a946cc1-50b2-4a30-83de-5133ac6d0240-GrpcLogAppender: Wait interrupted by java.lang.InterruptedException
2019-09-28 06:43:47,282 [main] INFO  impl.StateMachineUpdater (StateMachineUpdater.java:stopAndJoin(125)) - 2bbaf9bb-8e76-4f1f-bdc5-57695e12be87@group-005B10147705-StateMachineUpdater: set stopIndex = 16
2019-09-28 06:43:47,282 [2bbaf9bb-8e76-4f1f-bdc5-57695e12be87@group-005B10147705-StateMachineUpdater] INFO  ratis.ContainerStateMachine (ContainerStateMachine.java:takeSnapshot(289)) - group-005B10147705: Taking a snapshot at:(t:1, i:14) file /workdir/hadoop-ozone/integration-test/target/test-dir/MiniOzoneClusterImpl-5ef598d8-4f4c-4550-8452-dcb673683f2c/datanode-1/data/ratis/43083847-e59b-4eb8-a37d-005b10147705/sm/snapshot.1_14
2019-09-28 06:43:47,282 [grpc-default-executor-9] INFO  server.GrpcServerProtocolService (GrpcServerProtocolService.java:onCompleted(113)) - 90867d91-fc5b-4720-98ce-e5bb7192dd8f: Completed APPEND_ENTRIES, lastRequest: 2bbaf9bb-8e76-4f1f-bdc5-57695e12be87->90867d91-fc5b-4720-98ce-e5bb7192dd8f#19-t1, previous=(t:1, i:16), leaderCommit=16, initializing? false, entries: <empty>
2019-09-28 06:43:47,282 [grpc-default-executor-10] INFO  server.GrpcServerProtocolService (GrpcServerProtocolService.java:onCompleted(113)) - 4a946cc1-50b2-4a30-83de-5133ac6d0240: Completed APPEND_ENTRIES, lastRequest: 2bbaf9bb-8e76-4f1f-bdc5-57695e12be87->4a946cc1-50b2-4a30-83de-5133ac6d0240#19-t1, previous=(t:1, i:16), leaderCommit=16, initializing? false, entries: <empty>
2019-09-28 06:43:47,283 [grpc-default-executor-10] INFO  server.GrpcLogAppender (GrpcLogAppender.java:onCompleted(293)) - 2bbaf9bb-8e76-4f1f-bdc5-57695e12be87@group-005B10147705->4a946cc1-50b2-4a30-83de-5133ac6d0240-AppendLogResponseHandler: follower responses appendEntries COMPLETED
2019-09-28 06:43:47,284 [grpc-default-executor-9] INFO  server.GrpcLogAppender (GrpcLogAppender.java:onCompleted(293)) - 2bbaf9bb-8e76-4f1f-bdc5-57695e12be87@group-005B10147705->90867d91-fc5b-4720-98ce-e5bb7192dd8f-AppendLogResponseHandler: follower responses appendEntries COMPLETED
2019-09-28 06:43:47,284 [grpc-default-executor-10] INFO  impl.FollowerInfo (FollowerInfo.java:lambda$new$0(51)) - 2bbaf9bb-8e76-4f1f-bdc5-57695e12be87@group-005B10147705->4a946cc1-50b2-4a30-83de-5133ac6d0240: nextIndex: updateUnconditionally 17 -> 16
2019-09-28 06:43:47,284 [grpc-default-executor-9] INFO  impl.FollowerInfo (FollowerInfo.java:lambda$new$0(51)) - 2bbaf9bb-8e76-4f1f-bdc5-57695e12be87@group-005B10147705->90867d91-fc5b-4720-98ce-e5bb7192dd8f: nextIndex: updateUnconditionally 17 -> 16
2019-09-28 06:43:47,314 [2bbaf9bb-8e76-4f1f-bdc5-57695e12be87@group-005B10147705-StateMachineUpdater] INFO  ratis.ContainerStateMachine (ContainerStateMachine.java:takeSnapshot(300)) - group-005B10147705: Finished taking a snapshot at:(t:1, i:14) file:/workdir/hadoop-ozone/integration-test/target/test-dir/MiniOzoneClusterImpl-5ef598d8-4f4c-4550-8452-dcb673683f2c/datanode-1/data/ratis/43083847-e59b-4eb8-a37d-005b10147705/sm/snapshot.1_14 time:32
2019-09-28 06:43:47,314 [2bbaf9bb-8e76-4f1f-bdc5-57695e12be87@group-005B10147705-StateMachineUpdater] INFO  impl.StateMachineUpdater (StateMachineUpdater.java:takeSnapshot(258)) - 2bbaf9bb-8e76-4f1f-bdc5-57695e12be87@group-005B10147705-StateMachineUpdater: Took a snapshot at index 14
2019-09-28 06:43:47,315 [2bbaf9bb-8e76-4f1f-bdc5-57695e12be87@group-005B10147705-StateMachineUpdater] INFO  impl.StateMachineUpdater (StateMachineUpdater.java:lambda$new$0(83)) - 2bbaf9bb-8e76-4f1f-bdc5-57695e12be87@group-005B10147705-StateMachineUpdater: snapshotIndex: updateIncreasingly -1 -> 14
2019-09-28 06:43:47,315 [2bbaf9bb-8e76-4f1f-bdc5-57695e12be87@group-005B10147705-StateMachineUpdater] INFO  ratis.ContainerStateMachine (ContainerStateMachine.java:takeSnapshot(289)) - group-005B10147705: Taking a snapshot at:(t:1, i:14) file /workdir/hadoop-ozone/integration-test/target/test-dir/MiniOzoneClusterImpl-5ef598d8-4f4c-4550-8452-dcb673683f2c/datanode-1/data/ratis/43083847-e59b-4eb8-a37d-005b10147705/sm/snapshot.1_14
2019-09-28 06:43:47,339 [2bbaf9bb-8e76-4f1f-bdc5-57695e12be87@group-005B10147705-StateMachineUpdater] INFO  ratis.ContainerStateMachine (ContainerStateMachine.java:takeSnapshot(300)) - group-005B10147705: Finished taking a snapshot at:(t:1, i:14) file:/workdir/hadoop-ozone/integration-test/target/test-dir/MiniOzoneClusterImpl-5ef598d8-4f4c-4550-8452-dcb673683f2c/datanode-1/data/ratis/43083847-e59b-4eb8-a37d-005b10147705/sm/snapshot.1_14 time:24
2019-09-28 06:43:47,339 [2bbaf9bb-8e76-4f1f-bdc5-57695e12be87@group-005B10147705-StateMachineUpdater] INFO  impl.StateMachineUpdater (StateMachineUpdater.java:takeSnapshot(258)) - 2bbaf9bb-8e76-4f1f-bdc5-57695e12be87@group-005B10147705-StateMachineUpdater: Took a snapshot at index 14
2019-09-28 06:43:47,340 [2bbaf9bb-8e76-4f1f-bdc5-57695e12be87@group-005B10147705-StateMachineUpdater] INFO  impl.StateMachineUpdater (StateMachineUpdater.java:lambda$new$0(83)) - 2bbaf9bb-8e76-4f1f-bdc5-57695e12be87@group-005B10147705-StateMachineUpdater: snapshotIndex: updateIncreasingly 14 -> 14
2019-09-28 06:43:47,340 [main] INFO  impl.RaftServerImpl (ServerState.java:close(385)) - 2bbaf9bb-8e76-4f1f-bdc5-57695e12be87@group-005B10147705: closes. applyIndex: 16
2019-09-28 06:43:47,340 [2bbaf9bb-8e76-4f1f-bdc5-57695e12be87@group-005B10147705-SegmentedRaftLogWorker] INFO  segmented.SegmentedRaftLogWorker (SegmentedRaftLogWorker.java:run(313)) - 2bbaf9bb-8e76-4f1f-bdc5-57695e12be87@group-005B10147705-SegmentedRaftLogWorker was interrupted, exiting. There are 0 tasks remaining in the queue.
2019-09-28 06:43:47,344 [main] INFO  segmented.SegmentedRaftLogWorker (SegmentedRaftLogWorker.java:close(228)) - 2bbaf9bb-8e76-4f1f-bdc5-57695e12be87@group-005B10147705-SegmentedRaftLogWorker close()
2019-09-28 06:43:47,348 [main] INFO  impl.RaftServerImpl (RaftServerImpl.java:lambda$shutdown$3(251)) - 2bbaf9bb-8e76-4f1f-bdc5-57695e12be87@group-7E8583D3D4A0: shutdown
2019-09-28 06:43:47,348 [main] INFO  util.JmxRegister (JmxRegister.java:unregister(73)) - Successfully un-registered JMX Bean with object name Ratis:service=RaftServer,group=group-7E8583D3D4A0,id=2bbaf9bb-8e76-4f1f-bdc5-57695e12be87
2019-09-28 06:43:47,348 [main] INFO  impl.RoleInfo (RoleInfo.java:shutdownLeaderState(104)) - 2bbaf9bb-8e76-4f1f-bdc5-57695e12be87: shutdown LeaderState
2019-09-28 06:43:47,348 [main] INFO  impl.PendingRequests (PendingRequests.java:sendNotLeaderResponses(202)) - 2bbaf9bb-8e76-4f1f-bdc5-57695e12be87-PendingRequests: sendNotLeaderResponses
2019-09-28 06:43:47,349 [main] INFO  impl.StateMachineUpdater (StateMachineUpdater.java:stopAndJoin(125)) - 2bbaf9bb-8e76-4f1f-bdc5-57695e12be87@group-7E8583D3D4A0-StateMachineUpdater: set stopIndex = 0
2019-09-28 06:43:47,349 [main] INFO  impl.RaftServerImpl (ServerState.java:close(385)) - 2bbaf9bb-8e76-4f1f-bdc5-57695e12be87@group-7E8583D3D4A0: closes. applyIndex: 0
2019-09-28 06:43:47,350 [2bbaf9bb-8e76-4f1f-bdc5-57695e12be87@group-7E8583D3D4A0-SegmentedRaftLogWorker] INFO  segmented.SegmentedRaftLogWorker (SegmentedRaftLogWorker.java:run(313)) - 2bbaf9bb-8e76-4f1f-bdc5-57695e12be87@group-7E8583D3D4A0-SegmentedRaftLogWorker was interrupted, exiting. There are 0 tasks remaining in the queue.
2019-09-28 06:43:47,351 [main] INFO  segmented.SegmentedRaftLogWorker (SegmentedRaftLogWorker.java:close(228)) - 2bbaf9bb-8e76-4f1f-bdc5-57695e12be87@group-7E8583D3D4A0-SegmentedRaftLogWorker close()
2019-09-28 06:43:47,355 [main] INFO  server.GrpcService (GrpcService.java:closeImpl(164)) - 2bbaf9bb-8e76-4f1f-bdc5-57695e12be87: shutdown server with port 38489 now
2019-09-28 06:43:47,356 [grpc-default-executor-10] WARN  client.GrpcClientProtocolService (LogUtils.java:warn(134)) - 4-UnorderedRequestStreamObserver4: onError: org.apache.ratis.thirdparty.io.grpc.StatusRuntimeException: CANCELLED: cancelled before receiving half close
2019-09-28 06:43:47,356 [main] INFO  server.GrpcService (GrpcService.java:closeImpl(172)) - 2bbaf9bb-8e76-4f1f-bdc5-57695e12be87: shutdown server with port 38489 successfully
2019-09-28 06:43:47,358 [refreshUsed-/workdir/hadoop-ozone/integration-test/target/test-dir/MiniOzoneClusterImpl-5ef598d8-4f4c-4550-8452-dcb673683f2c/datanode-1/data/containers] WARN  fs.CachingGetSpaceUsed (CachingGetSpaceUsed.java:run(183)) - Thread Interrupted waiting to refresh disk information: sleep interrupted
2019-09-28 06:43:47,370 [main] INFO  utils.BackgroundService (BackgroundService.java:shutdown(148)) - Shutting down service BlockDeletingService
2019-09-28 06:43:47,376 [main] INFO  statemachine.DatanodeStateMachine (DatanodeStateMachine.java:stopDaemon(395)) - Ozone container server stopped.
2019-09-28 06:43:47,377 [main] INFO  handler.ContextHandler (ContextHandler.java:doStop(910)) - Stopped o.e.j.w.WebAppContext@2484dbb7{/,null,UNAVAILABLE}{/hddsDatanode}
2019-09-28 06:43:47,378 [main] INFO  server.AbstractConnector (AbstractConnector.java:doStop(318)) - Stopped ServerConnector@111cba40{HTTP/1.1,[http/1.1]}{0.0.0.0:0}
2019-09-28 06:43:47,378 [main] INFO  handler.ContextHandler (ContextHandler.java:doStop(910)) - Stopped o.e.j.s.ServletContextHandler@571a663c{/static,jar:file:/home/user/.m2/repository/org/apache/hadoop/hadoop-hdds-container-service/0.5.0-SNAPSHOT/hadoop-hdds-container-service-0.5.0-SNAPSHOT.jar!/webapps/static,UNAVAILABLE}
2019-09-28 06:43:47,379 [main] INFO  handler.ContextHandler (ContextHandler.java:doStop(910)) - Stopped o.e.j.s.ServletContextHandler@78b03788{/logs,file:///workdir/hadoop-ozone/integration-test/target/log,UNAVAILABLE}
2019-09-28 06:43:56,511 [Thread-3138] INFO  impl.FollowerState (FollowerState.java:run(106)) - 90867d91-fc5b-4720-98ce-e5bb7192dd8f:group-005B10147705 changes to CANDIDATE, lastRpcTime:9242, electionTimeout:5193ms
2019-09-28 06:43:56,512 [Thread-3138] INFO  impl.RoleInfo (RoleInfo.java:shutdownFollowerState(121)) - 90867d91-fc5b-4720-98ce-e5bb7192dd8f: shutdown FollowerState
2019-09-28 06:43:56,512 [Thread-3138] INFO  impl.RaftServerImpl (RaftServerImpl.java:setRole(174)) - 90867d91-fc5b-4720-98ce-e5bb7192dd8f@group-005B10147705: changes role from  FOLLOWER to CANDIDATE at term 1 for changeToCandidate
2019-09-28 06:43:56,512 [Thread-3138] INFO  impl.RoleInfo (RoleInfo.java:updateAndGet(143)) - 90867d91-fc5b-4720-98ce-e5bb7192dd8f: start LeaderElection
2019-09-28 06:43:56,519 [90867d91-fc5b-4720-98ce-e5bb7192dd8f@group-005B10147705:LeaderElection82] INFO  impl.RaftServerImpl (ServerState.java:setLeader(253)) - 90867d91-fc5b-4720-98ce-e5bb7192dd8f@group-005B10147705: change Leader from 2bbaf9bb-8e76-4f1f-bdc5-57695e12be87 to null at term 1 for initElection
2019-09-28 06:43:56,544 [Thread-3147] INFO  impl.FollowerState (FollowerState.java:run(106)) - 4a946cc1-50b2-4a30-83de-5133ac6d0240:group-005B10147705 changes to CANDIDATE, lastRpcTime:9275, electionTimeout:5167ms
2019-09-28 06:43:56,544 [Thread-3147] INFO  impl.RoleInfo (RoleInfo.java:shutdownFollowerState(121)) - 4a946cc1-50b2-4a30-83de-5133ac6d0240: shutdown FollowerState
2019-09-28 06:43:56,544 [Thread-3147] INFO  impl.RaftServerImpl (RaftServerImpl.java:setRole(174)) - 4a946cc1-50b2-4a30-83de-5133ac6d0240@group-005B10147705: changes role from  FOLLOWER to CANDIDATE at term 1 for changeToCandidate
2019-09-28 06:43:56,544 [Thread-3147] INFO  impl.RoleInfo (RoleInfo.java:updateAndGet(143)) - 4a946cc1-50b2-4a30-83de-5133ac6d0240: start LeaderElection
2019-09-28 06:43:56,547 [4a946cc1-50b2-4a30-83de-5133ac6d0240@group-005B10147705:LeaderElection83] INFO  impl.RaftServerImpl (ServerState.java:setLeader(253)) - 4a946cc1-50b2-4a30-83de-5133ac6d0240@group-005B10147705: change Leader from 2bbaf9bb-8e76-4f1f-bdc5-57695e12be87 to null at term 1 for initElection
2019-09-28 06:43:56,627 [4a946cc1-50b2-4a30-83de-5133ac6d0240@group-005B10147705:LeaderElection83] INFO  impl.LeaderElection (LeaderElection.java:askForVotes(182)) - 4a946cc1-50b2-4a30-83de-5133ac6d0240@group-005B10147705:LeaderElection83: begin an election at term 2 for 0: [90867d91-fc5b-4720-98ce-e5bb7192dd8f:192.168.30.10:35346, 2bbaf9bb-8e76-4f1f-bdc5-57695e12be87:192.168.30.10:38489, 4a946cc1-50b2-4a30-83de-5133ac6d0240:192.168.30.10:44959], old=null
2019-09-28 06:43:56,627 [90867d91-fc5b-4720-98ce-e5bb7192dd8f@group-005B10147705:LeaderElection82] INFO  impl.LeaderElection (LeaderElection.java:askForVotes(182)) - 90867d91-fc5b-4720-98ce-e5bb7192dd8f@group-005B10147705:LeaderElection82: begin an election at term 2 for 0: [90867d91-fc5b-4720-98ce-e5bb7192dd8f:192.168.30.10:35346, 2bbaf9bb-8e76-4f1f-bdc5-57695e12be87:192.168.30.10:38489, 4a946cc1-50b2-4a30-83de-5133ac6d0240:192.168.30.10:44959], old=null
2019-09-28 06:43:56,630 [4a946cc1-50b2-4a30-83de-5133ac6d0240@group-005B10147705:LeaderElection83] INFO  impl.LeaderElection (LogUtils.java:infoOrTrace(149)) - 4a946cc1-50b2-4a30-83de-5133ac6d0240@group-005B10147705:LeaderElection83 got exception when requesting votes: {}
java.util.concurrent.ExecutionException: org.apache.ratis.thirdparty.io.grpc.StatusRuntimeException: UNAVAILABLE: io exception
	at java.util.concurrent.FutureTask.report(FutureTask.java:122)
	at java.util.concurrent.FutureTask.get(FutureTask.java:192)
	at org.apache.ratis.server.impl.LeaderElection.waitForResults(LeaderElection.java:263)
	at org.apache.ratis.server.impl.LeaderElection.askForVotes(LeaderElection.java:201)
	at org.apache.ratis.server.impl.LeaderElection.run(LeaderElection.java:133)
	at java.lang.Thread.run(Thread.java:748)
Caused by: org.apache.ratis.thirdparty.io.grpc.StatusRuntimeException: UNAVAILABLE: io exception
	at org.apache.ratis.thirdparty.io.grpc.stub.ClientCalls.toStatusRuntimeException(ClientCalls.java:233)
	at org.apache.ratis.thirdparty.io.grpc.stub.ClientCalls.getUnchecked(ClientCalls.java:214)
	at org.apache.ratis.thirdparty.io.grpc.stub.ClientCalls.blockingUnaryCall(ClientCalls.java:139)
	at org.apache.ratis.proto.grpc.RaftServerProtocolServiceGrpc$RaftServerProtocolServiceBlockingStub.requestVote(RaftServerProtocolServiceGrpc.java:265)
	at org.apache.ratis.grpc.server.GrpcServerProtocolClient.requestVote(GrpcServerProtocolClient.java:90)
	at org.apache.ratis.grpc.server.GrpcService.requestVote(GrpcService.java:204)
	at org.apache.ratis.server.impl.LeaderElection.lambda$submitRequests$1(LeaderElection.java:238)
	at java.util.concurrent.FutureTask.run(FutureTask.java:266)
	at java.util.concurrent.Executors$RunnableAdapter.call(Executors.java:511)
	at java.util.concurrent.FutureTask.run(FutureTask.java:266)
	at java.util.concurrent.ThreadPoolExecutor.runWorker(ThreadPoolExecutor.java:1149)
	at java.util.concurrent.ThreadPoolExecutor$Worker.run(ThreadPoolExecutor.java:624)
	... 1 more
Caused by: org.apache.ratis.thirdparty.io.netty.channel.AbstractChannel$AnnotatedConnectException: Connection refused: /192.168.30.10:38489
	at sun.nio.ch.SocketChannelImpl.checkConnect(Native Method)
	at sun.nio.ch.SocketChannelImpl.finishConnect(SocketChannelImpl.java:717)
	at org.apache.ratis.thirdparty.io.netty.channel.socket.nio.NioSocketChannel.doFinishConnect(NioSocketChannel.java:327)
	at org.apache.ratis.thirdparty.io.netty.channel.nio.AbstractNioChannel$AbstractNioUnsafe.finishConnect(AbstractNioChannel.java:340)
	at org.apache.ratis.thirdparty.io.netty.channel.nio.NioEventLoop.processSelectedKey(NioEventLoop.java:632)
	at org.apache.ratis.thirdparty.io.netty.channel.nio.NioEventLoop.processSelectedKeysOptimized(NioEventLoop.java:579)
	at org.apache.ratis.thirdparty.io.netty.channel.nio.NioEventLoop.processSelectedKeys(NioEventLoop.java:496)
	at org.apache.ratis.thirdparty.io.netty.channel.nio.NioEventLoop.run(NioEventLoop.java:458)
	at org.apache.ratis.thirdparty.io.netty.util.concurrent.SingleThreadEventExecutor$5.run(SingleThreadEventExecutor.java:897)
	at org.apache.ratis.thirdparty.io.netty.util.concurrent.FastThreadLocalRunnable.run(FastThreadLocalRunnable.java:30)
	... 1 more
Caused by: java.net.ConnectException: Connection refused
	... 11 more
2019-09-28 06:43:56,630 [90867d91-fc5b-4720-98ce-e5bb7192dd8f@group-005B10147705:LeaderElection82] INFO  impl.LeaderElection (LogUtils.java:infoOrTrace(149)) - 90867d91-fc5b-4720-98ce-e5bb7192dd8f@group-005B10147705:LeaderElection82 got exception when requesting votes: {}
java.util.concurrent.ExecutionException: org.apache.ratis.thirdparty.io.grpc.StatusRuntimeException: UNAVAILABLE: io exception
	at java.util.concurrent.FutureTask.report(FutureTask.java:122)
	at java.util.concurrent.FutureTask.get(FutureTask.java:192)
	at org.apache.ratis.server.impl.LeaderElection.waitForResults(LeaderElection.java:263)
	at org.apache.ratis.server.impl.LeaderElection.askForVotes(LeaderElection.java:201)
	at org.apache.ratis.server.impl.LeaderElection.run(LeaderElection.java:133)
	at java.lang.Thread.run(Thread.java:748)
Caused by: org.apache.ratis.thirdparty.io.grpc.StatusRuntimeException: UNAVAILABLE: io exception
	at org.apache.ratis.thirdparty.io.grpc.stub.ClientCalls.toStatusRuntimeException(ClientCalls.java:233)
	at org.apache.ratis.thirdparty.io.grpc.stub.ClientCalls.getUnchecked(ClientCalls.java:214)
	at org.apache.ratis.thirdparty.io.grpc.stub.ClientCalls.blockingUnaryCall(ClientCalls.java:139)
	at org.apache.ratis.proto.grpc.RaftServerProtocolServiceGrpc$RaftServerProtocolServiceBlockingStub.requestVote(RaftServerProtocolServiceGrpc.java:265)
	at org.apache.ratis.grpc.server.GrpcServerProtocolClient.requestVote(GrpcServerProtocolClient.java:90)
	at org.apache.ratis.grpc.server.GrpcService.requestVote(GrpcService.java:204)
	at org.apache.ratis.server.impl.LeaderElection.lambda$submitRequests$1(LeaderElection.java:238)
	at java.util.concurrent.FutureTask.run(FutureTask.java:266)
	at java.util.concurrent.Executors$RunnableAdapter.call(Executors.java:511)
	at java.util.concurrent.FutureTask.run(FutureTask.java:266)
	at java.util.concurrent.ThreadPoolExecutor.runWorker(ThreadPoolExecutor.java:1149)
	at java.util.concurrent.ThreadPoolExecutor$Worker.run(ThreadPoolExecutor.java:624)
	... 1 more
Caused by: org.apache.ratis.thirdparty.io.netty.channel.AbstractChannel$AnnotatedConnectException: Connection refused: /192.168.30.10:38489
	at sun.nio.ch.SocketChannelImpl.checkConnect(Native Method)
	at sun.nio.ch.SocketChannelImpl.finishConnect(SocketChannelImpl.java:717)
	at org.apache.ratis.thirdparty.io.netty.channel.socket.nio.NioSocketChannel.doFinishConnect(NioSocketChannel.java:327)
	at org.apache.ratis.thirdparty.io.netty.channel.nio.AbstractNioChannel$AbstractNioUnsafe.finishConnect(AbstractNioChannel.java:340)
	at org.apache.ratis.thirdparty.io.netty.channel.nio.NioEventLoop.processSelectedKey(NioEventLoop.java:632)
	at org.apache.ratis.thirdparty.io.netty.channel.nio.NioEventLoop.processSelectedKeysOptimized(NioEventLoop.java:579)
	at org.apache.ratis.thirdparty.io.netty.channel.nio.NioEventLoop.processSelectedKeys(NioEventLoop.java:496)
	at org.apache.ratis.thirdparty.io.netty.channel.nio.NioEventLoop.run(NioEventLoop.java:458)
	at org.apache.ratis.thirdparty.io.netty.util.concurrent.SingleThreadEventExecutor$5.run(SingleThreadEventExecutor.java:897)
	at org.apache.ratis.thirdparty.io.netty.util.concurrent.FastThreadLocalRunnable.run(FastThreadLocalRunnable.java:30)
	... 1 more
Caused by: java.net.ConnectException: Connection refused
	... 11 more
2019-09-28 06:43:56,636 [4a946cc1-50b2-4a30-83de-5133ac6d0240@group-005B10147705:LeaderElection83] INFO  impl.LeaderElection (LeaderElection.java:logAndReturn(56)) - 4a946cc1-50b2-4a30-83de-5133ac6d0240@group-005B10147705:LeaderElection83: Election REJECTED; received 1 response(s) [4a946cc1-50b2-4a30-83de-5133ac6d0240<-90867d91-fc5b-4720-98ce-e5bb7192dd8f#0:FAIL-t2] and 1 exception(s); 4a946cc1-50b2-4a30-83de-5133ac6d0240@group-005B10147705:t2, leader=null, voted=4a946cc1-50b2-4a30-83de-5133ac6d0240, raftlog=4a946cc1-50b2-4a30-83de-5133ac6d0240@group-005B10147705-SegmentedRaftLog:OPENED:c16,f16,i16, conf=0: [90867d91-fc5b-4720-98ce-e5bb7192dd8f:192.168.30.10:35346, 2bbaf9bb-8e76-4f1f-bdc5-57695e12be87:192.168.30.10:38489, 4a946cc1-50b2-4a30-83de-5133ac6d0240:192.168.30.10:44959], old=null
2019-09-28 06:43:56,637 [90867d91-fc5b-4720-98ce-e5bb7192dd8f@group-005B10147705:LeaderElection82] INFO  impl.LeaderElection (LeaderElection.java:logAndReturn(56)) - 90867d91-fc5b-4720-98ce-e5bb7192dd8f@group-005B10147705:LeaderElection82: Election REJECTED; received 1 response(s) [90867d91-fc5b-4720-98ce-e5bb7192dd8f<-4a946cc1-50b2-4a30-83de-5133ac6d0240#0:FAIL-t2] and 1 exception(s); 90867d91-fc5b-4720-98ce-e5bb7192dd8f@group-005B10147705:t2, leader=null, voted=90867d91-fc5b-4720-98ce-e5bb7192dd8f, raftlog=90867d91-fc5b-4720-98ce-e5bb7192dd8f@group-005B10147705-SegmentedRaftLog:OPENED:c16,f16,i16, conf=0: [90867d91-fc5b-4720-98ce-e5bb7192dd8f:192.168.30.10:35346, 2bbaf9bb-8e76-4f1f-bdc5-57695e12be87:192.168.30.10:38489, 4a946cc1-50b2-4a30-83de-5133ac6d0240:192.168.30.10:44959], old=null
2019-09-28 06:43:56,637 [4a946cc1-50b2-4a30-83de-5133ac6d0240@group-005B10147705:LeaderElection83] INFO  impl.LeaderElection (LogUtils.java:infoOrTrace(149)) -   Exception 0: {}
java.util.concurrent.ExecutionException: org.apache.ratis.thirdparty.io.grpc.StatusRuntimeException: UNAVAILABLE: io exception
	at java.util.concurrent.FutureTask.report(FutureTask.java:122)
	at java.util.concurrent.FutureTask.get(FutureTask.java:192)
	at org.apache.ratis.server.impl.LeaderElection.waitForResults(LeaderElection.java:263)
	at org.apache.ratis.server.impl.LeaderElection.askForVotes(LeaderElection.java:201)
	at org.apache.ratis.server.impl.LeaderElection.run(LeaderElection.java:133)
	at java.lang.Thread.run(Thread.java:748)
Caused by: org.apache.ratis.thirdparty.io.grpc.StatusRuntimeException: UNAVAILABLE: io exception
	at org.apache.ratis.thirdparty.io.grpc.stub.ClientCalls.toStatusRuntimeException(ClientCalls.java:233)
	at org.apache.ratis.thirdparty.io.grpc.stub.ClientCalls.getUnchecked(ClientCalls.java:214)
	at org.apache.ratis.thirdparty.io.grpc.stub.ClientCalls.blockingUnaryCall(ClientCalls.java:139)
	at org.apache.ratis.proto.grpc.RaftServerProtocolServiceGrpc$RaftServerProtocolServiceBlockingStub.requestVote(RaftServerProtocolServiceGrpc.java:265)
	at org.apache.ratis.grpc.server.GrpcServerProtocolClient.requestVote(GrpcServerProtocolClient.java:90)
	at org.apache.ratis.grpc.server.GrpcService.requestVote(GrpcService.java:204)
	at org.apache.ratis.server.impl.LeaderElection.lambda$submitRequests$1(LeaderElection.java:238)
	at java.util.concurrent.FutureTask.run(FutureTask.java:266)
	at java.util.concurrent.Executors$RunnableAdapter.call(Executors.java:511)
	at java.util.concurrent.FutureTask.run(FutureTask.java:266)
	at java.util.concurrent.ThreadPoolExecutor.runWorker(ThreadPoolExecutor.java:1149)
	at java.util.concurrent.ThreadPoolExecutor$Worker.run(ThreadPoolExecutor.java:624)
	... 1 more
Caused by: org.apache.ratis.thirdparty.io.netty.channel.AbstractChannel$AnnotatedConnectException: Connection refused: /192.168.30.10:38489
	at sun.nio.ch.SocketChannelImpl.checkConnect(Native Method)
	at sun.nio.ch.SocketChannelImpl.finishConnect(SocketChannelImpl.java:717)
	at org.apache.ratis.thirdparty.io.netty.channel.socket.nio.NioSocketChannel.doFinishConnect(NioSocketChannel.java:327)
	at org.apache.ratis.thirdparty.io.netty.channel.nio.AbstractNioChannel$AbstractNioUnsafe.finishConnect(AbstractNioChannel.java:340)
	at org.apache.ratis.thirdparty.io.netty.channel.nio.NioEventLoop.processSelectedKey(NioEventLoop.java:632)
	at org.apache.ratis.thirdparty.io.netty.channel.nio.NioEventLoop.processSelectedKeysOptimized(NioEventLoop.java:579)
	at org.apache.ratis.thirdparty.io.netty.channel.nio.NioEventLoop.processSelectedKeys(NioEventLoop.java:496)
	at org.apache.ratis.thirdparty.io.netty.channel.nio.NioEventLoop.run(NioEventLoop.java:458)
	at org.apache.ratis.thirdparty.io.netty.util.concurrent.SingleThreadEventExecutor$5.run(SingleThreadEventExecutor.java:897)
	at org.apache.ratis.thirdparty.io.netty.util.concurrent.FastThreadLocalRunnable.run(FastThreadLocalRunnable.java:30)
	... 1 more
Caused by: java.net.ConnectException: Connection refused
	... 11 more
2019-09-28 06:43:56,637 [90867d91-fc5b-4720-98ce-e5bb7192dd8f@group-005B10147705:LeaderElection82] INFO  impl.LeaderElection (LogUtils.java:infoOrTrace(149)) -   Exception 0: {}
java.util.concurrent.ExecutionException: org.apache.ratis.thirdparty.io.grpc.StatusRuntimeException: UNAVAILABLE: io exception
	at java.util.concurrent.FutureTask.report(FutureTask.java:122)
	at java.util.concurrent.FutureTask.get(FutureTask.java:192)
	at org.apache.ratis.server.impl.LeaderElection.waitForResults(LeaderElection.java:263)
	at org.apache.ratis.server.impl.LeaderElection.askForVotes(LeaderElection.java:201)
	at org.apache.ratis.server.impl.LeaderElection.run(LeaderElection.java:133)
	at java.lang.Thread.run(Thread.java:748)
Caused by: org.apache.ratis.thirdparty.io.grpc.StatusRuntimeException: UNAVAILABLE: io exception
	at org.apache.ratis.thirdparty.io.grpc.stub.ClientCalls.toStatusRuntimeException(ClientCalls.java:233)
	at org.apache.ratis.thirdparty.io.grpc.stub.ClientCalls.getUnchecked(ClientCalls.java:214)
	at org.apache.ratis.thirdparty.io.grpc.stub.ClientCalls.blockingUnaryCall(ClientCalls.java:139)
	at org.apache.ratis.proto.grpc.RaftServerProtocolServiceGrpc$RaftServerProtocolServiceBlockingStub.requestVote(RaftServerProtocolServiceGrpc.java:265)
	at org.apache.ratis.grpc.server.GrpcServerProtocolClient.requestVote(GrpcServerProtocolClient.java:90)
	at org.apache.ratis.grpc.server.GrpcService.requestVote(GrpcService.java:204)
	at org.apache.ratis.server.impl.LeaderElection.lambda$submitRequests$1(LeaderElection.java:238)
	at java.util.concurrent.FutureTask.run(FutureTask.java:266)
	at java.util.concurrent.Executors$RunnableAdapter.call(Executors.java:511)
	at java.util.concurrent.FutureTask.run(FutureTask.java:266)
	at java.util.concurrent.ThreadPoolExecutor.runWorker(ThreadPoolExecutor.java:1149)
	at java.util.concurrent.ThreadPoolExecutor$Worker.run(ThreadPoolExecutor.java:624)
	... 1 more
Caused by: org.apache.ratis.thirdparty.io.netty.channel.AbstractChannel$AnnotatedConnectException: Connection refused: /192.168.30.10:38489
	at sun.nio.ch.SocketChannelImpl.checkConnect(Native Method)
	at sun.nio.ch.SocketChannelImpl.finishConnect(SocketChannelImpl.java:717)
	at org.apache.ratis.thirdparty.io.netty.channel.socket.nio.NioSocketChannel.doFinishConnect(NioSocketChannel.java:327)
	at org.apache.ratis.thirdparty.io.netty.channel.nio.AbstractNioChannel$AbstractNioUnsafe.finishConnect(AbstractNioChannel.java:340)
	at org.apache.ratis.thirdparty.io.netty.channel.nio.NioEventLoop.processSelectedKey(NioEventLoop.java:632)
	at org.apache.ratis.thirdparty.io.netty.channel.nio.NioEventLoop.processSelectedKeysOptimized(NioEventLoop.java:579)
	at org.apache.ratis.thirdparty.io.netty.channel.nio.NioEventLoop.processSelectedKeys(NioEventLoop.java:496)
	at org.apache.ratis.thirdparty.io.netty.channel.nio.NioEventLoop.run(NioEventLoop.java:458)
	at org.apache.ratis.thirdparty.io.netty.util.concurrent.SingleThreadEventExecutor$5.run(SingleThreadEventExecutor.java:897)
	at org.apache.ratis.thirdparty.io.netty.util.concurrent.FastThreadLocalRunnable.run(FastThreadLocalRunnable.java:30)
	... 1 more
Caused by: java.net.ConnectException: Connection refused
	... 11 more
2019-09-28 06:43:56,639 [4a946cc1-50b2-4a30-83de-5133ac6d0240@group-005B10147705:LeaderElection83] INFO  impl.RaftServerImpl (RaftServerImpl.java:setRole(174)) - 4a946cc1-50b2-4a30-83de-5133ac6d0240@group-005B10147705: changes role from CANDIDATE to FOLLOWER at term 2 for DISCOVERED_A_NEW_TERM
2019-09-28 06:43:56,641 [90867d91-fc5b-4720-98ce-e5bb7192dd8f@group-005B10147705:LeaderElection82] INFO  impl.RaftServerImpl (RaftServerImpl.java:setRole(174)) - 90867d91-fc5b-4720-98ce-e5bb7192dd8f@group-005B10147705: changes role from CANDIDATE to FOLLOWER at term 2 for DISCOVERED_A_NEW_TERM
2019-09-28 06:43:56,641 [4a946cc1-50b2-4a30-83de-5133ac6d0240@group-005B10147705:LeaderElection83] INFO  impl.RoleInfo (RoleInfo.java:shutdownLeaderElection(134)) - 4a946cc1-50b2-4a30-83de-5133ac6d0240: shutdown LeaderElection
2019-09-28 06:43:56,641 [90867d91-fc5b-4720-98ce-e5bb7192dd8f@group-005B10147705:LeaderElection82] INFO  impl.RoleInfo (RoleInfo.java:shutdownLeaderElection(134)) - 90867d91-fc5b-4720-98ce-e5bb7192dd8f: shutdown LeaderElection
2019-09-28 06:43:56,641 [4a946cc1-50b2-4a30-83de-5133ac6d0240@group-005B10147705:LeaderElection83] INFO  impl.RoleInfo (RoleInfo.java:updateAndGet(143)) - 4a946cc1-50b2-4a30-83de-5133ac6d0240: start FollowerState
2019-09-28 06:43:56,642 [90867d91-fc5b-4720-98ce-e5bb7192dd8f@group-005B10147705:LeaderElection82] INFO  impl.RoleInfo (RoleInfo.java:updateAndGet(143)) - 90867d91-fc5b-4720-98ce-e5bb7192dd8f: start FollowerState
2019-09-28 06:44:01,651 [Thread-3275] INFO  impl.FollowerState (FollowerState.java:run(106)) - 90867d91-fc5b-4720-98ce-e5bb7192dd8f:group-005B10147705 changes to CANDIDATE, lastRpcTime:5008, electionTimeout:5008ms
2019-09-28 06:44:01,652 [Thread-3275] INFO  impl.RoleInfo (RoleInfo.java:shutdownFollowerState(121)) - 90867d91-fc5b-4720-98ce-e5bb7192dd8f: shutdown FollowerState
2019-09-28 06:44:01,652 [Thread-3275] INFO  impl.RaftServerImpl (RaftServerImpl.java:setRole(174)) - 90867d91-fc5b-4720-98ce-e5bb7192dd8f@group-005B10147705: changes role from  FOLLOWER to CANDIDATE at term 2 for changeToCandidate
2019-09-28 06:44:01,653 [Thread-3275] INFO  impl.RoleInfo (RoleInfo.java:updateAndGet(143)) - 90867d91-fc5b-4720-98ce-e5bb7192dd8f: start LeaderElection
2019-09-28 06:44:01,700 [90867d91-fc5b-4720-98ce-e5bb7192dd8f@group-005B10147705:LeaderElection84] INFO  impl.LeaderElection (LeaderElection.java:askForVotes(182)) - 90867d91-fc5b-4720-98ce-e5bb7192dd8f@group-005B10147705:LeaderElection84: begin an election at term 3 for 0: [90867d91-fc5b-4720-98ce-e5bb7192dd8f:192.168.30.10:35346, 2bbaf9bb-8e76-4f1f-bdc5-57695e12be87:192.168.30.10:38489, 4a946cc1-50b2-4a30-83de-5133ac6d0240:192.168.30.10:44959], old=null
2019-09-28 06:44:01,702 [90867d91-fc5b-4720-98ce-e5bb7192dd8f@group-005B10147705:LeaderElection84] INFO  impl.LeaderElection (LogUtils.java:infoOrTrace(149)) - 90867d91-fc5b-4720-98ce-e5bb7192dd8f@group-005B10147705:LeaderElection84 got exception when requesting votes: {}
java.util.concurrent.ExecutionException: org.apache.ratis.thirdparty.io.grpc.StatusRuntimeException: UNAVAILABLE: io exception
	at java.util.concurrent.FutureTask.report(FutureTask.java:122)
	at java.util.concurrent.FutureTask.get(FutureTask.java:192)
	at org.apache.ratis.server.impl.LeaderElection.waitForResults(LeaderElection.java:263)
	at org.apache.ratis.server.impl.LeaderElection.askForVotes(LeaderElection.java:201)
	at org.apache.ratis.server.impl.LeaderElection.run(LeaderElection.java:133)
	at java.lang.Thread.run(Thread.java:748)
Caused by: org.apache.ratis.thirdparty.io.grpc.StatusRuntimeException: UNAVAILABLE: io exception
	at org.apache.ratis.thirdparty.io.grpc.stub.ClientCalls.toStatusRuntimeException(ClientCalls.java:233)
	at org.apache.ratis.thirdparty.io.grpc.stub.ClientCalls.getUnchecked(ClientCalls.java:214)
	at org.apache.ratis.thirdparty.io.grpc.stub.ClientCalls.blockingUnaryCall(ClientCalls.java:139)
	at org.apache.ratis.proto.grpc.RaftServerProtocolServiceGrpc$RaftServerProtocolServiceBlockingStub.requestVote(RaftServerProtocolServiceGrpc.java:265)
	at org.apache.ratis.grpc.server.GrpcServerProtocolClient.requestVote(GrpcServerProtocolClient.java:90)
	at org.apache.ratis.grpc.server.GrpcService.requestVote(GrpcService.java:204)
	at org.apache.ratis.server.impl.LeaderElection.lambda$submitRequests$1(LeaderElection.java:238)
	at java.util.concurrent.FutureTask.run(FutureTask.java:266)
	at java.util.concurrent.Executors$RunnableAdapter.call(Executors.java:511)
	at java.util.concurrent.FutureTask.run(FutureTask.java:266)
	at java.util.concurrent.ThreadPoolExecutor.runWorker(ThreadPoolExecutor.java:1149)
	at java.util.concurrent.ThreadPoolExecutor$Worker.run(ThreadPoolExecutor.java:624)
	... 1 more
Caused by: org.apache.ratis.thirdparty.io.netty.channel.AbstractChannel$AnnotatedConnectException: Connection refused: /192.168.30.10:38489
	at sun.nio.ch.SocketChannelImpl.checkConnect(Native Method)
	at sun.nio.ch.SocketChannelImpl.finishConnect(SocketChannelImpl.java:717)
	at org.apache.ratis.thirdparty.io.netty.channel.socket.nio.NioSocketChannel.doFinishConnect(NioSocketChannel.java:327)
	at org.apache.ratis.thirdparty.io.netty.channel.nio.AbstractNioChannel$AbstractNioUnsafe.finishConnect(AbstractNioChannel.java:340)
	at org.apache.ratis.thirdparty.io.netty.channel.nio.NioEventLoop.processSelectedKey(NioEventLoop.java:632)
	at org.apache.ratis.thirdparty.io.netty.channel.nio.NioEventLoop.processSelectedKeysOptimized(NioEventLoop.java:579)
	at org.apache.ratis.thirdparty.io.netty.channel.nio.NioEventLoop.processSelectedKeys(NioEventLoop.java:496)
	at org.apache.ratis.thirdparty.io.netty.channel.nio.NioEventLoop.run(NioEventLoop.java:458)
	at org.apache.ratis.thirdparty.io.netty.util.concurrent.SingleThreadEventExecutor$5.run(SingleThreadEventExecutor.java:897)
	at org.apache.ratis.thirdparty.io.netty.util.concurrent.FastThreadLocalRunnable.run(FastThreadLocalRunnable.java:30)
	... 1 more
Caused by: java.net.ConnectException: Connection refused
	... 11 more
2019-09-28 06:44:01,707 [grpc-default-executor-9] INFO  impl.RaftServerImpl (RaftServerImpl.java:setRole(174)) - 4a946cc1-50b2-4a30-83de-5133ac6d0240@group-005B10147705: changes role from  FOLLOWER to FOLLOWER at term 3 for recognizeCandidate:90867d91-fc5b-4720-98ce-e5bb7192dd8f
2019-09-28 06:44:01,707 [grpc-default-executor-9] INFO  impl.RoleInfo (RoleInfo.java:shutdownFollowerState(121)) - 4a946cc1-50b2-4a30-83de-5133ac6d0240: shutdown FollowerState
2019-09-28 06:44:01,708 [grpc-default-executor-9] INFO  impl.RoleInfo (RoleInfo.java:updateAndGet(143)) - 4a946cc1-50b2-4a30-83de-5133ac6d0240: start FollowerState
2019-09-28 06:44:01,708 [Thread-3274] INFO  impl.FollowerState (FollowerState.java:run(115)) - 4a946cc1-50b2-4a30-83de-5133ac6d0240: FollowerState was interrupted: java.lang.InterruptedException: sleep interrupted
2019-09-28 06:44:01,726 [90867d91-fc5b-4720-98ce-e5bb7192dd8f@group-005B10147705:LeaderElection84] INFO  impl.LeaderElection (LeaderElection.java:logAndReturn(56)) - 90867d91-fc5b-4720-98ce-e5bb7192dd8f@group-005B10147705:LeaderElection84: Election PASSED; received 1 response(s) [90867d91-fc5b-4720-98ce-e5bb7192dd8f<-4a946cc1-50b2-4a30-83de-5133ac6d0240#0:OK-t3] and 1 exception(s); 90867d91-fc5b-4720-98ce-e5bb7192dd8f@group-005B10147705:t3, leader=null, voted=90867d91-fc5b-4720-98ce-e5bb7192dd8f, raftlog=90867d91-fc5b-4720-98ce-e5bb7192dd8f@group-005B10147705-SegmentedRaftLog:OPENED:c16,f16,i16, conf=0: [90867d91-fc5b-4720-98ce-e5bb7192dd8f:192.168.30.10:35346, 2bbaf9bb-8e76-4f1f-bdc5-57695e12be87:192.168.30.10:38489, 4a946cc1-50b2-4a30-83de-5133ac6d0240:192.168.30.10:44959], old=null
2019-09-28 06:44:01,726 [90867d91-fc5b-4720-98ce-e5bb7192dd8f@group-005B10147705:LeaderElection84] INFO  impl.LeaderElection (LogUtils.java:infoOrTrace(149)) -   Exception 0: {}
java.util.concurrent.ExecutionException: org.apache.ratis.thirdparty.io.grpc.StatusRuntimeException: UNAVAILABLE: io exception
	at java.util.concurrent.FutureTask.report(FutureTask.java:122)
	at java.util.concurrent.FutureTask.get(FutureTask.java:192)
	at org.apache.ratis.server.impl.LeaderElection.waitForResults(LeaderElection.java:263)
	at org.apache.ratis.server.impl.LeaderElection.askForVotes(LeaderElection.java:201)
	at org.apache.ratis.server.impl.LeaderElection.run(LeaderElection.java:133)
	at java.lang.Thread.run(Thread.java:748)
Caused by: org.apache.ratis.thirdparty.io.grpc.StatusRuntimeException: UNAVAILABLE: io exception
	at org.apache.ratis.thirdparty.io.grpc.stub.ClientCalls.toStatusRuntimeException(ClientCalls.java:233)
	at org.apache.ratis.thirdparty.io.grpc.stub.ClientCalls.getUnchecked(ClientCalls.java:214)
	at org.apache.ratis.thirdparty.io.grpc.stub.ClientCalls.blockingUnaryCall(ClientCalls.java:139)
	at org.apache.ratis.proto.grpc.RaftServerProtocolServiceGrpc$RaftServerProtocolServiceBlockingStub.requestVote(RaftServerProtocolServiceGrpc.java:265)
	at org.apache.ratis.grpc.server.GrpcServerProtocolClient.requestVote(GrpcServerProtocolClient.java:90)
	at org.apache.ratis.grpc.server.GrpcService.requestVote(GrpcService.java:204)
	at org.apache.ratis.server.impl.LeaderElection.lambda$submitRequests$1(LeaderElection.java:238)
	at java.util.concurrent.FutureTask.run(FutureTask.java:266)
	at java.util.concurrent.Executors$RunnableAdapter.call(Executors.java:511)
	at java.util.concurrent.FutureTask.run(FutureTask.java:266)
	at java.util.concurrent.ThreadPoolExecutor.runWorker(ThreadPoolExecutor.java:1149)
	at java.util.concurrent.ThreadPoolExecutor$Worker.run(ThreadPoolExecutor.java:624)
	... 1 more
Caused by: org.apache.ratis.thirdparty.io.netty.channel.AbstractChannel$AnnotatedConnectException: Connection refused: /192.168.30.10:38489
	at sun.nio.ch.SocketChannelImpl.checkConnect(Native Method)
	at sun.nio.ch.SocketChannelImpl.finishConnect(SocketChannelImpl.java:717)
	at org.apache.ratis.thirdparty.io.netty.channel.socket.nio.NioSocketChannel.doFinishConnect(NioSocketChannel.java:327)
	at org.apache.ratis.thirdparty.io.netty.channel.nio.AbstractNioChannel$AbstractNioUnsafe.finishConnect(AbstractNioChannel.java:340)
	at org.apache.ratis.thirdparty.io.netty.channel.nio.NioEventLoop.processSelectedKey(NioEventLoop.java:632)
	at org.apache.ratis.thirdparty.io.netty.channel.nio.NioEventLoop.processSelectedKeysOptimized(NioEventLoop.java:579)
	at org.apache.ratis.thirdparty.io.netty.channel.nio.NioEventLoop.processSelectedKeys(NioEventLoop.java:496)
	at org.apache.ratis.thirdparty.io.netty.channel.nio.NioEventLoop.run(NioEventLoop.java:458)
	at org.apache.ratis.thirdparty.io.netty.util.concurrent.SingleThreadEventExecutor$5.run(SingleThreadEventExecutor.java:897)
	at org.apache.ratis.thirdparty.io.netty.util.concurrent.FastThreadLocalRunnable.run(FastThreadLocalRunnable.java:30)
	... 1 more
Caused by: java.net.ConnectException: Connection refused
	... 11 more
2019-09-28 06:44:01,727 [90867d91-fc5b-4720-98ce-e5bb7192dd8f@group-005B10147705:LeaderElection84] INFO  impl.RoleInfo (RoleInfo.java:shutdownLeaderElection(134)) - 90867d91-fc5b-4720-98ce-e5bb7192dd8f: shutdown LeaderElection
2019-09-28 06:44:01,727 [90867d91-fc5b-4720-98ce-e5bb7192dd8f@group-005B10147705:LeaderElection84] INFO  impl.RaftServerImpl (RaftServerImpl.java:setRole(174)) - 90867d91-fc5b-4720-98ce-e5bb7192dd8f@group-005B10147705: changes role from CANDIDATE to LEADER at term 3 for changeToLeader
2019-09-28 06:44:01,727 [90867d91-fc5b-4720-98ce-e5bb7192dd8f@group-005B10147705:LeaderElection84] INFO  impl.RaftServerImpl (ServerState.java:setLeader(253)) - 90867d91-fc5b-4720-98ce-e5bb7192dd8f@group-005B10147705: change Leader from null to 90867d91-fc5b-4720-98ce-e5bb7192dd8f at term 3 for becomeLeader, leader elected after 5208ms
2019-09-28 06:44:01,728 [90867d91-fc5b-4720-98ce-e5bb7192dd8f@group-005B10147705:LeaderElection84] INFO  server.RaftServerConfigKeys (ConfUtils.java:logGet(43)) - raft.server.staging.catchup.gap = 1000 (default)
2019-09-28 06:44:01,728 [90867d91-fc5b-4720-98ce-e5bb7192dd8f@group-005B10147705:LeaderElection84] INFO  server.RaftServerConfigKeys (ConfUtils.java:logGet(43)) - raft.server.rpc.sleep.time = 25ms (default)
2019-09-28 06:44:01,728 [90867d91-fc5b-4720-98ce-e5bb7192dd8f@group-005B10147705:LeaderElection84] INFO  server.RaftServerConfigKeys (ConfUtils.java:logGet(43)) - raft.server.write.element-limit = 4096 (default)
2019-09-28 06:44:01,728 [90867d91-fc5b-4720-98ce-e5bb7192dd8f@group-005B10147705:LeaderElection84] INFO  server.RaftServerConfigKeys (ConfUtils.java:logGet(43)) - raft.server.watch.timeout = 10s (default)
2019-09-28 06:44:01,729 [90867d91-fc5b-4720-98ce-e5bb7192dd8f@group-005B10147705:LeaderElection84] INFO  server.RaftServerConfigKeys (ConfUtils.java:logGet(43)) - raft.server.watch.timeout.denomination = 1s (default)
2019-09-28 06:44:01,729 [90867d91-fc5b-4720-98ce-e5bb7192dd8f@group-005B10147705:LeaderElection84] INFO  server.RaftServerConfigKeys (ConfUtils.java:logGet(43)) - raft.server.watch.element-limit = 65536 (default)
2019-09-28 06:44:01,733 [90867d91-fc5b-4720-98ce-e5bb7192dd8f@group-005B10147705:LeaderElection84] INFO  server.RaftServerConfigKeys (ConfUtils.java:logGet(43)) - raft.server.log.appender.snapshot.chunk.size.max = 16MB (=16777216) (default)
2019-09-28 06:44:01,734 [90867d91-fc5b-4720-98ce-e5bb7192dd8f@group-005B10147705:LeaderElection84] INFO  server.RaftServerConfigKeys (ConfUtils.java:logGet(43)) - raft.server.log.appender.buffer.byte-limit = 33554432 (custom)
2019-09-28 06:44:01,734 [90867d91-fc5b-4720-98ce-e5bb7192dd8f@group-005B10147705:LeaderElection84] INFO  server.RaftServerConfigKeys (ConfUtils.java:logGet(43)) - raft.server.log.appender.buffer.element-limit = 1 (custom)
2019-09-28 06:44:01,734 [90867d91-fc5b-4720-98ce-e5bb7192dd8f@group-005B10147705:LeaderElection84] INFO  grpc.GrpcConfigKeys$Server (ConfUtils.java:logGet(43)) - raft.grpc.server.leader.outstanding.appends.max = 128 (default)
2019-09-28 06:44:01,734 [90867d91-fc5b-4720-98ce-e5bb7192dd8f@group-005B10147705:LeaderElection84] INFO  server.RaftServerConfigKeys (ConfUtils.java:logGet(43)) - raft.server.rpc.request.timeout = 3000ms (default)
2019-09-28 06:44:01,735 [90867d91-fc5b-4720-98ce-e5bb7192dd8f@group-005B10147705:LeaderElection84] INFO  server.RaftServerConfigKeys (ConfUtils.java:logGet(43)) - raft.server.log.appender.install.snapshot.enabled = false (custom)
2019-09-28 06:44:01,735 [90867d91-fc5b-4720-98ce-e5bb7192dd8f@group-005B10147705:LeaderElection84] INFO  server.RaftServerConfigKeys (ConfUtils.java:logGet(43)) - raft.server.log.appender.snapshot.chunk.size.max = 16MB (=16777216) (default)
2019-09-28 06:44:01,735 [90867d91-fc5b-4720-98ce-e5bb7192dd8f@group-005B10147705:LeaderElection84] INFO  server.RaftServerConfigKeys (ConfUtils.java:logGet(43)) - raft.server.log.appender.buffer.byte-limit = 33554432 (custom)
2019-09-28 06:44:01,735 [90867d91-fc5b-4720-98ce-e5bb7192dd8f@group-005B10147705:LeaderElection84] INFO  server.RaftServerConfigKeys (ConfUtils.java:logGet(43)) - raft.server.log.appender.buffer.element-limit = 1 (custom)
2019-09-28 06:44:01,735 [90867d91-fc5b-4720-98ce-e5bb7192dd8f@group-005B10147705:LeaderElection84] INFO  grpc.GrpcConfigKeys$Server (ConfUtils.java:logGet(43)) - raft.grpc.server.leader.outstanding.appends.max = 128 (default)
2019-09-28 06:44:01,736 [90867d91-fc5b-4720-98ce-e5bb7192dd8f@group-005B10147705:LeaderElection84] INFO  server.RaftServerConfigKeys (ConfUtils.java:logGet(43)) - raft.server.rpc.request.timeout = 3000ms (default)
2019-09-28 06:44:01,736 [90867d91-fc5b-4720-98ce-e5bb7192dd8f@group-005B10147705:LeaderElection84] INFO  server.RaftServerConfigKeys (ConfUtils.java:logGet(43)) - raft.server.log.appender.install.snapshot.enabled = false (custom)
2019-09-28 06:44:01,736 [90867d91-fc5b-4720-98ce-e5bb7192dd8f@group-005B10147705:LeaderElection84] INFO  impl.RoleInfo (RoleInfo.java:updateAndGet(143)) - 90867d91-fc5b-4720-98ce-e5bb7192dd8f: start LeaderState
2019-09-28 06:44:01,737 [90867d91-fc5b-4720-98ce-e5bb7192dd8f@group-005B10147705:LeaderElection84] INFO  segmented.SegmentedRaftLogWorker (SegmentedRaftLogWorker.java:rollLogSegment(385)) - 90867d91-fc5b-4720-98ce-e5bb7192dd8f@group-005B10147705-SegmentedRaftLogWorker: Rolling segment log-0_16 to index:16
2019-09-28 06:44:01,738 [90867d91-fc5b-4720-98ce-e5bb7192dd8f@group-005B10147705-SegmentedRaftLogWorker] INFO  segmented.SegmentedRaftLogWorker (SegmentedRaftLogWorker.java:execute(526)) - 90867d91-fc5b-4720-98ce-e5bb7192dd8f@group-005B10147705-SegmentedRaftLogWorker: Rolled log segment from /workdir/hadoop-ozone/integration-test/target/test-dir/MiniOzoneClusterImpl-5ef598d8-4f4c-4550-8452-dcb673683f2c/datanode-0/data/ratis/43083847-e59b-4eb8-a37d-005b10147705/current/log_inprogress_0 to /workdir/hadoop-ozone/integration-test/target/test-dir/MiniOzoneClusterImpl-5ef598d8-4f4c-4550-8452-dcb673683f2c/datanode-0/data/ratis/43083847-e59b-4eb8-a37d-005b10147705/current/log_0-16
2019-09-28 06:44:01,741 [90867d91-fc5b-4720-98ce-e5bb7192dd8f@group-005B10147705:LeaderElection84] INFO  impl.RaftServerImpl (ServerState.java:setRaftConf(354)) - 90867d91-fc5b-4720-98ce-e5bb7192dd8f@group-005B10147705: set configuration 17: [90867d91-fc5b-4720-98ce-e5bb7192dd8f:192.168.30.10:35346, 2bbaf9bb-8e76-4f1f-bdc5-57695e12be87:192.168.30.10:38489, 4a946cc1-50b2-4a30-83de-5133ac6d0240:192.168.30.10:44959], old=null at 17
2019-09-28 06:44:01,742 [grpc-default-executor-9] WARN  server.GrpcLogAppender (LogUtils.java:warn(134)) - 90867d91-fc5b-4720-98ce-e5bb7192dd8f@group-005B10147705->2bbaf9bb-8e76-4f1f-bdc5-57695e12be87-AppendLogResponseHandler: Failed appendEntries: org.apache.ratis.thirdparty.io.grpc.StatusRuntimeException: UNAVAILABLE: io exception
2019-09-28 06:44:01,767 [grpc-default-executor-9] INFO  impl.FollowerInfo (FollowerInfo.java:lambda$new$0(51)) - 90867d91-fc5b-4720-98ce-e5bb7192dd8f@group-005B10147705->2bbaf9bb-8e76-4f1f-bdc5-57695e12be87: nextIndex: updateUnconditionally 17 -> 1
2019-09-28 06:44:01,768 [grpc-default-executor-10] INFO  impl.RaftServerImpl (ServerState.java:setLeader(253)) - 4a946cc1-50b2-4a30-83de-5133ac6d0240@group-005B10147705: change Leader from null to 90867d91-fc5b-4720-98ce-e5bb7192dd8f at term 3 for appendEntries, leader elected after 5220ms
2019-09-28 06:44:01,770 [grpc-default-executor-10] INFO  impl.RaftServerImpl (ServerState.java:setRaftConf(354)) - 4a946cc1-50b2-4a30-83de-5133ac6d0240@group-005B10147705: set configuration 17: [90867d91-fc5b-4720-98ce-e5bb7192dd8f:192.168.30.10:35346, 2bbaf9bb-8e76-4f1f-bdc5-57695e12be87:192.168.30.10:38489, 4a946cc1-50b2-4a30-83de-5133ac6d0240:192.168.30.10:44959], old=null at 17
2019-09-28 06:44:01,770 [grpc-default-executor-10] INFO  segmented.SegmentedRaftLogWorker (SegmentedRaftLogWorker.java:rollLogSegment(385)) - 4a946cc1-50b2-4a30-83de-5133ac6d0240@group-005B10147705-SegmentedRaftLogWorker: Rolling segment log-0_16 to index:16
2019-09-28 06:44:01,776 [4a946cc1-50b2-4a30-83de-5133ac6d0240@group-005B10147705-SegmentedRaftLogWorker] INFO  segmented.SegmentedRaftLogWorker (SegmentedRaftLogWorker.java:execute(526)) - 4a946cc1-50b2-4a30-83de-5133ac6d0240@group-005B10147705-SegmentedRaftLogWorker: Rolled log segment from /workdir/hadoop-ozone/integration-test/target/test-dir/MiniOzoneClusterImpl-5ef598d8-4f4c-4550-8452-dcb673683f2c/datanode-2/data/ratis/43083847-e59b-4eb8-a37d-005b10147705/current/log_inprogress_0 to /workdir/hadoop-ozone/integration-test/target/test-dir/MiniOzoneClusterImpl-5ef598d8-4f4c-4550-8452-dcb673683f2c/datanode-2/data/ratis/43083847-e59b-4eb8-a37d-005b10147705/current/log_0-16
2019-09-28 06:44:01,784 [90867d91-fc5b-4720-98ce-e5bb7192dd8f@group-005B10147705-SegmentedRaftLogWorker] INFO  segmented.SegmentedRaftLogWorker (SegmentedRaftLogWorker.java:execute(569)) - 90867d91-fc5b-4720-98ce-e5bb7192dd8f@group-005B10147705-SegmentedRaftLogWorker: created new log segment /workdir/hadoop-ozone/integration-test/target/test-dir/MiniOzoneClusterImpl-5ef598d8-4f4c-4550-8452-dcb673683f2c/datanode-0/data/ratis/43083847-e59b-4eb8-a37d-005b10147705/current/log_inprogress_17
2019-09-28 06:44:01,835 [4a946cc1-50b2-4a30-83de-5133ac6d0240@group-005B10147705-SegmentedRaftLogWorker] INFO  segmented.SegmentedRaftLogWorker (SegmentedRaftLogWorker.java:execute(569)) - 4a946cc1-50b2-4a30-83de-5133ac6d0240@group-005B10147705-SegmentedRaftLogWorker: created new log segment /workdir/hadoop-ozone/integration-test/target/test-dir/MiniOzoneClusterImpl-5ef598d8-4f4c-4550-8452-dcb673683f2c/datanode-2/data/ratis/43083847-e59b-4eb8-a37d-005b10147705/current/log_inprogress_17
2019-09-28 06:44:01,870 [grpc-default-executor-2] WARN  server.GrpcLogAppender (LogUtils.java:warn(134)) - 90867d91-fc5b-4720-98ce-e5bb7192dd8f@group-005B10147705->2bbaf9bb-8e76-4f1f-bdc5-57695e12be87-AppendLogResponseHandler: Failed appendEntries: org.apache.ratis.thirdparty.io.grpc.StatusRuntimeException: UNAVAILABLE: io exception
2019-09-28 06:44:01,870 [grpc-default-executor-2] INFO  impl.FollowerInfo (FollowerInfo.java:lambda$new$0(51)) - 90867d91-fc5b-4720-98ce-e5bb7192dd8f@group-005B10147705->2bbaf9bb-8e76-4f1f-bdc5-57695e12be87: nextIndex: updateUnconditionally 2 -> 1
2019-09-28 06:44:01,877 [grpc-default-executor-9] WARN  server.GrpcLogAppender (LogUtils.java:warn(134)) - 90867d91-fc5b-4720-98ce-e5bb7192dd8f@group-005B10147705->2bbaf9bb-8e76-4f1f-bdc5-57695e12be87-AppendLogResponseHandler: Failed appendEntries: org.apache.ratis.thirdparty.io.grpc.StatusRuntimeException: UNAVAILABLE: io exception
2019-09-28 06:44:01,877 [grpc-default-executor-9] INFO  impl.FollowerInfo (FollowerInfo.java:lambda$new$0(51)) - 90867d91-fc5b-4720-98ce-e5bb7192dd8f@group-005B10147705->2bbaf9bb-8e76-4f1f-bdc5-57695e12be87: nextIndex: updateUnconditionally 2 -> 1
06:44:02.599 [grpc-default-executor-9] ERROR DNAudit - user=null | ip=null | op=WRITE_CHUNK {blockData=conID: 1 locID: 102868780097863693 bcsId: 14} | ret=FAILURE
org.apache.hadoop.hdds.scm.container.common.helpers.ContainerNotOpenException: Container 1 in CLOSING state
	at org.apache.hadoop.ozone.container.common.impl.HddsDispatcher.validateContainerCommand(HddsDispatcher.java:434) ~[hadoop-hdds-container-service-0.5.0-SNAPSHOT.jar:?]
	at org.apache.hadoop.ozone.container.common.transport.server.ratis.ContainerStateMachine.startTransaction(ContainerStateMachine.java:315) ~[hadoop-hdds-container-service-0.5.0-SNAPSHOT.jar:?]
	at org.apache.ratis.server.impl.RaftServerImpl.submitClientRequestAsync(RaftServerImpl.java:573) ~[ratis-server-0.4.0.jar:0.4.0]
	at org.apache.ratis.server.impl.RaftServerProxy.lambda$submitClientRequestAsync$7(RaftServerProxy.java:333) ~[ratis-server-0.4.0.jar:0.4.0]
	at org.apache.ratis.server.impl.RaftServerProxy.lambda$null$5(RaftServerProxy.java:328) ~[ratis-server-0.4.0.jar:0.4.0]
	at org.apache.ratis.util.JavaUtils.callAsUnchecked(JavaUtils.java:109) ~[ratis-common-0.4.0.jar:0.4.0]
	at org.apache.ratis.server.impl.RaftServerProxy.lambda$submitRequest$6(RaftServerProxy.java:328) ~[ratis-server-0.4.0.jar:0.4.0]
	at java.util.concurrent.CompletableFuture.uniComposeStage(CompletableFuture.java:981) ~[?:1.8.0_212]
	at java.util.concurrent.CompletableFuture.thenCompose(CompletableFuture.java:2124) ~[?:1.8.0_212]
	at org.apache.ratis.server.impl.RaftServerProxy.submitRequest(RaftServerProxy.java:327) ~[ratis-server-0.4.0.jar:0.4.0]
	at org.apache.ratis.server.impl.RaftServerProxy.submitClientRequestAsync(RaftServerProxy.java:333) ~[ratis-server-0.4.0.jar:0.4.0]
	at org.apache.ratis.grpc.client.GrpcClientProtocolService$RequestStreamObserver.processClientRequest(GrpcClientProtocolService.java:220) ~[ratis-grpc-0.4.0.jar:0.4.0]
	at org.apache.ratis.grpc.client.GrpcClientProtocolService$OrderedRequestStreamObserver.processClientRequest(GrpcClientProtocolService.java:326) ~[ratis-grpc-0.4.0.jar:0.4.0]
	at org.apache.ratis.util.SlidingWindow$Server.processRequestsFromHead(SlidingWindow.java:429) [ratis-common-0.4.0.jar:0.4.0]
	at org.apache.ratis.util.SlidingWindow$Server.receivedRequest(SlidingWindow.java:421) [ratis-common-0.4.0.jar:0.4.0]
	at org.apache.ratis.grpc.client.GrpcClientProtocolService$OrderedRequestStreamObserver.processClientRequest(GrpcClientProtocolService.java:345) [ratis-grpc-0.4.0.jar:0.4.0]
	at org.apache.ratis.grpc.client.GrpcClientProtocolService$RequestStreamObserver.onNext(GrpcClientProtocolService.java:240) [ratis-grpc-0.4.0.jar:0.4.0]
	at org.apache.ratis.grpc.client.GrpcClientProtocolService$RequestStreamObserver.onNext(GrpcClientProtocolService.java:168) [ratis-grpc-0.4.0.jar:0.4.0]
	at org.apache.ratis.thirdparty.io.grpc.stub.ServerCalls$StreamingServerCallHandler$StreamingServerCallListener.onMessage(ServerCalls.java:248) [ratis-thirdparty-misc-0.2.0.jar:0.2.0]
	at org.apache.ratis.thirdparty.io.grpc.internal.ServerCallImpl$ServerStreamListenerImpl.messagesAvailable(ServerCallImpl.java:263) [ratis-thirdparty-misc-0.2.0.jar:0.2.0]
	at org.apache.ratis.thirdparty.io.grpc.internal.ServerImpl$JumpToApplicationThreadServerStreamListener$1MessagesAvailable.runInContext(ServerImpl.java:686) [ratis-thirdparty-misc-0.2.0.jar:0.2.0]
	at org.apache.ratis.thirdparty.io.grpc.internal.ContextRunnable.run(ContextRunnable.java:37) [ratis-thirdparty-misc-0.2.0.jar:0.2.0]
	at org.apache.ratis.thirdparty.io.grpc.internal.SerializingExecutor.run(SerializingExecutor.java:123) [ratis-thirdparty-misc-0.2.0.jar:0.2.0]
	at java.util.concurrent.ThreadPoolExecutor.runWorker(ThreadPoolExecutor.java:1149) [?:1.8.0_212]
	at java.util.concurrent.ThreadPoolExecutor$Worker.run(ThreadPoolExecutor.java:624) [?:1.8.0_212]
	at java.lang.Thread.run(Thread.java:748) [?:1.8.0_212]
06:44:02.615 [grpc-default-executor-9] ERROR DNAudit - user=null | ip=null | op=WRITE_CHUNK {blockData=conID: 1 locID: 102868780097863693 bcsId: 14} | ret=FAILURE
org.apache.hadoop.hdds.scm.container.common.helpers.ContainerNotOpenException: Container 1 in CLOSING state
	at org.apache.hadoop.ozone.container.common.impl.HddsDispatcher.validateContainerCommand(HddsDispatcher.java:434) ~[hadoop-hdds-container-service-0.5.0-SNAPSHOT.jar:?]
	at org.apache.hadoop.ozone.container.common.transport.server.ratis.ContainerStateMachine.startTransaction(ContainerStateMachine.java:315) ~[hadoop-hdds-container-service-0.5.0-SNAPSHOT.jar:?]
	at org.apache.ratis.server.impl.RaftServerImpl.submitClientRequestAsync(RaftServerImpl.java:573) ~[ratis-server-0.4.0.jar:0.4.0]
	at org.apache.ratis.server.impl.RaftServerProxy.lambda$submitClientRequestAsync$7(RaftServerProxy.java:333) ~[ratis-server-0.4.0.jar:0.4.0]
	at org.apache.ratis.server.impl.RaftServerProxy.lambda$null$5(RaftServerProxy.java:328) ~[ratis-server-0.4.0.jar:0.4.0]
	at org.apache.ratis.util.JavaUtils.callAsUnchecked(JavaUtils.java:109) ~[ratis-common-0.4.0.jar:0.4.0]
	at org.apache.ratis.server.impl.RaftServerProxy.lambda$submitRequest$6(RaftServerProxy.java:328) ~[ratis-server-0.4.0.jar:0.4.0]
	at java.util.concurrent.CompletableFuture.uniComposeStage(CompletableFuture.java:981) ~[?:1.8.0_212]
	at java.util.concurrent.CompletableFuture.thenCompose(CompletableFuture.java:2124) ~[?:1.8.0_212]
	at org.apache.ratis.server.impl.RaftServerProxy.submitRequest(RaftServerProxy.java:327) ~[ratis-server-0.4.0.jar:0.4.0]
	at org.apache.ratis.server.impl.RaftServerProxy.submitClientRequestAsync(RaftServerProxy.java:333) ~[ratis-server-0.4.0.jar:0.4.0]
	at org.apache.ratis.grpc.client.GrpcClientProtocolService$RequestStreamObserver.processClientRequest(GrpcClientProtocolService.java:220) ~[ratis-grpc-0.4.0.jar:0.4.0]
	at org.apache.ratis.grpc.client.GrpcClientProtocolService$OrderedRequestStreamObserver.processClientRequest(GrpcClientProtocolService.java:326) ~[ratis-grpc-0.4.0.jar:0.4.0]
	at org.apache.ratis.util.SlidingWindow$Server.processRequestsFromHead(SlidingWindow.java:429) [ratis-common-0.4.0.jar:0.4.0]
	at org.apache.ratis.util.SlidingWindow$Server.receivedRequest(SlidingWindow.java:421) [ratis-common-0.4.0.jar:0.4.0]
	at org.apache.ratis.grpc.client.GrpcClientProtocolService$OrderedRequestStreamObserver.processClientRequest(GrpcClientProtocolService.java:345) [ratis-grpc-0.4.0.jar:0.4.0]
	at org.apache.ratis.grpc.client.GrpcClientProtocolService$RequestStreamObserver.onNext(GrpcClientProtocolService.java:240) [ratis-grpc-0.4.0.jar:0.4.0]
	at org.apache.ratis.grpc.client.GrpcClientProtocolService$RequestStreamObserver.onNext(GrpcClientProtocolService.java:168) [ratis-grpc-0.4.0.jar:0.4.0]
	at org.apache.ratis.thirdparty.io.grpc.stub.ServerCalls$StreamingServerCallHandler$StreamingServerCallListener.onMessage(ServerCalls.java:248) [ratis-thirdparty-misc-0.2.0.jar:0.2.0]
	at org.apache.ratis.thirdparty.io.grpc.internal.ServerCallImpl$ServerStreamListenerImpl.messagesAvailable(ServerCallImpl.java:263) [ratis-thirdparty-misc-0.2.0.jar:0.2.0]
	at org.apache.ratis.thirdparty.io.grpc.internal.ServerImpl$JumpToApplicationThreadServerStreamListener$1MessagesAvailable.runInContext(ServerImpl.java:686) [ratis-thirdparty-misc-0.2.0.jar:0.2.0]
	at org.apache.ratis.thirdparty.io.grpc.internal.ContextRunnable.run(ContextRunnable.java:37) [ratis-thirdparty-misc-0.2.0.jar:0.2.0]
	at org.apache.ratis.thirdparty.io.grpc.internal.SerializingExecutor.run(SerializingExecutor.java:123) [ratis-thirdparty-misc-0.2.0.jar:0.2.0]
	at java.util.concurrent.ThreadPoolExecutor.runWorker(ThreadPoolExecutor.java:1149) [?:1.8.0_212]
	at java.util.concurrent.ThreadPoolExecutor$Worker.run(ThreadPoolExecutor.java:624) [?:1.8.0_212]
	at java.lang.Thread.run(Thread.java:748) [?:1.8.0_212]
06:44:02.617 [grpc-default-executor-9] ERROR DNAudit - user=null | ip=null | op=PUT_BLOCK {blockData=[blockId=conID: 1 locID: 102868780097863693 bcsId: 0,size=650]} | ret=FAILURE
org.apache.hadoop.hdds.scm.container.common.helpers.ContainerNotOpenException: Container 1 in CLOSING state
	at org.apache.hadoop.ozone.container.common.impl.HddsDispatcher.validateContainerCommand(HddsDispatcher.java:434) ~[hadoop-hdds-container-service-0.5.0-SNAPSHOT.jar:?]
	at org.apache.hadoop.ozone.container.common.transport.server.ratis.ContainerStateMachine.startTransaction(ContainerStateMachine.java:315) ~[hadoop-hdds-container-service-0.5.0-SNAPSHOT.jar:?]
	at org.apache.ratis.server.impl.RaftServerImpl.submitClientRequestAsync(RaftServerImpl.java:573) ~[ratis-server-0.4.0.jar:0.4.0]
	at org.apache.ratis.server.impl.RaftServerProxy.lambda$submitClientRequestAsync$7(RaftServerProxy.java:333) ~[ratis-server-0.4.0.jar:0.4.0]
	at org.apache.ratis.server.impl.RaftServerProxy.lambda$null$5(RaftServerProxy.java:328) ~[ratis-server-0.4.0.jar:0.4.0]
	at org.apache.ratis.util.JavaUtils.callAsUnchecked(JavaUtils.java:109) ~[ratis-common-0.4.0.jar:0.4.0]
	at org.apache.ratis.server.impl.RaftServerProxy.lambda$submitRequest$6(RaftServerProxy.java:328) ~[ratis-server-0.4.0.jar:0.4.0]
	at java.util.concurrent.CompletableFuture.uniComposeStage(CompletableFuture.java:981) ~[?:1.8.0_212]
	at java.util.concurrent.CompletableFuture.thenCompose(CompletableFuture.java:2124) ~[?:1.8.0_212]
	at org.apache.ratis.server.impl.RaftServerProxy.submitRequest(RaftServerProxy.java:327) ~[ratis-server-0.4.0.jar:0.4.0]
	at org.apache.ratis.server.impl.RaftServerProxy.submitClientRequestAsync(RaftServerProxy.java:333) ~[ratis-server-0.4.0.jar:0.4.0]
	at org.apache.ratis.grpc.client.GrpcClientProtocolService$RequestStreamObserver.processClientRequest(GrpcClientProtocolService.java:220) ~[ratis-grpc-0.4.0.jar:0.4.0]
	at org.apache.ratis.grpc.client.GrpcClientProtocolService$OrderedRequestStreamObserver.processClientRequest(GrpcClientProtocolService.java:326) ~[ratis-grpc-0.4.0.jar:0.4.0]
	at org.apache.ratis.util.SlidingWindow$Server.processRequestsFromHead(SlidingWindow.java:429) [ratis-common-0.4.0.jar:0.4.0]
	at org.apache.ratis.util.SlidingWindow$Server.receivedRequest(SlidingWindow.java:421) [ratis-common-0.4.0.jar:0.4.0]
	at org.apache.ratis.grpc.client.GrpcClientProtocolService$OrderedRequestStreamObserver.processClientRequest(GrpcClientProtocolService.java:345) [ratis-grpc-0.4.0.jar:0.4.0]
	at org.apache.ratis.grpc.client.GrpcClientProtocolService$RequestStreamObserver.onNext(GrpcClientProtocolService.java:240) [ratis-grpc-0.4.0.jar:0.4.0]
	at org.apache.ratis.grpc.client.GrpcClientProtocolService$RequestStreamObserver.onNext(GrpcClientProtocolService.java:168) [ratis-grpc-0.4.0.jar:0.4.0]
	at org.apache.ratis.thirdparty.io.grpc.stub.ServerCalls$StreamingServerCallHandler$StreamingServerCallListener.onMessage(ServerCalls.java:248) [ratis-thirdparty-misc-0.2.0.jar:0.2.0]
	at org.apache.ratis.thirdparty.io.grpc.internal.ServerCallImpl$ServerStreamListenerImpl.messagesAvailable(ServerCallImpl.java:263) [ratis-thirdparty-misc-0.2.0.jar:0.2.0]
	at org.apache.ratis.thirdparty.io.grpc.internal.ServerImpl$JumpToApplicationThreadServerStreamListener$1MessagesAvailable.runInContext(ServerImpl.java:686) [ratis-thirdparty-misc-0.2.0.jar:0.2.0]
	at org.apache.ratis.thirdparty.io.grpc.internal.ContextRunnable.run(ContextRunnable.java:37) [ratis-thirdparty-misc-0.2.0.jar:0.2.0]
	at org.apache.ratis.thirdparty.io.grpc.internal.SerializingExecutor.run(SerializingExecutor.java:123) [ratis-thirdparty-misc-0.2.0.jar:0.2.0]
	at java.util.concurrent.ThreadPoolExecutor.runWorker(ThreadPoolExecutor.java:1149) [?:1.8.0_212]
	at java.util.concurrent.ThreadPoolExecutor$Worker.run(ThreadPoolExecutor.java:624) [?:1.8.0_212]
	at java.lang.Thread.run(Thread.java:748) [?:1.8.0_212]
06:44:02.635 [grpc-default-executor-9] ERROR DNAudit - user=null | ip=null | op=WRITE_CHUNK {blockData=conID: 1 locID: 102868780097863693 bcsId: 14} | ret=FAILURE
org.apache.hadoop.hdds.scm.container.common.helpers.ContainerNotOpenException: Container 1 in CLOSING state
	at org.apache.hadoop.ozone.container.common.impl.HddsDispatcher.validateContainerCommand(HddsDispatcher.java:434) ~[hadoop-hdds-container-service-0.5.0-SNAPSHOT.jar:?]
	at org.apache.hadoop.ozone.container.common.transport.server.ratis.ContainerStateMachine.startTransaction(ContainerStateMachine.java:315) ~[hadoop-hdds-container-service-0.5.0-SNAPSHOT.jar:?]
	at org.apache.ratis.server.impl.RaftServerImpl.submitClientRequestAsync(RaftServerImpl.java:573) ~[ratis-server-0.4.0.jar:0.4.0]
	at org.apache.ratis.server.impl.RaftServerProxy.lambda$submitClientRequestAsync$7(RaftServerProxy.java:333) ~[ratis-server-0.4.0.jar:0.4.0]
	at org.apache.ratis.server.impl.RaftServerProxy.lambda$null$5(RaftServerProxy.java:328) ~[ratis-server-0.4.0.jar:0.4.0]
	at org.apache.ratis.util.JavaUtils.callAsUnchecked(JavaUtils.java:109) ~[ratis-common-0.4.0.jar:0.4.0]
	at org.apache.ratis.server.impl.RaftServerProxy.lambda$submitRequest$6(RaftServerProxy.java:328) ~[ratis-server-0.4.0.jar:0.4.0]
	at java.util.concurrent.CompletableFuture.uniComposeStage(CompletableFuture.java:981) ~[?:1.8.0_212]
	at java.util.concurrent.CompletableFuture.thenCompose(CompletableFuture.java:2124) ~[?:1.8.0_212]
	at org.apache.ratis.server.impl.RaftServerProxy.submitRequest(RaftServerProxy.java:327) ~[ratis-server-0.4.0.jar:0.4.0]
	at org.apache.ratis.server.impl.RaftServerProxy.submitClientRequestAsync(RaftServerProxy.java:333) ~[ratis-server-0.4.0.jar:0.4.0]
	at org.apache.ratis.grpc.client.GrpcClientProtocolService$RequestStreamObserver.processClientRequest(GrpcClientProtocolService.java:220) ~[ratis-grpc-0.4.0.jar:0.4.0]
	at org.apache.ratis.grpc.client.GrpcClientProtocolService$OrderedRequestStreamObserver.processClientRequest(GrpcClientProtocolService.java:326) ~[ratis-grpc-0.4.0.jar:0.4.0]
	at org.apache.ratis.util.SlidingWindow$Server.processRequestsFromHead(SlidingWindow.java:429) [ratis-common-0.4.0.jar:0.4.0]
	at org.apache.ratis.util.SlidingWindow$Server.receivedRequest(SlidingWindow.java:421) [ratis-common-0.4.0.jar:0.4.0]
	at org.apache.ratis.grpc.client.GrpcClientProtocolService$OrderedRequestStreamObserver.processClientRequest(GrpcClientProtocolService.java:345) [ratis-grpc-0.4.0.jar:0.4.0]
	at org.apache.ratis.grpc.client.GrpcClientProtocolService$RequestStreamObserver.onNext(GrpcClientProtocolService.java:240) [ratis-grpc-0.4.0.jar:0.4.0]
	at org.apache.ratis.grpc.client.GrpcClientProtocolService$RequestStreamObserver.onNext(GrpcClientProtocolService.java:168) [ratis-grpc-0.4.0.jar:0.4.0]
	at org.apache.ratis.thirdparty.io.grpc.stub.ServerCalls$StreamingServerCallHandler$StreamingServerCallListener.onMessage(ServerCalls.java:248) [ratis-thirdparty-misc-0.2.0.jar:0.2.0]
	at org.apache.ratis.thirdparty.io.grpc.internal.ServerCallImpl$ServerStreamListenerImpl.messagesAvailable(ServerCallImpl.java:263) [ratis-thirdparty-misc-0.2.0.jar:0.2.0]
	at org.apache.ratis.thirdparty.io.grpc.internal.ServerImpl$JumpToApplicationThreadServerStreamListener$1MessagesAvailable.runInContext(ServerImpl.java:686) [ratis-thirdparty-misc-0.2.0.jar:0.2.0]
	at org.apache.ratis.thirdparty.io.grpc.internal.ContextRunnable.run(ContextRunnable.java:37) [ratis-thirdparty-misc-0.2.0.jar:0.2.0]
	at org.apache.ratis.thirdparty.io.grpc.internal.SerializingExecutor.run(SerializingExecutor.java:123) [ratis-thirdparty-misc-0.2.0.jar:0.2.0]
	at java.util.concurrent.ThreadPoolExecutor.runWorker(ThreadPoolExecutor.java:1149) [?:1.8.0_212]
	at java.util.concurrent.ThreadPoolExecutor$Worker.run(ThreadPoolExecutor.java:624) [?:1.8.0_212]
	at java.lang.Thread.run(Thread.java:748) [?:1.8.0_212]
06:44:02.637 [grpc-default-executor-9] ERROR DNAudit - user=null | ip=null | op=WRITE_CHUNK {blockData=conID: 1 locID: 102868780097863693 bcsId: 14} | ret=FAILURE
org.apache.hadoop.hdds.scm.container.common.helpers.ContainerNotOpenException: Container 1 in CLOSING state
	at org.apache.hadoop.ozone.container.common.impl.HddsDispatcher.validateContainerCommand(HddsDispatcher.java:434) ~[hadoop-hdds-container-service-0.5.0-SNAPSHOT.jar:?]
	at org.apache.hadoop.ozone.container.common.transport.server.ratis.ContainerStateMachine.startTransaction(ContainerStateMachine.java:315) ~[hadoop-hdds-container-service-0.5.0-SNAPSHOT.jar:?]
	at org.apache.ratis.server.impl.RaftServerImpl.submitClientRequestAsync(RaftServerImpl.java:573) ~[ratis-server-0.4.0.jar:0.4.0]
	at org.apache.ratis.server.impl.RaftServerProxy.lambda$submitClientRequestAsync$7(RaftServerProxy.java:333) ~[ratis-server-0.4.0.jar:0.4.0]
	at org.apache.ratis.server.impl.RaftServerProxy.lambda$null$5(RaftServerProxy.java:328) ~[ratis-server-0.4.0.jar:0.4.0]
	at org.apache.ratis.util.JavaUtils.callAsUnchecked(JavaUtils.java:109) ~[ratis-common-0.4.0.jar:0.4.0]
	at org.apache.ratis.server.impl.RaftServerProxy.lambda$submitRequest$6(RaftServerProxy.java:328) ~[ratis-server-0.4.0.jar:0.4.0]
	at java.util.concurrent.CompletableFuture.uniComposeStage(CompletableFuture.java:981) ~[?:1.8.0_212]
	at java.util.concurrent.CompletableFuture.thenCompose(CompletableFuture.java:2124) ~[?:1.8.0_212]
	at org.apache.ratis.server.impl.RaftServerProxy.submitRequest(RaftServerProxy.java:327) ~[ratis-server-0.4.0.jar:0.4.0]
	at org.apache.ratis.server.impl.RaftServerProxy.submitClientRequestAsync(RaftServerProxy.java:333) ~[ratis-server-0.4.0.jar:0.4.0]
	at org.apache.ratis.grpc.client.GrpcClientProtocolService$RequestStreamObserver.processClientRequest(GrpcClientProtocolService.java:220) ~[ratis-grpc-0.4.0.jar:0.4.0]
	at org.apache.ratis.grpc.client.GrpcClientProtocolService$OrderedRequestStreamObserver.processClientRequest(GrpcClientProtocolService.java:326) ~[ratis-grpc-0.4.0.jar:0.4.0]
	at org.apache.ratis.util.SlidingWindow$Server.processRequestsFromHead(SlidingWindow.java:429) [ratis-common-0.4.0.jar:0.4.0]
	at org.apache.ratis.util.SlidingWindow$Server.receivedRequest(SlidingWindow.java:421) [ratis-common-0.4.0.jar:0.4.0]
	at org.apache.ratis.grpc.client.GrpcClientProtocolService$OrderedRequestStreamObserver.processClientRequest(GrpcClientProtocolService.java:345) [ratis-grpc-0.4.0.jar:0.4.0]
	at org.apache.ratis.grpc.client.GrpcClientProtocolService$RequestStreamObserver.onNext(GrpcClientProtocolService.java:240) [ratis-grpc-0.4.0.jar:0.4.0]
	at org.apache.ratis.grpc.client.GrpcClientProtocolService$RequestStreamObserver.onNext(GrpcClientProtocolService.java:168) [ratis-grpc-0.4.0.jar:0.4.0]
	at org.apache.ratis.thirdparty.io.grpc.stub.ServerCalls$StreamingServerCallHandler$StreamingServerCallListener.onMessage(ServerCalls.java:248) [ratis-thirdparty-misc-0.2.0.jar:0.2.0]
	at org.apache.ratis.thirdparty.io.grpc.internal.ServerCallImpl$ServerStreamListenerImpl.messagesAvailable(ServerCallImpl.java:263) [ratis-thirdparty-misc-0.2.0.jar:0.2.0]
	at org.apache.ratis.thirdparty.io.grpc.internal.ServerImpl$JumpToApplicationThreadServerStreamListener$1MessagesAvailable.runInContext(ServerImpl.java:686) [ratis-thirdparty-misc-0.2.0.jar:0.2.0]
	at org.apache.ratis.thirdparty.io.grpc.internal.ContextRunnable.run(ContextRunnable.java:37) [ratis-thirdparty-misc-0.2.0.jar:0.2.0]
	at org.apache.ratis.thirdparty.io.grpc.internal.SerializingExecutor.run(SerializingExecutor.java:123) [ratis-thirdparty-misc-0.2.0.jar:0.2.0]
	at java.util.concurrent.ThreadPoolExecutor.runWorker(ThreadPoolExecutor.java:1149) [?:1.8.0_212]
	at java.util.concurrent.ThreadPoolExecutor$Worker.run(ThreadPoolExecutor.java:624) [?:1.8.0_212]
	at java.lang.Thread.run(Thread.java:748) [?:1.8.0_212]
06:44:02.650 [grpc-default-executor-9] ERROR DNAudit - user=null | ip=null | op=PUT_BLOCK {blockData=[blockId=conID: 1 locID: 102868780097863693 bcsId: 0,size=800]} | ret=FAILURE
org.apache.hadoop.hdds.scm.container.common.helpers.ContainerNotOpenException: Container 1 in CLOSING state
	at org.apache.hadoop.ozone.container.common.impl.HddsDispatcher.validateContainerCommand(HddsDispatcher.java:434) ~[hadoop-hdds-container-service-0.5.0-SNAPSHOT.jar:?]
	at org.apache.hadoop.ozone.container.common.transport.server.ratis.ContainerStateMachine.startTransaction(ContainerStateMachine.java:315) ~[hadoop-hdds-container-service-0.5.0-SNAPSHOT.jar:?]
	at org.apache.ratis.server.impl.RaftServerImpl.submitClientRequestAsync(RaftServerImpl.java:573) ~[ratis-server-0.4.0.jar:0.4.0]
	at org.apache.ratis.server.impl.RaftServerProxy.lambda$submitClientRequestAsync$7(RaftServerProxy.java:333) ~[ratis-server-0.4.0.jar:0.4.0]
	at org.apache.ratis.server.impl.RaftServerProxy.lambda$null$5(RaftServerProxy.java:328) ~[ratis-server-0.4.0.jar:0.4.0]
	at org.apache.ratis.util.JavaUtils.callAsUnchecked(JavaUtils.java:109) ~[ratis-common-0.4.0.jar:0.4.0]
	at org.apache.ratis.server.impl.RaftServerProxy.lambda$submitRequest$6(RaftServerProxy.java:328) ~[ratis-server-0.4.0.jar:0.4.0]
	at java.util.concurrent.CompletableFuture.uniComposeStage(CompletableFuture.java:981) ~[?:1.8.0_212]
	at java.util.concurrent.CompletableFuture.thenCompose(CompletableFuture.java:2124) ~[?:1.8.0_212]
	at org.apache.ratis.server.impl.RaftServerProxy.submitRequest(RaftServerProxy.java:327) ~[ratis-server-0.4.0.jar:0.4.0]
	at org.apache.ratis.server.impl.RaftServerProxy.submitClientRequestAsync(RaftServerProxy.java:333) ~[ratis-server-0.4.0.jar:0.4.0]
	at org.apache.ratis.grpc.client.GrpcClientProtocolService$RequestStreamObserver.processClientRequest(GrpcClientProtocolService.java:220) ~[ratis-grpc-0.4.0.jar:0.4.0]
	at org.apache.ratis.grpc.client.GrpcClientProtocolService$OrderedRequestStreamObserver.processClientRequest(GrpcClientProtocolService.java:326) ~[ratis-grpc-0.4.0.jar:0.4.0]
	at org.apache.ratis.util.SlidingWindow$Server.processRequestsFromHead(SlidingWindow.java:429) [ratis-common-0.4.0.jar:0.4.0]
	at org.apache.ratis.util.SlidingWindow$Server.receivedRequest(SlidingWindow.java:421) [ratis-common-0.4.0.jar:0.4.0]
	at org.apache.ratis.grpc.client.GrpcClientProtocolService$OrderedRequestStreamObserver.processClientRequest(GrpcClientProtocolService.java:345) [ratis-grpc-0.4.0.jar:0.4.0]
	at org.apache.ratis.grpc.client.GrpcClientProtocolService$RequestStreamObserver.onNext(GrpcClientProtocolService.java:240) [ratis-grpc-0.4.0.jar:0.4.0]
	at org.apache.ratis.grpc.client.GrpcClientProtocolService$RequestStreamObserver.onNext(GrpcClientProtocolService.java:168) [ratis-grpc-0.4.0.jar:0.4.0]
	at org.apache.ratis.thirdparty.io.grpc.stub.ServerCalls$StreamingServerCallHandler$StreamingServerCallListener.onMessage(ServerCalls.java:248) [ratis-thirdparty-misc-0.2.0.jar:0.2.0]
	at org.apache.ratis.thirdparty.io.grpc.internal.ServerCallImpl$ServerStreamListenerImpl.messagesAvailable(ServerCallImpl.java:263) [ratis-thirdparty-misc-0.2.0.jar:0.2.0]
	at org.apache.ratis.thirdparty.io.grpc.internal.ServerImpl$JumpToApplicationThreadServerStreamListener$1MessagesAvailable.runInContext(ServerImpl.java:686) [ratis-thirdparty-misc-0.2.0.jar:0.2.0]
	at org.apache.ratis.thirdparty.io.grpc.internal.ContextRunnable.run(ContextRunnable.java:37) [ratis-thirdparty-misc-0.2.0.jar:0.2.0]
	at org.apache.ratis.thirdparty.io.grpc.internal.SerializingExecutor.run(SerializingExecutor.java:123) [ratis-thirdparty-misc-0.2.0.jar:0.2.0]
	at java.util.concurrent.ThreadPoolExecutor.runWorker(ThreadPoolExecutor.java:1149) [?:1.8.0_212]
	at java.util.concurrent.ThreadPoolExecutor$Worker.run(ThreadPoolExecutor.java:624) [?:1.8.0_212]
	at java.lang.Thread.run(Thread.java:748) [?:1.8.0_212]
2019-09-28 06:44:03,316 [main] INFO  ozone.MiniOzoneClusterImpl (MiniOzoneClusterImpl.java:shutdown(314)) - Shutting down the Mini Ozone Cluster
2019-09-28 06:44:03,317 [main] INFO  ozone.MiniOzoneClusterImpl (MiniOzoneClusterImpl.java:stop(330)) - Stopping the Mini Ozone Cluster
2019-09-28 06:44:03,317 [main] INFO  ozone.MiniOzoneClusterImpl (MiniOzoneClusterImpl.java:stopOM(400)) - Stopping the OzoneManager
2019-09-28 06:44:03,317 [main] INFO  ipc.Server (Server.java:stop(3082)) - Stopping server on 44651
2019-09-28 06:44:03,334 [IPC Server listener on 44651] INFO  ipc.Server (Server.java:run(1185)) - Stopping IPC Server listener on 44651
2019-09-28 06:44:03,334 [main] INFO  ratis.OzoneManagerDoubleBuffer (OzoneManagerDoubleBuffer.java:stop(248)) - Stopping OMDoubleBuffer flush thread
2019-09-28 06:44:03,336 [OMDoubleBufferFlushThread] INFO  ratis.OzoneManagerDoubleBuffer (OzoneManagerDoubleBuffer.java:flushTransactions(191)) - OMDoubleBuffer flush thread OMDoubleBufferFlushThread is interrupted and will exit. OMDoubleBufferFlushThread
2019-09-28 06:44:03,336 [IPC Server Responder] INFO  ipc.Server (Server.java:run(1319)) - Stopping IPC Server Responder
2019-09-28 06:44:03,336 [main] INFO  utils.BackgroundService (BackgroundService.java:shutdown(148)) - Shutting down service KeyDeletingService
2019-09-28 06:44:03,338 [main] INFO  handler.ContextHandler (ContextHandler.java:doStop(910)) - Stopped o.e.j.w.WebAppContext@36c07c75{/,null,UNAVAILABLE}{/ozoneManager}
2019-09-28 06:44:03,339 [main] INFO  server.AbstractConnector (AbstractConnector.java:doStop(318)) - Stopped ServerConnector@6750e381{HTTP/1.1,[http/1.1]}{0.0.0.0:0}
2019-09-28 06:44:03,339 [main] INFO  handler.ContextHandler (ContextHandler.java:doStop(910)) - Stopped o.e.j.s.ServletContextHandler@2b43f314{/static,file:///workdir/hadoop-ozone/integration-test/target/test-classes/webapps/static,UNAVAILABLE}
2019-09-28 06:44:03,340 [main] INFO  handler.ContextHandler (ContextHandler.java:doStop(910)) - Stopped o.e.j.s.ServletContextHandler@1c5d3a37{/logs,file:///workdir/hadoop-ozone/integration-test/target/log,UNAVAILABLE}
2019-09-28 06:44:03,343 [main] INFO  ozone.MiniOzoneClusterImpl (MiniOzoneClusterImpl.java:stopDatanodes(377)) - Stopping the HddsDatanodes
2019-09-28 06:44:03,949 [Datanode State Machine Thread - 0] INFO  statemachine.DatanodeStateMachine (DatanodeStateMachine.java:lambda$startDaemon$0(350)) - Ozone container server started.
2019-09-28 06:44:04,014 [Datanode State Machine Thread - 0] INFO  statemachine.DatanodeStateMachine (DatanodeStateMachine.java:lambda$startDaemon$0(350)) - Ozone container server started.
2019-09-28 06:44:04,378 [grpc-default-executor-9] WARN  server.GrpcLogAppender (LogUtils.java:warn(134)) - 90867d91-fc5b-4720-98ce-e5bb7192dd8f@group-005B10147705->2bbaf9bb-8e76-4f1f-bdc5-57695e12be87-AppendLogResponseHandler: Failed appendEntries: org.apache.ratis.thirdparty.io.grpc.StatusRuntimeException: UNAVAILABLE: io exception
2019-09-28 06:44:04,378 [grpc-default-executor-9] INFO  impl.FollowerInfo (FollowerInfo.java:lambda$new$0(51)) - 90867d91-fc5b-4720-98ce-e5bb7192dd8f@group-005B10147705->2bbaf9bb-8e76-4f1f-bdc5-57695e12be87: nextIndex: updateUnconditionally 1 -> 0
2019-09-28 06:44:06,881 [grpc-default-executor-10] WARN  server.GrpcLogAppender (LogUtils.java:warn(134)) - 90867d91-fc5b-4720-98ce-e5bb7192dd8f@group-005B10147705->2bbaf9bb-8e76-4f1f-bdc5-57695e12be87-AppendLogResponseHandler: Failed appendEntries: org.apache.ratis.thirdparty.io.grpc.StatusRuntimeException: UNAVAILABLE: io exception
2019-09-28 06:44:06,882 [grpc-default-executor-10] INFO  impl.FollowerInfo (FollowerInfo.java:lambda$new$0(51)) - 90867d91-fc5b-4720-98ce-e5bb7192dd8f@group-005B10147705->2bbaf9bb-8e76-4f1f-bdc5-57695e12be87: nextIndex: updateUnconditionally 0 -> 0
2019-09-28 06:44:07,975 [EventQueue-StaleNodeForStaleNodeHandler] INFO  node.StaleNodeHandler (StaleNodeHandler.java:onMessage(58)) - Datanode e6f90df7-dec1-43e3-a927-0240d8c4bd7c{ip: 192.168.30.10, host: pr-hdds-2140-hhr7w-2843136654, networkLocation: /default-rack, certSerialId: null} moved to stale state. Finalizing its pipelines [PipelineID=13e4c13b-d3f4-481b-b7a3-f7621388147a, PipelineID=fe6743f9-8bab-4501-a206-dec6857cd6d3]
2019-09-28 06:44:07,975 [EventQueue-StaleNodeForStaleNodeHandler] INFO  pipeline.SCMPipelineManager (SCMPipelineManager.java:finalizeAndDestroyPipeline(315)) - destroying pipeline:Pipeline[ Id: 13e4c13b-d3f4-481b-b7a3-f7621388147a, Nodes: 72278b64-9966-4b87-b32a-72533108e712{ip: 192.168.30.10, host: pr-hdds-2140-hhr7w-2843136654, networkLocation: /default-rack, certSerialId: null}e6f90df7-dec1-43e3-a927-0240d8c4bd7c{ip: 192.168.30.10, host: pr-hdds-2140-hhr7w-2843136654, networkLocation: /default-rack, certSerialId: null}7fb751f0-cac0-4fd5-b9c8-df230946860c{ip: 192.168.30.10, host: pr-hdds-2140-hhr7w-2843136654, networkLocation: /default-rack, certSerialId: null}, Type:RATIS, Factor:THREE, State:OPEN]
2019-09-28 06:44:07,975 [EventQueue-StaleNodeForStaleNodeHandler] INFO  pipeline.PipelineStateManager (PipelineStateManager.java:finalizePipeline(123)) - Pipeline Pipeline[ Id: 13e4c13b-d3f4-481b-b7a3-f7621388147a, Nodes: 72278b64-9966-4b87-b32a-72533108e712{ip: 192.168.30.10, host: pr-hdds-2140-hhr7w-2843136654, networkLocation: /default-rack, certSerialId: null}e6f90df7-dec1-43e3-a927-0240d8c4bd7c{ip: 192.168.30.10, host: pr-hdds-2140-hhr7w-2843136654, networkLocation: /default-rack, certSerialId: null}7fb751f0-cac0-4fd5-b9c8-df230946860c{ip: 192.168.30.10, host: pr-hdds-2140-hhr7w-2843136654, networkLocation: /default-rack, certSerialId: null}, Type:RATIS, Factor:THREE, State:CLOSED] moved to CLOSED state
2019-09-28 06:44:07,976 [EventQueue-CloseContainerForCloseContainerEventHandler] INFO  container.CloseContainerEventHandler (CloseContainerEventHandler.java:onMessage(61)) - Close container Event triggered for container : #2
2019-09-28 06:44:07,976 [EventQueue-StaleNodeForStaleNodeHandler] INFO  pipeline.SCMPipelineManager (SCMPipelineManager.java:finalizeAndDestroyPipeline(315)) - destroying pipeline:Pipeline[ Id: fe6743f9-8bab-4501-a206-dec6857cd6d3, Nodes: e6f90df7-dec1-43e3-a927-0240d8c4bd7c{ip: 192.168.30.10, host: pr-hdds-2140-hhr7w-2843136654, networkLocation: /default-rack, certSerialId: null}, Type:RATIS, Factor:ONE, State:OPEN]
2019-09-28 06:44:07,987 [EventQueue-StaleNodeForStaleNodeHandler] INFO  pipeline.PipelineStateManager (PipelineStateManager.java:finalizePipeline(123)) - Pipeline Pipeline[ Id: fe6743f9-8bab-4501-a206-dec6857cd6d3, Nodes: e6f90df7-dec1-43e3-a927-0240d8c4bd7c{ip: 192.168.30.10, host: pr-hdds-2140-hhr7w-2843136654, networkLocation: /default-rack, certSerialId: null}, Type:RATIS, Factor:ONE, State:CLOSED] moved to CLOSED state
2019-09-28 06:44:08,074 [EventQueue-StaleNodeForStaleNodeHandler] INFO  node.StaleNodeHandler (StaleNodeHandler.java:onMessage(58)) - Datanode 4a946cc1-50b2-4a30-83de-5133ac6d0240{ip: 192.168.30.10, host: pr-hdds-2140-hhr7w-2843136654, networkLocation: /default-rack, certSerialId: null} moved to stale state. Finalizing its pipelines [PipelineID=803c904b-5d38-4078-8bba-e08fea36f8d2, PipelineID=43083847-e59b-4eb8-a37d-005b10147705]
2019-09-28 06:44:08,075 [EventQueue-StaleNodeForStaleNodeHandler] INFO  pipeline.SCMPipelineManager (SCMPipelineManager.java:finalizeAndDestroyPipeline(315)) - destroying pipeline:Pipeline[ Id: 803c904b-5d38-4078-8bba-e08fea36f8d2, Nodes: 4a946cc1-50b2-4a30-83de-5133ac6d0240{ip: 192.168.30.10, host: pr-hdds-2140-hhr7w-2843136654, networkLocation: /default-rack, certSerialId: null}, Type:RATIS, Factor:ONE, State:OPEN]
2019-09-28 06:44:08,075 [EventQueue-StaleNodeForStaleNodeHandler] INFO  pipeline.PipelineStateManager (PipelineStateManager.java:finalizePipeline(123)) - Pipeline Pipeline[ Id: 803c904b-5d38-4078-8bba-e08fea36f8d2, Nodes: 4a946cc1-50b2-4a30-83de-5133ac6d0240{ip: 192.168.30.10, host: pr-hdds-2140-hhr7w-2843136654, networkLocation: /default-rack, certSerialId: null}, Type:RATIS, Factor:ONE, State:CLOSED] moved to CLOSED state
2019-09-28 06:44:08,075 [EventQueue-StaleNodeForStaleNodeHandler] INFO  pipeline.SCMPipelineManager (SCMPipelineManager.java:finalizeAndDestroyPipeline(315)) - destroying pipeline:Pipeline[ Id: 43083847-e59b-4eb8-a37d-005b10147705, Nodes: 2bbaf9bb-8e76-4f1f-bdc5-57695e12be87{ip: 192.168.30.10, host: pr-hdds-2140-hhr7w-2843136654, networkLocation: /default-rack, certSerialId: null}90867d91-fc5b-4720-98ce-e5bb7192dd8f{ip: 192.168.30.10, host: pr-hdds-2140-hhr7w-2843136654, networkLocation: /default-rack, certSerialId: null}4a946cc1-50b2-4a30-83de-5133ac6d0240{ip: 192.168.30.10, host: pr-hdds-2140-hhr7w-2843136654, networkLocation: /default-rack, certSerialId: null}, Type:RATIS, Factor:THREE, State:CLOSED]
2019-09-28 06:44:08,344 [main] INFO  ozoneimpl.OzoneContainer (OzoneContainer.java:stop(231)) - Attempting to stop container services.
2019-09-28 06:44:08,344 [ForkJoinPool.commonPool-worker-0] INFO  ozoneimpl.OzoneContainer (OzoneContainer.java:stop(231)) - Attempting to stop container services.
2019-09-28 06:44:08,348 [main] INFO  impl.RaftServerProxy (RaftServerProxy.java:lambda$close$4(314)) - e6f90df7-dec1-43e3-a927-0240d8c4bd7c: close
2019-09-28 06:44:08,348 [ForkJoinPool.commonPool-worker-0] INFO  impl.RaftServerProxy (RaftServerProxy.java:lambda$close$4(314)) - 4a946cc1-50b2-4a30-83de-5133ac6d0240: close
2019-09-28 06:44:08,348 [main] INFO  impl.RaftServerImpl (RaftServerImpl.java:lambda$shutdown$3(251)) - e6f90df7-dec1-43e3-a927-0240d8c4bd7c@group-F7621388147A: shutdown
2019-09-28 06:44:08,348 [ForkJoinPool.commonPool-worker-0] INFO  impl.RaftServerImpl (RaftServerImpl.java:lambda$shutdown$3(251)) - 4a946cc1-50b2-4a30-83de-5133ac6d0240@group-E08FEA36F8D2: shutdown
2019-09-28 06:44:08,348 [main] INFO  util.JmxRegister (JmxRegister.java:unregister(73)) - Successfully un-registered JMX Bean with object name Ratis:service=RaftServer,group=group-F7621388147A,id=e6f90df7-dec1-43e3-a927-0240d8c4bd7c
2019-09-28 06:44:08,349 [ForkJoinPool.commonPool-worker-0] INFO  util.JmxRegister (JmxRegister.java:unregister(73)) - Successfully un-registered JMX Bean with object name Ratis:service=RaftServer,group=group-E08FEA36F8D2,id=4a946cc1-50b2-4a30-83de-5133ac6d0240
2019-09-28 06:44:08,349 [main] INFO  impl.RoleInfo (RoleInfo.java:shutdownFollowerState(121)) - e6f90df7-dec1-43e3-a927-0240d8c4bd7c: shutdown FollowerState
2019-09-28 06:44:08,349 [ForkJoinPool.commonPool-worker-0] INFO  impl.RoleInfo (RoleInfo.java:shutdownLeaderState(104)) - 4a946cc1-50b2-4a30-83de-5133ac6d0240: shutdown LeaderState
2019-09-28 06:44:08,350 [Thread-3169] INFO  impl.FollowerState (FollowerState.java:run(115)) - e6f90df7-dec1-43e3-a927-0240d8c4bd7c: FollowerState was interrupted: java.lang.InterruptedException: sleep interrupted
2019-09-28 06:44:08,350 [main] INFO  impl.StateMachineUpdater (StateMachineUpdater.java:stopAndJoin(125)) - e6f90df7-dec1-43e3-a927-0240d8c4bd7c@group-F7621388147A-StateMachineUpdater: set stopIndex = 16
2019-09-28 06:44:08,351 [e6f90df7-dec1-43e3-a927-0240d8c4bd7c@group-F7621388147A-StateMachineUpdater] INFO  ratis.ContainerStateMachine (ContainerStateMachine.java:takeSnapshot(289)) - group-F7621388147A: Taking a snapshot at:(t:1, i:14) file /workdir/hadoop-ozone/integration-test/target/test-dir/MiniOzoneClusterImpl-5ef598d8-4f4c-4550-8452-dcb673683f2c/datanode-4/data/ratis/13e4c13b-d3f4-481b-b7a3-f7621388147a/sm/snapshot.1_14
2019-09-28 06:44:08,350 [ForkJoinPool.commonPool-worker-0] INFO  impl.PendingRequests (PendingRequests.java:sendNotLeaderResponses(202)) - 4a946cc1-50b2-4a30-83de-5133ac6d0240-PendingRequests: sendNotLeaderResponses
2019-09-28 06:44:08,352 [ForkJoinPool.commonPool-worker-0] INFO  impl.StateMachineUpdater (StateMachineUpdater.java:stopAndJoin(125)) - 4a946cc1-50b2-4a30-83de-5133ac6d0240@group-E08FEA36F8D2-StateMachineUpdater: set stopIndex = 0
2019-09-28 06:44:08,353 [ForkJoinPool.commonPool-worker-0] INFO  impl.RaftServerImpl (ServerState.java:close(385)) - 4a946cc1-50b2-4a30-83de-5133ac6d0240@group-E08FEA36F8D2: closes. applyIndex: 0
2019-09-28 06:44:08,353 [4a946cc1-50b2-4a30-83de-5133ac6d0240@group-E08FEA36F8D2-SegmentedRaftLogWorker] INFO  segmented.SegmentedRaftLogWorker (SegmentedRaftLogWorker.java:run(313)) - 4a946cc1-50b2-4a30-83de-5133ac6d0240@group-E08FEA36F8D2-SegmentedRaftLogWorker was interrupted, exiting. There are 0 tasks remaining in the queue.
2019-09-28 06:44:08,367 [ForkJoinPool.commonPool-worker-0] INFO  segmented.SegmentedRaftLogWorker (SegmentedRaftLogWorker.java:close(228)) - 4a946cc1-50b2-4a30-83de-5133ac6d0240@group-E08FEA36F8D2-SegmentedRaftLogWorker close()
2019-09-28 06:44:08,372 [ForkJoinPool.commonPool-worker-0] INFO  impl.RaftServerImpl (RaftServerImpl.java:lambda$shutdown$3(251)) - 4a946cc1-50b2-4a30-83de-5133ac6d0240@group-005B10147705: shutdown
2019-09-28 06:44:08,373 [ForkJoinPool.commonPool-worker-0] INFO  util.JmxRegister (JmxRegister.java:unregister(73)) - Successfully un-registered JMX Bean with object name Ratis:service=RaftServer,group=group-005B10147705,id=4a946cc1-50b2-4a30-83de-5133ac6d0240
2019-09-28 06:44:08,373 [ForkJoinPool.commonPool-worker-0] INFO  impl.RoleInfo (RoleInfo.java:shutdownFollowerState(121)) - 4a946cc1-50b2-4a30-83de-5133ac6d0240: shutdown FollowerState
2019-09-28 06:44:08,373 [ForkJoinPool.commonPool-worker-0] INFO  impl.StateMachineUpdater (StateMachineUpdater.java:stopAndJoin(125)) - 4a946cc1-50b2-4a30-83de-5133ac6d0240@group-005B10147705-StateMachineUpdater: set stopIndex = 18
2019-09-28 06:44:08,373 [Thread-3291] INFO  impl.FollowerState (FollowerState.java:run(115)) - 4a946cc1-50b2-4a30-83de-5133ac6d0240: FollowerState was interrupted: java.lang.InterruptedException: sleep interrupted
2019-09-28 06:44:08,373 [4a946cc1-50b2-4a30-83de-5133ac6d0240@group-005B10147705-StateMachineUpdater] INFO  ratis.ContainerStateMachine (ContainerStateMachine.java:takeSnapshot(289)) - group-005B10147705: Taking a snapshot at:(t:1, i:14) file /workdir/hadoop-ozone/integration-test/target/test-dir/MiniOzoneClusterImpl-5ef598d8-4f4c-4550-8452-dcb673683f2c/datanode-2/data/ratis/43083847-e59b-4eb8-a37d-005b10147705/sm/snapshot.1_14
2019-09-28 06:44:08,393 [e6f90df7-dec1-43e3-a927-0240d8c4bd7c@group-F7621388147A-StateMachineUpdater] INFO  ratis.ContainerStateMachine (ContainerStateMachine.java:takeSnapshot(300)) - group-F7621388147A: Finished taking a snapshot at:(t:1, i:14) file:/workdir/hadoop-ozone/integration-test/target/test-dir/MiniOzoneClusterImpl-5ef598d8-4f4c-4550-8452-dcb673683f2c/datanode-4/data/ratis/13e4c13b-d3f4-481b-b7a3-f7621388147a/sm/snapshot.1_14 time:43
2019-09-28 06:44:08,393 [e6f90df7-dec1-43e3-a927-0240d8c4bd7c@group-F7621388147A-StateMachineUpdater] INFO  impl.StateMachineUpdater (StateMachineUpdater.java:takeSnapshot(258)) - e6f90df7-dec1-43e3-a927-0240d8c4bd7c@group-F7621388147A-StateMachineUpdater: Took a snapshot at index 14
2019-09-28 06:44:08,393 [e6f90df7-dec1-43e3-a927-0240d8c4bd7c@group-F7621388147A-StateMachineUpdater] INFO  impl.StateMachineUpdater (StateMachineUpdater.java:lambda$new$0(83)) - e6f90df7-dec1-43e3-a927-0240d8c4bd7c@group-F7621388147A-StateMachineUpdater: snapshotIndex: updateIncreasingly -1 -> 14
2019-09-28 06:44:08,394 [e6f90df7-dec1-43e3-a927-0240d8c4bd7c@group-F7621388147A-StateMachineUpdater] INFO  ratis.ContainerStateMachine (ContainerStateMachine.java:takeSnapshot(289)) - group-F7621388147A: Taking a snapshot at:(t:1, i:14) file /workdir/hadoop-ozone/integration-test/target/test-dir/MiniOzoneClusterImpl-5ef598d8-4f4c-4550-8452-dcb673683f2c/datanode-4/data/ratis/13e4c13b-d3f4-481b-b7a3-f7621388147a/sm/snapshot.1_14
2019-09-28 06:44:08,410 [4a946cc1-50b2-4a30-83de-5133ac6d0240@group-005B10147705-StateMachineUpdater] INFO  ratis.ContainerStateMachine (ContainerStateMachine.java:takeSnapshot(300)) - group-005B10147705: Finished taking a snapshot at:(t:1, i:14) file:/workdir/hadoop-ozone/integration-test/target/test-dir/MiniOzoneClusterImpl-5ef598d8-4f4c-4550-8452-dcb673683f2c/datanode-2/data/ratis/43083847-e59b-4eb8-a37d-005b10147705/sm/snapshot.1_14 time:37
2019-09-28 06:44:08,411 [4a946cc1-50b2-4a30-83de-5133ac6d0240@group-005B10147705-StateMachineUpdater] INFO  impl.StateMachineUpdater (StateMachineUpdater.java:takeSnapshot(258)) - 4a946cc1-50b2-4a30-83de-5133ac6d0240@group-005B10147705-StateMachineUpdater: Took a snapshot at index 14
2019-09-28 06:44:08,411 [4a946cc1-50b2-4a30-83de-5133ac6d0240@group-005B10147705-StateMachineUpdater] INFO  impl.StateMachineUpdater (StateMachineUpdater.java:lambda$new$0(83)) - 4a946cc1-50b2-4a30-83de-5133ac6d0240@group-005B10147705-StateMachineUpdater: snapshotIndex: updateIncreasingly -1 -> 14
2019-09-28 06:44:08,411 [4a946cc1-50b2-4a30-83de-5133ac6d0240@group-005B10147705-StateMachineUpdater] INFO  ratis.ContainerStateMachine (ContainerStateMachine.java:takeSnapshot(289)) - group-005B10147705: Taking a snapshot at:(t:1, i:14) file /workdir/hadoop-ozone/integration-test/target/test-dir/MiniOzoneClusterImpl-5ef598d8-4f4c-4550-8452-dcb673683f2c/datanode-2/data/ratis/43083847-e59b-4eb8-a37d-005b10147705/sm/snapshot.1_14
2019-09-28 06:44:08,427 [4a946cc1-50b2-4a30-83de-5133ac6d0240@group-005B10147705-StateMachineUpdater] INFO  ratis.ContainerStateMachine (ContainerStateMachine.java:takeSnapshot(300)) - group-005B10147705: Finished taking a snapshot at:(t:1, i:14) file:/workdir/hadoop-ozone/integration-test/target/test-dir/MiniOzoneClusterImpl-5ef598d8-4f4c-4550-8452-dcb673683f2c/datanode-2/data/ratis/43083847-e59b-4eb8-a37d-005b10147705/sm/snapshot.1_14 time:16
2019-09-28 06:44:08,427 [e6f90df7-dec1-43e3-a927-0240d8c4bd7c@group-F7621388147A-StateMachineUpdater] INFO  ratis.ContainerStateMachine (ContainerStateMachine.java:takeSnapshot(300)) - group-F7621388147A: Finished taking a snapshot at:(t:1, i:14) file:/workdir/hadoop-ozone/integration-test/target/test-dir/MiniOzoneClusterImpl-5ef598d8-4f4c-4550-8452-dcb673683f2c/datanode-4/data/ratis/13e4c13b-d3f4-481b-b7a3-f7621388147a/sm/snapshot.1_14 time:33
2019-09-28 06:44:08,428 [4a946cc1-50b2-4a30-83de-5133ac6d0240@group-005B10147705-StateMachineUpdater] INFO  impl.StateMachineUpdater (StateMachineUpdater.java:takeSnapshot(258)) - 4a946cc1-50b2-4a30-83de-5133ac6d0240@group-005B10147705-StateMachineUpdater: Took a snapshot at index 14
2019-09-28 06:44:08,428 [4a946cc1-50b2-4a30-83de-5133ac6d0240@group-005B10147705-StateMachineUpdater] INFO  impl.StateMachineUpdater (StateMachineUpdater.java:lambda$new$0(83)) - 4a946cc1-50b2-4a30-83de-5133ac6d0240@group-005B10147705-StateMachineUpdater: snapshotIndex: updateIncreasingly 14 -> 14
2019-09-28 06:44:08,428 [e6f90df7-dec1-43e3-a927-0240d8c4bd7c@group-F7621388147A-StateMachineUpdater] INFO  impl.StateMachineUpdater (StateMachineUpdater.java:takeSnapshot(258)) - e6f90df7-dec1-43e3-a927-0240d8c4bd7c@group-F7621388147A-StateMachineUpdater: Took a snapshot at index 14
2019-09-28 06:44:08,428 [e6f90df7-dec1-43e3-a927-0240d8c4bd7c@group-F7621388147A-StateMachineUpdater] INFO  impl.StateMachineUpdater (StateMachineUpdater.java:lambda$new$0(83)) - e6f90df7-dec1-43e3-a927-0240d8c4bd7c@group-F7621388147A-StateMachineUpdater: snapshotIndex: updateIncreasingly 14 -> 14
2019-09-28 06:44:08,428 [ForkJoinPool.commonPool-worker-0] INFO  impl.RaftServerImpl (ServerState.java:close(385)) - 4a946cc1-50b2-4a30-83de-5133ac6d0240@group-005B10147705: closes. applyIndex: 18
2019-09-28 06:44:08,428 [main] INFO  impl.RaftServerImpl (ServerState.java:close(385)) - e6f90df7-dec1-43e3-a927-0240d8c4bd7c@group-F7621388147A: closes. applyIndex: 16
2019-09-28 06:44:08,428 [4a946cc1-50b2-4a30-83de-5133ac6d0240@group-005B10147705-SegmentedRaftLogWorker] INFO  segmented.SegmentedRaftLogWorker (SegmentedRaftLogWorker.java:run(313)) - 4a946cc1-50b2-4a30-83de-5133ac6d0240@group-005B10147705-SegmentedRaftLogWorker was interrupted, exiting. There are 0 tasks remaining in the queue.
2019-09-28 06:44:08,429 [e6f90df7-dec1-43e3-a927-0240d8c4bd7c@group-F7621388147A-SegmentedRaftLogWorker] INFO  segmented.SegmentedRaftLogWorker (SegmentedRaftLogWorker.java:run(313)) - e6f90df7-dec1-43e3-a927-0240d8c4bd7c@group-F7621388147A-SegmentedRaftLogWorker was interrupted, exiting. There are 0 tasks remaining in the queue.
2019-09-28 06:44:08,431 [ForkJoinPool.commonPool-worker-0] INFO  segmented.SegmentedRaftLogWorker (SegmentedRaftLogWorker.java:close(228)) - 4a946cc1-50b2-4a30-83de-5133ac6d0240@group-005B10147705-SegmentedRaftLogWorker close()
2019-09-28 06:44:08,433 [main] INFO  segmented.SegmentedRaftLogWorker (SegmentedRaftLogWorker.java:close(228)) - e6f90df7-dec1-43e3-a927-0240d8c4bd7c@group-F7621388147A-SegmentedRaftLogWorker close()
2019-09-28 06:44:08,437 [ForkJoinPool.commonPool-worker-0] INFO  server.GrpcService (GrpcService.java:closeImpl(164)) - 4a946cc1-50b2-4a30-83de-5133ac6d0240: shutdown server with port 44959 now
2019-09-28 06:44:08,442 [main] INFO  impl.RaftServerImpl (RaftServerImpl.java:lambda$shutdown$3(251)) - e6f90df7-dec1-43e3-a927-0240d8c4bd7c@group-DEC6857CD6D3: shutdown
2019-09-28 06:44:08,442 [main] INFO  util.JmxRegister (JmxRegister.java:unregister(73)) - Successfully un-registered JMX Bean with object name Ratis:service=RaftServer,group=group-DEC6857CD6D3,id=e6f90df7-dec1-43e3-a927-0240d8c4bd7c
2019-09-28 06:44:08,442 [main] INFO  impl.RoleInfo (RoleInfo.java:shutdownLeaderState(104)) - e6f90df7-dec1-43e3-a927-0240d8c4bd7c: shutdown LeaderState
2019-09-28 06:44:08,443 [main] INFO  impl.PendingRequests (PendingRequests.java:sendNotLeaderResponses(202)) - e6f90df7-dec1-43e3-a927-0240d8c4bd7c-PendingRequests: sendNotLeaderResponses
2019-09-28 06:44:08,443 [grpc-default-executor-8] WARN  server.GrpcServerProtocolService (LogUtils.java:warn(134)) - 4a946cc1-50b2-4a30-83de-5133ac6d0240: installSnapshot onError, lastRequest: 90867d91-fc5b-4720-98ce-e5bb7192dd8f->4a946cc1-50b2-4a30-83de-5133ac6d0240#4-t3, previous=(t:3, i:18), leaderCommit=18, initializing? false, entries: <empty>: org.apache.ratis.thirdparty.io.grpc.StatusRuntimeException: CANCELLED: cancelled before receiving half close
2019-09-28 06:44:08,443 [grpc-default-executor-9] WARN  server.GrpcLogAppender (LogUtils.java:warn(134)) - 90867d91-fc5b-4720-98ce-e5bb7192dd8f@group-005B10147705->4a946cc1-50b2-4a30-83de-5133ac6d0240-AppendLogResponseHandler: Failed appendEntries: org.apache.ratis.thirdparty.io.grpc.StatusRuntimeException: CANCELLED: HTTP/2 error code: CANCEL
Received Rst Stream
2019-09-28 06:44:08,443 [ForkJoinPool.commonPool-worker-0] INFO  server.GrpcService (GrpcService.java:closeImpl(172)) - 4a946cc1-50b2-4a30-83de-5133ac6d0240: shutdown server with port 44959 successfully
2019-09-28 06:44:08,443 [main] INFO  impl.StateMachineUpdater (StateMachineUpdater.java:stopAndJoin(125)) - e6f90df7-dec1-43e3-a927-0240d8c4bd7c@group-DEC6857CD6D3-StateMachineUpdater: set stopIndex = 0
2019-09-28 06:44:08,443 [grpc-default-executor-9] INFO  impl.FollowerInfo (FollowerInfo.java:lambda$new$0(51)) - 90867d91-fc5b-4720-98ce-e5bb7192dd8f@group-005B10147705->4a946cc1-50b2-4a30-83de-5133ac6d0240: nextIndex: updateUnconditionally 19 -> 18
2019-09-28 06:44:08,444 [main] INFO  impl.RaftServerImpl (ServerState.java:close(385)) - e6f90df7-dec1-43e3-a927-0240d8c4bd7c@group-DEC6857CD6D3: closes. applyIndex: 0
2019-09-28 06:44:08,445 [e6f90df7-dec1-43e3-a927-0240d8c4bd7c@group-DEC6857CD6D3-SegmentedRaftLogWorker] INFO  segmented.SegmentedRaftLogWorker (SegmentedRaftLogWorker.java:run(313)) - e6f90df7-dec1-43e3-a927-0240d8c4bd7c@group-DEC6857CD6D3-SegmentedRaftLogWorker was interrupted, exiting. There are 0 tasks remaining in the queue.
2019-09-28 06:44:08,447 [main] INFO  segmented.SegmentedRaftLogWorker (SegmentedRaftLogWorker.java:close(228)) - e6f90df7-dec1-43e3-a927-0240d8c4bd7c@group-DEC6857CD6D3-SegmentedRaftLogWorker close()
2019-09-28 06:44:08,448 [refreshUsed-/workdir/hadoop-ozone/integration-test/target/test-dir/MiniOzoneClusterImpl-5ef598d8-4f4c-4550-8452-dcb673683f2c/datanode-2/data/containers] WARN  fs.CachingGetSpaceUsed (CachingGetSpaceUsed.java:run(183)) - Thread Interrupted waiting to refresh disk information: sleep interrupted
2019-09-28 06:44:08,452 [main] INFO  server.GrpcService (GrpcService.java:closeImpl(164)) - e6f90df7-dec1-43e3-a927-0240d8c4bd7c: shutdown server with port 45784 now
2019-09-28 06:44:08,454 [grpc-default-executor-8] WARN  server.GrpcServerProtocolService (LogUtils.java:warn(134)) - e6f90df7-dec1-43e3-a927-0240d8c4bd7c: installSnapshot onError, lastRequest: 72278b64-9966-4b87-b32a-72533108e712->e6f90df7-dec1-43e3-a927-0240d8c4bd7c#27-t1, previous=(t:1, i:16), leaderCommit=16, initializing? false, entries: <empty>: org.apache.ratis.thirdparty.io.grpc.StatusRuntimeException: CANCELLED: cancelled before receiving half close
2019-09-28 06:44:08,454 [main] INFO  server.GrpcService (GrpcService.java:closeImpl(172)) - e6f90df7-dec1-43e3-a927-0240d8c4bd7c: shutdown server with port 45784 successfully
2019-09-28 06:44:08,454 [grpc-default-executor-9] WARN  server.GrpcLogAppender (LogUtils.java:warn(134)) - 72278b64-9966-4b87-b32a-72533108e712@group-F7621388147A->e6f90df7-dec1-43e3-a927-0240d8c4bd7c-AppendLogResponseHandler: Failed appendEntries: org.apache.ratis.thirdparty.io.grpc.StatusRuntimeException: CANCELLED: HTTP/2 error code: CANCEL
Received Rst Stream
2019-09-28 06:44:08,454 [grpc-default-executor-9] INFO  impl.FollowerInfo (FollowerInfo.java:lambda$new$0(51)) - 72278b64-9966-4b87-b32a-72533108e712@group-F7621388147A->e6f90df7-dec1-43e3-a927-0240d8c4bd7c: nextIndex: updateUnconditionally 17 -> 16
2019-09-28 06:44:08,457 [refreshUsed-/workdir/hadoop-ozone/integration-test/target/test-dir/MiniOzoneClusterImpl-5ef598d8-4f4c-4550-8452-dcb673683f2c/datanode-4/data/containers] WARN  fs.CachingGetSpaceUsed (CachingGetSpaceUsed.java:run(183)) - Thread Interrupted waiting to refresh disk information: sleep interrupted
2019-09-28 06:44:08,470 [ForkJoinPool.commonPool-worker-0] INFO  utils.BackgroundService (BackgroundService.java:shutdown(148)) - Shutting down service BlockDeletingService
2019-09-28 06:44:08,475 [ForkJoinPool.commonPool-worker-0] INFO  statemachine.DatanodeStateMachine (DatanodeStateMachine.java:stopDaemon(395)) - Ozone container server stopped.
2019-09-28 06:44:08,480 [ForkJoinPool.commonPool-worker-0] INFO  handler.ContextHandler (ContextHandler.java:doStop(910)) - Stopped o.e.j.w.WebAppContext@6aae0e6f{/,null,UNAVAILABLE}{/hddsDatanode}
2019-09-28 06:44:08,480 [ForkJoinPool.commonPool-worker-0] INFO  server.AbstractConnector (AbstractConnector.java:doStop(318)) - Stopped ServerConnector@37775bb1{HTTP/1.1,[http/1.1]}{0.0.0.0:0}
2019-09-28 06:44:08,482 [ForkJoinPool.commonPool-worker-0] INFO  handler.ContextHandler (ContextHandler.java:doStop(910)) - Stopped o.e.j.s.ServletContextHandler@33324c05{/static,jar:file:/home/user/.m2/repository/org/apache/hadoop/hadoop-hdds-container-service/0.5.0-SNAPSHOT/hadoop-hdds-container-service-0.5.0-SNAPSHOT.jar!/webapps/static,UNAVAILABLE}
2019-09-28 06:44:08,483 [ForkJoinPool.commonPool-worker-0] INFO  handler.ContextHandler (ContextHandler.java:doStop(910)) - Stopped o.e.j.s.ServletContextHandler@6b9c42bd{/logs,file:///workdir/hadoop-ozone/integration-test/target/log,UNAVAILABLE}
2019-09-28 06:44:08,485 [main] INFO  utils.BackgroundService (BackgroundService.java:shutdown(148)) - Shutting down service BlockDeletingService
2019-09-28 06:44:08,490 [main] INFO  statemachine.DatanodeStateMachine (DatanodeStateMachine.java:stopDaemon(395)) - Ozone container server stopped.
2019-09-28 06:44:08,491 [main] INFO  handler.ContextHandler (ContextHandler.java:doStop(910)) - Stopped o.e.j.w.WebAppContext@2fde9469{/,null,UNAVAILABLE}{/hddsDatanode}
2019-09-28 06:44:08,491 [main] INFO  server.AbstractConnector (AbstractConnector.java:doStop(318)) - Stopped ServerConnector@1ecf0ac6{HTTP/1.1,[http/1.1]}{0.0.0.0:0}
2019-09-28 06:44:08,492 [main] INFO  handler.ContextHandler (ContextHandler.java:doStop(910)) - Stopped o.e.j.s.ServletContextHandler@70be89ec{/static,jar:file:/home/user/.m2/repository/org/apache/hadoop/hadoop-hdds-container-service/0.5.0-SNAPSHOT/hadoop-hdds-container-service-0.5.0-SNAPSHOT.jar!/webapps/static,UNAVAILABLE}
2019-09-28 06:44:08,492 [main] INFO  handler.ContextHandler (ContextHandler.java:doStop(910)) - Stopped o.e.j.s.ServletContextHandler@79195c22{/logs,file:///workdir/hadoop-ozone/integration-test/target/log,UNAVAILABLE}
2019-09-28 06:44:09,016 [Datanode State Machine Thread - 0] INFO  statemachine.DatanodeStateMachine (DatanodeStateMachine.java:lambda$startDaemon$0(350)) - Ozone container server started.
2019-09-28 06:44:09,018 [Datanode State Machine Thread - 0] INFO  statemachine.DatanodeStateMachine (DatanodeStateMachine.java:lambda$startDaemon$0(350)) - Ozone container server started.
2019-09-28 06:44:09,380 [grpc-default-executor-9] WARN  server.GrpcLogAppender (LogUtils.java:warn(134)) - 90867d91-fc5b-4720-98ce-e5bb7192dd8f@group-005B10147705->2bbaf9bb-8e76-4f1f-bdc5-57695e12be87-AppendLogResponseHandler: Failed appendEntries: org.apache.ratis.thirdparty.io.grpc.StatusRuntimeException: UNAVAILABLE: io exception
2019-09-28 06:44:09,380 [grpc-default-executor-9] INFO  impl.FollowerInfo (FollowerInfo.java:lambda$new$0(51)) - 90867d91-fc5b-4720-98ce-e5bb7192dd8f@group-005B10147705->2bbaf9bb-8e76-4f1f-bdc5-57695e12be87: nextIndex: updateUnconditionally 0 -> 0
2019-09-28 06:44:09,383 [grpc-default-executor-10] WARN  server.GrpcLogAppender (LogUtils.java:warn(134)) - 90867d91-fc5b-4720-98ce-e5bb7192dd8f@group-005B10147705->4a946cc1-50b2-4a30-83de-5133ac6d0240-AppendLogResponseHandler: Failed appendEntries: org.apache.ratis.thirdparty.io.grpc.StatusRuntimeException: UNAVAILABLE: io exception
2019-09-28 06:44:09,383 [grpc-default-executor-10] INFO  impl.FollowerInfo (FollowerInfo.java:lambda$new$0(51)) - 90867d91-fc5b-4720-98ce-e5bb7192dd8f@group-005B10147705->4a946cc1-50b2-4a30-83de-5133ac6d0240: nextIndex: updateUnconditionally 18 -> 17
2019-09-28 06:44:09,983 [grpc-default-executor-8] WARN  server.GrpcLogAppender (LogUtils.java:warn(134)) - 72278b64-9966-4b87-b32a-72533108e712@group-F7621388147A->e6f90df7-dec1-43e3-a927-0240d8c4bd7c-AppendLogResponseHandler: Failed appendEntries: org.apache.ratis.thirdparty.io.grpc.StatusRuntimeException: UNAVAILABLE: io exception
2019-09-28 06:44:09,984 [grpc-default-executor-8] INFO  impl.FollowerInfo (FollowerInfo.java:lambda$new$0(51)) - 72278b64-9966-4b87-b32a-72533108e712@group-F7621388147A->e6f90df7-dec1-43e3-a927-0240d8c4bd7c: nextIndex: updateUnconditionally 17 -> 16
2019-09-28 06:44:09,996 [grpc-default-executor-10] WARN  server.GrpcLogAppender (LogUtils.java:warn(134)) - 72278b64-9966-4b87-b32a-72533108e712@group-F7621388147A->e6f90df7-dec1-43e3-a927-0240d8c4bd7c-AppendLogResponseHandler: Failed appendEntries: org.apache.ratis.thirdparty.io.grpc.StatusRuntimeException: UNAVAILABLE: io exception
2019-09-28 06:44:09,996 [grpc-default-executor-10] INFO  impl.FollowerInfo (FollowerInfo.java:lambda$new$0(51)) - 72278b64-9966-4b87-b32a-72533108e712@group-F7621388147A->e6f90df7-dec1-43e3-a927-0240d8c4bd7c: nextIndex: updateUnconditionally 17 -> 16
2019-09-28 06:44:09,998 [grpc-default-executor-9] WARN  server.GrpcLogAppender (LogUtils.java:warn(134)) - 72278b64-9966-4b87-b32a-72533108e712@group-F7621388147A->e6f90df7-dec1-43e3-a927-0240d8c4bd7c-AppendLogResponseHandler: Failed appendEntries: org.apache.ratis.thirdparty.io.grpc.StatusRuntimeException: UNAVAILABLE: io exception
2019-09-28 06:44:09,999 [grpc-default-executor-9] INFO  impl.FollowerInfo (FollowerInfo.java:lambda$new$0(51)) - 72278b64-9966-4b87-b32a-72533108e712@group-F7621388147A->e6f90df7-dec1-43e3-a927-0240d8c4bd7c: nextIndex: updateUnconditionally 17 -> 16
2019-09-28 06:44:10,032 [RatisApplyTransactionExecutor 2] INFO  interfaces.Container (KeyValueContainer.java:flushAndSyncDB(386)) - Container 2 is synced with bcsId 14.
2019-09-28 06:44:10,032 [RatisApplyTransactionExecutor 2] INFO  interfaces.Container (KeyValueContainer.java:flushAndSyncDB(386)) - Container 2 is synced with bcsId 14.
2019-09-28 06:44:10,057 [RatisApplyTransactionExecutor 2] INFO  interfaces.Container (KeyValueContainer.java:flushAndSyncDB(386)) - Container 2 is synced with bcsId 14.
2019-09-28 06:44:10,058 [RatisApplyTransactionExecutor 2] INFO  interfaces.Container (KeyValueContainer.java:close(335)) - Container 2 is closed with bcsId 14.
2019-09-28 06:44:10,058 [RatisApplyTransactionExecutor 2] INFO  interfaces.Container (KeyValueContainer.java:flushAndSyncDB(386)) - Container 2 is synced with bcsId 14.
2019-09-28 06:44:10,059 [EventQueue-IncrementalContainerReportForIncrementalContainerReportHandler] INFO  container.IncrementalContainerReportHandler (AbstractContainerReportHandler.java:updateContainerState(176)) - Moving container #2 to CLOSED state, datanode 72278b64-9966-4b87-b32a-72533108e712{ip: 192.168.30.10, host: pr-hdds-2140-hhr7w-2843136654, networkLocation: /default-rack, certSerialId: null} reported CLOSED replica.
2019-09-28 06:44:10,083 [RatisApplyTransactionExecutor 2] INFO  interfaces.Container (KeyValueContainer.java:close(335)) - Container 2 is closed with bcsId 14.
2019-09-28 06:44:11,882 [grpc-default-executor-9] WARN  server.GrpcLogAppender (LogUtils.java:warn(134)) - 90867d91-fc5b-4720-98ce-e5bb7192dd8f@group-005B10147705->2bbaf9bb-8e76-4f1f-bdc5-57695e12be87-AppendLogResponseHandler: Failed appendEntries: org.apache.ratis.thirdparty.io.grpc.StatusRuntimeException: UNAVAILABLE: io exception
2019-09-28 06:44:11,883 [grpc-default-executor-9] INFO  impl.FollowerInfo (FollowerInfo.java:lambda$new$0(51)) - 90867d91-fc5b-4720-98ce-e5bb7192dd8f@group-005B10147705->2bbaf9bb-8e76-4f1f-bdc5-57695e12be87: nextIndex: updateUnconditionally 0 -> 0
2019-09-28 06:44:11,883 [grpc-default-executor-2] WARN  server.GrpcLogAppender (LogUtils.java:warn(134)) - 90867d91-fc5b-4720-98ce-e5bb7192dd8f@group-005B10147705->4a946cc1-50b2-4a30-83de-5133ac6d0240-AppendLogResponseHandler: Failed appendEntries: org.apache.ratis.thirdparty.io.grpc.StatusRuntimeException: UNAVAILABLE: io exception
2019-09-28 06:44:11,883 [grpc-default-executor-2] INFO  impl.FollowerInfo (FollowerInfo.java:lambda$new$0(51)) - 90867d91-fc5b-4720-98ce-e5bb7192dd8f@group-005B10147705->4a946cc1-50b2-4a30-83de-5133ac6d0240: nextIndex: updateUnconditionally 17 -> 16
2019-09-28 06:44:12,501 [grpc-default-executor-10] WARN  server.GrpcLogAppender (LogUtils.java:warn(134)) - 72278b64-9966-4b87-b32a-72533108e712@group-F7621388147A->e6f90df7-dec1-43e3-a927-0240d8c4bd7c-AppendLogResponseHandler: Failed appendEntries: org.apache.ratis.thirdparty.io.grpc.StatusRuntimeException: UNAVAILABLE: io exception
2019-09-28 06:44:12,503 [grpc-default-executor-10] INFO  impl.FollowerInfo (FollowerInfo.java:lambda$new$0(51)) - 72278b64-9966-4b87-b32a-72533108e712@group-F7621388147A->e6f90df7-dec1-43e3-a927-0240d8c4bd7c: nextIndex: updateUnconditionally 16 -> 15
2019-09-28 06:44:13,086 [EventQueue-StaleNodeForStaleNodeHandler] INFO  node.StaleNodeHandler (StaleNodeHandler.java:onMessage(58)) - Datanode 90867d91-fc5b-4720-98ce-e5bb7192dd8f{ip: 192.168.30.10, host: pr-hdds-2140-hhr7w-2843136654, networkLocation: /default-rack, certSerialId: null} moved to stale state. Finalizing its pipelines [PipelineID=4020fe33-cf83-4d76-a1a9-69d5f9c89ac8, PipelineID=43083847-e59b-4eb8-a37d-005b10147705]
2019-09-28 06:44:13,087 [EventQueue-StaleNodeForStaleNodeHandler] INFO  pipeline.SCMPipelineManager (SCMPipelineManager.java:finalizeAndDestroyPipeline(315)) - destroying pipeline:Pipeline[ Id: 4020fe33-cf83-4d76-a1a9-69d5f9c89ac8, Nodes: 90867d91-fc5b-4720-98ce-e5bb7192dd8f{ip: 192.168.30.10, host: pr-hdds-2140-hhr7w-2843136654, networkLocation: /default-rack, certSerialId: null}, Type:RATIS, Factor:ONE, State:OPEN]
2019-09-28 06:44:13,088 [EventQueue-StaleNodeForStaleNodeHandler] INFO  pipeline.PipelineStateManager (PipelineStateManager.java:finalizePipeline(123)) - Pipeline Pipeline[ Id: 4020fe33-cf83-4d76-a1a9-69d5f9c89ac8, Nodes: 90867d91-fc5b-4720-98ce-e5bb7192dd8f{ip: 192.168.30.10, host: pr-hdds-2140-hhr7w-2843136654, networkLocation: /default-rack, certSerialId: null}, Type:RATIS, Factor:ONE, State:CLOSED] moved to CLOSED state
2019-09-28 06:44:13,089 [EventQueue-StaleNodeForStaleNodeHandler] INFO  pipeline.SCMPipelineManager (SCMPipelineManager.java:finalizeAndDestroyPipeline(315)) - destroying pipeline:Pipeline[ Id: 43083847-e59b-4eb8-a37d-005b10147705, Nodes: 2bbaf9bb-8e76-4f1f-bdc5-57695e12be87{ip: 192.168.30.10, host: pr-hdds-2140-hhr7w-2843136654, networkLocation: /default-rack, certSerialId: null}90867d91-fc5b-4720-98ce-e5bb7192dd8f{ip: 192.168.30.10, host: pr-hdds-2140-hhr7w-2843136654, networkLocation: /default-rack, certSerialId: null}4a946cc1-50b2-4a30-83de-5133ac6d0240{ip: 192.168.30.10, host: pr-hdds-2140-hhr7w-2843136654, networkLocation: /default-rack, certSerialId: null}, Type:RATIS, Factor:THREE, State:CLOSED]
2019-09-28 06:44:13,089 [EventQueue-StaleNodeForStaleNodeHandler] INFO  node.StaleNodeHandler (StaleNodeHandler.java:onMessage(58)) - Datanode 870fbdd8-a74b-4e83-97b6-9e59d51c949a{ip: 192.168.30.10, host: pr-hdds-2140-hhr7w-2843136654, networkLocation: /default-rack, certSerialId: null} moved to stale state. Finalizing its pipelines [PipelineID=eed0e999-e6fd-42cd-bffd-e31dd0f495d8]
2019-09-28 06:44:13,089 [EventQueue-StaleNodeForStaleNodeHandler] INFO  pipeline.SCMPipelineManager (SCMPipelineManager.java:finalizeAndDestroyPipeline(315)) - destroying pipeline:Pipeline[ Id: eed0e999-e6fd-42cd-bffd-e31dd0f495d8, Nodes: 870fbdd8-a74b-4e83-97b6-9e59d51c949a{ip: 192.168.30.10, host: pr-hdds-2140-hhr7w-2843136654, networkLocation: /default-rack, certSerialId: null}, Type:RATIS, Factor:ONE, State:OPEN]
2019-09-28 06:44:13,089 [EventQueue-StaleNodeForStaleNodeHandler] INFO  pipeline.PipelineStateManager (PipelineStateManager.java:finalizePipeline(123)) - Pipeline Pipeline[ Id: eed0e999-e6fd-42cd-bffd-e31dd0f495d8, Nodes: 870fbdd8-a74b-4e83-97b6-9e59d51c949a{ip: 192.168.30.10, host: pr-hdds-2140-hhr7w-2843136654, networkLocation: /default-rack, certSerialId: null}, Type:RATIS, Factor:ONE, State:CLOSED] moved to CLOSED state
2019-09-28 06:44:13,486 [ForkJoinPool.commonPool-worker-0] INFO  ozoneimpl.OzoneContainer (OzoneContainer.java:stop(231)) - Attempting to stop container services.
2019-09-28 06:44:13,490 [ForkJoinPool.commonPool-worker-0] INFO  impl.RaftServerProxy (RaftServerProxy.java:lambda$close$4(314)) - 90867d91-fc5b-4720-98ce-e5bb7192dd8f: close
2019-09-28 06:44:13,490 [ForkJoinPool.commonPool-worker-0] INFO  impl.RaftServerImpl (RaftServerImpl.java:lambda$shutdown$3(251)) - 90867d91-fc5b-4720-98ce-e5bb7192dd8f@group-69D5F9C89AC8: shutdown
2019-09-28 06:44:13,491 [ForkJoinPool.commonPool-worker-0] INFO  util.JmxRegister (JmxRegister.java:unregister(73)) - Successfully un-registered JMX Bean with object name Ratis:service=RaftServer,group=group-69D5F9C89AC8,id=90867d91-fc5b-4720-98ce-e5bb7192dd8f
2019-09-28 06:44:13,491 [ForkJoinPool.commonPool-worker-0] INFO  impl.RoleInfo (RoleInfo.java:shutdownLeaderState(104)) - 90867d91-fc5b-4720-98ce-e5bb7192dd8f: shutdown LeaderState
2019-09-28 06:44:13,491 [ForkJoinPool.commonPool-worker-0] INFO  impl.PendingRequests (PendingRequests.java:sendNotLeaderResponses(202)) - 90867d91-fc5b-4720-98ce-e5bb7192dd8f-PendingRequests: sendNotLeaderResponses
2019-09-28 06:44:13,492 [ForkJoinPool.commonPool-worker-0] INFO  impl.StateMachineUpdater (StateMachineUpdater.java:stopAndJoin(125)) - 90867d91-fc5b-4720-98ce-e5bb7192dd8f@group-69D5F9C89AC8-StateMachineUpdater: set stopIndex = 0
2019-09-28 06:44:13,493 [main] INFO  ozoneimpl.OzoneContainer (OzoneContainer.java:stop(231)) - Attempting to stop container services.
2019-09-28 06:44:13,494 [ForkJoinPool.commonPool-worker-0] INFO  impl.RaftServerImpl (ServerState.java:close(385)) - 90867d91-fc5b-4720-98ce-e5bb7192dd8f@group-69D5F9C89AC8: closes. applyIndex: 0
2019-09-28 06:44:13,494 [main] INFO  impl.RaftServerProxy (RaftServerProxy.java:lambda$close$4(314)) - 870fbdd8-a74b-4e83-97b6-9e59d51c949a: close
2019-09-28 06:44:13,495 [main] INFO  impl.RaftServerImpl (RaftServerImpl.java:lambda$shutdown$3(251)) - 870fbdd8-a74b-4e83-97b6-9e59d51c949a@group-E31DD0F495D8: shutdown
2019-09-28 06:44:13,495 [90867d91-fc5b-4720-98ce-e5bb7192dd8f@group-69D5F9C89AC8-SegmentedRaftLogWorker] INFO  segmented.SegmentedRaftLogWorker (SegmentedRaftLogWorker.java:run(313)) - 90867d91-fc5b-4720-98ce-e5bb7192dd8f@group-69D5F9C89AC8-SegmentedRaftLogWorker was interrupted, exiting. There are 0 tasks remaining in the queue.
2019-09-28 06:44:13,495 [main] INFO  util.JmxRegister (JmxRegister.java:unregister(73)) - Successfully un-registered JMX Bean with object name Ratis:service=RaftServer,group=group-E31DD0F495D8,id=870fbdd8-a74b-4e83-97b6-9e59d51c949a
2019-09-28 06:44:13,497 [main] INFO  impl.RoleInfo (RoleInfo.java:shutdownLeaderState(104)) - 870fbdd8-a74b-4e83-97b6-9e59d51c949a: shutdown LeaderState
2019-09-28 06:44:13,498 [main] INFO  impl.PendingRequests (PendingRequests.java:sendNotLeaderResponses(202)) - 870fbdd8-a74b-4e83-97b6-9e59d51c949a-PendingRequests: sendNotLeaderResponses
2019-09-28 06:44:13,498 [main] INFO  impl.StateMachineUpdater (StateMachineUpdater.java:stopAndJoin(125)) - 870fbdd8-a74b-4e83-97b6-9e59d51c949a@group-E31DD0F495D8-StateMachineUpdater: set stopIndex = 0
2019-09-28 06:44:13,498 [ForkJoinPool.commonPool-worker-0] INFO  segmented.SegmentedRaftLogWorker (SegmentedRaftLogWorker.java:close(228)) - 90867d91-fc5b-4720-98ce-e5bb7192dd8f@group-69D5F9C89AC8-SegmentedRaftLogWorker close()
2019-09-28 06:44:13,498 [main] INFO  impl.RaftServerImpl (ServerState.java:close(385)) - 870fbdd8-a74b-4e83-97b6-9e59d51c949a@group-E31DD0F495D8: closes. applyIndex: 0
2019-09-28 06:44:13,502 [ForkJoinPool.commonPool-worker-0] INFO  impl.RaftServerImpl (RaftServerImpl.java:lambda$shutdown$3(251)) - 90867d91-fc5b-4720-98ce-e5bb7192dd8f@group-005B10147705: shutdown
2019-09-28 06:44:13,502 [870fbdd8-a74b-4e83-97b6-9e59d51c949a@group-E31DD0F495D8-SegmentedRaftLogWorker] INFO  segmented.SegmentedRaftLogWorker (SegmentedRaftLogWorker.java:run(313)) - 870fbdd8-a74b-4e83-97b6-9e59d51c949a@group-E31DD0F495D8-SegmentedRaftLogWorker was interrupted, exiting. There are 0 tasks remaining in the queue.
2019-09-28 06:44:13,502 [ForkJoinPool.commonPool-worker-0] INFO  util.JmxRegister (JmxRegister.java:unregister(73)) - Successfully un-registered JMX Bean with object name Ratis:service=RaftServer,group=group-005B10147705,id=90867d91-fc5b-4720-98ce-e5bb7192dd8f
2019-09-28 06:44:13,504 [main] INFO  segmented.SegmentedRaftLogWorker (SegmentedRaftLogWorker.java:close(228)) - 870fbdd8-a74b-4e83-97b6-9e59d51c949a@group-E31DD0F495D8-SegmentedRaftLogWorker close()
2019-09-28 06:44:13,504 [ForkJoinPool.commonPool-worker-0] INFO  impl.RoleInfo (RoleInfo.java:shutdownLeaderState(104)) - 90867d91-fc5b-4720-98ce-e5bb7192dd8f: shutdown LeaderState
2019-09-28 06:44:13,508 [main] INFO  server.GrpcService (GrpcService.java:closeImpl(164)) - 870fbdd8-a74b-4e83-97b6-9e59d51c949a: shutdown server with port 43070 now
2019-09-28 06:44:13,513 [ForkJoinPool.commonPool-worker-0] INFO  impl.PendingRequests (PendingRequests.java:sendNotLeaderResponses(202)) - 90867d91-fc5b-4720-98ce-e5bb7192dd8f-PendingRequests: sendNotLeaderResponses
2019-09-28 06:44:13,513 [org.apache.ratis.server.impl.LogAppender$AppenderDaemon$$Lambda$485/1432091615@75ad96] WARN  server.GrpcLogAppender (GrpcLogAppender.java:mayWait(143)) - 90867d91-fc5b-4720-98ce-e5bb7192dd8f@group-005B10147705->2bbaf9bb-8e76-4f1f-bdc5-57695e12be87-GrpcLogAppender: Wait interrupted by java.lang.InterruptedException
2019-09-28 06:44:13,513 [org.apache.ratis.server.impl.LogAppender$AppenderDaemon$$Lambda$485/1432091615@17825812] WARN  server.GrpcLogAppender (GrpcLogAppender.java:mayWait(143)) - 90867d91-fc5b-4720-98ce-e5bb7192dd8f@group-005B10147705->4a946cc1-50b2-4a30-83de-5133ac6d0240-GrpcLogAppender: Wait interrupted by java.lang.InterruptedException
2019-09-28 06:44:13,519 [ForkJoinPool.commonPool-worker-0] INFO  impl.StateMachineUpdater (StateMachineUpdater.java:stopAndJoin(125)) - 90867d91-fc5b-4720-98ce-e5bb7192dd8f@group-005B10147705-StateMachineUpdater: set stopIndex = 18
2019-09-28 06:44:13,519 [main] INFO  server.GrpcService (GrpcService.java:closeImpl(172)) - 870fbdd8-a74b-4e83-97b6-9e59d51c949a: shutdown server with port 43070 successfully
2019-09-28 06:44:13,519 [90867d91-fc5b-4720-98ce-e5bb7192dd8f@group-005B10147705-StateMachineUpdater] INFO  ratis.ContainerStateMachine (ContainerStateMachine.java:takeSnapshot(289)) - group-005B10147705: Taking a snapshot at:(t:1, i:14) file /workdir/hadoop-ozone/integration-test/target/test-dir/MiniOzoneClusterImpl-5ef598d8-4f4c-4550-8452-dcb673683f2c/datanode-0/data/ratis/43083847-e59b-4eb8-a37d-005b10147705/sm/snapshot.1_14
2019-09-28 06:44:13,523 [refreshUsed-/workdir/hadoop-ozone/integration-test/target/test-dir/MiniOzoneClusterImpl-5ef598d8-4f4c-4550-8452-dcb673683f2c/datanode-3/data/containers] WARN  fs.CachingGetSpaceUsed (CachingGetSpaceUsed.java:run(183)) - Thread Interrupted waiting to refresh disk information: sleep interrupted
2019-09-28 06:44:13,546 [main] INFO  utils.BackgroundService (BackgroundService.java:shutdown(148)) - Shutting down service BlockDeletingService
2019-09-28 06:44:13,550 [90867d91-fc5b-4720-98ce-e5bb7192dd8f@group-005B10147705-StateMachineUpdater] INFO  ratis.ContainerStateMachine (ContainerStateMachine.java:takeSnapshot(300)) - group-005B10147705: Finished taking a snapshot at:(t:1, i:14) file:/workdir/hadoop-ozone/integration-test/target/test-dir/MiniOzoneClusterImpl-5ef598d8-4f4c-4550-8452-dcb673683f2c/datanode-0/data/ratis/43083847-e59b-4eb8-a37d-005b10147705/sm/snapshot.1_14 time:31
2019-09-28 06:44:13,551 [main] INFO  statemachine.DatanodeStateMachine (DatanodeStateMachine.java:stopDaemon(395)) - Ozone container server stopped.
2019-09-28 06:44:13,551 [90867d91-fc5b-4720-98ce-e5bb7192dd8f@group-005B10147705-StateMachineUpdater] INFO  impl.StateMachineUpdater (StateMachineUpdater.java:takeSnapshot(258)) - 90867d91-fc5b-4720-98ce-e5bb7192dd8f@group-005B10147705-StateMachineUpdater: Took a snapshot at index 14
2019-09-28 06:44:13,551 [90867d91-fc5b-4720-98ce-e5bb7192dd8f@group-005B10147705-StateMachineUpdater] INFO  impl.StateMachineUpdater (StateMachineUpdater.java:lambda$new$0(83)) - 90867d91-fc5b-4720-98ce-e5bb7192dd8f@group-005B10147705-StateMachineUpdater: snapshotIndex: updateIncreasingly -1 -> 14
2019-09-28 06:44:13,552 [90867d91-fc5b-4720-98ce-e5bb7192dd8f@group-005B10147705-StateMachineUpdater] INFO  ratis.ContainerStateMachine (ContainerStateMachine.java:takeSnapshot(289)) - group-005B10147705: Taking a snapshot at:(t:1, i:14) file /workdir/hadoop-ozone/integration-test/target/test-dir/MiniOzoneClusterImpl-5ef598d8-4f4c-4550-8452-dcb673683f2c/datanode-0/data/ratis/43083847-e59b-4eb8-a37d-005b10147705/sm/snapshot.1_14
2019-09-28 06:44:13,553 [main] INFO  handler.ContextHandler (ContextHandler.java:doStop(910)) - Stopped o.e.j.w.WebAppContext@61b60600{/,null,UNAVAILABLE}{/hddsDatanode}
2019-09-28 06:44:13,554 [main] INFO  server.AbstractConnector (AbstractConnector.java:doStop(318)) - Stopped ServerConnector@27f71195{HTTP/1.1,[http/1.1]}{0.0.0.0:0}
2019-09-28 06:44:13,555 [main] INFO  handler.ContextHandler (ContextHandler.java:doStop(910)) - Stopped o.e.j.s.ServletContextHandler@20256a0b{/static,jar:file:/home/user/.m2/repository/org/apache/hadoop/hadoop-hdds-container-service/0.5.0-SNAPSHOT/hadoop-hdds-container-service-0.5.0-SNAPSHOT.jar!/webapps/static,UNAVAILABLE}
2019-09-28 06:44:13,555 [main] INFO  handler.ContextHandler (ContextHandler.java:doStop(910)) - Stopped o.e.j.s.ServletContextHandler@404ced67{/logs,file:///workdir/hadoop-ozone/integration-test/target/log,UNAVAILABLE}
2019-09-28 06:44:13,567 [90867d91-fc5b-4720-98ce-e5bb7192dd8f@group-005B10147705-StateMachineUpdater] INFO  ratis.ContainerStateMachine (ContainerStateMachine.java:takeSnapshot(300)) - group-005B10147705: Finished taking a snapshot at:(t:1, i:14) file:/workdir/hadoop-ozone/integration-test/target/test-dir/MiniOzoneClusterImpl-5ef598d8-4f4c-4550-8452-dcb673683f2c/datanode-0/data/ratis/43083847-e59b-4eb8-a37d-005b10147705/sm/snapshot.1_14 time:15
2019-09-28 06:44:13,567 [90867d91-fc5b-4720-98ce-e5bb7192dd8f@group-005B10147705-StateMachineUpdater] INFO  impl.StateMachineUpdater (StateMachineUpdater.java:takeSnapshot(258)) - 90867d91-fc5b-4720-98ce-e5bb7192dd8f@group-005B10147705-StateMachineUpdater: Took a snapshot at index 14
2019-09-28 06:44:13,567 [90867d91-fc5b-4720-98ce-e5bb7192dd8f@group-005B10147705-StateMachineUpdater] INFO  impl.StateMachineUpdater (StateMachineUpdater.java:lambda$new$0(83)) - 90867d91-fc5b-4720-98ce-e5bb7192dd8f@group-005B10147705-StateMachineUpdater: snapshotIndex: updateIncreasingly 14 -> 14
2019-09-28 06:44:13,567 [ForkJoinPool.commonPool-worker-0] INFO  impl.RaftServerImpl (ServerState.java:close(385)) - 90867d91-fc5b-4720-98ce-e5bb7192dd8f@group-005B10147705: closes. applyIndex: 18
2019-09-28 06:44:13,567 [90867d91-fc5b-4720-98ce-e5bb7192dd8f@group-005B10147705-SegmentedRaftLogWorker] INFO  segmented.SegmentedRaftLogWorker (SegmentedRaftLogWorker.java:run(313)) - 90867d91-fc5b-4720-98ce-e5bb7192dd8f@group-005B10147705-SegmentedRaftLogWorker was interrupted, exiting. There are 0 tasks remaining in the queue.
2019-09-28 06:44:13,569 [ForkJoinPool.commonPool-worker-0] INFO  segmented.SegmentedRaftLogWorker (SegmentedRaftLogWorker.java:close(228)) - 90867d91-fc5b-4720-98ce-e5bb7192dd8f@group-005B10147705-SegmentedRaftLogWorker close()
2019-09-28 06:44:13,571 [ForkJoinPool.commonPool-worker-0] INFO  server.GrpcService (GrpcService.java:closeImpl(164)) - 90867d91-fc5b-4720-98ce-e5bb7192dd8f: shutdown server with port 35346 now
2019-09-28 06:44:13,572 [ForkJoinPool.commonPool-worker-0] INFO  server.GrpcService (GrpcService.java:closeImpl(172)) - 90867d91-fc5b-4720-98ce-e5bb7192dd8f: shutdown server with port 35346 successfully
2019-09-28 06:44:13,574 [refreshUsed-/workdir/hadoop-ozone/integration-test/target/test-dir/MiniOzoneClusterImpl-5ef598d8-4f4c-4550-8452-dcb673683f2c/datanode-0/data/containers] WARN  fs.CachingGetSpaceUsed (CachingGetSpaceUsed.java:run(183)) - Thread Interrupted waiting to refresh disk information: sleep interrupted
2019-09-28 06:44:13,589 [ForkJoinPool.commonPool-worker-0] INFO  utils.BackgroundService (BackgroundService.java:shutdown(148)) - Shutting down service BlockDeletingService
2019-09-28 06:44:13,592 [ForkJoinPool.commonPool-worker-0] INFO  statemachine.DatanodeStateMachine (DatanodeStateMachine.java:stopDaemon(395)) - Ozone container server stopped.
2019-09-28 06:44:13,596 [ForkJoinPool.commonPool-worker-0] INFO  handler.ContextHandler (ContextHandler.java:doStop(910)) - Stopped o.e.j.w.WebAppContext@238291d4{/,null,UNAVAILABLE}{/hddsDatanode}
2019-09-28 06:44:13,597 [ForkJoinPool.commonPool-worker-0] INFO  server.AbstractConnector (AbstractConnector.java:doStop(318)) - Stopped ServerConnector@34edd065{HTTP/1.1,[http/1.1]}{0.0.0.0:0}
2019-09-28 06:44:13,598 [ForkJoinPool.commonPool-worker-0] INFO  handler.ContextHandler (ContextHandler.java:doStop(910)) - Stopped o.e.j.s.ServletContextHandler@3dec3f87{/static,jar:file:/home/user/.m2/repository/org/apache/hadoop/hadoop-hdds-container-service/0.5.0-SNAPSHOT/hadoop-hdds-container-service-0.5.0-SNAPSHOT.jar!/webapps/static,UNAVAILABLE}
2019-09-28 06:44:13,599 [ForkJoinPool.commonPool-worker-0] INFO  handler.ContextHandler (ContextHandler.java:doStop(910)) - Stopped o.e.j.s.ServletContextHandler@656842bc{/logs,file:///workdir/hadoop-ozone/integration-test/target/log,UNAVAILABLE}
2019-09-28 06:44:14,058 [Datanode State Machine Thread - 0] INFO  statemachine.DatanodeStateMachine (DatanodeStateMachine.java:lambda$startDaemon$0(350)) - Ozone container server started.
2019-09-28 06:44:14,083 [Datanode State Machine Thread - 0] INFO  statemachine.DatanodeStateMachine (DatanodeStateMachine.java:lambda$startDaemon$0(350)) - Ozone container server started.
2019-09-28 06:44:15,002 [grpc-default-executor-10] WARN  server.GrpcLogAppender (LogUtils.java:warn(134)) - 72278b64-9966-4b87-b32a-72533108e712@group-F7621388147A->e6f90df7-dec1-43e3-a927-0240d8c4bd7c-AppendLogResponseHandler: Failed appendEntries: org.apache.ratis.thirdparty.io.grpc.StatusRuntimeException: UNAVAILABLE: io exception
2019-09-28 06:44:15,003 [grpc-default-executor-10] INFO  impl.FollowerInfo (FollowerInfo.java:lambda$new$0(51)) - 72278b64-9966-4b87-b32a-72533108e712@group-F7621388147A->e6f90df7-dec1-43e3-a927-0240d8c4bd7c: nextIndex: updateUnconditionally 15 -> 14
2019-09-28 06:44:17,506 [grpc-default-executor-10] WARN  server.GrpcLogAppender (LogUtils.java:warn(134)) - 72278b64-9966-4b87-b32a-72533108e712@group-F7621388147A->e6f90df7-dec1-43e3-a927-0240d8c4bd7c-AppendLogResponseHandler: Failed appendEntries: org.apache.ratis.thirdparty.io.grpc.StatusRuntimeException: UNAVAILABLE: io exception
2019-09-28 06:44:17,508 [grpc-default-executor-10] INFO  impl.FollowerInfo (FollowerInfo.java:lambda$new$0(51)) - 72278b64-9966-4b87-b32a-72533108e712@group-F7621388147A->e6f90df7-dec1-43e3-a927-0240d8c4bd7c: nextIndex: updateUnconditionally 14 -> 13
2019-09-28 06:44:18,092 [EventQueue-StaleNodeForStaleNodeHandler] INFO  node.StaleNodeHandler (StaleNodeHandler.java:onMessage(58)) - Datanode 72278b64-9966-4b87-b32a-72533108e712{ip: 192.168.30.10, host: pr-hdds-2140-hhr7w-2843136654, networkLocation: /default-rack, certSerialId: null} moved to stale state. Finalizing its pipelines [PipelineID=13e4c13b-d3f4-481b-b7a3-f7621388147a, PipelineID=095620e3-248f-49fc-b5a2-9b046845c590]
2019-09-28 06:44:18,093 [EventQueue-StaleNodeForStaleNodeHandler] INFO  pipeline.SCMPipelineManager (SCMPipelineManager.java:finalizeAndDestroyPipeline(315)) - destroying pipeline:Pipeline[ Id: 13e4c13b-d3f4-481b-b7a3-f7621388147a, Nodes: 72278b64-9966-4b87-b32a-72533108e712{ip: 192.168.30.10, host: pr-hdds-2140-hhr7w-2843136654, networkLocation: /default-rack, certSerialId: null}e6f90df7-dec1-43e3-a927-0240d8c4bd7c{ip: 192.168.30.10, host: pr-hdds-2140-hhr7w-2843136654, networkLocation: /default-rack, certSerialId: null}7fb751f0-cac0-4fd5-b9c8-df230946860c{ip: 192.168.30.10, host: pr-hdds-2140-hhr7w-2843136654, networkLocation: /default-rack, certSerialId: null}, Type:RATIS, Factor:THREE, State:CLOSED]
2019-09-28 06:44:18,094 [EventQueue-StaleNodeForStaleNodeHandler] INFO  pipeline.SCMPipelineManager (SCMPipelineManager.java:finalizeAndDestroyPipeline(315)) - destroying pipeline:Pipeline[ Id: 095620e3-248f-49fc-b5a2-9b046845c590, Nodes: 72278b64-9966-4b87-b32a-72533108e712{ip: 192.168.30.10, host: pr-hdds-2140-hhr7w-2843136654, networkLocation: /default-rack, certSerialId: null}, Type:RATIS, Factor:ONE, State:OPEN]
2019-09-28 06:44:18,094 [EventQueue-StaleNodeForStaleNodeHandler] INFO  pipeline.PipelineStateManager (PipelineStateManager.java:finalizePipeline(123)) - Pipeline Pipeline[ Id: 095620e3-248f-49fc-b5a2-9b046845c590, Nodes: 72278b64-9966-4b87-b32a-72533108e712{ip: 192.168.30.10, host: pr-hdds-2140-hhr7w-2843136654, networkLocation: /default-rack, certSerialId: null}, Type:RATIS, Factor:ONE, State:CLOSED] moved to CLOSED state
2019-09-28 06:44:18,094 [EventQueue-StaleNodeForStaleNodeHandler] INFO  node.StaleNodeHandler (StaleNodeHandler.java:onMessage(58)) - Datanode 7fb751f0-cac0-4fd5-b9c8-df230946860c{ip: 192.168.30.10, host: pr-hdds-2140-hhr7w-2843136654, networkLocation: /default-rack, certSerialId: null} moved to stale state. Finalizing its pipelines [PipelineID=13e4c13b-d3f4-481b-b7a3-f7621388147a, PipelineID=cda68cab-1328-4823-baf4-dff10d8eab86]
2019-09-28 06:44:18,095 [EventQueue-StaleNodeForStaleNodeHandler] INFO  pipeline.SCMPipelineManager (SCMPipelineManager.java:finalizeAndDestroyPipeline(315)) - destroying pipeline:Pipeline[ Id: 13e4c13b-d3f4-481b-b7a3-f7621388147a, Nodes: 72278b64-9966-4b87-b32a-72533108e712{ip: 192.168.30.10, host: pr-hdds-2140-hhr7w-2843136654, networkLocation: /default-rack, certSerialId: null}e6f90df7-dec1-43e3-a927-0240d8c4bd7c{ip: 192.168.30.10, host: pr-hdds-2140-hhr7w-2843136654, networkLocation: /default-rack, certSerialId: null}7fb751f0-cac0-4fd5-b9c8-df230946860c{ip: 192.168.30.10, host: pr-hdds-2140-hhr7w-2843136654, networkLocation: /default-rack, certSerialId: null}, Type:RATIS, Factor:THREE, State:CLOSED]
2019-09-28 06:44:18,095 [EventQueue-StaleNodeForStaleNodeHandler] INFO  pipeline.SCMPipelineManager (SCMPipelineManager.java:finalizeAndDestroyPipeline(315)) - destroying pipeline:Pipeline[ Id: cda68cab-1328-4823-baf4-dff10d8eab86, Nodes: 7fb751f0-cac0-4fd5-b9c8-df230946860c{ip: 192.168.30.10, host: pr-hdds-2140-hhr7w-2843136654, networkLocation: /default-rack, certSerialId: null}, Type:RATIS, Factor:ONE, State:OPEN]
2019-09-28 06:44:18,095 [EventQueue-StaleNodeForStaleNodeHandler] INFO  pipeline.PipelineStateManager (PipelineStateManager.java:finalizePipeline(123)) - Pipeline Pipeline[ Id: cda68cab-1328-4823-baf4-dff10d8eab86, Nodes: 7fb751f0-cac0-4fd5-b9c8-df230946860c{ip: 192.168.30.10, host: pr-hdds-2140-hhr7w-2843136654, networkLocation: /default-rack, certSerialId: null}, Type:RATIS, Factor:ONE, State:CLOSED] moved to CLOSED state
2019-09-28 06:44:18,557 [main] INFO  ozoneimpl.OzoneContainer (OzoneContainer.java:stop(231)) - Attempting to stop container services.
2019-09-28 06:44:18,561 [main] INFO  impl.RaftServerProxy (RaftServerProxy.java:lambda$close$4(314)) - 72278b64-9966-4b87-b32a-72533108e712: close
2019-09-28 06:44:18,561 [main] INFO  impl.RaftServerImpl (RaftServerImpl.java:lambda$shutdown$3(251)) - 72278b64-9966-4b87-b32a-72533108e712@group-F7621388147A: shutdown
2019-09-28 06:44:18,561 [main] INFO  util.JmxRegister (JmxRegister.java:unregister(73)) - Successfully un-registered JMX Bean with object name Ratis:service=RaftServer,group=group-F7621388147A,id=72278b64-9966-4b87-b32a-72533108e712
2019-09-28 06:44:18,562 [main] INFO  impl.RoleInfo (RoleInfo.java:shutdownLeaderState(104)) - 72278b64-9966-4b87-b32a-72533108e712: shutdown LeaderState
2019-09-28 06:44:18,565 [main] INFO  impl.PendingRequests (PendingRequests.java:sendNotLeaderResponses(202)) - 72278b64-9966-4b87-b32a-72533108e712-PendingRequests: sendNotLeaderResponses
2019-09-28 06:44:18,566 [org.apache.ratis.server.impl.LogAppender$AppenderDaemon$$Lambda$485/1432091615@39fb9d6a] WARN  server.GrpcLogAppender (GrpcLogAppender.java:mayWait(143)) - 72278b64-9966-4b87-b32a-72533108e712@group-F7621388147A->e6f90df7-dec1-43e3-a927-0240d8c4bd7c-GrpcLogAppender: Wait interrupted by java.lang.InterruptedException
2019-09-28 06:44:18,566 [org.apache.ratis.server.impl.LogAppender$AppenderDaemon$$Lambda$485/1432091615@e343ab3] WARN  server.GrpcLogAppender (GrpcLogAppender.java:mayWait(143)) - 72278b64-9966-4b87-b32a-72533108e712@group-F7621388147A->7fb751f0-cac0-4fd5-b9c8-df230946860c-GrpcLogAppender: Wait interrupted by java.lang.InterruptedException
2019-09-28 06:44:18,570 [main] INFO  impl.StateMachineUpdater (StateMachineUpdater.java:stopAndJoin(125)) - 72278b64-9966-4b87-b32a-72533108e712@group-F7621388147A-StateMachineUpdater: set stopIndex = 18
2019-09-28 06:44:18,570 [72278b64-9966-4b87-b32a-72533108e712@group-F7621388147A-StateMachineUpdater] INFO  ratis.ContainerStateMachine (ContainerStateMachine.java:takeSnapshot(289)) - group-F7621388147A: Taking a snapshot at:(t:1, i:18) file /workdir/hadoop-ozone/integration-test/target/test-dir/MiniOzoneClusterImpl-5ef598d8-4f4c-4550-8452-dcb673683f2c/datanode-6/data/ratis/13e4c13b-d3f4-481b-b7a3-f7621388147a/sm/snapshot.1_18
2019-09-28 06:44:18,572 [grpc-default-executor-10] INFO  server.GrpcServerProtocolService (GrpcServerProtocolService.java:onCompleted(113)) - 7fb751f0-cac0-4fd5-b9c8-df230946860c: Completed APPEND_ENTRIES, lastRequest: 72278b64-9966-4b87-b32a-72533108e712->7fb751f0-cac0-4fd5-b9c8-df230946860c#32-t1, previous=(t:1, i:18), leaderCommit=18, initializing? false, entries: <empty>
2019-09-28 06:44:18,572 [grpc-default-executor-10] INFO  server.GrpcLogAppender (GrpcLogAppender.java:onCompleted(293)) - 72278b64-9966-4b87-b32a-72533108e712@group-F7621388147A->7fb751f0-cac0-4fd5-b9c8-df230946860c-AppendLogResponseHandler: follower responses appendEntries COMPLETED
2019-09-28 06:44:18,573 [grpc-default-executor-10] INFO  impl.FollowerInfo (FollowerInfo.java:lambda$new$0(51)) - 72278b64-9966-4b87-b32a-72533108e712@group-F7621388147A->7fb751f0-cac0-4fd5-b9c8-df230946860c: nextIndex: updateUnconditionally 19 -> 18
2019-09-28 06:44:18,601 [ForkJoinPool.commonPool-worker-0] INFO  ozoneimpl.OzoneContainer (OzoneContainer.java:stop(231)) - Attempting to stop container services.
2019-09-28 06:44:18,601 [ForkJoinPool.commonPool-worker-0] INFO  impl.RaftServerProxy (RaftServerProxy.java:lambda$close$4(314)) - 7fb751f0-cac0-4fd5-b9c8-df230946860c: close
2019-09-28 06:44:18,601 [ForkJoinPool.commonPool-worker-0] INFO  impl.RaftServerImpl (RaftServerImpl.java:lambda$shutdown$3(251)) - 7fb751f0-cac0-4fd5-b9c8-df230946860c@group-F7621388147A: shutdown
2019-09-28 06:44:18,602 [ForkJoinPool.commonPool-worker-0] INFO  util.JmxRegister (JmxRegister.java:unregister(73)) - Successfully un-registered JMX Bean with object name Ratis:service=RaftServer,group=group-F7621388147A,id=7fb751f0-cac0-4fd5-b9c8-df230946860c
2019-09-28 06:44:18,602 [ForkJoinPool.commonPool-worker-0] INFO  impl.RoleInfo (RoleInfo.java:shutdownFollowerState(121)) - 7fb751f0-cac0-4fd5-b9c8-df230946860c: shutdown FollowerState
2019-09-28 06:44:18,602 [ForkJoinPool.commonPool-worker-0] INFO  impl.StateMachineUpdater (StateMachineUpdater.java:stopAndJoin(125)) - 7fb751f0-cac0-4fd5-b9c8-df230946860c@group-F7621388147A-StateMachineUpdater: set stopIndex = 18
2019-09-28 06:44:18,602 [Thread-3163] INFO  impl.FollowerState (FollowerState.java:run(115)) - 7fb751f0-cac0-4fd5-b9c8-df230946860c: FollowerState was interrupted: java.lang.InterruptedException: sleep interrupted
2019-09-28 06:44:18,602 [7fb751f0-cac0-4fd5-b9c8-df230946860c@group-F7621388147A-StateMachineUpdater] INFO  ratis.ContainerStateMachine (ContainerStateMachine.java:takeSnapshot(289)) - group-F7621388147A: Taking a snapshot at:(t:1, i:17) file /workdir/hadoop-ozone/integration-test/target/test-dir/MiniOzoneClusterImpl-5ef598d8-4f4c-4550-8452-dcb673683f2c/datanode-5/data/ratis/13e4c13b-d3f4-481b-b7a3-f7621388147a/sm/snapshot.1_17
2019-09-28 06:44:18,615 [72278b64-9966-4b87-b32a-72533108e712@group-F7621388147A-StateMachineUpdater] INFO  ratis.ContainerStateMachine (ContainerStateMachine.java:takeSnapshot(300)) - group-F7621388147A: Finished taking a snapshot at:(t:1, i:18) file:/workdir/hadoop-ozone/integration-test/target/test-dir/MiniOzoneClusterImpl-5ef598d8-4f4c-4550-8452-dcb673683f2c/datanode-6/data/ratis/13e4c13b-d3f4-481b-b7a3-f7621388147a/sm/snapshot.1_18 time:45
2019-09-28 06:44:18,615 [72278b64-9966-4b87-b32a-72533108e712@group-F7621388147A-StateMachineUpdater] INFO  impl.StateMachineUpdater (StateMachineUpdater.java:takeSnapshot(258)) - 72278b64-9966-4b87-b32a-72533108e712@group-F7621388147A-StateMachineUpdater: Took a snapshot at index 18
2019-09-28 06:44:18,615 [72278b64-9966-4b87-b32a-72533108e712@group-F7621388147A-StateMachineUpdater] INFO  impl.StateMachineUpdater (StateMachineUpdater.java:lambda$new$0(83)) - 72278b64-9966-4b87-b32a-72533108e712@group-F7621388147A-StateMachineUpdater: snapshotIndex: updateIncreasingly -1 -> 18
2019-09-28 06:44:18,616 [main] INFO  impl.RaftServerImpl (ServerState.java:close(385)) - 72278b64-9966-4b87-b32a-72533108e712@group-F7621388147A: closes. applyIndex: 18
2019-09-28 06:44:18,617 [72278b64-9966-4b87-b32a-72533108e712@group-F7621388147A-SegmentedRaftLogWorker] INFO  segmented.SegmentedRaftLogWorker (SegmentedRaftLogWorker.java:run(313)) - 72278b64-9966-4b87-b32a-72533108e712@group-F7621388147A-SegmentedRaftLogWorker was interrupted, exiting. There are 0 tasks remaining in the queue.
2019-09-28 06:44:18,619 [main] INFO  segmented.SegmentedRaftLogWorker (SegmentedRaftLogWorker.java:close(228)) - 72278b64-9966-4b87-b32a-72533108e712@group-F7621388147A-SegmentedRaftLogWorker close()
2019-09-28 06:44:18,622 [main] INFO  impl.RaftServerImpl (RaftServerImpl.java:lambda$shutdown$3(251)) - 72278b64-9966-4b87-b32a-72533108e712@group-9B046845C590: shutdown
2019-09-28 06:44:18,623 [main] INFO  util.JmxRegister (JmxRegister.java:unregister(73)) - Successfully un-registered JMX Bean with object name Ratis:service=RaftServer,group=group-9B046845C590,id=72278b64-9966-4b87-b32a-72533108e712
2019-09-28 06:44:18,623 [main] INFO  impl.RoleInfo (RoleInfo.java:shutdownLeaderState(104)) - 72278b64-9966-4b87-b32a-72533108e712: shutdown LeaderState
2019-09-28 06:44:18,623 [main] INFO  impl.PendingRequests (PendingRequests.java:sendNotLeaderResponses(202)) - 72278b64-9966-4b87-b32a-72533108e712-PendingRequests: sendNotLeaderResponses
2019-09-28 06:44:18,624 [main] INFO  impl.StateMachineUpdater (StateMachineUpdater.java:stopAndJoin(125)) - 72278b64-9966-4b87-b32a-72533108e712@group-9B046845C590-StateMachineUpdater: set stopIndex = 0
2019-09-28 06:44:18,624 [main] INFO  impl.RaftServerImpl (ServerState.java:close(385)) - 72278b64-9966-4b87-b32a-72533108e712@group-9B046845C590: closes. applyIndex: 0
2019-09-28 06:44:18,625 [72278b64-9966-4b87-b32a-72533108e712@group-9B046845C590-SegmentedRaftLogWorker] INFO  segmented.SegmentedRaftLogWorker (SegmentedRaftLogWorker.java:run(313)) - 72278b64-9966-4b87-b32a-72533108e712@group-9B046845C590-SegmentedRaftLogWorker was interrupted, exiting. There are 0 tasks remaining in the queue.
2019-09-28 06:44:18,629 [main] INFO  segmented.SegmentedRaftLogWorker (SegmentedRaftLogWorker.java:close(228)) - 72278b64-9966-4b87-b32a-72533108e712@group-9B046845C590-SegmentedRaftLogWorker close()
2019-09-28 06:44:18,633 [main] INFO  server.GrpcService (GrpcService.java:closeImpl(164)) - 72278b64-9966-4b87-b32a-72533108e712: shutdown server with port 40488 now
2019-09-28 06:44:18,634 [grpc-default-executor-9] WARN  client.GrpcClientProtocolService (LogUtils.java:warn(134)) - 1-UnorderedRequestStreamObserver1: onError: org.apache.ratis.thirdparty.io.grpc.StatusRuntimeException: CANCELLED: cancelled before receiving half close
2019-09-28 06:44:18,634 [main] INFO  server.GrpcService (GrpcService.java:closeImpl(172)) - 72278b64-9966-4b87-b32a-72533108e712: shutdown server with port 40488 successfully
2019-09-28 06:44:18,638 [7fb751f0-cac0-4fd5-b9c8-df230946860c@group-F7621388147A-StateMachineUpdater] INFO  ratis.ContainerStateMachine (ContainerStateMachine.java:takeSnapshot(300)) - group-F7621388147A: Finished taking a snapshot at:(t:1, i:17) file:/workdir/hadoop-ozone/integration-test/target/test-dir/MiniOzoneClusterImpl-5ef598d8-4f4c-4550-8452-dcb673683f2c/datanode-5/data/ratis/13e4c13b-d3f4-481b-b7a3-f7621388147a/sm/snapshot.1_17 time:36
2019-09-28 06:44:18,638 [7fb751f0-cac0-4fd5-b9c8-df230946860c@group-F7621388147A-StateMachineUpdater] INFO  impl.StateMachineUpdater (StateMachineUpdater.java:takeSnapshot(258)) - 7fb751f0-cac0-4fd5-b9c8-df230946860c@group-F7621388147A-StateMachineUpdater: Took a snapshot at index 17
2019-09-28 06:44:18,638 [7fb751f0-cac0-4fd5-b9c8-df230946860c@group-F7621388147A-StateMachineUpdater] INFO  impl.StateMachineUpdater (StateMachineUpdater.java:lambda$new$0(83)) - 7fb751f0-cac0-4fd5-b9c8-df230946860c@group-F7621388147A-StateMachineUpdater: snapshotIndex: updateIncreasingly -1 -> 17
2019-09-28 06:44:18,639 [7fb751f0-cac0-4fd5-b9c8-df230946860c@group-F7621388147A-StateMachineUpdater] INFO  ratis.ContainerStateMachine (ContainerStateMachine.java:takeSnapshot(289)) - group-F7621388147A: Taking a snapshot at:(t:1, i:17) file /workdir/hadoop-ozone/integration-test/target/test-dir/MiniOzoneClusterImpl-5ef598d8-4f4c-4550-8452-dcb673683f2c/datanode-5/data/ratis/13e4c13b-d3f4-481b-b7a3-f7621388147a/sm/snapshot.1_17
2019-09-28 06:44:18,641 [refreshUsed-/workdir/hadoop-ozone/integration-test/target/test-dir/MiniOzoneClusterImpl-5ef598d8-4f4c-4550-8452-dcb673683f2c/datanode-6/data/containers] WARN  fs.CachingGetSpaceUsed (CachingGetSpaceUsed.java:run(183)) - Thread Interrupted waiting to refresh disk information: sleep interrupted
2019-09-28 06:44:18,659 [main] INFO  utils.BackgroundService (BackgroundService.java:shutdown(148)) - Shutting down service BlockDeletingService
2019-09-28 06:44:18,665 [7fb751f0-cac0-4fd5-b9c8-df230946860c@group-F7621388147A-StateMachineUpdater] INFO  ratis.ContainerStateMachine (ContainerStateMachine.java:takeSnapshot(300)) - group-F7621388147A: Finished taking a snapshot at:(t:1, i:17) file:/workdir/hadoop-ozone/integration-test/target/test-dir/MiniOzoneClusterImpl-5ef598d8-4f4c-4550-8452-dcb673683f2c/datanode-5/data/ratis/13e4c13b-d3f4-481b-b7a3-f7621388147a/sm/snapshot.1_17 time:26
2019-09-28 06:44:18,667 [main] INFO  statemachine.DatanodeStateMachine (DatanodeStateMachine.java:stopDaemon(395)) - Ozone container server stopped.
2019-09-28 06:44:18,667 [7fb751f0-cac0-4fd5-b9c8-df230946860c@group-F7621388147A-StateMachineUpdater] INFO  impl.StateMachineUpdater (StateMachineUpdater.java:takeSnapshot(258)) - 7fb751f0-cac0-4fd5-b9c8-df230946860c@group-F7621388147A-StateMachineUpdater: Took a snapshot at index 17
2019-09-28 06:44:18,667 [7fb751f0-cac0-4fd5-b9c8-df230946860c@group-F7621388147A-StateMachineUpdater] INFO  impl.StateMachineUpdater (StateMachineUpdater.java:lambda$new$0(83)) - 7fb751f0-cac0-4fd5-b9c8-df230946860c@group-F7621388147A-StateMachineUpdater: snapshotIndex: updateIncreasingly 17 -> 17
2019-09-28 06:44:18,667 [ForkJoinPool.commonPool-worker-0] INFO  impl.RaftServerImpl (ServerState.java:close(385)) - 7fb751f0-cac0-4fd5-b9c8-df230946860c@group-F7621388147A: closes. applyIndex: 18
2019-09-28 06:44:18,668 [7fb751f0-cac0-4fd5-b9c8-df230946860c@group-F7621388147A-SegmentedRaftLogWorker] INFO  segmented.SegmentedRaftLogWorker (SegmentedRaftLogWorker.java:run(313)) - 7fb751f0-cac0-4fd5-b9c8-df230946860c@group-F7621388147A-SegmentedRaftLogWorker was interrupted, exiting. There are 0 tasks remaining in the queue.
2019-09-28 06:44:18,670 [ForkJoinPool.commonPool-worker-0] INFO  segmented.SegmentedRaftLogWorker (SegmentedRaftLogWorker.java:close(228)) - 7fb751f0-cac0-4fd5-b9c8-df230946860c@group-F7621388147A-SegmentedRaftLogWorker close()
2019-09-28 06:44:18,670 [main] INFO  handler.ContextHandler (ContextHandler.java:doStop(910)) - Stopped o.e.j.w.WebAppContext@6c07ad6b{/,null,UNAVAILABLE}{/hddsDatanode}
2019-09-28 06:44:18,676 [ForkJoinPool.commonPool-worker-0] INFO  impl.RaftServerImpl (RaftServerImpl.java:lambda$shutdown$3(251)) - 7fb751f0-cac0-4fd5-b9c8-df230946860c@group-DFF10D8EAB86: shutdown
2019-09-28 06:44:18,677 [ForkJoinPool.commonPool-worker-0] INFO  util.JmxRegister (JmxRegister.java:unregister(73)) - Successfully un-registered JMX Bean with object name Ratis:service=RaftServer,group=group-DFF10D8EAB86,id=7fb751f0-cac0-4fd5-b9c8-df230946860c
2019-09-28 06:44:18,677 [ForkJoinPool.commonPool-worker-0] INFO  impl.RoleInfo (RoleInfo.java:shutdownLeaderState(104)) - 7fb751f0-cac0-4fd5-b9c8-df230946860c: shutdown LeaderState
2019-09-28 06:44:18,679 [main] INFO  server.AbstractConnector (AbstractConnector.java:doStop(318)) - Stopped ServerConnector@10ed037a{HTTP/1.1,[http/1.1]}{0.0.0.0:0}
2019-09-28 06:44:18,679 [ForkJoinPool.commonPool-worker-0] INFO  impl.PendingRequests (PendingRequests.java:sendNotLeaderResponses(202)) - 7fb751f0-cac0-4fd5-b9c8-df230946860c-PendingRequests: sendNotLeaderResponses
2019-09-28 06:44:18,679 [main] INFO  handler.ContextHandler (ContextHandler.java:doStop(910)) - Stopped o.e.j.s.ServletContextHandler@781654f8{/static,jar:file:/home/user/.m2/repository/org/apache/hadoop/hadoop-hdds-container-service/0.5.0-SNAPSHOT/hadoop-hdds-container-service-0.5.0-SNAPSHOT.jar!/webapps/static,UNAVAILABLE}
2019-09-28 06:44:18,679 [ForkJoinPool.commonPool-worker-0] INFO  impl.StateMachineUpdater (StateMachineUpdater.java:stopAndJoin(125)) - 7fb751f0-cac0-4fd5-b9c8-df230946860c@group-DFF10D8EAB86-StateMachineUpdater: set stopIndex = 0
2019-09-28 06:44:18,680 [main] INFO  handler.ContextHandler (ContextHandler.java:doStop(910)) - Stopped o.e.j.s.ServletContextHandler@2a99ca99{/logs,file:///workdir/hadoop-ozone/integration-test/target/log,UNAVAILABLE}
2019-09-28 06:44:18,680 [ForkJoinPool.commonPool-worker-0] INFO  impl.RaftServerImpl (ServerState.java:close(385)) - 7fb751f0-cac0-4fd5-b9c8-df230946860c@group-DFF10D8EAB86: closes. applyIndex: 0
2019-09-28 06:44:18,681 [7fb751f0-cac0-4fd5-b9c8-df230946860c@group-DFF10D8EAB86-SegmentedRaftLogWorker] INFO  segmented.SegmentedRaftLogWorker (SegmentedRaftLogWorker.java:run(313)) - 7fb751f0-cac0-4fd5-b9c8-df230946860c@group-DFF10D8EAB86-SegmentedRaftLogWorker was interrupted, exiting. There are 0 tasks remaining in the queue.
2019-09-28 06:44:18,681 [ForkJoinPool.commonPool-worker-0] INFO  segmented.SegmentedRaftLogWorker (SegmentedRaftLogWorker.java:close(228)) - 7fb751f0-cac0-4fd5-b9c8-df230946860c@group-DFF10D8EAB86-SegmentedRaftLogWorker close()
2019-09-28 06:44:18,683 [ForkJoinPool.commonPool-worker-0] INFO  server.GrpcService (GrpcService.java:closeImpl(164)) - 7fb751f0-cac0-4fd5-b9c8-df230946860c: shutdown server with port 40926 now
2019-09-28 06:44:18,683 [ForkJoinPool.commonPool-worker-0] INFO  server.GrpcService (GrpcService.java:closeImpl(172)) - 7fb751f0-cac0-4fd5-b9c8-df230946860c: shutdown server with port 40926 successfully
2019-09-28 06:44:18,685 [refreshUsed-/workdir/hadoop-ozone/integration-test/target/test-dir/MiniOzoneClusterImpl-5ef598d8-4f4c-4550-8452-dcb673683f2c/datanode-5/data/containers] WARN  fs.CachingGetSpaceUsed (CachingGetSpaceUsed.java:run(183)) - Thread Interrupted waiting to refresh disk information: sleep interrupted
2019-09-28 06:44:18,707 [ForkJoinPool.commonPool-worker-0] INFO  utils.BackgroundService (BackgroundService.java:shutdown(148)) - Shutting down service BlockDeletingService
2019-09-28 06:44:18,711 [ForkJoinPool.commonPool-worker-0] INFO  statemachine.DatanodeStateMachine (DatanodeStateMachine.java:stopDaemon(395)) - Ozone container server stopped.
2019-09-28 06:44:18,714 [ForkJoinPool.commonPool-worker-0] INFO  handler.ContextHandler (ContextHandler.java:doStop(910)) - Stopped o.e.j.w.WebAppContext@6dd79214{/,null,UNAVAILABLE}{/hddsDatanode}
2019-09-28 06:44:18,715 [ForkJoinPool.commonPool-worker-0] INFO  server.AbstractConnector (AbstractConnector.java:doStop(318)) - Stopped ServerConnector@ef86c72{HTTP/1.1,[http/1.1]}{0.0.0.0:0}
2019-09-28 06:44:18,718 [ForkJoinPool.commonPool-worker-0] INFO  handler.ContextHandler (ContextHandler.java:doStop(910)) - Stopped o.e.j.s.ServletContextHandler@597d48ca{/static,jar:file:/home/user/.m2/repository/org/apache/hadoop/hadoop-hdds-container-service/0.5.0-SNAPSHOT/hadoop-hdds-container-service-0.5.0-SNAPSHOT.jar!/webapps/static,UNAVAILABLE}
2019-09-28 06:44:18,718 [ForkJoinPool.commonPool-worker-0] INFO  handler.ContextHandler (ContextHandler.java:doStop(910)) - Stopped o.e.j.s.ServletContextHandler@242ff747{/logs,file:///workdir/hadoop-ozone/integration-test/target/log,UNAVAILABLE}
2019-09-28 06:44:18,719 [main] INFO  ozone.MiniOzoneClusterImpl (MiniOzoneClusterImpl.java:stopSCM(392)) - Stopping the StorageContainerManager
2019-09-28 06:44:18,719 [main] INFO  server.StorageContainerManager (StorageContainerManager.java:stop(808)) - Stopping Replication Manager Service.
2019-09-28 06:44:18,720 [main] INFO  container.ReplicationManager (ReplicationManager.java:stop(203)) - Stopping Replication Monitor Thread.
2019-09-28 06:44:18,720 [main] INFO  server.StorageContainerManager (StorageContainerManager.java:stop(815)) - Stopping Lease Manager of the command watchers
2019-09-28 06:44:18,720 [main] INFO  server.StorageContainerManager (StorageContainerManager.java:stop(822)) - Stopping datanode service RPC server
2019-09-28 06:44:18,720 [main] INFO  server.SCMDatanodeProtocolServer (SCMDatanodeProtocolServer.java:stop(367)) - Stopping the RPC server for DataNodes
2019-09-28 06:44:18,720 [main] INFO  ipc.Server (Server.java:stop(3082)) - Stopping server on 32962
2019-09-28 06:44:18,723 [IPC Server listener on 32962] INFO  ipc.Server (Server.java:run(1185)) - Stopping IPC Server listener on 32962
2019-09-28 06:44:18,724 [IPC Server Responder] INFO  ipc.Server (Server.java:run(1319)) - Stopping IPC Server Responder
2019-09-28 06:44:18,793 [SCM Heartbeat Processing Thread - 0] WARN  node.NodeStateManager (NodeStateManager.java:scheduleNextHealthCheck(646)) - Current Thread is interrupted, shutting down HB processing thread for Node Manager.
2019-09-28 06:44:18,793 [main] INFO  server.StorageContainerManager (StorageContainerManager.java:stop(830)) - Stopping block service RPC server
2019-09-28 06:44:18,793 [main] INFO  server.SCMBlockProtocolServer (SCMBlockProtocolServer.java:stop(155)) - Stopping the RPC server for Block Protocol
2019-09-28 06:44:18,794 [main] INFO  ipc.Server (Server.java:stop(3082)) - Stopping server on 33659
2019-09-28 06:44:18,797 [IPC Server listener on 33659] INFO  ipc.Server (Server.java:run(1185)) - Stopping IPC Server listener on 33659
2019-09-28 06:44:18,797 [IPC Server Responder] INFO  ipc.Server (Server.java:run(1319)) - Stopping IPC Server Responder
2019-09-28 06:44:18,797 [main] INFO  server.StorageContainerManager (StorageContainerManager.java:stop(837)) - Stopping the StorageContainerLocationProtocol RPC server
2019-09-28 06:44:18,798 [main] INFO  server.SCMClientProtocolServer (SCMClientProtocolServer.java:stop(158)) - Stopping the RPC server for Client Protocol
2019-09-28 06:44:18,798 [main] INFO  ipc.Server (Server.java:stop(3082)) - Stopping server on 37933
2019-09-28 06:44:18,800 [IPC Server listener on 37933] INFO  ipc.Server (Server.java:run(1185)) - Stopping IPC Server listener on 37933
2019-09-28 06:44:18,800 [main] INFO  server.StorageContainerManager (StorageContainerManager.java:stop(844)) - Stopping Storage Container Manager HTTP server.
2019-09-28 06:44:18,800 [IPC Server Responder] INFO  ipc.Server (Server.java:run(1319)) - Stopping IPC Server Responder
2019-09-28 06:44:18,802 [main] INFO  handler.ContextHandler (ContextHandler.java:doStop(910)) - Stopped o.e.j.w.WebAppContext@6314df3c{/,null,UNAVAILABLE}{/scm}
2019-09-28 06:44:18,802 [main] INFO  server.AbstractConnector (AbstractConnector.java:doStop(318)) - Stopped ServerConnector@5785e813{HTTP/1.1,[http/1.1]}{0.0.0.0:0}
2019-09-28 06:44:18,803 [main] INFO  handler.ContextHandler (ContextHandler.java:doStop(910)) - Stopped o.e.j.s.ServletContextHandler@6c951ada{/static,file:///workdir/hadoop-ozone/integration-test/target/test-classes/webapps/static,UNAVAILABLE}
2019-09-28 06:44:18,803 [main] INFO  handler.ContextHandler (ContextHandler.java:doStop(910)) - Stopped o.e.j.s.ServletContextHandler@38ac8968{/logs,file:///workdir/hadoop-ozone/integration-test/target/log,UNAVAILABLE}
2019-09-28 06:44:18,803 [main] INFO  server.StorageContainerManager (StorageContainerManager.java:stop(855)) - Stopping Block Manager Service.
2019-09-28 06:44:18,804 [main] INFO  utils.BackgroundService (BackgroundService.java:shutdown(148)) - Shutting down service SCMBlockDeletingService
2019-09-28 06:44:18,804 [main] INFO  utils.BackgroundService (BackgroundService.java:shutdown(148)) - Shutting down service SCMBlockDeletingService
2019-09-28 06:44:18,804 [main] INFO  server.StorageContainerManager (StorageContainerManager.java:stop(877)) - Stopping SCM Event Queue.
2019-09-28 06:44:18,809 [main] INFO  impl.MetricsSystemImpl (MetricsSystemImpl.java:stop(210)) - Stopping HddsDatanode metrics system...
2019-09-28 06:44:18,826 [main] INFO  impl.MetricsSystemImpl (MetricsSystemImpl.java:stop(216)) - HddsDatanode metrics system stopped.
]]></system-out>
    <system-err><![CDATA[Sep 28, 2019 6:43:52 AM org.apache.ratis.thirdparty.io.grpc.internal.ManagedChannelOrphanWrapper$ManagedChannelReference cleanQueue
SEVERE: *~*~*~ Channel ManagedChannelImpl{logId=2972, target=192.168.30.10:45674} was not shutdown properly!!! ~*~*~*
    Make sure to call shutdown()/shutdownNow() and wait until awaitTermination() returns true.
java.lang.RuntimeException: ManagedChannel allocation site
	at org.apache.ratis.thirdparty.io.grpc.internal.ManagedChannelOrphanWrapper$ManagedChannelReference.<init>(ManagedChannelOrphanWrapper.java:103)
	at org.apache.ratis.thirdparty.io.grpc.internal.ManagedChannelOrphanWrapper.<init>(ManagedChannelOrphanWrapper.java:53)
	at org.apache.ratis.thirdparty.io.grpc.internal.ManagedChannelOrphanWrapper.<init>(ManagedChannelOrphanWrapper.java:44)
	at org.apache.ratis.thirdparty.io.grpc.internal.AbstractManagedChannelImplBuilder.build(AbstractManagedChannelImplBuilder.java:411)
	at org.apache.hadoop.hdds.scm.XceiverClientGrpc.connectToDatanode(XceiverClientGrpc.java:181)
	at org.apache.hadoop.hdds.scm.XceiverClientGrpc.reconnect(XceiverClientGrpc.java:429)
	at org.apache.hadoop.hdds.scm.XceiverClientGrpc.sendCommandAsync(XceiverClientGrpc.java:378)
	at org.apache.hadoop.hdds.scm.XceiverClientGrpc.sendCommandWithRetry(XceiverClientGrpc.java:291)
	at org.apache.hadoop.hdds.scm.XceiverClientGrpc.sendCommandWithTraceIDAndRetry(XceiverClientGrpc.java:257)
	at org.apache.hadoop.hdds.scm.XceiverClientGrpc.sendCommand(XceiverClientGrpc.java:240)
	at org.apache.hadoop.hdds.scm.storage.ContainerProtocolCalls.getBlock(ContainerProtocolCalls.java:118)
	at org.apache.hadoop.hdds.scm.storage.BlockInputStream.getChunkInfos(BlockInputStream.java:167)
	at org.apache.hadoop.hdds.scm.storage.BlockInputStream.initialize(BlockInputStream.java:118)
	at org.apache.hadoop.hdds.scm.storage.BlockInputStream.read(BlockInputStream.java:222)
	at org.apache.hadoop.ozone.client.io.KeyInputStream.read(KeyInputStream.java:171)
	at org.apache.hadoop.ozone.client.io.OzoneInputStream.read(OzoneInputStream.java:47)
	at java.io.InputStream.read(InputStream.java:101)
	at org.apache.hadoop.ozone.container.ContainerTestHelper.validateData(ContainerTestHelper.java:714)
	at org.apache.hadoop.ozone.client.rpc.TestBlockOutputStreamWithFailures.validateData(TestBlockOutputStreamWithFailures.java:1216)
	at org.apache.hadoop.ozone.client.rpc.TestBlockOutputStreamWithFailures.testWatchForCommitWithSingleNodeRatis(TestBlockOutputStreamWithFailures.java:918)
	at sun.reflect.NativeMethodAccessorImpl.invoke0(Native Method)
	at sun.reflect.NativeMethodAccessorImpl.invoke(NativeMethodAccessorImpl.java:62)
	at sun.reflect.DelegatingMethodAccessorImpl.invoke(DelegatingMethodAccessorImpl.java:43)
	at java.lang.reflect.Method.invoke(Method.java:498)
	at org.junit.runners.model.FrameworkMethod$1.runReflectiveCall(FrameworkMethod.java:47)
	at org.junit.internal.runners.model.ReflectiveCallable.run(ReflectiveCallable.java:12)
	at org.junit.runners.model.FrameworkMethod.invokeExplosively(FrameworkMethod.java:44)
	at org.junit.internal.runners.statements.InvokeMethod.evaluate(InvokeMethod.java:17)
	at org.junit.internal.runners.statements.RunBefores.evaluate(RunBefores.java:26)
	at org.junit.internal.runners.statements.RunAfters.evaluate(RunAfters.java:27)
	at org.junit.runners.ParentRunner.runLeaf(ParentRunner.java:271)
	at org.junit.runners.BlockJUnit4ClassRunner.runChild(BlockJUnit4ClassRunner.java:70)
	at org.junit.runners.BlockJUnit4ClassRunner.runChild(BlockJUnit4ClassRunner.java:50)
	at org.junit.runners.ParentRunner$3.run(ParentRunner.java:238)
	at org.junit.runners.ParentRunner$1.schedule(ParentRunner.java:63)
	at org.junit.runners.ParentRunner.runChildren(ParentRunner.java:236)
	at org.junit.runners.ParentRunner.access$000(ParentRunner.java:53)
	at org.junit.runners.ParentRunner$2.evaluate(ParentRunner.java:229)
	at org.junit.runners.ParentRunner.run(ParentRunner.java:309)
	at org.apache.maven.surefire.junit4.JUnit4Provider.execute(JUnit4Provider.java:365)
	at org.apache.maven.surefire.junit4.JUnit4Provider.executeWithRerun(JUnit4Provider.java:273)
	at org.apache.maven.surefire.junit4.JUnit4Provider.executeTestSet(JUnit4Provider.java:238)
	at org.apache.maven.surefire.junit4.JUnit4Provider.invoke(JUnit4Provider.java:159)
	at org.apache.maven.surefire.booter.ForkedBooter.invokeProviderInSameClassLoader(ForkedBooter.java:384)
	at org.apache.maven.surefire.booter.ForkedBooter.runSuitesInProcess(ForkedBooter.java:345)
	at org.apache.maven.surefire.booter.ForkedBooter.execute(ForkedBooter.java:126)
	at org.apache.maven.surefire.booter.ForkedBooter.main(ForkedBooter.java:418)

Sep 28, 2019 6:43:52 AM org.apache.ratis.thirdparty.io.grpc.internal.ManagedChannelOrphanWrapper$ManagedChannelReference cleanQueue
SEVERE: *~*~*~ Channel ManagedChannelImpl{logId=2798, target=192.168.30.10:36428} was not shutdown properly!!! ~*~*~*
    Make sure to call shutdown()/shutdownNow() and wait until awaitTermination() returns true.
java.lang.RuntimeException: ManagedChannel allocation site
	at org.apache.ratis.thirdparty.io.grpc.internal.ManagedChannelOrphanWrapper$ManagedChannelReference.<init>(ManagedChannelOrphanWrapper.java:103)
	at org.apache.ratis.thirdparty.io.grpc.internal.ManagedChannelOrphanWrapper.<init>(ManagedChannelOrphanWrapper.java:53)
	at org.apache.ratis.thirdparty.io.grpc.internal.ManagedChannelOrphanWrapper.<init>(ManagedChannelOrphanWrapper.java:44)
	at org.apache.ratis.thirdparty.io.grpc.internal.AbstractManagedChannelImplBuilder.build(AbstractManagedChannelImplBuilder.java:411)
	at org.apache.hadoop.hdds.scm.XceiverClientGrpc.connectToDatanode(XceiverClientGrpc.java:181)
	at org.apache.hadoop.hdds.scm.XceiverClientGrpc.reconnect(XceiverClientGrpc.java:429)
	at org.apache.hadoop.hdds.scm.XceiverClientGrpc.sendCommandAsync(XceiverClientGrpc.java:378)
	at org.apache.hadoop.hdds.scm.XceiverClientGrpc.sendCommandWithRetry(XceiverClientGrpc.java:291)
	at org.apache.hadoop.hdds.scm.XceiverClientGrpc.sendCommandWithTraceIDAndRetry(XceiverClientGrpc.java:257)
	at org.apache.hadoop.hdds.scm.XceiverClientGrpc.sendCommand(XceiverClientGrpc.java:240)
	at org.apache.hadoop.hdds.scm.storage.ContainerProtocolCalls.getBlock(ContainerProtocolCalls.java:118)
	at org.apache.hadoop.hdds.scm.storage.BlockInputStream.getChunkInfos(BlockInputStream.java:167)
	at org.apache.hadoop.hdds.scm.storage.BlockInputStream.initialize(BlockInputStream.java:118)
	at org.apache.hadoop.hdds.scm.storage.BlockInputStream.read(BlockInputStream.java:222)
	at org.apache.hadoop.ozone.client.io.KeyInputStream.read(KeyInputStream.java:171)
	at org.apache.hadoop.ozone.client.io.OzoneInputStream.read(OzoneInputStream.java:47)
	at java.io.InputStream.read(InputStream.java:101)
	at org.apache.hadoop.ozone.container.ContainerTestHelper.validateData(ContainerTestHelper.java:714)
	at org.apache.hadoop.ozone.client.rpc.TestBlockOutputStreamWithFailures.validateData(TestBlockOutputStreamWithFailures.java:1216)
	at org.apache.hadoop.ozone.client.rpc.TestBlockOutputStreamWithFailures.testDatanodeFailureWithSingleNodeRatis(TestBlockOutputStreamWithFailures.java:1058)
	at sun.reflect.NativeMethodAccessorImpl.invoke0(Native Method)
	at sun.reflect.NativeMethodAccessorImpl.invoke(NativeMethodAccessorImpl.java:62)
	at sun.reflect.DelegatingMethodAccessorImpl.invoke(DelegatingMethodAccessorImpl.java:43)
	at java.lang.reflect.Method.invoke(Method.java:498)
	at org.junit.runners.model.FrameworkMethod$1.runReflectiveCall(FrameworkMethod.java:47)
	at org.junit.internal.runners.model.ReflectiveCallable.run(ReflectiveCallable.java:12)
	at org.junit.runners.model.FrameworkMethod.invokeExplosively(FrameworkMethod.java:44)
	at org.junit.internal.runners.statements.InvokeMethod.evaluate(InvokeMethod.java:17)
	at org.junit.internal.runners.statements.RunBefores.evaluate(RunBefores.java:26)
	at org.junit.internal.runners.statements.RunAfters.evaluate(RunAfters.java:27)
	at org.junit.runners.ParentRunner.runLeaf(ParentRunner.java:271)
	at org.junit.runners.BlockJUnit4ClassRunner.runChild(BlockJUnit4ClassRunner.java:70)
	at org.junit.runners.BlockJUnit4ClassRunner.runChild(BlockJUnit4ClassRunner.java:50)
	at org.junit.runners.ParentRunner$3.run(ParentRunner.java:238)
	at org.junit.runners.ParentRunner$1.schedule(ParentRunner.java:63)
	at org.junit.runners.ParentRunner.runChildren(ParentRunner.java:236)
	at org.junit.runners.ParentRunner.access$000(ParentRunner.java:53)
	at org.junit.runners.ParentRunner$2.evaluate(ParentRunner.java:229)
	at org.junit.runners.ParentRunner.run(ParentRunner.java:309)
	at org.apache.maven.surefire.junit4.JUnit4Provider.execute(JUnit4Provider.java:365)
	at org.apache.maven.surefire.junit4.JUnit4Provider.executeWithRerun(JUnit4Provider.java:273)
	at org.apache.maven.surefire.junit4.JUnit4Provider.executeTestSet(JUnit4Provider.java:238)
	at org.apache.maven.surefire.junit4.JUnit4Provider.invoke(JUnit4Provider.java:159)
	at org.apache.maven.surefire.booter.ForkedBooter.invokeProviderInSameClassLoader(ForkedBooter.java:384)
	at org.apache.maven.surefire.booter.ForkedBooter.runSuitesInProcess(ForkedBooter.java:345)
	at org.apache.maven.surefire.booter.ForkedBooter.execute(ForkedBooter.java:126)
	at org.apache.maven.surefire.booter.ForkedBooter.main(ForkedBooter.java:418)

Sep 28, 2019 6:43:52 AM org.apache.ratis.thirdparty.io.grpc.internal.ManagedChannelOrphanWrapper$ManagedChannelReference cleanQueue
SEVERE: *~*~*~ Channel ManagedChannelImpl{logId=2967, target=192.168.30.10:35424} was not shutdown properly!!! ~*~*~*
    Make sure to call shutdown()/shutdownNow() and wait until awaitTermination() returns true.
java.lang.RuntimeException: ManagedChannel allocation site
	at org.apache.ratis.thirdparty.io.grpc.internal.ManagedChannelOrphanWrapper$ManagedChannelReference.<init>(ManagedChannelOrphanWrapper.java:103)
	at org.apache.ratis.thirdparty.io.grpc.internal.ManagedChannelOrphanWrapper.<init>(ManagedChannelOrphanWrapper.java:53)
	at org.apache.ratis.thirdparty.io.grpc.internal.ManagedChannelOrphanWrapper.<init>(ManagedChannelOrphanWrapper.java:44)
	at org.apache.ratis.thirdparty.io.grpc.internal.AbstractManagedChannelImplBuilder.build(AbstractManagedChannelImplBuilder.java:411)
	at org.apache.hadoop.hdds.scm.XceiverClientGrpc.connectToDatanode(XceiverClientGrpc.java:181)
	at org.apache.hadoop.hdds.scm.XceiverClientGrpc.reconnect(XceiverClientGrpc.java:429)
	at org.apache.hadoop.hdds.scm.XceiverClientGrpc.sendCommandAsync(XceiverClientGrpc.java:378)
	at org.apache.hadoop.hdds.scm.XceiverClientGrpc.sendCommandWithRetry(XceiverClientGrpc.java:291)
	at org.apache.hadoop.hdds.scm.XceiverClientGrpc.sendCommandWithTraceIDAndRetry(XceiverClientGrpc.java:257)
	at org.apache.hadoop.hdds.scm.XceiverClientGrpc.sendCommand(XceiverClientGrpc.java:240)
	at org.apache.hadoop.hdds.scm.storage.ContainerProtocolCalls.getBlock(ContainerProtocolCalls.java:118)
	at org.apache.hadoop.hdds.scm.storage.BlockInputStream.getChunkInfos(BlockInputStream.java:167)
	at org.apache.hadoop.hdds.scm.storage.BlockInputStream.initialize(BlockInputStream.java:118)
	at org.apache.hadoop.hdds.scm.storage.BlockInputStream.read(BlockInputStream.java:222)
	at org.apache.hadoop.ozone.client.io.KeyInputStream.read(KeyInputStream.java:171)
	at org.apache.hadoop.ozone.client.io.OzoneInputStream.read(OzoneInputStream.java:47)
	at java.io.InputStream.read(InputStream.java:101)
	at org.apache.hadoop.ozone.container.ContainerTestHelper.validateData(ContainerTestHelper.java:714)
	at org.apache.hadoop.ozone.client.rpc.TestBlockOutputStreamWithFailures.validateData(TestBlockOutputStreamWithFailures.java:1216)
	at org.apache.hadoop.ozone.client.rpc.TestBlockOutputStreamWithFailures.testWatchForCommitWithSingleNodeRatis(TestBlockOutputStreamWithFailures.java:918)
	at sun.reflect.NativeMethodAccessorImpl.invoke0(Native Method)
	at sun.reflect.NativeMethodAccessorImpl.invoke(NativeMethodAccessorImpl.java:62)
	at sun.reflect.DelegatingMethodAccessorImpl.invoke(DelegatingMethodAccessorImpl.java:43)
	at java.lang.reflect.Method.invoke(Method.java:498)
	at org.junit.runners.model.FrameworkMethod$1.runReflectiveCall(FrameworkMethod.java:47)
	at org.junit.internal.runners.model.ReflectiveCallable.run(ReflectiveCallable.java:12)
	at org.junit.runners.model.FrameworkMethod.invokeExplosively(FrameworkMethod.java:44)
	at org.junit.internal.runners.statements.InvokeMethod.evaluate(InvokeMethod.java:17)
	at org.junit.internal.runners.statements.RunBefores.evaluate(RunBefores.java:26)
	at org.junit.internal.runners.statements.RunAfters.evaluate(RunAfters.java:27)
	at org.junit.runners.ParentRunner.runLeaf(ParentRunner.java:271)
	at org.junit.runners.BlockJUnit4ClassRunner.runChild(BlockJUnit4ClassRunner.java:70)
	at org.junit.runners.BlockJUnit4ClassRunner.runChild(BlockJUnit4ClassRunner.java:50)
	at org.junit.runners.ParentRunner$3.run(ParentRunner.java:238)
	at org.junit.runners.ParentRunner$1.schedule(ParentRunner.java:63)
	at org.junit.runners.ParentRunner.runChildren(ParentRunner.java:236)
	at org.junit.runners.ParentRunner.access$000(ParentRunner.java:53)
	at org.junit.runners.ParentRunner$2.evaluate(ParentRunner.java:229)
	at org.junit.runners.ParentRunner.run(ParentRunner.java:309)
	at org.apache.maven.surefire.junit4.JUnit4Provider.execute(JUnit4Provider.java:365)
	at org.apache.maven.surefire.junit4.JUnit4Provider.executeWithRerun(JUnit4Provider.java:273)
	at org.apache.maven.surefire.junit4.JUnit4Provider.executeTestSet(JUnit4Provider.java:238)
	at org.apache.maven.surefire.junit4.JUnit4Provider.invoke(JUnit4Provider.java:159)
	at org.apache.maven.surefire.booter.ForkedBooter.invokeProviderInSameClassLoader(ForkedBooter.java:384)
	at org.apache.maven.surefire.booter.ForkedBooter.runSuitesInProcess(ForkedBooter.java:345)
	at org.apache.maven.surefire.booter.ForkedBooter.execute(ForkedBooter.java:126)
	at org.apache.maven.surefire.booter.ForkedBooter.main(ForkedBooter.java:418)

Sep 28, 2019 6:43:52 AM org.apache.ratis.thirdparty.io.grpc.internal.ManagedChannelOrphanWrapper$ManagedChannelReference cleanQueue
SEVERE: *~*~*~ Channel ManagedChannelImpl{logId=2962, target=192.168.30.10:34561} was not shutdown properly!!! ~*~*~*
    Make sure to call shutdown()/shutdownNow() and wait until awaitTermination() returns true.
java.lang.RuntimeException: ManagedChannel allocation site
	at org.apache.ratis.thirdparty.io.grpc.internal.ManagedChannelOrphanWrapper$ManagedChannelReference.<init>(ManagedChannelOrphanWrapper.java:103)
	at org.apache.ratis.thirdparty.io.grpc.internal.ManagedChannelOrphanWrapper.<init>(ManagedChannelOrphanWrapper.java:53)
	at org.apache.ratis.thirdparty.io.grpc.internal.ManagedChannelOrphanWrapper.<init>(ManagedChannelOrphanWrapper.java:44)
	at org.apache.ratis.thirdparty.io.grpc.internal.AbstractManagedChannelImplBuilder.build(AbstractManagedChannelImplBuilder.java:411)
	at org.apache.ratis.grpc.client.GrpcClientProtocolClient.<init>(GrpcClientProtocolClient.java:127)
	at org.apache.ratis.grpc.client.GrpcClientRpc.lambda$new$0(GrpcClientRpc.java:55)
	at org.apache.ratis.util.PeerProxyMap$PeerAndProxy.lambda$getProxy$0(PeerProxyMap.java:61)
	at org.apache.ratis.util.LifeCycle.startAndTransition(LifeCycle.java:202)
	at org.apache.ratis.util.PeerProxyMap$PeerAndProxy.getProxy(PeerProxyMap.java:60)
	at org.apache.ratis.util.PeerProxyMap.getProxy(PeerProxyMap.java:108)
	at org.apache.ratis.grpc.client.GrpcClientRpc.sendRequestAsync(GrpcClientRpc.java:66)
	at org.apache.ratis.client.impl.OrderedAsync.sendRequest(OrderedAsync.java:208)
	at org.apache.ratis.client.impl.OrderedAsync.sendRequestWithRetry(OrderedAsync.java:169)
	at org.apache.ratis.util.SlidingWindow$Client.sendOrDelayRequest(SlidingWindow.java:278)
	at org.apache.ratis.util.SlidingWindow$Client.submitNewRequest(SlidingWindow.java:257)
	at org.apache.ratis.client.impl.OrderedAsync.send(OrderedAsync.java:155)
	at org.apache.ratis.client.impl.RaftClientImpl.sendAsync(RaftClientImpl.java:144)
	at org.apache.ratis.client.impl.RaftClientImpl.sendAsync(RaftClientImpl.java:124)
	at org.apache.hadoop.hdds.scm.XceiverClientRatis.sendRequestAsync(XceiverClientRatis.java:234)
	at org.apache.hadoop.hdds.scm.XceiverClientRatis.sendCommandAsync(XceiverClientRatis.java:332)
	at org.apache.hadoop.hdds.scm.storage.ContainerProtocolCalls.writeChunkAsync(ContainerProtocolCalls.java:310)
	at org.apache.hadoop.hdds.scm.storage.BlockOutputStream.writeChunkToContainer(BlockOutputStream.java:601)
	at org.apache.hadoop.hdds.scm.storage.BlockOutputStream.writeChunk(BlockOutputStream.java:459)
	at org.apache.hadoop.hdds.scm.storage.BlockOutputStream.writeOnRetry(BlockOutputStream.java:285)
	at org.apache.hadoop.ozone.client.io.BlockOutputStreamEntry.writeOnRetry(BlockOutputStreamEntry.java:200)
	at org.apache.hadoop.ozone.client.io.KeyOutputStream.handleWrite(KeyOutputStream.java:206)
	at org.apache.hadoop.ozone.client.io.KeyOutputStream.handleRetry(KeyOutputStream.java:375)
	at org.apache.hadoop.ozone.client.io.KeyOutputStream.handleException(KeyOutputStream.java:324)
	at org.apache.hadoop.ozone.client.io.KeyOutputStream.handleFlushOrClose(KeyOutputStream.java:449)
	at org.apache.hadoop.ozone.client.io.KeyOutputStream.handleWrite(KeyOutputStream.java:232)
	at org.apache.hadoop.ozone.client.io.KeyOutputStream.write(KeyOutputStream.java:190)
	at org.apache.hadoop.ozone.client.io.OzoneOutputStream.write(OzoneOutputStream.java:49)
	at java.io.OutputStream.write(OutputStream.java:75)
	at org.apache.hadoop.ozone.client.rpc.TestBlockOutputStreamWithFailures.testWatchForCommitWithSingleNodeRatis(TestBlockOutputStreamWithFailures.java:885)
	at sun.reflect.NativeMethodAccessorImpl.invoke0(Native Method)
	at sun.reflect.NativeMethodAccessorImpl.invoke(NativeMethodAccessorImpl.java:62)
	at sun.reflect.DelegatingMethodAccessorImpl.invoke(DelegatingMethodAccessorImpl.java:43)
	at java.lang.reflect.Method.invoke(Method.java:498)
	at org.junit.runners.model.FrameworkMethod$1.runReflectiveCall(FrameworkMethod.java:47)
	at org.junit.internal.runners.model.ReflectiveCallable.run(ReflectiveCallable.java:12)
	at org.junit.runners.model.FrameworkMethod.invokeExplosively(FrameworkMethod.java:44)
	at org.junit.internal.runners.statements.InvokeMethod.evaluate(InvokeMethod.java:17)
	at org.junit.internal.runners.statements.RunBefores.evaluate(RunBefores.java:26)
	at org.junit.internal.runners.statements.RunAfters.evaluate(RunAfters.java:27)
	at org.junit.runners.ParentRunner.runLeaf(ParentRunner.java:271)
	at org.junit.runners.BlockJUnit4ClassRunner.runChild(BlockJUnit4ClassRunner.java:70)
	at org.junit.runners.BlockJUnit4ClassRunner.runChild(BlockJUnit4ClassRunner.java:50)
	at org.junit.runners.ParentRunner$3.run(ParentRunner.java:238)
	at org.junit.runners.ParentRunner$1.schedule(ParentRunner.java:63)
	at org.junit.runners.ParentRunner.runChildren(ParentRunner.java:236)
	at org.junit.runners.ParentRunner.access$000(ParentRunner.java:53)
	at org.junit.runners.ParentRunner$2.evaluate(ParentRunner.java:229)
	at org.junit.runners.ParentRunner.run(ParentRunner.java:309)
	at org.apache.maven.surefire.junit4.JUnit4Provider.execute(JUnit4Provider.java:365)
	at org.apache.maven.surefire.junit4.JUnit4Provider.executeWithRerun(JUnit4Provider.java:273)
	at org.apache.maven.surefire.junit4.JUnit4Provider.executeTestSet(JUnit4Provider.java:238)
	at org.apache.maven.surefire.junit4.JUnit4Provider.invoke(JUnit4Provider.java:159)
	at org.apache.maven.surefire.booter.ForkedBooter.invokeProviderInSameClassLoader(ForkedBooter.java:384)
	at org.apache.maven.surefire.booter.ForkedBooter.runSuitesInProcess(ForkedBooter.java:345)
	at org.apache.maven.surefire.booter.ForkedBooter.execute(ForkedBooter.java:126)
	at org.apache.maven.surefire.booter.ForkedBooter.main(ForkedBooter.java:418)

Sep 28, 2019 6:43:52 AM org.apache.ratis.thirdparty.io.grpc.internal.ManagedChannelOrphanWrapper$ManagedChannelReference cleanQueue
SEVERE: *~*~*~ Channel ManagedChannelImpl{logId=2957, target=192.168.30.10:39237} was not shutdown properly!!! ~*~*~*
    Make sure to call shutdown()/shutdownNow() and wait until awaitTermination() returns true.
java.lang.RuntimeException: ManagedChannel allocation site
	at org.apache.ratis.thirdparty.io.grpc.internal.ManagedChannelOrphanWrapper$ManagedChannelReference.<init>(ManagedChannelOrphanWrapper.java:103)
	at org.apache.ratis.thirdparty.io.grpc.internal.ManagedChannelOrphanWrapper.<init>(ManagedChannelOrphanWrapper.java:53)
	at org.apache.ratis.thirdparty.io.grpc.internal.ManagedChannelOrphanWrapper.<init>(ManagedChannelOrphanWrapper.java:44)
	at org.apache.ratis.thirdparty.io.grpc.internal.AbstractManagedChannelImplBuilder.build(AbstractManagedChannelImplBuilder.java:411)
	at org.apache.ratis.grpc.client.GrpcClientProtocolClient.<init>(GrpcClientProtocolClient.java:127)
	at org.apache.ratis.grpc.client.GrpcClientRpc.lambda$new$0(GrpcClientRpc.java:55)
	at org.apache.ratis.util.PeerProxyMap$PeerAndProxy.lambda$getProxy$0(PeerProxyMap.java:61)
	at org.apache.ratis.util.LifeCycle.startAndTransition(LifeCycle.java:202)
	at org.apache.ratis.util.PeerProxyMap$PeerAndProxy.getProxy(PeerProxyMap.java:60)
	at org.apache.ratis.util.PeerProxyMap.getProxy(PeerProxyMap.java:108)
	at org.apache.ratis.grpc.client.GrpcClientRpc.sendRequestAsync(GrpcClientRpc.java:66)
	at org.apache.ratis.client.impl.OrderedAsync.sendRequest(OrderedAsync.java:208)
	at org.apache.ratis.client.impl.OrderedAsync.sendRequestWithRetry(OrderedAsync.java:169)
	at org.apache.ratis.util.SlidingWindow$Client.sendOrDelayRequest(SlidingWindow.java:278)
	at org.apache.ratis.util.SlidingWindow$Client.retry(SlidingWindow.java:294)
	at org.apache.ratis.client.impl.OrderedAsync.lambda$scheduleWithTimeout$7(OrderedAsync.java:195)
	at org.apache.ratis.util.TimeoutScheduler.lambda$onTimeout$0(TimeoutScheduler.java:113)
	at org.apache.ratis.util.TimeoutScheduler.lambda$onTimeout$1(TimeoutScheduler.java:133)
	at org.apache.ratis.util.LogUtils.runAndLog(LogUtils.java:50)
	at org.apache.ratis.util.LogUtils$1.run(LogUtils.java:91)
	at java.util.concurrent.Executors$RunnableAdapter.call(Executors.java:511)
	at java.util.concurrent.FutureTask.run(FutureTask.java:266)
	at java.util.concurrent.ScheduledThreadPoolExecutor$ScheduledFutureTask.access$201(ScheduledThreadPoolExecutor.java:180)
	at java.util.concurrent.ScheduledThreadPoolExecutor$ScheduledFutureTask.run(ScheduledThreadPoolExecutor.java:293)
	at java.util.concurrent.ThreadPoolExecutor.runWorker(ThreadPoolExecutor.java:1149)
	at java.util.concurrent.ThreadPoolExecutor$Worker.run(ThreadPoolExecutor.java:624)
	at java.lang.Thread.run(Thread.java:748)

Sep 28, 2019 6:43:52 AM org.apache.ratis.thirdparty.io.grpc.internal.ManagedChannelOrphanWrapper$ManagedChannelReference cleanQueue
SEVERE: *~*~*~ Channel ManagedChannelImpl{logId=2764, target=192.168.30.10:37207} was not shutdown properly!!! ~*~*~*
    Make sure to call shutdown()/shutdownNow() and wait until awaitTermination() returns true.
java.lang.RuntimeException: ManagedChannel allocation site
	at org.apache.ratis.thirdparty.io.grpc.internal.ManagedChannelOrphanWrapper$ManagedChannelReference.<init>(ManagedChannelOrphanWrapper.java:103)
	at org.apache.ratis.thirdparty.io.grpc.internal.ManagedChannelOrphanWrapper.<init>(ManagedChannelOrphanWrapper.java:53)
	at org.apache.ratis.thirdparty.io.grpc.internal.ManagedChannelOrphanWrapper.<init>(ManagedChannelOrphanWrapper.java:44)
	at org.apache.ratis.thirdparty.io.grpc.internal.AbstractManagedChannelImplBuilder.build(AbstractManagedChannelImplBuilder.java:411)
	at org.apache.ratis.grpc.client.GrpcClientProtocolClient.<init>(GrpcClientProtocolClient.java:127)
	at org.apache.ratis.grpc.client.GrpcClientRpc.lambda$new$0(GrpcClientRpc.java:55)
	at org.apache.ratis.util.PeerProxyMap$PeerAndProxy.lambda$getProxy$0(PeerProxyMap.java:61)
	at org.apache.ratis.util.LifeCycle.startAndTransition(LifeCycle.java:202)
	at org.apache.ratis.util.PeerProxyMap$PeerAndProxy.getProxy(PeerProxyMap.java:60)
	at org.apache.ratis.util.PeerProxyMap.getProxy(PeerProxyMap.java:108)
	at org.apache.ratis.grpc.client.GrpcClientRpc.sendRequestAsync(GrpcClientRpc.java:66)
	at org.apache.ratis.client.impl.OrderedAsync.sendRequest(OrderedAsync.java:208)
	at org.apache.ratis.client.impl.OrderedAsync.sendRequestWithRetry(OrderedAsync.java:169)
	at org.apache.ratis.util.SlidingWindow$Client.sendOrDelayRequest(SlidingWindow.java:278)
	at org.apache.ratis.util.SlidingWindow$Client.submitNewRequest(SlidingWindow.java:257)
	at org.apache.ratis.client.impl.OrderedAsync.send(OrderedAsync.java:155)
	at org.apache.ratis.client.impl.RaftClientImpl.sendAsync(RaftClientImpl.java:144)
	at org.apache.ratis.client.impl.RaftClientImpl.sendAsync(RaftClientImpl.java:124)
	at org.apache.hadoop.hdds.scm.XceiverClientRatis.sendRequestAsync(XceiverClientRatis.java:234)
	at org.apache.hadoop.hdds.scm.XceiverClientRatis.sendCommandAsync(XceiverClientRatis.java:332)
	at org.apache.hadoop.hdds.scm.storage.ContainerProtocolCalls.writeChunkAsync(ContainerProtocolCalls.java:310)
	at org.apache.hadoop.hdds.scm.storage.BlockOutputStream.writeChunkToContainer(BlockOutputStream.java:601)
	at org.apache.hadoop.hdds.scm.storage.BlockOutputStream.writeChunk(BlockOutputStream.java:459)
	at org.apache.hadoop.hdds.scm.storage.BlockOutputStream.writeOnRetry(BlockOutputStream.java:285)
	at org.apache.hadoop.ozone.client.io.BlockOutputStreamEntry.writeOnRetry(BlockOutputStreamEntry.java:200)
	at org.apache.hadoop.ozone.client.io.KeyOutputStream.handleWrite(KeyOutputStream.java:206)
	at org.apache.hadoop.ozone.client.io.KeyOutputStream.handleRetry(KeyOutputStream.java:375)
	at org.apache.hadoop.ozone.client.io.KeyOutputStream.handleException(KeyOutputStream.java:324)
	at org.apache.hadoop.ozone.client.io.KeyOutputStream.handleFlushOrClose(KeyOutputStream.java:449)
	at org.apache.hadoop.ozone.client.io.KeyOutputStream.handleWrite(KeyOutputStream.java:232)
	at org.apache.hadoop.ozone.client.io.KeyOutputStream.write(KeyOutputStream.java:190)
	at org.apache.hadoop.ozone.client.io.OzoneOutputStream.write(OzoneOutputStream.java:49)
	at java.io.OutputStream.write(OutputStream.java:75)
	at org.apache.hadoop.ozone.client.rpc.TestBlockOutputStreamWithFailures.testDatanodeFailureWithSingleNodeRatis(TestBlockOutputStreamWithFailures.java:1021)
	at sun.reflect.NativeMethodAccessorImpl.invoke0(Native Method)
	at sun.reflect.NativeMethodAccessorImpl.invoke(NativeMethodAccessorImpl.java:62)
	at sun.reflect.DelegatingMethodAccessorImpl.invoke(DelegatingMethodAccessorImpl.java:43)
	at java.lang.reflect.Method.invoke(Method.java:498)
	at org.junit.runners.model.FrameworkMethod$1.runReflectiveCall(FrameworkMethod.java:47)
	at org.junit.internal.runners.model.ReflectiveCallable.run(ReflectiveCallable.java:12)
	at org.junit.runners.model.FrameworkMethod.invokeExplosively(FrameworkMethod.java:44)
	at org.junit.internal.runners.statements.InvokeMethod.evaluate(InvokeMethod.java:17)
	at org.junit.internal.runners.statements.RunBefores.evaluate(RunBefores.java:26)
	at org.junit.internal.runners.statements.RunAfters.evaluate(RunAfters.java:27)
	at org.junit.runners.ParentRunner.runLeaf(ParentRunner.java:271)
	at org.junit.runners.BlockJUnit4ClassRunner.runChild(BlockJUnit4ClassRunner.java:70)
	at org.junit.runners.BlockJUnit4ClassRunner.runChild(BlockJUnit4ClassRunner.java:50)
	at org.junit.runners.ParentRunner$3.run(ParentRunner.java:238)
	at org.junit.runners.ParentRunner$1.schedule(ParentRunner.java:63)
	at org.junit.runners.ParentRunner.runChildren(ParentRunner.java:236)
	at org.junit.runners.ParentRunner.access$000(ParentRunner.java:53)
	at org.junit.runners.ParentRunner$2.evaluate(ParentRunner.java:229)
	at org.junit.runners.ParentRunner.run(ParentRunner.java:309)
	at org.apache.maven.surefire.junit4.JUnit4Provider.execute(JUnit4Provider.java:365)
	at org.apache.maven.surefire.junit4.JUnit4Provider.executeWithRerun(JUnit4Provider.java:273)
	at org.apache.maven.surefire.junit4.JUnit4Provider.executeTestSet(JUnit4Provider.java:238)
	at org.apache.maven.surefire.junit4.JUnit4Provider.invoke(JUnit4Provider.java:159)
	at org.apache.maven.surefire.booter.ForkedBooter.invokeProviderInSameClassLoader(ForkedBooter.java:384)
	at org.apache.maven.surefire.booter.ForkedBooter.runSuitesInProcess(ForkedBooter.java:345)
	at org.apache.maven.surefire.booter.ForkedBooter.execute(ForkedBooter.java:126)
	at org.apache.maven.surefire.booter.ForkedBooter.main(ForkedBooter.java:418)

Sep 28, 2019 6:43:52 AM org.apache.ratis.thirdparty.io.grpc.internal.ManagedChannelOrphanWrapper$ManagedChannelReference cleanQueue
SEVERE: *~*~*~ Channel ManagedChannelImpl{logId=2793, target=192.168.30.10:44700} was not shutdown properly!!! ~*~*~*
    Make sure to call shutdown()/shutdownNow() and wait until awaitTermination() returns true.
java.lang.RuntimeException: ManagedChannel allocation site
	at org.apache.ratis.thirdparty.io.grpc.internal.ManagedChannelOrphanWrapper$ManagedChannelReference.<init>(ManagedChannelOrphanWrapper.java:103)
	at org.apache.ratis.thirdparty.io.grpc.internal.ManagedChannelOrphanWrapper.<init>(ManagedChannelOrphanWrapper.java:53)
	at org.apache.ratis.thirdparty.io.grpc.internal.ManagedChannelOrphanWrapper.<init>(ManagedChannelOrphanWrapper.java:44)
	at org.apache.ratis.thirdparty.io.grpc.internal.AbstractManagedChannelImplBuilder.build(AbstractManagedChannelImplBuilder.java:411)
	at org.apache.hadoop.hdds.scm.XceiverClientGrpc.connectToDatanode(XceiverClientGrpc.java:181)
	at org.apache.hadoop.hdds.scm.XceiverClientGrpc.reconnect(XceiverClientGrpc.java:429)
	at org.apache.hadoop.hdds.scm.XceiverClientGrpc.sendCommandAsync(XceiverClientGrpc.java:378)
	at org.apache.hadoop.hdds.scm.XceiverClientGrpc.sendCommandWithRetry(XceiverClientGrpc.java:291)
	at org.apache.hadoop.hdds.scm.XceiverClientGrpc.sendCommandWithTraceIDAndRetry(XceiverClientGrpc.java:257)
	at org.apache.hadoop.hdds.scm.XceiverClientGrpc.sendCommand(XceiverClientGrpc.java:240)
	at org.apache.hadoop.hdds.scm.storage.ContainerProtocolCalls.getBlock(ContainerProtocolCalls.java:118)
	at org.apache.hadoop.hdds.scm.storage.BlockInputStream.getChunkInfos(BlockInputStream.java:167)
	at org.apache.hadoop.hdds.scm.storage.BlockInputStream.initialize(BlockInputStream.java:118)
	at org.apache.hadoop.hdds.scm.storage.BlockInputStream.read(BlockInputStream.java:222)
	at org.apache.hadoop.ozone.client.io.KeyInputStream.read(KeyInputStream.java:171)
	at org.apache.hadoop.ozone.client.io.OzoneInputStream.read(OzoneInputStream.java:47)
	at java.io.InputStream.read(InputStream.java:101)
	at org.apache.hadoop.ozone.container.ContainerTestHelper.validateData(ContainerTestHelper.java:714)
	at org.apache.hadoop.ozone.client.rpc.TestBlockOutputStreamWithFailures.validateData(TestBlockOutputStreamWithFailures.java:1216)
	at org.apache.hadoop.ozone.client.rpc.TestBlockOutputStreamWithFailures.testDatanodeFailureWithSingleNodeRatis(TestBlockOutputStreamWithFailures.java:1058)
	at sun.reflect.NativeMethodAccessorImpl.invoke0(Native Method)
	at sun.reflect.NativeMethodAccessorImpl.invoke(NativeMethodAccessorImpl.java:62)
	at sun.reflect.DelegatingMethodAccessorImpl.invoke(DelegatingMethodAccessorImpl.java:43)
	at java.lang.reflect.Method.invoke(Method.java:498)
	at org.junit.runners.model.FrameworkMethod$1.runReflectiveCall(FrameworkMethod.java:47)
	at org.junit.internal.runners.model.ReflectiveCallable.run(ReflectiveCallable.java:12)
	at org.junit.runners.model.FrameworkMethod.invokeExplosively(FrameworkMethod.java:44)
	at org.junit.internal.runners.statements.InvokeMethod.evaluate(InvokeMethod.java:17)
	at org.junit.internal.runners.statements.RunBefores.evaluate(RunBefores.java:26)
	at org.junit.internal.runners.statements.RunAfters.evaluate(RunAfters.java:27)
	at org.junit.runners.ParentRunner.runLeaf(ParentRunner.java:271)
	at org.junit.runners.BlockJUnit4ClassRunner.runChild(BlockJUnit4ClassRunner.java:70)
	at org.junit.runners.BlockJUnit4ClassRunner.runChild(BlockJUnit4ClassRunner.java:50)
	at org.junit.runners.ParentRunner$3.run(ParentRunner.java:238)
	at org.junit.runners.ParentRunner$1.schedule(ParentRunner.java:63)
	at org.junit.runners.ParentRunner.runChildren(ParentRunner.java:236)
	at org.junit.runners.ParentRunner.access$000(ParentRunner.java:53)
	at org.junit.runners.ParentRunner$2.evaluate(ParentRunner.java:229)
	at org.junit.runners.ParentRunner.run(ParentRunner.java:309)
	at org.apache.maven.surefire.junit4.JUnit4Provider.execute(JUnit4Provider.java:365)
	at org.apache.maven.surefire.junit4.JUnit4Provider.executeWithRerun(JUnit4Provider.java:273)
	at org.apache.maven.surefire.junit4.JUnit4Provider.executeTestSet(JUnit4Provider.java:238)
	at org.apache.maven.surefire.junit4.JUnit4Provider.invoke(JUnit4Provider.java:159)
	at org.apache.maven.surefire.booter.ForkedBooter.invokeProviderInSameClassLoader(ForkedBooter.java:384)
	at org.apache.maven.surefire.booter.ForkedBooter.runSuitesInProcess(ForkedBooter.java:345)
	at org.apache.maven.surefire.booter.ForkedBooter.execute(ForkedBooter.java:126)
	at org.apache.maven.surefire.booter.ForkedBooter.main(ForkedBooter.java:418)

Sep 28, 2019 6:44:08 AM org.apache.ratis.thirdparty.io.grpc.internal.SerializingExecutor run
SEVERE: Exception while executing runnable org.apache.ratis.thirdparty.io.grpc.internal.ServerImpl$JumpToApplicationThreadServerStreamListener$1Closed@5ed59ff0
org.apache.ratis.thirdparty.io.grpc.StatusRuntimeException: CANCELLED: call already cancelled
	at org.apache.ratis.thirdparty.io.grpc.Status.asRuntimeException(Status.java:517)
	at org.apache.ratis.thirdparty.io.grpc.stub.ServerCalls$ServerCallStreamObserverImpl.onCompleted(ServerCalls.java:356)
	at org.apache.ratis.grpc.server.GrpcServerProtocolService$ServerRequestStreamObserver.onError(GrpcServerProtocolService.java:121)
	at org.apache.ratis.thirdparty.io.grpc.stub.ServerCalls$StreamingServerCallHandler$StreamingServerCallListener.onCancel(ServerCalls.java:269)
	at org.apache.ratis.thirdparty.io.grpc.internal.ServerCallImpl$ServerStreamListenerImpl.closed(ServerCallImpl.java:293)
	at org.apache.ratis.thirdparty.io.grpc.internal.ServerImpl$JumpToApplicationThreadServerStreamListener$1Closed.runInContext(ServerImpl.java:741)
	at org.apache.ratis.thirdparty.io.grpc.internal.ContextRunnable.run(ContextRunnable.java:37)
	at org.apache.ratis.thirdparty.io.grpc.internal.SerializingExecutor.run(SerializingExecutor.java:123)
	at java.util.concurrent.ThreadPoolExecutor.runWorker(ThreadPoolExecutor.java:1149)
	at java.util.concurrent.ThreadPoolExecutor$Worker.run(ThreadPoolExecutor.java:624)
	at java.lang.Thread.run(Thread.java:748)

Sep 28, 2019 6:44:08 AM org.apache.ratis.thirdparty.io.grpc.internal.SerializingExecutor run
SEVERE: Exception while executing runnable org.apache.ratis.thirdparty.io.grpc.internal.ServerImpl$JumpToApplicationThreadServerStreamListener$1Closed@9258771
org.apache.ratis.thirdparty.io.grpc.StatusRuntimeException: CANCELLED: call already cancelled
	at org.apache.ratis.thirdparty.io.grpc.Status.asRuntimeException(Status.java:517)
	at org.apache.ratis.thirdparty.io.grpc.stub.ServerCalls$ServerCallStreamObserverImpl.onCompleted(ServerCalls.java:356)
	at org.apache.ratis.grpc.server.GrpcServerProtocolService$ServerRequestStreamObserver.onError(GrpcServerProtocolService.java:121)
	at org.apache.ratis.thirdparty.io.grpc.stub.ServerCalls$StreamingServerCallHandler$StreamingServerCallListener.onCancel(ServerCalls.java:269)
	at org.apache.ratis.thirdparty.io.grpc.internal.ServerCallImpl$ServerStreamListenerImpl.closed(ServerCallImpl.java:293)
	at org.apache.ratis.thirdparty.io.grpc.internal.ServerImpl$JumpToApplicationThreadServerStreamListener$1Closed.runInContext(ServerImpl.java:741)
	at org.apache.ratis.thirdparty.io.grpc.internal.ContextRunnable.run(ContextRunnable.java:37)
	at org.apache.ratis.thirdparty.io.grpc.internal.SerializingExecutor.run(SerializingExecutor.java:123)
	at java.util.concurrent.ThreadPoolExecutor.runWorker(ThreadPoolExecutor.java:1149)
	at java.util.concurrent.ThreadPoolExecutor$Worker.run(ThreadPoolExecutor.java:624)
	at java.lang.Thread.run(Thread.java:748)

]]></system-err>
  </testcase>
  <testcase name="testFailureWithPrimeSizedData" classname="org.apache.hadoop.ozone.client.rpc.TestBlockOutputStreamWithFailures" time="36.386"/>
  <testcase name="testWatchForCommitWithCloseContainerException" classname="org.apache.hadoop.ozone.client.rpc.TestBlockOutputStreamWithFailures" time="36.671"/>
  <testcase name="testExceptionDuringClose" classname="org.apache.hadoop.ozone.client.rpc.TestBlockOutputStreamWithFailures" time="36.406"/>
</testsuite>