<?xml version="1.0" encoding="UTF-8"?>
<testsuite xmlns:xsi="http://www.w3.org/2001/XMLSchema-instance" xsi:noNamespaceSchemaLocation="https://maven.apache.org/surefire/maven-surefire-plugin/xsd/surefire-test-report.xsd" name="org.apache.hadoop.ozone.client.rpc.TestMultiBlockWritesWithDnFailures" time="99.962" tests="2" errors="0" skipped="0" failures="1">
  <properties>
    <property name="awt.toolkit" value="sun.awt.X11.XToolkit"/>
    <property name="file.encoding.pkg" value="sun.io"/>
    <property name="java.specification.version" value="1.8"/>
    <property name="sun.cpu.isalist" value=""/>
    <property name="sun.jnu.encoding" value="UTF-8"/>
    <property name="java.class.path" value="/workdir/hadoop-ozone/integration-test/target/test-classes:/workdir/hadoop-ozone/integration-test/target/classes:/home/user/.m2/repository/org/apache/hadoop/hadoop-ozone-common/0.5.0-SNAPSHOT/hadoop-ozone-common-0.5.0-SNAPSHOT.jar:/home/user/.m2/repository/org/apache/commons/commons-compress/1.4.1/commons-compress-1.4.1.jar:/home/user/.m2/repository/org/tukaani/xz/1.0/xz-1.0.jar:/home/user/.m2/repository/org/apache/hadoop/hadoop-common/3.2.0/hadoop-common-3.2.0.jar:/home/user/.m2/repository/org/apache/hadoop/hadoop-hdfs/3.2.0/hadoop-hdfs-3.2.0.jar:/home/user/.m2/repository/org/apache/hadoop/hadoop-hdfs-client/3.2.0/hadoop-hdfs-client-3.2.0.jar:/home/user/.m2/repository/com/fasterxml/jackson/core/jackson-annotations/2.9.9/jackson-annotations-2.9.9.jar:/home/user/.m2/repository/org/apache/hadoop/hadoop-hdds-common/0.5.0-SNAPSHOT/hadoop-hdds-common-0.5.0-SNAPSHOT.jar:/home/user/.m2/repository/javax/annotation/javax.annotation-api/1.2/javax.annotation-api-1.2.jar:/home/user/.m2/repository/org/apache/ratis/ratis-server/0.4.0/ratis-server-0.4.0.jar:/home/user/.m2/repository/org/apache/ratis/ratis-thirdparty-misc/0.2.0/ratis-thirdparty-misc-0.2.0.jar:/home/user/.m2/repository/org/apache/ratis/ratis-proto/0.4.0/ratis-proto-0.4.0.jar:/home/user/.m2/repository/org/apache/ratis/ratis-common/0.4.0/ratis-common-0.4.0.jar:/home/user/.m2/repository/org/apache/ratis/ratis-client/0.4.0/ratis-client-0.4.0.jar:/home/user/.m2/repository/org/apache/ratis/ratis-metrics/0.4.0/ratis-metrics-0.4.0.jar:/home/user/.m2/repository/com/github/joshelser/dropwizard-metrics-hadoop-metrics2-reporter/0.1.2/dropwizard-metrics-hadoop-metrics2-reporter-0.1.2.jar:/home/user/.m2/repository/io/dropwizard/metrics/metrics-jvm/3.2.5/metrics-jvm-3.2.5.jar:/home/user/.m2/repository/io/dropwizard/metrics/metrics-ganglia/3.2.5/metrics-ganglia-3.2.5.jar:/home/user/.m2/repository/info/ganglia/gmetric4j/gmetric4j/1.0.7/gmetric4j-1.0.7.jar:/home/user/.m2/repository/org/apache/ratis/ratis-netty/0.4.0/ratis-netty-0.4.0.jar:/home/user/.m2/repository/org/apache/ratis/ratis-grpc/0.4.0/ratis-grpc-0.4.0.jar:/home/user/.m2/repository/org/rocksdb/rocksdbjni/6.0.1/rocksdbjni-6.0.1.jar:/home/user/.m2/repository/org/apache/logging/log4j/log4j-api/2.11.0/log4j-api-2.11.0.jar:/home/user/.m2/repository/org/apache/logging/log4j/log4j-core/2.11.0/log4j-core-2.11.0.jar:/home/user/.m2/repository/com/lmax/disruptor/3.4.2/disruptor-3.4.2.jar:/home/user/.m2/repository/org/apache/commons/commons-pool2/2.6.0/commons-pool2-2.6.0.jar:/home/user/.m2/repository/org/bouncycastle/bcpkix-jdk15on/1.60/bcpkix-jdk15on-1.60.jar:/home/user/.m2/repository/commons-validator/commons-validator/1.6/commons-validator-1.6.jar:/home/user/.m2/repository/commons-digester/commons-digester/1.8.1/commons-digester-1.8.1.jar:/home/user/.m2/repository/io/jaegertracing/jaeger-client/0.34.0/jaeger-client-0.34.0.jar:/home/user/.m2/repository/io/jaegertracing/jaeger-thrift/0.34.0/jaeger-thrift-0.34.0.jar:/home/user/.m2/repository/org/apache/thrift/libthrift/0.12.0/libthrift-0.12.0.jar:/home/user/.m2/repository/com/squareup/okhttp3/okhttp/3.9.0/okhttp-3.9.0.jar:/home/user/.m2/repository/com/squareup/okio/okio/1.13.0/okio-1.13.0.jar:/home/user/.m2/repository/io/jaegertracing/jaeger-core/0.34.0/jaeger-core-0.34.0.jar:/home/user/.m2/repository/io/jaegertracing/jaeger-tracerresolver/0.34.0/jaeger-tracerresolver-0.34.0.jar:/home/user/.m2/repository/io/opentracing/contrib/opentracing-tracerresolver/0.1.5/opentracing-tracerresolver-0.1.5.jar:/home/user/.m2/repository/io/opentracing/opentracing-util/0.31.0/opentracing-util-0.31.0.jar:/home/user/.m2/repository/io/opentracing/opentracing-api/0.31.0/opentracing-api-0.31.0.jar:/home/user/.m2/repository/io/opentracing/opentracing-noop/0.31.0/opentracing-noop-0.31.0.jar:/home/user/.m2/repository/org/apache/hadoop/hadoop-hdds-server-framework/0.5.0-SNAPSHOT/hadoop-hdds-server-framework-0.5.0-SNAPSHOT.jar:/home/user/.m2/repository/org/apache/hadoop/hadoop-hdds-container-service/0.5.0-SNAPSHOT/hadoop-hdds-container-service-0.5.0-SNAPSHOT.jar:/home/user/.m2/repository/org/apache/hadoop/hadoop-hdds-client/0.5.0-SNAPSHOT/hadoop-hdds-client-0.5.0-SNAPSHOT.jar:/home/user/.m2/repository/org/apache/hadoop/hadoop-hdds-tools/0.5.0-SNAPSHOT/hadoop-hdds-tools-0.5.0-SNAPSHOT.jar:/home/user/.m2/repository/org/apache/hadoop/hadoop-hdds-server-scm/0.5.0-SNAPSHOT/hadoop-hdds-server-scm-0.5.0-SNAPSHOT.jar:/home/user/.m2/repository/org/apache/hadoop/hadoop-hdds-docs/0.5.0-SNAPSHOT/hadoop-hdds-docs-0.5.0-SNAPSHOT.jar:/home/user/.m2/repository/io/dropwizard/metrics/metrics-core/3.2.4/metrics-core-3.2.4.jar:/home/user/.m2/repository/org/hamcrest/hamcrest-all/1.3/hamcrest-all-1.3.jar:/home/user/.m2/repository/org/bouncycastle/bcprov-jdk15on/1.60/bcprov-jdk15on-1.60.jar:/home/user/.m2/repository/info/picocli/picocli/3.9.6/picocli-3.9.6.jar:/home/user/.m2/repository/com/google/protobuf/protobuf-java/2.5.0/protobuf-java-2.5.0.jar:/home/user/.m2/repository/com/google/guava/guava/11.0.2/guava-11.0.2.jar:/home/user/.m2/repository/org/apache/hadoop/hadoop-ozone-ozone-manager/0.5.0-SNAPSHOT/hadoop-ozone-ozone-manager-0.5.0-SNAPSHOT.jar:/home/user/.m2/repository/org/apache/hadoop/hadoop-minikdc/3.2.0/hadoop-minikdc-3.2.0.jar:/home/user/.m2/repository/commons-io/commons-io/2.5/commons-io-2.5.jar:/home/user/.m2/repository/org/apache/kerby/kerb-simplekdc/1.0.1/kerb-simplekdc-1.0.1.jar:/home/user/.m2/repository/org/apache/kerby/kerb-client/1.0.1/kerb-client-1.0.1.jar:/home/user/.m2/repository/org/apache/kerby/kerby-config/1.0.1/kerby-config-1.0.1.jar:/home/user/.m2/repository/org/apache/kerby/kerb-core/1.0.1/kerb-core-1.0.1.jar:/home/user/.m2/repository/org/apache/kerby/kerby-pkix/1.0.1/kerby-pkix-1.0.1.jar:/home/user/.m2/repository/org/apache/kerby/kerby-asn1/1.0.1/kerby-asn1-1.0.1.jar:/home/user/.m2/repository/org/apache/kerby/kerby-util/1.0.1/kerby-util-1.0.1.jar:/home/user/.m2/repository/org/apache/kerby/kerb-common/1.0.1/kerb-common-1.0.1.jar:/home/user/.m2/repository/org/apache/kerby/kerb-crypto/1.0.1/kerb-crypto-1.0.1.jar:/home/user/.m2/repository/org/apache/kerby/kerb-util/1.0.1/kerb-util-1.0.1.jar:/home/user/.m2/repository/org/apache/kerby/token-provider/1.0.1/token-provider-1.0.1.jar:/home/user/.m2/repository/org/apache/kerby/kerb-admin/1.0.1/kerb-admin-1.0.1.jar:/home/user/.m2/repository/org/apache/kerby/kerb-server/1.0.1/kerb-server-1.0.1.jar:/home/user/.m2/repository/org/apache/kerby/kerb-identity/1.0.1/kerb-identity-1.0.1.jar:/home/user/.m2/repository/org/apache/kerby/kerby-xdr/1.0.1/kerby-xdr-1.0.1.jar:/home/user/.m2/repository/org/slf4j/slf4j-log4j12/1.7.25/slf4j-log4j12-1.7.25.jar:/home/user/.m2/repository/org/apache/hadoop/hadoop-ozone-s3gateway/0.5.0-SNAPSHOT/hadoop-ozone-s3gateway-0.5.0-SNAPSHOT.jar:/home/user/.m2/repository/org/jboss/weld/servlet/weld-servlet/2.4.7.Final/weld-servlet-2.4.7.Final.jar:/home/user/.m2/repository/org/glassfish/jersey/containers/jersey-container-servlet-core/2.27/jersey-container-servlet-core-2.27.jar:/home/user/.m2/repository/org/glassfish/hk2/external/javax.inject/2.5.0-b42/javax.inject-2.5.0-b42.jar:/home/user/.m2/repository/org/glassfish/jersey/core/jersey-common/2.27/jersey-common-2.27.jar:/home/user/.m2/repository/org/glassfish/hk2/osgi-resource-locator/1.0.1/osgi-resource-locator-1.0.1.jar:/home/user/.m2/repository/javax/ws/rs/javax.ws.rs-api/2.1/javax.ws.rs-api-2.1.jar:/home/user/.m2/repository/org/glassfish/jersey/ext/cdi/jersey-cdi1x/2.27/jersey-cdi1x-2.27.jar:/home/user/.m2/repository/org/glassfish/jersey/inject/jersey-hk2/2.27/jersey-hk2-2.27.jar:/home/user/.m2/repository/org/glassfish/hk2/hk2-locator/2.5.0-b42/hk2-locator-2.5.0-b42.jar:/home/user/.m2/repository/org/javassist/javassist/3.22.0-CR2/javassist-3.22.0-CR2.jar:/home/user/.m2/repository/org/glassfish/hk2/hk2-api/2.5.0/hk2-api-2.5.0.jar:/home/user/.m2/repository/org/glassfish/hk2/external/jakarta.inject/2.5.0/jakarta.inject-2.5.0.jar:/home/user/.m2/repository/org/glassfish/hk2/hk2-utils/2.5.0/hk2-utils-2.5.0.jar:/home/user/.m2/repository/jakarta/annotation/jakarta.annotation-api/1.3.4/jakarta.annotation-api-1.3.4.jar:/home/user/.m2/repository/org/glassfish/hk2/external/aopalliance-repackaged/2.5.0/aopalliance-repackaged-2.5.0.jar:/home/user/.m2/repository/com/fasterxml/jackson/dataformat/jackson-dataformat-xml/2.9.0/jackson-dataformat-xml-2.9.0.jar:/home/user/.m2/repository/com/fasterxml/jackson/core/jackson-core/2.9.9/jackson-core-2.9.9.jar:/home/user/.m2/repository/com/fasterxml/jackson/module/jackson-module-jaxb-annotations/2.9.9/jackson-module-jaxb-annotations-2.9.9.jar:/home/user/.m2/repository/javax/enterprise/cdi-api/1.2/cdi-api-1.2.jar:/home/user/.m2/repository/javax/el/javax.el-api/3.0.0/javax.el-api-3.0.0.jar:/home/user/.m2/repository/javax/interceptor/javax.interceptor-api/1.2/javax.interceptor-api-1.2.jar:/home/user/.m2/repository/javax/inject/javax.inject/1/javax.inject-1.jar:/home/user/.m2/repository/com/sun/xml/bind/jaxb-impl/2.3.0.1/jaxb-impl-2.3.0.1.jar:/home/user/.m2/repository/com/sun/xml/bind/jaxb-core/2.3.0.1/jaxb-core-2.3.0.1.jar:/home/user/.m2/repository/javax/xml/bind/jaxb-api/2.3.0/jaxb-api-2.3.0.jar:/home/user/.m2/repository/javax/activation/activation/1.1.1/activation-1.1.1.jar:/home/user/.m2/repository/org/apache/hadoop/hadoop-ozone-csi/0.5.0-SNAPSHOT/hadoop-ozone-csi-0.5.0-SNAPSHOT.jar:/home/user/.m2/repository/com/google/protobuf/protobuf-java-util/3.5.1/protobuf-java-util-3.5.1.jar:/home/user/.m2/repository/org/apache/hadoop/hadoop-hdds-config/0.5.0-SNAPSHOT/hadoop-hdds-config-0.5.0-SNAPSHOT.jar:/home/user/.m2/repository/io/grpc/grpc-netty/1.17.1/grpc-netty-1.17.1.jar:/home/user/.m2/repository/io/grpc/grpc-core/1.17.1/grpc-core-1.17.1.jar:/home/user/.m2/repository/io/grpc/grpc-context/1.17.1/grpc-context-1.17.1.jar:/home/user/.m2/repository/com/google/errorprone/error_prone_annotations/2.2.0/error_prone_annotations-2.2.0.jar:/home/user/.m2/repository/org/codehaus/mojo/animal-sniffer-annotations/1.17/animal-sniffer-annotations-1.17.jar:/home/user/.m2/repository/io/opencensus/opencensus-api/0.17.0/opencensus-api-0.17.0.jar:/home/user/.m2/repository/io/opencensus/opencensus-contrib-grpc-metrics/0.17.0/opencensus-contrib-grpc-metrics-0.17.0.jar:/home/user/.m2/repository/io/netty/netty-codec-http2/4.1.30.Final/netty-codec-http2-4.1.30.Final.jar:/home/user/.m2/repository/io/netty/netty-codec-http/4.1.30.Final/netty-codec-http-4.1.30.Final.jar:/home/user/.m2/repository/io/netty/netty-codec/4.1.30.Final/netty-codec-4.1.30.Final.jar:/home/user/.m2/repository/io/netty/netty-handler/4.1.30.Final/netty-handler-4.1.30.Final.jar:/home/user/.m2/repository/io/netty/netty-handler-proxy/4.1.30.Final/netty-handler-proxy-4.1.30.Final.jar:/home/user/.m2/repository/io/netty/netty-codec-socks/4.1.30.Final/netty-codec-socks-4.1.30.Final.jar:/home/user/.m2/repository/io/netty/netty-transport-native-epoll/4.1.30.Final/netty-transport-native-epoll-4.1.30.Final.jar:/home/user/.m2/repository/io/netty/netty-common/4.1.30.Final/netty-common-4.1.30.Final.jar:/home/user/.m2/repository/io/netty/netty-buffer/4.1.30.Final/netty-buffer-4.1.30.Final.jar:/home/user/.m2/repository/io/netty/netty-transport/4.1.30.Final/netty-transport-4.1.30.Final.jar:/home/user/.m2/repository/io/netty/netty-resolver/4.1.30.Final/netty-resolver-4.1.30.Final.jar:/home/user/.m2/repository/io/netty/netty-transport-native-unix-common/4.1.30.Final/netty-transport-native-unix-common-4.1.30.Final.jar:/home/user/.m2/repository/io/grpc/grpc-protobuf/1.17.1/grpc-protobuf-1.17.1.jar:/home/user/.m2/repository/com/google/api/grpc/proto-google-common-protos/1.0.0/proto-google-common-protos-1.0.0.jar:/home/user/.m2/repository/io/grpc/grpc-protobuf-lite/1.17.1/grpc-protobuf-lite-1.17.1.jar:/home/user/.m2/repository/io/grpc/grpc-stub/1.17.1/grpc-stub-1.17.1.jar:/home/user/.m2/repository/org/apache/hadoop/hadoop-ozone-recon/0.5.0-SNAPSHOT/hadoop-ozone-recon-0.5.0-SNAPSHOT.jar:/home/user/.m2/repository/org/apache/hadoop/hadoop-ozone-reconcodegen/0.5.0-SNAPSHOT/hadoop-ozone-reconcodegen-0.5.0-SNAPSHOT.jar:/home/user/.m2/repository/com/google/inject/extensions/guice-multibindings/4.0/guice-multibindings-4.0.jar:/home/user/.m2/repository/com/google/inject/guice/4.0/guice-4.0.jar:/home/user/.m2/repository/aopalliance/aopalliance/1.0/aopalliance-1.0.jar:/home/user/.m2/repository/com/google/inject/extensions/guice-servlet/4.0/guice-servlet-4.0.jar:/home/user/.m2/repository/org/glassfish/jersey/containers/jersey-container-servlet/2.27/jersey-container-servlet-2.27.jar:/home/user/.m2/repository/org/glassfish/hk2/guice-bridge/2.5.0/guice-bridge-2.5.0.jar:/home/user/.m2/repository/org/glassfish/jersey/core/jersey-server/2.27/jersey-server-2.27.jar:/home/user/.m2/repository/org/glassfish/jersey/core/jersey-client/2.27/jersey-client-2.27.jar:/home/user/.m2/repository/org/glassfish/jersey/media/jersey-media-jaxb/2.27/jersey-media-jaxb-2.27.jar:/home/user/.m2/repository/javax/validation/validation-api/1.1.0.Final/validation-api-1.1.0.Final.jar:/home/user/.m2/repository/org/glassfish/jersey/media/jersey-media-json-jackson/2.27/jersey-media-json-jackson-2.27.jar:/home/user/.m2/repository/org/glassfish/jersey/ext/jersey-entity-filtering/2.27/jersey-entity-filtering-2.27.jar:/home/user/.m2/repository/com/google/inject/extensions/guice-assistedinject/4.0/guice-assistedinject-4.0.jar:/home/user/.m2/repository/org/jooq/jooq/3.11.10/jooq-3.11.10.jar:/home/user/.m2/repository/org/jooq/jooq-meta/3.11.10/jooq-meta-3.11.10.jar:/home/user/.m2/repository/org/jooq/jooq-codegen/3.11.10/jooq-codegen-3.11.10.jar:/home/user/.m2/repository/com/jolbox/bonecp/0.8.0.RELEASE/bonecp-0.8.0.RELEASE.jar:/home/user/.m2/repository/org/xerial/sqlite-jdbc/3.25.2/sqlite-jdbc-3.25.2.jar:/home/user/.m2/repository/org/springframework/spring-jdbc/5.1.3.RELEASE/spring-jdbc-5.1.3.RELEASE.jar:/home/user/.m2/repository/org/springframework/spring-beans/5.1.3.RELEASE/spring-beans-5.1.3.RELEASE.jar:/home/user/.m2/repository/org/springframework/spring-core/5.1.3.RELEASE/spring-core-5.1.3.RELEASE.jar:/home/user/.m2/repository/org/springframework/spring-jcl/5.1.3.RELEASE/spring-jcl-5.1.3.RELEASE.jar:/home/user/.m2/repository/org/springframework/spring-tx/5.1.3.RELEASE/spring-tx-5.1.3.RELEASE.jar:/home/user/.m2/repository/org/apache/hadoop/hadoop-ozone-client/0.5.0-SNAPSHOT/hadoop-ozone-client-0.5.0-SNAPSHOT.jar:/home/user/.m2/repository/commons-lang/commons-lang/2.6/commons-lang-2.6.jar:/home/user/.m2/repository/org/apache/hadoop/hadoop-ozone-ozone-manager/0.5.0-SNAPSHOT/hadoop-ozone-ozone-manager-0.5.0-SNAPSHOT-tests.jar:/home/user/.m2/repository/junit/junit/4.11/junit-4.11.jar:/home/user/.m2/repository/org/hamcrest/hamcrest-core/1.3/hamcrest-core-1.3.jar:/home/user/.m2/repository/org/openjdk/jmh/jmh-core/1.19/jmh-core-1.19.jar:/home/user/.m2/repository/net/sf/jopt-simple/jopt-simple/4.6/jopt-simple-4.6.jar:/home/user/.m2/repository/org/apache/commons/commons-math3/3.1.1/commons-math3-3.1.1.jar:/home/user/.m2/repository/org/openjdk/jmh/jmh-generator-annprocess/1.19/jmh-generator-annprocess-1.19.jar:/home/user/.m2/repository/org/mockito/mockito-all/1.8.5/mockito-all-1.8.5.jar:/home/user/.m2/repository/org/apache/hadoop/hadoop-kms/3.2.0/hadoop-kms-3.2.0.jar:/home/user/.m2/repository/org/apache/hadoop/hadoop-auth/3.2.0/hadoop-auth-3.2.0.jar:/home/user/.m2/repository/com/nimbusds/nimbus-jose-jwt/4.41.1/nimbus-jose-jwt-4.41.1.jar:/home/user/.m2/repository/com/github/stephenc/jcip/jcip-annotations/1.0-1/jcip-annotations-1.0-1.jar:/home/user/.m2/repository/net/minidev/json-smart/2.3/json-smart-2.3.jar:/home/user/.m2/repository/net/minidev/accessors-smart/1.2/accessors-smart-1.2.jar:/home/user/.m2/repository/org/ow2/asm/asm/5.0.4/asm-5.0.4.jar:/home/user/.m2/repository/org/apache/curator/curator-framework/2.12.0/curator-framework-2.12.0.jar:/home/user/.m2/repository/com/sun/jersey/jersey-core/1.19/jersey-core-1.19.jar:/home/user/.m2/repository/javax/ws/rs/jsr311-api/1.1.1/jsr311-api-1.1.1.jar:/home/user/.m2/repository/com/sun/jersey/jersey-server/1.19/jersey-server-1.19.jar:/home/user/.m2/repository/javax/servlet/javax.servlet-api/3.1.0/javax.servlet-api-3.1.0.jar:/home/user/.m2/repository/org/eclipse/jetty/jetty-server/9.3.25.v20180904/jetty-server-9.3.25.v20180904.jar:/home/user/.m2/repository/org/eclipse/jetty/jetty-http/9.3.25.v20180904/jetty-http-9.3.25.v20180904.jar:/home/user/.m2/repository/org/eclipse/jetty/jetty-io/9.3.25.v20180904/jetty-io-9.3.25.v20180904.jar:/home/user/.m2/repository/org/eclipse/jetty/jetty-webapp/9.3.25.v20180904/jetty-webapp-9.3.25.v20180904.jar:/home/user/.m2/repository/org/eclipse/jetty/jetty-xml/9.3.25.v20180904/jetty-xml-9.3.25.v20180904.jar:/home/user/.m2/repository/log4j/log4j/1.2.17/log4j-1.2.17.jar:/home/user/.m2/repository/org/slf4j/slf4j-api/1.7.25/slf4j-api-1.7.25.jar:/home/user/.m2/repository/org/slf4j/jul-to-slf4j/1.7.25/jul-to-slf4j-1.7.25.jar:/home/user/.m2/repository/org/eclipse/jetty/jetty-util/9.3.25.v20180904/jetty-util-9.3.25.v20180904.jar:/home/user/.m2/repository/com/fasterxml/jackson/core/jackson-databind/2.9.9/jackson-databind-2.9.9.jar:/home/user/.m2/repository/org/apache/hadoop/hadoop-kms/3.2.0/hadoop-kms-3.2.0-tests.jar:/home/user/.m2/repository/org/apache/hadoop/hadoop-hdds-server-scm/0.5.0-SNAPSHOT/hadoop-hdds-server-scm-0.5.0-SNAPSHOT-tests.jar:/home/user/.m2/repository/org/apache/hadoop/hadoop-hdds-container-service/0.5.0-SNAPSHOT/hadoop-hdds-container-service-0.5.0-SNAPSHOT-tests.jar:/home/user/.m2/repository/org/yaml/snakeyaml/1.16/snakeyaml-1.16.jar:/home/user/.m2/repository/org/apache/hadoop/hadoop-common/3.2.0/hadoop-common-3.2.0-tests.jar:/home/user/.m2/repository/org/apache/hadoop/hadoop-annotations/3.2.0/hadoop-annotations-3.2.0.jar:/usr/lib/jvm/java-1.8-openjdk/jre/../lib/tools.jar:/home/user/.m2/repository/commons-cli/commons-cli/1.2/commons-cli-1.2.jar:/home/user/.m2/repository/org/apache/httpcomponents/httpclient/4.5.2/httpclient-4.5.2.jar:/home/user/.m2/repository/org/apache/httpcomponents/httpcore/4.4.4/httpcore-4.4.4.jar:/home/user/.m2/repository/commons-codec/commons-codec/1.11/commons-codec-1.11.jar:/home/user/.m2/repository/commons-net/commons-net/3.6/commons-net-3.6.jar:/home/user/.m2/repository/commons-collections/commons-collections/3.2.2/commons-collections-3.2.2.jar:/home/user/.m2/repository/org/eclipse/jetty/jetty-servlet/9.3.25.v20180904/jetty-servlet-9.3.25.v20180904.jar:/home/user/.m2/repository/org/eclipse/jetty/jetty-security/9.3.25.v20180904/jetty-security-9.3.25.v20180904.jar:/home/user/.m2/repository/javax/servlet/jsp/jsp-api/2.1/jsp-api-2.1.jar:/home/user/.m2/repository/com/sun/jersey/jersey-servlet/1.19/jersey-servlet-1.19.jar:/home/user/.m2/repository/com/sun/jersey/jersey-json/1.19/jersey-json-1.19.jar:/home/user/.m2/repository/org/codehaus/jettison/jettison/1.1/jettison-1.1.jar:/home/user/.m2/repository/org/codehaus/jackson/jackson-core-asl/1.9.13/jackson-core-asl-1.9.13.jar:/home/user/.m2/repository/org/codehaus/jackson/jackson-mapper-asl/1.9.13/jackson-mapper-asl-1.9.13.jar:/home/user/.m2/repository/org/codehaus/jackson/jackson-jaxrs/1.9.13/jackson-jaxrs-1.9.13.jar:/home/user/.m2/repository/org/codehaus/jackson/jackson-xc/1.9.13/jackson-xc-1.9.13.jar:/home/user/.m2/repository/commons-logging/commons-logging/1.1.3/commons-logging-1.1.3.jar:/home/user/.m2/repository/commons-beanutils/commons-beanutils/1.9.4/commons-beanutils-1.9.4.jar:/home/user/.m2/repository/org/apache/commons/commons-configuration2/2.1.1/commons-configuration2-2.1.1.jar:/home/user/.m2/repository/org/apache/commons/commons-lang3/3.7/commons-lang3-3.7.jar:/home/user/.m2/repository/org/apache/commons/commons-text/1.4/commons-text-1.4.jar:/home/user/.m2/repository/org/apache/avro/avro/1.7.7/avro-1.7.7.jar:/home/user/.m2/repository/com/thoughtworks/paranamer/paranamer/2.3/paranamer-2.3.jar:/home/user/.m2/repository/org/xerial/snappy/snappy-java/1.0.5/snappy-java-1.0.5.jar:/home/user/.m2/repository/com/google/re2j/re2j/1.1/re2j-1.1.jar:/home/user/.m2/repository/com/google/code/gson/gson/2.2.4/gson-2.2.4.jar:/home/user/.m2/repository/com/jcraft/jsch/0.1.54/jsch-0.1.54.jar:/home/user/.m2/repository/org/apache/curator/curator-client/2.12.0/curator-client-2.12.0.jar:/home/user/.m2/repository/org/apache/curator/curator-recipes/2.12.0/curator-recipes-2.12.0.jar:/home/user/.m2/repository/com/google/code/findbugs/jsr305/3.0.0/jsr305-3.0.0.jar:/home/user/.m2/repository/org/apache/htrace/htrace-core4/4.1.0-incubating/htrace-core4-4.1.0-incubating.jar:/home/user/.m2/repository/org/apache/zookeeper/zookeeper/3.4.13/zookeeper-3.4.13.jar:/home/user/.m2/repository/jline/jline/0.9.94/jline-0.9.94.jar:/home/user/.m2/repository/org/apache/yetus/audience-annotations/0.5.0/audience-annotations-0.5.0.jar:/home/user/.m2/repository/org/codehaus/woodstox/stax2-api/3.1.4/stax2-api-3.1.4.jar:/home/user/.m2/repository/com/fasterxml/woodstox/woodstox-core/5.0.3/woodstox-core-5.0.3.jar:/home/user/.m2/repository/dnsjava/dnsjava/2.1.7/dnsjava-2.1.7.jar:/home/user/.m2/repository/org/apache/hadoop/hadoop-hdfs/3.2.0/hadoop-hdfs-3.2.0-tests.jar:/home/user/.m2/repository/org/eclipse/jetty/jetty-util-ajax/9.3.25.v20180904/jetty-util-ajax-9.3.25.v20180904.jar:/home/user/.m2/repository/commons-daemon/commons-daemon/1.0.13/commons-daemon-1.0.13.jar:/home/user/.m2/repository/io/netty/netty/3.10.5.Final/netty-3.10.5.Final.jar:/home/user/.m2/repository/io/netty/netty-all/4.0.52.Final/netty-all-4.0.52.Final.jar:/home/user/.m2/repository/org/fusesource/leveldbjni/leveldbjni-all/1.8/leveldbjni-all-1.8.jar:"/>
    <property name="java.vm.vendor" value="IcedTea"/>
    <property name="sun.arch.data.model" value="64"/>
    <property name="test.build.dir" value="/workdir/hadoop-ozone/integration-test/target/test-dir"/>
    <property name="test.cache.data" value=""/>
    <property name="java.vendor.url" value="https://icedtea.classpath.org"/>
    <property name="user.timezone" value=""/>
    <property name="java.vm.specification.version" value="1.8"/>
    <property name="os.name" value="Linux"/>
    <property name="test.build.data" value="/workdir/hadoop-ozone/integration-test/target/test-dir"/>
    <property name="user.country" value="US"/>
    <property name="sun.java.launcher" value="SUN_STANDARD"/>
    <property name="sun.boot.library.path" value="/usr/lib/jvm/java-1.8-openjdk/jre/lib/amd64"/>
    <property name="sun.java.command" value="/workdir/hadoop-ozone/integration-test/target/surefire/surefirebooter1280553636441494627.jar /workdir/hadoop-ozone/integration-test/target/surefire 2019-10-01T14-41-25_023-jvmRun1 surefire3318945348751378051tmp surefire_735210562088236382028tmp"/>
    <property name="test" value="!TestMiniChaosOzoneCluster"/>
    <property name="surefire.test.class.path" value="/workdir/hadoop-ozone/integration-test/target/test-classes:/workdir/hadoop-ozone/integration-test/target/classes:/home/user/.m2/repository/org/apache/hadoop/hadoop-ozone-common/0.5.0-SNAPSHOT/hadoop-ozone-common-0.5.0-SNAPSHOT.jar:/home/user/.m2/repository/org/apache/commons/commons-compress/1.4.1/commons-compress-1.4.1.jar:/home/user/.m2/repository/org/tukaani/xz/1.0/xz-1.0.jar:/home/user/.m2/repository/org/apache/hadoop/hadoop-common/3.2.0/hadoop-common-3.2.0.jar:/home/user/.m2/repository/org/apache/hadoop/hadoop-hdfs/3.2.0/hadoop-hdfs-3.2.0.jar:/home/user/.m2/repository/org/apache/hadoop/hadoop-hdfs-client/3.2.0/hadoop-hdfs-client-3.2.0.jar:/home/user/.m2/repository/com/fasterxml/jackson/core/jackson-annotations/2.9.9/jackson-annotations-2.9.9.jar:/home/user/.m2/repository/org/apache/hadoop/hadoop-hdds-common/0.5.0-SNAPSHOT/hadoop-hdds-common-0.5.0-SNAPSHOT.jar:/home/user/.m2/repository/javax/annotation/javax.annotation-api/1.2/javax.annotation-api-1.2.jar:/home/user/.m2/repository/org/apache/ratis/ratis-server/0.4.0/ratis-server-0.4.0.jar:/home/user/.m2/repository/org/apache/ratis/ratis-thirdparty-misc/0.2.0/ratis-thirdparty-misc-0.2.0.jar:/home/user/.m2/repository/org/apache/ratis/ratis-proto/0.4.0/ratis-proto-0.4.0.jar:/home/user/.m2/repository/org/apache/ratis/ratis-common/0.4.0/ratis-common-0.4.0.jar:/home/user/.m2/repository/org/apache/ratis/ratis-client/0.4.0/ratis-client-0.4.0.jar:/home/user/.m2/repository/org/apache/ratis/ratis-metrics/0.4.0/ratis-metrics-0.4.0.jar:/home/user/.m2/repository/com/github/joshelser/dropwizard-metrics-hadoop-metrics2-reporter/0.1.2/dropwizard-metrics-hadoop-metrics2-reporter-0.1.2.jar:/home/user/.m2/repository/io/dropwizard/metrics/metrics-jvm/3.2.5/metrics-jvm-3.2.5.jar:/home/user/.m2/repository/io/dropwizard/metrics/metrics-ganglia/3.2.5/metrics-ganglia-3.2.5.jar:/home/user/.m2/repository/info/ganglia/gmetric4j/gmetric4j/1.0.7/gmetric4j-1.0.7.jar:/home/user/.m2/repository/org/apache/ratis/ratis-netty/0.4.0/ratis-netty-0.4.0.jar:/home/user/.m2/repository/org/apache/ratis/ratis-grpc/0.4.0/ratis-grpc-0.4.0.jar:/home/user/.m2/repository/org/rocksdb/rocksdbjni/6.0.1/rocksdbjni-6.0.1.jar:/home/user/.m2/repository/org/apache/logging/log4j/log4j-api/2.11.0/log4j-api-2.11.0.jar:/home/user/.m2/repository/org/apache/logging/log4j/log4j-core/2.11.0/log4j-core-2.11.0.jar:/home/user/.m2/repository/com/lmax/disruptor/3.4.2/disruptor-3.4.2.jar:/home/user/.m2/repository/org/apache/commons/commons-pool2/2.6.0/commons-pool2-2.6.0.jar:/home/user/.m2/repository/org/bouncycastle/bcpkix-jdk15on/1.60/bcpkix-jdk15on-1.60.jar:/home/user/.m2/repository/commons-validator/commons-validator/1.6/commons-validator-1.6.jar:/home/user/.m2/repository/commons-digester/commons-digester/1.8.1/commons-digester-1.8.1.jar:/home/user/.m2/repository/io/jaegertracing/jaeger-client/0.34.0/jaeger-client-0.34.0.jar:/home/user/.m2/repository/io/jaegertracing/jaeger-thrift/0.34.0/jaeger-thrift-0.34.0.jar:/home/user/.m2/repository/org/apache/thrift/libthrift/0.12.0/libthrift-0.12.0.jar:/home/user/.m2/repository/com/squareup/okhttp3/okhttp/3.9.0/okhttp-3.9.0.jar:/home/user/.m2/repository/com/squareup/okio/okio/1.13.0/okio-1.13.0.jar:/home/user/.m2/repository/io/jaegertracing/jaeger-core/0.34.0/jaeger-core-0.34.0.jar:/home/user/.m2/repository/io/jaegertracing/jaeger-tracerresolver/0.34.0/jaeger-tracerresolver-0.34.0.jar:/home/user/.m2/repository/io/opentracing/contrib/opentracing-tracerresolver/0.1.5/opentracing-tracerresolver-0.1.5.jar:/home/user/.m2/repository/io/opentracing/opentracing-util/0.31.0/opentracing-util-0.31.0.jar:/home/user/.m2/repository/io/opentracing/opentracing-api/0.31.0/opentracing-api-0.31.0.jar:/home/user/.m2/repository/io/opentracing/opentracing-noop/0.31.0/opentracing-noop-0.31.0.jar:/home/user/.m2/repository/org/apache/hadoop/hadoop-hdds-server-framework/0.5.0-SNAPSHOT/hadoop-hdds-server-framework-0.5.0-SNAPSHOT.jar:/home/user/.m2/repository/org/apache/hadoop/hadoop-hdds-container-service/0.5.0-SNAPSHOT/hadoop-hdds-container-service-0.5.0-SNAPSHOT.jar:/home/user/.m2/repository/org/apache/hadoop/hadoop-hdds-client/0.5.0-SNAPSHOT/hadoop-hdds-client-0.5.0-SNAPSHOT.jar:/home/user/.m2/repository/org/apache/hadoop/hadoop-hdds-tools/0.5.0-SNAPSHOT/hadoop-hdds-tools-0.5.0-SNAPSHOT.jar:/home/user/.m2/repository/org/apache/hadoop/hadoop-hdds-server-scm/0.5.0-SNAPSHOT/hadoop-hdds-server-scm-0.5.0-SNAPSHOT.jar:/home/user/.m2/repository/org/apache/hadoop/hadoop-hdds-docs/0.5.0-SNAPSHOT/hadoop-hdds-docs-0.5.0-SNAPSHOT.jar:/home/user/.m2/repository/io/dropwizard/metrics/metrics-core/3.2.4/metrics-core-3.2.4.jar:/home/user/.m2/repository/org/hamcrest/hamcrest-all/1.3/hamcrest-all-1.3.jar:/home/user/.m2/repository/org/bouncycastle/bcprov-jdk15on/1.60/bcprov-jdk15on-1.60.jar:/home/user/.m2/repository/info/picocli/picocli/3.9.6/picocli-3.9.6.jar:/home/user/.m2/repository/com/google/protobuf/protobuf-java/2.5.0/protobuf-java-2.5.0.jar:/home/user/.m2/repository/com/google/guava/guava/11.0.2/guava-11.0.2.jar:/home/user/.m2/repository/org/apache/hadoop/hadoop-ozone-ozone-manager/0.5.0-SNAPSHOT/hadoop-ozone-ozone-manager-0.5.0-SNAPSHOT.jar:/home/user/.m2/repository/org/apache/hadoop/hadoop-minikdc/3.2.0/hadoop-minikdc-3.2.0.jar:/home/user/.m2/repository/commons-io/commons-io/2.5/commons-io-2.5.jar:/home/user/.m2/repository/org/apache/kerby/kerb-simplekdc/1.0.1/kerb-simplekdc-1.0.1.jar:/home/user/.m2/repository/org/apache/kerby/kerb-client/1.0.1/kerb-client-1.0.1.jar:/home/user/.m2/repository/org/apache/kerby/kerby-config/1.0.1/kerby-config-1.0.1.jar:/home/user/.m2/repository/org/apache/kerby/kerb-core/1.0.1/kerb-core-1.0.1.jar:/home/user/.m2/repository/org/apache/kerby/kerby-pkix/1.0.1/kerby-pkix-1.0.1.jar:/home/user/.m2/repository/org/apache/kerby/kerby-asn1/1.0.1/kerby-asn1-1.0.1.jar:/home/user/.m2/repository/org/apache/kerby/kerby-util/1.0.1/kerby-util-1.0.1.jar:/home/user/.m2/repository/org/apache/kerby/kerb-common/1.0.1/kerb-common-1.0.1.jar:/home/user/.m2/repository/org/apache/kerby/kerb-crypto/1.0.1/kerb-crypto-1.0.1.jar:/home/user/.m2/repository/org/apache/kerby/kerb-util/1.0.1/kerb-util-1.0.1.jar:/home/user/.m2/repository/org/apache/kerby/token-provider/1.0.1/token-provider-1.0.1.jar:/home/user/.m2/repository/org/apache/kerby/kerb-admin/1.0.1/kerb-admin-1.0.1.jar:/home/user/.m2/repository/org/apache/kerby/kerb-server/1.0.1/kerb-server-1.0.1.jar:/home/user/.m2/repository/org/apache/kerby/kerb-identity/1.0.1/kerb-identity-1.0.1.jar:/home/user/.m2/repository/org/apache/kerby/kerby-xdr/1.0.1/kerby-xdr-1.0.1.jar:/home/user/.m2/repository/org/slf4j/slf4j-log4j12/1.7.25/slf4j-log4j12-1.7.25.jar:/home/user/.m2/repository/org/apache/hadoop/hadoop-ozone-s3gateway/0.5.0-SNAPSHOT/hadoop-ozone-s3gateway-0.5.0-SNAPSHOT.jar:/home/user/.m2/repository/org/jboss/weld/servlet/weld-servlet/2.4.7.Final/weld-servlet-2.4.7.Final.jar:/home/user/.m2/repository/org/glassfish/jersey/containers/jersey-container-servlet-core/2.27/jersey-container-servlet-core-2.27.jar:/home/user/.m2/repository/org/glassfish/hk2/external/javax.inject/2.5.0-b42/javax.inject-2.5.0-b42.jar:/home/user/.m2/repository/org/glassfish/jersey/core/jersey-common/2.27/jersey-common-2.27.jar:/home/user/.m2/repository/org/glassfish/hk2/osgi-resource-locator/1.0.1/osgi-resource-locator-1.0.1.jar:/home/user/.m2/repository/javax/ws/rs/javax.ws.rs-api/2.1/javax.ws.rs-api-2.1.jar:/home/user/.m2/repository/org/glassfish/jersey/ext/cdi/jersey-cdi1x/2.27/jersey-cdi1x-2.27.jar:/home/user/.m2/repository/org/glassfish/jersey/inject/jersey-hk2/2.27/jersey-hk2-2.27.jar:/home/user/.m2/repository/org/glassfish/hk2/hk2-locator/2.5.0-b42/hk2-locator-2.5.0-b42.jar:/home/user/.m2/repository/org/javassist/javassist/3.22.0-CR2/javassist-3.22.0-CR2.jar:/home/user/.m2/repository/org/glassfish/hk2/hk2-api/2.5.0/hk2-api-2.5.0.jar:/home/user/.m2/repository/org/glassfish/hk2/external/jakarta.inject/2.5.0/jakarta.inject-2.5.0.jar:/home/user/.m2/repository/org/glassfish/hk2/hk2-utils/2.5.0/hk2-utils-2.5.0.jar:/home/user/.m2/repository/jakarta/annotation/jakarta.annotation-api/1.3.4/jakarta.annotation-api-1.3.4.jar:/home/user/.m2/repository/org/glassfish/hk2/external/aopalliance-repackaged/2.5.0/aopalliance-repackaged-2.5.0.jar:/home/user/.m2/repository/com/fasterxml/jackson/dataformat/jackson-dataformat-xml/2.9.0/jackson-dataformat-xml-2.9.0.jar:/home/user/.m2/repository/com/fasterxml/jackson/core/jackson-core/2.9.9/jackson-core-2.9.9.jar:/home/user/.m2/repository/com/fasterxml/jackson/module/jackson-module-jaxb-annotations/2.9.9/jackson-module-jaxb-annotations-2.9.9.jar:/home/user/.m2/repository/javax/enterprise/cdi-api/1.2/cdi-api-1.2.jar:/home/user/.m2/repository/javax/el/javax.el-api/3.0.0/javax.el-api-3.0.0.jar:/home/user/.m2/repository/javax/interceptor/javax.interceptor-api/1.2/javax.interceptor-api-1.2.jar:/home/user/.m2/repository/javax/inject/javax.inject/1/javax.inject-1.jar:/home/user/.m2/repository/com/sun/xml/bind/jaxb-impl/2.3.0.1/jaxb-impl-2.3.0.1.jar:/home/user/.m2/repository/com/sun/xml/bind/jaxb-core/2.3.0.1/jaxb-core-2.3.0.1.jar:/home/user/.m2/repository/javax/xml/bind/jaxb-api/2.3.0/jaxb-api-2.3.0.jar:/home/user/.m2/repository/javax/activation/activation/1.1.1/activation-1.1.1.jar:/home/user/.m2/repository/org/apache/hadoop/hadoop-ozone-csi/0.5.0-SNAPSHOT/hadoop-ozone-csi-0.5.0-SNAPSHOT.jar:/home/user/.m2/repository/com/google/protobuf/protobuf-java-util/3.5.1/protobuf-java-util-3.5.1.jar:/home/user/.m2/repository/org/apache/hadoop/hadoop-hdds-config/0.5.0-SNAPSHOT/hadoop-hdds-config-0.5.0-SNAPSHOT.jar:/home/user/.m2/repository/io/grpc/grpc-netty/1.17.1/grpc-netty-1.17.1.jar:/home/user/.m2/repository/io/grpc/grpc-core/1.17.1/grpc-core-1.17.1.jar:/home/user/.m2/repository/io/grpc/grpc-context/1.17.1/grpc-context-1.17.1.jar:/home/user/.m2/repository/com/google/errorprone/error_prone_annotations/2.2.0/error_prone_annotations-2.2.0.jar:/home/user/.m2/repository/org/codehaus/mojo/animal-sniffer-annotations/1.17/animal-sniffer-annotations-1.17.jar:/home/user/.m2/repository/io/opencensus/opencensus-api/0.17.0/opencensus-api-0.17.0.jar:/home/user/.m2/repository/io/opencensus/opencensus-contrib-grpc-metrics/0.17.0/opencensus-contrib-grpc-metrics-0.17.0.jar:/home/user/.m2/repository/io/netty/netty-codec-http2/4.1.30.Final/netty-codec-http2-4.1.30.Final.jar:/home/user/.m2/repository/io/netty/netty-codec-http/4.1.30.Final/netty-codec-http-4.1.30.Final.jar:/home/user/.m2/repository/io/netty/netty-codec/4.1.30.Final/netty-codec-4.1.30.Final.jar:/home/user/.m2/repository/io/netty/netty-handler/4.1.30.Final/netty-handler-4.1.30.Final.jar:/home/user/.m2/repository/io/netty/netty-handler-proxy/4.1.30.Final/netty-handler-proxy-4.1.30.Final.jar:/home/user/.m2/repository/io/netty/netty-codec-socks/4.1.30.Final/netty-codec-socks-4.1.30.Final.jar:/home/user/.m2/repository/io/netty/netty-transport-native-epoll/4.1.30.Final/netty-transport-native-epoll-4.1.30.Final.jar:/home/user/.m2/repository/io/netty/netty-common/4.1.30.Final/netty-common-4.1.30.Final.jar:/home/user/.m2/repository/io/netty/netty-buffer/4.1.30.Final/netty-buffer-4.1.30.Final.jar:/home/user/.m2/repository/io/netty/netty-transport/4.1.30.Final/netty-transport-4.1.30.Final.jar:/home/user/.m2/repository/io/netty/netty-resolver/4.1.30.Final/netty-resolver-4.1.30.Final.jar:/home/user/.m2/repository/io/netty/netty-transport-native-unix-common/4.1.30.Final/netty-transport-native-unix-common-4.1.30.Final.jar:/home/user/.m2/repository/io/grpc/grpc-protobuf/1.17.1/grpc-protobuf-1.17.1.jar:/home/user/.m2/repository/com/google/api/grpc/proto-google-common-protos/1.0.0/proto-google-common-protos-1.0.0.jar:/home/user/.m2/repository/io/grpc/grpc-protobuf-lite/1.17.1/grpc-protobuf-lite-1.17.1.jar:/home/user/.m2/repository/io/grpc/grpc-stub/1.17.1/grpc-stub-1.17.1.jar:/home/user/.m2/repository/org/apache/hadoop/hadoop-ozone-recon/0.5.0-SNAPSHOT/hadoop-ozone-recon-0.5.0-SNAPSHOT.jar:/home/user/.m2/repository/org/apache/hadoop/hadoop-ozone-reconcodegen/0.5.0-SNAPSHOT/hadoop-ozone-reconcodegen-0.5.0-SNAPSHOT.jar:/home/user/.m2/repository/com/google/inject/extensions/guice-multibindings/4.0/guice-multibindings-4.0.jar:/home/user/.m2/repository/com/google/inject/guice/4.0/guice-4.0.jar:/home/user/.m2/repository/aopalliance/aopalliance/1.0/aopalliance-1.0.jar:/home/user/.m2/repository/com/google/inject/extensions/guice-servlet/4.0/guice-servlet-4.0.jar:/home/user/.m2/repository/org/glassfish/jersey/containers/jersey-container-servlet/2.27/jersey-container-servlet-2.27.jar:/home/user/.m2/repository/org/glassfish/hk2/guice-bridge/2.5.0/guice-bridge-2.5.0.jar:/home/user/.m2/repository/org/glassfish/jersey/core/jersey-server/2.27/jersey-server-2.27.jar:/home/user/.m2/repository/org/glassfish/jersey/core/jersey-client/2.27/jersey-client-2.27.jar:/home/user/.m2/repository/org/glassfish/jersey/media/jersey-media-jaxb/2.27/jersey-media-jaxb-2.27.jar:/home/user/.m2/repository/javax/validation/validation-api/1.1.0.Final/validation-api-1.1.0.Final.jar:/home/user/.m2/repository/org/glassfish/jersey/media/jersey-media-json-jackson/2.27/jersey-media-json-jackson-2.27.jar:/home/user/.m2/repository/org/glassfish/jersey/ext/jersey-entity-filtering/2.27/jersey-entity-filtering-2.27.jar:/home/user/.m2/repository/com/google/inject/extensions/guice-assistedinject/4.0/guice-assistedinject-4.0.jar:/home/user/.m2/repository/org/jooq/jooq/3.11.10/jooq-3.11.10.jar:/home/user/.m2/repository/org/jooq/jooq-meta/3.11.10/jooq-meta-3.11.10.jar:/home/user/.m2/repository/org/jooq/jooq-codegen/3.11.10/jooq-codegen-3.11.10.jar:/home/user/.m2/repository/com/jolbox/bonecp/0.8.0.RELEASE/bonecp-0.8.0.RELEASE.jar:/home/user/.m2/repository/org/xerial/sqlite-jdbc/3.25.2/sqlite-jdbc-3.25.2.jar:/home/user/.m2/repository/org/springframework/spring-jdbc/5.1.3.RELEASE/spring-jdbc-5.1.3.RELEASE.jar:/home/user/.m2/repository/org/springframework/spring-beans/5.1.3.RELEASE/spring-beans-5.1.3.RELEASE.jar:/home/user/.m2/repository/org/springframework/spring-core/5.1.3.RELEASE/spring-core-5.1.3.RELEASE.jar:/home/user/.m2/repository/org/springframework/spring-jcl/5.1.3.RELEASE/spring-jcl-5.1.3.RELEASE.jar:/home/user/.m2/repository/org/springframework/spring-tx/5.1.3.RELEASE/spring-tx-5.1.3.RELEASE.jar:/home/user/.m2/repository/org/apache/hadoop/hadoop-ozone-client/0.5.0-SNAPSHOT/hadoop-ozone-client-0.5.0-SNAPSHOT.jar:/home/user/.m2/repository/commons-lang/commons-lang/2.6/commons-lang-2.6.jar:/home/user/.m2/repository/org/apache/hadoop/hadoop-ozone-ozone-manager/0.5.0-SNAPSHOT/hadoop-ozone-ozone-manager-0.5.0-SNAPSHOT-tests.jar:/home/user/.m2/repository/junit/junit/4.11/junit-4.11.jar:/home/user/.m2/repository/org/hamcrest/hamcrest-core/1.3/hamcrest-core-1.3.jar:/home/user/.m2/repository/org/openjdk/jmh/jmh-core/1.19/jmh-core-1.19.jar:/home/user/.m2/repository/net/sf/jopt-simple/jopt-simple/4.6/jopt-simple-4.6.jar:/home/user/.m2/repository/org/apache/commons/commons-math3/3.1.1/commons-math3-3.1.1.jar:/home/user/.m2/repository/org/openjdk/jmh/jmh-generator-annprocess/1.19/jmh-generator-annprocess-1.19.jar:/home/user/.m2/repository/org/mockito/mockito-all/1.8.5/mockito-all-1.8.5.jar:/home/user/.m2/repository/org/apache/hadoop/hadoop-kms/3.2.0/hadoop-kms-3.2.0.jar:/home/user/.m2/repository/org/apache/hadoop/hadoop-auth/3.2.0/hadoop-auth-3.2.0.jar:/home/user/.m2/repository/com/nimbusds/nimbus-jose-jwt/4.41.1/nimbus-jose-jwt-4.41.1.jar:/home/user/.m2/repository/com/github/stephenc/jcip/jcip-annotations/1.0-1/jcip-annotations-1.0-1.jar:/home/user/.m2/repository/net/minidev/json-smart/2.3/json-smart-2.3.jar:/home/user/.m2/repository/net/minidev/accessors-smart/1.2/accessors-smart-1.2.jar:/home/user/.m2/repository/org/ow2/asm/asm/5.0.4/asm-5.0.4.jar:/home/user/.m2/repository/org/apache/curator/curator-framework/2.12.0/curator-framework-2.12.0.jar:/home/user/.m2/repository/com/sun/jersey/jersey-core/1.19/jersey-core-1.19.jar:/home/user/.m2/repository/javax/ws/rs/jsr311-api/1.1.1/jsr311-api-1.1.1.jar:/home/user/.m2/repository/com/sun/jersey/jersey-server/1.19/jersey-server-1.19.jar:/home/user/.m2/repository/javax/servlet/javax.servlet-api/3.1.0/javax.servlet-api-3.1.0.jar:/home/user/.m2/repository/org/eclipse/jetty/jetty-server/9.3.25.v20180904/jetty-server-9.3.25.v20180904.jar:/home/user/.m2/repository/org/eclipse/jetty/jetty-http/9.3.25.v20180904/jetty-http-9.3.25.v20180904.jar:/home/user/.m2/repository/org/eclipse/jetty/jetty-io/9.3.25.v20180904/jetty-io-9.3.25.v20180904.jar:/home/user/.m2/repository/org/eclipse/jetty/jetty-webapp/9.3.25.v20180904/jetty-webapp-9.3.25.v20180904.jar:/home/user/.m2/repository/org/eclipse/jetty/jetty-xml/9.3.25.v20180904/jetty-xml-9.3.25.v20180904.jar:/home/user/.m2/repository/log4j/log4j/1.2.17/log4j-1.2.17.jar:/home/user/.m2/repository/org/slf4j/slf4j-api/1.7.25/slf4j-api-1.7.25.jar:/home/user/.m2/repository/org/slf4j/jul-to-slf4j/1.7.25/jul-to-slf4j-1.7.25.jar:/home/user/.m2/repository/org/eclipse/jetty/jetty-util/9.3.25.v20180904/jetty-util-9.3.25.v20180904.jar:/home/user/.m2/repository/com/fasterxml/jackson/core/jackson-databind/2.9.9/jackson-databind-2.9.9.jar:/home/user/.m2/repository/org/apache/hadoop/hadoop-kms/3.2.0/hadoop-kms-3.2.0-tests.jar:/home/user/.m2/repository/org/apache/hadoop/hadoop-hdds-server-scm/0.5.0-SNAPSHOT/hadoop-hdds-server-scm-0.5.0-SNAPSHOT-tests.jar:/home/user/.m2/repository/org/apache/hadoop/hadoop-hdds-container-service/0.5.0-SNAPSHOT/hadoop-hdds-container-service-0.5.0-SNAPSHOT-tests.jar:/home/user/.m2/repository/org/yaml/snakeyaml/1.16/snakeyaml-1.16.jar:/home/user/.m2/repository/org/apache/hadoop/hadoop-common/3.2.0/hadoop-common-3.2.0-tests.jar:/home/user/.m2/repository/org/apache/hadoop/hadoop-annotations/3.2.0/hadoop-annotations-3.2.0.jar:/usr/lib/jvm/java-1.8-openjdk/jre/../lib/tools.jar:/home/user/.m2/repository/commons-cli/commons-cli/1.2/commons-cli-1.2.jar:/home/user/.m2/repository/org/apache/httpcomponents/httpclient/4.5.2/httpclient-4.5.2.jar:/home/user/.m2/repository/org/apache/httpcomponents/httpcore/4.4.4/httpcore-4.4.4.jar:/home/user/.m2/repository/commons-codec/commons-codec/1.11/commons-codec-1.11.jar:/home/user/.m2/repository/commons-net/commons-net/3.6/commons-net-3.6.jar:/home/user/.m2/repository/commons-collections/commons-collections/3.2.2/commons-collections-3.2.2.jar:/home/user/.m2/repository/org/eclipse/jetty/jetty-servlet/9.3.25.v20180904/jetty-servlet-9.3.25.v20180904.jar:/home/user/.m2/repository/org/eclipse/jetty/jetty-security/9.3.25.v20180904/jetty-security-9.3.25.v20180904.jar:/home/user/.m2/repository/javax/servlet/jsp/jsp-api/2.1/jsp-api-2.1.jar:/home/user/.m2/repository/com/sun/jersey/jersey-servlet/1.19/jersey-servlet-1.19.jar:/home/user/.m2/repository/com/sun/jersey/jersey-json/1.19/jersey-json-1.19.jar:/home/user/.m2/repository/org/codehaus/jettison/jettison/1.1/jettison-1.1.jar:/home/user/.m2/repository/org/codehaus/jackson/jackson-core-asl/1.9.13/jackson-core-asl-1.9.13.jar:/home/user/.m2/repository/org/codehaus/jackson/jackson-mapper-asl/1.9.13/jackson-mapper-asl-1.9.13.jar:/home/user/.m2/repository/org/codehaus/jackson/jackson-jaxrs/1.9.13/jackson-jaxrs-1.9.13.jar:/home/user/.m2/repository/org/codehaus/jackson/jackson-xc/1.9.13/jackson-xc-1.9.13.jar:/home/user/.m2/repository/commons-logging/commons-logging/1.1.3/commons-logging-1.1.3.jar:/home/user/.m2/repository/commons-beanutils/commons-beanutils/1.9.4/commons-beanutils-1.9.4.jar:/home/user/.m2/repository/org/apache/commons/commons-configuration2/2.1.1/commons-configuration2-2.1.1.jar:/home/user/.m2/repository/org/apache/commons/commons-lang3/3.7/commons-lang3-3.7.jar:/home/user/.m2/repository/org/apache/commons/commons-text/1.4/commons-text-1.4.jar:/home/user/.m2/repository/org/apache/avro/avro/1.7.7/avro-1.7.7.jar:/home/user/.m2/repository/com/thoughtworks/paranamer/paranamer/2.3/paranamer-2.3.jar:/home/user/.m2/repository/org/xerial/snappy/snappy-java/1.0.5/snappy-java-1.0.5.jar:/home/user/.m2/repository/com/google/re2j/re2j/1.1/re2j-1.1.jar:/home/user/.m2/repository/com/google/code/gson/gson/2.2.4/gson-2.2.4.jar:/home/user/.m2/repository/com/jcraft/jsch/0.1.54/jsch-0.1.54.jar:/home/user/.m2/repository/org/apache/curator/curator-client/2.12.0/curator-client-2.12.0.jar:/home/user/.m2/repository/org/apache/curator/curator-recipes/2.12.0/curator-recipes-2.12.0.jar:/home/user/.m2/repository/com/google/code/findbugs/jsr305/3.0.0/jsr305-3.0.0.jar:/home/user/.m2/repository/org/apache/htrace/htrace-core4/4.1.0-incubating/htrace-core4-4.1.0-incubating.jar:/home/user/.m2/repository/org/apache/zookeeper/zookeeper/3.4.13/zookeeper-3.4.13.jar:/home/user/.m2/repository/jline/jline/0.9.94/jline-0.9.94.jar:/home/user/.m2/repository/org/apache/yetus/audience-annotations/0.5.0/audience-annotations-0.5.0.jar:/home/user/.m2/repository/org/codehaus/woodstox/stax2-api/3.1.4/stax2-api-3.1.4.jar:/home/user/.m2/repository/com/fasterxml/woodstox/woodstox-core/5.0.3/woodstox-core-5.0.3.jar:/home/user/.m2/repository/dnsjava/dnsjava/2.1.7/dnsjava-2.1.7.jar:/home/user/.m2/repository/org/apache/hadoop/hadoop-hdfs/3.2.0/hadoop-hdfs-3.2.0-tests.jar:/home/user/.m2/repository/org/eclipse/jetty/jetty-util-ajax/9.3.25.v20180904/jetty-util-ajax-9.3.25.v20180904.jar:/home/user/.m2/repository/commons-daemon/commons-daemon/1.0.13/commons-daemon-1.0.13.jar:/home/user/.m2/repository/io/netty/netty/3.10.5.Final/netty-3.10.5.Final.jar:/home/user/.m2/repository/io/netty/netty-all/4.0.52.Final/netty-all-4.0.52.Final.jar:/home/user/.m2/repository/org/fusesource/leveldbjni/leveldbjni-all/1.8/leveldbjni-all-1.8.jar:"/>
    <property name="sun.cpu.endian" value="little"/>
    <property name="user.home" value="/home/user"/>
    <property name="user.language" value="en"/>
    <property name="java.specification.vendor" value="Oracle Corporation"/>
    <property name="java.home" value="/usr/lib/jvm/java-1.8-openjdk/jre"/>
    <property name="java.security.krb5.conf" value="/workdir/hadoop-ozone/integration-test/target/test-classes/krb5.conf"/>
    <property name="basedir" value="/workdir/hadoop-ozone/integration-test"/>
    <property name="file.separator" value="/"/>
    <property name="line.separator" value="&#10;"/>
    <property name="java.vm.specification.vendor" value="Oracle Corporation"/>
    <property name="java.specification.name" value="Java Platform API Specification"/>
    <property name="java.awt.graphicsenv" value="sun.awt.X11GraphicsEnvironment"/>
    <property name="surefire.real.class.path" value="/workdir/hadoop-ozone/integration-test/target/surefire/surefirebooter1280553636441494627.jar"/>
    <property name="hadoop.log.dir" value="/workdir/hadoop-ozone/integration-test/target/log"/>
    <property name="sun.boot.class.path" value="/usr/lib/jvm/java-1.8-openjdk/jre/lib/resources.jar:/usr/lib/jvm/java-1.8-openjdk/jre/lib/rt.jar:/usr/lib/jvm/java-1.8-openjdk/jre/lib/sunrsasign.jar:/usr/lib/jvm/java-1.8-openjdk/jre/lib/jsse.jar:/usr/lib/jvm/java-1.8-openjdk/jre/lib/jce.jar:/usr/lib/jvm/java-1.8-openjdk/jre/lib/charsets.jar:/usr/lib/jvm/java-1.8-openjdk/jre/lib/jfr.jar:/usr/lib/jvm/java-1.8-openjdk/jre/classes"/>
    <property name="sun.management.compiler" value="HotSpot 64-Bit Tiered Compilers"/>
    <property name="java.runtime.version" value="1.8.0_212-b04"/>
    <property name="java.net.preferIPv4Stack" value="true"/>
    <property name="user.name" value="jenkins1000"/>
    <property name="path.separator" value=":"/>
    <property name="java.security.egd" value="file:///dev/urandom"/>
    <property name="os.version" value="3.10.0-957.12.2.el7.x86_64"/>
    <property name="java.endorsed.dirs" value="/usr/lib/jvm/java-1.8-openjdk/jre/lib/endorsed"/>
    <property name="java.runtime.name" value="OpenJDK Runtime Environment"/>
    <property name="file.encoding" value="UTF-8"/>
    <property name="java.vm.name" value="OpenJDK 64-Bit Server VM"/>
    <property name="test.build.webapps" value=""/>
    <property name="localRepository" value="/home/user/.m2/repository"/>
    <property name="java.vendor.url.bug" value="https://icedtea.classpath.org/bugzilla"/>
    <property name="java.io.tmpdir" value="/tmp"/>
    <property name="require.test.libhadoop" value=""/>
    <property name="java.version" value="1.8.0_212"/>
    <property name="user.dir" value="/workdir/hadoop-ozone/integration-test"/>
    <property name="os.arch" value="amd64"/>
    <property name="java.vm.specification.name" value="Java Virtual Machine Specification"/>
    <property name="test.build.classes" value="/workdir/hadoop-ozone/integration-test/target/test-classes"/>
    <property name="java.awt.printerjob" value="sun.print.PSPrinterJob"/>
    <property name="sun.os.patch.level" value="unknown"/>
    <property name="hadoop.tmp.dir" value="/workdir/hadoop-ozone/integration-test/target/tmp"/>
    <property name="java.library.path" value="/usr/lib/jvm/java-1.8-openjdk/jre/lib/amd64/server:/usr/lib/jvm/java-1.8-openjdk/jre/lib/amd64:/usr/lib/jvm/java-1.8-openjdk/jre/../lib/amd64:/workdir/hadoop-ozone/integration-test/target/native/target/usr/local/lib:/workdir/hadoop-ozone/integration-test/../../hadoop-common-project/hadoop-common/target/native/target/usr/local/lib:/usr/java/packages/lib/amd64:/usr/lib64:/lib64:/lib:/usr/lib"/>
    <property name="java.vm.info" value="mixed mode"/>
    <property name="java.vendor" value="IcedTea"/>
    <property name="java.vm.version" value="25.212-b04"/>
    <property name="java.ext.dirs" value="/usr/lib/jvm/java-1.8-openjdk/jre/lib/ext:/usr/java/packages/lib/ext"/>
    <property name="sun.io.unicode.encoding" value="UnicodeLittle"/>
    <property name="java.class.version" value="52.0"/>
  </properties>
  <testcase name="testMultiBlockWritesWithIntermittentDnFailures" classname="org.apache.hadoop.ozone.client.rpc.TestMultiBlockWritesWithDnFailures" time="51.452">
    <failure message="expected:&lt;6&gt; but was:&lt;5&gt;" type="java.lang.AssertionError"><![CDATA[java.lang.AssertionError: expected:<6> but was:<5>
	at org.junit.Assert.fail(Assert.java:88)
	at org.junit.Assert.failNotEquals(Assert.java:743)
	at org.junit.Assert.assertEquals(Assert.java:118)
	at org.junit.Assert.assertEquals(Assert.java:555)
	at org.junit.Assert.assertEquals(Assert.java:542)
	at org.apache.hadoop.ozone.client.rpc.TestMultiBlockWritesWithDnFailures.testMultiBlockWritesWithIntermittentDnFailures(TestMultiBlockWritesWithDnFailures.java:176)
	at sun.reflect.NativeMethodAccessorImpl.invoke0(Native Method)
	at sun.reflect.NativeMethodAccessorImpl.invoke(NativeMethodAccessorImpl.java:62)
	at sun.reflect.DelegatingMethodAccessorImpl.invoke(DelegatingMethodAccessorImpl.java:43)
	at java.lang.reflect.Method.invoke(Method.java:498)
	at org.junit.runners.model.FrameworkMethod$1.runReflectiveCall(FrameworkMethod.java:47)
	at org.junit.internal.runners.model.ReflectiveCallable.run(ReflectiveCallable.java:12)
	at org.junit.runners.model.FrameworkMethod.invokeExplosively(FrameworkMethod.java:44)
	at org.junit.internal.runners.statements.InvokeMethod.evaluate(InvokeMethod.java:17)
	at org.junit.internal.runners.statements.RunAfters.evaluate(RunAfters.java:27)
	at org.junit.runners.ParentRunner.runLeaf(ParentRunner.java:271)
	at org.junit.runners.BlockJUnit4ClassRunner.runChild(BlockJUnit4ClassRunner.java:70)
	at org.junit.runners.BlockJUnit4ClassRunner.runChild(BlockJUnit4ClassRunner.java:50)
	at org.junit.runners.ParentRunner$3.run(ParentRunner.java:238)
	at org.junit.runners.ParentRunner$1.schedule(ParentRunner.java:63)
	at org.junit.runners.ParentRunner.runChildren(ParentRunner.java:236)
	at org.junit.runners.ParentRunner.access$000(ParentRunner.java:53)
	at org.junit.runners.ParentRunner$2.evaluate(ParentRunner.java:229)
	at org.junit.runners.ParentRunner.run(ParentRunner.java:309)
	at org.apache.maven.surefire.junit4.JUnit4Provider.execute(JUnit4Provider.java:365)
	at org.apache.maven.surefire.junit4.JUnit4Provider.executeWithRerun(JUnit4Provider.java:273)
	at org.apache.maven.surefire.junit4.JUnit4Provider.executeTestSet(JUnit4Provider.java:238)
	at org.apache.maven.surefire.junit4.JUnit4Provider.invoke(JUnit4Provider.java:159)
	at org.apache.maven.surefire.booter.ForkedBooter.invokeProviderInSameClassLoader(ForkedBooter.java:384)
	at org.apache.maven.surefire.booter.ForkedBooter.runSuitesInProcess(ForkedBooter.java:345)
	at org.apache.maven.surefire.booter.ForkedBooter.execute(ForkedBooter.java:126)
	at org.apache.maven.surefire.booter.ForkedBooter.main(ForkedBooter.java:418)
]]></failure>
    <system-out><![CDATA[2019-10-01 15:45:22,742 [main] WARN  server.ServerUtils (ServerUtils.java:getScmDbDir(145)) - ozone.scm.db.dirs is not configured. We recommend adding this setting. Falling back to ozone.metadata.dirs instead.
2019-10-01 15:45:22,828 [main] WARN  server.ServerUtils (ServerUtils.java:getScmDbDir(145)) - ozone.scm.db.dirs is not configured. We recommend adding this setting. Falling back to ozone.metadata.dirs instead.
2019-10-01 15:45:22,831 [main] WARN  server.ServerUtils (ServerUtils.java:getScmDbDir(145)) - ozone.scm.db.dirs is not configured. We recommend adding this setting. Falling back to ozone.metadata.dirs instead.
2019-10-01 15:45:22,846 [main] INFO  util.log (Log.java:initialized(192)) - Logging initialized @803ms
2019-10-01 15:45:22,930 [main] INFO  db.DBStoreBuilder (DBStoreBuilder.java:addTable(110)) - using custom profile for table: deletedBlocks
2019-10-01 15:45:22,930 [main] INFO  db.DBStoreBuilder (DBStoreBuilder.java:processTables(161)) - Using default column profile:DBProfile.DISK for Table:deletedBlocks
2019-10-01 15:45:22,931 [main] INFO  db.DBStoreBuilder (DBStoreBuilder.java:addTable(110)) - using custom profile for table: validCerts
2019-10-01 15:45:22,931 [main] INFO  db.DBStoreBuilder (DBStoreBuilder.java:processTables(161)) - Using default column profile:DBProfile.DISK for Table:validCerts
2019-10-01 15:45:22,931 [main] INFO  db.DBStoreBuilder (DBStoreBuilder.java:addTable(110)) - using custom profile for table: revokedCerts
2019-10-01 15:45:22,931 [main] INFO  db.DBStoreBuilder (DBStoreBuilder.java:processTables(161)) - Using default column profile:DBProfile.DISK for Table:revokedCerts
2019-10-01 15:45:22,942 [main] INFO  db.DBStoreBuilder (DBStoreBuilder.java:addTable(110)) - using custom profile for table: default
2019-10-01 15:45:22,942 [main] INFO  db.DBStoreBuilder (DBStoreBuilder.java:processTables(167)) - Using default column profile:DBProfile.DISK for Table:default
2019-10-01 15:45:22,943 [main] INFO  db.DBStoreBuilder (DBStoreBuilder.java:getDbProfile(198)) - Using default options. DBProfile.DISK
2019-10-01 15:45:23,147 [main] INFO  net.NodeSchemaLoader (NodeSchemaLoader.java:loadSchemaFromFile(125)) - Loading file from sun.misc.CompoundEnumeration@14cd1699
2019-10-01 15:45:23,148 [main] INFO  net.NodeSchemaLoader (NodeSchemaLoader.java:loadSchema(171)) - Loading network topology layer schema file
2019-10-01 15:45:23,219 [main] INFO  node.SCMNodeManager (SCMNodeManager.java:<init>(114)) - Entering startup safe mode.
2019-10-01 15:45:23,309 [main] INFO  algorithms.ContainerPlacementPolicyFactory (ContainerPlacementPolicyFactory.java:getPolicy(57)) - Create container placement policy of type org.apache.hadoop.hdds.scm.container.placement.algorithms.SCMContainerPlacementRandom
2019-10-01 15:45:23,324 [main] WARN  server.ServerUtils (ServerUtils.java:getScmDbDir(145)) - ozone.scm.db.dirs is not configured. We recommend adding this setting. Falling back to ozone.metadata.dirs instead.
2019-10-01 15:45:23,385 [main] INFO  pipeline.SCMPipelineManager (SCMPipelineManager.java:initializePipelineState(132)) - No pipeline exists in current db
2019-10-01 15:45:23,387 [main] WARN  server.ServerUtils (ServerUtils.java:getScmDbDir(145)) - ozone.scm.db.dirs is not configured. We recommend adding this setting. Falling back to ozone.metadata.dirs instead.
2019-10-01 15:45:23,483 [main] WARN  events.EventQueue (EventQueue.java:fireEvent(183)) - No event handler registered for event TypedEvent{payloadType=SafeModeStatus, name='SafeModeStatus'}
2019-10-01 15:45:23,840 [main] INFO  ipc.CallQueueManager (CallQueueManager.java:<init>(84)) - Using callQueue: class java.util.concurrent.LinkedBlockingQueue, queueCapacity: 2000, scheduler: class org.apache.hadoop.ipc.DefaultRpcScheduler, ipcBackoff: false.
2019-10-01 15:45:23,871 [Socket Reader #1 for port 44566] INFO  ipc.Server (Server.java:run(1074)) - Starting Socket Reader #1 for port 44566
2019-10-01 15:45:24,016 [main] INFO  ipc.CallQueueManager (CallQueueManager.java:<init>(84)) - Using callQueue: class java.util.concurrent.LinkedBlockingQueue, queueCapacity: 2000, scheduler: class org.apache.hadoop.ipc.DefaultRpcScheduler, ipcBackoff: false.
2019-10-01 15:45:24,018 [Socket Reader #1 for port 46814] INFO  ipc.Server (Server.java:run(1074)) - Starting Socket Reader #1 for port 46814
2019-10-01 15:45:24,029 [main] INFO  ipc.CallQueueManager (CallQueueManager.java:<init>(84)) - Using callQueue: class java.util.concurrent.LinkedBlockingQueue, queueCapacity: 2000, scheduler: class org.apache.hadoop.ipc.DefaultRpcScheduler, ipcBackoff: false.
2019-10-01 15:45:24,030 [Socket Reader #1 for port 38668] INFO  ipc.Server (Server.java:run(1074)) - Starting Socket Reader #1 for port 38668
2019-10-01 15:45:24,056 [main] INFO  hdfs.DFSUtil (DFSUtil.java:httpServerTemplateForNNAndJN(1641)) - Starting Web-server for scm at: http://0.0.0.0:0
2019-10-01 15:45:24,227 [main] INFO  server.AuthenticationFilter (AuthenticationFilter.java:constructSecretProvider(240)) - Unable to initialize FileSignerSecretProvider, falling back to use random secrets.
2019-10-01 15:45:24,237 [main] WARN  http.HttpRequestLog (HttpRequestLog.java:getRequestLog(97)) - Jetty request log can only be enabled using Log4j
2019-10-01 15:45:24,245 [main] INFO  http.HttpServer2 (HttpServer2.java:addGlobalFilter(975)) - Added global filter 'safety' (class=org.apache.hadoop.http.HttpServer2$QuotingInputFilter)
2019-10-01 15:45:24,248 [main] INFO  http.HttpServer2 (HttpServer2.java:addFilter(948)) - Added filter static_user_filter (class=org.apache.hadoop.http.lib.StaticUserWebFilter$StaticUserFilter) to context scm
2019-10-01 15:45:24,249 [main] INFO  http.HttpServer2 (HttpServer2.java:addFilter(958)) - Added filter static_user_filter (class=org.apache.hadoop.http.lib.StaticUserWebFilter$StaticUserFilter) to context logs
2019-10-01 15:45:24,249 [main] INFO  http.HttpServer2 (HttpServer2.java:addFilter(958)) - Added filter static_user_filter (class=org.apache.hadoop.http.lib.StaticUserWebFilter$StaticUserFilter) to context static
2019-10-01 15:45:24,284 [main] INFO  server.StorageContainerManager (StorageContainerManager.java:start(770)) - StorageContainerLocationProtocol RPC server is listening at /0.0.0.0:38668
2019-10-01 15:45:24,348 [main] WARN  impl.MetricsConfig (MetricsConfig.java:loadFirst(134)) - Cannot locate configuration: tried hadoop-metrics2-storagecontainermanager.properties,hadoop-metrics2.properties
2019-10-01 15:45:24,362 [main] INFO  impl.MetricsSystemImpl (MetricsSystemImpl.java:startTimer(374)) - Scheduled Metric snapshot period at 10 second(s).
2019-10-01 15:45:24,362 [main] INFO  impl.MetricsSystemImpl (MetricsSystemImpl.java:start(191)) - StorageContainerManager metrics system started
2019-10-01 15:45:24,624 [main] INFO  server.SCMClientProtocolServer (SCMClientProtocolServer.java:start(150)) - RPC server for Client  is listening at /0.0.0.0:38668
2019-10-01 15:45:24,625 [IPC Server Responder] INFO  ipc.Server (Server.java:run(1314)) - IPC Server Responder: starting
2019-10-01 15:45:24,625 [IPC Server listener on 38668] INFO  ipc.Server (Server.java:run(1153)) - IPC Server listener on 38668: starting
2019-10-01 15:45:24,627 [main] INFO  server.StorageContainerManager (StorageContainerManager.java:start(780)) - ScmBlockLocationProtocol RPC server is listening at /0.0.0.0:46814
2019-10-01 15:45:24,629 [main] INFO  server.SCMBlockProtocolServer (SCMBlockProtocolServer.java:start(146)) - RPC server for Block Protocol is listening at /0.0.0.0:46814
2019-10-01 15:45:24,629 [IPC Server Responder] INFO  ipc.Server (Server.java:run(1314)) - IPC Server Responder: starting
2019-10-01 15:45:24,629 [IPC Server listener on 46814] INFO  ipc.Server (Server.java:run(1153)) - IPC Server listener on 46814: starting
2019-10-01 15:45:24,631 [main] INFO  server.StorageContainerManager (StorageContainerManager.java:start(784)) - ScmDatanodeProtocl RPC server is listening at /0.0.0.0:44566
2019-10-01 15:45:24,631 [main] INFO  server.SCMDatanodeProtocolServer (SCMDatanodeProtocolServer.java:start(191)) - RPC server for DataNodes is listening at /0.0.0.0:44566
2019-10-01 15:45:24,632 [IPC Server Responder] INFO  ipc.Server (Server.java:run(1314)) - IPC Server Responder: starting
2019-10-01 15:45:24,632 [IPC Server listener on 44566] INFO  ipc.Server (Server.java:run(1153)) - IPC Server listener on 44566: starting
2019-10-01 15:45:24,636 [main] INFO  http.HttpServer2 (HttpServer2.java:bindListener(1191)) - Jetty bound to port 44602
2019-10-01 15:45:24,639 [main] INFO  server.Server (Server.java:doStart(351)) - jetty-9.3.25.v20180904, build timestamp: 2018-09-04T21:11:46Z, git hash: 3ce520221d0240229c862b122d2b06c12a625732
2019-10-01 15:45:24,694 [main] INFO  handler.ContextHandler (ContextHandler.java:doStart(781)) - Started o.e.j.s.ServletContextHandler@4fce136b{/logs,file:///workdir/hadoop-ozone/integration-test/target/log,AVAILABLE}
2019-10-01 15:45:24,695 [main] INFO  handler.ContextHandler (ContextHandler.java:doStart(781)) - Started o.e.j.s.ServletContextHandler@43b6123e{/static,file:///workdir/hadoop-ozone/integration-test/target/test-classes/webapps/static,AVAILABLE}
2019-10-01 15:45:24,732 [main] INFO  handler.ContextHandler (ContextHandler.java:doStart(781)) - Started o.e.j.w.WebAppContext@6db66836{/,file:///workdir/hadoop-ozone/integration-test/target/test-classes/webapps/scm/,AVAILABLE}{/scm}
2019-10-01 15:45:24,738 [main] INFO  server.AbstractConnector (AbstractConnector.java:doStart(278)) - Started ServerConnector@1ee4730{HTTP/1.1,[http/1.1]}{0.0.0.0:44602}
2019-10-01 15:45:24,739 [main] INFO  server.Server (Server.java:doStart(419)) - Started @2696ms
2019-10-01 15:45:24,741 [main] INFO  impl.MetricsSinkAdapter (MetricsSinkAdapter.java:start(204)) - Sink prometheus started
2019-10-01 15:45:24,741 [main] INFO  impl.MetricsSystemImpl (MetricsSystemImpl.java:registerSink(301)) - Registered sink prometheus
2019-10-01 15:45:24,743 [main] INFO  server.BaseHttpServer (BaseHttpServer.java:updateConnectorAddress(215)) - HTTP server of SCM is listening at http://0.0.0.0:44602
2019-10-01 15:45:24,751 [org.apache.hadoop.util.JvmPauseMonitor$Monitor@51f49060] INFO  util.JvmPauseMonitor (JvmPauseMonitor.java:run(188)) - Starting JVM pause monitor
2019-10-01 15:45:24,755 [main] WARN  server.ServerUtils (ServerUtils.java:getDBPath(222)) - ozone.om.db.dirs is not configured. We recommend adding this setting. Falling back to ozone.metadata.dirs instead.
2019-10-01 15:45:24,869 [main] WARN  server.ServerUtils (ServerUtils.java:getDBPath(222)) - ozone.om.db.dirs is not configured. We recommend adding this setting. Falling back to ozone.metadata.dirs instead.
2019-10-01 15:45:24,869 [main] WARN  server.ServerUtils (ServerUtils.java:getDBPath(222)) - ozone.om.db.dirs is not configured. We recommend adding this setting. Falling back to ozone.metadata.dirs instead.
2019-10-01 15:45:24,870 [main] INFO  om.OzoneManager (OzoneManager.java:setOMNodeDetails(652)) - OM Service ID is not set. Setting it to the default ID: omServiceIdDefault
2019-10-01 15:45:24,870 [main] INFO  om.OzoneManager (OzoneManager.java:setOMNodeDetails(658)) - OM Node ID is not set. Setting it to the OmStorage's OmID: 89f4123a-5375-422c-bbed-0b7fa41b26a0
2019-10-01 15:45:24,872 [main] INFO  om.OzoneManager (OzoneManager.java:loadOMHAConfigs(609)) - Found matching OM address with OMServiceId: null, OMNodeId: null, RPC Address: localhost:0 and Ratis port: 9872
2019-10-01 15:45:25,572 [main] WARN  server.ServerUtils (ServerUtils.java:getDBPath(222)) - ozone.om.db.dirs is not configured. We recommend adding this setting. Falling back to ozone.metadata.dirs instead.
2019-10-01 15:45:25,580 [main] INFO  db.DBStoreBuilder (DBStoreBuilder.java:addTable(110)) - using custom profile for table: userTable
2019-10-01 15:45:25,581 [main] INFO  db.DBStoreBuilder (DBStoreBuilder.java:processTables(161)) - Using default column profile:DBProfile.DISK for Table:userTable
2019-10-01 15:45:25,581 [main] INFO  db.DBStoreBuilder (DBStoreBuilder.java:addTable(110)) - using custom profile for table: volumeTable
2019-10-01 15:45:25,581 [main] INFO  db.DBStoreBuilder (DBStoreBuilder.java:processTables(161)) - Using default column profile:DBProfile.DISK for Table:volumeTable
2019-10-01 15:45:25,581 [main] INFO  db.DBStoreBuilder (DBStoreBuilder.java:addTable(110)) - using custom profile for table: bucketTable
2019-10-01 15:45:25,582 [main] INFO  db.DBStoreBuilder (DBStoreBuilder.java:processTables(161)) - Using default column profile:DBProfile.DISK for Table:bucketTable
2019-10-01 15:45:25,582 [main] INFO  db.DBStoreBuilder (DBStoreBuilder.java:addTable(110)) - using custom profile for table: keyTable
2019-10-01 15:45:25,582 [main] INFO  db.DBStoreBuilder (DBStoreBuilder.java:processTables(161)) - Using default column profile:DBProfile.DISK for Table:keyTable
2019-10-01 15:45:25,583 [main] INFO  db.DBStoreBuilder (DBStoreBuilder.java:addTable(110)) - using custom profile for table: deletedTable
2019-10-01 15:45:25,583 [main] INFO  db.DBStoreBuilder (DBStoreBuilder.java:processTables(161)) - Using default column profile:DBProfile.DISK for Table:deletedTable
2019-10-01 15:45:25,583 [main] INFO  db.DBStoreBuilder (DBStoreBuilder.java:addTable(110)) - using custom profile for table: openKeyTable
2019-10-01 15:45:25,583 [main] INFO  db.DBStoreBuilder (DBStoreBuilder.java:processTables(161)) - Using default column profile:DBProfile.DISK for Table:openKeyTable
2019-10-01 15:45:25,584 [main] INFO  db.DBStoreBuilder (DBStoreBuilder.java:addTable(110)) - using custom profile for table: s3Table
2019-10-01 15:45:25,584 [main] INFO  db.DBStoreBuilder (DBStoreBuilder.java:processTables(161)) - Using default column profile:DBProfile.DISK for Table:s3Table
2019-10-01 15:45:25,584 [main] INFO  db.DBStoreBuilder (DBStoreBuilder.java:addTable(110)) - using custom profile for table: multipartInfoTable
2019-10-01 15:45:25,584 [main] INFO  db.DBStoreBuilder (DBStoreBuilder.java:processTables(161)) - Using default column profile:DBProfile.DISK for Table:multipartInfoTable
2019-10-01 15:45:25,585 [main] INFO  db.DBStoreBuilder (DBStoreBuilder.java:addTable(110)) - using custom profile for table: dTokenTable
2019-10-01 15:45:25,585 [main] INFO  db.DBStoreBuilder (DBStoreBuilder.java:processTables(161)) - Using default column profile:DBProfile.DISK for Table:dTokenTable
2019-10-01 15:45:25,585 [main] INFO  db.DBStoreBuilder (DBStoreBuilder.java:addTable(110)) - using custom profile for table: s3SecretTable
2019-10-01 15:45:25,585 [main] INFO  db.DBStoreBuilder (DBStoreBuilder.java:processTables(161)) - Using default column profile:DBProfile.DISK for Table:s3SecretTable
2019-10-01 15:45:25,586 [main] INFO  db.DBStoreBuilder (DBStoreBuilder.java:addTable(110)) - using custom profile for table: prefixTable
2019-10-01 15:45:25,586 [main] INFO  db.DBStoreBuilder (DBStoreBuilder.java:processTables(161)) - Using default column profile:DBProfile.DISK for Table:prefixTable
2019-10-01 15:45:25,586 [main] INFO  db.DBStoreBuilder (DBStoreBuilder.java:addTable(110)) - using custom profile for table: default
2019-10-01 15:45:25,586 [main] INFO  db.DBStoreBuilder (DBStoreBuilder.java:processTables(167)) - Using default column profile:DBProfile.DISK for Table:default
2019-10-01 15:45:25,587 [main] INFO  db.DBStoreBuilder (DBStoreBuilder.java:getDbProfile(198)) - Using default options. DBProfile.DISK
2019-10-01 15:45:26,108 [main] INFO  ipc.CallQueueManager (CallQueueManager.java:<init>(84)) - Using callQueue: class java.util.concurrent.LinkedBlockingQueue, queueCapacity: 2000, scheduler: class org.apache.hadoop.ipc.DefaultRpcScheduler, ipcBackoff: false.
2019-10-01 15:45:26,109 [Socket Reader #1 for port 43200] INFO  ipc.Server (Server.java:run(1074)) - Starting Socket Reader #1 for port 43200
2019-10-01 15:45:26,131 [main] INFO  om.OzoneManager (OzoneManager.java:start(1243)) - OzoneManager RPC server is listening at localhost/127.0.0.1:43200
2019-10-01 15:45:26,132 [main] INFO  impl.MetricsSystemImpl (MetricsSystemImpl.java:init(158)) - OzoneManager metrics system started (again)
2019-10-01 15:45:26,133 [IPC Server Responder] INFO  ipc.Server (Server.java:run(1314)) - IPC Server Responder: starting
2019-10-01 15:45:26,133 [IPC Server listener on 43200] INFO  ipc.Server (Server.java:run(1153)) - IPC Server listener on 43200: starting
2019-10-01 15:45:26,137 [main] INFO  hdfs.DFSUtil (DFSUtil.java:httpServerTemplateForNNAndJN(1641)) - Starting Web-server for ozoneManager at: http://0.0.0.0:0
2019-10-01 15:45:26,139 [main] INFO  server.AuthenticationFilter (AuthenticationFilter.java:constructSecretProvider(240)) - Unable to initialize FileSignerSecretProvider, falling back to use random secrets.
2019-10-01 15:45:26,139 [main] WARN  http.HttpRequestLog (HttpRequestLog.java:getRequestLog(97)) - Jetty request log can only be enabled using Log4j
2019-10-01 15:45:26,142 [main] INFO  http.HttpServer2 (HttpServer2.java:addGlobalFilter(975)) - Added global filter 'safety' (class=org.apache.hadoop.http.HttpServer2$QuotingInputFilter)
2019-10-01 15:45:26,142 [main] INFO  http.HttpServer2 (HttpServer2.java:addFilter(948)) - Added filter static_user_filter (class=org.apache.hadoop.http.lib.StaticUserWebFilter$StaticUserFilter) to context ozoneManager
2019-10-01 15:45:26,143 [main] INFO  http.HttpServer2 (HttpServer2.java:addFilter(958)) - Added filter static_user_filter (class=org.apache.hadoop.http.lib.StaticUserWebFilter$StaticUserFilter) to context logs
2019-10-01 15:45:26,143 [main] INFO  http.HttpServer2 (HttpServer2.java:addFilter(958)) - Added filter static_user_filter (class=org.apache.hadoop.http.lib.StaticUserWebFilter$StaticUserFilter) to context static
2019-10-01 15:45:26,145 [main] INFO  http.HttpServer2 (HttpServer2.java:bindListener(1191)) - Jetty bound to port 45019
2019-10-01 15:45:26,145 [main] INFO  server.Server (Server.java:doStart(351)) - jetty-9.3.25.v20180904, build timestamp: 2018-09-04T21:11:46Z, git hash: 3ce520221d0240229c862b122d2b06c12a625732
2019-10-01 15:45:26,147 [main] INFO  handler.ContextHandler (ContextHandler.java:doStart(781)) - Started o.e.j.s.ServletContextHandler@963176{/logs,file:///workdir/hadoop-ozone/integration-test/target/log,AVAILABLE}
2019-10-01 15:45:26,148 [main] INFO  handler.ContextHandler (ContextHandler.java:doStart(781)) - Started o.e.j.s.ServletContextHandler@4cafa9aa{/static,file:///workdir/hadoop-ozone/integration-test/target/test-classes/webapps/static,AVAILABLE}
2019-10-01 15:45:26,154 [main] INFO  handler.ContextHandler (ContextHandler.java:doStart(781)) - Started o.e.j.w.WebAppContext@af78c87{/,file:///workdir/hadoop-ozone/integration-test/target/test-classes/webapps/ozoneManager/,AVAILABLE}{/ozoneManager}
2019-10-01 15:45:26,154 [main] INFO  server.AbstractConnector (AbstractConnector.java:doStart(278)) - Started ServerConnector@773dab28{HTTP/1.1,[http/1.1]}{0.0.0.0:45019}
2019-10-01 15:45:26,155 [main] INFO  server.Server (Server.java:doStart(419)) - Started @4112ms
2019-10-01 15:45:26,155 [main] WARN  impl.MetricsSystemImpl (MetricsSystemImpl.java:register(276)) - Sink prometheus already exists!
2019-10-01 15:45:26,156 [main] INFO  server.BaseHttpServer (BaseHttpServer.java:updateConnectorAddress(215)) - HTTP server of OZONEMANAGER is listening at http://0.0.0.0:45019
2019-10-01 15:45:26,508 [main] INFO  impl.MetricsSystemImpl (MetricsSystemImpl.java:init(158)) - HddsDatanode metrics system started (again)
2019-10-01 15:45:26,557 [main] INFO  ozone.HddsDatanodeService (HddsDatanodeService.java:start(184)) - HddsDatanodeService host:pr-hdds-2221-4x997-2286248681 ip:192.168.151.117
2019-10-01 15:45:26,588 [main] INFO  volume.HddsVolume (HddsVolume.java:<init>(176)) - Creating Volume: /workdir/hadoop-ozone/integration-test/target/test-dir/MiniOzoneClusterImpl-9b1271a8-4299-44cb-bbfb-3eebcf11b219/datanode-0/data/containers/hdds of  storage type : DISK and capacity : 1482555576320
2019-10-01 15:45:26,590 [main] INFO  volume.VolumeSet (VolumeSet.java:initializeVolumeSet(170)) - Added Volume : /workdir/hadoop-ozone/integration-test/target/test-dir/MiniOzoneClusterImpl-9b1271a8-4299-44cb-bbfb-3eebcf11b219/datanode-0/data/containers/hdds to VolumeSet
2019-10-01 15:45:26,593 [main] INFO  volume.ThrottledAsyncChecker (ThrottledAsyncChecker.java:schedule(139)) - Scheduling a check for org.apache.hadoop.ozone.container.common.volume.HddsVolume@a52ca2e
2019-10-01 15:45:26,609 [main] INFO  volume.HddsVolumeChecker (HddsVolumeChecker.java:checkAllVolumes(202)) - Scheduled health check for volume org.apache.hadoop.ozone.container.common.volume.HddsVolume@a52ca2e
2019-10-01 15:45:26,712 [main] INFO  impl.RaftServerProxy (ConfUtils.java:logGet(43)) - raft.rpc.type = GRPC (default)
2019-10-01 15:45:26,775 [main] INFO  grpc.GrpcFactory (GrpcFactory.java:checkPooledByteBufAllocatorUseCacheForAllThreads(45)) - PERFORMANCE WARNING: useCacheForAllThreads is true that may cause Netty to create a lot garbage objects and, as a result, trigger GC.
	It is recommended to disable useCacheForAllThreads by setting -Dorg.apache.ratis.thirdparty.io.netty.allocator.useCacheForAllThreads=false in command line.
2019-10-01 15:45:26,780 [main] INFO  grpc.GrpcConfigKeys$Server (ConfUtils.java:logGet(43)) - raft.grpc.server.port = 0 (default)
2019-10-01 15:45:26,781 [main] INFO  server.GrpcService (ConfUtils.java:logGet(43)) - raft.grpc.message.size.max = 33570816 (custom)
2019-10-01 15:45:26,782 [main] INFO  server.RaftServerConfigKeys (ConfUtils.java:logGet(43)) - raft.server.log.appender.buffer.byte-limit = 33554432 (custom)
2019-10-01 15:45:26,783 [main] INFO  server.GrpcService (ConfUtils.java:logGet(43)) - raft.grpc.flow.control.window = 1MB (=1048576) (default)
2019-10-01 15:45:26,784 [main] INFO  server.RaftServerConfigKeys (ConfUtils.java:logGet(43)) - raft.server.rpc.request.timeout = 3000ms (default)
2019-10-01 15:45:26,958 [main] INFO  server.RaftServerConfigKeys (ConfUtils.java:logGet(43)) - raft.server.storage.dir = [/workdir/hadoop-ozone/integration-test/target/test-dir/MiniOzoneClusterImpl-9b1271a8-4299-44cb-bbfb-3eebcf11b219/datanode-0/data/ratis] (custom)
2019-10-01 15:45:27,018 [main] INFO  hdfs.DFSUtil (DFSUtil.java:httpServerTemplateForNNAndJN(1641)) - Starting Web-server for hddsDatanode at: http://0.0.0.0:0
2019-10-01 15:45:27,020 [main] INFO  server.AuthenticationFilter (AuthenticationFilter.java:constructSecretProvider(240)) - Unable to initialize FileSignerSecretProvider, falling back to use random secrets.
2019-10-01 15:45:27,022 [main] WARN  http.HttpRequestLog (HttpRequestLog.java:getRequestLog(97)) - Jetty request log can only be enabled using Log4j
2019-10-01 15:45:27,024 [main] INFO  http.HttpServer2 (HttpServer2.java:addGlobalFilter(975)) - Added global filter 'safety' (class=org.apache.hadoop.http.HttpServer2$QuotingInputFilter)
2019-10-01 15:45:27,024 [main] INFO  http.HttpServer2 (HttpServer2.java:addFilter(948)) - Added filter static_user_filter (class=org.apache.hadoop.http.lib.StaticUserWebFilter$StaticUserFilter) to context hddsDatanode
2019-10-01 15:45:27,025 [main] INFO  http.HttpServer2 (HttpServer2.java:addFilter(958)) - Added filter static_user_filter (class=org.apache.hadoop.http.lib.StaticUserWebFilter$StaticUserFilter) to context logs
2019-10-01 15:45:27,025 [main] INFO  http.HttpServer2 (HttpServer2.java:addFilter(958)) - Added filter static_user_filter (class=org.apache.hadoop.http.lib.StaticUserWebFilter$StaticUserFilter) to context static
2019-10-01 15:45:27,026 [main] INFO  http.HttpServer2 (HttpServer2.java:bindListener(1191)) - Jetty bound to port 34853
2019-10-01 15:45:27,027 [main] INFO  server.Server (Server.java:doStart(351)) - jetty-9.3.25.v20180904, build timestamp: 2018-09-04T21:11:46Z, git hash: 3ce520221d0240229c862b122d2b06c12a625732
2019-10-01 15:45:27,029 [main] INFO  handler.ContextHandler (ContextHandler.java:doStart(781)) - Started o.e.j.s.ServletContextHandler@70228253{/logs,file:///workdir/hadoop-ozone/integration-test/target/log,AVAILABLE}
2019-10-01 15:45:27,029 [main] INFO  handler.ContextHandler (ContextHandler.java:doStart(781)) - Started o.e.j.s.ServletContextHandler@21bd20ee{/static,jar:file:/home/user/.m2/repository/org/apache/hadoop/hadoop-hdds-container-service/0.5.0-SNAPSHOT/hadoop-hdds-container-service-0.5.0-SNAPSHOT.jar!/webapps/static,AVAILABLE}
2019-10-01 15:45:27,063 [main] INFO  handler.ContextHandler (ContextHandler.java:doStart(781)) - Started o.e.j.w.WebAppContext@646c0a67{/,file:///tmp/jetty-0.0.0.0-34853-hddsDatanode-_-any-7450171166107916418.dir/webapp/,AVAILABLE}{/hddsDatanode}
2019-10-01 15:45:27,063 [main] INFO  server.AbstractConnector (AbstractConnector.java:doStart(278)) - Started ServerConnector@3804a9a8{HTTP/1.1,[http/1.1]}{0.0.0.0:34853}
2019-10-01 15:45:27,068 [main] INFO  server.Server (Server.java:doStart(419)) - Started @5026ms
2019-10-01 15:45:27,068 [main] WARN  impl.MetricsSystemImpl (MetricsSystemImpl.java:register(276)) - Sink prometheus already exists!
2019-10-01 15:45:27,069 [main] INFO  server.BaseHttpServer (BaseHttpServer.java:updateConnectorAddress(215)) - HTTP server of HDDSDATANODE is listening at http://0.0.0.0:34853
2019-10-01 15:45:27,070 [main] INFO  impl.MetricsSystemImpl (MetricsSystemImpl.java:init(158)) - HddsDatanode metrics system started (again)
2019-10-01 15:45:27,075 [main] INFO  ozone.HddsDatanodeService (HddsDatanodeService.java:start(184)) - HddsDatanodeService host:pr-hdds-2221-4x997-2286248681 ip:192.168.151.117
2019-10-01 15:45:27,078 [org.apache.hadoop.util.JvmPauseMonitor$Monitor@2c9b10dc] INFO  util.JvmPauseMonitor (JvmPauseMonitor.java:run(188)) - Starting JVM pause monitor
2019-10-01 15:45:27,085 [main] INFO  volume.HddsVolume (HddsVolume.java:<init>(176)) - Creating Volume: /workdir/hadoop-ozone/integration-test/target/test-dir/MiniOzoneClusterImpl-9b1271a8-4299-44cb-bbfb-3eebcf11b219/datanode-1/data/containers/hdds of  storage type : DISK and capacity : 1482555576320
2019-10-01 15:45:27,086 [main] INFO  volume.VolumeSet (VolumeSet.java:initializeVolumeSet(170)) - Added Volume : /workdir/hadoop-ozone/integration-test/target/test-dir/MiniOzoneClusterImpl-9b1271a8-4299-44cb-bbfb-3eebcf11b219/datanode-1/data/containers/hdds to VolumeSet
2019-10-01 15:45:27,086 [main] INFO  volume.ThrottledAsyncChecker (ThrottledAsyncChecker.java:schedule(139)) - Scheduling a check for org.apache.hadoop.ozone.container.common.volume.HddsVolume@1e7ab390
2019-10-01 15:45:27,087 [main] INFO  volume.HddsVolumeChecker (HddsVolumeChecker.java:checkAllVolumes(202)) - Scheduled health check for volume org.apache.hadoop.ozone.container.common.volume.HddsVolume@1e7ab390
2019-10-01 15:45:27,102 [main] INFO  impl.RaftServerProxy (ConfUtils.java:logGet(43)) - raft.rpc.type = GRPC (default)
2019-10-01 15:45:27,103 [main] INFO  grpc.GrpcFactory (GrpcFactory.java:checkPooledByteBufAllocatorUseCacheForAllThreads(45)) - PERFORMANCE WARNING: useCacheForAllThreads is true that may cause Netty to create a lot garbage objects and, as a result, trigger GC.
	It is recommended to disable useCacheForAllThreads by setting -Dorg.apache.ratis.thirdparty.io.netty.allocator.useCacheForAllThreads=false in command line.
2019-10-01 15:45:27,103 [main] INFO  grpc.GrpcConfigKeys$Server (ConfUtils.java:logGet(43)) - raft.grpc.server.port = 0 (default)
2019-10-01 15:45:27,103 [main] INFO  server.GrpcService (ConfUtils.java:logGet(43)) - raft.grpc.message.size.max = 33570816 (custom)
2019-10-01 15:45:27,103 [main] INFO  server.RaftServerConfigKeys (ConfUtils.java:logGet(43)) - raft.server.log.appender.buffer.byte-limit = 33554432 (custom)
2019-10-01 15:45:27,104 [main] INFO  server.GrpcService (ConfUtils.java:logGet(43)) - raft.grpc.flow.control.window = 1MB (=1048576) (default)
2019-10-01 15:45:27,104 [main] INFO  server.RaftServerConfigKeys (ConfUtils.java:logGet(43)) - raft.server.rpc.request.timeout = 3000ms (default)
2019-10-01 15:45:27,105 [main] INFO  server.RaftServerConfigKeys (ConfUtils.java:logGet(43)) - raft.server.storage.dir = [/workdir/hadoop-ozone/integration-test/target/test-dir/MiniOzoneClusterImpl-9b1271a8-4299-44cb-bbfb-3eebcf11b219/datanode-1/data/ratis] (custom)
2019-10-01 15:45:27,106 [main] INFO  hdfs.DFSUtil (DFSUtil.java:httpServerTemplateForNNAndJN(1641)) - Starting Web-server for hddsDatanode at: http://0.0.0.0:0
2019-10-01 15:45:27,107 [main] INFO  server.AuthenticationFilter (AuthenticationFilter.java:constructSecretProvider(240)) - Unable to initialize FileSignerSecretProvider, falling back to use random secrets.
2019-10-01 15:45:27,108 [main] WARN  http.HttpRequestLog (HttpRequestLog.java:getRequestLog(97)) - Jetty request log can only be enabled using Log4j
2019-10-01 15:45:27,110 [main] INFO  http.HttpServer2 (HttpServer2.java:addGlobalFilter(975)) - Added global filter 'safety' (class=org.apache.hadoop.http.HttpServer2$QuotingInputFilter)
2019-10-01 15:45:27,111 [main] INFO  http.HttpServer2 (HttpServer2.java:addFilter(948)) - Added filter static_user_filter (class=org.apache.hadoop.http.lib.StaticUserWebFilter$StaticUserFilter) to context hddsDatanode
2019-10-01 15:45:27,111 [main] INFO  http.HttpServer2 (HttpServer2.java:addFilter(958)) - Added filter static_user_filter (class=org.apache.hadoop.http.lib.StaticUserWebFilter$StaticUserFilter) to context static
2019-10-01 15:45:27,111 [main] INFO  http.HttpServer2 (HttpServer2.java:addFilter(958)) - Added filter static_user_filter (class=org.apache.hadoop.http.lib.StaticUserWebFilter$StaticUserFilter) to context logs
2019-10-01 15:45:27,112 [main] INFO  http.HttpServer2 (HttpServer2.java:bindListener(1191)) - Jetty bound to port 35557
2019-10-01 15:45:27,112 [main] INFO  server.Server (Server.java:doStart(351)) - jetty-9.3.25.v20180904, build timestamp: 2018-09-04T21:11:46Z, git hash: 3ce520221d0240229c862b122d2b06c12a625732
2019-10-01 15:45:27,114 [main] INFO  handler.ContextHandler (ContextHandler.java:doStart(781)) - Started o.e.j.s.ServletContextHandler@79b84841{/logs,file:///workdir/hadoop-ozone/integration-test/target/log,AVAILABLE}
2019-10-01 15:45:27,115 [main] INFO  handler.ContextHandler (ContextHandler.java:doStart(781)) - Started o.e.j.s.ServletContextHandler@3c87e6b7{/static,jar:file:/home/user/.m2/repository/org/apache/hadoop/hadoop-hdds-container-service/0.5.0-SNAPSHOT/hadoop-hdds-container-service-0.5.0-SNAPSHOT.jar!/webapps/static,AVAILABLE}
2019-10-01 15:45:27,155 [main] INFO  handler.ContextHandler (ContextHandler.java:doStart(781)) - Started o.e.j.w.WebAppContext@6cc86152{/,file:///tmp/jetty-0.0.0.0-35557-hddsDatanode-_-any-7095748538544411191.dir/webapp/,AVAILABLE}{/hddsDatanode}
2019-10-01 15:45:27,157 [main] INFO  server.AbstractConnector (AbstractConnector.java:doStart(278)) - Started ServerConnector@611a990b{HTTP/1.1,[http/1.1]}{0.0.0.0:35557}
2019-10-01 15:45:27,159 [main] INFO  server.Server (Server.java:doStart(419)) - Started @5117ms
2019-10-01 15:45:27,159 [main] WARN  impl.MetricsSystemImpl (MetricsSystemImpl.java:register(276)) - Sink prometheus already exists!
2019-10-01 15:45:27,161 [main] INFO  server.BaseHttpServer (BaseHttpServer.java:updateConnectorAddress(215)) - HTTP server of HDDSDATANODE is listening at http://0.0.0.0:35557
2019-10-01 15:45:27,161 [main] INFO  impl.MetricsSystemImpl (MetricsSystemImpl.java:init(158)) - HddsDatanode metrics system started (again)
2019-10-01 15:45:27,165 [org.apache.hadoop.util.JvmPauseMonitor$Monitor@8f5095] INFO  util.JvmPauseMonitor (JvmPauseMonitor.java:run(188)) - Starting JVM pause monitor
2019-10-01 15:45:27,165 [main] INFO  ozone.HddsDatanodeService (HddsDatanodeService.java:start(184)) - HddsDatanodeService host:pr-hdds-2221-4x997-2286248681 ip:192.168.151.117
2019-10-01 15:45:27,176 [main] INFO  volume.HddsVolume (HddsVolume.java:<init>(176)) - Creating Volume: /workdir/hadoop-ozone/integration-test/target/test-dir/MiniOzoneClusterImpl-9b1271a8-4299-44cb-bbfb-3eebcf11b219/datanode-2/data/containers/hdds of  storage type : DISK and capacity : 1482555576320
2019-10-01 15:45:27,177 [main] INFO  volume.VolumeSet (VolumeSet.java:initializeVolumeSet(170)) - Added Volume : /workdir/hadoop-ozone/integration-test/target/test-dir/MiniOzoneClusterImpl-9b1271a8-4299-44cb-bbfb-3eebcf11b219/datanode-2/data/containers/hdds to VolumeSet
2019-10-01 15:45:27,177 [main] INFO  volume.ThrottledAsyncChecker (ThrottledAsyncChecker.java:schedule(139)) - Scheduling a check for org.apache.hadoop.ozone.container.common.volume.HddsVolume@44536de4
2019-10-01 15:45:27,178 [main] INFO  volume.HddsVolumeChecker (HddsVolumeChecker.java:checkAllVolumes(202)) - Scheduled health check for volume org.apache.hadoop.ozone.container.common.volume.HddsVolume@44536de4
2019-10-01 15:45:27,196 [main] INFO  impl.RaftServerProxy (ConfUtils.java:logGet(43)) - raft.rpc.type = GRPC (default)
2019-10-01 15:45:27,196 [main] INFO  grpc.GrpcFactory (GrpcFactory.java:checkPooledByteBufAllocatorUseCacheForAllThreads(45)) - PERFORMANCE WARNING: useCacheForAllThreads is true that may cause Netty to create a lot garbage objects and, as a result, trigger GC.
	It is recommended to disable useCacheForAllThreads by setting -Dorg.apache.ratis.thirdparty.io.netty.allocator.useCacheForAllThreads=false in command line.
2019-10-01 15:45:27,197 [main] INFO  grpc.GrpcConfigKeys$Server (ConfUtils.java:logGet(43)) - raft.grpc.server.port = 0 (default)
2019-10-01 15:45:27,197 [main] INFO  server.GrpcService (ConfUtils.java:logGet(43)) - raft.grpc.message.size.max = 33570816 (custom)
2019-10-01 15:45:27,197 [main] INFO  server.RaftServerConfigKeys (ConfUtils.java:logGet(43)) - raft.server.log.appender.buffer.byte-limit = 33554432 (custom)
2019-10-01 15:45:27,197 [main] INFO  server.GrpcService (ConfUtils.java:logGet(43)) - raft.grpc.flow.control.window = 1MB (=1048576) (default)
2019-10-01 15:45:27,198 [main] INFO  server.RaftServerConfigKeys (ConfUtils.java:logGet(43)) - raft.server.rpc.request.timeout = 3000ms (default)
2019-10-01 15:45:27,198 [main] INFO  server.RaftServerConfigKeys (ConfUtils.java:logGet(43)) - raft.server.storage.dir = [/workdir/hadoop-ozone/integration-test/target/test-dir/MiniOzoneClusterImpl-9b1271a8-4299-44cb-bbfb-3eebcf11b219/datanode-2/data/ratis] (custom)
2019-10-01 15:45:27,200 [main] INFO  hdfs.DFSUtil (DFSUtil.java:httpServerTemplateForNNAndJN(1641)) - Starting Web-server for hddsDatanode at: http://0.0.0.0:0
2019-10-01 15:45:27,202 [main] INFO  server.AuthenticationFilter (AuthenticationFilter.java:constructSecretProvider(240)) - Unable to initialize FileSignerSecretProvider, falling back to use random secrets.
2019-10-01 15:45:27,202 [main] WARN  http.HttpRequestLog (HttpRequestLog.java:getRequestLog(97)) - Jetty request log can only be enabled using Log4j
2019-10-01 15:45:27,204 [main] INFO  http.HttpServer2 (HttpServer2.java:addGlobalFilter(975)) - Added global filter 'safety' (class=org.apache.hadoop.http.HttpServer2$QuotingInputFilter)
2019-10-01 15:45:27,205 [main] INFO  http.HttpServer2 (HttpServer2.java:addFilter(948)) - Added filter static_user_filter (class=org.apache.hadoop.http.lib.StaticUserWebFilter$StaticUserFilter) to context hddsDatanode
2019-10-01 15:45:27,205 [main] INFO  http.HttpServer2 (HttpServer2.java:addFilter(958)) - Added filter static_user_filter (class=org.apache.hadoop.http.lib.StaticUserWebFilter$StaticUserFilter) to context logs
2019-10-01 15:45:27,205 [main] INFO  http.HttpServer2 (HttpServer2.java:addFilter(958)) - Added filter static_user_filter (class=org.apache.hadoop.http.lib.StaticUserWebFilter$StaticUserFilter) to context static
2019-10-01 15:45:27,206 [main] INFO  http.HttpServer2 (HttpServer2.java:bindListener(1191)) - Jetty bound to port 33384
2019-10-01 15:45:27,206 [main] INFO  server.Server (Server.java:doStart(351)) - jetty-9.3.25.v20180904, build timestamp: 2018-09-04T21:11:46Z, git hash: 3ce520221d0240229c862b122d2b06c12a625732
2019-10-01 15:45:27,211 [main] INFO  handler.ContextHandler (ContextHandler.java:doStart(781)) - Started o.e.j.s.ServletContextHandler@733aa9d8{/logs,file:///workdir/hadoop-ozone/integration-test/target/log,AVAILABLE}
2019-10-01 15:45:27,212 [main] INFO  handler.ContextHandler (ContextHandler.java:doStart(781)) - Started o.e.j.s.ServletContextHandler@2b680207{/static,jar:file:/home/user/.m2/repository/org/apache/hadoop/hadoop-hdds-container-service/0.5.0-SNAPSHOT/hadoop-hdds-container-service-0.5.0-SNAPSHOT.jar!/webapps/static,AVAILABLE}
2019-10-01 15:45:27,241 [main] INFO  handler.ContextHandler (ContextHandler.java:doStart(781)) - Started o.e.j.w.WebAppContext@4613311f{/,file:///tmp/jetty-0.0.0.0-33384-hddsDatanode-_-any-3673042522303473755.dir/webapp/,AVAILABLE}{/hddsDatanode}
2019-10-01 15:45:27,241 [Datanode State Machine Thread - 0] INFO  datanode.InitDatanodeState (InitDatanodeState.java:persistContainerDatanodeDetails(140)) - DatanodeDetails is persisted to /workdir/hadoop-ozone/integration-test/target/test-dir/MiniOzoneClusterImpl-9b1271a8-4299-44cb-bbfb-3eebcf11b219/datanode-0/meta/datanode.id
2019-10-01 15:45:27,242 [main] INFO  server.AbstractConnector (AbstractConnector.java:doStart(278)) - Started ServerConnector@6540cf1d{HTTP/1.1,[http/1.1]}{0.0.0.0:33384}
2019-10-01 15:45:27,245 [main] INFO  server.Server (Server.java:doStart(419)) - Started @5202ms
2019-10-01 15:45:27,248 [main] WARN  impl.MetricsSystemImpl (MetricsSystemImpl.java:register(276)) - Sink prometheus already exists!
2019-10-01 15:45:27,249 [main] INFO  server.BaseHttpServer (BaseHttpServer.java:updateConnectorAddress(215)) - HTTP server of HDDSDATANODE is listening at http://0.0.0.0:33384
2019-10-01 15:45:27,249 [Datanode State Machine Thread - 0] INFO  datanode.InitDatanodeState (InitDatanodeState.java:persistContainerDatanodeDetails(140)) - DatanodeDetails is persisted to /workdir/hadoop-ozone/integration-test/target/test-dir/MiniOzoneClusterImpl-9b1271a8-4299-44cb-bbfb-3eebcf11b219/datanode-1/meta/datanode.id
2019-10-01 15:45:27,250 [main] INFO  impl.MetricsSystemImpl (MetricsSystemImpl.java:init(158)) - HddsDatanode metrics system started (again)
2019-10-01 15:45:27,253 [main] INFO  ozone.HddsDatanodeService (HddsDatanodeService.java:start(184)) - HddsDatanodeService host:pr-hdds-2221-4x997-2286248681 ip:192.168.151.117
2019-10-01 15:45:27,253 [org.apache.hadoop.util.JvmPauseMonitor$Monitor@7652f443] INFO  util.JvmPauseMonitor (JvmPauseMonitor.java:run(188)) - Starting JVM pause monitor
2019-10-01 15:45:27,255 [Datanode State Machine Thread - 0] INFO  datanode.InitDatanodeState (InitDatanodeState.java:persistContainerDatanodeDetails(140)) - DatanodeDetails is persisted to /workdir/hadoop-ozone/integration-test/target/test-dir/MiniOzoneClusterImpl-9b1271a8-4299-44cb-bbfb-3eebcf11b219/datanode-2/meta/datanode.id
2019-10-01 15:45:27,260 [main] INFO  volume.HddsVolume (HddsVolume.java:<init>(176)) - Creating Volume: /workdir/hadoop-ozone/integration-test/target/test-dir/MiniOzoneClusterImpl-9b1271a8-4299-44cb-bbfb-3eebcf11b219/datanode-3/data/containers/hdds of  storage type : DISK and capacity : 1482555576320
2019-10-01 15:45:27,261 [main] INFO  volume.VolumeSet (VolumeSet.java:initializeVolumeSet(170)) - Added Volume : /workdir/hadoop-ozone/integration-test/target/test-dir/MiniOzoneClusterImpl-9b1271a8-4299-44cb-bbfb-3eebcf11b219/datanode-3/data/containers/hdds to VolumeSet
2019-10-01 15:45:27,261 [main] INFO  volume.ThrottledAsyncChecker (ThrottledAsyncChecker.java:schedule(139)) - Scheduling a check for org.apache.hadoop.ozone.container.common.volume.HddsVolume@27d33393
2019-10-01 15:45:27,262 [main] INFO  volume.HddsVolumeChecker (HddsVolumeChecker.java:checkAllVolumes(202)) - Scheduled health check for volume org.apache.hadoop.ozone.container.common.volume.HddsVolume@27d33393
2019-10-01 15:45:27,278 [main] INFO  impl.RaftServerProxy (ConfUtils.java:logGet(43)) - raft.rpc.type = GRPC (default)
2019-10-01 15:45:27,278 [main] INFO  grpc.GrpcFactory (GrpcFactory.java:checkPooledByteBufAllocatorUseCacheForAllThreads(45)) - PERFORMANCE WARNING: useCacheForAllThreads is true that may cause Netty to create a lot garbage objects and, as a result, trigger GC.
	It is recommended to disable useCacheForAllThreads by setting -Dorg.apache.ratis.thirdparty.io.netty.allocator.useCacheForAllThreads=false in command line.
2019-10-01 15:45:27,279 [main] INFO  grpc.GrpcConfigKeys$Server (ConfUtils.java:logGet(43)) - raft.grpc.server.port = 0 (default)
2019-10-01 15:45:27,279 [main] INFO  server.GrpcService (ConfUtils.java:logGet(43)) - raft.grpc.message.size.max = 33570816 (custom)
2019-10-01 15:45:27,279 [main] INFO  server.RaftServerConfigKeys (ConfUtils.java:logGet(43)) - raft.server.log.appender.buffer.byte-limit = 33554432 (custom)
2019-10-01 15:45:27,279 [main] INFO  server.GrpcService (ConfUtils.java:logGet(43)) - raft.grpc.flow.control.window = 1MB (=1048576) (default)
2019-10-01 15:45:27,280 [main] INFO  server.RaftServerConfigKeys (ConfUtils.java:logGet(43)) - raft.server.rpc.request.timeout = 3000ms (default)
2019-10-01 15:45:27,280 [main] INFO  server.RaftServerConfigKeys (ConfUtils.java:logGet(43)) - raft.server.storage.dir = [/workdir/hadoop-ozone/integration-test/target/test-dir/MiniOzoneClusterImpl-9b1271a8-4299-44cb-bbfb-3eebcf11b219/datanode-3/data/ratis] (custom)
2019-10-01 15:45:27,282 [main] INFO  hdfs.DFSUtil (DFSUtil.java:httpServerTemplateForNNAndJN(1641)) - Starting Web-server for hddsDatanode at: http://0.0.0.0:0
2019-10-01 15:45:27,283 [main] INFO  server.AuthenticationFilter (AuthenticationFilter.java:constructSecretProvider(240)) - Unable to initialize FileSignerSecretProvider, falling back to use random secrets.
2019-10-01 15:45:27,283 [main] WARN  http.HttpRequestLog (HttpRequestLog.java:getRequestLog(97)) - Jetty request log can only be enabled using Log4j
2019-10-01 15:45:27,285 [main] INFO  http.HttpServer2 (HttpServer2.java:addGlobalFilter(975)) - Added global filter 'safety' (class=org.apache.hadoop.http.HttpServer2$QuotingInputFilter)
2019-10-01 15:45:27,285 [main] INFO  http.HttpServer2 (HttpServer2.java:addFilter(948)) - Added filter static_user_filter (class=org.apache.hadoop.http.lib.StaticUserWebFilter$StaticUserFilter) to context hddsDatanode
2019-10-01 15:45:27,286 [main] INFO  http.HttpServer2 (HttpServer2.java:addFilter(958)) - Added filter static_user_filter (class=org.apache.hadoop.http.lib.StaticUserWebFilter$StaticUserFilter) to context static
2019-10-01 15:45:27,286 [main] INFO  http.HttpServer2 (HttpServer2.java:addFilter(958)) - Added filter static_user_filter (class=org.apache.hadoop.http.lib.StaticUserWebFilter$StaticUserFilter) to context logs
2019-10-01 15:45:27,286 [main] INFO  http.HttpServer2 (HttpServer2.java:bindListener(1191)) - Jetty bound to port 41289
2019-10-01 15:45:27,287 [main] INFO  server.Server (Server.java:doStart(351)) - jetty-9.3.25.v20180904, build timestamp: 2018-09-04T21:11:46Z, git hash: 3ce520221d0240229c862b122d2b06c12a625732
2019-10-01 15:45:27,288 [main] INFO  handler.ContextHandler (ContextHandler.java:doStart(781)) - Started o.e.j.s.ServletContextHandler@119aa36{/logs,file:///workdir/hadoop-ozone/integration-test/target/log,AVAILABLE}
2019-10-01 15:45:27,289 [main] INFO  handler.ContextHandler (ContextHandler.java:doStart(781)) - Started o.e.j.s.ServletContextHandler@69fe0ed4{/static,jar:file:/home/user/.m2/repository/org/apache/hadoop/hadoop-hdds-container-service/0.5.0-SNAPSHOT/hadoop-hdds-container-service-0.5.0-SNAPSHOT.jar!/webapps/static,AVAILABLE}
2019-10-01 15:45:27,316 [main] INFO  handler.ContextHandler (ContextHandler.java:doStart(781)) - Started o.e.j.w.WebAppContext@748d2277{/,file:///tmp/jetty-0.0.0.0-41289-hddsDatanode-_-any-4931469043689229648.dir/webapp/,AVAILABLE}{/hddsDatanode}
2019-10-01 15:45:27,317 [main] INFO  server.AbstractConnector (AbstractConnector.java:doStart(278)) - Started ServerConnector@2f897dab{HTTP/1.1,[http/1.1]}{0.0.0.0:41289}
2019-10-01 15:45:27,318 [main] INFO  server.Server (Server.java:doStart(419)) - Started @5276ms
2019-10-01 15:45:27,319 [main] WARN  impl.MetricsSystemImpl (MetricsSystemImpl.java:register(276)) - Sink prometheus already exists!
2019-10-01 15:45:27,320 [main] INFO  server.BaseHttpServer (BaseHttpServer.java:updateConnectorAddress(215)) - HTTP server of HDDSDATANODE is listening at http://0.0.0.0:41289
2019-10-01 15:45:27,320 [main] INFO  impl.MetricsSystemImpl (MetricsSystemImpl.java:init(158)) - HddsDatanode metrics system started (again)
2019-10-01 15:45:27,323 [main] INFO  ozone.HddsDatanodeService (HddsDatanodeService.java:start(184)) - HddsDatanodeService host:pr-hdds-2221-4x997-2286248681 ip:192.168.151.117
2019-10-01 15:45:27,323 [org.apache.hadoop.util.JvmPauseMonitor$Monitor@226d7b39] INFO  util.JvmPauseMonitor (JvmPauseMonitor.java:run(188)) - Starting JVM pause monitor
2019-10-01 15:45:27,326 [Datanode State Machine Thread - 0] INFO  datanode.InitDatanodeState (InitDatanodeState.java:persistContainerDatanodeDetails(140)) - DatanodeDetails is persisted to /workdir/hadoop-ozone/integration-test/target/test-dir/MiniOzoneClusterImpl-9b1271a8-4299-44cb-bbfb-3eebcf11b219/datanode-3/meta/datanode.id
2019-10-01 15:45:27,331 [main] INFO  volume.HddsVolume (HddsVolume.java:<init>(176)) - Creating Volume: /workdir/hadoop-ozone/integration-test/target/test-dir/MiniOzoneClusterImpl-9b1271a8-4299-44cb-bbfb-3eebcf11b219/datanode-4/data/containers/hdds of  storage type : DISK and capacity : 1482555576320
2019-10-01 15:45:27,332 [main] INFO  volume.VolumeSet (VolumeSet.java:initializeVolumeSet(170)) - Added Volume : /workdir/hadoop-ozone/integration-test/target/test-dir/MiniOzoneClusterImpl-9b1271a8-4299-44cb-bbfb-3eebcf11b219/datanode-4/data/containers/hdds to VolumeSet
2019-10-01 15:45:27,332 [main] INFO  volume.ThrottledAsyncChecker (ThrottledAsyncChecker.java:schedule(139)) - Scheduling a check for org.apache.hadoop.ozone.container.common.volume.HddsVolume@22eaa86e
2019-10-01 15:45:27,332 [main] INFO  volume.HddsVolumeChecker (HddsVolumeChecker.java:checkAllVolumes(202)) - Scheduled health check for volume org.apache.hadoop.ozone.container.common.volume.HddsVolume@22eaa86e
2019-10-01 15:45:27,344 [main] INFO  impl.RaftServerProxy (ConfUtils.java:logGet(43)) - raft.rpc.type = GRPC (default)
2019-10-01 15:45:27,345 [main] INFO  grpc.GrpcFactory (GrpcFactory.java:checkPooledByteBufAllocatorUseCacheForAllThreads(45)) - PERFORMANCE WARNING: useCacheForAllThreads is true that may cause Netty to create a lot garbage objects and, as a result, trigger GC.
	It is recommended to disable useCacheForAllThreads by setting -Dorg.apache.ratis.thirdparty.io.netty.allocator.useCacheForAllThreads=false in command line.
2019-10-01 15:45:27,345 [main] INFO  grpc.GrpcConfigKeys$Server (ConfUtils.java:logGet(43)) - raft.grpc.server.port = 0 (default)
2019-10-01 15:45:27,345 [main] INFO  server.GrpcService (ConfUtils.java:logGet(43)) - raft.grpc.message.size.max = 33570816 (custom)
2019-10-01 15:45:27,345 [main] INFO  server.RaftServerConfigKeys (ConfUtils.java:logGet(43)) - raft.server.log.appender.buffer.byte-limit = 33554432 (custom)
2019-10-01 15:45:27,346 [main] INFO  server.GrpcService (ConfUtils.java:logGet(43)) - raft.grpc.flow.control.window = 1MB (=1048576) (default)
2019-10-01 15:45:27,346 [main] INFO  server.RaftServerConfigKeys (ConfUtils.java:logGet(43)) - raft.server.rpc.request.timeout = 3000ms (default)
2019-10-01 15:45:27,346 [main] INFO  server.RaftServerConfigKeys (ConfUtils.java:logGet(43)) - raft.server.storage.dir = [/workdir/hadoop-ozone/integration-test/target/test-dir/MiniOzoneClusterImpl-9b1271a8-4299-44cb-bbfb-3eebcf11b219/datanode-4/data/ratis] (custom)
2019-10-01 15:45:27,348 [main] INFO  hdfs.DFSUtil (DFSUtil.java:httpServerTemplateForNNAndJN(1641)) - Starting Web-server for hddsDatanode at: http://0.0.0.0:0
2019-10-01 15:45:27,349 [main] INFO  server.AuthenticationFilter (AuthenticationFilter.java:constructSecretProvider(240)) - Unable to initialize FileSignerSecretProvider, falling back to use random secrets.
2019-10-01 15:45:27,349 [main] WARN  http.HttpRequestLog (HttpRequestLog.java:getRequestLog(97)) - Jetty request log can only be enabled using Log4j
2019-10-01 15:45:27,351 [main] INFO  http.HttpServer2 (HttpServer2.java:addGlobalFilter(975)) - Added global filter 'safety' (class=org.apache.hadoop.http.HttpServer2$QuotingInputFilter)
2019-10-01 15:45:27,351 [main] INFO  http.HttpServer2 (HttpServer2.java:addFilter(948)) - Added filter static_user_filter (class=org.apache.hadoop.http.lib.StaticUserWebFilter$StaticUserFilter) to context hddsDatanode
2019-10-01 15:45:27,351 [main] INFO  http.HttpServer2 (HttpServer2.java:addFilter(958)) - Added filter static_user_filter (class=org.apache.hadoop.http.lib.StaticUserWebFilter$StaticUserFilter) to context logs
2019-10-01 15:45:27,352 [main] INFO  http.HttpServer2 (HttpServer2.java:addFilter(958)) - Added filter static_user_filter (class=org.apache.hadoop.http.lib.StaticUserWebFilter$StaticUserFilter) to context static
2019-10-01 15:45:27,352 [main] INFO  http.HttpServer2 (HttpServer2.java:bindListener(1191)) - Jetty bound to port 42438
2019-10-01 15:45:27,352 [main] INFO  server.Server (Server.java:doStart(351)) - jetty-9.3.25.v20180904, build timestamp: 2018-09-04T21:11:46Z, git hash: 3ce520221d0240229c862b122d2b06c12a625732
2019-10-01 15:45:27,360 [main] INFO  handler.ContextHandler (ContextHandler.java:doStart(781)) - Started o.e.j.s.ServletContextHandler@3bd2af5b{/logs,file:///workdir/hadoop-ozone/integration-test/target/log,AVAILABLE}
2019-10-01 15:45:27,360 [main] INFO  handler.ContextHandler (ContextHandler.java:doStart(781)) - Started o.e.j.s.ServletContextHandler@75d982d3{/static,jar:file:/home/user/.m2/repository/org/apache/hadoop/hadoop-hdds-container-service/0.5.0-SNAPSHOT/hadoop-hdds-container-service-0.5.0-SNAPSHOT.jar!/webapps/static,AVAILABLE}
2019-10-01 15:45:27,388 [main] INFO  handler.ContextHandler (ContextHandler.java:doStart(781)) - Started o.e.j.w.WebAppContext@74ea46e2{/,file:///tmp/jetty-0.0.0.0-42438-hddsDatanode-_-any-3042029724615760141.dir/webapp/,AVAILABLE}{/hddsDatanode}
2019-10-01 15:45:27,389 [main] INFO  server.AbstractConnector (AbstractConnector.java:doStart(278)) - Started ServerConnector@6f911326{HTTP/1.1,[http/1.1]}{0.0.0.0:42438}
2019-10-01 15:45:27,390 [main] INFO  server.Server (Server.java:doStart(419)) - Started @5348ms
2019-10-01 15:45:27,391 [main] WARN  impl.MetricsSystemImpl (MetricsSystemImpl.java:register(276)) - Sink prometheus already exists!
2019-10-01 15:45:27,391 [main] INFO  server.BaseHttpServer (BaseHttpServer.java:updateConnectorAddress(215)) - HTTP server of HDDSDATANODE is listening at http://0.0.0.0:42438
2019-10-01 15:45:27,392 [main] INFO  impl.MetricsSystemImpl (MetricsSystemImpl.java:init(158)) - HddsDatanode metrics system started (again)
2019-10-01 15:45:27,395 [main] INFO  ozone.HddsDatanodeService (HddsDatanodeService.java:start(184)) - HddsDatanodeService host:pr-hdds-2221-4x997-2286248681 ip:192.168.151.117
2019-10-01 15:45:27,395 [org.apache.hadoop.util.JvmPauseMonitor$Monitor@575e3d28] INFO  util.JvmPauseMonitor (JvmPauseMonitor.java:run(188)) - Starting JVM pause monitor
2019-10-01 15:45:27,397 [Datanode State Machine Thread - 0] INFO  datanode.InitDatanodeState (InitDatanodeState.java:persistContainerDatanodeDetails(140)) - DatanodeDetails is persisted to /workdir/hadoop-ozone/integration-test/target/test-dir/MiniOzoneClusterImpl-9b1271a8-4299-44cb-bbfb-3eebcf11b219/datanode-4/meta/datanode.id
2019-10-01 15:45:27,404 [main] INFO  volume.HddsVolume (HddsVolume.java:<init>(176)) - Creating Volume: /workdir/hadoop-ozone/integration-test/target/test-dir/MiniOzoneClusterImpl-9b1271a8-4299-44cb-bbfb-3eebcf11b219/datanode-5/data/containers/hdds of  storage type : DISK and capacity : 1482555576320
2019-10-01 15:45:27,404 [main] INFO  volume.VolumeSet (VolumeSet.java:initializeVolumeSet(170)) - Added Volume : /workdir/hadoop-ozone/integration-test/target/test-dir/MiniOzoneClusterImpl-9b1271a8-4299-44cb-bbfb-3eebcf11b219/datanode-5/data/containers/hdds to VolumeSet
2019-10-01 15:45:27,404 [main] INFO  volume.ThrottledAsyncChecker (ThrottledAsyncChecker.java:schedule(139)) - Scheduling a check for org.apache.hadoop.ozone.container.common.volume.HddsVolume@117d32e
2019-10-01 15:45:27,405 [main] INFO  volume.HddsVolumeChecker (HddsVolumeChecker.java:checkAllVolumes(202)) - Scheduled health check for volume org.apache.hadoop.ozone.container.common.volume.HddsVolume@117d32e
2019-10-01 15:45:27,417 [main] INFO  impl.RaftServerProxy (ConfUtils.java:logGet(43)) - raft.rpc.type = GRPC (default)
2019-10-01 15:45:27,418 [main] INFO  grpc.GrpcFactory (GrpcFactory.java:checkPooledByteBufAllocatorUseCacheForAllThreads(45)) - PERFORMANCE WARNING: useCacheForAllThreads is true that may cause Netty to create a lot garbage objects and, as a result, trigger GC.
	It is recommended to disable useCacheForAllThreads by setting -Dorg.apache.ratis.thirdparty.io.netty.allocator.useCacheForAllThreads=false in command line.
2019-10-01 15:45:27,418 [main] INFO  grpc.GrpcConfigKeys$Server (ConfUtils.java:logGet(43)) - raft.grpc.server.port = 0 (default)
2019-10-01 15:45:27,418 [main] INFO  server.GrpcService (ConfUtils.java:logGet(43)) - raft.grpc.message.size.max = 33570816 (custom)
2019-10-01 15:45:27,418 [main] INFO  server.RaftServerConfigKeys (ConfUtils.java:logGet(43)) - raft.server.log.appender.buffer.byte-limit = 33554432 (custom)
2019-10-01 15:45:27,419 [main] INFO  server.GrpcService (ConfUtils.java:logGet(43)) - raft.grpc.flow.control.window = 1MB (=1048576) (default)
2019-10-01 15:45:27,419 [main] INFO  server.RaftServerConfigKeys (ConfUtils.java:logGet(43)) - raft.server.rpc.request.timeout = 3000ms (default)
2019-10-01 15:45:27,419 [main] INFO  server.RaftServerConfigKeys (ConfUtils.java:logGet(43)) - raft.server.storage.dir = [/workdir/hadoop-ozone/integration-test/target/test-dir/MiniOzoneClusterImpl-9b1271a8-4299-44cb-bbfb-3eebcf11b219/datanode-5/data/ratis] (custom)
2019-10-01 15:45:27,421 [main] INFO  hdfs.DFSUtil (DFSUtil.java:httpServerTemplateForNNAndJN(1641)) - Starting Web-server for hddsDatanode at: http://0.0.0.0:0
2019-10-01 15:45:27,422 [main] INFO  server.AuthenticationFilter (AuthenticationFilter.java:constructSecretProvider(240)) - Unable to initialize FileSignerSecretProvider, falling back to use random secrets.
2019-10-01 15:45:27,422 [main] WARN  http.HttpRequestLog (HttpRequestLog.java:getRequestLog(97)) - Jetty request log can only be enabled using Log4j
2019-10-01 15:45:27,424 [main] INFO  http.HttpServer2 (HttpServer2.java:addGlobalFilter(975)) - Added global filter 'safety' (class=org.apache.hadoop.http.HttpServer2$QuotingInputFilter)
2019-10-01 15:45:27,424 [main] INFO  http.HttpServer2 (HttpServer2.java:addFilter(948)) - Added filter static_user_filter (class=org.apache.hadoop.http.lib.StaticUserWebFilter$StaticUserFilter) to context hddsDatanode
2019-10-01 15:45:27,425 [main] INFO  http.HttpServer2 (HttpServer2.java:addFilter(958)) - Added filter static_user_filter (class=org.apache.hadoop.http.lib.StaticUserWebFilter$StaticUserFilter) to context logs
2019-10-01 15:45:27,425 [main] INFO  http.HttpServer2 (HttpServer2.java:addFilter(958)) - Added filter static_user_filter (class=org.apache.hadoop.http.lib.StaticUserWebFilter$StaticUserFilter) to context static
2019-10-01 15:45:27,425 [main] INFO  http.HttpServer2 (HttpServer2.java:bindListener(1191)) - Jetty bound to port 34487
2019-10-01 15:45:27,426 [main] INFO  server.Server (Server.java:doStart(351)) - jetty-9.3.25.v20180904, build timestamp: 2018-09-04T21:11:46Z, git hash: 3ce520221d0240229c862b122d2b06c12a625732
2019-10-01 15:45:27,427 [main] INFO  handler.ContextHandler (ContextHandler.java:doStart(781)) - Started o.e.j.s.ServletContextHandler@181d8899{/logs,file:///workdir/hadoop-ozone/integration-test/target/log,AVAILABLE}
2019-10-01 15:45:27,428 [main] INFO  handler.ContextHandler (ContextHandler.java:doStart(781)) - Started o.e.j.s.ServletContextHandler@b887730{/static,jar:file:/home/user/.m2/repository/org/apache/hadoop/hadoop-hdds-container-service/0.5.0-SNAPSHOT/hadoop-hdds-container-service-0.5.0-SNAPSHOT.jar!/webapps/static,AVAILABLE}
2019-10-01 15:45:27,459 [main] INFO  handler.ContextHandler (ContextHandler.java:doStart(781)) - Started o.e.j.w.WebAppContext@7ab34619{/,file:///tmp/jetty-0.0.0.0-34487-hddsDatanode-_-any-5839548799405452171.dir/webapp/,AVAILABLE}{/hddsDatanode}
2019-10-01 15:45:27,460 [main] INFO  server.AbstractConnector (AbstractConnector.java:doStart(278)) - Started ServerConnector@ae2db25{HTTP/1.1,[http/1.1]}{0.0.0.0:34487}
2019-10-01 15:45:27,462 [main] INFO  server.Server (Server.java:doStart(419)) - Started @5419ms
2019-10-01 15:45:27,462 [main] WARN  impl.MetricsSystemImpl (MetricsSystemImpl.java:register(276)) - Sink prometheus already exists!
2019-10-01 15:45:27,463 [main] INFO  server.BaseHttpServer (BaseHttpServer.java:updateConnectorAddress(215)) - HTTP server of HDDSDATANODE is listening at http://0.0.0.0:34487
2019-10-01 15:45:27,463 [main] INFO  impl.MetricsSystemImpl (MetricsSystemImpl.java:init(158)) - HddsDatanode metrics system started (again)
2019-10-01 15:45:27,467 [main] INFO  ozone.HddsDatanodeService (HddsDatanodeService.java:start(184)) - HddsDatanodeService host:pr-hdds-2221-4x997-2286248681 ip:192.168.151.117
2019-10-01 15:45:27,467 [org.apache.hadoop.util.JvmPauseMonitor$Monitor@456de62c] INFO  util.JvmPauseMonitor (JvmPauseMonitor.java:run(188)) - Starting JVM pause monitor
2019-10-01 15:45:27,469 [Datanode State Machine Thread - 0] INFO  datanode.InitDatanodeState (InitDatanodeState.java:persistContainerDatanodeDetails(140)) - DatanodeDetails is persisted to /workdir/hadoop-ozone/integration-test/target/test-dir/MiniOzoneClusterImpl-9b1271a8-4299-44cb-bbfb-3eebcf11b219/datanode-5/meta/datanode.id
2019-10-01 15:45:27,476 [main] INFO  volume.HddsVolume (HddsVolume.java:<init>(176)) - Creating Volume: /workdir/hadoop-ozone/integration-test/target/test-dir/MiniOzoneClusterImpl-9b1271a8-4299-44cb-bbfb-3eebcf11b219/datanode-6/data/containers/hdds of  storage type : DISK and capacity : 1482555576320
2019-10-01 15:45:27,476 [main] INFO  volume.VolumeSet (VolumeSet.java:initializeVolumeSet(170)) - Added Volume : /workdir/hadoop-ozone/integration-test/target/test-dir/MiniOzoneClusterImpl-9b1271a8-4299-44cb-bbfb-3eebcf11b219/datanode-6/data/containers/hdds to VolumeSet
2019-10-01 15:45:27,476 [main] INFO  volume.ThrottledAsyncChecker (ThrottledAsyncChecker.java:schedule(139)) - Scheduling a check for org.apache.hadoop.ozone.container.common.volume.HddsVolume@7f5538a1
2019-10-01 15:45:27,477 [main] INFO  volume.HddsVolumeChecker (HddsVolumeChecker.java:checkAllVolumes(202)) - Scheduled health check for volume org.apache.hadoop.ozone.container.common.volume.HddsVolume@7f5538a1
2019-10-01 15:45:27,491 [main] INFO  impl.RaftServerProxy (ConfUtils.java:logGet(43)) - raft.rpc.type = GRPC (default)
2019-10-01 15:45:27,492 [main] INFO  grpc.GrpcFactory (GrpcFactory.java:checkPooledByteBufAllocatorUseCacheForAllThreads(45)) - PERFORMANCE WARNING: useCacheForAllThreads is true that may cause Netty to create a lot garbage objects and, as a result, trigger GC.
	It is recommended to disable useCacheForAllThreads by setting -Dorg.apache.ratis.thirdparty.io.netty.allocator.useCacheForAllThreads=false in command line.
2019-10-01 15:45:27,492 [main] INFO  grpc.GrpcConfigKeys$Server (ConfUtils.java:logGet(43)) - raft.grpc.server.port = 0 (default)
2019-10-01 15:45:27,492 [main] INFO  server.GrpcService (ConfUtils.java:logGet(43)) - raft.grpc.message.size.max = 33570816 (custom)
2019-10-01 15:45:27,492 [main] INFO  server.RaftServerConfigKeys (ConfUtils.java:logGet(43)) - raft.server.log.appender.buffer.byte-limit = 33554432 (custom)
2019-10-01 15:45:27,493 [main] INFO  server.GrpcService (ConfUtils.java:logGet(43)) - raft.grpc.flow.control.window = 1MB (=1048576) (default)
2019-10-01 15:45:27,493 [main] INFO  server.RaftServerConfigKeys (ConfUtils.java:logGet(43)) - raft.server.rpc.request.timeout = 3000ms (default)
2019-10-01 15:45:27,493 [main] INFO  server.RaftServerConfigKeys (ConfUtils.java:logGet(43)) - raft.server.storage.dir = [/workdir/hadoop-ozone/integration-test/target/test-dir/MiniOzoneClusterImpl-9b1271a8-4299-44cb-bbfb-3eebcf11b219/datanode-6/data/ratis] (custom)
2019-10-01 15:45:27,495 [main] INFO  hdfs.DFSUtil (DFSUtil.java:httpServerTemplateForNNAndJN(1641)) - Starting Web-server for hddsDatanode at: http://0.0.0.0:0
2019-10-01 15:45:27,496 [main] INFO  server.AuthenticationFilter (AuthenticationFilter.java:constructSecretProvider(240)) - Unable to initialize FileSignerSecretProvider, falling back to use random secrets.
2019-10-01 15:45:27,497 [main] WARN  http.HttpRequestLog (HttpRequestLog.java:getRequestLog(97)) - Jetty request log can only be enabled using Log4j
2019-10-01 15:45:27,498 [main] INFO  http.HttpServer2 (HttpServer2.java:addGlobalFilter(975)) - Added global filter 'safety' (class=org.apache.hadoop.http.HttpServer2$QuotingInputFilter)
2019-10-01 15:45:27,499 [main] INFO  http.HttpServer2 (HttpServer2.java:addFilter(948)) - Added filter static_user_filter (class=org.apache.hadoop.http.lib.StaticUserWebFilter$StaticUserFilter) to context hddsDatanode
2019-10-01 15:45:27,499 [main] INFO  http.HttpServer2 (HttpServer2.java:addFilter(958)) - Added filter static_user_filter (class=org.apache.hadoop.http.lib.StaticUserWebFilter$StaticUserFilter) to context static
2019-10-01 15:45:27,499 [main] INFO  http.HttpServer2 (HttpServer2.java:addFilter(958)) - Added filter static_user_filter (class=org.apache.hadoop.http.lib.StaticUserWebFilter$StaticUserFilter) to context logs
2019-10-01 15:45:27,500 [main] INFO  http.HttpServer2 (HttpServer2.java:bindListener(1191)) - Jetty bound to port 43418
2019-10-01 15:45:27,500 [main] INFO  server.Server (Server.java:doStart(351)) - jetty-9.3.25.v20180904, build timestamp: 2018-09-04T21:11:46Z, git hash: 3ce520221d0240229c862b122d2b06c12a625732
2019-10-01 15:45:27,502 [main] INFO  handler.ContextHandler (ContextHandler.java:doStart(781)) - Started o.e.j.s.ServletContextHandler@58434b19{/logs,file:///workdir/hadoop-ozone/integration-test/target/log,AVAILABLE}
2019-10-01 15:45:27,503 [main] INFO  handler.ContextHandler (ContextHandler.java:doStart(781)) - Started o.e.j.s.ServletContextHandler@7dbe2ebf{/static,jar:file:/home/user/.m2/repository/org/apache/hadoop/hadoop-hdds-container-service/0.5.0-SNAPSHOT/hadoop-hdds-container-service-0.5.0-SNAPSHOT.jar!/webapps/static,AVAILABLE}
2019-10-01 15:45:27,531 [main] INFO  handler.ContextHandler (ContextHandler.java:doStart(781)) - Started o.e.j.w.WebAppContext@3c74aa0d{/,file:///tmp/jetty-0.0.0.0-43418-hddsDatanode-_-any-6164130147694888850.dir/webapp/,AVAILABLE}{/hddsDatanode}
2019-10-01 15:45:27,532 [main] INFO  server.AbstractConnector (AbstractConnector.java:doStart(278)) - Started ServerConnector@6c841199{HTTP/1.1,[http/1.1]}{0.0.0.0:43418}
2019-10-01 15:45:27,532 [main] INFO  server.Server (Server.java:doStart(419)) - Started @5490ms
2019-10-01 15:45:27,532 [main] WARN  impl.MetricsSystemImpl (MetricsSystemImpl.java:register(276)) - Sink prometheus already exists!
2019-10-01 15:45:27,533 [main] INFO  server.BaseHttpServer (BaseHttpServer.java:updateConnectorAddress(215)) - HTTP server of HDDSDATANODE is listening at http://0.0.0.0:43418
2019-10-01 15:45:27,533 [main] INFO  impl.MetricsSystemImpl (MetricsSystemImpl.java:init(158)) - HddsDatanode metrics system started (again)
2019-10-01 15:45:27,536 [org.apache.hadoop.util.JvmPauseMonitor$Monitor@58878280] INFO  util.JvmPauseMonitor (JvmPauseMonitor.java:run(188)) - Starting JVM pause monitor
2019-10-01 15:45:27,537 [main] INFO  ozone.HddsDatanodeService (HddsDatanodeService.java:start(184)) - HddsDatanodeService host:pr-hdds-2221-4x997-2286248681 ip:192.168.151.117
2019-10-01 15:45:27,538 [Datanode State Machine Thread - 0] INFO  datanode.InitDatanodeState (InitDatanodeState.java:persistContainerDatanodeDetails(140)) - DatanodeDetails is persisted to /workdir/hadoop-ozone/integration-test/target/test-dir/MiniOzoneClusterImpl-9b1271a8-4299-44cb-bbfb-3eebcf11b219/datanode-6/meta/datanode.id
2019-10-01 15:45:27,544 [main] INFO  volume.HddsVolume (HddsVolume.java:<init>(176)) - Creating Volume: /workdir/hadoop-ozone/integration-test/target/test-dir/MiniOzoneClusterImpl-9b1271a8-4299-44cb-bbfb-3eebcf11b219/datanode-7/data/containers/hdds of  storage type : DISK and capacity : 1482555576320
2019-10-01 15:45:27,544 [main] INFO  volume.VolumeSet (VolumeSet.java:initializeVolumeSet(170)) - Added Volume : /workdir/hadoop-ozone/integration-test/target/test-dir/MiniOzoneClusterImpl-9b1271a8-4299-44cb-bbfb-3eebcf11b219/datanode-7/data/containers/hdds to VolumeSet
2019-10-01 15:45:27,544 [main] INFO  volume.ThrottledAsyncChecker (ThrottledAsyncChecker.java:schedule(139)) - Scheduling a check for org.apache.hadoop.ozone.container.common.volume.HddsVolume@2d64160c
2019-10-01 15:45:27,545 [main] INFO  volume.HddsVolumeChecker (HddsVolumeChecker.java:checkAllVolumes(202)) - Scheduled health check for volume org.apache.hadoop.ozone.container.common.volume.HddsVolume@2d64160c
2019-10-01 15:45:27,559 [main] INFO  impl.RaftServerProxy (ConfUtils.java:logGet(43)) - raft.rpc.type = GRPC (default)
2019-10-01 15:45:27,559 [main] INFO  grpc.GrpcFactory (GrpcFactory.java:checkPooledByteBufAllocatorUseCacheForAllThreads(45)) - PERFORMANCE WARNING: useCacheForAllThreads is true that may cause Netty to create a lot garbage objects and, as a result, trigger GC.
	It is recommended to disable useCacheForAllThreads by setting -Dorg.apache.ratis.thirdparty.io.netty.allocator.useCacheForAllThreads=false in command line.
2019-10-01 15:45:27,559 [main] INFO  grpc.GrpcConfigKeys$Server (ConfUtils.java:logGet(43)) - raft.grpc.server.port = 0 (default)
2019-10-01 15:45:27,560 [main] INFO  server.GrpcService (ConfUtils.java:logGet(43)) - raft.grpc.message.size.max = 33570816 (custom)
2019-10-01 15:45:27,560 [main] INFO  server.RaftServerConfigKeys (ConfUtils.java:logGet(43)) - raft.server.log.appender.buffer.byte-limit = 33554432 (custom)
2019-10-01 15:45:27,560 [main] INFO  server.GrpcService (ConfUtils.java:logGet(43)) - raft.grpc.flow.control.window = 1MB (=1048576) (default)
2019-10-01 15:45:27,560 [main] INFO  server.RaftServerConfigKeys (ConfUtils.java:logGet(43)) - raft.server.rpc.request.timeout = 3000ms (default)
2019-10-01 15:45:27,561 [main] INFO  server.RaftServerConfigKeys (ConfUtils.java:logGet(43)) - raft.server.storage.dir = [/workdir/hadoop-ozone/integration-test/target/test-dir/MiniOzoneClusterImpl-9b1271a8-4299-44cb-bbfb-3eebcf11b219/datanode-7/data/ratis] (custom)
2019-10-01 15:45:27,562 [main] INFO  hdfs.DFSUtil (DFSUtil.java:httpServerTemplateForNNAndJN(1641)) - Starting Web-server for hddsDatanode at: http://0.0.0.0:0
2019-10-01 15:45:27,563 [main] INFO  server.AuthenticationFilter (AuthenticationFilter.java:constructSecretProvider(240)) - Unable to initialize FileSignerSecretProvider, falling back to use random secrets.
2019-10-01 15:45:27,564 [main] WARN  http.HttpRequestLog (HttpRequestLog.java:getRequestLog(97)) - Jetty request log can only be enabled using Log4j
2019-10-01 15:45:27,565 [main] INFO  http.HttpServer2 (HttpServer2.java:addGlobalFilter(975)) - Added global filter 'safety' (class=org.apache.hadoop.http.HttpServer2$QuotingInputFilter)
2019-10-01 15:45:27,566 [main] INFO  http.HttpServer2 (HttpServer2.java:addFilter(948)) - Added filter static_user_filter (class=org.apache.hadoop.http.lib.StaticUserWebFilter$StaticUserFilter) to context hddsDatanode
2019-10-01 15:45:27,566 [main] INFO  http.HttpServer2 (HttpServer2.java:addFilter(958)) - Added filter static_user_filter (class=org.apache.hadoop.http.lib.StaticUserWebFilter$StaticUserFilter) to context logs
2019-10-01 15:45:27,566 [main] INFO  http.HttpServer2 (HttpServer2.java:addFilter(958)) - Added filter static_user_filter (class=org.apache.hadoop.http.lib.StaticUserWebFilter$StaticUserFilter) to context static
2019-10-01 15:45:27,567 [main] INFO  http.HttpServer2 (HttpServer2.java:bindListener(1191)) - Jetty bound to port 44756
2019-10-01 15:45:27,567 [main] INFO  server.Server (Server.java:doStart(351)) - jetty-9.3.25.v20180904, build timestamp: 2018-09-04T21:11:46Z, git hash: 3ce520221d0240229c862b122d2b06c12a625732
2019-10-01 15:45:27,569 [main] INFO  handler.ContextHandler (ContextHandler.java:doStart(781)) - Started o.e.j.s.ServletContextHandler@6e7c351d{/logs,file:///workdir/hadoop-ozone/integration-test/target/log,AVAILABLE}
2019-10-01 15:45:27,569 [main] INFO  handler.ContextHandler (ContextHandler.java:doStart(781)) - Started o.e.j.s.ServletContextHandler@45cec376{/static,jar:file:/home/user/.m2/repository/org/apache/hadoop/hadoop-hdds-container-service/0.5.0-SNAPSHOT/hadoop-hdds-container-service-0.5.0-SNAPSHOT.jar!/webapps/static,AVAILABLE}
2019-10-01 15:45:27,598 [main] INFO  handler.ContextHandler (ContextHandler.java:doStart(781)) - Started o.e.j.w.WebAppContext@23f86d8a{/,file:///tmp/jetty-0.0.0.0-44756-hddsDatanode-_-any-6571615372190196513.dir/webapp/,AVAILABLE}{/hddsDatanode}
2019-10-01 15:45:27,599 [main] INFO  server.AbstractConnector (AbstractConnector.java:doStart(278)) - Started ServerConnector@2264ea32{HTTP/1.1,[http/1.1]}{0.0.0.0:44756}
2019-10-01 15:45:27,599 [main] INFO  server.Server (Server.java:doStart(419)) - Started @5557ms
2019-10-01 15:45:27,599 [main] WARN  impl.MetricsSystemImpl (MetricsSystemImpl.java:register(276)) - Sink prometheus already exists!
2019-10-01 15:45:27,600 [main] INFO  server.BaseHttpServer (BaseHttpServer.java:updateConnectorAddress(215)) - HTTP server of HDDSDATANODE is listening at http://0.0.0.0:44756
2019-10-01 15:45:27,600 [main] INFO  impl.MetricsSystemImpl (MetricsSystemImpl.java:init(158)) - HddsDatanode metrics system started (again)
2019-10-01 15:45:27,604 [org.apache.hadoop.util.JvmPauseMonitor$Monitor@576ccbba] INFO  util.JvmPauseMonitor (JvmPauseMonitor.java:run(188)) - Starting JVM pause monitor
2019-10-01 15:45:27,605 [main] INFO  ozone.HddsDatanodeService (HddsDatanodeService.java:start(184)) - HddsDatanodeService host:pr-hdds-2221-4x997-2286248681 ip:192.168.151.117
2019-10-01 15:45:27,606 [Datanode State Machine Thread - 0] INFO  datanode.InitDatanodeState (InitDatanodeState.java:persistContainerDatanodeDetails(140)) - DatanodeDetails is persisted to /workdir/hadoop-ozone/integration-test/target/test-dir/MiniOzoneClusterImpl-9b1271a8-4299-44cb-bbfb-3eebcf11b219/datanode-7/meta/datanode.id
2019-10-01 15:45:27,614 [main] INFO  volume.HddsVolume (HddsVolume.java:<init>(176)) - Creating Volume: /workdir/hadoop-ozone/integration-test/target/test-dir/MiniOzoneClusterImpl-9b1271a8-4299-44cb-bbfb-3eebcf11b219/datanode-8/data/containers/hdds of  storage type : DISK and capacity : 1482555576320
2019-10-01 15:45:27,615 [main] INFO  volume.VolumeSet (VolumeSet.java:initializeVolumeSet(170)) - Added Volume : /workdir/hadoop-ozone/integration-test/target/test-dir/MiniOzoneClusterImpl-9b1271a8-4299-44cb-bbfb-3eebcf11b219/datanode-8/data/containers/hdds to VolumeSet
2019-10-01 15:45:27,615 [main] INFO  volume.ThrottledAsyncChecker (ThrottledAsyncChecker.java:schedule(139)) - Scheduling a check for org.apache.hadoop.ozone.container.common.volume.HddsVolume@2bc426f0
2019-10-01 15:45:27,615 [main] INFO  volume.HddsVolumeChecker (HddsVolumeChecker.java:checkAllVolumes(202)) - Scheduled health check for volume org.apache.hadoop.ozone.container.common.volume.HddsVolume@2bc426f0
2019-10-01 15:45:27,629 [main] INFO  impl.RaftServerProxy (ConfUtils.java:logGet(43)) - raft.rpc.type = GRPC (default)
2019-10-01 15:45:27,629 [main] INFO  grpc.GrpcFactory (GrpcFactory.java:checkPooledByteBufAllocatorUseCacheForAllThreads(45)) - PERFORMANCE WARNING: useCacheForAllThreads is true that may cause Netty to create a lot garbage objects and, as a result, trigger GC.
	It is recommended to disable useCacheForAllThreads by setting -Dorg.apache.ratis.thirdparty.io.netty.allocator.useCacheForAllThreads=false in command line.
2019-10-01 15:45:27,630 [main] INFO  grpc.GrpcConfigKeys$Server (ConfUtils.java:logGet(43)) - raft.grpc.server.port = 0 (default)
2019-10-01 15:45:27,630 [main] INFO  server.GrpcService (ConfUtils.java:logGet(43)) - raft.grpc.message.size.max = 33570816 (custom)
2019-10-01 15:45:27,630 [main] INFO  server.RaftServerConfigKeys (ConfUtils.java:logGet(43)) - raft.server.log.appender.buffer.byte-limit = 33554432 (custom)
2019-10-01 15:45:27,631 [main] INFO  server.GrpcService (ConfUtils.java:logGet(43)) - raft.grpc.flow.control.window = 1MB (=1048576) (default)
2019-10-01 15:45:27,632 [main] INFO  server.RaftServerConfigKeys (ConfUtils.java:logGet(43)) - raft.server.rpc.request.timeout = 3000ms (default)
2019-10-01 15:45:27,633 [main] INFO  server.RaftServerConfigKeys (ConfUtils.java:logGet(43)) - raft.server.storage.dir = [/workdir/hadoop-ozone/integration-test/target/test-dir/MiniOzoneClusterImpl-9b1271a8-4299-44cb-bbfb-3eebcf11b219/datanode-8/data/ratis] (custom)
2019-10-01 15:45:27,635 [main] INFO  hdfs.DFSUtil (DFSUtil.java:httpServerTemplateForNNAndJN(1641)) - Starting Web-server for hddsDatanode at: http://0.0.0.0:0
2019-10-01 15:45:27,636 [main] INFO  server.AuthenticationFilter (AuthenticationFilter.java:constructSecretProvider(240)) - Unable to initialize FileSignerSecretProvider, falling back to use random secrets.
2019-10-01 15:45:27,637 [main] WARN  http.HttpRequestLog (HttpRequestLog.java:getRequestLog(97)) - Jetty request log can only be enabled using Log4j
2019-10-01 15:45:27,639 [main] INFO  http.HttpServer2 (HttpServer2.java:addGlobalFilter(975)) - Added global filter 'safety' (class=org.apache.hadoop.http.HttpServer2$QuotingInputFilter)
2019-10-01 15:45:27,639 [main] INFO  http.HttpServer2 (HttpServer2.java:addFilter(948)) - Added filter static_user_filter (class=org.apache.hadoop.http.lib.StaticUserWebFilter$StaticUserFilter) to context hddsDatanode
2019-10-01 15:45:27,639 [main] INFO  http.HttpServer2 (HttpServer2.java:addFilter(958)) - Added filter static_user_filter (class=org.apache.hadoop.http.lib.StaticUserWebFilter$StaticUserFilter) to context logs
2019-10-01 15:45:27,640 [main] INFO  http.HttpServer2 (HttpServer2.java:addFilter(958)) - Added filter static_user_filter (class=org.apache.hadoop.http.lib.StaticUserWebFilter$StaticUserFilter) to context static
2019-10-01 15:45:27,640 [main] INFO  http.HttpServer2 (HttpServer2.java:bindListener(1191)) - Jetty bound to port 37199
2019-10-01 15:45:27,641 [main] INFO  server.Server (Server.java:doStart(351)) - jetty-9.3.25.v20180904, build timestamp: 2018-09-04T21:11:46Z, git hash: 3ce520221d0240229c862b122d2b06c12a625732
2019-10-01 15:45:27,642 [main] INFO  handler.ContextHandler (ContextHandler.java:doStart(781)) - Started o.e.j.s.ServletContextHandler@37c36608{/logs,file:///workdir/hadoop-ozone/integration-test/target/log,AVAILABLE}
2019-10-01 15:45:27,643 [main] INFO  handler.ContextHandler (ContextHandler.java:doStart(781)) - Started o.e.j.s.ServletContextHandler@617389a{/static,jar:file:/home/user/.m2/repository/org/apache/hadoop/hadoop-hdds-container-service/0.5.0-SNAPSHOT/hadoop-hdds-container-service-0.5.0-SNAPSHOT.jar!/webapps/static,AVAILABLE}
2019-10-01 15:45:27,671 [main] INFO  handler.ContextHandler (ContextHandler.java:doStart(781)) - Started o.e.j.w.WebAppContext@67064bdc{/,file:///tmp/jetty-0.0.0.0-37199-hddsDatanode-_-any-2042720566404488851.dir/webapp/,AVAILABLE}{/hddsDatanode}
2019-10-01 15:45:27,671 [main] INFO  server.AbstractConnector (AbstractConnector.java:doStart(278)) - Started ServerConnector@4a7fd0c9{HTTP/1.1,[http/1.1]}{0.0.0.0:37199}
2019-10-01 15:45:27,672 [main] INFO  server.Server (Server.java:doStart(419)) - Started @5630ms
2019-10-01 15:45:27,672 [main] WARN  impl.MetricsSystemImpl (MetricsSystemImpl.java:register(276)) - Sink prometheus already exists!
2019-10-01 15:45:27,673 [main] INFO  server.BaseHttpServer (BaseHttpServer.java:updateConnectorAddress(215)) - HTTP server of HDDSDATANODE is listening at http://0.0.0.0:37199
2019-10-01 15:45:27,673 [main] INFO  impl.MetricsSystemImpl (MetricsSystemImpl.java:init(158)) - HddsDatanode metrics system started (again)
2019-10-01 15:45:27,677 [org.apache.hadoop.util.JvmPauseMonitor$Monitor@3f3b057f] INFO  util.JvmPauseMonitor (JvmPauseMonitor.java:run(188)) - Starting JVM pause monitor
2019-10-01 15:45:27,678 [main] INFO  ozone.HddsDatanodeService (HddsDatanodeService.java:start(184)) - HddsDatanodeService host:pr-hdds-2221-4x997-2286248681 ip:192.168.151.117
2019-10-01 15:45:27,679 [Datanode State Machine Thread - 0] INFO  datanode.InitDatanodeState (InitDatanodeState.java:persistContainerDatanodeDetails(140)) - DatanodeDetails is persisted to /workdir/hadoop-ozone/integration-test/target/test-dir/MiniOzoneClusterImpl-9b1271a8-4299-44cb-bbfb-3eebcf11b219/datanode-8/meta/datanode.id
2019-10-01 15:45:27,684 [main] INFO  volume.HddsVolume (HddsVolume.java:<init>(176)) - Creating Volume: /workdir/hadoop-ozone/integration-test/target/test-dir/MiniOzoneClusterImpl-9b1271a8-4299-44cb-bbfb-3eebcf11b219/datanode-9/data/containers/hdds of  storage type : DISK and capacity : 1482555576320
2019-10-01 15:45:27,684 [main] INFO  volume.VolumeSet (VolumeSet.java:initializeVolumeSet(170)) - Added Volume : /workdir/hadoop-ozone/integration-test/target/test-dir/MiniOzoneClusterImpl-9b1271a8-4299-44cb-bbfb-3eebcf11b219/datanode-9/data/containers/hdds to VolumeSet
2019-10-01 15:45:27,685 [main] INFO  volume.ThrottledAsyncChecker (ThrottledAsyncChecker.java:schedule(139)) - Scheduling a check for org.apache.hadoop.ozone.container.common.volume.HddsVolume@53c6f96d
2019-10-01 15:45:27,685 [main] INFO  volume.HddsVolumeChecker (HddsVolumeChecker.java:checkAllVolumes(202)) - Scheduled health check for volume org.apache.hadoop.ozone.container.common.volume.HddsVolume@53c6f96d
2019-10-01 15:45:27,699 [main] INFO  impl.RaftServerProxy (ConfUtils.java:logGet(43)) - raft.rpc.type = GRPC (default)
2019-10-01 15:45:27,699 [main] INFO  grpc.GrpcFactory (GrpcFactory.java:checkPooledByteBufAllocatorUseCacheForAllThreads(45)) - PERFORMANCE WARNING: useCacheForAllThreads is true that may cause Netty to create a lot garbage objects and, as a result, trigger GC.
	It is recommended to disable useCacheForAllThreads by setting -Dorg.apache.ratis.thirdparty.io.netty.allocator.useCacheForAllThreads=false in command line.
2019-10-01 15:45:27,699 [main] INFO  grpc.GrpcConfigKeys$Server (ConfUtils.java:logGet(43)) - raft.grpc.server.port = 0 (default)
2019-10-01 15:45:27,699 [main] INFO  server.GrpcService (ConfUtils.java:logGet(43)) - raft.grpc.message.size.max = 33570816 (custom)
2019-10-01 15:45:27,699 [main] INFO  server.RaftServerConfigKeys (ConfUtils.java:logGet(43)) - raft.server.log.appender.buffer.byte-limit = 33554432 (custom)
2019-10-01 15:45:27,700 [main] INFO  server.GrpcService (ConfUtils.java:logGet(43)) - raft.grpc.flow.control.window = 1MB (=1048576) (default)
2019-10-01 15:45:27,700 [main] INFO  server.RaftServerConfigKeys (ConfUtils.java:logGet(43)) - raft.server.rpc.request.timeout = 3000ms (default)
2019-10-01 15:45:27,700 [main] INFO  server.RaftServerConfigKeys (ConfUtils.java:logGet(43)) - raft.server.storage.dir = [/workdir/hadoop-ozone/integration-test/target/test-dir/MiniOzoneClusterImpl-9b1271a8-4299-44cb-bbfb-3eebcf11b219/datanode-9/data/ratis] (custom)
2019-10-01 15:45:27,702 [main] INFO  hdfs.DFSUtil (DFSUtil.java:httpServerTemplateForNNAndJN(1641)) - Starting Web-server for hddsDatanode at: http://0.0.0.0:0
2019-10-01 15:45:27,703 [main] INFO  server.AuthenticationFilter (AuthenticationFilter.java:constructSecretProvider(240)) - Unable to initialize FileSignerSecretProvider, falling back to use random secrets.
2019-10-01 15:45:27,703 [main] WARN  http.HttpRequestLog (HttpRequestLog.java:getRequestLog(97)) - Jetty request log can only be enabled using Log4j
2019-10-01 15:45:27,705 [main] INFO  http.HttpServer2 (HttpServer2.java:addGlobalFilter(975)) - Added global filter 'safety' (class=org.apache.hadoop.http.HttpServer2$QuotingInputFilter)
2019-10-01 15:45:27,705 [main] INFO  http.HttpServer2 (HttpServer2.java:addFilter(948)) - Added filter static_user_filter (class=org.apache.hadoop.http.lib.StaticUserWebFilter$StaticUserFilter) to context hddsDatanode
2019-10-01 15:45:27,705 [main] INFO  http.HttpServer2 (HttpServer2.java:addFilter(958)) - Added filter static_user_filter (class=org.apache.hadoop.http.lib.StaticUserWebFilter$StaticUserFilter) to context static
2019-10-01 15:45:27,706 [main] INFO  http.HttpServer2 (HttpServer2.java:addFilter(958)) - Added filter static_user_filter (class=org.apache.hadoop.http.lib.StaticUserWebFilter$StaticUserFilter) to context logs
2019-10-01 15:45:27,706 [main] INFO  http.HttpServer2 (HttpServer2.java:bindListener(1191)) - Jetty bound to port 39756
2019-10-01 15:45:27,706 [main] INFO  server.Server (Server.java:doStart(351)) - jetty-9.3.25.v20180904, build timestamp: 2018-09-04T21:11:46Z, git hash: 3ce520221d0240229c862b122d2b06c12a625732
2019-10-01 15:45:27,708 [main] INFO  handler.ContextHandler (ContextHandler.java:doStart(781)) - Started o.e.j.s.ServletContextHandler@4a2929a4{/logs,file:///workdir/hadoop-ozone/integration-test/target/log,AVAILABLE}
2019-10-01 15:45:27,708 [main] INFO  handler.ContextHandler (ContextHandler.java:doStart(781)) - Started o.e.j.s.ServletContextHandler@797c3c3b{/static,jar:file:/home/user/.m2/repository/org/apache/hadoop/hadoop-hdds-container-service/0.5.0-SNAPSHOT/hadoop-hdds-container-service-0.5.0-SNAPSHOT.jar!/webapps/static,AVAILABLE}
2019-10-01 15:45:27,755 [main] INFO  handler.ContextHandler (ContextHandler.java:doStart(781)) - Started o.e.j.w.WebAppContext@7132a9dc{/,file:///tmp/jetty-0.0.0.0-39756-hddsDatanode-_-any-3909105860399639943.dir/webapp/,AVAILABLE}{/hddsDatanode}
2019-10-01 15:45:27,756 [main] INFO  server.AbstractConnector (AbstractConnector.java:doStart(278)) - Started ServerConnector@57435801{HTTP/1.1,[http/1.1]}{0.0.0.0:39756}
2019-10-01 15:45:27,757 [main] INFO  server.Server (Server.java:doStart(419)) - Started @5715ms
2019-10-01 15:45:27,757 [main] WARN  impl.MetricsSystemImpl (MetricsSystemImpl.java:register(276)) - Sink prometheus already exists!
2019-10-01 15:45:27,758 [main] INFO  server.BaseHttpServer (BaseHttpServer.java:updateConnectorAddress(215)) - HTTP server of HDDSDATANODE is listening at http://0.0.0.0:39756
2019-10-01 15:45:27,764 [main] INFO  ozone.MiniOzoneClusterImpl (MiniOzoneClusterImpl.java:lambda$waitForClusterToBeReady$0(147)) - Waiting for cluster to be ready. Got 0 of 10 DN Heartbeats.
2019-10-01 15:45:27,764 [org.apache.hadoop.util.JvmPauseMonitor$Monitor@2435d777] INFO  util.JvmPauseMonitor (JvmPauseMonitor.java:run(188)) - Starting JVM pause monitor
2019-10-01 15:45:27,769 [Datanode State Machine Thread - 0] INFO  datanode.InitDatanodeState (InitDatanodeState.java:persistContainerDatanodeDetails(140)) - DatanodeDetails is persisted to /workdir/hadoop-ozone/integration-test/target/test-dir/MiniOzoneClusterImpl-9b1271a8-4299-44cb-bbfb-3eebcf11b219/datanode-9/meta/datanode.id
2019-10-01 15:45:28,765 [main] INFO  ozone.MiniOzoneClusterImpl (MiniOzoneClusterImpl.java:lambda$waitForClusterToBeReady$0(147)) - Waiting for cluster to be ready. Got 0 of 10 DN Heartbeats.
2019-10-01 15:45:29,143 [Datanode State Machine Thread - 0] INFO  ozoneimpl.OzoneContainer (OzoneContainer.java:start(217)) - Attempting to start container services.
2019-10-01 15:45:29,145 [Datanode State Machine Thread - 0] INFO  ozoneimpl.OzoneContainer (OzoneContainer.java:startContainerScrub(179)) - Background container scanner has been disabled.
2019-10-01 15:45:29,145 [Datanode State Machine Thread - 0] INFO  ratis.XceiverServerRatis (XceiverServerRatis.java:start(417)) - Starting XceiverServerRatis 9f82fbf8-4fac-4532-8c36-3e6bef784ba1 at port 0
2019-10-01 15:45:29,165 [Datanode State Machine Thread - 0] INFO  impl.RaftServerProxy (RaftServerProxy.java:lambda$start$3(299)) - 9f82fbf8-4fac-4532-8c36-3e6bef784ba1: start RPC server
2019-10-01 15:45:29,182 [Datanode State Machine Thread - 0] INFO  ozoneimpl.OzoneContainer (OzoneContainer.java:start(217)) - Attempting to start container services.
2019-10-01 15:45:29,189 [Datanode State Machine Thread - 0] INFO  ozoneimpl.OzoneContainer (OzoneContainer.java:startContainerScrub(179)) - Background container scanner has been disabled.
2019-10-01 15:45:29,189 [Datanode State Machine Thread - 0] INFO  ratis.XceiverServerRatis (XceiverServerRatis.java:start(417)) - Starting XceiverServerRatis ce462447-f21b-46ca-8863-5bada9d1e9f5 at port 0
2019-10-01 15:45:29,197 [Datanode State Machine Thread - 0] INFO  impl.RaftServerProxy (RaftServerProxy.java:lambda$start$3(299)) - ce462447-f21b-46ca-8863-5bada9d1e9f5: start RPC server
2019-10-01 15:45:29,268 [Datanode State Machine Thread - 0] INFO  ozoneimpl.OzoneContainer (OzoneContainer.java:start(217)) - Attempting to start container services.
2019-10-01 15:45:29,268 [Datanode State Machine Thread - 0] INFO  ozoneimpl.OzoneContainer (OzoneContainer.java:startContainerScrub(179)) - Background container scanner has been disabled.
2019-10-01 15:45:29,268 [Datanode State Machine Thread - 0] INFO  ratis.XceiverServerRatis (XceiverServerRatis.java:start(417)) - Starting XceiverServerRatis 6faae4d1-92b7-4646-993b-67f152b9d621 at port 0
2019-10-01 15:45:29,273 [Datanode State Machine Thread - 0] INFO  impl.RaftServerProxy (RaftServerProxy.java:lambda$start$3(299)) - 6faae4d1-92b7-4646-993b-67f152b9d621: start RPC server
2019-10-01 15:45:29,302 [Datanode State Machine Thread - 0] INFO  server.GrpcService (GrpcService.java:startImpl(158)) - 6faae4d1-92b7-4646-993b-67f152b9d621: GrpcService started, listening on 0.0.0.0/0.0.0.0:41086
2019-10-01 15:45:29,302 [Datanode State Machine Thread - 0] INFO  server.GrpcService (GrpcService.java:startImpl(158)) - 9f82fbf8-4fac-4532-8c36-3e6bef784ba1: GrpcService started, listening on 0.0.0.0/0.0.0.0:38577
2019-10-01 15:45:29,302 [Datanode State Machine Thread - 0] INFO  server.GrpcService (GrpcService.java:startImpl(158)) - ce462447-f21b-46ca-8863-5bada9d1e9f5: GrpcService started, listening on 0.0.0.0/0.0.0.0:45778
2019-10-01 15:45:29,303 [Datanode State Machine Thread - 0] INFO  ratis.XceiverServerRatis (XceiverServerRatis.java:start(427)) - XceiverServerRatis 9f82fbf8-4fac-4532-8c36-3e6bef784ba1 is started using port 38577
2019-10-01 15:45:29,303 [Datanode State Machine Thread - 0] INFO  ratis.XceiverServerRatis (XceiverServerRatis.java:start(427)) - XceiverServerRatis 6faae4d1-92b7-4646-993b-67f152b9d621 is started using port 41086
2019-10-01 15:45:29,303 [Datanode State Machine Thread - 0] INFO  ratis.XceiverServerRatis (XceiverServerRatis.java:start(427)) - XceiverServerRatis ce462447-f21b-46ca-8863-5bada9d1e9f5 is started using port 45778
2019-10-01 15:45:29,310 [Datanode State Machine Thread - 0] INFO  server.XceiverServerGrpc (XceiverServerGrpc.java:start(149)) - XceiverServerGrpc 6faae4d1-92b7-4646-993b-67f152b9d621 is started using port 34800
2019-10-01 15:45:29,310 [Datanode State Machine Thread - 0] INFO  server.XceiverServerGrpc (XceiverServerGrpc.java:start(149)) - XceiverServerGrpc ce462447-f21b-46ca-8863-5bada9d1e9f5 is started using port 33809
2019-10-01 15:45:29,311 [Datanode State Machine Thread - 0] INFO  server.XceiverServerGrpc (XceiverServerGrpc.java:start(149)) - XceiverServerGrpc 9f82fbf8-4fac-4532-8c36-3e6bef784ba1 is started using port 36919
2019-10-01 15:45:29,338 [Datanode State Machine Thread - 0] INFO  ozoneimpl.OzoneContainer (OzoneContainer.java:start(217)) - Attempting to start container services.
2019-10-01 15:45:29,339 [Datanode State Machine Thread - 0] INFO  ozoneimpl.OzoneContainer (OzoneContainer.java:startContainerScrub(179)) - Background container scanner has been disabled.
2019-10-01 15:45:29,339 [Datanode State Machine Thread - 0] INFO  ratis.XceiverServerRatis (XceiverServerRatis.java:start(417)) - Starting XceiverServerRatis f1ba6add-ca0a-4791-abae-69f42b072e96 at port 0
2019-10-01 15:45:29,345 [Datanode State Machine Thread - 0] INFO  impl.RaftServerProxy (RaftServerProxy.java:lambda$start$3(299)) - f1ba6add-ca0a-4791-abae-69f42b072e96: start RPC server
2019-10-01 15:45:29,347 [Datanode State Machine Thread - 0] INFO  server.GrpcService (GrpcService.java:startImpl(158)) - f1ba6add-ca0a-4791-abae-69f42b072e96: GrpcService started, listening on 0.0.0.0/0.0.0.0:38270
2019-10-01 15:45:29,347 [Datanode State Machine Thread - 0] INFO  ratis.XceiverServerRatis (XceiverServerRatis.java:start(427)) - XceiverServerRatis f1ba6add-ca0a-4791-abae-69f42b072e96 is started using port 38270
2019-10-01 15:45:29,350 [Datanode State Machine Thread - 0] INFO  server.XceiverServerGrpc (XceiverServerGrpc.java:start(149)) - XceiverServerGrpc f1ba6add-ca0a-4791-abae-69f42b072e96 is started using port 41826
2019-10-01 15:45:29,411 [Datanode State Machine Thread - 0] INFO  ozoneimpl.OzoneContainer (OzoneContainer.java:start(217)) - Attempting to start container services.
2019-10-01 15:45:29,411 [Datanode State Machine Thread - 0] INFO  ozoneimpl.OzoneContainer (OzoneContainer.java:startContainerScrub(179)) - Background container scanner has been disabled.
2019-10-01 15:45:29,411 [Datanode State Machine Thread - 0] INFO  ratis.XceiverServerRatis (XceiverServerRatis.java:start(417)) - Starting XceiverServerRatis bc3c733b-0533-4d21-827b-c65d8594f34d at port 0
2019-10-01 15:45:29,418 [Datanode State Machine Thread - 0] INFO  impl.RaftServerProxy (RaftServerProxy.java:lambda$start$3(299)) - bc3c733b-0533-4d21-827b-c65d8594f34d: start RPC server
2019-10-01 15:45:29,422 [Datanode State Machine Thread - 0] INFO  server.GrpcService (GrpcService.java:startImpl(158)) - bc3c733b-0533-4d21-827b-c65d8594f34d: GrpcService started, listening on 0.0.0.0/0.0.0.0:40351
2019-10-01 15:45:29,422 [Datanode State Machine Thread - 0] INFO  ratis.XceiverServerRatis (XceiverServerRatis.java:start(427)) - XceiverServerRatis bc3c733b-0533-4d21-827b-c65d8594f34d is started using port 40351
2019-10-01 15:45:29,425 [Datanode State Machine Thread - 0] INFO  server.XceiverServerGrpc (XceiverServerGrpc.java:start(149)) - XceiverServerGrpc bc3c733b-0533-4d21-827b-c65d8594f34d is started using port 34722
2019-10-01 15:45:29,482 [Datanode State Machine Thread - 0] INFO  ozoneimpl.OzoneContainer (OzoneContainer.java:start(217)) - Attempting to start container services.
2019-10-01 15:45:29,483 [Datanode State Machine Thread - 0] INFO  ozoneimpl.OzoneContainer (OzoneContainer.java:startContainerScrub(179)) - Background container scanner has been disabled.
2019-10-01 15:45:29,483 [Datanode State Machine Thread - 0] INFO  ratis.XceiverServerRatis (XceiverServerRatis.java:start(417)) - Starting XceiverServerRatis 5645e86d-f871-44bb-8607-ce62943605c0 at port 0
2019-10-01 15:45:29,489 [Datanode State Machine Thread - 0] INFO  impl.RaftServerProxy (RaftServerProxy.java:lambda$start$3(299)) - 5645e86d-f871-44bb-8607-ce62943605c0: start RPC server
2019-10-01 15:45:29,492 [Datanode State Machine Thread - 0] INFO  server.GrpcService (GrpcService.java:startImpl(158)) - 5645e86d-f871-44bb-8607-ce62943605c0: GrpcService started, listening on 0.0.0.0/0.0.0.0:45277
2019-10-01 15:45:29,492 [Datanode State Machine Thread - 0] INFO  ratis.XceiverServerRatis (XceiverServerRatis.java:start(427)) - XceiverServerRatis 5645e86d-f871-44bb-8607-ce62943605c0 is started using port 45277
2019-10-01 15:45:29,495 [Datanode State Machine Thread - 0] INFO  server.XceiverServerGrpc (XceiverServerGrpc.java:start(149)) - XceiverServerGrpc 5645e86d-f871-44bb-8607-ce62943605c0 is started using port 42393
2019-10-01 15:45:29,546 [Datanode State Machine Thread - 0] INFO  ozoneimpl.OzoneContainer (OzoneContainer.java:start(217)) - Attempting to start container services.
2019-10-01 15:45:29,547 [Datanode State Machine Thread - 0] INFO  ozoneimpl.OzoneContainer (OzoneContainer.java:startContainerScrub(179)) - Background container scanner has been disabled.
2019-10-01 15:45:29,547 [Datanode State Machine Thread - 0] INFO  ratis.XceiverServerRatis (XceiverServerRatis.java:start(417)) - Starting XceiverServerRatis 4e6a07d6-9c54-412b-b38b-57a241553837 at port 0
2019-10-01 15:45:29,554 [Datanode State Machine Thread - 0] INFO  impl.RaftServerProxy (RaftServerProxy.java:lambda$start$3(299)) - 4e6a07d6-9c54-412b-b38b-57a241553837: start RPC server
2019-10-01 15:45:29,559 [Datanode State Machine Thread - 0] INFO  server.GrpcService (GrpcService.java:startImpl(158)) - 4e6a07d6-9c54-412b-b38b-57a241553837: GrpcService started, listening on 0.0.0.0/0.0.0.0:38655
2019-10-01 15:45:29,559 [Datanode State Machine Thread - 0] INFO  ratis.XceiverServerRatis (XceiverServerRatis.java:start(427)) - XceiverServerRatis 4e6a07d6-9c54-412b-b38b-57a241553837 is started using port 38655
2019-10-01 15:45:29,563 [Datanode State Machine Thread - 0] INFO  server.XceiverServerGrpc (XceiverServerGrpc.java:start(149)) - XceiverServerGrpc 4e6a07d6-9c54-412b-b38b-57a241553837 is started using port 36591
2019-10-01 15:45:29,622 [Datanode State Machine Thread - 0] INFO  ozoneimpl.OzoneContainer (OzoneContainer.java:start(217)) - Attempting to start container services.
2019-10-01 15:45:29,623 [Datanode State Machine Thread - 0] INFO  ozoneimpl.OzoneContainer (OzoneContainer.java:startContainerScrub(179)) - Background container scanner has been disabled.
2019-10-01 15:45:29,623 [Datanode State Machine Thread - 0] INFO  ratis.XceiverServerRatis (XceiverServerRatis.java:start(417)) - Starting XceiverServerRatis 17687ae8-18db-4cee-85ef-ee5e0f3bebbe at port 0
2019-10-01 15:45:29,629 [Datanode State Machine Thread - 0] INFO  impl.RaftServerProxy (RaftServerProxy.java:lambda$start$3(299)) - 17687ae8-18db-4cee-85ef-ee5e0f3bebbe: start RPC server
2019-10-01 15:45:29,635 [Datanode State Machine Thread - 0] INFO  server.GrpcService (GrpcService.java:startImpl(158)) - 17687ae8-18db-4cee-85ef-ee5e0f3bebbe: GrpcService started, listening on 0.0.0.0/0.0.0.0:44984
2019-10-01 15:45:29,635 [Datanode State Machine Thread - 0] INFO  ratis.XceiverServerRatis (XceiverServerRatis.java:start(427)) - XceiverServerRatis 17687ae8-18db-4cee-85ef-ee5e0f3bebbe is started using port 44984
2019-10-01 15:45:29,640 [Datanode State Machine Thread - 0] INFO  server.XceiverServerGrpc (XceiverServerGrpc.java:start(149)) - XceiverServerGrpc 17687ae8-18db-4cee-85ef-ee5e0f3bebbe is started using port 39149
2019-10-01 15:45:29,709 [Datanode State Machine Thread - 0] INFO  ozoneimpl.OzoneContainer (OzoneContainer.java:start(217)) - Attempting to start container services.
2019-10-01 15:45:29,709 [Datanode State Machine Thread - 0] INFO  ozoneimpl.OzoneContainer (OzoneContainer.java:startContainerScrub(179)) - Background container scanner has been disabled.
2019-10-01 15:45:29,709 [Datanode State Machine Thread - 0] INFO  ratis.XceiverServerRatis (XceiverServerRatis.java:start(417)) - Starting XceiverServerRatis c28b71e4-b935-41c8-abf7-7de4a956c002 at port 0
2019-10-01 15:45:29,714 [Datanode State Machine Thread - 0] INFO  impl.RaftServerProxy (RaftServerProxy.java:lambda$start$3(299)) - c28b71e4-b935-41c8-abf7-7de4a956c002: start RPC server
2019-10-01 15:45:29,719 [Datanode State Machine Thread - 0] INFO  server.GrpcService (GrpcService.java:startImpl(158)) - c28b71e4-b935-41c8-abf7-7de4a956c002: GrpcService started, listening on 0.0.0.0/0.0.0.0:35347
2019-10-01 15:45:29,720 [Datanode State Machine Thread - 0] INFO  ratis.XceiverServerRatis (XceiverServerRatis.java:start(427)) - XceiverServerRatis c28b71e4-b935-41c8-abf7-7de4a956c002 is started using port 35347
2019-10-01 15:45:29,731 [Datanode State Machine Thread - 0] INFO  server.XceiverServerGrpc (XceiverServerGrpc.java:start(149)) - XceiverServerGrpc c28b71e4-b935-41c8-abf7-7de4a956c002 is started using port 36841
2019-10-01 15:45:29,768 [main] INFO  ozone.MiniOzoneClusterImpl (MiniOzoneClusterImpl.java:lambda$waitForClusterToBeReady$0(147)) - Waiting for cluster to be ready. Got 0 of 10 DN Heartbeats.
2019-10-01 15:45:29,781 [Datanode State Machine Thread - 0] INFO  ozoneimpl.OzoneContainer (OzoneContainer.java:start(217)) - Attempting to start container services.
2019-10-01 15:45:29,781 [Datanode State Machine Thread - 0] INFO  ozoneimpl.OzoneContainer (OzoneContainer.java:startContainerScrub(179)) - Background container scanner has been disabled.
2019-10-01 15:45:29,782 [Datanode State Machine Thread - 0] INFO  ratis.XceiverServerRatis (XceiverServerRatis.java:start(417)) - Starting XceiverServerRatis 979f9232-9934-46b7-b55e-9df1564cd0b5 at port 0
2019-10-01 15:45:29,789 [Datanode State Machine Thread - 0] INFO  impl.RaftServerProxy (RaftServerProxy.java:lambda$start$3(299)) - 979f9232-9934-46b7-b55e-9df1564cd0b5: start RPC server
2019-10-01 15:45:29,795 [Datanode State Machine Thread - 0] INFO  server.GrpcService (GrpcService.java:startImpl(158)) - 979f9232-9934-46b7-b55e-9df1564cd0b5: GrpcService started, listening on 0.0.0.0/0.0.0.0:36138
2019-10-01 15:45:29,796 [Datanode State Machine Thread - 0] INFO  ratis.XceiverServerRatis (XceiverServerRatis.java:start(427)) - XceiverServerRatis 979f9232-9934-46b7-b55e-9df1564cd0b5 is started using port 36138
2019-10-01 15:45:29,819 [Datanode State Machine Thread - 0] INFO  server.XceiverServerGrpc (XceiverServerGrpc.java:start(149)) - XceiverServerGrpc 979f9232-9934-46b7-b55e-9df1564cd0b5 is started using port 37505
2019-10-01 15:45:30,769 [main] INFO  ozone.MiniOzoneClusterImpl (MiniOzoneClusterImpl.java:lambda$waitForClusterToBeReady$0(147)) - Waiting for cluster to be ready. Got 0 of 10 DN Heartbeats.
2019-10-01 15:45:31,122 [IPC Server handler 1 on 44566] INFO  net.NetworkTopology (NetworkTopologyImpl.java:add(111)) - Added a new node: /default-rack/9f82fbf8-4fac-4532-8c36-3e6bef784ba1
2019-10-01 15:45:31,123 [IPC Server handler 1 on 44566] INFO  node.SCMNodeManager (SCMNodeManager.java:register(266)) - Registered Data node : 9f82fbf8-4fac-4532-8c36-3e6bef784ba1{ip: 192.168.151.117, host: pr-hdds-2221-4x997-2286248681, networkLocation: /default-rack, certSerialId: null}
2019-10-01 15:45:31,129 [EventQueue-NodeRegistrationContainerReportForDataNodeSafeModeRule] INFO  safemode.SCMSafeModeManager (DataNodeSafeModeRule.java:process(71)) - SCM in safe mode. 1 DataNodes registered, 1 required.
2019-10-01 15:45:31,129 [EventQueue-NodeRegistrationContainerReportForDataNodeSafeModeRule] INFO  safemode.SCMSafeModeManager (SCMSafeModeManager.java:validateSafeModeExitRules(177)) - ScmSafeModeManager, all rules are successfully validated
2019-10-01 15:45:31,130 [EventQueue-NodeRegistrationContainerReportForDataNodeSafeModeRule] INFO  safemode.SCMSafeModeManager (SCMSafeModeManager.java:exitSafeMode(193)) - SCM exiting safe mode.
2019-10-01 15:45:31,168 [IPC Server handler 4 on 44566] INFO  net.NetworkTopology (NetworkTopologyImpl.java:add(111)) - Added a new node: /default-rack/ce462447-f21b-46ca-8863-5bada9d1e9f5
2019-10-01 15:45:31,168 [IPC Server handler 4 on 44566] INFO  node.SCMNodeManager (SCMNodeManager.java:register(266)) - Registered Data node : ce462447-f21b-46ca-8863-5bada9d1e9f5{ip: 192.168.151.117, host: pr-hdds-2221-4x997-2286248681, networkLocation: /default-rack, certSerialId: null}
2019-10-01 15:45:31,257 [IPC Server handler 3 on 44566] INFO  net.NetworkTopology (NetworkTopologyImpl.java:add(111)) - Added a new node: /default-rack/6faae4d1-92b7-4646-993b-67f152b9d621
2019-10-01 15:45:31,257 [IPC Server handler 3 on 44566] INFO  node.SCMNodeManager (SCMNodeManager.java:register(266)) - Registered Data node : 6faae4d1-92b7-4646-993b-67f152b9d621{ip: 192.168.151.117, host: pr-hdds-2221-4x997-2286248681, networkLocation: /default-rack, certSerialId: null}
2019-10-01 15:45:31,328 [IPC Server handler 6 on 44566] INFO  net.NetworkTopology (NetworkTopologyImpl.java:add(111)) - Added a new node: /default-rack/f1ba6add-ca0a-4791-abae-69f42b072e96
2019-10-01 15:45:31,328 [IPC Server handler 6 on 44566] INFO  node.SCMNodeManager (SCMNodeManager.java:register(266)) - Registered Data node : f1ba6add-ca0a-4791-abae-69f42b072e96{ip: 192.168.151.117, host: pr-hdds-2221-4x997-2286248681, networkLocation: /default-rack, certSerialId: null}
2019-10-01 15:45:31,399 [IPC Server handler 8 on 44566] INFO  net.NetworkTopology (NetworkTopologyImpl.java:add(111)) - Added a new node: /default-rack/bc3c733b-0533-4d21-827b-c65d8594f34d
2019-10-01 15:45:31,399 [IPC Server handler 8 on 44566] INFO  node.SCMNodeManager (SCMNodeManager.java:register(266)) - Registered Data node : bc3c733b-0533-4d21-827b-c65d8594f34d{ip: 192.168.151.117, host: pr-hdds-2221-4x997-2286248681, networkLocation: /default-rack, certSerialId: null}
2019-10-01 15:45:31,487 [IPC Server handler 5 on 44566] INFO  net.NetworkTopology (NetworkTopologyImpl.java:add(111)) - Added a new node: /default-rack/5645e86d-f871-44bb-8607-ce62943605c0
2019-10-01 15:45:31,487 [IPC Server handler 5 on 44566] INFO  node.SCMNodeManager (SCMNodeManager.java:register(266)) - Registered Data node : 5645e86d-f871-44bb-8607-ce62943605c0{ip: 192.168.151.117, host: pr-hdds-2221-4x997-2286248681, networkLocation: /default-rack, certSerialId: null}
2019-10-01 15:45:31,541 [IPC Server handler 18 on 44566] INFO  net.NetworkTopology (NetworkTopologyImpl.java:add(111)) - Added a new node: /default-rack/4e6a07d6-9c54-412b-b38b-57a241553837
2019-10-01 15:45:31,541 [IPC Server handler 18 on 44566] INFO  node.SCMNodeManager (SCMNodeManager.java:register(266)) - Registered Data node : 4e6a07d6-9c54-412b-b38b-57a241553837{ip: 192.168.151.117, host: pr-hdds-2221-4x997-2286248681, networkLocation: /default-rack, certSerialId: null}
2019-10-01 15:45:31,607 [IPC Server handler 19 on 44566] INFO  net.NetworkTopology (NetworkTopologyImpl.java:add(111)) - Added a new node: /default-rack/17687ae8-18db-4cee-85ef-ee5e0f3bebbe
2019-10-01 15:45:31,607 [IPC Server handler 19 on 44566] INFO  node.SCMNodeManager (SCMNodeManager.java:register(266)) - Registered Data node : 17687ae8-18db-4cee-85ef-ee5e0f3bebbe{ip: 192.168.151.117, host: pr-hdds-2221-4x997-2286248681, networkLocation: /default-rack, certSerialId: null}
2019-10-01 15:45:31,637 [grpc-default-executor-0] INFO  impl.RaftServerProxy (RaftServerProxy.java:addNew(89)) - 9f82fbf8-4fac-4532-8c36-3e6bef784ba1: addNew group-73645D4077A4:[9f82fbf8-4fac-4532-8c36-3e6bef784ba1:192.168.151.117:38577] returns group-73645D4077A4:java.util.concurrent.CompletableFuture@45003e6c[Not completed]
2019-10-01 15:45:31,661 [pool-27-thread-1] INFO  impl.RaftServerImpl (RaftServerImpl.java:<init>(95)) - 9f82fbf8-4fac-4532-8c36-3e6bef784ba1: new RaftServerImpl for group-73645D4077A4:[9f82fbf8-4fac-4532-8c36-3e6bef784ba1:192.168.151.117:38577] with ContainerStateMachine:uninitialized
2019-10-01 15:45:31,662 [pool-27-thread-1] INFO  server.RaftServerConfigKeys (ConfUtils.java:logGet(43)) - raft.server.rpc.timeout.min = 1s (custom)
2019-10-01 15:45:31,664 [pool-27-thread-1] INFO  server.RaftServerConfigKeys (ConfUtils.java:logGet(43)) - raft.server.rpc.timeout.max = 1200ms (custom)
2019-10-01 15:45:31,664 [pool-27-thread-1] INFO  server.RaftServerConfigKeys (ConfUtils.java:logGet(43)) - raft.server.rpcslowness.timeout = 120s (custom)
2019-10-01 15:45:31,665 [pool-27-thread-1] INFO  server.RaftServerConfigKeys (ConfUtils.java:logGet(43)) - raft.server.sleep.deviation.threshold = 300 (default)
2019-10-01 15:45:31,666 [pool-27-thread-1] INFO  server.RaftServerConfigKeys (ConfUtils.java:logGet(43)) - raft.server.log.appender.install.snapshot.enabled = false (custom)
2019-10-01 15:45:31,674 [pool-27-thread-1] INFO  impl.RaftServerImpl (ServerState.java:<init>(103)) - 9f82fbf8-4fac-4532-8c36-3e6bef784ba1@group-73645D4077A4: ConfigurationManager, init=-1: [9f82fbf8-4fac-4532-8c36-3e6bef784ba1:192.168.151.117:38577], old=null, confs=<EMPTY_MAP>
2019-10-01 15:45:31,675 [pool-27-thread-1] INFO  server.RaftServerConfigKeys (ConfUtils.java:logGet(43)) - raft.server.storage.dir = [/workdir/hadoop-ozone/integration-test/target/test-dir/MiniOzoneClusterImpl-9b1271a8-4299-44cb-bbfb-3eebcf11b219/datanode-0/data/ratis] (custom)
2019-10-01 15:45:31,680 [IPC Server handler 0 on 44566] INFO  net.NetworkTopology (NetworkTopologyImpl.java:add(111)) - Added a new node: /default-rack/c28b71e4-b935-41c8-abf7-7de4a956c002
2019-10-01 15:45:31,680 [IPC Server handler 0 on 44566] INFO  node.SCMNodeManager (SCMNodeManager.java:register(266)) - Registered Data node : c28b71e4-b935-41c8-abf7-7de4a956c002{ip: 192.168.151.117, host: pr-hdds-2221-4x997-2286248681, networkLocation: /default-rack, certSerialId: null}
2019-10-01 15:45:31,684 [pool-27-thread-1] INFO  storage.RaftStorageDirectory (RaftStorageDirectory.java:analyzeStorage(246)) - The storage directory /workdir/hadoop-ozone/integration-test/target/test-dir/MiniOzoneClusterImpl-9b1271a8-4299-44cb-bbfb-3eebcf11b219/datanode-0/data/ratis/0b2685e6-675e-4347-b667-73645d4077a4 does not exist. Creating ...
2019-10-01 15:45:31,773 [main] INFO  ozone.MiniOzoneClusterImpl (MiniOzoneClusterImpl.java:lambda$waitForClusterToBeReady$0(147)) - Waiting for cluster to be ready. Got 9 of 10 DN Heartbeats.
2019-10-01 15:45:31,779 [IPC Server handler 1 on 44566] INFO  net.NetworkTopology (NetworkTopologyImpl.java:add(111)) - Added a new node: /default-rack/979f9232-9934-46b7-b55e-9df1564cd0b5
2019-10-01 15:45:31,780 [IPC Server handler 1 on 44566] INFO  node.SCMNodeManager (SCMNodeManager.java:register(266)) - Registered Data node : 979f9232-9934-46b7-b55e-9df1564cd0b5{ip: 192.168.151.117, host: pr-hdds-2221-4x997-2286248681, networkLocation: /default-rack, certSerialId: null}
2019-10-01 15:45:31,933 [pool-27-thread-1] INFO  storage.RaftStorageDirectory (RaftStorageDirectory.java:tryLock(328)) - Lock on /workdir/hadoop-ozone/integration-test/target/test-dir/MiniOzoneClusterImpl-9b1271a8-4299-44cb-bbfb-3eebcf11b219/datanode-0/data/ratis/0b2685e6-675e-4347-b667-73645d4077a4/in_use.lock acquired by nodename 12253@pr-hdds-2221-4x997-2286248681
2019-10-01 15:45:31,965 [pool-27-thread-1] INFO  storage.RaftStorage (RaftStorage.java:format(72)) - Storage directory /workdir/hadoop-ozone/integration-test/target/test-dir/MiniOzoneClusterImpl-9b1271a8-4299-44cb-bbfb-3eebcf11b219/datanode-0/data/ratis/0b2685e6-675e-4347-b667-73645d4077a4 has been successfully formatted.
2019-10-01 15:45:31,968 [pool-27-thread-1] INFO  ratis.ContainerStateMachine (ContainerStateMachine.java:loadSnapshot(230)) - group-73645D4077A4: The snapshot info is null. Setting the last applied indexto:(t:0, i:~)
2019-10-01 15:45:31,968 [pool-27-thread-1] INFO  server.RaftServerConfigKeys (ConfUtils.java:logGet(43)) - raft.server.notification.no-leader.timeout = 120s (custom)
2019-10-01 15:45:31,971 [pool-27-thread-1] INFO  server.RaftServerConfigKeys (ConfUtils.java:logGet(43)) - raft.server.log.use.memory = false (default)
2019-10-01 15:45:31,976 [pool-27-thread-1] INFO  server.RaftServerConfigKeys (ConfUtils.java:logGet(43)) - raft.server.log.purge.gap = 1000000 (custom)
2019-10-01 15:45:31,976 [pool-27-thread-1] INFO  server.RaftServerConfigKeys (ConfUtils.java:logGet(43)) - raft.server.log.appender.buffer.byte-limit = 33554432 (custom)
2019-10-01 15:45:31,978 [pool-27-thread-1] INFO  server.RaftServerConfigKeys (ConfUtils.java:logGet(43)) - raft.server.log.segment.size.max = 1048576 (custom)
2019-10-01 15:45:31,982 [pool-27-thread-1] INFO  server.RaftServerConfigKeys (ConfUtils.java:logGet(43)) - raft.server.log.segment.cache.num.max = 2 (custom)
2019-10-01 15:45:31,987 [pool-27-thread-1] INFO  segmented.SegmentedRaftLogWorker (SegmentedRaftLogWorker.java:<init>(172)) - new 9f82fbf8-4fac-4532-8c36-3e6bef784ba1@group-73645D4077A4-SegmentedRaftLogWorker for RaftStorage:Storage Directory /workdir/hadoop-ozone/integration-test/target/test-dir/MiniOzoneClusterImpl-9b1271a8-4299-44cb-bbfb-3eebcf11b219/datanode-0/data/ratis/0b2685e6-675e-4347-b667-73645d4077a4
2019-10-01 15:45:31,988 [pool-27-thread-1] INFO  impl.MetricsSystemImpl (MetricsSystemImpl.java:init(158)) - ratis metrics system started (again)
2019-10-01 15:45:31,994 [pool-27-thread-1] INFO  metrics.MetricRegistries (MetricRegistriesLoader.java:load(64)) - Loaded MetricRegistries class org.apache.ratis.metrics.impl.MetricRegistriesImpl
2019-10-01 15:45:32,021 [pool-27-thread-1] INFO  server.RaftServerConfigKeys (ConfUtils.java:logGet(43)) - raft.server.log.queue.byte-limit = 2147483647 (custom)
2019-10-01 15:45:32,022 [pool-27-thread-1] INFO  server.RaftServerConfigKeys (ConfUtils.java:logGet(43)) - raft.server.log.queue.element-limit = 1024 (custom)
2019-10-01 15:45:32,025 [pool-27-thread-1] INFO  server.RaftServerConfigKeys (ConfUtils.java:logGet(43)) - raft.server.log.segment.size.max = 1048576 (custom)
2019-10-01 15:45:32,025 [pool-27-thread-1] INFO  server.RaftServerConfigKeys (ConfUtils.java:logGet(43)) - raft.server.log.preallocated.size = 16384 (custom)
2019-10-01 15:45:32,026 [pool-27-thread-1] INFO  server.RaftServerConfigKeys (ConfUtils.java:logGet(43)) - raft.server.log.write.buffer.size = 33554432 (custom)
2019-10-01 15:45:32,026 [pool-27-thread-1] INFO  server.RaftServerConfigKeys (ConfUtils.java:logGet(43)) - raft.server.log.force.sync.num = 128 (default)
2019-10-01 15:45:32,027 [pool-27-thread-1] INFO  server.RaftServerConfigKeys (ConfUtils.java:logGet(43)) - raft.server.log.statemachine.data.sync = true (default)
2019-10-01 15:45:32,027 [pool-27-thread-1] INFO  server.RaftServerConfigKeys (ConfUtils.java:logGet(43)) - raft.server.log.statemachine.data.sync.timeout = 10s (default)
2019-10-01 15:45:32,028 [pool-27-thread-1] INFO  server.RaftServerConfigKeys (ConfUtils.java:logGet(43)) - raft.server.log.statemachine.data.sync.timeout.retry = -1 (default)
2019-10-01 15:45:32,036 [pool-27-thread-1] INFO  server.RaftServerConfigKeys (ConfUtils.java:logGet(43)) - raft.server.log.statemachine.data.caching.enabled = true (custom)
2019-10-01 15:45:32,041 [pool-27-thread-1] INFO  segmented.SegmentedRaftLogWorker (SegmentedRaftLogWorker.java:lambda$new$0(132)) - 9f82fbf8-4fac-4532-8c36-3e6bef784ba1@group-73645D4077A4-SegmentedRaftLogWorker: flushIndex: setUnconditionally 0 -> -1
2019-10-01 15:45:32,045 [pool-27-thread-1] INFO  server.RaftServerConfigKeys (ConfUtils.java:logGet(43)) - raft.server.snapshot.auto.trigger.enabled = true (custom)
2019-10-01 15:45:32,046 [pool-27-thread-1] INFO  server.RaftServerConfigKeys (ConfUtils.java:logGet(43)) - raft.server.snapshot.auto.trigger.threshold = 10000 (custom)
2019-10-01 15:45:32,046 [pool-27-thread-1] INFO  server.RaftServerConfigKeys (ConfUtils.java:logGet(43)) - raft.server.snapshot.retention.num.files = 5 (custom)
2019-10-01 15:45:32,047 [pool-27-thread-1] INFO  server.RaftServerConfigKeys (ConfUtils.java:logGet(43)) - raft.server.retrycache.expirytime = 600000ms (custom)
2019-10-01 15:45:32,073 [pool-27-thread-1] INFO  impl.RaftServerImpl (RaftServerImpl.java:start(185)) - 9f82fbf8-4fac-4532-8c36-3e6bef784ba1@group-73645D4077A4: start as a follower, conf=-1: [9f82fbf8-4fac-4532-8c36-3e6bef784ba1:192.168.151.117:38577], old=null
2019-10-01 15:45:32,075 [pool-27-thread-1] INFO  impl.RaftServerImpl (RaftServerImpl.java:setRole(174)) - 9f82fbf8-4fac-4532-8c36-3e6bef784ba1@group-73645D4077A4: changes role from      null to FOLLOWER at term 0 for startAsFollower
2019-10-01 15:45:32,076 [pool-27-thread-1] INFO  impl.RoleInfo (RoleInfo.java:updateAndGet(143)) - 9f82fbf8-4fac-4532-8c36-3e6bef784ba1: start FollowerState
2019-10-01 15:45:32,077 [pool-27-thread-1] INFO  util.JmxRegister (JmxRegister.java:tryRegister(44)) - Successfully registered JMX Bean with object name Ratis:service=RaftServer,group=group-73645D4077A4,id=9f82fbf8-4fac-4532-8c36-3e6bef784ba1
2019-10-01 15:45:32,139 [RatisPipelineUtilsThread] INFO  pipeline.PipelineStateManager (PipelineStateManager.java:addPipeline(56)) - Created pipeline Pipeline[ Id: 0b2685e6-675e-4347-b667-73645d4077a4, Nodes: 9f82fbf8-4fac-4532-8c36-3e6bef784ba1{ip: 192.168.151.117, host: pr-hdds-2221-4x997-2286248681, networkLocation: /default-rack, certSerialId: null}, Type:RATIS, Factor:ONE, State:OPEN]
2019-10-01 15:45:32,169 [grpc-default-executor-0] INFO  impl.RaftServerProxy (RaftServerProxy.java:addNew(89)) - 5645e86d-f871-44bb-8607-ce62943605c0: addNew group-120AF86B047F:[5645e86d-f871-44bb-8607-ce62943605c0:192.168.151.117:45277] returns group-120AF86B047F:java.util.concurrent.CompletableFuture@114c0632[Not completed]
2019-10-01 15:45:32,245 [pool-77-thread-1] INFO  impl.RaftServerImpl (RaftServerImpl.java:<init>(95)) - 5645e86d-f871-44bb-8607-ce62943605c0: new RaftServerImpl for group-120AF86B047F:[5645e86d-f871-44bb-8607-ce62943605c0:192.168.151.117:45277] with ContainerStateMachine:uninitialized
2019-10-01 15:45:32,247 [pool-77-thread-1] INFO  server.RaftServerConfigKeys (ConfUtils.java:logGet(43)) - raft.server.rpc.timeout.min = 1s (custom)
2019-10-01 15:45:32,247 [pool-77-thread-1] INFO  server.RaftServerConfigKeys (ConfUtils.java:logGet(43)) - raft.server.rpc.timeout.max = 1200ms (custom)
2019-10-01 15:45:32,247 [pool-77-thread-1] INFO  server.RaftServerConfigKeys (ConfUtils.java:logGet(43)) - raft.server.rpcslowness.timeout = 120s (custom)
2019-10-01 15:45:32,247 [pool-77-thread-1] INFO  server.RaftServerConfigKeys (ConfUtils.java:logGet(43)) - raft.server.sleep.deviation.threshold = 300 (default)
2019-10-01 15:45:32,247 [pool-77-thread-1] INFO  server.RaftServerConfigKeys (ConfUtils.java:logGet(43)) - raft.server.log.appender.install.snapshot.enabled = false (custom)
2019-10-01 15:45:32,247 [pool-77-thread-1] INFO  impl.RaftServerImpl (ServerState.java:<init>(103)) - 5645e86d-f871-44bb-8607-ce62943605c0@group-120AF86B047F: ConfigurationManager, init=-1: [5645e86d-f871-44bb-8607-ce62943605c0:192.168.151.117:45277], old=null, confs=<EMPTY_MAP>
2019-10-01 15:45:32,247 [pool-77-thread-1] INFO  server.RaftServerConfigKeys (ConfUtils.java:logGet(43)) - raft.server.storage.dir = [/workdir/hadoop-ozone/integration-test/target/test-dir/MiniOzoneClusterImpl-9b1271a8-4299-44cb-bbfb-3eebcf11b219/datanode-5/data/ratis] (custom)
2019-10-01 15:45:32,248 [pool-77-thread-1] INFO  storage.RaftStorageDirectory (RaftStorageDirectory.java:analyzeStorage(246)) - The storage directory /workdir/hadoop-ozone/integration-test/target/test-dir/MiniOzoneClusterImpl-9b1271a8-4299-44cb-bbfb-3eebcf11b219/datanode-5/data/ratis/5289863a-2e55-482f-8098-120af86b047f does not exist. Creating ...
2019-10-01 15:45:32,304 [pool-77-thread-1] INFO  storage.RaftStorageDirectory (RaftStorageDirectory.java:tryLock(328)) - Lock on /workdir/hadoop-ozone/integration-test/target/test-dir/MiniOzoneClusterImpl-9b1271a8-4299-44cb-bbfb-3eebcf11b219/datanode-5/data/ratis/5289863a-2e55-482f-8098-120af86b047f/in_use.lock acquired by nodename 12253@pr-hdds-2221-4x997-2286248681
2019-10-01 15:45:32,334 [pool-77-thread-1] INFO  storage.RaftStorage (RaftStorage.java:format(72)) - Storage directory /workdir/hadoop-ozone/integration-test/target/test-dir/MiniOzoneClusterImpl-9b1271a8-4299-44cb-bbfb-3eebcf11b219/datanode-5/data/ratis/5289863a-2e55-482f-8098-120af86b047f has been successfully formatted.
2019-10-01 15:45:32,338 [pool-77-thread-1] INFO  ratis.ContainerStateMachine (ContainerStateMachine.java:loadSnapshot(230)) - group-120AF86B047F: The snapshot info is null. Setting the last applied indexto:(t:0, i:~)
2019-10-01 15:45:32,340 [pool-77-thread-1] INFO  server.RaftServerConfigKeys (ConfUtils.java:logGet(43)) - raft.server.notification.no-leader.timeout = 120s (custom)
2019-10-01 15:45:32,340 [pool-77-thread-1] INFO  server.RaftServerConfigKeys (ConfUtils.java:logGet(43)) - raft.server.log.use.memory = false (default)
2019-10-01 15:45:32,340 [pool-77-thread-1] INFO  server.RaftServerConfigKeys (ConfUtils.java:logGet(43)) - raft.server.log.purge.gap = 1000000 (custom)
2019-10-01 15:45:32,340 [pool-77-thread-1] INFO  server.RaftServerConfigKeys (ConfUtils.java:logGet(43)) - raft.server.log.appender.buffer.byte-limit = 33554432 (custom)
2019-10-01 15:45:32,341 [pool-77-thread-1] INFO  server.RaftServerConfigKeys (ConfUtils.java:logGet(43)) - raft.server.log.segment.size.max = 1048576 (custom)
2019-10-01 15:45:32,341 [pool-77-thread-1] INFO  server.RaftServerConfigKeys (ConfUtils.java:logGet(43)) - raft.server.log.segment.cache.num.max = 2 (custom)
2019-10-01 15:45:32,341 [pool-77-thread-1] INFO  segmented.SegmentedRaftLogWorker (SegmentedRaftLogWorker.java:<init>(172)) - new 5645e86d-f871-44bb-8607-ce62943605c0@group-120AF86B047F-SegmentedRaftLogWorker for RaftStorage:Storage Directory /workdir/hadoop-ozone/integration-test/target/test-dir/MiniOzoneClusterImpl-9b1271a8-4299-44cb-bbfb-3eebcf11b219/datanode-5/data/ratis/5289863a-2e55-482f-8098-120af86b047f
2019-10-01 15:45:32,348 [pool-77-thread-1] INFO  server.RaftServerConfigKeys (ConfUtils.java:logGet(43)) - raft.server.log.queue.byte-limit = 2147483647 (custom)
2019-10-01 15:45:32,348 [pool-77-thread-1] INFO  server.RaftServerConfigKeys (ConfUtils.java:logGet(43)) - raft.server.log.queue.element-limit = 1024 (custom)
2019-10-01 15:45:32,348 [pool-77-thread-1] INFO  server.RaftServerConfigKeys (ConfUtils.java:logGet(43)) - raft.server.log.segment.size.max = 1048576 (custom)
2019-10-01 15:45:32,348 [pool-77-thread-1] INFO  server.RaftServerConfigKeys (ConfUtils.java:logGet(43)) - raft.server.log.preallocated.size = 16384 (custom)
2019-10-01 15:45:32,348 [pool-77-thread-1] INFO  server.RaftServerConfigKeys (ConfUtils.java:logGet(43)) - raft.server.log.write.buffer.size = 33554432 (custom)
2019-10-01 15:45:32,348 [pool-77-thread-1] INFO  server.RaftServerConfigKeys (ConfUtils.java:logGet(43)) - raft.server.log.force.sync.num = 128 (default)
2019-10-01 15:45:32,348 [pool-77-thread-1] INFO  server.RaftServerConfigKeys (ConfUtils.java:logGet(43)) - raft.server.log.statemachine.data.sync = true (default)
2019-10-01 15:45:32,348 [pool-77-thread-1] INFO  server.RaftServerConfigKeys (ConfUtils.java:logGet(43)) - raft.server.log.statemachine.data.sync.timeout = 10s (default)
2019-10-01 15:45:32,348 [pool-77-thread-1] INFO  server.RaftServerConfigKeys (ConfUtils.java:logGet(43)) - raft.server.log.statemachine.data.sync.timeout.retry = -1 (default)
2019-10-01 15:45:32,349 [pool-77-thread-1] INFO  server.RaftServerConfigKeys (ConfUtils.java:logGet(43)) - raft.server.log.statemachine.data.caching.enabled = true (custom)
2019-10-01 15:45:32,349 [pool-77-thread-1] INFO  segmented.SegmentedRaftLogWorker (SegmentedRaftLogWorker.java:lambda$new$0(132)) - 5645e86d-f871-44bb-8607-ce62943605c0@group-120AF86B047F-SegmentedRaftLogWorker: flushIndex: setUnconditionally 0 -> -1
2019-10-01 15:45:32,349 [pool-77-thread-1] INFO  server.RaftServerConfigKeys (ConfUtils.java:logGet(43)) - raft.server.snapshot.auto.trigger.enabled = true (custom)
2019-10-01 15:45:32,349 [pool-77-thread-1] INFO  server.RaftServerConfigKeys (ConfUtils.java:logGet(43)) - raft.server.snapshot.auto.trigger.threshold = 10000 (custom)
2019-10-01 15:45:32,349 [pool-77-thread-1] INFO  server.RaftServerConfigKeys (ConfUtils.java:logGet(43)) - raft.server.snapshot.retention.num.files = 5 (custom)
2019-10-01 15:45:32,350 [pool-77-thread-1] INFO  server.RaftServerConfigKeys (ConfUtils.java:logGet(43)) - raft.server.retrycache.expirytime = 600000ms (custom)
2019-10-01 15:45:32,353 [pool-77-thread-1] INFO  impl.RaftServerImpl (RaftServerImpl.java:start(185)) - 5645e86d-f871-44bb-8607-ce62943605c0@group-120AF86B047F: start as a follower, conf=-1: [5645e86d-f871-44bb-8607-ce62943605c0:192.168.151.117:45277], old=null
2019-10-01 15:45:32,353 [pool-77-thread-1] INFO  impl.RaftServerImpl (RaftServerImpl.java:setRole(174)) - 5645e86d-f871-44bb-8607-ce62943605c0@group-120AF86B047F: changes role from      null to FOLLOWER at term 0 for startAsFollower
2019-10-01 15:45:32,354 [pool-77-thread-1] INFO  impl.RoleInfo (RoleInfo.java:updateAndGet(143)) - 5645e86d-f871-44bb-8607-ce62943605c0: start FollowerState
2019-10-01 15:45:32,356 [pool-77-thread-1] INFO  util.JmxRegister (JmxRegister.java:tryRegister(44)) - Successfully registered JMX Bean with object name Ratis:service=RaftServer,group=group-120AF86B047F,id=5645e86d-f871-44bb-8607-ce62943605c0
2019-10-01 15:45:32,373 [RatisPipelineUtilsThread] INFO  pipeline.PipelineStateManager (PipelineStateManager.java:addPipeline(56)) - Created pipeline Pipeline[ Id: 5289863a-2e55-482f-8098-120af86b047f, Nodes: 5645e86d-f871-44bb-8607-ce62943605c0{ip: 192.168.151.117, host: pr-hdds-2221-4x997-2286248681, networkLocation: /default-rack, certSerialId: null}, Type:RATIS, Factor:ONE, State:OPEN]
2019-10-01 15:45:32,401 [grpc-default-executor-0] INFO  impl.RaftServerProxy (RaftServerProxy.java:addNew(89)) - 17687ae8-18db-4cee-85ef-ee5e0f3bebbe: addNew group-5A58CD680F1F:[17687ae8-18db-4cee-85ef-ee5e0f3bebbe:192.168.151.117:44984] returns group-5A58CD680F1F:java.util.concurrent.CompletableFuture@750b591c[Not completed]
2019-10-01 15:45:32,444 [pool-97-thread-1] INFO  impl.RaftServerImpl (RaftServerImpl.java:<init>(95)) - 17687ae8-18db-4cee-85ef-ee5e0f3bebbe: new RaftServerImpl for group-5A58CD680F1F:[17687ae8-18db-4cee-85ef-ee5e0f3bebbe:192.168.151.117:44984] with ContainerStateMachine:uninitialized
2019-10-01 15:45:32,444 [pool-97-thread-1] INFO  server.RaftServerConfigKeys (ConfUtils.java:logGet(43)) - raft.server.rpc.timeout.min = 1s (custom)
2019-10-01 15:45:32,445 [pool-97-thread-1] INFO  server.RaftServerConfigKeys (ConfUtils.java:logGet(43)) - raft.server.rpc.timeout.max = 1200ms (custom)
2019-10-01 15:45:32,445 [pool-97-thread-1] INFO  server.RaftServerConfigKeys (ConfUtils.java:logGet(43)) - raft.server.rpcslowness.timeout = 120s (custom)
2019-10-01 15:45:32,445 [pool-97-thread-1] INFO  server.RaftServerConfigKeys (ConfUtils.java:logGet(43)) - raft.server.sleep.deviation.threshold = 300 (default)
2019-10-01 15:45:32,445 [pool-97-thread-1] INFO  server.RaftServerConfigKeys (ConfUtils.java:logGet(43)) - raft.server.log.appender.install.snapshot.enabled = false (custom)
2019-10-01 15:45:32,445 [pool-97-thread-1] INFO  impl.RaftServerImpl (ServerState.java:<init>(103)) - 17687ae8-18db-4cee-85ef-ee5e0f3bebbe@group-5A58CD680F1F: ConfigurationManager, init=-1: [17687ae8-18db-4cee-85ef-ee5e0f3bebbe:192.168.151.117:44984], old=null, confs=<EMPTY_MAP>
2019-10-01 15:45:32,445 [pool-97-thread-1] INFO  server.RaftServerConfigKeys (ConfUtils.java:logGet(43)) - raft.server.storage.dir = [/workdir/hadoop-ozone/integration-test/target/test-dir/MiniOzoneClusterImpl-9b1271a8-4299-44cb-bbfb-3eebcf11b219/datanode-7/data/ratis] (custom)
2019-10-01 15:45:32,446 [pool-97-thread-1] INFO  storage.RaftStorageDirectory (RaftStorageDirectory.java:analyzeStorage(246)) - The storage directory /workdir/hadoop-ozone/integration-test/target/test-dir/MiniOzoneClusterImpl-9b1271a8-4299-44cb-bbfb-3eebcf11b219/datanode-7/data/ratis/e981d209-37c2-427e-a000-5a58cd680f1f does not exist. Creating ...
2019-10-01 15:45:32,508 [pool-97-thread-1] INFO  storage.RaftStorageDirectory (RaftStorageDirectory.java:tryLock(328)) - Lock on /workdir/hadoop-ozone/integration-test/target/test-dir/MiniOzoneClusterImpl-9b1271a8-4299-44cb-bbfb-3eebcf11b219/datanode-7/data/ratis/e981d209-37c2-427e-a000-5a58cd680f1f/in_use.lock acquired by nodename 12253@pr-hdds-2221-4x997-2286248681
2019-10-01 15:45:32,525 [pool-97-thread-1] INFO  storage.RaftStorage (RaftStorage.java:format(72)) - Storage directory /workdir/hadoop-ozone/integration-test/target/test-dir/MiniOzoneClusterImpl-9b1271a8-4299-44cb-bbfb-3eebcf11b219/datanode-7/data/ratis/e981d209-37c2-427e-a000-5a58cd680f1f has been successfully formatted.
2019-10-01 15:45:32,526 [pool-97-thread-1] INFO  ratis.ContainerStateMachine (ContainerStateMachine.java:loadSnapshot(230)) - group-5A58CD680F1F: The snapshot info is null. Setting the last applied indexto:(t:0, i:~)
2019-10-01 15:45:32,526 [pool-97-thread-1] INFO  server.RaftServerConfigKeys (ConfUtils.java:logGet(43)) - raft.server.notification.no-leader.timeout = 120s (custom)
2019-10-01 15:45:32,526 [pool-97-thread-1] INFO  server.RaftServerConfigKeys (ConfUtils.java:logGet(43)) - raft.server.log.use.memory = false (default)
2019-10-01 15:45:32,526 [pool-97-thread-1] INFO  server.RaftServerConfigKeys (ConfUtils.java:logGet(43)) - raft.server.log.purge.gap = 1000000 (custom)
2019-10-01 15:45:32,527 [pool-97-thread-1] INFO  server.RaftServerConfigKeys (ConfUtils.java:logGet(43)) - raft.server.log.appender.buffer.byte-limit = 33554432 (custom)
2019-10-01 15:45:32,527 [pool-97-thread-1] INFO  server.RaftServerConfigKeys (ConfUtils.java:logGet(43)) - raft.server.log.segment.size.max = 1048576 (custom)
2019-10-01 15:45:32,527 [pool-97-thread-1] INFO  server.RaftServerConfigKeys (ConfUtils.java:logGet(43)) - raft.server.log.segment.cache.num.max = 2 (custom)
2019-10-01 15:45:32,527 [pool-97-thread-1] INFO  segmented.SegmentedRaftLogWorker (SegmentedRaftLogWorker.java:<init>(172)) - new 17687ae8-18db-4cee-85ef-ee5e0f3bebbe@group-5A58CD680F1F-SegmentedRaftLogWorker for RaftStorage:Storage Directory /workdir/hadoop-ozone/integration-test/target/test-dir/MiniOzoneClusterImpl-9b1271a8-4299-44cb-bbfb-3eebcf11b219/datanode-7/data/ratis/e981d209-37c2-427e-a000-5a58cd680f1f
2019-10-01 15:45:32,582 [pool-97-thread-1] INFO  server.RaftServerConfigKeys (ConfUtils.java:logGet(43)) - raft.server.log.queue.byte-limit = 2147483647 (custom)
2019-10-01 15:45:32,583 [pool-97-thread-1] INFO  server.RaftServerConfigKeys (ConfUtils.java:logGet(43)) - raft.server.log.queue.element-limit = 1024 (custom)
2019-10-01 15:45:32,583 [pool-97-thread-1] INFO  server.RaftServerConfigKeys (ConfUtils.java:logGet(43)) - raft.server.log.segment.size.max = 1048576 (custom)
2019-10-01 15:45:32,583 [pool-97-thread-1] INFO  server.RaftServerConfigKeys (ConfUtils.java:logGet(43)) - raft.server.log.preallocated.size = 16384 (custom)
2019-10-01 15:45:32,583 [pool-97-thread-1] INFO  server.RaftServerConfigKeys (ConfUtils.java:logGet(43)) - raft.server.log.write.buffer.size = 33554432 (custom)
2019-10-01 15:45:32,583 [pool-97-thread-1] INFO  server.RaftServerConfigKeys (ConfUtils.java:logGet(43)) - raft.server.log.force.sync.num = 128 (default)
2019-10-01 15:45:32,583 [pool-97-thread-1] INFO  server.RaftServerConfigKeys (ConfUtils.java:logGet(43)) - raft.server.log.statemachine.data.sync = true (default)
2019-10-01 15:45:32,583 [pool-97-thread-1] INFO  server.RaftServerConfigKeys (ConfUtils.java:logGet(43)) - raft.server.log.statemachine.data.sync.timeout = 10s (default)
2019-10-01 15:45:32,584 [pool-97-thread-1] INFO  server.RaftServerConfigKeys (ConfUtils.java:logGet(43)) - raft.server.log.statemachine.data.sync.timeout.retry = -1 (default)
2019-10-01 15:45:32,584 [pool-97-thread-1] INFO  server.RaftServerConfigKeys (ConfUtils.java:logGet(43)) - raft.server.log.statemachine.data.caching.enabled = true (custom)
2019-10-01 15:45:32,584 [pool-97-thread-1] INFO  segmented.SegmentedRaftLogWorker (SegmentedRaftLogWorker.java:lambda$new$0(132)) - 17687ae8-18db-4cee-85ef-ee5e0f3bebbe@group-5A58CD680F1F-SegmentedRaftLogWorker: flushIndex: setUnconditionally 0 -> -1
2019-10-01 15:45:32,585 [pool-97-thread-1] INFO  server.RaftServerConfigKeys (ConfUtils.java:logGet(43)) - raft.server.snapshot.auto.trigger.enabled = true (custom)
2019-10-01 15:45:32,585 [pool-97-thread-1] INFO  server.RaftServerConfigKeys (ConfUtils.java:logGet(43)) - raft.server.snapshot.auto.trigger.threshold = 10000 (custom)
2019-10-01 15:45:32,585 [pool-97-thread-1] INFO  server.RaftServerConfigKeys (ConfUtils.java:logGet(43)) - raft.server.snapshot.retention.num.files = 5 (custom)
2019-10-01 15:45:32,585 [pool-97-thread-1] INFO  server.RaftServerConfigKeys (ConfUtils.java:logGet(43)) - raft.server.retrycache.expirytime = 600000ms (custom)
2019-10-01 15:45:32,590 [pool-97-thread-1] INFO  impl.RaftServerImpl (RaftServerImpl.java:start(185)) - 17687ae8-18db-4cee-85ef-ee5e0f3bebbe@group-5A58CD680F1F: start as a follower, conf=-1: [17687ae8-18db-4cee-85ef-ee5e0f3bebbe:192.168.151.117:44984], old=null
2019-10-01 15:45:32,590 [pool-97-thread-1] INFO  impl.RaftServerImpl (RaftServerImpl.java:setRole(174)) - 17687ae8-18db-4cee-85ef-ee5e0f3bebbe@group-5A58CD680F1F: changes role from      null to FOLLOWER at term 0 for startAsFollower
2019-10-01 15:45:32,590 [pool-97-thread-1] INFO  impl.RoleInfo (RoleInfo.java:updateAndGet(143)) - 17687ae8-18db-4cee-85ef-ee5e0f3bebbe: start FollowerState
2019-10-01 15:45:32,590 [pool-97-thread-1] INFO  util.JmxRegister (JmxRegister.java:tryRegister(44)) - Successfully registered JMX Bean with object name Ratis:service=RaftServer,group=group-5A58CD680F1F,id=17687ae8-18db-4cee-85ef-ee5e0f3bebbe
2019-10-01 15:45:32,612 [RatisPipelineUtilsThread] INFO  pipeline.PipelineStateManager (PipelineStateManager.java:addPipeline(56)) - Created pipeline Pipeline[ Id: e981d209-37c2-427e-a000-5a58cd680f1f, Nodes: 17687ae8-18db-4cee-85ef-ee5e0f3bebbe{ip: 192.168.151.117, host: pr-hdds-2221-4x997-2286248681, networkLocation: /default-rack, certSerialId: null}, Type:RATIS, Factor:ONE, State:OPEN]
2019-10-01 15:45:32,638 [grpc-default-executor-0] INFO  impl.RaftServerProxy (RaftServerProxy.java:addNew(89)) - c28b71e4-b935-41c8-abf7-7de4a956c002: addNew group-85EED25C00BD:[c28b71e4-b935-41c8-abf7-7de4a956c002:192.168.151.117:35347] returns group-85EED25C00BD:java.util.concurrent.CompletableFuture@7dae8b4e[Not completed]
2019-10-01 15:45:32,643 [pool-107-thread-1] INFO  impl.RaftServerImpl (RaftServerImpl.java:<init>(95)) - c28b71e4-b935-41c8-abf7-7de4a956c002: new RaftServerImpl for group-85EED25C00BD:[c28b71e4-b935-41c8-abf7-7de4a956c002:192.168.151.117:35347] with ContainerStateMachine:uninitialized
2019-10-01 15:45:32,643 [pool-107-thread-1] INFO  server.RaftServerConfigKeys (ConfUtils.java:logGet(43)) - raft.server.rpc.timeout.min = 1s (custom)
2019-10-01 15:45:32,643 [pool-107-thread-1] INFO  server.RaftServerConfigKeys (ConfUtils.java:logGet(43)) - raft.server.rpc.timeout.max = 1200ms (custom)
2019-10-01 15:45:32,643 [pool-107-thread-1] INFO  server.RaftServerConfigKeys (ConfUtils.java:logGet(43)) - raft.server.rpcslowness.timeout = 120s (custom)
2019-10-01 15:45:32,643 [pool-107-thread-1] INFO  server.RaftServerConfigKeys (ConfUtils.java:logGet(43)) - raft.server.sleep.deviation.threshold = 300 (default)
2019-10-01 15:45:32,643 [pool-107-thread-1] INFO  server.RaftServerConfigKeys (ConfUtils.java:logGet(43)) - raft.server.log.appender.install.snapshot.enabled = false (custom)
2019-10-01 15:45:32,644 [pool-107-thread-1] INFO  impl.RaftServerImpl (ServerState.java:<init>(103)) - c28b71e4-b935-41c8-abf7-7de4a956c002@group-85EED25C00BD: ConfigurationManager, init=-1: [c28b71e4-b935-41c8-abf7-7de4a956c002:192.168.151.117:35347], old=null, confs=<EMPTY_MAP>
2019-10-01 15:45:32,644 [pool-107-thread-1] INFO  server.RaftServerConfigKeys (ConfUtils.java:logGet(43)) - raft.server.storage.dir = [/workdir/hadoop-ozone/integration-test/target/test-dir/MiniOzoneClusterImpl-9b1271a8-4299-44cb-bbfb-3eebcf11b219/datanode-8/data/ratis] (custom)
2019-10-01 15:45:32,644 [pool-107-thread-1] INFO  storage.RaftStorageDirectory (RaftStorageDirectory.java:analyzeStorage(246)) - The storage directory /workdir/hadoop-ozone/integration-test/target/test-dir/MiniOzoneClusterImpl-9b1271a8-4299-44cb-bbfb-3eebcf11b219/datanode-8/data/ratis/4a3232ac-9d68-4513-9b3a-85eed25c00bd does not exist. Creating ...
2019-10-01 15:45:32,699 [pool-107-thread-1] INFO  storage.RaftStorageDirectory (RaftStorageDirectory.java:tryLock(328)) - Lock on /workdir/hadoop-ozone/integration-test/target/test-dir/MiniOzoneClusterImpl-9b1271a8-4299-44cb-bbfb-3eebcf11b219/datanode-8/data/ratis/4a3232ac-9d68-4513-9b3a-85eed25c00bd/in_use.lock acquired by nodename 12253@pr-hdds-2221-4x997-2286248681
2019-10-01 15:45:32,713 [pool-107-thread-1] INFO  storage.RaftStorage (RaftStorage.java:format(72)) - Storage directory /workdir/hadoop-ozone/integration-test/target/test-dir/MiniOzoneClusterImpl-9b1271a8-4299-44cb-bbfb-3eebcf11b219/datanode-8/data/ratis/4a3232ac-9d68-4513-9b3a-85eed25c00bd has been successfully formatted.
2019-10-01 15:45:32,713 [pool-107-thread-1] INFO  ratis.ContainerStateMachine (ContainerStateMachine.java:loadSnapshot(230)) - group-85EED25C00BD: The snapshot info is null. Setting the last applied indexto:(t:0, i:~)
2019-10-01 15:45:32,714 [pool-107-thread-1] INFO  server.RaftServerConfigKeys (ConfUtils.java:logGet(43)) - raft.server.notification.no-leader.timeout = 120s (custom)
2019-10-01 15:45:32,714 [pool-107-thread-1] INFO  server.RaftServerConfigKeys (ConfUtils.java:logGet(43)) - raft.server.log.use.memory = false (default)
2019-10-01 15:45:32,714 [pool-107-thread-1] INFO  server.RaftServerConfigKeys (ConfUtils.java:logGet(43)) - raft.server.log.purge.gap = 1000000 (custom)
2019-10-01 15:45:32,714 [pool-107-thread-1] INFO  server.RaftServerConfigKeys (ConfUtils.java:logGet(43)) - raft.server.log.appender.buffer.byte-limit = 33554432 (custom)
2019-10-01 15:45:32,714 [pool-107-thread-1] INFO  server.RaftServerConfigKeys (ConfUtils.java:logGet(43)) - raft.server.log.segment.size.max = 1048576 (custom)
2019-10-01 15:45:32,715 [pool-107-thread-1] INFO  server.RaftServerConfigKeys (ConfUtils.java:logGet(43)) - raft.server.log.segment.cache.num.max = 2 (custom)
2019-10-01 15:45:32,715 [pool-107-thread-1] INFO  segmented.SegmentedRaftLogWorker (SegmentedRaftLogWorker.java:<init>(172)) - new c28b71e4-b935-41c8-abf7-7de4a956c002@group-85EED25C00BD-SegmentedRaftLogWorker for RaftStorage:Storage Directory /workdir/hadoop-ozone/integration-test/target/test-dir/MiniOzoneClusterImpl-9b1271a8-4299-44cb-bbfb-3eebcf11b219/datanode-8/data/ratis/4a3232ac-9d68-4513-9b3a-85eed25c00bd
2019-10-01 15:45:32,721 [pool-107-thread-1] INFO  server.RaftServerConfigKeys (ConfUtils.java:logGet(43)) - raft.server.log.queue.byte-limit = 2147483647 (custom)
2019-10-01 15:45:32,721 [pool-107-thread-1] INFO  server.RaftServerConfigKeys (ConfUtils.java:logGet(43)) - raft.server.log.queue.element-limit = 1024 (custom)
2019-10-01 15:45:32,721 [pool-107-thread-1] INFO  server.RaftServerConfigKeys (ConfUtils.java:logGet(43)) - raft.server.log.segment.size.max = 1048576 (custom)
2019-10-01 15:45:32,721 [pool-107-thread-1] INFO  server.RaftServerConfigKeys (ConfUtils.java:logGet(43)) - raft.server.log.preallocated.size = 16384 (custom)
2019-10-01 15:45:32,721 [pool-107-thread-1] INFO  server.RaftServerConfigKeys (ConfUtils.java:logGet(43)) - raft.server.log.write.buffer.size = 33554432 (custom)
2019-10-01 15:45:32,721 [pool-107-thread-1] INFO  server.RaftServerConfigKeys (ConfUtils.java:logGet(43)) - raft.server.log.force.sync.num = 128 (default)
2019-10-01 15:45:32,721 [pool-107-thread-1] INFO  server.RaftServerConfigKeys (ConfUtils.java:logGet(43)) - raft.server.log.statemachine.data.sync = true (default)
2019-10-01 15:45:32,722 [pool-107-thread-1] INFO  server.RaftServerConfigKeys (ConfUtils.java:logGet(43)) - raft.server.log.statemachine.data.sync.timeout = 10s (default)
2019-10-01 15:45:32,722 [pool-107-thread-1] INFO  server.RaftServerConfigKeys (ConfUtils.java:logGet(43)) - raft.server.log.statemachine.data.sync.timeout.retry = -1 (default)
2019-10-01 15:45:32,722 [pool-107-thread-1] INFO  server.RaftServerConfigKeys (ConfUtils.java:logGet(43)) - raft.server.log.statemachine.data.caching.enabled = true (custom)
2019-10-01 15:45:32,723 [pool-107-thread-1] INFO  segmented.SegmentedRaftLogWorker (SegmentedRaftLogWorker.java:lambda$new$0(132)) - c28b71e4-b935-41c8-abf7-7de4a956c002@group-85EED25C00BD-SegmentedRaftLogWorker: flushIndex: setUnconditionally 0 -> -1
2019-10-01 15:45:32,723 [pool-107-thread-1] INFO  server.RaftServerConfigKeys (ConfUtils.java:logGet(43)) - raft.server.snapshot.auto.trigger.enabled = true (custom)
2019-10-01 15:45:32,723 [pool-107-thread-1] INFO  server.RaftServerConfigKeys (ConfUtils.java:logGet(43)) - raft.server.snapshot.auto.trigger.threshold = 10000 (custom)
2019-10-01 15:45:32,723 [pool-107-thread-1] INFO  server.RaftServerConfigKeys (ConfUtils.java:logGet(43)) - raft.server.snapshot.retention.num.files = 5 (custom)
2019-10-01 15:45:32,723 [pool-107-thread-1] INFO  server.RaftServerConfigKeys (ConfUtils.java:logGet(43)) - raft.server.retrycache.expirytime = 600000ms (custom)
2019-10-01 15:45:32,728 [pool-107-thread-1] INFO  impl.RaftServerImpl (RaftServerImpl.java:start(185)) - c28b71e4-b935-41c8-abf7-7de4a956c002@group-85EED25C00BD: start as a follower, conf=-1: [c28b71e4-b935-41c8-abf7-7de4a956c002:192.168.151.117:35347], old=null
2019-10-01 15:45:32,728 [pool-107-thread-1] INFO  impl.RaftServerImpl (RaftServerImpl.java:setRole(174)) - c28b71e4-b935-41c8-abf7-7de4a956c002@group-85EED25C00BD: changes role from      null to FOLLOWER at term 0 for startAsFollower
2019-10-01 15:45:32,728 [pool-107-thread-1] INFO  impl.RoleInfo (RoleInfo.java:updateAndGet(143)) - c28b71e4-b935-41c8-abf7-7de4a956c002: start FollowerState
2019-10-01 15:45:32,728 [pool-107-thread-1] INFO  util.JmxRegister (JmxRegister.java:tryRegister(44)) - Successfully registered JMX Bean with object name Ratis:service=RaftServer,group=group-85EED25C00BD,id=c28b71e4-b935-41c8-abf7-7de4a956c002
2019-10-01 15:45:32,754 [RatisPipelineUtilsThread] INFO  pipeline.PipelineStateManager (PipelineStateManager.java:addPipeline(56)) - Created pipeline Pipeline[ Id: 4a3232ac-9d68-4513-9b3a-85eed25c00bd, Nodes: c28b71e4-b935-41c8-abf7-7de4a956c002{ip: 192.168.151.117, host: pr-hdds-2221-4x997-2286248681, networkLocation: /default-rack, certSerialId: null}, Type:RATIS, Factor:ONE, State:OPEN]
2019-10-01 15:45:32,781 [main] INFO  ozone.MiniOzoneClusterImpl (MiniOzoneClusterImpl.java:lambda$waitForClusterToBeReady$0(147)) - Cluster is ready. Got 10 of 10 DN Heartbeats.
2019-10-01 15:45:32,784 [grpc-default-executor-0] INFO  impl.RaftServerProxy (RaftServerProxy.java:addNew(89)) - f1ba6add-ca0a-4791-abae-69f42b072e96: addNew group-8C59AB58C9C7:[f1ba6add-ca0a-4791-abae-69f42b072e96:192.168.151.117:38270] returns group-8C59AB58C9C7:java.util.concurrent.CompletableFuture@7f54100f[Not completed]
2019-10-01 15:45:32,790 [pool-57-thread-1] INFO  impl.RaftServerImpl (RaftServerImpl.java:<init>(95)) - f1ba6add-ca0a-4791-abae-69f42b072e96: new RaftServerImpl for group-8C59AB58C9C7:[f1ba6add-ca0a-4791-abae-69f42b072e96:192.168.151.117:38270] with ContainerStateMachine:uninitialized
2019-10-01 15:45:32,790 [pool-57-thread-1] INFO  server.RaftServerConfigKeys (ConfUtils.java:logGet(43)) - raft.server.rpc.timeout.min = 1s (custom)
2019-10-01 15:45:32,790 [pool-57-thread-1] INFO  server.RaftServerConfigKeys (ConfUtils.java:logGet(43)) - raft.server.rpc.timeout.max = 1200ms (custom)
2019-10-01 15:45:32,791 [pool-57-thread-1] INFO  server.RaftServerConfigKeys (ConfUtils.java:logGet(43)) - raft.server.rpcslowness.timeout = 120s (custom)
2019-10-01 15:45:32,791 [pool-57-thread-1] INFO  server.RaftServerConfigKeys (ConfUtils.java:logGet(43)) - raft.server.sleep.deviation.threshold = 300 (default)
2019-10-01 15:45:32,791 [pool-57-thread-1] INFO  server.RaftServerConfigKeys (ConfUtils.java:logGet(43)) - raft.server.log.appender.install.snapshot.enabled = false (custom)
2019-10-01 15:45:32,791 [pool-57-thread-1] INFO  impl.RaftServerImpl (ServerState.java:<init>(103)) - f1ba6add-ca0a-4791-abae-69f42b072e96@group-8C59AB58C9C7: ConfigurationManager, init=-1: [f1ba6add-ca0a-4791-abae-69f42b072e96:192.168.151.117:38270], old=null, confs=<EMPTY_MAP>
2019-10-01 15:45:32,792 [pool-57-thread-1] INFO  server.RaftServerConfigKeys (ConfUtils.java:logGet(43)) - raft.server.storage.dir = [/workdir/hadoop-ozone/integration-test/target/test-dir/MiniOzoneClusterImpl-9b1271a8-4299-44cb-bbfb-3eebcf11b219/datanode-3/data/ratis] (custom)
2019-10-01 15:45:32,792 [pool-57-thread-1] INFO  storage.RaftStorageDirectory (RaftStorageDirectory.java:analyzeStorage(246)) - The storage directory /workdir/hadoop-ozone/integration-test/target/test-dir/MiniOzoneClusterImpl-9b1271a8-4299-44cb-bbfb-3eebcf11b219/datanode-3/data/ratis/95e4f737-4754-4f38-a5e3-8c59ab58c9c7 does not exist. Creating ...
2019-10-01 15:45:32,818 [pool-57-thread-1] INFO  storage.RaftStorageDirectory (RaftStorageDirectory.java:tryLock(328)) - Lock on /workdir/hadoop-ozone/integration-test/target/test-dir/MiniOzoneClusterImpl-9b1271a8-4299-44cb-bbfb-3eebcf11b219/datanode-3/data/ratis/95e4f737-4754-4f38-a5e3-8c59ab58c9c7/in_use.lock acquired by nodename 12253@pr-hdds-2221-4x997-2286248681
2019-10-01 15:45:32,831 [pool-57-thread-1] INFO  storage.RaftStorage (RaftStorage.java:format(72)) - Storage directory /workdir/hadoop-ozone/integration-test/target/test-dir/MiniOzoneClusterImpl-9b1271a8-4299-44cb-bbfb-3eebcf11b219/datanode-3/data/ratis/95e4f737-4754-4f38-a5e3-8c59ab58c9c7 has been successfully formatted.
2019-10-01 15:45:32,831 [pool-57-thread-1] INFO  ratis.ContainerStateMachine (ContainerStateMachine.java:loadSnapshot(230)) - group-8C59AB58C9C7: The snapshot info is null. Setting the last applied indexto:(t:0, i:~)
2019-10-01 15:45:32,832 [pool-57-thread-1] INFO  server.RaftServerConfigKeys (ConfUtils.java:logGet(43)) - raft.server.notification.no-leader.timeout = 120s (custom)
2019-10-01 15:45:32,832 [pool-57-thread-1] INFO  server.RaftServerConfigKeys (ConfUtils.java:logGet(43)) - raft.server.log.use.memory = false (default)
2019-10-01 15:45:32,832 [pool-57-thread-1] INFO  server.RaftServerConfigKeys (ConfUtils.java:logGet(43)) - raft.server.log.purge.gap = 1000000 (custom)
2019-10-01 15:45:32,832 [pool-57-thread-1] INFO  server.RaftServerConfigKeys (ConfUtils.java:logGet(43)) - raft.server.log.appender.buffer.byte-limit = 33554432 (custom)
2019-10-01 15:45:32,832 [pool-57-thread-1] INFO  server.RaftServerConfigKeys (ConfUtils.java:logGet(43)) - raft.server.log.segment.size.max = 1048576 (custom)
2019-10-01 15:45:32,832 [pool-57-thread-1] INFO  server.RaftServerConfigKeys (ConfUtils.java:logGet(43)) - raft.server.log.segment.cache.num.max = 2 (custom)
2019-10-01 15:45:32,833 [pool-57-thread-1] INFO  segmented.SegmentedRaftLogWorker (SegmentedRaftLogWorker.java:<init>(172)) - new f1ba6add-ca0a-4791-abae-69f42b072e96@group-8C59AB58C9C7-SegmentedRaftLogWorker for RaftStorage:Storage Directory /workdir/hadoop-ozone/integration-test/target/test-dir/MiniOzoneClusterImpl-9b1271a8-4299-44cb-bbfb-3eebcf11b219/datanode-3/data/ratis/95e4f737-4754-4f38-a5e3-8c59ab58c9c7
2019-10-01 15:45:32,836 [pool-57-thread-1] INFO  server.RaftServerConfigKeys (ConfUtils.java:logGet(43)) - raft.server.log.queue.byte-limit = 2147483647 (custom)
2019-10-01 15:45:32,837 [pool-57-thread-1] INFO  server.RaftServerConfigKeys (ConfUtils.java:logGet(43)) - raft.server.log.queue.element-limit = 1024 (custom)
2019-10-01 15:45:32,837 [pool-57-thread-1] INFO  server.RaftServerConfigKeys (ConfUtils.java:logGet(43)) - raft.server.log.segment.size.max = 1048576 (custom)
2019-10-01 15:45:32,837 [pool-57-thread-1] INFO  server.RaftServerConfigKeys (ConfUtils.java:logGet(43)) - raft.server.log.preallocated.size = 16384 (custom)
2019-10-01 15:45:32,837 [pool-57-thread-1] INFO  server.RaftServerConfigKeys (ConfUtils.java:logGet(43)) - raft.server.log.write.buffer.size = 33554432 (custom)
2019-10-01 15:45:32,837 [pool-57-thread-1] INFO  server.RaftServerConfigKeys (ConfUtils.java:logGet(43)) - raft.server.log.force.sync.num = 128 (default)
2019-10-01 15:45:32,837 [pool-57-thread-1] INFO  server.RaftServerConfigKeys (ConfUtils.java:logGet(43)) - raft.server.log.statemachine.data.sync = true (default)
2019-10-01 15:45:32,838 [pool-57-thread-1] INFO  server.RaftServerConfigKeys (ConfUtils.java:logGet(43)) - raft.server.log.statemachine.data.sync.timeout = 10s (default)
2019-10-01 15:45:32,838 [pool-57-thread-1] INFO  server.RaftServerConfigKeys (ConfUtils.java:logGet(43)) - raft.server.log.statemachine.data.sync.timeout.retry = -1 (default)
2019-10-01 15:45:32,838 [pool-57-thread-1] INFO  server.RaftServerConfigKeys (ConfUtils.java:logGet(43)) - raft.server.log.statemachine.data.caching.enabled = true (custom)
2019-10-01 15:45:32,838 [pool-57-thread-1] INFO  segmented.SegmentedRaftLogWorker (SegmentedRaftLogWorker.java:lambda$new$0(132)) - f1ba6add-ca0a-4791-abae-69f42b072e96@group-8C59AB58C9C7-SegmentedRaftLogWorker: flushIndex: setUnconditionally 0 -> -1
2019-10-01 15:45:32,839 [pool-57-thread-1] INFO  server.RaftServerConfigKeys (ConfUtils.java:logGet(43)) - raft.server.snapshot.auto.trigger.enabled = true (custom)
2019-10-01 15:45:32,839 [pool-57-thread-1] INFO  server.RaftServerConfigKeys (ConfUtils.java:logGet(43)) - raft.server.snapshot.auto.trigger.threshold = 10000 (custom)
2019-10-01 15:45:32,839 [pool-57-thread-1] INFO  server.RaftServerConfigKeys (ConfUtils.java:logGet(43)) - raft.server.snapshot.retention.num.files = 5 (custom)
2019-10-01 15:45:32,839 [pool-57-thread-1] INFO  server.RaftServerConfigKeys (ConfUtils.java:logGet(43)) - raft.server.retrycache.expirytime = 600000ms (custom)
2019-10-01 15:45:32,842 [pool-57-thread-1] INFO  impl.RaftServerImpl (RaftServerImpl.java:start(185)) - f1ba6add-ca0a-4791-abae-69f42b072e96@group-8C59AB58C9C7: start as a follower, conf=-1: [f1ba6add-ca0a-4791-abae-69f42b072e96:192.168.151.117:38270], old=null
2019-10-01 15:45:32,842 [pool-57-thread-1] INFO  impl.RaftServerImpl (RaftServerImpl.java:setRole(174)) - f1ba6add-ca0a-4791-abae-69f42b072e96@group-8C59AB58C9C7: changes role from      null to FOLLOWER at term 0 for startAsFollower
2019-10-01 15:45:32,842 [pool-57-thread-1] INFO  impl.RoleInfo (RoleInfo.java:updateAndGet(143)) - f1ba6add-ca0a-4791-abae-69f42b072e96: start FollowerState
2019-10-01 15:45:32,843 [pool-57-thread-1] INFO  util.JmxRegister (JmxRegister.java:tryRegister(44)) - Successfully registered JMX Bean with object name Ratis:service=RaftServer,group=group-8C59AB58C9C7,id=f1ba6add-ca0a-4791-abae-69f42b072e96
2019-10-01 15:45:32,862 [RatisPipelineUtilsThread] INFO  pipeline.PipelineStateManager (PipelineStateManager.java:addPipeline(56)) - Created pipeline Pipeline[ Id: 95e4f737-4754-4f38-a5e3-8c59ab58c9c7, Nodes: f1ba6add-ca0a-4791-abae-69f42b072e96{ip: 192.168.151.117, host: pr-hdds-2221-4x997-2286248681, networkLocation: /default-rack, certSerialId: null}, Type:RATIS, Factor:ONE, State:OPEN]
2019-10-01 15:45:32,881 [grpc-default-executor-0] INFO  impl.RaftServerProxy (RaftServerProxy.java:addNew(89)) - 6faae4d1-92b7-4646-993b-67f152b9d621: addNew group-256AA083550A:[6faae4d1-92b7-4646-993b-67f152b9d621:192.168.151.117:41086] returns group-256AA083550A:java.util.concurrent.CompletableFuture@3b732e6a[Not completed]
2019-10-01 15:45:32,886 [pool-47-thread-1] INFO  impl.RaftServerImpl (RaftServerImpl.java:<init>(95)) - 6faae4d1-92b7-4646-993b-67f152b9d621: new RaftServerImpl for group-256AA083550A:[6faae4d1-92b7-4646-993b-67f152b9d621:192.168.151.117:41086] with ContainerStateMachine:uninitialized
2019-10-01 15:45:32,886 [pool-47-thread-1] INFO  server.RaftServerConfigKeys (ConfUtils.java:logGet(43)) - raft.server.rpc.timeout.min = 1s (custom)
2019-10-01 15:45:32,886 [pool-47-thread-1] INFO  server.RaftServerConfigKeys (ConfUtils.java:logGet(43)) - raft.server.rpc.timeout.max = 1200ms (custom)
2019-10-01 15:45:32,886 [pool-47-thread-1] INFO  server.RaftServerConfigKeys (ConfUtils.java:logGet(43)) - raft.server.rpcslowness.timeout = 120s (custom)
2019-10-01 15:45:32,886 [pool-47-thread-1] INFO  server.RaftServerConfigKeys (ConfUtils.java:logGet(43)) - raft.server.sleep.deviation.threshold = 300 (default)
2019-10-01 15:45:32,886 [pool-47-thread-1] INFO  server.RaftServerConfigKeys (ConfUtils.java:logGet(43)) - raft.server.log.appender.install.snapshot.enabled = false (custom)
2019-10-01 15:45:32,886 [pool-47-thread-1] INFO  impl.RaftServerImpl (ServerState.java:<init>(103)) - 6faae4d1-92b7-4646-993b-67f152b9d621@group-256AA083550A: ConfigurationManager, init=-1: [6faae4d1-92b7-4646-993b-67f152b9d621:192.168.151.117:41086], old=null, confs=<EMPTY_MAP>
2019-10-01 15:45:32,887 [pool-47-thread-1] INFO  server.RaftServerConfigKeys (ConfUtils.java:logGet(43)) - raft.server.storage.dir = [/workdir/hadoop-ozone/integration-test/target/test-dir/MiniOzoneClusterImpl-9b1271a8-4299-44cb-bbfb-3eebcf11b219/datanode-2/data/ratis] (custom)
2019-10-01 15:45:32,887 [pool-47-thread-1] INFO  storage.RaftStorageDirectory (RaftStorageDirectory.java:analyzeStorage(246)) - The storage directory /workdir/hadoop-ozone/integration-test/target/test-dir/MiniOzoneClusterImpl-9b1271a8-4299-44cb-bbfb-3eebcf11b219/datanode-2/data/ratis/7778857b-c2d2-4c95-a80e-256aa083550a does not exist. Creating ...
2019-10-01 15:45:32,913 [pool-47-thread-1] INFO  storage.RaftStorageDirectory (RaftStorageDirectory.java:tryLock(328)) - Lock on /workdir/hadoop-ozone/integration-test/target/test-dir/MiniOzoneClusterImpl-9b1271a8-4299-44cb-bbfb-3eebcf11b219/datanode-2/data/ratis/7778857b-c2d2-4c95-a80e-256aa083550a/in_use.lock acquired by nodename 12253@pr-hdds-2221-4x997-2286248681
2019-10-01 15:45:32,927 [pool-47-thread-1] INFO  storage.RaftStorage (RaftStorage.java:format(72)) - Storage directory /workdir/hadoop-ozone/integration-test/target/test-dir/MiniOzoneClusterImpl-9b1271a8-4299-44cb-bbfb-3eebcf11b219/datanode-2/data/ratis/7778857b-c2d2-4c95-a80e-256aa083550a has been successfully formatted.
2019-10-01 15:45:32,927 [pool-47-thread-1] INFO  ratis.ContainerStateMachine (ContainerStateMachine.java:loadSnapshot(230)) - group-256AA083550A: The snapshot info is null. Setting the last applied indexto:(t:0, i:~)
2019-10-01 15:45:32,928 [pool-47-thread-1] INFO  server.RaftServerConfigKeys (ConfUtils.java:logGet(43)) - raft.server.notification.no-leader.timeout = 120s (custom)
2019-10-01 15:45:32,928 [pool-47-thread-1] INFO  server.RaftServerConfigKeys (ConfUtils.java:logGet(43)) - raft.server.log.use.memory = false (default)
2019-10-01 15:45:32,928 [pool-47-thread-1] INFO  server.RaftServerConfigKeys (ConfUtils.java:logGet(43)) - raft.server.log.purge.gap = 1000000 (custom)
2019-10-01 15:45:32,928 [pool-47-thread-1] INFO  server.RaftServerConfigKeys (ConfUtils.java:logGet(43)) - raft.server.log.appender.buffer.byte-limit = 33554432 (custom)
2019-10-01 15:45:32,928 [pool-47-thread-1] INFO  server.RaftServerConfigKeys (ConfUtils.java:logGet(43)) - raft.server.log.segment.size.max = 1048576 (custom)
2019-10-01 15:45:32,928 [pool-47-thread-1] INFO  server.RaftServerConfigKeys (ConfUtils.java:logGet(43)) - raft.server.log.segment.cache.num.max = 2 (custom)
2019-10-01 15:45:32,929 [pool-47-thread-1] INFO  segmented.SegmentedRaftLogWorker (SegmentedRaftLogWorker.java:<init>(172)) - new 6faae4d1-92b7-4646-993b-67f152b9d621@group-256AA083550A-SegmentedRaftLogWorker for RaftStorage:Storage Directory /workdir/hadoop-ozone/integration-test/target/test-dir/MiniOzoneClusterImpl-9b1271a8-4299-44cb-bbfb-3eebcf11b219/datanode-2/data/ratis/7778857b-c2d2-4c95-a80e-256aa083550a
2019-10-01 15:45:32,931 [pool-47-thread-1] INFO  server.RaftServerConfigKeys (ConfUtils.java:logGet(43)) - raft.server.log.queue.byte-limit = 2147483647 (custom)
2019-10-01 15:45:32,932 [pool-47-thread-1] INFO  server.RaftServerConfigKeys (ConfUtils.java:logGet(43)) - raft.server.log.queue.element-limit = 1024 (custom)
2019-10-01 15:45:32,932 [pool-47-thread-1] INFO  server.RaftServerConfigKeys (ConfUtils.java:logGet(43)) - raft.server.log.segment.size.max = 1048576 (custom)
2019-10-01 15:45:32,932 [pool-47-thread-1] INFO  server.RaftServerConfigKeys (ConfUtils.java:logGet(43)) - raft.server.log.preallocated.size = 16384 (custom)
2019-10-01 15:45:32,932 [pool-47-thread-1] INFO  server.RaftServerConfigKeys (ConfUtils.java:logGet(43)) - raft.server.log.write.buffer.size = 33554432 (custom)
2019-10-01 15:45:32,932 [pool-47-thread-1] INFO  server.RaftServerConfigKeys (ConfUtils.java:logGet(43)) - raft.server.log.force.sync.num = 128 (default)
2019-10-01 15:45:32,932 [pool-47-thread-1] INFO  server.RaftServerConfigKeys (ConfUtils.java:logGet(43)) - raft.server.log.statemachine.data.sync = true (default)
2019-10-01 15:45:32,932 [pool-47-thread-1] INFO  server.RaftServerConfigKeys (ConfUtils.java:logGet(43)) - raft.server.log.statemachine.data.sync.timeout = 10s (default)
2019-10-01 15:45:32,932 [pool-47-thread-1] INFO  server.RaftServerConfigKeys (ConfUtils.java:logGet(43)) - raft.server.log.statemachine.data.sync.timeout.retry = -1 (default)
2019-10-01 15:45:32,933 [pool-47-thread-1] INFO  server.RaftServerConfigKeys (ConfUtils.java:logGet(43)) - raft.server.log.statemachine.data.caching.enabled = true (custom)
2019-10-01 15:45:32,933 [pool-47-thread-1] INFO  segmented.SegmentedRaftLogWorker (SegmentedRaftLogWorker.java:lambda$new$0(132)) - 6faae4d1-92b7-4646-993b-67f152b9d621@group-256AA083550A-SegmentedRaftLogWorker: flushIndex: setUnconditionally 0 -> -1
2019-10-01 15:45:32,933 [pool-47-thread-1] INFO  server.RaftServerConfigKeys (ConfUtils.java:logGet(43)) - raft.server.snapshot.auto.trigger.enabled = true (custom)
2019-10-01 15:45:32,933 [pool-47-thread-1] INFO  server.RaftServerConfigKeys (ConfUtils.java:logGet(43)) - raft.server.snapshot.auto.trigger.threshold = 10000 (custom)
2019-10-01 15:45:32,933 [pool-47-thread-1] INFO  server.RaftServerConfigKeys (ConfUtils.java:logGet(43)) - raft.server.snapshot.retention.num.files = 5 (custom)
2019-10-01 15:45:32,934 [pool-47-thread-1] INFO  server.RaftServerConfigKeys (ConfUtils.java:logGet(43)) - raft.server.retrycache.expirytime = 600000ms (custom)
2019-10-01 15:45:32,936 [pool-47-thread-1] INFO  impl.RaftServerImpl (RaftServerImpl.java:start(185)) - 6faae4d1-92b7-4646-993b-67f152b9d621@group-256AA083550A: start as a follower, conf=-1: [6faae4d1-92b7-4646-993b-67f152b9d621:192.168.151.117:41086], old=null
2019-10-01 15:45:32,936 [pool-47-thread-1] INFO  impl.RaftServerImpl (RaftServerImpl.java:setRole(174)) - 6faae4d1-92b7-4646-993b-67f152b9d621@group-256AA083550A: changes role from      null to FOLLOWER at term 0 for startAsFollower
2019-10-01 15:45:32,936 [pool-47-thread-1] INFO  impl.RoleInfo (RoleInfo.java:updateAndGet(143)) - 6faae4d1-92b7-4646-993b-67f152b9d621: start FollowerState
2019-10-01 15:45:32,937 [pool-47-thread-1] INFO  util.JmxRegister (JmxRegister.java:tryRegister(44)) - Successfully registered JMX Bean with object name Ratis:service=RaftServer,group=group-256AA083550A,id=6faae4d1-92b7-4646-993b-67f152b9d621
2019-10-01 15:45:32,950 [RatisPipelineUtilsThread] INFO  pipeline.PipelineStateManager (PipelineStateManager.java:addPipeline(56)) - Created pipeline Pipeline[ Id: 7778857b-c2d2-4c95-a80e-256aa083550a, Nodes: 6faae4d1-92b7-4646-993b-67f152b9d621{ip: 192.168.151.117, host: pr-hdds-2221-4x997-2286248681, networkLocation: /default-rack, certSerialId: null}, Type:RATIS, Factor:ONE, State:OPEN]
2019-10-01 15:45:32,965 [grpc-default-executor-0] INFO  impl.RaftServerProxy (RaftServerProxy.java:addNew(89)) - 4e6a07d6-9c54-412b-b38b-57a241553837: addNew group-A63D04ECDAB4:[4e6a07d6-9c54-412b-b38b-57a241553837:192.168.151.117:38655] returns group-A63D04ECDAB4:java.util.concurrent.CompletableFuture@ce16bbc[Not completed]
2019-10-01 15:45:32,970 [pool-87-thread-1] INFO  impl.RaftServerImpl (RaftServerImpl.java:<init>(95)) - 4e6a07d6-9c54-412b-b38b-57a241553837: new RaftServerImpl for group-A63D04ECDAB4:[4e6a07d6-9c54-412b-b38b-57a241553837:192.168.151.117:38655] with ContainerStateMachine:uninitialized
2019-10-01 15:45:32,970 [pool-87-thread-1] INFO  server.RaftServerConfigKeys (ConfUtils.java:logGet(43)) - raft.server.rpc.timeout.min = 1s (custom)
2019-10-01 15:45:32,970 [pool-87-thread-1] INFO  server.RaftServerConfigKeys (ConfUtils.java:logGet(43)) - raft.server.rpc.timeout.max = 1200ms (custom)
2019-10-01 15:45:32,970 [pool-87-thread-1] INFO  server.RaftServerConfigKeys (ConfUtils.java:logGet(43)) - raft.server.rpcslowness.timeout = 120s (custom)
2019-10-01 15:45:32,971 [pool-87-thread-1] INFO  server.RaftServerConfigKeys (ConfUtils.java:logGet(43)) - raft.server.sleep.deviation.threshold = 300 (default)
2019-10-01 15:45:32,971 [pool-87-thread-1] INFO  server.RaftServerConfigKeys (ConfUtils.java:logGet(43)) - raft.server.log.appender.install.snapshot.enabled = false (custom)
2019-10-01 15:45:32,971 [pool-87-thread-1] INFO  impl.RaftServerImpl (ServerState.java:<init>(103)) - 4e6a07d6-9c54-412b-b38b-57a241553837@group-A63D04ECDAB4: ConfigurationManager, init=-1: [4e6a07d6-9c54-412b-b38b-57a241553837:192.168.151.117:38655], old=null, confs=<EMPTY_MAP>
2019-10-01 15:45:32,971 [pool-87-thread-1] INFO  server.RaftServerConfigKeys (ConfUtils.java:logGet(43)) - raft.server.storage.dir = [/workdir/hadoop-ozone/integration-test/target/test-dir/MiniOzoneClusterImpl-9b1271a8-4299-44cb-bbfb-3eebcf11b219/datanode-6/data/ratis] (custom)
2019-10-01 15:45:32,971 [pool-87-thread-1] INFO  storage.RaftStorageDirectory (RaftStorageDirectory.java:analyzeStorage(246)) - The storage directory /workdir/hadoop-ozone/integration-test/target/test-dir/MiniOzoneClusterImpl-9b1271a8-4299-44cb-bbfb-3eebcf11b219/datanode-6/data/ratis/c76b0d0d-f816-4025-9b16-a63d04ecdab4 does not exist. Creating ...
2019-10-01 15:45:32,989 [pool-87-thread-1] INFO  storage.RaftStorageDirectory (RaftStorageDirectory.java:tryLock(328)) - Lock on /workdir/hadoop-ozone/integration-test/target/test-dir/MiniOzoneClusterImpl-9b1271a8-4299-44cb-bbfb-3eebcf11b219/datanode-6/data/ratis/c76b0d0d-f816-4025-9b16-a63d04ecdab4/in_use.lock acquired by nodename 12253@pr-hdds-2221-4x997-2286248681
2019-10-01 15:45:33,002 [pool-87-thread-1] INFO  storage.RaftStorage (RaftStorage.java:format(72)) - Storage directory /workdir/hadoop-ozone/integration-test/target/test-dir/MiniOzoneClusterImpl-9b1271a8-4299-44cb-bbfb-3eebcf11b219/datanode-6/data/ratis/c76b0d0d-f816-4025-9b16-a63d04ecdab4 has been successfully formatted.
2019-10-01 15:45:33,002 [pool-87-thread-1] INFO  ratis.ContainerStateMachine (ContainerStateMachine.java:loadSnapshot(230)) - group-A63D04ECDAB4: The snapshot info is null. Setting the last applied indexto:(t:0, i:~)
2019-10-01 15:45:33,002 [pool-87-thread-1] INFO  server.RaftServerConfigKeys (ConfUtils.java:logGet(43)) - raft.server.notification.no-leader.timeout = 120s (custom)
2019-10-01 15:45:33,003 [pool-87-thread-1] INFO  server.RaftServerConfigKeys (ConfUtils.java:logGet(43)) - raft.server.log.use.memory = false (default)
2019-10-01 15:45:33,003 [pool-87-thread-1] INFO  server.RaftServerConfigKeys (ConfUtils.java:logGet(43)) - raft.server.log.purge.gap = 1000000 (custom)
2019-10-01 15:45:33,003 [pool-87-thread-1] INFO  server.RaftServerConfigKeys (ConfUtils.java:logGet(43)) - raft.server.log.appender.buffer.byte-limit = 33554432 (custom)
2019-10-01 15:45:33,003 [pool-87-thread-1] INFO  server.RaftServerConfigKeys (ConfUtils.java:logGet(43)) - raft.server.log.segment.size.max = 1048576 (custom)
2019-10-01 15:45:33,003 [pool-87-thread-1] INFO  server.RaftServerConfigKeys (ConfUtils.java:logGet(43)) - raft.server.log.segment.cache.num.max = 2 (custom)
2019-10-01 15:45:33,003 [pool-87-thread-1] INFO  segmented.SegmentedRaftLogWorker (SegmentedRaftLogWorker.java:<init>(172)) - new 4e6a07d6-9c54-412b-b38b-57a241553837@group-A63D04ECDAB4-SegmentedRaftLogWorker for RaftStorage:Storage Directory /workdir/hadoop-ozone/integration-test/target/test-dir/MiniOzoneClusterImpl-9b1271a8-4299-44cb-bbfb-3eebcf11b219/datanode-6/data/ratis/c76b0d0d-f816-4025-9b16-a63d04ecdab4
2019-10-01 15:45:33,006 [pool-87-thread-1] INFO  server.RaftServerConfigKeys (ConfUtils.java:logGet(43)) - raft.server.log.queue.byte-limit = 2147483647 (custom)
2019-10-01 15:45:33,007 [pool-87-thread-1] INFO  server.RaftServerConfigKeys (ConfUtils.java:logGet(43)) - raft.server.log.queue.element-limit = 1024 (custom)
2019-10-01 15:45:33,007 [pool-87-thread-1] INFO  server.RaftServerConfigKeys (ConfUtils.java:logGet(43)) - raft.server.log.segment.size.max = 1048576 (custom)
2019-10-01 15:45:33,007 [pool-87-thread-1] INFO  server.RaftServerConfigKeys (ConfUtils.java:logGet(43)) - raft.server.log.preallocated.size = 16384 (custom)
2019-10-01 15:45:33,007 [pool-87-thread-1] INFO  server.RaftServerConfigKeys (ConfUtils.java:logGet(43)) - raft.server.log.write.buffer.size = 33554432 (custom)
2019-10-01 15:45:33,007 [pool-87-thread-1] INFO  server.RaftServerConfigKeys (ConfUtils.java:logGet(43)) - raft.server.log.force.sync.num = 128 (default)
2019-10-01 15:45:33,007 [pool-87-thread-1] INFO  server.RaftServerConfigKeys (ConfUtils.java:logGet(43)) - raft.server.log.statemachine.data.sync = true (default)
2019-10-01 15:45:33,008 [pool-87-thread-1] INFO  server.RaftServerConfigKeys (ConfUtils.java:logGet(43)) - raft.server.log.statemachine.data.sync.timeout = 10s (default)
2019-10-01 15:45:33,008 [pool-87-thread-1] INFO  server.RaftServerConfigKeys (ConfUtils.java:logGet(43)) - raft.server.log.statemachine.data.sync.timeout.retry = -1 (default)
2019-10-01 15:45:33,008 [pool-87-thread-1] INFO  server.RaftServerConfigKeys (ConfUtils.java:logGet(43)) - raft.server.log.statemachine.data.caching.enabled = true (custom)
2019-10-01 15:45:33,008 [pool-87-thread-1] INFO  segmented.SegmentedRaftLogWorker (SegmentedRaftLogWorker.java:lambda$new$0(132)) - 4e6a07d6-9c54-412b-b38b-57a241553837@group-A63D04ECDAB4-SegmentedRaftLogWorker: flushIndex: setUnconditionally 0 -> -1
2019-10-01 15:45:33,008 [pool-87-thread-1] INFO  server.RaftServerConfigKeys (ConfUtils.java:logGet(43)) - raft.server.snapshot.auto.trigger.enabled = true (custom)
2019-10-01 15:45:33,009 [pool-87-thread-1] INFO  server.RaftServerConfigKeys (ConfUtils.java:logGet(43)) - raft.server.snapshot.auto.trigger.threshold = 10000 (custom)
2019-10-01 15:45:33,009 [pool-87-thread-1] INFO  server.RaftServerConfigKeys (ConfUtils.java:logGet(43)) - raft.server.snapshot.retention.num.files = 5 (custom)
2019-10-01 15:45:33,009 [pool-87-thread-1] INFO  server.RaftServerConfigKeys (ConfUtils.java:logGet(43)) - raft.server.retrycache.expirytime = 600000ms (custom)
2019-10-01 15:45:33,011 [pool-87-thread-1] INFO  impl.RaftServerImpl (RaftServerImpl.java:start(185)) - 4e6a07d6-9c54-412b-b38b-57a241553837@group-A63D04ECDAB4: start as a follower, conf=-1: [4e6a07d6-9c54-412b-b38b-57a241553837:192.168.151.117:38655], old=null
2019-10-01 15:45:33,012 [pool-87-thread-1] INFO  impl.RaftServerImpl (RaftServerImpl.java:setRole(174)) - 4e6a07d6-9c54-412b-b38b-57a241553837@group-A63D04ECDAB4: changes role from      null to FOLLOWER at term 0 for startAsFollower
2019-10-01 15:45:33,012 [pool-87-thread-1] INFO  impl.RoleInfo (RoleInfo.java:updateAndGet(143)) - 4e6a07d6-9c54-412b-b38b-57a241553837: start FollowerState
2019-10-01 15:45:33,012 [pool-87-thread-1] INFO  util.JmxRegister (JmxRegister.java:tryRegister(44)) - Successfully registered JMX Bean with object name Ratis:service=RaftServer,group=group-A63D04ECDAB4,id=4e6a07d6-9c54-412b-b38b-57a241553837
2019-10-01 15:45:33,030 [RatisPipelineUtilsThread] INFO  pipeline.PipelineStateManager (PipelineStateManager.java:addPipeline(56)) - Created pipeline Pipeline[ Id: c76b0d0d-f816-4025-9b16-a63d04ecdab4, Nodes: 4e6a07d6-9c54-412b-b38b-57a241553837{ip: 192.168.151.117, host: pr-hdds-2221-4x997-2286248681, networkLocation: /default-rack, certSerialId: null}, Type:RATIS, Factor:ONE, State:OPEN]
2019-10-01 15:45:33,046 [grpc-default-executor-0] INFO  impl.RaftServerProxy (RaftServerProxy.java:addNew(89)) - 979f9232-9934-46b7-b55e-9df1564cd0b5: addNew group-70A5685058C9:[979f9232-9934-46b7-b55e-9df1564cd0b5:192.168.151.117:36138] returns group-70A5685058C9:java.util.concurrent.CompletableFuture@397b603a[Not completed]
2019-10-01 15:45:33,050 [pool-117-thread-1] INFO  impl.RaftServerImpl (RaftServerImpl.java:<init>(95)) - 979f9232-9934-46b7-b55e-9df1564cd0b5: new RaftServerImpl for group-70A5685058C9:[979f9232-9934-46b7-b55e-9df1564cd0b5:192.168.151.117:36138] with ContainerStateMachine:uninitialized
2019-10-01 15:45:33,051 [pool-117-thread-1] INFO  server.RaftServerConfigKeys (ConfUtils.java:logGet(43)) - raft.server.rpc.timeout.min = 1s (custom)
2019-10-01 15:45:33,051 [pool-117-thread-1] INFO  server.RaftServerConfigKeys (ConfUtils.java:logGet(43)) - raft.server.rpc.timeout.max = 1200ms (custom)
2019-10-01 15:45:33,051 [pool-117-thread-1] INFO  server.RaftServerConfigKeys (ConfUtils.java:logGet(43)) - raft.server.rpcslowness.timeout = 120s (custom)
2019-10-01 15:45:33,051 [pool-117-thread-1] INFO  server.RaftServerConfigKeys (ConfUtils.java:logGet(43)) - raft.server.sleep.deviation.threshold = 300 (default)
2019-10-01 15:45:33,051 [pool-117-thread-1] INFO  server.RaftServerConfigKeys (ConfUtils.java:logGet(43)) - raft.server.log.appender.install.snapshot.enabled = false (custom)
2019-10-01 15:45:33,051 [pool-117-thread-1] INFO  impl.RaftServerImpl (ServerState.java:<init>(103)) - 979f9232-9934-46b7-b55e-9df1564cd0b5@group-70A5685058C9: ConfigurationManager, init=-1: [979f9232-9934-46b7-b55e-9df1564cd0b5:192.168.151.117:36138], old=null, confs=<EMPTY_MAP>
2019-10-01 15:45:33,051 [pool-117-thread-1] INFO  server.RaftServerConfigKeys (ConfUtils.java:logGet(43)) - raft.server.storage.dir = [/workdir/hadoop-ozone/integration-test/target/test-dir/MiniOzoneClusterImpl-9b1271a8-4299-44cb-bbfb-3eebcf11b219/datanode-9/data/ratis] (custom)
2019-10-01 15:45:33,051 [pool-117-thread-1] INFO  storage.RaftStorageDirectory (RaftStorageDirectory.java:analyzeStorage(246)) - The storage directory /workdir/hadoop-ozone/integration-test/target/test-dir/MiniOzoneClusterImpl-9b1271a8-4299-44cb-bbfb-3eebcf11b219/datanode-9/data/ratis/8cef9959-e72e-42ad-9a9e-70a5685058c9 does not exist. Creating ...
2019-10-01 15:45:33,132 [pool-117-thread-1] INFO  storage.RaftStorageDirectory (RaftStorageDirectory.java:tryLock(328)) - Lock on /workdir/hadoop-ozone/integration-test/target/test-dir/MiniOzoneClusterImpl-9b1271a8-4299-44cb-bbfb-3eebcf11b219/datanode-9/data/ratis/8cef9959-e72e-42ad-9a9e-70a5685058c9/in_use.lock acquired by nodename 12253@pr-hdds-2221-4x997-2286248681
2019-10-01 15:45:33,168 [pool-117-thread-1] INFO  storage.RaftStorage (RaftStorage.java:format(72)) - Storage directory /workdir/hadoop-ozone/integration-test/target/test-dir/MiniOzoneClusterImpl-9b1271a8-4299-44cb-bbfb-3eebcf11b219/datanode-9/data/ratis/8cef9959-e72e-42ad-9a9e-70a5685058c9 has been successfully formatted.
2019-10-01 15:45:33,172 [pool-117-thread-1] INFO  ratis.ContainerStateMachine (ContainerStateMachine.java:loadSnapshot(230)) - group-70A5685058C9: The snapshot info is null. Setting the last applied indexto:(t:0, i:~)
2019-10-01 15:45:33,203 [Thread-285] INFO  impl.FollowerState (FollowerState.java:run(106)) - 9f82fbf8-4fac-4532-8c36-3e6bef784ba1:group-73645D4077A4 changes to CANDIDATE, lastRpcTime:1126, electionTimeout:1113ms
2019-10-01 15:45:33,209 [pool-117-thread-1] INFO  server.RaftServerConfigKeys (ConfUtils.java:logGet(43)) - raft.server.notification.no-leader.timeout = 120s (custom)
2019-10-01 15:45:33,211 [pool-117-thread-1] INFO  server.RaftServerConfigKeys (ConfUtils.java:logGet(43)) - raft.server.log.use.memory = false (default)
2019-10-01 15:45:33,211 [pool-117-thread-1] INFO  server.RaftServerConfigKeys (ConfUtils.java:logGet(43)) - raft.server.log.purge.gap = 1000000 (custom)
2019-10-01 15:45:33,211 [pool-117-thread-1] INFO  server.RaftServerConfigKeys (ConfUtils.java:logGet(43)) - raft.server.log.appender.buffer.byte-limit = 33554432 (custom)
2019-10-01 15:45:33,211 [pool-117-thread-1] INFO  server.RaftServerConfigKeys (ConfUtils.java:logGet(43)) - raft.server.log.segment.size.max = 1048576 (custom)
2019-10-01 15:45:33,211 [pool-117-thread-1] INFO  server.RaftServerConfigKeys (ConfUtils.java:logGet(43)) - raft.server.log.segment.cache.num.max = 2 (custom)
2019-10-01 15:45:33,211 [pool-117-thread-1] INFO  segmented.SegmentedRaftLogWorker (SegmentedRaftLogWorker.java:<init>(172)) - new 979f9232-9934-46b7-b55e-9df1564cd0b5@group-70A5685058C9-SegmentedRaftLogWorker for RaftStorage:Storage Directory /workdir/hadoop-ozone/integration-test/target/test-dir/MiniOzoneClusterImpl-9b1271a8-4299-44cb-bbfb-3eebcf11b219/datanode-9/data/ratis/8cef9959-e72e-42ad-9a9e-70a5685058c9
2019-10-01 15:45:33,212 [Thread-285] INFO  impl.RoleInfo (RoleInfo.java:shutdownFollowerState(121)) - 9f82fbf8-4fac-4532-8c36-3e6bef784ba1: shutdown FollowerState
2019-10-01 15:45:33,213 [Thread-285] INFO  impl.RaftServerImpl (RaftServerImpl.java:setRole(174)) - 9f82fbf8-4fac-4532-8c36-3e6bef784ba1@group-73645D4077A4: changes role from  FOLLOWER to CANDIDATE at term 0 for changeToCandidate
2019-10-01 15:45:33,214 [pool-117-thread-1] INFO  server.RaftServerConfigKeys (ConfUtils.java:logGet(43)) - raft.server.log.queue.byte-limit = 2147483647 (custom)
2019-10-01 15:45:33,214 [pool-117-thread-1] INFO  server.RaftServerConfigKeys (ConfUtils.java:logGet(43)) - raft.server.log.queue.element-limit = 1024 (custom)
2019-10-01 15:45:33,214 [pool-117-thread-1] INFO  server.RaftServerConfigKeys (ConfUtils.java:logGet(43)) - raft.server.log.segment.size.max = 1048576 (custom)
2019-10-01 15:45:33,214 [pool-117-thread-1] INFO  server.RaftServerConfigKeys (ConfUtils.java:logGet(43)) - raft.server.log.preallocated.size = 16384 (custom)
2019-10-01 15:45:33,215 [pool-117-thread-1] INFO  server.RaftServerConfigKeys (ConfUtils.java:logGet(43)) - raft.server.log.write.buffer.size = 33554432 (custom)
2019-10-01 15:45:33,215 [pool-117-thread-1] INFO  server.RaftServerConfigKeys (ConfUtils.java:logGet(43)) - raft.server.log.force.sync.num = 128 (default)
2019-10-01 15:45:33,215 [pool-117-thread-1] INFO  server.RaftServerConfigKeys (ConfUtils.java:logGet(43)) - raft.server.log.statemachine.data.sync = true (default)
2019-10-01 15:45:33,215 [pool-117-thread-1] INFO  server.RaftServerConfigKeys (ConfUtils.java:logGet(43)) - raft.server.log.statemachine.data.sync.timeout = 10s (default)
2019-10-01 15:45:33,215 [pool-117-thread-1] INFO  server.RaftServerConfigKeys (ConfUtils.java:logGet(43)) - raft.server.log.statemachine.data.sync.timeout.retry = -1 (default)
2019-10-01 15:45:33,215 [pool-117-thread-1] INFO  server.RaftServerConfigKeys (ConfUtils.java:logGet(43)) - raft.server.log.statemachine.data.caching.enabled = true (custom)
2019-10-01 15:45:33,216 [pool-117-thread-1] INFO  segmented.SegmentedRaftLogWorker (SegmentedRaftLogWorker.java:lambda$new$0(132)) - 979f9232-9934-46b7-b55e-9df1564cd0b5@group-70A5685058C9-SegmentedRaftLogWorker: flushIndex: setUnconditionally 0 -> -1
2019-10-01 15:45:33,220 [pool-117-thread-1] INFO  server.RaftServerConfigKeys (ConfUtils.java:logGet(43)) - raft.server.snapshot.auto.trigger.enabled = true (custom)
2019-10-01 15:45:33,220 [pool-117-thread-1] INFO  server.RaftServerConfigKeys (ConfUtils.java:logGet(43)) - raft.server.snapshot.auto.trigger.threshold = 10000 (custom)
2019-10-01 15:45:33,220 [Thread-285] INFO  impl.RoleInfo (RoleInfo.java:updateAndGet(143)) - 9f82fbf8-4fac-4532-8c36-3e6bef784ba1: start LeaderElection
2019-10-01 15:45:33,220 [pool-117-thread-1] INFO  server.RaftServerConfigKeys (ConfUtils.java:logGet(43)) - raft.server.snapshot.retention.num.files = 5 (custom)
2019-10-01 15:45:33,220 [pool-117-thread-1] INFO  server.RaftServerConfigKeys (ConfUtils.java:logGet(43)) - raft.server.retrycache.expirytime = 600000ms (custom)
2019-10-01 15:45:33,228 [pool-117-thread-1] INFO  impl.RaftServerImpl (RaftServerImpl.java:start(185)) - 979f9232-9934-46b7-b55e-9df1564cd0b5@group-70A5685058C9: start as a follower, conf=-1: [979f9232-9934-46b7-b55e-9df1564cd0b5:192.168.151.117:36138], old=null
2019-10-01 15:45:33,228 [pool-117-thread-1] INFO  impl.RaftServerImpl (RaftServerImpl.java:setRole(174)) - 979f9232-9934-46b7-b55e-9df1564cd0b5@group-70A5685058C9: changes role from      null to FOLLOWER at term 0 for startAsFollower
2019-10-01 15:45:33,228 [pool-117-thread-1] INFO  impl.RoleInfo (RoleInfo.java:updateAndGet(143)) - 979f9232-9934-46b7-b55e-9df1564cd0b5: start FollowerState
2019-10-01 15:45:33,229 [pool-117-thread-1] INFO  util.JmxRegister (JmxRegister.java:tryRegister(44)) - Successfully registered JMX Bean with object name Ratis:service=RaftServer,group=group-70A5685058C9,id=979f9232-9934-46b7-b55e-9df1564cd0b5
2019-10-01 15:45:33,238 [RatisPipelineUtilsThread] INFO  pipeline.PipelineStateManager (PipelineStateManager.java:addPipeline(56)) - Created pipeline Pipeline[ Id: 8cef9959-e72e-42ad-9a9e-70a5685058c9, Nodes: 979f9232-9934-46b7-b55e-9df1564cd0b5{ip: 192.168.151.117, host: pr-hdds-2221-4x997-2286248681, networkLocation: /default-rack, certSerialId: null}, Type:RATIS, Factor:ONE, State:OPEN]
2019-10-01 15:45:33,240 [9f82fbf8-4fac-4532-8c36-3e6bef784ba1@group-73645D4077A4:LeaderElection1] INFO  impl.LeaderElection (LeaderElection.java:askForVotes(182)) - 9f82fbf8-4fac-4532-8c36-3e6bef784ba1@group-73645D4077A4:LeaderElection1: begin an election at term 1 for -1: [9f82fbf8-4fac-4532-8c36-3e6bef784ba1:192.168.151.117:38577], old=null
2019-10-01 15:45:33,242 [9f82fbf8-4fac-4532-8c36-3e6bef784ba1@group-73645D4077A4:LeaderElection1] INFO  impl.RoleInfo (RoleInfo.java:shutdownLeaderElection(134)) - 9f82fbf8-4fac-4532-8c36-3e6bef784ba1: shutdown LeaderElection
2019-10-01 15:45:33,244 [9f82fbf8-4fac-4532-8c36-3e6bef784ba1@group-73645D4077A4:LeaderElection1] INFO  impl.RaftServerImpl (RaftServerImpl.java:setRole(174)) - 9f82fbf8-4fac-4532-8c36-3e6bef784ba1@group-73645D4077A4: changes role from CANDIDATE to LEADER at term 1 for changeToLeader
2019-10-01 15:45:33,244 [9f82fbf8-4fac-4532-8c36-3e6bef784ba1@group-73645D4077A4:LeaderElection1] INFO  impl.RaftServerImpl (ServerState.java:setLeader(253)) - 9f82fbf8-4fac-4532-8c36-3e6bef784ba1@group-73645D4077A4: change Leader from null to 9f82fbf8-4fac-4532-8c36-3e6bef784ba1 at term 1 for becomeLeader, leader elected after 1275ms
2019-10-01 15:45:33,252 [grpc-default-executor-0] INFO  impl.RaftServerProxy (RaftServerProxy.java:addNew(89)) - ce462447-f21b-46ca-8863-5bada9d1e9f5: addNew group-0707FC5EFFA5:[ce462447-f21b-46ca-8863-5bada9d1e9f5:192.168.151.117:45778] returns group-0707FC5EFFA5:java.util.concurrent.CompletableFuture@4d087b5[Not completed]
2019-10-01 15:45:33,258 [pool-37-thread-1] INFO  impl.RaftServerImpl (RaftServerImpl.java:<init>(95)) - ce462447-f21b-46ca-8863-5bada9d1e9f5: new RaftServerImpl for group-0707FC5EFFA5:[ce462447-f21b-46ca-8863-5bada9d1e9f5:192.168.151.117:45778] with ContainerStateMachine:uninitialized
2019-10-01 15:45:33,264 [9f82fbf8-4fac-4532-8c36-3e6bef784ba1@group-73645D4077A4:LeaderElection1] INFO  server.RaftServerConfigKeys (ConfUtils.java:logGet(43)) - raft.server.staging.catchup.gap = 1000 (default)
2019-10-01 15:45:33,265 [pool-37-thread-1] INFO  server.RaftServerConfigKeys (ConfUtils.java:logGet(43)) - raft.server.rpc.timeout.min = 1s (custom)
2019-10-01 15:45:33,265 [9f82fbf8-4fac-4532-8c36-3e6bef784ba1@group-73645D4077A4:LeaderElection1] INFO  server.RaftServerConfigKeys (ConfUtils.java:logGet(43)) - raft.server.rpc.sleep.time = 25ms (default)
2019-10-01 15:45:33,265 [pool-37-thread-1] INFO  server.RaftServerConfigKeys (ConfUtils.java:logGet(43)) - raft.server.rpc.timeout.max = 1200ms (custom)
2019-10-01 15:45:33,265 [pool-37-thread-1] INFO  server.RaftServerConfigKeys (ConfUtils.java:logGet(43)) - raft.server.rpcslowness.timeout = 120s (custom)
2019-10-01 15:45:33,265 [pool-37-thread-1] INFO  server.RaftServerConfigKeys (ConfUtils.java:logGet(43)) - raft.server.sleep.deviation.threshold = 300 (default)
2019-10-01 15:45:33,265 [pool-37-thread-1] INFO  server.RaftServerConfigKeys (ConfUtils.java:logGet(43)) - raft.server.log.appender.install.snapshot.enabled = false (custom)
2019-10-01 15:45:33,265 [pool-37-thread-1] INFO  impl.RaftServerImpl (ServerState.java:<init>(103)) - ce462447-f21b-46ca-8863-5bada9d1e9f5@group-0707FC5EFFA5: ConfigurationManager, init=-1: [ce462447-f21b-46ca-8863-5bada9d1e9f5:192.168.151.117:45778], old=null, confs=<EMPTY_MAP>
2019-10-01 15:45:33,265 [pool-37-thread-1] INFO  server.RaftServerConfigKeys (ConfUtils.java:logGet(43)) - raft.server.storage.dir = [/workdir/hadoop-ozone/integration-test/target/test-dir/MiniOzoneClusterImpl-9b1271a8-4299-44cb-bbfb-3eebcf11b219/datanode-1/data/ratis] (custom)
2019-10-01 15:45:33,266 [pool-37-thread-1] INFO  storage.RaftStorageDirectory (RaftStorageDirectory.java:analyzeStorage(246)) - The storage directory /workdir/hadoop-ozone/integration-test/target/test-dir/MiniOzoneClusterImpl-9b1271a8-4299-44cb-bbfb-3eebcf11b219/datanode-1/data/ratis/06279a03-00a7-40ea-a4db-0707fc5effa5 does not exist. Creating ...
2019-10-01 15:45:33,267 [9f82fbf8-4fac-4532-8c36-3e6bef784ba1@group-73645D4077A4:LeaderElection1] INFO  server.RaftServerConfigKeys (ConfUtils.java:logGet(43)) - raft.server.write.element-limit = 4096 (default)
2019-10-01 15:45:33,269 [9f82fbf8-4fac-4532-8c36-3e6bef784ba1@group-73645D4077A4:LeaderElection1] INFO  server.RaftServerConfigKeys (ConfUtils.java:logGet(43)) - raft.server.watch.timeout = 10s (default)
2019-10-01 15:45:33,269 [9f82fbf8-4fac-4532-8c36-3e6bef784ba1@group-73645D4077A4:LeaderElection1] INFO  server.RaftServerConfigKeys (ConfUtils.java:logGet(43)) - raft.server.watch.timeout.denomination = 1s (default)
2019-10-01 15:45:33,270 [9f82fbf8-4fac-4532-8c36-3e6bef784ba1@group-73645D4077A4:LeaderElection1] INFO  server.RaftServerConfigKeys (ConfUtils.java:logGet(43)) - raft.server.watch.element-limit = 65536 (default)
2019-10-01 15:45:33,280 [pool-37-thread-1] INFO  storage.RaftStorageDirectory (RaftStorageDirectory.java:tryLock(328)) - Lock on /workdir/hadoop-ozone/integration-test/target/test-dir/MiniOzoneClusterImpl-9b1271a8-4299-44cb-bbfb-3eebcf11b219/datanode-1/data/ratis/06279a03-00a7-40ea-a4db-0707fc5effa5/in_use.lock acquired by nodename 12253@pr-hdds-2221-4x997-2286248681
2019-10-01 15:45:33,280 [9f82fbf8-4fac-4532-8c36-3e6bef784ba1@group-73645D4077A4:LeaderElection1] INFO  impl.RoleInfo (RoleInfo.java:updateAndGet(143)) - 9f82fbf8-4fac-4532-8c36-3e6bef784ba1: start LeaderState
2019-10-01 15:45:33,293 [pool-37-thread-1] INFO  storage.RaftStorage (RaftStorage.java:format(72)) - Storage directory /workdir/hadoop-ozone/integration-test/target/test-dir/MiniOzoneClusterImpl-9b1271a8-4299-44cb-bbfb-3eebcf11b219/datanode-1/data/ratis/06279a03-00a7-40ea-a4db-0707fc5effa5 has been successfully formatted.
2019-10-01 15:45:33,293 [pool-37-thread-1] INFO  ratis.ContainerStateMachine (ContainerStateMachine.java:loadSnapshot(230)) - group-0707FC5EFFA5: The snapshot info is null. Setting the last applied indexto:(t:0, i:~)
2019-10-01 15:45:33,293 [pool-37-thread-1] INFO  server.RaftServerConfigKeys (ConfUtils.java:logGet(43)) - raft.server.notification.no-leader.timeout = 120s (custom)
2019-10-01 15:45:33,294 [pool-37-thread-1] INFO  server.RaftServerConfigKeys (ConfUtils.java:logGet(43)) - raft.server.log.use.memory = false (default)
2019-10-01 15:45:33,294 [pool-37-thread-1] INFO  server.RaftServerConfigKeys (ConfUtils.java:logGet(43)) - raft.server.log.purge.gap = 1000000 (custom)
2019-10-01 15:45:33,294 [pool-37-thread-1] INFO  server.RaftServerConfigKeys (ConfUtils.java:logGet(43)) - raft.server.log.appender.buffer.byte-limit = 33554432 (custom)
2019-10-01 15:45:33,294 [pool-37-thread-1] INFO  server.RaftServerConfigKeys (ConfUtils.java:logGet(43)) - raft.server.log.segment.size.max = 1048576 (custom)
2019-10-01 15:45:33,294 [pool-37-thread-1] INFO  server.RaftServerConfigKeys (ConfUtils.java:logGet(43)) - raft.server.log.segment.cache.num.max = 2 (custom)
2019-10-01 15:45:33,294 [pool-37-thread-1] INFO  segmented.SegmentedRaftLogWorker (SegmentedRaftLogWorker.java:<init>(172)) - new ce462447-f21b-46ca-8863-5bada9d1e9f5@group-0707FC5EFFA5-SegmentedRaftLogWorker for RaftStorage:Storage Directory /workdir/hadoop-ozone/integration-test/target/test-dir/MiniOzoneClusterImpl-9b1271a8-4299-44cb-bbfb-3eebcf11b219/datanode-1/data/ratis/06279a03-00a7-40ea-a4db-0707fc5effa5
2019-10-01 15:45:33,300 [pool-37-thread-1] INFO  server.RaftServerConfigKeys (ConfUtils.java:logGet(43)) - raft.server.log.queue.byte-limit = 2147483647 (custom)
2019-10-01 15:45:33,300 [pool-37-thread-1] INFO  server.RaftServerConfigKeys (ConfUtils.java:logGet(43)) - raft.server.log.queue.element-limit = 1024 (custom)
2019-10-01 15:45:33,300 [pool-37-thread-1] INFO  server.RaftServerConfigKeys (ConfUtils.java:logGet(43)) - raft.server.log.segment.size.max = 1048576 (custom)
2019-10-01 15:45:33,301 [pool-37-thread-1] INFO  server.RaftServerConfigKeys (ConfUtils.java:logGet(43)) - raft.server.log.preallocated.size = 16384 (custom)
2019-10-01 15:45:33,301 [pool-37-thread-1] INFO  server.RaftServerConfigKeys (ConfUtils.java:logGet(43)) - raft.server.log.write.buffer.size = 33554432 (custom)
2019-10-01 15:45:33,301 [pool-37-thread-1] INFO  server.RaftServerConfigKeys (ConfUtils.java:logGet(43)) - raft.server.log.force.sync.num = 128 (default)
2019-10-01 15:45:33,301 [pool-37-thread-1] INFO  server.RaftServerConfigKeys (ConfUtils.java:logGet(43)) - raft.server.log.statemachine.data.sync = true (default)
2019-10-01 15:45:33,301 [9f82fbf8-4fac-4532-8c36-3e6bef784ba1@group-73645D4077A4:LeaderElection1] INFO  segmented.SegmentedRaftLogWorker (SegmentedRaftLogWorker.java:startLogSegment(380)) - 9f82fbf8-4fac-4532-8c36-3e6bef784ba1@group-73645D4077A4-SegmentedRaftLogWorker: Starting segment from index:0
2019-10-01 15:45:33,301 [pool-37-thread-1] INFO  server.RaftServerConfigKeys (ConfUtils.java:logGet(43)) - raft.server.log.statemachine.data.sync.timeout = 10s (default)
2019-10-01 15:45:33,301 [pool-37-thread-1] INFO  server.RaftServerConfigKeys (ConfUtils.java:logGet(43)) - raft.server.log.statemachine.data.sync.timeout.retry = -1 (default)
2019-10-01 15:45:33,301 [pool-37-thread-1] INFO  server.RaftServerConfigKeys (ConfUtils.java:logGet(43)) - raft.server.log.statemachine.data.caching.enabled = true (custom)
2019-10-01 15:45:33,302 [pool-37-thread-1] INFO  segmented.SegmentedRaftLogWorker (SegmentedRaftLogWorker.java:lambda$new$0(132)) - ce462447-f21b-46ca-8863-5bada9d1e9f5@group-0707FC5EFFA5-SegmentedRaftLogWorker: flushIndex: setUnconditionally 0 -> -1
2019-10-01 15:45:33,302 [pool-37-thread-1] INFO  server.RaftServerConfigKeys (ConfUtils.java:logGet(43)) - raft.server.snapshot.auto.trigger.enabled = true (custom)
2019-10-01 15:45:33,302 [pool-37-thread-1] INFO  server.RaftServerConfigKeys (ConfUtils.java:logGet(43)) - raft.server.snapshot.auto.trigger.threshold = 10000 (custom)
2019-10-01 15:45:33,302 [pool-37-thread-1] INFO  server.RaftServerConfigKeys (ConfUtils.java:logGet(43)) - raft.server.snapshot.retention.num.files = 5 (custom)
2019-10-01 15:45:33,302 [pool-37-thread-1] INFO  server.RaftServerConfigKeys (ConfUtils.java:logGet(43)) - raft.server.retrycache.expirytime = 600000ms (custom)
2019-10-01 15:45:33,304 [pool-37-thread-1] INFO  impl.RaftServerImpl (RaftServerImpl.java:start(185)) - ce462447-f21b-46ca-8863-5bada9d1e9f5@group-0707FC5EFFA5: start as a follower, conf=-1: [ce462447-f21b-46ca-8863-5bada9d1e9f5:192.168.151.117:45778], old=null
2019-10-01 15:45:33,304 [pool-37-thread-1] INFO  impl.RaftServerImpl (RaftServerImpl.java:setRole(174)) - ce462447-f21b-46ca-8863-5bada9d1e9f5@group-0707FC5EFFA5: changes role from      null to FOLLOWER at term 0 for startAsFollower
2019-10-01 15:45:33,304 [pool-37-thread-1] INFO  impl.RoleInfo (RoleInfo.java:updateAndGet(143)) - ce462447-f21b-46ca-8863-5bada9d1e9f5: start FollowerState
2019-10-01 15:45:33,304 [pool-37-thread-1] INFO  util.JmxRegister (JmxRegister.java:tryRegister(44)) - Successfully registered JMX Bean with object name Ratis:service=RaftServer,group=group-0707FC5EFFA5,id=ce462447-f21b-46ca-8863-5bada9d1e9f5
2019-10-01 15:45:33,314 [RatisPipelineUtilsThread] INFO  pipeline.PipelineStateManager (PipelineStateManager.java:addPipeline(56)) - Created pipeline Pipeline[ Id: 06279a03-00a7-40ea-a4db-0707fc5effa5, Nodes: ce462447-f21b-46ca-8863-5bada9d1e9f5{ip: 192.168.151.117, host: pr-hdds-2221-4x997-2286248681, networkLocation: /default-rack, certSerialId: null}, Type:RATIS, Factor:ONE, State:OPEN]
2019-10-01 15:45:33,316 [9f82fbf8-4fac-4532-8c36-3e6bef784ba1@group-73645D4077A4:LeaderElection1] INFO  impl.RaftServerImpl (ServerState.java:setRaftConf(354)) - 9f82fbf8-4fac-4532-8c36-3e6bef784ba1@group-73645D4077A4: set configuration 0: [9f82fbf8-4fac-4532-8c36-3e6bef784ba1:192.168.151.117:38577], old=null at 0
2019-10-01 15:45:33,337 [grpc-default-executor-0] INFO  impl.RaftServerProxy (RaftServerProxy.java:addNew(89)) - bc3c733b-0533-4d21-827b-c65d8594f34d: addNew group-43B2BA5F17E1:[bc3c733b-0533-4d21-827b-c65d8594f34d:192.168.151.117:40351] returns group-43B2BA5F17E1:java.util.concurrent.CompletableFuture@728285f3[Not completed]
2019-10-01 15:45:33,339 [pool-67-thread-1] INFO  impl.RaftServerImpl (RaftServerImpl.java:<init>(95)) - bc3c733b-0533-4d21-827b-c65d8594f34d: new RaftServerImpl for group-43B2BA5F17E1:[bc3c733b-0533-4d21-827b-c65d8594f34d:192.168.151.117:40351] with ContainerStateMachine:uninitialized
2019-10-01 15:45:33,340 [pool-67-thread-1] INFO  server.RaftServerConfigKeys (ConfUtils.java:logGet(43)) - raft.server.rpc.timeout.min = 1s (custom)
2019-10-01 15:45:33,340 [pool-67-thread-1] INFO  server.RaftServerConfigKeys (ConfUtils.java:logGet(43)) - raft.server.rpc.timeout.max = 1200ms (custom)
2019-10-01 15:45:33,340 [pool-67-thread-1] INFO  server.RaftServerConfigKeys (ConfUtils.java:logGet(43)) - raft.server.rpcslowness.timeout = 120s (custom)
2019-10-01 15:45:33,340 [pool-67-thread-1] INFO  server.RaftServerConfigKeys (ConfUtils.java:logGet(43)) - raft.server.sleep.deviation.threshold = 300 (default)
2019-10-01 15:45:33,340 [pool-67-thread-1] INFO  server.RaftServerConfigKeys (ConfUtils.java:logGet(43)) - raft.server.log.appender.install.snapshot.enabled = false (custom)
2019-10-01 15:45:33,340 [pool-67-thread-1] INFO  impl.RaftServerImpl (ServerState.java:<init>(103)) - bc3c733b-0533-4d21-827b-c65d8594f34d@group-43B2BA5F17E1: ConfigurationManager, init=-1: [bc3c733b-0533-4d21-827b-c65d8594f34d:192.168.151.117:40351], old=null, confs=<EMPTY_MAP>
2019-10-01 15:45:33,342 [pool-67-thread-1] INFO  server.RaftServerConfigKeys (ConfUtils.java:logGet(43)) - raft.server.storage.dir = [/workdir/hadoop-ozone/integration-test/target/test-dir/MiniOzoneClusterImpl-9b1271a8-4299-44cb-bbfb-3eebcf11b219/datanode-4/data/ratis] (custom)
2019-10-01 15:45:33,342 [pool-67-thread-1] INFO  storage.RaftStorageDirectory (RaftStorageDirectory.java:analyzeStorage(246)) - The storage directory /workdir/hadoop-ozone/integration-test/target/test-dir/MiniOzoneClusterImpl-9b1271a8-4299-44cb-bbfb-3eebcf11b219/datanode-4/data/ratis/a85f55d9-a209-48c6-8d1c-43b2ba5f17e1 does not exist. Creating ...
2019-10-01 15:45:33,371 [pool-67-thread-1] INFO  storage.RaftStorageDirectory (RaftStorageDirectory.java:tryLock(328)) - Lock on /workdir/hadoop-ozone/integration-test/target/test-dir/MiniOzoneClusterImpl-9b1271a8-4299-44cb-bbfb-3eebcf11b219/datanode-4/data/ratis/a85f55d9-a209-48c6-8d1c-43b2ba5f17e1/in_use.lock acquired by nodename 12253@pr-hdds-2221-4x997-2286248681
2019-10-01 15:45:33,374 [Thread-288] INFO  impl.FollowerState (FollowerState.java:run(106)) - 5645e86d-f871-44bb-8607-ce62943605c0:group-120AF86B047F changes to CANDIDATE, lastRpcTime:1020, electionTimeout:1018ms
2019-10-01 15:45:33,379 [Thread-288] INFO  impl.RoleInfo (RoleInfo.java:shutdownFollowerState(121)) - 5645e86d-f871-44bb-8607-ce62943605c0: shutdown FollowerState
2019-10-01 15:45:33,379 [Thread-288] INFO  impl.RaftServerImpl (RaftServerImpl.java:setRole(174)) - 5645e86d-f871-44bb-8607-ce62943605c0@group-120AF86B047F: changes role from  FOLLOWER to CANDIDATE at term 0 for changeToCandidate
2019-10-01 15:45:33,379 [Thread-288] INFO  impl.RoleInfo (RoleInfo.java:updateAndGet(143)) - 5645e86d-f871-44bb-8607-ce62943605c0: start LeaderElection
2019-10-01 15:45:33,390 [pool-67-thread-1] INFO  storage.RaftStorage (RaftStorage.java:format(72)) - Storage directory /workdir/hadoop-ozone/integration-test/target/test-dir/MiniOzoneClusterImpl-9b1271a8-4299-44cb-bbfb-3eebcf11b219/datanode-4/data/ratis/a85f55d9-a209-48c6-8d1c-43b2ba5f17e1 has been successfully formatted.
2019-10-01 15:45:33,391 [pool-67-thread-1] INFO  ratis.ContainerStateMachine (ContainerStateMachine.java:loadSnapshot(230)) - group-43B2BA5F17E1: The snapshot info is null. Setting the last applied indexto:(t:0, i:~)
2019-10-01 15:45:33,391 [pool-67-thread-1] INFO  server.RaftServerConfigKeys (ConfUtils.java:logGet(43)) - raft.server.notification.no-leader.timeout = 120s (custom)
2019-10-01 15:45:33,391 [pool-67-thread-1] INFO  server.RaftServerConfigKeys (ConfUtils.java:logGet(43)) - raft.server.log.use.memory = false (default)
2019-10-01 15:45:33,391 [pool-67-thread-1] INFO  server.RaftServerConfigKeys (ConfUtils.java:logGet(43)) - raft.server.log.purge.gap = 1000000 (custom)
2019-10-01 15:45:33,391 [pool-67-thread-1] INFO  server.RaftServerConfigKeys (ConfUtils.java:logGet(43)) - raft.server.log.appender.buffer.byte-limit = 33554432 (custom)
2019-10-01 15:45:33,391 [pool-67-thread-1] INFO  server.RaftServerConfigKeys (ConfUtils.java:logGet(43)) - raft.server.log.segment.size.max = 1048576 (custom)
2019-10-01 15:45:33,391 [pool-67-thread-1] INFO  server.RaftServerConfigKeys (ConfUtils.java:logGet(43)) - raft.server.log.segment.cache.num.max = 2 (custom)
2019-10-01 15:45:33,392 [pool-67-thread-1] INFO  segmented.SegmentedRaftLogWorker (SegmentedRaftLogWorker.java:<init>(172)) - new bc3c733b-0533-4d21-827b-c65d8594f34d@group-43B2BA5F17E1-SegmentedRaftLogWorker for RaftStorage:Storage Directory /workdir/hadoop-ozone/integration-test/target/test-dir/MiniOzoneClusterImpl-9b1271a8-4299-44cb-bbfb-3eebcf11b219/datanode-4/data/ratis/a85f55d9-a209-48c6-8d1c-43b2ba5f17e1
2019-10-01 15:45:33,394 [pool-67-thread-1] INFO  server.RaftServerConfigKeys (ConfUtils.java:logGet(43)) - raft.server.log.queue.byte-limit = 2147483647 (custom)
2019-10-01 15:45:33,394 [pool-67-thread-1] INFO  server.RaftServerConfigKeys (ConfUtils.java:logGet(43)) - raft.server.log.queue.element-limit = 1024 (custom)
2019-10-01 15:45:33,394 [pool-67-thread-1] INFO  server.RaftServerConfigKeys (ConfUtils.java:logGet(43)) - raft.server.log.segment.size.max = 1048576 (custom)
2019-10-01 15:45:33,394 [pool-67-thread-1] INFO  server.RaftServerConfigKeys (ConfUtils.java:logGet(43)) - raft.server.log.preallocated.size = 16384 (custom)
2019-10-01 15:45:33,394 [pool-67-thread-1] INFO  server.RaftServerConfigKeys (ConfUtils.java:logGet(43)) - raft.server.log.write.buffer.size = 33554432 (custom)
2019-10-01 15:45:33,394 [pool-67-thread-1] INFO  server.RaftServerConfigKeys (ConfUtils.java:logGet(43)) - raft.server.log.force.sync.num = 128 (default)
2019-10-01 15:45:33,394 [pool-67-thread-1] INFO  server.RaftServerConfigKeys (ConfUtils.java:logGet(43)) - raft.server.log.statemachine.data.sync = true (default)
2019-10-01 15:45:33,394 [pool-67-thread-1] INFO  server.RaftServerConfigKeys (ConfUtils.java:logGet(43)) - raft.server.log.statemachine.data.sync.timeout = 10s (default)
2019-10-01 15:45:33,395 [pool-67-thread-1] INFO  server.RaftServerConfigKeys (ConfUtils.java:logGet(43)) - raft.server.log.statemachine.data.sync.timeout.retry = -1 (default)
2019-10-01 15:45:33,397 [pool-67-thread-1] INFO  server.RaftServerConfigKeys (ConfUtils.java:logGet(43)) - raft.server.log.statemachine.data.caching.enabled = true (custom)
2019-10-01 15:45:33,398 [pool-67-thread-1] INFO  segmented.SegmentedRaftLogWorker (SegmentedRaftLogWorker.java:lambda$new$0(132)) - bc3c733b-0533-4d21-827b-c65d8594f34d@group-43B2BA5F17E1-SegmentedRaftLogWorker: flushIndex: setUnconditionally 0 -> -1
2019-10-01 15:45:33,398 [pool-67-thread-1] INFO  server.RaftServerConfigKeys (ConfUtils.java:logGet(43)) - raft.server.snapshot.auto.trigger.enabled = true (custom)
2019-10-01 15:45:33,398 [pool-67-thread-1] INFO  server.RaftServerConfigKeys (ConfUtils.java:logGet(43)) - raft.server.snapshot.auto.trigger.threshold = 10000 (custom)
2019-10-01 15:45:33,398 [pool-67-thread-1] INFO  server.RaftServerConfigKeys (ConfUtils.java:logGet(43)) - raft.server.snapshot.retention.num.files = 5 (custom)
2019-10-01 15:45:33,398 [pool-67-thread-1] INFO  server.RaftServerConfigKeys (ConfUtils.java:logGet(43)) - raft.server.retrycache.expirytime = 600000ms (custom)
2019-10-01 15:45:33,400 [pool-67-thread-1] INFO  impl.RaftServerImpl (RaftServerImpl.java:start(185)) - bc3c733b-0533-4d21-827b-c65d8594f34d@group-43B2BA5F17E1: start as a follower, conf=-1: [bc3c733b-0533-4d21-827b-c65d8594f34d:192.168.151.117:40351], old=null
2019-10-01 15:45:33,400 [pool-67-thread-1] INFO  impl.RaftServerImpl (RaftServerImpl.java:setRole(174)) - bc3c733b-0533-4d21-827b-c65d8594f34d@group-43B2BA5F17E1: changes role from      null to FOLLOWER at term 0 for startAsFollower
2019-10-01 15:45:33,401 [pool-67-thread-1] INFO  impl.RoleInfo (RoleInfo.java:updateAndGet(143)) - bc3c733b-0533-4d21-827b-c65d8594f34d: start FollowerState
2019-10-01 15:45:33,401 [pool-67-thread-1] INFO  util.JmxRegister (JmxRegister.java:tryRegister(44)) - Successfully registered JMX Bean with object name Ratis:service=RaftServer,group=group-43B2BA5F17E1,id=bc3c733b-0533-4d21-827b-c65d8594f34d
2019-10-01 15:45:33,406 [5645e86d-f871-44bb-8607-ce62943605c0@group-120AF86B047F:LeaderElection2] INFO  impl.LeaderElection (LeaderElection.java:askForVotes(182)) - 5645e86d-f871-44bb-8607-ce62943605c0@group-120AF86B047F:LeaderElection2: begin an election at term 1 for -1: [5645e86d-f871-44bb-8607-ce62943605c0:192.168.151.117:45277], old=null
2019-10-01 15:45:33,410 [5645e86d-f871-44bb-8607-ce62943605c0@group-120AF86B047F:LeaderElection2] INFO  impl.RoleInfo (RoleInfo.java:shutdownLeaderElection(134)) - 5645e86d-f871-44bb-8607-ce62943605c0: shutdown LeaderElection
2019-10-01 15:45:33,410 [5645e86d-f871-44bb-8607-ce62943605c0@group-120AF86B047F:LeaderElection2] INFO  impl.RaftServerImpl (RaftServerImpl.java:setRole(174)) - 5645e86d-f871-44bb-8607-ce62943605c0@group-120AF86B047F: changes role from CANDIDATE to LEADER at term 1 for changeToLeader
2019-10-01 15:45:33,411 [5645e86d-f871-44bb-8607-ce62943605c0@group-120AF86B047F:LeaderElection2] INFO  impl.RaftServerImpl (ServerState.java:setLeader(253)) - 5645e86d-f871-44bb-8607-ce62943605c0@group-120AF86B047F: change Leader from null to 5645e86d-f871-44bb-8607-ce62943605c0 at term 1 for becomeLeader, leader elected after 1070ms
2019-10-01 15:45:33,411 [5645e86d-f871-44bb-8607-ce62943605c0@group-120AF86B047F:LeaderElection2] INFO  server.RaftServerConfigKeys (ConfUtils.java:logGet(43)) - raft.server.staging.catchup.gap = 1000 (default)
2019-10-01 15:45:33,411 [5645e86d-f871-44bb-8607-ce62943605c0@group-120AF86B047F:LeaderElection2] INFO  server.RaftServerConfigKeys (ConfUtils.java:logGet(43)) - raft.server.rpc.sleep.time = 25ms (default)
2019-10-01 15:45:33,413 [5645e86d-f871-44bb-8607-ce62943605c0@group-120AF86B047F:LeaderElection2] INFO  server.RaftServerConfigKeys (ConfUtils.java:logGet(43)) - raft.server.write.element-limit = 4096 (default)
2019-10-01 15:45:33,413 [5645e86d-f871-44bb-8607-ce62943605c0@group-120AF86B047F:LeaderElection2] INFO  server.RaftServerConfigKeys (ConfUtils.java:logGet(43)) - raft.server.watch.timeout = 10s (default)
2019-10-01 15:45:33,416 [5645e86d-f871-44bb-8607-ce62943605c0@group-120AF86B047F:LeaderElection2] INFO  server.RaftServerConfigKeys (ConfUtils.java:logGet(43)) - raft.server.watch.timeout.denomination = 1s (default)
2019-10-01 15:45:33,416 [5645e86d-f871-44bb-8607-ce62943605c0@group-120AF86B047F:LeaderElection2] INFO  server.RaftServerConfigKeys (ConfUtils.java:logGet(43)) - raft.server.watch.element-limit = 65536 (default)
2019-10-01 15:45:33,416 [RatisPipelineUtilsThread] INFO  pipeline.PipelineStateManager (PipelineStateManager.java:addPipeline(56)) - Created pipeline Pipeline[ Id: a85f55d9-a209-48c6-8d1c-43b2ba5f17e1, Nodes: bc3c733b-0533-4d21-827b-c65d8594f34d{ip: 192.168.151.117, host: pr-hdds-2221-4x997-2286248681, networkLocation: /default-rack, certSerialId: null}, Type:RATIS, Factor:ONE, State:OPEN]
2019-10-01 15:45:33,421 [5645e86d-f871-44bb-8607-ce62943605c0@group-120AF86B047F:LeaderElection2] INFO  impl.RoleInfo (RoleInfo.java:updateAndGet(143)) - 5645e86d-f871-44bb-8607-ce62943605c0: start LeaderState
2019-10-01 15:45:33,421 [5645e86d-f871-44bb-8607-ce62943605c0@group-120AF86B047F:LeaderElection2] INFO  segmented.SegmentedRaftLogWorker (SegmentedRaftLogWorker.java:startLogSegment(380)) - 5645e86d-f871-44bb-8607-ce62943605c0@group-120AF86B047F-SegmentedRaftLogWorker: Starting segment from index:0
2019-10-01 15:45:33,421 [5645e86d-f871-44bb-8607-ce62943605c0@group-120AF86B047F:LeaderElection2] INFO  impl.RaftServerImpl (ServerState.java:setRaftConf(354)) - 5645e86d-f871-44bb-8607-ce62943605c0@group-120AF86B047F: set configuration 0: [5645e86d-f871-44bb-8607-ce62943605c0:192.168.151.117:45277], old=null at 0
2019-10-01 15:45:33,453 [grpc-default-executor-2] INFO  impl.RaftServerProxy (RaftServerProxy.java:addNew(89)) - 5645e86d-f871-44bb-8607-ce62943605c0: addNew group-16BC6866FE65:[5645e86d-f871-44bb-8607-ce62943605c0:192.168.151.117:45277, 17687ae8-18db-4cee-85ef-ee5e0f3bebbe:192.168.151.117:44984, 9f82fbf8-4fac-4532-8c36-3e6bef784ba1:192.168.151.117:38577] returns group-16BC6866FE65:java.util.concurrent.CompletableFuture@1a78bade[Not completed]
2019-10-01 15:45:33,454 [grpc-default-executor-1] INFO  impl.RaftServerProxy (RaftServerProxy.java:addNew(89)) - 17687ae8-18db-4cee-85ef-ee5e0f3bebbe: addNew group-16BC6866FE65:[5645e86d-f871-44bb-8607-ce62943605c0:192.168.151.117:45277, 17687ae8-18db-4cee-85ef-ee5e0f3bebbe:192.168.151.117:44984, 9f82fbf8-4fac-4532-8c36-3e6bef784ba1:192.168.151.117:38577] returns group-16BC6866FE65:java.util.concurrent.CompletableFuture@445ee614[Not completed]
2019-10-01 15:45:33,455 [grpc-default-executor-0] INFO  impl.RaftServerProxy (RaftServerProxy.java:addNew(89)) - 9f82fbf8-4fac-4532-8c36-3e6bef784ba1: addNew group-16BC6866FE65:[5645e86d-f871-44bb-8607-ce62943605c0:192.168.151.117:45277, 17687ae8-18db-4cee-85ef-ee5e0f3bebbe:192.168.151.117:44984, 9f82fbf8-4fac-4532-8c36-3e6bef784ba1:192.168.151.117:38577] returns group-16BC6866FE65:java.util.concurrent.CompletableFuture@222f18c7[Not completed]
2019-10-01 15:45:33,455 [pool-77-thread-1] INFO  impl.RaftServerImpl (RaftServerImpl.java:<init>(95)) - 5645e86d-f871-44bb-8607-ce62943605c0: new RaftServerImpl for group-16BC6866FE65:[5645e86d-f871-44bb-8607-ce62943605c0:192.168.151.117:45277, 17687ae8-18db-4cee-85ef-ee5e0f3bebbe:192.168.151.117:44984, 9f82fbf8-4fac-4532-8c36-3e6bef784ba1:192.168.151.117:38577] with ContainerStateMachine:uninitialized
2019-10-01 15:45:33,456 [pool-77-thread-1] INFO  server.RaftServerConfigKeys (ConfUtils.java:logGet(43)) - raft.server.rpc.timeout.min = 1s (custom)
2019-10-01 15:45:33,456 [pool-77-thread-1] INFO  server.RaftServerConfigKeys (ConfUtils.java:logGet(43)) - raft.server.rpc.timeout.max = 1200ms (custom)
2019-10-01 15:45:33,456 [pool-77-thread-1] INFO  server.RaftServerConfigKeys (ConfUtils.java:logGet(43)) - raft.server.rpcslowness.timeout = 120s (custom)
2019-10-01 15:45:33,456 [pool-77-thread-1] INFO  server.RaftServerConfigKeys (ConfUtils.java:logGet(43)) - raft.server.sleep.deviation.threshold = 300 (default)
2019-10-01 15:45:33,456 [pool-77-thread-1] INFO  server.RaftServerConfigKeys (ConfUtils.java:logGet(43)) - raft.server.log.appender.install.snapshot.enabled = false (custom)
2019-10-01 15:45:33,456 [pool-77-thread-1] INFO  impl.RaftServerImpl (ServerState.java:<init>(103)) - 5645e86d-f871-44bb-8607-ce62943605c0@group-16BC6866FE65: ConfigurationManager, init=-1: [5645e86d-f871-44bb-8607-ce62943605c0:192.168.151.117:45277, 17687ae8-18db-4cee-85ef-ee5e0f3bebbe:192.168.151.117:44984, 9f82fbf8-4fac-4532-8c36-3e6bef784ba1:192.168.151.117:38577], old=null, confs=<EMPTY_MAP>
2019-10-01 15:45:33,456 [pool-77-thread-1] INFO  server.RaftServerConfigKeys (ConfUtils.java:logGet(43)) - raft.server.storage.dir = [/workdir/hadoop-ozone/integration-test/target/test-dir/MiniOzoneClusterImpl-9b1271a8-4299-44cb-bbfb-3eebcf11b219/datanode-5/data/ratis] (custom)
2019-10-01 15:45:33,456 [pool-27-thread-1] INFO  impl.RaftServerImpl (RaftServerImpl.java:<init>(95)) - 9f82fbf8-4fac-4532-8c36-3e6bef784ba1: new RaftServerImpl for group-16BC6866FE65:[5645e86d-f871-44bb-8607-ce62943605c0:192.168.151.117:45277, 17687ae8-18db-4cee-85ef-ee5e0f3bebbe:192.168.151.117:44984, 9f82fbf8-4fac-4532-8c36-3e6bef784ba1:192.168.151.117:38577] with ContainerStateMachine:uninitialized
2019-10-01 15:45:33,457 [pool-27-thread-1] INFO  server.RaftServerConfigKeys (ConfUtils.java:logGet(43)) - raft.server.rpc.timeout.min = 1s (custom)
2019-10-01 15:45:33,457 [pool-77-thread-1] INFO  storage.RaftStorageDirectory (RaftStorageDirectory.java:analyzeStorage(246)) - The storage directory /workdir/hadoop-ozone/integration-test/target/test-dir/MiniOzoneClusterImpl-9b1271a8-4299-44cb-bbfb-3eebcf11b219/datanode-5/data/ratis/d7aef175-6e8b-4a87-a1e4-16bc6866fe65 does not exist. Creating ...
2019-10-01 15:45:33,457 [pool-27-thread-1] INFO  server.RaftServerConfigKeys (ConfUtils.java:logGet(43)) - raft.server.rpc.timeout.max = 1200ms (custom)
2019-10-01 15:45:33,457 [pool-27-thread-1] INFO  server.RaftServerConfigKeys (ConfUtils.java:logGet(43)) - raft.server.rpcslowness.timeout = 120s (custom)
2019-10-01 15:45:33,457 [pool-27-thread-1] INFO  server.RaftServerConfigKeys (ConfUtils.java:logGet(43)) - raft.server.sleep.deviation.threshold = 300 (default)
2019-10-01 15:45:33,457 [pool-97-thread-1] INFO  impl.RaftServerImpl (RaftServerImpl.java:<init>(95)) - 17687ae8-18db-4cee-85ef-ee5e0f3bebbe: new RaftServerImpl for group-16BC6866FE65:[5645e86d-f871-44bb-8607-ce62943605c0:192.168.151.117:45277, 17687ae8-18db-4cee-85ef-ee5e0f3bebbe:192.168.151.117:44984, 9f82fbf8-4fac-4532-8c36-3e6bef784ba1:192.168.151.117:38577] with ContainerStateMachine:uninitialized
2019-10-01 15:45:33,457 [pool-27-thread-1] INFO  server.RaftServerConfigKeys (ConfUtils.java:logGet(43)) - raft.server.log.appender.install.snapshot.enabled = false (custom)
2019-10-01 15:45:33,457 [pool-97-thread-1] INFO  server.RaftServerConfigKeys (ConfUtils.java:logGet(43)) - raft.server.rpc.timeout.min = 1s (custom)
2019-10-01 15:45:33,458 [pool-27-thread-1] INFO  impl.RaftServerImpl (ServerState.java:<init>(103)) - 9f82fbf8-4fac-4532-8c36-3e6bef784ba1@group-16BC6866FE65: ConfigurationManager, init=-1: [5645e86d-f871-44bb-8607-ce62943605c0:192.168.151.117:45277, 17687ae8-18db-4cee-85ef-ee5e0f3bebbe:192.168.151.117:44984, 9f82fbf8-4fac-4532-8c36-3e6bef784ba1:192.168.151.117:38577], old=null, confs=<EMPTY_MAP>
2019-10-01 15:45:33,458 [pool-97-thread-1] INFO  server.RaftServerConfigKeys (ConfUtils.java:logGet(43)) - raft.server.rpc.timeout.max = 1200ms (custom)
2019-10-01 15:45:33,458 [pool-97-thread-1] INFO  server.RaftServerConfigKeys (ConfUtils.java:logGet(43)) - raft.server.rpcslowness.timeout = 120s (custom)
2019-10-01 15:45:33,458 [pool-27-thread-1] INFO  server.RaftServerConfigKeys (ConfUtils.java:logGet(43)) - raft.server.storage.dir = [/workdir/hadoop-ozone/integration-test/target/test-dir/MiniOzoneClusterImpl-9b1271a8-4299-44cb-bbfb-3eebcf11b219/datanode-0/data/ratis] (custom)
2019-10-01 15:45:33,458 [pool-97-thread-1] INFO  server.RaftServerConfigKeys (ConfUtils.java:logGet(43)) - raft.server.sleep.deviation.threshold = 300 (default)
2019-10-01 15:45:33,458 [pool-97-thread-1] INFO  server.RaftServerConfigKeys (ConfUtils.java:logGet(43)) - raft.server.log.appender.install.snapshot.enabled = false (custom)
2019-10-01 15:45:33,458 [pool-97-thread-1] INFO  impl.RaftServerImpl (ServerState.java:<init>(103)) - 17687ae8-18db-4cee-85ef-ee5e0f3bebbe@group-16BC6866FE65: ConfigurationManager, init=-1: [5645e86d-f871-44bb-8607-ce62943605c0:192.168.151.117:45277, 17687ae8-18db-4cee-85ef-ee5e0f3bebbe:192.168.151.117:44984, 9f82fbf8-4fac-4532-8c36-3e6bef784ba1:192.168.151.117:38577], old=null, confs=<EMPTY_MAP>
2019-10-01 15:45:33,458 [pool-27-thread-1] INFO  storage.RaftStorageDirectory (RaftStorageDirectory.java:analyzeStorage(246)) - The storage directory /workdir/hadoop-ozone/integration-test/target/test-dir/MiniOzoneClusterImpl-9b1271a8-4299-44cb-bbfb-3eebcf11b219/datanode-0/data/ratis/d7aef175-6e8b-4a87-a1e4-16bc6866fe65 does not exist. Creating ...
2019-10-01 15:45:33,458 [pool-97-thread-1] INFO  server.RaftServerConfigKeys (ConfUtils.java:logGet(43)) - raft.server.storage.dir = [/workdir/hadoop-ozone/integration-test/target/test-dir/MiniOzoneClusterImpl-9b1271a8-4299-44cb-bbfb-3eebcf11b219/datanode-7/data/ratis] (custom)
2019-10-01 15:45:33,459 [pool-97-thread-1] INFO  storage.RaftStorageDirectory (RaftStorageDirectory.java:analyzeStorage(246)) - The storage directory /workdir/hadoop-ozone/integration-test/target/test-dir/MiniOzoneClusterImpl-9b1271a8-4299-44cb-bbfb-3eebcf11b219/datanode-7/data/ratis/d7aef175-6e8b-4a87-a1e4-16bc6866fe65 does not exist. Creating ...
2019-10-01 15:45:33,486 [pool-77-thread-1] INFO  storage.RaftStorageDirectory (RaftStorageDirectory.java:tryLock(328)) - Lock on /workdir/hadoop-ozone/integration-test/target/test-dir/MiniOzoneClusterImpl-9b1271a8-4299-44cb-bbfb-3eebcf11b219/datanode-5/data/ratis/d7aef175-6e8b-4a87-a1e4-16bc6866fe65/in_use.lock acquired by nodename 12253@pr-hdds-2221-4x997-2286248681
2019-10-01 15:45:33,486 [pool-27-thread-1] INFO  storage.RaftStorageDirectory (RaftStorageDirectory.java:tryLock(328)) - Lock on /workdir/hadoop-ozone/integration-test/target/test-dir/MiniOzoneClusterImpl-9b1271a8-4299-44cb-bbfb-3eebcf11b219/datanode-0/data/ratis/d7aef175-6e8b-4a87-a1e4-16bc6866fe65/in_use.lock acquired by nodename 12253@pr-hdds-2221-4x997-2286248681
2019-10-01 15:45:33,486 [pool-97-thread-1] INFO  storage.RaftStorageDirectory (RaftStorageDirectory.java:tryLock(328)) - Lock on /workdir/hadoop-ozone/integration-test/target/test-dir/MiniOzoneClusterImpl-9b1271a8-4299-44cb-bbfb-3eebcf11b219/datanode-7/data/ratis/d7aef175-6e8b-4a87-a1e4-16bc6866fe65/in_use.lock acquired by nodename 12253@pr-hdds-2221-4x997-2286248681
2019-10-01 15:45:33,501 [pool-77-thread-1] INFO  storage.RaftStorage (RaftStorage.java:format(72)) - Storage directory /workdir/hadoop-ozone/integration-test/target/test-dir/MiniOzoneClusterImpl-9b1271a8-4299-44cb-bbfb-3eebcf11b219/datanode-5/data/ratis/d7aef175-6e8b-4a87-a1e4-16bc6866fe65 has been successfully formatted.
2019-10-01 15:45:33,501 [pool-27-thread-1] INFO  storage.RaftStorage (RaftStorage.java:format(72)) - Storage directory /workdir/hadoop-ozone/integration-test/target/test-dir/MiniOzoneClusterImpl-9b1271a8-4299-44cb-bbfb-3eebcf11b219/datanode-0/data/ratis/d7aef175-6e8b-4a87-a1e4-16bc6866fe65 has been successfully formatted.
2019-10-01 15:45:33,501 [pool-97-thread-1] INFO  storage.RaftStorage (RaftStorage.java:format(72)) - Storage directory /workdir/hadoop-ozone/integration-test/target/test-dir/MiniOzoneClusterImpl-9b1271a8-4299-44cb-bbfb-3eebcf11b219/datanode-7/data/ratis/d7aef175-6e8b-4a87-a1e4-16bc6866fe65 has been successfully formatted.
2019-10-01 15:45:33,502 [pool-27-thread-1] INFO  ratis.ContainerStateMachine (ContainerStateMachine.java:loadSnapshot(230)) - group-16BC6866FE65: The snapshot info is null. Setting the last applied indexto:(t:0, i:~)
2019-10-01 15:45:33,502 [pool-77-thread-1] INFO  ratis.ContainerStateMachine (ContainerStateMachine.java:loadSnapshot(230)) - group-16BC6866FE65: The snapshot info is null. Setting the last applied indexto:(t:0, i:~)
2019-10-01 15:45:33,504 [pool-27-thread-1] INFO  server.RaftServerConfigKeys (ConfUtils.java:logGet(43)) - raft.server.notification.no-leader.timeout = 120s (custom)
2019-10-01 15:45:33,504 [pool-77-thread-1] INFO  server.RaftServerConfigKeys (ConfUtils.java:logGet(43)) - raft.server.notification.no-leader.timeout = 120s (custom)
2019-10-01 15:45:33,504 [pool-97-thread-1] INFO  ratis.ContainerStateMachine (ContainerStateMachine.java:loadSnapshot(230)) - group-16BC6866FE65: The snapshot info is null. Setting the last applied indexto:(t:0, i:~)
2019-10-01 15:45:33,504 [pool-77-thread-1] INFO  server.RaftServerConfigKeys (ConfUtils.java:logGet(43)) - raft.server.log.use.memory = false (default)
2019-10-01 15:45:33,504 [pool-27-thread-1] INFO  server.RaftServerConfigKeys (ConfUtils.java:logGet(43)) - raft.server.log.use.memory = false (default)
2019-10-01 15:45:33,504 [pool-77-thread-1] INFO  server.RaftServerConfigKeys (ConfUtils.java:logGet(43)) - raft.server.log.purge.gap = 1000000 (custom)
2019-10-01 15:45:33,504 [pool-97-thread-1] INFO  server.RaftServerConfigKeys (ConfUtils.java:logGet(43)) - raft.server.notification.no-leader.timeout = 120s (custom)
2019-10-01 15:45:33,506 [pool-77-thread-1] INFO  server.RaftServerConfigKeys (ConfUtils.java:logGet(43)) - raft.server.log.appender.buffer.byte-limit = 33554432 (custom)
2019-10-01 15:45:33,504 [pool-27-thread-1] INFO  server.RaftServerConfigKeys (ConfUtils.java:logGet(43)) - raft.server.log.purge.gap = 1000000 (custom)
2019-10-01 15:45:33,506 [pool-77-thread-1] INFO  server.RaftServerConfigKeys (ConfUtils.java:logGet(43)) - raft.server.log.segment.size.max = 1048576 (custom)
2019-10-01 15:45:33,506 [pool-97-thread-1] INFO  server.RaftServerConfigKeys (ConfUtils.java:logGet(43)) - raft.server.log.use.memory = false (default)
2019-10-01 15:45:33,507 [pool-77-thread-1] INFO  server.RaftServerConfigKeys (ConfUtils.java:logGet(43)) - raft.server.log.segment.cache.num.max = 2 (custom)
2019-10-01 15:45:33,506 [pool-27-thread-1] INFO  server.RaftServerConfigKeys (ConfUtils.java:logGet(43)) - raft.server.log.appender.buffer.byte-limit = 33554432 (custom)
2019-10-01 15:45:33,507 [pool-77-thread-1] INFO  segmented.SegmentedRaftLogWorker (SegmentedRaftLogWorker.java:<init>(172)) - new 5645e86d-f871-44bb-8607-ce62943605c0@group-16BC6866FE65-SegmentedRaftLogWorker for RaftStorage:Storage Directory /workdir/hadoop-ozone/integration-test/target/test-dir/MiniOzoneClusterImpl-9b1271a8-4299-44cb-bbfb-3eebcf11b219/datanode-5/data/ratis/d7aef175-6e8b-4a87-a1e4-16bc6866fe65
2019-10-01 15:45:33,507 [pool-97-thread-1] INFO  server.RaftServerConfigKeys (ConfUtils.java:logGet(43)) - raft.server.log.purge.gap = 1000000 (custom)
2019-10-01 15:45:33,507 [pool-77-thread-1] INFO  server.RaftServerConfigKeys (ConfUtils.java:logGet(43)) - raft.server.log.queue.byte-limit = 2147483647 (custom)
2019-10-01 15:45:33,507 [pool-27-thread-1] INFO  server.RaftServerConfigKeys (ConfUtils.java:logGet(43)) - raft.server.log.segment.size.max = 1048576 (custom)
2019-10-01 15:45:33,507 [pool-77-thread-1] INFO  server.RaftServerConfigKeys (ConfUtils.java:logGet(43)) - raft.server.log.queue.element-limit = 1024 (custom)
2019-10-01 15:45:33,507 [pool-97-thread-1] INFO  server.RaftServerConfigKeys (ConfUtils.java:logGet(43)) - raft.server.log.appender.buffer.byte-limit = 33554432 (custom)
2019-10-01 15:45:33,507 [pool-77-thread-1] INFO  server.RaftServerConfigKeys (ConfUtils.java:logGet(43)) - raft.server.log.segment.size.max = 1048576 (custom)
2019-10-01 15:45:33,507 [pool-27-thread-1] INFO  server.RaftServerConfigKeys (ConfUtils.java:logGet(43)) - raft.server.log.segment.cache.num.max = 2 (custom)
2019-10-01 15:45:33,508 [pool-77-thread-1] INFO  server.RaftServerConfigKeys (ConfUtils.java:logGet(43)) - raft.server.log.preallocated.size = 16384 (custom)
2019-10-01 15:45:33,508 [pool-97-thread-1] INFO  server.RaftServerConfigKeys (ConfUtils.java:logGet(43)) - raft.server.log.segment.size.max = 1048576 (custom)
2019-10-01 15:45:33,508 [pool-77-thread-1] INFO  server.RaftServerConfigKeys (ConfUtils.java:logGet(43)) - raft.server.log.write.buffer.size = 33554432 (custom)
2019-10-01 15:45:33,508 [pool-27-thread-1] INFO  segmented.SegmentedRaftLogWorker (SegmentedRaftLogWorker.java:<init>(172)) - new 9f82fbf8-4fac-4532-8c36-3e6bef784ba1@group-16BC6866FE65-SegmentedRaftLogWorker for RaftStorage:Storage Directory /workdir/hadoop-ozone/integration-test/target/test-dir/MiniOzoneClusterImpl-9b1271a8-4299-44cb-bbfb-3eebcf11b219/datanode-0/data/ratis/d7aef175-6e8b-4a87-a1e4-16bc6866fe65
2019-10-01 15:45:33,508 [pool-77-thread-1] INFO  server.RaftServerConfigKeys (ConfUtils.java:logGet(43)) - raft.server.log.force.sync.num = 128 (default)
2019-10-01 15:45:33,508 [pool-97-thread-1] INFO  server.RaftServerConfigKeys (ConfUtils.java:logGet(43)) - raft.server.log.segment.cache.num.max = 2 (custom)
2019-10-01 15:45:33,508 [pool-77-thread-1] INFO  server.RaftServerConfigKeys (ConfUtils.java:logGet(43)) - raft.server.log.statemachine.data.sync = true (default)
2019-10-01 15:45:33,508 [pool-27-thread-1] INFO  server.RaftServerConfigKeys (ConfUtils.java:logGet(43)) - raft.server.log.queue.byte-limit = 2147483647 (custom)
2019-10-01 15:45:33,509 [pool-77-thread-1] INFO  server.RaftServerConfigKeys (ConfUtils.java:logGet(43)) - raft.server.log.statemachine.data.sync.timeout = 10s (default)
2019-10-01 15:45:33,508 [pool-97-thread-1] INFO  segmented.SegmentedRaftLogWorker (SegmentedRaftLogWorker.java:<init>(172)) - new 17687ae8-18db-4cee-85ef-ee5e0f3bebbe@group-16BC6866FE65-SegmentedRaftLogWorker for RaftStorage:Storage Directory /workdir/hadoop-ozone/integration-test/target/test-dir/MiniOzoneClusterImpl-9b1271a8-4299-44cb-bbfb-3eebcf11b219/datanode-7/data/ratis/d7aef175-6e8b-4a87-a1e4-16bc6866fe65
2019-10-01 15:45:33,509 [pool-77-thread-1] INFO  server.RaftServerConfigKeys (ConfUtils.java:logGet(43)) - raft.server.log.statemachine.data.sync.timeout.retry = -1 (default)
2019-10-01 15:45:33,509 [pool-27-thread-1] INFO  server.RaftServerConfigKeys (ConfUtils.java:logGet(43)) - raft.server.log.queue.element-limit = 1024 (custom)
2019-10-01 15:45:33,509 [pool-97-thread-1] INFO  server.RaftServerConfigKeys (ConfUtils.java:logGet(43)) - raft.server.log.queue.byte-limit = 2147483647 (custom)
2019-10-01 15:45:33,509 [pool-27-thread-1] INFO  server.RaftServerConfigKeys (ConfUtils.java:logGet(43)) - raft.server.log.segment.size.max = 1048576 (custom)
2019-10-01 15:45:33,509 [pool-77-thread-1] INFO  server.RaftServerConfigKeys (ConfUtils.java:logGet(43)) - raft.server.log.statemachine.data.caching.enabled = true (custom)
2019-10-01 15:45:33,509 [pool-27-thread-1] INFO  server.RaftServerConfigKeys (ConfUtils.java:logGet(43)) - raft.server.log.preallocated.size = 16384 (custom)
2019-10-01 15:45:33,509 [pool-97-thread-1] INFO  server.RaftServerConfigKeys (ConfUtils.java:logGet(43)) - raft.server.log.queue.element-limit = 1024 (custom)
2019-10-01 15:45:33,510 [pool-27-thread-1] INFO  server.RaftServerConfigKeys (ConfUtils.java:logGet(43)) - raft.server.log.write.buffer.size = 33554432 (custom)
2019-10-01 15:45:33,510 [pool-97-thread-1] INFO  server.RaftServerConfigKeys (ConfUtils.java:logGet(43)) - raft.server.log.segment.size.max = 1048576 (custom)
2019-10-01 15:45:33,510 [pool-77-thread-1] INFO  segmented.SegmentedRaftLogWorker (SegmentedRaftLogWorker.java:lambda$new$0(132)) - 5645e86d-f871-44bb-8607-ce62943605c0@group-16BC6866FE65-SegmentedRaftLogWorker: flushIndex: setUnconditionally 0 -> -1
2019-10-01 15:45:33,518 [pool-97-thread-1] INFO  server.RaftServerConfigKeys (ConfUtils.java:logGet(43)) - raft.server.log.preallocated.size = 16384 (custom)
2019-10-01 15:45:33,518 [pool-27-thread-1] INFO  server.RaftServerConfigKeys (ConfUtils.java:logGet(43)) - raft.server.log.force.sync.num = 128 (default)
2019-10-01 15:45:33,519 [pool-77-thread-1] INFO  server.RaftServerConfigKeys (ConfUtils.java:logGet(43)) - raft.server.snapshot.auto.trigger.enabled = true (custom)
2019-10-01 15:45:33,519 [pool-97-thread-1] INFO  server.RaftServerConfigKeys (ConfUtils.java:logGet(43)) - raft.server.log.write.buffer.size = 33554432 (custom)
2019-10-01 15:45:33,519 [pool-77-thread-1] INFO  server.RaftServerConfigKeys (ConfUtils.java:logGet(43)) - raft.server.snapshot.auto.trigger.threshold = 10000 (custom)
2019-10-01 15:45:33,519 [pool-27-thread-1] INFO  server.RaftServerConfigKeys (ConfUtils.java:logGet(43)) - raft.server.log.statemachine.data.sync = true (default)
2019-10-01 15:45:33,519 [pool-77-thread-1] INFO  server.RaftServerConfigKeys (ConfUtils.java:logGet(43)) - raft.server.snapshot.retention.num.files = 5 (custom)
2019-10-01 15:45:33,519 [pool-97-thread-1] INFO  server.RaftServerConfigKeys (ConfUtils.java:logGet(43)) - raft.server.log.force.sync.num = 128 (default)
2019-10-01 15:45:33,519 [pool-77-thread-1] INFO  server.RaftServerConfigKeys (ConfUtils.java:logGet(43)) - raft.server.retrycache.expirytime = 600000ms (custom)
2019-10-01 15:45:33,519 [pool-27-thread-1] INFO  server.RaftServerConfigKeys (ConfUtils.java:logGet(43)) - raft.server.log.statemachine.data.sync.timeout = 10s (default)
2019-10-01 15:45:33,519 [pool-97-thread-1] INFO  server.RaftServerConfigKeys (ConfUtils.java:logGet(43)) - raft.server.log.statemachine.data.sync = true (default)
2019-10-01 15:45:33,520 [pool-27-thread-1] INFO  server.RaftServerConfigKeys (ConfUtils.java:logGet(43)) - raft.server.log.statemachine.data.sync.timeout.retry = -1 (default)
2019-10-01 15:45:33,520 [pool-97-thread-1] INFO  server.RaftServerConfigKeys (ConfUtils.java:logGet(43)) - raft.server.log.statemachine.data.sync.timeout = 10s (default)
2019-10-01 15:45:33,520 [pool-27-thread-1] INFO  server.RaftServerConfigKeys (ConfUtils.java:logGet(43)) - raft.server.log.statemachine.data.caching.enabled = true (custom)
2019-10-01 15:45:33,520 [pool-97-thread-1] INFO  server.RaftServerConfigKeys (ConfUtils.java:logGet(43)) - raft.server.log.statemachine.data.sync.timeout.retry = -1 (default)
2019-10-01 15:45:33,520 [pool-27-thread-1] INFO  segmented.SegmentedRaftLogWorker (SegmentedRaftLogWorker.java:lambda$new$0(132)) - 9f82fbf8-4fac-4532-8c36-3e6bef784ba1@group-16BC6866FE65-SegmentedRaftLogWorker: flushIndex: setUnconditionally 0 -> -1
2019-10-01 15:45:33,520 [pool-97-thread-1] INFO  server.RaftServerConfigKeys (ConfUtils.java:logGet(43)) - raft.server.log.statemachine.data.caching.enabled = true (custom)
2019-10-01 15:45:33,520 [pool-27-thread-1] INFO  server.RaftServerConfigKeys (ConfUtils.java:logGet(43)) - raft.server.snapshot.auto.trigger.enabled = true (custom)
2019-10-01 15:45:33,520 [pool-97-thread-1] INFO  segmented.SegmentedRaftLogWorker (SegmentedRaftLogWorker.java:lambda$new$0(132)) - 17687ae8-18db-4cee-85ef-ee5e0f3bebbe@group-16BC6866FE65-SegmentedRaftLogWorker: flushIndex: setUnconditionally 0 -> -1
2019-10-01 15:45:33,520 [pool-27-thread-1] INFO  server.RaftServerConfigKeys (ConfUtils.java:logGet(43)) - raft.server.snapshot.auto.trigger.threshold = 10000 (custom)
2019-10-01 15:45:33,521 [pool-27-thread-1] INFO  server.RaftServerConfigKeys (ConfUtils.java:logGet(43)) - raft.server.snapshot.retention.num.files = 5 (custom)
2019-10-01 15:45:33,521 [pool-97-thread-1] INFO  server.RaftServerConfigKeys (ConfUtils.java:logGet(43)) - raft.server.snapshot.auto.trigger.enabled = true (custom)
2019-10-01 15:45:33,521 [pool-27-thread-1] INFO  server.RaftServerConfigKeys (ConfUtils.java:logGet(43)) - raft.server.retrycache.expirytime = 600000ms (custom)
2019-10-01 15:45:33,521 [pool-97-thread-1] INFO  server.RaftServerConfigKeys (ConfUtils.java:logGet(43)) - raft.server.snapshot.auto.trigger.threshold = 10000 (custom)
2019-10-01 15:45:33,521 [pool-97-thread-1] INFO  server.RaftServerConfigKeys (ConfUtils.java:logGet(43)) - raft.server.snapshot.retention.num.files = 5 (custom)
2019-10-01 15:45:33,521 [pool-97-thread-1] INFO  server.RaftServerConfigKeys (ConfUtils.java:logGet(43)) - raft.server.retrycache.expirytime = 600000ms (custom)
2019-10-01 15:45:33,522 [pool-77-thread-1] INFO  impl.RaftServerImpl (RaftServerImpl.java:start(185)) - 5645e86d-f871-44bb-8607-ce62943605c0@group-16BC6866FE65: start as a follower, conf=-1: [5645e86d-f871-44bb-8607-ce62943605c0:192.168.151.117:45277, 17687ae8-18db-4cee-85ef-ee5e0f3bebbe:192.168.151.117:44984, 9f82fbf8-4fac-4532-8c36-3e6bef784ba1:192.168.151.117:38577], old=null
2019-10-01 15:45:33,523 [pool-77-thread-1] INFO  impl.RaftServerImpl (RaftServerImpl.java:setRole(174)) - 5645e86d-f871-44bb-8607-ce62943605c0@group-16BC6866FE65: changes role from      null to FOLLOWER at term 0 for startAsFollower
2019-10-01 15:45:33,523 [pool-77-thread-1] INFO  impl.RoleInfo (RoleInfo.java:updateAndGet(143)) - 5645e86d-f871-44bb-8607-ce62943605c0: start FollowerState
2019-10-01 15:45:33,523 [pool-77-thread-1] INFO  util.JmxRegister (JmxRegister.java:tryRegister(44)) - Successfully registered JMX Bean with object name Ratis:service=RaftServer,group=group-16BC6866FE65,id=5645e86d-f871-44bb-8607-ce62943605c0
2019-10-01 15:45:33,524 [pool-27-thread-1] INFO  impl.RaftServerImpl (RaftServerImpl.java:start(185)) - 9f82fbf8-4fac-4532-8c36-3e6bef784ba1@group-16BC6866FE65: start as a follower, conf=-1: [5645e86d-f871-44bb-8607-ce62943605c0:192.168.151.117:45277, 17687ae8-18db-4cee-85ef-ee5e0f3bebbe:192.168.151.117:44984, 9f82fbf8-4fac-4532-8c36-3e6bef784ba1:192.168.151.117:38577], old=null
2019-10-01 15:45:33,524 [pool-27-thread-1] INFO  impl.RaftServerImpl (RaftServerImpl.java:setRole(174)) - 9f82fbf8-4fac-4532-8c36-3e6bef784ba1@group-16BC6866FE65: changes role from      null to FOLLOWER at term 0 for startAsFollower
2019-10-01 15:45:33,524 [pool-97-thread-1] INFO  impl.RaftServerImpl (RaftServerImpl.java:start(185)) - 17687ae8-18db-4cee-85ef-ee5e0f3bebbe@group-16BC6866FE65: start as a follower, conf=-1: [5645e86d-f871-44bb-8607-ce62943605c0:192.168.151.117:45277, 17687ae8-18db-4cee-85ef-ee5e0f3bebbe:192.168.151.117:44984, 9f82fbf8-4fac-4532-8c36-3e6bef784ba1:192.168.151.117:38577], old=null
2019-10-01 15:45:33,524 [pool-27-thread-1] INFO  impl.RoleInfo (RoleInfo.java:updateAndGet(143)) - 9f82fbf8-4fac-4532-8c36-3e6bef784ba1: start FollowerState
2019-10-01 15:45:33,524 [pool-97-thread-1] INFO  impl.RaftServerImpl (RaftServerImpl.java:setRole(174)) - 17687ae8-18db-4cee-85ef-ee5e0f3bebbe@group-16BC6866FE65: changes role from      null to FOLLOWER at term 0 for startAsFollower
2019-10-01 15:45:33,524 [pool-97-thread-1] INFO  impl.RoleInfo (RoleInfo.java:updateAndGet(143)) - 17687ae8-18db-4cee-85ef-ee5e0f3bebbe: start FollowerState
2019-10-01 15:45:33,524 [pool-27-thread-1] INFO  util.JmxRegister (JmxRegister.java:tryRegister(44)) - Successfully registered JMX Bean with object name Ratis:service=RaftServer,group=group-16BC6866FE65,id=9f82fbf8-4fac-4532-8c36-3e6bef784ba1
2019-10-01 15:45:33,524 [pool-97-thread-1] INFO  util.JmxRegister (JmxRegister.java:tryRegister(44)) - Successfully registered JMX Bean with object name Ratis:service=RaftServer,group=group-16BC6866FE65,id=17687ae8-18db-4cee-85ef-ee5e0f3bebbe
2019-10-01 15:45:33,548 [RatisPipelineUtilsThread] INFO  pipeline.PipelineStateManager (PipelineStateManager.java:addPipeline(56)) - Created pipeline Pipeline[ Id: d7aef175-6e8b-4a87-a1e4-16bc6866fe65, Nodes: 9f82fbf8-4fac-4532-8c36-3e6bef784ba1{ip: 192.168.151.117, host: pr-hdds-2221-4x997-2286248681, networkLocation: /default-rack, certSerialId: null}5645e86d-f871-44bb-8607-ce62943605c0{ip: 192.168.151.117, host: pr-hdds-2221-4x997-2286248681, networkLocation: /default-rack, certSerialId: null}17687ae8-18db-4cee-85ef-ee5e0f3bebbe{ip: 192.168.151.117, host: pr-hdds-2221-4x997-2286248681, networkLocation: /default-rack, certSerialId: null}, Type:RATIS, Factor:THREE, State:OPEN]
2019-10-01 15:45:33,563 [grpc-default-executor-2] INFO  impl.RaftServerProxy (RaftServerProxy.java:addNew(89)) - 6faae4d1-92b7-4646-993b-67f152b9d621: addNew group-EB8B467BD4F1:[f1ba6add-ca0a-4791-abae-69f42b072e96:192.168.151.117:38270, 6faae4d1-92b7-4646-993b-67f152b9d621:192.168.151.117:41086, c28b71e4-b935-41c8-abf7-7de4a956c002:192.168.151.117:35347] returns group-EB8B467BD4F1:java.util.concurrent.CompletableFuture@311e14e3[Not completed]
2019-10-01 15:45:33,563 [grpc-default-executor-1] INFO  impl.RaftServerProxy (RaftServerProxy.java:addNew(89)) - c28b71e4-b935-41c8-abf7-7de4a956c002: addNew group-EB8B467BD4F1:[f1ba6add-ca0a-4791-abae-69f42b072e96:192.168.151.117:38270, 6faae4d1-92b7-4646-993b-67f152b9d621:192.168.151.117:41086, c28b71e4-b935-41c8-abf7-7de4a956c002:192.168.151.117:35347] returns group-EB8B467BD4F1:java.util.concurrent.CompletableFuture@563ec2f[Not completed]
2019-10-01 15:45:33,563 [grpc-default-executor-0] INFO  impl.RaftServerProxy (RaftServerProxy.java:addNew(89)) - f1ba6add-ca0a-4791-abae-69f42b072e96: addNew group-EB8B467BD4F1:[f1ba6add-ca0a-4791-abae-69f42b072e96:192.168.151.117:38270, 6faae4d1-92b7-4646-993b-67f152b9d621:192.168.151.117:41086, c28b71e4-b935-41c8-abf7-7de4a956c002:192.168.151.117:35347] returns group-EB8B467BD4F1:java.util.concurrent.CompletableFuture@4cca8348[Not completed]
2019-10-01 15:45:33,566 [pool-47-thread-1] INFO  impl.RaftServerImpl (RaftServerImpl.java:<init>(95)) - 6faae4d1-92b7-4646-993b-67f152b9d621: new RaftServerImpl for group-EB8B467BD4F1:[f1ba6add-ca0a-4791-abae-69f42b072e96:192.168.151.117:38270, 6faae4d1-92b7-4646-993b-67f152b9d621:192.168.151.117:41086, c28b71e4-b935-41c8-abf7-7de4a956c002:192.168.151.117:35347] with ContainerStateMachine:uninitialized
2019-10-01 15:45:33,566 [pool-47-thread-1] INFO  server.RaftServerConfigKeys (ConfUtils.java:logGet(43)) - raft.server.rpc.timeout.min = 1s (custom)
2019-10-01 15:45:33,566 [pool-47-thread-1] INFO  server.RaftServerConfigKeys (ConfUtils.java:logGet(43)) - raft.server.rpc.timeout.max = 1200ms (custom)
2019-10-01 15:45:33,566 [pool-47-thread-1] INFO  server.RaftServerConfigKeys (ConfUtils.java:logGet(43)) - raft.server.rpcslowness.timeout = 120s (custom)
2019-10-01 15:45:33,566 [pool-47-thread-1] INFO  server.RaftServerConfigKeys (ConfUtils.java:logGet(43)) - raft.server.sleep.deviation.threshold = 300 (default)
2019-10-01 15:45:33,566 [pool-47-thread-1] INFO  server.RaftServerConfigKeys (ConfUtils.java:logGet(43)) - raft.server.log.appender.install.snapshot.enabled = false (custom)
2019-10-01 15:45:33,566 [pool-47-thread-1] INFO  impl.RaftServerImpl (ServerState.java:<init>(103)) - 6faae4d1-92b7-4646-993b-67f152b9d621@group-EB8B467BD4F1: ConfigurationManager, init=-1: [f1ba6add-ca0a-4791-abae-69f42b072e96:192.168.151.117:38270, 6faae4d1-92b7-4646-993b-67f152b9d621:192.168.151.117:41086, c28b71e4-b935-41c8-abf7-7de4a956c002:192.168.151.117:35347], old=null, confs=<EMPTY_MAP>
2019-10-01 15:45:33,566 [pool-47-thread-1] INFO  server.RaftServerConfigKeys (ConfUtils.java:logGet(43)) - raft.server.storage.dir = [/workdir/hadoop-ozone/integration-test/target/test-dir/MiniOzoneClusterImpl-9b1271a8-4299-44cb-bbfb-3eebcf11b219/datanode-2/data/ratis] (custom)
2019-10-01 15:45:33,566 [pool-57-thread-1] INFO  impl.RaftServerImpl (RaftServerImpl.java:<init>(95)) - f1ba6add-ca0a-4791-abae-69f42b072e96: new RaftServerImpl for group-EB8B467BD4F1:[f1ba6add-ca0a-4791-abae-69f42b072e96:192.168.151.117:38270, 6faae4d1-92b7-4646-993b-67f152b9d621:192.168.151.117:41086, c28b71e4-b935-41c8-abf7-7de4a956c002:192.168.151.117:35347] with ContainerStateMachine:uninitialized
2019-10-01 15:45:33,567 [pool-47-thread-1] INFO  storage.RaftStorageDirectory (RaftStorageDirectory.java:analyzeStorage(246)) - The storage directory /workdir/hadoop-ozone/integration-test/target/test-dir/MiniOzoneClusterImpl-9b1271a8-4299-44cb-bbfb-3eebcf11b219/datanode-2/data/ratis/da6b8813-e072-4946-b557-eb8b467bd4f1 does not exist. Creating ...
2019-10-01 15:45:33,567 [pool-57-thread-1] INFO  server.RaftServerConfigKeys (ConfUtils.java:logGet(43)) - raft.server.rpc.timeout.min = 1s (custom)
2019-10-01 15:45:33,567 [pool-107-thread-1] INFO  impl.RaftServerImpl (RaftServerImpl.java:<init>(95)) - c28b71e4-b935-41c8-abf7-7de4a956c002: new RaftServerImpl for group-EB8B467BD4F1:[f1ba6add-ca0a-4791-abae-69f42b072e96:192.168.151.117:38270, 6faae4d1-92b7-4646-993b-67f152b9d621:192.168.151.117:41086, c28b71e4-b935-41c8-abf7-7de4a956c002:192.168.151.117:35347] with ContainerStateMachine:uninitialized
2019-10-01 15:45:33,567 [pool-57-thread-1] INFO  server.RaftServerConfigKeys (ConfUtils.java:logGet(43)) - raft.server.rpc.timeout.max = 1200ms (custom)
2019-10-01 15:45:33,567 [pool-107-thread-1] INFO  server.RaftServerConfigKeys (ConfUtils.java:logGet(43)) - raft.server.rpc.timeout.min = 1s (custom)
2019-10-01 15:45:33,567 [pool-57-thread-1] INFO  server.RaftServerConfigKeys (ConfUtils.java:logGet(43)) - raft.server.rpcslowness.timeout = 120s (custom)
2019-10-01 15:45:33,567 [pool-107-thread-1] INFO  server.RaftServerConfigKeys (ConfUtils.java:logGet(43)) - raft.server.rpc.timeout.max = 1200ms (custom)
2019-10-01 15:45:33,567 [pool-57-thread-1] INFO  server.RaftServerConfigKeys (ConfUtils.java:logGet(43)) - raft.server.sleep.deviation.threshold = 300 (default)
2019-10-01 15:45:33,568 [pool-107-thread-1] INFO  server.RaftServerConfigKeys (ConfUtils.java:logGet(43)) - raft.server.rpcslowness.timeout = 120s (custom)
2019-10-01 15:45:33,568 [pool-57-thread-1] INFO  server.RaftServerConfigKeys (ConfUtils.java:logGet(43)) - raft.server.log.appender.install.snapshot.enabled = false (custom)
2019-10-01 15:45:33,568 [pool-107-thread-1] INFO  server.RaftServerConfigKeys (ConfUtils.java:logGet(43)) - raft.server.sleep.deviation.threshold = 300 (default)
2019-10-01 15:45:33,568 [pool-57-thread-1] INFO  impl.RaftServerImpl (ServerState.java:<init>(103)) - f1ba6add-ca0a-4791-abae-69f42b072e96@group-EB8B467BD4F1: ConfigurationManager, init=-1: [f1ba6add-ca0a-4791-abae-69f42b072e96:192.168.151.117:38270, 6faae4d1-92b7-4646-993b-67f152b9d621:192.168.151.117:41086, c28b71e4-b935-41c8-abf7-7de4a956c002:192.168.151.117:35347], old=null, confs=<EMPTY_MAP>
2019-10-01 15:45:33,568 [pool-107-thread-1] INFO  server.RaftServerConfigKeys (ConfUtils.java:logGet(43)) - raft.server.log.appender.install.snapshot.enabled = false (custom)
2019-10-01 15:45:33,568 [pool-57-thread-1] INFO  server.RaftServerConfigKeys (ConfUtils.java:logGet(43)) - raft.server.storage.dir = [/workdir/hadoop-ozone/integration-test/target/test-dir/MiniOzoneClusterImpl-9b1271a8-4299-44cb-bbfb-3eebcf11b219/datanode-3/data/ratis] (custom)
2019-10-01 15:45:33,568 [pool-107-thread-1] INFO  impl.RaftServerImpl (ServerState.java:<init>(103)) - c28b71e4-b935-41c8-abf7-7de4a956c002@group-EB8B467BD4F1: ConfigurationManager, init=-1: [f1ba6add-ca0a-4791-abae-69f42b072e96:192.168.151.117:38270, 6faae4d1-92b7-4646-993b-67f152b9d621:192.168.151.117:41086, c28b71e4-b935-41c8-abf7-7de4a956c002:192.168.151.117:35347], old=null, confs=<EMPTY_MAP>
2019-10-01 15:45:33,568 [pool-107-thread-1] INFO  server.RaftServerConfigKeys (ConfUtils.java:logGet(43)) - raft.server.storage.dir = [/workdir/hadoop-ozone/integration-test/target/test-dir/MiniOzoneClusterImpl-9b1271a8-4299-44cb-bbfb-3eebcf11b219/datanode-8/data/ratis] (custom)
2019-10-01 15:45:33,568 [pool-57-thread-1] INFO  storage.RaftStorageDirectory (RaftStorageDirectory.java:analyzeStorage(246)) - The storage directory /workdir/hadoop-ozone/integration-test/target/test-dir/MiniOzoneClusterImpl-9b1271a8-4299-44cb-bbfb-3eebcf11b219/datanode-3/data/ratis/da6b8813-e072-4946-b557-eb8b467bd4f1 does not exist. Creating ...
2019-10-01 15:45:33,569 [pool-107-thread-1] INFO  storage.RaftStorageDirectory (RaftStorageDirectory.java:analyzeStorage(246)) - The storage directory /workdir/hadoop-ozone/integration-test/target/test-dir/MiniOzoneClusterImpl-9b1271a8-4299-44cb-bbfb-3eebcf11b219/datanode-8/data/ratis/da6b8813-e072-4946-b557-eb8b467bd4f1 does not exist. Creating ...
2019-10-01 15:45:33,594 [pool-107-thread-1] INFO  storage.RaftStorageDirectory (RaftStorageDirectory.java:tryLock(328)) - Lock on /workdir/hadoop-ozone/integration-test/target/test-dir/MiniOzoneClusterImpl-9b1271a8-4299-44cb-bbfb-3eebcf11b219/datanode-8/data/ratis/da6b8813-e072-4946-b557-eb8b467bd4f1/in_use.lock acquired by nodename 12253@pr-hdds-2221-4x997-2286248681
2019-10-01 15:45:33,594 [pool-57-thread-1] INFO  storage.RaftStorageDirectory (RaftStorageDirectory.java:tryLock(328)) - Lock on /workdir/hadoop-ozone/integration-test/target/test-dir/MiniOzoneClusterImpl-9b1271a8-4299-44cb-bbfb-3eebcf11b219/datanode-3/data/ratis/da6b8813-e072-4946-b557-eb8b467bd4f1/in_use.lock acquired by nodename 12253@pr-hdds-2221-4x997-2286248681
2019-10-01 15:45:33,594 [pool-47-thread-1] INFO  storage.RaftStorageDirectory (RaftStorageDirectory.java:tryLock(328)) - Lock on /workdir/hadoop-ozone/integration-test/target/test-dir/MiniOzoneClusterImpl-9b1271a8-4299-44cb-bbfb-3eebcf11b219/datanode-2/data/ratis/da6b8813-e072-4946-b557-eb8b467bd4f1/in_use.lock acquired by nodename 12253@pr-hdds-2221-4x997-2286248681
2019-10-01 15:45:33,594 [main] INFO  rpc.RpcClient (RpcClient.java:createVolume(276)) - Creating Volume: datanodefailurehandlingtest, with jenkins1000 as owner.
2019-10-01 15:45:33,608 [pool-107-thread-1] INFO  storage.RaftStorage (RaftStorage.java:format(72)) - Storage directory /workdir/hadoop-ozone/integration-test/target/test-dir/MiniOzoneClusterImpl-9b1271a8-4299-44cb-bbfb-3eebcf11b219/datanode-8/data/ratis/da6b8813-e072-4946-b557-eb8b467bd4f1 has been successfully formatted.
2019-10-01 15:45:33,608 [pool-47-thread-1] INFO  storage.RaftStorage (RaftStorage.java:format(72)) - Storage directory /workdir/hadoop-ozone/integration-test/target/test-dir/MiniOzoneClusterImpl-9b1271a8-4299-44cb-bbfb-3eebcf11b219/datanode-2/data/ratis/da6b8813-e072-4946-b557-eb8b467bd4f1 has been successfully formatted.
2019-10-01 15:45:33,608 [pool-57-thread-1] INFO  storage.RaftStorage (RaftStorage.java:format(72)) - Storage directory /workdir/hadoop-ozone/integration-test/target/test-dir/MiniOzoneClusterImpl-9b1271a8-4299-44cb-bbfb-3eebcf11b219/datanode-3/data/ratis/da6b8813-e072-4946-b557-eb8b467bd4f1 has been successfully formatted.
2019-10-01 15:45:33,608 [pool-107-thread-1] INFO  ratis.ContainerStateMachine (ContainerStateMachine.java:loadSnapshot(230)) - group-EB8B467BD4F1: The snapshot info is null. Setting the last applied indexto:(t:0, i:~)
2019-10-01 15:45:33,608 [pool-47-thread-1] INFO  ratis.ContainerStateMachine (ContainerStateMachine.java:loadSnapshot(230)) - group-EB8B467BD4F1: The snapshot info is null. Setting the last applied indexto:(t:0, i:~)
2019-10-01 15:45:33,609 [pool-107-thread-1] INFO  server.RaftServerConfigKeys (ConfUtils.java:logGet(43)) - raft.server.notification.no-leader.timeout = 120s (custom)
2019-10-01 15:45:33,609 [pool-57-thread-1] INFO  ratis.ContainerStateMachine (ContainerStateMachine.java:loadSnapshot(230)) - group-EB8B467BD4F1: The snapshot info is null. Setting the last applied indexto:(t:0, i:~)
2019-10-01 15:45:33,609 [pool-107-thread-1] INFO  server.RaftServerConfigKeys (ConfUtils.java:logGet(43)) - raft.server.log.use.memory = false (default)
2019-10-01 15:45:33,609 [pool-47-thread-1] INFO  server.RaftServerConfigKeys (ConfUtils.java:logGet(43)) - raft.server.notification.no-leader.timeout = 120s (custom)
2019-10-01 15:45:33,609 [pool-107-thread-1] INFO  server.RaftServerConfigKeys (ConfUtils.java:logGet(43)) - raft.server.log.purge.gap = 1000000 (custom)
2019-10-01 15:45:33,609 [pool-57-thread-1] INFO  server.RaftServerConfigKeys (ConfUtils.java:logGet(43)) - raft.server.notification.no-leader.timeout = 120s (custom)
2019-10-01 15:45:33,609 [pool-107-thread-1] INFO  server.RaftServerConfigKeys (ConfUtils.java:logGet(43)) - raft.server.log.appender.buffer.byte-limit = 33554432 (custom)
2019-10-01 15:45:33,609 [pool-47-thread-1] INFO  server.RaftServerConfigKeys (ConfUtils.java:logGet(43)) - raft.server.log.use.memory = false (default)
2019-10-01 15:45:33,609 [pool-107-thread-1] INFO  server.RaftServerConfigKeys (ConfUtils.java:logGet(43)) - raft.server.log.segment.size.max = 1048576 (custom)
2019-10-01 15:45:33,609 [pool-57-thread-1] INFO  server.RaftServerConfigKeys (ConfUtils.java:logGet(43)) - raft.server.log.use.memory = false (default)
2019-10-01 15:45:33,610 [pool-107-thread-1] INFO  server.RaftServerConfigKeys (ConfUtils.java:logGet(43)) - raft.server.log.segment.cache.num.max = 2 (custom)
2019-10-01 15:45:33,609 [pool-47-thread-1] INFO  server.RaftServerConfigKeys (ConfUtils.java:logGet(43)) - raft.server.log.purge.gap = 1000000 (custom)
2019-10-01 15:45:33,610 [pool-107-thread-1] INFO  segmented.SegmentedRaftLogWorker (SegmentedRaftLogWorker.java:<init>(172)) - new c28b71e4-b935-41c8-abf7-7de4a956c002@group-EB8B467BD4F1-SegmentedRaftLogWorker for RaftStorage:Storage Directory /workdir/hadoop-ozone/integration-test/target/test-dir/MiniOzoneClusterImpl-9b1271a8-4299-44cb-bbfb-3eebcf11b219/datanode-8/data/ratis/da6b8813-e072-4946-b557-eb8b467bd4f1
2019-10-01 15:45:33,610 [pool-57-thread-1] INFO  server.RaftServerConfigKeys (ConfUtils.java:logGet(43)) - raft.server.log.purge.gap = 1000000 (custom)
2019-10-01 15:45:33,610 [pool-107-thread-1] INFO  server.RaftServerConfigKeys (ConfUtils.java:logGet(43)) - raft.server.log.queue.byte-limit = 2147483647 (custom)
2019-10-01 15:45:33,610 [pool-47-thread-1] INFO  server.RaftServerConfigKeys (ConfUtils.java:logGet(43)) - raft.server.log.appender.buffer.byte-limit = 33554432 (custom)
2019-10-01 15:45:33,610 [pool-107-thread-1] INFO  server.RaftServerConfigKeys (ConfUtils.java:logGet(43)) - raft.server.log.queue.element-limit = 1024 (custom)
2019-10-01 15:45:33,610 [pool-57-thread-1] INFO  server.RaftServerConfigKeys (ConfUtils.java:logGet(43)) - raft.server.log.appender.buffer.byte-limit = 33554432 (custom)
2019-10-01 15:45:33,610 [pool-107-thread-1] INFO  server.RaftServerConfigKeys (ConfUtils.java:logGet(43)) - raft.server.log.segment.size.max = 1048576 (custom)
2019-10-01 15:45:33,610 [pool-47-thread-1] INFO  server.RaftServerConfigKeys (ConfUtils.java:logGet(43)) - raft.server.log.segment.size.max = 1048576 (custom)
2019-10-01 15:45:33,611 [pool-107-thread-1] INFO  server.RaftServerConfigKeys (ConfUtils.java:logGet(43)) - raft.server.log.preallocated.size = 16384 (custom)
2019-10-01 15:45:33,610 [pool-57-thread-1] INFO  server.RaftServerConfigKeys (ConfUtils.java:logGet(43)) - raft.server.log.segment.size.max = 1048576 (custom)
2019-10-01 15:45:33,611 [pool-107-thread-1] INFO  server.RaftServerConfigKeys (ConfUtils.java:logGet(43)) - raft.server.log.write.buffer.size = 33554432 (custom)
2019-10-01 15:45:33,611 [pool-47-thread-1] INFO  server.RaftServerConfigKeys (ConfUtils.java:logGet(43)) - raft.server.log.segment.cache.num.max = 2 (custom)
2019-10-01 15:45:33,611 [pool-107-thread-1] INFO  server.RaftServerConfigKeys (ConfUtils.java:logGet(43)) - raft.server.log.force.sync.num = 128 (default)
2019-10-01 15:45:33,611 [pool-57-thread-1] INFO  server.RaftServerConfigKeys (ConfUtils.java:logGet(43)) - raft.server.log.segment.cache.num.max = 2 (custom)
2019-10-01 15:45:33,611 [pool-107-thread-1] INFO  server.RaftServerConfigKeys (ConfUtils.java:logGet(43)) - raft.server.log.statemachine.data.sync = true (default)
2019-10-01 15:45:33,611 [pool-47-thread-1] INFO  segmented.SegmentedRaftLogWorker (SegmentedRaftLogWorker.java:<init>(172)) - new 6faae4d1-92b7-4646-993b-67f152b9d621@group-EB8B467BD4F1-SegmentedRaftLogWorker for RaftStorage:Storage Directory /workdir/hadoop-ozone/integration-test/target/test-dir/MiniOzoneClusterImpl-9b1271a8-4299-44cb-bbfb-3eebcf11b219/datanode-2/data/ratis/da6b8813-e072-4946-b557-eb8b467bd4f1
2019-10-01 15:45:33,611 [pool-107-thread-1] INFO  server.RaftServerConfigKeys (ConfUtils.java:logGet(43)) - raft.server.log.statemachine.data.sync.timeout = 10s (default)
2019-10-01 15:45:33,611 [pool-57-thread-1] INFO  segmented.SegmentedRaftLogWorker (SegmentedRaftLogWorker.java:<init>(172)) - new f1ba6add-ca0a-4791-abae-69f42b072e96@group-EB8B467BD4F1-SegmentedRaftLogWorker for RaftStorage:Storage Directory /workdir/hadoop-ozone/integration-test/target/test-dir/MiniOzoneClusterImpl-9b1271a8-4299-44cb-bbfb-3eebcf11b219/datanode-3/data/ratis/da6b8813-e072-4946-b557-eb8b467bd4f1
2019-10-01 15:45:33,611 [pool-107-thread-1] INFO  server.RaftServerConfigKeys (ConfUtils.java:logGet(43)) - raft.server.log.statemachine.data.sync.timeout.retry = -1 (default)
2019-10-01 15:45:33,611 [pool-47-thread-1] INFO  server.RaftServerConfigKeys (ConfUtils.java:logGet(43)) - raft.server.log.queue.byte-limit = 2147483647 (custom)
2019-10-01 15:45:33,612 [pool-57-thread-1] INFO  server.RaftServerConfigKeys (ConfUtils.java:logGet(43)) - raft.server.log.queue.byte-limit = 2147483647 (custom)
2019-10-01 15:45:33,612 [pool-47-thread-1] INFO  server.RaftServerConfigKeys (ConfUtils.java:logGet(43)) - raft.server.log.queue.element-limit = 1024 (custom)
2019-10-01 15:45:33,612 [pool-107-thread-1] INFO  server.RaftServerConfigKeys (ConfUtils.java:logGet(43)) - raft.server.log.statemachine.data.caching.enabled = true (custom)
2019-10-01 15:45:33,612 [pool-47-thread-1] INFO  server.RaftServerConfigKeys (ConfUtils.java:logGet(43)) - raft.server.log.segment.size.max = 1048576 (custom)
2019-10-01 15:45:33,612 [pool-57-thread-1] INFO  server.RaftServerConfigKeys (ConfUtils.java:logGet(43)) - raft.server.log.queue.element-limit = 1024 (custom)
2019-10-01 15:45:33,612 [pool-107-thread-1] INFO  segmented.SegmentedRaftLogWorker (SegmentedRaftLogWorker.java:lambda$new$0(132)) - c28b71e4-b935-41c8-abf7-7de4a956c002@group-EB8B467BD4F1-SegmentedRaftLogWorker: flushIndex: setUnconditionally 0 -> -1
2019-10-01 15:45:33,612 [pool-47-thread-1] INFO  server.RaftServerConfigKeys (ConfUtils.java:logGet(43)) - raft.server.log.preallocated.size = 16384 (custom)
2019-10-01 15:45:33,612 [pool-57-thread-1] INFO  server.RaftServerConfigKeys (ConfUtils.java:logGet(43)) - raft.server.log.segment.size.max = 1048576 (custom)
2019-10-01 15:45:33,613 [pool-107-thread-1] INFO  server.RaftServerConfigKeys (ConfUtils.java:logGet(43)) - raft.server.snapshot.auto.trigger.enabled = true (custom)
2019-10-01 15:45:33,612 [pool-47-thread-1] INFO  server.RaftServerConfigKeys (ConfUtils.java:logGet(43)) - raft.server.log.write.buffer.size = 33554432 (custom)
2019-10-01 15:45:33,613 [pool-107-thread-1] INFO  server.RaftServerConfigKeys (ConfUtils.java:logGet(43)) - raft.server.snapshot.auto.trigger.threshold = 10000 (custom)
2019-10-01 15:45:33,613 [pool-57-thread-1] INFO  server.RaftServerConfigKeys (ConfUtils.java:logGet(43)) - raft.server.log.preallocated.size = 16384 (custom)
2019-10-01 15:45:33,613 [pool-107-thread-1] INFO  server.RaftServerConfigKeys (ConfUtils.java:logGet(43)) - raft.server.snapshot.retention.num.files = 5 (custom)
2019-10-01 15:45:33,613 [pool-47-thread-1] INFO  server.RaftServerConfigKeys (ConfUtils.java:logGet(43)) - raft.server.log.force.sync.num = 128 (default)
2019-10-01 15:45:33,613 [pool-107-thread-1] INFO  server.RaftServerConfigKeys (ConfUtils.java:logGet(43)) - raft.server.retrycache.expirytime = 600000ms (custom)
2019-10-01 15:45:33,613 [pool-57-thread-1] INFO  server.RaftServerConfigKeys (ConfUtils.java:logGet(43)) - raft.server.log.write.buffer.size = 33554432 (custom)
2019-10-01 15:45:33,613 [pool-47-thread-1] INFO  server.RaftServerConfigKeys (ConfUtils.java:logGet(43)) - raft.server.log.statemachine.data.sync = true (default)
2019-10-01 15:45:33,613 [pool-57-thread-1] INFO  server.RaftServerConfigKeys (ConfUtils.java:logGet(43)) - raft.server.log.force.sync.num = 128 (default)
2019-10-01 15:45:33,613 [pool-47-thread-1] INFO  server.RaftServerConfigKeys (ConfUtils.java:logGet(43)) - raft.server.log.statemachine.data.sync.timeout = 10s (default)
2019-10-01 15:45:33,613 [pool-57-thread-1] INFO  server.RaftServerConfigKeys (ConfUtils.java:logGet(43)) - raft.server.log.statemachine.data.sync = true (default)
2019-10-01 15:45:33,614 [pool-47-thread-1] INFO  server.RaftServerConfigKeys (ConfUtils.java:logGet(43)) - raft.server.log.statemachine.data.sync.timeout.retry = -1 (default)
2019-10-01 15:45:33,614 [pool-57-thread-1] INFO  server.RaftServerConfigKeys (ConfUtils.java:logGet(43)) - raft.server.log.statemachine.data.sync.timeout = 10s (default)
2019-10-01 15:45:33,614 [pool-57-thread-1] INFO  server.RaftServerConfigKeys (ConfUtils.java:logGet(43)) - raft.server.log.statemachine.data.sync.timeout.retry = -1 (default)
2019-10-01 15:45:33,614 [pool-47-thread-1] INFO  server.RaftServerConfigKeys (ConfUtils.java:logGet(43)) - raft.server.log.statemachine.data.caching.enabled = true (custom)
2019-10-01 15:45:33,614 [pool-57-thread-1] INFO  server.RaftServerConfigKeys (ConfUtils.java:logGet(43)) - raft.server.log.statemachine.data.caching.enabled = true (custom)
2019-10-01 15:45:33,614 [pool-47-thread-1] INFO  segmented.SegmentedRaftLogWorker (SegmentedRaftLogWorker.java:lambda$new$0(132)) - 6faae4d1-92b7-4646-993b-67f152b9d621@group-EB8B467BD4F1-SegmentedRaftLogWorker: flushIndex: setUnconditionally 0 -> -1
2019-10-01 15:45:33,614 [pool-57-thread-1] INFO  segmented.SegmentedRaftLogWorker (SegmentedRaftLogWorker.java:lambda$new$0(132)) - f1ba6add-ca0a-4791-abae-69f42b072e96@group-EB8B467BD4F1-SegmentedRaftLogWorker: flushIndex: setUnconditionally 0 -> -1
2019-10-01 15:45:33,615 [pool-47-thread-1] INFO  server.RaftServerConfigKeys (ConfUtils.java:logGet(43)) - raft.server.snapshot.auto.trigger.enabled = true (custom)
2019-10-01 15:45:33,615 [pool-57-thread-1] INFO  server.RaftServerConfigKeys (ConfUtils.java:logGet(43)) - raft.server.snapshot.auto.trigger.enabled = true (custom)
2019-10-01 15:45:33,615 [pool-47-thread-1] INFO  server.RaftServerConfigKeys (ConfUtils.java:logGet(43)) - raft.server.snapshot.auto.trigger.threshold = 10000 (custom)
2019-10-01 15:45:33,615 [pool-57-thread-1] INFO  server.RaftServerConfigKeys (ConfUtils.java:logGet(43)) - raft.server.snapshot.auto.trigger.threshold = 10000 (custom)
2019-10-01 15:45:33,615 [pool-47-thread-1] INFO  server.RaftServerConfigKeys (ConfUtils.java:logGet(43)) - raft.server.snapshot.retention.num.files = 5 (custom)
2019-10-01 15:45:33,615 [pool-107-thread-1] INFO  impl.RaftServerImpl (RaftServerImpl.java:start(185)) - c28b71e4-b935-41c8-abf7-7de4a956c002@group-EB8B467BD4F1: start as a follower, conf=-1: [f1ba6add-ca0a-4791-abae-69f42b072e96:192.168.151.117:38270, 6faae4d1-92b7-4646-993b-67f152b9d621:192.168.151.117:41086, c28b71e4-b935-41c8-abf7-7de4a956c002:192.168.151.117:35347], old=null
2019-10-01 15:45:33,615 [pool-57-thread-1] INFO  server.RaftServerConfigKeys (ConfUtils.java:logGet(43)) - raft.server.snapshot.retention.num.files = 5 (custom)
2019-10-01 15:45:33,615 [pool-107-thread-1] INFO  impl.RaftServerImpl (RaftServerImpl.java:setRole(174)) - c28b71e4-b935-41c8-abf7-7de4a956c002@group-EB8B467BD4F1: changes role from      null to FOLLOWER at term 0 for startAsFollower
2019-10-01 15:45:33,615 [pool-57-thread-1] INFO  server.RaftServerConfigKeys (ConfUtils.java:logGet(43)) - raft.server.retrycache.expirytime = 600000ms (custom)
2019-10-01 15:45:33,615 [pool-47-thread-1] INFO  server.RaftServerConfigKeys (ConfUtils.java:logGet(43)) - raft.server.retrycache.expirytime = 600000ms (custom)
2019-10-01 15:45:33,615 [pool-107-thread-1] INFO  impl.RoleInfo (RoleInfo.java:updateAndGet(143)) - c28b71e4-b935-41c8-abf7-7de4a956c002: start FollowerState
2019-10-01 15:45:33,616 [pool-107-thread-1] INFO  util.JmxRegister (JmxRegister.java:tryRegister(44)) - Successfully registered JMX Bean with object name Ratis:service=RaftServer,group=group-EB8B467BD4F1,id=c28b71e4-b935-41c8-abf7-7de4a956c002
2019-10-01 15:45:33,618 [pool-57-thread-1] INFO  impl.RaftServerImpl (RaftServerImpl.java:start(185)) - f1ba6add-ca0a-4791-abae-69f42b072e96@group-EB8B467BD4F1: start as a follower, conf=-1: [f1ba6add-ca0a-4791-abae-69f42b072e96:192.168.151.117:38270, 6faae4d1-92b7-4646-993b-67f152b9d621:192.168.151.117:41086, c28b71e4-b935-41c8-abf7-7de4a956c002:192.168.151.117:35347], old=null
2019-10-01 15:45:33,627 [pool-57-thread-1] INFO  impl.RaftServerImpl (RaftServerImpl.java:setRole(174)) - f1ba6add-ca0a-4791-abae-69f42b072e96@group-EB8B467BD4F1: changes role from      null to FOLLOWER at term 0 for startAsFollower
2019-10-01 15:45:33,629 [pool-57-thread-1] INFO  impl.RoleInfo (RoleInfo.java:updateAndGet(143)) - f1ba6add-ca0a-4791-abae-69f42b072e96: start FollowerState
2019-10-01 15:45:33,630 [pool-57-thread-1] INFO  util.JmxRegister (JmxRegister.java:tryRegister(44)) - Successfully registered JMX Bean with object name Ratis:service=RaftServer,group=group-EB8B467BD4F1,id=f1ba6add-ca0a-4791-abae-69f42b072e96
2019-10-01 15:45:33,630 [pool-47-thread-1] INFO  impl.RaftServerImpl (RaftServerImpl.java:start(185)) - 6faae4d1-92b7-4646-993b-67f152b9d621@group-EB8B467BD4F1: start as a follower, conf=-1: [f1ba6add-ca0a-4791-abae-69f42b072e96:192.168.151.117:38270, 6faae4d1-92b7-4646-993b-67f152b9d621:192.168.151.117:41086, c28b71e4-b935-41c8-abf7-7de4a956c002:192.168.151.117:35347], old=null
2019-10-01 15:45:33,630 [pool-47-thread-1] INFO  impl.RaftServerImpl (RaftServerImpl.java:setRole(174)) - 6faae4d1-92b7-4646-993b-67f152b9d621@group-EB8B467BD4F1: changes role from      null to FOLLOWER at term 0 for startAsFollower
2019-10-01 15:45:33,630 [pool-47-thread-1] INFO  impl.RoleInfo (RoleInfo.java:updateAndGet(143)) - 6faae4d1-92b7-4646-993b-67f152b9d621: start FollowerState
2019-10-01 15:45:33,630 [pool-47-thread-1] INFO  util.JmxRegister (JmxRegister.java:tryRegister(44)) - Successfully registered JMX Bean with object name Ratis:service=RaftServer,group=group-EB8B467BD4F1,id=6faae4d1-92b7-4646-993b-67f152b9d621
2019-10-01 15:45:33,636 [RatisPipelineUtilsThread] INFO  pipeline.PipelineStateManager (PipelineStateManager.java:addPipeline(56)) - Created pipeline Pipeline[ Id: da6b8813-e072-4946-b557-eb8b467bd4f1, Nodes: c28b71e4-b935-41c8-abf7-7de4a956c002{ip: 192.168.151.117, host: pr-hdds-2221-4x997-2286248681, networkLocation: /default-rack, certSerialId: null}f1ba6add-ca0a-4791-abae-69f42b072e96{ip: 192.168.151.117, host: pr-hdds-2221-4x997-2286248681, networkLocation: /default-rack, certSerialId: null}6faae4d1-92b7-4646-993b-67f152b9d621{ip: 192.168.151.117, host: pr-hdds-2221-4x997-2286248681, networkLocation: /default-rack, certSerialId: null}, Type:RATIS, Factor:THREE, State:OPEN]
2019-10-01 15:45:33,662 [Thread-291] INFO  impl.FollowerState (FollowerState.java:run(106)) - 17687ae8-18db-4cee-85ef-ee5e0f3bebbe:group-5A58CD680F1F changes to CANDIDATE, lastRpcTime:1071, electionTimeout:1052ms
2019-10-01 15:45:33,662 [Thread-291] INFO  impl.RoleInfo (RoleInfo.java:shutdownFollowerState(121)) - 17687ae8-18db-4cee-85ef-ee5e0f3bebbe: shutdown FollowerState
2019-10-01 15:45:33,665 [Thread-291] INFO  impl.RaftServerImpl (RaftServerImpl.java:setRole(174)) - 17687ae8-18db-4cee-85ef-ee5e0f3bebbe@group-5A58CD680F1F: changes role from  FOLLOWER to CANDIDATE at term 0 for changeToCandidate
2019-10-01 15:45:33,667 [Thread-291] INFO  impl.RoleInfo (RoleInfo.java:updateAndGet(143)) - 17687ae8-18db-4cee-85ef-ee5e0f3bebbe: start LeaderElection
2019-10-01 15:45:33,683 [grpc-default-executor-1] INFO  impl.RaftServerProxy (RaftServerProxy.java:addNew(89)) - 4e6a07d6-9c54-412b-b38b-57a241553837: addNew group-5B588368055C:[4e6a07d6-9c54-412b-b38b-57a241553837:192.168.151.117:38655, ce462447-f21b-46ca-8863-5bada9d1e9f5:192.168.151.117:45778, 979f9232-9934-46b7-b55e-9df1564cd0b5:192.168.151.117:36138] returns group-5B588368055C:java.util.concurrent.CompletableFuture@342ceda1[Not completed]
2019-10-01 15:45:33,684 [grpc-default-executor-2] INFO  impl.RaftServerProxy (RaftServerProxy.java:addNew(89)) - 979f9232-9934-46b7-b55e-9df1564cd0b5: addNew group-5B588368055C:[4e6a07d6-9c54-412b-b38b-57a241553837:192.168.151.117:38655, ce462447-f21b-46ca-8863-5bada9d1e9f5:192.168.151.117:45778, 979f9232-9934-46b7-b55e-9df1564cd0b5:192.168.151.117:36138] returns group-5B588368055C:java.util.concurrent.CompletableFuture@7a71067d[Not completed]
2019-10-01 15:45:33,685 [grpc-default-executor-0] INFO  impl.RaftServerProxy (RaftServerProxy.java:addNew(89)) - ce462447-f21b-46ca-8863-5bada9d1e9f5: addNew group-5B588368055C:[4e6a07d6-9c54-412b-b38b-57a241553837:192.168.151.117:38655, ce462447-f21b-46ca-8863-5bada9d1e9f5:192.168.151.117:45778, 979f9232-9934-46b7-b55e-9df1564cd0b5:192.168.151.117:36138] returns group-5B588368055C:java.util.concurrent.CompletableFuture@34883af2[Not completed]
2019-10-01 15:45:33,686 [pool-87-thread-1] INFO  impl.RaftServerImpl (RaftServerImpl.java:<init>(95)) - 4e6a07d6-9c54-412b-b38b-57a241553837: new RaftServerImpl for group-5B588368055C:[4e6a07d6-9c54-412b-b38b-57a241553837:192.168.151.117:38655, ce462447-f21b-46ca-8863-5bada9d1e9f5:192.168.151.117:45778, 979f9232-9934-46b7-b55e-9df1564cd0b5:192.168.151.117:36138] with ContainerStateMachine:uninitialized
2019-10-01 15:45:33,686 [pool-87-thread-1] INFO  server.RaftServerConfigKeys (ConfUtils.java:logGet(43)) - raft.server.rpc.timeout.min = 1s (custom)
2019-10-01 15:45:33,686 [pool-87-thread-1] INFO  server.RaftServerConfigKeys (ConfUtils.java:logGet(43)) - raft.server.rpc.timeout.max = 1200ms (custom)
2019-10-01 15:45:33,686 [pool-87-thread-1] INFO  server.RaftServerConfigKeys (ConfUtils.java:logGet(43)) - raft.server.rpcslowness.timeout = 120s (custom)
2019-10-01 15:45:33,686 [pool-87-thread-1] INFO  server.RaftServerConfigKeys (ConfUtils.java:logGet(43)) - raft.server.sleep.deviation.threshold = 300 (default)
2019-10-01 15:45:33,686 [pool-87-thread-1] INFO  server.RaftServerConfigKeys (ConfUtils.java:logGet(43)) - raft.server.log.appender.install.snapshot.enabled = false (custom)
2019-10-01 15:45:33,687 [pool-87-thread-1] INFO  impl.RaftServerImpl (ServerState.java:<init>(103)) - 4e6a07d6-9c54-412b-b38b-57a241553837@group-5B588368055C: ConfigurationManager, init=-1: [4e6a07d6-9c54-412b-b38b-57a241553837:192.168.151.117:38655, ce462447-f21b-46ca-8863-5bada9d1e9f5:192.168.151.117:45778, 979f9232-9934-46b7-b55e-9df1564cd0b5:192.168.151.117:36138], old=null, confs=<EMPTY_MAP>
2019-10-01 15:45:33,687 [pool-87-thread-1] INFO  server.RaftServerConfigKeys (ConfUtils.java:logGet(43)) - raft.server.storage.dir = [/workdir/hadoop-ozone/integration-test/target/test-dir/MiniOzoneClusterImpl-9b1271a8-4299-44cb-bbfb-3eebcf11b219/datanode-6/data/ratis] (custom)
2019-10-01 15:45:33,687 [pool-117-thread-1] INFO  impl.RaftServerImpl (RaftServerImpl.java:<init>(95)) - 979f9232-9934-46b7-b55e-9df1564cd0b5: new RaftServerImpl for group-5B588368055C:[4e6a07d6-9c54-412b-b38b-57a241553837:192.168.151.117:38655, ce462447-f21b-46ca-8863-5bada9d1e9f5:192.168.151.117:45778, 979f9232-9934-46b7-b55e-9df1564cd0b5:192.168.151.117:36138] with ContainerStateMachine:uninitialized
2019-10-01 15:45:33,687 [pool-87-thread-1] INFO  storage.RaftStorageDirectory (RaftStorageDirectory.java:analyzeStorage(246)) - The storage directory /workdir/hadoop-ozone/integration-test/target/test-dir/MiniOzoneClusterImpl-9b1271a8-4299-44cb-bbfb-3eebcf11b219/datanode-6/data/ratis/0dc41b4d-a950-4598-9bff-5b588368055c does not exist. Creating ...
2019-10-01 15:45:33,687 [pool-117-thread-1] INFO  server.RaftServerConfigKeys (ConfUtils.java:logGet(43)) - raft.server.rpc.timeout.min = 1s (custom)
2019-10-01 15:45:33,687 [pool-117-thread-1] INFO  server.RaftServerConfigKeys (ConfUtils.java:logGet(43)) - raft.server.rpc.timeout.max = 1200ms (custom)
2019-10-01 15:45:33,687 [pool-37-thread-1] INFO  impl.RaftServerImpl (RaftServerImpl.java:<init>(95)) - ce462447-f21b-46ca-8863-5bada9d1e9f5: new RaftServerImpl for group-5B588368055C:[4e6a07d6-9c54-412b-b38b-57a241553837:192.168.151.117:38655, ce462447-f21b-46ca-8863-5bada9d1e9f5:192.168.151.117:45778, 979f9232-9934-46b7-b55e-9df1564cd0b5:192.168.151.117:36138] with ContainerStateMachine:uninitialized
2019-10-01 15:45:33,687 [pool-117-thread-1] INFO  server.RaftServerConfigKeys (ConfUtils.java:logGet(43)) - raft.server.rpcslowness.timeout = 120s (custom)
2019-10-01 15:45:33,688 [pool-37-thread-1] INFO  server.RaftServerConfigKeys (ConfUtils.java:logGet(43)) - raft.server.rpc.timeout.min = 1s (custom)
2019-10-01 15:45:33,688 [pool-117-thread-1] INFO  server.RaftServerConfigKeys (ConfUtils.java:logGet(43)) - raft.server.sleep.deviation.threshold = 300 (default)
2019-10-01 15:45:33,688 [pool-37-thread-1] INFO  server.RaftServerConfigKeys (ConfUtils.java:logGet(43)) - raft.server.rpc.timeout.max = 1200ms (custom)
2019-10-01 15:45:33,688 [pool-117-thread-1] INFO  server.RaftServerConfigKeys (ConfUtils.java:logGet(43)) - raft.server.log.appender.install.snapshot.enabled = false (custom)
2019-10-01 15:45:33,688 [pool-37-thread-1] INFO  server.RaftServerConfigKeys (ConfUtils.java:logGet(43)) - raft.server.rpcslowness.timeout = 120s (custom)
2019-10-01 15:45:33,688 [pool-117-thread-1] INFO  impl.RaftServerImpl (ServerState.java:<init>(103)) - 979f9232-9934-46b7-b55e-9df1564cd0b5@group-5B588368055C: ConfigurationManager, init=-1: [4e6a07d6-9c54-412b-b38b-57a241553837:192.168.151.117:38655, ce462447-f21b-46ca-8863-5bada9d1e9f5:192.168.151.117:45778, 979f9232-9934-46b7-b55e-9df1564cd0b5:192.168.151.117:36138], old=null, confs=<EMPTY_MAP>
2019-10-01 15:45:33,688 [pool-37-thread-1] INFO  server.RaftServerConfigKeys (ConfUtils.java:logGet(43)) - raft.server.sleep.deviation.threshold = 300 (default)
2019-10-01 15:45:33,688 [pool-37-thread-1] INFO  server.RaftServerConfigKeys (ConfUtils.java:logGet(43)) - raft.server.log.appender.install.snapshot.enabled = false (custom)
2019-10-01 15:45:33,688 [pool-117-thread-1] INFO  server.RaftServerConfigKeys (ConfUtils.java:logGet(43)) - raft.server.storage.dir = [/workdir/hadoop-ozone/integration-test/target/test-dir/MiniOzoneClusterImpl-9b1271a8-4299-44cb-bbfb-3eebcf11b219/datanode-9/data/ratis] (custom)
2019-10-01 15:45:33,688 [pool-37-thread-1] INFO  impl.RaftServerImpl (ServerState.java:<init>(103)) - ce462447-f21b-46ca-8863-5bada9d1e9f5@group-5B588368055C: ConfigurationManager, init=-1: [4e6a07d6-9c54-412b-b38b-57a241553837:192.168.151.117:38655, ce462447-f21b-46ca-8863-5bada9d1e9f5:192.168.151.117:45778, 979f9232-9934-46b7-b55e-9df1564cd0b5:192.168.151.117:36138], old=null, confs=<EMPTY_MAP>
2019-10-01 15:45:33,689 [pool-37-thread-1] INFO  server.RaftServerConfigKeys (ConfUtils.java:logGet(43)) - raft.server.storage.dir = [/workdir/hadoop-ozone/integration-test/target/test-dir/MiniOzoneClusterImpl-9b1271a8-4299-44cb-bbfb-3eebcf11b219/datanode-1/data/ratis] (custom)
2019-10-01 15:45:33,689 [pool-117-thread-1] INFO  storage.RaftStorageDirectory (RaftStorageDirectory.java:analyzeStorage(246)) - The storage directory /workdir/hadoop-ozone/integration-test/target/test-dir/MiniOzoneClusterImpl-9b1271a8-4299-44cb-bbfb-3eebcf11b219/datanode-9/data/ratis/0dc41b4d-a950-4598-9bff-5b588368055c does not exist. Creating ...
2019-10-01 15:45:33,689 [pool-37-thread-1] INFO  storage.RaftStorageDirectory (RaftStorageDirectory.java:analyzeStorage(246)) - The storage directory /workdir/hadoop-ozone/integration-test/target/test-dir/MiniOzoneClusterImpl-9b1271a8-4299-44cb-bbfb-3eebcf11b219/datanode-1/data/ratis/0dc41b4d-a950-4598-9bff-5b588368055c does not exist. Creating ...
2019-10-01 15:45:33,955 [Thread-300] INFO  impl.FollowerState (FollowerState.java:run(106)) - 6faae4d1-92b7-4646-993b-67f152b9d621:group-256AA083550A changes to CANDIDATE, lastRpcTime:1018, electionTimeout:1016ms
2019-10-01 15:45:33,967 [pool-87-thread-1] INFO  storage.RaftStorageDirectory (RaftStorageDirectory.java:tryLock(328)) - Lock on /workdir/hadoop-ozone/integration-test/target/test-dir/MiniOzoneClusterImpl-9b1271a8-4299-44cb-bbfb-3eebcf11b219/datanode-6/data/ratis/0dc41b4d-a950-4598-9bff-5b588368055c/in_use.lock acquired by nodename 12253@pr-hdds-2221-4x997-2286248681
2019-10-01 15:45:33,972 [9f82fbf8-4fac-4532-8c36-3e6bef784ba1@group-73645D4077A4-SegmentedRaftLogWorker] INFO  segmented.SegmentedRaftLogWorker (SegmentedRaftLogWorker.java:execute(569)) - 9f82fbf8-4fac-4532-8c36-3e6bef784ba1@group-73645D4077A4-SegmentedRaftLogWorker: created new log segment /workdir/hadoop-ozone/integration-test/target/test-dir/MiniOzoneClusterImpl-9b1271a8-4299-44cb-bbfb-3eebcf11b219/datanode-0/data/ratis/0b2685e6-675e-4347-b667-73645d4077a4/current/log_inprogress_0
2019-10-01 15:45:33,972 [5645e86d-f871-44bb-8607-ce62943605c0@group-120AF86B047F-SegmentedRaftLogWorker] INFO  segmented.SegmentedRaftLogWorker (SegmentedRaftLogWorker.java:execute(569)) - 5645e86d-f871-44bb-8607-ce62943605c0@group-120AF86B047F-SegmentedRaftLogWorker: created new log segment /workdir/hadoop-ozone/integration-test/target/test-dir/MiniOzoneClusterImpl-9b1271a8-4299-44cb-bbfb-3eebcf11b219/datanode-5/data/ratis/5289863a-2e55-482f-8098-120af86b047f/current/log_inprogress_0
2019-10-01 15:45:33,972 [Thread-297] INFO  impl.FollowerState (FollowerState.java:run(106)) - f1ba6add-ca0a-4791-abae-69f42b072e96:group-8C59AB58C9C7 changes to CANDIDATE, lastRpcTime:1129, electionTimeout:1113ms
2019-10-01 15:45:33,969 [Thread-294] INFO  impl.FollowerState (FollowerState.java:run(106)) - c28b71e4-b935-41c8-abf7-7de4a956c002:group-85EED25C00BD changes to CANDIDATE, lastRpcTime:1241, electionTimeout:1065ms
2019-10-01 15:45:33,967 [pool-117-thread-1] INFO  storage.RaftStorageDirectory (RaftStorageDirectory.java:tryLock(328)) - Lock on /workdir/hadoop-ozone/integration-test/target/test-dir/MiniOzoneClusterImpl-9b1271a8-4299-44cb-bbfb-3eebcf11b219/datanode-9/data/ratis/0dc41b4d-a950-4598-9bff-5b588368055c/in_use.lock acquired by nodename 12253@pr-hdds-2221-4x997-2286248681
2019-10-01 15:45:33,967 [pool-37-thread-1] INFO  storage.RaftStorageDirectory (RaftStorageDirectory.java:tryLock(328)) - Lock on /workdir/hadoop-ozone/integration-test/target/test-dir/MiniOzoneClusterImpl-9b1271a8-4299-44cb-bbfb-3eebcf11b219/datanode-1/data/ratis/0dc41b4d-a950-4598-9bff-5b588368055c/in_use.lock acquired by nodename 12253@pr-hdds-2221-4x997-2286248681
2019-10-01 15:45:33,973 [Thread-294] INFO  impl.RoleInfo (RoleInfo.java:shutdownFollowerState(121)) - c28b71e4-b935-41c8-abf7-7de4a956c002: shutdown FollowerState
2019-10-01 15:45:33,972 [Thread-297] INFO  impl.RoleInfo (RoleInfo.java:shutdownFollowerState(121)) - f1ba6add-ca0a-4791-abae-69f42b072e96: shutdown FollowerState
2019-10-01 15:45:33,972 [Thread-300] INFO  impl.RoleInfo (RoleInfo.java:shutdownFollowerState(121)) - 6faae4d1-92b7-4646-993b-67f152b9d621: shutdown FollowerState
2019-10-01 15:45:33,972 [17687ae8-18db-4cee-85ef-ee5e0f3bebbe@group-5A58CD680F1F:LeaderElection3] INFO  impl.LeaderElection (LeaderElection.java:askForVotes(182)) - 17687ae8-18db-4cee-85ef-ee5e0f3bebbe@group-5A58CD680F1F:LeaderElection3: begin an election at term 1 for -1: [17687ae8-18db-4cee-85ef-ee5e0f3bebbe:192.168.151.117:44984], old=null
2019-10-01 15:45:33,983 [Thread-294] INFO  impl.RaftServerImpl (RaftServerImpl.java:setRole(174)) - c28b71e4-b935-41c8-abf7-7de4a956c002@group-85EED25C00BD: changes role from  FOLLOWER to CANDIDATE at term 0 for changeToCandidate
2019-10-01 15:45:33,983 [Thread-297] INFO  impl.RaftServerImpl (RaftServerImpl.java:setRole(174)) - f1ba6add-ca0a-4791-abae-69f42b072e96@group-8C59AB58C9C7: changes role from  FOLLOWER to CANDIDATE at term 0 for changeToCandidate
2019-10-01 15:45:33,983 [Thread-300] INFO  impl.RaftServerImpl (RaftServerImpl.java:setRole(174)) - 6faae4d1-92b7-4646-993b-67f152b9d621@group-256AA083550A: changes role from  FOLLOWER to CANDIDATE at term 0 for changeToCandidate
2019-10-01 15:45:33,983 [Thread-294] INFO  impl.RoleInfo (RoleInfo.java:updateAndGet(143)) - c28b71e4-b935-41c8-abf7-7de4a956c002: start LeaderElection
2019-10-01 15:45:33,983 [17687ae8-18db-4cee-85ef-ee5e0f3bebbe@group-5A58CD680F1F:LeaderElection3] INFO  impl.RoleInfo (RoleInfo.java:shutdownLeaderElection(134)) - 17687ae8-18db-4cee-85ef-ee5e0f3bebbe: shutdown LeaderElection
2019-10-01 15:45:33,983 [Thread-300] INFO  impl.RoleInfo (RoleInfo.java:updateAndGet(143)) - 6faae4d1-92b7-4646-993b-67f152b9d621: start LeaderElection
2019-10-01 15:45:33,983 [Thread-297] INFO  impl.RoleInfo (RoleInfo.java:updateAndGet(143)) - f1ba6add-ca0a-4791-abae-69f42b072e96: start LeaderElection
2019-10-01 15:45:33,983 [17687ae8-18db-4cee-85ef-ee5e0f3bebbe@group-5A58CD680F1F:LeaderElection3] INFO  impl.RaftServerImpl (RaftServerImpl.java:setRole(174)) - 17687ae8-18db-4cee-85ef-ee5e0f3bebbe@group-5A58CD680F1F: changes role from CANDIDATE to LEADER at term 1 for changeToLeader
2019-10-01 15:45:33,995 [17687ae8-18db-4cee-85ef-ee5e0f3bebbe@group-5A58CD680F1F:LeaderElection3] INFO  impl.RaftServerImpl (ServerState.java:setLeader(253)) - 17687ae8-18db-4cee-85ef-ee5e0f3bebbe@group-5A58CD680F1F: change Leader from null to 17687ae8-18db-4cee-85ef-ee5e0f3bebbe at term 1 for becomeLeader, leader elected after 1467ms
2019-10-01 15:45:33,995 [17687ae8-18db-4cee-85ef-ee5e0f3bebbe@group-5A58CD680F1F:LeaderElection3] INFO  server.RaftServerConfigKeys (ConfUtils.java:logGet(43)) - raft.server.staging.catchup.gap = 1000 (default)
2019-10-01 15:45:33,995 [17687ae8-18db-4cee-85ef-ee5e0f3bebbe@group-5A58CD680F1F:LeaderElection3] INFO  server.RaftServerConfigKeys (ConfUtils.java:logGet(43)) - raft.server.rpc.sleep.time = 25ms (default)
2019-10-01 15:45:33,996 [17687ae8-18db-4cee-85ef-ee5e0f3bebbe@group-5A58CD680F1F:LeaderElection3] INFO  server.RaftServerConfigKeys (ConfUtils.java:logGet(43)) - raft.server.write.element-limit = 4096 (default)
2019-10-01 15:45:33,996 [17687ae8-18db-4cee-85ef-ee5e0f3bebbe@group-5A58CD680F1F:LeaderElection3] INFO  server.RaftServerConfigKeys (ConfUtils.java:logGet(43)) - raft.server.watch.timeout = 10s (default)
2019-10-01 15:45:33,996 [17687ae8-18db-4cee-85ef-ee5e0f3bebbe@group-5A58CD680F1F:LeaderElection3] INFO  server.RaftServerConfigKeys (ConfUtils.java:logGet(43)) - raft.server.watch.timeout.denomination = 1s (default)
2019-10-01 15:45:33,996 [17687ae8-18db-4cee-85ef-ee5e0f3bebbe@group-5A58CD680F1F:LeaderElection3] INFO  server.RaftServerConfigKeys (ConfUtils.java:logGet(43)) - raft.server.watch.element-limit = 65536 (default)
2019-10-01 15:45:33,999 [17687ae8-18db-4cee-85ef-ee5e0f3bebbe@group-5A58CD680F1F:LeaderElection3] INFO  impl.RoleInfo (RoleInfo.java:updateAndGet(143)) - 17687ae8-18db-4cee-85ef-ee5e0f3bebbe: start LeaderState
2019-10-01 15:45:34,000 [17687ae8-18db-4cee-85ef-ee5e0f3bebbe@group-5A58CD680F1F:LeaderElection3] INFO  segmented.SegmentedRaftLogWorker (SegmentedRaftLogWorker.java:startLogSegment(380)) - 17687ae8-18db-4cee-85ef-ee5e0f3bebbe@group-5A58CD680F1F-SegmentedRaftLogWorker: Starting segment from index:0
2019-10-01 15:45:34,000 [17687ae8-18db-4cee-85ef-ee5e0f3bebbe@group-5A58CD680F1F:LeaderElection3] INFO  impl.RaftServerImpl (ServerState.java:setRaftConf(354)) - 17687ae8-18db-4cee-85ef-ee5e0f3bebbe@group-5A58CD680F1F: set configuration 0: [17687ae8-18db-4cee-85ef-ee5e0f3bebbe:192.168.151.117:44984], old=null at 0
2019-10-01 15:45:34,026 [Thread-303] INFO  impl.FollowerState (FollowerState.java:run(106)) - 4e6a07d6-9c54-412b-b38b-57a241553837:group-A63D04ECDAB4 changes to CANDIDATE, lastRpcTime:1014, electionTimeout:1014ms
2019-10-01 15:45:34,026 [Thread-303] INFO  impl.RoleInfo (RoleInfo.java:shutdownFollowerState(121)) - 4e6a07d6-9c54-412b-b38b-57a241553837: shutdown FollowerState
2019-10-01 15:45:34,026 [Thread-303] INFO  impl.RaftServerImpl (RaftServerImpl.java:setRole(174)) - 4e6a07d6-9c54-412b-b38b-57a241553837@group-A63D04ECDAB4: changes role from  FOLLOWER to CANDIDATE at term 0 for changeToCandidate
2019-10-01 15:45:34,026 [Thread-303] INFO  impl.RoleInfo (RoleInfo.java:updateAndGet(143)) - 4e6a07d6-9c54-412b-b38b-57a241553837: start LeaderElection
2019-10-01 15:45:34,036 [IPC Server handler 18 on 43200] INFO  volume.OMVolumeCreateRequest (OMVolumeCreateRequest.java:validateAndUpdateCache(194)) - created volume:datanodefailurehandlingtest for user:jenkins1000
2019-10-01 15:45:34,055 [pool-37-thread-1] INFO  storage.RaftStorage (RaftStorage.java:format(72)) - Storage directory /workdir/hadoop-ozone/integration-test/target/test-dir/MiniOzoneClusterImpl-9b1271a8-4299-44cb-bbfb-3eebcf11b219/datanode-1/data/ratis/0dc41b4d-a950-4598-9bff-5b588368055c has been successfully formatted.
2019-10-01 15:45:34,055 [pool-87-thread-1] INFO  storage.RaftStorage (RaftStorage.java:format(72)) - Storage directory /workdir/hadoop-ozone/integration-test/target/test-dir/MiniOzoneClusterImpl-9b1271a8-4299-44cb-bbfb-3eebcf11b219/datanode-6/data/ratis/0dc41b4d-a950-4598-9bff-5b588368055c has been successfully formatted.
2019-10-01 15:45:34,055 [pool-117-thread-1] INFO  storage.RaftStorage (RaftStorage.java:format(72)) - Storage directory /workdir/hadoop-ozone/integration-test/target/test-dir/MiniOzoneClusterImpl-9b1271a8-4299-44cb-bbfb-3eebcf11b219/datanode-9/data/ratis/0dc41b4d-a950-4598-9bff-5b588368055c has been successfully formatted.
2019-10-01 15:45:34,056 [pool-37-thread-1] INFO  ratis.ContainerStateMachine (ContainerStateMachine.java:loadSnapshot(230)) - group-5B588368055C: The snapshot info is null. Setting the last applied indexto:(t:0, i:~)
2019-10-01 15:45:34,056 [pool-117-thread-1] INFO  ratis.ContainerStateMachine (ContainerStateMachine.java:loadSnapshot(230)) - group-5B588368055C: The snapshot info is null. Setting the last applied indexto:(t:0, i:~)
2019-10-01 15:45:34,056 [pool-87-thread-1] INFO  ratis.ContainerStateMachine (ContainerStateMachine.java:loadSnapshot(230)) - group-5B588368055C: The snapshot info is null. Setting the last applied indexto:(t:0, i:~)
2019-10-01 15:45:34,056 [pool-117-thread-1] INFO  server.RaftServerConfigKeys (ConfUtils.java:logGet(43)) - raft.server.notification.no-leader.timeout = 120s (custom)
2019-10-01 15:45:34,056 [pool-37-thread-1] INFO  server.RaftServerConfigKeys (ConfUtils.java:logGet(43)) - raft.server.notification.no-leader.timeout = 120s (custom)
2019-10-01 15:45:34,056 [pool-117-thread-1] INFO  server.RaftServerConfigKeys (ConfUtils.java:logGet(43)) - raft.server.log.use.memory = false (default)
2019-10-01 15:45:34,056 [pool-87-thread-1] INFO  server.RaftServerConfigKeys (ConfUtils.java:logGet(43)) - raft.server.notification.no-leader.timeout = 120s (custom)
2019-10-01 15:45:34,057 [pool-117-thread-1] INFO  server.RaftServerConfigKeys (ConfUtils.java:logGet(43)) - raft.server.log.purge.gap = 1000000 (custom)
2019-10-01 15:45:34,057 [pool-37-thread-1] INFO  server.RaftServerConfigKeys (ConfUtils.java:logGet(43)) - raft.server.log.use.memory = false (default)
2019-10-01 15:45:34,057 [pool-117-thread-1] INFO  server.RaftServerConfigKeys (ConfUtils.java:logGet(43)) - raft.server.log.appender.buffer.byte-limit = 33554432 (custom)
2019-10-01 15:45:34,057 [pool-87-thread-1] INFO  server.RaftServerConfigKeys (ConfUtils.java:logGet(43)) - raft.server.log.use.memory = false (default)
2019-10-01 15:45:34,057 [pool-117-thread-1] INFO  server.RaftServerConfigKeys (ConfUtils.java:logGet(43)) - raft.server.log.segment.size.max = 1048576 (custom)
2019-10-01 15:45:34,057 [pool-37-thread-1] INFO  server.RaftServerConfigKeys (ConfUtils.java:logGet(43)) - raft.server.log.purge.gap = 1000000 (custom)
2019-10-01 15:45:34,057 [pool-117-thread-1] INFO  server.RaftServerConfigKeys (ConfUtils.java:logGet(43)) - raft.server.log.segment.cache.num.max = 2 (custom)
2019-10-01 15:45:34,057 [pool-87-thread-1] INFO  server.RaftServerConfigKeys (ConfUtils.java:logGet(43)) - raft.server.log.purge.gap = 1000000 (custom)
2019-10-01 15:45:34,058 [pool-117-thread-1] INFO  segmented.SegmentedRaftLogWorker (SegmentedRaftLogWorker.java:<init>(172)) - new 979f9232-9934-46b7-b55e-9df1564cd0b5@group-5B588368055C-SegmentedRaftLogWorker for RaftStorage:Storage Directory /workdir/hadoop-ozone/integration-test/target/test-dir/MiniOzoneClusterImpl-9b1271a8-4299-44cb-bbfb-3eebcf11b219/datanode-9/data/ratis/0dc41b4d-a950-4598-9bff-5b588368055c
2019-10-01 15:45:34,058 [pool-37-thread-1] INFO  server.RaftServerConfigKeys (ConfUtils.java:logGet(43)) - raft.server.log.appender.buffer.byte-limit = 33554432 (custom)
2019-10-01 15:45:34,058 [pool-117-thread-1] INFO  server.RaftServerConfigKeys (ConfUtils.java:logGet(43)) - raft.server.log.queue.byte-limit = 2147483647 (custom)
2019-10-01 15:45:34,058 [pool-87-thread-1] INFO  server.RaftServerConfigKeys (ConfUtils.java:logGet(43)) - raft.server.log.appender.buffer.byte-limit = 33554432 (custom)
2019-10-01 15:45:34,058 [pool-117-thread-1] INFO  server.RaftServerConfigKeys (ConfUtils.java:logGet(43)) - raft.server.log.queue.element-limit = 1024 (custom)
2019-10-01 15:45:34,058 [pool-37-thread-1] INFO  server.RaftServerConfigKeys (ConfUtils.java:logGet(43)) - raft.server.log.segment.size.max = 1048576 (custom)
2019-10-01 15:45:34,059 [pool-117-thread-1] INFO  server.RaftServerConfigKeys (ConfUtils.java:logGet(43)) - raft.server.log.segment.size.max = 1048576 (custom)
2019-10-01 15:45:34,058 [pool-87-thread-1] INFO  server.RaftServerConfigKeys (ConfUtils.java:logGet(43)) - raft.server.log.segment.size.max = 1048576 (custom)
2019-10-01 15:45:34,059 [pool-117-thread-1] INFO  server.RaftServerConfigKeys (ConfUtils.java:logGet(43)) - raft.server.log.preallocated.size = 16384 (custom)
2019-10-01 15:45:34,059 [pool-37-thread-1] INFO  server.RaftServerConfigKeys (ConfUtils.java:logGet(43)) - raft.server.log.segment.cache.num.max = 2 (custom)
2019-10-01 15:45:34,059 [pool-117-thread-1] INFO  server.RaftServerConfigKeys (ConfUtils.java:logGet(43)) - raft.server.log.write.buffer.size = 33554432 (custom)
2019-10-01 15:45:34,059 [pool-87-thread-1] INFO  server.RaftServerConfigKeys (ConfUtils.java:logGet(43)) - raft.server.log.segment.cache.num.max = 2 (custom)
2019-10-01 15:45:34,059 [pool-117-thread-1] INFO  server.RaftServerConfigKeys (ConfUtils.java:logGet(43)) - raft.server.log.force.sync.num = 128 (default)
2019-10-01 15:45:34,059 [pool-37-thread-1] INFO  segmented.SegmentedRaftLogWorker (SegmentedRaftLogWorker.java:<init>(172)) - new ce462447-f21b-46ca-8863-5bada9d1e9f5@group-5B588368055C-SegmentedRaftLogWorker for RaftStorage:Storage Directory /workdir/hadoop-ozone/integration-test/target/test-dir/MiniOzoneClusterImpl-9b1271a8-4299-44cb-bbfb-3eebcf11b219/datanode-1/data/ratis/0dc41b4d-a950-4598-9bff-5b588368055c
2019-10-01 15:45:34,059 [pool-117-thread-1] INFO  server.RaftServerConfigKeys (ConfUtils.java:logGet(43)) - raft.server.log.statemachine.data.sync = true (default)
2019-10-01 15:45:34,059 [pool-87-thread-1] INFO  segmented.SegmentedRaftLogWorker (SegmentedRaftLogWorker.java:<init>(172)) - new 4e6a07d6-9c54-412b-b38b-57a241553837@group-5B588368055C-SegmentedRaftLogWorker for RaftStorage:Storage Directory /workdir/hadoop-ozone/integration-test/target/test-dir/MiniOzoneClusterImpl-9b1271a8-4299-44cb-bbfb-3eebcf11b219/datanode-6/data/ratis/0dc41b4d-a950-4598-9bff-5b588368055c
2019-10-01 15:45:34,060 [pool-117-thread-1] INFO  server.RaftServerConfigKeys (ConfUtils.java:logGet(43)) - raft.server.log.statemachine.data.sync.timeout = 10s (default)
2019-10-01 15:45:34,060 [pool-37-thread-1] INFO  server.RaftServerConfigKeys (ConfUtils.java:logGet(43)) - raft.server.log.queue.byte-limit = 2147483647 (custom)
2019-10-01 15:45:34,060 [pool-117-thread-1] INFO  server.RaftServerConfigKeys (ConfUtils.java:logGet(43)) - raft.server.log.statemachine.data.sync.timeout.retry = -1 (default)
2019-10-01 15:45:34,060 [pool-87-thread-1] INFO  server.RaftServerConfigKeys (ConfUtils.java:logGet(43)) - raft.server.log.queue.byte-limit = 2147483647 (custom)
2019-10-01 15:45:34,060 [pool-37-thread-1] INFO  server.RaftServerConfigKeys (ConfUtils.java:logGet(43)) - raft.server.log.queue.element-limit = 1024 (custom)
2019-10-01 15:45:34,060 [pool-87-thread-1] INFO  server.RaftServerConfigKeys (ConfUtils.java:logGet(43)) - raft.server.log.queue.element-limit = 1024 (custom)
2019-10-01 15:45:34,073 [6faae4d1-92b7-4646-993b-67f152b9d621@group-256AA083550A:LeaderElection6] INFO  impl.LeaderElection (LeaderElection.java:askForVotes(182)) - 6faae4d1-92b7-4646-993b-67f152b9d621@group-256AA083550A:LeaderElection6: begin an election at term 1 for -1: [6faae4d1-92b7-4646-993b-67f152b9d621:192.168.151.117:41086], old=null
2019-10-01 15:45:34,060 [pool-117-thread-1] INFO  server.RaftServerConfigKeys (ConfUtils.java:logGet(43)) - raft.server.log.statemachine.data.caching.enabled = true (custom)
2019-10-01 15:45:34,073 [6faae4d1-92b7-4646-993b-67f152b9d621@group-256AA083550A:LeaderElection6] INFO  impl.RoleInfo (RoleInfo.java:shutdownLeaderElection(134)) - 6faae4d1-92b7-4646-993b-67f152b9d621: shutdown LeaderElection
2019-10-01 15:45:34,073 [pool-87-thread-1] INFO  server.RaftServerConfigKeys (ConfUtils.java:logGet(43)) - raft.server.log.segment.size.max = 1048576 (custom)
2019-10-01 15:45:34,076 [pool-117-thread-1] INFO  segmented.SegmentedRaftLogWorker (SegmentedRaftLogWorker.java:lambda$new$0(132)) - 979f9232-9934-46b7-b55e-9df1564cd0b5@group-5B588368055C-SegmentedRaftLogWorker: flushIndex: setUnconditionally 0 -> -1
2019-10-01 15:45:34,073 [c28b71e4-b935-41c8-abf7-7de4a956c002@group-85EED25C00BD:LeaderElection4] INFO  impl.LeaderElection (LeaderElection.java:askForVotes(182)) - c28b71e4-b935-41c8-abf7-7de4a956c002@group-85EED25C00BD:LeaderElection4: begin an election at term 1 for -1: [c28b71e4-b935-41c8-abf7-7de4a956c002:192.168.151.117:35347], old=null
2019-10-01 15:45:34,073 [f1ba6add-ca0a-4791-abae-69f42b072e96@group-8C59AB58C9C7:LeaderElection5] INFO  impl.LeaderElection (LeaderElection.java:askForVotes(182)) - f1ba6add-ca0a-4791-abae-69f42b072e96@group-8C59AB58C9C7:LeaderElection5: begin an election at term 1 for -1: [f1ba6add-ca0a-4791-abae-69f42b072e96:192.168.151.117:38270], old=null
2019-10-01 15:45:34,073 [4e6a07d6-9c54-412b-b38b-57a241553837@group-A63D04ECDAB4:LeaderElection7] INFO  impl.LeaderElection (LeaderElection.java:askForVotes(182)) - 4e6a07d6-9c54-412b-b38b-57a241553837@group-A63D04ECDAB4:LeaderElection7: begin an election at term 1 for -1: [4e6a07d6-9c54-412b-b38b-57a241553837:192.168.151.117:38655], old=null
2019-10-01 15:45:34,073 [pool-37-thread-1] INFO  server.RaftServerConfigKeys (ConfUtils.java:logGet(43)) - raft.server.log.segment.size.max = 1048576 (custom)
2019-10-01 15:45:34,080 [4e6a07d6-9c54-412b-b38b-57a241553837@group-A63D04ECDAB4:LeaderElection7] INFO  impl.RoleInfo (RoleInfo.java:shutdownLeaderElection(134)) - 4e6a07d6-9c54-412b-b38b-57a241553837: shutdown LeaderElection
2019-10-01 15:45:34,078 [f1ba6add-ca0a-4791-abae-69f42b072e96@group-8C59AB58C9C7:LeaderElection5] INFO  impl.RoleInfo (RoleInfo.java:shutdownLeaderElection(134)) - f1ba6add-ca0a-4791-abae-69f42b072e96: shutdown LeaderElection
2019-10-01 15:45:34,078 [c28b71e4-b935-41c8-abf7-7de4a956c002@group-85EED25C00BD:LeaderElection4] INFO  impl.RoleInfo (RoleInfo.java:shutdownLeaderElection(134)) - c28b71e4-b935-41c8-abf7-7de4a956c002: shutdown LeaderElection
2019-10-01 15:45:34,076 [pool-117-thread-1] INFO  server.RaftServerConfigKeys (ConfUtils.java:logGet(43)) - raft.server.snapshot.auto.trigger.enabled = true (custom)
2019-10-01 15:45:34,076 [pool-87-thread-1] INFO  server.RaftServerConfigKeys (ConfUtils.java:logGet(43)) - raft.server.log.preallocated.size = 16384 (custom)
2019-10-01 15:45:34,076 [6faae4d1-92b7-4646-993b-67f152b9d621@group-256AA083550A:LeaderElection6] INFO  impl.RaftServerImpl (RaftServerImpl.java:setRole(174)) - 6faae4d1-92b7-4646-993b-67f152b9d621@group-256AA083550A: changes role from CANDIDATE to LEADER at term 1 for changeToLeader
2019-10-01 15:45:34,081 [pool-87-thread-1] INFO  server.RaftServerConfigKeys (ConfUtils.java:logGet(43)) - raft.server.log.write.buffer.size = 33554432 (custom)
2019-10-01 15:45:34,081 [pool-117-thread-1] INFO  server.RaftServerConfigKeys (ConfUtils.java:logGet(43)) - raft.server.snapshot.auto.trigger.threshold = 10000 (custom)
2019-10-01 15:45:34,081 [c28b71e4-b935-41c8-abf7-7de4a956c002@group-85EED25C00BD:LeaderElection4] INFO  impl.RaftServerImpl (RaftServerImpl.java:setRole(174)) - c28b71e4-b935-41c8-abf7-7de4a956c002@group-85EED25C00BD: changes role from CANDIDATE to LEADER at term 1 for changeToLeader
2019-10-01 15:45:34,081 [f1ba6add-ca0a-4791-abae-69f42b072e96@group-8C59AB58C9C7:LeaderElection5] INFO  impl.RaftServerImpl (RaftServerImpl.java:setRole(174)) - f1ba6add-ca0a-4791-abae-69f42b072e96@group-8C59AB58C9C7: changes role from CANDIDATE to LEADER at term 1 for changeToLeader
2019-10-01 15:45:34,081 [4e6a07d6-9c54-412b-b38b-57a241553837@group-A63D04ECDAB4:LeaderElection7] INFO  impl.RaftServerImpl (RaftServerImpl.java:setRole(174)) - 4e6a07d6-9c54-412b-b38b-57a241553837@group-A63D04ECDAB4: changes role from CANDIDATE to LEADER at term 1 for changeToLeader
2019-10-01 15:45:34,081 [pool-37-thread-1] INFO  server.RaftServerConfigKeys (ConfUtils.java:logGet(43)) - raft.server.log.preallocated.size = 16384 (custom)
2019-10-01 15:45:34,082 [4e6a07d6-9c54-412b-b38b-57a241553837@group-A63D04ECDAB4:LeaderElection7] INFO  impl.RaftServerImpl (ServerState.java:setLeader(253)) - 4e6a07d6-9c54-412b-b38b-57a241553837@group-A63D04ECDAB4: change Leader from null to 4e6a07d6-9c54-412b-b38b-57a241553837 at term 1 for becomeLeader, leader elected after 1079ms
2019-10-01 15:45:34,082 [f1ba6add-ca0a-4791-abae-69f42b072e96@group-8C59AB58C9C7:LeaderElection5] INFO  impl.RaftServerImpl (ServerState.java:setLeader(253)) - f1ba6add-ca0a-4791-abae-69f42b072e96@group-8C59AB58C9C7: change Leader from null to f1ba6add-ca0a-4791-abae-69f42b072e96 at term 1 for becomeLeader, leader elected after 1250ms
2019-10-01 15:45:34,082 [c28b71e4-b935-41c8-abf7-7de4a956c002@group-85EED25C00BD:LeaderElection4] INFO  impl.RaftServerImpl (ServerState.java:setLeader(253)) - c28b71e4-b935-41c8-abf7-7de4a956c002@group-85EED25C00BD: change Leader from null to c28b71e4-b935-41c8-abf7-7de4a956c002 at term 1 for becomeLeader, leader elected after 1368ms
2019-10-01 15:45:34,082 [pool-117-thread-1] INFO  server.RaftServerConfigKeys (ConfUtils.java:logGet(43)) - raft.server.snapshot.retention.num.files = 5 (custom)
2019-10-01 15:45:34,081 [pool-87-thread-1] INFO  server.RaftServerConfigKeys (ConfUtils.java:logGet(43)) - raft.server.log.force.sync.num = 128 (default)
2019-10-01 15:45:34,081 [6faae4d1-92b7-4646-993b-67f152b9d621@group-256AA083550A:LeaderElection6] INFO  impl.RaftServerImpl (ServerState.java:setLeader(253)) - 6faae4d1-92b7-4646-993b-67f152b9d621@group-256AA083550A: change Leader from null to 6faae4d1-92b7-4646-993b-67f152b9d621 at term 1 for becomeLeader, leader elected after 1153ms
2019-10-01 15:45:34,085 [pool-117-thread-1] INFO  server.RaftServerConfigKeys (ConfUtils.java:logGet(43)) - raft.server.retrycache.expirytime = 600000ms (custom)
2019-10-01 15:45:34,085 [pool-87-thread-1] INFO  server.RaftServerConfigKeys (ConfUtils.java:logGet(43)) - raft.server.log.statemachine.data.sync = true (default)
2019-10-01 15:45:34,084 [c28b71e4-b935-41c8-abf7-7de4a956c002@group-85EED25C00BD:LeaderElection4] INFO  server.RaftServerConfigKeys (ConfUtils.java:logGet(43)) - raft.server.staging.catchup.gap = 1000 (default)
2019-10-01 15:45:34,084 [f1ba6add-ca0a-4791-abae-69f42b072e96@group-8C59AB58C9C7:LeaderElection5] INFO  server.RaftServerConfigKeys (ConfUtils.java:logGet(43)) - raft.server.staging.catchup.gap = 1000 (default)
2019-10-01 15:45:34,084 [4e6a07d6-9c54-412b-b38b-57a241553837@group-A63D04ECDAB4:LeaderElection7] INFO  server.RaftServerConfigKeys (ConfUtils.java:logGet(43)) - raft.server.staging.catchup.gap = 1000 (default)
2019-10-01 15:45:34,082 [pool-37-thread-1] INFO  server.RaftServerConfigKeys (ConfUtils.java:logGet(43)) - raft.server.log.write.buffer.size = 33554432 (custom)
2019-10-01 15:45:34,086 [4e6a07d6-9c54-412b-b38b-57a241553837@group-A63D04ECDAB4:LeaderElection7] INFO  server.RaftServerConfigKeys (ConfUtils.java:logGet(43)) - raft.server.rpc.sleep.time = 25ms (default)
2019-10-01 15:45:34,085 [f1ba6add-ca0a-4791-abae-69f42b072e96@group-8C59AB58C9C7:LeaderElection5] INFO  server.RaftServerConfigKeys (ConfUtils.java:logGet(43)) - raft.server.rpc.sleep.time = 25ms (default)
2019-10-01 15:45:34,085 [c28b71e4-b935-41c8-abf7-7de4a956c002@group-85EED25C00BD:LeaderElection4] INFO  server.RaftServerConfigKeys (ConfUtils.java:logGet(43)) - raft.server.rpc.sleep.time = 25ms (default)
2019-10-01 15:45:34,085 [pool-87-thread-1] INFO  server.RaftServerConfigKeys (ConfUtils.java:logGet(43)) - raft.server.log.statemachine.data.sync.timeout = 10s (default)
2019-10-01 15:45:34,085 [6faae4d1-92b7-4646-993b-67f152b9d621@group-256AA083550A:LeaderElection6] INFO  server.RaftServerConfigKeys (ConfUtils.java:logGet(43)) - raft.server.staging.catchup.gap = 1000 (default)
2019-10-01 15:45:34,086 [c28b71e4-b935-41c8-abf7-7de4a956c002@group-85EED25C00BD:LeaderElection4] INFO  server.RaftServerConfigKeys (ConfUtils.java:logGet(43)) - raft.server.write.element-limit = 4096 (default)
2019-10-01 15:45:34,086 [pool-87-thread-1] INFO  server.RaftServerConfigKeys (ConfUtils.java:logGet(43)) - raft.server.log.statemachine.data.sync.timeout.retry = -1 (default)
2019-10-01 15:45:34,086 [f1ba6add-ca0a-4791-abae-69f42b072e96@group-8C59AB58C9C7:LeaderElection5] INFO  server.RaftServerConfigKeys (ConfUtils.java:logGet(43)) - raft.server.write.element-limit = 4096 (default)
2019-10-01 15:45:34,086 [4e6a07d6-9c54-412b-b38b-57a241553837@group-A63D04ECDAB4:LeaderElection7] INFO  server.RaftServerConfigKeys (ConfUtils.java:logGet(43)) - raft.server.write.element-limit = 4096 (default)
2019-10-01 15:45:34,087 [4e6a07d6-9c54-412b-b38b-57a241553837@group-A63D04ECDAB4:LeaderElection7] INFO  server.RaftServerConfigKeys (ConfUtils.java:logGet(43)) - raft.server.watch.timeout = 10s (default)
2019-10-01 15:45:34,087 [4e6a07d6-9c54-412b-b38b-57a241553837@group-A63D04ECDAB4:LeaderElection7] INFO  server.RaftServerConfigKeys (ConfUtils.java:logGet(43)) - raft.server.watch.timeout.denomination = 1s (default)
2019-10-01 15:45:34,086 [pool-37-thread-1] INFO  server.RaftServerConfigKeys (ConfUtils.java:logGet(43)) - raft.server.log.force.sync.num = 128 (default)
2019-10-01 15:45:34,087 [17687ae8-18db-4cee-85ef-ee5e0f3bebbe@group-5A58CD680F1F-SegmentedRaftLogWorker] INFO  segmented.SegmentedRaftLogWorker (SegmentedRaftLogWorker.java:execute(569)) - 17687ae8-18db-4cee-85ef-ee5e0f3bebbe@group-5A58CD680F1F-SegmentedRaftLogWorker: created new log segment /workdir/hadoop-ozone/integration-test/target/test-dir/MiniOzoneClusterImpl-9b1271a8-4299-44cb-bbfb-3eebcf11b219/datanode-7/data/ratis/e981d209-37c2-427e-a000-5a58cd680f1f/current/log_inprogress_0
2019-10-01 15:45:34,087 [4e6a07d6-9c54-412b-b38b-57a241553837@group-A63D04ECDAB4:LeaderElection7] INFO  server.RaftServerConfigKeys (ConfUtils.java:logGet(43)) - raft.server.watch.element-limit = 65536 (default)
2019-10-01 15:45:34,087 [f1ba6add-ca0a-4791-abae-69f42b072e96@group-8C59AB58C9C7:LeaderElection5] INFO  server.RaftServerConfigKeys (ConfUtils.java:logGet(43)) - raft.server.watch.timeout = 10s (default)
2019-10-01 15:45:34,087 [pool-87-thread-1] INFO  server.RaftServerConfigKeys (ConfUtils.java:logGet(43)) - raft.server.log.statemachine.data.caching.enabled = true (custom)
2019-10-01 15:45:34,087 [c28b71e4-b935-41c8-abf7-7de4a956c002@group-85EED25C00BD:LeaderElection4] INFO  server.RaftServerConfigKeys (ConfUtils.java:logGet(43)) - raft.server.watch.timeout = 10s (default)
2019-10-01 15:45:34,087 [6faae4d1-92b7-4646-993b-67f152b9d621@group-256AA083550A:LeaderElection6] INFO  server.RaftServerConfigKeys (ConfUtils.java:logGet(43)) - raft.server.rpc.sleep.time = 25ms (default)
2019-10-01 15:45:34,088 [c28b71e4-b935-41c8-abf7-7de4a956c002@group-85EED25C00BD:LeaderElection4] INFO  server.RaftServerConfigKeys (ConfUtils.java:logGet(43)) - raft.server.watch.timeout.denomination = 1s (default)
2019-10-01 15:45:34,088 [6faae4d1-92b7-4646-993b-67f152b9d621@group-256AA083550A:LeaderElection6] INFO  server.RaftServerConfigKeys (ConfUtils.java:logGet(43)) - raft.server.write.element-limit = 4096 (default)
2019-10-01 15:45:34,088 [pool-87-thread-1] INFO  segmented.SegmentedRaftLogWorker (SegmentedRaftLogWorker.java:lambda$new$0(132)) - 4e6a07d6-9c54-412b-b38b-57a241553837@group-5B588368055C-SegmentedRaftLogWorker: flushIndex: setUnconditionally 0 -> -1
2019-10-01 15:45:34,088 [f1ba6add-ca0a-4791-abae-69f42b072e96@group-8C59AB58C9C7:LeaderElection5] INFO  server.RaftServerConfigKeys (ConfUtils.java:logGet(43)) - raft.server.watch.timeout.denomination = 1s (default)
2019-10-01 15:45:34,087 [pool-37-thread-1] INFO  server.RaftServerConfigKeys (ConfUtils.java:logGet(43)) - raft.server.log.statemachine.data.sync = true (default)
2019-10-01 15:45:34,089 [f1ba6add-ca0a-4791-abae-69f42b072e96@group-8C59AB58C9C7:LeaderElection5] INFO  server.RaftServerConfigKeys (ConfUtils.java:logGet(43)) - raft.server.watch.element-limit = 65536 (default)
2019-10-01 15:45:34,089 [pool-87-thread-1] INFO  server.RaftServerConfigKeys (ConfUtils.java:logGet(43)) - raft.server.snapshot.auto.trigger.enabled = true (custom)
2019-10-01 15:45:34,089 [pool-87-thread-1] INFO  server.RaftServerConfigKeys (ConfUtils.java:logGet(43)) - raft.server.snapshot.auto.trigger.threshold = 10000 (custom)
2019-10-01 15:45:34,089 [pool-87-thread-1] INFO  server.RaftServerConfigKeys (ConfUtils.java:logGet(43)) - raft.server.snapshot.retention.num.files = 5 (custom)
2019-10-01 15:45:34,090 [pool-87-thread-1] INFO  server.RaftServerConfigKeys (ConfUtils.java:logGet(43)) - raft.server.retrycache.expirytime = 600000ms (custom)
2019-10-01 15:45:34,089 [6faae4d1-92b7-4646-993b-67f152b9d621@group-256AA083550A:LeaderElection6] INFO  server.RaftServerConfigKeys (ConfUtils.java:logGet(43)) - raft.server.watch.timeout = 10s (default)
2019-10-01 15:45:34,088 [pool-117-thread-1] INFO  impl.RaftServerImpl (RaftServerImpl.java:start(185)) - 979f9232-9934-46b7-b55e-9df1564cd0b5@group-5B588368055C: start as a follower, conf=-1: [4e6a07d6-9c54-412b-b38b-57a241553837:192.168.151.117:38655, ce462447-f21b-46ca-8863-5bada9d1e9f5:192.168.151.117:45778, 979f9232-9934-46b7-b55e-9df1564cd0b5:192.168.151.117:36138], old=null
2019-10-01 15:45:34,088 [c28b71e4-b935-41c8-abf7-7de4a956c002@group-85EED25C00BD:LeaderElection4] INFO  server.RaftServerConfigKeys (ConfUtils.java:logGet(43)) - raft.server.watch.element-limit = 65536 (default)
2019-10-01 15:45:34,090 [6faae4d1-92b7-4646-993b-67f152b9d621@group-256AA083550A:LeaderElection6] INFO  server.RaftServerConfigKeys (ConfUtils.java:logGet(43)) - raft.server.watch.timeout.denomination = 1s (default)
2019-10-01 15:45:34,089 [main] INFO  rpc.RpcClient (RpcClient.java:createBucket(415)) - Creating Bucket: datanodefailurehandlingtest/datanodefailurehandlingtest, with Versioning false and Storage Type set to DISK and Encryption set to false 
2019-10-01 15:45:34,089 [4e6a07d6-9c54-412b-b38b-57a241553837@group-A63D04ECDAB4:LeaderElection7] INFO  impl.RoleInfo (RoleInfo.java:updateAndGet(143)) - 4e6a07d6-9c54-412b-b38b-57a241553837: start LeaderState
2019-10-01 15:45:34,089 [pool-37-thread-1] INFO  server.RaftServerConfigKeys (ConfUtils.java:logGet(43)) - raft.server.log.statemachine.data.sync.timeout = 10s (default)
2019-10-01 15:45:34,091 [pool-117-thread-1] INFO  impl.RaftServerImpl (RaftServerImpl.java:setRole(174)) - 979f9232-9934-46b7-b55e-9df1564cd0b5@group-5B588368055C: changes role from      null to FOLLOWER at term 0 for startAsFollower
2019-10-01 15:45:34,091 [6faae4d1-92b7-4646-993b-67f152b9d621@group-256AA083550A:LeaderElection6] INFO  server.RaftServerConfigKeys (ConfUtils.java:logGet(43)) - raft.server.watch.element-limit = 65536 (default)
2019-10-01 15:45:34,093 [pool-87-thread-1] INFO  impl.RaftServerImpl (RaftServerImpl.java:start(185)) - 4e6a07d6-9c54-412b-b38b-57a241553837@group-5B588368055C: start as a follower, conf=-1: [4e6a07d6-9c54-412b-b38b-57a241553837:192.168.151.117:38655, ce462447-f21b-46ca-8863-5bada9d1e9f5:192.168.151.117:45778, 979f9232-9934-46b7-b55e-9df1564cd0b5:192.168.151.117:36138], old=null
2019-10-01 15:45:34,093 [pool-117-thread-1] INFO  impl.RoleInfo (RoleInfo.java:updateAndGet(143)) - 979f9232-9934-46b7-b55e-9df1564cd0b5: start FollowerState
2019-10-01 15:45:34,092 [f1ba6add-ca0a-4791-abae-69f42b072e96@group-8C59AB58C9C7:LeaderElection5] INFO  impl.RoleInfo (RoleInfo.java:updateAndGet(143)) - f1ba6add-ca0a-4791-abae-69f42b072e96: start LeaderState
2019-10-01 15:45:34,093 [f1ba6add-ca0a-4791-abae-69f42b072e96@group-8C59AB58C9C7:LeaderElection5] INFO  segmented.SegmentedRaftLogWorker (SegmentedRaftLogWorker.java:startLogSegment(380)) - f1ba6add-ca0a-4791-abae-69f42b072e96@group-8C59AB58C9C7-SegmentedRaftLogWorker: Starting segment from index:0
2019-10-01 15:45:34,093 [pool-117-thread-1] INFO  util.JmxRegister (JmxRegister.java:tryRegister(44)) - Successfully registered JMX Bean with object name Ratis:service=RaftServer,group=group-5B588368055C,id=979f9232-9934-46b7-b55e-9df1564cd0b5
2019-10-01 15:45:34,092 [4e6a07d6-9c54-412b-b38b-57a241553837@group-A63D04ECDAB4:LeaderElection7] INFO  segmented.SegmentedRaftLogWorker (SegmentedRaftLogWorker.java:startLogSegment(380)) - 4e6a07d6-9c54-412b-b38b-57a241553837@group-A63D04ECDAB4-SegmentedRaftLogWorker: Starting segment from index:0
2019-10-01 15:45:34,092 [pool-37-thread-1] INFO  server.RaftServerConfigKeys (ConfUtils.java:logGet(43)) - raft.server.log.statemachine.data.sync.timeout.retry = -1 (default)
2019-10-01 15:45:34,093 [c28b71e4-b935-41c8-abf7-7de4a956c002@group-85EED25C00BD:LeaderElection4] INFO  impl.RoleInfo (RoleInfo.java:updateAndGet(143)) - c28b71e4-b935-41c8-abf7-7de4a956c002: start LeaderState
2019-10-01 15:45:34,093 [pool-87-thread-1] INFO  impl.RaftServerImpl (RaftServerImpl.java:setRole(174)) - 4e6a07d6-9c54-412b-b38b-57a241553837@group-5B588368055C: changes role from      null to FOLLOWER at term 0 for startAsFollower
2019-10-01 15:45:34,094 [c28b71e4-b935-41c8-abf7-7de4a956c002@group-85EED25C00BD:LeaderElection4] INFO  segmented.SegmentedRaftLogWorker (SegmentedRaftLogWorker.java:startLogSegment(380)) - c28b71e4-b935-41c8-abf7-7de4a956c002@group-85EED25C00BD-SegmentedRaftLogWorker: Starting segment from index:0
2019-10-01 15:45:34,094 [f1ba6add-ca0a-4791-abae-69f42b072e96@group-8C59AB58C9C7:LeaderElection5] INFO  impl.RaftServerImpl (ServerState.java:setRaftConf(354)) - f1ba6add-ca0a-4791-abae-69f42b072e96@group-8C59AB58C9C7: set configuration 0: [f1ba6add-ca0a-4791-abae-69f42b072e96:192.168.151.117:38270], old=null at 0
2019-10-01 15:45:34,096 [6faae4d1-92b7-4646-993b-67f152b9d621@group-256AA083550A:LeaderElection6] INFO  impl.RoleInfo (RoleInfo.java:updateAndGet(143)) - 6faae4d1-92b7-4646-993b-67f152b9d621: start LeaderState
2019-10-01 15:45:34,096 [6faae4d1-92b7-4646-993b-67f152b9d621@group-256AA083550A:LeaderElection6] INFO  segmented.SegmentedRaftLogWorker (SegmentedRaftLogWorker.java:startLogSegment(380)) - 6faae4d1-92b7-4646-993b-67f152b9d621@group-256AA083550A-SegmentedRaftLogWorker: Starting segment from index:0
2019-10-01 15:45:34,128 [c28b71e4-b935-41c8-abf7-7de4a956c002@group-85EED25C00BD:LeaderElection4] INFO  impl.RaftServerImpl (ServerState.java:setRaftConf(354)) - c28b71e4-b935-41c8-abf7-7de4a956c002@group-85EED25C00BD: set configuration 0: [c28b71e4-b935-41c8-abf7-7de4a956c002:192.168.151.117:35347], old=null at 0
2019-10-01 15:45:34,128 [4e6a07d6-9c54-412b-b38b-57a241553837@group-A63D04ECDAB4:LeaderElection7] INFO  impl.RaftServerImpl (ServerState.java:setRaftConf(354)) - 4e6a07d6-9c54-412b-b38b-57a241553837@group-A63D04ECDAB4: set configuration 0: [4e6a07d6-9c54-412b-b38b-57a241553837:192.168.151.117:38655], old=null at 0
2019-10-01 15:45:34,128 [pool-37-thread-1] INFO  server.RaftServerConfigKeys (ConfUtils.java:logGet(43)) - raft.server.log.statemachine.data.caching.enabled = true (custom)
2019-10-01 15:45:34,128 [pool-87-thread-1] INFO  impl.RoleInfo (RoleInfo.java:updateAndGet(143)) - 4e6a07d6-9c54-412b-b38b-57a241553837: start FollowerState
2019-10-01 15:45:34,170 [6faae4d1-92b7-4646-993b-67f152b9d621@group-256AA083550A:LeaderElection6] INFO  impl.RaftServerImpl (ServerState.java:setRaftConf(354)) - 6faae4d1-92b7-4646-993b-67f152b9d621@group-256AA083550A: set configuration 0: [6faae4d1-92b7-4646-993b-67f152b9d621:192.168.151.117:41086], old=null at 0
2019-10-01 15:45:34,179 [pool-37-thread-1] INFO  segmented.SegmentedRaftLogWorker (SegmentedRaftLogWorker.java:lambda$new$0(132)) - ce462447-f21b-46ca-8863-5bada9d1e9f5@group-5B588368055C-SegmentedRaftLogWorker: flushIndex: setUnconditionally 0 -> -1
2019-10-01 15:45:34,182 [pool-87-thread-1] INFO  util.JmxRegister (JmxRegister.java:tryRegister(44)) - Successfully registered JMX Bean with object name Ratis:service=RaftServer,group=group-5B588368055C,id=4e6a07d6-9c54-412b-b38b-57a241553837
2019-10-01 15:45:34,182 [pool-37-thread-1] INFO  server.RaftServerConfigKeys (ConfUtils.java:logGet(43)) - raft.server.snapshot.auto.trigger.enabled = true (custom)
2019-10-01 15:45:34,185 [pool-37-thread-1] INFO  server.RaftServerConfigKeys (ConfUtils.java:logGet(43)) - raft.server.snapshot.auto.trigger.threshold = 10000 (custom)
2019-10-01 15:45:34,185 [pool-37-thread-1] INFO  server.RaftServerConfigKeys (ConfUtils.java:logGet(43)) - raft.server.snapshot.retention.num.files = 5 (custom)
2019-10-01 15:45:34,186 [pool-37-thread-1] INFO  server.RaftServerConfigKeys (ConfUtils.java:logGet(43)) - raft.server.retrycache.expirytime = 600000ms (custom)
2019-10-01 15:45:34,190 [4e6a07d6-9c54-412b-b38b-57a241553837@group-A63D04ECDAB4-SegmentedRaftLogWorker] INFO  segmented.SegmentedRaftLogWorker (SegmentedRaftLogWorker.java:execute(569)) - 4e6a07d6-9c54-412b-b38b-57a241553837@group-A63D04ECDAB4-SegmentedRaftLogWorker: created new log segment /workdir/hadoop-ozone/integration-test/target/test-dir/MiniOzoneClusterImpl-9b1271a8-4299-44cb-bbfb-3eebcf11b219/datanode-6/data/ratis/c76b0d0d-f816-4025-9b16-a63d04ecdab4/current/log_inprogress_0
2019-10-01 15:45:34,190 [f1ba6add-ca0a-4791-abae-69f42b072e96@group-8C59AB58C9C7-SegmentedRaftLogWorker] INFO  segmented.SegmentedRaftLogWorker (SegmentedRaftLogWorker.java:execute(569)) - f1ba6add-ca0a-4791-abae-69f42b072e96@group-8C59AB58C9C7-SegmentedRaftLogWorker: created new log segment /workdir/hadoop-ozone/integration-test/target/test-dir/MiniOzoneClusterImpl-9b1271a8-4299-44cb-bbfb-3eebcf11b219/datanode-3/data/ratis/95e4f737-4754-4f38-a5e3-8c59ab58c9c7/current/log_inprogress_0
2019-10-01 15:45:34,191 [Thread-283] INFO  container.ReplicationManager (ReplicationManager.java:start(162)) - Starting Replication Monitor Thread.
2019-10-01 15:45:34,195 [ReplicationMonitor] INFO  container.ReplicationManager (ReplicationManager.java:run(225)) - Replication Monitor Thread took 0 milliseconds for processing 0 containers.
2019-10-01 15:45:34,199 [pool-37-thread-1] INFO  impl.RaftServerImpl (RaftServerImpl.java:start(185)) - ce462447-f21b-46ca-8863-5bada9d1e9f5@group-5B588368055C: start as a follower, conf=-1: [4e6a07d6-9c54-412b-b38b-57a241553837:192.168.151.117:38655, ce462447-f21b-46ca-8863-5bada9d1e9f5:192.168.151.117:45778, 979f9232-9934-46b7-b55e-9df1564cd0b5:192.168.151.117:36138], old=null
2019-10-01 15:45:34,199 [pool-37-thread-1] INFO  impl.RaftServerImpl (RaftServerImpl.java:setRole(174)) - ce462447-f21b-46ca-8863-5bada9d1e9f5@group-5B588368055C: changes role from      null to FOLLOWER at term 0 for startAsFollower
2019-10-01 15:45:34,199 [pool-37-thread-1] INFO  impl.RoleInfo (RoleInfo.java:updateAndGet(143)) - ce462447-f21b-46ca-8863-5bada9d1e9f5: start FollowerState
2019-10-01 15:45:34,200 [pool-37-thread-1] INFO  util.JmxRegister (JmxRegister.java:tryRegister(44)) - Successfully registered JMX Bean with object name Ratis:service=RaftServer,group=group-5B588368055C,id=ce462447-f21b-46ca-8863-5bada9d1e9f5
2019-10-01 15:45:34,204 [c28b71e4-b935-41c8-abf7-7de4a956c002@group-85EED25C00BD-SegmentedRaftLogWorker] INFO  segmented.SegmentedRaftLogWorker (SegmentedRaftLogWorker.java:execute(569)) - c28b71e4-b935-41c8-abf7-7de4a956c002@group-85EED25C00BD-SegmentedRaftLogWorker: created new log segment /workdir/hadoop-ozone/integration-test/target/test-dir/MiniOzoneClusterImpl-9b1271a8-4299-44cb-bbfb-3eebcf11b219/datanode-8/data/ratis/4a3232ac-9d68-4513-9b3a-85eed25c00bd/current/log_inprogress_0
2019-10-01 15:45:34,204 [6faae4d1-92b7-4646-993b-67f152b9d621@group-256AA083550A-SegmentedRaftLogWorker] INFO  segmented.SegmentedRaftLogWorker (SegmentedRaftLogWorker.java:execute(569)) - 6faae4d1-92b7-4646-993b-67f152b9d621@group-256AA083550A-SegmentedRaftLogWorker: created new log segment /workdir/hadoop-ozone/integration-test/target/test-dir/MiniOzoneClusterImpl-9b1271a8-4299-44cb-bbfb-3eebcf11b219/datanode-2/data/ratis/7778857b-c2d2-4c95-a80e-256aa083550a/current/log_inprogress_0
2019-10-01 15:45:34,205 [RatisPipelineUtilsThread] INFO  pipeline.PipelineStateManager (PipelineStateManager.java:addPipeline(56)) - Created pipeline Pipeline[ Id: 0dc41b4d-a950-4598-9bff-5b588368055c, Nodes: 4e6a07d6-9c54-412b-b38b-57a241553837{ip: 192.168.151.117, host: pr-hdds-2221-4x997-2286248681, networkLocation: /default-rack, certSerialId: null}979f9232-9934-46b7-b55e-9df1564cd0b5{ip: 192.168.151.117, host: pr-hdds-2221-4x997-2286248681, networkLocation: /default-rack, certSerialId: null}ce462447-f21b-46ca-8863-5bada9d1e9f5{ip: 192.168.151.117, host: pr-hdds-2221-4x997-2286248681, networkLocation: /default-rack, certSerialId: null}, Type:RATIS, Factor:THREE, State:OPEN]
2019-10-01 15:45:34,271 [Thread-308] INFO  impl.FollowerState (FollowerState.java:run(106)) - 979f9232-9934-46b7-b55e-9df1564cd0b5:group-70A5685058C9 changes to CANDIDATE, lastRpcTime:1042, electionTimeout:1042ms
2019-10-01 15:45:34,271 [Thread-308] INFO  impl.RoleInfo (RoleInfo.java:shutdownFollowerState(121)) - 979f9232-9934-46b7-b55e-9df1564cd0b5: shutdown FollowerState
2019-10-01 15:45:34,271 [Thread-308] INFO  impl.RaftServerImpl (RaftServerImpl.java:setRole(174)) - 979f9232-9934-46b7-b55e-9df1564cd0b5@group-70A5685058C9: changes role from  FOLLOWER to CANDIDATE at term 0 for changeToCandidate
2019-10-01 15:45:34,272 [Thread-308] INFO  impl.RoleInfo (RoleInfo.java:updateAndGet(143)) - 979f9232-9934-46b7-b55e-9df1564cd0b5: start LeaderElection
2019-10-01 15:45:34,342 [979f9232-9934-46b7-b55e-9df1564cd0b5@group-70A5685058C9:LeaderElection8] INFO  impl.LeaderElection (LeaderElection.java:askForVotes(182)) - 979f9232-9934-46b7-b55e-9df1564cd0b5@group-70A5685058C9:LeaderElection8: begin an election at term 1 for -1: [979f9232-9934-46b7-b55e-9df1564cd0b5:192.168.151.117:36138], old=null
2019-10-01 15:45:34,345 [979f9232-9934-46b7-b55e-9df1564cd0b5@group-70A5685058C9:LeaderElection8] INFO  impl.RoleInfo (RoleInfo.java:shutdownLeaderElection(134)) - 979f9232-9934-46b7-b55e-9df1564cd0b5: shutdown LeaderElection
2019-10-01 15:45:34,345 [979f9232-9934-46b7-b55e-9df1564cd0b5@group-70A5685058C9:LeaderElection8] INFO  impl.RaftServerImpl (RaftServerImpl.java:setRole(174)) - 979f9232-9934-46b7-b55e-9df1564cd0b5@group-70A5685058C9: changes role from CANDIDATE to LEADER at term 1 for changeToLeader
2019-10-01 15:45:34,346 [979f9232-9934-46b7-b55e-9df1564cd0b5@group-70A5685058C9:LeaderElection8] INFO  impl.RaftServerImpl (ServerState.java:setLeader(253)) - 979f9232-9934-46b7-b55e-9df1564cd0b5@group-70A5685058C9: change Leader from null to 979f9232-9934-46b7-b55e-9df1564cd0b5 at term 1 for becomeLeader, leader elected after 1153ms
2019-10-01 15:45:34,346 [979f9232-9934-46b7-b55e-9df1564cd0b5@group-70A5685058C9:LeaderElection8] INFO  server.RaftServerConfigKeys (ConfUtils.java:logGet(43)) - raft.server.staging.catchup.gap = 1000 (default)
2019-10-01 15:45:34,346 [979f9232-9934-46b7-b55e-9df1564cd0b5@group-70A5685058C9:LeaderElection8] INFO  server.RaftServerConfigKeys (ConfUtils.java:logGet(43)) - raft.server.rpc.sleep.time = 25ms (default)
2019-10-01 15:45:34,346 [979f9232-9934-46b7-b55e-9df1564cd0b5@group-70A5685058C9:LeaderElection8] INFO  server.RaftServerConfigKeys (ConfUtils.java:logGet(43)) - raft.server.write.element-limit = 4096 (default)
2019-10-01 15:45:34,346 [979f9232-9934-46b7-b55e-9df1564cd0b5@group-70A5685058C9:LeaderElection8] INFO  server.RaftServerConfigKeys (ConfUtils.java:logGet(43)) - raft.server.watch.timeout = 10s (default)
2019-10-01 15:45:34,347 [979f9232-9934-46b7-b55e-9df1564cd0b5@group-70A5685058C9:LeaderElection8] INFO  server.RaftServerConfigKeys (ConfUtils.java:logGet(43)) - raft.server.watch.timeout.denomination = 1s (default)
2019-10-01 15:45:34,347 [979f9232-9934-46b7-b55e-9df1564cd0b5@group-70A5685058C9:LeaderElection8] INFO  server.RaftServerConfigKeys (ConfUtils.java:logGet(43)) - raft.server.watch.element-limit = 65536 (default)
2019-10-01 15:45:34,350 [979f9232-9934-46b7-b55e-9df1564cd0b5@group-70A5685058C9:LeaderElection8] INFO  impl.RoleInfo (RoleInfo.java:updateAndGet(143)) - 979f9232-9934-46b7-b55e-9df1564cd0b5: start LeaderState
2019-10-01 15:45:34,351 [979f9232-9934-46b7-b55e-9df1564cd0b5@group-70A5685058C9:LeaderElection8] INFO  segmented.SegmentedRaftLogWorker (SegmentedRaftLogWorker.java:startLogSegment(380)) - 979f9232-9934-46b7-b55e-9df1564cd0b5@group-70A5685058C9-SegmentedRaftLogWorker: Starting segment from index:0
2019-10-01 15:45:34,351 [979f9232-9934-46b7-b55e-9df1564cd0b5@group-70A5685058C9:LeaderElection8] INFO  impl.RaftServerImpl (ServerState.java:setRaftConf(354)) - 979f9232-9934-46b7-b55e-9df1564cd0b5@group-70A5685058C9: set configuration 0: [979f9232-9934-46b7-b55e-9df1564cd0b5:192.168.151.117:36138], old=null at 0
2019-10-01 15:45:34,430 [Thread-312] INFO  impl.FollowerState (FollowerState.java:run(106)) - ce462447-f21b-46ca-8863-5bada9d1e9f5:group-0707FC5EFFA5 changes to CANDIDATE, lastRpcTime:1126, electionTimeout:1124ms
2019-10-01 15:45:34,431 [Thread-312] INFO  impl.RoleInfo (RoleInfo.java:shutdownFollowerState(121)) - ce462447-f21b-46ca-8863-5bada9d1e9f5: shutdown FollowerState
2019-10-01 15:45:34,431 [Thread-312] INFO  impl.RaftServerImpl (RaftServerImpl.java:setRole(174)) - ce462447-f21b-46ca-8863-5bada9d1e9f5@group-0707FC5EFFA5: changes role from  FOLLOWER to CANDIDATE at term 0 for changeToCandidate
2019-10-01 15:45:34,431 [Thread-312] INFO  impl.RoleInfo (RoleInfo.java:updateAndGet(143)) - ce462447-f21b-46ca-8863-5bada9d1e9f5: start LeaderElection
2019-10-01 15:45:34,437 [Thread-316] INFO  impl.FollowerState (FollowerState.java:run(106)) - bc3c733b-0533-4d21-827b-c65d8594f34d:group-43B2BA5F17E1 changes to CANDIDATE, lastRpcTime:1036, electionTimeout:1036ms
2019-10-01 15:45:34,437 [Thread-316] INFO  impl.RoleInfo (RoleInfo.java:shutdownFollowerState(121)) - bc3c733b-0533-4d21-827b-c65d8594f34d: shutdown FollowerState
2019-10-01 15:45:34,437 [Thread-316] INFO  impl.RaftServerImpl (RaftServerImpl.java:setRole(174)) - bc3c733b-0533-4d21-827b-c65d8594f34d@group-43B2BA5F17E1: changes role from  FOLLOWER to CANDIDATE at term 0 for changeToCandidate
2019-10-01 15:45:34,453 [979f9232-9934-46b7-b55e-9df1564cd0b5@group-70A5685058C9-SegmentedRaftLogWorker] INFO  segmented.SegmentedRaftLogWorker (SegmentedRaftLogWorker.java:execute(569)) - 979f9232-9934-46b7-b55e-9df1564cd0b5@group-70A5685058C9-SegmentedRaftLogWorker: created new log segment /workdir/hadoop-ozone/integration-test/target/test-dir/MiniOzoneClusterImpl-9b1271a8-4299-44cb-bbfb-3eebcf11b219/datanode-9/data/ratis/8cef9959-e72e-42ad-9a9e-70a5685058c9/current/log_inprogress_0
2019-10-01 15:45:34,455 [Thread-316] INFO  impl.RoleInfo (RoleInfo.java:updateAndGet(143)) - bc3c733b-0533-4d21-827b-c65d8594f34d: start LeaderElection
2019-10-01 15:45:34,480 [ce462447-f21b-46ca-8863-5bada9d1e9f5@group-0707FC5EFFA5:LeaderElection9] INFO  impl.LeaderElection (LeaderElection.java:askForVotes(182)) - ce462447-f21b-46ca-8863-5bada9d1e9f5@group-0707FC5EFFA5:LeaderElection9: begin an election at term 1 for -1: [ce462447-f21b-46ca-8863-5bada9d1e9f5:192.168.151.117:45778], old=null
2019-10-01 15:45:34,480 [ce462447-f21b-46ca-8863-5bada9d1e9f5@group-0707FC5EFFA5:LeaderElection9] INFO  impl.RoleInfo (RoleInfo.java:shutdownLeaderElection(134)) - ce462447-f21b-46ca-8863-5bada9d1e9f5: shutdown LeaderElection
2019-10-01 15:45:34,481 [ce462447-f21b-46ca-8863-5bada9d1e9f5@group-0707FC5EFFA5:LeaderElection9] INFO  impl.RaftServerImpl (RaftServerImpl.java:setRole(174)) - ce462447-f21b-46ca-8863-5bada9d1e9f5@group-0707FC5EFFA5: changes role from CANDIDATE to LEADER at term 1 for changeToLeader
2019-10-01 15:45:34,481 [ce462447-f21b-46ca-8863-5bada9d1e9f5@group-0707FC5EFFA5:LeaderElection9] INFO  impl.RaftServerImpl (ServerState.java:setLeader(253)) - ce462447-f21b-46ca-8863-5bada9d1e9f5@group-0707FC5EFFA5: change Leader from null to ce462447-f21b-46ca-8863-5bada9d1e9f5 at term 1 for becomeLeader, leader elected after 1187ms
2019-10-01 15:45:34,481 [ce462447-f21b-46ca-8863-5bada9d1e9f5@group-0707FC5EFFA5:LeaderElection9] INFO  server.RaftServerConfigKeys (ConfUtils.java:logGet(43)) - raft.server.staging.catchup.gap = 1000 (default)
2019-10-01 15:45:34,481 [ce462447-f21b-46ca-8863-5bada9d1e9f5@group-0707FC5EFFA5:LeaderElection9] INFO  server.RaftServerConfigKeys (ConfUtils.java:logGet(43)) - raft.server.rpc.sleep.time = 25ms (default)
2019-10-01 15:45:34,482 [ce462447-f21b-46ca-8863-5bada9d1e9f5@group-0707FC5EFFA5:LeaderElection9] INFO  server.RaftServerConfigKeys (ConfUtils.java:logGet(43)) - raft.server.write.element-limit = 4096 (default)
2019-10-01 15:45:34,482 [ce462447-f21b-46ca-8863-5bada9d1e9f5@group-0707FC5EFFA5:LeaderElection9] INFO  server.RaftServerConfigKeys (ConfUtils.java:logGet(43)) - raft.server.watch.timeout = 10s (default)
2019-10-01 15:45:34,482 [ce462447-f21b-46ca-8863-5bada9d1e9f5@group-0707FC5EFFA5:LeaderElection9] INFO  server.RaftServerConfigKeys (ConfUtils.java:logGet(43)) - raft.server.watch.timeout.denomination = 1s (default)
2019-10-01 15:45:34,482 [ce462447-f21b-46ca-8863-5bada9d1e9f5@group-0707FC5EFFA5:LeaderElection9] INFO  server.RaftServerConfigKeys (ConfUtils.java:logGet(43)) - raft.server.watch.element-limit = 65536 (default)
2019-10-01 15:45:34,531 [bc3c733b-0533-4d21-827b-c65d8594f34d@group-43B2BA5F17E1:LeaderElection10] INFO  impl.LeaderElection (LeaderElection.java:askForVotes(182)) - bc3c733b-0533-4d21-827b-c65d8594f34d@group-43B2BA5F17E1:LeaderElection10: begin an election at term 1 for -1: [bc3c733b-0533-4d21-827b-c65d8594f34d:192.168.151.117:40351], old=null
2019-10-01 15:45:34,531 [bc3c733b-0533-4d21-827b-c65d8594f34d@group-43B2BA5F17E1:LeaderElection10] INFO  impl.RoleInfo (RoleInfo.java:shutdownLeaderElection(134)) - bc3c733b-0533-4d21-827b-c65d8594f34d: shutdown LeaderElection
2019-10-01 15:45:34,532 [bc3c733b-0533-4d21-827b-c65d8594f34d@group-43B2BA5F17E1:LeaderElection10] INFO  impl.RaftServerImpl (RaftServerImpl.java:setRole(174)) - bc3c733b-0533-4d21-827b-c65d8594f34d@group-43B2BA5F17E1: changes role from CANDIDATE to LEADER at term 1 for changeToLeader
2019-10-01 15:45:34,532 [bc3c733b-0533-4d21-827b-c65d8594f34d@group-43B2BA5F17E1:LeaderElection10] INFO  impl.RaftServerImpl (ServerState.java:setLeader(253)) - bc3c733b-0533-4d21-827b-c65d8594f34d@group-43B2BA5F17E1: change Leader from null to bc3c733b-0533-4d21-827b-c65d8594f34d at term 1 for becomeLeader, leader elected after 1141ms
2019-10-01 15:45:34,532 [bc3c733b-0533-4d21-827b-c65d8594f34d@group-43B2BA5F17E1:LeaderElection10] INFO  server.RaftServerConfigKeys (ConfUtils.java:logGet(43)) - raft.server.staging.catchup.gap = 1000 (default)
2019-10-01 15:45:34,532 [bc3c733b-0533-4d21-827b-c65d8594f34d@group-43B2BA5F17E1:LeaderElection10] INFO  server.RaftServerConfigKeys (ConfUtils.java:logGet(43)) - raft.server.rpc.sleep.time = 25ms (default)
2019-10-01 15:45:34,545 [Thread-325] INFO  impl.FollowerState (FollowerState.java:run(106)) - 9f82fbf8-4fac-4532-8c36-3e6bef784ba1:group-16BC6866FE65 changes to CANDIDATE, lastRpcTime:1021, electionTimeout:1021ms
2019-10-01 15:45:34,546 [Thread-325] INFO  impl.RoleInfo (RoleInfo.java:shutdownFollowerState(121)) - 9f82fbf8-4fac-4532-8c36-3e6bef784ba1: shutdown FollowerState
2019-10-01 15:45:34,546 [Thread-325] INFO  impl.RaftServerImpl (RaftServerImpl.java:setRole(174)) - 9f82fbf8-4fac-4532-8c36-3e6bef784ba1@group-16BC6866FE65: changes role from  FOLLOWER to CANDIDATE at term 0 for changeToCandidate
2019-10-01 15:45:34,558 [Thread-325] INFO  impl.RoleInfo (RoleInfo.java:updateAndGet(143)) - 9f82fbf8-4fac-4532-8c36-3e6bef784ba1: start LeaderElection
2019-10-01 15:45:34,558 [bc3c733b-0533-4d21-827b-c65d8594f34d@group-43B2BA5F17E1:LeaderElection10] INFO  server.RaftServerConfigKeys (ConfUtils.java:logGet(43)) - raft.server.write.element-limit = 4096 (default)
2019-10-01 15:45:34,565 [bc3c733b-0533-4d21-827b-c65d8594f34d@group-43B2BA5F17E1:LeaderElection10] INFO  server.RaftServerConfigKeys (ConfUtils.java:logGet(43)) - raft.server.watch.timeout = 10s (default)
2019-10-01 15:45:34,567 [bc3c733b-0533-4d21-827b-c65d8594f34d@group-43B2BA5F17E1:LeaderElection10] INFO  server.RaftServerConfigKeys (ConfUtils.java:logGet(43)) - raft.server.watch.timeout.denomination = 1s (default)
2019-10-01 15:45:34,569 [bc3c733b-0533-4d21-827b-c65d8594f34d@group-43B2BA5F17E1:LeaderElection10] INFO  server.RaftServerConfigKeys (ConfUtils.java:logGet(43)) - raft.server.watch.element-limit = 65536 (default)
2019-10-01 15:45:34,644 [Thread-326] INFO  impl.FollowerState (FollowerState.java:run(106)) - 17687ae8-18db-4cee-85ef-ee5e0f3bebbe:group-16BC6866FE65 changes to CANDIDATE, lastRpcTime:1119, electionTimeout:1119ms
2019-10-01 15:45:34,644 [Thread-326] INFO  impl.RoleInfo (RoleInfo.java:shutdownFollowerState(121)) - 17687ae8-18db-4cee-85ef-ee5e0f3bebbe: shutdown FollowerState
2019-10-01 15:45:34,644 [Thread-326] INFO  impl.RaftServerImpl (RaftServerImpl.java:setRole(174)) - 17687ae8-18db-4cee-85ef-ee5e0f3bebbe@group-16BC6866FE65: changes role from  FOLLOWER to CANDIDATE at term 0 for changeToCandidate
2019-10-01 15:45:34,645 [Thread-326] INFO  impl.RoleInfo (RoleInfo.java:updateAndGet(143)) - 17687ae8-18db-4cee-85ef-ee5e0f3bebbe: start LeaderElection
2019-10-01 15:45:34,667 [Thread-333] INFO  impl.FollowerState (FollowerState.java:run(106)) - c28b71e4-b935-41c8-abf7-7de4a956c002:group-EB8B467BD4F1 changes to CANDIDATE, lastRpcTime:1051, electionTimeout:1051ms
2019-10-01 15:45:34,667 [Thread-333] INFO  impl.RoleInfo (RoleInfo.java:shutdownFollowerState(121)) - c28b71e4-b935-41c8-abf7-7de4a956c002: shutdown FollowerState
2019-10-01 15:45:34,667 [Thread-333] INFO  impl.RaftServerImpl (RaftServerImpl.java:setRole(174)) - c28b71e4-b935-41c8-abf7-7de4a956c002@group-EB8B467BD4F1: changes role from  FOLLOWER to CANDIDATE at term 0 for changeToCandidate
2019-10-01 15:45:34,668 [Thread-333] INFO  impl.RoleInfo (RoleInfo.java:updateAndGet(143)) - c28b71e4-b935-41c8-abf7-7de4a956c002: start LeaderElection
2019-10-01 15:45:34,693 [Thread-323] INFO  impl.FollowerState (FollowerState.java:run(106)) - 5645e86d-f871-44bb-8607-ce62943605c0:group-16BC6866FE65 changes to CANDIDATE, lastRpcTime:1170, electionTimeout:1170ms
2019-10-01 15:45:34,693 [Thread-323] INFO  impl.RoleInfo (RoleInfo.java:shutdownFollowerState(121)) - 5645e86d-f871-44bb-8607-ce62943605c0: shutdown FollowerState
2019-10-01 15:45:34,693 [Thread-323] INFO  impl.RaftServerImpl (RaftServerImpl.java:setRole(174)) - 5645e86d-f871-44bb-8607-ce62943605c0@group-16BC6866FE65: changes role from  FOLLOWER to CANDIDATE at term 0 for changeToCandidate
2019-10-01 15:45:34,710 [Thread-323] INFO  impl.RoleInfo (RoleInfo.java:updateAndGet(143)) - 5645e86d-f871-44bb-8607-ce62943605c0: start LeaderElection
2019-10-01 15:45:34,784 [main] INFO  impl.MetricsSystemImpl (MetricsSystemImpl.java:init(158)) - XceiverClientMetrics metrics system started (again)
2019-10-01 15:45:34,788 [bc3c733b-0533-4d21-827b-c65d8594f34d@group-43B2BA5F17E1:LeaderElection10] INFO  impl.RoleInfo (RoleInfo.java:updateAndGet(143)) - bc3c733b-0533-4d21-827b-c65d8594f34d: start LeaderState
2019-10-01 15:45:34,790 [ce462447-f21b-46ca-8863-5bada9d1e9f5@group-0707FC5EFFA5:LeaderElection9] INFO  impl.RoleInfo (RoleInfo.java:updateAndGet(143)) - ce462447-f21b-46ca-8863-5bada9d1e9f5: start LeaderState
2019-10-01 15:45:34,790 [bc3c733b-0533-4d21-827b-c65d8594f34d@group-43B2BA5F17E1:LeaderElection10] INFO  segmented.SegmentedRaftLogWorker (SegmentedRaftLogWorker.java:startLogSegment(380)) - bc3c733b-0533-4d21-827b-c65d8594f34d@group-43B2BA5F17E1-SegmentedRaftLogWorker: Starting segment from index:0
2019-10-01 15:45:34,790 [ce462447-f21b-46ca-8863-5bada9d1e9f5@group-0707FC5EFFA5:LeaderElection9] INFO  segmented.SegmentedRaftLogWorker (SegmentedRaftLogWorker.java:startLogSegment(380)) - ce462447-f21b-46ca-8863-5bada9d1e9f5@group-0707FC5EFFA5-SegmentedRaftLogWorker: Starting segment from index:0
2019-10-01 15:45:34,791 [bc3c733b-0533-4d21-827b-c65d8594f34d@group-43B2BA5F17E1:LeaderElection10] INFO  impl.RaftServerImpl (ServerState.java:setRaftConf(354)) - bc3c733b-0533-4d21-827b-c65d8594f34d@group-43B2BA5F17E1: set configuration 0: [bc3c733b-0533-4d21-827b-c65d8594f34d:192.168.151.117:40351], old=null at 0
2019-10-01 15:45:34,791 [ce462447-f21b-46ca-8863-5bada9d1e9f5@group-0707FC5EFFA5:LeaderElection9] INFO  impl.RaftServerImpl (ServerState.java:setRaftConf(354)) - ce462447-f21b-46ca-8863-5bada9d1e9f5@group-0707FC5EFFA5: set configuration 0: [ce462447-f21b-46ca-8863-5bada9d1e9f5:192.168.151.117:45778], old=null at 0
2019-10-01 15:45:34,796 [Thread-337] INFO  impl.FollowerState (FollowerState.java:run(106)) - 6faae4d1-92b7-4646-993b-67f152b9d621:group-EB8B467BD4F1 changes to CANDIDATE, lastRpcTime:1165, electionTimeout:1165ms
2019-10-01 15:45:34,796 [Thread-337] INFO  impl.RoleInfo (RoleInfo.java:shutdownFollowerState(121)) - 6faae4d1-92b7-4646-993b-67f152b9d621: shutdown FollowerState
2019-10-01 15:45:34,796 [Thread-337] INFO  impl.RaftServerImpl (RaftServerImpl.java:setRole(174)) - 6faae4d1-92b7-4646-993b-67f152b9d621@group-EB8B467BD4F1: changes role from  FOLLOWER to CANDIDATE at term 0 for changeToCandidate
2019-10-01 15:45:34,796 [Thread-337] INFO  impl.RoleInfo (RoleInfo.java:updateAndGet(143)) - 6faae4d1-92b7-4646-993b-67f152b9d621: start LeaderElection
2019-10-01 15:45:34,827 [Thread-335] INFO  impl.FollowerState (FollowerState.java:run(106)) - f1ba6add-ca0a-4791-abae-69f42b072e96:group-EB8B467BD4F1 changes to CANDIDATE, lastRpcTime:1197, electionTimeout:1197ms
2019-10-01 15:45:34,827 [Thread-335] INFO  impl.RoleInfo (RoleInfo.java:shutdownFollowerState(121)) - f1ba6add-ca0a-4791-abae-69f42b072e96: shutdown FollowerState
2019-10-01 15:45:34,827 [Thread-335] INFO  impl.RaftServerImpl (RaftServerImpl.java:setRole(174)) - f1ba6add-ca0a-4791-abae-69f42b072e96@group-EB8B467BD4F1: changes role from  FOLLOWER to CANDIDATE at term 0 for changeToCandidate
2019-10-01 15:45:34,827 [Thread-335] INFO  impl.RoleInfo (RoleInfo.java:updateAndGet(143)) - f1ba6add-ca0a-4791-abae-69f42b072e96: start LeaderElection
2019-10-01 15:45:35,050 [c28b71e4-b935-41c8-abf7-7de4a956c002@group-EB8B467BD4F1:LeaderElection13] INFO  impl.LeaderElection (LeaderElection.java:askForVotes(182)) - c28b71e4-b935-41c8-abf7-7de4a956c002@group-EB8B467BD4F1:LeaderElection13: begin an election at term 1 for -1: [f1ba6add-ca0a-4791-abae-69f42b072e96:192.168.151.117:38270, 6faae4d1-92b7-4646-993b-67f152b9d621:192.168.151.117:41086, c28b71e4-b935-41c8-abf7-7de4a956c002:192.168.151.117:35347], old=null
2019-10-01 15:45:35,050 [17687ae8-18db-4cee-85ef-ee5e0f3bebbe@group-16BC6866FE65:LeaderElection12] INFO  impl.LeaderElection (LeaderElection.java:askForVotes(182)) - 17687ae8-18db-4cee-85ef-ee5e0f3bebbe@group-16BC6866FE65:LeaderElection12: begin an election at term 1 for -1: [5645e86d-f871-44bb-8607-ce62943605c0:192.168.151.117:45277, 17687ae8-18db-4cee-85ef-ee5e0f3bebbe:192.168.151.117:44984, 9f82fbf8-4fac-4532-8c36-3e6bef784ba1:192.168.151.117:38577], old=null
2019-10-01 15:45:35,050 [9f82fbf8-4fac-4532-8c36-3e6bef784ba1@group-16BC6866FE65:LeaderElection11] INFO  impl.LeaderElection (LeaderElection.java:askForVotes(182)) - 9f82fbf8-4fac-4532-8c36-3e6bef784ba1@group-16BC6866FE65:LeaderElection11: begin an election at term 1 for -1: [5645e86d-f871-44bb-8607-ce62943605c0:192.168.151.117:45277, 17687ae8-18db-4cee-85ef-ee5e0f3bebbe:192.168.151.117:44984, 9f82fbf8-4fac-4532-8c36-3e6bef784ba1:192.168.151.117:38577], old=null
2019-10-01 15:45:35,109 [ce462447-f21b-46ca-8863-5bada9d1e9f5@group-0707FC5EFFA5-SegmentedRaftLogWorker] INFO  segmented.SegmentedRaftLogWorker (SegmentedRaftLogWorker.java:execute(569)) - ce462447-f21b-46ca-8863-5bada9d1e9f5@group-0707FC5EFFA5-SegmentedRaftLogWorker: created new log segment /workdir/hadoop-ozone/integration-test/target/test-dir/MiniOzoneClusterImpl-9b1271a8-4299-44cb-bbfb-3eebcf11b219/datanode-1/data/ratis/06279a03-00a7-40ea-a4db-0707fc5effa5/current/log_inprogress_0
2019-10-01 15:45:35,109 [f1ba6add-ca0a-4791-abae-69f42b072e96@group-EB8B467BD4F1:LeaderElection16] INFO  impl.LeaderElection (LeaderElection.java:askForVotes(182)) - f1ba6add-ca0a-4791-abae-69f42b072e96@group-EB8B467BD4F1:LeaderElection16: begin an election at term 1 for -1: [f1ba6add-ca0a-4791-abae-69f42b072e96:192.168.151.117:38270, 6faae4d1-92b7-4646-993b-67f152b9d621:192.168.151.117:41086, c28b71e4-b935-41c8-abf7-7de4a956c002:192.168.151.117:35347], old=null
2019-10-01 15:45:35,109 [5645e86d-f871-44bb-8607-ce62943605c0@group-16BC6866FE65:LeaderElection14] INFO  impl.LeaderElection (LeaderElection.java:askForVotes(182)) - 5645e86d-f871-44bb-8607-ce62943605c0@group-16BC6866FE65:LeaderElection14: begin an election at term 1 for -1: [5645e86d-f871-44bb-8607-ce62943605c0:192.168.151.117:45277, 17687ae8-18db-4cee-85ef-ee5e0f3bebbe:192.168.151.117:44984, 9f82fbf8-4fac-4532-8c36-3e6bef784ba1:192.168.151.117:38577], old=null
2019-10-01 15:45:35,109 [6faae4d1-92b7-4646-993b-67f152b9d621@group-EB8B467BD4F1:LeaderElection15] INFO  impl.LeaderElection (LeaderElection.java:askForVotes(182)) - 6faae4d1-92b7-4646-993b-67f152b9d621@group-EB8B467BD4F1:LeaderElection15: begin an election at term 1 for -1: [f1ba6add-ca0a-4791-abae-69f42b072e96:192.168.151.117:38270, 6faae4d1-92b7-4646-993b-67f152b9d621:192.168.151.117:41086, c28b71e4-b935-41c8-abf7-7de4a956c002:192.168.151.117:35347], old=null
2019-10-01 15:45:35,109 [bc3c733b-0533-4d21-827b-c65d8594f34d@group-43B2BA5F17E1-SegmentedRaftLogWorker] INFO  segmented.SegmentedRaftLogWorker (SegmentedRaftLogWorker.java:execute(569)) - bc3c733b-0533-4d21-827b-c65d8594f34d@group-43B2BA5F17E1-SegmentedRaftLogWorker: created new log segment /workdir/hadoop-ozone/integration-test/target/test-dir/MiniOzoneClusterImpl-9b1271a8-4299-44cb-bbfb-3eebcf11b219/datanode-4/data/ratis/a85f55d9-a209-48c6-8d1c-43b2ba5f17e1/current/log_inprogress_0
2019-10-01 15:45:35,134 [17687ae8-18db-4cee-85ef-ee5e0f3bebbe@group-16BC6866FE65:LeaderElection12] INFO  impl.LeaderElection (LeaderElection.java:logAndReturn(56)) - 17687ae8-18db-4cee-85ef-ee5e0f3bebbe@group-16BC6866FE65:LeaderElection12: Election REJECTED; received 2 response(s) [17687ae8-18db-4cee-85ef-ee5e0f3bebbe<-5645e86d-f871-44bb-8607-ce62943605c0#0:FAIL-t1, 17687ae8-18db-4cee-85ef-ee5e0f3bebbe<-9f82fbf8-4fac-4532-8c36-3e6bef784ba1#0:FAIL-t1] and 0 exception(s); 17687ae8-18db-4cee-85ef-ee5e0f3bebbe@group-16BC6866FE65:t1, leader=null, voted=17687ae8-18db-4cee-85ef-ee5e0f3bebbe, raftlog=17687ae8-18db-4cee-85ef-ee5e0f3bebbe@group-16BC6866FE65-SegmentedRaftLog:OPENED:c-1,f-1,i0, conf=-1: [5645e86d-f871-44bb-8607-ce62943605c0:192.168.151.117:45277, 17687ae8-18db-4cee-85ef-ee5e0f3bebbe:192.168.151.117:44984, 9f82fbf8-4fac-4532-8c36-3e6bef784ba1:192.168.151.117:38577], old=null
2019-10-01 15:45:35,134 [c28b71e4-b935-41c8-abf7-7de4a956c002@group-EB8B467BD4F1:LeaderElection13] INFO  impl.LeaderElection (LeaderElection.java:logAndReturn(56)) - c28b71e4-b935-41c8-abf7-7de4a956c002@group-EB8B467BD4F1:LeaderElection13: Election REJECTED; received 2 response(s) [c28b71e4-b935-41c8-abf7-7de4a956c002<-f1ba6add-ca0a-4791-abae-69f42b072e96#0:FAIL-t1, c28b71e4-b935-41c8-abf7-7de4a956c002<-6faae4d1-92b7-4646-993b-67f152b9d621#0:FAIL-t1] and 0 exception(s); c28b71e4-b935-41c8-abf7-7de4a956c002@group-EB8B467BD4F1:t1, leader=null, voted=c28b71e4-b935-41c8-abf7-7de4a956c002, raftlog=c28b71e4-b935-41c8-abf7-7de4a956c002@group-EB8B467BD4F1-SegmentedRaftLog:OPENED:c-1,f-1,i0, conf=-1: [f1ba6add-ca0a-4791-abae-69f42b072e96:192.168.151.117:38270, 6faae4d1-92b7-4646-993b-67f152b9d621:192.168.151.117:41086, c28b71e4-b935-41c8-abf7-7de4a956c002:192.168.151.117:35347], old=null
2019-10-01 15:45:35,134 [9f82fbf8-4fac-4532-8c36-3e6bef784ba1@group-16BC6866FE65:LeaderElection11] INFO  impl.LeaderElection (LeaderElection.java:logAndReturn(56)) - 9f82fbf8-4fac-4532-8c36-3e6bef784ba1@group-16BC6866FE65:LeaderElection11: Election REJECTED; received 2 response(s) [9f82fbf8-4fac-4532-8c36-3e6bef784ba1<-5645e86d-f871-44bb-8607-ce62943605c0#0:FAIL-t1, 9f82fbf8-4fac-4532-8c36-3e6bef784ba1<-17687ae8-18db-4cee-85ef-ee5e0f3bebbe#0:FAIL-t1] and 0 exception(s); 9f82fbf8-4fac-4532-8c36-3e6bef784ba1@group-16BC6866FE65:t1, leader=null, voted=9f82fbf8-4fac-4532-8c36-3e6bef784ba1, raftlog=9f82fbf8-4fac-4532-8c36-3e6bef784ba1@group-16BC6866FE65-SegmentedRaftLog:OPENED:c-1,f-1,i0, conf=-1: [5645e86d-f871-44bb-8607-ce62943605c0:192.168.151.117:45277, 17687ae8-18db-4cee-85ef-ee5e0f3bebbe:192.168.151.117:44984, 9f82fbf8-4fac-4532-8c36-3e6bef784ba1:192.168.151.117:38577], old=null
2019-10-01 15:45:35,141 [17687ae8-18db-4cee-85ef-ee5e0f3bebbe@group-16BC6866FE65:LeaderElection12] INFO  impl.RaftServerImpl (RaftServerImpl.java:setRole(174)) - 17687ae8-18db-4cee-85ef-ee5e0f3bebbe@group-16BC6866FE65: changes role from CANDIDATE to FOLLOWER at term 1 for DISCOVERED_A_NEW_TERM
2019-10-01 15:45:35,143 [17687ae8-18db-4cee-85ef-ee5e0f3bebbe@group-16BC6866FE65:LeaderElection12] INFO  impl.RoleInfo (RoleInfo.java:shutdownLeaderElection(134)) - 17687ae8-18db-4cee-85ef-ee5e0f3bebbe: shutdown LeaderElection
2019-10-01 15:45:35,141 [c28b71e4-b935-41c8-abf7-7de4a956c002@group-EB8B467BD4F1:LeaderElection13] INFO  impl.RaftServerImpl (RaftServerImpl.java:setRole(174)) - c28b71e4-b935-41c8-abf7-7de4a956c002@group-EB8B467BD4F1: changes role from CANDIDATE to FOLLOWER at term 1 for DISCOVERED_A_NEW_TERM
2019-10-01 15:45:35,147 [9f82fbf8-4fac-4532-8c36-3e6bef784ba1@group-16BC6866FE65:LeaderElection11] INFO  impl.RaftServerImpl (RaftServerImpl.java:setRole(174)) - 9f82fbf8-4fac-4532-8c36-3e6bef784ba1@group-16BC6866FE65: changes role from CANDIDATE to FOLLOWER at term 1 for DISCOVERED_A_NEW_TERM
2019-10-01 15:45:35,147 [17687ae8-18db-4cee-85ef-ee5e0f3bebbe@group-16BC6866FE65:LeaderElection12] INFO  impl.RoleInfo (RoleInfo.java:updateAndGet(143)) - 17687ae8-18db-4cee-85ef-ee5e0f3bebbe: start FollowerState
2019-10-01 15:45:35,147 [c28b71e4-b935-41c8-abf7-7de4a956c002@group-EB8B467BD4F1:LeaderElection13] INFO  impl.RoleInfo (RoleInfo.java:shutdownLeaderElection(134)) - c28b71e4-b935-41c8-abf7-7de4a956c002: shutdown LeaderElection
2019-10-01 15:45:35,147 [9f82fbf8-4fac-4532-8c36-3e6bef784ba1@group-16BC6866FE65:LeaderElection11] INFO  impl.RoleInfo (RoleInfo.java:shutdownLeaderElection(134)) - 9f82fbf8-4fac-4532-8c36-3e6bef784ba1: shutdown LeaderElection
2019-10-01 15:45:35,149 [c28b71e4-b935-41c8-abf7-7de4a956c002@group-EB8B467BD4F1:LeaderElection13] INFO  impl.RoleInfo (RoleInfo.java:updateAndGet(143)) - c28b71e4-b935-41c8-abf7-7de4a956c002: start FollowerState
2019-10-01 15:45:35,150 [9f82fbf8-4fac-4532-8c36-3e6bef784ba1@group-16BC6866FE65:LeaderElection11] INFO  impl.RoleInfo (RoleInfo.java:updateAndGet(143)) - 9f82fbf8-4fac-4532-8c36-3e6bef784ba1: start FollowerState
2019-10-01 15:45:35,180 [f1ba6add-ca0a-4791-abae-69f42b072e96@group-EB8B467BD4F1:LeaderElection16] INFO  impl.LeaderElection (LeaderElection.java:logAndReturn(56)) - f1ba6add-ca0a-4791-abae-69f42b072e96@group-EB8B467BD4F1:LeaderElection16: Election REJECTED; received 2 response(s) [f1ba6add-ca0a-4791-abae-69f42b072e96<-6faae4d1-92b7-4646-993b-67f152b9d621#0:FAIL-t1, f1ba6add-ca0a-4791-abae-69f42b072e96<-c28b71e4-b935-41c8-abf7-7de4a956c002#0:FAIL-t1] and 0 exception(s); f1ba6add-ca0a-4791-abae-69f42b072e96@group-EB8B467BD4F1:t1, leader=null, voted=f1ba6add-ca0a-4791-abae-69f42b072e96, raftlog=f1ba6add-ca0a-4791-abae-69f42b072e96@group-EB8B467BD4F1-SegmentedRaftLog:OPENED:c-1,f-1,i0, conf=-1: [f1ba6add-ca0a-4791-abae-69f42b072e96:192.168.151.117:38270, 6faae4d1-92b7-4646-993b-67f152b9d621:192.168.151.117:41086, c28b71e4-b935-41c8-abf7-7de4a956c002:192.168.151.117:35347], old=null
2019-10-01 15:45:35,180 [f1ba6add-ca0a-4791-abae-69f42b072e96@group-EB8B467BD4F1:LeaderElection16] INFO  impl.RaftServerImpl (RaftServerImpl.java:setRole(174)) - f1ba6add-ca0a-4791-abae-69f42b072e96@group-EB8B467BD4F1: changes role from CANDIDATE to FOLLOWER at term 1 for DISCOVERED_A_NEW_TERM
2019-10-01 15:45:35,180 [f1ba6add-ca0a-4791-abae-69f42b072e96@group-EB8B467BD4F1:LeaderElection16] INFO  impl.RoleInfo (RoleInfo.java:shutdownLeaderElection(134)) - f1ba6add-ca0a-4791-abae-69f42b072e96: shutdown LeaderElection
2019-10-01 15:45:35,182 [f1ba6add-ca0a-4791-abae-69f42b072e96@group-EB8B467BD4F1:LeaderElection16] INFO  impl.RoleInfo (RoleInfo.java:updateAndGet(143)) - f1ba6add-ca0a-4791-abae-69f42b072e96: start FollowerState
2019-10-01 15:45:35,183 [6faae4d1-92b7-4646-993b-67f152b9d621@group-EB8B467BD4F1:LeaderElection15] INFO  impl.LeaderElection (LeaderElection.java:logAndReturn(56)) - 6faae4d1-92b7-4646-993b-67f152b9d621@group-EB8B467BD4F1:LeaderElection15: Election REJECTED; received 2 response(s) [6faae4d1-92b7-4646-993b-67f152b9d621<-f1ba6add-ca0a-4791-abae-69f42b072e96#0:FAIL-t1, 6faae4d1-92b7-4646-993b-67f152b9d621<-c28b71e4-b935-41c8-abf7-7de4a956c002#0:FAIL-t1] and 0 exception(s); 6faae4d1-92b7-4646-993b-67f152b9d621@group-EB8B467BD4F1:t1, leader=null, voted=6faae4d1-92b7-4646-993b-67f152b9d621, raftlog=6faae4d1-92b7-4646-993b-67f152b9d621@group-EB8B467BD4F1-SegmentedRaftLog:OPENED:c-1,f-1,i0, conf=-1: [f1ba6add-ca0a-4791-abae-69f42b072e96:192.168.151.117:38270, 6faae4d1-92b7-4646-993b-67f152b9d621:192.168.151.117:41086, c28b71e4-b935-41c8-abf7-7de4a956c002:192.168.151.117:35347], old=null
2019-10-01 15:45:35,185 [6faae4d1-92b7-4646-993b-67f152b9d621@group-EB8B467BD4F1:LeaderElection15] INFO  impl.RaftServerImpl (RaftServerImpl.java:setRole(174)) - 6faae4d1-92b7-4646-993b-67f152b9d621@group-EB8B467BD4F1: changes role from CANDIDATE to FOLLOWER at term 1 for DISCOVERED_A_NEW_TERM
2019-10-01 15:45:35,185 [6faae4d1-92b7-4646-993b-67f152b9d621@group-EB8B467BD4F1:LeaderElection15] INFO  impl.RoleInfo (RoleInfo.java:shutdownLeaderElection(134)) - 6faae4d1-92b7-4646-993b-67f152b9d621: shutdown LeaderElection
2019-10-01 15:45:35,187 [6faae4d1-92b7-4646-993b-67f152b9d621@group-EB8B467BD4F1:LeaderElection15] INFO  impl.RoleInfo (RoleInfo.java:updateAndGet(143)) - 6faae4d1-92b7-4646-993b-67f152b9d621: start FollowerState
2019-10-01 15:45:35,187 [5645e86d-f871-44bb-8607-ce62943605c0@group-16BC6866FE65:LeaderElection14] INFO  impl.LeaderElection (LeaderElection.java:logAndReturn(56)) - 5645e86d-f871-44bb-8607-ce62943605c0@group-16BC6866FE65:LeaderElection14: Election REJECTED; received 2 response(s) [5645e86d-f871-44bb-8607-ce62943605c0<-17687ae8-18db-4cee-85ef-ee5e0f3bebbe#0:FAIL-t1, 5645e86d-f871-44bb-8607-ce62943605c0<-9f82fbf8-4fac-4532-8c36-3e6bef784ba1#0:FAIL-t1] and 0 exception(s); 5645e86d-f871-44bb-8607-ce62943605c0@group-16BC6866FE65:t1, leader=null, voted=5645e86d-f871-44bb-8607-ce62943605c0, raftlog=5645e86d-f871-44bb-8607-ce62943605c0@group-16BC6866FE65-SegmentedRaftLog:OPENED:c-1,f-1,i0, conf=-1: [5645e86d-f871-44bb-8607-ce62943605c0:192.168.151.117:45277, 17687ae8-18db-4cee-85ef-ee5e0f3bebbe:192.168.151.117:44984, 9f82fbf8-4fac-4532-8c36-3e6bef784ba1:192.168.151.117:38577], old=null
2019-10-01 15:45:35,189 [5645e86d-f871-44bb-8607-ce62943605c0@group-16BC6866FE65:LeaderElection14] INFO  impl.RaftServerImpl (RaftServerImpl.java:setRole(174)) - 5645e86d-f871-44bb-8607-ce62943605c0@group-16BC6866FE65: changes role from CANDIDATE to FOLLOWER at term 1 for DISCOVERED_A_NEW_TERM
2019-10-01 15:45:35,189 [5645e86d-f871-44bb-8607-ce62943605c0@group-16BC6866FE65:LeaderElection14] INFO  impl.RoleInfo (RoleInfo.java:shutdownLeaderElection(134)) - 5645e86d-f871-44bb-8607-ce62943605c0: shutdown LeaderElection
2019-10-01 15:45:35,189 [5645e86d-f871-44bb-8607-ce62943605c0@group-16BC6866FE65:LeaderElection14] INFO  impl.RoleInfo (RoleInfo.java:updateAndGet(143)) - 5645e86d-f871-44bb-8607-ce62943605c0: start FollowerState
2019-10-01 15:45:35,259 [Thread-351] INFO  impl.FollowerState (FollowerState.java:run(106)) - 979f9232-9934-46b7-b55e-9df1564cd0b5:group-5B588368055C changes to CANDIDATE, lastRpcTime:1166, electionTimeout:1165ms
2019-10-01 15:45:35,261 [Thread-351] INFO  impl.RoleInfo (RoleInfo.java:shutdownFollowerState(121)) - 979f9232-9934-46b7-b55e-9df1564cd0b5: shutdown FollowerState
2019-10-01 15:45:35,261 [Thread-351] INFO  impl.RaftServerImpl (RaftServerImpl.java:setRole(174)) - 979f9232-9934-46b7-b55e-9df1564cd0b5@group-5B588368055C: changes role from  FOLLOWER to CANDIDATE at term 0 for changeToCandidate
2019-10-01 15:45:35,261 [Thread-351] INFO  impl.RoleInfo (RoleInfo.java:updateAndGet(143)) - 979f9232-9934-46b7-b55e-9df1564cd0b5: start LeaderElection
2019-10-01 15:45:35,284 [Thread-353] INFO  impl.FollowerState (FollowerState.java:run(106)) - 4e6a07d6-9c54-412b-b38b-57a241553837:group-5B588368055C changes to CANDIDATE, lastRpcTime:1155, electionTimeout:1102ms
2019-10-01 15:45:35,284 [Thread-353] INFO  impl.RoleInfo (RoleInfo.java:shutdownFollowerState(121)) - 4e6a07d6-9c54-412b-b38b-57a241553837: shutdown FollowerState
2019-10-01 15:45:35,284 [Thread-353] INFO  impl.RaftServerImpl (RaftServerImpl.java:setRole(174)) - 4e6a07d6-9c54-412b-b38b-57a241553837@group-5B588368055C: changes role from  FOLLOWER to CANDIDATE at term 0 for changeToCandidate
2019-10-01 15:45:35,284 [Thread-353] INFO  impl.RoleInfo (RoleInfo.java:updateAndGet(143)) - 4e6a07d6-9c54-412b-b38b-57a241553837: start LeaderElection
2019-10-01 15:45:35,326 [Thread-357] INFO  impl.FollowerState (FollowerState.java:run(106)) - ce462447-f21b-46ca-8863-5bada9d1e9f5:group-5B588368055C changes to CANDIDATE, lastRpcTime:1127, electionTimeout:1127ms
2019-10-01 15:45:35,327 [Thread-357] INFO  impl.RoleInfo (RoleInfo.java:shutdownFollowerState(121)) - ce462447-f21b-46ca-8863-5bada9d1e9f5: shutdown FollowerState
2019-10-01 15:45:35,327 [Thread-357] INFO  impl.RaftServerImpl (RaftServerImpl.java:setRole(174)) - ce462447-f21b-46ca-8863-5bada9d1e9f5@group-5B588368055C: changes role from  FOLLOWER to CANDIDATE at term 0 for changeToCandidate
2019-10-01 15:45:35,327 [Thread-357] INFO  impl.RoleInfo (RoleInfo.java:updateAndGet(143)) - ce462447-f21b-46ca-8863-5bada9d1e9f5: start LeaderElection
2019-10-01 15:45:35,348 [979f9232-9934-46b7-b55e-9df1564cd0b5@group-5B588368055C:LeaderElection17] INFO  impl.LeaderElection (LeaderElection.java:askForVotes(182)) - 979f9232-9934-46b7-b55e-9df1564cd0b5@group-5B588368055C:LeaderElection17: begin an election at term 1 for -1: [4e6a07d6-9c54-412b-b38b-57a241553837:192.168.151.117:38655, ce462447-f21b-46ca-8863-5bada9d1e9f5:192.168.151.117:45778, 979f9232-9934-46b7-b55e-9df1564cd0b5:192.168.151.117:36138], old=null
2019-10-01 15:45:35,349 [4e6a07d6-9c54-412b-b38b-57a241553837@group-5B588368055C:LeaderElection18] INFO  impl.LeaderElection (LeaderElection.java:askForVotes(182)) - 4e6a07d6-9c54-412b-b38b-57a241553837@group-5B588368055C:LeaderElection18: begin an election at term 1 for -1: [4e6a07d6-9c54-412b-b38b-57a241553837:192.168.151.117:38655, ce462447-f21b-46ca-8863-5bada9d1e9f5:192.168.151.117:45778, 979f9232-9934-46b7-b55e-9df1564cd0b5:192.168.151.117:36138], old=null
2019-10-01 15:45:35,349 [ce462447-f21b-46ca-8863-5bada9d1e9f5@group-5B588368055C:LeaderElection19] INFO  impl.LeaderElection (LeaderElection.java:askForVotes(182)) - ce462447-f21b-46ca-8863-5bada9d1e9f5@group-5B588368055C:LeaderElection19: begin an election at term 1 for -1: [4e6a07d6-9c54-412b-b38b-57a241553837:192.168.151.117:38655, ce462447-f21b-46ca-8863-5bada9d1e9f5:192.168.151.117:45778, 979f9232-9934-46b7-b55e-9df1564cd0b5:192.168.151.117:36138], old=null
2019-10-01 15:45:35,387 [979f9232-9934-46b7-b55e-9df1564cd0b5@group-5B588368055C:LeaderElection17] INFO  impl.LeaderElection (LeaderElection.java:logAndReturn(56)) - 979f9232-9934-46b7-b55e-9df1564cd0b5@group-5B588368055C:LeaderElection17: Election REJECTED; received 2 response(s) [979f9232-9934-46b7-b55e-9df1564cd0b5<-4e6a07d6-9c54-412b-b38b-57a241553837#0:FAIL-t1, 979f9232-9934-46b7-b55e-9df1564cd0b5<-ce462447-f21b-46ca-8863-5bada9d1e9f5#0:FAIL-t1] and 0 exception(s); 979f9232-9934-46b7-b55e-9df1564cd0b5@group-5B588368055C:t1, leader=null, voted=979f9232-9934-46b7-b55e-9df1564cd0b5, raftlog=979f9232-9934-46b7-b55e-9df1564cd0b5@group-5B588368055C-SegmentedRaftLog:OPENED:c-1,f-1,i0, conf=-1: [4e6a07d6-9c54-412b-b38b-57a241553837:192.168.151.117:38655, ce462447-f21b-46ca-8863-5bada9d1e9f5:192.168.151.117:45778, 979f9232-9934-46b7-b55e-9df1564cd0b5:192.168.151.117:36138], old=null
2019-10-01 15:45:35,387 [979f9232-9934-46b7-b55e-9df1564cd0b5@group-5B588368055C:LeaderElection17] INFO  impl.RaftServerImpl (RaftServerImpl.java:setRole(174)) - 979f9232-9934-46b7-b55e-9df1564cd0b5@group-5B588368055C: changes role from CANDIDATE to FOLLOWER at term 1 for DISCOVERED_A_NEW_TERM
2019-10-01 15:45:35,392 [979f9232-9934-46b7-b55e-9df1564cd0b5@group-5B588368055C:LeaderElection17] INFO  impl.RoleInfo (RoleInfo.java:shutdownLeaderElection(134)) - 979f9232-9934-46b7-b55e-9df1564cd0b5: shutdown LeaderElection
2019-10-01 15:45:35,394 [979f9232-9934-46b7-b55e-9df1564cd0b5@group-5B588368055C:LeaderElection17] INFO  impl.RoleInfo (RoleInfo.java:updateAndGet(143)) - 979f9232-9934-46b7-b55e-9df1564cd0b5: start FollowerState
2019-10-01 15:45:35,404 [4e6a07d6-9c54-412b-b38b-57a241553837@group-5B588368055C:LeaderElection18] INFO  impl.LeaderElection (LeaderElection.java:logAndReturn(56)) - 4e6a07d6-9c54-412b-b38b-57a241553837@group-5B588368055C:LeaderElection18: Election REJECTED; received 2 response(s) [4e6a07d6-9c54-412b-b38b-57a241553837<-ce462447-f21b-46ca-8863-5bada9d1e9f5#0:FAIL-t1, 4e6a07d6-9c54-412b-b38b-57a241553837<-979f9232-9934-46b7-b55e-9df1564cd0b5#0:FAIL-t1] and 0 exception(s); 4e6a07d6-9c54-412b-b38b-57a241553837@group-5B588368055C:t1, leader=null, voted=4e6a07d6-9c54-412b-b38b-57a241553837, raftlog=4e6a07d6-9c54-412b-b38b-57a241553837@group-5B588368055C-SegmentedRaftLog:OPENED:c-1,f-1,i0, conf=-1: [4e6a07d6-9c54-412b-b38b-57a241553837:192.168.151.117:38655, ce462447-f21b-46ca-8863-5bada9d1e9f5:192.168.151.117:45778, 979f9232-9934-46b7-b55e-9df1564cd0b5:192.168.151.117:36138], old=null
2019-10-01 15:45:35,406 [4e6a07d6-9c54-412b-b38b-57a241553837@group-5B588368055C:LeaderElection18] INFO  impl.RaftServerImpl (RaftServerImpl.java:setRole(174)) - 4e6a07d6-9c54-412b-b38b-57a241553837@group-5B588368055C: changes role from CANDIDATE to FOLLOWER at term 1 for DISCOVERED_A_NEW_TERM
2019-10-01 15:45:35,409 [4e6a07d6-9c54-412b-b38b-57a241553837@group-5B588368055C:LeaderElection18] INFO  impl.RoleInfo (RoleInfo.java:shutdownLeaderElection(134)) - 4e6a07d6-9c54-412b-b38b-57a241553837: shutdown LeaderElection
2019-10-01 15:45:35,409 [4e6a07d6-9c54-412b-b38b-57a241553837@group-5B588368055C:LeaderElection18] INFO  impl.RoleInfo (RoleInfo.java:updateAndGet(143)) - 4e6a07d6-9c54-412b-b38b-57a241553837: start FollowerState
2019-10-01 15:45:35,413 [ce462447-f21b-46ca-8863-5bada9d1e9f5@group-5B588368055C:LeaderElection19] INFO  impl.LeaderElection (LeaderElection.java:logAndReturn(56)) - ce462447-f21b-46ca-8863-5bada9d1e9f5@group-5B588368055C:LeaderElection19: Election REJECTED; received 2 response(s) [ce462447-f21b-46ca-8863-5bada9d1e9f5<-4e6a07d6-9c54-412b-b38b-57a241553837#0:FAIL-t1, ce462447-f21b-46ca-8863-5bada9d1e9f5<-979f9232-9934-46b7-b55e-9df1564cd0b5#0:FAIL-t1] and 0 exception(s); ce462447-f21b-46ca-8863-5bada9d1e9f5@group-5B588368055C:t1, leader=null, voted=ce462447-f21b-46ca-8863-5bada9d1e9f5, raftlog=ce462447-f21b-46ca-8863-5bada9d1e9f5@group-5B588368055C-SegmentedRaftLog:OPENED:c-1,f-1,i0, conf=-1: [4e6a07d6-9c54-412b-b38b-57a241553837:192.168.151.117:38655, ce462447-f21b-46ca-8863-5bada9d1e9f5:192.168.151.117:45778, 979f9232-9934-46b7-b55e-9df1564cd0b5:192.168.151.117:36138], old=null
2019-10-01 15:45:35,415 [ce462447-f21b-46ca-8863-5bada9d1e9f5@group-5B588368055C:LeaderElection19] INFO  impl.RaftServerImpl (RaftServerImpl.java:setRole(174)) - ce462447-f21b-46ca-8863-5bada9d1e9f5@group-5B588368055C: changes role from CANDIDATE to FOLLOWER at term 1 for DISCOVERED_A_NEW_TERM
2019-10-01 15:45:35,417 [ce462447-f21b-46ca-8863-5bada9d1e9f5@group-5B588368055C:LeaderElection19] INFO  impl.RoleInfo (RoleInfo.java:shutdownLeaderElection(134)) - ce462447-f21b-46ca-8863-5bada9d1e9f5: shutdown LeaderElection
2019-10-01 15:45:35,417 [ce462447-f21b-46ca-8863-5bada9d1e9f5@group-5B588368055C:LeaderElection19] INFO  impl.RoleInfo (RoleInfo.java:updateAndGet(143)) - ce462447-f21b-46ca-8863-5bada9d1e9f5: start FollowerState
2019-10-01 15:45:36,162 [Thread-386] INFO  impl.FollowerState (FollowerState.java:run(106)) - 17687ae8-18db-4cee-85ef-ee5e0f3bebbe:group-16BC6866FE65 changes to CANDIDATE, lastRpcTime:1015, electionTimeout:1013ms
2019-10-01 15:45:36,166 [Thread-386] INFO  impl.RoleInfo (RoleInfo.java:shutdownFollowerState(121)) - 17687ae8-18db-4cee-85ef-ee5e0f3bebbe: shutdown FollowerState
2019-10-01 15:45:36,166 [Thread-386] INFO  impl.RaftServerImpl (RaftServerImpl.java:setRole(174)) - 17687ae8-18db-4cee-85ef-ee5e0f3bebbe@group-16BC6866FE65: changes role from  FOLLOWER to CANDIDATE at term 1 for changeToCandidate
2019-10-01 15:45:36,166 [Thread-386] INFO  impl.RoleInfo (RoleInfo.java:updateAndGet(143)) - 17687ae8-18db-4cee-85ef-ee5e0f3bebbe: start LeaderElection
2019-10-01 15:45:36,199 [Thread-387] INFO  impl.FollowerState (FollowerState.java:run(106)) - c28b71e4-b935-41c8-abf7-7de4a956c002:group-EB8B467BD4F1 changes to CANDIDATE, lastRpcTime:1049, electionTimeout:1047ms
2019-10-01 15:45:36,199 [Thread-387] INFO  impl.RoleInfo (RoleInfo.java:shutdownFollowerState(121)) - c28b71e4-b935-41c8-abf7-7de4a956c002: shutdown FollowerState
2019-10-01 15:45:36,199 [Thread-387] INFO  impl.RaftServerImpl (RaftServerImpl.java:setRole(174)) - c28b71e4-b935-41c8-abf7-7de4a956c002@group-EB8B467BD4F1: changes role from  FOLLOWER to CANDIDATE at term 1 for changeToCandidate
2019-10-01 15:45:36,199 [Thread-387] INFO  impl.RoleInfo (RoleInfo.java:updateAndGet(143)) - c28b71e4-b935-41c8-abf7-7de4a956c002: start LeaderElection
2019-10-01 15:45:36,245 [Thread-391] INFO  impl.FollowerState (FollowerState.java:run(106)) - 5645e86d-f871-44bb-8607-ce62943605c0:group-16BC6866FE65 changes to CANDIDATE, lastRpcTime:1056, electionTimeout:1056ms
2019-10-01 15:45:36,245 [Thread-391] INFO  impl.RoleInfo (RoleInfo.java:shutdownFollowerState(121)) - 5645e86d-f871-44bb-8607-ce62943605c0: shutdown FollowerState
2019-10-01 15:45:36,246 [Thread-391] INFO  impl.RaftServerImpl (RaftServerImpl.java:setRole(174)) - 5645e86d-f871-44bb-8607-ce62943605c0@group-16BC6866FE65: changes role from  FOLLOWER to CANDIDATE at term 1 for changeToCandidate
2019-10-01 15:45:36,246 [Thread-391] INFO  impl.RoleInfo (RoleInfo.java:updateAndGet(143)) - 5645e86d-f871-44bb-8607-ce62943605c0: start LeaderElection
2019-10-01 15:45:36,260 [Thread-390] INFO  impl.FollowerState (FollowerState.java:run(106)) - 6faae4d1-92b7-4646-993b-67f152b9d621:group-EB8B467BD4F1 changes to CANDIDATE, lastRpcTime:1072, electionTimeout:1071ms
2019-10-01 15:45:36,260 [Thread-390] INFO  impl.RoleInfo (RoleInfo.java:shutdownFollowerState(121)) - 6faae4d1-92b7-4646-993b-67f152b9d621: shutdown FollowerState
2019-10-01 15:45:36,260 [Thread-390] INFO  impl.RaftServerImpl (RaftServerImpl.java:setRole(174)) - 6faae4d1-92b7-4646-993b-67f152b9d621@group-EB8B467BD4F1: changes role from  FOLLOWER to CANDIDATE at term 1 for changeToCandidate
2019-10-01 15:45:36,260 [Thread-390] INFO  impl.RoleInfo (RoleInfo.java:updateAndGet(143)) - 6faae4d1-92b7-4646-993b-67f152b9d621: start LeaderElection
2019-10-01 15:45:36,288 [Thread-388] INFO  impl.FollowerState (FollowerState.java:run(106)) - 9f82fbf8-4fac-4532-8c36-3e6bef784ba1:group-16BC6866FE65 changes to CANDIDATE, lastRpcTime:1138, electionTimeout:1128ms
2019-10-01 15:45:36,288 [Thread-388] INFO  impl.RoleInfo (RoleInfo.java:shutdownFollowerState(121)) - 9f82fbf8-4fac-4532-8c36-3e6bef784ba1: shutdown FollowerState
2019-10-01 15:45:36,288 [Thread-388] INFO  impl.RaftServerImpl (RaftServerImpl.java:setRole(174)) - 9f82fbf8-4fac-4532-8c36-3e6bef784ba1@group-16BC6866FE65: changes role from  FOLLOWER to CANDIDATE at term 1 for changeToCandidate
2019-10-01 15:45:36,288 [Thread-388] INFO  impl.RoleInfo (RoleInfo.java:updateAndGet(143)) - 9f82fbf8-4fac-4532-8c36-3e6bef784ba1: start LeaderElection
2019-10-01 15:45:36,363 [Thread-389] INFO  impl.FollowerState (FollowerState.java:run(106)) - f1ba6add-ca0a-4791-abae-69f42b072e96:group-EB8B467BD4F1 changes to CANDIDATE, lastRpcTime:1180, electionTimeout:1180ms
2019-10-01 15:45:36,363 [Thread-389] INFO  impl.RoleInfo (RoleInfo.java:shutdownFollowerState(121)) - f1ba6add-ca0a-4791-abae-69f42b072e96: shutdown FollowerState
2019-10-01 15:45:36,363 [Thread-389] INFO  impl.RaftServerImpl (RaftServerImpl.java:setRole(174)) - f1ba6add-ca0a-4791-abae-69f42b072e96@group-EB8B467BD4F1: changes role from  FOLLOWER to CANDIDATE at term 1 for changeToCandidate
2019-10-01 15:45:36,363 [Thread-389] INFO  impl.RoleInfo (RoleInfo.java:updateAndGet(143)) - f1ba6add-ca0a-4791-abae-69f42b072e96: start LeaderElection
2019-10-01 15:45:36,389 [17687ae8-18db-4cee-85ef-ee5e0f3bebbe@group-16BC6866FE65:LeaderElection20] INFO  impl.LeaderElection (LeaderElection.java:askForVotes(182)) - 17687ae8-18db-4cee-85ef-ee5e0f3bebbe@group-16BC6866FE65:LeaderElection20: begin an election at term 2 for -1: [5645e86d-f871-44bb-8607-ce62943605c0:192.168.151.117:45277, 17687ae8-18db-4cee-85ef-ee5e0f3bebbe:192.168.151.117:44984, 9f82fbf8-4fac-4532-8c36-3e6bef784ba1:192.168.151.117:38577], old=null
2019-10-01 15:45:36,390 [f1ba6add-ca0a-4791-abae-69f42b072e96@group-EB8B467BD4F1:LeaderElection25] INFO  impl.LeaderElection (LeaderElection.java:askForVotes(182)) - f1ba6add-ca0a-4791-abae-69f42b072e96@group-EB8B467BD4F1:LeaderElection25: begin an election at term 2 for -1: [f1ba6add-ca0a-4791-abae-69f42b072e96:192.168.151.117:38270, 6faae4d1-92b7-4646-993b-67f152b9d621:192.168.151.117:41086, c28b71e4-b935-41c8-abf7-7de4a956c002:192.168.151.117:35347], old=null
2019-10-01 15:45:36,390 [5645e86d-f871-44bb-8607-ce62943605c0@group-16BC6866FE65:LeaderElection22] INFO  impl.LeaderElection (LeaderElection.java:askForVotes(182)) - 5645e86d-f871-44bb-8607-ce62943605c0@group-16BC6866FE65:LeaderElection22: begin an election at term 2 for -1: [5645e86d-f871-44bb-8607-ce62943605c0:192.168.151.117:45277, 17687ae8-18db-4cee-85ef-ee5e0f3bebbe:192.168.151.117:44984, 9f82fbf8-4fac-4532-8c36-3e6bef784ba1:192.168.151.117:38577], old=null
2019-10-01 15:45:36,391 [6faae4d1-92b7-4646-993b-67f152b9d621@group-EB8B467BD4F1:LeaderElection23] INFO  impl.LeaderElection (LeaderElection.java:askForVotes(182)) - 6faae4d1-92b7-4646-993b-67f152b9d621@group-EB8B467BD4F1:LeaderElection23: begin an election at term 2 for -1: [f1ba6add-ca0a-4791-abae-69f42b072e96:192.168.151.117:38270, 6faae4d1-92b7-4646-993b-67f152b9d621:192.168.151.117:41086, c28b71e4-b935-41c8-abf7-7de4a956c002:192.168.151.117:35347], old=null
2019-10-01 15:45:36,390 [9f82fbf8-4fac-4532-8c36-3e6bef784ba1@group-16BC6866FE65:LeaderElection24] INFO  impl.LeaderElection (LeaderElection.java:askForVotes(182)) - 9f82fbf8-4fac-4532-8c36-3e6bef784ba1@group-16BC6866FE65:LeaderElection24: begin an election at term 2 for -1: [5645e86d-f871-44bb-8607-ce62943605c0:192.168.151.117:45277, 17687ae8-18db-4cee-85ef-ee5e0f3bebbe:192.168.151.117:44984, 9f82fbf8-4fac-4532-8c36-3e6bef784ba1:192.168.151.117:38577], old=null
2019-10-01 15:45:36,390 [c28b71e4-b935-41c8-abf7-7de4a956c002@group-EB8B467BD4F1:LeaderElection21] INFO  impl.LeaderElection (LeaderElection.java:askForVotes(182)) - c28b71e4-b935-41c8-abf7-7de4a956c002@group-EB8B467BD4F1:LeaderElection21: begin an election at term 2 for -1: [f1ba6add-ca0a-4791-abae-69f42b072e96:192.168.151.117:38270, 6faae4d1-92b7-4646-993b-67f152b9d621:192.168.151.117:41086, c28b71e4-b935-41c8-abf7-7de4a956c002:192.168.151.117:35347], old=null
2019-10-01 15:45:36,410 [17687ae8-18db-4cee-85ef-ee5e0f3bebbe@group-16BC6866FE65:LeaderElection20] INFO  impl.LeaderElection (LeaderElection.java:logAndReturn(56)) - 17687ae8-18db-4cee-85ef-ee5e0f3bebbe@group-16BC6866FE65:LeaderElection20: Election REJECTED; received 2 response(s) [17687ae8-18db-4cee-85ef-ee5e0f3bebbe<-5645e86d-f871-44bb-8607-ce62943605c0#0:FAIL-t2, 17687ae8-18db-4cee-85ef-ee5e0f3bebbe<-9f82fbf8-4fac-4532-8c36-3e6bef784ba1#0:FAIL-t2] and 0 exception(s); 17687ae8-18db-4cee-85ef-ee5e0f3bebbe@group-16BC6866FE65:t2, leader=null, voted=17687ae8-18db-4cee-85ef-ee5e0f3bebbe, raftlog=17687ae8-18db-4cee-85ef-ee5e0f3bebbe@group-16BC6866FE65-SegmentedRaftLog:OPENED:c-1,f-1,i0, conf=-1: [5645e86d-f871-44bb-8607-ce62943605c0:192.168.151.117:45277, 17687ae8-18db-4cee-85ef-ee5e0f3bebbe:192.168.151.117:44984, 9f82fbf8-4fac-4532-8c36-3e6bef784ba1:192.168.151.117:38577], old=null
2019-10-01 15:45:36,410 [17687ae8-18db-4cee-85ef-ee5e0f3bebbe@group-16BC6866FE65:LeaderElection20] INFO  impl.RaftServerImpl (RaftServerImpl.java:setRole(174)) - 17687ae8-18db-4cee-85ef-ee5e0f3bebbe@group-16BC6866FE65: changes role from CANDIDATE to FOLLOWER at term 2 for DISCOVERED_A_NEW_TERM
2019-10-01 15:45:36,414 [17687ae8-18db-4cee-85ef-ee5e0f3bebbe@group-16BC6866FE65:LeaderElection20] INFO  impl.RoleInfo (RoleInfo.java:shutdownLeaderElection(134)) - 17687ae8-18db-4cee-85ef-ee5e0f3bebbe: shutdown LeaderElection
2019-10-01 15:45:36,414 [17687ae8-18db-4cee-85ef-ee5e0f3bebbe@group-16BC6866FE65:LeaderElection20] INFO  impl.RoleInfo (RoleInfo.java:updateAndGet(143)) - 17687ae8-18db-4cee-85ef-ee5e0f3bebbe: start FollowerState
2019-10-01 15:45:36,414 [f1ba6add-ca0a-4791-abae-69f42b072e96@group-EB8B467BD4F1:LeaderElection25] INFO  impl.LeaderElection (LeaderElection.java:logAndReturn(56)) - f1ba6add-ca0a-4791-abae-69f42b072e96@group-EB8B467BD4F1:LeaderElection25: Election REJECTED; received 2 response(s) [f1ba6add-ca0a-4791-abae-69f42b072e96<-6faae4d1-92b7-4646-993b-67f152b9d621#0:FAIL-t2, f1ba6add-ca0a-4791-abae-69f42b072e96<-c28b71e4-b935-41c8-abf7-7de4a956c002#0:FAIL-t2] and 0 exception(s); f1ba6add-ca0a-4791-abae-69f42b072e96@group-EB8B467BD4F1:t2, leader=null, voted=f1ba6add-ca0a-4791-abae-69f42b072e96, raftlog=f1ba6add-ca0a-4791-abae-69f42b072e96@group-EB8B467BD4F1-SegmentedRaftLog:OPENED:c-1,f-1,i0, conf=-1: [f1ba6add-ca0a-4791-abae-69f42b072e96:192.168.151.117:38270, 6faae4d1-92b7-4646-993b-67f152b9d621:192.168.151.117:41086, c28b71e4-b935-41c8-abf7-7de4a956c002:192.168.151.117:35347], old=null
2019-10-01 15:45:36,420 [f1ba6add-ca0a-4791-abae-69f42b072e96@group-EB8B467BD4F1:LeaderElection25] INFO  impl.RaftServerImpl (RaftServerImpl.java:setRole(174)) - f1ba6add-ca0a-4791-abae-69f42b072e96@group-EB8B467BD4F1: changes role from CANDIDATE to FOLLOWER at term 2 for DISCOVERED_A_NEW_TERM
2019-10-01 15:45:36,422 [f1ba6add-ca0a-4791-abae-69f42b072e96@group-EB8B467BD4F1:LeaderElection25] INFO  impl.RoleInfo (RoleInfo.java:shutdownLeaderElection(134)) - f1ba6add-ca0a-4791-abae-69f42b072e96: shutdown LeaderElection
2019-10-01 15:45:36,422 [9f82fbf8-4fac-4532-8c36-3e6bef784ba1@group-16BC6866FE65:LeaderElection24] INFO  impl.LeaderElection (LeaderElection.java:logAndReturn(56)) - 9f82fbf8-4fac-4532-8c36-3e6bef784ba1@group-16BC6866FE65:LeaderElection24: Election REJECTED; received 2 response(s) [9f82fbf8-4fac-4532-8c36-3e6bef784ba1<-5645e86d-f871-44bb-8607-ce62943605c0#0:FAIL-t2, 9f82fbf8-4fac-4532-8c36-3e6bef784ba1<-17687ae8-18db-4cee-85ef-ee5e0f3bebbe#0:FAIL-t2] and 0 exception(s); 9f82fbf8-4fac-4532-8c36-3e6bef784ba1@group-16BC6866FE65:t2, leader=null, voted=9f82fbf8-4fac-4532-8c36-3e6bef784ba1, raftlog=9f82fbf8-4fac-4532-8c36-3e6bef784ba1@group-16BC6866FE65-SegmentedRaftLog:OPENED:c-1,f-1,i0, conf=-1: [5645e86d-f871-44bb-8607-ce62943605c0:192.168.151.117:45277, 17687ae8-18db-4cee-85ef-ee5e0f3bebbe:192.168.151.117:44984, 9f82fbf8-4fac-4532-8c36-3e6bef784ba1:192.168.151.117:38577], old=null
2019-10-01 15:45:36,423 [f1ba6add-ca0a-4791-abae-69f42b072e96@group-EB8B467BD4F1:LeaderElection25] INFO  impl.RoleInfo (RoleInfo.java:updateAndGet(143)) - f1ba6add-ca0a-4791-abae-69f42b072e96: start FollowerState
2019-10-01 15:45:36,425 [9f82fbf8-4fac-4532-8c36-3e6bef784ba1@group-16BC6866FE65:LeaderElection24] INFO  impl.RaftServerImpl (RaftServerImpl.java:setRole(174)) - 9f82fbf8-4fac-4532-8c36-3e6bef784ba1@group-16BC6866FE65: changes role from CANDIDATE to FOLLOWER at term 2 for DISCOVERED_A_NEW_TERM
2019-10-01 15:45:36,429 [9f82fbf8-4fac-4532-8c36-3e6bef784ba1@group-16BC6866FE65:LeaderElection24] INFO  impl.RoleInfo (RoleInfo.java:shutdownLeaderElection(134)) - 9f82fbf8-4fac-4532-8c36-3e6bef784ba1: shutdown LeaderElection
2019-10-01 15:45:36,429 [9f82fbf8-4fac-4532-8c36-3e6bef784ba1@group-16BC6866FE65:LeaderElection24] INFO  impl.RoleInfo (RoleInfo.java:updateAndGet(143)) - 9f82fbf8-4fac-4532-8c36-3e6bef784ba1: start FollowerState
2019-10-01 15:45:36,429 [5645e86d-f871-44bb-8607-ce62943605c0@group-16BC6866FE65:LeaderElection22] INFO  impl.LeaderElection (LeaderElection.java:logAndReturn(56)) - 5645e86d-f871-44bb-8607-ce62943605c0@group-16BC6866FE65:LeaderElection22: Election REJECTED; received 2 response(s) [5645e86d-f871-44bb-8607-ce62943605c0<-17687ae8-18db-4cee-85ef-ee5e0f3bebbe#0:FAIL-t2, 5645e86d-f871-44bb-8607-ce62943605c0<-9f82fbf8-4fac-4532-8c36-3e6bef784ba1#0:FAIL-t2] and 0 exception(s); 5645e86d-f871-44bb-8607-ce62943605c0@group-16BC6866FE65:t2, leader=null, voted=5645e86d-f871-44bb-8607-ce62943605c0, raftlog=5645e86d-f871-44bb-8607-ce62943605c0@group-16BC6866FE65-SegmentedRaftLog:OPENED:c-1,f-1,i0, conf=-1: [5645e86d-f871-44bb-8607-ce62943605c0:192.168.151.117:45277, 17687ae8-18db-4cee-85ef-ee5e0f3bebbe:192.168.151.117:44984, 9f82fbf8-4fac-4532-8c36-3e6bef784ba1:192.168.151.117:38577], old=null
2019-10-01 15:45:36,431 [5645e86d-f871-44bb-8607-ce62943605c0@group-16BC6866FE65:LeaderElection22] INFO  impl.RaftServerImpl (RaftServerImpl.java:setRole(174)) - 5645e86d-f871-44bb-8607-ce62943605c0@group-16BC6866FE65: changes role from CANDIDATE to FOLLOWER at term 2 for DISCOVERED_A_NEW_TERM
2019-10-01 15:45:36,439 [5645e86d-f871-44bb-8607-ce62943605c0@group-16BC6866FE65:LeaderElection22] INFO  impl.RoleInfo (RoleInfo.java:shutdownLeaderElection(134)) - 5645e86d-f871-44bb-8607-ce62943605c0: shutdown LeaderElection
2019-10-01 15:45:36,439 [5645e86d-f871-44bb-8607-ce62943605c0@group-16BC6866FE65:LeaderElection22] INFO  impl.RoleInfo (RoleInfo.java:updateAndGet(143)) - 5645e86d-f871-44bb-8607-ce62943605c0: start FollowerState
2019-10-01 15:45:36,440 [c28b71e4-b935-41c8-abf7-7de4a956c002@group-EB8B467BD4F1:LeaderElection21] INFO  impl.LeaderElection (LeaderElection.java:logAndReturn(56)) - c28b71e4-b935-41c8-abf7-7de4a956c002@group-EB8B467BD4F1:LeaderElection21: Election REJECTED; received 2 response(s) [c28b71e4-b935-41c8-abf7-7de4a956c002<-6faae4d1-92b7-4646-993b-67f152b9d621#0:FAIL-t2, c28b71e4-b935-41c8-abf7-7de4a956c002<-f1ba6add-ca0a-4791-abae-69f42b072e96#0:FAIL-t2] and 0 exception(s); c28b71e4-b935-41c8-abf7-7de4a956c002@group-EB8B467BD4F1:t2, leader=null, voted=c28b71e4-b935-41c8-abf7-7de4a956c002, raftlog=c28b71e4-b935-41c8-abf7-7de4a956c002@group-EB8B467BD4F1-SegmentedRaftLog:OPENED:c-1,f-1,i0, conf=-1: [f1ba6add-ca0a-4791-abae-69f42b072e96:192.168.151.117:38270, 6faae4d1-92b7-4646-993b-67f152b9d621:192.168.151.117:41086, c28b71e4-b935-41c8-abf7-7de4a956c002:192.168.151.117:35347], old=null
2019-10-01 15:45:36,442 [c28b71e4-b935-41c8-abf7-7de4a956c002@group-EB8B467BD4F1:LeaderElection21] INFO  impl.RaftServerImpl (RaftServerImpl.java:setRole(174)) - c28b71e4-b935-41c8-abf7-7de4a956c002@group-EB8B467BD4F1: changes role from CANDIDATE to FOLLOWER at term 2 for DISCOVERED_A_NEW_TERM
2019-10-01 15:45:36,442 [c28b71e4-b935-41c8-abf7-7de4a956c002@group-EB8B467BD4F1:LeaderElection21] INFO  impl.RoleInfo (RoleInfo.java:shutdownLeaderElection(134)) - c28b71e4-b935-41c8-abf7-7de4a956c002: shutdown LeaderElection
2019-10-01 15:45:36,442 [6faae4d1-92b7-4646-993b-67f152b9d621@group-EB8B467BD4F1:LeaderElection23] INFO  impl.LeaderElection (LeaderElection.java:logAndReturn(56)) - 6faae4d1-92b7-4646-993b-67f152b9d621@group-EB8B467BD4F1:LeaderElection23: Election REJECTED; received 2 response(s) [6faae4d1-92b7-4646-993b-67f152b9d621<-f1ba6add-ca0a-4791-abae-69f42b072e96#0:FAIL-t2, 6faae4d1-92b7-4646-993b-67f152b9d621<-c28b71e4-b935-41c8-abf7-7de4a956c002#0:FAIL-t2] and 0 exception(s); 6faae4d1-92b7-4646-993b-67f152b9d621@group-EB8B467BD4F1:t2, leader=null, voted=6faae4d1-92b7-4646-993b-67f152b9d621, raftlog=6faae4d1-92b7-4646-993b-67f152b9d621@group-EB8B467BD4F1-SegmentedRaftLog:OPENED:c-1,f-1,i0, conf=-1: [f1ba6add-ca0a-4791-abae-69f42b072e96:192.168.151.117:38270, 6faae4d1-92b7-4646-993b-67f152b9d621:192.168.151.117:41086, c28b71e4-b935-41c8-abf7-7de4a956c002:192.168.151.117:35347], old=null
2019-10-01 15:45:36,442 [c28b71e4-b935-41c8-abf7-7de4a956c002@group-EB8B467BD4F1:LeaderElection21] INFO  impl.RoleInfo (RoleInfo.java:updateAndGet(143)) - c28b71e4-b935-41c8-abf7-7de4a956c002: start FollowerState
2019-10-01 15:45:36,444 [6faae4d1-92b7-4646-993b-67f152b9d621@group-EB8B467BD4F1:LeaderElection23] INFO  impl.RaftServerImpl (RaftServerImpl.java:setRole(174)) - 6faae4d1-92b7-4646-993b-67f152b9d621@group-EB8B467BD4F1: changes role from CANDIDATE to FOLLOWER at term 2 for DISCOVERED_A_NEW_TERM
2019-10-01 15:45:36,446 [6faae4d1-92b7-4646-993b-67f152b9d621@group-EB8B467BD4F1:LeaderElection23] INFO  impl.RoleInfo (RoleInfo.java:shutdownLeaderElection(134)) - 6faae4d1-92b7-4646-993b-67f152b9d621: shutdown LeaderElection
2019-10-01 15:45:36,446 [6faae4d1-92b7-4646-993b-67f152b9d621@group-EB8B467BD4F1:LeaderElection23] INFO  impl.RoleInfo (RoleInfo.java:updateAndGet(143)) - 6faae4d1-92b7-4646-993b-67f152b9d621: start FollowerState
2019-10-01 15:45:36,456 [Thread-401] INFO  impl.FollowerState (FollowerState.java:run(106)) - 979f9232-9934-46b7-b55e-9df1564cd0b5:group-5B588368055C changes to CANDIDATE, lastRpcTime:1062, electionTimeout:1060ms
2019-10-01 15:45:36,456 [Thread-401] INFO  impl.RoleInfo (RoleInfo.java:shutdownFollowerState(121)) - 979f9232-9934-46b7-b55e-9df1564cd0b5: shutdown FollowerState
2019-10-01 15:45:36,457 [Thread-401] INFO  impl.RaftServerImpl (RaftServerImpl.java:setRole(174)) - 979f9232-9934-46b7-b55e-9df1564cd0b5@group-5B588368055C: changes role from  FOLLOWER to CANDIDATE at term 1 for changeToCandidate
2019-10-01 15:45:36,457 [Thread-401] INFO  impl.RoleInfo (RoleInfo.java:updateAndGet(143)) - 979f9232-9934-46b7-b55e-9df1564cd0b5: start LeaderElection
2019-10-01 15:45:36,528 [979f9232-9934-46b7-b55e-9df1564cd0b5@group-5B588368055C:LeaderElection26] INFO  impl.LeaderElection (LeaderElection.java:askForVotes(182)) - 979f9232-9934-46b7-b55e-9df1564cd0b5@group-5B588368055C:LeaderElection26: begin an election at term 2 for -1: [4e6a07d6-9c54-412b-b38b-57a241553837:192.168.151.117:38655, ce462447-f21b-46ca-8863-5bada9d1e9f5:192.168.151.117:45778, 979f9232-9934-46b7-b55e-9df1564cd0b5:192.168.151.117:36138], old=null
2019-10-01 15:45:36,532 [grpc-default-executor-7] INFO  impl.RaftServerImpl (RaftServerImpl.java:setRole(174)) - 4e6a07d6-9c54-412b-b38b-57a241553837@group-5B588368055C: changes role from  FOLLOWER to FOLLOWER at term 2 for recognizeCandidate:979f9232-9934-46b7-b55e-9df1564cd0b5
2019-10-01 15:45:36,532 [grpc-default-executor-7] INFO  impl.RoleInfo (RoleInfo.java:shutdownFollowerState(121)) - 4e6a07d6-9c54-412b-b38b-57a241553837: shutdown FollowerState
2019-10-01 15:45:36,532 [grpc-default-executor-6] INFO  impl.RaftServerImpl (RaftServerImpl.java:setRole(174)) - ce462447-f21b-46ca-8863-5bada9d1e9f5@group-5B588368055C: changes role from  FOLLOWER to FOLLOWER at term 2 for recognizeCandidate:979f9232-9934-46b7-b55e-9df1564cd0b5
2019-10-01 15:45:36,532 [grpc-default-executor-7] INFO  impl.RoleInfo (RoleInfo.java:updateAndGet(143)) - 4e6a07d6-9c54-412b-b38b-57a241553837: start FollowerState
2019-10-01 15:45:36,532 [Thread-402] INFO  impl.FollowerState (FollowerState.java:run(115)) - 4e6a07d6-9c54-412b-b38b-57a241553837: FollowerState was interrupted: java.lang.InterruptedException: sleep interrupted
2019-10-01 15:45:36,532 [grpc-default-executor-6] INFO  impl.RoleInfo (RoleInfo.java:shutdownFollowerState(121)) - ce462447-f21b-46ca-8863-5bada9d1e9f5: shutdown FollowerState
2019-10-01 15:45:36,532 [grpc-default-executor-6] INFO  impl.RoleInfo (RoleInfo.java:updateAndGet(143)) - ce462447-f21b-46ca-8863-5bada9d1e9f5: start FollowerState
2019-10-01 15:45:36,532 [Thread-403] INFO  impl.FollowerState (FollowerState.java:run(115)) - ce462447-f21b-46ca-8863-5bada9d1e9f5: FollowerState was interrupted: java.lang.InterruptedException: sleep interrupted
2019-10-01 15:45:36,568 [979f9232-9934-46b7-b55e-9df1564cd0b5@group-5B588368055C:LeaderElection26] INFO  impl.LeaderElection (LeaderElection.java:logAndReturn(56)) - 979f9232-9934-46b7-b55e-9df1564cd0b5@group-5B588368055C:LeaderElection26: Election PASSED; received 1 response(s) [979f9232-9934-46b7-b55e-9df1564cd0b5<-4e6a07d6-9c54-412b-b38b-57a241553837#0:OK-t2] and 0 exception(s); 979f9232-9934-46b7-b55e-9df1564cd0b5@group-5B588368055C:t2, leader=null, voted=979f9232-9934-46b7-b55e-9df1564cd0b5, raftlog=979f9232-9934-46b7-b55e-9df1564cd0b5@group-5B588368055C-SegmentedRaftLog:OPENED:c-1,f-1,i0, conf=-1: [4e6a07d6-9c54-412b-b38b-57a241553837:192.168.151.117:38655, ce462447-f21b-46ca-8863-5bada9d1e9f5:192.168.151.117:45778, 979f9232-9934-46b7-b55e-9df1564cd0b5:192.168.151.117:36138], old=null
2019-10-01 15:45:36,569 [979f9232-9934-46b7-b55e-9df1564cd0b5@group-5B588368055C:LeaderElection26] INFO  impl.RoleInfo (RoleInfo.java:shutdownLeaderElection(134)) - 979f9232-9934-46b7-b55e-9df1564cd0b5: shutdown LeaderElection
2019-10-01 15:45:36,569 [979f9232-9934-46b7-b55e-9df1564cd0b5@group-5B588368055C:LeaderElection26] INFO  impl.RaftServerImpl (RaftServerImpl.java:setRole(174)) - 979f9232-9934-46b7-b55e-9df1564cd0b5@group-5B588368055C: changes role from CANDIDATE to LEADER at term 2 for changeToLeader
2019-10-01 15:45:36,569 [979f9232-9934-46b7-b55e-9df1564cd0b5@group-5B588368055C:LeaderElection26] INFO  impl.RaftServerImpl (ServerState.java:setLeader(253)) - 979f9232-9934-46b7-b55e-9df1564cd0b5@group-5B588368055C: change Leader from null to 979f9232-9934-46b7-b55e-9df1564cd0b5 at term 2 for becomeLeader, leader elected after 2512ms
2019-10-01 15:45:36,569 [979f9232-9934-46b7-b55e-9df1564cd0b5@group-5B588368055C:LeaderElection26] INFO  server.RaftServerConfigKeys (ConfUtils.java:logGet(43)) - raft.server.staging.catchup.gap = 1000 (default)
2019-10-01 15:45:36,569 [979f9232-9934-46b7-b55e-9df1564cd0b5@group-5B588368055C:LeaderElection26] INFO  server.RaftServerConfigKeys (ConfUtils.java:logGet(43)) - raft.server.rpc.sleep.time = 25ms (default)
2019-10-01 15:45:36,569 [979f9232-9934-46b7-b55e-9df1564cd0b5@group-5B588368055C:LeaderElection26] INFO  server.RaftServerConfigKeys (ConfUtils.java:logGet(43)) - raft.server.write.element-limit = 4096 (default)
2019-10-01 15:45:36,570 [979f9232-9934-46b7-b55e-9df1564cd0b5@group-5B588368055C:LeaderElection26] INFO  server.RaftServerConfigKeys (ConfUtils.java:logGet(43)) - raft.server.watch.timeout = 10s (default)
2019-10-01 15:45:36,570 [979f9232-9934-46b7-b55e-9df1564cd0b5@group-5B588368055C:LeaderElection26] INFO  server.RaftServerConfigKeys (ConfUtils.java:logGet(43)) - raft.server.watch.timeout.denomination = 1s (default)
2019-10-01 15:45:36,570 [979f9232-9934-46b7-b55e-9df1564cd0b5@group-5B588368055C:LeaderElection26] INFO  server.RaftServerConfigKeys (ConfUtils.java:logGet(43)) - raft.server.watch.element-limit = 65536 (default)
2019-10-01 15:45:36,575 [979f9232-9934-46b7-b55e-9df1564cd0b5@group-5B588368055C:LeaderElection26] INFO  server.RaftServerConfigKeys (ConfUtils.java:logGet(43)) - raft.server.log.appender.snapshot.chunk.size.max = 16MB (=16777216) (default)
2019-10-01 15:45:36,575 [979f9232-9934-46b7-b55e-9df1564cd0b5@group-5B588368055C:LeaderElection26] INFO  server.RaftServerConfigKeys (ConfUtils.java:logGet(43)) - raft.server.log.appender.buffer.byte-limit = 33554432 (custom)
2019-10-01 15:45:36,575 [979f9232-9934-46b7-b55e-9df1564cd0b5@group-5B588368055C:LeaderElection26] INFO  server.RaftServerConfigKeys (ConfUtils.java:logGet(43)) - raft.server.log.appender.buffer.element-limit = 1 (custom)
2019-10-01 15:45:36,579 [979f9232-9934-46b7-b55e-9df1564cd0b5@group-5B588368055C:LeaderElection26] INFO  grpc.GrpcConfigKeys$Server (ConfUtils.java:logGet(43)) - raft.grpc.server.leader.outstanding.appends.max = 128 (default)
2019-10-01 15:45:36,582 [979f9232-9934-46b7-b55e-9df1564cd0b5@group-5B588368055C:LeaderElection26] INFO  server.RaftServerConfigKeys (ConfUtils.java:logGet(43)) - raft.server.rpc.request.timeout = 3000ms (default)
2019-10-01 15:45:36,583 [979f9232-9934-46b7-b55e-9df1564cd0b5@group-5B588368055C:LeaderElection26] INFO  server.RaftServerConfigKeys (ConfUtils.java:logGet(43)) - raft.server.log.appender.install.snapshot.enabled = false (custom)
2019-10-01 15:45:36,584 [979f9232-9934-46b7-b55e-9df1564cd0b5@group-5B588368055C:LeaderElection26] INFO  server.RaftServerConfigKeys (ConfUtils.java:logGet(43)) - raft.server.log.appender.snapshot.chunk.size.max = 16MB (=16777216) (default)
2019-10-01 15:45:36,584 [979f9232-9934-46b7-b55e-9df1564cd0b5@group-5B588368055C:LeaderElection26] INFO  server.RaftServerConfigKeys (ConfUtils.java:logGet(43)) - raft.server.log.appender.buffer.byte-limit = 33554432 (custom)
2019-10-01 15:45:36,584 [979f9232-9934-46b7-b55e-9df1564cd0b5@group-5B588368055C:LeaderElection26] INFO  server.RaftServerConfigKeys (ConfUtils.java:logGet(43)) - raft.server.log.appender.buffer.element-limit = 1 (custom)
2019-10-01 15:45:36,584 [979f9232-9934-46b7-b55e-9df1564cd0b5@group-5B588368055C:LeaderElection26] INFO  grpc.GrpcConfigKeys$Server (ConfUtils.java:logGet(43)) - raft.grpc.server.leader.outstanding.appends.max = 128 (default)
2019-10-01 15:45:36,584 [979f9232-9934-46b7-b55e-9df1564cd0b5@group-5B588368055C:LeaderElection26] INFO  server.RaftServerConfigKeys (ConfUtils.java:logGet(43)) - raft.server.rpc.request.timeout = 3000ms (default)
2019-10-01 15:45:36,585 [979f9232-9934-46b7-b55e-9df1564cd0b5@group-5B588368055C:LeaderElection26] INFO  server.RaftServerConfigKeys (ConfUtils.java:logGet(43)) - raft.server.log.appender.install.snapshot.enabled = false (custom)
2019-10-01 15:45:36,586 [979f9232-9934-46b7-b55e-9df1564cd0b5@group-5B588368055C:LeaderElection26] INFO  impl.RoleInfo (RoleInfo.java:updateAndGet(143)) - 979f9232-9934-46b7-b55e-9df1564cd0b5: start LeaderState
2019-10-01 15:45:36,586 [979f9232-9934-46b7-b55e-9df1564cd0b5@group-5B588368055C:LeaderElection26] INFO  segmented.SegmentedRaftLogWorker (SegmentedRaftLogWorker.java:startLogSegment(380)) - 979f9232-9934-46b7-b55e-9df1564cd0b5@group-5B588368055C-SegmentedRaftLogWorker: Starting segment from index:0
2019-10-01 15:45:36,587 [979f9232-9934-46b7-b55e-9df1564cd0b5@group-5B588368055C:LeaderElection26] INFO  impl.RaftServerImpl (ServerState.java:setRaftConf(354)) - 979f9232-9934-46b7-b55e-9df1564cd0b5@group-5B588368055C: set configuration 0: [4e6a07d6-9c54-412b-b38b-57a241553837:192.168.151.117:38655, ce462447-f21b-46ca-8863-5bada9d1e9f5:192.168.151.117:45778, 979f9232-9934-46b7-b55e-9df1564cd0b5:192.168.151.117:36138], old=null at 0
2019-10-01 15:45:36,618 [grpc-default-executor-7] INFO  impl.RaftServerImpl (ServerState.java:setLeader(253)) - 4e6a07d6-9c54-412b-b38b-57a241553837@group-5B588368055C: change Leader from null to 979f9232-9934-46b7-b55e-9df1564cd0b5 at term 2 for appendEntries, leader elected after 2562ms
2019-10-01 15:45:36,618 [grpc-default-executor-6] INFO  impl.RaftServerImpl (ServerState.java:setLeader(253)) - ce462447-f21b-46ca-8863-5bada9d1e9f5@group-5B588368055C: change Leader from null to 979f9232-9934-46b7-b55e-9df1564cd0b5 at term 2 for appendEntries, leader elected after 2562ms
2019-10-01 15:45:36,643 [979f9232-9934-46b7-b55e-9df1564cd0b5@group-5B588368055C-SegmentedRaftLogWorker] INFO  segmented.SegmentedRaftLogWorker (SegmentedRaftLogWorker.java:execute(569)) - 979f9232-9934-46b7-b55e-9df1564cd0b5@group-5B588368055C-SegmentedRaftLogWorker: created new log segment /workdir/hadoop-ozone/integration-test/target/test-dir/MiniOzoneClusterImpl-9b1271a8-4299-44cb-bbfb-3eebcf11b219/datanode-9/data/ratis/0dc41b4d-a950-4598-9bff-5b588368055c/current/log_inprogress_0
2019-10-01 15:45:36,648 [grpc-default-executor-7] INFO  impl.RaftServerImpl (ServerState.java:setRaftConf(354)) - ce462447-f21b-46ca-8863-5bada9d1e9f5@group-5B588368055C: set configuration 0: [4e6a07d6-9c54-412b-b38b-57a241553837:192.168.151.117:38655, ce462447-f21b-46ca-8863-5bada9d1e9f5:192.168.151.117:45778, 979f9232-9934-46b7-b55e-9df1564cd0b5:192.168.151.117:36138], old=null at 0
2019-10-01 15:45:36,648 [grpc-default-executor-6] INFO  impl.RaftServerImpl (ServerState.java:setRaftConf(354)) - 4e6a07d6-9c54-412b-b38b-57a241553837@group-5B588368055C: set configuration 0: [4e6a07d6-9c54-412b-b38b-57a241553837:192.168.151.117:38655, ce462447-f21b-46ca-8863-5bada9d1e9f5:192.168.151.117:45778, 979f9232-9934-46b7-b55e-9df1564cd0b5:192.168.151.117:36138], old=null at 0
2019-10-01 15:45:36,649 [grpc-default-executor-7] INFO  segmented.SegmentedRaftLogWorker (SegmentedRaftLogWorker.java:startLogSegment(380)) - ce462447-f21b-46ca-8863-5bada9d1e9f5@group-5B588368055C-SegmentedRaftLogWorker: Starting segment from index:0
2019-10-01 15:45:36,649 [grpc-default-executor-6] INFO  segmented.SegmentedRaftLogWorker (SegmentedRaftLogWorker.java:startLogSegment(380)) - 4e6a07d6-9c54-412b-b38b-57a241553837@group-5B588368055C-SegmentedRaftLogWorker: Starting segment from index:0
2019-10-01 15:45:36,731 [ce462447-f21b-46ca-8863-5bada9d1e9f5@group-5B588368055C-SegmentedRaftLogWorker] INFO  segmented.SegmentedRaftLogWorker (SegmentedRaftLogWorker.java:execute(569)) - ce462447-f21b-46ca-8863-5bada9d1e9f5@group-5B588368055C-SegmentedRaftLogWorker: created new log segment /workdir/hadoop-ozone/integration-test/target/test-dir/MiniOzoneClusterImpl-9b1271a8-4299-44cb-bbfb-3eebcf11b219/datanode-1/data/ratis/0dc41b4d-a950-4598-9bff-5b588368055c/current/log_inprogress_0
2019-10-01 15:45:36,731 [4e6a07d6-9c54-412b-b38b-57a241553837@group-5B588368055C-SegmentedRaftLogWorker] INFO  segmented.SegmentedRaftLogWorker (SegmentedRaftLogWorker.java:execute(569)) - 4e6a07d6-9c54-412b-b38b-57a241553837@group-5B588368055C-SegmentedRaftLogWorker: created new log segment /workdir/hadoop-ozone/integration-test/target/test-dir/MiniOzoneClusterImpl-9b1271a8-4299-44cb-bbfb-3eebcf11b219/datanode-6/data/ratis/0dc41b4d-a950-4598-9bff-5b588368055c/current/log_inprogress_0
2019-10-01 15:45:37,509 [Thread-426] INFO  impl.FollowerState (FollowerState.java:run(106)) - 9f82fbf8-4fac-4532-8c36-3e6bef784ba1:group-16BC6866FE65 changes to CANDIDATE, lastRpcTime:1079, electionTimeout:1070ms
2019-10-01 15:45:37,509 [Thread-426] INFO  impl.RoleInfo (RoleInfo.java:shutdownFollowerState(121)) - 9f82fbf8-4fac-4532-8c36-3e6bef784ba1: shutdown FollowerState
2019-10-01 15:45:37,509 [Thread-426] INFO  impl.RaftServerImpl (RaftServerImpl.java:setRole(174)) - 9f82fbf8-4fac-4532-8c36-3e6bef784ba1@group-16BC6866FE65: changes role from  FOLLOWER to CANDIDATE at term 2 for changeToCandidate
2019-10-01 15:45:37,509 [Thread-426] INFO  impl.RoleInfo (RoleInfo.java:updateAndGet(143)) - 9f82fbf8-4fac-4532-8c36-3e6bef784ba1: start LeaderElection
2019-10-01 15:45:37,512 [Thread-424] INFO  impl.FollowerState (FollowerState.java:run(106)) - 17687ae8-18db-4cee-85ef-ee5e0f3bebbe:group-16BC6866FE65 changes to CANDIDATE, lastRpcTime:1098, electionTimeout:1095ms
2019-10-01 15:45:37,513 [Thread-424] INFO  impl.RoleInfo (RoleInfo.java:shutdownFollowerState(121)) - 17687ae8-18db-4cee-85ef-ee5e0f3bebbe: shutdown FollowerState
2019-10-01 15:45:37,513 [Thread-424] INFO  impl.RaftServerImpl (RaftServerImpl.java:setRole(174)) - 17687ae8-18db-4cee-85ef-ee5e0f3bebbe@group-16BC6866FE65: changes role from  FOLLOWER to CANDIDATE at term 2 for changeToCandidate
2019-10-01 15:45:37,513 [Thread-424] INFO  impl.RoleInfo (RoleInfo.java:updateAndGet(143)) - 17687ae8-18db-4cee-85ef-ee5e0f3bebbe: start LeaderElection
2019-10-01 15:45:37,526 [Thread-425] INFO  impl.FollowerState (FollowerState.java:run(106)) - f1ba6add-ca0a-4791-abae-69f42b072e96:group-EB8B467BD4F1 changes to CANDIDATE, lastRpcTime:1103, electionTimeout:1099ms
2019-10-01 15:45:37,526 [Thread-425] INFO  impl.RoleInfo (RoleInfo.java:shutdownFollowerState(121)) - f1ba6add-ca0a-4791-abae-69f42b072e96: shutdown FollowerState
2019-10-01 15:45:37,526 [Thread-425] INFO  impl.RaftServerImpl (RaftServerImpl.java:setRole(174)) - f1ba6add-ca0a-4791-abae-69f42b072e96@group-EB8B467BD4F1: changes role from  FOLLOWER to CANDIDATE at term 2 for changeToCandidate
2019-10-01 15:45:37,526 [Thread-425] INFO  impl.RoleInfo (RoleInfo.java:updateAndGet(143)) - f1ba6add-ca0a-4791-abae-69f42b072e96: start LeaderElection
2019-10-01 15:45:37,555 [Thread-427] INFO  impl.FollowerState (FollowerState.java:run(106)) - 5645e86d-f871-44bb-8607-ce62943605c0:group-16BC6866FE65 changes to CANDIDATE, lastRpcTime:1116, electionTimeout:1116ms
2019-10-01 15:45:37,556 [Thread-427] INFO  impl.RoleInfo (RoleInfo.java:shutdownFollowerState(121)) - 5645e86d-f871-44bb-8607-ce62943605c0: shutdown FollowerState
2019-10-01 15:45:37,556 [Thread-427] INFO  impl.RaftServerImpl (RaftServerImpl.java:setRole(174)) - 5645e86d-f871-44bb-8607-ce62943605c0@group-16BC6866FE65: changes role from  FOLLOWER to CANDIDATE at term 2 for changeToCandidate
2019-10-01 15:45:37,556 [Thread-427] INFO  impl.RoleInfo (RoleInfo.java:updateAndGet(143)) - 5645e86d-f871-44bb-8607-ce62943605c0: start LeaderElection
2019-10-01 15:45:37,582 [Thread-429] INFO  impl.FollowerState (FollowerState.java:run(106)) - 6faae4d1-92b7-4646-993b-67f152b9d621:group-EB8B467BD4F1 changes to CANDIDATE, lastRpcTime:1135, electionTimeout:1135ms
2019-10-01 15:45:37,582 [Thread-429] INFO  impl.RoleInfo (RoleInfo.java:shutdownFollowerState(121)) - 6faae4d1-92b7-4646-993b-67f152b9d621: shutdown FollowerState
2019-10-01 15:45:37,582 [Thread-429] INFO  impl.RaftServerImpl (RaftServerImpl.java:setRole(174)) - 6faae4d1-92b7-4646-993b-67f152b9d621@group-EB8B467BD4F1: changes role from  FOLLOWER to CANDIDATE at term 2 for changeToCandidate
2019-10-01 15:45:37,582 [Thread-428] INFO  impl.FollowerState (FollowerState.java:run(106)) - c28b71e4-b935-41c8-abf7-7de4a956c002:group-EB8B467BD4F1 changes to CANDIDATE, lastRpcTime:1139, electionTimeout:1136ms
2019-10-01 15:45:37,582 [Thread-429] INFO  impl.RoleInfo (RoleInfo.java:updateAndGet(143)) - 6faae4d1-92b7-4646-993b-67f152b9d621: start LeaderElection
2019-10-01 15:45:37,582 [Thread-428] INFO  impl.RoleInfo (RoleInfo.java:shutdownFollowerState(121)) - c28b71e4-b935-41c8-abf7-7de4a956c002: shutdown FollowerState
2019-10-01 15:45:37,583 [Thread-428] INFO  impl.RaftServerImpl (RaftServerImpl.java:setRole(174)) - c28b71e4-b935-41c8-abf7-7de4a956c002@group-EB8B467BD4F1: changes role from  FOLLOWER to CANDIDATE at term 2 for changeToCandidate
2019-10-01 15:45:37,585 [Thread-428] INFO  impl.RoleInfo (RoleInfo.java:updateAndGet(143)) - c28b71e4-b935-41c8-abf7-7de4a956c002: start LeaderElection
2019-10-01 15:45:37,648 [9f82fbf8-4fac-4532-8c36-3e6bef784ba1@group-16BC6866FE65:LeaderElection27] INFO  impl.LeaderElection (LeaderElection.java:askForVotes(182)) - 9f82fbf8-4fac-4532-8c36-3e6bef784ba1@group-16BC6866FE65:LeaderElection27: begin an election at term 3 for -1: [5645e86d-f871-44bb-8607-ce62943605c0:192.168.151.117:45277, 17687ae8-18db-4cee-85ef-ee5e0f3bebbe:192.168.151.117:44984, 9f82fbf8-4fac-4532-8c36-3e6bef784ba1:192.168.151.117:38577], old=null
2019-10-01 15:45:37,648 [17687ae8-18db-4cee-85ef-ee5e0f3bebbe@group-16BC6866FE65:LeaderElection28] INFO  impl.LeaderElection (LeaderElection.java:askForVotes(182)) - 17687ae8-18db-4cee-85ef-ee5e0f3bebbe@group-16BC6866FE65:LeaderElection28: begin an election at term 3 for -1: [5645e86d-f871-44bb-8607-ce62943605c0:192.168.151.117:45277, 17687ae8-18db-4cee-85ef-ee5e0f3bebbe:192.168.151.117:44984, 9f82fbf8-4fac-4532-8c36-3e6bef784ba1:192.168.151.117:38577], old=null
2019-10-01 15:45:37,695 [5645e86d-f871-44bb-8607-ce62943605c0@group-16BC6866FE65:LeaderElection30] INFO  impl.LeaderElection (LeaderElection.java:askForVotes(182)) - 5645e86d-f871-44bb-8607-ce62943605c0@group-16BC6866FE65:LeaderElection30: begin an election at term 3 for -1: [5645e86d-f871-44bb-8607-ce62943605c0:192.168.151.117:45277, 17687ae8-18db-4cee-85ef-ee5e0f3bebbe:192.168.151.117:44984, 9f82fbf8-4fac-4532-8c36-3e6bef784ba1:192.168.151.117:38577], old=null
2019-10-01 15:45:37,695 [f1ba6add-ca0a-4791-abae-69f42b072e96@group-EB8B467BD4F1:LeaderElection29] INFO  impl.LeaderElection (LeaderElection.java:askForVotes(182)) - f1ba6add-ca0a-4791-abae-69f42b072e96@group-EB8B467BD4F1:LeaderElection29: begin an election at term 3 for -1: [f1ba6add-ca0a-4791-abae-69f42b072e96:192.168.151.117:38270, 6faae4d1-92b7-4646-993b-67f152b9d621:192.168.151.117:41086, c28b71e4-b935-41c8-abf7-7de4a956c002:192.168.151.117:35347], old=null
2019-10-01 15:45:37,695 [6faae4d1-92b7-4646-993b-67f152b9d621@group-EB8B467BD4F1:LeaderElection31] INFO  impl.LeaderElection (LeaderElection.java:askForVotes(182)) - 6faae4d1-92b7-4646-993b-67f152b9d621@group-EB8B467BD4F1:LeaderElection31: begin an election at term 3 for -1: [f1ba6add-ca0a-4791-abae-69f42b072e96:192.168.151.117:38270, 6faae4d1-92b7-4646-993b-67f152b9d621:192.168.151.117:41086, c28b71e4-b935-41c8-abf7-7de4a956c002:192.168.151.117:35347], old=null
2019-10-01 15:45:37,695 [c28b71e4-b935-41c8-abf7-7de4a956c002@group-EB8B467BD4F1:LeaderElection32] INFO  impl.LeaderElection (LeaderElection.java:askForVotes(182)) - c28b71e4-b935-41c8-abf7-7de4a956c002@group-EB8B467BD4F1:LeaderElection32: begin an election at term 3 for -1: [f1ba6add-ca0a-4791-abae-69f42b072e96:192.168.151.117:38270, 6faae4d1-92b7-4646-993b-67f152b9d621:192.168.151.117:41086, c28b71e4-b935-41c8-abf7-7de4a956c002:192.168.151.117:35347], old=null
2019-10-01 15:45:37,697 [17687ae8-18db-4cee-85ef-ee5e0f3bebbe@group-16BC6866FE65:LeaderElection28] INFO  impl.LeaderElection (LeaderElection.java:logAndReturn(56)) - 17687ae8-18db-4cee-85ef-ee5e0f3bebbe@group-16BC6866FE65:LeaderElection28: Election REJECTED; received 2 response(s) [17687ae8-18db-4cee-85ef-ee5e0f3bebbe<-5645e86d-f871-44bb-8607-ce62943605c0#0:FAIL-t3, 17687ae8-18db-4cee-85ef-ee5e0f3bebbe<-9f82fbf8-4fac-4532-8c36-3e6bef784ba1#0:FAIL-t3] and 0 exception(s); 17687ae8-18db-4cee-85ef-ee5e0f3bebbe@group-16BC6866FE65:t3, leader=null, voted=17687ae8-18db-4cee-85ef-ee5e0f3bebbe, raftlog=17687ae8-18db-4cee-85ef-ee5e0f3bebbe@group-16BC6866FE65-SegmentedRaftLog:OPENED:c-1,f-1,i0, conf=-1: [5645e86d-f871-44bb-8607-ce62943605c0:192.168.151.117:45277, 17687ae8-18db-4cee-85ef-ee5e0f3bebbe:192.168.151.117:44984, 9f82fbf8-4fac-4532-8c36-3e6bef784ba1:192.168.151.117:38577], old=null
2019-10-01 15:45:37,697 [9f82fbf8-4fac-4532-8c36-3e6bef784ba1@group-16BC6866FE65:LeaderElection27] INFO  impl.LeaderElection (LeaderElection.java:logAndReturn(56)) - 9f82fbf8-4fac-4532-8c36-3e6bef784ba1@group-16BC6866FE65:LeaderElection27: Election REJECTED; received 2 response(s) [9f82fbf8-4fac-4532-8c36-3e6bef784ba1<-5645e86d-f871-44bb-8607-ce62943605c0#0:FAIL-t3, 9f82fbf8-4fac-4532-8c36-3e6bef784ba1<-17687ae8-18db-4cee-85ef-ee5e0f3bebbe#0:FAIL-t3] and 0 exception(s); 9f82fbf8-4fac-4532-8c36-3e6bef784ba1@group-16BC6866FE65:t3, leader=null, voted=9f82fbf8-4fac-4532-8c36-3e6bef784ba1, raftlog=9f82fbf8-4fac-4532-8c36-3e6bef784ba1@group-16BC6866FE65-SegmentedRaftLog:OPENED:c-1,f-1,i0, conf=-1: [5645e86d-f871-44bb-8607-ce62943605c0:192.168.151.117:45277, 17687ae8-18db-4cee-85ef-ee5e0f3bebbe:192.168.151.117:44984, 9f82fbf8-4fac-4532-8c36-3e6bef784ba1:192.168.151.117:38577], old=null
2019-10-01 15:45:37,697 [17687ae8-18db-4cee-85ef-ee5e0f3bebbe@group-16BC6866FE65:LeaderElection28] INFO  impl.RaftServerImpl (RaftServerImpl.java:setRole(174)) - 17687ae8-18db-4cee-85ef-ee5e0f3bebbe@group-16BC6866FE65: changes role from CANDIDATE to FOLLOWER at term 3 for DISCOVERED_A_NEW_TERM
2019-10-01 15:45:37,709 [17687ae8-18db-4cee-85ef-ee5e0f3bebbe@group-16BC6866FE65:LeaderElection28] INFO  impl.RoleInfo (RoleInfo.java:shutdownLeaderElection(134)) - 17687ae8-18db-4cee-85ef-ee5e0f3bebbe: shutdown LeaderElection
2019-10-01 15:45:37,710 [17687ae8-18db-4cee-85ef-ee5e0f3bebbe@group-16BC6866FE65:LeaderElection28] INFO  impl.RoleInfo (RoleInfo.java:updateAndGet(143)) - 17687ae8-18db-4cee-85ef-ee5e0f3bebbe: start FollowerState
2019-10-01 15:45:37,710 [9f82fbf8-4fac-4532-8c36-3e6bef784ba1@group-16BC6866FE65:LeaderElection27] INFO  impl.RaftServerImpl (RaftServerImpl.java:setRole(174)) - 9f82fbf8-4fac-4532-8c36-3e6bef784ba1@group-16BC6866FE65: changes role from CANDIDATE to FOLLOWER at term 3 for DISCOVERED_A_NEW_TERM
2019-10-01 15:45:37,712 [9f82fbf8-4fac-4532-8c36-3e6bef784ba1@group-16BC6866FE65:LeaderElection27] INFO  impl.RoleInfo (RoleInfo.java:shutdownLeaderElection(134)) - 9f82fbf8-4fac-4532-8c36-3e6bef784ba1: shutdown LeaderElection
2019-10-01 15:45:37,712 [9f82fbf8-4fac-4532-8c36-3e6bef784ba1@group-16BC6866FE65:LeaderElection27] INFO  impl.RoleInfo (RoleInfo.java:updateAndGet(143)) - 9f82fbf8-4fac-4532-8c36-3e6bef784ba1: start FollowerState
2019-10-01 15:45:37,716 [5645e86d-f871-44bb-8607-ce62943605c0@group-16BC6866FE65:LeaderElection30] INFO  impl.LeaderElection (LeaderElection.java:logAndReturn(56)) - 5645e86d-f871-44bb-8607-ce62943605c0@group-16BC6866FE65:LeaderElection30: Election REJECTED; received 2 response(s) [5645e86d-f871-44bb-8607-ce62943605c0<-17687ae8-18db-4cee-85ef-ee5e0f3bebbe#0:FAIL-t3, 5645e86d-f871-44bb-8607-ce62943605c0<-9f82fbf8-4fac-4532-8c36-3e6bef784ba1#0:FAIL-t3] and 0 exception(s); 5645e86d-f871-44bb-8607-ce62943605c0@group-16BC6866FE65:t3, leader=null, voted=5645e86d-f871-44bb-8607-ce62943605c0, raftlog=5645e86d-f871-44bb-8607-ce62943605c0@group-16BC6866FE65-SegmentedRaftLog:OPENED:c-1,f-1,i0, conf=-1: [5645e86d-f871-44bb-8607-ce62943605c0:192.168.151.117:45277, 17687ae8-18db-4cee-85ef-ee5e0f3bebbe:192.168.151.117:44984, 9f82fbf8-4fac-4532-8c36-3e6bef784ba1:192.168.151.117:38577], old=null
2019-10-01 15:45:37,716 [c28b71e4-b935-41c8-abf7-7de4a956c002@group-EB8B467BD4F1:LeaderElection32] INFO  impl.LeaderElection (LeaderElection.java:logAndReturn(56)) - c28b71e4-b935-41c8-abf7-7de4a956c002@group-EB8B467BD4F1:LeaderElection32: Election REJECTED; received 2 response(s) [c28b71e4-b935-41c8-abf7-7de4a956c002<-f1ba6add-ca0a-4791-abae-69f42b072e96#0:FAIL-t3, c28b71e4-b935-41c8-abf7-7de4a956c002<-6faae4d1-92b7-4646-993b-67f152b9d621#0:FAIL-t3] and 0 exception(s); c28b71e4-b935-41c8-abf7-7de4a956c002@group-EB8B467BD4F1:t3, leader=null, voted=c28b71e4-b935-41c8-abf7-7de4a956c002, raftlog=c28b71e4-b935-41c8-abf7-7de4a956c002@group-EB8B467BD4F1-SegmentedRaftLog:OPENED:c-1,f-1,i0, conf=-1: [f1ba6add-ca0a-4791-abae-69f42b072e96:192.168.151.117:38270, 6faae4d1-92b7-4646-993b-67f152b9d621:192.168.151.117:41086, c28b71e4-b935-41c8-abf7-7de4a956c002:192.168.151.117:35347], old=null
2019-10-01 15:45:37,716 [5645e86d-f871-44bb-8607-ce62943605c0@group-16BC6866FE65:LeaderElection30] INFO  impl.RaftServerImpl (RaftServerImpl.java:setRole(174)) - 5645e86d-f871-44bb-8607-ce62943605c0@group-16BC6866FE65: changes role from CANDIDATE to FOLLOWER at term 3 for DISCOVERED_A_NEW_TERM
2019-10-01 15:45:37,718 [5645e86d-f871-44bb-8607-ce62943605c0@group-16BC6866FE65:LeaderElection30] INFO  impl.RoleInfo (RoleInfo.java:shutdownLeaderElection(134)) - 5645e86d-f871-44bb-8607-ce62943605c0: shutdown LeaderElection
2019-10-01 15:45:37,718 [c28b71e4-b935-41c8-abf7-7de4a956c002@group-EB8B467BD4F1:LeaderElection32] INFO  impl.RaftServerImpl (RaftServerImpl.java:setRole(174)) - c28b71e4-b935-41c8-abf7-7de4a956c002@group-EB8B467BD4F1: changes role from CANDIDATE to FOLLOWER at term 3 for DISCOVERED_A_NEW_TERM
2019-10-01 15:45:37,720 [c28b71e4-b935-41c8-abf7-7de4a956c002@group-EB8B467BD4F1:LeaderElection32] INFO  impl.RoleInfo (RoleInfo.java:shutdownLeaderElection(134)) - c28b71e4-b935-41c8-abf7-7de4a956c002: shutdown LeaderElection
2019-10-01 15:45:37,720 [5645e86d-f871-44bb-8607-ce62943605c0@group-16BC6866FE65:LeaderElection30] INFO  impl.RoleInfo (RoleInfo.java:updateAndGet(143)) - 5645e86d-f871-44bb-8607-ce62943605c0: start FollowerState
2019-10-01 15:45:37,720 [c28b71e4-b935-41c8-abf7-7de4a956c002@group-EB8B467BD4F1:LeaderElection32] INFO  impl.RoleInfo (RoleInfo.java:updateAndGet(143)) - c28b71e4-b935-41c8-abf7-7de4a956c002: start FollowerState
2019-10-01 15:45:37,721 [6faae4d1-92b7-4646-993b-67f152b9d621@group-EB8B467BD4F1:LeaderElection31] INFO  impl.LeaderElection (LeaderElection.java:logAndReturn(56)) - 6faae4d1-92b7-4646-993b-67f152b9d621@group-EB8B467BD4F1:LeaderElection31: Election REJECTED; received 2 response(s) [6faae4d1-92b7-4646-993b-67f152b9d621<-f1ba6add-ca0a-4791-abae-69f42b072e96#0:FAIL-t3, 6faae4d1-92b7-4646-993b-67f152b9d621<-c28b71e4-b935-41c8-abf7-7de4a956c002#0:FAIL-t3] and 0 exception(s); 6faae4d1-92b7-4646-993b-67f152b9d621@group-EB8B467BD4F1:t3, leader=null, voted=6faae4d1-92b7-4646-993b-67f152b9d621, raftlog=6faae4d1-92b7-4646-993b-67f152b9d621@group-EB8B467BD4F1-SegmentedRaftLog:OPENED:c-1,f-1,i0, conf=-1: [f1ba6add-ca0a-4791-abae-69f42b072e96:192.168.151.117:38270, 6faae4d1-92b7-4646-993b-67f152b9d621:192.168.151.117:41086, c28b71e4-b935-41c8-abf7-7de4a956c002:192.168.151.117:35347], old=null
2019-10-01 15:45:37,721 [f1ba6add-ca0a-4791-abae-69f42b072e96@group-EB8B467BD4F1:LeaderElection29] INFO  impl.LeaderElection (LeaderElection.java:logAndReturn(56)) - f1ba6add-ca0a-4791-abae-69f42b072e96@group-EB8B467BD4F1:LeaderElection29: Election REJECTED; received 2 response(s) [f1ba6add-ca0a-4791-abae-69f42b072e96<-6faae4d1-92b7-4646-993b-67f152b9d621#0:FAIL-t3, f1ba6add-ca0a-4791-abae-69f42b072e96<-c28b71e4-b935-41c8-abf7-7de4a956c002#0:FAIL-t3] and 0 exception(s); f1ba6add-ca0a-4791-abae-69f42b072e96@group-EB8B467BD4F1:t3, leader=null, voted=f1ba6add-ca0a-4791-abae-69f42b072e96, raftlog=f1ba6add-ca0a-4791-abae-69f42b072e96@group-EB8B467BD4F1-SegmentedRaftLog:OPENED:c-1,f-1,i0, conf=-1: [f1ba6add-ca0a-4791-abae-69f42b072e96:192.168.151.117:38270, 6faae4d1-92b7-4646-993b-67f152b9d621:192.168.151.117:41086, c28b71e4-b935-41c8-abf7-7de4a956c002:192.168.151.117:35347], old=null
2019-10-01 15:45:37,721 [6faae4d1-92b7-4646-993b-67f152b9d621@group-EB8B467BD4F1:LeaderElection31] INFO  impl.RaftServerImpl (RaftServerImpl.java:setRole(174)) - 6faae4d1-92b7-4646-993b-67f152b9d621@group-EB8B467BD4F1: changes role from CANDIDATE to FOLLOWER at term 3 for DISCOVERED_A_NEW_TERM
2019-10-01 15:45:37,723 [6faae4d1-92b7-4646-993b-67f152b9d621@group-EB8B467BD4F1:LeaderElection31] INFO  impl.RoleInfo (RoleInfo.java:shutdownLeaderElection(134)) - 6faae4d1-92b7-4646-993b-67f152b9d621: shutdown LeaderElection
2019-10-01 15:45:37,723 [f1ba6add-ca0a-4791-abae-69f42b072e96@group-EB8B467BD4F1:LeaderElection29] INFO  impl.RaftServerImpl (RaftServerImpl.java:setRole(174)) - f1ba6add-ca0a-4791-abae-69f42b072e96@group-EB8B467BD4F1: changes role from CANDIDATE to FOLLOWER at term 3 for DISCOVERED_A_NEW_TERM
2019-10-01 15:45:37,725 [6faae4d1-92b7-4646-993b-67f152b9d621@group-EB8B467BD4F1:LeaderElection31] INFO  impl.RoleInfo (RoleInfo.java:updateAndGet(143)) - 6faae4d1-92b7-4646-993b-67f152b9d621: start FollowerState
2019-10-01 15:45:37,725 [f1ba6add-ca0a-4791-abae-69f42b072e96@group-EB8B467BD4F1:LeaderElection29] INFO  impl.RoleInfo (RoleInfo.java:shutdownLeaderElection(134)) - f1ba6add-ca0a-4791-abae-69f42b072e96: shutdown LeaderElection
2019-10-01 15:45:37,725 [f1ba6add-ca0a-4791-abae-69f42b072e96@group-EB8B467BD4F1:LeaderElection29] INFO  impl.RoleInfo (RoleInfo.java:updateAndGet(143)) - f1ba6add-ca0a-4791-abae-69f42b072e96: start FollowerState
2019-10-01 15:45:38,787 [Thread-467] INFO  impl.FollowerState (FollowerState.java:run(106)) - 9f82fbf8-4fac-4532-8c36-3e6bef784ba1:group-16BC6866FE65 changes to CANDIDATE, lastRpcTime:1074, electionTimeout:1074ms
2019-10-01 15:45:38,787 [Thread-467] INFO  impl.RoleInfo (RoleInfo.java:shutdownFollowerState(121)) - 9f82fbf8-4fac-4532-8c36-3e6bef784ba1: shutdown FollowerState
2019-10-01 15:45:38,787 [Thread-467] INFO  impl.RaftServerImpl (RaftServerImpl.java:setRole(174)) - 9f82fbf8-4fac-4532-8c36-3e6bef784ba1@group-16BC6866FE65: changes role from  FOLLOWER to CANDIDATE at term 3 for changeToCandidate
2019-10-01 15:45:38,787 [Thread-467] INFO  impl.RoleInfo (RoleInfo.java:updateAndGet(143)) - 9f82fbf8-4fac-4532-8c36-3e6bef784ba1: start LeaderElection
2019-10-01 15:45:38,790 [Thread-469] INFO  impl.FollowerState (FollowerState.java:run(106)) - c28b71e4-b935-41c8-abf7-7de4a956c002:group-EB8B467BD4F1 changes to CANDIDATE, lastRpcTime:1067, electionTimeout:1067ms
2019-10-01 15:45:38,790 [Thread-469] INFO  impl.RoleInfo (RoleInfo.java:shutdownFollowerState(121)) - c28b71e4-b935-41c8-abf7-7de4a956c002: shutdown FollowerState
2019-10-01 15:45:38,791 [Thread-469] INFO  impl.RaftServerImpl (RaftServerImpl.java:setRole(174)) - c28b71e4-b935-41c8-abf7-7de4a956c002@group-EB8B467BD4F1: changes role from  FOLLOWER to CANDIDATE at term 3 for changeToCandidate
2019-10-01 15:45:38,791 [Thread-469] INFO  impl.RoleInfo (RoleInfo.java:updateAndGet(143)) - c28b71e4-b935-41c8-abf7-7de4a956c002: start LeaderElection
2019-10-01 15:45:38,835 [Thread-470] INFO  impl.FollowerState (FollowerState.java:run(106)) - 6faae4d1-92b7-4646-993b-67f152b9d621:group-EB8B467BD4F1 changes to CANDIDATE, lastRpcTime:1110, electionTimeout:1110ms
2019-10-01 15:45:38,835 [Thread-470] INFO  impl.RoleInfo (RoleInfo.java:shutdownFollowerState(121)) - 6faae4d1-92b7-4646-993b-67f152b9d621: shutdown FollowerState
2019-10-01 15:45:38,836 [Thread-470] INFO  impl.RaftServerImpl (RaftServerImpl.java:setRole(174)) - 6faae4d1-92b7-4646-993b-67f152b9d621@group-EB8B467BD4F1: changes role from  FOLLOWER to CANDIDATE at term 3 for changeToCandidate
2019-10-01 15:45:38,836 [Thread-470] INFO  impl.RoleInfo (RoleInfo.java:updateAndGet(143)) - 6faae4d1-92b7-4646-993b-67f152b9d621: start LeaderElection
2019-10-01 15:45:38,889 [Thread-471] INFO  impl.FollowerState (FollowerState.java:run(106)) - f1ba6add-ca0a-4791-abae-69f42b072e96:group-EB8B467BD4F1 changes to CANDIDATE, lastRpcTime:1164, electionTimeout:1164ms
2019-10-01 15:45:38,890 [Thread-471] INFO  impl.RoleInfo (RoleInfo.java:shutdownFollowerState(121)) - f1ba6add-ca0a-4791-abae-69f42b072e96: shutdown FollowerState
2019-10-01 15:45:38,890 [Thread-471] INFO  impl.RaftServerImpl (RaftServerImpl.java:setRole(174)) - f1ba6add-ca0a-4791-abae-69f42b072e96@group-EB8B467BD4F1: changes role from  FOLLOWER to CANDIDATE at term 3 for changeToCandidate
2019-10-01 15:45:38,890 [Thread-471] INFO  impl.RoleInfo (RoleInfo.java:updateAndGet(143)) - f1ba6add-ca0a-4791-abae-69f42b072e96: start LeaderElection
2019-10-01 15:45:38,893 [Thread-468] INFO  impl.FollowerState (FollowerState.java:run(106)) - 5645e86d-f871-44bb-8607-ce62943605c0:group-16BC6866FE65 changes to CANDIDATE, lastRpcTime:1172, electionTimeout:1172ms
2019-10-01 15:45:38,893 [Thread-468] INFO  impl.RoleInfo (RoleInfo.java:shutdownFollowerState(121)) - 5645e86d-f871-44bb-8607-ce62943605c0: shutdown FollowerState
2019-10-01 15:45:38,893 [Thread-468] INFO  impl.RaftServerImpl (RaftServerImpl.java:setRole(174)) - 5645e86d-f871-44bb-8607-ce62943605c0@group-16BC6866FE65: changes role from  FOLLOWER to CANDIDATE at term 3 for changeToCandidate
2019-10-01 15:45:38,893 [Thread-468] INFO  impl.RoleInfo (RoleInfo.java:updateAndGet(143)) - 5645e86d-f871-44bb-8607-ce62943605c0: start LeaderElection
2019-10-01 15:45:38,907 [Thread-466] INFO  impl.FollowerState (FollowerState.java:run(106)) - 17687ae8-18db-4cee-85ef-ee5e0f3bebbe:group-16BC6866FE65 changes to CANDIDATE, lastRpcTime:1197, electionTimeout:1195ms
2019-10-01 15:45:38,908 [Thread-466] INFO  impl.RoleInfo (RoleInfo.java:shutdownFollowerState(121)) - 17687ae8-18db-4cee-85ef-ee5e0f3bebbe: shutdown FollowerState
2019-10-01 15:45:38,908 [Thread-466] INFO  impl.RaftServerImpl (RaftServerImpl.java:setRole(174)) - 17687ae8-18db-4cee-85ef-ee5e0f3bebbe@group-16BC6866FE65: changes role from  FOLLOWER to CANDIDATE at term 3 for changeToCandidate
2019-10-01 15:45:38,908 [Thread-466] INFO  impl.RoleInfo (RoleInfo.java:updateAndGet(143)) - 17687ae8-18db-4cee-85ef-ee5e0f3bebbe: start LeaderElection
2019-10-01 15:45:39,021 [9f82fbf8-4fac-4532-8c36-3e6bef784ba1@group-16BC6866FE65:LeaderElection33] INFO  impl.LeaderElection (LeaderElection.java:askForVotes(182)) - 9f82fbf8-4fac-4532-8c36-3e6bef784ba1@group-16BC6866FE65:LeaderElection33: begin an election at term 4 for -1: [5645e86d-f871-44bb-8607-ce62943605c0:192.168.151.117:45277, 17687ae8-18db-4cee-85ef-ee5e0f3bebbe:192.168.151.117:44984, 9f82fbf8-4fac-4532-8c36-3e6bef784ba1:192.168.151.117:38577], old=null
2019-10-01 15:45:39,022 [c28b71e4-b935-41c8-abf7-7de4a956c002@group-EB8B467BD4F1:LeaderElection34] INFO  impl.LeaderElection (LeaderElection.java:askForVotes(182)) - c28b71e4-b935-41c8-abf7-7de4a956c002@group-EB8B467BD4F1:LeaderElection34: begin an election at term 4 for -1: [f1ba6add-ca0a-4791-abae-69f42b072e96:192.168.151.117:38270, 6faae4d1-92b7-4646-993b-67f152b9d621:192.168.151.117:41086, c28b71e4-b935-41c8-abf7-7de4a956c002:192.168.151.117:35347], old=null
2019-10-01 15:45:39,034 [6faae4d1-92b7-4646-993b-67f152b9d621@group-EB8B467BD4F1:LeaderElection35] INFO  impl.LeaderElection (LeaderElection.java:askForVotes(182)) - 6faae4d1-92b7-4646-993b-67f152b9d621@group-EB8B467BD4F1:LeaderElection35: begin an election at term 4 for -1: [f1ba6add-ca0a-4791-abae-69f42b072e96:192.168.151.117:38270, 6faae4d1-92b7-4646-993b-67f152b9d621:192.168.151.117:41086, c28b71e4-b935-41c8-abf7-7de4a956c002:192.168.151.117:35347], old=null
2019-10-01 15:45:39,034 [f1ba6add-ca0a-4791-abae-69f42b072e96@group-EB8B467BD4F1:LeaderElection36] INFO  impl.LeaderElection (LeaderElection.java:askForVotes(182)) - f1ba6add-ca0a-4791-abae-69f42b072e96@group-EB8B467BD4F1:LeaderElection36: begin an election at term 4 for -1: [f1ba6add-ca0a-4791-abae-69f42b072e96:192.168.151.117:38270, 6faae4d1-92b7-4646-993b-67f152b9d621:192.168.151.117:41086, c28b71e4-b935-41c8-abf7-7de4a956c002:192.168.151.117:35347], old=null
2019-10-01 15:45:39,034 [17687ae8-18db-4cee-85ef-ee5e0f3bebbe@group-16BC6866FE65:LeaderElection38] INFO  impl.LeaderElection (LeaderElection.java:askForVotes(182)) - 17687ae8-18db-4cee-85ef-ee5e0f3bebbe@group-16BC6866FE65:LeaderElection38: begin an election at term 4 for -1: [5645e86d-f871-44bb-8607-ce62943605c0:192.168.151.117:45277, 17687ae8-18db-4cee-85ef-ee5e0f3bebbe:192.168.151.117:44984, 9f82fbf8-4fac-4532-8c36-3e6bef784ba1:192.168.151.117:38577], old=null
2019-10-01 15:45:39,034 [5645e86d-f871-44bb-8607-ce62943605c0@group-16BC6866FE65:LeaderElection37] INFO  impl.LeaderElection (LeaderElection.java:askForVotes(182)) - 5645e86d-f871-44bb-8607-ce62943605c0@group-16BC6866FE65:LeaderElection37: begin an election at term 4 for -1: [5645e86d-f871-44bb-8607-ce62943605c0:192.168.151.117:45277, 17687ae8-18db-4cee-85ef-ee5e0f3bebbe:192.168.151.117:44984, 9f82fbf8-4fac-4532-8c36-3e6bef784ba1:192.168.151.117:38577], old=null
2019-10-01 15:45:39,036 [c28b71e4-b935-41c8-abf7-7de4a956c002@group-EB8B467BD4F1:LeaderElection34] INFO  impl.LeaderElection (LeaderElection.java:logAndReturn(56)) - c28b71e4-b935-41c8-abf7-7de4a956c002@group-EB8B467BD4F1:LeaderElection34: Election REJECTED; received 2 response(s) [c28b71e4-b935-41c8-abf7-7de4a956c002<-f1ba6add-ca0a-4791-abae-69f42b072e96#0:FAIL-t4, c28b71e4-b935-41c8-abf7-7de4a956c002<-6faae4d1-92b7-4646-993b-67f152b9d621#0:FAIL-t4] and 0 exception(s); c28b71e4-b935-41c8-abf7-7de4a956c002@group-EB8B467BD4F1:t4, leader=null, voted=c28b71e4-b935-41c8-abf7-7de4a956c002, raftlog=c28b71e4-b935-41c8-abf7-7de4a956c002@group-EB8B467BD4F1-SegmentedRaftLog:OPENED:c-1,f-1,i0, conf=-1: [f1ba6add-ca0a-4791-abae-69f42b072e96:192.168.151.117:38270, 6faae4d1-92b7-4646-993b-67f152b9d621:192.168.151.117:41086, c28b71e4-b935-41c8-abf7-7de4a956c002:192.168.151.117:35347], old=null
2019-10-01 15:45:39,037 [c28b71e4-b935-41c8-abf7-7de4a956c002@group-EB8B467BD4F1:LeaderElection34] INFO  impl.RaftServerImpl (RaftServerImpl.java:setRole(174)) - c28b71e4-b935-41c8-abf7-7de4a956c002@group-EB8B467BD4F1: changes role from CANDIDATE to FOLLOWER at term 4 for DISCOVERED_A_NEW_TERM
2019-10-01 15:45:39,037 [c28b71e4-b935-41c8-abf7-7de4a956c002@group-EB8B467BD4F1:LeaderElection34] INFO  impl.RoleInfo (RoleInfo.java:shutdownLeaderElection(134)) - c28b71e4-b935-41c8-abf7-7de4a956c002: shutdown LeaderElection
2019-10-01 15:45:39,037 [c28b71e4-b935-41c8-abf7-7de4a956c002@group-EB8B467BD4F1:LeaderElection34] INFO  impl.RoleInfo (RoleInfo.java:updateAndGet(143)) - c28b71e4-b935-41c8-abf7-7de4a956c002: start FollowerState
2019-10-01 15:45:39,037 [9f82fbf8-4fac-4532-8c36-3e6bef784ba1@group-16BC6866FE65:LeaderElection33] INFO  impl.LeaderElection (LeaderElection.java:logAndReturn(56)) - 9f82fbf8-4fac-4532-8c36-3e6bef784ba1@group-16BC6866FE65:LeaderElection33: Election REJECTED; received 2 response(s) [9f82fbf8-4fac-4532-8c36-3e6bef784ba1<-5645e86d-f871-44bb-8607-ce62943605c0#0:FAIL-t4, 9f82fbf8-4fac-4532-8c36-3e6bef784ba1<-17687ae8-18db-4cee-85ef-ee5e0f3bebbe#0:FAIL-t4] and 0 exception(s); 9f82fbf8-4fac-4532-8c36-3e6bef784ba1@group-16BC6866FE65:t4, leader=null, voted=9f82fbf8-4fac-4532-8c36-3e6bef784ba1, raftlog=9f82fbf8-4fac-4532-8c36-3e6bef784ba1@group-16BC6866FE65-SegmentedRaftLog:OPENED:c-1,f-1,i0, conf=-1: [5645e86d-f871-44bb-8607-ce62943605c0:192.168.151.117:45277, 17687ae8-18db-4cee-85ef-ee5e0f3bebbe:192.168.151.117:44984, 9f82fbf8-4fac-4532-8c36-3e6bef784ba1:192.168.151.117:38577], old=null
2019-10-01 15:45:39,041 [9f82fbf8-4fac-4532-8c36-3e6bef784ba1@group-16BC6866FE65:LeaderElection33] INFO  impl.RaftServerImpl (RaftServerImpl.java:setRole(174)) - 9f82fbf8-4fac-4532-8c36-3e6bef784ba1@group-16BC6866FE65: changes role from CANDIDATE to FOLLOWER at term 4 for DISCOVERED_A_NEW_TERM
2019-10-01 15:45:39,041 [9f82fbf8-4fac-4532-8c36-3e6bef784ba1@group-16BC6866FE65:LeaderElection33] INFO  impl.RoleInfo (RoleInfo.java:shutdownLeaderElection(134)) - 9f82fbf8-4fac-4532-8c36-3e6bef784ba1: shutdown LeaderElection
2019-10-01 15:45:39,041 [9f82fbf8-4fac-4532-8c36-3e6bef784ba1@group-16BC6866FE65:LeaderElection33] INFO  impl.RoleInfo (RoleInfo.java:updateAndGet(143)) - 9f82fbf8-4fac-4532-8c36-3e6bef784ba1: start FollowerState
2019-10-01 15:45:39,046 [5645e86d-f871-44bb-8607-ce62943605c0@group-16BC6866FE65:LeaderElection37] INFO  impl.LeaderElection (LeaderElection.java:logAndReturn(56)) - 5645e86d-f871-44bb-8607-ce62943605c0@group-16BC6866FE65:LeaderElection37: Election REJECTED; received 2 response(s) [5645e86d-f871-44bb-8607-ce62943605c0<-17687ae8-18db-4cee-85ef-ee5e0f3bebbe#0:FAIL-t4, 5645e86d-f871-44bb-8607-ce62943605c0<-9f82fbf8-4fac-4532-8c36-3e6bef784ba1#0:FAIL-t4] and 0 exception(s); 5645e86d-f871-44bb-8607-ce62943605c0@group-16BC6866FE65:t4, leader=null, voted=5645e86d-f871-44bb-8607-ce62943605c0, raftlog=5645e86d-f871-44bb-8607-ce62943605c0@group-16BC6866FE65-SegmentedRaftLog:OPENED:c-1,f-1,i0, conf=-1: [5645e86d-f871-44bb-8607-ce62943605c0:192.168.151.117:45277, 17687ae8-18db-4cee-85ef-ee5e0f3bebbe:192.168.151.117:44984, 9f82fbf8-4fac-4532-8c36-3e6bef784ba1:192.168.151.117:38577], old=null
2019-10-01 15:45:39,049 [f1ba6add-ca0a-4791-abae-69f42b072e96@group-EB8B467BD4F1:LeaderElection36] INFO  impl.LeaderElection (LeaderElection.java:logAndReturn(56)) - f1ba6add-ca0a-4791-abae-69f42b072e96@group-EB8B467BD4F1:LeaderElection36: Election REJECTED; received 2 response(s) [f1ba6add-ca0a-4791-abae-69f42b072e96<-6faae4d1-92b7-4646-993b-67f152b9d621#0:FAIL-t4, f1ba6add-ca0a-4791-abae-69f42b072e96<-c28b71e4-b935-41c8-abf7-7de4a956c002#0:FAIL-t4] and 0 exception(s); f1ba6add-ca0a-4791-abae-69f42b072e96@group-EB8B467BD4F1:t4, leader=null, voted=f1ba6add-ca0a-4791-abae-69f42b072e96, raftlog=f1ba6add-ca0a-4791-abae-69f42b072e96@group-EB8B467BD4F1-SegmentedRaftLog:OPENED:c-1,f-1,i0, conf=-1: [f1ba6add-ca0a-4791-abae-69f42b072e96:192.168.151.117:38270, 6faae4d1-92b7-4646-993b-67f152b9d621:192.168.151.117:41086, c28b71e4-b935-41c8-abf7-7de4a956c002:192.168.151.117:35347], old=null
2019-10-01 15:45:39,049 [5645e86d-f871-44bb-8607-ce62943605c0@group-16BC6866FE65:LeaderElection37] INFO  impl.RaftServerImpl (RaftServerImpl.java:setRole(174)) - 5645e86d-f871-44bb-8607-ce62943605c0@group-16BC6866FE65: changes role from CANDIDATE to FOLLOWER at term 4 for DISCOVERED_A_NEW_TERM
2019-10-01 15:45:39,051 [5645e86d-f871-44bb-8607-ce62943605c0@group-16BC6866FE65:LeaderElection37] INFO  impl.RoleInfo (RoleInfo.java:shutdownLeaderElection(134)) - 5645e86d-f871-44bb-8607-ce62943605c0: shutdown LeaderElection
2019-10-01 15:45:39,052 [f1ba6add-ca0a-4791-abae-69f42b072e96@group-EB8B467BD4F1:LeaderElection36] INFO  impl.RaftServerImpl (RaftServerImpl.java:setRole(174)) - f1ba6add-ca0a-4791-abae-69f42b072e96@group-EB8B467BD4F1: changes role from CANDIDATE to FOLLOWER at term 4 for DISCOVERED_A_NEW_TERM
2019-10-01 15:45:39,053 [f1ba6add-ca0a-4791-abae-69f42b072e96@group-EB8B467BD4F1:LeaderElection36] INFO  impl.RoleInfo (RoleInfo.java:shutdownLeaderElection(134)) - f1ba6add-ca0a-4791-abae-69f42b072e96: shutdown LeaderElection
2019-10-01 15:45:39,053 [5645e86d-f871-44bb-8607-ce62943605c0@group-16BC6866FE65:LeaderElection37] INFO  impl.RoleInfo (RoleInfo.java:updateAndGet(143)) - 5645e86d-f871-44bb-8607-ce62943605c0: start FollowerState
2019-10-01 15:45:39,054 [f1ba6add-ca0a-4791-abae-69f42b072e96@group-EB8B467BD4F1:LeaderElection36] INFO  impl.RoleInfo (RoleInfo.java:updateAndGet(143)) - f1ba6add-ca0a-4791-abae-69f42b072e96: start FollowerState
2019-10-01 15:45:39,054 [6faae4d1-92b7-4646-993b-67f152b9d621@group-EB8B467BD4F1:LeaderElection35] INFO  impl.LeaderElection (LeaderElection.java:logAndReturn(56)) - 6faae4d1-92b7-4646-993b-67f152b9d621@group-EB8B467BD4F1:LeaderElection35: Election REJECTED; received 2 response(s) [6faae4d1-92b7-4646-993b-67f152b9d621<-f1ba6add-ca0a-4791-abae-69f42b072e96#0:FAIL-t4, 6faae4d1-92b7-4646-993b-67f152b9d621<-c28b71e4-b935-41c8-abf7-7de4a956c002#0:FAIL-t4] and 0 exception(s); 6faae4d1-92b7-4646-993b-67f152b9d621@group-EB8B467BD4F1:t4, leader=null, voted=6faae4d1-92b7-4646-993b-67f152b9d621, raftlog=6faae4d1-92b7-4646-993b-67f152b9d621@group-EB8B467BD4F1-SegmentedRaftLog:OPENED:c-1,f-1,i0, conf=-1: [f1ba6add-ca0a-4791-abae-69f42b072e96:192.168.151.117:38270, 6faae4d1-92b7-4646-993b-67f152b9d621:192.168.151.117:41086, c28b71e4-b935-41c8-abf7-7de4a956c002:192.168.151.117:35347], old=null
2019-10-01 15:45:39,054 [6faae4d1-92b7-4646-993b-67f152b9d621@group-EB8B467BD4F1:LeaderElection35] INFO  impl.RaftServerImpl (RaftServerImpl.java:setRole(174)) - 6faae4d1-92b7-4646-993b-67f152b9d621@group-EB8B467BD4F1: changes role from CANDIDATE to FOLLOWER at term 4 for DISCOVERED_A_NEW_TERM
2019-10-01 15:45:39,055 [6faae4d1-92b7-4646-993b-67f152b9d621@group-EB8B467BD4F1:LeaderElection35] INFO  impl.RoleInfo (RoleInfo.java:shutdownLeaderElection(134)) - 6faae4d1-92b7-4646-993b-67f152b9d621: shutdown LeaderElection
2019-10-01 15:45:39,055 [6faae4d1-92b7-4646-993b-67f152b9d621@group-EB8B467BD4F1:LeaderElection35] INFO  impl.RoleInfo (RoleInfo.java:updateAndGet(143)) - 6faae4d1-92b7-4646-993b-67f152b9d621: start FollowerState
2019-10-01 15:45:39,055 [17687ae8-18db-4cee-85ef-ee5e0f3bebbe@group-16BC6866FE65:LeaderElection38] INFO  impl.LeaderElection (LeaderElection.java:logAndReturn(56)) - 17687ae8-18db-4cee-85ef-ee5e0f3bebbe@group-16BC6866FE65:LeaderElection38: Election REJECTED; received 2 response(s) [17687ae8-18db-4cee-85ef-ee5e0f3bebbe<-5645e86d-f871-44bb-8607-ce62943605c0#0:FAIL-t4, 17687ae8-18db-4cee-85ef-ee5e0f3bebbe<-9f82fbf8-4fac-4532-8c36-3e6bef784ba1#0:FAIL-t4] and 0 exception(s); 17687ae8-18db-4cee-85ef-ee5e0f3bebbe@group-16BC6866FE65:t4, leader=null, voted=17687ae8-18db-4cee-85ef-ee5e0f3bebbe, raftlog=17687ae8-18db-4cee-85ef-ee5e0f3bebbe@group-16BC6866FE65-SegmentedRaftLog:OPENED:c-1,f-1,i0, conf=-1: [5645e86d-f871-44bb-8607-ce62943605c0:192.168.151.117:45277, 17687ae8-18db-4cee-85ef-ee5e0f3bebbe:192.168.151.117:44984, 9f82fbf8-4fac-4532-8c36-3e6bef784ba1:192.168.151.117:38577], old=null
2019-10-01 15:45:39,058 [17687ae8-18db-4cee-85ef-ee5e0f3bebbe@group-16BC6866FE65:LeaderElection38] INFO  impl.RaftServerImpl (RaftServerImpl.java:setRole(174)) - 17687ae8-18db-4cee-85ef-ee5e0f3bebbe@group-16BC6866FE65: changes role from CANDIDATE to FOLLOWER at term 4 for DISCOVERED_A_NEW_TERM
2019-10-01 15:45:39,058 [17687ae8-18db-4cee-85ef-ee5e0f3bebbe@group-16BC6866FE65:LeaderElection38] INFO  impl.RoleInfo (RoleInfo.java:shutdownLeaderElection(134)) - 17687ae8-18db-4cee-85ef-ee5e0f3bebbe: shutdown LeaderElection
2019-10-01 15:45:39,058 [17687ae8-18db-4cee-85ef-ee5e0f3bebbe@group-16BC6866FE65:LeaderElection38] INFO  impl.RoleInfo (RoleInfo.java:updateAndGet(143)) - 17687ae8-18db-4cee-85ef-ee5e0f3bebbe: start FollowerState
2019-10-01 15:45:40,075 [Thread-498] INFO  impl.FollowerState (FollowerState.java:run(106)) - c28b71e4-b935-41c8-abf7-7de4a956c002:group-EB8B467BD4F1 changes to CANDIDATE, lastRpcTime:1037, electionTimeout:1034ms
2019-10-01 15:45:40,078 [Thread-503] INFO  impl.FollowerState (FollowerState.java:run(106)) - 17687ae8-18db-4cee-85ef-ee5e0f3bebbe:group-16BC6866FE65 changes to CANDIDATE, lastRpcTime:1020, electionTimeout:1017ms
2019-10-01 15:45:40,079 [Thread-498] INFO  impl.RoleInfo (RoleInfo.java:shutdownFollowerState(121)) - c28b71e4-b935-41c8-abf7-7de4a956c002: shutdown FollowerState
2019-10-01 15:45:40,079 [Thread-503] INFO  impl.RoleInfo (RoleInfo.java:shutdownFollowerState(121)) - 17687ae8-18db-4cee-85ef-ee5e0f3bebbe: shutdown FollowerState
2019-10-01 15:45:40,079 [Thread-498] INFO  impl.RaftServerImpl (RaftServerImpl.java:setRole(174)) - c28b71e4-b935-41c8-abf7-7de4a956c002@group-EB8B467BD4F1: changes role from  FOLLOWER to CANDIDATE at term 4 for changeToCandidate
2019-10-01 15:45:40,079 [Thread-503] INFO  impl.RaftServerImpl (RaftServerImpl.java:setRole(174)) - 17687ae8-18db-4cee-85ef-ee5e0f3bebbe@group-16BC6866FE65: changes role from  FOLLOWER to CANDIDATE at term 4 for changeToCandidate
2019-10-01 15:45:40,079 [Thread-498] INFO  impl.RoleInfo (RoleInfo.java:updateAndGet(143)) - c28b71e4-b935-41c8-abf7-7de4a956c002: start LeaderElection
2019-10-01 15:45:40,079 [Thread-503] INFO  impl.RoleInfo (RoleInfo.java:updateAndGet(143)) - 17687ae8-18db-4cee-85ef-ee5e0f3bebbe: start LeaderElection
2019-10-01 15:45:40,157 [Thread-499] INFO  impl.FollowerState (FollowerState.java:run(106)) - 9f82fbf8-4fac-4532-8c36-3e6bef784ba1:group-16BC6866FE65 changes to CANDIDATE, lastRpcTime:1115, electionTimeout:1115ms
2019-10-01 15:45:40,157 [Thread-499] INFO  impl.RoleInfo (RoleInfo.java:shutdownFollowerState(121)) - 9f82fbf8-4fac-4532-8c36-3e6bef784ba1: shutdown FollowerState
2019-10-01 15:45:40,157 [Thread-499] INFO  impl.RaftServerImpl (RaftServerImpl.java:setRole(174)) - 9f82fbf8-4fac-4532-8c36-3e6bef784ba1@group-16BC6866FE65: changes role from  FOLLOWER to CANDIDATE at term 4 for changeToCandidate
2019-10-01 15:45:40,157 [Thread-499] INFO  impl.RoleInfo (RoleInfo.java:updateAndGet(143)) - 9f82fbf8-4fac-4532-8c36-3e6bef784ba1: start LeaderElection
2019-10-01 15:45:40,180 [Thread-500] INFO  impl.FollowerState (FollowerState.java:run(106)) - 5645e86d-f871-44bb-8607-ce62943605c0:group-16BC6866FE65 changes to CANDIDATE, lastRpcTime:1126, electionTimeout:1126ms
2019-10-01 15:45:40,180 [Thread-500] INFO  impl.RoleInfo (RoleInfo.java:shutdownFollowerState(121)) - 5645e86d-f871-44bb-8607-ce62943605c0: shutdown FollowerState
2019-10-01 15:45:40,180 [Thread-500] INFO  impl.RaftServerImpl (RaftServerImpl.java:setRole(174)) - 5645e86d-f871-44bb-8607-ce62943605c0@group-16BC6866FE65: changes role from  FOLLOWER to CANDIDATE at term 4 for changeToCandidate
2019-10-01 15:45:40,181 [Thread-500] INFO  impl.RoleInfo (RoleInfo.java:updateAndGet(143)) - 5645e86d-f871-44bb-8607-ce62943605c0: start LeaderElection
2019-10-01 15:45:40,207 [Thread-502] INFO  impl.FollowerState (FollowerState.java:run(106)) - 6faae4d1-92b7-4646-993b-67f152b9d621:group-EB8B467BD4F1 changes to CANDIDATE, lastRpcTime:1152, electionTimeout:1152ms
2019-10-01 15:45:40,207 [Thread-502] INFO  impl.RoleInfo (RoleInfo.java:shutdownFollowerState(121)) - 6faae4d1-92b7-4646-993b-67f152b9d621: shutdown FollowerState
2019-10-01 15:45:40,207 [Thread-502] INFO  impl.RaftServerImpl (RaftServerImpl.java:setRole(174)) - 6faae4d1-92b7-4646-993b-67f152b9d621@group-EB8B467BD4F1: changes role from  FOLLOWER to CANDIDATE at term 4 for changeToCandidate
2019-10-01 15:45:40,208 [Thread-502] INFO  impl.RoleInfo (RoleInfo.java:updateAndGet(143)) - 6faae4d1-92b7-4646-993b-67f152b9d621: start LeaderElection
2019-10-01 15:45:40,254 [Thread-501] INFO  impl.FollowerState (FollowerState.java:run(106)) - f1ba6add-ca0a-4791-abae-69f42b072e96:group-EB8B467BD4F1 changes to CANDIDATE, lastRpcTime:1200, electionTimeout:1200ms
2019-10-01 15:45:40,255 [Thread-501] INFO  impl.RoleInfo (RoleInfo.java:shutdownFollowerState(121)) - f1ba6add-ca0a-4791-abae-69f42b072e96: shutdown FollowerState
2019-10-01 15:45:40,255 [Thread-501] INFO  impl.RaftServerImpl (RaftServerImpl.java:setRole(174)) - f1ba6add-ca0a-4791-abae-69f42b072e96@group-EB8B467BD4F1: changes role from  FOLLOWER to CANDIDATE at term 4 for changeToCandidate
2019-10-01 15:45:40,255 [Thread-501] INFO  impl.RoleInfo (RoleInfo.java:updateAndGet(143)) - f1ba6add-ca0a-4791-abae-69f42b072e96: start LeaderElection
2019-10-01 15:45:42,017 [f1ba6add-ca0a-4791-abae-69f42b072e96@group-EB8B467BD4F1:LeaderElection44] INFO  impl.LeaderElection (LeaderElection.java:askForVotes(182)) - f1ba6add-ca0a-4791-abae-69f42b072e96@group-EB8B467BD4F1:LeaderElection44: begin an election at term 5 for -1: [f1ba6add-ca0a-4791-abae-69f42b072e96:192.168.151.117:38270, 6faae4d1-92b7-4646-993b-67f152b9d621:192.168.151.117:41086, c28b71e4-b935-41c8-abf7-7de4a956c002:192.168.151.117:35347], old=null
2019-10-01 15:45:42,017 [c28b71e4-b935-41c8-abf7-7de4a956c002@group-EB8B467BD4F1:LeaderElection39] INFO  impl.LeaderElection (LeaderElection.java:askForVotes(182)) - c28b71e4-b935-41c8-abf7-7de4a956c002@group-EB8B467BD4F1:LeaderElection39: begin an election at term 5 for -1: [f1ba6add-ca0a-4791-abae-69f42b072e96:192.168.151.117:38270, 6faae4d1-92b7-4646-993b-67f152b9d621:192.168.151.117:41086, c28b71e4-b935-41c8-abf7-7de4a956c002:192.168.151.117:35347], old=null
2019-10-01 15:45:42,017 [6faae4d1-92b7-4646-993b-67f152b9d621@group-EB8B467BD4F1:LeaderElection43] INFO  impl.LeaderElection (LeaderElection.java:askForVotes(182)) - 6faae4d1-92b7-4646-993b-67f152b9d621@group-EB8B467BD4F1:LeaderElection43: begin an election at term 5 for -1: [f1ba6add-ca0a-4791-abae-69f42b072e96:192.168.151.117:38270, 6faae4d1-92b7-4646-993b-67f152b9d621:192.168.151.117:41086, c28b71e4-b935-41c8-abf7-7de4a956c002:192.168.151.117:35347], old=null
2019-10-01 15:45:42,017 [9f82fbf8-4fac-4532-8c36-3e6bef784ba1@group-16BC6866FE65:LeaderElection41] INFO  impl.LeaderElection (LeaderElection.java:askForVotes(182)) - 9f82fbf8-4fac-4532-8c36-3e6bef784ba1@group-16BC6866FE65:LeaderElection41: begin an election at term 5 for -1: [5645e86d-f871-44bb-8607-ce62943605c0:192.168.151.117:45277, 17687ae8-18db-4cee-85ef-ee5e0f3bebbe:192.168.151.117:44984, 9f82fbf8-4fac-4532-8c36-3e6bef784ba1:192.168.151.117:38577], old=null
2019-10-01 15:45:42,017 [5645e86d-f871-44bb-8607-ce62943605c0@group-16BC6866FE65:LeaderElection42] INFO  impl.LeaderElection (LeaderElection.java:askForVotes(182)) - 5645e86d-f871-44bb-8607-ce62943605c0@group-16BC6866FE65:LeaderElection42: begin an election at term 5 for -1: [5645e86d-f871-44bb-8607-ce62943605c0:192.168.151.117:45277, 17687ae8-18db-4cee-85ef-ee5e0f3bebbe:192.168.151.117:44984, 9f82fbf8-4fac-4532-8c36-3e6bef784ba1:192.168.151.117:38577], old=null
2019-10-01 15:45:42,017 [17687ae8-18db-4cee-85ef-ee5e0f3bebbe@group-16BC6866FE65:LeaderElection40] INFO  impl.LeaderElection (LeaderElection.java:askForVotes(182)) - 17687ae8-18db-4cee-85ef-ee5e0f3bebbe@group-16BC6866FE65:LeaderElection40: begin an election at term 5 for -1: [5645e86d-f871-44bb-8607-ce62943605c0:192.168.151.117:45277, 17687ae8-18db-4cee-85ef-ee5e0f3bebbe:192.168.151.117:44984, 9f82fbf8-4fac-4532-8c36-3e6bef784ba1:192.168.151.117:38577], old=null
2019-10-01 15:45:42,026 [f1ba6add-ca0a-4791-abae-69f42b072e96@group-EB8B467BD4F1:LeaderElection44] INFO  impl.LeaderElection (LeaderElection.java:logAndReturn(56)) - f1ba6add-ca0a-4791-abae-69f42b072e96@group-EB8B467BD4F1:LeaderElection44: Election REJECTED; received 2 response(s) [f1ba6add-ca0a-4791-abae-69f42b072e96<-6faae4d1-92b7-4646-993b-67f152b9d621#0:FAIL-t5, f1ba6add-ca0a-4791-abae-69f42b072e96<-c28b71e4-b935-41c8-abf7-7de4a956c002#0:FAIL-t5] and 0 exception(s); f1ba6add-ca0a-4791-abae-69f42b072e96@group-EB8B467BD4F1:t5, leader=null, voted=f1ba6add-ca0a-4791-abae-69f42b072e96, raftlog=f1ba6add-ca0a-4791-abae-69f42b072e96@group-EB8B467BD4F1-SegmentedRaftLog:OPENED:c-1,f-1,i0, conf=-1: [f1ba6add-ca0a-4791-abae-69f42b072e96:192.168.151.117:38270, 6faae4d1-92b7-4646-993b-67f152b9d621:192.168.151.117:41086, c28b71e4-b935-41c8-abf7-7de4a956c002:192.168.151.117:35347], old=null
2019-10-01 15:45:42,026 [f1ba6add-ca0a-4791-abae-69f42b072e96@group-EB8B467BD4F1:LeaderElection44] INFO  impl.RaftServerImpl (RaftServerImpl.java:setRole(174)) - f1ba6add-ca0a-4791-abae-69f42b072e96@group-EB8B467BD4F1: changes role from CANDIDATE to FOLLOWER at term 5 for DISCOVERED_A_NEW_TERM
2019-10-01 15:45:42,027 [f1ba6add-ca0a-4791-abae-69f42b072e96@group-EB8B467BD4F1:LeaderElection44] INFO  impl.RoleInfo (RoleInfo.java:shutdownLeaderElection(134)) - f1ba6add-ca0a-4791-abae-69f42b072e96: shutdown LeaderElection
2019-10-01 15:45:42,027 [f1ba6add-ca0a-4791-abae-69f42b072e96@group-EB8B467BD4F1:LeaderElection44] INFO  impl.RoleInfo (RoleInfo.java:updateAndGet(143)) - f1ba6add-ca0a-4791-abae-69f42b072e96: start FollowerState
2019-10-01 15:45:42,030 [6faae4d1-92b7-4646-993b-67f152b9d621@group-EB8B467BD4F1:LeaderElection43] INFO  impl.LeaderElection (LeaderElection.java:logAndReturn(56)) - 6faae4d1-92b7-4646-993b-67f152b9d621@group-EB8B467BD4F1:LeaderElection43: Election REJECTED; received 2 response(s) [6faae4d1-92b7-4646-993b-67f152b9d621<-f1ba6add-ca0a-4791-abae-69f42b072e96#0:FAIL-t5, 6faae4d1-92b7-4646-993b-67f152b9d621<-c28b71e4-b935-41c8-abf7-7de4a956c002#0:FAIL-t5] and 0 exception(s); 6faae4d1-92b7-4646-993b-67f152b9d621@group-EB8B467BD4F1:t5, leader=null, voted=6faae4d1-92b7-4646-993b-67f152b9d621, raftlog=6faae4d1-92b7-4646-993b-67f152b9d621@group-EB8B467BD4F1-SegmentedRaftLog:OPENED:c-1,f-1,i0, conf=-1: [f1ba6add-ca0a-4791-abae-69f42b072e96:192.168.151.117:38270, 6faae4d1-92b7-4646-993b-67f152b9d621:192.168.151.117:41086, c28b71e4-b935-41c8-abf7-7de4a956c002:192.168.151.117:35347], old=null
2019-10-01 15:45:42,034 [6faae4d1-92b7-4646-993b-67f152b9d621@group-EB8B467BD4F1:LeaderElection43] INFO  impl.RaftServerImpl (RaftServerImpl.java:setRole(174)) - 6faae4d1-92b7-4646-993b-67f152b9d621@group-EB8B467BD4F1: changes role from CANDIDATE to FOLLOWER at term 5 for DISCOVERED_A_NEW_TERM
2019-10-01 15:45:42,034 [6faae4d1-92b7-4646-993b-67f152b9d621@group-EB8B467BD4F1:LeaderElection43] INFO  impl.RoleInfo (RoleInfo.java:shutdownLeaderElection(134)) - 6faae4d1-92b7-4646-993b-67f152b9d621: shutdown LeaderElection
2019-10-01 15:45:42,034 [6faae4d1-92b7-4646-993b-67f152b9d621@group-EB8B467BD4F1:LeaderElection43] INFO  impl.RoleInfo (RoleInfo.java:updateAndGet(143)) - 6faae4d1-92b7-4646-993b-67f152b9d621: start FollowerState
2019-10-01 15:45:42,035 [9f82fbf8-4fac-4532-8c36-3e6bef784ba1@group-16BC6866FE65:LeaderElection41] INFO  impl.LeaderElection (LeaderElection.java:logAndReturn(56)) - 9f82fbf8-4fac-4532-8c36-3e6bef784ba1@group-16BC6866FE65:LeaderElection41: Election REJECTED; received 2 response(s) [9f82fbf8-4fac-4532-8c36-3e6bef784ba1<-5645e86d-f871-44bb-8607-ce62943605c0#0:FAIL-t5, 9f82fbf8-4fac-4532-8c36-3e6bef784ba1<-17687ae8-18db-4cee-85ef-ee5e0f3bebbe#0:FAIL-t5] and 0 exception(s); 9f82fbf8-4fac-4532-8c36-3e6bef784ba1@group-16BC6866FE65:t5, leader=null, voted=9f82fbf8-4fac-4532-8c36-3e6bef784ba1, raftlog=9f82fbf8-4fac-4532-8c36-3e6bef784ba1@group-16BC6866FE65-SegmentedRaftLog:OPENED:c-1,f-1,i0, conf=-1: [5645e86d-f871-44bb-8607-ce62943605c0:192.168.151.117:45277, 17687ae8-18db-4cee-85ef-ee5e0f3bebbe:192.168.151.117:44984, 9f82fbf8-4fac-4532-8c36-3e6bef784ba1:192.168.151.117:38577], old=null
2019-10-01 15:45:42,035 [5645e86d-f871-44bb-8607-ce62943605c0@group-16BC6866FE65:LeaderElection42] INFO  impl.LeaderElection (LeaderElection.java:logAndReturn(56)) - 5645e86d-f871-44bb-8607-ce62943605c0@group-16BC6866FE65:LeaderElection42: Election REJECTED; received 2 response(s) [5645e86d-f871-44bb-8607-ce62943605c0<-17687ae8-18db-4cee-85ef-ee5e0f3bebbe#0:FAIL-t5, 5645e86d-f871-44bb-8607-ce62943605c0<-9f82fbf8-4fac-4532-8c36-3e6bef784ba1#0:FAIL-t5] and 0 exception(s); 5645e86d-f871-44bb-8607-ce62943605c0@group-16BC6866FE65:t5, leader=null, voted=5645e86d-f871-44bb-8607-ce62943605c0, raftlog=5645e86d-f871-44bb-8607-ce62943605c0@group-16BC6866FE65-SegmentedRaftLog:OPENED:c-1,f-1,i0, conf=-1: [5645e86d-f871-44bb-8607-ce62943605c0:192.168.151.117:45277, 17687ae8-18db-4cee-85ef-ee5e0f3bebbe:192.168.151.117:44984, 9f82fbf8-4fac-4532-8c36-3e6bef784ba1:192.168.151.117:38577], old=null
2019-10-01 15:45:42,038 [9f82fbf8-4fac-4532-8c36-3e6bef784ba1@group-16BC6866FE65:LeaderElection41] INFO  impl.RaftServerImpl (RaftServerImpl.java:setRole(174)) - 9f82fbf8-4fac-4532-8c36-3e6bef784ba1@group-16BC6866FE65: changes role from CANDIDATE to FOLLOWER at term 5 for DISCOVERED_A_NEW_TERM
2019-10-01 15:45:42,040 [5645e86d-f871-44bb-8607-ce62943605c0@group-16BC6866FE65:LeaderElection42] INFO  impl.RaftServerImpl (RaftServerImpl.java:setRole(174)) - 5645e86d-f871-44bb-8607-ce62943605c0@group-16BC6866FE65: changes role from CANDIDATE to FOLLOWER at term 5 for DISCOVERED_A_NEW_TERM
2019-10-01 15:45:42,043 [c28b71e4-b935-41c8-abf7-7de4a956c002@group-EB8B467BD4F1:LeaderElection39] INFO  impl.LeaderElection (LeaderElection.java:logAndReturn(56)) - c28b71e4-b935-41c8-abf7-7de4a956c002@group-EB8B467BD4F1:LeaderElection39: Election REJECTED; received 2 response(s) [c28b71e4-b935-41c8-abf7-7de4a956c002<-6faae4d1-92b7-4646-993b-67f152b9d621#0:FAIL-t5, c28b71e4-b935-41c8-abf7-7de4a956c002<-f1ba6add-ca0a-4791-abae-69f42b072e96#0:FAIL-t5] and 0 exception(s); c28b71e4-b935-41c8-abf7-7de4a956c002@group-EB8B467BD4F1:t5, leader=null, voted=c28b71e4-b935-41c8-abf7-7de4a956c002, raftlog=c28b71e4-b935-41c8-abf7-7de4a956c002@group-EB8B467BD4F1-SegmentedRaftLog:OPENED:c-1,f-1,i0, conf=-1: [f1ba6add-ca0a-4791-abae-69f42b072e96:192.168.151.117:38270, 6faae4d1-92b7-4646-993b-67f152b9d621:192.168.151.117:41086, c28b71e4-b935-41c8-abf7-7de4a956c002:192.168.151.117:35347], old=null
2019-10-01 15:45:42,040 [9f82fbf8-4fac-4532-8c36-3e6bef784ba1@group-16BC6866FE65:LeaderElection41] INFO  impl.RoleInfo (RoleInfo.java:shutdownLeaderElection(134)) - 9f82fbf8-4fac-4532-8c36-3e6bef784ba1: shutdown LeaderElection
2019-10-01 15:45:42,043 [c28b71e4-b935-41c8-abf7-7de4a956c002@group-EB8B467BD4F1:LeaderElection39] INFO  impl.RaftServerImpl (RaftServerImpl.java:setRole(174)) - c28b71e4-b935-41c8-abf7-7de4a956c002@group-EB8B467BD4F1: changes role from CANDIDATE to FOLLOWER at term 5 for DISCOVERED_A_NEW_TERM
2019-10-01 15:45:42,045 [9f82fbf8-4fac-4532-8c36-3e6bef784ba1@group-16BC6866FE65:LeaderElection41] INFO  impl.RoleInfo (RoleInfo.java:updateAndGet(143)) - 9f82fbf8-4fac-4532-8c36-3e6bef784ba1: start FollowerState
2019-10-01 15:45:42,043 [5645e86d-f871-44bb-8607-ce62943605c0@group-16BC6866FE65:LeaderElection42] INFO  impl.RoleInfo (RoleInfo.java:shutdownLeaderElection(134)) - 5645e86d-f871-44bb-8607-ce62943605c0: shutdown LeaderElection
2019-10-01 15:45:42,045 [17687ae8-18db-4cee-85ef-ee5e0f3bebbe@group-16BC6866FE65:LeaderElection40] INFO  impl.LeaderElection (LeaderElection.java:logAndReturn(56)) - 17687ae8-18db-4cee-85ef-ee5e0f3bebbe@group-16BC6866FE65:LeaderElection40: Election REJECTED; received 2 response(s) [17687ae8-18db-4cee-85ef-ee5e0f3bebbe<-5645e86d-f871-44bb-8607-ce62943605c0#0:FAIL-t5, 17687ae8-18db-4cee-85ef-ee5e0f3bebbe<-9f82fbf8-4fac-4532-8c36-3e6bef784ba1#0:FAIL-t5] and 0 exception(s); 17687ae8-18db-4cee-85ef-ee5e0f3bebbe@group-16BC6866FE65:t5, leader=null, voted=17687ae8-18db-4cee-85ef-ee5e0f3bebbe, raftlog=17687ae8-18db-4cee-85ef-ee5e0f3bebbe@group-16BC6866FE65-SegmentedRaftLog:OPENED:c-1,f-1,i0, conf=-1: [5645e86d-f871-44bb-8607-ce62943605c0:192.168.151.117:45277, 17687ae8-18db-4cee-85ef-ee5e0f3bebbe:192.168.151.117:44984, 9f82fbf8-4fac-4532-8c36-3e6bef784ba1:192.168.151.117:38577], old=null
2019-10-01 15:45:42,045 [c28b71e4-b935-41c8-abf7-7de4a956c002@group-EB8B467BD4F1:LeaderElection39] INFO  impl.RoleInfo (RoleInfo.java:shutdownLeaderElection(134)) - c28b71e4-b935-41c8-abf7-7de4a956c002: shutdown LeaderElection
2019-10-01 15:45:42,046 [17687ae8-18db-4cee-85ef-ee5e0f3bebbe@group-16BC6866FE65:LeaderElection40] INFO  impl.RaftServerImpl (RaftServerImpl.java:setRole(174)) - 17687ae8-18db-4cee-85ef-ee5e0f3bebbe@group-16BC6866FE65: changes role from CANDIDATE to FOLLOWER at term 5 for DISCOVERED_A_NEW_TERM
2019-10-01 15:45:42,048 [c28b71e4-b935-41c8-abf7-7de4a956c002@group-EB8B467BD4F1:LeaderElection39] INFO  impl.RoleInfo (RoleInfo.java:updateAndGet(143)) - c28b71e4-b935-41c8-abf7-7de4a956c002: start FollowerState
2019-10-01 15:45:42,046 [5645e86d-f871-44bb-8607-ce62943605c0@group-16BC6866FE65:LeaderElection42] INFO  impl.RoleInfo (RoleInfo.java:updateAndGet(143)) - 5645e86d-f871-44bb-8607-ce62943605c0: start FollowerState
2019-10-01 15:45:42,048 [17687ae8-18db-4cee-85ef-ee5e0f3bebbe@group-16BC6866FE65:LeaderElection40] INFO  impl.RoleInfo (RoleInfo.java:shutdownLeaderElection(134)) - 17687ae8-18db-4cee-85ef-ee5e0f3bebbe: shutdown LeaderElection
2019-10-01 15:45:42,049 [17687ae8-18db-4cee-85ef-ee5e0f3bebbe@group-16BC6866FE65:LeaderElection40] INFO  impl.RoleInfo (RoleInfo.java:updateAndGet(143)) - 17687ae8-18db-4cee-85ef-ee5e0f3bebbe: start FollowerState
2019-10-01 15:45:43,059 [Thread-542] INFO  impl.FollowerState (FollowerState.java:run(106)) - 9f82fbf8-4fac-4532-8c36-3e6bef784ba1:group-16BC6866FE65 changes to CANDIDATE, lastRpcTime:1013, electionTimeout:1013ms
2019-10-01 15:45:43,059 [Thread-542] INFO  impl.RoleInfo (RoleInfo.java:shutdownFollowerState(121)) - 9f82fbf8-4fac-4532-8c36-3e6bef784ba1: shutdown FollowerState
2019-10-01 15:45:43,059 [Thread-542] INFO  impl.RaftServerImpl (RaftServerImpl.java:setRole(174)) - 9f82fbf8-4fac-4532-8c36-3e6bef784ba1@group-16BC6866FE65: changes role from  FOLLOWER to CANDIDATE at term 5 for changeToCandidate
2019-10-01 15:45:43,060 [Thread-542] INFO  impl.RoleInfo (RoleInfo.java:updateAndGet(143)) - 9f82fbf8-4fac-4532-8c36-3e6bef784ba1: start LeaderElection
2019-10-01 15:45:43,093 [Thread-545] INFO  impl.FollowerState (FollowerState.java:run(106)) - 17687ae8-18db-4cee-85ef-ee5e0f3bebbe:group-16BC6866FE65 changes to CANDIDATE, lastRpcTime:1044, electionTimeout:1044ms
2019-10-01 15:45:43,093 [Thread-545] INFO  impl.RoleInfo (RoleInfo.java:shutdownFollowerState(121)) - 17687ae8-18db-4cee-85ef-ee5e0f3bebbe: shutdown FollowerState
2019-10-01 15:45:43,094 [Thread-545] INFO  impl.RaftServerImpl (RaftServerImpl.java:setRole(174)) - 17687ae8-18db-4cee-85ef-ee5e0f3bebbe@group-16BC6866FE65: changes role from  FOLLOWER to CANDIDATE at term 5 for changeToCandidate
2019-10-01 15:45:43,094 [Thread-545] INFO  impl.RoleInfo (RoleInfo.java:updateAndGet(143)) - 17687ae8-18db-4cee-85ef-ee5e0f3bebbe: start LeaderElection
2019-10-01 15:45:43,116 [Thread-544] INFO  impl.FollowerState (FollowerState.java:run(106)) - c28b71e4-b935-41c8-abf7-7de4a956c002:group-EB8B467BD4F1 changes to CANDIDATE, lastRpcTime:1068, electionTimeout:1054ms
2019-10-01 15:45:43,116 [Thread-544] INFO  impl.RoleInfo (RoleInfo.java:shutdownFollowerState(121)) - c28b71e4-b935-41c8-abf7-7de4a956c002: shutdown FollowerState
2019-10-01 15:45:43,116 [Thread-544] INFO  impl.RaftServerImpl (RaftServerImpl.java:setRole(174)) - c28b71e4-b935-41c8-abf7-7de4a956c002@group-EB8B467BD4F1: changes role from  FOLLOWER to CANDIDATE at term 5 for changeToCandidate
2019-10-01 15:45:43,117 [Thread-544] INFO  impl.RoleInfo (RoleInfo.java:updateAndGet(143)) - c28b71e4-b935-41c8-abf7-7de4a956c002: start LeaderElection
2019-10-01 15:45:43,124 [Thread-540] INFO  impl.FollowerState (FollowerState.java:run(106)) - f1ba6add-ca0a-4791-abae-69f42b072e96:group-EB8B467BD4F1 changes to CANDIDATE, lastRpcTime:1096, electionTimeout:1096ms
2019-10-01 15:45:43,124 [Thread-540] INFO  impl.RoleInfo (RoleInfo.java:shutdownFollowerState(121)) - f1ba6add-ca0a-4791-abae-69f42b072e96: shutdown FollowerState
2019-10-01 15:45:43,124 [Thread-540] INFO  impl.RaftServerImpl (RaftServerImpl.java:setRole(174)) - f1ba6add-ca0a-4791-abae-69f42b072e96@group-EB8B467BD4F1: changes role from  FOLLOWER to CANDIDATE at term 5 for changeToCandidate
2019-10-01 15:45:43,124 [Thread-540] INFO  impl.RoleInfo (RoleInfo.java:updateAndGet(143)) - f1ba6add-ca0a-4791-abae-69f42b072e96: start LeaderElection
2019-10-01 15:45:43,191 [Thread-543] INFO  impl.FollowerState (FollowerState.java:run(106)) - 5645e86d-f871-44bb-8607-ce62943605c0:group-16BC6866FE65 changes to CANDIDATE, lastRpcTime:1145, electionTimeout:1142ms
2019-10-01 15:45:43,191 [Thread-543] INFO  impl.RoleInfo (RoleInfo.java:shutdownFollowerState(121)) - 5645e86d-f871-44bb-8607-ce62943605c0: shutdown FollowerState
2019-10-01 15:45:43,191 [Thread-543] INFO  impl.RaftServerImpl (RaftServerImpl.java:setRole(174)) - 5645e86d-f871-44bb-8607-ce62943605c0@group-16BC6866FE65: changes role from  FOLLOWER to CANDIDATE at term 5 for changeToCandidate
2019-10-01 15:45:43,192 [Thread-543] INFO  impl.RoleInfo (RoleInfo.java:updateAndGet(143)) - 5645e86d-f871-44bb-8607-ce62943605c0: start LeaderElection
2019-10-01 15:45:43,220 [Thread-541] INFO  impl.FollowerState (FollowerState.java:run(106)) - 6faae4d1-92b7-4646-993b-67f152b9d621:group-EB8B467BD4F1 changes to CANDIDATE, lastRpcTime:1185, electionTimeout:1184ms
2019-10-01 15:45:43,221 [Thread-541] INFO  impl.RoleInfo (RoleInfo.java:shutdownFollowerState(121)) - 6faae4d1-92b7-4646-993b-67f152b9d621: shutdown FollowerState
2019-10-01 15:45:43,227 [Thread-541] INFO  impl.RaftServerImpl (RaftServerImpl.java:setRole(174)) - 6faae4d1-92b7-4646-993b-67f152b9d621@group-EB8B467BD4F1: changes role from  FOLLOWER to CANDIDATE at term 5 for changeToCandidate
2019-10-01 15:45:43,227 [Thread-541] INFO  impl.RoleInfo (RoleInfo.java:updateAndGet(143)) - 6faae4d1-92b7-4646-993b-67f152b9d621: start LeaderElection
2019-10-01 15:45:43,237 [9f82fbf8-4fac-4532-8c36-3e6bef784ba1@group-16BC6866FE65:LeaderElection45] INFO  impl.LeaderElection (LeaderElection.java:askForVotes(182)) - 9f82fbf8-4fac-4532-8c36-3e6bef784ba1@group-16BC6866FE65:LeaderElection45: begin an election at term 6 for -1: [5645e86d-f871-44bb-8607-ce62943605c0:192.168.151.117:45277, 17687ae8-18db-4cee-85ef-ee5e0f3bebbe:192.168.151.117:44984, 9f82fbf8-4fac-4532-8c36-3e6bef784ba1:192.168.151.117:38577], old=null
2019-10-01 15:45:43,288 [c28b71e4-b935-41c8-abf7-7de4a956c002@group-EB8B467BD4F1:LeaderElection47] INFO  impl.LeaderElection (LeaderElection.java:askForVotes(182)) - c28b71e4-b935-41c8-abf7-7de4a956c002@group-EB8B467BD4F1:LeaderElection47: begin an election at term 6 for -1: [f1ba6add-ca0a-4791-abae-69f42b072e96:192.168.151.117:38270, 6faae4d1-92b7-4646-993b-67f152b9d621:192.168.151.117:41086, c28b71e4-b935-41c8-abf7-7de4a956c002:192.168.151.117:35347], old=null
2019-10-01 15:45:43,288 [f1ba6add-ca0a-4791-abae-69f42b072e96@group-EB8B467BD4F1:LeaderElection48] INFO  impl.LeaderElection (LeaderElection.java:askForVotes(182)) - f1ba6add-ca0a-4791-abae-69f42b072e96@group-EB8B467BD4F1:LeaderElection48: begin an election at term 6 for -1: [f1ba6add-ca0a-4791-abae-69f42b072e96:192.168.151.117:38270, 6faae4d1-92b7-4646-993b-67f152b9d621:192.168.151.117:41086, c28b71e4-b935-41c8-abf7-7de4a956c002:192.168.151.117:35347], old=null
2019-10-01 15:45:43,288 [17687ae8-18db-4cee-85ef-ee5e0f3bebbe@group-16BC6866FE65:LeaderElection46] INFO  impl.LeaderElection (LeaderElection.java:askForVotes(182)) - 17687ae8-18db-4cee-85ef-ee5e0f3bebbe@group-16BC6866FE65:LeaderElection46: begin an election at term 6 for -1: [5645e86d-f871-44bb-8607-ce62943605c0:192.168.151.117:45277, 17687ae8-18db-4cee-85ef-ee5e0f3bebbe:192.168.151.117:44984, 9f82fbf8-4fac-4532-8c36-3e6bef784ba1:192.168.151.117:38577], old=null
2019-10-01 15:45:43,288 [6faae4d1-92b7-4646-993b-67f152b9d621@group-EB8B467BD4F1:LeaderElection50] INFO  impl.LeaderElection (LeaderElection.java:askForVotes(182)) - 6faae4d1-92b7-4646-993b-67f152b9d621@group-EB8B467BD4F1:LeaderElection50: begin an election at term 6 for -1: [f1ba6add-ca0a-4791-abae-69f42b072e96:192.168.151.117:38270, 6faae4d1-92b7-4646-993b-67f152b9d621:192.168.151.117:41086, c28b71e4-b935-41c8-abf7-7de4a956c002:192.168.151.117:35347], old=null
2019-10-01 15:45:43,288 [5645e86d-f871-44bb-8607-ce62943605c0@group-16BC6866FE65:LeaderElection49] INFO  impl.LeaderElection (LeaderElection.java:askForVotes(182)) - 5645e86d-f871-44bb-8607-ce62943605c0@group-16BC6866FE65:LeaderElection49: begin an election at term 6 for -1: [5645e86d-f871-44bb-8607-ce62943605c0:192.168.151.117:45277, 17687ae8-18db-4cee-85ef-ee5e0f3bebbe:192.168.151.117:44984, 9f82fbf8-4fac-4532-8c36-3e6bef784ba1:192.168.151.117:38577], old=null
2019-10-01 15:45:43,291 [9f82fbf8-4fac-4532-8c36-3e6bef784ba1@group-16BC6866FE65:LeaderElection45] INFO  impl.LeaderElection (LeaderElection.java:logAndReturn(56)) - 9f82fbf8-4fac-4532-8c36-3e6bef784ba1@group-16BC6866FE65:LeaderElection45: Election REJECTED; received 2 response(s) [9f82fbf8-4fac-4532-8c36-3e6bef784ba1<-5645e86d-f871-44bb-8607-ce62943605c0#0:FAIL-t6, 9f82fbf8-4fac-4532-8c36-3e6bef784ba1<-17687ae8-18db-4cee-85ef-ee5e0f3bebbe#0:FAIL-t6] and 0 exception(s); 9f82fbf8-4fac-4532-8c36-3e6bef784ba1@group-16BC6866FE65:t6, leader=null, voted=9f82fbf8-4fac-4532-8c36-3e6bef784ba1, raftlog=9f82fbf8-4fac-4532-8c36-3e6bef784ba1@group-16BC6866FE65-SegmentedRaftLog:OPENED:c-1,f-1,i0, conf=-1: [5645e86d-f871-44bb-8607-ce62943605c0:192.168.151.117:45277, 17687ae8-18db-4cee-85ef-ee5e0f3bebbe:192.168.151.117:44984, 9f82fbf8-4fac-4532-8c36-3e6bef784ba1:192.168.151.117:38577], old=null
2019-10-01 15:45:43,292 [9f82fbf8-4fac-4532-8c36-3e6bef784ba1@group-16BC6866FE65:LeaderElection45] INFO  impl.RaftServerImpl (RaftServerImpl.java:setRole(174)) - 9f82fbf8-4fac-4532-8c36-3e6bef784ba1@group-16BC6866FE65: changes role from CANDIDATE to FOLLOWER at term 6 for DISCOVERED_A_NEW_TERM
2019-10-01 15:45:43,292 [9f82fbf8-4fac-4532-8c36-3e6bef784ba1@group-16BC6866FE65:LeaderElection45] INFO  impl.RoleInfo (RoleInfo.java:shutdownLeaderElection(134)) - 9f82fbf8-4fac-4532-8c36-3e6bef784ba1: shutdown LeaderElection
2019-10-01 15:45:43,292 [9f82fbf8-4fac-4532-8c36-3e6bef784ba1@group-16BC6866FE65:LeaderElection45] INFO  impl.RoleInfo (RoleInfo.java:updateAndGet(143)) - 9f82fbf8-4fac-4532-8c36-3e6bef784ba1: start FollowerState
2019-10-01 15:45:43,296 [c28b71e4-b935-41c8-abf7-7de4a956c002@group-EB8B467BD4F1:LeaderElection47] INFO  impl.LeaderElection (LeaderElection.java:logAndReturn(56)) - c28b71e4-b935-41c8-abf7-7de4a956c002@group-EB8B467BD4F1:LeaderElection47: Election REJECTED; received 2 response(s) [c28b71e4-b935-41c8-abf7-7de4a956c002<-f1ba6add-ca0a-4791-abae-69f42b072e96#0:FAIL-t6, c28b71e4-b935-41c8-abf7-7de4a956c002<-6faae4d1-92b7-4646-993b-67f152b9d621#0:FAIL-t6] and 0 exception(s); c28b71e4-b935-41c8-abf7-7de4a956c002@group-EB8B467BD4F1:t6, leader=null, voted=c28b71e4-b935-41c8-abf7-7de4a956c002, raftlog=c28b71e4-b935-41c8-abf7-7de4a956c002@group-EB8B467BD4F1-SegmentedRaftLog:OPENED:c-1,f-1,i0, conf=-1: [f1ba6add-ca0a-4791-abae-69f42b072e96:192.168.151.117:38270, 6faae4d1-92b7-4646-993b-67f152b9d621:192.168.151.117:41086, c28b71e4-b935-41c8-abf7-7de4a956c002:192.168.151.117:35347], old=null
2019-10-01 15:45:43,299 [c28b71e4-b935-41c8-abf7-7de4a956c002@group-EB8B467BD4F1:LeaderElection47] INFO  impl.RaftServerImpl (RaftServerImpl.java:setRole(174)) - c28b71e4-b935-41c8-abf7-7de4a956c002@group-EB8B467BD4F1: changes role from CANDIDATE to FOLLOWER at term 6 for DISCOVERED_A_NEW_TERM
2019-10-01 15:45:43,299 [c28b71e4-b935-41c8-abf7-7de4a956c002@group-EB8B467BD4F1:LeaderElection47] INFO  impl.RoleInfo (RoleInfo.java:shutdownLeaderElection(134)) - c28b71e4-b935-41c8-abf7-7de4a956c002: shutdown LeaderElection
2019-10-01 15:45:43,300 [c28b71e4-b935-41c8-abf7-7de4a956c002@group-EB8B467BD4F1:LeaderElection47] INFO  impl.RoleInfo (RoleInfo.java:updateAndGet(143)) - c28b71e4-b935-41c8-abf7-7de4a956c002: start FollowerState
2019-10-01 15:45:43,303 [6faae4d1-92b7-4646-993b-67f152b9d621@group-EB8B467BD4F1:LeaderElection50] INFO  impl.LeaderElection (LeaderElection.java:logAndReturn(56)) - 6faae4d1-92b7-4646-993b-67f152b9d621@group-EB8B467BD4F1:LeaderElection50: Election REJECTED; received 2 response(s) [6faae4d1-92b7-4646-993b-67f152b9d621<-f1ba6add-ca0a-4791-abae-69f42b072e96#0:FAIL-t6, 6faae4d1-92b7-4646-993b-67f152b9d621<-c28b71e4-b935-41c8-abf7-7de4a956c002#0:FAIL-t6] and 0 exception(s); 6faae4d1-92b7-4646-993b-67f152b9d621@group-EB8B467BD4F1:t6, leader=null, voted=6faae4d1-92b7-4646-993b-67f152b9d621, raftlog=6faae4d1-92b7-4646-993b-67f152b9d621@group-EB8B467BD4F1-SegmentedRaftLog:OPENED:c-1,f-1,i0, conf=-1: [f1ba6add-ca0a-4791-abae-69f42b072e96:192.168.151.117:38270, 6faae4d1-92b7-4646-993b-67f152b9d621:192.168.151.117:41086, c28b71e4-b935-41c8-abf7-7de4a956c002:192.168.151.117:35347], old=null
2019-10-01 15:45:43,306 [6faae4d1-92b7-4646-993b-67f152b9d621@group-EB8B467BD4F1:LeaderElection50] INFO  impl.RaftServerImpl (RaftServerImpl.java:setRole(174)) - 6faae4d1-92b7-4646-993b-67f152b9d621@group-EB8B467BD4F1: changes role from CANDIDATE to FOLLOWER at term 6 for DISCOVERED_A_NEW_TERM
2019-10-01 15:45:43,308 [6faae4d1-92b7-4646-993b-67f152b9d621@group-EB8B467BD4F1:LeaderElection50] INFO  impl.RoleInfo (RoleInfo.java:shutdownLeaderElection(134)) - 6faae4d1-92b7-4646-993b-67f152b9d621: shutdown LeaderElection
2019-10-01 15:45:43,308 [6faae4d1-92b7-4646-993b-67f152b9d621@group-EB8B467BD4F1:LeaderElection50] INFO  impl.RoleInfo (RoleInfo.java:updateAndGet(143)) - 6faae4d1-92b7-4646-993b-67f152b9d621: start FollowerState
2019-10-01 15:45:43,308 [5645e86d-f871-44bb-8607-ce62943605c0@group-16BC6866FE65:LeaderElection49] INFO  impl.LeaderElection (LeaderElection.java:logAndReturn(56)) - 5645e86d-f871-44bb-8607-ce62943605c0@group-16BC6866FE65:LeaderElection49: Election REJECTED; received 2 response(s) [5645e86d-f871-44bb-8607-ce62943605c0<-17687ae8-18db-4cee-85ef-ee5e0f3bebbe#0:FAIL-t6, 5645e86d-f871-44bb-8607-ce62943605c0<-9f82fbf8-4fac-4532-8c36-3e6bef784ba1#0:FAIL-t6] and 0 exception(s); 5645e86d-f871-44bb-8607-ce62943605c0@group-16BC6866FE65:t6, leader=null, voted=5645e86d-f871-44bb-8607-ce62943605c0, raftlog=5645e86d-f871-44bb-8607-ce62943605c0@group-16BC6866FE65-SegmentedRaftLog:OPENED:c-1,f-1,i0, conf=-1: [5645e86d-f871-44bb-8607-ce62943605c0:192.168.151.117:45277, 17687ae8-18db-4cee-85ef-ee5e0f3bebbe:192.168.151.117:44984, 9f82fbf8-4fac-4532-8c36-3e6bef784ba1:192.168.151.117:38577], old=null
2019-10-01 15:45:43,316 [f1ba6add-ca0a-4791-abae-69f42b072e96@group-EB8B467BD4F1:LeaderElection48] INFO  impl.LeaderElection (LeaderElection.java:logAndReturn(56)) - f1ba6add-ca0a-4791-abae-69f42b072e96@group-EB8B467BD4F1:LeaderElection48: Election REJECTED; received 2 response(s) [f1ba6add-ca0a-4791-abae-69f42b072e96<-6faae4d1-92b7-4646-993b-67f152b9d621#0:FAIL-t6, f1ba6add-ca0a-4791-abae-69f42b072e96<-c28b71e4-b935-41c8-abf7-7de4a956c002#0:FAIL-t6] and 0 exception(s); f1ba6add-ca0a-4791-abae-69f42b072e96@group-EB8B467BD4F1:t6, leader=null, voted=f1ba6add-ca0a-4791-abae-69f42b072e96, raftlog=f1ba6add-ca0a-4791-abae-69f42b072e96@group-EB8B467BD4F1-SegmentedRaftLog:OPENED:c-1,f-1,i0, conf=-1: [f1ba6add-ca0a-4791-abae-69f42b072e96:192.168.151.117:38270, 6faae4d1-92b7-4646-993b-67f152b9d621:192.168.151.117:41086, c28b71e4-b935-41c8-abf7-7de4a956c002:192.168.151.117:35347], old=null
2019-10-01 15:45:43,316 [5645e86d-f871-44bb-8607-ce62943605c0@group-16BC6866FE65:LeaderElection49] INFO  impl.RaftServerImpl (RaftServerImpl.java:setRole(174)) - 5645e86d-f871-44bb-8607-ce62943605c0@group-16BC6866FE65: changes role from CANDIDATE to FOLLOWER at term 6 for DISCOVERED_A_NEW_TERM
2019-10-01 15:45:43,317 [5645e86d-f871-44bb-8607-ce62943605c0@group-16BC6866FE65:LeaderElection49] INFO  impl.RoleInfo (RoleInfo.java:shutdownLeaderElection(134)) - 5645e86d-f871-44bb-8607-ce62943605c0: shutdown LeaderElection
2019-10-01 15:45:43,317 [f1ba6add-ca0a-4791-abae-69f42b072e96@group-EB8B467BD4F1:LeaderElection48] INFO  impl.RaftServerImpl (RaftServerImpl.java:setRole(174)) - f1ba6add-ca0a-4791-abae-69f42b072e96@group-EB8B467BD4F1: changes role from CANDIDATE to FOLLOWER at term 6 for DISCOVERED_A_NEW_TERM
2019-10-01 15:45:43,317 [5645e86d-f871-44bb-8607-ce62943605c0@group-16BC6866FE65:LeaderElection49] INFO  impl.RoleInfo (RoleInfo.java:updateAndGet(143)) - 5645e86d-f871-44bb-8607-ce62943605c0: start FollowerState
2019-10-01 15:45:43,317 [17687ae8-18db-4cee-85ef-ee5e0f3bebbe@group-16BC6866FE65:LeaderElection46] INFO  impl.LeaderElection (LeaderElection.java:logAndReturn(56)) - 17687ae8-18db-4cee-85ef-ee5e0f3bebbe@group-16BC6866FE65:LeaderElection46: Election REJECTED; received 2 response(s) [17687ae8-18db-4cee-85ef-ee5e0f3bebbe<-5645e86d-f871-44bb-8607-ce62943605c0#0:FAIL-t6, 17687ae8-18db-4cee-85ef-ee5e0f3bebbe<-9f82fbf8-4fac-4532-8c36-3e6bef784ba1#0:FAIL-t6] and 0 exception(s); 17687ae8-18db-4cee-85ef-ee5e0f3bebbe@group-16BC6866FE65:t6, leader=null, voted=17687ae8-18db-4cee-85ef-ee5e0f3bebbe, raftlog=17687ae8-18db-4cee-85ef-ee5e0f3bebbe@group-16BC6866FE65-SegmentedRaftLog:OPENED:c-1,f-1,i0, conf=-1: [5645e86d-f871-44bb-8607-ce62943605c0:192.168.151.117:45277, 17687ae8-18db-4cee-85ef-ee5e0f3bebbe:192.168.151.117:44984, 9f82fbf8-4fac-4532-8c36-3e6bef784ba1:192.168.151.117:38577], old=null
2019-10-01 15:45:43,317 [f1ba6add-ca0a-4791-abae-69f42b072e96@group-EB8B467BD4F1:LeaderElection48] INFO  impl.RoleInfo (RoleInfo.java:shutdownLeaderElection(134)) - f1ba6add-ca0a-4791-abae-69f42b072e96: shutdown LeaderElection
2019-10-01 15:45:43,318 [f1ba6add-ca0a-4791-abae-69f42b072e96@group-EB8B467BD4F1:LeaderElection48] INFO  impl.RoleInfo (RoleInfo.java:updateAndGet(143)) - f1ba6add-ca0a-4791-abae-69f42b072e96: start FollowerState
2019-10-01 15:45:43,318 [17687ae8-18db-4cee-85ef-ee5e0f3bebbe@group-16BC6866FE65:LeaderElection46] INFO  impl.RaftServerImpl (RaftServerImpl.java:setRole(174)) - 17687ae8-18db-4cee-85ef-ee5e0f3bebbe@group-16BC6866FE65: changes role from CANDIDATE to FOLLOWER at term 6 for DISCOVERED_A_NEW_TERM
2019-10-01 15:45:43,318 [17687ae8-18db-4cee-85ef-ee5e0f3bebbe@group-16BC6866FE65:LeaderElection46] INFO  impl.RoleInfo (RoleInfo.java:shutdownLeaderElection(134)) - 17687ae8-18db-4cee-85ef-ee5e0f3bebbe: shutdown LeaderElection
2019-10-01 15:45:43,318 [17687ae8-18db-4cee-85ef-ee5e0f3bebbe@group-16BC6866FE65:LeaderElection46] INFO  impl.RoleInfo (RoleInfo.java:updateAndGet(143)) - 17687ae8-18db-4cee-85ef-ee5e0f3bebbe: start FollowerState
2019-10-01 15:45:44,272 [main] WARN  io.KeyOutputStream (KeyOutputStream.java:handleException(274)) - Encountered exception java.io.IOException: Unexpected Storage Container Exception: java.util.concurrent.CompletionException: java.util.concurrent.CompletionException: org.apache.ratis.protocol.RaftRetryFailureException: Failed RaftClientRequest:client-1757B7E0D0B4->5645e86d-f871-44bb-8607-ce62943605c0@group-16BC6866FE65, cid=19, seq=1*, RW, org.apache.hadoop.hdds.scm.XceiverClientRatis$$Lambda$423/1315188449@40b1071 for 10 attempts with RetryLimited(maxAttempts=10, sleepTime=1000ms) on the pipeline Pipeline[ Id: d7aef175-6e8b-4a87-a1e4-16bc6866fe65, Nodes: 9f82fbf8-4fac-4532-8c36-3e6bef784ba1{ip: 192.168.151.117, host: pr-hdds-2221-4x997-2286248681, networkLocation: /default-rack, certSerialId: null}5645e86d-f871-44bb-8607-ce62943605c0{ip: 192.168.151.117, host: pr-hdds-2221-4x997-2286248681, networkLocation: /default-rack, certSerialId: null}17687ae8-18db-4cee-85ef-ee5e0f3bebbe{ip: 192.168.151.117, host: pr-hdds-2221-4x997-2286248681, networkLocation: /default-rack, certSerialId: null}, Type:RATIS, Factor:THREE, State:OPEN]. The last committed block length is 0, uncommitted data length is 2097152 retry count 0
2019-10-01 15:45:44,306 [Thread-572] INFO  impl.FollowerState (FollowerState.java:run(106)) - 9f82fbf8-4fac-4532-8c36-3e6bef784ba1:group-16BC6866FE65 changes to CANDIDATE, lastRpcTime:1013, electionTimeout:1012ms
2019-10-01 15:45:44,306 [Thread-572] INFO  impl.RoleInfo (RoleInfo.java:shutdownFollowerState(121)) - 9f82fbf8-4fac-4532-8c36-3e6bef784ba1: shutdown FollowerState
2019-10-01 15:45:44,306 [Thread-572] INFO  impl.RaftServerImpl (RaftServerImpl.java:setRole(174)) - 9f82fbf8-4fac-4532-8c36-3e6bef784ba1@group-16BC6866FE65: changes role from  FOLLOWER to CANDIDATE at term 6 for changeToCandidate
2019-10-01 15:45:44,306 [Thread-572] INFO  impl.RoleInfo (RoleInfo.java:updateAndGet(143)) - 9f82fbf8-4fac-4532-8c36-3e6bef784ba1: start LeaderElection
2019-10-01 15:45:44,326 [Thread-578] INFO  impl.FollowerState (FollowerState.java:run(106)) - f1ba6add-ca0a-4791-abae-69f42b072e96:group-EB8B467BD4F1 changes to CANDIDATE, lastRpcTime:1008, electionTimeout:1008ms
2019-10-01 15:45:44,327 [Thread-578] INFO  impl.RoleInfo (RoleInfo.java:shutdownFollowerState(121)) - f1ba6add-ca0a-4791-abae-69f42b072e96: shutdown FollowerState
2019-10-01 15:45:44,327 [Thread-578] INFO  impl.RaftServerImpl (RaftServerImpl.java:setRole(174)) - f1ba6add-ca0a-4791-abae-69f42b072e96@group-EB8B467BD4F1: changes role from  FOLLOWER to CANDIDATE at term 6 for changeToCandidate
2019-10-01 15:45:44,327 [Thread-578] INFO  impl.RoleInfo (RoleInfo.java:updateAndGet(143)) - f1ba6add-ca0a-4791-abae-69f42b072e96: start LeaderElection
2019-10-01 15:45:44,336 [Thread-573] INFO  impl.FollowerState (FollowerState.java:run(106)) - c28b71e4-b935-41c8-abf7-7de4a956c002:group-EB8B467BD4F1 changes to CANDIDATE, lastRpcTime:1036, electionTimeout:1036ms
2019-10-01 15:45:44,336 [Thread-573] INFO  impl.RoleInfo (RoleInfo.java:shutdownFollowerState(121)) - c28b71e4-b935-41c8-abf7-7de4a956c002: shutdown FollowerState
2019-10-01 15:45:44,337 [Thread-573] INFO  impl.RaftServerImpl (RaftServerImpl.java:setRole(174)) - c28b71e4-b935-41c8-abf7-7de4a956c002@group-EB8B467BD4F1: changes role from  FOLLOWER to CANDIDATE at term 6 for changeToCandidate
2019-10-01 15:45:44,337 [Thread-573] INFO  impl.RoleInfo (RoleInfo.java:updateAndGet(143)) - c28b71e4-b935-41c8-abf7-7de4a956c002: start LeaderElection
2019-10-01 15:45:44,346 [Thread-576] INFO  impl.FollowerState (FollowerState.java:run(106)) - 5645e86d-f871-44bb-8607-ce62943605c0:group-16BC6866FE65 changes to CANDIDATE, lastRpcTime:1028, electionTimeout:1028ms
2019-10-01 15:45:44,346 [Thread-576] INFO  impl.RoleInfo (RoleInfo.java:shutdownFollowerState(121)) - 5645e86d-f871-44bb-8607-ce62943605c0: shutdown FollowerState
2019-10-01 15:45:44,346 [Thread-576] INFO  impl.RaftServerImpl (RaftServerImpl.java:setRole(174)) - 5645e86d-f871-44bb-8607-ce62943605c0@group-16BC6866FE65: changes role from  FOLLOWER to CANDIDATE at term 6 for changeToCandidate
2019-10-01 15:45:44,346 [Thread-576] INFO  impl.RoleInfo (RoleInfo.java:updateAndGet(143)) - 5645e86d-f871-44bb-8607-ce62943605c0: start LeaderElection
2019-10-01 15:45:44,374 [Thread-574] INFO  impl.FollowerState (FollowerState.java:run(106)) - 6faae4d1-92b7-4646-993b-67f152b9d621:group-EB8B467BD4F1 changes to CANDIDATE, lastRpcTime:1066, electionTimeout:1053ms
2019-10-01 15:45:44,374 [Thread-574] INFO  impl.RoleInfo (RoleInfo.java:shutdownFollowerState(121)) - 6faae4d1-92b7-4646-993b-67f152b9d621: shutdown FollowerState
2019-10-01 15:45:44,374 [Thread-574] INFO  impl.RaftServerImpl (RaftServerImpl.java:setRole(174)) - 6faae4d1-92b7-4646-993b-67f152b9d621@group-EB8B467BD4F1: changes role from  FOLLOWER to CANDIDATE at term 6 for changeToCandidate
2019-10-01 15:45:44,374 [Thread-574] INFO  impl.RoleInfo (RoleInfo.java:updateAndGet(143)) - 6faae4d1-92b7-4646-993b-67f152b9d621: start LeaderElection
2019-10-01 15:45:44,386 [Thread-579] INFO  impl.FollowerState (FollowerState.java:run(106)) - 17687ae8-18db-4cee-85ef-ee5e0f3bebbe:group-16BC6866FE65 changes to CANDIDATE, lastRpcTime:1067, electionTimeout:1067ms
2019-10-01 15:45:44,386 [Thread-579] INFO  impl.RoleInfo (RoleInfo.java:shutdownFollowerState(121)) - 17687ae8-18db-4cee-85ef-ee5e0f3bebbe: shutdown FollowerState
2019-10-01 15:45:44,386 [Thread-579] INFO  impl.RaftServerImpl (RaftServerImpl.java:setRole(174)) - 17687ae8-18db-4cee-85ef-ee5e0f3bebbe@group-16BC6866FE65: changes role from  FOLLOWER to CANDIDATE at term 6 for changeToCandidate
2019-10-01 15:45:44,394 [Thread-579] INFO  impl.RoleInfo (RoleInfo.java:updateAndGet(143)) - 17687ae8-18db-4cee-85ef-ee5e0f3bebbe: start LeaderElection
2019-10-01 15:45:44,413 [9f82fbf8-4fac-4532-8c36-3e6bef784ba1@group-16BC6866FE65:LeaderElection51] INFO  impl.LeaderElection (LeaderElection.java:askForVotes(182)) - 9f82fbf8-4fac-4532-8c36-3e6bef784ba1@group-16BC6866FE65:LeaderElection51: begin an election at term 7 for -1: [5645e86d-f871-44bb-8607-ce62943605c0:192.168.151.117:45277, 17687ae8-18db-4cee-85ef-ee5e0f3bebbe:192.168.151.117:44984, 9f82fbf8-4fac-4532-8c36-3e6bef784ba1:192.168.151.117:38577], old=null
2019-10-01 15:45:44,414 [f1ba6add-ca0a-4791-abae-69f42b072e96@group-EB8B467BD4F1:LeaderElection52] INFO  impl.LeaderElection (LeaderElection.java:askForVotes(182)) - f1ba6add-ca0a-4791-abae-69f42b072e96@group-EB8B467BD4F1:LeaderElection52: begin an election at term 7 for -1: [f1ba6add-ca0a-4791-abae-69f42b072e96:192.168.151.117:38270, 6faae4d1-92b7-4646-993b-67f152b9d621:192.168.151.117:41086, c28b71e4-b935-41c8-abf7-7de4a956c002:192.168.151.117:35347], old=null
2019-10-01 15:45:44,414 [17687ae8-18db-4cee-85ef-ee5e0f3bebbe@group-16BC6866FE65:LeaderElection56] INFO  impl.LeaderElection (LeaderElection.java:askForVotes(182)) - 17687ae8-18db-4cee-85ef-ee5e0f3bebbe@group-16BC6866FE65:LeaderElection56: begin an election at term 7 for -1: [5645e86d-f871-44bb-8607-ce62943605c0:192.168.151.117:45277, 17687ae8-18db-4cee-85ef-ee5e0f3bebbe:192.168.151.117:44984, 9f82fbf8-4fac-4532-8c36-3e6bef784ba1:192.168.151.117:38577], old=null
2019-10-01 15:45:44,414 [c28b71e4-b935-41c8-abf7-7de4a956c002@group-EB8B467BD4F1:LeaderElection53] INFO  impl.LeaderElection (LeaderElection.java:askForVotes(182)) - c28b71e4-b935-41c8-abf7-7de4a956c002@group-EB8B467BD4F1:LeaderElection53: begin an election at term 7 for -1: [f1ba6add-ca0a-4791-abae-69f42b072e96:192.168.151.117:38270, 6faae4d1-92b7-4646-993b-67f152b9d621:192.168.151.117:41086, c28b71e4-b935-41c8-abf7-7de4a956c002:192.168.151.117:35347], old=null
2019-10-01 15:45:44,414 [6faae4d1-92b7-4646-993b-67f152b9d621@group-EB8B467BD4F1:LeaderElection55] INFO  impl.LeaderElection (LeaderElection.java:askForVotes(182)) - 6faae4d1-92b7-4646-993b-67f152b9d621@group-EB8B467BD4F1:LeaderElection55: begin an election at term 7 for -1: [f1ba6add-ca0a-4791-abae-69f42b072e96:192.168.151.117:38270, 6faae4d1-92b7-4646-993b-67f152b9d621:192.168.151.117:41086, c28b71e4-b935-41c8-abf7-7de4a956c002:192.168.151.117:35347], old=null
2019-10-01 15:45:44,414 [5645e86d-f871-44bb-8607-ce62943605c0@group-16BC6866FE65:LeaderElection54] INFO  impl.LeaderElection (LeaderElection.java:askForVotes(182)) - 5645e86d-f871-44bb-8607-ce62943605c0@group-16BC6866FE65:LeaderElection54: begin an election at term 7 for -1: [5645e86d-f871-44bb-8607-ce62943605c0:192.168.151.117:45277, 17687ae8-18db-4cee-85ef-ee5e0f3bebbe:192.168.151.117:44984, 9f82fbf8-4fac-4532-8c36-3e6bef784ba1:192.168.151.117:38577], old=null
2019-10-01 15:45:44,440 [f1ba6add-ca0a-4791-abae-69f42b072e96@group-EB8B467BD4F1:LeaderElection52] INFO  impl.LeaderElection (LeaderElection.java:logAndReturn(56)) - f1ba6add-ca0a-4791-abae-69f42b072e96@group-EB8B467BD4F1:LeaderElection52: Election REJECTED; received 2 response(s) [f1ba6add-ca0a-4791-abae-69f42b072e96<-6faae4d1-92b7-4646-993b-67f152b9d621#0:FAIL-t7, f1ba6add-ca0a-4791-abae-69f42b072e96<-c28b71e4-b935-41c8-abf7-7de4a956c002#0:FAIL-t7] and 0 exception(s); f1ba6add-ca0a-4791-abae-69f42b072e96@group-EB8B467BD4F1:t7, leader=null, voted=f1ba6add-ca0a-4791-abae-69f42b072e96, raftlog=f1ba6add-ca0a-4791-abae-69f42b072e96@group-EB8B467BD4F1-SegmentedRaftLog:OPENED:c-1,f-1,i0, conf=-1: [f1ba6add-ca0a-4791-abae-69f42b072e96:192.168.151.117:38270, 6faae4d1-92b7-4646-993b-67f152b9d621:192.168.151.117:41086, c28b71e4-b935-41c8-abf7-7de4a956c002:192.168.151.117:35347], old=null
2019-10-01 15:45:44,458 [f1ba6add-ca0a-4791-abae-69f42b072e96@group-EB8B467BD4F1:LeaderElection52] INFO  impl.RaftServerImpl (RaftServerImpl.java:setRole(174)) - f1ba6add-ca0a-4791-abae-69f42b072e96@group-EB8B467BD4F1: changes role from CANDIDATE to FOLLOWER at term 7 for DISCOVERED_A_NEW_TERM
2019-10-01 15:45:44,458 [17687ae8-18db-4cee-85ef-ee5e0f3bebbe@group-16BC6866FE65:LeaderElection56] INFO  impl.LeaderElection (LeaderElection.java:logAndReturn(56)) - 17687ae8-18db-4cee-85ef-ee5e0f3bebbe@group-16BC6866FE65:LeaderElection56: Election REJECTED; received 2 response(s) [17687ae8-18db-4cee-85ef-ee5e0f3bebbe<-5645e86d-f871-44bb-8607-ce62943605c0#0:FAIL-t7, 17687ae8-18db-4cee-85ef-ee5e0f3bebbe<-9f82fbf8-4fac-4532-8c36-3e6bef784ba1#0:FAIL-t7] and 0 exception(s); 17687ae8-18db-4cee-85ef-ee5e0f3bebbe@group-16BC6866FE65:t7, leader=null, voted=17687ae8-18db-4cee-85ef-ee5e0f3bebbe, raftlog=17687ae8-18db-4cee-85ef-ee5e0f3bebbe@group-16BC6866FE65-SegmentedRaftLog:OPENED:c-1,f-1,i0, conf=-1: [5645e86d-f871-44bb-8607-ce62943605c0:192.168.151.117:45277, 17687ae8-18db-4cee-85ef-ee5e0f3bebbe:192.168.151.117:44984, 9f82fbf8-4fac-4532-8c36-3e6bef784ba1:192.168.151.117:38577], old=null
2019-10-01 15:45:44,458 [c28b71e4-b935-41c8-abf7-7de4a956c002@group-EB8B467BD4F1:LeaderElection53] INFO  impl.LeaderElection (LeaderElection.java:logAndReturn(56)) - c28b71e4-b935-41c8-abf7-7de4a956c002@group-EB8B467BD4F1:LeaderElection53: Election REJECTED; received 2 response(s) [c28b71e4-b935-41c8-abf7-7de4a956c002<-6faae4d1-92b7-4646-993b-67f152b9d621#0:FAIL-t7, c28b71e4-b935-41c8-abf7-7de4a956c002<-f1ba6add-ca0a-4791-abae-69f42b072e96#0:FAIL-t7] and 0 exception(s); c28b71e4-b935-41c8-abf7-7de4a956c002@group-EB8B467BD4F1:t7, leader=null, voted=c28b71e4-b935-41c8-abf7-7de4a956c002, raftlog=c28b71e4-b935-41c8-abf7-7de4a956c002@group-EB8B467BD4F1-SegmentedRaftLog:OPENED:c-1,f-1,i0, conf=-1: [f1ba6add-ca0a-4791-abae-69f42b072e96:192.168.151.117:38270, 6faae4d1-92b7-4646-993b-67f152b9d621:192.168.151.117:41086, c28b71e4-b935-41c8-abf7-7de4a956c002:192.168.151.117:35347], old=null
2019-10-01 15:45:44,458 [6faae4d1-92b7-4646-993b-67f152b9d621@group-EB8B467BD4F1:LeaderElection55] INFO  impl.LeaderElection (LeaderElection.java:logAndReturn(56)) - 6faae4d1-92b7-4646-993b-67f152b9d621@group-EB8B467BD4F1:LeaderElection55: Election REJECTED; received 2 response(s) [6faae4d1-92b7-4646-993b-67f152b9d621<-f1ba6add-ca0a-4791-abae-69f42b072e96#0:FAIL-t7, 6faae4d1-92b7-4646-993b-67f152b9d621<-c28b71e4-b935-41c8-abf7-7de4a956c002#0:FAIL-t7] and 0 exception(s); 6faae4d1-92b7-4646-993b-67f152b9d621@group-EB8B467BD4F1:t7, leader=null, voted=6faae4d1-92b7-4646-993b-67f152b9d621, raftlog=6faae4d1-92b7-4646-993b-67f152b9d621@group-EB8B467BD4F1-SegmentedRaftLog:OPENED:c-1,f-1,i0, conf=-1: [f1ba6add-ca0a-4791-abae-69f42b072e96:192.168.151.117:38270, 6faae4d1-92b7-4646-993b-67f152b9d621:192.168.151.117:41086, c28b71e4-b935-41c8-abf7-7de4a956c002:192.168.151.117:35347], old=null
2019-10-01 15:45:44,458 [5645e86d-f871-44bb-8607-ce62943605c0@group-16BC6866FE65:LeaderElection54] INFO  impl.LeaderElection (LeaderElection.java:logAndReturn(56)) - 5645e86d-f871-44bb-8607-ce62943605c0@group-16BC6866FE65:LeaderElection54: Election REJECTED; received 2 response(s) [5645e86d-f871-44bb-8607-ce62943605c0<-17687ae8-18db-4cee-85ef-ee5e0f3bebbe#0:FAIL-t7, 5645e86d-f871-44bb-8607-ce62943605c0<-9f82fbf8-4fac-4532-8c36-3e6bef784ba1#0:FAIL-t7] and 0 exception(s); 5645e86d-f871-44bb-8607-ce62943605c0@group-16BC6866FE65:t7, leader=null, voted=5645e86d-f871-44bb-8607-ce62943605c0, raftlog=5645e86d-f871-44bb-8607-ce62943605c0@group-16BC6866FE65-SegmentedRaftLog:OPENED:c-1,f-1,i0, conf=-1: [5645e86d-f871-44bb-8607-ce62943605c0:192.168.151.117:45277, 17687ae8-18db-4cee-85ef-ee5e0f3bebbe:192.168.151.117:44984, 9f82fbf8-4fac-4532-8c36-3e6bef784ba1:192.168.151.117:38577], old=null
2019-10-01 15:45:44,459 [6faae4d1-92b7-4646-993b-67f152b9d621@group-EB8B467BD4F1:LeaderElection55] INFO  impl.RaftServerImpl (RaftServerImpl.java:setRole(174)) - 6faae4d1-92b7-4646-993b-67f152b9d621@group-EB8B467BD4F1: changes role from CANDIDATE to FOLLOWER at term 7 for DISCOVERED_A_NEW_TERM
2019-10-01 15:45:44,458 [c28b71e4-b935-41c8-abf7-7de4a956c002@group-EB8B467BD4F1:LeaderElection53] INFO  impl.RaftServerImpl (RaftServerImpl.java:setRole(174)) - c28b71e4-b935-41c8-abf7-7de4a956c002@group-EB8B467BD4F1: changes role from CANDIDATE to FOLLOWER at term 7 for DISCOVERED_A_NEW_TERM
2019-10-01 15:45:44,458 [17687ae8-18db-4cee-85ef-ee5e0f3bebbe@group-16BC6866FE65:LeaderElection56] INFO  impl.RaftServerImpl (RaftServerImpl.java:setRole(174)) - 17687ae8-18db-4cee-85ef-ee5e0f3bebbe@group-16BC6866FE65: changes role from CANDIDATE to FOLLOWER at term 7 for DISCOVERED_A_NEW_TERM
2019-10-01 15:45:44,458 [9f82fbf8-4fac-4532-8c36-3e6bef784ba1@group-16BC6866FE65:LeaderElection51] INFO  impl.LeaderElection (LeaderElection.java:logAndReturn(56)) - 9f82fbf8-4fac-4532-8c36-3e6bef784ba1@group-16BC6866FE65:LeaderElection51: Election REJECTED; received 2 response(s) [9f82fbf8-4fac-4532-8c36-3e6bef784ba1<-5645e86d-f871-44bb-8607-ce62943605c0#0:FAIL-t7, 9f82fbf8-4fac-4532-8c36-3e6bef784ba1<-17687ae8-18db-4cee-85ef-ee5e0f3bebbe#0:FAIL-t7] and 0 exception(s); 9f82fbf8-4fac-4532-8c36-3e6bef784ba1@group-16BC6866FE65:t7, leader=null, voted=9f82fbf8-4fac-4532-8c36-3e6bef784ba1, raftlog=9f82fbf8-4fac-4532-8c36-3e6bef784ba1@group-16BC6866FE65-SegmentedRaftLog:OPENED:c-1,f-1,i0, conf=-1: [5645e86d-f871-44bb-8607-ce62943605c0:192.168.151.117:45277, 17687ae8-18db-4cee-85ef-ee5e0f3bebbe:192.168.151.117:44984, 9f82fbf8-4fac-4532-8c36-3e6bef784ba1:192.168.151.117:38577], old=null
2019-10-01 15:45:44,458 [f1ba6add-ca0a-4791-abae-69f42b072e96@group-EB8B467BD4F1:LeaderElection52] INFO  impl.RoleInfo (RoleInfo.java:shutdownLeaderElection(134)) - f1ba6add-ca0a-4791-abae-69f42b072e96: shutdown LeaderElection
2019-10-01 15:45:44,460 [9f82fbf8-4fac-4532-8c36-3e6bef784ba1@group-16BC6866FE65:LeaderElection51] INFO  impl.RaftServerImpl (RaftServerImpl.java:setRole(174)) - 9f82fbf8-4fac-4532-8c36-3e6bef784ba1@group-16BC6866FE65: changes role from CANDIDATE to FOLLOWER at term 7 for DISCOVERED_A_NEW_TERM
2019-10-01 15:45:44,459 [17687ae8-18db-4cee-85ef-ee5e0f3bebbe@group-16BC6866FE65:LeaderElection56] INFO  impl.RoleInfo (RoleInfo.java:shutdownLeaderElection(134)) - 17687ae8-18db-4cee-85ef-ee5e0f3bebbe: shutdown LeaderElection
2019-10-01 15:45:44,459 [c28b71e4-b935-41c8-abf7-7de4a956c002@group-EB8B467BD4F1:LeaderElection53] INFO  impl.RoleInfo (RoleInfo.java:shutdownLeaderElection(134)) - c28b71e4-b935-41c8-abf7-7de4a956c002: shutdown LeaderElection
2019-10-01 15:45:44,459 [6faae4d1-92b7-4646-993b-67f152b9d621@group-EB8B467BD4F1:LeaderElection55] INFO  impl.RoleInfo (RoleInfo.java:shutdownLeaderElection(134)) - 6faae4d1-92b7-4646-993b-67f152b9d621: shutdown LeaderElection
2019-10-01 15:45:44,459 [5645e86d-f871-44bb-8607-ce62943605c0@group-16BC6866FE65:LeaderElection54] INFO  impl.RaftServerImpl (RaftServerImpl.java:setRole(174)) - 5645e86d-f871-44bb-8607-ce62943605c0@group-16BC6866FE65: changes role from CANDIDATE to FOLLOWER at term 7 for DISCOVERED_A_NEW_TERM
2019-10-01 15:45:44,460 [6faae4d1-92b7-4646-993b-67f152b9d621@group-EB8B467BD4F1:LeaderElection55] INFO  impl.RoleInfo (RoleInfo.java:updateAndGet(143)) - 6faae4d1-92b7-4646-993b-67f152b9d621: start FollowerState
2019-10-01 15:45:44,460 [c28b71e4-b935-41c8-abf7-7de4a956c002@group-EB8B467BD4F1:LeaderElection53] INFO  impl.RoleInfo (RoleInfo.java:updateAndGet(143)) - c28b71e4-b935-41c8-abf7-7de4a956c002: start FollowerState
2019-10-01 15:45:44,460 [17687ae8-18db-4cee-85ef-ee5e0f3bebbe@group-16BC6866FE65:LeaderElection56] INFO  impl.RoleInfo (RoleInfo.java:updateAndGet(143)) - 17687ae8-18db-4cee-85ef-ee5e0f3bebbe: start FollowerState
2019-10-01 15:45:44,460 [f1ba6add-ca0a-4791-abae-69f42b072e96@group-EB8B467BD4F1:LeaderElection52] INFO  impl.RoleInfo (RoleInfo.java:updateAndGet(143)) - f1ba6add-ca0a-4791-abae-69f42b072e96: start FollowerState
2019-10-01 15:45:44,460 [9f82fbf8-4fac-4532-8c36-3e6bef784ba1@group-16BC6866FE65:LeaderElection51] INFO  impl.RoleInfo (RoleInfo.java:shutdownLeaderElection(134)) - 9f82fbf8-4fac-4532-8c36-3e6bef784ba1: shutdown LeaderElection
2019-10-01 15:45:44,460 [5645e86d-f871-44bb-8607-ce62943605c0@group-16BC6866FE65:LeaderElection54] INFO  impl.RoleInfo (RoleInfo.java:shutdownLeaderElection(134)) - 5645e86d-f871-44bb-8607-ce62943605c0: shutdown LeaderElection
2019-10-01 15:45:44,478 [5645e86d-f871-44bb-8607-ce62943605c0@group-16BC6866FE65:LeaderElection54] INFO  impl.RoleInfo (RoleInfo.java:updateAndGet(143)) - 5645e86d-f871-44bb-8607-ce62943605c0: start FollowerState
2019-10-01 15:45:44,478 [9f82fbf8-4fac-4532-8c36-3e6bef784ba1@group-16BC6866FE65:LeaderElection51] INFO  impl.RoleInfo (RoleInfo.java:updateAndGet(143)) - 9f82fbf8-4fac-4532-8c36-3e6bef784ba1: start FollowerState
2019-10-01 15:45:45,482 [Thread-610] INFO  impl.FollowerState (FollowerState.java:run(106)) - 6faae4d1-92b7-4646-993b-67f152b9d621:group-EB8B467BD4F1 changes to CANDIDATE, lastRpcTime:1021, electionTimeout:1003ms
2019-10-01 15:45:45,483 [Thread-610] INFO  impl.RoleInfo (RoleInfo.java:shutdownFollowerState(121)) - 6faae4d1-92b7-4646-993b-67f152b9d621: shutdown FollowerState
2019-10-01 15:45:45,483 [Thread-610] INFO  impl.RaftServerImpl (RaftServerImpl.java:setRole(174)) - 6faae4d1-92b7-4646-993b-67f152b9d621@group-EB8B467BD4F1: changes role from  FOLLOWER to CANDIDATE at term 7 for changeToCandidate
2019-10-01 15:45:45,483 [Thread-610] INFO  impl.RoleInfo (RoleInfo.java:updateAndGet(143)) - 6faae4d1-92b7-4646-993b-67f152b9d621: start LeaderElection
2019-10-01 15:45:45,496 [Thread-607] INFO  impl.FollowerState (FollowerState.java:run(106)) - f1ba6add-ca0a-4791-abae-69f42b072e96:group-EB8B467BD4F1 changes to CANDIDATE, lastRpcTime:1035, electionTimeout:1017ms
2019-10-01 15:45:45,496 [Thread-607] INFO  impl.RoleInfo (RoleInfo.java:shutdownFollowerState(121)) - f1ba6add-ca0a-4791-abae-69f42b072e96: shutdown FollowerState
2019-10-01 15:45:45,496 [Thread-607] INFO  impl.RaftServerImpl (RaftServerImpl.java:setRole(174)) - f1ba6add-ca0a-4791-abae-69f42b072e96@group-EB8B467BD4F1: changes role from  FOLLOWER to CANDIDATE at term 7 for changeToCandidate
2019-10-01 15:45:45,496 [Thread-607] INFO  impl.RoleInfo (RoleInfo.java:updateAndGet(143)) - f1ba6add-ca0a-4791-abae-69f42b072e96: start LeaderElection
2019-10-01 15:45:45,549 [Thread-609] INFO  impl.FollowerState (FollowerState.java:run(106)) - c28b71e4-b935-41c8-abf7-7de4a956c002:group-EB8B467BD4F1 changes to CANDIDATE, lastRpcTime:1088, electionTimeout:1070ms
2019-10-01 15:45:45,549 [Thread-609] INFO  impl.RoleInfo (RoleInfo.java:shutdownFollowerState(121)) - c28b71e4-b935-41c8-abf7-7de4a956c002: shutdown FollowerState
2019-10-01 15:45:45,549 [Thread-609] INFO  impl.RaftServerImpl (RaftServerImpl.java:setRole(174)) - c28b71e4-b935-41c8-abf7-7de4a956c002@group-EB8B467BD4F1: changes role from  FOLLOWER to CANDIDATE at term 7 for changeToCandidate
2019-10-01 15:45:45,550 [Thread-609] INFO  impl.RoleInfo (RoleInfo.java:updateAndGet(143)) - c28b71e4-b935-41c8-abf7-7de4a956c002: start LeaderElection
2019-10-01 15:45:45,552 [Thread-611] INFO  impl.FollowerState (FollowerState.java:run(106)) - 9f82fbf8-4fac-4532-8c36-3e6bef784ba1:group-16BC6866FE65 changes to CANDIDATE, lastRpcTime:1074, electionTimeout:1073ms
2019-10-01 15:45:45,553 [Thread-611] INFO  impl.RoleInfo (RoleInfo.java:shutdownFollowerState(121)) - 9f82fbf8-4fac-4532-8c36-3e6bef784ba1: shutdown FollowerState
2019-10-01 15:45:45,553 [Thread-611] INFO  impl.RaftServerImpl (RaftServerImpl.java:setRole(174)) - 9f82fbf8-4fac-4532-8c36-3e6bef784ba1@group-16BC6866FE65: changes role from  FOLLOWER to CANDIDATE at term 7 for changeToCandidate
2019-10-01 15:45:45,553 [Thread-611] INFO  impl.RoleInfo (RoleInfo.java:updateAndGet(143)) - 9f82fbf8-4fac-4532-8c36-3e6bef784ba1: start LeaderElection
2019-10-01 15:45:45,575 [6faae4d1-92b7-4646-993b-67f152b9d621@group-EB8B467BD4F1:LeaderElection57] INFO  impl.LeaderElection (LeaderElection.java:askForVotes(182)) - 6faae4d1-92b7-4646-993b-67f152b9d621@group-EB8B467BD4F1:LeaderElection57: begin an election at term 8 for -1: [f1ba6add-ca0a-4791-abae-69f42b072e96:192.168.151.117:38270, 6faae4d1-92b7-4646-993b-67f152b9d621:192.168.151.117:41086, c28b71e4-b935-41c8-abf7-7de4a956c002:192.168.151.117:35347], old=null
2019-10-01 15:45:45,602 [Thread-612] INFO  impl.FollowerState (FollowerState.java:run(106)) - 5645e86d-f871-44bb-8607-ce62943605c0:group-16BC6866FE65 changes to CANDIDATE, lastRpcTime:1123, electionTimeout:1122ms
2019-10-01 15:45:45,602 [Thread-612] INFO  impl.RoleInfo (RoleInfo.java:shutdownFollowerState(121)) - 5645e86d-f871-44bb-8607-ce62943605c0: shutdown FollowerState
2019-10-01 15:45:45,602 [Thread-612] INFO  impl.RaftServerImpl (RaftServerImpl.java:setRole(174)) - 5645e86d-f871-44bb-8607-ce62943605c0@group-16BC6866FE65: changes role from  FOLLOWER to CANDIDATE at term 7 for changeToCandidate
2019-10-01 15:45:45,602 [Thread-612] INFO  impl.RoleInfo (RoleInfo.java:updateAndGet(143)) - 5645e86d-f871-44bb-8607-ce62943605c0: start LeaderElection
2019-10-01 15:45:45,603 [c28b71e4-b935-41c8-abf7-7de4a956c002@group-EB8B467BD4F1:LeaderElection59] INFO  impl.LeaderElection (LeaderElection.java:askForVotes(182)) - c28b71e4-b935-41c8-abf7-7de4a956c002@group-EB8B467BD4F1:LeaderElection59: begin an election at term 8 for -1: [f1ba6add-ca0a-4791-abae-69f42b072e96:192.168.151.117:38270, 6faae4d1-92b7-4646-993b-67f152b9d621:192.168.151.117:41086, c28b71e4-b935-41c8-abf7-7de4a956c002:192.168.151.117:35347], old=null
2019-10-01 15:45:45,603 [9f82fbf8-4fac-4532-8c36-3e6bef784ba1@group-16BC6866FE65:LeaderElection60] INFO  impl.LeaderElection (LeaderElection.java:askForVotes(182)) - 9f82fbf8-4fac-4532-8c36-3e6bef784ba1@group-16BC6866FE65:LeaderElection60: begin an election at term 8 for -1: [5645e86d-f871-44bb-8607-ce62943605c0:192.168.151.117:45277, 17687ae8-18db-4cee-85ef-ee5e0f3bebbe:192.168.151.117:44984, 9f82fbf8-4fac-4532-8c36-3e6bef784ba1:192.168.151.117:38577], old=null
2019-10-01 15:45:45,603 [f1ba6add-ca0a-4791-abae-69f42b072e96@group-EB8B467BD4F1:LeaderElection58] INFO  impl.LeaderElection (LeaderElection.java:askForVotes(182)) - f1ba6add-ca0a-4791-abae-69f42b072e96@group-EB8B467BD4F1:LeaderElection58: begin an election at term 8 for -1: [f1ba6add-ca0a-4791-abae-69f42b072e96:192.168.151.117:38270, 6faae4d1-92b7-4646-993b-67f152b9d621:192.168.151.117:41086, c28b71e4-b935-41c8-abf7-7de4a956c002:192.168.151.117:35347], old=null
2019-10-01 15:45:45,605 [6faae4d1-92b7-4646-993b-67f152b9d621@group-EB8B467BD4F1:LeaderElection57] INFO  impl.LeaderElection (LeaderElection.java:logAndReturn(56)) - 6faae4d1-92b7-4646-993b-67f152b9d621@group-EB8B467BD4F1:LeaderElection57: Election REJECTED; received 2 response(s) [6faae4d1-92b7-4646-993b-67f152b9d621<-f1ba6add-ca0a-4791-abae-69f42b072e96#0:FAIL-t8, 6faae4d1-92b7-4646-993b-67f152b9d621<-c28b71e4-b935-41c8-abf7-7de4a956c002#0:FAIL-t8] and 0 exception(s); 6faae4d1-92b7-4646-993b-67f152b9d621@group-EB8B467BD4F1:t8, leader=null, voted=6faae4d1-92b7-4646-993b-67f152b9d621, raftlog=6faae4d1-92b7-4646-993b-67f152b9d621@group-EB8B467BD4F1-SegmentedRaftLog:OPENED:c-1,f-1,i0, conf=-1: [f1ba6add-ca0a-4791-abae-69f42b072e96:192.168.151.117:38270, 6faae4d1-92b7-4646-993b-67f152b9d621:192.168.151.117:41086, c28b71e4-b935-41c8-abf7-7de4a956c002:192.168.151.117:35347], old=null
2019-10-01 15:45:45,605 [6faae4d1-92b7-4646-993b-67f152b9d621@group-EB8B467BD4F1:LeaderElection57] INFO  impl.RaftServerImpl (RaftServerImpl.java:setRole(174)) - 6faae4d1-92b7-4646-993b-67f152b9d621@group-EB8B467BD4F1: changes role from CANDIDATE to FOLLOWER at term 8 for DISCOVERED_A_NEW_TERM
2019-10-01 15:45:45,605 [6faae4d1-92b7-4646-993b-67f152b9d621@group-EB8B467BD4F1:LeaderElection57] INFO  impl.RoleInfo (RoleInfo.java:shutdownLeaderElection(134)) - 6faae4d1-92b7-4646-993b-67f152b9d621: shutdown LeaderElection
2019-10-01 15:45:45,606 [6faae4d1-92b7-4646-993b-67f152b9d621@group-EB8B467BD4F1:LeaderElection57] INFO  impl.RoleInfo (RoleInfo.java:updateAndGet(143)) - 6faae4d1-92b7-4646-993b-67f152b9d621: start FollowerState
2019-10-01 15:45:45,608 [grpc-default-executor-4] INFO  impl.RaftServerImpl (RaftServerImpl.java:setRole(174)) - 17687ae8-18db-4cee-85ef-ee5e0f3bebbe@group-16BC6866FE65: changes role from  FOLLOWER to FOLLOWER at term 8 for recognizeCandidate:9f82fbf8-4fac-4532-8c36-3e6bef784ba1
2019-10-01 15:45:45,609 [grpc-default-executor-4] INFO  impl.RoleInfo (RoleInfo.java:shutdownFollowerState(121)) - 17687ae8-18db-4cee-85ef-ee5e0f3bebbe: shutdown FollowerState
2019-10-01 15:45:45,609 [c28b71e4-b935-41c8-abf7-7de4a956c002@group-EB8B467BD4F1:LeaderElection59] INFO  impl.LeaderElection (LeaderElection.java:logAndReturn(56)) - c28b71e4-b935-41c8-abf7-7de4a956c002@group-EB8B467BD4F1:LeaderElection59: Election REJECTED; received 2 response(s) [c28b71e4-b935-41c8-abf7-7de4a956c002<-6faae4d1-92b7-4646-993b-67f152b9d621#0:FAIL-t8, c28b71e4-b935-41c8-abf7-7de4a956c002<-f1ba6add-ca0a-4791-abae-69f42b072e96#0:FAIL-t8] and 0 exception(s); c28b71e4-b935-41c8-abf7-7de4a956c002@group-EB8B467BD4F1:t8, leader=null, voted=c28b71e4-b935-41c8-abf7-7de4a956c002, raftlog=c28b71e4-b935-41c8-abf7-7de4a956c002@group-EB8B467BD4F1-SegmentedRaftLog:OPENED:c-1,f-1,i0, conf=-1: [f1ba6add-ca0a-4791-abae-69f42b072e96:192.168.151.117:38270, 6faae4d1-92b7-4646-993b-67f152b9d621:192.168.151.117:41086, c28b71e4-b935-41c8-abf7-7de4a956c002:192.168.151.117:35347], old=null
2019-10-01 15:45:45,609 [Thread-608] INFO  impl.FollowerState (FollowerState.java:run(115)) - 17687ae8-18db-4cee-85ef-ee5e0f3bebbe: FollowerState was interrupted: java.lang.InterruptedException: sleep interrupted
2019-10-01 15:45:45,609 [grpc-default-executor-4] INFO  impl.RoleInfo (RoleInfo.java:updateAndGet(143)) - 17687ae8-18db-4cee-85ef-ee5e0f3bebbe: start FollowerState
2019-10-01 15:45:45,609 [c28b71e4-b935-41c8-abf7-7de4a956c002@group-EB8B467BD4F1:LeaderElection59] INFO  impl.RaftServerImpl (RaftServerImpl.java:setRole(174)) - c28b71e4-b935-41c8-abf7-7de4a956c002@group-EB8B467BD4F1: changes role from CANDIDATE to FOLLOWER at term 8 for DISCOVERED_A_NEW_TERM
2019-10-01 15:45:45,609 [c28b71e4-b935-41c8-abf7-7de4a956c002@group-EB8B467BD4F1:LeaderElection59] INFO  impl.RoleInfo (RoleInfo.java:shutdownLeaderElection(134)) - c28b71e4-b935-41c8-abf7-7de4a956c002: shutdown LeaderElection
2019-10-01 15:45:45,609 [c28b71e4-b935-41c8-abf7-7de4a956c002@group-EB8B467BD4F1:LeaderElection59] INFO  impl.RoleInfo (RoleInfo.java:updateAndGet(143)) - c28b71e4-b935-41c8-abf7-7de4a956c002: start FollowerState
2019-10-01 15:45:45,610 [f1ba6add-ca0a-4791-abae-69f42b072e96@group-EB8B467BD4F1:LeaderElection58] INFO  impl.LeaderElection (LeaderElection.java:logAndReturn(56)) - f1ba6add-ca0a-4791-abae-69f42b072e96@group-EB8B467BD4F1:LeaderElection58: Election REJECTED; received 2 response(s) [f1ba6add-ca0a-4791-abae-69f42b072e96<-6faae4d1-92b7-4646-993b-67f152b9d621#0:FAIL-t8, f1ba6add-ca0a-4791-abae-69f42b072e96<-c28b71e4-b935-41c8-abf7-7de4a956c002#0:FAIL-t8] and 0 exception(s); f1ba6add-ca0a-4791-abae-69f42b072e96@group-EB8B467BD4F1:t8, leader=null, voted=f1ba6add-ca0a-4791-abae-69f42b072e96, raftlog=f1ba6add-ca0a-4791-abae-69f42b072e96@group-EB8B467BD4F1-SegmentedRaftLog:OPENED:c-1,f-1,i0, conf=-1: [f1ba6add-ca0a-4791-abae-69f42b072e96:192.168.151.117:38270, 6faae4d1-92b7-4646-993b-67f152b9d621:192.168.151.117:41086, c28b71e4-b935-41c8-abf7-7de4a956c002:192.168.151.117:35347], old=null
2019-10-01 15:45:45,610 [f1ba6add-ca0a-4791-abae-69f42b072e96@group-EB8B467BD4F1:LeaderElection58] INFO  impl.RaftServerImpl (RaftServerImpl.java:setRole(174)) - f1ba6add-ca0a-4791-abae-69f42b072e96@group-EB8B467BD4F1: changes role from CANDIDATE to FOLLOWER at term 8 for DISCOVERED_A_NEW_TERM
2019-10-01 15:45:45,610 [f1ba6add-ca0a-4791-abae-69f42b072e96@group-EB8B467BD4F1:LeaderElection58] INFO  impl.RoleInfo (RoleInfo.java:shutdownLeaderElection(134)) - f1ba6add-ca0a-4791-abae-69f42b072e96: shutdown LeaderElection
2019-10-01 15:45:45,610 [f1ba6add-ca0a-4791-abae-69f42b072e96@group-EB8B467BD4F1:LeaderElection58] INFO  impl.RoleInfo (RoleInfo.java:updateAndGet(143)) - f1ba6add-ca0a-4791-abae-69f42b072e96: start FollowerState
2019-10-01 15:45:45,631 [5645e86d-f871-44bb-8607-ce62943605c0@group-16BC6866FE65:LeaderElection61] INFO  impl.LeaderElection (LeaderElection.java:askForVotes(182)) - 5645e86d-f871-44bb-8607-ce62943605c0@group-16BC6866FE65:LeaderElection61: begin an election at term 8 for -1: [5645e86d-f871-44bb-8607-ce62943605c0:192.168.151.117:45277, 17687ae8-18db-4cee-85ef-ee5e0f3bebbe:192.168.151.117:44984, 9f82fbf8-4fac-4532-8c36-3e6bef784ba1:192.168.151.117:38577], old=null
2019-10-01 15:45:45,632 [9f82fbf8-4fac-4532-8c36-3e6bef784ba1@group-16BC6866FE65:LeaderElection60] INFO  impl.LeaderElection (LeaderElection.java:logAndReturn(56)) - 9f82fbf8-4fac-4532-8c36-3e6bef784ba1@group-16BC6866FE65:LeaderElection60: Election PASSED; received 2 response(s) [9f82fbf8-4fac-4532-8c36-3e6bef784ba1<-5645e86d-f871-44bb-8607-ce62943605c0#0:FAIL-t8, 9f82fbf8-4fac-4532-8c36-3e6bef784ba1<-17687ae8-18db-4cee-85ef-ee5e0f3bebbe#0:OK-t8] and 0 exception(s); 9f82fbf8-4fac-4532-8c36-3e6bef784ba1@group-16BC6866FE65:t8, leader=null, voted=9f82fbf8-4fac-4532-8c36-3e6bef784ba1, raftlog=9f82fbf8-4fac-4532-8c36-3e6bef784ba1@group-16BC6866FE65-SegmentedRaftLog:OPENED:c-1,f-1,i0, conf=-1: [5645e86d-f871-44bb-8607-ce62943605c0:192.168.151.117:45277, 17687ae8-18db-4cee-85ef-ee5e0f3bebbe:192.168.151.117:44984, 9f82fbf8-4fac-4532-8c36-3e6bef784ba1:192.168.151.117:38577], old=null
2019-10-01 15:45:45,633 [9f82fbf8-4fac-4532-8c36-3e6bef784ba1@group-16BC6866FE65:LeaderElection60] INFO  impl.RoleInfo (RoleInfo.java:shutdownLeaderElection(134)) - 9f82fbf8-4fac-4532-8c36-3e6bef784ba1: shutdown LeaderElection
2019-10-01 15:45:45,633 [9f82fbf8-4fac-4532-8c36-3e6bef784ba1@group-16BC6866FE65:LeaderElection60] INFO  impl.RaftServerImpl (RaftServerImpl.java:setRole(174)) - 9f82fbf8-4fac-4532-8c36-3e6bef784ba1@group-16BC6866FE65: changes role from CANDIDATE to LEADER at term 8 for changeToLeader
2019-10-01 15:45:45,633 [9f82fbf8-4fac-4532-8c36-3e6bef784ba1@group-16BC6866FE65:LeaderElection60] INFO  impl.RaftServerImpl (ServerState.java:setLeader(253)) - 9f82fbf8-4fac-4532-8c36-3e6bef784ba1@group-16BC6866FE65: change Leader from null to 9f82fbf8-4fac-4532-8c36-3e6bef784ba1 at term 8 for becomeLeader, leader elected after 12130ms
2019-10-01 15:45:45,633 [9f82fbf8-4fac-4532-8c36-3e6bef784ba1@group-16BC6866FE65:LeaderElection60] INFO  server.RaftServerConfigKeys (ConfUtils.java:logGet(43)) - raft.server.staging.catchup.gap = 1000 (default)
2019-10-01 15:45:45,633 [9f82fbf8-4fac-4532-8c36-3e6bef784ba1@group-16BC6866FE65:LeaderElection60] INFO  server.RaftServerConfigKeys (ConfUtils.java:logGet(43)) - raft.server.rpc.sleep.time = 25ms (default)
2019-10-01 15:45:45,633 [9f82fbf8-4fac-4532-8c36-3e6bef784ba1@group-16BC6866FE65:LeaderElection60] INFO  server.RaftServerConfigKeys (ConfUtils.java:logGet(43)) - raft.server.write.element-limit = 4096 (default)
2019-10-01 15:45:45,634 [9f82fbf8-4fac-4532-8c36-3e6bef784ba1@group-16BC6866FE65:LeaderElection60] INFO  server.RaftServerConfigKeys (ConfUtils.java:logGet(43)) - raft.server.watch.timeout = 10s (default)
2019-10-01 15:45:45,634 [9f82fbf8-4fac-4532-8c36-3e6bef784ba1@group-16BC6866FE65:LeaderElection60] INFO  server.RaftServerConfigKeys (ConfUtils.java:logGet(43)) - raft.server.watch.timeout.denomination = 1s (default)
2019-10-01 15:45:45,634 [9f82fbf8-4fac-4532-8c36-3e6bef784ba1@group-16BC6866FE65:LeaderElection60] INFO  server.RaftServerConfigKeys (ConfUtils.java:logGet(43)) - raft.server.watch.element-limit = 65536 (default)
2019-10-01 15:45:45,637 [9f82fbf8-4fac-4532-8c36-3e6bef784ba1@group-16BC6866FE65:LeaderElection60] INFO  server.RaftServerConfigKeys (ConfUtils.java:logGet(43)) - raft.server.log.appender.snapshot.chunk.size.max = 16MB (=16777216) (default)
2019-10-01 15:45:45,637 [9f82fbf8-4fac-4532-8c36-3e6bef784ba1@group-16BC6866FE65:LeaderElection60] INFO  server.RaftServerConfigKeys (ConfUtils.java:logGet(43)) - raft.server.log.appender.buffer.byte-limit = 33554432 (custom)
2019-10-01 15:45:45,637 [9f82fbf8-4fac-4532-8c36-3e6bef784ba1@group-16BC6866FE65:LeaderElection60] INFO  server.RaftServerConfigKeys (ConfUtils.java:logGet(43)) - raft.server.log.appender.buffer.element-limit = 1 (custom)
2019-10-01 15:45:45,637 [9f82fbf8-4fac-4532-8c36-3e6bef784ba1@group-16BC6866FE65:LeaderElection60] INFO  grpc.GrpcConfigKeys$Server (ConfUtils.java:logGet(43)) - raft.grpc.server.leader.outstanding.appends.max = 128 (default)
2019-10-01 15:45:45,638 [9f82fbf8-4fac-4532-8c36-3e6bef784ba1@group-16BC6866FE65:LeaderElection60] INFO  server.RaftServerConfigKeys (ConfUtils.java:logGet(43)) - raft.server.rpc.request.timeout = 3000ms (default)
2019-10-01 15:45:45,638 [9f82fbf8-4fac-4532-8c36-3e6bef784ba1@group-16BC6866FE65:LeaderElection60] INFO  server.RaftServerConfigKeys (ConfUtils.java:logGet(43)) - raft.server.log.appender.install.snapshot.enabled = false (custom)
2019-10-01 15:45:45,638 [9f82fbf8-4fac-4532-8c36-3e6bef784ba1@group-16BC6866FE65:LeaderElection60] INFO  server.RaftServerConfigKeys (ConfUtils.java:logGet(43)) - raft.server.log.appender.snapshot.chunk.size.max = 16MB (=16777216) (default)
2019-10-01 15:45:45,638 [9f82fbf8-4fac-4532-8c36-3e6bef784ba1@group-16BC6866FE65:LeaderElection60] INFO  server.RaftServerConfigKeys (ConfUtils.java:logGet(43)) - raft.server.log.appender.buffer.byte-limit = 33554432 (custom)
2019-10-01 15:45:45,638 [9f82fbf8-4fac-4532-8c36-3e6bef784ba1@group-16BC6866FE65:LeaderElection60] INFO  server.RaftServerConfigKeys (ConfUtils.java:logGet(43)) - raft.server.log.appender.buffer.element-limit = 1 (custom)
2019-10-01 15:45:45,638 [9f82fbf8-4fac-4532-8c36-3e6bef784ba1@group-16BC6866FE65:LeaderElection60] INFO  grpc.GrpcConfigKeys$Server (ConfUtils.java:logGet(43)) - raft.grpc.server.leader.outstanding.appends.max = 128 (default)
2019-10-01 15:45:45,639 [9f82fbf8-4fac-4532-8c36-3e6bef784ba1@group-16BC6866FE65:LeaderElection60] INFO  server.RaftServerConfigKeys (ConfUtils.java:logGet(43)) - raft.server.rpc.request.timeout = 3000ms (default)
2019-10-01 15:45:45,639 [9f82fbf8-4fac-4532-8c36-3e6bef784ba1@group-16BC6866FE65:LeaderElection60] INFO  server.RaftServerConfigKeys (ConfUtils.java:logGet(43)) - raft.server.log.appender.install.snapshot.enabled = false (custom)
2019-10-01 15:45:45,639 [9f82fbf8-4fac-4532-8c36-3e6bef784ba1@group-16BC6866FE65:LeaderElection60] INFO  impl.RoleInfo (RoleInfo.java:updateAndGet(143)) - 9f82fbf8-4fac-4532-8c36-3e6bef784ba1: start LeaderState
2019-10-01 15:45:45,640 [9f82fbf8-4fac-4532-8c36-3e6bef784ba1@group-16BC6866FE65:LeaderElection60] INFO  segmented.SegmentedRaftLogWorker (SegmentedRaftLogWorker.java:startLogSegment(380)) - 9f82fbf8-4fac-4532-8c36-3e6bef784ba1@group-16BC6866FE65-SegmentedRaftLogWorker: Starting segment from index:0
2019-10-01 15:45:45,640 [9f82fbf8-4fac-4532-8c36-3e6bef784ba1@group-16BC6866FE65:LeaderElection60] INFO  impl.RaftServerImpl (ServerState.java:setRaftConf(354)) - 9f82fbf8-4fac-4532-8c36-3e6bef784ba1@group-16BC6866FE65: set configuration 0: [5645e86d-f871-44bb-8607-ce62943605c0:192.168.151.117:45277, 17687ae8-18db-4cee-85ef-ee5e0f3bebbe:192.168.151.117:44984, 9f82fbf8-4fac-4532-8c36-3e6bef784ba1:192.168.151.117:38577], old=null at 0
2019-10-01 15:45:45,670 [grpc-default-executor-4] INFO  impl.RaftServerImpl (RaftServerImpl.java:requestVote(758)) - 9f82fbf8-4fac-4532-8c36-3e6bef784ba1@group-16BC6866FE65-   LEADER: Withhold vote from candidate 5645e86d-f871-44bb-8607-ce62943605c0 with term 8. State: leader=9f82fbf8-4fac-4532-8c36-3e6bef784ba1, term=8, lastRpcElapsed=null
2019-10-01 15:45:45,672 [5645e86d-f871-44bb-8607-ce62943605c0@group-16BC6866FE65:LeaderElection61] INFO  impl.LeaderElection (LeaderElection.java:logAndReturn(56)) - 5645e86d-f871-44bb-8607-ce62943605c0@group-16BC6866FE65:LeaderElection61: Election REJECTED; received 2 response(s) [5645e86d-f871-44bb-8607-ce62943605c0<-17687ae8-18db-4cee-85ef-ee5e0f3bebbe#0:FAIL-t8, 5645e86d-f871-44bb-8607-ce62943605c0<-9f82fbf8-4fac-4532-8c36-3e6bef784ba1#0:FAIL-t8] and 0 exception(s); 5645e86d-f871-44bb-8607-ce62943605c0@group-16BC6866FE65:t8, leader=null, voted=5645e86d-f871-44bb-8607-ce62943605c0, raftlog=5645e86d-f871-44bb-8607-ce62943605c0@group-16BC6866FE65-SegmentedRaftLog:OPENED:c-1,f-1,i0, conf=-1: [5645e86d-f871-44bb-8607-ce62943605c0:192.168.151.117:45277, 17687ae8-18db-4cee-85ef-ee5e0f3bebbe:192.168.151.117:44984, 9f82fbf8-4fac-4532-8c36-3e6bef784ba1:192.168.151.117:38577], old=null
2019-10-01 15:45:45,672 [grpc-default-executor-3] INFO  impl.RaftServerImpl (ServerState.java:setLeader(253)) - 17687ae8-18db-4cee-85ef-ee5e0f3bebbe@group-16BC6866FE65: change Leader from null to 9f82fbf8-4fac-4532-8c36-3e6bef784ba1 at term 8 for appendEntries, leader elected after 12168ms
2019-10-01 15:45:45,673 [grpc-default-executor-7] INFO  impl.RaftServerImpl (RaftServerImpl.java:setRole(174)) - 5645e86d-f871-44bb-8607-ce62943605c0@group-16BC6866FE65: changes role from CANDIDATE to FOLLOWER at term 8 for appendEntries
2019-10-01 15:45:45,673 [grpc-default-executor-7] INFO  impl.RoleInfo (RoleInfo.java:shutdownLeaderElection(134)) - 5645e86d-f871-44bb-8607-ce62943605c0: shutdown LeaderElection
2019-10-01 15:45:45,673 [grpc-default-executor-7] INFO  impl.RoleInfo (RoleInfo.java:updateAndGet(143)) - 5645e86d-f871-44bb-8607-ce62943605c0: start FollowerState
2019-10-01 15:45:45,674 [grpc-default-executor-7] INFO  impl.RaftServerImpl (ServerState.java:setLeader(253)) - 5645e86d-f871-44bb-8607-ce62943605c0@group-16BC6866FE65: change Leader from null to 9f82fbf8-4fac-4532-8c36-3e6bef784ba1 at term 8 for appendEntries, leader elected after 12169ms
2019-10-01 15:45:45,676 [grpc-default-executor-7] INFO  impl.RaftServerImpl (ServerState.java:setRaftConf(354)) - 17687ae8-18db-4cee-85ef-ee5e0f3bebbe@group-16BC6866FE65: set configuration 0: [5645e86d-f871-44bb-8607-ce62943605c0:192.168.151.117:45277, 17687ae8-18db-4cee-85ef-ee5e0f3bebbe:192.168.151.117:44984, 9f82fbf8-4fac-4532-8c36-3e6bef784ba1:192.168.151.117:38577], old=null at 0
2019-10-01 15:45:45,677 [grpc-default-executor-7] INFO  segmented.SegmentedRaftLogWorker (SegmentedRaftLogWorker.java:startLogSegment(380)) - 17687ae8-18db-4cee-85ef-ee5e0f3bebbe@group-16BC6866FE65-SegmentedRaftLogWorker: Starting segment from index:0
2019-10-01 15:45:45,677 [grpc-default-executor-3] INFO  impl.RaftServerImpl (ServerState.java:setRaftConf(354)) - 5645e86d-f871-44bb-8607-ce62943605c0@group-16BC6866FE65: set configuration 0: [5645e86d-f871-44bb-8607-ce62943605c0:192.168.151.117:45277, 17687ae8-18db-4cee-85ef-ee5e0f3bebbe:192.168.151.117:44984, 9f82fbf8-4fac-4532-8c36-3e6bef784ba1:192.168.151.117:38577], old=null at 0
2019-10-01 15:45:45,677 [grpc-default-executor-3] INFO  segmented.SegmentedRaftLogWorker (SegmentedRaftLogWorker.java:startLogSegment(380)) - 5645e86d-f871-44bb-8607-ce62943605c0@group-16BC6866FE65-SegmentedRaftLogWorker: Starting segment from index:0
2019-10-01 15:45:45,709 [9f82fbf8-4fac-4532-8c36-3e6bef784ba1@group-16BC6866FE65-SegmentedRaftLogWorker] INFO  segmented.SegmentedRaftLogWorker (SegmentedRaftLogWorker.java:execute(569)) - 9f82fbf8-4fac-4532-8c36-3e6bef784ba1@group-16BC6866FE65-SegmentedRaftLogWorker: created new log segment /workdir/hadoop-ozone/integration-test/target/test-dir/MiniOzoneClusterImpl-9b1271a8-4299-44cb-bbfb-3eebcf11b219/datanode-0/data/ratis/d7aef175-6e8b-4a87-a1e4-16bc6866fe65/current/log_inprogress_0
2019-10-01 15:45:45,724 [5645e86d-f871-44bb-8607-ce62943605c0@group-16BC6866FE65-SegmentedRaftLogWorker] INFO  segmented.SegmentedRaftLogWorker (SegmentedRaftLogWorker.java:execute(569)) - 5645e86d-f871-44bb-8607-ce62943605c0@group-16BC6866FE65-SegmentedRaftLogWorker: created new log segment /workdir/hadoop-ozone/integration-test/target/test-dir/MiniOzoneClusterImpl-9b1271a8-4299-44cb-bbfb-3eebcf11b219/datanode-5/data/ratis/d7aef175-6e8b-4a87-a1e4-16bc6866fe65/current/log_inprogress_0
2019-10-01 15:45:45,724 [17687ae8-18db-4cee-85ef-ee5e0f3bebbe@group-16BC6866FE65-SegmentedRaftLogWorker] INFO  segmented.SegmentedRaftLogWorker (SegmentedRaftLogWorker.java:execute(569)) - 17687ae8-18db-4cee-85ef-ee5e0f3bebbe@group-16BC6866FE65-SegmentedRaftLogWorker: created new log segment /workdir/hadoop-ozone/integration-test/target/test-dir/MiniOzoneClusterImpl-9b1271a8-4299-44cb-bbfb-3eebcf11b219/datanode-7/data/ratis/d7aef175-6e8b-4a87-a1e4-16bc6866fe65/current/log_inprogress_0
2019-10-01 15:45:46,616 [Thread-635] INFO  impl.FollowerState (FollowerState.java:run(106)) - f1ba6add-ca0a-4791-abae-69f42b072e96:group-EB8B467BD4F1 changes to CANDIDATE, lastRpcTime:1005, electionTimeout:1005ms
2019-10-01 15:45:46,616 [Thread-635] INFO  impl.RoleInfo (RoleInfo.java:shutdownFollowerState(121)) - f1ba6add-ca0a-4791-abae-69f42b072e96: shutdown FollowerState
2019-10-01 15:45:46,617 [Thread-635] INFO  impl.RaftServerImpl (RaftServerImpl.java:setRole(174)) - f1ba6add-ca0a-4791-abae-69f42b072e96@group-EB8B467BD4F1: changes role from  FOLLOWER to CANDIDATE at term 8 for changeToCandidate
2019-10-01 15:45:46,617 [Thread-635] INFO  impl.RoleInfo (RoleInfo.java:updateAndGet(143)) - f1ba6add-ca0a-4791-abae-69f42b072e96: start LeaderElection
2019-10-01 15:45:46,672 [Thread-632] INFO  impl.FollowerState (FollowerState.java:run(106)) - 6faae4d1-92b7-4646-993b-67f152b9d621:group-EB8B467BD4F1 changes to CANDIDATE, lastRpcTime:1066, electionTimeout:1066ms
2019-10-01 15:45:46,672 [Thread-632] INFO  impl.RoleInfo (RoleInfo.java:shutdownFollowerState(121)) - 6faae4d1-92b7-4646-993b-67f152b9d621: shutdown FollowerState
2019-10-01 15:45:46,673 [Thread-632] INFO  impl.RaftServerImpl (RaftServerImpl.java:setRole(174)) - 6faae4d1-92b7-4646-993b-67f152b9d621@group-EB8B467BD4F1: changes role from  FOLLOWER to CANDIDATE at term 8 for changeToCandidate
2019-10-01 15:45:46,673 [Thread-632] INFO  impl.RoleInfo (RoleInfo.java:updateAndGet(143)) - 6faae4d1-92b7-4646-993b-67f152b9d621: start LeaderElection
2019-10-01 15:45:46,720 [f1ba6add-ca0a-4791-abae-69f42b072e96@group-EB8B467BD4F1:LeaderElection62] INFO  impl.LeaderElection (LeaderElection.java:askForVotes(182)) - f1ba6add-ca0a-4791-abae-69f42b072e96@group-EB8B467BD4F1:LeaderElection62: begin an election at term 9 for -1: [f1ba6add-ca0a-4791-abae-69f42b072e96:192.168.151.117:38270, 6faae4d1-92b7-4646-993b-67f152b9d621:192.168.151.117:41086, c28b71e4-b935-41c8-abf7-7de4a956c002:192.168.151.117:35347], old=null
2019-10-01 15:45:46,721 [6faae4d1-92b7-4646-993b-67f152b9d621@group-EB8B467BD4F1:LeaderElection63] INFO  impl.LeaderElection (LeaderElection.java:askForVotes(182)) - 6faae4d1-92b7-4646-993b-67f152b9d621@group-EB8B467BD4F1:LeaderElection63: begin an election at term 9 for -1: [f1ba6add-ca0a-4791-abae-69f42b072e96:192.168.151.117:38270, 6faae4d1-92b7-4646-993b-67f152b9d621:192.168.151.117:41086, c28b71e4-b935-41c8-abf7-7de4a956c002:192.168.151.117:35347], old=null
2019-10-01 15:45:46,727 [grpc-default-executor-3] INFO  impl.RaftServerImpl (RaftServerImpl.java:setRole(174)) - c28b71e4-b935-41c8-abf7-7de4a956c002@group-EB8B467BD4F1: changes role from  FOLLOWER to FOLLOWER at term 9 for recognizeCandidate:f1ba6add-ca0a-4791-abae-69f42b072e96
2019-10-01 15:45:46,727 [grpc-default-executor-3] INFO  impl.RoleInfo (RoleInfo.java:shutdownFollowerState(121)) - c28b71e4-b935-41c8-abf7-7de4a956c002: shutdown FollowerState
2019-10-01 15:45:46,728 [grpc-default-executor-3] INFO  impl.RoleInfo (RoleInfo.java:updateAndGet(143)) - c28b71e4-b935-41c8-abf7-7de4a956c002: start FollowerState
2019-10-01 15:45:46,728 [Thread-634] INFO  impl.FollowerState (FollowerState.java:run(115)) - c28b71e4-b935-41c8-abf7-7de4a956c002: FollowerState was interrupted: java.lang.InterruptedException: sleep interrupted
2019-10-01 15:45:46,743 [f1ba6add-ca0a-4791-abae-69f42b072e96@group-EB8B467BD4F1:LeaderElection62] INFO  impl.LeaderElection (LeaderElection.java:logAndReturn(56)) - f1ba6add-ca0a-4791-abae-69f42b072e96@group-EB8B467BD4F1:LeaderElection62: Election PASSED; received 2 response(s) [f1ba6add-ca0a-4791-abae-69f42b072e96<-6faae4d1-92b7-4646-993b-67f152b9d621#0:FAIL-t9, f1ba6add-ca0a-4791-abae-69f42b072e96<-c28b71e4-b935-41c8-abf7-7de4a956c002#0:OK-t9] and 0 exception(s); f1ba6add-ca0a-4791-abae-69f42b072e96@group-EB8B467BD4F1:t9, leader=null, voted=f1ba6add-ca0a-4791-abae-69f42b072e96, raftlog=f1ba6add-ca0a-4791-abae-69f42b072e96@group-EB8B467BD4F1-SegmentedRaftLog:OPENED:c-1,f-1,i0, conf=-1: [f1ba6add-ca0a-4791-abae-69f42b072e96:192.168.151.117:38270, 6faae4d1-92b7-4646-993b-67f152b9d621:192.168.151.117:41086, c28b71e4-b935-41c8-abf7-7de4a956c002:192.168.151.117:35347], old=null
2019-10-01 15:45:46,743 [6faae4d1-92b7-4646-993b-67f152b9d621@group-EB8B467BD4F1:LeaderElection63] INFO  impl.LeaderElection (LeaderElection.java:logAndReturn(56)) - 6faae4d1-92b7-4646-993b-67f152b9d621@group-EB8B467BD4F1:LeaderElection63: Election REJECTED; received 2 response(s) [6faae4d1-92b7-4646-993b-67f152b9d621<-f1ba6add-ca0a-4791-abae-69f42b072e96#0:FAIL-t9, 6faae4d1-92b7-4646-993b-67f152b9d621<-c28b71e4-b935-41c8-abf7-7de4a956c002#0:FAIL-t9] and 0 exception(s); 6faae4d1-92b7-4646-993b-67f152b9d621@group-EB8B467BD4F1:t9, leader=null, voted=6faae4d1-92b7-4646-993b-67f152b9d621, raftlog=6faae4d1-92b7-4646-993b-67f152b9d621@group-EB8B467BD4F1-SegmentedRaftLog:OPENED:c-1,f-1,i0, conf=-1: [f1ba6add-ca0a-4791-abae-69f42b072e96:192.168.151.117:38270, 6faae4d1-92b7-4646-993b-67f152b9d621:192.168.151.117:41086, c28b71e4-b935-41c8-abf7-7de4a956c002:192.168.151.117:35347], old=null
2019-10-01 15:45:46,743 [f1ba6add-ca0a-4791-abae-69f42b072e96@group-EB8B467BD4F1:LeaderElection62] INFO  impl.RoleInfo (RoleInfo.java:shutdownLeaderElection(134)) - f1ba6add-ca0a-4791-abae-69f42b072e96: shutdown LeaderElection
2019-10-01 15:45:46,744 [6faae4d1-92b7-4646-993b-67f152b9d621@group-EB8B467BD4F1:LeaderElection63] INFO  impl.RaftServerImpl (RaftServerImpl.java:setRole(174)) - 6faae4d1-92b7-4646-993b-67f152b9d621@group-EB8B467BD4F1: changes role from CANDIDATE to FOLLOWER at term 9 for DISCOVERED_A_NEW_TERM
2019-10-01 15:45:46,744 [6faae4d1-92b7-4646-993b-67f152b9d621@group-EB8B467BD4F1:LeaderElection63] INFO  impl.RoleInfo (RoleInfo.java:shutdownLeaderElection(134)) - 6faae4d1-92b7-4646-993b-67f152b9d621: shutdown LeaderElection
2019-10-01 15:45:46,744 [f1ba6add-ca0a-4791-abae-69f42b072e96@group-EB8B467BD4F1:LeaderElection62] INFO  impl.RaftServerImpl (RaftServerImpl.java:setRole(174)) - f1ba6add-ca0a-4791-abae-69f42b072e96@group-EB8B467BD4F1: changes role from CANDIDATE to LEADER at term 9 for changeToLeader
2019-10-01 15:45:46,744 [6faae4d1-92b7-4646-993b-67f152b9d621@group-EB8B467BD4F1:LeaderElection63] INFO  impl.RoleInfo (RoleInfo.java:updateAndGet(143)) - 6faae4d1-92b7-4646-993b-67f152b9d621: start FollowerState
2019-10-01 15:45:46,744 [f1ba6add-ca0a-4791-abae-69f42b072e96@group-EB8B467BD4F1:LeaderElection62] INFO  impl.RaftServerImpl (ServerState.java:setLeader(253)) - f1ba6add-ca0a-4791-abae-69f42b072e96@group-EB8B467BD4F1: change Leader from null to f1ba6add-ca0a-4791-abae-69f42b072e96 at term 9 for becomeLeader, leader elected after 13135ms
2019-10-01 15:45:46,744 [f1ba6add-ca0a-4791-abae-69f42b072e96@group-EB8B467BD4F1:LeaderElection62] INFO  server.RaftServerConfigKeys (ConfUtils.java:logGet(43)) - raft.server.staging.catchup.gap = 1000 (default)
2019-10-01 15:45:46,744 [f1ba6add-ca0a-4791-abae-69f42b072e96@group-EB8B467BD4F1:LeaderElection62] INFO  server.RaftServerConfigKeys (ConfUtils.java:logGet(43)) - raft.server.rpc.sleep.time = 25ms (default)
2019-10-01 15:45:46,745 [f1ba6add-ca0a-4791-abae-69f42b072e96@group-EB8B467BD4F1:LeaderElection62] INFO  server.RaftServerConfigKeys (ConfUtils.java:logGet(43)) - raft.server.write.element-limit = 4096 (default)
2019-10-01 15:45:46,745 [f1ba6add-ca0a-4791-abae-69f42b072e96@group-EB8B467BD4F1:LeaderElection62] INFO  server.RaftServerConfigKeys (ConfUtils.java:logGet(43)) - raft.server.watch.timeout = 10s (default)
2019-10-01 15:45:46,745 [f1ba6add-ca0a-4791-abae-69f42b072e96@group-EB8B467BD4F1:LeaderElection62] INFO  server.RaftServerConfigKeys (ConfUtils.java:logGet(43)) - raft.server.watch.timeout.denomination = 1s (default)
2019-10-01 15:45:46,745 [f1ba6add-ca0a-4791-abae-69f42b072e96@group-EB8B467BD4F1:LeaderElection62] INFO  server.RaftServerConfigKeys (ConfUtils.java:logGet(43)) - raft.server.watch.element-limit = 65536 (default)
2019-10-01 15:45:46,748 [f1ba6add-ca0a-4791-abae-69f42b072e96@group-EB8B467BD4F1:LeaderElection62] INFO  server.RaftServerConfigKeys (ConfUtils.java:logGet(43)) - raft.server.log.appender.snapshot.chunk.size.max = 16MB (=16777216) (default)
2019-10-01 15:45:46,748 [f1ba6add-ca0a-4791-abae-69f42b072e96@group-EB8B467BD4F1:LeaderElection62] INFO  server.RaftServerConfigKeys (ConfUtils.java:logGet(43)) - raft.server.log.appender.buffer.byte-limit = 33554432 (custom)
2019-10-01 15:45:46,748 [f1ba6add-ca0a-4791-abae-69f42b072e96@group-EB8B467BD4F1:LeaderElection62] INFO  server.RaftServerConfigKeys (ConfUtils.java:logGet(43)) - raft.server.log.appender.buffer.element-limit = 1 (custom)
2019-10-01 15:45:46,748 [f1ba6add-ca0a-4791-abae-69f42b072e96@group-EB8B467BD4F1:LeaderElection62] INFO  grpc.GrpcConfigKeys$Server (ConfUtils.java:logGet(43)) - raft.grpc.server.leader.outstanding.appends.max = 128 (default)
2019-10-01 15:45:46,748 [f1ba6add-ca0a-4791-abae-69f42b072e96@group-EB8B467BD4F1:LeaderElection62] INFO  server.RaftServerConfigKeys (ConfUtils.java:logGet(43)) - raft.server.rpc.request.timeout = 3000ms (default)
2019-10-01 15:45:46,749 [f1ba6add-ca0a-4791-abae-69f42b072e96@group-EB8B467BD4F1:LeaderElection62] INFO  server.RaftServerConfigKeys (ConfUtils.java:logGet(43)) - raft.server.log.appender.install.snapshot.enabled = false (custom)
2019-10-01 15:45:46,749 [f1ba6add-ca0a-4791-abae-69f42b072e96@group-EB8B467BD4F1:LeaderElection62] INFO  server.RaftServerConfigKeys (ConfUtils.java:logGet(43)) - raft.server.log.appender.snapshot.chunk.size.max = 16MB (=16777216) (default)
2019-10-01 15:45:46,749 [f1ba6add-ca0a-4791-abae-69f42b072e96@group-EB8B467BD4F1:LeaderElection62] INFO  server.RaftServerConfigKeys (ConfUtils.java:logGet(43)) - raft.server.log.appender.buffer.byte-limit = 33554432 (custom)
2019-10-01 15:45:46,749 [f1ba6add-ca0a-4791-abae-69f42b072e96@group-EB8B467BD4F1:LeaderElection62] INFO  server.RaftServerConfigKeys (ConfUtils.java:logGet(43)) - raft.server.log.appender.buffer.element-limit = 1 (custom)
2019-10-01 15:45:46,749 [f1ba6add-ca0a-4791-abae-69f42b072e96@group-EB8B467BD4F1:LeaderElection62] INFO  grpc.GrpcConfigKeys$Server (ConfUtils.java:logGet(43)) - raft.grpc.server.leader.outstanding.appends.max = 128 (default)
2019-10-01 15:45:46,749 [f1ba6add-ca0a-4791-abae-69f42b072e96@group-EB8B467BD4F1:LeaderElection62] INFO  server.RaftServerConfigKeys (ConfUtils.java:logGet(43)) - raft.server.rpc.request.timeout = 3000ms (default)
2019-10-01 15:45:46,749 [f1ba6add-ca0a-4791-abae-69f42b072e96@group-EB8B467BD4F1:LeaderElection62] INFO  server.RaftServerConfigKeys (ConfUtils.java:logGet(43)) - raft.server.log.appender.install.snapshot.enabled = false (custom)
2019-10-01 15:45:46,750 [f1ba6add-ca0a-4791-abae-69f42b072e96@group-EB8B467BD4F1:LeaderElection62] INFO  impl.RoleInfo (RoleInfo.java:updateAndGet(143)) - f1ba6add-ca0a-4791-abae-69f42b072e96: start LeaderState
2019-10-01 15:45:46,750 [f1ba6add-ca0a-4791-abae-69f42b072e96@group-EB8B467BD4F1:LeaderElection62] INFO  segmented.SegmentedRaftLogWorker (SegmentedRaftLogWorker.java:startLogSegment(380)) - f1ba6add-ca0a-4791-abae-69f42b072e96@group-EB8B467BD4F1-SegmentedRaftLogWorker: Starting segment from index:0
2019-10-01 15:45:46,751 [f1ba6add-ca0a-4791-abae-69f42b072e96@group-EB8B467BD4F1:LeaderElection62] INFO  impl.RaftServerImpl (ServerState.java:setRaftConf(354)) - f1ba6add-ca0a-4791-abae-69f42b072e96@group-EB8B467BD4F1: set configuration 0: [f1ba6add-ca0a-4791-abae-69f42b072e96:192.168.151.117:38270, 6faae4d1-92b7-4646-993b-67f152b9d621:192.168.151.117:41086, c28b71e4-b935-41c8-abf7-7de4a956c002:192.168.151.117:35347], old=null at 0
2019-10-01 15:45:46,781 [grpc-default-executor-3] INFO  impl.RaftServerImpl (ServerState.java:setLeader(253)) - 6faae4d1-92b7-4646-993b-67f152b9d621@group-EB8B467BD4F1: change Leader from null to f1ba6add-ca0a-4791-abae-69f42b072e96 at term 9 for appendEntries, leader elected after 13172ms
2019-10-01 15:45:46,781 [grpc-default-executor-5] INFO  impl.RaftServerImpl (ServerState.java:setLeader(253)) - c28b71e4-b935-41c8-abf7-7de4a956c002@group-EB8B467BD4F1: change Leader from null to f1ba6add-ca0a-4791-abae-69f42b072e96 at term 9 for appendEntries, leader elected after 13172ms
2019-10-01 15:45:46,783 [grpc-default-executor-3] INFO  impl.RaftServerImpl (ServerState.java:setRaftConf(354)) - c28b71e4-b935-41c8-abf7-7de4a956c002@group-EB8B467BD4F1: set configuration 0: [f1ba6add-ca0a-4791-abae-69f42b072e96:192.168.151.117:38270, 6faae4d1-92b7-4646-993b-67f152b9d621:192.168.151.117:41086, c28b71e4-b935-41c8-abf7-7de4a956c002:192.168.151.117:35347], old=null at 0
2019-10-01 15:45:46,784 [grpc-default-executor-5] INFO  impl.RaftServerImpl (ServerState.java:setRaftConf(354)) - 6faae4d1-92b7-4646-993b-67f152b9d621@group-EB8B467BD4F1: set configuration 0: [f1ba6add-ca0a-4791-abae-69f42b072e96:192.168.151.117:38270, 6faae4d1-92b7-4646-993b-67f152b9d621:192.168.151.117:41086, c28b71e4-b935-41c8-abf7-7de4a956c002:192.168.151.117:35347], old=null at 0
2019-10-01 15:45:46,784 [grpc-default-executor-3] INFO  segmented.SegmentedRaftLogWorker (SegmentedRaftLogWorker.java:startLogSegment(380)) - c28b71e4-b935-41c8-abf7-7de4a956c002@group-EB8B467BD4F1-SegmentedRaftLogWorker: Starting segment from index:0
2019-10-01 15:45:46,784 [grpc-default-executor-5] INFO  segmented.SegmentedRaftLogWorker (SegmentedRaftLogWorker.java:startLogSegment(380)) - 6faae4d1-92b7-4646-993b-67f152b9d621@group-EB8B467BD4F1-SegmentedRaftLogWorker: Starting segment from index:0
2019-10-01 15:45:46,794 [f1ba6add-ca0a-4791-abae-69f42b072e96@group-EB8B467BD4F1-SegmentedRaftLogWorker] INFO  segmented.SegmentedRaftLogWorker (SegmentedRaftLogWorker.java:execute(569)) - f1ba6add-ca0a-4791-abae-69f42b072e96@group-EB8B467BD4F1-SegmentedRaftLogWorker: created new log segment /workdir/hadoop-ozone/integration-test/target/test-dir/MiniOzoneClusterImpl-9b1271a8-4299-44cb-bbfb-3eebcf11b219/datanode-3/data/ratis/da6b8813-e072-4946-b557-eb8b467bd4f1/current/log_inprogress_0
2019-10-01 15:45:46,826 [6faae4d1-92b7-4646-993b-67f152b9d621@group-EB8B467BD4F1-SegmentedRaftLogWorker] INFO  segmented.SegmentedRaftLogWorker (SegmentedRaftLogWorker.java:execute(569)) - 6faae4d1-92b7-4646-993b-67f152b9d621@group-EB8B467BD4F1-SegmentedRaftLogWorker: created new log segment /workdir/hadoop-ozone/integration-test/target/test-dir/MiniOzoneClusterImpl-9b1271a8-4299-44cb-bbfb-3eebcf11b219/datanode-2/data/ratis/da6b8813-e072-4946-b557-eb8b467bd4f1/current/log_inprogress_0
2019-10-01 15:45:46,826 [c28b71e4-b935-41c8-abf7-7de4a956c002@group-EB8B467BD4F1-SegmentedRaftLogWorker] INFO  segmented.SegmentedRaftLogWorker (SegmentedRaftLogWorker.java:execute(569)) - c28b71e4-b935-41c8-abf7-7de4a956c002@group-EB8B467BD4F1-SegmentedRaftLogWorker: created new log segment /workdir/hadoop-ozone/integration-test/target/test-dir/MiniOzoneClusterImpl-9b1271a8-4299-44cb-bbfb-3eebcf11b219/datanode-8/data/ratis/da6b8813-e072-4946-b557-eb8b467bd4f1/current/log_inprogress_0
2019-10-01 15:45:48,008 [main] INFO  ozone.MiniOzoneClusterImpl (MiniOzoneClusterImpl.java:shutdown(314)) - Shutting down the Mini Ozone Cluster
2019-10-01 15:45:48,008 [main] INFO  ozone.MiniOzoneClusterImpl (MiniOzoneClusterImpl.java:stop(330)) - Stopping the Mini Ozone Cluster
2019-10-01 15:45:48,008 [main] INFO  ozone.MiniOzoneClusterImpl (MiniOzoneClusterImpl.java:stopOM(400)) - Stopping the OzoneManager
2019-10-01 15:45:48,009 [main] INFO  ipc.Server (Server.java:stop(3082)) - Stopping server on 43200
2019-10-01 15:45:48,009 [IPC Server listener on 43200] INFO  ipc.Server (Server.java:run(1185)) - Stopping IPC Server listener on 43200
2019-10-01 15:45:48,010 [main] INFO  ratis.OzoneManagerDoubleBuffer (OzoneManagerDoubleBuffer.java:stop(248)) - Stopping OMDoubleBuffer flush thread
2019-10-01 15:45:48,011 [IPC Server Responder] INFO  ipc.Server (Server.java:run(1319)) - Stopping IPC Server Responder
2019-10-01 15:45:48,011 [OMDoubleBufferFlushThread] INFO  ratis.OzoneManagerDoubleBuffer (OzoneManagerDoubleBuffer.java:flushTransactions(191)) - OMDoubleBuffer flush thread OMDoubleBufferFlushThread is interrupted and will exit. OMDoubleBufferFlushThread
2019-10-01 15:45:48,012 [main] INFO  utils.BackgroundService (BackgroundService.java:shutdown(148)) - Shutting down service KeyDeletingService
2019-10-01 15:45:48,015 [main] INFO  handler.ContextHandler (ContextHandler.java:doStop(910)) - Stopped o.e.j.w.WebAppContext@af78c87{/,null,UNAVAILABLE}{/ozoneManager}
2019-10-01 15:45:48,022 [main] INFO  server.AbstractConnector (AbstractConnector.java:doStop(318)) - Stopped ServerConnector@773dab28{HTTP/1.1,[http/1.1]}{0.0.0.0:0}
2019-10-01 15:45:48,022 [main] INFO  handler.ContextHandler (ContextHandler.java:doStop(910)) - Stopped o.e.j.s.ServletContextHandler@4cafa9aa{/static,file:///workdir/hadoop-ozone/integration-test/target/test-classes/webapps/static,UNAVAILABLE}
2019-10-01 15:45:48,023 [main] INFO  handler.ContextHandler (ContextHandler.java:doStop(910)) - Stopped o.e.j.s.ServletContextHandler@963176{/logs,file:///workdir/hadoop-ozone/integration-test/target/log,UNAVAILABLE}
2019-10-01 15:45:48,027 [main] INFO  ozone.MiniOzoneClusterImpl (MiniOzoneClusterImpl.java:stopDatanodes(377)) - Stopping the HddsDatanodes
2019-10-01 15:45:48,120 [Datanode State Machine Thread - 0] INFO  statemachine.DatanodeStateMachine (DatanodeStateMachine.java:lambda$startDaemon$0(350)) - Ozone container server started.
2019-10-01 15:45:48,491 [Datanode State Machine Thread - 0] INFO  statemachine.DatanodeStateMachine (DatanodeStateMachine.java:lambda$startDaemon$0(350)) - Ozone container server started.
2019-10-01 15:45:53,030 [main] INFO  ozoneimpl.OzoneContainer (OzoneContainer.java:stop(231)) - Attempting to stop container services.
2019-10-01 15:45:53,030 [ForkJoinPool.commonPool-worker-0] INFO  ozoneimpl.OzoneContainer (OzoneContainer.java:stop(231)) - Attempting to stop container services.
2019-10-01 15:45:53,031 [main] INFO  impl.RaftServerProxy (RaftServerProxy.java:lambda$close$4(314)) - 5645e86d-f871-44bb-8607-ce62943605c0: close
2019-10-01 15:45:53,031 [ForkJoinPool.commonPool-worker-0] INFO  impl.RaftServerProxy (RaftServerProxy.java:lambda$close$4(314)) - 6faae4d1-92b7-4646-993b-67f152b9d621: close
2019-10-01 15:45:53,033 [main] INFO  impl.RaftServerImpl (RaftServerImpl.java:lambda$shutdown$3(251)) - 5645e86d-f871-44bb-8607-ce62943605c0@group-16BC6866FE65: shutdown
2019-10-01 15:45:53,033 [ForkJoinPool.commonPool-worker-0] INFO  impl.RaftServerImpl (RaftServerImpl.java:lambda$shutdown$3(251)) - 6faae4d1-92b7-4646-993b-67f152b9d621@group-256AA083550A: shutdown
2019-10-01 15:45:53,033 [main] INFO  util.JmxRegister (JmxRegister.java:unregister(73)) - Successfully un-registered JMX Bean with object name Ratis:service=RaftServer,group=group-16BC6866FE65,id=5645e86d-f871-44bb-8607-ce62943605c0
2019-10-01 15:45:53,033 [ForkJoinPool.commonPool-worker-0] INFO  util.JmxRegister (JmxRegister.java:unregister(73)) - Successfully un-registered JMX Bean with object name Ratis:service=RaftServer,group=group-256AA083550A,id=6faae4d1-92b7-4646-993b-67f152b9d621
2019-10-01 15:45:53,034 [main] INFO  impl.RoleInfo (RoleInfo.java:shutdownFollowerState(121)) - 5645e86d-f871-44bb-8607-ce62943605c0: shutdown FollowerState
2019-10-01 15:45:53,034 [ForkJoinPool.commonPool-worker-0] INFO  impl.RoleInfo (RoleInfo.java:shutdownLeaderState(104)) - 6faae4d1-92b7-4646-993b-67f152b9d621: shutdown LeaderState
2019-10-01 15:45:53,035 [Thread-644] INFO  impl.FollowerState (FollowerState.java:run(115)) - 5645e86d-f871-44bb-8607-ce62943605c0: FollowerState was interrupted: java.lang.InterruptedException: sleep interrupted
2019-10-01 15:45:53,034 [main] INFO  impl.StateMachineUpdater (StateMachineUpdater.java:stopAndJoin(125)) - 5645e86d-f871-44bb-8607-ce62943605c0@group-16BC6866FE65-StateMachineUpdater: set stopIndex = 0
2019-10-01 15:45:53,035 [ForkJoinPool.commonPool-worker-0] INFO  impl.PendingRequests (PendingRequests.java:sendNotLeaderResponses(202)) - 6faae4d1-92b7-4646-993b-67f152b9d621-PendingRequests: sendNotLeaderResponses
2019-10-01 15:45:53,035 [main] INFO  impl.RaftServerImpl (ServerState.java:close(385)) - 5645e86d-f871-44bb-8607-ce62943605c0@group-16BC6866FE65: closes. applyIndex: 0
2019-10-01 15:45:53,038 [ForkJoinPool.commonPool-worker-0] INFO  impl.StateMachineUpdater (StateMachineUpdater.java:stopAndJoin(125)) - 6faae4d1-92b7-4646-993b-67f152b9d621@group-256AA083550A-StateMachineUpdater: set stopIndex = 0
2019-10-01 15:45:53,041 [5645e86d-f871-44bb-8607-ce62943605c0@group-16BC6866FE65-SegmentedRaftLogWorker] INFO  segmented.SegmentedRaftLogWorker (SegmentedRaftLogWorker.java:run(313)) - 5645e86d-f871-44bb-8607-ce62943605c0@group-16BC6866FE65-SegmentedRaftLogWorker was interrupted, exiting. There are 0 tasks remaining in the queue.
2019-10-01 15:45:53,041 [ForkJoinPool.commonPool-worker-0] INFO  impl.RaftServerImpl (ServerState.java:close(385)) - 6faae4d1-92b7-4646-993b-67f152b9d621@group-256AA083550A: closes. applyIndex: 0
2019-10-01 15:45:53,043 [main] INFO  segmented.SegmentedRaftLogWorker (SegmentedRaftLogWorker.java:close(228)) - 5645e86d-f871-44bb-8607-ce62943605c0@group-16BC6866FE65-SegmentedRaftLogWorker close()
2019-10-01 15:45:53,043 [6faae4d1-92b7-4646-993b-67f152b9d621@group-256AA083550A-SegmentedRaftLogWorker] INFO  segmented.SegmentedRaftLogWorker (SegmentedRaftLogWorker.java:run(313)) - 6faae4d1-92b7-4646-993b-67f152b9d621@group-256AA083550A-SegmentedRaftLogWorker was interrupted, exiting. There are 0 tasks remaining in the queue.
2019-10-01 15:45:53,047 [main] INFO  impl.RaftServerImpl (RaftServerImpl.java:lambda$shutdown$3(251)) - 5645e86d-f871-44bb-8607-ce62943605c0@group-120AF86B047F: shutdown
2019-10-01 15:45:53,049 [ForkJoinPool.commonPool-worker-0] INFO  segmented.SegmentedRaftLogWorker (SegmentedRaftLogWorker.java:close(228)) - 6faae4d1-92b7-4646-993b-67f152b9d621@group-256AA083550A-SegmentedRaftLogWorker close()
2019-10-01 15:45:53,049 [main] INFO  util.JmxRegister (JmxRegister.java:unregister(73)) - Successfully un-registered JMX Bean with object name Ratis:service=RaftServer,group=group-120AF86B047F,id=5645e86d-f871-44bb-8607-ce62943605c0
2019-10-01 15:45:53,053 [ForkJoinPool.commonPool-worker-0] INFO  impl.RaftServerImpl (RaftServerImpl.java:lambda$shutdown$3(251)) - 6faae4d1-92b7-4646-993b-67f152b9d621@group-EB8B467BD4F1: shutdown
2019-10-01 15:45:53,053 [main] INFO  impl.RoleInfo (RoleInfo.java:shutdownLeaderState(104)) - 5645e86d-f871-44bb-8607-ce62943605c0: shutdown LeaderState
2019-10-01 15:45:53,053 [ForkJoinPool.commonPool-worker-0] INFO  util.JmxRegister (JmxRegister.java:unregister(73)) - Successfully un-registered JMX Bean with object name Ratis:service=RaftServer,group=group-EB8B467BD4F1,id=6faae4d1-92b7-4646-993b-67f152b9d621
2019-10-01 15:45:53,054 [main] INFO  impl.PendingRequests (PendingRequests.java:sendNotLeaderResponses(202)) - 5645e86d-f871-44bb-8607-ce62943605c0-PendingRequests: sendNotLeaderResponses
2019-10-01 15:45:53,056 [ForkJoinPool.commonPool-worker-0] INFO  impl.RoleInfo (RoleInfo.java:shutdownFollowerState(121)) - 6faae4d1-92b7-4646-993b-67f152b9d621: shutdown FollowerState
2019-10-01 15:45:53,056 [main] INFO  impl.StateMachineUpdater (StateMachineUpdater.java:stopAndJoin(125)) - 5645e86d-f871-44bb-8607-ce62943605c0@group-120AF86B047F-StateMachineUpdater: set stopIndex = 0
2019-10-01 15:45:53,057 [main] INFO  impl.RaftServerImpl (ServerState.java:close(385)) - 5645e86d-f871-44bb-8607-ce62943605c0@group-120AF86B047F: closes. applyIndex: 0
2019-10-01 15:45:53,057 [6faae4d1-92b7-4646-993b-67f152b9d621@group-EB8B467BD4F1-StateMachineUpdater] INFO  ratis.ContainerStateMachine (ContainerStateMachine.java:takeSnapshot(289)) - group-EB8B467BD4F1: Taking a snapshot at:(t:9, i:17) file /workdir/hadoop-ozone/integration-test/target/test-dir/MiniOzoneClusterImpl-9b1271a8-4299-44cb-bbfb-3eebcf11b219/datanode-2/data/ratis/da6b8813-e072-4946-b557-eb8b467bd4f1/sm/snapshot.9_17
2019-10-01 15:45:53,057 [Thread-663] INFO  impl.FollowerState (FollowerState.java:run(115)) - 6faae4d1-92b7-4646-993b-67f152b9d621: FollowerState was interrupted: java.lang.InterruptedException: sleep interrupted
2019-10-01 15:45:53,056 [ForkJoinPool.commonPool-worker-0] INFO  impl.StateMachineUpdater (StateMachineUpdater.java:stopAndJoin(125)) - 6faae4d1-92b7-4646-993b-67f152b9d621@group-EB8B467BD4F1-StateMachineUpdater: set stopIndex = 19
2019-10-01 15:45:53,057 [5645e86d-f871-44bb-8607-ce62943605c0@group-120AF86B047F-SegmentedRaftLogWorker] INFO  segmented.SegmentedRaftLogWorker (SegmentedRaftLogWorker.java:run(313)) - 5645e86d-f871-44bb-8607-ce62943605c0@group-120AF86B047F-SegmentedRaftLogWorker was interrupted, exiting. There are 0 tasks remaining in the queue.
2019-10-01 15:45:53,060 [main] INFO  segmented.SegmentedRaftLogWorker (SegmentedRaftLogWorker.java:close(228)) - 5645e86d-f871-44bb-8607-ce62943605c0@group-120AF86B047F-SegmentedRaftLogWorker close()
2019-10-01 15:45:53,064 [main] INFO  server.GrpcService (GrpcService.java:closeImpl(164)) - 5645e86d-f871-44bb-8607-ce62943605c0: shutdown server with port 45277 now
2019-10-01 15:45:53,073 [main] INFO  server.GrpcService (GrpcService.java:closeImpl(172)) - 5645e86d-f871-44bb-8607-ce62943605c0: shutdown server with port 45277 successfully
2019-10-01 15:45:53,074 [grpc-default-executor-4] WARN  server.GrpcServerProtocolService (LogUtils.java:warn(134)) - 5645e86d-f871-44bb-8607-ce62943605c0: installSnapshot onError, lastRequest: 9f82fbf8-4fac-4532-8c36-3e6bef784ba1->5645e86d-f871-44bb-8607-ce62943605c0#15-t8, previous=(t:8, i:0), leaderCommit=0, initializing? false, entries: <empty>: org.apache.ratis.thirdparty.io.grpc.StatusRuntimeException: CANCELLED: cancelled before receiving half close
2019-10-01 15:45:53,075 [grpc-default-executor-7] WARN  server.GrpcLogAppender (LogUtils.java:warn(134)) - 9f82fbf8-4fac-4532-8c36-3e6bef784ba1@group-16BC6866FE65->5645e86d-f871-44bb-8607-ce62943605c0-AppendLogResponseHandler: Failed appendEntries: org.apache.ratis.thirdparty.io.grpc.StatusRuntimeException: CANCELLED: HTTP/2 error code: CANCEL
Received Rst Stream
2019-10-01 15:45:53,078 [refreshUsed-/workdir/hadoop-ozone/integration-test/target/test-dir/MiniOzoneClusterImpl-9b1271a8-4299-44cb-bbfb-3eebcf11b219/datanode-5/data/containers] WARN  fs.CachingGetSpaceUsed (CachingGetSpaceUsed.java:run(183)) - Thread Interrupted waiting to refresh disk information: sleep interrupted
2019-10-01 15:45:53,081 [grpc-default-executor-7] INFO  impl.FollowerInfo (FollowerInfo.java:lambda$new$0(51)) - 9f82fbf8-4fac-4532-8c36-3e6bef784ba1@group-16BC6866FE65->5645e86d-f871-44bb-8607-ce62943605c0: nextIndex: updateUnconditionally 1 -> 0
2019-10-01 15:45:53,099 [main] INFO  utils.BackgroundService (BackgroundService.java:shutdown(148)) - Shutting down service BlockDeletingService
2019-10-01 15:45:53,105 [main] INFO  statemachine.DatanodeStateMachine (DatanodeStateMachine.java:stopDaemon(395)) - Ozone container server stopped.
2019-10-01 15:45:53,107 [main] INFO  handler.ContextHandler (ContextHandler.java:doStop(910)) - Stopped o.e.j.w.WebAppContext@7ab34619{/,null,UNAVAILABLE}{/hddsDatanode}
2019-10-01 15:45:53,108 [main] INFO  server.AbstractConnector (AbstractConnector.java:doStop(318)) - Stopped ServerConnector@ae2db25{HTTP/1.1,[http/1.1]}{0.0.0.0:0}
2019-10-01 15:45:53,108 [main] INFO  handler.ContextHandler (ContextHandler.java:doStop(910)) - Stopped o.e.j.s.ServletContextHandler@b887730{/static,jar:file:/home/user/.m2/repository/org/apache/hadoop/hadoop-hdds-container-service/0.5.0-SNAPSHOT/hadoop-hdds-container-service-0.5.0-SNAPSHOT.jar!/webapps/static,UNAVAILABLE}
2019-10-01 15:45:53,109 [main] INFO  handler.ContextHandler (ContextHandler.java:doStop(910)) - Stopped o.e.j.s.ServletContextHandler@181d8899{/logs,file:///workdir/hadoop-ozone/integration-test/target/log,UNAVAILABLE}
2019-10-01 15:45:53,166 [6faae4d1-92b7-4646-993b-67f152b9d621@group-EB8B467BD4F1-StateMachineUpdater] INFO  ratis.ContainerStateMachine (ContainerStateMachine.java:takeSnapshot(300)) - group-EB8B467BD4F1: Finished taking a snapshot at:(t:9, i:17) file:/workdir/hadoop-ozone/integration-test/target/test-dir/MiniOzoneClusterImpl-9b1271a8-4299-44cb-bbfb-3eebcf11b219/datanode-2/data/ratis/da6b8813-e072-4946-b557-eb8b467bd4f1/sm/snapshot.9_17 time:110
2019-10-01 15:45:53,168 [6faae4d1-92b7-4646-993b-67f152b9d621@group-EB8B467BD4F1-StateMachineUpdater] INFO  impl.StateMachineUpdater (StateMachineUpdater.java:takeSnapshot(258)) - 6faae4d1-92b7-4646-993b-67f152b9d621@group-EB8B467BD4F1-StateMachineUpdater: Took a snapshot at index 17
2019-10-01 15:45:53,169 [6faae4d1-92b7-4646-993b-67f152b9d621@group-EB8B467BD4F1-StateMachineUpdater] INFO  impl.StateMachineUpdater (StateMachineUpdater.java:lambda$new$0(83)) - 6faae4d1-92b7-4646-993b-67f152b9d621@group-EB8B467BD4F1-StateMachineUpdater: snapshotIndex: updateIncreasingly -1 -> 17
2019-10-01 15:45:53,173 [6faae4d1-92b7-4646-993b-67f152b9d621@group-EB8B467BD4F1-StateMachineUpdater] INFO  ratis.ContainerStateMachine (ContainerStateMachine.java:takeSnapshot(289)) - group-EB8B467BD4F1: Taking a snapshot at:(t:9, i:17) file /workdir/hadoop-ozone/integration-test/target/test-dir/MiniOzoneClusterImpl-9b1271a8-4299-44cb-bbfb-3eebcf11b219/datanode-2/data/ratis/da6b8813-e072-4946-b557-eb8b467bd4f1/sm/snapshot.9_17
2019-10-01 15:45:53,186 [6faae4d1-92b7-4646-993b-67f152b9d621@group-EB8B467BD4F1-StateMachineUpdater] INFO  ratis.ContainerStateMachine (ContainerStateMachine.java:takeSnapshot(300)) - group-EB8B467BD4F1: Finished taking a snapshot at:(t:9, i:17) file:/workdir/hadoop-ozone/integration-test/target/test-dir/MiniOzoneClusterImpl-9b1271a8-4299-44cb-bbfb-3eebcf11b219/datanode-2/data/ratis/da6b8813-e072-4946-b557-eb8b467bd4f1/sm/snapshot.9_17 time:13
2019-10-01 15:45:53,186 [6faae4d1-92b7-4646-993b-67f152b9d621@group-EB8B467BD4F1-StateMachineUpdater] INFO  impl.StateMachineUpdater (StateMachineUpdater.java:takeSnapshot(258)) - 6faae4d1-92b7-4646-993b-67f152b9d621@group-EB8B467BD4F1-StateMachineUpdater: Took a snapshot at index 17
2019-10-01 15:45:53,186 [6faae4d1-92b7-4646-993b-67f152b9d621@group-EB8B467BD4F1-StateMachineUpdater] INFO  impl.StateMachineUpdater (StateMachineUpdater.java:lambda$new$0(83)) - 6faae4d1-92b7-4646-993b-67f152b9d621@group-EB8B467BD4F1-StateMachineUpdater: snapshotIndex: updateIncreasingly 17 -> 17
2019-10-01 15:45:53,186 [ForkJoinPool.commonPool-worker-0] INFO  impl.RaftServerImpl (ServerState.java:close(385)) - 6faae4d1-92b7-4646-993b-67f152b9d621@group-EB8B467BD4F1: closes. applyIndex: 19
2019-10-01 15:45:53,187 [6faae4d1-92b7-4646-993b-67f152b9d621@group-EB8B467BD4F1-SegmentedRaftLogWorker] INFO  segmented.SegmentedRaftLogWorker (SegmentedRaftLogWorker.java:run(313)) - 6faae4d1-92b7-4646-993b-67f152b9d621@group-EB8B467BD4F1-SegmentedRaftLogWorker was interrupted, exiting. There are 0 tasks remaining in the queue.
2019-10-01 15:45:53,190 [ForkJoinPool.commonPool-worker-0] INFO  segmented.SegmentedRaftLogWorker (SegmentedRaftLogWorker.java:close(228)) - 6faae4d1-92b7-4646-993b-67f152b9d621@group-EB8B467BD4F1-SegmentedRaftLogWorker close()
2019-10-01 15:45:53,194 [ForkJoinPool.commonPool-worker-0] INFO  server.GrpcService (GrpcService.java:closeImpl(164)) - 6faae4d1-92b7-4646-993b-67f152b9d621: shutdown server with port 41086 now
2019-10-01 15:45:53,198 [grpc-default-executor-7] WARN  server.GrpcServerProtocolService (LogUtils.java:warn(134)) - 6faae4d1-92b7-4646-993b-67f152b9d621: installSnapshot onError, lastRequest: f1ba6add-ca0a-4791-abae-69f42b072e96->6faae4d1-92b7-4646-993b-67f152b9d621#31-t9, previous=(t:9, i:19), leaderCommit=19, initializing? false, entries: <empty>: org.apache.ratis.thirdparty.io.grpc.StatusRuntimeException: CANCELLED: cancelled before receiving half close
2019-10-01 15:45:53,203 [ForkJoinPool.commonPool-worker-0] INFO  server.GrpcService (GrpcService.java:closeImpl(172)) - 6faae4d1-92b7-4646-993b-67f152b9d621: shutdown server with port 41086 successfully
2019-10-01 15:45:53,203 [grpc-default-executor-4] WARN  server.GrpcLogAppender (LogUtils.java:warn(134)) - f1ba6add-ca0a-4791-abae-69f42b072e96@group-EB8B467BD4F1->6faae4d1-92b7-4646-993b-67f152b9d621-AppendLogResponseHandler: Failed appendEntries: org.apache.ratis.thirdparty.io.grpc.StatusRuntimeException: CANCELLED: HTTP/2 error code: CANCEL
Received Rst Stream
2019-10-01 15:45:53,212 [grpc-default-executor-4] INFO  impl.FollowerInfo (FollowerInfo.java:lambda$new$0(51)) - f1ba6add-ca0a-4791-abae-69f42b072e96@group-EB8B467BD4F1->6faae4d1-92b7-4646-993b-67f152b9d621: nextIndex: updateUnconditionally 20 -> 19
2019-10-01 15:45:53,222 [refreshUsed-/workdir/hadoop-ozone/integration-test/target/test-dir/MiniOzoneClusterImpl-9b1271a8-4299-44cb-bbfb-3eebcf11b219/datanode-2/data/containers] WARN  fs.CachingGetSpaceUsed (CachingGetSpaceUsed.java:run(183)) - Thread Interrupted waiting to refresh disk information: sleep interrupted
2019-10-01 15:45:53,239 [ForkJoinPool.commonPool-worker-0] INFO  utils.BackgroundService (BackgroundService.java:shutdown(148)) - Shutting down service BlockDeletingService
2019-10-01 15:45:53,245 [ForkJoinPool.commonPool-worker-0] INFO  statemachine.DatanodeStateMachine (DatanodeStateMachine.java:stopDaemon(395)) - Ozone container server stopped.
2019-10-01 15:45:53,251 [ForkJoinPool.commonPool-worker-0] INFO  handler.ContextHandler (ContextHandler.java:doStop(910)) - Stopped o.e.j.w.WebAppContext@4613311f{/,null,UNAVAILABLE}{/hddsDatanode}
2019-10-01 15:45:53,252 [ForkJoinPool.commonPool-worker-0] INFO  server.AbstractConnector (AbstractConnector.java:doStop(318)) - Stopped ServerConnector@6540cf1d{HTTP/1.1,[http/1.1]}{0.0.0.0:0}
2019-10-01 15:45:53,254 [ForkJoinPool.commonPool-worker-0] INFO  handler.ContextHandler (ContextHandler.java:doStop(910)) - Stopped o.e.j.s.ServletContextHandler@2b680207{/static,jar:file:/home/user/.m2/repository/org/apache/hadoop/hadoop-hdds-container-service/0.5.0-SNAPSHOT/hadoop-hdds-container-service-0.5.0-SNAPSHOT.jar!/webapps/static,UNAVAILABLE}
2019-10-01 15:45:53,256 [ForkJoinPool.commonPool-worker-0] INFO  handler.ContextHandler (ContextHandler.java:doStop(910)) - Stopped o.e.j.s.ServletContextHandler@733aa9d8{/logs,file:///workdir/hadoop-ozone/integration-test/target/log,UNAVAILABLE}
2019-10-01 15:45:53,344 [grpc-default-executor-7] WARN  server.GrpcLogAppender (LogUtils.java:warn(134)) - 9f82fbf8-4fac-4532-8c36-3e6bef784ba1@group-16BC6866FE65->5645e86d-f871-44bb-8607-ce62943605c0-AppendLogResponseHandler: Failed appendEntries: org.apache.ratis.thirdparty.io.grpc.StatusRuntimeException: UNAVAILABLE: io exception
2019-10-01 15:45:53,347 [grpc-default-executor-7] INFO  impl.FollowerInfo (FollowerInfo.java:lambda$new$0(51)) - 9f82fbf8-4fac-4532-8c36-3e6bef784ba1@group-16BC6866FE65->5645e86d-f871-44bb-8607-ce62943605c0: nextIndex: updateUnconditionally 0 -> 0
2019-10-01 15:45:53,543 [Datanode State Machine Thread - 0] INFO  statemachine.DatanodeStateMachine (DatanodeStateMachine.java:lambda$startDaemon$0(350)) - Ozone container server started.
2019-10-01 15:45:53,683 [grpc-default-executor-3] WARN  server.GrpcLogAppender (LogUtils.java:warn(134)) - f1ba6add-ca0a-4791-abae-69f42b072e96@group-EB8B467BD4F1->6faae4d1-92b7-4646-993b-67f152b9d621-AppendLogResponseHandler: Failed appendEntries: org.apache.ratis.thirdparty.io.grpc.StatusRuntimeException: UNAVAILABLE: io exception
2019-10-01 15:45:53,686 [grpc-default-executor-3] INFO  impl.FollowerInfo (FollowerInfo.java:lambda$new$0(51)) - f1ba6add-ca0a-4791-abae-69f42b072e96@group-EB8B467BD4F1->6faae4d1-92b7-4646-993b-67f152b9d621: nextIndex: updateUnconditionally 19 -> 18
2019-10-01 15:45:53,836 [grpc-default-executor-4] WARN  server.GrpcLogAppender (LogUtils.java:warn(134)) - 9f82fbf8-4fac-4532-8c36-3e6bef784ba1@group-16BC6866FE65->5645e86d-f871-44bb-8607-ce62943605c0-AppendLogResponseHandler: Failed appendEntries: org.apache.ratis.thirdparty.io.grpc.StatusRuntimeException: UNAVAILABLE: io exception
2019-10-01 15:45:53,839 [grpc-default-executor-4] INFO  impl.FollowerInfo (FollowerInfo.java:lambda$new$0(51)) - 9f82fbf8-4fac-4532-8c36-3e6bef784ba1@group-16BC6866FE65->5645e86d-f871-44bb-8607-ce62943605c0: nextIndex: updateUnconditionally 0 -> 0
2019-10-01 15:45:54,121 [Datanode State Machine Thread - 0] INFO  statemachine.DatanodeStateMachine (DatanodeStateMachine.java:lambda$startDaemon$0(350)) - Ozone container server started.
2019-10-01 15:45:54,184 [grpc-default-executor-3] WARN  server.GrpcLogAppender (LogUtils.java:warn(134)) - f1ba6add-ca0a-4791-abae-69f42b072e96@group-EB8B467BD4F1->6faae4d1-92b7-4646-993b-67f152b9d621-AppendLogResponseHandler: Failed appendEntries: org.apache.ratis.thirdparty.io.grpc.StatusRuntimeException: UNAVAILABLE: io exception
2019-10-01 15:45:54,188 [grpc-default-executor-3] INFO  impl.FollowerInfo (FollowerInfo.java:lambda$new$0(51)) - f1ba6add-ca0a-4791-abae-69f42b072e96@group-EB8B467BD4F1->6faae4d1-92b7-4646-993b-67f152b9d621: nextIndex: updateUnconditionally 18 -> 17
2019-10-01 15:45:54,337 [grpc-default-executor-4] WARN  server.GrpcLogAppender (LogUtils.java:warn(134)) - 9f82fbf8-4fac-4532-8c36-3e6bef784ba1@group-16BC6866FE65->5645e86d-f871-44bb-8607-ce62943605c0-AppendLogResponseHandler: Failed appendEntries: org.apache.ratis.thirdparty.io.grpc.StatusRuntimeException: UNAVAILABLE: io exception
2019-10-01 15:45:54,341 [grpc-default-executor-4] INFO  impl.FollowerInfo (FollowerInfo.java:lambda$new$0(51)) - 9f82fbf8-4fac-4532-8c36-3e6bef784ba1@group-16BC6866FE65->5645e86d-f871-44bb-8607-ce62943605c0: nextIndex: updateUnconditionally 0 -> 0
2019-10-01 15:45:54,685 [grpc-default-executor-3] WARN  server.GrpcLogAppender (LogUtils.java:warn(134)) - f1ba6add-ca0a-4791-abae-69f42b072e96@group-EB8B467BD4F1->6faae4d1-92b7-4646-993b-67f152b9d621-AppendLogResponseHandler: Failed appendEntries: org.apache.ratis.thirdparty.io.grpc.StatusRuntimeException: UNAVAILABLE: io exception
2019-10-01 15:45:54,689 [grpc-default-executor-3] INFO  impl.FollowerInfo (FollowerInfo.java:lambda$new$0(51)) - f1ba6add-ca0a-4791-abae-69f42b072e96@group-EB8B467BD4F1->6faae4d1-92b7-4646-993b-67f152b9d621: nextIndex: updateUnconditionally 17 -> 16
2019-10-01 15:45:54,839 [grpc-default-executor-7] WARN  server.GrpcLogAppender (LogUtils.java:warn(134)) - 9f82fbf8-4fac-4532-8c36-3e6bef784ba1@group-16BC6866FE65->5645e86d-f871-44bb-8607-ce62943605c0-AppendLogResponseHandler: Failed appendEntries: org.apache.ratis.thirdparty.io.grpc.StatusRuntimeException: UNAVAILABLE: io exception
2019-10-01 15:45:54,843 [grpc-default-executor-7] INFO  impl.FollowerInfo (FollowerInfo.java:lambda$new$0(51)) - 9f82fbf8-4fac-4532-8c36-3e6bef784ba1@group-16BC6866FE65->5645e86d-f871-44bb-8607-ce62943605c0: nextIndex: updateUnconditionally 0 -> 0
2019-10-01 15:45:55,186 [grpc-default-executor-4] WARN  server.GrpcLogAppender (LogUtils.java:warn(134)) - f1ba6add-ca0a-4791-abae-69f42b072e96@group-EB8B467BD4F1->6faae4d1-92b7-4646-993b-67f152b9d621-AppendLogResponseHandler: Failed appendEntries: org.apache.ratis.thirdparty.io.grpc.StatusRuntimeException: UNAVAILABLE: io exception
2019-10-01 15:45:55,191 [grpc-default-executor-4] INFO  impl.FollowerInfo (FollowerInfo.java:lambda$new$0(51)) - f1ba6add-ca0a-4791-abae-69f42b072e96@group-EB8B467BD4F1->6faae4d1-92b7-4646-993b-67f152b9d621: nextIndex: updateUnconditionally 16 -> 15
2019-10-01 15:45:55,339 [grpc-default-executor-3] WARN  server.GrpcLogAppender (LogUtils.java:warn(134)) - 9f82fbf8-4fac-4532-8c36-3e6bef784ba1@group-16BC6866FE65->5645e86d-f871-44bb-8607-ce62943605c0-AppendLogResponseHandler: Failed appendEntries: org.apache.ratis.thirdparty.io.grpc.StatusRuntimeException: UNAVAILABLE: io exception
2019-10-01 15:45:55,344 [grpc-default-executor-3] INFO  impl.FollowerInfo (FollowerInfo.java:lambda$new$0(51)) - 9f82fbf8-4fac-4532-8c36-3e6bef784ba1@group-16BC6866FE65->5645e86d-f871-44bb-8607-ce62943605c0: nextIndex: updateUnconditionally 0 -> 0
2019-10-01 15:45:55,687 [grpc-default-executor-7] WARN  server.GrpcLogAppender (LogUtils.java:warn(134)) - f1ba6add-ca0a-4791-abae-69f42b072e96@group-EB8B467BD4F1->6faae4d1-92b7-4646-993b-67f152b9d621-AppendLogResponseHandler: Failed appendEntries: org.apache.ratis.thirdparty.io.grpc.StatusRuntimeException: UNAVAILABLE: io exception
2019-10-01 15:45:55,691 [grpc-default-executor-7] INFO  impl.FollowerInfo (FollowerInfo.java:lambda$new$0(51)) - f1ba6add-ca0a-4791-abae-69f42b072e96@group-EB8B467BD4F1->6faae4d1-92b7-4646-993b-67f152b9d621: nextIndex: updateUnconditionally 15 -> 14
2019-10-01 15:45:55,841 [grpc-default-executor-7] WARN  server.GrpcLogAppender (LogUtils.java:warn(134)) - 9f82fbf8-4fac-4532-8c36-3e6bef784ba1@group-16BC6866FE65->5645e86d-f871-44bb-8607-ce62943605c0-AppendLogResponseHandler: Failed appendEntries: org.apache.ratis.thirdparty.io.grpc.StatusRuntimeException: UNAVAILABLE: io exception
2019-10-01 15:45:55,846 [grpc-default-executor-7] INFO  impl.FollowerInfo (FollowerInfo.java:lambda$new$0(51)) - 9f82fbf8-4fac-4532-8c36-3e6bef784ba1@group-16BC6866FE65->5645e86d-f871-44bb-8607-ce62943605c0: nextIndex: updateUnconditionally 0 -> 0
2019-10-01 15:45:56,188 [grpc-default-executor-7] WARN  server.GrpcLogAppender (LogUtils.java:warn(134)) - f1ba6add-ca0a-4791-abae-69f42b072e96@group-EB8B467BD4F1->6faae4d1-92b7-4646-993b-67f152b9d621-AppendLogResponseHandler: Failed appendEntries: org.apache.ratis.thirdparty.io.grpc.StatusRuntimeException: UNAVAILABLE: io exception
2019-10-01 15:45:56,192 [grpc-default-executor-7] INFO  impl.FollowerInfo (FollowerInfo.java:lambda$new$0(51)) - f1ba6add-ca0a-4791-abae-69f42b072e96@group-EB8B467BD4F1->6faae4d1-92b7-4646-993b-67f152b9d621: nextIndex: updateUnconditionally 14 -> 13
2019-10-01 15:45:56,342 [grpc-default-executor-4] WARN  server.GrpcLogAppender (LogUtils.java:warn(134)) - 9f82fbf8-4fac-4532-8c36-3e6bef784ba1@group-16BC6866FE65->5645e86d-f871-44bb-8607-ce62943605c0-AppendLogResponseHandler: Failed appendEntries: org.apache.ratis.thirdparty.io.grpc.StatusRuntimeException: UNAVAILABLE: io exception
2019-10-01 15:45:56,346 [grpc-default-executor-4] INFO  impl.FollowerInfo (FollowerInfo.java:lambda$new$0(51)) - 9f82fbf8-4fac-4532-8c36-3e6bef784ba1@group-16BC6866FE65->5645e86d-f871-44bb-8607-ce62943605c0: nextIndex: updateUnconditionally 0 -> 0
2019-10-01 15:45:56,689 [grpc-default-executor-3] WARN  server.GrpcLogAppender (LogUtils.java:warn(134)) - f1ba6add-ca0a-4791-abae-69f42b072e96@group-EB8B467BD4F1->6faae4d1-92b7-4646-993b-67f152b9d621-AppendLogResponseHandler: Failed appendEntries: org.apache.ratis.thirdparty.io.grpc.StatusRuntimeException: UNAVAILABLE: io exception
2019-10-01 15:45:56,693 [grpc-default-executor-3] INFO  impl.FollowerInfo (FollowerInfo.java:lambda$new$0(51)) - f1ba6add-ca0a-4791-abae-69f42b072e96@group-EB8B467BD4F1->6faae4d1-92b7-4646-993b-67f152b9d621: nextIndex: updateUnconditionally 13 -> 12
2019-10-01 15:45:56,843 [grpc-default-executor-7] WARN  server.GrpcLogAppender (LogUtils.java:warn(134)) - 9f82fbf8-4fac-4532-8c36-3e6bef784ba1@group-16BC6866FE65->5645e86d-f871-44bb-8607-ce62943605c0-AppendLogResponseHandler: Failed appendEntries: org.apache.ratis.thirdparty.io.grpc.StatusRuntimeException: UNAVAILABLE: io exception
2019-10-01 15:45:56,846 [grpc-default-executor-7] INFO  impl.FollowerInfo (FollowerInfo.java:lambda$new$0(51)) - 9f82fbf8-4fac-4532-8c36-3e6bef784ba1@group-16BC6866FE65->5645e86d-f871-44bb-8607-ce62943605c0: nextIndex: updateUnconditionally 0 -> 0
2019-10-01 15:45:57,382 [grpc-default-executor-7] WARN  server.GrpcLogAppender (LogUtils.java:warn(134)) - f1ba6add-ca0a-4791-abae-69f42b072e96@group-EB8B467BD4F1->6faae4d1-92b7-4646-993b-67f152b9d621-AppendLogResponseHandler: Failed appendEntries: org.apache.ratis.thirdparty.io.grpc.StatusRuntimeException: UNAVAILABLE: io exception
2019-10-01 15:45:57,382 [grpc-default-executor-6] WARN  server.GrpcLogAppender (LogUtils.java:warn(134)) - 9f82fbf8-4fac-4532-8c36-3e6bef784ba1@group-16BC6866FE65->5645e86d-f871-44bb-8607-ce62943605c0-AppendLogResponseHandler: Failed appendEntries: org.apache.ratis.thirdparty.io.grpc.StatusRuntimeException: UNAVAILABLE: io exception
2019-10-01 15:45:57,386 [grpc-default-executor-7] INFO  impl.FollowerInfo (FollowerInfo.java:lambda$new$0(51)) - f1ba6add-ca0a-4791-abae-69f42b072e96@group-EB8B467BD4F1->6faae4d1-92b7-4646-993b-67f152b9d621: nextIndex: updateUnconditionally 12 -> 11
2019-10-01 15:45:57,401 [grpc-default-executor-6] INFO  impl.FollowerInfo (FollowerInfo.java:lambda$new$0(51)) - 9f82fbf8-4fac-4532-8c36-3e6bef784ba1@group-16BC6866FE65->5645e86d-f871-44bb-8607-ce62943605c0: nextIndex: updateUnconditionally 0 -> 0
2019-10-01 15:45:57,867 [grpc-default-executor-4] WARN  server.GrpcLogAppender (LogUtils.java:warn(134)) - f1ba6add-ca0a-4791-abae-69f42b072e96@group-EB8B467BD4F1->6faae4d1-92b7-4646-993b-67f152b9d621-AppendLogResponseHandler: Failed appendEntries: org.apache.ratis.thirdparty.io.grpc.StatusRuntimeException: UNAVAILABLE: io exception
2019-10-01 15:45:57,870 [grpc-default-executor-4] INFO  impl.FollowerInfo (FollowerInfo.java:lambda$new$0(51)) - f1ba6add-ca0a-4791-abae-69f42b072e96@group-EB8B467BD4F1->6faae4d1-92b7-4646-993b-67f152b9d621: nextIndex: updateUnconditionally 11 -> 10
2019-10-01 15:45:57,872 [grpc-default-executor-6] WARN  server.GrpcLogAppender (LogUtils.java:warn(134)) - 9f82fbf8-4fac-4532-8c36-3e6bef784ba1@group-16BC6866FE65->5645e86d-f871-44bb-8607-ce62943605c0-AppendLogResponseHandler: Failed appendEntries: org.apache.ratis.thirdparty.io.grpc.StatusRuntimeException: UNAVAILABLE: io exception
2019-10-01 15:45:57,874 [grpc-default-executor-6] INFO  impl.FollowerInfo (FollowerInfo.java:lambda$new$0(51)) - 9f82fbf8-4fac-4532-8c36-3e6bef784ba1@group-16BC6866FE65->5645e86d-f871-44bb-8607-ce62943605c0: nextIndex: updateUnconditionally 0 -> 0
2019-10-01 15:45:58,111 [main] INFO  ozoneimpl.OzoneContainer (OzoneContainer.java:stop(231)) - Attempting to stop container services.
2019-10-01 15:45:58,112 [main] INFO  impl.RaftServerProxy (RaftServerProxy.java:lambda$close$4(314)) - 4e6a07d6-9c54-412b-b38b-57a241553837: close
2019-10-01 15:45:58,112 [main] INFO  impl.RaftServerImpl (RaftServerImpl.java:lambda$shutdown$3(251)) - 4e6a07d6-9c54-412b-b38b-57a241553837@group-5B588368055C: shutdown
2019-10-01 15:45:58,113 [main] INFO  util.JmxRegister (JmxRegister.java:unregister(73)) - Successfully un-registered JMX Bean with object name Ratis:service=RaftServer,group=group-5B588368055C,id=4e6a07d6-9c54-412b-b38b-57a241553837
2019-10-01 15:45:58,113 [main] INFO  impl.RoleInfo (RoleInfo.java:shutdownFollowerState(121)) - 4e6a07d6-9c54-412b-b38b-57a241553837: shutdown FollowerState
2019-10-01 15:45:58,113 [main] INFO  impl.StateMachineUpdater (StateMachineUpdater.java:stopAndJoin(125)) - 4e6a07d6-9c54-412b-b38b-57a241553837@group-5B588368055C-StateMachineUpdater: set stopIndex = 0
2019-10-01 15:45:58,114 [Thread-433] INFO  impl.FollowerState (FollowerState.java:run(115)) - 4e6a07d6-9c54-412b-b38b-57a241553837: FollowerState was interrupted: java.lang.InterruptedException: sleep interrupted
2019-10-01 15:45:58,114 [main] INFO  impl.RaftServerImpl (ServerState.java:close(385)) - 4e6a07d6-9c54-412b-b38b-57a241553837@group-5B588368055C: closes. applyIndex: 0
2019-10-01 15:45:58,115 [4e6a07d6-9c54-412b-b38b-57a241553837@group-5B588368055C-SegmentedRaftLogWorker] INFO  segmented.SegmentedRaftLogWorker (SegmentedRaftLogWorker.java:run(313)) - 4e6a07d6-9c54-412b-b38b-57a241553837@group-5B588368055C-SegmentedRaftLogWorker was interrupted, exiting. There are 0 tasks remaining in the queue.
2019-10-01 15:45:58,118 [main] INFO  segmented.SegmentedRaftLogWorker (SegmentedRaftLogWorker.java:close(228)) - 4e6a07d6-9c54-412b-b38b-57a241553837@group-5B588368055C-SegmentedRaftLogWorker close()
2019-10-01 15:45:58,124 [main] INFO  impl.RaftServerImpl (RaftServerImpl.java:lambda$shutdown$3(251)) - 4e6a07d6-9c54-412b-b38b-57a241553837@group-A63D04ECDAB4: shutdown
2019-10-01 15:45:58,124 [main] INFO  util.JmxRegister (JmxRegister.java:unregister(73)) - Successfully un-registered JMX Bean with object name Ratis:service=RaftServer,group=group-A63D04ECDAB4,id=4e6a07d6-9c54-412b-b38b-57a241553837
2019-10-01 15:45:58,125 [main] INFO  impl.RoleInfo (RoleInfo.java:shutdownLeaderState(104)) - 4e6a07d6-9c54-412b-b38b-57a241553837: shutdown LeaderState
2019-10-01 15:45:58,125 [main] INFO  impl.PendingRequests (PendingRequests.java:sendNotLeaderResponses(202)) - 4e6a07d6-9c54-412b-b38b-57a241553837-PendingRequests: sendNotLeaderResponses
2019-10-01 15:45:58,126 [main] INFO  impl.StateMachineUpdater (StateMachineUpdater.java:stopAndJoin(125)) - 4e6a07d6-9c54-412b-b38b-57a241553837@group-A63D04ECDAB4-StateMachineUpdater: set stopIndex = 0
2019-10-01 15:45:58,126 [main] INFO  impl.RaftServerImpl (ServerState.java:close(385)) - 4e6a07d6-9c54-412b-b38b-57a241553837@group-A63D04ECDAB4: closes. applyIndex: 0
2019-10-01 15:45:58,127 [4e6a07d6-9c54-412b-b38b-57a241553837@group-A63D04ECDAB4-SegmentedRaftLogWorker] INFO  segmented.SegmentedRaftLogWorker (SegmentedRaftLogWorker.java:run(313)) - 4e6a07d6-9c54-412b-b38b-57a241553837@group-A63D04ECDAB4-SegmentedRaftLogWorker was interrupted, exiting. There are 0 tasks remaining in the queue.
2019-10-01 15:45:58,129 [main] INFO  segmented.SegmentedRaftLogWorker (SegmentedRaftLogWorker.java:close(228)) - 4e6a07d6-9c54-412b-b38b-57a241553837@group-A63D04ECDAB4-SegmentedRaftLogWorker close()
2019-10-01 15:45:58,134 [main] INFO  server.GrpcService (GrpcService.java:closeImpl(164)) - 4e6a07d6-9c54-412b-b38b-57a241553837: shutdown server with port 38655 now
2019-10-01 15:45:58,136 [grpc-default-executor-4] WARN  server.GrpcServerProtocolService (LogUtils.java:warn(134)) - 4e6a07d6-9c54-412b-b38b-57a241553837: installSnapshot onError, lastRequest: 979f9232-9934-46b7-b55e-9df1564cd0b5->4e6a07d6-9c54-412b-b38b-57a241553837#43-t2, previous=(t:2, i:0), leaderCommit=0, initializing? false, entries: <empty>: org.apache.ratis.thirdparty.io.grpc.StatusRuntimeException: CANCELLED: cancelled before receiving half close
2019-10-01 15:45:58,136 [main] INFO  server.GrpcService (GrpcService.java:closeImpl(172)) - 4e6a07d6-9c54-412b-b38b-57a241553837: shutdown server with port 38655 successfully
2019-10-01 15:45:58,136 [grpc-default-executor-6] WARN  server.GrpcLogAppender (LogUtils.java:warn(134)) - 979f9232-9934-46b7-b55e-9df1564cd0b5@group-5B588368055C->4e6a07d6-9c54-412b-b38b-57a241553837-AppendLogResponseHandler: Failed appendEntries: org.apache.ratis.thirdparty.io.grpc.StatusRuntimeException: CANCELLED: HTTP/2 error code: CANCEL
Received Rst Stream
2019-10-01 15:45:58,138 [grpc-default-executor-6] INFO  impl.FollowerInfo (FollowerInfo.java:lambda$new$0(51)) - 979f9232-9934-46b7-b55e-9df1564cd0b5@group-5B588368055C->4e6a07d6-9c54-412b-b38b-57a241553837: nextIndex: updateUnconditionally 1 -> 0
2019-10-01 15:45:58,138 [refreshUsed-/workdir/hadoop-ozone/integration-test/target/test-dir/MiniOzoneClusterImpl-9b1271a8-4299-44cb-bbfb-3eebcf11b219/datanode-6/data/containers] WARN  fs.CachingGetSpaceUsed (CachingGetSpaceUsed.java:run(183)) - Thread Interrupted waiting to refresh disk information: sleep interrupted
2019-10-01 15:45:58,158 [main] INFO  utils.BackgroundService (BackgroundService.java:shutdown(148)) - Shutting down service BlockDeletingService
2019-10-01 15:45:58,165 [main] INFO  statemachine.DatanodeStateMachine (DatanodeStateMachine.java:stopDaemon(395)) - Ozone container server stopped.
2019-10-01 15:45:58,166 [main] INFO  handler.ContextHandler (ContextHandler.java:doStop(910)) - Stopped o.e.j.w.WebAppContext@3c74aa0d{/,null,UNAVAILABLE}{/hddsDatanode}
2019-10-01 15:45:58,167 [main] INFO  server.AbstractConnector (AbstractConnector.java:doStop(318)) - Stopped ServerConnector@6c841199{HTTP/1.1,[http/1.1]}{0.0.0.0:0}
2019-10-01 15:45:58,167 [main] INFO  handler.ContextHandler (ContextHandler.java:doStop(910)) - Stopped o.e.j.s.ServletContextHandler@7dbe2ebf{/static,jar:file:/home/user/.m2/repository/org/apache/hadoop/hadoop-hdds-container-service/0.5.0-SNAPSHOT/hadoop-hdds-container-service-0.5.0-SNAPSHOT.jar!/webapps/static,UNAVAILABLE}
2019-10-01 15:45:58,168 [main] INFO  handler.ContextHandler (ContextHandler.java:doStop(910)) - Stopped o.e.j.s.ServletContextHandler@58434b19{/logs,file:///workdir/hadoop-ozone/integration-test/target/log,UNAVAILABLE}
2019-10-01 15:45:58,257 [ForkJoinPool.commonPool-worker-0] INFO  ozoneimpl.OzoneContainer (OzoneContainer.java:stop(231)) - Attempting to stop container services.
2019-10-01 15:45:58,257 [ForkJoinPool.commonPool-worker-0] INFO  impl.RaftServerProxy (RaftServerProxy.java:lambda$close$4(314)) - f1ba6add-ca0a-4791-abae-69f42b072e96: close
2019-10-01 15:45:58,258 [ForkJoinPool.commonPool-worker-0] INFO  impl.RaftServerImpl (RaftServerImpl.java:lambda$shutdown$3(251)) - f1ba6add-ca0a-4791-abae-69f42b072e96@group-8C59AB58C9C7: shutdown
2019-10-01 15:45:58,258 [ForkJoinPool.commonPool-worker-0] INFO  util.JmxRegister (JmxRegister.java:unregister(73)) - Successfully un-registered JMX Bean with object name Ratis:service=RaftServer,group=group-8C59AB58C9C7,id=f1ba6add-ca0a-4791-abae-69f42b072e96
2019-10-01 15:45:58,258 [ForkJoinPool.commonPool-worker-0] INFO  impl.RoleInfo (RoleInfo.java:shutdownLeaderState(104)) - f1ba6add-ca0a-4791-abae-69f42b072e96: shutdown LeaderState
2019-10-01 15:45:58,259 [ForkJoinPool.commonPool-worker-0] INFO  impl.PendingRequests (PendingRequests.java:sendNotLeaderResponses(202)) - f1ba6add-ca0a-4791-abae-69f42b072e96-PendingRequests: sendNotLeaderResponses
2019-10-01 15:45:58,259 [ForkJoinPool.commonPool-worker-0] INFO  impl.StateMachineUpdater (StateMachineUpdater.java:stopAndJoin(125)) - f1ba6add-ca0a-4791-abae-69f42b072e96@group-8C59AB58C9C7-StateMachineUpdater: set stopIndex = 0
2019-10-01 15:45:58,259 [ForkJoinPool.commonPool-worker-0] INFO  impl.RaftServerImpl (ServerState.java:close(385)) - f1ba6add-ca0a-4791-abae-69f42b072e96@group-8C59AB58C9C7: closes. applyIndex: 0
2019-10-01 15:45:58,260 [f1ba6add-ca0a-4791-abae-69f42b072e96@group-8C59AB58C9C7-SegmentedRaftLogWorker] INFO  segmented.SegmentedRaftLogWorker (SegmentedRaftLogWorker.java:run(313)) - f1ba6add-ca0a-4791-abae-69f42b072e96@group-8C59AB58C9C7-SegmentedRaftLogWorker was interrupted, exiting. There are 0 tasks remaining in the queue.
2019-10-01 15:45:58,269 [ForkJoinPool.commonPool-worker-0] INFO  segmented.SegmentedRaftLogWorker (SegmentedRaftLogWorker.java:close(228)) - f1ba6add-ca0a-4791-abae-69f42b072e96@group-8C59AB58C9C7-SegmentedRaftLogWorker close()
2019-10-01 15:45:58,273 [ForkJoinPool.commonPool-worker-0] INFO  impl.RaftServerImpl (RaftServerImpl.java:lambda$shutdown$3(251)) - f1ba6add-ca0a-4791-abae-69f42b072e96@group-EB8B467BD4F1: shutdown
2019-10-01 15:45:58,274 [ForkJoinPool.commonPool-worker-0] INFO  util.JmxRegister (JmxRegister.java:unregister(73)) - Successfully un-registered JMX Bean with object name Ratis:service=RaftServer,group=group-EB8B467BD4F1,id=f1ba6add-ca0a-4791-abae-69f42b072e96
2019-10-01 15:45:58,274 [ForkJoinPool.commonPool-worker-0] INFO  impl.RoleInfo (RoleInfo.java:shutdownLeaderState(104)) - f1ba6add-ca0a-4791-abae-69f42b072e96: shutdown LeaderState
2019-10-01 15:45:58,278 [ForkJoinPool.commonPool-worker-0] INFO  impl.PendingRequests (PendingRequests.java:sendNotLeaderResponses(202)) - f1ba6add-ca0a-4791-abae-69f42b072e96-PendingRequests: sendNotLeaderResponses
2019-10-01 15:45:58,278 [org.apache.ratis.server.impl.LogAppender$AppenderDaemon$$Lambda$518/1547146472@7abb412b] WARN  server.GrpcLogAppender (GrpcLogAppender.java:mayWait(143)) - f1ba6add-ca0a-4791-abae-69f42b072e96@group-EB8B467BD4F1->6faae4d1-92b7-4646-993b-67f152b9d621-GrpcLogAppender: Wait interrupted by java.lang.InterruptedException
2019-10-01 15:45:58,278 [org.apache.ratis.server.impl.LogAppender$AppenderDaemon$$Lambda$518/1547146472@425cf257] WARN  server.GrpcLogAppender (GrpcLogAppender.java:mayWait(143)) - f1ba6add-ca0a-4791-abae-69f42b072e96@group-EB8B467BD4F1->c28b71e4-b935-41c8-abf7-7de4a956c002-GrpcLogAppender: Wait interrupted by java.lang.InterruptedException
2019-10-01 15:45:58,282 [ForkJoinPool.commonPool-worker-0] INFO  impl.StateMachineUpdater (StateMachineUpdater.java:stopAndJoin(125)) - f1ba6add-ca0a-4791-abae-69f42b072e96@group-EB8B467BD4F1-StateMachineUpdater: set stopIndex = 19
2019-10-01 15:45:58,282 [f1ba6add-ca0a-4791-abae-69f42b072e96@group-EB8B467BD4F1-StateMachineUpdater] INFO  ratis.ContainerStateMachine (ContainerStateMachine.java:takeSnapshot(289)) - group-EB8B467BD4F1: Taking a snapshot at:(t:9, i:19) file /workdir/hadoop-ozone/integration-test/target/test-dir/MiniOzoneClusterImpl-9b1271a8-4299-44cb-bbfb-3eebcf11b219/datanode-3/data/ratis/da6b8813-e072-4946-b557-eb8b467bd4f1/sm/snapshot.9_19
2019-10-01 15:45:58,283 [grpc-default-executor-6] INFO  server.GrpcServerProtocolService (GrpcServerProtocolService.java:onCompleted(113)) - c28b71e4-b935-41c8-abf7-7de4a956c002: Completed APPEND_ENTRIES, lastRequest: f1ba6add-ca0a-4791-abae-69f42b072e96->c28b71e4-b935-41c8-abf7-7de4a956c002#40-t9, previous=(t:9, i:19), leaderCommit=19, initializing? false, entries: <empty>
2019-10-01 15:45:58,284 [grpc-default-executor-6] INFO  server.GrpcLogAppender (GrpcLogAppender.java:onCompleted(293)) - f1ba6add-ca0a-4791-abae-69f42b072e96@group-EB8B467BD4F1->c28b71e4-b935-41c8-abf7-7de4a956c002-AppendLogResponseHandler: follower responses appendEntries COMPLETED
2019-10-01 15:45:58,284 [grpc-default-executor-6] INFO  impl.FollowerInfo (FollowerInfo.java:lambda$new$0(51)) - f1ba6add-ca0a-4791-abae-69f42b072e96@group-EB8B467BD4F1->c28b71e4-b935-41c8-abf7-7de4a956c002: nextIndex: updateUnconditionally 20 -> 19
2019-10-01 15:45:58,296 [f1ba6add-ca0a-4791-abae-69f42b072e96@group-EB8B467BD4F1-StateMachineUpdater] INFO  ratis.ContainerStateMachine (ContainerStateMachine.java:takeSnapshot(300)) - group-EB8B467BD4F1: Finished taking a snapshot at:(t:9, i:19) file:/workdir/hadoop-ozone/integration-test/target/test-dir/MiniOzoneClusterImpl-9b1271a8-4299-44cb-bbfb-3eebcf11b219/datanode-3/data/ratis/da6b8813-e072-4946-b557-eb8b467bd4f1/sm/snapshot.9_19 time:13
2019-10-01 15:45:58,296 [f1ba6add-ca0a-4791-abae-69f42b072e96@group-EB8B467BD4F1-StateMachineUpdater] INFO  impl.StateMachineUpdater (StateMachineUpdater.java:takeSnapshot(258)) - f1ba6add-ca0a-4791-abae-69f42b072e96@group-EB8B467BD4F1-StateMachineUpdater: Took a snapshot at index 19
2019-10-01 15:45:58,296 [f1ba6add-ca0a-4791-abae-69f42b072e96@group-EB8B467BD4F1-StateMachineUpdater] INFO  impl.StateMachineUpdater (StateMachineUpdater.java:lambda$new$0(83)) - f1ba6add-ca0a-4791-abae-69f42b072e96@group-EB8B467BD4F1-StateMachineUpdater: snapshotIndex: updateIncreasingly -1 -> 19
2019-10-01 15:45:58,296 [ForkJoinPool.commonPool-worker-0] INFO  impl.RaftServerImpl (ServerState.java:close(385)) - f1ba6add-ca0a-4791-abae-69f42b072e96@group-EB8B467BD4F1: closes. applyIndex: 19
2019-10-01 15:45:58,297 [f1ba6add-ca0a-4791-abae-69f42b072e96@group-EB8B467BD4F1-SegmentedRaftLogWorker] INFO  segmented.SegmentedRaftLogWorker (SegmentedRaftLogWorker.java:run(313)) - f1ba6add-ca0a-4791-abae-69f42b072e96@group-EB8B467BD4F1-SegmentedRaftLogWorker was interrupted, exiting. There are 0 tasks remaining in the queue.
2019-10-01 15:45:58,299 [ForkJoinPool.commonPool-worker-0] INFO  segmented.SegmentedRaftLogWorker (SegmentedRaftLogWorker.java:close(228)) - f1ba6add-ca0a-4791-abae-69f42b072e96@group-EB8B467BD4F1-SegmentedRaftLogWorker close()
2019-10-01 15:45:58,303 [ForkJoinPool.commonPool-worker-0] INFO  server.GrpcService (GrpcService.java:closeImpl(164)) - f1ba6add-ca0a-4791-abae-69f42b072e96: shutdown server with port 38270 now
2019-10-01 15:45:58,304 [ForkJoinPool.commonPool-worker-0] INFO  server.GrpcService (GrpcService.java:closeImpl(172)) - f1ba6add-ca0a-4791-abae-69f42b072e96: shutdown server with port 38270 successfully
2019-10-01 15:45:58,306 [grpc-default-executor-4] WARN  client.GrpcClientProtocolService (LogUtils.java:warn(134)) - 2-UnorderedRequestStreamObserver2: onError: org.apache.ratis.thirdparty.io.grpc.StatusRuntimeException: CANCELLED: cancelled before receiving half close
2019-10-01 15:45:58,313 [refreshUsed-/workdir/hadoop-ozone/integration-test/target/test-dir/MiniOzoneClusterImpl-9b1271a8-4299-44cb-bbfb-3eebcf11b219/datanode-3/data/containers] WARN  fs.CachingGetSpaceUsed (CachingGetSpaceUsed.java:run(183)) - Thread Interrupted waiting to refresh disk information: sleep interrupted
2019-10-01 15:45:58,328 [ForkJoinPool.commonPool-worker-0] INFO  utils.BackgroundService (BackgroundService.java:shutdown(148)) - Shutting down service BlockDeletingService
2019-10-01 15:45:58,334 [ForkJoinPool.commonPool-worker-0] INFO  statemachine.DatanodeStateMachine (DatanodeStateMachine.java:stopDaemon(395)) - Ozone container server stopped.
2019-10-01 15:45:58,340 [ForkJoinPool.commonPool-worker-0] INFO  handler.ContextHandler (ContextHandler.java:doStop(910)) - Stopped o.e.j.w.WebAppContext@748d2277{/,null,UNAVAILABLE}{/hddsDatanode}
2019-10-01 15:45:58,341 [ForkJoinPool.commonPool-worker-0] INFO  server.AbstractConnector (AbstractConnector.java:doStop(318)) - Stopped ServerConnector@2f897dab{HTTP/1.1,[http/1.1]}{0.0.0.0:0}
2019-10-01 15:45:58,343 [ForkJoinPool.commonPool-worker-0] INFO  handler.ContextHandler (ContextHandler.java:doStop(910)) - Stopped o.e.j.s.ServletContextHandler@69fe0ed4{/static,jar:file:/home/user/.m2/repository/org/apache/hadoop/hadoop-hdds-container-service/0.5.0-SNAPSHOT/hadoop-hdds-container-service-0.5.0-SNAPSHOT.jar!/webapps/static,UNAVAILABLE}
2019-10-01 15:45:58,345 [ForkJoinPool.commonPool-worker-0] INFO  handler.ContextHandler (ContextHandler.java:doStop(910)) - Stopped o.e.j.s.ServletContextHandler@119aa36{/logs,file:///workdir/hadoop-ozone/integration-test/target/log,UNAVAILABLE}
2019-10-01 15:45:58,386 [grpc-default-executor-7] WARN  server.GrpcLogAppender (LogUtils.java:warn(134)) - 9f82fbf8-4fac-4532-8c36-3e6bef784ba1@group-16BC6866FE65->5645e86d-f871-44bb-8607-ce62943605c0-AppendLogResponseHandler: Failed appendEntries: org.apache.ratis.thirdparty.io.grpc.StatusRuntimeException: UNAVAILABLE: io exception
2019-10-01 15:45:58,390 [grpc-default-executor-7] INFO  impl.FollowerInfo (FollowerInfo.java:lambda$new$0(51)) - 9f82fbf8-4fac-4532-8c36-3e6bef784ba1@group-16BC6866FE65->5645e86d-f871-44bb-8607-ce62943605c0: nextIndex: updateUnconditionally 0 -> 0
2019-10-01 15:45:58,407 [Datanode State Machine Thread - 0] INFO  statemachine.DatanodeStateMachine (DatanodeStateMachine.java:lambda$startDaemon$0(350)) - Ozone container server started.
2019-10-01 15:45:58,421 [grpc-default-executor-6] WARN  server.GrpcLogAppender (LogUtils.java:warn(134)) - 979f9232-9934-46b7-b55e-9df1564cd0b5@group-5B588368055C->4e6a07d6-9c54-412b-b38b-57a241553837-AppendLogResponseHandler: Failed appendEntries: org.apache.ratis.thirdparty.io.grpc.StatusRuntimeException: UNAVAILABLE: io exception
2019-10-01 15:45:58,421 [grpc-default-executor-6] INFO  impl.FollowerInfo (FollowerInfo.java:lambda$new$0(51)) - 979f9232-9934-46b7-b55e-9df1564cd0b5@group-5B588368055C->4e6a07d6-9c54-412b-b38b-57a241553837: nextIndex: updateUnconditionally 0 -> 0
2019-10-01 15:45:58,874 [grpc-default-executor-4] WARN  server.GrpcLogAppender (LogUtils.java:warn(134)) - 9f82fbf8-4fac-4532-8c36-3e6bef784ba1@group-16BC6866FE65->5645e86d-f871-44bb-8607-ce62943605c0-AppendLogResponseHandler: Failed appendEntries: org.apache.ratis.thirdparty.io.grpc.StatusRuntimeException: UNAVAILABLE: io exception
2019-10-01 15:45:58,875 [grpc-default-executor-4] INFO  impl.FollowerInfo (FollowerInfo.java:lambda$new$0(51)) - 9f82fbf8-4fac-4532-8c36-3e6bef784ba1@group-16BC6866FE65->5645e86d-f871-44bb-8607-ce62943605c0: nextIndex: updateUnconditionally 0 -> 0
2019-10-01 15:45:58,922 [grpc-default-executor-7] WARN  server.GrpcLogAppender (LogUtils.java:warn(134)) - 979f9232-9934-46b7-b55e-9df1564cd0b5@group-5B588368055C->4e6a07d6-9c54-412b-b38b-57a241553837-AppendLogResponseHandler: Failed appendEntries: org.apache.ratis.thirdparty.io.grpc.StatusRuntimeException: UNAVAILABLE: io exception
2019-10-01 15:45:58,922 [grpc-default-executor-7] INFO  impl.FollowerInfo (FollowerInfo.java:lambda$new$0(51)) - 979f9232-9934-46b7-b55e-9df1564cd0b5@group-5B588368055C->4e6a07d6-9c54-412b-b38b-57a241553837: nextIndex: updateUnconditionally 0 -> 0
2019-10-01 15:45:59,121 [Datanode State Machine Thread - 0] INFO  statemachine.DatanodeStateMachine (DatanodeStateMachine.java:lambda$startDaemon$0(350)) - Ozone container server started.
2019-10-01 15:45:59,376 [grpc-default-executor-4] WARN  server.GrpcLogAppender (LogUtils.java:warn(134)) - 9f82fbf8-4fac-4532-8c36-3e6bef784ba1@group-16BC6866FE65->5645e86d-f871-44bb-8607-ce62943605c0-AppendLogResponseHandler: Failed appendEntries: org.apache.ratis.thirdparty.io.grpc.StatusRuntimeException: UNAVAILABLE: io exception
2019-10-01 15:45:59,377 [grpc-default-executor-4] INFO  impl.FollowerInfo (FollowerInfo.java:lambda$new$0(51)) - 9f82fbf8-4fac-4532-8c36-3e6bef784ba1@group-16BC6866FE65->5645e86d-f871-44bb-8607-ce62943605c0: nextIndex: updateUnconditionally 0 -> 0
2019-10-01 15:45:59,423 [grpc-default-executor-6] WARN  server.GrpcLogAppender (LogUtils.java:warn(134)) - 979f9232-9934-46b7-b55e-9df1564cd0b5@group-5B588368055C->4e6a07d6-9c54-412b-b38b-57a241553837-AppendLogResponseHandler: Failed appendEntries: org.apache.ratis.thirdparty.io.grpc.StatusRuntimeException: UNAVAILABLE: io exception
2019-10-01 15:45:59,423 [grpc-default-executor-6] INFO  impl.FollowerInfo (FollowerInfo.java:lambda$new$0(51)) - 979f9232-9934-46b7-b55e-9df1564cd0b5@group-5B588368055C->4e6a07d6-9c54-412b-b38b-57a241553837: nextIndex: updateUnconditionally 0 -> 0
2019-10-01 15:45:59,877 [grpc-default-executor-4] WARN  server.GrpcLogAppender (LogUtils.java:warn(134)) - 9f82fbf8-4fac-4532-8c36-3e6bef784ba1@group-16BC6866FE65->5645e86d-f871-44bb-8607-ce62943605c0-AppendLogResponseHandler: Failed appendEntries: org.apache.ratis.thirdparty.io.grpc.StatusRuntimeException: UNAVAILABLE: io exception
2019-10-01 15:45:59,878 [grpc-default-executor-4] INFO  impl.FollowerInfo (FollowerInfo.java:lambda$new$0(51)) - 9f82fbf8-4fac-4532-8c36-3e6bef784ba1@group-16BC6866FE65->5645e86d-f871-44bb-8607-ce62943605c0: nextIndex: updateUnconditionally 0 -> 0
2019-10-01 15:45:59,923 [grpc-default-executor-4] WARN  server.GrpcLogAppender (LogUtils.java:warn(134)) - 979f9232-9934-46b7-b55e-9df1564cd0b5@group-5B588368055C->4e6a07d6-9c54-412b-b38b-57a241553837-AppendLogResponseHandler: Failed appendEntries: org.apache.ratis.thirdparty.io.grpc.StatusRuntimeException: UNAVAILABLE: io exception
2019-10-01 15:45:59,923 [grpc-default-executor-4] INFO  impl.FollowerInfo (FollowerInfo.java:lambda$new$0(51)) - 979f9232-9934-46b7-b55e-9df1564cd0b5@group-5B588368055C->4e6a07d6-9c54-412b-b38b-57a241553837: nextIndex: updateUnconditionally 0 -> 0
2019-10-01 15:46:00,139 [Thread-662] INFO  impl.FollowerState (FollowerState.java:run(106)) - c28b71e4-b935-41c8-abf7-7de4a956c002:group-EB8B467BD4F1 changes to CANDIDATE, lastRpcTime:2254, electionTimeout:1125ms
2019-10-01 15:46:00,139 [Thread-662] INFO  impl.RoleInfo (RoleInfo.java:shutdownFollowerState(121)) - c28b71e4-b935-41c8-abf7-7de4a956c002: shutdown FollowerState
2019-10-01 15:46:00,139 [Thread-662] INFO  impl.RaftServerImpl (RaftServerImpl.java:setRole(174)) - c28b71e4-b935-41c8-abf7-7de4a956c002@group-EB8B467BD4F1: changes role from  FOLLOWER to CANDIDATE at term 9 for changeToCandidate
2019-10-01 15:46:00,139 [Thread-662] INFO  impl.RoleInfo (RoleInfo.java:updateAndGet(143)) - c28b71e4-b935-41c8-abf7-7de4a956c002: start LeaderElection
2019-10-01 15:46:00,140 [c28b71e4-b935-41c8-abf7-7de4a956c002@group-EB8B467BD4F1:LeaderElection64] INFO  impl.RaftServerImpl (ServerState.java:setLeader(253)) - c28b71e4-b935-41c8-abf7-7de4a956c002@group-EB8B467BD4F1: change Leader from f1ba6add-ca0a-4791-abae-69f42b072e96 to null at term 9 for initElection
2019-10-01 15:46:00,154 [c28b71e4-b935-41c8-abf7-7de4a956c002@group-EB8B467BD4F1:LeaderElection64] INFO  impl.LeaderElection (LeaderElection.java:askForVotes(182)) - c28b71e4-b935-41c8-abf7-7de4a956c002@group-EB8B467BD4F1:LeaderElection64: begin an election at term 10 for 0: [f1ba6add-ca0a-4791-abae-69f42b072e96:192.168.151.117:38270, 6faae4d1-92b7-4646-993b-67f152b9d621:192.168.151.117:41086, c28b71e4-b935-41c8-abf7-7de4a956c002:192.168.151.117:35347], old=null
2019-10-01 15:46:00,160 [c28b71e4-b935-41c8-abf7-7de4a956c002@group-EB8B467BD4F1:LeaderElection64] INFO  impl.LeaderElection (LogUtils.java:infoOrTrace(149)) - c28b71e4-b935-41c8-abf7-7de4a956c002@group-EB8B467BD4F1:LeaderElection64 got exception when requesting votes: {}
java.util.concurrent.ExecutionException: org.apache.ratis.thirdparty.io.grpc.StatusRuntimeException: UNAVAILABLE: io exception
	at java.util.concurrent.FutureTask.report(FutureTask.java:122)
	at java.util.concurrent.FutureTask.get(FutureTask.java:192)
	at org.apache.ratis.server.impl.LeaderElection.waitForResults(LeaderElection.java:263)
	at org.apache.ratis.server.impl.LeaderElection.askForVotes(LeaderElection.java:201)
	at org.apache.ratis.server.impl.LeaderElection.run(LeaderElection.java:133)
	at java.lang.Thread.run(Thread.java:748)
Caused by: org.apache.ratis.thirdparty.io.grpc.StatusRuntimeException: UNAVAILABLE: io exception
	at org.apache.ratis.thirdparty.io.grpc.stub.ClientCalls.toStatusRuntimeException(ClientCalls.java:233)
	at org.apache.ratis.thirdparty.io.grpc.stub.ClientCalls.getUnchecked(ClientCalls.java:214)
	at org.apache.ratis.thirdparty.io.grpc.stub.ClientCalls.blockingUnaryCall(ClientCalls.java:139)
	at org.apache.ratis.proto.grpc.RaftServerProtocolServiceGrpc$RaftServerProtocolServiceBlockingStub.requestVote(RaftServerProtocolServiceGrpc.java:265)
	at org.apache.ratis.grpc.server.GrpcServerProtocolClient.requestVote(GrpcServerProtocolClient.java:90)
	at org.apache.ratis.grpc.server.GrpcService.requestVote(GrpcService.java:204)
	at org.apache.ratis.server.impl.LeaderElection.lambda$submitRequests$1(LeaderElection.java:238)
	at java.util.concurrent.FutureTask.run(FutureTask.java:266)
	at java.util.concurrent.Executors$RunnableAdapter.call(Executors.java:511)
	at java.util.concurrent.FutureTask.run(FutureTask.java:266)
	at java.util.concurrent.ThreadPoolExecutor.runWorker(ThreadPoolExecutor.java:1149)
	at java.util.concurrent.ThreadPoolExecutor$Worker.run(ThreadPoolExecutor.java:624)
	... 1 more
Caused by: org.apache.ratis.thirdparty.io.netty.channel.AbstractChannel$AnnotatedConnectException: Connection refused: /192.168.151.117:41086
	at sun.nio.ch.SocketChannelImpl.checkConnect(Native Method)
	at sun.nio.ch.SocketChannelImpl.finishConnect(SocketChannelImpl.java:717)
	at org.apache.ratis.thirdparty.io.netty.channel.socket.nio.NioSocketChannel.doFinishConnect(NioSocketChannel.java:327)
	at org.apache.ratis.thirdparty.io.netty.channel.nio.AbstractNioChannel$AbstractNioUnsafe.finishConnect(AbstractNioChannel.java:340)
	at org.apache.ratis.thirdparty.io.netty.channel.nio.NioEventLoop.processSelectedKey(NioEventLoop.java:632)
	at org.apache.ratis.thirdparty.io.netty.channel.nio.NioEventLoop.processSelectedKeysOptimized(NioEventLoop.java:579)
	at org.apache.ratis.thirdparty.io.netty.channel.nio.NioEventLoop.processSelectedKeys(NioEventLoop.java:496)
	at org.apache.ratis.thirdparty.io.netty.channel.nio.NioEventLoop.run(NioEventLoop.java:458)
	at org.apache.ratis.thirdparty.io.netty.util.concurrent.SingleThreadEventExecutor$5.run(SingleThreadEventExecutor.java:897)
	at org.apache.ratis.thirdparty.io.netty.util.concurrent.FastThreadLocalRunnable.run(FastThreadLocalRunnable.java:30)
	... 1 more
Caused by: java.net.ConnectException: Connection refused
	... 11 more
2019-10-01 15:46:00,165 [c28b71e4-b935-41c8-abf7-7de4a956c002@group-EB8B467BD4F1:LeaderElection64] INFO  impl.LeaderElection (LogUtils.java:infoOrTrace(149)) - c28b71e4-b935-41c8-abf7-7de4a956c002@group-EB8B467BD4F1:LeaderElection64 got exception when requesting votes: {}
java.util.concurrent.ExecutionException: org.apache.ratis.thirdparty.io.grpc.StatusRuntimeException: UNAVAILABLE: io exception
	at java.util.concurrent.FutureTask.report(FutureTask.java:122)
	at java.util.concurrent.FutureTask.get(FutureTask.java:192)
	at org.apache.ratis.server.impl.LeaderElection.waitForResults(LeaderElection.java:263)
	at org.apache.ratis.server.impl.LeaderElection.askForVotes(LeaderElection.java:201)
	at org.apache.ratis.server.impl.LeaderElection.run(LeaderElection.java:133)
	at java.lang.Thread.run(Thread.java:748)
Caused by: org.apache.ratis.thirdparty.io.grpc.StatusRuntimeException: UNAVAILABLE: io exception
	at org.apache.ratis.thirdparty.io.grpc.stub.ClientCalls.toStatusRuntimeException(ClientCalls.java:233)
	at org.apache.ratis.thirdparty.io.grpc.stub.ClientCalls.getUnchecked(ClientCalls.java:214)
	at org.apache.ratis.thirdparty.io.grpc.stub.ClientCalls.blockingUnaryCall(ClientCalls.java:139)
	at org.apache.ratis.proto.grpc.RaftServerProtocolServiceGrpc$RaftServerProtocolServiceBlockingStub.requestVote(RaftServerProtocolServiceGrpc.java:265)
	at org.apache.ratis.grpc.server.GrpcServerProtocolClient.requestVote(GrpcServerProtocolClient.java:90)
	at org.apache.ratis.grpc.server.GrpcService.requestVote(GrpcService.java:204)
	at org.apache.ratis.server.impl.LeaderElection.lambda$submitRequests$1(LeaderElection.java:238)
	at java.util.concurrent.FutureTask.run(FutureTask.java:266)
	at java.util.concurrent.Executors$RunnableAdapter.call(Executors.java:511)
	at java.util.concurrent.FutureTask.run(FutureTask.java:266)
	at java.util.concurrent.ThreadPoolExecutor.runWorker(ThreadPoolExecutor.java:1149)
	at java.util.concurrent.ThreadPoolExecutor$Worker.run(ThreadPoolExecutor.java:624)
	... 1 more
Caused by: org.apache.ratis.thirdparty.io.netty.channel.AbstractChannel$AnnotatedConnectException: Connection refused: /192.168.151.117:38270
	at sun.nio.ch.SocketChannelImpl.checkConnect(Native Method)
	at sun.nio.ch.SocketChannelImpl.finishConnect(SocketChannelImpl.java:717)
	at org.apache.ratis.thirdparty.io.netty.channel.socket.nio.NioSocketChannel.doFinishConnect(NioSocketChannel.java:327)
	at org.apache.ratis.thirdparty.io.netty.channel.nio.AbstractNioChannel$AbstractNioUnsafe.finishConnect(AbstractNioChannel.java:340)
	at org.apache.ratis.thirdparty.io.netty.channel.nio.NioEventLoop.processSelectedKey(NioEventLoop.java:632)
	at org.apache.ratis.thirdparty.io.netty.channel.nio.NioEventLoop.processSelectedKeysOptimized(NioEventLoop.java:579)
	at org.apache.ratis.thirdparty.io.netty.channel.nio.NioEventLoop.processSelectedKeys(NioEventLoop.java:496)
	at org.apache.ratis.thirdparty.io.netty.channel.nio.NioEventLoop.run(NioEventLoop.java:458)
	at org.apache.ratis.thirdparty.io.netty.util.concurrent.SingleThreadEventExecutor$5.run(SingleThreadEventExecutor.java:897)
	at org.apache.ratis.thirdparty.io.netty.util.concurrent.FastThreadLocalRunnable.run(FastThreadLocalRunnable.java:30)
	... 1 more
Caused by: java.net.ConnectException: Connection refused
	... 11 more
2019-10-01 15:46:00,167 [c28b71e4-b935-41c8-abf7-7de4a956c002@group-EB8B467BD4F1:LeaderElection64] INFO  impl.LeaderElection (LeaderElection.java:logAndReturn(56)) - c28b71e4-b935-41c8-abf7-7de4a956c002@group-EB8B467BD4F1:LeaderElection64: Election REJECTED; received 0 response(s) [] and 2 exception(s); c28b71e4-b935-41c8-abf7-7de4a956c002@group-EB8B467BD4F1:t10, leader=null, voted=c28b71e4-b935-41c8-abf7-7de4a956c002, raftlog=c28b71e4-b935-41c8-abf7-7de4a956c002@group-EB8B467BD4F1-SegmentedRaftLog:OPENED:c19,f19,i19, conf=0: [f1ba6add-ca0a-4791-abae-69f42b072e96:192.168.151.117:38270, 6faae4d1-92b7-4646-993b-67f152b9d621:192.168.151.117:41086, c28b71e4-b935-41c8-abf7-7de4a956c002:192.168.151.117:35347], old=null
2019-10-01 15:46:00,168 [c28b71e4-b935-41c8-abf7-7de4a956c002@group-EB8B467BD4F1:LeaderElection64] INFO  impl.LeaderElection (LogUtils.java:infoOrTrace(149)) -   Exception 0: {}
java.util.concurrent.ExecutionException: org.apache.ratis.thirdparty.io.grpc.StatusRuntimeException: UNAVAILABLE: io exception
	at java.util.concurrent.FutureTask.report(FutureTask.java:122)
	at java.util.concurrent.FutureTask.get(FutureTask.java:192)
	at org.apache.ratis.server.impl.LeaderElection.waitForResults(LeaderElection.java:263)
	at org.apache.ratis.server.impl.LeaderElection.askForVotes(LeaderElection.java:201)
	at org.apache.ratis.server.impl.LeaderElection.run(LeaderElection.java:133)
	at java.lang.Thread.run(Thread.java:748)
Caused by: org.apache.ratis.thirdparty.io.grpc.StatusRuntimeException: UNAVAILABLE: io exception
	at org.apache.ratis.thirdparty.io.grpc.stub.ClientCalls.toStatusRuntimeException(ClientCalls.java:233)
	at org.apache.ratis.thirdparty.io.grpc.stub.ClientCalls.getUnchecked(ClientCalls.java:214)
	at org.apache.ratis.thirdparty.io.grpc.stub.ClientCalls.blockingUnaryCall(ClientCalls.java:139)
	at org.apache.ratis.proto.grpc.RaftServerProtocolServiceGrpc$RaftServerProtocolServiceBlockingStub.requestVote(RaftServerProtocolServiceGrpc.java:265)
	at org.apache.ratis.grpc.server.GrpcServerProtocolClient.requestVote(GrpcServerProtocolClient.java:90)
	at org.apache.ratis.grpc.server.GrpcService.requestVote(GrpcService.java:204)
	at org.apache.ratis.server.impl.LeaderElection.lambda$submitRequests$1(LeaderElection.java:238)
	at java.util.concurrent.FutureTask.run(FutureTask.java:266)
	at java.util.concurrent.Executors$RunnableAdapter.call(Executors.java:511)
	at java.util.concurrent.FutureTask.run(FutureTask.java:266)
	at java.util.concurrent.ThreadPoolExecutor.runWorker(ThreadPoolExecutor.java:1149)
	at java.util.concurrent.ThreadPoolExecutor$Worker.run(ThreadPoolExecutor.java:624)
	... 1 more
Caused by: org.apache.ratis.thirdparty.io.netty.channel.AbstractChannel$AnnotatedConnectException: Connection refused: /192.168.151.117:41086
	at sun.nio.ch.SocketChannelImpl.checkConnect(Native Method)
	at sun.nio.ch.SocketChannelImpl.finishConnect(SocketChannelImpl.java:717)
	at org.apache.ratis.thirdparty.io.netty.channel.socket.nio.NioSocketChannel.doFinishConnect(NioSocketChannel.java:327)
	at org.apache.ratis.thirdparty.io.netty.channel.nio.AbstractNioChannel$AbstractNioUnsafe.finishConnect(AbstractNioChannel.java:340)
	at org.apache.ratis.thirdparty.io.netty.channel.nio.NioEventLoop.processSelectedKey(NioEventLoop.java:632)
	at org.apache.ratis.thirdparty.io.netty.channel.nio.NioEventLoop.processSelectedKeysOptimized(NioEventLoop.java:579)
	at org.apache.ratis.thirdparty.io.netty.channel.nio.NioEventLoop.processSelectedKeys(NioEventLoop.java:496)
	at org.apache.ratis.thirdparty.io.netty.channel.nio.NioEventLoop.run(NioEventLoop.java:458)
	at org.apache.ratis.thirdparty.io.netty.util.concurrent.SingleThreadEventExecutor$5.run(SingleThreadEventExecutor.java:897)
	at org.apache.ratis.thirdparty.io.netty.util.concurrent.FastThreadLocalRunnable.run(FastThreadLocalRunnable.java:30)
	... 1 more
Caused by: java.net.ConnectException: Connection refused
	... 11 more
2019-10-01 15:46:00,168 [c28b71e4-b935-41c8-abf7-7de4a956c002@group-EB8B467BD4F1:LeaderElection64] INFO  impl.LeaderElection (LogUtils.java:infoOrTrace(149)) -   Exception 1: {}
java.util.concurrent.ExecutionException: org.apache.ratis.thirdparty.io.grpc.StatusRuntimeException: UNAVAILABLE: io exception
	at java.util.concurrent.FutureTask.report(FutureTask.java:122)
	at java.util.concurrent.FutureTask.get(FutureTask.java:192)
	at org.apache.ratis.server.impl.LeaderElection.waitForResults(LeaderElection.java:263)
	at org.apache.ratis.server.impl.LeaderElection.askForVotes(LeaderElection.java:201)
	at org.apache.ratis.server.impl.LeaderElection.run(LeaderElection.java:133)
	at java.lang.Thread.run(Thread.java:748)
Caused by: org.apache.ratis.thirdparty.io.grpc.StatusRuntimeException: UNAVAILABLE: io exception
	at org.apache.ratis.thirdparty.io.grpc.stub.ClientCalls.toStatusRuntimeException(ClientCalls.java:233)
	at org.apache.ratis.thirdparty.io.grpc.stub.ClientCalls.getUnchecked(ClientCalls.java:214)
	at org.apache.ratis.thirdparty.io.grpc.stub.ClientCalls.blockingUnaryCall(ClientCalls.java:139)
	at org.apache.ratis.proto.grpc.RaftServerProtocolServiceGrpc$RaftServerProtocolServiceBlockingStub.requestVote(RaftServerProtocolServiceGrpc.java:265)
	at org.apache.ratis.grpc.server.GrpcServerProtocolClient.requestVote(GrpcServerProtocolClient.java:90)
	at org.apache.ratis.grpc.server.GrpcService.requestVote(GrpcService.java:204)
	at org.apache.ratis.server.impl.LeaderElection.lambda$submitRequests$1(LeaderElection.java:238)
	at java.util.concurrent.FutureTask.run(FutureTask.java:266)
	at java.util.concurrent.Executors$RunnableAdapter.call(Executors.java:511)
	at java.util.concurrent.FutureTask.run(FutureTask.java:266)
	at java.util.concurrent.ThreadPoolExecutor.runWorker(ThreadPoolExecutor.java:1149)
	at java.util.concurrent.ThreadPoolExecutor$Worker.run(ThreadPoolExecutor.java:624)
	... 1 more
Caused by: org.apache.ratis.thirdparty.io.netty.channel.AbstractChannel$AnnotatedConnectException: Connection refused: /192.168.151.117:38270
	at sun.nio.ch.SocketChannelImpl.checkConnect(Native Method)
	at sun.nio.ch.SocketChannelImpl.finishConnect(SocketChannelImpl.java:717)
	at org.apache.ratis.thirdparty.io.netty.channel.socket.nio.NioSocketChannel.doFinishConnect(NioSocketChannel.java:327)
	at org.apache.ratis.thirdparty.io.netty.channel.nio.AbstractNioChannel$AbstractNioUnsafe.finishConnect(AbstractNioChannel.java:340)
	at org.apache.ratis.thirdparty.io.netty.channel.nio.NioEventLoop.processSelectedKey(NioEventLoop.java:632)
	at org.apache.ratis.thirdparty.io.netty.channel.nio.NioEventLoop.processSelectedKeysOptimized(NioEventLoop.java:579)
	at org.apache.ratis.thirdparty.io.netty.channel.nio.NioEventLoop.processSelectedKeys(NioEventLoop.java:496)
	at org.apache.ratis.thirdparty.io.netty.channel.nio.NioEventLoop.run(NioEventLoop.java:458)
	at org.apache.ratis.thirdparty.io.netty.util.concurrent.SingleThreadEventExecutor$5.run(SingleThreadEventExecutor.java:897)
	at org.apache.ratis.thirdparty.io.netty.util.concurrent.FastThreadLocalRunnable.run(FastThreadLocalRunnable.java:30)
	... 1 more
Caused by: java.net.ConnectException: Connection refused
	... 11 more
2019-10-01 15:46:00,169 [c28b71e4-b935-41c8-abf7-7de4a956c002@group-EB8B467BD4F1:LeaderElection64] INFO  impl.RaftServerImpl (RaftServerImpl.java:setRole(174)) - c28b71e4-b935-41c8-abf7-7de4a956c002@group-EB8B467BD4F1: changes role from CANDIDATE to FOLLOWER at term 10 for DISCOVERED_A_NEW_TERM
2019-10-01 15:46:00,169 [c28b71e4-b935-41c8-abf7-7de4a956c002@group-EB8B467BD4F1:LeaderElection64] INFO  impl.RoleInfo (RoleInfo.java:shutdownLeaderElection(134)) - c28b71e4-b935-41c8-abf7-7de4a956c002: shutdown LeaderElection
2019-10-01 15:46:00,169 [c28b71e4-b935-41c8-abf7-7de4a956c002@group-EB8B467BD4F1:LeaderElection64] INFO  impl.RoleInfo (RoleInfo.java:updateAndGet(143)) - c28b71e4-b935-41c8-abf7-7de4a956c002: start FollowerState
2019-10-01 15:46:00,377 [grpc-default-executor-7] WARN  server.GrpcLogAppender (LogUtils.java:warn(134)) - 9f82fbf8-4fac-4532-8c36-3e6bef784ba1@group-16BC6866FE65->5645e86d-f871-44bb-8607-ce62943605c0-AppendLogResponseHandler: Failed appendEntries: org.apache.ratis.thirdparty.io.grpc.StatusRuntimeException: UNAVAILABLE: io exception
2019-10-01 15:46:00,378 [grpc-default-executor-7] INFO  impl.FollowerInfo (FollowerInfo.java:lambda$new$0(51)) - 9f82fbf8-4fac-4532-8c36-3e6bef784ba1@group-16BC6866FE65->5645e86d-f871-44bb-8607-ce62943605c0: nextIndex: updateUnconditionally 0 -> 0
2019-10-01 15:46:00,424 [grpc-default-executor-4] WARN  server.GrpcLogAppender (LogUtils.java:warn(134)) - 979f9232-9934-46b7-b55e-9df1564cd0b5@group-5B588368055C->4e6a07d6-9c54-412b-b38b-57a241553837-AppendLogResponseHandler: Failed appendEntries: org.apache.ratis.thirdparty.io.grpc.StatusRuntimeException: UNAVAILABLE: io exception
2019-10-01 15:46:00,424 [grpc-default-executor-4] INFO  impl.FollowerInfo (FollowerInfo.java:lambda$new$0(51)) - 979f9232-9934-46b7-b55e-9df1564cd0b5@group-5B588368055C->4e6a07d6-9c54-412b-b38b-57a241553837: nextIndex: updateUnconditionally 0 -> 0
2019-10-01 15:46:00,882 [grpc-default-executor-6] WARN  server.GrpcLogAppender (LogUtils.java:warn(134)) - 9f82fbf8-4fac-4532-8c36-3e6bef784ba1@group-16BC6866FE65->5645e86d-f871-44bb-8607-ce62943605c0-AppendLogResponseHandler: Failed appendEntries: org.apache.ratis.thirdparty.io.grpc.StatusRuntimeException: UNAVAILABLE: io exception
2019-10-01 15:46:00,883 [grpc-default-executor-6] INFO  impl.FollowerInfo (FollowerInfo.java:lambda$new$0(51)) - 9f82fbf8-4fac-4532-8c36-3e6bef784ba1@group-16BC6866FE65->5645e86d-f871-44bb-8607-ce62943605c0: nextIndex: updateUnconditionally 0 -> 0
2019-10-01 15:46:00,925 [grpc-default-executor-4] WARN  server.GrpcLogAppender (LogUtils.java:warn(134)) - 979f9232-9934-46b7-b55e-9df1564cd0b5@group-5B588368055C->4e6a07d6-9c54-412b-b38b-57a241553837-AppendLogResponseHandler: Failed appendEntries: org.apache.ratis.thirdparty.io.grpc.StatusRuntimeException: UNAVAILABLE: io exception
2019-10-01 15:46:00,925 [grpc-default-executor-4] INFO  impl.FollowerInfo (FollowerInfo.java:lambda$new$0(51)) - 979f9232-9934-46b7-b55e-9df1564cd0b5@group-5B588368055C->4e6a07d6-9c54-412b-b38b-57a241553837: nextIndex: updateUnconditionally 0 -> 0
2019-10-01 15:46:01,222 [Thread-856] INFO  impl.FollowerState (FollowerState.java:run(106)) - c28b71e4-b935-41c8-abf7-7de4a956c002:group-EB8B467BD4F1 changes to CANDIDATE, lastRpcTime:1052, electionTimeout:1052ms
2019-10-01 15:46:01,222 [Thread-856] INFO  impl.RoleInfo (RoleInfo.java:shutdownFollowerState(121)) - c28b71e4-b935-41c8-abf7-7de4a956c002: shutdown FollowerState
2019-10-01 15:46:01,222 [Thread-856] INFO  impl.RaftServerImpl (RaftServerImpl.java:setRole(174)) - c28b71e4-b935-41c8-abf7-7de4a956c002@group-EB8B467BD4F1: changes role from  FOLLOWER to CANDIDATE at term 10 for changeToCandidate
2019-10-01 15:46:01,222 [Thread-856] INFO  impl.RoleInfo (RoleInfo.java:updateAndGet(143)) - c28b71e4-b935-41c8-abf7-7de4a956c002: start LeaderElection
2019-10-01 15:46:01,236 [c28b71e4-b935-41c8-abf7-7de4a956c002@group-EB8B467BD4F1:LeaderElection65] INFO  impl.LeaderElection (LeaderElection.java:askForVotes(182)) - c28b71e4-b935-41c8-abf7-7de4a956c002@group-EB8B467BD4F1:LeaderElection65: begin an election at term 11 for 0: [f1ba6add-ca0a-4791-abae-69f42b072e96:192.168.151.117:38270, 6faae4d1-92b7-4646-993b-67f152b9d621:192.168.151.117:41086, c28b71e4-b935-41c8-abf7-7de4a956c002:192.168.151.117:35347], old=null
2019-10-01 15:46:01,238 [c28b71e4-b935-41c8-abf7-7de4a956c002@group-EB8B467BD4F1:LeaderElection65] INFO  impl.LeaderElection (LogUtils.java:infoOrTrace(149)) - c28b71e4-b935-41c8-abf7-7de4a956c002@group-EB8B467BD4F1:LeaderElection65 got exception when requesting votes: {}
java.util.concurrent.ExecutionException: org.apache.ratis.thirdparty.io.grpc.StatusRuntimeException: UNAVAILABLE: io exception
	at java.util.concurrent.FutureTask.report(FutureTask.java:122)
	at java.util.concurrent.FutureTask.get(FutureTask.java:192)
	at org.apache.ratis.server.impl.LeaderElection.waitForResults(LeaderElection.java:263)
	at org.apache.ratis.server.impl.LeaderElection.askForVotes(LeaderElection.java:201)
	at org.apache.ratis.server.impl.LeaderElection.run(LeaderElection.java:133)
	at java.lang.Thread.run(Thread.java:748)
Caused by: org.apache.ratis.thirdparty.io.grpc.StatusRuntimeException: UNAVAILABLE: io exception
	at org.apache.ratis.thirdparty.io.grpc.stub.ClientCalls.toStatusRuntimeException(ClientCalls.java:233)
	at org.apache.ratis.thirdparty.io.grpc.stub.ClientCalls.getUnchecked(ClientCalls.java:214)
	at org.apache.ratis.thirdparty.io.grpc.stub.ClientCalls.blockingUnaryCall(ClientCalls.java:139)
	at org.apache.ratis.proto.grpc.RaftServerProtocolServiceGrpc$RaftServerProtocolServiceBlockingStub.requestVote(RaftServerProtocolServiceGrpc.java:265)
	at org.apache.ratis.grpc.server.GrpcServerProtocolClient.requestVote(GrpcServerProtocolClient.java:90)
	at org.apache.ratis.grpc.server.GrpcService.requestVote(GrpcService.java:204)
	at org.apache.ratis.server.impl.LeaderElection.lambda$submitRequests$1(LeaderElection.java:238)
	at java.util.concurrent.FutureTask.run(FutureTask.java:266)
	at java.util.concurrent.Executors$RunnableAdapter.call(Executors.java:511)
	at java.util.concurrent.FutureTask.run(FutureTask.java:266)
	at java.util.concurrent.ThreadPoolExecutor.runWorker(ThreadPoolExecutor.java:1149)
	at java.util.concurrent.ThreadPoolExecutor$Worker.run(ThreadPoolExecutor.java:624)
	... 1 more
Caused by: org.apache.ratis.thirdparty.io.netty.channel.AbstractChannel$AnnotatedConnectException: Connection refused: /192.168.151.117:38270
	at sun.nio.ch.SocketChannelImpl.checkConnect(Native Method)
	at sun.nio.ch.SocketChannelImpl.finishConnect(SocketChannelImpl.java:717)
	at org.apache.ratis.thirdparty.io.netty.channel.socket.nio.NioSocketChannel.doFinishConnect(NioSocketChannel.java:327)
	at org.apache.ratis.thirdparty.io.netty.channel.nio.AbstractNioChannel$AbstractNioUnsafe.finishConnect(AbstractNioChannel.java:340)
	at org.apache.ratis.thirdparty.io.netty.channel.nio.NioEventLoop.processSelectedKey(NioEventLoop.java:632)
	at org.apache.ratis.thirdparty.io.netty.channel.nio.NioEventLoop.processSelectedKeysOptimized(NioEventLoop.java:579)
	at org.apache.ratis.thirdparty.io.netty.channel.nio.NioEventLoop.processSelectedKeys(NioEventLoop.java:496)
	at org.apache.ratis.thirdparty.io.netty.channel.nio.NioEventLoop.run(NioEventLoop.java:458)
	at org.apache.ratis.thirdparty.io.netty.util.concurrent.SingleThreadEventExecutor$5.run(SingleThreadEventExecutor.java:897)
	at org.apache.ratis.thirdparty.io.netty.util.concurrent.FastThreadLocalRunnable.run(FastThreadLocalRunnable.java:30)
	... 1 more
Caused by: java.net.ConnectException: Connection refused
	... 11 more
2019-10-01 15:46:01,240 [c28b71e4-b935-41c8-abf7-7de4a956c002@group-EB8B467BD4F1:LeaderElection65] INFO  impl.LeaderElection (LogUtils.java:infoOrTrace(149)) - c28b71e4-b935-41c8-abf7-7de4a956c002@group-EB8B467BD4F1:LeaderElection65 got exception when requesting votes: {}
java.util.concurrent.ExecutionException: org.apache.ratis.thirdparty.io.grpc.StatusRuntimeException: UNAVAILABLE: io exception
	at java.util.concurrent.FutureTask.report(FutureTask.java:122)
	at java.util.concurrent.FutureTask.get(FutureTask.java:192)
	at org.apache.ratis.server.impl.LeaderElection.waitForResults(LeaderElection.java:263)
	at org.apache.ratis.server.impl.LeaderElection.askForVotes(LeaderElection.java:201)
	at org.apache.ratis.server.impl.LeaderElection.run(LeaderElection.java:133)
	at java.lang.Thread.run(Thread.java:748)
Caused by: org.apache.ratis.thirdparty.io.grpc.StatusRuntimeException: UNAVAILABLE: io exception
	at org.apache.ratis.thirdparty.io.grpc.stub.ClientCalls.toStatusRuntimeException(ClientCalls.java:233)
	at org.apache.ratis.thirdparty.io.grpc.stub.ClientCalls.getUnchecked(ClientCalls.java:214)
	at org.apache.ratis.thirdparty.io.grpc.stub.ClientCalls.blockingUnaryCall(ClientCalls.java:139)
	at org.apache.ratis.proto.grpc.RaftServerProtocolServiceGrpc$RaftServerProtocolServiceBlockingStub.requestVote(RaftServerProtocolServiceGrpc.java:265)
	at org.apache.ratis.grpc.server.GrpcServerProtocolClient.requestVote(GrpcServerProtocolClient.java:90)
	at org.apache.ratis.grpc.server.GrpcService.requestVote(GrpcService.java:204)
	at org.apache.ratis.server.impl.LeaderElection.lambda$submitRequests$1(LeaderElection.java:238)
	at java.util.concurrent.FutureTask.run(FutureTask.java:266)
	at java.util.concurrent.Executors$RunnableAdapter.call(Executors.java:511)
	at java.util.concurrent.FutureTask.run(FutureTask.java:266)
	at java.util.concurrent.ThreadPoolExecutor.runWorker(ThreadPoolExecutor.java:1149)
	at java.util.concurrent.ThreadPoolExecutor$Worker.run(ThreadPoolExecutor.java:624)
	... 1 more
Caused by: org.apache.ratis.thirdparty.io.netty.channel.AbstractChannel$AnnotatedConnectException: Connection refused: /192.168.151.117:41086
	at sun.nio.ch.SocketChannelImpl.checkConnect(Native Method)
	at sun.nio.ch.SocketChannelImpl.finishConnect(SocketChannelImpl.java:717)
	at org.apache.ratis.thirdparty.io.netty.channel.socket.nio.NioSocketChannel.doFinishConnect(NioSocketChannel.java:327)
	at org.apache.ratis.thirdparty.io.netty.channel.nio.AbstractNioChannel$AbstractNioUnsafe.finishConnect(AbstractNioChannel.java:340)
	at org.apache.ratis.thirdparty.io.netty.channel.nio.NioEventLoop.processSelectedKey(NioEventLoop.java:632)
	at org.apache.ratis.thirdparty.io.netty.channel.nio.NioEventLoop.processSelectedKeysOptimized(NioEventLoop.java:579)
	at org.apache.ratis.thirdparty.io.netty.channel.nio.NioEventLoop.processSelectedKeys(NioEventLoop.java:496)
	at org.apache.ratis.thirdparty.io.netty.channel.nio.NioEventLoop.run(NioEventLoop.java:458)
	at org.apache.ratis.thirdparty.io.netty.util.concurrent.SingleThreadEventExecutor$5.run(SingleThreadEventExecutor.java:897)
	at org.apache.ratis.thirdparty.io.netty.util.concurrent.FastThreadLocalRunnable.run(FastThreadLocalRunnable.java:30)
	... 1 more
Caused by: java.net.ConnectException: Connection refused
	... 11 more
2019-10-01 15:46:01,242 [c28b71e4-b935-41c8-abf7-7de4a956c002@group-EB8B467BD4F1:LeaderElection65] INFO  impl.LeaderElection (LeaderElection.java:logAndReturn(56)) - c28b71e4-b935-41c8-abf7-7de4a956c002@group-EB8B467BD4F1:LeaderElection65: Election REJECTED; received 0 response(s) [] and 2 exception(s); c28b71e4-b935-41c8-abf7-7de4a956c002@group-EB8B467BD4F1:t11, leader=null, voted=c28b71e4-b935-41c8-abf7-7de4a956c002, raftlog=c28b71e4-b935-41c8-abf7-7de4a956c002@group-EB8B467BD4F1-SegmentedRaftLog:OPENED:c19,f19,i19, conf=0: [f1ba6add-ca0a-4791-abae-69f42b072e96:192.168.151.117:38270, 6faae4d1-92b7-4646-993b-67f152b9d621:192.168.151.117:41086, c28b71e4-b935-41c8-abf7-7de4a956c002:192.168.151.117:35347], old=null
2019-10-01 15:46:01,242 [c28b71e4-b935-41c8-abf7-7de4a956c002@group-EB8B467BD4F1:LeaderElection65] INFO  impl.LeaderElection (LogUtils.java:infoOrTrace(149)) -   Exception 0: {}
java.util.concurrent.ExecutionException: org.apache.ratis.thirdparty.io.grpc.StatusRuntimeException: UNAVAILABLE: io exception
	at java.util.concurrent.FutureTask.report(FutureTask.java:122)
	at java.util.concurrent.FutureTask.get(FutureTask.java:192)
	at org.apache.ratis.server.impl.LeaderElection.waitForResults(LeaderElection.java:263)
	at org.apache.ratis.server.impl.LeaderElection.askForVotes(LeaderElection.java:201)
	at org.apache.ratis.server.impl.LeaderElection.run(LeaderElection.java:133)
	at java.lang.Thread.run(Thread.java:748)
Caused by: org.apache.ratis.thirdparty.io.grpc.StatusRuntimeException: UNAVAILABLE: io exception
	at org.apache.ratis.thirdparty.io.grpc.stub.ClientCalls.toStatusRuntimeException(ClientCalls.java:233)
	at org.apache.ratis.thirdparty.io.grpc.stub.ClientCalls.getUnchecked(ClientCalls.java:214)
	at org.apache.ratis.thirdparty.io.grpc.stub.ClientCalls.blockingUnaryCall(ClientCalls.java:139)
	at org.apache.ratis.proto.grpc.RaftServerProtocolServiceGrpc$RaftServerProtocolServiceBlockingStub.requestVote(RaftServerProtocolServiceGrpc.java:265)
	at org.apache.ratis.grpc.server.GrpcServerProtocolClient.requestVote(GrpcServerProtocolClient.java:90)
	at org.apache.ratis.grpc.server.GrpcService.requestVote(GrpcService.java:204)
	at org.apache.ratis.server.impl.LeaderElection.lambda$submitRequests$1(LeaderElection.java:238)
	at java.util.concurrent.FutureTask.run(FutureTask.java:266)
	at java.util.concurrent.Executors$RunnableAdapter.call(Executors.java:511)
	at java.util.concurrent.FutureTask.run(FutureTask.java:266)
	at java.util.concurrent.ThreadPoolExecutor.runWorker(ThreadPoolExecutor.java:1149)
	at java.util.concurrent.ThreadPoolExecutor$Worker.run(ThreadPoolExecutor.java:624)
	... 1 more
Caused by: org.apache.ratis.thirdparty.io.netty.channel.AbstractChannel$AnnotatedConnectException: Connection refused: /192.168.151.117:38270
	at sun.nio.ch.SocketChannelImpl.checkConnect(Native Method)
	at sun.nio.ch.SocketChannelImpl.finishConnect(SocketChannelImpl.java:717)
	at org.apache.ratis.thirdparty.io.netty.channel.socket.nio.NioSocketChannel.doFinishConnect(NioSocketChannel.java:327)
	at org.apache.ratis.thirdparty.io.netty.channel.nio.AbstractNioChannel$AbstractNioUnsafe.finishConnect(AbstractNioChannel.java:340)
	at org.apache.ratis.thirdparty.io.netty.channel.nio.NioEventLoop.processSelectedKey(NioEventLoop.java:632)
	at org.apache.ratis.thirdparty.io.netty.channel.nio.NioEventLoop.processSelectedKeysOptimized(NioEventLoop.java:579)
	at org.apache.ratis.thirdparty.io.netty.channel.nio.NioEventLoop.processSelectedKeys(NioEventLoop.java:496)
	at org.apache.ratis.thirdparty.io.netty.channel.nio.NioEventLoop.run(NioEventLoop.java:458)
	at org.apache.ratis.thirdparty.io.netty.util.concurrent.SingleThreadEventExecutor$5.run(SingleThreadEventExecutor.java:897)
	at org.apache.ratis.thirdparty.io.netty.util.concurrent.FastThreadLocalRunnable.run(FastThreadLocalRunnable.java:30)
	... 1 more
Caused by: java.net.ConnectException: Connection refused
	... 11 more
2019-10-01 15:46:01,243 [c28b71e4-b935-41c8-abf7-7de4a956c002@group-EB8B467BD4F1:LeaderElection65] INFO  impl.LeaderElection (LogUtils.java:infoOrTrace(149)) -   Exception 1: {}
java.util.concurrent.ExecutionException: org.apache.ratis.thirdparty.io.grpc.StatusRuntimeException: UNAVAILABLE: io exception
	at java.util.concurrent.FutureTask.report(FutureTask.java:122)
	at java.util.concurrent.FutureTask.get(FutureTask.java:192)
	at org.apache.ratis.server.impl.LeaderElection.waitForResults(LeaderElection.java:263)
	at org.apache.ratis.server.impl.LeaderElection.askForVotes(LeaderElection.java:201)
	at org.apache.ratis.server.impl.LeaderElection.run(LeaderElection.java:133)
	at java.lang.Thread.run(Thread.java:748)
Caused by: org.apache.ratis.thirdparty.io.grpc.StatusRuntimeException: UNAVAILABLE: io exception
	at org.apache.ratis.thirdparty.io.grpc.stub.ClientCalls.toStatusRuntimeException(ClientCalls.java:233)
	at org.apache.ratis.thirdparty.io.grpc.stub.ClientCalls.getUnchecked(ClientCalls.java:214)
	at org.apache.ratis.thirdparty.io.grpc.stub.ClientCalls.blockingUnaryCall(ClientCalls.java:139)
	at org.apache.ratis.proto.grpc.RaftServerProtocolServiceGrpc$RaftServerProtocolServiceBlockingStub.requestVote(RaftServerProtocolServiceGrpc.java:265)
	at org.apache.ratis.grpc.server.GrpcServerProtocolClient.requestVote(GrpcServerProtocolClient.java:90)
	at org.apache.ratis.grpc.server.GrpcService.requestVote(GrpcService.java:204)
	at org.apache.ratis.server.impl.LeaderElection.lambda$submitRequests$1(LeaderElection.java:238)
	at java.util.concurrent.FutureTask.run(FutureTask.java:266)
	at java.util.concurrent.Executors$RunnableAdapter.call(Executors.java:511)
	at java.util.concurrent.FutureTask.run(FutureTask.java:266)
	at java.util.concurrent.ThreadPoolExecutor.runWorker(ThreadPoolExecutor.java:1149)
	at java.util.concurrent.ThreadPoolExecutor$Worker.run(ThreadPoolExecutor.java:624)
	... 1 more
Caused by: org.apache.ratis.thirdparty.io.netty.channel.AbstractChannel$AnnotatedConnectException: Connection refused: /192.168.151.117:41086
	at sun.nio.ch.SocketChannelImpl.checkConnect(Native Method)
	at sun.nio.ch.SocketChannelImpl.finishConnect(SocketChannelImpl.java:717)
	at org.apache.ratis.thirdparty.io.netty.channel.socket.nio.NioSocketChannel.doFinishConnect(NioSocketChannel.java:327)
	at org.apache.ratis.thirdparty.io.netty.channel.nio.AbstractNioChannel$AbstractNioUnsafe.finishConnect(AbstractNioChannel.java:340)
	at org.apache.ratis.thirdparty.io.netty.channel.nio.NioEventLoop.processSelectedKey(NioEventLoop.java:632)
	at org.apache.ratis.thirdparty.io.netty.channel.nio.NioEventLoop.processSelectedKeysOptimized(NioEventLoop.java:579)
	at org.apache.ratis.thirdparty.io.netty.channel.nio.NioEventLoop.processSelectedKeys(NioEventLoop.java:496)
	at org.apache.ratis.thirdparty.io.netty.channel.nio.NioEventLoop.run(NioEventLoop.java:458)
	at org.apache.ratis.thirdparty.io.netty.util.concurrent.SingleThreadEventExecutor$5.run(SingleThreadEventExecutor.java:897)
	at org.apache.ratis.thirdparty.io.netty.util.concurrent.FastThreadLocalRunnable.run(FastThreadLocalRunnable.java:30)
	... 1 more
Caused by: java.net.ConnectException: Connection refused
	... 11 more
2019-10-01 15:46:01,243 [c28b71e4-b935-41c8-abf7-7de4a956c002@group-EB8B467BD4F1:LeaderElection65] INFO  impl.RaftServerImpl (RaftServerImpl.java:setRole(174)) - c28b71e4-b935-41c8-abf7-7de4a956c002@group-EB8B467BD4F1: changes role from CANDIDATE to FOLLOWER at term 11 for DISCOVERED_A_NEW_TERM
2019-10-01 15:46:01,243 [c28b71e4-b935-41c8-abf7-7de4a956c002@group-EB8B467BD4F1:LeaderElection65] INFO  impl.RoleInfo (RoleInfo.java:shutdownLeaderElection(134)) - c28b71e4-b935-41c8-abf7-7de4a956c002: shutdown LeaderElection
2019-10-01 15:46:01,243 [c28b71e4-b935-41c8-abf7-7de4a956c002@group-EB8B467BD4F1:LeaderElection65] INFO  impl.RoleInfo (RoleInfo.java:updateAndGet(143)) - c28b71e4-b935-41c8-abf7-7de4a956c002: start FollowerState
2019-10-01 15:46:01,383 [grpc-default-executor-4] WARN  server.GrpcLogAppender (LogUtils.java:warn(134)) - 9f82fbf8-4fac-4532-8c36-3e6bef784ba1@group-16BC6866FE65->5645e86d-f871-44bb-8607-ce62943605c0-AppendLogResponseHandler: Failed appendEntries: org.apache.ratis.thirdparty.io.grpc.StatusRuntimeException: UNAVAILABLE: io exception
2019-10-01 15:46:01,383 [grpc-default-executor-4] INFO  impl.FollowerInfo (FollowerInfo.java:lambda$new$0(51)) - 9f82fbf8-4fac-4532-8c36-3e6bef784ba1@group-16BC6866FE65->5645e86d-f871-44bb-8607-ce62943605c0: nextIndex: updateUnconditionally 0 -> 0
2019-10-01 15:46:01,426 [grpc-default-executor-4] WARN  server.GrpcLogAppender (LogUtils.java:warn(134)) - 979f9232-9934-46b7-b55e-9df1564cd0b5@group-5B588368055C->4e6a07d6-9c54-412b-b38b-57a241553837-AppendLogResponseHandler: Failed appendEntries: org.apache.ratis.thirdparty.io.grpc.StatusRuntimeException: UNAVAILABLE: io exception
2019-10-01 15:46:01,426 [grpc-default-executor-4] INFO  impl.FollowerInfo (FollowerInfo.java:lambda$new$0(51)) - 979f9232-9934-46b7-b55e-9df1564cd0b5@group-5B588368055C->4e6a07d6-9c54-412b-b38b-57a241553837: nextIndex: updateUnconditionally 0 -> 0
2019-10-01 15:46:01,885 [grpc-default-executor-7] WARN  server.GrpcLogAppender (LogUtils.java:warn(134)) - 9f82fbf8-4fac-4532-8c36-3e6bef784ba1@group-16BC6866FE65->5645e86d-f871-44bb-8607-ce62943605c0-AppendLogResponseHandler: Failed appendEntries: org.apache.ratis.thirdparty.io.grpc.StatusRuntimeException: UNAVAILABLE: io exception
2019-10-01 15:46:01,886 [grpc-default-executor-7] INFO  impl.FollowerInfo (FollowerInfo.java:lambda$new$0(51)) - 9f82fbf8-4fac-4532-8c36-3e6bef784ba1@group-16BC6866FE65->5645e86d-f871-44bb-8607-ce62943605c0: nextIndex: updateUnconditionally 0 -> 0
2019-10-01 15:46:01,932 [grpc-default-executor-6] WARN  server.GrpcLogAppender (LogUtils.java:warn(134)) - 979f9232-9934-46b7-b55e-9df1564cd0b5@group-5B588368055C->4e6a07d6-9c54-412b-b38b-57a241553837-AppendLogResponseHandler: Failed appendEntries: org.apache.ratis.thirdparty.io.grpc.StatusRuntimeException: UNAVAILABLE: io exception
2019-10-01 15:46:01,934 [grpc-default-executor-6] INFO  impl.FollowerInfo (FollowerInfo.java:lambda$new$0(51)) - 979f9232-9934-46b7-b55e-9df1564cd0b5@group-5B588368055C->4e6a07d6-9c54-412b-b38b-57a241553837: nextIndex: updateUnconditionally 0 -> 0
2019-10-01 15:46:02,285 [Thread-864] INFO  impl.FollowerState (FollowerState.java:run(106)) - c28b71e4-b935-41c8-abf7-7de4a956c002:group-EB8B467BD4F1 changes to CANDIDATE, lastRpcTime:1041, electionTimeout:1041ms
2019-10-01 15:46:02,286 [Thread-864] INFO  impl.RoleInfo (RoleInfo.java:shutdownFollowerState(121)) - c28b71e4-b935-41c8-abf7-7de4a956c002: shutdown FollowerState
2019-10-01 15:46:02,286 [Thread-864] INFO  impl.RaftServerImpl (RaftServerImpl.java:setRole(174)) - c28b71e4-b935-41c8-abf7-7de4a956c002@group-EB8B467BD4F1: changes role from  FOLLOWER to CANDIDATE at term 11 for changeToCandidate
2019-10-01 15:46:02,287 [Thread-864] INFO  impl.RoleInfo (RoleInfo.java:updateAndGet(143)) - c28b71e4-b935-41c8-abf7-7de4a956c002: start LeaderElection
2019-10-01 15:46:02,344 [c28b71e4-b935-41c8-abf7-7de4a956c002@group-EB8B467BD4F1:LeaderElection66] INFO  impl.LeaderElection (LeaderElection.java:askForVotes(182)) - c28b71e4-b935-41c8-abf7-7de4a956c002@group-EB8B467BD4F1:LeaderElection66: begin an election at term 12 for 0: [f1ba6add-ca0a-4791-abae-69f42b072e96:192.168.151.117:38270, 6faae4d1-92b7-4646-993b-67f152b9d621:192.168.151.117:41086, c28b71e4-b935-41c8-abf7-7de4a956c002:192.168.151.117:35347], old=null
2019-10-01 15:46:02,346 [c28b71e4-b935-41c8-abf7-7de4a956c002@group-EB8B467BD4F1:LeaderElection66] INFO  impl.LeaderElection (LogUtils.java:infoOrTrace(149)) - c28b71e4-b935-41c8-abf7-7de4a956c002@group-EB8B467BD4F1:LeaderElection66 got exception when requesting votes: {}
java.util.concurrent.ExecutionException: org.apache.ratis.thirdparty.io.grpc.StatusRuntimeException: UNAVAILABLE: io exception
	at java.util.concurrent.FutureTask.report(FutureTask.java:122)
	at java.util.concurrent.FutureTask.get(FutureTask.java:192)
	at org.apache.ratis.server.impl.LeaderElection.waitForResults(LeaderElection.java:263)
	at org.apache.ratis.server.impl.LeaderElection.askForVotes(LeaderElection.java:201)
	at org.apache.ratis.server.impl.LeaderElection.run(LeaderElection.java:133)
	at java.lang.Thread.run(Thread.java:748)
Caused by: org.apache.ratis.thirdparty.io.grpc.StatusRuntimeException: UNAVAILABLE: io exception
	at org.apache.ratis.thirdparty.io.grpc.stub.ClientCalls.toStatusRuntimeException(ClientCalls.java:233)
	at org.apache.ratis.thirdparty.io.grpc.stub.ClientCalls.getUnchecked(ClientCalls.java:214)
	at org.apache.ratis.thirdparty.io.grpc.stub.ClientCalls.blockingUnaryCall(ClientCalls.java:139)
	at org.apache.ratis.proto.grpc.RaftServerProtocolServiceGrpc$RaftServerProtocolServiceBlockingStub.requestVote(RaftServerProtocolServiceGrpc.java:265)
	at org.apache.ratis.grpc.server.GrpcServerProtocolClient.requestVote(GrpcServerProtocolClient.java:90)
	at org.apache.ratis.grpc.server.GrpcService.requestVote(GrpcService.java:204)
	at org.apache.ratis.server.impl.LeaderElection.lambda$submitRequests$1(LeaderElection.java:238)
	at java.util.concurrent.FutureTask.run(FutureTask.java:266)
	at java.util.concurrent.Executors$RunnableAdapter.call(Executors.java:511)
	at java.util.concurrent.FutureTask.run(FutureTask.java:266)
	at java.util.concurrent.ThreadPoolExecutor.runWorker(ThreadPoolExecutor.java:1149)
	at java.util.concurrent.ThreadPoolExecutor$Worker.run(ThreadPoolExecutor.java:624)
	... 1 more
Caused by: org.apache.ratis.thirdparty.io.netty.channel.AbstractChannel$AnnotatedConnectException: Connection refused: /192.168.151.117:41086
	at sun.nio.ch.SocketChannelImpl.checkConnect(Native Method)
	at sun.nio.ch.SocketChannelImpl.finishConnect(SocketChannelImpl.java:717)
	at org.apache.ratis.thirdparty.io.netty.channel.socket.nio.NioSocketChannel.doFinishConnect(NioSocketChannel.java:327)
	at org.apache.ratis.thirdparty.io.netty.channel.nio.AbstractNioChannel$AbstractNioUnsafe.finishConnect(AbstractNioChannel.java:340)
	at org.apache.ratis.thirdparty.io.netty.channel.nio.NioEventLoop.processSelectedKey(NioEventLoop.java:632)
	at org.apache.ratis.thirdparty.io.netty.channel.nio.NioEventLoop.processSelectedKeysOptimized(NioEventLoop.java:579)
	at org.apache.ratis.thirdparty.io.netty.channel.nio.NioEventLoop.processSelectedKeys(NioEventLoop.java:496)
	at org.apache.ratis.thirdparty.io.netty.channel.nio.NioEventLoop.run(NioEventLoop.java:458)
	at org.apache.ratis.thirdparty.io.netty.util.concurrent.SingleThreadEventExecutor$5.run(SingleThreadEventExecutor.java:897)
	at org.apache.ratis.thirdparty.io.netty.util.concurrent.FastThreadLocalRunnable.run(FastThreadLocalRunnable.java:30)
	... 1 more
Caused by: java.net.ConnectException: Connection refused
	... 11 more
2019-10-01 15:46:02,350 [c28b71e4-b935-41c8-abf7-7de4a956c002@group-EB8B467BD4F1:LeaderElection66] INFO  impl.LeaderElection (LogUtils.java:infoOrTrace(149)) - c28b71e4-b935-41c8-abf7-7de4a956c002@group-EB8B467BD4F1:LeaderElection66 got exception when requesting votes: {}
java.util.concurrent.ExecutionException: org.apache.ratis.thirdparty.io.grpc.StatusRuntimeException: UNAVAILABLE: io exception
	at java.util.concurrent.FutureTask.report(FutureTask.java:122)
	at java.util.concurrent.FutureTask.get(FutureTask.java:192)
	at org.apache.ratis.server.impl.LeaderElection.waitForResults(LeaderElection.java:263)
	at org.apache.ratis.server.impl.LeaderElection.askForVotes(LeaderElection.java:201)
	at org.apache.ratis.server.impl.LeaderElection.run(LeaderElection.java:133)
	at java.lang.Thread.run(Thread.java:748)
Caused by: org.apache.ratis.thirdparty.io.grpc.StatusRuntimeException: UNAVAILABLE: io exception
	at org.apache.ratis.thirdparty.io.grpc.stub.ClientCalls.toStatusRuntimeException(ClientCalls.java:233)
	at org.apache.ratis.thirdparty.io.grpc.stub.ClientCalls.getUnchecked(ClientCalls.java:214)
	at org.apache.ratis.thirdparty.io.grpc.stub.ClientCalls.blockingUnaryCall(ClientCalls.java:139)
	at org.apache.ratis.proto.grpc.RaftServerProtocolServiceGrpc$RaftServerProtocolServiceBlockingStub.requestVote(RaftServerProtocolServiceGrpc.java:265)
	at org.apache.ratis.grpc.server.GrpcServerProtocolClient.requestVote(GrpcServerProtocolClient.java:90)
	at org.apache.ratis.grpc.server.GrpcService.requestVote(GrpcService.java:204)
	at org.apache.ratis.server.impl.LeaderElection.lambda$submitRequests$1(LeaderElection.java:238)
	at java.util.concurrent.FutureTask.run(FutureTask.java:266)
	at java.util.concurrent.Executors$RunnableAdapter.call(Executors.java:511)
	at java.util.concurrent.FutureTask.run(FutureTask.java:266)
	at java.util.concurrent.ThreadPoolExecutor.runWorker(ThreadPoolExecutor.java:1149)
	at java.util.concurrent.ThreadPoolExecutor$Worker.run(ThreadPoolExecutor.java:624)
	... 1 more
Caused by: org.apache.ratis.thirdparty.io.netty.channel.AbstractChannel$AnnotatedConnectException: Connection refused: /192.168.151.117:38270
	at sun.nio.ch.SocketChannelImpl.checkConnect(Native Method)
	at sun.nio.ch.SocketChannelImpl.finishConnect(SocketChannelImpl.java:717)
	at org.apache.ratis.thirdparty.io.netty.channel.socket.nio.NioSocketChannel.doFinishConnect(NioSocketChannel.java:327)
	at org.apache.ratis.thirdparty.io.netty.channel.nio.AbstractNioChannel$AbstractNioUnsafe.finishConnect(AbstractNioChannel.java:340)
	at org.apache.ratis.thirdparty.io.netty.channel.nio.NioEventLoop.processSelectedKey(NioEventLoop.java:632)
	at org.apache.ratis.thirdparty.io.netty.channel.nio.NioEventLoop.processSelectedKeysOptimized(NioEventLoop.java:579)
	at org.apache.ratis.thirdparty.io.netty.channel.nio.NioEventLoop.processSelectedKeys(NioEventLoop.java:496)
	at org.apache.ratis.thirdparty.io.netty.channel.nio.NioEventLoop.run(NioEventLoop.java:458)
	at org.apache.ratis.thirdparty.io.netty.util.concurrent.SingleThreadEventExecutor$5.run(SingleThreadEventExecutor.java:897)
	at org.apache.ratis.thirdparty.io.netty.util.concurrent.FastThreadLocalRunnable.run(FastThreadLocalRunnable.java:30)
	... 1 more
Caused by: java.net.ConnectException: Connection refused
	... 11 more
2019-10-01 15:46:02,355 [c28b71e4-b935-41c8-abf7-7de4a956c002@group-EB8B467BD4F1:LeaderElection66] INFO  impl.LeaderElection (LeaderElection.java:logAndReturn(56)) - c28b71e4-b935-41c8-abf7-7de4a956c002@group-EB8B467BD4F1:LeaderElection66: Election REJECTED; received 0 response(s) [] and 2 exception(s); c28b71e4-b935-41c8-abf7-7de4a956c002@group-EB8B467BD4F1:t12, leader=null, voted=c28b71e4-b935-41c8-abf7-7de4a956c002, raftlog=c28b71e4-b935-41c8-abf7-7de4a956c002@group-EB8B467BD4F1-SegmentedRaftLog:OPENED:c19,f19,i19, conf=0: [f1ba6add-ca0a-4791-abae-69f42b072e96:192.168.151.117:38270, 6faae4d1-92b7-4646-993b-67f152b9d621:192.168.151.117:41086, c28b71e4-b935-41c8-abf7-7de4a956c002:192.168.151.117:35347], old=null
2019-10-01 15:46:02,356 [c28b71e4-b935-41c8-abf7-7de4a956c002@group-EB8B467BD4F1:LeaderElection66] INFO  impl.LeaderElection (LogUtils.java:infoOrTrace(149)) -   Exception 0: {}
java.util.concurrent.ExecutionException: org.apache.ratis.thirdparty.io.grpc.StatusRuntimeException: UNAVAILABLE: io exception
	at java.util.concurrent.FutureTask.report(FutureTask.java:122)
	at java.util.concurrent.FutureTask.get(FutureTask.java:192)
	at org.apache.ratis.server.impl.LeaderElection.waitForResults(LeaderElection.java:263)
	at org.apache.ratis.server.impl.LeaderElection.askForVotes(LeaderElection.java:201)
	at org.apache.ratis.server.impl.LeaderElection.run(LeaderElection.java:133)
	at java.lang.Thread.run(Thread.java:748)
Caused by: org.apache.ratis.thirdparty.io.grpc.StatusRuntimeException: UNAVAILABLE: io exception
	at org.apache.ratis.thirdparty.io.grpc.stub.ClientCalls.toStatusRuntimeException(ClientCalls.java:233)
	at org.apache.ratis.thirdparty.io.grpc.stub.ClientCalls.getUnchecked(ClientCalls.java:214)
	at org.apache.ratis.thirdparty.io.grpc.stub.ClientCalls.blockingUnaryCall(ClientCalls.java:139)
	at org.apache.ratis.proto.grpc.RaftServerProtocolServiceGrpc$RaftServerProtocolServiceBlockingStub.requestVote(RaftServerProtocolServiceGrpc.java:265)
	at org.apache.ratis.grpc.server.GrpcServerProtocolClient.requestVote(GrpcServerProtocolClient.java:90)
	at org.apache.ratis.grpc.server.GrpcService.requestVote(GrpcService.java:204)
	at org.apache.ratis.server.impl.LeaderElection.lambda$submitRequests$1(LeaderElection.java:238)
	at java.util.concurrent.FutureTask.run(FutureTask.java:266)
	at java.util.concurrent.Executors$RunnableAdapter.call(Executors.java:511)
	at java.util.concurrent.FutureTask.run(FutureTask.java:266)
	at java.util.concurrent.ThreadPoolExecutor.runWorker(ThreadPoolExecutor.java:1149)
	at java.util.concurrent.ThreadPoolExecutor$Worker.run(ThreadPoolExecutor.java:624)
	... 1 more
Caused by: org.apache.ratis.thirdparty.io.netty.channel.AbstractChannel$AnnotatedConnectException: Connection refused: /192.168.151.117:41086
	at sun.nio.ch.SocketChannelImpl.checkConnect(Native Method)
	at sun.nio.ch.SocketChannelImpl.finishConnect(SocketChannelImpl.java:717)
	at org.apache.ratis.thirdparty.io.netty.channel.socket.nio.NioSocketChannel.doFinishConnect(NioSocketChannel.java:327)
	at org.apache.ratis.thirdparty.io.netty.channel.nio.AbstractNioChannel$AbstractNioUnsafe.finishConnect(AbstractNioChannel.java:340)
	at org.apache.ratis.thirdparty.io.netty.channel.nio.NioEventLoop.processSelectedKey(NioEventLoop.java:632)
	at org.apache.ratis.thirdparty.io.netty.channel.nio.NioEventLoop.processSelectedKeysOptimized(NioEventLoop.java:579)
	at org.apache.ratis.thirdparty.io.netty.channel.nio.NioEventLoop.processSelectedKeys(NioEventLoop.java:496)
	at org.apache.ratis.thirdparty.io.netty.channel.nio.NioEventLoop.run(NioEventLoop.java:458)
	at org.apache.ratis.thirdparty.io.netty.util.concurrent.SingleThreadEventExecutor$5.run(SingleThreadEventExecutor.java:897)
	at org.apache.ratis.thirdparty.io.netty.util.concurrent.FastThreadLocalRunnable.run(FastThreadLocalRunnable.java:30)
	... 1 more
Caused by: java.net.ConnectException: Connection refused
	... 11 more
2019-10-01 15:46:02,356 [c28b71e4-b935-41c8-abf7-7de4a956c002@group-EB8B467BD4F1:LeaderElection66] INFO  impl.LeaderElection (LogUtils.java:infoOrTrace(149)) -   Exception 1: {}
java.util.concurrent.ExecutionException: org.apache.ratis.thirdparty.io.grpc.StatusRuntimeException: UNAVAILABLE: io exception
	at java.util.concurrent.FutureTask.report(FutureTask.java:122)
	at java.util.concurrent.FutureTask.get(FutureTask.java:192)
	at org.apache.ratis.server.impl.LeaderElection.waitForResults(LeaderElection.java:263)
	at org.apache.ratis.server.impl.LeaderElection.askForVotes(LeaderElection.java:201)
	at org.apache.ratis.server.impl.LeaderElection.run(LeaderElection.java:133)
	at java.lang.Thread.run(Thread.java:748)
Caused by: org.apache.ratis.thirdparty.io.grpc.StatusRuntimeException: UNAVAILABLE: io exception
	at org.apache.ratis.thirdparty.io.grpc.stub.ClientCalls.toStatusRuntimeException(ClientCalls.java:233)
	at org.apache.ratis.thirdparty.io.grpc.stub.ClientCalls.getUnchecked(ClientCalls.java:214)
	at org.apache.ratis.thirdparty.io.grpc.stub.ClientCalls.blockingUnaryCall(ClientCalls.java:139)
	at org.apache.ratis.proto.grpc.RaftServerProtocolServiceGrpc$RaftServerProtocolServiceBlockingStub.requestVote(RaftServerProtocolServiceGrpc.java:265)
	at org.apache.ratis.grpc.server.GrpcServerProtocolClient.requestVote(GrpcServerProtocolClient.java:90)
	at org.apache.ratis.grpc.server.GrpcService.requestVote(GrpcService.java:204)
	at org.apache.ratis.server.impl.LeaderElection.lambda$submitRequests$1(LeaderElection.java:238)
	at java.util.concurrent.FutureTask.run(FutureTask.java:266)
	at java.util.concurrent.Executors$RunnableAdapter.call(Executors.java:511)
	at java.util.concurrent.FutureTask.run(FutureTask.java:266)
	at java.util.concurrent.ThreadPoolExecutor.runWorker(ThreadPoolExecutor.java:1149)
	at java.util.concurrent.ThreadPoolExecutor$Worker.run(ThreadPoolExecutor.java:624)
	... 1 more
Caused by: org.apache.ratis.thirdparty.io.netty.channel.AbstractChannel$AnnotatedConnectException: Connection refused: /192.168.151.117:38270
	at sun.nio.ch.SocketChannelImpl.checkConnect(Native Method)
	at sun.nio.ch.SocketChannelImpl.finishConnect(SocketChannelImpl.java:717)
	at org.apache.ratis.thirdparty.io.netty.channel.socket.nio.NioSocketChannel.doFinishConnect(NioSocketChannel.java:327)
	at org.apache.ratis.thirdparty.io.netty.channel.nio.AbstractNioChannel$AbstractNioUnsafe.finishConnect(AbstractNioChannel.java:340)
	at org.apache.ratis.thirdparty.io.netty.channel.nio.NioEventLoop.processSelectedKey(NioEventLoop.java:632)
	at org.apache.ratis.thirdparty.io.netty.channel.nio.NioEventLoop.processSelectedKeysOptimized(NioEventLoop.java:579)
	at org.apache.ratis.thirdparty.io.netty.channel.nio.NioEventLoop.processSelectedKeys(NioEventLoop.java:496)
	at org.apache.ratis.thirdparty.io.netty.channel.nio.NioEventLoop.run(NioEventLoop.java:458)
	at org.apache.ratis.thirdparty.io.netty.util.concurrent.SingleThreadEventExecutor$5.run(SingleThreadEventExecutor.java:897)
	at org.apache.ratis.thirdparty.io.netty.util.concurrent.FastThreadLocalRunnable.run(FastThreadLocalRunnable.java:30)
	... 1 more
Caused by: java.net.ConnectException: Connection refused
	... 11 more
2019-10-01 15:46:02,357 [c28b71e4-b935-41c8-abf7-7de4a956c002@group-EB8B467BD4F1:LeaderElection66] INFO  impl.RaftServerImpl (RaftServerImpl.java:setRole(174)) - c28b71e4-b935-41c8-abf7-7de4a956c002@group-EB8B467BD4F1: changes role from CANDIDATE to FOLLOWER at term 12 for DISCOVERED_A_NEW_TERM
2019-10-01 15:46:02,357 [c28b71e4-b935-41c8-abf7-7de4a956c002@group-EB8B467BD4F1:LeaderElection66] INFO  impl.RoleInfo (RoleInfo.java:shutdownLeaderElection(134)) - c28b71e4-b935-41c8-abf7-7de4a956c002: shutdown LeaderElection
2019-10-01 15:46:02,357 [c28b71e4-b935-41c8-abf7-7de4a956c002@group-EB8B467BD4F1:LeaderElection66] INFO  impl.RoleInfo (RoleInfo.java:updateAndGet(143)) - c28b71e4-b935-41c8-abf7-7de4a956c002: start FollowerState
2019-10-01 15:46:02,413 [grpc-default-executor-7] WARN  server.GrpcLogAppender (LogUtils.java:warn(134)) - 9f82fbf8-4fac-4532-8c36-3e6bef784ba1@group-16BC6866FE65->5645e86d-f871-44bb-8607-ce62943605c0-AppendLogResponseHandler: Failed appendEntries: org.apache.ratis.thirdparty.io.grpc.StatusRuntimeException: UNAVAILABLE: io exception
2019-10-01 15:46:02,414 [grpc-default-executor-7] INFO  impl.FollowerInfo (FollowerInfo.java:lambda$new$0(51)) - 9f82fbf8-4fac-4532-8c36-3e6bef784ba1@group-16BC6866FE65->5645e86d-f871-44bb-8607-ce62943605c0: nextIndex: updateUnconditionally 0 -> 0
2019-10-01 15:46:02,432 [grpc-default-executor-6] WARN  server.GrpcLogAppender (LogUtils.java:warn(134)) - 979f9232-9934-46b7-b55e-9df1564cd0b5@group-5B588368055C->4e6a07d6-9c54-412b-b38b-57a241553837-AppendLogResponseHandler: Failed appendEntries: org.apache.ratis.thirdparty.io.grpc.StatusRuntimeException: UNAVAILABLE: io exception
2019-10-01 15:46:02,432 [grpc-default-executor-6] INFO  impl.FollowerInfo (FollowerInfo.java:lambda$new$0(51)) - 979f9232-9934-46b7-b55e-9df1564cd0b5@group-5B588368055C->4e6a07d6-9c54-412b-b38b-57a241553837: nextIndex: updateUnconditionally 0 -> 0
2019-10-01 15:46:02,888 [grpc-default-executor-4] WARN  server.GrpcLogAppender (LogUtils.java:warn(134)) - 9f82fbf8-4fac-4532-8c36-3e6bef784ba1@group-16BC6866FE65->5645e86d-f871-44bb-8607-ce62943605c0-AppendLogResponseHandler: Failed appendEntries: org.apache.ratis.thirdparty.io.grpc.StatusRuntimeException: UNAVAILABLE: io exception
2019-10-01 15:46:02,889 [grpc-default-executor-4] INFO  impl.FollowerInfo (FollowerInfo.java:lambda$new$0(51)) - 9f82fbf8-4fac-4532-8c36-3e6bef784ba1@group-16BC6866FE65->5645e86d-f871-44bb-8607-ce62943605c0: nextIndex: updateUnconditionally 0 -> 0
2019-10-01 15:46:02,932 [grpc-default-executor-7] WARN  server.GrpcLogAppender (LogUtils.java:warn(134)) - 979f9232-9934-46b7-b55e-9df1564cd0b5@group-5B588368055C->4e6a07d6-9c54-412b-b38b-57a241553837-AppendLogResponseHandler: Failed appendEntries: org.apache.ratis.thirdparty.io.grpc.StatusRuntimeException: UNAVAILABLE: io exception
2019-10-01 15:46:02,933 [grpc-default-executor-7] INFO  impl.FollowerInfo (FollowerInfo.java:lambda$new$0(51)) - 979f9232-9934-46b7-b55e-9df1564cd0b5@group-5B588368055C->4e6a07d6-9c54-412b-b38b-57a241553837: nextIndex: updateUnconditionally 0 -> 0
2019-10-01 15:46:03,170 [main] INFO  ozoneimpl.OzoneContainer (OzoneContainer.java:stop(231)) - Attempting to stop container services.
2019-10-01 15:46:03,171 [main] INFO  impl.RaftServerProxy (RaftServerProxy.java:lambda$close$4(314)) - c28b71e4-b935-41c8-abf7-7de4a956c002: close
2019-10-01 15:46:03,172 [main] INFO  impl.RaftServerImpl (RaftServerImpl.java:lambda$shutdown$3(251)) - c28b71e4-b935-41c8-abf7-7de4a956c002@group-85EED25C00BD: shutdown
2019-10-01 15:46:03,172 [main] INFO  util.JmxRegister (JmxRegister.java:unregister(73)) - Successfully un-registered JMX Bean with object name Ratis:service=RaftServer,group=group-85EED25C00BD,id=c28b71e4-b935-41c8-abf7-7de4a956c002
2019-10-01 15:46:03,173 [main] INFO  impl.RoleInfo (RoleInfo.java:shutdownLeaderState(104)) - c28b71e4-b935-41c8-abf7-7de4a956c002: shutdown LeaderState
2019-10-01 15:46:03,173 [main] INFO  impl.PendingRequests (PendingRequests.java:sendNotLeaderResponses(202)) - c28b71e4-b935-41c8-abf7-7de4a956c002-PendingRequests: sendNotLeaderResponses
2019-10-01 15:46:03,174 [main] INFO  impl.StateMachineUpdater (StateMachineUpdater.java:stopAndJoin(125)) - c28b71e4-b935-41c8-abf7-7de4a956c002@group-85EED25C00BD-StateMachineUpdater: set stopIndex = 0
2019-10-01 15:46:03,175 [main] INFO  impl.RaftServerImpl (ServerState.java:close(385)) - c28b71e4-b935-41c8-abf7-7de4a956c002@group-85EED25C00BD: closes. applyIndex: 0
2019-10-01 15:46:03,176 [c28b71e4-b935-41c8-abf7-7de4a956c002@group-85EED25C00BD-SegmentedRaftLogWorker] INFO  segmented.SegmentedRaftLogWorker (SegmentedRaftLogWorker.java:run(313)) - c28b71e4-b935-41c8-abf7-7de4a956c002@group-85EED25C00BD-SegmentedRaftLogWorker was interrupted, exiting. There are 0 tasks remaining in the queue.
2019-10-01 15:46:03,180 [main] INFO  segmented.SegmentedRaftLogWorker (SegmentedRaftLogWorker.java:close(228)) - c28b71e4-b935-41c8-abf7-7de4a956c002@group-85EED25C00BD-SegmentedRaftLogWorker close()
2019-10-01 15:46:03,185 [main] INFO  impl.RaftServerImpl (RaftServerImpl.java:lambda$shutdown$3(251)) - c28b71e4-b935-41c8-abf7-7de4a956c002@group-EB8B467BD4F1: shutdown
2019-10-01 15:46:03,185 [main] INFO  util.JmxRegister (JmxRegister.java:unregister(73)) - Successfully un-registered JMX Bean with object name Ratis:service=RaftServer,group=group-EB8B467BD4F1,id=c28b71e4-b935-41c8-abf7-7de4a956c002
2019-10-01 15:46:03,185 [main] INFO  impl.RoleInfo (RoleInfo.java:shutdownFollowerState(121)) - c28b71e4-b935-41c8-abf7-7de4a956c002: shutdown FollowerState
2019-10-01 15:46:03,186 [main] INFO  impl.StateMachineUpdater (StateMachineUpdater.java:stopAndJoin(125)) - c28b71e4-b935-41c8-abf7-7de4a956c002@group-EB8B467BD4F1-StateMachineUpdater: set stopIndex = 19
2019-10-01 15:46:03,186 [c28b71e4-b935-41c8-abf7-7de4a956c002@group-EB8B467BD4F1-StateMachineUpdater] INFO  ratis.ContainerStateMachine (ContainerStateMachine.java:takeSnapshot(289)) - group-EB8B467BD4F1: Taking a snapshot at:(t:9, i:17) file /workdir/hadoop-ozone/integration-test/target/test-dir/MiniOzoneClusterImpl-9b1271a8-4299-44cb-bbfb-3eebcf11b219/datanode-8/data/ratis/da6b8813-e072-4946-b557-eb8b467bd4f1/sm/snapshot.9_17
2019-10-01 15:46:03,186 [Thread-872] INFO  impl.FollowerState (FollowerState.java:run(115)) - c28b71e4-b935-41c8-abf7-7de4a956c002: FollowerState was interrupted: java.lang.InterruptedException: sleep interrupted
2019-10-01 15:46:03,201 [c28b71e4-b935-41c8-abf7-7de4a956c002@group-EB8B467BD4F1-StateMachineUpdater] INFO  ratis.ContainerStateMachine (ContainerStateMachine.java:takeSnapshot(300)) - group-EB8B467BD4F1: Finished taking a snapshot at:(t:9, i:17) file:/workdir/hadoop-ozone/integration-test/target/test-dir/MiniOzoneClusterImpl-9b1271a8-4299-44cb-bbfb-3eebcf11b219/datanode-8/data/ratis/da6b8813-e072-4946-b557-eb8b467bd4f1/sm/snapshot.9_17 time:14
2019-10-01 15:46:03,201 [c28b71e4-b935-41c8-abf7-7de4a956c002@group-EB8B467BD4F1-StateMachineUpdater] INFO  impl.StateMachineUpdater (StateMachineUpdater.java:takeSnapshot(258)) - c28b71e4-b935-41c8-abf7-7de4a956c002@group-EB8B467BD4F1-StateMachineUpdater: Took a snapshot at index 17
2019-10-01 15:46:03,201 [c28b71e4-b935-41c8-abf7-7de4a956c002@group-EB8B467BD4F1-StateMachineUpdater] INFO  impl.StateMachineUpdater (StateMachineUpdater.java:lambda$new$0(83)) - c28b71e4-b935-41c8-abf7-7de4a956c002@group-EB8B467BD4F1-StateMachineUpdater: snapshotIndex: updateIncreasingly -1 -> 17
2019-10-01 15:46:03,202 [c28b71e4-b935-41c8-abf7-7de4a956c002@group-EB8B467BD4F1-StateMachineUpdater] INFO  ratis.ContainerStateMachine (ContainerStateMachine.java:takeSnapshot(289)) - group-EB8B467BD4F1: Taking a snapshot at:(t:9, i:17) file /workdir/hadoop-ozone/integration-test/target/test-dir/MiniOzoneClusterImpl-9b1271a8-4299-44cb-bbfb-3eebcf11b219/datanode-8/data/ratis/da6b8813-e072-4946-b557-eb8b467bd4f1/sm/snapshot.9_17
2019-10-01 15:46:03,215 [c28b71e4-b935-41c8-abf7-7de4a956c002@group-EB8B467BD4F1-StateMachineUpdater] INFO  ratis.ContainerStateMachine (ContainerStateMachine.java:takeSnapshot(300)) - group-EB8B467BD4F1: Finished taking a snapshot at:(t:9, i:17) file:/workdir/hadoop-ozone/integration-test/target/test-dir/MiniOzoneClusterImpl-9b1271a8-4299-44cb-bbfb-3eebcf11b219/datanode-8/data/ratis/da6b8813-e072-4946-b557-eb8b467bd4f1/sm/snapshot.9_17 time:13
2019-10-01 15:46:03,215 [c28b71e4-b935-41c8-abf7-7de4a956c002@group-EB8B467BD4F1-StateMachineUpdater] INFO  impl.StateMachineUpdater (StateMachineUpdater.java:takeSnapshot(258)) - c28b71e4-b935-41c8-abf7-7de4a956c002@group-EB8B467BD4F1-StateMachineUpdater: Took a snapshot at index 17
2019-10-01 15:46:03,215 [c28b71e4-b935-41c8-abf7-7de4a956c002@group-EB8B467BD4F1-StateMachineUpdater] INFO  impl.StateMachineUpdater (StateMachineUpdater.java:lambda$new$0(83)) - c28b71e4-b935-41c8-abf7-7de4a956c002@group-EB8B467BD4F1-StateMachineUpdater: snapshotIndex: updateIncreasingly 17 -> 17
2019-10-01 15:46:03,216 [main] INFO  impl.RaftServerImpl (ServerState.java:close(385)) - c28b71e4-b935-41c8-abf7-7de4a956c002@group-EB8B467BD4F1: closes. applyIndex: 19
2019-10-01 15:46:03,217 [c28b71e4-b935-41c8-abf7-7de4a956c002@group-EB8B467BD4F1-SegmentedRaftLogWorker] INFO  segmented.SegmentedRaftLogWorker (SegmentedRaftLogWorker.java:run(313)) - c28b71e4-b935-41c8-abf7-7de4a956c002@group-EB8B467BD4F1-SegmentedRaftLogWorker was interrupted, exiting. There are 0 tasks remaining in the queue.
2019-10-01 15:46:03,219 [main] INFO  segmented.SegmentedRaftLogWorker (SegmentedRaftLogWorker.java:close(228)) - c28b71e4-b935-41c8-abf7-7de4a956c002@group-EB8B467BD4F1-SegmentedRaftLogWorker close()
2019-10-01 15:46:03,229 [main] INFO  server.GrpcService (GrpcService.java:closeImpl(164)) - c28b71e4-b935-41c8-abf7-7de4a956c002: shutdown server with port 35347 now
2019-10-01 15:46:03,230 [main] INFO  server.GrpcService (GrpcService.java:closeImpl(172)) - c28b71e4-b935-41c8-abf7-7de4a956c002: shutdown server with port 35347 successfully
2019-10-01 15:46:03,232 [refreshUsed-/workdir/hadoop-ozone/integration-test/target/test-dir/MiniOzoneClusterImpl-9b1271a8-4299-44cb-bbfb-3eebcf11b219/datanode-8/data/containers] WARN  fs.CachingGetSpaceUsed (CachingGetSpaceUsed.java:run(183)) - Thread Interrupted waiting to refresh disk information: sleep interrupted
2019-10-01 15:46:03,252 [main] INFO  utils.BackgroundService (BackgroundService.java:shutdown(148)) - Shutting down service BlockDeletingService
2019-10-01 15:46:03,258 [main] INFO  statemachine.DatanodeStateMachine (DatanodeStateMachine.java:stopDaemon(395)) - Ozone container server stopped.
2019-10-01 15:46:03,259 [main] INFO  handler.ContextHandler (ContextHandler.java:doStop(910)) - Stopped o.e.j.w.WebAppContext@67064bdc{/,null,UNAVAILABLE}{/hddsDatanode}
2019-10-01 15:46:03,260 [main] INFO  server.AbstractConnector (AbstractConnector.java:doStop(318)) - Stopped ServerConnector@4a7fd0c9{HTTP/1.1,[http/1.1]}{0.0.0.0:0}
2019-10-01 15:46:03,261 [main] INFO  handler.ContextHandler (ContextHandler.java:doStop(910)) - Stopped o.e.j.s.ServletContextHandler@617389a{/static,jar:file:/home/user/.m2/repository/org/apache/hadoop/hadoop-hdds-container-service/0.5.0-SNAPSHOT/hadoop-hdds-container-service-0.5.0-SNAPSHOT.jar!/webapps/static,UNAVAILABLE}
2019-10-01 15:46:03,261 [main] INFO  handler.ContextHandler (ContextHandler.java:doStop(910)) - Stopped o.e.j.s.ServletContextHandler@37c36608{/logs,file:///workdir/hadoop-ozone/integration-test/target/log,UNAVAILABLE}
2019-10-01 15:46:03,346 [ForkJoinPool.commonPool-worker-0] INFO  ozoneimpl.OzoneContainer (OzoneContainer.java:stop(231)) - Attempting to stop container services.
2019-10-01 15:46:03,347 [ForkJoinPool.commonPool-worker-0] INFO  impl.RaftServerProxy (RaftServerProxy.java:lambda$close$4(314)) - bc3c733b-0533-4d21-827b-c65d8594f34d: close
2019-10-01 15:46:03,347 [ForkJoinPool.commonPool-worker-0] INFO  impl.RaftServerImpl (RaftServerImpl.java:lambda$shutdown$3(251)) - bc3c733b-0533-4d21-827b-c65d8594f34d@group-43B2BA5F17E1: shutdown
2019-10-01 15:46:03,348 [ForkJoinPool.commonPool-worker-0] INFO  util.JmxRegister (JmxRegister.java:unregister(73)) - Successfully un-registered JMX Bean with object name Ratis:service=RaftServer,group=group-43B2BA5F17E1,id=bc3c733b-0533-4d21-827b-c65d8594f34d
2019-10-01 15:46:03,348 [ForkJoinPool.commonPool-worker-0] INFO  impl.RoleInfo (RoleInfo.java:shutdownLeaderState(104)) - bc3c733b-0533-4d21-827b-c65d8594f34d: shutdown LeaderState
2019-10-01 15:46:03,349 [ForkJoinPool.commonPool-worker-0] INFO  impl.PendingRequests (PendingRequests.java:sendNotLeaderResponses(202)) - bc3c733b-0533-4d21-827b-c65d8594f34d-PendingRequests: sendNotLeaderResponses
2019-10-01 15:46:03,349 [ForkJoinPool.commonPool-worker-0] INFO  impl.StateMachineUpdater (StateMachineUpdater.java:stopAndJoin(125)) - bc3c733b-0533-4d21-827b-c65d8594f34d@group-43B2BA5F17E1-StateMachineUpdater: set stopIndex = 0
2019-10-01 15:46:03,350 [ForkJoinPool.commonPool-worker-0] INFO  impl.RaftServerImpl (ServerState.java:close(385)) - bc3c733b-0533-4d21-827b-c65d8594f34d@group-43B2BA5F17E1: closes. applyIndex: 0
2019-10-01 15:46:03,350 [bc3c733b-0533-4d21-827b-c65d8594f34d@group-43B2BA5F17E1-SegmentedRaftLogWorker] INFO  segmented.SegmentedRaftLogWorker (SegmentedRaftLogWorker.java:run(313)) - bc3c733b-0533-4d21-827b-c65d8594f34d@group-43B2BA5F17E1-SegmentedRaftLogWorker was interrupted, exiting. There are 0 tasks remaining in the queue.
2019-10-01 15:46:03,351 [ForkJoinPool.commonPool-worker-0] INFO  segmented.SegmentedRaftLogWorker (SegmentedRaftLogWorker.java:close(228)) - bc3c733b-0533-4d21-827b-c65d8594f34d@group-43B2BA5F17E1-SegmentedRaftLogWorker close()
2019-10-01 15:46:03,353 [ForkJoinPool.commonPool-worker-0] INFO  server.GrpcService (GrpcService.java:closeImpl(164)) - bc3c733b-0533-4d21-827b-c65d8594f34d: shutdown server with port 40351 now
2019-10-01 15:46:03,355 [ForkJoinPool.commonPool-worker-0] INFO  server.GrpcService (GrpcService.java:closeImpl(172)) - bc3c733b-0533-4d21-827b-c65d8594f34d: shutdown server with port 40351 successfully
2019-10-01 15:46:03,357 [refreshUsed-/workdir/hadoop-ozone/integration-test/target/test-dir/MiniOzoneClusterImpl-9b1271a8-4299-44cb-bbfb-3eebcf11b219/datanode-4/data/containers] WARN  fs.CachingGetSpaceUsed (CachingGetSpaceUsed.java:run(183)) - Thread Interrupted waiting to refresh disk information: sleep interrupted
2019-10-01 15:46:03,377 [ForkJoinPool.commonPool-worker-0] INFO  utils.BackgroundService (BackgroundService.java:shutdown(148)) - Shutting down service BlockDeletingService
2019-10-01 15:46:03,382 [ForkJoinPool.commonPool-worker-0] INFO  statemachine.DatanodeStateMachine (DatanodeStateMachine.java:stopDaemon(395)) - Ozone container server stopped.
2019-10-01 15:46:03,388 [ForkJoinPool.commonPool-worker-0] INFO  handler.ContextHandler (ContextHandler.java:doStop(910)) - Stopped o.e.j.w.WebAppContext@74ea46e2{/,null,UNAVAILABLE}{/hddsDatanode}
2019-10-01 15:46:03,389 [ForkJoinPool.commonPool-worker-0] INFO  server.AbstractConnector (AbstractConnector.java:doStop(318)) - Stopped ServerConnector@6f911326{HTTP/1.1,[http/1.1]}{0.0.0.0:0}
2019-10-01 15:46:03,391 [ForkJoinPool.commonPool-worker-0] INFO  handler.ContextHandler (ContextHandler.java:doStop(910)) - Stopped o.e.j.s.ServletContextHandler@75d982d3{/static,jar:file:/home/user/.m2/repository/org/apache/hadoop/hadoop-hdds-container-service/0.5.0-SNAPSHOT/hadoop-hdds-container-service-0.5.0-SNAPSHOT.jar!/webapps/static,UNAVAILABLE}
2019-10-01 15:46:03,393 [ForkJoinPool.commonPool-worker-0] INFO  handler.ContextHandler (ContextHandler.java:doStop(910)) - Stopped o.e.j.s.ServletContextHandler@3bd2af5b{/logs,file:///workdir/hadoop-ozone/integration-test/target/log,UNAVAILABLE}
2019-10-01 15:46:03,393 [grpc-default-executor-6] WARN  server.GrpcLogAppender (LogUtils.java:warn(134)) - 9f82fbf8-4fac-4532-8c36-3e6bef784ba1@group-16BC6866FE65->5645e86d-f871-44bb-8607-ce62943605c0-AppendLogResponseHandler: Failed appendEntries: org.apache.ratis.thirdparty.io.grpc.StatusRuntimeException: UNAVAILABLE: io exception
2019-10-01 15:46:03,394 [grpc-default-executor-6] INFO  impl.FollowerInfo (FollowerInfo.java:lambda$new$0(51)) - 9f82fbf8-4fac-4532-8c36-3e6bef784ba1@group-16BC6866FE65->5645e86d-f871-44bb-8607-ce62943605c0: nextIndex: updateUnconditionally 0 -> 0
2019-10-01 15:46:03,432 [grpc-default-executor-6] WARN  server.GrpcLogAppender (LogUtils.java:warn(134)) - 979f9232-9934-46b7-b55e-9df1564cd0b5@group-5B588368055C->4e6a07d6-9c54-412b-b38b-57a241553837-AppendLogResponseHandler: Failed appendEntries: org.apache.ratis.thirdparty.io.grpc.StatusRuntimeException: UNAVAILABLE: io exception
2019-10-01 15:46:03,433 [grpc-default-executor-6] INFO  impl.FollowerInfo (FollowerInfo.java:lambda$new$0(51)) - 979f9232-9934-46b7-b55e-9df1564cd0b5@group-5B588368055C->4e6a07d6-9c54-412b-b38b-57a241553837: nextIndex: updateUnconditionally 0 -> 0
2019-10-01 15:46:03,892 [grpc-default-executor-7] WARN  server.GrpcLogAppender (LogUtils.java:warn(134)) - 9f82fbf8-4fac-4532-8c36-3e6bef784ba1@group-16BC6866FE65->5645e86d-f871-44bb-8607-ce62943605c0-AppendLogResponseHandler: Failed appendEntries: org.apache.ratis.thirdparty.io.grpc.StatusRuntimeException: UNAVAILABLE: io exception
2019-10-01 15:46:03,892 [grpc-default-executor-7] INFO  impl.FollowerInfo (FollowerInfo.java:lambda$new$0(51)) - 9f82fbf8-4fac-4532-8c36-3e6bef784ba1@group-16BC6866FE65->5645e86d-f871-44bb-8607-ce62943605c0: nextIndex: updateUnconditionally 0 -> 0
2019-10-01 15:46:03,934 [grpc-default-executor-7] WARN  server.GrpcLogAppender (LogUtils.java:warn(134)) - 979f9232-9934-46b7-b55e-9df1564cd0b5@group-5B588368055C->4e6a07d6-9c54-412b-b38b-57a241553837-AppendLogResponseHandler: Failed appendEntries: org.apache.ratis.thirdparty.io.grpc.StatusRuntimeException: UNAVAILABLE: io exception
2019-10-01 15:46:03,934 [grpc-default-executor-7] INFO  impl.FollowerInfo (FollowerInfo.java:lambda$new$0(51)) - 979f9232-9934-46b7-b55e-9df1564cd0b5@group-5B588368055C->4e6a07d6-9c54-412b-b38b-57a241553837: nextIndex: updateUnconditionally 0 -> 0
2019-10-01 15:46:03,973 [Datanode State Machine Thread - 0] INFO  statemachine.DatanodeStateMachine (DatanodeStateMachine.java:lambda$startDaemon$0(350)) - Ozone container server started.
2019-10-01 15:46:04,180 [Datanode State Machine Thread - 0] INFO  statemachine.DatanodeStateMachine (DatanodeStateMachine.java:lambda$startDaemon$0(350)) - Ozone container server started.
2019-10-01 15:46:04,393 [grpc-default-executor-6] WARN  server.GrpcLogAppender (LogUtils.java:warn(134)) - 9f82fbf8-4fac-4532-8c36-3e6bef784ba1@group-16BC6866FE65->5645e86d-f871-44bb-8607-ce62943605c0-AppendLogResponseHandler: Failed appendEntries: org.apache.ratis.thirdparty.io.grpc.StatusRuntimeException: UNAVAILABLE: io exception
2019-10-01 15:46:04,393 [grpc-default-executor-6] INFO  impl.FollowerInfo (FollowerInfo.java:lambda$new$0(51)) - 9f82fbf8-4fac-4532-8c36-3e6bef784ba1@group-16BC6866FE65->5645e86d-f871-44bb-8607-ce62943605c0: nextIndex: updateUnconditionally 0 -> 0
2019-10-01 15:46:04,434 [grpc-default-executor-7] WARN  server.GrpcLogAppender (LogUtils.java:warn(134)) - 979f9232-9934-46b7-b55e-9df1564cd0b5@group-5B588368055C->4e6a07d6-9c54-412b-b38b-57a241553837-AppendLogResponseHandler: Failed appendEntries: org.apache.ratis.thirdparty.io.grpc.StatusRuntimeException: UNAVAILABLE: io exception
2019-10-01 15:46:04,435 [grpc-default-executor-7] INFO  impl.FollowerInfo (FollowerInfo.java:lambda$new$0(51)) - 979f9232-9934-46b7-b55e-9df1564cd0b5@group-5B588368055C->4e6a07d6-9c54-412b-b38b-57a241553837: nextIndex: updateUnconditionally 0 -> 0
2019-10-01 15:46:04,894 [grpc-default-executor-4] WARN  server.GrpcLogAppender (LogUtils.java:warn(134)) - 9f82fbf8-4fac-4532-8c36-3e6bef784ba1@group-16BC6866FE65->5645e86d-f871-44bb-8607-ce62943605c0-AppendLogResponseHandler: Failed appendEntries: org.apache.ratis.thirdparty.io.grpc.StatusRuntimeException: UNAVAILABLE: io exception
2019-10-01 15:46:04,894 [grpc-default-executor-4] INFO  impl.FollowerInfo (FollowerInfo.java:lambda$new$0(51)) - 9f82fbf8-4fac-4532-8c36-3e6bef784ba1@group-16BC6866FE65->5645e86d-f871-44bb-8607-ce62943605c0: nextIndex: updateUnconditionally 0 -> 0
2019-10-01 15:46:04,935 [grpc-default-executor-7] WARN  server.GrpcLogAppender (LogUtils.java:warn(134)) - 979f9232-9934-46b7-b55e-9df1564cd0b5@group-5B588368055C->4e6a07d6-9c54-412b-b38b-57a241553837-AppendLogResponseHandler: Failed appendEntries: org.apache.ratis.thirdparty.io.grpc.StatusRuntimeException: UNAVAILABLE: io exception
2019-10-01 15:46:04,936 [grpc-default-executor-7] INFO  impl.FollowerInfo (FollowerInfo.java:lambda$new$0(51)) - 979f9232-9934-46b7-b55e-9df1564cd0b5@group-5B588368055C->4e6a07d6-9c54-412b-b38b-57a241553837: nextIndex: updateUnconditionally 0 -> 0
2019-10-01 15:46:05,394 [grpc-default-executor-6] WARN  server.GrpcLogAppender (LogUtils.java:warn(134)) - 9f82fbf8-4fac-4532-8c36-3e6bef784ba1@group-16BC6866FE65->5645e86d-f871-44bb-8607-ce62943605c0-AppendLogResponseHandler: Failed appendEntries: org.apache.ratis.thirdparty.io.grpc.StatusRuntimeException: UNAVAILABLE: io exception
2019-10-01 15:46:05,395 [grpc-default-executor-6] INFO  impl.FollowerInfo (FollowerInfo.java:lambda$new$0(51)) - 9f82fbf8-4fac-4532-8c36-3e6bef784ba1@group-16BC6866FE65->5645e86d-f871-44bb-8607-ce62943605c0: nextIndex: updateUnconditionally 0 -> 0
2019-10-01 15:46:05,436 [grpc-default-executor-4] WARN  server.GrpcLogAppender (LogUtils.java:warn(134)) - 979f9232-9934-46b7-b55e-9df1564cd0b5@group-5B588368055C->4e6a07d6-9c54-412b-b38b-57a241553837-AppendLogResponseHandler: Failed appendEntries: org.apache.ratis.thirdparty.io.grpc.StatusRuntimeException: UNAVAILABLE: io exception
2019-10-01 15:46:05,437 [grpc-default-executor-4] INFO  impl.FollowerInfo (FollowerInfo.java:lambda$new$0(51)) - 979f9232-9934-46b7-b55e-9df1564cd0b5@group-5B588368055C->4e6a07d6-9c54-412b-b38b-57a241553837: nextIndex: updateUnconditionally 0 -> 0
2019-10-01 15:46:05,898 [grpc-default-executor-4] WARN  server.GrpcLogAppender (LogUtils.java:warn(134)) - 9f82fbf8-4fac-4532-8c36-3e6bef784ba1@group-16BC6866FE65->5645e86d-f871-44bb-8607-ce62943605c0-AppendLogResponseHandler: Failed appendEntries: org.apache.ratis.thirdparty.io.grpc.StatusRuntimeException: UNAVAILABLE: io exception
2019-10-01 15:46:05,898 [grpc-default-executor-4] INFO  impl.FollowerInfo (FollowerInfo.java:lambda$new$0(51)) - 9f82fbf8-4fac-4532-8c36-3e6bef784ba1@group-16BC6866FE65->5645e86d-f871-44bb-8607-ce62943605c0: nextIndex: updateUnconditionally 0 -> 0
2019-10-01 15:46:05,937 [grpc-default-executor-7] WARN  server.GrpcLogAppender (LogUtils.java:warn(134)) - 979f9232-9934-46b7-b55e-9df1564cd0b5@group-5B588368055C->4e6a07d6-9c54-412b-b38b-57a241553837-AppendLogResponseHandler: Failed appendEntries: org.apache.ratis.thirdparty.io.grpc.StatusRuntimeException: UNAVAILABLE: io exception
2019-10-01 15:46:05,937 [grpc-default-executor-7] INFO  impl.FollowerInfo (FollowerInfo.java:lambda$new$0(51)) - 979f9232-9934-46b7-b55e-9df1564cd0b5@group-5B588368055C->4e6a07d6-9c54-412b-b38b-57a241553837: nextIndex: updateUnconditionally 0 -> 0
2019-10-01 15:46:06,405 [grpc-default-executor-6] WARN  server.GrpcLogAppender (LogUtils.java:warn(134)) - 9f82fbf8-4fac-4532-8c36-3e6bef784ba1@group-16BC6866FE65->5645e86d-f871-44bb-8607-ce62943605c0-AppendLogResponseHandler: Failed appendEntries: org.apache.ratis.thirdparty.io.grpc.StatusRuntimeException: UNAVAILABLE: io exception
2019-10-01 15:46:06,407 [grpc-default-executor-6] INFO  impl.FollowerInfo (FollowerInfo.java:lambda$new$0(51)) - 9f82fbf8-4fac-4532-8c36-3e6bef784ba1@group-16BC6866FE65->5645e86d-f871-44bb-8607-ce62943605c0: nextIndex: updateUnconditionally 0 -> 0
2019-10-01 15:46:06,438 [grpc-default-executor-4] WARN  server.GrpcLogAppender (LogUtils.java:warn(134)) - 979f9232-9934-46b7-b55e-9df1564cd0b5@group-5B588368055C->4e6a07d6-9c54-412b-b38b-57a241553837-AppendLogResponseHandler: Failed appendEntries: org.apache.ratis.thirdparty.io.grpc.StatusRuntimeException: UNAVAILABLE: io exception
2019-10-01 15:46:06,438 [grpc-default-executor-4] INFO  impl.FollowerInfo (FollowerInfo.java:lambda$new$0(51)) - 979f9232-9934-46b7-b55e-9df1564cd0b5@group-5B588368055C->4e6a07d6-9c54-412b-b38b-57a241553837: nextIndex: updateUnconditionally 0 -> 0
2019-10-01 15:46:06,903 [grpc-default-executor-7] WARN  server.GrpcLogAppender (LogUtils.java:warn(134)) - 9f82fbf8-4fac-4532-8c36-3e6bef784ba1@group-16BC6866FE65->5645e86d-f871-44bb-8607-ce62943605c0-AppendLogResponseHandler: Failed appendEntries: org.apache.ratis.thirdparty.io.grpc.StatusRuntimeException: UNAVAILABLE: io exception
2019-10-01 15:46:06,904 [grpc-default-executor-7] INFO  impl.FollowerInfo (FollowerInfo.java:lambda$new$0(51)) - 9f82fbf8-4fac-4532-8c36-3e6bef784ba1@group-16BC6866FE65->5645e86d-f871-44bb-8607-ce62943605c0: nextIndex: updateUnconditionally 0 -> 0
2019-10-01 15:46:06,938 [grpc-default-executor-6] WARN  server.GrpcLogAppender (LogUtils.java:warn(134)) - 979f9232-9934-46b7-b55e-9df1564cd0b5@group-5B588368055C->4e6a07d6-9c54-412b-b38b-57a241553837-AppendLogResponseHandler: Failed appendEntries: org.apache.ratis.thirdparty.io.grpc.StatusRuntimeException: UNAVAILABLE: io exception
2019-10-01 15:46:06,938 [grpc-default-executor-6] INFO  impl.FollowerInfo (FollowerInfo.java:lambda$new$0(51)) - 979f9232-9934-46b7-b55e-9df1564cd0b5@group-5B588368055C->4e6a07d6-9c54-412b-b38b-57a241553837: nextIndex: updateUnconditionally 0 -> 0
2019-10-01 15:46:07,405 [grpc-default-executor-7] WARN  server.GrpcLogAppender (LogUtils.java:warn(134)) - 9f82fbf8-4fac-4532-8c36-3e6bef784ba1@group-16BC6866FE65->5645e86d-f871-44bb-8607-ce62943605c0-AppendLogResponseHandler: Failed appendEntries: org.apache.ratis.thirdparty.io.grpc.StatusRuntimeException: UNAVAILABLE: io exception
2019-10-01 15:46:07,405 [grpc-default-executor-7] INFO  impl.FollowerInfo (FollowerInfo.java:lambda$new$0(51)) - 9f82fbf8-4fac-4532-8c36-3e6bef784ba1@group-16BC6866FE65->5645e86d-f871-44bb-8607-ce62943605c0: nextIndex: updateUnconditionally 0 -> 0
2019-10-01 15:46:07,439 [grpc-default-executor-4] WARN  server.GrpcLogAppender (LogUtils.java:warn(134)) - 979f9232-9934-46b7-b55e-9df1564cd0b5@group-5B588368055C->4e6a07d6-9c54-412b-b38b-57a241553837-AppendLogResponseHandler: Failed appendEntries: org.apache.ratis.thirdparty.io.grpc.StatusRuntimeException: UNAVAILABLE: io exception
2019-10-01 15:46:07,440 [grpc-default-executor-4] INFO  impl.FollowerInfo (FollowerInfo.java:lambda$new$0(51)) - 979f9232-9934-46b7-b55e-9df1564cd0b5@group-5B588368055C->4e6a07d6-9c54-412b-b38b-57a241553837: nextIndex: updateUnconditionally 0 -> 0
2019-10-01 15:46:07,905 [grpc-default-executor-6] WARN  server.GrpcLogAppender (LogUtils.java:warn(134)) - 9f82fbf8-4fac-4532-8c36-3e6bef784ba1@group-16BC6866FE65->5645e86d-f871-44bb-8607-ce62943605c0-AppendLogResponseHandler: Failed appendEntries: org.apache.ratis.thirdparty.io.grpc.StatusRuntimeException: UNAVAILABLE: io exception
2019-10-01 15:46:07,905 [grpc-default-executor-6] INFO  impl.FollowerInfo (FollowerInfo.java:lambda$new$0(51)) - 9f82fbf8-4fac-4532-8c36-3e6bef784ba1@group-16BC6866FE65->5645e86d-f871-44bb-8607-ce62943605c0: nextIndex: updateUnconditionally 0 -> 0
2019-10-01 15:46:07,940 [grpc-default-executor-6] WARN  server.GrpcLogAppender (LogUtils.java:warn(134)) - 979f9232-9934-46b7-b55e-9df1564cd0b5@group-5B588368055C->4e6a07d6-9c54-412b-b38b-57a241553837-AppendLogResponseHandler: Failed appendEntries: org.apache.ratis.thirdparty.io.grpc.StatusRuntimeException: UNAVAILABLE: io exception
2019-10-01 15:46:07,941 [grpc-default-executor-6] INFO  impl.FollowerInfo (FollowerInfo.java:lambda$new$0(51)) - 979f9232-9934-46b7-b55e-9df1564cd0b5@group-5B588368055C->4e6a07d6-9c54-412b-b38b-57a241553837: nextIndex: updateUnconditionally 0 -> 0
2019-10-01 15:46:08,263 [main] INFO  ozoneimpl.OzoneContainer (OzoneContainer.java:stop(231)) - Attempting to stop container services.
2019-10-01 15:46:08,264 [main] INFO  impl.RaftServerProxy (RaftServerProxy.java:lambda$close$4(314)) - 979f9232-9934-46b7-b55e-9df1564cd0b5: close
2019-10-01 15:46:08,265 [main] INFO  impl.RaftServerImpl (RaftServerImpl.java:lambda$shutdown$3(251)) - 979f9232-9934-46b7-b55e-9df1564cd0b5@group-5B588368055C: shutdown
2019-10-01 15:46:08,266 [main] INFO  util.JmxRegister (JmxRegister.java:unregister(73)) - Successfully un-registered JMX Bean with object name Ratis:service=RaftServer,group=group-5B588368055C,id=979f9232-9934-46b7-b55e-9df1564cd0b5
2019-10-01 15:46:08,266 [main] INFO  impl.RoleInfo (RoleInfo.java:shutdownLeaderState(104)) - 979f9232-9934-46b7-b55e-9df1564cd0b5: shutdown LeaderState
2019-10-01 15:46:08,268 [main] INFO  impl.PendingRequests (PendingRequests.java:sendNotLeaderResponses(202)) - 979f9232-9934-46b7-b55e-9df1564cd0b5-PendingRequests: sendNotLeaderResponses
2019-10-01 15:46:08,269 [org.apache.ratis.server.impl.LogAppender$AppenderDaemon$$Lambda$518/1547146472@43c39118] WARN  server.GrpcLogAppender (GrpcLogAppender.java:mayWait(143)) - 979f9232-9934-46b7-b55e-9df1564cd0b5@group-5B588368055C->4e6a07d6-9c54-412b-b38b-57a241553837-GrpcLogAppender: Wait interrupted by java.lang.InterruptedException
2019-10-01 15:46:08,269 [org.apache.ratis.server.impl.LogAppender$AppenderDaemon$$Lambda$518/1547146472@6926811f] WARN  server.GrpcLogAppender (GrpcLogAppender.java:mayWait(143)) - 979f9232-9934-46b7-b55e-9df1564cd0b5@group-5B588368055C->ce462447-f21b-46ca-8863-5bada9d1e9f5-GrpcLogAppender: Wait interrupted by java.lang.InterruptedException
2019-10-01 15:46:08,271 [grpc-default-executor-4] INFO  server.GrpcServerProtocolService (GrpcServerProtocolService.java:onCompleted(113)) - ce462447-f21b-46ca-8863-5bada9d1e9f5: Completed APPEND_ENTRIES, lastRequest: 979f9232-9934-46b7-b55e-9df1564cd0b5->ce462447-f21b-46ca-8863-5bada9d1e9f5#63-t2, previous=(t:2, i:0), leaderCommit=0, initializing? false, entries: <empty>
2019-10-01 15:46:08,271 [main] INFO  impl.StateMachineUpdater (StateMachineUpdater.java:stopAndJoin(125)) - 979f9232-9934-46b7-b55e-9df1564cd0b5@group-5B588368055C-StateMachineUpdater: set stopIndex = 0
2019-10-01 15:46:08,272 [main] INFO  impl.RaftServerImpl (ServerState.java:close(385)) - 979f9232-9934-46b7-b55e-9df1564cd0b5@group-5B588368055C: closes. applyIndex: 0
2019-10-01 15:46:08,272 [grpc-default-executor-4] INFO  server.GrpcLogAppender (GrpcLogAppender.java:onCompleted(293)) - 979f9232-9934-46b7-b55e-9df1564cd0b5@group-5B588368055C->ce462447-f21b-46ca-8863-5bada9d1e9f5-AppendLogResponseHandler: follower responses appendEntries COMPLETED
2019-10-01 15:46:08,273 [grpc-default-executor-4] INFO  impl.FollowerInfo (FollowerInfo.java:lambda$new$0(51)) - 979f9232-9934-46b7-b55e-9df1564cd0b5@group-5B588368055C->ce462447-f21b-46ca-8863-5bada9d1e9f5: nextIndex: updateUnconditionally 1 -> 0
2019-10-01 15:46:08,273 [979f9232-9934-46b7-b55e-9df1564cd0b5@group-5B588368055C-SegmentedRaftLogWorker] INFO  segmented.SegmentedRaftLogWorker (SegmentedRaftLogWorker.java:run(313)) - 979f9232-9934-46b7-b55e-9df1564cd0b5@group-5B588368055C-SegmentedRaftLogWorker was interrupted, exiting. There are 0 tasks remaining in the queue.
2019-10-01 15:46:08,395 [ForkJoinPool.commonPool-worker-0] INFO  ozoneimpl.OzoneContainer (OzoneContainer.java:stop(231)) - Attempting to stop container services.
2019-10-01 15:46:08,396 [ForkJoinPool.commonPool-worker-0] INFO  impl.RaftServerProxy (RaftServerProxy.java:lambda$close$4(314)) - 9f82fbf8-4fac-4532-8c36-3e6bef784ba1: close
2019-10-01 15:46:08,396 [ForkJoinPool.commonPool-worker-0] INFO  impl.RaftServerImpl (RaftServerImpl.java:lambda$shutdown$3(251)) - 9f82fbf8-4fac-4532-8c36-3e6bef784ba1@group-16BC6866FE65: shutdown
2019-10-01 15:46:08,396 [ForkJoinPool.commonPool-worker-0] INFO  util.JmxRegister (JmxRegister.java:unregister(73)) - Successfully un-registered JMX Bean with object name Ratis:service=RaftServer,group=group-16BC6866FE65,id=9f82fbf8-4fac-4532-8c36-3e6bef784ba1
2019-10-01 15:46:08,397 [ForkJoinPool.commonPool-worker-0] INFO  impl.RoleInfo (RoleInfo.java:shutdownLeaderState(104)) - 9f82fbf8-4fac-4532-8c36-3e6bef784ba1: shutdown LeaderState
2019-10-01 15:46:08,399 [ForkJoinPool.commonPool-worker-0] INFO  impl.PendingRequests (PendingRequests.java:sendNotLeaderResponses(202)) - 9f82fbf8-4fac-4532-8c36-3e6bef784ba1-PendingRequests: sendNotLeaderResponses
2019-10-01 15:46:08,399 [org.apache.ratis.server.impl.LogAppender$AppenderDaemon$$Lambda$518/1547146472@6ffa1b62] WARN  server.GrpcLogAppender (GrpcLogAppender.java:mayWait(143)) - 9f82fbf8-4fac-4532-8c36-3e6bef784ba1@group-16BC6866FE65->17687ae8-18db-4cee-85ef-ee5e0f3bebbe-GrpcLogAppender: Wait interrupted by java.lang.InterruptedException
2019-10-01 15:46:08,399 [org.apache.ratis.server.impl.LogAppender$AppenderDaemon$$Lambda$518/1547146472@5deee053] WARN  server.GrpcLogAppender (GrpcLogAppender.java:mayWait(143)) - 9f82fbf8-4fac-4532-8c36-3e6bef784ba1@group-16BC6866FE65->5645e86d-f871-44bb-8607-ce62943605c0-GrpcLogAppender: Wait interrupted by java.lang.InterruptedException
2019-10-01 15:46:08,399 [ForkJoinPool.commonPool-worker-0] INFO  impl.StateMachineUpdater (StateMachineUpdater.java:stopAndJoin(125)) - 9f82fbf8-4fac-4532-8c36-3e6bef784ba1@group-16BC6866FE65-StateMachineUpdater: set stopIndex = 0
2019-10-01 15:46:08,400 [ForkJoinPool.commonPool-worker-0] INFO  impl.RaftServerImpl (ServerState.java:close(385)) - 9f82fbf8-4fac-4532-8c36-3e6bef784ba1@group-16BC6866FE65: closes. applyIndex: 0
2019-10-01 15:46:08,400 [grpc-default-executor-4] INFO  server.GrpcServerProtocolService (GrpcServerProtocolService.java:onCompleted(113)) - 17687ae8-18db-4cee-85ef-ee5e0f3bebbe: Completed APPEND_ENTRIES, lastRequest: 9f82fbf8-4fac-4532-8c36-3e6bef784ba1->17687ae8-18db-4cee-85ef-ee5e0f3bebbe#45-t8, previous=(t:8, i:0), leaderCommit=0, initializing? false, entries: <empty>
2019-10-01 15:46:08,400 [9f82fbf8-4fac-4532-8c36-3e6bef784ba1@group-16BC6866FE65-SegmentedRaftLogWorker] INFO  segmented.SegmentedRaftLogWorker (SegmentedRaftLogWorker.java:run(313)) - 9f82fbf8-4fac-4532-8c36-3e6bef784ba1@group-16BC6866FE65-SegmentedRaftLogWorker was interrupted, exiting. There are 0 tasks remaining in the queue.
2019-10-01 15:46:08,401 [grpc-default-executor-4] INFO  server.GrpcLogAppender (GrpcLogAppender.java:onCompleted(293)) - 9f82fbf8-4fac-4532-8c36-3e6bef784ba1@group-16BC6866FE65->17687ae8-18db-4cee-85ef-ee5e0f3bebbe-AppendLogResponseHandler: follower responses appendEntries COMPLETED
2019-10-01 15:46:08,401 [grpc-default-executor-4] INFO  impl.FollowerInfo (FollowerInfo.java:lambda$new$0(51)) - 9f82fbf8-4fac-4532-8c36-3e6bef784ba1@group-16BC6866FE65->17687ae8-18db-4cee-85ef-ee5e0f3bebbe: nextIndex: updateUnconditionally 1 -> 0
2019-10-01 15:46:08,650 [ForkJoinPool.commonPool-worker-0] INFO  segmented.SegmentedRaftLogWorker (SegmentedRaftLogWorker.java:close(228)) - 9f82fbf8-4fac-4532-8c36-3e6bef784ba1@group-16BC6866FE65-SegmentedRaftLogWorker close()
2019-10-01 15:46:08,650 [main] INFO  segmented.SegmentedRaftLogWorker (SegmentedRaftLogWorker.java:close(228)) - 979f9232-9934-46b7-b55e-9df1564cd0b5@group-5B588368055C-SegmentedRaftLogWorker close()
2019-10-01 15:46:08,652 [ForkJoinPool.commonPool-worker-0] INFO  impl.RaftServerImpl (RaftServerImpl.java:lambda$shutdown$3(251)) - 9f82fbf8-4fac-4532-8c36-3e6bef784ba1@group-73645D4077A4: shutdown
2019-10-01 15:46:08,653 [main] INFO  impl.RaftServerImpl (RaftServerImpl.java:lambda$shutdown$3(251)) - 979f9232-9934-46b7-b55e-9df1564cd0b5@group-70A5685058C9: shutdown
2019-10-01 15:46:08,653 [ForkJoinPool.commonPool-worker-0] INFO  util.JmxRegister (JmxRegister.java:unregister(73)) - Successfully un-registered JMX Bean with object name Ratis:service=RaftServer,group=group-73645D4077A4,id=9f82fbf8-4fac-4532-8c36-3e6bef784ba1
2019-10-01 15:46:08,654 [main] INFO  util.JmxRegister (JmxRegister.java:unregister(73)) - Successfully un-registered JMX Bean with object name Ratis:service=RaftServer,group=group-70A5685058C9,id=979f9232-9934-46b7-b55e-9df1564cd0b5
2019-10-01 15:46:08,654 [ForkJoinPool.commonPool-worker-0] INFO  impl.RoleInfo (RoleInfo.java:shutdownLeaderState(104)) - 9f82fbf8-4fac-4532-8c36-3e6bef784ba1: shutdown LeaderState
2019-10-01 15:46:08,654 [main] INFO  impl.RoleInfo (RoleInfo.java:shutdownLeaderState(104)) - 979f9232-9934-46b7-b55e-9df1564cd0b5: shutdown LeaderState
2019-10-01 15:46:08,655 [ForkJoinPool.commonPool-worker-0] INFO  impl.PendingRequests (PendingRequests.java:sendNotLeaderResponses(202)) - 9f82fbf8-4fac-4532-8c36-3e6bef784ba1-PendingRequests: sendNotLeaderResponses
2019-10-01 15:46:08,655 [main] INFO  impl.PendingRequests (PendingRequests.java:sendNotLeaderResponses(202)) - 979f9232-9934-46b7-b55e-9df1564cd0b5-PendingRequests: sendNotLeaderResponses
2019-10-01 15:46:08,655 [ForkJoinPool.commonPool-worker-0] INFO  impl.StateMachineUpdater (StateMachineUpdater.java:stopAndJoin(125)) - 9f82fbf8-4fac-4532-8c36-3e6bef784ba1@group-73645D4077A4-StateMachineUpdater: set stopIndex = 0
2019-10-01 15:46:08,656 [main] INFO  impl.StateMachineUpdater (StateMachineUpdater.java:stopAndJoin(125)) - 979f9232-9934-46b7-b55e-9df1564cd0b5@group-70A5685058C9-StateMachineUpdater: set stopIndex = 0
2019-10-01 15:46:08,656 [ForkJoinPool.commonPool-worker-0] INFO  impl.RaftServerImpl (ServerState.java:close(385)) - 9f82fbf8-4fac-4532-8c36-3e6bef784ba1@group-73645D4077A4: closes. applyIndex: 0
2019-10-01 15:46:08,656 [main] INFO  impl.RaftServerImpl (ServerState.java:close(385)) - 979f9232-9934-46b7-b55e-9df1564cd0b5@group-70A5685058C9: closes. applyIndex: 0
2019-10-01 15:46:08,657 [9f82fbf8-4fac-4532-8c36-3e6bef784ba1@group-73645D4077A4-SegmentedRaftLogWorker] INFO  segmented.SegmentedRaftLogWorker (SegmentedRaftLogWorker.java:run(313)) - 9f82fbf8-4fac-4532-8c36-3e6bef784ba1@group-73645D4077A4-SegmentedRaftLogWorker was interrupted, exiting. There are 0 tasks remaining in the queue.
2019-10-01 15:46:08,657 [979f9232-9934-46b7-b55e-9df1564cd0b5@group-70A5685058C9-SegmentedRaftLogWorker] INFO  segmented.SegmentedRaftLogWorker (SegmentedRaftLogWorker.java:run(313)) - 979f9232-9934-46b7-b55e-9df1564cd0b5@group-70A5685058C9-SegmentedRaftLogWorker was interrupted, exiting. There are 0 tasks remaining in the queue.
2019-10-01 15:46:08,657 [ForkJoinPool.commonPool-worker-0] INFO  segmented.SegmentedRaftLogWorker (SegmentedRaftLogWorker.java:close(228)) - 9f82fbf8-4fac-4532-8c36-3e6bef784ba1@group-73645D4077A4-SegmentedRaftLogWorker close()
2019-10-01 15:46:08,657 [main] INFO  segmented.SegmentedRaftLogWorker (SegmentedRaftLogWorker.java:close(228)) - 979f9232-9934-46b7-b55e-9df1564cd0b5@group-70A5685058C9-SegmentedRaftLogWorker close()
2019-10-01 15:46:08,659 [ForkJoinPool.commonPool-worker-0] INFO  server.GrpcService (GrpcService.java:closeImpl(164)) - 9f82fbf8-4fac-4532-8c36-3e6bef784ba1: shutdown server with port 38577 now
2019-10-01 15:46:08,660 [main] INFO  server.GrpcService (GrpcService.java:closeImpl(164)) - 979f9232-9934-46b7-b55e-9df1564cd0b5: shutdown server with port 36138 now
2019-10-01 15:46:08,661 [ForkJoinPool.commonPool-worker-0] INFO  server.GrpcService (GrpcService.java:closeImpl(172)) - 9f82fbf8-4fac-4532-8c36-3e6bef784ba1: shutdown server with port 38577 successfully
2019-10-01 15:46:08,661 [main] INFO  server.GrpcService (GrpcService.java:closeImpl(172)) - 979f9232-9934-46b7-b55e-9df1564cd0b5: shutdown server with port 36138 successfully
2019-10-01 15:46:08,663 [refreshUsed-/workdir/hadoop-ozone/integration-test/target/test-dir/MiniOzoneClusterImpl-9b1271a8-4299-44cb-bbfb-3eebcf11b219/datanode-0/data/containers] WARN  fs.CachingGetSpaceUsed (CachingGetSpaceUsed.java:run(183)) - Thread Interrupted waiting to refresh disk information: sleep interrupted
2019-10-01 15:46:08,664 [refreshUsed-/workdir/hadoop-ozone/integration-test/target/test-dir/MiniOzoneClusterImpl-9b1271a8-4299-44cb-bbfb-3eebcf11b219/datanode-9/data/containers] WARN  fs.CachingGetSpaceUsed (CachingGetSpaceUsed.java:run(183)) - Thread Interrupted waiting to refresh disk information: sleep interrupted
2019-10-01 15:46:08,691 [ForkJoinPool.commonPool-worker-0] INFO  utils.BackgroundService (BackgroundService.java:shutdown(148)) - Shutting down service BlockDeletingService
2019-10-01 15:46:08,696 [ForkJoinPool.commonPool-worker-0] INFO  statemachine.DatanodeStateMachine (DatanodeStateMachine.java:stopDaemon(395)) - Ozone container server stopped.
2019-10-01 15:46:08,699 [main] INFO  utils.BackgroundService (BackgroundService.java:shutdown(148)) - Shutting down service BlockDeletingService
2019-10-01 15:46:08,700 [ForkJoinPool.commonPool-worker-0] INFO  handler.ContextHandler (ContextHandler.java:doStop(910)) - Stopped o.e.j.w.WebAppContext@646c0a67{/,null,UNAVAILABLE}{/hddsDatanode}
2019-10-01 15:46:08,703 [main] INFO  statemachine.DatanodeStateMachine (DatanodeStateMachine.java:stopDaemon(395)) - Ozone container server stopped.
2019-10-01 15:46:08,704 [ForkJoinPool.commonPool-worker-0] INFO  server.AbstractConnector (AbstractConnector.java:doStop(318)) - Stopped ServerConnector@3804a9a8{HTTP/1.1,[http/1.1]}{0.0.0.0:0}
2019-10-01 15:46:08,705 [ForkJoinPool.commonPool-worker-0] INFO  handler.ContextHandler (ContextHandler.java:doStop(910)) - Stopped o.e.j.s.ServletContextHandler@21bd20ee{/static,jar:file:/home/user/.m2/repository/org/apache/hadoop/hadoop-hdds-container-service/0.5.0-SNAPSHOT/hadoop-hdds-container-service-0.5.0-SNAPSHOT.jar!/webapps/static,UNAVAILABLE}
2019-10-01 15:46:08,706 [ForkJoinPool.commonPool-worker-0] INFO  handler.ContextHandler (ContextHandler.java:doStop(910)) - Stopped o.e.j.s.ServletContextHandler@70228253{/logs,file:///workdir/hadoop-ozone/integration-test/target/log,UNAVAILABLE}
2019-10-01 15:46:08,706 [main] INFO  handler.ContextHandler (ContextHandler.java:doStop(910)) - Stopped o.e.j.w.WebAppContext@7132a9dc{/,null,UNAVAILABLE}{/hddsDatanode}
2019-10-01 15:46:08,707 [main] INFO  server.AbstractConnector (AbstractConnector.java:doStop(318)) - Stopped ServerConnector@57435801{HTTP/1.1,[http/1.1]}{0.0.0.0:0}
2019-10-01 15:46:08,708 [main] INFO  handler.ContextHandler (ContextHandler.java:doStop(910)) - Stopped o.e.j.s.ServletContextHandler@797c3c3b{/static,jar:file:/home/user/.m2/repository/org/apache/hadoop/hadoop-hdds-container-service/0.5.0-SNAPSHOT/hadoop-hdds-container-service-0.5.0-SNAPSHOT.jar!/webapps/static,UNAVAILABLE}
2019-10-01 15:46:08,708 [main] INFO  handler.ContextHandler (ContextHandler.java:doStop(910)) - Stopped o.e.j.s.ServletContextHandler@4a2929a4{/logs,file:///workdir/hadoop-ozone/integration-test/target/log,UNAVAILABLE}
2019-10-01 15:46:09,183 [Datanode State Machine Thread - 0] INFO  statemachine.DatanodeStateMachine (DatanodeStateMachine.java:lambda$startDaemon$0(350)) - Ozone container server started.
2019-10-01 15:46:09,629 [Datanode State Machine Thread - 0] INFO  statemachine.DatanodeStateMachine (DatanodeStateMachine.java:lambda$startDaemon$0(350)) - Ozone container server started.
2019-10-01 15:46:09,802 [Thread-633] INFO  impl.FollowerState (FollowerState.java:run(106)) - 17687ae8-18db-4cee-85ef-ee5e0f3bebbe:group-16BC6866FE65 changes to CANDIDATE, lastRpcTime:1838, electionTimeout:1178ms
2019-10-01 15:46:09,802 [Thread-633] INFO  impl.RoleInfo (RoleInfo.java:shutdownFollowerState(121)) - 17687ae8-18db-4cee-85ef-ee5e0f3bebbe: shutdown FollowerState
2019-10-01 15:46:09,802 [Thread-633] INFO  impl.RaftServerImpl (RaftServerImpl.java:setRole(174)) - 17687ae8-18db-4cee-85ef-ee5e0f3bebbe@group-16BC6866FE65: changes role from  FOLLOWER to CANDIDATE at term 8 for changeToCandidate
2019-10-01 15:46:09,802 [Thread-633] INFO  impl.RoleInfo (RoleInfo.java:updateAndGet(143)) - 17687ae8-18db-4cee-85ef-ee5e0f3bebbe: start LeaderElection
2019-10-01 15:46:09,803 [17687ae8-18db-4cee-85ef-ee5e0f3bebbe@group-16BC6866FE65:LeaderElection67] INFO  impl.RaftServerImpl (ServerState.java:setLeader(253)) - 17687ae8-18db-4cee-85ef-ee5e0f3bebbe@group-16BC6866FE65: change Leader from 9f82fbf8-4fac-4532-8c36-3e6bef784ba1 to null at term 8 for initElection
2019-10-01 15:46:09,815 [Thread-434] INFO  impl.FollowerState (FollowerState.java:run(106)) - ce462447-f21b-46ca-8863-5bada9d1e9f5:group-5B588368055C changes to CANDIDATE, lastRpcTime:1851, electionTimeout:1087ms
2019-10-01 15:46:09,815 [Thread-434] INFO  impl.RoleInfo (RoleInfo.java:shutdownFollowerState(121)) - ce462447-f21b-46ca-8863-5bada9d1e9f5: shutdown FollowerState
2019-10-01 15:46:09,815 [Thread-434] INFO  impl.RaftServerImpl (RaftServerImpl.java:setRole(174)) - ce462447-f21b-46ca-8863-5bada9d1e9f5@group-5B588368055C: changes role from  FOLLOWER to CANDIDATE at term 2 for changeToCandidate
2019-10-01 15:46:09,815 [Thread-434] INFO  impl.RoleInfo (RoleInfo.java:updateAndGet(143)) - ce462447-f21b-46ca-8863-5bada9d1e9f5: start LeaderElection
2019-10-01 15:46:09,816 [ce462447-f21b-46ca-8863-5bada9d1e9f5@group-5B588368055C:LeaderElection68] INFO  impl.RaftServerImpl (ServerState.java:setLeader(253)) - ce462447-f21b-46ca-8863-5bada9d1e9f5@group-5B588368055C: change Leader from 979f9232-9934-46b7-b55e-9df1564cd0b5 to null at term 2 for initElection
2019-10-01 15:46:10,726 [17687ae8-18db-4cee-85ef-ee5e0f3bebbe@group-16BC6866FE65:LeaderElection67] INFO  impl.LeaderElection (LeaderElection.java:askForVotes(182)) - 17687ae8-18db-4cee-85ef-ee5e0f3bebbe@group-16BC6866FE65:LeaderElection67: begin an election at term 9 for 0: [5645e86d-f871-44bb-8607-ce62943605c0:192.168.151.117:45277, 17687ae8-18db-4cee-85ef-ee5e0f3bebbe:192.168.151.117:44984, 9f82fbf8-4fac-4532-8c36-3e6bef784ba1:192.168.151.117:38577], old=null
2019-10-01 15:46:10,726 [ce462447-f21b-46ca-8863-5bada9d1e9f5@group-5B588368055C:LeaderElection68] INFO  impl.LeaderElection (LeaderElection.java:askForVotes(182)) - ce462447-f21b-46ca-8863-5bada9d1e9f5@group-5B588368055C:LeaderElection68: begin an election at term 3 for 0: [4e6a07d6-9c54-412b-b38b-57a241553837:192.168.151.117:38655, ce462447-f21b-46ca-8863-5bada9d1e9f5:192.168.151.117:45778, 979f9232-9934-46b7-b55e-9df1564cd0b5:192.168.151.117:36138], old=null
2019-10-01 15:46:10,730 [17687ae8-18db-4cee-85ef-ee5e0f3bebbe@group-16BC6866FE65:LeaderElection67] INFO  impl.LeaderElection (LogUtils.java:infoOrTrace(149)) - 17687ae8-18db-4cee-85ef-ee5e0f3bebbe@group-16BC6866FE65:LeaderElection67 got exception when requesting votes: {}
java.util.concurrent.ExecutionException: org.apache.ratis.thirdparty.io.grpc.StatusRuntimeException: UNAVAILABLE: io exception
	at java.util.concurrent.FutureTask.report(FutureTask.java:122)
	at java.util.concurrent.FutureTask.get(FutureTask.java:192)
	at org.apache.ratis.server.impl.LeaderElection.waitForResults(LeaderElection.java:263)
	at org.apache.ratis.server.impl.LeaderElection.askForVotes(LeaderElection.java:201)
	at org.apache.ratis.server.impl.LeaderElection.run(LeaderElection.java:133)
	at java.lang.Thread.run(Thread.java:748)
Caused by: org.apache.ratis.thirdparty.io.grpc.StatusRuntimeException: UNAVAILABLE: io exception
	at org.apache.ratis.thirdparty.io.grpc.stub.ClientCalls.toStatusRuntimeException(ClientCalls.java:233)
	at org.apache.ratis.thirdparty.io.grpc.stub.ClientCalls.getUnchecked(ClientCalls.java:214)
	at org.apache.ratis.thirdparty.io.grpc.stub.ClientCalls.blockingUnaryCall(ClientCalls.java:139)
	at org.apache.ratis.proto.grpc.RaftServerProtocolServiceGrpc$RaftServerProtocolServiceBlockingStub.requestVote(RaftServerProtocolServiceGrpc.java:265)
	at org.apache.ratis.grpc.server.GrpcServerProtocolClient.requestVote(GrpcServerProtocolClient.java:90)
	at org.apache.ratis.grpc.server.GrpcService.requestVote(GrpcService.java:204)
	at org.apache.ratis.server.impl.LeaderElection.lambda$submitRequests$1(LeaderElection.java:238)
	at java.util.concurrent.FutureTask.run(FutureTask.java:266)
	at java.util.concurrent.Executors$RunnableAdapter.call(Executors.java:511)
	at java.util.concurrent.FutureTask.run(FutureTask.java:266)
	at java.util.concurrent.ThreadPoolExecutor.runWorker(ThreadPoolExecutor.java:1149)
	at java.util.concurrent.ThreadPoolExecutor$Worker.run(ThreadPoolExecutor.java:624)
	... 1 more
Caused by: org.apache.ratis.thirdparty.io.netty.channel.AbstractChannel$AnnotatedConnectException: Connection refused: /192.168.151.117:38577
	at sun.nio.ch.SocketChannelImpl.checkConnect(Native Method)
	at sun.nio.ch.SocketChannelImpl.finishConnect(SocketChannelImpl.java:717)
	at org.apache.ratis.thirdparty.io.netty.channel.socket.nio.NioSocketChannel.doFinishConnect(NioSocketChannel.java:327)
	at org.apache.ratis.thirdparty.io.netty.channel.nio.AbstractNioChannel$AbstractNioUnsafe.finishConnect(AbstractNioChannel.java:340)
	at org.apache.ratis.thirdparty.io.netty.channel.nio.NioEventLoop.processSelectedKey(NioEventLoop.java:632)
	at org.apache.ratis.thirdparty.io.netty.channel.nio.NioEventLoop.processSelectedKeysOptimized(NioEventLoop.java:579)
	at org.apache.ratis.thirdparty.io.netty.channel.nio.NioEventLoop.processSelectedKeys(NioEventLoop.java:496)
	at org.apache.ratis.thirdparty.io.netty.channel.nio.NioEventLoop.run(NioEventLoop.java:458)
	at org.apache.ratis.thirdparty.io.netty.util.concurrent.SingleThreadEventExecutor$5.run(SingleThreadEventExecutor.java:897)
	at org.apache.ratis.thirdparty.io.netty.util.concurrent.FastThreadLocalRunnable.run(FastThreadLocalRunnable.java:30)
	... 1 more
Caused by: java.net.ConnectException: Connection refused
	... 11 more
2019-10-01 15:46:10,730 [ce462447-f21b-46ca-8863-5bada9d1e9f5@group-5B588368055C:LeaderElection68] INFO  impl.LeaderElection (LogUtils.java:infoOrTrace(149)) - ce462447-f21b-46ca-8863-5bada9d1e9f5@group-5B588368055C:LeaderElection68 got exception when requesting votes: {}
java.util.concurrent.ExecutionException: org.apache.ratis.thirdparty.io.grpc.StatusRuntimeException: UNAVAILABLE: io exception
	at java.util.concurrent.FutureTask.report(FutureTask.java:122)
	at java.util.concurrent.FutureTask.get(FutureTask.java:192)
	at org.apache.ratis.server.impl.LeaderElection.waitForResults(LeaderElection.java:263)
	at org.apache.ratis.server.impl.LeaderElection.askForVotes(LeaderElection.java:201)
	at org.apache.ratis.server.impl.LeaderElection.run(LeaderElection.java:133)
	at java.lang.Thread.run(Thread.java:748)
Caused by: org.apache.ratis.thirdparty.io.grpc.StatusRuntimeException: UNAVAILABLE: io exception
	at org.apache.ratis.thirdparty.io.grpc.stub.ClientCalls.toStatusRuntimeException(ClientCalls.java:233)
	at org.apache.ratis.thirdparty.io.grpc.stub.ClientCalls.getUnchecked(ClientCalls.java:214)
	at org.apache.ratis.thirdparty.io.grpc.stub.ClientCalls.blockingUnaryCall(ClientCalls.java:139)
	at org.apache.ratis.proto.grpc.RaftServerProtocolServiceGrpc$RaftServerProtocolServiceBlockingStub.requestVote(RaftServerProtocolServiceGrpc.java:265)
	at org.apache.ratis.grpc.server.GrpcServerProtocolClient.requestVote(GrpcServerProtocolClient.java:90)
	at org.apache.ratis.grpc.server.GrpcService.requestVote(GrpcService.java:204)
	at org.apache.ratis.server.impl.LeaderElection.lambda$submitRequests$1(LeaderElection.java:238)
	at java.util.concurrent.FutureTask.run(FutureTask.java:266)
	at java.util.concurrent.Executors$RunnableAdapter.call(Executors.java:511)
	at java.util.concurrent.FutureTask.run(FutureTask.java:266)
	at java.util.concurrent.ThreadPoolExecutor.runWorker(ThreadPoolExecutor.java:1149)
	at java.util.concurrent.ThreadPoolExecutor$Worker.run(ThreadPoolExecutor.java:624)
	... 1 more
Caused by: org.apache.ratis.thirdparty.io.netty.channel.AbstractChannel$AnnotatedConnectException: Connection refused: /192.168.151.117:38655
	at sun.nio.ch.SocketChannelImpl.checkConnect(Native Method)
	at sun.nio.ch.SocketChannelImpl.finishConnect(SocketChannelImpl.java:717)
	at org.apache.ratis.thirdparty.io.netty.channel.socket.nio.NioSocketChannel.doFinishConnect(NioSocketChannel.java:327)
	at org.apache.ratis.thirdparty.io.netty.channel.nio.AbstractNioChannel$AbstractNioUnsafe.finishConnect(AbstractNioChannel.java:340)
	at org.apache.ratis.thirdparty.io.netty.channel.nio.NioEventLoop.processSelectedKey(NioEventLoop.java:632)
	at org.apache.ratis.thirdparty.io.netty.channel.nio.NioEventLoop.processSelectedKeysOptimized(NioEventLoop.java:579)
	at org.apache.ratis.thirdparty.io.netty.channel.nio.NioEventLoop.processSelectedKeys(NioEventLoop.java:496)
	at org.apache.ratis.thirdparty.io.netty.channel.nio.NioEventLoop.run(NioEventLoop.java:458)
	at org.apache.ratis.thirdparty.io.netty.util.concurrent.SingleThreadEventExecutor$5.run(SingleThreadEventExecutor.java:897)
	at org.apache.ratis.thirdparty.io.netty.util.concurrent.FastThreadLocalRunnable.run(FastThreadLocalRunnable.java:30)
	... 1 more
Caused by: java.net.ConnectException: Connection refused
	... 11 more
2019-10-01 15:46:10,732 [17687ae8-18db-4cee-85ef-ee5e0f3bebbe@group-16BC6866FE65:LeaderElection67] INFO  impl.LeaderElection (LogUtils.java:infoOrTrace(149)) - 17687ae8-18db-4cee-85ef-ee5e0f3bebbe@group-16BC6866FE65:LeaderElection67 got exception when requesting votes: {}
java.util.concurrent.ExecutionException: org.apache.ratis.thirdparty.io.grpc.StatusRuntimeException: UNAVAILABLE: io exception
	at java.util.concurrent.FutureTask.report(FutureTask.java:122)
	at java.util.concurrent.FutureTask.get(FutureTask.java:192)
	at org.apache.ratis.server.impl.LeaderElection.waitForResults(LeaderElection.java:263)
	at org.apache.ratis.server.impl.LeaderElection.askForVotes(LeaderElection.java:201)
	at org.apache.ratis.server.impl.LeaderElection.run(LeaderElection.java:133)
	at java.lang.Thread.run(Thread.java:748)
Caused by: org.apache.ratis.thirdparty.io.grpc.StatusRuntimeException: UNAVAILABLE: io exception
	at org.apache.ratis.thirdparty.io.grpc.stub.ClientCalls.toStatusRuntimeException(ClientCalls.java:233)
	at org.apache.ratis.thirdparty.io.grpc.stub.ClientCalls.getUnchecked(ClientCalls.java:214)
	at org.apache.ratis.thirdparty.io.grpc.stub.ClientCalls.blockingUnaryCall(ClientCalls.java:139)
	at org.apache.ratis.proto.grpc.RaftServerProtocolServiceGrpc$RaftServerProtocolServiceBlockingStub.requestVote(RaftServerProtocolServiceGrpc.java:265)
	at org.apache.ratis.grpc.server.GrpcServerProtocolClient.requestVote(GrpcServerProtocolClient.java:90)
	at org.apache.ratis.grpc.server.GrpcService.requestVote(GrpcService.java:204)
	at org.apache.ratis.server.impl.LeaderElection.lambda$submitRequests$1(LeaderElection.java:238)
	at java.util.concurrent.FutureTask.run(FutureTask.java:266)
	at java.util.concurrent.Executors$RunnableAdapter.call(Executors.java:511)
	at java.util.concurrent.FutureTask.run(FutureTask.java:266)
	at java.util.concurrent.ThreadPoolExecutor.runWorker(ThreadPoolExecutor.java:1149)
	at java.util.concurrent.ThreadPoolExecutor$Worker.run(ThreadPoolExecutor.java:624)
	... 1 more
Caused by: org.apache.ratis.thirdparty.io.netty.channel.AbstractChannel$AnnotatedConnectException: Connection refused: /192.168.151.117:45277
	at sun.nio.ch.SocketChannelImpl.checkConnect(Native Method)
	at sun.nio.ch.SocketChannelImpl.finishConnect(SocketChannelImpl.java:717)
	at org.apache.ratis.thirdparty.io.netty.channel.socket.nio.NioSocketChannel.doFinishConnect(NioSocketChannel.java:327)
	at org.apache.ratis.thirdparty.io.netty.channel.nio.AbstractNioChannel$AbstractNioUnsafe.finishConnect(AbstractNioChannel.java:340)
	at org.apache.ratis.thirdparty.io.netty.channel.nio.NioEventLoop.processSelectedKey(NioEventLoop.java:632)
	at org.apache.ratis.thirdparty.io.netty.channel.nio.NioEventLoop.processSelectedKeysOptimized(NioEventLoop.java:579)
	at org.apache.ratis.thirdparty.io.netty.channel.nio.NioEventLoop.processSelectedKeys(NioEventLoop.java:496)
	at org.apache.ratis.thirdparty.io.netty.channel.nio.NioEventLoop.run(NioEventLoop.java:458)
	at org.apache.ratis.thirdparty.io.netty.util.concurrent.SingleThreadEventExecutor$5.run(SingleThreadEventExecutor.java:897)
	at org.apache.ratis.thirdparty.io.netty.util.concurrent.FastThreadLocalRunnable.run(FastThreadLocalRunnable.java:30)
	... 1 more
Caused by: java.net.ConnectException: Connection refused
	... 11 more
2019-10-01 15:46:10,735 [ce462447-f21b-46ca-8863-5bada9d1e9f5@group-5B588368055C:LeaderElection68] INFO  impl.LeaderElection (LogUtils.java:infoOrTrace(149)) - ce462447-f21b-46ca-8863-5bada9d1e9f5@group-5B588368055C:LeaderElection68 got exception when requesting votes: {}
java.util.concurrent.ExecutionException: org.apache.ratis.thirdparty.io.grpc.StatusRuntimeException: UNAVAILABLE: io exception
	at java.util.concurrent.FutureTask.report(FutureTask.java:122)
	at java.util.concurrent.FutureTask.get(FutureTask.java:192)
	at org.apache.ratis.server.impl.LeaderElection.waitForResults(LeaderElection.java:263)
	at org.apache.ratis.server.impl.LeaderElection.askForVotes(LeaderElection.java:201)
	at org.apache.ratis.server.impl.LeaderElection.run(LeaderElection.java:133)
	at java.lang.Thread.run(Thread.java:748)
Caused by: org.apache.ratis.thirdparty.io.grpc.StatusRuntimeException: UNAVAILABLE: io exception
	at org.apache.ratis.thirdparty.io.grpc.stub.ClientCalls.toStatusRuntimeException(ClientCalls.java:233)
	at org.apache.ratis.thirdparty.io.grpc.stub.ClientCalls.getUnchecked(ClientCalls.java:214)
	at org.apache.ratis.thirdparty.io.grpc.stub.ClientCalls.blockingUnaryCall(ClientCalls.java:139)
	at org.apache.ratis.proto.grpc.RaftServerProtocolServiceGrpc$RaftServerProtocolServiceBlockingStub.requestVote(RaftServerProtocolServiceGrpc.java:265)
	at org.apache.ratis.grpc.server.GrpcServerProtocolClient.requestVote(GrpcServerProtocolClient.java:90)
	at org.apache.ratis.grpc.server.GrpcService.requestVote(GrpcService.java:204)
	at org.apache.ratis.server.impl.LeaderElection.lambda$submitRequests$1(LeaderElection.java:238)
	at java.util.concurrent.FutureTask.run(FutureTask.java:266)
	at java.util.concurrent.Executors$RunnableAdapter.call(Executors.java:511)
	at java.util.concurrent.FutureTask.run(FutureTask.java:266)
	at java.util.concurrent.ThreadPoolExecutor.runWorker(ThreadPoolExecutor.java:1149)
	at java.util.concurrent.ThreadPoolExecutor$Worker.run(ThreadPoolExecutor.java:624)
	... 1 more
Caused by: org.apache.ratis.thirdparty.io.netty.channel.AbstractChannel$AnnotatedConnectException: Connection refused: /192.168.151.117:36138
	at sun.nio.ch.SocketChannelImpl.checkConnect(Native Method)
	at sun.nio.ch.SocketChannelImpl.finishConnect(SocketChannelImpl.java:717)
	at org.apache.ratis.thirdparty.io.netty.channel.socket.nio.NioSocketChannel.doFinishConnect(NioSocketChannel.java:327)
	at org.apache.ratis.thirdparty.io.netty.channel.nio.AbstractNioChannel$AbstractNioUnsafe.finishConnect(AbstractNioChannel.java:340)
	at org.apache.ratis.thirdparty.io.netty.channel.nio.NioEventLoop.processSelectedKey(NioEventLoop.java:632)
	at org.apache.ratis.thirdparty.io.netty.channel.nio.NioEventLoop.processSelectedKeysOptimized(NioEventLoop.java:579)
	at org.apache.ratis.thirdparty.io.netty.channel.nio.NioEventLoop.processSelectedKeys(NioEventLoop.java:496)
	at org.apache.ratis.thirdparty.io.netty.channel.nio.NioEventLoop.run(NioEventLoop.java:458)
	at org.apache.ratis.thirdparty.io.netty.util.concurrent.SingleThreadEventExecutor$5.run(SingleThreadEventExecutor.java:897)
	at org.apache.ratis.thirdparty.io.netty.util.concurrent.FastThreadLocalRunnable.run(FastThreadLocalRunnable.java:30)
	... 1 more
Caused by: java.net.ConnectException: Connection refused
	... 11 more
2019-10-01 15:46:10,736 [17687ae8-18db-4cee-85ef-ee5e0f3bebbe@group-16BC6866FE65:LeaderElection67] INFO  impl.LeaderElection (LeaderElection.java:logAndReturn(56)) - 17687ae8-18db-4cee-85ef-ee5e0f3bebbe@group-16BC6866FE65:LeaderElection67: Election REJECTED; received 0 response(s) [] and 2 exception(s); 17687ae8-18db-4cee-85ef-ee5e0f3bebbe@group-16BC6866FE65:t9, leader=null, voted=17687ae8-18db-4cee-85ef-ee5e0f3bebbe, raftlog=17687ae8-18db-4cee-85ef-ee5e0f3bebbe@group-16BC6866FE65-SegmentedRaftLog:OPENED:c0,f0,i0, conf=0: [5645e86d-f871-44bb-8607-ce62943605c0:192.168.151.117:45277, 17687ae8-18db-4cee-85ef-ee5e0f3bebbe:192.168.151.117:44984, 9f82fbf8-4fac-4532-8c36-3e6bef784ba1:192.168.151.117:38577], old=null
2019-10-01 15:46:10,738 [ce462447-f21b-46ca-8863-5bada9d1e9f5@group-5B588368055C:LeaderElection68] INFO  impl.LeaderElection (LeaderElection.java:logAndReturn(56)) - ce462447-f21b-46ca-8863-5bada9d1e9f5@group-5B588368055C:LeaderElection68: Election REJECTED; received 0 response(s) [] and 2 exception(s); ce462447-f21b-46ca-8863-5bada9d1e9f5@group-5B588368055C:t3, leader=null, voted=ce462447-f21b-46ca-8863-5bada9d1e9f5, raftlog=ce462447-f21b-46ca-8863-5bada9d1e9f5@group-5B588368055C-SegmentedRaftLog:OPENED:c0,f0,i0, conf=0: [4e6a07d6-9c54-412b-b38b-57a241553837:192.168.151.117:38655, ce462447-f21b-46ca-8863-5bada9d1e9f5:192.168.151.117:45778, 979f9232-9934-46b7-b55e-9df1564cd0b5:192.168.151.117:36138], old=null
2019-10-01 15:46:10,738 [17687ae8-18db-4cee-85ef-ee5e0f3bebbe@group-16BC6866FE65:LeaderElection67] INFO  impl.LeaderElection (LogUtils.java:infoOrTrace(149)) -   Exception 0: {}
java.util.concurrent.ExecutionException: org.apache.ratis.thirdparty.io.grpc.StatusRuntimeException: UNAVAILABLE: io exception
	at java.util.concurrent.FutureTask.report(FutureTask.java:122)
	at java.util.concurrent.FutureTask.get(FutureTask.java:192)
	at org.apache.ratis.server.impl.LeaderElection.waitForResults(LeaderElection.java:263)
	at org.apache.ratis.server.impl.LeaderElection.askForVotes(LeaderElection.java:201)
	at org.apache.ratis.server.impl.LeaderElection.run(LeaderElection.java:133)
	at java.lang.Thread.run(Thread.java:748)
Caused by: org.apache.ratis.thirdparty.io.grpc.StatusRuntimeException: UNAVAILABLE: io exception
	at org.apache.ratis.thirdparty.io.grpc.stub.ClientCalls.toStatusRuntimeException(ClientCalls.java:233)
	at org.apache.ratis.thirdparty.io.grpc.stub.ClientCalls.getUnchecked(ClientCalls.java:214)
	at org.apache.ratis.thirdparty.io.grpc.stub.ClientCalls.blockingUnaryCall(ClientCalls.java:139)
	at org.apache.ratis.proto.grpc.RaftServerProtocolServiceGrpc$RaftServerProtocolServiceBlockingStub.requestVote(RaftServerProtocolServiceGrpc.java:265)
	at org.apache.ratis.grpc.server.GrpcServerProtocolClient.requestVote(GrpcServerProtocolClient.java:90)
	at org.apache.ratis.grpc.server.GrpcService.requestVote(GrpcService.java:204)
	at org.apache.ratis.server.impl.LeaderElection.lambda$submitRequests$1(LeaderElection.java:238)
	at java.util.concurrent.FutureTask.run(FutureTask.java:266)
	at java.util.concurrent.Executors$RunnableAdapter.call(Executors.java:511)
	at java.util.concurrent.FutureTask.run(FutureTask.java:266)
	at java.util.concurrent.ThreadPoolExecutor.runWorker(ThreadPoolExecutor.java:1149)
	at java.util.concurrent.ThreadPoolExecutor$Worker.run(ThreadPoolExecutor.java:624)
	... 1 more
Caused by: org.apache.ratis.thirdparty.io.netty.channel.AbstractChannel$AnnotatedConnectException: Connection refused: /192.168.151.117:38577
	at sun.nio.ch.SocketChannelImpl.checkConnect(Native Method)
	at sun.nio.ch.SocketChannelImpl.finishConnect(SocketChannelImpl.java:717)
	at org.apache.ratis.thirdparty.io.netty.channel.socket.nio.NioSocketChannel.doFinishConnect(NioSocketChannel.java:327)
	at org.apache.ratis.thirdparty.io.netty.channel.nio.AbstractNioChannel$AbstractNioUnsafe.finishConnect(AbstractNioChannel.java:340)
	at org.apache.ratis.thirdparty.io.netty.channel.nio.NioEventLoop.processSelectedKey(NioEventLoop.java:632)
	at org.apache.ratis.thirdparty.io.netty.channel.nio.NioEventLoop.processSelectedKeysOptimized(NioEventLoop.java:579)
	at org.apache.ratis.thirdparty.io.netty.channel.nio.NioEventLoop.processSelectedKeys(NioEventLoop.java:496)
	at org.apache.ratis.thirdparty.io.netty.channel.nio.NioEventLoop.run(NioEventLoop.java:458)
	at org.apache.ratis.thirdparty.io.netty.util.concurrent.SingleThreadEventExecutor$5.run(SingleThreadEventExecutor.java:897)
	at org.apache.ratis.thirdparty.io.netty.util.concurrent.FastThreadLocalRunnable.run(FastThreadLocalRunnable.java:30)
	... 1 more
Caused by: java.net.ConnectException: Connection refused
	... 11 more
2019-10-01 15:46:10,739 [17687ae8-18db-4cee-85ef-ee5e0f3bebbe@group-16BC6866FE65:LeaderElection67] INFO  impl.LeaderElection (LogUtils.java:infoOrTrace(149)) -   Exception 1: {}
java.util.concurrent.ExecutionException: org.apache.ratis.thirdparty.io.grpc.StatusRuntimeException: UNAVAILABLE: io exception
	at java.util.concurrent.FutureTask.report(FutureTask.java:122)
	at java.util.concurrent.FutureTask.get(FutureTask.java:192)
	at org.apache.ratis.server.impl.LeaderElection.waitForResults(LeaderElection.java:263)
	at org.apache.ratis.server.impl.LeaderElection.askForVotes(LeaderElection.java:201)
	at org.apache.ratis.server.impl.LeaderElection.run(LeaderElection.java:133)
	at java.lang.Thread.run(Thread.java:748)
Caused by: org.apache.ratis.thirdparty.io.grpc.StatusRuntimeException: UNAVAILABLE: io exception
	at org.apache.ratis.thirdparty.io.grpc.stub.ClientCalls.toStatusRuntimeException(ClientCalls.java:233)
	at org.apache.ratis.thirdparty.io.grpc.stub.ClientCalls.getUnchecked(ClientCalls.java:214)
	at org.apache.ratis.thirdparty.io.grpc.stub.ClientCalls.blockingUnaryCall(ClientCalls.java:139)
	at org.apache.ratis.proto.grpc.RaftServerProtocolServiceGrpc$RaftServerProtocolServiceBlockingStub.requestVote(RaftServerProtocolServiceGrpc.java:265)
	at org.apache.ratis.grpc.server.GrpcServerProtocolClient.requestVote(GrpcServerProtocolClient.java:90)
	at org.apache.ratis.grpc.server.GrpcService.requestVote(GrpcService.java:204)
	at org.apache.ratis.server.impl.LeaderElection.lambda$submitRequests$1(LeaderElection.java:238)
	at java.util.concurrent.FutureTask.run(FutureTask.java:266)
	at java.util.concurrent.Executors$RunnableAdapter.call(Executors.java:511)
	at java.util.concurrent.FutureTask.run(FutureTask.java:266)
	at java.util.concurrent.ThreadPoolExecutor.runWorker(ThreadPoolExecutor.java:1149)
	at java.util.concurrent.ThreadPoolExecutor$Worker.run(ThreadPoolExecutor.java:624)
	... 1 more
Caused by: org.apache.ratis.thirdparty.io.netty.channel.AbstractChannel$AnnotatedConnectException: Connection refused: /192.168.151.117:45277
	at sun.nio.ch.SocketChannelImpl.checkConnect(Native Method)
	at sun.nio.ch.SocketChannelImpl.finishConnect(SocketChannelImpl.java:717)
	at org.apache.ratis.thirdparty.io.netty.channel.socket.nio.NioSocketChannel.doFinishConnect(NioSocketChannel.java:327)
	at org.apache.ratis.thirdparty.io.netty.channel.nio.AbstractNioChannel$AbstractNioUnsafe.finishConnect(AbstractNioChannel.java:340)
	at org.apache.ratis.thirdparty.io.netty.channel.nio.NioEventLoop.processSelectedKey(NioEventLoop.java:632)
	at org.apache.ratis.thirdparty.io.netty.channel.nio.NioEventLoop.processSelectedKeysOptimized(NioEventLoop.java:579)
	at org.apache.ratis.thirdparty.io.netty.channel.nio.NioEventLoop.processSelectedKeys(NioEventLoop.java:496)
	at org.apache.ratis.thirdparty.io.netty.channel.nio.NioEventLoop.run(NioEventLoop.java:458)
	at org.apache.ratis.thirdparty.io.netty.util.concurrent.SingleThreadEventExecutor$5.run(SingleThreadEventExecutor.java:897)
	at org.apache.ratis.thirdparty.io.netty.util.concurrent.FastThreadLocalRunnable.run(FastThreadLocalRunnable.java:30)
	... 1 more
Caused by: java.net.ConnectException: Connection refused
	... 11 more
2019-10-01 15:46:10,738 [ce462447-f21b-46ca-8863-5bada9d1e9f5@group-5B588368055C:LeaderElection68] INFO  impl.LeaderElection (LogUtils.java:infoOrTrace(149)) -   Exception 0: {}
java.util.concurrent.ExecutionException: org.apache.ratis.thirdparty.io.grpc.StatusRuntimeException: UNAVAILABLE: io exception
	at java.util.concurrent.FutureTask.report(FutureTask.java:122)
	at java.util.concurrent.FutureTask.get(FutureTask.java:192)
	at org.apache.ratis.server.impl.LeaderElection.waitForResults(LeaderElection.java:263)
	at org.apache.ratis.server.impl.LeaderElection.askForVotes(LeaderElection.java:201)
	at org.apache.ratis.server.impl.LeaderElection.run(LeaderElection.java:133)
	at java.lang.Thread.run(Thread.java:748)
Caused by: org.apache.ratis.thirdparty.io.grpc.StatusRuntimeException: UNAVAILABLE: io exception
	at org.apache.ratis.thirdparty.io.grpc.stub.ClientCalls.toStatusRuntimeException(ClientCalls.java:233)
	at org.apache.ratis.thirdparty.io.grpc.stub.ClientCalls.getUnchecked(ClientCalls.java:214)
	at org.apache.ratis.thirdparty.io.grpc.stub.ClientCalls.blockingUnaryCall(ClientCalls.java:139)
	at org.apache.ratis.proto.grpc.RaftServerProtocolServiceGrpc$RaftServerProtocolServiceBlockingStub.requestVote(RaftServerProtocolServiceGrpc.java:265)
	at org.apache.ratis.grpc.server.GrpcServerProtocolClient.requestVote(GrpcServerProtocolClient.java:90)
	at org.apache.ratis.grpc.server.GrpcService.requestVote(GrpcService.java:204)
	at org.apache.ratis.server.impl.LeaderElection.lambda$submitRequests$1(LeaderElection.java:238)
	at java.util.concurrent.FutureTask.run(FutureTask.java:266)
	at java.util.concurrent.Executors$RunnableAdapter.call(Executors.java:511)
	at java.util.concurrent.FutureTask.run(FutureTask.java:266)
	at java.util.concurrent.ThreadPoolExecutor.runWorker(ThreadPoolExecutor.java:1149)
	at java.util.concurrent.ThreadPoolExecutor$Worker.run(ThreadPoolExecutor.java:624)
	... 1 more
Caused by: org.apache.ratis.thirdparty.io.netty.channel.AbstractChannel$AnnotatedConnectException: Connection refused: /192.168.151.117:38655
	at sun.nio.ch.SocketChannelImpl.checkConnect(Native Method)
	at sun.nio.ch.SocketChannelImpl.finishConnect(SocketChannelImpl.java:717)
	at org.apache.ratis.thirdparty.io.netty.channel.socket.nio.NioSocketChannel.doFinishConnect(NioSocketChannel.java:327)
	at org.apache.ratis.thirdparty.io.netty.channel.nio.AbstractNioChannel$AbstractNioUnsafe.finishConnect(AbstractNioChannel.java:340)
	at org.apache.ratis.thirdparty.io.netty.channel.nio.NioEventLoop.processSelectedKey(NioEventLoop.java:632)
	at org.apache.ratis.thirdparty.io.netty.channel.nio.NioEventLoop.processSelectedKeysOptimized(NioEventLoop.java:579)
	at org.apache.ratis.thirdparty.io.netty.channel.nio.NioEventLoop.processSelectedKeys(NioEventLoop.java:496)
	at org.apache.ratis.thirdparty.io.netty.channel.nio.NioEventLoop.run(NioEventLoop.java:458)
	at org.apache.ratis.thirdparty.io.netty.util.concurrent.SingleThreadEventExecutor$5.run(SingleThreadEventExecutor.java:897)
	at org.apache.ratis.thirdparty.io.netty.util.concurrent.FastThreadLocalRunnable.run(FastThreadLocalRunnable.java:30)
	... 1 more
Caused by: java.net.ConnectException: Connection refused
	... 11 more
2019-10-01 15:46:10,740 [ce462447-f21b-46ca-8863-5bada9d1e9f5@group-5B588368055C:LeaderElection68] INFO  impl.LeaderElection (LogUtils.java:infoOrTrace(149)) -   Exception 1: {}
java.util.concurrent.ExecutionException: org.apache.ratis.thirdparty.io.grpc.StatusRuntimeException: UNAVAILABLE: io exception
	at java.util.concurrent.FutureTask.report(FutureTask.java:122)
	at java.util.concurrent.FutureTask.get(FutureTask.java:192)
	at org.apache.ratis.server.impl.LeaderElection.waitForResults(LeaderElection.java:263)
	at org.apache.ratis.server.impl.LeaderElection.askForVotes(LeaderElection.java:201)
	at org.apache.ratis.server.impl.LeaderElection.run(LeaderElection.java:133)
	at java.lang.Thread.run(Thread.java:748)
Caused by: org.apache.ratis.thirdparty.io.grpc.StatusRuntimeException: UNAVAILABLE: io exception
	at org.apache.ratis.thirdparty.io.grpc.stub.ClientCalls.toStatusRuntimeException(ClientCalls.java:233)
	at org.apache.ratis.thirdparty.io.grpc.stub.ClientCalls.getUnchecked(ClientCalls.java:214)
	at org.apache.ratis.thirdparty.io.grpc.stub.ClientCalls.blockingUnaryCall(ClientCalls.java:139)
	at org.apache.ratis.proto.grpc.RaftServerProtocolServiceGrpc$RaftServerProtocolServiceBlockingStub.requestVote(RaftServerProtocolServiceGrpc.java:265)
	at org.apache.ratis.grpc.server.GrpcServerProtocolClient.requestVote(GrpcServerProtocolClient.java:90)
	at org.apache.ratis.grpc.server.GrpcService.requestVote(GrpcService.java:204)
	at org.apache.ratis.server.impl.LeaderElection.lambda$submitRequests$1(LeaderElection.java:238)
	at java.util.concurrent.FutureTask.run(FutureTask.java:266)
	at java.util.concurrent.Executors$RunnableAdapter.call(Executors.java:511)
	at java.util.concurrent.FutureTask.run(FutureTask.java:266)
	at java.util.concurrent.ThreadPoolExecutor.runWorker(ThreadPoolExecutor.java:1149)
	at java.util.concurrent.ThreadPoolExecutor$Worker.run(ThreadPoolExecutor.java:624)
	... 1 more
Caused by: org.apache.ratis.thirdparty.io.netty.channel.AbstractChannel$AnnotatedConnectException: Connection refused: /192.168.151.117:36138
	at sun.nio.ch.SocketChannelImpl.checkConnect(Native Method)
	at sun.nio.ch.SocketChannelImpl.finishConnect(SocketChannelImpl.java:717)
	at org.apache.ratis.thirdparty.io.netty.channel.socket.nio.NioSocketChannel.doFinishConnect(NioSocketChannel.java:327)
	at org.apache.ratis.thirdparty.io.netty.channel.nio.AbstractNioChannel$AbstractNioUnsafe.finishConnect(AbstractNioChannel.java:340)
	at org.apache.ratis.thirdparty.io.netty.channel.nio.NioEventLoop.processSelectedKey(NioEventLoop.java:632)
	at org.apache.ratis.thirdparty.io.netty.channel.nio.NioEventLoop.processSelectedKeysOptimized(NioEventLoop.java:579)
	at org.apache.ratis.thirdparty.io.netty.channel.nio.NioEventLoop.processSelectedKeys(NioEventLoop.java:496)
	at org.apache.ratis.thirdparty.io.netty.channel.nio.NioEventLoop.run(NioEventLoop.java:458)
	at org.apache.ratis.thirdparty.io.netty.util.concurrent.SingleThreadEventExecutor$5.run(SingleThreadEventExecutor.java:897)
	at org.apache.ratis.thirdparty.io.netty.util.concurrent.FastThreadLocalRunnable.run(FastThreadLocalRunnable.java:30)
	... 1 more
Caused by: java.net.ConnectException: Connection refused
	... 11 more
2019-10-01 15:46:10,739 [17687ae8-18db-4cee-85ef-ee5e0f3bebbe@group-16BC6866FE65:LeaderElection67] INFO  impl.RaftServerImpl (RaftServerImpl.java:setRole(174)) - 17687ae8-18db-4cee-85ef-ee5e0f3bebbe@group-16BC6866FE65: changes role from CANDIDATE to FOLLOWER at term 9 for DISCOVERED_A_NEW_TERM
2019-10-01 15:46:10,740 [ce462447-f21b-46ca-8863-5bada9d1e9f5@group-5B588368055C:LeaderElection68] INFO  impl.RaftServerImpl (RaftServerImpl.java:setRole(174)) - ce462447-f21b-46ca-8863-5bada9d1e9f5@group-5B588368055C: changes role from CANDIDATE to FOLLOWER at term 3 for DISCOVERED_A_NEW_TERM
2019-10-01 15:46:10,740 [17687ae8-18db-4cee-85ef-ee5e0f3bebbe@group-16BC6866FE65:LeaderElection67] INFO  impl.RoleInfo (RoleInfo.java:shutdownLeaderElection(134)) - 17687ae8-18db-4cee-85ef-ee5e0f3bebbe: shutdown LeaderElection
2019-10-01 15:46:10,741 [ce462447-f21b-46ca-8863-5bada9d1e9f5@group-5B588368055C:LeaderElection68] INFO  impl.RoleInfo (RoleInfo.java:shutdownLeaderElection(134)) - ce462447-f21b-46ca-8863-5bada9d1e9f5: shutdown LeaderElection
2019-10-01 15:46:10,741 [17687ae8-18db-4cee-85ef-ee5e0f3bebbe@group-16BC6866FE65:LeaderElection67] INFO  impl.RoleInfo (RoleInfo.java:updateAndGet(143)) - 17687ae8-18db-4cee-85ef-ee5e0f3bebbe: start FollowerState
2019-10-01 15:46:10,741 [ce462447-f21b-46ca-8863-5bada9d1e9f5@group-5B588368055C:LeaderElection68] INFO  impl.RoleInfo (RoleInfo.java:updateAndGet(143)) - ce462447-f21b-46ca-8863-5bada9d1e9f5: start FollowerState
2019-10-01 15:46:11,777 [Thread-903] INFO  impl.FollowerState (FollowerState.java:run(106)) - 17687ae8-18db-4cee-85ef-ee5e0f3bebbe:group-16BC6866FE65 changes to CANDIDATE, lastRpcTime:1035, electionTimeout:1035ms
2019-10-01 15:46:11,777 [Thread-903] INFO  impl.RoleInfo (RoleInfo.java:shutdownFollowerState(121)) - 17687ae8-18db-4cee-85ef-ee5e0f3bebbe: shutdown FollowerState
2019-10-01 15:46:11,777 [Thread-903] INFO  impl.RaftServerImpl (RaftServerImpl.java:setRole(174)) - 17687ae8-18db-4cee-85ef-ee5e0f3bebbe@group-16BC6866FE65: changes role from  FOLLOWER to CANDIDATE at term 9 for changeToCandidate
2019-10-01 15:46:11,778 [Thread-903] INFO  impl.RoleInfo (RoleInfo.java:updateAndGet(143)) - 17687ae8-18db-4cee-85ef-ee5e0f3bebbe: start LeaderElection
2019-10-01 15:46:11,874 [Thread-904] INFO  impl.FollowerState (FollowerState.java:run(106)) - ce462447-f21b-46ca-8863-5bada9d1e9f5:group-5B588368055C changes to CANDIDATE, lastRpcTime:1132, electionTimeout:1132ms
2019-10-01 15:46:11,874 [Thread-904] INFO  impl.RoleInfo (RoleInfo.java:shutdownFollowerState(121)) - ce462447-f21b-46ca-8863-5bada9d1e9f5: shutdown FollowerState
2019-10-01 15:46:11,874 [Thread-904] INFO  impl.RaftServerImpl (RaftServerImpl.java:setRole(174)) - ce462447-f21b-46ca-8863-5bada9d1e9f5@group-5B588368055C: changes role from  FOLLOWER to CANDIDATE at term 3 for changeToCandidate
2019-10-01 15:46:11,874 [Thread-904] INFO  impl.RoleInfo (RoleInfo.java:updateAndGet(143)) - ce462447-f21b-46ca-8863-5bada9d1e9f5: start LeaderElection
2019-10-01 15:46:12,908 [17687ae8-18db-4cee-85ef-ee5e0f3bebbe@group-16BC6866FE65:LeaderElection69] INFO  impl.LeaderElection (LeaderElection.java:askForVotes(182)) - 17687ae8-18db-4cee-85ef-ee5e0f3bebbe@group-16BC6866FE65:LeaderElection69: begin an election at term 10 for 0: [5645e86d-f871-44bb-8607-ce62943605c0:192.168.151.117:45277, 17687ae8-18db-4cee-85ef-ee5e0f3bebbe:192.168.151.117:44984, 9f82fbf8-4fac-4532-8c36-3e6bef784ba1:192.168.151.117:38577], old=null
2019-10-01 15:46:12,908 [ce462447-f21b-46ca-8863-5bada9d1e9f5@group-5B588368055C:LeaderElection70] INFO  impl.LeaderElection (LeaderElection.java:askForVotes(182)) - ce462447-f21b-46ca-8863-5bada9d1e9f5@group-5B588368055C:LeaderElection70: begin an election at term 4 for 0: [4e6a07d6-9c54-412b-b38b-57a241553837:192.168.151.117:38655, ce462447-f21b-46ca-8863-5bada9d1e9f5:192.168.151.117:45778, 979f9232-9934-46b7-b55e-9df1564cd0b5:192.168.151.117:36138], old=null
2019-10-01 15:46:12,914 [17687ae8-18db-4cee-85ef-ee5e0f3bebbe@group-16BC6866FE65:LeaderElection69] INFO  impl.LeaderElection (LogUtils.java:infoOrTrace(149)) - 17687ae8-18db-4cee-85ef-ee5e0f3bebbe@group-16BC6866FE65:LeaderElection69 got exception when requesting votes: {}
java.util.concurrent.ExecutionException: org.apache.ratis.thirdparty.io.grpc.StatusRuntimeException: UNAVAILABLE: io exception
	at java.util.concurrent.FutureTask.report(FutureTask.java:122)
	at java.util.concurrent.FutureTask.get(FutureTask.java:192)
	at org.apache.ratis.server.impl.LeaderElection.waitForResults(LeaderElection.java:263)
	at org.apache.ratis.server.impl.LeaderElection.askForVotes(LeaderElection.java:201)
	at org.apache.ratis.server.impl.LeaderElection.run(LeaderElection.java:133)
	at java.lang.Thread.run(Thread.java:748)
Caused by: org.apache.ratis.thirdparty.io.grpc.StatusRuntimeException: UNAVAILABLE: io exception
	at org.apache.ratis.thirdparty.io.grpc.stub.ClientCalls.toStatusRuntimeException(ClientCalls.java:233)
	at org.apache.ratis.thirdparty.io.grpc.stub.ClientCalls.getUnchecked(ClientCalls.java:214)
	at org.apache.ratis.thirdparty.io.grpc.stub.ClientCalls.blockingUnaryCall(ClientCalls.java:139)
	at org.apache.ratis.proto.grpc.RaftServerProtocolServiceGrpc$RaftServerProtocolServiceBlockingStub.requestVote(RaftServerProtocolServiceGrpc.java:265)
	at org.apache.ratis.grpc.server.GrpcServerProtocolClient.requestVote(GrpcServerProtocolClient.java:90)
	at org.apache.ratis.grpc.server.GrpcService.requestVote(GrpcService.java:204)
	at org.apache.ratis.server.impl.LeaderElection.lambda$submitRequests$1(LeaderElection.java:238)
	at java.util.concurrent.FutureTask.run(FutureTask.java:266)
	at java.util.concurrent.Executors$RunnableAdapter.call(Executors.java:511)
	at java.util.concurrent.FutureTask.run(FutureTask.java:266)
	at java.util.concurrent.ThreadPoolExecutor.runWorker(ThreadPoolExecutor.java:1149)
	at java.util.concurrent.ThreadPoolExecutor$Worker.run(ThreadPoolExecutor.java:624)
	... 1 more
Caused by: org.apache.ratis.thirdparty.io.netty.channel.AbstractChannel$AnnotatedConnectException: Connection refused: /192.168.151.117:45277
	at sun.nio.ch.SocketChannelImpl.checkConnect(Native Method)
	at sun.nio.ch.SocketChannelImpl.finishConnect(SocketChannelImpl.java:717)
	at org.apache.ratis.thirdparty.io.netty.channel.socket.nio.NioSocketChannel.doFinishConnect(NioSocketChannel.java:327)
	at org.apache.ratis.thirdparty.io.netty.channel.nio.AbstractNioChannel$AbstractNioUnsafe.finishConnect(AbstractNioChannel.java:340)
	at org.apache.ratis.thirdparty.io.netty.channel.nio.NioEventLoop.processSelectedKey(NioEventLoop.java:632)
	at org.apache.ratis.thirdparty.io.netty.channel.nio.NioEventLoop.processSelectedKeysOptimized(NioEventLoop.java:579)
	at org.apache.ratis.thirdparty.io.netty.channel.nio.NioEventLoop.processSelectedKeys(NioEventLoop.java:496)
	at org.apache.ratis.thirdparty.io.netty.channel.nio.NioEventLoop.run(NioEventLoop.java:458)
	at org.apache.ratis.thirdparty.io.netty.util.concurrent.SingleThreadEventExecutor$5.run(SingleThreadEventExecutor.java:897)
	at org.apache.ratis.thirdparty.io.netty.util.concurrent.FastThreadLocalRunnable.run(FastThreadLocalRunnable.java:30)
	... 1 more
Caused by: java.net.ConnectException: Connection refused
	... 11 more
2019-10-01 15:46:12,914 [ce462447-f21b-46ca-8863-5bada9d1e9f5@group-5B588368055C:LeaderElection70] INFO  impl.LeaderElection (LogUtils.java:infoOrTrace(149)) - ce462447-f21b-46ca-8863-5bada9d1e9f5@group-5B588368055C:LeaderElection70 got exception when requesting votes: {}
java.util.concurrent.ExecutionException: org.apache.ratis.thirdparty.io.grpc.StatusRuntimeException: UNAVAILABLE: io exception
	at java.util.concurrent.FutureTask.report(FutureTask.java:122)
	at java.util.concurrent.FutureTask.get(FutureTask.java:192)
	at org.apache.ratis.server.impl.LeaderElection.waitForResults(LeaderElection.java:263)
	at org.apache.ratis.server.impl.LeaderElection.askForVotes(LeaderElection.java:201)
	at org.apache.ratis.server.impl.LeaderElection.run(LeaderElection.java:133)
	at java.lang.Thread.run(Thread.java:748)
Caused by: org.apache.ratis.thirdparty.io.grpc.StatusRuntimeException: UNAVAILABLE: io exception
	at org.apache.ratis.thirdparty.io.grpc.stub.ClientCalls.toStatusRuntimeException(ClientCalls.java:233)
	at org.apache.ratis.thirdparty.io.grpc.stub.ClientCalls.getUnchecked(ClientCalls.java:214)
	at org.apache.ratis.thirdparty.io.grpc.stub.ClientCalls.blockingUnaryCall(ClientCalls.java:139)
	at org.apache.ratis.proto.grpc.RaftServerProtocolServiceGrpc$RaftServerProtocolServiceBlockingStub.requestVote(RaftServerProtocolServiceGrpc.java:265)
	at org.apache.ratis.grpc.server.GrpcServerProtocolClient.requestVote(GrpcServerProtocolClient.java:90)
	at org.apache.ratis.grpc.server.GrpcService.requestVote(GrpcService.java:204)
	at org.apache.ratis.server.impl.LeaderElection.lambda$submitRequests$1(LeaderElection.java:238)
	at java.util.concurrent.FutureTask.run(FutureTask.java:266)
	at java.util.concurrent.Executors$RunnableAdapter.call(Executors.java:511)
	at java.util.concurrent.FutureTask.run(FutureTask.java:266)
	at java.util.concurrent.ThreadPoolExecutor.runWorker(ThreadPoolExecutor.java:1149)
	at java.util.concurrent.ThreadPoolExecutor$Worker.run(ThreadPoolExecutor.java:624)
	... 1 more
Caused by: org.apache.ratis.thirdparty.io.netty.channel.AbstractChannel$AnnotatedConnectException: Connection refused: /192.168.151.117:36138
	at sun.nio.ch.SocketChannelImpl.checkConnect(Native Method)
	at sun.nio.ch.SocketChannelImpl.finishConnect(SocketChannelImpl.java:717)
	at org.apache.ratis.thirdparty.io.netty.channel.socket.nio.NioSocketChannel.doFinishConnect(NioSocketChannel.java:327)
	at org.apache.ratis.thirdparty.io.netty.channel.nio.AbstractNioChannel$AbstractNioUnsafe.finishConnect(AbstractNioChannel.java:340)
	at org.apache.ratis.thirdparty.io.netty.channel.nio.NioEventLoop.processSelectedKey(NioEventLoop.java:632)
	at org.apache.ratis.thirdparty.io.netty.channel.nio.NioEventLoop.processSelectedKeysOptimized(NioEventLoop.java:579)
	at org.apache.ratis.thirdparty.io.netty.channel.nio.NioEventLoop.processSelectedKeys(NioEventLoop.java:496)
	at org.apache.ratis.thirdparty.io.netty.channel.nio.NioEventLoop.run(NioEventLoop.java:458)
	at org.apache.ratis.thirdparty.io.netty.util.concurrent.SingleThreadEventExecutor$5.run(SingleThreadEventExecutor.java:897)
	at org.apache.ratis.thirdparty.io.netty.util.concurrent.FastThreadLocalRunnable.run(FastThreadLocalRunnable.java:30)
	... 1 more
Caused by: java.net.ConnectException: Connection refused
	... 11 more
2019-10-01 15:46:12,917 [17687ae8-18db-4cee-85ef-ee5e0f3bebbe@group-16BC6866FE65:LeaderElection69] INFO  impl.LeaderElection (LogUtils.java:infoOrTrace(149)) - 17687ae8-18db-4cee-85ef-ee5e0f3bebbe@group-16BC6866FE65:LeaderElection69 got exception when requesting votes: {}
java.util.concurrent.ExecutionException: org.apache.ratis.thirdparty.io.grpc.StatusRuntimeException: UNAVAILABLE: io exception
	at java.util.concurrent.FutureTask.report(FutureTask.java:122)
	at java.util.concurrent.FutureTask.get(FutureTask.java:192)
	at org.apache.ratis.server.impl.LeaderElection.waitForResults(LeaderElection.java:263)
	at org.apache.ratis.server.impl.LeaderElection.askForVotes(LeaderElection.java:201)
	at org.apache.ratis.server.impl.LeaderElection.run(LeaderElection.java:133)
	at java.lang.Thread.run(Thread.java:748)
Caused by: org.apache.ratis.thirdparty.io.grpc.StatusRuntimeException: UNAVAILABLE: io exception
	at org.apache.ratis.thirdparty.io.grpc.stub.ClientCalls.toStatusRuntimeException(ClientCalls.java:233)
	at org.apache.ratis.thirdparty.io.grpc.stub.ClientCalls.getUnchecked(ClientCalls.java:214)
	at org.apache.ratis.thirdparty.io.grpc.stub.ClientCalls.blockingUnaryCall(ClientCalls.java:139)
	at org.apache.ratis.proto.grpc.RaftServerProtocolServiceGrpc$RaftServerProtocolServiceBlockingStub.requestVote(RaftServerProtocolServiceGrpc.java:265)
	at org.apache.ratis.grpc.server.GrpcServerProtocolClient.requestVote(GrpcServerProtocolClient.java:90)
	at org.apache.ratis.grpc.server.GrpcService.requestVote(GrpcService.java:204)
	at org.apache.ratis.server.impl.LeaderElection.lambda$submitRequests$1(LeaderElection.java:238)
	at java.util.concurrent.FutureTask.run(FutureTask.java:266)
	at java.util.concurrent.Executors$RunnableAdapter.call(Executors.java:511)
	at java.util.concurrent.FutureTask.run(FutureTask.java:266)
	at java.util.concurrent.ThreadPoolExecutor.runWorker(ThreadPoolExecutor.java:1149)
	at java.util.concurrent.ThreadPoolExecutor$Worker.run(ThreadPoolExecutor.java:624)
	... 1 more
Caused by: org.apache.ratis.thirdparty.io.netty.channel.AbstractChannel$AnnotatedConnectException: Connection refused: /192.168.151.117:38577
	at sun.nio.ch.SocketChannelImpl.checkConnect(Native Method)
	at sun.nio.ch.SocketChannelImpl.finishConnect(SocketChannelImpl.java:717)
	at org.apache.ratis.thirdparty.io.netty.channel.socket.nio.NioSocketChannel.doFinishConnect(NioSocketChannel.java:327)
	at org.apache.ratis.thirdparty.io.netty.channel.nio.AbstractNioChannel$AbstractNioUnsafe.finishConnect(AbstractNioChannel.java:340)
	at org.apache.ratis.thirdparty.io.netty.channel.nio.NioEventLoop.processSelectedKey(NioEventLoop.java:632)
	at org.apache.ratis.thirdparty.io.netty.channel.nio.NioEventLoop.processSelectedKeysOptimized(NioEventLoop.java:579)
	at org.apache.ratis.thirdparty.io.netty.channel.nio.NioEventLoop.processSelectedKeys(NioEventLoop.java:496)
	at org.apache.ratis.thirdparty.io.netty.channel.nio.NioEventLoop.run(NioEventLoop.java:458)
	at org.apache.ratis.thirdparty.io.netty.util.concurrent.SingleThreadEventExecutor$5.run(SingleThreadEventExecutor.java:897)
	at org.apache.ratis.thirdparty.io.netty.util.concurrent.FastThreadLocalRunnable.run(FastThreadLocalRunnable.java:30)
	... 1 more
Caused by: java.net.ConnectException: Connection refused
	... 11 more
2019-10-01 15:46:12,919 [ce462447-f21b-46ca-8863-5bada9d1e9f5@group-5B588368055C:LeaderElection70] INFO  impl.LeaderElection (LogUtils.java:infoOrTrace(149)) - ce462447-f21b-46ca-8863-5bada9d1e9f5@group-5B588368055C:LeaderElection70 got exception when requesting votes: {}
java.util.concurrent.ExecutionException: org.apache.ratis.thirdparty.io.grpc.StatusRuntimeException: UNAVAILABLE: io exception
	at java.util.concurrent.FutureTask.report(FutureTask.java:122)
	at java.util.concurrent.FutureTask.get(FutureTask.java:192)
	at org.apache.ratis.server.impl.LeaderElection.waitForResults(LeaderElection.java:263)
	at org.apache.ratis.server.impl.LeaderElection.askForVotes(LeaderElection.java:201)
	at org.apache.ratis.server.impl.LeaderElection.run(LeaderElection.java:133)
	at java.lang.Thread.run(Thread.java:748)
Caused by: org.apache.ratis.thirdparty.io.grpc.StatusRuntimeException: UNAVAILABLE: io exception
	at org.apache.ratis.thirdparty.io.grpc.stub.ClientCalls.toStatusRuntimeException(ClientCalls.java:233)
	at org.apache.ratis.thirdparty.io.grpc.stub.ClientCalls.getUnchecked(ClientCalls.java:214)
	at org.apache.ratis.thirdparty.io.grpc.stub.ClientCalls.blockingUnaryCall(ClientCalls.java:139)
	at org.apache.ratis.proto.grpc.RaftServerProtocolServiceGrpc$RaftServerProtocolServiceBlockingStub.requestVote(RaftServerProtocolServiceGrpc.java:265)
	at org.apache.ratis.grpc.server.GrpcServerProtocolClient.requestVote(GrpcServerProtocolClient.java:90)
	at org.apache.ratis.grpc.server.GrpcService.requestVote(GrpcService.java:204)
	at org.apache.ratis.server.impl.LeaderElection.lambda$submitRequests$1(LeaderElection.java:238)
	at java.util.concurrent.FutureTask.run(FutureTask.java:266)
	at java.util.concurrent.Executors$RunnableAdapter.call(Executors.java:511)
	at java.util.concurrent.FutureTask.run(FutureTask.java:266)
	at java.util.concurrent.ThreadPoolExecutor.runWorker(ThreadPoolExecutor.java:1149)
	at java.util.concurrent.ThreadPoolExecutor$Worker.run(ThreadPoolExecutor.java:624)
	... 1 more
Caused by: org.apache.ratis.thirdparty.io.netty.channel.AbstractChannel$AnnotatedConnectException: Connection refused: /192.168.151.117:38655
	at sun.nio.ch.SocketChannelImpl.checkConnect(Native Method)
	at sun.nio.ch.SocketChannelImpl.finishConnect(SocketChannelImpl.java:717)
	at org.apache.ratis.thirdparty.io.netty.channel.socket.nio.NioSocketChannel.doFinishConnect(NioSocketChannel.java:327)
	at org.apache.ratis.thirdparty.io.netty.channel.nio.AbstractNioChannel$AbstractNioUnsafe.finishConnect(AbstractNioChannel.java:340)
	at org.apache.ratis.thirdparty.io.netty.channel.nio.NioEventLoop.processSelectedKey(NioEventLoop.java:632)
	at org.apache.ratis.thirdparty.io.netty.channel.nio.NioEventLoop.processSelectedKeysOptimized(NioEventLoop.java:579)
	at org.apache.ratis.thirdparty.io.netty.channel.nio.NioEventLoop.processSelectedKeys(NioEventLoop.java:496)
	at org.apache.ratis.thirdparty.io.netty.channel.nio.NioEventLoop.run(NioEventLoop.java:458)
	at org.apache.ratis.thirdparty.io.netty.util.concurrent.SingleThreadEventExecutor$5.run(SingleThreadEventExecutor.java:897)
	at org.apache.ratis.thirdparty.io.netty.util.concurrent.FastThreadLocalRunnable.run(FastThreadLocalRunnable.java:30)
	... 1 more
Caused by: java.net.ConnectException: Connection refused
	... 11 more
2019-10-01 15:46:12,922 [17687ae8-18db-4cee-85ef-ee5e0f3bebbe@group-16BC6866FE65:LeaderElection69] INFO  impl.LeaderElection (LeaderElection.java:logAndReturn(56)) - 17687ae8-18db-4cee-85ef-ee5e0f3bebbe@group-16BC6866FE65:LeaderElection69: Election REJECTED; received 0 response(s) [] and 2 exception(s); 17687ae8-18db-4cee-85ef-ee5e0f3bebbe@group-16BC6866FE65:t10, leader=null, voted=17687ae8-18db-4cee-85ef-ee5e0f3bebbe, raftlog=17687ae8-18db-4cee-85ef-ee5e0f3bebbe@group-16BC6866FE65-SegmentedRaftLog:OPENED:c0,f0,i0, conf=0: [5645e86d-f871-44bb-8607-ce62943605c0:192.168.151.117:45277, 17687ae8-18db-4cee-85ef-ee5e0f3bebbe:192.168.151.117:44984, 9f82fbf8-4fac-4532-8c36-3e6bef784ba1:192.168.151.117:38577], old=null
2019-10-01 15:46:12,923 [ce462447-f21b-46ca-8863-5bada9d1e9f5@group-5B588368055C:LeaderElection70] INFO  impl.LeaderElection (LeaderElection.java:logAndReturn(56)) - ce462447-f21b-46ca-8863-5bada9d1e9f5@group-5B588368055C:LeaderElection70: Election REJECTED; received 0 response(s) [] and 2 exception(s); ce462447-f21b-46ca-8863-5bada9d1e9f5@group-5B588368055C:t4, leader=null, voted=ce462447-f21b-46ca-8863-5bada9d1e9f5, raftlog=ce462447-f21b-46ca-8863-5bada9d1e9f5@group-5B588368055C-SegmentedRaftLog:OPENED:c0,f0,i0, conf=0: [4e6a07d6-9c54-412b-b38b-57a241553837:192.168.151.117:38655, ce462447-f21b-46ca-8863-5bada9d1e9f5:192.168.151.117:45778, 979f9232-9934-46b7-b55e-9df1564cd0b5:192.168.151.117:36138], old=null
2019-10-01 15:46:12,923 [17687ae8-18db-4cee-85ef-ee5e0f3bebbe@group-16BC6866FE65:LeaderElection69] INFO  impl.LeaderElection (LogUtils.java:infoOrTrace(149)) -   Exception 0: {}
java.util.concurrent.ExecutionException: org.apache.ratis.thirdparty.io.grpc.StatusRuntimeException: UNAVAILABLE: io exception
	at java.util.concurrent.FutureTask.report(FutureTask.java:122)
	at java.util.concurrent.FutureTask.get(FutureTask.java:192)
	at org.apache.ratis.server.impl.LeaderElection.waitForResults(LeaderElection.java:263)
	at org.apache.ratis.server.impl.LeaderElection.askForVotes(LeaderElection.java:201)
	at org.apache.ratis.server.impl.LeaderElection.run(LeaderElection.java:133)
	at java.lang.Thread.run(Thread.java:748)
Caused by: org.apache.ratis.thirdparty.io.grpc.StatusRuntimeException: UNAVAILABLE: io exception
	at org.apache.ratis.thirdparty.io.grpc.stub.ClientCalls.toStatusRuntimeException(ClientCalls.java:233)
	at org.apache.ratis.thirdparty.io.grpc.stub.ClientCalls.getUnchecked(ClientCalls.java:214)
	at org.apache.ratis.thirdparty.io.grpc.stub.ClientCalls.blockingUnaryCall(ClientCalls.java:139)
	at org.apache.ratis.proto.grpc.RaftServerProtocolServiceGrpc$RaftServerProtocolServiceBlockingStub.requestVote(RaftServerProtocolServiceGrpc.java:265)
	at org.apache.ratis.grpc.server.GrpcServerProtocolClient.requestVote(GrpcServerProtocolClient.java:90)
	at org.apache.ratis.grpc.server.GrpcService.requestVote(GrpcService.java:204)
	at org.apache.ratis.server.impl.LeaderElection.lambda$submitRequests$1(LeaderElection.java:238)
	at java.util.concurrent.FutureTask.run(FutureTask.java:266)
	at java.util.concurrent.Executors$RunnableAdapter.call(Executors.java:511)
	at java.util.concurrent.FutureTask.run(FutureTask.java:266)
	at java.util.concurrent.ThreadPoolExecutor.runWorker(ThreadPoolExecutor.java:1149)
	at java.util.concurrent.ThreadPoolExecutor$Worker.run(ThreadPoolExecutor.java:624)
	... 1 more
Caused by: org.apache.ratis.thirdparty.io.netty.channel.AbstractChannel$AnnotatedConnectException: Connection refused: /192.168.151.117:45277
	at sun.nio.ch.SocketChannelImpl.checkConnect(Native Method)
	at sun.nio.ch.SocketChannelImpl.finishConnect(SocketChannelImpl.java:717)
	at org.apache.ratis.thirdparty.io.netty.channel.socket.nio.NioSocketChannel.doFinishConnect(NioSocketChannel.java:327)
	at org.apache.ratis.thirdparty.io.netty.channel.nio.AbstractNioChannel$AbstractNioUnsafe.finishConnect(AbstractNioChannel.java:340)
	at org.apache.ratis.thirdparty.io.netty.channel.nio.NioEventLoop.processSelectedKey(NioEventLoop.java:632)
	at org.apache.ratis.thirdparty.io.netty.channel.nio.NioEventLoop.processSelectedKeysOptimized(NioEventLoop.java:579)
	at org.apache.ratis.thirdparty.io.netty.channel.nio.NioEventLoop.processSelectedKeys(NioEventLoop.java:496)
	at org.apache.ratis.thirdparty.io.netty.channel.nio.NioEventLoop.run(NioEventLoop.java:458)
	at org.apache.ratis.thirdparty.io.netty.util.concurrent.SingleThreadEventExecutor$5.run(SingleThreadEventExecutor.java:897)
	at org.apache.ratis.thirdparty.io.netty.util.concurrent.FastThreadLocalRunnable.run(FastThreadLocalRunnable.java:30)
	... 1 more
Caused by: java.net.ConnectException: Connection refused
	... 11 more
2019-10-01 15:46:12,923 [ce462447-f21b-46ca-8863-5bada9d1e9f5@group-5B588368055C:LeaderElection70] INFO  impl.LeaderElection (LogUtils.java:infoOrTrace(149)) -   Exception 0: {}
java.util.concurrent.ExecutionException: org.apache.ratis.thirdparty.io.grpc.StatusRuntimeException: UNAVAILABLE: io exception
	at java.util.concurrent.FutureTask.report(FutureTask.java:122)
	at java.util.concurrent.FutureTask.get(FutureTask.java:192)
	at org.apache.ratis.server.impl.LeaderElection.waitForResults(LeaderElection.java:263)
	at org.apache.ratis.server.impl.LeaderElection.askForVotes(LeaderElection.java:201)
	at org.apache.ratis.server.impl.LeaderElection.run(LeaderElection.java:133)
	at java.lang.Thread.run(Thread.java:748)
Caused by: org.apache.ratis.thirdparty.io.grpc.StatusRuntimeException: UNAVAILABLE: io exception
	at org.apache.ratis.thirdparty.io.grpc.stub.ClientCalls.toStatusRuntimeException(ClientCalls.java:233)
	at org.apache.ratis.thirdparty.io.grpc.stub.ClientCalls.getUnchecked(ClientCalls.java:214)
	at org.apache.ratis.thirdparty.io.grpc.stub.ClientCalls.blockingUnaryCall(ClientCalls.java:139)
	at org.apache.ratis.proto.grpc.RaftServerProtocolServiceGrpc$RaftServerProtocolServiceBlockingStub.requestVote(RaftServerProtocolServiceGrpc.java:265)
	at org.apache.ratis.grpc.server.GrpcServerProtocolClient.requestVote(GrpcServerProtocolClient.java:90)
	at org.apache.ratis.grpc.server.GrpcService.requestVote(GrpcService.java:204)
	at org.apache.ratis.server.impl.LeaderElection.lambda$submitRequests$1(LeaderElection.java:238)
	at java.util.concurrent.FutureTask.run(FutureTask.java:266)
	at java.util.concurrent.Executors$RunnableAdapter.call(Executors.java:511)
	at java.util.concurrent.FutureTask.run(FutureTask.java:266)
	at java.util.concurrent.ThreadPoolExecutor.runWorker(ThreadPoolExecutor.java:1149)
	at java.util.concurrent.ThreadPoolExecutor$Worker.run(ThreadPoolExecutor.java:624)
	... 1 more
Caused by: org.apache.ratis.thirdparty.io.netty.channel.AbstractChannel$AnnotatedConnectException: Connection refused: /192.168.151.117:36138
	at sun.nio.ch.SocketChannelImpl.checkConnect(Native Method)
	at sun.nio.ch.SocketChannelImpl.finishConnect(SocketChannelImpl.java:717)
	at org.apache.ratis.thirdparty.io.netty.channel.socket.nio.NioSocketChannel.doFinishConnect(NioSocketChannel.java:327)
	at org.apache.ratis.thirdparty.io.netty.channel.nio.AbstractNioChannel$AbstractNioUnsafe.finishConnect(AbstractNioChannel.java:340)
	at org.apache.ratis.thirdparty.io.netty.channel.nio.NioEventLoop.processSelectedKey(NioEventLoop.java:632)
	at org.apache.ratis.thirdparty.io.netty.channel.nio.NioEventLoop.processSelectedKeysOptimized(NioEventLoop.java:579)
	at org.apache.ratis.thirdparty.io.netty.channel.nio.NioEventLoop.processSelectedKeys(NioEventLoop.java:496)
	at org.apache.ratis.thirdparty.io.netty.channel.nio.NioEventLoop.run(NioEventLoop.java:458)
	at org.apache.ratis.thirdparty.io.netty.util.concurrent.SingleThreadEventExecutor$5.run(SingleThreadEventExecutor.java:897)
	at org.apache.ratis.thirdparty.io.netty.util.concurrent.FastThreadLocalRunnable.run(FastThreadLocalRunnable.java:30)
	... 1 more
Caused by: java.net.ConnectException: Connection refused
	... 11 more
2019-10-01 15:46:12,923 [17687ae8-18db-4cee-85ef-ee5e0f3bebbe@group-16BC6866FE65:LeaderElection69] INFO  impl.LeaderElection (LogUtils.java:infoOrTrace(149)) -   Exception 1: {}
java.util.concurrent.ExecutionException: org.apache.ratis.thirdparty.io.grpc.StatusRuntimeException: UNAVAILABLE: io exception
	at java.util.concurrent.FutureTask.report(FutureTask.java:122)
	at java.util.concurrent.FutureTask.get(FutureTask.java:192)
	at org.apache.ratis.server.impl.LeaderElection.waitForResults(LeaderElection.java:263)
	at org.apache.ratis.server.impl.LeaderElection.askForVotes(LeaderElection.java:201)
	at org.apache.ratis.server.impl.LeaderElection.run(LeaderElection.java:133)
	at java.lang.Thread.run(Thread.java:748)
Caused by: org.apache.ratis.thirdparty.io.grpc.StatusRuntimeException: UNAVAILABLE: io exception
	at org.apache.ratis.thirdparty.io.grpc.stub.ClientCalls.toStatusRuntimeException(ClientCalls.java:233)
	at org.apache.ratis.thirdparty.io.grpc.stub.ClientCalls.getUnchecked(ClientCalls.java:214)
	at org.apache.ratis.thirdparty.io.grpc.stub.ClientCalls.blockingUnaryCall(ClientCalls.java:139)
	at org.apache.ratis.proto.grpc.RaftServerProtocolServiceGrpc$RaftServerProtocolServiceBlockingStub.requestVote(RaftServerProtocolServiceGrpc.java:265)
	at org.apache.ratis.grpc.server.GrpcServerProtocolClient.requestVote(GrpcServerProtocolClient.java:90)
	at org.apache.ratis.grpc.server.GrpcService.requestVote(GrpcService.java:204)
	at org.apache.ratis.server.impl.LeaderElection.lambda$submitRequests$1(LeaderElection.java:238)
	at java.util.concurrent.FutureTask.run(FutureTask.java:266)
	at java.util.concurrent.Executors$RunnableAdapter.call(Executors.java:511)
	at java.util.concurrent.FutureTask.run(FutureTask.java:266)
	at java.util.concurrent.ThreadPoolExecutor.runWorker(ThreadPoolExecutor.java:1149)
	at java.util.concurrent.ThreadPoolExecutor$Worker.run(ThreadPoolExecutor.java:624)
	... 1 more
Caused by: org.apache.ratis.thirdparty.io.netty.channel.AbstractChannel$AnnotatedConnectException: Connection refused: /192.168.151.117:38577
	at sun.nio.ch.SocketChannelImpl.checkConnect(Native Method)
	at sun.nio.ch.SocketChannelImpl.finishConnect(SocketChannelImpl.java:717)
	at org.apache.ratis.thirdparty.io.netty.channel.socket.nio.NioSocketChannel.doFinishConnect(NioSocketChannel.java:327)
	at org.apache.ratis.thirdparty.io.netty.channel.nio.AbstractNioChannel$AbstractNioUnsafe.finishConnect(AbstractNioChannel.java:340)
	at org.apache.ratis.thirdparty.io.netty.channel.nio.NioEventLoop.processSelectedKey(NioEventLoop.java:632)
	at org.apache.ratis.thirdparty.io.netty.channel.nio.NioEventLoop.processSelectedKeysOptimized(NioEventLoop.java:579)
	at org.apache.ratis.thirdparty.io.netty.channel.nio.NioEventLoop.processSelectedKeys(NioEventLoop.java:496)
	at org.apache.ratis.thirdparty.io.netty.channel.nio.NioEventLoop.run(NioEventLoop.java:458)
	at org.apache.ratis.thirdparty.io.netty.util.concurrent.SingleThreadEventExecutor$5.run(SingleThreadEventExecutor.java:897)
	at org.apache.ratis.thirdparty.io.netty.util.concurrent.FastThreadLocalRunnable.run(FastThreadLocalRunnable.java:30)
	... 1 more
Caused by: java.net.ConnectException: Connection refused
	... 11 more
2019-10-01 15:46:12,924 [ce462447-f21b-46ca-8863-5bada9d1e9f5@group-5B588368055C:LeaderElection70] INFO  impl.LeaderElection (LogUtils.java:infoOrTrace(149)) -   Exception 1: {}
java.util.concurrent.ExecutionException: org.apache.ratis.thirdparty.io.grpc.StatusRuntimeException: UNAVAILABLE: io exception
	at java.util.concurrent.FutureTask.report(FutureTask.java:122)
	at java.util.concurrent.FutureTask.get(FutureTask.java:192)
	at org.apache.ratis.server.impl.LeaderElection.waitForResults(LeaderElection.java:263)
	at org.apache.ratis.server.impl.LeaderElection.askForVotes(LeaderElection.java:201)
	at org.apache.ratis.server.impl.LeaderElection.run(LeaderElection.java:133)
	at java.lang.Thread.run(Thread.java:748)
Caused by: org.apache.ratis.thirdparty.io.grpc.StatusRuntimeException: UNAVAILABLE: io exception
	at org.apache.ratis.thirdparty.io.grpc.stub.ClientCalls.toStatusRuntimeException(ClientCalls.java:233)
	at org.apache.ratis.thirdparty.io.grpc.stub.ClientCalls.getUnchecked(ClientCalls.java:214)
	at org.apache.ratis.thirdparty.io.grpc.stub.ClientCalls.blockingUnaryCall(ClientCalls.java:139)
	at org.apache.ratis.proto.grpc.RaftServerProtocolServiceGrpc$RaftServerProtocolServiceBlockingStub.requestVote(RaftServerProtocolServiceGrpc.java:265)
	at org.apache.ratis.grpc.server.GrpcServerProtocolClient.requestVote(GrpcServerProtocolClient.java:90)
	at org.apache.ratis.grpc.server.GrpcService.requestVote(GrpcService.java:204)
	at org.apache.ratis.server.impl.LeaderElection.lambda$submitRequests$1(LeaderElection.java:238)
	at java.util.concurrent.FutureTask.run(FutureTask.java:266)
	at java.util.concurrent.Executors$RunnableAdapter.call(Executors.java:511)
	at java.util.concurrent.FutureTask.run(FutureTask.java:266)
	at java.util.concurrent.ThreadPoolExecutor.runWorker(ThreadPoolExecutor.java:1149)
	at java.util.concurrent.ThreadPoolExecutor$Worker.run(ThreadPoolExecutor.java:624)
	... 1 more
Caused by: org.apache.ratis.thirdparty.io.netty.channel.AbstractChannel$AnnotatedConnectException: Connection refused: /192.168.151.117:38655
	at sun.nio.ch.SocketChannelImpl.checkConnect(Native Method)
	at sun.nio.ch.SocketChannelImpl.finishConnect(SocketChannelImpl.java:717)
	at org.apache.ratis.thirdparty.io.netty.channel.socket.nio.NioSocketChannel.doFinishConnect(NioSocketChannel.java:327)
	at org.apache.ratis.thirdparty.io.netty.channel.nio.AbstractNioChannel$AbstractNioUnsafe.finishConnect(AbstractNioChannel.java:340)
	at org.apache.ratis.thirdparty.io.netty.channel.nio.NioEventLoop.processSelectedKey(NioEventLoop.java:632)
	at org.apache.ratis.thirdparty.io.netty.channel.nio.NioEventLoop.processSelectedKeysOptimized(NioEventLoop.java:579)
	at org.apache.ratis.thirdparty.io.netty.channel.nio.NioEventLoop.processSelectedKeys(NioEventLoop.java:496)
	at org.apache.ratis.thirdparty.io.netty.channel.nio.NioEventLoop.run(NioEventLoop.java:458)
	at org.apache.ratis.thirdparty.io.netty.util.concurrent.SingleThreadEventExecutor$5.run(SingleThreadEventExecutor.java:897)
	at org.apache.ratis.thirdparty.io.netty.util.concurrent.FastThreadLocalRunnable.run(FastThreadLocalRunnable.java:30)
	... 1 more
Caused by: java.net.ConnectException: Connection refused
	... 11 more
2019-10-01 15:46:12,925 [17687ae8-18db-4cee-85ef-ee5e0f3bebbe@group-16BC6866FE65:LeaderElection69] INFO  impl.RaftServerImpl (RaftServerImpl.java:setRole(174)) - 17687ae8-18db-4cee-85ef-ee5e0f3bebbe@group-16BC6866FE65: changes role from CANDIDATE to FOLLOWER at term 10 for DISCOVERED_A_NEW_TERM
2019-10-01 15:46:12,925 [ce462447-f21b-46ca-8863-5bada9d1e9f5@group-5B588368055C:LeaderElection70] INFO  impl.RaftServerImpl (RaftServerImpl.java:setRole(174)) - ce462447-f21b-46ca-8863-5bada9d1e9f5@group-5B588368055C: changes role from CANDIDATE to FOLLOWER at term 4 for DISCOVERED_A_NEW_TERM
2019-10-01 15:46:12,925 [17687ae8-18db-4cee-85ef-ee5e0f3bebbe@group-16BC6866FE65:LeaderElection69] INFO  impl.RoleInfo (RoleInfo.java:shutdownLeaderElection(134)) - 17687ae8-18db-4cee-85ef-ee5e0f3bebbe: shutdown LeaderElection
2019-10-01 15:46:12,925 [ce462447-f21b-46ca-8863-5bada9d1e9f5@group-5B588368055C:LeaderElection70] INFO  impl.RoleInfo (RoleInfo.java:shutdownLeaderElection(134)) - ce462447-f21b-46ca-8863-5bada9d1e9f5: shutdown LeaderElection
2019-10-01 15:46:12,926 [17687ae8-18db-4cee-85ef-ee5e0f3bebbe@group-16BC6866FE65:LeaderElection69] INFO  impl.RoleInfo (RoleInfo.java:updateAndGet(143)) - 17687ae8-18db-4cee-85ef-ee5e0f3bebbe: start FollowerState
2019-10-01 15:46:12,926 [ce462447-f21b-46ca-8863-5bada9d1e9f5@group-5B588368055C:LeaderElection70] INFO  impl.RoleInfo (RoleInfo.java:updateAndGet(143)) - ce462447-f21b-46ca-8863-5bada9d1e9f5: start FollowerState
2019-10-01 15:46:13,709 [ForkJoinPool.commonPool-worker-0] INFO  ozoneimpl.OzoneContainer (OzoneContainer.java:stop(231)) - Attempting to stop container services.
2019-10-01 15:46:13,710 [main] INFO  ozoneimpl.OzoneContainer (OzoneContainer.java:stop(231)) - Attempting to stop container services.
2019-10-01 15:46:13,710 [ForkJoinPool.commonPool-worker-0] INFO  impl.RaftServerProxy (RaftServerProxy.java:lambda$close$4(314)) - ce462447-f21b-46ca-8863-5bada9d1e9f5: close
2019-10-01 15:46:13,711 [main] INFO  impl.RaftServerProxy (RaftServerProxy.java:lambda$close$4(314)) - 17687ae8-18db-4cee-85ef-ee5e0f3bebbe: close
2019-10-01 15:46:13,711 [ForkJoinPool.commonPool-worker-0] INFO  impl.RaftServerImpl (RaftServerImpl.java:lambda$shutdown$3(251)) - ce462447-f21b-46ca-8863-5bada9d1e9f5@group-5B588368055C: shutdown
2019-10-01 15:46:13,711 [main] INFO  impl.RaftServerImpl (RaftServerImpl.java:lambda$shutdown$3(251)) - 17687ae8-18db-4cee-85ef-ee5e0f3bebbe@group-5A58CD680F1F: shutdown
2019-10-01 15:46:13,712 [ForkJoinPool.commonPool-worker-0] INFO  util.JmxRegister (JmxRegister.java:unregister(73)) - Successfully un-registered JMX Bean with object name Ratis:service=RaftServer,group=group-5B588368055C,id=ce462447-f21b-46ca-8863-5bada9d1e9f5
2019-10-01 15:46:13,712 [main] INFO  util.JmxRegister (JmxRegister.java:unregister(73)) - Successfully un-registered JMX Bean with object name Ratis:service=RaftServer,group=group-5A58CD680F1F,id=17687ae8-18db-4cee-85ef-ee5e0f3bebbe
2019-10-01 15:46:13,712 [ForkJoinPool.commonPool-worker-0] INFO  impl.RoleInfo (RoleInfo.java:shutdownFollowerState(121)) - ce462447-f21b-46ca-8863-5bada9d1e9f5: shutdown FollowerState
2019-10-01 15:46:13,712 [main] INFO  impl.RoleInfo (RoleInfo.java:shutdownLeaderState(104)) - 17687ae8-18db-4cee-85ef-ee5e0f3bebbe: shutdown LeaderState
2019-10-01 15:46:13,713 [Thread-912] INFO  impl.FollowerState (FollowerState.java:run(115)) - ce462447-f21b-46ca-8863-5bada9d1e9f5: FollowerState was interrupted: java.lang.InterruptedException: sleep interrupted
2019-10-01 15:46:13,713 [ForkJoinPool.commonPool-worker-0] INFO  impl.StateMachineUpdater (StateMachineUpdater.java:stopAndJoin(125)) - ce462447-f21b-46ca-8863-5bada9d1e9f5@group-5B588368055C-StateMachineUpdater: set stopIndex = 0
2019-10-01 15:46:13,713 [main] INFO  impl.PendingRequests (PendingRequests.java:sendNotLeaderResponses(202)) - 17687ae8-18db-4cee-85ef-ee5e0f3bebbe-PendingRequests: sendNotLeaderResponses
2019-10-01 15:46:13,714 [ForkJoinPool.commonPool-worker-0] INFO  impl.RaftServerImpl (ServerState.java:close(385)) - ce462447-f21b-46ca-8863-5bada9d1e9f5@group-5B588368055C: closes. applyIndex: 0
2019-10-01 15:46:13,714 [main] INFO  impl.StateMachineUpdater (StateMachineUpdater.java:stopAndJoin(125)) - 17687ae8-18db-4cee-85ef-ee5e0f3bebbe@group-5A58CD680F1F-StateMachineUpdater: set stopIndex = 0
2019-10-01 15:46:13,714 [ce462447-f21b-46ca-8863-5bada9d1e9f5@group-5B588368055C-SegmentedRaftLogWorker] INFO  segmented.SegmentedRaftLogWorker (SegmentedRaftLogWorker.java:run(313)) - ce462447-f21b-46ca-8863-5bada9d1e9f5@group-5B588368055C-SegmentedRaftLogWorker was interrupted, exiting. There are 0 tasks remaining in the queue.
2019-10-01 15:46:13,715 [main] INFO  impl.RaftServerImpl (ServerState.java:close(385)) - 17687ae8-18db-4cee-85ef-ee5e0f3bebbe@group-5A58CD680F1F: closes. applyIndex: 0
2019-10-01 15:46:13,715 [ForkJoinPool.commonPool-worker-0] INFO  segmented.SegmentedRaftLogWorker (SegmentedRaftLogWorker.java:close(228)) - ce462447-f21b-46ca-8863-5bada9d1e9f5@group-5B588368055C-SegmentedRaftLogWorker close()
2019-10-01 15:46:13,715 [17687ae8-18db-4cee-85ef-ee5e0f3bebbe@group-5A58CD680F1F-SegmentedRaftLogWorker] INFO  segmented.SegmentedRaftLogWorker (SegmentedRaftLogWorker.java:run(313)) - 17687ae8-18db-4cee-85ef-ee5e0f3bebbe@group-5A58CD680F1F-SegmentedRaftLogWorker was interrupted, exiting. There are 0 tasks remaining in the queue.
2019-10-01 15:46:13,718 [ForkJoinPool.commonPool-worker-0] INFO  impl.RaftServerImpl (RaftServerImpl.java:lambda$shutdown$3(251)) - ce462447-f21b-46ca-8863-5bada9d1e9f5@group-0707FC5EFFA5: shutdown
2019-10-01 15:46:13,719 [main] INFO  segmented.SegmentedRaftLogWorker (SegmentedRaftLogWorker.java:close(228)) - 17687ae8-18db-4cee-85ef-ee5e0f3bebbe@group-5A58CD680F1F-SegmentedRaftLogWorker close()
2019-10-01 15:46:13,719 [ForkJoinPool.commonPool-worker-0] INFO  util.JmxRegister (JmxRegister.java:unregister(73)) - Successfully un-registered JMX Bean with object name Ratis:service=RaftServer,group=group-0707FC5EFFA5,id=ce462447-f21b-46ca-8863-5bada9d1e9f5
2019-10-01 15:46:13,720 [main] INFO  impl.RaftServerImpl (RaftServerImpl.java:lambda$shutdown$3(251)) - 17687ae8-18db-4cee-85ef-ee5e0f3bebbe@group-16BC6866FE65: shutdown
2019-10-01 15:46:13,720 [ForkJoinPool.commonPool-worker-0] INFO  impl.RoleInfo (RoleInfo.java:shutdownLeaderState(104)) - ce462447-f21b-46ca-8863-5bada9d1e9f5: shutdown LeaderState
2019-10-01 15:46:13,720 [main] INFO  util.JmxRegister (JmxRegister.java:unregister(73)) - Successfully un-registered JMX Bean with object name Ratis:service=RaftServer,group=group-16BC6866FE65,id=17687ae8-18db-4cee-85ef-ee5e0f3bebbe
2019-10-01 15:46:13,720 [ForkJoinPool.commonPool-worker-0] INFO  impl.PendingRequests (PendingRequests.java:sendNotLeaderResponses(202)) - ce462447-f21b-46ca-8863-5bada9d1e9f5-PendingRequests: sendNotLeaderResponses
2019-10-01 15:46:13,721 [main] INFO  impl.RoleInfo (RoleInfo.java:shutdownFollowerState(121)) - 17687ae8-18db-4cee-85ef-ee5e0f3bebbe: shutdown FollowerState
2019-10-01 15:46:13,721 [ForkJoinPool.commonPool-worker-0] INFO  impl.StateMachineUpdater (StateMachineUpdater.java:stopAndJoin(125)) - ce462447-f21b-46ca-8863-5bada9d1e9f5@group-0707FC5EFFA5-StateMachineUpdater: set stopIndex = 0
2019-10-01 15:46:13,721 [Thread-911] INFO  impl.FollowerState (FollowerState.java:run(115)) - 17687ae8-18db-4cee-85ef-ee5e0f3bebbe: FollowerState was interrupted: java.lang.InterruptedException: sleep interrupted
2019-10-01 15:46:13,721 [main] INFO  impl.StateMachineUpdater (StateMachineUpdater.java:stopAndJoin(125)) - 17687ae8-18db-4cee-85ef-ee5e0f3bebbe@group-16BC6866FE65-StateMachineUpdater: set stopIndex = 0
2019-10-01 15:46:13,722 [ForkJoinPool.commonPool-worker-0] INFO  impl.RaftServerImpl (ServerState.java:close(385)) - ce462447-f21b-46ca-8863-5bada9d1e9f5@group-0707FC5EFFA5: closes. applyIndex: 0
2019-10-01 15:46:13,722 [main] INFO  impl.RaftServerImpl (ServerState.java:close(385)) - 17687ae8-18db-4cee-85ef-ee5e0f3bebbe@group-16BC6866FE65: closes. applyIndex: 0
2019-10-01 15:46:13,722 [ce462447-f21b-46ca-8863-5bada9d1e9f5@group-0707FC5EFFA5-SegmentedRaftLogWorker] INFO  segmented.SegmentedRaftLogWorker (SegmentedRaftLogWorker.java:run(313)) - ce462447-f21b-46ca-8863-5bada9d1e9f5@group-0707FC5EFFA5-SegmentedRaftLogWorker was interrupted, exiting. There are 0 tasks remaining in the queue.
2019-10-01 15:46:13,723 [17687ae8-18db-4cee-85ef-ee5e0f3bebbe@group-16BC6866FE65-SegmentedRaftLogWorker] INFO  segmented.SegmentedRaftLogWorker (SegmentedRaftLogWorker.java:run(313)) - 17687ae8-18db-4cee-85ef-ee5e0f3bebbe@group-16BC6866FE65-SegmentedRaftLogWorker was interrupted, exiting. There are 0 tasks remaining in the queue.
2019-10-01 15:46:13,723 [ForkJoinPool.commonPool-worker-0] INFO  segmented.SegmentedRaftLogWorker (SegmentedRaftLogWorker.java:close(228)) - ce462447-f21b-46ca-8863-5bada9d1e9f5@group-0707FC5EFFA5-SegmentedRaftLogWorker close()
2019-10-01 15:46:13,723 [main] INFO  segmented.SegmentedRaftLogWorker (SegmentedRaftLogWorker.java:close(228)) - 17687ae8-18db-4cee-85ef-ee5e0f3bebbe@group-16BC6866FE65-SegmentedRaftLogWorker close()
2019-10-01 15:46:13,724 [ForkJoinPool.commonPool-worker-0] INFO  server.GrpcService (GrpcService.java:closeImpl(164)) - ce462447-f21b-46ca-8863-5bada9d1e9f5: shutdown server with port 45778 now
2019-10-01 15:46:13,725 [main] INFO  server.GrpcService (GrpcService.java:closeImpl(164)) - 17687ae8-18db-4cee-85ef-ee5e0f3bebbe: shutdown server with port 44984 now
2019-10-01 15:46:13,725 [ForkJoinPool.commonPool-worker-0] INFO  server.GrpcService (GrpcService.java:closeImpl(172)) - ce462447-f21b-46ca-8863-5bada9d1e9f5: shutdown server with port 45778 successfully
2019-10-01 15:46:13,725 [main] INFO  server.GrpcService (GrpcService.java:closeImpl(172)) - 17687ae8-18db-4cee-85ef-ee5e0f3bebbe: shutdown server with port 44984 successfully
2019-10-01 15:46:13,731 [refreshUsed-/workdir/hadoop-ozone/integration-test/target/test-dir/MiniOzoneClusterImpl-9b1271a8-4299-44cb-bbfb-3eebcf11b219/datanode-7/data/containers] WARN  fs.CachingGetSpaceUsed (CachingGetSpaceUsed.java:run(183)) - Thread Interrupted waiting to refresh disk information: sleep interrupted
2019-10-01 15:46:13,732 [refreshUsed-/workdir/hadoop-ozone/integration-test/target/test-dir/MiniOzoneClusterImpl-9b1271a8-4299-44cb-bbfb-3eebcf11b219/datanode-1/data/containers] WARN  fs.CachingGetSpaceUsed (CachingGetSpaceUsed.java:run(183)) - Thread Interrupted waiting to refresh disk information: sleep interrupted
2019-10-01 15:46:13,750 [ForkJoinPool.commonPool-worker-0] INFO  utils.BackgroundService (BackgroundService.java:shutdown(148)) - Shutting down service BlockDeletingService
2019-10-01 15:46:13,750 [main] INFO  utils.BackgroundService (BackgroundService.java:shutdown(148)) - Shutting down service BlockDeletingService
2019-10-01 15:46:13,754 [ForkJoinPool.commonPool-worker-0] INFO  statemachine.DatanodeStateMachine (DatanodeStateMachine.java:stopDaemon(395)) - Ozone container server stopped.
2019-10-01 15:46:13,754 [main] INFO  statemachine.DatanodeStateMachine (DatanodeStateMachine.java:stopDaemon(395)) - Ozone container server stopped.
2019-10-01 15:46:13,757 [main] INFO  handler.ContextHandler (ContextHandler.java:doStop(910)) - Stopped o.e.j.w.WebAppContext@23f86d8a{/,null,UNAVAILABLE}{/hddsDatanode}
2019-10-01 15:46:13,757 [ForkJoinPool.commonPool-worker-0] INFO  handler.ContextHandler (ContextHandler.java:doStop(910)) - Stopped o.e.j.w.WebAppContext@6cc86152{/,null,UNAVAILABLE}{/hddsDatanode}
2019-10-01 15:46:13,758 [main] INFO  server.AbstractConnector (AbstractConnector.java:doStop(318)) - Stopped ServerConnector@2264ea32{HTTP/1.1,[http/1.1]}{0.0.0.0:0}
2019-10-01 15:46:13,758 [ForkJoinPool.commonPool-worker-0] INFO  server.AbstractConnector (AbstractConnector.java:doStop(318)) - Stopped ServerConnector@611a990b{HTTP/1.1,[http/1.1]}{0.0.0.0:0}
2019-10-01 15:46:13,759 [main] INFO  handler.ContextHandler (ContextHandler.java:doStop(910)) - Stopped o.e.j.s.ServletContextHandler@45cec376{/static,jar:file:/home/user/.m2/repository/org/apache/hadoop/hadoop-hdds-container-service/0.5.0-SNAPSHOT/hadoop-hdds-container-service-0.5.0-SNAPSHOT.jar!/webapps/static,UNAVAILABLE}
2019-10-01 15:46:13,759 [ForkJoinPool.commonPool-worker-0] INFO  handler.ContextHandler (ContextHandler.java:doStop(910)) - Stopped o.e.j.s.ServletContextHandler@3c87e6b7{/static,jar:file:/home/user/.m2/repository/org/apache/hadoop/hadoop-hdds-container-service/0.5.0-SNAPSHOT/hadoop-hdds-container-service-0.5.0-SNAPSHOT.jar!/webapps/static,UNAVAILABLE}
2019-10-01 15:46:13,760 [main] INFO  handler.ContextHandler (ContextHandler.java:doStop(910)) - Stopped o.e.j.s.ServletContextHandler@6e7c351d{/logs,file:///workdir/hadoop-ozone/integration-test/target/log,UNAVAILABLE}
2019-10-01 15:46:13,760 [ForkJoinPool.commonPool-worker-0] INFO  handler.ContextHandler (ContextHandler.java:doStop(910)) - Stopped o.e.j.s.ServletContextHandler@79b84841{/logs,file:///workdir/hadoop-ozone/integration-test/target/log,UNAVAILABLE}
2019-10-01 15:46:13,762 [main] INFO  ozone.MiniOzoneClusterImpl (MiniOzoneClusterImpl.java:stopSCM(392)) - Stopping the StorageContainerManager
2019-10-01 15:46:13,762 [main] INFO  server.StorageContainerManager (StorageContainerManager.java:stop(808)) - Stopping Replication Manager Service.
2019-10-01 15:46:13,763 [main] INFO  container.ReplicationManager (ReplicationManager.java:stop(203)) - Stopping Replication Monitor Thread.
2019-10-01 15:46:13,763 [main] INFO  server.StorageContainerManager (StorageContainerManager.java:stop(815)) - Stopping Lease Manager of the command watchers
2019-10-01 15:46:13,763 [main] INFO  server.StorageContainerManager (StorageContainerManager.java:stop(822)) - Stopping datanode service RPC server
2019-10-01 15:46:13,763 [main] INFO  server.SCMDatanodeProtocolServer (SCMDatanodeProtocolServer.java:stop(367)) - Stopping the RPC server for DataNodes
2019-10-01 15:46:13,764 [main] INFO  ipc.Server (Server.java:stop(3082)) - Stopping server on 44566
2019-10-01 15:46:13,765 [IPC Server listener on 44566] INFO  ipc.Server (Server.java:run(1185)) - Stopping IPC Server listener on 44566
2019-10-01 15:46:13,766 [IPC Server Responder] INFO  ipc.Server (Server.java:run(1319)) - Stopping IPC Server Responder
2019-10-01 15:46:13,791 [SCM Heartbeat Processing Thread - 0] WARN  node.NodeStateManager (NodeStateManager.java:scheduleNextHealthCheck(646)) - Current Thread is interrupted, shutting down HB processing thread for Node Manager.
2019-10-01 15:46:13,792 [main] INFO  server.StorageContainerManager (StorageContainerManager.java:stop(830)) - Stopping block service RPC server
2019-10-01 15:46:13,792 [main] INFO  server.SCMBlockProtocolServer (SCMBlockProtocolServer.java:stop(155)) - Stopping the RPC server for Block Protocol
2019-10-01 15:46:13,792 [main] INFO  ipc.Server (Server.java:stop(3082)) - Stopping server on 46814
2019-10-01 15:46:13,793 [IPC Server listener on 46814] INFO  ipc.Server (Server.java:run(1185)) - Stopping IPC Server listener on 46814
2019-10-01 15:46:13,793 [main] INFO  server.StorageContainerManager (StorageContainerManager.java:stop(837)) - Stopping the StorageContainerLocationProtocol RPC server
2019-10-01 15:46:13,794 [IPC Server Responder] INFO  ipc.Server (Server.java:run(1319)) - Stopping IPC Server Responder
2019-10-01 15:46:13,794 [main] INFO  server.SCMClientProtocolServer (SCMClientProtocolServer.java:stop(158)) - Stopping the RPC server for Client Protocol
2019-10-01 15:46:13,794 [main] INFO  ipc.Server (Server.java:stop(3082)) - Stopping server on 38668
2019-10-01 15:46:13,795 [IPC Server listener on 38668] INFO  ipc.Server (Server.java:run(1185)) - Stopping IPC Server listener on 38668
2019-10-01 15:46:13,796 [main] INFO  server.StorageContainerManager (StorageContainerManager.java:stop(844)) - Stopping Storage Container Manager HTTP server.
2019-10-01 15:46:13,796 [IPC Server Responder] INFO  ipc.Server (Server.java:run(1319)) - Stopping IPC Server Responder
2019-10-01 15:46:13,797 [main] INFO  handler.ContextHandler (ContextHandler.java:doStop(910)) - Stopped o.e.j.w.WebAppContext@6db66836{/,null,UNAVAILABLE}{/scm}
2019-10-01 15:46:13,797 [main] INFO  server.AbstractConnector (AbstractConnector.java:doStop(318)) - Stopped ServerConnector@1ee4730{HTTP/1.1,[http/1.1]}{0.0.0.0:0}
2019-10-01 15:46:13,798 [main] INFO  handler.ContextHandler (ContextHandler.java:doStop(910)) - Stopped o.e.j.s.ServletContextHandler@43b6123e{/static,file:///workdir/hadoop-ozone/integration-test/target/test-classes/webapps/static,UNAVAILABLE}
2019-10-01 15:46:13,798 [main] INFO  handler.ContextHandler (ContextHandler.java:doStop(910)) - Stopped o.e.j.s.ServletContextHandler@4fce136b{/logs,file:///workdir/hadoop-ozone/integration-test/target/log,UNAVAILABLE}
2019-10-01 15:46:13,800 [main] INFO  server.StorageContainerManager (StorageContainerManager.java:stop(855)) - Stopping Block Manager Service.
2019-10-01 15:46:13,800 [main] INFO  utils.BackgroundService (BackgroundService.java:shutdown(148)) - Shutting down service SCMBlockDeletingService
2019-10-01 15:46:13,801 [main] INFO  utils.BackgroundService (BackgroundService.java:shutdown(148)) - Shutting down service SCMBlockDeletingService
2019-10-01 15:46:13,801 [main] INFO  server.StorageContainerManager (StorageContainerManager.java:stop(877)) - Stopping SCM Event Queue.
2019-10-01 15:46:13,808 [main] INFO  impl.MetricsSystemImpl (MetricsSystemImpl.java:stop(210)) - Stopping XceiverClientMetrics metrics system...
2019-10-01 15:46:13,822 [prometheus] INFO  impl.MetricsSinkAdapter (MetricsSinkAdapter.java:publishMetricsFromQueue(141)) - prometheus thread interrupted.
2019-10-01 15:46:13,822 [main] INFO  impl.MetricsSystemImpl (MetricsSystemImpl.java:stop(216)) - XceiverClientMetrics metrics system stopped.
]]></system-out>
    <system-err><![CDATA[ERROR StatusLogger No Log4j 2 configuration file found. Using default configuration (logging only errors to the console), or user programmatically provided configurations. Set system property 'log4j2.debug' to show Log4j 2 internal initialization logging. See https://logging.apache.org/log4j/2.x/manual/configuration.html for instructions on how to configure Log4j 2
Oct 01, 2019 3:45:53 PM org.apache.ratis.thirdparty.io.grpc.internal.SerializingExecutor run
SEVERE: Exception while executing runnable org.apache.ratis.thirdparty.io.grpc.internal.ServerImpl$JumpToApplicationThreadServerStreamListener$1Closed@7ca2664e
org.apache.ratis.thirdparty.io.grpc.StatusRuntimeException: CANCELLED: call already cancelled
	at org.apache.ratis.thirdparty.io.grpc.Status.asRuntimeException(Status.java:517)
	at org.apache.ratis.thirdparty.io.grpc.stub.ServerCalls$ServerCallStreamObserverImpl.onCompleted(ServerCalls.java:356)
	at org.apache.ratis.grpc.server.GrpcServerProtocolService$ServerRequestStreamObserver.onError(GrpcServerProtocolService.java:121)
	at org.apache.ratis.thirdparty.io.grpc.stub.ServerCalls$StreamingServerCallHandler$StreamingServerCallListener.onCancel(ServerCalls.java:269)
	at org.apache.ratis.thirdparty.io.grpc.internal.ServerCallImpl$ServerStreamListenerImpl.closed(ServerCallImpl.java:293)
	at org.apache.ratis.thirdparty.io.grpc.internal.ServerImpl$JumpToApplicationThreadServerStreamListener$1Closed.runInContext(ServerImpl.java:741)
	at org.apache.ratis.thirdparty.io.grpc.internal.ContextRunnable.run(ContextRunnable.java:37)
	at org.apache.ratis.thirdparty.io.grpc.internal.SerializingExecutor.run(SerializingExecutor.java:123)
	at java.util.concurrent.ThreadPoolExecutor.runWorker(ThreadPoolExecutor.java:1149)
	at java.util.concurrent.ThreadPoolExecutor$Worker.run(ThreadPoolExecutor.java:624)
	at java.lang.Thread.run(Thread.java:748)

Oct 01, 2019 3:45:53 PM org.apache.ratis.thirdparty.io.grpc.internal.SerializingExecutor run
SEVERE: Exception while executing runnable org.apache.ratis.thirdparty.io.grpc.internal.ServerImpl$JumpToApplicationThreadServerStreamListener$1Closed@5b0309e5
org.apache.ratis.thirdparty.io.grpc.StatusRuntimeException: CANCELLED: call already cancelled
	at org.apache.ratis.thirdparty.io.grpc.Status.asRuntimeException(Status.java:517)
	at org.apache.ratis.thirdparty.io.grpc.stub.ServerCalls$ServerCallStreamObserverImpl.onCompleted(ServerCalls.java:356)
	at org.apache.ratis.grpc.server.GrpcServerProtocolService$ServerRequestStreamObserver.onError(GrpcServerProtocolService.java:121)
	at org.apache.ratis.thirdparty.io.grpc.stub.ServerCalls$StreamingServerCallHandler$StreamingServerCallListener.onCancel(ServerCalls.java:269)
	at org.apache.ratis.thirdparty.io.grpc.internal.ServerCallImpl$ServerStreamListenerImpl.closed(ServerCallImpl.java:293)
	at org.apache.ratis.thirdparty.io.grpc.internal.ServerImpl$JumpToApplicationThreadServerStreamListener$1Closed.runInContext(ServerImpl.java:741)
	at org.apache.ratis.thirdparty.io.grpc.internal.ContextRunnable.run(ContextRunnable.java:37)
	at org.apache.ratis.thirdparty.io.grpc.internal.SerializingExecutor.run(SerializingExecutor.java:123)
	at java.util.concurrent.ThreadPoolExecutor.runWorker(ThreadPoolExecutor.java:1149)
	at java.util.concurrent.ThreadPoolExecutor$Worker.run(ThreadPoolExecutor.java:624)
	at java.lang.Thread.run(Thread.java:748)

Oct 01, 2019 3:45:58 PM org.apache.ratis.thirdparty.io.grpc.internal.SerializingExecutor run
SEVERE: Exception while executing runnable org.apache.ratis.thirdparty.io.grpc.internal.ServerImpl$JumpToApplicationThreadServerStreamListener$1Closed@1f920b6d
org.apache.ratis.thirdparty.io.grpc.StatusRuntimeException: CANCELLED: call already cancelled
	at org.apache.ratis.thirdparty.io.grpc.Status.asRuntimeException(Status.java:517)
	at org.apache.ratis.thirdparty.io.grpc.stub.ServerCalls$ServerCallStreamObserverImpl.onCompleted(ServerCalls.java:356)
	at org.apache.ratis.grpc.server.GrpcServerProtocolService$ServerRequestStreamObserver.onError(GrpcServerProtocolService.java:121)
	at org.apache.ratis.thirdparty.io.grpc.stub.ServerCalls$StreamingServerCallHandler$StreamingServerCallListener.onCancel(ServerCalls.java:269)
	at org.apache.ratis.thirdparty.io.grpc.internal.ServerCallImpl$ServerStreamListenerImpl.closed(ServerCallImpl.java:293)
	at org.apache.ratis.thirdparty.io.grpc.internal.ServerImpl$JumpToApplicationThreadServerStreamListener$1Closed.runInContext(ServerImpl.java:741)
	at org.apache.ratis.thirdparty.io.grpc.internal.ContextRunnable.run(ContextRunnable.java:37)
	at org.apache.ratis.thirdparty.io.grpc.internal.SerializingExecutor.run(SerializingExecutor.java:123)
	at java.util.concurrent.ThreadPoolExecutor.runWorker(ThreadPoolExecutor.java:1149)
	at java.util.concurrent.ThreadPoolExecutor$Worker.run(ThreadPoolExecutor.java:624)
	at java.lang.Thread.run(Thread.java:748)

]]></system-err>
  </testcase>
  <testcase name="testMultiBlockWritesWithDnFailures" classname="org.apache.hadoop.ozone.client.rpc.TestMultiBlockWritesWithDnFailures" time="48.448"/>
</testsuite>