<?xml version="1.0" encoding="UTF-8"?>
<testsuite xmlns:xsi="http://www.w3.org/2001/XMLSchema-instance" xsi:noNamespaceSchemaLocation="https://maven.apache.org/surefire/maven-surefire-plugin/xsd/surefire-test-report.xsd" name="org.apache.hadoop.ozone.client.rpc.TestWatchForCommit" time="249.526" tests="5" errors="1" skipped="0" failures="0">
  <properties>
    <property name="awt.toolkit" value="sun.awt.X11.XToolkit"/>
    <property name="file.encoding.pkg" value="sun.io"/>
    <property name="java.specification.version" value="1.8"/>
    <property name="sun.cpu.isalist" value=""/>
    <property name="sun.jnu.encoding" value="UTF-8"/>
    <property name="java.class.path" value="/workdir/hadoop-ozone/integration-test/target/test-classes:/workdir/hadoop-ozone/integration-test/target/classes:/home/user/.m2/repository/org/apache/hadoop/hadoop-ozone-common/0.5.0-SNAPSHOT/hadoop-ozone-common-0.5.0-SNAPSHOT.jar:/home/user/.m2/repository/org/apache/commons/commons-compress/1.4.1/commons-compress-1.4.1.jar:/home/user/.m2/repository/org/tukaani/xz/1.0/xz-1.0.jar:/home/user/.m2/repository/org/apache/hadoop/hadoop-common/3.2.0/hadoop-common-3.2.0.jar:/home/user/.m2/repository/org/apache/hadoop/hadoop-hdfs/3.2.0/hadoop-hdfs-3.2.0.jar:/home/user/.m2/repository/org/apache/hadoop/hadoop-hdfs-client/3.2.0/hadoop-hdfs-client-3.2.0.jar:/home/user/.m2/repository/com/fasterxml/jackson/core/jackson-annotations/2.9.9/jackson-annotations-2.9.9.jar:/home/user/.m2/repository/org/apache/hadoop/hadoop-hdds-common/0.5.0-SNAPSHOT/hadoop-hdds-common-0.5.0-SNAPSHOT.jar:/home/user/.m2/repository/javax/annotation/javax.annotation-api/1.2/javax.annotation-api-1.2.jar:/home/user/.m2/repository/org/apache/ratis/ratis-server/0.4.0/ratis-server-0.4.0.jar:/home/user/.m2/repository/org/apache/ratis/ratis-thirdparty-misc/0.2.0/ratis-thirdparty-misc-0.2.0.jar:/home/user/.m2/repository/org/apache/ratis/ratis-proto/0.4.0/ratis-proto-0.4.0.jar:/home/user/.m2/repository/org/apache/ratis/ratis-common/0.4.0/ratis-common-0.4.0.jar:/home/user/.m2/repository/org/apache/ratis/ratis-client/0.4.0/ratis-client-0.4.0.jar:/home/user/.m2/repository/org/apache/ratis/ratis-metrics/0.4.0/ratis-metrics-0.4.0.jar:/home/user/.m2/repository/com/github/joshelser/dropwizard-metrics-hadoop-metrics2-reporter/0.1.2/dropwizard-metrics-hadoop-metrics2-reporter-0.1.2.jar:/home/user/.m2/repository/io/dropwizard/metrics/metrics-jvm/3.2.5/metrics-jvm-3.2.5.jar:/home/user/.m2/repository/io/dropwizard/metrics/metrics-ganglia/3.2.5/metrics-ganglia-3.2.5.jar:/home/user/.m2/repository/info/ganglia/gmetric4j/gmetric4j/1.0.7/gmetric4j-1.0.7.jar:/home/user/.m2/repository/org/apache/ratis/ratis-netty/0.4.0/ratis-netty-0.4.0.jar:/home/user/.m2/repository/org/apache/ratis/ratis-grpc/0.4.0/ratis-grpc-0.4.0.jar:/home/user/.m2/repository/org/rocksdb/rocksdbjni/6.0.1/rocksdbjni-6.0.1.jar:/home/user/.m2/repository/org/apache/logging/log4j/log4j-api/2.11.0/log4j-api-2.11.0.jar:/home/user/.m2/repository/org/apache/logging/log4j/log4j-core/2.11.0/log4j-core-2.11.0.jar:/home/user/.m2/repository/com/lmax/disruptor/3.4.2/disruptor-3.4.2.jar:/home/user/.m2/repository/org/apache/commons/commons-pool2/2.6.0/commons-pool2-2.6.0.jar:/home/user/.m2/repository/org/bouncycastle/bcpkix-jdk15on/1.60/bcpkix-jdk15on-1.60.jar:/home/user/.m2/repository/commons-validator/commons-validator/1.6/commons-validator-1.6.jar:/home/user/.m2/repository/commons-digester/commons-digester/1.8.1/commons-digester-1.8.1.jar:/home/user/.m2/repository/io/jaegertracing/jaeger-client/0.34.0/jaeger-client-0.34.0.jar:/home/user/.m2/repository/io/jaegertracing/jaeger-thrift/0.34.0/jaeger-thrift-0.34.0.jar:/home/user/.m2/repository/org/apache/thrift/libthrift/0.12.0/libthrift-0.12.0.jar:/home/user/.m2/repository/com/squareup/okhttp3/okhttp/3.9.0/okhttp-3.9.0.jar:/home/user/.m2/repository/com/squareup/okio/okio/1.13.0/okio-1.13.0.jar:/home/user/.m2/repository/io/jaegertracing/jaeger-core/0.34.0/jaeger-core-0.34.0.jar:/home/user/.m2/repository/io/jaegertracing/jaeger-tracerresolver/0.34.0/jaeger-tracerresolver-0.34.0.jar:/home/user/.m2/repository/io/opentracing/contrib/opentracing-tracerresolver/0.1.5/opentracing-tracerresolver-0.1.5.jar:/home/user/.m2/repository/io/opentracing/opentracing-util/0.31.0/opentracing-util-0.31.0.jar:/home/user/.m2/repository/io/opentracing/opentracing-api/0.31.0/opentracing-api-0.31.0.jar:/home/user/.m2/repository/io/opentracing/opentracing-noop/0.31.0/opentracing-noop-0.31.0.jar:/home/user/.m2/repository/org/apache/hadoop/hadoop-hdds-server-framework/0.5.0-SNAPSHOT/hadoop-hdds-server-framework-0.5.0-SNAPSHOT.jar:/home/user/.m2/repository/org/apache/hadoop/hadoop-hdds-container-service/0.5.0-SNAPSHOT/hadoop-hdds-container-service-0.5.0-SNAPSHOT.jar:/home/user/.m2/repository/org/apache/hadoop/hadoop-hdds-client/0.5.0-SNAPSHOT/hadoop-hdds-client-0.5.0-SNAPSHOT.jar:/home/user/.m2/repository/org/apache/hadoop/hadoop-hdds-tools/0.5.0-SNAPSHOT/hadoop-hdds-tools-0.5.0-SNAPSHOT.jar:/home/user/.m2/repository/org/apache/hadoop/hadoop-hdds-server-scm/0.5.0-SNAPSHOT/hadoop-hdds-server-scm-0.5.0-SNAPSHOT.jar:/home/user/.m2/repository/org/apache/hadoop/hadoop-hdds-docs/0.5.0-SNAPSHOT/hadoop-hdds-docs-0.5.0-SNAPSHOT.jar:/home/user/.m2/repository/io/dropwizard/metrics/metrics-core/3.2.4/metrics-core-3.2.4.jar:/home/user/.m2/repository/org/hamcrest/hamcrest-all/1.3/hamcrest-all-1.3.jar:/home/user/.m2/repository/org/bouncycastle/bcprov-jdk15on/1.60/bcprov-jdk15on-1.60.jar:/home/user/.m2/repository/info/picocli/picocli/3.9.6/picocli-3.9.6.jar:/home/user/.m2/repository/com/google/protobuf/protobuf-java/2.5.0/protobuf-java-2.5.0.jar:/home/user/.m2/repository/com/google/guava/guava/11.0.2/guava-11.0.2.jar:/home/user/.m2/repository/org/apache/hadoop/hadoop-ozone-ozone-manager/0.5.0-SNAPSHOT/hadoop-ozone-ozone-manager-0.5.0-SNAPSHOT.jar:/home/user/.m2/repository/org/apache/hadoop/hadoop-minikdc/3.2.0/hadoop-minikdc-3.2.0.jar:/home/user/.m2/repository/commons-io/commons-io/2.5/commons-io-2.5.jar:/home/user/.m2/repository/org/apache/kerby/kerb-simplekdc/1.0.1/kerb-simplekdc-1.0.1.jar:/home/user/.m2/repository/org/apache/kerby/kerb-client/1.0.1/kerb-client-1.0.1.jar:/home/user/.m2/repository/org/apache/kerby/kerby-config/1.0.1/kerby-config-1.0.1.jar:/home/user/.m2/repository/org/apache/kerby/kerb-core/1.0.1/kerb-core-1.0.1.jar:/home/user/.m2/repository/org/apache/kerby/kerby-pkix/1.0.1/kerby-pkix-1.0.1.jar:/home/user/.m2/repository/org/apache/kerby/kerby-asn1/1.0.1/kerby-asn1-1.0.1.jar:/home/user/.m2/repository/org/apache/kerby/kerby-util/1.0.1/kerby-util-1.0.1.jar:/home/user/.m2/repository/org/apache/kerby/kerb-common/1.0.1/kerb-common-1.0.1.jar:/home/user/.m2/repository/org/apache/kerby/kerb-crypto/1.0.1/kerb-crypto-1.0.1.jar:/home/user/.m2/repository/org/apache/kerby/kerb-util/1.0.1/kerb-util-1.0.1.jar:/home/user/.m2/repository/org/apache/kerby/token-provider/1.0.1/token-provider-1.0.1.jar:/home/user/.m2/repository/org/apache/kerby/kerb-admin/1.0.1/kerb-admin-1.0.1.jar:/home/user/.m2/repository/org/apache/kerby/kerb-server/1.0.1/kerb-server-1.0.1.jar:/home/user/.m2/repository/org/apache/kerby/kerb-identity/1.0.1/kerb-identity-1.0.1.jar:/home/user/.m2/repository/org/apache/kerby/kerby-xdr/1.0.1/kerby-xdr-1.0.1.jar:/home/user/.m2/repository/org/slf4j/slf4j-log4j12/1.7.25/slf4j-log4j12-1.7.25.jar:/home/user/.m2/repository/org/apache/hadoop/hadoop-ozone-s3gateway/0.5.0-SNAPSHOT/hadoop-ozone-s3gateway-0.5.0-SNAPSHOT.jar:/home/user/.m2/repository/org/jboss/weld/servlet/weld-servlet/2.4.7.Final/weld-servlet-2.4.7.Final.jar:/home/user/.m2/repository/org/glassfish/jersey/containers/jersey-container-servlet-core/2.27/jersey-container-servlet-core-2.27.jar:/home/user/.m2/repository/org/glassfish/hk2/external/javax.inject/2.5.0-b42/javax.inject-2.5.0-b42.jar:/home/user/.m2/repository/org/glassfish/jersey/core/jersey-common/2.27/jersey-common-2.27.jar:/home/user/.m2/repository/org/glassfish/hk2/osgi-resource-locator/1.0.1/osgi-resource-locator-1.0.1.jar:/home/user/.m2/repository/javax/ws/rs/javax.ws.rs-api/2.1/javax.ws.rs-api-2.1.jar:/home/user/.m2/repository/org/glassfish/jersey/ext/cdi/jersey-cdi1x/2.27/jersey-cdi1x-2.27.jar:/home/user/.m2/repository/org/glassfish/jersey/inject/jersey-hk2/2.27/jersey-hk2-2.27.jar:/home/user/.m2/repository/org/glassfish/hk2/hk2-locator/2.5.0-b42/hk2-locator-2.5.0-b42.jar:/home/user/.m2/repository/org/javassist/javassist/3.22.0-CR2/javassist-3.22.0-CR2.jar:/home/user/.m2/repository/org/glassfish/hk2/hk2-api/2.5.0/hk2-api-2.5.0.jar:/home/user/.m2/repository/org/glassfish/hk2/external/jakarta.inject/2.5.0/jakarta.inject-2.5.0.jar:/home/user/.m2/repository/org/glassfish/hk2/hk2-utils/2.5.0/hk2-utils-2.5.0.jar:/home/user/.m2/repository/jakarta/annotation/jakarta.annotation-api/1.3.4/jakarta.annotation-api-1.3.4.jar:/home/user/.m2/repository/org/glassfish/hk2/external/aopalliance-repackaged/2.5.0/aopalliance-repackaged-2.5.0.jar:/home/user/.m2/repository/com/fasterxml/jackson/dataformat/jackson-dataformat-xml/2.9.0/jackson-dataformat-xml-2.9.0.jar:/home/user/.m2/repository/com/fasterxml/jackson/core/jackson-core/2.9.9/jackson-core-2.9.9.jar:/home/user/.m2/repository/com/fasterxml/jackson/module/jackson-module-jaxb-annotations/2.9.9/jackson-module-jaxb-annotations-2.9.9.jar:/home/user/.m2/repository/javax/enterprise/cdi-api/1.2/cdi-api-1.2.jar:/home/user/.m2/repository/javax/el/javax.el-api/3.0.0/javax.el-api-3.0.0.jar:/home/user/.m2/repository/javax/interceptor/javax.interceptor-api/1.2/javax.interceptor-api-1.2.jar:/home/user/.m2/repository/javax/inject/javax.inject/1/javax.inject-1.jar:/home/user/.m2/repository/com/sun/xml/bind/jaxb-impl/2.3.0.1/jaxb-impl-2.3.0.1.jar:/home/user/.m2/repository/com/sun/xml/bind/jaxb-core/2.3.0.1/jaxb-core-2.3.0.1.jar:/home/user/.m2/repository/javax/xml/bind/jaxb-api/2.3.0/jaxb-api-2.3.0.jar:/home/user/.m2/repository/javax/activation/activation/1.1.1/activation-1.1.1.jar:/home/user/.m2/repository/org/apache/hadoop/hadoop-ozone-csi/0.5.0-SNAPSHOT/hadoop-ozone-csi-0.5.0-SNAPSHOT.jar:/home/user/.m2/repository/com/google/protobuf/protobuf-java-util/3.5.1/protobuf-java-util-3.5.1.jar:/home/user/.m2/repository/org/apache/hadoop/hadoop-hdds-config/0.5.0-SNAPSHOT/hadoop-hdds-config-0.5.0-SNAPSHOT.jar:/home/user/.m2/repository/io/grpc/grpc-netty/1.17.1/grpc-netty-1.17.1.jar:/home/user/.m2/repository/io/grpc/grpc-core/1.17.1/grpc-core-1.17.1.jar:/home/user/.m2/repository/io/grpc/grpc-context/1.17.1/grpc-context-1.17.1.jar:/home/user/.m2/repository/com/google/errorprone/error_prone_annotations/2.2.0/error_prone_annotations-2.2.0.jar:/home/user/.m2/repository/org/codehaus/mojo/animal-sniffer-annotations/1.17/animal-sniffer-annotations-1.17.jar:/home/user/.m2/repository/io/opencensus/opencensus-api/0.17.0/opencensus-api-0.17.0.jar:/home/user/.m2/repository/io/opencensus/opencensus-contrib-grpc-metrics/0.17.0/opencensus-contrib-grpc-metrics-0.17.0.jar:/home/user/.m2/repository/io/netty/netty-codec-http2/4.1.30.Final/netty-codec-http2-4.1.30.Final.jar:/home/user/.m2/repository/io/netty/netty-codec-http/4.1.30.Final/netty-codec-http-4.1.30.Final.jar:/home/user/.m2/repository/io/netty/netty-codec/4.1.30.Final/netty-codec-4.1.30.Final.jar:/home/user/.m2/repository/io/netty/netty-handler/4.1.30.Final/netty-handler-4.1.30.Final.jar:/home/user/.m2/repository/io/netty/netty-handler-proxy/4.1.30.Final/netty-handler-proxy-4.1.30.Final.jar:/home/user/.m2/repository/io/netty/netty-codec-socks/4.1.30.Final/netty-codec-socks-4.1.30.Final.jar:/home/user/.m2/repository/io/netty/netty-transport-native-epoll/4.1.30.Final/netty-transport-native-epoll-4.1.30.Final.jar:/home/user/.m2/repository/io/netty/netty-common/4.1.30.Final/netty-common-4.1.30.Final.jar:/home/user/.m2/repository/io/netty/netty-buffer/4.1.30.Final/netty-buffer-4.1.30.Final.jar:/home/user/.m2/repository/io/netty/netty-transport/4.1.30.Final/netty-transport-4.1.30.Final.jar:/home/user/.m2/repository/io/netty/netty-resolver/4.1.30.Final/netty-resolver-4.1.30.Final.jar:/home/user/.m2/repository/io/netty/netty-transport-native-unix-common/4.1.30.Final/netty-transport-native-unix-common-4.1.30.Final.jar:/home/user/.m2/repository/io/grpc/grpc-protobuf/1.17.1/grpc-protobuf-1.17.1.jar:/home/user/.m2/repository/com/google/api/grpc/proto-google-common-protos/1.0.0/proto-google-common-protos-1.0.0.jar:/home/user/.m2/repository/io/grpc/grpc-protobuf-lite/1.17.1/grpc-protobuf-lite-1.17.1.jar:/home/user/.m2/repository/io/grpc/grpc-stub/1.17.1/grpc-stub-1.17.1.jar:/home/user/.m2/repository/org/apache/hadoop/hadoop-ozone-recon/0.5.0-SNAPSHOT/hadoop-ozone-recon-0.5.0-SNAPSHOT.jar:/home/user/.m2/repository/org/apache/hadoop/hadoop-ozone-reconcodegen/0.5.0-SNAPSHOT/hadoop-ozone-reconcodegen-0.5.0-SNAPSHOT.jar:/home/user/.m2/repository/com/google/inject/extensions/guice-multibindings/4.0/guice-multibindings-4.0.jar:/home/user/.m2/repository/com/google/inject/guice/4.0/guice-4.0.jar:/home/user/.m2/repository/aopalliance/aopalliance/1.0/aopalliance-1.0.jar:/home/user/.m2/repository/com/google/inject/extensions/guice-servlet/4.0/guice-servlet-4.0.jar:/home/user/.m2/repository/org/glassfish/jersey/containers/jersey-container-servlet/2.27/jersey-container-servlet-2.27.jar:/home/user/.m2/repository/org/glassfish/hk2/guice-bridge/2.5.0/guice-bridge-2.5.0.jar:/home/user/.m2/repository/org/glassfish/jersey/core/jersey-server/2.27/jersey-server-2.27.jar:/home/user/.m2/repository/org/glassfish/jersey/core/jersey-client/2.27/jersey-client-2.27.jar:/home/user/.m2/repository/org/glassfish/jersey/media/jersey-media-jaxb/2.27/jersey-media-jaxb-2.27.jar:/home/user/.m2/repository/javax/validation/validation-api/1.1.0.Final/validation-api-1.1.0.Final.jar:/home/user/.m2/repository/org/glassfish/jersey/media/jersey-media-json-jackson/2.27/jersey-media-json-jackson-2.27.jar:/home/user/.m2/repository/org/glassfish/jersey/ext/jersey-entity-filtering/2.27/jersey-entity-filtering-2.27.jar:/home/user/.m2/repository/com/google/inject/extensions/guice-assistedinject/4.0/guice-assistedinject-4.0.jar:/home/user/.m2/repository/org/jooq/jooq/3.11.10/jooq-3.11.10.jar:/home/user/.m2/repository/org/jooq/jooq-meta/3.11.10/jooq-meta-3.11.10.jar:/home/user/.m2/repository/org/jooq/jooq-codegen/3.11.10/jooq-codegen-3.11.10.jar:/home/user/.m2/repository/com/jolbox/bonecp/0.8.0.RELEASE/bonecp-0.8.0.RELEASE.jar:/home/user/.m2/repository/org/xerial/sqlite-jdbc/3.25.2/sqlite-jdbc-3.25.2.jar:/home/user/.m2/repository/org/springframework/spring-jdbc/5.1.3.RELEASE/spring-jdbc-5.1.3.RELEASE.jar:/home/user/.m2/repository/org/springframework/spring-beans/5.1.3.RELEASE/spring-beans-5.1.3.RELEASE.jar:/home/user/.m2/repository/org/springframework/spring-core/5.1.3.RELEASE/spring-core-5.1.3.RELEASE.jar:/home/user/.m2/repository/org/springframework/spring-jcl/5.1.3.RELEASE/spring-jcl-5.1.3.RELEASE.jar:/home/user/.m2/repository/org/springframework/spring-tx/5.1.3.RELEASE/spring-tx-5.1.3.RELEASE.jar:/home/user/.m2/repository/org/apache/hadoop/hadoop-ozone-client/0.5.0-SNAPSHOT/hadoop-ozone-client-0.5.0-SNAPSHOT.jar:/home/user/.m2/repository/commons-lang/commons-lang/2.6/commons-lang-2.6.jar:/home/user/.m2/repository/org/apache/hadoop/hadoop-ozone-ozone-manager/0.5.0-SNAPSHOT/hadoop-ozone-ozone-manager-0.5.0-SNAPSHOT-tests.jar:/home/user/.m2/repository/junit/junit/4.11/junit-4.11.jar:/home/user/.m2/repository/org/hamcrest/hamcrest-core/1.3/hamcrest-core-1.3.jar:/home/user/.m2/repository/org/openjdk/jmh/jmh-core/1.19/jmh-core-1.19.jar:/home/user/.m2/repository/net/sf/jopt-simple/jopt-simple/4.6/jopt-simple-4.6.jar:/home/user/.m2/repository/org/apache/commons/commons-math3/3.1.1/commons-math3-3.1.1.jar:/home/user/.m2/repository/org/openjdk/jmh/jmh-generator-annprocess/1.19/jmh-generator-annprocess-1.19.jar:/home/user/.m2/repository/org/mockito/mockito-all/1.8.5/mockito-all-1.8.5.jar:/home/user/.m2/repository/org/apache/hadoop/hadoop-kms/3.2.0/hadoop-kms-3.2.0.jar:/home/user/.m2/repository/org/apache/hadoop/hadoop-auth/3.2.0/hadoop-auth-3.2.0.jar:/home/user/.m2/repository/com/nimbusds/nimbus-jose-jwt/4.41.1/nimbus-jose-jwt-4.41.1.jar:/home/user/.m2/repository/com/github/stephenc/jcip/jcip-annotations/1.0-1/jcip-annotations-1.0-1.jar:/home/user/.m2/repository/net/minidev/json-smart/2.3/json-smart-2.3.jar:/home/user/.m2/repository/net/minidev/accessors-smart/1.2/accessors-smart-1.2.jar:/home/user/.m2/repository/org/ow2/asm/asm/5.0.4/asm-5.0.4.jar:/home/user/.m2/repository/org/apache/curator/curator-framework/2.12.0/curator-framework-2.12.0.jar:/home/user/.m2/repository/com/sun/jersey/jersey-core/1.19/jersey-core-1.19.jar:/home/user/.m2/repository/javax/ws/rs/jsr311-api/1.1.1/jsr311-api-1.1.1.jar:/home/user/.m2/repository/com/sun/jersey/jersey-server/1.19/jersey-server-1.19.jar:/home/user/.m2/repository/javax/servlet/javax.servlet-api/3.1.0/javax.servlet-api-3.1.0.jar:/home/user/.m2/repository/org/eclipse/jetty/jetty-server/9.3.25.v20180904/jetty-server-9.3.25.v20180904.jar:/home/user/.m2/repository/org/eclipse/jetty/jetty-http/9.3.25.v20180904/jetty-http-9.3.25.v20180904.jar:/home/user/.m2/repository/org/eclipse/jetty/jetty-io/9.3.25.v20180904/jetty-io-9.3.25.v20180904.jar:/home/user/.m2/repository/org/eclipse/jetty/jetty-webapp/9.3.25.v20180904/jetty-webapp-9.3.25.v20180904.jar:/home/user/.m2/repository/org/eclipse/jetty/jetty-xml/9.3.25.v20180904/jetty-xml-9.3.25.v20180904.jar:/home/user/.m2/repository/log4j/log4j/1.2.17/log4j-1.2.17.jar:/home/user/.m2/repository/org/slf4j/slf4j-api/1.7.25/slf4j-api-1.7.25.jar:/home/user/.m2/repository/org/slf4j/jul-to-slf4j/1.7.25/jul-to-slf4j-1.7.25.jar:/home/user/.m2/repository/org/eclipse/jetty/jetty-util/9.3.25.v20180904/jetty-util-9.3.25.v20180904.jar:/home/user/.m2/repository/com/fasterxml/jackson/core/jackson-databind/2.9.9/jackson-databind-2.9.9.jar:/home/user/.m2/repository/org/apache/hadoop/hadoop-kms/3.2.0/hadoop-kms-3.2.0-tests.jar:/home/user/.m2/repository/org/apache/hadoop/hadoop-hdds-server-scm/0.5.0-SNAPSHOT/hadoop-hdds-server-scm-0.5.0-SNAPSHOT-tests.jar:/home/user/.m2/repository/org/apache/hadoop/hadoop-hdds-container-service/0.5.0-SNAPSHOT/hadoop-hdds-container-service-0.5.0-SNAPSHOT-tests.jar:/home/user/.m2/repository/org/yaml/snakeyaml/1.16/snakeyaml-1.16.jar:/home/user/.m2/repository/org/apache/hadoop/hadoop-common/3.2.0/hadoop-common-3.2.0-tests.jar:/home/user/.m2/repository/org/apache/hadoop/hadoop-annotations/3.2.0/hadoop-annotations-3.2.0.jar:/usr/lib/jvm/java-1.8-openjdk/jre/../lib/tools.jar:/home/user/.m2/repository/commons-cli/commons-cli/1.2/commons-cli-1.2.jar:/home/user/.m2/repository/org/apache/httpcomponents/httpclient/4.5.2/httpclient-4.5.2.jar:/home/user/.m2/repository/org/apache/httpcomponents/httpcore/4.4.4/httpcore-4.4.4.jar:/home/user/.m2/repository/commons-codec/commons-codec/1.11/commons-codec-1.11.jar:/home/user/.m2/repository/commons-net/commons-net/3.6/commons-net-3.6.jar:/home/user/.m2/repository/commons-collections/commons-collections/3.2.2/commons-collections-3.2.2.jar:/home/user/.m2/repository/org/eclipse/jetty/jetty-servlet/9.3.25.v20180904/jetty-servlet-9.3.25.v20180904.jar:/home/user/.m2/repository/org/eclipse/jetty/jetty-security/9.3.25.v20180904/jetty-security-9.3.25.v20180904.jar:/home/user/.m2/repository/javax/servlet/jsp/jsp-api/2.1/jsp-api-2.1.jar:/home/user/.m2/repository/com/sun/jersey/jersey-servlet/1.19/jersey-servlet-1.19.jar:/home/user/.m2/repository/com/sun/jersey/jersey-json/1.19/jersey-json-1.19.jar:/home/user/.m2/repository/org/codehaus/jettison/jettison/1.1/jettison-1.1.jar:/home/user/.m2/repository/org/codehaus/jackson/jackson-core-asl/1.9.13/jackson-core-asl-1.9.13.jar:/home/user/.m2/repository/org/codehaus/jackson/jackson-mapper-asl/1.9.13/jackson-mapper-asl-1.9.13.jar:/home/user/.m2/repository/org/codehaus/jackson/jackson-jaxrs/1.9.13/jackson-jaxrs-1.9.13.jar:/home/user/.m2/repository/org/codehaus/jackson/jackson-xc/1.9.13/jackson-xc-1.9.13.jar:/home/user/.m2/repository/commons-logging/commons-logging/1.1.3/commons-logging-1.1.3.jar:/home/user/.m2/repository/commons-beanutils/commons-beanutils/1.9.4/commons-beanutils-1.9.4.jar:/home/user/.m2/repository/org/apache/commons/commons-configuration2/2.1.1/commons-configuration2-2.1.1.jar:/home/user/.m2/repository/org/apache/commons/commons-lang3/3.7/commons-lang3-3.7.jar:/home/user/.m2/repository/org/apache/commons/commons-text/1.4/commons-text-1.4.jar:/home/user/.m2/repository/org/apache/avro/avro/1.7.7/avro-1.7.7.jar:/home/user/.m2/repository/com/thoughtworks/paranamer/paranamer/2.3/paranamer-2.3.jar:/home/user/.m2/repository/org/xerial/snappy/snappy-java/1.0.5/snappy-java-1.0.5.jar:/home/user/.m2/repository/com/google/re2j/re2j/1.1/re2j-1.1.jar:/home/user/.m2/repository/com/google/code/gson/gson/2.2.4/gson-2.2.4.jar:/home/user/.m2/repository/com/jcraft/jsch/0.1.54/jsch-0.1.54.jar:/home/user/.m2/repository/org/apache/curator/curator-client/2.12.0/curator-client-2.12.0.jar:/home/user/.m2/repository/org/apache/curator/curator-recipes/2.12.0/curator-recipes-2.12.0.jar:/home/user/.m2/repository/com/google/code/findbugs/jsr305/3.0.0/jsr305-3.0.0.jar:/home/user/.m2/repository/org/apache/htrace/htrace-core4/4.1.0-incubating/htrace-core4-4.1.0-incubating.jar:/home/user/.m2/repository/org/apache/zookeeper/zookeeper/3.4.13/zookeeper-3.4.13.jar:/home/user/.m2/repository/jline/jline/0.9.94/jline-0.9.94.jar:/home/user/.m2/repository/org/apache/yetus/audience-annotations/0.5.0/audience-annotations-0.5.0.jar:/home/user/.m2/repository/org/codehaus/woodstox/stax2-api/3.1.4/stax2-api-3.1.4.jar:/home/user/.m2/repository/com/fasterxml/woodstox/woodstox-core/5.0.3/woodstox-core-5.0.3.jar:/home/user/.m2/repository/dnsjava/dnsjava/2.1.7/dnsjava-2.1.7.jar:/home/user/.m2/repository/org/apache/hadoop/hadoop-hdfs/3.2.0/hadoop-hdfs-3.2.0-tests.jar:/home/user/.m2/repository/org/eclipse/jetty/jetty-util-ajax/9.3.25.v20180904/jetty-util-ajax-9.3.25.v20180904.jar:/home/user/.m2/repository/commons-daemon/commons-daemon/1.0.13/commons-daemon-1.0.13.jar:/home/user/.m2/repository/io/netty/netty/3.10.5.Final/netty-3.10.5.Final.jar:/home/user/.m2/repository/io/netty/netty-all/4.0.52.Final/netty-all-4.0.52.Final.jar:/home/user/.m2/repository/org/fusesource/leveldbjni/leveldbjni-all/1.8/leveldbjni-all-1.8.jar:"/>
    <property name="java.vm.vendor" value="IcedTea"/>
    <property name="sun.arch.data.model" value="64"/>
    <property name="test.build.dir" value="/workdir/hadoop-ozone/integration-test/target/test-dir"/>
    <property name="test.cache.data" value=""/>
    <property name="java.vendor.url" value="https://icedtea.classpath.org"/>
    <property name="user.timezone" value=""/>
    <property name="java.vm.specification.version" value="1.8"/>
    <property name="os.name" value="Linux"/>
    <property name="test.build.data" value="/workdir/hadoop-ozone/integration-test/target/test-dir"/>
    <property name="user.country" value="US"/>
    <property name="sun.java.launcher" value="SUN_STANDARD"/>
    <property name="sun.boot.library.path" value="/usr/lib/jvm/java-1.8-openjdk/jre/lib/amd64"/>
    <property name="sun.java.command" value="/workdir/hadoop-ozone/integration-test/target/surefire/surefirebooter6365740476141079428.jar /workdir/hadoop-ozone/integration-test/target/surefire 2019-10-01T14-41-25_023-jvmRun1 surefire5756935658100326853tmp surefire_751726163954882572104tmp"/>
    <property name="test" value="!TestMiniChaosOzoneCluster"/>
    <property name="surefire.test.class.path" value="/workdir/hadoop-ozone/integration-test/target/test-classes:/workdir/hadoop-ozone/integration-test/target/classes:/home/user/.m2/repository/org/apache/hadoop/hadoop-ozone-common/0.5.0-SNAPSHOT/hadoop-ozone-common-0.5.0-SNAPSHOT.jar:/home/user/.m2/repository/org/apache/commons/commons-compress/1.4.1/commons-compress-1.4.1.jar:/home/user/.m2/repository/org/tukaani/xz/1.0/xz-1.0.jar:/home/user/.m2/repository/org/apache/hadoop/hadoop-common/3.2.0/hadoop-common-3.2.0.jar:/home/user/.m2/repository/org/apache/hadoop/hadoop-hdfs/3.2.0/hadoop-hdfs-3.2.0.jar:/home/user/.m2/repository/org/apache/hadoop/hadoop-hdfs-client/3.2.0/hadoop-hdfs-client-3.2.0.jar:/home/user/.m2/repository/com/fasterxml/jackson/core/jackson-annotations/2.9.9/jackson-annotations-2.9.9.jar:/home/user/.m2/repository/org/apache/hadoop/hadoop-hdds-common/0.5.0-SNAPSHOT/hadoop-hdds-common-0.5.0-SNAPSHOT.jar:/home/user/.m2/repository/javax/annotation/javax.annotation-api/1.2/javax.annotation-api-1.2.jar:/home/user/.m2/repository/org/apache/ratis/ratis-server/0.4.0/ratis-server-0.4.0.jar:/home/user/.m2/repository/org/apache/ratis/ratis-thirdparty-misc/0.2.0/ratis-thirdparty-misc-0.2.0.jar:/home/user/.m2/repository/org/apache/ratis/ratis-proto/0.4.0/ratis-proto-0.4.0.jar:/home/user/.m2/repository/org/apache/ratis/ratis-common/0.4.0/ratis-common-0.4.0.jar:/home/user/.m2/repository/org/apache/ratis/ratis-client/0.4.0/ratis-client-0.4.0.jar:/home/user/.m2/repository/org/apache/ratis/ratis-metrics/0.4.0/ratis-metrics-0.4.0.jar:/home/user/.m2/repository/com/github/joshelser/dropwizard-metrics-hadoop-metrics2-reporter/0.1.2/dropwizard-metrics-hadoop-metrics2-reporter-0.1.2.jar:/home/user/.m2/repository/io/dropwizard/metrics/metrics-jvm/3.2.5/metrics-jvm-3.2.5.jar:/home/user/.m2/repository/io/dropwizard/metrics/metrics-ganglia/3.2.5/metrics-ganglia-3.2.5.jar:/home/user/.m2/repository/info/ganglia/gmetric4j/gmetric4j/1.0.7/gmetric4j-1.0.7.jar:/home/user/.m2/repository/org/apache/ratis/ratis-netty/0.4.0/ratis-netty-0.4.0.jar:/home/user/.m2/repository/org/apache/ratis/ratis-grpc/0.4.0/ratis-grpc-0.4.0.jar:/home/user/.m2/repository/org/rocksdb/rocksdbjni/6.0.1/rocksdbjni-6.0.1.jar:/home/user/.m2/repository/org/apache/logging/log4j/log4j-api/2.11.0/log4j-api-2.11.0.jar:/home/user/.m2/repository/org/apache/logging/log4j/log4j-core/2.11.0/log4j-core-2.11.0.jar:/home/user/.m2/repository/com/lmax/disruptor/3.4.2/disruptor-3.4.2.jar:/home/user/.m2/repository/org/apache/commons/commons-pool2/2.6.0/commons-pool2-2.6.0.jar:/home/user/.m2/repository/org/bouncycastle/bcpkix-jdk15on/1.60/bcpkix-jdk15on-1.60.jar:/home/user/.m2/repository/commons-validator/commons-validator/1.6/commons-validator-1.6.jar:/home/user/.m2/repository/commons-digester/commons-digester/1.8.1/commons-digester-1.8.1.jar:/home/user/.m2/repository/io/jaegertracing/jaeger-client/0.34.0/jaeger-client-0.34.0.jar:/home/user/.m2/repository/io/jaegertracing/jaeger-thrift/0.34.0/jaeger-thrift-0.34.0.jar:/home/user/.m2/repository/org/apache/thrift/libthrift/0.12.0/libthrift-0.12.0.jar:/home/user/.m2/repository/com/squareup/okhttp3/okhttp/3.9.0/okhttp-3.9.0.jar:/home/user/.m2/repository/com/squareup/okio/okio/1.13.0/okio-1.13.0.jar:/home/user/.m2/repository/io/jaegertracing/jaeger-core/0.34.0/jaeger-core-0.34.0.jar:/home/user/.m2/repository/io/jaegertracing/jaeger-tracerresolver/0.34.0/jaeger-tracerresolver-0.34.0.jar:/home/user/.m2/repository/io/opentracing/contrib/opentracing-tracerresolver/0.1.5/opentracing-tracerresolver-0.1.5.jar:/home/user/.m2/repository/io/opentracing/opentracing-util/0.31.0/opentracing-util-0.31.0.jar:/home/user/.m2/repository/io/opentracing/opentracing-api/0.31.0/opentracing-api-0.31.0.jar:/home/user/.m2/repository/io/opentracing/opentracing-noop/0.31.0/opentracing-noop-0.31.0.jar:/home/user/.m2/repository/org/apache/hadoop/hadoop-hdds-server-framework/0.5.0-SNAPSHOT/hadoop-hdds-server-framework-0.5.0-SNAPSHOT.jar:/home/user/.m2/repository/org/apache/hadoop/hadoop-hdds-container-service/0.5.0-SNAPSHOT/hadoop-hdds-container-service-0.5.0-SNAPSHOT.jar:/home/user/.m2/repository/org/apache/hadoop/hadoop-hdds-client/0.5.0-SNAPSHOT/hadoop-hdds-client-0.5.0-SNAPSHOT.jar:/home/user/.m2/repository/org/apache/hadoop/hadoop-hdds-tools/0.5.0-SNAPSHOT/hadoop-hdds-tools-0.5.0-SNAPSHOT.jar:/home/user/.m2/repository/org/apache/hadoop/hadoop-hdds-server-scm/0.5.0-SNAPSHOT/hadoop-hdds-server-scm-0.5.0-SNAPSHOT.jar:/home/user/.m2/repository/org/apache/hadoop/hadoop-hdds-docs/0.5.0-SNAPSHOT/hadoop-hdds-docs-0.5.0-SNAPSHOT.jar:/home/user/.m2/repository/io/dropwizard/metrics/metrics-core/3.2.4/metrics-core-3.2.4.jar:/home/user/.m2/repository/org/hamcrest/hamcrest-all/1.3/hamcrest-all-1.3.jar:/home/user/.m2/repository/org/bouncycastle/bcprov-jdk15on/1.60/bcprov-jdk15on-1.60.jar:/home/user/.m2/repository/info/picocli/picocli/3.9.6/picocli-3.9.6.jar:/home/user/.m2/repository/com/google/protobuf/protobuf-java/2.5.0/protobuf-java-2.5.0.jar:/home/user/.m2/repository/com/google/guava/guava/11.0.2/guava-11.0.2.jar:/home/user/.m2/repository/org/apache/hadoop/hadoop-ozone-ozone-manager/0.5.0-SNAPSHOT/hadoop-ozone-ozone-manager-0.5.0-SNAPSHOT.jar:/home/user/.m2/repository/org/apache/hadoop/hadoop-minikdc/3.2.0/hadoop-minikdc-3.2.0.jar:/home/user/.m2/repository/commons-io/commons-io/2.5/commons-io-2.5.jar:/home/user/.m2/repository/org/apache/kerby/kerb-simplekdc/1.0.1/kerb-simplekdc-1.0.1.jar:/home/user/.m2/repository/org/apache/kerby/kerb-client/1.0.1/kerb-client-1.0.1.jar:/home/user/.m2/repository/org/apache/kerby/kerby-config/1.0.1/kerby-config-1.0.1.jar:/home/user/.m2/repository/org/apache/kerby/kerb-core/1.0.1/kerb-core-1.0.1.jar:/home/user/.m2/repository/org/apache/kerby/kerby-pkix/1.0.1/kerby-pkix-1.0.1.jar:/home/user/.m2/repository/org/apache/kerby/kerby-asn1/1.0.1/kerby-asn1-1.0.1.jar:/home/user/.m2/repository/org/apache/kerby/kerby-util/1.0.1/kerby-util-1.0.1.jar:/home/user/.m2/repository/org/apache/kerby/kerb-common/1.0.1/kerb-common-1.0.1.jar:/home/user/.m2/repository/org/apache/kerby/kerb-crypto/1.0.1/kerb-crypto-1.0.1.jar:/home/user/.m2/repository/org/apache/kerby/kerb-util/1.0.1/kerb-util-1.0.1.jar:/home/user/.m2/repository/org/apache/kerby/token-provider/1.0.1/token-provider-1.0.1.jar:/home/user/.m2/repository/org/apache/kerby/kerb-admin/1.0.1/kerb-admin-1.0.1.jar:/home/user/.m2/repository/org/apache/kerby/kerb-server/1.0.1/kerb-server-1.0.1.jar:/home/user/.m2/repository/org/apache/kerby/kerb-identity/1.0.1/kerb-identity-1.0.1.jar:/home/user/.m2/repository/org/apache/kerby/kerby-xdr/1.0.1/kerby-xdr-1.0.1.jar:/home/user/.m2/repository/org/slf4j/slf4j-log4j12/1.7.25/slf4j-log4j12-1.7.25.jar:/home/user/.m2/repository/org/apache/hadoop/hadoop-ozone-s3gateway/0.5.0-SNAPSHOT/hadoop-ozone-s3gateway-0.5.0-SNAPSHOT.jar:/home/user/.m2/repository/org/jboss/weld/servlet/weld-servlet/2.4.7.Final/weld-servlet-2.4.7.Final.jar:/home/user/.m2/repository/org/glassfish/jersey/containers/jersey-container-servlet-core/2.27/jersey-container-servlet-core-2.27.jar:/home/user/.m2/repository/org/glassfish/hk2/external/javax.inject/2.5.0-b42/javax.inject-2.5.0-b42.jar:/home/user/.m2/repository/org/glassfish/jersey/core/jersey-common/2.27/jersey-common-2.27.jar:/home/user/.m2/repository/org/glassfish/hk2/osgi-resource-locator/1.0.1/osgi-resource-locator-1.0.1.jar:/home/user/.m2/repository/javax/ws/rs/javax.ws.rs-api/2.1/javax.ws.rs-api-2.1.jar:/home/user/.m2/repository/org/glassfish/jersey/ext/cdi/jersey-cdi1x/2.27/jersey-cdi1x-2.27.jar:/home/user/.m2/repository/org/glassfish/jersey/inject/jersey-hk2/2.27/jersey-hk2-2.27.jar:/home/user/.m2/repository/org/glassfish/hk2/hk2-locator/2.5.0-b42/hk2-locator-2.5.0-b42.jar:/home/user/.m2/repository/org/javassist/javassist/3.22.0-CR2/javassist-3.22.0-CR2.jar:/home/user/.m2/repository/org/glassfish/hk2/hk2-api/2.5.0/hk2-api-2.5.0.jar:/home/user/.m2/repository/org/glassfish/hk2/external/jakarta.inject/2.5.0/jakarta.inject-2.5.0.jar:/home/user/.m2/repository/org/glassfish/hk2/hk2-utils/2.5.0/hk2-utils-2.5.0.jar:/home/user/.m2/repository/jakarta/annotation/jakarta.annotation-api/1.3.4/jakarta.annotation-api-1.3.4.jar:/home/user/.m2/repository/org/glassfish/hk2/external/aopalliance-repackaged/2.5.0/aopalliance-repackaged-2.5.0.jar:/home/user/.m2/repository/com/fasterxml/jackson/dataformat/jackson-dataformat-xml/2.9.0/jackson-dataformat-xml-2.9.0.jar:/home/user/.m2/repository/com/fasterxml/jackson/core/jackson-core/2.9.9/jackson-core-2.9.9.jar:/home/user/.m2/repository/com/fasterxml/jackson/module/jackson-module-jaxb-annotations/2.9.9/jackson-module-jaxb-annotations-2.9.9.jar:/home/user/.m2/repository/javax/enterprise/cdi-api/1.2/cdi-api-1.2.jar:/home/user/.m2/repository/javax/el/javax.el-api/3.0.0/javax.el-api-3.0.0.jar:/home/user/.m2/repository/javax/interceptor/javax.interceptor-api/1.2/javax.interceptor-api-1.2.jar:/home/user/.m2/repository/javax/inject/javax.inject/1/javax.inject-1.jar:/home/user/.m2/repository/com/sun/xml/bind/jaxb-impl/2.3.0.1/jaxb-impl-2.3.0.1.jar:/home/user/.m2/repository/com/sun/xml/bind/jaxb-core/2.3.0.1/jaxb-core-2.3.0.1.jar:/home/user/.m2/repository/javax/xml/bind/jaxb-api/2.3.0/jaxb-api-2.3.0.jar:/home/user/.m2/repository/javax/activation/activation/1.1.1/activation-1.1.1.jar:/home/user/.m2/repository/org/apache/hadoop/hadoop-ozone-csi/0.5.0-SNAPSHOT/hadoop-ozone-csi-0.5.0-SNAPSHOT.jar:/home/user/.m2/repository/com/google/protobuf/protobuf-java-util/3.5.1/protobuf-java-util-3.5.1.jar:/home/user/.m2/repository/org/apache/hadoop/hadoop-hdds-config/0.5.0-SNAPSHOT/hadoop-hdds-config-0.5.0-SNAPSHOT.jar:/home/user/.m2/repository/io/grpc/grpc-netty/1.17.1/grpc-netty-1.17.1.jar:/home/user/.m2/repository/io/grpc/grpc-core/1.17.1/grpc-core-1.17.1.jar:/home/user/.m2/repository/io/grpc/grpc-context/1.17.1/grpc-context-1.17.1.jar:/home/user/.m2/repository/com/google/errorprone/error_prone_annotations/2.2.0/error_prone_annotations-2.2.0.jar:/home/user/.m2/repository/org/codehaus/mojo/animal-sniffer-annotations/1.17/animal-sniffer-annotations-1.17.jar:/home/user/.m2/repository/io/opencensus/opencensus-api/0.17.0/opencensus-api-0.17.0.jar:/home/user/.m2/repository/io/opencensus/opencensus-contrib-grpc-metrics/0.17.0/opencensus-contrib-grpc-metrics-0.17.0.jar:/home/user/.m2/repository/io/netty/netty-codec-http2/4.1.30.Final/netty-codec-http2-4.1.30.Final.jar:/home/user/.m2/repository/io/netty/netty-codec-http/4.1.30.Final/netty-codec-http-4.1.30.Final.jar:/home/user/.m2/repository/io/netty/netty-codec/4.1.30.Final/netty-codec-4.1.30.Final.jar:/home/user/.m2/repository/io/netty/netty-handler/4.1.30.Final/netty-handler-4.1.30.Final.jar:/home/user/.m2/repository/io/netty/netty-handler-proxy/4.1.30.Final/netty-handler-proxy-4.1.30.Final.jar:/home/user/.m2/repository/io/netty/netty-codec-socks/4.1.30.Final/netty-codec-socks-4.1.30.Final.jar:/home/user/.m2/repository/io/netty/netty-transport-native-epoll/4.1.30.Final/netty-transport-native-epoll-4.1.30.Final.jar:/home/user/.m2/repository/io/netty/netty-common/4.1.30.Final/netty-common-4.1.30.Final.jar:/home/user/.m2/repository/io/netty/netty-buffer/4.1.30.Final/netty-buffer-4.1.30.Final.jar:/home/user/.m2/repository/io/netty/netty-transport/4.1.30.Final/netty-transport-4.1.30.Final.jar:/home/user/.m2/repository/io/netty/netty-resolver/4.1.30.Final/netty-resolver-4.1.30.Final.jar:/home/user/.m2/repository/io/netty/netty-transport-native-unix-common/4.1.30.Final/netty-transport-native-unix-common-4.1.30.Final.jar:/home/user/.m2/repository/io/grpc/grpc-protobuf/1.17.1/grpc-protobuf-1.17.1.jar:/home/user/.m2/repository/com/google/api/grpc/proto-google-common-protos/1.0.0/proto-google-common-protos-1.0.0.jar:/home/user/.m2/repository/io/grpc/grpc-protobuf-lite/1.17.1/grpc-protobuf-lite-1.17.1.jar:/home/user/.m2/repository/io/grpc/grpc-stub/1.17.1/grpc-stub-1.17.1.jar:/home/user/.m2/repository/org/apache/hadoop/hadoop-ozone-recon/0.5.0-SNAPSHOT/hadoop-ozone-recon-0.5.0-SNAPSHOT.jar:/home/user/.m2/repository/org/apache/hadoop/hadoop-ozone-reconcodegen/0.5.0-SNAPSHOT/hadoop-ozone-reconcodegen-0.5.0-SNAPSHOT.jar:/home/user/.m2/repository/com/google/inject/extensions/guice-multibindings/4.0/guice-multibindings-4.0.jar:/home/user/.m2/repository/com/google/inject/guice/4.0/guice-4.0.jar:/home/user/.m2/repository/aopalliance/aopalliance/1.0/aopalliance-1.0.jar:/home/user/.m2/repository/com/google/inject/extensions/guice-servlet/4.0/guice-servlet-4.0.jar:/home/user/.m2/repository/org/glassfish/jersey/containers/jersey-container-servlet/2.27/jersey-container-servlet-2.27.jar:/home/user/.m2/repository/org/glassfish/hk2/guice-bridge/2.5.0/guice-bridge-2.5.0.jar:/home/user/.m2/repository/org/glassfish/jersey/core/jersey-server/2.27/jersey-server-2.27.jar:/home/user/.m2/repository/org/glassfish/jersey/core/jersey-client/2.27/jersey-client-2.27.jar:/home/user/.m2/repository/org/glassfish/jersey/media/jersey-media-jaxb/2.27/jersey-media-jaxb-2.27.jar:/home/user/.m2/repository/javax/validation/validation-api/1.1.0.Final/validation-api-1.1.0.Final.jar:/home/user/.m2/repository/org/glassfish/jersey/media/jersey-media-json-jackson/2.27/jersey-media-json-jackson-2.27.jar:/home/user/.m2/repository/org/glassfish/jersey/ext/jersey-entity-filtering/2.27/jersey-entity-filtering-2.27.jar:/home/user/.m2/repository/com/google/inject/extensions/guice-assistedinject/4.0/guice-assistedinject-4.0.jar:/home/user/.m2/repository/org/jooq/jooq/3.11.10/jooq-3.11.10.jar:/home/user/.m2/repository/org/jooq/jooq-meta/3.11.10/jooq-meta-3.11.10.jar:/home/user/.m2/repository/org/jooq/jooq-codegen/3.11.10/jooq-codegen-3.11.10.jar:/home/user/.m2/repository/com/jolbox/bonecp/0.8.0.RELEASE/bonecp-0.8.0.RELEASE.jar:/home/user/.m2/repository/org/xerial/sqlite-jdbc/3.25.2/sqlite-jdbc-3.25.2.jar:/home/user/.m2/repository/org/springframework/spring-jdbc/5.1.3.RELEASE/spring-jdbc-5.1.3.RELEASE.jar:/home/user/.m2/repository/org/springframework/spring-beans/5.1.3.RELEASE/spring-beans-5.1.3.RELEASE.jar:/home/user/.m2/repository/org/springframework/spring-core/5.1.3.RELEASE/spring-core-5.1.3.RELEASE.jar:/home/user/.m2/repository/org/springframework/spring-jcl/5.1.3.RELEASE/spring-jcl-5.1.3.RELEASE.jar:/home/user/.m2/repository/org/springframework/spring-tx/5.1.3.RELEASE/spring-tx-5.1.3.RELEASE.jar:/home/user/.m2/repository/org/apache/hadoop/hadoop-ozone-client/0.5.0-SNAPSHOT/hadoop-ozone-client-0.5.0-SNAPSHOT.jar:/home/user/.m2/repository/commons-lang/commons-lang/2.6/commons-lang-2.6.jar:/home/user/.m2/repository/org/apache/hadoop/hadoop-ozone-ozone-manager/0.5.0-SNAPSHOT/hadoop-ozone-ozone-manager-0.5.0-SNAPSHOT-tests.jar:/home/user/.m2/repository/junit/junit/4.11/junit-4.11.jar:/home/user/.m2/repository/org/hamcrest/hamcrest-core/1.3/hamcrest-core-1.3.jar:/home/user/.m2/repository/org/openjdk/jmh/jmh-core/1.19/jmh-core-1.19.jar:/home/user/.m2/repository/net/sf/jopt-simple/jopt-simple/4.6/jopt-simple-4.6.jar:/home/user/.m2/repository/org/apache/commons/commons-math3/3.1.1/commons-math3-3.1.1.jar:/home/user/.m2/repository/org/openjdk/jmh/jmh-generator-annprocess/1.19/jmh-generator-annprocess-1.19.jar:/home/user/.m2/repository/org/mockito/mockito-all/1.8.5/mockito-all-1.8.5.jar:/home/user/.m2/repository/org/apache/hadoop/hadoop-kms/3.2.0/hadoop-kms-3.2.0.jar:/home/user/.m2/repository/org/apache/hadoop/hadoop-auth/3.2.0/hadoop-auth-3.2.0.jar:/home/user/.m2/repository/com/nimbusds/nimbus-jose-jwt/4.41.1/nimbus-jose-jwt-4.41.1.jar:/home/user/.m2/repository/com/github/stephenc/jcip/jcip-annotations/1.0-1/jcip-annotations-1.0-1.jar:/home/user/.m2/repository/net/minidev/json-smart/2.3/json-smart-2.3.jar:/home/user/.m2/repository/net/minidev/accessors-smart/1.2/accessors-smart-1.2.jar:/home/user/.m2/repository/org/ow2/asm/asm/5.0.4/asm-5.0.4.jar:/home/user/.m2/repository/org/apache/curator/curator-framework/2.12.0/curator-framework-2.12.0.jar:/home/user/.m2/repository/com/sun/jersey/jersey-core/1.19/jersey-core-1.19.jar:/home/user/.m2/repository/javax/ws/rs/jsr311-api/1.1.1/jsr311-api-1.1.1.jar:/home/user/.m2/repository/com/sun/jersey/jersey-server/1.19/jersey-server-1.19.jar:/home/user/.m2/repository/javax/servlet/javax.servlet-api/3.1.0/javax.servlet-api-3.1.0.jar:/home/user/.m2/repository/org/eclipse/jetty/jetty-server/9.3.25.v20180904/jetty-server-9.3.25.v20180904.jar:/home/user/.m2/repository/org/eclipse/jetty/jetty-http/9.3.25.v20180904/jetty-http-9.3.25.v20180904.jar:/home/user/.m2/repository/org/eclipse/jetty/jetty-io/9.3.25.v20180904/jetty-io-9.3.25.v20180904.jar:/home/user/.m2/repository/org/eclipse/jetty/jetty-webapp/9.3.25.v20180904/jetty-webapp-9.3.25.v20180904.jar:/home/user/.m2/repository/org/eclipse/jetty/jetty-xml/9.3.25.v20180904/jetty-xml-9.3.25.v20180904.jar:/home/user/.m2/repository/log4j/log4j/1.2.17/log4j-1.2.17.jar:/home/user/.m2/repository/org/slf4j/slf4j-api/1.7.25/slf4j-api-1.7.25.jar:/home/user/.m2/repository/org/slf4j/jul-to-slf4j/1.7.25/jul-to-slf4j-1.7.25.jar:/home/user/.m2/repository/org/eclipse/jetty/jetty-util/9.3.25.v20180904/jetty-util-9.3.25.v20180904.jar:/home/user/.m2/repository/com/fasterxml/jackson/core/jackson-databind/2.9.9/jackson-databind-2.9.9.jar:/home/user/.m2/repository/org/apache/hadoop/hadoop-kms/3.2.0/hadoop-kms-3.2.0-tests.jar:/home/user/.m2/repository/org/apache/hadoop/hadoop-hdds-server-scm/0.5.0-SNAPSHOT/hadoop-hdds-server-scm-0.5.0-SNAPSHOT-tests.jar:/home/user/.m2/repository/org/apache/hadoop/hadoop-hdds-container-service/0.5.0-SNAPSHOT/hadoop-hdds-container-service-0.5.0-SNAPSHOT-tests.jar:/home/user/.m2/repository/org/yaml/snakeyaml/1.16/snakeyaml-1.16.jar:/home/user/.m2/repository/org/apache/hadoop/hadoop-common/3.2.0/hadoop-common-3.2.0-tests.jar:/home/user/.m2/repository/org/apache/hadoop/hadoop-annotations/3.2.0/hadoop-annotations-3.2.0.jar:/usr/lib/jvm/java-1.8-openjdk/jre/../lib/tools.jar:/home/user/.m2/repository/commons-cli/commons-cli/1.2/commons-cli-1.2.jar:/home/user/.m2/repository/org/apache/httpcomponents/httpclient/4.5.2/httpclient-4.5.2.jar:/home/user/.m2/repository/org/apache/httpcomponents/httpcore/4.4.4/httpcore-4.4.4.jar:/home/user/.m2/repository/commons-codec/commons-codec/1.11/commons-codec-1.11.jar:/home/user/.m2/repository/commons-net/commons-net/3.6/commons-net-3.6.jar:/home/user/.m2/repository/commons-collections/commons-collections/3.2.2/commons-collections-3.2.2.jar:/home/user/.m2/repository/org/eclipse/jetty/jetty-servlet/9.3.25.v20180904/jetty-servlet-9.3.25.v20180904.jar:/home/user/.m2/repository/org/eclipse/jetty/jetty-security/9.3.25.v20180904/jetty-security-9.3.25.v20180904.jar:/home/user/.m2/repository/javax/servlet/jsp/jsp-api/2.1/jsp-api-2.1.jar:/home/user/.m2/repository/com/sun/jersey/jersey-servlet/1.19/jersey-servlet-1.19.jar:/home/user/.m2/repository/com/sun/jersey/jersey-json/1.19/jersey-json-1.19.jar:/home/user/.m2/repository/org/codehaus/jettison/jettison/1.1/jettison-1.1.jar:/home/user/.m2/repository/org/codehaus/jackson/jackson-core-asl/1.9.13/jackson-core-asl-1.9.13.jar:/home/user/.m2/repository/org/codehaus/jackson/jackson-mapper-asl/1.9.13/jackson-mapper-asl-1.9.13.jar:/home/user/.m2/repository/org/codehaus/jackson/jackson-jaxrs/1.9.13/jackson-jaxrs-1.9.13.jar:/home/user/.m2/repository/org/codehaus/jackson/jackson-xc/1.9.13/jackson-xc-1.9.13.jar:/home/user/.m2/repository/commons-logging/commons-logging/1.1.3/commons-logging-1.1.3.jar:/home/user/.m2/repository/commons-beanutils/commons-beanutils/1.9.4/commons-beanutils-1.9.4.jar:/home/user/.m2/repository/org/apache/commons/commons-configuration2/2.1.1/commons-configuration2-2.1.1.jar:/home/user/.m2/repository/org/apache/commons/commons-lang3/3.7/commons-lang3-3.7.jar:/home/user/.m2/repository/org/apache/commons/commons-text/1.4/commons-text-1.4.jar:/home/user/.m2/repository/org/apache/avro/avro/1.7.7/avro-1.7.7.jar:/home/user/.m2/repository/com/thoughtworks/paranamer/paranamer/2.3/paranamer-2.3.jar:/home/user/.m2/repository/org/xerial/snappy/snappy-java/1.0.5/snappy-java-1.0.5.jar:/home/user/.m2/repository/com/google/re2j/re2j/1.1/re2j-1.1.jar:/home/user/.m2/repository/com/google/code/gson/gson/2.2.4/gson-2.2.4.jar:/home/user/.m2/repository/com/jcraft/jsch/0.1.54/jsch-0.1.54.jar:/home/user/.m2/repository/org/apache/curator/curator-client/2.12.0/curator-client-2.12.0.jar:/home/user/.m2/repository/org/apache/curator/curator-recipes/2.12.0/curator-recipes-2.12.0.jar:/home/user/.m2/repository/com/google/code/findbugs/jsr305/3.0.0/jsr305-3.0.0.jar:/home/user/.m2/repository/org/apache/htrace/htrace-core4/4.1.0-incubating/htrace-core4-4.1.0-incubating.jar:/home/user/.m2/repository/org/apache/zookeeper/zookeeper/3.4.13/zookeeper-3.4.13.jar:/home/user/.m2/repository/jline/jline/0.9.94/jline-0.9.94.jar:/home/user/.m2/repository/org/apache/yetus/audience-annotations/0.5.0/audience-annotations-0.5.0.jar:/home/user/.m2/repository/org/codehaus/woodstox/stax2-api/3.1.4/stax2-api-3.1.4.jar:/home/user/.m2/repository/com/fasterxml/woodstox/woodstox-core/5.0.3/woodstox-core-5.0.3.jar:/home/user/.m2/repository/dnsjava/dnsjava/2.1.7/dnsjava-2.1.7.jar:/home/user/.m2/repository/org/apache/hadoop/hadoop-hdfs/3.2.0/hadoop-hdfs-3.2.0-tests.jar:/home/user/.m2/repository/org/eclipse/jetty/jetty-util-ajax/9.3.25.v20180904/jetty-util-ajax-9.3.25.v20180904.jar:/home/user/.m2/repository/commons-daemon/commons-daemon/1.0.13/commons-daemon-1.0.13.jar:/home/user/.m2/repository/io/netty/netty/3.10.5.Final/netty-3.10.5.Final.jar:/home/user/.m2/repository/io/netty/netty-all/4.0.52.Final/netty-all-4.0.52.Final.jar:/home/user/.m2/repository/org/fusesource/leveldbjni/leveldbjni-all/1.8/leveldbjni-all-1.8.jar:"/>
    <property name="sun.cpu.endian" value="little"/>
    <property name="user.home" value="/home/user"/>
    <property name="user.language" value="en"/>
    <property name="java.specification.vendor" value="Oracle Corporation"/>
    <property name="java.home" value="/usr/lib/jvm/java-1.8-openjdk/jre"/>
    <property name="java.security.krb5.conf" value="/workdir/hadoop-ozone/integration-test/target/test-classes/krb5.conf"/>
    <property name="basedir" value="/workdir/hadoop-ozone/integration-test"/>
    <property name="file.separator" value="/"/>
    <property name="line.separator" value="&#10;"/>
    <property name="java.vm.specification.vendor" value="Oracle Corporation"/>
    <property name="java.specification.name" value="Java Platform API Specification"/>
    <property name="java.awt.graphicsenv" value="sun.awt.X11GraphicsEnvironment"/>
    <property name="surefire.real.class.path" value="/workdir/hadoop-ozone/integration-test/target/surefire/surefirebooter6365740476141079428.jar"/>
    <property name="hadoop.log.dir" value="/workdir/hadoop-ozone/integration-test/target/log"/>
    <property name="sun.boot.class.path" value="/usr/lib/jvm/java-1.8-openjdk/jre/lib/resources.jar:/usr/lib/jvm/java-1.8-openjdk/jre/lib/rt.jar:/usr/lib/jvm/java-1.8-openjdk/jre/lib/sunrsasign.jar:/usr/lib/jvm/java-1.8-openjdk/jre/lib/jsse.jar:/usr/lib/jvm/java-1.8-openjdk/jre/lib/jce.jar:/usr/lib/jvm/java-1.8-openjdk/jre/lib/charsets.jar:/usr/lib/jvm/java-1.8-openjdk/jre/lib/jfr.jar:/usr/lib/jvm/java-1.8-openjdk/jre/classes"/>
    <property name="sun.management.compiler" value="HotSpot 64-Bit Tiered Compilers"/>
    <property name="java.runtime.version" value="1.8.0_212-b04"/>
    <property name="java.net.preferIPv4Stack" value="true"/>
    <property name="user.name" value="jenkins1000"/>
    <property name="path.separator" value=":"/>
    <property name="java.security.egd" value="file:///dev/urandom"/>
    <property name="os.version" value="3.10.0-957.12.2.el7.x86_64"/>
    <property name="java.endorsed.dirs" value="/usr/lib/jvm/java-1.8-openjdk/jre/lib/endorsed"/>
    <property name="java.runtime.name" value="OpenJDK Runtime Environment"/>
    <property name="file.encoding" value="UTF-8"/>
    <property name="java.vm.name" value="OpenJDK 64-Bit Server VM"/>
    <property name="test.build.webapps" value=""/>
    <property name="localRepository" value="/home/user/.m2/repository"/>
    <property name="java.vendor.url.bug" value="https://icedtea.classpath.org/bugzilla"/>
    <property name="java.io.tmpdir" value="/tmp"/>
    <property name="require.test.libhadoop" value=""/>
    <property name="java.version" value="1.8.0_212"/>
    <property name="user.dir" value="/workdir/hadoop-ozone/integration-test"/>
    <property name="os.arch" value="amd64"/>
    <property name="java.vm.specification.name" value="Java Virtual Machine Specification"/>
    <property name="test.build.classes" value="/workdir/hadoop-ozone/integration-test/target/test-classes"/>
    <property name="java.awt.printerjob" value="sun.print.PSPrinterJob"/>
    <property name="sun.os.patch.level" value="unknown"/>
    <property name="hadoop.tmp.dir" value="/workdir/hadoop-ozone/integration-test/target/tmp"/>
    <property name="java.library.path" value="/usr/lib/jvm/java-1.8-openjdk/jre/lib/amd64/server:/usr/lib/jvm/java-1.8-openjdk/jre/lib/amd64:/usr/lib/jvm/java-1.8-openjdk/jre/../lib/amd64:/workdir/hadoop-ozone/integration-test/target/native/target/usr/local/lib:/workdir/hadoop-ozone/integration-test/../../hadoop-common-project/hadoop-common/target/native/target/usr/local/lib:/usr/java/packages/lib/amd64:/usr/lib64:/lib64:/lib:/usr/lib"/>
    <property name="java.vm.info" value="mixed mode"/>
    <property name="java.vendor" value="IcedTea"/>
    <property name="java.vm.version" value="25.212-b04"/>
    <property name="java.ext.dirs" value="/usr/lib/jvm/java-1.8-openjdk/jre/lib/ext:/usr/java/packages/lib/ext"/>
    <property name="sun.io.unicode.encoding" value="UnicodeLittle"/>
    <property name="java.class.version" value="52.0"/>
  </properties>
  <testcase name="testWatchForCommitWithKeyWrite" classname="org.apache.hadoop.ozone.client.rpc.TestWatchForCommit" time="57.778"/>
  <testcase name="testWatchForCommitWithSmallerTimeoutValue" classname="org.apache.hadoop.ozone.client.rpc.TestWatchForCommit" time="48.212"/>
  <testcase name="testWatchForCommitForRetryfailure" classname="org.apache.hadoop.ozone.client.rpc.TestWatchForCommit" time="74"/>
  <testcase name="testWatchForCommitForGroupMismatchException" classname="org.apache.hadoop.ozone.client.rpc.TestWatchForCommit" time="37.53"/>
  <testcase name="test2WayCommitForTimeoutException" classname="org.apache.hadoop.ozone.client.rpc.TestWatchForCommit" time="31.942">
    <error message="org.apache.ratis.protocol.RaftRetryFailureException: Failed RaftClientRequest:client-E8295C866ACF-&gt;0d4eb867-2999-4d6c-a0c0-a2f8240d349b@group-42A91FB4AE3B, cid=103, seq=2*, RW, org.apache.hadoop.hdds.scm.XceiverClientRatis$$Lambda$584/848644304@58bcde5f for 20 attempts with RetryLimited(maxAttempts=20, sleepTime=1000ms)" type="java.util.concurrent.ExecutionException">java.util.concurrent.ExecutionException: org.apache.ratis.protocol.RaftRetryFailureException: Failed RaftClientRequest:client-E8295C866ACF->0d4eb867-2999-4d6c-a0c0-a2f8240d349b@group-42A91FB4AE3B, cid=103, seq=2*, RW, org.apache.hadoop.hdds.scm.XceiverClientRatis$$Lambda$584/848644304@58bcde5f for 20 attempts with RetryLimited(maxAttempts=20, sleepTime=1000ms)
	at java.util.concurrent.CompletableFuture.reportGet(CompletableFuture.java:357)
	at java.util.concurrent.CompletableFuture.get(CompletableFuture.java:1895)
	at org.apache.hadoop.ozone.client.rpc.TestWatchForCommit.test2WayCommitForTimeoutException(TestWatchForCommit.java:390)
	at sun.reflect.NativeMethodAccessorImpl.invoke0(Native Method)
	at sun.reflect.NativeMethodAccessorImpl.invoke(NativeMethodAccessorImpl.java:62)
	at sun.reflect.DelegatingMethodAccessorImpl.invoke(DelegatingMethodAccessorImpl.java:43)
	at java.lang.reflect.Method.invoke(Method.java:498)
	at org.junit.runners.model.FrameworkMethod$1.runReflectiveCall(FrameworkMethod.java:47)
	at org.junit.internal.runners.model.ReflectiveCallable.run(ReflectiveCallable.java:12)
	at org.junit.runners.model.FrameworkMethod.invokeExplosively(FrameworkMethod.java:44)
	at org.junit.internal.runners.statements.InvokeMethod.evaluate(InvokeMethod.java:17)
	at org.junit.runners.ParentRunner.runLeaf(ParentRunner.java:271)
	at org.junit.runners.BlockJUnit4ClassRunner.runChild(BlockJUnit4ClassRunner.java:70)
	at org.junit.runners.BlockJUnit4ClassRunner.runChild(BlockJUnit4ClassRunner.java:50)
	at org.junit.runners.ParentRunner$3.run(ParentRunner.java:238)
	at org.junit.runners.ParentRunner$1.schedule(ParentRunner.java:63)
	at org.junit.runners.ParentRunner.runChildren(ParentRunner.java:236)
	at org.junit.runners.ParentRunner.access$000(ParentRunner.java:53)
	at org.junit.runners.ParentRunner$2.evaluate(ParentRunner.java:229)
	at org.junit.runners.ParentRunner.run(ParentRunner.java:309)
	at org.apache.maven.surefire.junit4.JUnit4Provider.execute(JUnit4Provider.java:365)
	at org.apache.maven.surefire.junit4.JUnit4Provider.executeWithRerun(JUnit4Provider.java:273)
	at org.apache.maven.surefire.junit4.JUnit4Provider.executeTestSet(JUnit4Provider.java:238)
	at org.apache.maven.surefire.junit4.JUnit4Provider.invoke(JUnit4Provider.java:159)
	at org.apache.maven.surefire.booter.ForkedBooter.invokeProviderInSameClassLoader(ForkedBooter.java:384)
	at org.apache.maven.surefire.booter.ForkedBooter.runSuitesInProcess(ForkedBooter.java:345)
	at org.apache.maven.surefire.booter.ForkedBooter.execute(ForkedBooter.java:126)
	at org.apache.maven.surefire.booter.ForkedBooter.main(ForkedBooter.java:418)
Caused by: org.apache.ratis.protocol.RaftRetryFailureException: Failed RaftClientRequest:client-E8295C866ACF->0d4eb867-2999-4d6c-a0c0-a2f8240d349b@group-42A91FB4AE3B, cid=103, seq=2*, RW, org.apache.hadoop.hdds.scm.XceiverClientRatis$$Lambda$584/848644304@58bcde5f for 20 attempts with RetryLimited(maxAttempts=20, sleepTime=1000ms)
	at org.apache.ratis.client.impl.RaftClientImpl.noMoreRetries(RaftClientImpl.java:271)
	at org.apache.ratis.client.impl.OrderedAsync.handleAsyncRetryFailure(OrderedAsync.java:138)
	at org.apache.ratis.client.impl.OrderedAsync.lambda$sendRequest$10(OrderedAsync.java:230)
	at java.util.concurrent.CompletableFuture.uniExceptionally(CompletableFuture.java:870)
	at java.util.concurrent.CompletableFuture$UniExceptionally.tryFire(CompletableFuture.java:852)
	at java.util.concurrent.CompletableFuture.postComplete(CompletableFuture.java:474)
	at java.util.concurrent.CompletableFuture.completeExceptionally(CompletableFuture.java:1977)
	at org.apache.ratis.grpc.client.GrpcClientProtocolClient$AsyncStreamObservers.completeReplyExceptionally(GrpcClientProtocolClient.java:339)
	at org.apache.ratis.grpc.client.GrpcClientProtocolClient$AsyncStreamObservers.access$000(GrpcClientProtocolClient.java:255)
	at org.apache.ratis.grpc.client.GrpcClientProtocolClient$AsyncStreamObservers$1.onNext(GrpcClientProtocolClient.java:267)
	at org.apache.ratis.grpc.client.GrpcClientProtocolClient$AsyncStreamObservers$1.onNext(GrpcClientProtocolClient.java:258)
	at org.apache.ratis.thirdparty.io.grpc.stub.ClientCalls$StreamObserverToCallListenerAdapter.onMessage(ClientCalls.java:421)
	at org.apache.ratis.thirdparty.io.grpc.ForwardingClientCallListener.onMessage(ForwardingClientCallListener.java:33)
	at org.apache.ratis.thirdparty.io.grpc.ForwardingClientCallListener.onMessage(ForwardingClientCallListener.java:33)
	at org.apache.ratis.thirdparty.io.grpc.internal.ClientCallImpl$ClientStreamListenerImpl$1MessagesAvailable.runInContext(ClientCallImpl.java:519)
	at org.apache.ratis.thirdparty.io.grpc.internal.ContextRunnable.run(ContextRunnable.java:37)
	at org.apache.ratis.thirdparty.io.grpc.internal.SerializingExecutor.run(SerializingExecutor.java:123)
	at java.util.concurrent.ThreadPoolExecutor.runWorker(ThreadPoolExecutor.java:1149)
	at java.util.concurrent.ThreadPoolExecutor$Worker.run(ThreadPoolExecutor.java:624)
	at java.lang.Thread.run(Thread.java:748)
Caused by: org.apache.ratis.protocol.NotLeaderException: Server 0d4eb867-2999-4d6c-a0c0-a2f8240d349b@group-42A91FB4AE3B is not the leader
	at org.apache.ratis.client.impl.ClientProtoUtils.toRaftClientReply(ClientProtoUtils.java:243)
	at org.apache.ratis.grpc.client.GrpcClientProtocolClient$AsyncStreamObservers$1.onNext(GrpcClientProtocolClient.java:263)
	... 10 more
</error>
    <system-out><![CDATA[2019-10-01 15:51:36,230 [main] WARN  server.ServerUtils (ServerUtils.java:getScmDbDir(145)) - ozone.scm.db.dirs is not configured. We recommend adding this setting. Falling back to ozone.metadata.dirs instead.
2019-10-01 15:51:38,047 [main] WARN  server.ServerUtils (ServerUtils.java:getScmDbDir(145)) - ozone.scm.db.dirs is not configured. We recommend adding this setting. Falling back to ozone.metadata.dirs instead.
2019-10-01 15:51:38,048 [main] WARN  server.ServerUtils (ServerUtils.java:getScmDbDir(145)) - ozone.scm.db.dirs is not configured. We recommend adding this setting. Falling back to ozone.metadata.dirs instead.
2019-10-01 15:51:38,048 [main] INFO  db.DBStoreBuilder (DBStoreBuilder.java:addTable(110)) - using custom profile for table: deletedBlocks
2019-10-01 15:51:38,048 [main] INFO  db.DBStoreBuilder (DBStoreBuilder.java:processTables(161)) - Using default column profile:DBProfile.DISK for Table:deletedBlocks
2019-10-01 15:51:38,049 [main] INFO  db.DBStoreBuilder (DBStoreBuilder.java:addTable(110)) - using custom profile for table: validCerts
2019-10-01 15:51:38,049 [main] INFO  db.DBStoreBuilder (DBStoreBuilder.java:processTables(161)) - Using default column profile:DBProfile.DISK for Table:validCerts
2019-10-01 15:51:38,049 [main] INFO  db.DBStoreBuilder (DBStoreBuilder.java:addTable(110)) - using custom profile for table: revokedCerts
2019-10-01 15:51:38,049 [main] INFO  db.DBStoreBuilder (DBStoreBuilder.java:processTables(161)) - Using default column profile:DBProfile.DISK for Table:revokedCerts
2019-10-01 15:51:38,050 [main] INFO  db.DBStoreBuilder (DBStoreBuilder.java:addTable(110)) - using custom profile for table: default
2019-10-01 15:51:38,050 [main] INFO  db.DBStoreBuilder (DBStoreBuilder.java:processTables(167)) - Using default column profile:DBProfile.DISK for Table:default
2019-10-01 15:51:38,050 [main] INFO  db.DBStoreBuilder (DBStoreBuilder.java:getDbProfile(198)) - Using default options. DBProfile.DISK
2019-10-01 15:51:39,182 [main] INFO  net.NodeSchemaLoader (NodeSchemaLoader.java:loadSchemaFromFile(125)) - Loading file from sun.misc.CompoundEnumeration@19f02280
2019-10-01 15:51:39,182 [main] INFO  net.NodeSchemaLoader (NodeSchemaLoader.java:loadSchema(171)) - Loading network topology layer schema file
2019-10-01 15:51:39,186 [main] WARN  server.ServerUtils (ServerUtils.java:sanitizeUserArgs(70)) - ozone.scm.stale.node.interval value = 300000 is larger than max = 100000 based on the key value of ozone.scm.heartbeat.thread.interval, reset to the max value 100000.
2019-10-01 15:51:39,187 [main] WARN  server.ServerUtils (ServerUtils.java:sanitizeUserArgs(70)) - ozone.scm.stale.node.interval value = 300000 is larger than max = 100000 based on the key value of ozone.scm.heartbeat.thread.interval, reset to the max value 100000.
2019-10-01 15:51:39,187 [main] INFO  node.SCMNodeManager (SCMNodeManager.java:<init>(114)) - Entering startup safe mode.
2019-10-01 15:51:39,188 [main] INFO  algorithms.ContainerPlacementPolicyFactory (ContainerPlacementPolicyFactory.java:getPolicy(57)) - Create container placement policy of type org.apache.hadoop.hdds.scm.container.placement.algorithms.SCMContainerPlacementRandom
2019-10-01 15:51:39,188 [main] WARN  server.ServerUtils (ServerUtils.java:getScmDbDir(145)) - ozone.scm.db.dirs is not configured. We recommend adding this setting. Falling back to ozone.metadata.dirs instead.
2019-10-01 15:51:39,231 [main] INFO  pipeline.SCMPipelineManager (SCMPipelineManager.java:initializePipelineState(132)) - No pipeline exists in current db
2019-10-01 15:51:39,231 [main] WARN  server.ServerUtils (ServerUtils.java:getScmDbDir(145)) - ozone.scm.db.dirs is not configured. We recommend adding this setting. Falling back to ozone.metadata.dirs instead.
2019-10-01 15:51:39,281 [main] WARN  events.EventQueue (EventQueue.java:fireEvent(183)) - No event handler registered for event TypedEvent{payloadType=SafeModeStatus, name='SafeModeStatus'}
2019-10-01 15:51:39,282 [main] INFO  ipc.CallQueueManager (CallQueueManager.java:<init>(84)) - Using callQueue: class java.util.concurrent.LinkedBlockingQueue, queueCapacity: 2000, scheduler: class org.apache.hadoop.ipc.DefaultRpcScheduler, ipcBackoff: false.
2019-10-01 15:51:39,282 [Socket Reader #1 for port 34479] INFO  ipc.Server (Server.java:run(1074)) - Starting Socket Reader #1 for port 34479
2019-10-01 15:51:39,284 [main] INFO  ipc.CallQueueManager (CallQueueManager.java:<init>(84)) - Using callQueue: class java.util.concurrent.LinkedBlockingQueue, queueCapacity: 2000, scheduler: class org.apache.hadoop.ipc.DefaultRpcScheduler, ipcBackoff: false.
2019-10-01 15:51:39,285 [Socket Reader #1 for port 39187] INFO  ipc.Server (Server.java:run(1074)) - Starting Socket Reader #1 for port 39187
2019-10-01 15:51:39,287 [main] INFO  ipc.CallQueueManager (CallQueueManager.java:<init>(84)) - Using callQueue: class java.util.concurrent.LinkedBlockingQueue, queueCapacity: 2000, scheduler: class org.apache.hadoop.ipc.DefaultRpcScheduler, ipcBackoff: false.
2019-10-01 15:51:39,288 [Socket Reader #1 for port 45203] INFO  ipc.Server (Server.java:run(1074)) - Starting Socket Reader #1 for port 45203
2019-10-01 15:51:39,290 [main] INFO  hdfs.DFSUtil (DFSUtil.java:httpServerTemplateForNNAndJN(1641)) - Starting Web-server for scm at: http://0.0.0.0:0
2019-10-01 15:51:39,292 [main] INFO  server.AuthenticationFilter (AuthenticationFilter.java:constructSecretProvider(240)) - Unable to initialize FileSignerSecretProvider, falling back to use random secrets.
2019-10-01 15:51:39,293 [main] WARN  http.HttpRequestLog (HttpRequestLog.java:getRequestLog(97)) - Jetty request log can only be enabled using Log4j
2019-10-01 15:51:39,295 [main] INFO  http.HttpServer2 (HttpServer2.java:addGlobalFilter(975)) - Added global filter 'safety' (class=org.apache.hadoop.http.HttpServer2$QuotingInputFilter)
2019-10-01 15:51:39,296 [main] INFO  http.HttpServer2 (HttpServer2.java:addFilter(948)) - Added filter static_user_filter (class=org.apache.hadoop.http.lib.StaticUserWebFilter$StaticUserFilter) to context scm
2019-10-01 15:51:39,296 [main] INFO  http.HttpServer2 (HttpServer2.java:addFilter(958)) - Added filter static_user_filter (class=org.apache.hadoop.http.lib.StaticUserWebFilter$StaticUserFilter) to context static
2019-10-01 15:51:39,296 [main] INFO  http.HttpServer2 (HttpServer2.java:addFilter(958)) - Added filter static_user_filter (class=org.apache.hadoop.http.lib.StaticUserWebFilter$StaticUserFilter) to context logs
2019-10-01 15:51:39,298 [main] INFO  server.StorageContainerManager (StorageContainerManager.java:start(770)) - StorageContainerLocationProtocol RPC server is listening at /0.0.0.0:45203
2019-10-01 15:51:39,301 [main] WARN  impl.MetricsConfig (MetricsConfig.java:loadFirst(134)) - Cannot locate configuration: tried hadoop-metrics2-storagecontainermanager.properties,hadoop-metrics2.properties
2019-10-01 15:51:39,302 [main] INFO  impl.MetricsSystemImpl (MetricsSystemImpl.java:startTimer(374)) - Scheduled Metric snapshot period at 10 second(s).
2019-10-01 15:51:39,302 [main] INFO  impl.MetricsSystemImpl (MetricsSystemImpl.java:start(191)) - StorageContainerManager metrics system started
2019-10-01 15:51:39,368 [main] WARN  impl.MetricsSystemImpl (MetricsSystemImpl.java:register(276)) - Sink prometheus already exists!
2019-10-01 15:51:39,447 [main] INFO  server.SCMClientProtocolServer (SCMClientProtocolServer.java:start(150)) - RPC server for Client  is listening at /0.0.0.0:45203
2019-10-01 15:51:39,447 [IPC Server Responder] INFO  ipc.Server (Server.java:run(1314)) - IPC Server Responder: starting
2019-10-01 15:51:39,448 [IPC Server listener on 45203] INFO  ipc.Server (Server.java:run(1153)) - IPC Server listener on 45203: starting
2019-10-01 15:51:39,451 [main] INFO  server.StorageContainerManager (StorageContainerManager.java:start(780)) - ScmBlockLocationProtocol RPC server is listening at /0.0.0.0:39187
2019-10-01 15:51:39,451 [main] INFO  server.SCMBlockProtocolServer (SCMBlockProtocolServer.java:start(146)) - RPC server for Block Protocol is listening at /0.0.0.0:39187
2019-10-01 15:51:39,451 [IPC Server Responder] INFO  ipc.Server (Server.java:run(1314)) - IPC Server Responder: starting
2019-10-01 15:51:39,452 [IPC Server listener on 39187] INFO  ipc.Server (Server.java:run(1153)) - IPC Server listener on 39187: starting
2019-10-01 15:51:39,454 [main] INFO  server.StorageContainerManager (StorageContainerManager.java:start(784)) - ScmDatanodeProtocl RPC server is listening at /0.0.0.0:34479
2019-10-01 15:51:39,454 [main] INFO  server.SCMDatanodeProtocolServer (SCMDatanodeProtocolServer.java:start(191)) - RPC server for DataNodes is listening at /0.0.0.0:34479
2019-10-01 15:51:39,455 [IPC Server Responder] INFO  ipc.Server (Server.java:run(1314)) - IPC Server Responder: starting
2019-10-01 15:51:39,456 [IPC Server listener on 34479] INFO  ipc.Server (Server.java:run(1153)) - IPC Server listener on 34479: starting
2019-10-01 15:51:39,460 [main] INFO  http.HttpServer2 (HttpServer2.java:bindListener(1191)) - Jetty bound to port 42058
2019-10-01 15:51:39,460 [main] INFO  server.Server (Server.java:doStart(351)) - jetty-9.3.25.v20180904, build timestamp: 2018-09-04T21:11:46Z, git hash: 3ce520221d0240229c862b122d2b06c12a625732
2019-10-01 15:51:39,462 [main] INFO  handler.ContextHandler (ContextHandler.java:doStart(781)) - Started o.e.j.s.ServletContextHandler@32507479{/logs,file:///workdir/hadoop-ozone/integration-test/target/log,AVAILABLE}
2019-10-01 15:51:39,462 [main] INFO  handler.ContextHandler (ContextHandler.java:doStart(781)) - Started o.e.j.s.ServletContextHandler@4ae2e781{/static,file:///workdir/hadoop-ozone/integration-test/target/test-classes/webapps/static,AVAILABLE}
2019-10-01 15:51:39,466 [main] INFO  handler.ContextHandler (ContextHandler.java:doStart(781)) - Started o.e.j.w.WebAppContext@74ba6ff5{/,file:///workdir/hadoop-ozone/integration-test/target/test-classes/webapps/scm/,AVAILABLE}{/scm}
2019-10-01 15:51:39,466 [main] INFO  server.AbstractConnector (AbstractConnector.java:doStart(278)) - Started ServerConnector@395f52ed{HTTP/1.1,[http/1.1]}{0.0.0.0:42058}
2019-10-01 15:51:39,467 [main] INFO  server.Server (Server.java:doStart(419)) - Started @221178ms
2019-10-01 15:51:39,467 [main] WARN  impl.MetricsSystemImpl (MetricsSystemImpl.java:register(276)) - Sink prometheus already exists!
2019-10-01 15:51:39,468 [main] INFO  server.BaseHttpServer (BaseHttpServer.java:updateConnectorAddress(215)) - HTTP server of SCM is listening at http://0.0.0.0:42058
2019-10-01 15:51:39,468 [main] WARN  server.ServerUtils (ServerUtils.java:getDBPath(222)) - ozone.om.db.dirs is not configured. We recommend adding this setting. Falling back to ozone.metadata.dirs instead.
2019-10-01 15:51:39,469 [org.apache.hadoop.util.JvmPauseMonitor$Monitor@102c18e] INFO  util.JvmPauseMonitor (JvmPauseMonitor.java:run(188)) - Starting JVM pause monitor
2019-10-01 15:51:39,475 [main] WARN  server.ServerUtils (ServerUtils.java:getDBPath(222)) - ozone.om.db.dirs is not configured. We recommend adding this setting. Falling back to ozone.metadata.dirs instead.
2019-10-01 15:51:39,475 [main] WARN  server.ServerUtils (ServerUtils.java:getDBPath(222)) - ozone.om.db.dirs is not configured. We recommend adding this setting. Falling back to ozone.metadata.dirs instead.
2019-10-01 15:51:39,476 [main] INFO  om.OzoneManager (OzoneManager.java:setOMNodeDetails(652)) - OM Service ID is not set. Setting it to the default ID: omServiceIdDefault
2019-10-01 15:51:39,476 [main] INFO  om.OzoneManager (OzoneManager.java:setOMNodeDetails(658)) - OM Node ID is not set. Setting it to the OmStorage's OmID: 17f85133-909b-421c-bb10-c9fc3909596b
2019-10-01 15:51:39,476 [main] INFO  om.OzoneManager (OzoneManager.java:loadOMHAConfigs(609)) - Found matching OM address with OMServiceId: null, OMNodeId: null, RPC Address: localhost:0 and Ratis port: 9872
2019-10-01 15:51:39,483 [main] WARN  server.ServerUtils (ServerUtils.java:getDBPath(222)) - ozone.om.db.dirs is not configured. We recommend adding this setting. Falling back to ozone.metadata.dirs instead.
2019-10-01 15:51:39,483 [main] INFO  db.DBStoreBuilder (DBStoreBuilder.java:addTable(110)) - using custom profile for table: userTable
2019-10-01 15:51:39,483 [main] INFO  db.DBStoreBuilder (DBStoreBuilder.java:processTables(161)) - Using default column profile:DBProfile.DISK for Table:userTable
2019-10-01 15:51:39,484 [main] INFO  db.DBStoreBuilder (DBStoreBuilder.java:addTable(110)) - using custom profile for table: volumeTable
2019-10-01 15:51:39,484 [main] INFO  db.DBStoreBuilder (DBStoreBuilder.java:processTables(161)) - Using default column profile:DBProfile.DISK for Table:volumeTable
2019-10-01 15:51:39,484 [main] INFO  db.DBStoreBuilder (DBStoreBuilder.java:addTable(110)) - using custom profile for table: bucketTable
2019-10-01 15:51:39,484 [main] INFO  db.DBStoreBuilder (DBStoreBuilder.java:processTables(161)) - Using default column profile:DBProfile.DISK for Table:bucketTable
2019-10-01 15:51:39,485 [main] INFO  db.DBStoreBuilder (DBStoreBuilder.java:addTable(110)) - using custom profile for table: keyTable
2019-10-01 15:51:39,485 [main] INFO  db.DBStoreBuilder (DBStoreBuilder.java:processTables(161)) - Using default column profile:DBProfile.DISK for Table:keyTable
2019-10-01 15:51:39,485 [main] INFO  db.DBStoreBuilder (DBStoreBuilder.java:addTable(110)) - using custom profile for table: deletedTable
2019-10-01 15:51:39,485 [main] INFO  db.DBStoreBuilder (DBStoreBuilder.java:processTables(161)) - Using default column profile:DBProfile.DISK for Table:deletedTable
2019-10-01 15:51:39,485 [main] INFO  db.DBStoreBuilder (DBStoreBuilder.java:addTable(110)) - using custom profile for table: openKeyTable
2019-10-01 15:51:39,485 [main] INFO  db.DBStoreBuilder (DBStoreBuilder.java:processTables(161)) - Using default column profile:DBProfile.DISK for Table:openKeyTable
2019-10-01 15:51:39,486 [main] INFO  db.DBStoreBuilder (DBStoreBuilder.java:addTable(110)) - using custom profile for table: s3Table
2019-10-01 15:51:39,486 [main] INFO  db.DBStoreBuilder (DBStoreBuilder.java:processTables(161)) - Using default column profile:DBProfile.DISK for Table:s3Table
2019-10-01 15:51:39,486 [main] INFO  db.DBStoreBuilder (DBStoreBuilder.java:addTable(110)) - using custom profile for table: multipartInfoTable
2019-10-01 15:51:39,486 [main] INFO  db.DBStoreBuilder (DBStoreBuilder.java:processTables(161)) - Using default column profile:DBProfile.DISK for Table:multipartInfoTable
2019-10-01 15:51:39,486 [main] INFO  db.DBStoreBuilder (DBStoreBuilder.java:addTable(110)) - using custom profile for table: dTokenTable
2019-10-01 15:51:39,486 [main] INFO  db.DBStoreBuilder (DBStoreBuilder.java:processTables(161)) - Using default column profile:DBProfile.DISK for Table:dTokenTable
2019-10-01 15:51:39,487 [main] INFO  db.DBStoreBuilder (DBStoreBuilder.java:addTable(110)) - using custom profile for table: s3SecretTable
2019-10-01 15:51:39,487 [main] INFO  db.DBStoreBuilder (DBStoreBuilder.java:processTables(161)) - Using default column profile:DBProfile.DISK for Table:s3SecretTable
2019-10-01 15:51:39,487 [main] INFO  db.DBStoreBuilder (DBStoreBuilder.java:addTable(110)) - using custom profile for table: prefixTable
2019-10-01 15:51:39,487 [main] INFO  db.DBStoreBuilder (DBStoreBuilder.java:processTables(161)) - Using default column profile:DBProfile.DISK for Table:prefixTable
2019-10-01 15:51:39,487 [main] INFO  db.DBStoreBuilder (DBStoreBuilder.java:addTable(110)) - using custom profile for table: default
2019-10-01 15:51:39,487 [main] INFO  db.DBStoreBuilder (DBStoreBuilder.java:processTables(167)) - Using default column profile:DBProfile.DISK for Table:default
2019-10-01 15:51:39,488 [main] INFO  db.DBStoreBuilder (DBStoreBuilder.java:getDbProfile(198)) - Using default options. DBProfile.DISK
2019-10-01 15:51:39,968 [main] INFO  ipc.CallQueueManager (CallQueueManager.java:<init>(84)) - Using callQueue: class java.util.concurrent.LinkedBlockingQueue, queueCapacity: 2000, scheduler: class org.apache.hadoop.ipc.DefaultRpcScheduler, ipcBackoff: false.
2019-10-01 15:51:39,968 [Socket Reader #1 for port 41061] INFO  ipc.Server (Server.java:run(1074)) - Starting Socket Reader #1 for port 41061
2019-10-01 15:51:39,980 [main] INFO  om.OzoneManager (OzoneManager.java:start(1243)) - OzoneManager RPC server is listening at localhost/127.0.0.1:41061
2019-10-01 15:51:39,980 [main] INFO  impl.MetricsSystemImpl (MetricsSystemImpl.java:init(158)) - OzoneManager metrics system started (again)
2019-10-01 15:51:39,980 [IPC Server Responder] INFO  ipc.Server (Server.java:run(1314)) - IPC Server Responder: starting
2019-10-01 15:51:39,980 [IPC Server listener on 41061] INFO  ipc.Server (Server.java:run(1153)) - IPC Server listener on 41061: starting
2019-10-01 15:51:39,987 [main] INFO  hdfs.DFSUtil (DFSUtil.java:httpServerTemplateForNNAndJN(1641)) - Starting Web-server for ozoneManager at: http://0.0.0.0:0
2019-10-01 15:51:39,988 [main] INFO  server.AuthenticationFilter (AuthenticationFilter.java:constructSecretProvider(240)) - Unable to initialize FileSignerSecretProvider, falling back to use random secrets.
2019-10-01 15:51:39,989 [main] WARN  http.HttpRequestLog (HttpRequestLog.java:getRequestLog(97)) - Jetty request log can only be enabled using Log4j
2019-10-01 15:51:39,990 [main] INFO  http.HttpServer2 (HttpServer2.java:addGlobalFilter(975)) - Added global filter 'safety' (class=org.apache.hadoop.http.HttpServer2$QuotingInputFilter)
2019-10-01 15:51:39,990 [main] INFO  http.HttpServer2 (HttpServer2.java:addFilter(948)) - Added filter static_user_filter (class=org.apache.hadoop.http.lib.StaticUserWebFilter$StaticUserFilter) to context ozoneManager
2019-10-01 15:51:39,990 [main] INFO  http.HttpServer2 (HttpServer2.java:addFilter(958)) - Added filter static_user_filter (class=org.apache.hadoop.http.lib.StaticUserWebFilter$StaticUserFilter) to context logs
2019-10-01 15:51:39,991 [main] INFO  http.HttpServer2 (HttpServer2.java:addFilter(958)) - Added filter static_user_filter (class=org.apache.hadoop.http.lib.StaticUserWebFilter$StaticUserFilter) to context static
2019-10-01 15:51:39,991 [main] INFO  http.HttpServer2 (HttpServer2.java:bindListener(1191)) - Jetty bound to port 44885
2019-10-01 15:51:39,991 [main] INFO  server.Server (Server.java:doStart(351)) - jetty-9.3.25.v20180904, build timestamp: 2018-09-04T21:11:46Z, git hash: 3ce520221d0240229c862b122d2b06c12a625732
2019-10-01 15:51:39,992 [main] INFO  handler.ContextHandler (ContextHandler.java:doStart(781)) - Started o.e.j.s.ServletContextHandler@4a216eb4{/logs,file:///workdir/hadoop-ozone/integration-test/target/log,AVAILABLE}
2019-10-01 15:51:39,993 [main] INFO  handler.ContextHandler (ContextHandler.java:doStart(781)) - Started o.e.j.s.ServletContextHandler@5ec88f9e{/static,file:///workdir/hadoop-ozone/integration-test/target/test-classes/webapps/static,AVAILABLE}
2019-10-01 15:51:39,996 [main] INFO  handler.ContextHandler (ContextHandler.java:doStart(781)) - Started o.e.j.w.WebAppContext@118041c7{/,file:///workdir/hadoop-ozone/integration-test/target/test-classes/webapps/ozoneManager/,AVAILABLE}{/ozoneManager}
2019-10-01 15:51:39,996 [main] INFO  server.AbstractConnector (AbstractConnector.java:doStart(278)) - Started ServerConnector@a2b54e3{HTTP/1.1,[http/1.1]}{0.0.0.0:44885}
2019-10-01 15:51:39,997 [main] INFO  server.Server (Server.java:doStart(419)) - Started @221707ms
2019-10-01 15:51:39,997 [main] WARN  impl.MetricsSystemImpl (MetricsSystemImpl.java:register(276)) - Sink prometheus already exists!
2019-10-01 15:51:39,997 [main] INFO  server.BaseHttpServer (BaseHttpServer.java:updateConnectorAddress(215)) - HTTP server of OZONEMANAGER is listening at http://0.0.0.0:44885
2019-10-01 15:51:40,011 [main] INFO  impl.MetricsSystemImpl (MetricsSystemImpl.java:init(158)) - HddsDatanode metrics system started (again)
2019-10-01 15:51:40,014 [main] INFO  ozone.HddsDatanodeService (HddsDatanodeService.java:start(184)) - HddsDatanodeService host:pr-hdds-2221-4x997-2286248681 ip:192.168.151.117
2019-10-01 15:51:40,018 [main] INFO  volume.HddsVolume (HddsVolume.java:<init>(176)) - Creating Volume: /workdir/hadoop-ozone/integration-test/target/test-dir/MiniOzoneClusterImpl-d3abc12a-7b00-4510-8105-56d17a3c3693/datanode-0/data/containers/hdds of  storage type : DISK and capacity : 1482555576320
2019-10-01 15:51:40,019 [main] INFO  volume.VolumeSet (VolumeSet.java:initializeVolumeSet(170)) - Added Volume : /workdir/hadoop-ozone/integration-test/target/test-dir/MiniOzoneClusterImpl-d3abc12a-7b00-4510-8105-56d17a3c3693/datanode-0/data/containers/hdds to VolumeSet
2019-10-01 15:51:40,019 [main] INFO  volume.ThrottledAsyncChecker (ThrottledAsyncChecker.java:schedule(139)) - Scheduling a check for org.apache.hadoop.ozone.container.common.volume.HddsVolume@20440c6c
2019-10-01 15:51:40,019 [main] INFO  volume.HddsVolumeChecker (HddsVolumeChecker.java:checkAllVolumes(202)) - Scheduled health check for volume org.apache.hadoop.ozone.container.common.volume.HddsVolume@20440c6c
2019-10-01 15:51:40,030 [main] INFO  impl.RaftServerProxy (ConfUtils.java:logGet(43)) - raft.rpc.type = GRPC (default)
2019-10-01 15:51:40,031 [main] INFO  grpc.GrpcFactory (GrpcFactory.java:checkPooledByteBufAllocatorUseCacheForAllThreads(45)) - PERFORMANCE WARNING: useCacheForAllThreads is true that may cause Netty to create a lot garbage objects and, as a result, trigger GC.
	It is recommended to disable useCacheForAllThreads by setting -Dorg.apache.ratis.thirdparty.io.netty.allocator.useCacheForAllThreads=false in command line.
2019-10-01 15:51:40,031 [main] INFO  grpc.GrpcConfigKeys$Server (ConfUtils.java:logGet(43)) - raft.grpc.server.port = 0 (default)
2019-10-01 15:51:40,031 [main] INFO  server.GrpcService (ConfUtils.java:logGet(43)) - raft.grpc.message.size.max = 33570816 (custom)
2019-10-01 15:51:40,031 [main] INFO  server.RaftServerConfigKeys (ConfUtils.java:logGet(43)) - raft.server.log.appender.buffer.byte-limit = 33554432 (custom)
2019-10-01 15:51:40,031 [main] INFO  server.GrpcService (ConfUtils.java:logGet(43)) - raft.grpc.flow.control.window = 1MB (=1048576) (default)
2019-10-01 15:51:40,031 [main] INFO  server.RaftServerConfigKeys (ConfUtils.java:logGet(43)) - raft.server.rpc.request.timeout = 3000ms (default)
2019-10-01 15:51:40,032 [main] INFO  server.RaftServerConfigKeys (ConfUtils.java:logGet(43)) - raft.server.storage.dir = [/workdir/hadoop-ozone/integration-test/target/test-dir/MiniOzoneClusterImpl-d3abc12a-7b00-4510-8105-56d17a3c3693/datanode-0/data/ratis] (custom)
2019-10-01 15:51:40,034 [main] INFO  hdfs.DFSUtil (DFSUtil.java:httpServerTemplateForNNAndJN(1641)) - Starting Web-server for hddsDatanode at: http://0.0.0.0:0
2019-10-01 15:51:40,035 [main] INFO  server.AuthenticationFilter (AuthenticationFilter.java:constructSecretProvider(240)) - Unable to initialize FileSignerSecretProvider, falling back to use random secrets.
2019-10-01 15:51:40,035 [main] WARN  http.HttpRequestLog (HttpRequestLog.java:getRequestLog(97)) - Jetty request log can only be enabled using Log4j
2019-10-01 15:51:40,036 [main] INFO  http.HttpServer2 (HttpServer2.java:addGlobalFilter(975)) - Added global filter 'safety' (class=org.apache.hadoop.http.HttpServer2$QuotingInputFilter)
2019-10-01 15:51:40,036 [main] INFO  http.HttpServer2 (HttpServer2.java:addFilter(948)) - Added filter static_user_filter (class=org.apache.hadoop.http.lib.StaticUserWebFilter$StaticUserFilter) to context hddsDatanode
2019-10-01 15:51:40,036 [main] INFO  http.HttpServer2 (HttpServer2.java:addFilter(958)) - Added filter static_user_filter (class=org.apache.hadoop.http.lib.StaticUserWebFilter$StaticUserFilter) to context logs
2019-10-01 15:51:40,037 [main] INFO  http.HttpServer2 (HttpServer2.java:addFilter(958)) - Added filter static_user_filter (class=org.apache.hadoop.http.lib.StaticUserWebFilter$StaticUserFilter) to context static
2019-10-01 15:51:40,037 [main] INFO  http.HttpServer2 (HttpServer2.java:bindListener(1191)) - Jetty bound to port 42405
2019-10-01 15:51:40,037 [main] INFO  server.Server (Server.java:doStart(351)) - jetty-9.3.25.v20180904, build timestamp: 2018-09-04T21:11:46Z, git hash: 3ce520221d0240229c862b122d2b06c12a625732
2019-10-01 15:51:40,038 [main] INFO  handler.ContextHandler (ContextHandler.java:doStart(781)) - Started o.e.j.s.ServletContextHandler@15e8f9b2{/logs,file:///workdir/hadoop-ozone/integration-test/target/log,AVAILABLE}
2019-10-01 15:51:40,039 [main] INFO  handler.ContextHandler (ContextHandler.java:doStart(781)) - Started o.e.j.s.ServletContextHandler@7c950b3b{/static,jar:file:/home/user/.m2/repository/org/apache/hadoop/hadoop-hdds-container-service/0.5.0-SNAPSHOT/hadoop-hdds-container-service-0.5.0-SNAPSHOT.jar!/webapps/static,AVAILABLE}
2019-10-01 15:51:40,063 [main] INFO  handler.ContextHandler (ContextHandler.java:doStart(781)) - Started o.e.j.w.WebAppContext@7d66e544{/,file:///tmp/jetty-0.0.0.0-42405-hddsDatanode-_-any-7253720432264274224.dir/webapp/,AVAILABLE}{/hddsDatanode}
2019-10-01 15:51:40,064 [main] INFO  server.AbstractConnector (AbstractConnector.java:doStart(278)) - Started ServerConnector@666618d6{HTTP/1.1,[http/1.1]}{0.0.0.0:42405}
2019-10-01 15:51:40,065 [main] INFO  server.Server (Server.java:doStart(419)) - Started @221775ms
2019-10-01 15:51:40,065 [main] WARN  impl.MetricsSystemImpl (MetricsSystemImpl.java:register(276)) - Sink prometheus already exists!
2019-10-01 15:51:40,065 [main] INFO  server.BaseHttpServer (BaseHttpServer.java:updateConnectorAddress(215)) - HTTP server of HDDSDATANODE is listening at http://0.0.0.0:42405
2019-10-01 15:51:40,066 [main] INFO  impl.MetricsSystemImpl (MetricsSystemImpl.java:init(158)) - HddsDatanode metrics system started (again)
2019-10-01 15:51:40,068 [org.apache.hadoop.util.JvmPauseMonitor$Monitor@4c6e0fd2] INFO  util.JvmPauseMonitor (JvmPauseMonitor.java:run(188)) - Starting JVM pause monitor
2019-10-01 15:51:40,069 [main] INFO  ozone.HddsDatanodeService (HddsDatanodeService.java:start(184)) - HddsDatanodeService host:pr-hdds-2221-4x997-2286248681 ip:192.168.151.117
2019-10-01 15:51:40,071 [Datanode State Machine Thread - 0] INFO  datanode.InitDatanodeState (InitDatanodeState.java:persistContainerDatanodeDetails(140)) - DatanodeDetails is persisted to /workdir/hadoop-ozone/integration-test/target/test-dir/MiniOzoneClusterImpl-d3abc12a-7b00-4510-8105-56d17a3c3693/datanode-0/meta/datanode.id
2019-10-01 15:51:40,074 [main] INFO  volume.HddsVolume (HddsVolume.java:<init>(176)) - Creating Volume: /workdir/hadoop-ozone/integration-test/target/test-dir/MiniOzoneClusterImpl-d3abc12a-7b00-4510-8105-56d17a3c3693/datanode-1/data/containers/hdds of  storage type : DISK and capacity : 1482555576320
2019-10-01 15:51:40,074 [main] INFO  volume.VolumeSet (VolumeSet.java:initializeVolumeSet(170)) - Added Volume : /workdir/hadoop-ozone/integration-test/target/test-dir/MiniOzoneClusterImpl-d3abc12a-7b00-4510-8105-56d17a3c3693/datanode-1/data/containers/hdds to VolumeSet
2019-10-01 15:51:40,074 [main] INFO  volume.ThrottledAsyncChecker (ThrottledAsyncChecker.java:schedule(139)) - Scheduling a check for org.apache.hadoop.ozone.container.common.volume.HddsVolume@6d5f4900
2019-10-01 15:51:40,074 [main] INFO  volume.HddsVolumeChecker (HddsVolumeChecker.java:checkAllVolumes(202)) - Scheduled health check for volume org.apache.hadoop.ozone.container.common.volume.HddsVolume@6d5f4900
2019-10-01 15:51:40,086 [main] INFO  impl.RaftServerProxy (ConfUtils.java:logGet(43)) - raft.rpc.type = GRPC (default)
2019-10-01 15:51:40,086 [main] INFO  grpc.GrpcFactory (GrpcFactory.java:checkPooledByteBufAllocatorUseCacheForAllThreads(45)) - PERFORMANCE WARNING: useCacheForAllThreads is true that may cause Netty to create a lot garbage objects and, as a result, trigger GC.
	It is recommended to disable useCacheForAllThreads by setting -Dorg.apache.ratis.thirdparty.io.netty.allocator.useCacheForAllThreads=false in command line.
2019-10-01 15:51:40,086 [main] INFO  grpc.GrpcConfigKeys$Server (ConfUtils.java:logGet(43)) - raft.grpc.server.port = 0 (default)
2019-10-01 15:51:40,086 [main] INFO  server.GrpcService (ConfUtils.java:logGet(43)) - raft.grpc.message.size.max = 33570816 (custom)
2019-10-01 15:51:40,086 [main] INFO  server.RaftServerConfigKeys (ConfUtils.java:logGet(43)) - raft.server.log.appender.buffer.byte-limit = 33554432 (custom)
2019-10-01 15:51:40,087 [main] INFO  server.GrpcService (ConfUtils.java:logGet(43)) - raft.grpc.flow.control.window = 1MB (=1048576) (default)
2019-10-01 15:51:40,087 [main] INFO  server.RaftServerConfigKeys (ConfUtils.java:logGet(43)) - raft.server.rpc.request.timeout = 3000ms (default)
2019-10-01 15:51:40,087 [main] INFO  server.RaftServerConfigKeys (ConfUtils.java:logGet(43)) - raft.server.storage.dir = [/workdir/hadoop-ozone/integration-test/target/test-dir/MiniOzoneClusterImpl-d3abc12a-7b00-4510-8105-56d17a3c3693/datanode-1/data/ratis] (custom)
2019-10-01 15:51:40,088 [main] INFO  hdfs.DFSUtil (DFSUtil.java:httpServerTemplateForNNAndJN(1641)) - Starting Web-server for hddsDatanode at: http://0.0.0.0:0
2019-10-01 15:51:40,089 [main] INFO  server.AuthenticationFilter (AuthenticationFilter.java:constructSecretProvider(240)) - Unable to initialize FileSignerSecretProvider, falling back to use random secrets.
2019-10-01 15:51:40,089 [main] WARN  http.HttpRequestLog (HttpRequestLog.java:getRequestLog(97)) - Jetty request log can only be enabled using Log4j
2019-10-01 15:51:40,091 [main] INFO  http.HttpServer2 (HttpServer2.java:addGlobalFilter(975)) - Added global filter 'safety' (class=org.apache.hadoop.http.HttpServer2$QuotingInputFilter)
2019-10-01 15:51:40,091 [main] INFO  http.HttpServer2 (HttpServer2.java:addFilter(948)) - Added filter static_user_filter (class=org.apache.hadoop.http.lib.StaticUserWebFilter$StaticUserFilter) to context hddsDatanode
2019-10-01 15:51:40,091 [main] INFO  http.HttpServer2 (HttpServer2.java:addFilter(958)) - Added filter static_user_filter (class=org.apache.hadoop.http.lib.StaticUserWebFilter$StaticUserFilter) to context static
2019-10-01 15:51:40,091 [main] INFO  http.HttpServer2 (HttpServer2.java:addFilter(958)) - Added filter static_user_filter (class=org.apache.hadoop.http.lib.StaticUserWebFilter$StaticUserFilter) to context logs
2019-10-01 15:51:40,092 [main] INFO  http.HttpServer2 (HttpServer2.java:bindListener(1191)) - Jetty bound to port 45704
2019-10-01 15:51:40,092 [main] INFO  server.Server (Server.java:doStart(351)) - jetty-9.3.25.v20180904, build timestamp: 2018-09-04T21:11:46Z, git hash: 3ce520221d0240229c862b122d2b06c12a625732
2019-10-01 15:51:40,093 [main] INFO  handler.ContextHandler (ContextHandler.java:doStart(781)) - Started o.e.j.s.ServletContextHandler@634f58d2{/logs,file:///workdir/hadoop-ozone/integration-test/target/log,AVAILABLE}
2019-10-01 15:51:40,094 [main] INFO  handler.ContextHandler (ContextHandler.java:doStart(781)) - Started o.e.j.s.ServletContextHandler@7b18658a{/static,jar:file:/home/user/.m2/repository/org/apache/hadoop/hadoop-hdds-container-service/0.5.0-SNAPSHOT/hadoop-hdds-container-service-0.5.0-SNAPSHOT.jar!/webapps/static,AVAILABLE}
2019-10-01 15:51:40,120 [main] INFO  handler.ContextHandler (ContextHandler.java:doStart(781)) - Started o.e.j.w.WebAppContext@1e226bcd{/,file:///tmp/jetty-0.0.0.0-45704-hddsDatanode-_-any-1435743987609479937.dir/webapp/,AVAILABLE}{/hddsDatanode}
2019-10-01 15:51:40,120 [main] INFO  server.AbstractConnector (AbstractConnector.java:doStart(278)) - Started ServerConnector@2a8dd942{HTTP/1.1,[http/1.1]}{0.0.0.0:45704}
2019-10-01 15:51:40,121 [main] INFO  server.Server (Server.java:doStart(419)) - Started @221832ms
2019-10-01 15:51:40,121 [main] WARN  impl.MetricsSystemImpl (MetricsSystemImpl.java:register(276)) - Sink prometheus already exists!
2019-10-01 15:51:40,122 [main] INFO  server.BaseHttpServer (BaseHttpServer.java:updateConnectorAddress(215)) - HTTP server of HDDSDATANODE is listening at http://0.0.0.0:45704
2019-10-01 15:51:40,122 [main] INFO  impl.MetricsSystemImpl (MetricsSystemImpl.java:init(158)) - HddsDatanode metrics system started (again)
2019-10-01 15:51:40,125 [org.apache.hadoop.util.JvmPauseMonitor$Monitor@4ac55996] INFO  util.JvmPauseMonitor (JvmPauseMonitor.java:run(188)) - Starting JVM pause monitor
2019-10-01 15:51:40,125 [main] INFO  ozone.HddsDatanodeService (HddsDatanodeService.java:start(184)) - HddsDatanodeService host:pr-hdds-2221-4x997-2286248681 ip:192.168.151.117
2019-10-01 15:51:40,126 [Datanode State Machine Thread - 0] INFO  datanode.InitDatanodeState (InitDatanodeState.java:persistContainerDatanodeDetails(140)) - DatanodeDetails is persisted to /workdir/hadoop-ozone/integration-test/target/test-dir/MiniOzoneClusterImpl-d3abc12a-7b00-4510-8105-56d17a3c3693/datanode-1/meta/datanode.id
2019-10-01 15:51:40,130 [main] INFO  volume.HddsVolume (HddsVolume.java:<init>(176)) - Creating Volume: /workdir/hadoop-ozone/integration-test/target/test-dir/MiniOzoneClusterImpl-d3abc12a-7b00-4510-8105-56d17a3c3693/datanode-2/data/containers/hdds of  storage type : DISK and capacity : 1482555576320
2019-10-01 15:51:40,130 [main] INFO  volume.VolumeSet (VolumeSet.java:initializeVolumeSet(170)) - Added Volume : /workdir/hadoop-ozone/integration-test/target/test-dir/MiniOzoneClusterImpl-d3abc12a-7b00-4510-8105-56d17a3c3693/datanode-2/data/containers/hdds to VolumeSet
2019-10-01 15:51:40,130 [main] INFO  volume.ThrottledAsyncChecker (ThrottledAsyncChecker.java:schedule(139)) - Scheduling a check for org.apache.hadoop.ozone.container.common.volume.HddsVolume@526f6427
2019-10-01 15:51:40,131 [main] INFO  volume.HddsVolumeChecker (HddsVolumeChecker.java:checkAllVolumes(202)) - Scheduled health check for volume org.apache.hadoop.ozone.container.common.volume.HddsVolume@526f6427
2019-10-01 15:51:40,142 [main] INFO  impl.RaftServerProxy (ConfUtils.java:logGet(43)) - raft.rpc.type = GRPC (default)
2019-10-01 15:51:40,142 [main] INFO  grpc.GrpcFactory (GrpcFactory.java:checkPooledByteBufAllocatorUseCacheForAllThreads(45)) - PERFORMANCE WARNING: useCacheForAllThreads is true that may cause Netty to create a lot garbage objects and, as a result, trigger GC.
	It is recommended to disable useCacheForAllThreads by setting -Dorg.apache.ratis.thirdparty.io.netty.allocator.useCacheForAllThreads=false in command line.
2019-10-01 15:51:40,142 [main] INFO  grpc.GrpcConfigKeys$Server (ConfUtils.java:logGet(43)) - raft.grpc.server.port = 0 (default)
2019-10-01 15:51:40,142 [main] INFO  server.GrpcService (ConfUtils.java:logGet(43)) - raft.grpc.message.size.max = 33570816 (custom)
2019-10-01 15:51:40,143 [main] INFO  server.RaftServerConfigKeys (ConfUtils.java:logGet(43)) - raft.server.log.appender.buffer.byte-limit = 33554432 (custom)
2019-10-01 15:51:40,143 [main] INFO  server.GrpcService (ConfUtils.java:logGet(43)) - raft.grpc.flow.control.window = 1MB (=1048576) (default)
2019-10-01 15:51:40,143 [main] INFO  server.RaftServerConfigKeys (ConfUtils.java:logGet(43)) - raft.server.rpc.request.timeout = 3000ms (default)
2019-10-01 15:51:40,143 [main] INFO  server.RaftServerConfigKeys (ConfUtils.java:logGet(43)) - raft.server.storage.dir = [/workdir/hadoop-ozone/integration-test/target/test-dir/MiniOzoneClusterImpl-d3abc12a-7b00-4510-8105-56d17a3c3693/datanode-2/data/ratis] (custom)
2019-10-01 15:51:40,144 [main] INFO  hdfs.DFSUtil (DFSUtil.java:httpServerTemplateForNNAndJN(1641)) - Starting Web-server for hddsDatanode at: http://0.0.0.0:0
2019-10-01 15:51:40,145 [main] INFO  server.AuthenticationFilter (AuthenticationFilter.java:constructSecretProvider(240)) - Unable to initialize FileSignerSecretProvider, falling back to use random secrets.
2019-10-01 15:51:40,145 [main] WARN  http.HttpRequestLog (HttpRequestLog.java:getRequestLog(97)) - Jetty request log can only be enabled using Log4j
2019-10-01 15:51:40,147 [main] INFO  http.HttpServer2 (HttpServer2.java:addGlobalFilter(975)) - Added global filter 'safety' (class=org.apache.hadoop.http.HttpServer2$QuotingInputFilter)
2019-10-01 15:51:40,147 [main] INFO  http.HttpServer2 (HttpServer2.java:addFilter(948)) - Added filter static_user_filter (class=org.apache.hadoop.http.lib.StaticUserWebFilter$StaticUserFilter) to context hddsDatanode
2019-10-01 15:51:40,147 [main] INFO  http.HttpServer2 (HttpServer2.java:addFilter(958)) - Added filter static_user_filter (class=org.apache.hadoop.http.lib.StaticUserWebFilter$StaticUserFilter) to context static
2019-10-01 15:51:40,147 [main] INFO  http.HttpServer2 (HttpServer2.java:addFilter(958)) - Added filter static_user_filter (class=org.apache.hadoop.http.lib.StaticUserWebFilter$StaticUserFilter) to context logs
2019-10-01 15:51:40,148 [main] INFO  http.HttpServer2 (HttpServer2.java:bindListener(1191)) - Jetty bound to port 35132
2019-10-01 15:51:40,148 [main] INFO  server.Server (Server.java:doStart(351)) - jetty-9.3.25.v20180904, build timestamp: 2018-09-04T21:11:46Z, git hash: 3ce520221d0240229c862b122d2b06c12a625732
2019-10-01 15:51:40,149 [main] INFO  handler.ContextHandler (ContextHandler.java:doStart(781)) - Started o.e.j.s.ServletContextHandler@543fe698{/logs,file:///workdir/hadoop-ozone/integration-test/target/log,AVAILABLE}
2019-10-01 15:51:40,150 [main] INFO  handler.ContextHandler (ContextHandler.java:doStart(781)) - Started o.e.j.s.ServletContextHandler@2ca3d826{/static,jar:file:/home/user/.m2/repository/org/apache/hadoop/hadoop-hdds-container-service/0.5.0-SNAPSHOT/hadoop-hdds-container-service-0.5.0-SNAPSHOT.jar!/webapps/static,AVAILABLE}
2019-10-01 15:51:40,174 [main] INFO  handler.ContextHandler (ContextHandler.java:doStart(781)) - Started o.e.j.w.WebAppContext@496cc217{/,file:///tmp/jetty-0.0.0.0-35132-hddsDatanode-_-any-6298052095315195587.dir/webapp/,AVAILABLE}{/hddsDatanode}
2019-10-01 15:51:40,174 [main] INFO  server.AbstractConnector (AbstractConnector.java:doStart(278)) - Started ServerConnector@1a1c21b4{HTTP/1.1,[http/1.1]}{0.0.0.0:35132}
2019-10-01 15:51:40,175 [main] INFO  server.Server (Server.java:doStart(419)) - Started @221886ms
2019-10-01 15:51:40,176 [main] WARN  impl.MetricsSystemImpl (MetricsSystemImpl.java:register(276)) - Sink prometheus already exists!
2019-10-01 15:51:40,176 [main] INFO  server.BaseHttpServer (BaseHttpServer.java:updateConnectorAddress(215)) - HTTP server of HDDSDATANODE is listening at http://0.0.0.0:35132
2019-10-01 15:51:40,176 [main] INFO  impl.MetricsSystemImpl (MetricsSystemImpl.java:init(158)) - HddsDatanode metrics system started (again)
2019-10-01 15:51:40,179 [org.apache.hadoop.util.JvmPauseMonitor$Monitor@661e86ca] INFO  util.JvmPauseMonitor (JvmPauseMonitor.java:run(188)) - Starting JVM pause monitor
2019-10-01 15:51:40,180 [main] INFO  ozone.HddsDatanodeService (HddsDatanodeService.java:start(184)) - HddsDatanodeService host:pr-hdds-2221-4x997-2286248681 ip:192.168.151.117
2019-10-01 15:51:40,180 [Datanode State Machine Thread - 0] INFO  datanode.InitDatanodeState (InitDatanodeState.java:persistContainerDatanodeDetails(140)) - DatanodeDetails is persisted to /workdir/hadoop-ozone/integration-test/target/test-dir/MiniOzoneClusterImpl-d3abc12a-7b00-4510-8105-56d17a3c3693/datanode-2/meta/datanode.id
2019-10-01 15:51:40,184 [main] INFO  volume.HddsVolume (HddsVolume.java:<init>(176)) - Creating Volume: /workdir/hadoop-ozone/integration-test/target/test-dir/MiniOzoneClusterImpl-d3abc12a-7b00-4510-8105-56d17a3c3693/datanode-3/data/containers/hdds of  storage type : DISK and capacity : 1482555576320
2019-10-01 15:51:40,185 [main] INFO  volume.VolumeSet (VolumeSet.java:initializeVolumeSet(170)) - Added Volume : /workdir/hadoop-ozone/integration-test/target/test-dir/MiniOzoneClusterImpl-d3abc12a-7b00-4510-8105-56d17a3c3693/datanode-3/data/containers/hdds to VolumeSet
2019-10-01 15:51:40,185 [main] INFO  volume.ThrottledAsyncChecker (ThrottledAsyncChecker.java:schedule(139)) - Scheduling a check for org.apache.hadoop.ozone.container.common.volume.HddsVolume@28be7fec
2019-10-01 15:51:40,185 [main] INFO  volume.HddsVolumeChecker (HddsVolumeChecker.java:checkAllVolumes(202)) - Scheduled health check for volume org.apache.hadoop.ozone.container.common.volume.HddsVolume@28be7fec
2019-10-01 15:51:40,196 [main] INFO  impl.RaftServerProxy (ConfUtils.java:logGet(43)) - raft.rpc.type = GRPC (default)
2019-10-01 15:51:40,196 [main] INFO  grpc.GrpcFactory (GrpcFactory.java:checkPooledByteBufAllocatorUseCacheForAllThreads(45)) - PERFORMANCE WARNING: useCacheForAllThreads is true that may cause Netty to create a lot garbage objects and, as a result, trigger GC.
	It is recommended to disable useCacheForAllThreads by setting -Dorg.apache.ratis.thirdparty.io.netty.allocator.useCacheForAllThreads=false in command line.
2019-10-01 15:51:40,197 [main] INFO  grpc.GrpcConfigKeys$Server (ConfUtils.java:logGet(43)) - raft.grpc.server.port = 0 (default)
2019-10-01 15:51:40,197 [main] INFO  server.GrpcService (ConfUtils.java:logGet(43)) - raft.grpc.message.size.max = 33570816 (custom)
2019-10-01 15:51:40,197 [main] INFO  server.RaftServerConfigKeys (ConfUtils.java:logGet(43)) - raft.server.log.appender.buffer.byte-limit = 33554432 (custom)
2019-10-01 15:51:40,197 [main] INFO  server.GrpcService (ConfUtils.java:logGet(43)) - raft.grpc.flow.control.window = 1MB (=1048576) (default)
2019-10-01 15:51:40,197 [main] INFO  server.RaftServerConfigKeys (ConfUtils.java:logGet(43)) - raft.server.rpc.request.timeout = 3000ms (default)
2019-10-01 15:51:40,197 [main] INFO  server.RaftServerConfigKeys (ConfUtils.java:logGet(43)) - raft.server.storage.dir = [/workdir/hadoop-ozone/integration-test/target/test-dir/MiniOzoneClusterImpl-d3abc12a-7b00-4510-8105-56d17a3c3693/datanode-3/data/ratis] (custom)
2019-10-01 15:51:40,199 [main] INFO  hdfs.DFSUtil (DFSUtil.java:httpServerTemplateForNNAndJN(1641)) - Starting Web-server for hddsDatanode at: http://0.0.0.0:0
2019-10-01 15:51:40,200 [main] INFO  server.AuthenticationFilter (AuthenticationFilter.java:constructSecretProvider(240)) - Unable to initialize FileSignerSecretProvider, falling back to use random secrets.
2019-10-01 15:51:40,200 [main] WARN  http.HttpRequestLog (HttpRequestLog.java:getRequestLog(97)) - Jetty request log can only be enabled using Log4j
2019-10-01 15:51:40,201 [main] INFO  http.HttpServer2 (HttpServer2.java:addGlobalFilter(975)) - Added global filter 'safety' (class=org.apache.hadoop.http.HttpServer2$QuotingInputFilter)
2019-10-01 15:51:40,201 [main] INFO  http.HttpServer2 (HttpServer2.java:addFilter(948)) - Added filter static_user_filter (class=org.apache.hadoop.http.lib.StaticUserWebFilter$StaticUserFilter) to context hddsDatanode
2019-10-01 15:51:40,202 [main] INFO  http.HttpServer2 (HttpServer2.java:addFilter(958)) - Added filter static_user_filter (class=org.apache.hadoop.http.lib.StaticUserWebFilter$StaticUserFilter) to context logs
2019-10-01 15:51:40,202 [main] INFO  http.HttpServer2 (HttpServer2.java:addFilter(958)) - Added filter static_user_filter (class=org.apache.hadoop.http.lib.StaticUserWebFilter$StaticUserFilter) to context static
2019-10-01 15:51:40,202 [main] INFO  http.HttpServer2 (HttpServer2.java:bindListener(1191)) - Jetty bound to port 44928
2019-10-01 15:51:40,202 [main] INFO  server.Server (Server.java:doStart(351)) - jetty-9.3.25.v20180904, build timestamp: 2018-09-04T21:11:46Z, git hash: 3ce520221d0240229c862b122d2b06c12a625732
2019-10-01 15:51:40,204 [main] INFO  handler.ContextHandler (ContextHandler.java:doStart(781)) - Started o.e.j.s.ServletContextHandler@578a5ce8{/logs,file:///workdir/hadoop-ozone/integration-test/target/log,AVAILABLE}
2019-10-01 15:51:40,204 [main] INFO  handler.ContextHandler (ContextHandler.java:doStart(781)) - Started o.e.j.s.ServletContextHandler@16cb9989{/static,jar:file:/home/user/.m2/repository/org/apache/hadoop/hadoop-hdds-container-service/0.5.0-SNAPSHOT/hadoop-hdds-container-service-0.5.0-SNAPSHOT.jar!/webapps/static,AVAILABLE}
2019-10-01 15:51:40,229 [main] INFO  handler.ContextHandler (ContextHandler.java:doStart(781)) - Started o.e.j.w.WebAppContext@46f73ffa{/,file:///tmp/jetty-0.0.0.0-44928-hddsDatanode-_-any-3508988120915582271.dir/webapp/,AVAILABLE}{/hddsDatanode}
2019-10-01 15:51:40,229 [main] INFO  server.AbstractConnector (AbstractConnector.java:doStart(278)) - Started ServerConnector@41aebbb4{HTTP/1.1,[http/1.1]}{0.0.0.0:44928}
2019-10-01 15:51:40,230 [main] INFO  server.Server (Server.java:doStart(419)) - Started @221941ms
2019-10-01 15:51:40,230 [main] WARN  impl.MetricsSystemImpl (MetricsSystemImpl.java:register(276)) - Sink prometheus already exists!
2019-10-01 15:51:40,231 [main] INFO  server.BaseHttpServer (BaseHttpServer.java:updateConnectorAddress(215)) - HTTP server of HDDSDATANODE is listening at http://0.0.0.0:44928
2019-10-01 15:51:40,231 [main] INFO  impl.MetricsSystemImpl (MetricsSystemImpl.java:init(158)) - HddsDatanode metrics system started (again)
2019-10-01 15:51:40,234 [org.apache.hadoop.util.JvmPauseMonitor$Monitor@10e95c69] INFO  util.JvmPauseMonitor (JvmPauseMonitor.java:run(188)) - Starting JVM pause monitor
2019-10-01 15:51:40,235 [main] INFO  ozone.HddsDatanodeService (HddsDatanodeService.java:start(184)) - HddsDatanodeService host:pr-hdds-2221-4x997-2286248681 ip:192.168.151.117
2019-10-01 15:51:40,235 [Datanode State Machine Thread - 0] INFO  datanode.InitDatanodeState (InitDatanodeState.java:persistContainerDatanodeDetails(140)) - DatanodeDetails is persisted to /workdir/hadoop-ozone/integration-test/target/test-dir/MiniOzoneClusterImpl-d3abc12a-7b00-4510-8105-56d17a3c3693/datanode-3/meta/datanode.id
2019-10-01 15:51:40,239 [main] INFO  volume.HddsVolume (HddsVolume.java:<init>(176)) - Creating Volume: /workdir/hadoop-ozone/integration-test/target/test-dir/MiniOzoneClusterImpl-d3abc12a-7b00-4510-8105-56d17a3c3693/datanode-4/data/containers/hdds of  storage type : DISK and capacity : 1482555576320
2019-10-01 15:51:40,240 [main] INFO  volume.VolumeSet (VolumeSet.java:initializeVolumeSet(170)) - Added Volume : /workdir/hadoop-ozone/integration-test/target/test-dir/MiniOzoneClusterImpl-d3abc12a-7b00-4510-8105-56d17a3c3693/datanode-4/data/containers/hdds to VolumeSet
2019-10-01 15:51:40,240 [main] INFO  volume.ThrottledAsyncChecker (ThrottledAsyncChecker.java:schedule(139)) - Scheduling a check for org.apache.hadoop.ozone.container.common.volume.HddsVolume@4ffced4e
2019-10-01 15:51:40,240 [main] INFO  volume.HddsVolumeChecker (HddsVolumeChecker.java:checkAllVolumes(202)) - Scheduled health check for volume org.apache.hadoop.ozone.container.common.volume.HddsVolume@4ffced4e
2019-10-01 15:51:40,251 [main] INFO  impl.RaftServerProxy (ConfUtils.java:logGet(43)) - raft.rpc.type = GRPC (default)
2019-10-01 15:51:40,251 [main] INFO  grpc.GrpcFactory (GrpcFactory.java:checkPooledByteBufAllocatorUseCacheForAllThreads(45)) - PERFORMANCE WARNING: useCacheForAllThreads is true that may cause Netty to create a lot garbage objects and, as a result, trigger GC.
	It is recommended to disable useCacheForAllThreads by setting -Dorg.apache.ratis.thirdparty.io.netty.allocator.useCacheForAllThreads=false in command line.
2019-10-01 15:51:40,252 [main] INFO  grpc.GrpcConfigKeys$Server (ConfUtils.java:logGet(43)) - raft.grpc.server.port = 0 (default)
2019-10-01 15:51:40,252 [main] INFO  server.GrpcService (ConfUtils.java:logGet(43)) - raft.grpc.message.size.max = 33570816 (custom)
2019-10-01 15:51:40,252 [main] INFO  server.RaftServerConfigKeys (ConfUtils.java:logGet(43)) - raft.server.log.appender.buffer.byte-limit = 33554432 (custom)
2019-10-01 15:51:40,252 [main] INFO  server.GrpcService (ConfUtils.java:logGet(43)) - raft.grpc.flow.control.window = 1MB (=1048576) (default)
2019-10-01 15:51:40,252 [main] INFO  server.RaftServerConfigKeys (ConfUtils.java:logGet(43)) - raft.server.rpc.request.timeout = 3000ms (default)
2019-10-01 15:51:40,253 [main] INFO  server.RaftServerConfigKeys (ConfUtils.java:logGet(43)) - raft.server.storage.dir = [/workdir/hadoop-ozone/integration-test/target/test-dir/MiniOzoneClusterImpl-d3abc12a-7b00-4510-8105-56d17a3c3693/datanode-4/data/ratis] (custom)
2019-10-01 15:51:40,254 [main] INFO  hdfs.DFSUtil (DFSUtil.java:httpServerTemplateForNNAndJN(1641)) - Starting Web-server for hddsDatanode at: http://0.0.0.0:0
2019-10-01 15:51:40,255 [main] INFO  server.AuthenticationFilter (AuthenticationFilter.java:constructSecretProvider(240)) - Unable to initialize FileSignerSecretProvider, falling back to use random secrets.
2019-10-01 15:51:40,255 [main] WARN  http.HttpRequestLog (HttpRequestLog.java:getRequestLog(97)) - Jetty request log can only be enabled using Log4j
2019-10-01 15:51:40,256 [main] INFO  http.HttpServer2 (HttpServer2.java:addGlobalFilter(975)) - Added global filter 'safety' (class=org.apache.hadoop.http.HttpServer2$QuotingInputFilter)
2019-10-01 15:51:40,257 [main] INFO  http.HttpServer2 (HttpServer2.java:addFilter(948)) - Added filter static_user_filter (class=org.apache.hadoop.http.lib.StaticUserWebFilter$StaticUserFilter) to context hddsDatanode
2019-10-01 15:51:40,257 [main] INFO  http.HttpServer2 (HttpServer2.java:addFilter(958)) - Added filter static_user_filter (class=org.apache.hadoop.http.lib.StaticUserWebFilter$StaticUserFilter) to context logs
2019-10-01 15:51:40,257 [main] INFO  http.HttpServer2 (HttpServer2.java:addFilter(958)) - Added filter static_user_filter (class=org.apache.hadoop.http.lib.StaticUserWebFilter$StaticUserFilter) to context static
2019-10-01 15:51:40,257 [main] INFO  http.HttpServer2 (HttpServer2.java:bindListener(1191)) - Jetty bound to port 43709
2019-10-01 15:51:40,258 [main] INFO  server.Server (Server.java:doStart(351)) - jetty-9.3.25.v20180904, build timestamp: 2018-09-04T21:11:46Z, git hash: 3ce520221d0240229c862b122d2b06c12a625732
2019-10-01 15:51:40,259 [main] INFO  handler.ContextHandler (ContextHandler.java:doStart(781)) - Started o.e.j.s.ServletContextHandler@4270b142{/logs,file:///workdir/hadoop-ozone/integration-test/target/log,AVAILABLE}
2019-10-01 15:51:40,259 [main] INFO  handler.ContextHandler (ContextHandler.java:doStart(781)) - Started o.e.j.s.ServletContextHandler@6314df3c{/static,jar:file:/home/user/.m2/repository/org/apache/hadoop/hadoop-hdds-container-service/0.5.0-SNAPSHOT/hadoop-hdds-container-service-0.5.0-SNAPSHOT.jar!/webapps/static,AVAILABLE}
2019-10-01 15:51:40,284 [main] INFO  handler.ContextHandler (ContextHandler.java:doStart(781)) - Started o.e.j.w.WebAppContext@6459f4ea{/,file:///tmp/jetty-0.0.0.0-43709-hddsDatanode-_-any-3362802323229995983.dir/webapp/,AVAILABLE}{/hddsDatanode}
2019-10-01 15:51:40,284 [main] INFO  server.AbstractConnector (AbstractConnector.java:doStart(278)) - Started ServerConnector@740b9a50{HTTP/1.1,[http/1.1]}{0.0.0.0:43709}
2019-10-01 15:51:40,285 [main] INFO  server.Server (Server.java:doStart(419)) - Started @221996ms
2019-10-01 15:51:40,285 [main] WARN  impl.MetricsSystemImpl (MetricsSystemImpl.java:register(276)) - Sink prometheus already exists!
2019-10-01 15:51:40,286 [main] INFO  server.BaseHttpServer (BaseHttpServer.java:updateConnectorAddress(215)) - HTTP server of HDDSDATANODE is listening at http://0.0.0.0:43709
2019-10-01 15:51:40,286 [main] INFO  impl.MetricsSystemImpl (MetricsSystemImpl.java:init(158)) - HddsDatanode metrics system started (again)
2019-10-01 15:51:40,290 [org.apache.hadoop.util.JvmPauseMonitor$Monitor@6e09c524] INFO  util.JvmPauseMonitor (JvmPauseMonitor.java:run(188)) - Starting JVM pause monitor
2019-10-01 15:51:40,291 [main] INFO  ozone.HddsDatanodeService (HddsDatanodeService.java:start(184)) - HddsDatanodeService host:pr-hdds-2221-4x997-2286248681 ip:192.168.151.117
2019-10-01 15:51:40,291 [Datanode State Machine Thread - 0] INFO  datanode.InitDatanodeState (InitDatanodeState.java:persistContainerDatanodeDetails(140)) - DatanodeDetails is persisted to /workdir/hadoop-ozone/integration-test/target/test-dir/MiniOzoneClusterImpl-d3abc12a-7b00-4510-8105-56d17a3c3693/datanode-4/meta/datanode.id
2019-10-01 15:51:40,296 [main] INFO  volume.HddsVolume (HddsVolume.java:<init>(176)) - Creating Volume: /workdir/hadoop-ozone/integration-test/target/test-dir/MiniOzoneClusterImpl-d3abc12a-7b00-4510-8105-56d17a3c3693/datanode-5/data/containers/hdds of  storage type : DISK and capacity : 1482555576320
2019-10-01 15:51:40,296 [main] INFO  volume.VolumeSet (VolumeSet.java:initializeVolumeSet(170)) - Added Volume : /workdir/hadoop-ozone/integration-test/target/test-dir/MiniOzoneClusterImpl-d3abc12a-7b00-4510-8105-56d17a3c3693/datanode-5/data/containers/hdds to VolumeSet
2019-10-01 15:51:40,296 [main] INFO  volume.ThrottledAsyncChecker (ThrottledAsyncChecker.java:schedule(139)) - Scheduling a check for org.apache.hadoop.ozone.container.common.volume.HddsVolume@723e2d08
2019-10-01 15:51:40,296 [main] INFO  volume.HddsVolumeChecker (HddsVolumeChecker.java:checkAllVolumes(202)) - Scheduled health check for volume org.apache.hadoop.ozone.container.common.volume.HddsVolume@723e2d08
2019-10-01 15:51:40,307 [main] INFO  impl.RaftServerProxy (ConfUtils.java:logGet(43)) - raft.rpc.type = GRPC (default)
2019-10-01 15:51:40,307 [main] INFO  grpc.GrpcFactory (GrpcFactory.java:checkPooledByteBufAllocatorUseCacheForAllThreads(45)) - PERFORMANCE WARNING: useCacheForAllThreads is true that may cause Netty to create a lot garbage objects and, as a result, trigger GC.
	It is recommended to disable useCacheForAllThreads by setting -Dorg.apache.ratis.thirdparty.io.netty.allocator.useCacheForAllThreads=false in command line.
2019-10-01 15:51:40,307 [main] INFO  grpc.GrpcConfigKeys$Server (ConfUtils.java:logGet(43)) - raft.grpc.server.port = 0 (default)
2019-10-01 15:51:40,308 [main] INFO  server.GrpcService (ConfUtils.java:logGet(43)) - raft.grpc.message.size.max = 33570816 (custom)
2019-10-01 15:51:40,308 [main] INFO  server.RaftServerConfigKeys (ConfUtils.java:logGet(43)) - raft.server.log.appender.buffer.byte-limit = 33554432 (custom)
2019-10-01 15:51:40,308 [main] INFO  server.GrpcService (ConfUtils.java:logGet(43)) - raft.grpc.flow.control.window = 1MB (=1048576) (default)
2019-10-01 15:51:40,308 [main] INFO  server.RaftServerConfigKeys (ConfUtils.java:logGet(43)) - raft.server.rpc.request.timeout = 3000ms (default)
2019-10-01 15:51:40,308 [main] INFO  server.RaftServerConfigKeys (ConfUtils.java:logGet(43)) - raft.server.storage.dir = [/workdir/hadoop-ozone/integration-test/target/test-dir/MiniOzoneClusterImpl-d3abc12a-7b00-4510-8105-56d17a3c3693/datanode-5/data/ratis] (custom)
2019-10-01 15:51:40,309 [main] INFO  hdfs.DFSUtil (DFSUtil.java:httpServerTemplateForNNAndJN(1641)) - Starting Web-server for hddsDatanode at: http://0.0.0.0:0
2019-10-01 15:51:40,310 [main] INFO  server.AuthenticationFilter (AuthenticationFilter.java:constructSecretProvider(240)) - Unable to initialize FileSignerSecretProvider, falling back to use random secrets.
2019-10-01 15:51:40,311 [main] WARN  http.HttpRequestLog (HttpRequestLog.java:getRequestLog(97)) - Jetty request log can only be enabled using Log4j
2019-10-01 15:51:40,312 [main] INFO  http.HttpServer2 (HttpServer2.java:addGlobalFilter(975)) - Added global filter 'safety' (class=org.apache.hadoop.http.HttpServer2$QuotingInputFilter)
2019-10-01 15:51:40,312 [main] INFO  http.HttpServer2 (HttpServer2.java:addFilter(948)) - Added filter static_user_filter (class=org.apache.hadoop.http.lib.StaticUserWebFilter$StaticUserFilter) to context hddsDatanode
2019-10-01 15:51:40,312 [main] INFO  http.HttpServer2 (HttpServer2.java:addFilter(958)) - Added filter static_user_filter (class=org.apache.hadoop.http.lib.StaticUserWebFilter$StaticUserFilter) to context static
2019-10-01 15:51:40,312 [main] INFO  http.HttpServer2 (HttpServer2.java:addFilter(958)) - Added filter static_user_filter (class=org.apache.hadoop.http.lib.StaticUserWebFilter$StaticUserFilter) to context logs
2019-10-01 15:51:40,313 [main] INFO  http.HttpServer2 (HttpServer2.java:bindListener(1191)) - Jetty bound to port 44198
2019-10-01 15:51:40,313 [main] INFO  server.Server (Server.java:doStart(351)) - jetty-9.3.25.v20180904, build timestamp: 2018-09-04T21:11:46Z, git hash: 3ce520221d0240229c862b122d2b06c12a625732
2019-10-01 15:51:40,314 [main] INFO  handler.ContextHandler (ContextHandler.java:doStart(781)) - Started o.e.j.s.ServletContextHandler@28d739f1{/logs,file:///workdir/hadoop-ozone/integration-test/target/log,AVAILABLE}
2019-10-01 15:51:40,314 [main] INFO  handler.ContextHandler (ContextHandler.java:doStart(781)) - Started o.e.j.s.ServletContextHandler@7e3d2ebd{/static,jar:file:/home/user/.m2/repository/org/apache/hadoop/hadoop-hdds-container-service/0.5.0-SNAPSHOT/hadoop-hdds-container-service-0.5.0-SNAPSHOT.jar!/webapps/static,AVAILABLE}
2019-10-01 15:51:40,339 [main] INFO  handler.ContextHandler (ContextHandler.java:doStart(781)) - Started o.e.j.w.WebAppContext@4602f874{/,file:///tmp/jetty-0.0.0.0-44198-hddsDatanode-_-any-8830217601514714835.dir/webapp/,AVAILABLE}{/hddsDatanode}
2019-10-01 15:51:40,339 [main] INFO  server.AbstractConnector (AbstractConnector.java:doStart(278)) - Started ServerConnector@7739aac4{HTTP/1.1,[http/1.1]}{0.0.0.0:44198}
2019-10-01 15:51:40,340 [main] INFO  server.Server (Server.java:doStart(419)) - Started @222051ms
2019-10-01 15:51:40,340 [main] WARN  impl.MetricsSystemImpl (MetricsSystemImpl.java:register(276)) - Sink prometheus already exists!
2019-10-01 15:51:40,341 [main] INFO  server.BaseHttpServer (BaseHttpServer.java:updateConnectorAddress(215)) - HTTP server of HDDSDATANODE is listening at http://0.0.0.0:44198
2019-10-01 15:51:40,341 [main] INFO  impl.MetricsSystemImpl (MetricsSystemImpl.java:init(158)) - HddsDatanode metrics system started (again)
2019-10-01 15:51:40,345 [org.apache.hadoop.util.JvmPauseMonitor$Monitor@30d71d30] INFO  util.JvmPauseMonitor (JvmPauseMonitor.java:run(188)) - Starting JVM pause monitor
2019-10-01 15:51:40,346 [main] INFO  ozone.HddsDatanodeService (HddsDatanodeService.java:start(184)) - HddsDatanodeService host:pr-hdds-2221-4x997-2286248681 ip:192.168.151.117
2019-10-01 15:51:40,346 [Datanode State Machine Thread - 0] INFO  datanode.InitDatanodeState (InitDatanodeState.java:persistContainerDatanodeDetails(140)) - DatanodeDetails is persisted to /workdir/hadoop-ozone/integration-test/target/test-dir/MiniOzoneClusterImpl-d3abc12a-7b00-4510-8105-56d17a3c3693/datanode-5/meta/datanode.id
2019-10-01 15:51:40,350 [main] INFO  volume.HddsVolume (HddsVolume.java:<init>(176)) - Creating Volume: /workdir/hadoop-ozone/integration-test/target/test-dir/MiniOzoneClusterImpl-d3abc12a-7b00-4510-8105-56d17a3c3693/datanode-6/data/containers/hdds of  storage type : DISK and capacity : 1482555576320
2019-10-01 15:51:40,350 [main] INFO  volume.VolumeSet (VolumeSet.java:initializeVolumeSet(170)) - Added Volume : /workdir/hadoop-ozone/integration-test/target/test-dir/MiniOzoneClusterImpl-d3abc12a-7b00-4510-8105-56d17a3c3693/datanode-6/data/containers/hdds to VolumeSet
2019-10-01 15:51:40,351 [main] INFO  volume.ThrottledAsyncChecker (ThrottledAsyncChecker.java:schedule(139)) - Scheduling a check for org.apache.hadoop.ozone.container.common.volume.HddsVolume@67f946c3
2019-10-01 15:51:40,351 [main] INFO  volume.HddsVolumeChecker (HddsVolumeChecker.java:checkAllVolumes(202)) - Scheduled health check for volume org.apache.hadoop.ozone.container.common.volume.HddsVolume@67f946c3
2019-10-01 15:51:40,365 [main] INFO  impl.RaftServerProxy (ConfUtils.java:logGet(43)) - raft.rpc.type = GRPC (default)
2019-10-01 15:51:40,365 [main] INFO  grpc.GrpcFactory (GrpcFactory.java:checkPooledByteBufAllocatorUseCacheForAllThreads(45)) - PERFORMANCE WARNING: useCacheForAllThreads is true that may cause Netty to create a lot garbage objects and, as a result, trigger GC.
	It is recommended to disable useCacheForAllThreads by setting -Dorg.apache.ratis.thirdparty.io.netty.allocator.useCacheForAllThreads=false in command line.
2019-10-01 15:51:40,366 [main] INFO  grpc.GrpcConfigKeys$Server (ConfUtils.java:logGet(43)) - raft.grpc.server.port = 0 (default)
2019-10-01 15:51:40,366 [main] INFO  server.GrpcService (ConfUtils.java:logGet(43)) - raft.grpc.message.size.max = 33570816 (custom)
2019-10-01 15:51:40,366 [main] INFO  server.RaftServerConfigKeys (ConfUtils.java:logGet(43)) - raft.server.log.appender.buffer.byte-limit = 33554432 (custom)
2019-10-01 15:51:40,366 [main] INFO  server.GrpcService (ConfUtils.java:logGet(43)) - raft.grpc.flow.control.window = 1MB (=1048576) (default)
2019-10-01 15:51:40,367 [main] INFO  server.RaftServerConfigKeys (ConfUtils.java:logGet(43)) - raft.server.rpc.request.timeout = 3000ms (default)
2019-10-01 15:51:40,367 [main] INFO  server.RaftServerConfigKeys (ConfUtils.java:logGet(43)) - raft.server.storage.dir = [/workdir/hadoop-ozone/integration-test/target/test-dir/MiniOzoneClusterImpl-d3abc12a-7b00-4510-8105-56d17a3c3693/datanode-6/data/ratis] (custom)
2019-10-01 15:51:40,368 [main] INFO  hdfs.DFSUtil (DFSUtil.java:httpServerTemplateForNNAndJN(1641)) - Starting Web-server for hddsDatanode at: http://0.0.0.0:0
2019-10-01 15:51:40,369 [main] INFO  server.AuthenticationFilter (AuthenticationFilter.java:constructSecretProvider(240)) - Unable to initialize FileSignerSecretProvider, falling back to use random secrets.
2019-10-01 15:51:40,370 [main] WARN  http.HttpRequestLog (HttpRequestLog.java:getRequestLog(97)) - Jetty request log can only be enabled using Log4j
2019-10-01 15:51:40,371 [main] INFO  http.HttpServer2 (HttpServer2.java:addGlobalFilter(975)) - Added global filter 'safety' (class=org.apache.hadoop.http.HttpServer2$QuotingInputFilter)
2019-10-01 15:51:40,371 [main] INFO  http.HttpServer2 (HttpServer2.java:addFilter(948)) - Added filter static_user_filter (class=org.apache.hadoop.http.lib.StaticUserWebFilter$StaticUserFilter) to context hddsDatanode
2019-10-01 15:51:40,371 [main] INFO  http.HttpServer2 (HttpServer2.java:addFilter(958)) - Added filter static_user_filter (class=org.apache.hadoop.http.lib.StaticUserWebFilter$StaticUserFilter) to context static
2019-10-01 15:51:40,371 [main] INFO  http.HttpServer2 (HttpServer2.java:addFilter(958)) - Added filter static_user_filter (class=org.apache.hadoop.http.lib.StaticUserWebFilter$StaticUserFilter) to context logs
2019-10-01 15:51:40,372 [main] INFO  http.HttpServer2 (HttpServer2.java:bindListener(1191)) - Jetty bound to port 34543
2019-10-01 15:51:40,372 [main] INFO  server.Server (Server.java:doStart(351)) - jetty-9.3.25.v20180904, build timestamp: 2018-09-04T21:11:46Z, git hash: 3ce520221d0240229c862b122d2b06c12a625732
2019-10-01 15:51:40,373 [main] INFO  handler.ContextHandler (ContextHandler.java:doStart(781)) - Started o.e.j.s.ServletContextHandler@4137aab0{/logs,file:///workdir/hadoop-ozone/integration-test/target/log,AVAILABLE}
2019-10-01 15:51:40,373 [main] INFO  handler.ContextHandler (ContextHandler.java:doStart(781)) - Started o.e.j.s.ServletContextHandler@682e422c{/static,jar:file:/home/user/.m2/repository/org/apache/hadoop/hadoop-hdds-container-service/0.5.0-SNAPSHOT/hadoop-hdds-container-service-0.5.0-SNAPSHOT.jar!/webapps/static,AVAILABLE}
2019-10-01 15:51:40,398 [main] INFO  handler.ContextHandler (ContextHandler.java:doStart(781)) - Started o.e.j.w.WebAppContext@46468f0{/,file:///tmp/jetty-0.0.0.0-34543-hddsDatanode-_-any-3998691497328909497.dir/webapp/,AVAILABLE}{/hddsDatanode}
2019-10-01 15:51:40,398 [main] INFO  server.AbstractConnector (AbstractConnector.java:doStart(278)) - Started ServerConnector@5f8f1712{HTTP/1.1,[http/1.1]}{0.0.0.0:34543}
2019-10-01 15:51:40,400 [main] INFO  server.Server (Server.java:doStart(419)) - Started @222110ms
2019-10-01 15:51:40,400 [main] WARN  impl.MetricsSystemImpl (MetricsSystemImpl.java:register(276)) - Sink prometheus already exists!
2019-10-01 15:51:40,400 [main] INFO  server.BaseHttpServer (BaseHttpServer.java:updateConnectorAddress(215)) - HTTP server of HDDSDATANODE is listening at http://0.0.0.0:34543
2019-10-01 15:51:40,401 [main] INFO  ozone.MiniOzoneClusterImpl (MiniOzoneClusterImpl.java:lambda$waitForClusterToBeReady$0(147)) - Waiting for cluster to be ready. Got 0 of 7 DN Heartbeats.
2019-10-01 15:51:40,401 [org.apache.hadoop.util.JvmPauseMonitor$Monitor@4ae3612a] INFO  util.JvmPauseMonitor (JvmPauseMonitor.java:run(188)) - Starting JVM pause monitor
2019-10-01 15:51:40,402 [Datanode State Machine Thread - 0] INFO  datanode.InitDatanodeState (InitDatanodeState.java:persistContainerDatanodeDetails(140)) - DatanodeDetails is persisted to /workdir/hadoop-ozone/integration-test/target/test-dir/MiniOzoneClusterImpl-d3abc12a-7b00-4510-8105-56d17a3c3693/datanode-6/meta/datanode.id
2019-10-01 15:51:41,401 [main] INFO  ozone.MiniOzoneClusterImpl (MiniOzoneClusterImpl.java:lambda$waitForClusterToBeReady$0(147)) - Waiting for cluster to be ready. Got 0 of 7 DN Heartbeats.
2019-10-01 15:51:42,101 [Datanode State Machine Thread - 0] INFO  ozoneimpl.OzoneContainer (OzoneContainer.java:start(217)) - Attempting to start container services.
2019-10-01 15:51:42,101 [Datanode State Machine Thread - 0] INFO  ozoneimpl.OzoneContainer (OzoneContainer.java:startContainerScrub(179)) - Background container scanner has been disabled.
2019-10-01 15:51:42,102 [Datanode State Machine Thread - 0] INFO  ratis.XceiverServerRatis (XceiverServerRatis.java:start(417)) - Starting XceiverServerRatis e9ae644b-b2e7-4957-b1a9-c4eb2a3795ad at port 0
2019-10-01 15:51:42,107 [Datanode State Machine Thread - 0] INFO  impl.RaftServerProxy (RaftServerProxy.java:lambda$start$3(299)) - e9ae644b-b2e7-4957-b1a9-c4eb2a3795ad: start RPC server
2019-10-01 15:51:42,110 [Datanode State Machine Thread - 0] INFO  server.GrpcService (GrpcService.java:startImpl(158)) - e9ae644b-b2e7-4957-b1a9-c4eb2a3795ad: GrpcService started, listening on 0.0.0.0/0.0.0.0:33481
2019-10-01 15:51:42,110 [Datanode State Machine Thread - 0] INFO  ratis.XceiverServerRatis (XceiverServerRatis.java:start(427)) - XceiverServerRatis e9ae644b-b2e7-4957-b1a9-c4eb2a3795ad is started using port 33481
2019-10-01 15:51:42,110 [Datanode State Machine Thread - 0] INFO  server.XceiverServerGrpc (XceiverServerGrpc.java:start(149)) - XceiverServerGrpc e9ae644b-b2e7-4957-b1a9-c4eb2a3795ad is started using port 35270
2019-10-01 15:51:42,140 [Datanode State Machine Thread - 0] INFO  ozoneimpl.OzoneContainer (OzoneContainer.java:start(217)) - Attempting to start container services.
2019-10-01 15:51:42,140 [Datanode State Machine Thread - 0] INFO  ozoneimpl.OzoneContainer (OzoneContainer.java:startContainerScrub(179)) - Background container scanner has been disabled.
2019-10-01 15:51:42,140 [Datanode State Machine Thread - 0] INFO  ratis.XceiverServerRatis (XceiverServerRatis.java:start(417)) - Starting XceiverServerRatis ffe3c3d7-f60a-4f12-ae91-fdd1dea308df at port 0
2019-10-01 15:51:42,144 [Datanode State Machine Thread - 0] INFO  impl.RaftServerProxy (RaftServerProxy.java:lambda$start$3(299)) - ffe3c3d7-f60a-4f12-ae91-fdd1dea308df: start RPC server
2019-10-01 15:51:42,149 [Datanode State Machine Thread - 0] INFO  server.GrpcService (GrpcService.java:startImpl(158)) - ffe3c3d7-f60a-4f12-ae91-fdd1dea308df: GrpcService started, listening on 0.0.0.0/0.0.0.0:40867
2019-10-01 15:51:42,149 [Datanode State Machine Thread - 0] INFO  ratis.XceiverServerRatis (XceiverServerRatis.java:start(427)) - XceiverServerRatis ffe3c3d7-f60a-4f12-ae91-fdd1dea308df is started using port 40867
2019-10-01 15:51:42,150 [Datanode State Machine Thread - 0] INFO  server.XceiverServerGrpc (XceiverServerGrpc.java:start(149)) - XceiverServerGrpc ffe3c3d7-f60a-4f12-ae91-fdd1dea308df is started using port 37460
2019-10-01 15:51:42,193 [Datanode State Machine Thread - 0] INFO  ozoneimpl.OzoneContainer (OzoneContainer.java:start(217)) - Attempting to start container services.
2019-10-01 15:51:42,193 [Datanode State Machine Thread - 0] INFO  ozoneimpl.OzoneContainer (OzoneContainer.java:startContainerScrub(179)) - Background container scanner has been disabled.
2019-10-01 15:51:42,193 [Datanode State Machine Thread - 0] INFO  ratis.XceiverServerRatis (XceiverServerRatis.java:start(417)) - Starting XceiverServerRatis dcfcd63b-1626-44e7-99fa-a7af6291125a at port 0
2019-10-01 15:51:42,198 [Datanode State Machine Thread - 0] INFO  impl.RaftServerProxy (RaftServerProxy.java:lambda$start$3(299)) - dcfcd63b-1626-44e7-99fa-a7af6291125a: start RPC server
2019-10-01 15:51:42,200 [Datanode State Machine Thread - 0] INFO  server.GrpcService (GrpcService.java:startImpl(158)) - dcfcd63b-1626-44e7-99fa-a7af6291125a: GrpcService started, listening on 0.0.0.0/0.0.0.0:36667
2019-10-01 15:51:42,200 [Datanode State Machine Thread - 0] INFO  ratis.XceiverServerRatis (XceiverServerRatis.java:start(427)) - XceiverServerRatis dcfcd63b-1626-44e7-99fa-a7af6291125a is started using port 36667
2019-10-01 15:51:42,202 [Datanode State Machine Thread - 0] INFO  server.XceiverServerGrpc (XceiverServerGrpc.java:start(149)) - XceiverServerGrpc dcfcd63b-1626-44e7-99fa-a7af6291125a is started using port 37963
2019-10-01 15:51:42,248 [Datanode State Machine Thread - 0] INFO  ozoneimpl.OzoneContainer (OzoneContainer.java:start(217)) - Attempting to start container services.
2019-10-01 15:51:42,248 [Datanode State Machine Thread - 0] INFO  ozoneimpl.OzoneContainer (OzoneContainer.java:startContainerScrub(179)) - Background container scanner has been disabled.
2019-10-01 15:51:42,248 [Datanode State Machine Thread - 0] INFO  ratis.XceiverServerRatis (XceiverServerRatis.java:start(417)) - Starting XceiverServerRatis ead53cd4-d2c5-4e02-8f5e-1c412ad5552b at port 0
2019-10-01 15:51:42,253 [Datanode State Machine Thread - 0] INFO  impl.RaftServerProxy (RaftServerProxy.java:lambda$start$3(299)) - ead53cd4-d2c5-4e02-8f5e-1c412ad5552b: start RPC server
2019-10-01 15:51:42,254 [Datanode State Machine Thread - 0] INFO  server.GrpcService (GrpcService.java:startImpl(158)) - ead53cd4-d2c5-4e02-8f5e-1c412ad5552b: GrpcService started, listening on 0.0.0.0/0.0.0.0:43461
2019-10-01 15:51:42,254 [Datanode State Machine Thread - 0] INFO  ratis.XceiverServerRatis (XceiverServerRatis.java:start(427)) - XceiverServerRatis ead53cd4-d2c5-4e02-8f5e-1c412ad5552b is started using port 43461
2019-10-01 15:51:42,254 [Datanode State Machine Thread - 0] INFO  server.XceiverServerGrpc (XceiverServerGrpc.java:start(149)) - XceiverServerGrpc ead53cd4-d2c5-4e02-8f5e-1c412ad5552b is started using port 46863
2019-10-01 15:51:42,304 [Datanode State Machine Thread - 0] INFO  ozoneimpl.OzoneContainer (OzoneContainer.java:start(217)) - Attempting to start container services.
2019-10-01 15:51:42,305 [Datanode State Machine Thread - 0] INFO  ozoneimpl.OzoneContainer (OzoneContainer.java:startContainerScrub(179)) - Background container scanner has been disabled.
2019-10-01 15:51:42,305 [Datanode State Machine Thread - 0] INFO  ratis.XceiverServerRatis (XceiverServerRatis.java:start(417)) - Starting XceiverServerRatis 0d4eb867-2999-4d6c-a0c0-a2f8240d349b at port 0
2019-10-01 15:51:42,310 [Datanode State Machine Thread - 0] INFO  impl.RaftServerProxy (RaftServerProxy.java:lambda$start$3(299)) - 0d4eb867-2999-4d6c-a0c0-a2f8240d349b: start RPC server
2019-10-01 15:51:42,310 [Datanode State Machine Thread - 0] INFO  server.GrpcService (GrpcService.java:startImpl(158)) - 0d4eb867-2999-4d6c-a0c0-a2f8240d349b: GrpcService started, listening on 0.0.0.0/0.0.0.0:41133
2019-10-01 15:51:42,310 [Datanode State Machine Thread - 0] INFO  ratis.XceiverServerRatis (XceiverServerRatis.java:start(427)) - XceiverServerRatis 0d4eb867-2999-4d6c-a0c0-a2f8240d349b is started using port 41133
2019-10-01 15:51:42,311 [Datanode State Machine Thread - 0] INFO  server.XceiverServerGrpc (XceiverServerGrpc.java:start(149)) - XceiverServerGrpc 0d4eb867-2999-4d6c-a0c0-a2f8240d349b is started using port 44571
2019-10-01 15:51:42,358 [Datanode State Machine Thread - 0] INFO  ozoneimpl.OzoneContainer (OzoneContainer.java:start(217)) - Attempting to start container services.
2019-10-01 15:51:42,358 [Datanode State Machine Thread - 0] INFO  ozoneimpl.OzoneContainer (OzoneContainer.java:startContainerScrub(179)) - Background container scanner has been disabled.
2019-10-01 15:51:42,358 [Datanode State Machine Thread - 0] INFO  ratis.XceiverServerRatis (XceiverServerRatis.java:start(417)) - Starting XceiverServerRatis c463c838-7bfa-4ae3-90f9-f2c460f81aff at port 0
2019-10-01 15:51:42,363 [Datanode State Machine Thread - 0] INFO  impl.RaftServerProxy (RaftServerProxy.java:lambda$start$3(299)) - c463c838-7bfa-4ae3-90f9-f2c460f81aff: start RPC server
2019-10-01 15:51:42,363 [Datanode State Machine Thread - 0] INFO  server.GrpcService (GrpcService.java:startImpl(158)) - c463c838-7bfa-4ae3-90f9-f2c460f81aff: GrpcService started, listening on 0.0.0.0/0.0.0.0:34868
2019-10-01 15:51:42,363 [Datanode State Machine Thread - 0] INFO  ratis.XceiverServerRatis (XceiverServerRatis.java:start(427)) - XceiverServerRatis c463c838-7bfa-4ae3-90f9-f2c460f81aff is started using port 34868
2019-10-01 15:51:42,364 [Datanode State Machine Thread - 0] INFO  server.XceiverServerGrpc (XceiverServerGrpc.java:start(149)) - XceiverServerGrpc c463c838-7bfa-4ae3-90f9-f2c460f81aff is started using port 43304
2019-10-01 15:51:42,402 [main] INFO  ozone.MiniOzoneClusterImpl (MiniOzoneClusterImpl.java:lambda$waitForClusterToBeReady$0(147)) - Waiting for cluster to be ready. Got 0 of 7 DN Heartbeats.
2019-10-01 15:51:42,415 [Datanode State Machine Thread - 0] INFO  ozoneimpl.OzoneContainer (OzoneContainer.java:start(217)) - Attempting to start container services.
2019-10-01 15:51:42,415 [Datanode State Machine Thread - 0] INFO  ozoneimpl.OzoneContainer (OzoneContainer.java:startContainerScrub(179)) - Background container scanner has been disabled.
2019-10-01 15:51:42,415 [Datanode State Machine Thread - 0] INFO  ratis.XceiverServerRatis (XceiverServerRatis.java:start(417)) - Starting XceiverServerRatis c120ad6e-6736-4c56-8417-fba4a7862d30 at port 0
2019-10-01 15:51:42,643 [Datanode State Machine Thread - 0] INFO  impl.RaftServerProxy (RaftServerProxy.java:lambda$start$3(299)) - c120ad6e-6736-4c56-8417-fba4a7862d30: start RPC server
2019-10-01 15:51:42,672 [Datanode State Machine Thread - 0] INFO  server.GrpcService (GrpcService.java:startImpl(158)) - c120ad6e-6736-4c56-8417-fba4a7862d30: GrpcService started, listening on 0.0.0.0/0.0.0.0:41036
2019-10-01 15:51:42,676 [Datanode State Machine Thread - 0] INFO  ratis.XceiverServerRatis (XceiverServerRatis.java:start(427)) - XceiverServerRatis c120ad6e-6736-4c56-8417-fba4a7862d30 is started using port 41036
2019-10-01 15:51:42,683 [Datanode State Machine Thread - 0] INFO  server.XceiverServerGrpc (XceiverServerGrpc.java:start(149)) - XceiverServerGrpc c120ad6e-6736-4c56-8417-fba4a7862d30 is started using port 43121
2019-10-01 15:51:43,402 [main] INFO  ozone.MiniOzoneClusterImpl (MiniOzoneClusterImpl.java:lambda$waitForClusterToBeReady$0(147)) - Waiting for cluster to be ready. Got 0 of 7 DN Heartbeats.
2019-10-01 15:51:44,073 [IPC Server handler 1 on 34479] INFO  net.NetworkTopology (NetworkTopologyImpl.java:add(111)) - Added a new node: /default-rack/e9ae644b-b2e7-4957-b1a9-c4eb2a3795ad
2019-10-01 15:51:44,075 [IPC Server handler 1 on 34479] INFO  node.SCMNodeManager (SCMNodeManager.java:register(266)) - Registered Data node : e9ae644b-b2e7-4957-b1a9-c4eb2a3795ad{ip: 192.168.151.117, host: pr-hdds-2221-4x997-2286248681, networkLocation: /default-rack, certSerialId: null}
2019-10-01 15:51:44,076 [EventQueue-NodeRegistrationContainerReportForDataNodeSafeModeRule] INFO  safemode.SCMSafeModeManager (DataNodeSafeModeRule.java:process(71)) - SCM in safe mode. 1 DataNodes registered, 1 required.
2019-10-01 15:51:44,078 [EventQueue-NodeRegistrationContainerReportForDataNodeSafeModeRule] INFO  safemode.SCMSafeModeManager (SCMSafeModeManager.java:validateSafeModeExitRules(177)) - ScmSafeModeManager, all rules are successfully validated
2019-10-01 15:51:44,078 [EventQueue-NodeRegistrationContainerReportForDataNodeSafeModeRule] INFO  safemode.SCMSafeModeManager (SCMSafeModeManager.java:exitSafeMode(193)) - SCM exiting safe mode.
2019-10-01 15:51:44,095 [grpc-default-executor-6] INFO  impl.RaftServerProxy (RaftServerProxy.java:addNew(89)) - e9ae644b-b2e7-4957-b1a9-c4eb2a3795ad: addNew group-8E3A25802EDE:[e9ae644b-b2e7-4957-b1a9-c4eb2a3795ad:192.168.151.117:33481] returns group-8E3A25802EDE:java.util.concurrent.CompletableFuture@28871ecd[Not completed]
2019-10-01 15:51:44,097 [pool-383-thread-1] INFO  impl.RaftServerImpl (RaftServerImpl.java:<init>(95)) - e9ae644b-b2e7-4957-b1a9-c4eb2a3795ad: new RaftServerImpl for group-8E3A25802EDE:[e9ae644b-b2e7-4957-b1a9-c4eb2a3795ad:192.168.151.117:33481] with ContainerStateMachine:uninitialized
2019-10-01 15:51:44,097 [pool-383-thread-1] INFO  server.RaftServerConfigKeys (ConfUtils.java:logGet(43)) - raft.server.rpc.timeout.min = 5s (custom)
2019-10-01 15:51:44,097 [pool-383-thread-1] INFO  server.RaftServerConfigKeys (ConfUtils.java:logGet(43)) - raft.server.rpc.timeout.max = 5200ms (custom)
2019-10-01 15:51:44,097 [pool-383-thread-1] INFO  server.RaftServerConfigKeys (ConfUtils.java:logGet(43)) - raft.server.rpcslowness.timeout = 120s (custom)
2019-10-01 15:51:44,098 [pool-383-thread-1] INFO  server.RaftServerConfigKeys (ConfUtils.java:logGet(43)) - raft.server.sleep.deviation.threshold = 300 (default)
2019-10-01 15:51:44,098 [pool-383-thread-1] INFO  server.RaftServerConfigKeys (ConfUtils.java:logGet(43)) - raft.server.log.appender.install.snapshot.enabled = false (custom)
2019-10-01 15:51:44,098 [pool-383-thread-1] INFO  impl.RaftServerImpl (ServerState.java:<init>(103)) - e9ae644b-b2e7-4957-b1a9-c4eb2a3795ad@group-8E3A25802EDE: ConfigurationManager, init=-1: [e9ae644b-b2e7-4957-b1a9-c4eb2a3795ad:192.168.151.117:33481], old=null, confs=<EMPTY_MAP>
2019-10-01 15:51:44,098 [pool-383-thread-1] INFO  server.RaftServerConfigKeys (ConfUtils.java:logGet(43)) - raft.server.storage.dir = [/workdir/hadoop-ozone/integration-test/target/test-dir/MiniOzoneClusterImpl-d3abc12a-7b00-4510-8105-56d17a3c3693/datanode-0/data/ratis] (custom)
2019-10-01 15:51:44,098 [pool-383-thread-1] INFO  storage.RaftStorageDirectory (RaftStorageDirectory.java:analyzeStorage(246)) - The storage directory /workdir/hadoop-ozone/integration-test/target/test-dir/MiniOzoneClusterImpl-d3abc12a-7b00-4510-8105-56d17a3c3693/datanode-0/data/ratis/d0619156-b1eb-4f4c-8978-8e3a25802ede does not exist. Creating ...
2019-10-01 15:51:44,125 [IPC Server handler 2 on 34479] INFO  net.NetworkTopology (NetworkTopologyImpl.java:add(111)) - Added a new node: /default-rack/ffe3c3d7-f60a-4f12-ae91-fdd1dea308df
2019-10-01 15:51:44,125 [IPC Server handler 2 on 34479] INFO  node.SCMNodeManager (SCMNodeManager.java:register(266)) - Registered Data node : ffe3c3d7-f60a-4f12-ae91-fdd1dea308df{ip: 192.168.151.117, host: pr-hdds-2221-4x997-2286248681, networkLocation: /default-rack, certSerialId: null}
2019-10-01 15:51:44,136 [pool-383-thread-1] INFO  storage.RaftStorageDirectory (RaftStorageDirectory.java:tryLock(328)) - Lock on /workdir/hadoop-ozone/integration-test/target/test-dir/MiniOzoneClusterImpl-d3abc12a-7b00-4510-8105-56d17a3c3693/datanode-0/data/ratis/d0619156-b1eb-4f4c-8978-8e3a25802ede/in_use.lock acquired by nodename 19176@pr-hdds-2221-4x997-2286248681
2019-10-01 15:51:44,180 [IPC Server handler 3 on 34479] INFO  net.NetworkTopology (NetworkTopologyImpl.java:add(111)) - Added a new node: /default-rack/dcfcd63b-1626-44e7-99fa-a7af6291125a
2019-10-01 15:51:44,180 [IPC Server handler 3 on 34479] INFO  node.SCMNodeManager (SCMNodeManager.java:register(266)) - Registered Data node : dcfcd63b-1626-44e7-99fa-a7af6291125a{ip: 192.168.151.117, host: pr-hdds-2221-4x997-2286248681, networkLocation: /default-rack, certSerialId: null}
2019-10-01 15:51:44,202 [pool-383-thread-1] INFO  storage.RaftStorage (RaftStorage.java:format(72)) - Storage directory /workdir/hadoop-ozone/integration-test/target/test-dir/MiniOzoneClusterImpl-d3abc12a-7b00-4510-8105-56d17a3c3693/datanode-0/data/ratis/d0619156-b1eb-4f4c-8978-8e3a25802ede has been successfully formatted.
2019-10-01 15:51:44,202 [pool-383-thread-1] INFO  ratis.ContainerStateMachine (ContainerStateMachine.java:loadSnapshot(230)) - group-8E3A25802EDE: The snapshot info is null. Setting the last applied indexto:(t:0, i:~)
2019-10-01 15:51:44,202 [pool-383-thread-1] INFO  server.RaftServerConfigKeys (ConfUtils.java:logGet(43)) - raft.server.notification.no-leader.timeout = 120s (custom)
2019-10-01 15:51:44,202 [pool-383-thread-1] INFO  server.RaftServerConfigKeys (ConfUtils.java:logGet(43)) - raft.server.log.use.memory = false (default)
2019-10-01 15:51:44,203 [pool-383-thread-1] INFO  server.RaftServerConfigKeys (ConfUtils.java:logGet(43)) - raft.server.log.purge.gap = 1000000 (custom)
2019-10-01 15:51:44,203 [pool-383-thread-1] INFO  server.RaftServerConfigKeys (ConfUtils.java:logGet(43)) - raft.server.log.appender.buffer.byte-limit = 33554432 (custom)
2019-10-01 15:51:44,203 [pool-383-thread-1] INFO  server.RaftServerConfigKeys (ConfUtils.java:logGet(43)) - raft.server.log.segment.size.max = 1048576 (custom)
2019-10-01 15:51:44,203 [pool-383-thread-1] INFO  server.RaftServerConfigKeys (ConfUtils.java:logGet(43)) - raft.server.log.segment.cache.num.max = 2 (custom)
2019-10-01 15:51:44,203 [pool-383-thread-1] INFO  segmented.SegmentedRaftLogWorker (SegmentedRaftLogWorker.java:<init>(172)) - new e9ae644b-b2e7-4957-b1a9-c4eb2a3795ad@group-8E3A25802EDE-SegmentedRaftLogWorker for RaftStorage:Storage Directory /workdir/hadoop-ozone/integration-test/target/test-dir/MiniOzoneClusterImpl-d3abc12a-7b00-4510-8105-56d17a3c3693/datanode-0/data/ratis/d0619156-b1eb-4f4c-8978-8e3a25802ede
2019-10-01 15:51:44,205 [pool-383-thread-1] INFO  server.RaftServerConfigKeys (ConfUtils.java:logGet(43)) - raft.server.log.queue.byte-limit = 2147483647 (custom)
2019-10-01 15:51:44,205 [pool-383-thread-1] INFO  server.RaftServerConfigKeys (ConfUtils.java:logGet(43)) - raft.server.log.queue.element-limit = 1024 (custom)
2019-10-01 15:51:44,206 [pool-383-thread-1] INFO  server.RaftServerConfigKeys (ConfUtils.java:logGet(43)) - raft.server.log.segment.size.max = 1048576 (custom)
2019-10-01 15:51:44,206 [pool-383-thread-1] INFO  server.RaftServerConfigKeys (ConfUtils.java:logGet(43)) - raft.server.log.preallocated.size = 16384 (custom)
2019-10-01 15:51:44,206 [pool-383-thread-1] INFO  server.RaftServerConfigKeys (ConfUtils.java:logGet(43)) - raft.server.log.write.buffer.size = 33554432 (custom)
2019-10-01 15:51:44,206 [pool-383-thread-1] INFO  server.RaftServerConfigKeys (ConfUtils.java:logGet(43)) - raft.server.log.force.sync.num = 128 (default)
2019-10-01 15:51:44,206 [pool-383-thread-1] INFO  server.RaftServerConfigKeys (ConfUtils.java:logGet(43)) - raft.server.log.statemachine.data.sync = true (default)
2019-10-01 15:51:44,207 [pool-383-thread-1] INFO  server.RaftServerConfigKeys (ConfUtils.java:logGet(43)) - raft.server.log.statemachine.data.sync.timeout = 10s (default)
2019-10-01 15:51:44,207 [pool-383-thread-1] INFO  server.RaftServerConfigKeys (ConfUtils.java:logGet(43)) - raft.server.log.statemachine.data.sync.timeout.retry = -1 (default)
2019-10-01 15:51:44,207 [pool-383-thread-1] INFO  server.RaftServerConfigKeys (ConfUtils.java:logGet(43)) - raft.server.log.statemachine.data.caching.enabled = true (custom)
2019-10-01 15:51:44,207 [pool-383-thread-1] INFO  segmented.SegmentedRaftLogWorker (SegmentedRaftLogWorker.java:lambda$new$0(132)) - e9ae644b-b2e7-4957-b1a9-c4eb2a3795ad@group-8E3A25802EDE-SegmentedRaftLogWorker: flushIndex: setUnconditionally 0 -> -1
2019-10-01 15:51:44,208 [pool-383-thread-1] INFO  server.RaftServerConfigKeys (ConfUtils.java:logGet(43)) - raft.server.snapshot.auto.trigger.enabled = true (custom)
2019-10-01 15:51:44,208 [pool-383-thread-1] INFO  server.RaftServerConfigKeys (ConfUtils.java:logGet(43)) - raft.server.snapshot.auto.trigger.threshold = 10000 (custom)
2019-10-01 15:51:44,208 [pool-383-thread-1] INFO  server.RaftServerConfigKeys (ConfUtils.java:logGet(43)) - raft.server.snapshot.retention.num.files = 5 (custom)
2019-10-01 15:51:44,208 [pool-383-thread-1] INFO  server.RaftServerConfigKeys (ConfUtils.java:logGet(43)) - raft.server.retrycache.expirytime = 600000ms (custom)
2019-10-01 15:51:44,210 [pool-383-thread-1] INFO  impl.RaftServerImpl (RaftServerImpl.java:start(185)) - e9ae644b-b2e7-4957-b1a9-c4eb2a3795ad@group-8E3A25802EDE: start as a follower, conf=-1: [e9ae644b-b2e7-4957-b1a9-c4eb2a3795ad:192.168.151.117:33481], old=null
2019-10-01 15:51:44,210 [pool-383-thread-1] INFO  impl.RaftServerImpl (RaftServerImpl.java:setRole(174)) - e9ae644b-b2e7-4957-b1a9-c4eb2a3795ad@group-8E3A25802EDE: changes role from      null to FOLLOWER at term 0 for startAsFollower
2019-10-01 15:51:44,210 [pool-383-thread-1] INFO  impl.RoleInfo (RoleInfo.java:updateAndGet(143)) - e9ae644b-b2e7-4957-b1a9-c4eb2a3795ad: start FollowerState
2019-10-01 15:51:44,211 [pool-383-thread-1] INFO  util.JmxRegister (JmxRegister.java:tryRegister(44)) - Successfully registered JMX Bean with object name Ratis:service=RaftServer,group=group-8E3A25802EDE,id=e9ae644b-b2e7-4957-b1a9-c4eb2a3795ad
2019-10-01 15:51:44,235 [IPC Server handler 0 on 34479] INFO  net.NetworkTopology (NetworkTopologyImpl.java:add(111)) - Added a new node: /default-rack/ead53cd4-d2c5-4e02-8f5e-1c412ad5552b
2019-10-01 15:51:44,235 [IPC Server handler 0 on 34479] INFO  node.SCMNodeManager (SCMNodeManager.java:register(266)) - Registered Data node : ead53cd4-d2c5-4e02-8f5e-1c412ad5552b{ip: 192.168.151.117, host: pr-hdds-2221-4x997-2286248681, networkLocation: /default-rack, certSerialId: null}
2019-10-01 15:51:44,238 [RatisPipelineUtilsThread] INFO  pipeline.PipelineStateManager (PipelineStateManager.java:addPipeline(56)) - Created pipeline Pipeline[ Id: d0619156-b1eb-4f4c-8978-8e3a25802ede, Nodes: e9ae644b-b2e7-4957-b1a9-c4eb2a3795ad{ip: 192.168.151.117, host: pr-hdds-2221-4x997-2286248681, networkLocation: /default-rack, certSerialId: null}, Type:RATIS, Factor:ONE, State:OPEN]
2019-10-01 15:51:44,245 [grpc-default-executor-6] INFO  impl.RaftServerProxy (RaftServerProxy.java:addNew(89)) - ffe3c3d7-f60a-4f12-ae91-fdd1dea308df: addNew group-69BA6756C9BA:[ffe3c3d7-f60a-4f12-ae91-fdd1dea308df:192.168.151.117:40867] returns group-69BA6756C9BA:java.util.concurrent.CompletableFuture@5849fd30[Not completed]
2019-10-01 15:51:44,246 [pool-393-thread-1] INFO  impl.RaftServerImpl (RaftServerImpl.java:<init>(95)) - ffe3c3d7-f60a-4f12-ae91-fdd1dea308df: new RaftServerImpl for group-69BA6756C9BA:[ffe3c3d7-f60a-4f12-ae91-fdd1dea308df:192.168.151.117:40867] with ContainerStateMachine:uninitialized
2019-10-01 15:51:44,246 [pool-393-thread-1] INFO  server.RaftServerConfigKeys (ConfUtils.java:logGet(43)) - raft.server.rpc.timeout.min = 5s (custom)
2019-10-01 15:51:44,246 [pool-393-thread-1] INFO  server.RaftServerConfigKeys (ConfUtils.java:logGet(43)) - raft.server.rpc.timeout.max = 5200ms (custom)
2019-10-01 15:51:44,246 [pool-393-thread-1] INFO  server.RaftServerConfigKeys (ConfUtils.java:logGet(43)) - raft.server.rpcslowness.timeout = 120s (custom)
2019-10-01 15:51:44,246 [pool-393-thread-1] INFO  server.RaftServerConfigKeys (ConfUtils.java:logGet(43)) - raft.server.sleep.deviation.threshold = 300 (default)
2019-10-01 15:51:44,246 [pool-393-thread-1] INFO  server.RaftServerConfigKeys (ConfUtils.java:logGet(43)) - raft.server.log.appender.install.snapshot.enabled = false (custom)
2019-10-01 15:51:44,247 [pool-393-thread-1] INFO  impl.RaftServerImpl (ServerState.java:<init>(103)) - ffe3c3d7-f60a-4f12-ae91-fdd1dea308df@group-69BA6756C9BA: ConfigurationManager, init=-1: [ffe3c3d7-f60a-4f12-ae91-fdd1dea308df:192.168.151.117:40867], old=null, confs=<EMPTY_MAP>
2019-10-01 15:51:44,247 [pool-393-thread-1] INFO  server.RaftServerConfigKeys (ConfUtils.java:logGet(43)) - raft.server.storage.dir = [/workdir/hadoop-ozone/integration-test/target/test-dir/MiniOzoneClusterImpl-d3abc12a-7b00-4510-8105-56d17a3c3693/datanode-1/data/ratis] (custom)
2019-10-01 15:51:44,247 [pool-393-thread-1] INFO  storage.RaftStorageDirectory (RaftStorageDirectory.java:analyzeStorage(246)) - The storage directory /workdir/hadoop-ozone/integration-test/target/test-dir/MiniOzoneClusterImpl-d3abc12a-7b00-4510-8105-56d17a3c3693/datanode-1/data/ratis/e7528922-ce6d-435e-9838-69ba6756c9ba does not exist. Creating ...
2019-10-01 15:51:44,260 [pool-393-thread-1] INFO  storage.RaftStorageDirectory (RaftStorageDirectory.java:tryLock(328)) - Lock on /workdir/hadoop-ozone/integration-test/target/test-dir/MiniOzoneClusterImpl-d3abc12a-7b00-4510-8105-56d17a3c3693/datanode-1/data/ratis/e7528922-ce6d-435e-9838-69ba6756c9ba/in_use.lock acquired by nodename 19176@pr-hdds-2221-4x997-2286248681
2019-10-01 15:51:44,273 [pool-393-thread-1] INFO  storage.RaftStorage (RaftStorage.java:format(72)) - Storage directory /workdir/hadoop-ozone/integration-test/target/test-dir/MiniOzoneClusterImpl-d3abc12a-7b00-4510-8105-56d17a3c3693/datanode-1/data/ratis/e7528922-ce6d-435e-9838-69ba6756c9ba has been successfully formatted.
2019-10-01 15:51:44,273 [pool-393-thread-1] INFO  ratis.ContainerStateMachine (ContainerStateMachine.java:loadSnapshot(230)) - group-69BA6756C9BA: The snapshot info is null. Setting the last applied indexto:(t:0, i:~)
2019-10-01 15:51:44,274 [pool-393-thread-1] INFO  server.RaftServerConfigKeys (ConfUtils.java:logGet(43)) - raft.server.notification.no-leader.timeout = 120s (custom)
2019-10-01 15:51:44,274 [pool-393-thread-1] INFO  server.RaftServerConfigKeys (ConfUtils.java:logGet(43)) - raft.server.log.use.memory = false (default)
2019-10-01 15:51:44,274 [pool-393-thread-1] INFO  server.RaftServerConfigKeys (ConfUtils.java:logGet(43)) - raft.server.log.purge.gap = 1000000 (custom)
2019-10-01 15:51:44,274 [pool-393-thread-1] INFO  server.RaftServerConfigKeys (ConfUtils.java:logGet(43)) - raft.server.log.appender.buffer.byte-limit = 33554432 (custom)
2019-10-01 15:51:44,274 [pool-393-thread-1] INFO  server.RaftServerConfigKeys (ConfUtils.java:logGet(43)) - raft.server.log.segment.size.max = 1048576 (custom)
2019-10-01 15:51:44,274 [pool-393-thread-1] INFO  server.RaftServerConfigKeys (ConfUtils.java:logGet(43)) - raft.server.log.segment.cache.num.max = 2 (custom)
2019-10-01 15:51:44,274 [pool-393-thread-1] INFO  segmented.SegmentedRaftLogWorker (SegmentedRaftLogWorker.java:<init>(172)) - new ffe3c3d7-f60a-4f12-ae91-fdd1dea308df@group-69BA6756C9BA-SegmentedRaftLogWorker for RaftStorage:Storage Directory /workdir/hadoop-ozone/integration-test/target/test-dir/MiniOzoneClusterImpl-d3abc12a-7b00-4510-8105-56d17a3c3693/datanode-1/data/ratis/e7528922-ce6d-435e-9838-69ba6756c9ba
2019-10-01 15:51:44,275 [pool-393-thread-1] INFO  server.RaftServerConfigKeys (ConfUtils.java:logGet(43)) - raft.server.log.queue.byte-limit = 2147483647 (custom)
2019-10-01 15:51:44,275 [pool-393-thread-1] INFO  server.RaftServerConfigKeys (ConfUtils.java:logGet(43)) - raft.server.log.queue.element-limit = 1024 (custom)
2019-10-01 15:51:44,276 [pool-393-thread-1] INFO  server.RaftServerConfigKeys (ConfUtils.java:logGet(43)) - raft.server.log.segment.size.max = 1048576 (custom)
2019-10-01 15:51:44,276 [pool-393-thread-1] INFO  server.RaftServerConfigKeys (ConfUtils.java:logGet(43)) - raft.server.log.preallocated.size = 16384 (custom)
2019-10-01 15:51:44,276 [pool-393-thread-1] INFO  server.RaftServerConfigKeys (ConfUtils.java:logGet(43)) - raft.server.log.write.buffer.size = 33554432 (custom)
2019-10-01 15:51:44,276 [pool-393-thread-1] INFO  server.RaftServerConfigKeys (ConfUtils.java:logGet(43)) - raft.server.log.force.sync.num = 128 (default)
2019-10-01 15:51:44,276 [pool-393-thread-1] INFO  server.RaftServerConfigKeys (ConfUtils.java:logGet(43)) - raft.server.log.statemachine.data.sync = true (default)
2019-10-01 15:51:44,276 [pool-393-thread-1] INFO  server.RaftServerConfigKeys (ConfUtils.java:logGet(43)) - raft.server.log.statemachine.data.sync.timeout = 10s (default)
2019-10-01 15:51:44,276 [pool-393-thread-1] INFO  server.RaftServerConfigKeys (ConfUtils.java:logGet(43)) - raft.server.log.statemachine.data.sync.timeout.retry = -1 (default)
2019-10-01 15:51:44,276 [pool-393-thread-1] INFO  server.RaftServerConfigKeys (ConfUtils.java:logGet(43)) - raft.server.log.statemachine.data.caching.enabled = true (custom)
2019-10-01 15:51:44,276 [pool-393-thread-1] INFO  segmented.SegmentedRaftLogWorker (SegmentedRaftLogWorker.java:lambda$new$0(132)) - ffe3c3d7-f60a-4f12-ae91-fdd1dea308df@group-69BA6756C9BA-SegmentedRaftLogWorker: flushIndex: setUnconditionally 0 -> -1
2019-10-01 15:51:44,277 [pool-393-thread-1] INFO  server.RaftServerConfigKeys (ConfUtils.java:logGet(43)) - raft.server.snapshot.auto.trigger.enabled = true (custom)
2019-10-01 15:51:44,277 [pool-393-thread-1] INFO  server.RaftServerConfigKeys (ConfUtils.java:logGet(43)) - raft.server.snapshot.auto.trigger.threshold = 10000 (custom)
2019-10-01 15:51:44,277 [pool-393-thread-1] INFO  server.RaftServerConfigKeys (ConfUtils.java:logGet(43)) - raft.server.snapshot.retention.num.files = 5 (custom)
2019-10-01 15:51:44,277 [pool-393-thread-1] INFO  server.RaftServerConfigKeys (ConfUtils.java:logGet(43)) - raft.server.retrycache.expirytime = 600000ms (custom)
2019-10-01 15:51:44,278 [pool-393-thread-1] INFO  impl.RaftServerImpl (RaftServerImpl.java:start(185)) - ffe3c3d7-f60a-4f12-ae91-fdd1dea308df@group-69BA6756C9BA: start as a follower, conf=-1: [ffe3c3d7-f60a-4f12-ae91-fdd1dea308df:192.168.151.117:40867], old=null
2019-10-01 15:51:44,279 [pool-393-thread-1] INFO  impl.RaftServerImpl (RaftServerImpl.java:setRole(174)) - ffe3c3d7-f60a-4f12-ae91-fdd1dea308df@group-69BA6756C9BA: changes role from      null to FOLLOWER at term 0 for startAsFollower
2019-10-01 15:51:44,279 [pool-393-thread-1] INFO  impl.RoleInfo (RoleInfo.java:updateAndGet(143)) - ffe3c3d7-f60a-4f12-ae91-fdd1dea308df: start FollowerState
2019-10-01 15:51:44,279 [pool-393-thread-1] INFO  util.JmxRegister (JmxRegister.java:tryRegister(44)) - Successfully registered JMX Bean with object name Ratis:service=RaftServer,group=group-69BA6756C9BA,id=ffe3c3d7-f60a-4f12-ae91-fdd1dea308df
2019-10-01 15:51:44,285 [RatisPipelineUtilsThread] INFO  pipeline.PipelineStateManager (PipelineStateManager.java:addPipeline(56)) - Created pipeline Pipeline[ Id: e7528922-ce6d-435e-9838-69ba6756c9ba, Nodes: ffe3c3d7-f60a-4f12-ae91-fdd1dea308df{ip: 192.168.151.117, host: pr-hdds-2221-4x997-2286248681, networkLocation: /default-rack, certSerialId: null}, Type:RATIS, Factor:ONE, State:OPEN]
2019-10-01 15:51:44,292 [grpc-default-executor-6] INFO  impl.RaftServerProxy (RaftServerProxy.java:addNew(89)) - ead53cd4-d2c5-4e02-8f5e-1c412ad5552b: addNew group-0FC2C49B53DB:[ead53cd4-d2c5-4e02-8f5e-1c412ad5552b:192.168.151.117:43461] returns group-0FC2C49B53DB:java.util.concurrent.CompletableFuture@547a4753[Not completed]
2019-10-01 15:51:44,292 [IPC Server handler 5 on 34479] INFO  net.NetworkTopology (NetworkTopologyImpl.java:add(111)) - Added a new node: /default-rack/0d4eb867-2999-4d6c-a0c0-a2f8240d349b
2019-10-01 15:51:44,293 [IPC Server handler 5 on 34479] INFO  node.SCMNodeManager (SCMNodeManager.java:register(266)) - Registered Data node : 0d4eb867-2999-4d6c-a0c0-a2f8240d349b{ip: 192.168.151.117, host: pr-hdds-2221-4x997-2286248681, networkLocation: /default-rack, certSerialId: null}
2019-10-01 15:51:44,293 [pool-413-thread-1] INFO  impl.RaftServerImpl (RaftServerImpl.java:<init>(95)) - ead53cd4-d2c5-4e02-8f5e-1c412ad5552b: new RaftServerImpl for group-0FC2C49B53DB:[ead53cd4-d2c5-4e02-8f5e-1c412ad5552b:192.168.151.117:43461] with ContainerStateMachine:uninitialized
2019-10-01 15:51:44,293 [pool-413-thread-1] INFO  server.RaftServerConfigKeys (ConfUtils.java:logGet(43)) - raft.server.rpc.timeout.min = 5s (custom)
2019-10-01 15:51:44,293 [pool-413-thread-1] INFO  server.RaftServerConfigKeys (ConfUtils.java:logGet(43)) - raft.server.rpc.timeout.max = 5200ms (custom)
2019-10-01 15:51:44,293 [pool-413-thread-1] INFO  server.RaftServerConfigKeys (ConfUtils.java:logGet(43)) - raft.server.rpcslowness.timeout = 120s (custom)
2019-10-01 15:51:44,293 [pool-413-thread-1] INFO  server.RaftServerConfigKeys (ConfUtils.java:logGet(43)) - raft.server.sleep.deviation.threshold = 300 (default)
2019-10-01 15:51:44,293 [pool-413-thread-1] INFO  server.RaftServerConfigKeys (ConfUtils.java:logGet(43)) - raft.server.log.appender.install.snapshot.enabled = false (custom)
2019-10-01 15:51:44,293 [pool-413-thread-1] INFO  impl.RaftServerImpl (ServerState.java:<init>(103)) - ead53cd4-d2c5-4e02-8f5e-1c412ad5552b@group-0FC2C49B53DB: ConfigurationManager, init=-1: [ead53cd4-d2c5-4e02-8f5e-1c412ad5552b:192.168.151.117:43461], old=null, confs=<EMPTY_MAP>
2019-10-01 15:51:44,293 [pool-413-thread-1] INFO  server.RaftServerConfigKeys (ConfUtils.java:logGet(43)) - raft.server.storage.dir = [/workdir/hadoop-ozone/integration-test/target/test-dir/MiniOzoneClusterImpl-d3abc12a-7b00-4510-8105-56d17a3c3693/datanode-3/data/ratis] (custom)
2019-10-01 15:51:44,294 [pool-413-thread-1] INFO  storage.RaftStorageDirectory (RaftStorageDirectory.java:analyzeStorage(246)) - The storage directory /workdir/hadoop-ozone/integration-test/target/test-dir/MiniOzoneClusterImpl-d3abc12a-7b00-4510-8105-56d17a3c3693/datanode-3/data/ratis/0c41417e-22c5-4410-936d-0fc2c49b53db does not exist. Creating ...
2019-10-01 15:51:44,307 [pool-413-thread-1] INFO  storage.RaftStorageDirectory (RaftStorageDirectory.java:tryLock(328)) - Lock on /workdir/hadoop-ozone/integration-test/target/test-dir/MiniOzoneClusterImpl-d3abc12a-7b00-4510-8105-56d17a3c3693/datanode-3/data/ratis/0c41417e-22c5-4410-936d-0fc2c49b53db/in_use.lock acquired by nodename 19176@pr-hdds-2221-4x997-2286248681
2019-10-01 15:51:44,321 [pool-413-thread-1] INFO  storage.RaftStorage (RaftStorage.java:format(72)) - Storage directory /workdir/hadoop-ozone/integration-test/target/test-dir/MiniOzoneClusterImpl-d3abc12a-7b00-4510-8105-56d17a3c3693/datanode-3/data/ratis/0c41417e-22c5-4410-936d-0fc2c49b53db has been successfully formatted.
2019-10-01 15:51:44,321 [pool-413-thread-1] INFO  ratis.ContainerStateMachine (ContainerStateMachine.java:loadSnapshot(230)) - group-0FC2C49B53DB: The snapshot info is null. Setting the last applied indexto:(t:0, i:~)
2019-10-01 15:51:44,321 [pool-413-thread-1] INFO  server.RaftServerConfigKeys (ConfUtils.java:logGet(43)) - raft.server.notification.no-leader.timeout = 120s (custom)
2019-10-01 15:51:44,321 [pool-413-thread-1] INFO  server.RaftServerConfigKeys (ConfUtils.java:logGet(43)) - raft.server.log.use.memory = false (default)
2019-10-01 15:51:44,321 [pool-413-thread-1] INFO  server.RaftServerConfigKeys (ConfUtils.java:logGet(43)) - raft.server.log.purge.gap = 1000000 (custom)
2019-10-01 15:51:44,321 [pool-413-thread-1] INFO  server.RaftServerConfigKeys (ConfUtils.java:logGet(43)) - raft.server.log.appender.buffer.byte-limit = 33554432 (custom)
2019-10-01 15:51:44,321 [pool-413-thread-1] INFO  server.RaftServerConfigKeys (ConfUtils.java:logGet(43)) - raft.server.log.segment.size.max = 1048576 (custom)
2019-10-01 15:51:44,321 [pool-413-thread-1] INFO  server.RaftServerConfigKeys (ConfUtils.java:logGet(43)) - raft.server.log.segment.cache.num.max = 2 (custom)
2019-10-01 15:51:44,321 [pool-413-thread-1] INFO  segmented.SegmentedRaftLogWorker (SegmentedRaftLogWorker.java:<init>(172)) - new ead53cd4-d2c5-4e02-8f5e-1c412ad5552b@group-0FC2C49B53DB-SegmentedRaftLogWorker for RaftStorage:Storage Directory /workdir/hadoop-ozone/integration-test/target/test-dir/MiniOzoneClusterImpl-d3abc12a-7b00-4510-8105-56d17a3c3693/datanode-3/data/ratis/0c41417e-22c5-4410-936d-0fc2c49b53db
2019-10-01 15:51:44,323 [pool-413-thread-1] INFO  server.RaftServerConfigKeys (ConfUtils.java:logGet(43)) - raft.server.log.queue.byte-limit = 2147483647 (custom)
2019-10-01 15:51:44,323 [pool-413-thread-1] INFO  server.RaftServerConfigKeys (ConfUtils.java:logGet(43)) - raft.server.log.queue.element-limit = 1024 (custom)
2019-10-01 15:51:44,323 [pool-413-thread-1] INFO  server.RaftServerConfigKeys (ConfUtils.java:logGet(43)) - raft.server.log.segment.size.max = 1048576 (custom)
2019-10-01 15:51:44,323 [pool-413-thread-1] INFO  server.RaftServerConfigKeys (ConfUtils.java:logGet(43)) - raft.server.log.preallocated.size = 16384 (custom)
2019-10-01 15:51:44,323 [pool-413-thread-1] INFO  server.RaftServerConfigKeys (ConfUtils.java:logGet(43)) - raft.server.log.write.buffer.size = 33554432 (custom)
2019-10-01 15:51:44,323 [pool-413-thread-1] INFO  server.RaftServerConfigKeys (ConfUtils.java:logGet(43)) - raft.server.log.force.sync.num = 128 (default)
2019-10-01 15:51:44,323 [pool-413-thread-1] INFO  server.RaftServerConfigKeys (ConfUtils.java:logGet(43)) - raft.server.log.statemachine.data.sync = true (default)
2019-10-01 15:51:44,323 [pool-413-thread-1] INFO  server.RaftServerConfigKeys (ConfUtils.java:logGet(43)) - raft.server.log.statemachine.data.sync.timeout = 10s (default)
2019-10-01 15:51:44,323 [pool-413-thread-1] INFO  server.RaftServerConfigKeys (ConfUtils.java:logGet(43)) - raft.server.log.statemachine.data.sync.timeout.retry = -1 (default)
2019-10-01 15:51:44,323 [pool-413-thread-1] INFO  server.RaftServerConfigKeys (ConfUtils.java:logGet(43)) - raft.server.log.statemachine.data.caching.enabled = true (custom)
2019-10-01 15:51:44,324 [pool-413-thread-1] INFO  segmented.SegmentedRaftLogWorker (SegmentedRaftLogWorker.java:lambda$new$0(132)) - ead53cd4-d2c5-4e02-8f5e-1c412ad5552b@group-0FC2C49B53DB-SegmentedRaftLogWorker: flushIndex: setUnconditionally 0 -> -1
2019-10-01 15:51:44,324 [pool-413-thread-1] INFO  server.RaftServerConfigKeys (ConfUtils.java:logGet(43)) - raft.server.snapshot.auto.trigger.enabled = true (custom)
2019-10-01 15:51:44,324 [pool-413-thread-1] INFO  server.RaftServerConfigKeys (ConfUtils.java:logGet(43)) - raft.server.snapshot.auto.trigger.threshold = 10000 (custom)
2019-10-01 15:51:44,324 [pool-413-thread-1] INFO  server.RaftServerConfigKeys (ConfUtils.java:logGet(43)) - raft.server.snapshot.retention.num.files = 5 (custom)
2019-10-01 15:51:44,324 [pool-413-thread-1] INFO  server.RaftServerConfigKeys (ConfUtils.java:logGet(43)) - raft.server.retrycache.expirytime = 600000ms (custom)
2019-10-01 15:51:44,325 [pool-413-thread-1] INFO  impl.RaftServerImpl (RaftServerImpl.java:start(185)) - ead53cd4-d2c5-4e02-8f5e-1c412ad5552b@group-0FC2C49B53DB: start as a follower, conf=-1: [ead53cd4-d2c5-4e02-8f5e-1c412ad5552b:192.168.151.117:43461], old=null
2019-10-01 15:51:44,325 [pool-413-thread-1] INFO  impl.RaftServerImpl (RaftServerImpl.java:setRole(174)) - ead53cd4-d2c5-4e02-8f5e-1c412ad5552b@group-0FC2C49B53DB: changes role from      null to FOLLOWER at term 0 for startAsFollower
2019-10-01 15:51:44,325 [pool-413-thread-1] INFO  impl.RoleInfo (RoleInfo.java:updateAndGet(143)) - ead53cd4-d2c5-4e02-8f5e-1c412ad5552b: start FollowerState
2019-10-01 15:51:44,326 [pool-413-thread-1] INFO  util.JmxRegister (JmxRegister.java:tryRegister(44)) - Successfully registered JMX Bean with object name Ratis:service=RaftServer,group=group-0FC2C49B53DB,id=ead53cd4-d2c5-4e02-8f5e-1c412ad5552b
2019-10-01 15:51:44,331 [RatisPipelineUtilsThread] INFO  pipeline.PipelineStateManager (PipelineStateManager.java:addPipeline(56)) - Created pipeline Pipeline[ Id: 0c41417e-22c5-4410-936d-0fc2c49b53db, Nodes: ead53cd4-d2c5-4e02-8f5e-1c412ad5552b{ip: 192.168.151.117, host: pr-hdds-2221-4x997-2286248681, networkLocation: /default-rack, certSerialId: null}, Type:RATIS, Factor:ONE, State:OPEN]
2019-10-01 15:51:44,340 [grpc-default-executor-6] INFO  impl.RaftServerProxy (RaftServerProxy.java:addNew(89)) - 0d4eb867-2999-4d6c-a0c0-a2f8240d349b: addNew group-1C9E6AB84A1F:[0d4eb867-2999-4d6c-a0c0-a2f8240d349b:192.168.151.117:41133] returns group-1C9E6AB84A1F:java.util.concurrent.CompletableFuture@5dbc75db[Not completed]
2019-10-01 15:51:44,341 [pool-423-thread-1] INFO  impl.RaftServerImpl (RaftServerImpl.java:<init>(95)) - 0d4eb867-2999-4d6c-a0c0-a2f8240d349b: new RaftServerImpl for group-1C9E6AB84A1F:[0d4eb867-2999-4d6c-a0c0-a2f8240d349b:192.168.151.117:41133] with ContainerStateMachine:uninitialized
2019-10-01 15:51:44,341 [pool-423-thread-1] INFO  server.RaftServerConfigKeys (ConfUtils.java:logGet(43)) - raft.server.rpc.timeout.min = 5s (custom)
2019-10-01 15:51:44,342 [pool-423-thread-1] INFO  server.RaftServerConfigKeys (ConfUtils.java:logGet(43)) - raft.server.rpc.timeout.max = 5200ms (custom)
2019-10-01 15:51:44,342 [pool-423-thread-1] INFO  server.RaftServerConfigKeys (ConfUtils.java:logGet(43)) - raft.server.rpcslowness.timeout = 120s (custom)
2019-10-01 15:51:44,342 [pool-423-thread-1] INFO  server.RaftServerConfigKeys (ConfUtils.java:logGet(43)) - raft.server.sleep.deviation.threshold = 300 (default)
2019-10-01 15:51:44,342 [pool-423-thread-1] INFO  server.RaftServerConfigKeys (ConfUtils.java:logGet(43)) - raft.server.log.appender.install.snapshot.enabled = false (custom)
2019-10-01 15:51:44,342 [pool-423-thread-1] INFO  impl.RaftServerImpl (ServerState.java:<init>(103)) - 0d4eb867-2999-4d6c-a0c0-a2f8240d349b@group-1C9E6AB84A1F: ConfigurationManager, init=-1: [0d4eb867-2999-4d6c-a0c0-a2f8240d349b:192.168.151.117:41133], old=null, confs=<EMPTY_MAP>
2019-10-01 15:51:44,342 [pool-423-thread-1] INFO  server.RaftServerConfigKeys (ConfUtils.java:logGet(43)) - raft.server.storage.dir = [/workdir/hadoop-ozone/integration-test/target/test-dir/MiniOzoneClusterImpl-d3abc12a-7b00-4510-8105-56d17a3c3693/datanode-4/data/ratis] (custom)
2019-10-01 15:51:44,342 [pool-423-thread-1] INFO  storage.RaftStorageDirectory (RaftStorageDirectory.java:analyzeStorage(246)) - The storage directory /workdir/hadoop-ozone/integration-test/target/test-dir/MiniOzoneClusterImpl-d3abc12a-7b00-4510-8105-56d17a3c3693/datanode-4/data/ratis/efabfc02-df7f-4a99-834f-1c9e6ab84a1f does not exist. Creating ...
2019-10-01 15:51:44,345 [IPC Server handler 6 on 34479] INFO  net.NetworkTopology (NetworkTopologyImpl.java:add(111)) - Added a new node: /default-rack/c463c838-7bfa-4ae3-90f9-f2c460f81aff
2019-10-01 15:51:44,345 [IPC Server handler 6 on 34479] INFO  node.SCMNodeManager (SCMNodeManager.java:register(266)) - Registered Data node : c463c838-7bfa-4ae3-90f9-f2c460f81aff{ip: 192.168.151.117, host: pr-hdds-2221-4x997-2286248681, networkLocation: /default-rack, certSerialId: null}
2019-10-01 15:51:44,355 [pool-423-thread-1] INFO  storage.RaftStorageDirectory (RaftStorageDirectory.java:tryLock(328)) - Lock on /workdir/hadoop-ozone/integration-test/target/test-dir/MiniOzoneClusterImpl-d3abc12a-7b00-4510-8105-56d17a3c3693/datanode-4/data/ratis/efabfc02-df7f-4a99-834f-1c9e6ab84a1f/in_use.lock acquired by nodename 19176@pr-hdds-2221-4x997-2286248681
2019-10-01 15:51:44,368 [pool-423-thread-1] INFO  storage.RaftStorage (RaftStorage.java:format(72)) - Storage directory /workdir/hadoop-ozone/integration-test/target/test-dir/MiniOzoneClusterImpl-d3abc12a-7b00-4510-8105-56d17a3c3693/datanode-4/data/ratis/efabfc02-df7f-4a99-834f-1c9e6ab84a1f has been successfully formatted.
2019-10-01 15:51:44,368 [pool-423-thread-1] INFO  ratis.ContainerStateMachine (ContainerStateMachine.java:loadSnapshot(230)) - group-1C9E6AB84A1F: The snapshot info is null. Setting the last applied indexto:(t:0, i:~)
2019-10-01 15:51:44,368 [pool-423-thread-1] INFO  server.RaftServerConfigKeys (ConfUtils.java:logGet(43)) - raft.server.notification.no-leader.timeout = 120s (custom)
2019-10-01 15:51:44,368 [pool-423-thread-1] INFO  server.RaftServerConfigKeys (ConfUtils.java:logGet(43)) - raft.server.log.use.memory = false (default)
2019-10-01 15:51:44,369 [pool-423-thread-1] INFO  server.RaftServerConfigKeys (ConfUtils.java:logGet(43)) - raft.server.log.purge.gap = 1000000 (custom)
2019-10-01 15:51:44,369 [pool-423-thread-1] INFO  server.RaftServerConfigKeys (ConfUtils.java:logGet(43)) - raft.server.log.appender.buffer.byte-limit = 33554432 (custom)
2019-10-01 15:51:44,369 [pool-423-thread-1] INFO  server.RaftServerConfigKeys (ConfUtils.java:logGet(43)) - raft.server.log.segment.size.max = 1048576 (custom)
2019-10-01 15:51:44,369 [pool-423-thread-1] INFO  server.RaftServerConfigKeys (ConfUtils.java:logGet(43)) - raft.server.log.segment.cache.num.max = 2 (custom)
2019-10-01 15:51:44,369 [pool-423-thread-1] INFO  segmented.SegmentedRaftLogWorker (SegmentedRaftLogWorker.java:<init>(172)) - new 0d4eb867-2999-4d6c-a0c0-a2f8240d349b@group-1C9E6AB84A1F-SegmentedRaftLogWorker for RaftStorage:Storage Directory /workdir/hadoop-ozone/integration-test/target/test-dir/MiniOzoneClusterImpl-d3abc12a-7b00-4510-8105-56d17a3c3693/datanode-4/data/ratis/efabfc02-df7f-4a99-834f-1c9e6ab84a1f
2019-10-01 15:51:44,370 [pool-423-thread-1] INFO  server.RaftServerConfigKeys (ConfUtils.java:logGet(43)) - raft.server.log.queue.byte-limit = 2147483647 (custom)
2019-10-01 15:51:44,370 [pool-423-thread-1] INFO  server.RaftServerConfigKeys (ConfUtils.java:logGet(43)) - raft.server.log.queue.element-limit = 1024 (custom)
2019-10-01 15:51:44,370 [pool-423-thread-1] INFO  server.RaftServerConfigKeys (ConfUtils.java:logGet(43)) - raft.server.log.segment.size.max = 1048576 (custom)
2019-10-01 15:51:44,370 [pool-423-thread-1] INFO  server.RaftServerConfigKeys (ConfUtils.java:logGet(43)) - raft.server.log.preallocated.size = 16384 (custom)
2019-10-01 15:51:44,370 [pool-423-thread-1] INFO  server.RaftServerConfigKeys (ConfUtils.java:logGet(43)) - raft.server.log.write.buffer.size = 33554432 (custom)
2019-10-01 15:51:44,370 [pool-423-thread-1] INFO  server.RaftServerConfigKeys (ConfUtils.java:logGet(43)) - raft.server.log.force.sync.num = 128 (default)
2019-10-01 15:51:44,370 [pool-423-thread-1] INFO  server.RaftServerConfigKeys (ConfUtils.java:logGet(43)) - raft.server.log.statemachine.data.sync = true (default)
2019-10-01 15:51:44,371 [pool-423-thread-1] INFO  server.RaftServerConfigKeys (ConfUtils.java:logGet(43)) - raft.server.log.statemachine.data.sync.timeout = 10s (default)
2019-10-01 15:51:44,371 [pool-423-thread-1] INFO  server.RaftServerConfigKeys (ConfUtils.java:logGet(43)) - raft.server.log.statemachine.data.sync.timeout.retry = -1 (default)
2019-10-01 15:51:44,371 [pool-423-thread-1] INFO  server.RaftServerConfigKeys (ConfUtils.java:logGet(43)) - raft.server.log.statemachine.data.caching.enabled = true (custom)
2019-10-01 15:51:44,371 [pool-423-thread-1] INFO  segmented.SegmentedRaftLogWorker (SegmentedRaftLogWorker.java:lambda$new$0(132)) - 0d4eb867-2999-4d6c-a0c0-a2f8240d349b@group-1C9E6AB84A1F-SegmentedRaftLogWorker: flushIndex: setUnconditionally 0 -> -1
2019-10-01 15:51:44,371 [pool-423-thread-1] INFO  server.RaftServerConfigKeys (ConfUtils.java:logGet(43)) - raft.server.snapshot.auto.trigger.enabled = true (custom)
2019-10-01 15:51:44,371 [pool-423-thread-1] INFO  server.RaftServerConfigKeys (ConfUtils.java:logGet(43)) - raft.server.snapshot.auto.trigger.threshold = 10000 (custom)
2019-10-01 15:51:44,372 [pool-423-thread-1] INFO  server.RaftServerConfigKeys (ConfUtils.java:logGet(43)) - raft.server.snapshot.retention.num.files = 5 (custom)
2019-10-01 15:51:44,372 [pool-423-thread-1] INFO  server.RaftServerConfigKeys (ConfUtils.java:logGet(43)) - raft.server.retrycache.expirytime = 600000ms (custom)
2019-10-01 15:51:44,373 [pool-423-thread-1] INFO  impl.RaftServerImpl (RaftServerImpl.java:start(185)) - 0d4eb867-2999-4d6c-a0c0-a2f8240d349b@group-1C9E6AB84A1F: start as a follower, conf=-1: [0d4eb867-2999-4d6c-a0c0-a2f8240d349b:192.168.151.117:41133], old=null
2019-10-01 15:51:44,373 [pool-423-thread-1] INFO  impl.RaftServerImpl (RaftServerImpl.java:setRole(174)) - 0d4eb867-2999-4d6c-a0c0-a2f8240d349b@group-1C9E6AB84A1F: changes role from      null to FOLLOWER at term 0 for startAsFollower
2019-10-01 15:51:44,373 [pool-423-thread-1] INFO  impl.RoleInfo (RoleInfo.java:updateAndGet(143)) - 0d4eb867-2999-4d6c-a0c0-a2f8240d349b: start FollowerState
2019-10-01 15:51:44,374 [pool-423-thread-1] INFO  util.JmxRegister (JmxRegister.java:tryRegister(44)) - Successfully registered JMX Bean with object name Ratis:service=RaftServer,group=group-1C9E6AB84A1F,id=0d4eb867-2999-4d6c-a0c0-a2f8240d349b
2019-10-01 15:51:44,380 [RatisPipelineUtilsThread] INFO  pipeline.PipelineStateManager (PipelineStateManager.java:addPipeline(56)) - Created pipeline Pipeline[ Id: efabfc02-df7f-4a99-834f-1c9e6ab84a1f, Nodes: 0d4eb867-2999-4d6c-a0c0-a2f8240d349b{ip: 192.168.151.117, host: pr-hdds-2221-4x997-2286248681, networkLocation: /default-rack, certSerialId: null}, Type:RATIS, Factor:ONE, State:OPEN]
2019-10-01 15:51:44,386 [grpc-default-executor-6] INFO  impl.RaftServerProxy (RaftServerProxy.java:addNew(89)) - dcfcd63b-1626-44e7-99fa-a7af6291125a: addNew group-05C06239FEB7:[dcfcd63b-1626-44e7-99fa-a7af6291125a:192.168.151.117:36667] returns group-05C06239FEB7:java.util.concurrent.CompletableFuture@eecaa8b[Not completed]
2019-10-01 15:51:44,387 [pool-403-thread-1] INFO  impl.RaftServerImpl (RaftServerImpl.java:<init>(95)) - dcfcd63b-1626-44e7-99fa-a7af6291125a: new RaftServerImpl for group-05C06239FEB7:[dcfcd63b-1626-44e7-99fa-a7af6291125a:192.168.151.117:36667] with ContainerStateMachine:uninitialized
2019-10-01 15:51:44,387 [pool-403-thread-1] INFO  server.RaftServerConfigKeys (ConfUtils.java:logGet(43)) - raft.server.rpc.timeout.min = 5s (custom)
2019-10-01 15:51:44,388 [pool-403-thread-1] INFO  server.RaftServerConfigKeys (ConfUtils.java:logGet(43)) - raft.server.rpc.timeout.max = 5200ms (custom)
2019-10-01 15:51:44,388 [pool-403-thread-1] INFO  server.RaftServerConfigKeys (ConfUtils.java:logGet(43)) - raft.server.rpcslowness.timeout = 120s (custom)
2019-10-01 15:51:44,388 [pool-403-thread-1] INFO  server.RaftServerConfigKeys (ConfUtils.java:logGet(43)) - raft.server.sleep.deviation.threshold = 300 (default)
2019-10-01 15:51:44,388 [pool-403-thread-1] INFO  server.RaftServerConfigKeys (ConfUtils.java:logGet(43)) - raft.server.log.appender.install.snapshot.enabled = false (custom)
2019-10-01 15:51:44,388 [pool-403-thread-1] INFO  impl.RaftServerImpl (ServerState.java:<init>(103)) - dcfcd63b-1626-44e7-99fa-a7af6291125a@group-05C06239FEB7: ConfigurationManager, init=-1: [dcfcd63b-1626-44e7-99fa-a7af6291125a:192.168.151.117:36667], old=null, confs=<EMPTY_MAP>
2019-10-01 15:51:44,388 [pool-403-thread-1] INFO  server.RaftServerConfigKeys (ConfUtils.java:logGet(43)) - raft.server.storage.dir = [/workdir/hadoop-ozone/integration-test/target/test-dir/MiniOzoneClusterImpl-d3abc12a-7b00-4510-8105-56d17a3c3693/datanode-2/data/ratis] (custom)
2019-10-01 15:51:44,389 [pool-403-thread-1] INFO  storage.RaftStorageDirectory (RaftStorageDirectory.java:analyzeStorage(246)) - The storage directory /workdir/hadoop-ozone/integration-test/target/test-dir/MiniOzoneClusterImpl-d3abc12a-7b00-4510-8105-56d17a3c3693/datanode-2/data/ratis/0bfe9821-01ab-4f2e-b66a-05c06239feb7 does not exist. Creating ...
2019-10-01 15:51:44,402 [IPC Server handler 19 on 34479] INFO  net.NetworkTopology (NetworkTopologyImpl.java:add(111)) - Added a new node: /default-rack/c120ad6e-6736-4c56-8417-fba4a7862d30
2019-10-01 15:51:44,402 [IPC Server handler 19 on 34479] INFO  node.SCMNodeManager (SCMNodeManager.java:register(266)) - Registered Data node : c120ad6e-6736-4c56-8417-fba4a7862d30{ip: 192.168.151.117, host: pr-hdds-2221-4x997-2286248681, networkLocation: /default-rack, certSerialId: null}
2019-10-01 15:51:44,402 [main] INFO  ozone.MiniOzoneClusterImpl (MiniOzoneClusterImpl.java:lambda$waitForClusterToBeReady$0(147)) - Cluster is ready. Got 7 of 7 DN Heartbeats.
2019-10-01 15:51:44,409 [pool-403-thread-1] INFO  storage.RaftStorageDirectory (RaftStorageDirectory.java:tryLock(328)) - Lock on /workdir/hadoop-ozone/integration-test/target/test-dir/MiniOzoneClusterImpl-d3abc12a-7b00-4510-8105-56d17a3c3693/datanode-2/data/ratis/0bfe9821-01ab-4f2e-b66a-05c06239feb7/in_use.lock acquired by nodename 19176@pr-hdds-2221-4x997-2286248681
2019-10-01 15:51:44,430 [pool-403-thread-1] INFO  storage.RaftStorage (RaftStorage.java:format(72)) - Storage directory /workdir/hadoop-ozone/integration-test/target/test-dir/MiniOzoneClusterImpl-d3abc12a-7b00-4510-8105-56d17a3c3693/datanode-2/data/ratis/0bfe9821-01ab-4f2e-b66a-05c06239feb7 has been successfully formatted.
2019-10-01 15:51:44,430 [pool-403-thread-1] INFO  ratis.ContainerStateMachine (ContainerStateMachine.java:loadSnapshot(230)) - group-05C06239FEB7: The snapshot info is null. Setting the last applied indexto:(t:0, i:~)
2019-10-01 15:51:44,430 [pool-403-thread-1] INFO  server.RaftServerConfigKeys (ConfUtils.java:logGet(43)) - raft.server.notification.no-leader.timeout = 120s (custom)
2019-10-01 15:51:44,431 [pool-403-thread-1] INFO  server.RaftServerConfigKeys (ConfUtils.java:logGet(43)) - raft.server.log.use.memory = false (default)
2019-10-01 15:51:44,431 [pool-403-thread-1] INFO  server.RaftServerConfigKeys (ConfUtils.java:logGet(43)) - raft.server.log.purge.gap = 1000000 (custom)
2019-10-01 15:51:44,431 [pool-403-thread-1] INFO  server.RaftServerConfigKeys (ConfUtils.java:logGet(43)) - raft.server.log.appender.buffer.byte-limit = 33554432 (custom)
2019-10-01 15:51:44,431 [pool-403-thread-1] INFO  server.RaftServerConfigKeys (ConfUtils.java:logGet(43)) - raft.server.log.segment.size.max = 1048576 (custom)
2019-10-01 15:51:44,431 [pool-403-thread-1] INFO  server.RaftServerConfigKeys (ConfUtils.java:logGet(43)) - raft.server.log.segment.cache.num.max = 2 (custom)
2019-10-01 15:51:44,431 [pool-403-thread-1] INFO  segmented.SegmentedRaftLogWorker (SegmentedRaftLogWorker.java:<init>(172)) - new dcfcd63b-1626-44e7-99fa-a7af6291125a@group-05C06239FEB7-SegmentedRaftLogWorker for RaftStorage:Storage Directory /workdir/hadoop-ozone/integration-test/target/test-dir/MiniOzoneClusterImpl-d3abc12a-7b00-4510-8105-56d17a3c3693/datanode-2/data/ratis/0bfe9821-01ab-4f2e-b66a-05c06239feb7
2019-10-01 15:51:44,440 [pool-403-thread-1] INFO  server.RaftServerConfigKeys (ConfUtils.java:logGet(43)) - raft.server.log.queue.byte-limit = 2147483647 (custom)
2019-10-01 15:51:44,444 [pool-403-thread-1] INFO  server.RaftServerConfigKeys (ConfUtils.java:logGet(43)) - raft.server.log.queue.element-limit = 1024 (custom)
2019-10-01 15:51:44,444 [pool-403-thread-1] INFO  server.RaftServerConfigKeys (ConfUtils.java:logGet(43)) - raft.server.log.segment.size.max = 1048576 (custom)
2019-10-01 15:51:44,444 [pool-403-thread-1] INFO  server.RaftServerConfigKeys (ConfUtils.java:logGet(43)) - raft.server.log.preallocated.size = 16384 (custom)
2019-10-01 15:51:44,445 [pool-403-thread-1] INFO  server.RaftServerConfigKeys (ConfUtils.java:logGet(43)) - raft.server.log.write.buffer.size = 33554432 (custom)
2019-10-01 15:51:44,445 [main] INFO  rpc.RpcClient (RpcClient.java:createVolume(276)) - Creating Volume: watchforcommithandlingtest, with jenkins1000 as owner.
2019-10-01 15:51:44,445 [pool-403-thread-1] INFO  server.RaftServerConfigKeys (ConfUtils.java:logGet(43)) - raft.server.log.force.sync.num = 128 (default)
2019-10-01 15:51:44,445 [pool-403-thread-1] INFO  server.RaftServerConfigKeys (ConfUtils.java:logGet(43)) - raft.server.log.statemachine.data.sync = true (default)
2019-10-01 15:51:44,445 [pool-403-thread-1] INFO  server.RaftServerConfigKeys (ConfUtils.java:logGet(43)) - raft.server.log.statemachine.data.sync.timeout = 10s (default)
2019-10-01 15:51:44,446 [pool-403-thread-1] INFO  server.RaftServerConfigKeys (ConfUtils.java:logGet(43)) - raft.server.log.statemachine.data.sync.timeout.retry = -1 (default)
2019-10-01 15:51:44,446 [pool-403-thread-1] INFO  server.RaftServerConfigKeys (ConfUtils.java:logGet(43)) - raft.server.log.statemachine.data.caching.enabled = true (custom)
2019-10-01 15:51:44,446 [pool-403-thread-1] INFO  segmented.SegmentedRaftLogWorker (SegmentedRaftLogWorker.java:lambda$new$0(132)) - dcfcd63b-1626-44e7-99fa-a7af6291125a@group-05C06239FEB7-SegmentedRaftLogWorker: flushIndex: setUnconditionally 0 -> -1
2019-10-01 15:51:44,447 [pool-403-thread-1] INFO  server.RaftServerConfigKeys (ConfUtils.java:logGet(43)) - raft.server.snapshot.auto.trigger.enabled = true (custom)
2019-10-01 15:51:44,447 [pool-403-thread-1] INFO  server.RaftServerConfigKeys (ConfUtils.java:logGet(43)) - raft.server.snapshot.auto.trigger.threshold = 10000 (custom)
2019-10-01 15:51:44,447 [pool-403-thread-1] INFO  server.RaftServerConfigKeys (ConfUtils.java:logGet(43)) - raft.server.snapshot.retention.num.files = 5 (custom)
2019-10-01 15:51:44,447 [pool-403-thread-1] INFO  server.RaftServerConfigKeys (ConfUtils.java:logGet(43)) - raft.server.retrycache.expirytime = 600000ms (custom)
2019-10-01 15:51:44,447 [IPC Server handler 1 on 41061] INFO  volume.OMVolumeCreateRequest (OMVolumeCreateRequest.java:validateAndUpdateCache(194)) - created volume:watchforcommithandlingtest for user:jenkins1000
2019-10-01 15:51:44,449 [pool-403-thread-1] INFO  impl.RaftServerImpl (RaftServerImpl.java:start(185)) - dcfcd63b-1626-44e7-99fa-a7af6291125a@group-05C06239FEB7: start as a follower, conf=-1: [dcfcd63b-1626-44e7-99fa-a7af6291125a:192.168.151.117:36667], old=null
2019-10-01 15:51:44,449 [pool-403-thread-1] INFO  impl.RaftServerImpl (RaftServerImpl.java:setRole(174)) - dcfcd63b-1626-44e7-99fa-a7af6291125a@group-05C06239FEB7: changes role from      null to FOLLOWER at term 0 for startAsFollower
2019-10-01 15:51:44,449 [pool-403-thread-1] INFO  impl.RoleInfo (RoleInfo.java:updateAndGet(143)) - dcfcd63b-1626-44e7-99fa-a7af6291125a: start FollowerState
2019-10-01 15:51:44,450 [pool-403-thread-1] INFO  util.JmxRegister (JmxRegister.java:tryRegister(44)) - Successfully registered JMX Bean with object name Ratis:service=RaftServer,group=group-05C06239FEB7,id=dcfcd63b-1626-44e7-99fa-a7af6291125a
2019-10-01 15:51:44,453 [RatisPipelineUtilsThread] INFO  pipeline.PipelineStateManager (PipelineStateManager.java:addPipeline(56)) - Created pipeline Pipeline[ Id: 0bfe9821-01ab-4f2e-b66a-05c06239feb7, Nodes: dcfcd63b-1626-44e7-99fa-a7af6291125a{ip: 192.168.151.117, host: pr-hdds-2221-4x997-2286248681, networkLocation: /default-rack, certSerialId: null}, Type:RATIS, Factor:ONE, State:OPEN]
2019-10-01 15:51:44,461 [grpc-default-executor-6] INFO  impl.RaftServerProxy (RaftServerProxy.java:addNew(89)) - c463c838-7bfa-4ae3-90f9-f2c460f81aff: addNew group-2DC2F06E9A07:[c463c838-7bfa-4ae3-90f9-f2c460f81aff:192.168.151.117:34868] returns group-2DC2F06E9A07:java.util.concurrent.CompletableFuture@29e8ceb3[Not completed]
2019-10-01 15:51:44,470 [pool-433-thread-1] INFO  impl.RaftServerImpl (RaftServerImpl.java:<init>(95)) - c463c838-7bfa-4ae3-90f9-f2c460f81aff: new RaftServerImpl for group-2DC2F06E9A07:[c463c838-7bfa-4ae3-90f9-f2c460f81aff:192.168.151.117:34868] with ContainerStateMachine:uninitialized
2019-10-01 15:51:44,470 [pool-433-thread-1] INFO  server.RaftServerConfigKeys (ConfUtils.java:logGet(43)) - raft.server.rpc.timeout.min = 5s (custom)
2019-10-01 15:51:44,470 [pool-433-thread-1] INFO  server.RaftServerConfigKeys (ConfUtils.java:logGet(43)) - raft.server.rpc.timeout.max = 5200ms (custom)
2019-10-01 15:51:44,470 [pool-433-thread-1] INFO  server.RaftServerConfigKeys (ConfUtils.java:logGet(43)) - raft.server.rpcslowness.timeout = 120s (custom)
2019-10-01 15:51:44,470 [pool-433-thread-1] INFO  server.RaftServerConfigKeys (ConfUtils.java:logGet(43)) - raft.server.sleep.deviation.threshold = 300 (default)
2019-10-01 15:51:44,470 [main] INFO  rpc.RpcClient (RpcClient.java:createBucket(415)) - Creating Bucket: watchforcommithandlingtest/watchforcommithandlingtest, with Versioning false and Storage Type set to DISK and Encryption set to false 
2019-10-01 15:51:44,470 [pool-433-thread-1] INFO  server.RaftServerConfigKeys (ConfUtils.java:logGet(43)) - raft.server.log.appender.install.snapshot.enabled = false (custom)
2019-10-01 15:51:44,471 [pool-433-thread-1] INFO  impl.RaftServerImpl (ServerState.java:<init>(103)) - c463c838-7bfa-4ae3-90f9-f2c460f81aff@group-2DC2F06E9A07: ConfigurationManager, init=-1: [c463c838-7bfa-4ae3-90f9-f2c460f81aff:192.168.151.117:34868], old=null, confs=<EMPTY_MAP>
2019-10-01 15:51:44,471 [pool-433-thread-1] INFO  server.RaftServerConfigKeys (ConfUtils.java:logGet(43)) - raft.server.storage.dir = [/workdir/hadoop-ozone/integration-test/target/test-dir/MiniOzoneClusterImpl-d3abc12a-7b00-4510-8105-56d17a3c3693/datanode-5/data/ratis] (custom)
2019-10-01 15:51:44,471 [pool-433-thread-1] INFO  storage.RaftStorageDirectory (RaftStorageDirectory.java:analyzeStorage(246)) - The storage directory /workdir/hadoop-ozone/integration-test/target/test-dir/MiniOzoneClusterImpl-d3abc12a-7b00-4510-8105-56d17a3c3693/datanode-5/data/ratis/9b8e5992-f8d2-47b9-b74e-2dc2f06e9a07 does not exist. Creating ...
2019-10-01 15:51:44,474 [main] INFO  ozone.MiniOzoneClusterImpl (MiniOzoneClusterImpl.java:getStorageContainerLocationClient(234)) - Creating StorageContainerLocationProtocol RPC client with address /0.0.0.0:45203
2019-10-01 15:51:44,484 [pool-433-thread-1] INFO  storage.RaftStorageDirectory (RaftStorageDirectory.java:tryLock(328)) - Lock on /workdir/hadoop-ozone/integration-test/target/test-dir/MiniOzoneClusterImpl-d3abc12a-7b00-4510-8105-56d17a3c3693/datanode-5/data/ratis/9b8e5992-f8d2-47b9-b74e-2dc2f06e9a07/in_use.lock acquired by nodename 19176@pr-hdds-2221-4x997-2286248681
2019-10-01 15:51:44,497 [pool-433-thread-1] INFO  storage.RaftStorage (RaftStorage.java:format(72)) - Storage directory /workdir/hadoop-ozone/integration-test/target/test-dir/MiniOzoneClusterImpl-d3abc12a-7b00-4510-8105-56d17a3c3693/datanode-5/data/ratis/9b8e5992-f8d2-47b9-b74e-2dc2f06e9a07 has been successfully formatted.
2019-10-01 15:51:44,497 [pool-433-thread-1] INFO  ratis.ContainerStateMachine (ContainerStateMachine.java:loadSnapshot(230)) - group-2DC2F06E9A07: The snapshot info is null. Setting the last applied indexto:(t:0, i:~)
2019-10-01 15:51:44,497 [pool-433-thread-1] INFO  server.RaftServerConfigKeys (ConfUtils.java:logGet(43)) - raft.server.notification.no-leader.timeout = 120s (custom)
2019-10-01 15:51:44,497 [pool-433-thread-1] INFO  server.RaftServerConfigKeys (ConfUtils.java:logGet(43)) - raft.server.log.use.memory = false (default)
2019-10-01 15:51:44,497 [pool-433-thread-1] INFO  server.RaftServerConfigKeys (ConfUtils.java:logGet(43)) - raft.server.log.purge.gap = 1000000 (custom)
2019-10-01 15:51:44,498 [pool-433-thread-1] INFO  server.RaftServerConfigKeys (ConfUtils.java:logGet(43)) - raft.server.log.appender.buffer.byte-limit = 33554432 (custom)
2019-10-01 15:51:44,498 [pool-433-thread-1] INFO  server.RaftServerConfigKeys (ConfUtils.java:logGet(43)) - raft.server.log.segment.size.max = 1048576 (custom)
2019-10-01 15:51:44,498 [pool-433-thread-1] INFO  server.RaftServerConfigKeys (ConfUtils.java:logGet(43)) - raft.server.log.segment.cache.num.max = 2 (custom)
2019-10-01 15:51:44,498 [pool-433-thread-1] INFO  segmented.SegmentedRaftLogWorker (SegmentedRaftLogWorker.java:<init>(172)) - new c463c838-7bfa-4ae3-90f9-f2c460f81aff@group-2DC2F06E9A07-SegmentedRaftLogWorker for RaftStorage:Storage Directory /workdir/hadoop-ozone/integration-test/target/test-dir/MiniOzoneClusterImpl-d3abc12a-7b00-4510-8105-56d17a3c3693/datanode-5/data/ratis/9b8e5992-f8d2-47b9-b74e-2dc2f06e9a07
2019-10-01 15:51:44,499 [pool-433-thread-1] INFO  server.RaftServerConfigKeys (ConfUtils.java:logGet(43)) - raft.server.log.queue.byte-limit = 2147483647 (custom)
2019-10-01 15:51:44,499 [pool-433-thread-1] INFO  server.RaftServerConfigKeys (ConfUtils.java:logGet(43)) - raft.server.log.queue.element-limit = 1024 (custom)
2019-10-01 15:51:44,499 [pool-433-thread-1] INFO  server.RaftServerConfigKeys (ConfUtils.java:logGet(43)) - raft.server.log.segment.size.max = 1048576 (custom)
2019-10-01 15:51:44,499 [pool-433-thread-1] INFO  server.RaftServerConfigKeys (ConfUtils.java:logGet(43)) - raft.server.log.preallocated.size = 16384 (custom)
2019-10-01 15:51:44,499 [pool-433-thread-1] INFO  server.RaftServerConfigKeys (ConfUtils.java:logGet(43)) - raft.server.log.write.buffer.size = 33554432 (custom)
2019-10-01 15:51:44,499 [pool-433-thread-1] INFO  server.RaftServerConfigKeys (ConfUtils.java:logGet(43)) - raft.server.log.force.sync.num = 128 (default)
2019-10-01 15:51:44,499 [pool-433-thread-1] INFO  server.RaftServerConfigKeys (ConfUtils.java:logGet(43)) - raft.server.log.statemachine.data.sync = true (default)
2019-10-01 15:51:44,500 [pool-433-thread-1] INFO  server.RaftServerConfigKeys (ConfUtils.java:logGet(43)) - raft.server.log.statemachine.data.sync.timeout = 10s (default)
2019-10-01 15:51:44,500 [pool-433-thread-1] INFO  server.RaftServerConfigKeys (ConfUtils.java:logGet(43)) - raft.server.log.statemachine.data.sync.timeout.retry = -1 (default)
2019-10-01 15:51:44,500 [pool-433-thread-1] INFO  server.RaftServerConfigKeys (ConfUtils.java:logGet(43)) - raft.server.log.statemachine.data.caching.enabled = true (custom)
2019-10-01 15:51:44,500 [pool-433-thread-1] INFO  segmented.SegmentedRaftLogWorker (SegmentedRaftLogWorker.java:lambda$new$0(132)) - c463c838-7bfa-4ae3-90f9-f2c460f81aff@group-2DC2F06E9A07-SegmentedRaftLogWorker: flushIndex: setUnconditionally 0 -> -1
2019-10-01 15:51:44,500 [pool-433-thread-1] INFO  server.RaftServerConfigKeys (ConfUtils.java:logGet(43)) - raft.server.snapshot.auto.trigger.enabled = true (custom)
2019-10-01 15:51:44,500 [pool-433-thread-1] INFO  server.RaftServerConfigKeys (ConfUtils.java:logGet(43)) - raft.server.snapshot.auto.trigger.threshold = 10000 (custom)
2019-10-01 15:51:44,500 [pool-433-thread-1] INFO  server.RaftServerConfigKeys (ConfUtils.java:logGet(43)) - raft.server.snapshot.retention.num.files = 5 (custom)
2019-10-01 15:51:44,501 [pool-433-thread-1] INFO  server.RaftServerConfigKeys (ConfUtils.java:logGet(43)) - raft.server.retrycache.expirytime = 600000ms (custom)
2019-10-01 15:51:44,502 [pool-433-thread-1] INFO  impl.RaftServerImpl (RaftServerImpl.java:start(185)) - c463c838-7bfa-4ae3-90f9-f2c460f81aff@group-2DC2F06E9A07: start as a follower, conf=-1: [c463c838-7bfa-4ae3-90f9-f2c460f81aff:192.168.151.117:34868], old=null
2019-10-01 15:51:44,502 [pool-433-thread-1] INFO  impl.RaftServerImpl (RaftServerImpl.java:setRole(174)) - c463c838-7bfa-4ae3-90f9-f2c460f81aff@group-2DC2F06E9A07: changes role from      null to FOLLOWER at term 0 for startAsFollower
2019-10-01 15:51:44,502 [pool-433-thread-1] INFO  impl.RoleInfo (RoleInfo.java:updateAndGet(143)) - c463c838-7bfa-4ae3-90f9-f2c460f81aff: start FollowerState
2019-10-01 15:51:44,502 [pool-433-thread-1] INFO  util.JmxRegister (JmxRegister.java:tryRegister(44)) - Successfully registered JMX Bean with object name Ratis:service=RaftServer,group=group-2DC2F06E9A07,id=c463c838-7bfa-4ae3-90f9-f2c460f81aff
2019-10-01 15:51:44,507 [RatisPipelineUtilsThread] INFO  pipeline.PipelineStateManager (PipelineStateManager.java:addPipeline(56)) - Created pipeline Pipeline[ Id: 9b8e5992-f8d2-47b9-b74e-2dc2f06e9a07, Nodes: c463c838-7bfa-4ae3-90f9-f2c460f81aff{ip: 192.168.151.117, host: pr-hdds-2221-4x997-2286248681, networkLocation: /default-rack, certSerialId: null}, Type:RATIS, Factor:ONE, State:OPEN]
2019-10-01 15:51:44,514 [grpc-default-executor-6] INFO  impl.RaftServerProxy (RaftServerProxy.java:addNew(89)) - c120ad6e-6736-4c56-8417-fba4a7862d30: addNew group-AB1E2146EF4C:[c120ad6e-6736-4c56-8417-fba4a7862d30:192.168.151.117:41036] returns group-AB1E2146EF4C:java.util.concurrent.CompletableFuture@292a42e[Not completed]
2019-10-01 15:51:44,514 [pool-443-thread-1] INFO  impl.RaftServerImpl (RaftServerImpl.java:<init>(95)) - c120ad6e-6736-4c56-8417-fba4a7862d30: new RaftServerImpl for group-AB1E2146EF4C:[c120ad6e-6736-4c56-8417-fba4a7862d30:192.168.151.117:41036] with ContainerStateMachine:uninitialized
2019-10-01 15:51:44,515 [pool-443-thread-1] INFO  server.RaftServerConfigKeys (ConfUtils.java:logGet(43)) - raft.server.rpc.timeout.min = 5s (custom)
2019-10-01 15:51:44,515 [pool-443-thread-1] INFO  server.RaftServerConfigKeys (ConfUtils.java:logGet(43)) - raft.server.rpc.timeout.max = 5200ms (custom)
2019-10-01 15:51:44,515 [pool-443-thread-1] INFO  server.RaftServerConfigKeys (ConfUtils.java:logGet(43)) - raft.server.rpcslowness.timeout = 120s (custom)
2019-10-01 15:51:44,515 [pool-443-thread-1] INFO  server.RaftServerConfigKeys (ConfUtils.java:logGet(43)) - raft.server.sleep.deviation.threshold = 300 (default)
2019-10-01 15:51:44,515 [pool-443-thread-1] INFO  server.RaftServerConfigKeys (ConfUtils.java:logGet(43)) - raft.server.log.appender.install.snapshot.enabled = false (custom)
2019-10-01 15:51:44,515 [pool-443-thread-1] INFO  impl.RaftServerImpl (ServerState.java:<init>(103)) - c120ad6e-6736-4c56-8417-fba4a7862d30@group-AB1E2146EF4C: ConfigurationManager, init=-1: [c120ad6e-6736-4c56-8417-fba4a7862d30:192.168.151.117:41036], old=null, confs=<EMPTY_MAP>
2019-10-01 15:51:44,515 [pool-443-thread-1] INFO  server.RaftServerConfigKeys (ConfUtils.java:logGet(43)) - raft.server.storage.dir = [/workdir/hadoop-ozone/integration-test/target/test-dir/MiniOzoneClusterImpl-d3abc12a-7b00-4510-8105-56d17a3c3693/datanode-6/data/ratis] (custom)
2019-10-01 15:51:44,515 [pool-443-thread-1] INFO  storage.RaftStorageDirectory (RaftStorageDirectory.java:analyzeStorage(246)) - The storage directory /workdir/hadoop-ozone/integration-test/target/test-dir/MiniOzoneClusterImpl-d3abc12a-7b00-4510-8105-56d17a3c3693/datanode-6/data/ratis/02640718-c3d6-449b-b7ea-ab1e2146ef4c does not exist. Creating ...
2019-10-01 15:51:44,528 [pool-443-thread-1] INFO  storage.RaftStorageDirectory (RaftStorageDirectory.java:tryLock(328)) - Lock on /workdir/hadoop-ozone/integration-test/target/test-dir/MiniOzoneClusterImpl-d3abc12a-7b00-4510-8105-56d17a3c3693/datanode-6/data/ratis/02640718-c3d6-449b-b7ea-ab1e2146ef4c/in_use.lock acquired by nodename 19176@pr-hdds-2221-4x997-2286248681
2019-10-01 15:51:44,541 [pool-443-thread-1] INFO  storage.RaftStorage (RaftStorage.java:format(72)) - Storage directory /workdir/hadoop-ozone/integration-test/target/test-dir/MiniOzoneClusterImpl-d3abc12a-7b00-4510-8105-56d17a3c3693/datanode-6/data/ratis/02640718-c3d6-449b-b7ea-ab1e2146ef4c has been successfully formatted.
2019-10-01 15:51:44,541 [pool-443-thread-1] INFO  ratis.ContainerStateMachine (ContainerStateMachine.java:loadSnapshot(230)) - group-AB1E2146EF4C: The snapshot info is null. Setting the last applied indexto:(t:0, i:~)
2019-10-01 15:51:44,541 [pool-443-thread-1] INFO  server.RaftServerConfigKeys (ConfUtils.java:logGet(43)) - raft.server.notification.no-leader.timeout = 120s (custom)
2019-10-01 15:51:44,541 [pool-443-thread-1] INFO  server.RaftServerConfigKeys (ConfUtils.java:logGet(43)) - raft.server.log.use.memory = false (default)
2019-10-01 15:51:44,541 [pool-443-thread-1] INFO  server.RaftServerConfigKeys (ConfUtils.java:logGet(43)) - raft.server.log.purge.gap = 1000000 (custom)
2019-10-01 15:51:44,541 [pool-443-thread-1] INFO  server.RaftServerConfigKeys (ConfUtils.java:logGet(43)) - raft.server.log.appender.buffer.byte-limit = 33554432 (custom)
2019-10-01 15:51:44,541 [pool-443-thread-1] INFO  server.RaftServerConfigKeys (ConfUtils.java:logGet(43)) - raft.server.log.segment.size.max = 1048576 (custom)
2019-10-01 15:51:44,542 [pool-443-thread-1] INFO  server.RaftServerConfigKeys (ConfUtils.java:logGet(43)) - raft.server.log.segment.cache.num.max = 2 (custom)
2019-10-01 15:51:44,542 [pool-443-thread-1] INFO  segmented.SegmentedRaftLogWorker (SegmentedRaftLogWorker.java:<init>(172)) - new c120ad6e-6736-4c56-8417-fba4a7862d30@group-AB1E2146EF4C-SegmentedRaftLogWorker for RaftStorage:Storage Directory /workdir/hadoop-ozone/integration-test/target/test-dir/MiniOzoneClusterImpl-d3abc12a-7b00-4510-8105-56d17a3c3693/datanode-6/data/ratis/02640718-c3d6-449b-b7ea-ab1e2146ef4c
2019-10-01 15:51:44,543 [pool-443-thread-1] INFO  server.RaftServerConfigKeys (ConfUtils.java:logGet(43)) - raft.server.log.queue.byte-limit = 2147483647 (custom)
2019-10-01 15:51:44,543 [pool-443-thread-1] INFO  server.RaftServerConfigKeys (ConfUtils.java:logGet(43)) - raft.server.log.queue.element-limit = 1024 (custom)
2019-10-01 15:51:44,543 [pool-443-thread-1] INFO  server.RaftServerConfigKeys (ConfUtils.java:logGet(43)) - raft.server.log.segment.size.max = 1048576 (custom)
2019-10-01 15:51:44,543 [pool-443-thread-1] INFO  server.RaftServerConfigKeys (ConfUtils.java:logGet(43)) - raft.server.log.preallocated.size = 16384 (custom)
2019-10-01 15:51:44,543 [pool-443-thread-1] INFO  server.RaftServerConfigKeys (ConfUtils.java:logGet(43)) - raft.server.log.write.buffer.size = 33554432 (custom)
2019-10-01 15:51:44,543 [pool-443-thread-1] INFO  server.RaftServerConfigKeys (ConfUtils.java:logGet(43)) - raft.server.log.force.sync.num = 128 (default)
2019-10-01 15:51:44,543 [pool-443-thread-1] INFO  server.RaftServerConfigKeys (ConfUtils.java:logGet(43)) - raft.server.log.statemachine.data.sync = true (default)
2019-10-01 15:51:44,543 [pool-443-thread-1] INFO  server.RaftServerConfigKeys (ConfUtils.java:logGet(43)) - raft.server.log.statemachine.data.sync.timeout = 10s (default)
2019-10-01 15:51:44,543 [pool-443-thread-1] INFO  server.RaftServerConfigKeys (ConfUtils.java:logGet(43)) - raft.server.log.statemachine.data.sync.timeout.retry = -1 (default)
2019-10-01 15:51:44,544 [pool-443-thread-1] INFO  server.RaftServerConfigKeys (ConfUtils.java:logGet(43)) - raft.server.log.statemachine.data.caching.enabled = true (custom)
2019-10-01 15:51:44,544 [pool-443-thread-1] INFO  segmented.SegmentedRaftLogWorker (SegmentedRaftLogWorker.java:lambda$new$0(132)) - c120ad6e-6736-4c56-8417-fba4a7862d30@group-AB1E2146EF4C-SegmentedRaftLogWorker: flushIndex: setUnconditionally 0 -> -1
2019-10-01 15:51:44,544 [pool-443-thread-1] INFO  server.RaftServerConfigKeys (ConfUtils.java:logGet(43)) - raft.server.snapshot.auto.trigger.enabled = true (custom)
2019-10-01 15:51:44,544 [pool-443-thread-1] INFO  server.RaftServerConfigKeys (ConfUtils.java:logGet(43)) - raft.server.snapshot.auto.trigger.threshold = 10000 (custom)
2019-10-01 15:51:44,544 [pool-443-thread-1] INFO  server.RaftServerConfigKeys (ConfUtils.java:logGet(43)) - raft.server.snapshot.retention.num.files = 5 (custom)
2019-10-01 15:51:44,544 [pool-443-thread-1] INFO  server.RaftServerConfigKeys (ConfUtils.java:logGet(43)) - raft.server.retrycache.expirytime = 600000ms (custom)
2019-10-01 15:51:44,545 [pool-443-thread-1] INFO  impl.RaftServerImpl (RaftServerImpl.java:start(185)) - c120ad6e-6736-4c56-8417-fba4a7862d30@group-AB1E2146EF4C: start as a follower, conf=-1: [c120ad6e-6736-4c56-8417-fba4a7862d30:192.168.151.117:41036], old=null
2019-10-01 15:51:44,545 [pool-443-thread-1] INFO  impl.RaftServerImpl (RaftServerImpl.java:setRole(174)) - c120ad6e-6736-4c56-8417-fba4a7862d30@group-AB1E2146EF4C: changes role from      null to FOLLOWER at term 0 for startAsFollower
2019-10-01 15:51:44,546 [pool-443-thread-1] INFO  impl.RoleInfo (RoleInfo.java:updateAndGet(143)) - c120ad6e-6736-4c56-8417-fba4a7862d30: start FollowerState
2019-10-01 15:51:44,546 [pool-443-thread-1] INFO  util.JmxRegister (JmxRegister.java:tryRegister(44)) - Successfully registered JMX Bean with object name Ratis:service=RaftServer,group=group-AB1E2146EF4C,id=c120ad6e-6736-4c56-8417-fba4a7862d30
2019-10-01 15:51:44,549 [RatisPipelineUtilsThread] INFO  pipeline.PipelineStateManager (PipelineStateManager.java:addPipeline(56)) - Created pipeline Pipeline[ Id: 02640718-c3d6-449b-b7ea-ab1e2146ef4c, Nodes: c120ad6e-6736-4c56-8417-fba4a7862d30{ip: 192.168.151.117, host: pr-hdds-2221-4x997-2286248681, networkLocation: /default-rack, certSerialId: null}, Type:RATIS, Factor:ONE, State:OPEN]
2019-10-01 15:51:44,563 [grpc-default-executor-6] INFO  impl.RaftServerProxy (RaftServerProxy.java:addNew(89)) - ead53cd4-d2c5-4e02-8f5e-1c412ad5552b: addNew group-42A91FB4AE3B:[ead53cd4-d2c5-4e02-8f5e-1c412ad5552b:192.168.151.117:43461, ffe3c3d7-f60a-4f12-ae91-fdd1dea308df:192.168.151.117:40867, 0d4eb867-2999-4d6c-a0c0-a2f8240d349b:192.168.151.117:41133] returns group-42A91FB4AE3B:java.util.concurrent.CompletableFuture@734a6ffb[Not completed]
2019-10-01 15:51:44,563 [grpc-default-executor-1] INFO  impl.RaftServerProxy (RaftServerProxy.java:addNew(89)) - 0d4eb867-2999-4d6c-a0c0-a2f8240d349b: addNew group-42A91FB4AE3B:[ead53cd4-d2c5-4e02-8f5e-1c412ad5552b:192.168.151.117:43461, ffe3c3d7-f60a-4f12-ae91-fdd1dea308df:192.168.151.117:40867, 0d4eb867-2999-4d6c-a0c0-a2f8240d349b:192.168.151.117:41133] returns group-42A91FB4AE3B:java.util.concurrent.CompletableFuture@5fe19e57[Not completed]
2019-10-01 15:51:44,563 [grpc-default-executor-2] INFO  impl.RaftServerProxy (RaftServerProxy.java:addNew(89)) - ffe3c3d7-f60a-4f12-ae91-fdd1dea308df: addNew group-42A91FB4AE3B:[ead53cd4-d2c5-4e02-8f5e-1c412ad5552b:192.168.151.117:43461, ffe3c3d7-f60a-4f12-ae91-fdd1dea308df:192.168.151.117:40867, 0d4eb867-2999-4d6c-a0c0-a2f8240d349b:192.168.151.117:41133] returns group-42A91FB4AE3B:java.util.concurrent.CompletableFuture@5b56a8cf[Not completed]
2019-10-01 15:51:44,563 [pool-423-thread-1] INFO  impl.RaftServerImpl (RaftServerImpl.java:<init>(95)) - 0d4eb867-2999-4d6c-a0c0-a2f8240d349b: new RaftServerImpl for group-42A91FB4AE3B:[ead53cd4-d2c5-4e02-8f5e-1c412ad5552b:192.168.151.117:43461, ffe3c3d7-f60a-4f12-ae91-fdd1dea308df:192.168.151.117:40867, 0d4eb867-2999-4d6c-a0c0-a2f8240d349b:192.168.151.117:41133] with ContainerStateMachine:uninitialized
2019-10-01 15:51:44,564 [pool-423-thread-1] INFO  server.RaftServerConfigKeys (ConfUtils.java:logGet(43)) - raft.server.rpc.timeout.min = 5s (custom)
2019-10-01 15:51:44,564 [pool-423-thread-1] INFO  server.RaftServerConfigKeys (ConfUtils.java:logGet(43)) - raft.server.rpc.timeout.max = 5200ms (custom)
2019-10-01 15:51:44,564 [pool-423-thread-1] INFO  server.RaftServerConfigKeys (ConfUtils.java:logGet(43)) - raft.server.rpcslowness.timeout = 120s (custom)
2019-10-01 15:51:44,564 [pool-423-thread-1] INFO  server.RaftServerConfigKeys (ConfUtils.java:logGet(43)) - raft.server.sleep.deviation.threshold = 300 (default)
2019-10-01 15:51:44,564 [pool-423-thread-1] INFO  server.RaftServerConfigKeys (ConfUtils.java:logGet(43)) - raft.server.log.appender.install.snapshot.enabled = false (custom)
2019-10-01 15:51:44,564 [pool-413-thread-1] INFO  impl.RaftServerImpl (RaftServerImpl.java:<init>(95)) - ead53cd4-d2c5-4e02-8f5e-1c412ad5552b: new RaftServerImpl for group-42A91FB4AE3B:[ead53cd4-d2c5-4e02-8f5e-1c412ad5552b:192.168.151.117:43461, ffe3c3d7-f60a-4f12-ae91-fdd1dea308df:192.168.151.117:40867, 0d4eb867-2999-4d6c-a0c0-a2f8240d349b:192.168.151.117:41133] with ContainerStateMachine:uninitialized
2019-10-01 15:51:44,564 [pool-423-thread-1] INFO  impl.RaftServerImpl (ServerState.java:<init>(103)) - 0d4eb867-2999-4d6c-a0c0-a2f8240d349b@group-42A91FB4AE3B: ConfigurationManager, init=-1: [ead53cd4-d2c5-4e02-8f5e-1c412ad5552b:192.168.151.117:43461, ffe3c3d7-f60a-4f12-ae91-fdd1dea308df:192.168.151.117:40867, 0d4eb867-2999-4d6c-a0c0-a2f8240d349b:192.168.151.117:41133], old=null, confs=<EMPTY_MAP>
2019-10-01 15:51:44,564 [pool-413-thread-1] INFO  server.RaftServerConfigKeys (ConfUtils.java:logGet(43)) - raft.server.rpc.timeout.min = 5s (custom)
2019-10-01 15:51:44,564 [pool-423-thread-1] INFO  server.RaftServerConfigKeys (ConfUtils.java:logGet(43)) - raft.server.storage.dir = [/workdir/hadoop-ozone/integration-test/target/test-dir/MiniOzoneClusterImpl-d3abc12a-7b00-4510-8105-56d17a3c3693/datanode-4/data/ratis] (custom)
2019-10-01 15:51:44,564 [pool-413-thread-1] INFO  server.RaftServerConfigKeys (ConfUtils.java:logGet(43)) - raft.server.rpc.timeout.max = 5200ms (custom)
2019-10-01 15:51:44,564 [pool-393-thread-1] INFO  impl.RaftServerImpl (RaftServerImpl.java:<init>(95)) - ffe3c3d7-f60a-4f12-ae91-fdd1dea308df: new RaftServerImpl for group-42A91FB4AE3B:[ead53cd4-d2c5-4e02-8f5e-1c412ad5552b:192.168.151.117:43461, ffe3c3d7-f60a-4f12-ae91-fdd1dea308df:192.168.151.117:40867, 0d4eb867-2999-4d6c-a0c0-a2f8240d349b:192.168.151.117:41133] with ContainerStateMachine:uninitialized
2019-10-01 15:51:44,565 [pool-423-thread-1] INFO  storage.RaftStorageDirectory (RaftStorageDirectory.java:analyzeStorage(246)) - The storage directory /workdir/hadoop-ozone/integration-test/target/test-dir/MiniOzoneClusterImpl-d3abc12a-7b00-4510-8105-56d17a3c3693/datanode-4/data/ratis/c3545fc2-073b-4d40-bc3c-42a91fb4ae3b does not exist. Creating ...
2019-10-01 15:51:44,565 [pool-413-thread-1] INFO  server.RaftServerConfigKeys (ConfUtils.java:logGet(43)) - raft.server.rpcslowness.timeout = 120s (custom)
2019-10-01 15:51:44,565 [pool-393-thread-1] INFO  server.RaftServerConfigKeys (ConfUtils.java:logGet(43)) - raft.server.rpc.timeout.min = 5s (custom)
2019-10-01 15:51:44,565 [pool-413-thread-1] INFO  server.RaftServerConfigKeys (ConfUtils.java:logGet(43)) - raft.server.sleep.deviation.threshold = 300 (default)
2019-10-01 15:51:44,565 [pool-393-thread-1] INFO  server.RaftServerConfigKeys (ConfUtils.java:logGet(43)) - raft.server.rpc.timeout.max = 5200ms (custom)
2019-10-01 15:51:44,565 [pool-413-thread-1] INFO  server.RaftServerConfigKeys (ConfUtils.java:logGet(43)) - raft.server.log.appender.install.snapshot.enabled = false (custom)
2019-10-01 15:51:44,565 [pool-393-thread-1] INFO  server.RaftServerConfigKeys (ConfUtils.java:logGet(43)) - raft.server.rpcslowness.timeout = 120s (custom)
2019-10-01 15:51:44,565 [pool-413-thread-1] INFO  impl.RaftServerImpl (ServerState.java:<init>(103)) - ead53cd4-d2c5-4e02-8f5e-1c412ad5552b@group-42A91FB4AE3B: ConfigurationManager, init=-1: [ead53cd4-d2c5-4e02-8f5e-1c412ad5552b:192.168.151.117:43461, ffe3c3d7-f60a-4f12-ae91-fdd1dea308df:192.168.151.117:40867, 0d4eb867-2999-4d6c-a0c0-a2f8240d349b:192.168.151.117:41133], old=null, confs=<EMPTY_MAP>
2019-10-01 15:51:44,565 [pool-393-thread-1] INFO  server.RaftServerConfigKeys (ConfUtils.java:logGet(43)) - raft.server.sleep.deviation.threshold = 300 (default)
2019-10-01 15:51:44,565 [pool-413-thread-1] INFO  server.RaftServerConfigKeys (ConfUtils.java:logGet(43)) - raft.server.storage.dir = [/workdir/hadoop-ozone/integration-test/target/test-dir/MiniOzoneClusterImpl-d3abc12a-7b00-4510-8105-56d17a3c3693/datanode-3/data/ratis] (custom)
2019-10-01 15:51:44,565 [pool-393-thread-1] INFO  server.RaftServerConfigKeys (ConfUtils.java:logGet(43)) - raft.server.log.appender.install.snapshot.enabled = false (custom)
2019-10-01 15:51:44,566 [pool-393-thread-1] INFO  impl.RaftServerImpl (ServerState.java:<init>(103)) - ffe3c3d7-f60a-4f12-ae91-fdd1dea308df@group-42A91FB4AE3B: ConfigurationManager, init=-1: [ead53cd4-d2c5-4e02-8f5e-1c412ad5552b:192.168.151.117:43461, ffe3c3d7-f60a-4f12-ae91-fdd1dea308df:192.168.151.117:40867, 0d4eb867-2999-4d6c-a0c0-a2f8240d349b:192.168.151.117:41133], old=null, confs=<EMPTY_MAP>
2019-10-01 15:51:44,566 [pool-393-thread-1] INFO  server.RaftServerConfigKeys (ConfUtils.java:logGet(43)) - raft.server.storage.dir = [/workdir/hadoop-ozone/integration-test/target/test-dir/MiniOzoneClusterImpl-d3abc12a-7b00-4510-8105-56d17a3c3693/datanode-1/data/ratis] (custom)
2019-10-01 15:51:44,566 [pool-413-thread-1] INFO  storage.RaftStorageDirectory (RaftStorageDirectory.java:analyzeStorage(246)) - The storage directory /workdir/hadoop-ozone/integration-test/target/test-dir/MiniOzoneClusterImpl-d3abc12a-7b00-4510-8105-56d17a3c3693/datanode-3/data/ratis/c3545fc2-073b-4d40-bc3c-42a91fb4ae3b does not exist. Creating ...
2019-10-01 15:51:44,566 [pool-393-thread-1] INFO  storage.RaftStorageDirectory (RaftStorageDirectory.java:analyzeStorage(246)) - The storage directory /workdir/hadoop-ozone/integration-test/target/test-dir/MiniOzoneClusterImpl-d3abc12a-7b00-4510-8105-56d17a3c3693/datanode-1/data/ratis/c3545fc2-073b-4d40-bc3c-42a91fb4ae3b does not exist. Creating ...
2019-10-01 15:51:44,578 [pool-413-thread-1] INFO  storage.RaftStorageDirectory (RaftStorageDirectory.java:tryLock(328)) - Lock on /workdir/hadoop-ozone/integration-test/target/test-dir/MiniOzoneClusterImpl-d3abc12a-7b00-4510-8105-56d17a3c3693/datanode-3/data/ratis/c3545fc2-073b-4d40-bc3c-42a91fb4ae3b/in_use.lock acquired by nodename 19176@pr-hdds-2221-4x997-2286248681
2019-10-01 15:51:44,578 [pool-393-thread-1] INFO  storage.RaftStorageDirectory (RaftStorageDirectory.java:tryLock(328)) - Lock on /workdir/hadoop-ozone/integration-test/target/test-dir/MiniOzoneClusterImpl-d3abc12a-7b00-4510-8105-56d17a3c3693/datanode-1/data/ratis/c3545fc2-073b-4d40-bc3c-42a91fb4ae3b/in_use.lock acquired by nodename 19176@pr-hdds-2221-4x997-2286248681
2019-10-01 15:51:44,578 [pool-423-thread-1] INFO  storage.RaftStorageDirectory (RaftStorageDirectory.java:tryLock(328)) - Lock on /workdir/hadoop-ozone/integration-test/target/test-dir/MiniOzoneClusterImpl-d3abc12a-7b00-4510-8105-56d17a3c3693/datanode-4/data/ratis/c3545fc2-073b-4d40-bc3c-42a91fb4ae3b/in_use.lock acquired by nodename 19176@pr-hdds-2221-4x997-2286248681
2019-10-01 15:51:44,591 [pool-413-thread-1] INFO  storage.RaftStorage (RaftStorage.java:format(72)) - Storage directory /workdir/hadoop-ozone/integration-test/target/test-dir/MiniOzoneClusterImpl-d3abc12a-7b00-4510-8105-56d17a3c3693/datanode-3/data/ratis/c3545fc2-073b-4d40-bc3c-42a91fb4ae3b has been successfully formatted.
2019-10-01 15:51:44,591 [pool-393-thread-1] INFO  storage.RaftStorage (RaftStorage.java:format(72)) - Storage directory /workdir/hadoop-ozone/integration-test/target/test-dir/MiniOzoneClusterImpl-d3abc12a-7b00-4510-8105-56d17a3c3693/datanode-1/data/ratis/c3545fc2-073b-4d40-bc3c-42a91fb4ae3b has been successfully formatted.
2019-10-01 15:51:44,591 [pool-423-thread-1] INFO  storage.RaftStorage (RaftStorage.java:format(72)) - Storage directory /workdir/hadoop-ozone/integration-test/target/test-dir/MiniOzoneClusterImpl-d3abc12a-7b00-4510-8105-56d17a3c3693/datanode-4/data/ratis/c3545fc2-073b-4d40-bc3c-42a91fb4ae3b has been successfully formatted.
2019-10-01 15:51:44,592 [pool-393-thread-1] INFO  ratis.ContainerStateMachine (ContainerStateMachine.java:loadSnapshot(230)) - group-42A91FB4AE3B: The snapshot info is null. Setting the last applied indexto:(t:0, i:~)
2019-10-01 15:51:44,592 [pool-413-thread-1] INFO  ratis.ContainerStateMachine (ContainerStateMachine.java:loadSnapshot(230)) - group-42A91FB4AE3B: The snapshot info is null. Setting the last applied indexto:(t:0, i:~)
2019-10-01 15:51:44,592 [pool-393-thread-1] INFO  server.RaftServerConfigKeys (ConfUtils.java:logGet(43)) - raft.server.notification.no-leader.timeout = 120s (custom)
2019-10-01 15:51:44,592 [pool-423-thread-1] INFO  ratis.ContainerStateMachine (ContainerStateMachine.java:loadSnapshot(230)) - group-42A91FB4AE3B: The snapshot info is null. Setting the last applied indexto:(t:0, i:~)
2019-10-01 15:51:44,592 [pool-393-thread-1] INFO  server.RaftServerConfigKeys (ConfUtils.java:logGet(43)) - raft.server.log.use.memory = false (default)
2019-10-01 15:51:44,592 [pool-413-thread-1] INFO  server.RaftServerConfigKeys (ConfUtils.java:logGet(43)) - raft.server.notification.no-leader.timeout = 120s (custom)
2019-10-01 15:51:44,592 [pool-393-thread-1] INFO  server.RaftServerConfigKeys (ConfUtils.java:logGet(43)) - raft.server.log.purge.gap = 1000000 (custom)
2019-10-01 15:51:44,592 [pool-423-thread-1] INFO  server.RaftServerConfigKeys (ConfUtils.java:logGet(43)) - raft.server.notification.no-leader.timeout = 120s (custom)
2019-10-01 15:51:44,592 [pool-393-thread-1] INFO  server.RaftServerConfigKeys (ConfUtils.java:logGet(43)) - raft.server.log.appender.buffer.byte-limit = 33554432 (custom)
2019-10-01 15:51:44,592 [pool-413-thread-1] INFO  server.RaftServerConfigKeys (ConfUtils.java:logGet(43)) - raft.server.log.use.memory = false (default)
2019-10-01 15:51:44,592 [pool-393-thread-1] INFO  server.RaftServerConfigKeys (ConfUtils.java:logGet(43)) - raft.server.log.segment.size.max = 1048576 (custom)
2019-10-01 15:51:44,592 [pool-423-thread-1] INFO  server.RaftServerConfigKeys (ConfUtils.java:logGet(43)) - raft.server.log.use.memory = false (default)
2019-10-01 15:51:44,593 [pool-393-thread-1] INFO  server.RaftServerConfigKeys (ConfUtils.java:logGet(43)) - raft.server.log.segment.cache.num.max = 2 (custom)
2019-10-01 15:51:44,593 [pool-413-thread-1] INFO  server.RaftServerConfigKeys (ConfUtils.java:logGet(43)) - raft.server.log.purge.gap = 1000000 (custom)
2019-10-01 15:51:44,593 [pool-393-thread-1] INFO  segmented.SegmentedRaftLogWorker (SegmentedRaftLogWorker.java:<init>(172)) - new ffe3c3d7-f60a-4f12-ae91-fdd1dea308df@group-42A91FB4AE3B-SegmentedRaftLogWorker for RaftStorage:Storage Directory /workdir/hadoop-ozone/integration-test/target/test-dir/MiniOzoneClusterImpl-d3abc12a-7b00-4510-8105-56d17a3c3693/datanode-1/data/ratis/c3545fc2-073b-4d40-bc3c-42a91fb4ae3b
2019-10-01 15:51:44,593 [pool-423-thread-1] INFO  server.RaftServerConfigKeys (ConfUtils.java:logGet(43)) - raft.server.log.purge.gap = 1000000 (custom)
2019-10-01 15:51:44,593 [pool-393-thread-1] INFO  server.RaftServerConfigKeys (ConfUtils.java:logGet(43)) - raft.server.log.queue.byte-limit = 2147483647 (custom)
2019-10-01 15:51:44,593 [pool-413-thread-1] INFO  server.RaftServerConfigKeys (ConfUtils.java:logGet(43)) - raft.server.log.appender.buffer.byte-limit = 33554432 (custom)
2019-10-01 15:51:44,593 [pool-393-thread-1] INFO  server.RaftServerConfigKeys (ConfUtils.java:logGet(43)) - raft.server.log.queue.element-limit = 1024 (custom)
2019-10-01 15:51:44,593 [pool-423-thread-1] INFO  server.RaftServerConfigKeys (ConfUtils.java:logGet(43)) - raft.server.log.appender.buffer.byte-limit = 33554432 (custom)
2019-10-01 15:51:44,593 [pool-393-thread-1] INFO  server.RaftServerConfigKeys (ConfUtils.java:logGet(43)) - raft.server.log.segment.size.max = 1048576 (custom)
2019-10-01 15:51:44,593 [pool-413-thread-1] INFO  server.RaftServerConfigKeys (ConfUtils.java:logGet(43)) - raft.server.log.segment.size.max = 1048576 (custom)
2019-10-01 15:51:44,593 [pool-393-thread-1] INFO  server.RaftServerConfigKeys (ConfUtils.java:logGet(43)) - raft.server.log.preallocated.size = 16384 (custom)
2019-10-01 15:51:44,593 [pool-423-thread-1] INFO  server.RaftServerConfigKeys (ConfUtils.java:logGet(43)) - raft.server.log.segment.size.max = 1048576 (custom)
2019-10-01 15:51:44,594 [pool-393-thread-1] INFO  server.RaftServerConfigKeys (ConfUtils.java:logGet(43)) - raft.server.log.write.buffer.size = 33554432 (custom)
2019-10-01 15:51:44,594 [pool-413-thread-1] INFO  server.RaftServerConfigKeys (ConfUtils.java:logGet(43)) - raft.server.log.segment.cache.num.max = 2 (custom)
2019-10-01 15:51:44,594 [pool-393-thread-1] INFO  server.RaftServerConfigKeys (ConfUtils.java:logGet(43)) - raft.server.log.force.sync.num = 128 (default)
2019-10-01 15:51:44,594 [pool-423-thread-1] INFO  server.RaftServerConfigKeys (ConfUtils.java:logGet(43)) - raft.server.log.segment.cache.num.max = 2 (custom)
2019-10-01 15:51:44,594 [pool-393-thread-1] INFO  server.RaftServerConfigKeys (ConfUtils.java:logGet(43)) - raft.server.log.statemachine.data.sync = true (default)
2019-10-01 15:51:44,594 [pool-413-thread-1] INFO  segmented.SegmentedRaftLogWorker (SegmentedRaftLogWorker.java:<init>(172)) - new ead53cd4-d2c5-4e02-8f5e-1c412ad5552b@group-42A91FB4AE3B-SegmentedRaftLogWorker for RaftStorage:Storage Directory /workdir/hadoop-ozone/integration-test/target/test-dir/MiniOzoneClusterImpl-d3abc12a-7b00-4510-8105-56d17a3c3693/datanode-3/data/ratis/c3545fc2-073b-4d40-bc3c-42a91fb4ae3b
2019-10-01 15:51:44,594 [pool-393-thread-1] INFO  server.RaftServerConfigKeys (ConfUtils.java:logGet(43)) - raft.server.log.statemachine.data.sync.timeout = 10s (default)
2019-10-01 15:51:44,594 [pool-423-thread-1] INFO  segmented.SegmentedRaftLogWorker (SegmentedRaftLogWorker.java:<init>(172)) - new 0d4eb867-2999-4d6c-a0c0-a2f8240d349b@group-42A91FB4AE3B-SegmentedRaftLogWorker for RaftStorage:Storage Directory /workdir/hadoop-ozone/integration-test/target/test-dir/MiniOzoneClusterImpl-d3abc12a-7b00-4510-8105-56d17a3c3693/datanode-4/data/ratis/c3545fc2-073b-4d40-bc3c-42a91fb4ae3b
2019-10-01 15:51:44,594 [pool-393-thread-1] INFO  server.RaftServerConfigKeys (ConfUtils.java:logGet(43)) - raft.server.log.statemachine.data.sync.timeout.retry = -1 (default)
2019-10-01 15:51:44,594 [pool-413-thread-1] INFO  server.RaftServerConfigKeys (ConfUtils.java:logGet(43)) - raft.server.log.queue.byte-limit = 2147483647 (custom)
2019-10-01 15:51:44,594 [pool-393-thread-1] INFO  server.RaftServerConfigKeys (ConfUtils.java:logGet(43)) - raft.server.log.statemachine.data.caching.enabled = true (custom)
2019-10-01 15:51:44,594 [pool-423-thread-1] INFO  server.RaftServerConfigKeys (ConfUtils.java:logGet(43)) - raft.server.log.queue.byte-limit = 2147483647 (custom)
2019-10-01 15:51:44,594 [pool-413-thread-1] INFO  server.RaftServerConfigKeys (ConfUtils.java:logGet(43)) - raft.server.log.queue.element-limit = 1024 (custom)
2019-10-01 15:51:44,595 [pool-423-thread-1] INFO  server.RaftServerConfigKeys (ConfUtils.java:logGet(43)) - raft.server.log.queue.element-limit = 1024 (custom)
2019-10-01 15:51:44,595 [pool-393-thread-1] INFO  segmented.SegmentedRaftLogWorker (SegmentedRaftLogWorker.java:lambda$new$0(132)) - ffe3c3d7-f60a-4f12-ae91-fdd1dea308df@group-42A91FB4AE3B-SegmentedRaftLogWorker: flushIndex: setUnconditionally 0 -> -1
2019-10-01 15:51:44,595 [pool-423-thread-1] INFO  server.RaftServerConfigKeys (ConfUtils.java:logGet(43)) - raft.server.log.segment.size.max = 1048576 (custom)
2019-10-01 15:51:44,595 [pool-413-thread-1] INFO  server.RaftServerConfigKeys (ConfUtils.java:logGet(43)) - raft.server.log.segment.size.max = 1048576 (custom)
2019-10-01 15:51:44,595 [pool-393-thread-1] INFO  server.RaftServerConfigKeys (ConfUtils.java:logGet(43)) - raft.server.snapshot.auto.trigger.enabled = true (custom)
2019-10-01 15:51:44,595 [pool-423-thread-1] INFO  server.RaftServerConfigKeys (ConfUtils.java:logGet(43)) - raft.server.log.preallocated.size = 16384 (custom)
2019-10-01 15:51:44,595 [pool-393-thread-1] INFO  server.RaftServerConfigKeys (ConfUtils.java:logGet(43)) - raft.server.snapshot.auto.trigger.threshold = 10000 (custom)
2019-10-01 15:51:44,595 [pool-413-thread-1] INFO  server.RaftServerConfigKeys (ConfUtils.java:logGet(43)) - raft.server.log.preallocated.size = 16384 (custom)
2019-10-01 15:51:44,595 [pool-393-thread-1] INFO  server.RaftServerConfigKeys (ConfUtils.java:logGet(43)) - raft.server.snapshot.retention.num.files = 5 (custom)
2019-10-01 15:51:44,595 [pool-423-thread-1] INFO  server.RaftServerConfigKeys (ConfUtils.java:logGet(43)) - raft.server.log.write.buffer.size = 33554432 (custom)
2019-10-01 15:51:44,596 [pool-393-thread-1] INFO  server.RaftServerConfigKeys (ConfUtils.java:logGet(43)) - raft.server.retrycache.expirytime = 600000ms (custom)
2019-10-01 15:51:44,595 [pool-413-thread-1] INFO  server.RaftServerConfigKeys (ConfUtils.java:logGet(43)) - raft.server.log.write.buffer.size = 33554432 (custom)
2019-10-01 15:51:44,596 [pool-413-thread-1] INFO  server.RaftServerConfigKeys (ConfUtils.java:logGet(43)) - raft.server.log.force.sync.num = 128 (default)
2019-10-01 15:51:44,596 [pool-423-thread-1] INFO  server.RaftServerConfigKeys (ConfUtils.java:logGet(43)) - raft.server.log.force.sync.num = 128 (default)
2019-10-01 15:51:44,596 [pool-413-thread-1] INFO  server.RaftServerConfigKeys (ConfUtils.java:logGet(43)) - raft.server.log.statemachine.data.sync = true (default)
2019-10-01 15:51:44,596 [pool-423-thread-1] INFO  server.RaftServerConfigKeys (ConfUtils.java:logGet(43)) - raft.server.log.statemachine.data.sync = true (default)
2019-10-01 15:51:44,596 [pool-413-thread-1] INFO  server.RaftServerConfigKeys (ConfUtils.java:logGet(43)) - raft.server.log.statemachine.data.sync.timeout = 10s (default)
2019-10-01 15:51:44,596 [pool-423-thread-1] INFO  server.RaftServerConfigKeys (ConfUtils.java:logGet(43)) - raft.server.log.statemachine.data.sync.timeout = 10s (default)
2019-10-01 15:51:44,596 [pool-413-thread-1] INFO  server.RaftServerConfigKeys (ConfUtils.java:logGet(43)) - raft.server.log.statemachine.data.sync.timeout.retry = -1 (default)
2019-10-01 15:51:44,597 [pool-423-thread-1] INFO  server.RaftServerConfigKeys (ConfUtils.java:logGet(43)) - raft.server.log.statemachine.data.sync.timeout.retry = -1 (default)
2019-10-01 15:51:44,597 [pool-413-thread-1] INFO  server.RaftServerConfigKeys (ConfUtils.java:logGet(43)) - raft.server.log.statemachine.data.caching.enabled = true (custom)
2019-10-01 15:51:44,597 [pool-393-thread-1] INFO  impl.RaftServerImpl (RaftServerImpl.java:start(185)) - ffe3c3d7-f60a-4f12-ae91-fdd1dea308df@group-42A91FB4AE3B: start as a follower, conf=-1: [ead53cd4-d2c5-4e02-8f5e-1c412ad5552b:192.168.151.117:43461, ffe3c3d7-f60a-4f12-ae91-fdd1dea308df:192.168.151.117:40867, 0d4eb867-2999-4d6c-a0c0-a2f8240d349b:192.168.151.117:41133], old=null
2019-10-01 15:51:44,597 [pool-423-thread-1] INFO  server.RaftServerConfigKeys (ConfUtils.java:logGet(43)) - raft.server.log.statemachine.data.caching.enabled = true (custom)
2019-10-01 15:51:44,597 [pool-393-thread-1] INFO  impl.RaftServerImpl (RaftServerImpl.java:setRole(174)) - ffe3c3d7-f60a-4f12-ae91-fdd1dea308df@group-42A91FB4AE3B: changes role from      null to FOLLOWER at term 0 for startAsFollower
2019-10-01 15:51:44,597 [pool-413-thread-1] INFO  segmented.SegmentedRaftLogWorker (SegmentedRaftLogWorker.java:lambda$new$0(132)) - ead53cd4-d2c5-4e02-8f5e-1c412ad5552b@group-42A91FB4AE3B-SegmentedRaftLogWorker: flushIndex: setUnconditionally 0 -> -1
2019-10-01 15:51:44,597 [pool-393-thread-1] INFO  impl.RoleInfo (RoleInfo.java:updateAndGet(143)) - ffe3c3d7-f60a-4f12-ae91-fdd1dea308df: start FollowerState
2019-10-01 15:51:44,597 [pool-423-thread-1] INFO  segmented.SegmentedRaftLogWorker (SegmentedRaftLogWorker.java:lambda$new$0(132)) - 0d4eb867-2999-4d6c-a0c0-a2f8240d349b@group-42A91FB4AE3B-SegmentedRaftLogWorker: flushIndex: setUnconditionally 0 -> -1
2019-10-01 15:51:44,597 [pool-413-thread-1] INFO  server.RaftServerConfigKeys (ConfUtils.java:logGet(43)) - raft.server.snapshot.auto.trigger.enabled = true (custom)
2019-10-01 15:51:44,598 [pool-393-thread-1] INFO  util.JmxRegister (JmxRegister.java:tryRegister(44)) - Successfully registered JMX Bean with object name Ratis:service=RaftServer,group=group-42A91FB4AE3B,id=ffe3c3d7-f60a-4f12-ae91-fdd1dea308df
2019-10-01 15:51:44,598 [pool-423-thread-1] INFO  server.RaftServerConfigKeys (ConfUtils.java:logGet(43)) - raft.server.snapshot.auto.trigger.enabled = true (custom)
2019-10-01 15:51:44,598 [pool-413-thread-1] INFO  server.RaftServerConfigKeys (ConfUtils.java:logGet(43)) - raft.server.snapshot.auto.trigger.threshold = 10000 (custom)
2019-10-01 15:51:44,598 [pool-423-thread-1] INFO  server.RaftServerConfigKeys (ConfUtils.java:logGet(43)) - raft.server.snapshot.auto.trigger.threshold = 10000 (custom)
2019-10-01 15:51:44,598 [pool-413-thread-1] INFO  server.RaftServerConfigKeys (ConfUtils.java:logGet(43)) - raft.server.snapshot.retention.num.files = 5 (custom)
2019-10-01 15:51:44,598 [pool-423-thread-1] INFO  server.RaftServerConfigKeys (ConfUtils.java:logGet(43)) - raft.server.snapshot.retention.num.files = 5 (custom)
2019-10-01 15:51:44,598 [pool-413-thread-1] INFO  server.RaftServerConfigKeys (ConfUtils.java:logGet(43)) - raft.server.retrycache.expirytime = 600000ms (custom)
2019-10-01 15:51:44,598 [pool-423-thread-1] INFO  server.RaftServerConfigKeys (ConfUtils.java:logGet(43)) - raft.server.retrycache.expirytime = 600000ms (custom)
2019-10-01 15:51:44,603 [pool-413-thread-1] INFO  impl.RaftServerImpl (RaftServerImpl.java:start(185)) - ead53cd4-d2c5-4e02-8f5e-1c412ad5552b@group-42A91FB4AE3B: start as a follower, conf=-1: [ead53cd4-d2c5-4e02-8f5e-1c412ad5552b:192.168.151.117:43461, ffe3c3d7-f60a-4f12-ae91-fdd1dea308df:192.168.151.117:40867, 0d4eb867-2999-4d6c-a0c0-a2f8240d349b:192.168.151.117:41133], old=null
2019-10-01 15:51:44,603 [pool-413-thread-1] INFO  impl.RaftServerImpl (RaftServerImpl.java:setRole(174)) - ead53cd4-d2c5-4e02-8f5e-1c412ad5552b@group-42A91FB4AE3B: changes role from      null to FOLLOWER at term 0 for startAsFollower
2019-10-01 15:51:44,603 [pool-413-thread-1] INFO  impl.RoleInfo (RoleInfo.java:updateAndGet(143)) - ead53cd4-d2c5-4e02-8f5e-1c412ad5552b: start FollowerState
2019-10-01 15:51:44,603 [pool-413-thread-1] INFO  util.JmxRegister (JmxRegister.java:tryRegister(44)) - Successfully registered JMX Bean with object name Ratis:service=RaftServer,group=group-42A91FB4AE3B,id=ead53cd4-d2c5-4e02-8f5e-1c412ad5552b
2019-10-01 15:51:44,603 [pool-423-thread-1] INFO  impl.RaftServerImpl (RaftServerImpl.java:start(185)) - 0d4eb867-2999-4d6c-a0c0-a2f8240d349b@group-42A91FB4AE3B: start as a follower, conf=-1: [ead53cd4-d2c5-4e02-8f5e-1c412ad5552b:192.168.151.117:43461, ffe3c3d7-f60a-4f12-ae91-fdd1dea308df:192.168.151.117:40867, 0d4eb867-2999-4d6c-a0c0-a2f8240d349b:192.168.151.117:41133], old=null
2019-10-01 15:51:44,603 [pool-423-thread-1] INFO  impl.RaftServerImpl (RaftServerImpl.java:setRole(174)) - 0d4eb867-2999-4d6c-a0c0-a2f8240d349b@group-42A91FB4AE3B: changes role from      null to FOLLOWER at term 0 for startAsFollower
2019-10-01 15:51:44,603 [pool-423-thread-1] INFO  impl.RoleInfo (RoleInfo.java:updateAndGet(143)) - 0d4eb867-2999-4d6c-a0c0-a2f8240d349b: start FollowerState
2019-10-01 15:51:44,604 [pool-423-thread-1] INFO  util.JmxRegister (JmxRegister.java:tryRegister(44)) - Successfully registered JMX Bean with object name Ratis:service=RaftServer,group=group-42A91FB4AE3B,id=0d4eb867-2999-4d6c-a0c0-a2f8240d349b
2019-10-01 15:51:44,610 [RatisPipelineUtilsThread] INFO  pipeline.PipelineStateManager (PipelineStateManager.java:addPipeline(56)) - Created pipeline Pipeline[ Id: c3545fc2-073b-4d40-bc3c-42a91fb4ae3b, Nodes: ffe3c3d7-f60a-4f12-ae91-fdd1dea308df{ip: 192.168.151.117, host: pr-hdds-2221-4x997-2286248681, networkLocation: /default-rack, certSerialId: null}0d4eb867-2999-4d6c-a0c0-a2f8240d349b{ip: 192.168.151.117, host: pr-hdds-2221-4x997-2286248681, networkLocation: /default-rack, certSerialId: null}ead53cd4-d2c5-4e02-8f5e-1c412ad5552b{ip: 192.168.151.117, host: pr-hdds-2221-4x997-2286248681, networkLocation: /default-rack, certSerialId: null}, Type:RATIS, Factor:THREE, State:OPEN]
2019-10-01 15:51:44,620 [grpc-default-executor-1] INFO  impl.RaftServerProxy (RaftServerProxy.java:addNew(89)) - dcfcd63b-1626-44e7-99fa-a7af6291125a: addNew group-5611C1907E7D:[c120ad6e-6736-4c56-8417-fba4a7862d30:192.168.151.117:41036, c463c838-7bfa-4ae3-90f9-f2c460f81aff:192.168.151.117:34868, dcfcd63b-1626-44e7-99fa-a7af6291125a:192.168.151.117:36667] returns group-5611C1907E7D:java.util.concurrent.CompletableFuture@7b9e5066[Not completed]
2019-10-01 15:51:44,620 [grpc-default-executor-2] INFO  impl.RaftServerProxy (RaftServerProxy.java:addNew(89)) - c120ad6e-6736-4c56-8417-fba4a7862d30: addNew group-5611C1907E7D:[c120ad6e-6736-4c56-8417-fba4a7862d30:192.168.151.117:41036, c463c838-7bfa-4ae3-90f9-f2c460f81aff:192.168.151.117:34868, dcfcd63b-1626-44e7-99fa-a7af6291125a:192.168.151.117:36667] returns group-5611C1907E7D:java.util.concurrent.CompletableFuture@364d01d9[Not completed]
2019-10-01 15:51:44,622 [grpc-default-executor-6] INFO  impl.RaftServerProxy (RaftServerProxy.java:addNew(89)) - c463c838-7bfa-4ae3-90f9-f2c460f81aff: addNew group-5611C1907E7D:[c120ad6e-6736-4c56-8417-fba4a7862d30:192.168.151.117:41036, c463c838-7bfa-4ae3-90f9-f2c460f81aff:192.168.151.117:34868, dcfcd63b-1626-44e7-99fa-a7af6291125a:192.168.151.117:36667] returns group-5611C1907E7D:java.util.concurrent.CompletableFuture@41c5defc[Not completed]
2019-10-01 15:51:44,622 [pool-403-thread-1] INFO  impl.RaftServerImpl (RaftServerImpl.java:<init>(95)) - dcfcd63b-1626-44e7-99fa-a7af6291125a: new RaftServerImpl for group-5611C1907E7D:[c120ad6e-6736-4c56-8417-fba4a7862d30:192.168.151.117:41036, c463c838-7bfa-4ae3-90f9-f2c460f81aff:192.168.151.117:34868, dcfcd63b-1626-44e7-99fa-a7af6291125a:192.168.151.117:36667] with ContainerStateMachine:uninitialized
2019-10-01 15:51:44,622 [pool-403-thread-1] INFO  server.RaftServerConfigKeys (ConfUtils.java:logGet(43)) - raft.server.rpc.timeout.min = 5s (custom)
2019-10-01 15:51:44,622 [pool-403-thread-1] INFO  server.RaftServerConfigKeys (ConfUtils.java:logGet(43)) - raft.server.rpc.timeout.max = 5200ms (custom)
2019-10-01 15:51:44,622 [pool-433-thread-1] INFO  impl.RaftServerImpl (RaftServerImpl.java:<init>(95)) - c463c838-7bfa-4ae3-90f9-f2c460f81aff: new RaftServerImpl for group-5611C1907E7D:[c120ad6e-6736-4c56-8417-fba4a7862d30:192.168.151.117:41036, c463c838-7bfa-4ae3-90f9-f2c460f81aff:192.168.151.117:34868, dcfcd63b-1626-44e7-99fa-a7af6291125a:192.168.151.117:36667] with ContainerStateMachine:uninitialized
2019-10-01 15:51:44,623 [pool-403-thread-1] INFO  server.RaftServerConfigKeys (ConfUtils.java:logGet(43)) - raft.server.rpcslowness.timeout = 120s (custom)
2019-10-01 15:51:44,623 [pool-433-thread-1] INFO  server.RaftServerConfigKeys (ConfUtils.java:logGet(43)) - raft.server.rpc.timeout.min = 5s (custom)
2019-10-01 15:51:44,623 [pool-443-thread-1] INFO  impl.RaftServerImpl (RaftServerImpl.java:<init>(95)) - c120ad6e-6736-4c56-8417-fba4a7862d30: new RaftServerImpl for group-5611C1907E7D:[c120ad6e-6736-4c56-8417-fba4a7862d30:192.168.151.117:41036, c463c838-7bfa-4ae3-90f9-f2c460f81aff:192.168.151.117:34868, dcfcd63b-1626-44e7-99fa-a7af6291125a:192.168.151.117:36667] with ContainerStateMachine:uninitialized
2019-10-01 15:51:44,623 [pool-403-thread-1] INFO  server.RaftServerConfigKeys (ConfUtils.java:logGet(43)) - raft.server.sleep.deviation.threshold = 300 (default)
2019-10-01 15:51:44,623 [pool-443-thread-1] INFO  server.RaftServerConfigKeys (ConfUtils.java:logGet(43)) - raft.server.rpc.timeout.min = 5s (custom)
2019-10-01 15:51:44,623 [pool-433-thread-1] INFO  server.RaftServerConfigKeys (ConfUtils.java:logGet(43)) - raft.server.rpc.timeout.max = 5200ms (custom)
2019-10-01 15:51:44,623 [pool-443-thread-1] INFO  server.RaftServerConfigKeys (ConfUtils.java:logGet(43)) - raft.server.rpc.timeout.max = 5200ms (custom)
2019-10-01 15:51:44,623 [pool-403-thread-1] INFO  server.RaftServerConfigKeys (ConfUtils.java:logGet(43)) - raft.server.log.appender.install.snapshot.enabled = false (custom)
2019-10-01 15:51:44,623 [pool-443-thread-1] INFO  server.RaftServerConfigKeys (ConfUtils.java:logGet(43)) - raft.server.rpcslowness.timeout = 120s (custom)
2019-10-01 15:51:44,623 [pool-433-thread-1] INFO  server.RaftServerConfigKeys (ConfUtils.java:logGet(43)) - raft.server.rpcslowness.timeout = 120s (custom)
2019-10-01 15:51:44,623 [pool-443-thread-1] INFO  server.RaftServerConfigKeys (ConfUtils.java:logGet(43)) - raft.server.sleep.deviation.threshold = 300 (default)
2019-10-01 15:51:44,623 [pool-403-thread-1] INFO  impl.RaftServerImpl (ServerState.java:<init>(103)) - dcfcd63b-1626-44e7-99fa-a7af6291125a@group-5611C1907E7D: ConfigurationManager, init=-1: [c120ad6e-6736-4c56-8417-fba4a7862d30:192.168.151.117:41036, c463c838-7bfa-4ae3-90f9-f2c460f81aff:192.168.151.117:34868, dcfcd63b-1626-44e7-99fa-a7af6291125a:192.168.151.117:36667], old=null, confs=<EMPTY_MAP>
2019-10-01 15:51:44,624 [pool-443-thread-1] INFO  server.RaftServerConfigKeys (ConfUtils.java:logGet(43)) - raft.server.log.appender.install.snapshot.enabled = false (custom)
2019-10-01 15:51:44,624 [pool-403-thread-1] INFO  server.RaftServerConfigKeys (ConfUtils.java:logGet(43)) - raft.server.storage.dir = [/workdir/hadoop-ozone/integration-test/target/test-dir/MiniOzoneClusterImpl-d3abc12a-7b00-4510-8105-56d17a3c3693/datanode-2/data/ratis] (custom)
2019-10-01 15:51:44,623 [pool-433-thread-1] INFO  server.RaftServerConfigKeys (ConfUtils.java:logGet(43)) - raft.server.sleep.deviation.threshold = 300 (default)
2019-10-01 15:51:44,624 [pool-443-thread-1] INFO  impl.RaftServerImpl (ServerState.java:<init>(103)) - c120ad6e-6736-4c56-8417-fba4a7862d30@group-5611C1907E7D: ConfigurationManager, init=-1: [c120ad6e-6736-4c56-8417-fba4a7862d30:192.168.151.117:41036, c463c838-7bfa-4ae3-90f9-f2c460f81aff:192.168.151.117:34868, dcfcd63b-1626-44e7-99fa-a7af6291125a:192.168.151.117:36667], old=null, confs=<EMPTY_MAP>
2019-10-01 15:51:44,624 [pool-433-thread-1] INFO  server.RaftServerConfigKeys (ConfUtils.java:logGet(43)) - raft.server.log.appender.install.snapshot.enabled = false (custom)
2019-10-01 15:51:44,624 [pool-403-thread-1] INFO  storage.RaftStorageDirectory (RaftStorageDirectory.java:analyzeStorage(246)) - The storage directory /workdir/hadoop-ozone/integration-test/target/test-dir/MiniOzoneClusterImpl-d3abc12a-7b00-4510-8105-56d17a3c3693/datanode-2/data/ratis/ed2559bf-14a1-4fe9-a879-5611c1907e7d does not exist. Creating ...
2019-10-01 15:51:44,624 [pool-443-thread-1] INFO  server.RaftServerConfigKeys (ConfUtils.java:logGet(43)) - raft.server.storage.dir = [/workdir/hadoop-ozone/integration-test/target/test-dir/MiniOzoneClusterImpl-d3abc12a-7b00-4510-8105-56d17a3c3693/datanode-6/data/ratis] (custom)
2019-10-01 15:51:44,624 [pool-433-thread-1] INFO  impl.RaftServerImpl (ServerState.java:<init>(103)) - c463c838-7bfa-4ae3-90f9-f2c460f81aff@group-5611C1907E7D: ConfigurationManager, init=-1: [c120ad6e-6736-4c56-8417-fba4a7862d30:192.168.151.117:41036, c463c838-7bfa-4ae3-90f9-f2c460f81aff:192.168.151.117:34868, dcfcd63b-1626-44e7-99fa-a7af6291125a:192.168.151.117:36667], old=null, confs=<EMPTY_MAP>
2019-10-01 15:51:44,624 [pool-433-thread-1] INFO  server.RaftServerConfigKeys (ConfUtils.java:logGet(43)) - raft.server.storage.dir = [/workdir/hadoop-ozone/integration-test/target/test-dir/MiniOzoneClusterImpl-d3abc12a-7b00-4510-8105-56d17a3c3693/datanode-5/data/ratis] (custom)
2019-10-01 15:51:44,624 [pool-443-thread-1] INFO  storage.RaftStorageDirectory (RaftStorageDirectory.java:analyzeStorage(246)) - The storage directory /workdir/hadoop-ozone/integration-test/target/test-dir/MiniOzoneClusterImpl-d3abc12a-7b00-4510-8105-56d17a3c3693/datanode-6/data/ratis/ed2559bf-14a1-4fe9-a879-5611c1907e7d does not exist. Creating ...
2019-10-01 15:51:44,624 [pool-433-thread-1] INFO  storage.RaftStorageDirectory (RaftStorageDirectory.java:analyzeStorage(246)) - The storage directory /workdir/hadoop-ozone/integration-test/target/test-dir/MiniOzoneClusterImpl-d3abc12a-7b00-4510-8105-56d17a3c3693/datanode-5/data/ratis/ed2559bf-14a1-4fe9-a879-5611c1907e7d does not exist. Creating ...
2019-10-01 15:51:44,637 [pool-403-thread-1] INFO  storage.RaftStorageDirectory (RaftStorageDirectory.java:tryLock(328)) - Lock on /workdir/hadoop-ozone/integration-test/target/test-dir/MiniOzoneClusterImpl-d3abc12a-7b00-4510-8105-56d17a3c3693/datanode-2/data/ratis/ed2559bf-14a1-4fe9-a879-5611c1907e7d/in_use.lock acquired by nodename 19176@pr-hdds-2221-4x997-2286248681
2019-10-01 15:51:44,637 [pool-443-thread-1] INFO  storage.RaftStorageDirectory (RaftStorageDirectory.java:tryLock(328)) - Lock on /workdir/hadoop-ozone/integration-test/target/test-dir/MiniOzoneClusterImpl-d3abc12a-7b00-4510-8105-56d17a3c3693/datanode-6/data/ratis/ed2559bf-14a1-4fe9-a879-5611c1907e7d/in_use.lock acquired by nodename 19176@pr-hdds-2221-4x997-2286248681
2019-10-01 15:51:44,637 [pool-433-thread-1] INFO  storage.RaftStorageDirectory (RaftStorageDirectory.java:tryLock(328)) - Lock on /workdir/hadoop-ozone/integration-test/target/test-dir/MiniOzoneClusterImpl-d3abc12a-7b00-4510-8105-56d17a3c3693/datanode-5/data/ratis/ed2559bf-14a1-4fe9-a879-5611c1907e7d/in_use.lock acquired by nodename 19176@pr-hdds-2221-4x997-2286248681
2019-10-01 15:51:44,650 [pool-403-thread-1] INFO  storage.RaftStorage (RaftStorage.java:format(72)) - Storage directory /workdir/hadoop-ozone/integration-test/target/test-dir/MiniOzoneClusterImpl-d3abc12a-7b00-4510-8105-56d17a3c3693/datanode-2/data/ratis/ed2559bf-14a1-4fe9-a879-5611c1907e7d has been successfully formatted.
2019-10-01 15:51:44,650 [pool-443-thread-1] INFO  storage.RaftStorage (RaftStorage.java:format(72)) - Storage directory /workdir/hadoop-ozone/integration-test/target/test-dir/MiniOzoneClusterImpl-d3abc12a-7b00-4510-8105-56d17a3c3693/datanode-6/data/ratis/ed2559bf-14a1-4fe9-a879-5611c1907e7d has been successfully formatted.
2019-10-01 15:51:44,650 [pool-433-thread-1] INFO  storage.RaftStorage (RaftStorage.java:format(72)) - Storage directory /workdir/hadoop-ozone/integration-test/target/test-dir/MiniOzoneClusterImpl-d3abc12a-7b00-4510-8105-56d17a3c3693/datanode-5/data/ratis/ed2559bf-14a1-4fe9-a879-5611c1907e7d has been successfully formatted.
2019-10-01 15:51:44,651 [pool-443-thread-1] INFO  ratis.ContainerStateMachine (ContainerStateMachine.java:loadSnapshot(230)) - group-5611C1907E7D: The snapshot info is null. Setting the last applied indexto:(t:0, i:~)
2019-10-01 15:51:44,651 [pool-403-thread-1] INFO  ratis.ContainerStateMachine (ContainerStateMachine.java:loadSnapshot(230)) - group-5611C1907E7D: The snapshot info is null. Setting the last applied indexto:(t:0, i:~)
2019-10-01 15:51:44,651 [pool-443-thread-1] INFO  server.RaftServerConfigKeys (ConfUtils.java:logGet(43)) - raft.server.notification.no-leader.timeout = 120s (custom)
2019-10-01 15:51:44,651 [pool-433-thread-1] INFO  ratis.ContainerStateMachine (ContainerStateMachine.java:loadSnapshot(230)) - group-5611C1907E7D: The snapshot info is null. Setting the last applied indexto:(t:0, i:~)
2019-10-01 15:51:44,651 [pool-443-thread-1] INFO  server.RaftServerConfigKeys (ConfUtils.java:logGet(43)) - raft.server.log.use.memory = false (default)
2019-10-01 15:51:44,651 [pool-403-thread-1] INFO  server.RaftServerConfigKeys (ConfUtils.java:logGet(43)) - raft.server.notification.no-leader.timeout = 120s (custom)
2019-10-01 15:51:44,651 [pool-443-thread-1] INFO  server.RaftServerConfigKeys (ConfUtils.java:logGet(43)) - raft.server.log.purge.gap = 1000000 (custom)
2019-10-01 15:51:44,651 [pool-433-thread-1] INFO  server.RaftServerConfigKeys (ConfUtils.java:logGet(43)) - raft.server.notification.no-leader.timeout = 120s (custom)
2019-10-01 15:51:44,651 [pool-443-thread-1] INFO  server.RaftServerConfigKeys (ConfUtils.java:logGet(43)) - raft.server.log.appender.buffer.byte-limit = 33554432 (custom)
2019-10-01 15:51:44,651 [pool-403-thread-1] INFO  server.RaftServerConfigKeys (ConfUtils.java:logGet(43)) - raft.server.log.use.memory = false (default)
2019-10-01 15:51:44,652 [pool-443-thread-1] INFO  server.RaftServerConfigKeys (ConfUtils.java:logGet(43)) - raft.server.log.segment.size.max = 1048576 (custom)
2019-10-01 15:51:44,652 [pool-433-thread-1] INFO  server.RaftServerConfigKeys (ConfUtils.java:logGet(43)) - raft.server.log.use.memory = false (default)
2019-10-01 15:51:44,652 [pool-443-thread-1] INFO  server.RaftServerConfigKeys (ConfUtils.java:logGet(43)) - raft.server.log.segment.cache.num.max = 2 (custom)
2019-10-01 15:51:44,652 [pool-403-thread-1] INFO  server.RaftServerConfigKeys (ConfUtils.java:logGet(43)) - raft.server.log.purge.gap = 1000000 (custom)
2019-10-01 15:51:44,652 [pool-443-thread-1] INFO  segmented.SegmentedRaftLogWorker (SegmentedRaftLogWorker.java:<init>(172)) - new c120ad6e-6736-4c56-8417-fba4a7862d30@group-5611C1907E7D-SegmentedRaftLogWorker for RaftStorage:Storage Directory /workdir/hadoop-ozone/integration-test/target/test-dir/MiniOzoneClusterImpl-d3abc12a-7b00-4510-8105-56d17a3c3693/datanode-6/data/ratis/ed2559bf-14a1-4fe9-a879-5611c1907e7d
2019-10-01 15:51:44,652 [pool-433-thread-1] INFO  server.RaftServerConfigKeys (ConfUtils.java:logGet(43)) - raft.server.log.purge.gap = 1000000 (custom)
2019-10-01 15:51:44,652 [pool-443-thread-1] INFO  server.RaftServerConfigKeys (ConfUtils.java:logGet(43)) - raft.server.log.queue.byte-limit = 2147483647 (custom)
2019-10-01 15:51:44,652 [pool-403-thread-1] INFO  server.RaftServerConfigKeys (ConfUtils.java:logGet(43)) - raft.server.log.appender.buffer.byte-limit = 33554432 (custom)
2019-10-01 15:51:44,652 [pool-443-thread-1] INFO  server.RaftServerConfigKeys (ConfUtils.java:logGet(43)) - raft.server.log.queue.element-limit = 1024 (custom)
2019-10-01 15:51:44,652 [pool-433-thread-1] INFO  server.RaftServerConfigKeys (ConfUtils.java:logGet(43)) - raft.server.log.appender.buffer.byte-limit = 33554432 (custom)
2019-10-01 15:51:44,653 [pool-443-thread-1] INFO  server.RaftServerConfigKeys (ConfUtils.java:logGet(43)) - raft.server.log.segment.size.max = 1048576 (custom)
2019-10-01 15:51:44,652 [pool-403-thread-1] INFO  server.RaftServerConfigKeys (ConfUtils.java:logGet(43)) - raft.server.log.segment.size.max = 1048576 (custom)
2019-10-01 15:51:44,653 [pool-443-thread-1] INFO  server.RaftServerConfigKeys (ConfUtils.java:logGet(43)) - raft.server.log.preallocated.size = 16384 (custom)
2019-10-01 15:51:44,653 [pool-433-thread-1] INFO  server.RaftServerConfigKeys (ConfUtils.java:logGet(43)) - raft.server.log.segment.size.max = 1048576 (custom)
2019-10-01 15:51:44,653 [pool-443-thread-1] INFO  server.RaftServerConfigKeys (ConfUtils.java:logGet(43)) - raft.server.log.write.buffer.size = 33554432 (custom)
2019-10-01 15:51:44,653 [pool-403-thread-1] INFO  server.RaftServerConfigKeys (ConfUtils.java:logGet(43)) - raft.server.log.segment.cache.num.max = 2 (custom)
2019-10-01 15:51:44,653 [pool-443-thread-1] INFO  server.RaftServerConfigKeys (ConfUtils.java:logGet(43)) - raft.server.log.force.sync.num = 128 (default)
2019-10-01 15:51:44,653 [pool-433-thread-1] INFO  server.RaftServerConfigKeys (ConfUtils.java:logGet(43)) - raft.server.log.segment.cache.num.max = 2 (custom)
2019-10-01 15:51:44,653 [pool-443-thread-1] INFO  server.RaftServerConfigKeys (ConfUtils.java:logGet(43)) - raft.server.log.statemachine.data.sync = true (default)
2019-10-01 15:51:44,653 [pool-403-thread-1] INFO  segmented.SegmentedRaftLogWorker (SegmentedRaftLogWorker.java:<init>(172)) - new dcfcd63b-1626-44e7-99fa-a7af6291125a@group-5611C1907E7D-SegmentedRaftLogWorker for RaftStorage:Storage Directory /workdir/hadoop-ozone/integration-test/target/test-dir/MiniOzoneClusterImpl-d3abc12a-7b00-4510-8105-56d17a3c3693/datanode-2/data/ratis/ed2559bf-14a1-4fe9-a879-5611c1907e7d
2019-10-01 15:51:44,653 [pool-443-thread-1] INFO  server.RaftServerConfigKeys (ConfUtils.java:logGet(43)) - raft.server.log.statemachine.data.sync.timeout = 10s (default)
2019-10-01 15:51:44,653 [pool-433-thread-1] INFO  segmented.SegmentedRaftLogWorker (SegmentedRaftLogWorker.java:<init>(172)) - new c463c838-7bfa-4ae3-90f9-f2c460f81aff@group-5611C1907E7D-SegmentedRaftLogWorker for RaftStorage:Storage Directory /workdir/hadoop-ozone/integration-test/target/test-dir/MiniOzoneClusterImpl-d3abc12a-7b00-4510-8105-56d17a3c3693/datanode-5/data/ratis/ed2559bf-14a1-4fe9-a879-5611c1907e7d
2019-10-01 15:51:44,654 [pool-443-thread-1] INFO  server.RaftServerConfigKeys (ConfUtils.java:logGet(43)) - raft.server.log.statemachine.data.sync.timeout.retry = -1 (default)
2019-10-01 15:51:44,654 [pool-403-thread-1] INFO  server.RaftServerConfigKeys (ConfUtils.java:logGet(43)) - raft.server.log.queue.byte-limit = 2147483647 (custom)
2019-10-01 15:51:44,654 [pool-443-thread-1] INFO  server.RaftServerConfigKeys (ConfUtils.java:logGet(43)) - raft.server.log.statemachine.data.caching.enabled = true (custom)
2019-10-01 15:51:44,654 [pool-433-thread-1] INFO  server.RaftServerConfigKeys (ConfUtils.java:logGet(43)) - raft.server.log.queue.byte-limit = 2147483647 (custom)
2019-10-01 15:51:44,654 [pool-443-thread-1] INFO  segmented.SegmentedRaftLogWorker (SegmentedRaftLogWorker.java:lambda$new$0(132)) - c120ad6e-6736-4c56-8417-fba4a7862d30@group-5611C1907E7D-SegmentedRaftLogWorker: flushIndex: setUnconditionally 0 -> -1
2019-10-01 15:51:44,654 [pool-403-thread-1] INFO  server.RaftServerConfigKeys (ConfUtils.java:logGet(43)) - raft.server.log.queue.element-limit = 1024 (custom)
2019-10-01 15:51:44,654 [pool-433-thread-1] INFO  server.RaftServerConfigKeys (ConfUtils.java:logGet(43)) - raft.server.log.queue.element-limit = 1024 (custom)
2019-10-01 15:51:44,654 [pool-443-thread-1] INFO  server.RaftServerConfigKeys (ConfUtils.java:logGet(43)) - raft.server.snapshot.auto.trigger.enabled = true (custom)
2019-10-01 15:51:44,654 [pool-403-thread-1] INFO  server.RaftServerConfigKeys (ConfUtils.java:logGet(43)) - raft.server.log.segment.size.max = 1048576 (custom)
2019-10-01 15:51:44,654 [pool-443-thread-1] INFO  server.RaftServerConfigKeys (ConfUtils.java:logGet(43)) - raft.server.snapshot.auto.trigger.threshold = 10000 (custom)
2019-10-01 15:51:44,654 [pool-433-thread-1] INFO  server.RaftServerConfigKeys (ConfUtils.java:logGet(43)) - raft.server.log.segment.size.max = 1048576 (custom)
2019-10-01 15:51:44,655 [pool-443-thread-1] INFO  server.RaftServerConfigKeys (ConfUtils.java:logGet(43)) - raft.server.snapshot.retention.num.files = 5 (custom)
2019-10-01 15:51:44,655 [pool-403-thread-1] INFO  server.RaftServerConfigKeys (ConfUtils.java:logGet(43)) - raft.server.log.preallocated.size = 16384 (custom)
2019-10-01 15:51:44,655 [pool-443-thread-1] INFO  server.RaftServerConfigKeys (ConfUtils.java:logGet(43)) - raft.server.retrycache.expirytime = 600000ms (custom)
2019-10-01 15:51:44,655 [pool-433-thread-1] INFO  server.RaftServerConfigKeys (ConfUtils.java:logGet(43)) - raft.server.log.preallocated.size = 16384 (custom)
2019-10-01 15:51:44,655 [pool-403-thread-1] INFO  server.RaftServerConfigKeys (ConfUtils.java:logGet(43)) - raft.server.log.write.buffer.size = 33554432 (custom)
2019-10-01 15:51:44,655 [pool-433-thread-1] INFO  server.RaftServerConfigKeys (ConfUtils.java:logGet(43)) - raft.server.log.write.buffer.size = 33554432 (custom)
2019-10-01 15:51:44,655 [pool-403-thread-1] INFO  server.RaftServerConfigKeys (ConfUtils.java:logGet(43)) - raft.server.log.force.sync.num = 128 (default)
2019-10-01 15:51:44,655 [pool-433-thread-1] INFO  server.RaftServerConfigKeys (ConfUtils.java:logGet(43)) - raft.server.log.force.sync.num = 128 (default)
2019-10-01 15:51:44,655 [pool-403-thread-1] INFO  server.RaftServerConfigKeys (ConfUtils.java:logGet(43)) - raft.server.log.statemachine.data.sync = true (default)
2019-10-01 15:51:44,656 [pool-433-thread-1] INFO  server.RaftServerConfigKeys (ConfUtils.java:logGet(43)) - raft.server.log.statemachine.data.sync = true (default)
2019-10-01 15:51:44,656 [pool-403-thread-1] INFO  server.RaftServerConfigKeys (ConfUtils.java:logGet(43)) - raft.server.log.statemachine.data.sync.timeout = 10s (default)
2019-10-01 15:51:44,656 [pool-433-thread-1] INFO  server.RaftServerConfigKeys (ConfUtils.java:logGet(43)) - raft.server.log.statemachine.data.sync.timeout = 10s (default)
2019-10-01 15:51:44,656 [pool-443-thread-1] INFO  impl.RaftServerImpl (RaftServerImpl.java:start(185)) - c120ad6e-6736-4c56-8417-fba4a7862d30@group-5611C1907E7D: start as a follower, conf=-1: [c120ad6e-6736-4c56-8417-fba4a7862d30:192.168.151.117:41036, c463c838-7bfa-4ae3-90f9-f2c460f81aff:192.168.151.117:34868, dcfcd63b-1626-44e7-99fa-a7af6291125a:192.168.151.117:36667], old=null
2019-10-01 15:51:44,656 [pool-403-thread-1] INFO  server.RaftServerConfigKeys (ConfUtils.java:logGet(43)) - raft.server.log.statemachine.data.sync.timeout.retry = -1 (default)
2019-10-01 15:51:44,656 [pool-443-thread-1] INFO  impl.RaftServerImpl (RaftServerImpl.java:setRole(174)) - c120ad6e-6736-4c56-8417-fba4a7862d30@group-5611C1907E7D: changes role from      null to FOLLOWER at term 0 for startAsFollower
2019-10-01 15:51:44,656 [pool-443-thread-1] INFO  impl.RoleInfo (RoleInfo.java:updateAndGet(143)) - c120ad6e-6736-4c56-8417-fba4a7862d30: start FollowerState
2019-10-01 15:51:44,656 [pool-433-thread-1] INFO  server.RaftServerConfigKeys (ConfUtils.java:logGet(43)) - raft.server.log.statemachine.data.sync.timeout.retry = -1 (default)
2019-10-01 15:51:44,656 [pool-403-thread-1] INFO  server.RaftServerConfigKeys (ConfUtils.java:logGet(43)) - raft.server.log.statemachine.data.caching.enabled = true (custom)
2019-10-01 15:51:44,657 [pool-443-thread-1] INFO  util.JmxRegister (JmxRegister.java:tryRegister(44)) - Successfully registered JMX Bean with object name Ratis:service=RaftServer,group=group-5611C1907E7D,id=c120ad6e-6736-4c56-8417-fba4a7862d30
2019-10-01 15:51:44,657 [pool-433-thread-1] INFO  server.RaftServerConfigKeys (ConfUtils.java:logGet(43)) - raft.server.log.statemachine.data.caching.enabled = true (custom)
2019-10-01 15:51:44,657 [pool-403-thread-1] INFO  segmented.SegmentedRaftLogWorker (SegmentedRaftLogWorker.java:lambda$new$0(132)) - dcfcd63b-1626-44e7-99fa-a7af6291125a@group-5611C1907E7D-SegmentedRaftLogWorker: flushIndex: setUnconditionally 0 -> -1
2019-10-01 15:51:44,657 [pool-433-thread-1] INFO  segmented.SegmentedRaftLogWorker (SegmentedRaftLogWorker.java:lambda$new$0(132)) - c463c838-7bfa-4ae3-90f9-f2c460f81aff@group-5611C1907E7D-SegmentedRaftLogWorker: flushIndex: setUnconditionally 0 -> -1
2019-10-01 15:51:44,657 [pool-403-thread-1] INFO  server.RaftServerConfigKeys (ConfUtils.java:logGet(43)) - raft.server.snapshot.auto.trigger.enabled = true (custom)
2019-10-01 15:51:44,657 [pool-403-thread-1] INFO  server.RaftServerConfigKeys (ConfUtils.java:logGet(43)) - raft.server.snapshot.auto.trigger.threshold = 10000 (custom)
2019-10-01 15:51:44,657 [pool-403-thread-1] INFO  server.RaftServerConfigKeys (ConfUtils.java:logGet(43)) - raft.server.snapshot.retention.num.files = 5 (custom)
2019-10-01 15:51:44,657 [pool-433-thread-1] INFO  server.RaftServerConfigKeys (ConfUtils.java:logGet(43)) - raft.server.snapshot.auto.trigger.enabled = true (custom)
2019-10-01 15:51:44,661 [pool-403-thread-1] INFO  server.RaftServerConfigKeys (ConfUtils.java:logGet(43)) - raft.server.retrycache.expirytime = 600000ms (custom)
2019-10-01 15:51:44,661 [pool-433-thread-1] INFO  server.RaftServerConfigKeys (ConfUtils.java:logGet(43)) - raft.server.snapshot.auto.trigger.threshold = 10000 (custom)
2019-10-01 15:51:44,661 [pool-433-thread-1] INFO  server.RaftServerConfigKeys (ConfUtils.java:logGet(43)) - raft.server.snapshot.retention.num.files = 5 (custom)
2019-10-01 15:51:44,662 [pool-433-thread-1] INFO  server.RaftServerConfigKeys (ConfUtils.java:logGet(43)) - raft.server.retrycache.expirytime = 600000ms (custom)
2019-10-01 15:51:44,662 [pool-403-thread-1] INFO  impl.RaftServerImpl (RaftServerImpl.java:start(185)) - dcfcd63b-1626-44e7-99fa-a7af6291125a@group-5611C1907E7D: start as a follower, conf=-1: [c120ad6e-6736-4c56-8417-fba4a7862d30:192.168.151.117:41036, c463c838-7bfa-4ae3-90f9-f2c460f81aff:192.168.151.117:34868, dcfcd63b-1626-44e7-99fa-a7af6291125a:192.168.151.117:36667], old=null
2019-10-01 15:51:44,662 [pool-403-thread-1] INFO  impl.RaftServerImpl (RaftServerImpl.java:setRole(174)) - dcfcd63b-1626-44e7-99fa-a7af6291125a@group-5611C1907E7D: changes role from      null to FOLLOWER at term 0 for startAsFollower
2019-10-01 15:51:44,663 [pool-403-thread-1] INFO  impl.RoleInfo (RoleInfo.java:updateAndGet(143)) - dcfcd63b-1626-44e7-99fa-a7af6291125a: start FollowerState
2019-10-01 15:51:44,663 [pool-403-thread-1] INFO  util.JmxRegister (JmxRegister.java:tryRegister(44)) - Successfully registered JMX Bean with object name Ratis:service=RaftServer,group=group-5611C1907E7D,id=dcfcd63b-1626-44e7-99fa-a7af6291125a
2019-10-01 15:51:44,663 [pool-433-thread-1] INFO  impl.RaftServerImpl (RaftServerImpl.java:start(185)) - c463c838-7bfa-4ae3-90f9-f2c460f81aff@group-5611C1907E7D: start as a follower, conf=-1: [c120ad6e-6736-4c56-8417-fba4a7862d30:192.168.151.117:41036, c463c838-7bfa-4ae3-90f9-f2c460f81aff:192.168.151.117:34868, dcfcd63b-1626-44e7-99fa-a7af6291125a:192.168.151.117:36667], old=null
2019-10-01 15:51:44,666 [pool-433-thread-1] INFO  impl.RaftServerImpl (RaftServerImpl.java:setRole(174)) - c463c838-7bfa-4ae3-90f9-f2c460f81aff@group-5611C1907E7D: changes role from      null to FOLLOWER at term 0 for startAsFollower
2019-10-01 15:51:44,667 [pool-433-thread-1] INFO  impl.RoleInfo (RoleInfo.java:updateAndGet(143)) - c463c838-7bfa-4ae3-90f9-f2c460f81aff: start FollowerState
2019-10-01 15:51:44,667 [pool-433-thread-1] INFO  util.JmxRegister (JmxRegister.java:tryRegister(44)) - Successfully registered JMX Bean with object name Ratis:service=RaftServer,group=group-5611C1907E7D,id=c463c838-7bfa-4ae3-90f9-f2c460f81aff
2019-10-01 15:51:44,671 [RatisPipelineUtilsThread] INFO  pipeline.PipelineStateManager (PipelineStateManager.java:addPipeline(56)) - Created pipeline Pipeline[ Id: ed2559bf-14a1-4fe9-a879-5611c1907e7d, Nodes: dcfcd63b-1626-44e7-99fa-a7af6291125a{ip: 192.168.151.117, host: pr-hdds-2221-4x997-2286248681, networkLocation: /default-rack, certSerialId: null}c463c838-7bfa-4ae3-90f9-f2c460f81aff{ip: 192.168.151.117, host: pr-hdds-2221-4x997-2286248681, networkLocation: /default-rack, certSerialId: null}c120ad6e-6736-4c56-8417-fba4a7862d30{ip: 192.168.151.117, host: pr-hdds-2221-4x997-2286248681, networkLocation: /default-rack, certSerialId: null}, Type:RATIS, Factor:THREE, State:OPEN]
2019-10-01 15:51:47,079 [Thread-2361] INFO  container.ReplicationManager (ReplicationManager.java:start(162)) - Starting Replication Monitor Thread.
2019-10-01 15:51:47,083 [ReplicationMonitor] INFO  container.ReplicationManager (ReplicationManager.java:run(225)) - Replication Monitor Thread took 0 milliseconds for processing 1 containers.
2019-10-01 15:51:49,276 [Thread-2363] INFO  impl.FollowerState (FollowerState.java:run(106)) - e9ae644b-b2e7-4957-b1a9-c4eb2a3795ad:group-8E3A25802EDE changes to CANDIDATE, lastRpcTime:5065, electionTimeout:5065ms
2019-10-01 15:51:49,276 [Thread-2363] INFO  impl.RoleInfo (RoleInfo.java:shutdownFollowerState(121)) - e9ae644b-b2e7-4957-b1a9-c4eb2a3795ad: shutdown FollowerState
2019-10-01 15:51:49,276 [Thread-2363] INFO  impl.RaftServerImpl (RaftServerImpl.java:setRole(174)) - e9ae644b-b2e7-4957-b1a9-c4eb2a3795ad@group-8E3A25802EDE: changes role from  FOLLOWER to CANDIDATE at term 0 for changeToCandidate
2019-10-01 15:51:49,277 [Thread-2363] INFO  impl.RoleInfo (RoleInfo.java:updateAndGet(143)) - e9ae644b-b2e7-4957-b1a9-c4eb2a3795ad: start LeaderElection
2019-10-01 15:51:49,298 [e9ae644b-b2e7-4957-b1a9-c4eb2a3795ad@group-8E3A25802EDE:LeaderElection87] INFO  impl.LeaderElection (LeaderElection.java:askForVotes(182)) - e9ae644b-b2e7-4957-b1a9-c4eb2a3795ad@group-8E3A25802EDE:LeaderElection87: begin an election at term 1 for -1: [e9ae644b-b2e7-4957-b1a9-c4eb2a3795ad:192.168.151.117:33481], old=null
2019-10-01 15:51:49,299 [e9ae644b-b2e7-4957-b1a9-c4eb2a3795ad@group-8E3A25802EDE:LeaderElection87] INFO  impl.RoleInfo (RoleInfo.java:shutdownLeaderElection(134)) - e9ae644b-b2e7-4957-b1a9-c4eb2a3795ad: shutdown LeaderElection
2019-10-01 15:51:49,299 [e9ae644b-b2e7-4957-b1a9-c4eb2a3795ad@group-8E3A25802EDE:LeaderElection87] INFO  impl.RaftServerImpl (RaftServerImpl.java:setRole(174)) - e9ae644b-b2e7-4957-b1a9-c4eb2a3795ad@group-8E3A25802EDE: changes role from CANDIDATE to LEADER at term 1 for changeToLeader
2019-10-01 15:51:49,299 [e9ae644b-b2e7-4957-b1a9-c4eb2a3795ad@group-8E3A25802EDE:LeaderElection87] INFO  impl.RaftServerImpl (ServerState.java:setLeader(253)) - e9ae644b-b2e7-4957-b1a9-c4eb2a3795ad@group-8E3A25802EDE: change Leader from null to e9ae644b-b2e7-4957-b1a9-c4eb2a3795ad at term 1 for becomeLeader, leader elected after 5096ms
2019-10-01 15:51:49,299 [e9ae644b-b2e7-4957-b1a9-c4eb2a3795ad@group-8E3A25802EDE:LeaderElection87] INFO  server.RaftServerConfigKeys (ConfUtils.java:logGet(43)) - raft.server.staging.catchup.gap = 1000 (default)
2019-10-01 15:51:49,299 [e9ae644b-b2e7-4957-b1a9-c4eb2a3795ad@group-8E3A25802EDE:LeaderElection87] INFO  server.RaftServerConfigKeys (ConfUtils.java:logGet(43)) - raft.server.rpc.sleep.time = 25ms (default)
2019-10-01 15:51:49,299 [e9ae644b-b2e7-4957-b1a9-c4eb2a3795ad@group-8E3A25802EDE:LeaderElection87] INFO  server.RaftServerConfigKeys (ConfUtils.java:logGet(43)) - raft.server.write.element-limit = 4096 (default)
2019-10-01 15:51:49,299 [e9ae644b-b2e7-4957-b1a9-c4eb2a3795ad@group-8E3A25802EDE:LeaderElection87] INFO  server.RaftServerConfigKeys (ConfUtils.java:logGet(43)) - raft.server.watch.timeout = 10s (default)
2019-10-01 15:51:49,300 [e9ae644b-b2e7-4957-b1a9-c4eb2a3795ad@group-8E3A25802EDE:LeaderElection87] INFO  server.RaftServerConfigKeys (ConfUtils.java:logGet(43)) - raft.server.watch.timeout.denomination = 1s (default)
2019-10-01 15:51:49,300 [e9ae644b-b2e7-4957-b1a9-c4eb2a3795ad@group-8E3A25802EDE:LeaderElection87] INFO  server.RaftServerConfigKeys (ConfUtils.java:logGet(43)) - raft.server.watch.element-limit = 65536 (default)
2019-10-01 15:51:49,302 [e9ae644b-b2e7-4957-b1a9-c4eb2a3795ad@group-8E3A25802EDE:LeaderElection87] INFO  impl.RoleInfo (RoleInfo.java:updateAndGet(143)) - e9ae644b-b2e7-4957-b1a9-c4eb2a3795ad: start LeaderState
2019-10-01 15:51:49,302 [e9ae644b-b2e7-4957-b1a9-c4eb2a3795ad@group-8E3A25802EDE:LeaderElection87] INFO  segmented.SegmentedRaftLogWorker (SegmentedRaftLogWorker.java:startLogSegment(380)) - e9ae644b-b2e7-4957-b1a9-c4eb2a3795ad@group-8E3A25802EDE-SegmentedRaftLogWorker: Starting segment from index:0
2019-10-01 15:51:49,303 [e9ae644b-b2e7-4957-b1a9-c4eb2a3795ad@group-8E3A25802EDE:LeaderElection87] INFO  impl.RaftServerImpl (ServerState.java:setRaftConf(354)) - e9ae644b-b2e7-4957-b1a9-c4eb2a3795ad@group-8E3A25802EDE: set configuration 0: [e9ae644b-b2e7-4957-b1a9-c4eb2a3795ad:192.168.151.117:33481], old=null at 0
2019-10-01 15:51:49,304 [Thread-2366] INFO  impl.FollowerState (FollowerState.java:run(106)) - ffe3c3d7-f60a-4f12-ae91-fdd1dea308df:group-69BA6756C9BA changes to CANDIDATE, lastRpcTime:5025, electionTimeout:5025ms
2019-10-01 15:51:49,304 [Thread-2366] INFO  impl.RoleInfo (RoleInfo.java:shutdownFollowerState(121)) - ffe3c3d7-f60a-4f12-ae91-fdd1dea308df: shutdown FollowerState
2019-10-01 15:51:49,304 [Thread-2366] INFO  impl.RaftServerImpl (RaftServerImpl.java:setRole(174)) - ffe3c3d7-f60a-4f12-ae91-fdd1dea308df@group-69BA6756C9BA: changes role from  FOLLOWER to CANDIDATE at term 0 for changeToCandidate
2019-10-01 15:51:49,304 [Thread-2366] INFO  impl.RoleInfo (RoleInfo.java:updateAndGet(143)) - ffe3c3d7-f60a-4f12-ae91-fdd1dea308df: start LeaderElection
2019-10-01 15:51:49,340 [e9ae644b-b2e7-4957-b1a9-c4eb2a3795ad@group-8E3A25802EDE-SegmentedRaftLogWorker] INFO  segmented.SegmentedRaftLogWorker (SegmentedRaftLogWorker.java:execute(569)) - e9ae644b-b2e7-4957-b1a9-c4eb2a3795ad@group-8E3A25802EDE-SegmentedRaftLogWorker: created new log segment /workdir/hadoop-ozone/integration-test/target/test-dir/MiniOzoneClusterImpl-d3abc12a-7b00-4510-8105-56d17a3c3693/datanode-0/data/ratis/d0619156-b1eb-4f4c-8978-8e3a25802ede/current/log_inprogress_0
2019-10-01 15:51:49,340 [ffe3c3d7-f60a-4f12-ae91-fdd1dea308df@group-69BA6756C9BA:LeaderElection88] INFO  impl.LeaderElection (LeaderElection.java:askForVotes(182)) - ffe3c3d7-f60a-4f12-ae91-fdd1dea308df@group-69BA6756C9BA:LeaderElection88: begin an election at term 1 for -1: [ffe3c3d7-f60a-4f12-ae91-fdd1dea308df:192.168.151.117:40867], old=null
2019-10-01 15:51:49,340 [ffe3c3d7-f60a-4f12-ae91-fdd1dea308df@group-69BA6756C9BA:LeaderElection88] INFO  impl.RoleInfo (RoleInfo.java:shutdownLeaderElection(134)) - ffe3c3d7-f60a-4f12-ae91-fdd1dea308df: shutdown LeaderElection
2019-10-01 15:51:49,340 [ffe3c3d7-f60a-4f12-ae91-fdd1dea308df@group-69BA6756C9BA:LeaderElection88] INFO  impl.RaftServerImpl (RaftServerImpl.java:setRole(174)) - ffe3c3d7-f60a-4f12-ae91-fdd1dea308df@group-69BA6756C9BA: changes role from CANDIDATE to LEADER at term 1 for changeToLeader
2019-10-01 15:51:49,341 [ffe3c3d7-f60a-4f12-ae91-fdd1dea308df@group-69BA6756C9BA:LeaderElection88] INFO  impl.RaftServerImpl (ServerState.java:setLeader(253)) - ffe3c3d7-f60a-4f12-ae91-fdd1dea308df@group-69BA6756C9BA: change Leader from null to ffe3c3d7-f60a-4f12-ae91-fdd1dea308df at term 1 for becomeLeader, leader elected after 5067ms
2019-10-01 15:51:49,341 [ffe3c3d7-f60a-4f12-ae91-fdd1dea308df@group-69BA6756C9BA:LeaderElection88] INFO  server.RaftServerConfigKeys (ConfUtils.java:logGet(43)) - raft.server.staging.catchup.gap = 1000 (default)
2019-10-01 15:51:49,341 [ffe3c3d7-f60a-4f12-ae91-fdd1dea308df@group-69BA6756C9BA:LeaderElection88] INFO  server.RaftServerConfigKeys (ConfUtils.java:logGet(43)) - raft.server.rpc.sleep.time = 25ms (default)
2019-10-01 15:51:49,341 [ffe3c3d7-f60a-4f12-ae91-fdd1dea308df@group-69BA6756C9BA:LeaderElection88] INFO  server.RaftServerConfigKeys (ConfUtils.java:logGet(43)) - raft.server.write.element-limit = 4096 (default)
2019-10-01 15:51:49,341 [ffe3c3d7-f60a-4f12-ae91-fdd1dea308df@group-69BA6756C9BA:LeaderElection88] INFO  server.RaftServerConfigKeys (ConfUtils.java:logGet(43)) - raft.server.watch.timeout = 10s (default)
2019-10-01 15:51:49,341 [ffe3c3d7-f60a-4f12-ae91-fdd1dea308df@group-69BA6756C9BA:LeaderElection88] INFO  server.RaftServerConfigKeys (ConfUtils.java:logGet(43)) - raft.server.watch.timeout.denomination = 1s (default)
2019-10-01 15:51:49,341 [ffe3c3d7-f60a-4f12-ae91-fdd1dea308df@group-69BA6756C9BA:LeaderElection88] INFO  server.RaftServerConfigKeys (ConfUtils.java:logGet(43)) - raft.server.watch.element-limit = 65536 (default)
2019-10-01 15:51:49,343 [ffe3c3d7-f60a-4f12-ae91-fdd1dea308df@group-69BA6756C9BA:LeaderElection88] INFO  impl.RoleInfo (RoleInfo.java:updateAndGet(143)) - ffe3c3d7-f60a-4f12-ae91-fdd1dea308df: start LeaderState
2019-10-01 15:51:49,343 [ffe3c3d7-f60a-4f12-ae91-fdd1dea308df@group-69BA6756C9BA:LeaderElection88] INFO  segmented.SegmentedRaftLogWorker (SegmentedRaftLogWorker.java:startLogSegment(380)) - ffe3c3d7-f60a-4f12-ae91-fdd1dea308df@group-69BA6756C9BA-SegmentedRaftLogWorker: Starting segment from index:0
2019-10-01 15:51:49,344 [ffe3c3d7-f60a-4f12-ae91-fdd1dea308df@group-69BA6756C9BA:LeaderElection88] INFO  impl.RaftServerImpl (ServerState.java:setRaftConf(354)) - ffe3c3d7-f60a-4f12-ae91-fdd1dea308df@group-69BA6756C9BA: set configuration 0: [ffe3c3d7-f60a-4f12-ae91-fdd1dea308df:192.168.151.117:40867], old=null at 0
2019-10-01 15:51:49,369 [Thread-2369] INFO  impl.FollowerState (FollowerState.java:run(106)) - ead53cd4-d2c5-4e02-8f5e-1c412ad5552b:group-0FC2C49B53DB changes to CANDIDATE, lastRpcTime:5043, electionTimeout:5043ms
2019-10-01 15:51:49,369 [Thread-2369] INFO  impl.RoleInfo (RoleInfo.java:shutdownFollowerState(121)) - ead53cd4-d2c5-4e02-8f5e-1c412ad5552b: shutdown FollowerState
2019-10-01 15:51:49,369 [Thread-2369] INFO  impl.RaftServerImpl (RaftServerImpl.java:setRole(174)) - ead53cd4-d2c5-4e02-8f5e-1c412ad5552b@group-0FC2C49B53DB: changes role from  FOLLOWER to CANDIDATE at term 0 for changeToCandidate
2019-10-01 15:51:49,369 [Thread-2369] INFO  impl.RoleInfo (RoleInfo.java:updateAndGet(143)) - ead53cd4-d2c5-4e02-8f5e-1c412ad5552b: start LeaderElection
2019-10-01 15:51:49,388 [ffe3c3d7-f60a-4f12-ae91-fdd1dea308df@group-69BA6756C9BA-SegmentedRaftLogWorker] INFO  segmented.SegmentedRaftLogWorker (SegmentedRaftLogWorker.java:execute(569)) - ffe3c3d7-f60a-4f12-ae91-fdd1dea308df@group-69BA6756C9BA-SegmentedRaftLogWorker: created new log segment /workdir/hadoop-ozone/integration-test/target/test-dir/MiniOzoneClusterImpl-d3abc12a-7b00-4510-8105-56d17a3c3693/datanode-1/data/ratis/e7528922-ce6d-435e-9838-69ba6756c9ba/current/log_inprogress_0
2019-10-01 15:51:49,388 [ead53cd4-d2c5-4e02-8f5e-1c412ad5552b@group-0FC2C49B53DB:LeaderElection89] INFO  impl.LeaderElection (LeaderElection.java:askForVotes(182)) - ead53cd4-d2c5-4e02-8f5e-1c412ad5552b@group-0FC2C49B53DB:LeaderElection89: begin an election at term 1 for -1: [ead53cd4-d2c5-4e02-8f5e-1c412ad5552b:192.168.151.117:43461], old=null
2019-10-01 15:51:49,388 [ead53cd4-d2c5-4e02-8f5e-1c412ad5552b@group-0FC2C49B53DB:LeaderElection89] INFO  impl.RoleInfo (RoleInfo.java:shutdownLeaderElection(134)) - ead53cd4-d2c5-4e02-8f5e-1c412ad5552b: shutdown LeaderElection
2019-10-01 15:51:49,388 [ead53cd4-d2c5-4e02-8f5e-1c412ad5552b@group-0FC2C49B53DB:LeaderElection89] INFO  impl.RaftServerImpl (RaftServerImpl.java:setRole(174)) - ead53cd4-d2c5-4e02-8f5e-1c412ad5552b@group-0FC2C49B53DB: changes role from CANDIDATE to LEADER at term 1 for changeToLeader
2019-10-01 15:51:49,388 [ead53cd4-d2c5-4e02-8f5e-1c412ad5552b@group-0FC2C49B53DB:LeaderElection89] INFO  impl.RaftServerImpl (ServerState.java:setLeader(253)) - ead53cd4-d2c5-4e02-8f5e-1c412ad5552b@group-0FC2C49B53DB: change Leader from null to ead53cd4-d2c5-4e02-8f5e-1c412ad5552b at term 1 for becomeLeader, leader elected after 5067ms
2019-10-01 15:51:49,388 [ead53cd4-d2c5-4e02-8f5e-1c412ad5552b@group-0FC2C49B53DB:LeaderElection89] INFO  server.RaftServerConfigKeys (ConfUtils.java:logGet(43)) - raft.server.staging.catchup.gap = 1000 (default)
2019-10-01 15:51:49,389 [ead53cd4-d2c5-4e02-8f5e-1c412ad5552b@group-0FC2C49B53DB:LeaderElection89] INFO  server.RaftServerConfigKeys (ConfUtils.java:logGet(43)) - raft.server.rpc.sleep.time = 25ms (default)
2019-10-01 15:51:49,389 [ead53cd4-d2c5-4e02-8f5e-1c412ad5552b@group-0FC2C49B53DB:LeaderElection89] INFO  server.RaftServerConfigKeys (ConfUtils.java:logGet(43)) - raft.server.write.element-limit = 4096 (default)
2019-10-01 15:51:49,389 [ead53cd4-d2c5-4e02-8f5e-1c412ad5552b@group-0FC2C49B53DB:LeaderElection89] INFO  server.RaftServerConfigKeys (ConfUtils.java:logGet(43)) - raft.server.watch.timeout = 10s (default)
2019-10-01 15:51:49,389 [ead53cd4-d2c5-4e02-8f5e-1c412ad5552b@group-0FC2C49B53DB:LeaderElection89] INFO  server.RaftServerConfigKeys (ConfUtils.java:logGet(43)) - raft.server.watch.timeout.denomination = 1s (default)
2019-10-01 15:51:49,389 [ead53cd4-d2c5-4e02-8f5e-1c412ad5552b@group-0FC2C49B53DB:LeaderElection89] INFO  server.RaftServerConfigKeys (ConfUtils.java:logGet(43)) - raft.server.watch.element-limit = 65536 (default)
2019-10-01 15:51:49,390 [ead53cd4-d2c5-4e02-8f5e-1c412ad5552b@group-0FC2C49B53DB:LeaderElection89] INFO  impl.RoleInfo (RoleInfo.java:updateAndGet(143)) - ead53cd4-d2c5-4e02-8f5e-1c412ad5552b: start LeaderState
2019-10-01 15:51:49,390 [ead53cd4-d2c5-4e02-8f5e-1c412ad5552b@group-0FC2C49B53DB:LeaderElection89] INFO  segmented.SegmentedRaftLogWorker (SegmentedRaftLogWorker.java:startLogSegment(380)) - ead53cd4-d2c5-4e02-8f5e-1c412ad5552b@group-0FC2C49B53DB-SegmentedRaftLogWorker: Starting segment from index:0
2019-10-01 15:51:49,391 [ead53cd4-d2c5-4e02-8f5e-1c412ad5552b@group-0FC2C49B53DB:LeaderElection89] INFO  impl.RaftServerImpl (ServerState.java:setRaftConf(354)) - ead53cd4-d2c5-4e02-8f5e-1c412ad5552b@group-0FC2C49B53DB: set configuration 0: [ead53cd4-d2c5-4e02-8f5e-1c412ad5552b:192.168.151.117:43461], old=null at 0
2019-10-01 15:51:49,426 [ead53cd4-d2c5-4e02-8f5e-1c412ad5552b@group-0FC2C49B53DB-SegmentedRaftLogWorker] INFO  segmented.SegmentedRaftLogWorker (SegmentedRaftLogWorker.java:execute(569)) - ead53cd4-d2c5-4e02-8f5e-1c412ad5552b@group-0FC2C49B53DB-SegmentedRaftLogWorker: created new log segment /workdir/hadoop-ozone/integration-test/target/test-dir/MiniOzoneClusterImpl-d3abc12a-7b00-4510-8105-56d17a3c3693/datanode-3/data/ratis/0c41417e-22c5-4410-936d-0fc2c49b53db/current/log_inprogress_0
2019-10-01 15:51:49,492 [Thread-2372] INFO  impl.FollowerState (FollowerState.java:run(106)) - 0d4eb867-2999-4d6c-a0c0-a2f8240d349b:group-1C9E6AB84A1F changes to CANDIDATE, lastRpcTime:5118, electionTimeout:5118ms
2019-10-01 15:51:49,492 [Thread-2372] INFO  impl.RoleInfo (RoleInfo.java:shutdownFollowerState(121)) - 0d4eb867-2999-4d6c-a0c0-a2f8240d349b: shutdown FollowerState
2019-10-01 15:51:49,492 [Thread-2372] INFO  impl.RaftServerImpl (RaftServerImpl.java:setRole(174)) - 0d4eb867-2999-4d6c-a0c0-a2f8240d349b@group-1C9E6AB84A1F: changes role from  FOLLOWER to CANDIDATE at term 0 for changeToCandidate
2019-10-01 15:51:49,492 [Thread-2372] INFO  impl.RoleInfo (RoleInfo.java:updateAndGet(143)) - 0d4eb867-2999-4d6c-a0c0-a2f8240d349b: start LeaderElection
2019-10-01 15:51:49,512 [0d4eb867-2999-4d6c-a0c0-a2f8240d349b@group-1C9E6AB84A1F:LeaderElection90] INFO  impl.LeaderElection (LeaderElection.java:askForVotes(182)) - 0d4eb867-2999-4d6c-a0c0-a2f8240d349b@group-1C9E6AB84A1F:LeaderElection90: begin an election at term 1 for -1: [0d4eb867-2999-4d6c-a0c0-a2f8240d349b:192.168.151.117:41133], old=null
2019-10-01 15:51:49,512 [0d4eb867-2999-4d6c-a0c0-a2f8240d349b@group-1C9E6AB84A1F:LeaderElection90] INFO  impl.RoleInfo (RoleInfo.java:shutdownLeaderElection(134)) - 0d4eb867-2999-4d6c-a0c0-a2f8240d349b: shutdown LeaderElection
2019-10-01 15:51:49,512 [0d4eb867-2999-4d6c-a0c0-a2f8240d349b@group-1C9E6AB84A1F:LeaderElection90] INFO  impl.RaftServerImpl (RaftServerImpl.java:setRole(174)) - 0d4eb867-2999-4d6c-a0c0-a2f8240d349b@group-1C9E6AB84A1F: changes role from CANDIDATE to LEADER at term 1 for changeToLeader
2019-10-01 15:51:49,512 [0d4eb867-2999-4d6c-a0c0-a2f8240d349b@group-1C9E6AB84A1F:LeaderElection90] INFO  impl.RaftServerImpl (ServerState.java:setLeader(253)) - 0d4eb867-2999-4d6c-a0c0-a2f8240d349b@group-1C9E6AB84A1F: change Leader from null to 0d4eb867-2999-4d6c-a0c0-a2f8240d349b at term 1 for becomeLeader, leader elected after 5143ms
2019-10-01 15:51:49,512 [0d4eb867-2999-4d6c-a0c0-a2f8240d349b@group-1C9E6AB84A1F:LeaderElection90] INFO  server.RaftServerConfigKeys (ConfUtils.java:logGet(43)) - raft.server.staging.catchup.gap = 1000 (default)
2019-10-01 15:51:49,512 [0d4eb867-2999-4d6c-a0c0-a2f8240d349b@group-1C9E6AB84A1F:LeaderElection90] INFO  server.RaftServerConfigKeys (ConfUtils.java:logGet(43)) - raft.server.rpc.sleep.time = 25ms (default)
2019-10-01 15:51:49,512 [0d4eb867-2999-4d6c-a0c0-a2f8240d349b@group-1C9E6AB84A1F:LeaderElection90] INFO  server.RaftServerConfigKeys (ConfUtils.java:logGet(43)) - raft.server.write.element-limit = 4096 (default)
2019-10-01 15:51:49,513 [0d4eb867-2999-4d6c-a0c0-a2f8240d349b@group-1C9E6AB84A1F:LeaderElection90] INFO  server.RaftServerConfigKeys (ConfUtils.java:logGet(43)) - raft.server.watch.timeout = 10s (default)
2019-10-01 15:51:49,513 [0d4eb867-2999-4d6c-a0c0-a2f8240d349b@group-1C9E6AB84A1F:LeaderElection90] INFO  server.RaftServerConfigKeys (ConfUtils.java:logGet(43)) - raft.server.watch.timeout.denomination = 1s (default)
2019-10-01 15:51:49,513 [0d4eb867-2999-4d6c-a0c0-a2f8240d349b@group-1C9E6AB84A1F:LeaderElection90] INFO  server.RaftServerConfigKeys (ConfUtils.java:logGet(43)) - raft.server.watch.element-limit = 65536 (default)
2019-10-01 15:51:49,514 [0d4eb867-2999-4d6c-a0c0-a2f8240d349b@group-1C9E6AB84A1F:LeaderElection90] INFO  impl.RoleInfo (RoleInfo.java:updateAndGet(143)) - 0d4eb867-2999-4d6c-a0c0-a2f8240d349b: start LeaderState
2019-10-01 15:51:49,515 [0d4eb867-2999-4d6c-a0c0-a2f8240d349b@group-1C9E6AB84A1F:LeaderElection90] INFO  segmented.SegmentedRaftLogWorker (SegmentedRaftLogWorker.java:startLogSegment(380)) - 0d4eb867-2999-4d6c-a0c0-a2f8240d349b@group-1C9E6AB84A1F-SegmentedRaftLogWorker: Starting segment from index:0
2019-10-01 15:51:49,515 [0d4eb867-2999-4d6c-a0c0-a2f8240d349b@group-1C9E6AB84A1F:LeaderElection90] INFO  impl.RaftServerImpl (ServerState.java:setRaftConf(354)) - 0d4eb867-2999-4d6c-a0c0-a2f8240d349b@group-1C9E6AB84A1F: set configuration 0: [0d4eb867-2999-4d6c-a0c0-a2f8240d349b:192.168.151.117:41133], old=null at 0
2019-10-01 15:51:49,544 [Thread-2380] INFO  impl.FollowerState (FollowerState.java:run(106)) - c463c838-7bfa-4ae3-90f9-f2c460f81aff:group-2DC2F06E9A07 changes to CANDIDATE, lastRpcTime:5042, electionTimeout:5042ms
2019-10-01 15:51:49,544 [Thread-2380] INFO  impl.RoleInfo (RoleInfo.java:shutdownFollowerState(121)) - c463c838-7bfa-4ae3-90f9-f2c460f81aff: shutdown FollowerState
2019-10-01 15:51:49,545 [Thread-2380] INFO  impl.RaftServerImpl (RaftServerImpl.java:setRole(174)) - c463c838-7bfa-4ae3-90f9-f2c460f81aff@group-2DC2F06E9A07: changes role from  FOLLOWER to CANDIDATE at term 0 for changeToCandidate
2019-10-01 15:51:49,545 [Thread-2380] INFO  impl.RoleInfo (RoleInfo.java:updateAndGet(143)) - c463c838-7bfa-4ae3-90f9-f2c460f81aff: start LeaderElection
2019-10-01 15:51:49,550 [0d4eb867-2999-4d6c-a0c0-a2f8240d349b@group-1C9E6AB84A1F-SegmentedRaftLogWorker] INFO  segmented.SegmentedRaftLogWorker (SegmentedRaftLogWorker.java:execute(569)) - 0d4eb867-2999-4d6c-a0c0-a2f8240d349b@group-1C9E6AB84A1F-SegmentedRaftLogWorker: created new log segment /workdir/hadoop-ozone/integration-test/target/test-dir/MiniOzoneClusterImpl-d3abc12a-7b00-4510-8105-56d17a3c3693/datanode-4/data/ratis/efabfc02-df7f-4a99-834f-1c9e6ab84a1f/current/log_inprogress_0
2019-10-01 15:51:49,573 [c463c838-7bfa-4ae3-90f9-f2c460f81aff@group-2DC2F06E9A07:LeaderElection91] INFO  impl.LeaderElection (LeaderElection.java:askForVotes(182)) - c463c838-7bfa-4ae3-90f9-f2c460f81aff@group-2DC2F06E9A07:LeaderElection91: begin an election at term 1 for -1: [c463c838-7bfa-4ae3-90f9-f2c460f81aff:192.168.151.117:34868], old=null
2019-10-01 15:51:49,573 [c463c838-7bfa-4ae3-90f9-f2c460f81aff@group-2DC2F06E9A07:LeaderElection91] INFO  impl.RoleInfo (RoleInfo.java:shutdownLeaderElection(134)) - c463c838-7bfa-4ae3-90f9-f2c460f81aff: shutdown LeaderElection
2019-10-01 15:51:49,573 [c463c838-7bfa-4ae3-90f9-f2c460f81aff@group-2DC2F06E9A07:LeaderElection91] INFO  impl.RaftServerImpl (RaftServerImpl.java:setRole(174)) - c463c838-7bfa-4ae3-90f9-f2c460f81aff@group-2DC2F06E9A07: changes role from CANDIDATE to LEADER at term 1 for changeToLeader
2019-10-01 15:51:49,573 [c463c838-7bfa-4ae3-90f9-f2c460f81aff@group-2DC2F06E9A07:LeaderElection91] INFO  impl.RaftServerImpl (ServerState.java:setLeader(253)) - c463c838-7bfa-4ae3-90f9-f2c460f81aff@group-2DC2F06E9A07: change Leader from null to c463c838-7bfa-4ae3-90f9-f2c460f81aff at term 1 for becomeLeader, leader elected after 5075ms
2019-10-01 15:51:49,574 [c463c838-7bfa-4ae3-90f9-f2c460f81aff@group-2DC2F06E9A07:LeaderElection91] INFO  server.RaftServerConfigKeys (ConfUtils.java:logGet(43)) - raft.server.staging.catchup.gap = 1000 (default)
2019-10-01 15:51:49,574 [c463c838-7bfa-4ae3-90f9-f2c460f81aff@group-2DC2F06E9A07:LeaderElection91] INFO  server.RaftServerConfigKeys (ConfUtils.java:logGet(43)) - raft.server.rpc.sleep.time = 25ms (default)
2019-10-01 15:51:49,574 [c463c838-7bfa-4ae3-90f9-f2c460f81aff@group-2DC2F06E9A07:LeaderElection91] INFO  server.RaftServerConfigKeys (ConfUtils.java:logGet(43)) - raft.server.write.element-limit = 4096 (default)
2019-10-01 15:51:49,574 [c463c838-7bfa-4ae3-90f9-f2c460f81aff@group-2DC2F06E9A07:LeaderElection91] INFO  server.RaftServerConfigKeys (ConfUtils.java:logGet(43)) - raft.server.watch.timeout = 10s (default)
2019-10-01 15:51:49,574 [c463c838-7bfa-4ae3-90f9-f2c460f81aff@group-2DC2F06E9A07:LeaderElection91] INFO  server.RaftServerConfigKeys (ConfUtils.java:logGet(43)) - raft.server.watch.timeout.denomination = 1s (default)
2019-10-01 15:51:49,574 [c463c838-7bfa-4ae3-90f9-f2c460f81aff@group-2DC2F06E9A07:LeaderElection91] INFO  server.RaftServerConfigKeys (ConfUtils.java:logGet(43)) - raft.server.watch.element-limit = 65536 (default)
2019-10-01 15:51:49,576 [c463c838-7bfa-4ae3-90f9-f2c460f81aff@group-2DC2F06E9A07:LeaderElection91] INFO  impl.RoleInfo (RoleInfo.java:updateAndGet(143)) - c463c838-7bfa-4ae3-90f9-f2c460f81aff: start LeaderState
2019-10-01 15:51:49,576 [c463c838-7bfa-4ae3-90f9-f2c460f81aff@group-2DC2F06E9A07:LeaderElection91] INFO  segmented.SegmentedRaftLogWorker (SegmentedRaftLogWorker.java:startLogSegment(380)) - c463c838-7bfa-4ae3-90f9-f2c460f81aff@group-2DC2F06E9A07-SegmentedRaftLogWorker: Starting segment from index:0
2019-10-01 15:51:49,576 [c463c838-7bfa-4ae3-90f9-f2c460f81aff@group-2DC2F06E9A07:LeaderElection91] INFO  impl.RaftServerImpl (ServerState.java:setRaftConf(354)) - c463c838-7bfa-4ae3-90f9-f2c460f81aff@group-2DC2F06E9A07: set configuration 0: [c463c838-7bfa-4ae3-90f9-f2c460f81aff:192.168.151.117:34868], old=null at 0
2019-10-01 15:51:49,598 [Thread-2377] INFO  impl.FollowerState (FollowerState.java:run(106)) - dcfcd63b-1626-44e7-99fa-a7af6291125a:group-05C06239FEB7 changes to CANDIDATE, lastRpcTime:5148, electionTimeout:5148ms
2019-10-01 15:51:49,598 [Thread-2377] INFO  impl.RoleInfo (RoleInfo.java:shutdownFollowerState(121)) - dcfcd63b-1626-44e7-99fa-a7af6291125a: shutdown FollowerState
2019-10-01 15:51:49,598 [Thread-2377] INFO  impl.RaftServerImpl (RaftServerImpl.java:setRole(174)) - dcfcd63b-1626-44e7-99fa-a7af6291125a@group-05C06239FEB7: changes role from  FOLLOWER to CANDIDATE at term 0 for changeToCandidate
2019-10-01 15:51:49,598 [Thread-2377] INFO  impl.RoleInfo (RoleInfo.java:updateAndGet(143)) - dcfcd63b-1626-44e7-99fa-a7af6291125a: start LeaderElection
2019-10-01 15:51:49,612 [c463c838-7bfa-4ae3-90f9-f2c460f81aff@group-2DC2F06E9A07-SegmentedRaftLogWorker] INFO  segmented.SegmentedRaftLogWorker (SegmentedRaftLogWorker.java:execute(569)) - c463c838-7bfa-4ae3-90f9-f2c460f81aff@group-2DC2F06E9A07-SegmentedRaftLogWorker: created new log segment /workdir/hadoop-ozone/integration-test/target/test-dir/MiniOzoneClusterImpl-d3abc12a-7b00-4510-8105-56d17a3c3693/datanode-5/data/ratis/9b8e5992-f8d2-47b9-b74e-2dc2f06e9a07/current/log_inprogress_0
2019-10-01 15:51:49,612 [dcfcd63b-1626-44e7-99fa-a7af6291125a@group-05C06239FEB7:LeaderElection92] INFO  impl.LeaderElection (LeaderElection.java:askForVotes(182)) - dcfcd63b-1626-44e7-99fa-a7af6291125a@group-05C06239FEB7:LeaderElection92: begin an election at term 1 for -1: [dcfcd63b-1626-44e7-99fa-a7af6291125a:192.168.151.117:36667], old=null
2019-10-01 15:51:49,612 [dcfcd63b-1626-44e7-99fa-a7af6291125a@group-05C06239FEB7:LeaderElection92] INFO  impl.RoleInfo (RoleInfo.java:shutdownLeaderElection(134)) - dcfcd63b-1626-44e7-99fa-a7af6291125a: shutdown LeaderElection
2019-10-01 15:51:49,612 [dcfcd63b-1626-44e7-99fa-a7af6291125a@group-05C06239FEB7:LeaderElection92] INFO  impl.RaftServerImpl (RaftServerImpl.java:setRole(174)) - dcfcd63b-1626-44e7-99fa-a7af6291125a@group-05C06239FEB7: changes role from CANDIDATE to LEADER at term 1 for changeToLeader
2019-10-01 15:51:49,612 [dcfcd63b-1626-44e7-99fa-a7af6291125a@group-05C06239FEB7:LeaderElection92] INFO  impl.RaftServerImpl (ServerState.java:setLeader(253)) - dcfcd63b-1626-44e7-99fa-a7af6291125a@group-05C06239FEB7: change Leader from null to dcfcd63b-1626-44e7-99fa-a7af6291125a at term 1 for becomeLeader, leader elected after 5181ms
2019-10-01 15:51:49,612 [dcfcd63b-1626-44e7-99fa-a7af6291125a@group-05C06239FEB7:LeaderElection92] INFO  server.RaftServerConfigKeys (ConfUtils.java:logGet(43)) - raft.server.staging.catchup.gap = 1000 (default)
2019-10-01 15:51:49,612 [dcfcd63b-1626-44e7-99fa-a7af6291125a@group-05C06239FEB7:LeaderElection92] INFO  server.RaftServerConfigKeys (ConfUtils.java:logGet(43)) - raft.server.rpc.sleep.time = 25ms (default)
2019-10-01 15:51:49,612 [dcfcd63b-1626-44e7-99fa-a7af6291125a@group-05C06239FEB7:LeaderElection92] INFO  server.RaftServerConfigKeys (ConfUtils.java:logGet(43)) - raft.server.write.element-limit = 4096 (default)
2019-10-01 15:51:49,613 [dcfcd63b-1626-44e7-99fa-a7af6291125a@group-05C06239FEB7:LeaderElection92] INFO  server.RaftServerConfigKeys (ConfUtils.java:logGet(43)) - raft.server.watch.timeout = 10s (default)
2019-10-01 15:51:49,613 [dcfcd63b-1626-44e7-99fa-a7af6291125a@group-05C06239FEB7:LeaderElection92] INFO  server.RaftServerConfigKeys (ConfUtils.java:logGet(43)) - raft.server.watch.timeout.denomination = 1s (default)
2019-10-01 15:51:49,613 [dcfcd63b-1626-44e7-99fa-a7af6291125a@group-05C06239FEB7:LeaderElection92] INFO  server.RaftServerConfigKeys (ConfUtils.java:logGet(43)) - raft.server.watch.element-limit = 65536 (default)
2019-10-01 15:51:49,614 [dcfcd63b-1626-44e7-99fa-a7af6291125a@group-05C06239FEB7:LeaderElection92] INFO  impl.RoleInfo (RoleInfo.java:updateAndGet(143)) - dcfcd63b-1626-44e7-99fa-a7af6291125a: start LeaderState
2019-10-01 15:51:49,614 [dcfcd63b-1626-44e7-99fa-a7af6291125a@group-05C06239FEB7:LeaderElection92] INFO  segmented.SegmentedRaftLogWorker (SegmentedRaftLogWorker.java:startLogSegment(380)) - dcfcd63b-1626-44e7-99fa-a7af6291125a@group-05C06239FEB7-SegmentedRaftLogWorker: Starting segment from index:0
2019-10-01 15:51:49,615 [dcfcd63b-1626-44e7-99fa-a7af6291125a@group-05C06239FEB7:LeaderElection92] INFO  impl.RaftServerImpl (ServerState.java:setRaftConf(354)) - dcfcd63b-1626-44e7-99fa-a7af6291125a@group-05C06239FEB7: set configuration 0: [dcfcd63b-1626-44e7-99fa-a7af6291125a:192.168.151.117:36667], old=null at 0
2019-10-01 15:51:49,651 [dcfcd63b-1626-44e7-99fa-a7af6291125a@group-05C06239FEB7-SegmentedRaftLogWorker] INFO  segmented.SegmentedRaftLogWorker (SegmentedRaftLogWorker.java:execute(569)) - dcfcd63b-1626-44e7-99fa-a7af6291125a@group-05C06239FEB7-SegmentedRaftLogWorker: created new log segment /workdir/hadoop-ozone/integration-test/target/test-dir/MiniOzoneClusterImpl-d3abc12a-7b00-4510-8105-56d17a3c3693/datanode-2/data/ratis/0bfe9821-01ab-4f2e-b66a-05c06239feb7/current/log_inprogress_0
2019-10-01 15:51:49,696 [Thread-2399] INFO  impl.FollowerState (FollowerState.java:run(106)) - dcfcd63b-1626-44e7-99fa-a7af6291125a:group-5611C1907E7D changes to CANDIDATE, lastRpcTime:5033, electionTimeout:5033ms
2019-10-01 15:51:49,696 [Thread-2399] INFO  impl.RoleInfo (RoleInfo.java:shutdownFollowerState(121)) - dcfcd63b-1626-44e7-99fa-a7af6291125a: shutdown FollowerState
2019-10-01 15:51:49,696 [Thread-2399] INFO  impl.RaftServerImpl (RaftServerImpl.java:setRole(174)) - dcfcd63b-1626-44e7-99fa-a7af6291125a@group-5611C1907E7D: changes role from  FOLLOWER to CANDIDATE at term 0 for changeToCandidate
2019-10-01 15:51:49,696 [Thread-2399] INFO  impl.RoleInfo (RoleInfo.java:updateAndGet(143)) - dcfcd63b-1626-44e7-99fa-a7af6291125a: start LeaderElection
2019-10-01 15:51:49,707 [Thread-2401] INFO  impl.FollowerState (FollowerState.java:run(106)) - c463c838-7bfa-4ae3-90f9-f2c460f81aff:group-5611C1907E7D changes to CANDIDATE, lastRpcTime:5040, electionTimeout:5040ms
2019-10-01 15:51:49,707 [Thread-2401] INFO  impl.RoleInfo (RoleInfo.java:shutdownFollowerState(121)) - c463c838-7bfa-4ae3-90f9-f2c460f81aff: shutdown FollowerState
2019-10-01 15:51:49,707 [Thread-2401] INFO  impl.RaftServerImpl (RaftServerImpl.java:setRole(174)) - c463c838-7bfa-4ae3-90f9-f2c460f81aff@group-5611C1907E7D: changes role from  FOLLOWER to CANDIDATE at term 0 for changeToCandidate
2019-10-01 15:51:49,707 [Thread-2401] INFO  impl.RoleInfo (RoleInfo.java:updateAndGet(143)) - c463c838-7bfa-4ae3-90f9-f2c460f81aff: start LeaderElection
2019-10-01 15:51:49,715 [dcfcd63b-1626-44e7-99fa-a7af6291125a@group-5611C1907E7D:LeaderElection93] INFO  impl.LeaderElection (LeaderElection.java:askForVotes(182)) - dcfcd63b-1626-44e7-99fa-a7af6291125a@group-5611C1907E7D:LeaderElection93: begin an election at term 1 for -1: [c120ad6e-6736-4c56-8417-fba4a7862d30:192.168.151.117:41036, c463c838-7bfa-4ae3-90f9-f2c460f81aff:192.168.151.117:34868, dcfcd63b-1626-44e7-99fa-a7af6291125a:192.168.151.117:36667], old=null
2019-10-01 15:51:49,715 [c463c838-7bfa-4ae3-90f9-f2c460f81aff@group-5611C1907E7D:LeaderElection94] INFO  impl.LeaderElection (LeaderElection.java:askForVotes(182)) - c463c838-7bfa-4ae3-90f9-f2c460f81aff@group-5611C1907E7D:LeaderElection94: begin an election at term 1 for -1: [c120ad6e-6736-4c56-8417-fba4a7862d30:192.168.151.117:41036, c463c838-7bfa-4ae3-90f9-f2c460f81aff:192.168.151.117:34868, dcfcd63b-1626-44e7-99fa-a7af6291125a:192.168.151.117:36667], old=null
2019-10-01 15:51:49,720 [Thread-2383] INFO  impl.FollowerState (FollowerState.java:run(106)) - c120ad6e-6736-4c56-8417-fba4a7862d30:group-AB1E2146EF4C changes to CANDIDATE, lastRpcTime:5174, electionTimeout:5174ms
2019-10-01 15:51:49,720 [Thread-2383] INFO  impl.RoleInfo (RoleInfo.java:shutdownFollowerState(121)) - c120ad6e-6736-4c56-8417-fba4a7862d30: shutdown FollowerState
2019-10-01 15:51:49,720 [Thread-2383] INFO  impl.RaftServerImpl (RaftServerImpl.java:setRole(174)) - c120ad6e-6736-4c56-8417-fba4a7862d30@group-AB1E2146EF4C: changes role from  FOLLOWER to CANDIDATE at term 0 for changeToCandidate
2019-10-01 15:51:49,720 [Thread-2383] INFO  impl.RoleInfo (RoleInfo.java:updateAndGet(143)) - c120ad6e-6736-4c56-8417-fba4a7862d30: start LeaderElection
2019-10-01 15:51:49,728 [grpc-default-executor-4] INFO  impl.RaftServerImpl (RaftServerImpl.java:setRole(174)) - c120ad6e-6736-4c56-8417-fba4a7862d30@group-5611C1907E7D: changes role from  FOLLOWER to FOLLOWER at term 1 for recognizeCandidate:c463c838-7bfa-4ae3-90f9-f2c460f81aff
2019-10-01 15:51:49,728 [grpc-default-executor-4] INFO  impl.RoleInfo (RoleInfo.java:shutdownFollowerState(121)) - c120ad6e-6736-4c56-8417-fba4a7862d30: shutdown FollowerState
2019-10-01 15:51:49,729 [grpc-default-executor-4] INFO  impl.RoleInfo (RoleInfo.java:updateAndGet(143)) - c120ad6e-6736-4c56-8417-fba4a7862d30: start FollowerState
2019-10-01 15:51:49,730 [Thread-2395] INFO  impl.FollowerState (FollowerState.java:run(115)) - c120ad6e-6736-4c56-8417-fba4a7862d30: FollowerState was interrupted: java.lang.InterruptedException: sleep interrupted
2019-10-01 15:51:49,741 [c120ad6e-6736-4c56-8417-fba4a7862d30@group-AB1E2146EF4C:LeaderElection95] INFO  impl.LeaderElection (LeaderElection.java:askForVotes(182)) - c120ad6e-6736-4c56-8417-fba4a7862d30@group-AB1E2146EF4C:LeaderElection95: begin an election at term 1 for -1: [c120ad6e-6736-4c56-8417-fba4a7862d30:192.168.151.117:41036], old=null
2019-10-01 15:51:49,741 [c120ad6e-6736-4c56-8417-fba4a7862d30@group-AB1E2146EF4C:LeaderElection95] INFO  impl.RoleInfo (RoleInfo.java:shutdownLeaderElection(134)) - c120ad6e-6736-4c56-8417-fba4a7862d30: shutdown LeaderElection
2019-10-01 15:51:49,741 [c120ad6e-6736-4c56-8417-fba4a7862d30@group-AB1E2146EF4C:LeaderElection95] INFO  impl.RaftServerImpl (RaftServerImpl.java:setRole(174)) - c120ad6e-6736-4c56-8417-fba4a7862d30@group-AB1E2146EF4C: changes role from CANDIDATE to LEADER at term 1 for changeToLeader
2019-10-01 15:51:49,741 [c120ad6e-6736-4c56-8417-fba4a7862d30@group-AB1E2146EF4C:LeaderElection95] INFO  impl.RaftServerImpl (ServerState.java:setLeader(253)) - c120ad6e-6736-4c56-8417-fba4a7862d30@group-AB1E2146EF4C: change Leader from null to c120ad6e-6736-4c56-8417-fba4a7862d30 at term 1 for becomeLeader, leader elected after 5199ms
2019-10-01 15:51:49,741 [c120ad6e-6736-4c56-8417-fba4a7862d30@group-AB1E2146EF4C:LeaderElection95] INFO  server.RaftServerConfigKeys (ConfUtils.java:logGet(43)) - raft.server.staging.catchup.gap = 1000 (default)
2019-10-01 15:51:49,741 [c120ad6e-6736-4c56-8417-fba4a7862d30@group-AB1E2146EF4C:LeaderElection95] INFO  server.RaftServerConfigKeys (ConfUtils.java:logGet(43)) - raft.server.rpc.sleep.time = 25ms (default)
2019-10-01 15:51:49,741 [c120ad6e-6736-4c56-8417-fba4a7862d30@group-AB1E2146EF4C:LeaderElection95] INFO  server.RaftServerConfigKeys (ConfUtils.java:logGet(43)) - raft.server.write.element-limit = 4096 (default)
2019-10-01 15:51:49,741 [c120ad6e-6736-4c56-8417-fba4a7862d30@group-AB1E2146EF4C:LeaderElection95] INFO  server.RaftServerConfigKeys (ConfUtils.java:logGet(43)) - raft.server.watch.timeout = 10s (default)
2019-10-01 15:51:49,741 [c120ad6e-6736-4c56-8417-fba4a7862d30@group-AB1E2146EF4C:LeaderElection95] INFO  server.RaftServerConfigKeys (ConfUtils.java:logGet(43)) - raft.server.watch.timeout.denomination = 1s (default)
2019-10-01 15:51:49,741 [c120ad6e-6736-4c56-8417-fba4a7862d30@group-AB1E2146EF4C:LeaderElection95] INFO  server.RaftServerConfigKeys (ConfUtils.java:logGet(43)) - raft.server.watch.element-limit = 65536 (default)
2019-10-01 15:51:49,743 [c120ad6e-6736-4c56-8417-fba4a7862d30@group-AB1E2146EF4C:LeaderElection95] INFO  impl.RoleInfo (RoleInfo.java:updateAndGet(143)) - c120ad6e-6736-4c56-8417-fba4a7862d30: start LeaderState
2019-10-01 15:51:49,743 [c120ad6e-6736-4c56-8417-fba4a7862d30@group-AB1E2146EF4C:LeaderElection95] INFO  segmented.SegmentedRaftLogWorker (SegmentedRaftLogWorker.java:startLogSegment(380)) - c120ad6e-6736-4c56-8417-fba4a7862d30@group-AB1E2146EF4C-SegmentedRaftLogWorker: Starting segment from index:0
2019-10-01 15:51:49,743 [c120ad6e-6736-4c56-8417-fba4a7862d30@group-AB1E2146EF4C:LeaderElection95] INFO  impl.RaftServerImpl (ServerState.java:setRaftConf(354)) - c120ad6e-6736-4c56-8417-fba4a7862d30@group-AB1E2146EF4C: set configuration 0: [c120ad6e-6736-4c56-8417-fba4a7862d30:192.168.151.117:41036], old=null at 0
2019-10-01 15:51:49,768 [Thread-2386] INFO  impl.FollowerState (FollowerState.java:run(106)) - ffe3c3d7-f60a-4f12-ae91-fdd1dea308df:group-42A91FB4AE3B changes to CANDIDATE, lastRpcTime:5170, electionTimeout:5150ms
2019-10-01 15:51:49,768 [Thread-2386] INFO  impl.RoleInfo (RoleInfo.java:shutdownFollowerState(121)) - ffe3c3d7-f60a-4f12-ae91-fdd1dea308df: shutdown FollowerState
2019-10-01 15:51:49,769 [Thread-2386] INFO  impl.RaftServerImpl (RaftServerImpl.java:setRole(174)) - ffe3c3d7-f60a-4f12-ae91-fdd1dea308df@group-42A91FB4AE3B: changes role from  FOLLOWER to CANDIDATE at term 0 for changeToCandidate
2019-10-01 15:51:49,770 [Thread-2386] INFO  impl.RoleInfo (RoleInfo.java:updateAndGet(143)) - ffe3c3d7-f60a-4f12-ae91-fdd1dea308df: start LeaderElection
2019-10-01 15:51:49,774 [c463c838-7bfa-4ae3-90f9-f2c460f81aff@group-5611C1907E7D:LeaderElection94] INFO  impl.LeaderElection (LeaderElection.java:logAndReturn(56)) - c463c838-7bfa-4ae3-90f9-f2c460f81aff@group-5611C1907E7D:LeaderElection94: Election PASSED; received 2 response(s) [c463c838-7bfa-4ae3-90f9-f2c460f81aff<-c120ad6e-6736-4c56-8417-fba4a7862d30#0:OK-t1, c463c838-7bfa-4ae3-90f9-f2c460f81aff<-dcfcd63b-1626-44e7-99fa-a7af6291125a#0:FAIL-t1] and 0 exception(s); c463c838-7bfa-4ae3-90f9-f2c460f81aff@group-5611C1907E7D:t1, leader=null, voted=c463c838-7bfa-4ae3-90f9-f2c460f81aff, raftlog=c463c838-7bfa-4ae3-90f9-f2c460f81aff@group-5611C1907E7D-SegmentedRaftLog:OPENED:c-1,f-1,i0, conf=-1: [c120ad6e-6736-4c56-8417-fba4a7862d30:192.168.151.117:41036, c463c838-7bfa-4ae3-90f9-f2c460f81aff:192.168.151.117:34868, dcfcd63b-1626-44e7-99fa-a7af6291125a:192.168.151.117:36667], old=null
2019-10-01 15:51:49,774 [dcfcd63b-1626-44e7-99fa-a7af6291125a@group-5611C1907E7D:LeaderElection93] INFO  impl.LeaderElection (LeaderElection.java:logAndReturn(56)) - dcfcd63b-1626-44e7-99fa-a7af6291125a@group-5611C1907E7D:LeaderElection93: Election REJECTED; received 2 response(s) [dcfcd63b-1626-44e7-99fa-a7af6291125a<-c120ad6e-6736-4c56-8417-fba4a7862d30#0:FAIL-t1, dcfcd63b-1626-44e7-99fa-a7af6291125a<-c463c838-7bfa-4ae3-90f9-f2c460f81aff#0:FAIL-t1] and 0 exception(s); dcfcd63b-1626-44e7-99fa-a7af6291125a@group-5611C1907E7D:t1, leader=null, voted=dcfcd63b-1626-44e7-99fa-a7af6291125a, raftlog=dcfcd63b-1626-44e7-99fa-a7af6291125a@group-5611C1907E7D-SegmentedRaftLog:OPENED:c-1,f-1,i0, conf=-1: [c120ad6e-6736-4c56-8417-fba4a7862d30:192.168.151.117:41036, c463c838-7bfa-4ae3-90f9-f2c460f81aff:192.168.151.117:34868, dcfcd63b-1626-44e7-99fa-a7af6291125a:192.168.151.117:36667], old=null
2019-10-01 15:51:49,776 [c463c838-7bfa-4ae3-90f9-f2c460f81aff@group-5611C1907E7D:LeaderElection94] INFO  impl.RoleInfo (RoleInfo.java:shutdownLeaderElection(134)) - c463c838-7bfa-4ae3-90f9-f2c460f81aff: shutdown LeaderElection
2019-10-01 15:51:49,777 [c463c838-7bfa-4ae3-90f9-f2c460f81aff@group-5611C1907E7D:LeaderElection94] INFO  impl.RaftServerImpl (RaftServerImpl.java:setRole(174)) - c463c838-7bfa-4ae3-90f9-f2c460f81aff@group-5611C1907E7D: changes role from CANDIDATE to LEADER at term 1 for changeToLeader
2019-10-01 15:51:49,777 [dcfcd63b-1626-44e7-99fa-a7af6291125a@group-5611C1907E7D:LeaderElection93] INFO  impl.RaftServerImpl (RaftServerImpl.java:setRole(174)) - dcfcd63b-1626-44e7-99fa-a7af6291125a@group-5611C1907E7D: changes role from CANDIDATE to FOLLOWER at term 1 for DISCOVERED_A_NEW_TERM
2019-10-01 15:51:49,779 [Thread-2390] INFO  impl.FollowerState (FollowerState.java:run(106)) - ead53cd4-d2c5-4e02-8f5e-1c412ad5552b:group-42A91FB4AE3B changes to CANDIDATE, lastRpcTime:5176, electionTimeout:5175ms
2019-10-01 15:51:49,777 [c463c838-7bfa-4ae3-90f9-f2c460f81aff@group-5611C1907E7D:LeaderElection94] INFO  impl.RaftServerImpl (ServerState.java:setLeader(253)) - c463c838-7bfa-4ae3-90f9-f2c460f81aff@group-5611C1907E7D: change Leader from null to c463c838-7bfa-4ae3-90f9-f2c460f81aff at term 1 for becomeLeader, leader elected after 5126ms
2019-10-01 15:51:49,779 [Thread-2390] INFO  impl.RoleInfo (RoleInfo.java:shutdownFollowerState(121)) - ead53cd4-d2c5-4e02-8f5e-1c412ad5552b: shutdown FollowerState
2019-10-01 15:51:49,779 [Thread-2390] INFO  impl.RaftServerImpl (RaftServerImpl.java:setRole(174)) - ead53cd4-d2c5-4e02-8f5e-1c412ad5552b@group-42A91FB4AE3B: changes role from  FOLLOWER to CANDIDATE at term 0 for changeToCandidate
2019-10-01 15:51:49,779 [dcfcd63b-1626-44e7-99fa-a7af6291125a@group-5611C1907E7D:LeaderElection93] INFO  impl.RoleInfo (RoleInfo.java:shutdownLeaderElection(134)) - dcfcd63b-1626-44e7-99fa-a7af6291125a: shutdown LeaderElection
2019-10-01 15:51:49,779 [c463c838-7bfa-4ae3-90f9-f2c460f81aff@group-5611C1907E7D:LeaderElection94] INFO  server.RaftServerConfigKeys (ConfUtils.java:logGet(43)) - raft.server.staging.catchup.gap = 1000 (default)
2019-10-01 15:51:49,780 [c120ad6e-6736-4c56-8417-fba4a7862d30@group-AB1E2146EF4C-SegmentedRaftLogWorker] INFO  segmented.SegmentedRaftLogWorker (SegmentedRaftLogWorker.java:execute(569)) - c120ad6e-6736-4c56-8417-fba4a7862d30@group-AB1E2146EF4C-SegmentedRaftLogWorker: created new log segment /workdir/hadoop-ozone/integration-test/target/test-dir/MiniOzoneClusterImpl-d3abc12a-7b00-4510-8105-56d17a3c3693/datanode-6/data/ratis/02640718-c3d6-449b-b7ea-ab1e2146ef4c/current/log_inprogress_0
2019-10-01 15:51:49,779 [Thread-2390] INFO  impl.RoleInfo (RoleInfo.java:updateAndGet(143)) - ead53cd4-d2c5-4e02-8f5e-1c412ad5552b: start LeaderElection
2019-10-01 15:51:49,780 [c463c838-7bfa-4ae3-90f9-f2c460f81aff@group-5611C1907E7D:LeaderElection94] INFO  server.RaftServerConfigKeys (ConfUtils.java:logGet(43)) - raft.server.rpc.sleep.time = 25ms (default)
2019-10-01 15:51:49,780 [dcfcd63b-1626-44e7-99fa-a7af6291125a@group-5611C1907E7D:LeaderElection93] INFO  impl.RoleInfo (RoleInfo.java:updateAndGet(143)) - dcfcd63b-1626-44e7-99fa-a7af6291125a: start FollowerState
2019-10-01 15:51:49,783 [c463c838-7bfa-4ae3-90f9-f2c460f81aff@group-5611C1907E7D:LeaderElection94] INFO  server.RaftServerConfigKeys (ConfUtils.java:logGet(43)) - raft.server.write.element-limit = 4096 (default)
2019-10-01 15:51:49,783 [ffe3c3d7-f60a-4f12-ae91-fdd1dea308df@group-42A91FB4AE3B:LeaderElection96] INFO  impl.LeaderElection (LeaderElection.java:askForVotes(182)) - ffe3c3d7-f60a-4f12-ae91-fdd1dea308df@group-42A91FB4AE3B:LeaderElection96: begin an election at term 1 for -1: [ead53cd4-d2c5-4e02-8f5e-1c412ad5552b:192.168.151.117:43461, ffe3c3d7-f60a-4f12-ae91-fdd1dea308df:192.168.151.117:40867, 0d4eb867-2999-4d6c-a0c0-a2f8240d349b:192.168.151.117:41133], old=null
2019-10-01 15:51:49,783 [c463c838-7bfa-4ae3-90f9-f2c460f81aff@group-5611C1907E7D:LeaderElection94] INFO  server.RaftServerConfigKeys (ConfUtils.java:logGet(43)) - raft.server.watch.timeout = 10s (default)
2019-10-01 15:51:49,783 [c463c838-7bfa-4ae3-90f9-f2c460f81aff@group-5611C1907E7D:LeaderElection94] INFO  server.RaftServerConfigKeys (ConfUtils.java:logGet(43)) - raft.server.watch.timeout.denomination = 1s (default)
2019-10-01 15:51:49,783 [c463c838-7bfa-4ae3-90f9-f2c460f81aff@group-5611C1907E7D:LeaderElection94] INFO  server.RaftServerConfigKeys (ConfUtils.java:logGet(43)) - raft.server.watch.element-limit = 65536 (default)
2019-10-01 15:51:49,785 [c463c838-7bfa-4ae3-90f9-f2c460f81aff@group-5611C1907E7D:LeaderElection94] INFO  server.RaftServerConfigKeys (ConfUtils.java:logGet(43)) - raft.server.log.appender.snapshot.chunk.size.max = 16MB (=16777216) (default)
2019-10-01 15:51:49,785 [c463c838-7bfa-4ae3-90f9-f2c460f81aff@group-5611C1907E7D:LeaderElection94] INFO  server.RaftServerConfigKeys (ConfUtils.java:logGet(43)) - raft.server.log.appender.buffer.byte-limit = 33554432 (custom)
2019-10-01 15:51:49,786 [c463c838-7bfa-4ae3-90f9-f2c460f81aff@group-5611C1907E7D:LeaderElection94] INFO  server.RaftServerConfigKeys (ConfUtils.java:logGet(43)) - raft.server.log.appender.buffer.element-limit = 1 (custom)
2019-10-01 15:51:49,786 [c463c838-7bfa-4ae3-90f9-f2c460f81aff@group-5611C1907E7D:LeaderElection94] INFO  grpc.GrpcConfigKeys$Server (ConfUtils.java:logGet(43)) - raft.grpc.server.leader.outstanding.appends.max = 128 (default)
2019-10-01 15:51:49,786 [grpc-default-executor-4] INFO  impl.RaftServerImpl (RaftServerImpl.java:setRole(174)) - 0d4eb867-2999-4d6c-a0c0-a2f8240d349b@group-42A91FB4AE3B: changes role from  FOLLOWER to FOLLOWER at term 1 for recognizeCandidate:ffe3c3d7-f60a-4f12-ae91-fdd1dea308df
2019-10-01 15:51:49,786 [c463c838-7bfa-4ae3-90f9-f2c460f81aff@group-5611C1907E7D:LeaderElection94] INFO  server.RaftServerConfigKeys (ConfUtils.java:logGet(43)) - raft.server.rpc.request.timeout = 3000ms (default)
2019-10-01 15:51:49,786 [grpc-default-executor-4] INFO  impl.RoleInfo (RoleInfo.java:shutdownFollowerState(121)) - 0d4eb867-2999-4d6c-a0c0-a2f8240d349b: shutdown FollowerState
2019-10-01 15:51:49,786 [c463c838-7bfa-4ae3-90f9-f2c460f81aff@group-5611C1907E7D:LeaderElection94] INFO  server.RaftServerConfigKeys (ConfUtils.java:logGet(43)) - raft.server.log.appender.install.snapshot.enabled = false (custom)
2019-10-01 15:51:49,786 [Thread-2392] INFO  impl.FollowerState (FollowerState.java:run(115)) - 0d4eb867-2999-4d6c-a0c0-a2f8240d349b: FollowerState was interrupted: java.lang.InterruptedException: sleep interrupted
2019-10-01 15:51:49,786 [grpc-default-executor-4] INFO  impl.RoleInfo (RoleInfo.java:updateAndGet(143)) - 0d4eb867-2999-4d6c-a0c0-a2f8240d349b: start FollowerState
2019-10-01 15:51:49,788 [c463c838-7bfa-4ae3-90f9-f2c460f81aff@group-5611C1907E7D:LeaderElection94] INFO  server.RaftServerConfigKeys (ConfUtils.java:logGet(43)) - raft.server.log.appender.snapshot.chunk.size.max = 16MB (=16777216) (default)
2019-10-01 15:51:49,789 [c463c838-7bfa-4ae3-90f9-f2c460f81aff@group-5611C1907E7D:LeaderElection94] INFO  server.RaftServerConfigKeys (ConfUtils.java:logGet(43)) - raft.server.log.appender.buffer.byte-limit = 33554432 (custom)
2019-10-01 15:51:49,789 [c463c838-7bfa-4ae3-90f9-f2c460f81aff@group-5611C1907E7D:LeaderElection94] INFO  server.RaftServerConfigKeys (ConfUtils.java:logGet(43)) - raft.server.log.appender.buffer.element-limit = 1 (custom)
2019-10-01 15:51:49,789 [c463c838-7bfa-4ae3-90f9-f2c460f81aff@group-5611C1907E7D:LeaderElection94] INFO  grpc.GrpcConfigKeys$Server (ConfUtils.java:logGet(43)) - raft.grpc.server.leader.outstanding.appends.max = 128 (default)
2019-10-01 15:51:49,789 [c463c838-7bfa-4ae3-90f9-f2c460f81aff@group-5611C1907E7D:LeaderElection94] INFO  server.RaftServerConfigKeys (ConfUtils.java:logGet(43)) - raft.server.rpc.request.timeout = 3000ms (default)
2019-10-01 15:51:49,789 [c463c838-7bfa-4ae3-90f9-f2c460f81aff@group-5611C1907E7D:LeaderElection94] INFO  server.RaftServerConfigKeys (ConfUtils.java:logGet(43)) - raft.server.log.appender.install.snapshot.enabled = false (custom)
2019-10-01 15:51:49,789 [c463c838-7bfa-4ae3-90f9-f2c460f81aff@group-5611C1907E7D:LeaderElection94] INFO  impl.RoleInfo (RoleInfo.java:updateAndGet(143)) - c463c838-7bfa-4ae3-90f9-f2c460f81aff: start LeaderState
2019-10-01 15:51:49,790 [c463c838-7bfa-4ae3-90f9-f2c460f81aff@group-5611C1907E7D:LeaderElection94] INFO  segmented.SegmentedRaftLogWorker (SegmentedRaftLogWorker.java:startLogSegment(380)) - c463c838-7bfa-4ae3-90f9-f2c460f81aff@group-5611C1907E7D-SegmentedRaftLogWorker: Starting segment from index:0
2019-10-01 15:51:49,790 [c463c838-7bfa-4ae3-90f9-f2c460f81aff@group-5611C1907E7D:LeaderElection94] INFO  impl.RaftServerImpl (ServerState.java:setRaftConf(354)) - c463c838-7bfa-4ae3-90f9-f2c460f81aff@group-5611C1907E7D: set configuration 0: [c120ad6e-6736-4c56-8417-fba4a7862d30:192.168.151.117:41036, c463c838-7bfa-4ae3-90f9-f2c460f81aff:192.168.151.117:34868, dcfcd63b-1626-44e7-99fa-a7af6291125a:192.168.151.117:36667], old=null at 0
2019-10-01 15:51:49,791 [grpc-default-executor-6] INFO  impl.RaftServerImpl (ServerState.java:setLeader(253)) - c120ad6e-6736-4c56-8417-fba4a7862d30@group-5611C1907E7D: change Leader from null to c463c838-7bfa-4ae3-90f9-f2c460f81aff at term 1 for appendEntries, leader elected after 5140ms
2019-10-01 15:51:49,791 [grpc-default-executor-1] INFO  impl.RaftServerImpl (ServerState.java:setLeader(253)) - dcfcd63b-1626-44e7-99fa-a7af6291125a@group-5611C1907E7D: change Leader from null to c463c838-7bfa-4ae3-90f9-f2c460f81aff at term 1 for appendEntries, leader elected after 5140ms
2019-10-01 15:51:49,793 [grpc-default-executor-1] INFO  impl.RaftServerImpl (ServerState.java:setRaftConf(354)) - c120ad6e-6736-4c56-8417-fba4a7862d30@group-5611C1907E7D: set configuration 0: [c120ad6e-6736-4c56-8417-fba4a7862d30:192.168.151.117:41036, c463c838-7bfa-4ae3-90f9-f2c460f81aff:192.168.151.117:34868, dcfcd63b-1626-44e7-99fa-a7af6291125a:192.168.151.117:36667], old=null at 0
2019-10-01 15:51:49,793 [grpc-default-executor-6] INFO  impl.RaftServerImpl (ServerState.java:setRaftConf(354)) - dcfcd63b-1626-44e7-99fa-a7af6291125a@group-5611C1907E7D: set configuration 0: [c120ad6e-6736-4c56-8417-fba4a7862d30:192.168.151.117:41036, c463c838-7bfa-4ae3-90f9-f2c460f81aff:192.168.151.117:34868, dcfcd63b-1626-44e7-99fa-a7af6291125a:192.168.151.117:36667], old=null at 0
2019-10-01 15:51:49,793 [grpc-default-executor-1] INFO  segmented.SegmentedRaftLogWorker (SegmentedRaftLogWorker.java:startLogSegment(380)) - c120ad6e-6736-4c56-8417-fba4a7862d30@group-5611C1907E7D-SegmentedRaftLogWorker: Starting segment from index:0
2019-10-01 15:51:49,793 [grpc-default-executor-6] INFO  segmented.SegmentedRaftLogWorker (SegmentedRaftLogWorker.java:startLogSegment(380)) - dcfcd63b-1626-44e7-99fa-a7af6291125a@group-5611C1907E7D-SegmentedRaftLogWorker: Starting segment from index:0
2019-10-01 15:51:49,797 [ead53cd4-d2c5-4e02-8f5e-1c412ad5552b@group-42A91FB4AE3B:LeaderElection97] INFO  impl.LeaderElection (LeaderElection.java:askForVotes(182)) - ead53cd4-d2c5-4e02-8f5e-1c412ad5552b@group-42A91FB4AE3B:LeaderElection97: begin an election at term 1 for -1: [ead53cd4-d2c5-4e02-8f5e-1c412ad5552b:192.168.151.117:43461, ffe3c3d7-f60a-4f12-ae91-fdd1dea308df:192.168.151.117:40867, 0d4eb867-2999-4d6c-a0c0-a2f8240d349b:192.168.151.117:41133], old=null
2019-10-01 15:51:49,823 [ffe3c3d7-f60a-4f12-ae91-fdd1dea308df@group-42A91FB4AE3B:LeaderElection96] INFO  impl.LeaderElection (LeaderElection.java:logAndReturn(56)) - ffe3c3d7-f60a-4f12-ae91-fdd1dea308df@group-42A91FB4AE3B:LeaderElection96: Election PASSED; received 2 response(s) [ffe3c3d7-f60a-4f12-ae91-fdd1dea308df<-ead53cd4-d2c5-4e02-8f5e-1c412ad5552b#0:FAIL-t1, ffe3c3d7-f60a-4f12-ae91-fdd1dea308df<-0d4eb867-2999-4d6c-a0c0-a2f8240d349b#0:OK-t1] and 0 exception(s); ffe3c3d7-f60a-4f12-ae91-fdd1dea308df@group-42A91FB4AE3B:t1, leader=null, voted=ffe3c3d7-f60a-4f12-ae91-fdd1dea308df, raftlog=ffe3c3d7-f60a-4f12-ae91-fdd1dea308df@group-42A91FB4AE3B-SegmentedRaftLog:OPENED:c-1,f-1,i0, conf=-1: [ead53cd4-d2c5-4e02-8f5e-1c412ad5552b:192.168.151.117:43461, ffe3c3d7-f60a-4f12-ae91-fdd1dea308df:192.168.151.117:40867, 0d4eb867-2999-4d6c-a0c0-a2f8240d349b:192.168.151.117:41133], old=null
2019-10-01 15:51:49,823 [ffe3c3d7-f60a-4f12-ae91-fdd1dea308df@group-42A91FB4AE3B:LeaderElection96] INFO  impl.RoleInfo (RoleInfo.java:shutdownLeaderElection(134)) - ffe3c3d7-f60a-4f12-ae91-fdd1dea308df: shutdown LeaderElection
2019-10-01 15:51:49,823 [ffe3c3d7-f60a-4f12-ae91-fdd1dea308df@group-42A91FB4AE3B:LeaderElection96] INFO  impl.RaftServerImpl (RaftServerImpl.java:setRole(174)) - ffe3c3d7-f60a-4f12-ae91-fdd1dea308df@group-42A91FB4AE3B: changes role from CANDIDATE to LEADER at term 1 for changeToLeader
2019-10-01 15:51:49,824 [ffe3c3d7-f60a-4f12-ae91-fdd1dea308df@group-42A91FB4AE3B:LeaderElection96] INFO  impl.RaftServerImpl (ServerState.java:setLeader(253)) - ffe3c3d7-f60a-4f12-ae91-fdd1dea308df@group-42A91FB4AE3B: change Leader from null to ffe3c3d7-f60a-4f12-ae91-fdd1dea308df at term 1 for becomeLeader, leader elected after 5231ms
2019-10-01 15:51:49,824 [ffe3c3d7-f60a-4f12-ae91-fdd1dea308df@group-42A91FB4AE3B:LeaderElection96] INFO  server.RaftServerConfigKeys (ConfUtils.java:logGet(43)) - raft.server.staging.catchup.gap = 1000 (default)
2019-10-01 15:51:49,824 [ffe3c3d7-f60a-4f12-ae91-fdd1dea308df@group-42A91FB4AE3B:LeaderElection96] INFO  server.RaftServerConfigKeys (ConfUtils.java:logGet(43)) - raft.server.rpc.sleep.time = 25ms (default)
2019-10-01 15:51:49,824 [ffe3c3d7-f60a-4f12-ae91-fdd1dea308df@group-42A91FB4AE3B:LeaderElection96] INFO  server.RaftServerConfigKeys (ConfUtils.java:logGet(43)) - raft.server.write.element-limit = 4096 (default)
2019-10-01 15:51:49,824 [ffe3c3d7-f60a-4f12-ae91-fdd1dea308df@group-42A91FB4AE3B:LeaderElection96] INFO  server.RaftServerConfigKeys (ConfUtils.java:logGet(43)) - raft.server.watch.timeout = 10s (default)
2019-10-01 15:51:49,824 [ffe3c3d7-f60a-4f12-ae91-fdd1dea308df@group-42A91FB4AE3B:LeaderElection96] INFO  server.RaftServerConfigKeys (ConfUtils.java:logGet(43)) - raft.server.watch.timeout.denomination = 1s (default)
2019-10-01 15:51:49,824 [ffe3c3d7-f60a-4f12-ae91-fdd1dea308df@group-42A91FB4AE3B:LeaderElection96] INFO  server.RaftServerConfigKeys (ConfUtils.java:logGet(43)) - raft.server.watch.element-limit = 65536 (default)
2019-10-01 15:51:49,826 [ffe3c3d7-f60a-4f12-ae91-fdd1dea308df@group-42A91FB4AE3B:LeaderElection96] INFO  server.RaftServerConfigKeys (ConfUtils.java:logGet(43)) - raft.server.log.appender.snapshot.chunk.size.max = 16MB (=16777216) (default)
2019-10-01 15:51:49,826 [ffe3c3d7-f60a-4f12-ae91-fdd1dea308df@group-42A91FB4AE3B:LeaderElection96] INFO  server.RaftServerConfigKeys (ConfUtils.java:logGet(43)) - raft.server.log.appender.buffer.byte-limit = 33554432 (custom)
2019-10-01 15:51:49,826 [ffe3c3d7-f60a-4f12-ae91-fdd1dea308df@group-42A91FB4AE3B:LeaderElection96] INFO  server.RaftServerConfigKeys (ConfUtils.java:logGet(43)) - raft.server.log.appender.buffer.element-limit = 1 (custom)
2019-10-01 15:51:49,826 [ffe3c3d7-f60a-4f12-ae91-fdd1dea308df@group-42A91FB4AE3B:LeaderElection96] INFO  grpc.GrpcConfigKeys$Server (ConfUtils.java:logGet(43)) - raft.grpc.server.leader.outstanding.appends.max = 128 (default)
2019-10-01 15:51:49,826 [ffe3c3d7-f60a-4f12-ae91-fdd1dea308df@group-42A91FB4AE3B:LeaderElection96] INFO  server.RaftServerConfigKeys (ConfUtils.java:logGet(43)) - raft.server.rpc.request.timeout = 3000ms (default)
2019-10-01 15:51:49,828 [c120ad6e-6736-4c56-8417-fba4a7862d30@group-5611C1907E7D-SegmentedRaftLogWorker] INFO  segmented.SegmentedRaftLogWorker (SegmentedRaftLogWorker.java:execute(569)) - c120ad6e-6736-4c56-8417-fba4a7862d30@group-5611C1907E7D-SegmentedRaftLogWorker: created new log segment /workdir/hadoop-ozone/integration-test/target/test-dir/MiniOzoneClusterImpl-d3abc12a-7b00-4510-8105-56d17a3c3693/datanode-6/data/ratis/ed2559bf-14a1-4fe9-a879-5611c1907e7d/current/log_inprogress_0
2019-10-01 15:51:49,828 [dcfcd63b-1626-44e7-99fa-a7af6291125a@group-5611C1907E7D-SegmentedRaftLogWorker] INFO  segmented.SegmentedRaftLogWorker (SegmentedRaftLogWorker.java:execute(569)) - dcfcd63b-1626-44e7-99fa-a7af6291125a@group-5611C1907E7D-SegmentedRaftLogWorker: created new log segment /workdir/hadoop-ozone/integration-test/target/test-dir/MiniOzoneClusterImpl-d3abc12a-7b00-4510-8105-56d17a3c3693/datanode-2/data/ratis/ed2559bf-14a1-4fe9-a879-5611c1907e7d/current/log_inprogress_0
2019-10-01 15:51:49,828 [ffe3c3d7-f60a-4f12-ae91-fdd1dea308df@group-42A91FB4AE3B:LeaderElection96] INFO  server.RaftServerConfigKeys (ConfUtils.java:logGet(43)) - raft.server.log.appender.install.snapshot.enabled = false (custom)
2019-10-01 15:51:49,830 [ffe3c3d7-f60a-4f12-ae91-fdd1dea308df@group-42A91FB4AE3B:LeaderElection96] INFO  server.RaftServerConfigKeys (ConfUtils.java:logGet(43)) - raft.server.log.appender.snapshot.chunk.size.max = 16MB (=16777216) (default)
2019-10-01 15:51:49,830 [c463c838-7bfa-4ae3-90f9-f2c460f81aff@group-5611C1907E7D-SegmentedRaftLogWorker] INFO  segmented.SegmentedRaftLogWorker (SegmentedRaftLogWorker.java:execute(569)) - c463c838-7bfa-4ae3-90f9-f2c460f81aff@group-5611C1907E7D-SegmentedRaftLogWorker: created new log segment /workdir/hadoop-ozone/integration-test/target/test-dir/MiniOzoneClusterImpl-d3abc12a-7b00-4510-8105-56d17a3c3693/datanode-5/data/ratis/ed2559bf-14a1-4fe9-a879-5611c1907e7d/current/log_inprogress_0
2019-10-01 15:51:49,832 [ffe3c3d7-f60a-4f12-ae91-fdd1dea308df@group-42A91FB4AE3B:LeaderElection96] INFO  server.RaftServerConfigKeys (ConfUtils.java:logGet(43)) - raft.server.log.appender.buffer.byte-limit = 33554432 (custom)
2019-10-01 15:51:49,832 [ffe3c3d7-f60a-4f12-ae91-fdd1dea308df@group-42A91FB4AE3B:LeaderElection96] INFO  server.RaftServerConfigKeys (ConfUtils.java:logGet(43)) - raft.server.log.appender.buffer.element-limit = 1 (custom)
2019-10-01 15:51:49,832 [ffe3c3d7-f60a-4f12-ae91-fdd1dea308df@group-42A91FB4AE3B:LeaderElection96] INFO  grpc.GrpcConfigKeys$Server (ConfUtils.java:logGet(43)) - raft.grpc.server.leader.outstanding.appends.max = 128 (default)
2019-10-01 15:51:49,832 [ffe3c3d7-f60a-4f12-ae91-fdd1dea308df@group-42A91FB4AE3B:LeaderElection96] INFO  server.RaftServerConfigKeys (ConfUtils.java:logGet(43)) - raft.server.rpc.request.timeout = 3000ms (default)
2019-10-01 15:51:49,832 [ffe3c3d7-f60a-4f12-ae91-fdd1dea308df@group-42A91FB4AE3B:LeaderElection96] INFO  server.RaftServerConfigKeys (ConfUtils.java:logGet(43)) - raft.server.log.appender.install.snapshot.enabled = false (custom)
2019-10-01 15:51:49,832 [ffe3c3d7-f60a-4f12-ae91-fdd1dea308df@group-42A91FB4AE3B:LeaderElection96] INFO  impl.RoleInfo (RoleInfo.java:updateAndGet(143)) - ffe3c3d7-f60a-4f12-ae91-fdd1dea308df: start LeaderState
2019-10-01 15:51:49,833 [ffe3c3d7-f60a-4f12-ae91-fdd1dea308df@group-42A91FB4AE3B:LeaderElection96] INFO  segmented.SegmentedRaftLogWorker (SegmentedRaftLogWorker.java:startLogSegment(380)) - ffe3c3d7-f60a-4f12-ae91-fdd1dea308df@group-42A91FB4AE3B-SegmentedRaftLogWorker: Starting segment from index:0
2019-10-01 15:51:49,833 [ffe3c3d7-f60a-4f12-ae91-fdd1dea308df@group-42A91FB4AE3B:LeaderElection96] INFO  impl.RaftServerImpl (ServerState.java:setRaftConf(354)) - ffe3c3d7-f60a-4f12-ae91-fdd1dea308df@group-42A91FB4AE3B: set configuration 0: [ead53cd4-d2c5-4e02-8f5e-1c412ad5552b:192.168.151.117:43461, ffe3c3d7-f60a-4f12-ae91-fdd1dea308df:192.168.151.117:40867, 0d4eb867-2999-4d6c-a0c0-a2f8240d349b:192.168.151.117:41133], old=null at 0
2019-10-01 15:51:49,833 [grpc-default-executor-4] INFO  impl.RaftServerImpl (RaftServerImpl.java:requestVote(758)) - ffe3c3d7-f60a-4f12-ae91-fdd1dea308df@group-42A91FB4AE3B-   LEADER: Withhold vote from candidate ead53cd4-d2c5-4e02-8f5e-1c412ad5552b with term 1. State: leader=ffe3c3d7-f60a-4f12-ae91-fdd1dea308df, term=1, lastRpcElapsed=null
2019-10-01 15:51:49,859 [grpc-default-executor-4] INFO  impl.RaftServerImpl (RaftServerImpl.java:setRole(174)) - ead53cd4-d2c5-4e02-8f5e-1c412ad5552b@group-42A91FB4AE3B: changes role from CANDIDATE to FOLLOWER at term 1 for appendEntries
2019-10-01 15:51:49,860 [grpc-default-executor-4] INFO  impl.RoleInfo (RoleInfo.java:shutdownLeaderElection(134)) - ead53cd4-d2c5-4e02-8f5e-1c412ad5552b: shutdown LeaderElection
2019-10-01 15:51:49,860 [ead53cd4-d2c5-4e02-8f5e-1c412ad5552b@group-42A91FB4AE3B:LeaderElection97] INFO  impl.LeaderElection (LeaderElection.java:logAndReturn(56)) - ead53cd4-d2c5-4e02-8f5e-1c412ad5552b@group-42A91FB4AE3B:LeaderElection97: Election REJECTED; received 2 response(s) [ead53cd4-d2c5-4e02-8f5e-1c412ad5552b<-ffe3c3d7-f60a-4f12-ae91-fdd1dea308df#0:FAIL-t1, ead53cd4-d2c5-4e02-8f5e-1c412ad5552b<-0d4eb867-2999-4d6c-a0c0-a2f8240d349b#0:FAIL-t1] and 0 exception(s); ead53cd4-d2c5-4e02-8f5e-1c412ad5552b@group-42A91FB4AE3B:t1, leader=null, voted=ead53cd4-d2c5-4e02-8f5e-1c412ad5552b, raftlog=ead53cd4-d2c5-4e02-8f5e-1c412ad5552b@group-42A91FB4AE3B-SegmentedRaftLog:OPENED:c-1,f-1,i0, conf=-1: [ead53cd4-d2c5-4e02-8f5e-1c412ad5552b:192.168.151.117:43461, ffe3c3d7-f60a-4f12-ae91-fdd1dea308df:192.168.151.117:40867, 0d4eb867-2999-4d6c-a0c0-a2f8240d349b:192.168.151.117:41133], old=null
2019-10-01 15:51:49,860 [grpc-default-executor-2] INFO  impl.RaftServerImpl (ServerState.java:setLeader(253)) - 0d4eb867-2999-4d6c-a0c0-a2f8240d349b@group-42A91FB4AE3B: change Leader from null to ffe3c3d7-f60a-4f12-ae91-fdd1dea308df at term 1 for appendEntries, leader elected after 5267ms
2019-10-01 15:51:49,860 [grpc-default-executor-4] INFO  impl.RoleInfo (RoleInfo.java:updateAndGet(143)) - ead53cd4-d2c5-4e02-8f5e-1c412ad5552b: start FollowerState
2019-10-01 15:51:49,863 [grpc-default-executor-4] INFO  impl.RaftServerImpl (ServerState.java:setLeader(253)) - ead53cd4-d2c5-4e02-8f5e-1c412ad5552b@group-42A91FB4AE3B: change Leader from null to ffe3c3d7-f60a-4f12-ae91-fdd1dea308df at term 1 for appendEntries, leader elected after 5270ms
2019-10-01 15:51:49,864 [grpc-default-executor-4] INFO  impl.RaftServerImpl (ServerState.java:setRaftConf(354)) - 0d4eb867-2999-4d6c-a0c0-a2f8240d349b@group-42A91FB4AE3B: set configuration 0: [ead53cd4-d2c5-4e02-8f5e-1c412ad5552b:192.168.151.117:43461, ffe3c3d7-f60a-4f12-ae91-fdd1dea308df:192.168.151.117:40867, 0d4eb867-2999-4d6c-a0c0-a2f8240d349b:192.168.151.117:41133], old=null at 0
2019-10-01 15:51:49,864 [grpc-default-executor-4] INFO  segmented.SegmentedRaftLogWorker (SegmentedRaftLogWorker.java:startLogSegment(380)) - 0d4eb867-2999-4d6c-a0c0-a2f8240d349b@group-42A91FB4AE3B-SegmentedRaftLogWorker: Starting segment from index:0
2019-10-01 15:51:49,864 [grpc-default-executor-2] INFO  impl.RaftServerImpl (ServerState.java:setRaftConf(354)) - ead53cd4-d2c5-4e02-8f5e-1c412ad5552b@group-42A91FB4AE3B: set configuration 0: [ead53cd4-d2c5-4e02-8f5e-1c412ad5552b:192.168.151.117:43461, ffe3c3d7-f60a-4f12-ae91-fdd1dea308df:192.168.151.117:40867, 0d4eb867-2999-4d6c-a0c0-a2f8240d349b:192.168.151.117:41133], old=null at 0
2019-10-01 15:51:49,864 [grpc-default-executor-2] INFO  segmented.SegmentedRaftLogWorker (SegmentedRaftLogWorker.java:startLogSegment(380)) - ead53cd4-d2c5-4e02-8f5e-1c412ad5552b@group-42A91FB4AE3B-SegmentedRaftLogWorker: Starting segment from index:0
2019-10-01 15:51:49,870 [ffe3c3d7-f60a-4f12-ae91-fdd1dea308df@group-42A91FB4AE3B-SegmentedRaftLogWorker] INFO  segmented.SegmentedRaftLogWorker (SegmentedRaftLogWorker.java:execute(569)) - ffe3c3d7-f60a-4f12-ae91-fdd1dea308df@group-42A91FB4AE3B-SegmentedRaftLogWorker: created new log segment /workdir/hadoop-ozone/integration-test/target/test-dir/MiniOzoneClusterImpl-d3abc12a-7b00-4510-8105-56d17a3c3693/datanode-1/data/ratis/c3545fc2-073b-4d40-bc3c-42a91fb4ae3b/current/log_inprogress_0
2019-10-01 15:51:49,919 [ead53cd4-d2c5-4e02-8f5e-1c412ad5552b@group-42A91FB4AE3B-SegmentedRaftLogWorker] INFO  segmented.SegmentedRaftLogWorker (SegmentedRaftLogWorker.java:execute(569)) - ead53cd4-d2c5-4e02-8f5e-1c412ad5552b@group-42A91FB4AE3B-SegmentedRaftLogWorker: created new log segment /workdir/hadoop-ozone/integration-test/target/test-dir/MiniOzoneClusterImpl-d3abc12a-7b00-4510-8105-56d17a3c3693/datanode-3/data/ratis/c3545fc2-073b-4d40-bc3c-42a91fb4ae3b/current/log_inprogress_0
2019-10-01 15:51:49,919 [0d4eb867-2999-4d6c-a0c0-a2f8240d349b@group-42A91FB4AE3B-SegmentedRaftLogWorker] INFO  segmented.SegmentedRaftLogWorker (SegmentedRaftLogWorker.java:execute(569)) - 0d4eb867-2999-4d6c-a0c0-a2f8240d349b@group-42A91FB4AE3B-SegmentedRaftLogWorker: created new log segment /workdir/hadoop-ozone/integration-test/target/test-dir/MiniOzoneClusterImpl-d3abc12a-7b00-4510-8105-56d17a3c3693/datanode-4/data/ratis/c3545fc2-073b-4d40-bc3c-42a91fb4ae3b/current/log_inprogress_0
2019-10-01 15:51:51,873 [Datanode State Machine Thread - 0] INFO  statemachine.DatanodeStateMachine (DatanodeStateMachine.java:lambda$startDaemon$0(350)) - Ozone container server started.
2019-10-01 15:51:55,885 [main] INFO  ozoneimpl.OzoneContainer (OzoneContainer.java:stop(231)) - Attempting to stop container services.
2019-10-01 15:51:55,886 [main] INFO  impl.RaftServerProxy (RaftServerProxy.java:lambda$close$4(314)) - ffe3c3d7-f60a-4f12-ae91-fdd1dea308df: close
2019-10-01 15:51:55,886 [main] INFO  impl.RaftServerImpl (RaftServerImpl.java:lambda$shutdown$3(251)) - ffe3c3d7-f60a-4f12-ae91-fdd1dea308df@group-42A91FB4AE3B: shutdown
2019-10-01 15:51:55,886 [ForkJoinPool.commonPool-worker-0] INFO  impl.RaftServerImpl (RaftServerImpl.java:lambda$shutdown$3(251)) - ffe3c3d7-f60a-4f12-ae91-fdd1dea308df@group-69BA6756C9BA: shutdown
2019-10-01 15:51:55,887 [main] INFO  util.JmxRegister (JmxRegister.java:unregister(73)) - Successfully un-registered JMX Bean with object name Ratis:service=RaftServer,group=group-42A91FB4AE3B,id=ffe3c3d7-f60a-4f12-ae91-fdd1dea308df
2019-10-01 15:51:55,887 [ForkJoinPool.commonPool-worker-0] INFO  util.JmxRegister (JmxRegister.java:unregister(73)) - Successfully un-registered JMX Bean with object name Ratis:service=RaftServer,group=group-69BA6756C9BA,id=ffe3c3d7-f60a-4f12-ae91-fdd1dea308df
2019-10-01 15:51:55,887 [main] INFO  impl.RoleInfo (RoleInfo.java:shutdownLeaderState(104)) - ffe3c3d7-f60a-4f12-ae91-fdd1dea308df: shutdown LeaderState
2019-10-01 15:51:55,887 [ForkJoinPool.commonPool-worker-0] INFO  impl.RoleInfo (RoleInfo.java:shutdownLeaderState(104)) - ffe3c3d7-f60a-4f12-ae91-fdd1dea308df: shutdown LeaderState
2019-10-01 15:51:55,893 [org.apache.ratis.server.impl.LogAppender$AppenderDaemon$$Lambda$395/617147934@42fcec56] WARN  server.GrpcLogAppender (GrpcLogAppender.java:mayWait(143)) - ffe3c3d7-f60a-4f12-ae91-fdd1dea308df@group-42A91FB4AE3B->0d4eb867-2999-4d6c-a0c0-a2f8240d349b-GrpcLogAppender: Wait interrupted by java.lang.InterruptedException
2019-10-01 15:51:55,893 [ForkJoinPool.commonPool-worker-0] INFO  impl.PendingRequests (PendingRequests.java:sendNotLeaderResponses(202)) - ffe3c3d7-f60a-4f12-ae91-fdd1dea308df-PendingRequests: sendNotLeaderResponses
2019-10-01 15:51:55,893 [org.apache.ratis.server.impl.LogAppender$AppenderDaemon$$Lambda$395/617147934@54ab4529] WARN  server.GrpcLogAppender (GrpcLogAppender.java:mayWait(143)) - ffe3c3d7-f60a-4f12-ae91-fdd1dea308df@group-42A91FB4AE3B->ead53cd4-d2c5-4e02-8f5e-1c412ad5552b-GrpcLogAppender: Wait interrupted by java.lang.InterruptedException
2019-10-01 15:51:55,893 [main] INFO  impl.PendingRequests (PendingRequests.java:sendNotLeaderResponses(202)) - ffe3c3d7-f60a-4f12-ae91-fdd1dea308df-PendingRequests: sendNotLeaderResponses
2019-10-01 15:51:55,893 [grpc-default-executor-4] INFO  server.GrpcServerProtocolService (GrpcServerProtocolService.java:onCompleted(113)) - ead53cd4-d2c5-4e02-8f5e-1c412ad5552b: Completed APPEND_ENTRIES, lastRequest: ffe3c3d7-f60a-4f12-ae91-fdd1dea308df->ead53cd4-d2c5-4e02-8f5e-1c412ad5552b#5-t1, previous=(t:1, i:2), leaderCommit=2, initializing? false, entries: <empty>
2019-10-01 15:51:55,893 [grpc-default-executor-2] INFO  server.GrpcServerProtocolService (GrpcServerProtocolService.java:onCompleted(113)) - 0d4eb867-2999-4d6c-a0c0-a2f8240d349b: Completed APPEND_ENTRIES, lastRequest: ffe3c3d7-f60a-4f12-ae91-fdd1dea308df->0d4eb867-2999-4d6c-a0c0-a2f8240d349b#5-t1, previous=(t:1, i:2), leaderCommit=2, initializing? false, entries: <empty>
2019-10-01 15:51:55,893 [ForkJoinPool.commonPool-worker-0] INFO  impl.StateMachineUpdater (StateMachineUpdater.java:stopAndJoin(125)) - ffe3c3d7-f60a-4f12-ae91-fdd1dea308df@group-69BA6756C9BA-StateMachineUpdater: set stopIndex = 0
2019-10-01 15:51:55,906 [ForkJoinPool.commonPool-worker-0] INFO  impl.RaftServerImpl (ServerState.java:close(385)) - ffe3c3d7-f60a-4f12-ae91-fdd1dea308df@group-69BA6756C9BA: closes. applyIndex: 0
2019-10-01 15:51:55,907 [ffe3c3d7-f60a-4f12-ae91-fdd1dea308df@group-69BA6756C9BA-SegmentedRaftLogWorker] INFO  segmented.SegmentedRaftLogWorker (SegmentedRaftLogWorker.java:run(313)) - ffe3c3d7-f60a-4f12-ae91-fdd1dea308df@group-69BA6756C9BA-SegmentedRaftLogWorker was interrupted, exiting. There are 0 tasks remaining in the queue.
2019-10-01 15:51:55,907 [grpc-default-executor-4] INFO  server.GrpcLogAppender (GrpcLogAppender.java:onCompleted(293)) - ffe3c3d7-f60a-4f12-ae91-fdd1dea308df@group-42A91FB4AE3B->0d4eb867-2999-4d6c-a0c0-a2f8240d349b-AppendLogResponseHandler: follower responses appendEntries COMPLETED
2019-10-01 15:51:55,907 [grpc-default-executor-4] INFO  impl.FollowerInfo (FollowerInfo.java:lambda$new$0(51)) - ffe3c3d7-f60a-4f12-ae91-fdd1dea308df@group-42A91FB4AE3B->0d4eb867-2999-4d6c-a0c0-a2f8240d349b: nextIndex: updateUnconditionally 3 -> 2
2019-10-01 15:51:55,909 [grpc-default-executor-4] INFO  server.GrpcLogAppender (GrpcLogAppender.java:onCompleted(293)) - ffe3c3d7-f60a-4f12-ae91-fdd1dea308df@group-42A91FB4AE3B->ead53cd4-d2c5-4e02-8f5e-1c412ad5552b-AppendLogResponseHandler: follower responses appendEntries COMPLETED
2019-10-01 15:51:55,911 [ForkJoinPool.commonPool-worker-0] INFO  segmented.SegmentedRaftLogWorker (SegmentedRaftLogWorker.java:close(228)) - ffe3c3d7-f60a-4f12-ae91-fdd1dea308df@group-69BA6756C9BA-SegmentedRaftLogWorker close()
2019-10-01 15:51:55,911 [main] INFO  impl.StateMachineUpdater (StateMachineUpdater.java:stopAndJoin(125)) - ffe3c3d7-f60a-4f12-ae91-fdd1dea308df@group-42A91FB4AE3B-StateMachineUpdater: set stopIndex = 2
2019-10-01 15:51:55,911 [grpc-default-executor-4] INFO  impl.FollowerInfo (FollowerInfo.java:lambda$new$0(51)) - ffe3c3d7-f60a-4f12-ae91-fdd1dea308df@group-42A91FB4AE3B->ead53cd4-d2c5-4e02-8f5e-1c412ad5552b: nextIndex: updateUnconditionally 3 -> 2
2019-10-01 15:51:55,911 [ffe3c3d7-f60a-4f12-ae91-fdd1dea308df@group-42A91FB4AE3B-StateMachineUpdater] INFO  ratis.ContainerStateMachine (ContainerStateMachine.java:takeSnapshot(289)) - group-42A91FB4AE3B: Taking a snapshot at:(t:1, i:2) file /workdir/hadoop-ozone/integration-test/target/test-dir/MiniOzoneClusterImpl-d3abc12a-7b00-4510-8105-56d17a3c3693/datanode-1/data/ratis/c3545fc2-073b-4d40-bc3c-42a91fb4ae3b/sm/snapshot.1_2
2019-10-01 15:51:55,941 [ffe3c3d7-f60a-4f12-ae91-fdd1dea308df@group-42A91FB4AE3B-StateMachineUpdater] INFO  ratis.ContainerStateMachine (ContainerStateMachine.java:takeSnapshot(300)) - group-42A91FB4AE3B: Finished taking a snapshot at:(t:1, i:2) file:/workdir/hadoop-ozone/integration-test/target/test-dir/MiniOzoneClusterImpl-d3abc12a-7b00-4510-8105-56d17a3c3693/datanode-1/data/ratis/c3545fc2-073b-4d40-bc3c-42a91fb4ae3b/sm/snapshot.1_2 time:30
2019-10-01 15:51:55,941 [ffe3c3d7-f60a-4f12-ae91-fdd1dea308df@group-42A91FB4AE3B-StateMachineUpdater] INFO  impl.StateMachineUpdater (StateMachineUpdater.java:takeSnapshot(258)) - ffe3c3d7-f60a-4f12-ae91-fdd1dea308df@group-42A91FB4AE3B-StateMachineUpdater: Took a snapshot at index 2
2019-10-01 15:51:55,941 [ffe3c3d7-f60a-4f12-ae91-fdd1dea308df@group-42A91FB4AE3B-StateMachineUpdater] INFO  impl.StateMachineUpdater (StateMachineUpdater.java:lambda$new$0(83)) - ffe3c3d7-f60a-4f12-ae91-fdd1dea308df@group-42A91FB4AE3B-StateMachineUpdater: snapshotIndex: updateIncreasingly -1 -> 2
2019-10-01 15:51:55,942 [main] INFO  impl.RaftServerImpl (ServerState.java:close(385)) - ffe3c3d7-f60a-4f12-ae91-fdd1dea308df@group-42A91FB4AE3B: closes. applyIndex: 2
2019-10-01 15:51:55,942 [ffe3c3d7-f60a-4f12-ae91-fdd1dea308df@group-42A91FB4AE3B-SegmentedRaftLogWorker] INFO  segmented.SegmentedRaftLogWorker (SegmentedRaftLogWorker.java:run(313)) - ffe3c3d7-f60a-4f12-ae91-fdd1dea308df@group-42A91FB4AE3B-SegmentedRaftLogWorker was interrupted, exiting. There are 0 tasks remaining in the queue.
2019-10-01 15:51:55,942 [main] INFO  segmented.SegmentedRaftLogWorker (SegmentedRaftLogWorker.java:close(228)) - ffe3c3d7-f60a-4f12-ae91-fdd1dea308df@group-42A91FB4AE3B-SegmentedRaftLogWorker close()
2019-10-01 15:51:55,945 [main] INFO  server.GrpcService (GrpcService.java:closeImpl(164)) - ffe3c3d7-f60a-4f12-ae91-fdd1dea308df: shutdown server with port 40867 now
2019-10-01 15:51:55,946 [main] INFO  server.GrpcService (GrpcService.java:closeImpl(172)) - ffe3c3d7-f60a-4f12-ae91-fdd1dea308df: shutdown server with port 40867 successfully
2019-10-01 15:51:55,947 [refreshUsed-/workdir/hadoop-ozone/integration-test/target/test-dir/MiniOzoneClusterImpl-d3abc12a-7b00-4510-8105-56d17a3c3693/datanode-1/data/containers] WARN  fs.CachingGetSpaceUsed (CachingGetSpaceUsed.java:run(183)) - Thread Interrupted waiting to refresh disk information: sleep interrupted
2019-10-01 15:51:55,959 [main] INFO  utils.BackgroundService (BackgroundService.java:shutdown(148)) - Shutting down service BlockDeletingService
2019-10-01 15:51:55,965 [main] INFO  statemachine.DatanodeStateMachine (DatanodeStateMachine.java:stopDaemon(395)) - Ozone container server stopped.
2019-10-01 15:51:55,966 [main] INFO  handler.ContextHandler (ContextHandler.java:doStop(910)) - Stopped o.e.j.w.WebAppContext@1e226bcd{/,null,UNAVAILABLE}{/hddsDatanode}
2019-10-01 15:51:55,966 [main] INFO  server.AbstractConnector (AbstractConnector.java:doStop(318)) - Stopped ServerConnector@2a8dd942{HTTP/1.1,[http/1.1]}{0.0.0.0:0}
2019-10-01 15:51:55,967 [main] INFO  handler.ContextHandler (ContextHandler.java:doStop(910)) - Stopped o.e.j.s.ServletContextHandler@7b18658a{/static,jar:file:/home/user/.m2/repository/org/apache/hadoop/hadoop-hdds-container-service/0.5.0-SNAPSHOT/hadoop-hdds-container-service-0.5.0-SNAPSHOT.jar!/webapps/static,UNAVAILABLE}
2019-10-01 15:51:55,967 [main] INFO  handler.ContextHandler (ContextHandler.java:doStop(910)) - Stopped o.e.j.s.ServletContextHandler@634f58d2{/logs,file:///workdir/hadoop-ozone/integration-test/target/log,UNAVAILABLE}
2019-10-01 15:52:04,925 [Thread-2445] INFO  impl.FollowerState (FollowerState.java:run(106)) - 0d4eb867-2999-4d6c-a0c0-a2f8240d349b:group-42A91FB4AE3B changes to CANDIDATE, lastRpcTime:9104, electionTimeout:5073ms
2019-10-01 15:52:04,925 [Thread-2445] INFO  impl.RoleInfo (RoleInfo.java:shutdownFollowerState(121)) - 0d4eb867-2999-4d6c-a0c0-a2f8240d349b: shutdown FollowerState
2019-10-01 15:52:04,926 [Thread-2445] INFO  impl.RaftServerImpl (RaftServerImpl.java:setRole(174)) - 0d4eb867-2999-4d6c-a0c0-a2f8240d349b@group-42A91FB4AE3B: changes role from  FOLLOWER to CANDIDATE at term 1 for changeToCandidate
2019-10-01 15:52:04,926 [Thread-2445] INFO  impl.RoleInfo (RoleInfo.java:updateAndGet(143)) - 0d4eb867-2999-4d6c-a0c0-a2f8240d349b: start LeaderElection
2019-10-01 15:52:04,926 [0d4eb867-2999-4d6c-a0c0-a2f8240d349b@group-42A91FB4AE3B:LeaderElection98] INFO  impl.RaftServerImpl (ServerState.java:setLeader(253)) - 0d4eb867-2999-4d6c-a0c0-a2f8240d349b@group-42A91FB4AE3B: change Leader from ffe3c3d7-f60a-4f12-ae91-fdd1dea308df to null at term 1 for initElection
2019-10-01 15:52:05,037 [Thread-2460] INFO  impl.FollowerState (FollowerState.java:run(106)) - ead53cd4-d2c5-4e02-8f5e-1c412ad5552b:group-42A91FB4AE3B changes to CANDIDATE, lastRpcTime:9216, electionTimeout:5044ms
2019-10-01 15:52:05,037 [Thread-2460] INFO  impl.RoleInfo (RoleInfo.java:shutdownFollowerState(121)) - ead53cd4-d2c5-4e02-8f5e-1c412ad5552b: shutdown FollowerState
2019-10-01 15:52:05,037 [Thread-2460] INFO  impl.RaftServerImpl (RaftServerImpl.java:setRole(174)) - ead53cd4-d2c5-4e02-8f5e-1c412ad5552b@group-42A91FB4AE3B: changes role from  FOLLOWER to CANDIDATE at term 1 for changeToCandidate
2019-10-01 15:52:05,038 [Thread-2460] INFO  impl.RoleInfo (RoleInfo.java:updateAndGet(143)) - ead53cd4-d2c5-4e02-8f5e-1c412ad5552b: start LeaderElection
2019-10-01 15:52:05,040 [ead53cd4-d2c5-4e02-8f5e-1c412ad5552b@group-42A91FB4AE3B:LeaderElection99] INFO  impl.RaftServerImpl (ServerState.java:setLeader(253)) - ead53cd4-d2c5-4e02-8f5e-1c412ad5552b@group-42A91FB4AE3B: change Leader from ffe3c3d7-f60a-4f12-ae91-fdd1dea308df to null at term 1 for initElection
2019-10-01 15:52:05,052 [0d4eb867-2999-4d6c-a0c0-a2f8240d349b@group-42A91FB4AE3B:LeaderElection98] INFO  impl.LeaderElection (LeaderElection.java:askForVotes(182)) - 0d4eb867-2999-4d6c-a0c0-a2f8240d349b@group-42A91FB4AE3B:LeaderElection98: begin an election at term 2 for 0: [ead53cd4-d2c5-4e02-8f5e-1c412ad5552b:192.168.151.117:43461, ffe3c3d7-f60a-4f12-ae91-fdd1dea308df:192.168.151.117:40867, 0d4eb867-2999-4d6c-a0c0-a2f8240d349b:192.168.151.117:41133], old=null
2019-10-01 15:52:05,055 [0d4eb867-2999-4d6c-a0c0-a2f8240d349b@group-42A91FB4AE3B:LeaderElection98] INFO  impl.LeaderElection (LogUtils.java:infoOrTrace(149)) - 0d4eb867-2999-4d6c-a0c0-a2f8240d349b@group-42A91FB4AE3B:LeaderElection98 got exception when requesting votes: {}
java.util.concurrent.ExecutionException: org.apache.ratis.thirdparty.io.grpc.StatusRuntimeException: UNAVAILABLE: io exception
	at java.util.concurrent.FutureTask.report(FutureTask.java:122)
	at java.util.concurrent.FutureTask.get(FutureTask.java:192)
	at org.apache.ratis.server.impl.LeaderElection.waitForResults(LeaderElection.java:263)
	at org.apache.ratis.server.impl.LeaderElection.askForVotes(LeaderElection.java:201)
	at org.apache.ratis.server.impl.LeaderElection.run(LeaderElection.java:133)
	at java.lang.Thread.run(Thread.java:748)
Caused by: org.apache.ratis.thirdparty.io.grpc.StatusRuntimeException: UNAVAILABLE: io exception
	at org.apache.ratis.thirdparty.io.grpc.stub.ClientCalls.toStatusRuntimeException(ClientCalls.java:233)
	at org.apache.ratis.thirdparty.io.grpc.stub.ClientCalls.getUnchecked(ClientCalls.java:214)
	at org.apache.ratis.thirdparty.io.grpc.stub.ClientCalls.blockingUnaryCall(ClientCalls.java:139)
	at org.apache.ratis.proto.grpc.RaftServerProtocolServiceGrpc$RaftServerProtocolServiceBlockingStub.requestVote(RaftServerProtocolServiceGrpc.java:265)
	at org.apache.ratis.grpc.server.GrpcServerProtocolClient.requestVote(GrpcServerProtocolClient.java:90)
	at org.apache.ratis.grpc.server.GrpcService.requestVote(GrpcService.java:204)
	at org.apache.ratis.server.impl.LeaderElection.lambda$submitRequests$1(LeaderElection.java:238)
	at java.util.concurrent.FutureTask.run(FutureTask.java:266)
	at java.util.concurrent.Executors$RunnableAdapter.call(Executors.java:511)
	at java.util.concurrent.FutureTask.run(FutureTask.java:266)
	at java.util.concurrent.ThreadPoolExecutor.runWorker(ThreadPoolExecutor.java:1149)
	at java.util.concurrent.ThreadPoolExecutor$Worker.run(ThreadPoolExecutor.java:624)
	... 1 more
Caused by: org.apache.ratis.thirdparty.io.netty.channel.AbstractChannel$AnnotatedConnectException: Connection refused: /192.168.151.117:40867
	at sun.nio.ch.SocketChannelImpl.checkConnect(Native Method)
	at sun.nio.ch.SocketChannelImpl.finishConnect(SocketChannelImpl.java:717)
	at org.apache.ratis.thirdparty.io.netty.channel.socket.nio.NioSocketChannel.doFinishConnect(NioSocketChannel.java:327)
	at org.apache.ratis.thirdparty.io.netty.channel.nio.AbstractNioChannel$AbstractNioUnsafe.finishConnect(AbstractNioChannel.java:340)
	at org.apache.ratis.thirdparty.io.netty.channel.nio.NioEventLoop.processSelectedKey(NioEventLoop.java:632)
	at org.apache.ratis.thirdparty.io.netty.channel.nio.NioEventLoop.processSelectedKeysOptimized(NioEventLoop.java:579)
	at org.apache.ratis.thirdparty.io.netty.channel.nio.NioEventLoop.processSelectedKeys(NioEventLoop.java:496)
	at org.apache.ratis.thirdparty.io.netty.channel.nio.NioEventLoop.run(NioEventLoop.java:458)
	at org.apache.ratis.thirdparty.io.netty.util.concurrent.SingleThreadEventExecutor$5.run(SingleThreadEventExecutor.java:897)
	at org.apache.ratis.thirdparty.io.netty.util.concurrent.FastThreadLocalRunnable.run(FastThreadLocalRunnable.java:30)
	... 1 more
Caused by: java.net.ConnectException: Connection refused
	... 11 more
2019-10-01 15:52:05,089 [ead53cd4-d2c5-4e02-8f5e-1c412ad5552b@group-42A91FB4AE3B:LeaderElection99] INFO  impl.LeaderElection (LeaderElection.java:askForVotes(182)) - ead53cd4-d2c5-4e02-8f5e-1c412ad5552b@group-42A91FB4AE3B:LeaderElection99: begin an election at term 2 for 0: [ead53cd4-d2c5-4e02-8f5e-1c412ad5552b:192.168.151.117:43461, ffe3c3d7-f60a-4f12-ae91-fdd1dea308df:192.168.151.117:40867, 0d4eb867-2999-4d6c-a0c0-a2f8240d349b:192.168.151.117:41133], old=null
2019-10-01 15:52:05,093 [0d4eb867-2999-4d6c-a0c0-a2f8240d349b@group-42A91FB4AE3B:LeaderElection98] INFO  impl.LeaderElection (LeaderElection.java:logAndReturn(56)) - 0d4eb867-2999-4d6c-a0c0-a2f8240d349b@group-42A91FB4AE3B:LeaderElection98: Election REJECTED; received 1 response(s) [0d4eb867-2999-4d6c-a0c0-a2f8240d349b<-ead53cd4-d2c5-4e02-8f5e-1c412ad5552b#0:FAIL-t2] and 1 exception(s); 0d4eb867-2999-4d6c-a0c0-a2f8240d349b@group-42A91FB4AE3B:t2, leader=null, voted=0d4eb867-2999-4d6c-a0c0-a2f8240d349b, raftlog=0d4eb867-2999-4d6c-a0c0-a2f8240d349b@group-42A91FB4AE3B-SegmentedRaftLog:OPENED:c2,f2,i2, conf=0: [ead53cd4-d2c5-4e02-8f5e-1c412ad5552b:192.168.151.117:43461, ffe3c3d7-f60a-4f12-ae91-fdd1dea308df:192.168.151.117:40867, 0d4eb867-2999-4d6c-a0c0-a2f8240d349b:192.168.151.117:41133], old=null
2019-10-01 15:52:05,093 [0d4eb867-2999-4d6c-a0c0-a2f8240d349b@group-42A91FB4AE3B:LeaderElection98] INFO  impl.LeaderElection (LogUtils.java:infoOrTrace(149)) -   Exception 0: {}
java.util.concurrent.ExecutionException: org.apache.ratis.thirdparty.io.grpc.StatusRuntimeException: UNAVAILABLE: io exception
	at java.util.concurrent.FutureTask.report(FutureTask.java:122)
	at java.util.concurrent.FutureTask.get(FutureTask.java:192)
	at org.apache.ratis.server.impl.LeaderElection.waitForResults(LeaderElection.java:263)
	at org.apache.ratis.server.impl.LeaderElection.askForVotes(LeaderElection.java:201)
	at org.apache.ratis.server.impl.LeaderElection.run(LeaderElection.java:133)
	at java.lang.Thread.run(Thread.java:748)
Caused by: org.apache.ratis.thirdparty.io.grpc.StatusRuntimeException: UNAVAILABLE: io exception
	at org.apache.ratis.thirdparty.io.grpc.stub.ClientCalls.toStatusRuntimeException(ClientCalls.java:233)
	at org.apache.ratis.thirdparty.io.grpc.stub.ClientCalls.getUnchecked(ClientCalls.java:214)
	at org.apache.ratis.thirdparty.io.grpc.stub.ClientCalls.blockingUnaryCall(ClientCalls.java:139)
	at org.apache.ratis.proto.grpc.RaftServerProtocolServiceGrpc$RaftServerProtocolServiceBlockingStub.requestVote(RaftServerProtocolServiceGrpc.java:265)
	at org.apache.ratis.grpc.server.GrpcServerProtocolClient.requestVote(GrpcServerProtocolClient.java:90)
	at org.apache.ratis.grpc.server.GrpcService.requestVote(GrpcService.java:204)
	at org.apache.ratis.server.impl.LeaderElection.lambda$submitRequests$1(LeaderElection.java:238)
	at java.util.concurrent.FutureTask.run(FutureTask.java:266)
	at java.util.concurrent.Executors$RunnableAdapter.call(Executors.java:511)
	at java.util.concurrent.FutureTask.run(FutureTask.java:266)
	at java.util.concurrent.ThreadPoolExecutor.runWorker(ThreadPoolExecutor.java:1149)
	at java.util.concurrent.ThreadPoolExecutor$Worker.run(ThreadPoolExecutor.java:624)
	... 1 more
Caused by: org.apache.ratis.thirdparty.io.netty.channel.AbstractChannel$AnnotatedConnectException: Connection refused: /192.168.151.117:40867
	at sun.nio.ch.SocketChannelImpl.checkConnect(Native Method)
	at sun.nio.ch.SocketChannelImpl.finishConnect(SocketChannelImpl.java:717)
	at org.apache.ratis.thirdparty.io.netty.channel.socket.nio.NioSocketChannel.doFinishConnect(NioSocketChannel.java:327)
	at org.apache.ratis.thirdparty.io.netty.channel.nio.AbstractNioChannel$AbstractNioUnsafe.finishConnect(AbstractNioChannel.java:340)
	at org.apache.ratis.thirdparty.io.netty.channel.nio.NioEventLoop.processSelectedKey(NioEventLoop.java:632)
	at org.apache.ratis.thirdparty.io.netty.channel.nio.NioEventLoop.processSelectedKeysOptimized(NioEventLoop.java:579)
	at org.apache.ratis.thirdparty.io.netty.channel.nio.NioEventLoop.processSelectedKeys(NioEventLoop.java:496)
	at org.apache.ratis.thirdparty.io.netty.channel.nio.NioEventLoop.run(NioEventLoop.java:458)
	at org.apache.ratis.thirdparty.io.netty.util.concurrent.SingleThreadEventExecutor$5.run(SingleThreadEventExecutor.java:897)
	at org.apache.ratis.thirdparty.io.netty.util.concurrent.FastThreadLocalRunnable.run(FastThreadLocalRunnable.java:30)
	... 1 more
Caused by: java.net.ConnectException: Connection refused
	... 11 more
2019-10-01 15:52:05,093 [0d4eb867-2999-4d6c-a0c0-a2f8240d349b@group-42A91FB4AE3B:LeaderElection98] INFO  impl.RaftServerImpl (RaftServerImpl.java:setRole(174)) - 0d4eb867-2999-4d6c-a0c0-a2f8240d349b@group-42A91FB4AE3B: changes role from CANDIDATE to FOLLOWER at term 2 for DISCOVERED_A_NEW_TERM
2019-10-01 15:52:05,094 [0d4eb867-2999-4d6c-a0c0-a2f8240d349b@group-42A91FB4AE3B:LeaderElection98] INFO  impl.RoleInfo (RoleInfo.java:shutdownLeaderElection(134)) - 0d4eb867-2999-4d6c-a0c0-a2f8240d349b: shutdown LeaderElection
2019-10-01 15:52:05,094 [ead53cd4-d2c5-4e02-8f5e-1c412ad5552b@group-42A91FB4AE3B:LeaderElection99] INFO  impl.LeaderElection (LogUtils.java:infoOrTrace(149)) - ead53cd4-d2c5-4e02-8f5e-1c412ad5552b@group-42A91FB4AE3B:LeaderElection99 got exception when requesting votes: {}
java.util.concurrent.ExecutionException: org.apache.ratis.thirdparty.io.grpc.StatusRuntimeException: UNAVAILABLE: io exception
	at java.util.concurrent.FutureTask.report(FutureTask.java:122)
	at java.util.concurrent.FutureTask.get(FutureTask.java:192)
	at org.apache.ratis.server.impl.LeaderElection.waitForResults(LeaderElection.java:263)
	at org.apache.ratis.server.impl.LeaderElection.askForVotes(LeaderElection.java:201)
	at org.apache.ratis.server.impl.LeaderElection.run(LeaderElection.java:133)
	at java.lang.Thread.run(Thread.java:748)
Caused by: org.apache.ratis.thirdparty.io.grpc.StatusRuntimeException: UNAVAILABLE: io exception
	at org.apache.ratis.thirdparty.io.grpc.stub.ClientCalls.toStatusRuntimeException(ClientCalls.java:233)
	at org.apache.ratis.thirdparty.io.grpc.stub.ClientCalls.getUnchecked(ClientCalls.java:214)
	at org.apache.ratis.thirdparty.io.grpc.stub.ClientCalls.blockingUnaryCall(ClientCalls.java:139)
	at org.apache.ratis.proto.grpc.RaftServerProtocolServiceGrpc$RaftServerProtocolServiceBlockingStub.requestVote(RaftServerProtocolServiceGrpc.java:265)
	at org.apache.ratis.grpc.server.GrpcServerProtocolClient.requestVote(GrpcServerProtocolClient.java:90)
	at org.apache.ratis.grpc.server.GrpcService.requestVote(GrpcService.java:204)
	at org.apache.ratis.server.impl.LeaderElection.lambda$submitRequests$1(LeaderElection.java:238)
	at java.util.concurrent.FutureTask.run(FutureTask.java:266)
	at java.util.concurrent.Executors$RunnableAdapter.call(Executors.java:511)
	at java.util.concurrent.FutureTask.run(FutureTask.java:266)
	at java.util.concurrent.ThreadPoolExecutor.runWorker(ThreadPoolExecutor.java:1149)
	at java.util.concurrent.ThreadPoolExecutor$Worker.run(ThreadPoolExecutor.java:624)
	... 1 more
Caused by: org.apache.ratis.thirdparty.io.netty.channel.AbstractChannel$AnnotatedConnectException: Connection refused: /192.168.151.117:40867
	at sun.nio.ch.SocketChannelImpl.checkConnect(Native Method)
	at sun.nio.ch.SocketChannelImpl.finishConnect(SocketChannelImpl.java:717)
	at org.apache.ratis.thirdparty.io.netty.channel.socket.nio.NioSocketChannel.doFinishConnect(NioSocketChannel.java:327)
	at org.apache.ratis.thirdparty.io.netty.channel.nio.AbstractNioChannel$AbstractNioUnsafe.finishConnect(AbstractNioChannel.java:340)
	at org.apache.ratis.thirdparty.io.netty.channel.nio.NioEventLoop.processSelectedKey(NioEventLoop.java:632)
	at org.apache.ratis.thirdparty.io.netty.channel.nio.NioEventLoop.processSelectedKeysOptimized(NioEventLoop.java:579)
	at org.apache.ratis.thirdparty.io.netty.channel.nio.NioEventLoop.processSelectedKeys(NioEventLoop.java:496)
	at org.apache.ratis.thirdparty.io.netty.channel.nio.NioEventLoop.run(NioEventLoop.java:458)
	at org.apache.ratis.thirdparty.io.netty.util.concurrent.SingleThreadEventExecutor$5.run(SingleThreadEventExecutor.java:897)
	at org.apache.ratis.thirdparty.io.netty.util.concurrent.FastThreadLocalRunnable.run(FastThreadLocalRunnable.java:30)
	... 1 more
Caused by: java.net.ConnectException: Connection refused
	... 11 more
2019-10-01 15:52:05,095 [0d4eb867-2999-4d6c-a0c0-a2f8240d349b@group-42A91FB4AE3B:LeaderElection98] INFO  impl.RoleInfo (RoleInfo.java:updateAndGet(143)) - 0d4eb867-2999-4d6c-a0c0-a2f8240d349b: start FollowerState
2019-10-01 15:52:05,100 [ead53cd4-d2c5-4e02-8f5e-1c412ad5552b@group-42A91FB4AE3B:LeaderElection99] INFO  impl.LeaderElection (LeaderElection.java:logAndReturn(56)) - ead53cd4-d2c5-4e02-8f5e-1c412ad5552b@group-42A91FB4AE3B:LeaderElection99: Election REJECTED; received 1 response(s) [ead53cd4-d2c5-4e02-8f5e-1c412ad5552b<-0d4eb867-2999-4d6c-a0c0-a2f8240d349b#0:FAIL-t2] and 1 exception(s); ead53cd4-d2c5-4e02-8f5e-1c412ad5552b@group-42A91FB4AE3B:t2, leader=null, voted=ead53cd4-d2c5-4e02-8f5e-1c412ad5552b, raftlog=ead53cd4-d2c5-4e02-8f5e-1c412ad5552b@group-42A91FB4AE3B-SegmentedRaftLog:OPENED:c2,f2,i2, conf=0: [ead53cd4-d2c5-4e02-8f5e-1c412ad5552b:192.168.151.117:43461, ffe3c3d7-f60a-4f12-ae91-fdd1dea308df:192.168.151.117:40867, 0d4eb867-2999-4d6c-a0c0-a2f8240d349b:192.168.151.117:41133], old=null
2019-10-01 15:52:05,101 [ead53cd4-d2c5-4e02-8f5e-1c412ad5552b@group-42A91FB4AE3B:LeaderElection99] INFO  impl.LeaderElection (LogUtils.java:infoOrTrace(149)) -   Exception 0: {}
java.util.concurrent.ExecutionException: org.apache.ratis.thirdparty.io.grpc.StatusRuntimeException: UNAVAILABLE: io exception
	at java.util.concurrent.FutureTask.report(FutureTask.java:122)
	at java.util.concurrent.FutureTask.get(FutureTask.java:192)
	at org.apache.ratis.server.impl.LeaderElection.waitForResults(LeaderElection.java:263)
	at org.apache.ratis.server.impl.LeaderElection.askForVotes(LeaderElection.java:201)
	at org.apache.ratis.server.impl.LeaderElection.run(LeaderElection.java:133)
	at java.lang.Thread.run(Thread.java:748)
Caused by: org.apache.ratis.thirdparty.io.grpc.StatusRuntimeException: UNAVAILABLE: io exception
	at org.apache.ratis.thirdparty.io.grpc.stub.ClientCalls.toStatusRuntimeException(ClientCalls.java:233)
	at org.apache.ratis.thirdparty.io.grpc.stub.ClientCalls.getUnchecked(ClientCalls.java:214)
	at org.apache.ratis.thirdparty.io.grpc.stub.ClientCalls.blockingUnaryCall(ClientCalls.java:139)
	at org.apache.ratis.proto.grpc.RaftServerProtocolServiceGrpc$RaftServerProtocolServiceBlockingStub.requestVote(RaftServerProtocolServiceGrpc.java:265)
	at org.apache.ratis.grpc.server.GrpcServerProtocolClient.requestVote(GrpcServerProtocolClient.java:90)
	at org.apache.ratis.grpc.server.GrpcService.requestVote(GrpcService.java:204)
	at org.apache.ratis.server.impl.LeaderElection.lambda$submitRequests$1(LeaderElection.java:238)
	at java.util.concurrent.FutureTask.run(FutureTask.java:266)
	at java.util.concurrent.Executors$RunnableAdapter.call(Executors.java:511)
	at java.util.concurrent.FutureTask.run(FutureTask.java:266)
	at java.util.concurrent.ThreadPoolExecutor.runWorker(ThreadPoolExecutor.java:1149)
	at java.util.concurrent.ThreadPoolExecutor$Worker.run(ThreadPoolExecutor.java:624)
	... 1 more
Caused by: org.apache.ratis.thirdparty.io.netty.channel.AbstractChannel$AnnotatedConnectException: Connection refused: /192.168.151.117:40867
	at sun.nio.ch.SocketChannelImpl.checkConnect(Native Method)
	at sun.nio.ch.SocketChannelImpl.finishConnect(SocketChannelImpl.java:717)
	at org.apache.ratis.thirdparty.io.netty.channel.socket.nio.NioSocketChannel.doFinishConnect(NioSocketChannel.java:327)
	at org.apache.ratis.thirdparty.io.netty.channel.nio.AbstractNioChannel$AbstractNioUnsafe.finishConnect(AbstractNioChannel.java:340)
	at org.apache.ratis.thirdparty.io.netty.channel.nio.NioEventLoop.processSelectedKey(NioEventLoop.java:632)
	at org.apache.ratis.thirdparty.io.netty.channel.nio.NioEventLoop.processSelectedKeysOptimized(NioEventLoop.java:579)
	at org.apache.ratis.thirdparty.io.netty.channel.nio.NioEventLoop.processSelectedKeys(NioEventLoop.java:496)
	at org.apache.ratis.thirdparty.io.netty.channel.nio.NioEventLoop.run(NioEventLoop.java:458)
	at org.apache.ratis.thirdparty.io.netty.util.concurrent.SingleThreadEventExecutor$5.run(SingleThreadEventExecutor.java:897)
	at org.apache.ratis.thirdparty.io.netty.util.concurrent.FastThreadLocalRunnable.run(FastThreadLocalRunnable.java:30)
	... 1 more
Caused by: java.net.ConnectException: Connection refused
	... 11 more
2019-10-01 15:52:05,101 [ead53cd4-d2c5-4e02-8f5e-1c412ad5552b@group-42A91FB4AE3B:LeaderElection99] INFO  impl.RaftServerImpl (RaftServerImpl.java:setRole(174)) - ead53cd4-d2c5-4e02-8f5e-1c412ad5552b@group-42A91FB4AE3B: changes role from CANDIDATE to FOLLOWER at term 2 for DISCOVERED_A_NEW_TERM
2019-10-01 15:52:05,102 [ead53cd4-d2c5-4e02-8f5e-1c412ad5552b@group-42A91FB4AE3B:LeaderElection99] INFO  impl.RoleInfo (RoleInfo.java:shutdownLeaderElection(134)) - ead53cd4-d2c5-4e02-8f5e-1c412ad5552b: shutdown LeaderElection
2019-10-01 15:52:05,103 [ead53cd4-d2c5-4e02-8f5e-1c412ad5552b@group-42A91FB4AE3B:LeaderElection99] INFO  impl.RoleInfo (RoleInfo.java:updateAndGet(143)) - ead53cd4-d2c5-4e02-8f5e-1c412ad5552b: start FollowerState
]]></system-out>
    <system-err><![CDATA[Oct 01, 2019 3:51:44 PM org.apache.ratis.thirdparty.io.grpc.internal.ManagedChannelOrphanWrapper$ManagedChannelReference cleanQueue
SEVERE: *~*~*~ Channel ManagedChannelImpl{logId=776, target=192.168.151.117:41037} was not shutdown properly!!! ~*~*~*
    Make sure to call shutdown()/shutdownNow() and wait until awaitTermination() returns true.
java.lang.RuntimeException: ManagedChannel allocation site
	at org.apache.ratis.thirdparty.io.grpc.internal.ManagedChannelOrphanWrapper$ManagedChannelReference.<init>(ManagedChannelOrphanWrapper.java:103)
	at org.apache.ratis.thirdparty.io.grpc.internal.ManagedChannelOrphanWrapper.<init>(ManagedChannelOrphanWrapper.java:53)
	at org.apache.ratis.thirdparty.io.grpc.internal.ManagedChannelOrphanWrapper.<init>(ManagedChannelOrphanWrapper.java:44)
	at org.apache.ratis.thirdparty.io.grpc.internal.AbstractManagedChannelImplBuilder.build(AbstractManagedChannelImplBuilder.java:411)
	at org.apache.ratis.grpc.client.GrpcClientProtocolClient.<init>(GrpcClientProtocolClient.java:127)
	at org.apache.ratis.grpc.client.GrpcClientRpc.lambda$new$0(GrpcClientRpc.java:55)
	at org.apache.ratis.util.PeerProxyMap$PeerAndProxy.lambda$getProxy$0(PeerProxyMap.java:61)
	at org.apache.ratis.util.LifeCycle.startAndTransition(LifeCycle.java:202)
	at org.apache.ratis.util.PeerProxyMap$PeerAndProxy.getProxy(PeerProxyMap.java:60)
	at org.apache.ratis.util.PeerProxyMap.getProxy(PeerProxyMap.java:108)
	at org.apache.ratis.grpc.client.GrpcClientRpc.sendRequestAsyncUnordered(GrpcClientRpc.java:78)
	at org.apache.ratis.client.impl.UnorderedAsync.sendRequestWithRetry(UnorderedAsync.java:75)
	at org.apache.ratis.client.impl.UnorderedAsync.lambda$null$2(UnorderedAsync.java:120)
	at org.apache.ratis.util.TimeoutScheduler.lambda$onTimeout$0(TimeoutScheduler.java:113)
	at org.apache.ratis.util.TimeoutScheduler.lambda$onTimeout$1(TimeoutScheduler.java:133)
	at org.apache.ratis.util.LogUtils.runAndLog(LogUtils.java:50)
	at org.apache.ratis.util.LogUtils$1.run(LogUtils.java:91)
	at java.util.concurrent.Executors$RunnableAdapter.call(Executors.java:511)
	at java.util.concurrent.FutureTask.run(FutureTask.java:266)
	at java.util.concurrent.ScheduledThreadPoolExecutor$ScheduledFutureTask.access$201(ScheduledThreadPoolExecutor.java:180)
	at java.util.concurrent.ScheduledThreadPoolExecutor$ScheduledFutureTask.run(ScheduledThreadPoolExecutor.java:293)
	at java.util.concurrent.ThreadPoolExecutor.runWorker(ThreadPoolExecutor.java:1149)
	at java.util.concurrent.ThreadPoolExecutor$Worker.run(ThreadPoolExecutor.java:624)
	at java.lang.Thread.run(Thread.java:748)

Oct 01, 2019 3:51:44 PM org.apache.ratis.thirdparty.io.grpc.internal.ManagedChannelOrphanWrapper$ManagedChannelReference cleanQueue
SEVERE: *~*~*~ Channel ManagedChannelImpl{logId=1161, target=192.168.151.117:43590} was not shutdown properly!!! ~*~*~*
    Make sure to call shutdown()/shutdownNow() and wait until awaitTermination() returns true.
java.lang.RuntimeException: ManagedChannel allocation site
	at org.apache.ratis.thirdparty.io.grpc.internal.ManagedChannelOrphanWrapper$ManagedChannelReference.<init>(ManagedChannelOrphanWrapper.java:103)
	at org.apache.ratis.thirdparty.io.grpc.internal.ManagedChannelOrphanWrapper.<init>(ManagedChannelOrphanWrapper.java:53)
	at org.apache.ratis.thirdparty.io.grpc.internal.ManagedChannelOrphanWrapper.<init>(ManagedChannelOrphanWrapper.java:44)
	at org.apache.ratis.thirdparty.io.grpc.internal.AbstractManagedChannelImplBuilder.build(AbstractManagedChannelImplBuilder.java:411)
	at org.apache.ratis.grpc.client.GrpcClientProtocolClient.<init>(GrpcClientProtocolClient.java:127)
	at org.apache.ratis.grpc.client.GrpcClientRpc.lambda$new$0(GrpcClientRpc.java:55)
	at org.apache.ratis.util.PeerProxyMap$PeerAndProxy.lambda$getProxy$0(PeerProxyMap.java:61)
	at org.apache.ratis.util.LifeCycle.startAndTransition(LifeCycle.java:202)
	at org.apache.ratis.util.PeerProxyMap$PeerAndProxy.getProxy(PeerProxyMap.java:60)
	at org.apache.ratis.util.PeerProxyMap.getProxy(PeerProxyMap.java:108)
	at org.apache.ratis.grpc.client.GrpcClientRpc.sendRequestAsyncUnordered(GrpcClientRpc.java:78)
	at org.apache.ratis.client.impl.UnorderedAsync.sendRequestWithRetry(UnorderedAsync.java:75)
	at org.apache.ratis.client.impl.UnorderedAsync.lambda$null$2(UnorderedAsync.java:120)
	at org.apache.ratis.util.TimeoutScheduler.lambda$onTimeout$0(TimeoutScheduler.java:113)
	at org.apache.ratis.util.TimeoutScheduler.lambda$onTimeout$1(TimeoutScheduler.java:133)
	at org.apache.ratis.util.LogUtils.runAndLog(LogUtils.java:50)
	at org.apache.ratis.util.LogUtils$1.run(LogUtils.java:91)
	at java.util.concurrent.Executors$RunnableAdapter.call(Executors.java:511)
	at java.util.concurrent.FutureTask.run(FutureTask.java:266)
	at java.util.concurrent.ScheduledThreadPoolExecutor$ScheduledFutureTask.access$201(ScheduledThreadPoolExecutor.java:180)
	at java.util.concurrent.ScheduledThreadPoolExecutor$ScheduledFutureTask.run(ScheduledThreadPoolExecutor.java:293)
	at java.util.concurrent.ThreadPoolExecutor.runWorker(ThreadPoolExecutor.java:1149)
	at java.util.concurrent.ThreadPoolExecutor$Worker.run(ThreadPoolExecutor.java:624)
	at java.lang.Thread.run(Thread.java:748)

Oct 01, 2019 3:51:44 PM org.apache.ratis.thirdparty.io.grpc.internal.ManagedChannelOrphanWrapper$ManagedChannelReference cleanQueue
SEVERE: *~*~*~ Channel ManagedChannelImpl{logId=1342, target=192.168.151.117:35440} was not shutdown properly!!! ~*~*~*
    Make sure to call shutdown()/shutdownNow() and wait until awaitTermination() returns true.
java.lang.RuntimeException: ManagedChannel allocation site
	at org.apache.ratis.thirdparty.io.grpc.internal.ManagedChannelOrphanWrapper$ManagedChannelReference.<init>(ManagedChannelOrphanWrapper.java:103)
	at org.apache.ratis.thirdparty.io.grpc.internal.ManagedChannelOrphanWrapper.<init>(ManagedChannelOrphanWrapper.java:53)
	at org.apache.ratis.thirdparty.io.grpc.internal.ManagedChannelOrphanWrapper.<init>(ManagedChannelOrphanWrapper.java:44)
	at org.apache.ratis.thirdparty.io.grpc.internal.AbstractManagedChannelImplBuilder.build(AbstractManagedChannelImplBuilder.java:411)
	at org.apache.ratis.grpc.client.GrpcClientProtocolClient.<init>(GrpcClientProtocolClient.java:127)
	at org.apache.ratis.grpc.client.GrpcClientRpc.lambda$new$0(GrpcClientRpc.java:55)
	at org.apache.ratis.util.PeerProxyMap$PeerAndProxy.lambda$getProxy$0(PeerProxyMap.java:61)
	at org.apache.ratis.util.LifeCycle.startAndTransition(LifeCycle.java:202)
	at org.apache.ratis.util.PeerProxyMap$PeerAndProxy.getProxy(PeerProxyMap.java:60)
	at org.apache.ratis.util.PeerProxyMap.getProxy(PeerProxyMap.java:108)
	at org.apache.ratis.grpc.client.GrpcClientRpc.sendRequestAsync(GrpcClientRpc.java:66)
	at org.apache.ratis.client.impl.OrderedAsync.sendRequest(OrderedAsync.java:208)
	at org.apache.ratis.client.impl.OrderedAsync.sendRequestWithRetry(OrderedAsync.java:169)
	at org.apache.ratis.util.SlidingWindow$Client.sendOrDelayRequest(SlidingWindow.java:278)
	at org.apache.ratis.util.SlidingWindow$Client.retry(SlidingWindow.java:294)
	at org.apache.ratis.client.impl.OrderedAsync.lambda$scheduleWithTimeout$7(OrderedAsync.java:195)
	at org.apache.ratis.util.TimeoutScheduler.lambda$onTimeout$0(TimeoutScheduler.java:113)
	at org.apache.ratis.util.TimeoutScheduler.lambda$onTimeout$1(TimeoutScheduler.java:133)
	at org.apache.ratis.util.LogUtils.runAndLog(LogUtils.java:50)
	at org.apache.ratis.util.LogUtils$1.run(LogUtils.java:91)
	at java.util.concurrent.Executors$RunnableAdapter.call(Executors.java:511)
	at java.util.concurrent.FutureTask.run(FutureTask.java:266)
	at java.util.concurrent.ScheduledThreadPoolExecutor$ScheduledFutureTask.access$201(ScheduledThreadPoolExecutor.java:180)
	at java.util.concurrent.ScheduledThreadPoolExecutor$ScheduledFutureTask.run(ScheduledThreadPoolExecutor.java:293)
	at java.util.concurrent.ThreadPoolExecutor.runWorker(ThreadPoolExecutor.java:1149)
	at java.util.concurrent.ThreadPoolExecutor$Worker.run(ThreadPoolExecutor.java:624)
	at java.lang.Thread.run(Thread.java:748)

]]></system-err>
  </testcase>
</testsuite>