<?xml version="1.0" encoding="UTF-8"?>
<testsuite xmlns:xsi="http://www.w3.org/2001/XMLSchema-instance" xsi:noNamespaceSchemaLocation="https://maven.apache.org/surefire/maven-surefire-plugin/xsd/surefire-test-report.xsd" name="org.apache.hadoop.ozone.freon.TestFreonWithPipelineDestroy" time="69.026" tests="1" errors="1" skipped="0" failures="0">
  <properties>
    <property name="awt.toolkit" value="sun.awt.X11.XToolkit"/>
    <property name="file.encoding.pkg" value="sun.io"/>
    <property name="java.specification.version" value="1.8"/>
    <property name="sun.cpu.isalist" value=""/>
    <property name="sun.jnu.encoding" value="UTF-8"/>
    <property name="java.class.path" value="/workdir/hadoop-ozone/tools/target/test-classes:/workdir/hadoop-ozone/tools/target/classes:/home/user/.m2/repository/org/apache/hadoop/hadoop-ozone-ozone-manager/0.5.0-SNAPSHOT/hadoop-ozone-ozone-manager-0.5.0-SNAPSHOT.jar:/home/user/.m2/repository/org/apache/hadoop/hadoop-hdds-docs/0.5.0-SNAPSHOT/hadoop-hdds-docs-0.5.0-SNAPSHOT.jar:/home/user/.m2/repository/org/bouncycastle/bcprov-jdk15on/1.60/bcprov-jdk15on-1.60.jar:/home/user/.m2/repository/org/apache/hadoop/hadoop-ozone-common/0.5.0-SNAPSHOT/hadoop-ozone-common-0.5.0-SNAPSHOT.jar:/home/user/.m2/repository/org/apache/commons/commons-compress/1.4.1/commons-compress-1.4.1.jar:/home/user/.m2/repository/org/tukaani/xz/1.0/xz-1.0.jar:/home/user/.m2/repository/org/apache/hadoop/hadoop-hdfs-client/3.2.0/hadoop-hdfs-client-3.2.0.jar:/home/user/.m2/repository/com/fasterxml/jackson/core/jackson-annotations/2.9.9/jackson-annotations-2.9.9.jar:/home/user/.m2/repository/org/apache/hadoop/hadoop-hdds-common/0.5.0-SNAPSHOT/hadoop-hdds-common-0.5.0-SNAPSHOT.jar:/home/user/.m2/repository/org/apache/hadoop/hadoop-hdds-config/0.5.0-SNAPSHOT/hadoop-hdds-config-0.5.0-SNAPSHOT.jar:/home/user/.m2/repository/javax/annotation/javax.annotation-api/1.2/javax.annotation-api-1.2.jar:/home/user/.m2/repository/org/apache/ratis/ratis-server/0.4.0/ratis-server-0.4.0.jar:/home/user/.m2/repository/org/apache/ratis/ratis-thirdparty-misc/0.2.0/ratis-thirdparty-misc-0.2.0.jar:/home/user/.m2/repository/org/apache/ratis/ratis-proto/0.4.0/ratis-proto-0.4.0.jar:/home/user/.m2/repository/org/apache/ratis/ratis-common/0.4.0/ratis-common-0.4.0.jar:/home/user/.m2/repository/org/apache/ratis/ratis-client/0.4.0/ratis-client-0.4.0.jar:/home/user/.m2/repository/org/apache/ratis/ratis-metrics/0.4.0/ratis-metrics-0.4.0.jar:/home/user/.m2/repository/com/github/joshelser/dropwizard-metrics-hadoop-metrics2-reporter/0.1.2/dropwizard-metrics-hadoop-metrics2-reporter-0.1.2.jar:/home/user/.m2/repository/io/dropwizard/metrics/metrics-jvm/3.2.5/metrics-jvm-3.2.5.jar:/home/user/.m2/repository/io/dropwizard/metrics/metrics-ganglia/3.2.5/metrics-ganglia-3.2.5.jar:/home/user/.m2/repository/info/ganglia/gmetric4j/gmetric4j/1.0.7/gmetric4j-1.0.7.jar:/home/user/.m2/repository/org/apache/ratis/ratis-netty/0.4.0/ratis-netty-0.4.0.jar:/home/user/.m2/repository/org/apache/ratis/ratis-grpc/0.4.0/ratis-grpc-0.4.0.jar:/home/user/.m2/repository/org/rocksdb/rocksdbjni/6.0.1/rocksdbjni-6.0.1.jar:/home/user/.m2/repository/org/apache/logging/log4j/log4j-api/2.11.0/log4j-api-2.11.0.jar:/home/user/.m2/repository/org/apache/logging/log4j/log4j-core/2.11.0/log4j-core-2.11.0.jar:/home/user/.m2/repository/com/lmax/disruptor/3.4.2/disruptor-3.4.2.jar:/home/user/.m2/repository/org/apache/commons/commons-pool2/2.6.0/commons-pool2-2.6.0.jar:/home/user/.m2/repository/org/bouncycastle/bcpkix-jdk15on/1.60/bcpkix-jdk15on-1.60.jar:/home/user/.m2/repository/commons-validator/commons-validator/1.6/commons-validator-1.6.jar:/home/user/.m2/repository/commons-digester/commons-digester/1.8.1/commons-digester-1.8.1.jar:/home/user/.m2/repository/io/jaegertracing/jaeger-client/0.34.0/jaeger-client-0.34.0.jar:/home/user/.m2/repository/io/jaegertracing/jaeger-thrift/0.34.0/jaeger-thrift-0.34.0.jar:/home/user/.m2/repository/org/apache/thrift/libthrift/0.12.0/libthrift-0.12.0.jar:/home/user/.m2/repository/com/squareup/okhttp3/okhttp/3.9.0/okhttp-3.9.0.jar:/home/user/.m2/repository/com/squareup/okio/okio/1.13.0/okio-1.13.0.jar:/home/user/.m2/repository/io/jaegertracing/jaeger-core/0.34.0/jaeger-core-0.34.0.jar:/home/user/.m2/repository/io/jaegertracing/jaeger-tracerresolver/0.34.0/jaeger-tracerresolver-0.34.0.jar:/home/user/.m2/repository/io/opentracing/contrib/opentracing-tracerresolver/0.1.5/opentracing-tracerresolver-0.1.5.jar:/home/user/.m2/repository/io/opentracing/opentracing-util/0.31.0/opentracing-util-0.31.0.jar:/home/user/.m2/repository/io/opentracing/opentracing-api/0.31.0/opentracing-api-0.31.0.jar:/home/user/.m2/repository/io/opentracing/opentracing-noop/0.31.0/opentracing-noop-0.31.0.jar:/home/user/.m2/repository/org/yaml/snakeyaml/1.16/snakeyaml-1.16.jar:/home/user/.m2/repository/org/apache/hadoop/hadoop-hdds-container-service/0.5.0-SNAPSHOT/hadoop-hdds-container-service-0.5.0-SNAPSHOT.jar:/home/user/.m2/repository/org/apache/hadoop/hadoop-hdds-client/0.5.0-SNAPSHOT/hadoop-hdds-client-0.5.0-SNAPSHOT.jar:/home/user/.m2/repository/org/apache/hadoop/hadoop-hdds-tools/0.5.0-SNAPSHOT/hadoop-hdds-tools-0.5.0-SNAPSHOT.jar:/home/user/.m2/repository/org/xerial/sqlite-jdbc/3.25.2/sqlite-jdbc-3.25.2.jar:/home/user/.m2/repository/org/apache/hadoop/hadoop-hdds-server-scm/0.5.0-SNAPSHOT/hadoop-hdds-server-scm-0.5.0-SNAPSHOT.jar:/home/user/.m2/repository/org/hamcrest/hamcrest-all/1.3/hamcrest-all-1.3.jar:/home/user/.m2/repository/info/picocli/picocli/3.9.6/picocli-3.9.6.jar:/home/user/.m2/repository/com/google/protobuf/protobuf-java/2.5.0/protobuf-java-2.5.0.jar:/home/user/.m2/repository/com/google/guava/guava/11.0.2/guava-11.0.2.jar:/home/user/.m2/repository/org/apache/hadoop/hadoop-ozone-client/0.5.0-SNAPSHOT/hadoop-ozone-client-0.5.0-SNAPSHOT.jar:/workdir/hadoop-ozone/ozonefs/target/classes:/home/user/.m2/repository/org/apache/hadoop/hadoop-hdds-server-framework/0.5.0-SNAPSHOT/hadoop-hdds-server-framework-0.5.0-SNAPSHOT.jar:/home/user/.m2/repository/org/apache/hadoop/hadoop-common/3.2.0/hadoop-common-3.2.0.jar:/home/user/.m2/repository/org/apache/hadoop/hadoop-annotations/3.2.0/hadoop-annotations-3.2.0.jar:/usr/lib/jvm/java-1.8-openjdk/jre/../lib/tools.jar:/home/user/.m2/repository/commons-cli/commons-cli/1.2/commons-cli-1.2.jar:/home/user/.m2/repository/org/apache/commons/commons-math3/3.1.1/commons-math3-3.1.1.jar:/home/user/.m2/repository/org/apache/httpcomponents/httpclient/4.5.2/httpclient-4.5.2.jar:/home/user/.m2/repository/org/apache/httpcomponents/httpcore/4.4.4/httpcore-4.4.4.jar:/home/user/.m2/repository/commons-codec/commons-codec/1.11/commons-codec-1.11.jar:/home/user/.m2/repository/commons-io/commons-io/2.5/commons-io-2.5.jar:/home/user/.m2/repository/commons-net/commons-net/3.6/commons-net-3.6.jar:/home/user/.m2/repository/commons-collections/commons-collections/3.2.2/commons-collections-3.2.2.jar:/home/user/.m2/repository/javax/servlet/javax.servlet-api/3.1.0/javax.servlet-api-3.1.0.jar:/home/user/.m2/repository/org/eclipse/jetty/jetty-server/9.3.25.v20180904/jetty-server-9.3.25.v20180904.jar:/home/user/.m2/repository/org/eclipse/jetty/jetty-http/9.3.25.v20180904/jetty-http-9.3.25.v20180904.jar:/home/user/.m2/repository/org/eclipse/jetty/jetty-io/9.3.25.v20180904/jetty-io-9.3.25.v20180904.jar:/home/user/.m2/repository/org/eclipse/jetty/jetty-util/9.3.25.v20180904/jetty-util-9.3.25.v20180904.jar:/home/user/.m2/repository/org/eclipse/jetty/jetty-servlet/9.3.25.v20180904/jetty-servlet-9.3.25.v20180904.jar:/home/user/.m2/repository/org/eclipse/jetty/jetty-security/9.3.25.v20180904/jetty-security-9.3.25.v20180904.jar:/home/user/.m2/repository/org/eclipse/jetty/jetty-webapp/9.3.25.v20180904/jetty-webapp-9.3.25.v20180904.jar:/home/user/.m2/repository/org/eclipse/jetty/jetty-xml/9.3.25.v20180904/jetty-xml-9.3.25.v20180904.jar:/home/user/.m2/repository/javax/servlet/jsp/jsp-api/2.1/jsp-api-2.1.jar:/home/user/.m2/repository/com/sun/jersey/jersey-core/1.19/jersey-core-1.19.jar:/home/user/.m2/repository/javax/ws/rs/jsr311-api/1.1.1/jsr311-api-1.1.1.jar:/home/user/.m2/repository/com/sun/jersey/jersey-servlet/1.19/jersey-servlet-1.19.jar:/home/user/.m2/repository/com/sun/jersey/jersey-json/1.19/jersey-json-1.19.jar:/home/user/.m2/repository/org/codehaus/jettison/jettison/1.1/jettison-1.1.jar:/home/user/.m2/repository/com/sun/xml/bind/jaxb-impl/2.3.0.1/jaxb-impl-2.3.0.1.jar:/home/user/.m2/repository/org/codehaus/jackson/jackson-core-asl/1.9.13/jackson-core-asl-1.9.13.jar:/home/user/.m2/repository/org/codehaus/jackson/jackson-mapper-asl/1.9.13/jackson-mapper-asl-1.9.13.jar:/home/user/.m2/repository/org/codehaus/jackson/jackson-jaxrs/1.9.13/jackson-jaxrs-1.9.13.jar:/home/user/.m2/repository/org/codehaus/jackson/jackson-xc/1.9.13/jackson-xc-1.9.13.jar:/home/user/.m2/repository/com/sun/jersey/jersey-server/1.19/jersey-server-1.19.jar:/home/user/.m2/repository/commons-logging/commons-logging/1.1.3/commons-logging-1.1.3.jar:/home/user/.m2/repository/log4j/log4j/1.2.17/log4j-1.2.17.jar:/home/user/.m2/repository/commons-beanutils/commons-beanutils/1.9.4/commons-beanutils-1.9.4.jar:/home/user/.m2/repository/org/apache/commons/commons-configuration2/2.1.1/commons-configuration2-2.1.1.jar:/home/user/.m2/repository/org/apache/commons/commons-lang3/3.7/commons-lang3-3.7.jar:/home/user/.m2/repository/org/apache/commons/commons-text/1.4/commons-text-1.4.jar:/home/user/.m2/repository/org/slf4j/slf4j-api/1.7.25/slf4j-api-1.7.25.jar:/home/user/.m2/repository/org/slf4j/slf4j-log4j12/1.7.25/slf4j-log4j12-1.7.25.jar:/home/user/.m2/repository/org/apache/avro/avro/1.7.7/avro-1.7.7.jar:/home/user/.m2/repository/com/thoughtworks/paranamer/paranamer/2.3/paranamer-2.3.jar:/home/user/.m2/repository/org/xerial/snappy/snappy-java/1.0.5/snappy-java-1.0.5.jar:/home/user/.m2/repository/com/google/re2j/re2j/1.1/re2j-1.1.jar:/home/user/.m2/repository/com/google/code/gson/gson/2.2.4/gson-2.2.4.jar:/home/user/.m2/repository/org/apache/hadoop/hadoop-auth/3.2.0/hadoop-auth-3.2.0.jar:/home/user/.m2/repository/com/nimbusds/nimbus-jose-jwt/4.41.1/nimbus-jose-jwt-4.41.1.jar:/home/user/.m2/repository/com/github/stephenc/jcip/jcip-annotations/1.0-1/jcip-annotations-1.0-1.jar:/home/user/.m2/repository/net/minidev/json-smart/2.3/json-smart-2.3.jar:/home/user/.m2/repository/net/minidev/accessors-smart/1.2/accessors-smart-1.2.jar:/home/user/.m2/repository/org/apache/curator/curator-framework/2.12.0/curator-framework-2.12.0.jar:/home/user/.m2/repository/com/jcraft/jsch/0.1.54/jsch-0.1.54.jar:/home/user/.m2/repository/org/apache/curator/curator-client/2.12.0/curator-client-2.12.0.jar:/home/user/.m2/repository/org/apache/curator/curator-recipes/2.12.0/curator-recipes-2.12.0.jar:/home/user/.m2/repository/com/google/code/findbugs/jsr305/3.0.0/jsr305-3.0.0.jar:/home/user/.m2/repository/org/apache/htrace/htrace-core4/4.1.0-incubating/htrace-core4-4.1.0-incubating.jar:/home/user/.m2/repository/org/apache/zookeeper/zookeeper/3.4.13/zookeeper-3.4.13.jar:/home/user/.m2/repository/jline/jline/0.9.94/jline-0.9.94.jar:/home/user/.m2/repository/org/apache/yetus/audience-annotations/0.5.0/audience-annotations-0.5.0.jar:/home/user/.m2/repository/org/apache/kerby/kerb-simplekdc/1.0.1/kerb-simplekdc-1.0.1.jar:/home/user/.m2/repository/org/apache/kerby/kerb-client/1.0.1/kerb-client-1.0.1.jar:/home/user/.m2/repository/org/apache/kerby/kerby-config/1.0.1/kerby-config-1.0.1.jar:/home/user/.m2/repository/org/apache/kerby/kerb-core/1.0.1/kerb-core-1.0.1.jar:/home/user/.m2/repository/org/apache/kerby/kerby-pkix/1.0.1/kerby-pkix-1.0.1.jar:/home/user/.m2/repository/org/apache/kerby/kerby-asn1/1.0.1/kerby-asn1-1.0.1.jar:/home/user/.m2/repository/org/apache/kerby/kerby-util/1.0.1/kerby-util-1.0.1.jar:/home/user/.m2/repository/org/apache/kerby/kerb-common/1.0.1/kerb-common-1.0.1.jar:/home/user/.m2/repository/org/apache/kerby/kerb-crypto/1.0.1/kerb-crypto-1.0.1.jar:/home/user/.m2/repository/org/apache/kerby/kerb-util/1.0.1/kerb-util-1.0.1.jar:/home/user/.m2/repository/org/apache/kerby/token-provider/1.0.1/token-provider-1.0.1.jar:/home/user/.m2/repository/org/apache/kerby/kerb-admin/1.0.1/kerb-admin-1.0.1.jar:/home/user/.m2/repository/org/apache/kerby/kerb-server/1.0.1/kerb-server-1.0.1.jar:/home/user/.m2/repository/org/apache/kerby/kerb-identity/1.0.1/kerb-identity-1.0.1.jar:/home/user/.m2/repository/org/apache/kerby/kerby-xdr/1.0.1/kerby-xdr-1.0.1.jar:/home/user/.m2/repository/com/fasterxml/jackson/core/jackson-databind/2.9.9/jackson-databind-2.9.9.jar:/home/user/.m2/repository/com/fasterxml/jackson/core/jackson-core/2.9.9/jackson-core-2.9.9.jar:/home/user/.m2/repository/org/codehaus/woodstox/stax2-api/3.1.4/stax2-api-3.1.4.jar:/home/user/.m2/repository/com/fasterxml/woodstox/woodstox-core/5.0.3/woodstox-core-5.0.3.jar:/home/user/.m2/repository/dnsjava/dnsjava/2.1.7/dnsjava-2.1.7.jar:/home/user/.m2/repository/org/apache/hadoop/hadoop-hdfs/3.2.0/hadoop-hdfs-3.2.0.jar:/home/user/.m2/repository/org/eclipse/jetty/jetty-util-ajax/9.3.25.v20180904/jetty-util-ajax-9.3.25.v20180904.jar:/home/user/.m2/repository/commons-daemon/commons-daemon/1.0.13/commons-daemon-1.0.13.jar:/home/user/.m2/repository/io/netty/netty/3.10.5.Final/netty-3.10.5.Final.jar:/home/user/.m2/repository/io/netty/netty-all/4.0.52.Final/netty-all-4.0.52.Final.jar:/home/user/.m2/repository/org/fusesource/leveldbjni/leveldbjni-all/1.8/leveldbjni-all-1.8.jar:/home/user/.m2/repository/com/sun/xml/bind/jaxb-core/2.3.0.1/jaxb-core-2.3.0.1.jar:/home/user/.m2/repository/javax/xml/bind/jaxb-api/2.3.0/jaxb-api-2.3.0.jar:/home/user/.m2/repository/javax/activation/activation/1.1.1/activation-1.1.1.jar:/home/user/.m2/repository/io/dropwizard/metrics/metrics-core/3.2.4/metrics-core-3.2.4.jar:/home/user/.m2/repository/org/openjdk/jmh/jmh-core/1.19/jmh-core-1.19.jar:/home/user/.m2/repository/net/sf/jopt-simple/jopt-simple/4.6/jopt-simple-4.6.jar:/home/user/.m2/repository/org/openjdk/jmh/jmh-generator-annprocess/1.19/jmh-generator-annprocess-1.19.jar:/home/user/.m2/repository/com/amazonaws/aws-java-sdk-s3/1.11.615/aws-java-sdk-s3-1.11.615.jar:/home/user/.m2/repository/com/amazonaws/aws-java-sdk-kms/1.11.615/aws-java-sdk-kms-1.11.615.jar:/home/user/.m2/repository/com/amazonaws/aws-java-sdk-core/1.11.615/aws-java-sdk-core-1.11.615.jar:/home/user/.m2/repository/software/amazon/ion/ion-java/1.0.2/ion-java-1.0.2.jar:/home/user/.m2/repository/com/fasterxml/jackson/dataformat/jackson-dataformat-cbor/2.9.9/jackson-dataformat-cbor-2.9.9.jar:/home/user/.m2/repository/joda-time/joda-time/2.9.9/joda-time-2.9.9.jar:/home/user/.m2/repository/com/amazonaws/jmespath-java/1.11.615/jmespath-java-1.11.615.jar:/home/user/.m2/repository/com/google/code/findbugs/findbugs/3.0.1/findbugs-3.0.1.jar:/home/user/.m2/repository/net/jcip/jcip-annotations/1.0/jcip-annotations-1.0.jar:/home/user/.m2/repository/com/google/code/findbugs/bcel-findbugs/6.0/bcel-findbugs-6.0.jar:/home/user/.m2/repository/com/google/code/findbugs/jFormatString/2.0.1/jFormatString-2.0.1.jar:/home/user/.m2/repository/dom4j/dom4j/1.6.1/dom4j-1.6.1.jar:/home/user/.m2/repository/xml-apis/xml-apis/1.0.b2/xml-apis-1.0.b2.jar:/home/user/.m2/repository/org/ow2/asm/asm-debug-all/5.0.2/asm-debug-all-5.0.2.jar:/home/user/.m2/repository/org/ow2/asm/asm-commons/5.0.2/asm-commons-5.0.2.jar:/home/user/.m2/repository/org/ow2/asm/asm-tree/5.0.2/asm-tree-5.0.2.jar:/home/user/.m2/repository/org/ow2/asm/asm/5.0.4/asm-5.0.4.jar:/home/user/.m2/repository/commons-lang/commons-lang/2.6/commons-lang-2.6.jar:/home/user/.m2/repository/com/apple/AppleJavaExtensions/1.4/AppleJavaExtensions-1.4.jar:/home/user/.m2/repository/jaxen/jaxen/1.1.6/jaxen-1.1.6.jar:/home/user/.m2/repository/junit/junit/4.11/junit-4.11.jar:/home/user/.m2/repository/org/hamcrest/hamcrest-core/1.3/hamcrest-core-1.3.jar:/home/user/.m2/repository/org/apache/hadoop/hadoop-common/3.2.0/hadoop-common-3.2.0-tests.jar:/workdir/hadoop-ozone/integration-test/target/test-classes:/home/user/.m2/repository/org/apache/hadoop/hadoop-ozone-s3gateway/0.5.0-SNAPSHOT/hadoop-ozone-s3gateway-0.5.0-SNAPSHOT.jar:/home/user/.m2/repository/org/jboss/weld/servlet/weld-servlet/2.4.7.Final/weld-servlet-2.4.7.Final.jar:/home/user/.m2/repository/org/glassfish/jersey/containers/jersey-container-servlet-core/2.27/jersey-container-servlet-core-2.27.jar:/home/user/.m2/repository/org/glassfish/hk2/external/javax.inject/2.5.0-b42/javax.inject-2.5.0-b42.jar:/home/user/.m2/repository/org/glassfish/jersey/core/jersey-common/2.27/jersey-common-2.27.jar:/home/user/.m2/repository/org/glassfish/hk2/osgi-resource-locator/1.0.1/osgi-resource-locator-1.0.1.jar:/home/user/.m2/repository/javax/ws/rs/javax.ws.rs-api/2.1/javax.ws.rs-api-2.1.jar:/home/user/.m2/repository/org/glassfish/jersey/ext/cdi/jersey-cdi1x/2.27/jersey-cdi1x-2.27.jar:/home/user/.m2/repository/org/glassfish/jersey/inject/jersey-hk2/2.27/jersey-hk2-2.27.jar:/home/user/.m2/repository/org/glassfish/hk2/hk2-locator/2.5.0-b42/hk2-locator-2.5.0-b42.jar:/home/user/.m2/repository/org/javassist/javassist/3.22.0-CR2/javassist-3.22.0-CR2.jar:/home/user/.m2/repository/org/glassfish/hk2/hk2-api/2.5.0/hk2-api-2.5.0.jar:/home/user/.m2/repository/org/glassfish/hk2/external/jakarta.inject/2.5.0/jakarta.inject-2.5.0.jar:/home/user/.m2/repository/org/glassfish/hk2/hk2-utils/2.5.0/hk2-utils-2.5.0.jar:/home/user/.m2/repository/jakarta/annotation/jakarta.annotation-api/1.3.4/jakarta.annotation-api-1.3.4.jar:/home/user/.m2/repository/org/glassfish/hk2/external/aopalliance-repackaged/2.5.0/aopalliance-repackaged-2.5.0.jar:/home/user/.m2/repository/com/fasterxml/jackson/dataformat/jackson-dataformat-xml/2.9.0/jackson-dataformat-xml-2.9.0.jar:/home/user/.m2/repository/com/fasterxml/jackson/module/jackson-module-jaxb-annotations/2.9.9/jackson-module-jaxb-annotations-2.9.9.jar:/home/user/.m2/repository/javax/enterprise/cdi-api/1.2/cdi-api-1.2.jar:/home/user/.m2/repository/javax/el/javax.el-api/3.0.0/javax.el-api-3.0.0.jar:/home/user/.m2/repository/javax/interceptor/javax.interceptor-api/1.2/javax.interceptor-api-1.2.jar:/home/user/.m2/repository/javax/inject/javax.inject/1/javax.inject-1.jar:/home/user/.m2/repository/org/apache/hadoop/hadoop-ozone-csi/0.5.0-SNAPSHOT/hadoop-ozone-csi-0.5.0-SNAPSHOT.jar:/home/user/.m2/repository/com/google/protobuf/protobuf-java-util/3.5.1/protobuf-java-util-3.5.1.jar:/home/user/.m2/repository/io/grpc/grpc-netty/1.17.1/grpc-netty-1.17.1.jar:/home/user/.m2/repository/io/grpc/grpc-core/1.17.1/grpc-core-1.17.1.jar:/home/user/.m2/repository/io/grpc/grpc-context/1.17.1/grpc-context-1.17.1.jar:/home/user/.m2/repository/com/google/errorprone/error_prone_annotations/2.2.0/error_prone_annotations-2.2.0.jar:/home/user/.m2/repository/org/codehaus/mojo/animal-sniffer-annotations/1.17/animal-sniffer-annotations-1.17.jar:/home/user/.m2/repository/io/opencensus/opencensus-api/0.17.0/opencensus-api-0.17.0.jar:/home/user/.m2/repository/io/opencensus/opencensus-contrib-grpc-metrics/0.17.0/opencensus-contrib-grpc-metrics-0.17.0.jar:/home/user/.m2/repository/io/netty/netty-codec-http2/4.1.30.Final/netty-codec-http2-4.1.30.Final.jar:/home/user/.m2/repository/io/netty/netty-codec-http/4.1.30.Final/netty-codec-http-4.1.30.Final.jar:/home/user/.m2/repository/io/netty/netty-codec/4.1.30.Final/netty-codec-4.1.30.Final.jar:/home/user/.m2/repository/io/netty/netty-handler/4.1.30.Final/netty-handler-4.1.30.Final.jar:/home/user/.m2/repository/io/netty/netty-handler-proxy/4.1.30.Final/netty-handler-proxy-4.1.30.Final.jar:/home/user/.m2/repository/io/netty/netty-codec-socks/4.1.30.Final/netty-codec-socks-4.1.30.Final.jar:/home/user/.m2/repository/io/netty/netty-transport-native-epoll/4.1.30.Final/netty-transport-native-epoll-4.1.30.Final.jar:/home/user/.m2/repository/io/netty/netty-common/4.1.30.Final/netty-common-4.1.30.Final.jar:/home/user/.m2/repository/io/netty/netty-buffer/4.1.30.Final/netty-buffer-4.1.30.Final.jar:/home/user/.m2/repository/io/netty/netty-transport/4.1.30.Final/netty-transport-4.1.30.Final.jar:/home/user/.m2/repository/io/netty/netty-resolver/4.1.30.Final/netty-resolver-4.1.30.Final.jar:/home/user/.m2/repository/io/netty/netty-transport-native-unix-common/4.1.30.Final/netty-transport-native-unix-common-4.1.30.Final.jar:/home/user/.m2/repository/io/grpc/grpc-protobuf/1.17.1/grpc-protobuf-1.17.1.jar:/home/user/.m2/repository/com/google/api/grpc/proto-google-common-protos/1.0.0/proto-google-common-protos-1.0.0.jar:/home/user/.m2/repository/io/grpc/grpc-protobuf-lite/1.17.1/grpc-protobuf-lite-1.17.1.jar:/home/user/.m2/repository/io/grpc/grpc-stub/1.17.1/grpc-stub-1.17.1.jar:/home/user/.m2/repository/org/apache/hadoop/hadoop-ozone-recon/0.5.0-SNAPSHOT/hadoop-ozone-recon-0.5.0-SNAPSHOT.jar:/home/user/.m2/repository/org/apache/hadoop/hadoop-ozone-reconcodegen/0.5.0-SNAPSHOT/hadoop-ozone-reconcodegen-0.5.0-SNAPSHOT.jar:/home/user/.m2/repository/com/google/inject/extensions/guice-multibindings/4.0/guice-multibindings-4.0.jar:/home/user/.m2/repository/com/google/inject/guice/4.0/guice-4.0.jar:/home/user/.m2/repository/aopalliance/aopalliance/1.0/aopalliance-1.0.jar:/home/user/.m2/repository/com/google/inject/extensions/guice-servlet/4.0/guice-servlet-4.0.jar:/home/user/.m2/repository/org/glassfish/jersey/containers/jersey-container-servlet/2.27/jersey-container-servlet-2.27.jar:/home/user/.m2/repository/org/glassfish/hk2/guice-bridge/2.5.0/guice-bridge-2.5.0.jar:/home/user/.m2/repository/org/glassfish/jersey/core/jersey-server/2.27/jersey-server-2.27.jar:/home/user/.m2/repository/org/glassfish/jersey/core/jersey-client/2.27/jersey-client-2.27.jar:/home/user/.m2/repository/org/glassfish/jersey/media/jersey-media-jaxb/2.27/jersey-media-jaxb-2.27.jar:/home/user/.m2/repository/javax/validation/validation-api/1.1.0.Final/validation-api-1.1.0.Final.jar:/home/user/.m2/repository/org/glassfish/jersey/media/jersey-media-json-jackson/2.27/jersey-media-json-jackson-2.27.jar:/home/user/.m2/repository/org/glassfish/jersey/ext/jersey-entity-filtering/2.27/jersey-entity-filtering-2.27.jar:/home/user/.m2/repository/com/google/inject/extensions/guice-assistedinject/4.0/guice-assistedinject-4.0.jar:/home/user/.m2/repository/org/jooq/jooq/3.11.10/jooq-3.11.10.jar:/home/user/.m2/repository/org/jooq/jooq-meta/3.11.10/jooq-meta-3.11.10.jar:/home/user/.m2/repository/org/jooq/jooq-codegen/3.11.10/jooq-codegen-3.11.10.jar:/home/user/.m2/repository/com/jolbox/bonecp/0.8.0.RELEASE/bonecp-0.8.0.RELEASE.jar:/home/user/.m2/repository/org/springframework/spring-jdbc/5.1.3.RELEASE/spring-jdbc-5.1.3.RELEASE.jar:/home/user/.m2/repository/org/springframework/spring-beans/5.1.3.RELEASE/spring-beans-5.1.3.RELEASE.jar:/home/user/.m2/repository/org/springframework/spring-core/5.1.3.RELEASE/spring-core-5.1.3.RELEASE.jar:/home/user/.m2/repository/org/springframework/spring-jcl/5.1.3.RELEASE/spring-jcl-5.1.3.RELEASE.jar:/home/user/.m2/repository/org/springframework/spring-tx/5.1.3.RELEASE/spring-tx-5.1.3.RELEASE.jar:/home/user/.m2/repository/org/mockito/mockito-core/2.15.0/mockito-core-2.15.0.jar:/home/user/.m2/repository/net/bytebuddy/byte-buddy/1.7.9/byte-buddy-1.7.9.jar:/home/user/.m2/repository/net/bytebuddy/byte-buddy-agent/1.7.9/byte-buddy-agent-1.7.9.jar:/home/user/.m2/repository/org/objenesis/objenesis/1.0/objenesis-1.0.jar:"/>
    <property name="java.vm.vendor" value="IcedTea"/>
    <property name="sun.arch.data.model" value="64"/>
    <property name="test.build.dir" value="/workdir/hadoop-ozone/tools/target/test-dir"/>
    <property name="test.cache.data" value=""/>
    <property name="java.vendor.url" value="https://icedtea.classpath.org"/>
    <property name="user.timezone" value=""/>
    <property name="java.vm.specification.version" value="1.8"/>
    <property name="os.name" value="Linux"/>
    <property name="test.build.data" value="/workdir/hadoop-ozone/tools/target/test-dir"/>
    <property name="user.country" value="US"/>
    <property name="sun.java.launcher" value="SUN_STANDARD"/>
    <property name="sun.boot.library.path" value="/usr/lib/jvm/java-1.8-openjdk/jre/lib/amd64"/>
    <property name="sun.java.command" value="/workdir/hadoop-ozone/tools/target/surefire/surefirebooter4602643745350388241.jar /workdir/hadoop-ozone/tools/target/surefire 2019-10-09T10-34-10_661-jvmRun1 surefire4794445658750541499tmp surefire_1144184058880921732576tmp"/>
    <property name="test" value="!TestMiniChaosOzoneCluster"/>
    <property name="surefire.test.class.path" value="/workdir/hadoop-ozone/tools/target/test-classes:/workdir/hadoop-ozone/tools/target/classes:/home/user/.m2/repository/org/apache/hadoop/hadoop-ozone-ozone-manager/0.5.0-SNAPSHOT/hadoop-ozone-ozone-manager-0.5.0-SNAPSHOT.jar:/home/user/.m2/repository/org/apache/hadoop/hadoop-hdds-docs/0.5.0-SNAPSHOT/hadoop-hdds-docs-0.5.0-SNAPSHOT.jar:/home/user/.m2/repository/org/bouncycastle/bcprov-jdk15on/1.60/bcprov-jdk15on-1.60.jar:/home/user/.m2/repository/org/apache/hadoop/hadoop-ozone-common/0.5.0-SNAPSHOT/hadoop-ozone-common-0.5.0-SNAPSHOT.jar:/home/user/.m2/repository/org/apache/commons/commons-compress/1.4.1/commons-compress-1.4.1.jar:/home/user/.m2/repository/org/tukaani/xz/1.0/xz-1.0.jar:/home/user/.m2/repository/org/apache/hadoop/hadoop-hdfs-client/3.2.0/hadoop-hdfs-client-3.2.0.jar:/home/user/.m2/repository/com/fasterxml/jackson/core/jackson-annotations/2.9.9/jackson-annotations-2.9.9.jar:/home/user/.m2/repository/org/apache/hadoop/hadoop-hdds-common/0.5.0-SNAPSHOT/hadoop-hdds-common-0.5.0-SNAPSHOT.jar:/home/user/.m2/repository/org/apache/hadoop/hadoop-hdds-config/0.5.0-SNAPSHOT/hadoop-hdds-config-0.5.0-SNAPSHOT.jar:/home/user/.m2/repository/javax/annotation/javax.annotation-api/1.2/javax.annotation-api-1.2.jar:/home/user/.m2/repository/org/apache/ratis/ratis-server/0.4.0/ratis-server-0.4.0.jar:/home/user/.m2/repository/org/apache/ratis/ratis-thirdparty-misc/0.2.0/ratis-thirdparty-misc-0.2.0.jar:/home/user/.m2/repository/org/apache/ratis/ratis-proto/0.4.0/ratis-proto-0.4.0.jar:/home/user/.m2/repository/org/apache/ratis/ratis-common/0.4.0/ratis-common-0.4.0.jar:/home/user/.m2/repository/org/apache/ratis/ratis-client/0.4.0/ratis-client-0.4.0.jar:/home/user/.m2/repository/org/apache/ratis/ratis-metrics/0.4.0/ratis-metrics-0.4.0.jar:/home/user/.m2/repository/com/github/joshelser/dropwizard-metrics-hadoop-metrics2-reporter/0.1.2/dropwizard-metrics-hadoop-metrics2-reporter-0.1.2.jar:/home/user/.m2/repository/io/dropwizard/metrics/metrics-jvm/3.2.5/metrics-jvm-3.2.5.jar:/home/user/.m2/repository/io/dropwizard/metrics/metrics-ganglia/3.2.5/metrics-ganglia-3.2.5.jar:/home/user/.m2/repository/info/ganglia/gmetric4j/gmetric4j/1.0.7/gmetric4j-1.0.7.jar:/home/user/.m2/repository/org/apache/ratis/ratis-netty/0.4.0/ratis-netty-0.4.0.jar:/home/user/.m2/repository/org/apache/ratis/ratis-grpc/0.4.0/ratis-grpc-0.4.0.jar:/home/user/.m2/repository/org/rocksdb/rocksdbjni/6.0.1/rocksdbjni-6.0.1.jar:/home/user/.m2/repository/org/apache/logging/log4j/log4j-api/2.11.0/log4j-api-2.11.0.jar:/home/user/.m2/repository/org/apache/logging/log4j/log4j-core/2.11.0/log4j-core-2.11.0.jar:/home/user/.m2/repository/com/lmax/disruptor/3.4.2/disruptor-3.4.2.jar:/home/user/.m2/repository/org/apache/commons/commons-pool2/2.6.0/commons-pool2-2.6.0.jar:/home/user/.m2/repository/org/bouncycastle/bcpkix-jdk15on/1.60/bcpkix-jdk15on-1.60.jar:/home/user/.m2/repository/commons-validator/commons-validator/1.6/commons-validator-1.6.jar:/home/user/.m2/repository/commons-digester/commons-digester/1.8.1/commons-digester-1.8.1.jar:/home/user/.m2/repository/io/jaegertracing/jaeger-client/0.34.0/jaeger-client-0.34.0.jar:/home/user/.m2/repository/io/jaegertracing/jaeger-thrift/0.34.0/jaeger-thrift-0.34.0.jar:/home/user/.m2/repository/org/apache/thrift/libthrift/0.12.0/libthrift-0.12.0.jar:/home/user/.m2/repository/com/squareup/okhttp3/okhttp/3.9.0/okhttp-3.9.0.jar:/home/user/.m2/repository/com/squareup/okio/okio/1.13.0/okio-1.13.0.jar:/home/user/.m2/repository/io/jaegertracing/jaeger-core/0.34.0/jaeger-core-0.34.0.jar:/home/user/.m2/repository/io/jaegertracing/jaeger-tracerresolver/0.34.0/jaeger-tracerresolver-0.34.0.jar:/home/user/.m2/repository/io/opentracing/contrib/opentracing-tracerresolver/0.1.5/opentracing-tracerresolver-0.1.5.jar:/home/user/.m2/repository/io/opentracing/opentracing-util/0.31.0/opentracing-util-0.31.0.jar:/home/user/.m2/repository/io/opentracing/opentracing-api/0.31.0/opentracing-api-0.31.0.jar:/home/user/.m2/repository/io/opentracing/opentracing-noop/0.31.0/opentracing-noop-0.31.0.jar:/home/user/.m2/repository/org/yaml/snakeyaml/1.16/snakeyaml-1.16.jar:/home/user/.m2/repository/org/apache/hadoop/hadoop-hdds-container-service/0.5.0-SNAPSHOT/hadoop-hdds-container-service-0.5.0-SNAPSHOT.jar:/home/user/.m2/repository/org/apache/hadoop/hadoop-hdds-client/0.5.0-SNAPSHOT/hadoop-hdds-client-0.5.0-SNAPSHOT.jar:/home/user/.m2/repository/org/apache/hadoop/hadoop-hdds-tools/0.5.0-SNAPSHOT/hadoop-hdds-tools-0.5.0-SNAPSHOT.jar:/home/user/.m2/repository/org/xerial/sqlite-jdbc/3.25.2/sqlite-jdbc-3.25.2.jar:/home/user/.m2/repository/org/apache/hadoop/hadoop-hdds-server-scm/0.5.0-SNAPSHOT/hadoop-hdds-server-scm-0.5.0-SNAPSHOT.jar:/home/user/.m2/repository/org/hamcrest/hamcrest-all/1.3/hamcrest-all-1.3.jar:/home/user/.m2/repository/info/picocli/picocli/3.9.6/picocli-3.9.6.jar:/home/user/.m2/repository/com/google/protobuf/protobuf-java/2.5.0/protobuf-java-2.5.0.jar:/home/user/.m2/repository/com/google/guava/guava/11.0.2/guava-11.0.2.jar:/home/user/.m2/repository/org/apache/hadoop/hadoop-ozone-client/0.5.0-SNAPSHOT/hadoop-ozone-client-0.5.0-SNAPSHOT.jar:/workdir/hadoop-ozone/ozonefs/target/classes:/home/user/.m2/repository/org/apache/hadoop/hadoop-hdds-server-framework/0.5.0-SNAPSHOT/hadoop-hdds-server-framework-0.5.0-SNAPSHOT.jar:/home/user/.m2/repository/org/apache/hadoop/hadoop-common/3.2.0/hadoop-common-3.2.0.jar:/home/user/.m2/repository/org/apache/hadoop/hadoop-annotations/3.2.0/hadoop-annotations-3.2.0.jar:/usr/lib/jvm/java-1.8-openjdk/jre/../lib/tools.jar:/home/user/.m2/repository/commons-cli/commons-cli/1.2/commons-cli-1.2.jar:/home/user/.m2/repository/org/apache/commons/commons-math3/3.1.1/commons-math3-3.1.1.jar:/home/user/.m2/repository/org/apache/httpcomponents/httpclient/4.5.2/httpclient-4.5.2.jar:/home/user/.m2/repository/org/apache/httpcomponents/httpcore/4.4.4/httpcore-4.4.4.jar:/home/user/.m2/repository/commons-codec/commons-codec/1.11/commons-codec-1.11.jar:/home/user/.m2/repository/commons-io/commons-io/2.5/commons-io-2.5.jar:/home/user/.m2/repository/commons-net/commons-net/3.6/commons-net-3.6.jar:/home/user/.m2/repository/commons-collections/commons-collections/3.2.2/commons-collections-3.2.2.jar:/home/user/.m2/repository/javax/servlet/javax.servlet-api/3.1.0/javax.servlet-api-3.1.0.jar:/home/user/.m2/repository/org/eclipse/jetty/jetty-server/9.3.25.v20180904/jetty-server-9.3.25.v20180904.jar:/home/user/.m2/repository/org/eclipse/jetty/jetty-http/9.3.25.v20180904/jetty-http-9.3.25.v20180904.jar:/home/user/.m2/repository/org/eclipse/jetty/jetty-io/9.3.25.v20180904/jetty-io-9.3.25.v20180904.jar:/home/user/.m2/repository/org/eclipse/jetty/jetty-util/9.3.25.v20180904/jetty-util-9.3.25.v20180904.jar:/home/user/.m2/repository/org/eclipse/jetty/jetty-servlet/9.3.25.v20180904/jetty-servlet-9.3.25.v20180904.jar:/home/user/.m2/repository/org/eclipse/jetty/jetty-security/9.3.25.v20180904/jetty-security-9.3.25.v20180904.jar:/home/user/.m2/repository/org/eclipse/jetty/jetty-webapp/9.3.25.v20180904/jetty-webapp-9.3.25.v20180904.jar:/home/user/.m2/repository/org/eclipse/jetty/jetty-xml/9.3.25.v20180904/jetty-xml-9.3.25.v20180904.jar:/home/user/.m2/repository/javax/servlet/jsp/jsp-api/2.1/jsp-api-2.1.jar:/home/user/.m2/repository/com/sun/jersey/jersey-core/1.19/jersey-core-1.19.jar:/home/user/.m2/repository/javax/ws/rs/jsr311-api/1.1.1/jsr311-api-1.1.1.jar:/home/user/.m2/repository/com/sun/jersey/jersey-servlet/1.19/jersey-servlet-1.19.jar:/home/user/.m2/repository/com/sun/jersey/jersey-json/1.19/jersey-json-1.19.jar:/home/user/.m2/repository/org/codehaus/jettison/jettison/1.1/jettison-1.1.jar:/home/user/.m2/repository/com/sun/xml/bind/jaxb-impl/2.3.0.1/jaxb-impl-2.3.0.1.jar:/home/user/.m2/repository/org/codehaus/jackson/jackson-core-asl/1.9.13/jackson-core-asl-1.9.13.jar:/home/user/.m2/repository/org/codehaus/jackson/jackson-mapper-asl/1.9.13/jackson-mapper-asl-1.9.13.jar:/home/user/.m2/repository/org/codehaus/jackson/jackson-jaxrs/1.9.13/jackson-jaxrs-1.9.13.jar:/home/user/.m2/repository/org/codehaus/jackson/jackson-xc/1.9.13/jackson-xc-1.9.13.jar:/home/user/.m2/repository/com/sun/jersey/jersey-server/1.19/jersey-server-1.19.jar:/home/user/.m2/repository/commons-logging/commons-logging/1.1.3/commons-logging-1.1.3.jar:/home/user/.m2/repository/log4j/log4j/1.2.17/log4j-1.2.17.jar:/home/user/.m2/repository/commons-beanutils/commons-beanutils/1.9.4/commons-beanutils-1.9.4.jar:/home/user/.m2/repository/org/apache/commons/commons-configuration2/2.1.1/commons-configuration2-2.1.1.jar:/home/user/.m2/repository/org/apache/commons/commons-lang3/3.7/commons-lang3-3.7.jar:/home/user/.m2/repository/org/apache/commons/commons-text/1.4/commons-text-1.4.jar:/home/user/.m2/repository/org/slf4j/slf4j-api/1.7.25/slf4j-api-1.7.25.jar:/home/user/.m2/repository/org/slf4j/slf4j-log4j12/1.7.25/slf4j-log4j12-1.7.25.jar:/home/user/.m2/repository/org/apache/avro/avro/1.7.7/avro-1.7.7.jar:/home/user/.m2/repository/com/thoughtworks/paranamer/paranamer/2.3/paranamer-2.3.jar:/home/user/.m2/repository/org/xerial/snappy/snappy-java/1.0.5/snappy-java-1.0.5.jar:/home/user/.m2/repository/com/google/re2j/re2j/1.1/re2j-1.1.jar:/home/user/.m2/repository/com/google/code/gson/gson/2.2.4/gson-2.2.4.jar:/home/user/.m2/repository/org/apache/hadoop/hadoop-auth/3.2.0/hadoop-auth-3.2.0.jar:/home/user/.m2/repository/com/nimbusds/nimbus-jose-jwt/4.41.1/nimbus-jose-jwt-4.41.1.jar:/home/user/.m2/repository/com/github/stephenc/jcip/jcip-annotations/1.0-1/jcip-annotations-1.0-1.jar:/home/user/.m2/repository/net/minidev/json-smart/2.3/json-smart-2.3.jar:/home/user/.m2/repository/net/minidev/accessors-smart/1.2/accessors-smart-1.2.jar:/home/user/.m2/repository/org/apache/curator/curator-framework/2.12.0/curator-framework-2.12.0.jar:/home/user/.m2/repository/com/jcraft/jsch/0.1.54/jsch-0.1.54.jar:/home/user/.m2/repository/org/apache/curator/curator-client/2.12.0/curator-client-2.12.0.jar:/home/user/.m2/repository/org/apache/curator/curator-recipes/2.12.0/curator-recipes-2.12.0.jar:/home/user/.m2/repository/com/google/code/findbugs/jsr305/3.0.0/jsr305-3.0.0.jar:/home/user/.m2/repository/org/apache/htrace/htrace-core4/4.1.0-incubating/htrace-core4-4.1.0-incubating.jar:/home/user/.m2/repository/org/apache/zookeeper/zookeeper/3.4.13/zookeeper-3.4.13.jar:/home/user/.m2/repository/jline/jline/0.9.94/jline-0.9.94.jar:/home/user/.m2/repository/org/apache/yetus/audience-annotations/0.5.0/audience-annotations-0.5.0.jar:/home/user/.m2/repository/org/apache/kerby/kerb-simplekdc/1.0.1/kerb-simplekdc-1.0.1.jar:/home/user/.m2/repository/org/apache/kerby/kerb-client/1.0.1/kerb-client-1.0.1.jar:/home/user/.m2/repository/org/apache/kerby/kerby-config/1.0.1/kerby-config-1.0.1.jar:/home/user/.m2/repository/org/apache/kerby/kerb-core/1.0.1/kerb-core-1.0.1.jar:/home/user/.m2/repository/org/apache/kerby/kerby-pkix/1.0.1/kerby-pkix-1.0.1.jar:/home/user/.m2/repository/org/apache/kerby/kerby-asn1/1.0.1/kerby-asn1-1.0.1.jar:/home/user/.m2/repository/org/apache/kerby/kerby-util/1.0.1/kerby-util-1.0.1.jar:/home/user/.m2/repository/org/apache/kerby/kerb-common/1.0.1/kerb-common-1.0.1.jar:/home/user/.m2/repository/org/apache/kerby/kerb-crypto/1.0.1/kerb-crypto-1.0.1.jar:/home/user/.m2/repository/org/apache/kerby/kerb-util/1.0.1/kerb-util-1.0.1.jar:/home/user/.m2/repository/org/apache/kerby/token-provider/1.0.1/token-provider-1.0.1.jar:/home/user/.m2/repository/org/apache/kerby/kerb-admin/1.0.1/kerb-admin-1.0.1.jar:/home/user/.m2/repository/org/apache/kerby/kerb-server/1.0.1/kerb-server-1.0.1.jar:/home/user/.m2/repository/org/apache/kerby/kerb-identity/1.0.1/kerb-identity-1.0.1.jar:/home/user/.m2/repository/org/apache/kerby/kerby-xdr/1.0.1/kerby-xdr-1.0.1.jar:/home/user/.m2/repository/com/fasterxml/jackson/core/jackson-databind/2.9.9/jackson-databind-2.9.9.jar:/home/user/.m2/repository/com/fasterxml/jackson/core/jackson-core/2.9.9/jackson-core-2.9.9.jar:/home/user/.m2/repository/org/codehaus/woodstox/stax2-api/3.1.4/stax2-api-3.1.4.jar:/home/user/.m2/repository/com/fasterxml/woodstox/woodstox-core/5.0.3/woodstox-core-5.0.3.jar:/home/user/.m2/repository/dnsjava/dnsjava/2.1.7/dnsjava-2.1.7.jar:/home/user/.m2/repository/org/apache/hadoop/hadoop-hdfs/3.2.0/hadoop-hdfs-3.2.0.jar:/home/user/.m2/repository/org/eclipse/jetty/jetty-util-ajax/9.3.25.v20180904/jetty-util-ajax-9.3.25.v20180904.jar:/home/user/.m2/repository/commons-daemon/commons-daemon/1.0.13/commons-daemon-1.0.13.jar:/home/user/.m2/repository/io/netty/netty/3.10.5.Final/netty-3.10.5.Final.jar:/home/user/.m2/repository/io/netty/netty-all/4.0.52.Final/netty-all-4.0.52.Final.jar:/home/user/.m2/repository/org/fusesource/leveldbjni/leveldbjni-all/1.8/leveldbjni-all-1.8.jar:/home/user/.m2/repository/com/sun/xml/bind/jaxb-core/2.3.0.1/jaxb-core-2.3.0.1.jar:/home/user/.m2/repository/javax/xml/bind/jaxb-api/2.3.0/jaxb-api-2.3.0.jar:/home/user/.m2/repository/javax/activation/activation/1.1.1/activation-1.1.1.jar:/home/user/.m2/repository/io/dropwizard/metrics/metrics-core/3.2.4/metrics-core-3.2.4.jar:/home/user/.m2/repository/org/openjdk/jmh/jmh-core/1.19/jmh-core-1.19.jar:/home/user/.m2/repository/net/sf/jopt-simple/jopt-simple/4.6/jopt-simple-4.6.jar:/home/user/.m2/repository/org/openjdk/jmh/jmh-generator-annprocess/1.19/jmh-generator-annprocess-1.19.jar:/home/user/.m2/repository/com/amazonaws/aws-java-sdk-s3/1.11.615/aws-java-sdk-s3-1.11.615.jar:/home/user/.m2/repository/com/amazonaws/aws-java-sdk-kms/1.11.615/aws-java-sdk-kms-1.11.615.jar:/home/user/.m2/repository/com/amazonaws/aws-java-sdk-core/1.11.615/aws-java-sdk-core-1.11.615.jar:/home/user/.m2/repository/software/amazon/ion/ion-java/1.0.2/ion-java-1.0.2.jar:/home/user/.m2/repository/com/fasterxml/jackson/dataformat/jackson-dataformat-cbor/2.9.9/jackson-dataformat-cbor-2.9.9.jar:/home/user/.m2/repository/joda-time/joda-time/2.9.9/joda-time-2.9.9.jar:/home/user/.m2/repository/com/amazonaws/jmespath-java/1.11.615/jmespath-java-1.11.615.jar:/home/user/.m2/repository/com/google/code/findbugs/findbugs/3.0.1/findbugs-3.0.1.jar:/home/user/.m2/repository/net/jcip/jcip-annotations/1.0/jcip-annotations-1.0.jar:/home/user/.m2/repository/com/google/code/findbugs/bcel-findbugs/6.0/bcel-findbugs-6.0.jar:/home/user/.m2/repository/com/google/code/findbugs/jFormatString/2.0.1/jFormatString-2.0.1.jar:/home/user/.m2/repository/dom4j/dom4j/1.6.1/dom4j-1.6.1.jar:/home/user/.m2/repository/xml-apis/xml-apis/1.0.b2/xml-apis-1.0.b2.jar:/home/user/.m2/repository/org/ow2/asm/asm-debug-all/5.0.2/asm-debug-all-5.0.2.jar:/home/user/.m2/repository/org/ow2/asm/asm-commons/5.0.2/asm-commons-5.0.2.jar:/home/user/.m2/repository/org/ow2/asm/asm-tree/5.0.2/asm-tree-5.0.2.jar:/home/user/.m2/repository/org/ow2/asm/asm/5.0.4/asm-5.0.4.jar:/home/user/.m2/repository/commons-lang/commons-lang/2.6/commons-lang-2.6.jar:/home/user/.m2/repository/com/apple/AppleJavaExtensions/1.4/AppleJavaExtensions-1.4.jar:/home/user/.m2/repository/jaxen/jaxen/1.1.6/jaxen-1.1.6.jar:/home/user/.m2/repository/junit/junit/4.11/junit-4.11.jar:/home/user/.m2/repository/org/hamcrest/hamcrest-core/1.3/hamcrest-core-1.3.jar:/home/user/.m2/repository/org/apache/hadoop/hadoop-common/3.2.0/hadoop-common-3.2.0-tests.jar:/workdir/hadoop-ozone/integration-test/target/test-classes:/home/user/.m2/repository/org/apache/hadoop/hadoop-ozone-s3gateway/0.5.0-SNAPSHOT/hadoop-ozone-s3gateway-0.5.0-SNAPSHOT.jar:/home/user/.m2/repository/org/jboss/weld/servlet/weld-servlet/2.4.7.Final/weld-servlet-2.4.7.Final.jar:/home/user/.m2/repository/org/glassfish/jersey/containers/jersey-container-servlet-core/2.27/jersey-container-servlet-core-2.27.jar:/home/user/.m2/repository/org/glassfish/hk2/external/javax.inject/2.5.0-b42/javax.inject-2.5.0-b42.jar:/home/user/.m2/repository/org/glassfish/jersey/core/jersey-common/2.27/jersey-common-2.27.jar:/home/user/.m2/repository/org/glassfish/hk2/osgi-resource-locator/1.0.1/osgi-resource-locator-1.0.1.jar:/home/user/.m2/repository/javax/ws/rs/javax.ws.rs-api/2.1/javax.ws.rs-api-2.1.jar:/home/user/.m2/repository/org/glassfish/jersey/ext/cdi/jersey-cdi1x/2.27/jersey-cdi1x-2.27.jar:/home/user/.m2/repository/org/glassfish/jersey/inject/jersey-hk2/2.27/jersey-hk2-2.27.jar:/home/user/.m2/repository/org/glassfish/hk2/hk2-locator/2.5.0-b42/hk2-locator-2.5.0-b42.jar:/home/user/.m2/repository/org/javassist/javassist/3.22.0-CR2/javassist-3.22.0-CR2.jar:/home/user/.m2/repository/org/glassfish/hk2/hk2-api/2.5.0/hk2-api-2.5.0.jar:/home/user/.m2/repository/org/glassfish/hk2/external/jakarta.inject/2.5.0/jakarta.inject-2.5.0.jar:/home/user/.m2/repository/org/glassfish/hk2/hk2-utils/2.5.0/hk2-utils-2.5.0.jar:/home/user/.m2/repository/jakarta/annotation/jakarta.annotation-api/1.3.4/jakarta.annotation-api-1.3.4.jar:/home/user/.m2/repository/org/glassfish/hk2/external/aopalliance-repackaged/2.5.0/aopalliance-repackaged-2.5.0.jar:/home/user/.m2/repository/com/fasterxml/jackson/dataformat/jackson-dataformat-xml/2.9.0/jackson-dataformat-xml-2.9.0.jar:/home/user/.m2/repository/com/fasterxml/jackson/module/jackson-module-jaxb-annotations/2.9.9/jackson-module-jaxb-annotations-2.9.9.jar:/home/user/.m2/repository/javax/enterprise/cdi-api/1.2/cdi-api-1.2.jar:/home/user/.m2/repository/javax/el/javax.el-api/3.0.0/javax.el-api-3.0.0.jar:/home/user/.m2/repository/javax/interceptor/javax.interceptor-api/1.2/javax.interceptor-api-1.2.jar:/home/user/.m2/repository/javax/inject/javax.inject/1/javax.inject-1.jar:/home/user/.m2/repository/org/apache/hadoop/hadoop-ozone-csi/0.5.0-SNAPSHOT/hadoop-ozone-csi-0.5.0-SNAPSHOT.jar:/home/user/.m2/repository/com/google/protobuf/protobuf-java-util/3.5.1/protobuf-java-util-3.5.1.jar:/home/user/.m2/repository/io/grpc/grpc-netty/1.17.1/grpc-netty-1.17.1.jar:/home/user/.m2/repository/io/grpc/grpc-core/1.17.1/grpc-core-1.17.1.jar:/home/user/.m2/repository/io/grpc/grpc-context/1.17.1/grpc-context-1.17.1.jar:/home/user/.m2/repository/com/google/errorprone/error_prone_annotations/2.2.0/error_prone_annotations-2.2.0.jar:/home/user/.m2/repository/org/codehaus/mojo/animal-sniffer-annotations/1.17/animal-sniffer-annotations-1.17.jar:/home/user/.m2/repository/io/opencensus/opencensus-api/0.17.0/opencensus-api-0.17.0.jar:/home/user/.m2/repository/io/opencensus/opencensus-contrib-grpc-metrics/0.17.0/opencensus-contrib-grpc-metrics-0.17.0.jar:/home/user/.m2/repository/io/netty/netty-codec-http2/4.1.30.Final/netty-codec-http2-4.1.30.Final.jar:/home/user/.m2/repository/io/netty/netty-codec-http/4.1.30.Final/netty-codec-http-4.1.30.Final.jar:/home/user/.m2/repository/io/netty/netty-codec/4.1.30.Final/netty-codec-4.1.30.Final.jar:/home/user/.m2/repository/io/netty/netty-handler/4.1.30.Final/netty-handler-4.1.30.Final.jar:/home/user/.m2/repository/io/netty/netty-handler-proxy/4.1.30.Final/netty-handler-proxy-4.1.30.Final.jar:/home/user/.m2/repository/io/netty/netty-codec-socks/4.1.30.Final/netty-codec-socks-4.1.30.Final.jar:/home/user/.m2/repository/io/netty/netty-transport-native-epoll/4.1.30.Final/netty-transport-native-epoll-4.1.30.Final.jar:/home/user/.m2/repository/io/netty/netty-common/4.1.30.Final/netty-common-4.1.30.Final.jar:/home/user/.m2/repository/io/netty/netty-buffer/4.1.30.Final/netty-buffer-4.1.30.Final.jar:/home/user/.m2/repository/io/netty/netty-transport/4.1.30.Final/netty-transport-4.1.30.Final.jar:/home/user/.m2/repository/io/netty/netty-resolver/4.1.30.Final/netty-resolver-4.1.30.Final.jar:/home/user/.m2/repository/io/netty/netty-transport-native-unix-common/4.1.30.Final/netty-transport-native-unix-common-4.1.30.Final.jar:/home/user/.m2/repository/io/grpc/grpc-protobuf/1.17.1/grpc-protobuf-1.17.1.jar:/home/user/.m2/repository/com/google/api/grpc/proto-google-common-protos/1.0.0/proto-google-common-protos-1.0.0.jar:/home/user/.m2/repository/io/grpc/grpc-protobuf-lite/1.17.1/grpc-protobuf-lite-1.17.1.jar:/home/user/.m2/repository/io/grpc/grpc-stub/1.17.1/grpc-stub-1.17.1.jar:/home/user/.m2/repository/org/apache/hadoop/hadoop-ozone-recon/0.5.0-SNAPSHOT/hadoop-ozone-recon-0.5.0-SNAPSHOT.jar:/home/user/.m2/repository/org/apache/hadoop/hadoop-ozone-reconcodegen/0.5.0-SNAPSHOT/hadoop-ozone-reconcodegen-0.5.0-SNAPSHOT.jar:/home/user/.m2/repository/com/google/inject/extensions/guice-multibindings/4.0/guice-multibindings-4.0.jar:/home/user/.m2/repository/com/google/inject/guice/4.0/guice-4.0.jar:/home/user/.m2/repository/aopalliance/aopalliance/1.0/aopalliance-1.0.jar:/home/user/.m2/repository/com/google/inject/extensions/guice-servlet/4.0/guice-servlet-4.0.jar:/home/user/.m2/repository/org/glassfish/jersey/containers/jersey-container-servlet/2.27/jersey-container-servlet-2.27.jar:/home/user/.m2/repository/org/glassfish/hk2/guice-bridge/2.5.0/guice-bridge-2.5.0.jar:/home/user/.m2/repository/org/glassfish/jersey/core/jersey-server/2.27/jersey-server-2.27.jar:/home/user/.m2/repository/org/glassfish/jersey/core/jersey-client/2.27/jersey-client-2.27.jar:/home/user/.m2/repository/org/glassfish/jersey/media/jersey-media-jaxb/2.27/jersey-media-jaxb-2.27.jar:/home/user/.m2/repository/javax/validation/validation-api/1.1.0.Final/validation-api-1.1.0.Final.jar:/home/user/.m2/repository/org/glassfish/jersey/media/jersey-media-json-jackson/2.27/jersey-media-json-jackson-2.27.jar:/home/user/.m2/repository/org/glassfish/jersey/ext/jersey-entity-filtering/2.27/jersey-entity-filtering-2.27.jar:/home/user/.m2/repository/com/google/inject/extensions/guice-assistedinject/4.0/guice-assistedinject-4.0.jar:/home/user/.m2/repository/org/jooq/jooq/3.11.10/jooq-3.11.10.jar:/home/user/.m2/repository/org/jooq/jooq-meta/3.11.10/jooq-meta-3.11.10.jar:/home/user/.m2/repository/org/jooq/jooq-codegen/3.11.10/jooq-codegen-3.11.10.jar:/home/user/.m2/repository/com/jolbox/bonecp/0.8.0.RELEASE/bonecp-0.8.0.RELEASE.jar:/home/user/.m2/repository/org/springframework/spring-jdbc/5.1.3.RELEASE/spring-jdbc-5.1.3.RELEASE.jar:/home/user/.m2/repository/org/springframework/spring-beans/5.1.3.RELEASE/spring-beans-5.1.3.RELEASE.jar:/home/user/.m2/repository/org/springframework/spring-core/5.1.3.RELEASE/spring-core-5.1.3.RELEASE.jar:/home/user/.m2/repository/org/springframework/spring-jcl/5.1.3.RELEASE/spring-jcl-5.1.3.RELEASE.jar:/home/user/.m2/repository/org/springframework/spring-tx/5.1.3.RELEASE/spring-tx-5.1.3.RELEASE.jar:/home/user/.m2/repository/org/mockito/mockito-core/2.15.0/mockito-core-2.15.0.jar:/home/user/.m2/repository/net/bytebuddy/byte-buddy/1.7.9/byte-buddy-1.7.9.jar:/home/user/.m2/repository/net/bytebuddy/byte-buddy-agent/1.7.9/byte-buddy-agent-1.7.9.jar:/home/user/.m2/repository/org/objenesis/objenesis/1.0/objenesis-1.0.jar:"/>
    <property name="sun.cpu.endian" value="little"/>
    <property name="user.home" value="/home/user"/>
    <property name="user.language" value="en"/>
    <property name="java.specification.vendor" value="Oracle Corporation"/>
    <property name="java.home" value="/usr/lib/jvm/java-1.8-openjdk/jre"/>
    <property name="java.security.krb5.conf" value="/workdir/hadoop-ozone/tools/target/test-classes/krb5.conf"/>
    <property name="basedir" value="/workdir/hadoop-ozone/tools"/>
    <property name="file.separator" value="/"/>
    <property name="line.separator" value="&#10;"/>
    <property name="java.vm.specification.vendor" value="Oracle Corporation"/>
    <property name="java.specification.name" value="Java Platform API Specification"/>
    <property name="java.awt.graphicsenv" value="sun.awt.X11GraphicsEnvironment"/>
    <property name="surefire.real.class.path" value="/workdir/hadoop-ozone/tools/target/surefire/surefirebooter4602643745350388241.jar"/>
    <property name="hadoop.log.dir" value="/workdir/hadoop-ozone/tools/target/log"/>
    <property name="sun.boot.class.path" value="/usr/lib/jvm/java-1.8-openjdk/jre/lib/resources.jar:/usr/lib/jvm/java-1.8-openjdk/jre/lib/rt.jar:/usr/lib/jvm/java-1.8-openjdk/jre/lib/sunrsasign.jar:/usr/lib/jvm/java-1.8-openjdk/jre/lib/jsse.jar:/usr/lib/jvm/java-1.8-openjdk/jre/lib/jce.jar:/usr/lib/jvm/java-1.8-openjdk/jre/lib/charsets.jar:/usr/lib/jvm/java-1.8-openjdk/jre/lib/jfr.jar:/usr/lib/jvm/java-1.8-openjdk/jre/classes"/>
    <property name="sun.management.compiler" value="HotSpot 64-Bit Tiered Compilers"/>
    <property name="java.runtime.version" value="1.8.0_212-b04"/>
    <property name="java.net.preferIPv4Stack" value="true"/>
    <property name="user.name" value="jenkins1000"/>
    <property name="path.separator" value=":"/>
    <property name="java.security.egd" value="file:///dev/urandom"/>
    <property name="os.version" value="3.10.0-957.12.2.el7.x86_64"/>
    <property name="java.endorsed.dirs" value="/usr/lib/jvm/java-1.8-openjdk/jre/lib/endorsed"/>
    <property name="java.runtime.name" value="OpenJDK Runtime Environment"/>
    <property name="file.encoding" value="UTF-8"/>
    <property name="java.vm.name" value="OpenJDK 64-Bit Server VM"/>
    <property name="test.build.webapps" value=""/>
    <property name="localRepository" value="/home/user/.m2/repository"/>
    <property name="java.vendor.url.bug" value="https://icedtea.classpath.org/bugzilla"/>
    <property name="java.io.tmpdir" value="/tmp"/>
    <property name="require.test.libhadoop" value=""/>
    <property name="java.version" value="1.8.0_212"/>
    <property name="user.dir" value="/workdir/hadoop-ozone/tools"/>
    <property name="os.arch" value="amd64"/>
    <property name="java.vm.specification.name" value="Java Virtual Machine Specification"/>
    <property name="test.build.classes" value="/workdir/hadoop-ozone/tools/target/test-classes"/>
    <property name="java.awt.printerjob" value="sun.print.PSPrinterJob"/>
    <property name="sun.os.patch.level" value="unknown"/>
    <property name="hadoop.tmp.dir" value="/workdir/hadoop-ozone/tools/target/tmp"/>
    <property name="java.library.path" value="/usr/lib/jvm/java-1.8-openjdk/jre/lib/amd64/server:/usr/lib/jvm/java-1.8-openjdk/jre/lib/amd64:/usr/lib/jvm/java-1.8-openjdk/jre/../lib/amd64:/workdir/hadoop-ozone/tools/target/native/target/usr/local/lib:/workdir/hadoop-ozone/tools/../../hadoop-common-project/hadoop-common/target/native/target/usr/local/lib:/usr/java/packages/lib/amd64:/usr/lib64:/lib64:/lib:/usr/lib"/>
    <property name="java.vm.info" value="mixed mode"/>
    <property name="java.vendor" value="IcedTea"/>
    <property name="java.vm.version" value="25.212-b04"/>
    <property name="java.ext.dirs" value="/usr/lib/jvm/java-1.8-openjdk/jre/lib/ext:/usr/java/packages/lib/ext"/>
    <property name="sun.io.unicode.encoding" value="UnicodeLittle"/>
    <property name="java.class.version" value="52.0"/>
  </properties>
  <testcase name="testRestart" classname="org.apache.hadoop.ozone.freon.TestFreonWithPipelineDestroy" time="40.61">
    <error message="Allocated 0 blocks. Requested 5 blocks" type="INTERNAL_ERROR org.apache.hadoop.ozone.om.exceptions.OMException">INTERNAL_ERROR org.apache.hadoop.ozone.om.exceptions.OMException: Allocated 0 blocks. Requested 5 blocks
	at org.apache.hadoop.ozone.om.protocolPB.OzoneManagerProtocolClientSideTranslatorPB.handleError(OzoneManagerProtocolClientSideTranslatorPB.java:732)
	at org.apache.hadoop.ozone.om.protocolPB.OzoneManagerProtocolClientSideTranslatorPB.openKey(OzoneManagerProtocolClientSideTranslatorPB.java:723)
	at sun.reflect.NativeMethodAccessorImpl.invoke0(Native Method)
	at sun.reflect.NativeMethodAccessorImpl.invoke(NativeMethodAccessorImpl.java:62)
	at sun.reflect.DelegatingMethodAccessorImpl.invoke(DelegatingMethodAccessorImpl.java:43)
	at java.lang.reflect.Method.invoke(Method.java:498)
	at org.apache.hadoop.hdds.tracing.TraceAllMethod.invoke(TraceAllMethod.java:66)
	at com.sun.proxy.$Proxy37.openKey(Unknown Source)
	at org.apache.hadoop.ozone.client.rpc.RpcClient.createKey(RpcClient.java:614)
	at org.apache.hadoop.ozone.client.OzoneBucket.createKey(OzoneBucket.java:325)
	at org.apache.hadoop.ozone.freon.RandomKeyGenerator.createKey(RandomKeyGenerator.java:695)
	at org.apache.hadoop.ozone.freon.RandomKeyGenerator.access$1100(RandomKeyGenerator.java:88)
	at org.apache.hadoop.ozone.freon.RandomKeyGenerator$ObjectCreator.run(RandomKeyGenerator.java:615)
	at java.util.concurrent.Executors$RunnableAdapter.call(Executors.java:511)
	at java.util.concurrent.FutureTask.run(FutureTask.java:266)
	at java.util.concurrent.ThreadPoolExecutor.runWorker(ThreadPoolExecutor.java:1149)
	at java.util.concurrent.ThreadPoolExecutor$Worker.run(ThreadPoolExecutor.java:624)
	at java.lang.Thread.run(Thread.java:748)
</error>
    <system-out><![CDATA[2019-10-09 12:33:21,801 [main] WARN  server.ServerUtils (ServerUtils.java:getScmDbDir(145)) - ozone.scm.db.dirs is not configured. We recommend adding this setting. Falling back to ozone.metadata.dirs instead.
2019-10-09 12:33:21,905 [main] WARN  server.ServerUtils (ServerUtils.java:getScmDbDir(145)) - ozone.scm.db.dirs is not configured. We recommend adding this setting. Falling back to ozone.metadata.dirs instead.
2019-10-09 12:33:21,907 [main] WARN  server.ServerUtils (ServerUtils.java:getScmDbDir(145)) - ozone.scm.db.dirs is not configured. We recommend adding this setting. Falling back to ozone.metadata.dirs instead.
2019-10-09 12:33:21,919 [main] INFO  util.log (Log.java:initialized(192)) - Logging initialized @892ms
2019-10-09 12:33:21,998 [main] INFO  db.DBStoreBuilder (DBStoreBuilder.java:addTable(110)) - using custom profile for table: deletedBlocks
2019-10-09 12:33:21,998 [main] INFO  db.DBStoreBuilder (DBStoreBuilder.java:processTables(161)) - Using default column profile:DBProfile.DISK for Table:deletedBlocks
2019-10-09 12:33:21,999 [main] INFO  db.DBStoreBuilder (DBStoreBuilder.java:addTable(110)) - using custom profile for table: validCerts
2019-10-09 12:33:21,999 [main] INFO  db.DBStoreBuilder (DBStoreBuilder.java:processTables(161)) - Using default column profile:DBProfile.DISK for Table:validCerts
2019-10-09 12:33:21,999 [main] INFO  db.DBStoreBuilder (DBStoreBuilder.java:addTable(110)) - using custom profile for table: revokedCerts
2019-10-09 12:33:21,999 [main] INFO  db.DBStoreBuilder (DBStoreBuilder.java:processTables(161)) - Using default column profile:DBProfile.DISK for Table:revokedCerts
2019-10-09 12:33:22,009 [main] INFO  db.DBStoreBuilder (DBStoreBuilder.java:addTable(110)) - using custom profile for table: default
2019-10-09 12:33:22,009 [main] INFO  db.DBStoreBuilder (DBStoreBuilder.java:processTables(167)) - Using default column profile:DBProfile.DISK for Table:default
2019-10-09 12:33:22,010 [main] INFO  db.DBStoreBuilder (DBStoreBuilder.java:getDbProfile(198)) - Using default options. DBProfile.DISK
2019-10-09 12:33:22,280 [main] INFO  net.NodeSchemaLoader (NodeSchemaLoader.java:loadSchemaFromFile(125)) - Loading file from sun.misc.CompoundEnumeration@65fb9ffc
2019-10-09 12:33:22,282 [main] INFO  net.NodeSchemaLoader (NodeSchemaLoader.java:loadSchema(171)) - Loading network topology layer schema file
2019-10-09 12:33:22,355 [main] INFO  node.SCMNodeManager (SCMNodeManager.java:<init>(114)) - Entering startup safe mode.
2019-10-09 12:33:22,428 [main] INFO  algorithms.ContainerPlacementPolicyFactory (ContainerPlacementPolicyFactory.java:getPolicy(59)) - Create container placement policy of type org.apache.hadoop.hdds.scm.container.placement.algorithms.SCMContainerPlacementRandom
2019-10-09 12:33:22,442 [main] WARN  server.ServerUtils (ServerUtils.java:getScmDbDir(145)) - ozone.scm.db.dirs is not configured. We recommend adding this setting. Falling back to ozone.metadata.dirs instead.
2019-10-09 12:33:22,547 [main] INFO  pipeline.SCMPipelineManager (SCMPipelineManager.java:initializePipelineState(144)) - No pipeline exists in current db
2019-10-09 12:33:22,552 [main] WARN  server.ServerUtils (ServerUtils.java:getScmDbDir(145)) - ozone.scm.db.dirs is not configured. We recommend adding this setting. Falling back to ozone.metadata.dirs instead.
2019-10-09 12:33:22,676 [main] INFO  safemode.HealthyPipelineSafeModeRule (HealthyPipelineSafeModeRule.java:<init>(89)) -  Total pipeline count is 0, healthy pipeline threshold count is 1
2019-10-09 12:33:22,677 [main] INFO  safemode.OneReplicaPipelineSafeModeRule (OneReplicaPipelineSafeModeRule.java:<init>(88)) - Total pipeline count is 0, pipeline's with at least one datanode reported threshold count is 0
2019-10-09 12:33:22,678 [main] WARN  events.EventQueue (EventQueue.java:fireEvent(183)) - No event handler registered for event TypedEvent{payloadType=SafeModeStatus, name='SafeModeStatus'}
2019-10-09 12:33:23,099 [main] INFO  ipc.CallQueueManager (CallQueueManager.java:<init>(84)) - Using callQueue: class java.util.concurrent.LinkedBlockingQueue, queueCapacity: 2000, scheduler: class org.apache.hadoop.ipc.DefaultRpcScheduler, ipcBackoff: false.
2019-10-09 12:33:23,240 [Socket Reader #1 for port 45305] INFO  ipc.Server (Server.java:run(1074)) - Starting Socket Reader #1 for port 45305
2019-10-09 12:33:23,276 [main] INFO  ipc.CallQueueManager (CallQueueManager.java:<init>(84)) - Using callQueue: class java.util.concurrent.LinkedBlockingQueue, queueCapacity: 2000, scheduler: class org.apache.hadoop.ipc.DefaultRpcScheduler, ipcBackoff: false.
2019-10-09 12:33:23,277 [Socket Reader #1 for port 43618] INFO  ipc.Server (Server.java:run(1074)) - Starting Socket Reader #1 for port 43618
2019-10-09 12:33:23,287 [main] INFO  ipc.CallQueueManager (CallQueueManager.java:<init>(84)) - Using callQueue: class java.util.concurrent.LinkedBlockingQueue, queueCapacity: 2000, scheduler: class org.apache.hadoop.ipc.DefaultRpcScheduler, ipcBackoff: false.
2019-10-09 12:33:23,288 [Socket Reader #1 for port 40510] INFO  ipc.Server (Server.java:run(1074)) - Starting Socket Reader #1 for port 40510
2019-10-09 12:33:23,312 [main] INFO  hdfs.DFSUtil (DFSUtil.java:httpServerTemplateForNNAndJN(1641)) - Starting Web-server for scm at: http://0.0.0.0:0
2019-10-09 12:33:23,444 [main] INFO  server.AuthenticationFilter (AuthenticationFilter.java:constructSecretProvider(240)) - Unable to initialize FileSignerSecretProvider, falling back to use random secrets.
2019-10-09 12:33:23,459 [main] WARN  http.HttpRequestLog (HttpRequestLog.java:getRequestLog(97)) - Jetty request log can only be enabled using Log4j
2019-10-09 12:33:23,469 [main] INFO  http.HttpServer2 (HttpServer2.java:addGlobalFilter(975)) - Added global filter 'safety' (class=org.apache.hadoop.http.HttpServer2$QuotingInputFilter)
2019-10-09 12:33:23,471 [main] INFO  http.HttpServer2 (HttpServer2.java:addFilter(948)) - Added filter static_user_filter (class=org.apache.hadoop.http.lib.StaticUserWebFilter$StaticUserFilter) to context scm
2019-10-09 12:33:23,472 [main] INFO  http.HttpServer2 (HttpServer2.java:addFilter(958)) - Added filter static_user_filter (class=org.apache.hadoop.http.lib.StaticUserWebFilter$StaticUserFilter) to context static
2019-10-09 12:33:23,472 [main] INFO  http.HttpServer2 (HttpServer2.java:addFilter(958)) - Added filter static_user_filter (class=org.apache.hadoop.http.lib.StaticUserWebFilter$StaticUserFilter) to context logs
2019-10-09 12:33:23,499 [main] INFO  server.StorageContainerManager (StorageContainerManager.java:start(769)) - StorageContainerLocationProtocol RPC server is listening at /0.0.0.0:40510
2019-10-09 12:33:23,548 [main] WARN  impl.MetricsConfig (MetricsConfig.java:loadFirst(134)) - Cannot locate configuration: tried hadoop-metrics2-storagecontainermanager.properties,hadoop-metrics2.properties
2019-10-09 12:33:23,560 [main] INFO  impl.MetricsSystemImpl (MetricsSystemImpl.java:startTimer(374)) - Scheduled Metric snapshot period at 10 second(s).
2019-10-09 12:33:23,561 [main] INFO  impl.MetricsSystemImpl (MetricsSystemImpl.java:start(191)) - StorageContainerManager metrics system started
2019-10-09 12:33:23,833 [main] INFO  server.SCMClientProtocolServer (SCMClientProtocolServer.java:start(151)) - RPC server for Client  is listening at /0.0.0.0:40510
2019-10-09 12:33:23,834 [IPC Server Responder] INFO  ipc.Server (Server.java:run(1314)) - IPC Server Responder: starting
2019-10-09 12:33:23,835 [IPC Server listener on 40510] INFO  ipc.Server (Server.java:run(1153)) - IPC Server listener on 40510: starting
2019-10-09 12:33:23,838 [main] INFO  server.StorageContainerManager (StorageContainerManager.java:start(779)) - ScmBlockLocationProtocol RPC server is listening at /0.0.0.0:43618
2019-10-09 12:33:23,840 [main] INFO  server.SCMBlockProtocolServer (SCMBlockProtocolServer.java:start(146)) - RPC server for Block Protocol is listening at /0.0.0.0:43618
2019-10-09 12:33:23,841 [IPC Server Responder] INFO  ipc.Server (Server.java:run(1314)) - IPC Server Responder: starting
2019-10-09 12:33:23,842 [IPC Server listener on 43618] INFO  ipc.Server (Server.java:run(1153)) - IPC Server listener on 43618: starting
2019-10-09 12:33:23,847 [main] INFO  server.StorageContainerManager (StorageContainerManager.java:start(783)) - ScmDatanodeProtocl RPC server is listening at /0.0.0.0:45305
2019-10-09 12:33:23,847 [main] INFO  server.SCMDatanodeProtocolServer (SCMDatanodeProtocolServer.java:start(199)) - RPC server for DataNodes is listening at /0.0.0.0:45305
2019-10-09 12:33:23,848 [IPC Server Responder] INFO  ipc.Server (Server.java:run(1314)) - IPC Server Responder: starting
2019-10-09 12:33:23,848 [IPC Server listener on 45305] INFO  ipc.Server (Server.java:run(1153)) - IPC Server listener on 45305: starting
2019-10-09 12:33:23,858 [main] INFO  http.HttpServer2 (HttpServer2.java:bindListener(1191)) - Jetty bound to port 42175
2019-10-09 12:33:23,860 [main] INFO  server.Server (Server.java:doStart(351)) - jetty-9.3.25.v20180904, build timestamp: 2018-09-04T21:11:46Z, git hash: 3ce520221d0240229c862b122d2b06c12a625732
2019-10-09 12:33:23,898 [main] INFO  handler.ContextHandler (ContextHandler.java:doStart(781)) - Started o.e.j.s.ServletContextHandler@34f7234e{/logs,file:///workdir/hadoop-ozone/tools/target/log,AVAILABLE}
2019-10-09 12:33:23,899 [main] INFO  handler.ContextHandler (ContextHandler.java:doStart(781)) - Started o.e.j.s.ServletContextHandler@44e3a2b2{/static,jar:file:/home/user/.m2/repository/org/apache/hadoop/hadoop-hdds-server-scm/0.5.0-SNAPSHOT/hadoop-hdds-server-scm-0.5.0-SNAPSHOT.jar!/webapps/static,AVAILABLE}
2019-10-09 12:33:23,972 [main] INFO  handler.ContextHandler (ContextHandler.java:doStart(781)) - Started o.e.j.w.WebAppContext@ca27722{/,file:///tmp/jetty-0.0.0.0-42175-scm-_-any-6098342667241657855.dir/webapp/,AVAILABLE}{/scm}
2019-10-09 12:33:23,977 [main] INFO  server.AbstractConnector (AbstractConnector.java:doStart(278)) - Started ServerConnector@532721fd{HTTP/1.1,[http/1.1]}{0.0.0.0:42175}
2019-10-09 12:33:23,978 [main] INFO  server.Server (Server.java:doStart(419)) - Started @2951ms
2019-10-09 12:33:23,980 [main] INFO  impl.MetricsSinkAdapter (MetricsSinkAdapter.java:start(204)) - Sink prometheus started
2019-10-09 12:33:23,980 [main] INFO  impl.MetricsSystemImpl (MetricsSystemImpl.java:registerSink(301)) - Registered sink prometheus
2019-10-09 12:33:23,982 [main] INFO  server.BaseHttpServer (BaseHttpServer.java:updateConnectorAddress(215)) - HTTP server of SCM is listening at http://0.0.0.0:42175
2019-10-09 12:33:23,989 [org.apache.hadoop.util.JvmPauseMonitor$Monitor@3546d80f] INFO  util.JvmPauseMonitor (JvmPauseMonitor.java:run(188)) - Starting JVM pause monitor
2019-10-09 12:33:23,991 [main] WARN  server.ServerUtils (ServerUtils.java:getDBPath(222)) - ozone.om.db.dirs is not configured. We recommend adding this setting. Falling back to ozone.metadata.dirs instead.
2019-10-09 12:33:24,103 [main] WARN  server.ServerUtils (ServerUtils.java:getDBPath(222)) - ozone.om.db.dirs is not configured. We recommend adding this setting. Falling back to ozone.metadata.dirs instead.
2019-10-09 12:33:24,104 [main] WARN  server.ServerUtils (ServerUtils.java:getDBPath(222)) - ozone.om.db.dirs is not configured. We recommend adding this setting. Falling back to ozone.metadata.dirs instead.
2019-10-09 12:33:24,105 [main] INFO  om.OzoneManager (OzoneManager.java:setOMNodeDetails(652)) - OM Service ID is not set. Setting it to the default ID: omServiceIdDefault
2019-10-09 12:33:24,105 [main] INFO  om.OzoneManager (OzoneManager.java:setOMNodeDetails(658)) - OM Node ID is not set. Setting it to the OmStorage's OmID: a3cecba1-4c77-4f0c-a10d-2ae76d63a98c
2019-10-09 12:33:24,107 [main] INFO  om.OzoneManager (OzoneManager.java:loadOMHAConfigs(609)) - Found matching OM address with OMServiceId: null, OMNodeId: null, RPC Address: localhost:0 and Ratis port: 9872
2019-10-09 12:33:24,835 [main] WARN  server.ServerUtils (ServerUtils.java:getDBPath(222)) - ozone.om.db.dirs is not configured. We recommend adding this setting. Falling back to ozone.metadata.dirs instead.
2019-10-09 12:33:24,843 [main] INFO  db.DBStoreBuilder (DBStoreBuilder.java:addTable(110)) - using custom profile for table: userTable
2019-10-09 12:33:24,843 [main] INFO  db.DBStoreBuilder (DBStoreBuilder.java:processTables(161)) - Using default column profile:DBProfile.DISK for Table:userTable
2019-10-09 12:33:24,843 [main] INFO  db.DBStoreBuilder (DBStoreBuilder.java:addTable(110)) - using custom profile for table: volumeTable
2019-10-09 12:33:24,843 [main] INFO  db.DBStoreBuilder (DBStoreBuilder.java:processTables(161)) - Using default column profile:DBProfile.DISK for Table:volumeTable
2019-10-09 12:33:24,844 [main] INFO  db.DBStoreBuilder (DBStoreBuilder.java:addTable(110)) - using custom profile for table: bucketTable
2019-10-09 12:33:24,844 [main] INFO  db.DBStoreBuilder (DBStoreBuilder.java:processTables(161)) - Using default column profile:DBProfile.DISK for Table:bucketTable
2019-10-09 12:33:24,844 [main] INFO  db.DBStoreBuilder (DBStoreBuilder.java:addTable(110)) - using custom profile for table: keyTable
2019-10-09 12:33:24,844 [main] INFO  db.DBStoreBuilder (DBStoreBuilder.java:processTables(161)) - Using default column profile:DBProfile.DISK for Table:keyTable
2019-10-09 12:33:24,845 [main] INFO  db.DBStoreBuilder (DBStoreBuilder.java:addTable(110)) - using custom profile for table: deletedTable
2019-10-09 12:33:24,845 [main] INFO  db.DBStoreBuilder (DBStoreBuilder.java:processTables(161)) - Using default column profile:DBProfile.DISK for Table:deletedTable
2019-10-09 12:33:24,845 [main] INFO  db.DBStoreBuilder (DBStoreBuilder.java:addTable(110)) - using custom profile for table: openKeyTable
2019-10-09 12:33:24,845 [main] INFO  db.DBStoreBuilder (DBStoreBuilder.java:processTables(161)) - Using default column profile:DBProfile.DISK for Table:openKeyTable
2019-10-09 12:33:24,846 [main] INFO  db.DBStoreBuilder (DBStoreBuilder.java:addTable(110)) - using custom profile for table: s3Table
2019-10-09 12:33:24,846 [main] INFO  db.DBStoreBuilder (DBStoreBuilder.java:processTables(161)) - Using default column profile:DBProfile.DISK for Table:s3Table
2019-10-09 12:33:24,846 [main] INFO  db.DBStoreBuilder (DBStoreBuilder.java:addTable(110)) - using custom profile for table: multipartInfoTable
2019-10-09 12:33:24,846 [main] INFO  db.DBStoreBuilder (DBStoreBuilder.java:processTables(161)) - Using default column profile:DBProfile.DISK for Table:multipartInfoTable
2019-10-09 12:33:24,847 [main] INFO  db.DBStoreBuilder (DBStoreBuilder.java:addTable(110)) - using custom profile for table: dTokenTable
2019-10-09 12:33:24,847 [main] INFO  db.DBStoreBuilder (DBStoreBuilder.java:processTables(161)) - Using default column profile:DBProfile.DISK for Table:dTokenTable
2019-10-09 12:33:24,847 [main] INFO  db.DBStoreBuilder (DBStoreBuilder.java:addTable(110)) - using custom profile for table: s3SecretTable
2019-10-09 12:33:24,847 [main] INFO  db.DBStoreBuilder (DBStoreBuilder.java:processTables(161)) - Using default column profile:DBProfile.DISK for Table:s3SecretTable
2019-10-09 12:33:24,848 [main] INFO  db.DBStoreBuilder (DBStoreBuilder.java:addTable(110)) - using custom profile for table: prefixTable
2019-10-09 12:33:24,848 [main] INFO  db.DBStoreBuilder (DBStoreBuilder.java:processTables(161)) - Using default column profile:DBProfile.DISK for Table:prefixTable
2019-10-09 12:33:24,848 [main] INFO  db.DBStoreBuilder (DBStoreBuilder.java:addTable(110)) - using custom profile for table: default
2019-10-09 12:33:24,848 [main] INFO  db.DBStoreBuilder (DBStoreBuilder.java:processTables(167)) - Using default column profile:DBProfile.DISK for Table:default
2019-10-09 12:33:24,849 [main] INFO  db.DBStoreBuilder (DBStoreBuilder.java:getDbProfile(198)) - Using default options. DBProfile.DISK
2019-10-09 12:33:25,299 [main] INFO  ipc.CallQueueManager (CallQueueManager.java:<init>(84)) - Using callQueue: class java.util.concurrent.LinkedBlockingQueue, queueCapacity: 2000, scheduler: class org.apache.hadoop.ipc.DefaultRpcScheduler, ipcBackoff: false.
2019-10-09 12:33:25,300 [Socket Reader #1 for port 38169] INFO  ipc.Server (Server.java:run(1074)) - Starting Socket Reader #1 for port 38169
2019-10-09 12:33:25,325 [main] INFO  om.OzoneManager (OzoneManager.java:start(1243)) - OzoneManager RPC server is listening at localhost/127.0.0.1:38169
2019-10-09 12:33:25,325 [main] INFO  impl.MetricsSystemImpl (MetricsSystemImpl.java:init(158)) - OzoneManager metrics system started (again)
2019-10-09 12:33:25,326 [IPC Server Responder] INFO  ipc.Server (Server.java:run(1314)) - IPC Server Responder: starting
2019-10-09 12:33:25,326 [IPC Server listener on 38169] INFO  ipc.Server (Server.java:run(1153)) - IPC Server listener on 38169: starting
2019-10-09 12:33:25,332 [main] INFO  hdfs.DFSUtil (DFSUtil.java:httpServerTemplateForNNAndJN(1641)) - Starting Web-server for ozoneManager at: http://0.0.0.0:0
2019-10-09 12:33:25,335 [main] INFO  server.AuthenticationFilter (AuthenticationFilter.java:constructSecretProvider(240)) - Unable to initialize FileSignerSecretProvider, falling back to use random secrets.
2019-10-09 12:33:25,336 [main] WARN  http.HttpRequestLog (HttpRequestLog.java:getRequestLog(97)) - Jetty request log can only be enabled using Log4j
2019-10-09 12:33:25,339 [main] INFO  http.HttpServer2 (HttpServer2.java:addGlobalFilter(975)) - Added global filter 'safety' (class=org.apache.hadoop.http.HttpServer2$QuotingInputFilter)
2019-10-09 12:33:25,341 [main] INFO  http.HttpServer2 (HttpServer2.java:addFilter(948)) - Added filter static_user_filter (class=org.apache.hadoop.http.lib.StaticUserWebFilter$StaticUserFilter) to context ozoneManager
2019-10-09 12:33:25,341 [main] INFO  http.HttpServer2 (HttpServer2.java:addFilter(958)) - Added filter static_user_filter (class=org.apache.hadoop.http.lib.StaticUserWebFilter$StaticUserFilter) to context logs
2019-10-09 12:33:25,341 [main] INFO  http.HttpServer2 (HttpServer2.java:addFilter(958)) - Added filter static_user_filter (class=org.apache.hadoop.http.lib.StaticUserWebFilter$StaticUserFilter) to context static
2019-10-09 12:33:25,345 [main] INFO  http.HttpServer2 (HttpServer2.java:bindListener(1191)) - Jetty bound to port 33576
2019-10-09 12:33:25,345 [main] INFO  server.Server (Server.java:doStart(351)) - jetty-9.3.25.v20180904, build timestamp: 2018-09-04T21:11:46Z, git hash: 3ce520221d0240229c862b122d2b06c12a625732
2019-10-09 12:33:25,348 [main] INFO  handler.ContextHandler (ContextHandler.java:doStart(781)) - Started o.e.j.s.ServletContextHandler@441cc260{/logs,file:///workdir/hadoop-ozone/tools/target/log,AVAILABLE}
2019-10-09 12:33:25,349 [main] INFO  handler.ContextHandler (ContextHandler.java:doStart(781)) - Started o.e.j.s.ServletContextHandler@26dcd8c0{/static,jar:file:/home/user/.m2/repository/org/apache/hadoop/hadoop-ozone-ozone-manager/0.5.0-SNAPSHOT/hadoop-ozone-ozone-manager-0.5.0-SNAPSHOT.jar!/webapps/static,AVAILABLE}
2019-10-09 12:33:25,400 [main] INFO  handler.ContextHandler (ContextHandler.java:doStart(781)) - Started o.e.j.w.WebAppContext@24097e9b{/,file:///tmp/jetty-0.0.0.0-33576-ozoneManager-_-any-5330538254320466620.dir/webapp/,AVAILABLE}{/ozoneManager}
2019-10-09 12:33:25,400 [main] INFO  server.AbstractConnector (AbstractConnector.java:doStart(278)) - Started ServerConnector@5eb97ced{HTTP/1.1,[http/1.1]}{0.0.0.0:33576}
2019-10-09 12:33:25,405 [main] INFO  server.Server (Server.java:doStart(419)) - Started @4378ms
2019-10-09 12:33:25,405 [main] WARN  impl.MetricsSystemImpl (MetricsSystemImpl.java:register(276)) - Sink prometheus already exists!
2019-10-09 12:33:25,408 [main] INFO  server.BaseHttpServer (BaseHttpServer.java:updateConnectorAddress(215)) - HTTP server of OZONEMANAGER is listening at http://0.0.0.0:33576
2019-10-09 12:33:25,716 [main] INFO  impl.MetricsSystemImpl (MetricsSystemImpl.java:init(158)) - HddsDatanode metrics system started (again)
2019-10-09 12:33:25,766 [main] INFO  ozone.HddsDatanodeService (HddsDatanodeService.java:start(184)) - HddsDatanodeService host:pr-hdds-2034-v6pl4-3072628770 ip:192.168.30.33
2019-10-09 12:33:25,801 [main] INFO  volume.HddsVolume (HddsVolume.java:<init>(176)) - Creating Volume: /workdir/hadoop-ozone/tools/target/test-dir/MiniOzoneClusterImpl-522442ce-d41d-477e-af44-0bafda54b9fa/datanode-0/data/containers/hdds of  storage type : DISK and capacity : 1482555576320
2019-10-09 12:33:25,803 [main] INFO  volume.VolumeSet (VolumeSet.java:initializeVolumeSet(170)) - Added Volume : /workdir/hadoop-ozone/tools/target/test-dir/MiniOzoneClusterImpl-522442ce-d41d-477e-af44-0bafda54b9fa/datanode-0/data/containers/hdds to VolumeSet
2019-10-09 12:33:25,806 [main] INFO  volume.ThrottledAsyncChecker (ThrottledAsyncChecker.java:schedule(139)) - Scheduling a check for org.apache.hadoop.ozone.container.common.volume.HddsVolume@314c8b4a
2019-10-09 12:33:25,824 [main] INFO  volume.HddsVolumeChecker (HddsVolumeChecker.java:checkAllVolumes(202)) - Scheduled health check for volume org.apache.hadoop.ozone.container.common.volume.HddsVolume@314c8b4a
2019-10-09 12:33:26,004 [main] INFO  impl.RaftServerProxy (ConfUtils.java:logGet(43)) - raft.rpc.type = GRPC (default)
2019-10-09 12:33:26,079 [main] INFO  grpc.GrpcFactory (GrpcFactory.java:checkPooledByteBufAllocatorUseCacheForAllThreads(45)) - PERFORMANCE WARNING: useCacheForAllThreads is true that may cause Netty to create a lot garbage objects and, as a result, trigger GC.
	It is recommended to disable useCacheForAllThreads by setting -Dorg.apache.ratis.thirdparty.io.netty.allocator.useCacheForAllThreads=false in command line.
2019-10-09 12:33:26,084 [main] INFO  grpc.GrpcConfigKeys$Server (ConfUtils.java:logGet(43)) - raft.grpc.server.port = 0 (default)
2019-10-09 12:33:26,085 [main] INFO  server.GrpcService (ConfUtils.java:logGet(43)) - raft.grpc.message.size.max = 33570816 (custom)
2019-10-09 12:33:26,087 [main] INFO  server.RaftServerConfigKeys (ConfUtils.java:logGet(43)) - raft.server.log.appender.buffer.byte-limit = 33554432 (custom)
2019-10-09 12:33:26,088 [main] INFO  server.GrpcService (ConfUtils.java:logGet(43)) - raft.grpc.flow.control.window = 1MB (=1048576) (default)
2019-10-09 12:33:26,089 [main] INFO  server.RaftServerConfigKeys (ConfUtils.java:logGet(43)) - raft.server.rpc.request.timeout = 3000ms (default)
2019-10-09 12:33:26,258 [main] INFO  server.RaftServerConfigKeys (ConfUtils.java:logGet(43)) - raft.server.storage.dir = [/workdir/hadoop-ozone/tools/target/test-dir/MiniOzoneClusterImpl-522442ce-d41d-477e-af44-0bafda54b9fa/datanode-0/data/ratis] (custom)
2019-10-09 12:33:26,315 [main] INFO  hdfs.DFSUtil (DFSUtil.java:httpServerTemplateForNNAndJN(1641)) - Starting Web-server for hddsDatanode at: http://0.0.0.0:0
2019-10-09 12:33:26,318 [main] INFO  server.AuthenticationFilter (AuthenticationFilter.java:constructSecretProvider(240)) - Unable to initialize FileSignerSecretProvider, falling back to use random secrets.
2019-10-09 12:33:26,319 [main] WARN  http.HttpRequestLog (HttpRequestLog.java:getRequestLog(97)) - Jetty request log can only be enabled using Log4j
2019-10-09 12:33:26,323 [main] INFO  http.HttpServer2 (HttpServer2.java:addGlobalFilter(975)) - Added global filter 'safety' (class=org.apache.hadoop.http.HttpServer2$QuotingInputFilter)
2019-10-09 12:33:26,324 [main] INFO  http.HttpServer2 (HttpServer2.java:addFilter(948)) - Added filter static_user_filter (class=org.apache.hadoop.http.lib.StaticUserWebFilter$StaticUserFilter) to context hddsDatanode
2019-10-09 12:33:26,324 [main] INFO  http.HttpServer2 (HttpServer2.java:addFilter(958)) - Added filter static_user_filter (class=org.apache.hadoop.http.lib.StaticUserWebFilter$StaticUserFilter) to context static
2019-10-09 12:33:26,325 [main] INFO  http.HttpServer2 (HttpServer2.java:addFilter(958)) - Added filter static_user_filter (class=org.apache.hadoop.http.lib.StaticUserWebFilter$StaticUserFilter) to context logs
2019-10-09 12:33:26,327 [main] INFO  http.HttpServer2 (HttpServer2.java:bindListener(1191)) - Jetty bound to port 44129
2019-10-09 12:33:26,327 [main] INFO  server.Server (Server.java:doStart(351)) - jetty-9.3.25.v20180904, build timestamp: 2018-09-04T21:11:46Z, git hash: 3ce520221d0240229c862b122d2b06c12a625732
2019-10-09 12:33:26,331 [main] INFO  handler.ContextHandler (ContextHandler.java:doStart(781)) - Started o.e.j.s.ServletContextHandler@d109c4f{/logs,file:///workdir/hadoop-ozone/tools/target/log,AVAILABLE}
2019-10-09 12:33:26,333 [main] INFO  handler.ContextHandler (ContextHandler.java:doStart(781)) - Started o.e.j.s.ServletContextHandler@26f46fa6{/static,jar:file:/home/user/.m2/repository/org/apache/hadoop/hadoop-hdds-container-service/0.5.0-SNAPSHOT/hadoop-hdds-container-service-0.5.0-SNAPSHOT.jar!/webapps/static,AVAILABLE}
2019-10-09 12:33:26,383 [main] INFO  handler.ContextHandler (ContextHandler.java:doStart(781)) - Started o.e.j.w.WebAppContext@3e33d73e{/,file:///tmp/jetty-0.0.0.0-44129-hddsDatanode-_-any-5765289740438480012.dir/webapp/,AVAILABLE}{/hddsDatanode}
2019-10-09 12:33:26,384 [main] INFO  server.AbstractConnector (AbstractConnector.java:doStart(278)) - Started ServerConnector@6981f8f3{HTTP/1.1,[http/1.1]}{0.0.0.0:44129}
2019-10-09 12:33:26,385 [main] INFO  server.Server (Server.java:doStart(419)) - Started @5358ms
2019-10-09 12:33:26,386 [main] WARN  impl.MetricsSystemImpl (MetricsSystemImpl.java:register(276)) - Sink prometheus already exists!
2019-10-09 12:33:26,387 [main] INFO  server.BaseHttpServer (BaseHttpServer.java:updateConnectorAddress(215)) - HTTP server of HDDSDATANODE is listening at http://0.0.0.0:44129
2019-10-09 12:33:26,389 [main] INFO  impl.MetricsSystemImpl (MetricsSystemImpl.java:init(158)) - HddsDatanode metrics system started (again)
2019-10-09 12:33:26,392 [main] INFO  ozone.HddsDatanodeService (HddsDatanodeService.java:start(184)) - HddsDatanodeService host:pr-hdds-2034-v6pl4-3072628770 ip:192.168.30.33
2019-10-09 12:33:26,394 [org.apache.hadoop.util.JvmPauseMonitor$Monitor@9d7d91] INFO  util.JvmPauseMonitor (JvmPauseMonitor.java:run(188)) - Starting JVM pause monitor
2019-10-09 12:33:26,401 [main] INFO  volume.HddsVolume (HddsVolume.java:<init>(176)) - Creating Volume: /workdir/hadoop-ozone/tools/target/test-dir/MiniOzoneClusterImpl-522442ce-d41d-477e-af44-0bafda54b9fa/datanode-1/data/containers/hdds of  storage type : DISK and capacity : 1482555576320
2019-10-09 12:33:26,402 [main] INFO  volume.VolumeSet (VolumeSet.java:initializeVolumeSet(170)) - Added Volume : /workdir/hadoop-ozone/tools/target/test-dir/MiniOzoneClusterImpl-522442ce-d41d-477e-af44-0bafda54b9fa/datanode-1/data/containers/hdds to VolumeSet
2019-10-09 12:33:26,402 [main] INFO  volume.ThrottledAsyncChecker (ThrottledAsyncChecker.java:schedule(139)) - Scheduling a check for org.apache.hadoop.ozone.container.common.volume.HddsVolume@4b6e1c0
2019-10-09 12:33:26,403 [main] INFO  volume.HddsVolumeChecker (HddsVolumeChecker.java:checkAllVolumes(202)) - Scheduled health check for volume org.apache.hadoop.ozone.container.common.volume.HddsVolume@4b6e1c0
2019-10-09 12:33:26,422 [main] INFO  impl.RaftServerProxy (ConfUtils.java:logGet(43)) - raft.rpc.type = GRPC (default)
2019-10-09 12:33:26,423 [main] INFO  grpc.GrpcFactory (GrpcFactory.java:checkPooledByteBufAllocatorUseCacheForAllThreads(45)) - PERFORMANCE WARNING: useCacheForAllThreads is true that may cause Netty to create a lot garbage objects and, as a result, trigger GC.
	It is recommended to disable useCacheForAllThreads by setting -Dorg.apache.ratis.thirdparty.io.netty.allocator.useCacheForAllThreads=false in command line.
2019-10-09 12:33:26,423 [main] INFO  grpc.GrpcConfigKeys$Server (ConfUtils.java:logGet(43)) - raft.grpc.server.port = 0 (default)
2019-10-09 12:33:26,423 [main] INFO  server.GrpcService (ConfUtils.java:logGet(43)) - raft.grpc.message.size.max = 33570816 (custom)
2019-10-09 12:33:26,423 [main] INFO  server.RaftServerConfigKeys (ConfUtils.java:logGet(43)) - raft.server.log.appender.buffer.byte-limit = 33554432 (custom)
2019-10-09 12:33:26,424 [main] INFO  server.GrpcService (ConfUtils.java:logGet(43)) - raft.grpc.flow.control.window = 1MB (=1048576) (default)
2019-10-09 12:33:26,424 [main] INFO  server.RaftServerConfigKeys (ConfUtils.java:logGet(43)) - raft.server.rpc.request.timeout = 3000ms (default)
2019-10-09 12:33:26,425 [main] INFO  server.RaftServerConfigKeys (ConfUtils.java:logGet(43)) - raft.server.storage.dir = [/workdir/hadoop-ozone/tools/target/test-dir/MiniOzoneClusterImpl-522442ce-d41d-477e-af44-0bafda54b9fa/datanode-1/data/ratis] (custom)
2019-10-09 12:33:26,426 [main] INFO  hdfs.DFSUtil (DFSUtil.java:httpServerTemplateForNNAndJN(1641)) - Starting Web-server for hddsDatanode at: http://0.0.0.0:0
2019-10-09 12:33:26,428 [main] INFO  server.AuthenticationFilter (AuthenticationFilter.java:constructSecretProvider(240)) - Unable to initialize FileSignerSecretProvider, falling back to use random secrets.
2019-10-09 12:33:26,429 [main] WARN  http.HttpRequestLog (HttpRequestLog.java:getRequestLog(97)) - Jetty request log can only be enabled using Log4j
2019-10-09 12:33:26,431 [main] INFO  http.HttpServer2 (HttpServer2.java:addGlobalFilter(975)) - Added global filter 'safety' (class=org.apache.hadoop.http.HttpServer2$QuotingInputFilter)
2019-10-09 12:33:26,431 [main] INFO  http.HttpServer2 (HttpServer2.java:addFilter(948)) - Added filter static_user_filter (class=org.apache.hadoop.http.lib.StaticUserWebFilter$StaticUserFilter) to context hddsDatanode
2019-10-09 12:33:26,432 [main] INFO  http.HttpServer2 (HttpServer2.java:addFilter(958)) - Added filter static_user_filter (class=org.apache.hadoop.http.lib.StaticUserWebFilter$StaticUserFilter) to context static
2019-10-09 12:33:26,432 [main] INFO  http.HttpServer2 (HttpServer2.java:addFilter(958)) - Added filter static_user_filter (class=org.apache.hadoop.http.lib.StaticUserWebFilter$StaticUserFilter) to context logs
2019-10-09 12:33:26,433 [main] INFO  http.HttpServer2 (HttpServer2.java:bindListener(1191)) - Jetty bound to port 44843
2019-10-09 12:33:26,433 [main] INFO  server.Server (Server.java:doStart(351)) - jetty-9.3.25.v20180904, build timestamp: 2018-09-04T21:11:46Z, git hash: 3ce520221d0240229c862b122d2b06c12a625732
2019-10-09 12:33:26,438 [main] INFO  handler.ContextHandler (ContextHandler.java:doStart(781)) - Started o.e.j.s.ServletContextHandler@5679e96b{/logs,file:///workdir/hadoop-ozone/tools/target/log,AVAILABLE}
2019-10-09 12:33:26,438 [main] INFO  handler.ContextHandler (ContextHandler.java:doStart(781)) - Started o.e.j.s.ServletContextHandler@3bbf841e{/static,jar:file:/home/user/.m2/repository/org/apache/hadoop/hadoop-hdds-container-service/0.5.0-SNAPSHOT/hadoop-hdds-container-service-0.5.0-SNAPSHOT.jar!/webapps/static,AVAILABLE}
2019-10-09 12:33:26,470 [main] INFO  handler.ContextHandler (ContextHandler.java:doStart(781)) - Started o.e.j.w.WebAppContext@5b5e7036{/,file:///tmp/jetty-0.0.0.0-44843-hddsDatanode-_-any-391634312662172730.dir/webapp/,AVAILABLE}{/hddsDatanode}
2019-10-09 12:33:26,471 [main] INFO  server.AbstractConnector (AbstractConnector.java:doStart(278)) - Started ServerConnector@62dbe64e{HTTP/1.1,[http/1.1]}{0.0.0.0:44843}
2019-10-09 12:33:26,472 [main] INFO  server.Server (Server.java:doStart(419)) - Started @5445ms
2019-10-09 12:33:26,472 [main] WARN  impl.MetricsSystemImpl (MetricsSystemImpl.java:register(276)) - Sink prometheus already exists!
2019-10-09 12:33:26,473 [main] INFO  server.BaseHttpServer (BaseHttpServer.java:updateConnectorAddress(215)) - HTTP server of HDDSDATANODE is listening at http://0.0.0.0:44843
2019-10-09 12:33:26,473 [main] INFO  impl.MetricsSystemImpl (MetricsSystemImpl.java:init(158)) - HddsDatanode metrics system started (again)
2019-10-09 12:33:26,475 [org.apache.hadoop.util.JvmPauseMonitor$Monitor@1b718466] INFO  util.JvmPauseMonitor (JvmPauseMonitor.java:run(188)) - Starting JVM pause monitor
2019-10-09 12:33:26,476 [main] INFO  ozone.HddsDatanodeService (HddsDatanodeService.java:start(184)) - HddsDatanodeService host:pr-hdds-2034-v6pl4-3072628770 ip:192.168.30.33
2019-10-09 12:33:26,483 [main] INFO  volume.HddsVolume (HddsVolume.java:<init>(176)) - Creating Volume: /workdir/hadoop-ozone/tools/target/test-dir/MiniOzoneClusterImpl-522442ce-d41d-477e-af44-0bafda54b9fa/datanode-2/data/containers/hdds of  storage type : DISK and capacity : 1482555576320
2019-10-09 12:33:26,484 [main] INFO  volume.VolumeSet (VolumeSet.java:initializeVolumeSet(170)) - Added Volume : /workdir/hadoop-ozone/tools/target/test-dir/MiniOzoneClusterImpl-522442ce-d41d-477e-af44-0bafda54b9fa/datanode-2/data/containers/hdds to VolumeSet
2019-10-09 12:33:26,484 [main] INFO  volume.ThrottledAsyncChecker (ThrottledAsyncChecker.java:schedule(139)) - Scheduling a check for org.apache.hadoop.ozone.container.common.volume.HddsVolume@c3edf4c
2019-10-09 12:33:26,484 [main] INFO  volume.HddsVolumeChecker (HddsVolumeChecker.java:checkAllVolumes(202)) - Scheduled health check for volume org.apache.hadoop.ozone.container.common.volume.HddsVolume@c3edf4c
2019-10-09 12:33:26,495 [Datanode State Machine Thread - 0] INFO  datanode.InitDatanodeState (InitDatanodeState.java:persistContainerDatanodeDetails(140)) - DatanodeDetails is persisted to /workdir/hadoop-ozone/tools/target/test-dir/MiniOzoneClusterImpl-522442ce-d41d-477e-af44-0bafda54b9fa/datanode-0/meta/datanode.id
2019-10-09 12:33:26,498 [Datanode State Machine Thread - 0] INFO  datanode.InitDatanodeState (InitDatanodeState.java:persistContainerDatanodeDetails(140)) - DatanodeDetails is persisted to /workdir/hadoop-ozone/tools/target/test-dir/MiniOzoneClusterImpl-522442ce-d41d-477e-af44-0bafda54b9fa/datanode-1/meta/datanode.id
2019-10-09 12:33:26,503 [main] INFO  impl.RaftServerProxy (ConfUtils.java:logGet(43)) - raft.rpc.type = GRPC (default)
2019-10-09 12:33:26,503 [main] INFO  grpc.GrpcFactory (GrpcFactory.java:checkPooledByteBufAllocatorUseCacheForAllThreads(45)) - PERFORMANCE WARNING: useCacheForAllThreads is true that may cause Netty to create a lot garbage objects and, as a result, trigger GC.
	It is recommended to disable useCacheForAllThreads by setting -Dorg.apache.ratis.thirdparty.io.netty.allocator.useCacheForAllThreads=false in command line.
2019-10-09 12:33:26,503 [main] INFO  grpc.GrpcConfigKeys$Server (ConfUtils.java:logGet(43)) - raft.grpc.server.port = 0 (default)
2019-10-09 12:33:26,503 [main] INFO  server.GrpcService (ConfUtils.java:logGet(43)) - raft.grpc.message.size.max = 33570816 (custom)
2019-10-09 12:33:26,504 [main] INFO  server.RaftServerConfigKeys (ConfUtils.java:logGet(43)) - raft.server.log.appender.buffer.byte-limit = 33554432 (custom)
2019-10-09 12:33:26,504 [main] INFO  server.GrpcService (ConfUtils.java:logGet(43)) - raft.grpc.flow.control.window = 1MB (=1048576) (default)
2019-10-09 12:33:26,504 [main] INFO  server.RaftServerConfigKeys (ConfUtils.java:logGet(43)) - raft.server.rpc.request.timeout = 3000ms (default)
2019-10-09 12:33:26,505 [main] INFO  server.RaftServerConfigKeys (ConfUtils.java:logGet(43)) - raft.server.storage.dir = [/workdir/hadoop-ozone/tools/target/test-dir/MiniOzoneClusterImpl-522442ce-d41d-477e-af44-0bafda54b9fa/datanode-2/data/ratis] (custom)
2019-10-09 12:33:26,508 [main] INFO  hdfs.DFSUtil (DFSUtil.java:httpServerTemplateForNNAndJN(1641)) - Starting Web-server for hddsDatanode at: http://0.0.0.0:0
2019-10-09 12:33:26,509 [main] INFO  server.AuthenticationFilter (AuthenticationFilter.java:constructSecretProvider(240)) - Unable to initialize FileSignerSecretProvider, falling back to use random secrets.
2019-10-09 12:33:26,510 [main] WARN  http.HttpRequestLog (HttpRequestLog.java:getRequestLog(97)) - Jetty request log can only be enabled using Log4j
2019-10-09 12:33:26,511 [main] INFO  http.HttpServer2 (HttpServer2.java:addGlobalFilter(975)) - Added global filter 'safety' (class=org.apache.hadoop.http.HttpServer2$QuotingInputFilter)
2019-10-09 12:33:26,512 [main] INFO  http.HttpServer2 (HttpServer2.java:addFilter(948)) - Added filter static_user_filter (class=org.apache.hadoop.http.lib.StaticUserWebFilter$StaticUserFilter) to context hddsDatanode
2019-10-09 12:33:26,512 [main] INFO  http.HttpServer2 (HttpServer2.java:addFilter(958)) - Added filter static_user_filter (class=org.apache.hadoop.http.lib.StaticUserWebFilter$StaticUserFilter) to context logs
2019-10-09 12:33:26,512 [main] INFO  http.HttpServer2 (HttpServer2.java:addFilter(958)) - Added filter static_user_filter (class=org.apache.hadoop.http.lib.StaticUserWebFilter$StaticUserFilter) to context static
2019-10-09 12:33:26,513 [main] INFO  http.HttpServer2 (HttpServer2.java:bindListener(1191)) - Jetty bound to port 38598
2019-10-09 12:33:26,513 [main] INFO  server.Server (Server.java:doStart(351)) - jetty-9.3.25.v20180904, build timestamp: 2018-09-04T21:11:46Z, git hash: 3ce520221d0240229c862b122d2b06c12a625732
2019-10-09 12:33:26,515 [main] INFO  handler.ContextHandler (ContextHandler.java:doStart(781)) - Started o.e.j.s.ServletContextHandler@1cd3b138{/logs,file:///workdir/hadoop-ozone/tools/target/log,AVAILABLE}
2019-10-09 12:33:26,515 [main] INFO  handler.ContextHandler (ContextHandler.java:doStart(781)) - Started o.e.j.s.ServletContextHandler@5a6d30e2{/static,jar:file:/home/user/.m2/repository/org/apache/hadoop/hadoop-hdds-container-service/0.5.0-SNAPSHOT/hadoop-hdds-container-service-0.5.0-SNAPSHOT.jar!/webapps/static,AVAILABLE}
2019-10-09 12:33:26,544 [main] INFO  handler.ContextHandler (ContextHandler.java:doStart(781)) - Started o.e.j.w.WebAppContext@6342d610{/,file:///tmp/jetty-0.0.0.0-38598-hddsDatanode-_-any-1131022740734431363.dir/webapp/,AVAILABLE}{/hddsDatanode}
2019-10-09 12:33:26,545 [main] INFO  server.AbstractConnector (AbstractConnector.java:doStart(278)) - Started ServerConnector@dc4a691{HTTP/1.1,[http/1.1]}{0.0.0.0:38598}
2019-10-09 12:33:26,546 [main] INFO  server.Server (Server.java:doStart(419)) - Started @5519ms
2019-10-09 12:33:26,547 [main] WARN  impl.MetricsSystemImpl (MetricsSystemImpl.java:register(276)) - Sink prometheus already exists!
2019-10-09 12:33:26,548 [main] INFO  server.BaseHttpServer (BaseHttpServer.java:updateConnectorAddress(215)) - HTTP server of HDDSDATANODE is listening at http://0.0.0.0:38598
2019-10-09 12:33:26,550 [main] INFO  ozone.MiniOzoneClusterImpl (MiniOzoneClusterImpl.java:lambda$waitForClusterToBeReady$0(149)) - Waiting for nodes to be ready. Got 0 of 3 DN Heartbeats.
2019-10-09 12:33:26,550 [main] INFO  ozone.MiniOzoneClusterImpl (MiniOzoneClusterImpl.java:lambda$waitForClusterToBeReady$0(152)) - Waiting for cluster to exit safe mode
2019-10-09 12:33:26,550 [org.apache.hadoop.util.JvmPauseMonitor$Monitor@477b35d7] INFO  util.JvmPauseMonitor (JvmPauseMonitor.java:run(188)) - Starting JVM pause monitor
2019-10-09 12:33:26,552 [Datanode State Machine Thread - 0] INFO  datanode.InitDatanodeState (InitDatanodeState.java:persistContainerDatanodeDetails(140)) - DatanodeDetails is persisted to /workdir/hadoop-ozone/tools/target/test-dir/MiniOzoneClusterImpl-522442ce-d41d-477e-af44-0bafda54b9fa/datanode-2/meta/datanode.id
2019-10-09 12:33:27,551 [main] INFO  ozone.MiniOzoneClusterImpl (MiniOzoneClusterImpl.java:lambda$waitForClusterToBeReady$0(149)) - Waiting for nodes to be ready. Got 0 of 3 DN Heartbeats.
2019-10-09 12:33:27,552 [main] INFO  ozone.MiniOzoneClusterImpl (MiniOzoneClusterImpl.java:lambda$waitForClusterToBeReady$0(152)) - Waiting for cluster to exit safe mode
2019-10-09 12:33:28,446 [Datanode State Machine Thread - 0] INFO  ozoneimpl.OzoneContainer (OzoneContainer.java:start(217)) - Attempting to start container services.
2019-10-09 12:33:28,448 [Datanode State Machine Thread - 0] INFO  ozoneimpl.OzoneContainer (OzoneContainer.java:startContainerScrub(179)) - Background container scanner has been disabled.
2019-10-09 12:33:28,448 [Datanode State Machine Thread - 0] INFO  ratis.XceiverServerRatis (XceiverServerRatis.java:start(412)) - Starting XceiverServerRatis 15c7087e-3faa-44da-8bcf-ba6d8474606b at port 0
2019-10-09 12:33:28,468 [Datanode State Machine Thread - 0] INFO  impl.RaftServerProxy (RaftServerProxy.java:lambda$start$3(299)) - 15c7087e-3faa-44da-8bcf-ba6d8474606b: start RPC server
2019-10-09 12:33:28,499 [Datanode State Machine Thread - 0] INFO  ozoneimpl.OzoneContainer (OzoneContainer.java:start(217)) - Attempting to start container services.
2019-10-09 12:33:28,505 [Datanode State Machine Thread - 0] INFO  ozoneimpl.OzoneContainer (OzoneContainer.java:startContainerScrub(179)) - Background container scanner has been disabled.
2019-10-09 12:33:28,506 [Datanode State Machine Thread - 0] INFO  ratis.XceiverServerRatis (XceiverServerRatis.java:start(412)) - Starting XceiverServerRatis f3086b94-a975-49b7-9107-e3b3e2cbc81b at port 0
2019-10-09 12:33:28,515 [Datanode State Machine Thread - 0] INFO  impl.RaftServerProxy (RaftServerProxy.java:lambda$start$3(299)) - f3086b94-a975-49b7-9107-e3b3e2cbc81b: start RPC server
2019-10-09 12:33:28,552 [main] INFO  ozone.MiniOzoneClusterImpl (MiniOzoneClusterImpl.java:lambda$waitForClusterToBeReady$0(149)) - Waiting for nodes to be ready. Got 0 of 3 DN Heartbeats.
2019-10-09 12:33:28,553 [main] INFO  ozone.MiniOzoneClusterImpl (MiniOzoneClusterImpl.java:lambda$waitForClusterToBeReady$0(152)) - Waiting for cluster to exit safe mode
2019-10-09 12:33:28,567 [Datanode State Machine Thread - 0] INFO  ozoneimpl.OzoneContainer (OzoneContainer.java:start(217)) - Attempting to start container services.
2019-10-09 12:33:28,569 [Datanode State Machine Thread - 0] INFO  ozoneimpl.OzoneContainer (OzoneContainer.java:startContainerScrub(179)) - Background container scanner has been disabled.
2019-10-09 12:33:28,569 [Datanode State Machine Thread - 0] INFO  ratis.XceiverServerRatis (XceiverServerRatis.java:start(412)) - Starting XceiverServerRatis 52d79d12-8dd1-42de-aa00-ce8a3521ad19 at port 0
2019-10-09 12:33:28,577 [Datanode State Machine Thread - 0] INFO  impl.RaftServerProxy (RaftServerProxy.java:lambda$start$3(299)) - 52d79d12-8dd1-42de-aa00-ce8a3521ad19: start RPC server
2019-10-09 12:33:28,622 [Datanode State Machine Thread - 0] INFO  server.GrpcService (GrpcService.java:startImpl(158)) - 15c7087e-3faa-44da-8bcf-ba6d8474606b: GrpcService started, listening on 0.0.0.0/0.0.0.0:44188
2019-10-09 12:33:28,622 [Datanode State Machine Thread - 0] INFO  server.GrpcService (GrpcService.java:startImpl(158)) - f3086b94-a975-49b7-9107-e3b3e2cbc81b: GrpcService started, listening on 0.0.0.0/0.0.0.0:45686
2019-10-09 12:33:28,622 [Datanode State Machine Thread - 0] INFO  server.GrpcService (GrpcService.java:startImpl(158)) - 52d79d12-8dd1-42de-aa00-ce8a3521ad19: GrpcService started, listening on 0.0.0.0/0.0.0.0:45595
2019-10-09 12:33:28,623 [Datanode State Machine Thread - 0] INFO  ratis.XceiverServerRatis (XceiverServerRatis.java:start(422)) - XceiverServerRatis f3086b94-a975-49b7-9107-e3b3e2cbc81b is started using port 45686
2019-10-09 12:33:28,623 [Datanode State Machine Thread - 0] INFO  ratis.XceiverServerRatis (XceiverServerRatis.java:start(422)) - XceiverServerRatis 15c7087e-3faa-44da-8bcf-ba6d8474606b is started using port 44188
2019-10-09 12:33:28,623 [Datanode State Machine Thread - 0] INFO  ratis.XceiverServerRatis (XceiverServerRatis.java:start(422)) - XceiverServerRatis 52d79d12-8dd1-42de-aa00-ce8a3521ad19 is started using port 45595
2019-10-09 12:33:28,628 [Datanode State Machine Thread - 0] INFO  server.XceiverServerGrpc (XceiverServerGrpc.java:start(149)) - XceiverServerGrpc f3086b94-a975-49b7-9107-e3b3e2cbc81b is started using port 37217
2019-10-09 12:33:28,628 [Datanode State Machine Thread - 0] INFO  server.XceiverServerGrpc (XceiverServerGrpc.java:start(149)) - XceiverServerGrpc 15c7087e-3faa-44da-8bcf-ba6d8474606b is started using port 37890
2019-10-09 12:33:28,628 [Datanode State Machine Thread - 0] INFO  server.XceiverServerGrpc (XceiverServerGrpc.java:start(149)) - XceiverServerGrpc 52d79d12-8dd1-42de-aa00-ce8a3521ad19 is started using port 44309
2019-10-09 12:33:29,553 [main] INFO  ozone.MiniOzoneClusterImpl (MiniOzoneClusterImpl.java:lambda$waitForClusterToBeReady$0(149)) - Waiting for nodes to be ready. Got 0 of 3 DN Heartbeats.
2019-10-09 12:33:29,554 [main] INFO  ozone.MiniOzoneClusterImpl (MiniOzoneClusterImpl.java:lambda$waitForClusterToBeReady$0(152)) - Waiting for cluster to exit safe mode
2019-10-09 12:33:30,438 [IPC Server handler 2 on 45305] INFO  net.NetworkTopology (NetworkTopologyImpl.java:add(111)) - Added a new node: /default-rack/15c7087e-3faa-44da-8bcf-ba6d8474606b
2019-10-09 12:33:30,439 [IPC Server handler 2 on 45305] INFO  node.SCMNodeManager (SCMNodeManager.java:register(266)) - Registered Data node : 15c7087e-3faa-44da-8bcf-ba6d8474606b{ip: 192.168.30.33, host: pr-hdds-2034-v6pl4-3072628770, networkLocation: /default-rack, certSerialId: null}
2019-10-09 12:33:30,442 [EventQueue-NodeRegistrationContainerReportForContainerSafeModeRule] INFO  safemode.SCMSafeModeManager (SCMSafeModeManager.java:validateSafeModeExitRules(169)) - ContainerSafeModeRule rule is successfully validated
2019-10-09 12:33:30,442 [EventQueue-NodeRegistrationContainerReportForDataNodeSafeModeRule] INFO  safemode.SCMSafeModeManager (DataNodeSafeModeRule.java:process(71)) - SCM in safe mode. 1 DataNodes registered, 1 required.
2019-10-09 12:33:30,443 [EventQueue-NodeRegistrationContainerReportForDataNodeSafeModeRule] INFO  safemode.SCMSafeModeManager (SCMSafeModeManager.java:validateSafeModeExitRules(169)) - DataNodeSafeModeRule rule is successfully validated
2019-10-09 12:33:30,446 [RatisPipelineUtilsThread] INFO  pipeline.RatisPipelineProvider (RatisPipelineProvider.java:lambda$create$4(164)) - Send pipeline:PipelineID=5e616496-aca1-47f7-b060-768fdd380619 create command to datanode 15c7087e-3faa-44da-8bcf-ba6d8474606b
2019-10-09 12:33:30,478 [IPC Server handler 0 on 45305] INFO  net.NetworkTopology (NetworkTopologyImpl.java:add(111)) - Added a new node: /default-rack/f3086b94-a975-49b7-9107-e3b3e2cbc81b
2019-10-09 12:33:30,479 [IPC Server handler 0 on 45305] INFO  node.SCMNodeManager (SCMNodeManager.java:register(266)) - Registered Data node : f3086b94-a975-49b7-9107-e3b3e2cbc81b{ip: 192.168.30.33, host: pr-hdds-2034-v6pl4-3072628770, networkLocation: /default-rack, certSerialId: null}
2019-10-09 12:33:30,479 [EventQueue-NodeRegistrationContainerReportForContainerSafeModeRule] INFO  safemode.SCMSafeModeManager (SCMSafeModeManager.java:validateSafeModeExitRules(169)) - ContainerSafeModeRule rule is successfully validated
2019-10-09 12:33:30,479 [EventQueue-NodeRegistrationContainerReportForDataNodeSafeModeRule] INFO  safemode.SCMSafeModeManager (SCMSafeModeManager.java:validateSafeModeExitRules(169)) - DataNodeSafeModeRule rule is successfully validated
2019-10-09 12:33:30,480 [RatisPipelineUtilsThread] INFO  pipeline.RatisPipelineProvider (RatisPipelineProvider.java:lambda$create$4(164)) - Send pipeline:PipelineID=aafaf8e1-3b3a-4388-bc3f-a27d9c293b04 create command to datanode f3086b94-a975-49b7-9107-e3b3e2cbc81b
2019-10-09 12:33:30,553 [IPC Server handler 4 on 45305] INFO  net.NetworkTopology (NetworkTopologyImpl.java:add(111)) - Added a new node: /default-rack/52d79d12-8dd1-42de-aa00-ce8a3521ad19
2019-10-09 12:33:30,554 [IPC Server handler 4 on 45305] INFO  node.SCMNodeManager (SCMNodeManager.java:register(266)) - Registered Data node : 52d79d12-8dd1-42de-aa00-ce8a3521ad19{ip: 192.168.30.33, host: pr-hdds-2034-v6pl4-3072628770, networkLocation: /default-rack, certSerialId: null}
2019-10-09 12:33:30,554 [RatisPipelineUtilsThread] INFO  pipeline.RatisPipelineProvider (RatisPipelineProvider.java:lambda$create$4(164)) - Send pipeline:PipelineID=6c1fc382-6c2e-4565-9072-6e36be65aedc create command to datanode 52d79d12-8dd1-42de-aa00-ce8a3521ad19
2019-10-09 12:33:30,554 [EventQueue-NodeRegistrationContainerReportForContainerSafeModeRule] INFO  safemode.SCMSafeModeManager (SCMSafeModeManager.java:validateSafeModeExitRules(169)) - ContainerSafeModeRule rule is successfully validated
2019-10-09 12:33:30,554 [main] INFO  ozone.MiniOzoneClusterImpl (MiniOzoneClusterImpl.java:lambda$waitForClusterToBeReady$0(149)) - Nodes are ready. Got 3 of 3 DN Heartbeats.
2019-10-09 12:33:30,554 [EventQueue-NodeRegistrationContainerReportForDataNodeSafeModeRule] INFO  safemode.SCMSafeModeManager (SCMSafeModeManager.java:validateSafeModeExitRules(169)) - DataNodeSafeModeRule rule is successfully validated
2019-10-09 12:33:30,555 [main] INFO  ozone.MiniOzoneClusterImpl (MiniOzoneClusterImpl.java:lambda$waitForClusterToBeReady$0(152)) - Waiting for cluster to exit safe mode
2019-10-09 12:33:30,555 [RatisPipelineUtilsThread] INFO  pipeline.RatisPipelineProvider (RatisPipelineProvider.java:lambda$create$4(164)) - Send pipeline:PipelineID=0b9e8c99-ce3f-471c-bf27-b755adc36079 create command to datanode 15c7087e-3faa-44da-8bcf-ba6d8474606b
2019-10-09 12:33:30,555 [RatisPipelineUtilsThread] INFO  pipeline.RatisPipelineProvider (RatisPipelineProvider.java:lambda$create$4(164)) - Send pipeline:PipelineID=0b9e8c99-ce3f-471c-bf27-b755adc36079 create command to datanode 52d79d12-8dd1-42de-aa00-ce8a3521ad19
2019-10-09 12:33:30,556 [RatisPipelineUtilsThread] INFO  pipeline.RatisPipelineProvider (RatisPipelineProvider.java:lambda$create$4(164)) - Send pipeline:PipelineID=0b9e8c99-ce3f-471c-bf27-b755adc36079 create command to datanode f3086b94-a975-49b7-9107-e3b3e2cbc81b
2019-10-09 12:33:31,555 [main] INFO  ozone.MiniOzoneClusterImpl (MiniOzoneClusterImpl.java:lambda$waitForClusterToBeReady$0(149)) - Nodes are ready. Got 3 of 3 DN Heartbeats.
2019-10-09 12:33:31,556 [main] INFO  ozone.MiniOzoneClusterImpl (MiniOzoneClusterImpl.java:lambda$waitForClusterToBeReady$0(152)) - Waiting for cluster to exit safe mode
2019-10-09 12:33:32,556 [main] INFO  ozone.MiniOzoneClusterImpl (MiniOzoneClusterImpl.java:lambda$waitForClusterToBeReady$0(149)) - Nodes are ready. Got 3 of 3 DN Heartbeats.
2019-10-09 12:33:32,557 [main] INFO  ozone.MiniOzoneClusterImpl (MiniOzoneClusterImpl.java:lambda$waitForClusterToBeReady$0(152)) - Waiting for cluster to exit safe mode
2019-10-09 12:33:33,415 [Command processor thread] INFO  impl.RaftServerProxy (RaftServerProxy.java:addNew(89)) - 15c7087e-3faa-44da-8bcf-ba6d8474606b: addNew group-768FDD380619:[15c7087e-3faa-44da-8bcf-ba6d8474606b:192.168.30.33:44188] returns group-768FDD380619:java.util.concurrent.CompletableFuture@b981ed7[Not completed]
2019-10-09 12:33:33,434 [pool-27-thread-1] INFO  impl.RaftServerImpl (RaftServerImpl.java:<init>(95)) - 15c7087e-3faa-44da-8bcf-ba6d8474606b: new RaftServerImpl for group-768FDD380619:[15c7087e-3faa-44da-8bcf-ba6d8474606b:192.168.30.33:44188] with ContainerStateMachine:uninitialized
2019-10-09 12:33:33,437 [pool-27-thread-1] INFO  server.RaftServerConfigKeys (ConfUtils.java:logGet(43)) - raft.server.rpc.timeout.min = 5s (custom)
2019-10-09 12:33:33,437 [pool-27-thread-1] INFO  server.RaftServerConfigKeys (ConfUtils.java:logGet(43)) - raft.server.rpc.timeout.max = 5200ms (custom)
2019-10-09 12:33:33,438 [pool-27-thread-1] INFO  server.RaftServerConfigKeys (ConfUtils.java:logGet(43)) - raft.server.rpcslowness.timeout = 120s (custom)
2019-10-09 12:33:33,438 [pool-27-thread-1] INFO  server.RaftServerConfigKeys (ConfUtils.java:logGet(43)) - raft.server.sleep.deviation.threshold = 300 (default)
2019-10-09 12:33:33,439 [pool-27-thread-1] INFO  server.RaftServerConfigKeys (ConfUtils.java:logGet(43)) - raft.server.log.appender.install.snapshot.enabled = false (custom)
2019-10-09 12:33:33,448 [pool-27-thread-1] INFO  impl.RaftServerImpl (ServerState.java:<init>(103)) - 15c7087e-3faa-44da-8bcf-ba6d8474606b@group-768FDD380619: ConfigurationManager, init=-1: [15c7087e-3faa-44da-8bcf-ba6d8474606b:192.168.30.33:44188], old=null, confs=<EMPTY_MAP>
2019-10-09 12:33:33,448 [pool-27-thread-1] INFO  server.RaftServerConfigKeys (ConfUtils.java:logGet(43)) - raft.server.storage.dir = [/workdir/hadoop-ozone/tools/target/test-dir/MiniOzoneClusterImpl-522442ce-d41d-477e-af44-0bafda54b9fa/datanode-0/data/ratis] (custom)
2019-10-09 12:33:33,456 [pool-27-thread-1] INFO  storage.RaftStorageDirectory (RaftStorageDirectory.java:analyzeStorage(246)) - The storage directory /workdir/hadoop-ozone/tools/target/test-dir/MiniOzoneClusterImpl-522442ce-d41d-477e-af44-0bafda54b9fa/datanode-0/data/ratis/5e616496-aca1-47f7-b060-768fdd380619 does not exist. Creating ...
2019-10-09 12:33:33,473 [pool-27-thread-1] INFO  storage.RaftStorageDirectory (RaftStorageDirectory.java:tryLock(328)) - Lock on /workdir/hadoop-ozone/tools/target/test-dir/MiniOzoneClusterImpl-522442ce-d41d-477e-af44-0bafda54b9fa/datanode-0/data/ratis/5e616496-aca1-47f7-b060-768fdd380619/in_use.lock acquired by nodename 21223@pr-hdds-2034-v6pl4-3072628770
2019-10-09 12:33:33,478 [Command processor thread] INFO  impl.RaftServerProxy (RaftServerProxy.java:addNew(89)) - f3086b94-a975-49b7-9107-e3b3e2cbc81b: addNew group-A27D9C293B04:[f3086b94-a975-49b7-9107-e3b3e2cbc81b:192.168.30.33:45686] returns group-A27D9C293B04:java.util.concurrent.CompletableFuture@42feae0b[Not completed]
2019-10-09 12:33:33,500 [pool-27-thread-1] INFO  storage.RaftStorage (RaftStorage.java:format(72)) - Storage directory /workdir/hadoop-ozone/tools/target/test-dir/MiniOzoneClusterImpl-522442ce-d41d-477e-af44-0bafda54b9fa/datanode-0/data/ratis/5e616496-aca1-47f7-b060-768fdd380619 has been successfully formatted.
2019-10-09 12:33:33,501 [pool-37-thread-1] INFO  impl.RaftServerImpl (RaftServerImpl.java:<init>(95)) - f3086b94-a975-49b7-9107-e3b3e2cbc81b: new RaftServerImpl for group-A27D9C293B04:[f3086b94-a975-49b7-9107-e3b3e2cbc81b:192.168.30.33:45686] with ContainerStateMachine:uninitialized
2019-10-09 12:33:33,502 [pool-37-thread-1] INFO  server.RaftServerConfigKeys (ConfUtils.java:logGet(43)) - raft.server.rpc.timeout.min = 5s (custom)
2019-10-09 12:33:33,502 [pool-37-thread-1] INFO  server.RaftServerConfigKeys (ConfUtils.java:logGet(43)) - raft.server.rpc.timeout.max = 5200ms (custom)
2019-10-09 12:33:33,502 [pool-37-thread-1] INFO  server.RaftServerConfigKeys (ConfUtils.java:logGet(43)) - raft.server.rpcslowness.timeout = 120s (custom)
2019-10-09 12:33:33,503 [pool-37-thread-1] INFO  server.RaftServerConfigKeys (ConfUtils.java:logGet(43)) - raft.server.sleep.deviation.threshold = 300 (default)
2019-10-09 12:33:33,503 [pool-37-thread-1] INFO  server.RaftServerConfigKeys (ConfUtils.java:logGet(43)) - raft.server.log.appender.install.snapshot.enabled = false (custom)
2019-10-09 12:33:33,503 [pool-37-thread-1] INFO  impl.RaftServerImpl (ServerState.java:<init>(103)) - f3086b94-a975-49b7-9107-e3b3e2cbc81b@group-A27D9C293B04: ConfigurationManager, init=-1: [f3086b94-a975-49b7-9107-e3b3e2cbc81b:192.168.30.33:45686], old=null, confs=<EMPTY_MAP>
2019-10-09 12:33:33,503 [pool-37-thread-1] INFO  server.RaftServerConfigKeys (ConfUtils.java:logGet(43)) - raft.server.storage.dir = [/workdir/hadoop-ozone/tools/target/test-dir/MiniOzoneClusterImpl-522442ce-d41d-477e-af44-0bafda54b9fa/datanode-1/data/ratis] (custom)
2019-10-09 12:33:33,503 [pool-37-thread-1] INFO  storage.RaftStorageDirectory (RaftStorageDirectory.java:analyzeStorage(246)) - The storage directory /workdir/hadoop-ozone/tools/target/test-dir/MiniOzoneClusterImpl-522442ce-d41d-477e-af44-0bafda54b9fa/datanode-1/data/ratis/aafaf8e1-3b3a-4388-bc3f-a27d9c293b04 does not exist. Creating ...
2019-10-09 12:33:33,504 [pool-27-thread-1] INFO  ratis.ContainerStateMachine (ContainerStateMachine.java:loadSnapshot(230)) - group-768FDD380619: The snapshot info is null. Setting the last applied indexto:(t:0, i:~)
2019-10-09 12:33:33,504 [pool-27-thread-1] INFO  server.RaftServerConfigKeys (ConfUtils.java:logGet(43)) - raft.server.notification.no-leader.timeout = 120s (custom)
2019-10-09 12:33:33,507 [pool-27-thread-1] INFO  server.RaftServerConfigKeys (ConfUtils.java:logGet(43)) - raft.server.log.use.memory = false (default)
2019-10-09 12:33:33,514 [pool-27-thread-1] INFO  server.RaftServerConfigKeys (ConfUtils.java:logGet(43)) - raft.server.log.purge.gap = 1000000 (custom)
2019-10-09 12:33:33,514 [pool-27-thread-1] INFO  server.RaftServerConfigKeys (ConfUtils.java:logGet(43)) - raft.server.log.appender.buffer.byte-limit = 33554432 (custom)
2019-10-09 12:33:33,516 [pool-27-thread-1] INFO  server.RaftServerConfigKeys (ConfUtils.java:logGet(43)) - raft.server.log.segment.size.max = 1048576 (custom)
2019-10-09 12:33:33,517 [pool-37-thread-1] INFO  storage.RaftStorageDirectory (RaftStorageDirectory.java:tryLock(328)) - Lock on /workdir/hadoop-ozone/tools/target/test-dir/MiniOzoneClusterImpl-522442ce-d41d-477e-af44-0bafda54b9fa/datanode-1/data/ratis/aafaf8e1-3b3a-4388-bc3f-a27d9c293b04/in_use.lock acquired by nodename 21223@pr-hdds-2034-v6pl4-3072628770
2019-10-09 12:33:33,520 [pool-27-thread-1] INFO  server.RaftServerConfigKeys (ConfUtils.java:logGet(43)) - raft.server.log.segment.cache.num.max = 2 (custom)
2019-10-09 12:33:33,525 [pool-27-thread-1] INFO  segmented.SegmentedRaftLogWorker (SegmentedRaftLogWorker.java:<init>(172)) - new 15c7087e-3faa-44da-8bcf-ba6d8474606b@group-768FDD380619-SegmentedRaftLogWorker for RaftStorage:Storage Directory /workdir/hadoop-ozone/tools/target/test-dir/MiniOzoneClusterImpl-522442ce-d41d-477e-af44-0bafda54b9fa/datanode-0/data/ratis/5e616496-aca1-47f7-b060-768fdd380619
2019-10-09 12:33:33,526 [pool-27-thread-1] INFO  impl.MetricsSystemImpl (MetricsSystemImpl.java:init(158)) - ratis metrics system started (again)
2019-10-09 12:33:33,529 [pool-37-thread-1] INFO  storage.RaftStorage (RaftStorage.java:format(72)) - Storage directory /workdir/hadoop-ozone/tools/target/test-dir/MiniOzoneClusterImpl-522442ce-d41d-477e-af44-0bafda54b9fa/datanode-1/data/ratis/aafaf8e1-3b3a-4388-bc3f-a27d9c293b04 has been successfully formatted.
2019-10-09 12:33:33,531 [pool-37-thread-1] INFO  ratis.ContainerStateMachine (ContainerStateMachine.java:loadSnapshot(230)) - group-A27D9C293B04: The snapshot info is null. Setting the last applied indexto:(t:0, i:~)
2019-10-09 12:33:33,532 [pool-37-thread-1] INFO  server.RaftServerConfigKeys (ConfUtils.java:logGet(43)) - raft.server.notification.no-leader.timeout = 120s (custom)
2019-10-09 12:33:33,532 [pool-37-thread-1] INFO  server.RaftServerConfigKeys (ConfUtils.java:logGet(43)) - raft.server.log.use.memory = false (default)
2019-10-09 12:33:33,532 [pool-37-thread-1] INFO  server.RaftServerConfigKeys (ConfUtils.java:logGet(43)) - raft.server.log.purge.gap = 1000000 (custom)
2019-10-09 12:33:33,532 [pool-37-thread-1] INFO  server.RaftServerConfigKeys (ConfUtils.java:logGet(43)) - raft.server.log.appender.buffer.byte-limit = 33554432 (custom)
2019-10-09 12:33:33,532 [pool-37-thread-1] INFO  server.RaftServerConfigKeys (ConfUtils.java:logGet(43)) - raft.server.log.segment.size.max = 1048576 (custom)
2019-10-09 12:33:33,532 [pool-37-thread-1] INFO  server.RaftServerConfigKeys (ConfUtils.java:logGet(43)) - raft.server.log.segment.cache.num.max = 2 (custom)
2019-10-09 12:33:33,532 [pool-37-thread-1] INFO  segmented.SegmentedRaftLogWorker (SegmentedRaftLogWorker.java:<init>(172)) - new f3086b94-a975-49b7-9107-e3b3e2cbc81b@group-A27D9C293B04-SegmentedRaftLogWorker for RaftStorage:Storage Directory /workdir/hadoop-ozone/tools/target/test-dir/MiniOzoneClusterImpl-522442ce-d41d-477e-af44-0bafda54b9fa/datanode-1/data/ratis/aafaf8e1-3b3a-4388-bc3f-a27d9c293b04
2019-10-09 12:33:33,535 [pool-27-thread-1] INFO  metrics.MetricRegistries (MetricRegistriesLoader.java:load(64)) - Loaded MetricRegistries class org.apache.ratis.metrics.impl.MetricRegistriesImpl
2019-10-09 12:33:33,552 [Command processor thread] INFO  impl.RaftServerProxy (RaftServerProxy.java:addNew(89)) - 52d79d12-8dd1-42de-aa00-ce8a3521ad19: addNew group-6E36BE65AEDC:[52d79d12-8dd1-42de-aa00-ce8a3521ad19:192.168.30.33:45595] returns group-6E36BE65AEDC:java.util.concurrent.CompletableFuture@4c57aa58[Not completed]
2019-10-09 12:33:33,559 [main] INFO  ozone.MiniOzoneClusterImpl (MiniOzoneClusterImpl.java:lambda$waitForClusterToBeReady$0(149)) - Nodes are ready. Got 3 of 3 DN Heartbeats.
2019-10-09 12:33:33,559 [main] INFO  ozone.MiniOzoneClusterImpl (MiniOzoneClusterImpl.java:lambda$waitForClusterToBeReady$0(152)) - Waiting for cluster to exit safe mode
2019-10-09 12:33:33,580 [pool-47-thread-1] INFO  impl.RaftServerImpl (RaftServerImpl.java:<init>(95)) - 52d79d12-8dd1-42de-aa00-ce8a3521ad19: new RaftServerImpl for group-6E36BE65AEDC:[52d79d12-8dd1-42de-aa00-ce8a3521ad19:192.168.30.33:45595] with ContainerStateMachine:uninitialized
2019-10-09 12:33:33,581 [pool-47-thread-1] INFO  server.RaftServerConfigKeys (ConfUtils.java:logGet(43)) - raft.server.rpc.timeout.min = 5s (custom)
2019-10-09 12:33:33,582 [pool-47-thread-1] INFO  server.RaftServerConfigKeys (ConfUtils.java:logGet(43)) - raft.server.rpc.timeout.max = 5200ms (custom)
2019-10-09 12:33:33,582 [pool-47-thread-1] INFO  server.RaftServerConfigKeys (ConfUtils.java:logGet(43)) - raft.server.rpcslowness.timeout = 120s (custom)
2019-10-09 12:33:33,582 [pool-47-thread-1] INFO  server.RaftServerConfigKeys (ConfUtils.java:logGet(43)) - raft.server.sleep.deviation.threshold = 300 (default)
2019-10-09 12:33:33,582 [pool-47-thread-1] INFO  server.RaftServerConfigKeys (ConfUtils.java:logGet(43)) - raft.server.log.appender.install.snapshot.enabled = false (custom)
2019-10-09 12:33:33,582 [pool-47-thread-1] INFO  impl.RaftServerImpl (ServerState.java:<init>(103)) - 52d79d12-8dd1-42de-aa00-ce8a3521ad19@group-6E36BE65AEDC: ConfigurationManager, init=-1: [52d79d12-8dd1-42de-aa00-ce8a3521ad19:192.168.30.33:45595], old=null, confs=<EMPTY_MAP>
2019-10-09 12:33:33,582 [pool-47-thread-1] INFO  server.RaftServerConfigKeys (ConfUtils.java:logGet(43)) - raft.server.storage.dir = [/workdir/hadoop-ozone/tools/target/test-dir/MiniOzoneClusterImpl-522442ce-d41d-477e-af44-0bafda54b9fa/datanode-2/data/ratis] (custom)
2019-10-09 12:33:33,583 [pool-47-thread-1] INFO  storage.RaftStorageDirectory (RaftStorageDirectory.java:analyzeStorage(246)) - The storage directory /workdir/hadoop-ozone/tools/target/test-dir/MiniOzoneClusterImpl-522442ce-d41d-477e-af44-0bafda54b9fa/datanode-2/data/ratis/6c1fc382-6c2e-4565-9072-6e36be65aedc does not exist. Creating ...
2019-10-09 12:33:33,596 [pool-47-thread-1] INFO  storage.RaftStorageDirectory (RaftStorageDirectory.java:tryLock(328)) - Lock on /workdir/hadoop-ozone/tools/target/test-dir/MiniOzoneClusterImpl-522442ce-d41d-477e-af44-0bafda54b9fa/datanode-2/data/ratis/6c1fc382-6c2e-4565-9072-6e36be65aedc/in_use.lock acquired by nodename 21223@pr-hdds-2034-v6pl4-3072628770
2019-10-09 12:33:33,619 [pool-47-thread-1] INFO  storage.RaftStorage (RaftStorage.java:format(72)) - Storage directory /workdir/hadoop-ozone/tools/target/test-dir/MiniOzoneClusterImpl-522442ce-d41d-477e-af44-0bafda54b9fa/datanode-2/data/ratis/6c1fc382-6c2e-4565-9072-6e36be65aedc has been successfully formatted.
2019-10-09 12:33:33,620 [pool-47-thread-1] INFO  ratis.ContainerStateMachine (ContainerStateMachine.java:loadSnapshot(230)) - group-6E36BE65AEDC: The snapshot info is null. Setting the last applied indexto:(t:0, i:~)
2019-10-09 12:33:33,620 [pool-47-thread-1] INFO  server.RaftServerConfigKeys (ConfUtils.java:logGet(43)) - raft.server.notification.no-leader.timeout = 120s (custom)
2019-10-09 12:33:33,620 [pool-47-thread-1] INFO  server.RaftServerConfigKeys (ConfUtils.java:logGet(43)) - raft.server.log.use.memory = false (default)
2019-10-09 12:33:33,620 [pool-47-thread-1] INFO  server.RaftServerConfigKeys (ConfUtils.java:logGet(43)) - raft.server.log.purge.gap = 1000000 (custom)
2019-10-09 12:33:33,620 [pool-47-thread-1] INFO  server.RaftServerConfigKeys (ConfUtils.java:logGet(43)) - raft.server.log.appender.buffer.byte-limit = 33554432 (custom)
2019-10-09 12:33:33,620 [pool-47-thread-1] INFO  server.RaftServerConfigKeys (ConfUtils.java:logGet(43)) - raft.server.log.segment.size.max = 1048576 (custom)
2019-10-09 12:33:33,621 [pool-47-thread-1] INFO  server.RaftServerConfigKeys (ConfUtils.java:logGet(43)) - raft.server.log.segment.cache.num.max = 2 (custom)
2019-10-09 12:33:33,621 [pool-47-thread-1] INFO  segmented.SegmentedRaftLogWorker (SegmentedRaftLogWorker.java:<init>(172)) - new 52d79d12-8dd1-42de-aa00-ce8a3521ad19@group-6E36BE65AEDC-SegmentedRaftLogWorker for RaftStorage:Storage Directory /workdir/hadoop-ozone/tools/target/test-dir/MiniOzoneClusterImpl-522442ce-d41d-477e-af44-0bafda54b9fa/datanode-2/data/ratis/6c1fc382-6c2e-4565-9072-6e36be65aedc
2019-10-09 12:33:33,636 [pool-37-thread-1] INFO  server.RaftServerConfigKeys (ConfUtils.java:logGet(43)) - raft.server.log.queue.byte-limit = 2147483647 (custom)
2019-10-09 12:33:33,636 [pool-27-thread-1] INFO  server.RaftServerConfigKeys (ConfUtils.java:logGet(43)) - raft.server.log.queue.byte-limit = 2147483647 (custom)
2019-10-09 12:33:33,636 [pool-37-thread-1] INFO  server.RaftServerConfigKeys (ConfUtils.java:logGet(43)) - raft.server.log.queue.element-limit = 1024 (custom)
2019-10-09 12:33:33,636 [pool-27-thread-1] INFO  server.RaftServerConfigKeys (ConfUtils.java:logGet(43)) - raft.server.log.queue.element-limit = 1024 (custom)
2019-10-09 12:33:33,638 [pool-47-thread-1] INFO  server.RaftServerConfigKeys (ConfUtils.java:logGet(43)) - raft.server.log.queue.byte-limit = 2147483647 (custom)
2019-10-09 12:33:33,639 [pool-47-thread-1] INFO  server.RaftServerConfigKeys (ConfUtils.java:logGet(43)) - raft.server.log.queue.element-limit = 1024 (custom)
2019-10-09 12:33:33,640 [pool-47-thread-1] INFO  server.RaftServerConfigKeys (ConfUtils.java:logGet(43)) - raft.server.log.segment.size.max = 1048576 (custom)
2019-10-09 12:33:33,640 [pool-27-thread-1] INFO  server.RaftServerConfigKeys (ConfUtils.java:logGet(43)) - raft.server.log.segment.size.max = 1048576 (custom)
2019-10-09 12:33:33,641 [pool-37-thread-1] INFO  server.RaftServerConfigKeys (ConfUtils.java:logGet(43)) - raft.server.log.segment.size.max = 1048576 (custom)
2019-10-09 12:33:33,641 [pool-47-thread-1] INFO  server.RaftServerConfigKeys (ConfUtils.java:logGet(43)) - raft.server.log.preallocated.size = 16384 (custom)
2019-10-09 12:33:33,641 [pool-37-thread-1] INFO  server.RaftServerConfigKeys (ConfUtils.java:logGet(43)) - raft.server.log.preallocated.size = 16384 (custom)
2019-10-09 12:33:33,641 [pool-27-thread-1] INFO  server.RaftServerConfigKeys (ConfUtils.java:logGet(43)) - raft.server.log.preallocated.size = 16384 (custom)
2019-10-09 12:33:33,641 [pool-47-thread-1] INFO  server.RaftServerConfigKeys (ConfUtils.java:logGet(43)) - raft.server.log.write.buffer.size = 33554432 (custom)
2019-10-09 12:33:33,641 [pool-27-thread-1] INFO  server.RaftServerConfigKeys (ConfUtils.java:logGet(43)) - raft.server.log.write.buffer.size = 33554432 (custom)
2019-10-09 12:33:33,642 [pool-37-thread-1] INFO  server.RaftServerConfigKeys (ConfUtils.java:logGet(43)) - raft.server.log.write.buffer.size = 33554432 (custom)
2019-10-09 12:33:33,642 [pool-47-thread-1] INFO  server.RaftServerConfigKeys (ConfUtils.java:logGet(43)) - raft.server.log.force.sync.num = 128 (default)
2019-10-09 12:33:33,642 [pool-37-thread-1] INFO  server.RaftServerConfigKeys (ConfUtils.java:logGet(43)) - raft.server.log.force.sync.num = 128 (default)
2019-10-09 12:33:33,642 [pool-27-thread-1] INFO  server.RaftServerConfigKeys (ConfUtils.java:logGet(43)) - raft.server.log.force.sync.num = 128 (default)
2019-10-09 12:33:33,643 [pool-47-thread-1] INFO  server.RaftServerConfigKeys (ConfUtils.java:logGet(43)) - raft.server.log.statemachine.data.sync = true (default)
2019-10-09 12:33:33,643 [pool-27-thread-1] INFO  server.RaftServerConfigKeys (ConfUtils.java:logGet(43)) - raft.server.log.statemachine.data.sync = true (default)
2019-10-09 12:33:33,643 [pool-47-thread-1] INFO  server.RaftServerConfigKeys (ConfUtils.java:logGet(43)) - raft.server.log.statemachine.data.sync.timeout = 10s (default)
2019-10-09 12:33:33,643 [pool-37-thread-1] INFO  server.RaftServerConfigKeys (ConfUtils.java:logGet(43)) - raft.server.log.statemachine.data.sync = true (default)
2019-10-09 12:33:33,643 [pool-27-thread-1] INFO  server.RaftServerConfigKeys (ConfUtils.java:logGet(43)) - raft.server.log.statemachine.data.sync.timeout = 10s (default)
2019-10-09 12:33:33,644 [pool-37-thread-1] INFO  server.RaftServerConfigKeys (ConfUtils.java:logGet(43)) - raft.server.log.statemachine.data.sync.timeout = 10s (default)
2019-10-09 12:33:33,644 [pool-47-thread-1] INFO  server.RaftServerConfigKeys (ConfUtils.java:logGet(43)) - raft.server.log.statemachine.data.sync.timeout.retry = -1 (default)
2019-10-09 12:33:33,644 [pool-27-thread-1] INFO  server.RaftServerConfigKeys (ConfUtils.java:logGet(43)) - raft.server.log.statemachine.data.sync.timeout.retry = -1 (default)
2019-10-09 12:33:33,644 [pool-37-thread-1] INFO  server.RaftServerConfigKeys (ConfUtils.java:logGet(43)) - raft.server.log.statemachine.data.sync.timeout.retry = -1 (default)
2019-10-09 12:33:33,655 [pool-47-thread-1] INFO  server.RaftServerConfigKeys (ConfUtils.java:logGet(43)) - raft.server.log.statemachine.data.caching.enabled = true (custom)
2019-10-09 12:33:33,655 [pool-27-thread-1] INFO  server.RaftServerConfigKeys (ConfUtils.java:logGet(43)) - raft.server.log.statemachine.data.caching.enabled = true (custom)
2019-10-09 12:33:33,656 [pool-37-thread-1] INFO  server.RaftServerConfigKeys (ConfUtils.java:logGet(43)) - raft.server.log.statemachine.data.caching.enabled = true (custom)
2019-10-09 12:33:33,662 [pool-47-thread-1] INFO  segmented.SegmentedRaftLogWorker (SegmentedRaftLogWorker.java:lambda$new$0(132)) - 52d79d12-8dd1-42de-aa00-ce8a3521ad19@group-6E36BE65AEDC-SegmentedRaftLogWorker: flushIndex: setUnconditionally 0 -> -1
2019-10-09 12:33:33,662 [pool-37-thread-1] INFO  segmented.SegmentedRaftLogWorker (SegmentedRaftLogWorker.java:lambda$new$0(132)) - f3086b94-a975-49b7-9107-e3b3e2cbc81b@group-A27D9C293B04-SegmentedRaftLogWorker: flushIndex: setUnconditionally 0 -> -1
2019-10-09 12:33:33,662 [pool-27-thread-1] INFO  segmented.SegmentedRaftLogWorker (SegmentedRaftLogWorker.java:lambda$new$0(132)) - 15c7087e-3faa-44da-8bcf-ba6d8474606b@group-768FDD380619-SegmentedRaftLogWorker: flushIndex: setUnconditionally 0 -> -1
2019-10-09 12:33:33,666 [pool-47-thread-1] INFO  server.RaftServerConfigKeys (ConfUtils.java:logGet(43)) - raft.server.snapshot.auto.trigger.enabled = true (custom)
2019-10-09 12:33:33,666 [pool-27-thread-1] INFO  server.RaftServerConfigKeys (ConfUtils.java:logGet(43)) - raft.server.snapshot.auto.trigger.enabled = true (custom)
2019-10-09 12:33:33,667 [pool-37-thread-1] INFO  server.RaftServerConfigKeys (ConfUtils.java:logGet(43)) - raft.server.snapshot.auto.trigger.enabled = true (custom)
2019-10-09 12:33:33,668 [pool-47-thread-1] INFO  server.RaftServerConfigKeys (ConfUtils.java:logGet(43)) - raft.server.snapshot.auto.trigger.threshold = 10000 (custom)
2019-10-09 12:33:33,668 [pool-37-thread-1] INFO  server.RaftServerConfigKeys (ConfUtils.java:logGet(43)) - raft.server.snapshot.auto.trigger.threshold = 10000 (custom)
2019-10-09 12:33:33,668 [pool-27-thread-1] INFO  server.RaftServerConfigKeys (ConfUtils.java:logGet(43)) - raft.server.snapshot.auto.trigger.threshold = 10000 (custom)
2019-10-09 12:33:33,668 [pool-47-thread-1] INFO  server.RaftServerConfigKeys (ConfUtils.java:logGet(43)) - raft.server.snapshot.retention.num.files = 5 (custom)
2019-10-09 12:33:33,669 [pool-27-thread-1] INFO  server.RaftServerConfigKeys (ConfUtils.java:logGet(43)) - raft.server.snapshot.retention.num.files = 5 (custom)
2019-10-09 12:33:33,669 [pool-37-thread-1] INFO  server.RaftServerConfigKeys (ConfUtils.java:logGet(43)) - raft.server.snapshot.retention.num.files = 5 (custom)
2019-10-09 12:33:33,669 [pool-27-thread-1] INFO  server.RaftServerConfigKeys (ConfUtils.java:logGet(43)) - raft.server.retrycache.expirytime = 600000ms (custom)
2019-10-09 12:33:33,669 [pool-47-thread-1] INFO  server.RaftServerConfigKeys (ConfUtils.java:logGet(43)) - raft.server.retrycache.expirytime = 600000ms (custom)
2019-10-09 12:33:33,669 [pool-37-thread-1] INFO  server.RaftServerConfigKeys (ConfUtils.java:logGet(43)) - raft.server.retrycache.expirytime = 600000ms (custom)
2019-10-09 12:33:33,698 [pool-47-thread-1] INFO  impl.RaftServerImpl (RaftServerImpl.java:start(185)) - 52d79d12-8dd1-42de-aa00-ce8a3521ad19@group-6E36BE65AEDC: start as a follower, conf=-1: [52d79d12-8dd1-42de-aa00-ce8a3521ad19:192.168.30.33:45595], old=null
2019-10-09 12:33:33,698 [pool-27-thread-1] INFO  impl.RaftServerImpl (RaftServerImpl.java:start(185)) - 15c7087e-3faa-44da-8bcf-ba6d8474606b@group-768FDD380619: start as a follower, conf=-1: [15c7087e-3faa-44da-8bcf-ba6d8474606b:192.168.30.33:44188], old=null
2019-10-09 12:33:33,698 [pool-37-thread-1] INFO  impl.RaftServerImpl (RaftServerImpl.java:start(185)) - f3086b94-a975-49b7-9107-e3b3e2cbc81b@group-A27D9C293B04: start as a follower, conf=-1: [f3086b94-a975-49b7-9107-e3b3e2cbc81b:192.168.30.33:45686], old=null
2019-10-09 12:33:33,699 [pool-27-thread-1] INFO  impl.RaftServerImpl (RaftServerImpl.java:setRole(174)) - 15c7087e-3faa-44da-8bcf-ba6d8474606b@group-768FDD380619: changes role from      null to FOLLOWER at term 0 for startAsFollower
2019-10-09 12:33:33,699 [pool-47-thread-1] INFO  impl.RaftServerImpl (RaftServerImpl.java:setRole(174)) - 52d79d12-8dd1-42de-aa00-ce8a3521ad19@group-6E36BE65AEDC: changes role from      null to FOLLOWER at term 0 for startAsFollower
2019-10-09 12:33:33,699 [pool-37-thread-1] INFO  impl.RaftServerImpl (RaftServerImpl.java:setRole(174)) - f3086b94-a975-49b7-9107-e3b3e2cbc81b@group-A27D9C293B04: changes role from      null to FOLLOWER at term 0 for startAsFollower
2019-10-09 12:33:33,700 [pool-47-thread-1] INFO  impl.RoleInfo (RoleInfo.java:updateAndGet(143)) - 52d79d12-8dd1-42de-aa00-ce8a3521ad19: start FollowerState
2019-10-09 12:33:33,700 [pool-27-thread-1] INFO  impl.RoleInfo (RoleInfo.java:updateAndGet(143)) - 15c7087e-3faa-44da-8bcf-ba6d8474606b: start FollowerState
2019-10-09 12:33:33,702 [pool-37-thread-1] INFO  impl.RoleInfo (RoleInfo.java:updateAndGet(143)) - f3086b94-a975-49b7-9107-e3b3e2cbc81b: start FollowerState
2019-10-09 12:33:33,704 [pool-47-thread-1] INFO  util.JmxRegister (JmxRegister.java:tryRegister(44)) - Successfully registered JMX Bean with object name Ratis:service=RaftServer,group=group-6E36BE65AEDC,id=52d79d12-8dd1-42de-aa00-ce8a3521ad19
2019-10-09 12:33:33,704 [pool-27-thread-1] INFO  util.JmxRegister (JmxRegister.java:tryRegister(44)) - Successfully registered JMX Bean with object name Ratis:service=RaftServer,group=group-768FDD380619,id=15c7087e-3faa-44da-8bcf-ba6d8474606b
2019-10-09 12:33:33,704 [pool-37-thread-1] INFO  util.JmxRegister (JmxRegister.java:tryRegister(44)) - Successfully registered JMX Bean with object name Ratis:service=RaftServer,group=group-A27D9C293B04,id=f3086b94-a975-49b7-9107-e3b3e2cbc81b
2019-10-09 12:33:33,722 [Command processor thread] INFO  commandhandler.CreatePipelineCommandHandler (CreatePipelineCommandHandler.java:handle(86)) - Create Pipeline RATIS ONE #id: "5e616496-aca1-47f7-b060-768fdd380619"
 command succeed on datanode 15c7087e-3faa-44da-8bcf-ba6d8474606b.
2019-10-09 12:33:33,722 [Command processor thread] INFO  commandhandler.CreatePipelineCommandHandler (CreatePipelineCommandHandler.java:handle(86)) - Create Pipeline RATIS ONE #id: "6c1fc382-6c2e-4565-9072-6e36be65aedc"
 command succeed on datanode 52d79d12-8dd1-42de-aa00-ce8a3521ad19.
2019-10-09 12:33:33,722 [Command processor thread] INFO  commandhandler.CreatePipelineCommandHandler (CreatePipelineCommandHandler.java:handle(86)) - Create Pipeline RATIS ONE #id: "aafaf8e1-3b3a-4388-bc3f-a27d9c293b04"
 command succeed on datanode f3086b94-a975-49b7-9107-e3b3e2cbc81b.
2019-10-09 12:33:33,729 [Command processor thread] INFO  impl.RaftServerProxy (RaftServerProxy.java:addNew(89)) - f3086b94-a975-49b7-9107-e3b3e2cbc81b: addNew group-B755ADC36079:[f3086b94-a975-49b7-9107-e3b3e2cbc81b:192.168.30.33:45686, 52d79d12-8dd1-42de-aa00-ce8a3521ad19:192.168.30.33:45595, 15c7087e-3faa-44da-8bcf-ba6d8474606b:192.168.30.33:44188] returns group-B755ADC36079:java.util.concurrent.CompletableFuture@46c1328c[Not completed]
2019-10-09 12:33:33,729 [Command processor thread] INFO  impl.RaftServerProxy (RaftServerProxy.java:addNew(89)) - 15c7087e-3faa-44da-8bcf-ba6d8474606b: addNew group-B755ADC36079:[f3086b94-a975-49b7-9107-e3b3e2cbc81b:192.168.30.33:45686, 52d79d12-8dd1-42de-aa00-ce8a3521ad19:192.168.30.33:45595, 15c7087e-3faa-44da-8bcf-ba6d8474606b:192.168.30.33:44188] returns group-B755ADC36079:java.util.concurrent.CompletableFuture@2db6b9e2[Not completed]
2019-10-09 12:33:33,729 [Command processor thread] INFO  impl.RaftServerProxy (RaftServerProxy.java:addNew(89)) - 52d79d12-8dd1-42de-aa00-ce8a3521ad19: addNew group-B755ADC36079:[f3086b94-a975-49b7-9107-e3b3e2cbc81b:192.168.30.33:45686, 52d79d12-8dd1-42de-aa00-ce8a3521ad19:192.168.30.33:45595, 15c7087e-3faa-44da-8bcf-ba6d8474606b:192.168.30.33:44188] returns group-B755ADC36079:java.util.concurrent.CompletableFuture@4868270a[Not completed]
2019-10-09 12:33:33,732 [pool-27-thread-1] INFO  impl.RaftServerImpl (RaftServerImpl.java:<init>(95)) - 15c7087e-3faa-44da-8bcf-ba6d8474606b: new RaftServerImpl for group-B755ADC36079:[f3086b94-a975-49b7-9107-e3b3e2cbc81b:192.168.30.33:45686, 52d79d12-8dd1-42de-aa00-ce8a3521ad19:192.168.30.33:45595, 15c7087e-3faa-44da-8bcf-ba6d8474606b:192.168.30.33:44188] with ContainerStateMachine:uninitialized
2019-10-09 12:33:33,732 [pool-27-thread-1] INFO  server.RaftServerConfigKeys (ConfUtils.java:logGet(43)) - raft.server.rpc.timeout.min = 5s (custom)
2019-10-09 12:33:33,732 [pool-27-thread-1] INFO  server.RaftServerConfigKeys (ConfUtils.java:logGet(43)) - raft.server.rpc.timeout.max = 5200ms (custom)
2019-10-09 12:33:33,732 [pool-27-thread-1] INFO  server.RaftServerConfigKeys (ConfUtils.java:logGet(43)) - raft.server.rpcslowness.timeout = 120s (custom)
2019-10-09 12:33:33,732 [pool-27-thread-1] INFO  server.RaftServerConfigKeys (ConfUtils.java:logGet(43)) - raft.server.sleep.deviation.threshold = 300 (default)
2019-10-09 12:33:33,732 [pool-27-thread-1] INFO  server.RaftServerConfigKeys (ConfUtils.java:logGet(43)) - raft.server.log.appender.install.snapshot.enabled = false (custom)
2019-10-09 12:33:33,733 [pool-27-thread-1] INFO  impl.RaftServerImpl (ServerState.java:<init>(103)) - 15c7087e-3faa-44da-8bcf-ba6d8474606b@group-B755ADC36079: ConfigurationManager, init=-1: [f3086b94-a975-49b7-9107-e3b3e2cbc81b:192.168.30.33:45686, 52d79d12-8dd1-42de-aa00-ce8a3521ad19:192.168.30.33:45595, 15c7087e-3faa-44da-8bcf-ba6d8474606b:192.168.30.33:44188], old=null, confs=<EMPTY_MAP>
2019-10-09 12:33:33,733 [pool-27-thread-1] INFO  server.RaftServerConfigKeys (ConfUtils.java:logGet(43)) - raft.server.storage.dir = [/workdir/hadoop-ozone/tools/target/test-dir/MiniOzoneClusterImpl-522442ce-d41d-477e-af44-0bafda54b9fa/datanode-0/data/ratis] (custom)
2019-10-09 12:33:33,733 [pool-27-thread-1] INFO  storage.RaftStorageDirectory (RaftStorageDirectory.java:analyzeStorage(246)) - The storage directory /workdir/hadoop-ozone/tools/target/test-dir/MiniOzoneClusterImpl-522442ce-d41d-477e-af44-0bafda54b9fa/datanode-0/data/ratis/0b9e8c99-ce3f-471c-bf27-b755adc36079 does not exist. Creating ...
2019-10-09 12:33:33,733 [pool-37-thread-1] INFO  impl.RaftServerImpl (RaftServerImpl.java:<init>(95)) - f3086b94-a975-49b7-9107-e3b3e2cbc81b: new RaftServerImpl for group-B755ADC36079:[f3086b94-a975-49b7-9107-e3b3e2cbc81b:192.168.30.33:45686, 52d79d12-8dd1-42de-aa00-ce8a3521ad19:192.168.30.33:45595, 15c7087e-3faa-44da-8bcf-ba6d8474606b:192.168.30.33:44188] with ContainerStateMachine:uninitialized
2019-10-09 12:33:33,734 [pool-37-thread-1] INFO  server.RaftServerConfigKeys (ConfUtils.java:logGet(43)) - raft.server.rpc.timeout.min = 5s (custom)
2019-10-09 12:33:33,734 [pool-37-thread-1] INFO  server.RaftServerConfigKeys (ConfUtils.java:logGet(43)) - raft.server.rpc.timeout.max = 5200ms (custom)
2019-10-09 12:33:33,734 [pool-37-thread-1] INFO  server.RaftServerConfigKeys (ConfUtils.java:logGet(43)) - raft.server.rpcslowness.timeout = 120s (custom)
2019-10-09 12:33:33,734 [pool-47-thread-1] INFO  impl.RaftServerImpl (RaftServerImpl.java:<init>(95)) - 52d79d12-8dd1-42de-aa00-ce8a3521ad19: new RaftServerImpl for group-B755ADC36079:[f3086b94-a975-49b7-9107-e3b3e2cbc81b:192.168.30.33:45686, 52d79d12-8dd1-42de-aa00-ce8a3521ad19:192.168.30.33:45595, 15c7087e-3faa-44da-8bcf-ba6d8474606b:192.168.30.33:44188] with ContainerStateMachine:uninitialized
2019-10-09 12:33:33,734 [pool-37-thread-1] INFO  server.RaftServerConfigKeys (ConfUtils.java:logGet(43)) - raft.server.sleep.deviation.threshold = 300 (default)
2019-10-09 12:33:33,734 [pool-47-thread-1] INFO  server.RaftServerConfigKeys (ConfUtils.java:logGet(43)) - raft.server.rpc.timeout.min = 5s (custom)
2019-10-09 12:33:33,734 [pool-37-thread-1] INFO  server.RaftServerConfigKeys (ConfUtils.java:logGet(43)) - raft.server.log.appender.install.snapshot.enabled = false (custom)
2019-10-09 12:33:33,734 [pool-47-thread-1] INFO  server.RaftServerConfigKeys (ConfUtils.java:logGet(43)) - raft.server.rpc.timeout.max = 5200ms (custom)
2019-10-09 12:33:33,735 [pool-37-thread-1] INFO  impl.RaftServerImpl (ServerState.java:<init>(103)) - f3086b94-a975-49b7-9107-e3b3e2cbc81b@group-B755ADC36079: ConfigurationManager, init=-1: [f3086b94-a975-49b7-9107-e3b3e2cbc81b:192.168.30.33:45686, 52d79d12-8dd1-42de-aa00-ce8a3521ad19:192.168.30.33:45595, 15c7087e-3faa-44da-8bcf-ba6d8474606b:192.168.30.33:44188], old=null, confs=<EMPTY_MAP>
2019-10-09 12:33:33,735 [pool-47-thread-1] INFO  server.RaftServerConfigKeys (ConfUtils.java:logGet(43)) - raft.server.rpcslowness.timeout = 120s (custom)
2019-10-09 12:33:33,735 [pool-47-thread-1] INFO  server.RaftServerConfigKeys (ConfUtils.java:logGet(43)) - raft.server.sleep.deviation.threshold = 300 (default)
2019-10-09 12:33:33,735 [pool-37-thread-1] INFO  server.RaftServerConfigKeys (ConfUtils.java:logGet(43)) - raft.server.storage.dir = [/workdir/hadoop-ozone/tools/target/test-dir/MiniOzoneClusterImpl-522442ce-d41d-477e-af44-0bafda54b9fa/datanode-1/data/ratis] (custom)
2019-10-09 12:33:33,735 [pool-47-thread-1] INFO  server.RaftServerConfigKeys (ConfUtils.java:logGet(43)) - raft.server.log.appender.install.snapshot.enabled = false (custom)
2019-10-09 12:33:33,735 [pool-47-thread-1] INFO  impl.RaftServerImpl (ServerState.java:<init>(103)) - 52d79d12-8dd1-42de-aa00-ce8a3521ad19@group-B755ADC36079: ConfigurationManager, init=-1: [f3086b94-a975-49b7-9107-e3b3e2cbc81b:192.168.30.33:45686, 52d79d12-8dd1-42de-aa00-ce8a3521ad19:192.168.30.33:45595, 15c7087e-3faa-44da-8bcf-ba6d8474606b:192.168.30.33:44188], old=null, confs=<EMPTY_MAP>
2019-10-09 12:33:33,735 [pool-47-thread-1] INFO  server.RaftServerConfigKeys (ConfUtils.java:logGet(43)) - raft.server.storage.dir = [/workdir/hadoop-ozone/tools/target/test-dir/MiniOzoneClusterImpl-522442ce-d41d-477e-af44-0bafda54b9fa/datanode-2/data/ratis] (custom)
2019-10-09 12:33:33,735 [pool-37-thread-1] INFO  storage.RaftStorageDirectory (RaftStorageDirectory.java:analyzeStorage(246)) - The storage directory /workdir/hadoop-ozone/tools/target/test-dir/MiniOzoneClusterImpl-522442ce-d41d-477e-af44-0bafda54b9fa/datanode-1/data/ratis/0b9e8c99-ce3f-471c-bf27-b755adc36079 does not exist. Creating ...
2019-10-09 12:33:33,736 [pool-47-thread-1] INFO  storage.RaftStorageDirectory (RaftStorageDirectory.java:analyzeStorage(246)) - The storage directory /workdir/hadoop-ozone/tools/target/test-dir/MiniOzoneClusterImpl-522442ce-d41d-477e-af44-0bafda54b9fa/datanode-2/data/ratis/0b9e8c99-ce3f-471c-bf27-b755adc36079 does not exist. Creating ...
2019-10-09 12:33:33,744 [EventQueue-PipelineReportForPipelineReportHandler] INFO  pipeline.PipelineReportHandler (PipelineReportHandler.java:processPipelineReport(102)) - Pipeline PipelineID=6c1fc382-6c2e-4565-9072-6e36be65aedc reported by 52d79d12-8dd1-42de-aa00-ce8a3521ad19{ip: 192.168.30.33, host: pr-hdds-2034-v6pl4-3072628770, networkLocation: /default-rack, certSerialId: null}
2019-10-09 12:33:33,745 [EventQueue-PipelineReportForPipelineReportHandler] INFO  pipeline.PipelineStateManager (PipelineStateManager.java:openPipeline(134)) - Pipeline Pipeline[ Id: 6c1fc382-6c2e-4565-9072-6e36be65aedc, Nodes: 52d79d12-8dd1-42de-aa00-ce8a3521ad19{ip: 192.168.30.33, host: pr-hdds-2034-v6pl4-3072628770, networkLocation: /default-rack, certSerialId: null}, Type:RATIS, Factor:ONE, State:ALLOCATED] moved to OPEN state
2019-10-09 12:33:33,747 [pool-37-thread-1] INFO  storage.RaftStorageDirectory (RaftStorageDirectory.java:tryLock(328)) - Lock on /workdir/hadoop-ozone/tools/target/test-dir/MiniOzoneClusterImpl-522442ce-d41d-477e-af44-0bafda54b9fa/datanode-1/data/ratis/0b9e8c99-ce3f-471c-bf27-b755adc36079/in_use.lock acquired by nodename 21223@pr-hdds-2034-v6pl4-3072628770
2019-10-09 12:33:33,747 [pool-47-thread-1] INFO  storage.RaftStorageDirectory (RaftStorageDirectory.java:tryLock(328)) - Lock on /workdir/hadoop-ozone/tools/target/test-dir/MiniOzoneClusterImpl-522442ce-d41d-477e-af44-0bafda54b9fa/datanode-2/data/ratis/0b9e8c99-ce3f-471c-bf27-b755adc36079/in_use.lock acquired by nodename 21223@pr-hdds-2034-v6pl4-3072628770
2019-10-09 12:33:33,747 [pool-27-thread-1] INFO  storage.RaftStorageDirectory (RaftStorageDirectory.java:tryLock(328)) - Lock on /workdir/hadoop-ozone/tools/target/test-dir/MiniOzoneClusterImpl-522442ce-d41d-477e-af44-0bafda54b9fa/datanode-0/data/ratis/0b9e8c99-ce3f-471c-bf27-b755adc36079/in_use.lock acquired by nodename 21223@pr-hdds-2034-v6pl4-3072628770
2019-10-09 12:33:33,747 [EventQueue-OpenPipelineForOneReplicaPipelineSafeModeRule] INFO  safemode.SCMSafeModeManager (SCMSafeModeManager.java:validateSafeModeExitRules(169)) - AtleastOneDatanodeReportedRule rule is successfully validated
2019-10-09 12:33:33,747 [EventQueue-PipelineReportForPipelineReportHandler] INFO  pipeline.PipelineReportHandler (PipelineReportHandler.java:processPipelineReport(102)) - Pipeline PipelineID=5e616496-aca1-47f7-b060-768fdd380619 reported by 15c7087e-3faa-44da-8bcf-ba6d8474606b{ip: 192.168.30.33, host: pr-hdds-2034-v6pl4-3072628770, networkLocation: /default-rack, certSerialId: null}
2019-10-09 12:33:33,748 [EventQueue-OpenPipelineForHealthyPipelineSafeModeRule] INFO  safemode.SCMSafeModeManager (HealthyPipelineSafeModeRule.java:process(122)) - SCM in safe mode. Healthy pipelines reported count is 1, required healthy pipeline reported count is 1
2019-10-09 12:33:33,748 [EventQueue-PipelineReportForPipelineReportHandler] INFO  pipeline.PipelineStateManager (PipelineStateManager.java:openPipeline(134)) - Pipeline Pipeline[ Id: 5e616496-aca1-47f7-b060-768fdd380619, Nodes: 15c7087e-3faa-44da-8bcf-ba6d8474606b{ip: 192.168.30.33, host: pr-hdds-2034-v6pl4-3072628770, networkLocation: /default-rack, certSerialId: null}, Type:RATIS, Factor:ONE, State:ALLOCATED] moved to OPEN state
2019-10-09 12:33:33,748 [EventQueue-OpenPipelineForHealthyPipelineSafeModeRule] INFO  safemode.SCMSafeModeManager (SCMSafeModeManager.java:validateSafeModeExitRules(169)) - HealthyPipelineSafeModeRule rule is successfully validated
2019-10-09 12:33:33,748 [EventQueue-OpenPipelineForHealthyPipelineSafeModeRule] INFO  safemode.SCMSafeModeManager (SCMSafeModeManager.java:validateSafeModeExitRules(178)) - ScmSafeModeManager, all rules are successfully validated
2019-10-09 12:33:33,748 [EventQueue-PipelineReportForPipelineReportHandler] INFO  pipeline.PipelineReportHandler (PipelineReportHandler.java:processPipelineReport(102)) - Pipeline PipelineID=aafaf8e1-3b3a-4388-bc3f-a27d9c293b04 reported by f3086b94-a975-49b7-9107-e3b3e2cbc81b{ip: 192.168.30.33, host: pr-hdds-2034-v6pl4-3072628770, networkLocation: /default-rack, certSerialId: null}
2019-10-09 12:33:33,748 [EventQueue-OpenPipelineForHealthyPipelineSafeModeRule] INFO  safemode.SCMSafeModeManager (SCMSafeModeManager.java:exitSafeMode(194)) - SCM exiting safe mode.
2019-10-09 12:33:33,748 [EventQueue-PipelineReportForPipelineReportHandler] INFO  pipeline.PipelineStateManager (PipelineStateManager.java:openPipeline(134)) - Pipeline Pipeline[ Id: aafaf8e1-3b3a-4388-bc3f-a27d9c293b04, Nodes: f3086b94-a975-49b7-9107-e3b3e2cbc81b{ip: 192.168.30.33, host: pr-hdds-2034-v6pl4-3072628770, networkLocation: /default-rack, certSerialId: null}, Type:RATIS, Factor:ONE, State:ALLOCATED] moved to OPEN state
2019-10-09 12:33:33,749 [EventQueue-OpenPipelineForOneReplicaPipelineSafeModeRule] INFO  safemode.SCMSafeModeManager (SCMSafeModeManager.java:validateSafeModeExitRules(169)) - AtleastOneDatanodeReportedRule rule is successfully validated
2019-10-09 12:33:33,749 [EventQueue-OpenPipelineForOneReplicaPipelineSafeModeRule] INFO  safemode.SCMSafeModeManager (SCMSafeModeManager.java:validateSafeModeExitRules(178)) - ScmSafeModeManager, all rules are successfully validated
2019-10-09 12:33:33,749 [EventQueue-OpenPipelineForOneReplicaPipelineSafeModeRule] INFO  safemode.SCMSafeModeManager (SCMSafeModeManager.java:exitSafeMode(194)) - SCM exiting safe mode.
2019-10-09 12:33:33,761 [pool-27-thread-1] INFO  storage.RaftStorage (RaftStorage.java:format(72)) - Storage directory /workdir/hadoop-ozone/tools/target/test-dir/MiniOzoneClusterImpl-522442ce-d41d-477e-af44-0bafda54b9fa/datanode-0/data/ratis/0b9e8c99-ce3f-471c-bf27-b755adc36079 has been successfully formatted.
2019-10-09 12:33:33,761 [pool-47-thread-1] INFO  storage.RaftStorage (RaftStorage.java:format(72)) - Storage directory /workdir/hadoop-ozone/tools/target/test-dir/MiniOzoneClusterImpl-522442ce-d41d-477e-af44-0bafda54b9fa/datanode-2/data/ratis/0b9e8c99-ce3f-471c-bf27-b755adc36079 has been successfully formatted.
2019-10-09 12:33:33,761 [pool-37-thread-1] INFO  storage.RaftStorage (RaftStorage.java:format(72)) - Storage directory /workdir/hadoop-ozone/tools/target/test-dir/MiniOzoneClusterImpl-522442ce-d41d-477e-af44-0bafda54b9fa/datanode-1/data/ratis/0b9e8c99-ce3f-471c-bf27-b755adc36079 has been successfully formatted.
2019-10-09 12:33:33,761 [pool-27-thread-1] INFO  ratis.ContainerStateMachine (ContainerStateMachine.java:loadSnapshot(230)) - group-B755ADC36079: The snapshot info is null. Setting the last applied indexto:(t:0, i:~)
2019-10-09 12:33:33,761 [pool-47-thread-1] INFO  ratis.ContainerStateMachine (ContainerStateMachine.java:loadSnapshot(230)) - group-B755ADC36079: The snapshot info is null. Setting the last applied indexto:(t:0, i:~)
2019-10-09 12:33:33,761 [pool-27-thread-1] INFO  server.RaftServerConfigKeys (ConfUtils.java:logGet(43)) - raft.server.notification.no-leader.timeout = 120s (custom)
2019-10-09 12:33:33,761 [pool-37-thread-1] INFO  ratis.ContainerStateMachine (ContainerStateMachine.java:loadSnapshot(230)) - group-B755ADC36079: The snapshot info is null. Setting the last applied indexto:(t:0, i:~)
2019-10-09 12:33:33,761 [pool-27-thread-1] INFO  server.RaftServerConfigKeys (ConfUtils.java:logGet(43)) - raft.server.log.use.memory = false (default)
2019-10-09 12:33:33,761 [pool-47-thread-1] INFO  server.RaftServerConfigKeys (ConfUtils.java:logGet(43)) - raft.server.notification.no-leader.timeout = 120s (custom)
2019-10-09 12:33:33,762 [pool-27-thread-1] INFO  server.RaftServerConfigKeys (ConfUtils.java:logGet(43)) - raft.server.log.purge.gap = 1000000 (custom)
2019-10-09 12:33:33,762 [pool-37-thread-1] INFO  server.RaftServerConfigKeys (ConfUtils.java:logGet(43)) - raft.server.notification.no-leader.timeout = 120s (custom)
2019-10-09 12:33:33,762 [pool-27-thread-1] INFO  server.RaftServerConfigKeys (ConfUtils.java:logGet(43)) - raft.server.log.appender.buffer.byte-limit = 33554432 (custom)
2019-10-09 12:33:33,762 [pool-47-thread-1] INFO  server.RaftServerConfigKeys (ConfUtils.java:logGet(43)) - raft.server.log.use.memory = false (default)
2019-10-09 12:33:33,762 [pool-27-thread-1] INFO  server.RaftServerConfigKeys (ConfUtils.java:logGet(43)) - raft.server.log.segment.size.max = 1048576 (custom)
2019-10-09 12:33:33,762 [pool-37-thread-1] INFO  server.RaftServerConfigKeys (ConfUtils.java:logGet(43)) - raft.server.log.use.memory = false (default)
2019-10-09 12:33:33,762 [pool-27-thread-1] INFO  server.RaftServerConfigKeys (ConfUtils.java:logGet(43)) - raft.server.log.segment.cache.num.max = 2 (custom)
2019-10-09 12:33:33,762 [pool-47-thread-1] INFO  server.RaftServerConfigKeys (ConfUtils.java:logGet(43)) - raft.server.log.purge.gap = 1000000 (custom)
2019-10-09 12:33:33,763 [pool-37-thread-1] INFO  server.RaftServerConfigKeys (ConfUtils.java:logGet(43)) - raft.server.log.purge.gap = 1000000 (custom)
2019-10-09 12:33:33,763 [pool-27-thread-1] INFO  segmented.SegmentedRaftLogWorker (SegmentedRaftLogWorker.java:<init>(172)) - new 15c7087e-3faa-44da-8bcf-ba6d8474606b@group-B755ADC36079-SegmentedRaftLogWorker for RaftStorage:Storage Directory /workdir/hadoop-ozone/tools/target/test-dir/MiniOzoneClusterImpl-522442ce-d41d-477e-af44-0bafda54b9fa/datanode-0/data/ratis/0b9e8c99-ce3f-471c-bf27-b755adc36079
2019-10-09 12:33:33,763 [pool-47-thread-1] INFO  server.RaftServerConfigKeys (ConfUtils.java:logGet(43)) - raft.server.log.appender.buffer.byte-limit = 33554432 (custom)
2019-10-09 12:33:33,763 [pool-27-thread-1] INFO  server.RaftServerConfigKeys (ConfUtils.java:logGet(43)) - raft.server.log.queue.byte-limit = 2147483647 (custom)
2019-10-09 12:33:33,763 [pool-37-thread-1] INFO  server.RaftServerConfigKeys (ConfUtils.java:logGet(43)) - raft.server.log.appender.buffer.byte-limit = 33554432 (custom)
2019-10-09 12:33:33,763 [pool-27-thread-1] INFO  server.RaftServerConfigKeys (ConfUtils.java:logGet(43)) - raft.server.log.queue.element-limit = 1024 (custom)
2019-10-09 12:33:33,763 [pool-47-thread-1] INFO  server.RaftServerConfigKeys (ConfUtils.java:logGet(43)) - raft.server.log.segment.size.max = 1048576 (custom)
2019-10-09 12:33:33,764 [pool-27-thread-1] INFO  server.RaftServerConfigKeys (ConfUtils.java:logGet(43)) - raft.server.log.segment.size.max = 1048576 (custom)
2019-10-09 12:33:33,764 [pool-37-thread-1] INFO  server.RaftServerConfigKeys (ConfUtils.java:logGet(43)) - raft.server.log.segment.size.max = 1048576 (custom)
2019-10-09 12:33:33,764 [pool-27-thread-1] INFO  server.RaftServerConfigKeys (ConfUtils.java:logGet(43)) - raft.server.log.preallocated.size = 16384 (custom)
2019-10-09 12:33:33,764 [pool-47-thread-1] INFO  server.RaftServerConfigKeys (ConfUtils.java:logGet(43)) - raft.server.log.segment.cache.num.max = 2 (custom)
2019-10-09 12:33:33,764 [pool-27-thread-1] INFO  server.RaftServerConfigKeys (ConfUtils.java:logGet(43)) - raft.server.log.write.buffer.size = 33554432 (custom)
2019-10-09 12:33:33,764 [pool-37-thread-1] INFO  server.RaftServerConfigKeys (ConfUtils.java:logGet(43)) - raft.server.log.segment.cache.num.max = 2 (custom)
2019-10-09 12:33:33,764 [pool-27-thread-1] INFO  server.RaftServerConfigKeys (ConfUtils.java:logGet(43)) - raft.server.log.force.sync.num = 128 (default)
2019-10-09 12:33:33,764 [pool-47-thread-1] INFO  segmented.SegmentedRaftLogWorker (SegmentedRaftLogWorker.java:<init>(172)) - new 52d79d12-8dd1-42de-aa00-ce8a3521ad19@group-B755ADC36079-SegmentedRaftLogWorker for RaftStorage:Storage Directory /workdir/hadoop-ozone/tools/target/test-dir/MiniOzoneClusterImpl-522442ce-d41d-477e-af44-0bafda54b9fa/datanode-2/data/ratis/0b9e8c99-ce3f-471c-bf27-b755adc36079
2019-10-09 12:33:33,765 [pool-27-thread-1] INFO  server.RaftServerConfigKeys (ConfUtils.java:logGet(43)) - raft.server.log.statemachine.data.sync = true (default)
2019-10-09 12:33:33,765 [pool-37-thread-1] INFO  segmented.SegmentedRaftLogWorker (SegmentedRaftLogWorker.java:<init>(172)) - new f3086b94-a975-49b7-9107-e3b3e2cbc81b@group-B755ADC36079-SegmentedRaftLogWorker for RaftStorage:Storage Directory /workdir/hadoop-ozone/tools/target/test-dir/MiniOzoneClusterImpl-522442ce-d41d-477e-af44-0bafda54b9fa/datanode-1/data/ratis/0b9e8c99-ce3f-471c-bf27-b755adc36079
2019-10-09 12:33:33,765 [pool-27-thread-1] INFO  server.RaftServerConfigKeys (ConfUtils.java:logGet(43)) - raft.server.log.statemachine.data.sync.timeout = 10s (default)
2019-10-09 12:33:33,765 [pool-47-thread-1] INFO  server.RaftServerConfigKeys (ConfUtils.java:logGet(43)) - raft.server.log.queue.byte-limit = 2147483647 (custom)
2019-10-09 12:33:33,765 [pool-27-thread-1] INFO  server.RaftServerConfigKeys (ConfUtils.java:logGet(43)) - raft.server.log.statemachine.data.sync.timeout.retry = -1 (default)
2019-10-09 12:33:33,765 [pool-37-thread-1] INFO  server.RaftServerConfigKeys (ConfUtils.java:logGet(43)) - raft.server.log.queue.byte-limit = 2147483647 (custom)
2019-10-09 12:33:33,765 [pool-27-thread-1] INFO  server.RaftServerConfigKeys (ConfUtils.java:logGet(43)) - raft.server.log.statemachine.data.caching.enabled = true (custom)
2019-10-09 12:33:33,765 [pool-47-thread-1] INFO  server.RaftServerConfigKeys (ConfUtils.java:logGet(43)) - raft.server.log.queue.element-limit = 1024 (custom)
2019-10-09 12:33:33,766 [pool-37-thread-1] INFO  server.RaftServerConfigKeys (ConfUtils.java:logGet(43)) - raft.server.log.queue.element-limit = 1024 (custom)
2019-10-09 12:33:33,766 [pool-47-thread-1] INFO  server.RaftServerConfigKeys (ConfUtils.java:logGet(43)) - raft.server.log.segment.size.max = 1048576 (custom)
2019-10-09 12:33:33,766 [pool-27-thread-1] INFO  segmented.SegmentedRaftLogWorker (SegmentedRaftLogWorker.java:lambda$new$0(132)) - 15c7087e-3faa-44da-8bcf-ba6d8474606b@group-B755ADC36079-SegmentedRaftLogWorker: flushIndex: setUnconditionally 0 -> -1
2019-10-09 12:33:33,766 [pool-47-thread-1] INFO  server.RaftServerConfigKeys (ConfUtils.java:logGet(43)) - raft.server.log.preallocated.size = 16384 (custom)
2019-10-09 12:33:33,766 [pool-37-thread-1] INFO  server.RaftServerConfigKeys (ConfUtils.java:logGet(43)) - raft.server.log.segment.size.max = 1048576 (custom)
2019-10-09 12:33:33,766 [pool-27-thread-1] INFO  server.RaftServerConfigKeys (ConfUtils.java:logGet(43)) - raft.server.snapshot.auto.trigger.enabled = true (custom)
2019-10-09 12:33:33,766 [pool-47-thread-1] INFO  server.RaftServerConfigKeys (ConfUtils.java:logGet(43)) - raft.server.log.write.buffer.size = 33554432 (custom)
2019-10-09 12:33:33,767 [pool-27-thread-1] INFO  server.RaftServerConfigKeys (ConfUtils.java:logGet(43)) - raft.server.snapshot.auto.trigger.threshold = 10000 (custom)
2019-10-09 12:33:33,767 [pool-37-thread-1] INFO  server.RaftServerConfigKeys (ConfUtils.java:logGet(43)) - raft.server.log.preallocated.size = 16384 (custom)
2019-10-09 12:33:33,767 [pool-27-thread-1] INFO  server.RaftServerConfigKeys (ConfUtils.java:logGet(43)) - raft.server.snapshot.retention.num.files = 5 (custom)
2019-10-09 12:33:33,767 [pool-47-thread-1] INFO  server.RaftServerConfigKeys (ConfUtils.java:logGet(43)) - raft.server.log.force.sync.num = 128 (default)
2019-10-09 12:33:33,767 [pool-27-thread-1] INFO  server.RaftServerConfigKeys (ConfUtils.java:logGet(43)) - raft.server.retrycache.expirytime = 600000ms (custom)
2019-10-09 12:33:33,767 [pool-37-thread-1] INFO  server.RaftServerConfigKeys (ConfUtils.java:logGet(43)) - raft.server.log.write.buffer.size = 33554432 (custom)
2019-10-09 12:33:33,767 [pool-47-thread-1] INFO  server.RaftServerConfigKeys (ConfUtils.java:logGet(43)) - raft.server.log.statemachine.data.sync = true (default)
2019-10-09 12:33:33,768 [pool-37-thread-1] INFO  server.RaftServerConfigKeys (ConfUtils.java:logGet(43)) - raft.server.log.force.sync.num = 128 (default)
2019-10-09 12:33:33,768 [pool-47-thread-1] INFO  server.RaftServerConfigKeys (ConfUtils.java:logGet(43)) - raft.server.log.statemachine.data.sync.timeout = 10s (default)
2019-10-09 12:33:33,768 [pool-37-thread-1] INFO  server.RaftServerConfigKeys (ConfUtils.java:logGet(43)) - raft.server.log.statemachine.data.sync = true (default)
2019-10-09 12:33:33,768 [pool-47-thread-1] INFO  server.RaftServerConfigKeys (ConfUtils.java:logGet(43)) - raft.server.log.statemachine.data.sync.timeout.retry = -1 (default)
2019-10-09 12:33:33,768 [pool-37-thread-1] INFO  server.RaftServerConfigKeys (ConfUtils.java:logGet(43)) - raft.server.log.statemachine.data.sync.timeout = 10s (default)
2019-10-09 12:33:33,768 [pool-47-thread-1] INFO  server.RaftServerConfigKeys (ConfUtils.java:logGet(43)) - raft.server.log.statemachine.data.caching.enabled = true (custom)
2019-10-09 12:33:33,769 [pool-37-thread-1] INFO  server.RaftServerConfigKeys (ConfUtils.java:logGet(43)) - raft.server.log.statemachine.data.sync.timeout.retry = -1 (default)
2019-10-09 12:33:33,769 [pool-47-thread-1] INFO  segmented.SegmentedRaftLogWorker (SegmentedRaftLogWorker.java:lambda$new$0(132)) - 52d79d12-8dd1-42de-aa00-ce8a3521ad19@group-B755ADC36079-SegmentedRaftLogWorker: flushIndex: setUnconditionally 0 -> -1
2019-10-09 12:33:33,769 [pool-37-thread-1] INFO  server.RaftServerConfigKeys (ConfUtils.java:logGet(43)) - raft.server.log.statemachine.data.caching.enabled = true (custom)
2019-10-09 12:33:33,769 [pool-47-thread-1] INFO  server.RaftServerConfigKeys (ConfUtils.java:logGet(43)) - raft.server.snapshot.auto.trigger.enabled = true (custom)
2019-10-09 12:33:33,769 [pool-47-thread-1] INFO  server.RaftServerConfigKeys (ConfUtils.java:logGet(43)) - raft.server.snapshot.auto.trigger.threshold = 10000 (custom)
2019-10-09 12:33:33,769 [pool-47-thread-1] INFO  server.RaftServerConfigKeys (ConfUtils.java:logGet(43)) - raft.server.snapshot.retention.num.files = 5 (custom)
2019-10-09 12:33:33,770 [pool-37-thread-1] INFO  segmented.SegmentedRaftLogWorker (SegmentedRaftLogWorker.java:lambda$new$0(132)) - f3086b94-a975-49b7-9107-e3b3e2cbc81b@group-B755ADC36079-SegmentedRaftLogWorker: flushIndex: setUnconditionally 0 -> -1
2019-10-09 12:33:33,770 [pool-47-thread-1] INFO  server.RaftServerConfigKeys (ConfUtils.java:logGet(43)) - raft.server.retrycache.expirytime = 600000ms (custom)
2019-10-09 12:33:33,770 [pool-37-thread-1] INFO  server.RaftServerConfigKeys (ConfUtils.java:logGet(43)) - raft.server.snapshot.auto.trigger.enabled = true (custom)
2019-10-09 12:33:33,770 [pool-37-thread-1] INFO  server.RaftServerConfigKeys (ConfUtils.java:logGet(43)) - raft.server.snapshot.auto.trigger.threshold = 10000 (custom)
2019-10-09 12:33:33,770 [pool-37-thread-1] INFO  server.RaftServerConfigKeys (ConfUtils.java:logGet(43)) - raft.server.snapshot.retention.num.files = 5 (custom)
2019-10-09 12:33:33,771 [pool-37-thread-1] INFO  server.RaftServerConfigKeys (ConfUtils.java:logGet(43)) - raft.server.retrycache.expirytime = 600000ms (custom)
2019-10-09 12:33:33,772 [pool-27-thread-1] INFO  impl.RaftServerImpl (RaftServerImpl.java:start(185)) - 15c7087e-3faa-44da-8bcf-ba6d8474606b@group-B755ADC36079: start as a follower, conf=-1: [f3086b94-a975-49b7-9107-e3b3e2cbc81b:192.168.30.33:45686, 52d79d12-8dd1-42de-aa00-ce8a3521ad19:192.168.30.33:45595, 15c7087e-3faa-44da-8bcf-ba6d8474606b:192.168.30.33:44188], old=null
2019-10-09 12:33:33,772 [pool-27-thread-1] INFO  impl.RaftServerImpl (RaftServerImpl.java:setRole(174)) - 15c7087e-3faa-44da-8bcf-ba6d8474606b@group-B755ADC36079: changes role from      null to FOLLOWER at term 0 for startAsFollower
2019-10-09 12:33:33,772 [pool-27-thread-1] INFO  impl.RoleInfo (RoleInfo.java:updateAndGet(143)) - 15c7087e-3faa-44da-8bcf-ba6d8474606b: start FollowerState
2019-10-09 12:33:33,773 [pool-27-thread-1] INFO  util.JmxRegister (JmxRegister.java:tryRegister(44)) - Successfully registered JMX Bean with object name Ratis:service=RaftServer,group=group-B755ADC36079,id=15c7087e-3faa-44da-8bcf-ba6d8474606b
2019-10-09 12:33:33,773 [Command processor thread] INFO  commandhandler.CreatePipelineCommandHandler (CreatePipelineCommandHandler.java:handle(86)) - Create Pipeline RATIS THREE #id: "0b9e8c99-ce3f-471c-bf27-b755adc36079"
 command succeed on datanode 15c7087e-3faa-44da-8bcf-ba6d8474606b.
2019-10-09 12:33:33,775 [EventQueue-PipelineReportForPipelineReportHandler] INFO  pipeline.PipelineReportHandler (PipelineReportHandler.java:processPipelineReport(102)) - Pipeline PipelineID=0b9e8c99-ce3f-471c-bf27-b755adc36079 reported by 15c7087e-3faa-44da-8bcf-ba6d8474606b{ip: 192.168.30.33, host: pr-hdds-2034-v6pl4-3072628770, networkLocation: /default-rack, certSerialId: null}
2019-10-09 12:33:33,776 [pool-47-thread-1] INFO  impl.RaftServerImpl (RaftServerImpl.java:start(185)) - 52d79d12-8dd1-42de-aa00-ce8a3521ad19@group-B755ADC36079: start as a follower, conf=-1: [f3086b94-a975-49b7-9107-e3b3e2cbc81b:192.168.30.33:45686, 52d79d12-8dd1-42de-aa00-ce8a3521ad19:192.168.30.33:45595, 15c7087e-3faa-44da-8bcf-ba6d8474606b:192.168.30.33:44188], old=null
2019-10-09 12:33:33,776 [pool-47-thread-1] INFO  impl.RaftServerImpl (RaftServerImpl.java:setRole(174)) - 52d79d12-8dd1-42de-aa00-ce8a3521ad19@group-B755ADC36079: changes role from      null to FOLLOWER at term 0 for startAsFollower
2019-10-09 12:33:33,776 [pool-47-thread-1] INFO  impl.RoleInfo (RoleInfo.java:updateAndGet(143)) - 52d79d12-8dd1-42de-aa00-ce8a3521ad19: start FollowerState
2019-10-09 12:33:33,777 [pool-47-thread-1] INFO  util.JmxRegister (JmxRegister.java:tryRegister(44)) - Successfully registered JMX Bean with object name Ratis:service=RaftServer,group=group-B755ADC36079,id=52d79d12-8dd1-42de-aa00-ce8a3521ad19
2019-10-09 12:33:33,777 [Command processor thread] INFO  commandhandler.CreatePipelineCommandHandler (CreatePipelineCommandHandler.java:handle(86)) - Create Pipeline RATIS THREE #id: "0b9e8c99-ce3f-471c-bf27-b755adc36079"
 command succeed on datanode 52d79d12-8dd1-42de-aa00-ce8a3521ad19.
2019-10-09 12:33:33,779 [EventQueue-PipelineReportForPipelineReportHandler] INFO  pipeline.PipelineReportHandler (PipelineReportHandler.java:processPipelineReport(102)) - Pipeline PipelineID=0b9e8c99-ce3f-471c-bf27-b755adc36079 reported by 52d79d12-8dd1-42de-aa00-ce8a3521ad19{ip: 192.168.30.33, host: pr-hdds-2034-v6pl4-3072628770, networkLocation: /default-rack, certSerialId: null}
2019-10-09 12:33:33,779 [pool-37-thread-1] INFO  impl.RaftServerImpl (RaftServerImpl.java:start(185)) - f3086b94-a975-49b7-9107-e3b3e2cbc81b@group-B755ADC36079: start as a follower, conf=-1: [f3086b94-a975-49b7-9107-e3b3e2cbc81b:192.168.30.33:45686, 52d79d12-8dd1-42de-aa00-ce8a3521ad19:192.168.30.33:45595, 15c7087e-3faa-44da-8bcf-ba6d8474606b:192.168.30.33:44188], old=null
2019-10-09 12:33:33,779 [pool-37-thread-1] INFO  impl.RaftServerImpl (RaftServerImpl.java:setRole(174)) - f3086b94-a975-49b7-9107-e3b3e2cbc81b@group-B755ADC36079: changes role from      null to FOLLOWER at term 0 for startAsFollower
2019-10-09 12:33:33,780 [pool-37-thread-1] INFO  impl.RoleInfo (RoleInfo.java:updateAndGet(143)) - f3086b94-a975-49b7-9107-e3b3e2cbc81b: start FollowerState
2019-10-09 12:33:33,780 [pool-37-thread-1] INFO  util.JmxRegister (JmxRegister.java:tryRegister(44)) - Successfully registered JMX Bean with object name Ratis:service=RaftServer,group=group-B755ADC36079,id=f3086b94-a975-49b7-9107-e3b3e2cbc81b
2019-10-09 12:33:33,780 [Command processor thread] INFO  commandhandler.CreatePipelineCommandHandler (CreatePipelineCommandHandler.java:handle(86)) - Create Pipeline RATIS THREE #id: "0b9e8c99-ce3f-471c-bf27-b755adc36079"
 command succeed on datanode f3086b94-a975-49b7-9107-e3b3e2cbc81b.
2019-10-09 12:33:33,782 [EventQueue-PipelineReportForPipelineReportHandler] INFO  pipeline.PipelineReportHandler (PipelineReportHandler.java:processPipelineReport(102)) - Pipeline PipelineID=0b9e8c99-ce3f-471c-bf27-b755adc36079 reported by f3086b94-a975-49b7-9107-e3b3e2cbc81b{ip: 192.168.30.33, host: pr-hdds-2034-v6pl4-3072628770, networkLocation: /default-rack, certSerialId: null}
2019-10-09 12:33:33,782 [EventQueue-PipelineReportForPipelineReportHandler] INFO  pipeline.PipelineStateManager (PipelineStateManager.java:openPipeline(134)) - Pipeline Pipeline[ Id: 0b9e8c99-ce3f-471c-bf27-b755adc36079, Nodes: 15c7087e-3faa-44da-8bcf-ba6d8474606b{ip: 192.168.30.33, host: pr-hdds-2034-v6pl4-3072628770, networkLocation: /default-rack, certSerialId: null}52d79d12-8dd1-42de-aa00-ce8a3521ad19{ip: 192.168.30.33, host: pr-hdds-2034-v6pl4-3072628770, networkLocation: /default-rack, certSerialId: null}f3086b94-a975-49b7-9107-e3b3e2cbc81b{ip: 192.168.30.33, host: pr-hdds-2034-v6pl4-3072628770, networkLocation: /default-rack, certSerialId: null}, Type:RATIS, Factor:THREE, State:ALLOCATED] moved to OPEN state
2019-10-09 12:33:34,559 [main] INFO  ozone.MiniOzoneClusterImpl (MiniOzoneClusterImpl.java:lambda$waitForClusterToBeReady$0(149)) - Nodes are ready. Got 3 of 3 DN Heartbeats.
2019-10-09 12:33:34,560 [main] INFO  ozone.MiniOzoneClusterImpl (MiniOzoneClusterImpl.java:lambda$waitForClusterToBeReady$0(152)) - Cluster exits safe mode
2019-10-09 12:33:35,067 [main] INFO  freon.RandomKeyGenerator (RandomKeyGenerator.java:call(283)) - Number of Threads: 10
2019-10-09 12:33:35,068 [main] INFO  freon.RandomKeyGenerator (RandomKeyGenerator.java:call(288)) - Number of Volumes: 1.
2019-10-09 12:33:35,068 [main] INFO  freon.RandomKeyGenerator (RandomKeyGenerator.java:call(289)) - Number of Buckets per Volume: 1.
2019-10-09 12:33:35,068 [main] INFO  freon.RandomKeyGenerator (RandomKeyGenerator.java:call(290)) - Number of Keys per Bucket: 1.
2019-10-09 12:33:35,068 [main] INFO  freon.RandomKeyGenerator (RandomKeyGenerator.java:call(291)) - Key size: 20971520 bytes
2019-10-09 12:33:35,069 [main] INFO  freon.RandomKeyGenerator (RandomKeyGenerator.java:call(292)) - Buffer size: 4096 bytes
2019-10-09 12:33:35,069 [main] INFO  freon.RandomKeyGenerator (RandomKeyGenerator.java:call(293)) - validateWrites : true
2019-10-09 12:33:35,074 [main] INFO  freon.RandomKeyGenerator (RandomKeyGenerator.java:call(307)) - Data validation is enabled.
2019-10-09 12:33:35,075 [main] INFO  freon.RandomKeyGenerator (RandomKeyGenerator.java:call(313)) - Starting progress bar Thread.

 0.00% |█                                                                                                    |  0/1 Time: 0:00:002019-10-09 12:33:35,110 [pool-53-thread-1] INFO  rpc.RpcClient (RpcClient.java:createVolume(276)) - Creating Volume: vol-0-55057, with jenkins1000 as owner.
2019-10-09 12:33:35,218 [IPC Server handler 1 on 38169] INFO  volume.OMVolumeCreateRequest (OMVolumeCreateRequest.java:validateAndUpdateCache(189)) - created volume:vol-0-55057 for user:jenkins1000
2019-10-09 12:33:35,280 [pool-53-thread-2] INFO  rpc.RpcClient (RpcClient.java:createBucket(415)) - Creating Bucket: vol-0-55057/bucket-0-66978, with Versioning false and Storage Type set to DISK and Encryption set to false 
2019-10-09 12:33:35,451 [pool-53-thread-3] INFO  impl.MetricsSystemImpl (MetricsSystemImpl.java:init(158)) - XceiverClientMetrics metrics system started (again)
 0.00% |█                                                                                                    |  0/1 Time: 0:00:012019-10-09 12:33:36,754 [Thread-187] INFO  container.ReplicationManager (ReplicationManager.java:start(163)) - Starting Replication Monitor Thread.
2019-10-09 12:33:36,756 [Thread-188] INFO  container.ReplicationManager (ReplicationManager.java:start(170)) - Replication Monitor Thread is already running.
2019-10-09 12:33:36,760 [ReplicationMonitor] INFO  container.ReplicationManager (ReplicationManager.java:run(226)) - Replication Monitor Thread took 4 milliseconds for processing 3 containers.
 0.00% |█                                                                                                    |  0/1 Time: 0:00:02 0.00% |█                                                                                                    |  0/1 Time: 0:00:032019-10-09 12:33:38,779 [Thread-192] INFO  impl.FollowerState (FollowerState.java:run(106)) - 15c7087e-3faa-44da-8bcf-ba6d8474606b:group-B755ADC36079 changes to CANDIDATE, lastRpcTime:5006, electionTimeout:5006ms
2019-10-09 12:33:38,782 [Thread-192] INFO  impl.RoleInfo (RoleInfo.java:shutdownFollowerState(121)) - 15c7087e-3faa-44da-8bcf-ba6d8474606b: shutdown FollowerState
2019-10-09 12:33:38,782 [Thread-192] INFO  impl.RaftServerImpl (RaftServerImpl.java:setRole(174)) - 15c7087e-3faa-44da-8bcf-ba6d8474606b@group-B755ADC36079: changes role from  FOLLOWER to CANDIDATE at term 0 for changeToCandidate
2019-10-09 12:33:38,786 [Thread-192] INFO  impl.RoleInfo (RoleInfo.java:updateAndGet(143)) - 15c7087e-3faa-44da-8bcf-ba6d8474606b: start LeaderElection
2019-10-09 12:33:38,800 [Thread-183] INFO  impl.FollowerState (FollowerState.java:run(106)) - f3086b94-a975-49b7-9107-e3b3e2cbc81b:group-A27D9C293B04 changes to CANDIDATE, lastRpcTime:5100, electionTimeout:5098ms
2019-10-09 12:33:38,802 [Thread-183] INFO  impl.RoleInfo (RoleInfo.java:shutdownFollowerState(121)) - f3086b94-a975-49b7-9107-e3b3e2cbc81b: shutdown FollowerState
2019-10-09 12:33:38,802 [Thread-183] INFO  impl.RaftServerImpl (RaftServerImpl.java:setRole(174)) - f3086b94-a975-49b7-9107-e3b3e2cbc81b@group-A27D9C293B04: changes role from  FOLLOWER to CANDIDATE at term 0 for changeToCandidate
2019-10-09 12:33:38,802 [Thread-183] INFO  impl.RoleInfo (RoleInfo.java:updateAndGet(143)) - f3086b94-a975-49b7-9107-e3b3e2cbc81b: start LeaderElection
2019-10-09 12:33:38,805 [Thread-182] INFO  impl.FollowerState (FollowerState.java:run(106)) - 52d79d12-8dd1-42de-aa00-ce8a3521ad19:group-6E36BE65AEDC changes to CANDIDATE, lastRpcTime:5105, electionTimeout:5103ms
2019-10-09 12:33:38,805 [Thread-182] INFO  impl.RoleInfo (RoleInfo.java:shutdownFollowerState(121)) - 52d79d12-8dd1-42de-aa00-ce8a3521ad19: shutdown FollowerState
2019-10-09 12:33:38,806 [Thread-182] INFO  impl.RaftServerImpl (RaftServerImpl.java:setRole(174)) - 52d79d12-8dd1-42de-aa00-ce8a3521ad19@group-6E36BE65AEDC: changes role from  FOLLOWER to CANDIDATE at term 0 for changeToCandidate
2019-10-09 12:33:38,806 [Thread-182] INFO  impl.RoleInfo (RoleInfo.java:updateAndGet(143)) - 52d79d12-8dd1-42de-aa00-ce8a3521ad19: start LeaderElection
2019-10-09 12:33:38,812 [Thread-194] INFO  impl.FollowerState (FollowerState.java:run(106)) - f3086b94-a975-49b7-9107-e3b3e2cbc81b:group-B755ADC36079 changes to CANDIDATE, lastRpcTime:5032, electionTimeout:5032ms
2019-10-09 12:33:38,812 [Thread-194] INFO  impl.RoleInfo (RoleInfo.java:shutdownFollowerState(121)) - f3086b94-a975-49b7-9107-e3b3e2cbc81b: shutdown FollowerState
2019-10-09 12:33:38,813 [Thread-194] INFO  impl.RaftServerImpl (RaftServerImpl.java:setRole(174)) - f3086b94-a975-49b7-9107-e3b3e2cbc81b@group-B755ADC36079: changes role from  FOLLOWER to CANDIDATE at term 0 for changeToCandidate
2019-10-09 12:33:38,813 [Thread-194] INFO  impl.RoleInfo (RoleInfo.java:updateAndGet(143)) - f3086b94-a975-49b7-9107-e3b3e2cbc81b: start LeaderElection
2019-10-09 12:33:38,876 [Thread-181] INFO  impl.FollowerState (FollowerState.java:run(106)) - 15c7087e-3faa-44da-8bcf-ba6d8474606b:group-768FDD380619 changes to CANDIDATE, lastRpcTime:5176, electionTimeout:5174ms
2019-10-09 12:33:38,877 [Thread-181] INFO  impl.RoleInfo (RoleInfo.java:shutdownFollowerState(121)) - 15c7087e-3faa-44da-8bcf-ba6d8474606b: shutdown FollowerState
2019-10-09 12:33:38,877 [Thread-181] INFO  impl.RaftServerImpl (RaftServerImpl.java:setRole(174)) - 15c7087e-3faa-44da-8bcf-ba6d8474606b@group-768FDD380619: changes role from  FOLLOWER to CANDIDATE at term 0 for changeToCandidate
2019-10-09 12:33:38,877 [Thread-181] INFO  impl.RoleInfo (RoleInfo.java:updateAndGet(143)) - 15c7087e-3faa-44da-8bcf-ba6d8474606b: start LeaderElection
2019-10-09 12:33:38,935 [Thread-193] INFO  impl.FollowerState (FollowerState.java:run(106)) - 52d79d12-8dd1-42de-aa00-ce8a3521ad19:group-B755ADC36079 changes to CANDIDATE, lastRpcTime:5158, electionTimeout:5158ms
2019-10-09 12:33:38,935 [Thread-193] INFO  impl.RoleInfo (RoleInfo.java:shutdownFollowerState(121)) - 52d79d12-8dd1-42de-aa00-ce8a3521ad19: shutdown FollowerState
2019-10-09 12:33:38,935 [Thread-193] INFO  impl.RaftServerImpl (RaftServerImpl.java:setRole(174)) - 52d79d12-8dd1-42de-aa00-ce8a3521ad19@group-B755ADC36079: changes role from  FOLLOWER to CANDIDATE at term 0 for changeToCandidate
2019-10-09 12:33:38,936 [Thread-193] INFO  impl.RoleInfo (RoleInfo.java:updateAndGet(143)) - 52d79d12-8dd1-42de-aa00-ce8a3521ad19: start LeaderElection
 0.00% |█                                                                                                    |  0/1 Time: 0:00:042019-10-09 12:33:39,663 [52d79d12-8dd1-42de-aa00-ce8a3521ad19@group-6E36BE65AEDC:LeaderElection3] INFO  impl.LeaderElection (LeaderElection.java:askForVotes(182)) - 52d79d12-8dd1-42de-aa00-ce8a3521ad19@group-6E36BE65AEDC:LeaderElection3: begin an election at term 1 for -1: [52d79d12-8dd1-42de-aa00-ce8a3521ad19:192.168.30.33:45595], old=null
2019-10-09 12:33:39,664 [f3086b94-a975-49b7-9107-e3b3e2cbc81b@group-A27D9C293B04:LeaderElection2] INFO  impl.LeaderElection (LeaderElection.java:askForVotes(182)) - f3086b94-a975-49b7-9107-e3b3e2cbc81b@group-A27D9C293B04:LeaderElection2: begin an election at term 1 for -1: [f3086b94-a975-49b7-9107-e3b3e2cbc81b:192.168.30.33:45686], old=null
2019-10-09 12:33:39,664 [15c7087e-3faa-44da-8bcf-ba6d8474606b@group-768FDD380619:LeaderElection5] INFO  impl.LeaderElection (LeaderElection.java:askForVotes(182)) - 15c7087e-3faa-44da-8bcf-ba6d8474606b@group-768FDD380619:LeaderElection5: begin an election at term 1 for -1: [15c7087e-3faa-44da-8bcf-ba6d8474606b:192.168.30.33:44188], old=null
2019-10-09 12:33:39,663 [15c7087e-3faa-44da-8bcf-ba6d8474606b@group-B755ADC36079:LeaderElection1] INFO  impl.LeaderElection (LeaderElection.java:askForVotes(182)) - 15c7087e-3faa-44da-8bcf-ba6d8474606b@group-B755ADC36079:LeaderElection1: begin an election at term 1 for -1: [f3086b94-a975-49b7-9107-e3b3e2cbc81b:192.168.30.33:45686, 52d79d12-8dd1-42de-aa00-ce8a3521ad19:192.168.30.33:45595, 15c7087e-3faa-44da-8bcf-ba6d8474606b:192.168.30.33:44188], old=null
2019-10-09 12:33:39,663 [52d79d12-8dd1-42de-aa00-ce8a3521ad19@group-B755ADC36079:LeaderElection6] INFO  impl.LeaderElection (LeaderElection.java:askForVotes(182)) - 52d79d12-8dd1-42de-aa00-ce8a3521ad19@group-B755ADC36079:LeaderElection6: begin an election at term 1 for -1: [f3086b94-a975-49b7-9107-e3b3e2cbc81b:192.168.30.33:45686, 52d79d12-8dd1-42de-aa00-ce8a3521ad19:192.168.30.33:45595, 15c7087e-3faa-44da-8bcf-ba6d8474606b:192.168.30.33:44188], old=null
2019-10-09 12:33:39,663 [f3086b94-a975-49b7-9107-e3b3e2cbc81b@group-B755ADC36079:LeaderElection4] INFO  impl.LeaderElection (LeaderElection.java:askForVotes(182)) - f3086b94-a975-49b7-9107-e3b3e2cbc81b@group-B755ADC36079:LeaderElection4: begin an election at term 1 for -1: [f3086b94-a975-49b7-9107-e3b3e2cbc81b:192.168.30.33:45686, 52d79d12-8dd1-42de-aa00-ce8a3521ad19:192.168.30.33:45595, 15c7087e-3faa-44da-8bcf-ba6d8474606b:192.168.30.33:44188], old=null
2019-10-09 12:33:39,666 [52d79d12-8dd1-42de-aa00-ce8a3521ad19@group-6E36BE65AEDC:LeaderElection3] INFO  impl.RoleInfo (RoleInfo.java:shutdownLeaderElection(134)) - 52d79d12-8dd1-42de-aa00-ce8a3521ad19: shutdown LeaderElection
2019-10-09 12:33:39,666 [15c7087e-3faa-44da-8bcf-ba6d8474606b@group-768FDD380619:LeaderElection5] INFO  impl.RoleInfo (RoleInfo.java:shutdownLeaderElection(134)) - 15c7087e-3faa-44da-8bcf-ba6d8474606b: shutdown LeaderElection
2019-10-09 12:33:39,666 [f3086b94-a975-49b7-9107-e3b3e2cbc81b@group-A27D9C293B04:LeaderElection2] INFO  impl.RoleInfo (RoleInfo.java:shutdownLeaderElection(134)) - f3086b94-a975-49b7-9107-e3b3e2cbc81b: shutdown LeaderElection
2019-10-09 12:33:39,666 [52d79d12-8dd1-42de-aa00-ce8a3521ad19@group-6E36BE65AEDC:LeaderElection3] INFO  impl.RaftServerImpl (RaftServerImpl.java:setRole(174)) - 52d79d12-8dd1-42de-aa00-ce8a3521ad19@group-6E36BE65AEDC: changes role from CANDIDATE to LEADER at term 1 for changeToLeader
2019-10-09 12:33:39,667 [f3086b94-a975-49b7-9107-e3b3e2cbc81b@group-A27D9C293B04:LeaderElection2] INFO  impl.RaftServerImpl (RaftServerImpl.java:setRole(174)) - f3086b94-a975-49b7-9107-e3b3e2cbc81b@group-A27D9C293B04: changes role from CANDIDATE to LEADER at term 1 for changeToLeader
2019-10-09 12:33:39,667 [15c7087e-3faa-44da-8bcf-ba6d8474606b@group-768FDD380619:LeaderElection5] INFO  impl.RaftServerImpl (RaftServerImpl.java:setRole(174)) - 15c7087e-3faa-44da-8bcf-ba6d8474606b@group-768FDD380619: changes role from CANDIDATE to LEADER at term 1 for changeToLeader
2019-10-09 12:33:39,667 [52d79d12-8dd1-42de-aa00-ce8a3521ad19@group-6E36BE65AEDC:LeaderElection3] INFO  impl.RaftServerImpl (ServerState.java:setLeader(253)) - 52d79d12-8dd1-42de-aa00-ce8a3521ad19@group-6E36BE65AEDC: change Leader from null to 52d79d12-8dd1-42de-aa00-ce8a3521ad19 at term 1 for becomeLeader, leader elected after 6046ms
2019-10-09 12:33:39,667 [15c7087e-3faa-44da-8bcf-ba6d8474606b@group-768FDD380619:LeaderElection5] INFO  impl.RaftServerImpl (ServerState.java:setLeader(253)) - 15c7087e-3faa-44da-8bcf-ba6d8474606b@group-768FDD380619: change Leader from null to 15c7087e-3faa-44da-8bcf-ba6d8474606b at term 1 for becomeLeader, leader elected after 6162ms
2019-10-09 12:33:39,667 [f3086b94-a975-49b7-9107-e3b3e2cbc81b@group-A27D9C293B04:LeaderElection2] INFO  impl.RaftServerImpl (ServerState.java:setLeader(253)) - f3086b94-a975-49b7-9107-e3b3e2cbc81b@group-A27D9C293B04: change Leader from null to f3086b94-a975-49b7-9107-e3b3e2cbc81b at term 1 for becomeLeader, leader elected after 6135ms
2019-10-09 12:33:39,671 [52d79d12-8dd1-42de-aa00-ce8a3521ad19@group-6E36BE65AEDC:LeaderElection3] INFO  server.RaftServerConfigKeys (ConfUtils.java:logGet(43)) - raft.server.staging.catchup.gap = 1000 (default)
2019-10-09 12:33:39,672 [f3086b94-a975-49b7-9107-e3b3e2cbc81b@group-A27D9C293B04:LeaderElection2] INFO  server.RaftServerConfigKeys (ConfUtils.java:logGet(43)) - raft.server.staging.catchup.gap = 1000 (default)
2019-10-09 12:33:39,672 [15c7087e-3faa-44da-8bcf-ba6d8474606b@group-768FDD380619:LeaderElection5] INFO  server.RaftServerConfigKeys (ConfUtils.java:logGet(43)) - raft.server.staging.catchup.gap = 1000 (default)
2019-10-09 12:33:39,672 [52d79d12-8dd1-42de-aa00-ce8a3521ad19@group-6E36BE65AEDC:LeaderElection3] INFO  server.RaftServerConfigKeys (ConfUtils.java:logGet(43)) - raft.server.rpc.sleep.time = 25ms (default)
2019-10-09 12:33:39,672 [15c7087e-3faa-44da-8bcf-ba6d8474606b@group-768FDD380619:LeaderElection5] INFO  server.RaftServerConfigKeys (ConfUtils.java:logGet(43)) - raft.server.rpc.sleep.time = 25ms (default)
2019-10-09 12:33:39,672 [f3086b94-a975-49b7-9107-e3b3e2cbc81b@group-A27D9C293B04:LeaderElection2] INFO  server.RaftServerConfigKeys (ConfUtils.java:logGet(43)) - raft.server.rpc.sleep.time = 25ms (default)
2019-10-09 12:33:39,675 [52d79d12-8dd1-42de-aa00-ce8a3521ad19@group-6E36BE65AEDC:LeaderElection3] INFO  server.RaftServerConfigKeys (ConfUtils.java:logGet(43)) - raft.server.write.element-limit = 4096 (default)
2019-10-09 12:33:39,675 [15c7087e-3faa-44da-8bcf-ba6d8474606b@group-768FDD380619:LeaderElection5] INFO  server.RaftServerConfigKeys (ConfUtils.java:logGet(43)) - raft.server.write.element-limit = 4096 (default)
2019-10-09 12:33:39,675 [f3086b94-a975-49b7-9107-e3b3e2cbc81b@group-A27D9C293B04:LeaderElection2] INFO  server.RaftServerConfigKeys (ConfUtils.java:logGet(43)) - raft.server.write.element-limit = 4096 (default)
2019-10-09 12:33:39,678 [52d79d12-8dd1-42de-aa00-ce8a3521ad19@group-6E36BE65AEDC:LeaderElection3] INFO  server.RaftServerConfigKeys (ConfUtils.java:logGet(43)) - raft.server.watch.timeout = 10s (default)
2019-10-09 12:33:39,678 [15c7087e-3faa-44da-8bcf-ba6d8474606b@group-768FDD380619:LeaderElection5] INFO  server.RaftServerConfigKeys (ConfUtils.java:logGet(43)) - raft.server.watch.timeout = 10s (default)
2019-10-09 12:33:39,678 [52d79d12-8dd1-42de-aa00-ce8a3521ad19@group-6E36BE65AEDC:LeaderElection3] INFO  server.RaftServerConfigKeys (ConfUtils.java:logGet(43)) - raft.server.watch.timeout.denomination = 1s (default)
2019-10-09 12:33:39,678 [f3086b94-a975-49b7-9107-e3b3e2cbc81b@group-A27D9C293B04:LeaderElection2] INFO  server.RaftServerConfigKeys (ConfUtils.java:logGet(43)) - raft.server.watch.timeout = 10s (default)
2019-10-09 12:33:39,678 [15c7087e-3faa-44da-8bcf-ba6d8474606b@group-768FDD380619:LeaderElection5] INFO  server.RaftServerConfigKeys (ConfUtils.java:logGet(43)) - raft.server.watch.timeout.denomination = 1s (default)
2019-10-09 12:33:39,678 [f3086b94-a975-49b7-9107-e3b3e2cbc81b@group-A27D9C293B04:LeaderElection2] INFO  server.RaftServerConfigKeys (ConfUtils.java:logGet(43)) - raft.server.watch.timeout.denomination = 1s (default)
2019-10-09 12:33:39,679 [52d79d12-8dd1-42de-aa00-ce8a3521ad19@group-6E36BE65AEDC:LeaderElection3] INFO  server.RaftServerConfigKeys (ConfUtils.java:logGet(43)) - raft.server.watch.element-limit = 65536 (default)
2019-10-09 12:33:39,679 [15c7087e-3faa-44da-8bcf-ba6d8474606b@group-768FDD380619:LeaderElection5] INFO  server.RaftServerConfigKeys (ConfUtils.java:logGet(43)) - raft.server.watch.element-limit = 65536 (default)
2019-10-09 12:33:39,679 [f3086b94-a975-49b7-9107-e3b3e2cbc81b@group-A27D9C293B04:LeaderElection2] INFO  server.RaftServerConfigKeys (ConfUtils.java:logGet(43)) - raft.server.watch.element-limit = 65536 (default)
2019-10-09 12:33:39,732 [15c7087e-3faa-44da-8bcf-ba6d8474606b@group-768FDD380619:LeaderElection5] INFO  impl.RoleInfo (RoleInfo.java:updateAndGet(143)) - 15c7087e-3faa-44da-8bcf-ba6d8474606b: start LeaderState
2019-10-09 12:33:39,732 [52d79d12-8dd1-42de-aa00-ce8a3521ad19@group-6E36BE65AEDC:LeaderElection3] INFO  impl.RoleInfo (RoleInfo.java:updateAndGet(143)) - 52d79d12-8dd1-42de-aa00-ce8a3521ad19: start LeaderState
2019-10-09 12:33:39,732 [f3086b94-a975-49b7-9107-e3b3e2cbc81b@group-A27D9C293B04:LeaderElection2] INFO  impl.RoleInfo (RoleInfo.java:updateAndGet(143)) - f3086b94-a975-49b7-9107-e3b3e2cbc81b: start LeaderState
2019-10-09 12:33:39,763 [52d79d12-8dd1-42de-aa00-ce8a3521ad19@group-B755ADC36079:LeaderElection6] INFO  impl.LeaderElection (LeaderElection.java:logAndReturn(56)) - 52d79d12-8dd1-42de-aa00-ce8a3521ad19@group-B755ADC36079:LeaderElection6: Election REJECTED; received 2 response(s) [52d79d12-8dd1-42de-aa00-ce8a3521ad19<-f3086b94-a975-49b7-9107-e3b3e2cbc81b#0:FAIL-t1, 52d79d12-8dd1-42de-aa00-ce8a3521ad19<-15c7087e-3faa-44da-8bcf-ba6d8474606b#0:FAIL-t1] and 0 exception(s); 52d79d12-8dd1-42de-aa00-ce8a3521ad19@group-B755ADC36079:t1, leader=null, voted=52d79d12-8dd1-42de-aa00-ce8a3521ad19, raftlog=52d79d12-8dd1-42de-aa00-ce8a3521ad19@group-B755ADC36079-SegmentedRaftLog:OPENED:c-1,f-1,i0, conf=-1: [f3086b94-a975-49b7-9107-e3b3e2cbc81b:192.168.30.33:45686, 52d79d12-8dd1-42de-aa00-ce8a3521ad19:192.168.30.33:45595, 15c7087e-3faa-44da-8bcf-ba6d8474606b:192.168.30.33:44188], old=null
2019-10-09 12:33:39,763 [f3086b94-a975-49b7-9107-e3b3e2cbc81b@group-B755ADC36079:LeaderElection4] INFO  impl.LeaderElection (LeaderElection.java:logAndReturn(56)) - f3086b94-a975-49b7-9107-e3b3e2cbc81b@group-B755ADC36079:LeaderElection4: Election REJECTED; received 2 response(s) [f3086b94-a975-49b7-9107-e3b3e2cbc81b<-52d79d12-8dd1-42de-aa00-ce8a3521ad19#0:FAIL-t1, f3086b94-a975-49b7-9107-e3b3e2cbc81b<-15c7087e-3faa-44da-8bcf-ba6d8474606b#0:FAIL-t1] and 0 exception(s); f3086b94-a975-49b7-9107-e3b3e2cbc81b@group-B755ADC36079:t1, leader=null, voted=f3086b94-a975-49b7-9107-e3b3e2cbc81b, raftlog=f3086b94-a975-49b7-9107-e3b3e2cbc81b@group-B755ADC36079-SegmentedRaftLog:OPENED:c-1,f-1,i0, conf=-1: [f3086b94-a975-49b7-9107-e3b3e2cbc81b:192.168.30.33:45686, 52d79d12-8dd1-42de-aa00-ce8a3521ad19:192.168.30.33:45595, 15c7087e-3faa-44da-8bcf-ba6d8474606b:192.168.30.33:44188], old=null
2019-10-09 12:33:39,763 [15c7087e-3faa-44da-8bcf-ba6d8474606b@group-B755ADC36079:LeaderElection1] INFO  impl.LeaderElection (LeaderElection.java:logAndReturn(56)) - 15c7087e-3faa-44da-8bcf-ba6d8474606b@group-B755ADC36079:LeaderElection1: Election REJECTED; received 2 response(s) [15c7087e-3faa-44da-8bcf-ba6d8474606b<-f3086b94-a975-49b7-9107-e3b3e2cbc81b#0:FAIL-t1, 15c7087e-3faa-44da-8bcf-ba6d8474606b<-52d79d12-8dd1-42de-aa00-ce8a3521ad19#0:FAIL-t1] and 0 exception(s); 15c7087e-3faa-44da-8bcf-ba6d8474606b@group-B755ADC36079:t1, leader=null, voted=15c7087e-3faa-44da-8bcf-ba6d8474606b, raftlog=15c7087e-3faa-44da-8bcf-ba6d8474606b@group-B755ADC36079-SegmentedRaftLog:OPENED:c-1,f-1,i0, conf=-1: [f3086b94-a975-49b7-9107-e3b3e2cbc81b:192.168.30.33:45686, 52d79d12-8dd1-42de-aa00-ce8a3521ad19:192.168.30.33:45595, 15c7087e-3faa-44da-8bcf-ba6d8474606b:192.168.30.33:44188], old=null
2019-10-09 12:33:39,768 [52d79d12-8dd1-42de-aa00-ce8a3521ad19@group-B755ADC36079:LeaderElection6] INFO  impl.RaftServerImpl (RaftServerImpl.java:setRole(174)) - 52d79d12-8dd1-42de-aa00-ce8a3521ad19@group-B755ADC36079: changes role from CANDIDATE to FOLLOWER at term 1 for DISCOVERED_A_NEW_TERM
2019-10-09 12:33:39,768 [f3086b94-a975-49b7-9107-e3b3e2cbc81b@group-B755ADC36079:LeaderElection4] INFO  impl.RaftServerImpl (RaftServerImpl.java:setRole(174)) - f3086b94-a975-49b7-9107-e3b3e2cbc81b@group-B755ADC36079: changes role from CANDIDATE to FOLLOWER at term 1 for DISCOVERED_A_NEW_TERM
2019-10-09 12:33:39,770 [52d79d12-8dd1-42de-aa00-ce8a3521ad19@group-B755ADC36079:LeaderElection6] INFO  impl.RoleInfo (RoleInfo.java:shutdownLeaderElection(134)) - 52d79d12-8dd1-42de-aa00-ce8a3521ad19: shutdown LeaderElection
2019-10-09 12:33:39,770 [f3086b94-a975-49b7-9107-e3b3e2cbc81b@group-B755ADC36079:LeaderElection4] INFO  impl.RoleInfo (RoleInfo.java:shutdownLeaderElection(134)) - f3086b94-a975-49b7-9107-e3b3e2cbc81b: shutdown LeaderElection
2019-10-09 12:33:39,770 [52d79d12-8dd1-42de-aa00-ce8a3521ad19@group-B755ADC36079:LeaderElection6] INFO  impl.RoleInfo (RoleInfo.java:updateAndGet(143)) - 52d79d12-8dd1-42de-aa00-ce8a3521ad19: start FollowerState
2019-10-09 12:33:39,770 [15c7087e-3faa-44da-8bcf-ba6d8474606b@group-B755ADC36079:LeaderElection1] INFO  impl.RaftServerImpl (RaftServerImpl.java:setRole(174)) - 15c7087e-3faa-44da-8bcf-ba6d8474606b@group-B755ADC36079: changes role from CANDIDATE to FOLLOWER at term 1 for DISCOVERED_A_NEW_TERM
2019-10-09 12:33:39,770 [f3086b94-a975-49b7-9107-e3b3e2cbc81b@group-B755ADC36079:LeaderElection4] INFO  impl.RoleInfo (RoleInfo.java:updateAndGet(143)) - f3086b94-a975-49b7-9107-e3b3e2cbc81b: start FollowerState
2019-10-09 12:33:39,770 [15c7087e-3faa-44da-8bcf-ba6d8474606b@group-B755ADC36079:LeaderElection1] INFO  impl.RoleInfo (RoleInfo.java:shutdownLeaderElection(134)) - 15c7087e-3faa-44da-8bcf-ba6d8474606b: shutdown LeaderElection
2019-10-09 12:33:39,772 [15c7087e-3faa-44da-8bcf-ba6d8474606b@group-B755ADC36079:LeaderElection1] INFO  impl.RoleInfo (RoleInfo.java:updateAndGet(143)) - 15c7087e-3faa-44da-8bcf-ba6d8474606b: start FollowerState
2019-10-09 12:33:39,779 [f3086b94-a975-49b7-9107-e3b3e2cbc81b@group-A27D9C293B04:LeaderElection2] INFO  segmented.SegmentedRaftLogWorker (SegmentedRaftLogWorker.java:startLogSegment(380)) - f3086b94-a975-49b7-9107-e3b3e2cbc81b@group-A27D9C293B04-SegmentedRaftLogWorker: Starting segment from index:0
2019-10-09 12:33:39,779 [52d79d12-8dd1-42de-aa00-ce8a3521ad19@group-6E36BE65AEDC:LeaderElection3] INFO  segmented.SegmentedRaftLogWorker (SegmentedRaftLogWorker.java:startLogSegment(380)) - 52d79d12-8dd1-42de-aa00-ce8a3521ad19@group-6E36BE65AEDC-SegmentedRaftLogWorker: Starting segment from index:0
2019-10-09 12:33:39,779 [15c7087e-3faa-44da-8bcf-ba6d8474606b@group-768FDD380619:LeaderElection5] INFO  segmented.SegmentedRaftLogWorker (SegmentedRaftLogWorker.java:startLogSegment(380)) - 15c7087e-3faa-44da-8bcf-ba6d8474606b@group-768FDD380619-SegmentedRaftLogWorker: Starting segment from index:0
2019-10-09 12:33:39,792 [f3086b94-a975-49b7-9107-e3b3e2cbc81b@group-A27D9C293B04:LeaderElection2] INFO  impl.RaftServerImpl (ServerState.java:setRaftConf(354)) - f3086b94-a975-49b7-9107-e3b3e2cbc81b@group-A27D9C293B04: set configuration 0: [f3086b94-a975-49b7-9107-e3b3e2cbc81b:192.168.30.33:45686], old=null at 0
2019-10-09 12:33:39,792 [52d79d12-8dd1-42de-aa00-ce8a3521ad19@group-6E36BE65AEDC:LeaderElection3] INFO  impl.RaftServerImpl (ServerState.java:setRaftConf(354)) - 52d79d12-8dd1-42de-aa00-ce8a3521ad19@group-6E36BE65AEDC: set configuration 0: [52d79d12-8dd1-42de-aa00-ce8a3521ad19:192.168.30.33:45595], old=null at 0
2019-10-09 12:33:39,792 [15c7087e-3faa-44da-8bcf-ba6d8474606b@group-768FDD380619:LeaderElection5] INFO  impl.RaftServerImpl (ServerState.java:setRaftConf(354)) - 15c7087e-3faa-44da-8bcf-ba6d8474606b@group-768FDD380619: set configuration 0: [15c7087e-3faa-44da-8bcf-ba6d8474606b:192.168.30.33:44188], old=null at 0
2019-10-09 12:33:39,961 [15c7087e-3faa-44da-8bcf-ba6d8474606b@group-768FDD380619-SegmentedRaftLogWorker] INFO  segmented.SegmentedRaftLogWorker (SegmentedRaftLogWorker.java:execute(569)) - 15c7087e-3faa-44da-8bcf-ba6d8474606b@group-768FDD380619-SegmentedRaftLogWorker: created new log segment /workdir/hadoop-ozone/tools/target/test-dir/MiniOzoneClusterImpl-522442ce-d41d-477e-af44-0bafda54b9fa/datanode-0/data/ratis/5e616496-aca1-47f7-b060-768fdd380619/current/log_inprogress_0
2019-10-09 12:33:39,961 [52d79d12-8dd1-42de-aa00-ce8a3521ad19@group-6E36BE65AEDC-SegmentedRaftLogWorker] INFO  segmented.SegmentedRaftLogWorker (SegmentedRaftLogWorker.java:execute(569)) - 52d79d12-8dd1-42de-aa00-ce8a3521ad19@group-6E36BE65AEDC-SegmentedRaftLogWorker: created new log segment /workdir/hadoop-ozone/tools/target/test-dir/MiniOzoneClusterImpl-522442ce-d41d-477e-af44-0bafda54b9fa/datanode-2/data/ratis/6c1fc382-6c2e-4565-9072-6e36be65aedc/current/log_inprogress_0
2019-10-09 12:33:39,961 [f3086b94-a975-49b7-9107-e3b3e2cbc81b@group-A27D9C293B04-SegmentedRaftLogWorker] INFO  segmented.SegmentedRaftLogWorker (SegmentedRaftLogWorker.java:execute(569)) - f3086b94-a975-49b7-9107-e3b3e2cbc81b@group-A27D9C293B04-SegmentedRaftLogWorker: created new log segment /workdir/hadoop-ozone/tools/target/test-dir/MiniOzoneClusterImpl-522442ce-d41d-477e-af44-0bafda54b9fa/datanode-1/data/ratis/aafaf8e1-3b3a-4388-bc3f-a27d9c293b04/current/log_inprogress_0
 0.00% |█                                                                                                    |  0/1 Time: 0:00:05 0.00% |█                                                                                                    |  0/1 Time: 0:00:06 0.00% |█                                                                                                    |  0/1 Time: 0:00:07 0.00% |█                                                                                                    |  0/1 Time: 0:00:08 0.00% |█                                                                                                    |  0/1 Time: 0:00:092019-10-09 12:33:44,824 [Thread-227] INFO  impl.FollowerState (FollowerState.java:run(106)) - 52d79d12-8dd1-42de-aa00-ce8a3521ad19:group-B755ADC36079 changes to CANDIDATE, lastRpcTime:5054, electionTimeout:5052ms
2019-10-09 12:33:44,825 [Thread-227] INFO  impl.RoleInfo (RoleInfo.java:shutdownFollowerState(121)) - 52d79d12-8dd1-42de-aa00-ce8a3521ad19: shutdown FollowerState
2019-10-09 12:33:44,826 [Thread-227] INFO  impl.RaftServerImpl (RaftServerImpl.java:setRole(174)) - 52d79d12-8dd1-42de-aa00-ce8a3521ad19@group-B755ADC36079: changes role from  FOLLOWER to CANDIDATE at term 1 for changeToCandidate
2019-10-09 12:33:44,826 [Thread-227] INFO  impl.RoleInfo (RoleInfo.java:updateAndGet(143)) - 52d79d12-8dd1-42de-aa00-ce8a3521ad19: start LeaderElection
2019-10-09 12:33:44,849 [Thread-229] INFO  impl.FollowerState (FollowerState.java:run(106)) - 15c7087e-3faa-44da-8bcf-ba6d8474606b:group-B755ADC36079 changes to CANDIDATE, lastRpcTime:5076, electionTimeout:5075ms
2019-10-09 12:33:44,849 [Thread-229] INFO  impl.RoleInfo (RoleInfo.java:shutdownFollowerState(121)) - 15c7087e-3faa-44da-8bcf-ba6d8474606b: shutdown FollowerState
2019-10-09 12:33:44,849 [Thread-229] INFO  impl.RaftServerImpl (RaftServerImpl.java:setRole(174)) - 15c7087e-3faa-44da-8bcf-ba6d8474606b@group-B755ADC36079: changes role from  FOLLOWER to CANDIDATE at term 1 for changeToCandidate
2019-10-09 12:33:44,849 [Thread-229] INFO  impl.RoleInfo (RoleInfo.java:updateAndGet(143)) - 15c7087e-3faa-44da-8bcf-ba6d8474606b: start LeaderElection
2019-10-09 12:33:44,922 [Thread-228] INFO  impl.FollowerState (FollowerState.java:run(106)) - f3086b94-a975-49b7-9107-e3b3e2cbc81b:group-B755ADC36079 changes to CANDIDATE, lastRpcTime:5152, electionTimeout:5150ms
2019-10-09 12:33:44,923 [Thread-228] INFO  impl.RoleInfo (RoleInfo.java:shutdownFollowerState(121)) - f3086b94-a975-49b7-9107-e3b3e2cbc81b: shutdown FollowerState
2019-10-09 12:33:44,923 [Thread-228] INFO  impl.RaftServerImpl (RaftServerImpl.java:setRole(174)) - f3086b94-a975-49b7-9107-e3b3e2cbc81b@group-B755ADC36079: changes role from  FOLLOWER to CANDIDATE at term 1 for changeToCandidate
2019-10-09 12:33:44,923 [Thread-228] INFO  impl.RoleInfo (RoleInfo.java:updateAndGet(143)) - f3086b94-a975-49b7-9107-e3b3e2cbc81b: start LeaderElection
 0.00% |█                                                                                                    |  0/1 Time: 0:00:102019-10-09 12:33:45,805 [f3086b94-a975-49b7-9107-e3b3e2cbc81b@group-B755ADC36079:LeaderElection9] INFO  impl.LeaderElection (LeaderElection.java:askForVotes(182)) - f3086b94-a975-49b7-9107-e3b3e2cbc81b@group-B755ADC36079:LeaderElection9: begin an election at term 2 for -1: [f3086b94-a975-49b7-9107-e3b3e2cbc81b:192.168.30.33:45686, 52d79d12-8dd1-42de-aa00-ce8a3521ad19:192.168.30.33:45595, 15c7087e-3faa-44da-8bcf-ba6d8474606b:192.168.30.33:44188], old=null
2019-10-09 12:33:45,805 [15c7087e-3faa-44da-8bcf-ba6d8474606b@group-B755ADC36079:LeaderElection8] INFO  impl.LeaderElection (LeaderElection.java:askForVotes(182)) - 15c7087e-3faa-44da-8bcf-ba6d8474606b@group-B755ADC36079:LeaderElection8: begin an election at term 2 for -1: [f3086b94-a975-49b7-9107-e3b3e2cbc81b:192.168.30.33:45686, 52d79d12-8dd1-42de-aa00-ce8a3521ad19:192.168.30.33:45595, 15c7087e-3faa-44da-8bcf-ba6d8474606b:192.168.30.33:44188], old=null
2019-10-09 12:33:45,805 [52d79d12-8dd1-42de-aa00-ce8a3521ad19@group-B755ADC36079:LeaderElection7] INFO  impl.LeaderElection (LeaderElection.java:askForVotes(182)) - 52d79d12-8dd1-42de-aa00-ce8a3521ad19@group-B755ADC36079:LeaderElection7: begin an election at term 2 for -1: [f3086b94-a975-49b7-9107-e3b3e2cbc81b:192.168.30.33:45686, 52d79d12-8dd1-42de-aa00-ce8a3521ad19:192.168.30.33:45595, 15c7087e-3faa-44da-8bcf-ba6d8474606b:192.168.30.33:44188], old=null
2019-10-09 12:33:45,826 [52d79d12-8dd1-42de-aa00-ce8a3521ad19@group-B755ADC36079:LeaderElection7] INFO  impl.LeaderElection (LeaderElection.java:logAndReturn(56)) - 52d79d12-8dd1-42de-aa00-ce8a3521ad19@group-B755ADC36079:LeaderElection7: Election REJECTED; received 2 response(s) [52d79d12-8dd1-42de-aa00-ce8a3521ad19<-f3086b94-a975-49b7-9107-e3b3e2cbc81b#0:FAIL-t2, 52d79d12-8dd1-42de-aa00-ce8a3521ad19<-15c7087e-3faa-44da-8bcf-ba6d8474606b#0:FAIL-t2] and 0 exception(s); 52d79d12-8dd1-42de-aa00-ce8a3521ad19@group-B755ADC36079:t2, leader=null, voted=52d79d12-8dd1-42de-aa00-ce8a3521ad19, raftlog=52d79d12-8dd1-42de-aa00-ce8a3521ad19@group-B755ADC36079-SegmentedRaftLog:OPENED:c-1,f-1,i0, conf=-1: [f3086b94-a975-49b7-9107-e3b3e2cbc81b:192.168.30.33:45686, 52d79d12-8dd1-42de-aa00-ce8a3521ad19:192.168.30.33:45595, 15c7087e-3faa-44da-8bcf-ba6d8474606b:192.168.30.33:44188], old=null
2019-10-09 12:33:45,828 [52d79d12-8dd1-42de-aa00-ce8a3521ad19@group-B755ADC36079:LeaderElection7] INFO  impl.RaftServerImpl (RaftServerImpl.java:setRole(174)) - 52d79d12-8dd1-42de-aa00-ce8a3521ad19@group-B755ADC36079: changes role from CANDIDATE to FOLLOWER at term 2 for DISCOVERED_A_NEW_TERM
2019-10-09 12:33:45,830 [52d79d12-8dd1-42de-aa00-ce8a3521ad19@group-B755ADC36079:LeaderElection7] INFO  impl.RoleInfo (RoleInfo.java:shutdownLeaderElection(134)) - 52d79d12-8dd1-42de-aa00-ce8a3521ad19: shutdown LeaderElection
2019-10-09 12:33:45,831 [52d79d12-8dd1-42de-aa00-ce8a3521ad19@group-B755ADC36079:LeaderElection7] INFO  impl.RoleInfo (RoleInfo.java:updateAndGet(143)) - 52d79d12-8dd1-42de-aa00-ce8a3521ad19: start FollowerState
2019-10-09 12:33:45,832 [15c7087e-3faa-44da-8bcf-ba6d8474606b@group-B755ADC36079:LeaderElection8] INFO  impl.LeaderElection (LeaderElection.java:logAndReturn(56)) - 15c7087e-3faa-44da-8bcf-ba6d8474606b@group-B755ADC36079:LeaderElection8: Election REJECTED; received 2 response(s) [15c7087e-3faa-44da-8bcf-ba6d8474606b<-f3086b94-a975-49b7-9107-e3b3e2cbc81b#0:FAIL-t2, 15c7087e-3faa-44da-8bcf-ba6d8474606b<-52d79d12-8dd1-42de-aa00-ce8a3521ad19#0:FAIL-t2] and 0 exception(s); 15c7087e-3faa-44da-8bcf-ba6d8474606b@group-B755ADC36079:t2, leader=null, voted=15c7087e-3faa-44da-8bcf-ba6d8474606b, raftlog=15c7087e-3faa-44da-8bcf-ba6d8474606b@group-B755ADC36079-SegmentedRaftLog:OPENED:c-1,f-1,i0, conf=-1: [f3086b94-a975-49b7-9107-e3b3e2cbc81b:192.168.30.33:45686, 52d79d12-8dd1-42de-aa00-ce8a3521ad19:192.168.30.33:45595, 15c7087e-3faa-44da-8bcf-ba6d8474606b:192.168.30.33:44188], old=null
2019-10-09 12:33:45,835 [15c7087e-3faa-44da-8bcf-ba6d8474606b@group-B755ADC36079:LeaderElection8] INFO  impl.RaftServerImpl (RaftServerImpl.java:setRole(174)) - 15c7087e-3faa-44da-8bcf-ba6d8474606b@group-B755ADC36079: changes role from CANDIDATE to FOLLOWER at term 2 for DISCOVERED_A_NEW_TERM
2019-10-09 12:33:45,836 [15c7087e-3faa-44da-8bcf-ba6d8474606b@group-B755ADC36079:LeaderElection8] INFO  impl.RoleInfo (RoleInfo.java:shutdownLeaderElection(134)) - 15c7087e-3faa-44da-8bcf-ba6d8474606b: shutdown LeaderElection
2019-10-09 12:33:45,837 [15c7087e-3faa-44da-8bcf-ba6d8474606b@group-B755ADC36079:LeaderElection8] INFO  impl.RoleInfo (RoleInfo.java:updateAndGet(143)) - 15c7087e-3faa-44da-8bcf-ba6d8474606b: start FollowerState
2019-10-09 12:33:45,843 [f3086b94-a975-49b7-9107-e3b3e2cbc81b@group-B755ADC36079:LeaderElection9] INFO  impl.LeaderElection (LeaderElection.java:logAndReturn(56)) - f3086b94-a975-49b7-9107-e3b3e2cbc81b@group-B755ADC36079:LeaderElection9: Election REJECTED; received 2 response(s) [f3086b94-a975-49b7-9107-e3b3e2cbc81b<-52d79d12-8dd1-42de-aa00-ce8a3521ad19#0:FAIL-t2, f3086b94-a975-49b7-9107-e3b3e2cbc81b<-15c7087e-3faa-44da-8bcf-ba6d8474606b#0:FAIL-t2] and 0 exception(s); f3086b94-a975-49b7-9107-e3b3e2cbc81b@group-B755ADC36079:t2, leader=null, voted=f3086b94-a975-49b7-9107-e3b3e2cbc81b, raftlog=f3086b94-a975-49b7-9107-e3b3e2cbc81b@group-B755ADC36079-SegmentedRaftLog:OPENED:c-1,f-1,i0, conf=-1: [f3086b94-a975-49b7-9107-e3b3e2cbc81b:192.168.30.33:45686, 52d79d12-8dd1-42de-aa00-ce8a3521ad19:192.168.30.33:45595, 15c7087e-3faa-44da-8bcf-ba6d8474606b:192.168.30.33:44188], old=null
2019-10-09 12:33:45,844 [f3086b94-a975-49b7-9107-e3b3e2cbc81b@group-B755ADC36079:LeaderElection9] INFO  impl.RaftServerImpl (RaftServerImpl.java:setRole(174)) - f3086b94-a975-49b7-9107-e3b3e2cbc81b@group-B755ADC36079: changes role from CANDIDATE to FOLLOWER at term 2 for DISCOVERED_A_NEW_TERM
2019-10-09 12:33:45,846 [f3086b94-a975-49b7-9107-e3b3e2cbc81b@group-B755ADC36079:LeaderElection9] INFO  impl.RoleInfo (RoleInfo.java:shutdownLeaderElection(134)) - f3086b94-a975-49b7-9107-e3b3e2cbc81b: shutdown LeaderElection
2019-10-09 12:33:45,846 [f3086b94-a975-49b7-9107-e3b3e2cbc81b@group-B755ADC36079:LeaderElection9] INFO  impl.RoleInfo (RoleInfo.java:updateAndGet(143)) - f3086b94-a975-49b7-9107-e3b3e2cbc81b: start FollowerState
 0.00% |█                                                                                                    |  0/1 Time: 0:00:11 0.00% |█                                                                                                    |  0/1 Time: 0:00:12 0.00% |█                                                                                                    |  0/1 Time: 0:00:13 0.00% |█                                                                                                    |  0/1 Time: 0:00:14 0.00% |█                                                                                                    |  0/1 Time: 0:00:152019-10-09 12:33:50,954 [Thread-253] INFO  impl.FollowerState (FollowerState.java:run(106)) - f3086b94-a975-49b7-9107-e3b3e2cbc81b:group-B755ADC36079 changes to CANDIDATE, lastRpcTime:5108, electionTimeout:5107ms
2019-10-09 12:33:50,956 [Thread-253] INFO  impl.RoleInfo (RoleInfo.java:shutdownFollowerState(121)) - f3086b94-a975-49b7-9107-e3b3e2cbc81b: shutdown FollowerState
2019-10-09 12:33:50,956 [Thread-253] INFO  impl.RaftServerImpl (RaftServerImpl.java:setRole(174)) - f3086b94-a975-49b7-9107-e3b3e2cbc81b@group-B755ADC36079: changes role from  FOLLOWER to CANDIDATE at term 2 for changeToCandidate
2019-10-09 12:33:50,956 [Thread-253] INFO  impl.RoleInfo (RoleInfo.java:updateAndGet(143)) - f3086b94-a975-49b7-9107-e3b3e2cbc81b: start LeaderElection
2019-10-09 12:33:50,978 [Thread-252] INFO  impl.FollowerState (FollowerState.java:run(106)) - 15c7087e-3faa-44da-8bcf-ba6d8474606b:group-B755ADC36079 changes to CANDIDATE, lastRpcTime:5140, electionTimeout:5139ms
2019-10-09 12:33:50,978 [Thread-252] INFO  impl.RoleInfo (RoleInfo.java:shutdownFollowerState(121)) - 15c7087e-3faa-44da-8bcf-ba6d8474606b: shutdown FollowerState
2019-10-09 12:33:50,978 [Thread-252] INFO  impl.RaftServerImpl (RaftServerImpl.java:setRole(174)) - 15c7087e-3faa-44da-8bcf-ba6d8474606b@group-B755ADC36079: changes role from  FOLLOWER to CANDIDATE at term 2 for changeToCandidate
2019-10-09 12:33:50,978 [Thread-252] INFO  impl.RoleInfo (RoleInfo.java:updateAndGet(143)) - 15c7087e-3faa-44da-8bcf-ba6d8474606b: start LeaderElection
2019-10-09 12:33:50,984 [Thread-251] INFO  impl.FollowerState (FollowerState.java:run(106)) - 52d79d12-8dd1-42de-aa00-ce8a3521ad19:group-B755ADC36079 changes to CANDIDATE, lastRpcTime:5153, electionTimeout:5150ms
2019-10-09 12:33:50,984 [Thread-251] INFO  impl.RoleInfo (RoleInfo.java:shutdownFollowerState(121)) - 52d79d12-8dd1-42de-aa00-ce8a3521ad19: shutdown FollowerState
2019-10-09 12:33:50,984 [Thread-251] INFO  impl.RaftServerImpl (RaftServerImpl.java:setRole(174)) - 52d79d12-8dd1-42de-aa00-ce8a3521ad19@group-B755ADC36079: changes role from  FOLLOWER to CANDIDATE at term 2 for changeToCandidate
2019-10-09 12:33:50,984 [Thread-251] INFO  impl.RoleInfo (RoleInfo.java:updateAndGet(143)) - 52d79d12-8dd1-42de-aa00-ce8a3521ad19: start LeaderElection
 0.00% |█                                                                                                    |  0/1 Time: 0:00:16 0.00% |█                                                                                                    |  0/1 Time: 0:00:172019-10-09 12:33:52,293 [52d79d12-8dd1-42de-aa00-ce8a3521ad19@group-B755ADC36079:LeaderElection12] INFO  impl.LeaderElection (LeaderElection.java:askForVotes(182)) - 52d79d12-8dd1-42de-aa00-ce8a3521ad19@group-B755ADC36079:LeaderElection12: begin an election at term 3 for -1: [f3086b94-a975-49b7-9107-e3b3e2cbc81b:192.168.30.33:45686, 52d79d12-8dd1-42de-aa00-ce8a3521ad19:192.168.30.33:45595, 15c7087e-3faa-44da-8bcf-ba6d8474606b:192.168.30.33:44188], old=null
2019-10-09 12:33:52,293 [15c7087e-3faa-44da-8bcf-ba6d8474606b@group-B755ADC36079:LeaderElection11] INFO  impl.LeaderElection (LeaderElection.java:askForVotes(182)) - 15c7087e-3faa-44da-8bcf-ba6d8474606b@group-B755ADC36079:LeaderElection11: begin an election at term 3 for -1: [f3086b94-a975-49b7-9107-e3b3e2cbc81b:192.168.30.33:45686, 52d79d12-8dd1-42de-aa00-ce8a3521ad19:192.168.30.33:45595, 15c7087e-3faa-44da-8bcf-ba6d8474606b:192.168.30.33:44188], old=null
2019-10-09 12:33:52,293 [f3086b94-a975-49b7-9107-e3b3e2cbc81b@group-B755ADC36079:LeaderElection10] INFO  impl.LeaderElection (LeaderElection.java:askForVotes(182)) - f3086b94-a975-49b7-9107-e3b3e2cbc81b@group-B755ADC36079:LeaderElection10: begin an election at term 3 for -1: [f3086b94-a975-49b7-9107-e3b3e2cbc81b:192.168.30.33:45686, 52d79d12-8dd1-42de-aa00-ce8a3521ad19:192.168.30.33:45595, 15c7087e-3faa-44da-8bcf-ba6d8474606b:192.168.30.33:44188], old=null
2019-10-09 12:33:52,313 [52d79d12-8dd1-42de-aa00-ce8a3521ad19@group-B755ADC36079:LeaderElection12] INFO  impl.LeaderElection (LeaderElection.java:logAndReturn(56)) - 52d79d12-8dd1-42de-aa00-ce8a3521ad19@group-B755ADC36079:LeaderElection12: Election REJECTED; received 2 response(s) [52d79d12-8dd1-42de-aa00-ce8a3521ad19<-f3086b94-a975-49b7-9107-e3b3e2cbc81b#0:FAIL-t3, 52d79d12-8dd1-42de-aa00-ce8a3521ad19<-15c7087e-3faa-44da-8bcf-ba6d8474606b#0:FAIL-t3] and 0 exception(s); 52d79d12-8dd1-42de-aa00-ce8a3521ad19@group-B755ADC36079:t3, leader=null, voted=52d79d12-8dd1-42de-aa00-ce8a3521ad19, raftlog=52d79d12-8dd1-42de-aa00-ce8a3521ad19@group-B755ADC36079-SegmentedRaftLog:OPENED:c-1,f-1,i0, conf=-1: [f3086b94-a975-49b7-9107-e3b3e2cbc81b:192.168.30.33:45686, 52d79d12-8dd1-42de-aa00-ce8a3521ad19:192.168.30.33:45595, 15c7087e-3faa-44da-8bcf-ba6d8474606b:192.168.30.33:44188], old=null
2019-10-09 12:33:52,314 [52d79d12-8dd1-42de-aa00-ce8a3521ad19@group-B755ADC36079:LeaderElection12] INFO  impl.RaftServerImpl (RaftServerImpl.java:setRole(174)) - 52d79d12-8dd1-42de-aa00-ce8a3521ad19@group-B755ADC36079: changes role from CANDIDATE to FOLLOWER at term 3 for DISCOVERED_A_NEW_TERM
2019-10-09 12:33:52,317 [52d79d12-8dd1-42de-aa00-ce8a3521ad19@group-B755ADC36079:LeaderElection12] INFO  impl.RoleInfo (RoleInfo.java:shutdownLeaderElection(134)) - 52d79d12-8dd1-42de-aa00-ce8a3521ad19: shutdown LeaderElection
2019-10-09 12:33:52,317 [15c7087e-3faa-44da-8bcf-ba6d8474606b@group-B755ADC36079:LeaderElection11] INFO  impl.LeaderElection (LeaderElection.java:logAndReturn(56)) - 15c7087e-3faa-44da-8bcf-ba6d8474606b@group-B755ADC36079:LeaderElection11: Election REJECTED; received 2 response(s) [15c7087e-3faa-44da-8bcf-ba6d8474606b<-f3086b94-a975-49b7-9107-e3b3e2cbc81b#0:FAIL-t3, 15c7087e-3faa-44da-8bcf-ba6d8474606b<-52d79d12-8dd1-42de-aa00-ce8a3521ad19#0:FAIL-t3] and 0 exception(s); 15c7087e-3faa-44da-8bcf-ba6d8474606b@group-B755ADC36079:t3, leader=null, voted=15c7087e-3faa-44da-8bcf-ba6d8474606b, raftlog=15c7087e-3faa-44da-8bcf-ba6d8474606b@group-B755ADC36079-SegmentedRaftLog:OPENED:c-1,f-1,i0, conf=-1: [f3086b94-a975-49b7-9107-e3b3e2cbc81b:192.168.30.33:45686, 52d79d12-8dd1-42de-aa00-ce8a3521ad19:192.168.30.33:45595, 15c7087e-3faa-44da-8bcf-ba6d8474606b:192.168.30.33:44188], old=null
2019-10-09 12:33:52,318 [52d79d12-8dd1-42de-aa00-ce8a3521ad19@group-B755ADC36079:LeaderElection12] INFO  impl.RoleInfo (RoleInfo.java:updateAndGet(143)) - 52d79d12-8dd1-42de-aa00-ce8a3521ad19: start FollowerState
2019-10-09 12:33:52,319 [15c7087e-3faa-44da-8bcf-ba6d8474606b@group-B755ADC36079:LeaderElection11] INFO  impl.RaftServerImpl (RaftServerImpl.java:setRole(174)) - 15c7087e-3faa-44da-8bcf-ba6d8474606b@group-B755ADC36079: changes role from CANDIDATE to FOLLOWER at term 3 for DISCOVERED_A_NEW_TERM
2019-10-09 12:33:52,324 [15c7087e-3faa-44da-8bcf-ba6d8474606b@group-B755ADC36079:LeaderElection11] INFO  impl.RoleInfo (RoleInfo.java:shutdownLeaderElection(134)) - 15c7087e-3faa-44da-8bcf-ba6d8474606b: shutdown LeaderElection
2019-10-09 12:33:52,324 [15c7087e-3faa-44da-8bcf-ba6d8474606b@group-B755ADC36079:LeaderElection11] INFO  impl.RoleInfo (RoleInfo.java:updateAndGet(143)) - 15c7087e-3faa-44da-8bcf-ba6d8474606b: start FollowerState
2019-10-09 12:33:52,324 [f3086b94-a975-49b7-9107-e3b3e2cbc81b@group-B755ADC36079:LeaderElection10] INFO  impl.LeaderElection (LeaderElection.java:logAndReturn(56)) - f3086b94-a975-49b7-9107-e3b3e2cbc81b@group-B755ADC36079:LeaderElection10: Election REJECTED; received 2 response(s) [f3086b94-a975-49b7-9107-e3b3e2cbc81b<-52d79d12-8dd1-42de-aa00-ce8a3521ad19#0:FAIL-t3, f3086b94-a975-49b7-9107-e3b3e2cbc81b<-15c7087e-3faa-44da-8bcf-ba6d8474606b#0:FAIL-t3] and 0 exception(s); f3086b94-a975-49b7-9107-e3b3e2cbc81b@group-B755ADC36079:t3, leader=null, voted=f3086b94-a975-49b7-9107-e3b3e2cbc81b, raftlog=f3086b94-a975-49b7-9107-e3b3e2cbc81b@group-B755ADC36079-SegmentedRaftLog:OPENED:c-1,f-1,i0, conf=-1: [f3086b94-a975-49b7-9107-e3b3e2cbc81b:192.168.30.33:45686, 52d79d12-8dd1-42de-aa00-ce8a3521ad19:192.168.30.33:45595, 15c7087e-3faa-44da-8bcf-ba6d8474606b:192.168.30.33:44188], old=null
2019-10-09 12:33:52,325 [f3086b94-a975-49b7-9107-e3b3e2cbc81b@group-B755ADC36079:LeaderElection10] INFO  impl.RaftServerImpl (RaftServerImpl.java:setRole(174)) - f3086b94-a975-49b7-9107-e3b3e2cbc81b@group-B755ADC36079: changes role from CANDIDATE to FOLLOWER at term 3 for DISCOVERED_A_NEW_TERM
2019-10-09 12:33:52,325 [f3086b94-a975-49b7-9107-e3b3e2cbc81b@group-B755ADC36079:LeaderElection10] INFO  impl.RoleInfo (RoleInfo.java:shutdownLeaderElection(134)) - f3086b94-a975-49b7-9107-e3b3e2cbc81b: shutdown LeaderElection
2019-10-09 12:33:52,325 [f3086b94-a975-49b7-9107-e3b3e2cbc81b@group-B755ADC36079:LeaderElection10] INFO  impl.RoleInfo (RoleInfo.java:updateAndGet(143)) - f3086b94-a975-49b7-9107-e3b3e2cbc81b: start FollowerState
 0.00% |█                                                                                                    |  0/1 Time: 0:00:18 0.00% |█                                                                                                    |  0/1 Time: 0:00:19 0.00% |█                                                                                                    |  0/1 Time: 0:00:20 0.00% |█                                                                                                    |  0/1 Time: 0:00:21 0.00% |█                                                                                                    |  0/1 Time: 0:00:222019-10-09 12:33:57,392 [Thread-275] INFO  impl.FollowerState (FollowerState.java:run(106)) - 52d79d12-8dd1-42de-aa00-ce8a3521ad19:group-B755ADC36079 changes to CANDIDATE, lastRpcTime:5073, electionTimeout:5068ms
2019-10-09 12:33:57,394 [Thread-275] INFO  impl.RoleInfo (RoleInfo.java:shutdownFollowerState(121)) - 52d79d12-8dd1-42de-aa00-ce8a3521ad19: shutdown FollowerState
2019-10-09 12:33:57,395 [Thread-275] INFO  impl.RaftServerImpl (RaftServerImpl.java:setRole(174)) - 52d79d12-8dd1-42de-aa00-ce8a3521ad19@group-B755ADC36079: changes role from  FOLLOWER to CANDIDATE at term 3 for changeToCandidate
2019-10-09 12:33:57,395 [Thread-275] INFO  impl.RoleInfo (RoleInfo.java:updateAndGet(143)) - 52d79d12-8dd1-42de-aa00-ce8a3521ad19: start LeaderElection
2019-10-09 12:33:57,411 [52d79d12-8dd1-42de-aa00-ce8a3521ad19@group-B755ADC36079:LeaderElection13] INFO  impl.LeaderElection (LeaderElection.java:askForVotes(182)) - 52d79d12-8dd1-42de-aa00-ce8a3521ad19@group-B755ADC36079:LeaderElection13: begin an election at term 4 for -1: [f3086b94-a975-49b7-9107-e3b3e2cbc81b:192.168.30.33:45686, 52d79d12-8dd1-42de-aa00-ce8a3521ad19:192.168.30.33:45595, 15c7087e-3faa-44da-8bcf-ba6d8474606b:192.168.30.33:44188], old=null
2019-10-09 12:33:57,417 [grpc-default-executor-3] INFO  impl.RaftServerImpl (RaftServerImpl.java:setRole(174)) - f3086b94-a975-49b7-9107-e3b3e2cbc81b@group-B755ADC36079: changes role from  FOLLOWER to FOLLOWER at term 4 for recognizeCandidate:52d79d12-8dd1-42de-aa00-ce8a3521ad19
2019-10-09 12:33:57,417 [grpc-default-executor-2] INFO  impl.RaftServerImpl (RaftServerImpl.java:setRole(174)) - 15c7087e-3faa-44da-8bcf-ba6d8474606b@group-B755ADC36079: changes role from  FOLLOWER to FOLLOWER at term 4 for recognizeCandidate:52d79d12-8dd1-42de-aa00-ce8a3521ad19
2019-10-09 12:33:57,418 [grpc-default-executor-2] INFO  impl.RoleInfo (RoleInfo.java:shutdownFollowerState(121)) - 15c7087e-3faa-44da-8bcf-ba6d8474606b: shutdown FollowerState
2019-10-09 12:33:57,417 [grpc-default-executor-3] INFO  impl.RoleInfo (RoleInfo.java:shutdownFollowerState(121)) - f3086b94-a975-49b7-9107-e3b3e2cbc81b: shutdown FollowerState
2019-10-09 12:33:57,418 [Thread-276] INFO  impl.FollowerState (FollowerState.java:run(115)) - 15c7087e-3faa-44da-8bcf-ba6d8474606b: FollowerState was interrupted: java.lang.InterruptedException: sleep interrupted
2019-10-09 12:33:57,418 [grpc-default-executor-2] INFO  impl.RoleInfo (RoleInfo.java:updateAndGet(143)) - 15c7087e-3faa-44da-8bcf-ba6d8474606b: start FollowerState
2019-10-09 12:33:57,418 [Thread-277] INFO  impl.FollowerState (FollowerState.java:run(115)) - f3086b94-a975-49b7-9107-e3b3e2cbc81b: FollowerState was interrupted: java.lang.InterruptedException: sleep interrupted
2019-10-09 12:33:57,418 [grpc-default-executor-3] INFO  impl.RoleInfo (RoleInfo.java:updateAndGet(143)) - f3086b94-a975-49b7-9107-e3b3e2cbc81b: start FollowerState
2019-10-09 12:33:57,453 [52d79d12-8dd1-42de-aa00-ce8a3521ad19@group-B755ADC36079:LeaderElection13] INFO  impl.LeaderElection (LeaderElection.java:logAndReturn(56)) - 52d79d12-8dd1-42de-aa00-ce8a3521ad19@group-B755ADC36079:LeaderElection13: Election PASSED; received 1 response(s) [52d79d12-8dd1-42de-aa00-ce8a3521ad19<-15c7087e-3faa-44da-8bcf-ba6d8474606b#0:OK-t4] and 0 exception(s); 52d79d12-8dd1-42de-aa00-ce8a3521ad19@group-B755ADC36079:t4, leader=null, voted=52d79d12-8dd1-42de-aa00-ce8a3521ad19, raftlog=52d79d12-8dd1-42de-aa00-ce8a3521ad19@group-B755ADC36079-SegmentedRaftLog:OPENED:c-1,f-1,i0, conf=-1: [f3086b94-a975-49b7-9107-e3b3e2cbc81b:192.168.30.33:45686, 52d79d12-8dd1-42de-aa00-ce8a3521ad19:192.168.30.33:45595, 15c7087e-3faa-44da-8bcf-ba6d8474606b:192.168.30.33:44188], old=null
2019-10-09 12:33:57,453 [52d79d12-8dd1-42de-aa00-ce8a3521ad19@group-B755ADC36079:LeaderElection13] INFO  impl.RoleInfo (RoleInfo.java:shutdownLeaderElection(134)) - 52d79d12-8dd1-42de-aa00-ce8a3521ad19: shutdown LeaderElection
2019-10-09 12:33:57,454 [52d79d12-8dd1-42de-aa00-ce8a3521ad19@group-B755ADC36079:LeaderElection13] INFO  impl.RaftServerImpl (RaftServerImpl.java:setRole(174)) - 52d79d12-8dd1-42de-aa00-ce8a3521ad19@group-B755ADC36079: changes role from CANDIDATE to LEADER at term 4 for changeToLeader
2019-10-09 12:33:57,454 [52d79d12-8dd1-42de-aa00-ce8a3521ad19@group-B755ADC36079:LeaderElection13] INFO  impl.RaftServerImpl (ServerState.java:setLeader(253)) - 52d79d12-8dd1-42de-aa00-ce8a3521ad19@group-B755ADC36079: change Leader from null to 52d79d12-8dd1-42de-aa00-ce8a3521ad19 at term 4 for becomeLeader, leader elected after 23692ms
2019-10-09 12:33:57,454 [52d79d12-8dd1-42de-aa00-ce8a3521ad19@group-B755ADC36079:LeaderElection13] INFO  server.RaftServerConfigKeys (ConfUtils.java:logGet(43)) - raft.server.staging.catchup.gap = 1000 (default)
2019-10-09 12:33:57,454 [52d79d12-8dd1-42de-aa00-ce8a3521ad19@group-B755ADC36079:LeaderElection13] INFO  server.RaftServerConfigKeys (ConfUtils.java:logGet(43)) - raft.server.rpc.sleep.time = 25ms (default)
2019-10-09 12:33:57,454 [52d79d12-8dd1-42de-aa00-ce8a3521ad19@group-B755ADC36079:LeaderElection13] INFO  server.RaftServerConfigKeys (ConfUtils.java:logGet(43)) - raft.server.write.element-limit = 4096 (default)
2019-10-09 12:33:57,454 [52d79d12-8dd1-42de-aa00-ce8a3521ad19@group-B755ADC36079:LeaderElection13] INFO  server.RaftServerConfigKeys (ConfUtils.java:logGet(43)) - raft.server.watch.timeout = 10s (default)
2019-10-09 12:33:57,455 [52d79d12-8dd1-42de-aa00-ce8a3521ad19@group-B755ADC36079:LeaderElection13] INFO  server.RaftServerConfigKeys (ConfUtils.java:logGet(43)) - raft.server.watch.timeout.denomination = 1s (default)
2019-10-09 12:33:57,455 [52d79d12-8dd1-42de-aa00-ce8a3521ad19@group-B755ADC36079:LeaderElection13] INFO  server.RaftServerConfigKeys (ConfUtils.java:logGet(43)) - raft.server.watch.element-limit = 65536 (default)
2019-10-09 12:33:57,465 [52d79d12-8dd1-42de-aa00-ce8a3521ad19@group-B755ADC36079:LeaderElection13] INFO  server.RaftServerConfigKeys (ConfUtils.java:logGet(43)) - raft.server.log.appender.snapshot.chunk.size.max = 16MB (=16777216) (default)
2019-10-09 12:33:57,466 [52d79d12-8dd1-42de-aa00-ce8a3521ad19@group-B755ADC36079:LeaderElection13] INFO  server.RaftServerConfigKeys (ConfUtils.java:logGet(43)) - raft.server.log.appender.buffer.byte-limit = 33554432 (custom)
2019-10-09 12:33:57,466 [52d79d12-8dd1-42de-aa00-ce8a3521ad19@group-B755ADC36079:LeaderElection13] INFO  server.RaftServerConfigKeys (ConfUtils.java:logGet(43)) - raft.server.log.appender.buffer.element-limit = 1 (custom)
2019-10-09 12:33:57,471 [52d79d12-8dd1-42de-aa00-ce8a3521ad19@group-B755ADC36079:LeaderElection13] INFO  grpc.GrpcConfigKeys$Server (ConfUtils.java:logGet(43)) - raft.grpc.server.leader.outstanding.appends.max = 128 (default)
2019-10-09 12:33:57,471 [52d79d12-8dd1-42de-aa00-ce8a3521ad19@group-B755ADC36079:LeaderElection13] INFO  server.RaftServerConfigKeys (ConfUtils.java:logGet(43)) - raft.server.rpc.request.timeout = 3000ms (default)
2019-10-09 12:33:57,471 [52d79d12-8dd1-42de-aa00-ce8a3521ad19@group-B755ADC36079:LeaderElection13] INFO  server.RaftServerConfigKeys (ConfUtils.java:logGet(43)) - raft.server.log.appender.install.snapshot.enabled = false (custom)
2019-10-09 12:33:57,472 [52d79d12-8dd1-42de-aa00-ce8a3521ad19@group-B755ADC36079:LeaderElection13] INFO  server.RaftServerConfigKeys (ConfUtils.java:logGet(43)) - raft.server.log.appender.snapshot.chunk.size.max = 16MB (=16777216) (default)
2019-10-09 12:33:57,473 [52d79d12-8dd1-42de-aa00-ce8a3521ad19@group-B755ADC36079:LeaderElection13] INFO  server.RaftServerConfigKeys (ConfUtils.java:logGet(43)) - raft.server.log.appender.buffer.byte-limit = 33554432 (custom)
2019-10-09 12:33:57,473 [52d79d12-8dd1-42de-aa00-ce8a3521ad19@group-B755ADC36079:LeaderElection13] INFO  server.RaftServerConfigKeys (ConfUtils.java:logGet(43)) - raft.server.log.appender.buffer.element-limit = 1 (custom)
2019-10-09 12:33:57,473 [52d79d12-8dd1-42de-aa00-ce8a3521ad19@group-B755ADC36079:LeaderElection13] INFO  grpc.GrpcConfigKeys$Server (ConfUtils.java:logGet(43)) - raft.grpc.server.leader.outstanding.appends.max = 128 (default)
2019-10-09 12:33:57,473 [52d79d12-8dd1-42de-aa00-ce8a3521ad19@group-B755ADC36079:LeaderElection13] INFO  server.RaftServerConfigKeys (ConfUtils.java:logGet(43)) - raft.server.rpc.request.timeout = 3000ms (default)
2019-10-09 12:33:57,473 [52d79d12-8dd1-42de-aa00-ce8a3521ad19@group-B755ADC36079:LeaderElection13] INFO  server.RaftServerConfigKeys (ConfUtils.java:logGet(43)) - raft.server.log.appender.install.snapshot.enabled = false (custom)
2019-10-09 12:33:57,475 [52d79d12-8dd1-42de-aa00-ce8a3521ad19@group-B755ADC36079:LeaderElection13] INFO  impl.RoleInfo (RoleInfo.java:updateAndGet(143)) - 52d79d12-8dd1-42de-aa00-ce8a3521ad19: start LeaderState
2019-10-09 12:33:57,476 [52d79d12-8dd1-42de-aa00-ce8a3521ad19@group-B755ADC36079:LeaderElection13] INFO  segmented.SegmentedRaftLogWorker (SegmentedRaftLogWorker.java:startLogSegment(380)) - 52d79d12-8dd1-42de-aa00-ce8a3521ad19@group-B755ADC36079-SegmentedRaftLogWorker: Starting segment from index:0
2019-10-09 12:33:57,477 [52d79d12-8dd1-42de-aa00-ce8a3521ad19@group-B755ADC36079:LeaderElection13] INFO  impl.RaftServerImpl (ServerState.java:setRaftConf(354)) - 52d79d12-8dd1-42de-aa00-ce8a3521ad19@group-B755ADC36079: set configuration 0: [f3086b94-a975-49b7-9107-e3b3e2cbc81b:192.168.30.33:45686, 52d79d12-8dd1-42de-aa00-ce8a3521ad19:192.168.30.33:45595, 15c7087e-3faa-44da-8bcf-ba6d8474606b:192.168.30.33:44188], old=null at 0
2019-10-09 12:33:57,516 [52d79d12-8dd1-42de-aa00-ce8a3521ad19@group-B755ADC36079-SegmentedRaftLogWorker] INFO  segmented.SegmentedRaftLogWorker (SegmentedRaftLogWorker.java:execute(569)) - 52d79d12-8dd1-42de-aa00-ce8a3521ad19@group-B755ADC36079-SegmentedRaftLogWorker: created new log segment /workdir/hadoop-ozone/tools/target/test-dir/MiniOzoneClusterImpl-522442ce-d41d-477e-af44-0bafda54b9fa/datanode-2/data/ratis/0b9e8c99-ce3f-471c-bf27-b755adc36079/current/log_inprogress_0
2019-10-09 12:33:57,522 [grpc-default-executor-3] INFO  impl.RaftServerImpl (ServerState.java:setLeader(253)) - 15c7087e-3faa-44da-8bcf-ba6d8474606b@group-B755ADC36079: change Leader from null to 52d79d12-8dd1-42de-aa00-ce8a3521ad19 at term 4 for appendEntries, leader elected after 23760ms
2019-10-09 12:33:57,522 [grpc-default-executor-2] INFO  impl.RaftServerImpl (ServerState.java:setLeader(253)) - f3086b94-a975-49b7-9107-e3b3e2cbc81b@group-B755ADC36079: change Leader from null to 52d79d12-8dd1-42de-aa00-ce8a3521ad19 at term 4 for appendEntries, leader elected after 23760ms
2019-10-09 12:33:57,544 [grpc-default-executor-2] INFO  impl.RaftServerImpl (ServerState.java:setRaftConf(354)) - 15c7087e-3faa-44da-8bcf-ba6d8474606b@group-B755ADC36079: set configuration 0: [f3086b94-a975-49b7-9107-e3b3e2cbc81b:192.168.30.33:45686, 52d79d12-8dd1-42de-aa00-ce8a3521ad19:192.168.30.33:45595, 15c7087e-3faa-44da-8bcf-ba6d8474606b:192.168.30.33:44188], old=null at 0
2019-10-09 12:33:57,545 [grpc-default-executor-2] INFO  segmented.SegmentedRaftLogWorker (SegmentedRaftLogWorker.java:startLogSegment(380)) - 15c7087e-3faa-44da-8bcf-ba6d8474606b@group-B755ADC36079-SegmentedRaftLogWorker: Starting segment from index:0
2019-10-09 12:33:57,545 [grpc-default-executor-3] INFO  impl.RaftServerImpl (ServerState.java:setRaftConf(354)) - f3086b94-a975-49b7-9107-e3b3e2cbc81b@group-B755ADC36079: set configuration 0: [f3086b94-a975-49b7-9107-e3b3e2cbc81b:192.168.30.33:45686, 52d79d12-8dd1-42de-aa00-ce8a3521ad19:192.168.30.33:45595, 15c7087e-3faa-44da-8bcf-ba6d8474606b:192.168.30.33:44188], old=null at 0
2019-10-09 12:33:57,545 [grpc-default-executor-3] INFO  segmented.SegmentedRaftLogWorker (SegmentedRaftLogWorker.java:startLogSegment(380)) - f3086b94-a975-49b7-9107-e3b3e2cbc81b@group-B755ADC36079-SegmentedRaftLogWorker: Starting segment from index:0
2019-10-09 12:33:57,581 [f3086b94-a975-49b7-9107-e3b3e2cbc81b@group-B755ADC36079-SegmentedRaftLogWorker] INFO  segmented.SegmentedRaftLogWorker (SegmentedRaftLogWorker.java:execute(569)) - f3086b94-a975-49b7-9107-e3b3e2cbc81b@group-B755ADC36079-SegmentedRaftLogWorker: created new log segment /workdir/hadoop-ozone/tools/target/test-dir/MiniOzoneClusterImpl-522442ce-d41d-477e-af44-0bafda54b9fa/datanode-1/data/ratis/0b9e8c99-ce3f-471c-bf27-b755adc36079/current/log_inprogress_0
2019-10-09 12:33:57,581 [15c7087e-3faa-44da-8bcf-ba6d8474606b@group-B755ADC36079-SegmentedRaftLogWorker] INFO  segmented.SegmentedRaftLogWorker (SegmentedRaftLogWorker.java:execute(569)) - 15c7087e-3faa-44da-8bcf-ba6d8474606b@group-B755ADC36079-SegmentedRaftLogWorker: created new log segment /workdir/hadoop-ozone/tools/target/test-dir/MiniOzoneClusterImpl-522442ce-d41d-477e-af44-0bafda54b9fa/datanode-0/data/ratis/0b9e8c99-ce3f-471c-bf27-b755adc36079/current/log_inprogress_0
 0.00% |█                                                                                                    |  0/1 Time: 0:00:23 0.00% |█                                                                                                    |  0/1 Time: 0:00:24 100.00% |█████████████████████████████████████████████████████████████████████████████████████████████████████|  1/1 Time: 0:00:25
2019-10-09 12:34:05,031 [main] INFO  pipeline.SCMPipelineManager (SCMPipelineManager.java:finalizeAndDestroyPipeline(348)) - destroying pipeline:Pipeline[ Id: 0b9e8c99-ce3f-471c-bf27-b755adc36079, Nodes: 15c7087e-3faa-44da-8bcf-ba6d8474606b{ip: 192.168.30.33, host: pr-hdds-2034-v6pl4-3072628770, networkLocation: /default-rack, certSerialId: null}52d79d12-8dd1-42de-aa00-ce8a3521ad19{ip: 192.168.30.33, host: pr-hdds-2034-v6pl4-3072628770, networkLocation: /default-rack, certSerialId: null}f3086b94-a975-49b7-9107-e3b3e2cbc81b{ip: 192.168.30.33, host: pr-hdds-2034-v6pl4-3072628770, networkLocation: /default-rack, certSerialId: null}, Type:RATIS, Factor:THREE, State:OPEN]
2019-10-09 12:34:05,032 [main] INFO  pipeline.PipelineStateManager (PipelineStateManager.java:finalizePipeline(123)) - Pipeline Pipeline[ Id: 0b9e8c99-ce3f-471c-bf27-b755adc36079, Nodes: 15c7087e-3faa-44da-8bcf-ba6d8474606b{ip: 192.168.30.33, host: pr-hdds-2034-v6pl4-3072628770, networkLocation: /default-rack, certSerialId: null}52d79d12-8dd1-42de-aa00-ce8a3521ad19{ip: 192.168.30.33, host: pr-hdds-2034-v6pl4-3072628770, networkLocation: /default-rack, certSerialId: null}f3086b94-a975-49b7-9107-e3b3e2cbc81b{ip: 192.168.30.33, host: pr-hdds-2034-v6pl4-3072628770, networkLocation: /default-rack, certSerialId: null}, Type:RATIS, Factor:THREE, State:CLOSED] moved to CLOSED state
2019-10-09 12:34:05,033 [EventQueue-CloseContainerForCloseContainerEventHandler] INFO  container.CloseContainerEventHandler (CloseContainerEventHandler.java:onMessage(61)) - Close container Event triggered for container : #1
2019-10-09 12:34:05,037 [main] INFO  pipeline.RatisPipelineProvider (RatisPipelineProvider.java:lambda$close$5(211)) - Send pipeline:PipelineID=0b9e8c99-ce3f-471c-bf27-b755adc36079 close command to datanode 15c7087e-3faa-44da-8bcf-ba6d8474606b
2019-10-09 12:34:05,037 [EventQueue-CloseContainerForCloseContainerEventHandler] INFO  container.CloseContainerEventHandler (CloseContainerEventHandler.java:onMessage(61)) - Close container Event triggered for container : #2
2019-10-09 12:34:05,039 [main] INFO  pipeline.RatisPipelineProvider (RatisPipelineProvider.java:lambda$close$5(211)) - Send pipeline:PipelineID=0b9e8c99-ce3f-471c-bf27-b755adc36079 close command to datanode 52d79d12-8dd1-42de-aa00-ce8a3521ad19
2019-10-09 12:34:05,039 [main] INFO  pipeline.RatisPipelineProvider (RatisPipelineProvider.java:lambda$close$5(211)) - Send pipeline:PipelineID=0b9e8c99-ce3f-471c-bf27-b755adc36079 close command to datanode f3086b94-a975-49b7-9107-e3b3e2cbc81b
2019-10-09 12:34:05,039 [EventQueue-CloseContainerForCloseContainerEventHandler] INFO  container.CloseContainerEventHandler (CloseContainerEventHandler.java:onMessage(61)) - Close container Event triggered for container : #3
2019-10-09 12:34:05,040 [main] INFO  pipeline.PipelineStateManager (PipelineStateManager.java:removePipeline(108)) - Pipeline Pipeline[ Id: 0b9e8c99-ce3f-471c-bf27-b755adc36079, Nodes: 15c7087e-3faa-44da-8bcf-ba6d8474606b{ip: 192.168.30.33, host: pr-hdds-2034-v6pl4-3072628770, networkLocation: /default-rack, certSerialId: null}52d79d12-8dd1-42de-aa00-ce8a3521ad19{ip: 192.168.30.33, host: pr-hdds-2034-v6pl4-3072628770, networkLocation: /default-rack, certSerialId: null}f3086b94-a975-49b7-9107-e3b3e2cbc81b{ip: 192.168.30.33, host: pr-hdds-2034-v6pl4-3072628770, networkLocation: /default-rack, certSerialId: null}, Type:RATIS, Factor:THREE, State:CLOSED] removed from db
2019-10-09 12:34:05,043 [RatisPipelineUtilsThread] INFO  pipeline.RatisPipelineProvider (RatisPipelineProvider.java:lambda$create$4(164)) - Send pipeline:PipelineID=e444bdce-a7f9-42e7-a7a7-c96d904186ef create command to datanode 15c7087e-3faa-44da-8bcf-ba6d8474606b
2019-10-09 12:34:05,043 [EventQueue-CloseContainerForCloseContainerEventHandler] ERROR container.CloseContainerEventHandler (CloseContainerEventHandler.java:onMessage(89)) - Failed to close the container #3.
org.apache.hadoop.hdds.scm.pipeline.PipelineNotFoundException: PipelineID=0b9e8c99-ce3f-471c-bf27-b755adc36079 not found
	at org.apache.hadoop.hdds.scm.pipeline.PipelineStateMap.removeContainerFromPipeline(PipelineStateMap.java:351)
	at org.apache.hadoop.hdds.scm.pipeline.PipelineStateManager.removeContainerFromPipeline(PipelineStateManager.java:114)
	at org.apache.hadoop.hdds.scm.pipeline.SCMPipelineManager.removeContainerFromPipeline(SCMPipelineManager.java:301)
	at org.apache.hadoop.hdds.scm.container.SCMContainerManager.updateContainerState(SCMContainerManager.java:317)
	at org.apache.hadoop.hdds.scm.container.CloseContainerEventHandler.onMessage(CloseContainerEventHandler.java:66)
	at org.apache.hadoop.hdds.scm.container.CloseContainerEventHandler.onMessage(CloseContainerEventHandler.java:45)
	at org.apache.hadoop.hdds.server.events.SingleThreadExecutor.lambda$onMessage$1(SingleThreadExecutor.java:85)
	at java.util.concurrent.ThreadPoolExecutor.runWorker(ThreadPoolExecutor.java:1149)
	at java.util.concurrent.ThreadPoolExecutor$Worker.run(ThreadPoolExecutor.java:624)
	at java.lang.Thread.run(Thread.java:748)
2019-10-09 12:34:05,043 [RatisPipelineUtilsThread] INFO  pipeline.RatisPipelineProvider (RatisPipelineProvider.java:lambda$create$4(164)) - Send pipeline:PipelineID=e444bdce-a7f9-42e7-a7a7-c96d904186ef create command to datanode 52d79d12-8dd1-42de-aa00-ce8a3521ad19
2019-10-09 12:34:05,048 [RatisPipelineUtilsThread] INFO  pipeline.RatisPipelineProvider (RatisPipelineProvider.java:lambda$create$4(164)) - Send pipeline:PipelineID=e444bdce-a7f9-42e7-a7a7-c96d904186ef create command to datanode f3086b94-a975-49b7-9107-e3b3e2cbc81b
2019-10-09 12:34:05,151 [main] INFO  freon.RandomKeyGenerator (RandomKeyGenerator.java:call(283)) - Number of Threads: 10
2019-10-09 12:34:05,152 [main] INFO  freon.RandomKeyGenerator (RandomKeyGenerator.java:call(288)) - Number of Volumes: 1.
2019-10-09 12:34:05,152 [main] INFO  freon.RandomKeyGenerator (RandomKeyGenerator.java:call(289)) - Number of Buckets per Volume: 1.
2019-10-09 12:34:05,152 [main] INFO  freon.RandomKeyGenerator (RandomKeyGenerator.java:call(290)) - Number of Keys per Bucket: 1.
2019-10-09 12:34:05,152 [main] INFO  freon.RandomKeyGenerator (RandomKeyGenerator.java:call(291)) - Key size: 20971520 bytes
2019-10-09 12:34:05,152 [main] INFO  freon.RandomKeyGenerator (RandomKeyGenerator.java:call(292)) - Buffer size: 4096 bytes
2019-10-09 12:34:05,152 [main] INFO  freon.RandomKeyGenerator (RandomKeyGenerator.java:call(293)) - validateWrites : true
2019-10-09 12:34:05,154 [pool-59-thread-1] INFO  rpc.RpcClient (RpcClient.java:createVolume(276)) - Creating Volume: vol-0-46214, with jenkins1000 as owner.
2019-10-09 12:34:05,154 [main] INFO  freon.RandomKeyGenerator (RandomKeyGenerator.java:call(307)) - Data validation is enabled.
2019-10-09 12:34:05,154 [main] INFO  freon.RandomKeyGenerator (RandomKeyGenerator.java:call(313)) - Starting progress bar Thread.

 0.00% |█                                                                                                    |  0/1 Time: 0:00:002019-10-09 12:34:05,160 [IPC Server handler 4 on 38169] INFO  volume.OMVolumeCreateRequest (OMVolumeCreateRequest.java:validateAndUpdateCache(189)) - created volume:vol-0-46214 for user:jenkins1000
2019-10-09 12:34:05,173 [pool-59-thread-2] INFO  rpc.RpcClient (RpcClient.java:createBucket(415)) - Creating Bucket: vol-0-46214/bucket-0-78901, with Versioning false and Storage Type set to DISK and Encryption set to false 
2019-10-09 12:34:05,192 [IPC Server handler 0 on 43618] WARN  block.BlockManagerImpl (BlockManagerImpl.java:allocateBlock(221)) - Pipeline creation failed for type:RATIS factor:THREE. Retrying get pipelines call once.
org.apache.hadoop.hdds.scm.pipeline.InsufficientDatanodesException: Cannot create pipeline of factor 3 using 0 nodes.
	at org.apache.hadoop.hdds.scm.pipeline.RatisPipelineProvider.create(RatisPipelineProvider.java:145)
	at org.apache.hadoop.hdds.scm.pipeline.PipelineFactory.create(PipelineFactory.java:60)
	at org.apache.hadoop.hdds.scm.pipeline.SCMPipelineManager.createPipeline(SCMPipelineManager.java:174)
	at org.apache.hadoop.hdds.scm.block.BlockManagerImpl.allocateBlock(BlockManagerImpl.java:210)
	at org.apache.hadoop.hdds.scm.server.SCMBlockProtocolServer.allocateBlock(SCMBlockProtocolServer.java:182)
	at org.apache.hadoop.ozone.protocolPB.ScmBlockLocationProtocolServerSideTranslatorPB.allocateScmBlock(ScmBlockLocationProtocolServerSideTranslatorPB.java:183)
	at org.apache.hadoop.ozone.protocolPB.ScmBlockLocationProtocolServerSideTranslatorPB.processMessage(ScmBlockLocationProtocolServerSideTranslatorPB.java:141)
	at org.apache.hadoop.ozone.protocolPB.ScmBlockLocationProtocolServerSideTranslatorPB.send(ScmBlockLocationProtocolServerSideTranslatorPB.java:116)
	at org.apache.hadoop.hdds.protocol.proto.ScmBlockLocationProtocolProtos$ScmBlockLocationProtocolService$2.callBlockingMethod(ScmBlockLocationProtocolProtos.java:13157)
	at org.apache.hadoop.ipc.ProtobufRpcEngine$Server$ProtoBufRpcInvoker.call(ProtobufRpcEngine.java:524)
	at org.apache.hadoop.ipc.RPC$Server.call(RPC.java:1025)
	at org.apache.hadoop.ipc.Server$RpcCall.run(Server.java:876)
	at org.apache.hadoop.ipc.Server$RpcCall.run(Server.java:822)
	at java.security.AccessController.doPrivileged(Native Method)
	at javax.security.auth.Subject.doAs(Subject.java:422)
	at org.apache.hadoop.security.UserGroupInformation.doAs(UserGroupInformation.java:1730)
	at org.apache.hadoop.ipc.Server$Handler.run(Server.java:2682)
2019-10-09 12:34:05,193 [IPC Server handler 0 on 43618] INFO  block.BlockManagerImpl (BlockManagerImpl.java:allocateBlock(227)) - Could not find available pipeline of type:RATIS and factor:THREE even after retrying
2019-10-09 12:34:05,193 [IPC Server handler 0 on 43618] ERROR block.BlockManagerImpl (BlockManagerImpl.java:allocateBlock(251)) - Unable to allocate a block for the size: 4194304, type: RATIS, factor: THREE
2019-10-09 12:34:05,193 [IPC Server handler 0 on 43618] WARN  block.BlockManagerImpl (BlockManagerImpl.java:allocateBlock(221)) - Pipeline creation failed for type:RATIS factor:THREE. Retrying get pipelines call once.
org.apache.hadoop.hdds.scm.pipeline.InsufficientDatanodesException: Cannot create pipeline of factor 3 using 0 nodes.
	at org.apache.hadoop.hdds.scm.pipeline.RatisPipelineProvider.create(RatisPipelineProvider.java:145)
	at org.apache.hadoop.hdds.scm.pipeline.PipelineFactory.create(PipelineFactory.java:60)
	at org.apache.hadoop.hdds.scm.pipeline.SCMPipelineManager.createPipeline(SCMPipelineManager.java:174)
	at org.apache.hadoop.hdds.scm.block.BlockManagerImpl.allocateBlock(BlockManagerImpl.java:210)
	at org.apache.hadoop.hdds.scm.server.SCMBlockProtocolServer.allocateBlock(SCMBlockProtocolServer.java:182)
	at org.apache.hadoop.ozone.protocolPB.ScmBlockLocationProtocolServerSideTranslatorPB.allocateScmBlock(ScmBlockLocationProtocolServerSideTranslatorPB.java:183)
	at org.apache.hadoop.ozone.protocolPB.ScmBlockLocationProtocolServerSideTranslatorPB.processMessage(ScmBlockLocationProtocolServerSideTranslatorPB.java:141)
	at org.apache.hadoop.ozone.protocolPB.ScmBlockLocationProtocolServerSideTranslatorPB.send(ScmBlockLocationProtocolServerSideTranslatorPB.java:116)
	at org.apache.hadoop.hdds.protocol.proto.ScmBlockLocationProtocolProtos$ScmBlockLocationProtocolService$2.callBlockingMethod(ScmBlockLocationProtocolProtos.java:13157)
	at org.apache.hadoop.ipc.ProtobufRpcEngine$Server$ProtoBufRpcInvoker.call(ProtobufRpcEngine.java:524)
	at org.apache.hadoop.ipc.RPC$Server.call(RPC.java:1025)
	at org.apache.hadoop.ipc.Server$RpcCall.run(Server.java:876)
	at org.apache.hadoop.ipc.Server$RpcCall.run(Server.java:822)
	at java.security.AccessController.doPrivileged(Native Method)
	at javax.security.auth.Subject.doAs(Subject.java:422)
	at org.apache.hadoop.security.UserGroupInformation.doAs(UserGroupInformation.java:1730)
	at org.apache.hadoop.ipc.Server$Handler.run(Server.java:2682)
2019-10-09 12:34:05,193 [IPC Server handler 0 on 43618] INFO  block.BlockManagerImpl (BlockManagerImpl.java:allocateBlock(227)) - Could not find available pipeline of type:RATIS and factor:THREE even after retrying
2019-10-09 12:34:05,193 [IPC Server handler 0 on 43618] ERROR block.BlockManagerImpl (BlockManagerImpl.java:allocateBlock(251)) - Unable to allocate a block for the size: 4194304, type: RATIS, factor: THREE
2019-10-09 12:34:05,194 [IPC Server handler 0 on 43618] WARN  block.BlockManagerImpl (BlockManagerImpl.java:allocateBlock(221)) - Pipeline creation failed for type:RATIS factor:THREE. Retrying get pipelines call once.
org.apache.hadoop.hdds.scm.pipeline.InsufficientDatanodesException: Cannot create pipeline of factor 3 using 0 nodes.
	at org.apache.hadoop.hdds.scm.pipeline.RatisPipelineProvider.create(RatisPipelineProvider.java:145)
	at org.apache.hadoop.hdds.scm.pipeline.PipelineFactory.create(PipelineFactory.java:60)
	at org.apache.hadoop.hdds.scm.pipeline.SCMPipelineManager.createPipeline(SCMPipelineManager.java:174)
	at org.apache.hadoop.hdds.scm.block.BlockManagerImpl.allocateBlock(BlockManagerImpl.java:210)
	at org.apache.hadoop.hdds.scm.server.SCMBlockProtocolServer.allocateBlock(SCMBlockProtocolServer.java:182)
	at org.apache.hadoop.ozone.protocolPB.ScmBlockLocationProtocolServerSideTranslatorPB.allocateScmBlock(ScmBlockLocationProtocolServerSideTranslatorPB.java:183)
	at org.apache.hadoop.ozone.protocolPB.ScmBlockLocationProtocolServerSideTranslatorPB.processMessage(ScmBlockLocationProtocolServerSideTranslatorPB.java:141)
	at org.apache.hadoop.ozone.protocolPB.ScmBlockLocationProtocolServerSideTranslatorPB.send(ScmBlockLocationProtocolServerSideTranslatorPB.java:116)
	at org.apache.hadoop.hdds.protocol.proto.ScmBlockLocationProtocolProtos$ScmBlockLocationProtocolService$2.callBlockingMethod(ScmBlockLocationProtocolProtos.java:13157)
	at org.apache.hadoop.ipc.ProtobufRpcEngine$Server$ProtoBufRpcInvoker.call(ProtobufRpcEngine.java:524)
	at org.apache.hadoop.ipc.RPC$Server.call(RPC.java:1025)
	at org.apache.hadoop.ipc.Server$RpcCall.run(Server.java:876)
	at org.apache.hadoop.ipc.Server$RpcCall.run(Server.java:822)
	at java.security.AccessController.doPrivileged(Native Method)
	at javax.security.auth.Subject.doAs(Subject.java:422)
	at org.apache.hadoop.security.UserGroupInformation.doAs(UserGroupInformation.java:1730)
	at org.apache.hadoop.ipc.Server$Handler.run(Server.java:2682)
2019-10-09 12:34:05,194 [IPC Server handler 0 on 43618] INFO  block.BlockManagerImpl (BlockManagerImpl.java:allocateBlock(227)) - Could not find available pipeline of type:RATIS and factor:THREE even after retrying
2019-10-09 12:34:05,194 [IPC Server handler 0 on 43618] ERROR block.BlockManagerImpl (BlockManagerImpl.java:allocateBlock(251)) - Unable to allocate a block for the size: 4194304, type: RATIS, factor: THREE
2019-10-09 12:34:05,194 [IPC Server handler 0 on 43618] WARN  block.BlockManagerImpl (BlockManagerImpl.java:allocateBlock(221)) - Pipeline creation failed for type:RATIS factor:THREE. Retrying get pipelines call once.
org.apache.hadoop.hdds.scm.pipeline.InsufficientDatanodesException: Cannot create pipeline of factor 3 using 0 nodes.
	at org.apache.hadoop.hdds.scm.pipeline.RatisPipelineProvider.create(RatisPipelineProvider.java:145)
	at org.apache.hadoop.hdds.scm.pipeline.PipelineFactory.create(PipelineFactory.java:60)
	at org.apache.hadoop.hdds.scm.pipeline.SCMPipelineManager.createPipeline(SCMPipelineManager.java:174)
	at org.apache.hadoop.hdds.scm.block.BlockManagerImpl.allocateBlock(BlockManagerImpl.java:210)
	at org.apache.hadoop.hdds.scm.server.SCMBlockProtocolServer.allocateBlock(SCMBlockProtocolServer.java:182)
	at org.apache.hadoop.ozone.protocolPB.ScmBlockLocationProtocolServerSideTranslatorPB.allocateScmBlock(ScmBlockLocationProtocolServerSideTranslatorPB.java:183)
	at org.apache.hadoop.ozone.protocolPB.ScmBlockLocationProtocolServerSideTranslatorPB.processMessage(ScmBlockLocationProtocolServerSideTranslatorPB.java:141)
	at org.apache.hadoop.ozone.protocolPB.ScmBlockLocationProtocolServerSideTranslatorPB.send(ScmBlockLocationProtocolServerSideTranslatorPB.java:116)
	at org.apache.hadoop.hdds.protocol.proto.ScmBlockLocationProtocolProtos$ScmBlockLocationProtocolService$2.callBlockingMethod(ScmBlockLocationProtocolProtos.java:13157)
	at org.apache.hadoop.ipc.ProtobufRpcEngine$Server$ProtoBufRpcInvoker.call(ProtobufRpcEngine.java:524)
	at org.apache.hadoop.ipc.RPC$Server.call(RPC.java:1025)
	at org.apache.hadoop.ipc.Server$RpcCall.run(Server.java:876)
	at org.apache.hadoop.ipc.Server$RpcCall.run(Server.java:822)
	at java.security.AccessController.doPrivileged(Native Method)
	at javax.security.auth.Subject.doAs(Subject.java:422)
	at org.apache.hadoop.security.UserGroupInformation.doAs(UserGroupInformation.java:1730)
	at org.apache.hadoop.ipc.Server$Handler.run(Server.java:2682)
2019-10-09 12:34:05,195 [IPC Server handler 0 on 43618] INFO  block.BlockManagerImpl (BlockManagerImpl.java:allocateBlock(227)) - Could not find available pipeline of type:RATIS and factor:THREE even after retrying
2019-10-09 12:34:05,195 [IPC Server handler 0 on 43618] ERROR block.BlockManagerImpl (BlockManagerImpl.java:allocateBlock(251)) - Unable to allocate a block for the size: 4194304, type: RATIS, factor: THREE
2019-10-09 12:34:05,196 [IPC Server handler 0 on 43618] WARN  block.BlockManagerImpl (BlockManagerImpl.java:allocateBlock(221)) - Pipeline creation failed for type:RATIS factor:THREE. Retrying get pipelines call once.
org.apache.hadoop.hdds.scm.pipeline.InsufficientDatanodesException: Cannot create pipeline of factor 3 using 0 nodes.
	at org.apache.hadoop.hdds.scm.pipeline.RatisPipelineProvider.create(RatisPipelineProvider.java:145)
	at org.apache.hadoop.hdds.scm.pipeline.PipelineFactory.create(PipelineFactory.java:60)
	at org.apache.hadoop.hdds.scm.pipeline.SCMPipelineManager.createPipeline(SCMPipelineManager.java:174)
	at org.apache.hadoop.hdds.scm.block.BlockManagerImpl.allocateBlock(BlockManagerImpl.java:210)
	at org.apache.hadoop.hdds.scm.server.SCMBlockProtocolServer.allocateBlock(SCMBlockProtocolServer.java:182)
	at org.apache.hadoop.ozone.protocolPB.ScmBlockLocationProtocolServerSideTranslatorPB.allocateScmBlock(ScmBlockLocationProtocolServerSideTranslatorPB.java:183)
	at org.apache.hadoop.ozone.protocolPB.ScmBlockLocationProtocolServerSideTranslatorPB.processMessage(ScmBlockLocationProtocolServerSideTranslatorPB.java:141)
	at org.apache.hadoop.ozone.protocolPB.ScmBlockLocationProtocolServerSideTranslatorPB.send(ScmBlockLocationProtocolServerSideTranslatorPB.java:116)
	at org.apache.hadoop.hdds.protocol.proto.ScmBlockLocationProtocolProtos$ScmBlockLocationProtocolService$2.callBlockingMethod(ScmBlockLocationProtocolProtos.java:13157)
	at org.apache.hadoop.ipc.ProtobufRpcEngine$Server$ProtoBufRpcInvoker.call(ProtobufRpcEngine.java:524)
	at org.apache.hadoop.ipc.RPC$Server.call(RPC.java:1025)
	at org.apache.hadoop.ipc.Server$RpcCall.run(Server.java:876)
	at org.apache.hadoop.ipc.Server$RpcCall.run(Server.java:822)
	at java.security.AccessController.doPrivileged(Native Method)
	at javax.security.auth.Subject.doAs(Subject.java:422)
	at org.apache.hadoop.security.UserGroupInformation.doAs(UserGroupInformation.java:1730)
	at org.apache.hadoop.ipc.Server$Handler.run(Server.java:2682)
2019-10-09 12:34:05,196 [IPC Server handler 0 on 43618] INFO  block.BlockManagerImpl (BlockManagerImpl.java:allocateBlock(227)) - Could not find available pipeline of type:RATIS and factor:THREE even after retrying
2019-10-09 12:34:05,197 [IPC Server handler 0 on 43618] ERROR block.BlockManagerImpl (BlockManagerImpl.java:allocateBlock(251)) - Unable to allocate a block for the size: 4194304, type: RATIS, factor: THREE
2019-10-09 12:34:05,201 [pool-59-thread-3] ERROR freon.RandomKeyGenerator (RandomKeyGenerator.java:createKey(733)) - Exception while adding key: key-0-50222 in bucket: bucket-0-78901 of volume: vol-0-46214.
INTERNAL_ERROR org.apache.hadoop.ozone.om.exceptions.OMException: Allocated 0 blocks. Requested 5 blocks
	at org.apache.hadoop.ozone.om.protocolPB.OzoneManagerProtocolClientSideTranslatorPB.handleError(OzoneManagerProtocolClientSideTranslatorPB.java:732)
	at org.apache.hadoop.ozone.om.protocolPB.OzoneManagerProtocolClientSideTranslatorPB.openKey(OzoneManagerProtocolClientSideTranslatorPB.java:723)
	at sun.reflect.NativeMethodAccessorImpl.invoke0(Native Method)
	at sun.reflect.NativeMethodAccessorImpl.invoke(NativeMethodAccessorImpl.java:62)
	at sun.reflect.DelegatingMethodAccessorImpl.invoke(DelegatingMethodAccessorImpl.java:43)
	at java.lang.reflect.Method.invoke(Method.java:498)
	at org.apache.hadoop.hdds.tracing.TraceAllMethod.invoke(TraceAllMethod.java:66)
	at com.sun.proxy.$Proxy37.openKey(Unknown Source)
	at org.apache.hadoop.ozone.client.rpc.RpcClient.createKey(RpcClient.java:614)
	at org.apache.hadoop.ozone.client.OzoneBucket.createKey(OzoneBucket.java:325)
	at org.apache.hadoop.ozone.freon.RandomKeyGenerator.createKey(RandomKeyGenerator.java:695)
	at org.apache.hadoop.ozone.freon.RandomKeyGenerator.access$1100(RandomKeyGenerator.java:88)
	at org.apache.hadoop.ozone.freon.RandomKeyGenerator$ObjectCreator.run(RandomKeyGenerator.java:615)
	at java.util.concurrent.Executors$RunnableAdapter.call(Executors.java:511)
	at java.util.concurrent.FutureTask.run(FutureTask.java:266)
	at java.util.concurrent.ThreadPoolExecutor.runWorker(ThreadPoolExecutor.java:1149)
	at java.util.concurrent.ThreadPoolExecutor$Worker.run(ThreadPoolExecutor.java:624)
	at java.lang.Thread.run(Thread.java:748)
 0.00% |█                                                                                                    |  0/1 Time: 0:00:012019-10-09 12:34:07,045 [Command processor thread] INFO  impl.RaftServerProxy (RaftServerProxy.java:remove(95)) - f3086b94-a975-49b7-9107-e3b3e2cbc81b: remove  FOLLOWER f3086b94-a975-49b7-9107-e3b3e2cbc81b@group-B755ADC36079:t4, leader=52d79d12-8dd1-42de-aa00-ce8a3521ad19, voted=52d79d12-8dd1-42de-aa00-ce8a3521ad19, raftlog=f3086b94-a975-49b7-9107-e3b3e2cbc81b@group-B755ADC36079-SegmentedRaftLog:OPENED:c77,f78,i79, conf=0: [f3086b94-a975-49b7-9107-e3b3e2cbc81b:192.168.30.33:45686, 52d79d12-8dd1-42de-aa00-ce8a3521ad19:192.168.30.33:45595, 15c7087e-3faa-44da-8bcf-ba6d8474606b:192.168.30.33:44188], old=null RUNNING
2019-10-09 12:34:07,048 [Command processor thread] INFO  impl.RaftServerImpl (RaftServerImpl.java:lambda$shutdown$3(251)) - f3086b94-a975-49b7-9107-e3b3e2cbc81b@group-B755ADC36079: shutdown
2019-10-09 12:34:07,048 [Command processor thread] INFO  util.JmxRegister (JmxRegister.java:unregister(73)) - Successfully un-registered JMX Bean with object name Ratis:service=RaftServer,group=group-B755ADC36079,id=f3086b94-a975-49b7-9107-e3b3e2cbc81b
2019-10-09 12:34:07,049 [Command processor thread] INFO  impl.RoleInfo (RoleInfo.java:shutdownFollowerState(121)) - f3086b94-a975-49b7-9107-e3b3e2cbc81b: shutdown FollowerState
2019-10-09 12:34:07,049 [Command processor thread] INFO  impl.StateMachineUpdater (StateMachineUpdater.java:stopAndJoin(125)) - f3086b94-a975-49b7-9107-e3b3e2cbc81b@group-B755ADC36079-StateMachineUpdater: set stopIndex = 78
2019-10-09 12:34:07,049 [Thread-292] INFO  impl.FollowerState (FollowerState.java:run(115)) - f3086b94-a975-49b7-9107-e3b3e2cbc81b: FollowerState was interrupted: java.lang.InterruptedException: sleep interrupted
2019-10-09 12:34:07,051 [f3086b94-a975-49b7-9107-e3b3e2cbc81b@group-B755ADC36079-StateMachineUpdater] INFO  ratis.ContainerStateMachine (ContainerStateMachine.java:takeSnapshot(289)) - group-B755ADC36079: Taking a snapshot at:(t:4, i:75) file /workdir/hadoop-ozone/tools/target/test-dir/MiniOzoneClusterImpl-522442ce-d41d-477e-af44-0bafda54b9fa/datanode-1/data/ratis/0b9e8c99-ce3f-471c-bf27-b755adc36079/sm/snapshot.4_75
2019-10-09 12:34:07,060 [RatisApplyTransactionExecutor 1] INFO  interfaces.Container (KeyValueContainer.java:flushAndSyncDB(386)) - Container 1 is synced with bcsId 59.
2019-10-09 12:34:07,060 [RatisApplyTransactionExecutor 1] INFO  interfaces.Container (KeyValueContainer.java:flushAndSyncDB(386)) - Container 1 is synced with bcsId 59.
2019-10-09 12:34:07,062 [RatisApplyTransactionExecutor 1] INFO  interfaces.Container (KeyValueContainer.java:flushAndSyncDB(386)) - Container 1 is synced with bcsId 59.
2019-10-09 12:34:07,062 [RatisApplyTransactionExecutor 1] INFO  interfaces.Container (KeyValueContainer.java:flushAndSyncDB(386)) - Container 1 is synced with bcsId 59.
2019-10-09 12:34:07,078 [RatisApplyTransactionExecutor 1] INFO  interfaces.Container (KeyValueContainer.java:flushAndSyncDB(386)) - Container 1 is synced with bcsId 59.
2019-10-09 12:34:07,078 [RatisApplyTransactionExecutor 1] INFO  interfaces.Container (KeyValueContainer.java:flushAndSyncDB(386)) - Container 1 is synced with bcsId 59.
2019-10-09 12:34:07,078 [RatisApplyTransactionExecutor 1] INFO  interfaces.Container (KeyValueContainer.java:close(335)) - Container 1 is closed with bcsId 59.
2019-10-09 12:34:07,078 [RatisApplyTransactionExecutor 1] INFO  interfaces.Container (KeyValueContainer.java:close(335)) - Container 1 is closed with bcsId 59.
2019-10-09 12:34:07,079 [Command processor thread] INFO  impl.RaftServerProxy (RaftServerProxy.java:remove(95)) - 52d79d12-8dd1-42de-aa00-ce8a3521ad19: remove    LEADER 52d79d12-8dd1-42de-aa00-ce8a3521ad19@group-B755ADC36079:t4, leader=52d79d12-8dd1-42de-aa00-ce8a3521ad19, voted=52d79d12-8dd1-42de-aa00-ce8a3521ad19, raftlog=52d79d12-8dd1-42de-aa00-ce8a3521ad19@group-B755ADC36079-SegmentedRaftLog:OPENED:c79,f79,i79, conf=0: [f3086b94-a975-49b7-9107-e3b3e2cbc81b:192.168.30.33:45686, 52d79d12-8dd1-42de-aa00-ce8a3521ad19:192.168.30.33:45595, 15c7087e-3faa-44da-8bcf-ba6d8474606b:192.168.30.33:44188], old=null RUNNING
2019-10-09 12:34:07,079 [Command processor thread] INFO  impl.RaftServerImpl (RaftServerImpl.java:lambda$shutdown$3(251)) - 52d79d12-8dd1-42de-aa00-ce8a3521ad19@group-B755ADC36079: shutdown
2019-10-09 12:34:07,079 [Command processor thread] INFO  util.JmxRegister (JmxRegister.java:unregister(73)) - Successfully un-registered JMX Bean with object name Ratis:service=RaftServer,group=group-B755ADC36079,id=52d79d12-8dd1-42de-aa00-ce8a3521ad19
2019-10-09 12:34:07,079 [EventQueue-IncrementalContainerReportForIncrementalContainerReportHandler] INFO  container.IncrementalContainerReportHandler (AbstractContainerReportHandler.java:updateContainerState(176)) - Moving container #1 to CLOSED state, datanode 52d79d12-8dd1-42de-aa00-ce8a3521ad19{ip: 192.168.30.33, host: pr-hdds-2034-v6pl4-3072628770, networkLocation: /default-rack, certSerialId: null} reported CLOSED replica.
2019-10-09 12:34:07,080 [Command processor thread] INFO  impl.RoleInfo (RoleInfo.java:shutdownLeaderState(104)) - 52d79d12-8dd1-42de-aa00-ce8a3521ad19: shutdown LeaderState
2019-10-09 12:34:07,085 [Command processor thread] INFO  impl.PendingRequests (PendingRequests.java:sendNotLeaderResponses(202)) - 52d79d12-8dd1-42de-aa00-ce8a3521ad19-PendingRequests: sendNotLeaderResponses
2019-10-09 12:34:07,085 [org.apache.ratis.server.impl.LogAppender$AppenderDaemon$$Lambda$651/968479200@4c4cd4be] WARN  server.GrpcLogAppender (GrpcLogAppender.java:mayWait(143)) - 52d79d12-8dd1-42de-aa00-ce8a3521ad19@group-B755ADC36079->f3086b94-a975-49b7-9107-e3b3e2cbc81b-GrpcLogAppender: Wait interrupted by java.lang.InterruptedException
2019-10-09 12:34:07,085 [org.apache.ratis.server.impl.LogAppender$AppenderDaemon$$Lambda$651/968479200@5e6e5f53] WARN  server.GrpcLogAppender (GrpcLogAppender.java:mayWait(143)) - 52d79d12-8dd1-42de-aa00-ce8a3521ad19@group-B755ADC36079->15c7087e-3faa-44da-8bcf-ba6d8474606b-GrpcLogAppender: Wait interrupted by java.lang.InterruptedException
2019-10-09 12:34:07,090 [Command processor thread] INFO  impl.StateMachineUpdater (StateMachineUpdater.java:stopAndJoin(125)) - 52d79d12-8dd1-42de-aa00-ce8a3521ad19@group-B755ADC36079-StateMachineUpdater: set stopIndex = 79
2019-10-09 12:34:07,091 [52d79d12-8dd1-42de-aa00-ce8a3521ad19@group-B755ADC36079-StateMachineUpdater] INFO  ratis.ContainerStateMachine (ContainerStateMachine.java:takeSnapshot(289)) - group-B755ADC36079: Taking a snapshot at:(t:4, i:79) file /workdir/hadoop-ozone/tools/target/test-dir/MiniOzoneClusterImpl-522442ce-d41d-477e-af44-0bafda54b9fa/datanode-2/data/ratis/0b9e8c99-ce3f-471c-bf27-b755adc36079/sm/snapshot.4_79
2019-10-09 12:34:07,091 [grpc-default-executor-4] INFO  server.GrpcServerProtocolService (GrpcServerProtocolService.java:onCompleted(113)) - f3086b94-a975-49b7-9107-e3b3e2cbc81b: Completed APPEND_ENTRIES, lastRequest: 52d79d12-8dd1-42de-aa00-ce8a3521ad19->f3086b94-a975-49b7-9107-e3b3e2cbc81b#83-t4, previous=(t:4, i:78), leaderCommit=78, initializing? false, entries: size=1, first=(t:4, i:79), METADATAENTRY(c78)
2019-10-09 12:34:07,091 [grpc-default-executor-3] INFO  server.GrpcServerProtocolService (GrpcServerProtocolService.java:onCompleted(113)) - 15c7087e-3faa-44da-8bcf-ba6d8474606b: Completed APPEND_ENTRIES, lastRequest: 52d79d12-8dd1-42de-aa00-ce8a3521ad19->15c7087e-3faa-44da-8bcf-ba6d8474606b#83-t4, previous=(t:4, i:78), leaderCommit=78, initializing? false, entries: size=1, first=(t:4, i:79), METADATAENTRY(c78)
2019-10-09 12:34:07,093 [grpc-default-executor-3] INFO  server.GrpcLogAppender (GrpcLogAppender.java:onCompleted(293)) - 52d79d12-8dd1-42de-aa00-ce8a3521ad19@group-B755ADC36079->15c7087e-3faa-44da-8bcf-ba6d8474606b-AppendLogResponseHandler: follower responses appendEntries COMPLETED
2019-10-09 12:34:07,093 [grpc-default-executor-4] INFO  server.GrpcLogAppender (GrpcLogAppender.java:onCompleted(293)) - 52d79d12-8dd1-42de-aa00-ce8a3521ad19@group-B755ADC36079->f3086b94-a975-49b7-9107-e3b3e2cbc81b-AppendLogResponseHandler: follower responses appendEntries COMPLETED
2019-10-09 12:34:07,094 [RatisApplyTransactionExecutor 1] INFO  interfaces.Container (KeyValueContainer.java:close(335)) - Container 1 is closed with bcsId 59.
2019-10-09 12:34:07,095 [grpc-default-executor-3] INFO  impl.FollowerInfo (FollowerInfo.java:lambda$new$0(51)) - 52d79d12-8dd1-42de-aa00-ce8a3521ad19@group-B755ADC36079->15c7087e-3faa-44da-8bcf-ba6d8474606b: nextIndex: updateUnconditionally 80 -> 79
2019-10-09 12:34:07,095 [grpc-default-executor-4] INFO  impl.FollowerInfo (FollowerInfo.java:lambda$new$0(51)) - 52d79d12-8dd1-42de-aa00-ce8a3521ad19@group-B755ADC36079->f3086b94-a975-49b7-9107-e3b3e2cbc81b: nextIndex: updateUnconditionally 80 -> 79
2019-10-09 12:34:07,097 [52d79d12-8dd1-42de-aa00-ce8a3521ad19@group-B755ADC36079-StateMachineUpdater] INFO  ratis.ContainerStateMachine (ContainerStateMachine.java:takeSnapshot(300)) - group-B755ADC36079: Finished taking a snapshot at:(t:4, i:79) file:/workdir/hadoop-ozone/tools/target/test-dir/MiniOzoneClusterImpl-522442ce-d41d-477e-af44-0bafda54b9fa/datanode-2/data/ratis/0b9e8c99-ce3f-471c-bf27-b755adc36079/sm/snapshot.4_79 time:7
2019-10-09 12:34:07,097 [f3086b94-a975-49b7-9107-e3b3e2cbc81b@group-B755ADC36079-StateMachineUpdater] INFO  ratis.ContainerStateMachine (ContainerStateMachine.java:takeSnapshot(300)) - group-B755ADC36079: Finished taking a snapshot at:(t:4, i:75) file:/workdir/hadoop-ozone/tools/target/test-dir/MiniOzoneClusterImpl-522442ce-d41d-477e-af44-0bafda54b9fa/datanode-1/data/ratis/0b9e8c99-ce3f-471c-bf27-b755adc36079/sm/snapshot.4_75 time:48
2019-10-09 12:34:07,099 [f3086b94-a975-49b7-9107-e3b3e2cbc81b@group-B755ADC36079-StateMachineUpdater] INFO  impl.StateMachineUpdater (StateMachineUpdater.java:takeSnapshot(258)) - f3086b94-a975-49b7-9107-e3b3e2cbc81b@group-B755ADC36079-StateMachineUpdater: Took a snapshot at index 75
2019-10-09 12:34:07,099 [52d79d12-8dd1-42de-aa00-ce8a3521ad19@group-B755ADC36079-StateMachineUpdater] INFO  impl.StateMachineUpdater (StateMachineUpdater.java:takeSnapshot(258)) - 52d79d12-8dd1-42de-aa00-ce8a3521ad19@group-B755ADC36079-StateMachineUpdater: Took a snapshot at index 79
2019-10-09 12:34:07,100 [f3086b94-a975-49b7-9107-e3b3e2cbc81b@group-B755ADC36079-StateMachineUpdater] INFO  impl.StateMachineUpdater (StateMachineUpdater.java:lambda$new$0(83)) - f3086b94-a975-49b7-9107-e3b3e2cbc81b@group-B755ADC36079-StateMachineUpdater: snapshotIndex: updateIncreasingly -1 -> 75
2019-10-09 12:34:07,100 [52d79d12-8dd1-42de-aa00-ce8a3521ad19@group-B755ADC36079-StateMachineUpdater] INFO  impl.StateMachineUpdater (StateMachineUpdater.java:lambda$new$0(83)) - 52d79d12-8dd1-42de-aa00-ce8a3521ad19@group-B755ADC36079-StateMachineUpdater: snapshotIndex: updateIncreasingly -1 -> 79
2019-10-09 12:34:07,109 [f3086b94-a975-49b7-9107-e3b3e2cbc81b@group-B755ADC36079-StateMachineUpdater] INFO  ratis.ContainerStateMachine (ContainerStateMachine.java:takeSnapshot(289)) - group-B755ADC36079: Taking a snapshot at:(t:4, i:78) file /workdir/hadoop-ozone/tools/target/test-dir/MiniOzoneClusterImpl-522442ce-d41d-477e-af44-0bafda54b9fa/datanode-1/data/ratis/0b9e8c99-ce3f-471c-bf27-b755adc36079/sm/snapshot.4_78
2019-10-09 12:34:07,109 [Command processor thread] INFO  impl.RaftServerImpl (ServerState.java:close(385)) - 52d79d12-8dd1-42de-aa00-ce8a3521ad19@group-B755ADC36079: closes. applyIndex: 79
2019-10-09 12:34:07,111 [52d79d12-8dd1-42de-aa00-ce8a3521ad19@group-B755ADC36079-SegmentedRaftLogWorker] INFO  segmented.SegmentedRaftLogWorker (SegmentedRaftLogWorker.java:run(313)) - 52d79d12-8dd1-42de-aa00-ce8a3521ad19@group-B755ADC36079-SegmentedRaftLogWorker was interrupted, exiting. There are 0 tasks remaining in the queue.
2019-10-09 12:34:07,113 [Command processor thread] INFO  segmented.SegmentedRaftLogWorker (SegmentedRaftLogWorker.java:close(228)) - 52d79d12-8dd1-42de-aa00-ce8a3521ad19@group-B755ADC36079-SegmentedRaftLogWorker close()
2019-10-09 12:34:07,121 [f3086b94-a975-49b7-9107-e3b3e2cbc81b@group-B755ADC36079-StateMachineUpdater] INFO  ratis.ContainerStateMachine (ContainerStateMachine.java:takeSnapshot(300)) - group-B755ADC36079: Finished taking a snapshot at:(t:4, i:78) file:/workdir/hadoop-ozone/tools/target/test-dir/MiniOzoneClusterImpl-522442ce-d41d-477e-af44-0bafda54b9fa/datanode-1/data/ratis/0b9e8c99-ce3f-471c-bf27-b755adc36079/sm/snapshot.4_78 time:12
2019-10-09 12:34:07,121 [f3086b94-a975-49b7-9107-e3b3e2cbc81b@group-B755ADC36079-StateMachineUpdater] INFO  impl.StateMachineUpdater (StateMachineUpdater.java:takeSnapshot(258)) - f3086b94-a975-49b7-9107-e3b3e2cbc81b@group-B755ADC36079-StateMachineUpdater: Took a snapshot at index 78
2019-10-09 12:34:07,121 [f3086b94-a975-49b7-9107-e3b3e2cbc81b@group-B755ADC36079-StateMachineUpdater] INFO  impl.StateMachineUpdater (StateMachineUpdater.java:lambda$new$0(83)) - f3086b94-a975-49b7-9107-e3b3e2cbc81b@group-B755ADC36079-StateMachineUpdater: snapshotIndex: updateIncreasingly 75 -> 78
2019-10-09 12:34:07,122 [Command processor thread] INFO  impl.RaftServerImpl (ServerState.java:close(385)) - f3086b94-a975-49b7-9107-e3b3e2cbc81b@group-B755ADC36079: closes. applyIndex: 78
2019-10-09 12:34:07,123 [f3086b94-a975-49b7-9107-e3b3e2cbc81b@group-B755ADC36079-SegmentedRaftLogWorker] INFO  segmented.SegmentedRaftLogWorker (SegmentedRaftLogWorker.java:run(313)) - f3086b94-a975-49b7-9107-e3b3e2cbc81b@group-B755ADC36079-SegmentedRaftLogWorker was interrupted, exiting. There are 0 tasks remaining in the queue.
2019-10-09 12:34:07,124 [Command processor thread] INFO  segmented.SegmentedRaftLogWorker (SegmentedRaftLogWorker.java:close(228)) - f3086b94-a975-49b7-9107-e3b3e2cbc81b@group-B755ADC36079-SegmentedRaftLogWorker close()
2019-10-09 12:34:07,139 [Command processor thread] INFO  interfaces.Container (KeyValueContainer.java:flushAndSyncDB(386)) - Container 2 is synced with bcsId 75.
2019-10-09 12:34:07,140 [Command processor thread] INFO  interfaces.Container (KeyValueContainer.java:flushAndSyncDB(386)) - Container 2 is synced with bcsId 75.
2019-10-09 12:34:07,152 [Command processor thread] INFO  interfaces.Container (KeyValueContainer.java:flushAndSyncDB(386)) - Container 2 is synced with bcsId 75.
2019-10-09 12:34:07,153 [Command processor thread] INFO  interfaces.Container (KeyValueContainer.java:flushAndSyncDB(386)) - Container 2 is synced with bcsId 75.
2019-10-09 12:34:07,154 [EventQueue-IncrementalContainerReportForIncrementalContainerReportHandler] INFO  container.IncrementalContainerReportHandler (AbstractContainerReportHandler.java:updateContainerState(169)) - Moving container #2 to QUASI_CLOSED state, datanode f3086b94-a975-49b7-9107-e3b3e2cbc81b{ip: 192.168.30.33, host: pr-hdds-2034-v6pl4-3072628770, networkLocation: /default-rack, certSerialId: null} reported QUASI_CLOSED replica.
 0.00% |█                                                                                                    |  0/1 Time: 0:00:022019-10-09 12:34:07,173 [Command processor thread] INFO  interfaces.Container (KeyValueContainer.java:flushAndSyncDB(386)) - Container 3 is synced with bcsId 44.
2019-10-09 12:34:07,173 [Command processor thread] INFO  interfaces.Container (KeyValueContainer.java:flushAndSyncDB(386)) - Container 3 is synced with bcsId 44.
2019-10-09 12:34:07,178 [Command processor thread] INFO  interfaces.Container (KeyValueContainer.java:flushAndSyncDB(386)) - Container 3 is synced with bcsId 44.
2019-10-09 12:34:07,178 [Command processor thread] INFO  interfaces.Container (KeyValueContainer.java:flushAndSyncDB(386)) - Container 3 is synced with bcsId 44.
2019-10-09 12:34:07,179 [Command processor thread] INFO  commandhandler.ClosePipelineCommandHandler (ClosePipelineCommandHandler.java:handle(79)) - Close Pipeline #id: "0b9e8c99-ce3f-471c-bf27-b755adc36079"
 command on datanode #f3086b94-a975-49b7-9107-e3b3e2cbc81b.
2019-10-09 12:34:07,179 [Command processor thread] INFO  impl.RaftServerProxy (RaftServerProxy.java:addNew(89)) - f3086b94-a975-49b7-9107-e3b3e2cbc81b: addNew group-C96D904186EF:[f3086b94-a975-49b7-9107-e3b3e2cbc81b:192.168.30.33:45686, 52d79d12-8dd1-42de-aa00-ce8a3521ad19:192.168.30.33:45595, 15c7087e-3faa-44da-8bcf-ba6d8474606b:192.168.30.33:44188] returns group-C96D904186EF:java.util.concurrent.CompletableFuture@3c853365[Not completed]
2019-10-09 12:34:07,180 [EventQueue-IncrementalContainerReportForIncrementalContainerReportHandler] INFO  container.IncrementalContainerReportHandler (AbstractContainerReportHandler.java:updateContainerState(169)) - Moving container #3 to QUASI_CLOSED state, datanode f3086b94-a975-49b7-9107-e3b3e2cbc81b{ip: 192.168.30.33, host: pr-hdds-2034-v6pl4-3072628770, networkLocation: /default-rack, certSerialId: null} reported QUASI_CLOSED replica.
2019-10-09 12:34:07,184 [pool-37-thread-1] INFO  impl.RaftServerImpl (RaftServerImpl.java:<init>(95)) - f3086b94-a975-49b7-9107-e3b3e2cbc81b: new RaftServerImpl for group-C96D904186EF:[f3086b94-a975-49b7-9107-e3b3e2cbc81b:192.168.30.33:45686, 52d79d12-8dd1-42de-aa00-ce8a3521ad19:192.168.30.33:45595, 15c7087e-3faa-44da-8bcf-ba6d8474606b:192.168.30.33:44188] with ContainerStateMachine:uninitialized
2019-10-09 12:34:07,184 [pool-37-thread-1] INFO  server.RaftServerConfigKeys (ConfUtils.java:logGet(43)) - raft.server.rpc.timeout.min = 5s (custom)
2019-10-09 12:34:07,185 [pool-37-thread-1] INFO  server.RaftServerConfigKeys (ConfUtils.java:logGet(43)) - raft.server.rpc.timeout.max = 5200ms (custom)
2019-10-09 12:34:07,185 [pool-37-thread-1] INFO  server.RaftServerConfigKeys (ConfUtils.java:logGet(43)) - raft.server.rpcslowness.timeout = 120s (custom)
2019-10-09 12:34:07,185 [pool-37-thread-1] INFO  server.RaftServerConfigKeys (ConfUtils.java:logGet(43)) - raft.server.sleep.deviation.threshold = 300 (default)
2019-10-09 12:34:07,185 [pool-37-thread-1] INFO  server.RaftServerConfigKeys (ConfUtils.java:logGet(43)) - raft.server.log.appender.install.snapshot.enabled = false (custom)
2019-10-09 12:34:07,185 [pool-37-thread-1] INFO  impl.RaftServerImpl (ServerState.java:<init>(103)) - f3086b94-a975-49b7-9107-e3b3e2cbc81b@group-C96D904186EF: ConfigurationManager, init=-1: [f3086b94-a975-49b7-9107-e3b3e2cbc81b:192.168.30.33:45686, 52d79d12-8dd1-42de-aa00-ce8a3521ad19:192.168.30.33:45595, 15c7087e-3faa-44da-8bcf-ba6d8474606b:192.168.30.33:44188], old=null, confs=<EMPTY_MAP>
2019-10-09 12:34:07,186 [pool-37-thread-1] INFO  server.RaftServerConfigKeys (ConfUtils.java:logGet(43)) - raft.server.storage.dir = [/workdir/hadoop-ozone/tools/target/test-dir/MiniOzoneClusterImpl-522442ce-d41d-477e-af44-0bafda54b9fa/datanode-1/data/ratis] (custom)
2019-10-09 12:34:07,186 [pool-37-thread-1] INFO  storage.RaftStorageDirectory (RaftStorageDirectory.java:analyzeStorage(246)) - The storage directory /workdir/hadoop-ozone/tools/target/test-dir/MiniOzoneClusterImpl-522442ce-d41d-477e-af44-0bafda54b9fa/datanode-1/data/ratis/e444bdce-a7f9-42e7-a7a7-c96d904186ef does not exist. Creating ...
2019-10-09 12:34:07,196 [pool-37-thread-1] INFO  storage.RaftStorageDirectory (RaftStorageDirectory.java:tryLock(328)) - Lock on /workdir/hadoop-ozone/tools/target/test-dir/MiniOzoneClusterImpl-522442ce-d41d-477e-af44-0bafda54b9fa/datanode-1/data/ratis/e444bdce-a7f9-42e7-a7a7-c96d904186ef/in_use.lock acquired by nodename 21223@pr-hdds-2034-v6pl4-3072628770
2019-10-09 12:34:07,196 [Command processor thread] INFO  commandhandler.ClosePipelineCommandHandler (ClosePipelineCommandHandler.java:handle(79)) - Close Pipeline #id: "0b9e8c99-ce3f-471c-bf27-b755adc36079"
 command on datanode #52d79d12-8dd1-42de-aa00-ce8a3521ad19.
2019-10-09 12:34:07,199 [Command processor thread] INFO  impl.RaftServerProxy (RaftServerProxy.java:addNew(89)) - 52d79d12-8dd1-42de-aa00-ce8a3521ad19: addNew group-C96D904186EF:[f3086b94-a975-49b7-9107-e3b3e2cbc81b:192.168.30.33:45686, 52d79d12-8dd1-42de-aa00-ce8a3521ad19:192.168.30.33:45595, 15c7087e-3faa-44da-8bcf-ba6d8474606b:192.168.30.33:44188] returns group-C96D904186EF:java.util.concurrent.CompletableFuture@3a6bc047[Not completed]
2019-10-09 12:34:07,200 [pool-47-thread-1] INFO  impl.RaftServerImpl (RaftServerImpl.java:<init>(95)) - 52d79d12-8dd1-42de-aa00-ce8a3521ad19: new RaftServerImpl for group-C96D904186EF:[f3086b94-a975-49b7-9107-e3b3e2cbc81b:192.168.30.33:45686, 52d79d12-8dd1-42de-aa00-ce8a3521ad19:192.168.30.33:45595, 15c7087e-3faa-44da-8bcf-ba6d8474606b:192.168.30.33:44188] with ContainerStateMachine:uninitialized
2019-10-09 12:34:07,200 [pool-47-thread-1] INFO  server.RaftServerConfigKeys (ConfUtils.java:logGet(43)) - raft.server.rpc.timeout.min = 5s (custom)
2019-10-09 12:34:07,201 [pool-47-thread-1] INFO  server.RaftServerConfigKeys (ConfUtils.java:logGet(43)) - raft.server.rpc.timeout.max = 5200ms (custom)
2019-10-09 12:34:07,201 [pool-47-thread-1] INFO  server.RaftServerConfigKeys (ConfUtils.java:logGet(43)) - raft.server.rpcslowness.timeout = 120s (custom)
2019-10-09 12:34:07,201 [pool-47-thread-1] INFO  server.RaftServerConfigKeys (ConfUtils.java:logGet(43)) - raft.server.sleep.deviation.threshold = 300 (default)
2019-10-09 12:34:07,201 [pool-47-thread-1] INFO  server.RaftServerConfigKeys (ConfUtils.java:logGet(43)) - raft.server.log.appender.install.snapshot.enabled = false (custom)
2019-10-09 12:34:07,201 [pool-47-thread-1] INFO  impl.RaftServerImpl (ServerState.java:<init>(103)) - 52d79d12-8dd1-42de-aa00-ce8a3521ad19@group-C96D904186EF: ConfigurationManager, init=-1: [f3086b94-a975-49b7-9107-e3b3e2cbc81b:192.168.30.33:45686, 52d79d12-8dd1-42de-aa00-ce8a3521ad19:192.168.30.33:45595, 15c7087e-3faa-44da-8bcf-ba6d8474606b:192.168.30.33:44188], old=null, confs=<EMPTY_MAP>
2019-10-09 12:34:07,201 [pool-47-thread-1] INFO  server.RaftServerConfigKeys (ConfUtils.java:logGet(43)) - raft.server.storage.dir = [/workdir/hadoop-ozone/tools/target/test-dir/MiniOzoneClusterImpl-522442ce-d41d-477e-af44-0bafda54b9fa/datanode-2/data/ratis] (custom)
2019-10-09 12:34:07,202 [pool-47-thread-1] INFO  storage.RaftStorageDirectory (RaftStorageDirectory.java:analyzeStorage(246)) - The storage directory /workdir/hadoop-ozone/tools/target/test-dir/MiniOzoneClusterImpl-522442ce-d41d-477e-af44-0bafda54b9fa/datanode-2/data/ratis/e444bdce-a7f9-42e7-a7a7-c96d904186ef does not exist. Creating ...
2019-10-09 12:34:07,211 [pool-47-thread-1] INFO  storage.RaftStorageDirectory (RaftStorageDirectory.java:tryLock(328)) - Lock on /workdir/hadoop-ozone/tools/target/test-dir/MiniOzoneClusterImpl-522442ce-d41d-477e-af44-0bafda54b9fa/datanode-2/data/ratis/e444bdce-a7f9-42e7-a7a7-c96d904186ef/in_use.lock acquired by nodename 21223@pr-hdds-2034-v6pl4-3072628770
2019-10-09 12:34:07,212 [pool-37-thread-1] INFO  storage.RaftStorage (RaftStorage.java:format(72)) - Storage directory /workdir/hadoop-ozone/tools/target/test-dir/MiniOzoneClusterImpl-522442ce-d41d-477e-af44-0bafda54b9fa/datanode-1/data/ratis/e444bdce-a7f9-42e7-a7a7-c96d904186ef has been successfully formatted.
2019-10-09 12:34:07,212 [pool-37-thread-1] INFO  ratis.ContainerStateMachine (ContainerStateMachine.java:loadSnapshot(230)) - group-C96D904186EF: The snapshot info is null. Setting the last applied indexto:(t:0, i:~)
2019-10-09 12:34:07,212 [pool-37-thread-1] INFO  server.RaftServerConfigKeys (ConfUtils.java:logGet(43)) - raft.server.notification.no-leader.timeout = 120s (custom)
2019-10-09 12:34:07,212 [pool-37-thread-1] INFO  server.RaftServerConfigKeys (ConfUtils.java:logGet(43)) - raft.server.log.use.memory = false (default)
2019-10-09 12:34:07,213 [pool-37-thread-1] INFO  server.RaftServerConfigKeys (ConfUtils.java:logGet(43)) - raft.server.log.purge.gap = 1000000 (custom)
2019-10-09 12:34:07,213 [pool-37-thread-1] INFO  server.RaftServerConfigKeys (ConfUtils.java:logGet(43)) - raft.server.log.appender.buffer.byte-limit = 33554432 (custom)
2019-10-09 12:34:07,213 [pool-37-thread-1] INFO  server.RaftServerConfigKeys (ConfUtils.java:logGet(43)) - raft.server.log.segment.size.max = 1048576 (custom)
2019-10-09 12:34:07,213 [pool-37-thread-1] INFO  server.RaftServerConfigKeys (ConfUtils.java:logGet(43)) - raft.server.log.segment.cache.num.max = 2 (custom)
2019-10-09 12:34:07,213 [pool-37-thread-1] INFO  segmented.SegmentedRaftLogWorker (SegmentedRaftLogWorker.java:<init>(172)) - new f3086b94-a975-49b7-9107-e3b3e2cbc81b@group-C96D904186EF-SegmentedRaftLogWorker for RaftStorage:Storage Directory /workdir/hadoop-ozone/tools/target/test-dir/MiniOzoneClusterImpl-522442ce-d41d-477e-af44-0bafda54b9fa/datanode-1/data/ratis/e444bdce-a7f9-42e7-a7a7-c96d904186ef
2019-10-09 12:34:07,213 [pool-37-thread-1] INFO  server.RaftServerConfigKeys (ConfUtils.java:logGet(43)) - raft.server.log.queue.byte-limit = 2147483647 (custom)
2019-10-09 12:34:07,214 [pool-37-thread-1] INFO  server.RaftServerConfigKeys (ConfUtils.java:logGet(43)) - raft.server.log.queue.element-limit = 1024 (custom)
2019-10-09 12:34:07,214 [pool-37-thread-1] INFO  server.RaftServerConfigKeys (ConfUtils.java:logGet(43)) - raft.server.log.segment.size.max = 1048576 (custom)
2019-10-09 12:34:07,214 [pool-37-thread-1] INFO  server.RaftServerConfigKeys (ConfUtils.java:logGet(43)) - raft.server.log.preallocated.size = 16384 (custom)
2019-10-09 12:34:07,214 [pool-37-thread-1] INFO  server.RaftServerConfigKeys (ConfUtils.java:logGet(43)) - raft.server.log.write.buffer.size = 33554432 (custom)
2019-10-09 12:34:07,214 [pool-37-thread-1] INFO  server.RaftServerConfigKeys (ConfUtils.java:logGet(43)) - raft.server.log.force.sync.num = 128 (default)
2019-10-09 12:34:07,215 [pool-37-thread-1] INFO  server.RaftServerConfigKeys (ConfUtils.java:logGet(43)) - raft.server.log.statemachine.data.sync = true (default)
2019-10-09 12:34:07,215 [pool-37-thread-1] INFO  server.RaftServerConfigKeys (ConfUtils.java:logGet(43)) - raft.server.log.statemachine.data.sync.timeout = 10s (default)
2019-10-09 12:34:07,215 [pool-47-thread-1] INFO  storage.RaftStorage (RaftStorage.java:format(72)) - Storage directory /workdir/hadoop-ozone/tools/target/test-dir/MiniOzoneClusterImpl-522442ce-d41d-477e-af44-0bafda54b9fa/datanode-2/data/ratis/e444bdce-a7f9-42e7-a7a7-c96d904186ef has been successfully formatted.
2019-10-09 12:34:07,215 [pool-37-thread-1] INFO  server.RaftServerConfigKeys (ConfUtils.java:logGet(43)) - raft.server.log.statemachine.data.sync.timeout.retry = -1 (default)
2019-10-09 12:34:07,215 [pool-47-thread-1] INFO  ratis.ContainerStateMachine (ContainerStateMachine.java:loadSnapshot(230)) - group-C96D904186EF: The snapshot info is null. Setting the last applied indexto:(t:0, i:~)
2019-10-09 12:34:07,215 [pool-37-thread-1] INFO  server.RaftServerConfigKeys (ConfUtils.java:logGet(43)) - raft.server.log.statemachine.data.caching.enabled = true (custom)
2019-10-09 12:34:07,215 [pool-47-thread-1] INFO  server.RaftServerConfigKeys (ConfUtils.java:logGet(43)) - raft.server.notification.no-leader.timeout = 120s (custom)
2019-10-09 12:34:07,216 [pool-47-thread-1] INFO  server.RaftServerConfigKeys (ConfUtils.java:logGet(43)) - raft.server.log.use.memory = false (default)
2019-10-09 12:34:07,216 [pool-37-thread-1] INFO  segmented.SegmentedRaftLogWorker (SegmentedRaftLogWorker.java:lambda$new$0(132)) - f3086b94-a975-49b7-9107-e3b3e2cbc81b@group-C96D904186EF-SegmentedRaftLogWorker: flushIndex: setUnconditionally 0 -> -1
2019-10-09 12:34:07,216 [pool-47-thread-1] INFO  server.RaftServerConfigKeys (ConfUtils.java:logGet(43)) - raft.server.log.purge.gap = 1000000 (custom)
2019-10-09 12:34:07,216 [pool-47-thread-1] INFO  server.RaftServerConfigKeys (ConfUtils.java:logGet(43)) - raft.server.log.appender.buffer.byte-limit = 33554432 (custom)
2019-10-09 12:34:07,216 [pool-37-thread-1] INFO  server.RaftServerConfigKeys (ConfUtils.java:logGet(43)) - raft.server.snapshot.auto.trigger.enabled = true (custom)
2019-10-09 12:34:07,217 [pool-47-thread-1] INFO  server.RaftServerConfigKeys (ConfUtils.java:logGet(43)) - raft.server.log.segment.size.max = 1048576 (custom)
2019-10-09 12:34:07,217 [pool-37-thread-1] INFO  server.RaftServerConfigKeys (ConfUtils.java:logGet(43)) - raft.server.snapshot.auto.trigger.threshold = 10000 (custom)
2019-10-09 12:34:07,217 [pool-47-thread-1] INFO  server.RaftServerConfigKeys (ConfUtils.java:logGet(43)) - raft.server.log.segment.cache.num.max = 2 (custom)
2019-10-09 12:34:07,217 [pool-37-thread-1] INFO  server.RaftServerConfigKeys (ConfUtils.java:logGet(43)) - raft.server.snapshot.retention.num.files = 5 (custom)
2019-10-09 12:34:07,217 [pool-47-thread-1] INFO  segmented.SegmentedRaftLogWorker (SegmentedRaftLogWorker.java:<init>(172)) - new 52d79d12-8dd1-42de-aa00-ce8a3521ad19@group-C96D904186EF-SegmentedRaftLogWorker for RaftStorage:Storage Directory /workdir/hadoop-ozone/tools/target/test-dir/MiniOzoneClusterImpl-522442ce-d41d-477e-af44-0bafda54b9fa/datanode-2/data/ratis/e444bdce-a7f9-42e7-a7a7-c96d904186ef
2019-10-09 12:34:07,217 [pool-37-thread-1] INFO  server.RaftServerConfigKeys (ConfUtils.java:logGet(43)) - raft.server.retrycache.expirytime = 600000ms (custom)
2019-10-09 12:34:07,217 [pool-47-thread-1] INFO  server.RaftServerConfigKeys (ConfUtils.java:logGet(43)) - raft.server.log.queue.byte-limit = 2147483647 (custom)
2019-10-09 12:34:07,218 [pool-47-thread-1] INFO  server.RaftServerConfigKeys (ConfUtils.java:logGet(43)) - raft.server.log.queue.element-limit = 1024 (custom)
2019-10-09 12:34:07,218 [pool-47-thread-1] INFO  server.RaftServerConfigKeys (ConfUtils.java:logGet(43)) - raft.server.log.segment.size.max = 1048576 (custom)
2019-10-09 12:34:07,218 [pool-47-thread-1] INFO  server.RaftServerConfigKeys (ConfUtils.java:logGet(43)) - raft.server.log.preallocated.size = 16384 (custom)
2019-10-09 12:34:07,218 [pool-47-thread-1] INFO  server.RaftServerConfigKeys (ConfUtils.java:logGet(43)) - raft.server.log.write.buffer.size = 33554432 (custom)
2019-10-09 12:34:07,218 [pool-47-thread-1] INFO  server.RaftServerConfigKeys (ConfUtils.java:logGet(43)) - raft.server.log.force.sync.num = 128 (default)
2019-10-09 12:34:07,219 [pool-47-thread-1] INFO  server.RaftServerConfigKeys (ConfUtils.java:logGet(43)) - raft.server.log.statemachine.data.sync = true (default)
2019-10-09 12:34:07,219 [pool-47-thread-1] INFO  server.RaftServerConfigKeys (ConfUtils.java:logGet(43)) - raft.server.log.statemachine.data.sync.timeout = 10s (default)
2019-10-09 12:34:07,219 [pool-47-thread-1] INFO  server.RaftServerConfigKeys (ConfUtils.java:logGet(43)) - raft.server.log.statemachine.data.sync.timeout.retry = -1 (default)
2019-10-09 12:34:07,219 [pool-47-thread-1] INFO  server.RaftServerConfigKeys (ConfUtils.java:logGet(43)) - raft.server.log.statemachine.data.caching.enabled = true (custom)
2019-10-09 12:34:07,220 [pool-47-thread-1] INFO  segmented.SegmentedRaftLogWorker (SegmentedRaftLogWorker.java:lambda$new$0(132)) - 52d79d12-8dd1-42de-aa00-ce8a3521ad19@group-C96D904186EF-SegmentedRaftLogWorker: flushIndex: setUnconditionally 0 -> -1
2019-10-09 12:34:07,220 [pool-47-thread-1] INFO  server.RaftServerConfigKeys (ConfUtils.java:logGet(43)) - raft.server.snapshot.auto.trigger.enabled = true (custom)
2019-10-09 12:34:07,220 [pool-47-thread-1] INFO  server.RaftServerConfigKeys (ConfUtils.java:logGet(43)) - raft.server.snapshot.auto.trigger.threshold = 10000 (custom)
2019-10-09 12:34:07,220 [pool-47-thread-1] INFO  server.RaftServerConfigKeys (ConfUtils.java:logGet(43)) - raft.server.snapshot.retention.num.files = 5 (custom)
2019-10-09 12:34:07,221 [pool-47-thread-1] INFO  server.RaftServerConfigKeys (ConfUtils.java:logGet(43)) - raft.server.retrycache.expirytime = 600000ms (custom)
2019-10-09 12:34:07,222 [pool-37-thread-1] INFO  impl.RaftServerImpl (RaftServerImpl.java:start(185)) - f3086b94-a975-49b7-9107-e3b3e2cbc81b@group-C96D904186EF: start as a follower, conf=-1: [f3086b94-a975-49b7-9107-e3b3e2cbc81b:192.168.30.33:45686, 52d79d12-8dd1-42de-aa00-ce8a3521ad19:192.168.30.33:45595, 15c7087e-3faa-44da-8bcf-ba6d8474606b:192.168.30.33:44188], old=null
2019-10-09 12:34:07,222 [pool-37-thread-1] INFO  impl.RaftServerImpl (RaftServerImpl.java:setRole(174)) - f3086b94-a975-49b7-9107-e3b3e2cbc81b@group-C96D904186EF: changes role from      null to FOLLOWER at term 0 for startAsFollower
2019-10-09 12:34:07,223 [pool-37-thread-1] INFO  impl.RoleInfo (RoleInfo.java:updateAndGet(143)) - f3086b94-a975-49b7-9107-e3b3e2cbc81b: start FollowerState
2019-10-09 12:34:07,223 [pool-37-thread-1] INFO  util.JmxRegister (JmxRegister.java:tryRegister(44)) - Successfully registered JMX Bean with object name Ratis:service=RaftServer,group=group-C96D904186EF,id=f3086b94-a975-49b7-9107-e3b3e2cbc81b
2019-10-09 12:34:07,224 [Command processor thread] INFO  commandhandler.CreatePipelineCommandHandler (CreatePipelineCommandHandler.java:handle(86)) - Create Pipeline RATIS THREE #id: "e444bdce-a7f9-42e7-a7a7-c96d904186ef"
 command succeed on datanode f3086b94-a975-49b7-9107-e3b3e2cbc81b.
2019-10-09 12:34:07,224 [pool-47-thread-1] INFO  impl.RaftServerImpl (RaftServerImpl.java:start(185)) - 52d79d12-8dd1-42de-aa00-ce8a3521ad19@group-C96D904186EF: start as a follower, conf=-1: [f3086b94-a975-49b7-9107-e3b3e2cbc81b:192.168.30.33:45686, 52d79d12-8dd1-42de-aa00-ce8a3521ad19:192.168.30.33:45595, 15c7087e-3faa-44da-8bcf-ba6d8474606b:192.168.30.33:44188], old=null
2019-10-09 12:34:07,225 [pool-47-thread-1] INFO  impl.RaftServerImpl (RaftServerImpl.java:setRole(174)) - 52d79d12-8dd1-42de-aa00-ce8a3521ad19@group-C96D904186EF: changes role from      null to FOLLOWER at term 0 for startAsFollower
2019-10-09 12:34:07,225 [pool-47-thread-1] INFO  impl.RoleInfo (RoleInfo.java:updateAndGet(143)) - 52d79d12-8dd1-42de-aa00-ce8a3521ad19: start FollowerState
2019-10-09 12:34:07,225 [pool-47-thread-1] INFO  util.JmxRegister (JmxRegister.java:tryRegister(44)) - Successfully registered JMX Bean with object name Ratis:service=RaftServer,group=group-C96D904186EF,id=52d79d12-8dd1-42de-aa00-ce8a3521ad19
2019-10-09 12:34:07,226 [Command processor thread] INFO  commandhandler.CreatePipelineCommandHandler (CreatePipelineCommandHandler.java:handle(86)) - Create Pipeline RATIS THREE #id: "e444bdce-a7f9-42e7-a7a7-c96d904186ef"
 command succeed on datanode 52d79d12-8dd1-42de-aa00-ce8a3521ad19.
2019-10-09 12:34:07,226 [EventQueue-PipelineReportForPipelineReportHandler] INFO  pipeline.PipelineReportHandler (PipelineReportHandler.java:processPipelineReport(102)) - Pipeline PipelineID=e444bdce-a7f9-42e7-a7a7-c96d904186ef reported by f3086b94-a975-49b7-9107-e3b3e2cbc81b{ip: 192.168.30.33, host: pr-hdds-2034-v6pl4-3072628770, networkLocation: /default-rack, certSerialId: null}
2019-10-09 12:34:07,227 [EventQueue-PipelineReportForPipelineReportHandler] INFO  pipeline.PipelineReportHandler (PipelineReportHandler.java:processPipelineReport(102)) - Pipeline PipelineID=e444bdce-a7f9-42e7-a7a7-c96d904186ef reported by 52d79d12-8dd1-42de-aa00-ce8a3521ad19{ip: 192.168.30.33, host: pr-hdds-2034-v6pl4-3072628770, networkLocation: /default-rack, certSerialId: null}
2019-10-09 12:34:08,004 [Command processor thread] INFO  impl.RaftServerProxy (RaftServerProxy.java:remove(95)) - 15c7087e-3faa-44da-8bcf-ba6d8474606b: remove  FOLLOWER 15c7087e-3faa-44da-8bcf-ba6d8474606b@group-B755ADC36079:t4, leader=52d79d12-8dd1-42de-aa00-ce8a3521ad19, voted=52d79d12-8dd1-42de-aa00-ce8a3521ad19, raftlog=15c7087e-3faa-44da-8bcf-ba6d8474606b@group-B755ADC36079-SegmentedRaftLog:OPENED:c78,f79,i79, conf=0: [f3086b94-a975-49b7-9107-e3b3e2cbc81b:192.168.30.33:45686, 52d79d12-8dd1-42de-aa00-ce8a3521ad19:192.168.30.33:45595, 15c7087e-3faa-44da-8bcf-ba6d8474606b:192.168.30.33:44188], old=null RUNNING
2019-10-09 12:34:08,005 [Command processor thread] INFO  impl.RaftServerImpl (RaftServerImpl.java:lambda$shutdown$3(251)) - 15c7087e-3faa-44da-8bcf-ba6d8474606b@group-B755ADC36079: shutdown
2019-10-09 12:34:08,005 [Command processor thread] INFO  util.JmxRegister (JmxRegister.java:unregister(73)) - Successfully un-registered JMX Bean with object name Ratis:service=RaftServer,group=group-B755ADC36079,id=15c7087e-3faa-44da-8bcf-ba6d8474606b
2019-10-09 12:34:08,006 [Command processor thread] INFO  impl.RoleInfo (RoleInfo.java:shutdownFollowerState(121)) - 15c7087e-3faa-44da-8bcf-ba6d8474606b: shutdown FollowerState
2019-10-09 12:34:08,006 [Command processor thread] INFO  impl.StateMachineUpdater (StateMachineUpdater.java:stopAndJoin(125)) - 15c7087e-3faa-44da-8bcf-ba6d8474606b@group-B755ADC36079-StateMachineUpdater: set stopIndex = 78
2019-10-09 12:34:08,006 [15c7087e-3faa-44da-8bcf-ba6d8474606b@group-B755ADC36079-StateMachineUpdater] INFO  ratis.ContainerStateMachine (ContainerStateMachine.java:takeSnapshot(289)) - group-B755ADC36079: Taking a snapshot at:(t:4, i:78) file /workdir/hadoop-ozone/tools/target/test-dir/MiniOzoneClusterImpl-522442ce-d41d-477e-af44-0bafda54b9fa/datanode-0/data/ratis/0b9e8c99-ce3f-471c-bf27-b755adc36079/sm/snapshot.4_78
2019-10-09 12:34:08,006 [Thread-291] INFO  impl.FollowerState (FollowerState.java:run(115)) - 15c7087e-3faa-44da-8bcf-ba6d8474606b: FollowerState was interrupted: java.lang.InterruptedException: sleep interrupted
2019-10-09 12:34:08,022 [15c7087e-3faa-44da-8bcf-ba6d8474606b@group-B755ADC36079-StateMachineUpdater] INFO  ratis.ContainerStateMachine (ContainerStateMachine.java:takeSnapshot(300)) - group-B755ADC36079: Finished taking a snapshot at:(t:4, i:78) file:/workdir/hadoop-ozone/tools/target/test-dir/MiniOzoneClusterImpl-522442ce-d41d-477e-af44-0bafda54b9fa/datanode-0/data/ratis/0b9e8c99-ce3f-471c-bf27-b755adc36079/sm/snapshot.4_78 time:16
2019-10-09 12:34:08,022 [15c7087e-3faa-44da-8bcf-ba6d8474606b@group-B755ADC36079-StateMachineUpdater] INFO  impl.StateMachineUpdater (StateMachineUpdater.java:takeSnapshot(258)) - 15c7087e-3faa-44da-8bcf-ba6d8474606b@group-B755ADC36079-StateMachineUpdater: Took a snapshot at index 78
2019-10-09 12:34:08,022 [15c7087e-3faa-44da-8bcf-ba6d8474606b@group-B755ADC36079-StateMachineUpdater] INFO  impl.StateMachineUpdater (StateMachineUpdater.java:lambda$new$0(83)) - 15c7087e-3faa-44da-8bcf-ba6d8474606b@group-B755ADC36079-StateMachineUpdater: snapshotIndex: updateIncreasingly -1 -> 78
2019-10-09 12:34:08,023 [Command processor thread] INFO  impl.RaftServerImpl (ServerState.java:close(385)) - 15c7087e-3faa-44da-8bcf-ba6d8474606b@group-B755ADC36079: closes. applyIndex: 78
2019-10-09 12:34:08,024 [15c7087e-3faa-44da-8bcf-ba6d8474606b@group-B755ADC36079-SegmentedRaftLogWorker] INFO  segmented.SegmentedRaftLogWorker (SegmentedRaftLogWorker.java:run(313)) - 15c7087e-3faa-44da-8bcf-ba6d8474606b@group-B755ADC36079-SegmentedRaftLogWorker was interrupted, exiting. There are 0 tasks remaining in the queue.
2019-10-09 12:34:08,025 [Command processor thread] INFO  segmented.SegmentedRaftLogWorker (SegmentedRaftLogWorker.java:close(228)) - 15c7087e-3faa-44da-8bcf-ba6d8474606b@group-B755ADC36079-SegmentedRaftLogWorker close()
2019-10-09 12:34:08,061 [Command processor thread] INFO  interfaces.Container (KeyValueContainer.java:flushAndSyncDB(386)) - Container 2 is synced with bcsId 75.
2019-10-09 12:34:08,061 [Command processor thread] INFO  interfaces.Container (KeyValueContainer.java:flushAndSyncDB(386)) - Container 2 is synced with bcsId 75.
2019-10-09 12:34:08,105 [Command processor thread] INFO  interfaces.Container (KeyValueContainer.java:flushAndSyncDB(386)) - Container 3 is synced with bcsId 44.
2019-10-09 12:34:08,105 [Command processor thread] INFO  interfaces.Container (KeyValueContainer.java:flushAndSyncDB(386)) - Container 3 is synced with bcsId 44.
2019-10-09 12:34:08,120 [Command processor thread] INFO  commandhandler.ClosePipelineCommandHandler (ClosePipelineCommandHandler.java:handle(79)) - Close Pipeline #id: "0b9e8c99-ce3f-471c-bf27-b755adc36079"
 command on datanode #15c7087e-3faa-44da-8bcf-ba6d8474606b.
2019-10-09 12:34:08,120 [Command processor thread] INFO  impl.RaftServerProxy (RaftServerProxy.java:addNew(89)) - 15c7087e-3faa-44da-8bcf-ba6d8474606b: addNew group-C96D904186EF:[f3086b94-a975-49b7-9107-e3b3e2cbc81b:192.168.30.33:45686, 52d79d12-8dd1-42de-aa00-ce8a3521ad19:192.168.30.33:45595, 15c7087e-3faa-44da-8bcf-ba6d8474606b:192.168.30.33:44188] returns group-C96D904186EF:java.util.concurrent.CompletableFuture@50c2e88[Not completed]
2019-10-09 12:34:08,123 [pool-27-thread-1] INFO  impl.RaftServerImpl (RaftServerImpl.java:<init>(95)) - 15c7087e-3faa-44da-8bcf-ba6d8474606b: new RaftServerImpl for group-C96D904186EF:[f3086b94-a975-49b7-9107-e3b3e2cbc81b:192.168.30.33:45686, 52d79d12-8dd1-42de-aa00-ce8a3521ad19:192.168.30.33:45595, 15c7087e-3faa-44da-8bcf-ba6d8474606b:192.168.30.33:44188] with ContainerStateMachine:uninitialized
2019-10-09 12:34:08,123 [pool-27-thread-1] INFO  server.RaftServerConfigKeys (ConfUtils.java:logGet(43)) - raft.server.rpc.timeout.min = 5s (custom)
2019-10-09 12:34:08,123 [pool-27-thread-1] INFO  server.RaftServerConfigKeys (ConfUtils.java:logGet(43)) - raft.server.rpc.timeout.max = 5200ms (custom)
2019-10-09 12:34:08,124 [pool-27-thread-1] INFO  server.RaftServerConfigKeys (ConfUtils.java:logGet(43)) - raft.server.rpcslowness.timeout = 120s (custom)
2019-10-09 12:34:08,124 [pool-27-thread-1] INFO  server.RaftServerConfigKeys (ConfUtils.java:logGet(43)) - raft.server.sleep.deviation.threshold = 300 (default)
2019-10-09 12:34:08,124 [pool-27-thread-1] INFO  server.RaftServerConfigKeys (ConfUtils.java:logGet(43)) - raft.server.log.appender.install.snapshot.enabled = false (custom)
2019-10-09 12:34:08,124 [pool-27-thread-1] INFO  impl.RaftServerImpl (ServerState.java:<init>(103)) - 15c7087e-3faa-44da-8bcf-ba6d8474606b@group-C96D904186EF: ConfigurationManager, init=-1: [f3086b94-a975-49b7-9107-e3b3e2cbc81b:192.168.30.33:45686, 52d79d12-8dd1-42de-aa00-ce8a3521ad19:192.168.30.33:45595, 15c7087e-3faa-44da-8bcf-ba6d8474606b:192.168.30.33:44188], old=null, confs=<EMPTY_MAP>
2019-10-09 12:34:08,124 [pool-27-thread-1] INFO  server.RaftServerConfigKeys (ConfUtils.java:logGet(43)) - raft.server.storage.dir = [/workdir/hadoop-ozone/tools/target/test-dir/MiniOzoneClusterImpl-522442ce-d41d-477e-af44-0bafda54b9fa/datanode-0/data/ratis] (custom)
2019-10-09 12:34:08,125 [pool-27-thread-1] INFO  storage.RaftStorageDirectory (RaftStorageDirectory.java:analyzeStorage(246)) - The storage directory /workdir/hadoop-ozone/tools/target/test-dir/MiniOzoneClusterImpl-522442ce-d41d-477e-af44-0bafda54b9fa/datanode-0/data/ratis/e444bdce-a7f9-42e7-a7a7-c96d904186ef does not exist. Creating ...
2019-10-09 12:34:08,138 [pool-27-thread-1] INFO  storage.RaftStorageDirectory (RaftStorageDirectory.java:tryLock(328)) - Lock on /workdir/hadoop-ozone/tools/target/test-dir/MiniOzoneClusterImpl-522442ce-d41d-477e-af44-0bafda54b9fa/datanode-0/data/ratis/e444bdce-a7f9-42e7-a7a7-c96d904186ef/in_use.lock acquired by nodename 21223@pr-hdds-2034-v6pl4-3072628770
2019-10-09 12:34:08,152 [pool-27-thread-1] INFO  storage.RaftStorage (RaftStorage.java:format(72)) - Storage directory /workdir/hadoop-ozone/tools/target/test-dir/MiniOzoneClusterImpl-522442ce-d41d-477e-af44-0bafda54b9fa/datanode-0/data/ratis/e444bdce-a7f9-42e7-a7a7-c96d904186ef has been successfully formatted.
2019-10-09 12:34:08,153 [pool-27-thread-1] INFO  ratis.ContainerStateMachine (ContainerStateMachine.java:loadSnapshot(230)) - group-C96D904186EF: The snapshot info is null. Setting the last applied indexto:(t:0, i:~)
2019-10-09 12:34:08,153 [pool-27-thread-1] INFO  server.RaftServerConfigKeys (ConfUtils.java:logGet(43)) - raft.server.notification.no-leader.timeout = 120s (custom)
2019-10-09 12:34:08,153 [pool-27-thread-1] INFO  server.RaftServerConfigKeys (ConfUtils.java:logGet(43)) - raft.server.log.use.memory = false (default)
2019-10-09 12:34:08,153 [pool-27-thread-1] INFO  server.RaftServerConfigKeys (ConfUtils.java:logGet(43)) - raft.server.log.purge.gap = 1000000 (custom)
2019-10-09 12:34:08,154 [pool-27-thread-1] INFO  server.RaftServerConfigKeys (ConfUtils.java:logGet(43)) - raft.server.log.appender.buffer.byte-limit = 33554432 (custom)
2019-10-09 12:34:08,154 [pool-27-thread-1] INFO  server.RaftServerConfigKeys (ConfUtils.java:logGet(43)) - raft.server.log.segment.size.max = 1048576 (custom)
2019-10-09 12:34:08,154 [pool-27-thread-1] INFO  server.RaftServerConfigKeys (ConfUtils.java:logGet(43)) - raft.server.log.segment.cache.num.max = 2 (custom)
2019-10-09 12:34:08,154 [pool-27-thread-1] INFO  segmented.SegmentedRaftLogWorker (SegmentedRaftLogWorker.java:<init>(172)) - new 15c7087e-3faa-44da-8bcf-ba6d8474606b@group-C96D904186EF-SegmentedRaftLogWorker for RaftStorage:Storage Directory /workdir/hadoop-ozone/tools/target/test-dir/MiniOzoneClusterImpl-522442ce-d41d-477e-af44-0bafda54b9fa/datanode-0/data/ratis/e444bdce-a7f9-42e7-a7a7-c96d904186ef
2019-10-09 12:34:08,154 [pool-27-thread-1] INFO  server.RaftServerConfigKeys (ConfUtils.java:logGet(43)) - raft.server.log.queue.byte-limit = 2147483647 (custom)
2019-10-09 12:34:08,155 [pool-27-thread-1] INFO  server.RaftServerConfigKeys (ConfUtils.java:logGet(43)) - raft.server.log.queue.element-limit = 1024 (custom)
2019-10-09 12:34:08,155 [pool-27-thread-1] INFO  server.RaftServerConfigKeys (ConfUtils.java:logGet(43)) - raft.server.log.segment.size.max = 1048576 (custom)
2019-10-09 12:34:08,155 [pool-27-thread-1] INFO  server.RaftServerConfigKeys (ConfUtils.java:logGet(43)) - raft.server.log.preallocated.size = 16384 (custom)
2019-10-09 12:34:08,155 [pool-27-thread-1] INFO  server.RaftServerConfigKeys (ConfUtils.java:logGet(43)) - raft.server.log.write.buffer.size = 33554432 (custom)
2019-10-09 12:34:08,155 [pool-27-thread-1] INFO  server.RaftServerConfigKeys (ConfUtils.java:logGet(43)) - raft.server.log.force.sync.num = 128 (default)
2019-10-09 12:34:08,156 [pool-27-thread-1] INFO  server.RaftServerConfigKeys (ConfUtils.java:logGet(43)) - raft.server.log.statemachine.data.sync = true (default)
2019-10-09 12:34:08,156 [pool-27-thread-1] INFO  server.RaftServerConfigKeys (ConfUtils.java:logGet(43)) - raft.server.log.statemachine.data.sync.timeout = 10s (default)
2019-10-09 12:34:08,156 [pool-27-thread-1] INFO  server.RaftServerConfigKeys (ConfUtils.java:logGet(43)) - raft.server.log.statemachine.data.sync.timeout.retry = -1 (default)
2019-10-09 12:34:08,156 [pool-27-thread-1] INFO  server.RaftServerConfigKeys (ConfUtils.java:logGet(43)) - raft.server.log.statemachine.data.caching.enabled = true (custom)
2019-10-09 12:34:08,157 [pool-27-thread-1] INFO  segmented.SegmentedRaftLogWorker (SegmentedRaftLogWorker.java:lambda$new$0(132)) - 15c7087e-3faa-44da-8bcf-ba6d8474606b@group-C96D904186EF-SegmentedRaftLogWorker: flushIndex: setUnconditionally 0 -> -1
2019-10-09 12:34:08,157 [pool-27-thread-1] INFO  server.RaftServerConfigKeys (ConfUtils.java:logGet(43)) - raft.server.snapshot.auto.trigger.enabled = true (custom)
2019-10-09 12:34:08,157 [pool-27-thread-1] INFO  server.RaftServerConfigKeys (ConfUtils.java:logGet(43)) - raft.server.snapshot.auto.trigger.threshold = 10000 (custom)
2019-10-09 12:34:08,158 [pool-27-thread-1] INFO  server.RaftServerConfigKeys (ConfUtils.java:logGet(43)) - raft.server.snapshot.retention.num.files = 5 (custom)
 0.00% |█                                                                                                    |  0/1 Time: 0:00:032019-10-09 12:34:08,158 [pool-27-thread-1] INFO  server.RaftServerConfigKeys (ConfUtils.java:logGet(43)) - raft.server.retrycache.expirytime = 600000ms (custom)
2019-10-09 12:34:08,162 [pool-27-thread-1] INFO  impl.RaftServerImpl (RaftServerImpl.java:start(185)) - 15c7087e-3faa-44da-8bcf-ba6d8474606b@group-C96D904186EF: start as a follower, conf=-1: [f3086b94-a975-49b7-9107-e3b3e2cbc81b:192.168.30.33:45686, 52d79d12-8dd1-42de-aa00-ce8a3521ad19:192.168.30.33:45595, 15c7087e-3faa-44da-8bcf-ba6d8474606b:192.168.30.33:44188], old=null
2019-10-09 12:34:08,162 [pool-27-thread-1] INFO  impl.RaftServerImpl (RaftServerImpl.java:setRole(174)) - 15c7087e-3faa-44da-8bcf-ba6d8474606b@group-C96D904186EF: changes role from      null to FOLLOWER at term 0 for startAsFollower
2019-10-09 12:34:08,163 [pool-27-thread-1] INFO  impl.RoleInfo (RoleInfo.java:updateAndGet(143)) - 15c7087e-3faa-44da-8bcf-ba6d8474606b: start FollowerState
2019-10-09 12:34:08,163 [pool-27-thread-1] INFO  util.JmxRegister (JmxRegister.java:tryRegister(44)) - Successfully registered JMX Bean with object name Ratis:service=RaftServer,group=group-C96D904186EF,id=15c7087e-3faa-44da-8bcf-ba6d8474606b
2019-10-09 12:34:08,164 [Command processor thread] INFO  commandhandler.CreatePipelineCommandHandler (CreatePipelineCommandHandler.java:handle(86)) - Create Pipeline RATIS THREE #id: "e444bdce-a7f9-42e7-a7a7-c96d904186ef"
 command succeed on datanode 15c7087e-3faa-44da-8bcf-ba6d8474606b.
2019-10-09 12:34:08,165 [EventQueue-PipelineReportForPipelineReportHandler] INFO  pipeline.PipelineReportHandler (PipelineReportHandler.java:processPipelineReport(102)) - Pipeline PipelineID=e444bdce-a7f9-42e7-a7a7-c96d904186ef reported by 15c7087e-3faa-44da-8bcf-ba6d8474606b{ip: 192.168.30.33, host: pr-hdds-2034-v6pl4-3072628770, networkLocation: /default-rack, certSerialId: null}
2019-10-09 12:34:08,165 [EventQueue-PipelineReportForPipelineReportHandler] INFO  pipeline.PipelineStateManager (PipelineStateManager.java:openPipeline(134)) - Pipeline Pipeline[ Id: e444bdce-a7f9-42e7-a7a7-c96d904186ef, Nodes: 15c7087e-3faa-44da-8bcf-ba6d8474606b{ip: 192.168.30.33, host: pr-hdds-2034-v6pl4-3072628770, networkLocation: /default-rack, certSerialId: null}52d79d12-8dd1-42de-aa00-ce8a3521ad19{ip: 192.168.30.33, host: pr-hdds-2034-v6pl4-3072628770, networkLocation: /default-rack, certSerialId: null}f3086b94-a975-49b7-9107-e3b3e2cbc81b{ip: 192.168.30.33, host: pr-hdds-2034-v6pl4-3072628770, networkLocation: /default-rack, certSerialId: null}, Type:RATIS, Factor:THREE, State:ALLOCATED] moved to OPEN state
 0.00% |█                                                                                                    |  0/1 Time: 0:00:04 100.00% |█████████████████████████████████████████████████████████████████████████████████████████████████████|  1/1 Time: 0:00:05
2019-10-09 12:34:12,272 [Thread-545] INFO  impl.FollowerState (FollowerState.java:run(106)) - f3086b94-a975-49b7-9107-e3b3e2cbc81b:group-C96D904186EF changes to CANDIDATE, lastRpcTime:5049, electionTimeout:5049ms
2019-10-09 12:34:12,273 [Thread-545] INFO  impl.RoleInfo (RoleInfo.java:shutdownFollowerState(121)) - f3086b94-a975-49b7-9107-e3b3e2cbc81b: shutdown FollowerState
2019-10-09 12:34:12,273 [Thread-545] INFO  impl.RaftServerImpl (RaftServerImpl.java:setRole(174)) - f3086b94-a975-49b7-9107-e3b3e2cbc81b@group-C96D904186EF: changes role from  FOLLOWER to CANDIDATE at term 0 for changeToCandidate
2019-10-09 12:34:12,273 [Thread-545] INFO  impl.RoleInfo (RoleInfo.java:updateAndGet(143)) - f3086b94-a975-49b7-9107-e3b3e2cbc81b: start LeaderElection
2019-10-09 12:34:12,287 [Thread-546] INFO  impl.FollowerState (FollowerState.java:run(106)) - 52d79d12-8dd1-42de-aa00-ce8a3521ad19:group-C96D904186EF changes to CANDIDATE, lastRpcTime:5062, electionTimeout:5062ms
2019-10-09 12:34:12,289 [Thread-546] INFO  impl.RoleInfo (RoleInfo.java:shutdownFollowerState(121)) - 52d79d12-8dd1-42de-aa00-ce8a3521ad19: shutdown FollowerState
2019-10-09 12:34:12,289 [Thread-546] INFO  impl.RaftServerImpl (RaftServerImpl.java:setRole(174)) - 52d79d12-8dd1-42de-aa00-ce8a3521ad19@group-C96D904186EF: changes role from  FOLLOWER to CANDIDATE at term 0 for changeToCandidate
2019-10-09 12:34:12,290 [Thread-546] INFO  impl.RoleInfo (RoleInfo.java:updateAndGet(143)) - 52d79d12-8dd1-42de-aa00-ce8a3521ad19: start LeaderElection
2019-10-09 12:34:12,317 [f3086b94-a975-49b7-9107-e3b3e2cbc81b@group-C96D904186EF:LeaderElection14] INFO  impl.LeaderElection (LeaderElection.java:askForVotes(182)) - f3086b94-a975-49b7-9107-e3b3e2cbc81b@group-C96D904186EF:LeaderElection14: begin an election at term 1 for -1: [f3086b94-a975-49b7-9107-e3b3e2cbc81b:192.168.30.33:45686, 52d79d12-8dd1-42de-aa00-ce8a3521ad19:192.168.30.33:45595, 15c7087e-3faa-44da-8bcf-ba6d8474606b:192.168.30.33:44188], old=null
2019-10-09 12:34:12,317 [52d79d12-8dd1-42de-aa00-ce8a3521ad19@group-C96D904186EF:LeaderElection15] INFO  impl.LeaderElection (LeaderElection.java:askForVotes(182)) - 52d79d12-8dd1-42de-aa00-ce8a3521ad19@group-C96D904186EF:LeaderElection15: begin an election at term 1 for -1: [f3086b94-a975-49b7-9107-e3b3e2cbc81b:192.168.30.33:45686, 52d79d12-8dd1-42de-aa00-ce8a3521ad19:192.168.30.33:45595, 15c7087e-3faa-44da-8bcf-ba6d8474606b:192.168.30.33:44188], old=null
2019-10-09 12:34:12,326 [grpc-default-executor-3] INFO  impl.RaftServerImpl (RaftServerImpl.java:setRole(174)) - 15c7087e-3faa-44da-8bcf-ba6d8474606b@group-C96D904186EF: changes role from  FOLLOWER to FOLLOWER at term 1 for recognizeCandidate:f3086b94-a975-49b7-9107-e3b3e2cbc81b
2019-10-09 12:34:12,327 [grpc-default-executor-3] INFO  impl.RoleInfo (RoleInfo.java:shutdownFollowerState(121)) - 15c7087e-3faa-44da-8bcf-ba6d8474606b: shutdown FollowerState
2019-10-09 12:34:12,327 [grpc-default-executor-3] INFO  impl.RoleInfo (RoleInfo.java:updateAndGet(143)) - 15c7087e-3faa-44da-8bcf-ba6d8474606b: start FollowerState
2019-10-09 12:34:12,327 [Thread-548] INFO  impl.FollowerState (FollowerState.java:run(115)) - 15c7087e-3faa-44da-8bcf-ba6d8474606b: FollowerState was interrupted: java.lang.InterruptedException: sleep interrupted
2019-10-09 12:34:12,658 [52d79d12-8dd1-42de-aa00-ce8a3521ad19@group-C96D904186EF:LeaderElection15] INFO  impl.LeaderElection (LeaderElection.java:logAndReturn(56)) - 52d79d12-8dd1-42de-aa00-ce8a3521ad19@group-C96D904186EF:LeaderElection15: Election REJECTED; received 2 response(s) [52d79d12-8dd1-42de-aa00-ce8a3521ad19<-f3086b94-a975-49b7-9107-e3b3e2cbc81b#0:FAIL-t1, 52d79d12-8dd1-42de-aa00-ce8a3521ad19<-15c7087e-3faa-44da-8bcf-ba6d8474606b#0:FAIL-t1] and 0 exception(s); 52d79d12-8dd1-42de-aa00-ce8a3521ad19@group-C96D904186EF:t1, leader=null, voted=52d79d12-8dd1-42de-aa00-ce8a3521ad19, raftlog=52d79d12-8dd1-42de-aa00-ce8a3521ad19@group-C96D904186EF-SegmentedRaftLog:OPENED:c-1,f-1,i0, conf=-1: [f3086b94-a975-49b7-9107-e3b3e2cbc81b:192.168.30.33:45686, 52d79d12-8dd1-42de-aa00-ce8a3521ad19:192.168.30.33:45595, 15c7087e-3faa-44da-8bcf-ba6d8474606b:192.168.30.33:44188], old=null
2019-10-09 12:34:12,658 [f3086b94-a975-49b7-9107-e3b3e2cbc81b@group-C96D904186EF:LeaderElection14] INFO  impl.LeaderElection (LeaderElection.java:logAndReturn(56)) - f3086b94-a975-49b7-9107-e3b3e2cbc81b@group-C96D904186EF:LeaderElection14: Election PASSED; received 2 response(s) [f3086b94-a975-49b7-9107-e3b3e2cbc81b<-52d79d12-8dd1-42de-aa00-ce8a3521ad19#0:FAIL-t1, f3086b94-a975-49b7-9107-e3b3e2cbc81b<-15c7087e-3faa-44da-8bcf-ba6d8474606b#0:OK-t1] and 0 exception(s); f3086b94-a975-49b7-9107-e3b3e2cbc81b@group-C96D904186EF:t1, leader=null, voted=f3086b94-a975-49b7-9107-e3b3e2cbc81b, raftlog=f3086b94-a975-49b7-9107-e3b3e2cbc81b@group-C96D904186EF-SegmentedRaftLog:OPENED:c-1,f-1,i0, conf=-1: [f3086b94-a975-49b7-9107-e3b3e2cbc81b:192.168.30.33:45686, 52d79d12-8dd1-42de-aa00-ce8a3521ad19:192.168.30.33:45595, 15c7087e-3faa-44da-8bcf-ba6d8474606b:192.168.30.33:44188], old=null
2019-10-09 12:34:12,658 [52d79d12-8dd1-42de-aa00-ce8a3521ad19@group-C96D904186EF:LeaderElection15] INFO  impl.RaftServerImpl (RaftServerImpl.java:setRole(174)) - 52d79d12-8dd1-42de-aa00-ce8a3521ad19@group-C96D904186EF: changes role from CANDIDATE to FOLLOWER at term 1 for DISCOVERED_A_NEW_TERM
2019-10-09 12:34:12,659 [f3086b94-a975-49b7-9107-e3b3e2cbc81b@group-C96D904186EF:LeaderElection14] INFO  impl.RoleInfo (RoleInfo.java:shutdownLeaderElection(134)) - f3086b94-a975-49b7-9107-e3b3e2cbc81b: shutdown LeaderElection
2019-10-09 12:34:12,659 [52d79d12-8dd1-42de-aa00-ce8a3521ad19@group-C96D904186EF:LeaderElection15] INFO  impl.RoleInfo (RoleInfo.java:shutdownLeaderElection(134)) - 52d79d12-8dd1-42de-aa00-ce8a3521ad19: shutdown LeaderElection
2019-10-09 12:34:12,666 [f3086b94-a975-49b7-9107-e3b3e2cbc81b@group-C96D904186EF:LeaderElection14] INFO  impl.RaftServerImpl (RaftServerImpl.java:setRole(174)) - f3086b94-a975-49b7-9107-e3b3e2cbc81b@group-C96D904186EF: changes role from CANDIDATE to LEADER at term 1 for changeToLeader
2019-10-09 12:34:12,666 [52d79d12-8dd1-42de-aa00-ce8a3521ad19@group-C96D904186EF:LeaderElection15] INFO  impl.RoleInfo (RoleInfo.java:updateAndGet(143)) - 52d79d12-8dd1-42de-aa00-ce8a3521ad19: start FollowerState
2019-10-09 12:34:12,666 [f3086b94-a975-49b7-9107-e3b3e2cbc81b@group-C96D904186EF:LeaderElection14] INFO  impl.RaftServerImpl (ServerState.java:setLeader(253)) - f3086b94-a975-49b7-9107-e3b3e2cbc81b@group-C96D904186EF: change Leader from null to f3086b94-a975-49b7-9107-e3b3e2cbc81b at term 1 for becomeLeader, leader elected after 5454ms
2019-10-09 12:34:12,667 [f3086b94-a975-49b7-9107-e3b3e2cbc81b@group-C96D904186EF:LeaderElection14] INFO  server.RaftServerConfigKeys (ConfUtils.java:logGet(43)) - raft.server.staging.catchup.gap = 1000 (default)
2019-10-09 12:34:12,667 [f3086b94-a975-49b7-9107-e3b3e2cbc81b@group-C96D904186EF:LeaderElection14] INFO  server.RaftServerConfigKeys (ConfUtils.java:logGet(43)) - raft.server.rpc.sleep.time = 25ms (default)
2019-10-09 12:34:12,667 [f3086b94-a975-49b7-9107-e3b3e2cbc81b@group-C96D904186EF:LeaderElection14] INFO  server.RaftServerConfigKeys (ConfUtils.java:logGet(43)) - raft.server.write.element-limit = 4096 (default)
2019-10-09 12:34:12,667 [f3086b94-a975-49b7-9107-e3b3e2cbc81b@group-C96D904186EF:LeaderElection14] INFO  server.RaftServerConfigKeys (ConfUtils.java:logGet(43)) - raft.server.watch.timeout = 10s (default)
2019-10-09 12:34:12,668 [f3086b94-a975-49b7-9107-e3b3e2cbc81b@group-C96D904186EF:LeaderElection14] INFO  server.RaftServerConfigKeys (ConfUtils.java:logGet(43)) - raft.server.watch.timeout.denomination = 1s (default)
2019-10-09 12:34:12,668 [f3086b94-a975-49b7-9107-e3b3e2cbc81b@group-C96D904186EF:LeaderElection14] INFO  server.RaftServerConfigKeys (ConfUtils.java:logGet(43)) - raft.server.watch.element-limit = 65536 (default)
2019-10-09 12:34:12,671 [f3086b94-a975-49b7-9107-e3b3e2cbc81b@group-C96D904186EF:LeaderElection14] INFO  server.RaftServerConfigKeys (ConfUtils.java:logGet(43)) - raft.server.log.appender.snapshot.chunk.size.max = 16MB (=16777216) (default)
2019-10-09 12:34:12,672 [f3086b94-a975-49b7-9107-e3b3e2cbc81b@group-C96D904186EF:LeaderElection14] INFO  server.RaftServerConfigKeys (ConfUtils.java:logGet(43)) - raft.server.log.appender.buffer.byte-limit = 33554432 (custom)
2019-10-09 12:34:12,672 [f3086b94-a975-49b7-9107-e3b3e2cbc81b@group-C96D904186EF:LeaderElection14] INFO  server.RaftServerConfigKeys (ConfUtils.java:logGet(43)) - raft.server.log.appender.buffer.element-limit = 1 (custom)
2019-10-09 12:34:12,672 [f3086b94-a975-49b7-9107-e3b3e2cbc81b@group-C96D904186EF:LeaderElection14] INFO  grpc.GrpcConfigKeys$Server (ConfUtils.java:logGet(43)) - raft.grpc.server.leader.outstanding.appends.max = 128 (default)
2019-10-09 12:34:12,674 [f3086b94-a975-49b7-9107-e3b3e2cbc81b@group-C96D904186EF:LeaderElection14] INFO  server.RaftServerConfigKeys (ConfUtils.java:logGet(43)) - raft.server.rpc.request.timeout = 3000ms (default)
2019-10-09 12:34:12,674 [f3086b94-a975-49b7-9107-e3b3e2cbc81b@group-C96D904186EF:LeaderElection14] INFO  server.RaftServerConfigKeys (ConfUtils.java:logGet(43)) - raft.server.log.appender.install.snapshot.enabled = false (custom)
2019-10-09 12:34:12,674 [f3086b94-a975-49b7-9107-e3b3e2cbc81b@group-C96D904186EF:LeaderElection14] INFO  server.RaftServerConfigKeys (ConfUtils.java:logGet(43)) - raft.server.log.appender.snapshot.chunk.size.max = 16MB (=16777216) (default)
2019-10-09 12:34:12,674 [f3086b94-a975-49b7-9107-e3b3e2cbc81b@group-C96D904186EF:LeaderElection14] INFO  server.RaftServerConfigKeys (ConfUtils.java:logGet(43)) - raft.server.log.appender.buffer.byte-limit = 33554432 (custom)
2019-10-09 12:34:12,674 [f3086b94-a975-49b7-9107-e3b3e2cbc81b@group-C96D904186EF:LeaderElection14] INFO  server.RaftServerConfigKeys (ConfUtils.java:logGet(43)) - raft.server.log.appender.buffer.element-limit = 1 (custom)
2019-10-09 12:34:12,675 [f3086b94-a975-49b7-9107-e3b3e2cbc81b@group-C96D904186EF:LeaderElection14] INFO  grpc.GrpcConfigKeys$Server (ConfUtils.java:logGet(43)) - raft.grpc.server.leader.outstanding.appends.max = 128 (default)
2019-10-09 12:34:12,675 [f3086b94-a975-49b7-9107-e3b3e2cbc81b@group-C96D904186EF:LeaderElection14] INFO  server.RaftServerConfigKeys (ConfUtils.java:logGet(43)) - raft.server.rpc.request.timeout = 3000ms (default)
2019-10-09 12:34:12,675 [f3086b94-a975-49b7-9107-e3b3e2cbc81b@group-C96D904186EF:LeaderElection14] INFO  server.RaftServerConfigKeys (ConfUtils.java:logGet(43)) - raft.server.log.appender.install.snapshot.enabled = false (custom)
2019-10-09 12:34:12,676 [f3086b94-a975-49b7-9107-e3b3e2cbc81b@group-C96D904186EF:LeaderElection14] INFO  impl.RoleInfo (RoleInfo.java:updateAndGet(143)) - f3086b94-a975-49b7-9107-e3b3e2cbc81b: start LeaderState
2019-10-09 12:34:12,676 [f3086b94-a975-49b7-9107-e3b3e2cbc81b@group-C96D904186EF:LeaderElection14] INFO  segmented.SegmentedRaftLogWorker (SegmentedRaftLogWorker.java:startLogSegment(380)) - f3086b94-a975-49b7-9107-e3b3e2cbc81b@group-C96D904186EF-SegmentedRaftLogWorker: Starting segment from index:0
2019-10-09 12:34:12,677 [f3086b94-a975-49b7-9107-e3b3e2cbc81b@group-C96D904186EF:LeaderElection14] INFO  impl.RaftServerImpl (ServerState.java:setRaftConf(354)) - f3086b94-a975-49b7-9107-e3b3e2cbc81b@group-C96D904186EF: set configuration 0: [f3086b94-a975-49b7-9107-e3b3e2cbc81b:192.168.30.33:45686, 52d79d12-8dd1-42de-aa00-ce8a3521ad19:192.168.30.33:45595, 15c7087e-3faa-44da-8bcf-ba6d8474606b:192.168.30.33:44188], old=null at 0
2019-10-09 12:34:12,679 [grpc-default-executor-3] INFO  impl.RaftServerImpl (ServerState.java:setLeader(253)) - 15c7087e-3faa-44da-8bcf-ba6d8474606b@group-C96D904186EF: change Leader from null to f3086b94-a975-49b7-9107-e3b3e2cbc81b at term 1 for appendEntries, leader elected after 4526ms
2019-10-09 12:34:12,679 [grpc-default-executor-5] INFO  impl.RaftServerImpl (ServerState.java:setLeader(253)) - 52d79d12-8dd1-42de-aa00-ce8a3521ad19@group-C96D904186EF: change Leader from null to f3086b94-a975-49b7-9107-e3b3e2cbc81b at term 1 for appendEntries, leader elected after 5463ms
2019-10-09 12:34:12,682 [grpc-default-executor-5] INFO  impl.RaftServerImpl (ServerState.java:setRaftConf(354)) - 15c7087e-3faa-44da-8bcf-ba6d8474606b@group-C96D904186EF: set configuration 0: [f3086b94-a975-49b7-9107-e3b3e2cbc81b:192.168.30.33:45686, 52d79d12-8dd1-42de-aa00-ce8a3521ad19:192.168.30.33:45595, 15c7087e-3faa-44da-8bcf-ba6d8474606b:192.168.30.33:44188], old=null at 0
2019-10-09 12:34:12,682 [grpc-default-executor-3] INFO  impl.RaftServerImpl (ServerState.java:setRaftConf(354)) - 52d79d12-8dd1-42de-aa00-ce8a3521ad19@group-C96D904186EF: set configuration 0: [f3086b94-a975-49b7-9107-e3b3e2cbc81b:192.168.30.33:45686, 52d79d12-8dd1-42de-aa00-ce8a3521ad19:192.168.30.33:45595, 15c7087e-3faa-44da-8bcf-ba6d8474606b:192.168.30.33:44188], old=null at 0
2019-10-09 12:34:12,682 [grpc-default-executor-5] INFO  segmented.SegmentedRaftLogWorker (SegmentedRaftLogWorker.java:startLogSegment(380)) - 15c7087e-3faa-44da-8bcf-ba6d8474606b@group-C96D904186EF-SegmentedRaftLogWorker: Starting segment from index:0
2019-10-09 12:34:12,682 [grpc-default-executor-3] INFO  segmented.SegmentedRaftLogWorker (SegmentedRaftLogWorker.java:startLogSegment(380)) - 52d79d12-8dd1-42de-aa00-ce8a3521ad19@group-C96D904186EF-SegmentedRaftLogWorker: Starting segment from index:0
2019-10-09 12:34:12,709 [f3086b94-a975-49b7-9107-e3b3e2cbc81b@group-C96D904186EF-SegmentedRaftLogWorker] INFO  segmented.SegmentedRaftLogWorker (SegmentedRaftLogWorker.java:execute(569)) - f3086b94-a975-49b7-9107-e3b3e2cbc81b@group-C96D904186EF-SegmentedRaftLogWorker: created new log segment /workdir/hadoop-ozone/tools/target/test-dir/MiniOzoneClusterImpl-522442ce-d41d-477e-af44-0bafda54b9fa/datanode-1/data/ratis/e444bdce-a7f9-42e7-a7a7-c96d904186ef/current/log_inprogress_0
2019-10-09 12:34:12,723 [15c7087e-3faa-44da-8bcf-ba6d8474606b@group-C96D904186EF-SegmentedRaftLogWorker] INFO  segmented.SegmentedRaftLogWorker (SegmentedRaftLogWorker.java:execute(569)) - 15c7087e-3faa-44da-8bcf-ba6d8474606b@group-C96D904186EF-SegmentedRaftLogWorker: created new log segment /workdir/hadoop-ozone/tools/target/test-dir/MiniOzoneClusterImpl-522442ce-d41d-477e-af44-0bafda54b9fa/datanode-0/data/ratis/e444bdce-a7f9-42e7-a7a7-c96d904186ef/current/log_inprogress_0
2019-10-09 12:34:12,723 [52d79d12-8dd1-42de-aa00-ce8a3521ad19@group-C96D904186EF-SegmentedRaftLogWorker] INFO  segmented.SegmentedRaftLogWorker (SegmentedRaftLogWorker.java:execute(569)) - 52d79d12-8dd1-42de-aa00-ce8a3521ad19@group-C96D904186EF-SegmentedRaftLogWorker: created new log segment /workdir/hadoop-ozone/tools/target/test-dir/MiniOzoneClusterImpl-522442ce-d41d-477e-af44-0bafda54b9fa/datanode-2/data/ratis/e444bdce-a7f9-42e7-a7a7-c96d904186ef/current/log_inprogress_0
]]></system-out>
    <system-err><![CDATA[ERROR StatusLogger No Log4j 2 configuration file found. Using default configuration (logging only errors to the console), or user programmatically provided configurations. Set system property 'log4j2.debug' to show Log4j 2 internal initialization logging. See https://logging.apache.org/log4j/2.x/manual/configuration.html for instructions on how to configure Log4j 2
]]></system-err>
  </testcase>
</testsuite>